<?xml version="1.0" encoding="UTF-8"?>
<testsuite xmlns:xsi="http://www.w3.org/2001/XMLSchema-instance" xsi:noNamespaceSchemaLocation="https://maven.apache.org/surefire/maven-surefire-plugin/xsd/surefire-test-report.xsd" version="3.0.2" name="org.apache.hadoop.ozone.client.rpc.TestContainerStateMachineFailures" time="134.242" tests="6" errors="0" skipped="0" failures="1">
  <properties>
    <property name="java.specification.version" value="21"/>
    <property name="sun.jnu.encoding" value="UTF-8"/>
    <property name="java.class.path" value="/home/runner/work/ozone/ozone/hadoop-ozone/integration-test/target/test-classes:/home/runner/work/ozone/ozone/hadoop-ozone/integration-test/target/classes:/home/runner/.m2/repository/ch/qos/reload4j/reload4j/1.2.26/reload4j-1.2.26.jar:/home/runner/.m2/repository/com/fasterxml/jackson/core/jackson-core/2.16.2/jackson-core-2.16.2.jar:/home/runner/.m2/repository/com/fasterxml/jackson/core/jackson-databind/2.16.2/jackson-databind-2.16.2.jar:/home/runner/.m2/repository/com/fasterxml/jackson/core/jackson-annotations/2.16.2/jackson-annotations-2.16.2.jar:/home/runner/.m2/repository/com/github/stephenc/jcip/jcip-annotations/1.0-1/jcip-annotations-1.0-1.jar:/home/runner/.m2/repository/com/google/guava/guava/32.1.3-jre/guava-32.1.3-jre.jar:/home/runner/.m2/repository/com/google/guava/failureaccess/1.0.1/failureaccess-1.0.1.jar:/home/runner/.m2/repository/com/google/guava/listenablefuture/9999.0-empty-to-avoid-conflict-with-guava/listenablefuture-9999.0-empty-to-avoid-conflict-with-guava.jar:/home/runner/.m2/repository/org/checkerframework/checker-qual/3.37.0/checker-qual-3.37.0.jar:/home/runner/.m2/repository/com/google/errorprone/error_prone_annotations/2.29.2/error_prone_annotations-2.29.2.jar:/home/runner/.m2/repository/com/google/j2objc/j2objc-annotations/2.8/j2objc-annotations-2.8.jar:/home/runner/.m2/repository/com/google/protobuf/protobuf-java/2.5.0/protobuf-java-2.5.0.jar:/home/runner/.m2/repository/com/squareup/okhttp3/okhttp/4.12.0/okhttp-4.12.0.jar:/home/runner/.m2/repository/com/squareup/okio/okio/3.6.0/okio-3.6.0.jar:/home/runner/.m2/repository/com/squareup/okio/okio-jvm/3.6.0/okio-jvm-3.6.0.jar:/home/runner/.m2/repository/org/jetbrains/kotlin/kotlin-stdlib-common/1.9.25/kotlin-stdlib-common-1.9.25.jar:/home/runner/.m2/repository/org/jetbrains/kotlin/kotlin-stdlib-jdk8/1.9.25/kotlin-stdlib-jdk8-1.9.25.jar:/home/runner/.m2/repository/org/jetbrains/kotlin/kotlin-stdlib/1.9.25/kotlin-stdlib-1.9.25.jar:/home/runner/.m2/repository/org/jetbrains/annotations/13.0/annotations-13.0.jar:/home/runner/.m2/repository/org/jetbrains/kotlin/kotlin-stdlib-jdk7/1.9.25/kotlin-stdlib-jdk7-1.9.25.jar:/home/runner/.m2/repository/commons-codec/commons-codec/1.18.0/commons-codec-1.18.0.jar:/home/runner/.m2/repository/commons-io/commons-io/2.18.0/commons-io-2.18.0.jar:/home/runner/.m2/repository/commons-validator/commons-validator/1.6/commons-validator-1.6.jar:/home/runner/.m2/repository/commons-beanutils/commons-beanutils/1.11.0/commons-beanutils-1.11.0.jar:/home/runner/.m2/repository/commons-digester/commons-digester/1.8.1/commons-digester-1.8.1.jar:/home/runner/.m2/repository/commons-collections/commons-collections/3.2.2/commons-collections-3.2.2.jar:/home/runner/.m2/repository/info/picocli/picocli/4.7.7/picocli-4.7.7.jar:/home/runner/.m2/repository/jakarta/annotation/jakarta.annotation-api/2.1.1/jakarta.annotation-api-2.1.1.jar:/home/runner/.m2/repository/jakarta/xml/bind/jakarta.xml.bind-api/2.3.3/jakarta.xml.bind-api-2.3.3.jar:/home/runner/.m2/repository/jakarta/activation/jakarta.activation-api/1.2.2/jakarta.activation-api-1.2.2.jar:/home/runner/.m2/repository/javax/servlet/javax.servlet-api/3.1.0/javax.servlet-api-3.1.0.jar:/home/runner/.m2/repository/javax/ws/rs/jsr311-api/1.1.1/jsr311-api-1.1.1.jar:/home/runner/.m2/repository/org/apache/commons/commons-compress/1.27.1/commons-compress-1.27.1.jar:/home/runner/.m2/repository/org/apache/commons/commons-lang3/3.17.0/commons-lang3-3.17.0.jar:/home/runner/.m2/repository/org/apache/commons/commons-text/1.13.1/commons-text-1.13.1.jar:/home/runner/.m2/repository/org/apache/hadoop/hadoop-auth/3.4.1/hadoop-auth-3.4.1.jar:/home/runner/.m2/repository/com/nimbusds/nimbus-jose-jwt/9.40/nimbus-jose-jwt-9.40.jar:/home/runner/.m2/repository/io/dropwizard/metrics/metrics-core/3.2.6/metrics-core-3.2.6.jar:/home/runner/.m2/repository/org/apache/kerby/kerb-core/1.0.1/kerb-core-1.0.1.jar:/home/runner/.m2/repository/org/apache/kerby/kerby-pkix/1.0.1/kerby-pkix-1.0.1.jar:/home/runner/.m2/repository/org/apache/kerby/kerby-asn1/1.0.1/kerby-asn1-1.0.1.jar:/home/runner/.m2/repository/org/apache/kerby/kerb-util/1.0.1/kerb-util-1.0.1.jar:/home/runner/.m2/repository/org/apache/kerby/kerby-config/1.0.1/kerby-config-1.0.1.jar:/home/runner/.m2/repository/org/apache/kerby/kerb-crypto/1.0.1/kerb-crypto-1.0.1.jar:/home/runner/.m2/repository/org/apache/hadoop/thirdparty/hadoop-shaded-guava/1.3.0/hadoop-shaded-guava-1.3.0.jar:/home/runner/.m2/repository/org/apache/hadoop/hadoop-common/3.4.1/hadoop-common-3.4.1.jar:/home/runner/.m2/repository/org/apache/hadoop/thirdparty/hadoop-shaded-protobuf_3_25/1.4.0/hadoop-shaded-protobuf_3_25-1.4.0.jar:/home/runner/.m2/repository/org/apache/hadoop/hadoop-annotations/3.4.1/hadoop-annotations-3.4.1.jar:/home/runner/.m2/repository/commons-cli/commons-cli/1.8.0/commons-cli-1.8.0.jar:/home/runner/.m2/repository/commons-net/commons-net/3.11.1/commons-net-3.11.1.jar:/home/runner/.m2/repository/org/eclipse/jetty/jetty-server/9.4.57.v20241219/jetty-server-9.4.57.v20241219.jar:/home/runner/.m2/repository/org/eclipse/jetty/jetty-io/9.4.57.v20241219/jetty-io-9.4.57.v20241219.jar:/home/runner/.m2/repository/org/eclipse/jetty/jetty-util/9.4.57.v20241219/jetty-util-9.4.57.v20241219.jar:/home/runner/.m2/repository/org/eclipse/jetty/jetty-servlet/9.4.57.v20241219/jetty-servlet-9.4.57.v20241219.jar:/home/runner/.m2/repository/org/eclipse/jetty/jetty-security/9.4.57.v20241219/jetty-security-9.4.57.v20241219.jar:/home/runner/.m2/repository/org/eclipse/jetty/jetty-webapp/9.4.57.v20241219/jetty-webapp-9.4.57.v20241219.jar:/home/runner/.m2/repository/org/eclipse/jetty/jetty-xml/9.4.57.v20241219/jetty-xml-9.4.57.v20241219.jar:/home/runner/.m2/repository/javax/servlet/jsp/jsp-api/2.1/jsp-api-2.1.jar:/home/runner/.m2/repository/org/codehaus/jettison/jettison/1.5.4/jettison-1.5.4.jar:/home/runner/.m2/repository/org/apache/commons/commons-configuration2/2.12.0/commons-configuration2-2.12.0.jar:/home/runner/.m2/repository/com/google/re2j/re2j/1.7/re2j-1.7.jar:/home/runner/.m2/repository/com/google/code/gson/gson/2.10.1/gson-2.10.1.jar:/home/runner/.m2/repository/com/jcraft/jsch/0.1.55/jsch-0.1.55.jar:/home/runner/.m2/repository/io/netty/netty-handler/4.1.119.Final/netty-handler-4.1.119.Final.jar:/home/runner/.m2/repository/io/netty/netty-resolver/4.1.119.Final/netty-resolver-4.1.119.Final.jar:/home/runner/.m2/repository/io/netty/netty-transport-native-epoll/4.1.119.Final/netty-transport-native-epoll-4.1.119.Final.jar:/home/runner/.m2/repository/org/bouncycastle/bcprov-jdk18on/1.81/bcprov-jdk18on-1.81.jar:/home/runner/.m2/repository/org/codehaus/woodstox/stax2-api/4.2.1/stax2-api-4.2.1.jar:/home/runner/.m2/repository/com/fasterxml/woodstox/woodstox-core/5.4.0/woodstox-core-5.4.0.jar:/home/runner/.m2/repository/dnsjava/dnsjava/3.6.1/dnsjava-3.6.1.jar:/home/runner/.m2/repository/org/apache/hadoop/hadoop-common/3.4.1/hadoop-common-3.4.1-tests.jar:/home/runner/.m2/repository/org/apache/commons/commons-math3/3.6.1/commons-math3-3.6.1.jar:/home/runner/.m2/repository/com/sun/jersey/jersey-core/1.19.4/jersey-core-1.19.4.jar:/home/runner/.m2/repository/com/sun/jersey/jersey-servlet/1.19.4/jersey-servlet-1.19.4.jar:/home/runner/.m2/repository/com/github/pjfanning/jersey-json/1.22.0/jersey-json-1.22.0.jar:/home/runner/.m2/repository/com/sun/xml/bind/jaxb-impl/2.2.3-1/jaxb-impl-2.2.3-1.jar:/home/runner/.m2/repository/com/sun/jersey/jersey-server/1.19.4/jersey-server-1.19.4.jar:/home/runner/.m2/repository/org/slf4j/slf4j-reload4j/2.0.17/slf4j-reload4j-2.0.17.jar:/home/runner/.m2/repository/org/apache/avro/avro/1.9.2/avro-1.9.2.jar:/home/runner/.m2/repository/org/apache/curator/curator-client/4.2.0/curator-client-4.2.0.jar:/home/runner/.m2/repository/org/apache/curator/curator-recipes/5.2.0/curator-recipes-5.2.0.jar:/home/runner/.m2/repository/org/apache/curator/curator-framework/4.2.0/curator-framework-4.2.0.jar:/home/runner/.m2/repository/com/google/code/findbugs/jsr305/3.0.2/jsr305-3.0.2.jar:/home/runner/.m2/repository/org/apache/zookeeper/zookeeper/3.8.4/zookeeper-3.8.4.jar:/home/runner/.m2/repository/org/apache/zookeeper/zookeeper-jute/3.8.4/zookeeper-jute-3.8.4.jar:/home/runner/.m2/repository/org/apache/yetus/audience-annotations/0.12.0/audience-annotations-0.12.0.jar:/home/runner/.m2/repository/org/xerial/snappy/snappy-java/1.1.10.7/snappy-java-1.1.10.7.jar:/home/runner/.m2/repository/org/apache/hadoop/hadoop-distcp/3.4.1/hadoop-distcp-3.4.1.jar:/home/runner/.m2/repository/org/apache/hadoop/hadoop-distcp/3.4.1/hadoop-distcp-3.4.1-tests.jar:/home/runner/.m2/repository/org/apache/hadoop/hadoop-hdfs/3.4.1/hadoop-hdfs-3.4.1.jar:/home/runner/.m2/repository/org/eclipse/jetty/jetty-util-ajax/9.4.57.v20241219/jetty-util-ajax-9.4.57.v20241219.jar:/home/runner/.m2/repository/commons-daemon/commons-daemon/1.4.0/commons-daemon-1.4.0.jar:/home/runner/.m2/repository/org/apache/hadoop/hadoop-hdfs/3.4.1/hadoop-hdfs-3.4.1-tests.jar:/home/runner/.m2/repository/io/netty/netty-all/4.1.119.Final/netty-all-4.1.119.Final.jar:/home/runner/.m2/repository/io/netty/netty-codec-dns/4.1.119.Final/netty-codec-dns-4.1.119.Final.jar:/home/runner/.m2/repository/io/netty/netty-codec-haproxy/4.1.119.Final/netty-codec-haproxy-4.1.119.Final.jar:/home/runner/.m2/repository/io/netty/netty-codec-http/4.1.119.Final/netty-codec-http-4.1.119.Final.jar:/home/runner/.m2/repository/io/netty/netty-codec-memcache/4.1.119.Final/netty-codec-memcache-4.1.119.Final.jar:/home/runner/.m2/repository/io/netty/netty-codec-mqtt/4.1.119.Final/netty-codec-mqtt-4.1.119.Final.jar:/home/runner/.m2/repository/io/netty/netty-codec-redis/4.1.119.Final/netty-codec-redis-4.1.119.Final.jar:/home/runner/.m2/repository/io/netty/netty-codec-smtp/4.1.119.Final/netty-codec-smtp-4.1.119.Final.jar:/home/runner/.m2/repository/io/netty/netty-codec-socks/4.1.119.Final/netty-codec-socks-4.1.119.Final.jar:/home/runner/.m2/repository/io/netty/netty-codec-stomp/4.1.119.Final/netty-codec-stomp-4.1.119.Final.jar:/home/runner/.m2/repository/io/netty/netty-codec-xml/4.1.119.Final/netty-codec-xml-4.1.119.Final.jar:/home/runner/.m2/repository/io/netty/netty-handler-ssl-ocsp/4.1.119.Final/netty-handler-ssl-ocsp-4.1.119.Final.jar:/home/runner/.m2/repository/io/netty/netty-resolver-dns/4.1.119.Final/netty-resolver-dns-4.1.119.Final.jar:/home/runner/.m2/repository/io/netty/netty-transport-rxtx/4.1.119.Final/netty-transport-rxtx-4.1.119.Final.jar:/home/runner/.m2/repository/io/netty/netty-transport-sctp/4.1.119.Final/netty-transport-sctp-4.1.119.Final.jar:/home/runner/.m2/repository/io/netty/netty-transport-udt/4.1.119.Final/netty-transport-udt-4.1.119.Final.jar:/home/runner/.m2/repository/io/netty/netty-transport-classes-kqueue/4.1.119.Final/netty-transport-classes-kqueue-4.1.119.Final.jar:/home/runner/.m2/repository/io/netty/netty-resolver-dns-classes-macos/4.1.119.Final/netty-resolver-dns-classes-macos-4.1.119.Final.jar:/home/runner/.m2/repository/io/netty/netty-transport-native-epoll/4.1.119.Final/netty-transport-native-epoll-4.1.119.Final-linux-aarch_64.jar:/home/runner/.m2/repository/io/netty/netty-transport-native-epoll/4.1.119.Final/netty-transport-native-epoll-4.1.119.Final-linux-riscv64.jar:/home/runner/.m2/repository/io/netty/netty-transport-native-kqueue/4.1.119.Final/netty-transport-native-kqueue-4.1.119.Final-osx-x86_64.jar:/home/runner/.m2/repository/io/netty/netty-transport-native-kqueue/4.1.119.Final/netty-transport-native-kqueue-4.1.119.Final-osx-aarch_64.jar:/home/runner/.m2/repository/io/netty/netty-resolver-dns-native-macos/4.1.119.Final/netty-resolver-dns-native-macos-4.1.119.Final-osx-x86_64.jar:/home/runner/.m2/repository/io/netty/netty-resolver-dns-native-macos/4.1.119.Final/netty-resolver-dns-native-macos-4.1.119.Final-osx-aarch_64.jar:/home/runner/.m2/repository/org/fusesource/leveldbjni/leveldbjni-all/1.8/leveldbjni-all-1.8.jar:/home/runner/.m2/repository/org/apache/hadoop/hadoop-hdfs-client/3.4.1/hadoop-hdfs-client-3.4.1.jar:/home/runner/.m2/repository/org/apache/hadoop/hadoop-kms/3.4.1/hadoop-kms-3.4.1.jar:/home/runner/.m2/repository/org/apache/hadoop/hadoop-kms/3.4.1/hadoop-kms-3.4.1-tests.jar:/home/runner/.m2/repository/org/apache/hadoop/hadoop-mapreduce-client-core/3.4.1/hadoop-mapreduce-client-core-3.4.1.jar:/home/runner/.m2/repository/org/apache/hadoop/hadoop-yarn-client/3.4.1/hadoop-yarn-client-3.4.1.jar:/home/runner/.m2/repository/org/eclipse/jetty/websocket/websocket-client/9.4.53.v20231009/websocket-client-9.4.53.v20231009.jar:/home/runner/.m2/repository/org/eclipse/jetty/jetty-client/9.4.57.v20241219/jetty-client-9.4.57.v20241219.jar:/home/runner/.m2/repository/org/eclipse/jetty/websocket/websocket-common/9.4.53.v20231009/websocket-common-9.4.53.v20231009.jar:/home/runner/.m2/repository/org/eclipse/jetty/websocket/websocket-api/9.4.53.v20231009/websocket-api-9.4.53.v20231009.jar:/home/runner/.m2/repository/org/apache/hadoop/hadoop-yarn-api/3.4.1/hadoop-yarn-api-3.4.1.jar:/home/runner/.m2/repository/org/apache/hadoop/hadoop-yarn-common/3.4.1/hadoop-yarn-common-3.4.1.jar:/home/runner/.m2/repository/javax/xml/bind/jaxb-api/2.2.11/jaxb-api-2.2.11.jar:/home/runner/.m2/repository/com/sun/jersey/contribs/jersey-guice/1.19.4/jersey-guice-1.19.4.jar:/home/runner/.m2/repository/com/fasterxml/jackson/module/jackson-module-jaxb-annotations/2.16.2/jackson-module-jaxb-annotations-2.16.2.jar:/home/runner/.m2/repository/com/fasterxml/jackson/jaxrs/jackson-jaxrs-json-provider/2.16.2/jackson-jaxrs-json-provider-2.16.2.jar:/home/runner/.m2/repository/com/google/inject/extensions/guice-servlet/6.0.0/guice-servlet-6.0.0.jar:/home/runner/.m2/repository/org/apache/hadoop/hadoop-mapreduce-client-jobclient/3.4.1/hadoop-mapreduce-client-jobclient-3.4.1.jar:/home/runner/.m2/repository/org/apache/hadoop/hadoop-mapreduce-client-common/3.4.1/hadoop-mapreduce-client-common-3.4.1.jar:/home/runner/.m2/repository/org/apache/hadoop/hadoop-minikdc/3.4.1/hadoop-minikdc-3.4.1.jar:/home/runner/.m2/repository/org/apache/kerby/kerb-simplekdc/2.0.3/kerb-simplekdc-2.0.3.jar:/home/runner/.m2/repository/org/apache/kerby/kerb-client/2.0.3/kerb-client-2.0.3.jar:/home/runner/.m2/repository/org/apache/kerby/kerb-common/2.0.3/kerb-common-2.0.3.jar:/home/runner/.m2/repository/org/apache/kerby/token-provider/2.0.3/token-provider-2.0.3.jar:/home/runner/.m2/repository/org/apache/kerby/kerb-admin/2.0.3/kerb-admin-2.0.3.jar:/home/runner/.m2/repository/org/apache/kerby/kerb-server/2.0.3/kerb-server-2.0.3.jar:/home/runner/.m2/repository/org/apache/kerby/kerb-identity/2.0.3/kerb-identity-2.0.3.jar:/home/runner/.m2/repository/org/apache/kerby/kerby-xdr/2.0.3/kerby-xdr-2.0.3.jar:/home/runner/.m2/repository/junit/junit/4.13.2/junit-4.13.2.jar:/home/runner/.m2/repository/org/hamcrest/hamcrest-core/1.3/hamcrest-core-1.3.jar:/home/runner/.m2/repository/org/apache/httpcomponents/httpclient/4.5.14/httpclient-4.5.14.jar:/home/runner/.m2/repository/org/apache/httpcomponents/httpcore/4.4.16/httpcore-4.4.16.jar:/home/runner/.m2/repository/org/apache/kerby/kerby-util/1.0.1/kerby-util-1.0.1.jar:/home/runner/work/ozone/ozone/hadoop-hdds/client/target/hdds-client-2.1.0-SNAPSHOT.jar:/home/runner/.m2/repository/io/opentracing/opentracing-api/0.33.0/opentracing-api-0.33.0.jar:/home/runner/.m2/repository/io/opentracing/opentracing-util/0.33.0/opentracing-util-0.33.0.jar:/home/runner/.m2/repository/io/opentracing/opentracing-noop/0.33.0/opentracing-noop-0.33.0.jar:/home/runner/work/ozone/ozone/hadoop-hdds/erasurecode/target/hdds-erasurecode-2.1.0-SNAPSHOT.jar:/home/runner/work/ozone/ozone/hadoop-hdds/common/target/hdds-common-2.1.0-SNAPSHOT.jar:/home/runner/.m2/repository/com/fasterxml/jackson/datatype/jackson-datatype-jsr310/2.16.2/jackson-datatype-jsr310-2.16.2.jar:/home/runner/.m2/repository/io/jaegertracing/jaeger-core/1.8.1/jaeger-core-1.8.1.jar:/home/runner/.m2/repository/org/apache/ratis/ratis-netty/3.2.0/ratis-netty-3.2.0.jar:/home/runner/.m2/repository/org/yaml/snakeyaml/2.0/snakeyaml-2.0.jar:/home/runner/.m2/repository/io/jaegertracing/jaeger-client/1.8.1/jaeger-client-1.8.1.jar:/home/runner/.m2/repository/io/jaegertracing/jaeger-thrift/1.8.1/jaeger-thrift-1.8.1.jar:/home/runner/.m2/repository/org/apache/thrift/libthrift/0.15.0/libthrift-0.15.0.jar:/home/runner/.m2/repository/io/jaegertracing/jaeger-tracerresolver/1.8.1/jaeger-tracerresolver-1.8.1.jar:/home/runner/.m2/repository/io/opentracing/contrib/opentracing-tracerresolver/0.1.8/opentracing-tracerresolver-0.1.8.jar:/home/runner/.m2/repository/org/apache/ratis/ratis-metrics-dropwizard3/3.2.0/ratis-metrics-dropwizard3-3.2.0.jar:/home/runner/.m2/repository/org/slf4j/jcl-over-slf4j/2.0.17/jcl-over-slf4j-2.0.17.jar:/home/runner/work/ozone/ozone/hadoop-hdds/common/target/hdds-common-2.1.0-SNAPSHOT-tests.jar:/home/runner/work/ozone/ozone/hadoop-hdds/config/target/hdds-config-2.1.0-SNAPSHOT.jar:/home/runner/work/ozone/ozone/hadoop-hdds/container-service/target/hdds-container-service-2.1.0-SNAPSHOT.jar:/home/runner/.m2/repository/io/netty/netty-buffer/4.1.119.Final/netty-buffer-4.1.119.Final.jar:/home/runner/.m2/repository/io/netty/netty-codec/4.1.119.Final/netty-codec-4.1.119.Final.jar:/home/runner/.m2/repository/io/netty/netty-common/4.1.119.Final/netty-common-4.1.119.Final.jar:/home/runner/.m2/repository/io/netty/netty-transport/4.1.119.Final/netty-transport-4.1.119.Final.jar:/home/runner/.m2/repository/org/apache/logging/log4j/log4j-api/2.25.0/log4j-api-2.25.0.jar:/home/runner/.m2/repository/com/github/luben/zstd-jni/1.5.7-4/zstd-jni-1.5.7-4.jar:/home/runner/.m2/repository/log4j/apache-log4j-extras/1.2.17/apache-log4j-extras-1.2.17.jar:/home/runner/.m2/repository/org/glassfish/jaxb/jaxb-runtime/2.3.9/jaxb-runtime-2.3.9.jar:/home/runner/.m2/repository/org/glassfish/jaxb/txw2/2.3.9/txw2-2.3.9.jar:/home/runner/.m2/repository/com/sun/istack/istack-commons-runtime/3.0.12/istack-commons-runtime-3.0.12.jar:/home/runner/.m2/repository/com/sun/activation/jakarta.activation/1.2.2/jakarta.activation-1.2.2.jar:/home/runner/work/ozone/ozone/hadoop-hdds/container-service/target/hdds-container-service-2.1.0-SNAPSHOT-tests.jar:/home/runner/work/ozone/ozone/hadoop-hdds/interface-admin/target/hdds-interface-admin-2.1.0-SNAPSHOT.jar:/home/runner/work/ozone/ozone/hadoop-hdds/interface-client/target/hdds-interface-client-2.1.0-SNAPSHOT.jar:/home/runner/work/ozone/ozone/hadoop-hdds/interface-server/target/hdds-interface-server-2.1.0-SNAPSHOT.jar:/home/runner/work/ozone/ozone/hadoop-hdds/managed-rocksdb/target/hdds-managed-rocksdb-2.1.0-SNAPSHOT.jar:/home/runner/work/ozone/ozone/hadoop-hdds/rocks-native/target/hdds-rocks-native-2.1.0-SNAPSHOT.jar:/home/runner/work/ozone/ozone/hadoop-hdds/framework/target/hdds-server-framework-2.1.0-SNAPSHOT.jar:/home/runner/.m2/repository/com/github/jnr/jnr-constants/0.10.4/jnr-constants-0.10.4.jar:/home/runner/.m2/repository/com/github/jnr/jnr-posix/3.1.20/jnr-posix-3.1.20.jar:/home/runner/.m2/repository/com/github/jnr/jnr-ffi/2.2.17/jnr-ffi-2.2.17.jar:/home/runner/.m2/repository/com/github/jnr/jffi/1.3.13/jffi-1.3.13.jar:/home/runner/.m2/repository/com/github/jnr/jffi/1.3.13/jffi-1.3.13-native.jar:/home/runner/.m2/repository/org/ow2/asm/asm/9.7.1/asm-9.7.1.jar:/home/runner/.m2/repository/org/ow2/asm/asm-commons/9.7.1/asm-commons-9.7.1.jar:/home/runner/.m2/repository/org/ow2/asm/asm-analysis/9.7.1/asm-analysis-9.7.1.jar:/home/runner/.m2/repository/org/ow2/asm/asm-tree/9.7.1/asm-tree-9.7.1.jar:/home/runner/.m2/repository/org/ow2/asm/asm-util/9.7.1/asm-util-9.7.1.jar:/home/runner/.m2/repository/com/github/jnr/jnr-a64asm/1.0.0/jnr-a64asm-1.0.0.jar:/home/runner/.m2/repository/com/github/jnr/jnr-x86asm/1.0.2/jnr-x86asm-1.0.2.jar:/home/runner/.m2/repository/commons-fileupload/commons-fileupload/1.5/commons-fileupload-1.5.jar:/home/runner/.m2/repository/io/grpc/grpc-api/1.71.0/grpc-api-1.71.0.jar:/home/runner/.m2/repository/io/prometheus/simpleclient/0.16.0/simpleclient-0.16.0.jar:/home/runner/.m2/repository/io/prometheus/simpleclient_common/0.16.0/simpleclient_common-0.16.0.jar:/home/runner/.m2/repository/io/prometheus/simpleclient_dropwizard/0.16.0/simpleclient_dropwizard-0.16.0.jar:/home/runner/.m2/repository/jakarta/ws/rs/jakarta.ws.rs-api/2.1.6/jakarta.ws.rs-api-2.1.6.jar:/home/runner/.m2/repository/org/eclipse/jetty/jetty-http/9.4.57.v20241219/jetty-http-9.4.57.v20241219.jar:/home/runner/.m2/repository/org/glassfish/jersey/containers/jersey-container-servlet-core/2.47/jersey-container-servlet-core-2.47.jar:/home/runner/.m2/repository/org/glassfish/jersey/core/jersey-server/2.47/jersey-server-2.47.jar:/home/runner/.m2/repository/org/glassfish/jersey/core/jersey-client/2.47/jersey-client-2.47.jar:/home/runner/.m2/repository/com/lmax/disruptor/3.4.4/disruptor-3.4.4.jar:/home/runner/.m2/repository/org/apache/logging/log4j/log4j-core/2.25.0/log4j-core-2.25.0.jar:/home/runner/work/ozone/ozone/hadoop-hdds/framework/target/hdds-server-framework-2.1.0-SNAPSHOT-tests.jar:/home/runner/work/ozone/ozone/hadoop-hdds/server-scm/target/hdds-server-scm-2.1.0-SNAPSHOT.jar:/home/runner/work/ozone/ozone/hadoop-hdds/server-scm/target/hdds-server-scm-2.1.0-SNAPSHOT-tests.jar:/home/runner/work/ozone/ozone/hadoop-hdds/test-utils/target/hdds-test-utils-2.1.0-SNAPSHOT-tests.jar:/home/runner/work/ozone/ozone/hadoop-ozone/cli-admin/target/ozone-cli-admin-2.1.0-SNAPSHOT.jar:/home/runner/work/ozone/ozone/hadoop-ozone/cli-shell/target/ozone-cli-shell-2.1.0-SNAPSHOT.jar:/home/runner/.m2/repository/info/picocli/picocli-shell-jline3/4.7.7/picocli-shell-jline3-4.7.7.jar:/home/runner/.m2/repository/org/jline/jline/3.30.4/jline-3.30.4.jar:/home/runner/work/ozone/ozone/hadoop-ozone/client/target/ozone-client-2.1.0-SNAPSHOT.jar:/home/runner/work/ozone/ozone/hadoop-ozone/common/target/ozone-common-2.1.0-SNAPSHOT.jar:/home/runner/.m2/repository/io/grpc/grpc-netty/1.71.0/grpc-netty-1.71.0.jar:/home/runner/.m2/repository/org/codehaus/mojo/animal-sniffer-annotations/1.24/animal-sniffer-annotations-1.24.jar:/home/runner/.m2/repository/io/grpc/grpc-core/1.71.0/grpc-core-1.71.0.jar:/home/runner/.m2/repository/com/google/android/annotations/4.1.1.4/annotations-4.1.1.4.jar:/home/runner/.m2/repository/io/grpc/grpc-context/1.71.0/grpc-context-1.71.0.jar:/home/runner/.m2/repository/io/perfmark/perfmark-api/0.27.0/perfmark-api-0.27.0.jar:/home/runner/.m2/repository/io/grpc/grpc-util/1.71.0/grpc-util-1.71.0.jar:/home/runner/.m2/repository/io/netty/netty-codec-http2/4.1.119.Final/netty-codec-http2-4.1.119.Final.jar:/home/runner/.m2/repository/io/netty/netty-handler-proxy/4.1.119.Final/netty-handler-proxy-4.1.119.Final.jar:/home/runner/.m2/repository/io/netty/netty-tcnative-boringssl-static/2.0.70.Final/netty-tcnative-boringssl-static-2.0.70.Final.jar:/home/runner/.m2/repository/io/netty/netty-tcnative-classes/2.0.70.Final/netty-tcnative-classes-2.0.70.Final.jar:/home/runner/.m2/repository/io/netty/netty-tcnative-boringssl-static/2.0.70.Final/netty-tcnative-boringssl-static-2.0.70.Final-linux-x86_64.jar:/home/runner/.m2/repository/io/netty/netty-tcnative-boringssl-static/2.0.70.Final/netty-tcnative-boringssl-static-2.0.70.Final-linux-aarch_64.jar:/home/runner/.m2/repository/io/netty/netty-tcnative-boringssl-static/2.0.70.Final/netty-tcnative-boringssl-static-2.0.70.Final-osx-x86_64.jar:/home/runner/.m2/repository/io/netty/netty-tcnative-boringssl-static/2.0.70.Final/netty-tcnative-boringssl-static-2.0.70.Final-osx-aarch_64.jar:/home/runner/.m2/repository/io/netty/netty-tcnative-boringssl-static/2.0.70.Final/netty-tcnative-boringssl-static-2.0.70.Final-windows-x86_64.jar:/home/runner/work/ozone/ozone/hadoop-ozone/csi/target/ozone-csi-2.1.0-SNAPSHOT.jar:/home/runner/.m2/repository/io/grpc/grpc-protobuf/1.71.0/grpc-protobuf-1.71.0.jar:/home/runner/.m2/repository/com/google/api/grpc/proto-google-common-protos/2.51.0/proto-google-common-protos-2.51.0.jar:/home/runner/.m2/repository/io/grpc/grpc-protobuf-lite/1.71.0/grpc-protobuf-lite-1.71.0.jar:/home/runner/.m2/repository/io/grpc/grpc-stub/1.71.0/grpc-stub-1.71.0.jar:/home/runner/.m2/repository/io/netty/netty-transport-classes-epoll/4.1.119.Final/netty-transport-classes-epoll-4.1.119.Final.jar:/home/runner/.m2/repository/io/netty/netty-transport-native-unix-common/4.1.119.Final/netty-transport-native-unix-common-4.1.119.Final.jar:/home/runner/.m2/repository/io/netty/netty-transport-native-epoll/4.1.119.Final/netty-transport-native-epoll-4.1.119.Final-linux-x86_64.jar:/home/runner/work/ozone/ozone/hadoop-ozone/ozonefs/target/ozone-filesystem-2.1.0-SNAPSHOT.jar:/home/runner/work/ozone/ozone/hadoop-ozone/ozonefs-common/target/ozone-filesystem-common-2.1.0-SNAPSHOT.jar:/home/runner/work/ozone/ozone/hadoop-ozone/freon/target/ozone-freon-2.1.0-SNAPSHOT.jar:/home/runner/.m2/repository/com/amazonaws/aws-java-sdk-core/1.12.661/aws-java-sdk-core-1.12.661.jar:/home/runner/.m2/repository/com/fasterxml/jackson/dataformat/jackson-dataformat-cbor/2.16.2/jackson-dataformat-cbor-2.16.2.jar:/home/runner/.m2/repository/joda-time/joda-time/2.12.7/joda-time-2.12.7.jar:/home/runner/.m2/repository/com/amazonaws/aws-java-sdk-s3/1.12.661/aws-java-sdk-s3-1.12.661.jar:/home/runner/.m2/repository/com/amazonaws/aws-java-sdk-kms/1.12.661/aws-java-sdk-kms-1.12.661.jar:/home/runner/.m2/repository/com/amazonaws/jmespath-java/1.12.661/jmespath-java-1.12.661.jar:/home/runner/work/ozone/ozone/hadoop-ozone/interface-client/target/ozone-interface-client-2.1.0-SNAPSHOT.jar:/home/runner/work/ozone/ozone/hadoop-ozone/interface-storage/target/ozone-interface-storage-2.1.0-SNAPSHOT.jar:/home/runner/work/ozone/ozone/hadoop-ozone/ozone-manager/target/ozone-manager-2.1.0-SNAPSHOT.jar:/home/runner/.m2/repository/com/sun/jersey/jersey-client/1.19.4/jersey-client-1.19.4.jar:/home/runner/.m2/repository/org/apache/ranger/ranger-plugins-common/2.6.0/ranger-plugins-common-2.6.0.jar:/home/runner/.m2/repository/com/fasterxml/jackson/jaxrs/jackson-jaxrs-base/2.16.2/jackson-jaxrs-base-2.16.2.jar:/home/runner/.m2/repository/com/kstruct/gethostname4j/1.0.0/gethostname4j-1.0.0.jar:/home/runner/.m2/repository/commons-lang/commons-lang/2.6/commons-lang-2.6.jar:/home/runner/.m2/repository/net/java/dev/jna/jna/5.2.0/jna-5.2.0.jar:/home/runner/.m2/repository/net/java/dev/jna/jna-platform/5.2.0/jna-platform-5.2.0.jar:/home/runner/.m2/repository/org/apache/ranger/ranger-plugin-classloader/2.6.0/ranger-plugin-classloader-2.6.0.jar:/home/runner/.m2/repository/org/apache/ranger/ranger-plugins-audit/2.6.0/ranger-plugins-audit-2.6.0.jar:/home/runner/.m2/repository/com/amazonaws/aws-java-sdk-logs/1.12.765/aws-java-sdk-logs-1.12.765.jar:/home/runner/.m2/repository/com/carrotsearch/hppc/0.8.0/hppc-0.8.0.jar:/home/runner/.m2/repository/io/airlift/aircompressor/0.27/aircompressor-0.27.jar:/home/runner/.m2/repository/org/apache/httpcomponents/httpasyncclient/4.1.4/httpasyncclient-4.1.4.jar:/home/runner/.m2/repository/org/apache/httpcomponents/httpcore-nio/4.4.16/httpcore-nio-4.4.16.jar:/home/runner/.m2/repository/org/apache/httpcomponents/httpmime/4.5.13/httpmime-4.5.13.jar:/home/runner/.m2/repository/org/apache/orc/orc-core/1.5.8/orc-core-1.5.8.jar:/home/runner/.m2/repository/org/apache/orc/orc-shims/1.5.8/orc-shims-1.5.8.jar:/home/runner/.m2/repository/org/apache/ranger/ranger-plugins-cred/2.6.0/ranger-plugins-cred-2.6.0.jar:/home/runner/.m2/repository/org/aspectj/aspectjrt/1.9.7/aspectjrt-1.9.7.jar:/home/runner/work/ozone/ozone/hadoop-ozone/ozone-manager/target/ozone-manager-2.1.0-SNAPSHOT-tests.jar:/home/runner/work/ozone/ozone/hadoop-ozone/mini-cluster/target/ozone-mini-cluster-2.1.0-SNAPSHOT.jar:/home/runner/work/ozone/ozone/hadoop-ozone/recon/target/ozone-recon-2.1.0-SNAPSHOT.jar:/home/runner/.m2/repository/aopalliance/aopalliance/1.0/aopalliance-1.0.jar:/home/runner/.m2/repository/com/google/inject/guice/6.0.0/guice-6.0.0.jar:/home/runner/.m2/repository/jakarta/inject/jakarta.inject-api/2.0.1/jakarta.inject-api-2.0.1.jar:/home/runner/.m2/repository/com/jolbox/bonecp/0.8.0.RELEASE/bonecp-0.8.0.RELEASE.jar:/home/runner/.m2/repository/jakarta/validation/jakarta.validation-api/2.0.2/jakarta.validation-api-2.0.2.jar:/home/runner/.m2/repository/javax/annotation/javax.annotation-api/1.3.2/javax.annotation-api-1.3.2.jar:/home/runner/.m2/repository/javax/inject/javax.inject/1/javax.inject-1.jar:/home/runner/.m2/repository/org/apache/derby/derby/10.14.2.0/derby-10.14.2.0.jar:/home/runner/.m2/repository/org/glassfish/hk2/guice-bridge/2.6.1/guice-bridge-2.6.1.jar:/home/runner/.m2/repository/org/glassfish/hk2/hk2-api/2.6.1/hk2-api-2.6.1.jar:/home/runner/.m2/repository/org/glassfish/hk2/hk2-utils/2.6.1/hk2-utils-2.6.1.jar:/home/runner/.m2/repository/org/glassfish/hk2/external/aopalliance-repackaged/2.6.1/aopalliance-repackaged-2.6.1.jar:/home/runner/.m2/repository/org/glassfish/jersey/core/jersey-common/2.47/jersey-common-2.47.jar:/home/runner/.m2/repository/org/glassfish/hk2/osgi-resource-locator/1.0.3/osgi-resource-locator-1.0.3.jar:/home/runner/.m2/repository/org/jooq/jooq/3.11.10/jooq-3.11.10.jar:/home/runner/.m2/repository/org/springframework/spring-core/5.3.39/spring-core-5.3.39.jar:/home/runner/.m2/repository/org/springframework/spring-jdbc/5.3.39/spring-jdbc-5.3.39.jar:/home/runner/.m2/repository/org/springframework/spring-beans/5.3.39/spring-beans-5.3.39.jar:/home/runner/.m2/repository/org/springframework/spring-tx/5.3.39/spring-tx-5.3.39.jar:/home/runner/.m2/repository/org/xerial/sqlite-jdbc/3.50.2.0/sqlite-jdbc-3.50.2.0.jar:/home/runner/.m2/repository/com/google/inject/extensions/guice-assistedinject/6.0.0/guice-assistedinject-6.0.0.jar:/home/runner/.m2/repository/org/glassfish/hk2/external/jakarta.inject/2.6.1/jakarta.inject-2.6.1.jar:/home/runner/.m2/repository/org/glassfish/jersey/inject/jersey-hk2/2.47/jersey-hk2-2.47.jar:/home/runner/.m2/repository/org/glassfish/hk2/hk2-locator/2.6.1/hk2-locator-2.6.1.jar:/home/runner/.m2/repository/org/glassfish/jersey/media/jersey-media-jaxb/2.47/jersey-media-jaxb-2.47.jar:/home/runner/.m2/repository/org/glassfish/jersey/media/jersey-media-json-jackson/2.47/jersey-media-json-jackson-2.47.jar:/home/runner/.m2/repository/org/glassfish/jersey/ext/jersey-entity-filtering/2.47/jersey-entity-filtering-2.47.jar:/home/runner/work/ozone/ozone/hadoop-ozone/recon-codegen/target/ozone-reconcodegen-2.1.0-SNAPSHOT.jar:/home/runner/.m2/repository/org/jooq/jooq-codegen/3.11.10/jooq-codegen-3.11.10.jar:/home/runner/.m2/repository/org/jooq/jooq-meta/3.11.10/jooq-meta-3.11.10.jar:/home/runner/work/ozone/ozone/hadoop-ozone/s3gateway/target/ozone-s3gateway-2.1.0-SNAPSHOT.jar:/home/runner/work/ozone/ozone/hadoop-ozone/tools/target/ozone-tools-2.1.0-SNAPSHOT.jar:/home/runner/.m2/repository/com/github/vlsi/mxgraph/jgraphx/3.9.12/jgraphx-3.9.12.jar:/home/runner/.m2/repository/org/apache/ratis/ratis-shell/3.2.0/ratis-shell-3.2.0.jar:/home/runner/.m2/repository/org/apache/ratis/ratis-tools/3.2.0/ratis-tools-3.2.0.jar:/home/runner/.m2/repository/org/jgrapht/jgrapht-core/1.4.0/jgrapht-core-1.4.0.jar:/home/runner/.m2/repository/org/jheaps/jheaps/0.11/jheaps-0.11.jar:/home/runner/.m2/repository/org/jgrapht/jgrapht-ext/1.4.0/jgrapht-ext-1.4.0.jar:/home/runner/work/ozone/ozone/hadoop-hdds/rocksdb-checkpoint-differ/target/rocksdb-checkpoint-differ-2.1.0-SNAPSHOT.jar:/home/runner/.m2/repository/org/apache/ranger/ranger-intg/2.6.0/ranger-intg-2.6.0.jar:/home/runner/.m2/repository/org/apache/ratis/ratis-client/3.2.0/ratis-client-3.2.0.jar:/home/runner/.m2/repository/org/apache/ratis/ratis-common/3.2.0/ratis-common-3.2.0.jar:/home/runner/.m2/repository/org/apache/ratis/ratis-grpc/3.2.0/ratis-grpc-3.2.0.jar:/home/runner/.m2/repository/org/apache/ratis/ratis-metrics-api/3.2.0/ratis-metrics-api-3.2.0.jar:/home/runner/.m2/repository/org/apache/ratis/ratis-proto/3.2.0/ratis-proto-3.2.0.jar:/home/runner/.m2/repository/org/apache/ratis/ratis-server/3.2.0/ratis-server-3.2.0.jar:/home/runner/.m2/repository/org/apache/ratis/ratis-server-api/3.2.0/ratis-server-api-3.2.0.jar:/home/runner/.m2/repository/org/apache/ratis/ratis-thirdparty-misc/1.0.9/ratis-thirdparty-misc-1.0.9.jar:/home/runner/.m2/repository/org/bouncycastle/bcpkix-jdk18on/1.81/bcpkix-jdk18on-1.81.jar:/home/runner/.m2/repository/org/bouncycastle/bcutil-jdk18on/1.81/bcutil-jdk18on-1.81.jar:/home/runner/.m2/repository/org/hamcrest/hamcrest/2.2/hamcrest-2.2.jar:/home/runner/.m2/repository/org/reflections/reflections/0.10.2/reflections-0.10.2.jar:/home/runner/.m2/repository/org/javassist/javassist/3.30.2-GA/javassist-3.30.2-GA.jar:/home/runner/.m2/repository/org/rocksdb/rocksdbjni/7.7.3/rocksdbjni-7.7.3.jar:/home/runner/.m2/repository/org/slf4j/jul-to-slf4j/2.0.17/jul-to-slf4j-2.0.17.jar:/home/runner/.m2/repository/org/slf4j/slf4j-api/2.0.17/slf4j-api-2.0.17.jar:/home/runner/.m2/repository/org/assertj/assertj-core/3.27.3/assertj-core-3.27.3.jar:/home/runner/.m2/repository/net/bytebuddy/byte-buddy/1.15.11/byte-buddy-1.15.11.jar:/home/runner/.m2/repository/org/junit/jupiter/junit-jupiter-api/5.13.3/junit-jupiter-api-5.13.3.jar:/home/runner/.m2/repository/org/opentest4j/opentest4j/1.3.0/opentest4j-1.3.0.jar:/home/runner/.m2/repository/org/junit/platform/junit-platform-commons/1.13.3/junit-platform-commons-1.13.3.jar:/home/runner/.m2/repository/org/apiguardian/apiguardian-api/1.1.2/apiguardian-api-1.1.2.jar:/home/runner/.m2/repository/org/junit/jupiter/junit-jupiter-params/5.13.3/junit-jupiter-params-5.13.3.jar:/home/runner/.m2/repository/org/mockito/mockito-core/4.11.0/mockito-core-4.11.0.jar:/home/runner/.m2/repository/net/bytebuddy/byte-buddy-agent/1.12.19/byte-buddy-agent-1.12.19.jar:/home/runner/.m2/repository/org/objenesis/objenesis/3.3/objenesis-3.3.jar:/home/runner/.m2/repository/org/mockito/mockito-inline/4.11.0/mockito-inline-4.11.0.jar:/home/runner/.m2/repository/org/mockito/mockito-junit-jupiter/4.11.0/mockito-junit-jupiter-4.11.0.jar:/home/runner/work/ozone/ozone/hadoop-ozone/integration-test/target/gradle-enterprise/test-listeners.jar:"/>
    <property name="java.vm.vendor" value="Eclipse Adoptium"/>
    <property name="sun.arch.data.model" value="64"/>
    <property name="test.build.dir" value="/home/runner/work/ozone/ozone/hadoop-ozone/integration-test/target/test-dir"/>
    <property name="test.cache.data" value=""/>
    <property name="java.vendor.url" value="https://adoptium.net/"/>
    <property name="user.timezone" value="Etc/UTC"/>
    <property name="maven-surefire-plugin.argLineAccessArgs" value=" --add-opens java.management/com.sun.jmx.mbeanserver=ALL-UNNAMED --add-exports java.management/com.sun.jmx.mbeanserver=ALL-UNNAMED --add-opens java.base/java.nio=ALL-UNNAMED --add-opens java.base/java.lang=ALL-UNNAMED --add-opens java.base/java.lang.reflect=ALL-UNNAMED"/>
    <property name="os.name" value="Linux"/>
    <property name="java.vm.specification.version" value="21"/>
    <property name="test.build.data" value="/home/runner/work/ozone/ozone/hadoop-ozone/integration-test/target/test-dir"/>
    <property name="sun.java.launcher" value="SUN_STANDARD"/>
    <property name="sun.boot.library.path" value="/usr/lib/jvm/temurin-21-jdk-amd64/lib"/>
    <property name="sun.java.command" value="/home/runner/work/ozone/ozone/hadoop-ozone/integration-test/target/surefire/surefirebooter-20250715193802693_154.jar /home/runner/work/ozone/ozone/hadoop-ozone/integration-test/target/surefire 2025-07-15T19-33-51_868-jvmRun1 surefire-20250715193802693_152tmp surefire_24-20250715193802693_153tmp"/>
    <property name="jdk.debug" value="release"/>
    <property name="native.lib.tmp.dir" value="/tmp"/>
    <property name="surefire.test.class.path" value="/home/runner/work/ozone/ozone/hadoop-ozone/integration-test/target/test-classes:/home/runner/work/ozone/ozone/hadoop-ozone/integration-test/target/classes:/home/runner/.m2/repository/ch/qos/reload4j/reload4j/1.2.26/reload4j-1.2.26.jar:/home/runner/.m2/repository/com/fasterxml/jackson/core/jackson-core/2.16.2/jackson-core-2.16.2.jar:/home/runner/.m2/repository/com/fasterxml/jackson/core/jackson-databind/2.16.2/jackson-databind-2.16.2.jar:/home/runner/.m2/repository/com/fasterxml/jackson/core/jackson-annotations/2.16.2/jackson-annotations-2.16.2.jar:/home/runner/.m2/repository/com/github/stephenc/jcip/jcip-annotations/1.0-1/jcip-annotations-1.0-1.jar:/home/runner/.m2/repository/com/google/guava/guava/32.1.3-jre/guava-32.1.3-jre.jar:/home/runner/.m2/repository/com/google/guava/failureaccess/1.0.1/failureaccess-1.0.1.jar:/home/runner/.m2/repository/com/google/guava/listenablefuture/9999.0-empty-to-avoid-conflict-with-guava/listenablefuture-9999.0-empty-to-avoid-conflict-with-guava.jar:/home/runner/.m2/repository/org/checkerframework/checker-qual/3.37.0/checker-qual-3.37.0.jar:/home/runner/.m2/repository/com/google/errorprone/error_prone_annotations/2.29.2/error_prone_annotations-2.29.2.jar:/home/runner/.m2/repository/com/google/j2objc/j2objc-annotations/2.8/j2objc-annotations-2.8.jar:/home/runner/.m2/repository/com/google/protobuf/protobuf-java/2.5.0/protobuf-java-2.5.0.jar:/home/runner/.m2/repository/com/squareup/okhttp3/okhttp/4.12.0/okhttp-4.12.0.jar:/home/runner/.m2/repository/com/squareup/okio/okio/3.6.0/okio-3.6.0.jar:/home/runner/.m2/repository/com/squareup/okio/okio-jvm/3.6.0/okio-jvm-3.6.0.jar:/home/runner/.m2/repository/org/jetbrains/kotlin/kotlin-stdlib-common/1.9.25/kotlin-stdlib-common-1.9.25.jar:/home/runner/.m2/repository/org/jetbrains/kotlin/kotlin-stdlib-jdk8/1.9.25/kotlin-stdlib-jdk8-1.9.25.jar:/home/runner/.m2/repository/org/jetbrains/kotlin/kotlin-stdlib/1.9.25/kotlin-stdlib-1.9.25.jar:/home/runner/.m2/repository/org/jetbrains/annotations/13.0/annotations-13.0.jar:/home/runner/.m2/repository/org/jetbrains/kotlin/kotlin-stdlib-jdk7/1.9.25/kotlin-stdlib-jdk7-1.9.25.jar:/home/runner/.m2/repository/commons-codec/commons-codec/1.18.0/commons-codec-1.18.0.jar:/home/runner/.m2/repository/commons-io/commons-io/2.18.0/commons-io-2.18.0.jar:/home/runner/.m2/repository/commons-validator/commons-validator/1.6/commons-validator-1.6.jar:/home/runner/.m2/repository/commons-beanutils/commons-beanutils/1.11.0/commons-beanutils-1.11.0.jar:/home/runner/.m2/repository/commons-digester/commons-digester/1.8.1/commons-digester-1.8.1.jar:/home/runner/.m2/repository/commons-collections/commons-collections/3.2.2/commons-collections-3.2.2.jar:/home/runner/.m2/repository/info/picocli/picocli/4.7.7/picocli-4.7.7.jar:/home/runner/.m2/repository/jakarta/annotation/jakarta.annotation-api/2.1.1/jakarta.annotation-api-2.1.1.jar:/home/runner/.m2/repository/jakarta/xml/bind/jakarta.xml.bind-api/2.3.3/jakarta.xml.bind-api-2.3.3.jar:/home/runner/.m2/repository/jakarta/activation/jakarta.activation-api/1.2.2/jakarta.activation-api-1.2.2.jar:/home/runner/.m2/repository/javax/servlet/javax.servlet-api/3.1.0/javax.servlet-api-3.1.0.jar:/home/runner/.m2/repository/javax/ws/rs/jsr311-api/1.1.1/jsr311-api-1.1.1.jar:/home/runner/.m2/repository/org/apache/commons/commons-compress/1.27.1/commons-compress-1.27.1.jar:/home/runner/.m2/repository/org/apache/commons/commons-lang3/3.17.0/commons-lang3-3.17.0.jar:/home/runner/.m2/repository/org/apache/commons/commons-text/1.13.1/commons-text-1.13.1.jar:/home/runner/.m2/repository/org/apache/hadoop/hadoop-auth/3.4.1/hadoop-auth-3.4.1.jar:/home/runner/.m2/repository/com/nimbusds/nimbus-jose-jwt/9.40/nimbus-jose-jwt-9.40.jar:/home/runner/.m2/repository/io/dropwizard/metrics/metrics-core/3.2.6/metrics-core-3.2.6.jar:/home/runner/.m2/repository/org/apache/kerby/kerb-core/1.0.1/kerb-core-1.0.1.jar:/home/runner/.m2/repository/org/apache/kerby/kerby-pkix/1.0.1/kerby-pkix-1.0.1.jar:/home/runner/.m2/repository/org/apache/kerby/kerby-asn1/1.0.1/kerby-asn1-1.0.1.jar:/home/runner/.m2/repository/org/apache/kerby/kerb-util/1.0.1/kerb-util-1.0.1.jar:/home/runner/.m2/repository/org/apache/kerby/kerby-config/1.0.1/kerby-config-1.0.1.jar:/home/runner/.m2/repository/org/apache/kerby/kerb-crypto/1.0.1/kerb-crypto-1.0.1.jar:/home/runner/.m2/repository/org/apache/hadoop/thirdparty/hadoop-shaded-guava/1.3.0/hadoop-shaded-guava-1.3.0.jar:/home/runner/.m2/repository/org/apache/hadoop/hadoop-common/3.4.1/hadoop-common-3.4.1.jar:/home/runner/.m2/repository/org/apache/hadoop/thirdparty/hadoop-shaded-protobuf_3_25/1.4.0/hadoop-shaded-protobuf_3_25-1.4.0.jar:/home/runner/.m2/repository/org/apache/hadoop/hadoop-annotations/3.4.1/hadoop-annotations-3.4.1.jar:/home/runner/.m2/repository/commons-cli/commons-cli/1.8.0/commons-cli-1.8.0.jar:/home/runner/.m2/repository/commons-net/commons-net/3.11.1/commons-net-3.11.1.jar:/home/runner/.m2/repository/org/eclipse/jetty/jetty-server/9.4.57.v20241219/jetty-server-9.4.57.v20241219.jar:/home/runner/.m2/repository/org/eclipse/jetty/jetty-io/9.4.57.v20241219/jetty-io-9.4.57.v20241219.jar:/home/runner/.m2/repository/org/eclipse/jetty/jetty-util/9.4.57.v20241219/jetty-util-9.4.57.v20241219.jar:/home/runner/.m2/repository/org/eclipse/jetty/jetty-servlet/9.4.57.v20241219/jetty-servlet-9.4.57.v20241219.jar:/home/runner/.m2/repository/org/eclipse/jetty/jetty-security/9.4.57.v20241219/jetty-security-9.4.57.v20241219.jar:/home/runner/.m2/repository/org/eclipse/jetty/jetty-webapp/9.4.57.v20241219/jetty-webapp-9.4.57.v20241219.jar:/home/runner/.m2/repository/org/eclipse/jetty/jetty-xml/9.4.57.v20241219/jetty-xml-9.4.57.v20241219.jar:/home/runner/.m2/repository/javax/servlet/jsp/jsp-api/2.1/jsp-api-2.1.jar:/home/runner/.m2/repository/org/codehaus/jettison/jettison/1.5.4/jettison-1.5.4.jar:/home/runner/.m2/repository/org/apache/commons/commons-configuration2/2.12.0/commons-configuration2-2.12.0.jar:/home/runner/.m2/repository/com/google/re2j/re2j/1.7/re2j-1.7.jar:/home/runner/.m2/repository/com/google/code/gson/gson/2.10.1/gson-2.10.1.jar:/home/runner/.m2/repository/com/jcraft/jsch/0.1.55/jsch-0.1.55.jar:/home/runner/.m2/repository/io/netty/netty-handler/4.1.119.Final/netty-handler-4.1.119.Final.jar:/home/runner/.m2/repository/io/netty/netty-resolver/4.1.119.Final/netty-resolver-4.1.119.Final.jar:/home/runner/.m2/repository/io/netty/netty-transport-native-epoll/4.1.119.Final/netty-transport-native-epoll-4.1.119.Final.jar:/home/runner/.m2/repository/org/bouncycastle/bcprov-jdk18on/1.81/bcprov-jdk18on-1.81.jar:/home/runner/.m2/repository/org/codehaus/woodstox/stax2-api/4.2.1/stax2-api-4.2.1.jar:/home/runner/.m2/repository/com/fasterxml/woodstox/woodstox-core/5.4.0/woodstox-core-5.4.0.jar:/home/runner/.m2/repository/dnsjava/dnsjava/3.6.1/dnsjava-3.6.1.jar:/home/runner/.m2/repository/org/apache/hadoop/hadoop-common/3.4.1/hadoop-common-3.4.1-tests.jar:/home/runner/.m2/repository/org/apache/commons/commons-math3/3.6.1/commons-math3-3.6.1.jar:/home/runner/.m2/repository/com/sun/jersey/jersey-core/1.19.4/jersey-core-1.19.4.jar:/home/runner/.m2/repository/com/sun/jersey/jersey-servlet/1.19.4/jersey-servlet-1.19.4.jar:/home/runner/.m2/repository/com/github/pjfanning/jersey-json/1.22.0/jersey-json-1.22.0.jar:/home/runner/.m2/repository/com/sun/xml/bind/jaxb-impl/2.2.3-1/jaxb-impl-2.2.3-1.jar:/home/runner/.m2/repository/com/sun/jersey/jersey-server/1.19.4/jersey-server-1.19.4.jar:/home/runner/.m2/repository/org/slf4j/slf4j-reload4j/2.0.17/slf4j-reload4j-2.0.17.jar:/home/runner/.m2/repository/org/apache/avro/avro/1.9.2/avro-1.9.2.jar:/home/runner/.m2/repository/org/apache/curator/curator-client/4.2.0/curator-client-4.2.0.jar:/home/runner/.m2/repository/org/apache/curator/curator-recipes/5.2.0/curator-recipes-5.2.0.jar:/home/runner/.m2/repository/org/apache/curator/curator-framework/4.2.0/curator-framework-4.2.0.jar:/home/runner/.m2/repository/com/google/code/findbugs/jsr305/3.0.2/jsr305-3.0.2.jar:/home/runner/.m2/repository/org/apache/zookeeper/zookeeper/3.8.4/zookeeper-3.8.4.jar:/home/runner/.m2/repository/org/apache/zookeeper/zookeeper-jute/3.8.4/zookeeper-jute-3.8.4.jar:/home/runner/.m2/repository/org/apache/yetus/audience-annotations/0.12.0/audience-annotations-0.12.0.jar:/home/runner/.m2/repository/org/xerial/snappy/snappy-java/1.1.10.7/snappy-java-1.1.10.7.jar:/home/runner/.m2/repository/org/apache/hadoop/hadoop-distcp/3.4.1/hadoop-distcp-3.4.1.jar:/home/runner/.m2/repository/org/apache/hadoop/hadoop-distcp/3.4.1/hadoop-distcp-3.4.1-tests.jar:/home/runner/.m2/repository/org/apache/hadoop/hadoop-hdfs/3.4.1/hadoop-hdfs-3.4.1.jar:/home/runner/.m2/repository/org/eclipse/jetty/jetty-util-ajax/9.4.57.v20241219/jetty-util-ajax-9.4.57.v20241219.jar:/home/runner/.m2/repository/commons-daemon/commons-daemon/1.4.0/commons-daemon-1.4.0.jar:/home/runner/.m2/repository/org/apache/hadoop/hadoop-hdfs/3.4.1/hadoop-hdfs-3.4.1-tests.jar:/home/runner/.m2/repository/io/netty/netty-all/4.1.119.Final/netty-all-4.1.119.Final.jar:/home/runner/.m2/repository/io/netty/netty-codec-dns/4.1.119.Final/netty-codec-dns-4.1.119.Final.jar:/home/runner/.m2/repository/io/netty/netty-codec-haproxy/4.1.119.Final/netty-codec-haproxy-4.1.119.Final.jar:/home/runner/.m2/repository/io/netty/netty-codec-http/4.1.119.Final/netty-codec-http-4.1.119.Final.jar:/home/runner/.m2/repository/io/netty/netty-codec-memcache/4.1.119.Final/netty-codec-memcache-4.1.119.Final.jar:/home/runner/.m2/repository/io/netty/netty-codec-mqtt/4.1.119.Final/netty-codec-mqtt-4.1.119.Final.jar:/home/runner/.m2/repository/io/netty/netty-codec-redis/4.1.119.Final/netty-codec-redis-4.1.119.Final.jar:/home/runner/.m2/repository/io/netty/netty-codec-smtp/4.1.119.Final/netty-codec-smtp-4.1.119.Final.jar:/home/runner/.m2/repository/io/netty/netty-codec-socks/4.1.119.Final/netty-codec-socks-4.1.119.Final.jar:/home/runner/.m2/repository/io/netty/netty-codec-stomp/4.1.119.Final/netty-codec-stomp-4.1.119.Final.jar:/home/runner/.m2/repository/io/netty/netty-codec-xml/4.1.119.Final/netty-codec-xml-4.1.119.Final.jar:/home/runner/.m2/repository/io/netty/netty-handler-ssl-ocsp/4.1.119.Final/netty-handler-ssl-ocsp-4.1.119.Final.jar:/home/runner/.m2/repository/io/netty/netty-resolver-dns/4.1.119.Final/netty-resolver-dns-4.1.119.Final.jar:/home/runner/.m2/repository/io/netty/netty-transport-rxtx/4.1.119.Final/netty-transport-rxtx-4.1.119.Final.jar:/home/runner/.m2/repository/io/netty/netty-transport-sctp/4.1.119.Final/netty-transport-sctp-4.1.119.Final.jar:/home/runner/.m2/repository/io/netty/netty-transport-udt/4.1.119.Final/netty-transport-udt-4.1.119.Final.jar:/home/runner/.m2/repository/io/netty/netty-transport-classes-kqueue/4.1.119.Final/netty-transport-classes-kqueue-4.1.119.Final.jar:/home/runner/.m2/repository/io/netty/netty-resolver-dns-classes-macos/4.1.119.Final/netty-resolver-dns-classes-macos-4.1.119.Final.jar:/home/runner/.m2/repository/io/netty/netty-transport-native-epoll/4.1.119.Final/netty-transport-native-epoll-4.1.119.Final-linux-aarch_64.jar:/home/runner/.m2/repository/io/netty/netty-transport-native-epoll/4.1.119.Final/netty-transport-native-epoll-4.1.119.Final-linux-riscv64.jar:/home/runner/.m2/repository/io/netty/netty-transport-native-kqueue/4.1.119.Final/netty-transport-native-kqueue-4.1.119.Final-osx-x86_64.jar:/home/runner/.m2/repository/io/netty/netty-transport-native-kqueue/4.1.119.Final/netty-transport-native-kqueue-4.1.119.Final-osx-aarch_64.jar:/home/runner/.m2/repository/io/netty/netty-resolver-dns-native-macos/4.1.119.Final/netty-resolver-dns-native-macos-4.1.119.Final-osx-x86_64.jar:/home/runner/.m2/repository/io/netty/netty-resolver-dns-native-macos/4.1.119.Final/netty-resolver-dns-native-macos-4.1.119.Final-osx-aarch_64.jar:/home/runner/.m2/repository/org/fusesource/leveldbjni/leveldbjni-all/1.8/leveldbjni-all-1.8.jar:/home/runner/.m2/repository/org/apache/hadoop/hadoop-hdfs-client/3.4.1/hadoop-hdfs-client-3.4.1.jar:/home/runner/.m2/repository/org/apache/hadoop/hadoop-kms/3.4.1/hadoop-kms-3.4.1.jar:/home/runner/.m2/repository/org/apache/hadoop/hadoop-kms/3.4.1/hadoop-kms-3.4.1-tests.jar:/home/runner/.m2/repository/org/apache/hadoop/hadoop-mapreduce-client-core/3.4.1/hadoop-mapreduce-client-core-3.4.1.jar:/home/runner/.m2/repository/org/apache/hadoop/hadoop-yarn-client/3.4.1/hadoop-yarn-client-3.4.1.jar:/home/runner/.m2/repository/org/eclipse/jetty/websocket/websocket-client/9.4.53.v20231009/websocket-client-9.4.53.v20231009.jar:/home/runner/.m2/repository/org/eclipse/jetty/jetty-client/9.4.57.v20241219/jetty-client-9.4.57.v20241219.jar:/home/runner/.m2/repository/org/eclipse/jetty/websocket/websocket-common/9.4.53.v20231009/websocket-common-9.4.53.v20231009.jar:/home/runner/.m2/repository/org/eclipse/jetty/websocket/websocket-api/9.4.53.v20231009/websocket-api-9.4.53.v20231009.jar:/home/runner/.m2/repository/org/apache/hadoop/hadoop-yarn-api/3.4.1/hadoop-yarn-api-3.4.1.jar:/home/runner/.m2/repository/org/apache/hadoop/hadoop-yarn-common/3.4.1/hadoop-yarn-common-3.4.1.jar:/home/runner/.m2/repository/javax/xml/bind/jaxb-api/2.2.11/jaxb-api-2.2.11.jar:/home/runner/.m2/repository/com/sun/jersey/contribs/jersey-guice/1.19.4/jersey-guice-1.19.4.jar:/home/runner/.m2/repository/com/fasterxml/jackson/module/jackson-module-jaxb-annotations/2.16.2/jackson-module-jaxb-annotations-2.16.2.jar:/home/runner/.m2/repository/com/fasterxml/jackson/jaxrs/jackson-jaxrs-json-provider/2.16.2/jackson-jaxrs-json-provider-2.16.2.jar:/home/runner/.m2/repository/com/google/inject/extensions/guice-servlet/6.0.0/guice-servlet-6.0.0.jar:/home/runner/.m2/repository/org/apache/hadoop/hadoop-mapreduce-client-jobclient/3.4.1/hadoop-mapreduce-client-jobclient-3.4.1.jar:/home/runner/.m2/repository/org/apache/hadoop/hadoop-mapreduce-client-common/3.4.1/hadoop-mapreduce-client-common-3.4.1.jar:/home/runner/.m2/repository/org/apache/hadoop/hadoop-minikdc/3.4.1/hadoop-minikdc-3.4.1.jar:/home/runner/.m2/repository/org/apache/kerby/kerb-simplekdc/2.0.3/kerb-simplekdc-2.0.3.jar:/home/runner/.m2/repository/org/apache/kerby/kerb-client/2.0.3/kerb-client-2.0.3.jar:/home/runner/.m2/repository/org/apache/kerby/kerb-common/2.0.3/kerb-common-2.0.3.jar:/home/runner/.m2/repository/org/apache/kerby/token-provider/2.0.3/token-provider-2.0.3.jar:/home/runner/.m2/repository/org/apache/kerby/kerb-admin/2.0.3/kerb-admin-2.0.3.jar:/home/runner/.m2/repository/org/apache/kerby/kerb-server/2.0.3/kerb-server-2.0.3.jar:/home/runner/.m2/repository/org/apache/kerby/kerb-identity/2.0.3/kerb-identity-2.0.3.jar:/home/runner/.m2/repository/org/apache/kerby/kerby-xdr/2.0.3/kerby-xdr-2.0.3.jar:/home/runner/.m2/repository/junit/junit/4.13.2/junit-4.13.2.jar:/home/runner/.m2/repository/org/hamcrest/hamcrest-core/1.3/hamcrest-core-1.3.jar:/home/runner/.m2/repository/org/apache/httpcomponents/httpclient/4.5.14/httpclient-4.5.14.jar:/home/runner/.m2/repository/org/apache/httpcomponents/httpcore/4.4.16/httpcore-4.4.16.jar:/home/runner/.m2/repository/org/apache/kerby/kerby-util/1.0.1/kerby-util-1.0.1.jar:/home/runner/work/ozone/ozone/hadoop-hdds/client/target/hdds-client-2.1.0-SNAPSHOT.jar:/home/runner/.m2/repository/io/opentracing/opentracing-api/0.33.0/opentracing-api-0.33.0.jar:/home/runner/.m2/repository/io/opentracing/opentracing-util/0.33.0/opentracing-util-0.33.0.jar:/home/runner/.m2/repository/io/opentracing/opentracing-noop/0.33.0/opentracing-noop-0.33.0.jar:/home/runner/work/ozone/ozone/hadoop-hdds/erasurecode/target/hdds-erasurecode-2.1.0-SNAPSHOT.jar:/home/runner/work/ozone/ozone/hadoop-hdds/common/target/hdds-common-2.1.0-SNAPSHOT.jar:/home/runner/.m2/repository/com/fasterxml/jackson/datatype/jackson-datatype-jsr310/2.16.2/jackson-datatype-jsr310-2.16.2.jar:/home/runner/.m2/repository/io/jaegertracing/jaeger-core/1.8.1/jaeger-core-1.8.1.jar:/home/runner/.m2/repository/org/apache/ratis/ratis-netty/3.2.0/ratis-netty-3.2.0.jar:/home/runner/.m2/repository/org/yaml/snakeyaml/2.0/snakeyaml-2.0.jar:/home/runner/.m2/repository/io/jaegertracing/jaeger-client/1.8.1/jaeger-client-1.8.1.jar:/home/runner/.m2/repository/io/jaegertracing/jaeger-thrift/1.8.1/jaeger-thrift-1.8.1.jar:/home/runner/.m2/repository/org/apache/thrift/libthrift/0.15.0/libthrift-0.15.0.jar:/home/runner/.m2/repository/io/jaegertracing/jaeger-tracerresolver/1.8.1/jaeger-tracerresolver-1.8.1.jar:/home/runner/.m2/repository/io/opentracing/contrib/opentracing-tracerresolver/0.1.8/opentracing-tracerresolver-0.1.8.jar:/home/runner/.m2/repository/org/apache/ratis/ratis-metrics-dropwizard3/3.2.0/ratis-metrics-dropwizard3-3.2.0.jar:/home/runner/.m2/repository/org/slf4j/jcl-over-slf4j/2.0.17/jcl-over-slf4j-2.0.17.jar:/home/runner/work/ozone/ozone/hadoop-hdds/common/target/hdds-common-2.1.0-SNAPSHOT-tests.jar:/home/runner/work/ozone/ozone/hadoop-hdds/config/target/hdds-config-2.1.0-SNAPSHOT.jar:/home/runner/work/ozone/ozone/hadoop-hdds/container-service/target/hdds-container-service-2.1.0-SNAPSHOT.jar:/home/runner/.m2/repository/io/netty/netty-buffer/4.1.119.Final/netty-buffer-4.1.119.Final.jar:/home/runner/.m2/repository/io/netty/netty-codec/4.1.119.Final/netty-codec-4.1.119.Final.jar:/home/runner/.m2/repository/io/netty/netty-common/4.1.119.Final/netty-common-4.1.119.Final.jar:/home/runner/.m2/repository/io/netty/netty-transport/4.1.119.Final/netty-transport-4.1.119.Final.jar:/home/runner/.m2/repository/org/apache/logging/log4j/log4j-api/2.25.0/log4j-api-2.25.0.jar:/home/runner/.m2/repository/com/github/luben/zstd-jni/1.5.7-4/zstd-jni-1.5.7-4.jar:/home/runner/.m2/repository/log4j/apache-log4j-extras/1.2.17/apache-log4j-extras-1.2.17.jar:/home/runner/.m2/repository/org/glassfish/jaxb/jaxb-runtime/2.3.9/jaxb-runtime-2.3.9.jar:/home/runner/.m2/repository/org/glassfish/jaxb/txw2/2.3.9/txw2-2.3.9.jar:/home/runner/.m2/repository/com/sun/istack/istack-commons-runtime/3.0.12/istack-commons-runtime-3.0.12.jar:/home/runner/.m2/repository/com/sun/activation/jakarta.activation/1.2.2/jakarta.activation-1.2.2.jar:/home/runner/work/ozone/ozone/hadoop-hdds/container-service/target/hdds-container-service-2.1.0-SNAPSHOT-tests.jar:/home/runner/work/ozone/ozone/hadoop-hdds/interface-admin/target/hdds-interface-admin-2.1.0-SNAPSHOT.jar:/home/runner/work/ozone/ozone/hadoop-hdds/interface-client/target/hdds-interface-client-2.1.0-SNAPSHOT.jar:/home/runner/work/ozone/ozone/hadoop-hdds/interface-server/target/hdds-interface-server-2.1.0-SNAPSHOT.jar:/home/runner/work/ozone/ozone/hadoop-hdds/managed-rocksdb/target/hdds-managed-rocksdb-2.1.0-SNAPSHOT.jar:/home/runner/work/ozone/ozone/hadoop-hdds/rocks-native/target/hdds-rocks-native-2.1.0-SNAPSHOT.jar:/home/runner/work/ozone/ozone/hadoop-hdds/framework/target/hdds-server-framework-2.1.0-SNAPSHOT.jar:/home/runner/.m2/repository/com/github/jnr/jnr-constants/0.10.4/jnr-constants-0.10.4.jar:/home/runner/.m2/repository/com/github/jnr/jnr-posix/3.1.20/jnr-posix-3.1.20.jar:/home/runner/.m2/repository/com/github/jnr/jnr-ffi/2.2.17/jnr-ffi-2.2.17.jar:/home/runner/.m2/repository/com/github/jnr/jffi/1.3.13/jffi-1.3.13.jar:/home/runner/.m2/repository/com/github/jnr/jffi/1.3.13/jffi-1.3.13-native.jar:/home/runner/.m2/repository/org/ow2/asm/asm/9.7.1/asm-9.7.1.jar:/home/runner/.m2/repository/org/ow2/asm/asm-commons/9.7.1/asm-commons-9.7.1.jar:/home/runner/.m2/repository/org/ow2/asm/asm-analysis/9.7.1/asm-analysis-9.7.1.jar:/home/runner/.m2/repository/org/ow2/asm/asm-tree/9.7.1/asm-tree-9.7.1.jar:/home/runner/.m2/repository/org/ow2/asm/asm-util/9.7.1/asm-util-9.7.1.jar:/home/runner/.m2/repository/com/github/jnr/jnr-a64asm/1.0.0/jnr-a64asm-1.0.0.jar:/home/runner/.m2/repository/com/github/jnr/jnr-x86asm/1.0.2/jnr-x86asm-1.0.2.jar:/home/runner/.m2/repository/commons-fileupload/commons-fileupload/1.5/commons-fileupload-1.5.jar:/home/runner/.m2/repository/io/grpc/grpc-api/1.71.0/grpc-api-1.71.0.jar:/home/runner/.m2/repository/io/prometheus/simpleclient/0.16.0/simpleclient-0.16.0.jar:/home/runner/.m2/repository/io/prometheus/simpleclient_common/0.16.0/simpleclient_common-0.16.0.jar:/home/runner/.m2/repository/io/prometheus/simpleclient_dropwizard/0.16.0/simpleclient_dropwizard-0.16.0.jar:/home/runner/.m2/repository/jakarta/ws/rs/jakarta.ws.rs-api/2.1.6/jakarta.ws.rs-api-2.1.6.jar:/home/runner/.m2/repository/org/eclipse/jetty/jetty-http/9.4.57.v20241219/jetty-http-9.4.57.v20241219.jar:/home/runner/.m2/repository/org/glassfish/jersey/containers/jersey-container-servlet-core/2.47/jersey-container-servlet-core-2.47.jar:/home/runner/.m2/repository/org/glassfish/jersey/core/jersey-server/2.47/jersey-server-2.47.jar:/home/runner/.m2/repository/org/glassfish/jersey/core/jersey-client/2.47/jersey-client-2.47.jar:/home/runner/.m2/repository/com/lmax/disruptor/3.4.4/disruptor-3.4.4.jar:/home/runner/.m2/repository/org/apache/logging/log4j/log4j-core/2.25.0/log4j-core-2.25.0.jar:/home/runner/work/ozone/ozone/hadoop-hdds/framework/target/hdds-server-framework-2.1.0-SNAPSHOT-tests.jar:/home/runner/work/ozone/ozone/hadoop-hdds/server-scm/target/hdds-server-scm-2.1.0-SNAPSHOT.jar:/home/runner/work/ozone/ozone/hadoop-hdds/server-scm/target/hdds-server-scm-2.1.0-SNAPSHOT-tests.jar:/home/runner/work/ozone/ozone/hadoop-hdds/test-utils/target/hdds-test-utils-2.1.0-SNAPSHOT-tests.jar:/home/runner/work/ozone/ozone/hadoop-ozone/cli-admin/target/ozone-cli-admin-2.1.0-SNAPSHOT.jar:/home/runner/work/ozone/ozone/hadoop-ozone/cli-shell/target/ozone-cli-shell-2.1.0-SNAPSHOT.jar:/home/runner/.m2/repository/info/picocli/picocli-shell-jline3/4.7.7/picocli-shell-jline3-4.7.7.jar:/home/runner/.m2/repository/org/jline/jline/3.30.4/jline-3.30.4.jar:/home/runner/work/ozone/ozone/hadoop-ozone/client/target/ozone-client-2.1.0-SNAPSHOT.jar:/home/runner/work/ozone/ozone/hadoop-ozone/common/target/ozone-common-2.1.0-SNAPSHOT.jar:/home/runner/.m2/repository/io/grpc/grpc-netty/1.71.0/grpc-netty-1.71.0.jar:/home/runner/.m2/repository/org/codehaus/mojo/animal-sniffer-annotations/1.24/animal-sniffer-annotations-1.24.jar:/home/runner/.m2/repository/io/grpc/grpc-core/1.71.0/grpc-core-1.71.0.jar:/home/runner/.m2/repository/com/google/android/annotations/4.1.1.4/annotations-4.1.1.4.jar:/home/runner/.m2/repository/io/grpc/grpc-context/1.71.0/grpc-context-1.71.0.jar:/home/runner/.m2/repository/io/perfmark/perfmark-api/0.27.0/perfmark-api-0.27.0.jar:/home/runner/.m2/repository/io/grpc/grpc-util/1.71.0/grpc-util-1.71.0.jar:/home/runner/.m2/repository/io/netty/netty-codec-http2/4.1.119.Final/netty-codec-http2-4.1.119.Final.jar:/home/runner/.m2/repository/io/netty/netty-handler-proxy/4.1.119.Final/netty-handler-proxy-4.1.119.Final.jar:/home/runner/.m2/repository/io/netty/netty-tcnative-boringssl-static/2.0.70.Final/netty-tcnative-boringssl-static-2.0.70.Final.jar:/home/runner/.m2/repository/io/netty/netty-tcnative-classes/2.0.70.Final/netty-tcnative-classes-2.0.70.Final.jar:/home/runner/.m2/repository/io/netty/netty-tcnative-boringssl-static/2.0.70.Final/netty-tcnative-boringssl-static-2.0.70.Final-linux-x86_64.jar:/home/runner/.m2/repository/io/netty/netty-tcnative-boringssl-static/2.0.70.Final/netty-tcnative-boringssl-static-2.0.70.Final-linux-aarch_64.jar:/home/runner/.m2/repository/io/netty/netty-tcnative-boringssl-static/2.0.70.Final/netty-tcnative-boringssl-static-2.0.70.Final-osx-x86_64.jar:/home/runner/.m2/repository/io/netty/netty-tcnative-boringssl-static/2.0.70.Final/netty-tcnative-boringssl-static-2.0.70.Final-osx-aarch_64.jar:/home/runner/.m2/repository/io/netty/netty-tcnative-boringssl-static/2.0.70.Final/netty-tcnative-boringssl-static-2.0.70.Final-windows-x86_64.jar:/home/runner/work/ozone/ozone/hadoop-ozone/csi/target/ozone-csi-2.1.0-SNAPSHOT.jar:/home/runner/.m2/repository/io/grpc/grpc-protobuf/1.71.0/grpc-protobuf-1.71.0.jar:/home/runner/.m2/repository/com/google/api/grpc/proto-google-common-protos/2.51.0/proto-google-common-protos-2.51.0.jar:/home/runner/.m2/repository/io/grpc/grpc-protobuf-lite/1.71.0/grpc-protobuf-lite-1.71.0.jar:/home/runner/.m2/repository/io/grpc/grpc-stub/1.71.0/grpc-stub-1.71.0.jar:/home/runner/.m2/repository/io/netty/netty-transport-classes-epoll/4.1.119.Final/netty-transport-classes-epoll-4.1.119.Final.jar:/home/runner/.m2/repository/io/netty/netty-transport-native-unix-common/4.1.119.Final/netty-transport-native-unix-common-4.1.119.Final.jar:/home/runner/.m2/repository/io/netty/netty-transport-native-epoll/4.1.119.Final/netty-transport-native-epoll-4.1.119.Final-linux-x86_64.jar:/home/runner/work/ozone/ozone/hadoop-ozone/ozonefs/target/ozone-filesystem-2.1.0-SNAPSHOT.jar:/home/runner/work/ozone/ozone/hadoop-ozone/ozonefs-common/target/ozone-filesystem-common-2.1.0-SNAPSHOT.jar:/home/runner/work/ozone/ozone/hadoop-ozone/freon/target/ozone-freon-2.1.0-SNAPSHOT.jar:/home/runner/.m2/repository/com/amazonaws/aws-java-sdk-core/1.12.661/aws-java-sdk-core-1.12.661.jar:/home/runner/.m2/repository/com/fasterxml/jackson/dataformat/jackson-dataformat-cbor/2.16.2/jackson-dataformat-cbor-2.16.2.jar:/home/runner/.m2/repository/joda-time/joda-time/2.12.7/joda-time-2.12.7.jar:/home/runner/.m2/repository/com/amazonaws/aws-java-sdk-s3/1.12.661/aws-java-sdk-s3-1.12.661.jar:/home/runner/.m2/repository/com/amazonaws/aws-java-sdk-kms/1.12.661/aws-java-sdk-kms-1.12.661.jar:/home/runner/.m2/repository/com/amazonaws/jmespath-java/1.12.661/jmespath-java-1.12.661.jar:/home/runner/work/ozone/ozone/hadoop-ozone/interface-client/target/ozone-interface-client-2.1.0-SNAPSHOT.jar:/home/runner/work/ozone/ozone/hadoop-ozone/interface-storage/target/ozone-interface-storage-2.1.0-SNAPSHOT.jar:/home/runner/work/ozone/ozone/hadoop-ozone/ozone-manager/target/ozone-manager-2.1.0-SNAPSHOT.jar:/home/runner/.m2/repository/com/sun/jersey/jersey-client/1.19.4/jersey-client-1.19.4.jar:/home/runner/.m2/repository/org/apache/ranger/ranger-plugins-common/2.6.0/ranger-plugins-common-2.6.0.jar:/home/runner/.m2/repository/com/fasterxml/jackson/jaxrs/jackson-jaxrs-base/2.16.2/jackson-jaxrs-base-2.16.2.jar:/home/runner/.m2/repository/com/kstruct/gethostname4j/1.0.0/gethostname4j-1.0.0.jar:/home/runner/.m2/repository/commons-lang/commons-lang/2.6/commons-lang-2.6.jar:/home/runner/.m2/repository/net/java/dev/jna/jna/5.2.0/jna-5.2.0.jar:/home/runner/.m2/repository/net/java/dev/jna/jna-platform/5.2.0/jna-platform-5.2.0.jar:/home/runner/.m2/repository/org/apache/ranger/ranger-plugin-classloader/2.6.0/ranger-plugin-classloader-2.6.0.jar:/home/runner/.m2/repository/org/apache/ranger/ranger-plugins-audit/2.6.0/ranger-plugins-audit-2.6.0.jar:/home/runner/.m2/repository/com/amazonaws/aws-java-sdk-logs/1.12.765/aws-java-sdk-logs-1.12.765.jar:/home/runner/.m2/repository/com/carrotsearch/hppc/0.8.0/hppc-0.8.0.jar:/home/runner/.m2/repository/io/airlift/aircompressor/0.27/aircompressor-0.27.jar:/home/runner/.m2/repository/org/apache/httpcomponents/httpasyncclient/4.1.4/httpasyncclient-4.1.4.jar:/home/runner/.m2/repository/org/apache/httpcomponents/httpcore-nio/4.4.16/httpcore-nio-4.4.16.jar:/home/runner/.m2/repository/org/apache/httpcomponents/httpmime/4.5.13/httpmime-4.5.13.jar:/home/runner/.m2/repository/org/apache/orc/orc-core/1.5.8/orc-core-1.5.8.jar:/home/runner/.m2/repository/org/apache/orc/orc-shims/1.5.8/orc-shims-1.5.8.jar:/home/runner/.m2/repository/org/apache/ranger/ranger-plugins-cred/2.6.0/ranger-plugins-cred-2.6.0.jar:/home/runner/.m2/repository/org/aspectj/aspectjrt/1.9.7/aspectjrt-1.9.7.jar:/home/runner/work/ozone/ozone/hadoop-ozone/ozone-manager/target/ozone-manager-2.1.0-SNAPSHOT-tests.jar:/home/runner/work/ozone/ozone/hadoop-ozone/mini-cluster/target/ozone-mini-cluster-2.1.0-SNAPSHOT.jar:/home/runner/work/ozone/ozone/hadoop-ozone/recon/target/ozone-recon-2.1.0-SNAPSHOT.jar:/home/runner/.m2/repository/aopalliance/aopalliance/1.0/aopalliance-1.0.jar:/home/runner/.m2/repository/com/google/inject/guice/6.0.0/guice-6.0.0.jar:/home/runner/.m2/repository/jakarta/inject/jakarta.inject-api/2.0.1/jakarta.inject-api-2.0.1.jar:/home/runner/.m2/repository/com/jolbox/bonecp/0.8.0.RELEASE/bonecp-0.8.0.RELEASE.jar:/home/runner/.m2/repository/jakarta/validation/jakarta.validation-api/2.0.2/jakarta.validation-api-2.0.2.jar:/home/runner/.m2/repository/javax/annotation/javax.annotation-api/1.3.2/javax.annotation-api-1.3.2.jar:/home/runner/.m2/repository/javax/inject/javax.inject/1/javax.inject-1.jar:/home/runner/.m2/repository/org/apache/derby/derby/10.14.2.0/derby-10.14.2.0.jar:/home/runner/.m2/repository/org/glassfish/hk2/guice-bridge/2.6.1/guice-bridge-2.6.1.jar:/home/runner/.m2/repository/org/glassfish/hk2/hk2-api/2.6.1/hk2-api-2.6.1.jar:/home/runner/.m2/repository/org/glassfish/hk2/hk2-utils/2.6.1/hk2-utils-2.6.1.jar:/home/runner/.m2/repository/org/glassfish/hk2/external/aopalliance-repackaged/2.6.1/aopalliance-repackaged-2.6.1.jar:/home/runner/.m2/repository/org/glassfish/jersey/core/jersey-common/2.47/jersey-common-2.47.jar:/home/runner/.m2/repository/org/glassfish/hk2/osgi-resource-locator/1.0.3/osgi-resource-locator-1.0.3.jar:/home/runner/.m2/repository/org/jooq/jooq/3.11.10/jooq-3.11.10.jar:/home/runner/.m2/repository/org/springframework/spring-core/5.3.39/spring-core-5.3.39.jar:/home/runner/.m2/repository/org/springframework/spring-jdbc/5.3.39/spring-jdbc-5.3.39.jar:/home/runner/.m2/repository/org/springframework/spring-beans/5.3.39/spring-beans-5.3.39.jar:/home/runner/.m2/repository/org/springframework/spring-tx/5.3.39/spring-tx-5.3.39.jar:/home/runner/.m2/repository/org/xerial/sqlite-jdbc/3.50.2.0/sqlite-jdbc-3.50.2.0.jar:/home/runner/.m2/repository/com/google/inject/extensions/guice-assistedinject/6.0.0/guice-assistedinject-6.0.0.jar:/home/runner/.m2/repository/org/glassfish/hk2/external/jakarta.inject/2.6.1/jakarta.inject-2.6.1.jar:/home/runner/.m2/repository/org/glassfish/jersey/inject/jersey-hk2/2.47/jersey-hk2-2.47.jar:/home/runner/.m2/repository/org/glassfish/hk2/hk2-locator/2.6.1/hk2-locator-2.6.1.jar:/home/runner/.m2/repository/org/glassfish/jersey/media/jersey-media-jaxb/2.47/jersey-media-jaxb-2.47.jar:/home/runner/.m2/repository/org/glassfish/jersey/media/jersey-media-json-jackson/2.47/jersey-media-json-jackson-2.47.jar:/home/runner/.m2/repository/org/glassfish/jersey/ext/jersey-entity-filtering/2.47/jersey-entity-filtering-2.47.jar:/home/runner/work/ozone/ozone/hadoop-ozone/recon-codegen/target/ozone-reconcodegen-2.1.0-SNAPSHOT.jar:/home/runner/.m2/repository/org/jooq/jooq-codegen/3.11.10/jooq-codegen-3.11.10.jar:/home/runner/.m2/repository/org/jooq/jooq-meta/3.11.10/jooq-meta-3.11.10.jar:/home/runner/work/ozone/ozone/hadoop-ozone/s3gateway/target/ozone-s3gateway-2.1.0-SNAPSHOT.jar:/home/runner/work/ozone/ozone/hadoop-ozone/tools/target/ozone-tools-2.1.0-SNAPSHOT.jar:/home/runner/.m2/repository/com/github/vlsi/mxgraph/jgraphx/3.9.12/jgraphx-3.9.12.jar:/home/runner/.m2/repository/org/apache/ratis/ratis-shell/3.2.0/ratis-shell-3.2.0.jar:/home/runner/.m2/repository/org/apache/ratis/ratis-tools/3.2.0/ratis-tools-3.2.0.jar:/home/runner/.m2/repository/org/jgrapht/jgrapht-core/1.4.0/jgrapht-core-1.4.0.jar:/home/runner/.m2/repository/org/jheaps/jheaps/0.11/jheaps-0.11.jar:/home/runner/.m2/repository/org/jgrapht/jgrapht-ext/1.4.0/jgrapht-ext-1.4.0.jar:/home/runner/work/ozone/ozone/hadoop-hdds/rocksdb-checkpoint-differ/target/rocksdb-checkpoint-differ-2.1.0-SNAPSHOT.jar:/home/runner/.m2/repository/org/apache/ranger/ranger-intg/2.6.0/ranger-intg-2.6.0.jar:/home/runner/.m2/repository/org/apache/ratis/ratis-client/3.2.0/ratis-client-3.2.0.jar:/home/runner/.m2/repository/org/apache/ratis/ratis-common/3.2.0/ratis-common-3.2.0.jar:/home/runner/.m2/repository/org/apache/ratis/ratis-grpc/3.2.0/ratis-grpc-3.2.0.jar:/home/runner/.m2/repository/org/apache/ratis/ratis-metrics-api/3.2.0/ratis-metrics-api-3.2.0.jar:/home/runner/.m2/repository/org/apache/ratis/ratis-proto/3.2.0/ratis-proto-3.2.0.jar:/home/runner/.m2/repository/org/apache/ratis/ratis-server/3.2.0/ratis-server-3.2.0.jar:/home/runner/.m2/repository/org/apache/ratis/ratis-server-api/3.2.0/ratis-server-api-3.2.0.jar:/home/runner/.m2/repository/org/apache/ratis/ratis-thirdparty-misc/1.0.9/ratis-thirdparty-misc-1.0.9.jar:/home/runner/.m2/repository/org/bouncycastle/bcpkix-jdk18on/1.81/bcpkix-jdk18on-1.81.jar:/home/runner/.m2/repository/org/bouncycastle/bcutil-jdk18on/1.81/bcutil-jdk18on-1.81.jar:/home/runner/.m2/repository/org/hamcrest/hamcrest/2.2/hamcrest-2.2.jar:/home/runner/.m2/repository/org/reflections/reflections/0.10.2/reflections-0.10.2.jar:/home/runner/.m2/repository/org/javassist/javassist/3.30.2-GA/javassist-3.30.2-GA.jar:/home/runner/.m2/repository/org/rocksdb/rocksdbjni/7.7.3/rocksdbjni-7.7.3.jar:/home/runner/.m2/repository/org/slf4j/jul-to-slf4j/2.0.17/jul-to-slf4j-2.0.17.jar:/home/runner/.m2/repository/org/slf4j/slf4j-api/2.0.17/slf4j-api-2.0.17.jar:/home/runner/.m2/repository/org/assertj/assertj-core/3.27.3/assertj-core-3.27.3.jar:/home/runner/.m2/repository/net/bytebuddy/byte-buddy/1.15.11/byte-buddy-1.15.11.jar:/home/runner/.m2/repository/org/junit/jupiter/junit-jupiter-api/5.13.3/junit-jupiter-api-5.13.3.jar:/home/runner/.m2/repository/org/opentest4j/opentest4j/1.3.0/opentest4j-1.3.0.jar:/home/runner/.m2/repository/org/junit/platform/junit-platform-commons/1.13.3/junit-platform-commons-1.13.3.jar:/home/runner/.m2/repository/org/apiguardian/apiguardian-api/1.1.2/apiguardian-api-1.1.2.jar:/home/runner/.m2/repository/org/junit/jupiter/junit-jupiter-params/5.13.3/junit-jupiter-params-5.13.3.jar:/home/runner/.m2/repository/org/mockito/mockito-core/4.11.0/mockito-core-4.11.0.jar:/home/runner/.m2/repository/net/bytebuddy/byte-buddy-agent/1.12.19/byte-buddy-agent-1.12.19.jar:/home/runner/.m2/repository/org/objenesis/objenesis/3.3/objenesis-3.3.jar:/home/runner/.m2/repository/org/mockito/mockito-inline/4.11.0/mockito-inline-4.11.0.jar:/home/runner/.m2/repository/org/mockito/mockito-junit-jupiter/4.11.0/mockito-junit-jupiter-4.11.0.jar:/home/runner/work/ozone/ozone/hadoop-ozone/integration-test/target/gradle-enterprise/test-listeners.jar:"/>
    <property name="sun.cpu.endian" value="little"/>
    <property name="user.home" value="/home/runner"/>
    <property name="user.language" value="en"/>
    <property name="java.specification.vendor" value="Oracle Corporation"/>
    <property name="skipRecon" value="true"/>
    <property name="java.version.date" value="2025-04-15"/>
    <property name="java.home" value="/usr/lib/jvm/temurin-21-jdk-amd64"/>
    <property name="java.security.krb5.conf" value="/home/runner/work/ozone/ozone/hadoop-ozone/integration-test/target/test-classes/krb5.conf"/>
    <property name="file.separator" value="/"/>
    <property name="basedir" value="/home/runner/work/ozone/ozone/hadoop-ozone/integration-test"/>
    <property name="java.vm.compressedOopsMode" value="Zero based"/>
    <property name="line.separator" value="&#10;"/>
    <property name="java.vm.specification.vendor" value="Oracle Corporation"/>
    <property name="java.specification.name" value="Java Platform API Specification"/>
    <property name="surefire.real.class.path" value="/home/runner/work/ozone/ozone/hadoop-ozone/integration-test/target/surefire/surefirebooter-20250715193802693_154.jar"/>
    <property name="hadoop.log.dir" value="/home/runner/work/ozone/ozone/hadoop-ozone/integration-test/target/log"/>
    <property name="sun.management.compiler" value="HotSpot 64-Bit Tiered Compilers"/>
    <property name="skipShade" value="true"/>
    <property name="java.runtime.version" value="21.0.7+6-LTS"/>
    <property name="user.name" value="runner"/>
    <property name="java.net.preferIPv4Stack" value="true"/>
    <property name="stdout.encoding" value="UTF-8"/>
    <property name="path.separator" value=":"/>
    <property name="java.security.egd" value="file:///dev/urandom"/>
    <property name="os.version" value="6.11.0-1018-azure"/>
    <property name="java.runtime.name" value="OpenJDK Runtime Environment"/>
    <property name="com.gradle.maven.scan.extension.test.listener.junitplatform.NestedExecutionSafeDelegatingTestExecutionListener" value="6d167f58"/>
    <property name="file.encoding" value="UTF-8"/>
    <property name="java.vm.name" value="OpenJDK 64-Bit Server VM"/>
    <property name="rocks_tools_native" value="true"/>
    <property name="java.vendor.version" value="Temurin-21.0.7+6"/>
    <property name="test.build.webapps" value=""/>
    <property name="develocity.listener.surefire.forkId" value="1"/>
    <property name="localRepository" value="/home/runner/.m2/repository"/>
    <property name="java.vendor.url.bug" value="https://github.com/adoptium/adoptium-support/issues"/>
    <property name="jetty.git.hash" value="df524e6b29271c2e09ba9aea83c18dc9db464a31"/>
    <property name="java.io.tmpdir" value="/tmp"/>
    <property name="require.test.libhadoop" value=""/>
    <property name="java.version" value="21.0.7"/>
    <property name="user.dir" value="/home/runner/work/ozone/ozone/hadoop-ozone/integration-test"/>
    <property name="os.arch" value="amd64"/>
    <property name="java.vm.specification.name" value="Java Virtual Machine Specification"/>
    <property name="test.build.classes" value="/home/runner/work/ozone/ozone/hadoop-ozone/integration-test/target/test-classes"/>
    <property name="org.apache.ratis.thirdparty.io.netty.allocator.useCacheForAllThreads" value="false"/>
    <property name="native.encoding" value="UTF-8"/>
    <property name="hadoop.tmp.dir" value="/home/runner/work/ozone/ozone/hadoop-ozone/integration-test/target/tmp"/>
    <property name="java.library.path" value="/usr/java/packages/lib:/usr/lib64:/lib64:/lib:/usr/lib"/>
    <property name="java.vm.info" value="mixed mode, sharing"/>
    <property name="stderr.encoding" value="UTF-8"/>
    <property name="java.vendor" value="Eclipse Adoptium"/>
    <property name="java.vm.version" value="21.0.7+6-LTS"/>
    <property name="sun.io.unicode.encoding" value="UnicodeLittle"/>
    <property name="develocity.listener.port" value="38475"/>
    <property name="java.class.version" value="65.0"/>
  </properties>
  <testcase name="testContainerStateMachineCloseOnMissingPipeline" classname="org.apache.hadoop.ozone.client.rpc.TestContainerStateMachineFailures" time="1.457">
    <system-out><![CDATA[2025-07-15 19:44:22,736 [main] WARN  server.ServerUtils (ServerUtils.java:getScmDbDir(138)) - ozone.scm.db.dirs is not configured. We recommend adding this setting. Falling back to ozone.metadata.dirs instead.
2025-07-15 19:44:22,958 [main] INFO  reflections.Reflections (Reflections.java:scan(219)) - Reflections took 187 ms to scan 7 urls, producing 168 keys and 373 values
2025-07-15 19:44:23,087 [main] INFO  ha.SCMHANodeDetails (SCMHANodeDetails.java:loadSCMHAConfig(162)) - ServiceID for StorageContainerManager is null
2025-07-15 19:44:23,087 [main] INFO  ha.SCMHANodeDetails (SCMHANodeDetails.java:loadSCMHAConfig(166)) - ozone.scm.default.service.id is not defined, falling back to ozone.scm.service.ids to find serviceID for StorageContainerManager if it is HA enabled cluster
2025-07-15 19:44:23,234 [main] INFO  server.RaftServerConfigKeys (ConfUtils.java:logGet(62)) - raft.server.log.appender.buffer.byte-limit = 4194304 (custom)
2025-07-15 19:44:23,257 [main] INFO  server.RaftServer (ConfUtils.java:logGet(62)) - raft.rpc.type = GRPC (default)
2025-07-15 19:44:23,314 [main] INFO  grpc.GrpcConfigKeys (ConfUtils.java:logFallback(69)) - raft.grpc.admin.host = null (fallback to raft.grpc.server.host)
2025-07-15 19:44:23,315 [main] INFO  grpc.GrpcConfigKeys (ConfUtils.java:logFallback(69)) - raft.grpc.admin.port = 15004 (fallback to raft.grpc.server.port)
2025-07-15 19:44:23,315 [main] INFO  grpc.GrpcConfigKeys (ConfUtils.java:logFallback(69)) - raft.grpc.client.host = null (fallback to raft.grpc.server.host)
2025-07-15 19:44:23,316 [main] INFO  grpc.GrpcConfigKeys (ConfUtils.java:logFallback(69)) - raft.grpc.client.port = 15004 (fallback to raft.grpc.server.port)
2025-07-15 19:44:23,316 [main] INFO  grpc.GrpcConfigKeys (ConfUtils.java:logGet(62)) - raft.grpc.server.port = 15004 (custom)
2025-07-15 19:44:23,317 [main] INFO  server.GrpcServicesImpl (ConfUtils.java:logGet(62)) - raft.grpc.message.size.max = 5242880 (custom)
2025-07-15 19:44:23,317 [main] INFO  server.GrpcServicesImpl (ConfUtils.java:logGet(62)) - raft.grpc.flow.control.window = 1MB (=1048576) (default)
2025-07-15 19:44:23,318 [main] INFO  server.RaftServerConfigKeys (ConfUtils.java:logGet(62)) - raft.server.rpc.request.timeout = 30000ms (custom)
2025-07-15 19:44:23,323 [main] INFO  grpc.GrpcConfigKeys (ConfUtils.java:logGet(62)) - raft.grpc.server.heartbeat.channel = true (default)
2025-07-15 19:44:23,323 [main] INFO  server.RaftServerConfigKeys (ConfUtils.java:logGet(62)) - raft.server.log.appender.buffer.byte-limit = 4194304 (custom)
2025-07-15 19:44:23,326 [main] INFO  grpc.GrpcConfigKeys (ConfUtils.java:logGet(62)) - raft.grpc.server.async.request.thread.pool.cached = true (default)
2025-07-15 19:44:23,326 [main] INFO  grpc.GrpcConfigKeys (ConfUtils.java:logGet(62)) - raft.grpc.server.async.request.thread.pool.size = 32 (default)
2025-07-15 19:44:23,521 [main] INFO  impl.DataStreamServerImpl (ConfUtils.java:logGet(62)) - raft.datastream.type = DISABLED (default)
2025-07-15 19:44:23,524 [main] INFO  server.RaftServerConfigKeys (ConfUtils.java:logGet(62)) - raft.server.sleep.deviation.threshold = 300ms (default)
2025-07-15 19:44:23,524 [main] INFO  server.RaftServerConfigKeys (ConfUtils.java:logGet(62)) - raft.server.close.threshold = 60s (default)
2025-07-15 19:44:23,525 [main] INFO  server.RaftServerConfigKeys (ConfUtils.java:logGet(62)) - raft.server.leaderelection.leader.step-down.wait-time = 10s (default)
2025-07-15 19:44:23,528 [main] INFO  server.RaftServerConfigKeys (ConfUtils.java:logGet(62)) - raft.server.storage.dir = [/home/runner/work/ozone/ozone/hadoop-ozone/integration-test/target/test-dir/MiniOzoneClusterImpl-7a2c00ee-15e1-4921-aa6b-526c14ec89d8/ozone-meta/scm-ha] (custom)
2025-07-15 19:44:23,529 [main] INFO  server.RaftServerConfigKeys (ConfUtils.java:logGet(62)) - raft.server.threadpool.proxy.cached = true (default)
2025-07-15 19:44:23,530 [main] INFO  server.RaftServerConfigKeys (ConfUtils.java:logGet(62)) - raft.server.threadpool.proxy.size = 0 (default)
2025-07-15 19:44:23,537 [main] INFO  server.RaftServer (RaftServerProxy.java:addNew(105)) - 5b76e34f-336a-4d5f-b46b-52fa87015b9f: addNew group-526C14EC89D8:[5b76e34f-336a-4d5f-b46b-52fa87015b9f|localhost:15004] returns group-526C14EC89D8:java.util.concurrent.CompletableFuture@60a19573[Not completed]
2025-07-15 19:44:23,556 [5b76e34f-336a-4d5f-b46b-52fa87015b9f-groupManagement] INFO  server.RaftServer$Division (RaftServerImpl.java:<init>(268)) - 5b76e34f-336a-4d5f-b46b-52fa87015b9f: new RaftServerImpl for group-526C14EC89D8:[5b76e34f-336a-4d5f-b46b-52fa87015b9f|localhost:15004] with SCMStateMachine:uninitialized
2025-07-15 19:44:23,559 [5b76e34f-336a-4d5f-b46b-52fa87015b9f-groupManagement] INFO  server.RaftServerConfigKeys (ConfUtils.java:logGet(62)) - raft.server.rpc.timeout.min = 5000ms (custom)
2025-07-15 19:44:23,560 [5b76e34f-336a-4d5f-b46b-52fa87015b9f-groupManagement] INFO  server.RaftServerConfigKeys (ConfUtils.java:logGet(62)) - raft.server.rpc.timeout.max = 5200ms (custom)
2025-07-15 19:44:23,560 [5b76e34f-336a-4d5f-b46b-52fa87015b9f-groupManagement] INFO  server.RaftServerConfigKeys (ConfUtils.java:logGet(62)) - raft.server.rpc.sleep.time = 25ms (default)
2025-07-15 19:44:23,561 [5b76e34f-336a-4d5f-b46b-52fa87015b9f-groupManagement] INFO  server.RaftServerConfigKeys (ConfUtils.java:logGet(62)) - raft.server.rpc.slowness.timeout = 120000ms (custom)
2025-07-15 19:44:23,561 [5b76e34f-336a-4d5f-b46b-52fa87015b9f-groupManagement] INFO  server.RaftServerConfigKeys (ConfUtils.java:logGet(62)) - raft.server.leaderelection.member.majority-add = false (default)
2025-07-15 19:44:23,567 [5b76e34f-336a-4d5f-b46b-52fa87015b9f-groupManagement] INFO  server.RaftServer$Division (ServerState.java:<init>(114)) - 5b76e34f-336a-4d5f-b46b-52fa87015b9f@group-526C14EC89D8: ConfigurationManager, init=conf: {index: -1, cur=peers:[5b76e34f-336a-4d5f-b46b-52fa87015b9f|localhost:15004]|listeners:[], old=null}, confs=<EMPTY_MAP>
2025-07-15 19:44:23,571 [5b76e34f-336a-4d5f-b46b-52fa87015b9f-groupManagement] INFO  server.RaftServerConfigKeys (ConfUtils.java:logGet(62)) - raft.server.notification.no-leader.timeout = 60s (default)
2025-07-15 19:44:23,574 [5b76e34f-336a-4d5f-b46b-52fa87015b9f-groupManagement] INFO  server.RaftServerConfigKeys (ConfUtils.java:logGet(62)) - raft.server.read.timeout = 10s (default)
2025-07-15 19:44:23,578 [5b76e34f-336a-4d5f-b46b-52fa87015b9f-groupManagement] INFO  server.RaftServerConfigKeys (ConfUtils.java:logGet(62)) - raft.server.retrycache.expirytime = 60000ms (default)
2025-07-15 19:44:23,578 [5b76e34f-336a-4d5f-b46b-52fa87015b9f-groupManagement] INFO  server.RaftServerConfigKeys (ConfUtils.java:logGet(62)) - raft.server.retrycache.statistics.expirytime = 100ms (default)
2025-07-15 19:44:23,595 [5b76e34f-336a-4d5f-b46b-52fa87015b9f-groupManagement] INFO  server.RaftServerConfigKeys (ConfUtils.java:logGet(62)) - raft.server.read.option = DEFAULT (default)
2025-07-15 19:44:23,596 [5b76e34f-336a-4d5f-b46b-52fa87015b9f-groupManagement] INFO  server.RaftServerConfigKeys (ConfUtils.java:logGet(62)) - raft.server.read.read-after-write-consistent.write-index-cache.expiry-time = 60s (default)
2025-07-15 19:44:23,735 [5b76e34f-336a-4d5f-b46b-52fa87015b9f-groupManagement] INFO  server.RaftServerConfigKeys (ConfUtils.java:logGet(62)) - raft.server.log.appender.install.snapshot.enabled = false (custom)
2025-07-15 19:44:23,736 [5b76e34f-336a-4d5f-b46b-52fa87015b9f-groupManagement] INFO  server.RaftServerConfigKeys (ConfUtils.java:logGet(62)) - raft.server.threadpool.server.cached = true (default)
2025-07-15 19:44:23,736 [5b76e34f-336a-4d5f-b46b-52fa87015b9f-groupManagement] INFO  server.RaftServerConfigKeys (ConfUtils.java:logGet(62)) - raft.server.threadpool.server.size = 0 (default)
2025-07-15 19:44:23,737 [5b76e34f-336a-4d5f-b46b-52fa87015b9f-groupManagement] INFO  server.RaftServerConfigKeys (ConfUtils.java:logGet(62)) - raft.server.threadpool.client.cached = true (default)
2025-07-15 19:44:23,737 [5b76e34f-336a-4d5f-b46b-52fa87015b9f-groupManagement] INFO  server.RaftServerConfigKeys (ConfUtils.java:logGet(62)) - raft.server.threadpool.client.size = 0 (default)
2025-07-15 19:44:23,739 [5b76e34f-336a-4d5f-b46b-52fa87015b9f-impl-thread1] INFO  server.RaftServerConfigKeys (ConfUtils.java:logGet(62)) - raft.server.storage.free-space.min = 0MB (=0) (default)
2025-07-15 19:44:23,739 [5b76e34f-336a-4d5f-b46b-52fa87015b9f-impl-thread1] INFO  server.RaftServerConfigKeys (ConfUtils.java:logGet(62)) - raft.server.log.corruption.policy = EXCEPTION (default)
2025-07-15 19:44:23,746 [5b76e34f-336a-4d5f-b46b-52fa87015b9f-impl-thread1] INFO  storage.RaftStorageDirectory (RaftStorageDirectoryImpl.java:analyzeStorage(138)) - The storage directory /home/runner/work/ozone/ozone/hadoop-ozone/integration-test/target/test-dir/MiniOzoneClusterImpl-7a2c00ee-15e1-4921-aa6b-526c14ec89d8/ozone-meta/scm-ha/7a2c00ee-15e1-4921-aa6b-526c14ec89d8 does not exist. Creating ...
2025-07-15 19:44:23,748 [5b76e34f-336a-4d5f-b46b-52fa87015b9f-impl-thread1] INFO  storage.RaftStorageDirectory (RaftStorageDirectoryImpl.java:tryLock(229)) - Lock on /home/runner/work/ozone/ozone/hadoop-ozone/integration-test/target/test-dir/MiniOzoneClusterImpl-7a2c00ee-15e1-4921-aa6b-526c14ec89d8/ozone-meta/scm-ha/7a2c00ee-15e1-4921-aa6b-526c14ec89d8/in_use.lock acquired by nodename 18953@localhost
2025-07-15 19:44:23,751 [5b76e34f-336a-4d5f-b46b-52fa87015b9f-impl-thread1] INFO  storage.RaftStorage (RaftStorageImpl.java:format(98)) - Storage directory /home/runner/work/ozone/ozone/hadoop-ozone/integration-test/target/test-dir/MiniOzoneClusterImpl-7a2c00ee-15e1-4921-aa6b-526c14ec89d8/ozone-meta/scm-ha/7a2c00ee-15e1-4921-aa6b-526c14ec89d8 has been successfully formatted.
2025-07-15 19:44:23,754 [5b76e34f-336a-4d5f-b46b-52fa87015b9f-impl-thread1] INFO  ha.SCMStateMachine (SCMStateMachine.java:lambda$initialize$0(135)) - 5b76e34f-336a-4d5f-b46b-52fa87015b9f: initialize group-526C14EC89D8
2025-07-15 19:44:23,755 [5b76e34f-336a-4d5f-b46b-52fa87015b9f-impl-thread1] INFO  server.RaftServerConfigKeys (ConfUtils.java:logGet(62)) - raft.server.log.use.memory = false (default)
2025-07-15 19:44:23,762 [5b76e34f-336a-4d5f-b46b-52fa87015b9f-impl-thread1] INFO  server.RaftServerConfigKeys (ConfUtils.java:logGet(62)) - raft.server.log.purge.gap = 1000000 (custom)
2025-07-15 19:44:23,762 [5b76e34f-336a-4d5f-b46b-52fa87015b9f-impl-thread1] INFO  server.RaftServerConfigKeys (ConfUtils.java:logGet(62)) - raft.server.log.appender.buffer.byte-limit = 4194304 (custom)
2025-07-15 19:44:23,763 [5b76e34f-336a-4d5f-b46b-52fa87015b9f-impl-thread1] INFO  server.RaftServerConfigKeys (ConfUtils.java:logGet(62)) - raft.server.log.statemachine.data.read.timeout = 1000ms (default)
2025-07-15 19:44:23,764 [5b76e34f-336a-4d5f-b46b-52fa87015b9f-impl-thread1] INFO  server.RaftServerConfigKeys (ConfUtils.java:logGet(62)) - raft.server.log.purge.preservation.log.num = 0 (default)
2025-07-15 19:44:23,767 [5b76e34f-336a-4d5f-b46b-52fa87015b9f-impl-thread1] INFO  server.RaftServerConfigKeys (ConfUtils.java:logGet(62)) - raft.server.log.segment.size.max = 4194304 (custom)
2025-07-15 19:44:23,771 [5b76e34f-336a-4d5f-b46b-52fa87015b9f-impl-thread1] INFO  server.RaftServerConfigKeys (ConfUtils.java:logGet(62)) - raft.server.log.segment.cache.num.max = 2 (custom)
2025-07-15 19:44:23,772 [5b76e34f-336a-4d5f-b46b-52fa87015b9f-impl-thread1] INFO  server.RaftServerConfigKeys (ConfUtils.java:logGet(62)) - raft.server.log.segment.cache.size.max = 200MB (=209715200) (default)
2025-07-15 19:44:23,772 [5b76e34f-336a-4d5f-b46b-52fa87015b9f-impl-thread1] INFO  server.RaftServerConfigKeys (ConfUtils.java:logGet(62)) - raft.server.log.appender.buffer.byte-limit = 4194304 (custom)
2025-07-15 19:44:23,775 [5b76e34f-336a-4d5f-b46b-52fa87015b9f-impl-thread1] INFO  util.AwaitToRun (AwaitToRun.java:start(81)) - Thread[#39,5b76e34f-336a-4d5f-b46b-52fa87015b9f@group-526C14EC89D8-cacheEviction-AwaitToRun,5,main] started
2025-07-15 19:44:23,780 [5b76e34f-336a-4d5f-b46b-52fa87015b9f-impl-thread1] INFO  segmented.SegmentedRaftLogWorker (SegmentedRaftLogWorker.java:<init>(190)) - new 5b76e34f-336a-4d5f-b46b-52fa87015b9f@group-526C14EC89D8-SegmentedRaftLogWorker for RaftStorageImpl:Storage Directory /home/runner/work/ozone/ozone/hadoop-ozone/integration-test/target/test-dir/MiniOzoneClusterImpl-7a2c00ee-15e1-4921-aa6b-526c14ec89d8/ozone-meta/scm-ha/7a2c00ee-15e1-4921-aa6b-526c14ec89d8
2025-07-15 19:44:23,781 [5b76e34f-336a-4d5f-b46b-52fa87015b9f-impl-thread1] INFO  server.RaftServerConfigKeys (ConfUtils.java:logGet(62)) - raft.server.log.queue.byte-limit = 64MB (=67108864) (default)
2025-07-15 19:44:23,781 [5b76e34f-336a-4d5f-b46b-52fa87015b9f-impl-thread1] INFO  server.RaftServerConfigKeys (ConfUtils.java:logGet(62)) - raft.server.log.queue.element-limit = 4096 (default)
2025-07-15 19:44:23,784 [5b76e34f-336a-4d5f-b46b-52fa87015b9f-impl-thread1] INFO  server.RaftServerConfigKeys (ConfUtils.java:logGet(62)) - raft.server.log.segment.size.max = 4194304 (custom)
2025-07-15 19:44:23,784 [5b76e34f-336a-4d5f-b46b-52fa87015b9f-impl-thread1] INFO  server.RaftServerConfigKeys (ConfUtils.java:logGet(62)) - raft.server.log.preallocated.size = 4194304 (custom)
2025-07-15 19:44:23,784 [5b76e34f-336a-4d5f-b46b-52fa87015b9f-impl-thread1] INFO  server.RaftServerConfigKeys (ConfUtils.java:logGet(62)) - raft.server.log.force.sync.num = 128 (default)
2025-07-15 19:44:23,785 [5b76e34f-336a-4d5f-b46b-52fa87015b9f-impl-thread1] INFO  server.RaftServerConfigKeys (ConfUtils.java:logGet(62)) - raft.server.log.statemachine.data.sync = true (default)
2025-07-15 19:44:23,785 [5b76e34f-336a-4d5f-b46b-52fa87015b9f-impl-thread1] INFO  server.RaftServerConfigKeys (ConfUtils.java:logGet(62)) - raft.server.log.statemachine.data.sync.timeout = 10s (default)
2025-07-15 19:44:23,788 [5b76e34f-336a-4d5f-b46b-52fa87015b9f-impl-thread1] INFO  server.RaftServerConfigKeys (ConfUtils.java:logGet(62)) - raft.server.log.statemachine.data.sync.timeout.retry = -1 (default)
2025-07-15 19:44:23,790 [5b76e34f-336a-4d5f-b46b-52fa87015b9f-impl-thread1] INFO  server.RaftServerConfigKeys (ConfUtils.java:logGet(62)) - raft.server.log.write.buffer.size = 4194312 (custom)
2025-07-15 19:44:23,792 [5b76e34f-336a-4d5f-b46b-52fa87015b9f-impl-thread1] INFO  server.RaftServerConfigKeys (ConfUtils.java:logGet(62)) - raft.server.log.appender.buffer.byte-limit = 4194304 (custom)
2025-07-15 19:44:23,794 [5b76e34f-336a-4d5f-b46b-52fa87015b9f-impl-thread1] INFO  server.RaftServerConfigKeys (ConfUtils.java:logGet(62)) - raft.server.log.unsafe-flush.enabled = false (default)
2025-07-15 19:44:23,794 [5b76e34f-336a-4d5f-b46b-52fa87015b9f-impl-thread1] INFO  server.RaftServerConfigKeys (ConfUtils.java:logGet(62)) - raft.server.log.async-flush.enabled = false (default)
2025-07-15 19:44:23,795 [5b76e34f-336a-4d5f-b46b-52fa87015b9f-impl-thread1] INFO  server.RaftServerConfigKeys (ConfUtils.java:logGet(62)) - raft.server.log.statemachine.data.caching.enabled = false (default)
2025-07-15 19:44:23,801 [5b76e34f-336a-4d5f-b46b-52fa87015b9f-impl-thread1] INFO  segmented.SegmentedRaftLogWorker (SegmentedRaftLogWorker.java:lambda$new$0(141)) - 5b76e34f-336a-4d5f-b46b-52fa87015b9f@group-526C14EC89D8-SegmentedRaftLogWorker: flushIndex: setUnconditionally 0 -> -1
2025-07-15 19:44:23,802 [5b76e34f-336a-4d5f-b46b-52fa87015b9f-impl-thread1] INFO  segmented.SegmentedRaftLogWorker (SegmentedRaftLogWorker.java:lambda$new$0(141)) - 5b76e34f-336a-4d5f-b46b-52fa87015b9f@group-526C14EC89D8-SegmentedRaftLogWorker: safeCacheEvictIndex: setUnconditionally 0 -> -1
2025-07-15 19:44:23,803 [5b76e34f-336a-4d5f-b46b-52fa87015b9f-impl-thread1] INFO  server.RaftServer$Division (RaftServerImpl.java:start(405)) - 5b76e34f-336a-4d5f-b46b-52fa87015b9f@group-526C14EC89D8: start as a follower, conf=conf: {index: -1, cur=peers:[5b76e34f-336a-4d5f-b46b-52fa87015b9f|localhost:15004]|listeners:[], old=null}
2025-07-15 19:44:23,803 [5b76e34f-336a-4d5f-b46b-52fa87015b9f-impl-thread1] INFO  server.RaftServer$Division (RaftServerImpl.java:setRole(392)) - 5b76e34f-336a-4d5f-b46b-52fa87015b9f@group-526C14EC89D8: changes role from      null to FOLLOWER at term 0 for startAsFollower
2025-07-15 19:44:23,805 [5b76e34f-336a-4d5f-b46b-52fa87015b9f-impl-thread1] INFO  impl.RoleInfo (RoleInfo.java:updateAndGet(148)) - 5b76e34f-336a-4d5f-b46b-52fa87015b9f: start 5b76e34f-336a-4d5f-b46b-52fa87015b9f@group-526C14EC89D8-FollowerState
2025-07-15 19:44:23,806 [5b76e34f-336a-4d5f-b46b-52fa87015b9f@group-526C14EC89D8-FollowerState] INFO  server.RaftServerConfigKeys (ConfUtils.java:logGet(62)) - raft.server.rpc.first-election.timeout.min = 1000ms (custom)
2025-07-15 19:44:23,806 [5b76e34f-336a-4d5f-b46b-52fa87015b9f@group-526C14EC89D8-FollowerState] INFO  server.RaftServerConfigKeys (ConfUtils.java:logGet(62)) - raft.server.rpc.first-election.timeout.max = 1200ms (custom)
2025-07-15 19:44:23,806 [5b76e34f-336a-4d5f-b46b-52fa87015b9f-impl-thread1] INFO  util.JmxRegister (JmxRegister.java:tryRegister(44)) - Successfully registered JMX Bean with object name Ratis:service=RaftServer,group=group-526C14EC89D8,id=5b76e34f-336a-4d5f-b46b-52fa87015b9f
2025-07-15 19:44:23,807 [5b76e34f-336a-4d5f-b46b-52fa87015b9f-impl-thread1] INFO  util.JmxRegister (JmxRegister.java:register(58)) - register mxBean class org.apache.ratis.server.impl.RaftServerJmxAdapter as Ratis:service=RaftServer,group=group-526C14EC89D8,id=5b76e34f-336a-4d5f-b46b-52fa87015b9f
2025-07-15 19:44:23,808 [5b76e34f-336a-4d5f-b46b-52fa87015b9f-impl-thread1] INFO  server.RaftServerConfigKeys (ConfUtils.java:logGet(62)) - raft.server.snapshot.trigger-when-stop.enabled = true (default)
2025-07-15 19:44:23,809 [5b76e34f-336a-4d5f-b46b-52fa87015b9f-impl-thread1] INFO  server.RaftServerConfigKeys (ConfUtils.java:logGet(62)) - raft.server.snapshot.trigger-when-remove.enabled = true (default)
2025-07-15 19:44:23,809 [5b76e34f-336a-4d5f-b46b-52fa87015b9f-impl-thread1] INFO  server.RaftServerConfigKeys (ConfUtils.java:logGet(62)) - raft.server.snapshot.auto.trigger.enabled = true (custom)
2025-07-15 19:44:23,809 [5b76e34f-336a-4d5f-b46b-52fa87015b9f-impl-thread1] INFO  server.RaftServerConfigKeys (ConfUtils.java:logGet(62)) - raft.server.snapshot.auto.trigger.threshold = 1000 (custom)
2025-07-15 19:44:23,810 [5b76e34f-336a-4d5f-b46b-52fa87015b9f-impl-thread1] INFO  server.RaftServerConfigKeys (ConfUtils.java:logGet(62)) - raft.server.snapshot.retention.file.num = -1 (default)
2025-07-15 19:44:23,810 [5b76e34f-336a-4d5f-b46b-52fa87015b9f-impl-thread1] INFO  server.RaftServerConfigKeys (ConfUtils.java:logGet(62)) - raft.server.log.purge.upto.snapshot.index = false (default)
2025-07-15 19:44:23,814 [5b76e34f-336a-4d5f-b46b-52fa87015b9f-impl-thread1] INFO  server.RaftServer$Division (RaftServerImpl.java:start(419)) - 5b76e34f-336a-4d5f-b46b-52fa87015b9f@group-526C14EC89D8: Successfully started.
2025-07-15 19:44:23,815 [main] INFO  server.RaftServer (RaftServerProxy.java:startImpl(412)) - 5b76e34f-336a-4d5f-b46b-52fa87015b9f: start RPC server
2025-07-15 19:44:23,855 [main] INFO  server.GrpcServicesImpl (GrpcServicesImpl.java:startImpl(346)) - 5b76e34f-336a-4d5f-b46b-52fa87015b9f: GrpcServicesImpl started, listening on 15004
2025-07-15 19:44:23,857 [JvmPauseMonitor0] INFO  util.JvmPauseMonitor (JvmPauseMonitor.java:run(146)) - JvmPauseMonitor-5b76e34f-336a-4d5f-b46b-52fa87015b9f: Started
2025-07-15 19:44:24,822 [5b76e34f-336a-4d5f-b46b-52fa87015b9f@group-526C14EC89D8-FollowerState] INFO  impl.FollowerState (FollowerState.java:runImpl(161)) - 5b76e34f-336a-4d5f-b46b-52fa87015b9f@group-526C14EC89D8-FollowerState: change to CANDIDATE, lastRpcElapsedTime:1016969318ns, electionTimeout:1014ms
2025-07-15 19:44:24,822 [5b76e34f-336a-4d5f-b46b-52fa87015b9f@group-526C14EC89D8-FollowerState] INFO  impl.RoleInfo (RoleInfo.java:shutdownFollowerState(121)) - 5b76e34f-336a-4d5f-b46b-52fa87015b9f: shutdown 5b76e34f-336a-4d5f-b46b-52fa87015b9f@group-526C14EC89D8-FollowerState
2025-07-15 19:44:24,822 [5b76e34f-336a-4d5f-b46b-52fa87015b9f@group-526C14EC89D8-FollowerState] INFO  server.RaftServer$Division (RaftServerImpl.java:setRole(392)) - 5b76e34f-336a-4d5f-b46b-52fa87015b9f@group-526C14EC89D8: changes role from  FOLLOWER to CANDIDATE at term 0 for changeToCandidate
2025-07-15 19:44:24,825 [5b76e34f-336a-4d5f-b46b-52fa87015b9f@group-526C14EC89D8-FollowerState] INFO  server.RaftServerConfigKeys (ConfUtils.java:logGet(62)) - raft.server.leaderelection.pre-vote = true (default)
2025-07-15 19:44:24,825 [5b76e34f-336a-4d5f-b46b-52fa87015b9f@group-526C14EC89D8-FollowerState] INFO  impl.RoleInfo (RoleInfo.java:updateAndGet(148)) - 5b76e34f-336a-4d5f-b46b-52fa87015b9f: start 5b76e34f-336a-4d5f-b46b-52fa87015b9f@group-526C14EC89D8-LeaderElection1
2025-07-15 19:44:24,828 [5b76e34f-336a-4d5f-b46b-52fa87015b9f@group-526C14EC89D8-LeaderElection1] INFO  impl.LeaderElection (LeaderElection.java:askForVotes(448)) - 5b76e34f-336a-4d5f-b46b-52fa87015b9f@group-526C14EC89D8-LeaderElection1 PRE_VOTE round 0: submit vote requests at term 0 for conf: {index: -1, cur=peers:[5b76e34f-336a-4d5f-b46b-52fa87015b9f|localhost:15004]|listeners:[], old=null}
2025-07-15 19:44:24,828 [5b76e34f-336a-4d5f-b46b-52fa87015b9f@group-526C14EC89D8-LeaderElection1] INFO  impl.LeaderElection (LeaderElection.java:askForVotes(450)) - 5b76e34f-336a-4d5f-b46b-52fa87015b9f@group-526C14EC89D8-LeaderElection1 PRE_VOTE round 0: result PASSED (term=0)
2025-07-15 19:44:24,830 [5b76e34f-336a-4d5f-b46b-52fa87015b9f@group-526C14EC89D8-LeaderElection1] INFO  impl.LeaderElection (LeaderElection.java:askForVotes(448)) - 5b76e34f-336a-4d5f-b46b-52fa87015b9f@group-526C14EC89D8-LeaderElection1 ELECTION round 0: submit vote requests at term 1 for conf: {index: -1, cur=peers:[5b76e34f-336a-4d5f-b46b-52fa87015b9f|localhost:15004]|listeners:[], old=null}
2025-07-15 19:44:24,831 [5b76e34f-336a-4d5f-b46b-52fa87015b9f@group-526C14EC89D8-LeaderElection1] INFO  impl.LeaderElection (LeaderElection.java:askForVotes(450)) - 5b76e34f-336a-4d5f-b46b-52fa87015b9f@group-526C14EC89D8-LeaderElection1 ELECTION round 0: result PASSED (term=1)
2025-07-15 19:44:24,831 [5b76e34f-336a-4d5f-b46b-52fa87015b9f@group-526C14EC89D8-LeaderElection1] INFO  impl.RoleInfo (RoleInfo.java:shutdownLeaderElection(141)) - 5b76e34f-336a-4d5f-b46b-52fa87015b9f: shutdown 5b76e34f-336a-4d5f-b46b-52fa87015b9f@group-526C14EC89D8-LeaderElection1
2025-07-15 19:44:24,831 [5b76e34f-336a-4d5f-b46b-52fa87015b9f@group-526C14EC89D8-LeaderElection1] INFO  server.RaftServer$Division (RaftServerImpl.java:setRole(392)) - 5b76e34f-336a-4d5f-b46b-52fa87015b9f@group-526C14EC89D8: changes role from CANDIDATE to LEADER at term 1 for changeToLeader
2025-07-15 19:44:24,835 [5b76e34f-336a-4d5f-b46b-52fa87015b9f@group-526C14EC89D8-LeaderElection1] INFO  server.RaftServerConfigKeys (ConfUtils.java:logGet(62)) - raft.server.staging.catchup.gap = 1000 (default)
2025-07-15 19:44:24,836 [5b76e34f-336a-4d5f-b46b-52fa87015b9f@group-526C14EC89D8-LeaderElection1] INFO  server.RaftServerConfigKeys (ConfUtils.java:logFallback(69)) - raft.server.staging.timeout = 15600ms (fallback to raft.server.rpc.timeout.max)
2025-07-15 19:44:24,838 [5b76e34f-336a-4d5f-b46b-52fa87015b9f@group-526C14EC89D8-LeaderElection1] INFO  server.RaftServerConfigKeys (ConfUtils.java:logGet(62)) - raft.server.write.element-limit = 4096 (default)
2025-07-15 19:44:24,838 [5b76e34f-336a-4d5f-b46b-52fa87015b9f@group-526C14EC89D8-LeaderElection1] INFO  server.RaftServerConfigKeys (ConfUtils.java:logGet(62)) - raft.server.write.byte-limit = 64MB (=67108864) (default)
2025-07-15 19:44:24,841 [5b76e34f-336a-4d5f-b46b-52fa87015b9f@group-526C14EC89D8-LeaderElection1] INFO  server.RaftServerConfigKeys (ConfUtils.java:logGet(62)) - raft.server.watch.timeout = 10s (default)
2025-07-15 19:44:24,841 [5b76e34f-336a-4d5f-b46b-52fa87015b9f@group-526C14EC89D8-LeaderElection1] INFO  server.RaftServerConfigKeys (ConfUtils.java:logGet(62)) - raft.server.watch.timeout.denomination = 1s (default)
2025-07-15 19:44:24,842 [5b76e34f-336a-4d5f-b46b-52fa87015b9f@group-526C14EC89D8-LeaderElection1] INFO  server.RaftServerConfigKeys (ConfUtils.java:logGet(62)) - raft.server.watch.element-limit = 65536 (default)
2025-07-15 19:44:24,847 [5b76e34f-336a-4d5f-b46b-52fa87015b9f@group-526C14EC89D8-LeaderElection1] INFO  server.RaftServerConfigKeys (ConfUtils.java:logGet(62)) - raft.server.read.leader.lease.enabled = false (default)
2025-07-15 19:44:24,849 [5b76e34f-336a-4d5f-b46b-52fa87015b9f@group-526C14EC89D8-LeaderElection1] INFO  server.RaftServerConfigKeys (ConfUtils.java:logGet(62)) - raft.server.read.leader.lease.timeout.ratio = 0.9 (default)
2025-07-15 19:44:24,849 [5b76e34f-336a-4d5f-b46b-52fa87015b9f@group-526C14EC89D8-LeaderElection1] INFO  server.RaftServerConfigKeys (ConfUtils.java:logGet(62)) - raft.server.log.log-metadata.enabled = false (custom)
2025-07-15 19:44:24,850 [5b76e34f-336a-4d5f-b46b-52fa87015b9f@group-526C14EC89D8-LeaderElection1] INFO  server.RaftServerConfigKeys (ConfUtils.java:logGet(62)) - raft.server.write.follower.gap.ratio.max = -1.0 (default)
2025-07-15 19:44:24,851 [5b76e34f-336a-4d5f-b46b-52fa87015b9f@group-526C14EC89D8-LeaderElection1] INFO  impl.RoleInfo (RoleInfo.java:updateAndGet(148)) - 5b76e34f-336a-4d5f-b46b-52fa87015b9f: start 5b76e34f-336a-4d5f-b46b-52fa87015b9f@group-526C14EC89D8-LeaderStateImpl
2025-07-15 19:44:24,851 [5b76e34f-336a-4d5f-b46b-52fa87015b9f@group-526C14EC89D8-LeaderElection1] INFO  server.RaftServer$Division (RaftServerImpl.java:setFirstElection(576)) - 5b76e34f-336a-4d5f-b46b-52fa87015b9f@group-526C14EC89D8: set firstElectionSinceStartup to false for becomeLeader
2025-07-15 19:44:24,852 [5b76e34f-336a-4d5f-b46b-52fa87015b9f@group-526C14EC89D8-LeaderElection1] INFO  server.RaftServer$Division (ServerState.java:setLeader(272)) - 5b76e34f-336a-4d5f-b46b-52fa87015b9f@group-526C14EC89D8: change Leader from null to 5b76e34f-336a-4d5f-b46b-52fa87015b9f at term 1 for becomeLeader, leader elected after 1280ms
2025-07-15 19:44:24,865 [5b76e34f-336a-4d5f-b46b-52fa87015b9f@group-526C14EC89D8-LeaderElection1] INFO  segmented.SegmentedRaftLogWorker (SegmentedRaftLogWorker.java:startLogSegment(440)) - 5b76e34f-336a-4d5f-b46b-52fa87015b9f@group-526C14EC89D8-SegmentedRaftLogWorker: Starting segment from index:0
2025-07-15 19:44:24,881 [5b76e34f-336a-4d5f-b46b-52fa87015b9f@group-526C14EC89D8-LeaderElection1] INFO  server.RaftServer$Division (ServerState.java:setRaftConf(386)) - 5b76e34f-336a-4d5f-b46b-52fa87015b9f@group-526C14EC89D8: set configuration conf: {index: 0, cur=peers:[5b76e34f-336a-4d5f-b46b-52fa87015b9f|localhost:15004]|listeners:[], old=null}
2025-07-15 19:44:24,887 [5b76e34f-336a-4d5f-b46b-52fa87015b9f@group-526C14EC89D8-SegmentedRaftLogWorker] INFO  segmented.BufferedWriteChannel (BufferedWriteChannel.java:open(61)) - open log_inprogress_0 at position 0
2025-07-15 19:44:24,896 [5b76e34f-336a-4d5f-b46b-52fa87015b9f@group-526C14EC89D8-SegmentedRaftLogWorker] INFO  segmented.SegmentedRaftLogWorker (SegmentedRaftLogWorker.java:execute(647)) - 5b76e34f-336a-4d5f-b46b-52fa87015b9f@group-526C14EC89D8-SegmentedRaftLogWorker: created new log segment /home/runner/work/ozone/ozone/hadoop-ozone/integration-test/target/test-dir/MiniOzoneClusterImpl-7a2c00ee-15e1-4921-aa6b-526c14ec89d8/ozone-meta/scm-ha/7a2c00ee-15e1-4921-aa6b-526c14ec89d8/current/log_inprogress_0
2025-07-15 19:44:24,906 [5b76e34f-336a-4d5f-b46b-52fa87015b9f@group-526C14EC89D8-StateMachineUpdater] INFO  server.RaftServer$Division (LeaderStateImpl.java:checkStartIndex(309)) - Leader 5b76e34f-336a-4d5f-b46b-52fa87015b9f@group-526C14EC89D8-LeaderStateImpl is ready since appliedIndex == startIndex == 0
2025-07-15 19:44:25,858 [main] INFO  server.RaftServer (RaftServerProxy.java:lambda$close$9(422)) - 5b76e34f-336a-4d5f-b46b-52fa87015b9f: close
2025-07-15 19:44:25,859 [5b76e34f-336a-4d5f-b46b-52fa87015b9f-impl-thread1] INFO  server.RaftServer$Division (RaftServerImpl.java:lambda$close$1(527)) - 5b76e34f-336a-4d5f-b46b-52fa87015b9f@group-526C14EC89D8: shutdown
2025-07-15 19:44:25,859 [main] INFO  server.GrpcServicesImpl (GrpcServicesImpl.java:closeImpl(355)) - 5b76e34f-336a-4d5f-b46b-52fa87015b9f: shutdown server GrpcServerProtocolService now
2025-07-15 19:44:25,860 [5b76e34f-336a-4d5f-b46b-52fa87015b9f-impl-thread1] INFO  util.JmxRegister (JmxRegister.java:unregister(74)) - Successfully un-registered JMX Bean with object name Ratis:service=RaftServer,group=group-526C14EC89D8,id=5b76e34f-336a-4d5f-b46b-52fa87015b9f
2025-07-15 19:44:25,861 [5b76e34f-336a-4d5f-b46b-52fa87015b9f-impl-thread1] INFO  impl.RoleInfo (RoleInfo.java:shutdownLeaderState(103)) - 5b76e34f-336a-4d5f-b46b-52fa87015b9f: shutdown 5b76e34f-336a-4d5f-b46b-52fa87015b9f@group-526C14EC89D8-LeaderStateImpl
2025-07-15 19:44:25,871 [5b76e34f-336a-4d5f-b46b-52fa87015b9f-impl-thread1] INFO  impl.PendingRequests (PendingRequests.java:sendNotLeaderResponses(287)) - 5b76e34f-336a-4d5f-b46b-52fa87015b9f@group-526C14EC89D8-PendingRequests: sendNotLeaderResponses
2025-07-15 19:44:25,873 [main] INFO  server.GrpcServicesImpl (GrpcServicesImpl.java:closeImpl(364)) - 5b76e34f-336a-4d5f-b46b-52fa87015b9f: shutdown server GrpcServerProtocolService successfully
2025-07-15 19:44:25,874 [5b76e34f-336a-4d5f-b46b-52fa87015b9f-impl-thread1] INFO  impl.StateMachineUpdater (StateMachineUpdater.java:stopAndJoin(163)) - 5b76e34f-336a-4d5f-b46b-52fa87015b9f@group-526C14EC89D8-StateMachineUpdater: set stopIndex = 0
2025-07-15 19:44:25,875 [5b76e34f-336a-4d5f-b46b-52fa87015b9f@group-526C14EC89D8-StateMachineUpdater] INFO  impl.StateMachineUpdater (StateMachineUpdater.java:takeSnapshot(307)) - 5b76e34f-336a-4d5f-b46b-52fa87015b9f@group-526C14EC89D8-StateMachineUpdater: Took a snapshot at index 0
2025-07-15 19:44:25,875 [5b76e34f-336a-4d5f-b46b-52fa87015b9f@group-526C14EC89D8-StateMachineUpdater] INFO  impl.StateMachineUpdater (StateMachineUpdater.java:lambda$new$0(101)) - 5b76e34f-336a-4d5f-b46b-52fa87015b9f@group-526C14EC89D8-StateMachineUpdater: snapshotIndex: updateIncreasingly -1 -> 0
2025-07-15 19:44:25,877 [5b76e34f-336a-4d5f-b46b-52fa87015b9f@group-526C14EC89D8-StateMachineUpdater] INFO  impl.StateMachineUpdater (StateMachineUpdater.java:stop(140)) - 5b76e34f-336a-4d5f-b46b-52fa87015b9f@group-526C14EC89D8-StateMachineUpdater: closing SCMStateMachine, lastApplied=(t:1, i:0)
2025-07-15 19:44:25,877 [5b76e34f-336a-4d5f-b46b-52fa87015b9f@group-526C14EC89D8-cacheEviction-AwaitToRun] INFO  util.AwaitToRun (AwaitToRun.java:run(49)) - 5b76e34f-336a-4d5f-b46b-52fa87015b9f@group-526C14EC89D8-cacheEviction-AwaitToRun-AwaitForSignal is interrupted
2025-07-15 19:44:25,902 [5b76e34f-336a-4d5f-b46b-52fa87015b9f-impl-thread1] INFO  segmented.SegmentedRaftLogWorker (SegmentedRaftLogWorker.java:close(254)) - 5b76e34f-336a-4d5f-b46b-52fa87015b9f@group-526C14EC89D8-SegmentedRaftLogWorker close()
2025-07-15 19:44:25,906 [JvmPauseMonitor0] INFO  util.JvmPauseMonitor (JvmPauseMonitor.java:run(152)) - JvmPauseMonitor-5b76e34f-336a-4d5f-b46b-52fa87015b9f: Stopped
2025-07-15 19:44:25,932 [main] WARN  server.ServerUtils (ServerUtils.java:getScmDbDir(138)) - ozone.scm.db.dirs is not configured. We recommend adding this setting. Falling back to ozone.metadata.dirs instead.
2025-07-15 19:44:25,934 [main] INFO  ha.SCMHANodeDetails (SCMHANodeDetails.java:loadSCMHAConfig(162)) - ServiceID for StorageContainerManager is null
2025-07-15 19:44:25,934 [main] INFO  ha.SCMHANodeDetails (SCMHANodeDetails.java:loadSCMHAConfig(166)) - ozone.scm.default.service.id is not defined, falling back to ozone.scm.service.ids to find serviceID for StorageContainerManager if it is HA enabled cluster
2025-07-15 19:44:26,314 [main] WARN  utils.HAUtils (HAUtils.java:getMetaDir(312)) - ozone.scm.db.dirs is not configured. We recommend adding this setting. Falling back to ozone.metadata.dirs instead.
2025-07-15 19:44:26,423 [main] WARN  db.DBStoreBuilder (DBStoreBuilder.java:getDBDirPath(158)) - ozone.scm.db.dirs is not configured. We recommend adding this setting. Falling back to ozone.metadata.dirs instead.
2025-07-15 19:44:26,578 [main] INFO  net.NodeSchemaLoader (NodeSchemaLoader.java:loadSchemaFromFile(128)) - Loading schema from [jar:file:/home/runner/work/ozone/ozone/hadoop-hdds/common/target/hdds-common-2.1.0-SNAPSHOT.jar!/network-topology-default.xml]
2025-07-15 19:44:26,580 [main] INFO  net.NodeSchemaLoader (NodeSchemaLoader.java:loadSchema(175)) - Loading network topology layer schema file
2025-07-15 19:44:26,665 [main] INFO  ha.SCMRatisServerImpl (SCMRatisServerImpl.java:<init>(100)) - starting Raft server for scm:5b76e34f-336a-4d5f-b46b-52fa87015b9f
2025-07-15 19:44:26,668 [main] INFO  server.RaftServerConfigKeys (ConfUtils.java:logGet(62)) - raft.server.log.appender.buffer.byte-limit = 4194304 (custom)
2025-07-15 19:44:26,670 [main] INFO  grpc.GrpcConfigKeys (ConfUtils.java:logFallback(69)) - raft.grpc.admin.host = null (fallback to raft.grpc.server.host)
2025-07-15 19:44:26,671 [main] INFO  grpc.GrpcConfigKeys (ConfUtils.java:logFallback(69)) - raft.grpc.admin.port = 15004 (fallback to raft.grpc.server.port)
2025-07-15 19:44:26,671 [main] INFO  grpc.GrpcConfigKeys (ConfUtils.java:logFallback(69)) - raft.grpc.client.host = null (fallback to raft.grpc.server.host)
2025-07-15 19:44:26,671 [main] INFO  grpc.GrpcConfigKeys (ConfUtils.java:logFallback(69)) - raft.grpc.client.port = 15004 (fallback to raft.grpc.server.port)
2025-07-15 19:44:26,672 [main] INFO  server.GrpcServicesImpl (ConfUtils.java:logGet(62)) - raft.grpc.message.size.max = 5242880 (custom)
2025-07-15 19:44:26,672 [main] INFO  server.RaftServerConfigKeys (ConfUtils.java:logGet(62)) - raft.server.log.appender.buffer.byte-limit = 4194304 (custom)
2025-07-15 19:44:26,674 [5b76e34f-336a-4d5f-b46b-52fa87015b9f-impl-thread1] INFO  server.RaftServer (RaftServerProxy.java:initGroupDir(270)) - 5b76e34f-336a-4d5f-b46b-52fa87015b9f: found a subdirectory /home/runner/work/ozone/ozone/hadoop-ozone/integration-test/target/test-dir/MiniOzoneClusterImpl-7a2c00ee-15e1-4921-aa6b-526c14ec89d8/ozone-meta/scm-ha/7a2c00ee-15e1-4921-aa6b-526c14ec89d8
2025-07-15 19:44:26,675 [main] INFO  server.RaftServer (RaftServerProxy.java:addNew(105)) - 5b76e34f-336a-4d5f-b46b-52fa87015b9f: addNew group-526C14EC89D8:[] returns group-526C14EC89D8:java.util.concurrent.CompletableFuture@23afc725[Not completed]
2025-07-15 19:44:26,677 [5b76e34f-336a-4d5f-b46b-52fa87015b9f-groupManagement] INFO  server.RaftServer$Division (RaftServerImpl.java:<init>(268)) - 5b76e34f-336a-4d5f-b46b-52fa87015b9f: new RaftServerImpl for group-526C14EC89D8:[] with SCMStateMachine:uninitialized
2025-07-15 19:44:26,677 [5b76e34f-336a-4d5f-b46b-52fa87015b9f-groupManagement] INFO  server.RaftServer$Division (ServerState.java:<init>(114)) - 5b76e34f-336a-4d5f-b46b-52fa87015b9f@group-526C14EC89D8: ConfigurationManager, init=conf: {index: -1, cur=peers:[]|listeners:[], old=null}, confs=<EMPTY_MAP>
2025-07-15 19:44:26,686 [main] INFO  ha.SCMSnapshotProvider (SCMSnapshotProvider.java:<init>(61)) - Initializing SCM Snapshot Provider
2025-07-15 19:44:26,686 [main] WARN  server.ServerUtils (ServerUtils.java:getDefaultRatisDirectory(304)) - Storage directory for Ratis is not configured. It is a good idea to map this to an SSD disk. Falling back to ozone.metadata.dirs
2025-07-15 19:44:26,686 [main] WARN  ha.SCMHAUtils (SCMHAUtils.java:getSCMRatisSnapshotDirectory(120)) - SCM snapshot dir is not configured. Falling back to ozone.metadata.dirs config
2025-07-15 19:44:26,709 [main] INFO  upgrade.AbstractLayoutVersionManager (AbstractLayoutVersionManager.java:init(80)) - Initializing Layout version manager with metadata layout = HBASE_SUPPORT (version = 8), software layout = HBASE_SUPPORT (version = 8)
2025-07-15 19:44:26,732 [main] INFO  ha.SequenceIdGenerator (SequenceIdGenerator.java:upgradeToSequenceId(353)) - upgrade localId to 115816896921600000
2025-07-15 19:44:26,733 [main] INFO  ha.SequenceIdGenerator (SequenceIdGenerator.java:upgradeToSequenceId(363)) - upgrade delTxnId to 0
2025-07-15 19:44:26,739 [main] INFO  ha.SequenceIdGenerator (SequenceIdGenerator.java:upgradeToSequenceId(379)) - upgrade containerId to 0
2025-07-15 19:44:26,742 [main] INFO  ha.SequenceIdGenerator (SequenceIdGenerator.java:upgradeToCertificateSequenceId(414)) - upgrade CertificateId to 2
2025-07-15 19:44:26,745 [main] INFO  ha.SequenceIdGenerator (SequenceIdGenerator.java:<init>(231)) - Init the HA SequenceIdGenerator.
2025-07-15 19:44:26,786 [main] INFO  node.SCMNodeManager (SCMNodeManager.java:<init>(180)) - Entering startup safe mode.
2025-07-15 19:44:26,796 [main] INFO  algorithms.ContainerPlacementPolicyFactory (ContainerPlacementPolicyFactory.java:getPolicyInternal(83)) - Create container placement policy of type org.apache.hadoop.hdds.scm.container.placement.algorithms.SCMContainerPlacementRackAware
2025-07-15 19:44:26,800 [main] INFO  algorithms.ContainerPlacementPolicyFactory (ContainerPlacementPolicyFactory.java:getPolicyInternal(83)) - Create container placement policy of type org.apache.hadoop.hdds.scm.container.placement.algorithms.SCMContainerPlacementRackScatter
2025-07-15 19:44:26,807 [main] INFO  pipeline.PipelineStateManagerImpl (PipelineStateManagerImpl.java:initialize(75)) - No pipeline exists in current db
2025-07-15 19:44:26,817 [main] INFO  algorithms.LeaderChoosePolicyFactory (LeaderChoosePolicyFactory.java:getPolicy(55)) - Create leader choose policy of type org.apache.hadoop.hdds.scm.pipeline.leader.choose.algorithms.MinLeaderCountChoosePolicy
2025-07-15 19:44:26,818 [main] INFO  algorithms.ContainerPlacementPolicyFactory (ContainerPlacementPolicyFactory.java:getPolicyInternal(83)) - Create container placement policy of type org.apache.hadoop.hdds.scm.container.placement.algorithms.SCMContainerPlacementRackScatter
2025-07-15 19:44:26,825 [main] INFO  ha.SCMServiceManager (SCMServiceManager.java:register(42)) - Registering service BackgroundPipelineCreator.
2025-07-15 19:44:26,826 [main] INFO  pipeline.BackgroundPipelineCreator (BackgroundPipelineCreator.java:start(126)) - Starting RatisPipelineUtilsThread.
2025-07-15 19:44:26,829 [main] INFO  BackgroundPipelineScrubber (BackgroundSCMService.java:start(64)) - Starting BackgroundPipelineScrubber Service.
2025-07-15 19:44:26,830 [main] INFO  ha.SCMServiceManager (SCMServiceManager.java:register(42)) - Registering service BackgroundPipelineScrubber.
2025-07-15 19:44:26,840 [main] INFO  ExpiredContainerReplicaOpScrubber (BackgroundSCMService.java:start(64)) - Starting ExpiredContainerReplicaOpScrubber Service.
2025-07-15 19:44:26,841 [main] INFO  ha.SCMServiceManager (SCMServiceManager.java:register(42)) - Registering service ExpiredContainerReplicaOpScrubber.
2025-07-15 19:44:26,861 [main] INFO  algorithms.PipelineChoosePolicyFactory (PipelineChoosePolicyFactory.java:createPipelineChoosePolicyFromClass(78)) - Create pipeline choose policy of type org.apache.hadoop.hdds.scm.pipeline.choose.algorithms.RandomPipelineChoosePolicy
2025-07-15 19:44:26,861 [main] INFO  algorithms.PipelineChoosePolicyFactory (PipelineChoosePolicyFactory.java:createPipelineChoosePolicyFromClass(78)) - Create pipeline choose policy of type org.apache.hadoop.hdds.scm.pipeline.choose.algorithms.RandomPipelineChoosePolicy
2025-07-15 19:44:26,889 [main] INFO  ha.SCMServiceManager (SCMServiceManager.java:register(42)) - Registering service SCMBlockDeletingService.
2025-07-15 19:44:26,929 [main] INFO  replication.ReplicationManager (ReplicationManager.java:start(285)) - Starting Replication Monitor Thread.
2025-07-15 19:44:26,930 [main] INFO  ha.SCMServiceManager (SCMServiceManager.java:register(42)) - Registering service ReplicationManager.
2025-07-15 19:44:26,938 [main] INFO  safemode.RatisContainerSafeModeRule (RatisContainerSafeModeRule.java:initializeRule(160)) - Refreshed Containers with one replica threshold count 0.
2025-07-15 19:44:26,940 [main] INFO  safemode.ECContainerSafeModeRule (ECContainerSafeModeRule.java:initializeRule(204)) - Refreshed Containers with ec n replica threshold count 0.
2025-07-15 19:44:26,944 [main] INFO  safemode.HealthyPipelineSafeModeRule (HealthyPipelineSafeModeRule.java:initializeRule(232)) - Total pipeline count is 0, healthy pipeline threshold count is 1
2025-07-15 19:44:26,945 [main] INFO  safemode.OneReplicaPipelineSafeModeRule (OneReplicaPipelineSafeModeRule.java:initializeRule(190)) - Total pipeline count is 0, pipeline's with at least one datanode reported threshold count is 0
2025-07-15 19:44:26,996 [main] INFO  server.StorageContainerManager (StorageContainerManager.java:<init>(433)) - SCM start with adminUsers: [admin, runner]
2025-07-15 19:44:27,201 [main] INFO  audit.AuditLogger (AuditLogger.java:refreshDebugCmdSet(133)) - Refresh DebugCmdSet for SCMAudit to [].
2025-07-15 19:44:27,219 [main] INFO  ipc.CallQueueManager (CallQueueManager.java:<init>(93)) - Using callQueue: class java.util.concurrent.LinkedBlockingQueue, queueCapacity: 10000, scheduler: class org.apache.hadoop.ipc.DefaultRpcScheduler, ipcBackoff: false, ipcFailOver: false.
2025-07-15 19:44:27,239 [main] INFO  ipc.Server (Server.java:<init>(1438)) - Listener at 0.0.0.0:15002
2025-07-15 19:44:27,240 [Socket Reader #1 for port 15002] INFO  ipc.Server (Server.java:run(1474)) - Starting Socket Reader #1 for port 15002
2025-07-15 19:44:27,241 [Socket Reader #3 for port 15002] INFO  ipc.Server (Server.java:run(1474)) - Starting Socket Reader #3 for port 15002
2025-07-15 19:44:27,242 [Socket Reader #4 for port 15002] INFO  ipc.Server (Server.java:run(1474)) - Starting Socket Reader #4 for port 15002
2025-07-15 19:44:27,240 [Socket Reader #2 for port 15002] INFO  ipc.Server (Server.java:run(1474)) - Starting Socket Reader #2 for port 15002
2025-07-15 19:44:27,243 [Socket Reader #5 for port 15002] INFO  ipc.Server (Server.java:run(1474)) - Starting Socket Reader #5 for port 15002
2025-07-15 19:44:27,243 [Socket Reader #6 for port 15002] INFO  ipc.Server (Server.java:run(1474)) - Starting Socket Reader #6 for port 15002
2025-07-15 19:44:27,244 [Socket Reader #8 for port 15002] INFO  ipc.Server (Server.java:run(1474)) - Starting Socket Reader #8 for port 15002
2025-07-15 19:44:27,244 [Socket Reader #9 for port 15002] INFO  ipc.Server (Server.java:run(1474)) - Starting Socket Reader #9 for port 15002
2025-07-15 19:44:27,244 [Socket Reader #7 for port 15002] INFO  ipc.Server (Server.java:run(1474)) - Starting Socket Reader #7 for port 15002
2025-07-15 19:44:27,245 [Socket Reader #10 for port 15002] INFO  ipc.Server (Server.java:run(1474)) - Starting Socket Reader #10 for port 15002
2025-07-15 19:44:27,289 [main] INFO  audit.AuditLogger (AuditLogger.java:refreshDebugCmdSet(133)) - Refresh DebugCmdSet for SCMAudit to [].
2025-07-15 19:44:27,294 [main] INFO  ipc.CallQueueManager (CallQueueManager.java:<init>(93)) - Using callQueue: class java.util.concurrent.LinkedBlockingQueue, queueCapacity: 10000, scheduler: class org.apache.hadoop.ipc.DefaultRpcScheduler, ipcBackoff: false, ipcFailOver: false.
2025-07-15 19:44:27,295 [main] INFO  ipc.Server (Server.java:<init>(1438)) - Listener at 0.0.0.0:15001
2025-07-15 19:44:27,295 [Socket Reader #1 for port 15001] INFO  ipc.Server (Server.java:run(1474)) - Starting Socket Reader #1 for port 15001
2025-07-15 19:44:27,296 [Socket Reader #2 for port 15001] INFO  ipc.Server (Server.java:run(1474)) - Starting Socket Reader #2 for port 15001
2025-07-15 19:44:27,296 [Socket Reader #3 for port 15001] INFO  ipc.Server (Server.java:run(1474)) - Starting Socket Reader #3 for port 15001
2025-07-15 19:44:27,297 [Socket Reader #4 for port 15001] INFO  ipc.Server (Server.java:run(1474)) - Starting Socket Reader #4 for port 15001
2025-07-15 19:44:27,297 [Socket Reader #5 for port 15001] INFO  ipc.Server (Server.java:run(1474)) - Starting Socket Reader #5 for port 15001
2025-07-15 19:44:27,298 [Socket Reader #6 for port 15001] INFO  ipc.Server (Server.java:run(1474)) - Starting Socket Reader #6 for port 15001
2025-07-15 19:44:27,298 [Socket Reader #7 for port 15001] INFO  ipc.Server (Server.java:run(1474)) - Starting Socket Reader #7 for port 15001
2025-07-15 19:44:27,299 [Socket Reader #8 for port 15001] INFO  ipc.Server (Server.java:run(1474)) - Starting Socket Reader #8 for port 15001
2025-07-15 19:44:27,299 [Socket Reader #9 for port 15001] INFO  ipc.Server (Server.java:run(1474)) - Starting Socket Reader #9 for port 15001
2025-07-15 19:44:27,300 [Socket Reader #10 for port 15001] INFO  ipc.Server (Server.java:run(1474)) - Starting Socket Reader #10 for port 15001
2025-07-15 19:44:27,332 [main] INFO  audit.AuditLogger (AuditLogger.java:refreshDebugCmdSet(133)) - Refresh DebugCmdSet for SCMAudit to [].
2025-07-15 19:44:27,343 [main] INFO  ipc.CallQueueManager (CallQueueManager.java:<init>(93)) - Using callQueue: class java.util.concurrent.LinkedBlockingQueue, queueCapacity: 10000, scheduler: class org.apache.hadoop.ipc.DefaultRpcScheduler, ipcBackoff: false, ipcFailOver: false.
2025-07-15 19:44:27,343 [main] INFO  ipc.Server (Server.java:<init>(1438)) - Listener at 0.0.0.0:15000
2025-07-15 19:44:27,344 [Socket Reader #1 for port 15000] INFO  ipc.Server (Server.java:run(1474)) - Starting Socket Reader #1 for port 15000
2025-07-15 19:44:27,344 [Socket Reader #2 for port 15000] INFO  ipc.Server (Server.java:run(1474)) - Starting Socket Reader #2 for port 15000
2025-07-15 19:44:27,344 [Socket Reader #3 for port 15000] INFO  ipc.Server (Server.java:run(1474)) - Starting Socket Reader #3 for port 15000
2025-07-15 19:44:27,345 [Socket Reader #4 for port 15000] INFO  ipc.Server (Server.java:run(1474)) - Starting Socket Reader #4 for port 15000
2025-07-15 19:44:27,345 [Socket Reader #5 for port 15000] INFO  ipc.Server (Server.java:run(1474)) - Starting Socket Reader #5 for port 15000
2025-07-15 19:44:27,346 [Socket Reader #6 for port 15000] INFO  ipc.Server (Server.java:run(1474)) - Starting Socket Reader #6 for port 15000
2025-07-15 19:44:27,346 [Socket Reader #7 for port 15000] INFO  ipc.Server (Server.java:run(1474)) - Starting Socket Reader #7 for port 15000
2025-07-15 19:44:27,347 [Socket Reader #8 for port 15000] INFO  ipc.Server (Server.java:run(1474)) - Starting Socket Reader #8 for port 15000
2025-07-15 19:44:27,347 [Socket Reader #9 for port 15000] INFO  ipc.Server (Server.java:run(1474)) - Starting Socket Reader #9 for port 15000
2025-07-15 19:44:27,347 [Socket Reader #10 for port 15000] INFO  ipc.Server (Server.java:run(1474)) - Starting Socket Reader #10 for port 15000
2025-07-15 19:44:27,395 [main] INFO  ha.SCMServiceManager (SCMServiceManager.java:register(42)) - Registering service ContainerBalancer.
2025-07-15 19:44:27,396 [main] INFO  ha.SCMContext (SCMContext.java:updateSafeModeStatus(224)) - Update SafeModeStatus from SafeModeStatus{safeModeStatus=true, preCheckPassed=false} to SafeModeStatus{safeModeStatus=true, preCheckPassed=false}.
2025-07-15 19:44:27,404 [main] INFO  server.StorageContainerManager (StorageContainerManager.java:start(1513)) - StorageContainerLocationProtocol RPC server is listening at /0.0.0.0:15000
2025-07-15 19:44:27,405 [main] INFO  ha.SCMRatisServerImpl (SCMRatisServerImpl.java:start(203)) - starting ratis server 0.0.0.0:15004
2025-07-15 19:44:27,406 [5b76e34f-336a-4d5f-b46b-52fa87015b9f-impl-thread1] INFO  storage.RaftStorageDirectory (RaftStorageDirectoryImpl.java:tryLock(229)) - Lock on /home/runner/work/ozone/ozone/hadoop-ozone/integration-test/target/test-dir/MiniOzoneClusterImpl-7a2c00ee-15e1-4921-aa6b-526c14ec89d8/ozone-meta/scm-ha/7a2c00ee-15e1-4921-aa6b-526c14ec89d8/in_use.lock acquired by nodename 18953@localhost
2025-07-15 19:44:27,408 [5b76e34f-336a-4d5f-b46b-52fa87015b9f-impl-thread1] INFO  storage.RaftStorage (RaftStorageImpl.java:analyzeAndRecoverStorage(118)) - Read RaftStorageMetadata{term=1, votedFor=5b76e34f-336a-4d5f-b46b-52fa87015b9f} from /home/runner/work/ozone/ozone/hadoop-ozone/integration-test/target/test-dir/MiniOzoneClusterImpl-7a2c00ee-15e1-4921-aa6b-526c14ec89d8/ozone-meta/scm-ha/7a2c00ee-15e1-4921-aa6b-526c14ec89d8/current/raft-meta
2025-07-15 19:44:27,410 [5b76e34f-336a-4d5f-b46b-52fa87015b9f-impl-thread1] INFO  server.RaftServer$Division (ServerState.java:setRaftConf(386)) - 5b76e34f-336a-4d5f-b46b-52fa87015b9f@group-526C14EC89D8: set configuration conf: {index: 0, cur=peers:[5b76e34f-336a-4d5f-b46b-52fa87015b9f|localhost:15004]|listeners:[], old=null}
2025-07-15 19:44:27,410 [5b76e34f-336a-4d5f-b46b-52fa87015b9f-impl-thread1] INFO  ha.SCMStateMachine (SCMStateMachine.java:lambda$initialize$0(135)) - 5b76e34f-336a-4d5f-b46b-52fa87015b9f: initialize group-526C14EC89D8
2025-07-15 19:44:27,411 [5b76e34f-336a-4d5f-b46b-52fa87015b9f-impl-thread1] INFO  server.RaftServerConfigKeys (ConfUtils.java:logGet(62)) - raft.server.log.appender.buffer.byte-limit = 4194304 (custom)
2025-07-15 19:44:27,413 [5b76e34f-336a-4d5f-b46b-52fa87015b9f-impl-thread1] INFO  server.RaftServerConfigKeys (ConfUtils.java:logGet(62)) - raft.server.log.segment.size.max = 4194304 (custom)
2025-07-15 19:44:27,413 [5b76e34f-336a-4d5f-b46b-52fa87015b9f-impl-thread1] INFO  server.RaftServerConfigKeys (ConfUtils.java:logGet(62)) - raft.server.log.appender.buffer.byte-limit = 4194304 (custom)
2025-07-15 19:44:27,413 [5b76e34f-336a-4d5f-b46b-52fa87015b9f-impl-thread1] INFO  util.AwaitToRun (AwaitToRun.java:start(81)) - Thread[#112,5b76e34f-336a-4d5f-b46b-52fa87015b9f@group-526C14EC89D8-cacheEviction-AwaitToRun,5,main] started
2025-07-15 19:44:27,413 [5b76e34f-336a-4d5f-b46b-52fa87015b9f-impl-thread1] INFO  segmented.SegmentedRaftLogWorker (SegmentedRaftLogWorker.java:<init>(190)) - new 5b76e34f-336a-4d5f-b46b-52fa87015b9f@group-526C14EC89D8-SegmentedRaftLogWorker for RaftStorageImpl:Storage Directory /home/runner/work/ozone/ozone/hadoop-ozone/integration-test/target/test-dir/MiniOzoneClusterImpl-7a2c00ee-15e1-4921-aa6b-526c14ec89d8/ozone-meta/scm-ha/7a2c00ee-15e1-4921-aa6b-526c14ec89d8
2025-07-15 19:44:27,414 [5b76e34f-336a-4d5f-b46b-52fa87015b9f-impl-thread1] INFO  server.RaftServerConfigKeys (ConfUtils.java:logGet(62)) - raft.server.log.segment.size.max = 4194304 (custom)
2025-07-15 19:44:27,414 [5b76e34f-336a-4d5f-b46b-52fa87015b9f-impl-thread1] INFO  server.RaftServerConfigKeys (ConfUtils.java:logGet(62)) - raft.server.log.preallocated.size = 4194304 (custom)
2025-07-15 19:44:27,414 [5b76e34f-336a-4d5f-b46b-52fa87015b9f-impl-thread1] INFO  server.RaftServerConfigKeys (ConfUtils.java:logGet(62)) - raft.server.log.write.buffer.size = 4194312 (custom)
2025-07-15 19:44:27,415 [5b76e34f-336a-4d5f-b46b-52fa87015b9f-impl-thread1] INFO  server.RaftServerConfigKeys (ConfUtils.java:logGet(62)) - raft.server.log.appender.buffer.byte-limit = 4194304 (custom)
2025-07-15 19:44:27,419 [5b76e34f-336a-4d5f-b46b-52fa87015b9f-impl-thread1] INFO  server.RaftServer$Division (ServerState.java:setRaftConf(386)) - 5b76e34f-336a-4d5f-b46b-52fa87015b9f@group-526C14EC89D8: set configuration conf: {index: 0, cur=peers:[5b76e34f-336a-4d5f-b46b-52fa87015b9f|localhost:15004]|listeners:[], old=null}
2025-07-15 19:44:27,420 [5b76e34f-336a-4d5f-b46b-52fa87015b9f-impl-thread1] INFO  segmented.LogSegment (LogSegment.java:loadSegment(171)) - Successfully read 1 entries from segment file /home/runner/work/ozone/ozone/hadoop-ozone/integration-test/target/test-dir/MiniOzoneClusterImpl-7a2c00ee-15e1-4921-aa6b-526c14ec89d8/ozone-meta/scm-ha/7a2c00ee-15e1-4921-aa6b-526c14ec89d8/current/log_inprogress_0
2025-07-15 19:44:27,420 [5b76e34f-336a-4d5f-b46b-52fa87015b9f-impl-thread1] INFO  segmented.SegmentedRaftLogWorker (SegmentedRaftLogWorker.java:lambda$new$0(141)) - 5b76e34f-336a-4d5f-b46b-52fa87015b9f@group-526C14EC89D8-SegmentedRaftLogWorker: safeCacheEvictIndex: setUnconditionally 0 -> -1
2025-07-15 19:44:27,420 [5b76e34f-336a-4d5f-b46b-52fa87015b9f-impl-thread1] INFO  segmented.BufferedWriteChannel (BufferedWriteChannel.java:open(61)) - open log_inprogress_0 (append) at position 76
2025-07-15 19:44:27,421 [5b76e34f-336a-4d5f-b46b-52fa87015b9f-impl-thread1] INFO  server.RaftServer$Division (RaftServerImpl.java:start(405)) - 5b76e34f-336a-4d5f-b46b-52fa87015b9f@group-526C14EC89D8: start as a follower, conf=conf: {index: 0, cur=peers:[5b76e34f-336a-4d5f-b46b-52fa87015b9f|localhost:15004]|listeners:[], old=null}
2025-07-15 19:44:27,421 [5b76e34f-336a-4d5f-b46b-52fa87015b9f-impl-thread1] INFO  server.RaftServer$Division (RaftServerImpl.java:setRole(392)) - 5b76e34f-336a-4d5f-b46b-52fa87015b9f@group-526C14EC89D8: changes role from      null to FOLLOWER at term 1 for startAsFollower
2025-07-15 19:44:27,421 [5b76e34f-336a-4d5f-b46b-52fa87015b9f-impl-thread1] INFO  impl.RoleInfo (RoleInfo.java:updateAndGet(148)) - 5b76e34f-336a-4d5f-b46b-52fa87015b9f: start 5b76e34f-336a-4d5f-b46b-52fa87015b9f@group-526C14EC89D8-FollowerState
2025-07-15 19:44:27,422 [5b76e34f-336a-4d5f-b46b-52fa87015b9f-impl-thread1] INFO  util.JmxRegister (JmxRegister.java:tryRegister(44)) - Successfully registered JMX Bean with object name Ratis:service=RaftServer,group=group-526C14EC89D8,id=5b76e34f-336a-4d5f-b46b-52fa87015b9f
2025-07-15 19:44:27,422 [5b76e34f-336a-4d5f-b46b-52fa87015b9f-impl-thread1] INFO  util.JmxRegister (JmxRegister.java:register(58)) - register mxBean class org.apache.ratis.server.impl.RaftServerJmxAdapter as Ratis:service=RaftServer,group=group-526C14EC89D8,id=5b76e34f-336a-4d5f-b46b-52fa87015b9f
2025-07-15 19:44:27,423 [5b76e34f-336a-4d5f-b46b-52fa87015b9f-impl-thread1] INFO  server.RaftServer$Division (RaftServerImpl.java:start(419)) - 5b76e34f-336a-4d5f-b46b-52fa87015b9f@group-526C14EC89D8: Successfully started.
2025-07-15 19:44:27,423 [main] INFO  server.RaftServer (RaftServerProxy.java:startImpl(412)) - 5b76e34f-336a-4d5f-b46b-52fa87015b9f: start RPC server
2025-07-15 19:44:27,425 [main] INFO  server.GrpcServicesImpl (GrpcServicesImpl.java:startImpl(346)) - 5b76e34f-336a-4d5f-b46b-52fa87015b9f: GrpcServicesImpl started, listening on 15004
2025-07-15 19:44:27,426 [JvmPauseMonitor1] INFO  util.JvmPauseMonitor (JvmPauseMonitor.java:run(146)) - JvmPauseMonitor-5b76e34f-336a-4d5f-b46b-52fa87015b9f: Started
2025-07-15 19:44:27,435 [main] INFO  ha.SCMHAManagerImpl (SCMHAManagerImpl.java:start(131)) -  scm role is FOLLOWER peers [5b76e34f-336a-4d5f-b46b-52fa87015b9f|localhost:15004]
2025-07-15 19:44:27,435 [main] INFO  ha.InterSCMGrpcService (InterSCMGrpcProtocolService.java:start(98)) - Starting SCM Grpc Service at port 15005
2025-07-15 19:44:27,437 [main] INFO  SCMHATransactionMonitor (BackgroundSCMService.java:start(64)) - Starting SCMHATransactionMonitor Service.
2025-07-15 19:44:27,437 [main] INFO  ha.SCMServiceManager (SCMServiceManager.java:register(42)) - Registering service SCMHATransactionMonitor.
2025-07-15 19:44:27,437 [main] INFO  SCMHATransactionMonitor (BackgroundSCMService.java:start(61)) - SCMHATransactionMonitor Service is already running, skip start.
2025-07-15 19:44:27,481 [main] WARN  impl.MetricsConfig (MetricsConfig.java:loadFirst(138)) - Cannot locate configuration: tried hadoop-metrics2-storagecontainermanager.properties,hadoop-metrics2.properties
2025-07-15 19:44:27,489 [main] INFO  impl.MetricsSystemImpl (MetricsSystemImpl.java:startTimer(378)) - Scheduled Metric snapshot period at 10 second(s).
2025-07-15 19:44:27,490 [main] INFO  impl.MetricsSystemImpl (MetricsSystemImpl.java:start(191)) - StorageContainerManager metrics system started
2025-07-15 19:44:27,633 [main] INFO  server.SCMClientProtocolServer (SCMClientProtocolServer.java:start(209)) - RPC server for Client  is listening at /0.0.0.0:15000
2025-07-15 19:44:27,634 [IPC Server Responder] INFO  ipc.Server (Server.java:run(1713)) - IPC Server Responder: starting
2025-07-15 19:44:27,634 [IPC Server listener on 15000] INFO  ipc.Server (Server.java:run(1553)) - IPC Server listener on 15000: starting
2025-07-15 19:44:27,653 [main] INFO  server.StorageContainerManager (StorageContainerManager.java:start(1526)) - ScmBlockLocationProtocol RPC server is listening at /0.0.0.0:15001
2025-07-15 19:44:27,654 [main] INFO  server.SCMBlockProtocolServer (SCMBlockProtocolServer.java:start(166)) - RPC server for Block Protocol is listening at /0.0.0.0:15001
2025-07-15 19:44:27,655 [IPC Server Responder] INFO  ipc.Server (Server.java:run(1713)) - IPC Server Responder: starting
2025-07-15 19:44:27,655 [IPC Server listener on 15001] INFO  ipc.Server (Server.java:run(1553)) - IPC Server listener on 15001: starting
2025-07-15 19:44:27,674 [main] INFO  utils.BackgroundService (BackgroundService.java:start(118)) - Starting service SCMBlockDeletingService with interval 60000 milliseconds
2025-07-15 19:44:27,685 [main] INFO  http.BaseHttpServer (BaseHttpServer.java:newHttpServer2BuilderForOzone(229)) - Starting Web-server for scm at: http://0.0.0.0:15003
2025-07-15 19:44:27,686 [main] INFO  http.BaseHttpServer (BaseHttpServer.java:<init>(107)) - Hadoop Security Enabled: false Ozone Security Enabled: false Ozone HTTP Security Enabled: false 
2025-07-15 19:44:27,705 [main] INFO  util.log (Log.java:initialized(170)) - Logging initialized @6199ms to org.eclipse.jetty.util.log.Slf4jLog
2025-07-15 19:44:27,773 [main] WARN  server.AuthenticationFilter (AuthenticationFilter.java:constructSecretProvider(240)) - Unable to initialize FileSignerSecretProvider, falling back to use random secrets. Reason: Could not read signature secret file: /home/runner/hadoop-http-auth-signature-secret
2025-07-15 19:44:27,797 [main] INFO  http.HttpServer2 (HttpServer2.java:addGlobalFilter(1042)) - Added global filter 'safety' (class=org.apache.hadoop.hdds.server.http.HttpServer2$QuotingInputFilter)
2025-07-15 19:44:27,799 [main] INFO  http.HttpServer2 (HttpServer2.java:addFilter(1018)) - Added filter static_user_filter (class=org.apache.hadoop.http.lib.StaticUserWebFilter$StaticUserFilter) to context scm
2025-07-15 19:44:27,799 [main] INFO  http.HttpServer2 (HttpServer2.java:addFilter(1026)) - Added filter static_user_filter (class=org.apache.hadoop.http.lib.StaticUserWebFilter$StaticUserFilter) to context static
2025-07-15 19:44:27,800 [main] INFO  http.HttpServer2 (HttpServer2.java:addFilter(1026)) - Added filter static_user_filter (class=org.apache.hadoop.http.lib.StaticUserWebFilter$StaticUserFilter) to context logs
2025-07-15 19:44:27,820 [main] INFO  http.BaseHttpServer (BaseHttpServer.java:<init>(195)) - HTTP server of scm uses base directory /home/runner/work/ozone/ozone/hadoop-ozone/integration-test/target/test-dir/MiniOzoneClusterImpl-7a2c00ee-15e1-4921-aa6b-526c14ec89d8/ozone-meta/webserver
2025-07-15 19:44:27,821 [main] INFO  http.HttpServer2 (HttpServer2.java:bindListener(1242)) - Jetty bound to port 15003
2025-07-15 19:44:27,821 [main] INFO  server.Server (Server.java:doStart(375)) - jetty-9.4.57.v20241219; built: 2025-01-08T21:24:30.412Z; git: df524e6b29271c2e09ba9aea83c18dc9db464a31; jvm 21.0.7+6-LTS
2025-07-15 19:44:27,838 [main] INFO  server.session (DefaultSessionIdManager.java:doStart(334)) - DefaultSessionIdManager workerName=node0
2025-07-15 19:44:27,839 [main] INFO  server.session (DefaultSessionIdManager.java:doStart(339)) - No SessionScavenger set, using defaults
2025-07-15 19:44:27,840 [main] INFO  server.session (HouseKeeper.java:startScavenging(132)) - node0 Scavenging every 600000ms
2025-07-15 19:44:27,848 [main] INFO  handler.ContextHandler (ContextHandler.java:doStart(921)) - Started o.e.j.s.ServletContextHandler@71842e18{logs,/logs,file:///home/runner/work/ozone/ozone/hadoop-ozone/integration-test/target/log,AVAILABLE}
2025-07-15 19:44:27,848 [main] INFO  handler.ContextHandler (ContextHandler.java:doStart(921)) - Started o.e.j.s.ServletContextHandler@47bbf44d{static,/static,file:///home/runner/work/ozone/ozone/hadoop-ozone/integration-test/target/test-classes/webapps/static,AVAILABLE}
2025-07-15 19:44:27,880 [main] INFO  handler.ContextHandler (ContextHandler.java:doStart(921)) - Started o.e.j.w.WebAppContext@cbaabfb{scm,/,file:///home/runner/work/ozone/ozone/hadoop-ozone/integration-test/target/test-classes/webapps/scm/,AVAILABLE}{file:/home/runner/work/ozone/ozone/hadoop-ozone/integration-test/target/test-classes/webapps/scm}
2025-07-15 19:44:27,884 [main] INFO  server.AbstractConnector (AbstractConnector.java:doStart(333)) - Started ServerConnector@3d67e3d3{HTTP/1.1, (http/1.1)}{0.0.0.0:15003}
2025-07-15 19:44:27,884 [main] INFO  server.Server (Server.java:doStart(415)) - Started @6378ms
2025-07-15 19:44:27,886 [main] INFO  impl.MetricsSinkAdapter (MetricsSinkAdapter.java:start(204)) - Sink prometheus started
2025-07-15 19:44:27,886 [main] INFO  impl.MetricsSystemImpl (MetricsSystemImpl.java:registerSink(305)) - Registered sink prometheus
2025-07-15 19:44:27,887 [main] INFO  http.BaseHttpServer (BaseHttpServer.java:updateConnectorAddress(359)) - HTTP server of scm listening at http://localhost:15003
2025-07-15 19:44:27,893 [main] WARN  server.ServerUtils (ServerUtils.java:getDBPath(292)) - ozone.om.db.dirs is not configured. We recommend adding this setting. Falling back to ozone.metadata.dirs instead.
2025-07-15 19:44:27,945 [main] INFO  audit.AuditLogger (AuditLogger.java:refreshDebugCmdSet(133)) - Refresh DebugCmdSet for OMAudit to [].
2025-07-15 19:44:27,961 [main] INFO  audit.AuditLogger (AuditLogger.java:refreshDebugCmdSet(133)) - Refresh DebugCmdSet for OMSystemAudit to [].
2025-07-15 19:44:28,003 [main] INFO  ha.OMHANodeDetails (OMHANodeDetails.java:loadOMHAConfig(113)) - ozone.om.internal.service.id is not defined, falling back to ozone.om.service.ids to find serviceID for OzoneManager if it is HA enabled cluster
2025-07-15 19:44:28,015 [main] INFO  ha.OMHANodeDetails (OMHANodeDetails.java:loadOMHAConfig(224)) - Configuration does not have ozone.om.address set. Falling back to the default OM address /127.0.0.1:15006
2025-07-15 19:44:28,016 [main] INFO  ha.OMHANodeDetails (OMHANodeDetails.java:getOMNodeDetailsForNonHA(252)) - OM Service ID is not set. Setting it to the default ID: omServiceIdDefault
2025-07-15 19:44:28,016 [main] INFO  ha.OMHANodeDetails (OMHANodeDetails.java:getOMNodeDetailsForNonHA(259)) - OM Node ID is not set. Setting it to the default ID: om1
2025-07-15 19:44:28,020 [main] WARN  server.ServerUtils (ServerUtils.java:getDBPath(292)) - ozone.om.db.dirs is not configured. We recommend adding this setting. Falling back to ozone.metadata.dirs instead.
2025-07-15 19:44:28,025 [main] INFO  upgrade.AbstractLayoutVersionManager (AbstractLayoutVersionManager.java:init(80)) - Initializing Layout version manager with metadata layout = DELEGATION_TOKEN_SYMMETRIC_SIGN (version = 8), software layout = DELEGATION_TOKEN_SYMMETRIC_SIGN (version = 8)
2025-07-15 19:44:28,160 [main] INFO  reflections.Reflections (Reflections.java:scan(219)) - Reflections took 133 ms to scan 2 urls, producing 211 keys and 622 values
2025-07-15 19:44:28,164 [main] INFO  upgrade.OMLayoutVersionManager (OMLayoutVersionManager.java:lambda$0(110)) - Skipping Upgrade Action QuotaRepairUpgradeAction since it has been finalized.
2025-07-15 19:44:28,165 [main] INFO  upgrade.OMLayoutVersionManager (OMLayoutVersionManager.java:lambda$0(110)) - Skipping Upgrade Action MockOmUpgradeAction since it has been finalized.
2025-07-15 19:44:28,167 [main] WARN  server.ServerUtils (ServerUtils.java:getDBPath(292)) - ozone.om.db.dirs is not configured. We recommend adding this setting. Falling back to ozone.metadata.dirs instead.
2025-07-15 19:44:28,172 [main] INFO  om.OzoneManager (OzoneManager.java:setReplicationFromConfig(4648)) - Set default replication in OM: RATIS/3 -> RATIS/THREE
2025-07-15 19:44:28,177 [main] INFO  proxy.SCMContainerLocationFailoverProxyProvider (SCMFailoverProxyProviderBase.java:<init>(120)) - Created fail-over proxy for protocol StorageContainerLocationProtocolPB with 1 nodes: [nodeId=scmNodeId,nodeAddress=/0.0.0.0:15000]
2025-07-15 19:44:28,213 [main] INFO  proxy.SCMBlockLocationFailoverProxyProvider (SCMFailoverProxyProviderBase.java:<init>(120)) - Created fail-over proxy for protocol ScmBlockLocationProtocolPB with 1 nodes: [nodeId=scmNodeId,nodeAddress=/0.0.0.0:15001]
2025-07-15 19:44:28,229 [main] INFO  proxy.SCMBlockLocationFailoverProxyProvider (SCMFailoverProxyProviderBase.java:<init>(120)) - Created fail-over proxy for protocol ScmBlockLocationProtocolPB with 1 nodes: [nodeId=scmNodeId,nodeAddress=/0.0.0.0:15001]
2025-07-15 19:44:28,580 [5b76e34f-336a-4d5f-b46b-52fa87015b9f@group-526C14EC89D8-FollowerState] INFO  impl.FollowerState (FollowerState.java:runImpl(161)) - 5b76e34f-336a-4d5f-b46b-52fa87015b9f@group-526C14EC89D8-FollowerState: change to CANDIDATE, lastRpcElapsedTime:1159540804ns, electionTimeout:1159ms
2025-07-15 19:44:28,581 [5b76e34f-336a-4d5f-b46b-52fa87015b9f@group-526C14EC89D8-FollowerState] INFO  impl.RoleInfo (RoleInfo.java:shutdownFollowerState(121)) - 5b76e34f-336a-4d5f-b46b-52fa87015b9f: shutdown 5b76e34f-336a-4d5f-b46b-52fa87015b9f@group-526C14EC89D8-FollowerState
2025-07-15 19:44:28,582 [5b76e34f-336a-4d5f-b46b-52fa87015b9f@group-526C14EC89D8-FollowerState] INFO  server.RaftServer$Division (RaftServerImpl.java:setRole(392)) - 5b76e34f-336a-4d5f-b46b-52fa87015b9f@group-526C14EC89D8: changes role from  FOLLOWER to CANDIDATE at term 1 for changeToCandidate
2025-07-15 19:44:28,582 [5b76e34f-336a-4d5f-b46b-52fa87015b9f@group-526C14EC89D8-FollowerState] INFO  impl.RoleInfo (RoleInfo.java:updateAndGet(148)) - 5b76e34f-336a-4d5f-b46b-52fa87015b9f: start 5b76e34f-336a-4d5f-b46b-52fa87015b9f@group-526C14EC89D8-LeaderElection2
2025-07-15 19:44:28,582 [5b76e34f-336a-4d5f-b46b-52fa87015b9f@group-526C14EC89D8-LeaderElection2] INFO  impl.LeaderElection (LeaderElection.java:askForVotes(448)) - 5b76e34f-336a-4d5f-b46b-52fa87015b9f@group-526C14EC89D8-LeaderElection2 PRE_VOTE round 0: submit vote requests at term 1 for conf: {index: 0, cur=peers:[5b76e34f-336a-4d5f-b46b-52fa87015b9f|localhost:15004]|listeners:[], old=null}
2025-07-15 19:44:28,583 [5b76e34f-336a-4d5f-b46b-52fa87015b9f@group-526C14EC89D8-LeaderElection2] INFO  impl.LeaderElection (LeaderElection.java:askForVotes(450)) - 5b76e34f-336a-4d5f-b46b-52fa87015b9f@group-526C14EC89D8-LeaderElection2 PRE_VOTE round 0: result PASSED (term=1)
2025-07-15 19:44:28,585 [5b76e34f-336a-4d5f-b46b-52fa87015b9f@group-526C14EC89D8-LeaderElection2] INFO  impl.LeaderElection (LeaderElection.java:askForVotes(448)) - 5b76e34f-336a-4d5f-b46b-52fa87015b9f@group-526C14EC89D8-LeaderElection2 ELECTION round 0: submit vote requests at term 2 for conf: {index: 0, cur=peers:[5b76e34f-336a-4d5f-b46b-52fa87015b9f|localhost:15004]|listeners:[], old=null}
2025-07-15 19:44:28,585 [5b76e34f-336a-4d5f-b46b-52fa87015b9f@group-526C14EC89D8-LeaderElection2] INFO  impl.LeaderElection (LeaderElection.java:askForVotes(450)) - 5b76e34f-336a-4d5f-b46b-52fa87015b9f@group-526C14EC89D8-LeaderElection2 ELECTION round 0: result PASSED (term=2)
2025-07-15 19:44:28,585 [5b76e34f-336a-4d5f-b46b-52fa87015b9f@group-526C14EC89D8-LeaderElection2] INFO  impl.RoleInfo (RoleInfo.java:shutdownLeaderElection(141)) - 5b76e34f-336a-4d5f-b46b-52fa87015b9f: shutdown 5b76e34f-336a-4d5f-b46b-52fa87015b9f@group-526C14EC89D8-LeaderElection2
2025-07-15 19:44:28,585 [5b76e34f-336a-4d5f-b46b-52fa87015b9f@group-526C14EC89D8-LeaderElection2] INFO  server.RaftServer$Division (RaftServerImpl.java:setRole(392)) - 5b76e34f-336a-4d5f-b46b-52fa87015b9f@group-526C14EC89D8: changes role from CANDIDATE to LEADER at term 2 for changeToLeader
2025-07-15 19:44:28,585 [5b76e34f-336a-4d5f-b46b-52fa87015b9f@group-526C14EC89D8-LeaderElection2] INFO  server.RaftServerConfigKeys (ConfUtils.java:logFallback(69)) - raft.server.staging.timeout = 15600ms (fallback to raft.server.rpc.timeout.max)
2025-07-15 19:44:28,587 [5b76e34f-336a-4d5f-b46b-52fa87015b9f@group-526C14EC89D8-LeaderElection2] INFO  impl.RoleInfo (RoleInfo.java:updateAndGet(148)) - 5b76e34f-336a-4d5f-b46b-52fa87015b9f: start 5b76e34f-336a-4d5f-b46b-52fa87015b9f@group-526C14EC89D8-LeaderStateImpl
2025-07-15 19:44:28,587 [5b76e34f-336a-4d5f-b46b-52fa87015b9f@group-526C14EC89D8-LeaderElection2] INFO  server.RaftServer$Division (RaftServerImpl.java:setFirstElection(576)) - 5b76e34f-336a-4d5f-b46b-52fa87015b9f@group-526C14EC89D8: set firstElectionSinceStartup to false for becomeLeader
2025-07-15 19:44:28,587 [5b76e34f-336a-4d5f-b46b-52fa87015b9f@group-526C14EC89D8-LeaderElection2] INFO  ha.SCMStateMachine (SCMStateMachine.java:notifyLeaderChanged(293)) - current SCM becomes leader of term 2.
2025-07-15 19:44:28,588 [5b76e34f-336a-4d5f-b46b-52fa87015b9f@group-526C14EC89D8-LeaderElection2] INFO  ha.SCMContext (SCMContext.java:updateLeaderAndTerm(95)) - update <isLeader,term> from <false,0> to <true,2>
2025-07-15 19:44:28,590 [5b76e34f-336a-4d5f-b46b-52fa87015b9f@group-526C14EC89D8-LeaderElection2] INFO  server.RaftServer$Division (ServerState.java:setLeader(272)) - 5b76e34f-336a-4d5f-b46b-52fa87015b9f@group-526C14EC89D8: change Leader from null to 5b76e34f-336a-4d5f-b46b-52fa87015b9f at term 2 for becomeLeader, leader elected after 1910ms
2025-07-15 19:44:28,591 [5b76e34f-336a-4d5f-b46b-52fa87015b9f@group-526C14EC89D8-LeaderElection2] INFO  segmented.SegmentedRaftLogWorker (SegmentedRaftLogWorker.java:rollLogSegment(445)) - 5b76e34f-336a-4d5f-b46b-52fa87015b9f@group-526C14EC89D8-SegmentedRaftLogWorker: Rolling segment log-0_0 to index:0
2025-07-15 19:44:28,592 [5b76e34f-336a-4d5f-b46b-52fa87015b9f@group-526C14EC89D8-LeaderElection2] INFO  server.RaftServer$Division (ServerState.java:setRaftConf(386)) - 5b76e34f-336a-4d5f-b46b-52fa87015b9f@group-526C14EC89D8: set configuration conf: {index: 1, cur=peers:[5b76e34f-336a-4d5f-b46b-52fa87015b9f|localhost:15004]|listeners:[], old=null}
2025-07-15 19:44:28,592 [5b76e34f-336a-4d5f-b46b-52fa87015b9f@group-526C14EC89D8-SegmentedRaftLogWorker] INFO  segmented.SegmentedRaftLogWorker (SegmentedRaftLogWorker.java:execute(604)) - 5b76e34f-336a-4d5f-b46b-52fa87015b9f@group-526C14EC89D8-SegmentedRaftLogWorker: Rolled log segment from /home/runner/work/ozone/ozone/hadoop-ozone/integration-test/target/test-dir/MiniOzoneClusterImpl-7a2c00ee-15e1-4921-aa6b-526c14ec89d8/ozone-meta/scm-ha/7a2c00ee-15e1-4921-aa6b-526c14ec89d8/current/log_inprogress_0 to /home/runner/work/ozone/ozone/hadoop-ozone/integration-test/target/test-dir/MiniOzoneClusterImpl-7a2c00ee-15e1-4921-aa6b-526c14ec89d8/ozone-meta/scm-ha/7a2c00ee-15e1-4921-aa6b-526c14ec89d8/current/log_0-0
2025-07-15 19:44:28,594 [5b76e34f-336a-4d5f-b46b-52fa87015b9f@group-526C14EC89D8-SegmentedRaftLogWorker] INFO  segmented.BufferedWriteChannel (BufferedWriteChannel.java:open(61)) - open log_inprogress_1 at position 0
2025-07-15 19:44:28,603 [5b76e34f-336a-4d5f-b46b-52fa87015b9f@group-526C14EC89D8-SegmentedRaftLogWorker] INFO  segmented.SegmentedRaftLogWorker (SegmentedRaftLogWorker.java:execute(647)) - 5b76e34f-336a-4d5f-b46b-52fa87015b9f@group-526C14EC89D8-SegmentedRaftLogWorker: created new log segment /home/runner/work/ozone/ozone/hadoop-ozone/integration-test/target/test-dir/MiniOzoneClusterImpl-7a2c00ee-15e1-4921-aa6b-526c14ec89d8/ozone-meta/scm-ha/7a2c00ee-15e1-4921-aa6b-526c14ec89d8/current/log_inprogress_1
2025-07-15 19:44:28,606 [5b76e34f-336a-4d5f-b46b-52fa87015b9f@group-526C14EC89D8-StateMachineUpdater] INFO  server.RaftServer$Division (LeaderStateImpl.java:checkStartIndex(309)) - Leader 5b76e34f-336a-4d5f-b46b-52fa87015b9f@group-526C14EC89D8-LeaderStateImpl is ready since appliedIndex == startIndex == 1
2025-07-15 19:44:28,606 [5b76e34f-336a-4d5f-b46b-52fa87015b9f@group-526C14EC89D8-StateMachineUpdater] INFO  ha.SCMContext (SCMContext.java:setLeaderReady(122)) - update <isLeaderReady> from <false> to <true>
2025-07-15 19:44:28,606 [5b76e34f-336a-4d5f-b46b-52fa87015b9f@group-526C14EC89D8-StateMachineUpdater] INFO  pipeline.BackgroundPipelineCreator (BackgroundPipelineCreator.java:notifyStatusChanged(268)) - Service BackgroundPipelineCreator transitions to RUNNING.
2025-07-15 19:44:28,607 [5b76e34f-336a-4d5f-b46b-52fa87015b9f@group-526C14EC89D8-StateMachineUpdater] INFO  safemode.RatisContainerSafeModeRule (RatisContainerSafeModeRule.java:initializeRule(160)) - Refreshed Containers with one replica threshold count 0.
2025-07-15 19:44:28,607 [5b76e34f-336a-4d5f-b46b-52fa87015b9f@group-526C14EC89D8-StateMachineUpdater] INFO  safemode.HealthyPipelineSafeModeRule (HealthyPipelineSafeModeRule.java:initializeRule(228)) - Refreshed total pipeline count is 0, healthy pipeline threshold count is 1
2025-07-15 19:44:28,607 [5b76e34f-336a-4d5f-b46b-52fa87015b9f@group-526C14EC89D8-StateMachineUpdater] INFO  safemode.ECContainerSafeModeRule (ECContainerSafeModeRule.java:initializeRule(204)) - Refreshed Containers with ec n replica threshold count 0.
2025-07-15 19:44:28,608 [5b76e34f-336a-4d5f-b46b-52fa87015b9f@group-526C14EC89D8-StateMachineUpdater] INFO  safemode.OneReplicaPipelineSafeModeRule (OneReplicaPipelineSafeModeRule.java:initializeRule(186)) - Refreshed Total pipeline count is 0, pipeline's with at least one datanode reported threshold count is 0
2025-07-15 19:44:28,608 [5b76e34f-336a-4d5f-b46b-52fa87015b9f@group-526C14EC89D8-StateMachineUpdater] INFO  server.SCMDatanodeProtocolServer (SCMDatanodeProtocolServer.java:start(195)) - ScmDatanodeProtocol RPC server for DataNodes is listening at /0.0.0.0:15002
2025-07-15 19:44:28,609 [IPC Server Responder] INFO  ipc.Server (Server.java:run(1713)) - IPC Server Responder: starting
2025-07-15 19:44:28,609 [IPC Server listener on 15002] INFO  ipc.Server (Server.java:run(1553)) - IPC Server listener on 15002: starting
2025-07-15 19:44:30,413 [main] INFO  om.OzoneManager (OzoneManager.java:<init>(681)) - OM start with adminUsers: [admin, runner]
2025-07-15 19:44:30,432 [main] WARN  server.ServerUtils (ServerUtils.java:getDBPath(292)) - ozone.om.db.dirs is not configured. We recommend adding this setting. Falling back to ozone.metadata.dirs instead.
2025-07-15 19:44:30,541 [main] INFO  utils.NativeLibraryLoader (NativeLibraryLoader.java:loadLibrary(120)) - Loading Library: ozone_rocksdb_tools
2025-07-15 19:44:30,826 [main] INFO  om.OzoneManager (OzoneManager.java:instantiateServices(925)) - S3 Multi-Tenancy is disabled
2025-07-15 19:44:30,852 [main] INFO  om.OmSnapshotManager (OmSnapshotManager.java:<init>(190)) - Ozone filesystem snapshot feature is enabled.
2025-07-15 19:44:30,861 [main] WARN  server.ServerUtils (ServerUtils.java:getDBPath(292)) - ozone.om.snapshot.diff.db.dir is not configured. We recommend adding this setting. Falling back to ozone.metadata.dirs instead.
2025-07-15 19:44:30,906 [main] INFO  utils.BackgroundService (BackgroundService.java:start(118)) - Starting service SnapshotDiffCleanupService with interval 60000 milliseconds
2025-07-15 19:44:30,948 [main] INFO  om.OzoneManager (OzoneManager.java:addS3GVolumeToDB(4706)) - Created Volume s3v With Owner runner required for S3Gateway operations.
2025-07-15 19:44:30,995 [main] WARN  server.ServerUtils (ServerUtils.java:getDefaultRatisDirectory(304)) - Storage directory for Ratis is not configured. It is a good idea to map this to an SSD disk. Falling back to ozone.metadata.dirs
2025-07-15 19:44:30,996 [main] WARN  utils.OzoneManagerRatisUtils (OzoneManagerRatisUtils.java:getOMRatisSnapshotDirectory(488)) - ozone.om.ratis.snapshot.dir is not configured. Falling back to ozone.metadata.dirs config
2025-07-15 19:44:31,000 [main] WARN  dropwizard3.Dm3MetricRegistriesImpl (Dm3MetricRegistriesImpl.java:addReporterRegistration(114)) - New reporters are added after registries were created. Some metrics will be missing from the reporter. Please add reporter before adding any new registry.
2025-07-15 19:44:31,000 [main] WARN  dropwizard3.Dm3MetricRegistriesImpl (Dm3MetricRegistriesImpl.java:addReporterRegistration(114)) - New reporters are added after registries were created. Some metrics will be missing from the reporter. Please add reporter before adding any new registry.
2025-07-15 19:44:31,000 [main] WARN  server.ServerUtils (ServerUtils.java:getDefaultRatisDirectory(304)) - Storage directory for Ratis is not configured. It is a good idea to map this to an SSD disk. Falling back to ozone.metadata.dirs
2025-07-15 19:44:31,001 [main] INFO  server.RaftServerConfigKeys (ConfUtils.java:logGet(62)) - raft.server.log.appender.buffer.byte-limit = 4194304 (custom)
2025-07-15 19:44:31,004 [main] INFO  ratis.OzoneManagerRatisServer (OzoneManagerRatisServer.java:<init>(167)) - Instantiating OM Ratis server with groupID: omServiceIdDefault and peers: localhost:15009
2025-07-15 19:44:31,008 [main] INFO  ratis.OzoneManagerStateMachine (OzoneManagerStateMachine.java:loadSnapshotInfoFromDB(618)) - TransactionInfo not found in OM DB.
2025-07-15 19:44:31,046 [main] INFO  grpc.GrpcConfigKeys (ConfUtils.java:logFallback(69)) - raft.grpc.admin.host = null (fallback to raft.grpc.server.host)
2025-07-15 19:44:31,046 [main] INFO  grpc.GrpcConfigKeys (ConfUtils.java:logFallback(69)) - raft.grpc.admin.port = 15009 (fallback to raft.grpc.server.port)
2025-07-15 19:44:31,046 [main] INFO  grpc.GrpcConfigKeys (ConfUtils.java:logFallback(69)) - raft.grpc.client.host = null (fallback to raft.grpc.server.host)
2025-07-15 19:44:31,047 [main] INFO  grpc.GrpcConfigKeys (ConfUtils.java:logFallback(69)) - raft.grpc.client.port = 15009 (fallback to raft.grpc.server.port)
2025-07-15 19:44:31,047 [main] INFO  grpc.GrpcConfigKeys (ConfUtils.java:logGet(62)) - raft.grpc.server.port = 15009 (custom)
2025-07-15 19:44:31,047 [main] INFO  server.GrpcServicesImpl (ConfUtils.java:logGet(62)) - raft.grpc.message.size.max = 5242880 (custom)
2025-07-15 19:44:31,047 [main] INFO  server.RaftServerConfigKeys (ConfUtils.java:logGet(62)) - raft.server.rpc.request.timeout = 3000ms (default)
2025-07-15 19:44:31,047 [main] INFO  server.RaftServerConfigKeys (ConfUtils.java:logGet(62)) - raft.server.log.appender.buffer.byte-limit = 4194304 (custom)
2025-07-15 19:44:31,048 [main] INFO  server.RaftServerConfigKeys (ConfUtils.java:logGet(62)) - raft.server.storage.dir = [/home/runner/work/ozone/ozone/hadoop-ozone/integration-test/target/test-dir/MiniOzoneClusterImpl-7a2c00ee-15e1-4921-aa6b-526c14ec89d8/ozone-meta/ratis] (custom)
2025-07-15 19:44:31,049 [main] INFO  server.RaftServer (RaftServerProxy.java:addNew(105)) - om1: addNew group-C5BA1605619E:[om1|localhost:15009] returns group-C5BA1605619E:java.util.concurrent.CompletableFuture@550244cb[Not completed]
2025-07-15 19:44:31,050 [main] INFO  om.OzoneManager (OzoneManager.java:initializeRatisServer(2336)) - OzoneManager Ratis server initialized at port 15009
2025-07-15 19:44:31,051 [om1-groupManagement] INFO  server.RaftServer$Division (RaftServerImpl.java:<init>(268)) - om1: new RaftServerImpl for group-C5BA1605619E:[om1|localhost:15009] with OzoneManagerStateMachine:uninitialized
2025-07-15 19:44:31,051 [om1-groupManagement] INFO  server.RaftServerConfigKeys (ConfUtils.java:logGet(62)) - raft.server.rpc.timeout.min = 1s (custom)
2025-07-15 19:44:31,052 [om1-groupManagement] INFO  server.RaftServerConfigKeys (ConfUtils.java:logGet(62)) - raft.server.rpc.timeout.max = 1200ms (custom)
2025-07-15 19:44:31,052 [om1-groupManagement] INFO  server.RaftServer$Division (ServerState.java:<init>(114)) - om1@group-C5BA1605619E: ConfigurationManager, init=conf: {index: -1, cur=peers:[om1|localhost:15009]|listeners:[], old=null}, confs=<EMPTY_MAP>
2025-07-15 19:44:31,053 [om1-groupManagement] INFO  server.RaftServerConfigKeys (ConfUtils.java:logGet(62)) - raft.server.notification.no-leader.timeout = 120s (custom)
2025-07-15 19:44:31,053 [om1-groupManagement] INFO  server.RaftServerConfigKeys (ConfUtils.java:logGet(62)) - raft.server.retrycache.expirytime = 300s (custom)
2025-07-15 19:44:31,054 [main] INFO  om.OzoneManager (OzoneManager.java:getRpcServer(1388)) - Creating RPC Server
2025-07-15 19:44:31,811 [main] INFO  reflections.Reflections (Reflections.java:scan(219)) - Reflections took 724 ms to scan 24 urls, producing 60 keys and 7739 values
2025-07-15 19:44:31,956 [main] INFO  ipc.CallQueueManager (CallQueueManager.java:<init>(93)) - Using callQueue: class java.util.concurrent.LinkedBlockingQueue, queueCapacity: 2000, scheduler: class org.apache.hadoop.ipc.DefaultRpcScheduler, ipcBackoff: false, ipcFailOver: false.
2025-07-15 19:44:31,956 [main] INFO  ipc.Server (Server.java:<init>(1438)) - Listener at 127.0.0.1:15006
2025-07-15 19:44:31,957 [Socket Reader #1 for port 15006] INFO  ipc.Server (Server.java:run(1474)) - Starting Socket Reader #1 for port 15006
2025-07-15 19:44:31,958 [Socket Reader #2 for port 15006] INFO  ipc.Server (Server.java:run(1474)) - Starting Socket Reader #2 for port 15006
2025-07-15 19:44:31,958 [Socket Reader #3 for port 15006] INFO  ipc.Server (Server.java:run(1474)) - Starting Socket Reader #3 for port 15006
2025-07-15 19:44:31,959 [Socket Reader #4 for port 15006] INFO  ipc.Server (Server.java:run(1474)) - Starting Socket Reader #4 for port 15006
2025-07-15 19:44:31,960 [Socket Reader #5 for port 15006] INFO  ipc.Server (Server.java:run(1474)) - Starting Socket Reader #5 for port 15006
2025-07-15 19:44:31,961 [Socket Reader #6 for port 15006] INFO  ipc.Server (Server.java:run(1474)) - Starting Socket Reader #6 for port 15006
2025-07-15 19:44:31,962 [Socket Reader #7 for port 15006] INFO  ipc.Server (Server.java:run(1474)) - Starting Socket Reader #7 for port 15006
2025-07-15 19:44:31,963 [Socket Reader #8 for port 15006] INFO  ipc.Server (Server.java:run(1474)) - Starting Socket Reader #8 for port 15006
2025-07-15 19:44:31,963 [Socket Reader #9 for port 15006] INFO  ipc.Server (Server.java:run(1474)) - Starting Socket Reader #9 for port 15006
2025-07-15 19:44:31,963 [Socket Reader #10 for port 15006] INFO  ipc.Server (Server.java:run(1474)) - Starting Socket Reader #10 for port 15006
2025-07-15 19:44:31,989 [main] INFO  impl.MetricsSystemImpl (MetricsSystemImpl.java:init(158)) - OzoneManager metrics system started (again)
2025-07-15 19:44:32,005 [main] INFO  om.OzoneManager (OzoneManager.java:start(1820)) - OzoneManager RPC server is listening at localhost/127.0.0.1:15006
2025-07-15 19:44:32,006 [main] INFO  ratis.OzoneManagerRatisServer (OzoneManagerRatisServer.java:start(628)) - Starting OzoneManagerRatisServer om1 at port 15009
2025-07-15 19:44:32,006 [om1-impl-thread1] INFO  storage.RaftStorageDirectory (RaftStorageDirectoryImpl.java:analyzeStorage(138)) - The storage directory /home/runner/work/ozone/ozone/hadoop-ozone/integration-test/target/test-dir/MiniOzoneClusterImpl-7a2c00ee-15e1-4921-aa6b-526c14ec89d8/ozone-meta/ratis/bf265839-605b-3f16-9796-c5ba1605619e does not exist. Creating ...
2025-07-15 19:44:32,008 [om1-impl-thread1] INFO  storage.RaftStorageDirectory (RaftStorageDirectoryImpl.java:tryLock(229)) - Lock on /home/runner/work/ozone/ozone/hadoop-ozone/integration-test/target/test-dir/MiniOzoneClusterImpl-7a2c00ee-15e1-4921-aa6b-526c14ec89d8/ozone-meta/ratis/bf265839-605b-3f16-9796-c5ba1605619e/in_use.lock acquired by nodename 18953@localhost
2025-07-15 19:44:32,009 [om1-impl-thread1] INFO  storage.RaftStorage (RaftStorageImpl.java:format(98)) - Storage directory /home/runner/work/ozone/ozone/hadoop-ozone/integration-test/target/test-dir/MiniOzoneClusterImpl-7a2c00ee-15e1-4921-aa6b-526c14ec89d8/ozone-meta/ratis/bf265839-605b-3f16-9796-c5ba1605619e has been successfully formatted.
2025-07-15 19:44:32,010 [om1-impl-thread1] INFO  ratis.OzoneManagerStateMachine (OzoneManagerStateMachine.java:lambda$0(138)) - om1: initialize group-C5BA1605619E with <INITIAL_VALUE>
2025-07-15 19:44:32,010 [om1-impl-thread1] INFO  server.RaftServerConfigKeys (ConfUtils.java:logGet(62)) - raft.server.log.appender.buffer.byte-limit = 4194304 (custom)
2025-07-15 19:44:32,012 [om1-impl-thread1] INFO  server.RaftServerConfigKeys (ConfUtils.java:logGet(62)) - raft.server.log.segment.size.max = 4194304 (custom)
2025-07-15 19:44:32,013 [om1-impl-thread1] INFO  server.RaftServerConfigKeys (ConfUtils.java:logGet(62)) - raft.server.log.appender.buffer.byte-limit = 4194304 (custom)
2025-07-15 19:44:32,013 [om1-impl-thread1] INFO  util.AwaitToRun (AwaitToRun.java:start(81)) - Thread[#462,om1@group-C5BA1605619E-cacheEviction-AwaitToRun,5,main] started
2025-07-15 19:44:32,013 [om1-impl-thread1] INFO  segmented.SegmentedRaftLogWorker (SegmentedRaftLogWorker.java:<init>(190)) - new om1@group-C5BA1605619E-SegmentedRaftLogWorker for RaftStorageImpl:Storage Directory /home/runner/work/ozone/ozone/hadoop-ozone/integration-test/target/test-dir/MiniOzoneClusterImpl-7a2c00ee-15e1-4921-aa6b-526c14ec89d8/ozone-meta/ratis/bf265839-605b-3f16-9796-c5ba1605619e
2025-07-15 19:44:32,013 [om1-impl-thread1] INFO  server.RaftServerConfigKeys (ConfUtils.java:logGet(62)) - raft.server.log.segment.size.max = 4194304 (custom)
2025-07-15 19:44:32,014 [om1-impl-thread1] INFO  server.RaftServerConfigKeys (ConfUtils.java:logGet(62)) - raft.server.log.preallocated.size = 4194304 (custom)
2025-07-15 19:44:32,014 [om1-impl-thread1] INFO  server.RaftServerConfigKeys (ConfUtils.java:logGet(62)) - raft.server.log.write.buffer.size = 4194312 (custom)
2025-07-15 19:44:32,016 [om1-impl-thread1] INFO  server.RaftServerConfigKeys (ConfUtils.java:logGet(62)) - raft.server.log.appender.buffer.byte-limit = 4194304 (custom)
2025-07-15 19:44:32,016 [om1-impl-thread1] INFO  segmented.SegmentedRaftLogWorker (SegmentedRaftLogWorker.java:lambda$new$0(141)) - om1@group-C5BA1605619E-SegmentedRaftLogWorker: flushIndex: setUnconditionally 0 -> -1
2025-07-15 19:44:32,016 [om1-impl-thread1] INFO  segmented.SegmentedRaftLogWorker (SegmentedRaftLogWorker.java:lambda$new$0(141)) - om1@group-C5BA1605619E-SegmentedRaftLogWorker: safeCacheEvictIndex: setUnconditionally 0 -> -1
2025-07-15 19:44:32,017 [om1-impl-thread1] INFO  server.RaftServer$Division (RaftServerImpl.java:start(405)) - om1@group-C5BA1605619E: start as a follower, conf=conf: {index: -1, cur=peers:[om1|localhost:15009]|listeners:[], old=null}
2025-07-15 19:44:32,017 [om1-impl-thread1] INFO  server.RaftServer$Division (RaftServerImpl.java:setRole(392)) - om1@group-C5BA1605619E: changes role from      null to FOLLOWER at term 0 for startAsFollower
2025-07-15 19:44:32,018 [om1-impl-thread1] INFO  impl.RoleInfo (RoleInfo.java:updateAndGet(148)) - om1: start om1@group-C5BA1605619E-FollowerState
2025-07-15 19:44:32,018 [om1@group-C5BA1605619E-FollowerState] INFO  server.RaftServerConfigKeys (ConfUtils.java:logFallback(69)) - raft.server.rpc.first-election.timeout.min = 1s (fallback to raft.server.rpc.timeout.min)
2025-07-15 19:44:32,018 [om1-impl-thread1] INFO  util.JmxRegister (JmxRegister.java:tryRegister(44)) - Successfully registered JMX Bean with object name Ratis:service=RaftServer,group=group-C5BA1605619E,id=om1
2025-07-15 19:44:32,018 [om1-impl-thread1] INFO  util.JmxRegister (JmxRegister.java:register(58)) - register mxBean class org.apache.ratis.server.impl.RaftServerJmxAdapter as Ratis:service=RaftServer,group=group-C5BA1605619E,id=om1
2025-07-15 19:44:32,018 [om1@group-C5BA1605619E-FollowerState] INFO  server.RaftServerConfigKeys (ConfUtils.java:logFallback(69)) - raft.server.rpc.first-election.timeout.max = 1200ms (fallback to raft.server.rpc.timeout.max)
2025-07-15 19:44:32,018 [om1-impl-thread1] INFO  server.RaftServerConfigKeys (ConfUtils.java:logGet(62)) - raft.server.snapshot.auto.trigger.threshold = 400000 (default)
2025-07-15 19:44:32,018 [om1-impl-thread1] INFO  server.RaftServerConfigKeys (ConfUtils.java:logGet(62)) - raft.server.log.purge.upto.snapshot.index = true (custom)
2025-07-15 19:44:32,019 [om1-impl-thread1] INFO  server.RaftServer$Division (RaftServerImpl.java:start(419)) - om1@group-C5BA1605619E: Successfully started.
2025-07-15 19:44:32,020 [main] INFO  server.RaftServer (RaftServerProxy.java:startImpl(412)) - om1: start RPC server
2025-07-15 19:44:32,020 [main] INFO  server.GrpcServicesImpl (GrpcServicesImpl.java:startImpl(346)) - om1: GrpcServicesImpl started, listening on 15009
2025-07-15 19:44:32,021 [JvmPauseMonitor2] INFO  util.JvmPauseMonitor (JvmPauseMonitor.java:run(146)) - JvmPauseMonitor-om1: Started
2025-07-15 19:44:32,021 [main] INFO  om.OzoneManager (OzoneManager.java:start(1835)) - Version File has different layout version (8) than OM DB (null). That is expected if this OM has never been finalized to a newer layout version.
2025-07-15 19:44:32,040 [main] INFO  client.ScmTopologyClient (ScmTopologyClient.java:start(70)) - Initial network topology fetched from SCM: /.
2025-07-15 19:44:32,041 [main] INFO  net.NodeSchemaLoader (NodeSchemaLoader.java:loadSchemaFromFile(128)) - Loading schema from [jar:file:/home/runner/work/ozone/ozone/hadoop-hdds/common/target/hdds-common-2.1.0-SNAPSHOT.jar!/network-topology-default.xml]
2025-07-15 19:44:32,041 [main] INFO  net.NodeSchemaLoader (NodeSchemaLoader.java:loadSchema(175)) - Loading network topology layer schema file
2025-07-15 19:44:32,047 [main] INFO  utils.BackgroundService (BackgroundService.java:start(118)) - Starting service KeyDeletingService with interval 60000 milliseconds
2025-07-15 19:44:32,051 [main] INFO  utils.BackgroundService (BackgroundService.java:start(118)) - Starting service DirectoryDeletingService with interval 120000 milliseconds
2025-07-15 19:44:32,052 [main] INFO  utils.BackgroundService (BackgroundService.java:start(118)) - Starting service OpenKeyCleanupService with interval 86400000 milliseconds
2025-07-15 19:44:32,054 [main] INFO  utils.BackgroundService (BackgroundService.java:start(118)) - Starting service SstFilteringService with interval 60000 milliseconds
2025-07-15 19:44:32,056 [main] INFO  utils.BackgroundService (BackgroundService.java:start(118)) - Starting service SnapshotDeletingService with interval 30000 milliseconds
2025-07-15 19:44:32,057 [main] INFO  utils.BackgroundService (BackgroundService.java:start(118)) - Starting service MultipartUploadCleanupService with interval 86400000 milliseconds
2025-07-15 19:44:32,059 [main] INFO  http.BaseHttpServer (BaseHttpServer.java:newHttpServer2BuilderForOzone(229)) - Starting Web-server for ozoneManager at: http://0.0.0.0:15007
2025-07-15 19:44:32,059 [main] INFO  http.BaseHttpServer (BaseHttpServer.java:<init>(107)) - Hadoop Security Enabled: false Ozone Security Enabled: false Ozone HTTP Security Enabled: false 
2025-07-15 19:44:32,061 [main] WARN  server.AuthenticationFilter (AuthenticationFilter.java:constructSecretProvider(240)) - Unable to initialize FileSignerSecretProvider, falling back to use random secrets. Reason: Could not read signature secret file: /home/runner/hadoop-http-auth-signature-secret
2025-07-15 19:44:32,064 [main] INFO  http.HttpServer2 (HttpServer2.java:addGlobalFilter(1042)) - Added global filter 'safety' (class=org.apache.hadoop.hdds.server.http.HttpServer2$QuotingInputFilter)
2025-07-15 19:44:32,065 [main] INFO  http.HttpServer2 (HttpServer2.java:addFilter(1018)) - Added filter static_user_filter (class=org.apache.hadoop.http.lib.StaticUserWebFilter$StaticUserFilter) to context ozoneManager
2025-07-15 19:44:32,065 [main] INFO  http.HttpServer2 (HttpServer2.java:addFilter(1026)) - Added filter static_user_filter (class=org.apache.hadoop.http.lib.StaticUserWebFilter$StaticUserFilter) to context logs
2025-07-15 19:44:32,066 [main] INFO  http.HttpServer2 (HttpServer2.java:addFilter(1026)) - Added filter static_user_filter (class=org.apache.hadoop.http.lib.StaticUserWebFilter$StaticUserFilter) to context static
2025-07-15 19:44:32,067 [main] INFO  http.BaseHttpServer (BaseHttpServer.java:<init>(195)) - HTTP server of ozoneManager uses base directory /home/runner/work/ozone/ozone/hadoop-ozone/integration-test/target/test-dir/MiniOzoneClusterImpl-7a2c00ee-15e1-4921-aa6b-526c14ec89d8/ozone-meta/webserver
2025-07-15 19:44:32,070 [main] INFO  http.HttpServer2 (HttpServer2.java:bindListener(1242)) - Jetty bound to port 15007
2025-07-15 19:44:32,070 [main] INFO  server.Server (Server.java:doStart(375)) - jetty-9.4.57.v20241219; built: 2025-01-08T21:24:30.412Z; git: df524e6b29271c2e09ba9aea83c18dc9db464a31; jvm 21.0.7+6-LTS
2025-07-15 19:44:32,073 [main] INFO  server.session (DefaultSessionIdManager.java:doStart(334)) - DefaultSessionIdManager workerName=node0
2025-07-15 19:44:32,073 [main] INFO  server.session (DefaultSessionIdManager.java:doStart(339)) - No SessionScavenger set, using defaults
2025-07-15 19:44:32,073 [main] INFO  server.session (HouseKeeper.java:startScavenging(132)) - node0 Scavenging every 600000ms
2025-07-15 19:44:32,074 [main] INFO  handler.ContextHandler (ContextHandler.java:doStart(921)) - Started o.e.j.s.ServletContextHandler@3b847d31{logs,/logs,file:///home/runner/work/ozone/ozone/hadoop-ozone/integration-test/target/log,AVAILABLE}
2025-07-15 19:44:32,075 [main] INFO  handler.ContextHandler (ContextHandler.java:doStart(921)) - Started o.e.j.s.ServletContextHandler@11084cb5{static,/static,file:///home/runner/work/ozone/ozone/hadoop-ozone/integration-test/target/test-classes/webapps/static,AVAILABLE}
2025-07-15 19:44:32,083 [main] INFO  handler.ContextHandler (ContextHandler.java:doStart(921)) - Started o.e.j.w.WebAppContext@3f78b3b2{ozoneManager,/,file:///home/runner/work/ozone/ozone/hadoop-ozone/integration-test/target/test-classes/webapps/ozoneManager/,AVAILABLE}{file:/home/runner/work/ozone/ozone/hadoop-ozone/integration-test/target/test-classes/webapps/ozoneManager}
2025-07-15 19:44:32,084 [main] INFO  server.AbstractConnector (AbstractConnector.java:doStart(333)) - Started ServerConnector@33c4dc6c{HTTP/1.1, (http/1.1)}{0.0.0.0:15007}
2025-07-15 19:44:32,084 [main] INFO  server.Server (Server.java:doStart(415)) - Started @10578ms
2025-07-15 19:44:32,084 [main] WARN  impl.MetricsSystemImpl (MetricsSystemImpl.java:register(279)) - Sink prometheus already exists!
2025-07-15 19:44:32,084 [main] INFO  http.BaseHttpServer (BaseHttpServer.java:updateConnectorAddress(359)) - HTTP server of ozoneManager listening at http://localhost:15007
2025-07-15 19:44:32,085 [IPC Server Responder] INFO  ipc.Server (Server.java:run(1713)) - IPC Server Responder: starting
2025-07-15 19:44:32,086 [IPC Server listener on 15006] INFO  ipc.Server (Server.java:run(1553)) - IPC Server listener on 15006: starting
2025-07-15 19:44:32,088 [main] INFO  om.OzoneManager (OzoneManager.java:startTrashEmptier(2290)) - Trash Interval set to 0. Files deleted won't move to trash
2025-07-15 19:44:32,103 [main] INFO  db.CodecBuffer (CodecBuffer.java:set(85)) - Successfully set constructor to LeakDetector::newCodecBuffer: org.apache.hadoop.hdds.utils.db.CodecBuffer$$Lambda/0x00007f4ac87b5360@5aab7e3b
2025-07-15 19:44:32,188 [main] WARN  dropwizard3.Dm3MetricRegistriesImpl (Dm3MetricRegistriesImpl.java:addReporterRegistration(114)) - New reporters are added after registries were created. Some metrics will be missing from the reporter. Please add reporter before adding any new registry.
2025-07-15 19:44:32,188 [main] WARN  dropwizard3.Dm3MetricRegistriesImpl (Dm3MetricRegistriesImpl.java:addReporterRegistration(114)) - New reporters are added after registries were created. Some metrics will be missing from the reporter. Please add reporter before adding any new registry.
2025-07-15 19:44:32,188 [main] INFO  impl.MetricsSystemImpl (MetricsSystemImpl.java:init(158)) - HddsDatanode metrics system started (again)
2025-07-15 19:44:32,211 [main] INFO  protocol.DatanodeDetails (DatanodeDetails.java:validateDatanodeIpAddress(199)) - Updating IP address of datanode cd936fa6-15d5-4ef8-867a-01454d889292(localhost/null) to 127.0.0.1
2025-07-15 19:44:32,212 [main] INFO  ozone.HddsDatanodeService (HddsDatanodeService.java:start(236)) - HddsDatanodeService cd936fa6-15d5-4ef8-867a-01454d889292(localhost/127.0.0.1)
2025-07-15 19:44:32,217 [main] INFO  upgrade.AbstractLayoutVersionManager (AbstractLayoutVersionManager.java:init(80)) - Initializing Layout version manager with metadata layout = HBASE_SUPPORT (version = 8), software layout = HBASE_SUPPORT (version = 8)
2025-07-15 19:44:32,219 [main] INFO  statemachine.DatanodeStateMachine (DatanodeStateMachine.java:getEndPointTaskThreadPoolSize(305)) - Datanode State Machine Task Thread Pool size 2
2025-07-15 19:44:32,264 [main] INFO  volume.HddsVolume (HddsVolume.java:<init>(162)) - HddsVolume: { id=DS-c7e15b58-c127-470b-a5a0-5df9fc0244b7 dir=/home/runner/work/ozone/ozone/hadoop-ozone/integration-test/target/test-dir/MiniOzoneClusterImpl-7a2c00ee-15e1-4921-aa6b-526c14ec89d8/ozone-meta/datanode-1/data-0/hdds type=DISK capacity=9222449699674390527 used=0 available=9222449699674390527 minFree=9222450130714624 committed=0 }
2025-07-15 19:44:32,264 [main] INFO  volume.MutableVolumeSet (MutableVolumeSet.java:initializeVolumeSet(167)) - Added Volume : /home/runner/work/ozone/ozone/hadoop-ozone/integration-test/target/test-dir/MiniOzoneClusterImpl-7a2c00ee-15e1-4921-aa6b-526c14ec89d8/ozone-meta/datanode-1/data-0/hdds to VolumeSet
2025-07-15 19:44:32,268 [main] INFO  volume.MutableVolumeSet (MutableVolumeSet.java:initializeVolumeSet(167)) - Added Volume : /home/runner/work/ozone/ozone/hadoop-ozone/integration-test/target/test-dir/MiniOzoneClusterImpl-7a2c00ee-15e1-4921-aa6b-526c14ec89d8/ozone-meta/datanode-1/ratis to VolumeSet
2025-07-15 19:44:32,271 [main] INFO  ozoneimpl.OzoneContainer (HddsVolumeUtil.java:loadAllHddsVolumeDbStore(102)) - Load 1 volumes DbStore cost: 0ms
2025-07-15 19:44:32,273 [main] WARN  db.DBStoreBuilder (DBStoreBuilder.java:getDBDirPath(158)) - ozone.scm.datanode.id.dir is not configured. We recommend adding this setting. Falling back to ozone.metadata.dirs instead.
2025-07-15 19:44:32,278 [main] WARN  db.DBStoreBuilder (DBStoreBuilder.java:getDBDirPath(158)) - ozone.scm.datanode.id.dir is not configured. We recommend adding this setting. Falling back to ozone.metadata.dirs instead.
2025-07-15 19:44:32,317 [main] INFO  impl.FilePerChunkStrategy (FilePerChunkStrategy.java:<init>(79)) - ozone.chunk.read.mapped.buffer.max.count is load with 0
2025-07-15 19:44:32,319 [main] INFO  impl.FilePerBlockStrategy (FilePerBlockStrategy.java:<init>(88)) - ozone.chunk.read.mapped.buffer.max.count is load with 0
2025-07-15 19:44:32,346 [main] INFO  audit.AuditLogger (AuditLogger.java:refreshDebugCmdSet(133)) - Refresh DebugCmdSet for DNAudit to [].
2025-07-15 19:44:32,358 [main] INFO  server.RaftServerConfigKeys (ConfUtils.java:logGet(62)) - raft.server.log.appender.buffer.byte-limit = 33554432 (custom)
2025-07-15 19:44:32,366 [main] INFO  grpc.GrpcConfigKeys (ConfUtils.java:logFallback(69)) - raft.grpc.admin.host = null (fallback to raft.grpc.server.host)
2025-07-15 19:44:32,366 [main] INFO  grpc.GrpcConfigKeys (ConfUtils.java:logGet(62)) - raft.grpc.admin.port = 15014 (custom)
2025-07-15 19:44:32,367 [main] INFO  grpc.GrpcConfigKeys (ConfUtils.java:logFallback(69)) - raft.grpc.client.host = null (fallback to raft.grpc.server.host)
2025-07-15 19:44:32,367 [main] INFO  grpc.GrpcConfigKeys (ConfUtils.java:logGet(62)) - raft.grpc.client.port = 15013 (custom)
2025-07-15 19:44:32,367 [main] INFO  grpc.GrpcConfigKeys (ConfUtils.java:logGet(62)) - raft.grpc.server.port = 15015 (custom)
2025-07-15 19:44:32,367 [main] INFO  server.GrpcServicesImpl (ConfUtils.java:logGet(62)) - raft.grpc.message.size.max = 34603008 (custom)
2025-07-15 19:44:32,367 [main] INFO  server.GrpcServicesImpl (ConfUtils.java:logGet(62)) - raft.grpc.flow.control.window = 5MB (=5242880) (custom)
2025-07-15 19:44:32,367 [main] INFO  server.RaftServerConfigKeys (ConfUtils.java:logGet(62)) - raft.server.log.appender.buffer.byte-limit = 33554432 (custom)
2025-07-15 19:44:32,369 [main] INFO  impl.DataStreamServerImpl (ConfUtils.java:logGet(62)) - raft.datastream.type = NETTY (custom)
2025-07-15 19:44:32,377 [main] INFO  server.RaftServerConfigKeys (ConfUtils.java:logGet(62)) - raft.server.data-stream.async.request.thread.pool.cached = false (default)
2025-07-15 19:44:32,377 [main] INFO  server.RaftServerConfigKeys (ConfUtils.java:logGet(62)) - raft.server.data-stream.async.request.thread.pool.size = 20 (custom)
2025-07-15 19:44:32,378 [main] INFO  server.RaftServerConfigKeys (ConfUtils.java:logGet(62)) - raft.server.data-stream.async.write.thread.pool.size = 16 (default)
2025-07-15 19:44:32,379 [main] INFO  netty.NettyConfigKeys$DataStream (ConfUtils.java:logGet(62)) - raft.netty.dataStream.server.channel.inactive.grace-period = 10min (default)
2025-07-15 19:44:32,380 [main] INFO  server.RaftServerConfigKeys (ConfUtils.java:logGet(62)) - raft.server.data-stream.client.pool.size = 10 (default)
2025-07-15 19:44:32,381 [main] INFO  netty.NettyConfigKeys$DataStream (ConfUtils.java:logGet(62)) - raft.netty.dataStream.server.use-epoll = true (default)
2025-07-15 19:44:32,381 [main] INFO  netty.NettyConfigKeys$DataStream (ConfUtils.java:logGet(62)) - raft.netty.dataStream.server.boss-group.size = 0 (default)
2025-07-15 19:44:32,382 [main] INFO  netty.NettyUtils (NettyUtils.java:newEventLoopGroup(74)) - Create EpollEventLoopGroup for cd936fa6-15d5-4ef8-867a-01454d889292-NettyServerStreamRpc-bossGroup; Thread size is 0.
2025-07-15 19:44:32,383 [main] INFO  netty.NettyConfigKeys$DataStream (ConfUtils.java:logGet(62)) - raft.netty.dataStream.server.worker-group.size = 0 (default)
2025-07-15 19:44:32,383 [main] INFO  netty.NettyUtils (NettyUtils.java:newEventLoopGroup(74)) - Create EpollEventLoopGroup for cd936fa6-15d5-4ef8-867a-01454d889292-NettyServerStreamRpc-workerGroup; Thread size is 0.
2025-07-15 19:44:32,385 [main] INFO  netty.NettyConfigKeys$DataStream (ConfUtils.java:logGet(62)) - raft.netty.dataStream.port = 15016 (custom)
2025-07-15 19:44:32,388 [main] INFO  server.RaftServerConfigKeys (ConfUtils.java:logGet(62)) - raft.server.storage.dir = [/home/runner/work/ozone/ozone/hadoop-ozone/integration-test/target/test-dir/MiniOzoneClusterImpl-7a2c00ee-15e1-4921-aa6b-526c14ec89d8/ozone-meta/datanode-1/ratis] (custom)
2025-07-15 19:44:32,389 [cd936fa6-15d5-4ef8-867a-01454d889292-impl-thread1] INFO  server.RaftServer (RaftServerProxy.java:initGroupDir(270)) - cd936fa6-15d5-4ef8-867a-01454d889292: found a subdirectory /home/runner/work/ozone/ozone/hadoop-ozone/integration-test/target/test-dir/MiniOzoneClusterImpl-7a2c00ee-15e1-4921-aa6b-526c14ec89d8/ozone-meta/datanode-1/ratis/tmp
2025-07-15 19:44:32,389 [cd936fa6-15d5-4ef8-867a-01454d889292-impl-thread1] INFO  server.RaftServer (RaftServerProxy.java:initGroupDir(275)) - cd936fa6-15d5-4ef8-867a-01454d889292: The directory /home/runner/work/ozone/ozone/hadoop-ozone/integration-test/target/test-dir/MiniOzoneClusterImpl-7a2c00ee-15e1-4921-aa6b-526c14ec89d8/ozone-meta/datanode-1/ratis/tmp is not a group directory; ignoring it. 
2025-07-15 19:44:32,392 [main] INFO  replication.ReplicationServer (ReplicationServer.java:<init>(84)) - Initializing replication server with thread count = 10 queue length = 4096
2025-07-15 19:44:32,397 [cd936fa6-15d5-4ef8-867a-01454d889292-NettyServerStreamRpc-bossGroup--thread1] INFO  logging.LoggingHandler (AbstractInternalLogger.java:log(148)) - [id: 0x48a23604] REGISTERED
2025-07-15 19:44:32,398 [cd936fa6-15d5-4ef8-867a-01454d889292-NettyServerStreamRpc-bossGroup--thread1] INFO  logging.LoggingHandler (AbstractInternalLogger.java:log(148)) - [id: 0x48a23604] BIND: 0.0.0.0/0.0.0.0:15016
2025-07-15 19:44:32,398 [cd936fa6-15d5-4ef8-867a-01454d889292-NettyServerStreamRpc-bossGroup--thread1] INFO  logging.LoggingHandler (AbstractInternalLogger.java:log(148)) - [id: 0x48a23604, L:/0.0.0.0:15016] ACTIVE
2025-07-15 19:44:32,411 [main] INFO  server.XceiverServerGrpc (XceiverServerGrpc.java:<init>(130)) - GrpcServer channel type EpollServerSocketChannel
2025-07-15 19:44:32,437 [main] INFO  replication.ReplicationSupervisor (ReplicationSupervisor.java:build(169)) - Initializing replication supervisor with thread count = 10
2025-07-15 19:44:32,438 [main] INFO  replication.ReplicationSupervisor (ReplicationSupervisor.java:nodeStateUpdated(358)) - Node state updated to IN_SERVICE, scaling executor pool size to 10
2025-07-15 19:44:32,463 [main] INFO  lib.Interns (Interns.java:removeEldestEntry(50)) - Metrics intern cache overflow at 2011 for MetricsSystem={MetricsSystem=MetricsInfoImpl{name=MetricsSystem, description=MetricsSystem}, MetricsSystem record=MetricsInfoImpl{name=MetricsSystem, description=MetricsSystem record}}
2025-07-15 19:44:32,492 [main] INFO  http.BaseHttpServer (BaseHttpServer.java:newHttpServer2BuilderForOzone(229)) - Starting Web-server for hddsDatanode at: http://0.0.0.0:15010
2025-07-15 19:44:32,492 [main] INFO  http.BaseHttpServer (BaseHttpServer.java:<init>(107)) - Hadoop Security Enabled: false Ozone Security Enabled: false Ozone HTTP Security Enabled: false 
2025-07-15 19:44:32,494 [main] WARN  server.AuthenticationFilter (AuthenticationFilter.java:constructSecretProvider(240)) - Unable to initialize FileSignerSecretProvider, falling back to use random secrets. Reason: Could not read signature secret file: /home/runner/hadoop-http-auth-signature-secret
2025-07-15 19:44:32,497 [main] INFO  http.HttpServer2 (HttpServer2.java:addGlobalFilter(1042)) - Added global filter 'safety' (class=org.apache.hadoop.hdds.server.http.HttpServer2$QuotingInputFilter)
2025-07-15 19:44:32,499 [main] INFO  http.HttpServer2 (HttpServer2.java:addFilter(1018)) - Added filter static_user_filter (class=org.apache.hadoop.http.lib.StaticUserWebFilter$StaticUserFilter) to context hddsDatanode
2025-07-15 19:44:32,499 [main] INFO  http.HttpServer2 (HttpServer2.java:addFilter(1026)) - Added filter static_user_filter (class=org.apache.hadoop.http.lib.StaticUserWebFilter$StaticUserFilter) to context logs
2025-07-15 19:44:32,499 [main] INFO  http.HttpServer2 (HttpServer2.java:addFilter(1026)) - Added filter static_user_filter (class=org.apache.hadoop.http.lib.StaticUserWebFilter$StaticUserFilter) to context static
2025-07-15 19:44:32,500 [main] INFO  http.BaseHttpServer (BaseHttpServer.java:<init>(195)) - HTTP server of hddsDatanode uses base directory /home/runner/work/ozone/ozone/hadoop-ozone/integration-test/target/test-dir/MiniOzoneClusterImpl-7a2c00ee-15e1-4921-aa6b-526c14ec89d8/ozone-meta/datanode-1/meta/webserver
2025-07-15 19:44:32,500 [main] INFO  http.HttpServer2 (HttpServer2.java:bindListener(1242)) - Jetty bound to port 15010
2025-07-15 19:44:32,500 [main] INFO  server.Server (Server.java:doStart(375)) - jetty-9.4.57.v20241219; built: 2025-01-08T21:24:30.412Z; git: df524e6b29271c2e09ba9aea83c18dc9db464a31; jvm 21.0.7+6-LTS
2025-07-15 19:44:32,503 [main] INFO  server.session (DefaultSessionIdManager.java:doStart(334)) - DefaultSessionIdManager workerName=node0
2025-07-15 19:44:32,503 [main] INFO  server.session (DefaultSessionIdManager.java:doStart(339)) - No SessionScavenger set, using defaults
2025-07-15 19:44:32,503 [main] INFO  server.session (HouseKeeper.java:startScavenging(132)) - node0 Scavenging every 600000ms
2025-07-15 19:44:32,504 [main] INFO  handler.ContextHandler (ContextHandler.java:doStart(921)) - Started o.e.j.s.ServletContextHandler@35d5d507{logs,/logs,file:///home/runner/work/ozone/ozone/hadoop-ozone/integration-test/target/log,AVAILABLE}
2025-07-15 19:44:32,505 [main] INFO  handler.ContextHandler (ContextHandler.java:doStart(921)) - Started o.e.j.s.ServletContextHandler@3f33316e{static,/static,jar:file:/home/runner/work/ozone/ozone/hadoop-hdds/container-service/target/hdds-container-service-2.1.0-SNAPSHOT.jar!/webapps/static,AVAILABLE}
2025-07-15 19:44:32,705 [main] INFO  handler.ContextHandler (ContextHandler.java:doStart(921)) - Started o.e.j.w.WebAppContext@3f7f7faa{hddsDatanode,/,file:///home/runner/work/ozone/ozone/hadoop-ozone/integration-test/target/test-dir/MiniOzoneClusterImpl-7a2c00ee-15e1-4921-aa6b-526c14ec89d8/ozone-meta/datanode-1/meta/webserver/jetty-0_0_0_0-15010-hdds-container-service-2_1_0-SNAPSHOT_jar-_-any-12058902647218801518/webapp/,AVAILABLE}{jar:file:/home/runner/work/ozone/ozone/hadoop-hdds/container-service/target/hdds-container-service-2.1.0-SNAPSHOT.jar!/webapps/hddsDatanode}
2025-07-15 19:44:32,705 [main] INFO  server.AbstractConnector (AbstractConnector.java:doStart(333)) - Started ServerConnector@57909e37{HTTP/1.1, (http/1.1)}{0.0.0.0:15010}
2025-07-15 19:44:32,706 [main] INFO  server.Server (Server.java:doStart(415)) - Started @11200ms
2025-07-15 19:44:32,706 [main] WARN  impl.MetricsSystemImpl (MetricsSystemImpl.java:register(279)) - Sink prometheus already exists!
2025-07-15 19:44:32,706 [main] INFO  http.BaseHttpServer (BaseHttpServer.java:updateConnectorAddress(359)) - HTTP server of hddsDatanode listening at http://localhost:15010
2025-07-15 19:44:32,709 [main] INFO  ipc.CallQueueManager (CallQueueManager.java:<init>(93)) - Using callQueue: class java.util.concurrent.LinkedBlockingQueue, queueCapacity: 1000, scheduler: class org.apache.hadoop.ipc.DefaultRpcScheduler, ipcBackoff: false, ipcFailOver: false.
2025-07-15 19:44:32,709 [main] INFO  ipc.Server (Server.java:<init>(1438)) - Listener at 0.0.0.0:15011
2025-07-15 19:44:32,710 [Socket Reader #1 for port 15011] INFO  ipc.Server (Server.java:run(1474)) - Starting Socket Reader #1 for port 15011
2025-07-15 19:44:32,710 [Socket Reader #2 for port 15011] INFO  ipc.Server (Server.java:run(1474)) - Starting Socket Reader #2 for port 15011
2025-07-15 19:44:32,710 [Socket Reader #3 for port 15011] INFO  ipc.Server (Server.java:run(1474)) - Starting Socket Reader #3 for port 15011
2025-07-15 19:44:32,711 [Socket Reader #4 for port 15011] INFO  ipc.Server (Server.java:run(1474)) - Starting Socket Reader #4 for port 15011
2025-07-15 19:44:32,711 [Socket Reader #5 for port 15011] INFO  ipc.Server (Server.java:run(1474)) - Starting Socket Reader #5 for port 15011
2025-07-15 19:44:32,712 [Socket Reader #6 for port 15011] INFO  ipc.Server (Server.java:run(1474)) - Starting Socket Reader #6 for port 15011
2025-07-15 19:44:32,712 [Socket Reader #7 for port 15011] INFO  ipc.Server (Server.java:run(1474)) - Starting Socket Reader #7 for port 15011
2025-07-15 19:44:32,712 [Socket Reader #8 for port 15011] INFO  ipc.Server (Server.java:run(1474)) - Starting Socket Reader #8 for port 15011
2025-07-15 19:44:32,713 [Socket Reader #9 for port 15011] INFO  ipc.Server (Server.java:run(1474)) - Starting Socket Reader #9 for port 15011
2025-07-15 19:44:32,713 [Socket Reader #10 for port 15011] INFO  ipc.Server (Server.java:run(1474)) - Starting Socket Reader #10 for port 15011
2025-07-15 19:44:32,716 [main] INFO  ozone.HddsDatanodeService (HddsDatanodeService.java:start(333)) - Datanode start with admins: [admin, runner]
2025-07-15 19:44:32,716 [main] INFO  ozone.HddsDatanodeClientProtocolServer (HddsDatanodeClientProtocolServer.java:start(76)) - RPC server for Client /0.0.0.0:15011
2025-07-15 19:44:32,716 [IPC Server Responder] INFO  ipc.Server (Server.java:run(1713)) - IPC Server Responder: starting
2025-07-15 19:44:32,717 [IPC Server listener on 15011] INFO  ipc.Server (Server.java:run(1553)) - IPC Server listener on 15011: starting
2025-07-15 19:44:32,719 [main] WARN  dropwizard3.Dm3MetricRegistriesImpl (Dm3MetricRegistriesImpl.java:addReporterRegistration(114)) - New reporters are added after registries were created. Some metrics will be missing from the reporter. Please add reporter before adding any new registry.
2025-07-15 19:44:32,719 [main] WARN  dropwizard3.Dm3MetricRegistriesImpl (Dm3MetricRegistriesImpl.java:addReporterRegistration(114)) - New reporters are added after registries were created. Some metrics will be missing from the reporter. Please add reporter before adding any new registry.
2025-07-15 19:44:32,719 [main] INFO  impl.MetricsSystemImpl (MetricsSystemImpl.java:init(158)) - HddsDatanode metrics system started (again)
2025-07-15 19:44:32,722 [cd936fa6-15d5-4ef8-867a-01454d889292-DatanodeStateMachineDaemonThread] INFO  statemachine.DatanodeStateMachine (DatanodeStateMachine.java:startStateMachineThread(347)) - Ozone container server started.
2025-07-15 19:44:32,745 [main] INFO  protocol.DatanodeDetails (DatanodeDetails.java:validateDatanodeIpAddress(199)) - Updating IP address of datanode e96bea54-5ec2-4bc1-91ca-a280b757147d(localhost/null) to 127.0.0.1
2025-07-15 19:44:32,746 [main] INFO  ozone.HddsDatanodeService (HddsDatanodeService.java:start(236)) - HddsDatanodeService e96bea54-5ec2-4bc1-91ca-a280b757147d(localhost/127.0.0.1)
2025-07-15 19:44:32,749 [main] INFO  upgrade.AbstractLayoutVersionManager (AbstractLayoutVersionManager.java:init(80)) - Initializing Layout version manager with metadata layout = HBASE_SUPPORT (version = 8), software layout = HBASE_SUPPORT (version = 8)
2025-07-15 19:44:32,750 [main] INFO  statemachine.DatanodeStateMachine (DatanodeStateMachine.java:getEndPointTaskThreadPoolSize(305)) - Datanode State Machine Task Thread Pool size 2
2025-07-15 19:44:32,754 [main] INFO  volume.HddsVolume (HddsVolume.java:<init>(162)) - HddsVolume: { id=DS-184163af-74ba-4aad-8b1e-df516b9a0b6e dir=/home/runner/work/ozone/ozone/hadoop-ozone/integration-test/target/test-dir/MiniOzoneClusterImpl-7a2c00ee-15e1-4921-aa6b-526c14ec89d8/ozone-meta/datanode-2/data-0/hdds type=DISK capacity=9222449699674390527 used=0 available=9222449699674390527 minFree=9222450130714624 committed=0 }
2025-07-15 19:44:32,754 [main] INFO  volume.MutableVolumeSet (MutableVolumeSet.java:initializeVolumeSet(167)) - Added Volume : /home/runner/work/ozone/ozone/hadoop-ozone/integration-test/target/test-dir/MiniOzoneClusterImpl-7a2c00ee-15e1-4921-aa6b-526c14ec89d8/ozone-meta/datanode-2/data-0/hdds to VolumeSet
2025-07-15 19:44:32,756 [main] INFO  volume.MutableVolumeSet (MutableVolumeSet.java:initializeVolumeSet(167)) - Added Volume : /home/runner/work/ozone/ozone/hadoop-ozone/integration-test/target/test-dir/MiniOzoneClusterImpl-7a2c00ee-15e1-4921-aa6b-526c14ec89d8/ozone-meta/datanode-2/ratis to VolumeSet
2025-07-15 19:44:32,758 [main] INFO  ozoneimpl.OzoneContainer (HddsVolumeUtil.java:loadAllHddsVolumeDbStore(102)) - Load 1 volumes DbStore cost: 1ms
2025-07-15 19:44:32,758 [main] WARN  db.DBStoreBuilder (DBStoreBuilder.java:getDBDirPath(158)) - ozone.scm.datanode.id.dir is not configured. We recommend adding this setting. Falling back to ozone.metadata.dirs instead.
2025-07-15 19:44:32,760 [main] WARN  db.DBStoreBuilder (DBStoreBuilder.java:getDBDirPath(158)) - ozone.scm.datanode.id.dir is not configured. We recommend adding this setting. Falling back to ozone.metadata.dirs instead.
2025-07-15 19:44:32,780 [main] INFO  impl.FilePerChunkStrategy (FilePerChunkStrategy.java:<init>(79)) - ozone.chunk.read.mapped.buffer.max.count is load with 0
2025-07-15 19:44:32,780 [main] INFO  impl.FilePerBlockStrategy (FilePerBlockStrategy.java:<init>(88)) - ozone.chunk.read.mapped.buffer.max.count is load with 0
2025-07-15 19:44:32,781 [main] INFO  server.RaftServerConfigKeys (ConfUtils.java:logGet(62)) - raft.server.log.appender.buffer.byte-limit = 33554432 (custom)
2025-07-15 19:44:32,784 [main] INFO  grpc.GrpcConfigKeys (ConfUtils.java:logFallback(69)) - raft.grpc.admin.host = null (fallback to raft.grpc.server.host)
2025-07-15 19:44:32,784 [main] INFO  grpc.GrpcConfigKeys (ConfUtils.java:logGet(62)) - raft.grpc.admin.port = 15022 (custom)
2025-07-15 19:44:32,784 [main] INFO  grpc.GrpcConfigKeys (ConfUtils.java:logFallback(69)) - raft.grpc.client.host = null (fallback to raft.grpc.server.host)
2025-07-15 19:44:32,784 [main] INFO  grpc.GrpcConfigKeys (ConfUtils.java:logGet(62)) - raft.grpc.client.port = 15021 (custom)
2025-07-15 19:44:32,784 [main] INFO  grpc.GrpcConfigKeys (ConfUtils.java:logGet(62)) - raft.grpc.server.port = 15023 (custom)
2025-07-15 19:44:32,784 [main] INFO  server.GrpcServicesImpl (ConfUtils.java:logGet(62)) - raft.grpc.message.size.max = 34603008 (custom)
2025-07-15 19:44:32,784 [main] INFO  server.GrpcServicesImpl (ConfUtils.java:logGet(62)) - raft.grpc.flow.control.window = 5MB (=5242880) (custom)
2025-07-15 19:44:32,784 [main] INFO  server.RaftServerConfigKeys (ConfUtils.java:logGet(62)) - raft.server.log.appender.buffer.byte-limit = 33554432 (custom)
2025-07-15 19:44:32,786 [cd936fa6-15d5-4ef8-867a-01454d889292-DatanodeStateMachineTaskThread-0] INFO  datanode.InitDatanodeState (InitDatanodeState.java:persistContainerDatanodeDetails(139)) - DatanodeDetails is persisted to /home/runner/work/ozone/ozone/hadoop-ozone/integration-test/target/test-dir/MiniOzoneClusterImpl-7a2c00ee-15e1-4921-aa6b-526c14ec89d8/ozone-meta/datanode-1/meta/datanode.id
2025-07-15 19:44:32,786 [main] INFO  netty.NettyUtils (NettyUtils.java:newEventLoopGroup(74)) - Create EpollEventLoopGroup for e96bea54-5ec2-4bc1-91ca-a280b757147d-NettyServerStreamRpc-bossGroup; Thread size is 0.
2025-07-15 19:44:32,787 [main] INFO  netty.NettyUtils (NettyUtils.java:newEventLoopGroup(74)) - Create EpollEventLoopGroup for e96bea54-5ec2-4bc1-91ca-a280b757147d-NettyServerStreamRpc-workerGroup; Thread size is 0.
2025-07-15 19:44:32,788 [main] INFO  netty.NettyConfigKeys$DataStream (ConfUtils.java:logGet(62)) - raft.netty.dataStream.port = 15024 (custom)
2025-07-15 19:44:32,788 [main] INFO  server.RaftServerConfigKeys (ConfUtils.java:logGet(62)) - raft.server.storage.dir = [/home/runner/work/ozone/ozone/hadoop-ozone/integration-test/target/test-dir/MiniOzoneClusterImpl-7a2c00ee-15e1-4921-aa6b-526c14ec89d8/ozone-meta/datanode-2/ratis] (custom)
2025-07-15 19:44:32,788 [e96bea54-5ec2-4bc1-91ca-a280b757147d-NettyServerStreamRpc-bossGroup--thread1] INFO  logging.LoggingHandler (AbstractInternalLogger.java:log(148)) - [id: 0x23bb83a3] REGISTERED
2025-07-15 19:44:32,789 [e96bea54-5ec2-4bc1-91ca-a280b757147d-NettyServerStreamRpc-bossGroup--thread1] INFO  logging.LoggingHandler (AbstractInternalLogger.java:log(148)) - [id: 0x23bb83a3] BIND: 0.0.0.0/0.0.0.0:15024
2025-07-15 19:44:32,789 [e96bea54-5ec2-4bc1-91ca-a280b757147d-impl-thread1] INFO  server.RaftServer (RaftServerProxy.java:initGroupDir(270)) - e96bea54-5ec2-4bc1-91ca-a280b757147d: found a subdirectory /home/runner/work/ozone/ozone/hadoop-ozone/integration-test/target/test-dir/MiniOzoneClusterImpl-7a2c00ee-15e1-4921-aa6b-526c14ec89d8/ozone-meta/datanode-2/ratis/tmp
2025-07-15 19:44:32,789 [e96bea54-5ec2-4bc1-91ca-a280b757147d-impl-thread1] INFO  server.RaftServer (RaftServerProxy.java:initGroupDir(275)) - e96bea54-5ec2-4bc1-91ca-a280b757147d: The directory /home/runner/work/ozone/ozone/hadoop-ozone/integration-test/target/test-dir/MiniOzoneClusterImpl-7a2c00ee-15e1-4921-aa6b-526c14ec89d8/ozone-meta/datanode-2/ratis/tmp is not a group directory; ignoring it. 
2025-07-15 19:44:32,789 [e96bea54-5ec2-4bc1-91ca-a280b757147d-NettyServerStreamRpc-bossGroup--thread1] INFO  logging.LoggingHandler (AbstractInternalLogger.java:log(148)) - [id: 0x23bb83a3, L:/0.0.0.0:15024] ACTIVE
2025-07-15 19:44:32,789 [main] INFO  replication.ReplicationServer (ReplicationServer.java:<init>(84)) - Initializing replication server with thread count = 10 queue length = 4096
2025-07-15 19:44:32,790 [main] INFO  server.XceiverServerGrpc (XceiverServerGrpc.java:<init>(130)) - GrpcServer channel type EpollServerSocketChannel
2025-07-15 19:44:32,793 [main] INFO  replication.ReplicationSupervisor (ReplicationSupervisor.java:build(169)) - Initializing replication supervisor with thread count = 10
2025-07-15 19:44:32,793 [main] INFO  replication.ReplicationSupervisor (ReplicationSupervisor.java:nodeStateUpdated(358)) - Node state updated to IN_SERVICE, scaling executor pool size to 10
2025-07-15 19:44:32,798 [main] INFO  http.BaseHttpServer (BaseHttpServer.java:newHttpServer2BuilderForOzone(229)) - Starting Web-server for hddsDatanode at: http://0.0.0.0:15018
2025-07-15 19:44:32,798 [main] INFO  http.BaseHttpServer (BaseHttpServer.java:<init>(107)) - Hadoop Security Enabled: false Ozone Security Enabled: false Ozone HTTP Security Enabled: false 
2025-07-15 19:44:32,800 [main] WARN  server.AuthenticationFilter (AuthenticationFilter.java:constructSecretProvider(240)) - Unable to initialize FileSignerSecretProvider, falling back to use random secrets. Reason: Could not read signature secret file: /home/runner/hadoop-http-auth-signature-secret
2025-07-15 19:44:32,802 [main] INFO  http.HttpServer2 (HttpServer2.java:addGlobalFilter(1042)) - Added global filter 'safety' (class=org.apache.hadoop.hdds.server.http.HttpServer2$QuotingInputFilter)
2025-07-15 19:44:32,803 [main] INFO  http.HttpServer2 (HttpServer2.java:addFilter(1018)) - Added filter static_user_filter (class=org.apache.hadoop.http.lib.StaticUserWebFilter$StaticUserFilter) to context hddsDatanode
2025-07-15 19:44:32,803 [main] INFO  http.HttpServer2 (HttpServer2.java:addFilter(1026)) - Added filter static_user_filter (class=org.apache.hadoop.http.lib.StaticUserWebFilter$StaticUserFilter) to context static
2025-07-15 19:44:32,804 [main] INFO  http.HttpServer2 (HttpServer2.java:addFilter(1026)) - Added filter static_user_filter (class=org.apache.hadoop.http.lib.StaticUserWebFilter$StaticUserFilter) to context logs
2025-07-15 19:44:32,805 [main] INFO  http.BaseHttpServer (BaseHttpServer.java:<init>(195)) - HTTP server of hddsDatanode uses base directory /home/runner/work/ozone/ozone/hadoop-ozone/integration-test/target/test-dir/MiniOzoneClusterImpl-7a2c00ee-15e1-4921-aa6b-526c14ec89d8/ozone-meta/datanode-2/meta/webserver
2025-07-15 19:44:32,805 [main] INFO  http.HttpServer2 (HttpServer2.java:bindListener(1242)) - Jetty bound to port 15018
2025-07-15 19:44:32,805 [main] INFO  server.Server (Server.java:doStart(375)) - jetty-9.4.57.v20241219; built: 2025-01-08T21:24:30.412Z; git: df524e6b29271c2e09ba9aea83c18dc9db464a31; jvm 21.0.7+6-LTS
2025-07-15 19:44:32,807 [main] INFO  server.session (DefaultSessionIdManager.java:doStart(334)) - DefaultSessionIdManager workerName=node0
2025-07-15 19:44:32,807 [main] INFO  server.session (DefaultSessionIdManager.java:doStart(339)) - No SessionScavenger set, using defaults
2025-07-15 19:44:32,807 [main] INFO  server.session (HouseKeeper.java:startScavenging(132)) - node0 Scavenging every 600000ms
2025-07-15 19:44:32,808 [main] INFO  handler.ContextHandler (ContextHandler.java:doStart(921)) - Started o.e.j.s.ServletContextHandler@5016013e{logs,/logs,file:///home/runner/work/ozone/ozone/hadoop-ozone/integration-test/target/log,AVAILABLE}
2025-07-15 19:44:32,808 [main] INFO  handler.ContextHandler (ContextHandler.java:doStart(921)) - Started o.e.j.s.ServletContextHandler@6d0e7e6{static,/static,jar:file:/home/runner/work/ozone/ozone/hadoop-hdds/container-service/target/hdds-container-service-2.1.0-SNAPSHOT.jar!/webapps/static,AVAILABLE}
2025-07-15 19:44:32,964 [main] INFO  handler.ContextHandler (ContextHandler.java:doStart(921)) - Started o.e.j.w.WebAppContext@1b4bfdb{hddsDatanode,/,file:///home/runner/work/ozone/ozone/hadoop-ozone/integration-test/target/test-dir/MiniOzoneClusterImpl-7a2c00ee-15e1-4921-aa6b-526c14ec89d8/ozone-meta/datanode-2/meta/webserver/jetty-0_0_0_0-15018-hdds-container-service-2_1_0-SNAPSHOT_jar-_-any-1513562200164757388/webapp/,AVAILABLE}{jar:file:/home/runner/work/ozone/ozone/hadoop-hdds/container-service/target/hdds-container-service-2.1.0-SNAPSHOT.jar!/webapps/hddsDatanode}
2025-07-15 19:44:32,965 [main] INFO  server.AbstractConnector (AbstractConnector.java:doStart(333)) - Started ServerConnector@143170b7{HTTP/1.1, (http/1.1)}{0.0.0.0:15018}
2025-07-15 19:44:32,965 [main] INFO  server.Server (Server.java:doStart(415)) - Started @11460ms
2025-07-15 19:44:32,966 [main] WARN  impl.MetricsSystemImpl (MetricsSystemImpl.java:register(279)) - Sink prometheus already exists!
2025-07-15 19:44:32,966 [main] INFO  http.BaseHttpServer (BaseHttpServer.java:updateConnectorAddress(359)) - HTTP server of hddsDatanode listening at http://localhost:15018
2025-07-15 19:44:32,966 [main] INFO  ipc.CallQueueManager (CallQueueManager.java:<init>(93)) - Using callQueue: class java.util.concurrent.LinkedBlockingQueue, queueCapacity: 1000, scheduler: class org.apache.hadoop.ipc.DefaultRpcScheduler, ipcBackoff: false, ipcFailOver: false.
2025-07-15 19:44:32,967 [main] INFO  ipc.Server (Server.java:<init>(1438)) - Listener at 0.0.0.0:15019
2025-07-15 19:44:32,967 [Socket Reader #1 for port 15019] INFO  ipc.Server (Server.java:run(1474)) - Starting Socket Reader #1 for port 15019
2025-07-15 19:44:32,968 [Socket Reader #2 for port 15019] INFO  ipc.Server (Server.java:run(1474)) - Starting Socket Reader #2 for port 15019
2025-07-15 19:44:32,968 [Socket Reader #3 for port 15019] INFO  ipc.Server (Server.java:run(1474)) - Starting Socket Reader #3 for port 15019
2025-07-15 19:44:32,969 [Socket Reader #4 for port 15019] INFO  ipc.Server (Server.java:run(1474)) - Starting Socket Reader #4 for port 15019
2025-07-15 19:44:32,969 [Socket Reader #5 for port 15019] INFO  ipc.Server (Server.java:run(1474)) - Starting Socket Reader #5 for port 15019
2025-07-15 19:44:32,969 [Socket Reader #6 for port 15019] INFO  ipc.Server (Server.java:run(1474)) - Starting Socket Reader #6 for port 15019
2025-07-15 19:44:32,970 [Socket Reader #7 for port 15019] INFO  ipc.Server (Server.java:run(1474)) - Starting Socket Reader #7 for port 15019
2025-07-15 19:44:32,970 [Socket Reader #8 for port 15019] INFO  ipc.Server (Server.java:run(1474)) - Starting Socket Reader #8 for port 15019
2025-07-15 19:44:32,970 [Socket Reader #9 for port 15019] INFO  ipc.Server (Server.java:run(1474)) - Starting Socket Reader #9 for port 15019
2025-07-15 19:44:32,971 [Socket Reader #10 for port 15019] INFO  ipc.Server (Server.java:run(1474)) - Starting Socket Reader #10 for port 15019
2025-07-15 19:44:32,973 [main] INFO  ozone.HddsDatanodeService (HddsDatanodeService.java:start(333)) - Datanode start with admins: [admin, runner]
2025-07-15 19:44:32,973 [main] INFO  ozone.HddsDatanodeClientProtocolServer (HddsDatanodeClientProtocolServer.java:start(76)) - RPC server for Client /0.0.0.0:15019
2025-07-15 19:44:32,974 [IPC Server Responder] INFO  ipc.Server (Server.java:run(1713)) - IPC Server Responder: starting
2025-07-15 19:44:32,974 [IPC Server listener on 15019] INFO  ipc.Server (Server.java:run(1553)) - IPC Server listener on 15019: starting
2025-07-15 19:44:32,976 [main] WARN  dropwizard3.Dm3MetricRegistriesImpl (Dm3MetricRegistriesImpl.java:addReporterRegistration(114)) - New reporters are added after registries were created. Some metrics will be missing from the reporter. Please add reporter before adding any new registry.
2025-07-15 19:44:32,976 [main] WARN  dropwizard3.Dm3MetricRegistriesImpl (Dm3MetricRegistriesImpl.java:addReporterRegistration(114)) - New reporters are added after registries were created. Some metrics will be missing from the reporter. Please add reporter before adding any new registry.
2025-07-15 19:44:32,977 [main] INFO  impl.MetricsSystemImpl (MetricsSystemImpl.java:init(158)) - HddsDatanode metrics system started (again)
2025-07-15 19:44:32,978 [e96bea54-5ec2-4bc1-91ca-a280b757147d-DatanodeStateMachineDaemonThread] INFO  statemachine.DatanodeStateMachine (DatanodeStateMachine.java:startStateMachineThread(347)) - Ozone container server started.
2025-07-15 19:44:32,985 [e96bea54-5ec2-4bc1-91ca-a280b757147d-DatanodeStateMachineTaskThread-0] INFO  datanode.InitDatanodeState (InitDatanodeState.java:persistContainerDatanodeDetails(139)) - DatanodeDetails is persisted to /home/runner/work/ozone/ozone/hadoop-ozone/integration-test/target/test-dir/MiniOzoneClusterImpl-7a2c00ee-15e1-4921-aa6b-526c14ec89d8/ozone-meta/datanode-2/meta/datanode.id
2025-07-15 19:44:32,997 [main] INFO  protocol.DatanodeDetails (DatanodeDetails.java:validateDatanodeIpAddress(199)) - Updating IP address of datanode 5109dbd0-88b3-4954-9428-6522438831f5(localhost/null) to 127.0.0.1
2025-07-15 19:44:32,997 [main] INFO  ozone.HddsDatanodeService (HddsDatanodeService.java:start(236)) - HddsDatanodeService 5109dbd0-88b3-4954-9428-6522438831f5(localhost/127.0.0.1)
2025-07-15 19:44:33,000 [main] INFO  upgrade.AbstractLayoutVersionManager (AbstractLayoutVersionManager.java:init(80)) - Initializing Layout version manager with metadata layout = HBASE_SUPPORT (version = 8), software layout = HBASE_SUPPORT (version = 8)
2025-07-15 19:44:33,001 [main] INFO  statemachine.DatanodeStateMachine (DatanodeStateMachine.java:getEndPointTaskThreadPoolSize(305)) - Datanode State Machine Task Thread Pool size 2
2025-07-15 19:44:33,005 [main] INFO  volume.HddsVolume (HddsVolume.java:<init>(162)) - HddsVolume: { id=DS-d7c59129-0e1c-408c-a3d8-0e5e66b98870 dir=/home/runner/work/ozone/ozone/hadoop-ozone/integration-test/target/test-dir/MiniOzoneClusterImpl-7a2c00ee-15e1-4921-aa6b-526c14ec89d8/ozone-meta/datanode-3/data-0/hdds type=DISK capacity=9222449699674390527 used=0 available=9222449699674390527 minFree=9222450130714624 committed=0 }
2025-07-15 19:44:33,005 [main] INFO  volume.MutableVolumeSet (MutableVolumeSet.java:initializeVolumeSet(167)) - Added Volume : /home/runner/work/ozone/ozone/hadoop-ozone/integration-test/target/test-dir/MiniOzoneClusterImpl-7a2c00ee-15e1-4921-aa6b-526c14ec89d8/ozone-meta/datanode-3/data-0/hdds to VolumeSet
2025-07-15 19:44:33,006 [main] INFO  volume.MutableVolumeSet (MutableVolumeSet.java:initializeVolumeSet(167)) - Added Volume : /home/runner/work/ozone/ozone/hadoop-ozone/integration-test/target/test-dir/MiniOzoneClusterImpl-7a2c00ee-15e1-4921-aa6b-526c14ec89d8/ozone-meta/datanode-3/ratis to VolumeSet
2025-07-15 19:44:33,008 [main] INFO  ozoneimpl.OzoneContainer (HddsVolumeUtil.java:loadAllHddsVolumeDbStore(102)) - Load 1 volumes DbStore cost: 0ms
2025-07-15 19:44:33,008 [main] WARN  db.DBStoreBuilder (DBStoreBuilder.java:getDBDirPath(158)) - ozone.scm.datanode.id.dir is not configured. We recommend adding this setting. Falling back to ozone.metadata.dirs instead.
2025-07-15 19:44:33,009 [main] WARN  db.DBStoreBuilder (DBStoreBuilder.java:getDBDirPath(158)) - ozone.scm.datanode.id.dir is not configured. We recommend adding this setting. Falling back to ozone.metadata.dirs instead.
2025-07-15 19:44:33,025 [main] INFO  impl.FilePerChunkStrategy (FilePerChunkStrategy.java:<init>(79)) - ozone.chunk.read.mapped.buffer.max.count is load with 0
2025-07-15 19:44:33,025 [main] INFO  impl.FilePerBlockStrategy (FilePerBlockStrategy.java:<init>(88)) - ozone.chunk.read.mapped.buffer.max.count is load with 0
2025-07-15 19:44:33,027 [main] INFO  server.RaftServerConfigKeys (ConfUtils.java:logGet(62)) - raft.server.log.appender.buffer.byte-limit = 33554432 (custom)
2025-07-15 19:44:33,027 [om1@group-C5BA1605619E-FollowerState] INFO  impl.FollowerState (FollowerState.java:runImpl(161)) - om1@group-C5BA1605619E-FollowerState: change to CANDIDATE, lastRpcElapsedTime:1009890248ns, electionTimeout:1009ms
2025-07-15 19:44:33,028 [om1@group-C5BA1605619E-FollowerState] INFO  impl.RoleInfo (RoleInfo.java:shutdownFollowerState(121)) - om1: shutdown om1@group-C5BA1605619E-FollowerState
2025-07-15 19:44:33,028 [om1@group-C5BA1605619E-FollowerState] INFO  server.RaftServer$Division (RaftServerImpl.java:setRole(392)) - om1@group-C5BA1605619E: changes role from  FOLLOWER to CANDIDATE at term 0 for changeToCandidate
2025-07-15 19:44:33,028 [om1@group-C5BA1605619E-FollowerState] INFO  impl.RoleInfo (RoleInfo.java:updateAndGet(148)) - om1: start om1@group-C5BA1605619E-LeaderElection3
2025-07-15 19:44:33,028 [om1@group-C5BA1605619E-LeaderElection3] INFO  impl.LeaderElection (LeaderElection.java:askForVotes(448)) - om1@group-C5BA1605619E-LeaderElection3 PRE_VOTE round 0: submit vote requests at term 0 for conf: {index: -1, cur=peers:[om1|localhost:15009]|listeners:[], old=null}
2025-07-15 19:44:33,029 [om1@group-C5BA1605619E-LeaderElection3] INFO  impl.LeaderElection (LeaderElection.java:askForVotes(450)) - om1@group-C5BA1605619E-LeaderElection3 PRE_VOTE round 0: result PASSED (term=0)
2025-07-15 19:44:33,029 [main] INFO  grpc.GrpcConfigKeys (ConfUtils.java:logFallback(69)) - raft.grpc.admin.host = null (fallback to raft.grpc.server.host)
2025-07-15 19:44:33,029 [main] INFO  grpc.GrpcConfigKeys (ConfUtils.java:logGet(62)) - raft.grpc.admin.port = 15030 (custom)
2025-07-15 19:44:33,029 [main] INFO  grpc.GrpcConfigKeys (ConfUtils.java:logFallback(69)) - raft.grpc.client.host = null (fallback to raft.grpc.server.host)
2025-07-15 19:44:33,029 [main] INFO  grpc.GrpcConfigKeys (ConfUtils.java:logGet(62)) - raft.grpc.client.port = 15029 (custom)
2025-07-15 19:44:33,030 [main] INFO  grpc.GrpcConfigKeys (ConfUtils.java:logGet(62)) - raft.grpc.server.port = 15031 (custom)
2025-07-15 19:44:33,031 [main] INFO  server.GrpcServicesImpl (ConfUtils.java:logGet(62)) - raft.grpc.message.size.max = 34603008 (custom)
2025-07-15 19:44:33,031 [om1@group-C5BA1605619E-LeaderElection3] INFO  impl.LeaderElection (LeaderElection.java:askForVotes(448)) - om1@group-C5BA1605619E-LeaderElection3 ELECTION round 0: submit vote requests at term 1 for conf: {index: -1, cur=peers:[om1|localhost:15009]|listeners:[], old=null}
2025-07-15 19:44:33,031 [main] INFO  server.GrpcServicesImpl (ConfUtils.java:logGet(62)) - raft.grpc.flow.control.window = 5MB (=5242880) (custom)
2025-07-15 19:44:33,031 [main] INFO  server.RaftServerConfigKeys (ConfUtils.java:logGet(62)) - raft.server.log.appender.buffer.byte-limit = 33554432 (custom)
2025-07-15 19:44:33,031 [om1@group-C5BA1605619E-LeaderElection3] INFO  impl.LeaderElection (LeaderElection.java:askForVotes(450)) - om1@group-C5BA1605619E-LeaderElection3 ELECTION round 0: result PASSED (term=1)
2025-07-15 19:44:33,031 [om1@group-C5BA1605619E-LeaderElection3] INFO  impl.RoleInfo (RoleInfo.java:shutdownLeaderElection(141)) - om1: shutdown om1@group-C5BA1605619E-LeaderElection3
2025-07-15 19:44:33,031 [om1@group-C5BA1605619E-LeaderElection3] INFO  server.RaftServer$Division (RaftServerImpl.java:setRole(392)) - om1@group-C5BA1605619E: changes role from CANDIDATE to LEADER at term 1 for changeToLeader
2025-07-15 19:44:33,032 [om1@group-C5BA1605619E-LeaderElection3] INFO  server.RaftServerConfigKeys (ConfUtils.java:logFallback(69)) - raft.server.staging.timeout = 3600ms (fallback to raft.server.rpc.timeout.max)
2025-07-15 19:44:33,033 [main] INFO  netty.NettyUtils (NettyUtils.java:newEventLoopGroup(74)) - Create EpollEventLoopGroup for 5109dbd0-88b3-4954-9428-6522438831f5-NettyServerStreamRpc-bossGroup; Thread size is 0.
2025-07-15 19:44:33,033 [om1@group-C5BA1605619E-LeaderElection3] INFO  impl.RoleInfo (RoleInfo.java:updateAndGet(148)) - om1: start om1@group-C5BA1605619E-LeaderStateImpl
2025-07-15 19:44:33,033 [om1@group-C5BA1605619E-LeaderElection3] INFO  server.RaftServer$Division (RaftServerImpl.java:setFirstElection(576)) - om1@group-C5BA1605619E: set firstElectionSinceStartup to false for becomeLeader
2025-07-15 19:44:33,034 [main] INFO  netty.NettyUtils (NettyUtils.java:newEventLoopGroup(74)) - Create EpollEventLoopGroup for 5109dbd0-88b3-4954-9428-6522438831f5-NettyServerStreamRpc-workerGroup; Thread size is 0.
2025-07-15 19:44:33,035 [main] INFO  netty.NettyConfigKeys$DataStream (ConfUtils.java:logGet(62)) - raft.netty.dataStream.port = 15032 (custom)
2025-07-15 19:44:33,035 [om1@group-C5BA1605619E-LeaderElection3] INFO  ratis.OzoneManagerStateMachine (OzoneManagerStateMachine.java:notifyLeaderChanged(174)) - om1@group-C5BA1605619E: leader changed to om1
2025-07-15 19:44:33,035 [om1@group-C5BA1605619E-LeaderElection3] INFO  server.RaftServer$Division (ServerState.java:setLeader(272)) - om1@group-C5BA1605619E: change Leader from null to om1 at term 1 for becomeLeader, leader elected after 1980ms
2025-07-15 19:44:33,035 [om1@group-C5BA1605619E-LeaderElection3] INFO  segmented.SegmentedRaftLogWorker (SegmentedRaftLogWorker.java:startLogSegment(440)) - om1@group-C5BA1605619E-SegmentedRaftLogWorker: Starting segment from index:0
2025-07-15 19:44:33,036 [5109dbd0-88b3-4954-9428-6522438831f5-NettyServerStreamRpc-bossGroup--thread1] INFO  logging.LoggingHandler (AbstractInternalLogger.java:log(148)) - [id: 0xadf08ed7] REGISTERED
2025-07-15 19:44:33,035 [main] INFO  server.RaftServerConfigKeys (ConfUtils.java:logGet(62)) - raft.server.storage.dir = [/home/runner/work/ozone/ozone/hadoop-ozone/integration-test/target/test-dir/MiniOzoneClusterImpl-7a2c00ee-15e1-4921-aa6b-526c14ec89d8/ozone-meta/datanode-3/ratis] (custom)
2025-07-15 19:44:33,036 [om1@group-C5BA1605619E-LeaderElection3] INFO  server.RaftServer$Division (ServerState.java:setRaftConf(386)) - om1@group-C5BA1605619E: set configuration conf: {index: 0, cur=peers:[om1|localhost:15009]|listeners:[], old=null}
2025-07-15 19:44:33,036 [om1@group-C5BA1605619E-SegmentedRaftLogWorker] INFO  segmented.BufferedWriteChannel (BufferedWriteChannel.java:open(61)) - open log_inprogress_0 at position 0
2025-07-15 19:44:33,036 [5109dbd0-88b3-4954-9428-6522438831f5-NettyServerStreamRpc-bossGroup--thread1] INFO  logging.LoggingHandler (AbstractInternalLogger.java:log(148)) - [id: 0xadf08ed7] BIND: 0.0.0.0/0.0.0.0:15032
2025-07-15 19:44:33,037 [5109dbd0-88b3-4954-9428-6522438831f5-NettyServerStreamRpc-bossGroup--thread1] INFO  logging.LoggingHandler (AbstractInternalLogger.java:log(148)) - [id: 0xadf08ed7, L:/0.0.0.0:15032] ACTIVE
2025-07-15 19:44:33,037 [5109dbd0-88b3-4954-9428-6522438831f5-impl-thread1] INFO  server.RaftServer (RaftServerProxy.java:initGroupDir(270)) - 5109dbd0-88b3-4954-9428-6522438831f5: found a subdirectory /home/runner/work/ozone/ozone/hadoop-ozone/integration-test/target/test-dir/MiniOzoneClusterImpl-7a2c00ee-15e1-4921-aa6b-526c14ec89d8/ozone-meta/datanode-3/ratis/tmp
2025-07-15 19:44:33,037 [5109dbd0-88b3-4954-9428-6522438831f5-impl-thread1] INFO  server.RaftServer (RaftServerProxy.java:initGroupDir(275)) - 5109dbd0-88b3-4954-9428-6522438831f5: The directory /home/runner/work/ozone/ozone/hadoop-ozone/integration-test/target/test-dir/MiniOzoneClusterImpl-7a2c00ee-15e1-4921-aa6b-526c14ec89d8/ozone-meta/datanode-3/ratis/tmp is not a group directory; ignoring it. 
2025-07-15 19:44:33,037 [main] INFO  replication.ReplicationServer (ReplicationServer.java:<init>(84)) - Initializing replication server with thread count = 10 queue length = 4096
2025-07-15 19:44:33,039 [main] INFO  server.XceiverServerGrpc (XceiverServerGrpc.java:<init>(130)) - GrpcServer channel type EpollServerSocketChannel
2025-07-15 19:44:33,041 [main] INFO  replication.ReplicationSupervisor (ReplicationSupervisor.java:build(169)) - Initializing replication supervisor with thread count = 10
2025-07-15 19:44:33,041 [main] INFO  replication.ReplicationSupervisor (ReplicationSupervisor.java:nodeStateUpdated(358)) - Node state updated to IN_SERVICE, scaling executor pool size to 10
2025-07-15 19:44:33,045 [main] INFO  http.BaseHttpServer (BaseHttpServer.java:newHttpServer2BuilderForOzone(229)) - Starting Web-server for hddsDatanode at: http://0.0.0.0:15026
2025-07-15 19:44:33,045 [main] INFO  http.BaseHttpServer (BaseHttpServer.java:<init>(107)) - Hadoop Security Enabled: false Ozone Security Enabled: false Ozone HTTP Security Enabled: false 
2025-07-15 19:44:33,047 [om1@group-C5BA1605619E-SegmentedRaftLogWorker] INFO  segmented.SegmentedRaftLogWorker (SegmentedRaftLogWorker.java:execute(647)) - om1@group-C5BA1605619E-SegmentedRaftLogWorker: created new log segment /home/runner/work/ozone/ozone/hadoop-ozone/integration-test/target/test-dir/MiniOzoneClusterImpl-7a2c00ee-15e1-4921-aa6b-526c14ec89d8/ozone-meta/ratis/bf265839-605b-3f16-9796-c5ba1605619e/current/log_inprogress_0
2025-07-15 19:44:33,047 [main] WARN  server.AuthenticationFilter (AuthenticationFilter.java:constructSecretProvider(240)) - Unable to initialize FileSignerSecretProvider, falling back to use random secrets. Reason: Could not read signature secret file: /home/runner/hadoop-http-auth-signature-secret
2025-07-15 19:44:33,049 [om1@group-C5BA1605619E-StateMachineUpdater] INFO  ratis.OzoneManagerStateMachine (OzoneManagerStateMachine.java:notifyConfigurationChanged(236)) - notifyConfigurationChanged from Ratis: term=1, index=0, New Peer list: om1(localhost:15009)
2025-07-15 19:44:33,049 [main] INFO  http.HttpServer2 (HttpServer2.java:addGlobalFilter(1042)) - Added global filter 'safety' (class=org.apache.hadoop.hdds.server.http.HttpServer2$QuotingInputFilter)
2025-07-15 19:44:33,049 [om1@group-C5BA1605619E-StateMachineUpdater] INFO  server.RaftServer$Division (LeaderStateImpl.java:checkStartIndex(309)) - Leader om1@group-C5BA1605619E-LeaderStateImpl is ready since appliedIndex == startIndex == 0
2025-07-15 19:44:33,050 [main] INFO  http.HttpServer2 (HttpServer2.java:addFilter(1018)) - Added filter static_user_filter (class=org.apache.hadoop.http.lib.StaticUserWebFilter$StaticUserFilter) to context hddsDatanode
2025-07-15 19:44:33,050 [main] INFO  http.HttpServer2 (HttpServer2.java:addFilter(1026)) - Added filter static_user_filter (class=org.apache.hadoop.http.lib.StaticUserWebFilter$StaticUserFilter) to context static
2025-07-15 19:44:33,051 [main] INFO  http.HttpServer2 (HttpServer2.java:addFilter(1026)) - Added filter static_user_filter (class=org.apache.hadoop.http.lib.StaticUserWebFilter$StaticUserFilter) to context logs
2025-07-15 19:44:33,051 [main] INFO  http.BaseHttpServer (BaseHttpServer.java:<init>(195)) - HTTP server of hddsDatanode uses base directory /home/runner/work/ozone/ozone/hadoop-ozone/integration-test/target/test-dir/MiniOzoneClusterImpl-7a2c00ee-15e1-4921-aa6b-526c14ec89d8/ozone-meta/datanode-3/meta/webserver
2025-07-15 19:44:33,051 [main] INFO  http.HttpServer2 (HttpServer2.java:bindListener(1242)) - Jetty bound to port 15026
2025-07-15 19:44:33,052 [main] INFO  server.Server (Server.java:doStart(375)) - jetty-9.4.57.v20241219; built: 2025-01-08T21:24:30.412Z; git: df524e6b29271c2e09ba9aea83c18dc9db464a31; jvm 21.0.7+6-LTS
2025-07-15 19:44:33,053 [main] INFO  server.session (DefaultSessionIdManager.java:doStart(334)) - DefaultSessionIdManager workerName=node0
2025-07-15 19:44:33,053 [main] INFO  server.session (DefaultSessionIdManager.java:doStart(339)) - No SessionScavenger set, using defaults
2025-07-15 19:44:33,053 [main] INFO  server.session (HouseKeeper.java:startScavenging(132)) - node0 Scavenging every 600000ms
2025-07-15 19:44:33,054 [main] INFO  handler.ContextHandler (ContextHandler.java:doStart(921)) - Started o.e.j.s.ServletContextHandler@2b23d138{logs,/logs,file:///home/runner/work/ozone/ozone/hadoop-ozone/integration-test/target/log,AVAILABLE}
2025-07-15 19:44:33,054 [main] INFO  handler.ContextHandler (ContextHandler.java:doStart(921)) - Started o.e.j.s.ServletContextHandler@3c4dd92e{static,/static,jar:file:/home/runner/work/ozone/ozone/hadoop-hdds/container-service/target/hdds-container-service-2.1.0-SNAPSHOT.jar!/webapps/static,AVAILABLE}
2025-07-15 19:44:33,197 [main] INFO  handler.ContextHandler (ContextHandler.java:doStart(921)) - Started o.e.j.w.WebAppContext@57d2b7bd{hddsDatanode,/,file:///home/runner/work/ozone/ozone/hadoop-ozone/integration-test/target/test-dir/MiniOzoneClusterImpl-7a2c00ee-15e1-4921-aa6b-526c14ec89d8/ozone-meta/datanode-3/meta/webserver/jetty-0_0_0_0-15026-hdds-container-service-2_1_0-SNAPSHOT_jar-_-any-10838434650773531233/webapp/,AVAILABLE}{jar:file:/home/runner/work/ozone/ozone/hadoop-hdds/container-service/target/hdds-container-service-2.1.0-SNAPSHOT.jar!/webapps/hddsDatanode}
2025-07-15 19:44:33,198 [main] INFO  server.AbstractConnector (AbstractConnector.java:doStart(333)) - Started ServerConnector@588ad442{HTTP/1.1, (http/1.1)}{0.0.0.0:15026}
2025-07-15 19:44:33,198 [main] INFO  server.Server (Server.java:doStart(415)) - Started @11692ms
2025-07-15 19:44:33,198 [main] WARN  impl.MetricsSystemImpl (MetricsSystemImpl.java:register(279)) - Sink prometheus already exists!
2025-07-15 19:44:33,199 [main] INFO  http.BaseHttpServer (BaseHttpServer.java:updateConnectorAddress(359)) - HTTP server of hddsDatanode listening at http://localhost:15026
2025-07-15 19:44:33,199 [main] INFO  ipc.CallQueueManager (CallQueueManager.java:<init>(93)) - Using callQueue: class java.util.concurrent.LinkedBlockingQueue, queueCapacity: 1000, scheduler: class org.apache.hadoop.ipc.DefaultRpcScheduler, ipcBackoff: false, ipcFailOver: false.
2025-07-15 19:44:33,199 [main] INFO  ipc.Server (Server.java:<init>(1438)) - Listener at 0.0.0.0:15027
2025-07-15 19:44:33,200 [Socket Reader #1 for port 15027] INFO  ipc.Server (Server.java:run(1474)) - Starting Socket Reader #1 for port 15027
2025-07-15 19:44:33,200 [Socket Reader #2 for port 15027] INFO  ipc.Server (Server.java:run(1474)) - Starting Socket Reader #2 for port 15027
2025-07-15 19:44:33,200 [Socket Reader #3 for port 15027] INFO  ipc.Server (Server.java:run(1474)) - Starting Socket Reader #3 for port 15027
2025-07-15 19:44:33,200 [Socket Reader #4 for port 15027] INFO  ipc.Server (Server.java:run(1474)) - Starting Socket Reader #4 for port 15027
2025-07-15 19:44:33,201 [Socket Reader #5 for port 15027] INFO  ipc.Server (Server.java:run(1474)) - Starting Socket Reader #5 for port 15027
2025-07-15 19:44:33,201 [Socket Reader #6 for port 15027] INFO  ipc.Server (Server.java:run(1474)) - Starting Socket Reader #6 for port 15027
2025-07-15 19:44:33,201 [Socket Reader #7 for port 15027] INFO  ipc.Server (Server.java:run(1474)) - Starting Socket Reader #7 for port 15027
2025-07-15 19:44:33,201 [Socket Reader #8 for port 15027] INFO  ipc.Server (Server.java:run(1474)) - Starting Socket Reader #8 for port 15027
2025-07-15 19:44:33,201 [Socket Reader #9 for port 15027] INFO  ipc.Server (Server.java:run(1474)) - Starting Socket Reader #9 for port 15027
2025-07-15 19:44:33,202 [Socket Reader #10 for port 15027] INFO  ipc.Server (Server.java:run(1474)) - Starting Socket Reader #10 for port 15027
2025-07-15 19:44:33,204 [main] INFO  ozone.HddsDatanodeService (HddsDatanodeService.java:start(333)) - Datanode start with admins: [admin, runner]
2025-07-15 19:44:33,204 [main] INFO  ozone.HddsDatanodeClientProtocolServer (HddsDatanodeClientProtocolServer.java:start(76)) - RPC server for Client /0.0.0.0:15027
2025-07-15 19:44:33,204 [IPC Server Responder] INFO  ipc.Server (Server.java:run(1713)) - IPC Server Responder: starting
2025-07-15 19:44:33,205 [IPC Server listener on 15027] INFO  ipc.Server (Server.java:run(1553)) - IPC Server listener on 15027: starting
2025-07-15 19:44:33,206 [main] WARN  dropwizard3.Dm3MetricRegistriesImpl (Dm3MetricRegistriesImpl.java:addReporterRegistration(114)) - New reporters are added after registries were created. Some metrics will be missing from the reporter. Please add reporter before adding any new registry.
2025-07-15 19:44:33,206 [main] WARN  dropwizard3.Dm3MetricRegistriesImpl (Dm3MetricRegistriesImpl.java:addReporterRegistration(114)) - New reporters are added after registries were created. Some metrics will be missing from the reporter. Please add reporter before adding any new registry.
2025-07-15 19:44:33,206 [main] INFO  impl.MetricsSystemImpl (MetricsSystemImpl.java:init(158)) - HddsDatanode metrics system started (again)
2025-07-15 19:44:33,208 [5109dbd0-88b3-4954-9428-6522438831f5-DatanodeStateMachineDaemonThread] INFO  statemachine.DatanodeStateMachine (DatanodeStateMachine.java:startStateMachineThread(347)) - Ozone container server started.
2025-07-15 19:44:33,214 [5109dbd0-88b3-4954-9428-6522438831f5-DatanodeStateMachineTaskThread-0] INFO  datanode.InitDatanodeState (InitDatanodeState.java:persistContainerDatanodeDetails(139)) - DatanodeDetails is persisted to /home/runner/work/ozone/ozone/hadoop-ozone/integration-test/target/test-dir/MiniOzoneClusterImpl-7a2c00ee-15e1-4921-aa6b-526c14ec89d8/ozone-meta/datanode-3/meta/datanode.id
2025-07-15 19:44:33,223 [main] INFO  protocol.DatanodeDetails (DatanodeDetails.java:validateDatanodeIpAddress(199)) - Updating IP address of datanode 99cb6aa4-ab14-4525-b571-11fa40308ff9(localhost/null) to 127.0.0.1
2025-07-15 19:44:33,223 [main] INFO  ozone.HddsDatanodeService (HddsDatanodeService.java:start(236)) - HddsDatanodeService 99cb6aa4-ab14-4525-b571-11fa40308ff9(localhost/127.0.0.1)
2025-07-15 19:44:33,226 [main] INFO  upgrade.AbstractLayoutVersionManager (AbstractLayoutVersionManager.java:init(80)) - Initializing Layout version manager with metadata layout = HBASE_SUPPORT (version = 8), software layout = HBASE_SUPPORT (version = 8)
2025-07-15 19:44:33,227 [main] INFO  statemachine.DatanodeStateMachine (DatanodeStateMachine.java:getEndPointTaskThreadPoolSize(305)) - Datanode State Machine Task Thread Pool size 2
2025-07-15 19:44:33,231 [main] INFO  volume.HddsVolume (HddsVolume.java:<init>(162)) - HddsVolume: { id=DS-3b88b553-0710-46e5-9790-70d0c9dba757 dir=/home/runner/work/ozone/ozone/hadoop-ozone/integration-test/target/test-dir/MiniOzoneClusterImpl-7a2c00ee-15e1-4921-aa6b-526c14ec89d8/ozone-meta/datanode-4/data-0/hdds type=DISK capacity=9222449699674390527 used=0 available=9222449699674390527 minFree=9222450130714624 committed=0 }
2025-07-15 19:44:33,231 [main] INFO  volume.MutableVolumeSet (MutableVolumeSet.java:initializeVolumeSet(167)) - Added Volume : /home/runner/work/ozone/ozone/hadoop-ozone/integration-test/target/test-dir/MiniOzoneClusterImpl-7a2c00ee-15e1-4921-aa6b-526c14ec89d8/ozone-meta/datanode-4/data-0/hdds to VolumeSet
2025-07-15 19:44:33,232 [main] INFO  volume.MutableVolumeSet (MutableVolumeSet.java:initializeVolumeSet(167)) - Added Volume : /home/runner/work/ozone/ozone/hadoop-ozone/integration-test/target/test-dir/MiniOzoneClusterImpl-7a2c00ee-15e1-4921-aa6b-526c14ec89d8/ozone-meta/datanode-4/ratis to VolumeSet
2025-07-15 19:44:33,233 [main] INFO  ozoneimpl.OzoneContainer (HddsVolumeUtil.java:loadAllHddsVolumeDbStore(102)) - Load 1 volumes DbStore cost: 0ms
2025-07-15 19:44:33,235 [main] WARN  db.DBStoreBuilder (DBStoreBuilder.java:getDBDirPath(158)) - ozone.scm.datanode.id.dir is not configured. We recommend adding this setting. Falling back to ozone.metadata.dirs instead.
2025-07-15 19:44:33,236 [main] WARN  db.DBStoreBuilder (DBStoreBuilder.java:getDBDirPath(158)) - ozone.scm.datanode.id.dir is not configured. We recommend adding this setting. Falling back to ozone.metadata.dirs instead.
2025-07-15 19:44:33,257 [main] INFO  impl.FilePerChunkStrategy (FilePerChunkStrategy.java:<init>(79)) - ozone.chunk.read.mapped.buffer.max.count is load with 0
2025-07-15 19:44:33,257 [main] INFO  impl.FilePerBlockStrategy (FilePerBlockStrategy.java:<init>(88)) - ozone.chunk.read.mapped.buffer.max.count is load with 0
2025-07-15 19:44:33,259 [main] INFO  server.RaftServerConfigKeys (ConfUtils.java:logGet(62)) - raft.server.log.appender.buffer.byte-limit = 33554432 (custom)
2025-07-15 19:44:33,261 [main] INFO  grpc.GrpcConfigKeys (ConfUtils.java:logFallback(69)) - raft.grpc.admin.host = null (fallback to raft.grpc.server.host)
2025-07-15 19:44:33,261 [main] INFO  grpc.GrpcConfigKeys (ConfUtils.java:logGet(62)) - raft.grpc.admin.port = 15038 (custom)
2025-07-15 19:44:33,261 [main] INFO  grpc.GrpcConfigKeys (ConfUtils.java:logFallback(69)) - raft.grpc.client.host = null (fallback to raft.grpc.server.host)
2025-07-15 19:44:33,261 [main] INFO  grpc.GrpcConfigKeys (ConfUtils.java:logGet(62)) - raft.grpc.client.port = 15037 (custom)
2025-07-15 19:44:33,262 [main] INFO  grpc.GrpcConfigKeys (ConfUtils.java:logGet(62)) - raft.grpc.server.port = 15039 (custom)
2025-07-15 19:44:33,262 [main] INFO  server.GrpcServicesImpl (ConfUtils.java:logGet(62)) - raft.grpc.message.size.max = 34603008 (custom)
2025-07-15 19:44:33,262 [main] INFO  server.GrpcServicesImpl (ConfUtils.java:logGet(62)) - raft.grpc.flow.control.window = 5MB (=5242880) (custom)
2025-07-15 19:44:33,262 [main] INFO  server.RaftServerConfigKeys (ConfUtils.java:logGet(62)) - raft.server.log.appender.buffer.byte-limit = 33554432 (custom)
2025-07-15 19:44:33,264 [main] INFO  netty.NettyUtils (NettyUtils.java:newEventLoopGroup(74)) - Create EpollEventLoopGroup for 99cb6aa4-ab14-4525-b571-11fa40308ff9-NettyServerStreamRpc-bossGroup; Thread size is 0.
2025-07-15 19:44:33,265 [main] INFO  netty.NettyUtils (NettyUtils.java:newEventLoopGroup(74)) - Create EpollEventLoopGroup for 99cb6aa4-ab14-4525-b571-11fa40308ff9-NettyServerStreamRpc-workerGroup; Thread size is 0.
2025-07-15 19:44:33,265 [main] INFO  netty.NettyConfigKeys$DataStream (ConfUtils.java:logGet(62)) - raft.netty.dataStream.port = 15040 (custom)
2025-07-15 19:44:33,269 [99cb6aa4-ab14-4525-b571-11fa40308ff9-NettyServerStreamRpc-bossGroup--thread1] INFO  logging.LoggingHandler (AbstractInternalLogger.java:log(148)) - [id: 0xd82ce187] REGISTERED
2025-07-15 19:44:33,269 [main] INFO  server.RaftServerConfigKeys (ConfUtils.java:logGet(62)) - raft.server.storage.dir = [/home/runner/work/ozone/ozone/hadoop-ozone/integration-test/target/test-dir/MiniOzoneClusterImpl-7a2c00ee-15e1-4921-aa6b-526c14ec89d8/ozone-meta/datanode-4/ratis] (custom)
2025-07-15 19:44:33,270 [99cb6aa4-ab14-4525-b571-11fa40308ff9-impl-thread1] INFO  server.RaftServer (RaftServerProxy.java:initGroupDir(270)) - 99cb6aa4-ab14-4525-b571-11fa40308ff9: found a subdirectory /home/runner/work/ozone/ozone/hadoop-ozone/integration-test/target/test-dir/MiniOzoneClusterImpl-7a2c00ee-15e1-4921-aa6b-526c14ec89d8/ozone-meta/datanode-4/ratis/tmp
2025-07-15 19:44:33,270 [99cb6aa4-ab14-4525-b571-11fa40308ff9-NettyServerStreamRpc-bossGroup--thread1] INFO  logging.LoggingHandler (AbstractInternalLogger.java:log(148)) - [id: 0xd82ce187] BIND: 0.0.0.0/0.0.0.0:15040
2025-07-15 19:44:33,270 [99cb6aa4-ab14-4525-b571-11fa40308ff9-NettyServerStreamRpc-bossGroup--thread1] INFO  logging.LoggingHandler (AbstractInternalLogger.java:log(148)) - [id: 0xd82ce187, L:/0.0.0.0:15040] ACTIVE
2025-07-15 19:44:33,270 [99cb6aa4-ab14-4525-b571-11fa40308ff9-impl-thread1] INFO  server.RaftServer (RaftServerProxy.java:initGroupDir(275)) - 99cb6aa4-ab14-4525-b571-11fa40308ff9: The directory /home/runner/work/ozone/ozone/hadoop-ozone/integration-test/target/test-dir/MiniOzoneClusterImpl-7a2c00ee-15e1-4921-aa6b-526c14ec89d8/ozone-meta/datanode-4/ratis/tmp is not a group directory; ignoring it. 
2025-07-15 19:44:33,271 [main] INFO  replication.ReplicationServer (ReplicationServer.java:<init>(84)) - Initializing replication server with thread count = 10 queue length = 4096
2025-07-15 19:44:33,274 [main] INFO  server.XceiverServerGrpc (XceiverServerGrpc.java:<init>(130)) - GrpcServer channel type EpollServerSocketChannel
2025-07-15 19:44:33,277 [main] INFO  replication.ReplicationSupervisor (ReplicationSupervisor.java:build(169)) - Initializing replication supervisor with thread count = 10
2025-07-15 19:44:33,277 [main] INFO  replication.ReplicationSupervisor (ReplicationSupervisor.java:nodeStateUpdated(358)) - Node state updated to IN_SERVICE, scaling executor pool size to 10
2025-07-15 19:44:33,282 [main] INFO  http.BaseHttpServer (BaseHttpServer.java:newHttpServer2BuilderForOzone(229)) - Starting Web-server for hddsDatanode at: http://0.0.0.0:15034
2025-07-15 19:44:33,283 [main] INFO  http.BaseHttpServer (BaseHttpServer.java:<init>(107)) - Hadoop Security Enabled: false Ozone Security Enabled: false Ozone HTTP Security Enabled: false 
2025-07-15 19:44:33,285 [main] WARN  server.AuthenticationFilter (AuthenticationFilter.java:constructSecretProvider(240)) - Unable to initialize FileSignerSecretProvider, falling back to use random secrets. Reason: Could not read signature secret file: /home/runner/hadoop-http-auth-signature-secret
2025-07-15 19:44:33,290 [main] INFO  http.HttpServer2 (HttpServer2.java:addGlobalFilter(1042)) - Added global filter 'safety' (class=org.apache.hadoop.hdds.server.http.HttpServer2$QuotingInputFilter)
2025-07-15 19:44:33,292 [main] INFO  http.HttpServer2 (HttpServer2.java:addFilter(1018)) - Added filter static_user_filter (class=org.apache.hadoop.http.lib.StaticUserWebFilter$StaticUserFilter) to context hddsDatanode
2025-07-15 19:44:33,293 [main] INFO  http.HttpServer2 (HttpServer2.java:addFilter(1026)) - Added filter static_user_filter (class=org.apache.hadoop.http.lib.StaticUserWebFilter$StaticUserFilter) to context static
2025-07-15 19:44:33,293 [main] INFO  http.HttpServer2 (HttpServer2.java:addFilter(1026)) - Added filter static_user_filter (class=org.apache.hadoop.http.lib.StaticUserWebFilter$StaticUserFilter) to context logs
2025-07-15 19:44:33,294 [main] INFO  http.BaseHttpServer (BaseHttpServer.java:<init>(195)) - HTTP server of hddsDatanode uses base directory /home/runner/work/ozone/ozone/hadoop-ozone/integration-test/target/test-dir/MiniOzoneClusterImpl-7a2c00ee-15e1-4921-aa6b-526c14ec89d8/ozone-meta/datanode-4/meta/webserver
2025-07-15 19:44:33,295 [main] INFO  http.HttpServer2 (HttpServer2.java:bindListener(1242)) - Jetty bound to port 15034
2025-07-15 19:44:33,295 [main] INFO  server.Server (Server.java:doStart(375)) - jetty-9.4.57.v20241219; built: 2025-01-08T21:24:30.412Z; git: df524e6b29271c2e09ba9aea83c18dc9db464a31; jvm 21.0.7+6-LTS
2025-07-15 19:44:33,297 [main] INFO  server.session (DefaultSessionIdManager.java:doStart(334)) - DefaultSessionIdManager workerName=node0
2025-07-15 19:44:33,298 [main] INFO  server.session (DefaultSessionIdManager.java:doStart(339)) - No SessionScavenger set, using defaults
2025-07-15 19:44:33,298 [main] INFO  server.session (HouseKeeper.java:startScavenging(132)) - node0 Scavenging every 660000ms
2025-07-15 19:44:33,299 [main] INFO  handler.ContextHandler (ContextHandler.java:doStart(921)) - Started o.e.j.s.ServletContextHandler@1325a2ba{logs,/logs,file:///home/runner/work/ozone/ozone/hadoop-ozone/integration-test/target/log,AVAILABLE}
2025-07-15 19:44:33,299 [main] INFO  handler.ContextHandler (ContextHandler.java:doStart(921)) - Started o.e.j.s.ServletContextHandler@1f9d6cb3{static,/static,jar:file:/home/runner/work/ozone/ozone/hadoop-hdds/container-service/target/hdds-container-service-2.1.0-SNAPSHOT.jar!/webapps/static,AVAILABLE}
2025-07-15 19:44:33,330 [cd936fa6-15d5-4ef8-867a-01454d889292-EndpointStateMachineTaskThread-/0.0.0.0:15002-0 ] INFO  utils.DatanodeStoreCache (DatanodeStoreCache.java:addDB(70)) - Added db /home/runner/work/ozone/ozone/hadoop-ozone/integration-test/target/test-dir/MiniOzoneClusterImpl-7a2c00ee-15e1-4921-aa6b-526c14ec89d8/ozone-meta/datanode-1/data-0/hdds/7a2c00ee-15e1-4921-aa6b-526c14ec89d8/DS-1f420d91-af37-4a0f-b334-2e6483a09013/container.db to cache
2025-07-15 19:44:33,331 [cd936fa6-15d5-4ef8-867a-01454d889292-EndpointStateMachineTaskThread-/0.0.0.0:15002-0 ] INFO  volume.HddsVolume (HddsVolume.java:createDbStore(575)) - SchemaV3 db is created and loaded at /home/runner/work/ozone/ozone/hadoop-ozone/integration-test/target/test-dir/MiniOzoneClusterImpl-7a2c00ee-15e1-4921-aa6b-526c14ec89d8/ozone-meta/datanode-1/data-0/hdds/7a2c00ee-15e1-4921-aa6b-526c14ec89d8/DS-1f420d91-af37-4a0f-b334-2e6483a09013/container.db for volume DS-1f420d91-af37-4a0f-b334-2e6483a09013
2025-07-15 19:44:33,341 [cd936fa6-15d5-4ef8-867a-01454d889292-ContainerReader-0] INFO  ozoneimpl.ContainerReader (ContainerReader.java:readVolume(144)) - Start to verify containers on volume /home/runner/work/ozone/ozone/hadoop-ozone/integration-test/target/test-dir/MiniOzoneClusterImpl-7a2c00ee-15e1-4921-aa6b-526c14ec89d8/ozone-meta/datanode-1/data-0/hdds
2025-07-15 19:44:33,341 [cd936fa6-15d5-4ef8-867a-01454d889292-ContainerReader-0] INFO  ozoneimpl.ContainerReader (ContainerReader.java:readVolume(174)) - Finish verifying containers on volume /home/runner/work/ozone/ozone/hadoop-ozone/integration-test/target/test-dir/MiniOzoneClusterImpl-7a2c00ee-15e1-4921-aa6b-526c14ec89d8/ozone-meta/datanode-1/data-0/hdds
2025-07-15 19:44:33,343 [cd936fa6-15d5-4ef8-867a-01454d889292-EndpointStateMachineTaskThread-/0.0.0.0:15002-0 ] INFO  ozoneimpl.OzoneContainer (OzoneContainer.java:buildContainerSet(370)) - Build ContainerSet costs 0s
2025-07-15 19:44:33,344 [cd936fa6-15d5-4ef8-867a-01454d889292-EndpointStateMachineTaskThread-/0.0.0.0:15002-0 ] INFO  volume.ThrottledAsyncChecker (ThrottledAsyncChecker.java:schedule(138)) - Scheduling a check for /home/runner/work/ozone/ozone/hadoop-ozone/integration-test/target/test-dir/MiniOzoneClusterImpl-7a2c00ee-15e1-4921-aa6b-526c14ec89d8/ozone-meta/datanode-1/data-0/hdds
2025-07-15 19:44:33,354 [cd936fa6-15d5-4ef8-867a-01454d889292-EndpointStateMachineTaskThread-/0.0.0.0:15002-0 ] INFO  volume.StorageVolumeChecker (StorageVolumeChecker.java:checkAllVolumes(215)) - Scheduled health check for volume /home/runner/work/ozone/ozone/hadoop-ozone/integration-test/target/test-dir/MiniOzoneClusterImpl-7a2c00ee-15e1-4921-aa6b-526c14ec89d8/ozone-meta/datanode-1/data-0/hdds
2025-07-15 19:44:33,367 [cd936fa6-15d5-4ef8-867a-01454d889292-EndpointStateMachineTaskThread-/0.0.0.0:15002-0 ] INFO  volume.ThrottledAsyncChecker (ThrottledAsyncChecker.java:schedule(138)) - Scheduling a check for /home/runner/work/ozone/ozone/hadoop-ozone/integration-test/target/test-dir/MiniOzoneClusterImpl-7a2c00ee-15e1-4921-aa6b-526c14ec89d8/ozone-meta/datanode-1/ratis
2025-07-15 19:44:33,368 [cd936fa6-15d5-4ef8-867a-01454d889292-EndpointStateMachineTaskThread-/0.0.0.0:15002-0 ] INFO  volume.StorageVolumeChecker (StorageVolumeChecker.java:checkAllVolumes(215)) - Scheduled health check for volume /home/runner/work/ozone/ozone/hadoop-ozone/integration-test/target/test-dir/MiniOzoneClusterImpl-7a2c00ee-15e1-4921-aa6b-526c14ec89d8/ozone-meta/datanode-1/ratis
2025-07-15 19:44:33,370 [cd936fa6-15d5-4ef8-867a-01454d889292-EndpointStateMachineTaskThread-/0.0.0.0:15002-0 ] INFO  ozoneimpl.OzoneContainer (OzoneContainer.java:start(520)) - Attempting to start container services.
2025-07-15 19:44:33,381 [ContainerMetadataScanner] INFO  ozoneimpl.AbstractBackgroundContainerScanner (AbstractBackgroundContainerScanner.java:runIteration(89)) - Completed an iteration in 0 minutes. Number of iterations (since the data-node restart) : 1, Number of containers scanned in this iteration : 0, Number of unhealthy containers found in this iteration : 0
2025-07-15 19:44:33,385 [ContainerDataScanner(/home/runner/work/ozone/ozone/hadoop-ozone/integration-test/target/test-dir/MiniOzoneClusterImpl-7a2c00ee-15e1-4921-aa6b-526c14ec89d8/ozone-meta/datanode-1/data-0/hdds)] INFO  ozoneimpl.AbstractBackgroundContainerScanner (AbstractBackgroundContainerScanner.java:runIteration(89)) - Completed an iteration in 0 minutes. Number of iterations (since the data-node restart) : 1, Number of containers scanned in this iteration : 0, Number of unhealthy containers found in this iteration : 0
2025-07-15 19:44:33,386 [cd936fa6-15d5-4ef8-867a-01454d889292-EndpointStateMachineTaskThread-/0.0.0.0:15002-0 ] INFO  replication.ReplicationServer (ReplicationServer.java:start(137)) - ReplicationServer is started using port 15017
2025-07-15 19:44:33,387 [cd936fa6-15d5-4ef8-867a-01454d889292-EndpointStateMachineTaskThread-/0.0.0.0:15002-0 ] INFO  ratis.XceiverServerRatis (XceiverServerRatis.java:start(559)) - Starting XceiverServerRatis(cd936fa6-15d5-4ef8-867a-01454d889292)
2025-07-15 19:44:33,389 [cd936fa6-15d5-4ef8-867a-01454d889292-EndpointStateMachineTaskThread-/0.0.0.0:15002-0 ] INFO  server.RaftServer (RaftServerProxy.java:startImpl(412)) - cd936fa6-15d5-4ef8-867a-01454d889292: start RPC server
2025-07-15 19:44:33,390 [cd936fa6-15d5-4ef8-867a-01454d889292-EndpointStateMachineTaskThread-/0.0.0.0:15002-0 ] INFO  server.GrpcServicesImpl (GrpcServicesImpl.java:startImpl(346)) - cd936fa6-15d5-4ef8-867a-01454d889292: GrpcServicesImpl started, listening on 15013
2025-07-15 19:44:33,391 [cd936fa6-15d5-4ef8-867a-01454d889292-EndpointStateMachineTaskThread-/0.0.0.0:15002-0 ] INFO  server.GrpcServicesImpl (GrpcServicesImpl.java:startImpl(346)) - cd936fa6-15d5-4ef8-867a-01454d889292: GrpcServicesImpl started, listening on 15015
2025-07-15 19:44:33,391 [cd936fa6-15d5-4ef8-867a-01454d889292-EndpointStateMachineTaskThread-/0.0.0.0:15002-0 ] INFO  server.GrpcServicesImpl (GrpcServicesImpl.java:startImpl(346)) - cd936fa6-15d5-4ef8-867a-01454d889292: GrpcServicesImpl started, listening on 15014
2025-07-15 19:44:33,392 [JvmPauseMonitor3] INFO  util.JvmPauseMonitor (JvmPauseMonitor.java:run(146)) - JvmPauseMonitor-cd936fa6-15d5-4ef8-867a-01454d889292: Started
2025-07-15 19:44:33,392 [cd936fa6-15d5-4ef8-867a-01454d889292-EndpointStateMachineTaskThread-/0.0.0.0:15002-0 ] INFO  ratis.XceiverServerRatis (XceiverServerRatis.java:getRealPort(586)) - XceiverServerRatis(cd936fa6-15d5-4ef8-867a-01454d889292) is started using port RATIS=15013
2025-07-15 19:44:33,393 [cd936fa6-15d5-4ef8-867a-01454d889292-EndpointStateMachineTaskThread-/0.0.0.0:15002-0 ] INFO  ratis.XceiverServerRatis (XceiverServerRatis.java:getRealPort(586)) - XceiverServerRatis(cd936fa6-15d5-4ef8-867a-01454d889292) is started using port RATIS_ADMIN=15014
2025-07-15 19:44:33,393 [cd936fa6-15d5-4ef8-867a-01454d889292-EndpointStateMachineTaskThread-/0.0.0.0:15002-0 ] INFO  ratis.XceiverServerRatis (XceiverServerRatis.java:getRealPort(586)) - XceiverServerRatis(cd936fa6-15d5-4ef8-867a-01454d889292) is started using port RATIS_SERVER=15015
2025-07-15 19:44:33,393 [cd936fa6-15d5-4ef8-867a-01454d889292-EndpointStateMachineTaskThread-/0.0.0.0:15002-0 ] INFO  ratis.XceiverServerRatis (XceiverServerRatis.java:getRealPort(586)) - XceiverServerRatis(cd936fa6-15d5-4ef8-867a-01454d889292) is started using port RATIS_DATASTREAM=15016
2025-07-15 19:44:33,394 [cd936fa6-15d5-4ef8-867a-01454d889292-EndpointStateMachineTaskThread-/0.0.0.0:15002-0 ] INFO  utils.BackgroundService (BackgroundService.java:start(118)) - Starting service BlockDeletingService with interval 60000 milliseconds
2025-07-15 19:44:33,396 [cd936fa6-15d5-4ef8-867a-01454d889292-EndpointStateMachineTaskThread-/0.0.0.0:15002-0 ] INFO  utils.BackgroundService (BackgroundService.java:start(118)) - Starting service StaleRecoveringContainerScrubbingService with interval 60000 milliseconds
2025-07-15 19:44:33,487 [main] INFO  handler.ContextHandler (ContextHandler.java:doStart(921)) - Started o.e.j.w.WebAppContext@44cb66af{hddsDatanode,/,file:///home/runner/work/ozone/ozone/hadoop-ozone/integration-test/target/test-dir/MiniOzoneClusterImpl-7a2c00ee-15e1-4921-aa6b-526c14ec89d8/ozone-meta/datanode-4/meta/webserver/jetty-0_0_0_0-15034-hdds-container-service-2_1_0-SNAPSHOT_jar-_-any-11813182734424858868/webapp/,AVAILABLE}{jar:file:/home/runner/work/ozone/ozone/hadoop-hdds/container-service/target/hdds-container-service-2.1.0-SNAPSHOT.jar!/webapps/hddsDatanode}
2025-07-15 19:44:33,488 [main] INFO  server.AbstractConnector (AbstractConnector.java:doStart(333)) - Started ServerConnector@49290bfb{HTTP/1.1, (http/1.1)}{0.0.0.0:15034}
2025-07-15 19:44:33,488 [main] INFO  server.Server (Server.java:doStart(415)) - Started @11983ms
2025-07-15 19:44:33,488 [main] WARN  impl.MetricsSystemImpl (MetricsSystemImpl.java:register(279)) - Sink prometheus already exists!
2025-07-15 19:44:33,489 [main] INFO  http.BaseHttpServer (BaseHttpServer.java:updateConnectorAddress(359)) - HTTP server of hddsDatanode listening at http://localhost:15034
2025-07-15 19:44:33,489 [main] INFO  ipc.CallQueueManager (CallQueueManager.java:<init>(93)) - Using callQueue: class java.util.concurrent.LinkedBlockingQueue, queueCapacity: 1000, scheduler: class org.apache.hadoop.ipc.DefaultRpcScheduler, ipcBackoff: false, ipcFailOver: false.
2025-07-15 19:44:33,489 [main] INFO  ipc.Server (Server.java:<init>(1438)) - Listener at 0.0.0.0:15035
2025-07-15 19:44:33,490 [Socket Reader #1 for port 15035] INFO  ipc.Server (Server.java:run(1474)) - Starting Socket Reader #1 for port 15035
2025-07-15 19:44:33,490 [Socket Reader #2 for port 15035] INFO  ipc.Server (Server.java:run(1474)) - Starting Socket Reader #2 for port 15035
2025-07-15 19:44:33,490 [Socket Reader #3 for port 15035] INFO  ipc.Server (Server.java:run(1474)) - Starting Socket Reader #3 for port 15035
2025-07-15 19:44:33,490 [Socket Reader #4 for port 15035] INFO  ipc.Server (Server.java:run(1474)) - Starting Socket Reader #4 for port 15035
2025-07-15 19:44:33,491 [Socket Reader #5 for port 15035] INFO  ipc.Server (Server.java:run(1474)) - Starting Socket Reader #5 for port 15035
2025-07-15 19:44:33,491 [Socket Reader #6 for port 15035] INFO  ipc.Server (Server.java:run(1474)) - Starting Socket Reader #6 for port 15035
2025-07-15 19:44:33,491 [Socket Reader #7 for port 15035] INFO  ipc.Server (Server.java:run(1474)) - Starting Socket Reader #7 for port 15035
2025-07-15 19:44:33,491 [Socket Reader #8 for port 15035] INFO  ipc.Server (Server.java:run(1474)) - Starting Socket Reader #8 for port 15035
2025-07-15 19:44:33,492 [Socket Reader #9 for port 15035] INFO  ipc.Server (Server.java:run(1474)) - Starting Socket Reader #9 for port 15035
2025-07-15 19:44:33,492 [Socket Reader #10 for port 15035] INFO  ipc.Server (Server.java:run(1474)) - Starting Socket Reader #10 for port 15035
2025-07-15 19:44:33,495 [main] INFO  ozone.HddsDatanodeService (HddsDatanodeService.java:start(333)) - Datanode start with admins: [admin, runner]
2025-07-15 19:44:33,495 [main] INFO  ozone.HddsDatanodeClientProtocolServer (HddsDatanodeClientProtocolServer.java:start(76)) - RPC server for Client /0.0.0.0:15035
2025-07-15 19:44:33,495 [IPC Server Responder] INFO  ipc.Server (Server.java:run(1713)) - IPC Server Responder: starting
2025-07-15 19:44:33,495 [IPC Server listener on 15035] INFO  ipc.Server (Server.java:run(1553)) - IPC Server listener on 15035: starting
2025-07-15 19:44:33,497 [main] WARN  dropwizard3.Dm3MetricRegistriesImpl (Dm3MetricRegistriesImpl.java:addReporterRegistration(114)) - New reporters are added after registries were created. Some metrics will be missing from the reporter. Please add reporter before adding any new registry.
2025-07-15 19:44:33,497 [main] WARN  dropwizard3.Dm3MetricRegistriesImpl (Dm3MetricRegistriesImpl.java:addReporterRegistration(114)) - New reporters are added after registries were created. Some metrics will be missing from the reporter. Please add reporter before adding any new registry.
2025-07-15 19:44:33,497 [main] INFO  impl.MetricsSystemImpl (MetricsSystemImpl.java:init(158)) - HddsDatanode metrics system started (again)
2025-07-15 19:44:33,498 [99cb6aa4-ab14-4525-b571-11fa40308ff9-DatanodeStateMachineDaemonThread] INFO  statemachine.DatanodeStateMachine (DatanodeStateMachine.java:startStateMachineThread(347)) - Ozone container server started.
2025-07-15 19:44:33,512 [99cb6aa4-ab14-4525-b571-11fa40308ff9-DatanodeStateMachineTaskThread-0] INFO  datanode.InitDatanodeState (InitDatanodeState.java:persistContainerDatanodeDetails(139)) - DatanodeDetails is persisted to /home/runner/work/ozone/ozone/hadoop-ozone/integration-test/target/test-dir/MiniOzoneClusterImpl-7a2c00ee-15e1-4921-aa6b-526c14ec89d8/ozone-meta/datanode-4/meta/datanode.id
2025-07-15 19:44:33,526 [main] INFO  protocol.DatanodeDetails (DatanodeDetails.java:validateDatanodeIpAddress(199)) - Updating IP address of datanode faa2b429-16a2-49fa-ab42-514c70ac334b(localhost/null) to 127.0.0.1
2025-07-15 19:44:33,526 [main] INFO  ozone.HddsDatanodeService (HddsDatanodeService.java:start(236)) - HddsDatanodeService faa2b429-16a2-49fa-ab42-514c70ac334b(localhost/127.0.0.1)
2025-07-15 19:44:33,529 [main] INFO  upgrade.AbstractLayoutVersionManager (AbstractLayoutVersionManager.java:init(80)) - Initializing Layout version manager with metadata layout = HBASE_SUPPORT (version = 8), software layout = HBASE_SUPPORT (version = 8)
2025-07-15 19:44:33,529 [main] INFO  statemachine.DatanodeStateMachine (DatanodeStateMachine.java:getEndPointTaskThreadPoolSize(305)) - Datanode State Machine Task Thread Pool size 2
2025-07-15 19:44:33,533 [main] INFO  volume.HddsVolume (HddsVolume.java:<init>(162)) - HddsVolume: { id=DS-2ce94baf-1fb2-4596-ae4c-82106fe09e09 dir=/home/runner/work/ozone/ozone/hadoop-ozone/integration-test/target/test-dir/MiniOzoneClusterImpl-7a2c00ee-15e1-4921-aa6b-526c14ec89d8/ozone-meta/datanode-5/data-0/hdds type=DISK capacity=9222449699674390527 used=0 available=9222449699674390527 minFree=9222450130714624 committed=0 }
2025-07-15 19:44:33,533 [main] INFO  volume.MutableVolumeSet (MutableVolumeSet.java:initializeVolumeSet(167)) - Added Volume : /home/runner/work/ozone/ozone/hadoop-ozone/integration-test/target/test-dir/MiniOzoneClusterImpl-7a2c00ee-15e1-4921-aa6b-526c14ec89d8/ozone-meta/datanode-5/data-0/hdds to VolumeSet
2025-07-15 19:44:33,535 [main] INFO  volume.MutableVolumeSet (MutableVolumeSet.java:initializeVolumeSet(167)) - Added Volume : /home/runner/work/ozone/ozone/hadoop-ozone/integration-test/target/test-dir/MiniOzoneClusterImpl-7a2c00ee-15e1-4921-aa6b-526c14ec89d8/ozone-meta/datanode-5/ratis to VolumeSet
2025-07-15 19:44:33,536 [main] INFO  ozoneimpl.OzoneContainer (HddsVolumeUtil.java:loadAllHddsVolumeDbStore(102)) - Load 1 volumes DbStore cost: 0ms
2025-07-15 19:44:33,537 [main] WARN  db.DBStoreBuilder (DBStoreBuilder.java:getDBDirPath(158)) - ozone.scm.datanode.id.dir is not configured. We recommend adding this setting. Falling back to ozone.metadata.dirs instead.
2025-07-15 19:44:33,538 [main] WARN  db.DBStoreBuilder (DBStoreBuilder.java:getDBDirPath(158)) - ozone.scm.datanode.id.dir is not configured. We recommend adding this setting. Falling back to ozone.metadata.dirs instead.
2025-07-15 19:44:33,544 [e96bea54-5ec2-4bc1-91ca-a280b757147d-EndpointStateMachineTaskThread-/0.0.0.0:15002-0 ] INFO  utils.DatanodeStoreCache (DatanodeStoreCache.java:addDB(70)) - Added db /home/runner/work/ozone/ozone/hadoop-ozone/integration-test/target/test-dir/MiniOzoneClusterImpl-7a2c00ee-15e1-4921-aa6b-526c14ec89d8/ozone-meta/datanode-2/data-0/hdds/7a2c00ee-15e1-4921-aa6b-526c14ec89d8/DS-a6f2e6b9-c076-429c-b259-3fc2ed5ac679/container.db to cache
2025-07-15 19:44:33,544 [e96bea54-5ec2-4bc1-91ca-a280b757147d-EndpointStateMachineTaskThread-/0.0.0.0:15002-0 ] INFO  volume.HddsVolume (HddsVolume.java:createDbStore(575)) - SchemaV3 db is created and loaded at /home/runner/work/ozone/ozone/hadoop-ozone/integration-test/target/test-dir/MiniOzoneClusterImpl-7a2c00ee-15e1-4921-aa6b-526c14ec89d8/ozone-meta/datanode-2/data-0/hdds/7a2c00ee-15e1-4921-aa6b-526c14ec89d8/DS-a6f2e6b9-c076-429c-b259-3fc2ed5ac679/container.db for volume DS-a6f2e6b9-c076-429c-b259-3fc2ed5ac679
2025-07-15 19:44:33,548 [e96bea54-5ec2-4bc1-91ca-a280b757147d-ContainerReader-0] INFO  ozoneimpl.ContainerReader (ContainerReader.java:readVolume(144)) - Start to verify containers on volume /home/runner/work/ozone/ozone/hadoop-ozone/integration-test/target/test-dir/MiniOzoneClusterImpl-7a2c00ee-15e1-4921-aa6b-526c14ec89d8/ozone-meta/datanode-2/data-0/hdds
2025-07-15 19:44:33,548 [e96bea54-5ec2-4bc1-91ca-a280b757147d-ContainerReader-0] INFO  ozoneimpl.ContainerReader (ContainerReader.java:readVolume(174)) - Finish verifying containers on volume /home/runner/work/ozone/ozone/hadoop-ozone/integration-test/target/test-dir/MiniOzoneClusterImpl-7a2c00ee-15e1-4921-aa6b-526c14ec89d8/ozone-meta/datanode-2/data-0/hdds
2025-07-15 19:44:33,548 [e96bea54-5ec2-4bc1-91ca-a280b757147d-EndpointStateMachineTaskThread-/0.0.0.0:15002-0 ] INFO  ozoneimpl.OzoneContainer (OzoneContainer.java:buildContainerSet(370)) - Build ContainerSet costs 0s
2025-07-15 19:44:33,549 [e96bea54-5ec2-4bc1-91ca-a280b757147d-EndpointStateMachineTaskThread-/0.0.0.0:15002-0 ] INFO  volume.ThrottledAsyncChecker (ThrottledAsyncChecker.java:schedule(138)) - Scheduling a check for /home/runner/work/ozone/ozone/hadoop-ozone/integration-test/target/test-dir/MiniOzoneClusterImpl-7a2c00ee-15e1-4921-aa6b-526c14ec89d8/ozone-meta/datanode-2/data-0/hdds
2025-07-15 19:44:33,550 [e96bea54-5ec2-4bc1-91ca-a280b757147d-EndpointStateMachineTaskThread-/0.0.0.0:15002-0 ] INFO  volume.StorageVolumeChecker (StorageVolumeChecker.java:checkAllVolumes(215)) - Scheduled health check for volume /home/runner/work/ozone/ozone/hadoop-ozone/integration-test/target/test-dir/MiniOzoneClusterImpl-7a2c00ee-15e1-4921-aa6b-526c14ec89d8/ozone-meta/datanode-2/data-0/hdds
2025-07-15 19:44:33,554 [e96bea54-5ec2-4bc1-91ca-a280b757147d-EndpointStateMachineTaskThread-/0.0.0.0:15002-0 ] INFO  volume.ThrottledAsyncChecker (ThrottledAsyncChecker.java:schedule(138)) - Scheduling a check for /home/runner/work/ozone/ozone/hadoop-ozone/integration-test/target/test-dir/MiniOzoneClusterImpl-7a2c00ee-15e1-4921-aa6b-526c14ec89d8/ozone-meta/datanode-2/ratis
2025-07-15 19:44:33,554 [e96bea54-5ec2-4bc1-91ca-a280b757147d-EndpointStateMachineTaskThread-/0.0.0.0:15002-0 ] INFO  volume.StorageVolumeChecker (StorageVolumeChecker.java:checkAllVolumes(215)) - Scheduled health check for volume /home/runner/work/ozone/ozone/hadoop-ozone/integration-test/target/test-dir/MiniOzoneClusterImpl-7a2c00ee-15e1-4921-aa6b-526c14ec89d8/ozone-meta/datanode-2/ratis
2025-07-15 19:44:33,555 [e96bea54-5ec2-4bc1-91ca-a280b757147d-EndpointStateMachineTaskThread-/0.0.0.0:15002-0 ] INFO  ozoneimpl.OzoneContainer (OzoneContainer.java:start(520)) - Attempting to start container services.
2025-07-15 19:44:33,557 [ContainerMetadataScanner] INFO  ozoneimpl.AbstractBackgroundContainerScanner (AbstractBackgroundContainerScanner.java:runIteration(89)) - Completed an iteration in 0 minutes. Number of iterations (since the data-node restart) : 1, Number of containers scanned in this iteration : 0, Number of unhealthy containers found in this iteration : 0
2025-07-15 19:44:33,557 [main] INFO  impl.FilePerChunkStrategy (FilePerChunkStrategy.java:<init>(79)) - ozone.chunk.read.mapped.buffer.max.count is load with 0
2025-07-15 19:44:33,558 [main] INFO  impl.FilePerBlockStrategy (FilePerBlockStrategy.java:<init>(88)) - ozone.chunk.read.mapped.buffer.max.count is load with 0
2025-07-15 19:44:33,559 [ContainerDataScanner(/home/runner/work/ozone/ozone/hadoop-ozone/integration-test/target/test-dir/MiniOzoneClusterImpl-7a2c00ee-15e1-4921-aa6b-526c14ec89d8/ozone-meta/datanode-2/data-0/hdds)] INFO  ozoneimpl.AbstractBackgroundContainerScanner (AbstractBackgroundContainerScanner.java:runIteration(89)) - Completed an iteration in 0 minutes. Number of iterations (since the data-node restart) : 1, Number of containers scanned in this iteration : 0, Number of unhealthy containers found in this iteration : 0
2025-07-15 19:44:33,559 [e96bea54-5ec2-4bc1-91ca-a280b757147d-EndpointStateMachineTaskThread-/0.0.0.0:15002-0 ] INFO  replication.ReplicationServer (ReplicationServer.java:start(137)) - ReplicationServer is started using port 15025
2025-07-15 19:44:33,559 [e96bea54-5ec2-4bc1-91ca-a280b757147d-EndpointStateMachineTaskThread-/0.0.0.0:15002-0 ] INFO  ratis.XceiverServerRatis (XceiverServerRatis.java:start(559)) - Starting XceiverServerRatis(e96bea54-5ec2-4bc1-91ca-a280b757147d)
2025-07-15 19:44:33,561 [e96bea54-5ec2-4bc1-91ca-a280b757147d-EndpointStateMachineTaskThread-/0.0.0.0:15002-0 ] INFO  server.RaftServer (RaftServerProxy.java:startImpl(412)) - e96bea54-5ec2-4bc1-91ca-a280b757147d: start RPC server
2025-07-15 19:44:33,562 [e96bea54-5ec2-4bc1-91ca-a280b757147d-EndpointStateMachineTaskThread-/0.0.0.0:15002-0 ] INFO  server.GrpcServicesImpl (GrpcServicesImpl.java:startImpl(346)) - e96bea54-5ec2-4bc1-91ca-a280b757147d: GrpcServicesImpl started, listening on 15021
2025-07-15 19:44:33,562 [e96bea54-5ec2-4bc1-91ca-a280b757147d-EndpointStateMachineTaskThread-/0.0.0.0:15002-0 ] INFO  server.GrpcServicesImpl (GrpcServicesImpl.java:startImpl(346)) - e96bea54-5ec2-4bc1-91ca-a280b757147d: GrpcServicesImpl started, listening on 15023
2025-07-15 19:44:33,563 [main] INFO  server.RaftServerConfigKeys (ConfUtils.java:logGet(62)) - raft.server.log.appender.buffer.byte-limit = 33554432 (custom)
2025-07-15 19:44:33,563 [e96bea54-5ec2-4bc1-91ca-a280b757147d-EndpointStateMachineTaskThread-/0.0.0.0:15002-0 ] INFO  server.GrpcServicesImpl (GrpcServicesImpl.java:startImpl(346)) - e96bea54-5ec2-4bc1-91ca-a280b757147d: GrpcServicesImpl started, listening on 15022
2025-07-15 19:44:33,564 [JvmPauseMonitor4] INFO  util.JvmPauseMonitor (JvmPauseMonitor.java:run(146)) - JvmPauseMonitor-e96bea54-5ec2-4bc1-91ca-a280b757147d: Started
2025-07-15 19:44:33,564 [e96bea54-5ec2-4bc1-91ca-a280b757147d-EndpointStateMachineTaskThread-/0.0.0.0:15002-0 ] INFO  ratis.XceiverServerRatis (XceiverServerRatis.java:getRealPort(586)) - XceiverServerRatis(e96bea54-5ec2-4bc1-91ca-a280b757147d) is started using port RATIS=15021
2025-07-15 19:44:33,564 [e96bea54-5ec2-4bc1-91ca-a280b757147d-EndpointStateMachineTaskThread-/0.0.0.0:15002-0 ] INFO  ratis.XceiverServerRatis (XceiverServerRatis.java:getRealPort(586)) - XceiverServerRatis(e96bea54-5ec2-4bc1-91ca-a280b757147d) is started using port RATIS_ADMIN=15022
2025-07-15 19:44:33,564 [e96bea54-5ec2-4bc1-91ca-a280b757147d-EndpointStateMachineTaskThread-/0.0.0.0:15002-0 ] INFO  ratis.XceiverServerRatis (XceiverServerRatis.java:getRealPort(586)) - XceiverServerRatis(e96bea54-5ec2-4bc1-91ca-a280b757147d) is started using port RATIS_SERVER=15023
2025-07-15 19:44:33,564 [e96bea54-5ec2-4bc1-91ca-a280b757147d-EndpointStateMachineTaskThread-/0.0.0.0:15002-0 ] INFO  ratis.XceiverServerRatis (XceiverServerRatis.java:getRealPort(586)) - XceiverServerRatis(e96bea54-5ec2-4bc1-91ca-a280b757147d) is started using port RATIS_DATASTREAM=15024
2025-07-15 19:44:33,565 [main] INFO  grpc.GrpcConfigKeys (ConfUtils.java:logFallback(69)) - raft.grpc.admin.host = null (fallback to raft.grpc.server.host)
2025-07-15 19:44:33,565 [main] INFO  grpc.GrpcConfigKeys (ConfUtils.java:logGet(62)) - raft.grpc.admin.port = 15046 (custom)
2025-07-15 19:44:33,565 [main] INFO  grpc.GrpcConfigKeys (ConfUtils.java:logFallback(69)) - raft.grpc.client.host = null (fallback to raft.grpc.server.host)
2025-07-15 19:44:33,565 [main] INFO  grpc.GrpcConfigKeys (ConfUtils.java:logGet(62)) - raft.grpc.client.port = 15045 (custom)
2025-07-15 19:44:33,565 [main] INFO  grpc.GrpcConfigKeys (ConfUtils.java:logGet(62)) - raft.grpc.server.port = 15047 (custom)
2025-07-15 19:44:33,565 [main] INFO  server.GrpcServicesImpl (ConfUtils.java:logGet(62)) - raft.grpc.message.size.max = 34603008 (custom)
2025-07-15 19:44:33,566 [main] INFO  server.GrpcServicesImpl (ConfUtils.java:logGet(62)) - raft.grpc.flow.control.window = 5MB (=5242880) (custom)
2025-07-15 19:44:33,566 [main] INFO  server.RaftServerConfigKeys (ConfUtils.java:logGet(62)) - raft.server.log.appender.buffer.byte-limit = 33554432 (custom)
2025-07-15 19:44:33,567 [e96bea54-5ec2-4bc1-91ca-a280b757147d-EndpointStateMachineTaskThread-/0.0.0.0:15002-0 ] INFO  utils.BackgroundService (BackgroundService.java:start(118)) - Starting service BlockDeletingService with interval 60000 milliseconds
2025-07-15 19:44:33,568 [main] INFO  netty.NettyUtils (NettyUtils.java:newEventLoopGroup(74)) - Create EpollEventLoopGroup for faa2b429-16a2-49fa-ab42-514c70ac334b-NettyServerStreamRpc-bossGroup; Thread size is 0.
2025-07-15 19:44:33,568 [main] INFO  netty.NettyUtils (NettyUtils.java:newEventLoopGroup(74)) - Create EpollEventLoopGroup for faa2b429-16a2-49fa-ab42-514c70ac334b-NettyServerStreamRpc-workerGroup; Thread size is 0.
2025-07-15 19:44:33,569 [e96bea54-5ec2-4bc1-91ca-a280b757147d-EndpointStateMachineTaskThread-/0.0.0.0:15002-0 ] INFO  utils.BackgroundService (BackgroundService.java:start(118)) - Starting service StaleRecoveringContainerScrubbingService with interval 60000 milliseconds
2025-07-15 19:44:33,569 [main] INFO  netty.NettyConfigKeys$DataStream (ConfUtils.java:logGet(62)) - raft.netty.dataStream.port = 15048 (custom)
2025-07-15 19:44:33,570 [faa2b429-16a2-49fa-ab42-514c70ac334b-NettyServerStreamRpc-bossGroup--thread1] INFO  logging.LoggingHandler (AbstractInternalLogger.java:log(148)) - [id: 0x6fda9ca5] REGISTERED
2025-07-15 19:44:33,570 [main] INFO  server.RaftServerConfigKeys (ConfUtils.java:logGet(62)) - raft.server.storage.dir = [/home/runner/work/ozone/ozone/hadoop-ozone/integration-test/target/test-dir/MiniOzoneClusterImpl-7a2c00ee-15e1-4921-aa6b-526c14ec89d8/ozone-meta/datanode-5/ratis] (custom)
2025-07-15 19:44:33,571 [faa2b429-16a2-49fa-ab42-514c70ac334b-NettyServerStreamRpc-bossGroup--thread1] INFO  logging.LoggingHandler (AbstractInternalLogger.java:log(148)) - [id: 0x6fda9ca5] BIND: 0.0.0.0/0.0.0.0:15048
2025-07-15 19:44:33,571 [faa2b429-16a2-49fa-ab42-514c70ac334b-impl-thread1] INFO  server.RaftServer (RaftServerProxy.java:initGroupDir(270)) - faa2b429-16a2-49fa-ab42-514c70ac334b: found a subdirectory /home/runner/work/ozone/ozone/hadoop-ozone/integration-test/target/test-dir/MiniOzoneClusterImpl-7a2c00ee-15e1-4921-aa6b-526c14ec89d8/ozone-meta/datanode-5/ratis/tmp
2025-07-15 19:44:33,572 [faa2b429-16a2-49fa-ab42-514c70ac334b-impl-thread1] INFO  server.RaftServer (RaftServerProxy.java:initGroupDir(275)) - faa2b429-16a2-49fa-ab42-514c70ac334b: The directory /home/runner/work/ozone/ozone/hadoop-ozone/integration-test/target/test-dir/MiniOzoneClusterImpl-7a2c00ee-15e1-4921-aa6b-526c14ec89d8/ozone-meta/datanode-5/ratis/tmp is not a group directory; ignoring it. 
2025-07-15 19:44:33,572 [main] INFO  replication.ReplicationServer (ReplicationServer.java:<init>(84)) - Initializing replication server with thread count = 10 queue length = 4096
2025-07-15 19:44:33,571 [faa2b429-16a2-49fa-ab42-514c70ac334b-NettyServerStreamRpc-bossGroup--thread1] INFO  logging.LoggingHandler (AbstractInternalLogger.java:log(148)) - [id: 0x6fda9ca5, L:/0.0.0.0:15048] ACTIVE
2025-07-15 19:44:33,573 [main] INFO  server.XceiverServerGrpc (XceiverServerGrpc.java:<init>(130)) - GrpcServer channel type EpollServerSocketChannel
2025-07-15 19:44:33,575 [main] INFO  replication.ReplicationSupervisor (ReplicationSupervisor.java:build(169)) - Initializing replication supervisor with thread count = 10
2025-07-15 19:44:33,575 [main] INFO  replication.ReplicationSupervisor (ReplicationSupervisor.java:nodeStateUpdated(358)) - Node state updated to IN_SERVICE, scaling executor pool size to 10
2025-07-15 19:44:33,578 [main] INFO  http.BaseHttpServer (BaseHttpServer.java:newHttpServer2BuilderForOzone(229)) - Starting Web-server for hddsDatanode at: http://0.0.0.0:15042
2025-07-15 19:44:33,578 [main] INFO  http.BaseHttpServer (BaseHttpServer.java:<init>(107)) - Hadoop Security Enabled: false Ozone Security Enabled: false Ozone HTTP Security Enabled: false 
2025-07-15 19:44:33,580 [main] WARN  server.AuthenticationFilter (AuthenticationFilter.java:constructSecretProvider(240)) - Unable to initialize FileSignerSecretProvider, falling back to use random secrets. Reason: Could not read signature secret file: /home/runner/hadoop-http-auth-signature-secret
2025-07-15 19:44:33,583 [main] INFO  http.HttpServer2 (HttpServer2.java:addGlobalFilter(1042)) - Added global filter 'safety' (class=org.apache.hadoop.hdds.server.http.HttpServer2$QuotingInputFilter)
2025-07-15 19:44:33,584 [main] INFO  http.HttpServer2 (HttpServer2.java:addFilter(1018)) - Added filter static_user_filter (class=org.apache.hadoop.http.lib.StaticUserWebFilter$StaticUserFilter) to context hddsDatanode
2025-07-15 19:44:33,584 [main] INFO  http.HttpServer2 (HttpServer2.java:addFilter(1026)) - Added filter static_user_filter (class=org.apache.hadoop.http.lib.StaticUserWebFilter$StaticUserFilter) to context logs
2025-07-15 19:44:33,584 [main] INFO  http.HttpServer2 (HttpServer2.java:addFilter(1026)) - Added filter static_user_filter (class=org.apache.hadoop.http.lib.StaticUserWebFilter$StaticUserFilter) to context static
2025-07-15 19:44:33,585 [main] INFO  http.BaseHttpServer (BaseHttpServer.java:<init>(195)) - HTTP server of hddsDatanode uses base directory /home/runner/work/ozone/ozone/hadoop-ozone/integration-test/target/test-dir/MiniOzoneClusterImpl-7a2c00ee-15e1-4921-aa6b-526c14ec89d8/ozone-meta/datanode-5/meta/webserver
2025-07-15 19:44:33,585 [main] INFO  http.HttpServer2 (HttpServer2.java:bindListener(1242)) - Jetty bound to port 15042
2025-07-15 19:44:33,585 [main] INFO  server.Server (Server.java:doStart(375)) - jetty-9.4.57.v20241219; built: 2025-01-08T21:24:30.412Z; git: df524e6b29271c2e09ba9aea83c18dc9db464a31; jvm 21.0.7+6-LTS
2025-07-15 19:44:33,588 [main] INFO  server.session (DefaultSessionIdManager.java:doStart(334)) - DefaultSessionIdManager workerName=node0
2025-07-15 19:44:33,588 [main] INFO  server.session (DefaultSessionIdManager.java:doStart(339)) - No SessionScavenger set, using defaults
2025-07-15 19:44:33,588 [main] INFO  server.session (HouseKeeper.java:startScavenging(132)) - node0 Scavenging every 660000ms
2025-07-15 19:44:33,589 [main] INFO  handler.ContextHandler (ContextHandler.java:doStart(921)) - Started o.e.j.s.ServletContextHandler@7c441275{logs,/logs,file:///home/runner/work/ozone/ozone/hadoop-ozone/integration-test/target/log,AVAILABLE}
2025-07-15 19:44:33,590 [main] INFO  handler.ContextHandler (ContextHandler.java:doStart(921)) - Started o.e.j.s.ServletContextHandler@43af156a{static,/static,jar:file:/home/runner/work/ozone/ozone/hadoop-hdds/container-service/target/hdds-container-service-2.1.0-SNAPSHOT.jar!/webapps/static,AVAILABLE}
2025-07-15 19:44:33,746 [IPC Server handler 1 on default port 15002] INFO  net.NetworkTopologyImpl (NetworkTopologyImpl.java:add(133)) - Added a new node: /default-rack/cd936fa6-15d5-4ef8-867a-01454d889292
2025-07-15 19:44:33,748 [IPC Server handler 1 on default port 15002] INFO  node.SCMNodeManager (SCMNodeManager.java:register(423)) - Registered datanode: cd936fa6-15d5-4ef8-867a-01454d889292{ip: 127.0.0.1, host: localhost, ports: [HTTP=15010, CLIENT_RPC=15011, REPLICATION=15017, RATIS=15013, RATIS_ADMIN=15014, RATIS_SERVER=15015, RATIS_DATASTREAM=15016, STANDALONE=15012], networkLocation: /default-rack, certSerialId: null, persistedOpState: null, persistedOpStateExpiryEpochSec: 0}
2025-07-15 19:44:33,751 [EventQueue-NewNodeForNewNodeHandler] INFO  pipeline.BackgroundPipelineCreator (BackgroundPipelineCreator.java:notifyEventTriggered(290)) - trigger a one-shot run on RatisPipelineUtilsThread.
2025-07-15 19:44:33,752 [EventQueue-NodeRegistrationContainerReportForDataNodeSafeModeRule] INFO  safemode.SCMSafeModeManager (DataNodeSafeModeRule.java:process(80)) - SCM in safe mode. 1 DataNodes registered, 3 required.
2025-07-15 19:44:33,752 [main] INFO  handler.ContextHandler (ContextHandler.java:doStart(921)) - Started o.e.j.w.WebAppContext@68a06679{hddsDatanode,/,file:///home/runner/work/ozone/ozone/hadoop-ozone/integration-test/target/test-dir/MiniOzoneClusterImpl-7a2c00ee-15e1-4921-aa6b-526c14ec89d8/ozone-meta/datanode-5/meta/webserver/jetty-0_0_0_0-15042-hdds-container-service-2_1_0-SNAPSHOT_jar-_-any-13332474688842180786/webapp/,AVAILABLE}{jar:file:/home/runner/work/ozone/ozone/hadoop-hdds/container-service/target/hdds-container-service-2.1.0-SNAPSHOT.jar!/webapps/hddsDatanode}
2025-07-15 19:44:33,752 [EventQueue-ContainerRegistrationReportForECContainerSafeModeRule] INFO  safemode.SCMSafeModeManager (SCMSafeModeManager.java:validateSafeModeExitRules(138)) - ECContainerSafeModeRule rule is successfully validated
2025-07-15 19:44:33,753 [main] INFO  server.AbstractConnector (AbstractConnector.java:doStart(333)) - Started ServerConnector@7dc56c0a{HTTP/1.1, (http/1.1)}{0.0.0.0:15042}
2025-07-15 19:44:33,753 [main] INFO  server.Server (Server.java:doStart(415)) - Started @12247ms
2025-07-15 19:44:33,753 [main] WARN  impl.MetricsSystemImpl (MetricsSystemImpl.java:register(279)) - Sink prometheus already exists!
2025-07-15 19:44:33,754 [main] INFO  http.BaseHttpServer (BaseHttpServer.java:updateConnectorAddress(359)) - HTTP server of hddsDatanode listening at http://localhost:15042
2025-07-15 19:44:33,753 [EventQueue-ContainerRegistrationReportForRatisContainerSafeModeRule] INFO  safemode.SCMSafeModeManager (SCMSafeModeManager.java:validateSafeModeExitRules(138)) - RatisContainerSafeModeRule rule is successfully validated
2025-07-15 19:44:33,754 [main] INFO  ipc.CallQueueManager (CallQueueManager.java:<init>(93)) - Using callQueue: class java.util.concurrent.LinkedBlockingQueue, queueCapacity: 1000, scheduler: class org.apache.hadoop.ipc.DefaultRpcScheduler, ipcBackoff: false, ipcFailOver: false.
2025-07-15 19:44:33,754 [main] INFO  ipc.Server (Server.java:<init>(1438)) - Listener at 0.0.0.0:15043
2025-07-15 19:44:33,755 [EventQueue-PipelineReportForOneReplicaPipelineSafeModeRule] INFO  safemode.SCMSafeModeManager (SCMSafeModeManager.java:validateSafeModeExitRules(138)) - AtleastOneDatanodeReportedRule rule is successfully validated
2025-07-15 19:44:33,759 [Socket Reader #1 for port 15043] INFO  ipc.Server (Server.java:run(1474)) - Starting Socket Reader #1 for port 15043
2025-07-15 19:44:33,760 [Socket Reader #3 for port 15043] INFO  ipc.Server (Server.java:run(1474)) - Starting Socket Reader #3 for port 15043
2025-07-15 19:44:33,760 [Socket Reader #2 for port 15043] INFO  ipc.Server (Server.java:run(1474)) - Starting Socket Reader #2 for port 15043
2025-07-15 19:44:33,761 [Socket Reader #5 for port 15043] INFO  ipc.Server (Server.java:run(1474)) - Starting Socket Reader #5 for port 15043
2025-07-15 19:44:33,760 [RatisPipelineUtilsThread-0] INFO  pipeline.RatisPipelineProvider (RatisPipelineProvider.java:lambda$create$0(208)) - Sending CreatePipelineCommand for pipeline:Pipeline-384cac9b-6f09-4293-8d39-1c98b92e335d to datanode:cd936fa6-15d5-4ef8-867a-01454d889292(localhost/127.0.0.1)
2025-07-15 19:44:33,761 [Socket Reader #4 for port 15043] INFO  ipc.Server (Server.java:run(1474)) - Starting Socket Reader #4 for port 15043
2025-07-15 19:44:33,761 [Socket Reader #6 for port 15043] INFO  ipc.Server (Server.java:run(1474)) - Starting Socket Reader #6 for port 15043
2025-07-15 19:44:33,761 [Socket Reader #7 for port 15043] INFO  ipc.Server (Server.java:run(1474)) - Starting Socket Reader #7 for port 15043
2025-07-15 19:44:33,764 [Socket Reader #8 for port 15043] INFO  ipc.Server (Server.java:run(1474)) - Starting Socket Reader #8 for port 15043
2025-07-15 19:44:33,765 [Socket Reader #9 for port 15043] INFO  ipc.Server (Server.java:run(1474)) - Starting Socket Reader #9 for port 15043
2025-07-15 19:44:33,765 [Socket Reader #10 for port 15043] INFO  ipc.Server (Server.java:run(1474)) - Starting Socket Reader #10 for port 15043
2025-07-15 19:44:33,770 [main] INFO  ozone.HddsDatanodeService (HddsDatanodeService.java:start(333)) - Datanode start with admins: [admin, runner]
2025-07-15 19:44:33,770 [main] INFO  ozone.HddsDatanodeClientProtocolServer (HddsDatanodeClientProtocolServer.java:start(76)) - RPC server for Client /0.0.0.0:15043
2025-07-15 19:44:33,772 [IPC Server Responder] INFO  ipc.Server (Server.java:run(1713)) - IPC Server Responder: starting
2025-07-15 19:44:33,774 [IPC Server listener on 15043] INFO  ipc.Server (Server.java:run(1553)) - IPC Server listener on 15043: starting
2025-07-15 19:44:33,780 [main] WARN  dropwizard3.Dm3MetricRegistriesImpl (Dm3MetricRegistriesImpl.java:addReporterRegistration(114)) - New reporters are added after registries were created. Some metrics will be missing from the reporter. Please add reporter before adding any new registry.
2025-07-15 19:44:33,780 [main] WARN  dropwizard3.Dm3MetricRegistriesImpl (Dm3MetricRegistriesImpl.java:addReporterRegistration(114)) - New reporters are added after registries were created. Some metrics will be missing from the reporter. Please add reporter before adding any new registry.
2025-07-15 19:44:33,780 [main] INFO  impl.MetricsSystemImpl (MetricsSystemImpl.java:init(158)) - HddsDatanode metrics system started (again)
2025-07-15 19:44:33,783 [5109dbd0-88b3-4954-9428-6522438831f5-EndpointStateMachineTaskThread-/0.0.0.0:15002-0 ] INFO  utils.DatanodeStoreCache (DatanodeStoreCache.java:addDB(70)) - Added db /home/runner/work/ozone/ozone/hadoop-ozone/integration-test/target/test-dir/MiniOzoneClusterImpl-7a2c00ee-15e1-4921-aa6b-526c14ec89d8/ozone-meta/datanode-3/data-0/hdds/7a2c00ee-15e1-4921-aa6b-526c14ec89d8/DS-7e98dc3d-c5b4-4b5b-945e-cfa62ee37c49/container.db to cache
2025-07-15 19:44:33,784 [5109dbd0-88b3-4954-9428-6522438831f5-EndpointStateMachineTaskThread-/0.0.0.0:15002-0 ] INFO  volume.HddsVolume (HddsVolume.java:createDbStore(575)) - SchemaV3 db is created and loaded at /home/runner/work/ozone/ozone/hadoop-ozone/integration-test/target/test-dir/MiniOzoneClusterImpl-7a2c00ee-15e1-4921-aa6b-526c14ec89d8/ozone-meta/datanode-3/data-0/hdds/7a2c00ee-15e1-4921-aa6b-526c14ec89d8/DS-7e98dc3d-c5b4-4b5b-945e-cfa62ee37c49/container.db for volume DS-7e98dc3d-c5b4-4b5b-945e-cfa62ee37c49
2025-07-15 19:44:33,784 [faa2b429-16a2-49fa-ab42-514c70ac334b-DatanodeStateMachineDaemonThread] INFO  statemachine.DatanodeStateMachine (DatanodeStateMachine.java:startStateMachineThread(347)) - Ozone container server started.
2025-07-15 19:44:33,789 [5109dbd0-88b3-4954-9428-6522438831f5-ContainerReader-0] INFO  ozoneimpl.ContainerReader (ContainerReader.java:readVolume(144)) - Start to verify containers on volume /home/runner/work/ozone/ozone/hadoop-ozone/integration-test/target/test-dir/MiniOzoneClusterImpl-7a2c00ee-15e1-4921-aa6b-526c14ec89d8/ozone-meta/datanode-3/data-0/hdds
2025-07-15 19:44:33,789 [5109dbd0-88b3-4954-9428-6522438831f5-ContainerReader-0] INFO  ozoneimpl.ContainerReader (ContainerReader.java:readVolume(174)) - Finish verifying containers on volume /home/runner/work/ozone/ozone/hadoop-ozone/integration-test/target/test-dir/MiniOzoneClusterImpl-7a2c00ee-15e1-4921-aa6b-526c14ec89d8/ozone-meta/datanode-3/data-0/hdds
2025-07-15 19:44:33,789 [5109dbd0-88b3-4954-9428-6522438831f5-EndpointStateMachineTaskThread-/0.0.0.0:15002-0 ] INFO  ozoneimpl.OzoneContainer (OzoneContainer.java:buildContainerSet(370)) - Build ContainerSet costs 0s
2025-07-15 19:44:33,790 [5109dbd0-88b3-4954-9428-6522438831f5-EndpointStateMachineTaskThread-/0.0.0.0:15002-0 ] INFO  volume.ThrottledAsyncChecker (ThrottledAsyncChecker.java:schedule(138)) - Scheduling a check for /home/runner/work/ozone/ozone/hadoop-ozone/integration-test/target/test-dir/MiniOzoneClusterImpl-7a2c00ee-15e1-4921-aa6b-526c14ec89d8/ozone-meta/datanode-3/data-0/hdds
2025-07-15 19:44:33,790 [faa2b429-16a2-49fa-ab42-514c70ac334b-DatanodeStateMachineTaskThread-0] INFO  datanode.InitDatanodeState (InitDatanodeState.java:persistContainerDatanodeDetails(139)) - DatanodeDetails is persisted to /home/runner/work/ozone/ozone/hadoop-ozone/integration-test/target/test-dir/MiniOzoneClusterImpl-7a2c00ee-15e1-4921-aa6b-526c14ec89d8/ozone-meta/datanode-5/meta/datanode.id
2025-07-15 19:44:33,793 [5109dbd0-88b3-4954-9428-6522438831f5-EndpointStateMachineTaskThread-/0.0.0.0:15002-0 ] INFO  volume.StorageVolumeChecker (StorageVolumeChecker.java:checkAllVolumes(215)) - Scheduled health check for volume /home/runner/work/ozone/ozone/hadoop-ozone/integration-test/target/test-dir/MiniOzoneClusterImpl-7a2c00ee-15e1-4921-aa6b-526c14ec89d8/ozone-meta/datanode-3/data-0/hdds
2025-07-15 19:44:33,800 [5109dbd0-88b3-4954-9428-6522438831f5-EndpointStateMachineTaskThread-/0.0.0.0:15002-0 ] INFO  volume.ThrottledAsyncChecker (ThrottledAsyncChecker.java:schedule(138)) - Scheduling a check for /home/runner/work/ozone/ozone/hadoop-ozone/integration-test/target/test-dir/MiniOzoneClusterImpl-7a2c00ee-15e1-4921-aa6b-526c14ec89d8/ozone-meta/datanode-3/ratis
2025-07-15 19:44:33,800 [5109dbd0-88b3-4954-9428-6522438831f5-EndpointStateMachineTaskThread-/0.0.0.0:15002-0 ] INFO  volume.StorageVolumeChecker (StorageVolumeChecker.java:checkAllVolumes(215)) - Scheduled health check for volume /home/runner/work/ozone/ozone/hadoop-ozone/integration-test/target/test-dir/MiniOzoneClusterImpl-7a2c00ee-15e1-4921-aa6b-526c14ec89d8/ozone-meta/datanode-3/ratis
2025-07-15 19:44:33,806 [5109dbd0-88b3-4954-9428-6522438831f5-EndpointStateMachineTaskThread-/0.0.0.0:15002-0 ] INFO  ozoneimpl.OzoneContainer (OzoneContainer.java:start(520)) - Attempting to start container services.
2025-07-15 19:44:33,808 [main] INFO  protocol.DatanodeDetails (DatanodeDetails.java:validateDatanodeIpAddress(199)) - Updating IP address of datanode 1ed39f2b-ba05-41d4-bcbc-50acfb489962(localhost/null) to 127.0.0.1
2025-07-15 19:44:33,808 [main] INFO  ozone.HddsDatanodeService (HddsDatanodeService.java:start(236)) - HddsDatanodeService 1ed39f2b-ba05-41d4-bcbc-50acfb489962(localhost/127.0.0.1)
2025-07-15 19:44:33,811 [ContainerMetadataScanner] INFO  ozoneimpl.AbstractBackgroundContainerScanner (AbstractBackgroundContainerScanner.java:runIteration(89)) - Completed an iteration in 0 minutes. Number of iterations (since the data-node restart) : 1, Number of containers scanned in this iteration : 0, Number of unhealthy containers found in this iteration : 0
2025-07-15 19:44:33,812 [ContainerDataScanner(/home/runner/work/ozone/ozone/hadoop-ozone/integration-test/target/test-dir/MiniOzoneClusterImpl-7a2c00ee-15e1-4921-aa6b-526c14ec89d8/ozone-meta/datanode-3/data-0/hdds)] INFO  ozoneimpl.AbstractBackgroundContainerScanner (AbstractBackgroundContainerScanner.java:runIteration(89)) - Completed an iteration in 0 minutes. Number of iterations (since the data-node restart) : 1, Number of containers scanned in this iteration : 0, Number of unhealthy containers found in this iteration : 0
2025-07-15 19:44:33,813 [main] INFO  upgrade.AbstractLayoutVersionManager (AbstractLayoutVersionManager.java:init(80)) - Initializing Layout version manager with metadata layout = HBASE_SUPPORT (version = 8), software layout = HBASE_SUPPORT (version = 8)
2025-07-15 19:44:33,813 [main] INFO  statemachine.DatanodeStateMachine (DatanodeStateMachine.java:getEndPointTaskThreadPoolSize(305)) - Datanode State Machine Task Thread Pool size 2
2025-07-15 19:44:33,814 [5109dbd0-88b3-4954-9428-6522438831f5-EndpointStateMachineTaskThread-/0.0.0.0:15002-0 ] INFO  replication.ReplicationServer (ReplicationServer.java:start(137)) - ReplicationServer is started using port 15033
2025-07-15 19:44:33,815 [5109dbd0-88b3-4954-9428-6522438831f5-EndpointStateMachineTaskThread-/0.0.0.0:15002-0 ] INFO  ratis.XceiverServerRatis (XceiverServerRatis.java:start(559)) - Starting XceiverServerRatis(5109dbd0-88b3-4954-9428-6522438831f5)
2025-07-15 19:44:33,816 [main] INFO  volume.HddsVolume (HddsVolume.java:<init>(162)) - HddsVolume: { id=DS-e145902b-4500-480a-a6d4-e12ba77a92cf dir=/home/runner/work/ozone/ozone/hadoop-ozone/integration-test/target/test-dir/MiniOzoneClusterImpl-7a2c00ee-15e1-4921-aa6b-526c14ec89d8/ozone-meta/datanode-6/data-0/hdds type=DISK capacity=9222449699674390527 used=0 available=9222449699674390527 minFree=9222450130714624 committed=0 }
2025-07-15 19:44:33,816 [main] INFO  volume.MutableVolumeSet (MutableVolumeSet.java:initializeVolumeSet(167)) - Added Volume : /home/runner/work/ozone/ozone/hadoop-ozone/integration-test/target/test-dir/MiniOzoneClusterImpl-7a2c00ee-15e1-4921-aa6b-526c14ec89d8/ozone-meta/datanode-6/data-0/hdds to VolumeSet
2025-07-15 19:44:33,818 [main] INFO  volume.MutableVolumeSet (MutableVolumeSet.java:initializeVolumeSet(167)) - Added Volume : /home/runner/work/ozone/ozone/hadoop-ozone/integration-test/target/test-dir/MiniOzoneClusterImpl-7a2c00ee-15e1-4921-aa6b-526c14ec89d8/ozone-meta/datanode-6/ratis to VolumeSet
2025-07-15 19:44:33,818 [5109dbd0-88b3-4954-9428-6522438831f5-EndpointStateMachineTaskThread-/0.0.0.0:15002-0 ] INFO  server.RaftServer (RaftServerProxy.java:startImpl(412)) - 5109dbd0-88b3-4954-9428-6522438831f5: start RPC server
2025-07-15 19:44:33,819 [main] INFO  ozoneimpl.OzoneContainer (HddsVolumeUtil.java:loadAllHddsVolumeDbStore(102)) - Load 1 volumes DbStore cost: 0ms
2025-07-15 19:44:33,819 [main] WARN  db.DBStoreBuilder (DBStoreBuilder.java:getDBDirPath(158)) - ozone.scm.datanode.id.dir is not configured. We recommend adding this setting. Falling back to ozone.metadata.dirs instead.
2025-07-15 19:44:33,820 [5109dbd0-88b3-4954-9428-6522438831f5-EndpointStateMachineTaskThread-/0.0.0.0:15002-0 ] INFO  server.GrpcServicesImpl (GrpcServicesImpl.java:startImpl(346)) - 5109dbd0-88b3-4954-9428-6522438831f5: GrpcServicesImpl started, listening on 15029
2025-07-15 19:44:33,820 [main] WARN  db.DBStoreBuilder (DBStoreBuilder.java:getDBDirPath(158)) - ozone.scm.datanode.id.dir is not configured. We recommend adding this setting. Falling back to ozone.metadata.dirs instead.
2025-07-15 19:44:33,822 [5109dbd0-88b3-4954-9428-6522438831f5-EndpointStateMachineTaskThread-/0.0.0.0:15002-0 ] INFO  server.GrpcServicesImpl (GrpcServicesImpl.java:startImpl(346)) - 5109dbd0-88b3-4954-9428-6522438831f5: GrpcServicesImpl started, listening on 15031
2025-07-15 19:44:33,823 [5109dbd0-88b3-4954-9428-6522438831f5-EndpointStateMachineTaskThread-/0.0.0.0:15002-0 ] INFO  server.GrpcServicesImpl (GrpcServicesImpl.java:startImpl(346)) - 5109dbd0-88b3-4954-9428-6522438831f5: GrpcServicesImpl started, listening on 15030
2025-07-15 19:44:33,824 [5109dbd0-88b3-4954-9428-6522438831f5-EndpointStateMachineTaskThread-/0.0.0.0:15002-0 ] INFO  ratis.XceiverServerRatis (XceiverServerRatis.java:getRealPort(586)) - XceiverServerRatis(5109dbd0-88b3-4954-9428-6522438831f5) is started using port RATIS=15029
2025-07-15 19:44:33,824 [5109dbd0-88b3-4954-9428-6522438831f5-EndpointStateMachineTaskThread-/0.0.0.0:15002-0 ] INFO  ratis.XceiverServerRatis (XceiverServerRatis.java:getRealPort(586)) - XceiverServerRatis(5109dbd0-88b3-4954-9428-6522438831f5) is started using port RATIS_ADMIN=15030
2025-07-15 19:44:33,824 [5109dbd0-88b3-4954-9428-6522438831f5-EndpointStateMachineTaskThread-/0.0.0.0:15002-0 ] INFO  ratis.XceiverServerRatis (XceiverServerRatis.java:getRealPort(586)) - XceiverServerRatis(5109dbd0-88b3-4954-9428-6522438831f5) is started using port RATIS_SERVER=15031
2025-07-15 19:44:33,824 [5109dbd0-88b3-4954-9428-6522438831f5-EndpointStateMachineTaskThread-/0.0.0.0:15002-0 ] INFO  ratis.XceiverServerRatis (XceiverServerRatis.java:getRealPort(586)) - XceiverServerRatis(5109dbd0-88b3-4954-9428-6522438831f5) is started using port RATIS_DATASTREAM=15032
2025-07-15 19:44:33,824 [JvmPauseMonitor5] INFO  util.JvmPauseMonitor (JvmPauseMonitor.java:run(146)) - JvmPauseMonitor-5109dbd0-88b3-4954-9428-6522438831f5: Started
2025-07-15 19:44:33,826 [5109dbd0-88b3-4954-9428-6522438831f5-EndpointStateMachineTaskThread-/0.0.0.0:15002-0 ] INFO  utils.BackgroundService (BackgroundService.java:start(118)) - Starting service BlockDeletingService with interval 60000 milliseconds
2025-07-15 19:44:33,828 [5109dbd0-88b3-4954-9428-6522438831f5-EndpointStateMachineTaskThread-/0.0.0.0:15002-0 ] INFO  utils.BackgroundService (BackgroundService.java:start(118)) - Starting service StaleRecoveringContainerScrubbingService with interval 60000 milliseconds
2025-07-15 19:44:33,839 [main] INFO  impl.FilePerChunkStrategy (FilePerChunkStrategy.java:<init>(79)) - ozone.chunk.read.mapped.buffer.max.count is load with 0
2025-07-15 19:44:33,839 [main] INFO  impl.FilePerBlockStrategy (FilePerBlockStrategy.java:<init>(88)) - ozone.chunk.read.mapped.buffer.max.count is load with 0
2025-07-15 19:44:33,840 [main] INFO  server.RaftServerConfigKeys (ConfUtils.java:logGet(62)) - raft.server.log.appender.buffer.byte-limit = 33554432 (custom)
2025-07-15 19:44:33,842 [main] INFO  grpc.GrpcConfigKeys (ConfUtils.java:logFallback(69)) - raft.grpc.admin.host = null (fallback to raft.grpc.server.host)
2025-07-15 19:44:33,842 [main] INFO  grpc.GrpcConfigKeys (ConfUtils.java:logGet(62)) - raft.grpc.admin.port = 15054 (custom)
2025-07-15 19:44:33,843 [main] INFO  grpc.GrpcConfigKeys (ConfUtils.java:logFallback(69)) - raft.grpc.client.host = null (fallback to raft.grpc.server.host)
2025-07-15 19:44:33,843 [main] INFO  grpc.GrpcConfigKeys (ConfUtils.java:logGet(62)) - raft.grpc.client.port = 15053 (custom)
2025-07-15 19:44:33,843 [main] INFO  grpc.GrpcConfigKeys (ConfUtils.java:logGet(62)) - raft.grpc.server.port = 15055 (custom)
2025-07-15 19:44:33,843 [main] INFO  server.GrpcServicesImpl (ConfUtils.java:logGet(62)) - raft.grpc.message.size.max = 34603008 (custom)
2025-07-15 19:44:33,843 [main] INFO  server.GrpcServicesImpl (ConfUtils.java:logGet(62)) - raft.grpc.flow.control.window = 5MB (=5242880) (custom)
2025-07-15 19:44:33,843 [main] INFO  server.RaftServerConfigKeys (ConfUtils.java:logGet(62)) - raft.server.log.appender.buffer.byte-limit = 33554432 (custom)
2025-07-15 19:44:33,845 [main] INFO  netty.NettyUtils (NettyUtils.java:newEventLoopGroup(74)) - Create EpollEventLoopGroup for 1ed39f2b-ba05-41d4-bcbc-50acfb489962-NettyServerStreamRpc-bossGroup; Thread size is 0.
2025-07-15 19:44:33,846 [main] INFO  netty.NettyUtils (NettyUtils.java:newEventLoopGroup(74)) - Create EpollEventLoopGroup for 1ed39f2b-ba05-41d4-bcbc-50acfb489962-NettyServerStreamRpc-workerGroup; Thread size is 0.
2025-07-15 19:44:33,847 [main] INFO  netty.NettyConfigKeys$DataStream (ConfUtils.java:logGet(62)) - raft.netty.dataStream.port = 15056 (custom)
2025-07-15 19:44:33,847 [main] INFO  server.RaftServerConfigKeys (ConfUtils.java:logGet(62)) - raft.server.storage.dir = [/home/runner/work/ozone/ozone/hadoop-ozone/integration-test/target/test-dir/MiniOzoneClusterImpl-7a2c00ee-15e1-4921-aa6b-526c14ec89d8/ozone-meta/datanode-6/ratis] (custom)
2025-07-15 19:44:33,848 [1ed39f2b-ba05-41d4-bcbc-50acfb489962-NettyServerStreamRpc-bossGroup--thread1] INFO  logging.LoggingHandler (AbstractInternalLogger.java:log(148)) - [id: 0xb865180c] REGISTERED
2025-07-15 19:44:33,848 [1ed39f2b-ba05-41d4-bcbc-50acfb489962-NettyServerStreamRpc-bossGroup--thread1] INFO  logging.LoggingHandler (AbstractInternalLogger.java:log(148)) - [id: 0xb865180c] BIND: 0.0.0.0/0.0.0.0:15056
2025-07-15 19:44:33,848 [1ed39f2b-ba05-41d4-bcbc-50acfb489962-NettyServerStreamRpc-bossGroup--thread1] INFO  logging.LoggingHandler (AbstractInternalLogger.java:log(148)) - [id: 0xb865180c, L:/0.0.0.0:15056] ACTIVE
2025-07-15 19:44:33,849 [1ed39f2b-ba05-41d4-bcbc-50acfb489962-impl-thread1] INFO  server.RaftServer (RaftServerProxy.java:initGroupDir(270)) - 1ed39f2b-ba05-41d4-bcbc-50acfb489962: found a subdirectory /home/runner/work/ozone/ozone/hadoop-ozone/integration-test/target/test-dir/MiniOzoneClusterImpl-7a2c00ee-15e1-4921-aa6b-526c14ec89d8/ozone-meta/datanode-6/ratis/tmp
2025-07-15 19:44:33,849 [1ed39f2b-ba05-41d4-bcbc-50acfb489962-impl-thread1] INFO  server.RaftServer (RaftServerProxy.java:initGroupDir(275)) - 1ed39f2b-ba05-41d4-bcbc-50acfb489962: The directory /home/runner/work/ozone/ozone/hadoop-ozone/integration-test/target/test-dir/MiniOzoneClusterImpl-7a2c00ee-15e1-4921-aa6b-526c14ec89d8/ozone-meta/datanode-6/ratis/tmp is not a group directory; ignoring it. 
2025-07-15 19:44:33,849 [main] INFO  replication.ReplicationServer (ReplicationServer.java:<init>(84)) - Initializing replication server with thread count = 10 queue length = 4096
2025-07-15 19:44:33,850 [main] INFO  server.XceiverServerGrpc (XceiverServerGrpc.java:<init>(130)) - GrpcServer channel type EpollServerSocketChannel
2025-07-15 19:44:33,850 [5b76e34f-336a-4d5f-b46b-52fa87015b9f@group-526C14EC89D8-StateMachineUpdater] INFO  safemode.SCMSafeModeManager (SCMSafeModeManager.java:validateSafeModeExitRules(138)) - RatisContainerSafeModeRule rule is successfully validated
2025-07-15 19:44:33,850 [5b76e34f-336a-4d5f-b46b-52fa87015b9f@group-526C14EC89D8-StateMachineUpdater] INFO  safemode.HealthyPipelineSafeModeRule (HealthyPipelineSafeModeRule.java:initializeRule(228)) - Refreshed total pipeline count is 0, healthy pipeline threshold count is 1
2025-07-15 19:44:33,850 [5b76e34f-336a-4d5f-b46b-52fa87015b9f@group-526C14EC89D8-StateMachineUpdater] INFO  safemode.SCMSafeModeManager (SCMSafeModeManager.java:validateSafeModeExitRules(138)) - ECContainerSafeModeRule rule is successfully validated
2025-07-15 19:44:33,850 [5b76e34f-336a-4d5f-b46b-52fa87015b9f@group-526C14EC89D8-StateMachineUpdater] INFO  safemode.SCMSafeModeManager (SCMSafeModeManager.java:validateSafeModeExitRules(138)) - AtleastOneDatanodeReportedRule rule is successfully validated
2025-07-15 19:44:33,852 [main] INFO  replication.ReplicationSupervisor (ReplicationSupervisor.java:build(169)) - Initializing replication supervisor with thread count = 10
2025-07-15 19:44:33,852 [main] INFO  replication.ReplicationSupervisor (ReplicationSupervisor.java:nodeStateUpdated(358)) - Node state updated to IN_SERVICE, scaling executor pool size to 10
2025-07-15 19:44:33,855 [RatisPipelineUtilsThread-0] INFO  pipeline.BackgroundPipelineCreator (BackgroundPipelineCreator.java:createPipelines(246)) - Created new pipeline Pipeline{ Id: 384cac9b-6f09-4293-8d39-1c98b92e335d, Nodes: [ {cd936fa6-15d5-4ef8-867a-01454d889292(localhost/127.0.0.1), ReplicaIndex: 0},], ReplicationConfig: RATIS/ONE, State:ALLOCATED, leaderId:, CreationTimestamp2025-07-15T19:44:33.759167549Z[Etc/UTC]}
2025-07-15 19:44:33,857 [main] INFO  http.BaseHttpServer (BaseHttpServer.java:newHttpServer2BuilderForOzone(229)) - Starting Web-server for hddsDatanode at: http://0.0.0.0:15050
2025-07-15 19:44:33,858 [main] INFO  http.BaseHttpServer (BaseHttpServer.java:<init>(107)) - Hadoop Security Enabled: false Ozone Security Enabled: false Ozone HTTP Security Enabled: false 
2025-07-15 19:44:33,859 [main] WARN  server.AuthenticationFilter (AuthenticationFilter.java:constructSecretProvider(240)) - Unable to initialize FileSignerSecretProvider, falling back to use random secrets. Reason: Could not read signature secret file: /home/runner/hadoop-http-auth-signature-secret
2025-07-15 19:44:33,861 [main] INFO  http.HttpServer2 (HttpServer2.java:addGlobalFilter(1042)) - Added global filter 'safety' (class=org.apache.hadoop.hdds.server.http.HttpServer2$QuotingInputFilter)
2025-07-15 19:44:33,862 [main] INFO  http.HttpServer2 (HttpServer2.java:addFilter(1018)) - Added filter static_user_filter (class=org.apache.hadoop.http.lib.StaticUserWebFilter$StaticUserFilter) to context hddsDatanode
2025-07-15 19:44:33,862 [main] INFO  http.HttpServer2 (HttpServer2.java:addFilter(1026)) - Added filter static_user_filter (class=org.apache.hadoop.http.lib.StaticUserWebFilter$StaticUserFilter) to context static
2025-07-15 19:44:33,862 [main] INFO  http.HttpServer2 (HttpServer2.java:addFilter(1026)) - Added filter static_user_filter (class=org.apache.hadoop.http.lib.StaticUserWebFilter$StaticUserFilter) to context logs
2025-07-15 19:44:33,863 [main] INFO  http.BaseHttpServer (BaseHttpServer.java:<init>(195)) - HTTP server of hddsDatanode uses base directory /home/runner/work/ozone/ozone/hadoop-ozone/integration-test/target/test-dir/MiniOzoneClusterImpl-7a2c00ee-15e1-4921-aa6b-526c14ec89d8/ozone-meta/datanode-6/meta/webserver
2025-07-15 19:44:33,863 [main] INFO  http.HttpServer2 (HttpServer2.java:bindListener(1242)) - Jetty bound to port 15050
2025-07-15 19:44:33,863 [main] INFO  server.Server (Server.java:doStart(375)) - jetty-9.4.57.v20241219; built: 2025-01-08T21:24:30.412Z; git: df524e6b29271c2e09ba9aea83c18dc9db464a31; jvm 21.0.7+6-LTS
2025-07-15 19:44:33,865 [main] INFO  server.session (DefaultSessionIdManager.java:doStart(334)) - DefaultSessionIdManager workerName=node0
2025-07-15 19:44:33,865 [main] INFO  server.session (DefaultSessionIdManager.java:doStart(339)) - No SessionScavenger set, using defaults
2025-07-15 19:44:33,865 [main] INFO  server.session (HouseKeeper.java:startScavenging(132)) - node0 Scavenging every 600000ms
2025-07-15 19:44:33,866 [main] INFO  handler.ContextHandler (ContextHandler.java:doStart(921)) - Started o.e.j.s.ServletContextHandler@1d90f169{logs,/logs,file:///home/runner/work/ozone/ozone/hadoop-ozone/integration-test/target/log,AVAILABLE}
2025-07-15 19:44:33,866 [main] INFO  handler.ContextHandler (ContextHandler.java:doStart(921)) - Started o.e.j.s.ServletContextHandler@90d0815{static,/static,jar:file:/home/runner/work/ozone/ozone/hadoop-hdds/container-service/target/hdds-container-service-2.1.0-SNAPSHOT.jar!/webapps/static,AVAILABLE}
2025-07-15 19:44:33,980 [IPC Server handler 0 on default port 15002] INFO  net.NetworkTopologyImpl (NetworkTopologyImpl.java:add(133)) - Added a new node: /default-rack/e96bea54-5ec2-4bc1-91ca-a280b757147d
2025-07-15 19:44:33,980 [IPC Server handler 0 on default port 15002] INFO  node.SCMNodeManager (SCMNodeManager.java:register(423)) - Registered datanode: e96bea54-5ec2-4bc1-91ca-a280b757147d{ip: 127.0.0.1, host: localhost, ports: [HTTP=15018, CLIENT_RPC=15019, REPLICATION=15025, RATIS=15021, RATIS_ADMIN=15022, RATIS_SERVER=15023, RATIS_DATASTREAM=15024, STANDALONE=15020], networkLocation: /default-rack, certSerialId: null, persistedOpState: null, persistedOpStateExpiryEpochSec: 0}
2025-07-15 19:44:33,981 [EventQueue-ContainerRegistrationReportForRatisContainerSafeModeRule] INFO  safemode.SCMSafeModeManager (SCMSafeModeManager.java:validateSafeModeExitRules(138)) - RatisContainerSafeModeRule rule is successfully validated
2025-07-15 19:44:33,981 [EventQueue-PipelineReportForOneReplicaPipelineSafeModeRule] INFO  safemode.SCMSafeModeManager (SCMSafeModeManager.java:validateSafeModeExitRules(138)) - AtleastOneDatanodeReportedRule rule is successfully validated
2025-07-15 19:44:33,981 [EventQueue-NewNodeForNewNodeHandler] INFO  pipeline.BackgroundPipelineCreator (BackgroundPipelineCreator.java:notifyEventTriggered(290)) - trigger a one-shot run on RatisPipelineUtilsThread.
2025-07-15 19:44:33,981 [EventQueue-NodeRegistrationContainerReportForDataNodeSafeModeRule] INFO  safemode.SCMSafeModeManager (DataNodeSafeModeRule.java:process(80)) - SCM in safe mode. 2 DataNodes registered, 3 required.
2025-07-15 19:44:33,981 [EventQueue-ContainerRegistrationReportForECContainerSafeModeRule] INFO  safemode.SCMSafeModeManager (SCMSafeModeManager.java:validateSafeModeExitRules(138)) - ECContainerSafeModeRule rule is successfully validated
2025-07-15 19:44:33,984 [RatisPipelineUtilsThread-0] INFO  pipeline.RatisPipelineProvider (RatisPipelineProvider.java:lambda$create$0(208)) - Sending CreatePipelineCommand for pipeline:Pipeline-01f649b1-ed37-4d05-9e72-d96da3c41bfa to datanode:e96bea54-5ec2-4bc1-91ca-a280b757147d(localhost/127.0.0.1)
2025-07-15 19:44:33,988 [5b76e34f-336a-4d5f-b46b-52fa87015b9f@group-526C14EC89D8-StateMachineUpdater] INFO  safemode.SCMSafeModeManager (SCMSafeModeManager.java:validateSafeModeExitRules(138)) - RatisContainerSafeModeRule rule is successfully validated
2025-07-15 19:44:33,989 [5b76e34f-336a-4d5f-b46b-52fa87015b9f@group-526C14EC89D8-StateMachineUpdater] INFO  safemode.HealthyPipelineSafeModeRule (HealthyPipelineSafeModeRule.java:initializeRule(228)) - Refreshed total pipeline count is 0, healthy pipeline threshold count is 1
2025-07-15 19:44:33,989 [5b76e34f-336a-4d5f-b46b-52fa87015b9f@group-526C14EC89D8-StateMachineUpdater] INFO  safemode.SCMSafeModeManager (SCMSafeModeManager.java:validateSafeModeExitRules(138)) - ECContainerSafeModeRule rule is successfully validated
2025-07-15 19:44:33,989 [5b76e34f-336a-4d5f-b46b-52fa87015b9f@group-526C14EC89D8-StateMachineUpdater] INFO  safemode.SCMSafeModeManager (SCMSafeModeManager.java:validateSafeModeExitRules(138)) - AtleastOneDatanodeReportedRule rule is successfully validated
2025-07-15 19:44:33,989 [RatisPipelineUtilsThread-0] INFO  pipeline.BackgroundPipelineCreator (BackgroundPipelineCreator.java:createPipelines(246)) - Created new pipeline Pipeline{ Id: 01f649b1-ed37-4d05-9e72-d96da3c41bfa, Nodes: [ {e96bea54-5ec2-4bc1-91ca-a280b757147d(localhost/127.0.0.1), ReplicaIndex: 0},], ReplicationConfig: RATIS/ONE, State:ALLOCATED, leaderId:, CreationTimestamp2025-07-15T19:44:33.984116116Z[Etc/UTC]}
2025-07-15 19:44:34,013 [main] INFO  handler.ContextHandler (ContextHandler.java:doStart(921)) - Started o.e.j.w.WebAppContext@39edd51c{hddsDatanode,/,file:///home/runner/work/ozone/ozone/hadoop-ozone/integration-test/target/test-dir/MiniOzoneClusterImpl-7a2c00ee-15e1-4921-aa6b-526c14ec89d8/ozone-meta/datanode-6/meta/webserver/jetty-0_0_0_0-15050-hdds-container-service-2_1_0-SNAPSHOT_jar-_-any-8288324387524285402/webapp/,AVAILABLE}{jar:file:/home/runner/work/ozone/ozone/hadoop-hdds/container-service/target/hdds-container-service-2.1.0-SNAPSHOT.jar!/webapps/hddsDatanode}
2025-07-15 19:44:34,014 [main] INFO  server.AbstractConnector (AbstractConnector.java:doStart(333)) - Started ServerConnector@1fdfd65{HTTP/1.1, (http/1.1)}{0.0.0.0:15050}
2025-07-15 19:44:34,014 [main] INFO  server.Server (Server.java:doStart(415)) - Started @12508ms
2025-07-15 19:44:34,014 [main] WARN  impl.MetricsSystemImpl (MetricsSystemImpl.java:register(279)) - Sink prometheus already exists!
2025-07-15 19:44:34,014 [main] INFO  http.BaseHttpServer (BaseHttpServer.java:updateConnectorAddress(359)) - HTTP server of hddsDatanode listening at http://localhost:15050
2025-07-15 19:44:34,014 [main] INFO  ipc.CallQueueManager (CallQueueManager.java:<init>(93)) - Using callQueue: class java.util.concurrent.LinkedBlockingQueue, queueCapacity: 1000, scheduler: class org.apache.hadoop.ipc.DefaultRpcScheduler, ipcBackoff: false, ipcFailOver: false.
2025-07-15 19:44:34,015 [main] INFO  ipc.Server (Server.java:<init>(1438)) - Listener at 0.0.0.0:15051
2025-07-15 19:44:34,016 [Socket Reader #1 for port 15051] INFO  ipc.Server (Server.java:run(1474)) - Starting Socket Reader #1 for port 15051
2025-07-15 19:44:34,016 [Socket Reader #2 for port 15051] INFO  ipc.Server (Server.java:run(1474)) - Starting Socket Reader #2 for port 15051
2025-07-15 19:44:34,016 [Socket Reader #3 for port 15051] INFO  ipc.Server (Server.java:run(1474)) - Starting Socket Reader #3 for port 15051
2025-07-15 19:44:34,017 [Socket Reader #4 for port 15051] INFO  ipc.Server (Server.java:run(1474)) - Starting Socket Reader #4 for port 15051
2025-07-15 19:44:34,018 [Socket Reader #5 for port 15051] INFO  ipc.Server (Server.java:run(1474)) - Starting Socket Reader #5 for port 15051
2025-07-15 19:44:34,019 [Socket Reader #7 for port 15051] INFO  ipc.Server (Server.java:run(1474)) - Starting Socket Reader #7 for port 15051
2025-07-15 19:44:34,019 [Socket Reader #8 for port 15051] INFO  ipc.Server (Server.java:run(1474)) - Starting Socket Reader #8 for port 15051
2025-07-15 19:44:34,019 [Socket Reader #6 for port 15051] INFO  ipc.Server (Server.java:run(1474)) - Starting Socket Reader #6 for port 15051
2025-07-15 19:44:34,020 [Socket Reader #9 for port 15051] INFO  ipc.Server (Server.java:run(1474)) - Starting Socket Reader #9 for port 15051
2025-07-15 19:44:34,020 [Socket Reader #10 for port 15051] INFO  ipc.Server (Server.java:run(1474)) - Starting Socket Reader #10 for port 15051
2025-07-15 19:44:34,022 [main] INFO  ozone.HddsDatanodeService (HddsDatanodeService.java:start(333)) - Datanode start with admins: [admin, runner]
2025-07-15 19:44:34,022 [main] INFO  ozone.HddsDatanodeClientProtocolServer (HddsDatanodeClientProtocolServer.java:start(76)) - RPC server for Client /0.0.0.0:15051
2025-07-15 19:44:34,023 [IPC Server Responder] INFO  ipc.Server (Server.java:run(1713)) - IPC Server Responder: starting
2025-07-15 19:44:34,023 [IPC Server listener on 15051] INFO  ipc.Server (Server.java:run(1553)) - IPC Server listener on 15051: starting
2025-07-15 19:44:34,026 [main] WARN  dropwizard3.Dm3MetricRegistriesImpl (Dm3MetricRegistriesImpl.java:addReporterRegistration(114)) - New reporters are added after registries were created. Some metrics will be missing from the reporter. Please add reporter before adding any new registry.
2025-07-15 19:44:34,026 [main] WARN  dropwizard3.Dm3MetricRegistriesImpl (Dm3MetricRegistriesImpl.java:addReporterRegistration(114)) - New reporters are added after registries were created. Some metrics will be missing from the reporter. Please add reporter before adding any new registry.
2025-07-15 19:44:34,026 [main] INFO  impl.MetricsSystemImpl (MetricsSystemImpl.java:init(158)) - HddsDatanode metrics system started (again)
2025-07-15 19:44:34,030 [1ed39f2b-ba05-41d4-bcbc-50acfb489962-DatanodeStateMachineDaemonThread] INFO  statemachine.DatanodeStateMachine (DatanodeStateMachine.java:startStateMachineThread(347)) - Ozone container server started.
2025-07-15 19:44:34,036 [1ed39f2b-ba05-41d4-bcbc-50acfb489962-DatanodeStateMachineTaskThread-0] INFO  datanode.InitDatanodeState (InitDatanodeState.java:persistContainerDatanodeDetails(139)) - DatanodeDetails is persisted to /home/runner/work/ozone/ozone/hadoop-ozone/integration-test/target/test-dir/MiniOzoneClusterImpl-7a2c00ee-15e1-4921-aa6b-526c14ec89d8/ozone-meta/datanode-6/meta/datanode.id
2025-07-15 19:44:34,048 [main] INFO  protocol.DatanodeDetails (DatanodeDetails.java:validateDatanodeIpAddress(199)) - Updating IP address of datanode 262265f8-b6b0-4173-8249-6c4ff56c562c(localhost/null) to 127.0.0.1
2025-07-15 19:44:34,048 [main] INFO  ozone.HddsDatanodeService (HddsDatanodeService.java:start(236)) - HddsDatanodeService 262265f8-b6b0-4173-8249-6c4ff56c562c(localhost/127.0.0.1)
2025-07-15 19:44:34,048 [99cb6aa4-ab14-4525-b571-11fa40308ff9-EndpointStateMachineTaskThread-/0.0.0.0:15002-0 ] INFO  utils.DatanodeStoreCache (DatanodeStoreCache.java:addDB(70)) - Added db /home/runner/work/ozone/ozone/hadoop-ozone/integration-test/target/test-dir/MiniOzoneClusterImpl-7a2c00ee-15e1-4921-aa6b-526c14ec89d8/ozone-meta/datanode-4/data-0/hdds/7a2c00ee-15e1-4921-aa6b-526c14ec89d8/DS-372f387d-b4d0-4ec5-9bf4-d46631d0985a/container.db to cache
2025-07-15 19:44:34,048 [99cb6aa4-ab14-4525-b571-11fa40308ff9-EndpointStateMachineTaskThread-/0.0.0.0:15002-0 ] INFO  volume.HddsVolume (HddsVolume.java:createDbStore(575)) - SchemaV3 db is created and loaded at /home/runner/work/ozone/ozone/hadoop-ozone/integration-test/target/test-dir/MiniOzoneClusterImpl-7a2c00ee-15e1-4921-aa6b-526c14ec89d8/ozone-meta/datanode-4/data-0/hdds/7a2c00ee-15e1-4921-aa6b-526c14ec89d8/DS-372f387d-b4d0-4ec5-9bf4-d46631d0985a/container.db for volume DS-372f387d-b4d0-4ec5-9bf4-d46631d0985a
2025-07-15 19:44:34,051 [99cb6aa4-ab14-4525-b571-11fa40308ff9-ContainerReader-0] INFO  ozoneimpl.ContainerReader (ContainerReader.java:readVolume(144)) - Start to verify containers on volume /home/runner/work/ozone/ozone/hadoop-ozone/integration-test/target/test-dir/MiniOzoneClusterImpl-7a2c00ee-15e1-4921-aa6b-526c14ec89d8/ozone-meta/datanode-4/data-0/hdds
2025-07-15 19:44:34,051 [99cb6aa4-ab14-4525-b571-11fa40308ff9-ContainerReader-0] INFO  ozoneimpl.ContainerReader (ContainerReader.java:readVolume(174)) - Finish verifying containers on volume /home/runner/work/ozone/ozone/hadoop-ozone/integration-test/target/test-dir/MiniOzoneClusterImpl-7a2c00ee-15e1-4921-aa6b-526c14ec89d8/ozone-meta/datanode-4/data-0/hdds
2025-07-15 19:44:34,051 [main] INFO  upgrade.AbstractLayoutVersionManager (AbstractLayoutVersionManager.java:init(80)) - Initializing Layout version manager with metadata layout = HBASE_SUPPORT (version = 8), software layout = HBASE_SUPPORT (version = 8)
2025-07-15 19:44:34,052 [99cb6aa4-ab14-4525-b571-11fa40308ff9-EndpointStateMachineTaskThread-/0.0.0.0:15002-0 ] INFO  ozoneimpl.OzoneContainer (OzoneContainer.java:buildContainerSet(370)) - Build ContainerSet costs 0s
2025-07-15 19:44:34,052 [99cb6aa4-ab14-4525-b571-11fa40308ff9-EndpointStateMachineTaskThread-/0.0.0.0:15002-0 ] INFO  volume.ThrottledAsyncChecker (ThrottledAsyncChecker.java:schedule(138)) - Scheduling a check for /home/runner/work/ozone/ozone/hadoop-ozone/integration-test/target/test-dir/MiniOzoneClusterImpl-7a2c00ee-15e1-4921-aa6b-526c14ec89d8/ozone-meta/datanode-4/data-0/hdds
2025-07-15 19:44:34,052 [main] INFO  statemachine.DatanodeStateMachine (DatanodeStateMachine.java:getEndPointTaskThreadPoolSize(305)) - Datanode State Machine Task Thread Pool size 2
2025-07-15 19:44:34,054 [99cb6aa4-ab14-4525-b571-11fa40308ff9-EndpointStateMachineTaskThread-/0.0.0.0:15002-0 ] INFO  volume.StorageVolumeChecker (StorageVolumeChecker.java:checkAllVolumes(215)) - Scheduled health check for volume /home/runner/work/ozone/ozone/hadoop-ozone/integration-test/target/test-dir/MiniOzoneClusterImpl-7a2c00ee-15e1-4921-aa6b-526c14ec89d8/ozone-meta/datanode-4/data-0/hdds
2025-07-15 19:44:34,056 [main] INFO  volume.HddsVolume (HddsVolume.java:<init>(162)) - HddsVolume: { id=DS-5f9c668b-39ca-4abf-a1b4-0ab04c55b216 dir=/home/runner/work/ozone/ozone/hadoop-ozone/integration-test/target/test-dir/MiniOzoneClusterImpl-7a2c00ee-15e1-4921-aa6b-526c14ec89d8/ozone-meta/datanode-7/data-0/hdds type=DISK capacity=9222449699674390527 used=0 available=9222449699674390527 minFree=9222450130714624 committed=0 }
2025-07-15 19:44:34,056 [main] INFO  volume.MutableVolumeSet (MutableVolumeSet.java:initializeVolumeSet(167)) - Added Volume : /home/runner/work/ozone/ozone/hadoop-ozone/integration-test/target/test-dir/MiniOzoneClusterImpl-7a2c00ee-15e1-4921-aa6b-526c14ec89d8/ozone-meta/datanode-7/data-0/hdds to VolumeSet
2025-07-15 19:44:34,057 [main] INFO  volume.MutableVolumeSet (MutableVolumeSet.java:initializeVolumeSet(167)) - Added Volume : /home/runner/work/ozone/ozone/hadoop-ozone/integration-test/target/test-dir/MiniOzoneClusterImpl-7a2c00ee-15e1-4921-aa6b-526c14ec89d8/ozone-meta/datanode-7/ratis to VolumeSet
2025-07-15 19:44:34,058 [main] INFO  ozoneimpl.OzoneContainer (HddsVolumeUtil.java:loadAllHddsVolumeDbStore(102)) - Load 1 volumes DbStore cost: 0ms
2025-07-15 19:44:34,059 [main] WARN  db.DBStoreBuilder (DBStoreBuilder.java:getDBDirPath(158)) - ozone.scm.datanode.id.dir is not configured. We recommend adding this setting. Falling back to ozone.metadata.dirs instead.
2025-07-15 19:44:34,060 [main] WARN  db.DBStoreBuilder (DBStoreBuilder.java:getDBDirPath(158)) - ozone.scm.datanode.id.dir is not configured. We recommend adding this setting. Falling back to ozone.metadata.dirs instead.
2025-07-15 19:44:34,062 [99cb6aa4-ab14-4525-b571-11fa40308ff9-EndpointStateMachineTaskThread-/0.0.0.0:15002-0 ] INFO  volume.ThrottledAsyncChecker (ThrottledAsyncChecker.java:schedule(138)) - Scheduling a check for /home/runner/work/ozone/ozone/hadoop-ozone/integration-test/target/test-dir/MiniOzoneClusterImpl-7a2c00ee-15e1-4921-aa6b-526c14ec89d8/ozone-meta/datanode-4/ratis
2025-07-15 19:44:34,062 [99cb6aa4-ab14-4525-b571-11fa40308ff9-EndpointStateMachineTaskThread-/0.0.0.0:15002-0 ] INFO  volume.StorageVolumeChecker (StorageVolumeChecker.java:checkAllVolumes(215)) - Scheduled health check for volume /home/runner/work/ozone/ozone/hadoop-ozone/integration-test/target/test-dir/MiniOzoneClusterImpl-7a2c00ee-15e1-4921-aa6b-526c14ec89d8/ozone-meta/datanode-4/ratis
2025-07-15 19:44:34,067 [99cb6aa4-ab14-4525-b571-11fa40308ff9-EndpointStateMachineTaskThread-/0.0.0.0:15002-0 ] INFO  ozoneimpl.OzoneContainer (OzoneContainer.java:start(520)) - Attempting to start container services.
2025-07-15 19:44:34,067 [ContainerMetadataScanner] INFO  ozoneimpl.AbstractBackgroundContainerScanner (AbstractBackgroundContainerScanner.java:runIteration(89)) - Completed an iteration in 0 minutes. Number of iterations (since the data-node restart) : 1, Number of containers scanned in this iteration : 0, Number of unhealthy containers found in this iteration : 0
2025-07-15 19:44:34,068 [ContainerDataScanner(/home/runner/work/ozone/ozone/hadoop-ozone/integration-test/target/test-dir/MiniOzoneClusterImpl-7a2c00ee-15e1-4921-aa6b-526c14ec89d8/ozone-meta/datanode-4/data-0/hdds)] INFO  ozoneimpl.AbstractBackgroundContainerScanner (AbstractBackgroundContainerScanner.java:runIteration(89)) - Completed an iteration in 0 minutes. Number of iterations (since the data-node restart) : 1, Number of containers scanned in this iteration : 0, Number of unhealthy containers found in this iteration : 0
2025-07-15 19:44:34,069 [99cb6aa4-ab14-4525-b571-11fa40308ff9-EndpointStateMachineTaskThread-/0.0.0.0:15002-0 ] INFO  replication.ReplicationServer (ReplicationServer.java:start(137)) - ReplicationServer is started using port 15041
2025-07-15 19:44:34,069 [99cb6aa4-ab14-4525-b571-11fa40308ff9-EndpointStateMachineTaskThread-/0.0.0.0:15002-0 ] INFO  ratis.XceiverServerRatis (XceiverServerRatis.java:start(559)) - Starting XceiverServerRatis(99cb6aa4-ab14-4525-b571-11fa40308ff9)
2025-07-15 19:44:34,070 [99cb6aa4-ab14-4525-b571-11fa40308ff9-EndpointStateMachineTaskThread-/0.0.0.0:15002-0 ] INFO  server.RaftServer (RaftServerProxy.java:startImpl(412)) - 99cb6aa4-ab14-4525-b571-11fa40308ff9: start RPC server
2025-07-15 19:44:34,070 [99cb6aa4-ab14-4525-b571-11fa40308ff9-EndpointStateMachineTaskThread-/0.0.0.0:15002-0 ] INFO  server.GrpcServicesImpl (GrpcServicesImpl.java:startImpl(346)) - 99cb6aa4-ab14-4525-b571-11fa40308ff9: GrpcServicesImpl started, listening on 15037
2025-07-15 19:44:34,070 [99cb6aa4-ab14-4525-b571-11fa40308ff9-EndpointStateMachineTaskThread-/0.0.0.0:15002-0 ] INFO  server.GrpcServicesImpl (GrpcServicesImpl.java:startImpl(346)) - 99cb6aa4-ab14-4525-b571-11fa40308ff9: GrpcServicesImpl started, listening on 15039
2025-07-15 19:44:34,071 [99cb6aa4-ab14-4525-b571-11fa40308ff9-EndpointStateMachineTaskThread-/0.0.0.0:15002-0 ] INFO  server.GrpcServicesImpl (GrpcServicesImpl.java:startImpl(346)) - 99cb6aa4-ab14-4525-b571-11fa40308ff9: GrpcServicesImpl started, listening on 15038
2025-07-15 19:44:34,071 [99cb6aa4-ab14-4525-b571-11fa40308ff9-EndpointStateMachineTaskThread-/0.0.0.0:15002-0 ] INFO  ratis.XceiverServerRatis (XceiverServerRatis.java:getRealPort(586)) - XceiverServerRatis(99cb6aa4-ab14-4525-b571-11fa40308ff9) is started using port RATIS=15037
2025-07-15 19:44:34,071 [99cb6aa4-ab14-4525-b571-11fa40308ff9-EndpointStateMachineTaskThread-/0.0.0.0:15002-0 ] INFO  ratis.XceiverServerRatis (XceiverServerRatis.java:getRealPort(586)) - XceiverServerRatis(99cb6aa4-ab14-4525-b571-11fa40308ff9) is started using port RATIS_ADMIN=15038
2025-07-15 19:44:34,071 [99cb6aa4-ab14-4525-b571-11fa40308ff9-EndpointStateMachineTaskThread-/0.0.0.0:15002-0 ] INFO  ratis.XceiverServerRatis (XceiverServerRatis.java:getRealPort(586)) - XceiverServerRatis(99cb6aa4-ab14-4525-b571-11fa40308ff9) is started using port RATIS_SERVER=15039
2025-07-15 19:44:34,071 [99cb6aa4-ab14-4525-b571-11fa40308ff9-EndpointStateMachineTaskThread-/0.0.0.0:15002-0 ] INFO  ratis.XceiverServerRatis (XceiverServerRatis.java:getRealPort(586)) - XceiverServerRatis(99cb6aa4-ab14-4525-b571-11fa40308ff9) is started using port RATIS_DATASTREAM=15040
2025-07-15 19:44:34,071 [JvmPauseMonitor6] INFO  util.JvmPauseMonitor (JvmPauseMonitor.java:run(146)) - JvmPauseMonitor-99cb6aa4-ab14-4525-b571-11fa40308ff9: Started
2025-07-15 19:44:34,072 [99cb6aa4-ab14-4525-b571-11fa40308ff9-EndpointStateMachineTaskThread-/0.0.0.0:15002-0 ] INFO  utils.BackgroundService (BackgroundService.java:start(118)) - Starting service BlockDeletingService with interval 60000 milliseconds
2025-07-15 19:44:34,073 [99cb6aa4-ab14-4525-b571-11fa40308ff9-EndpointStateMachineTaskThread-/0.0.0.0:15002-0 ] INFO  utils.BackgroundService (BackgroundService.java:start(118)) - Starting service StaleRecoveringContainerScrubbingService with interval 60000 milliseconds
2025-07-15 19:44:34,081 [main] INFO  impl.FilePerChunkStrategy (FilePerChunkStrategy.java:<init>(79)) - ozone.chunk.read.mapped.buffer.max.count is load with 0
2025-07-15 19:44:34,081 [main] INFO  impl.FilePerBlockStrategy (FilePerBlockStrategy.java:<init>(88)) - ozone.chunk.read.mapped.buffer.max.count is load with 0
2025-07-15 19:44:34,082 [main] INFO  server.RaftServerConfigKeys (ConfUtils.java:logGet(62)) - raft.server.log.appender.buffer.byte-limit = 33554432 (custom)
2025-07-15 19:44:34,084 [main] INFO  grpc.GrpcConfigKeys (ConfUtils.java:logFallback(69)) - raft.grpc.admin.host = null (fallback to raft.grpc.server.host)
2025-07-15 19:44:34,084 [main] INFO  grpc.GrpcConfigKeys (ConfUtils.java:logGet(62)) - raft.grpc.admin.port = 15062 (custom)
2025-07-15 19:44:34,084 [main] INFO  grpc.GrpcConfigKeys (ConfUtils.java:logFallback(69)) - raft.grpc.client.host = null (fallback to raft.grpc.server.host)
2025-07-15 19:44:34,084 [main] INFO  grpc.GrpcConfigKeys (ConfUtils.java:logGet(62)) - raft.grpc.client.port = 15061 (custom)
2025-07-15 19:44:34,084 [main] INFO  grpc.GrpcConfigKeys (ConfUtils.java:logGet(62)) - raft.grpc.server.port = 15063 (custom)
2025-07-15 19:44:34,084 [main] INFO  server.GrpcServicesImpl (ConfUtils.java:logGet(62)) - raft.grpc.message.size.max = 34603008 (custom)
2025-07-15 19:44:34,085 [main] INFO  server.GrpcServicesImpl (ConfUtils.java:logGet(62)) - raft.grpc.flow.control.window = 5MB (=5242880) (custom)
2025-07-15 19:44:34,085 [main] INFO  server.RaftServerConfigKeys (ConfUtils.java:logGet(62)) - raft.server.log.appender.buffer.byte-limit = 33554432 (custom)
2025-07-15 19:44:34,086 [main] INFO  netty.NettyUtils (NettyUtils.java:newEventLoopGroup(74)) - Create EpollEventLoopGroup for 262265f8-b6b0-4173-8249-6c4ff56c562c-NettyServerStreamRpc-bossGroup; Thread size is 0.
2025-07-15 19:44:34,087 [main] INFO  netty.NettyUtils (NettyUtils.java:newEventLoopGroup(74)) - Create EpollEventLoopGroup for 262265f8-b6b0-4173-8249-6c4ff56c562c-NettyServerStreamRpc-workerGroup; Thread size is 0.
2025-07-15 19:44:34,088 [main] INFO  netty.NettyConfigKeys$DataStream (ConfUtils.java:logGet(62)) - raft.netty.dataStream.port = 15064 (custom)
2025-07-15 19:44:34,088 [main] INFO  server.RaftServerConfigKeys (ConfUtils.java:logGet(62)) - raft.server.storage.dir = [/home/runner/work/ozone/ozone/hadoop-ozone/integration-test/target/test-dir/MiniOzoneClusterImpl-7a2c00ee-15e1-4921-aa6b-526c14ec89d8/ozone-meta/datanode-7/ratis] (custom)
2025-07-15 19:44:34,088 [262265f8-b6b0-4173-8249-6c4ff56c562c-NettyServerStreamRpc-bossGroup--thread1] INFO  logging.LoggingHandler (AbstractInternalLogger.java:log(148)) - [id: 0xa21f8e68] REGISTERED
2025-07-15 19:44:34,089 [262265f8-b6b0-4173-8249-6c4ff56c562c-NettyServerStreamRpc-bossGroup--thread1] INFO  logging.LoggingHandler (AbstractInternalLogger.java:log(148)) - [id: 0xa21f8e68] BIND: 0.0.0.0/0.0.0.0:15064
2025-07-15 19:44:34,089 [262265f8-b6b0-4173-8249-6c4ff56c562c-NettyServerStreamRpc-bossGroup--thread1] INFO  logging.LoggingHandler (AbstractInternalLogger.java:log(148)) - [id: 0xa21f8e68, L:/0.0.0.0:15064] ACTIVE
2025-07-15 19:44:34,089 [262265f8-b6b0-4173-8249-6c4ff56c562c-impl-thread1] INFO  server.RaftServer (RaftServerProxy.java:initGroupDir(270)) - 262265f8-b6b0-4173-8249-6c4ff56c562c: found a subdirectory /home/runner/work/ozone/ozone/hadoop-ozone/integration-test/target/test-dir/MiniOzoneClusterImpl-7a2c00ee-15e1-4921-aa6b-526c14ec89d8/ozone-meta/datanode-7/ratis/tmp
2025-07-15 19:44:34,089 [262265f8-b6b0-4173-8249-6c4ff56c562c-impl-thread1] INFO  server.RaftServer (RaftServerProxy.java:initGroupDir(275)) - 262265f8-b6b0-4173-8249-6c4ff56c562c: The directory /home/runner/work/ozone/ozone/hadoop-ozone/integration-test/target/test-dir/MiniOzoneClusterImpl-7a2c00ee-15e1-4921-aa6b-526c14ec89d8/ozone-meta/datanode-7/ratis/tmp is not a group directory; ignoring it. 
2025-07-15 19:44:34,089 [main] INFO  replication.ReplicationServer (ReplicationServer.java:<init>(84)) - Initializing replication server with thread count = 10 queue length = 4096
2025-07-15 19:44:34,090 [main] INFO  server.XceiverServerGrpc (XceiverServerGrpc.java:<init>(130)) - GrpcServer channel type EpollServerSocketChannel
2025-07-15 19:44:34,097 [main] INFO  replication.ReplicationSupervisor (ReplicationSupervisor.java:build(169)) - Initializing replication supervisor with thread count = 10
2025-07-15 19:44:34,097 [main] INFO  replication.ReplicationSupervisor (ReplicationSupervisor.java:nodeStateUpdated(358)) - Node state updated to IN_SERVICE, scaling executor pool size to 10
2025-07-15 19:44:34,100 [main] INFO  http.BaseHttpServer (BaseHttpServer.java:newHttpServer2BuilderForOzone(229)) - Starting Web-server for hddsDatanode at: http://0.0.0.0:15058
2025-07-15 19:44:34,100 [main] INFO  http.BaseHttpServer (BaseHttpServer.java:<init>(107)) - Hadoop Security Enabled: false Ozone Security Enabled: false Ozone HTTP Security Enabled: false 
2025-07-15 19:44:34,102 [main] WARN  server.AuthenticationFilter (AuthenticationFilter.java:constructSecretProvider(240)) - Unable to initialize FileSignerSecretProvider, falling back to use random secrets. Reason: Could not read signature secret file: /home/runner/hadoop-http-auth-signature-secret
2025-07-15 19:44:34,104 [main] INFO  http.HttpServer2 (HttpServer2.java:addGlobalFilter(1042)) - Added global filter 'safety' (class=org.apache.hadoop.hdds.server.http.HttpServer2$QuotingInputFilter)
2025-07-15 19:44:34,106 [main] INFO  http.HttpServer2 (HttpServer2.java:addFilter(1018)) - Added filter static_user_filter (class=org.apache.hadoop.http.lib.StaticUserWebFilter$StaticUserFilter) to context hddsDatanode
2025-07-15 19:44:34,106 [main] INFO  http.HttpServer2 (HttpServer2.java:addFilter(1026)) - Added filter static_user_filter (class=org.apache.hadoop.http.lib.StaticUserWebFilter$StaticUserFilter) to context static
2025-07-15 19:44:34,106 [main] INFO  http.HttpServer2 (HttpServer2.java:addFilter(1026)) - Added filter static_user_filter (class=org.apache.hadoop.http.lib.StaticUserWebFilter$StaticUserFilter) to context logs
2025-07-15 19:44:34,106 [main] INFO  http.BaseHttpServer (BaseHttpServer.java:<init>(195)) - HTTP server of hddsDatanode uses base directory /home/runner/work/ozone/ozone/hadoop-ozone/integration-test/target/test-dir/MiniOzoneClusterImpl-7a2c00ee-15e1-4921-aa6b-526c14ec89d8/ozone-meta/datanode-7/meta/webserver
2025-07-15 19:44:34,107 [main] INFO  http.HttpServer2 (HttpServer2.java:bindListener(1242)) - Jetty bound to port 15058
2025-07-15 19:44:34,107 [main] INFO  server.Server (Server.java:doStart(375)) - jetty-9.4.57.v20241219; built: 2025-01-08T21:24:30.412Z; git: df524e6b29271c2e09ba9aea83c18dc9db464a31; jvm 21.0.7+6-LTS
2025-07-15 19:44:34,108 [main] INFO  server.session (DefaultSessionIdManager.java:doStart(334)) - DefaultSessionIdManager workerName=node0
2025-07-15 19:44:34,108 [main] INFO  server.session (DefaultSessionIdManager.java:doStart(339)) - No SessionScavenger set, using defaults
2025-07-15 19:44:34,108 [main] INFO  server.session (HouseKeeper.java:startScavenging(132)) - node0 Scavenging every 660000ms
2025-07-15 19:44:34,109 [main] INFO  handler.ContextHandler (ContextHandler.java:doStart(921)) - Started o.e.j.s.ServletContextHandler@22be4867{logs,/logs,file:///home/runner/work/ozone/ozone/hadoop-ozone/integration-test/target/log,AVAILABLE}
2025-07-15 19:44:34,109 [main] INFO  handler.ContextHandler (ContextHandler.java:doStart(921)) - Started o.e.j.s.ServletContextHandler@67c09530{static,/static,jar:file:/home/runner/work/ozone/ozone/hadoop-hdds/container-service/target/hdds-container-service-2.1.0-SNAPSHOT.jar!/webapps/static,AVAILABLE}
2025-07-15 19:44:34,209 [IPC Server handler 3 on default port 15002] INFO  net.NetworkTopologyImpl (NetworkTopologyImpl.java:add(133)) - Added a new node: /default-rack/5109dbd0-88b3-4954-9428-6522438831f5
2025-07-15 19:44:34,209 [IPC Server handler 3 on default port 15002] INFO  node.SCMNodeManager (SCMNodeManager.java:register(423)) - Registered datanode: 5109dbd0-88b3-4954-9428-6522438831f5{ip: 127.0.0.1, host: localhost, ports: [HTTP=15026, CLIENT_RPC=15027, REPLICATION=15033, RATIS=15029, RATIS_ADMIN=15030, RATIS_SERVER=15031, RATIS_DATASTREAM=15032, STANDALONE=15028], networkLocation: /default-rack, certSerialId: null, persistedOpState: null, persistedOpStateExpiryEpochSec: 0}
2025-07-15 19:44:34,209 [EventQueue-NewNodeForNewNodeHandler] INFO  pipeline.BackgroundPipelineCreator (BackgroundPipelineCreator.java:notifyEventTriggered(290)) - trigger a one-shot run on RatisPipelineUtilsThread.
2025-07-15 19:44:34,209 [EventQueue-NodeRegistrationContainerReportForDataNodeSafeModeRule] INFO  safemode.SCMSafeModeManager (DataNodeSafeModeRule.java:process(80)) - SCM in safe mode. 3 DataNodes registered, 3 required.
2025-07-15 19:44:34,209 [EventQueue-NodeRegistrationContainerReportForDataNodeSafeModeRule] INFO  safemode.SCMSafeModeManager (SCMSafeModeManager.java:validateSafeModeExitRules(138)) - DataNodeSafeModeRule rule is successfully validated
2025-07-15 19:44:34,209 [EventQueue-NodeRegistrationContainerReportForDataNodeSafeModeRule] INFO  safemode.SCMSafeModeManager (SCMSafeModeManager.java:validateSafeModeExitRules(151)) - All SCM safe mode pre check rules have passed
2025-07-15 19:44:34,209 [EventQueue-NodeRegistrationContainerReportForDataNodeSafeModeRule] INFO  ha.SCMContext (SCMContext.java:updateSafeModeStatus(224)) - Update SafeModeStatus from SafeModeStatus{safeModeStatus=true, preCheckPassed=false} to SafeModeStatus{safeModeStatus=true, preCheckPassed=true}.
2025-07-15 19:44:34,210 [EventQueue-NodeRegistrationContainerReportForDataNodeSafeModeRule] INFO  pipeline.BackgroundPipelineCreator (BackgroundPipelineCreator.java:notifyEventTriggered(290)) - trigger a one-shot run on RatisPipelineUtilsThread.
2025-07-15 19:44:34,210 [EventQueue-ContainerRegistrationReportForECContainerSafeModeRule] INFO  safemode.SCMSafeModeManager (SCMSafeModeManager.java:validateSafeModeExitRules(138)) - ECContainerSafeModeRule rule is successfully validated
2025-07-15 19:44:34,210 [RatisPipelineUtilsThread-0] INFO  pipeline.RatisPipelineProvider (RatisPipelineProvider.java:lambda$create$0(208)) - Sending CreatePipelineCommand for pipeline:Pipeline-e1e3f51c-eee6-43c8-a25e-6e557299ae72 to datanode:5109dbd0-88b3-4954-9428-6522438831f5(localhost/127.0.0.1)
2025-07-15 19:44:34,211 [EventQueue-PipelineReportForOneReplicaPipelineSafeModeRule] INFO  safemode.SCMSafeModeManager (SCMSafeModeManager.java:validateSafeModeExitRules(138)) - AtleastOneDatanodeReportedRule rule is successfully validated
2025-07-15 19:44:34,211 [EventQueue-ContainerRegistrationReportForRatisContainerSafeModeRule] INFO  safemode.SCMSafeModeManager (SCMSafeModeManager.java:validateSafeModeExitRules(138)) - RatisContainerSafeModeRule rule is successfully validated
2025-07-15 19:44:34,213 [5b76e34f-336a-4d5f-b46b-52fa87015b9f@group-526C14EC89D8-StateMachineUpdater] INFO  safemode.SCMSafeModeManager (SCMSafeModeManager.java:validateSafeModeExitRules(138)) - DataNodeSafeModeRule rule is successfully validated
2025-07-15 19:44:34,214 [5b76e34f-336a-4d5f-b46b-52fa87015b9f@group-526C14EC89D8-StateMachineUpdater] INFO  safemode.SCMSafeModeManager (SCMSafeModeManager.java:validateSafeModeExitRules(138)) - RatisContainerSafeModeRule rule is successfully validated
2025-07-15 19:44:34,214 [5b76e34f-336a-4d5f-b46b-52fa87015b9f@group-526C14EC89D8-StateMachineUpdater] INFO  safemode.HealthyPipelineSafeModeRule (HealthyPipelineSafeModeRule.java:initializeRule(228)) - Refreshed total pipeline count is 0, healthy pipeline threshold count is 1
2025-07-15 19:44:34,214 [5b76e34f-336a-4d5f-b46b-52fa87015b9f@group-526C14EC89D8-StateMachineUpdater] INFO  safemode.SCMSafeModeManager (SCMSafeModeManager.java:validateSafeModeExitRules(138)) - ECContainerSafeModeRule rule is successfully validated
2025-07-15 19:44:34,214 [5b76e34f-336a-4d5f-b46b-52fa87015b9f@group-526C14EC89D8-StateMachineUpdater] INFO  safemode.SCMSafeModeManager (SCMSafeModeManager.java:validateSafeModeExitRules(138)) - AtleastOneDatanodeReportedRule rule is successfully validated
2025-07-15 19:44:34,214 [RatisPipelineUtilsThread-0] INFO  pipeline.BackgroundPipelineCreator (BackgroundPipelineCreator.java:createPipelines(246)) - Created new pipeline Pipeline{ Id: e1e3f51c-eee6-43c8-a25e-6e557299ae72, Nodes: [ {5109dbd0-88b3-4954-9428-6522438831f5(localhost/127.0.0.1), ReplicaIndex: 0},], ReplicationConfig: RATIS/ONE, State:ALLOCATED, leaderId:, CreationTimestamp2025-07-15T19:44:34.210788251Z[Etc/UTC]}
2025-07-15 19:44:34,217 [RatisPipelineUtilsThread-0] INFO  pipeline.RatisPipelineProvider (RatisPipelineProvider.java:lambda$create$0(208)) - Sending CreatePipelineCommand for pipeline:Pipeline-99512eb3-7304-45c7-bdfb-ef23c56be139 to datanode:5109dbd0-88b3-4954-9428-6522438831f5(localhost/127.0.0.1)
2025-07-15 19:44:34,218 [RatisPipelineUtilsThread-0] INFO  pipeline.RatisPipelineProvider (RatisPipelineProvider.java:lambda$create$0(208)) - Sending CreatePipelineCommand for pipeline:Pipeline-99512eb3-7304-45c7-bdfb-ef23c56be139 to datanode:e96bea54-5ec2-4bc1-91ca-a280b757147d(localhost/127.0.0.1)
2025-07-15 19:44:34,218 [RatisPipelineUtilsThread-0] INFO  pipeline.RatisPipelineProvider (RatisPipelineProvider.java:lambda$create$0(208)) - Sending CreatePipelineCommand for pipeline:Pipeline-99512eb3-7304-45c7-bdfb-ef23c56be139 to datanode:cd936fa6-15d5-4ef8-867a-01454d889292(localhost/127.0.0.1)
2025-07-15 19:44:34,221 [5b76e34f-336a-4d5f-b46b-52fa87015b9f@group-526C14EC89D8-StateMachineUpdater] INFO  safemode.SCMSafeModeManager (SCMSafeModeManager.java:validateSafeModeExitRules(138)) - DataNodeSafeModeRule rule is successfully validated
2025-07-15 19:44:34,221 [5b76e34f-336a-4d5f-b46b-52fa87015b9f@group-526C14EC89D8-StateMachineUpdater] INFO  safemode.SCMSafeModeManager (SCMSafeModeManager.java:validateSafeModeExitRules(138)) - RatisContainerSafeModeRule rule is successfully validated
2025-07-15 19:44:34,221 [5b76e34f-336a-4d5f-b46b-52fa87015b9f@group-526C14EC89D8-StateMachineUpdater] INFO  safemode.HealthyPipelineSafeModeRule (HealthyPipelineSafeModeRule.java:initializeRule(228)) - Refreshed total pipeline count is 0, healthy pipeline threshold count is 1
2025-07-15 19:44:34,221 [5b76e34f-336a-4d5f-b46b-52fa87015b9f@group-526C14EC89D8-StateMachineUpdater] INFO  safemode.SCMSafeModeManager (SCMSafeModeManager.java:validateSafeModeExitRules(138)) - ECContainerSafeModeRule rule is successfully validated
2025-07-15 19:44:34,221 [5b76e34f-336a-4d5f-b46b-52fa87015b9f@group-526C14EC89D8-StateMachineUpdater] INFO  safemode.SCMSafeModeManager (SCMSafeModeManager.java:validateSafeModeExitRules(138)) - AtleastOneDatanodeReportedRule rule is successfully validated
2025-07-15 19:44:34,222 [RatisPipelineUtilsThread-0] INFO  pipeline.BackgroundPipelineCreator (BackgroundPipelineCreator.java:createPipelines(246)) - Created new pipeline Pipeline{ Id: 99512eb3-7304-45c7-bdfb-ef23c56be139, Nodes: [ {5109dbd0-88b3-4954-9428-6522438831f5(localhost/127.0.0.1), ReplicaIndex: 0}, {e96bea54-5ec2-4bc1-91ca-a280b757147d(localhost/127.0.0.1), ReplicaIndex: 0}, {cd936fa6-15d5-4ef8-867a-01454d889292(localhost/127.0.0.1), ReplicaIndex: 0},], ReplicationConfig: RATIS/THREE, State:ALLOCATED, leaderId:, CreationTimestamp2025-07-15T19:44:34.217954711Z[Etc/UTC]}
2025-07-15 19:44:34,223 [RatisPipelineUtilsThread-0] INFO  pipeline.RatisPipelineProvider (RatisPipelineProvider.java:lambda$create$0(208)) - Sending CreatePipelineCommand for pipeline:Pipeline-8f3fb533-c6ad-481d-821b-2a5f69f5e925 to datanode:e96bea54-5ec2-4bc1-91ca-a280b757147d(localhost/127.0.0.1)
2025-07-15 19:44:34,223 [RatisPipelineUtilsThread-0] INFO  pipeline.RatisPipelineProvider (RatisPipelineProvider.java:lambda$create$0(208)) - Sending CreatePipelineCommand for pipeline:Pipeline-8f3fb533-c6ad-481d-821b-2a5f69f5e925 to datanode:cd936fa6-15d5-4ef8-867a-01454d889292(localhost/127.0.0.1)
2025-07-15 19:44:34,223 [RatisPipelineUtilsThread-0] INFO  pipeline.RatisPipelineProvider (RatisPipelineProvider.java:lambda$create$0(208)) - Sending CreatePipelineCommand for pipeline:Pipeline-8f3fb533-c6ad-481d-821b-2a5f69f5e925 to datanode:5109dbd0-88b3-4954-9428-6522438831f5(localhost/127.0.0.1)
2025-07-15 19:44:34,227 [5b76e34f-336a-4d5f-b46b-52fa87015b9f@group-526C14EC89D8-StateMachineUpdater] INFO  safemode.SCMSafeModeManager (SCMSafeModeManager.java:validateSafeModeExitRules(138)) - DataNodeSafeModeRule rule is successfully validated
2025-07-15 19:44:34,228 [5b76e34f-336a-4d5f-b46b-52fa87015b9f@group-526C14EC89D8-StateMachineUpdater] INFO  safemode.SCMSafeModeManager (SCMSafeModeManager.java:validateSafeModeExitRules(138)) - RatisContainerSafeModeRule rule is successfully validated
2025-07-15 19:44:34,228 [5b76e34f-336a-4d5f-b46b-52fa87015b9f@group-526C14EC89D8-StateMachineUpdater] INFO  safemode.HealthyPipelineSafeModeRule (HealthyPipelineSafeModeRule.java:initializeRule(228)) - Refreshed total pipeline count is 0, healthy pipeline threshold count is 1
2025-07-15 19:44:34,228 [5b76e34f-336a-4d5f-b46b-52fa87015b9f@group-526C14EC89D8-StateMachineUpdater] INFO  safemode.SCMSafeModeManager (SCMSafeModeManager.java:validateSafeModeExitRules(138)) - ECContainerSafeModeRule rule is successfully validated
2025-07-15 19:44:34,228 [5b76e34f-336a-4d5f-b46b-52fa87015b9f@group-526C14EC89D8-StateMachineUpdater] INFO  safemode.SCMSafeModeManager (SCMSafeModeManager.java:validateSafeModeExitRules(138)) - AtleastOneDatanodeReportedRule rule is successfully validated
2025-07-15 19:44:34,229 [RatisPipelineUtilsThread-0] INFO  pipeline.PipelineManagerImpl (PipelineManagerImpl.java:recordMetricsForPipeline(922)) - Pipeline-8f3fb533-c6ad-481d-821b-2a5f69f5e925 and Pipeline-99512eb3-7304-45c7-bdfb-ef23c56be139 have exactly the same set of datanodes: [e96bea54-5ec2-4bc1-91ca-a280b757147d(localhost/127.0.0.1), cd936fa6-15d5-4ef8-867a-01454d889292(localhost/127.0.0.1), 5109dbd0-88b3-4954-9428-6522438831f5(localhost/127.0.0.1)]
2025-07-15 19:44:34,229 [RatisPipelineUtilsThread-0] INFO  pipeline.BackgroundPipelineCreator (BackgroundPipelineCreator.java:createPipelines(246)) - Created new pipeline Pipeline{ Id: 8f3fb533-c6ad-481d-821b-2a5f69f5e925, Nodes: [ {e96bea54-5ec2-4bc1-91ca-a280b757147d(localhost/127.0.0.1), ReplicaIndex: 0}, {cd936fa6-15d5-4ef8-867a-01454d889292(localhost/127.0.0.1), ReplicaIndex: 0}, {5109dbd0-88b3-4954-9428-6522438831f5(localhost/127.0.0.1), ReplicaIndex: 0},], ReplicationConfig: RATIS/THREE, State:ALLOCATED, leaderId:, CreationTimestamp2025-07-15T19:44:34.223565911Z[Etc/UTC]}
2025-07-15 19:44:34,250 [EventQueue-PipelineReportForOneReplicaPipelineSafeModeRule] INFO  safemode.SCMSafeModeManager (SCMSafeModeManager.java:validateSafeModeExitRules(138)) - AtleastOneDatanodeReportedRule rule is successfully validated
2025-07-15 19:44:34,271 [main] INFO  handler.ContextHandler (ContextHandler.java:doStart(921)) - Started o.e.j.w.WebAppContext@17edcf4c{hddsDatanode,/,file:///home/runner/work/ozone/ozone/hadoop-ozone/integration-test/target/test-dir/MiniOzoneClusterImpl-7a2c00ee-15e1-4921-aa6b-526c14ec89d8/ozone-meta/datanode-7/meta/webserver/jetty-0_0_0_0-15058-hdds-container-service-2_1_0-SNAPSHOT_jar-_-any-16856192011971044696/webapp/,AVAILABLE}{jar:file:/home/runner/work/ozone/ozone/hadoop-hdds/container-service/target/hdds-container-service-2.1.0-SNAPSHOT.jar!/webapps/hddsDatanode}
2025-07-15 19:44:34,273 [main] INFO  server.AbstractConnector (AbstractConnector.java:doStart(333)) - Started ServerConnector@31e0f738{HTTP/1.1, (http/1.1)}{0.0.0.0:15058}
2025-07-15 19:44:34,273 [main] INFO  server.Server (Server.java:doStart(415)) - Started @12768ms
2025-07-15 19:44:34,273 [main] WARN  impl.MetricsSystemImpl (MetricsSystemImpl.java:register(279)) - Sink prometheus already exists!
2025-07-15 19:44:34,274 [main] INFO  http.BaseHttpServer (BaseHttpServer.java:updateConnectorAddress(359)) - HTTP server of hddsDatanode listening at http://localhost:15058
2025-07-15 19:44:34,274 [main] INFO  ipc.CallQueueManager (CallQueueManager.java:<init>(93)) - Using callQueue: class java.util.concurrent.LinkedBlockingQueue, queueCapacity: 1000, scheduler: class org.apache.hadoop.ipc.DefaultRpcScheduler, ipcBackoff: false, ipcFailOver: false.
2025-07-15 19:44:34,275 [main] INFO  ipc.Server (Server.java:<init>(1438)) - Listener at 0.0.0.0:15059
2025-07-15 19:44:34,276 [Socket Reader #1 for port 15059] INFO  ipc.Server (Server.java:run(1474)) - Starting Socket Reader #1 for port 15059
2025-07-15 19:44:34,277 [Socket Reader #3 for port 15059] INFO  ipc.Server (Server.java:run(1474)) - Starting Socket Reader #3 for port 15059
2025-07-15 19:44:34,278 [Socket Reader #2 for port 15059] INFO  ipc.Server (Server.java:run(1474)) - Starting Socket Reader #2 for port 15059
2025-07-15 19:44:34,278 [Socket Reader #4 for port 15059] INFO  ipc.Server (Server.java:run(1474)) - Starting Socket Reader #4 for port 15059
2025-07-15 19:44:34,279 [Socket Reader #5 for port 15059] INFO  ipc.Server (Server.java:run(1474)) - Starting Socket Reader #5 for port 15059
2025-07-15 19:44:34,280 [Socket Reader #7 for port 15059] INFO  ipc.Server (Server.java:run(1474)) - Starting Socket Reader #7 for port 15059
2025-07-15 19:44:34,280 [Socket Reader #8 for port 15059] INFO  ipc.Server (Server.java:run(1474)) - Starting Socket Reader #8 for port 15059
2025-07-15 19:44:34,281 [Socket Reader #9 for port 15059] INFO  ipc.Server (Server.java:run(1474)) - Starting Socket Reader #9 for port 15059
2025-07-15 19:44:34,281 [Socket Reader #10 for port 15059] INFO  ipc.Server (Server.java:run(1474)) - Starting Socket Reader #10 for port 15059
2025-07-15 19:44:34,282 [Socket Reader #6 for port 15059] INFO  ipc.Server (Server.java:run(1474)) - Starting Socket Reader #6 for port 15059
2025-07-15 19:44:34,284 [main] INFO  ozone.HddsDatanodeService (HddsDatanodeService.java:start(333)) - Datanode start with admins: [admin, runner]
2025-07-15 19:44:34,285 [main] INFO  ozone.HddsDatanodeClientProtocolServer (HddsDatanodeClientProtocolServer.java:start(76)) - RPC server for Client /0.0.0.0:15059
2025-07-15 19:44:34,286 [IPC Server Responder] INFO  ipc.Server (Server.java:run(1713)) - IPC Server Responder: starting
2025-07-15 19:44:34,287 [IPC Server listener on 15059] INFO  ipc.Server (Server.java:run(1553)) - IPC Server listener on 15059: starting
2025-07-15 19:44:34,289 [main] WARN  dropwizard3.Dm3MetricRegistriesImpl (Dm3MetricRegistriesImpl.java:addReporterRegistration(114)) - New reporters are added after registries were created. Some metrics will be missing from the reporter. Please add reporter before adding any new registry.
2025-07-15 19:44:34,289 [main] WARN  dropwizard3.Dm3MetricRegistriesImpl (Dm3MetricRegistriesImpl.java:addReporterRegistration(114)) - New reporters are added after registries were created. Some metrics will be missing from the reporter. Please add reporter before adding any new registry.
2025-07-15 19:44:34,289 [main] INFO  impl.MetricsSystemImpl (MetricsSystemImpl.java:init(158)) - HddsDatanode metrics system started (again)
2025-07-15 19:44:34,296 [262265f8-b6b0-4173-8249-6c4ff56c562c-DatanodeStateMachineDaemonThread] INFO  statemachine.DatanodeStateMachine (DatanodeStateMachine.java:startStateMachineThread(347)) - Ozone container server started.
2025-07-15 19:44:34,303 [262265f8-b6b0-4173-8249-6c4ff56c562c-DatanodeStateMachineTaskThread-0] INFO  datanode.InitDatanodeState (InitDatanodeState.java:persistContainerDatanodeDetails(139)) - DatanodeDetails is persisted to /home/runner/work/ozone/ozone/hadoop-ozone/integration-test/target/test-dir/MiniOzoneClusterImpl-7a2c00ee-15e1-4921-aa6b-526c14ec89d8/ozone-meta/datanode-7/meta/datanode.id
2025-07-15 19:44:34,314 [main] INFO  protocol.DatanodeDetails (DatanodeDetails.java:validateDatanodeIpAddress(199)) - Updating IP address of datanode 73892b45-0ad3-4392-8d09-ab2d1cd7ede4(localhost/null) to 127.0.0.1
2025-07-15 19:44:34,315 [main] INFO  ozone.HddsDatanodeService (HddsDatanodeService.java:start(236)) - HddsDatanodeService 73892b45-0ad3-4392-8d09-ab2d1cd7ede4(localhost/127.0.0.1)
2025-07-15 19:44:34,319 [main] INFO  upgrade.AbstractLayoutVersionManager (AbstractLayoutVersionManager.java:init(80)) - Initializing Layout version manager with metadata layout = HBASE_SUPPORT (version = 8), software layout = HBASE_SUPPORT (version = 8)
2025-07-15 19:44:34,320 [main] INFO  statemachine.DatanodeStateMachine (DatanodeStateMachine.java:getEndPointTaskThreadPoolSize(305)) - Datanode State Machine Task Thread Pool size 2
2025-07-15 19:44:34,328 [main] INFO  volume.HddsVolume (HddsVolume.java:<init>(162)) - HddsVolume: { id=DS-105a4888-da88-4539-912a-80c25eac1273 dir=/home/runner/work/ozone/ozone/hadoop-ozone/integration-test/target/test-dir/MiniOzoneClusterImpl-7a2c00ee-15e1-4921-aa6b-526c14ec89d8/ozone-meta/datanode-8/data-0/hdds type=DISK capacity=9222449699674390527 used=0 available=9222449699674390527 minFree=9222450130714624 committed=0 }
2025-07-15 19:44:34,328 [main] INFO  volume.MutableVolumeSet (MutableVolumeSet.java:initializeVolumeSet(167)) - Added Volume : /home/runner/work/ozone/ozone/hadoop-ozone/integration-test/target/test-dir/MiniOzoneClusterImpl-7a2c00ee-15e1-4921-aa6b-526c14ec89d8/ozone-meta/datanode-8/data-0/hdds to VolumeSet
2025-07-15 19:44:34,330 [main] INFO  volume.MutableVolumeSet (MutableVolumeSet.java:initializeVolumeSet(167)) - Added Volume : /home/runner/work/ozone/ozone/hadoop-ozone/integration-test/target/test-dir/MiniOzoneClusterImpl-7a2c00ee-15e1-4921-aa6b-526c14ec89d8/ozone-meta/datanode-8/ratis to VolumeSet
2025-07-15 19:44:34,331 [main] INFO  ozoneimpl.OzoneContainer (HddsVolumeUtil.java:loadAllHddsVolumeDbStore(102)) - Load 1 volumes DbStore cost: 0ms
2025-07-15 19:44:34,332 [main] WARN  db.DBStoreBuilder (DBStoreBuilder.java:getDBDirPath(158)) - ozone.scm.datanode.id.dir is not configured. We recommend adding this setting. Falling back to ozone.metadata.dirs instead.
2025-07-15 19:44:34,333 [main] WARN  db.DBStoreBuilder (DBStoreBuilder.java:getDBDirPath(158)) - ozone.scm.datanode.id.dir is not configured. We recommend adding this setting. Falling back to ozone.metadata.dirs instead.
2025-07-15 19:44:34,343 [faa2b429-16a2-49fa-ab42-514c70ac334b-EndpointStateMachineTaskThread-/0.0.0.0:15002-0 ] INFO  utils.DatanodeStoreCache (DatanodeStoreCache.java:addDB(70)) - Added db /home/runner/work/ozone/ozone/hadoop-ozone/integration-test/target/test-dir/MiniOzoneClusterImpl-7a2c00ee-15e1-4921-aa6b-526c14ec89d8/ozone-meta/datanode-5/data-0/hdds/7a2c00ee-15e1-4921-aa6b-526c14ec89d8/DS-02a136f5-1dbe-44f7-91dd-35afecff0ed5/container.db to cache
2025-07-15 19:44:34,343 [faa2b429-16a2-49fa-ab42-514c70ac334b-EndpointStateMachineTaskThread-/0.0.0.0:15002-0 ] INFO  volume.HddsVolume (HddsVolume.java:createDbStore(575)) - SchemaV3 db is created and loaded at /home/runner/work/ozone/ozone/hadoop-ozone/integration-test/target/test-dir/MiniOzoneClusterImpl-7a2c00ee-15e1-4921-aa6b-526c14ec89d8/ozone-meta/datanode-5/data-0/hdds/7a2c00ee-15e1-4921-aa6b-526c14ec89d8/DS-02a136f5-1dbe-44f7-91dd-35afecff0ed5/container.db for volume DS-02a136f5-1dbe-44f7-91dd-35afecff0ed5
2025-07-15 19:44:34,346 [faa2b429-16a2-49fa-ab42-514c70ac334b-ContainerReader-0] INFO  ozoneimpl.ContainerReader (ContainerReader.java:readVolume(144)) - Start to verify containers on volume /home/runner/work/ozone/ozone/hadoop-ozone/integration-test/target/test-dir/MiniOzoneClusterImpl-7a2c00ee-15e1-4921-aa6b-526c14ec89d8/ozone-meta/datanode-5/data-0/hdds
2025-07-15 19:44:34,346 [faa2b429-16a2-49fa-ab42-514c70ac334b-ContainerReader-0] INFO  ozoneimpl.ContainerReader (ContainerReader.java:readVolume(174)) - Finish verifying containers on volume /home/runner/work/ozone/ozone/hadoop-ozone/integration-test/target/test-dir/MiniOzoneClusterImpl-7a2c00ee-15e1-4921-aa6b-526c14ec89d8/ozone-meta/datanode-5/data-0/hdds
2025-07-15 19:44:34,347 [faa2b429-16a2-49fa-ab42-514c70ac334b-EndpointStateMachineTaskThread-/0.0.0.0:15002-0 ] INFO  ozoneimpl.OzoneContainer (OzoneContainer.java:buildContainerSet(370)) - Build ContainerSet costs 0s
2025-07-15 19:44:34,347 [faa2b429-16a2-49fa-ab42-514c70ac334b-EndpointStateMachineTaskThread-/0.0.0.0:15002-0 ] INFO  volume.ThrottledAsyncChecker (ThrottledAsyncChecker.java:schedule(138)) - Scheduling a check for /home/runner/work/ozone/ozone/hadoop-ozone/integration-test/target/test-dir/MiniOzoneClusterImpl-7a2c00ee-15e1-4921-aa6b-526c14ec89d8/ozone-meta/datanode-5/data-0/hdds
2025-07-15 19:44:34,347 [faa2b429-16a2-49fa-ab42-514c70ac334b-EndpointStateMachineTaskThread-/0.0.0.0:15002-0 ] INFO  volume.StorageVolumeChecker (StorageVolumeChecker.java:checkAllVolumes(215)) - Scheduled health check for volume /home/runner/work/ozone/ozone/hadoop-ozone/integration-test/target/test-dir/MiniOzoneClusterImpl-7a2c00ee-15e1-4921-aa6b-526c14ec89d8/ozone-meta/datanode-5/data-0/hdds
2025-07-15 19:44:34,350 [faa2b429-16a2-49fa-ab42-514c70ac334b-EndpointStateMachineTaskThread-/0.0.0.0:15002-0 ] INFO  volume.ThrottledAsyncChecker (ThrottledAsyncChecker.java:schedule(138)) - Scheduling a check for /home/runner/work/ozone/ozone/hadoop-ozone/integration-test/target/test-dir/MiniOzoneClusterImpl-7a2c00ee-15e1-4921-aa6b-526c14ec89d8/ozone-meta/datanode-5/ratis
2025-07-15 19:44:34,351 [faa2b429-16a2-49fa-ab42-514c70ac334b-EndpointStateMachineTaskThread-/0.0.0.0:15002-0 ] INFO  volume.StorageVolumeChecker (StorageVolumeChecker.java:checkAllVolumes(215)) - Scheduled health check for volume /home/runner/work/ozone/ozone/hadoop-ozone/integration-test/target/test-dir/MiniOzoneClusterImpl-7a2c00ee-15e1-4921-aa6b-526c14ec89d8/ozone-meta/datanode-5/ratis
2025-07-15 19:44:34,352 [faa2b429-16a2-49fa-ab42-514c70ac334b-EndpointStateMachineTaskThread-/0.0.0.0:15002-0 ] INFO  ozoneimpl.OzoneContainer (OzoneContainer.java:start(520)) - Attempting to start container services.
2025-07-15 19:44:34,353 [ContainerMetadataScanner] INFO  ozoneimpl.AbstractBackgroundContainerScanner (AbstractBackgroundContainerScanner.java:runIteration(89)) - Completed an iteration in 0 minutes. Number of iterations (since the data-node restart) : 1, Number of containers scanned in this iteration : 0, Number of unhealthy containers found in this iteration : 0
2025-07-15 19:44:34,353 [ContainerDataScanner(/home/runner/work/ozone/ozone/hadoop-ozone/integration-test/target/test-dir/MiniOzoneClusterImpl-7a2c00ee-15e1-4921-aa6b-526c14ec89d8/ozone-meta/datanode-5/data-0/hdds)] INFO  ozoneimpl.AbstractBackgroundContainerScanner (AbstractBackgroundContainerScanner.java:runIteration(89)) - Completed an iteration in 0 minutes. Number of iterations (since the data-node restart) : 1, Number of containers scanned in this iteration : 0, Number of unhealthy containers found in this iteration : 0
2025-07-15 19:44:34,354 [faa2b429-16a2-49fa-ab42-514c70ac334b-EndpointStateMachineTaskThread-/0.0.0.0:15002-0 ] INFO  replication.ReplicationServer (ReplicationServer.java:start(137)) - ReplicationServer is started using port 15049
2025-07-15 19:44:34,354 [main] INFO  impl.FilePerChunkStrategy (FilePerChunkStrategy.java:<init>(79)) - ozone.chunk.read.mapped.buffer.max.count is load with 0
2025-07-15 19:44:34,354 [main] INFO  impl.FilePerBlockStrategy (FilePerBlockStrategy.java:<init>(88)) - ozone.chunk.read.mapped.buffer.max.count is load with 0
2025-07-15 19:44:34,354 [faa2b429-16a2-49fa-ab42-514c70ac334b-EndpointStateMachineTaskThread-/0.0.0.0:15002-0 ] INFO  ratis.XceiverServerRatis (XceiverServerRatis.java:start(559)) - Starting XceiverServerRatis(faa2b429-16a2-49fa-ab42-514c70ac334b)
2025-07-15 19:44:34,355 [main] INFO  server.RaftServerConfigKeys (ConfUtils.java:logGet(62)) - raft.server.log.appender.buffer.byte-limit = 33554432 (custom)
2025-07-15 19:44:34,355 [faa2b429-16a2-49fa-ab42-514c70ac334b-EndpointStateMachineTaskThread-/0.0.0.0:15002-0 ] INFO  server.RaftServer (RaftServerProxy.java:startImpl(412)) - faa2b429-16a2-49fa-ab42-514c70ac334b: start RPC server
2025-07-15 19:44:34,356 [faa2b429-16a2-49fa-ab42-514c70ac334b-EndpointStateMachineTaskThread-/0.0.0.0:15002-0 ] INFO  server.GrpcServicesImpl (GrpcServicesImpl.java:startImpl(346)) - faa2b429-16a2-49fa-ab42-514c70ac334b: GrpcServicesImpl started, listening on 15045
2025-07-15 19:44:34,356 [faa2b429-16a2-49fa-ab42-514c70ac334b-EndpointStateMachineTaskThread-/0.0.0.0:15002-0 ] INFO  server.GrpcServicesImpl (GrpcServicesImpl.java:startImpl(346)) - faa2b429-16a2-49fa-ab42-514c70ac334b: GrpcServicesImpl started, listening on 15047
2025-07-15 19:44:34,356 [faa2b429-16a2-49fa-ab42-514c70ac334b-EndpointStateMachineTaskThread-/0.0.0.0:15002-0 ] INFO  server.GrpcServicesImpl (GrpcServicesImpl.java:startImpl(346)) - faa2b429-16a2-49fa-ab42-514c70ac334b: GrpcServicesImpl started, listening on 15046
2025-07-15 19:44:34,357 [faa2b429-16a2-49fa-ab42-514c70ac334b-EndpointStateMachineTaskThread-/0.0.0.0:15002-0 ] INFO  ratis.XceiverServerRatis (XceiverServerRatis.java:getRealPort(586)) - XceiverServerRatis(faa2b429-16a2-49fa-ab42-514c70ac334b) is started using port RATIS=15045
2025-07-15 19:44:34,357 [faa2b429-16a2-49fa-ab42-514c70ac334b-EndpointStateMachineTaskThread-/0.0.0.0:15002-0 ] INFO  ratis.XceiverServerRatis (XceiverServerRatis.java:getRealPort(586)) - XceiverServerRatis(faa2b429-16a2-49fa-ab42-514c70ac334b) is started using port RATIS_ADMIN=15046
2025-07-15 19:44:34,357 [faa2b429-16a2-49fa-ab42-514c70ac334b-EndpointStateMachineTaskThread-/0.0.0.0:15002-0 ] INFO  ratis.XceiverServerRatis (XceiverServerRatis.java:getRealPort(586)) - XceiverServerRatis(faa2b429-16a2-49fa-ab42-514c70ac334b) is started using port RATIS_SERVER=15047
2025-07-15 19:44:34,357 [faa2b429-16a2-49fa-ab42-514c70ac334b-EndpointStateMachineTaskThread-/0.0.0.0:15002-0 ] INFO  ratis.XceiverServerRatis (XceiverServerRatis.java:getRealPort(586)) - XceiverServerRatis(faa2b429-16a2-49fa-ab42-514c70ac334b) is started using port RATIS_DATASTREAM=15048
2025-07-15 19:44:34,357 [JvmPauseMonitor7] INFO  util.JvmPauseMonitor (JvmPauseMonitor.java:run(146)) - JvmPauseMonitor-faa2b429-16a2-49fa-ab42-514c70ac334b: Started
2025-07-15 19:44:34,358 [faa2b429-16a2-49fa-ab42-514c70ac334b-EndpointStateMachineTaskThread-/0.0.0.0:15002-0 ] INFO  utils.BackgroundService (BackgroundService.java:start(118)) - Starting service BlockDeletingService with interval 60000 milliseconds
2025-07-15 19:44:34,358 [faa2b429-16a2-49fa-ab42-514c70ac334b-EndpointStateMachineTaskThread-/0.0.0.0:15002-0 ] INFO  utils.BackgroundService (BackgroundService.java:start(118)) - Starting service StaleRecoveringContainerScrubbingService with interval 60000 milliseconds
2025-07-15 19:44:34,359 [main] INFO  grpc.GrpcConfigKeys (ConfUtils.java:logFallback(69)) - raft.grpc.admin.host = null (fallback to raft.grpc.server.host)
2025-07-15 19:44:34,359 [main] INFO  grpc.GrpcConfigKeys (ConfUtils.java:logGet(62)) - raft.grpc.admin.port = 15070 (custom)
2025-07-15 19:44:34,359 [main] INFO  grpc.GrpcConfigKeys (ConfUtils.java:logFallback(69)) - raft.grpc.client.host = null (fallback to raft.grpc.server.host)
2025-07-15 19:44:34,360 [main] INFO  grpc.GrpcConfigKeys (ConfUtils.java:logGet(62)) - raft.grpc.client.port = 15069 (custom)
2025-07-15 19:44:34,360 [main] INFO  grpc.GrpcConfigKeys (ConfUtils.java:logGet(62)) - raft.grpc.server.port = 15071 (custom)
2025-07-15 19:44:34,360 [main] INFO  server.GrpcServicesImpl (ConfUtils.java:logGet(62)) - raft.grpc.message.size.max = 34603008 (custom)
2025-07-15 19:44:34,360 [main] INFO  server.GrpcServicesImpl (ConfUtils.java:logGet(62)) - raft.grpc.flow.control.window = 5MB (=5242880) (custom)
2025-07-15 19:44:34,360 [main] INFO  server.RaftServerConfigKeys (ConfUtils.java:logGet(62)) - raft.server.log.appender.buffer.byte-limit = 33554432 (custom)
2025-07-15 19:44:34,362 [main] INFO  netty.NettyUtils (NettyUtils.java:newEventLoopGroup(74)) - Create EpollEventLoopGroup for 73892b45-0ad3-4392-8d09-ab2d1cd7ede4-NettyServerStreamRpc-bossGroup; Thread size is 0.
2025-07-15 19:44:34,364 [main] INFO  netty.NettyUtils (NettyUtils.java:newEventLoopGroup(74)) - Create EpollEventLoopGroup for 73892b45-0ad3-4392-8d09-ab2d1cd7ede4-NettyServerStreamRpc-workerGroup; Thread size is 0.
2025-07-15 19:44:34,364 [main] INFO  netty.NettyConfigKeys$DataStream (ConfUtils.java:logGet(62)) - raft.netty.dataStream.port = 15072 (custom)
2025-07-15 19:44:34,365 [main] INFO  server.RaftServerConfigKeys (ConfUtils.java:logGet(62)) - raft.server.storage.dir = [/home/runner/work/ozone/ozone/hadoop-ozone/integration-test/target/test-dir/MiniOzoneClusterImpl-7a2c00ee-15e1-4921-aa6b-526c14ec89d8/ozone-meta/datanode-8/ratis] (custom)
2025-07-15 19:44:34,365 [73892b45-0ad3-4392-8d09-ab2d1cd7ede4-NettyServerStreamRpc-bossGroup--thread1] INFO  logging.LoggingHandler (AbstractInternalLogger.java:log(148)) - [id: 0x824cc3b0] REGISTERED
2025-07-15 19:44:34,366 [73892b45-0ad3-4392-8d09-ab2d1cd7ede4-NettyServerStreamRpc-bossGroup--thread1] INFO  logging.LoggingHandler (AbstractInternalLogger.java:log(148)) - [id: 0x824cc3b0] BIND: 0.0.0.0/0.0.0.0:15072
2025-07-15 19:44:34,366 [73892b45-0ad3-4392-8d09-ab2d1cd7ede4-NettyServerStreamRpc-bossGroup--thread1] INFO  logging.LoggingHandler (AbstractInternalLogger.java:log(148)) - [id: 0x824cc3b0, L:/0.0.0.0:15072] ACTIVE
2025-07-15 19:44:34,366 [73892b45-0ad3-4392-8d09-ab2d1cd7ede4-impl-thread1] INFO  server.RaftServer (RaftServerProxy.java:initGroupDir(270)) - 73892b45-0ad3-4392-8d09-ab2d1cd7ede4: found a subdirectory /home/runner/work/ozone/ozone/hadoop-ozone/integration-test/target/test-dir/MiniOzoneClusterImpl-7a2c00ee-15e1-4921-aa6b-526c14ec89d8/ozone-meta/datanode-8/ratis/tmp
2025-07-15 19:44:34,366 [73892b45-0ad3-4392-8d09-ab2d1cd7ede4-impl-thread1] INFO  server.RaftServer (RaftServerProxy.java:initGroupDir(275)) - 73892b45-0ad3-4392-8d09-ab2d1cd7ede4: The directory /home/runner/work/ozone/ozone/hadoop-ozone/integration-test/target/test-dir/MiniOzoneClusterImpl-7a2c00ee-15e1-4921-aa6b-526c14ec89d8/ozone-meta/datanode-8/ratis/tmp is not a group directory; ignoring it. 
2025-07-15 19:44:34,367 [main] INFO  replication.ReplicationServer (ReplicationServer.java:<init>(84)) - Initializing replication server with thread count = 10 queue length = 4096
2025-07-15 19:44:34,368 [main] INFO  server.XceiverServerGrpc (XceiverServerGrpc.java:<init>(130)) - GrpcServer channel type EpollServerSocketChannel
2025-07-15 19:44:34,370 [main] INFO  replication.ReplicationSupervisor (ReplicationSupervisor.java:build(169)) - Initializing replication supervisor with thread count = 10
2025-07-15 19:44:34,370 [main] INFO  replication.ReplicationSupervisor (ReplicationSupervisor.java:nodeStateUpdated(358)) - Node state updated to IN_SERVICE, scaling executor pool size to 10
2025-07-15 19:44:34,373 [main] INFO  http.BaseHttpServer (BaseHttpServer.java:newHttpServer2BuilderForOzone(229)) - Starting Web-server for hddsDatanode at: http://0.0.0.0:15066
2025-07-15 19:44:34,373 [main] INFO  http.BaseHttpServer (BaseHttpServer.java:<init>(107)) - Hadoop Security Enabled: false Ozone Security Enabled: false Ozone HTTP Security Enabled: false 
2025-07-15 19:44:34,375 [main] WARN  server.AuthenticationFilter (AuthenticationFilter.java:constructSecretProvider(240)) - Unable to initialize FileSignerSecretProvider, falling back to use random secrets. Reason: Could not read signature secret file: /home/runner/hadoop-http-auth-signature-secret
2025-07-15 19:44:34,378 [main] INFO  http.HttpServer2 (HttpServer2.java:addGlobalFilter(1042)) - Added global filter 'safety' (class=org.apache.hadoop.hdds.server.http.HttpServer2$QuotingInputFilter)
2025-07-15 19:44:34,378 [main] INFO  http.HttpServer2 (HttpServer2.java:addFilter(1018)) - Added filter static_user_filter (class=org.apache.hadoop.http.lib.StaticUserWebFilter$StaticUserFilter) to context hddsDatanode
2025-07-15 19:44:34,379 [main] INFO  http.HttpServer2 (HttpServer2.java:addFilter(1026)) - Added filter static_user_filter (class=org.apache.hadoop.http.lib.StaticUserWebFilter$StaticUserFilter) to context static
2025-07-15 19:44:34,379 [main] INFO  http.HttpServer2 (HttpServer2.java:addFilter(1026)) - Added filter static_user_filter (class=org.apache.hadoop.http.lib.StaticUserWebFilter$StaticUserFilter) to context logs
2025-07-15 19:44:34,379 [main] INFO  http.BaseHttpServer (BaseHttpServer.java:<init>(195)) - HTTP server of hddsDatanode uses base directory /home/runner/work/ozone/ozone/hadoop-ozone/integration-test/target/test-dir/MiniOzoneClusterImpl-7a2c00ee-15e1-4921-aa6b-526c14ec89d8/ozone-meta/datanode-8/meta/webserver
2025-07-15 19:44:34,380 [main] INFO  http.HttpServer2 (HttpServer2.java:bindListener(1242)) - Jetty bound to port 15066
2025-07-15 19:44:34,380 [main] INFO  server.Server (Server.java:doStart(375)) - jetty-9.4.57.v20241219; built: 2025-01-08T21:24:30.412Z; git: df524e6b29271c2e09ba9aea83c18dc9db464a31; jvm 21.0.7+6-LTS
2025-07-15 19:44:34,382 [main] INFO  server.session (DefaultSessionIdManager.java:doStart(334)) - DefaultSessionIdManager workerName=node0
2025-07-15 19:44:34,382 [main] INFO  server.session (DefaultSessionIdManager.java:doStart(339)) - No SessionScavenger set, using defaults
2025-07-15 19:44:34,382 [main] INFO  server.session (HouseKeeper.java:startScavenging(132)) - node0 Scavenging every 660000ms
2025-07-15 19:44:34,383 [main] INFO  handler.ContextHandler (ContextHandler.java:doStart(921)) - Started o.e.j.s.ServletContextHandler@c71d7c{logs,/logs,file:///home/runner/work/ozone/ozone/hadoop-ozone/integration-test/target/log,AVAILABLE}
2025-07-15 19:44:34,383 [main] INFO  handler.ContextHandler (ContextHandler.java:doStart(921)) - Started o.e.j.s.ServletContextHandler@75456112{static,/static,jar:file:/home/runner/work/ozone/ozone/hadoop-hdds/container-service/target/hdds-container-service-2.1.0-SNAPSHOT.jar!/webapps/static,AVAILABLE}
2025-07-15 19:44:34,425 [EventQueue-PipelineReportForOneReplicaPipelineSafeModeRule] INFO  safemode.SCMSafeModeManager (SCMSafeModeManager.java:validateSafeModeExitRules(138)) - AtleastOneDatanodeReportedRule rule is successfully validated
2025-07-15 19:44:34,480 [EventQueue-PipelineReportForOneReplicaPipelineSafeModeRule] INFO  safemode.SCMSafeModeManager (SCMSafeModeManager.java:validateSafeModeExitRules(138)) - AtleastOneDatanodeReportedRule rule is successfully validated
2025-07-15 19:44:34,500 [IPC Server handler 8 on default port 15002] INFO  net.NetworkTopologyImpl (NetworkTopologyImpl.java:add(133)) - Added a new node: /default-rack/99cb6aa4-ab14-4525-b571-11fa40308ff9
2025-07-15 19:44:34,500 [IPC Server handler 8 on default port 15002] INFO  node.SCMNodeManager (SCMNodeManager.java:register(423)) - Registered datanode: 99cb6aa4-ab14-4525-b571-11fa40308ff9{ip: 127.0.0.1, host: localhost, ports: [HTTP=15034, CLIENT_RPC=15035, REPLICATION=15041, RATIS=15037, RATIS_ADMIN=15038, RATIS_SERVER=15039, RATIS_DATASTREAM=15040, STANDALONE=15036], networkLocation: /default-rack, certSerialId: null, persistedOpState: null, persistedOpStateExpiryEpochSec: 0}
2025-07-15 19:44:34,500 [EventQueue-NewNodeForNewNodeHandler] INFO  pipeline.BackgroundPipelineCreator (BackgroundPipelineCreator.java:notifyEventTriggered(290)) - trigger a one-shot run on RatisPipelineUtilsThread.
2025-07-15 19:44:34,501 [EventQueue-ContainerRegistrationReportForRatisContainerSafeModeRule] INFO  safemode.SCMSafeModeManager (SCMSafeModeManager.java:validateSafeModeExitRules(138)) - RatisContainerSafeModeRule rule is successfully validated
2025-07-15 19:44:34,501 [RatisPipelineUtilsThread-0] INFO  pipeline.RatisPipelineProvider (RatisPipelineProvider.java:lambda$create$0(208)) - Sending CreatePipelineCommand for pipeline:Pipeline-09eda921-ff68-4580-b554-4598bee082bf to datanode:99cb6aa4-ab14-4525-b571-11fa40308ff9(localhost/127.0.0.1)
2025-07-15 19:44:34,501 [EventQueue-NodeRegistrationContainerReportForDataNodeSafeModeRule] INFO  safemode.SCMSafeModeManager (SCMSafeModeManager.java:validateSafeModeExitRules(138)) - DataNodeSafeModeRule rule is successfully validated
2025-07-15 19:44:34,501 [EventQueue-ContainerRegistrationReportForECContainerSafeModeRule] INFO  safemode.SCMSafeModeManager (SCMSafeModeManager.java:validateSafeModeExitRules(138)) - ECContainerSafeModeRule rule is successfully validated
2025-07-15 19:44:34,501 [EventQueue-PipelineReportForOneReplicaPipelineSafeModeRule] INFO  safemode.SCMSafeModeManager (SCMSafeModeManager.java:validateSafeModeExitRules(138)) - AtleastOneDatanodeReportedRule rule is successfully validated
2025-07-15 19:44:34,503 [5b76e34f-336a-4d5f-b46b-52fa87015b9f@group-526C14EC89D8-StateMachineUpdater] INFO  safemode.SCMSafeModeManager (SCMSafeModeManager.java:validateSafeModeExitRules(138)) - DataNodeSafeModeRule rule is successfully validated
2025-07-15 19:44:34,503 [5b76e34f-336a-4d5f-b46b-52fa87015b9f@group-526C14EC89D8-StateMachineUpdater] INFO  safemode.SCMSafeModeManager (SCMSafeModeManager.java:validateSafeModeExitRules(138)) - RatisContainerSafeModeRule rule is successfully validated
2025-07-15 19:44:34,503 [5b76e34f-336a-4d5f-b46b-52fa87015b9f@group-526C14EC89D8-StateMachineUpdater] INFO  safemode.HealthyPipelineSafeModeRule (HealthyPipelineSafeModeRule.java:initializeRule(228)) - Refreshed total pipeline count is 0, healthy pipeline threshold count is 1
2025-07-15 19:44:34,503 [5b76e34f-336a-4d5f-b46b-52fa87015b9f@group-526C14EC89D8-StateMachineUpdater] INFO  safemode.SCMSafeModeManager (SCMSafeModeManager.java:validateSafeModeExitRules(138)) - ECContainerSafeModeRule rule is successfully validated
2025-07-15 19:44:34,503 [5b76e34f-336a-4d5f-b46b-52fa87015b9f@group-526C14EC89D8-StateMachineUpdater] INFO  safemode.SCMSafeModeManager (SCMSafeModeManager.java:validateSafeModeExitRules(138)) - AtleastOneDatanodeReportedRule rule is successfully validated
2025-07-15 19:44:34,504 [RatisPipelineUtilsThread-0] INFO  pipeline.BackgroundPipelineCreator (BackgroundPipelineCreator.java:createPipelines(246)) - Created new pipeline Pipeline{ Id: 09eda921-ff68-4580-b554-4598bee082bf, Nodes: [ {99cb6aa4-ab14-4525-b571-11fa40308ff9(localhost/127.0.0.1), ReplicaIndex: 0},], ReplicationConfig: RATIS/ONE, State:ALLOCATED, leaderId:, CreationTimestamp2025-07-15T19:44:34.500998620Z[Etc/UTC]}
2025-07-15 19:44:34,537 [main] INFO  handler.ContextHandler (ContextHandler.java:doStart(921)) - Started o.e.j.w.WebAppContext@3467986{hddsDatanode,/,file:///home/runner/work/ozone/ozone/hadoop-ozone/integration-test/target/test-dir/MiniOzoneClusterImpl-7a2c00ee-15e1-4921-aa6b-526c14ec89d8/ozone-meta/datanode-8/meta/webserver/jetty-0_0_0_0-15066-hdds-container-service-2_1_0-SNAPSHOT_jar-_-any-12362735479523605156/webapp/,AVAILABLE}{jar:file:/home/runner/work/ozone/ozone/hadoop-hdds/container-service/target/hdds-container-service-2.1.0-SNAPSHOT.jar!/webapps/hddsDatanode}
2025-07-15 19:44:34,538 [main] INFO  server.AbstractConnector (AbstractConnector.java:doStart(333)) - Started ServerConnector@453cd994{HTTP/1.1, (http/1.1)}{0.0.0.0:15066}
2025-07-15 19:44:34,538 [main] INFO  server.Server (Server.java:doStart(415)) - Started @13032ms
2025-07-15 19:44:34,538 [main] WARN  impl.MetricsSystemImpl (MetricsSystemImpl.java:register(279)) - Sink prometheus already exists!
2025-07-15 19:44:34,538 [main] INFO  http.BaseHttpServer (BaseHttpServer.java:updateConnectorAddress(359)) - HTTP server of hddsDatanode listening at http://localhost:15066
2025-07-15 19:44:34,539 [main] INFO  ipc.CallQueueManager (CallQueueManager.java:<init>(93)) - Using callQueue: class java.util.concurrent.LinkedBlockingQueue, queueCapacity: 1000, scheduler: class org.apache.hadoop.ipc.DefaultRpcScheduler, ipcBackoff: false, ipcFailOver: false.
2025-07-15 19:44:34,539 [main] INFO  ipc.Server (Server.java:<init>(1438)) - Listener at 0.0.0.0:15067
2025-07-15 19:44:34,539 [Socket Reader #1 for port 15067] INFO  ipc.Server (Server.java:run(1474)) - Starting Socket Reader #1 for port 15067
2025-07-15 19:44:34,540 [Socket Reader #2 for port 15067] INFO  ipc.Server (Server.java:run(1474)) - Starting Socket Reader #2 for port 15067
2025-07-15 19:44:34,540 [Socket Reader #3 for port 15067] INFO  ipc.Server (Server.java:run(1474)) - Starting Socket Reader #3 for port 15067
2025-07-15 19:44:34,541 [Socket Reader #4 for port 15067] INFO  ipc.Server (Server.java:run(1474)) - Starting Socket Reader #4 for port 15067
2025-07-15 19:44:34,541 [Socket Reader #5 for port 15067] INFO  ipc.Server (Server.java:run(1474)) - Starting Socket Reader #5 for port 15067
2025-07-15 19:44:34,541 [Socket Reader #6 for port 15067] INFO  ipc.Server (Server.java:run(1474)) - Starting Socket Reader #6 for port 15067
2025-07-15 19:44:34,541 [Socket Reader #7 for port 15067] INFO  ipc.Server (Server.java:run(1474)) - Starting Socket Reader #7 for port 15067
2025-07-15 19:44:34,541 [Socket Reader #8 for port 15067] INFO  ipc.Server (Server.java:run(1474)) - Starting Socket Reader #8 for port 15067
2025-07-15 19:44:34,542 [Socket Reader #9 for port 15067] INFO  ipc.Server (Server.java:run(1474)) - Starting Socket Reader #9 for port 15067
2025-07-15 19:44:34,542 [Socket Reader #10 for port 15067] INFO  ipc.Server (Server.java:run(1474)) - Starting Socket Reader #10 for port 15067
2025-07-15 19:44:34,544 [main] INFO  ozone.HddsDatanodeService (HddsDatanodeService.java:start(333)) - Datanode start with admins: [admin, runner]
2025-07-15 19:44:34,544 [main] INFO  ozone.HddsDatanodeClientProtocolServer (HddsDatanodeClientProtocolServer.java:start(76)) - RPC server for Client /0.0.0.0:15067
2025-07-15 19:44:34,544 [IPC Server Responder] INFO  ipc.Server (Server.java:run(1713)) - IPC Server Responder: starting
2025-07-15 19:44:34,544 [IPC Server listener on 15067] INFO  ipc.Server (Server.java:run(1553)) - IPC Server listener on 15067: starting
2025-07-15 19:44:34,546 [main] WARN  dropwizard3.Dm3MetricRegistriesImpl (Dm3MetricRegistriesImpl.java:addReporterRegistration(114)) - New reporters are added after registries were created. Some metrics will be missing from the reporter. Please add reporter before adding any new registry.
2025-07-15 19:44:34,546 [main] WARN  dropwizard3.Dm3MetricRegistriesImpl (Dm3MetricRegistriesImpl.java:addReporterRegistration(114)) - New reporters are added after registries were created. Some metrics will be missing from the reporter. Please add reporter before adding any new registry.
2025-07-15 19:44:34,546 [main] INFO  impl.MetricsSystemImpl (MetricsSystemImpl.java:init(158)) - HddsDatanode metrics system started (again)
2025-07-15 19:44:34,547 [73892b45-0ad3-4392-8d09-ab2d1cd7ede4-DatanodeStateMachineDaemonThread] INFO  statemachine.DatanodeStateMachine (DatanodeStateMachine.java:startStateMachineThread(347)) - Ozone container server started.
2025-07-15 19:44:34,551 [73892b45-0ad3-4392-8d09-ab2d1cd7ede4-DatanodeStateMachineTaskThread-0] INFO  datanode.InitDatanodeState (InitDatanodeState.java:persistContainerDatanodeDetails(139)) - DatanodeDetails is persisted to /home/runner/work/ozone/ozone/hadoop-ozone/integration-test/target/test-dir/MiniOzoneClusterImpl-7a2c00ee-15e1-4921-aa6b-526c14ec89d8/ozone-meta/datanode-8/meta/datanode.id
2025-07-15 19:44:34,564 [main] INFO  protocol.DatanodeDetails (DatanodeDetails.java:validateDatanodeIpAddress(199)) - Updating IP address of datanode edffad61-d5a0-4c2f-abd3-1d848b9782f9(localhost/null) to 127.0.0.1
2025-07-15 19:44:34,564 [main] INFO  ozone.HddsDatanodeService (HddsDatanodeService.java:start(236)) - HddsDatanodeService edffad61-d5a0-4c2f-abd3-1d848b9782f9(localhost/127.0.0.1)
2025-07-15 19:44:34,566 [main] INFO  upgrade.AbstractLayoutVersionManager (AbstractLayoutVersionManager.java:init(80)) - Initializing Layout version manager with metadata layout = HBASE_SUPPORT (version = 8), software layout = HBASE_SUPPORT (version = 8)
2025-07-15 19:44:34,567 [main] INFO  statemachine.DatanodeStateMachine (DatanodeStateMachine.java:getEndPointTaskThreadPoolSize(305)) - Datanode State Machine Task Thread Pool size 2
2025-07-15 19:44:34,569 [main] INFO  volume.HddsVolume (HddsVolume.java:<init>(162)) - HddsVolume: { id=DS-27debdc8-dfa6-4bd6-ae6f-4bbb3f071772 dir=/home/runner/work/ozone/ozone/hadoop-ozone/integration-test/target/test-dir/MiniOzoneClusterImpl-7a2c00ee-15e1-4921-aa6b-526c14ec89d8/ozone-meta/datanode-9/data-0/hdds type=DISK capacity=9222449699674390527 used=0 available=9222449699674390527 minFree=9222450130714624 committed=0 }
2025-07-15 19:44:34,569 [main] INFO  volume.MutableVolumeSet (MutableVolumeSet.java:initializeVolumeSet(167)) - Added Volume : /home/runner/work/ozone/ozone/hadoop-ozone/integration-test/target/test-dir/MiniOzoneClusterImpl-7a2c00ee-15e1-4921-aa6b-526c14ec89d8/ozone-meta/datanode-9/data-0/hdds to VolumeSet
2025-07-15 19:44:34,570 [main] INFO  volume.MutableVolumeSet (MutableVolumeSet.java:initializeVolumeSet(167)) - Added Volume : /home/runner/work/ozone/ozone/hadoop-ozone/integration-test/target/test-dir/MiniOzoneClusterImpl-7a2c00ee-15e1-4921-aa6b-526c14ec89d8/ozone-meta/datanode-9/ratis to VolumeSet
2025-07-15 19:44:34,571 [main] INFO  ozoneimpl.OzoneContainer (HddsVolumeUtil.java:loadAllHddsVolumeDbStore(102)) - Load 1 volumes DbStore cost: 0ms
2025-07-15 19:44:34,572 [1ed39f2b-ba05-41d4-bcbc-50acfb489962-EndpointStateMachineTaskThread-/0.0.0.0:15002-0 ] INFO  utils.DatanodeStoreCache (DatanodeStoreCache.java:addDB(70)) - Added db /home/runner/work/ozone/ozone/hadoop-ozone/integration-test/target/test-dir/MiniOzoneClusterImpl-7a2c00ee-15e1-4921-aa6b-526c14ec89d8/ozone-meta/datanode-6/data-0/hdds/7a2c00ee-15e1-4921-aa6b-526c14ec89d8/DS-e9dde3f2-7900-43db-9ff6-181455ec9438/container.db to cache
2025-07-15 19:44:34,572 [1ed39f2b-ba05-41d4-bcbc-50acfb489962-EndpointStateMachineTaskThread-/0.0.0.0:15002-0 ] INFO  volume.HddsVolume (HddsVolume.java:createDbStore(575)) - SchemaV3 db is created and loaded at /home/runner/work/ozone/ozone/hadoop-ozone/integration-test/target/test-dir/MiniOzoneClusterImpl-7a2c00ee-15e1-4921-aa6b-526c14ec89d8/ozone-meta/datanode-6/data-0/hdds/7a2c00ee-15e1-4921-aa6b-526c14ec89d8/DS-e9dde3f2-7900-43db-9ff6-181455ec9438/container.db for volume DS-e9dde3f2-7900-43db-9ff6-181455ec9438
2025-07-15 19:44:34,572 [main] WARN  db.DBStoreBuilder (DBStoreBuilder.java:getDBDirPath(158)) - ozone.scm.datanode.id.dir is not configured. We recommend adding this setting. Falling back to ozone.metadata.dirs instead.
2025-07-15 19:44:34,573 [main] WARN  db.DBStoreBuilder (DBStoreBuilder.java:getDBDirPath(158)) - ozone.scm.datanode.id.dir is not configured. We recommend adding this setting. Falling back to ozone.metadata.dirs instead.
2025-07-15 19:44:34,574 [1ed39f2b-ba05-41d4-bcbc-50acfb489962-ContainerReader-0] INFO  ozoneimpl.ContainerReader (ContainerReader.java:readVolume(144)) - Start to verify containers on volume /home/runner/work/ozone/ozone/hadoop-ozone/integration-test/target/test-dir/MiniOzoneClusterImpl-7a2c00ee-15e1-4921-aa6b-526c14ec89d8/ozone-meta/datanode-6/data-0/hdds
2025-07-15 19:44:34,574 [1ed39f2b-ba05-41d4-bcbc-50acfb489962-ContainerReader-0] INFO  ozoneimpl.ContainerReader (ContainerReader.java:readVolume(174)) - Finish verifying containers on volume /home/runner/work/ozone/ozone/hadoop-ozone/integration-test/target/test-dir/MiniOzoneClusterImpl-7a2c00ee-15e1-4921-aa6b-526c14ec89d8/ozone-meta/datanode-6/data-0/hdds
2025-07-15 19:44:34,575 [1ed39f2b-ba05-41d4-bcbc-50acfb489962-EndpointStateMachineTaskThread-/0.0.0.0:15002-0 ] INFO  ozoneimpl.OzoneContainer (OzoneContainer.java:buildContainerSet(370)) - Build ContainerSet costs 0s
2025-07-15 19:44:34,575 [1ed39f2b-ba05-41d4-bcbc-50acfb489962-EndpointStateMachineTaskThread-/0.0.0.0:15002-0 ] INFO  volume.ThrottledAsyncChecker (ThrottledAsyncChecker.java:schedule(138)) - Scheduling a check for /home/runner/work/ozone/ozone/hadoop-ozone/integration-test/target/test-dir/MiniOzoneClusterImpl-7a2c00ee-15e1-4921-aa6b-526c14ec89d8/ozone-meta/datanode-6/data-0/hdds
2025-07-15 19:44:34,576 [1ed39f2b-ba05-41d4-bcbc-50acfb489962-EndpointStateMachineTaskThread-/0.0.0.0:15002-0 ] INFO  volume.StorageVolumeChecker (StorageVolumeChecker.java:checkAllVolumes(215)) - Scheduled health check for volume /home/runner/work/ozone/ozone/hadoop-ozone/integration-test/target/test-dir/MiniOzoneClusterImpl-7a2c00ee-15e1-4921-aa6b-526c14ec89d8/ozone-meta/datanode-6/data-0/hdds
2025-07-15 19:44:34,580 [1ed39f2b-ba05-41d4-bcbc-50acfb489962-EndpointStateMachineTaskThread-/0.0.0.0:15002-0 ] INFO  volume.ThrottledAsyncChecker (ThrottledAsyncChecker.java:schedule(138)) - Scheduling a check for /home/runner/work/ozone/ozone/hadoop-ozone/integration-test/target/test-dir/MiniOzoneClusterImpl-7a2c00ee-15e1-4921-aa6b-526c14ec89d8/ozone-meta/datanode-6/ratis
2025-07-15 19:44:34,581 [1ed39f2b-ba05-41d4-bcbc-50acfb489962-EndpointStateMachineTaskThread-/0.0.0.0:15002-0 ] INFO  volume.StorageVolumeChecker (StorageVolumeChecker.java:checkAllVolumes(215)) - Scheduled health check for volume /home/runner/work/ozone/ozone/hadoop-ozone/integration-test/target/test-dir/MiniOzoneClusterImpl-7a2c00ee-15e1-4921-aa6b-526c14ec89d8/ozone-meta/datanode-6/ratis
2025-07-15 19:44:34,582 [1ed39f2b-ba05-41d4-bcbc-50acfb489962-EndpointStateMachineTaskThread-/0.0.0.0:15002-0 ] INFO  ozoneimpl.OzoneContainer (OzoneContainer.java:start(520)) - Attempting to start container services.
2025-07-15 19:44:34,582 [ContainerMetadataScanner] INFO  ozoneimpl.AbstractBackgroundContainerScanner (AbstractBackgroundContainerScanner.java:runIteration(89)) - Completed an iteration in 0 minutes. Number of iterations (since the data-node restart) : 1, Number of containers scanned in this iteration : 0, Number of unhealthy containers found in this iteration : 0
2025-07-15 19:44:34,583 [ContainerDataScanner(/home/runner/work/ozone/ozone/hadoop-ozone/integration-test/target/test-dir/MiniOzoneClusterImpl-7a2c00ee-15e1-4921-aa6b-526c14ec89d8/ozone-meta/datanode-6/data-0/hdds)] INFO  ozoneimpl.AbstractBackgroundContainerScanner (AbstractBackgroundContainerScanner.java:runIteration(89)) - Completed an iteration in 0 minutes. Number of iterations (since the data-node restart) : 1, Number of containers scanned in this iteration : 0, Number of unhealthy containers found in this iteration : 0
2025-07-15 19:44:34,585 [1ed39f2b-ba05-41d4-bcbc-50acfb489962-EndpointStateMachineTaskThread-/0.0.0.0:15002-0 ] INFO  replication.ReplicationServer (ReplicationServer.java:start(137)) - ReplicationServer is started using port 15057
2025-07-15 19:44:34,586 [1ed39f2b-ba05-41d4-bcbc-50acfb489962-EndpointStateMachineTaskThread-/0.0.0.0:15002-0 ] INFO  ratis.XceiverServerRatis (XceiverServerRatis.java:start(559)) - Starting XceiverServerRatis(1ed39f2b-ba05-41d4-bcbc-50acfb489962)
2025-07-15 19:44:34,587 [1ed39f2b-ba05-41d4-bcbc-50acfb489962-EndpointStateMachineTaskThread-/0.0.0.0:15002-0 ] INFO  server.RaftServer (RaftServerProxy.java:startImpl(412)) - 1ed39f2b-ba05-41d4-bcbc-50acfb489962: start RPC server
2025-07-15 19:44:34,588 [1ed39f2b-ba05-41d4-bcbc-50acfb489962-EndpointStateMachineTaskThread-/0.0.0.0:15002-0 ] INFO  server.GrpcServicesImpl (GrpcServicesImpl.java:startImpl(346)) - 1ed39f2b-ba05-41d4-bcbc-50acfb489962: GrpcServicesImpl started, listening on 15053
2025-07-15 19:44:34,588 [1ed39f2b-ba05-41d4-bcbc-50acfb489962-EndpointStateMachineTaskThread-/0.0.0.0:15002-0 ] INFO  server.GrpcServicesImpl (GrpcServicesImpl.java:startImpl(346)) - 1ed39f2b-ba05-41d4-bcbc-50acfb489962: GrpcServicesImpl started, listening on 15055
2025-07-15 19:44:34,589 [1ed39f2b-ba05-41d4-bcbc-50acfb489962-EndpointStateMachineTaskThread-/0.0.0.0:15002-0 ] INFO  server.GrpcServicesImpl (GrpcServicesImpl.java:startImpl(346)) - 1ed39f2b-ba05-41d4-bcbc-50acfb489962: GrpcServicesImpl started, listening on 15054
2025-07-15 19:44:34,590 [1ed39f2b-ba05-41d4-bcbc-50acfb489962-EndpointStateMachineTaskThread-/0.0.0.0:15002-0 ] INFO  ratis.XceiverServerRatis (XceiverServerRatis.java:getRealPort(586)) - XceiverServerRatis(1ed39f2b-ba05-41d4-bcbc-50acfb489962) is started using port RATIS=15053
2025-07-15 19:44:34,590 [JvmPauseMonitor8] INFO  util.JvmPauseMonitor (JvmPauseMonitor.java:run(146)) - JvmPauseMonitor-1ed39f2b-ba05-41d4-bcbc-50acfb489962: Started
2025-07-15 19:44:34,590 [1ed39f2b-ba05-41d4-bcbc-50acfb489962-EndpointStateMachineTaskThread-/0.0.0.0:15002-0 ] INFO  ratis.XceiverServerRatis (XceiverServerRatis.java:getRealPort(586)) - XceiverServerRatis(1ed39f2b-ba05-41d4-bcbc-50acfb489962) is started using port RATIS_ADMIN=15054
2025-07-15 19:44:34,591 [1ed39f2b-ba05-41d4-bcbc-50acfb489962-EndpointStateMachineTaskThread-/0.0.0.0:15002-0 ] INFO  ratis.XceiverServerRatis (XceiverServerRatis.java:getRealPort(586)) - XceiverServerRatis(1ed39f2b-ba05-41d4-bcbc-50acfb489962) is started using port RATIS_SERVER=15055
2025-07-15 19:44:34,591 [1ed39f2b-ba05-41d4-bcbc-50acfb489962-EndpointStateMachineTaskThread-/0.0.0.0:15002-0 ] INFO  ratis.XceiverServerRatis (XceiverServerRatis.java:getRealPort(586)) - XceiverServerRatis(1ed39f2b-ba05-41d4-bcbc-50acfb489962) is started using port RATIS_DATASTREAM=15056
2025-07-15 19:44:34,593 [1ed39f2b-ba05-41d4-bcbc-50acfb489962-EndpointStateMachineTaskThread-/0.0.0.0:15002-0 ] INFO  utils.BackgroundService (BackgroundService.java:start(118)) - Starting service BlockDeletingService with interval 60000 milliseconds
2025-07-15 19:44:34,593 [1ed39f2b-ba05-41d4-bcbc-50acfb489962-EndpointStateMachineTaskThread-/0.0.0.0:15002-0 ] INFO  utils.BackgroundService (BackgroundService.java:start(118)) - Starting service StaleRecoveringContainerScrubbingService with interval 60000 milliseconds
2025-07-15 19:44:34,597 [main] INFO  impl.FilePerChunkStrategy (FilePerChunkStrategy.java:<init>(79)) - ozone.chunk.read.mapped.buffer.max.count is load with 0
2025-07-15 19:44:34,597 [main] INFO  impl.FilePerBlockStrategy (FilePerBlockStrategy.java:<init>(88)) - ozone.chunk.read.mapped.buffer.max.count is load with 0
2025-07-15 19:44:34,598 [main] INFO  server.RaftServerConfigKeys (ConfUtils.java:logGet(62)) - raft.server.log.appender.buffer.byte-limit = 33554432 (custom)
2025-07-15 19:44:34,599 [main] INFO  grpc.GrpcConfigKeys (ConfUtils.java:logFallback(69)) - raft.grpc.admin.host = null (fallback to raft.grpc.server.host)
2025-07-15 19:44:34,599 [main] INFO  grpc.GrpcConfigKeys (ConfUtils.java:logGet(62)) - raft.grpc.admin.port = 15078 (custom)
2025-07-15 19:44:34,599 [main] INFO  grpc.GrpcConfigKeys (ConfUtils.java:logFallback(69)) - raft.grpc.client.host = null (fallback to raft.grpc.server.host)
2025-07-15 19:44:34,599 [main] INFO  grpc.GrpcConfigKeys (ConfUtils.java:logGet(62)) - raft.grpc.client.port = 15077 (custom)
2025-07-15 19:44:34,600 [main] INFO  grpc.GrpcConfigKeys (ConfUtils.java:logGet(62)) - raft.grpc.server.port = 15079 (custom)
2025-07-15 19:44:34,600 [main] INFO  server.GrpcServicesImpl (ConfUtils.java:logGet(62)) - raft.grpc.message.size.max = 34603008 (custom)
2025-07-15 19:44:34,600 [main] INFO  server.GrpcServicesImpl (ConfUtils.java:logGet(62)) - raft.grpc.flow.control.window = 5MB (=5242880) (custom)
2025-07-15 19:44:34,600 [main] INFO  server.RaftServerConfigKeys (ConfUtils.java:logGet(62)) - raft.server.log.appender.buffer.byte-limit = 33554432 (custom)
2025-07-15 19:44:34,602 [main] INFO  netty.NettyUtils (NettyUtils.java:newEventLoopGroup(74)) - Create EpollEventLoopGroup for edffad61-d5a0-4c2f-abd3-1d848b9782f9-NettyServerStreamRpc-bossGroup; Thread size is 0.
2025-07-15 19:44:34,602 [main] INFO  netty.NettyUtils (NettyUtils.java:newEventLoopGroup(74)) - Create EpollEventLoopGroup for edffad61-d5a0-4c2f-abd3-1d848b9782f9-NettyServerStreamRpc-workerGroup; Thread size is 0.
2025-07-15 19:44:34,603 [main] INFO  netty.NettyConfigKeys$DataStream (ConfUtils.java:logGet(62)) - raft.netty.dataStream.port = 15080 (custom)
2025-07-15 19:44:34,603 [main] INFO  server.RaftServerConfigKeys (ConfUtils.java:logGet(62)) - raft.server.storage.dir = [/home/runner/work/ozone/ozone/hadoop-ozone/integration-test/target/test-dir/MiniOzoneClusterImpl-7a2c00ee-15e1-4921-aa6b-526c14ec89d8/ozone-meta/datanode-9/ratis] (custom)
2025-07-15 19:44:34,603 [edffad61-d5a0-4c2f-abd3-1d848b9782f9-NettyServerStreamRpc-bossGroup--thread1] INFO  logging.LoggingHandler (AbstractInternalLogger.java:log(148)) - [id: 0xecf42aae] REGISTERED
2025-07-15 19:44:34,604 [edffad61-d5a0-4c2f-abd3-1d848b9782f9-NettyServerStreamRpc-bossGroup--thread1] INFO  logging.LoggingHandler (AbstractInternalLogger.java:log(148)) - [id: 0xecf42aae] BIND: 0.0.0.0/0.0.0.0:15080
2025-07-15 19:44:34,604 [edffad61-d5a0-4c2f-abd3-1d848b9782f9-impl-thread1] INFO  server.RaftServer (RaftServerProxy.java:initGroupDir(270)) - edffad61-d5a0-4c2f-abd3-1d848b9782f9: found a subdirectory /home/runner/work/ozone/ozone/hadoop-ozone/integration-test/target/test-dir/MiniOzoneClusterImpl-7a2c00ee-15e1-4921-aa6b-526c14ec89d8/ozone-meta/datanode-9/ratis/tmp
2025-07-15 19:44:34,604 [edffad61-d5a0-4c2f-abd3-1d848b9782f9-NettyServerStreamRpc-bossGroup--thread1] INFO  logging.LoggingHandler (AbstractInternalLogger.java:log(148)) - [id: 0xecf42aae, L:/0.0.0.0:15080] ACTIVE
2025-07-15 19:44:34,604 [edffad61-d5a0-4c2f-abd3-1d848b9782f9-impl-thread1] INFO  server.RaftServer (RaftServerProxy.java:initGroupDir(275)) - edffad61-d5a0-4c2f-abd3-1d848b9782f9: The directory /home/runner/work/ozone/ozone/hadoop-ozone/integration-test/target/test-dir/MiniOzoneClusterImpl-7a2c00ee-15e1-4921-aa6b-526c14ec89d8/ozone-meta/datanode-9/ratis/tmp is not a group directory; ignoring it. 
2025-07-15 19:44:34,604 [main] INFO  replication.ReplicationServer (ReplicationServer.java:<init>(84)) - Initializing replication server with thread count = 10 queue length = 4096
2025-07-15 19:44:34,605 [main] INFO  server.XceiverServerGrpc (XceiverServerGrpc.java:<init>(130)) - GrpcServer channel type EpollServerSocketChannel
2025-07-15 19:44:34,606 [main] INFO  replication.ReplicationSupervisor (ReplicationSupervisor.java:build(169)) - Initializing replication supervisor with thread count = 10
2025-07-15 19:44:34,606 [main] INFO  replication.ReplicationSupervisor (ReplicationSupervisor.java:nodeStateUpdated(358)) - Node state updated to IN_SERVICE, scaling executor pool size to 10
2025-07-15 19:44:34,609 [main] INFO  http.BaseHttpServer (BaseHttpServer.java:newHttpServer2BuilderForOzone(229)) - Starting Web-server for hddsDatanode at: http://0.0.0.0:15074
2025-07-15 19:44:34,609 [main] INFO  http.BaseHttpServer (BaseHttpServer.java:<init>(107)) - Hadoop Security Enabled: false Ozone Security Enabled: false Ozone HTTP Security Enabled: false 
2025-07-15 19:44:34,611 [main] WARN  server.AuthenticationFilter (AuthenticationFilter.java:constructSecretProvider(240)) - Unable to initialize FileSignerSecretProvider, falling back to use random secrets. Reason: Could not read signature secret file: /home/runner/hadoop-http-auth-signature-secret
2025-07-15 19:44:34,613 [main] INFO  http.HttpServer2 (HttpServer2.java:addGlobalFilter(1042)) - Added global filter 'safety' (class=org.apache.hadoop.hdds.server.http.HttpServer2$QuotingInputFilter)
2025-07-15 19:44:34,614 [main] INFO  http.HttpServer2 (HttpServer2.java:addFilter(1018)) - Added filter static_user_filter (class=org.apache.hadoop.http.lib.StaticUserWebFilter$StaticUserFilter) to context hddsDatanode
2025-07-15 19:44:34,614 [main] INFO  http.HttpServer2 (HttpServer2.java:addFilter(1026)) - Added filter static_user_filter (class=org.apache.hadoop.http.lib.StaticUserWebFilter$StaticUserFilter) to context static
2025-07-15 19:44:34,614 [main] INFO  http.HttpServer2 (HttpServer2.java:addFilter(1026)) - Added filter static_user_filter (class=org.apache.hadoop.http.lib.StaticUserWebFilter$StaticUserFilter) to context logs
2025-07-15 19:44:34,615 [main] INFO  http.BaseHttpServer (BaseHttpServer.java:<init>(195)) - HTTP server of hddsDatanode uses base directory /home/runner/work/ozone/ozone/hadoop-ozone/integration-test/target/test-dir/MiniOzoneClusterImpl-7a2c00ee-15e1-4921-aa6b-526c14ec89d8/ozone-meta/datanode-9/meta/webserver
2025-07-15 19:44:34,615 [main] INFO  http.HttpServer2 (HttpServer2.java:bindListener(1242)) - Jetty bound to port 15074
2025-07-15 19:44:34,615 [main] INFO  server.Server (Server.java:doStart(375)) - jetty-9.4.57.v20241219; built: 2025-01-08T21:24:30.412Z; git: df524e6b29271c2e09ba9aea83c18dc9db464a31; jvm 21.0.7+6-LTS
2025-07-15 19:44:34,617 [main] INFO  server.session (DefaultSessionIdManager.java:doStart(334)) - DefaultSessionIdManager workerName=node0
2025-07-15 19:44:34,617 [main] INFO  server.session (DefaultSessionIdManager.java:doStart(339)) - No SessionScavenger set, using defaults
2025-07-15 19:44:34,617 [main] INFO  server.session (HouseKeeper.java:startScavenging(132)) - node0 Scavenging every 600000ms
2025-07-15 19:44:34,617 [main] INFO  handler.ContextHandler (ContextHandler.java:doStart(921)) - Started o.e.j.s.ServletContextHandler@550b68f7{logs,/logs,file:///home/runner/work/ozone/ozone/hadoop-ozone/integration-test/target/log,AVAILABLE}
2025-07-15 19:44:34,618 [main] INFO  handler.ContextHandler (ContextHandler.java:doStart(921)) - Started o.e.j.s.ServletContextHandler@68801feb{static,/static,jar:file:/home/runner/work/ozone/ozone/hadoop-hdds/container-service/target/hdds-container-service-2.1.0-SNAPSHOT.jar!/webapps/static,AVAILABLE}
2025-07-15 19:44:34,709 [EventQueue-PipelineReportForOneReplicaPipelineSafeModeRule] INFO  safemode.SCMSafeModeManager (SCMSafeModeManager.java:validateSafeModeExitRules(138)) - AtleastOneDatanodeReportedRule rule is successfully validated
2025-07-15 19:44:34,765 [main] INFO  handler.ContextHandler (ContextHandler.java:doStart(921)) - Started o.e.j.w.WebAppContext@69d92f73{hddsDatanode,/,file:///home/runner/work/ozone/ozone/hadoop-ozone/integration-test/target/test-dir/MiniOzoneClusterImpl-7a2c00ee-15e1-4921-aa6b-526c14ec89d8/ozone-meta/datanode-9/meta/webserver/jetty-0_0_0_0-15074-hdds-container-service-2_1_0-SNAPSHOT_jar-_-any-5398683187257151043/webapp/,AVAILABLE}{jar:file:/home/runner/work/ozone/ozone/hadoop-hdds/container-service/target/hdds-container-service-2.1.0-SNAPSHOT.jar!/webapps/hddsDatanode}
2025-07-15 19:44:34,766 [main] INFO  server.AbstractConnector (AbstractConnector.java:doStart(333)) - Started ServerConnector@245237eb{HTTP/1.1, (http/1.1)}{0.0.0.0:15074}
2025-07-15 19:44:34,766 [main] INFO  server.Server (Server.java:doStart(415)) - Started @13261ms
2025-07-15 19:44:34,766 [main] WARN  impl.MetricsSystemImpl (MetricsSystemImpl.java:register(279)) - Sink prometheus already exists!
2025-07-15 19:44:34,767 [main] INFO  http.BaseHttpServer (BaseHttpServer.java:updateConnectorAddress(359)) - HTTP server of hddsDatanode listening at http://localhost:15074
2025-07-15 19:44:34,767 [main] INFO  ipc.CallQueueManager (CallQueueManager.java:<init>(93)) - Using callQueue: class java.util.concurrent.LinkedBlockingQueue, queueCapacity: 1000, scheduler: class org.apache.hadoop.ipc.DefaultRpcScheduler, ipcBackoff: false, ipcFailOver: false.
2025-07-15 19:44:34,767 [main] INFO  ipc.Server (Server.java:<init>(1438)) - Listener at 0.0.0.0:15075
2025-07-15 19:44:34,768 [Socket Reader #1 for port 15075] INFO  ipc.Server (Server.java:run(1474)) - Starting Socket Reader #1 for port 15075
2025-07-15 19:44:34,768 [Socket Reader #2 for port 15075] INFO  ipc.Server (Server.java:run(1474)) - Starting Socket Reader #2 for port 15075
2025-07-15 19:44:34,768 [Socket Reader #3 for port 15075] INFO  ipc.Server (Server.java:run(1474)) - Starting Socket Reader #3 for port 15075
2025-07-15 19:44:34,768 [Socket Reader #4 for port 15075] INFO  ipc.Server (Server.java:run(1474)) - Starting Socket Reader #4 for port 15075
2025-07-15 19:44:34,768 [Socket Reader #5 for port 15075] INFO  ipc.Server (Server.java:run(1474)) - Starting Socket Reader #5 for port 15075
2025-07-15 19:44:34,769 [Socket Reader #6 for port 15075] INFO  ipc.Server (Server.java:run(1474)) - Starting Socket Reader #6 for port 15075
2025-07-15 19:44:34,769 [Socket Reader #7 for port 15075] INFO  ipc.Server (Server.java:run(1474)) - Starting Socket Reader #7 for port 15075
2025-07-15 19:44:34,769 [Socket Reader #8 for port 15075] INFO  ipc.Server (Server.java:run(1474)) - Starting Socket Reader #8 for port 15075
2025-07-15 19:44:34,769 [Socket Reader #9 for port 15075] INFO  ipc.Server (Server.java:run(1474)) - Starting Socket Reader #9 for port 15075
2025-07-15 19:44:34,769 [Socket Reader #10 for port 15075] INFO  ipc.Server (Server.java:run(1474)) - Starting Socket Reader #10 for port 15075
2025-07-15 19:44:34,771 [main] INFO  ozone.HddsDatanodeService (HddsDatanodeService.java:start(333)) - Datanode start with admins: [admin, runner]
2025-07-15 19:44:34,771 [main] INFO  ozone.HddsDatanodeClientProtocolServer (HddsDatanodeClientProtocolServer.java:start(76)) - RPC server for Client /0.0.0.0:15075
2025-07-15 19:44:34,772 [IPC Server Responder] INFO  ipc.Server (Server.java:run(1713)) - IPC Server Responder: starting
2025-07-15 19:44:34,772 [IPC Server listener on 15075] INFO  ipc.Server (Server.java:run(1553)) - IPC Server listener on 15075: starting
2025-07-15 19:44:34,773 [main] WARN  dropwizard3.Dm3MetricRegistriesImpl (Dm3MetricRegistriesImpl.java:addReporterRegistration(114)) - New reporters are added after registries were created. Some metrics will be missing from the reporter. Please add reporter before adding any new registry.
2025-07-15 19:44:34,773 [main] WARN  dropwizard3.Dm3MetricRegistriesImpl (Dm3MetricRegistriesImpl.java:addReporterRegistration(114)) - New reporters are added after registries were created. Some metrics will be missing from the reporter. Please add reporter before adding any new registry.
2025-07-15 19:44:34,774 [main] INFO  impl.MetricsSystemImpl (MetricsSystemImpl.java:init(158)) - HddsDatanode metrics system started (again)
2025-07-15 19:44:34,775 [edffad61-d5a0-4c2f-abd3-1d848b9782f9-DatanodeStateMachineDaemonThread] INFO  statemachine.DatanodeStateMachine (DatanodeStateMachine.java:startStateMachineThread(347)) - Ozone container server started.
2025-07-15 19:44:34,779 [edffad61-d5a0-4c2f-abd3-1d848b9782f9-DatanodeStateMachineTaskThread-0] INFO  datanode.InitDatanodeState (InitDatanodeState.java:persistContainerDatanodeDetails(139)) - DatanodeDetails is persisted to /home/runner/work/ozone/ozone/hadoop-ozone/integration-test/target/test-dir/MiniOzoneClusterImpl-7a2c00ee-15e1-4921-aa6b-526c14ec89d8/ozone-meta/datanode-9/meta/datanode.id
2025-07-15 19:44:34,786 [IPC Server handler 0 on default port 15002] INFO  net.NetworkTopologyImpl (NetworkTopologyImpl.java:add(133)) - Added a new node: /default-rack/faa2b429-16a2-49fa-ab42-514c70ac334b
2025-07-15 19:44:34,786 [IPC Server handler 0 on default port 15002] INFO  node.SCMNodeManager (SCMNodeManager.java:register(423)) - Registered datanode: faa2b429-16a2-49fa-ab42-514c70ac334b{ip: 127.0.0.1, host: localhost, ports: [HTTP=15042, CLIENT_RPC=15043, REPLICATION=15049, RATIS=15045, RATIS_ADMIN=15046, RATIS_SERVER=15047, RATIS_DATASTREAM=15048, STANDALONE=15044], networkLocation: /default-rack, certSerialId: null, persistedOpState: null, persistedOpStateExpiryEpochSec: 0}
2025-07-15 19:44:34,786 [EventQueue-NewNodeForNewNodeHandler] INFO  pipeline.BackgroundPipelineCreator (BackgroundPipelineCreator.java:notifyEventTriggered(290)) - trigger a one-shot run on RatisPipelineUtilsThread.
2025-07-15 19:44:34,786 [EventQueue-ContainerRegistrationReportForRatisContainerSafeModeRule] INFO  safemode.SCMSafeModeManager (SCMSafeModeManager.java:validateSafeModeExitRules(138)) - RatisContainerSafeModeRule rule is successfully validated
2025-07-15 19:44:34,786 [EventQueue-NodeRegistrationContainerReportForDataNodeSafeModeRule] INFO  safemode.SCMSafeModeManager (SCMSafeModeManager.java:validateSafeModeExitRules(138)) - DataNodeSafeModeRule rule is successfully validated
2025-07-15 19:44:34,787 [EventQueue-PipelineReportForOneReplicaPipelineSafeModeRule] INFO  safemode.SCMSafeModeManager (SCMSafeModeManager.java:validateSafeModeExitRules(138)) - AtleastOneDatanodeReportedRule rule is successfully validated
2025-07-15 19:44:34,787 [EventQueue-ContainerRegistrationReportForECContainerSafeModeRule] INFO  safemode.SCMSafeModeManager (SCMSafeModeManager.java:validateSafeModeExitRules(138)) - ECContainerSafeModeRule rule is successfully validated
2025-07-15 19:44:34,788 [RatisPipelineUtilsThread-0] INFO  pipeline.RatisPipelineProvider (RatisPipelineProvider.java:lambda$create$0(208)) - Sending CreatePipelineCommand for pipeline:Pipeline-3211be09-c2e3-4b3a-86e9-ec99b3d04d65 to datanode:faa2b429-16a2-49fa-ab42-514c70ac334b(localhost/127.0.0.1)
2025-07-15 19:44:34,791 [5b76e34f-336a-4d5f-b46b-52fa87015b9f@group-526C14EC89D8-StateMachineUpdater] INFO  safemode.SCMSafeModeManager (SCMSafeModeManager.java:validateSafeModeExitRules(138)) - DataNodeSafeModeRule rule is successfully validated
2025-07-15 19:44:34,791 [5b76e34f-336a-4d5f-b46b-52fa87015b9f@group-526C14EC89D8-StateMachineUpdater] INFO  safemode.SCMSafeModeManager (SCMSafeModeManager.java:validateSafeModeExitRules(138)) - RatisContainerSafeModeRule rule is successfully validated
2025-07-15 19:44:34,791 [5b76e34f-336a-4d5f-b46b-52fa87015b9f@group-526C14EC89D8-StateMachineUpdater] INFO  safemode.HealthyPipelineSafeModeRule (HealthyPipelineSafeModeRule.java:initializeRule(228)) - Refreshed total pipeline count is 0, healthy pipeline threshold count is 1
2025-07-15 19:44:34,791 [5b76e34f-336a-4d5f-b46b-52fa87015b9f@group-526C14EC89D8-StateMachineUpdater] INFO  safemode.SCMSafeModeManager (SCMSafeModeManager.java:validateSafeModeExitRules(138)) - ECContainerSafeModeRule rule is successfully validated
2025-07-15 19:44:34,791 [5b76e34f-336a-4d5f-b46b-52fa87015b9f@group-526C14EC89D8-StateMachineUpdater] INFO  safemode.SCMSafeModeManager (SCMSafeModeManager.java:validateSafeModeExitRules(138)) - AtleastOneDatanodeReportedRule rule is successfully validated
2025-07-15 19:44:34,792 [RatisPipelineUtilsThread-0] INFO  pipeline.BackgroundPipelineCreator (BackgroundPipelineCreator.java:createPipelines(246)) - Created new pipeline Pipeline{ Id: 3211be09-c2e3-4b3a-86e9-ec99b3d04d65, Nodes: [ {faa2b429-16a2-49fa-ab42-514c70ac334b(localhost/127.0.0.1), ReplicaIndex: 0},], ReplicationConfig: RATIS/ONE, State:ALLOCATED, leaderId:, CreationTimestamp2025-07-15T19:44:34.788424379Z[Etc/UTC]}
2025-07-15 19:44:34,793 [main] INFO  protocol.DatanodeDetails (DatanodeDetails.java:validateDatanodeIpAddress(199)) - Updating IP address of datanode 072971cd-5d05-4d2d-80ca-509be4281031(localhost/null) to 127.0.0.1
2025-07-15 19:44:34,793 [main] INFO  ozone.HddsDatanodeService (HddsDatanodeService.java:start(236)) - HddsDatanodeService 072971cd-5d05-4d2d-80ca-509be4281031(localhost/127.0.0.1)
2025-07-15 19:44:34,795 [main] INFO  upgrade.AbstractLayoutVersionManager (AbstractLayoutVersionManager.java:init(80)) - Initializing Layout version manager with metadata layout = HBASE_SUPPORT (version = 8), software layout = HBASE_SUPPORT (version = 8)
2025-07-15 19:44:34,796 [main] INFO  statemachine.DatanodeStateMachine (DatanodeStateMachine.java:getEndPointTaskThreadPoolSize(305)) - Datanode State Machine Task Thread Pool size 2
2025-07-15 19:44:34,798 [main] INFO  volume.HddsVolume (HddsVolume.java:<init>(162)) - HddsVolume: { id=DS-690e7cae-a3c4-434e-a35f-5d7f71decc7d dir=/home/runner/work/ozone/ozone/hadoop-ozone/integration-test/target/test-dir/MiniOzoneClusterImpl-7a2c00ee-15e1-4921-aa6b-526c14ec89d8/ozone-meta/datanode-10/data-0/hdds type=DISK capacity=9222449699674390527 used=0 available=9222449699674390527 minFree=9222450130714624 committed=0 }
2025-07-15 19:44:34,798 [main] INFO  volume.MutableVolumeSet (MutableVolumeSet.java:initializeVolumeSet(167)) - Added Volume : /home/runner/work/ozone/ozone/hadoop-ozone/integration-test/target/test-dir/MiniOzoneClusterImpl-7a2c00ee-15e1-4921-aa6b-526c14ec89d8/ozone-meta/datanode-10/data-0/hdds to VolumeSet
2025-07-15 19:44:34,799 [main] INFO  volume.MutableVolumeSet (MutableVolumeSet.java:initializeVolumeSet(167)) - Added Volume : /home/runner/work/ozone/ozone/hadoop-ozone/integration-test/target/test-dir/MiniOzoneClusterImpl-7a2c00ee-15e1-4921-aa6b-526c14ec89d8/ozone-meta/datanode-10/ratis to VolumeSet
2025-07-15 19:44:34,800 [main] INFO  ozoneimpl.OzoneContainer (HddsVolumeUtil.java:loadAllHddsVolumeDbStore(102)) - Load 1 volumes DbStore cost: 0ms
2025-07-15 19:44:34,800 [main] WARN  db.DBStoreBuilder (DBStoreBuilder.java:getDBDirPath(158)) - ozone.scm.datanode.id.dir is not configured. We recommend adding this setting. Falling back to ozone.metadata.dirs instead.
2025-07-15 19:44:34,801 [main] WARN  db.DBStoreBuilder (DBStoreBuilder.java:getDBDirPath(158)) - ozone.scm.datanode.id.dir is not configured. We recommend adding this setting. Falling back to ozone.metadata.dirs instead.
2025-07-15 19:44:34,818 [main] INFO  impl.FilePerChunkStrategy (FilePerChunkStrategy.java:<init>(79)) - ozone.chunk.read.mapped.buffer.max.count is load with 0
2025-07-15 19:44:34,818 [main] INFO  impl.FilePerBlockStrategy (FilePerBlockStrategy.java:<init>(88)) - ozone.chunk.read.mapped.buffer.max.count is load with 0
2025-07-15 19:44:34,819 [main] INFO  server.RaftServerConfigKeys (ConfUtils.java:logGet(62)) - raft.server.log.appender.buffer.byte-limit = 33554432 (custom)
2025-07-15 19:44:34,821 [main] INFO  grpc.GrpcConfigKeys (ConfUtils.java:logFallback(69)) - raft.grpc.admin.host = null (fallback to raft.grpc.server.host)
2025-07-15 19:44:34,821 [main] INFO  grpc.GrpcConfigKeys (ConfUtils.java:logGet(62)) - raft.grpc.admin.port = 15086 (custom)
2025-07-15 19:44:34,821 [main] INFO  grpc.GrpcConfigKeys (ConfUtils.java:logFallback(69)) - raft.grpc.client.host = null (fallback to raft.grpc.server.host)
2025-07-15 19:44:34,821 [main] INFO  grpc.GrpcConfigKeys (ConfUtils.java:logGet(62)) - raft.grpc.client.port = 15085 (custom)
2025-07-15 19:44:34,821 [main] INFO  grpc.GrpcConfigKeys (ConfUtils.java:logGet(62)) - raft.grpc.server.port = 15087 (custom)
2025-07-15 19:44:34,821 [main] INFO  server.GrpcServicesImpl (ConfUtils.java:logGet(62)) - raft.grpc.message.size.max = 34603008 (custom)
2025-07-15 19:44:34,821 [main] INFO  server.GrpcServicesImpl (ConfUtils.java:logGet(62)) - raft.grpc.flow.control.window = 5MB (=5242880) (custom)
2025-07-15 19:44:34,821 [main] INFO  server.RaftServerConfigKeys (ConfUtils.java:logGet(62)) - raft.server.log.appender.buffer.byte-limit = 33554432 (custom)
2025-07-15 19:44:34,823 [main] INFO  netty.NettyUtils (NettyUtils.java:newEventLoopGroup(74)) - Create EpollEventLoopGroup for 072971cd-5d05-4d2d-80ca-509be4281031-NettyServerStreamRpc-bossGroup; Thread size is 0.
2025-07-15 19:44:34,824 [main] INFO  netty.NettyUtils (NettyUtils.java:newEventLoopGroup(74)) - Create EpollEventLoopGroup for 072971cd-5d05-4d2d-80ca-509be4281031-NettyServerStreamRpc-workerGroup; Thread size is 0.
2025-07-15 19:44:34,825 [main] INFO  netty.NettyConfigKeys$DataStream (ConfUtils.java:logGet(62)) - raft.netty.dataStream.port = 15088 (custom)
2025-07-15 19:44:34,825 [main] INFO  server.RaftServerConfigKeys (ConfUtils.java:logGet(62)) - raft.server.storage.dir = [/home/runner/work/ozone/ozone/hadoop-ozone/integration-test/target/test-dir/MiniOzoneClusterImpl-7a2c00ee-15e1-4921-aa6b-526c14ec89d8/ozone-meta/datanode-10/ratis] (custom)
2025-07-15 19:44:34,826 [EventQueue-PipelineReportForOneReplicaPipelineSafeModeRule] INFO  safemode.SCMSafeModeManager (SCMSafeModeManager.java:validateSafeModeExitRules(138)) - AtleastOneDatanodeReportedRule rule is successfully validated
2025-07-15 19:44:34,826 [072971cd-5d05-4d2d-80ca-509be4281031-NettyServerStreamRpc-bossGroup--thread1] INFO  logging.LoggingHandler (AbstractInternalLogger.java:log(148)) - [id: 0x07442fde] REGISTERED
2025-07-15 19:44:34,826 [072971cd-5d05-4d2d-80ca-509be4281031-NettyServerStreamRpc-bossGroup--thread1] INFO  logging.LoggingHandler (AbstractInternalLogger.java:log(148)) - [id: 0x07442fde] BIND: 0.0.0.0/0.0.0.0:15088
2025-07-15 19:44:34,826 [072971cd-5d05-4d2d-80ca-509be4281031-NettyServerStreamRpc-bossGroup--thread1] INFO  logging.LoggingHandler (AbstractInternalLogger.java:log(148)) - [id: 0x07442fde, L:/0.0.0.0:15088] ACTIVE
2025-07-15 19:44:34,827 [072971cd-5d05-4d2d-80ca-509be4281031-impl-thread1] INFO  server.RaftServer (RaftServerProxy.java:initGroupDir(270)) - 072971cd-5d05-4d2d-80ca-509be4281031: found a subdirectory /home/runner/work/ozone/ozone/hadoop-ozone/integration-test/target/test-dir/MiniOzoneClusterImpl-7a2c00ee-15e1-4921-aa6b-526c14ec89d8/ozone-meta/datanode-10/ratis/tmp
2025-07-15 19:44:34,827 [072971cd-5d05-4d2d-80ca-509be4281031-impl-thread1] INFO  server.RaftServer (RaftServerProxy.java:initGroupDir(275)) - 072971cd-5d05-4d2d-80ca-509be4281031: The directory /home/runner/work/ozone/ozone/hadoop-ozone/integration-test/target/test-dir/MiniOzoneClusterImpl-7a2c00ee-15e1-4921-aa6b-526c14ec89d8/ozone-meta/datanode-10/ratis/tmp is not a group directory; ignoring it. 
2025-07-15 19:44:34,827 [main] INFO  replication.ReplicationServer (ReplicationServer.java:<init>(84)) - Initializing replication server with thread count = 10 queue length = 4096
2025-07-15 19:44:34,828 [main] INFO  server.XceiverServerGrpc (XceiverServerGrpc.java:<init>(130)) - GrpcServer channel type EpollServerSocketChannel
2025-07-15 19:44:34,829 [main] INFO  replication.ReplicationSupervisor (ReplicationSupervisor.java:build(169)) - Initializing replication supervisor with thread count = 10
2025-07-15 19:44:34,830 [main] INFO  replication.ReplicationSupervisor (ReplicationSupervisor.java:nodeStateUpdated(358)) - Node state updated to IN_SERVICE, scaling executor pool size to 10
2025-07-15 19:44:34,832 [main] INFO  http.BaseHttpServer (BaseHttpServer.java:newHttpServer2BuilderForOzone(229)) - Starting Web-server for hddsDatanode at: http://0.0.0.0:15082
2025-07-15 19:44:34,832 [main] INFO  http.BaseHttpServer (BaseHttpServer.java:<init>(107)) - Hadoop Security Enabled: false Ozone Security Enabled: false Ozone HTTP Security Enabled: false 
2025-07-15 19:44:34,834 [main] WARN  server.AuthenticationFilter (AuthenticationFilter.java:constructSecretProvider(240)) - Unable to initialize FileSignerSecretProvider, falling back to use random secrets. Reason: Could not read signature secret file: /home/runner/hadoop-http-auth-signature-secret
2025-07-15 19:44:34,837 [main] INFO  http.HttpServer2 (HttpServer2.java:addGlobalFilter(1042)) - Added global filter 'safety' (class=org.apache.hadoop.hdds.server.http.HttpServer2$QuotingInputFilter)
2025-07-15 19:44:34,838 [main] INFO  http.HttpServer2 (HttpServer2.java:addFilter(1018)) - Added filter static_user_filter (class=org.apache.hadoop.http.lib.StaticUserWebFilter$StaticUserFilter) to context hddsDatanode
2025-07-15 19:44:34,838 [main] INFO  http.HttpServer2 (HttpServer2.java:addFilter(1026)) - Added filter static_user_filter (class=org.apache.hadoop.http.lib.StaticUserWebFilter$StaticUserFilter) to context logs
2025-07-15 19:44:34,838 [main] INFO  http.HttpServer2 (HttpServer2.java:addFilter(1026)) - Added filter static_user_filter (class=org.apache.hadoop.http.lib.StaticUserWebFilter$StaticUserFilter) to context static
2025-07-15 19:44:34,839 [main] INFO  http.BaseHttpServer (BaseHttpServer.java:<init>(195)) - HTTP server of hddsDatanode uses base directory /home/runner/work/ozone/ozone/hadoop-ozone/integration-test/target/test-dir/MiniOzoneClusterImpl-7a2c00ee-15e1-4921-aa6b-526c14ec89d8/ozone-meta/datanode-10/meta/webserver
2025-07-15 19:44:34,839 [main] INFO  http.HttpServer2 (HttpServer2.java:bindListener(1242)) - Jetty bound to port 15082
2025-07-15 19:44:34,839 [main] INFO  server.Server (Server.java:doStart(375)) - jetty-9.4.57.v20241219; built: 2025-01-08T21:24:30.412Z; git: df524e6b29271c2e09ba9aea83c18dc9db464a31; jvm 21.0.7+6-LTS
2025-07-15 19:44:34,842 [main] INFO  server.session (DefaultSessionIdManager.java:doStart(334)) - DefaultSessionIdManager workerName=node0
2025-07-15 19:44:34,842 [main] INFO  server.session (DefaultSessionIdManager.java:doStart(339)) - No SessionScavenger set, using defaults
2025-07-15 19:44:34,842 [main] INFO  server.session (HouseKeeper.java:startScavenging(132)) - node0 Scavenging every 660000ms
2025-07-15 19:44:34,843 [main] INFO  handler.ContextHandler (ContextHandler.java:doStart(921)) - Started o.e.j.s.ServletContextHandler@632269c1{logs,/logs,file:///home/runner/work/ozone/ozone/hadoop-ozone/integration-test/target/log,AVAILABLE}
2025-07-15 19:44:34,843 [main] INFO  handler.ContextHandler (ContextHandler.java:doStart(921)) - Started o.e.j.s.ServletContextHandler@2f7ea92a{static,/static,jar:file:/home/runner/work/ozone/ozone/hadoop-hdds/container-service/target/hdds-container-service-2.1.0-SNAPSHOT.jar!/webapps/static,AVAILABLE}
2025-07-15 19:44:34,847 [262265f8-b6b0-4173-8249-6c4ff56c562c-EndpointStateMachineTaskThread-/0.0.0.0:15002-0 ] INFO  utils.DatanodeStoreCache (DatanodeStoreCache.java:addDB(70)) - Added db /home/runner/work/ozone/ozone/hadoop-ozone/integration-test/target/test-dir/MiniOzoneClusterImpl-7a2c00ee-15e1-4921-aa6b-526c14ec89d8/ozone-meta/datanode-7/data-0/hdds/7a2c00ee-15e1-4921-aa6b-526c14ec89d8/DS-d43809f7-caa8-46a1-8864-290b431f99c8/container.db to cache
2025-07-15 19:44:34,847 [262265f8-b6b0-4173-8249-6c4ff56c562c-EndpointStateMachineTaskThread-/0.0.0.0:15002-0 ] INFO  volume.HddsVolume (HddsVolume.java:createDbStore(575)) - SchemaV3 db is created and loaded at /home/runner/work/ozone/ozone/hadoop-ozone/integration-test/target/test-dir/MiniOzoneClusterImpl-7a2c00ee-15e1-4921-aa6b-526c14ec89d8/ozone-meta/datanode-7/data-0/hdds/7a2c00ee-15e1-4921-aa6b-526c14ec89d8/DS-d43809f7-caa8-46a1-8864-290b431f99c8/container.db for volume DS-d43809f7-caa8-46a1-8864-290b431f99c8
2025-07-15 19:44:34,854 [262265f8-b6b0-4173-8249-6c4ff56c562c-ContainerReader-0] INFO  ozoneimpl.ContainerReader (ContainerReader.java:readVolume(144)) - Start to verify containers on volume /home/runner/work/ozone/ozone/hadoop-ozone/integration-test/target/test-dir/MiniOzoneClusterImpl-7a2c00ee-15e1-4921-aa6b-526c14ec89d8/ozone-meta/datanode-7/data-0/hdds
2025-07-15 19:44:34,855 [262265f8-b6b0-4173-8249-6c4ff56c562c-ContainerReader-0] INFO  ozoneimpl.ContainerReader (ContainerReader.java:readVolume(174)) - Finish verifying containers on volume /home/runner/work/ozone/ozone/hadoop-ozone/integration-test/target/test-dir/MiniOzoneClusterImpl-7a2c00ee-15e1-4921-aa6b-526c14ec89d8/ozone-meta/datanode-7/data-0/hdds
2025-07-15 19:44:34,855 [262265f8-b6b0-4173-8249-6c4ff56c562c-EndpointStateMachineTaskThread-/0.0.0.0:15002-0 ] INFO  ozoneimpl.OzoneContainer (OzoneContainer.java:buildContainerSet(370)) - Build ContainerSet costs 0s
2025-07-15 19:44:34,855 [262265f8-b6b0-4173-8249-6c4ff56c562c-EndpointStateMachineTaskThread-/0.0.0.0:15002-0 ] INFO  volume.ThrottledAsyncChecker (ThrottledAsyncChecker.java:schedule(138)) - Scheduling a check for /home/runner/work/ozone/ozone/hadoop-ozone/integration-test/target/test-dir/MiniOzoneClusterImpl-7a2c00ee-15e1-4921-aa6b-526c14ec89d8/ozone-meta/datanode-7/data-0/hdds
2025-07-15 19:44:34,856 [262265f8-b6b0-4173-8249-6c4ff56c562c-EndpointStateMachineTaskThread-/0.0.0.0:15002-0 ] INFO  volume.StorageVolumeChecker (StorageVolumeChecker.java:checkAllVolumes(215)) - Scheduled health check for volume /home/runner/work/ozone/ozone/hadoop-ozone/integration-test/target/test-dir/MiniOzoneClusterImpl-7a2c00ee-15e1-4921-aa6b-526c14ec89d8/ozone-meta/datanode-7/data-0/hdds
2025-07-15 19:44:34,862 [262265f8-b6b0-4173-8249-6c4ff56c562c-EndpointStateMachineTaskThread-/0.0.0.0:15002-0 ] INFO  volume.ThrottledAsyncChecker (ThrottledAsyncChecker.java:schedule(138)) - Scheduling a check for /home/runner/work/ozone/ozone/hadoop-ozone/integration-test/target/test-dir/MiniOzoneClusterImpl-7a2c00ee-15e1-4921-aa6b-526c14ec89d8/ozone-meta/datanode-7/ratis
2025-07-15 19:44:34,863 [262265f8-b6b0-4173-8249-6c4ff56c562c-EndpointStateMachineTaskThread-/0.0.0.0:15002-0 ] INFO  volume.StorageVolumeChecker (StorageVolumeChecker.java:checkAllVolumes(215)) - Scheduled health check for volume /home/runner/work/ozone/ozone/hadoop-ozone/integration-test/target/test-dir/MiniOzoneClusterImpl-7a2c00ee-15e1-4921-aa6b-526c14ec89d8/ozone-meta/datanode-7/ratis
2025-07-15 19:44:34,864 [262265f8-b6b0-4173-8249-6c4ff56c562c-EndpointStateMachineTaskThread-/0.0.0.0:15002-0 ] INFO  ozoneimpl.OzoneContainer (OzoneContainer.java:start(520)) - Attempting to start container services.
2025-07-15 19:44:34,865 [ContainerMetadataScanner] INFO  ozoneimpl.AbstractBackgroundContainerScanner (AbstractBackgroundContainerScanner.java:runIteration(89)) - Completed an iteration in 0 minutes. Number of iterations (since the data-node restart) : 1, Number of containers scanned in this iteration : 0, Number of unhealthy containers found in this iteration : 0
2025-07-15 19:44:34,866 [ContainerDataScanner(/home/runner/work/ozone/ozone/hadoop-ozone/integration-test/target/test-dir/MiniOzoneClusterImpl-7a2c00ee-15e1-4921-aa6b-526c14ec89d8/ozone-meta/datanode-7/data-0/hdds)] INFO  ozoneimpl.AbstractBackgroundContainerScanner (AbstractBackgroundContainerScanner.java:runIteration(89)) - Completed an iteration in 0 minutes. Number of iterations (since the data-node restart) : 1, Number of containers scanned in this iteration : 0, Number of unhealthy containers found in this iteration : 0
2025-07-15 19:44:34,867 [262265f8-b6b0-4173-8249-6c4ff56c562c-EndpointStateMachineTaskThread-/0.0.0.0:15002-0 ] INFO  replication.ReplicationServer (ReplicationServer.java:start(137)) - ReplicationServer is started using port 15065
2025-07-15 19:44:34,867 [262265f8-b6b0-4173-8249-6c4ff56c562c-EndpointStateMachineTaskThread-/0.0.0.0:15002-0 ] INFO  ratis.XceiverServerRatis (XceiverServerRatis.java:start(559)) - Starting XceiverServerRatis(262265f8-b6b0-4173-8249-6c4ff56c562c)
2025-07-15 19:44:34,868 [262265f8-b6b0-4173-8249-6c4ff56c562c-EndpointStateMachineTaskThread-/0.0.0.0:15002-0 ] INFO  server.RaftServer (RaftServerProxy.java:startImpl(412)) - 262265f8-b6b0-4173-8249-6c4ff56c562c: start RPC server
2025-07-15 19:44:34,869 [262265f8-b6b0-4173-8249-6c4ff56c562c-EndpointStateMachineTaskThread-/0.0.0.0:15002-0 ] INFO  server.GrpcServicesImpl (GrpcServicesImpl.java:startImpl(346)) - 262265f8-b6b0-4173-8249-6c4ff56c562c: GrpcServicesImpl started, listening on 15061
2025-07-15 19:44:34,869 [262265f8-b6b0-4173-8249-6c4ff56c562c-EndpointStateMachineTaskThread-/0.0.0.0:15002-0 ] INFO  server.GrpcServicesImpl (GrpcServicesImpl.java:startImpl(346)) - 262265f8-b6b0-4173-8249-6c4ff56c562c: GrpcServicesImpl started, listening on 15063
2025-07-15 19:44:34,870 [262265f8-b6b0-4173-8249-6c4ff56c562c-EndpointStateMachineTaskThread-/0.0.0.0:15002-0 ] INFO  server.GrpcServicesImpl (GrpcServicesImpl.java:startImpl(346)) - 262265f8-b6b0-4173-8249-6c4ff56c562c: GrpcServicesImpl started, listening on 15062
2025-07-15 19:44:34,871 [JvmPauseMonitor9] INFO  util.JvmPauseMonitor (JvmPauseMonitor.java:run(146)) - JvmPauseMonitor-262265f8-b6b0-4173-8249-6c4ff56c562c: Started
2025-07-15 19:44:34,871 [262265f8-b6b0-4173-8249-6c4ff56c562c-EndpointStateMachineTaskThread-/0.0.0.0:15002-0 ] INFO  ratis.XceiverServerRatis (XceiverServerRatis.java:getRealPort(586)) - XceiverServerRatis(262265f8-b6b0-4173-8249-6c4ff56c562c) is started using port RATIS=15061
2025-07-15 19:44:34,872 [262265f8-b6b0-4173-8249-6c4ff56c562c-EndpointStateMachineTaskThread-/0.0.0.0:15002-0 ] INFO  ratis.XceiverServerRatis (XceiverServerRatis.java:getRealPort(586)) - XceiverServerRatis(262265f8-b6b0-4173-8249-6c4ff56c562c) is started using port RATIS_ADMIN=15062
2025-07-15 19:44:34,872 [262265f8-b6b0-4173-8249-6c4ff56c562c-EndpointStateMachineTaskThread-/0.0.0.0:15002-0 ] INFO  ratis.XceiverServerRatis (XceiverServerRatis.java:getRealPort(586)) - XceiverServerRatis(262265f8-b6b0-4173-8249-6c4ff56c562c) is started using port RATIS_SERVER=15063
2025-07-15 19:44:34,872 [262265f8-b6b0-4173-8249-6c4ff56c562c-EndpointStateMachineTaskThread-/0.0.0.0:15002-0 ] INFO  ratis.XceiverServerRatis (XceiverServerRatis.java:getRealPort(586)) - XceiverServerRatis(262265f8-b6b0-4173-8249-6c4ff56c562c) is started using port RATIS_DATASTREAM=15064
2025-07-15 19:44:34,873 [262265f8-b6b0-4173-8249-6c4ff56c562c-EndpointStateMachineTaskThread-/0.0.0.0:15002-0 ] INFO  utils.BackgroundService (BackgroundService.java:start(118)) - Starting service BlockDeletingService with interval 60000 milliseconds
2025-07-15 19:44:34,874 [262265f8-b6b0-4173-8249-6c4ff56c562c-EndpointStateMachineTaskThread-/0.0.0.0:15002-0 ] INFO  utils.BackgroundService (BackgroundService.java:start(118)) - Starting service StaleRecoveringContainerScrubbingService with interval 60000 milliseconds
2025-07-15 19:44:34,880 [EventQueue-PipelineReportForOneReplicaPipelineSafeModeRule] INFO  safemode.SCMSafeModeManager (SCMSafeModeManager.java:validateSafeModeExitRules(138)) - AtleastOneDatanodeReportedRule rule is successfully validated
2025-07-15 19:44:35,001 [EventQueue-PipelineReportForOneReplicaPipelineSafeModeRule] INFO  safemode.SCMSafeModeManager (SCMSafeModeManager.java:validateSafeModeExitRules(138)) - AtleastOneDatanodeReportedRule rule is successfully validated
2025-07-15 19:44:35,010 [main] INFO  handler.ContextHandler (ContextHandler.java:doStart(921)) - Started o.e.j.w.WebAppContext@5f5a5143{hddsDatanode,/,file:///home/runner/work/ozone/ozone/hadoop-ozone/integration-test/target/test-dir/MiniOzoneClusterImpl-7a2c00ee-15e1-4921-aa6b-526c14ec89d8/ozone-meta/datanode-10/meta/webserver/jetty-0_0_0_0-15082-hdds-container-service-2_1_0-SNAPSHOT_jar-_-any-3970990182729218884/webapp/,AVAILABLE}{jar:file:/home/runner/work/ozone/ozone/hadoop-hdds/container-service/target/hdds-container-service-2.1.0-SNAPSHOT.jar!/webapps/hddsDatanode}
2025-07-15 19:44:35,011 [main] INFO  server.AbstractConnector (AbstractConnector.java:doStart(333)) - Started ServerConnector@59f57462{HTTP/1.1, (http/1.1)}{0.0.0.0:15082}
2025-07-15 19:44:35,011 [main] INFO  server.Server (Server.java:doStart(415)) - Started @13505ms
2025-07-15 19:44:35,011 [main] WARN  impl.MetricsSystemImpl (MetricsSystemImpl.java:register(279)) - Sink prometheus already exists!
2025-07-15 19:44:35,011 [main] INFO  http.BaseHttpServer (BaseHttpServer.java:updateConnectorAddress(359)) - HTTP server of hddsDatanode listening at http://localhost:15082
2025-07-15 19:44:35,011 [main] INFO  ipc.CallQueueManager (CallQueueManager.java:<init>(93)) - Using callQueue: class java.util.concurrent.LinkedBlockingQueue, queueCapacity: 1000, scheduler: class org.apache.hadoop.ipc.DefaultRpcScheduler, ipcBackoff: false, ipcFailOver: false.
2025-07-15 19:44:35,012 [main] INFO  ipc.Server (Server.java:<init>(1438)) - Listener at 0.0.0.0:15083
2025-07-15 19:44:35,017 [Socket Reader #1 for port 15083] INFO  ipc.Server (Server.java:run(1474)) - Starting Socket Reader #1 for port 15083
2025-07-15 19:44:35,017 [Socket Reader #2 for port 15083] INFO  ipc.Server (Server.java:run(1474)) - Starting Socket Reader #2 for port 15083
2025-07-15 19:44:35,017 [Socket Reader #3 for port 15083] INFO  ipc.Server (Server.java:run(1474)) - Starting Socket Reader #3 for port 15083
2025-07-15 19:44:35,017 [Socket Reader #4 for port 15083] INFO  ipc.Server (Server.java:run(1474)) - Starting Socket Reader #4 for port 15083
2025-07-15 19:44:35,017 [Socket Reader #5 for port 15083] INFO  ipc.Server (Server.java:run(1474)) - Starting Socket Reader #5 for port 15083
2025-07-15 19:44:35,018 [Socket Reader #6 for port 15083] INFO  ipc.Server (Server.java:run(1474)) - Starting Socket Reader #6 for port 15083
2025-07-15 19:44:35,018 [Socket Reader #7 for port 15083] INFO  ipc.Server (Server.java:run(1474)) - Starting Socket Reader #7 for port 15083
2025-07-15 19:44:35,018 [Socket Reader #8 for port 15083] INFO  ipc.Server (Server.java:run(1474)) - Starting Socket Reader #8 for port 15083
2025-07-15 19:44:35,018 [Socket Reader #9 for port 15083] INFO  ipc.Server (Server.java:run(1474)) - Starting Socket Reader #9 for port 15083
2025-07-15 19:44:35,018 [Socket Reader #10 for port 15083] INFO  ipc.Server (Server.java:run(1474)) - Starting Socket Reader #10 for port 15083
2025-07-15 19:44:35,020 [main] INFO  ozone.HddsDatanodeService (HddsDatanodeService.java:start(333)) - Datanode start with admins: [admin, runner]
2025-07-15 19:44:35,020 [main] INFO  ozone.HddsDatanodeClientProtocolServer (HddsDatanodeClientProtocolServer.java:start(76)) - RPC server for Client /0.0.0.0:15083
2025-07-15 19:44:35,021 [IPC Server Responder] INFO  ipc.Server (Server.java:run(1713)) - IPC Server Responder: starting
2025-07-15 19:44:35,021 [IPC Server listener on 15083] INFO  ipc.Server (Server.java:run(1553)) - IPC Server listener on 15083: starting
2025-07-15 19:44:35,023 [072971cd-5d05-4d2d-80ca-509be4281031-DatanodeStateMachineDaemonThread] INFO  statemachine.DatanodeStateMachine (DatanodeStateMachine.java:startStateMachineThread(347)) - Ozone container server started.
2025-07-15 19:44:35,026 [EventQueue-PipelineReportForOneReplicaPipelineSafeModeRule] INFO  safemode.SCMSafeModeManager (SCMSafeModeManager.java:validateSafeModeExitRules(138)) - AtleastOneDatanodeReportedRule rule is successfully validated
2025-07-15 19:44:35,026 [main] INFO  ozone.MiniOzoneClusterImpl (MiniOzoneClusterImpl.java:lambda$waitForClusterToBeReady$0(173)) - Waiting for nodes to be ready. Got 5 of 10 DN Heartbeats.
2025-07-15 19:44:35,027 [main] INFO  ozone.MiniOzoneClusterImpl (MiniOzoneClusterImpl.java:lambda$waitForClusterToBeReady$0(176)) - Waiting for cluster to exit safe mode
2025-07-15 19:44:35,027 [main] INFO  ozone.MiniOzoneClusterImpl (MiniOzoneClusterImpl.java:lambda$waitForClusterToBeReady$0(178)) - SCM became leader
2025-07-15 19:44:35,028 [072971cd-5d05-4d2d-80ca-509be4281031-DatanodeStateMachineTaskThread-0] INFO  datanode.InitDatanodeState (InitDatanodeState.java:persistContainerDatanodeDetails(139)) - DatanodeDetails is persisted to /home/runner/work/ozone/ozone/hadoop-ozone/integration-test/target/test-dir/MiniOzoneClusterImpl-7a2c00ee-15e1-4921-aa6b-526c14ec89d8/ozone-meta/datanode-10/meta/datanode.id
2025-07-15 19:44:35,032 [IPC Server handler 8 on default port 15002] INFO  net.NetworkTopologyImpl (NetworkTopologyImpl.java:add(133)) - Added a new node: /default-rack/1ed39f2b-ba05-41d4-bcbc-50acfb489962
2025-07-15 19:44:35,032 [IPC Server handler 8 on default port 15002] INFO  node.SCMNodeManager (SCMNodeManager.java:register(423)) - Registered datanode: 1ed39f2b-ba05-41d4-bcbc-50acfb489962{ip: 127.0.0.1, host: localhost, ports: [HTTP=15050, CLIENT_RPC=15051, REPLICATION=15057, RATIS=15053, RATIS_ADMIN=15054, RATIS_SERVER=15055, RATIS_DATASTREAM=15056, STANDALONE=15052], networkLocation: /default-rack, certSerialId: null, persistedOpState: null, persistedOpStateExpiryEpochSec: 0}
2025-07-15 19:44:35,032 [EventQueue-NodeRegistrationContainerReportForDataNodeSafeModeRule] INFO  safemode.SCMSafeModeManager (SCMSafeModeManager.java:validateSafeModeExitRules(138)) - DataNodeSafeModeRule rule is successfully validated
2025-07-15 19:44:35,032 [EventQueue-ContainerRegistrationReportForECContainerSafeModeRule] INFO  safemode.SCMSafeModeManager (SCMSafeModeManager.java:validateSafeModeExitRules(138)) - ECContainerSafeModeRule rule is successfully validated
2025-07-15 19:44:35,032 [EventQueue-NewNodeForNewNodeHandler] INFO  pipeline.BackgroundPipelineCreator (BackgroundPipelineCreator.java:notifyEventTriggered(290)) - trigger a one-shot run on RatisPipelineUtilsThread.
2025-07-15 19:44:35,032 [EventQueue-PipelineReportForOneReplicaPipelineSafeModeRule] INFO  safemode.SCMSafeModeManager (SCMSafeModeManager.java:validateSafeModeExitRules(138)) - AtleastOneDatanodeReportedRule rule is successfully validated
2025-07-15 19:44:35,033 [EventQueue-ContainerRegistrationReportForRatisContainerSafeModeRule] INFO  safemode.SCMSafeModeManager (SCMSafeModeManager.java:validateSafeModeExitRules(138)) - RatisContainerSafeModeRule rule is successfully validated
2025-07-15 19:44:35,033 [RatisPipelineUtilsThread-0] INFO  pipeline.RatisPipelineProvider (RatisPipelineProvider.java:lambda$create$0(208)) - Sending CreatePipelineCommand for pipeline:Pipeline-b329f436-fe94-451c-85fd-f57fa6a6e453 to datanode:1ed39f2b-ba05-41d4-bcbc-50acfb489962(localhost/127.0.0.1)
2025-07-15 19:44:35,035 [5b76e34f-336a-4d5f-b46b-52fa87015b9f@group-526C14EC89D8-StateMachineUpdater] INFO  safemode.SCMSafeModeManager (SCMSafeModeManager.java:validateSafeModeExitRules(138)) - DataNodeSafeModeRule rule is successfully validated
2025-07-15 19:44:35,035 [5b76e34f-336a-4d5f-b46b-52fa87015b9f@group-526C14EC89D8-StateMachineUpdater] INFO  safemode.SCMSafeModeManager (SCMSafeModeManager.java:validateSafeModeExitRules(138)) - RatisContainerSafeModeRule rule is successfully validated
2025-07-15 19:44:35,035 [5b76e34f-336a-4d5f-b46b-52fa87015b9f@group-526C14EC89D8-StateMachineUpdater] INFO  safemode.HealthyPipelineSafeModeRule (HealthyPipelineSafeModeRule.java:initializeRule(228)) - Refreshed total pipeline count is 0, healthy pipeline threshold count is 1
2025-07-15 19:44:35,035 [5b76e34f-336a-4d5f-b46b-52fa87015b9f@group-526C14EC89D8-StateMachineUpdater] INFO  safemode.SCMSafeModeManager (SCMSafeModeManager.java:validateSafeModeExitRules(138)) - ECContainerSafeModeRule rule is successfully validated
2025-07-15 19:44:35,035 [5b76e34f-336a-4d5f-b46b-52fa87015b9f@group-526C14EC89D8-StateMachineUpdater] INFO  safemode.SCMSafeModeManager (SCMSafeModeManager.java:validateSafeModeExitRules(138)) - AtleastOneDatanodeReportedRule rule is successfully validated
2025-07-15 19:44:35,036 [RatisPipelineUtilsThread-0] INFO  pipeline.BackgroundPipelineCreator (BackgroundPipelineCreator.java:createPipelines(246)) - Created new pipeline Pipeline{ Id: b329f436-fe94-451c-85fd-f57fa6a6e453, Nodes: [ {1ed39f2b-ba05-41d4-bcbc-50acfb489962(localhost/127.0.0.1), ReplicaIndex: 0},], ReplicationConfig: RATIS/ONE, State:ALLOCATED, leaderId:, CreationTimestamp2025-07-15T19:44:35.033328734Z[Etc/UTC]}
2025-07-15 19:44:35,037 [RatisPipelineUtilsThread-0] INFO  pipeline.RatisPipelineProvider (RatisPipelineProvider.java:lambda$create$0(208)) - Sending CreatePipelineCommand for pipeline:Pipeline-2a9ac051-bf0b-4ff2-8e2f-8c8a76c13734 to datanode:99cb6aa4-ab14-4525-b571-11fa40308ff9(localhost/127.0.0.1)
2025-07-15 19:44:35,037 [RatisPipelineUtilsThread-0] INFO  pipeline.RatisPipelineProvider (RatisPipelineProvider.java:lambda$create$0(208)) - Sending CreatePipelineCommand for pipeline:Pipeline-2a9ac051-bf0b-4ff2-8e2f-8c8a76c13734 to datanode:1ed39f2b-ba05-41d4-bcbc-50acfb489962(localhost/127.0.0.1)
2025-07-15 19:44:35,037 [RatisPipelineUtilsThread-0] INFO  pipeline.RatisPipelineProvider (RatisPipelineProvider.java:lambda$create$0(208)) - Sending CreatePipelineCommand for pipeline:Pipeline-2a9ac051-bf0b-4ff2-8e2f-8c8a76c13734 to datanode:faa2b429-16a2-49fa-ab42-514c70ac334b(localhost/127.0.0.1)
2025-07-15 19:44:35,039 [5b76e34f-336a-4d5f-b46b-52fa87015b9f@group-526C14EC89D8-StateMachineUpdater] INFO  safemode.SCMSafeModeManager (SCMSafeModeManager.java:validateSafeModeExitRules(138)) - DataNodeSafeModeRule rule is successfully validated
2025-07-15 19:44:35,039 [5b76e34f-336a-4d5f-b46b-52fa87015b9f@group-526C14EC89D8-StateMachineUpdater] INFO  safemode.SCMSafeModeManager (SCMSafeModeManager.java:validateSafeModeExitRules(138)) - RatisContainerSafeModeRule rule is successfully validated
2025-07-15 19:44:35,039 [5b76e34f-336a-4d5f-b46b-52fa87015b9f@group-526C14EC89D8-StateMachineUpdater] INFO  safemode.HealthyPipelineSafeModeRule (HealthyPipelineSafeModeRule.java:initializeRule(228)) - Refreshed total pipeline count is 0, healthy pipeline threshold count is 1
2025-07-15 19:44:35,039 [5b76e34f-336a-4d5f-b46b-52fa87015b9f@group-526C14EC89D8-StateMachineUpdater] INFO  safemode.SCMSafeModeManager (SCMSafeModeManager.java:validateSafeModeExitRules(138)) - ECContainerSafeModeRule rule is successfully validated
2025-07-15 19:44:35,039 [5b76e34f-336a-4d5f-b46b-52fa87015b9f@group-526C14EC89D8-StateMachineUpdater] INFO  safemode.SCMSafeModeManager (SCMSafeModeManager.java:validateSafeModeExitRules(138)) - AtleastOneDatanodeReportedRule rule is successfully validated
2025-07-15 19:44:35,039 [RatisPipelineUtilsThread-0] INFO  pipeline.BackgroundPipelineCreator (BackgroundPipelineCreator.java:createPipelines(246)) - Created new pipeline Pipeline{ Id: 2a9ac051-bf0b-4ff2-8e2f-8c8a76c13734, Nodes: [ {99cb6aa4-ab14-4525-b571-11fa40308ff9(localhost/127.0.0.1), ReplicaIndex: 0}, {1ed39f2b-ba05-41d4-bcbc-50acfb489962(localhost/127.0.0.1), ReplicaIndex: 0}, {faa2b429-16a2-49fa-ab42-514c70ac334b(localhost/127.0.0.1), ReplicaIndex: 0},], ReplicationConfig: RATIS/THREE, State:ALLOCATED, leaderId:, CreationTimestamp2025-07-15T19:44:35.036995226Z[Etc/UTC]}
2025-07-15 19:44:35,040 [RatisPipelineUtilsThread-0] INFO  pipeline.RatisPipelineProvider (RatisPipelineProvider.java:lambda$create$0(208)) - Sending CreatePipelineCommand for pipeline:Pipeline-4f81a5f5-7675-4903-8736-5ee77318bc33 to datanode:faa2b429-16a2-49fa-ab42-514c70ac334b(localhost/127.0.0.1)
2025-07-15 19:44:35,040 [RatisPipelineUtilsThread-0] INFO  pipeline.RatisPipelineProvider (RatisPipelineProvider.java:lambda$create$0(208)) - Sending CreatePipelineCommand for pipeline:Pipeline-4f81a5f5-7675-4903-8736-5ee77318bc33 to datanode:99cb6aa4-ab14-4525-b571-11fa40308ff9(localhost/127.0.0.1)
2025-07-15 19:44:35,040 [RatisPipelineUtilsThread-0] INFO  pipeline.RatisPipelineProvider (RatisPipelineProvider.java:lambda$create$0(208)) - Sending CreatePipelineCommand for pipeline:Pipeline-4f81a5f5-7675-4903-8736-5ee77318bc33 to datanode:1ed39f2b-ba05-41d4-bcbc-50acfb489962(localhost/127.0.0.1)
2025-07-15 19:44:35,043 [5b76e34f-336a-4d5f-b46b-52fa87015b9f@group-526C14EC89D8-StateMachineUpdater] INFO  safemode.SCMSafeModeManager (SCMSafeModeManager.java:validateSafeModeExitRules(138)) - DataNodeSafeModeRule rule is successfully validated
2025-07-15 19:44:35,044 [5b76e34f-336a-4d5f-b46b-52fa87015b9f@group-526C14EC89D8-StateMachineUpdater] INFO  safemode.SCMSafeModeManager (SCMSafeModeManager.java:validateSafeModeExitRules(138)) - RatisContainerSafeModeRule rule is successfully validated
2025-07-15 19:44:35,044 [5b76e34f-336a-4d5f-b46b-52fa87015b9f@group-526C14EC89D8-StateMachineUpdater] INFO  safemode.HealthyPipelineSafeModeRule (HealthyPipelineSafeModeRule.java:initializeRule(228)) - Refreshed total pipeline count is 0, healthy pipeline threshold count is 1
2025-07-15 19:44:35,044 [5b76e34f-336a-4d5f-b46b-52fa87015b9f@group-526C14EC89D8-StateMachineUpdater] INFO  safemode.SCMSafeModeManager (SCMSafeModeManager.java:validateSafeModeExitRules(138)) - ECContainerSafeModeRule rule is successfully validated
2025-07-15 19:44:35,044 [5b76e34f-336a-4d5f-b46b-52fa87015b9f@group-526C14EC89D8-StateMachineUpdater] INFO  safemode.SCMSafeModeManager (SCMSafeModeManager.java:validateSafeModeExitRules(138)) - AtleastOneDatanodeReportedRule rule is successfully validated
2025-07-15 19:44:35,044 [RatisPipelineUtilsThread-0] INFO  pipeline.PipelineManagerImpl (PipelineManagerImpl.java:recordMetricsForPipeline(922)) - Pipeline-4f81a5f5-7675-4903-8736-5ee77318bc33 and Pipeline-2a9ac051-bf0b-4ff2-8e2f-8c8a76c13734 have exactly the same set of datanodes: [faa2b429-16a2-49fa-ab42-514c70ac334b(localhost/127.0.0.1), 99cb6aa4-ab14-4525-b571-11fa40308ff9(localhost/127.0.0.1), 1ed39f2b-ba05-41d4-bcbc-50acfb489962(localhost/127.0.0.1)]
2025-07-15 19:44:35,044 [RatisPipelineUtilsThread-0] INFO  pipeline.BackgroundPipelineCreator (BackgroundPipelineCreator.java:createPipelines(246)) - Created new pipeline Pipeline{ Id: 4f81a5f5-7675-4903-8736-5ee77318bc33, Nodes: [ {faa2b429-16a2-49fa-ab42-514c70ac334b(localhost/127.0.0.1), ReplicaIndex: 0}, {99cb6aa4-ab14-4525-b571-11fa40308ff9(localhost/127.0.0.1), ReplicaIndex: 0}, {1ed39f2b-ba05-41d4-bcbc-50acfb489962(localhost/127.0.0.1), ReplicaIndex: 0},], ReplicationConfig: RATIS/THREE, State:ALLOCATED, leaderId:, CreationTimestamp2025-07-15T19:44:35.040744071Z[Etc/UTC]}
2025-07-15 19:44:35,082 [73892b45-0ad3-4392-8d09-ab2d1cd7ede4-EndpointStateMachineTaskThread-/0.0.0.0:15002-0 ] INFO  utils.DatanodeStoreCache (DatanodeStoreCache.java:addDB(70)) - Added db /home/runner/work/ozone/ozone/hadoop-ozone/integration-test/target/test-dir/MiniOzoneClusterImpl-7a2c00ee-15e1-4921-aa6b-526c14ec89d8/ozone-meta/datanode-8/data-0/hdds/7a2c00ee-15e1-4921-aa6b-526c14ec89d8/DS-b67d973d-afac-4900-af38-6f3038c9973e/container.db to cache
2025-07-15 19:44:35,082 [73892b45-0ad3-4392-8d09-ab2d1cd7ede4-EndpointStateMachineTaskThread-/0.0.0.0:15002-0 ] INFO  volume.HddsVolume (HddsVolume.java:createDbStore(575)) - SchemaV3 db is created and loaded at /home/runner/work/ozone/ozone/hadoop-ozone/integration-test/target/test-dir/MiniOzoneClusterImpl-7a2c00ee-15e1-4921-aa6b-526c14ec89d8/ozone-meta/datanode-8/data-0/hdds/7a2c00ee-15e1-4921-aa6b-526c14ec89d8/DS-b67d973d-afac-4900-af38-6f3038c9973e/container.db for volume DS-b67d973d-afac-4900-af38-6f3038c9973e
2025-07-15 19:44:35,085 [73892b45-0ad3-4392-8d09-ab2d1cd7ede4-ContainerReader-0] INFO  ozoneimpl.ContainerReader (ContainerReader.java:readVolume(144)) - Start to verify containers on volume /home/runner/work/ozone/ozone/hadoop-ozone/integration-test/target/test-dir/MiniOzoneClusterImpl-7a2c00ee-15e1-4921-aa6b-526c14ec89d8/ozone-meta/datanode-8/data-0/hdds
2025-07-15 19:44:35,085 [73892b45-0ad3-4392-8d09-ab2d1cd7ede4-ContainerReader-0] INFO  ozoneimpl.ContainerReader (ContainerReader.java:readVolume(174)) - Finish verifying containers on volume /home/runner/work/ozone/ozone/hadoop-ozone/integration-test/target/test-dir/MiniOzoneClusterImpl-7a2c00ee-15e1-4921-aa6b-526c14ec89d8/ozone-meta/datanode-8/data-0/hdds
2025-07-15 19:44:35,085 [73892b45-0ad3-4392-8d09-ab2d1cd7ede4-EndpointStateMachineTaskThread-/0.0.0.0:15002-0 ] INFO  ozoneimpl.OzoneContainer (OzoneContainer.java:buildContainerSet(370)) - Build ContainerSet costs 0s
2025-07-15 19:44:35,085 [73892b45-0ad3-4392-8d09-ab2d1cd7ede4-EndpointStateMachineTaskThread-/0.0.0.0:15002-0 ] INFO  volume.ThrottledAsyncChecker (ThrottledAsyncChecker.java:schedule(138)) - Scheduling a check for /home/runner/work/ozone/ozone/hadoop-ozone/integration-test/target/test-dir/MiniOzoneClusterImpl-7a2c00ee-15e1-4921-aa6b-526c14ec89d8/ozone-meta/datanode-8/data-0/hdds
2025-07-15 19:44:35,086 [73892b45-0ad3-4392-8d09-ab2d1cd7ede4-EndpointStateMachineTaskThread-/0.0.0.0:15002-0 ] INFO  volume.StorageVolumeChecker (StorageVolumeChecker.java:checkAllVolumes(215)) - Scheduled health check for volume /home/runner/work/ozone/ozone/hadoop-ozone/integration-test/target/test-dir/MiniOzoneClusterImpl-7a2c00ee-15e1-4921-aa6b-526c14ec89d8/ozone-meta/datanode-8/data-0/hdds
2025-07-15 19:44:35,089 [73892b45-0ad3-4392-8d09-ab2d1cd7ede4-EndpointStateMachineTaskThread-/0.0.0.0:15002-0 ] INFO  volume.ThrottledAsyncChecker (ThrottledAsyncChecker.java:schedule(138)) - Scheduling a check for /home/runner/work/ozone/ozone/hadoop-ozone/integration-test/target/test-dir/MiniOzoneClusterImpl-7a2c00ee-15e1-4921-aa6b-526c14ec89d8/ozone-meta/datanode-8/ratis
2025-07-15 19:44:35,089 [73892b45-0ad3-4392-8d09-ab2d1cd7ede4-EndpointStateMachineTaskThread-/0.0.0.0:15002-0 ] INFO  volume.StorageVolumeChecker (StorageVolumeChecker.java:checkAllVolumes(215)) - Scheduled health check for volume /home/runner/work/ozone/ozone/hadoop-ozone/integration-test/target/test-dir/MiniOzoneClusterImpl-7a2c00ee-15e1-4921-aa6b-526c14ec89d8/ozone-meta/datanode-8/ratis
2025-07-15 19:44:35,090 [73892b45-0ad3-4392-8d09-ab2d1cd7ede4-EndpointStateMachineTaskThread-/0.0.0.0:15002-0 ] INFO  ozoneimpl.OzoneContainer (OzoneContainer.java:start(520)) - Attempting to start container services.
2025-07-15 19:44:35,091 [ContainerMetadataScanner] INFO  ozoneimpl.AbstractBackgroundContainerScanner (AbstractBackgroundContainerScanner.java:runIteration(89)) - Completed an iteration in 0 minutes. Number of iterations (since the data-node restart) : 1, Number of containers scanned in this iteration : 0, Number of unhealthy containers found in this iteration : 0
2025-07-15 19:44:35,092 [ContainerDataScanner(/home/runner/work/ozone/ozone/hadoop-ozone/integration-test/target/test-dir/MiniOzoneClusterImpl-7a2c00ee-15e1-4921-aa6b-526c14ec89d8/ozone-meta/datanode-8/data-0/hdds)] INFO  ozoneimpl.AbstractBackgroundContainerScanner (AbstractBackgroundContainerScanner.java:runIteration(89)) - Completed an iteration in 0 minutes. Number of iterations (since the data-node restart) : 1, Number of containers scanned in this iteration : 0, Number of unhealthy containers found in this iteration : 0
2025-07-15 19:44:35,092 [73892b45-0ad3-4392-8d09-ab2d1cd7ede4-EndpointStateMachineTaskThread-/0.0.0.0:15002-0 ] INFO  replication.ReplicationServer (ReplicationServer.java:start(137)) - ReplicationServer is started using port 15073
2025-07-15 19:44:35,093 [73892b45-0ad3-4392-8d09-ab2d1cd7ede4-EndpointStateMachineTaskThread-/0.0.0.0:15002-0 ] INFO  ratis.XceiverServerRatis (XceiverServerRatis.java:start(559)) - Starting XceiverServerRatis(73892b45-0ad3-4392-8d09-ab2d1cd7ede4)
2025-07-15 19:44:35,093 [73892b45-0ad3-4392-8d09-ab2d1cd7ede4-EndpointStateMachineTaskThread-/0.0.0.0:15002-0 ] INFO  server.RaftServer (RaftServerProxy.java:startImpl(412)) - 73892b45-0ad3-4392-8d09-ab2d1cd7ede4: start RPC server
2025-07-15 19:44:35,094 [73892b45-0ad3-4392-8d09-ab2d1cd7ede4-EndpointStateMachineTaskThread-/0.0.0.0:15002-0 ] INFO  server.GrpcServicesImpl (GrpcServicesImpl.java:startImpl(346)) - 73892b45-0ad3-4392-8d09-ab2d1cd7ede4: GrpcServicesImpl started, listening on 15069
2025-07-15 19:44:35,094 [73892b45-0ad3-4392-8d09-ab2d1cd7ede4-EndpointStateMachineTaskThread-/0.0.0.0:15002-0 ] INFO  server.GrpcServicesImpl (GrpcServicesImpl.java:startImpl(346)) - 73892b45-0ad3-4392-8d09-ab2d1cd7ede4: GrpcServicesImpl started, listening on 15071
2025-07-15 19:44:35,094 [73892b45-0ad3-4392-8d09-ab2d1cd7ede4-EndpointStateMachineTaskThread-/0.0.0.0:15002-0 ] INFO  server.GrpcServicesImpl (GrpcServicesImpl.java:startImpl(346)) - 73892b45-0ad3-4392-8d09-ab2d1cd7ede4: GrpcServicesImpl started, listening on 15070
2025-07-15 19:44:35,095 [73892b45-0ad3-4392-8d09-ab2d1cd7ede4-EndpointStateMachineTaskThread-/0.0.0.0:15002-0 ] INFO  ratis.XceiverServerRatis (XceiverServerRatis.java:getRealPort(586)) - XceiverServerRatis(73892b45-0ad3-4392-8d09-ab2d1cd7ede4) is started using port RATIS=15069
2025-07-15 19:44:35,095 [73892b45-0ad3-4392-8d09-ab2d1cd7ede4-EndpointStateMachineTaskThread-/0.0.0.0:15002-0 ] INFO  ratis.XceiverServerRatis (XceiverServerRatis.java:getRealPort(586)) - XceiverServerRatis(73892b45-0ad3-4392-8d09-ab2d1cd7ede4) is started using port RATIS_ADMIN=15070
2025-07-15 19:44:35,095 [73892b45-0ad3-4392-8d09-ab2d1cd7ede4-EndpointStateMachineTaskThread-/0.0.0.0:15002-0 ] INFO  ratis.XceiverServerRatis (XceiverServerRatis.java:getRealPort(586)) - XceiverServerRatis(73892b45-0ad3-4392-8d09-ab2d1cd7ede4) is started using port RATIS_SERVER=15071
2025-07-15 19:44:35,095 [JvmPauseMonitor10] INFO  util.JvmPauseMonitor (JvmPauseMonitor.java:run(146)) - JvmPauseMonitor-73892b45-0ad3-4392-8d09-ab2d1cd7ede4: Started
2025-07-15 19:44:35,095 [73892b45-0ad3-4392-8d09-ab2d1cd7ede4-EndpointStateMachineTaskThread-/0.0.0.0:15002-0 ] INFO  ratis.XceiverServerRatis (XceiverServerRatis.java:getRealPort(586)) - XceiverServerRatis(73892b45-0ad3-4392-8d09-ab2d1cd7ede4) is started using port RATIS_DATASTREAM=15072
2025-07-15 19:44:35,095 [73892b45-0ad3-4392-8d09-ab2d1cd7ede4-EndpointStateMachineTaskThread-/0.0.0.0:15002-0 ] INFO  utils.BackgroundService (BackgroundService.java:start(118)) - Starting service BlockDeletingService with interval 60000 milliseconds
2025-07-15 19:44:35,096 [73892b45-0ad3-4392-8d09-ab2d1cd7ede4-EndpointStateMachineTaskThread-/0.0.0.0:15002-0 ] INFO  utils.BackgroundService (BackgroundService.java:start(118)) - Starting service StaleRecoveringContainerScrubbingService with interval 60000 milliseconds
2025-07-15 19:44:35,109 [EventQueue-PipelineReportForOneReplicaPipelineSafeModeRule] INFO  safemode.SCMSafeModeManager (SCMSafeModeManager.java:validateSafeModeExitRules(138)) - AtleastOneDatanodeReportedRule rule is successfully validated
2025-07-15 19:44:35,200 [EventQueue-PipelineReportForOneReplicaPipelineSafeModeRule] INFO  safemode.SCMSafeModeManager (SCMSafeModeManager.java:validateSafeModeExitRules(138)) - AtleastOneDatanodeReportedRule rule is successfully validated
2025-07-15 19:44:35,224 [EventQueue-PipelineReportForOneReplicaPipelineSafeModeRule] INFO  safemode.SCMSafeModeManager (SCMSafeModeManager.java:validateSafeModeExitRules(138)) - AtleastOneDatanodeReportedRule rule is successfully validated
2025-07-15 19:44:35,279 [EventQueue-PipelineReportForOneReplicaPipelineSafeModeRule] INFO  safemode.SCMSafeModeManager (SCMSafeModeManager.java:validateSafeModeExitRules(138)) - AtleastOneDatanodeReportedRule rule is successfully validated
2025-07-15 19:44:35,285 [EventQueue-PipelineReportForOneReplicaPipelineSafeModeRule] INFO  safemode.SCMSafeModeManager (SCMSafeModeManager.java:validateSafeModeExitRules(138)) - AtleastOneDatanodeReportedRule rule is successfully validated
2025-07-15 19:44:35,298 [IPC Server handler 22 on default port 15002] INFO  net.NetworkTopologyImpl (NetworkTopologyImpl.java:add(133)) - Added a new node: /default-rack/262265f8-b6b0-4173-8249-6c4ff56c562c
2025-07-15 19:44:35,298 [IPC Server handler 22 on default port 15002] INFO  node.SCMNodeManager (SCMNodeManager.java:register(423)) - Registered datanode: 262265f8-b6b0-4173-8249-6c4ff56c562c{ip: 127.0.0.1, host: localhost, ports: [HTTP=15058, CLIENT_RPC=15059, REPLICATION=15065, RATIS=15061, RATIS_ADMIN=15062, RATIS_SERVER=15063, RATIS_DATASTREAM=15064, STANDALONE=15060], networkLocation: /default-rack, certSerialId: null, persistedOpState: null, persistedOpStateExpiryEpochSec: 0}
2025-07-15 19:44:35,298 [EventQueue-NodeRegistrationContainerReportForDataNodeSafeModeRule] INFO  safemode.SCMSafeModeManager (SCMSafeModeManager.java:validateSafeModeExitRules(138)) - DataNodeSafeModeRule rule is successfully validated
2025-07-15 19:44:35,298 [EventQueue-PipelineReportForOneReplicaPipelineSafeModeRule] INFO  safemode.SCMSafeModeManager (SCMSafeModeManager.java:validateSafeModeExitRules(138)) - AtleastOneDatanodeReportedRule rule is successfully validated
2025-07-15 19:44:35,298 [EventQueue-NewNodeForNewNodeHandler] INFO  pipeline.BackgroundPipelineCreator (BackgroundPipelineCreator.java:notifyEventTriggered(290)) - trigger a one-shot run on RatisPipelineUtilsThread.
2025-07-15 19:44:35,299 [EventQueue-ContainerRegistrationReportForECContainerSafeModeRule] INFO  safemode.SCMSafeModeManager (SCMSafeModeManager.java:validateSafeModeExitRules(138)) - ECContainerSafeModeRule rule is successfully validated
2025-07-15 19:44:35,299 [EventQueue-ContainerRegistrationReportForRatisContainerSafeModeRule] INFO  safemode.SCMSafeModeManager (SCMSafeModeManager.java:validateSafeModeExitRules(138)) - RatisContainerSafeModeRule rule is successfully validated
2025-07-15 19:44:35,299 [RatisPipelineUtilsThread-0] INFO  pipeline.RatisPipelineProvider (RatisPipelineProvider.java:lambda$create$0(208)) - Sending CreatePipelineCommand for pipeline:Pipeline-2bb07160-c34f-4bd7-beaa-b1c99a0430ae to datanode:262265f8-b6b0-4173-8249-6c4ff56c562c(localhost/127.0.0.1)
2025-07-15 19:44:35,303 [5b76e34f-336a-4d5f-b46b-52fa87015b9f@group-526C14EC89D8-StateMachineUpdater] INFO  safemode.SCMSafeModeManager (SCMSafeModeManager.java:validateSafeModeExitRules(138)) - DataNodeSafeModeRule rule is successfully validated
2025-07-15 19:44:35,303 [5b76e34f-336a-4d5f-b46b-52fa87015b9f@group-526C14EC89D8-StateMachineUpdater] INFO  safemode.SCMSafeModeManager (SCMSafeModeManager.java:validateSafeModeExitRules(138)) - RatisContainerSafeModeRule rule is successfully validated
2025-07-15 19:44:35,303 [5b76e34f-336a-4d5f-b46b-52fa87015b9f@group-526C14EC89D8-StateMachineUpdater] INFO  safemode.HealthyPipelineSafeModeRule (HealthyPipelineSafeModeRule.java:initializeRule(228)) - Refreshed total pipeline count is 0, healthy pipeline threshold count is 1
2025-07-15 19:44:35,303 [5b76e34f-336a-4d5f-b46b-52fa87015b9f@group-526C14EC89D8-StateMachineUpdater] INFO  safemode.SCMSafeModeManager (SCMSafeModeManager.java:validateSafeModeExitRules(138)) - ECContainerSafeModeRule rule is successfully validated
2025-07-15 19:44:35,303 [5b76e34f-336a-4d5f-b46b-52fa87015b9f@group-526C14EC89D8-StateMachineUpdater] INFO  safemode.SCMSafeModeManager (SCMSafeModeManager.java:validateSafeModeExitRules(138)) - AtleastOneDatanodeReportedRule rule is successfully validated
2025-07-15 19:44:35,303 [RatisPipelineUtilsThread-0] INFO  pipeline.BackgroundPipelineCreator (BackgroundPipelineCreator.java:createPipelines(246)) - Created new pipeline Pipeline{ Id: 2bb07160-c34f-4bd7-beaa-b1c99a0430ae, Nodes: [ {262265f8-b6b0-4173-8249-6c4ff56c562c(localhost/127.0.0.1), ReplicaIndex: 0},], ReplicationConfig: RATIS/ONE, State:ALLOCATED, leaderId:, CreationTimestamp2025-07-15T19:44:35.299817065Z[Etc/UTC]}
2025-07-15 19:44:35,308 [EventQueue-PipelineReportForOneReplicaPipelineSafeModeRule] INFO  safemode.SCMSafeModeManager (SCMSafeModeManager.java:validateSafeModeExitRules(138)) - AtleastOneDatanodeReportedRule rule is successfully validated
2025-07-15 19:44:35,313 [edffad61-d5a0-4c2f-abd3-1d848b9782f9-EndpointStateMachineTaskThread-/0.0.0.0:15002-0 ] INFO  utils.DatanodeStoreCache (DatanodeStoreCache.java:addDB(70)) - Added db /home/runner/work/ozone/ozone/hadoop-ozone/integration-test/target/test-dir/MiniOzoneClusterImpl-7a2c00ee-15e1-4921-aa6b-526c14ec89d8/ozone-meta/datanode-9/data-0/hdds/7a2c00ee-15e1-4921-aa6b-526c14ec89d8/DS-d66e7f31-4fe2-48f5-b978-05858b4224f0/container.db to cache
2025-07-15 19:44:35,313 [edffad61-d5a0-4c2f-abd3-1d848b9782f9-EndpointStateMachineTaskThread-/0.0.0.0:15002-0 ] INFO  volume.HddsVolume (HddsVolume.java:createDbStore(575)) - SchemaV3 db is created and loaded at /home/runner/work/ozone/ozone/hadoop-ozone/integration-test/target/test-dir/MiniOzoneClusterImpl-7a2c00ee-15e1-4921-aa6b-526c14ec89d8/ozone-meta/datanode-9/data-0/hdds/7a2c00ee-15e1-4921-aa6b-526c14ec89d8/DS-d66e7f31-4fe2-48f5-b978-05858b4224f0/container.db for volume DS-d66e7f31-4fe2-48f5-b978-05858b4224f0
2025-07-15 19:44:35,315 [edffad61-d5a0-4c2f-abd3-1d848b9782f9-ContainerReader-0] INFO  ozoneimpl.ContainerReader (ContainerReader.java:readVolume(144)) - Start to verify containers on volume /home/runner/work/ozone/ozone/hadoop-ozone/integration-test/target/test-dir/MiniOzoneClusterImpl-7a2c00ee-15e1-4921-aa6b-526c14ec89d8/ozone-meta/datanode-9/data-0/hdds
2025-07-15 19:44:35,316 [edffad61-d5a0-4c2f-abd3-1d848b9782f9-ContainerReader-0] INFO  ozoneimpl.ContainerReader (ContainerReader.java:readVolume(174)) - Finish verifying containers on volume /home/runner/work/ozone/ozone/hadoop-ozone/integration-test/target/test-dir/MiniOzoneClusterImpl-7a2c00ee-15e1-4921-aa6b-526c14ec89d8/ozone-meta/datanode-9/data-0/hdds
2025-07-15 19:44:35,316 [edffad61-d5a0-4c2f-abd3-1d848b9782f9-EndpointStateMachineTaskThread-/0.0.0.0:15002-0 ] INFO  ozoneimpl.OzoneContainer (OzoneContainer.java:buildContainerSet(370)) - Build ContainerSet costs 0s
2025-07-15 19:44:35,316 [edffad61-d5a0-4c2f-abd3-1d848b9782f9-EndpointStateMachineTaskThread-/0.0.0.0:15002-0 ] INFO  volume.ThrottledAsyncChecker (ThrottledAsyncChecker.java:schedule(138)) - Scheduling a check for /home/runner/work/ozone/ozone/hadoop-ozone/integration-test/target/test-dir/MiniOzoneClusterImpl-7a2c00ee-15e1-4921-aa6b-526c14ec89d8/ozone-meta/datanode-9/data-0/hdds
2025-07-15 19:44:35,316 [edffad61-d5a0-4c2f-abd3-1d848b9782f9-EndpointStateMachineTaskThread-/0.0.0.0:15002-0 ] INFO  volume.StorageVolumeChecker (StorageVolumeChecker.java:checkAllVolumes(215)) - Scheduled health check for volume /home/runner/work/ozone/ozone/hadoop-ozone/integration-test/target/test-dir/MiniOzoneClusterImpl-7a2c00ee-15e1-4921-aa6b-526c14ec89d8/ozone-meta/datanode-9/data-0/hdds
2025-07-15 19:44:35,319 [edffad61-d5a0-4c2f-abd3-1d848b9782f9-EndpointStateMachineTaskThread-/0.0.0.0:15002-0 ] INFO  volume.ThrottledAsyncChecker (ThrottledAsyncChecker.java:schedule(138)) - Scheduling a check for /home/runner/work/ozone/ozone/hadoop-ozone/integration-test/target/test-dir/MiniOzoneClusterImpl-7a2c00ee-15e1-4921-aa6b-526c14ec89d8/ozone-meta/datanode-9/ratis
2025-07-15 19:44:35,319 [edffad61-d5a0-4c2f-abd3-1d848b9782f9-EndpointStateMachineTaskThread-/0.0.0.0:15002-0 ] INFO  volume.StorageVolumeChecker (StorageVolumeChecker.java:checkAllVolumes(215)) - Scheduled health check for volume /home/runner/work/ozone/ozone/hadoop-ozone/integration-test/target/test-dir/MiniOzoneClusterImpl-7a2c00ee-15e1-4921-aa6b-526c14ec89d8/ozone-meta/datanode-9/ratis
2025-07-15 19:44:35,320 [edffad61-d5a0-4c2f-abd3-1d848b9782f9-EndpointStateMachineTaskThread-/0.0.0.0:15002-0 ] INFO  ozoneimpl.OzoneContainer (OzoneContainer.java:start(520)) - Attempting to start container services.
2025-07-15 19:44:35,321 [ContainerMetadataScanner] INFO  ozoneimpl.AbstractBackgroundContainerScanner (AbstractBackgroundContainerScanner.java:runIteration(89)) - Completed an iteration in 0 minutes. Number of iterations (since the data-node restart) : 1, Number of containers scanned in this iteration : 0, Number of unhealthy containers found in this iteration : 0
2025-07-15 19:44:35,321 [ContainerDataScanner(/home/runner/work/ozone/ozone/hadoop-ozone/integration-test/target/test-dir/MiniOzoneClusterImpl-7a2c00ee-15e1-4921-aa6b-526c14ec89d8/ozone-meta/datanode-9/data-0/hdds)] INFO  ozoneimpl.AbstractBackgroundContainerScanner (AbstractBackgroundContainerScanner.java:runIteration(89)) - Completed an iteration in 0 minutes. Number of iterations (since the data-node restart) : 1, Number of containers scanned in this iteration : 0, Number of unhealthy containers found in this iteration : 0
2025-07-15 19:44:35,322 [edffad61-d5a0-4c2f-abd3-1d848b9782f9-EndpointStateMachineTaskThread-/0.0.0.0:15002-0 ] INFO  replication.ReplicationServer (ReplicationServer.java:start(137)) - ReplicationServer is started using port 15081
2025-07-15 19:44:35,322 [edffad61-d5a0-4c2f-abd3-1d848b9782f9-EndpointStateMachineTaskThread-/0.0.0.0:15002-0 ] INFO  ratis.XceiverServerRatis (XceiverServerRatis.java:start(559)) - Starting XceiverServerRatis(edffad61-d5a0-4c2f-abd3-1d848b9782f9)
2025-07-15 19:44:35,323 [edffad61-d5a0-4c2f-abd3-1d848b9782f9-EndpointStateMachineTaskThread-/0.0.0.0:15002-0 ] INFO  server.RaftServer (RaftServerProxy.java:startImpl(412)) - edffad61-d5a0-4c2f-abd3-1d848b9782f9: start RPC server
2025-07-15 19:44:35,323 [edffad61-d5a0-4c2f-abd3-1d848b9782f9-EndpointStateMachineTaskThread-/0.0.0.0:15002-0 ] INFO  server.GrpcServicesImpl (GrpcServicesImpl.java:startImpl(346)) - edffad61-d5a0-4c2f-abd3-1d848b9782f9: GrpcServicesImpl started, listening on 15077
2025-07-15 19:44:35,324 [edffad61-d5a0-4c2f-abd3-1d848b9782f9-EndpointStateMachineTaskThread-/0.0.0.0:15002-0 ] INFO  server.GrpcServicesImpl (GrpcServicesImpl.java:startImpl(346)) - edffad61-d5a0-4c2f-abd3-1d848b9782f9: GrpcServicesImpl started, listening on 15079
2025-07-15 19:44:35,324 [edffad61-d5a0-4c2f-abd3-1d848b9782f9-EndpointStateMachineTaskThread-/0.0.0.0:15002-0 ] INFO  server.GrpcServicesImpl (GrpcServicesImpl.java:startImpl(346)) - edffad61-d5a0-4c2f-abd3-1d848b9782f9: GrpcServicesImpl started, listening on 15078
2025-07-15 19:44:35,324 [edffad61-d5a0-4c2f-abd3-1d848b9782f9-EndpointStateMachineTaskThread-/0.0.0.0:15002-0 ] INFO  ratis.XceiverServerRatis (XceiverServerRatis.java:getRealPort(586)) - XceiverServerRatis(edffad61-d5a0-4c2f-abd3-1d848b9782f9) is started using port RATIS=15077
2025-07-15 19:44:35,324 [JvmPauseMonitor11] INFO  util.JvmPauseMonitor (JvmPauseMonitor.java:run(146)) - JvmPauseMonitor-edffad61-d5a0-4c2f-abd3-1d848b9782f9: Started
2025-07-15 19:44:35,324 [edffad61-d5a0-4c2f-abd3-1d848b9782f9-EndpointStateMachineTaskThread-/0.0.0.0:15002-0 ] INFO  ratis.XceiverServerRatis (XceiverServerRatis.java:getRealPort(586)) - XceiverServerRatis(edffad61-d5a0-4c2f-abd3-1d848b9782f9) is started using port RATIS_ADMIN=15078
2025-07-15 19:44:35,324 [edffad61-d5a0-4c2f-abd3-1d848b9782f9-EndpointStateMachineTaskThread-/0.0.0.0:15002-0 ] INFO  ratis.XceiverServerRatis (XceiverServerRatis.java:getRealPort(586)) - XceiverServerRatis(edffad61-d5a0-4c2f-abd3-1d848b9782f9) is started using port RATIS_SERVER=15079
2025-07-15 19:44:35,324 [edffad61-d5a0-4c2f-abd3-1d848b9782f9-EndpointStateMachineTaskThread-/0.0.0.0:15002-0 ] INFO  ratis.XceiverServerRatis (XceiverServerRatis.java:getRealPort(586)) - XceiverServerRatis(edffad61-d5a0-4c2f-abd3-1d848b9782f9) is started using port RATIS_DATASTREAM=15080
2025-07-15 19:44:35,325 [edffad61-d5a0-4c2f-abd3-1d848b9782f9-EndpointStateMachineTaskThread-/0.0.0.0:15002-0 ] INFO  utils.BackgroundService (BackgroundService.java:start(118)) - Starting service BlockDeletingService with interval 60000 milliseconds
2025-07-15 19:44:35,325 [edffad61-d5a0-4c2f-abd3-1d848b9782f9-EndpointStateMachineTaskThread-/0.0.0.0:15002-0 ] INFO  utils.BackgroundService (BackgroundService.java:start(118)) - Starting service StaleRecoveringContainerScrubbingService with interval 60000 milliseconds
2025-07-15 19:44:35,442 [cd936fa6-15d5-4ef8-867a-01454d889292-PipelineCommandHandlerThread-0] INFO  server.RaftServer (RaftServerProxy.java:addNew(105)) - cd936fa6-15d5-4ef8-867a-01454d889292: addNew group-1C98B92E335D:[cd936fa6-15d5-4ef8-867a-01454d889292|127.0.0.1:15015] returns group-1C98B92E335D:java.util.concurrent.CompletableFuture@2603a9ec[Not completed]
2025-07-15 19:44:35,449 [cd936fa6-15d5-4ef8-867a-01454d889292-groupManagement] INFO  server.RaftServer$Division (RaftServerImpl.java:<init>(268)) - cd936fa6-15d5-4ef8-867a-01454d889292: new RaftServerImpl for group-1C98B92E335D:[cd936fa6-15d5-4ef8-867a-01454d889292|127.0.0.1:15015] with ContainerStateMachine:uninitialized
2025-07-15 19:44:35,449 [cd936fa6-15d5-4ef8-867a-01454d889292-groupManagement] INFO  server.RaftServerConfigKeys (ConfUtils.java:logGet(62)) - raft.server.rpc.timeout.min = 5s (custom)
2025-07-15 19:44:35,449 [cd936fa6-15d5-4ef8-867a-01454d889292-groupManagement] INFO  server.RaftServerConfigKeys (ConfUtils.java:logGet(62)) - raft.server.rpc.timeout.max = 5200ms (custom)
2025-07-15 19:44:35,449 [cd936fa6-15d5-4ef8-867a-01454d889292-groupManagement] INFO  server.RaftServerConfigKeys (ConfUtils.java:logGet(62)) - raft.server.rpc.slowness.timeout = 300000ms (custom)
2025-07-15 19:44:35,449 [cd936fa6-15d5-4ef8-867a-01454d889292-groupManagement] INFO  server.RaftServer$Division (ServerState.java:<init>(114)) - cd936fa6-15d5-4ef8-867a-01454d889292@group-1C98B92E335D: ConfigurationManager, init=conf: {index: -1, cur=peers:[cd936fa6-15d5-4ef8-867a-01454d889292|127.0.0.1:15015]|listeners:[], old=null}, confs=<EMPTY_MAP>
2025-07-15 19:44:35,449 [cd936fa6-15d5-4ef8-867a-01454d889292-groupManagement] INFO  server.RaftServerConfigKeys (ConfUtils.java:logGet(62)) - raft.server.notification.no-leader.timeout = 300000ms (custom)
2025-07-15 19:44:35,449 [cd936fa6-15d5-4ef8-867a-01454d889292-groupManagement] INFO  server.RaftServerConfigKeys (ConfUtils.java:logGet(62)) - raft.server.retrycache.expirytime = 600000ms (custom)
2025-07-15 19:44:35,464 [cd936fa6-15d5-4ef8-867a-01454d889292-groupManagement] INFO  server.RaftServerConfigKeys (ConfUtils.java:logGet(62)) - raft.server.storage.dir = [/home/runner/work/ozone/ozone/hadoop-ozone/integration-test/target/test-dir/MiniOzoneClusterImpl-7a2c00ee-15e1-4921-aa6b-526c14ec89d8/ozone-meta/datanode-1/ratis] (custom)
2025-07-15 19:44:35,464 [cd936fa6-15d5-4ef8-867a-01454d889292-groupManagement] INFO  storage.RaftStorageDirectory (RaftStorageDirectoryImpl.java:analyzeStorage(138)) - The storage directory /home/runner/work/ozone/ozone/hadoop-ozone/integration-test/target/test-dir/MiniOzoneClusterImpl-7a2c00ee-15e1-4921-aa6b-526c14ec89d8/ozone-meta/datanode-1/ratis/384cac9b-6f09-4293-8d39-1c98b92e335d does not exist. Creating ...
2025-07-15 19:44:35,466 [cd936fa6-15d5-4ef8-867a-01454d889292-groupManagement] INFO  storage.RaftStorageDirectory (RaftStorageDirectoryImpl.java:tryLock(229)) - Lock on /home/runner/work/ozone/ozone/hadoop-ozone/integration-test/target/test-dir/MiniOzoneClusterImpl-7a2c00ee-15e1-4921-aa6b-526c14ec89d8/ozone-meta/datanode-1/ratis/384cac9b-6f09-4293-8d39-1c98b92e335d/in_use.lock acquired by nodename 18953@localhost
2025-07-15 19:44:35,467 [cd936fa6-15d5-4ef8-867a-01454d889292-groupManagement] INFO  storage.RaftStorage (RaftStorageImpl.java:format(98)) - Storage directory /home/runner/work/ozone/ozone/hadoop-ozone/integration-test/target/test-dir/MiniOzoneClusterImpl-7a2c00ee-15e1-4921-aa6b-526c14ec89d8/ozone-meta/datanode-1/ratis/384cac9b-6f09-4293-8d39-1c98b92e335d has been successfully formatted.
2025-07-15 19:44:35,467 [cd936fa6-15d5-4ef8-867a-01454d889292-groupManagement] INFO  ratis.ContainerStateMachine (ContainerStateMachine.java:initialize(339)) - cd936fa6-15d5-4ef8-867a-01454d889292: initialize group-1C98B92E335D
2025-07-15 19:44:35,467 [cd936fa6-15d5-4ef8-867a-01454d889292-groupManagement] INFO  ratis.ContainerStateMachine (ContainerStateMachine.java:loadSnapshot(347)) - group-1C98B92E335D: The snapshot info is null. Setting the last applied index to:<INITIAL_VALUE>
2025-07-15 19:44:35,467 [cd936fa6-15d5-4ef8-867a-01454d889292-groupManagement] INFO  server.RaftServerConfigKeys (ConfUtils.java:logGet(62)) - raft.server.log.appender.buffer.byte-limit = 33554432 (custom)
2025-07-15 19:44:35,469 [EventQueue-PipelineReportForOneReplicaPipelineSafeModeRule] INFO  safemode.SCMSafeModeManager (SCMSafeModeManager.java:validateSafeModeExitRules(138)) - AtleastOneDatanodeReportedRule rule is successfully validated
2025-07-15 19:44:35,472 [cd936fa6-15d5-4ef8-867a-01454d889292-groupManagement] INFO  server.RaftServerConfigKeys (ConfUtils.java:logGet(62)) - raft.server.log.segment.size.max = 67108864 (custom)
2025-07-15 19:44:35,473 [cd936fa6-15d5-4ef8-867a-01454d889292-groupManagement] INFO  server.RaftServerConfigKeys (ConfUtils.java:logGet(62)) - raft.server.log.appender.buffer.byte-limit = 33554432 (custom)
2025-07-15 19:44:35,473 [cd936fa6-15d5-4ef8-867a-01454d889292-groupManagement] INFO  util.AwaitToRun (AwaitToRun.java:start(81)) - Thread[#1149,cd936fa6-15d5-4ef8-867a-01454d889292@group-1C98B92E335D-cacheEviction-AwaitToRun,5,main] started
2025-07-15 19:44:35,473 [cd936fa6-15d5-4ef8-867a-01454d889292-groupManagement] INFO  segmented.SegmentedRaftLogWorker (SegmentedRaftLogWorker.java:<init>(190)) - new cd936fa6-15d5-4ef8-867a-01454d889292@group-1C98B92E335D-SegmentedRaftLogWorker for RaftStorageImpl:Storage Directory /home/runner/work/ozone/ozone/hadoop-ozone/integration-test/target/test-dir/MiniOzoneClusterImpl-7a2c00ee-15e1-4921-aa6b-526c14ec89d8/ozone-meta/datanode-1/ratis/384cac9b-6f09-4293-8d39-1c98b92e335d
2025-07-15 19:44:35,473 [cd936fa6-15d5-4ef8-867a-01454d889292-groupManagement] INFO  server.RaftServerConfigKeys (ConfUtils.java:logGet(62)) - raft.server.log.queue.byte-limit = 4294967296 (custom)
2025-07-15 19:44:35,473 [cd936fa6-15d5-4ef8-867a-01454d889292-groupManagement] INFO  server.RaftServerConfigKeys (ConfUtils.java:logGet(62)) - raft.server.log.queue.element-limit = 1024 (custom)
2025-07-15 19:44:35,474 [cd936fa6-15d5-4ef8-867a-01454d889292-groupManagement] INFO  server.RaftServerConfigKeys (ConfUtils.java:logGet(62)) - raft.server.log.segment.size.max = 67108864 (custom)
2025-07-15 19:44:35,474 [cd936fa6-15d5-4ef8-867a-01454d889292-groupManagement] INFO  server.RaftServerConfigKeys (ConfUtils.java:logGet(62)) - raft.server.log.preallocated.size = 4194304 (custom)
2025-07-15 19:44:35,474 [cd936fa6-15d5-4ef8-867a-01454d889292-groupManagement] INFO  server.RaftServerConfigKeys (ConfUtils.java:logGet(62)) - raft.server.log.statemachine.data.sync.timeout.retry = 30 (custom)
2025-07-15 19:44:35,474 [cd936fa6-15d5-4ef8-867a-01454d889292-groupManagement] INFO  server.RaftServerConfigKeys (ConfUtils.java:logGet(62)) - raft.server.log.write.buffer.size = 33554440 (custom)
2025-07-15 19:44:35,478 [5b76e34f-336a-4d5f-b46b-52fa87015b9f@group-526C14EC89D8-StateMachineUpdater] INFO  safemode.SCMSafeModeManager (SCMSafeModeManager.java:validateSafeModeExitRules(138)) - DataNodeSafeModeRule rule is successfully validated
2025-07-15 19:44:35,478 [5b76e34f-336a-4d5f-b46b-52fa87015b9f@group-526C14EC89D8-StateMachineUpdater] INFO  safemode.SCMSafeModeManager (SCMSafeModeManager.java:validateSafeModeExitRules(138)) - RatisContainerSafeModeRule rule is successfully validated
2025-07-15 19:44:35,478 [5b76e34f-336a-4d5f-b46b-52fa87015b9f@group-526C14EC89D8-StateMachineUpdater] INFO  safemode.HealthyPipelineSafeModeRule (HealthyPipelineSafeModeRule.java:initializeRule(228)) - Refreshed total pipeline count is 0, healthy pipeline threshold count is 1
2025-07-15 19:44:35,479 [5b76e34f-336a-4d5f-b46b-52fa87015b9f@group-526C14EC89D8-StateMachineUpdater] INFO  safemode.SCMSafeModeManager (SCMSafeModeManager.java:validateSafeModeExitRules(138)) - ECContainerSafeModeRule rule is successfully validated
2025-07-15 19:44:35,479 [5b76e34f-336a-4d5f-b46b-52fa87015b9f@group-526C14EC89D8-StateMachineUpdater] INFO  safemode.SCMSafeModeManager (SCMSafeModeManager.java:validateSafeModeExitRules(138)) - AtleastOneDatanodeReportedRule rule is successfully validated
2025-07-15 19:44:35,480 [cd936fa6-15d5-4ef8-867a-01454d889292-groupManagement] INFO  server.RaftServerConfigKeys (ConfUtils.java:logGet(62)) - raft.server.log.appender.buffer.byte-limit = 33554432 (custom)
2025-07-15 19:44:35,480 [EventQueue-PipelineReportForPipelineReportHandler] INFO  pipeline.PipelineReportHandler (PipelineReportHandler.java:processPipelineReport(134)) - Opened pipeline Pipeline-384cac9b-6f09-4293-8d39-1c98b92e335d
2025-07-15 19:44:35,480 [cd936fa6-15d5-4ef8-867a-01454d889292-groupManagement] INFO  server.RaftServerConfigKeys (ConfUtils.java:logGet(62)) - raft.server.log.statemachine.data.caching.enabled = true (custom)
2025-07-15 19:44:35,481 [cd936fa6-15d5-4ef8-867a-01454d889292-groupManagement] INFO  segmented.SegmentedRaftLogWorker (SegmentedRaftLogWorker.java:lambda$new$0(141)) - cd936fa6-15d5-4ef8-867a-01454d889292@group-1C98B92E335D-SegmentedRaftLogWorker: flushIndex: setUnconditionally 0 -> -1
2025-07-15 19:44:35,481 [cd936fa6-15d5-4ef8-867a-01454d889292-groupManagement] INFO  segmented.SegmentedRaftLogWorker (SegmentedRaftLogWorker.java:lambda$new$0(141)) - cd936fa6-15d5-4ef8-867a-01454d889292@group-1C98B92E335D-SegmentedRaftLogWorker: safeCacheEvictIndex: setUnconditionally 0 -> -1
2025-07-15 19:44:35,481 [cd936fa6-15d5-4ef8-867a-01454d889292-groupManagement] INFO  server.RaftServer$Division (RaftServerImpl.java:start(405)) - cd936fa6-15d5-4ef8-867a-01454d889292@group-1C98B92E335D: start as a follower, conf=conf: {index: -1, cur=peers:[cd936fa6-15d5-4ef8-867a-01454d889292|127.0.0.1:15015]|listeners:[], old=null}
2025-07-15 19:44:35,482 [cd936fa6-15d5-4ef8-867a-01454d889292-groupManagement] INFO  server.RaftServer$Division (RaftServerImpl.java:setRole(392)) - cd936fa6-15d5-4ef8-867a-01454d889292@group-1C98B92E335D: changes role from      null to FOLLOWER at term 0 for startAsFollower
2025-07-15 19:44:35,482 [cd936fa6-15d5-4ef8-867a-01454d889292-groupManagement] INFO  impl.RoleInfo (RoleInfo.java:updateAndGet(148)) - cd936fa6-15d5-4ef8-867a-01454d889292: start cd936fa6-15d5-4ef8-867a-01454d889292@group-1C98B92E335D-FollowerState
2025-07-15 19:44:35,483 [cd936fa6-15d5-4ef8-867a-01454d889292-groupManagement] INFO  util.JmxRegister (JmxRegister.java:tryRegister(44)) - Successfully registered JMX Bean with object name Ratis:service=RaftServer,group=group-1C98B92E335D,id=cd936fa6-15d5-4ef8-867a-01454d889292
2025-07-15 19:44:35,483 [cd936fa6-15d5-4ef8-867a-01454d889292-groupManagement] INFO  util.JmxRegister (JmxRegister.java:register(58)) - register mxBean class org.apache.ratis.server.impl.RaftServerJmxAdapter as Ratis:service=RaftServer,group=group-1C98B92E335D,id=cd936fa6-15d5-4ef8-867a-01454d889292
2025-07-15 19:44:35,483 [cd936fa6-15d5-4ef8-867a-01454d889292-groupManagement] INFO  server.RaftServerConfigKeys (ConfUtils.java:logGet(62)) - raft.server.snapshot.auto.trigger.threshold = 1 (custom)
2025-07-15 19:44:35,483 [cd936fa6-15d5-4ef8-867a-01454d889292-groupManagement] INFO  server.RaftServerConfigKeys (ConfUtils.java:logGet(62)) - raft.server.snapshot.retention.file.num = 5 (custom)
2025-07-15 19:44:35,483 [cd936fa6-15d5-4ef8-867a-01454d889292-groupManagement] INFO  server.RaftServerConfigKeys (ConfUtils.java:logGet(62)) - raft.server.log.purge.upto.snapshot.index = false (default)
2025-07-15 19:44:35,485 [cd936fa6-15d5-4ef8-867a-01454d889292-groupManagement] INFO  server.RaftServer$Division (RaftServerImpl.java:start(419)) - cd936fa6-15d5-4ef8-867a-01454d889292@group-1C98B92E335D: Successfully started.
2025-07-15 19:44:35,486 [EventQueue-PipelineReportForOneReplicaPipelineSafeModeRule] INFO  safemode.SCMSafeModeManager (SCMSafeModeManager.java:validateSafeModeExitRules(138)) - AtleastOneDatanodeReportedRule rule is successfully validated
2025-07-15 19:44:35,487 [cd936fa6-15d5-4ef8-867a-01454d889292-PipelineCommandHandlerThread-0] INFO  ratis.XceiverServerRatis (XceiverServerRatis.java:addGroup(843)) - Created group Pipeline-384cac9b-6f09-4293-8d39-1c98b92e335d
2025-07-15 19:44:35,487 [cd936fa6-15d5-4ef8-867a-01454d889292-PipelineCommandHandlerThread-0] INFO  commandhandler.CreatePipelineCommandHandler (CreatePipelineCommandHandler.java:lambda$handle$2(127)) - Created Pipeline RATIS ONE Pipeline-384cac9b-6f09-4293-8d39-1c98b92e335d.
2025-07-15 19:44:35,488 [cd936fa6-15d5-4ef8-867a-01454d889292-PipelineCommandHandlerThread-0] INFO  server.RaftServer (RaftServerProxy.java:addNew(105)) - cd936fa6-15d5-4ef8-867a-01454d889292: addNew group-EF23C56BE139:[cd936fa6-15d5-4ef8-867a-01454d889292|127.0.0.1:15015, e96bea54-5ec2-4bc1-91ca-a280b757147d|127.0.0.1:15023, 5109dbd0-88b3-4954-9428-6522438831f5|127.0.0.1:15031] returns group-EF23C56BE139:java.util.concurrent.CompletableFuture@7c6dd228[Not completed]
2025-07-15 19:44:35,489 [cd936fa6-15d5-4ef8-867a-01454d889292-groupManagement] INFO  server.RaftServer$Division (RaftServerImpl.java:<init>(268)) - cd936fa6-15d5-4ef8-867a-01454d889292: new RaftServerImpl for group-EF23C56BE139:[cd936fa6-15d5-4ef8-867a-01454d889292|127.0.0.1:15015, e96bea54-5ec2-4bc1-91ca-a280b757147d|127.0.0.1:15023, 5109dbd0-88b3-4954-9428-6522438831f5|127.0.0.1:15031] with ContainerStateMachine:uninitialized
2025-07-15 19:44:35,489 [cd936fa6-15d5-4ef8-867a-01454d889292-groupManagement] INFO  server.RaftServer$Division (ServerState.java:<init>(114)) - cd936fa6-15d5-4ef8-867a-01454d889292@group-EF23C56BE139: ConfigurationManager, init=conf: {index: -1, cur=peers:[cd936fa6-15d5-4ef8-867a-01454d889292|127.0.0.1:15015, e96bea54-5ec2-4bc1-91ca-a280b757147d|127.0.0.1:15023, 5109dbd0-88b3-4954-9428-6522438831f5|127.0.0.1:15031]|listeners:[], old=null}, confs=<EMPTY_MAP>
2025-07-15 19:44:35,497 [cd936fa6-15d5-4ef8-867a-01454d889292-groupManagement] INFO  storage.RaftStorageDirectory (RaftStorageDirectoryImpl.java:analyzeStorage(138)) - The storage directory /home/runner/work/ozone/ozone/hadoop-ozone/integration-test/target/test-dir/MiniOzoneClusterImpl-7a2c00ee-15e1-4921-aa6b-526c14ec89d8/ozone-meta/datanode-1/ratis/99512eb3-7304-45c7-bdfb-ef23c56be139 does not exist. Creating ...
2025-07-15 19:44:35,498 [cd936fa6-15d5-4ef8-867a-01454d889292-groupManagement] INFO  storage.RaftStorageDirectory (RaftStorageDirectoryImpl.java:tryLock(229)) - Lock on /home/runner/work/ozone/ozone/hadoop-ozone/integration-test/target/test-dir/MiniOzoneClusterImpl-7a2c00ee-15e1-4921-aa6b-526c14ec89d8/ozone-meta/datanode-1/ratis/99512eb3-7304-45c7-bdfb-ef23c56be139/in_use.lock acquired by nodename 18953@localhost
2025-07-15 19:44:35,499 [cd936fa6-15d5-4ef8-867a-01454d889292-groupManagement] INFO  storage.RaftStorage (RaftStorageImpl.java:format(98)) - Storage directory /home/runner/work/ozone/ozone/hadoop-ozone/integration-test/target/test-dir/MiniOzoneClusterImpl-7a2c00ee-15e1-4921-aa6b-526c14ec89d8/ozone-meta/datanode-1/ratis/99512eb3-7304-45c7-bdfb-ef23c56be139 has been successfully formatted.
2025-07-15 19:44:35,499 [cd936fa6-15d5-4ef8-867a-01454d889292-groupManagement] INFO  ratis.ContainerStateMachine (ContainerStateMachine.java:initialize(339)) - cd936fa6-15d5-4ef8-867a-01454d889292: initialize group-EF23C56BE139
2025-07-15 19:44:35,500 [cd936fa6-15d5-4ef8-867a-01454d889292-groupManagement] INFO  ratis.ContainerStateMachine (ContainerStateMachine.java:loadSnapshot(347)) - group-EF23C56BE139: The snapshot info is null. Setting the last applied index to:<INITIAL_VALUE>
2025-07-15 19:44:35,500 [cd936fa6-15d5-4ef8-867a-01454d889292-groupManagement] INFO  server.RaftServerConfigKeys (ConfUtils.java:logGet(62)) - raft.server.log.appender.buffer.byte-limit = 33554432 (custom)
2025-07-15 19:44:35,503 [cd936fa6-15d5-4ef8-867a-01454d889292-groupManagement] INFO  server.RaftServerConfigKeys (ConfUtils.java:logGet(62)) - raft.server.log.segment.size.max = 67108864 (custom)
2025-07-15 19:44:35,504 [cd936fa6-15d5-4ef8-867a-01454d889292-groupManagement] INFO  server.RaftServerConfigKeys (ConfUtils.java:logGet(62)) - raft.server.log.appender.buffer.byte-limit = 33554432 (custom)
2025-07-15 19:44:35,504 [EventQueue-PipelineReportForOneReplicaPipelineSafeModeRule] INFO  safemode.SCMSafeModeManager (SCMSafeModeManager.java:validateSafeModeExitRules(138)) - AtleastOneDatanodeReportedRule rule is successfully validated
2025-07-15 19:44:35,505 [cd936fa6-15d5-4ef8-867a-01454d889292-groupManagement] INFO  util.AwaitToRun (AwaitToRun.java:start(81)) - Thread[#1154,cd936fa6-15d5-4ef8-867a-01454d889292@group-EF23C56BE139-cacheEviction-AwaitToRun,5,main] started
2025-07-15 19:44:35,505 [cd936fa6-15d5-4ef8-867a-01454d889292-groupManagement] INFO  segmented.SegmentedRaftLogWorker (SegmentedRaftLogWorker.java:<init>(190)) - new cd936fa6-15d5-4ef8-867a-01454d889292@group-EF23C56BE139-SegmentedRaftLogWorker for RaftStorageImpl:Storage Directory /home/runner/work/ozone/ozone/hadoop-ozone/integration-test/target/test-dir/MiniOzoneClusterImpl-7a2c00ee-15e1-4921-aa6b-526c14ec89d8/ozone-meta/datanode-1/ratis/99512eb3-7304-45c7-bdfb-ef23c56be139
2025-07-15 19:44:35,505 [cd936fa6-15d5-4ef8-867a-01454d889292-groupManagement] INFO  server.RaftServerConfigKeys (ConfUtils.java:logGet(62)) - raft.server.log.queue.byte-limit = 4294967296 (custom)
2025-07-15 19:44:35,506 [cd936fa6-15d5-4ef8-867a-01454d889292-groupManagement] INFO  server.RaftServerConfigKeys (ConfUtils.java:logGet(62)) - raft.server.log.segment.size.max = 67108864 (custom)
2025-07-15 19:44:35,506 [cd936fa6-15d5-4ef8-867a-01454d889292-groupManagement] INFO  server.RaftServerConfigKeys (ConfUtils.java:logGet(62)) - raft.server.log.preallocated.size = 4194304 (custom)
2025-07-15 19:44:35,506 [cd936fa6-15d5-4ef8-867a-01454d889292-groupManagement] INFO  server.RaftServerConfigKeys (ConfUtils.java:logGet(62)) - raft.server.log.write.buffer.size = 33554440 (custom)
2025-07-15 19:44:35,512 [cd936fa6-15d5-4ef8-867a-01454d889292-groupManagement] INFO  server.RaftServerConfigKeys (ConfUtils.java:logGet(62)) - raft.server.log.appender.buffer.byte-limit = 33554432 (custom)
2025-07-15 19:44:35,512 [cd936fa6-15d5-4ef8-867a-01454d889292-groupManagement] INFO  segmented.SegmentedRaftLogWorker (SegmentedRaftLogWorker.java:lambda$new$0(141)) - cd936fa6-15d5-4ef8-867a-01454d889292@group-EF23C56BE139-SegmentedRaftLogWorker: flushIndex: setUnconditionally 0 -> -1
2025-07-15 19:44:35,512 [cd936fa6-15d5-4ef8-867a-01454d889292-groupManagement] INFO  segmented.SegmentedRaftLogWorker (SegmentedRaftLogWorker.java:lambda$new$0(141)) - cd936fa6-15d5-4ef8-867a-01454d889292@group-EF23C56BE139-SegmentedRaftLogWorker: safeCacheEvictIndex: setUnconditionally 0 -> -1
2025-07-15 19:44:35,512 [cd936fa6-15d5-4ef8-867a-01454d889292-groupManagement] INFO  server.RaftServer$Division (RaftServerImpl.java:start(405)) - cd936fa6-15d5-4ef8-867a-01454d889292@group-EF23C56BE139: start as a follower, conf=conf: {index: -1, cur=peers:[cd936fa6-15d5-4ef8-867a-01454d889292|127.0.0.1:15015, e96bea54-5ec2-4bc1-91ca-a280b757147d|127.0.0.1:15023, 5109dbd0-88b3-4954-9428-6522438831f5|127.0.0.1:15031]|listeners:[], old=null}
2025-07-15 19:44:35,512 [cd936fa6-15d5-4ef8-867a-01454d889292-groupManagement] INFO  server.RaftServer$Division (RaftServerImpl.java:setRole(392)) - cd936fa6-15d5-4ef8-867a-01454d889292@group-EF23C56BE139: changes role from      null to FOLLOWER at term 0 for startAsFollower
2025-07-15 19:44:35,513 [cd936fa6-15d5-4ef8-867a-01454d889292-groupManagement] INFO  impl.RoleInfo (RoleInfo.java:updateAndGet(148)) - cd936fa6-15d5-4ef8-867a-01454d889292: start cd936fa6-15d5-4ef8-867a-01454d889292@group-EF23C56BE139-FollowerState
2025-07-15 19:44:35,513 [cd936fa6-15d5-4ef8-867a-01454d889292-groupManagement] INFO  util.JmxRegister (JmxRegister.java:tryRegister(44)) - Successfully registered JMX Bean with object name Ratis:service=RaftServer,group=group-EF23C56BE139,id=cd936fa6-15d5-4ef8-867a-01454d889292
2025-07-15 19:44:35,513 [cd936fa6-15d5-4ef8-867a-01454d889292-groupManagement] INFO  util.JmxRegister (JmxRegister.java:register(58)) - register mxBean class org.apache.ratis.server.impl.RaftServerJmxAdapter as Ratis:service=RaftServer,group=group-EF23C56BE139,id=cd936fa6-15d5-4ef8-867a-01454d889292
2025-07-15 19:44:35,514 [cd936fa6-15d5-4ef8-867a-01454d889292-groupManagement] INFO  server.RaftServer$Division (RaftServerImpl.java:start(419)) - cd936fa6-15d5-4ef8-867a-01454d889292@group-EF23C56BE139: Successfully started.
2025-07-15 19:44:35,515 [cd936fa6-15d5-4ef8-867a-01454d889292-PipelineCommandHandlerThread-0] INFO  ratis.XceiverServerRatis (XceiverServerRatis.java:addGroup(843)) - Created group Pipeline-99512eb3-7304-45c7-bdfb-ef23c56be139
2025-07-15 19:44:35,532 [EventQueue-PipelineReportForOneReplicaPipelineSafeModeRule] INFO  safemode.SCMSafeModeManager (SCMSafeModeManager.java:validateSafeModeExitRules(138)) - AtleastOneDatanodeReportedRule rule is successfully validated
2025-07-15 19:44:35,549 [IPC Server handler 26 on default port 15002] INFO  net.NetworkTopologyImpl (NetworkTopologyImpl.java:add(133)) - Added a new node: /default-rack/73892b45-0ad3-4392-8d09-ab2d1cd7ede4
2025-07-15 19:44:35,549 [IPC Server handler 26 on default port 15002] INFO  node.SCMNodeManager (SCMNodeManager.java:register(423)) - Registered datanode: 73892b45-0ad3-4392-8d09-ab2d1cd7ede4{ip: 127.0.0.1, host: localhost, ports: [HTTP=15066, CLIENT_RPC=15067, REPLICATION=15073, RATIS=15069, RATIS_ADMIN=15070, RATIS_SERVER=15071, RATIS_DATASTREAM=15072, STANDALONE=15068], networkLocation: /default-rack, certSerialId: null, persistedOpState: null, persistedOpStateExpiryEpochSec: 0}
2025-07-15 19:44:35,550 [EventQueue-NewNodeForNewNodeHandler] INFO  pipeline.BackgroundPipelineCreator (BackgroundPipelineCreator.java:notifyEventTriggered(290)) - trigger a one-shot run on RatisPipelineUtilsThread.
2025-07-15 19:44:35,550 [EventQueue-PipelineReportForOneReplicaPipelineSafeModeRule] INFO  safemode.SCMSafeModeManager (SCMSafeModeManager.java:validateSafeModeExitRules(138)) - AtleastOneDatanodeReportedRule rule is successfully validated
2025-07-15 19:44:35,550 [EventQueue-NodeRegistrationContainerReportForDataNodeSafeModeRule] INFO  safemode.SCMSafeModeManager (SCMSafeModeManager.java:validateSafeModeExitRules(138)) - DataNodeSafeModeRule rule is successfully validated
2025-07-15 19:44:35,552 [RatisPipelineUtilsThread-0] INFO  pipeline.RatisPipelineProvider (RatisPipelineProvider.java:lambda$create$0(208)) - Sending CreatePipelineCommand for pipeline:Pipeline-284c284b-2a2a-42d6-8173-7ba2381fbcc4 to datanode:73892b45-0ad3-4392-8d09-ab2d1cd7ede4(localhost/127.0.0.1)
2025-07-15 19:44:35,554 [EventQueue-ContainerRegistrationReportForRatisContainerSafeModeRule] INFO  safemode.SCMSafeModeManager (SCMSafeModeManager.java:validateSafeModeExitRules(138)) - RatisContainerSafeModeRule rule is successfully validated
2025-07-15 19:44:35,554 [EventQueue-ContainerRegistrationReportForECContainerSafeModeRule] INFO  safemode.SCMSafeModeManager (SCMSafeModeManager.java:validateSafeModeExitRules(138)) - ECContainerSafeModeRule rule is successfully validated
2025-07-15 19:44:35,556 [5b76e34f-336a-4d5f-b46b-52fa87015b9f@group-526C14EC89D8-StateMachineUpdater] INFO  safemode.SCMSafeModeManager (SCMSafeModeManager.java:validateSafeModeExitRules(138)) - DataNodeSafeModeRule rule is successfully validated
2025-07-15 19:44:35,557 [5b76e34f-336a-4d5f-b46b-52fa87015b9f@group-526C14EC89D8-StateMachineUpdater] INFO  safemode.SCMSafeModeManager (SCMSafeModeManager.java:validateSafeModeExitRules(138)) - RatisContainerSafeModeRule rule is successfully validated
2025-07-15 19:44:35,557 [5b76e34f-336a-4d5f-b46b-52fa87015b9f@group-526C14EC89D8-StateMachineUpdater] INFO  safemode.HealthyPipelineSafeModeRule (HealthyPipelineSafeModeRule.java:initializeRule(228)) - Refreshed total pipeline count is 0, healthy pipeline threshold count is 1
2025-07-15 19:44:35,557 [5b76e34f-336a-4d5f-b46b-52fa87015b9f@group-526C14EC89D8-StateMachineUpdater] INFO  safemode.SCMSafeModeManager (SCMSafeModeManager.java:validateSafeModeExitRules(138)) - ECContainerSafeModeRule rule is successfully validated
2025-07-15 19:44:35,557 [5b76e34f-336a-4d5f-b46b-52fa87015b9f@group-526C14EC89D8-StateMachineUpdater] INFO  safemode.SCMSafeModeManager (SCMSafeModeManager.java:validateSafeModeExitRules(138)) - AtleastOneDatanodeReportedRule rule is successfully validated
2025-07-15 19:44:35,558 [RatisPipelineUtilsThread-0] INFO  pipeline.BackgroundPipelineCreator (BackgroundPipelineCreator.java:createPipelines(246)) - Created new pipeline Pipeline{ Id: 284c284b-2a2a-42d6-8173-7ba2381fbcc4, Nodes: [ {73892b45-0ad3-4392-8d09-ab2d1cd7ede4(localhost/127.0.0.1), ReplicaIndex: 0},], ReplicationConfig: RATIS/ONE, State:ALLOCATED, leaderId:, CreationTimestamp2025-07-15T19:44:35.552765021Z[Etc/UTC]}
2025-07-15 19:44:35,571 [072971cd-5d05-4d2d-80ca-509be4281031-EndpointStateMachineTaskThread-/0.0.0.0:15002-0 ] INFO  utils.DatanodeStoreCache (DatanodeStoreCache.java:addDB(70)) - Added db /home/runner/work/ozone/ozone/hadoop-ozone/integration-test/target/test-dir/MiniOzoneClusterImpl-7a2c00ee-15e1-4921-aa6b-526c14ec89d8/ozone-meta/datanode-10/data-0/hdds/7a2c00ee-15e1-4921-aa6b-526c14ec89d8/DS-0cb46b9d-b8f4-4185-b5d1-0eaa53433da5/container.db to cache
2025-07-15 19:44:35,571 [072971cd-5d05-4d2d-80ca-509be4281031-EndpointStateMachineTaskThread-/0.0.0.0:15002-0 ] INFO  volume.HddsVolume (HddsVolume.java:createDbStore(575)) - SchemaV3 db is created and loaded at /home/runner/work/ozone/ozone/hadoop-ozone/integration-test/target/test-dir/MiniOzoneClusterImpl-7a2c00ee-15e1-4921-aa6b-526c14ec89d8/ozone-meta/datanode-10/data-0/hdds/7a2c00ee-15e1-4921-aa6b-526c14ec89d8/DS-0cb46b9d-b8f4-4185-b5d1-0eaa53433da5/container.db for volume DS-0cb46b9d-b8f4-4185-b5d1-0eaa53433da5
2025-07-15 19:44:35,574 [072971cd-5d05-4d2d-80ca-509be4281031-ContainerReader-0] INFO  ozoneimpl.ContainerReader (ContainerReader.java:readVolume(144)) - Start to verify containers on volume /home/runner/work/ozone/ozone/hadoop-ozone/integration-test/target/test-dir/MiniOzoneClusterImpl-7a2c00ee-15e1-4921-aa6b-526c14ec89d8/ozone-meta/datanode-10/data-0/hdds
2025-07-15 19:44:35,574 [072971cd-5d05-4d2d-80ca-509be4281031-ContainerReader-0] INFO  ozoneimpl.ContainerReader (ContainerReader.java:readVolume(174)) - Finish verifying containers on volume /home/runner/work/ozone/ozone/hadoop-ozone/integration-test/target/test-dir/MiniOzoneClusterImpl-7a2c00ee-15e1-4921-aa6b-526c14ec89d8/ozone-meta/datanode-10/data-0/hdds
2025-07-15 19:44:35,575 [072971cd-5d05-4d2d-80ca-509be4281031-EndpointStateMachineTaskThread-/0.0.0.0:15002-0 ] INFO  ozoneimpl.OzoneContainer (OzoneContainer.java:buildContainerSet(370)) - Build ContainerSet costs 0s
2025-07-15 19:44:35,575 [072971cd-5d05-4d2d-80ca-509be4281031-EndpointStateMachineTaskThread-/0.0.0.0:15002-0 ] INFO  volume.ThrottledAsyncChecker (ThrottledAsyncChecker.java:schedule(138)) - Scheduling a check for /home/runner/work/ozone/ozone/hadoop-ozone/integration-test/target/test-dir/MiniOzoneClusterImpl-7a2c00ee-15e1-4921-aa6b-526c14ec89d8/ozone-meta/datanode-10/data-0/hdds
2025-07-15 19:44:35,575 [072971cd-5d05-4d2d-80ca-509be4281031-EndpointStateMachineTaskThread-/0.0.0.0:15002-0 ] INFO  volume.StorageVolumeChecker (StorageVolumeChecker.java:checkAllVolumes(215)) - Scheduled health check for volume /home/runner/work/ozone/ozone/hadoop-ozone/integration-test/target/test-dir/MiniOzoneClusterImpl-7a2c00ee-15e1-4921-aa6b-526c14ec89d8/ozone-meta/datanode-10/data-0/hdds
2025-07-15 19:44:35,578 [072971cd-5d05-4d2d-80ca-509be4281031-EndpointStateMachineTaskThread-/0.0.0.0:15002-0 ] INFO  volume.ThrottledAsyncChecker (ThrottledAsyncChecker.java:schedule(138)) - Scheduling a check for /home/runner/work/ozone/ozone/hadoop-ozone/integration-test/target/test-dir/MiniOzoneClusterImpl-7a2c00ee-15e1-4921-aa6b-526c14ec89d8/ozone-meta/datanode-10/ratis
2025-07-15 19:44:35,578 [072971cd-5d05-4d2d-80ca-509be4281031-EndpointStateMachineTaskThread-/0.0.0.0:15002-0 ] INFO  volume.StorageVolumeChecker (StorageVolumeChecker.java:checkAllVolumes(215)) - Scheduled health check for volume /home/runner/work/ozone/ozone/hadoop-ozone/integration-test/target/test-dir/MiniOzoneClusterImpl-7a2c00ee-15e1-4921-aa6b-526c14ec89d8/ozone-meta/datanode-10/ratis
2025-07-15 19:44:35,579 [072971cd-5d05-4d2d-80ca-509be4281031-EndpointStateMachineTaskThread-/0.0.0.0:15002-0 ] INFO  ozoneimpl.OzoneContainer (OzoneContainer.java:start(520)) - Attempting to start container services.
2025-07-15 19:44:35,580 [ContainerMetadataScanner] INFO  ozoneimpl.AbstractBackgroundContainerScanner (AbstractBackgroundContainerScanner.java:runIteration(89)) - Completed an iteration in 0 minutes. Number of iterations (since the data-node restart) : 1, Number of containers scanned in this iteration : 0, Number of unhealthy containers found in this iteration : 0
2025-07-15 19:44:35,581 [ContainerDataScanner(/home/runner/work/ozone/ozone/hadoop-ozone/integration-test/target/test-dir/MiniOzoneClusterImpl-7a2c00ee-15e1-4921-aa6b-526c14ec89d8/ozone-meta/datanode-10/data-0/hdds)] INFO  ozoneimpl.AbstractBackgroundContainerScanner (AbstractBackgroundContainerScanner.java:runIteration(89)) - Completed an iteration in 0 minutes. Number of iterations (since the data-node restart) : 1, Number of containers scanned in this iteration : 0, Number of unhealthy containers found in this iteration : 0
2025-07-15 19:44:35,581 [072971cd-5d05-4d2d-80ca-509be4281031-EndpointStateMachineTaskThread-/0.0.0.0:15002-0 ] INFO  replication.ReplicationServer (ReplicationServer.java:start(137)) - ReplicationServer is started using port 15089
2025-07-15 19:44:35,581 [072971cd-5d05-4d2d-80ca-509be4281031-EndpointStateMachineTaskThread-/0.0.0.0:15002-0 ] INFO  ratis.XceiverServerRatis (XceiverServerRatis.java:start(559)) - Starting XceiverServerRatis(072971cd-5d05-4d2d-80ca-509be4281031)
2025-07-15 19:44:35,582 [072971cd-5d05-4d2d-80ca-509be4281031-EndpointStateMachineTaskThread-/0.0.0.0:15002-0 ] INFO  server.RaftServer (RaftServerProxy.java:startImpl(412)) - 072971cd-5d05-4d2d-80ca-509be4281031: start RPC server
2025-07-15 19:44:35,583 [072971cd-5d05-4d2d-80ca-509be4281031-EndpointStateMachineTaskThread-/0.0.0.0:15002-0 ] INFO  server.GrpcServicesImpl (GrpcServicesImpl.java:startImpl(346)) - 072971cd-5d05-4d2d-80ca-509be4281031: GrpcServicesImpl started, listening on 15085
2025-07-15 19:44:35,583 [072971cd-5d05-4d2d-80ca-509be4281031-EndpointStateMachineTaskThread-/0.0.0.0:15002-0 ] INFO  server.GrpcServicesImpl (GrpcServicesImpl.java:startImpl(346)) - 072971cd-5d05-4d2d-80ca-509be4281031: GrpcServicesImpl started, listening on 15087
2025-07-15 19:44:35,584 [072971cd-5d05-4d2d-80ca-509be4281031-EndpointStateMachineTaskThread-/0.0.0.0:15002-0 ] INFO  server.GrpcServicesImpl (GrpcServicesImpl.java:startImpl(346)) - 072971cd-5d05-4d2d-80ca-509be4281031: GrpcServicesImpl started, listening on 15086
2025-07-15 19:44:35,584 [JvmPauseMonitor12] INFO  util.JvmPauseMonitor (JvmPauseMonitor.java:run(146)) - JvmPauseMonitor-072971cd-5d05-4d2d-80ca-509be4281031: Started
2025-07-15 19:44:35,585 [072971cd-5d05-4d2d-80ca-509be4281031-EndpointStateMachineTaskThread-/0.0.0.0:15002-0 ] INFO  ratis.XceiverServerRatis (XceiverServerRatis.java:getRealPort(586)) - XceiverServerRatis(072971cd-5d05-4d2d-80ca-509be4281031) is started using port RATIS=15085
2025-07-15 19:44:35,585 [072971cd-5d05-4d2d-80ca-509be4281031-EndpointStateMachineTaskThread-/0.0.0.0:15002-0 ] INFO  ratis.XceiverServerRatis (XceiverServerRatis.java:getRealPort(586)) - XceiverServerRatis(072971cd-5d05-4d2d-80ca-509be4281031) is started using port RATIS_ADMIN=15086
2025-07-15 19:44:35,585 [072971cd-5d05-4d2d-80ca-509be4281031-EndpointStateMachineTaskThread-/0.0.0.0:15002-0 ] INFO  ratis.XceiverServerRatis (XceiverServerRatis.java:getRealPort(586)) - XceiverServerRatis(072971cd-5d05-4d2d-80ca-509be4281031) is started using port RATIS_SERVER=15087
2025-07-15 19:44:35,585 [072971cd-5d05-4d2d-80ca-509be4281031-EndpointStateMachineTaskThread-/0.0.0.0:15002-0 ] INFO  ratis.XceiverServerRatis (XceiverServerRatis.java:getRealPort(586)) - XceiverServerRatis(072971cd-5d05-4d2d-80ca-509be4281031) is started using port RATIS_DATASTREAM=15088
2025-07-15 19:44:35,586 [072971cd-5d05-4d2d-80ca-509be4281031-EndpointStateMachineTaskThread-/0.0.0.0:15002-0 ] INFO  utils.BackgroundService (BackgroundService.java:start(118)) - Starting service BlockDeletingService with interval 60000 milliseconds
2025-07-15 19:44:35,586 [072971cd-5d05-4d2d-80ca-509be4281031-EndpointStateMachineTaskThread-/0.0.0.0:15002-0 ] INFO  utils.BackgroundService (BackgroundService.java:start(118)) - Starting service StaleRecoveringContainerScrubbingService with interval 60000 milliseconds
2025-07-15 19:44:35,600 [EventQueue-PipelineReportForOneReplicaPipelineSafeModeRule] INFO  safemode.SCMSafeModeManager (SCMSafeModeManager.java:validateSafeModeExitRules(138)) - AtleastOneDatanodeReportedRule rule is successfully validated
2025-07-15 19:44:35,681 [e96bea54-5ec2-4bc1-91ca-a280b757147d-PipelineCommandHandlerThread-0] INFO  server.RaftServer (RaftServerProxy.java:addNew(105)) - e96bea54-5ec2-4bc1-91ca-a280b757147d: addNew group-D96DA3C41BFA:[e96bea54-5ec2-4bc1-91ca-a280b757147d|127.0.0.1:15023] returns group-D96DA3C41BFA:java.util.concurrent.CompletableFuture@5695a76c[Not completed]
2025-07-15 19:44:35,682 [e96bea54-5ec2-4bc1-91ca-a280b757147d-groupManagement] INFO  server.RaftServer$Division (RaftServerImpl.java:<init>(268)) - e96bea54-5ec2-4bc1-91ca-a280b757147d: new RaftServerImpl for group-D96DA3C41BFA:[e96bea54-5ec2-4bc1-91ca-a280b757147d|127.0.0.1:15023] with ContainerStateMachine:uninitialized
2025-07-15 19:44:35,683 [e96bea54-5ec2-4bc1-91ca-a280b757147d-groupManagement] INFO  server.RaftServer$Division (ServerState.java:<init>(114)) - e96bea54-5ec2-4bc1-91ca-a280b757147d@group-D96DA3C41BFA: ConfigurationManager, init=conf: {index: -1, cur=peers:[e96bea54-5ec2-4bc1-91ca-a280b757147d|127.0.0.1:15023]|listeners:[], old=null}, confs=<EMPTY_MAP>
2025-07-15 19:44:35,684 [EventQueue-PipelineReportForOneReplicaPipelineSafeModeRule] INFO  safemode.SCMSafeModeManager (SCMSafeModeManager.java:validateSafeModeExitRules(138)) - AtleastOneDatanodeReportedRule rule is successfully validated
2025-07-15 19:44:35,686 [EventQueue-PipelineReportForOneReplicaPipelineSafeModeRule] INFO  safemode.SCMSafeModeManager (SCMSafeModeManager.java:validateSafeModeExitRules(138)) - AtleastOneDatanodeReportedRule rule is successfully validated
2025-07-15 19:44:35,692 [e96bea54-5ec2-4bc1-91ca-a280b757147d-groupManagement] INFO  server.RaftServerConfigKeys (ConfUtils.java:logGet(62)) - raft.server.storage.dir = [/home/runner/work/ozone/ozone/hadoop-ozone/integration-test/target/test-dir/MiniOzoneClusterImpl-7a2c00ee-15e1-4921-aa6b-526c14ec89d8/ozone-meta/datanode-2/ratis] (custom)
2025-07-15 19:44:35,692 [e96bea54-5ec2-4bc1-91ca-a280b757147d-groupManagement] INFO  storage.RaftStorageDirectory (RaftStorageDirectoryImpl.java:analyzeStorage(138)) - The storage directory /home/runner/work/ozone/ozone/hadoop-ozone/integration-test/target/test-dir/MiniOzoneClusterImpl-7a2c00ee-15e1-4921-aa6b-526c14ec89d8/ozone-meta/datanode-2/ratis/01f649b1-ed37-4d05-9e72-d96da3c41bfa does not exist. Creating ...
2025-07-15 19:44:35,694 [e96bea54-5ec2-4bc1-91ca-a280b757147d-groupManagement] INFO  storage.RaftStorageDirectory (RaftStorageDirectoryImpl.java:tryLock(229)) - Lock on /home/runner/work/ozone/ozone/hadoop-ozone/integration-test/target/test-dir/MiniOzoneClusterImpl-7a2c00ee-15e1-4921-aa6b-526c14ec89d8/ozone-meta/datanode-2/ratis/01f649b1-ed37-4d05-9e72-d96da3c41bfa/in_use.lock acquired by nodename 18953@localhost
2025-07-15 19:44:35,695 [e96bea54-5ec2-4bc1-91ca-a280b757147d-groupManagement] INFO  storage.RaftStorage (RaftStorageImpl.java:format(98)) - Storage directory /home/runner/work/ozone/ozone/hadoop-ozone/integration-test/target/test-dir/MiniOzoneClusterImpl-7a2c00ee-15e1-4921-aa6b-526c14ec89d8/ozone-meta/datanode-2/ratis/01f649b1-ed37-4d05-9e72-d96da3c41bfa has been successfully formatted.
2025-07-15 19:44:35,696 [e96bea54-5ec2-4bc1-91ca-a280b757147d-groupManagement] INFO  ratis.ContainerStateMachine (ContainerStateMachine.java:initialize(339)) - e96bea54-5ec2-4bc1-91ca-a280b757147d: initialize group-D96DA3C41BFA
2025-07-15 19:44:35,696 [e96bea54-5ec2-4bc1-91ca-a280b757147d-groupManagement] INFO  ratis.ContainerStateMachine (ContainerStateMachine.java:loadSnapshot(347)) - group-D96DA3C41BFA: The snapshot info is null. Setting the last applied index to:<INITIAL_VALUE>
2025-07-15 19:44:35,696 [e96bea54-5ec2-4bc1-91ca-a280b757147d-groupManagement] INFO  server.RaftServerConfigKeys (ConfUtils.java:logGet(62)) - raft.server.log.appender.buffer.byte-limit = 33554432 (custom)
2025-07-15 19:44:35,697 [EventQueue-PipelineReportForOneReplicaPipelineSafeModeRule] INFO  safemode.SCMSafeModeManager (SCMSafeModeManager.java:validateSafeModeExitRules(138)) - AtleastOneDatanodeReportedRule rule is successfully validated
2025-07-15 19:44:35,700 [e96bea54-5ec2-4bc1-91ca-a280b757147d-groupManagement] INFO  server.RaftServerConfigKeys (ConfUtils.java:logGet(62)) - raft.server.log.segment.size.max = 67108864 (custom)
2025-07-15 19:44:35,701 [e96bea54-5ec2-4bc1-91ca-a280b757147d-groupManagement] INFO  server.RaftServerConfigKeys (ConfUtils.java:logGet(62)) - raft.server.log.appender.buffer.byte-limit = 33554432 (custom)
2025-07-15 19:44:35,701 [e96bea54-5ec2-4bc1-91ca-a280b757147d-groupManagement] INFO  util.AwaitToRun (AwaitToRun.java:start(81)) - Thread[#1182,e96bea54-5ec2-4bc1-91ca-a280b757147d@group-D96DA3C41BFA-cacheEviction-AwaitToRun,5,main] started
2025-07-15 19:44:35,701 [e96bea54-5ec2-4bc1-91ca-a280b757147d-groupManagement] INFO  segmented.SegmentedRaftLogWorker (SegmentedRaftLogWorker.java:<init>(190)) - new e96bea54-5ec2-4bc1-91ca-a280b757147d@group-D96DA3C41BFA-SegmentedRaftLogWorker for RaftStorageImpl:Storage Directory /home/runner/work/ozone/ozone/hadoop-ozone/integration-test/target/test-dir/MiniOzoneClusterImpl-7a2c00ee-15e1-4921-aa6b-526c14ec89d8/ozone-meta/datanode-2/ratis/01f649b1-ed37-4d05-9e72-d96da3c41bfa
2025-07-15 19:44:35,701 [e96bea54-5ec2-4bc1-91ca-a280b757147d-groupManagement] INFO  server.RaftServerConfigKeys (ConfUtils.java:logGet(62)) - raft.server.log.queue.byte-limit = 4294967296 (custom)
2025-07-15 19:44:35,702 [e96bea54-5ec2-4bc1-91ca-a280b757147d-groupManagement] INFO  server.RaftServerConfigKeys (ConfUtils.java:logGet(62)) - raft.server.log.segment.size.max = 67108864 (custom)
2025-07-15 19:44:35,703 [e96bea54-5ec2-4bc1-91ca-a280b757147d-groupManagement] INFO  server.RaftServerConfigKeys (ConfUtils.java:logGet(62)) - raft.server.log.preallocated.size = 4194304 (custom)
2025-07-15 19:44:35,702 [5b76e34f-336a-4d5f-b46b-52fa87015b9f@group-526C14EC89D8-StateMachineUpdater] INFO  safemode.SCMSafeModeManager (SCMSafeModeManager.java:validateSafeModeExitRules(138)) - DataNodeSafeModeRule rule is successfully validated
2025-07-15 19:44:35,703 [5b76e34f-336a-4d5f-b46b-52fa87015b9f@group-526C14EC89D8-StateMachineUpdater] INFO  safemode.SCMSafeModeManager (SCMSafeModeManager.java:validateSafeModeExitRules(138)) - RatisContainerSafeModeRule rule is successfully validated
2025-07-15 19:44:35,703 [5b76e34f-336a-4d5f-b46b-52fa87015b9f@group-526C14EC89D8-StateMachineUpdater] INFO  safemode.HealthyPipelineSafeModeRule (HealthyPipelineSafeModeRule.java:initializeRule(228)) - Refreshed total pipeline count is 0, healthy pipeline threshold count is 1
2025-07-15 19:44:35,703 [5b76e34f-336a-4d5f-b46b-52fa87015b9f@group-526C14EC89D8-StateMachineUpdater] INFO  safemode.SCMSafeModeManager (SCMSafeModeManager.java:validateSafeModeExitRules(138)) - ECContainerSafeModeRule rule is successfully validated
2025-07-15 19:44:35,703 [5b76e34f-336a-4d5f-b46b-52fa87015b9f@group-526C14EC89D8-StateMachineUpdater] INFO  safemode.SCMSafeModeManager (SCMSafeModeManager.java:validateSafeModeExitRules(138)) - AtleastOneDatanodeReportedRule rule is successfully validated
2025-07-15 19:44:35,703 [e96bea54-5ec2-4bc1-91ca-a280b757147d-groupManagement] INFO  server.RaftServerConfigKeys (ConfUtils.java:logGet(62)) - raft.server.log.write.buffer.size = 33554440 (custom)
2025-07-15 19:44:35,704 [EventQueue-PipelineReportForPipelineReportHandler] INFO  pipeline.PipelineReportHandler (PipelineReportHandler.java:processPipelineReport(134)) - Opened pipeline Pipeline-01f649b1-ed37-4d05-9e72-d96da3c41bfa
2025-07-15 19:44:35,708 [e96bea54-5ec2-4bc1-91ca-a280b757147d-groupManagement] INFO  server.RaftServerConfigKeys (ConfUtils.java:logGet(62)) - raft.server.log.appender.buffer.byte-limit = 33554432 (custom)
2025-07-15 19:44:35,708 [e96bea54-5ec2-4bc1-91ca-a280b757147d-groupManagement] INFO  segmented.SegmentedRaftLogWorker (SegmentedRaftLogWorker.java:lambda$new$0(141)) - e96bea54-5ec2-4bc1-91ca-a280b757147d@group-D96DA3C41BFA-SegmentedRaftLogWorker: flushIndex: setUnconditionally 0 -> -1
2025-07-15 19:44:35,708 [e96bea54-5ec2-4bc1-91ca-a280b757147d-groupManagement] INFO  segmented.SegmentedRaftLogWorker (SegmentedRaftLogWorker.java:lambda$new$0(141)) - e96bea54-5ec2-4bc1-91ca-a280b757147d@group-D96DA3C41BFA-SegmentedRaftLogWorker: safeCacheEvictIndex: setUnconditionally 0 -> -1
2025-07-15 19:44:35,709 [e96bea54-5ec2-4bc1-91ca-a280b757147d-groupManagement] INFO  server.RaftServer$Division (RaftServerImpl.java:start(405)) - e96bea54-5ec2-4bc1-91ca-a280b757147d@group-D96DA3C41BFA: start as a follower, conf=conf: {index: -1, cur=peers:[e96bea54-5ec2-4bc1-91ca-a280b757147d|127.0.0.1:15023]|listeners:[], old=null}
2025-07-15 19:44:35,709 [e96bea54-5ec2-4bc1-91ca-a280b757147d-groupManagement] INFO  server.RaftServer$Division (RaftServerImpl.java:setRole(392)) - e96bea54-5ec2-4bc1-91ca-a280b757147d@group-D96DA3C41BFA: changes role from      null to FOLLOWER at term 0 for startAsFollower
2025-07-15 19:44:35,709 [e96bea54-5ec2-4bc1-91ca-a280b757147d-groupManagement] INFO  impl.RoleInfo (RoleInfo.java:updateAndGet(148)) - e96bea54-5ec2-4bc1-91ca-a280b757147d: start e96bea54-5ec2-4bc1-91ca-a280b757147d@group-D96DA3C41BFA-FollowerState
2025-07-15 19:44:35,710 [e96bea54-5ec2-4bc1-91ca-a280b757147d-groupManagement] INFO  util.JmxRegister (JmxRegister.java:tryRegister(44)) - Successfully registered JMX Bean with object name Ratis:service=RaftServer,group=group-D96DA3C41BFA,id=e96bea54-5ec2-4bc1-91ca-a280b757147d
2025-07-15 19:44:35,710 [e96bea54-5ec2-4bc1-91ca-a280b757147d-groupManagement] INFO  util.JmxRegister (JmxRegister.java:register(58)) - register mxBean class org.apache.ratis.server.impl.RaftServerJmxAdapter as Ratis:service=RaftServer,group=group-D96DA3C41BFA,id=e96bea54-5ec2-4bc1-91ca-a280b757147d
2025-07-15 19:44:35,711 [EventQueue-PipelineReportForOneReplicaPipelineSafeModeRule] INFO  safemode.SCMSafeModeManager (SCMSafeModeManager.java:validateSafeModeExitRules(138)) - AtleastOneDatanodeReportedRule rule is successfully validated
2025-07-15 19:44:35,712 [e96bea54-5ec2-4bc1-91ca-a280b757147d-groupManagement] INFO  server.RaftServer$Division (RaftServerImpl.java:start(419)) - e96bea54-5ec2-4bc1-91ca-a280b757147d@group-D96DA3C41BFA: Successfully started.
2025-07-15 19:44:35,712 [e96bea54-5ec2-4bc1-91ca-a280b757147d-PipelineCommandHandlerThread-0] INFO  ratis.XceiverServerRatis (XceiverServerRatis.java:addGroup(843)) - Created group Pipeline-01f649b1-ed37-4d05-9e72-d96da3c41bfa
2025-07-15 19:44:35,712 [e96bea54-5ec2-4bc1-91ca-a280b757147d-PipelineCommandHandlerThread-0] INFO  commandhandler.CreatePipelineCommandHandler (CreatePipelineCommandHandler.java:lambda$handle$2(127)) - Created Pipeline RATIS ONE Pipeline-01f649b1-ed37-4d05-9e72-d96da3c41bfa.
2025-07-15 19:44:35,712 [e96bea54-5ec2-4bc1-91ca-a280b757147d-PipelineCommandHandlerThread-0] INFO  server.RaftServer (RaftServerProxy.java:addNew(105)) - e96bea54-5ec2-4bc1-91ca-a280b757147d: addNew group-EF23C56BE139:[cd936fa6-15d5-4ef8-867a-01454d889292|127.0.0.1:15015, e96bea54-5ec2-4bc1-91ca-a280b757147d|127.0.0.1:15023, 5109dbd0-88b3-4954-9428-6522438831f5|127.0.0.1:15031] returns group-EF23C56BE139:java.util.concurrent.CompletableFuture@3519d2a4[Not completed]
2025-07-15 19:44:35,714 [e96bea54-5ec2-4bc1-91ca-a280b757147d-groupManagement] INFO  server.RaftServer$Division (RaftServerImpl.java:<init>(268)) - e96bea54-5ec2-4bc1-91ca-a280b757147d: new RaftServerImpl for group-EF23C56BE139:[cd936fa6-15d5-4ef8-867a-01454d889292|127.0.0.1:15015, e96bea54-5ec2-4bc1-91ca-a280b757147d|127.0.0.1:15023, 5109dbd0-88b3-4954-9428-6522438831f5|127.0.0.1:15031] with ContainerStateMachine:uninitialized
2025-07-15 19:44:35,715 [e96bea54-5ec2-4bc1-91ca-a280b757147d-groupManagement] INFO  server.RaftServer$Division (ServerState.java:<init>(114)) - e96bea54-5ec2-4bc1-91ca-a280b757147d@group-EF23C56BE139: ConfigurationManager, init=conf: {index: -1, cur=peers:[cd936fa6-15d5-4ef8-867a-01454d889292|127.0.0.1:15015, e96bea54-5ec2-4bc1-91ca-a280b757147d|127.0.0.1:15023, 5109dbd0-88b3-4954-9428-6522438831f5|127.0.0.1:15031]|listeners:[], old=null}, confs=<EMPTY_MAP>
2025-07-15 19:44:35,724 [e96bea54-5ec2-4bc1-91ca-a280b757147d-groupManagement] INFO  storage.RaftStorageDirectory (RaftStorageDirectoryImpl.java:analyzeStorage(138)) - The storage directory /home/runner/work/ozone/ozone/hadoop-ozone/integration-test/target/test-dir/MiniOzoneClusterImpl-7a2c00ee-15e1-4921-aa6b-526c14ec89d8/ozone-meta/datanode-2/ratis/99512eb3-7304-45c7-bdfb-ef23c56be139 does not exist. Creating ...
2025-07-15 19:44:35,727 [e96bea54-5ec2-4bc1-91ca-a280b757147d-groupManagement] INFO  storage.RaftStorageDirectory (RaftStorageDirectoryImpl.java:tryLock(229)) - Lock on /home/runner/work/ozone/ozone/hadoop-ozone/integration-test/target/test-dir/MiniOzoneClusterImpl-7a2c00ee-15e1-4921-aa6b-526c14ec89d8/ozone-meta/datanode-2/ratis/99512eb3-7304-45c7-bdfb-ef23c56be139/in_use.lock acquired by nodename 18953@localhost
2025-07-15 19:44:35,731 [e96bea54-5ec2-4bc1-91ca-a280b757147d-groupManagement] INFO  storage.RaftStorage (RaftStorageImpl.java:format(98)) - Storage directory /home/runner/work/ozone/ozone/hadoop-ozone/integration-test/target/test-dir/MiniOzoneClusterImpl-7a2c00ee-15e1-4921-aa6b-526c14ec89d8/ozone-meta/datanode-2/ratis/99512eb3-7304-45c7-bdfb-ef23c56be139 has been successfully formatted.
2025-07-15 19:44:35,732 [e96bea54-5ec2-4bc1-91ca-a280b757147d-groupManagement] INFO  ratis.ContainerStateMachine (ContainerStateMachine.java:initialize(339)) - e96bea54-5ec2-4bc1-91ca-a280b757147d: initialize group-EF23C56BE139
2025-07-15 19:44:35,732 [e96bea54-5ec2-4bc1-91ca-a280b757147d-groupManagement] INFO  ratis.ContainerStateMachine (ContainerStateMachine.java:loadSnapshot(347)) - group-EF23C56BE139: The snapshot info is null. Setting the last applied index to:<INITIAL_VALUE>
2025-07-15 19:44:35,732 [e96bea54-5ec2-4bc1-91ca-a280b757147d-groupManagement] INFO  server.RaftServerConfigKeys (ConfUtils.java:logGet(62)) - raft.server.log.appender.buffer.byte-limit = 33554432 (custom)
2025-07-15 19:44:35,735 [EventQueue-PipelineReportForOneReplicaPipelineSafeModeRule] INFO  safemode.SCMSafeModeManager (SCMSafeModeManager.java:validateSafeModeExitRules(138)) - AtleastOneDatanodeReportedRule rule is successfully validated
2025-07-15 19:44:35,737 [e96bea54-5ec2-4bc1-91ca-a280b757147d-groupManagement] INFO  server.RaftServerConfigKeys (ConfUtils.java:logGet(62)) - raft.server.log.segment.size.max = 67108864 (custom)
2025-07-15 19:44:35,737 [e96bea54-5ec2-4bc1-91ca-a280b757147d-groupManagement] INFO  server.RaftServerConfigKeys (ConfUtils.java:logGet(62)) - raft.server.log.appender.buffer.byte-limit = 33554432 (custom)
2025-07-15 19:44:35,737 [e96bea54-5ec2-4bc1-91ca-a280b757147d-groupManagement] INFO  util.AwaitToRun (AwaitToRun.java:start(81)) - Thread[#1187,e96bea54-5ec2-4bc1-91ca-a280b757147d@group-EF23C56BE139-cacheEviction-AwaitToRun,5,main] started
2025-07-15 19:44:35,738 [e96bea54-5ec2-4bc1-91ca-a280b757147d-groupManagement] INFO  segmented.SegmentedRaftLogWorker (SegmentedRaftLogWorker.java:<init>(190)) - new e96bea54-5ec2-4bc1-91ca-a280b757147d@group-EF23C56BE139-SegmentedRaftLogWorker for RaftStorageImpl:Storage Directory /home/runner/work/ozone/ozone/hadoop-ozone/integration-test/target/test-dir/MiniOzoneClusterImpl-7a2c00ee-15e1-4921-aa6b-526c14ec89d8/ozone-meta/datanode-2/ratis/99512eb3-7304-45c7-bdfb-ef23c56be139
2025-07-15 19:44:35,738 [e96bea54-5ec2-4bc1-91ca-a280b757147d-groupManagement] INFO  server.RaftServerConfigKeys (ConfUtils.java:logGet(62)) - raft.server.log.queue.byte-limit = 4294967296 (custom)
2025-07-15 19:44:35,738 [e96bea54-5ec2-4bc1-91ca-a280b757147d-groupManagement] INFO  server.RaftServerConfigKeys (ConfUtils.java:logGet(62)) - raft.server.log.segment.size.max = 67108864 (custom)
2025-07-15 19:44:35,738 [e96bea54-5ec2-4bc1-91ca-a280b757147d-groupManagement] INFO  server.RaftServerConfigKeys (ConfUtils.java:logGet(62)) - raft.server.log.preallocated.size = 4194304 (custom)
2025-07-15 19:44:35,738 [e96bea54-5ec2-4bc1-91ca-a280b757147d-groupManagement] INFO  server.RaftServerConfigKeys (ConfUtils.java:logGet(62)) - raft.server.log.write.buffer.size = 33554440 (custom)
2025-07-15 19:44:35,740 [EventQueue-PipelineReportForOneReplicaPipelineSafeModeRule] INFO  safemode.SCMSafeModeManager (SCMSafeModeManager.java:validateSafeModeExitRules(138)) - AtleastOneDatanodeReportedRule rule is successfully validated
2025-07-15 19:44:35,744 [e96bea54-5ec2-4bc1-91ca-a280b757147d-groupManagement] INFO  server.RaftServerConfigKeys (ConfUtils.java:logGet(62)) - raft.server.log.appender.buffer.byte-limit = 33554432 (custom)
2025-07-15 19:44:35,745 [e96bea54-5ec2-4bc1-91ca-a280b757147d-groupManagement] INFO  segmented.SegmentedRaftLogWorker (SegmentedRaftLogWorker.java:lambda$new$0(141)) - e96bea54-5ec2-4bc1-91ca-a280b757147d@group-EF23C56BE139-SegmentedRaftLogWorker: flushIndex: setUnconditionally 0 -> -1
2025-07-15 19:44:35,745 [e96bea54-5ec2-4bc1-91ca-a280b757147d-groupManagement] INFO  segmented.SegmentedRaftLogWorker (SegmentedRaftLogWorker.java:lambda$new$0(141)) - e96bea54-5ec2-4bc1-91ca-a280b757147d@group-EF23C56BE139-SegmentedRaftLogWorker: safeCacheEvictIndex: setUnconditionally 0 -> -1
2025-07-15 19:44:35,745 [e96bea54-5ec2-4bc1-91ca-a280b757147d-groupManagement] INFO  server.RaftServer$Division (RaftServerImpl.java:start(405)) - e96bea54-5ec2-4bc1-91ca-a280b757147d@group-EF23C56BE139: start as a follower, conf=conf: {index: -1, cur=peers:[cd936fa6-15d5-4ef8-867a-01454d889292|127.0.0.1:15015, e96bea54-5ec2-4bc1-91ca-a280b757147d|127.0.0.1:15023, 5109dbd0-88b3-4954-9428-6522438831f5|127.0.0.1:15031]|listeners:[], old=null}
2025-07-15 19:44:35,745 [e96bea54-5ec2-4bc1-91ca-a280b757147d-groupManagement] INFO  server.RaftServer$Division (RaftServerImpl.java:setRole(392)) - e96bea54-5ec2-4bc1-91ca-a280b757147d@group-EF23C56BE139: changes role from      null to FOLLOWER at term 0 for startAsFollower
2025-07-15 19:44:35,747 [e96bea54-5ec2-4bc1-91ca-a280b757147d-groupManagement] INFO  impl.RoleInfo (RoleInfo.java:updateAndGet(148)) - e96bea54-5ec2-4bc1-91ca-a280b757147d: start e96bea54-5ec2-4bc1-91ca-a280b757147d@group-EF23C56BE139-FollowerState
2025-07-15 19:44:35,748 [e96bea54-5ec2-4bc1-91ca-a280b757147d-groupManagement] INFO  util.JmxRegister (JmxRegister.java:tryRegister(44)) - Successfully registered JMX Bean with object name Ratis:service=RaftServer,group=group-EF23C56BE139,id=e96bea54-5ec2-4bc1-91ca-a280b757147d
2025-07-15 19:44:35,748 [e96bea54-5ec2-4bc1-91ca-a280b757147d-groupManagement] INFO  util.JmxRegister (JmxRegister.java:register(58)) - register mxBean class org.apache.ratis.server.impl.RaftServerJmxAdapter as Ratis:service=RaftServer,group=group-EF23C56BE139,id=e96bea54-5ec2-4bc1-91ca-a280b757147d
2025-07-15 19:44:35,751 [e96bea54-5ec2-4bc1-91ca-a280b757147d-groupManagement] INFO  server.RaftServer$Division (RaftServerImpl.java:start(419)) - e96bea54-5ec2-4bc1-91ca-a280b757147d@group-EF23C56BE139: Successfully started.
2025-07-15 19:44:35,752 [e96bea54-5ec2-4bc1-91ca-a280b757147d-PipelineCommandHandlerThread-0] INFO  ratis.XceiverServerRatis (XceiverServerRatis.java:addGroup(843)) - Created group Pipeline-99512eb3-7304-45c7-bdfb-ef23c56be139
2025-07-15 19:44:35,777 [IPC Server handler 11 on default port 15002] INFO  net.NetworkTopologyImpl (NetworkTopologyImpl.java:add(133)) - Added a new node: /default-rack/edffad61-d5a0-4c2f-abd3-1d848b9782f9
2025-07-15 19:44:35,777 [IPC Server handler 11 on default port 15002] INFO  node.SCMNodeManager (SCMNodeManager.java:register(423)) - Registered datanode: edffad61-d5a0-4c2f-abd3-1d848b9782f9{ip: 127.0.0.1, host: localhost, ports: [HTTP=15074, CLIENT_RPC=15075, REPLICATION=15081, RATIS=15077, RATIS_ADMIN=15078, RATIS_SERVER=15079, RATIS_DATASTREAM=15080, STANDALONE=15076], networkLocation: /default-rack, certSerialId: null, persistedOpState: null, persistedOpStateExpiryEpochSec: 0}
2025-07-15 19:44:35,778 [EventQueue-PipelineReportForOneReplicaPipelineSafeModeRule] INFO  safemode.SCMSafeModeManager (SCMSafeModeManager.java:validateSafeModeExitRules(138)) - AtleastOneDatanodeReportedRule rule is successfully validated
2025-07-15 19:44:35,778 [EventQueue-ContainerRegistrationReportForRatisContainerSafeModeRule] INFO  safemode.SCMSafeModeManager (SCMSafeModeManager.java:validateSafeModeExitRules(138)) - RatisContainerSafeModeRule rule is successfully validated
2025-07-15 19:44:35,778 [EventQueue-ContainerRegistrationReportForECContainerSafeModeRule] INFO  safemode.SCMSafeModeManager (SCMSafeModeManager.java:validateSafeModeExitRules(138)) - ECContainerSafeModeRule rule is successfully validated
2025-07-15 19:44:35,778 [EventQueue-NodeRegistrationContainerReportForDataNodeSafeModeRule] INFO  safemode.SCMSafeModeManager (SCMSafeModeManager.java:validateSafeModeExitRules(138)) - DataNodeSafeModeRule rule is successfully validated
2025-07-15 19:44:35,778 [EventQueue-NewNodeForNewNodeHandler] INFO  pipeline.BackgroundPipelineCreator (BackgroundPipelineCreator.java:notifyEventTriggered(290)) - trigger a one-shot run on RatisPipelineUtilsThread.
2025-07-15 19:44:35,779 [RatisPipelineUtilsThread-0] INFO  pipeline.RatisPipelineProvider (RatisPipelineProvider.java:lambda$create$0(208)) - Sending CreatePipelineCommand for pipeline:Pipeline-368a449b-1988-4768-9655-ef4d34a6888f to datanode:edffad61-d5a0-4c2f-abd3-1d848b9782f9(localhost/127.0.0.1)
2025-07-15 19:44:35,782 [5b76e34f-336a-4d5f-b46b-52fa87015b9f@group-526C14EC89D8-StateMachineUpdater] INFO  safemode.SCMSafeModeManager (SCMSafeModeManager.java:validateSafeModeExitRules(138)) - DataNodeSafeModeRule rule is successfully validated
2025-07-15 19:44:35,782 [5b76e34f-336a-4d5f-b46b-52fa87015b9f@group-526C14EC89D8-StateMachineUpdater] INFO  safemode.SCMSafeModeManager (SCMSafeModeManager.java:validateSafeModeExitRules(138)) - RatisContainerSafeModeRule rule is successfully validated
2025-07-15 19:44:35,782 [5b76e34f-336a-4d5f-b46b-52fa87015b9f@group-526C14EC89D8-StateMachineUpdater] INFO  safemode.HealthyPipelineSafeModeRule (HealthyPipelineSafeModeRule.java:initializeRule(228)) - Refreshed total pipeline count is 0, healthy pipeline threshold count is 1
2025-07-15 19:44:35,782 [5b76e34f-336a-4d5f-b46b-52fa87015b9f@group-526C14EC89D8-StateMachineUpdater] INFO  safemode.SCMSafeModeManager (SCMSafeModeManager.java:validateSafeModeExitRules(138)) - ECContainerSafeModeRule rule is successfully validated
2025-07-15 19:44:35,782 [5b76e34f-336a-4d5f-b46b-52fa87015b9f@group-526C14EC89D8-StateMachineUpdater] INFO  safemode.SCMSafeModeManager (SCMSafeModeManager.java:validateSafeModeExitRules(138)) - AtleastOneDatanodeReportedRule rule is successfully validated
2025-07-15 19:44:35,783 [RatisPipelineUtilsThread-0] INFO  pipeline.BackgroundPipelineCreator (BackgroundPipelineCreator.java:createPipelines(246)) - Created new pipeline Pipeline{ Id: 368a449b-1988-4768-9655-ef4d34a6888f, Nodes: [ {edffad61-d5a0-4c2f-abd3-1d848b9782f9(localhost/127.0.0.1), ReplicaIndex: 0},], ReplicationConfig: RATIS/ONE, State:ALLOCATED, leaderId:, CreationTimestamp2025-07-15T19:44:35.779378389Z[Etc/UTC]}
2025-07-15 19:44:35,784 [RatisPipelineUtilsThread-0] INFO  pipeline.RatisPipelineProvider (RatisPipelineProvider.java:lambda$create$0(208)) - Sending CreatePipelineCommand for pipeline:Pipeline-f182326e-4933-482b-ba7e-d4d9e1afa3fc to datanode:73892b45-0ad3-4392-8d09-ab2d1cd7ede4(localhost/127.0.0.1)
2025-07-15 19:44:35,784 [RatisPipelineUtilsThread-0] INFO  pipeline.RatisPipelineProvider (RatisPipelineProvider.java:lambda$create$0(208)) - Sending CreatePipelineCommand for pipeline:Pipeline-f182326e-4933-482b-ba7e-d4d9e1afa3fc to datanode:edffad61-d5a0-4c2f-abd3-1d848b9782f9(localhost/127.0.0.1)
2025-07-15 19:44:35,784 [RatisPipelineUtilsThread-0] INFO  pipeline.RatisPipelineProvider (RatisPipelineProvider.java:lambda$create$0(208)) - Sending CreatePipelineCommand for pipeline:Pipeline-f182326e-4933-482b-ba7e-d4d9e1afa3fc to datanode:262265f8-b6b0-4173-8249-6c4ff56c562c(localhost/127.0.0.1)
2025-07-15 19:44:35,786 [5b76e34f-336a-4d5f-b46b-52fa87015b9f@group-526C14EC89D8-StateMachineUpdater] INFO  safemode.SCMSafeModeManager (SCMSafeModeManager.java:validateSafeModeExitRules(138)) - DataNodeSafeModeRule rule is successfully validated
2025-07-15 19:44:35,786 [5b76e34f-336a-4d5f-b46b-52fa87015b9f@group-526C14EC89D8-StateMachineUpdater] INFO  safemode.SCMSafeModeManager (SCMSafeModeManager.java:validateSafeModeExitRules(138)) - RatisContainerSafeModeRule rule is successfully validated
2025-07-15 19:44:35,786 [5b76e34f-336a-4d5f-b46b-52fa87015b9f@group-526C14EC89D8-StateMachineUpdater] INFO  safemode.HealthyPipelineSafeModeRule (HealthyPipelineSafeModeRule.java:initializeRule(228)) - Refreshed total pipeline count is 0, healthy pipeline threshold count is 1
2025-07-15 19:44:35,786 [5b76e34f-336a-4d5f-b46b-52fa87015b9f@group-526C14EC89D8-StateMachineUpdater] INFO  safemode.SCMSafeModeManager (SCMSafeModeManager.java:validateSafeModeExitRules(138)) - ECContainerSafeModeRule rule is successfully validated
2025-07-15 19:44:35,786 [5b76e34f-336a-4d5f-b46b-52fa87015b9f@group-526C14EC89D8-StateMachineUpdater] INFO  safemode.SCMSafeModeManager (SCMSafeModeManager.java:validateSafeModeExitRules(138)) - AtleastOneDatanodeReportedRule rule is successfully validated
2025-07-15 19:44:35,787 [RatisPipelineUtilsThread-0] INFO  pipeline.BackgroundPipelineCreator (BackgroundPipelineCreator.java:createPipelines(246)) - Created new pipeline Pipeline{ Id: f182326e-4933-482b-ba7e-d4d9e1afa3fc, Nodes: [ {73892b45-0ad3-4392-8d09-ab2d1cd7ede4(localhost/127.0.0.1), ReplicaIndex: 0}, {edffad61-d5a0-4c2f-abd3-1d848b9782f9(localhost/127.0.0.1), ReplicaIndex: 0}, {262265f8-b6b0-4173-8249-6c4ff56c562c(localhost/127.0.0.1), ReplicaIndex: 0},], ReplicationConfig: RATIS/THREE, State:ALLOCATED, leaderId:, CreationTimestamp2025-07-15T19:44:35.784414114Z[Etc/UTC]}
2025-07-15 19:44:35,788 [RatisPipelineUtilsThread-0] INFO  pipeline.RatisPipelineProvider (RatisPipelineProvider.java:lambda$create$0(208)) - Sending CreatePipelineCommand for pipeline:Pipeline-c5ee18f9-7bb3-48ae-90e0-a35d399f7985 to datanode:262265f8-b6b0-4173-8249-6c4ff56c562c(localhost/127.0.0.1)
2025-07-15 19:44:35,788 [RatisPipelineUtilsThread-0] INFO  pipeline.RatisPipelineProvider (RatisPipelineProvider.java:lambda$create$0(208)) - Sending CreatePipelineCommand for pipeline:Pipeline-c5ee18f9-7bb3-48ae-90e0-a35d399f7985 to datanode:73892b45-0ad3-4392-8d09-ab2d1cd7ede4(localhost/127.0.0.1)
2025-07-15 19:44:35,788 [RatisPipelineUtilsThread-0] INFO  pipeline.RatisPipelineProvider (RatisPipelineProvider.java:lambda$create$0(208)) - Sending CreatePipelineCommand for pipeline:Pipeline-c5ee18f9-7bb3-48ae-90e0-a35d399f7985 to datanode:edffad61-d5a0-4c2f-abd3-1d848b9782f9(localhost/127.0.0.1)
2025-07-15 19:44:35,791 [5b76e34f-336a-4d5f-b46b-52fa87015b9f@group-526C14EC89D8-StateMachineUpdater] INFO  safemode.SCMSafeModeManager (SCMSafeModeManager.java:validateSafeModeExitRules(138)) - DataNodeSafeModeRule rule is successfully validated
2025-07-15 19:44:35,791 [5b76e34f-336a-4d5f-b46b-52fa87015b9f@group-526C14EC89D8-StateMachineUpdater] INFO  safemode.SCMSafeModeManager (SCMSafeModeManager.java:validateSafeModeExitRules(138)) - RatisContainerSafeModeRule rule is successfully validated
2025-07-15 19:44:35,792 [5b76e34f-336a-4d5f-b46b-52fa87015b9f@group-526C14EC89D8-StateMachineUpdater] INFO  safemode.HealthyPipelineSafeModeRule (HealthyPipelineSafeModeRule.java:initializeRule(228)) - Refreshed total pipeline count is 0, healthy pipeline threshold count is 1
2025-07-15 19:44:35,792 [5b76e34f-336a-4d5f-b46b-52fa87015b9f@group-526C14EC89D8-StateMachineUpdater] INFO  safemode.SCMSafeModeManager (SCMSafeModeManager.java:validateSafeModeExitRules(138)) - ECContainerSafeModeRule rule is successfully validated
2025-07-15 19:44:35,792 [5b76e34f-336a-4d5f-b46b-52fa87015b9f@group-526C14EC89D8-StateMachineUpdater] INFO  safemode.SCMSafeModeManager (SCMSafeModeManager.java:validateSafeModeExitRules(138)) - AtleastOneDatanodeReportedRule rule is successfully validated
2025-07-15 19:44:35,792 [RatisPipelineUtilsThread-0] INFO  pipeline.PipelineManagerImpl (PipelineManagerImpl.java:recordMetricsForPipeline(922)) - Pipeline-c5ee18f9-7bb3-48ae-90e0-a35d399f7985 and Pipeline-f182326e-4933-482b-ba7e-d4d9e1afa3fc have exactly the same set of datanodes: [262265f8-b6b0-4173-8249-6c4ff56c562c(localhost/127.0.0.1), 73892b45-0ad3-4392-8d09-ab2d1cd7ede4(localhost/127.0.0.1), edffad61-d5a0-4c2f-abd3-1d848b9782f9(localhost/127.0.0.1)]
2025-07-15 19:44:35,793 [RatisPipelineUtilsThread-0] INFO  pipeline.BackgroundPipelineCreator (BackgroundPipelineCreator.java:createPipelines(246)) - Created new pipeline Pipeline{ Id: c5ee18f9-7bb3-48ae-90e0-a35d399f7985, Nodes: [ {262265f8-b6b0-4173-8249-6c4ff56c562c(localhost/127.0.0.1), ReplicaIndex: 0}, {73892b45-0ad3-4392-8d09-ab2d1cd7ede4(localhost/127.0.0.1), ReplicaIndex: 0}, {edffad61-d5a0-4c2f-abd3-1d848b9782f9(localhost/127.0.0.1), ReplicaIndex: 0},], ReplicationConfig: RATIS/THREE, State:ALLOCATED, leaderId:, CreationTimestamp2025-07-15T19:44:35.788061942Z[Etc/UTC]}
2025-07-15 19:44:35,799 [EventQueue-PipelineReportForOneReplicaPipelineSafeModeRule] INFO  safemode.SCMSafeModeManager (SCMSafeModeManager.java:validateSafeModeExitRules(138)) - AtleastOneDatanodeReportedRule rule is successfully validated
2025-07-15 19:44:35,810 [grpc-default-executor-1] INFO  server.RaftServer (RaftServerProxy.java:addNew(105)) - 5109dbd0-88b3-4954-9428-6522438831f5: addNew group-EF23C56BE139:[cd936fa6-15d5-4ef8-867a-01454d889292|127.0.0.1:15015, e96bea54-5ec2-4bc1-91ca-a280b757147d|127.0.0.1:15023, 5109dbd0-88b3-4954-9428-6522438831f5|127.0.0.1:15031] returns group-EF23C56BE139:java.util.concurrent.CompletableFuture@13c52cda[Not completed]
2025-07-15 19:44:35,810 [grpc-default-executor-0] WARN  server.GrpcAdminProtocolService (GrpcAdminProtocolService.java:lambda$groupManagement$1(53)) - Failed groupManagement: GROUPADD, GroupManagementRequest:client-9CCD9F7B9165->5109dbd0-88b3-4954-9428-6522438831f5@group-EF23C56BE139, cid=1, seq=null, RW, null, Add:group-EF23C56BE139:[cd936fa6-15d5-4ef8-867a-01454d889292|127.0.0.1:15015, e96bea54-5ec2-4bc1-91ca-a280b757147d|127.0.0.1:15023, 5109dbd0-88b3-4954-9428-6522438831f5|127.0.0.1:15031]
java.util.concurrent.CompletionException: org.apache.ratis.protocol.exceptions.AlreadyExistsException: 5109dbd0-88b3-4954-9428-6522438831f5: Failed to add group-EF23C56BE139:[cd936fa6-15d5-4ef8-867a-01454d889292|127.0.0.1:15015, e96bea54-5ec2-4bc1-91ca-a280b757147d|127.0.0.1:15023, 5109dbd0-88b3-4954-9428-6522438831f5|127.0.0.1:15031] since the group already exists in the map.
	at java.base/java.util.concurrent.CompletableFuture.encodeThrowable(CompletableFuture.java:332)
	at java.base/java.util.concurrent.CompletableFuture.uniApplyNow(CompletableFuture.java:674)
	at java.base/java.util.concurrent.CompletableFuture.uniApplyStage(CompletableFuture.java:662)
	at java.base/java.util.concurrent.CompletableFuture.thenApplyAsync(CompletableFuture.java:2210)
	at org.apache.ratis.server.impl.RaftServerProxy.groupAddAsync(RaftServerProxy.java:513)
	at org.apache.ratis.server.impl.RaftServerProxy.groupManagementAsync(RaftServerProxy.java:495)
	at org.apache.ratis.grpc.server.GrpcAdminProtocolService.lambda$groupManagement$0(GrpcAdminProtocolService.java:51)
	at org.apache.ratis.grpc.GrpcUtil.asyncCall(GrpcUtil.java:172)
	at org.apache.ratis.grpc.server.GrpcAdminProtocolService.groupManagement(GrpcAdminProtocolService.java:51)
	at org.apache.ratis.proto.grpc.AdminProtocolServiceGrpc$MethodHandlers.invoke(AdminProtocolServiceGrpc.java:701)
	at org.apache.ratis.thirdparty.io.grpc.stub.ServerCalls$UnaryServerCallHandler$UnaryServerCallListener.onHalfClose(ServerCalls.java:182)
	at org.apache.ratis.thirdparty.io.grpc.internal.ServerCallImpl$ServerStreamListenerImpl.halfClosed(ServerCallImpl.java:356)
	at org.apache.ratis.thirdparty.io.grpc.internal.ServerImpl$JumpToApplicationThreadServerStreamListener$1HalfClosed.runInContext(ServerImpl.java:861)
	at org.apache.ratis.thirdparty.io.grpc.internal.ContextRunnable.run(ContextRunnable.java:37)
	at org.apache.ratis.thirdparty.io.grpc.internal.SerializingExecutor.run(SerializingExecutor.java:133)
	at java.base/java.util.concurrent.ThreadPoolExecutor.runWorker(ThreadPoolExecutor.java:1144)
	at java.base/java.util.concurrent.ThreadPoolExecutor$Worker.run(ThreadPoolExecutor.java:642)
	at java.base/java.lang.Thread.run(Thread.java:1583)
Caused by: org.apache.ratis.protocol.exceptions.AlreadyExistsException: 5109dbd0-88b3-4954-9428-6522438831f5: Failed to add group-EF23C56BE139:[cd936fa6-15d5-4ef8-867a-01454d889292|127.0.0.1:15015, e96bea54-5ec2-4bc1-91ca-a280b757147d|127.0.0.1:15023, 5109dbd0-88b3-4954-9428-6522438831f5|127.0.0.1:15031] since the group already exists in the map.
	at org.apache.ratis.server.impl.RaftServerProxy$ImplMap.addNew(RaftServerProxy.java:99)
	at org.apache.ratis.server.impl.RaftServerProxy.groupAddAsync(RaftServerProxy.java:512)
	... 13 more
2025-07-15 19:44:35,812 [5109dbd0-88b3-4954-9428-6522438831f5-groupManagement] INFO  server.RaftServer$Division (RaftServerImpl.java:<init>(268)) - 5109dbd0-88b3-4954-9428-6522438831f5: new RaftServerImpl for group-EF23C56BE139:[cd936fa6-15d5-4ef8-867a-01454d889292|127.0.0.1:15015, e96bea54-5ec2-4bc1-91ca-a280b757147d|127.0.0.1:15023, 5109dbd0-88b3-4954-9428-6522438831f5|127.0.0.1:15031] with ContainerStateMachine:uninitialized
2025-07-15 19:44:35,812 [5109dbd0-88b3-4954-9428-6522438831f5-groupManagement] INFO  server.RaftServer$Division (ServerState.java:<init>(114)) - 5109dbd0-88b3-4954-9428-6522438831f5@group-EF23C56BE139: ConfigurationManager, init=conf: {index: -1, cur=peers:[cd936fa6-15d5-4ef8-867a-01454d889292|127.0.0.1:15015, e96bea54-5ec2-4bc1-91ca-a280b757147d|127.0.0.1:15023, 5109dbd0-88b3-4954-9428-6522438831f5|127.0.0.1:15031]|listeners:[], old=null}, confs=<EMPTY_MAP>
2025-07-15 19:44:35,821 [5109dbd0-88b3-4954-9428-6522438831f5-groupManagement] INFO  server.RaftServerConfigKeys (ConfUtils.java:logGet(62)) - raft.server.storage.dir = [/home/runner/work/ozone/ozone/hadoop-ozone/integration-test/target/test-dir/MiniOzoneClusterImpl-7a2c00ee-15e1-4921-aa6b-526c14ec89d8/ozone-meta/datanode-3/ratis] (custom)
2025-07-15 19:44:35,822 [5109dbd0-88b3-4954-9428-6522438831f5-groupManagement] INFO  storage.RaftStorageDirectory (RaftStorageDirectoryImpl.java:analyzeStorage(138)) - The storage directory /home/runner/work/ozone/ozone/hadoop-ozone/integration-test/target/test-dir/MiniOzoneClusterImpl-7a2c00ee-15e1-4921-aa6b-526c14ec89d8/ozone-meta/datanode-3/ratis/99512eb3-7304-45c7-bdfb-ef23c56be139 does not exist. Creating ...
2025-07-15 19:44:35,823 [5109dbd0-88b3-4954-9428-6522438831f5-groupManagement] INFO  storage.RaftStorageDirectory (RaftStorageDirectoryImpl.java:tryLock(229)) - Lock on /home/runner/work/ozone/ozone/hadoop-ozone/integration-test/target/test-dir/MiniOzoneClusterImpl-7a2c00ee-15e1-4921-aa6b-526c14ec89d8/ozone-meta/datanode-3/ratis/99512eb3-7304-45c7-bdfb-ef23c56be139/in_use.lock acquired by nodename 18953@localhost
2025-07-15 19:44:35,826 [5109dbd0-88b3-4954-9428-6522438831f5-groupManagement] INFO  storage.RaftStorage (RaftStorageImpl.java:format(98)) - Storage directory /home/runner/work/ozone/ozone/hadoop-ozone/integration-test/target/test-dir/MiniOzoneClusterImpl-7a2c00ee-15e1-4921-aa6b-526c14ec89d8/ozone-meta/datanode-3/ratis/99512eb3-7304-45c7-bdfb-ef23c56be139 has been successfully formatted.
2025-07-15 19:44:35,827 [5109dbd0-88b3-4954-9428-6522438831f5-groupManagement] INFO  ratis.ContainerStateMachine (ContainerStateMachine.java:initialize(339)) - 5109dbd0-88b3-4954-9428-6522438831f5: initialize group-EF23C56BE139
2025-07-15 19:44:35,827 [5109dbd0-88b3-4954-9428-6522438831f5-groupManagement] INFO  ratis.ContainerStateMachine (ContainerStateMachine.java:loadSnapshot(347)) - group-EF23C56BE139: The snapshot info is null. Setting the last applied index to:<INITIAL_VALUE>
2025-07-15 19:44:35,827 [5109dbd0-88b3-4954-9428-6522438831f5-groupManagement] INFO  server.RaftServerConfigKeys (ConfUtils.java:logGet(62)) - raft.server.log.appender.buffer.byte-limit = 33554432 (custom)
2025-07-15 19:44:35,831 [5109dbd0-88b3-4954-9428-6522438831f5-groupManagement] INFO  server.RaftServerConfigKeys (ConfUtils.java:logGet(62)) - raft.server.log.segment.size.max = 67108864 (custom)
2025-07-15 19:44:35,831 [5109dbd0-88b3-4954-9428-6522438831f5-groupManagement] INFO  server.RaftServerConfigKeys (ConfUtils.java:logGet(62)) - raft.server.log.appender.buffer.byte-limit = 33554432 (custom)
2025-07-15 19:44:35,832 [5109dbd0-88b3-4954-9428-6522438831f5-groupManagement] INFO  util.AwaitToRun (AwaitToRun.java:start(81)) - Thread[#1193,5109dbd0-88b3-4954-9428-6522438831f5@group-EF23C56BE139-cacheEviction-AwaitToRun,5,main] started
2025-07-15 19:44:35,832 [5109dbd0-88b3-4954-9428-6522438831f5-groupManagement] INFO  segmented.SegmentedRaftLogWorker (SegmentedRaftLogWorker.java:<init>(190)) - new 5109dbd0-88b3-4954-9428-6522438831f5@group-EF23C56BE139-SegmentedRaftLogWorker for RaftStorageImpl:Storage Directory /home/runner/work/ozone/ozone/hadoop-ozone/integration-test/target/test-dir/MiniOzoneClusterImpl-7a2c00ee-15e1-4921-aa6b-526c14ec89d8/ozone-meta/datanode-3/ratis/99512eb3-7304-45c7-bdfb-ef23c56be139
2025-07-15 19:44:35,832 [5109dbd0-88b3-4954-9428-6522438831f5-groupManagement] INFO  server.RaftServerConfigKeys (ConfUtils.java:logGet(62)) - raft.server.log.queue.byte-limit = 4294967296 (custom)
2025-07-15 19:44:35,832 [5109dbd0-88b3-4954-9428-6522438831f5-groupManagement] INFO  server.RaftServerConfigKeys (ConfUtils.java:logGet(62)) - raft.server.log.segment.size.max = 67108864 (custom)
2025-07-15 19:44:35,832 [5109dbd0-88b3-4954-9428-6522438831f5-groupManagement] INFO  server.RaftServerConfigKeys (ConfUtils.java:logGet(62)) - raft.server.log.preallocated.size = 4194304 (custom)
2025-07-15 19:44:35,833 [5109dbd0-88b3-4954-9428-6522438831f5-groupManagement] INFO  server.RaftServerConfigKeys (ConfUtils.java:logGet(62)) - raft.server.log.write.buffer.size = 33554440 (custom)
2025-07-15 19:44:35,836 [EventQueue-PipelineReportForOneReplicaPipelineSafeModeRule] INFO  safemode.SCMSafeModeManager (SCMSafeModeManager.java:validateSafeModeExitRules(138)) - AtleastOneDatanodeReportedRule rule is successfully validated
2025-07-15 19:44:35,841 [5109dbd0-88b3-4954-9428-6522438831f5-groupManagement] INFO  server.RaftServerConfigKeys (ConfUtils.java:logGet(62)) - raft.server.log.appender.buffer.byte-limit = 33554432 (custom)
2025-07-15 19:44:35,842 [5109dbd0-88b3-4954-9428-6522438831f5-groupManagement] INFO  segmented.SegmentedRaftLogWorker (SegmentedRaftLogWorker.java:lambda$new$0(141)) - 5109dbd0-88b3-4954-9428-6522438831f5@group-EF23C56BE139-SegmentedRaftLogWorker: flushIndex: setUnconditionally 0 -> -1
2025-07-15 19:44:35,842 [5109dbd0-88b3-4954-9428-6522438831f5-groupManagement] INFO  segmented.SegmentedRaftLogWorker (SegmentedRaftLogWorker.java:lambda$new$0(141)) - 5109dbd0-88b3-4954-9428-6522438831f5@group-EF23C56BE139-SegmentedRaftLogWorker: safeCacheEvictIndex: setUnconditionally 0 -> -1
2025-07-15 19:44:35,843 [5109dbd0-88b3-4954-9428-6522438831f5-groupManagement] INFO  server.RaftServer$Division (RaftServerImpl.java:start(405)) - 5109dbd0-88b3-4954-9428-6522438831f5@group-EF23C56BE139: start as a follower, conf=conf: {index: -1, cur=peers:[cd936fa6-15d5-4ef8-867a-01454d889292|127.0.0.1:15015, e96bea54-5ec2-4bc1-91ca-a280b757147d|127.0.0.1:15023, 5109dbd0-88b3-4954-9428-6522438831f5|127.0.0.1:15031]|listeners:[], old=null}
2025-07-15 19:44:35,843 [5109dbd0-88b3-4954-9428-6522438831f5-groupManagement] INFO  server.RaftServer$Division (RaftServerImpl.java:setRole(392)) - 5109dbd0-88b3-4954-9428-6522438831f5@group-EF23C56BE139: changes role from      null to FOLLOWER at term 0 for startAsFollower
2025-07-15 19:44:35,843 [5109dbd0-88b3-4954-9428-6522438831f5-groupManagement] INFO  impl.RoleInfo (RoleInfo.java:updateAndGet(148)) - 5109dbd0-88b3-4954-9428-6522438831f5: start 5109dbd0-88b3-4954-9428-6522438831f5@group-EF23C56BE139-FollowerState
2025-07-15 19:44:35,844 [5109dbd0-88b3-4954-9428-6522438831f5-groupManagement] INFO  util.JmxRegister (JmxRegister.java:tryRegister(44)) - Successfully registered JMX Bean with object name Ratis:service=RaftServer,group=group-EF23C56BE139,id=5109dbd0-88b3-4954-9428-6522438831f5
2025-07-15 19:44:35,844 [5109dbd0-88b3-4954-9428-6522438831f5-groupManagement] INFO  util.JmxRegister (JmxRegister.java:register(58)) - register mxBean class org.apache.ratis.server.impl.RaftServerJmxAdapter as Ratis:service=RaftServer,group=group-EF23C56BE139,id=5109dbd0-88b3-4954-9428-6522438831f5
2025-07-15 19:44:35,845 [5109dbd0-88b3-4954-9428-6522438831f5-groupManagement] INFO  server.RaftServer$Division (RaftServerImpl.java:start(419)) - 5109dbd0-88b3-4954-9428-6522438831f5@group-EF23C56BE139: Successfully started.
2025-07-15 19:44:35,876 [grpc-default-executor-0] WARN  server.GrpcAdminProtocolService (GrpcAdminProtocolService.java:lambda$groupManagement$1(53)) - Failed groupManagement: GROUPADD, GroupManagementRequest:client-DE0144868338->e96bea54-5ec2-4bc1-91ca-a280b757147d@group-EF23C56BE139, cid=3, seq=null, RW, null, Add:group-EF23C56BE139:[cd936fa6-15d5-4ef8-867a-01454d889292|127.0.0.1:15015, e96bea54-5ec2-4bc1-91ca-a280b757147d|127.0.0.1:15023, 5109dbd0-88b3-4954-9428-6522438831f5|127.0.0.1:15031]
java.util.concurrent.CompletionException: org.apache.ratis.protocol.exceptions.AlreadyExistsException: e96bea54-5ec2-4bc1-91ca-a280b757147d: Failed to add group-EF23C56BE139:[cd936fa6-15d5-4ef8-867a-01454d889292|127.0.0.1:15015, e96bea54-5ec2-4bc1-91ca-a280b757147d|127.0.0.1:15023, 5109dbd0-88b3-4954-9428-6522438831f5|127.0.0.1:15031] since the group already exists in the map.
	at java.base/java.util.concurrent.CompletableFuture.encodeThrowable(CompletableFuture.java:332)
	at java.base/java.util.concurrent.CompletableFuture.uniApplyNow(CompletableFuture.java:674)
	at java.base/java.util.concurrent.CompletableFuture.uniApplyStage(CompletableFuture.java:662)
	at java.base/java.util.concurrent.CompletableFuture.thenApplyAsync(CompletableFuture.java:2210)
	at org.apache.ratis.server.impl.RaftServerProxy.groupAddAsync(RaftServerProxy.java:513)
	at org.apache.ratis.server.impl.RaftServerProxy.groupManagementAsync(RaftServerProxy.java:495)
	at org.apache.ratis.grpc.server.GrpcAdminProtocolService.lambda$groupManagement$0(GrpcAdminProtocolService.java:51)
	at org.apache.ratis.grpc.GrpcUtil.asyncCall(GrpcUtil.java:172)
	at org.apache.ratis.grpc.server.GrpcAdminProtocolService.groupManagement(GrpcAdminProtocolService.java:51)
	at org.apache.ratis.proto.grpc.AdminProtocolServiceGrpc$MethodHandlers.invoke(AdminProtocolServiceGrpc.java:701)
	at org.apache.ratis.thirdparty.io.grpc.stub.ServerCalls$UnaryServerCallHandler$UnaryServerCallListener.onHalfClose(ServerCalls.java:182)
	at org.apache.ratis.thirdparty.io.grpc.internal.ServerCallImpl$ServerStreamListenerImpl.halfClosed(ServerCallImpl.java:356)
	at org.apache.ratis.thirdparty.io.grpc.internal.ServerImpl$JumpToApplicationThreadServerStreamListener$1HalfClosed.runInContext(ServerImpl.java:861)
	at org.apache.ratis.thirdparty.io.grpc.internal.ContextRunnable.run(ContextRunnable.java:37)
	at org.apache.ratis.thirdparty.io.grpc.internal.SerializingExecutor.run(SerializingExecutor.java:133)
	at java.base/java.util.concurrent.ThreadPoolExecutor.runWorker(ThreadPoolExecutor.java:1144)
	at java.base/java.util.concurrent.ThreadPoolExecutor$Worker.run(ThreadPoolExecutor.java:642)
	at java.base/java.lang.Thread.run(Thread.java:1583)
Caused by: org.apache.ratis.protocol.exceptions.AlreadyExistsException: e96bea54-5ec2-4bc1-91ca-a280b757147d: Failed to add group-EF23C56BE139:[cd936fa6-15d5-4ef8-867a-01454d889292|127.0.0.1:15015, e96bea54-5ec2-4bc1-91ca-a280b757147d|127.0.0.1:15023, 5109dbd0-88b3-4954-9428-6522438831f5|127.0.0.1:15031] since the group already exists in the map.
	at org.apache.ratis.server.impl.RaftServerProxy$ImplMap.addNew(RaftServerProxy.java:99)
	at org.apache.ratis.server.impl.RaftServerProxy.groupAddAsync(RaftServerProxy.java:512)
	... 13 more
2025-07-15 19:44:35,886 [grpc-default-executor-1] WARN  server.GrpcAdminProtocolService (GrpcAdminProtocolService.java:lambda$groupManagement$1(53)) - Failed groupManagement: GROUPADD, GroupManagementRequest:client-CC6CD256EA80->cd936fa6-15d5-4ef8-867a-01454d889292@group-EF23C56BE139, cid=4, seq=null, RW, null, Add:group-EF23C56BE139:[cd936fa6-15d5-4ef8-867a-01454d889292|127.0.0.1:15015, e96bea54-5ec2-4bc1-91ca-a280b757147d|127.0.0.1:15023, 5109dbd0-88b3-4954-9428-6522438831f5|127.0.0.1:15031]
java.util.concurrent.CompletionException: org.apache.ratis.protocol.exceptions.AlreadyExistsException: cd936fa6-15d5-4ef8-867a-01454d889292: Failed to add group-EF23C56BE139:[cd936fa6-15d5-4ef8-867a-01454d889292|127.0.0.1:15015, e96bea54-5ec2-4bc1-91ca-a280b757147d|127.0.0.1:15023, 5109dbd0-88b3-4954-9428-6522438831f5|127.0.0.1:15031] since the group already exists in the map.
	at java.base/java.util.concurrent.CompletableFuture.encodeThrowable(CompletableFuture.java:332)
	at java.base/java.util.concurrent.CompletableFuture.uniApplyNow(CompletableFuture.java:674)
	at java.base/java.util.concurrent.CompletableFuture.uniApplyStage(CompletableFuture.java:662)
	at java.base/java.util.concurrent.CompletableFuture.thenApplyAsync(CompletableFuture.java:2210)
	at org.apache.ratis.server.impl.RaftServerProxy.groupAddAsync(RaftServerProxy.java:513)
	at org.apache.ratis.server.impl.RaftServerProxy.groupManagementAsync(RaftServerProxy.java:495)
	at org.apache.ratis.grpc.server.GrpcAdminProtocolService.lambda$groupManagement$0(GrpcAdminProtocolService.java:51)
	at org.apache.ratis.grpc.GrpcUtil.asyncCall(GrpcUtil.java:172)
	at org.apache.ratis.grpc.server.GrpcAdminProtocolService.groupManagement(GrpcAdminProtocolService.java:51)
	at org.apache.ratis.proto.grpc.AdminProtocolServiceGrpc$MethodHandlers.invoke(AdminProtocolServiceGrpc.java:701)
	at org.apache.ratis.thirdparty.io.grpc.stub.ServerCalls$UnaryServerCallHandler$UnaryServerCallListener.onHalfClose(ServerCalls.java:182)
	at org.apache.ratis.thirdparty.io.grpc.internal.ServerCallImpl$ServerStreamListenerImpl.halfClosed(ServerCallImpl.java:356)
	at org.apache.ratis.thirdparty.io.grpc.internal.ServerImpl$JumpToApplicationThreadServerStreamListener$1HalfClosed.runInContext(ServerImpl.java:861)
	at org.apache.ratis.thirdparty.io.grpc.internal.ContextRunnable.run(ContextRunnable.java:37)
	at org.apache.ratis.thirdparty.io.grpc.internal.SerializingExecutor.run(SerializingExecutor.java:133)
	at java.base/java.util.concurrent.ThreadPoolExecutor.runWorker(ThreadPoolExecutor.java:1144)
	at java.base/java.util.concurrent.ThreadPoolExecutor$Worker.run(ThreadPoolExecutor.java:642)
	at java.base/java.lang.Thread.run(Thread.java:1583)
Caused by: org.apache.ratis.protocol.exceptions.AlreadyExistsException: cd936fa6-15d5-4ef8-867a-01454d889292: Failed to add group-EF23C56BE139:[cd936fa6-15d5-4ef8-867a-01454d889292|127.0.0.1:15015, e96bea54-5ec2-4bc1-91ca-a280b757147d|127.0.0.1:15023, 5109dbd0-88b3-4954-9428-6522438831f5|127.0.0.1:15031] since the group already exists in the map.
	at org.apache.ratis.server.impl.RaftServerProxy$ImplMap.addNew(RaftServerProxy.java:99)
	at org.apache.ratis.server.impl.RaftServerProxy.groupAddAsync(RaftServerProxy.java:512)
	... 13 more
2025-07-15 19:44:35,887 [EventQueue-PipelineReportForOneReplicaPipelineSafeModeRule] INFO  safemode.SCMSafeModeManager (SCMSafeModeManager.java:validateSafeModeExitRules(138)) - AtleastOneDatanodeReportedRule rule is successfully validated
2025-07-15 19:44:35,889 [cd936fa6-15d5-4ef8-867a-01454d889292-PipelineCommandHandlerThread-0] INFO  commandhandler.CreatePipelineCommandHandler (CreatePipelineCommandHandler.java:lambda$handle$2(127)) - Created Pipeline RATIS THREE Pipeline-99512eb3-7304-45c7-bdfb-ef23c56be139.
2025-07-15 19:44:35,890 [cd936fa6-15d5-4ef8-867a-01454d889292-PipelineCommandHandlerThread-0] INFO  server.RaftServer (RaftServerProxy.java:addNew(105)) - cd936fa6-15d5-4ef8-867a-01454d889292: addNew group-2A5F69F5E925:[cd936fa6-15d5-4ef8-867a-01454d889292|127.0.0.1:15015, e96bea54-5ec2-4bc1-91ca-a280b757147d|127.0.0.1:15023, 5109dbd0-88b3-4954-9428-6522438831f5|127.0.0.1:15031] returns group-2A5F69F5E925:java.util.concurrent.CompletableFuture@44c66022[Not completed]
2025-07-15 19:44:35,891 [cd936fa6-15d5-4ef8-867a-01454d889292-groupManagement] INFO  server.RaftServer$Division (RaftServerImpl.java:<init>(268)) - cd936fa6-15d5-4ef8-867a-01454d889292: new RaftServerImpl for group-2A5F69F5E925:[cd936fa6-15d5-4ef8-867a-01454d889292|127.0.0.1:15015, e96bea54-5ec2-4bc1-91ca-a280b757147d|127.0.0.1:15023, 5109dbd0-88b3-4954-9428-6522438831f5|127.0.0.1:15031] with ContainerStateMachine:uninitialized
2025-07-15 19:44:35,892 [cd936fa6-15d5-4ef8-867a-01454d889292-groupManagement] INFO  server.RaftServer$Division (ServerState.java:<init>(114)) - cd936fa6-15d5-4ef8-867a-01454d889292@group-2A5F69F5E925: ConfigurationManager, init=conf: {index: -1, cur=peers:[cd936fa6-15d5-4ef8-867a-01454d889292|127.0.0.1:15015, e96bea54-5ec2-4bc1-91ca-a280b757147d|127.0.0.1:15023, 5109dbd0-88b3-4954-9428-6522438831f5|127.0.0.1:15031]|listeners:[], old=null}, confs=<EMPTY_MAP>
2025-07-15 19:44:35,896 [e96bea54-5ec2-4bc1-91ca-a280b757147d-PipelineCommandHandlerThread-0] INFO  commandhandler.CreatePipelineCommandHandler (CreatePipelineCommandHandler.java:lambda$handle$2(127)) - Created Pipeline RATIS THREE Pipeline-99512eb3-7304-45c7-bdfb-ef23c56be139.
2025-07-15 19:44:35,896 [e96bea54-5ec2-4bc1-91ca-a280b757147d-PipelineCommandHandlerThread-0] INFO  server.RaftServer (RaftServerProxy.java:addNew(105)) - e96bea54-5ec2-4bc1-91ca-a280b757147d: addNew group-2A5F69F5E925:[cd936fa6-15d5-4ef8-867a-01454d889292|127.0.0.1:15015, e96bea54-5ec2-4bc1-91ca-a280b757147d|127.0.0.1:15023, 5109dbd0-88b3-4954-9428-6522438831f5|127.0.0.1:15031] returns group-2A5F69F5E925:java.util.concurrent.CompletableFuture@1bb6e0e0[Not completed]
2025-07-15 19:44:35,899 [e96bea54-5ec2-4bc1-91ca-a280b757147d-groupManagement] INFO  server.RaftServer$Division (RaftServerImpl.java:<init>(268)) - e96bea54-5ec2-4bc1-91ca-a280b757147d: new RaftServerImpl for group-2A5F69F5E925:[cd936fa6-15d5-4ef8-867a-01454d889292|127.0.0.1:15015, e96bea54-5ec2-4bc1-91ca-a280b757147d|127.0.0.1:15023, 5109dbd0-88b3-4954-9428-6522438831f5|127.0.0.1:15031] with ContainerStateMachine:uninitialized
2025-07-15 19:44:35,899 [e96bea54-5ec2-4bc1-91ca-a280b757147d-groupManagement] INFO  server.RaftServer$Division (ServerState.java:<init>(114)) - e96bea54-5ec2-4bc1-91ca-a280b757147d@group-2A5F69F5E925: ConfigurationManager, init=conf: {index: -1, cur=peers:[cd936fa6-15d5-4ef8-867a-01454d889292|127.0.0.1:15015, e96bea54-5ec2-4bc1-91ca-a280b757147d|127.0.0.1:15023, 5109dbd0-88b3-4954-9428-6522438831f5|127.0.0.1:15031]|listeners:[], old=null}, confs=<EMPTY_MAP>
2025-07-15 19:44:35,902 [EventQueue-PipelineReportForOneReplicaPipelineSafeModeRule] INFO  safemode.SCMSafeModeManager (SCMSafeModeManager.java:validateSafeModeExitRules(138)) - AtleastOneDatanodeReportedRule rule is successfully validated
2025-07-15 19:44:35,905 [cd936fa6-15d5-4ef8-867a-01454d889292-groupManagement] INFO  server.RaftServerConfigKeys (ConfUtils.java:logGet(62)) - raft.server.storage.dir = [/home/runner/work/ozone/ozone/hadoop-ozone/integration-test/target/test-dir/MiniOzoneClusterImpl-7a2c00ee-15e1-4921-aa6b-526c14ec89d8/ozone-meta/datanode-1/ratis] (custom)
2025-07-15 19:44:35,905 [cd936fa6-15d5-4ef8-867a-01454d889292-groupManagement] INFO  storage.RaftStorageDirectory (RaftStorageDirectoryImpl.java:analyzeStorage(138)) - The storage directory /home/runner/work/ozone/ozone/hadoop-ozone/integration-test/target/test-dir/MiniOzoneClusterImpl-7a2c00ee-15e1-4921-aa6b-526c14ec89d8/ozone-meta/datanode-1/ratis/8f3fb533-c6ad-481d-821b-2a5f69f5e925 does not exist. Creating ...
2025-07-15 19:44:35,907 [cd936fa6-15d5-4ef8-867a-01454d889292-groupManagement] INFO  storage.RaftStorageDirectory (RaftStorageDirectoryImpl.java:tryLock(229)) - Lock on /home/runner/work/ozone/ozone/hadoop-ozone/integration-test/target/test-dir/MiniOzoneClusterImpl-7a2c00ee-15e1-4921-aa6b-526c14ec89d8/ozone-meta/datanode-1/ratis/8f3fb533-c6ad-481d-821b-2a5f69f5e925/in_use.lock acquired by nodename 18953@localhost
2025-07-15 19:44:35,908 [5109dbd0-88b3-4954-9428-6522438831f5-PipelineCommandHandlerThread-0] INFO  server.RaftServer (RaftServerProxy.java:addNew(105)) - 5109dbd0-88b3-4954-9428-6522438831f5: addNew group-6E557299AE72:[5109dbd0-88b3-4954-9428-6522438831f5|127.0.0.1:15031] returns group-6E557299AE72:java.util.concurrent.CompletableFuture@4d3bcfd9[Not completed]
2025-07-15 19:44:35,909 [cd936fa6-15d5-4ef8-867a-01454d889292-groupManagement] INFO  storage.RaftStorage (RaftStorageImpl.java:format(98)) - Storage directory /home/runner/work/ozone/ozone/hadoop-ozone/integration-test/target/test-dir/MiniOzoneClusterImpl-7a2c00ee-15e1-4921-aa6b-526c14ec89d8/ozone-meta/datanode-1/ratis/8f3fb533-c6ad-481d-821b-2a5f69f5e925 has been successfully formatted.
2025-07-15 19:44:35,909 [cd936fa6-15d5-4ef8-867a-01454d889292-groupManagement] INFO  ratis.ContainerStateMachine (ContainerStateMachine.java:initialize(339)) - cd936fa6-15d5-4ef8-867a-01454d889292: initialize group-2A5F69F5E925
2025-07-15 19:44:35,910 [e96bea54-5ec2-4bc1-91ca-a280b757147d-groupManagement] INFO  server.RaftServerConfigKeys (ConfUtils.java:logGet(62)) - raft.server.storage.dir = [/home/runner/work/ozone/ozone/hadoop-ozone/integration-test/target/test-dir/MiniOzoneClusterImpl-7a2c00ee-15e1-4921-aa6b-526c14ec89d8/ozone-meta/datanode-2/ratis] (custom)
2025-07-15 19:44:35,910 [cd936fa6-15d5-4ef8-867a-01454d889292-groupManagement] INFO  ratis.ContainerStateMachine (ContainerStateMachine.java:loadSnapshot(347)) - group-2A5F69F5E925: The snapshot info is null. Setting the last applied index to:<INITIAL_VALUE>
2025-07-15 19:44:35,910 [5109dbd0-88b3-4954-9428-6522438831f5-groupManagement] INFO  server.RaftServer$Division (RaftServerImpl.java:<init>(268)) - 5109dbd0-88b3-4954-9428-6522438831f5: new RaftServerImpl for group-6E557299AE72:[5109dbd0-88b3-4954-9428-6522438831f5|127.0.0.1:15031] with ContainerStateMachine:uninitialized
2025-07-15 19:44:35,910 [cd936fa6-15d5-4ef8-867a-01454d889292-groupManagement] INFO  server.RaftServerConfigKeys (ConfUtils.java:logGet(62)) - raft.server.log.appender.buffer.byte-limit = 33554432 (custom)
2025-07-15 19:44:35,910 [5109dbd0-88b3-4954-9428-6522438831f5-groupManagement] INFO  server.RaftServer$Division (ServerState.java:<init>(114)) - 5109dbd0-88b3-4954-9428-6522438831f5@group-6E557299AE72: ConfigurationManager, init=conf: {index: -1, cur=peers:[5109dbd0-88b3-4954-9428-6522438831f5|127.0.0.1:15031]|listeners:[], old=null}, confs=<EMPTY_MAP>
2025-07-15 19:44:35,910 [e96bea54-5ec2-4bc1-91ca-a280b757147d-groupManagement] INFO  storage.RaftStorageDirectory (RaftStorageDirectoryImpl.java:analyzeStorage(138)) - The storage directory /home/runner/work/ozone/ozone/hadoop-ozone/integration-test/target/test-dir/MiniOzoneClusterImpl-7a2c00ee-15e1-4921-aa6b-526c14ec89d8/ozone-meta/datanode-2/ratis/8f3fb533-c6ad-481d-821b-2a5f69f5e925 does not exist. Creating ...
2025-07-15 19:44:35,914 [e96bea54-5ec2-4bc1-91ca-a280b757147d-groupManagement] INFO  storage.RaftStorageDirectory (RaftStorageDirectoryImpl.java:tryLock(229)) - Lock on /home/runner/work/ozone/ozone/hadoop-ozone/integration-test/target/test-dir/MiniOzoneClusterImpl-7a2c00ee-15e1-4921-aa6b-526c14ec89d8/ozone-meta/datanode-2/ratis/8f3fb533-c6ad-481d-821b-2a5f69f5e925/in_use.lock acquired by nodename 18953@localhost
2025-07-15 19:44:35,915 [EventQueue-PipelineReportForOneReplicaPipelineSafeModeRule] INFO  safemode.SCMSafeModeManager (SCMSafeModeManager.java:validateSafeModeExitRules(138)) - AtleastOneDatanodeReportedRule rule is successfully validated
2025-07-15 19:44:35,915 [e96bea54-5ec2-4bc1-91ca-a280b757147d-groupManagement] INFO  storage.RaftStorage (RaftStorageImpl.java:format(98)) - Storage directory /home/runner/work/ozone/ozone/hadoop-ozone/integration-test/target/test-dir/MiniOzoneClusterImpl-7a2c00ee-15e1-4921-aa6b-526c14ec89d8/ozone-meta/datanode-2/ratis/8f3fb533-c6ad-481d-821b-2a5f69f5e925 has been successfully formatted.
2025-07-15 19:44:35,916 [e96bea54-5ec2-4bc1-91ca-a280b757147d-groupManagement] INFO  ratis.ContainerStateMachine (ContainerStateMachine.java:initialize(339)) - e96bea54-5ec2-4bc1-91ca-a280b757147d: initialize group-2A5F69F5E925
2025-07-15 19:44:35,916 [cd936fa6-15d5-4ef8-867a-01454d889292-groupManagement] INFO  server.RaftServerConfigKeys (ConfUtils.java:logGet(62)) - raft.server.log.segment.size.max = 67108864 (custom)
2025-07-15 19:44:35,916 [e96bea54-5ec2-4bc1-91ca-a280b757147d-groupManagement] INFO  ratis.ContainerStateMachine (ContainerStateMachine.java:loadSnapshot(347)) - group-2A5F69F5E925: The snapshot info is null. Setting the last applied index to:<INITIAL_VALUE>
2025-07-15 19:44:35,916 [e96bea54-5ec2-4bc1-91ca-a280b757147d-groupManagement] INFO  server.RaftServerConfigKeys (ConfUtils.java:logGet(62)) - raft.server.log.appender.buffer.byte-limit = 33554432 (custom)
2025-07-15 19:44:35,916 [cd936fa6-15d5-4ef8-867a-01454d889292-groupManagement] INFO  server.RaftServerConfigKeys (ConfUtils.java:logGet(62)) - raft.server.log.appender.buffer.byte-limit = 33554432 (custom)
2025-07-15 19:44:35,918 [EventQueue-PipelineReportForOneReplicaPipelineSafeModeRule] INFO  safemode.SCMSafeModeManager (SCMSafeModeManager.java:validateSafeModeExitRules(138)) - AtleastOneDatanodeReportedRule rule is successfully validated
2025-07-15 19:44:35,918 [cd936fa6-15d5-4ef8-867a-01454d889292-groupManagement] INFO  util.AwaitToRun (AwaitToRun.java:start(81)) - Thread[#1210,cd936fa6-15d5-4ef8-867a-01454d889292@group-2A5F69F5E925-cacheEviction-AwaitToRun,5,main] started
2025-07-15 19:44:35,919 [cd936fa6-15d5-4ef8-867a-01454d889292-groupManagement] INFO  segmented.SegmentedRaftLogWorker (SegmentedRaftLogWorker.java:<init>(190)) - new cd936fa6-15d5-4ef8-867a-01454d889292@group-2A5F69F5E925-SegmentedRaftLogWorker for RaftStorageImpl:Storage Directory /home/runner/work/ozone/ozone/hadoop-ozone/integration-test/target/test-dir/MiniOzoneClusterImpl-7a2c00ee-15e1-4921-aa6b-526c14ec89d8/ozone-meta/datanode-1/ratis/8f3fb533-c6ad-481d-821b-2a5f69f5e925
2025-07-15 19:44:35,919 [cd936fa6-15d5-4ef8-867a-01454d889292-groupManagement] INFO  server.RaftServerConfigKeys (ConfUtils.java:logGet(62)) - raft.server.log.queue.byte-limit = 4294967296 (custom)
2025-07-15 19:44:35,920 [cd936fa6-15d5-4ef8-867a-01454d889292-groupManagement] INFO  server.RaftServerConfigKeys (ConfUtils.java:logGet(62)) - raft.server.log.segment.size.max = 67108864 (custom)
2025-07-15 19:44:35,920 [cd936fa6-15d5-4ef8-867a-01454d889292-groupManagement] INFO  server.RaftServerConfigKeys (ConfUtils.java:logGet(62)) - raft.server.log.preallocated.size = 4194304 (custom)
2025-07-15 19:44:35,922 [cd936fa6-15d5-4ef8-867a-01454d889292-groupManagement] INFO  server.RaftServerConfigKeys (ConfUtils.java:logGet(62)) - raft.server.log.write.buffer.size = 33554440 (custom)
2025-07-15 19:44:35,924 [e96bea54-5ec2-4bc1-91ca-a280b757147d-groupManagement] INFO  server.RaftServerConfigKeys (ConfUtils.java:logGet(62)) - raft.server.log.segment.size.max = 67108864 (custom)
2025-07-15 19:44:35,925 [e96bea54-5ec2-4bc1-91ca-a280b757147d-groupManagement] INFO  server.RaftServerConfigKeys (ConfUtils.java:logGet(62)) - raft.server.log.appender.buffer.byte-limit = 33554432 (custom)
2025-07-15 19:44:35,927 [e96bea54-5ec2-4bc1-91ca-a280b757147d-groupManagement] INFO  util.AwaitToRun (AwaitToRun.java:start(81)) - Thread[#1211,e96bea54-5ec2-4bc1-91ca-a280b757147d@group-2A5F69F5E925-cacheEviction-AwaitToRun,5,main] started
2025-07-15 19:44:35,927 [e96bea54-5ec2-4bc1-91ca-a280b757147d-groupManagement] INFO  segmented.SegmentedRaftLogWorker (SegmentedRaftLogWorker.java:<init>(190)) - new e96bea54-5ec2-4bc1-91ca-a280b757147d@group-2A5F69F5E925-SegmentedRaftLogWorker for RaftStorageImpl:Storage Directory /home/runner/work/ozone/ozone/hadoop-ozone/integration-test/target/test-dir/MiniOzoneClusterImpl-7a2c00ee-15e1-4921-aa6b-526c14ec89d8/ozone-meta/datanode-2/ratis/8f3fb533-c6ad-481d-821b-2a5f69f5e925
2025-07-15 19:44:35,927 [e96bea54-5ec2-4bc1-91ca-a280b757147d-groupManagement] INFO  server.RaftServerConfigKeys (ConfUtils.java:logGet(62)) - raft.server.log.queue.byte-limit = 4294967296 (custom)
2025-07-15 19:44:35,927 [e96bea54-5ec2-4bc1-91ca-a280b757147d-groupManagement] INFO  server.RaftServerConfigKeys (ConfUtils.java:logGet(62)) - raft.server.log.segment.size.max = 67108864 (custom)
2025-07-15 19:44:35,927 [e96bea54-5ec2-4bc1-91ca-a280b757147d-groupManagement] INFO  server.RaftServerConfigKeys (ConfUtils.java:logGet(62)) - raft.server.log.preallocated.size = 4194304 (custom)
2025-07-15 19:44:35,928 [e96bea54-5ec2-4bc1-91ca-a280b757147d-groupManagement] INFO  server.RaftServerConfigKeys (ConfUtils.java:logGet(62)) - raft.server.log.write.buffer.size = 33554440 (custom)
2025-07-15 19:44:35,932 [cd936fa6-15d5-4ef8-867a-01454d889292-groupManagement] INFO  server.RaftServerConfigKeys (ConfUtils.java:logGet(62)) - raft.server.log.appender.buffer.byte-limit = 33554432 (custom)
2025-07-15 19:44:35,933 [cd936fa6-15d5-4ef8-867a-01454d889292-groupManagement] INFO  segmented.SegmentedRaftLogWorker (SegmentedRaftLogWorker.java:lambda$new$0(141)) - cd936fa6-15d5-4ef8-867a-01454d889292@group-2A5F69F5E925-SegmentedRaftLogWorker: flushIndex: setUnconditionally 0 -> -1
2025-07-15 19:44:35,934 [cd936fa6-15d5-4ef8-867a-01454d889292-groupManagement] INFO  segmented.SegmentedRaftLogWorker (SegmentedRaftLogWorker.java:lambda$new$0(141)) - cd936fa6-15d5-4ef8-867a-01454d889292@group-2A5F69F5E925-SegmentedRaftLogWorker: safeCacheEvictIndex: setUnconditionally 0 -> -1
2025-07-15 19:44:35,935 [cd936fa6-15d5-4ef8-867a-01454d889292-groupManagement] INFO  server.RaftServer$Division (RaftServerImpl.java:start(405)) - cd936fa6-15d5-4ef8-867a-01454d889292@group-2A5F69F5E925: start as a follower, conf=conf: {index: -1, cur=peers:[cd936fa6-15d5-4ef8-867a-01454d889292|127.0.0.1:15015, e96bea54-5ec2-4bc1-91ca-a280b757147d|127.0.0.1:15023, 5109dbd0-88b3-4954-9428-6522438831f5|127.0.0.1:15031]|listeners:[], old=null}
2025-07-15 19:44:35,935 [cd936fa6-15d5-4ef8-867a-01454d889292-groupManagement] INFO  server.RaftServer$Division (RaftServerImpl.java:setRole(392)) - cd936fa6-15d5-4ef8-867a-01454d889292@group-2A5F69F5E925: changes role from      null to FOLLOWER at term 0 for startAsFollower
2025-07-15 19:44:35,935 [cd936fa6-15d5-4ef8-867a-01454d889292-groupManagement] INFO  impl.RoleInfo (RoleInfo.java:updateAndGet(148)) - cd936fa6-15d5-4ef8-867a-01454d889292: start cd936fa6-15d5-4ef8-867a-01454d889292@group-2A5F69F5E925-FollowerState
2025-07-15 19:44:35,937 [cd936fa6-15d5-4ef8-867a-01454d889292-groupManagement] INFO  util.JmxRegister (JmxRegister.java:tryRegister(44)) - Successfully registered JMX Bean with object name Ratis:service=RaftServer,group=group-2A5F69F5E925,id=cd936fa6-15d5-4ef8-867a-01454d889292
2025-07-15 19:44:35,937 [cd936fa6-15d5-4ef8-867a-01454d889292-groupManagement] INFO  util.JmxRegister (JmxRegister.java:register(58)) - register mxBean class org.apache.ratis.server.impl.RaftServerJmxAdapter as Ratis:service=RaftServer,group=group-2A5F69F5E925,id=cd936fa6-15d5-4ef8-867a-01454d889292
2025-07-15 19:44:35,937 [5109dbd0-88b3-4954-9428-6522438831f5-groupManagement] INFO  server.RaftServerConfigKeys (ConfUtils.java:logGet(62)) - raft.server.storage.dir = [/home/runner/work/ozone/ozone/hadoop-ozone/integration-test/target/test-dir/MiniOzoneClusterImpl-7a2c00ee-15e1-4921-aa6b-526c14ec89d8/ozone-meta/datanode-3/ratis] (custom)
2025-07-15 19:44:35,937 [5109dbd0-88b3-4954-9428-6522438831f5-groupManagement] INFO  storage.RaftStorageDirectory (RaftStorageDirectoryImpl.java:analyzeStorage(138)) - The storage directory /home/runner/work/ozone/ozone/hadoop-ozone/integration-test/target/test-dir/MiniOzoneClusterImpl-7a2c00ee-15e1-4921-aa6b-526c14ec89d8/ozone-meta/datanode-3/ratis/e1e3f51c-eee6-43c8-a25e-6e557299ae72 does not exist. Creating ...
2025-07-15 19:44:35,939 [cd936fa6-15d5-4ef8-867a-01454d889292-groupManagement] INFO  server.RaftServer$Division (RaftServerImpl.java:start(419)) - cd936fa6-15d5-4ef8-867a-01454d889292@group-2A5F69F5E925: Successfully started.
2025-07-15 19:44:35,939 [cd936fa6-15d5-4ef8-867a-01454d889292-PipelineCommandHandlerThread-0] INFO  ratis.XceiverServerRatis (XceiverServerRatis.java:addGroup(843)) - Created group Pipeline-8f3fb533-c6ad-481d-821b-2a5f69f5e925
2025-07-15 19:44:35,940 [5109dbd0-88b3-4954-9428-6522438831f5-groupManagement] INFO  storage.RaftStorageDirectory (RaftStorageDirectoryImpl.java:tryLock(229)) - Lock on /home/runner/work/ozone/ozone/hadoop-ozone/integration-test/target/test-dir/MiniOzoneClusterImpl-7a2c00ee-15e1-4921-aa6b-526c14ec89d8/ozone-meta/datanode-3/ratis/e1e3f51c-eee6-43c8-a25e-6e557299ae72/in_use.lock acquired by nodename 18953@localhost
2025-07-15 19:44:35,943 [5109dbd0-88b3-4954-9428-6522438831f5-groupManagement] INFO  storage.RaftStorage (RaftStorageImpl.java:format(98)) - Storage directory /home/runner/work/ozone/ozone/hadoop-ozone/integration-test/target/test-dir/MiniOzoneClusterImpl-7a2c00ee-15e1-4921-aa6b-526c14ec89d8/ozone-meta/datanode-3/ratis/e1e3f51c-eee6-43c8-a25e-6e557299ae72 has been successfully formatted.
2025-07-15 19:44:35,943 [5109dbd0-88b3-4954-9428-6522438831f5-groupManagement] INFO  ratis.ContainerStateMachine (ContainerStateMachine.java:initialize(339)) - 5109dbd0-88b3-4954-9428-6522438831f5: initialize group-6E557299AE72
2025-07-15 19:44:35,943 [5109dbd0-88b3-4954-9428-6522438831f5-groupManagement] INFO  ratis.ContainerStateMachine (ContainerStateMachine.java:loadSnapshot(347)) - group-6E557299AE72: The snapshot info is null. Setting the last applied index to:<INITIAL_VALUE>
2025-07-15 19:44:35,944 [5109dbd0-88b3-4954-9428-6522438831f5-groupManagement] INFO  server.RaftServerConfigKeys (ConfUtils.java:logGet(62)) - raft.server.log.appender.buffer.byte-limit = 33554432 (custom)
2025-07-15 19:44:35,945 [e96bea54-5ec2-4bc1-91ca-a280b757147d-groupManagement] INFO  server.RaftServerConfigKeys (ConfUtils.java:logGet(62)) - raft.server.log.appender.buffer.byte-limit = 33554432 (custom)
2025-07-15 19:44:35,945 [e96bea54-5ec2-4bc1-91ca-a280b757147d-groupManagement] INFO  segmented.SegmentedRaftLogWorker (SegmentedRaftLogWorker.java:lambda$new$0(141)) - e96bea54-5ec2-4bc1-91ca-a280b757147d@group-2A5F69F5E925-SegmentedRaftLogWorker: flushIndex: setUnconditionally 0 -> -1
2025-07-15 19:44:35,945 [e96bea54-5ec2-4bc1-91ca-a280b757147d-groupManagement] INFO  segmented.SegmentedRaftLogWorker (SegmentedRaftLogWorker.java:lambda$new$0(141)) - e96bea54-5ec2-4bc1-91ca-a280b757147d@group-2A5F69F5E925-SegmentedRaftLogWorker: safeCacheEvictIndex: setUnconditionally 0 -> -1
2025-07-15 19:44:35,946 [EventQueue-PipelineReportForOneReplicaPipelineSafeModeRule] INFO  safemode.SCMSafeModeManager (SCMSafeModeManager.java:validateSafeModeExitRules(138)) - AtleastOneDatanodeReportedRule rule is successfully validated
2025-07-15 19:44:35,947 [e96bea54-5ec2-4bc1-91ca-a280b757147d-groupManagement] INFO  server.RaftServer$Division (RaftServerImpl.java:start(405)) - e96bea54-5ec2-4bc1-91ca-a280b757147d@group-2A5F69F5E925: start as a follower, conf=conf: {index: -1, cur=peers:[cd936fa6-15d5-4ef8-867a-01454d889292|127.0.0.1:15015, e96bea54-5ec2-4bc1-91ca-a280b757147d|127.0.0.1:15023, 5109dbd0-88b3-4954-9428-6522438831f5|127.0.0.1:15031]|listeners:[], old=null}
2025-07-15 19:44:35,947 [e96bea54-5ec2-4bc1-91ca-a280b757147d-groupManagement] INFO  server.RaftServer$Division (RaftServerImpl.java:setRole(392)) - e96bea54-5ec2-4bc1-91ca-a280b757147d@group-2A5F69F5E925: changes role from      null to FOLLOWER at term 0 for startAsFollower
2025-07-15 19:44:35,947 [e96bea54-5ec2-4bc1-91ca-a280b757147d-groupManagement] INFO  impl.RoleInfo (RoleInfo.java:updateAndGet(148)) - e96bea54-5ec2-4bc1-91ca-a280b757147d: start e96bea54-5ec2-4bc1-91ca-a280b757147d@group-2A5F69F5E925-FollowerState
2025-07-15 19:44:35,949 [e96bea54-5ec2-4bc1-91ca-a280b757147d-groupManagement] INFO  util.JmxRegister (JmxRegister.java:tryRegister(44)) - Successfully registered JMX Bean with object name Ratis:service=RaftServer,group=group-2A5F69F5E925,id=e96bea54-5ec2-4bc1-91ca-a280b757147d
2025-07-15 19:44:35,949 [e96bea54-5ec2-4bc1-91ca-a280b757147d-groupManagement] INFO  util.JmxRegister (JmxRegister.java:register(58)) - register mxBean class org.apache.ratis.server.impl.RaftServerJmxAdapter as Ratis:service=RaftServer,group=group-2A5F69F5E925,id=e96bea54-5ec2-4bc1-91ca-a280b757147d
2025-07-15 19:44:35,951 [5b76e34f-336a-4d5f-b46b-52fa87015b9f@group-526C14EC89D8-StateMachineUpdater] INFO  safemode.SCMSafeModeManager (SCMSafeModeManager.java:validateSafeModeExitRules(138)) - DataNodeSafeModeRule rule is successfully validated
2025-07-15 19:44:35,951 [5b76e34f-336a-4d5f-b46b-52fa87015b9f@group-526C14EC89D8-StateMachineUpdater] INFO  safemode.SCMSafeModeManager (SCMSafeModeManager.java:validateSafeModeExitRules(138)) - RatisContainerSafeModeRule rule is successfully validated
2025-07-15 19:44:35,951 [5b76e34f-336a-4d5f-b46b-52fa87015b9f@group-526C14EC89D8-StateMachineUpdater] INFO  safemode.HealthyPipelineSafeModeRule (HealthyPipelineSafeModeRule.java:initializeRule(228)) - Refreshed total pipeline count is 0, healthy pipeline threshold count is 1
2025-07-15 19:44:35,951 [5b76e34f-336a-4d5f-b46b-52fa87015b9f@group-526C14EC89D8-StateMachineUpdater] INFO  safemode.SCMSafeModeManager (SCMSafeModeManager.java:validateSafeModeExitRules(138)) - ECContainerSafeModeRule rule is successfully validated
2025-07-15 19:44:35,951 [5b76e34f-336a-4d5f-b46b-52fa87015b9f@group-526C14EC89D8-StateMachineUpdater] INFO  safemode.SCMSafeModeManager (SCMSafeModeManager.java:validateSafeModeExitRules(138)) - AtleastOneDatanodeReportedRule rule is successfully validated
2025-07-15 19:44:35,952 [EventQueue-PipelineReportForPipelineReportHandler] INFO  pipeline.PipelineReportHandler (PipelineReportHandler.java:processPipelineReport(134)) - Opened pipeline Pipeline-e1e3f51c-eee6-43c8-a25e-6e557299ae72
2025-07-15 19:44:35,954 [e96bea54-5ec2-4bc1-91ca-a280b757147d-groupManagement] INFO  server.RaftServer$Division (RaftServerImpl.java:start(419)) - e96bea54-5ec2-4bc1-91ca-a280b757147d@group-2A5F69F5E925: Successfully started.
2025-07-15 19:44:35,954 [e96bea54-5ec2-4bc1-91ca-a280b757147d-PipelineCommandHandlerThread-0] INFO  ratis.XceiverServerRatis (XceiverServerRatis.java:addGroup(843)) - Created group Pipeline-8f3fb533-c6ad-481d-821b-2a5f69f5e925
2025-07-15 19:44:35,955 [5109dbd0-88b3-4954-9428-6522438831f5-groupManagement] INFO  server.RaftServerConfigKeys (ConfUtils.java:logGet(62)) - raft.server.log.segment.size.max = 67108864 (custom)
2025-07-15 19:44:35,956 [5109dbd0-88b3-4954-9428-6522438831f5-groupManagement] INFO  server.RaftServerConfigKeys (ConfUtils.java:logGet(62)) - raft.server.log.appender.buffer.byte-limit = 33554432 (custom)
2025-07-15 19:44:35,956 [5109dbd0-88b3-4954-9428-6522438831f5-groupManagement] INFO  util.AwaitToRun (AwaitToRun.java:start(81)) - Thread[#1218,5109dbd0-88b3-4954-9428-6522438831f5@group-6E557299AE72-cacheEviction-AwaitToRun,5,main] started
2025-07-15 19:44:35,956 [5109dbd0-88b3-4954-9428-6522438831f5-groupManagement] INFO  segmented.SegmentedRaftLogWorker (SegmentedRaftLogWorker.java:<init>(190)) - new 5109dbd0-88b3-4954-9428-6522438831f5@group-6E557299AE72-SegmentedRaftLogWorker for RaftStorageImpl:Storage Directory /home/runner/work/ozone/ozone/hadoop-ozone/integration-test/target/test-dir/MiniOzoneClusterImpl-7a2c00ee-15e1-4921-aa6b-526c14ec89d8/ozone-meta/datanode-3/ratis/e1e3f51c-eee6-43c8-a25e-6e557299ae72
2025-07-15 19:44:35,956 [5109dbd0-88b3-4954-9428-6522438831f5-groupManagement] INFO  server.RaftServerConfigKeys (ConfUtils.java:logGet(62)) - raft.server.log.queue.byte-limit = 4294967296 (custom)
2025-07-15 19:44:35,956 [5109dbd0-88b3-4954-9428-6522438831f5-groupManagement] INFO  server.RaftServerConfigKeys (ConfUtils.java:logGet(62)) - raft.server.log.segment.size.max = 67108864 (custom)
2025-07-15 19:44:35,956 [5109dbd0-88b3-4954-9428-6522438831f5-groupManagement] INFO  server.RaftServerConfigKeys (ConfUtils.java:logGet(62)) - raft.server.log.preallocated.size = 4194304 (custom)
2025-07-15 19:44:35,957 [5109dbd0-88b3-4954-9428-6522438831f5-groupManagement] INFO  server.RaftServerConfigKeys (ConfUtils.java:logGet(62)) - raft.server.log.write.buffer.size = 33554440 (custom)
2025-07-15 19:44:35,956 [grpc-default-executor-1] WARN  server.GrpcAdminProtocolService (GrpcAdminProtocolService.java:lambda$groupManagement$1(53)) - Failed groupManagement: GROUPADD, GroupManagementRequest:client-16A02AAB6996->e96bea54-5ec2-4bc1-91ca-a280b757147d@group-2A5F69F5E925, cid=5, seq=null, RW, null, Add:group-2A5F69F5E925:[cd936fa6-15d5-4ef8-867a-01454d889292|127.0.0.1:15015, e96bea54-5ec2-4bc1-91ca-a280b757147d|127.0.0.1:15023, 5109dbd0-88b3-4954-9428-6522438831f5|127.0.0.1:15031]
java.util.concurrent.CompletionException: org.apache.ratis.protocol.exceptions.AlreadyExistsException: e96bea54-5ec2-4bc1-91ca-a280b757147d: Failed to add group-2A5F69F5E925:[cd936fa6-15d5-4ef8-867a-01454d889292|127.0.0.1:15015, e96bea54-5ec2-4bc1-91ca-a280b757147d|127.0.0.1:15023, 5109dbd0-88b3-4954-9428-6522438831f5|127.0.0.1:15031] since the group already exists in the map.
	at java.base/java.util.concurrent.CompletableFuture.encodeThrowable(CompletableFuture.java:332)
	at java.base/java.util.concurrent.CompletableFuture.uniApplyNow(CompletableFuture.java:674)
	at java.base/java.util.concurrent.CompletableFuture.uniApplyStage(CompletableFuture.java:662)
	at java.base/java.util.concurrent.CompletableFuture.thenApplyAsync(CompletableFuture.java:2210)
	at org.apache.ratis.server.impl.RaftServerProxy.groupAddAsync(RaftServerProxy.java:513)
	at org.apache.ratis.server.impl.RaftServerProxy.groupManagementAsync(RaftServerProxy.java:495)
	at org.apache.ratis.grpc.server.GrpcAdminProtocolService.lambda$groupManagement$0(GrpcAdminProtocolService.java:51)
	at org.apache.ratis.grpc.GrpcUtil.asyncCall(GrpcUtil.java:172)
	at org.apache.ratis.grpc.server.GrpcAdminProtocolService.groupManagement(GrpcAdminProtocolService.java:51)
	at org.apache.ratis.proto.grpc.AdminProtocolServiceGrpc$MethodHandlers.invoke(AdminProtocolServiceGrpc.java:701)
	at org.apache.ratis.thirdparty.io.grpc.stub.ServerCalls$UnaryServerCallHandler$UnaryServerCallListener.onHalfClose(ServerCalls.java:182)
	at org.apache.ratis.thirdparty.io.grpc.internal.ServerCallImpl$ServerStreamListenerImpl.halfClosed(ServerCallImpl.java:356)
	at org.apache.ratis.thirdparty.io.grpc.internal.ServerImpl$JumpToApplicationThreadServerStreamListener$1HalfClosed.runInContext(ServerImpl.java:861)
	at org.apache.ratis.thirdparty.io.grpc.internal.ContextRunnable.run(ContextRunnable.java:37)
	at org.apache.ratis.thirdparty.io.grpc.internal.SerializingExecutor.run(SerializingExecutor.java:133)
	at java.base/java.util.concurrent.ThreadPoolExecutor.runWorker(ThreadPoolExecutor.java:1144)
	at java.base/java.util.concurrent.ThreadPoolExecutor$Worker.run(ThreadPoolExecutor.java:642)
	at java.base/java.lang.Thread.run(Thread.java:1583)
Caused by: org.apache.ratis.protocol.exceptions.AlreadyExistsException: e96bea54-5ec2-4bc1-91ca-a280b757147d: Failed to add group-2A5F69F5E925:[cd936fa6-15d5-4ef8-867a-01454d889292|127.0.0.1:15015, e96bea54-5ec2-4bc1-91ca-a280b757147d|127.0.0.1:15023, 5109dbd0-88b3-4954-9428-6522438831f5|127.0.0.1:15031] since the group already exists in the map.
	at org.apache.ratis.server.impl.RaftServerProxy$ImplMap.addNew(RaftServerProxy.java:99)
	at org.apache.ratis.server.impl.RaftServerProxy.groupAddAsync(RaftServerProxy.java:512)
	... 13 more
2025-07-15 19:44:35,962 [5109dbd0-88b3-4954-9428-6522438831f5-groupManagement] INFO  server.RaftServerConfigKeys (ConfUtils.java:logGet(62)) - raft.server.log.appender.buffer.byte-limit = 33554432 (custom)
2025-07-15 19:44:35,963 [5109dbd0-88b3-4954-9428-6522438831f5-groupManagement] INFO  segmented.SegmentedRaftLogWorker (SegmentedRaftLogWorker.java:lambda$new$0(141)) - 5109dbd0-88b3-4954-9428-6522438831f5@group-6E557299AE72-SegmentedRaftLogWorker: flushIndex: setUnconditionally 0 -> -1
2025-07-15 19:44:35,963 [5109dbd0-88b3-4954-9428-6522438831f5-groupManagement] INFO  segmented.SegmentedRaftLogWorker (SegmentedRaftLogWorker.java:lambda$new$0(141)) - 5109dbd0-88b3-4954-9428-6522438831f5@group-6E557299AE72-SegmentedRaftLogWorker: safeCacheEvictIndex: setUnconditionally 0 -> -1
2025-07-15 19:44:35,963 [5109dbd0-88b3-4954-9428-6522438831f5-groupManagement] INFO  server.RaftServer$Division (RaftServerImpl.java:start(405)) - 5109dbd0-88b3-4954-9428-6522438831f5@group-6E557299AE72: start as a follower, conf=conf: {index: -1, cur=peers:[5109dbd0-88b3-4954-9428-6522438831f5|127.0.0.1:15031]|listeners:[], old=null}
2025-07-15 19:44:35,963 [5109dbd0-88b3-4954-9428-6522438831f5-groupManagement] INFO  server.RaftServer$Division (RaftServerImpl.java:setRole(392)) - 5109dbd0-88b3-4954-9428-6522438831f5@group-6E557299AE72: changes role from      null to FOLLOWER at term 0 for startAsFollower
2025-07-15 19:44:35,963 [5109dbd0-88b3-4954-9428-6522438831f5-groupManagement] INFO  impl.RoleInfo (RoleInfo.java:updateAndGet(148)) - 5109dbd0-88b3-4954-9428-6522438831f5: start 5109dbd0-88b3-4954-9428-6522438831f5@group-6E557299AE72-FollowerState
2025-07-15 19:44:35,964 [5109dbd0-88b3-4954-9428-6522438831f5-groupManagement] INFO  util.JmxRegister (JmxRegister.java:tryRegister(44)) - Successfully registered JMX Bean with object name Ratis:service=RaftServer,group=group-6E557299AE72,id=5109dbd0-88b3-4954-9428-6522438831f5
2025-07-15 19:44:35,964 [5109dbd0-88b3-4954-9428-6522438831f5-groupManagement] INFO  util.JmxRegister (JmxRegister.java:register(58)) - register mxBean class org.apache.ratis.server.impl.RaftServerJmxAdapter as Ratis:service=RaftServer,group=group-6E557299AE72,id=5109dbd0-88b3-4954-9428-6522438831f5
2025-07-15 19:44:35,965 [5109dbd0-88b3-4954-9428-6522438831f5-groupManagement] INFO  server.RaftServer$Division (RaftServerImpl.java:start(419)) - 5109dbd0-88b3-4954-9428-6522438831f5@group-6E557299AE72: Successfully started.
2025-07-15 19:44:35,965 [5109dbd0-88b3-4954-9428-6522438831f5-PipelineCommandHandlerThread-0] INFO  ratis.XceiverServerRatis (XceiverServerRatis.java:addGroup(843)) - Created group Pipeline-e1e3f51c-eee6-43c8-a25e-6e557299ae72
2025-07-15 19:44:35,965 [5109dbd0-88b3-4954-9428-6522438831f5-PipelineCommandHandlerThread-0] INFO  commandhandler.CreatePipelineCommandHandler (CreatePipelineCommandHandler.java:lambda$handle$2(127)) - Created Pipeline RATIS ONE Pipeline-e1e3f51c-eee6-43c8-a25e-6e557299ae72.
2025-07-15 19:44:35,965 [5109dbd0-88b3-4954-9428-6522438831f5-PipelineCommandHandlerThread-0] INFO  server.RaftServer (RaftServerProxy.java:addNew(105)) - 5109dbd0-88b3-4954-9428-6522438831f5: addNew group-2A5F69F5E925:[cd936fa6-15d5-4ef8-867a-01454d889292|127.0.0.1:15015, e96bea54-5ec2-4bc1-91ca-a280b757147d|127.0.0.1:15023, 5109dbd0-88b3-4954-9428-6522438831f5|127.0.0.1:15031] returns group-2A5F69F5E925:java.util.concurrent.CompletableFuture@43fc380e[Not completed]
2025-07-15 19:44:35,967 [5109dbd0-88b3-4954-9428-6522438831f5-groupManagement] INFO  server.RaftServer$Division (RaftServerImpl.java:<init>(268)) - 5109dbd0-88b3-4954-9428-6522438831f5: new RaftServerImpl for group-2A5F69F5E925:[cd936fa6-15d5-4ef8-867a-01454d889292|127.0.0.1:15015, e96bea54-5ec2-4bc1-91ca-a280b757147d|127.0.0.1:15023, 5109dbd0-88b3-4954-9428-6522438831f5|127.0.0.1:15031] with ContainerStateMachine:uninitialized
2025-07-15 19:44:35,967 [5109dbd0-88b3-4954-9428-6522438831f5-groupManagement] INFO  server.RaftServer$Division (ServerState.java:<init>(114)) - 5109dbd0-88b3-4954-9428-6522438831f5@group-2A5F69F5E925: ConfigurationManager, init=conf: {index: -1, cur=peers:[cd936fa6-15d5-4ef8-867a-01454d889292|127.0.0.1:15015, e96bea54-5ec2-4bc1-91ca-a280b757147d|127.0.0.1:15023, 5109dbd0-88b3-4954-9428-6522438831f5|127.0.0.1:15031]|listeners:[], old=null}, confs=<EMPTY_MAP>
2025-07-15 19:44:35,976 [grpc-default-executor-1] WARN  server.GrpcAdminProtocolService (GrpcAdminProtocolService.java:lambda$groupManagement$1(53)) - Failed groupManagement: GROUPADD, GroupManagementRequest:client-C44240FA6D16->cd936fa6-15d5-4ef8-867a-01454d889292@group-2A5F69F5E925, cid=6, seq=null, RW, null, Add:group-2A5F69F5E925:[cd936fa6-15d5-4ef8-867a-01454d889292|127.0.0.1:15015, e96bea54-5ec2-4bc1-91ca-a280b757147d|127.0.0.1:15023, 5109dbd0-88b3-4954-9428-6522438831f5|127.0.0.1:15031]
java.util.concurrent.CompletionException: org.apache.ratis.protocol.exceptions.AlreadyExistsException: cd936fa6-15d5-4ef8-867a-01454d889292: Failed to add group-2A5F69F5E925:[cd936fa6-15d5-4ef8-867a-01454d889292|127.0.0.1:15015, e96bea54-5ec2-4bc1-91ca-a280b757147d|127.0.0.1:15023, 5109dbd0-88b3-4954-9428-6522438831f5|127.0.0.1:15031] since the group already exists in the map.
	at java.base/java.util.concurrent.CompletableFuture.encodeThrowable(CompletableFuture.java:332)
	at java.base/java.util.concurrent.CompletableFuture.uniApplyNow(CompletableFuture.java:674)
	at java.base/java.util.concurrent.CompletableFuture.uniApplyStage(CompletableFuture.java:662)
	at java.base/java.util.concurrent.CompletableFuture.thenApplyAsync(CompletableFuture.java:2210)
	at org.apache.ratis.server.impl.RaftServerProxy.groupAddAsync(RaftServerProxy.java:513)
	at org.apache.ratis.server.impl.RaftServerProxy.groupManagementAsync(RaftServerProxy.java:495)
	at org.apache.ratis.grpc.server.GrpcAdminProtocolService.lambda$groupManagement$0(GrpcAdminProtocolService.java:51)
	at org.apache.ratis.grpc.GrpcUtil.asyncCall(GrpcUtil.java:172)
	at org.apache.ratis.grpc.server.GrpcAdminProtocolService.groupManagement(GrpcAdminProtocolService.java:51)
	at org.apache.ratis.proto.grpc.AdminProtocolServiceGrpc$MethodHandlers.invoke(AdminProtocolServiceGrpc.java:701)
	at org.apache.ratis.thirdparty.io.grpc.stub.ServerCalls$UnaryServerCallHandler$UnaryServerCallListener.onHalfClose(ServerCalls.java:182)
	at org.apache.ratis.thirdparty.io.grpc.internal.ServerCallImpl$ServerStreamListenerImpl.halfClosed(ServerCallImpl.java:356)
	at org.apache.ratis.thirdparty.io.grpc.internal.ServerImpl$JumpToApplicationThreadServerStreamListener$1HalfClosed.runInContext(ServerImpl.java:861)
	at org.apache.ratis.thirdparty.io.grpc.internal.ContextRunnable.run(ContextRunnable.java:37)
	at org.apache.ratis.thirdparty.io.grpc.internal.SerializingExecutor.run(SerializingExecutor.java:133)
	at java.base/java.util.concurrent.ThreadPoolExecutor.runWorker(ThreadPoolExecutor.java:1144)
	at java.base/java.util.concurrent.ThreadPoolExecutor$Worker.run(ThreadPoolExecutor.java:642)
	at java.base/java.lang.Thread.run(Thread.java:1583)
Caused by: org.apache.ratis.protocol.exceptions.AlreadyExistsException: cd936fa6-15d5-4ef8-867a-01454d889292: Failed to add group-2A5F69F5E925:[cd936fa6-15d5-4ef8-867a-01454d889292|127.0.0.1:15015, e96bea54-5ec2-4bc1-91ca-a280b757147d|127.0.0.1:15023, 5109dbd0-88b3-4954-9428-6522438831f5|127.0.0.1:15031] since the group already exists in the map.
	at org.apache.ratis.server.impl.RaftServerProxy$ImplMap.addNew(RaftServerProxy.java:99)
	at org.apache.ratis.server.impl.RaftServerProxy.groupAddAsync(RaftServerProxy.java:512)
	... 13 more
2025-07-15 19:44:35,983 [5109dbd0-88b3-4954-9428-6522438831f5-groupManagement] INFO  storage.RaftStorageDirectory (RaftStorageDirectoryImpl.java:analyzeStorage(138)) - The storage directory /home/runner/work/ozone/ozone/hadoop-ozone/integration-test/target/test-dir/MiniOzoneClusterImpl-7a2c00ee-15e1-4921-aa6b-526c14ec89d8/ozone-meta/datanode-3/ratis/8f3fb533-c6ad-481d-821b-2a5f69f5e925 does not exist. Creating ...
2025-07-15 19:44:35,985 [5109dbd0-88b3-4954-9428-6522438831f5-groupManagement] INFO  storage.RaftStorageDirectory (RaftStorageDirectoryImpl.java:tryLock(229)) - Lock on /home/runner/work/ozone/ozone/hadoop-ozone/integration-test/target/test-dir/MiniOzoneClusterImpl-7a2c00ee-15e1-4921-aa6b-526c14ec89d8/ozone-meta/datanode-3/ratis/8f3fb533-c6ad-481d-821b-2a5f69f5e925/in_use.lock acquired by nodename 18953@localhost
2025-07-15 19:44:35,987 [5109dbd0-88b3-4954-9428-6522438831f5-groupManagement] INFO  storage.RaftStorage (RaftStorageImpl.java:format(98)) - Storage directory /home/runner/work/ozone/ozone/hadoop-ozone/integration-test/target/test-dir/MiniOzoneClusterImpl-7a2c00ee-15e1-4921-aa6b-526c14ec89d8/ozone-meta/datanode-3/ratis/8f3fb533-c6ad-481d-821b-2a5f69f5e925 has been successfully formatted.
2025-07-15 19:44:35,987 [5109dbd0-88b3-4954-9428-6522438831f5-groupManagement] INFO  ratis.ContainerStateMachine (ContainerStateMachine.java:initialize(339)) - 5109dbd0-88b3-4954-9428-6522438831f5: initialize group-2A5F69F5E925
2025-07-15 19:44:35,988 [5109dbd0-88b3-4954-9428-6522438831f5-groupManagement] INFO  ratis.ContainerStateMachine (ContainerStateMachine.java:loadSnapshot(347)) - group-2A5F69F5E925: The snapshot info is null. Setting the last applied index to:<INITIAL_VALUE>
2025-07-15 19:44:35,988 [5109dbd0-88b3-4954-9428-6522438831f5-groupManagement] INFO  server.RaftServerConfigKeys (ConfUtils.java:logGet(62)) - raft.server.log.appender.buffer.byte-limit = 33554432 (custom)
2025-07-15 19:44:35,992 [EventQueue-PipelineReportForOneReplicaPipelineSafeModeRule] INFO  safemode.SCMSafeModeManager (SCMSafeModeManager.java:validateSafeModeExitRules(138)) - AtleastOneDatanodeReportedRule rule is successfully validated
2025-07-15 19:44:35,995 [5109dbd0-88b3-4954-9428-6522438831f5-groupManagement] INFO  server.RaftServerConfigKeys (ConfUtils.java:logGet(62)) - raft.server.log.segment.size.max = 67108864 (custom)
2025-07-15 19:44:35,996 [5109dbd0-88b3-4954-9428-6522438831f5-groupManagement] INFO  server.RaftServerConfigKeys (ConfUtils.java:logGet(62)) - raft.server.log.appender.buffer.byte-limit = 33554432 (custom)
2025-07-15 19:44:35,997 [5109dbd0-88b3-4954-9428-6522438831f5-groupManagement] INFO  util.AwaitToRun (AwaitToRun.java:start(81)) - Thread[#1228,5109dbd0-88b3-4954-9428-6522438831f5@group-2A5F69F5E925-cacheEviction-AwaitToRun,5,main] started
2025-07-15 19:44:35,997 [5109dbd0-88b3-4954-9428-6522438831f5-groupManagement] INFO  segmented.SegmentedRaftLogWorker (SegmentedRaftLogWorker.java:<init>(190)) - new 5109dbd0-88b3-4954-9428-6522438831f5@group-2A5F69F5E925-SegmentedRaftLogWorker for RaftStorageImpl:Storage Directory /home/runner/work/ozone/ozone/hadoop-ozone/integration-test/target/test-dir/MiniOzoneClusterImpl-7a2c00ee-15e1-4921-aa6b-526c14ec89d8/ozone-meta/datanode-3/ratis/8f3fb533-c6ad-481d-821b-2a5f69f5e925
2025-07-15 19:44:35,997 [grpc-default-executor-1] WARN  server.GrpcAdminProtocolService (GrpcAdminProtocolService.java:lambda$groupManagement$1(53)) - Failed groupManagement: GROUPADD, GroupManagementRequest:client-DD11599DD626->5109dbd0-88b3-4954-9428-6522438831f5@group-2A5F69F5E925, cid=7, seq=null, RW, null, Add:group-2A5F69F5E925:[cd936fa6-15d5-4ef8-867a-01454d889292|127.0.0.1:15015, e96bea54-5ec2-4bc1-91ca-a280b757147d|127.0.0.1:15023, 5109dbd0-88b3-4954-9428-6522438831f5|127.0.0.1:15031]
java.util.concurrent.CompletionException: org.apache.ratis.protocol.exceptions.AlreadyExistsException: 5109dbd0-88b3-4954-9428-6522438831f5: Failed to add group-2A5F69F5E925:[cd936fa6-15d5-4ef8-867a-01454d889292|127.0.0.1:15015, e96bea54-5ec2-4bc1-91ca-a280b757147d|127.0.0.1:15023, 5109dbd0-88b3-4954-9428-6522438831f5|127.0.0.1:15031] since the group already exists in the map.
	at java.base/java.util.concurrent.CompletableFuture.encodeThrowable(CompletableFuture.java:332)
	at java.base/java.util.concurrent.CompletableFuture.uniApplyNow(CompletableFuture.java:674)
	at java.base/java.util.concurrent.CompletableFuture.uniApplyStage(CompletableFuture.java:662)
	at java.base/java.util.concurrent.CompletableFuture.thenApplyAsync(CompletableFuture.java:2210)
	at org.apache.ratis.server.impl.RaftServerProxy.groupAddAsync(RaftServerProxy.java:513)
	at org.apache.ratis.server.impl.RaftServerProxy.groupManagementAsync(RaftServerProxy.java:495)
	at org.apache.ratis.grpc.server.GrpcAdminProtocolService.lambda$groupManagement$0(GrpcAdminProtocolService.java:51)
	at org.apache.ratis.grpc.GrpcUtil.asyncCall(GrpcUtil.java:172)
	at org.apache.ratis.grpc.server.GrpcAdminProtocolService.groupManagement(GrpcAdminProtocolService.java:51)
	at org.apache.ratis.proto.grpc.AdminProtocolServiceGrpc$MethodHandlers.invoke(AdminProtocolServiceGrpc.java:701)
	at org.apache.ratis.thirdparty.io.grpc.stub.ServerCalls$UnaryServerCallHandler$UnaryServerCallListener.onHalfClose(ServerCalls.java:182)
	at org.apache.ratis.thirdparty.io.grpc.internal.ServerCallImpl$ServerStreamListenerImpl.halfClosed(ServerCallImpl.java:356)
	at org.apache.ratis.thirdparty.io.grpc.internal.ServerImpl$JumpToApplicationThreadServerStreamListener$1HalfClosed.runInContext(ServerImpl.java:861)
	at org.apache.ratis.thirdparty.io.grpc.internal.ContextRunnable.run(ContextRunnable.java:37)
	at org.apache.ratis.thirdparty.io.grpc.internal.SerializingExecutor.run(SerializingExecutor.java:133)
	at java.base/java.util.concurrent.ThreadPoolExecutor.runWorker(ThreadPoolExecutor.java:1144)
	at java.base/java.util.concurrent.ThreadPoolExecutor$Worker.run(ThreadPoolExecutor.java:642)
	at java.base/java.lang.Thread.run(Thread.java:1583)
Caused by: org.apache.ratis.protocol.exceptions.AlreadyExistsException: 5109dbd0-88b3-4954-9428-6522438831f5: Failed to add group-2A5F69F5E925:[cd936fa6-15d5-4ef8-867a-01454d889292|127.0.0.1:15015, e96bea54-5ec2-4bc1-91ca-a280b757147d|127.0.0.1:15023, 5109dbd0-88b3-4954-9428-6522438831f5|127.0.0.1:15031] since the group already exists in the map.
	at org.apache.ratis.server.impl.RaftServerProxy$ImplMap.addNew(RaftServerProxy.java:99)
	at org.apache.ratis.server.impl.RaftServerProxy.groupAddAsync(RaftServerProxy.java:512)
	... 13 more
2025-07-15 19:44:35,997 [5109dbd0-88b3-4954-9428-6522438831f5-groupManagement] INFO  server.RaftServerConfigKeys (ConfUtils.java:logGet(62)) - raft.server.log.queue.byte-limit = 4294967296 (custom)
2025-07-15 19:44:35,999 [5109dbd0-88b3-4954-9428-6522438831f5-groupManagement] INFO  server.RaftServerConfigKeys (ConfUtils.java:logGet(62)) - raft.server.log.segment.size.max = 67108864 (custom)
2025-07-15 19:44:35,999 [5109dbd0-88b3-4954-9428-6522438831f5-groupManagement] INFO  server.RaftServerConfigKeys (ConfUtils.java:logGet(62)) - raft.server.log.preallocated.size = 4194304 (custom)
2025-07-15 19:44:36,002 [5109dbd0-88b3-4954-9428-6522438831f5-groupManagement] INFO  server.RaftServerConfigKeys (ConfUtils.java:logGet(62)) - raft.server.log.write.buffer.size = 33554440 (custom)
2025-07-15 19:44:36,004 [EventQueue-PipelineReportForOneReplicaPipelineSafeModeRule] INFO  safemode.SCMSafeModeManager (SCMSafeModeManager.java:validateSafeModeExitRules(138)) - AtleastOneDatanodeReportedRule rule is successfully validated
2025-07-15 19:44:36,006 [EventQueue-PipelineReportForOneReplicaPipelineSafeModeRule] INFO  safemode.SCMSafeModeManager (SCMSafeModeManager.java:validateSafeModeExitRules(138)) - AtleastOneDatanodeReportedRule rule is successfully validated
2025-07-15 19:44:36,009 [5109dbd0-88b3-4954-9428-6522438831f5-groupManagement] INFO  server.RaftServerConfigKeys (ConfUtils.java:logGet(62)) - raft.server.log.appender.buffer.byte-limit = 33554432 (custom)
2025-07-15 19:44:36,010 [5109dbd0-88b3-4954-9428-6522438831f5-groupManagement] INFO  segmented.SegmentedRaftLogWorker (SegmentedRaftLogWorker.java:lambda$new$0(141)) - 5109dbd0-88b3-4954-9428-6522438831f5@group-2A5F69F5E925-SegmentedRaftLogWorker: flushIndex: setUnconditionally 0 -> -1
2025-07-15 19:44:36,010 [5109dbd0-88b3-4954-9428-6522438831f5-groupManagement] INFO  segmented.SegmentedRaftLogWorker (SegmentedRaftLogWorker.java:lambda$new$0(141)) - 5109dbd0-88b3-4954-9428-6522438831f5@group-2A5F69F5E925-SegmentedRaftLogWorker: safeCacheEvictIndex: setUnconditionally 0 -> -1
2025-07-15 19:44:36,010 [5109dbd0-88b3-4954-9428-6522438831f5-groupManagement] INFO  server.RaftServer$Division (RaftServerImpl.java:start(405)) - 5109dbd0-88b3-4954-9428-6522438831f5@group-2A5F69F5E925: start as a follower, conf=conf: {index: -1, cur=peers:[cd936fa6-15d5-4ef8-867a-01454d889292|127.0.0.1:15015, e96bea54-5ec2-4bc1-91ca-a280b757147d|127.0.0.1:15023, 5109dbd0-88b3-4954-9428-6522438831f5|127.0.0.1:15031]|listeners:[], old=null}
2025-07-15 19:44:36,010 [5109dbd0-88b3-4954-9428-6522438831f5-groupManagement] INFO  server.RaftServer$Division (RaftServerImpl.java:setRole(392)) - 5109dbd0-88b3-4954-9428-6522438831f5@group-2A5F69F5E925: changes role from      null to FOLLOWER at term 0 for startAsFollower
2025-07-15 19:44:36,010 [5109dbd0-88b3-4954-9428-6522438831f5-groupManagement] INFO  impl.RoleInfo (RoleInfo.java:updateAndGet(148)) - 5109dbd0-88b3-4954-9428-6522438831f5: start 5109dbd0-88b3-4954-9428-6522438831f5@group-2A5F69F5E925-FollowerState
2025-07-15 19:44:36,012 [5109dbd0-88b3-4954-9428-6522438831f5-groupManagement] INFO  util.JmxRegister (JmxRegister.java:tryRegister(44)) - Successfully registered JMX Bean with object name Ratis:service=RaftServer,group=group-2A5F69F5E925,id=5109dbd0-88b3-4954-9428-6522438831f5
2025-07-15 19:44:36,012 [5109dbd0-88b3-4954-9428-6522438831f5-groupManagement] INFO  util.JmxRegister (JmxRegister.java:register(58)) - register mxBean class org.apache.ratis.server.impl.RaftServerJmxAdapter as Ratis:service=RaftServer,group=group-2A5F69F5E925,id=5109dbd0-88b3-4954-9428-6522438831f5
2025-07-15 19:44:36,016 [5109dbd0-88b3-4954-9428-6522438831f5-groupManagement] INFO  server.RaftServer$Division (RaftServerImpl.java:start(419)) - 5109dbd0-88b3-4954-9428-6522438831f5@group-2A5F69F5E925: Successfully started.
2025-07-15 19:44:36,017 [grpc-default-executor-0] WARN  server.GrpcAdminProtocolService (GrpcAdminProtocolService.java:lambda$groupManagement$1(53)) - Failed groupManagement: GROUPADD, GroupManagementRequest:client-CCD608788EB4->5109dbd0-88b3-4954-9428-6522438831f5@group-2A5F69F5E925, cid=8, seq=null, RW, null, Add:group-2A5F69F5E925:[cd936fa6-15d5-4ef8-867a-01454d889292|127.0.0.1:15015, e96bea54-5ec2-4bc1-91ca-a280b757147d|127.0.0.1:15023, 5109dbd0-88b3-4954-9428-6522438831f5|127.0.0.1:15031]
java.util.concurrent.CompletionException: org.apache.ratis.protocol.exceptions.AlreadyExistsException: 5109dbd0-88b3-4954-9428-6522438831f5: Failed to add group-2A5F69F5E925:[cd936fa6-15d5-4ef8-867a-01454d889292|127.0.0.1:15015, e96bea54-5ec2-4bc1-91ca-a280b757147d|127.0.0.1:15023, 5109dbd0-88b3-4954-9428-6522438831f5|127.0.0.1:15031] since the group already exists in the map.
	at java.base/java.util.concurrent.CompletableFuture.encodeThrowable(CompletableFuture.java:332)
	at java.base/java.util.concurrent.CompletableFuture.uniApplyNow(CompletableFuture.java:674)
	at java.base/java.util.concurrent.CompletableFuture.uniApplyStage(CompletableFuture.java:662)
	at java.base/java.util.concurrent.CompletableFuture.thenApplyAsync(CompletableFuture.java:2210)
	at org.apache.ratis.server.impl.RaftServerProxy.groupAddAsync(RaftServerProxy.java:513)
	at org.apache.ratis.server.impl.RaftServerProxy.groupManagementAsync(RaftServerProxy.java:495)
	at org.apache.ratis.grpc.server.GrpcAdminProtocolService.lambda$groupManagement$0(GrpcAdminProtocolService.java:51)
	at org.apache.ratis.grpc.GrpcUtil.asyncCall(GrpcUtil.java:172)
	at org.apache.ratis.grpc.server.GrpcAdminProtocolService.groupManagement(GrpcAdminProtocolService.java:51)
	at org.apache.ratis.proto.grpc.AdminProtocolServiceGrpc$MethodHandlers.invoke(AdminProtocolServiceGrpc.java:701)
	at org.apache.ratis.thirdparty.io.grpc.stub.ServerCalls$UnaryServerCallHandler$UnaryServerCallListener.onHalfClose(ServerCalls.java:182)
	at org.apache.ratis.thirdparty.io.grpc.internal.ServerCallImpl$ServerStreamListenerImpl.halfClosed(ServerCallImpl.java:356)
	at org.apache.ratis.thirdparty.io.grpc.internal.ServerImpl$JumpToApplicationThreadServerStreamListener$1HalfClosed.runInContext(ServerImpl.java:861)
	at org.apache.ratis.thirdparty.io.grpc.internal.ContextRunnable.run(ContextRunnable.java:37)
	at org.apache.ratis.thirdparty.io.grpc.internal.SerializingExecutor.run(SerializingExecutor.java:133)
	at java.base/java.util.concurrent.ThreadPoolExecutor.runWorker(ThreadPoolExecutor.java:1144)
	at java.base/java.util.concurrent.ThreadPoolExecutor$Worker.run(ThreadPoolExecutor.java:642)
	at java.base/java.lang.Thread.run(Thread.java:1583)
Caused by: org.apache.ratis.protocol.exceptions.AlreadyExistsException: 5109dbd0-88b3-4954-9428-6522438831f5: Failed to add group-2A5F69F5E925:[cd936fa6-15d5-4ef8-867a-01454d889292|127.0.0.1:15015, e96bea54-5ec2-4bc1-91ca-a280b757147d|127.0.0.1:15023, 5109dbd0-88b3-4954-9428-6522438831f5|127.0.0.1:15031] since the group already exists in the map.
	at org.apache.ratis.server.impl.RaftServerProxy$ImplMap.addNew(RaftServerProxy.java:99)
	at org.apache.ratis.server.impl.RaftServerProxy.groupAddAsync(RaftServerProxy.java:512)
	... 13 more
2025-07-15 19:44:36,017 [5109dbd0-88b3-4954-9428-6522438831f5-PipelineCommandHandlerThread-0] INFO  ratis.XceiverServerRatis (XceiverServerRatis.java:addGroup(843)) - Created group Pipeline-8f3fb533-c6ad-481d-821b-2a5f69f5e925
2025-07-15 19:44:36,025 [cd936fa6-15d5-4ef8-867a-01454d889292-PipelineCommandHandlerThread-0] INFO  commandhandler.CreatePipelineCommandHandler (CreatePipelineCommandHandler.java:lambda$handle$2(127)) - Created Pipeline RATIS THREE Pipeline-8f3fb533-c6ad-481d-821b-2a5f69f5e925.
2025-07-15 19:44:36,025 [IPC Server handler 16 on default port 15002] INFO  net.NetworkTopologyImpl (NetworkTopologyImpl.java:add(133)) - Added a new node: /default-rack/072971cd-5d05-4d2d-80ca-509be4281031
2025-07-15 19:44:36,026 [IPC Server handler 16 on default port 15002] INFO  node.SCMNodeManager (SCMNodeManager.java:register(423)) - Registered datanode: 072971cd-5d05-4d2d-80ca-509be4281031{ip: 127.0.0.1, host: localhost, ports: [HTTP=15082, CLIENT_RPC=15083, REPLICATION=15089, RATIS=15085, RATIS_ADMIN=15086, RATIS_SERVER=15087, RATIS_DATASTREAM=15088, STANDALONE=15084], networkLocation: /default-rack, certSerialId: null, persistedOpState: null, persistedOpStateExpiryEpochSec: 0}
2025-07-15 19:44:36,028 [EventQueue-ContainerRegistrationReportForECContainerSafeModeRule] INFO  safemode.SCMSafeModeManager (SCMSafeModeManager.java:validateSafeModeExitRules(138)) - ECContainerSafeModeRule rule is successfully validated
2025-07-15 19:44:36,029 [EventQueue-ContainerRegistrationReportForRatisContainerSafeModeRule] INFO  safemode.SCMSafeModeManager (SCMSafeModeManager.java:validateSafeModeExitRules(138)) - RatisContainerSafeModeRule rule is successfully validated
2025-07-15 19:44:36,029 [main] INFO  ozone.MiniOzoneClusterImpl (MiniOzoneClusterImpl.java:lambda$waitForClusterToBeReady$0(173)) - Nodes are ready. Got 10 of 10 DN Heartbeats.
2025-07-15 19:44:36,029 [main] INFO  ozone.MiniOzoneClusterImpl (MiniOzoneClusterImpl.java:lambda$waitForClusterToBeReady$0(176)) - Waiting for cluster to exit safe mode
2025-07-15 19:44:36,029 [main] INFO  ozone.MiniOzoneClusterImpl (MiniOzoneClusterImpl.java:lambda$waitForClusterToBeReady$0(178)) - SCM became leader
2025-07-15 19:44:36,030 [EventQueue-NodeRegistrationContainerReportForDataNodeSafeModeRule] INFO  safemode.SCMSafeModeManager (SCMSafeModeManager.java:validateSafeModeExitRules(138)) - DataNodeSafeModeRule rule is successfully validated
2025-07-15 19:44:36,030 [EventQueue-NewNodeForNewNodeHandler] INFO  pipeline.BackgroundPipelineCreator (BackgroundPipelineCreator.java:notifyEventTriggered(290)) - trigger a one-shot run on RatisPipelineUtilsThread.
2025-07-15 19:44:36,031 [RatisPipelineUtilsThread-0] INFO  pipeline.RatisPipelineProvider (RatisPipelineProvider.java:lambda$create$0(208)) - Sending CreatePipelineCommand for pipeline:Pipeline-00627fa7-c6f9-449d-97f4-f8d00f5f3ff6 to datanode:072971cd-5d05-4d2d-80ca-509be4281031(localhost/127.0.0.1)
2025-07-15 19:44:36,031 [EventQueue-PipelineReportForOneReplicaPipelineSafeModeRule] INFO  safemode.SCMSafeModeManager (SCMSafeModeManager.java:validateSafeModeExitRules(138)) - AtleastOneDatanodeReportedRule rule is successfully validated
2025-07-15 19:44:36,032 [e96bea54-5ec2-4bc1-91ca-a280b757147d-PipelineCommandHandlerThread-0] INFO  commandhandler.CreatePipelineCommandHandler (CreatePipelineCommandHandler.java:lambda$handle$2(127)) - Created Pipeline RATIS THREE Pipeline-8f3fb533-c6ad-481d-821b-2a5f69f5e925.
2025-07-15 19:44:36,037 [5b76e34f-336a-4d5f-b46b-52fa87015b9f@group-526C14EC89D8-StateMachineUpdater] INFO  safemode.SCMSafeModeManager (SCMSafeModeManager.java:validateSafeModeExitRules(138)) - DataNodeSafeModeRule rule is successfully validated
2025-07-15 19:44:36,037 [5b76e34f-336a-4d5f-b46b-52fa87015b9f@group-526C14EC89D8-StateMachineUpdater] INFO  safemode.SCMSafeModeManager (SCMSafeModeManager.java:validateSafeModeExitRules(138)) - RatisContainerSafeModeRule rule is successfully validated
2025-07-15 19:44:36,037 [5b76e34f-336a-4d5f-b46b-52fa87015b9f@group-526C14EC89D8-StateMachineUpdater] INFO  safemode.HealthyPipelineSafeModeRule (HealthyPipelineSafeModeRule.java:initializeRule(228)) - Refreshed total pipeline count is 0, healthy pipeline threshold count is 1
2025-07-15 19:44:36,037 [5b76e34f-336a-4d5f-b46b-52fa87015b9f@group-526C14EC89D8-StateMachineUpdater] INFO  safemode.SCMSafeModeManager (SCMSafeModeManager.java:validateSafeModeExitRules(138)) - ECContainerSafeModeRule rule is successfully validated
2025-07-15 19:44:36,037 [5b76e34f-336a-4d5f-b46b-52fa87015b9f@group-526C14EC89D8-StateMachineUpdater] INFO  safemode.SCMSafeModeManager (SCMSafeModeManager.java:validateSafeModeExitRules(138)) - AtleastOneDatanodeReportedRule rule is successfully validated
2025-07-15 19:44:36,038 [RatisPipelineUtilsThread-0] INFO  pipeline.BackgroundPipelineCreator (BackgroundPipelineCreator.java:createPipelines(246)) - Created new pipeline Pipeline{ Id: 00627fa7-c6f9-449d-97f4-f8d00f5f3ff6, Nodes: [ {072971cd-5d05-4d2d-80ca-509be4281031(localhost/127.0.0.1), ReplicaIndex: 0},], ReplicationConfig: RATIS/ONE, State:ALLOCATED, leaderId:, CreationTimestamp2025-07-15T19:44:36.031531897Z[Etc/UTC]}
2025-07-15 19:44:36,040 [grpc-default-executor-0] WARN  server.GrpcAdminProtocolService (GrpcAdminProtocolService.java:lambda$groupManagement$1(53)) - Failed groupManagement: GROUPADD, GroupManagementRequest:client-0FDD00FAEA88->e96bea54-5ec2-4bc1-91ca-a280b757147d@group-2A5F69F5E925, cid=9, seq=null, RW, null, Add:group-2A5F69F5E925:[cd936fa6-15d5-4ef8-867a-01454d889292|127.0.0.1:15015, e96bea54-5ec2-4bc1-91ca-a280b757147d|127.0.0.1:15023, 5109dbd0-88b3-4954-9428-6522438831f5|127.0.0.1:15031]
java.util.concurrent.CompletionException: org.apache.ratis.protocol.exceptions.AlreadyExistsException: e96bea54-5ec2-4bc1-91ca-a280b757147d: Failed to add group-2A5F69F5E925:[cd936fa6-15d5-4ef8-867a-01454d889292|127.0.0.1:15015, e96bea54-5ec2-4bc1-91ca-a280b757147d|127.0.0.1:15023, 5109dbd0-88b3-4954-9428-6522438831f5|127.0.0.1:15031] since the group already exists in the map.
	at java.base/java.util.concurrent.CompletableFuture.encodeThrowable(CompletableFuture.java:332)
	at java.base/java.util.concurrent.CompletableFuture.uniApplyNow(CompletableFuture.java:674)
	at java.base/java.util.concurrent.CompletableFuture.uniApplyStage(CompletableFuture.java:662)
	at java.base/java.util.concurrent.CompletableFuture.thenApplyAsync(CompletableFuture.java:2210)
	at org.apache.ratis.server.impl.RaftServerProxy.groupAddAsync(RaftServerProxy.java:513)
	at org.apache.ratis.server.impl.RaftServerProxy.groupManagementAsync(RaftServerProxy.java:495)
	at org.apache.ratis.grpc.server.GrpcAdminProtocolService.lambda$groupManagement$0(GrpcAdminProtocolService.java:51)
	at org.apache.ratis.grpc.GrpcUtil.asyncCall(GrpcUtil.java:172)
	at org.apache.ratis.grpc.server.GrpcAdminProtocolService.groupManagement(GrpcAdminProtocolService.java:51)
	at org.apache.ratis.proto.grpc.AdminProtocolServiceGrpc$MethodHandlers.invoke(AdminProtocolServiceGrpc.java:701)
	at org.apache.ratis.thirdparty.io.grpc.stub.ServerCalls$UnaryServerCallHandler$UnaryServerCallListener.onHalfClose(ServerCalls.java:182)
	at org.apache.ratis.thirdparty.io.grpc.internal.ServerCallImpl$ServerStreamListenerImpl.halfClosed(ServerCallImpl.java:356)
	at org.apache.ratis.thirdparty.io.grpc.internal.ServerImpl$JumpToApplicationThreadServerStreamListener$1HalfClosed.runInContext(ServerImpl.java:861)
	at org.apache.ratis.thirdparty.io.grpc.internal.ContextRunnable.run(ContextRunnable.java:37)
	at org.apache.ratis.thirdparty.io.grpc.internal.SerializingExecutor.run(SerializingExecutor.java:133)
	at java.base/java.util.concurrent.ThreadPoolExecutor.runWorker(ThreadPoolExecutor.java:1144)
	at java.base/java.util.concurrent.ThreadPoolExecutor$Worker.run(ThreadPoolExecutor.java:642)
	at java.base/java.lang.Thread.run(Thread.java:1583)
Caused by: org.apache.ratis.protocol.exceptions.AlreadyExistsException: e96bea54-5ec2-4bc1-91ca-a280b757147d: Failed to add group-2A5F69F5E925:[cd936fa6-15d5-4ef8-867a-01454d889292|127.0.0.1:15015, e96bea54-5ec2-4bc1-91ca-a280b757147d|127.0.0.1:15023, 5109dbd0-88b3-4954-9428-6522438831f5|127.0.0.1:15031] since the group already exists in the map.
	at org.apache.ratis.server.impl.RaftServerProxy$ImplMap.addNew(RaftServerProxy.java:99)
	at org.apache.ratis.server.impl.RaftServerProxy.groupAddAsync(RaftServerProxy.java:512)
	... 13 more
2025-07-15 19:44:36,049 [EventQueue-PipelineReportForOneReplicaPipelineSafeModeRule] INFO  safemode.SCMSafeModeManager (SCMSafeModeManager.java:validateSafeModeExitRules(138)) - AtleastOneDatanodeReportedRule rule is successfully validated
2025-07-15 19:44:36,060 [grpc-default-executor-0] WARN  server.GrpcAdminProtocolService (GrpcAdminProtocolService.java:lambda$groupManagement$1(53)) - Failed groupManagement: GROUPADD, GroupManagementRequest:client-3FFED61F30CC->cd936fa6-15d5-4ef8-867a-01454d889292@group-2A5F69F5E925, cid=10, seq=null, RW, null, Add:group-2A5F69F5E925:[cd936fa6-15d5-4ef8-867a-01454d889292|127.0.0.1:15015, e96bea54-5ec2-4bc1-91ca-a280b757147d|127.0.0.1:15023, 5109dbd0-88b3-4954-9428-6522438831f5|127.0.0.1:15031]
java.util.concurrent.CompletionException: org.apache.ratis.protocol.exceptions.AlreadyExistsException: cd936fa6-15d5-4ef8-867a-01454d889292: Failed to add group-2A5F69F5E925:[cd936fa6-15d5-4ef8-867a-01454d889292|127.0.0.1:15015, e96bea54-5ec2-4bc1-91ca-a280b757147d|127.0.0.1:15023, 5109dbd0-88b3-4954-9428-6522438831f5|127.0.0.1:15031] since the group already exists in the map.
	at java.base/java.util.concurrent.CompletableFuture.encodeThrowable(CompletableFuture.java:332)
	at java.base/java.util.concurrent.CompletableFuture.uniApplyNow(CompletableFuture.java:674)
	at java.base/java.util.concurrent.CompletableFuture.uniApplyStage(CompletableFuture.java:662)
	at java.base/java.util.concurrent.CompletableFuture.thenApplyAsync(CompletableFuture.java:2210)
	at org.apache.ratis.server.impl.RaftServerProxy.groupAddAsync(RaftServerProxy.java:513)
	at org.apache.ratis.server.impl.RaftServerProxy.groupManagementAsync(RaftServerProxy.java:495)
	at org.apache.ratis.grpc.server.GrpcAdminProtocolService.lambda$groupManagement$0(GrpcAdminProtocolService.java:51)
	at org.apache.ratis.grpc.GrpcUtil.asyncCall(GrpcUtil.java:172)
	at org.apache.ratis.grpc.server.GrpcAdminProtocolService.groupManagement(GrpcAdminProtocolService.java:51)
	at org.apache.ratis.proto.grpc.AdminProtocolServiceGrpc$MethodHandlers.invoke(AdminProtocolServiceGrpc.java:701)
	at org.apache.ratis.thirdparty.io.grpc.stub.ServerCalls$UnaryServerCallHandler$UnaryServerCallListener.onHalfClose(ServerCalls.java:182)
	at org.apache.ratis.thirdparty.io.grpc.internal.ServerCallImpl$ServerStreamListenerImpl.halfClosed(ServerCallImpl.java:356)
	at org.apache.ratis.thirdparty.io.grpc.internal.ServerImpl$JumpToApplicationThreadServerStreamListener$1HalfClosed.runInContext(ServerImpl.java:861)
	at org.apache.ratis.thirdparty.io.grpc.internal.ContextRunnable.run(ContextRunnable.java:37)
	at org.apache.ratis.thirdparty.io.grpc.internal.SerializingExecutor.run(SerializingExecutor.java:133)
	at java.base/java.util.concurrent.ThreadPoolExecutor.runWorker(ThreadPoolExecutor.java:1144)
	at java.base/java.util.concurrent.ThreadPoolExecutor$Worker.run(ThreadPoolExecutor.java:642)
	at java.base/java.lang.Thread.run(Thread.java:1583)
Caused by: org.apache.ratis.protocol.exceptions.AlreadyExistsException: cd936fa6-15d5-4ef8-867a-01454d889292: Failed to add group-2A5F69F5E925:[cd936fa6-15d5-4ef8-867a-01454d889292|127.0.0.1:15015, e96bea54-5ec2-4bc1-91ca-a280b757147d|127.0.0.1:15023, 5109dbd0-88b3-4954-9428-6522438831f5|127.0.0.1:15031] since the group already exists in the map.
	at org.apache.ratis.server.impl.RaftServerProxy$ImplMap.addNew(RaftServerProxy.java:99)
	at org.apache.ratis.server.impl.RaftServerProxy.groupAddAsync(RaftServerProxy.java:512)
	... 13 more
2025-07-15 19:44:36,067 [5109dbd0-88b3-4954-9428-6522438831f5-PipelineCommandHandlerThread-0] INFO  commandhandler.CreatePipelineCommandHandler (CreatePipelineCommandHandler.java:lambda$handle$2(127)) - Created Pipeline RATIS THREE Pipeline-8f3fb533-c6ad-481d-821b-2a5f69f5e925.
2025-07-15 19:44:36,086 [EventQueue-PipelineReportForOneReplicaPipelineSafeModeRule] INFO  safemode.SCMSafeModeManager (SCMSafeModeManager.java:validateSafeModeExitRules(138)) - AtleastOneDatanodeReportedRule rule is successfully validated
2025-07-15 19:44:36,111 [EventQueue-PipelineReportForOneReplicaPipelineSafeModeRule] INFO  safemode.SCMSafeModeManager (SCMSafeModeManager.java:validateSafeModeExitRules(138)) - AtleastOneDatanodeReportedRule rule is successfully validated
2025-07-15 19:44:36,133 [EventQueue-PipelineReportForOneReplicaPipelineSafeModeRule] INFO  safemode.SCMSafeModeManager (SCMSafeModeManager.java:validateSafeModeExitRules(138)) - AtleastOneDatanodeReportedRule rule is successfully validated
2025-07-15 19:44:36,189 [EventQueue-PipelineReportForOneReplicaPipelineSafeModeRule] INFO  safemode.SCMSafeModeManager (SCMSafeModeManager.java:validateSafeModeExitRules(138)) - AtleastOneDatanodeReportedRule rule is successfully validated
2025-07-15 19:44:36,199 [99cb6aa4-ab14-4525-b571-11fa40308ff9-PipelineCommandHandlerThread-0] INFO  server.RaftServer (RaftServerProxy.java:addNew(105)) - 99cb6aa4-ab14-4525-b571-11fa40308ff9: addNew group-4598BEE082BF:[99cb6aa4-ab14-4525-b571-11fa40308ff9|127.0.0.1:15039] returns group-4598BEE082BF:java.util.concurrent.CompletableFuture@eb8a563[Not completed]
2025-07-15 19:44:36,200 [EventQueue-PipelineReportForOneReplicaPipelineSafeModeRule] INFO  safemode.SCMSafeModeManager (SCMSafeModeManager.java:validateSafeModeExitRules(138)) - AtleastOneDatanodeReportedRule rule is successfully validated
2025-07-15 19:44:36,201 [99cb6aa4-ab14-4525-b571-11fa40308ff9-groupManagement] INFO  server.RaftServer$Division (RaftServerImpl.java:<init>(268)) - 99cb6aa4-ab14-4525-b571-11fa40308ff9: new RaftServerImpl for group-4598BEE082BF:[99cb6aa4-ab14-4525-b571-11fa40308ff9|127.0.0.1:15039] with ContainerStateMachine:uninitialized
2025-07-15 19:44:36,201 [99cb6aa4-ab14-4525-b571-11fa40308ff9-groupManagement] INFO  server.RaftServer$Division (ServerState.java:<init>(114)) - 99cb6aa4-ab14-4525-b571-11fa40308ff9@group-4598BEE082BF: ConfigurationManager, init=conf: {index: -1, cur=peers:[99cb6aa4-ab14-4525-b571-11fa40308ff9|127.0.0.1:15039]|listeners:[], old=null}, confs=<EMPTY_MAP>
2025-07-15 19:44:36,208 [99cb6aa4-ab14-4525-b571-11fa40308ff9-groupManagement] INFO  server.RaftServerConfigKeys (ConfUtils.java:logGet(62)) - raft.server.storage.dir = [/home/runner/work/ozone/ozone/hadoop-ozone/integration-test/target/test-dir/MiniOzoneClusterImpl-7a2c00ee-15e1-4921-aa6b-526c14ec89d8/ozone-meta/datanode-4/ratis] (custom)
2025-07-15 19:44:36,208 [99cb6aa4-ab14-4525-b571-11fa40308ff9-groupManagement] INFO  storage.RaftStorageDirectory (RaftStorageDirectoryImpl.java:analyzeStorage(138)) - The storage directory /home/runner/work/ozone/ozone/hadoop-ozone/integration-test/target/test-dir/MiniOzoneClusterImpl-7a2c00ee-15e1-4921-aa6b-526c14ec89d8/ozone-meta/datanode-4/ratis/09eda921-ff68-4580-b554-4598bee082bf does not exist. Creating ...
2025-07-15 19:44:36,209 [99cb6aa4-ab14-4525-b571-11fa40308ff9-groupManagement] INFO  storage.RaftStorageDirectory (RaftStorageDirectoryImpl.java:tryLock(229)) - Lock on /home/runner/work/ozone/ozone/hadoop-ozone/integration-test/target/test-dir/MiniOzoneClusterImpl-7a2c00ee-15e1-4921-aa6b-526c14ec89d8/ozone-meta/datanode-4/ratis/09eda921-ff68-4580-b554-4598bee082bf/in_use.lock acquired by nodename 18953@localhost
2025-07-15 19:44:36,210 [99cb6aa4-ab14-4525-b571-11fa40308ff9-groupManagement] INFO  storage.RaftStorage (RaftStorageImpl.java:format(98)) - Storage directory /home/runner/work/ozone/ozone/hadoop-ozone/integration-test/target/test-dir/MiniOzoneClusterImpl-7a2c00ee-15e1-4921-aa6b-526c14ec89d8/ozone-meta/datanode-4/ratis/09eda921-ff68-4580-b554-4598bee082bf has been successfully formatted.
2025-07-15 19:44:36,211 [99cb6aa4-ab14-4525-b571-11fa40308ff9-groupManagement] INFO  ratis.ContainerStateMachine (ContainerStateMachine.java:initialize(339)) - 99cb6aa4-ab14-4525-b571-11fa40308ff9: initialize group-4598BEE082BF
2025-07-15 19:44:36,211 [99cb6aa4-ab14-4525-b571-11fa40308ff9-groupManagement] INFO  ratis.ContainerStateMachine (ContainerStateMachine.java:loadSnapshot(347)) - group-4598BEE082BF: The snapshot info is null. Setting the last applied index to:<INITIAL_VALUE>
2025-07-15 19:44:36,211 [99cb6aa4-ab14-4525-b571-11fa40308ff9-groupManagement] INFO  server.RaftServerConfigKeys (ConfUtils.java:logGet(62)) - raft.server.log.appender.buffer.byte-limit = 33554432 (custom)
2025-07-15 19:44:36,214 [99cb6aa4-ab14-4525-b571-11fa40308ff9-groupManagement] INFO  server.RaftServerConfigKeys (ConfUtils.java:logGet(62)) - raft.server.log.segment.size.max = 67108864 (custom)
2025-07-15 19:44:36,214 [99cb6aa4-ab14-4525-b571-11fa40308ff9-groupManagement] INFO  server.RaftServerConfigKeys (ConfUtils.java:logGet(62)) - raft.server.log.appender.buffer.byte-limit = 33554432 (custom)
2025-07-15 19:44:36,215 [99cb6aa4-ab14-4525-b571-11fa40308ff9-groupManagement] INFO  util.AwaitToRun (AwaitToRun.java:start(81)) - Thread[#1246,99cb6aa4-ab14-4525-b571-11fa40308ff9@group-4598BEE082BF-cacheEviction-AwaitToRun,5,main] started
2025-07-15 19:44:36,215 [99cb6aa4-ab14-4525-b571-11fa40308ff9-groupManagement] INFO  segmented.SegmentedRaftLogWorker (SegmentedRaftLogWorker.java:<init>(190)) - new 99cb6aa4-ab14-4525-b571-11fa40308ff9@group-4598BEE082BF-SegmentedRaftLogWorker for RaftStorageImpl:Storage Directory /home/runner/work/ozone/ozone/hadoop-ozone/integration-test/target/test-dir/MiniOzoneClusterImpl-7a2c00ee-15e1-4921-aa6b-526c14ec89d8/ozone-meta/datanode-4/ratis/09eda921-ff68-4580-b554-4598bee082bf
2025-07-15 19:44:36,215 [99cb6aa4-ab14-4525-b571-11fa40308ff9-groupManagement] INFO  server.RaftServerConfigKeys (ConfUtils.java:logGet(62)) - raft.server.log.queue.byte-limit = 4294967296 (custom)
2025-07-15 19:44:36,215 [99cb6aa4-ab14-4525-b571-11fa40308ff9-groupManagement] INFO  server.RaftServerConfigKeys (ConfUtils.java:logGet(62)) - raft.server.log.segment.size.max = 67108864 (custom)
2025-07-15 19:44:36,215 [99cb6aa4-ab14-4525-b571-11fa40308ff9-groupManagement] INFO  server.RaftServerConfigKeys (ConfUtils.java:logGet(62)) - raft.server.log.preallocated.size = 4194304 (custom)
2025-07-15 19:44:36,215 [99cb6aa4-ab14-4525-b571-11fa40308ff9-groupManagement] INFO  server.RaftServerConfigKeys (ConfUtils.java:logGet(62)) - raft.server.log.write.buffer.size = 33554440 (custom)
2025-07-15 19:44:36,216 [EventQueue-PipelineReportForOneReplicaPipelineSafeModeRule] INFO  safemode.SCMSafeModeManager (SCMSafeModeManager.java:validateSafeModeExitRules(138)) - AtleastOneDatanodeReportedRule rule is successfully validated
2025-07-15 19:44:36,221 [5b76e34f-336a-4d5f-b46b-52fa87015b9f@group-526C14EC89D8-StateMachineUpdater] INFO  safemode.SCMSafeModeManager (SCMSafeModeManager.java:validateSafeModeExitRules(138)) - DataNodeSafeModeRule rule is successfully validated
2025-07-15 19:44:36,221 [5b76e34f-336a-4d5f-b46b-52fa87015b9f@group-526C14EC89D8-StateMachineUpdater] INFO  safemode.SCMSafeModeManager (SCMSafeModeManager.java:validateSafeModeExitRules(138)) - RatisContainerSafeModeRule rule is successfully validated
2025-07-15 19:44:36,221 [5b76e34f-336a-4d5f-b46b-52fa87015b9f@group-526C14EC89D8-StateMachineUpdater] INFO  safemode.HealthyPipelineSafeModeRule (HealthyPipelineSafeModeRule.java:initializeRule(228)) - Refreshed total pipeline count is 0, healthy pipeline threshold count is 1
2025-07-15 19:44:36,221 [5b76e34f-336a-4d5f-b46b-52fa87015b9f@group-526C14EC89D8-StateMachineUpdater] INFO  safemode.SCMSafeModeManager (SCMSafeModeManager.java:validateSafeModeExitRules(138)) - ECContainerSafeModeRule rule is successfully validated
2025-07-15 19:44:36,221 [5b76e34f-336a-4d5f-b46b-52fa87015b9f@group-526C14EC89D8-StateMachineUpdater] INFO  safemode.SCMSafeModeManager (SCMSafeModeManager.java:validateSafeModeExitRules(138)) - AtleastOneDatanodeReportedRule rule is successfully validated
2025-07-15 19:44:36,221 [99cb6aa4-ab14-4525-b571-11fa40308ff9-groupManagement] INFO  server.RaftServerConfigKeys (ConfUtils.java:logGet(62)) - raft.server.log.appender.buffer.byte-limit = 33554432 (custom)
2025-07-15 19:44:36,222 [99cb6aa4-ab14-4525-b571-11fa40308ff9-groupManagement] INFO  segmented.SegmentedRaftLogWorker (SegmentedRaftLogWorker.java:lambda$new$0(141)) - 99cb6aa4-ab14-4525-b571-11fa40308ff9@group-4598BEE082BF-SegmentedRaftLogWorker: flushIndex: setUnconditionally 0 -> -1
2025-07-15 19:44:36,222 [EventQueue-PipelineReportForPipelineReportHandler] INFO  pipeline.PipelineReportHandler (PipelineReportHandler.java:processPipelineReport(134)) - Opened pipeline Pipeline-09eda921-ff68-4580-b554-4598bee082bf
2025-07-15 19:44:36,222 [99cb6aa4-ab14-4525-b571-11fa40308ff9-groupManagement] INFO  segmented.SegmentedRaftLogWorker (SegmentedRaftLogWorker.java:lambda$new$0(141)) - 99cb6aa4-ab14-4525-b571-11fa40308ff9@group-4598BEE082BF-SegmentedRaftLogWorker: safeCacheEvictIndex: setUnconditionally 0 -> -1
2025-07-15 19:44:36,223 [99cb6aa4-ab14-4525-b571-11fa40308ff9-groupManagement] INFO  server.RaftServer$Division (RaftServerImpl.java:start(405)) - 99cb6aa4-ab14-4525-b571-11fa40308ff9@group-4598BEE082BF: start as a follower, conf=conf: {index: -1, cur=peers:[99cb6aa4-ab14-4525-b571-11fa40308ff9|127.0.0.1:15039]|listeners:[], old=null}
2025-07-15 19:44:36,223 [99cb6aa4-ab14-4525-b571-11fa40308ff9-groupManagement] INFO  server.RaftServer$Division (RaftServerImpl.java:setRole(392)) - 99cb6aa4-ab14-4525-b571-11fa40308ff9@group-4598BEE082BF: changes role from      null to FOLLOWER at term 0 for startAsFollower
2025-07-15 19:44:36,223 [99cb6aa4-ab14-4525-b571-11fa40308ff9-groupManagement] INFO  impl.RoleInfo (RoleInfo.java:updateAndGet(148)) - 99cb6aa4-ab14-4525-b571-11fa40308ff9: start 99cb6aa4-ab14-4525-b571-11fa40308ff9@group-4598BEE082BF-FollowerState
2025-07-15 19:44:36,225 [99cb6aa4-ab14-4525-b571-11fa40308ff9-groupManagement] INFO  util.JmxRegister (JmxRegister.java:tryRegister(44)) - Successfully registered JMX Bean with object name Ratis:service=RaftServer,group=group-4598BEE082BF,id=99cb6aa4-ab14-4525-b571-11fa40308ff9
2025-07-15 19:44:36,225 [99cb6aa4-ab14-4525-b571-11fa40308ff9-groupManagement] INFO  util.JmxRegister (JmxRegister.java:register(58)) - register mxBean class org.apache.ratis.server.impl.RaftServerJmxAdapter as Ratis:service=RaftServer,group=group-4598BEE082BF,id=99cb6aa4-ab14-4525-b571-11fa40308ff9
2025-07-15 19:44:36,226 [99cb6aa4-ab14-4525-b571-11fa40308ff9-groupManagement] INFO  server.RaftServer$Division (RaftServerImpl.java:start(419)) - 99cb6aa4-ab14-4525-b571-11fa40308ff9@group-4598BEE082BF: Successfully started.
2025-07-15 19:44:36,226 [99cb6aa4-ab14-4525-b571-11fa40308ff9-PipelineCommandHandlerThread-0] INFO  ratis.XceiverServerRatis (XceiverServerRatis.java:addGroup(843)) - Created group Pipeline-09eda921-ff68-4580-b554-4598bee082bf
2025-07-15 19:44:36,226 [99cb6aa4-ab14-4525-b571-11fa40308ff9-PipelineCommandHandlerThread-0] INFO  commandhandler.CreatePipelineCommandHandler (CreatePipelineCommandHandler.java:lambda$handle$2(127)) - Created Pipeline RATIS ONE Pipeline-09eda921-ff68-4580-b554-4598bee082bf.
2025-07-15 19:44:36,226 [99cb6aa4-ab14-4525-b571-11fa40308ff9-PipelineCommandHandlerThread-0] INFO  server.RaftServer (RaftServerProxy.java:addNew(105)) - 99cb6aa4-ab14-4525-b571-11fa40308ff9: addNew group-8C8A76C13734:[1ed39f2b-ba05-41d4-bcbc-50acfb489962|127.0.0.1:15055, faa2b429-16a2-49fa-ab42-514c70ac334b|127.0.0.1:15047, 99cb6aa4-ab14-4525-b571-11fa40308ff9|127.0.0.1:15039] returns group-8C8A76C13734:java.util.concurrent.CompletableFuture@5d6167ed[Not completed]
2025-07-15 19:44:36,228 [99cb6aa4-ab14-4525-b571-11fa40308ff9-groupManagement] INFO  server.RaftServer$Division (RaftServerImpl.java:<init>(268)) - 99cb6aa4-ab14-4525-b571-11fa40308ff9: new RaftServerImpl for group-8C8A76C13734:[1ed39f2b-ba05-41d4-bcbc-50acfb489962|127.0.0.1:15055, faa2b429-16a2-49fa-ab42-514c70ac334b|127.0.0.1:15047, 99cb6aa4-ab14-4525-b571-11fa40308ff9|127.0.0.1:15039] with ContainerStateMachine:uninitialized
2025-07-15 19:44:36,228 [99cb6aa4-ab14-4525-b571-11fa40308ff9-groupManagement] INFO  server.RaftServer$Division (ServerState.java:<init>(114)) - 99cb6aa4-ab14-4525-b571-11fa40308ff9@group-8C8A76C13734: ConfigurationManager, init=conf: {index: -1, cur=peers:[1ed39f2b-ba05-41d4-bcbc-50acfb489962|127.0.0.1:15055, faa2b429-16a2-49fa-ab42-514c70ac334b|127.0.0.1:15047, 99cb6aa4-ab14-4525-b571-11fa40308ff9|127.0.0.1:15039]|listeners:[], old=null}, confs=<EMPTY_MAP>
2025-07-15 19:44:36,234 [99cb6aa4-ab14-4525-b571-11fa40308ff9-groupManagement] INFO  storage.RaftStorageDirectory (RaftStorageDirectoryImpl.java:analyzeStorage(138)) - The storage directory /home/runner/work/ozone/ozone/hadoop-ozone/integration-test/target/test-dir/MiniOzoneClusterImpl-7a2c00ee-15e1-4921-aa6b-526c14ec89d8/ozone-meta/datanode-4/ratis/2a9ac051-bf0b-4ff2-8e2f-8c8a76c13734 does not exist. Creating ...
2025-07-15 19:44:36,235 [99cb6aa4-ab14-4525-b571-11fa40308ff9-groupManagement] INFO  storage.RaftStorageDirectory (RaftStorageDirectoryImpl.java:tryLock(229)) - Lock on /home/runner/work/ozone/ozone/hadoop-ozone/integration-test/target/test-dir/MiniOzoneClusterImpl-7a2c00ee-15e1-4921-aa6b-526c14ec89d8/ozone-meta/datanode-4/ratis/2a9ac051-bf0b-4ff2-8e2f-8c8a76c13734/in_use.lock acquired by nodename 18953@localhost
2025-07-15 19:44:36,236 [99cb6aa4-ab14-4525-b571-11fa40308ff9-groupManagement] INFO  storage.RaftStorage (RaftStorageImpl.java:format(98)) - Storage directory /home/runner/work/ozone/ozone/hadoop-ozone/integration-test/target/test-dir/MiniOzoneClusterImpl-7a2c00ee-15e1-4921-aa6b-526c14ec89d8/ozone-meta/datanode-4/ratis/2a9ac051-bf0b-4ff2-8e2f-8c8a76c13734 has been successfully formatted.
2025-07-15 19:44:36,237 [99cb6aa4-ab14-4525-b571-11fa40308ff9-groupManagement] INFO  ratis.ContainerStateMachine (ContainerStateMachine.java:initialize(339)) - 99cb6aa4-ab14-4525-b571-11fa40308ff9: initialize group-8C8A76C13734
2025-07-15 19:44:36,237 [99cb6aa4-ab14-4525-b571-11fa40308ff9-groupManagement] INFO  ratis.ContainerStateMachine (ContainerStateMachine.java:loadSnapshot(347)) - group-8C8A76C13734: The snapshot info is null. Setting the last applied index to:<INITIAL_VALUE>
2025-07-15 19:44:36,237 [99cb6aa4-ab14-4525-b571-11fa40308ff9-groupManagement] INFO  server.RaftServerConfigKeys (ConfUtils.java:logGet(62)) - raft.server.log.appender.buffer.byte-limit = 33554432 (custom)
2025-07-15 19:44:36,238 [EventQueue-PipelineReportForOneReplicaPipelineSafeModeRule] INFO  safemode.SCMSafeModeManager (SCMSafeModeManager.java:validateSafeModeExitRules(138)) - AtleastOneDatanodeReportedRule rule is successfully validated
2025-07-15 19:44:36,239 [99cb6aa4-ab14-4525-b571-11fa40308ff9-groupManagement] INFO  server.RaftServerConfigKeys (ConfUtils.java:logGet(62)) - raft.server.log.segment.size.max = 67108864 (custom)
2025-07-15 19:44:36,240 [99cb6aa4-ab14-4525-b571-11fa40308ff9-groupManagement] INFO  server.RaftServerConfigKeys (ConfUtils.java:logGet(62)) - raft.server.log.appender.buffer.byte-limit = 33554432 (custom)
2025-07-15 19:44:36,240 [99cb6aa4-ab14-4525-b571-11fa40308ff9-groupManagement] INFO  util.AwaitToRun (AwaitToRun.java:start(81)) - Thread[#1250,99cb6aa4-ab14-4525-b571-11fa40308ff9@group-8C8A76C13734-cacheEviction-AwaitToRun,5,main] started
2025-07-15 19:44:36,241 [99cb6aa4-ab14-4525-b571-11fa40308ff9-groupManagement] INFO  segmented.SegmentedRaftLogWorker (SegmentedRaftLogWorker.java:<init>(190)) - new 99cb6aa4-ab14-4525-b571-11fa40308ff9@group-8C8A76C13734-SegmentedRaftLogWorker for RaftStorageImpl:Storage Directory /home/runner/work/ozone/ozone/hadoop-ozone/integration-test/target/test-dir/MiniOzoneClusterImpl-7a2c00ee-15e1-4921-aa6b-526c14ec89d8/ozone-meta/datanode-4/ratis/2a9ac051-bf0b-4ff2-8e2f-8c8a76c13734
2025-07-15 19:44:36,241 [99cb6aa4-ab14-4525-b571-11fa40308ff9-groupManagement] INFO  server.RaftServerConfigKeys (ConfUtils.java:logGet(62)) - raft.server.log.queue.byte-limit = 4294967296 (custom)
2025-07-15 19:44:36,241 [99cb6aa4-ab14-4525-b571-11fa40308ff9-groupManagement] INFO  server.RaftServerConfigKeys (ConfUtils.java:logGet(62)) - raft.server.log.segment.size.max = 67108864 (custom)
2025-07-15 19:44:36,242 [99cb6aa4-ab14-4525-b571-11fa40308ff9-groupManagement] INFO  server.RaftServerConfigKeys (ConfUtils.java:logGet(62)) - raft.server.log.preallocated.size = 4194304 (custom)
2025-07-15 19:44:36,243 [99cb6aa4-ab14-4525-b571-11fa40308ff9-groupManagement] INFO  server.RaftServerConfigKeys (ConfUtils.java:logGet(62)) - raft.server.log.write.buffer.size = 33554440 (custom)
2025-07-15 19:44:36,248 [99cb6aa4-ab14-4525-b571-11fa40308ff9-groupManagement] INFO  server.RaftServerConfigKeys (ConfUtils.java:logGet(62)) - raft.server.log.appender.buffer.byte-limit = 33554432 (custom)
2025-07-15 19:44:36,249 [99cb6aa4-ab14-4525-b571-11fa40308ff9-groupManagement] INFO  segmented.SegmentedRaftLogWorker (SegmentedRaftLogWorker.java:lambda$new$0(141)) - 99cb6aa4-ab14-4525-b571-11fa40308ff9@group-8C8A76C13734-SegmentedRaftLogWorker: flushIndex: setUnconditionally 0 -> -1
2025-07-15 19:44:36,249 [99cb6aa4-ab14-4525-b571-11fa40308ff9-groupManagement] INFO  segmented.SegmentedRaftLogWorker (SegmentedRaftLogWorker.java:lambda$new$0(141)) - 99cb6aa4-ab14-4525-b571-11fa40308ff9@group-8C8A76C13734-SegmentedRaftLogWorker: safeCacheEvictIndex: setUnconditionally 0 -> -1
2025-07-15 19:44:36,249 [99cb6aa4-ab14-4525-b571-11fa40308ff9-groupManagement] INFO  server.RaftServer$Division (RaftServerImpl.java:start(405)) - 99cb6aa4-ab14-4525-b571-11fa40308ff9@group-8C8A76C13734: start as a follower, conf=conf: {index: -1, cur=peers:[1ed39f2b-ba05-41d4-bcbc-50acfb489962|127.0.0.1:15055, faa2b429-16a2-49fa-ab42-514c70ac334b|127.0.0.1:15047, 99cb6aa4-ab14-4525-b571-11fa40308ff9|127.0.0.1:15039]|listeners:[], old=null}
2025-07-15 19:44:36,249 [99cb6aa4-ab14-4525-b571-11fa40308ff9-groupManagement] INFO  server.RaftServer$Division (RaftServerImpl.java:setRole(392)) - 99cb6aa4-ab14-4525-b571-11fa40308ff9@group-8C8A76C13734: changes role from      null to FOLLOWER at term 0 for startAsFollower
2025-07-15 19:44:36,249 [EventQueue-PipelineReportForOneReplicaPipelineSafeModeRule] INFO  safemode.SCMSafeModeManager (SCMSafeModeManager.java:validateSafeModeExitRules(138)) - AtleastOneDatanodeReportedRule rule is successfully validated
2025-07-15 19:44:36,250 [99cb6aa4-ab14-4525-b571-11fa40308ff9-groupManagement] INFO  impl.RoleInfo (RoleInfo.java:updateAndGet(148)) - 99cb6aa4-ab14-4525-b571-11fa40308ff9: start 99cb6aa4-ab14-4525-b571-11fa40308ff9@group-8C8A76C13734-FollowerState
2025-07-15 19:44:36,250 [99cb6aa4-ab14-4525-b571-11fa40308ff9-groupManagement] INFO  util.JmxRegister (JmxRegister.java:tryRegister(44)) - Successfully registered JMX Bean with object name Ratis:service=RaftServer,group=group-8C8A76C13734,id=99cb6aa4-ab14-4525-b571-11fa40308ff9
2025-07-15 19:44:36,250 [99cb6aa4-ab14-4525-b571-11fa40308ff9-groupManagement] INFO  util.JmxRegister (JmxRegister.java:register(58)) - register mxBean class org.apache.ratis.server.impl.RaftServerJmxAdapter as Ratis:service=RaftServer,group=group-8C8A76C13734,id=99cb6aa4-ab14-4525-b571-11fa40308ff9
2025-07-15 19:44:36,251 [99cb6aa4-ab14-4525-b571-11fa40308ff9-groupManagement] INFO  server.RaftServer$Division (RaftServerImpl.java:start(419)) - 99cb6aa4-ab14-4525-b571-11fa40308ff9@group-8C8A76C13734: Successfully started.
2025-07-15 19:44:36,252 [99cb6aa4-ab14-4525-b571-11fa40308ff9-PipelineCommandHandlerThread-0] INFO  ratis.XceiverServerRatis (XceiverServerRatis.java:addGroup(843)) - Created group Pipeline-2a9ac051-bf0b-4ff2-8e2f-8c8a76c13734
2025-07-15 19:44:36,260 [grpc-default-executor-0] INFO  server.RaftServer (RaftServerProxy.java:addNew(105)) - 1ed39f2b-ba05-41d4-bcbc-50acfb489962: addNew group-8C8A76C13734:[1ed39f2b-ba05-41d4-bcbc-50acfb489962|127.0.0.1:15055, faa2b429-16a2-49fa-ab42-514c70ac334b|127.0.0.1:15047, 99cb6aa4-ab14-4525-b571-11fa40308ff9|127.0.0.1:15039] returns group-8C8A76C13734:java.util.concurrent.CompletableFuture@2b71c89d[Not completed]
2025-07-15 19:44:36,262 [1ed39f2b-ba05-41d4-bcbc-50acfb489962-groupManagement] INFO  server.RaftServer$Division (RaftServerImpl.java:<init>(268)) - 1ed39f2b-ba05-41d4-bcbc-50acfb489962: new RaftServerImpl for group-8C8A76C13734:[1ed39f2b-ba05-41d4-bcbc-50acfb489962|127.0.0.1:15055, faa2b429-16a2-49fa-ab42-514c70ac334b|127.0.0.1:15047, 99cb6aa4-ab14-4525-b571-11fa40308ff9|127.0.0.1:15039] with ContainerStateMachine:uninitialized
2025-07-15 19:44:36,262 [1ed39f2b-ba05-41d4-bcbc-50acfb489962-groupManagement] INFO  server.RaftServer$Division (ServerState.java:<init>(114)) - 1ed39f2b-ba05-41d4-bcbc-50acfb489962@group-8C8A76C13734: ConfigurationManager, init=conf: {index: -1, cur=peers:[1ed39f2b-ba05-41d4-bcbc-50acfb489962|127.0.0.1:15055, faa2b429-16a2-49fa-ab42-514c70ac334b|127.0.0.1:15047, 99cb6aa4-ab14-4525-b571-11fa40308ff9|127.0.0.1:15039]|listeners:[], old=null}, confs=<EMPTY_MAP>
2025-07-15 19:44:36,267 [1ed39f2b-ba05-41d4-bcbc-50acfb489962-groupManagement] INFO  server.RaftServerConfigKeys (ConfUtils.java:logGet(62)) - raft.server.storage.dir = [/home/runner/work/ozone/ozone/hadoop-ozone/integration-test/target/test-dir/MiniOzoneClusterImpl-7a2c00ee-15e1-4921-aa6b-526c14ec89d8/ozone-meta/datanode-6/ratis] (custom)
2025-07-15 19:44:36,267 [1ed39f2b-ba05-41d4-bcbc-50acfb489962-groupManagement] INFO  storage.RaftStorageDirectory (RaftStorageDirectoryImpl.java:analyzeStorage(138)) - The storage directory /home/runner/work/ozone/ozone/hadoop-ozone/integration-test/target/test-dir/MiniOzoneClusterImpl-7a2c00ee-15e1-4921-aa6b-526c14ec89d8/ozone-meta/datanode-6/ratis/2a9ac051-bf0b-4ff2-8e2f-8c8a76c13734 does not exist. Creating ...
2025-07-15 19:44:36,268 [1ed39f2b-ba05-41d4-bcbc-50acfb489962-groupManagement] INFO  storage.RaftStorageDirectory (RaftStorageDirectoryImpl.java:tryLock(229)) - Lock on /home/runner/work/ozone/ozone/hadoop-ozone/integration-test/target/test-dir/MiniOzoneClusterImpl-7a2c00ee-15e1-4921-aa6b-526c14ec89d8/ozone-meta/datanode-6/ratis/2a9ac051-bf0b-4ff2-8e2f-8c8a76c13734/in_use.lock acquired by nodename 18953@localhost
2025-07-15 19:44:36,269 [1ed39f2b-ba05-41d4-bcbc-50acfb489962-groupManagement] INFO  storage.RaftStorage (RaftStorageImpl.java:format(98)) - Storage directory /home/runner/work/ozone/ozone/hadoop-ozone/integration-test/target/test-dir/MiniOzoneClusterImpl-7a2c00ee-15e1-4921-aa6b-526c14ec89d8/ozone-meta/datanode-6/ratis/2a9ac051-bf0b-4ff2-8e2f-8c8a76c13734 has been successfully formatted.
2025-07-15 19:44:36,270 [1ed39f2b-ba05-41d4-bcbc-50acfb489962-groupManagement] INFO  ratis.ContainerStateMachine (ContainerStateMachine.java:initialize(339)) - 1ed39f2b-ba05-41d4-bcbc-50acfb489962: initialize group-8C8A76C13734
2025-07-15 19:44:36,270 [1ed39f2b-ba05-41d4-bcbc-50acfb489962-groupManagement] INFO  ratis.ContainerStateMachine (ContainerStateMachine.java:loadSnapshot(347)) - group-8C8A76C13734: The snapshot info is null. Setting the last applied index to:<INITIAL_VALUE>
2025-07-15 19:44:36,270 [1ed39f2b-ba05-41d4-bcbc-50acfb489962-groupManagement] INFO  server.RaftServerConfigKeys (ConfUtils.java:logGet(62)) - raft.server.log.appender.buffer.byte-limit = 33554432 (custom)
2025-07-15 19:44:36,272 [EventQueue-PipelineReportForOneReplicaPipelineSafeModeRule] INFO  safemode.SCMSafeModeManager (SCMSafeModeManager.java:validateSafeModeExitRules(138)) - AtleastOneDatanodeReportedRule rule is successfully validated
2025-07-15 19:44:36,272 [1ed39f2b-ba05-41d4-bcbc-50acfb489962-groupManagement] INFO  server.RaftServerConfigKeys (ConfUtils.java:logGet(62)) - raft.server.log.segment.size.max = 67108864 (custom)
2025-07-15 19:44:36,273 [1ed39f2b-ba05-41d4-bcbc-50acfb489962-groupManagement] INFO  server.RaftServerConfigKeys (ConfUtils.java:logGet(62)) - raft.server.log.appender.buffer.byte-limit = 33554432 (custom)
2025-07-15 19:44:36,273 [1ed39f2b-ba05-41d4-bcbc-50acfb489962-groupManagement] INFO  util.AwaitToRun (AwaitToRun.java:start(81)) - Thread[#1255,1ed39f2b-ba05-41d4-bcbc-50acfb489962@group-8C8A76C13734-cacheEviction-AwaitToRun,5,main] started
2025-07-15 19:44:36,273 [1ed39f2b-ba05-41d4-bcbc-50acfb489962-groupManagement] INFO  segmented.SegmentedRaftLogWorker (SegmentedRaftLogWorker.java:<init>(190)) - new 1ed39f2b-ba05-41d4-bcbc-50acfb489962@group-8C8A76C13734-SegmentedRaftLogWorker for RaftStorageImpl:Storage Directory /home/runner/work/ozone/ozone/hadoop-ozone/integration-test/target/test-dir/MiniOzoneClusterImpl-7a2c00ee-15e1-4921-aa6b-526c14ec89d8/ozone-meta/datanode-6/ratis/2a9ac051-bf0b-4ff2-8e2f-8c8a76c13734
2025-07-15 19:44:36,273 [1ed39f2b-ba05-41d4-bcbc-50acfb489962-groupManagement] INFO  server.RaftServerConfigKeys (ConfUtils.java:logGet(62)) - raft.server.log.queue.byte-limit = 4294967296 (custom)
2025-07-15 19:44:36,273 [1ed39f2b-ba05-41d4-bcbc-50acfb489962-groupManagement] INFO  server.RaftServerConfigKeys (ConfUtils.java:logGet(62)) - raft.server.log.segment.size.max = 67108864 (custom)
2025-07-15 19:44:36,273 [1ed39f2b-ba05-41d4-bcbc-50acfb489962-groupManagement] INFO  server.RaftServerConfigKeys (ConfUtils.java:logGet(62)) - raft.server.log.preallocated.size = 4194304 (custom)
2025-07-15 19:44:36,274 [1ed39f2b-ba05-41d4-bcbc-50acfb489962-groupManagement] INFO  server.RaftServerConfigKeys (ConfUtils.java:logGet(62)) - raft.server.log.write.buffer.size = 33554440 (custom)
2025-07-15 19:44:36,279 [EventQueue-PipelineReportForOneReplicaPipelineSafeModeRule] INFO  safemode.SCMSafeModeManager (SCMSafeModeManager.java:validateSafeModeExitRules(138)) - AtleastOneDatanodeReportedRule rule is successfully validated
2025-07-15 19:44:36,279 [1ed39f2b-ba05-41d4-bcbc-50acfb489962-groupManagement] INFO  server.RaftServerConfigKeys (ConfUtils.java:logGet(62)) - raft.server.log.appender.buffer.byte-limit = 33554432 (custom)
2025-07-15 19:44:36,280 [1ed39f2b-ba05-41d4-bcbc-50acfb489962-groupManagement] INFO  segmented.SegmentedRaftLogWorker (SegmentedRaftLogWorker.java:lambda$new$0(141)) - 1ed39f2b-ba05-41d4-bcbc-50acfb489962@group-8C8A76C13734-SegmentedRaftLogWorker: flushIndex: setUnconditionally 0 -> -1
2025-07-15 19:44:36,280 [1ed39f2b-ba05-41d4-bcbc-50acfb489962-groupManagement] INFO  segmented.SegmentedRaftLogWorker (SegmentedRaftLogWorker.java:lambda$new$0(141)) - 1ed39f2b-ba05-41d4-bcbc-50acfb489962@group-8C8A76C13734-SegmentedRaftLogWorker: safeCacheEvictIndex: setUnconditionally 0 -> -1
2025-07-15 19:44:36,280 [1ed39f2b-ba05-41d4-bcbc-50acfb489962-groupManagement] INFO  server.RaftServer$Division (RaftServerImpl.java:start(405)) - 1ed39f2b-ba05-41d4-bcbc-50acfb489962@group-8C8A76C13734: start as a follower, conf=conf: {index: -1, cur=peers:[1ed39f2b-ba05-41d4-bcbc-50acfb489962|127.0.0.1:15055, faa2b429-16a2-49fa-ab42-514c70ac334b|127.0.0.1:15047, 99cb6aa4-ab14-4525-b571-11fa40308ff9|127.0.0.1:15039]|listeners:[], old=null}
2025-07-15 19:44:36,280 [1ed39f2b-ba05-41d4-bcbc-50acfb489962-groupManagement] INFO  server.RaftServer$Division (RaftServerImpl.java:setRole(392)) - 1ed39f2b-ba05-41d4-bcbc-50acfb489962@group-8C8A76C13734: changes role from      null to FOLLOWER at term 0 for startAsFollower
2025-07-15 19:44:36,281 [1ed39f2b-ba05-41d4-bcbc-50acfb489962-groupManagement] INFO  impl.RoleInfo (RoleInfo.java:updateAndGet(148)) - 1ed39f2b-ba05-41d4-bcbc-50acfb489962: start 1ed39f2b-ba05-41d4-bcbc-50acfb489962@group-8C8A76C13734-FollowerState
2025-07-15 19:44:36,281 [1ed39f2b-ba05-41d4-bcbc-50acfb489962-groupManagement] INFO  util.JmxRegister (JmxRegister.java:tryRegister(44)) - Successfully registered JMX Bean with object name Ratis:service=RaftServer,group=group-8C8A76C13734,id=1ed39f2b-ba05-41d4-bcbc-50acfb489962
2025-07-15 19:44:36,281 [1ed39f2b-ba05-41d4-bcbc-50acfb489962-groupManagement] INFO  util.JmxRegister (JmxRegister.java:register(58)) - register mxBean class org.apache.ratis.server.impl.RaftServerJmxAdapter as Ratis:service=RaftServer,group=group-8C8A76C13734,id=1ed39f2b-ba05-41d4-bcbc-50acfb489962
2025-07-15 19:44:36,282 [1ed39f2b-ba05-41d4-bcbc-50acfb489962-groupManagement] INFO  server.RaftServer$Division (RaftServerImpl.java:start(419)) - 1ed39f2b-ba05-41d4-bcbc-50acfb489962@group-8C8A76C13734: Successfully started.
2025-07-15 19:44:36,300 [grpc-default-executor-0] INFO  server.RaftServer (RaftServerProxy.java:addNew(105)) - faa2b429-16a2-49fa-ab42-514c70ac334b: addNew group-8C8A76C13734:[1ed39f2b-ba05-41d4-bcbc-50acfb489962|127.0.0.1:15055, faa2b429-16a2-49fa-ab42-514c70ac334b|127.0.0.1:15047, 99cb6aa4-ab14-4525-b571-11fa40308ff9|127.0.0.1:15039] returns group-8C8A76C13734:java.util.concurrent.CompletableFuture@52a166ce[Not completed]
2025-07-15 19:44:36,300 [faa2b429-16a2-49fa-ab42-514c70ac334b-groupManagement] INFO  server.RaftServer$Division (RaftServerImpl.java:<init>(268)) - faa2b429-16a2-49fa-ab42-514c70ac334b: new RaftServerImpl for group-8C8A76C13734:[1ed39f2b-ba05-41d4-bcbc-50acfb489962|127.0.0.1:15055, faa2b429-16a2-49fa-ab42-514c70ac334b|127.0.0.1:15047, 99cb6aa4-ab14-4525-b571-11fa40308ff9|127.0.0.1:15039] with ContainerStateMachine:uninitialized
2025-07-15 19:44:36,300 [faa2b429-16a2-49fa-ab42-514c70ac334b-groupManagement] INFO  server.RaftServer$Division (ServerState.java:<init>(114)) - faa2b429-16a2-49fa-ab42-514c70ac334b@group-8C8A76C13734: ConfigurationManager, init=conf: {index: -1, cur=peers:[1ed39f2b-ba05-41d4-bcbc-50acfb489962|127.0.0.1:15055, faa2b429-16a2-49fa-ab42-514c70ac334b|127.0.0.1:15047, 99cb6aa4-ab14-4525-b571-11fa40308ff9|127.0.0.1:15039]|listeners:[], old=null}, confs=<EMPTY_MAP>
2025-07-15 19:44:36,305 [faa2b429-16a2-49fa-ab42-514c70ac334b-groupManagement] INFO  server.RaftServerConfigKeys (ConfUtils.java:logGet(62)) - raft.server.storage.dir = [/home/runner/work/ozone/ozone/hadoop-ozone/integration-test/target/test-dir/MiniOzoneClusterImpl-7a2c00ee-15e1-4921-aa6b-526c14ec89d8/ozone-meta/datanode-5/ratis] (custom)
2025-07-15 19:44:36,305 [faa2b429-16a2-49fa-ab42-514c70ac334b-groupManagement] INFO  storage.RaftStorageDirectory (RaftStorageDirectoryImpl.java:analyzeStorage(138)) - The storage directory /home/runner/work/ozone/ozone/hadoop-ozone/integration-test/target/test-dir/MiniOzoneClusterImpl-7a2c00ee-15e1-4921-aa6b-526c14ec89d8/ozone-meta/datanode-5/ratis/2a9ac051-bf0b-4ff2-8e2f-8c8a76c13734 does not exist. Creating ...
2025-07-15 19:44:36,306 [faa2b429-16a2-49fa-ab42-514c70ac334b-groupManagement] INFO  storage.RaftStorageDirectory (RaftStorageDirectoryImpl.java:tryLock(229)) - Lock on /home/runner/work/ozone/ozone/hadoop-ozone/integration-test/target/test-dir/MiniOzoneClusterImpl-7a2c00ee-15e1-4921-aa6b-526c14ec89d8/ozone-meta/datanode-5/ratis/2a9ac051-bf0b-4ff2-8e2f-8c8a76c13734/in_use.lock acquired by nodename 18953@localhost
2025-07-15 19:44:36,310 [faa2b429-16a2-49fa-ab42-514c70ac334b-groupManagement] INFO  storage.RaftStorage (RaftStorageImpl.java:format(98)) - Storage directory /home/runner/work/ozone/ozone/hadoop-ozone/integration-test/target/test-dir/MiniOzoneClusterImpl-7a2c00ee-15e1-4921-aa6b-526c14ec89d8/ozone-meta/datanode-5/ratis/2a9ac051-bf0b-4ff2-8e2f-8c8a76c13734 has been successfully formatted.
2025-07-15 19:44:36,311 [faa2b429-16a2-49fa-ab42-514c70ac334b-groupManagement] INFO  ratis.ContainerStateMachine (ContainerStateMachine.java:initialize(339)) - faa2b429-16a2-49fa-ab42-514c70ac334b: initialize group-8C8A76C13734
2025-07-15 19:44:36,311 [faa2b429-16a2-49fa-ab42-514c70ac334b-groupManagement] INFO  ratis.ContainerStateMachine (ContainerStateMachine.java:loadSnapshot(347)) - group-8C8A76C13734: The snapshot info is null. Setting the last applied index to:<INITIAL_VALUE>
2025-07-15 19:44:36,311 [faa2b429-16a2-49fa-ab42-514c70ac334b-groupManagement] INFO  server.RaftServerConfigKeys (ConfUtils.java:logGet(62)) - raft.server.log.appender.buffer.byte-limit = 33554432 (custom)
2025-07-15 19:44:36,311 [EventQueue-PipelineReportForOneReplicaPipelineSafeModeRule] INFO  safemode.SCMSafeModeManager (SCMSafeModeManager.java:validateSafeModeExitRules(138)) - AtleastOneDatanodeReportedRule rule is successfully validated
2025-07-15 19:44:36,312 [EventQueue-PipelineReportForOneReplicaPipelineSafeModeRule] INFO  safemode.SCMSafeModeManager (SCMSafeModeManager.java:validateSafeModeExitRules(138)) - AtleastOneDatanodeReportedRule rule is successfully validated
2025-07-15 19:44:36,315 [faa2b429-16a2-49fa-ab42-514c70ac334b-groupManagement] INFO  server.RaftServerConfigKeys (ConfUtils.java:logGet(62)) - raft.server.log.segment.size.max = 67108864 (custom)
2025-07-15 19:44:36,315 [faa2b429-16a2-49fa-ab42-514c70ac334b-groupManagement] INFO  server.RaftServerConfigKeys (ConfUtils.java:logGet(62)) - raft.server.log.appender.buffer.byte-limit = 33554432 (custom)
2025-07-15 19:44:36,317 [EventQueue-PipelineReportForOneReplicaPipelineSafeModeRule] INFO  safemode.SCMSafeModeManager (SCMSafeModeManager.java:validateSafeModeExitRules(138)) - AtleastOneDatanodeReportedRule rule is successfully validated
2025-07-15 19:44:36,317 [faa2b429-16a2-49fa-ab42-514c70ac334b-groupManagement] INFO  util.AwaitToRun (AwaitToRun.java:start(81)) - Thread[#1263,faa2b429-16a2-49fa-ab42-514c70ac334b@group-8C8A76C13734-cacheEviction-AwaitToRun,5,main] started
2025-07-15 19:44:36,317 [faa2b429-16a2-49fa-ab42-514c70ac334b-groupManagement] INFO  segmented.SegmentedRaftLogWorker (SegmentedRaftLogWorker.java:<init>(190)) - new faa2b429-16a2-49fa-ab42-514c70ac334b@group-8C8A76C13734-SegmentedRaftLogWorker for RaftStorageImpl:Storage Directory /home/runner/work/ozone/ozone/hadoop-ozone/integration-test/target/test-dir/MiniOzoneClusterImpl-7a2c00ee-15e1-4921-aa6b-526c14ec89d8/ozone-meta/datanode-5/ratis/2a9ac051-bf0b-4ff2-8e2f-8c8a76c13734
2025-07-15 19:44:36,317 [faa2b429-16a2-49fa-ab42-514c70ac334b-groupManagement] INFO  server.RaftServerConfigKeys (ConfUtils.java:logGet(62)) - raft.server.log.queue.byte-limit = 4294967296 (custom)
2025-07-15 19:44:36,317 [faa2b429-16a2-49fa-ab42-514c70ac334b-groupManagement] INFO  server.RaftServerConfigKeys (ConfUtils.java:logGet(62)) - raft.server.log.segment.size.max = 67108864 (custom)
2025-07-15 19:44:36,317 [faa2b429-16a2-49fa-ab42-514c70ac334b-groupManagement] INFO  server.RaftServerConfigKeys (ConfUtils.java:logGet(62)) - raft.server.log.preallocated.size = 4194304 (custom)
2025-07-15 19:44:36,318 [faa2b429-16a2-49fa-ab42-514c70ac334b-groupManagement] INFO  server.RaftServerConfigKeys (ConfUtils.java:logGet(62)) - raft.server.log.write.buffer.size = 33554440 (custom)
2025-07-15 19:44:36,323 [faa2b429-16a2-49fa-ab42-514c70ac334b-groupManagement] INFO  server.RaftServerConfigKeys (ConfUtils.java:logGet(62)) - raft.server.log.appender.buffer.byte-limit = 33554432 (custom)
2025-07-15 19:44:36,323 [faa2b429-16a2-49fa-ab42-514c70ac334b-groupManagement] INFO  segmented.SegmentedRaftLogWorker (SegmentedRaftLogWorker.java:lambda$new$0(141)) - faa2b429-16a2-49fa-ab42-514c70ac334b@group-8C8A76C13734-SegmentedRaftLogWorker: flushIndex: setUnconditionally 0 -> -1
2025-07-15 19:44:36,323 [faa2b429-16a2-49fa-ab42-514c70ac334b-groupManagement] INFO  segmented.SegmentedRaftLogWorker (SegmentedRaftLogWorker.java:lambda$new$0(141)) - faa2b429-16a2-49fa-ab42-514c70ac334b@group-8C8A76C13734-SegmentedRaftLogWorker: safeCacheEvictIndex: setUnconditionally 0 -> -1
2025-07-15 19:44:36,324 [faa2b429-16a2-49fa-ab42-514c70ac334b-groupManagement] INFO  server.RaftServer$Division (RaftServerImpl.java:start(405)) - faa2b429-16a2-49fa-ab42-514c70ac334b@group-8C8A76C13734: start as a follower, conf=conf: {index: -1, cur=peers:[1ed39f2b-ba05-41d4-bcbc-50acfb489962|127.0.0.1:15055, faa2b429-16a2-49fa-ab42-514c70ac334b|127.0.0.1:15047, 99cb6aa4-ab14-4525-b571-11fa40308ff9|127.0.0.1:15039]|listeners:[], old=null}
2025-07-15 19:44:36,324 [faa2b429-16a2-49fa-ab42-514c70ac334b-groupManagement] INFO  server.RaftServer$Division (RaftServerImpl.java:setRole(392)) - faa2b429-16a2-49fa-ab42-514c70ac334b@group-8C8A76C13734: changes role from      null to FOLLOWER at term 0 for startAsFollower
2025-07-15 19:44:36,324 [faa2b429-16a2-49fa-ab42-514c70ac334b-groupManagement] INFO  impl.RoleInfo (RoleInfo.java:updateAndGet(148)) - faa2b429-16a2-49fa-ab42-514c70ac334b: start faa2b429-16a2-49fa-ab42-514c70ac334b@group-8C8A76C13734-FollowerState
2025-07-15 19:44:36,324 [faa2b429-16a2-49fa-ab42-514c70ac334b-groupManagement] INFO  util.JmxRegister (JmxRegister.java:tryRegister(44)) - Successfully registered JMX Bean with object name Ratis:service=RaftServer,group=group-8C8A76C13734,id=faa2b429-16a2-49fa-ab42-514c70ac334b
2025-07-15 19:44:36,324 [faa2b429-16a2-49fa-ab42-514c70ac334b-groupManagement] INFO  util.JmxRegister (JmxRegister.java:register(58)) - register mxBean class org.apache.ratis.server.impl.RaftServerJmxAdapter as Ratis:service=RaftServer,group=group-8C8A76C13734,id=faa2b429-16a2-49fa-ab42-514c70ac334b
2025-07-15 19:44:36,325 [faa2b429-16a2-49fa-ab42-514c70ac334b-groupManagement] INFO  server.RaftServer$Division (RaftServerImpl.java:start(419)) - faa2b429-16a2-49fa-ab42-514c70ac334b@group-8C8A76C13734: Successfully started.
2025-07-15 19:44:36,329 [99cb6aa4-ab14-4525-b571-11fa40308ff9-PipelineCommandHandlerThread-0] INFO  commandhandler.CreatePipelineCommandHandler (CreatePipelineCommandHandler.java:lambda$handle$2(127)) - Created Pipeline RATIS THREE Pipeline-2a9ac051-bf0b-4ff2-8e2f-8c8a76c13734.
2025-07-15 19:44:36,331 [99cb6aa4-ab14-4525-b571-11fa40308ff9-PipelineCommandHandlerThread-0] INFO  server.RaftServer (RaftServerProxy.java:addNew(105)) - 99cb6aa4-ab14-4525-b571-11fa40308ff9: addNew group-5EE77318BC33:[1ed39f2b-ba05-41d4-bcbc-50acfb489962|127.0.0.1:15055, faa2b429-16a2-49fa-ab42-514c70ac334b|127.0.0.1:15047, 99cb6aa4-ab14-4525-b571-11fa40308ff9|127.0.0.1:15039] returns group-5EE77318BC33:java.util.concurrent.CompletableFuture@4692d3ad[Not completed]
2025-07-15 19:44:36,331 [99cb6aa4-ab14-4525-b571-11fa40308ff9-groupManagement] INFO  server.RaftServer$Division (RaftServerImpl.java:<init>(268)) - 99cb6aa4-ab14-4525-b571-11fa40308ff9: new RaftServerImpl for group-5EE77318BC33:[1ed39f2b-ba05-41d4-bcbc-50acfb489962|127.0.0.1:15055, faa2b429-16a2-49fa-ab42-514c70ac334b|127.0.0.1:15047, 99cb6aa4-ab14-4525-b571-11fa40308ff9|127.0.0.1:15039] with ContainerStateMachine:uninitialized
2025-07-15 19:44:36,331 [99cb6aa4-ab14-4525-b571-11fa40308ff9-groupManagement] INFO  server.RaftServer$Division (ServerState.java:<init>(114)) - 99cb6aa4-ab14-4525-b571-11fa40308ff9@group-5EE77318BC33: ConfigurationManager, init=conf: {index: -1, cur=peers:[1ed39f2b-ba05-41d4-bcbc-50acfb489962|127.0.0.1:15055, faa2b429-16a2-49fa-ab42-514c70ac334b|127.0.0.1:15047, 99cb6aa4-ab14-4525-b571-11fa40308ff9|127.0.0.1:15039]|listeners:[], old=null}, confs=<EMPTY_MAP>
2025-07-15 19:44:36,336 [99cb6aa4-ab14-4525-b571-11fa40308ff9-groupManagement] INFO  server.RaftServerConfigKeys (ConfUtils.java:logGet(62)) - raft.server.storage.dir = [/home/runner/work/ozone/ozone/hadoop-ozone/integration-test/target/test-dir/MiniOzoneClusterImpl-7a2c00ee-15e1-4921-aa6b-526c14ec89d8/ozone-meta/datanode-4/ratis] (custom)
2025-07-15 19:44:36,336 [99cb6aa4-ab14-4525-b571-11fa40308ff9-groupManagement] INFO  storage.RaftStorageDirectory (RaftStorageDirectoryImpl.java:analyzeStorage(138)) - The storage directory /home/runner/work/ozone/ozone/hadoop-ozone/integration-test/target/test-dir/MiniOzoneClusterImpl-7a2c00ee-15e1-4921-aa6b-526c14ec89d8/ozone-meta/datanode-4/ratis/4f81a5f5-7675-4903-8736-5ee77318bc33 does not exist. Creating ...
2025-07-15 19:44:36,337 [99cb6aa4-ab14-4525-b571-11fa40308ff9-groupManagement] INFO  storage.RaftStorageDirectory (RaftStorageDirectoryImpl.java:tryLock(229)) - Lock on /home/runner/work/ozone/ozone/hadoop-ozone/integration-test/target/test-dir/MiniOzoneClusterImpl-7a2c00ee-15e1-4921-aa6b-526c14ec89d8/ozone-meta/datanode-4/ratis/4f81a5f5-7675-4903-8736-5ee77318bc33/in_use.lock acquired by nodename 18953@localhost
2025-07-15 19:44:36,339 [99cb6aa4-ab14-4525-b571-11fa40308ff9-groupManagement] INFO  storage.RaftStorage (RaftStorageImpl.java:format(98)) - Storage directory /home/runner/work/ozone/ozone/hadoop-ozone/integration-test/target/test-dir/MiniOzoneClusterImpl-7a2c00ee-15e1-4921-aa6b-526c14ec89d8/ozone-meta/datanode-4/ratis/4f81a5f5-7675-4903-8736-5ee77318bc33 has been successfully formatted.
2025-07-15 19:44:36,339 [99cb6aa4-ab14-4525-b571-11fa40308ff9-groupManagement] INFO  ratis.ContainerStateMachine (ContainerStateMachine.java:initialize(339)) - 99cb6aa4-ab14-4525-b571-11fa40308ff9: initialize group-5EE77318BC33
2025-07-15 19:44:36,339 [99cb6aa4-ab14-4525-b571-11fa40308ff9-groupManagement] INFO  ratis.ContainerStateMachine (ContainerStateMachine.java:loadSnapshot(347)) - group-5EE77318BC33: The snapshot info is null. Setting the last applied index to:<INITIAL_VALUE>
2025-07-15 19:44:36,339 [99cb6aa4-ab14-4525-b571-11fa40308ff9-groupManagement] INFO  server.RaftServerConfigKeys (ConfUtils.java:logGet(62)) - raft.server.log.appender.buffer.byte-limit = 33554432 (custom)
2025-07-15 19:44:36,341 [99cb6aa4-ab14-4525-b571-11fa40308ff9-groupManagement] INFO  server.RaftServerConfigKeys (ConfUtils.java:logGet(62)) - raft.server.log.segment.size.max = 67108864 (custom)
2025-07-15 19:44:36,341 [99cb6aa4-ab14-4525-b571-11fa40308ff9-groupManagement] INFO  server.RaftServerConfigKeys (ConfUtils.java:logGet(62)) - raft.server.log.appender.buffer.byte-limit = 33554432 (custom)
2025-07-15 19:44:36,342 [99cb6aa4-ab14-4525-b571-11fa40308ff9-groupManagement] INFO  util.AwaitToRun (AwaitToRun.java:start(81)) - Thread[#1270,99cb6aa4-ab14-4525-b571-11fa40308ff9@group-5EE77318BC33-cacheEviction-AwaitToRun,5,main] started
2025-07-15 19:44:36,342 [99cb6aa4-ab14-4525-b571-11fa40308ff9-groupManagement] INFO  segmented.SegmentedRaftLogWorker (SegmentedRaftLogWorker.java:<init>(190)) - new 99cb6aa4-ab14-4525-b571-11fa40308ff9@group-5EE77318BC33-SegmentedRaftLogWorker for RaftStorageImpl:Storage Directory /home/runner/work/ozone/ozone/hadoop-ozone/integration-test/target/test-dir/MiniOzoneClusterImpl-7a2c00ee-15e1-4921-aa6b-526c14ec89d8/ozone-meta/datanode-4/ratis/4f81a5f5-7675-4903-8736-5ee77318bc33
2025-07-15 19:44:36,342 [99cb6aa4-ab14-4525-b571-11fa40308ff9-groupManagement] INFO  server.RaftServerConfigKeys (ConfUtils.java:logGet(62)) - raft.server.log.queue.byte-limit = 4294967296 (custom)
2025-07-15 19:44:36,342 [99cb6aa4-ab14-4525-b571-11fa40308ff9-groupManagement] INFO  server.RaftServerConfigKeys (ConfUtils.java:logGet(62)) - raft.server.log.segment.size.max = 67108864 (custom)
2025-07-15 19:44:36,342 [99cb6aa4-ab14-4525-b571-11fa40308ff9-groupManagement] INFO  server.RaftServerConfigKeys (ConfUtils.java:logGet(62)) - raft.server.log.preallocated.size = 4194304 (custom)
2025-07-15 19:44:36,342 [EventQueue-PipelineReportForOneReplicaPipelineSafeModeRule] INFO  safemode.SCMSafeModeManager (SCMSafeModeManager.java:validateSafeModeExitRules(138)) - AtleastOneDatanodeReportedRule rule is successfully validated
2025-07-15 19:44:36,342 [99cb6aa4-ab14-4525-b571-11fa40308ff9-groupManagement] INFO  server.RaftServerConfigKeys (ConfUtils.java:logGet(62)) - raft.server.log.write.buffer.size = 33554440 (custom)
2025-07-15 19:44:36,348 [99cb6aa4-ab14-4525-b571-11fa40308ff9-groupManagement] INFO  server.RaftServerConfigKeys (ConfUtils.java:logGet(62)) - raft.server.log.appender.buffer.byte-limit = 33554432 (custom)
2025-07-15 19:44:36,349 [99cb6aa4-ab14-4525-b571-11fa40308ff9-groupManagement] INFO  segmented.SegmentedRaftLogWorker (SegmentedRaftLogWorker.java:lambda$new$0(141)) - 99cb6aa4-ab14-4525-b571-11fa40308ff9@group-5EE77318BC33-SegmentedRaftLogWorker: flushIndex: setUnconditionally 0 -> -1
2025-07-15 19:44:36,349 [99cb6aa4-ab14-4525-b571-11fa40308ff9-groupManagement] INFO  segmented.SegmentedRaftLogWorker (SegmentedRaftLogWorker.java:lambda$new$0(141)) - 99cb6aa4-ab14-4525-b571-11fa40308ff9@group-5EE77318BC33-SegmentedRaftLogWorker: safeCacheEvictIndex: setUnconditionally 0 -> -1
2025-07-15 19:44:36,349 [99cb6aa4-ab14-4525-b571-11fa40308ff9-groupManagement] INFO  server.RaftServer$Division (RaftServerImpl.java:start(405)) - 99cb6aa4-ab14-4525-b571-11fa40308ff9@group-5EE77318BC33: start as a follower, conf=conf: {index: -1, cur=peers:[1ed39f2b-ba05-41d4-bcbc-50acfb489962|127.0.0.1:15055, faa2b429-16a2-49fa-ab42-514c70ac334b|127.0.0.1:15047, 99cb6aa4-ab14-4525-b571-11fa40308ff9|127.0.0.1:15039]|listeners:[], old=null}
2025-07-15 19:44:36,349 [99cb6aa4-ab14-4525-b571-11fa40308ff9-groupManagement] INFO  server.RaftServer$Division (RaftServerImpl.java:setRole(392)) - 99cb6aa4-ab14-4525-b571-11fa40308ff9@group-5EE77318BC33: changes role from      null to FOLLOWER at term 0 for startAsFollower
2025-07-15 19:44:36,349 [99cb6aa4-ab14-4525-b571-11fa40308ff9-groupManagement] INFO  impl.RoleInfo (RoleInfo.java:updateAndGet(148)) - 99cb6aa4-ab14-4525-b571-11fa40308ff9: start 99cb6aa4-ab14-4525-b571-11fa40308ff9@group-5EE77318BC33-FollowerState
2025-07-15 19:44:36,349 [99cb6aa4-ab14-4525-b571-11fa40308ff9-groupManagement] INFO  util.JmxRegister (JmxRegister.java:tryRegister(44)) - Successfully registered JMX Bean with object name Ratis:service=RaftServer,group=group-5EE77318BC33,id=99cb6aa4-ab14-4525-b571-11fa40308ff9
2025-07-15 19:44:36,350 [99cb6aa4-ab14-4525-b571-11fa40308ff9-groupManagement] INFO  util.JmxRegister (JmxRegister.java:register(58)) - register mxBean class org.apache.ratis.server.impl.RaftServerJmxAdapter as Ratis:service=RaftServer,group=group-5EE77318BC33,id=99cb6aa4-ab14-4525-b571-11fa40308ff9
2025-07-15 19:44:36,350 [99cb6aa4-ab14-4525-b571-11fa40308ff9-groupManagement] INFO  server.RaftServer$Division (RaftServerImpl.java:start(419)) - 99cb6aa4-ab14-4525-b571-11fa40308ff9@group-5EE77318BC33: Successfully started.
2025-07-15 19:44:36,351 [99cb6aa4-ab14-4525-b571-11fa40308ff9-PipelineCommandHandlerThread-0] INFO  ratis.XceiverServerRatis (XceiverServerRatis.java:addGroup(843)) - Created group Pipeline-4f81a5f5-7675-4903-8736-5ee77318bc33
2025-07-15 19:44:36,359 [grpc-default-executor-0] INFO  server.RaftServer (RaftServerProxy.java:addNew(105)) - faa2b429-16a2-49fa-ab42-514c70ac334b: addNew group-5EE77318BC33:[1ed39f2b-ba05-41d4-bcbc-50acfb489962|127.0.0.1:15055, faa2b429-16a2-49fa-ab42-514c70ac334b|127.0.0.1:15047, 99cb6aa4-ab14-4525-b571-11fa40308ff9|127.0.0.1:15039] returns group-5EE77318BC33:java.util.concurrent.CompletableFuture@611400d2[Not completed]
2025-07-15 19:44:36,360 [faa2b429-16a2-49fa-ab42-514c70ac334b-groupManagement] INFO  server.RaftServer$Division (RaftServerImpl.java:<init>(268)) - faa2b429-16a2-49fa-ab42-514c70ac334b: new RaftServerImpl for group-5EE77318BC33:[1ed39f2b-ba05-41d4-bcbc-50acfb489962|127.0.0.1:15055, faa2b429-16a2-49fa-ab42-514c70ac334b|127.0.0.1:15047, 99cb6aa4-ab14-4525-b571-11fa40308ff9|127.0.0.1:15039] with ContainerStateMachine:uninitialized
2025-07-15 19:44:36,360 [faa2b429-16a2-49fa-ab42-514c70ac334b-groupManagement] INFO  server.RaftServer$Division (ServerState.java:<init>(114)) - faa2b429-16a2-49fa-ab42-514c70ac334b@group-5EE77318BC33: ConfigurationManager, init=conf: {index: -1, cur=peers:[1ed39f2b-ba05-41d4-bcbc-50acfb489962|127.0.0.1:15055, faa2b429-16a2-49fa-ab42-514c70ac334b|127.0.0.1:15047, 99cb6aa4-ab14-4525-b571-11fa40308ff9|127.0.0.1:15039]|listeners:[], old=null}, confs=<EMPTY_MAP>
2025-07-15 19:44:36,364 [faa2b429-16a2-49fa-ab42-514c70ac334b-groupManagement] INFO  server.RaftServerConfigKeys (ConfUtils.java:logGet(62)) - raft.server.storage.dir = [/home/runner/work/ozone/ozone/hadoop-ozone/integration-test/target/test-dir/MiniOzoneClusterImpl-7a2c00ee-15e1-4921-aa6b-526c14ec89d8/ozone-meta/datanode-5/ratis] (custom)
2025-07-15 19:44:36,364 [faa2b429-16a2-49fa-ab42-514c70ac334b-groupManagement] INFO  storage.RaftStorageDirectory (RaftStorageDirectoryImpl.java:analyzeStorage(138)) - The storage directory /home/runner/work/ozone/ozone/hadoop-ozone/integration-test/target/test-dir/MiniOzoneClusterImpl-7a2c00ee-15e1-4921-aa6b-526c14ec89d8/ozone-meta/datanode-5/ratis/4f81a5f5-7675-4903-8736-5ee77318bc33 does not exist. Creating ...
2025-07-15 19:44:36,366 [faa2b429-16a2-49fa-ab42-514c70ac334b-groupManagement] INFO  storage.RaftStorageDirectory (RaftStorageDirectoryImpl.java:tryLock(229)) - Lock on /home/runner/work/ozone/ozone/hadoop-ozone/integration-test/target/test-dir/MiniOzoneClusterImpl-7a2c00ee-15e1-4921-aa6b-526c14ec89d8/ozone-meta/datanode-5/ratis/4f81a5f5-7675-4903-8736-5ee77318bc33/in_use.lock acquired by nodename 18953@localhost
2025-07-15 19:44:36,367 [faa2b429-16a2-49fa-ab42-514c70ac334b-groupManagement] INFO  storage.RaftStorage (RaftStorageImpl.java:format(98)) - Storage directory /home/runner/work/ozone/ozone/hadoop-ozone/integration-test/target/test-dir/MiniOzoneClusterImpl-7a2c00ee-15e1-4921-aa6b-526c14ec89d8/ozone-meta/datanode-5/ratis/4f81a5f5-7675-4903-8736-5ee77318bc33 has been successfully formatted.
2025-07-15 19:44:36,369 [faa2b429-16a2-49fa-ab42-514c70ac334b-groupManagement] INFO  ratis.ContainerStateMachine (ContainerStateMachine.java:initialize(339)) - faa2b429-16a2-49fa-ab42-514c70ac334b: initialize group-5EE77318BC33
2025-07-15 19:44:36,369 [faa2b429-16a2-49fa-ab42-514c70ac334b-groupManagement] INFO  ratis.ContainerStateMachine (ContainerStateMachine.java:loadSnapshot(347)) - group-5EE77318BC33: The snapshot info is null. Setting the last applied index to:<INITIAL_VALUE>
2025-07-15 19:44:36,370 [faa2b429-16a2-49fa-ab42-514c70ac334b-groupManagement] INFO  server.RaftServerConfigKeys (ConfUtils.java:logGet(62)) - raft.server.log.appender.buffer.byte-limit = 33554432 (custom)
2025-07-15 19:44:36,372 [faa2b429-16a2-49fa-ab42-514c70ac334b-groupManagement] INFO  server.RaftServerConfigKeys (ConfUtils.java:logGet(62)) - raft.server.log.segment.size.max = 67108864 (custom)
2025-07-15 19:44:36,372 [faa2b429-16a2-49fa-ab42-514c70ac334b-groupManagement] INFO  server.RaftServerConfigKeys (ConfUtils.java:logGet(62)) - raft.server.log.appender.buffer.byte-limit = 33554432 (custom)
2025-07-15 19:44:36,373 [EventQueue-PipelineReportForOneReplicaPipelineSafeModeRule] INFO  safemode.SCMSafeModeManager (SCMSafeModeManager.java:validateSafeModeExitRules(138)) - AtleastOneDatanodeReportedRule rule is successfully validated
2025-07-15 19:44:36,373 [faa2b429-16a2-49fa-ab42-514c70ac334b-groupManagement] INFO  util.AwaitToRun (AwaitToRun.java:start(81)) - Thread[#1274,faa2b429-16a2-49fa-ab42-514c70ac334b@group-5EE77318BC33-cacheEviction-AwaitToRun,5,main] started
2025-07-15 19:44:36,373 [faa2b429-16a2-49fa-ab42-514c70ac334b-groupManagement] INFO  segmented.SegmentedRaftLogWorker (SegmentedRaftLogWorker.java:<init>(190)) - new faa2b429-16a2-49fa-ab42-514c70ac334b@group-5EE77318BC33-SegmentedRaftLogWorker for RaftStorageImpl:Storage Directory /home/runner/work/ozone/ozone/hadoop-ozone/integration-test/target/test-dir/MiniOzoneClusterImpl-7a2c00ee-15e1-4921-aa6b-526c14ec89d8/ozone-meta/datanode-5/ratis/4f81a5f5-7675-4903-8736-5ee77318bc33
2025-07-15 19:44:36,373 [faa2b429-16a2-49fa-ab42-514c70ac334b-groupManagement] INFO  server.RaftServerConfigKeys (ConfUtils.java:logGet(62)) - raft.server.log.queue.byte-limit = 4294967296 (custom)
2025-07-15 19:44:36,373 [faa2b429-16a2-49fa-ab42-514c70ac334b-groupManagement] INFO  server.RaftServerConfigKeys (ConfUtils.java:logGet(62)) - raft.server.log.segment.size.max = 67108864 (custom)
2025-07-15 19:44:36,373 [faa2b429-16a2-49fa-ab42-514c70ac334b-groupManagement] INFO  server.RaftServerConfigKeys (ConfUtils.java:logGet(62)) - raft.server.log.preallocated.size = 4194304 (custom)
2025-07-15 19:44:36,375 [faa2b429-16a2-49fa-ab42-514c70ac334b-groupManagement] INFO  server.RaftServerConfigKeys (ConfUtils.java:logGet(62)) - raft.server.log.write.buffer.size = 33554440 (custom)
2025-07-15 19:44:36,379 [faa2b429-16a2-49fa-ab42-514c70ac334b-groupManagement] INFO  server.RaftServerConfigKeys (ConfUtils.java:logGet(62)) - raft.server.log.appender.buffer.byte-limit = 33554432 (custom)
2025-07-15 19:44:36,380 [faa2b429-16a2-49fa-ab42-514c70ac334b-groupManagement] INFO  segmented.SegmentedRaftLogWorker (SegmentedRaftLogWorker.java:lambda$new$0(141)) - faa2b429-16a2-49fa-ab42-514c70ac334b@group-5EE77318BC33-SegmentedRaftLogWorker: flushIndex: setUnconditionally 0 -> -1
2025-07-15 19:44:36,380 [faa2b429-16a2-49fa-ab42-514c70ac334b-groupManagement] INFO  segmented.SegmentedRaftLogWorker (SegmentedRaftLogWorker.java:lambda$new$0(141)) - faa2b429-16a2-49fa-ab42-514c70ac334b@group-5EE77318BC33-SegmentedRaftLogWorker: safeCacheEvictIndex: setUnconditionally 0 -> -1
2025-07-15 19:44:36,381 [faa2b429-16a2-49fa-ab42-514c70ac334b-groupManagement] INFO  server.RaftServer$Division (RaftServerImpl.java:start(405)) - faa2b429-16a2-49fa-ab42-514c70ac334b@group-5EE77318BC33: start as a follower, conf=conf: {index: -1, cur=peers:[1ed39f2b-ba05-41d4-bcbc-50acfb489962|127.0.0.1:15055, faa2b429-16a2-49fa-ab42-514c70ac334b|127.0.0.1:15047, 99cb6aa4-ab14-4525-b571-11fa40308ff9|127.0.0.1:15039]|listeners:[], old=null}
2025-07-15 19:44:36,381 [faa2b429-16a2-49fa-ab42-514c70ac334b-groupManagement] INFO  server.RaftServer$Division (RaftServerImpl.java:setRole(392)) - faa2b429-16a2-49fa-ab42-514c70ac334b@group-5EE77318BC33: changes role from      null to FOLLOWER at term 0 for startAsFollower
2025-07-15 19:44:36,381 [faa2b429-16a2-49fa-ab42-514c70ac334b-groupManagement] INFO  impl.RoleInfo (RoleInfo.java:updateAndGet(148)) - faa2b429-16a2-49fa-ab42-514c70ac334b: start faa2b429-16a2-49fa-ab42-514c70ac334b@group-5EE77318BC33-FollowerState
2025-07-15 19:44:36,381 [faa2b429-16a2-49fa-ab42-514c70ac334b-groupManagement] INFO  util.JmxRegister (JmxRegister.java:tryRegister(44)) - Successfully registered JMX Bean with object name Ratis:service=RaftServer,group=group-5EE77318BC33,id=faa2b429-16a2-49fa-ab42-514c70ac334b
2025-07-15 19:44:36,381 [faa2b429-16a2-49fa-ab42-514c70ac334b-groupManagement] INFO  util.JmxRegister (JmxRegister.java:register(58)) - register mxBean class org.apache.ratis.server.impl.RaftServerJmxAdapter as Ratis:service=RaftServer,group=group-5EE77318BC33,id=faa2b429-16a2-49fa-ab42-514c70ac334b
2025-07-15 19:44:36,382 [faa2b429-16a2-49fa-ab42-514c70ac334b-groupManagement] INFO  server.RaftServer$Division (RaftServerImpl.java:start(419)) - faa2b429-16a2-49fa-ab42-514c70ac334b@group-5EE77318BC33: Successfully started.
2025-07-15 19:44:36,395 [grpc-default-executor-0] INFO  server.RaftServer (RaftServerProxy.java:addNew(105)) - 1ed39f2b-ba05-41d4-bcbc-50acfb489962: addNew group-5EE77318BC33:[1ed39f2b-ba05-41d4-bcbc-50acfb489962|127.0.0.1:15055, faa2b429-16a2-49fa-ab42-514c70ac334b|127.0.0.1:15047, 99cb6aa4-ab14-4525-b571-11fa40308ff9|127.0.0.1:15039] returns group-5EE77318BC33:java.util.concurrent.CompletableFuture@496883b8[Not completed]
2025-07-15 19:44:36,396 [1ed39f2b-ba05-41d4-bcbc-50acfb489962-groupManagement] INFO  server.RaftServer$Division (RaftServerImpl.java:<init>(268)) - 1ed39f2b-ba05-41d4-bcbc-50acfb489962: new RaftServerImpl for group-5EE77318BC33:[1ed39f2b-ba05-41d4-bcbc-50acfb489962|127.0.0.1:15055, faa2b429-16a2-49fa-ab42-514c70ac334b|127.0.0.1:15047, 99cb6aa4-ab14-4525-b571-11fa40308ff9|127.0.0.1:15039] with ContainerStateMachine:uninitialized
2025-07-15 19:44:36,397 [1ed39f2b-ba05-41d4-bcbc-50acfb489962-groupManagement] INFO  server.RaftServer$Division (ServerState.java:<init>(114)) - 1ed39f2b-ba05-41d4-bcbc-50acfb489962@group-5EE77318BC33: ConfigurationManager, init=conf: {index: -1, cur=peers:[1ed39f2b-ba05-41d4-bcbc-50acfb489962|127.0.0.1:15055, faa2b429-16a2-49fa-ab42-514c70ac334b|127.0.0.1:15047, 99cb6aa4-ab14-4525-b571-11fa40308ff9|127.0.0.1:15039]|listeners:[], old=null}, confs=<EMPTY_MAP>
2025-07-15 19:44:36,400 [EventQueue-PipelineReportForOneReplicaPipelineSafeModeRule] INFO  safemode.SCMSafeModeManager (SCMSafeModeManager.java:validateSafeModeExitRules(138)) - AtleastOneDatanodeReportedRule rule is successfully validated
2025-07-15 19:44:36,401 [1ed39f2b-ba05-41d4-bcbc-50acfb489962-groupManagement] INFO  server.RaftServerConfigKeys (ConfUtils.java:logGet(62)) - raft.server.storage.dir = [/home/runner/work/ozone/ozone/hadoop-ozone/integration-test/target/test-dir/MiniOzoneClusterImpl-7a2c00ee-15e1-4921-aa6b-526c14ec89d8/ozone-meta/datanode-6/ratis] (custom)
2025-07-15 19:44:36,402 [1ed39f2b-ba05-41d4-bcbc-50acfb489962-groupManagement] INFO  storage.RaftStorageDirectory (RaftStorageDirectoryImpl.java:analyzeStorage(138)) - The storage directory /home/runner/work/ozone/ozone/hadoop-ozone/integration-test/target/test-dir/MiniOzoneClusterImpl-7a2c00ee-15e1-4921-aa6b-526c14ec89d8/ozone-meta/datanode-6/ratis/4f81a5f5-7675-4903-8736-5ee77318bc33 does not exist. Creating ...
2025-07-15 19:44:36,403 [1ed39f2b-ba05-41d4-bcbc-50acfb489962-groupManagement] INFO  storage.RaftStorageDirectory (RaftStorageDirectoryImpl.java:tryLock(229)) - Lock on /home/runner/work/ozone/ozone/hadoop-ozone/integration-test/target/test-dir/MiniOzoneClusterImpl-7a2c00ee-15e1-4921-aa6b-526c14ec89d8/ozone-meta/datanode-6/ratis/4f81a5f5-7675-4903-8736-5ee77318bc33/in_use.lock acquired by nodename 18953@localhost
2025-07-15 19:44:36,404 [1ed39f2b-ba05-41d4-bcbc-50acfb489962-groupManagement] INFO  storage.RaftStorage (RaftStorageImpl.java:format(98)) - Storage directory /home/runner/work/ozone/ozone/hadoop-ozone/integration-test/target/test-dir/MiniOzoneClusterImpl-7a2c00ee-15e1-4921-aa6b-526c14ec89d8/ozone-meta/datanode-6/ratis/4f81a5f5-7675-4903-8736-5ee77318bc33 has been successfully formatted.
2025-07-15 19:44:36,405 [1ed39f2b-ba05-41d4-bcbc-50acfb489962-groupManagement] INFO  ratis.ContainerStateMachine (ContainerStateMachine.java:initialize(339)) - 1ed39f2b-ba05-41d4-bcbc-50acfb489962: initialize group-5EE77318BC33
2025-07-15 19:44:36,405 [1ed39f2b-ba05-41d4-bcbc-50acfb489962-groupManagement] INFO  ratis.ContainerStateMachine (ContainerStateMachine.java:loadSnapshot(347)) - group-5EE77318BC33: The snapshot info is null. Setting the last applied index to:<INITIAL_VALUE>
2025-07-15 19:44:36,405 [1ed39f2b-ba05-41d4-bcbc-50acfb489962-groupManagement] INFO  server.RaftServerConfigKeys (ConfUtils.java:logGet(62)) - raft.server.log.appender.buffer.byte-limit = 33554432 (custom)
2025-07-15 19:44:36,406 [EventQueue-PipelineReportForOneReplicaPipelineSafeModeRule] INFO  safemode.SCMSafeModeManager (SCMSafeModeManager.java:validateSafeModeExitRules(138)) - AtleastOneDatanodeReportedRule rule is successfully validated
2025-07-15 19:44:36,407 [1ed39f2b-ba05-41d4-bcbc-50acfb489962-groupManagement] INFO  server.RaftServerConfigKeys (ConfUtils.java:logGet(62)) - raft.server.log.segment.size.max = 67108864 (custom)
2025-07-15 19:44:36,407 [1ed39f2b-ba05-41d4-bcbc-50acfb489962-groupManagement] INFO  server.RaftServerConfigKeys (ConfUtils.java:logGet(62)) - raft.server.log.appender.buffer.byte-limit = 33554432 (custom)
2025-07-15 19:44:36,407 [1ed39f2b-ba05-41d4-bcbc-50acfb489962-groupManagement] INFO  util.AwaitToRun (AwaitToRun.java:start(81)) - Thread[#1281,1ed39f2b-ba05-41d4-bcbc-50acfb489962@group-5EE77318BC33-cacheEviction-AwaitToRun,5,main] started
2025-07-15 19:44:36,407 [1ed39f2b-ba05-41d4-bcbc-50acfb489962-groupManagement] INFO  segmented.SegmentedRaftLogWorker (SegmentedRaftLogWorker.java:<init>(190)) - new 1ed39f2b-ba05-41d4-bcbc-50acfb489962@group-5EE77318BC33-SegmentedRaftLogWorker for RaftStorageImpl:Storage Directory /home/runner/work/ozone/ozone/hadoop-ozone/integration-test/target/test-dir/MiniOzoneClusterImpl-7a2c00ee-15e1-4921-aa6b-526c14ec89d8/ozone-meta/datanode-6/ratis/4f81a5f5-7675-4903-8736-5ee77318bc33
2025-07-15 19:44:36,408 [1ed39f2b-ba05-41d4-bcbc-50acfb489962-groupManagement] INFO  server.RaftServerConfigKeys (ConfUtils.java:logGet(62)) - raft.server.log.queue.byte-limit = 4294967296 (custom)
2025-07-15 19:44:36,408 [1ed39f2b-ba05-41d4-bcbc-50acfb489962-groupManagement] INFO  server.RaftServerConfigKeys (ConfUtils.java:logGet(62)) - raft.server.log.segment.size.max = 67108864 (custom)
2025-07-15 19:44:36,408 [1ed39f2b-ba05-41d4-bcbc-50acfb489962-groupManagement] INFO  server.RaftServerConfigKeys (ConfUtils.java:logGet(62)) - raft.server.log.preallocated.size = 4194304 (custom)
2025-07-15 19:44:36,408 [1ed39f2b-ba05-41d4-bcbc-50acfb489962-groupManagement] INFO  server.RaftServerConfigKeys (ConfUtils.java:logGet(62)) - raft.server.log.write.buffer.size = 33554440 (custom)
2025-07-15 19:44:36,413 [1ed39f2b-ba05-41d4-bcbc-50acfb489962-groupManagement] INFO  server.RaftServerConfigKeys (ConfUtils.java:logGet(62)) - raft.server.log.appender.buffer.byte-limit = 33554432 (custom)
2025-07-15 19:44:36,414 [1ed39f2b-ba05-41d4-bcbc-50acfb489962-groupManagement] INFO  segmented.SegmentedRaftLogWorker (SegmentedRaftLogWorker.java:lambda$new$0(141)) - 1ed39f2b-ba05-41d4-bcbc-50acfb489962@group-5EE77318BC33-SegmentedRaftLogWorker: flushIndex: setUnconditionally 0 -> -1
2025-07-15 19:44:36,414 [1ed39f2b-ba05-41d4-bcbc-50acfb489962-groupManagement] INFO  segmented.SegmentedRaftLogWorker (SegmentedRaftLogWorker.java:lambda$new$0(141)) - 1ed39f2b-ba05-41d4-bcbc-50acfb489962@group-5EE77318BC33-SegmentedRaftLogWorker: safeCacheEvictIndex: setUnconditionally 0 -> -1
2025-07-15 19:44:36,414 [1ed39f2b-ba05-41d4-bcbc-50acfb489962-groupManagement] INFO  server.RaftServer$Division (RaftServerImpl.java:start(405)) - 1ed39f2b-ba05-41d4-bcbc-50acfb489962@group-5EE77318BC33: start as a follower, conf=conf: {index: -1, cur=peers:[1ed39f2b-ba05-41d4-bcbc-50acfb489962|127.0.0.1:15055, faa2b429-16a2-49fa-ab42-514c70ac334b|127.0.0.1:15047, 99cb6aa4-ab14-4525-b571-11fa40308ff9|127.0.0.1:15039]|listeners:[], old=null}
2025-07-15 19:44:36,414 [1ed39f2b-ba05-41d4-bcbc-50acfb489962-groupManagement] INFO  server.RaftServer$Division (RaftServerImpl.java:setRole(392)) - 1ed39f2b-ba05-41d4-bcbc-50acfb489962@group-5EE77318BC33: changes role from      null to FOLLOWER at term 0 for startAsFollower
2025-07-15 19:44:36,414 [1ed39f2b-ba05-41d4-bcbc-50acfb489962-groupManagement] INFO  impl.RoleInfo (RoleInfo.java:updateAndGet(148)) - 1ed39f2b-ba05-41d4-bcbc-50acfb489962: start 1ed39f2b-ba05-41d4-bcbc-50acfb489962@group-5EE77318BC33-FollowerState
2025-07-15 19:44:36,414 [1ed39f2b-ba05-41d4-bcbc-50acfb489962-groupManagement] INFO  util.JmxRegister (JmxRegister.java:tryRegister(44)) - Successfully registered JMX Bean with object name Ratis:service=RaftServer,group=group-5EE77318BC33,id=1ed39f2b-ba05-41d4-bcbc-50acfb489962
2025-07-15 19:44:36,414 [1ed39f2b-ba05-41d4-bcbc-50acfb489962-groupManagement] INFO  util.JmxRegister (JmxRegister.java:register(58)) - register mxBean class org.apache.ratis.server.impl.RaftServerJmxAdapter as Ratis:service=RaftServer,group=group-5EE77318BC33,id=1ed39f2b-ba05-41d4-bcbc-50acfb489962
2025-07-15 19:44:36,415 [1ed39f2b-ba05-41d4-bcbc-50acfb489962-groupManagement] INFO  server.RaftServer$Division (RaftServerImpl.java:start(419)) - 1ed39f2b-ba05-41d4-bcbc-50acfb489962@group-5EE77318BC33: Successfully started.
2025-07-15 19:44:36,419 [99cb6aa4-ab14-4525-b571-11fa40308ff9-PipelineCommandHandlerThread-0] INFO  commandhandler.CreatePipelineCommandHandler (CreatePipelineCommandHandler.java:lambda$handle$2(127)) - Created Pipeline RATIS THREE Pipeline-4f81a5f5-7675-4903-8736-5ee77318bc33.
2025-07-15 19:44:36,478 [EventQueue-PipelineReportForOneReplicaPipelineSafeModeRule] INFO  safemode.SCMSafeModeManager (SCMSafeModeManager.java:validateSafeModeExitRules(138)) - AtleastOneDatanodeReportedRule rule is successfully validated
2025-07-15 19:44:36,485 [faa2b429-16a2-49fa-ab42-514c70ac334b-PipelineCommandHandlerThread-0] INFO  server.RaftServer (RaftServerProxy.java:addNew(105)) - faa2b429-16a2-49fa-ab42-514c70ac334b: addNew group-EC99B3D04D65:[faa2b429-16a2-49fa-ab42-514c70ac334b|127.0.0.1:15047] returns group-EC99B3D04D65:java.util.concurrent.CompletableFuture@32ea92a9[Not completed]
2025-07-15 19:44:36,486 [faa2b429-16a2-49fa-ab42-514c70ac334b-groupManagement] INFO  server.RaftServer$Division (RaftServerImpl.java:<init>(268)) - faa2b429-16a2-49fa-ab42-514c70ac334b: new RaftServerImpl for group-EC99B3D04D65:[faa2b429-16a2-49fa-ab42-514c70ac334b|127.0.0.1:15047] with ContainerStateMachine:uninitialized
2025-07-15 19:44:36,487 [faa2b429-16a2-49fa-ab42-514c70ac334b-groupManagement] INFO  server.RaftServer$Division (ServerState.java:<init>(114)) - faa2b429-16a2-49fa-ab42-514c70ac334b@group-EC99B3D04D65: ConfigurationManager, init=conf: {index: -1, cur=peers:[faa2b429-16a2-49fa-ab42-514c70ac334b|127.0.0.1:15047]|listeners:[], old=null}, confs=<EMPTY_MAP>
2025-07-15 19:44:36,489 [faa2b429-16a2-49fa-ab42-514c70ac334b-groupManagement] INFO  server.RaftServerConfigKeys (ConfUtils.java:logGet(62)) - raft.server.storage.dir = [/home/runner/work/ozone/ozone/hadoop-ozone/integration-test/target/test-dir/MiniOzoneClusterImpl-7a2c00ee-15e1-4921-aa6b-526c14ec89d8/ozone-meta/datanode-5/ratis] (custom)
2025-07-15 19:44:36,489 [faa2b429-16a2-49fa-ab42-514c70ac334b-groupManagement] INFO  storage.RaftStorageDirectory (RaftStorageDirectoryImpl.java:analyzeStorage(138)) - The storage directory /home/runner/work/ozone/ozone/hadoop-ozone/integration-test/target/test-dir/MiniOzoneClusterImpl-7a2c00ee-15e1-4921-aa6b-526c14ec89d8/ozone-meta/datanode-5/ratis/3211be09-c2e3-4b3a-86e9-ec99b3d04d65 does not exist. Creating ...
2025-07-15 19:44:36,490 [faa2b429-16a2-49fa-ab42-514c70ac334b-groupManagement] INFO  storage.RaftStorageDirectory (RaftStorageDirectoryImpl.java:tryLock(229)) - Lock on /home/runner/work/ozone/ozone/hadoop-ozone/integration-test/target/test-dir/MiniOzoneClusterImpl-7a2c00ee-15e1-4921-aa6b-526c14ec89d8/ozone-meta/datanode-5/ratis/3211be09-c2e3-4b3a-86e9-ec99b3d04d65/in_use.lock acquired by nodename 18953@localhost
2025-07-15 19:44:36,491 [faa2b429-16a2-49fa-ab42-514c70ac334b-groupManagement] INFO  storage.RaftStorage (RaftStorageImpl.java:format(98)) - Storage directory /home/runner/work/ozone/ozone/hadoop-ozone/integration-test/target/test-dir/MiniOzoneClusterImpl-7a2c00ee-15e1-4921-aa6b-526c14ec89d8/ozone-meta/datanode-5/ratis/3211be09-c2e3-4b3a-86e9-ec99b3d04d65 has been successfully formatted.
2025-07-15 19:44:36,492 [faa2b429-16a2-49fa-ab42-514c70ac334b-groupManagement] INFO  ratis.ContainerStateMachine (ContainerStateMachine.java:initialize(339)) - faa2b429-16a2-49fa-ab42-514c70ac334b: initialize group-EC99B3D04D65
2025-07-15 19:44:36,492 [faa2b429-16a2-49fa-ab42-514c70ac334b-groupManagement] INFO  ratis.ContainerStateMachine (ContainerStateMachine.java:loadSnapshot(347)) - group-EC99B3D04D65: The snapshot info is null. Setting the last applied index to:<INITIAL_VALUE>
2025-07-15 19:44:36,492 [faa2b429-16a2-49fa-ab42-514c70ac334b-groupManagement] INFO  server.RaftServerConfigKeys (ConfUtils.java:logGet(62)) - raft.server.log.appender.buffer.byte-limit = 33554432 (custom)
2025-07-15 19:44:36,494 [EventQueue-PipelineReportForOneReplicaPipelineSafeModeRule] INFO  safemode.SCMSafeModeManager (SCMSafeModeManager.java:validateSafeModeExitRules(138)) - AtleastOneDatanodeReportedRule rule is successfully validated
2025-07-15 19:44:36,494 [faa2b429-16a2-49fa-ab42-514c70ac334b-groupManagement] INFO  server.RaftServerConfigKeys (ConfUtils.java:logGet(62)) - raft.server.log.segment.size.max = 67108864 (custom)
2025-07-15 19:44:36,494 [faa2b429-16a2-49fa-ab42-514c70ac334b-groupManagement] INFO  server.RaftServerConfigKeys (ConfUtils.java:logGet(62)) - raft.server.log.appender.buffer.byte-limit = 33554432 (custom)
2025-07-15 19:44:36,495 [faa2b429-16a2-49fa-ab42-514c70ac334b-groupManagement] INFO  util.AwaitToRun (AwaitToRun.java:start(81)) - Thread[#1289,faa2b429-16a2-49fa-ab42-514c70ac334b@group-EC99B3D04D65-cacheEviction-AwaitToRun,5,main] started
2025-07-15 19:44:36,495 [faa2b429-16a2-49fa-ab42-514c70ac334b-groupManagement] INFO  segmented.SegmentedRaftLogWorker (SegmentedRaftLogWorker.java:<init>(190)) - new faa2b429-16a2-49fa-ab42-514c70ac334b@group-EC99B3D04D65-SegmentedRaftLogWorker for RaftStorageImpl:Storage Directory /home/runner/work/ozone/ozone/hadoop-ozone/integration-test/target/test-dir/MiniOzoneClusterImpl-7a2c00ee-15e1-4921-aa6b-526c14ec89d8/ozone-meta/datanode-5/ratis/3211be09-c2e3-4b3a-86e9-ec99b3d04d65
2025-07-15 19:44:36,495 [faa2b429-16a2-49fa-ab42-514c70ac334b-groupManagement] INFO  server.RaftServerConfigKeys (ConfUtils.java:logGet(62)) - raft.server.log.queue.byte-limit = 4294967296 (custom)
2025-07-15 19:44:36,495 [faa2b429-16a2-49fa-ab42-514c70ac334b-groupManagement] INFO  server.RaftServerConfigKeys (ConfUtils.java:logGet(62)) - raft.server.log.segment.size.max = 67108864 (custom)
2025-07-15 19:44:36,495 [faa2b429-16a2-49fa-ab42-514c70ac334b-groupManagement] INFO  server.RaftServerConfigKeys (ConfUtils.java:logGet(62)) - raft.server.log.preallocated.size = 4194304 (custom)
2025-07-15 19:44:36,495 [faa2b429-16a2-49fa-ab42-514c70ac334b-groupManagement] INFO  server.RaftServerConfigKeys (ConfUtils.java:logGet(62)) - raft.server.log.write.buffer.size = 33554440 (custom)
2025-07-15 19:44:36,497 [5b76e34f-336a-4d5f-b46b-52fa87015b9f@group-526C14EC89D8-StateMachineUpdater] INFO  safemode.SCMSafeModeManager (SCMSafeModeManager.java:validateSafeModeExitRules(138)) - DataNodeSafeModeRule rule is successfully validated
2025-07-15 19:44:36,497 [5b76e34f-336a-4d5f-b46b-52fa87015b9f@group-526C14EC89D8-StateMachineUpdater] INFO  safemode.SCMSafeModeManager (SCMSafeModeManager.java:validateSafeModeExitRules(138)) - RatisContainerSafeModeRule rule is successfully validated
2025-07-15 19:44:36,497 [5b76e34f-336a-4d5f-b46b-52fa87015b9f@group-526C14EC89D8-StateMachineUpdater] INFO  safemode.HealthyPipelineSafeModeRule (HealthyPipelineSafeModeRule.java:initializeRule(228)) - Refreshed total pipeline count is 0, healthy pipeline threshold count is 1
2025-07-15 19:44:36,497 [5b76e34f-336a-4d5f-b46b-52fa87015b9f@group-526C14EC89D8-StateMachineUpdater] INFO  safemode.SCMSafeModeManager (SCMSafeModeManager.java:validateSafeModeExitRules(138)) - ECContainerSafeModeRule rule is successfully validated
2025-07-15 19:44:36,497 [5b76e34f-336a-4d5f-b46b-52fa87015b9f@group-526C14EC89D8-StateMachineUpdater] INFO  safemode.SCMSafeModeManager (SCMSafeModeManager.java:validateSafeModeExitRules(138)) - AtleastOneDatanodeReportedRule rule is successfully validated
2025-07-15 19:44:36,497 [EventQueue-PipelineReportForPipelineReportHandler] INFO  pipeline.PipelineReportHandler (PipelineReportHandler.java:processPipelineReport(134)) - Opened pipeline Pipeline-3211be09-c2e3-4b3a-86e9-ec99b3d04d65
2025-07-15 19:44:36,500 [faa2b429-16a2-49fa-ab42-514c70ac334b-groupManagement] INFO  server.RaftServerConfigKeys (ConfUtils.java:logGet(62)) - raft.server.log.appender.buffer.byte-limit = 33554432 (custom)
2025-07-15 19:44:36,501 [faa2b429-16a2-49fa-ab42-514c70ac334b-groupManagement] INFO  segmented.SegmentedRaftLogWorker (SegmentedRaftLogWorker.java:lambda$new$0(141)) - faa2b429-16a2-49fa-ab42-514c70ac334b@group-EC99B3D04D65-SegmentedRaftLogWorker: flushIndex: setUnconditionally 0 -> -1
2025-07-15 19:44:36,501 [faa2b429-16a2-49fa-ab42-514c70ac334b-groupManagement] INFO  segmented.SegmentedRaftLogWorker (SegmentedRaftLogWorker.java:lambda$new$0(141)) - faa2b429-16a2-49fa-ab42-514c70ac334b@group-EC99B3D04D65-SegmentedRaftLogWorker: safeCacheEvictIndex: setUnconditionally 0 -> -1
2025-07-15 19:44:36,501 [faa2b429-16a2-49fa-ab42-514c70ac334b-groupManagement] INFO  server.RaftServer$Division (RaftServerImpl.java:start(405)) - faa2b429-16a2-49fa-ab42-514c70ac334b@group-EC99B3D04D65: start as a follower, conf=conf: {index: -1, cur=peers:[faa2b429-16a2-49fa-ab42-514c70ac334b|127.0.0.1:15047]|listeners:[], old=null}
2025-07-15 19:44:36,501 [faa2b429-16a2-49fa-ab42-514c70ac334b-groupManagement] INFO  server.RaftServer$Division (RaftServerImpl.java:setRole(392)) - faa2b429-16a2-49fa-ab42-514c70ac334b@group-EC99B3D04D65: changes role from      null to FOLLOWER at term 0 for startAsFollower
2025-07-15 19:44:36,501 [faa2b429-16a2-49fa-ab42-514c70ac334b-groupManagement] INFO  impl.RoleInfo (RoleInfo.java:updateAndGet(148)) - faa2b429-16a2-49fa-ab42-514c70ac334b: start faa2b429-16a2-49fa-ab42-514c70ac334b@group-EC99B3D04D65-FollowerState
2025-07-15 19:44:36,501 [faa2b429-16a2-49fa-ab42-514c70ac334b-groupManagement] INFO  util.JmxRegister (JmxRegister.java:tryRegister(44)) - Successfully registered JMX Bean with object name Ratis:service=RaftServer,group=group-EC99B3D04D65,id=faa2b429-16a2-49fa-ab42-514c70ac334b
2025-07-15 19:44:36,502 [faa2b429-16a2-49fa-ab42-514c70ac334b-groupManagement] INFO  util.JmxRegister (JmxRegister.java:register(58)) - register mxBean class org.apache.ratis.server.impl.RaftServerJmxAdapter as Ratis:service=RaftServer,group=group-EC99B3D04D65,id=faa2b429-16a2-49fa-ab42-514c70ac334b
2025-07-15 19:44:36,502 [faa2b429-16a2-49fa-ab42-514c70ac334b-groupManagement] INFO  server.RaftServer$Division (RaftServerImpl.java:start(419)) - faa2b429-16a2-49fa-ab42-514c70ac334b@group-EC99B3D04D65: Successfully started.
2025-07-15 19:44:36,503 [faa2b429-16a2-49fa-ab42-514c70ac334b-PipelineCommandHandlerThread-0] INFO  ratis.XceiverServerRatis (XceiverServerRatis.java:addGroup(843)) - Created group Pipeline-3211be09-c2e3-4b3a-86e9-ec99b3d04d65
2025-07-15 19:44:36,503 [faa2b429-16a2-49fa-ab42-514c70ac334b-PipelineCommandHandlerThread-0] INFO  commandhandler.CreatePipelineCommandHandler (CreatePipelineCommandHandler.java:lambda$handle$2(127)) - Created Pipeline RATIS ONE Pipeline-3211be09-c2e3-4b3a-86e9-ec99b3d04d65.
2025-07-15 19:44:36,504 [cd936fa6-15d5-4ef8-867a-01454d889292@group-1C98B92E335D-FollowerState] INFO  impl.FollowerState (FollowerState.java:runImpl(161)) - cd936fa6-15d5-4ef8-867a-01454d889292@group-1C98B92E335D-FollowerState: change to CANDIDATE, lastRpcElapsedTime:1022447839ns, electionTimeout:1021ms
2025-07-15 19:44:36,504 [cd936fa6-15d5-4ef8-867a-01454d889292@group-1C98B92E335D-FollowerState] INFO  impl.RoleInfo (RoleInfo.java:shutdownFollowerState(121)) - cd936fa6-15d5-4ef8-867a-01454d889292: shutdown cd936fa6-15d5-4ef8-867a-01454d889292@group-1C98B92E335D-FollowerState
2025-07-15 19:44:36,504 [cd936fa6-15d5-4ef8-867a-01454d889292@group-1C98B92E335D-FollowerState] INFO  server.RaftServer$Division (RaftServerImpl.java:setRole(392)) - cd936fa6-15d5-4ef8-867a-01454d889292@group-1C98B92E335D: changes role from  FOLLOWER to CANDIDATE at term 0 for changeToCandidate
2025-07-15 19:44:36,505 [cd936fa6-15d5-4ef8-867a-01454d889292@group-1C98B92E335D-FollowerState] INFO  impl.RoleInfo (RoleInfo.java:updateAndGet(148)) - cd936fa6-15d5-4ef8-867a-01454d889292: start cd936fa6-15d5-4ef8-867a-01454d889292@group-1C98B92E335D-LeaderElection4
2025-07-15 19:44:36,505 [cd936fa6-15d5-4ef8-867a-01454d889292@group-1C98B92E335D-LeaderElection4] INFO  impl.LeaderElection (LeaderElection.java:askForVotes(448)) - cd936fa6-15d5-4ef8-867a-01454d889292@group-1C98B92E335D-LeaderElection4 PRE_VOTE round 0: submit vote requests at term 0 for conf: {index: -1, cur=peers:[cd936fa6-15d5-4ef8-867a-01454d889292|127.0.0.1:15015]|listeners:[], old=null}
2025-07-15 19:44:36,505 [cd936fa6-15d5-4ef8-867a-01454d889292@group-1C98B92E335D-LeaderElection4] INFO  impl.LeaderElection (LeaderElection.java:askForVotes(450)) - cd936fa6-15d5-4ef8-867a-01454d889292@group-1C98B92E335D-LeaderElection4 PRE_VOTE round 0: result PASSED (term=0)
2025-07-15 19:44:36,506 [cd936fa6-15d5-4ef8-867a-01454d889292@group-1C98B92E335D-LeaderElection4] INFO  impl.LeaderElection (LeaderElection.java:askForVotes(448)) - cd936fa6-15d5-4ef8-867a-01454d889292@group-1C98B92E335D-LeaderElection4 ELECTION round 0: submit vote requests at term 1 for conf: {index: -1, cur=peers:[cd936fa6-15d5-4ef8-867a-01454d889292|127.0.0.1:15015]|listeners:[], old=null}
2025-07-15 19:44:36,506 [cd936fa6-15d5-4ef8-867a-01454d889292@group-1C98B92E335D-LeaderElection4] INFO  impl.LeaderElection (LeaderElection.java:askForVotes(450)) - cd936fa6-15d5-4ef8-867a-01454d889292@group-1C98B92E335D-LeaderElection4 ELECTION round 0: result PASSED (term=1)
2025-07-15 19:44:36,506 [cd936fa6-15d5-4ef8-867a-01454d889292@group-1C98B92E335D-LeaderElection4] INFO  impl.RoleInfo (RoleInfo.java:shutdownLeaderElection(141)) - cd936fa6-15d5-4ef8-867a-01454d889292: shutdown cd936fa6-15d5-4ef8-867a-01454d889292@group-1C98B92E335D-LeaderElection4
2025-07-15 19:44:36,506 [cd936fa6-15d5-4ef8-867a-01454d889292@group-1C98B92E335D-LeaderElection4] INFO  server.RaftServer$Division (RaftServerImpl.java:setRole(392)) - cd936fa6-15d5-4ef8-867a-01454d889292@group-1C98B92E335D: changes role from CANDIDATE to LEADER at term 1 for changeToLeader
2025-07-15 19:44:36,507 [cd936fa6-15d5-4ef8-867a-01454d889292@group-1C98B92E335D-LeaderElection4] INFO  server.RaftServerConfigKeys (ConfUtils.java:logFallback(69)) - raft.server.staging.timeout = 15600ms (fallback to raft.server.rpc.timeout.max)
2025-07-15 19:44:36,507 [cd936fa6-15d5-4ef8-867a-01454d889292@group-1C98B92E335D-LeaderElection4] INFO  server.RaftServerConfigKeys (ConfUtils.java:logGet(62)) - raft.server.write.element-limit = 1024 (custom)
2025-07-15 19:44:36,507 [cd936fa6-15d5-4ef8-867a-01454d889292@group-1C98B92E335D-LeaderElection4] INFO  server.RaftServerConfigKeys (ConfUtils.java:logGet(62)) - raft.server.write.byte-limit = 1024 M (=1073741824) (custom)
2025-07-15 19:44:36,507 [cd936fa6-15d5-4ef8-867a-01454d889292@group-1C98B92E335D-LeaderElection4] INFO  server.RaftServerConfigKeys (ConfUtils.java:logGet(62)) - raft.server.log.log-metadata.enabled = true (default)
2025-07-15 19:44:36,508 [cd936fa6-15d5-4ef8-867a-01454d889292@group-1C98B92E335D-LeaderElection4] INFO  impl.RoleInfo (RoleInfo.java:updateAndGet(148)) - cd936fa6-15d5-4ef8-867a-01454d889292: start cd936fa6-15d5-4ef8-867a-01454d889292@group-1C98B92E335D-LeaderStateImpl
2025-07-15 19:44:36,508 [cd936fa6-15d5-4ef8-867a-01454d889292@group-1C98B92E335D-LeaderElection4] INFO  server.RaftServer$Division (RaftServerImpl.java:setFirstElection(576)) - cd936fa6-15d5-4ef8-867a-01454d889292@group-1C98B92E335D: set firstElectionSinceStartup to false for becomeLeader
2025-07-15 19:44:36,508 [cd936fa6-15d5-4ef8-867a-01454d889292@group-1C98B92E335D-LeaderElection4] INFO  ratis.XceiverServerRatis (XceiverServerRatis.java:handleLeaderChangedNotification(944)) - Leader change notification received for group: group-1C98B92E335D with new leaderId: cd936fa6-15d5-4ef8-867a-01454d889292
2025-07-15 19:44:36,508 [cd936fa6-15d5-4ef8-867a-01454d889292@group-1C98B92E335D-LeaderElection4] INFO  server.RaftServer$Division (ServerState.java:setLeader(272)) - cd936fa6-15d5-4ef8-867a-01454d889292@group-1C98B92E335D: change Leader from null to cd936fa6-15d5-4ef8-867a-01454d889292 at term 1 for becomeLeader, leader elected after 1058ms
2025-07-15 19:44:36,509 [cd936fa6-15d5-4ef8-867a-01454d889292@group-1C98B92E335D-LeaderElection4] INFO  segmented.SegmentedRaftLogWorker (SegmentedRaftLogWorker.java:startLogSegment(440)) - cd936fa6-15d5-4ef8-867a-01454d889292@group-1C98B92E335D-SegmentedRaftLogWorker: Starting segment from index:0
2025-07-15 19:44:36,509 [cd936fa6-15d5-4ef8-867a-01454d889292@group-1C98B92E335D-LeaderElection4] INFO  server.RaftServer$Division (ServerState.java:setRaftConf(386)) - cd936fa6-15d5-4ef8-867a-01454d889292@group-1C98B92E335D: set configuration conf: {index: 0, cur=peers:[cd936fa6-15d5-4ef8-867a-01454d889292|127.0.0.1:15015]|listeners:[], old=null}
2025-07-15 19:44:36,510 [EventQueue-PipelineReportForOneReplicaPipelineSafeModeRule] INFO  safemode.SCMSafeModeManager (SCMSafeModeManager.java:validateSafeModeExitRules(138)) - AtleastOneDatanodeReportedRule rule is successfully validated
2025-07-15 19:44:36,511 [cd936fa6-15d5-4ef8-867a-01454d889292@group-1C98B92E335D-SegmentedRaftLogWorker] INFO  segmented.BufferedWriteChannel (BufferedWriteChannel.java:open(61)) - open log_inprogress_0 at position 0
2025-07-15 19:44:36,520 [cd936fa6-15d5-4ef8-867a-01454d889292@group-1C98B92E335D-SegmentedRaftLogWorker] INFO  segmented.SegmentedRaftLogWorker (SegmentedRaftLogWorker.java:execute(647)) - cd936fa6-15d5-4ef8-867a-01454d889292@group-1C98B92E335D-SegmentedRaftLogWorker: created new log segment /home/runner/work/ozone/ozone/hadoop-ozone/integration-test/target/test-dir/MiniOzoneClusterImpl-7a2c00ee-15e1-4921-aa6b-526c14ec89d8/ozone-meta/datanode-1/ratis/384cac9b-6f09-4293-8d39-1c98b92e335d/current/log_inprogress_0
2025-07-15 19:44:36,523 [cd936fa6-15d5-4ef8-867a-01454d889292@group-1C98B92E335D-StateMachineUpdater] INFO  server.RaftServer$Division (LeaderStateImpl.java:checkStartIndex(309)) - Leader cd936fa6-15d5-4ef8-867a-01454d889292@group-1C98B92E335D-LeaderStateImpl is ready since appliedIndex == startIndex == 0
2025-07-15 19:44:36,523 [cd936fa6-15d5-4ef8-867a-01454d889292@group-1C98B92E335D-StateMachineUpdater] INFO  ratis.ContainerStateMachine (ContainerStateMachine.java:takeSnapshot(427)) - group-1C98B92E335D: Taking a snapshot at:(t:1, i:0) file /home/runner/work/ozone/ozone/hadoop-ozone/integration-test/target/test-dir/MiniOzoneClusterImpl-7a2c00ee-15e1-4921-aa6b-526c14ec89d8/ozone-meta/datanode-1/ratis/384cac9b-6f09-4293-8d39-1c98b92e335d/sm/snapshot.1_0
2025-07-15 19:44:36,527 [EventQueue-PipelineReportForOneReplicaPipelineSafeModeRule] INFO  safemode.SCMSafeModeManager (SCMSafeModeManager.java:validateSafeModeExitRules(138)) - AtleastOneDatanodeReportedRule rule is successfully validated
2025-07-15 19:44:36,589 [EventQueue-PipelineReportForOneReplicaPipelineSafeModeRule] INFO  safemode.SCMSafeModeManager (SCMSafeModeManager.java:validateSafeModeExitRules(138)) - AtleastOneDatanodeReportedRule rule is successfully validated
2025-07-15 19:44:36,597 [cd936fa6-15d5-4ef8-867a-01454d889292@group-1C98B92E335D-StateMachineUpdater] INFO  ratis.ContainerStateMachine (ContainerStateMachine.java:takeSnapshot(436)) - group-1C98B92E335D: Finished taking a snapshot at:(t:1, i:0) file:/home/runner/work/ozone/ozone/hadoop-ozone/integration-test/target/test-dir/MiniOzoneClusterImpl-7a2c00ee-15e1-4921-aa6b-526c14ec89d8/ozone-meta/datanode-1/ratis/384cac9b-6f09-4293-8d39-1c98b92e335d/sm/snapshot.1_0 took: 74 ms
2025-07-15 19:44:36,598 [cd936fa6-15d5-4ef8-867a-01454d889292@group-1C98B92E335D-StateMachineUpdater] INFO  impl.StateMachineUpdater (StateMachineUpdater.java:takeSnapshot(307)) - cd936fa6-15d5-4ef8-867a-01454d889292@group-1C98B92E335D-StateMachineUpdater: Took a snapshot at index 0
2025-07-15 19:44:36,598 [cd936fa6-15d5-4ef8-867a-01454d889292@group-1C98B92E335D-StateMachineUpdater] INFO  impl.StateMachineUpdater (StateMachineUpdater.java:lambda$new$0(101)) - cd936fa6-15d5-4ef8-867a-01454d889292@group-1C98B92E335D-StateMachineUpdater: snapshotIndex: updateIncreasingly -1 -> 0
2025-07-15 19:44:36,599 [EventQueue-PipelineReportForOneReplicaPipelineSafeModeRule] INFO  safemode.SCMSafeModeManager (SCMSafeModeManager.java:validateSafeModeExitRules(138)) - AtleastOneDatanodeReportedRule rule is successfully validated
2025-07-15 19:44:36,605 [EventQueue-PipelineReportForOneReplicaPipelineSafeModeRule] INFO  safemode.SCMSafeModeManager (SCMSafeModeManager.java:validateSafeModeExitRules(138)) - AtleastOneDatanodeReportedRule rule is successfully validated
2025-07-15 19:44:36,648 [EventQueue-PipelineReportForOneReplicaPipelineSafeModeRule] INFO  safemode.SCMSafeModeManager (SCMSafeModeManager.java:validateSafeModeExitRules(138)) - AtleastOneDatanodeReportedRule rule is successfully validated
2025-07-15 19:44:36,678 [EventQueue-PipelineReportForOneReplicaPipelineSafeModeRule] INFO  safemode.SCMSafeModeManager (SCMSafeModeManager.java:validateSafeModeExitRules(138)) - AtleastOneDatanodeReportedRule rule is successfully validated
2025-07-15 19:44:36,683 [cd936fa6-15d5-4ef8-867a-01454d889292@group-EF23C56BE139-FollowerState] INFO  impl.FollowerState (FollowerState.java:runImpl(161)) - cd936fa6-15d5-4ef8-867a-01454d889292@group-EF23C56BE139-FollowerState: change to CANDIDATE, lastRpcElapsedTime:1170866994ns, electionTimeout:1169ms
2025-07-15 19:44:36,683 [cd936fa6-15d5-4ef8-867a-01454d889292@group-EF23C56BE139-FollowerState] INFO  impl.RoleInfo (RoleInfo.java:shutdownFollowerState(121)) - cd936fa6-15d5-4ef8-867a-01454d889292: shutdown cd936fa6-15d5-4ef8-867a-01454d889292@group-EF23C56BE139-FollowerState
2025-07-15 19:44:36,684 [cd936fa6-15d5-4ef8-867a-01454d889292@group-EF23C56BE139-FollowerState] INFO  server.RaftServer$Division (RaftServerImpl.java:setRole(392)) - cd936fa6-15d5-4ef8-867a-01454d889292@group-EF23C56BE139: changes role from  FOLLOWER to CANDIDATE at term 0 for changeToCandidate
2025-07-15 19:44:36,684 [cd936fa6-15d5-4ef8-867a-01454d889292@group-EF23C56BE139-FollowerState] INFO  impl.RoleInfo (RoleInfo.java:updateAndGet(148)) - cd936fa6-15d5-4ef8-867a-01454d889292: start cd936fa6-15d5-4ef8-867a-01454d889292@group-EF23C56BE139-LeaderElection5
2025-07-15 19:44:36,684 [cd936fa6-15d5-4ef8-867a-01454d889292@group-EF23C56BE139-LeaderElection5] INFO  impl.LeaderElection (LeaderElection.java:askForVotes(448)) - cd936fa6-15d5-4ef8-867a-01454d889292@group-EF23C56BE139-LeaderElection5 PRE_VOTE round 0: submit vote requests at term 0 for conf: {index: -1, cur=peers:[cd936fa6-15d5-4ef8-867a-01454d889292|127.0.0.1:15015, e96bea54-5ec2-4bc1-91ca-a280b757147d|127.0.0.1:15023, 5109dbd0-88b3-4954-9428-6522438831f5|127.0.0.1:15031]|listeners:[], old=null}
2025-07-15 19:44:36,687 [cd936fa6-15d5-4ef8-867a-01454d889292@group-EF23C56BE139-LeaderElection5-1] INFO  server.GrpcServerProtocolClient (GrpcServerProtocolClient.java:<init>(65)) - Build channel for e96bea54-5ec2-4bc1-91ca-a280b757147d|127.0.0.1:15023
2025-07-15 19:44:36,687 [cd936fa6-15d5-4ef8-867a-01454d889292@group-EF23C56BE139-LeaderElection5-2] INFO  server.GrpcServerProtocolClient (GrpcServerProtocolClient.java:<init>(65)) - Build channel for 5109dbd0-88b3-4954-9428-6522438831f5|127.0.0.1:15031
2025-07-15 19:44:36,694 [grpc-default-executor-1] INFO  server.RaftServer$Division (RaftServerImpl.java:requestVote(1421)) - e96bea54-5ec2-4bc1-91ca-a280b757147d@group-EF23C56BE139: receive requestVote(PRE_VOTE, cd936fa6-15d5-4ef8-867a-01454d889292, group-EF23C56BE139, 0, <PROTO_DEFAULT>)
2025-07-15 19:44:36,694 [grpc-default-executor-0] INFO  server.RaftServer$Division (RaftServerImpl.java:requestVote(1421)) - 5109dbd0-88b3-4954-9428-6522438831f5@group-EF23C56BE139: receive requestVote(PRE_VOTE, cd936fa6-15d5-4ef8-867a-01454d889292, group-EF23C56BE139, 0, <PROTO_DEFAULT>)
2025-07-15 19:44:36,694 [EventQueue-PipelineReportForOneReplicaPipelineSafeModeRule] INFO  safemode.SCMSafeModeManager (SCMSafeModeManager.java:validateSafeModeExitRules(138)) - AtleastOneDatanodeReportedRule rule is successfully validated
2025-07-15 19:44:36,695 [grpc-default-executor-0] INFO  impl.VoteContext (VoteContext.java:log(49)) - 5109dbd0-88b3-4954-9428-6522438831f5@group-EF23C56BE139-FOLLOWER: reject PRE_VOTE from cd936fa6-15d5-4ef8-867a-01454d889292: our priority 1 > candidate's priority 0
2025-07-15 19:44:36,695 [grpc-default-executor-1] INFO  impl.VoteContext (VoteContext.java:log(49)) - e96bea54-5ec2-4bc1-91ca-a280b757147d@group-EF23C56BE139-FOLLOWER: accept PRE_VOTE from cd936fa6-15d5-4ef8-867a-01454d889292: our priority 0 <= candidate's priority 0
2025-07-15 19:44:36,697 [grpc-default-executor-0] INFO  server.RaftServer$Division (RaftServerImpl.java:requestVote(1455)) - 5109dbd0-88b3-4954-9428-6522438831f5@group-EF23C56BE139 replies to PRE_VOTE vote request: cd936fa6-15d5-4ef8-867a-01454d889292<-5109dbd0-88b3-4954-9428-6522438831f5#0:FAIL-t0-last:<INITIAL_VALUE>. Peer's state: 5109dbd0-88b3-4954-9428-6522438831f5@group-EF23C56BE139:t0, leader=null, voted=, raftlog=Memoized:5109dbd0-88b3-4954-9428-6522438831f5@group-EF23C56BE139-SegmentedRaftLog:OPENED:c-1:lastnull, conf=conf: {index: -1, cur=peers:[cd936fa6-15d5-4ef8-867a-01454d889292|127.0.0.1:15015, e96bea54-5ec2-4bc1-91ca-a280b757147d|127.0.0.1:15023, 5109dbd0-88b3-4954-9428-6522438831f5|127.0.0.1:15031]|listeners:[], old=null}
2025-07-15 19:44:36,697 [grpc-default-executor-1] INFO  server.RaftServer$Division (RaftServerImpl.java:requestVote(1455)) - e96bea54-5ec2-4bc1-91ca-a280b757147d@group-EF23C56BE139 replies to PRE_VOTE vote request: cd936fa6-15d5-4ef8-867a-01454d889292<-e96bea54-5ec2-4bc1-91ca-a280b757147d#0:OK-t0-last:<INITIAL_VALUE>. Peer's state: e96bea54-5ec2-4bc1-91ca-a280b757147d@group-EF23C56BE139:t0, leader=null, voted=, raftlog=Memoized:e96bea54-5ec2-4bc1-91ca-a280b757147d@group-EF23C56BE139-SegmentedRaftLog:OPENED:c-1:lastnull, conf=conf: {index: -1, cur=peers:[cd936fa6-15d5-4ef8-867a-01454d889292|127.0.0.1:15015, e96bea54-5ec2-4bc1-91ca-a280b757147d|127.0.0.1:15023, 5109dbd0-88b3-4954-9428-6522438831f5|127.0.0.1:15031]|listeners:[], old=null}
2025-07-15 19:44:36,699 [cd936fa6-15d5-4ef8-867a-01454d889292@group-EF23C56BE139-LeaderElection5] INFO  impl.LeaderElection (LeaderElection.java:logAndReturn(206)) - cd936fa6-15d5-4ef8-867a-01454d889292@group-EF23C56BE139-LeaderElection5: PRE_VOTE REJECTED received 2 response(s) and 0 exception(s):
2025-07-15 19:44:36,699 [cd936fa6-15d5-4ef8-867a-01454d889292@group-EF23C56BE139-LeaderElection5] INFO  impl.LeaderElection (LeaderElection.java:logAndReturn(210)) -   Response 0: cd936fa6-15d5-4ef8-867a-01454d889292<-e96bea54-5ec2-4bc1-91ca-a280b757147d#0:OK-t0-last:<INITIAL_VALUE>
2025-07-15 19:44:36,699 [cd936fa6-15d5-4ef8-867a-01454d889292@group-EF23C56BE139-LeaderElection5] INFO  impl.LeaderElection (LeaderElection.java:logAndReturn(210)) -   Response 1: cd936fa6-15d5-4ef8-867a-01454d889292<-5109dbd0-88b3-4954-9428-6522438831f5#0:FAIL-t0-last:<INITIAL_VALUE>
2025-07-15 19:44:36,699 [cd936fa6-15d5-4ef8-867a-01454d889292@group-EF23C56BE139-LeaderElection5] INFO  impl.LeaderElection (LeaderElection.java:askForVotes(450)) - cd936fa6-15d5-4ef8-867a-01454d889292@group-EF23C56BE139-LeaderElection5 PRE_VOTE round 0: result REJECTED
2025-07-15 19:44:36,699 [cd936fa6-15d5-4ef8-867a-01454d889292@group-EF23C56BE139-LeaderElection5] INFO  server.RaftServer$Division (RaftServerImpl.java:setRole(392)) - cd936fa6-15d5-4ef8-867a-01454d889292@group-EF23C56BE139: changes role from CANDIDATE to FOLLOWER at term 0 for REJECTED
2025-07-15 19:44:36,699 [cd936fa6-15d5-4ef8-867a-01454d889292@group-EF23C56BE139-LeaderElection5] INFO  impl.RoleInfo (RoleInfo.java:shutdownLeaderElection(141)) - cd936fa6-15d5-4ef8-867a-01454d889292: shutdown cd936fa6-15d5-4ef8-867a-01454d889292@group-EF23C56BE139-LeaderElection5
2025-07-15 19:44:36,700 [cd936fa6-15d5-4ef8-867a-01454d889292@group-EF23C56BE139-LeaderElection5] INFO  impl.RoleInfo (RoleInfo.java:updateAndGet(148)) - cd936fa6-15d5-4ef8-867a-01454d889292: start cd936fa6-15d5-4ef8-867a-01454d889292@group-EF23C56BE139-FollowerState
2025-07-15 19:44:36,700 [cd936fa6-15d5-4ef8-867a-01454d889292@group-EF23C56BE139-LeaderElection5] INFO  server.RaftServer$Division (RaftServerImpl.java:setFirstElection(576)) - cd936fa6-15d5-4ef8-867a-01454d889292@group-EF23C56BE139: set firstElectionSinceStartup to false for REJECTED
2025-07-15 19:44:36,710 [EventQueue-PipelineReportForOneReplicaPipelineSafeModeRule] INFO  safemode.SCMSafeModeManager (SCMSafeModeManager.java:validateSafeModeExitRules(138)) - AtleastOneDatanodeReportedRule rule is successfully validated
2025-07-15 19:44:36,717 [EventQueue-PipelineReportForOneReplicaPipelineSafeModeRule] INFO  safemode.SCMSafeModeManager (SCMSafeModeManager.java:validateSafeModeExitRules(138)) - AtleastOneDatanodeReportedRule rule is successfully validated
2025-07-15 19:44:36,726 [EventQueue-PipelineReportForOneReplicaPipelineSafeModeRule] INFO  safemode.SCMSafeModeManager (SCMSafeModeManager.java:validateSafeModeExitRules(138)) - AtleastOneDatanodeReportedRule rule is successfully validated
2025-07-15 19:44:36,731 [1ed39f2b-ba05-41d4-bcbc-50acfb489962-PipelineCommandHandlerThread-0] INFO  server.RaftServer (RaftServerProxy.java:addNew(105)) - 1ed39f2b-ba05-41d4-bcbc-50acfb489962: addNew group-F57FA6A6E453:[1ed39f2b-ba05-41d4-bcbc-50acfb489962|127.0.0.1:15055] returns group-F57FA6A6E453:java.util.concurrent.CompletableFuture@2f9e1456[Not completed]
2025-07-15 19:44:36,733 [1ed39f2b-ba05-41d4-bcbc-50acfb489962-groupManagement] INFO  server.RaftServer$Division (RaftServerImpl.java:<init>(268)) - 1ed39f2b-ba05-41d4-bcbc-50acfb489962: new RaftServerImpl for group-F57FA6A6E453:[1ed39f2b-ba05-41d4-bcbc-50acfb489962|127.0.0.1:15055] with ContainerStateMachine:uninitialized
2025-07-15 19:44:36,733 [1ed39f2b-ba05-41d4-bcbc-50acfb489962-groupManagement] INFO  server.RaftServer$Division (ServerState.java:<init>(114)) - 1ed39f2b-ba05-41d4-bcbc-50acfb489962@group-F57FA6A6E453: ConfigurationManager, init=conf: {index: -1, cur=peers:[1ed39f2b-ba05-41d4-bcbc-50acfb489962|127.0.0.1:15055]|listeners:[], old=null}, confs=<EMPTY_MAP>
2025-07-15 19:44:36,751 [1ed39f2b-ba05-41d4-bcbc-50acfb489962-groupManagement] INFO  server.RaftServerConfigKeys (ConfUtils.java:logGet(62)) - raft.server.storage.dir = [/home/runner/work/ozone/ozone/hadoop-ozone/integration-test/target/test-dir/MiniOzoneClusterImpl-7a2c00ee-15e1-4921-aa6b-526c14ec89d8/ozone-meta/datanode-6/ratis] (custom)
2025-07-15 19:44:36,751 [EventQueue-PipelineReportForOneReplicaPipelineSafeModeRule] INFO  safemode.SCMSafeModeManager (SCMSafeModeManager.java:validateSafeModeExitRules(138)) - AtleastOneDatanodeReportedRule rule is successfully validated
2025-07-15 19:44:36,752 [1ed39f2b-ba05-41d4-bcbc-50acfb489962-groupManagement] INFO  storage.RaftStorageDirectory (RaftStorageDirectoryImpl.java:analyzeStorage(138)) - The storage directory /home/runner/work/ozone/ozone/hadoop-ozone/integration-test/target/test-dir/MiniOzoneClusterImpl-7a2c00ee-15e1-4921-aa6b-526c14ec89d8/ozone-meta/datanode-6/ratis/b329f436-fe94-451c-85fd-f57fa6a6e453 does not exist. Creating ...
2025-07-15 19:44:36,753 [1ed39f2b-ba05-41d4-bcbc-50acfb489962-groupManagement] INFO  storage.RaftStorageDirectory (RaftStorageDirectoryImpl.java:tryLock(229)) - Lock on /home/runner/work/ozone/ozone/hadoop-ozone/integration-test/target/test-dir/MiniOzoneClusterImpl-7a2c00ee-15e1-4921-aa6b-526c14ec89d8/ozone-meta/datanode-6/ratis/b329f436-fe94-451c-85fd-f57fa6a6e453/in_use.lock acquired by nodename 18953@localhost
2025-07-15 19:44:36,754 [1ed39f2b-ba05-41d4-bcbc-50acfb489962-groupManagement] INFO  storage.RaftStorage (RaftStorageImpl.java:format(98)) - Storage directory /home/runner/work/ozone/ozone/hadoop-ozone/integration-test/target/test-dir/MiniOzoneClusterImpl-7a2c00ee-15e1-4921-aa6b-526c14ec89d8/ozone-meta/datanode-6/ratis/b329f436-fe94-451c-85fd-f57fa6a6e453 has been successfully formatted.
2025-07-15 19:44:36,754 [1ed39f2b-ba05-41d4-bcbc-50acfb489962-groupManagement] INFO  ratis.ContainerStateMachine (ContainerStateMachine.java:initialize(339)) - 1ed39f2b-ba05-41d4-bcbc-50acfb489962: initialize group-F57FA6A6E453
2025-07-15 19:44:36,754 [1ed39f2b-ba05-41d4-bcbc-50acfb489962-groupManagement] INFO  ratis.ContainerStateMachine (ContainerStateMachine.java:loadSnapshot(347)) - group-F57FA6A6E453: The snapshot info is null. Setting the last applied index to:<INITIAL_VALUE>
2025-07-15 19:44:36,755 [1ed39f2b-ba05-41d4-bcbc-50acfb489962-groupManagement] INFO  server.RaftServerConfigKeys (ConfUtils.java:logGet(62)) - raft.server.log.appender.buffer.byte-limit = 33554432 (custom)
2025-07-15 19:44:36,757 [1ed39f2b-ba05-41d4-bcbc-50acfb489962-groupManagement] INFO  server.RaftServerConfigKeys (ConfUtils.java:logGet(62)) - raft.server.log.segment.size.max = 67108864 (custom)
2025-07-15 19:44:36,758 [1ed39f2b-ba05-41d4-bcbc-50acfb489962-groupManagement] INFO  server.RaftServerConfigKeys (ConfUtils.java:logGet(62)) - raft.server.log.appender.buffer.byte-limit = 33554432 (custom)
2025-07-15 19:44:36,759 [1ed39f2b-ba05-41d4-bcbc-50acfb489962-groupManagement] INFO  util.AwaitToRun (AwaitToRun.java:start(81)) - Thread[#1300,1ed39f2b-ba05-41d4-bcbc-50acfb489962@group-F57FA6A6E453-cacheEviction-AwaitToRun,5,main] started
2025-07-15 19:44:36,759 [1ed39f2b-ba05-41d4-bcbc-50acfb489962-groupManagement] INFO  segmented.SegmentedRaftLogWorker (SegmentedRaftLogWorker.java:<init>(190)) - new 1ed39f2b-ba05-41d4-bcbc-50acfb489962@group-F57FA6A6E453-SegmentedRaftLogWorker for RaftStorageImpl:Storage Directory /home/runner/work/ozone/ozone/hadoop-ozone/integration-test/target/test-dir/MiniOzoneClusterImpl-7a2c00ee-15e1-4921-aa6b-526c14ec89d8/ozone-meta/datanode-6/ratis/b329f436-fe94-451c-85fd-f57fa6a6e453
2025-07-15 19:44:36,757 [EventQueue-PipelineReportForOneReplicaPipelineSafeModeRule] INFO  safemode.SCMSafeModeManager (SCMSafeModeManager.java:validateSafeModeExitRules(138)) - AtleastOneDatanodeReportedRule rule is successfully validated
2025-07-15 19:44:36,759 [1ed39f2b-ba05-41d4-bcbc-50acfb489962-groupManagement] INFO  server.RaftServerConfigKeys (ConfUtils.java:logGet(62)) - raft.server.log.queue.byte-limit = 4294967296 (custom)
2025-07-15 19:44:36,759 [1ed39f2b-ba05-41d4-bcbc-50acfb489962-groupManagement] INFO  server.RaftServerConfigKeys (ConfUtils.java:logGet(62)) - raft.server.log.segment.size.max = 67108864 (custom)
2025-07-15 19:44:36,759 [1ed39f2b-ba05-41d4-bcbc-50acfb489962-groupManagement] INFO  server.RaftServerConfigKeys (ConfUtils.java:logGet(62)) - raft.server.log.preallocated.size = 4194304 (custom)
2025-07-15 19:44:36,759 [1ed39f2b-ba05-41d4-bcbc-50acfb489962-groupManagement] INFO  server.RaftServerConfigKeys (ConfUtils.java:logGet(62)) - raft.server.log.write.buffer.size = 33554440 (custom)
2025-07-15 19:44:36,761 [5b76e34f-336a-4d5f-b46b-52fa87015b9f@group-526C14EC89D8-StateMachineUpdater] INFO  safemode.SCMSafeModeManager (SCMSafeModeManager.java:validateSafeModeExitRules(138)) - DataNodeSafeModeRule rule is successfully validated
2025-07-15 19:44:36,762 [5b76e34f-336a-4d5f-b46b-52fa87015b9f@group-526C14EC89D8-StateMachineUpdater] INFO  safemode.SCMSafeModeManager (SCMSafeModeManager.java:validateSafeModeExitRules(138)) - RatisContainerSafeModeRule rule is successfully validated
2025-07-15 19:44:36,762 [5b76e34f-336a-4d5f-b46b-52fa87015b9f@group-526C14EC89D8-StateMachineUpdater] INFO  safemode.HealthyPipelineSafeModeRule (HealthyPipelineSafeModeRule.java:initializeRule(228)) - Refreshed total pipeline count is 0, healthy pipeline threshold count is 1
2025-07-15 19:44:36,762 [5b76e34f-336a-4d5f-b46b-52fa87015b9f@group-526C14EC89D8-StateMachineUpdater] INFO  safemode.SCMSafeModeManager (SCMSafeModeManager.java:validateSafeModeExitRules(138)) - ECContainerSafeModeRule rule is successfully validated
2025-07-15 19:44:36,762 [5b76e34f-336a-4d5f-b46b-52fa87015b9f@group-526C14EC89D8-StateMachineUpdater] INFO  safemode.SCMSafeModeManager (SCMSafeModeManager.java:validateSafeModeExitRules(138)) - AtleastOneDatanodeReportedRule rule is successfully validated
2025-07-15 19:44:36,762 [EventQueue-PipelineReportForPipelineReportHandler] INFO  pipeline.PipelineReportHandler (PipelineReportHandler.java:processPipelineReport(134)) - Opened pipeline Pipeline-b329f436-fe94-451c-85fd-f57fa6a6e453
2025-07-15 19:44:36,765 [1ed39f2b-ba05-41d4-bcbc-50acfb489962-groupManagement] INFO  server.RaftServerConfigKeys (ConfUtils.java:logGet(62)) - raft.server.log.appender.buffer.byte-limit = 33554432 (custom)
2025-07-15 19:44:36,765 [1ed39f2b-ba05-41d4-bcbc-50acfb489962-groupManagement] INFO  segmented.SegmentedRaftLogWorker (SegmentedRaftLogWorker.java:lambda$new$0(141)) - 1ed39f2b-ba05-41d4-bcbc-50acfb489962@group-F57FA6A6E453-SegmentedRaftLogWorker: flushIndex: setUnconditionally 0 -> -1
2025-07-15 19:44:36,765 [1ed39f2b-ba05-41d4-bcbc-50acfb489962-groupManagement] INFO  segmented.SegmentedRaftLogWorker (SegmentedRaftLogWorker.java:lambda$new$0(141)) - 1ed39f2b-ba05-41d4-bcbc-50acfb489962@group-F57FA6A6E453-SegmentedRaftLogWorker: safeCacheEvictIndex: setUnconditionally 0 -> -1
2025-07-15 19:44:36,766 [1ed39f2b-ba05-41d4-bcbc-50acfb489962-groupManagement] INFO  server.RaftServer$Division (RaftServerImpl.java:start(405)) - 1ed39f2b-ba05-41d4-bcbc-50acfb489962@group-F57FA6A6E453: start as a follower, conf=conf: {index: -1, cur=peers:[1ed39f2b-ba05-41d4-bcbc-50acfb489962|127.0.0.1:15055]|listeners:[], old=null}
2025-07-15 19:44:36,766 [1ed39f2b-ba05-41d4-bcbc-50acfb489962-groupManagement] INFO  server.RaftServer$Division (RaftServerImpl.java:setRole(392)) - 1ed39f2b-ba05-41d4-bcbc-50acfb489962@group-F57FA6A6E453: changes role from      null to FOLLOWER at term 0 for startAsFollower
2025-07-15 19:44:36,766 [1ed39f2b-ba05-41d4-bcbc-50acfb489962-groupManagement] INFO  impl.RoleInfo (RoleInfo.java:updateAndGet(148)) - 1ed39f2b-ba05-41d4-bcbc-50acfb489962: start 1ed39f2b-ba05-41d4-bcbc-50acfb489962@group-F57FA6A6E453-FollowerState
2025-07-15 19:44:36,766 [1ed39f2b-ba05-41d4-bcbc-50acfb489962-groupManagement] INFO  util.JmxRegister (JmxRegister.java:tryRegister(44)) - Successfully registered JMX Bean with object name Ratis:service=RaftServer,group=group-F57FA6A6E453,id=1ed39f2b-ba05-41d4-bcbc-50acfb489962
2025-07-15 19:44:36,766 [1ed39f2b-ba05-41d4-bcbc-50acfb489962-groupManagement] INFO  util.JmxRegister (JmxRegister.java:register(58)) - register mxBean class org.apache.ratis.server.impl.RaftServerJmxAdapter as Ratis:service=RaftServer,group=group-F57FA6A6E453,id=1ed39f2b-ba05-41d4-bcbc-50acfb489962
2025-07-15 19:44:36,767 [1ed39f2b-ba05-41d4-bcbc-50acfb489962-groupManagement] INFO  server.RaftServer$Division (RaftServerImpl.java:start(419)) - 1ed39f2b-ba05-41d4-bcbc-50acfb489962@group-F57FA6A6E453: Successfully started.
2025-07-15 19:44:36,768 [1ed39f2b-ba05-41d4-bcbc-50acfb489962-PipelineCommandHandlerThread-0] INFO  ratis.XceiverServerRatis (XceiverServerRatis.java:addGroup(843)) - Created group Pipeline-b329f436-fe94-451c-85fd-f57fa6a6e453
2025-07-15 19:44:36,768 [1ed39f2b-ba05-41d4-bcbc-50acfb489962-PipelineCommandHandlerThread-0] INFO  commandhandler.CreatePipelineCommandHandler (CreatePipelineCommandHandler.java:lambda$handle$2(127)) - Created Pipeline RATIS ONE Pipeline-b329f436-fe94-451c-85fd-f57fa6a6e453.
2025-07-15 19:44:36,789 [EventQueue-PipelineReportForOneReplicaPipelineSafeModeRule] INFO  safemode.SCMSafeModeManager (SCMSafeModeManager.java:validateSafeModeExitRules(138)) - AtleastOneDatanodeReportedRule rule is successfully validated
2025-07-15 19:44:36,800 [EventQueue-PipelineReportForOneReplicaPipelineSafeModeRule] INFO  safemode.SCMSafeModeManager (SCMSafeModeManager.java:validateSafeModeExitRules(138)) - AtleastOneDatanodeReportedRule rule is successfully validated
2025-07-15 19:44:36,809 [e96bea54-5ec2-4bc1-91ca-a280b757147d@group-D96DA3C41BFA-FollowerState] INFO  impl.FollowerState (FollowerState.java:runImpl(161)) - e96bea54-5ec2-4bc1-91ca-a280b757147d@group-D96DA3C41BFA-FollowerState: change to CANDIDATE, lastRpcElapsedTime:1100167167ns, electionTimeout:1099ms
2025-07-15 19:44:36,810 [e96bea54-5ec2-4bc1-91ca-a280b757147d@group-D96DA3C41BFA-FollowerState] INFO  impl.RoleInfo (RoleInfo.java:shutdownFollowerState(121)) - e96bea54-5ec2-4bc1-91ca-a280b757147d: shutdown e96bea54-5ec2-4bc1-91ca-a280b757147d@group-D96DA3C41BFA-FollowerState
2025-07-15 19:44:36,810 [e96bea54-5ec2-4bc1-91ca-a280b757147d@group-D96DA3C41BFA-FollowerState] INFO  server.RaftServer$Division (RaftServerImpl.java:setRole(392)) - e96bea54-5ec2-4bc1-91ca-a280b757147d@group-D96DA3C41BFA: changes role from  FOLLOWER to CANDIDATE at term 0 for changeToCandidate
2025-07-15 19:44:36,810 [e96bea54-5ec2-4bc1-91ca-a280b757147d@group-D96DA3C41BFA-FollowerState] INFO  impl.RoleInfo (RoleInfo.java:updateAndGet(148)) - e96bea54-5ec2-4bc1-91ca-a280b757147d: start e96bea54-5ec2-4bc1-91ca-a280b757147d@group-D96DA3C41BFA-LeaderElection6
2025-07-15 19:44:36,810 [e96bea54-5ec2-4bc1-91ca-a280b757147d@group-D96DA3C41BFA-LeaderElection6] INFO  impl.LeaderElection (LeaderElection.java:askForVotes(448)) - e96bea54-5ec2-4bc1-91ca-a280b757147d@group-D96DA3C41BFA-LeaderElection6 PRE_VOTE round 0: submit vote requests at term 0 for conf: {index: -1, cur=peers:[e96bea54-5ec2-4bc1-91ca-a280b757147d|127.0.0.1:15023]|listeners:[], old=null}
2025-07-15 19:44:36,811 [e96bea54-5ec2-4bc1-91ca-a280b757147d@group-D96DA3C41BFA-LeaderElection6] INFO  impl.LeaderElection (LeaderElection.java:askForVotes(450)) - e96bea54-5ec2-4bc1-91ca-a280b757147d@group-D96DA3C41BFA-LeaderElection6 PRE_VOTE round 0: result PASSED (term=0)
2025-07-15 19:44:36,812 [e96bea54-5ec2-4bc1-91ca-a280b757147d@group-D96DA3C41BFA-LeaderElection6] INFO  impl.LeaderElection (LeaderElection.java:askForVotes(448)) - e96bea54-5ec2-4bc1-91ca-a280b757147d@group-D96DA3C41BFA-LeaderElection6 ELECTION round 0: submit vote requests at term 1 for conf: {index: -1, cur=peers:[e96bea54-5ec2-4bc1-91ca-a280b757147d|127.0.0.1:15023]|listeners:[], old=null}
2025-07-15 19:44:36,812 [e96bea54-5ec2-4bc1-91ca-a280b757147d@group-D96DA3C41BFA-LeaderElection6] INFO  impl.LeaderElection (LeaderElection.java:askForVotes(450)) - e96bea54-5ec2-4bc1-91ca-a280b757147d@group-D96DA3C41BFA-LeaderElection6 ELECTION round 0: result PASSED (term=1)
2025-07-15 19:44:36,812 [e96bea54-5ec2-4bc1-91ca-a280b757147d@group-D96DA3C41BFA-LeaderElection6] INFO  impl.RoleInfo (RoleInfo.java:shutdownLeaderElection(141)) - e96bea54-5ec2-4bc1-91ca-a280b757147d: shutdown e96bea54-5ec2-4bc1-91ca-a280b757147d@group-D96DA3C41BFA-LeaderElection6
2025-07-15 19:44:36,812 [e96bea54-5ec2-4bc1-91ca-a280b757147d@group-D96DA3C41BFA-LeaderElection6] INFO  server.RaftServer$Division (RaftServerImpl.java:setRole(392)) - e96bea54-5ec2-4bc1-91ca-a280b757147d@group-D96DA3C41BFA: changes role from CANDIDATE to LEADER at term 1 for changeToLeader
2025-07-15 19:44:36,812 [e96bea54-5ec2-4bc1-91ca-a280b757147d@group-D96DA3C41BFA-LeaderElection6] INFO  server.RaftServerConfigKeys (ConfUtils.java:logFallback(69)) - raft.server.staging.timeout = 15600ms (fallback to raft.server.rpc.timeout.max)
2025-07-15 19:44:36,813 [e96bea54-5ec2-4bc1-91ca-a280b757147d@group-D96DA3C41BFA-LeaderElection6] INFO  server.RaftServerConfigKeys (ConfUtils.java:logGet(62)) - raft.server.write.byte-limit = 1024 M (=1073741824) (custom)
2025-07-15 19:44:36,814 [e96bea54-5ec2-4bc1-91ca-a280b757147d@group-D96DA3C41BFA-LeaderElection6] INFO  impl.RoleInfo (RoleInfo.java:updateAndGet(148)) - e96bea54-5ec2-4bc1-91ca-a280b757147d: start e96bea54-5ec2-4bc1-91ca-a280b757147d@group-D96DA3C41BFA-LeaderStateImpl
2025-07-15 19:44:36,814 [e96bea54-5ec2-4bc1-91ca-a280b757147d@group-D96DA3C41BFA-LeaderElection6] INFO  server.RaftServer$Division (RaftServerImpl.java:setFirstElection(576)) - e96bea54-5ec2-4bc1-91ca-a280b757147d@group-D96DA3C41BFA: set firstElectionSinceStartup to false for becomeLeader
2025-07-15 19:44:36,814 [e96bea54-5ec2-4bc1-91ca-a280b757147d@group-D96DA3C41BFA-LeaderElection6] INFO  ratis.XceiverServerRatis (XceiverServerRatis.java:handleLeaderChangedNotification(944)) - Leader change notification received for group: group-D96DA3C41BFA with new leaderId: e96bea54-5ec2-4bc1-91ca-a280b757147d
2025-07-15 19:44:36,814 [e96bea54-5ec2-4bc1-91ca-a280b757147d@group-D96DA3C41BFA-LeaderElection6] INFO  server.RaftServer$Division (ServerState.java:setLeader(272)) - e96bea54-5ec2-4bc1-91ca-a280b757147d@group-D96DA3C41BFA: change Leader from null to e96bea54-5ec2-4bc1-91ca-a280b757147d at term 1 for becomeLeader, leader elected after 1130ms
2025-07-15 19:44:36,814 [e96bea54-5ec2-4bc1-91ca-a280b757147d@group-D96DA3C41BFA-LeaderElection6] INFO  segmented.SegmentedRaftLogWorker (SegmentedRaftLogWorker.java:startLogSegment(440)) - e96bea54-5ec2-4bc1-91ca-a280b757147d@group-D96DA3C41BFA-SegmentedRaftLogWorker: Starting segment from index:0
2025-07-15 19:44:36,815 [e96bea54-5ec2-4bc1-91ca-a280b757147d@group-D96DA3C41BFA-SegmentedRaftLogWorker] INFO  segmented.BufferedWriteChannel (BufferedWriteChannel.java:open(61)) - open log_inprogress_0 at position 0
2025-07-15 19:44:36,815 [e96bea54-5ec2-4bc1-91ca-a280b757147d@group-D96DA3C41BFA-LeaderElection6] INFO  server.RaftServer$Division (ServerState.java:setRaftConf(386)) - e96bea54-5ec2-4bc1-91ca-a280b757147d@group-D96DA3C41BFA: set configuration conf: {index: 0, cur=peers:[e96bea54-5ec2-4bc1-91ca-a280b757147d|127.0.0.1:15023]|listeners:[], old=null}
2025-07-15 19:44:36,818 [EventQueue-PipelineReportForOneReplicaPipelineSafeModeRule] INFO  safemode.SCMSafeModeManager (SCMSafeModeManager.java:validateSafeModeExitRules(138)) - AtleastOneDatanodeReportedRule rule is successfully validated
2025-07-15 19:44:36,825 [e96bea54-5ec2-4bc1-91ca-a280b757147d@group-D96DA3C41BFA-SegmentedRaftLogWorker] INFO  segmented.SegmentedRaftLogWorker (SegmentedRaftLogWorker.java:execute(647)) - e96bea54-5ec2-4bc1-91ca-a280b757147d@group-D96DA3C41BFA-SegmentedRaftLogWorker: created new log segment /home/runner/work/ozone/ozone/hadoop-ozone/integration-test/target/test-dir/MiniOzoneClusterImpl-7a2c00ee-15e1-4921-aa6b-526c14ec89d8/ozone-meta/datanode-2/ratis/01f649b1-ed37-4d05-9e72-d96da3c41bfa/current/log_inprogress_0
2025-07-15 19:44:36,827 [e96bea54-5ec2-4bc1-91ca-a280b757147d@group-D96DA3C41BFA-StateMachineUpdater] INFO  server.RaftServer$Division (LeaderStateImpl.java:checkStartIndex(309)) - Leader e96bea54-5ec2-4bc1-91ca-a280b757147d@group-D96DA3C41BFA-LeaderStateImpl is ready since appliedIndex == startIndex == 0
2025-07-15 19:44:36,827 [e96bea54-5ec2-4bc1-91ca-a280b757147d@group-D96DA3C41BFA-StateMachineUpdater] INFO  ratis.ContainerStateMachine (ContainerStateMachine.java:takeSnapshot(427)) - group-D96DA3C41BFA: Taking a snapshot at:(t:1, i:0) file /home/runner/work/ozone/ozone/hadoop-ozone/integration-test/target/test-dir/MiniOzoneClusterImpl-7a2c00ee-15e1-4921-aa6b-526c14ec89d8/ozone-meta/datanode-2/ratis/01f649b1-ed37-4d05-9e72-d96da3c41bfa/sm/snapshot.1_0
2025-07-15 19:44:36,827 [e96bea54-5ec2-4bc1-91ca-a280b757147d@group-D96DA3C41BFA-StateMachineUpdater] INFO  ratis.ContainerStateMachine (ContainerStateMachine.java:takeSnapshot(436)) - group-D96DA3C41BFA: Finished taking a snapshot at:(t:1, i:0) file:/home/runner/work/ozone/ozone/hadoop-ozone/integration-test/target/test-dir/MiniOzoneClusterImpl-7a2c00ee-15e1-4921-aa6b-526c14ec89d8/ozone-meta/datanode-2/ratis/01f649b1-ed37-4d05-9e72-d96da3c41bfa/sm/snapshot.1_0 took: 0 ms
2025-07-15 19:44:36,828 [e96bea54-5ec2-4bc1-91ca-a280b757147d@group-D96DA3C41BFA-StateMachineUpdater] INFO  impl.StateMachineUpdater (StateMachineUpdater.java:takeSnapshot(307)) - e96bea54-5ec2-4bc1-91ca-a280b757147d@group-D96DA3C41BFA-StateMachineUpdater: Took a snapshot at index 0
2025-07-15 19:44:36,828 [e96bea54-5ec2-4bc1-91ca-a280b757147d@group-D96DA3C41BFA-StateMachineUpdater] INFO  impl.StateMachineUpdater (StateMachineUpdater.java:lambda$new$0(101)) - e96bea54-5ec2-4bc1-91ca-a280b757147d@group-D96DA3C41BFA-StateMachineUpdater: snapshotIndex: updateIncreasingly -1 -> 0
2025-07-15 19:44:36,879 [EventQueue-PipelineReportForOneReplicaPipelineSafeModeRule] INFO  safemode.SCMSafeModeManager (SCMSafeModeManager.java:validateSafeModeExitRules(138)) - AtleastOneDatanodeReportedRule rule is successfully validated
2025-07-15 19:44:36,893 [EventQueue-PipelineReportForOneReplicaPipelineSafeModeRule] INFO  safemode.SCMSafeModeManager (SCMSafeModeManager.java:validateSafeModeExitRules(138)) - AtleastOneDatanodeReportedRule rule is successfully validated
2025-07-15 19:44:36,910 [EventQueue-PipelineReportForOneReplicaPipelineSafeModeRule] INFO  safemode.SCMSafeModeManager (SCMSafeModeManager.java:validateSafeModeExitRules(138)) - AtleastOneDatanodeReportedRule rule is successfully validated
2025-07-15 19:44:36,950 [EventQueue-PipelineReportForOneReplicaPipelineSafeModeRule] INFO  safemode.SCMSafeModeManager (SCMSafeModeManager.java:validateSafeModeExitRules(138)) - AtleastOneDatanodeReportedRule rule is successfully validated
2025-07-15 19:44:36,951 [cd936fa6-15d5-4ef8-867a-01454d889292@group-2A5F69F5E925-FollowerState] INFO  impl.FollowerState (FollowerState.java:runImpl(161)) - cd936fa6-15d5-4ef8-867a-01454d889292@group-2A5F69F5E925-FollowerState: change to CANDIDATE, lastRpcElapsedTime:1015611090ns, electionTimeout:1014ms
2025-07-15 19:44:36,951 [cd936fa6-15d5-4ef8-867a-01454d889292@group-2A5F69F5E925-FollowerState] INFO  impl.RoleInfo (RoleInfo.java:shutdownFollowerState(121)) - cd936fa6-15d5-4ef8-867a-01454d889292: shutdown cd936fa6-15d5-4ef8-867a-01454d889292@group-2A5F69F5E925-FollowerState
2025-07-15 19:44:36,951 [cd936fa6-15d5-4ef8-867a-01454d889292@group-2A5F69F5E925-FollowerState] INFO  server.RaftServer$Division (RaftServerImpl.java:setRole(392)) - cd936fa6-15d5-4ef8-867a-01454d889292@group-2A5F69F5E925: changes role from  FOLLOWER to CANDIDATE at term 0 for changeToCandidate
2025-07-15 19:44:36,951 [cd936fa6-15d5-4ef8-867a-01454d889292@group-2A5F69F5E925-FollowerState] INFO  impl.RoleInfo (RoleInfo.java:updateAndGet(148)) - cd936fa6-15d5-4ef8-867a-01454d889292: start cd936fa6-15d5-4ef8-867a-01454d889292@group-2A5F69F5E925-LeaderElection7
2025-07-15 19:44:36,952 [cd936fa6-15d5-4ef8-867a-01454d889292@group-2A5F69F5E925-LeaderElection7] INFO  impl.LeaderElection (LeaderElection.java:askForVotes(448)) - cd936fa6-15d5-4ef8-867a-01454d889292@group-2A5F69F5E925-LeaderElection7 PRE_VOTE round 0: submit vote requests at term 0 for conf: {index: -1, cur=peers:[cd936fa6-15d5-4ef8-867a-01454d889292|127.0.0.1:15015, e96bea54-5ec2-4bc1-91ca-a280b757147d|127.0.0.1:15023, 5109dbd0-88b3-4954-9428-6522438831f5|127.0.0.1:15031]|listeners:[], old=null}
2025-07-15 19:44:36,955 [grpc-default-executor-0] INFO  server.RaftServer$Division (RaftServerImpl.java:requestVote(1421)) - 5109dbd0-88b3-4954-9428-6522438831f5@group-2A5F69F5E925: receive requestVote(PRE_VOTE, cd936fa6-15d5-4ef8-867a-01454d889292, group-2A5F69F5E925, 0, <PROTO_DEFAULT>)
2025-07-15 19:44:36,955 [grpc-default-executor-0] INFO  impl.VoteContext (VoteContext.java:log(49)) - 5109dbd0-88b3-4954-9428-6522438831f5@group-2A5F69F5E925-FOLLOWER: accept PRE_VOTE from cd936fa6-15d5-4ef8-867a-01454d889292: our priority 0 <= candidate's priority 0
2025-07-15 19:44:36,956 [grpc-default-executor-0] INFO  server.RaftServer$Division (RaftServerImpl.java:requestVote(1455)) - 5109dbd0-88b3-4954-9428-6522438831f5@group-2A5F69F5E925 replies to PRE_VOTE vote request: cd936fa6-15d5-4ef8-867a-01454d889292<-5109dbd0-88b3-4954-9428-6522438831f5#0:OK-t0-last:<INITIAL_VALUE>. Peer's state: 5109dbd0-88b3-4954-9428-6522438831f5@group-2A5F69F5E925:t0, leader=null, voted=, raftlog=Memoized:5109dbd0-88b3-4954-9428-6522438831f5@group-2A5F69F5E925-SegmentedRaftLog:OPENED:c-1:lastnull, conf=conf: {index: -1, cur=peers:[cd936fa6-15d5-4ef8-867a-01454d889292|127.0.0.1:15015, e96bea54-5ec2-4bc1-91ca-a280b757147d|127.0.0.1:15023, 5109dbd0-88b3-4954-9428-6522438831f5|127.0.0.1:15031]|listeners:[], old=null}
2025-07-15 19:44:36,956 [grpc-default-executor-1] INFO  server.RaftServer$Division (RaftServerImpl.java:requestVote(1421)) - e96bea54-5ec2-4bc1-91ca-a280b757147d@group-2A5F69F5E925: receive requestVote(PRE_VOTE, cd936fa6-15d5-4ef8-867a-01454d889292, group-2A5F69F5E925, 0, <PROTO_DEFAULT>)
2025-07-15 19:44:36,956 [grpc-default-executor-1] INFO  impl.VoteContext (VoteContext.java:log(49)) - e96bea54-5ec2-4bc1-91ca-a280b757147d@group-2A5F69F5E925-FOLLOWER: reject PRE_VOTE from cd936fa6-15d5-4ef8-867a-01454d889292: our priority 1 > candidate's priority 0
2025-07-15 19:44:36,956 [grpc-default-executor-1] INFO  server.RaftServer$Division (RaftServerImpl.java:requestVote(1455)) - e96bea54-5ec2-4bc1-91ca-a280b757147d@group-2A5F69F5E925 replies to PRE_VOTE vote request: cd936fa6-15d5-4ef8-867a-01454d889292<-e96bea54-5ec2-4bc1-91ca-a280b757147d#0:FAIL-t0-last:<INITIAL_VALUE>. Peer's state: e96bea54-5ec2-4bc1-91ca-a280b757147d@group-2A5F69F5E925:t0, leader=null, voted=, raftlog=Memoized:e96bea54-5ec2-4bc1-91ca-a280b757147d@group-2A5F69F5E925-SegmentedRaftLog:OPENED:c-1:lastnull, conf=conf: {index: -1, cur=peers:[cd936fa6-15d5-4ef8-867a-01454d889292|127.0.0.1:15015, e96bea54-5ec2-4bc1-91ca-a280b757147d|127.0.0.1:15023, 5109dbd0-88b3-4954-9428-6522438831f5|127.0.0.1:15031]|listeners:[], old=null}
2025-07-15 19:44:36,958 [EventQueue-PipelineReportForOneReplicaPipelineSafeModeRule] INFO  safemode.SCMSafeModeManager (SCMSafeModeManager.java:validateSafeModeExitRules(138)) - AtleastOneDatanodeReportedRule rule is successfully validated
2025-07-15 19:44:36,960 [cd936fa6-15d5-4ef8-867a-01454d889292@group-2A5F69F5E925-LeaderElection7] INFO  impl.LeaderElection (LeaderElection.java:logAndReturn(206)) - cd936fa6-15d5-4ef8-867a-01454d889292@group-2A5F69F5E925-LeaderElection7: PRE_VOTE REJECTED received 2 response(s) and 0 exception(s):
2025-07-15 19:44:36,960 [cd936fa6-15d5-4ef8-867a-01454d889292@group-2A5F69F5E925-LeaderElection7] INFO  impl.LeaderElection (LeaderElection.java:logAndReturn(210)) -   Response 0: cd936fa6-15d5-4ef8-867a-01454d889292<-e96bea54-5ec2-4bc1-91ca-a280b757147d#0:FAIL-t0-last:<INITIAL_VALUE>
2025-07-15 19:44:36,960 [cd936fa6-15d5-4ef8-867a-01454d889292@group-2A5F69F5E925-LeaderElection7] INFO  impl.LeaderElection (LeaderElection.java:logAndReturn(210)) -   Response 1: cd936fa6-15d5-4ef8-867a-01454d889292<-5109dbd0-88b3-4954-9428-6522438831f5#0:OK-t0-last:<INITIAL_VALUE>
2025-07-15 19:44:36,960 [cd936fa6-15d5-4ef8-867a-01454d889292@group-2A5F69F5E925-LeaderElection7] INFO  impl.LeaderElection (LeaderElection.java:askForVotes(450)) - cd936fa6-15d5-4ef8-867a-01454d889292@group-2A5F69F5E925-LeaderElection7 PRE_VOTE round 0: result REJECTED
2025-07-15 19:44:36,960 [cd936fa6-15d5-4ef8-867a-01454d889292@group-2A5F69F5E925-LeaderElection7] INFO  server.RaftServer$Division (RaftServerImpl.java:setRole(392)) - cd936fa6-15d5-4ef8-867a-01454d889292@group-2A5F69F5E925: changes role from CANDIDATE to FOLLOWER at term 0 for REJECTED
2025-07-15 19:44:36,961 [cd936fa6-15d5-4ef8-867a-01454d889292@group-2A5F69F5E925-LeaderElection7] INFO  impl.RoleInfo (RoleInfo.java:shutdownLeaderElection(141)) - cd936fa6-15d5-4ef8-867a-01454d889292: shutdown cd936fa6-15d5-4ef8-867a-01454d889292@group-2A5F69F5E925-LeaderElection7
2025-07-15 19:44:36,961 [cd936fa6-15d5-4ef8-867a-01454d889292@group-2A5F69F5E925-LeaderElection7] INFO  impl.RoleInfo (RoleInfo.java:updateAndGet(148)) - cd936fa6-15d5-4ef8-867a-01454d889292: start cd936fa6-15d5-4ef8-867a-01454d889292@group-2A5F69F5E925-FollowerState
2025-07-15 19:44:36,961 [cd936fa6-15d5-4ef8-867a-01454d889292@group-2A5F69F5E925-LeaderElection7] INFO  server.RaftServer$Division (RaftServerImpl.java:setFirstElection(576)) - cd936fa6-15d5-4ef8-867a-01454d889292@group-2A5F69F5E925: set firstElectionSinceStartup to false for REJECTED
2025-07-15 19:44:36,972 [5109dbd0-88b3-4954-9428-6522438831f5@group-EF23C56BE139-FollowerState] INFO  impl.FollowerState (FollowerState.java:runImpl(161)) - 5109dbd0-88b3-4954-9428-6522438831f5@group-EF23C56BE139-FollowerState: change to CANDIDATE, lastRpcElapsedTime:1128463355ns, electionTimeout:1128ms
2025-07-15 19:44:36,972 [5109dbd0-88b3-4954-9428-6522438831f5@group-EF23C56BE139-FollowerState] INFO  impl.RoleInfo (RoleInfo.java:shutdownFollowerState(121)) - 5109dbd0-88b3-4954-9428-6522438831f5: shutdown 5109dbd0-88b3-4954-9428-6522438831f5@group-EF23C56BE139-FollowerState
2025-07-15 19:44:36,972 [5109dbd0-88b3-4954-9428-6522438831f5@group-EF23C56BE139-FollowerState] INFO  server.RaftServer$Division (RaftServerImpl.java:setRole(392)) - 5109dbd0-88b3-4954-9428-6522438831f5@group-EF23C56BE139: changes role from  FOLLOWER to CANDIDATE at term 0 for changeToCandidate
2025-07-15 19:44:36,972 [5109dbd0-88b3-4954-9428-6522438831f5@group-EF23C56BE139-FollowerState] INFO  impl.RoleInfo (RoleInfo.java:updateAndGet(148)) - 5109dbd0-88b3-4954-9428-6522438831f5: start 5109dbd0-88b3-4954-9428-6522438831f5@group-EF23C56BE139-LeaderElection8
2025-07-15 19:44:36,972 [5109dbd0-88b3-4954-9428-6522438831f5@group-EF23C56BE139-LeaderElection8] INFO  impl.LeaderElection (LeaderElection.java:askForVotes(448)) - 5109dbd0-88b3-4954-9428-6522438831f5@group-EF23C56BE139-LeaderElection8 PRE_VOTE round 0: submit vote requests at term 0 for conf: {index: -1, cur=peers:[cd936fa6-15d5-4ef8-867a-01454d889292|127.0.0.1:15015, e96bea54-5ec2-4bc1-91ca-a280b757147d|127.0.0.1:15023, 5109dbd0-88b3-4954-9428-6522438831f5|127.0.0.1:15031]|listeners:[], old=null}
2025-07-15 19:44:36,973 [5109dbd0-88b3-4954-9428-6522438831f5@group-EF23C56BE139-LeaderElection8-1] INFO  server.GrpcServerProtocolClient (GrpcServerProtocolClient.java:<init>(65)) - Build channel for cd936fa6-15d5-4ef8-867a-01454d889292|127.0.0.1:15015
2025-07-15 19:44:36,973 [5109dbd0-88b3-4954-9428-6522438831f5@group-EF23C56BE139-LeaderElection8-2] INFO  server.GrpcServerProtocolClient (GrpcServerProtocolClient.java:<init>(65)) - Build channel for e96bea54-5ec2-4bc1-91ca-a280b757147d|127.0.0.1:15023
2025-07-15 19:44:36,978 [grpc-default-executor-0] INFO  server.RaftServer$Division (RaftServerImpl.java:requestVote(1421)) - e96bea54-5ec2-4bc1-91ca-a280b757147d@group-EF23C56BE139: receive requestVote(PRE_VOTE, 5109dbd0-88b3-4954-9428-6522438831f5, group-EF23C56BE139, 0, <PROTO_DEFAULT>)
2025-07-15 19:44:36,978 [grpc-default-executor-0] INFO  impl.VoteContext (VoteContext.java:log(49)) - e96bea54-5ec2-4bc1-91ca-a280b757147d@group-EF23C56BE139-FOLLOWER: accept PRE_VOTE from 5109dbd0-88b3-4954-9428-6522438831f5: our priority 0 <= candidate's priority 1
2025-07-15 19:44:36,978 [grpc-default-executor-0] INFO  server.RaftServer$Division (RaftServerImpl.java:requestVote(1455)) - e96bea54-5ec2-4bc1-91ca-a280b757147d@group-EF23C56BE139 replies to PRE_VOTE vote request: 5109dbd0-88b3-4954-9428-6522438831f5<-e96bea54-5ec2-4bc1-91ca-a280b757147d#0:OK-t0-last:<INITIAL_VALUE>. Peer's state: e96bea54-5ec2-4bc1-91ca-a280b757147d@group-EF23C56BE139:t0, leader=null, voted=, raftlog=Memoized:e96bea54-5ec2-4bc1-91ca-a280b757147d@group-EF23C56BE139-SegmentedRaftLog:OPENED:c-1:lastnull, conf=conf: {index: -1, cur=peers:[cd936fa6-15d5-4ef8-867a-01454d889292|127.0.0.1:15015, e96bea54-5ec2-4bc1-91ca-a280b757147d|127.0.0.1:15023, 5109dbd0-88b3-4954-9428-6522438831f5|127.0.0.1:15031]|listeners:[], old=null}
2025-07-15 19:44:36,979 [grpc-default-executor-1] INFO  server.RaftServer$Division (RaftServerImpl.java:requestVote(1421)) - cd936fa6-15d5-4ef8-867a-01454d889292@group-EF23C56BE139: receive requestVote(PRE_VOTE, 5109dbd0-88b3-4954-9428-6522438831f5, group-EF23C56BE139, 0, <PROTO_DEFAULT>)
2025-07-15 19:44:36,979 [grpc-default-executor-1] INFO  impl.VoteContext (VoteContext.java:log(49)) - cd936fa6-15d5-4ef8-867a-01454d889292@group-EF23C56BE139-FOLLOWER: accept PRE_VOTE from 5109dbd0-88b3-4954-9428-6522438831f5: our priority 0 <= candidate's priority 1
2025-07-15 19:44:36,979 [grpc-default-executor-1] INFO  server.RaftServer$Division (RaftServerImpl.java:requestVote(1455)) - cd936fa6-15d5-4ef8-867a-01454d889292@group-EF23C56BE139 replies to PRE_VOTE vote request: 5109dbd0-88b3-4954-9428-6522438831f5<-cd936fa6-15d5-4ef8-867a-01454d889292#0:OK-t0-last:<INITIAL_VALUE>. Peer's state: cd936fa6-15d5-4ef8-867a-01454d889292@group-EF23C56BE139:t0, leader=null, voted=, raftlog=Memoized:cd936fa6-15d5-4ef8-867a-01454d889292@group-EF23C56BE139-SegmentedRaftLog:OPENED:c-1:lastnull, conf=conf: {index: -1, cur=peers:[cd936fa6-15d5-4ef8-867a-01454d889292|127.0.0.1:15015, e96bea54-5ec2-4bc1-91ca-a280b757147d|127.0.0.1:15023, 5109dbd0-88b3-4954-9428-6522438831f5|127.0.0.1:15031]|listeners:[], old=null}
2025-07-15 19:44:36,980 [5109dbd0-88b3-4954-9428-6522438831f5@group-EF23C56BE139-LeaderElection8] INFO  impl.LeaderElection (LeaderElection.java:logAndReturn(206)) - 5109dbd0-88b3-4954-9428-6522438831f5@group-EF23C56BE139-LeaderElection8: PRE_VOTE PASSED received 1 response(s) and 0 exception(s):
2025-07-15 19:44:36,981 [5109dbd0-88b3-4954-9428-6522438831f5@group-EF23C56BE139-LeaderElection8] INFO  impl.LeaderElection (LeaderElection.java:logAndReturn(210)) -   Response 0: 5109dbd0-88b3-4954-9428-6522438831f5<-e96bea54-5ec2-4bc1-91ca-a280b757147d#0:OK-t0-last:<INITIAL_VALUE>
2025-07-15 19:44:36,981 [5109dbd0-88b3-4954-9428-6522438831f5@group-EF23C56BE139-LeaderElection8] INFO  impl.LeaderElection (LeaderElection.java:askForVotes(450)) - 5109dbd0-88b3-4954-9428-6522438831f5@group-EF23C56BE139-LeaderElection8 PRE_VOTE round 0: result PASSED
2025-07-15 19:44:36,985 [5109dbd0-88b3-4954-9428-6522438831f5@group-EF23C56BE139-LeaderElection8] INFO  impl.LeaderElection (LeaderElection.java:askForVotes(448)) - 5109dbd0-88b3-4954-9428-6522438831f5@group-EF23C56BE139-LeaderElection8 ELECTION round 0: submit vote requests at term 1 for conf: {index: -1, cur=peers:[cd936fa6-15d5-4ef8-867a-01454d889292|127.0.0.1:15015, e96bea54-5ec2-4bc1-91ca-a280b757147d|127.0.0.1:15023, 5109dbd0-88b3-4954-9428-6522438831f5|127.0.0.1:15031]|listeners:[], old=null}
2025-07-15 19:44:36,986 [grpc-default-executor-0] INFO  server.RaftServer$Division (RaftServerImpl.java:requestVote(1421)) - cd936fa6-15d5-4ef8-867a-01454d889292@group-EF23C56BE139: receive requestVote(ELECTION, 5109dbd0-88b3-4954-9428-6522438831f5, group-EF23C56BE139, 1, <PROTO_DEFAULT>)
2025-07-15 19:44:36,986 [grpc-default-executor-1] INFO  server.RaftServer$Division (RaftServerImpl.java:requestVote(1421)) - e96bea54-5ec2-4bc1-91ca-a280b757147d@group-EF23C56BE139: receive requestVote(ELECTION, 5109dbd0-88b3-4954-9428-6522438831f5, group-EF23C56BE139, 1, <PROTO_DEFAULT>)
2025-07-15 19:44:36,986 [grpc-default-executor-0] INFO  impl.VoteContext (VoteContext.java:log(49)) - cd936fa6-15d5-4ef8-867a-01454d889292@group-EF23C56BE139-FOLLOWER: accept ELECTION from 5109dbd0-88b3-4954-9428-6522438831f5: our priority 0 <= candidate's priority 1
2025-07-15 19:44:36,986 [grpc-default-executor-1] INFO  impl.VoteContext (VoteContext.java:log(49)) - e96bea54-5ec2-4bc1-91ca-a280b757147d@group-EF23C56BE139-FOLLOWER: accept ELECTION from 5109dbd0-88b3-4954-9428-6522438831f5: our priority 0 <= candidate's priority 1
2025-07-15 19:44:36,986 [grpc-default-executor-0] INFO  server.RaftServer$Division (RaftServerImpl.java:setRole(392)) - cd936fa6-15d5-4ef8-867a-01454d889292@group-EF23C56BE139: changes role from  FOLLOWER to FOLLOWER at term 0 for candidate:5109dbd0-88b3-4954-9428-6522438831f5
2025-07-15 19:44:36,987 [grpc-default-executor-0] INFO  impl.RoleInfo (RoleInfo.java:shutdownFollowerState(121)) - cd936fa6-15d5-4ef8-867a-01454d889292: shutdown cd936fa6-15d5-4ef8-867a-01454d889292@group-EF23C56BE139-FollowerState
2025-07-15 19:44:36,986 [grpc-default-executor-1] INFO  server.RaftServer$Division (RaftServerImpl.java:setRole(392)) - e96bea54-5ec2-4bc1-91ca-a280b757147d@group-EF23C56BE139: changes role from  FOLLOWER to FOLLOWER at term 0 for candidate:5109dbd0-88b3-4954-9428-6522438831f5
2025-07-15 19:44:36,987 [grpc-default-executor-1] INFO  impl.RoleInfo (RoleInfo.java:shutdownFollowerState(121)) - e96bea54-5ec2-4bc1-91ca-a280b757147d: shutdown e96bea54-5ec2-4bc1-91ca-a280b757147d@group-EF23C56BE139-FollowerState
2025-07-15 19:44:36,987 [cd936fa6-15d5-4ef8-867a-01454d889292@group-EF23C56BE139-FollowerState] INFO  impl.FollowerState (FollowerState.java:runImpl(170)) - cd936fa6-15d5-4ef8-867a-01454d889292@group-EF23C56BE139-FollowerState was interrupted
2025-07-15 19:44:36,987 [grpc-default-executor-0] INFO  impl.RoleInfo (RoleInfo.java:updateAndGet(148)) - cd936fa6-15d5-4ef8-867a-01454d889292: start cd936fa6-15d5-4ef8-867a-01454d889292@group-EF23C56BE139-FollowerState
2025-07-15 19:44:36,987 [e96bea54-5ec2-4bc1-91ca-a280b757147d@group-EF23C56BE139-FollowerState] INFO  impl.FollowerState (FollowerState.java:runImpl(170)) - e96bea54-5ec2-4bc1-91ca-a280b757147d@group-EF23C56BE139-FollowerState was interrupted
2025-07-15 19:44:36,987 [grpc-default-executor-1] INFO  impl.RoleInfo (RoleInfo.java:updateAndGet(148)) - e96bea54-5ec2-4bc1-91ca-a280b757147d: start e96bea54-5ec2-4bc1-91ca-a280b757147d@group-EF23C56BE139-FollowerState
2025-07-15 19:44:36,988 [grpc-default-executor-1] INFO  server.RaftServer$Division (RaftServerImpl.java:setFirstElection(576)) - e96bea54-5ec2-4bc1-91ca-a280b757147d@group-EF23C56BE139: set firstElectionSinceStartup to false for candidate:5109dbd0-88b3-4954-9428-6522438831f5
2025-07-15 19:44:36,989 [grpc-default-executor-0] INFO  server.RaftServer$Division (RaftServerImpl.java:requestVote(1455)) - cd936fa6-15d5-4ef8-867a-01454d889292@group-EF23C56BE139 replies to ELECTION vote request: 5109dbd0-88b3-4954-9428-6522438831f5<-cd936fa6-15d5-4ef8-867a-01454d889292#0:OK-t1-last:<INITIAL_VALUE>. Peer's state: cd936fa6-15d5-4ef8-867a-01454d889292@group-EF23C56BE139:t1, leader=null, voted=5109dbd0-88b3-4954-9428-6522438831f5, raftlog=Memoized:cd936fa6-15d5-4ef8-867a-01454d889292@group-EF23C56BE139-SegmentedRaftLog:OPENED:c-1:lastnull, conf=conf: {index: -1, cur=peers:[cd936fa6-15d5-4ef8-867a-01454d889292|127.0.0.1:15015, e96bea54-5ec2-4bc1-91ca-a280b757147d|127.0.0.1:15023, 5109dbd0-88b3-4954-9428-6522438831f5|127.0.0.1:15031]|listeners:[], old=null}
2025-07-15 19:44:36,989 [grpc-default-executor-1] INFO  server.RaftServer$Division (RaftServerImpl.java:requestVote(1455)) - e96bea54-5ec2-4bc1-91ca-a280b757147d@group-EF23C56BE139 replies to ELECTION vote request: 5109dbd0-88b3-4954-9428-6522438831f5<-e96bea54-5ec2-4bc1-91ca-a280b757147d#0:OK-t1-last:<INITIAL_VALUE>. Peer's state: e96bea54-5ec2-4bc1-91ca-a280b757147d@group-EF23C56BE139:t1, leader=null, voted=5109dbd0-88b3-4954-9428-6522438831f5, raftlog=Memoized:e96bea54-5ec2-4bc1-91ca-a280b757147d@group-EF23C56BE139-SegmentedRaftLog:OPENED:c-1:lastnull, conf=conf: {index: -1, cur=peers:[cd936fa6-15d5-4ef8-867a-01454d889292|127.0.0.1:15015, e96bea54-5ec2-4bc1-91ca-a280b757147d|127.0.0.1:15023, 5109dbd0-88b3-4954-9428-6522438831f5|127.0.0.1:15031]|listeners:[], old=null}
2025-07-15 19:44:36,990 [EventQueue-PipelineReportForOneReplicaPipelineSafeModeRule] INFO  safemode.SCMSafeModeManager (SCMSafeModeManager.java:validateSafeModeExitRules(138)) - AtleastOneDatanodeReportedRule rule is successfully validated
2025-07-15 19:44:36,991 [5109dbd0-88b3-4954-9428-6522438831f5@group-EF23C56BE139-LeaderElection8] INFO  impl.LeaderElection (LeaderElection.java:logAndReturn(206)) - 5109dbd0-88b3-4954-9428-6522438831f5@group-EF23C56BE139-LeaderElection8: ELECTION PASSED received 1 response(s) and 0 exception(s):
2025-07-15 19:44:36,991 [5109dbd0-88b3-4954-9428-6522438831f5@group-EF23C56BE139-LeaderElection8] INFO  impl.LeaderElection (LeaderElection.java:logAndReturn(210)) -   Response 0: 5109dbd0-88b3-4954-9428-6522438831f5<-cd936fa6-15d5-4ef8-867a-01454d889292#0:OK-t1-last:<INITIAL_VALUE>
2025-07-15 19:44:36,991 [5109dbd0-88b3-4954-9428-6522438831f5@group-EF23C56BE139-LeaderElection8] INFO  impl.LeaderElection (LeaderElection.java:askForVotes(450)) - 5109dbd0-88b3-4954-9428-6522438831f5@group-EF23C56BE139-LeaderElection8 ELECTION round 0: result PASSED
2025-07-15 19:44:36,991 [5109dbd0-88b3-4954-9428-6522438831f5@group-EF23C56BE139-LeaderElection8] INFO  impl.RoleInfo (RoleInfo.java:shutdownLeaderElection(141)) - 5109dbd0-88b3-4954-9428-6522438831f5: shutdown 5109dbd0-88b3-4954-9428-6522438831f5@group-EF23C56BE139-LeaderElection8
2025-07-15 19:44:36,991 [5109dbd0-88b3-4954-9428-6522438831f5@group-EF23C56BE139-LeaderElection8] INFO  server.RaftServer$Division (RaftServerImpl.java:setRole(392)) - 5109dbd0-88b3-4954-9428-6522438831f5@group-EF23C56BE139: changes role from CANDIDATE to LEADER at term 1 for changeToLeader
2025-07-15 19:44:36,991 [5109dbd0-88b3-4954-9428-6522438831f5@group-EF23C56BE139-LeaderElection8] INFO  server.RaftServerConfigKeys (ConfUtils.java:logFallback(69)) - raft.server.staging.timeout = 15600ms (fallback to raft.server.rpc.timeout.max)
2025-07-15 19:44:36,992 [5109dbd0-88b3-4954-9428-6522438831f5@group-EF23C56BE139-LeaderElection8] INFO  server.RaftServerConfigKeys (ConfUtils.java:logGet(62)) - raft.server.write.byte-limit = 1024 M (=1073741824) (custom)
2025-07-15 19:44:36,997 [262265f8-b6b0-4173-8249-6c4ff56c562c-PipelineCommandHandlerThread-0] INFO  server.RaftServer (RaftServerProxy.java:addNew(105)) - 262265f8-b6b0-4173-8249-6c4ff56c562c: addNew group-B1C99A0430AE:[262265f8-b6b0-4173-8249-6c4ff56c562c|127.0.0.1:15063] returns group-B1C99A0430AE:java.util.concurrent.CompletableFuture@122e6185[Not completed]
2025-07-15 19:44:36,998 [5109dbd0-88b3-4954-9428-6522438831f5@group-EF23C56BE139-LeaderElection8] INFO  server.RaftServerConfigKeys (ConfUtils.java:logGet(62)) - raft.server.log.appender.snapshot.chunk.size.max = 16MB (=16777216) (default)
2025-07-15 19:44:36,998 [5109dbd0-88b3-4954-9428-6522438831f5@group-EF23C56BE139-LeaderElection8] INFO  server.RaftServerConfigKeys (ConfUtils.java:logGet(62)) - raft.server.log.appender.buffer.byte-limit = 33554432 (custom)
2025-07-15 19:44:36,999 [5109dbd0-88b3-4954-9428-6522438831f5@group-EF23C56BE139-LeaderElection8] INFO  server.RaftServerConfigKeys (ConfUtils.java:logGet(62)) - raft.server.log.appender.buffer.element-limit = 1024 (custom)
2025-07-15 19:44:37,000 [262265f8-b6b0-4173-8249-6c4ff56c562c-groupManagement] INFO  server.RaftServer$Division (RaftServerImpl.java:<init>(268)) - 262265f8-b6b0-4173-8249-6c4ff56c562c: new RaftServerImpl for group-B1C99A0430AE:[262265f8-b6b0-4173-8249-6c4ff56c562c|127.0.0.1:15063] with ContainerStateMachine:uninitialized
2025-07-15 19:44:37,000 [262265f8-b6b0-4173-8249-6c4ff56c562c-groupManagement] INFO  server.RaftServer$Division (ServerState.java:<init>(114)) - 262265f8-b6b0-4173-8249-6c4ff56c562c@group-B1C99A0430AE: ConfigurationManager, init=conf: {index: -1, cur=peers:[262265f8-b6b0-4173-8249-6c4ff56c562c|127.0.0.1:15063]|listeners:[], old=null}, confs=<EMPTY_MAP>
2025-07-15 19:44:37,000 [5109dbd0-88b3-4954-9428-6522438831f5@group-EF23C56BE139-LeaderElection8] INFO  server.RaftServerConfigKeys (ConfUtils.java:logGet(62)) - raft.server.log.appender.wait-time.min = 0ms (custom)
2025-07-15 19:44:37,001 [5109dbd0-88b3-4954-9428-6522438831f5@group-EF23C56BE139-LeaderElection8] INFO  grpc.GrpcConfigKeys (ConfUtils.java:logGet(62)) - raft.grpc.server.leader.outstanding.appends.max = 8 (default)
2025-07-15 19:44:37,002 [5109dbd0-88b3-4954-9428-6522438831f5@group-EF23C56BE139-LeaderElection8] INFO  grpc.GrpcConfigKeys (ConfUtils.java:logGet(62)) - raft.grpc.server.install_snapshot.request.element-limit = 8 (default)
2025-07-15 19:44:37,002 [5109dbd0-88b3-4954-9428-6522438831f5@group-EF23C56BE139-LeaderElection8] INFO  grpc.GrpcConfigKeys (ConfUtils.java:logGet(62)) - raft.grpc.server.install_snapshot.request.timeout = 3000ms (default)
2025-07-15 19:44:37,002 [5109dbd0-88b3-4954-9428-6522438831f5@group-EF23C56BE139-LeaderElection8] INFO  grpc.GrpcConfigKeys (ConfUtils.java:logGet(62)) - raft.grpc.server.log-message.batch.duration = 5s (default)
2025-07-15 19:44:37,003 [EventQueue-PipelineReportForOneReplicaPipelineSafeModeRule] INFO  safemode.SCMSafeModeManager (SCMSafeModeManager.java:validateSafeModeExitRules(138)) - AtleastOneDatanodeReportedRule rule is successfully validated
2025-07-15 19:44:37,007 [262265f8-b6b0-4173-8249-6c4ff56c562c-groupManagement] INFO  server.RaftServerConfigKeys (ConfUtils.java:logGet(62)) - raft.server.storage.dir = [/home/runner/work/ozone/ozone/hadoop-ozone/integration-test/target/test-dir/MiniOzoneClusterImpl-7a2c00ee-15e1-4921-aa6b-526c14ec89d8/ozone-meta/datanode-7/ratis] (custom)
2025-07-15 19:44:37,007 [262265f8-b6b0-4173-8249-6c4ff56c562c-groupManagement] INFO  storage.RaftStorageDirectory (RaftStorageDirectoryImpl.java:analyzeStorage(138)) - The storage directory /home/runner/work/ozone/ozone/hadoop-ozone/integration-test/target/test-dir/MiniOzoneClusterImpl-7a2c00ee-15e1-4921-aa6b-526c14ec89d8/ozone-meta/datanode-7/ratis/2bb07160-c34f-4bd7-beaa-b1c99a0430ae does not exist. Creating ...
2025-07-15 19:44:37,008 [5109dbd0-88b3-4954-9428-6522438831f5@group-EF23C56BE139-LeaderElection8] INFO  server.RaftServerConfigKeys (ConfUtils.java:logGet(62)) - raft.server.log.appender.buffer.byte-limit = 33554432 (custom)
2025-07-15 19:44:37,009 [5109dbd0-88b3-4954-9428-6522438831f5@group-EF23C56BE139-LeaderElection8] INFO  impl.RoleInfo (RoleInfo.java:updateAndGet(148)) - 5109dbd0-88b3-4954-9428-6522438831f5: start 5109dbd0-88b3-4954-9428-6522438831f5@group-EF23C56BE139-LeaderStateImpl
2025-07-15 19:44:37,009 [5109dbd0-88b3-4954-9428-6522438831f5@group-EF23C56BE139-LeaderElection8] INFO  server.RaftServer$Division (RaftServerImpl.java:setFirstElection(576)) - 5109dbd0-88b3-4954-9428-6522438831f5@group-EF23C56BE139: set firstElectionSinceStartup to false for becomeLeader
2025-07-15 19:44:37,009 [5109dbd0-88b3-4954-9428-6522438831f5@group-EF23C56BE139-LeaderElection8] INFO  ratis.XceiverServerRatis (XceiverServerRatis.java:handleLeaderChangedNotification(944)) - Leader change notification received for group: group-EF23C56BE139 with new leaderId: 5109dbd0-88b3-4954-9428-6522438831f5
2025-07-15 19:44:37,009 [5109dbd0-88b3-4954-9428-6522438831f5@group-EF23C56BE139-LeaderElection8] INFO  server.RaftServer$Division (ServerState.java:setLeader(272)) - 5109dbd0-88b3-4954-9428-6522438831f5@group-EF23C56BE139: change Leader from null to 5109dbd0-88b3-4954-9428-6522438831f5 at term 1 for becomeLeader, leader elected after 1197ms
2025-07-15 19:44:37,010 [5109dbd0-88b3-4954-9428-6522438831f5@group-EF23C56BE139-LeaderElection8] INFO  segmented.SegmentedRaftLogWorker (SegmentedRaftLogWorker.java:startLogSegment(440)) - 5109dbd0-88b3-4954-9428-6522438831f5@group-EF23C56BE139-SegmentedRaftLogWorker: Starting segment from index:0
2025-07-15 19:44:37,010 [262265f8-b6b0-4173-8249-6c4ff56c562c-groupManagement] INFO  storage.RaftStorageDirectory (RaftStorageDirectoryImpl.java:tryLock(229)) - Lock on /home/runner/work/ozone/ozone/hadoop-ozone/integration-test/target/test-dir/MiniOzoneClusterImpl-7a2c00ee-15e1-4921-aa6b-526c14ec89d8/ozone-meta/datanode-7/ratis/2bb07160-c34f-4bd7-beaa-b1c99a0430ae/in_use.lock acquired by nodename 18953@localhost
2025-07-15 19:44:37,011 [5109dbd0-88b3-4954-9428-6522438831f5@group-EF23C56BE139-SegmentedRaftLogWorker] INFO  segmented.BufferedWriteChannel (BufferedWriteChannel.java:open(61)) - open log_inprogress_0 at position 0
2025-07-15 19:44:37,011 [5109dbd0-88b3-4954-9428-6522438831f5@group-EF23C56BE139-LeaderElection8] INFO  server.RaftServer$Division (ServerState.java:setRaftConf(386)) - 5109dbd0-88b3-4954-9428-6522438831f5@group-EF23C56BE139: set configuration conf: {index: 0, cur=peers:[cd936fa6-15d5-4ef8-867a-01454d889292|127.0.0.1:15015, e96bea54-5ec2-4bc1-91ca-a280b757147d|127.0.0.1:15023, 5109dbd0-88b3-4954-9428-6522438831f5|127.0.0.1:15031]|listeners:[], old=null}
2025-07-15 19:44:37,014 [262265f8-b6b0-4173-8249-6c4ff56c562c-groupManagement] INFO  storage.RaftStorage (RaftStorageImpl.java:format(98)) - Storage directory /home/runner/work/ozone/ozone/hadoop-ozone/integration-test/target/test-dir/MiniOzoneClusterImpl-7a2c00ee-15e1-4921-aa6b-526c14ec89d8/ozone-meta/datanode-7/ratis/2bb07160-c34f-4bd7-beaa-b1c99a0430ae has been successfully formatted.
2025-07-15 19:44:37,014 [262265f8-b6b0-4173-8249-6c4ff56c562c-groupManagement] INFO  ratis.ContainerStateMachine (ContainerStateMachine.java:initialize(339)) - 262265f8-b6b0-4173-8249-6c4ff56c562c: initialize group-B1C99A0430AE
2025-07-15 19:44:37,014 [262265f8-b6b0-4173-8249-6c4ff56c562c-groupManagement] INFO  ratis.ContainerStateMachine (ContainerStateMachine.java:loadSnapshot(347)) - group-B1C99A0430AE: The snapshot info is null. Setting the last applied index to:<INITIAL_VALUE>
2025-07-15 19:44:37,014 [262265f8-b6b0-4173-8249-6c4ff56c562c-groupManagement] INFO  server.RaftServerConfigKeys (ConfUtils.java:logGet(62)) - raft.server.log.appender.buffer.byte-limit = 33554432 (custom)
2025-07-15 19:44:37,017 [EventQueue-PipelineReportForOneReplicaPipelineSafeModeRule] INFO  safemode.SCMSafeModeManager (SCMSafeModeManager.java:validateSafeModeExitRules(138)) - AtleastOneDatanodeReportedRule rule is successfully validated
2025-07-15 19:44:37,017 [262265f8-b6b0-4173-8249-6c4ff56c562c-groupManagement] INFO  server.RaftServerConfigKeys (ConfUtils.java:logGet(62)) - raft.server.log.segment.size.max = 67108864 (custom)
2025-07-15 19:44:37,018 [262265f8-b6b0-4173-8249-6c4ff56c562c-groupManagement] INFO  server.RaftServerConfigKeys (ConfUtils.java:logGet(62)) - raft.server.log.appender.buffer.byte-limit = 33554432 (custom)
2025-07-15 19:44:37,019 [EventQueue-PipelineReportForOneReplicaPipelineSafeModeRule] INFO  safemode.SCMSafeModeManager (SCMSafeModeManager.java:validateSafeModeExitRules(138)) - AtleastOneDatanodeReportedRule rule is successfully validated
2025-07-15 19:44:37,020 [EventQueue-PipelineReportForOneReplicaPipelineSafeModeRule] INFO  safemode.SCMSafeModeManager (SCMSafeModeManager.java:validateSafeModeExitRules(138)) - AtleastOneDatanodeReportedRule rule is successfully validated
2025-07-15 19:44:37,021 [262265f8-b6b0-4173-8249-6c4ff56c562c-groupManagement] INFO  util.AwaitToRun (AwaitToRun.java:start(81)) - Thread[#1322,262265f8-b6b0-4173-8249-6c4ff56c562c@group-B1C99A0430AE-cacheEviction-AwaitToRun,5,main] started
2025-07-15 19:44:37,021 [262265f8-b6b0-4173-8249-6c4ff56c562c-groupManagement] INFO  segmented.SegmentedRaftLogWorker (SegmentedRaftLogWorker.java:<init>(190)) - new 262265f8-b6b0-4173-8249-6c4ff56c562c@group-B1C99A0430AE-SegmentedRaftLogWorker for RaftStorageImpl:Storage Directory /home/runner/work/ozone/ozone/hadoop-ozone/integration-test/target/test-dir/MiniOzoneClusterImpl-7a2c00ee-15e1-4921-aa6b-526c14ec89d8/ozone-meta/datanode-7/ratis/2bb07160-c34f-4bd7-beaa-b1c99a0430ae
2025-07-15 19:44:37,021 [262265f8-b6b0-4173-8249-6c4ff56c562c-groupManagement] INFO  server.RaftServerConfigKeys (ConfUtils.java:logGet(62)) - raft.server.log.queue.byte-limit = 4294967296 (custom)
2025-07-15 19:44:37,021 [262265f8-b6b0-4173-8249-6c4ff56c562c-groupManagement] INFO  server.RaftServerConfigKeys (ConfUtils.java:logGet(62)) - raft.server.log.segment.size.max = 67108864 (custom)
2025-07-15 19:44:37,021 [262265f8-b6b0-4173-8249-6c4ff56c562c-groupManagement] INFO  server.RaftServerConfigKeys (ConfUtils.java:logGet(62)) - raft.server.log.preallocated.size = 4194304 (custom)
2025-07-15 19:44:37,021 [262265f8-b6b0-4173-8249-6c4ff56c562c-groupManagement] INFO  server.RaftServerConfigKeys (ConfUtils.java:logGet(62)) - raft.server.log.write.buffer.size = 33554440 (custom)
2025-07-15 19:44:37,025 [5109dbd0-88b3-4954-9428-6522438831f5@group-EF23C56BE139-SegmentedRaftLogWorker] INFO  segmented.SegmentedRaftLogWorker (SegmentedRaftLogWorker.java:execute(647)) - 5109dbd0-88b3-4954-9428-6522438831f5@group-EF23C56BE139-SegmentedRaftLogWorker: created new log segment /home/runner/work/ozone/ozone/hadoop-ozone/integration-test/target/test-dir/MiniOzoneClusterImpl-7a2c00ee-15e1-4921-aa6b-526c14ec89d8/ozone-meta/datanode-3/ratis/99512eb3-7304-45c7-bdfb-ef23c56be139/current/log_inprogress_0
2025-07-15 19:44:37,027 [5b76e34f-336a-4d5f-b46b-52fa87015b9f@group-526C14EC89D8-StateMachineUpdater] INFO  safemode.SCMSafeModeManager (SCMSafeModeManager.java:validateSafeModeExitRules(138)) - DataNodeSafeModeRule rule is successfully validated
2025-07-15 19:44:37,027 [5b76e34f-336a-4d5f-b46b-52fa87015b9f@group-526C14EC89D8-StateMachineUpdater] INFO  safemode.SCMSafeModeManager (SCMSafeModeManager.java:validateSafeModeExitRules(138)) - RatisContainerSafeModeRule rule is successfully validated
2025-07-15 19:44:37,027 [5b76e34f-336a-4d5f-b46b-52fa87015b9f@group-526C14EC89D8-StateMachineUpdater] INFO  safemode.HealthyPipelineSafeModeRule (HealthyPipelineSafeModeRule.java:initializeRule(228)) - Refreshed total pipeline count is 1, healthy pipeline threshold count is 1
2025-07-15 19:44:37,027 [5b76e34f-336a-4d5f-b46b-52fa87015b9f@group-526C14EC89D8-StateMachineUpdater] INFO  safemode.SCMSafeModeManager (SCMSafeModeManager.java:validateSafeModeExitRules(138)) - ECContainerSafeModeRule rule is successfully validated
2025-07-15 19:44:37,027 [5b76e34f-336a-4d5f-b46b-52fa87015b9f@group-526C14EC89D8-StateMachineUpdater] INFO  safemode.SCMSafeModeManager (SCMSafeModeManager.java:validateSafeModeExitRules(138)) - AtleastOneDatanodeReportedRule rule is successfully validated
2025-07-15 19:44:37,028 [EventQueue-PipelineReportForPipelineReportHandler] INFO  pipeline.PipelineReportHandler (PipelineReportHandler.java:processPipelineReport(134)) - Opened pipeline Pipeline-99512eb3-7304-45c7-bdfb-ef23c56be139
2025-07-15 19:44:37,028 [EventQueue-OpenPipelineForHealthyPipelineSafeModeRule] INFO  safemode.SCMSafeModeManager (HealthyPipelineSafeModeRule.java:process(196)) - SCM in safe mode. Healthy pipelines reported count is 1, required healthy pipeline reported count is 1
2025-07-15 19:44:37,028 [EventQueue-OpenPipelineForHealthyPipelineSafeModeRule] INFO  safemode.SCMSafeModeManager (SCMSafeModeManager.java:validateSafeModeExitRules(138)) - HealthyPipelineSafeModeRule rule is successfully validated
2025-07-15 19:44:37,028 [EventQueue-OpenPipelineForHealthyPipelineSafeModeRule] INFO  safemode.SCMSafeModeManager (SCMSafeModeManager.java:validateSafeModeExitRules(158)) - ScmSafeModeManager, all rules are successfully validated
2025-07-15 19:44:37,029 [EventQueue-OpenPipelineForHealthyPipelineSafeModeRule] INFO  safemode.SCMSafeModeManager (SCMSafeModeManager.java:validateSafeModeExitRules(159)) - SCM exiting safe mode.
2025-07-15 19:44:37,029 [EventQueue-OpenPipelineForHealthyPipelineSafeModeRule] INFO  ha.SCMContext (SCMContext.java:updateSafeModeStatus(224)) - Update SafeModeStatus from SafeModeStatus{safeModeStatus=true, preCheckPassed=true} to SafeModeStatus{safeModeStatus=false, preCheckPassed=true}.
2025-07-15 19:44:37,029 [EventQueue-OpenPipelineForHealthyPipelineSafeModeRule] INFO  BackgroundPipelineScrubber (BackgroundSCMService.java:notifyStatusChanged(78)) - Service BackgroundPipelineScrubber transitions to RUNNING.
2025-07-15 19:44:37,029 [EventQueue-OpenPipelineForHealthyPipelineSafeModeRule] INFO  ExpiredContainerReplicaOpScrubber (BackgroundSCMService.java:notifyStatusChanged(78)) - Service ExpiredContainerReplicaOpScrubber transitions to RUNNING.
2025-07-15 19:44:37,029 [EventQueue-OpenPipelineForHealthyPipelineSafeModeRule] INFO  block.SCMBlockDeletingService (SCMBlockDeletingService.java:notifyStatusChanged(265)) - notifyStatusChanged:RUNNING
2025-07-15 19:44:37,029 [EventQueue-OpenPipelineForHealthyPipelineSafeModeRule] INFO  replication.ReplicationManager (ReplicationManager.java:notifyStatusChanged(1387)) - Service ReplicationManager transitions to RUNNING.
2025-07-15 19:44:37,030 [main] INFO  ozone.MiniOzoneClusterImpl (MiniOzoneClusterImpl.java:lambda$waitForClusterToBeReady$0(173)) - Nodes are ready. Got 10 of 10 DN Heartbeats.
2025-07-15 19:44:37,031 [main] INFO  ozone.MiniOzoneClusterImpl (MiniOzoneClusterImpl.java:lambda$waitForClusterToBeReady$0(176)) - Cluster exits safe mode
2025-07-15 19:44:37,032 [main] INFO  ozone.MiniOzoneClusterImpl (MiniOzoneClusterImpl.java:lambda$waitForClusterToBeReady$0(178)) - SCM became leader
2025-07-15 19:44:37,035 [262265f8-b6b0-4173-8249-6c4ff56c562c-groupManagement] INFO  server.RaftServerConfigKeys (ConfUtils.java:logGet(62)) - raft.server.log.appender.buffer.byte-limit = 33554432 (custom)
2025-07-15 19:44:37,035 [262265f8-b6b0-4173-8249-6c4ff56c562c-groupManagement] INFO  segmented.SegmentedRaftLogWorker (SegmentedRaftLogWorker.java:lambda$new$0(141)) - 262265f8-b6b0-4173-8249-6c4ff56c562c@group-B1C99A0430AE-SegmentedRaftLogWorker: flushIndex: setUnconditionally 0 -> -1
2025-07-15 19:44:37,035 [262265f8-b6b0-4173-8249-6c4ff56c562c-groupManagement] INFO  segmented.SegmentedRaftLogWorker (SegmentedRaftLogWorker.java:lambda$new$0(141)) - 262265f8-b6b0-4173-8249-6c4ff56c562c@group-B1C99A0430AE-SegmentedRaftLogWorker: safeCacheEvictIndex: setUnconditionally 0 -> -1
2025-07-15 19:44:37,036 [262265f8-b6b0-4173-8249-6c4ff56c562c-groupManagement] INFO  server.RaftServer$Division (RaftServerImpl.java:start(405)) - 262265f8-b6b0-4173-8249-6c4ff56c562c@group-B1C99A0430AE: start as a follower, conf=conf: {index: -1, cur=peers:[262265f8-b6b0-4173-8249-6c4ff56c562c|127.0.0.1:15063]|listeners:[], old=null}
2025-07-15 19:44:37,037 [262265f8-b6b0-4173-8249-6c4ff56c562c-groupManagement] INFO  server.RaftServer$Division (RaftServerImpl.java:setRole(392)) - 262265f8-b6b0-4173-8249-6c4ff56c562c@group-B1C99A0430AE: changes role from      null to FOLLOWER at term 0 for startAsFollower
2025-07-15 19:44:37,037 [262265f8-b6b0-4173-8249-6c4ff56c562c-groupManagement] INFO  impl.RoleInfo (RoleInfo.java:updateAndGet(148)) - 262265f8-b6b0-4173-8249-6c4ff56c562c: start 262265f8-b6b0-4173-8249-6c4ff56c562c@group-B1C99A0430AE-FollowerState
2025-07-15 19:44:37,038 [grpc-default-executor-1] INFO  ratis.XceiverServerRatis (XceiverServerRatis.java:handleLeaderChangedNotification(944)) - Leader change notification received for group: group-EF23C56BE139 with new leaderId: 5109dbd0-88b3-4954-9428-6522438831f5
2025-07-15 19:44:37,039 [grpc-default-executor-1] INFO  server.RaftServer$Division (ServerState.java:setLeader(272)) - cd936fa6-15d5-4ef8-867a-01454d889292@group-EF23C56BE139: change Leader from null to 5109dbd0-88b3-4954-9428-6522438831f5 at term 1 for appendEntries, leader elected after 1549ms
2025-07-15 19:44:37,039 [grpc-default-executor-4] INFO  ratis.XceiverServerRatis (XceiverServerRatis.java:handleLeaderChangedNotification(944)) - Leader change notification received for group: group-EF23C56BE139 with new leaderId: 5109dbd0-88b3-4954-9428-6522438831f5
2025-07-15 19:44:37,039 [grpc-default-executor-4] INFO  server.RaftServer$Division (ServerState.java:setLeader(272)) - e96bea54-5ec2-4bc1-91ca-a280b757147d@group-EF23C56BE139: change Leader from null to 5109dbd0-88b3-4954-9428-6522438831f5 at term 1 for appendEntries, leader elected after 1324ms
2025-07-15 19:44:37,040 [262265f8-b6b0-4173-8249-6c4ff56c562c-groupManagement] INFO  util.JmxRegister (JmxRegister.java:tryRegister(44)) - Successfully registered JMX Bean with object name Ratis:service=RaftServer,group=group-B1C99A0430AE,id=262265f8-b6b0-4173-8249-6c4ff56c562c
2025-07-15 19:44:37,040 [262265f8-b6b0-4173-8249-6c4ff56c562c-groupManagement] INFO  util.JmxRegister (JmxRegister.java:register(58)) - register mxBean class org.apache.ratis.server.impl.RaftServerJmxAdapter as Ratis:service=RaftServer,group=group-B1C99A0430AE,id=262265f8-b6b0-4173-8249-6c4ff56c562c
2025-07-15 19:44:37,042 [EventQueue-PipelineReportForPipelineReportHandler] INFO  pipeline.PipelineReportHandler (PipelineReportHandler.java:processPipelineReport(134)) - Opened pipeline Pipeline-2bb07160-c34f-4bd7-beaa-b1c99a0430ae
2025-07-15 19:44:37,043 [EventQueue-OpenPipelineForHealthyPipelineSafeModeRule] WARN  balancer.ContainerBalancer (ContainerBalancer.java:shouldRun(136)) - Could not find persisted configuration for ContainerBalancer when checking if ContainerBalancer should run. ContainerBalancer should not run now.
2025-07-15 19:44:37,043 [EventQueue-OpenPipelineForHealthyPipelineSafeModeRule] INFO  SCMHATransactionMonitor (BackgroundSCMService.java:notifyStatusChanged(78)) - Service SCMHATransactionMonitor transitions to RUNNING.
2025-07-15 19:44:37,048 [262265f8-b6b0-4173-8249-6c4ff56c562c-groupManagement] INFO  server.RaftServer$Division (RaftServerImpl.java:start(419)) - 262265f8-b6b0-4173-8249-6c4ff56c562c@group-B1C99A0430AE: Successfully started.
2025-07-15 19:44:37,048 [grpc-default-executor-4] INFO  server.RaftServer$Division (ServerState.java:setRaftConf(386)) - e96bea54-5ec2-4bc1-91ca-a280b757147d@group-EF23C56BE139: set configuration conf: {index: 0, cur=peers:[cd936fa6-15d5-4ef8-867a-01454d889292|127.0.0.1:15015, e96bea54-5ec2-4bc1-91ca-a280b757147d|127.0.0.1:15023, 5109dbd0-88b3-4954-9428-6522438831f5|127.0.0.1:15031]|listeners:[], old=null}
2025-07-15 19:44:37,048 [5109dbd0-88b3-4954-9428-6522438831f5@group-6E557299AE72-FollowerState] INFO  impl.FollowerState (FollowerState.java:runImpl(161)) - 5109dbd0-88b3-4954-9428-6522438831f5@group-6E557299AE72-FollowerState: change to CANDIDATE, lastRpcElapsedTime:1084883301ns, electionTimeout:1084ms
2025-07-15 19:44:37,050 [5109dbd0-88b3-4954-9428-6522438831f5@group-6E557299AE72-FollowerState] INFO  impl.RoleInfo (RoleInfo.java:shutdownFollowerState(121)) - 5109dbd0-88b3-4954-9428-6522438831f5: shutdown 5109dbd0-88b3-4954-9428-6522438831f5@group-6E557299AE72-FollowerState
2025-07-15 19:44:37,050 [5109dbd0-88b3-4954-9428-6522438831f5@group-6E557299AE72-FollowerState] INFO  server.RaftServer$Division (RaftServerImpl.java:setRole(392)) - 5109dbd0-88b3-4954-9428-6522438831f5@group-6E557299AE72: changes role from  FOLLOWER to CANDIDATE at term 0 for changeToCandidate
2025-07-15 19:44:37,051 [5109dbd0-88b3-4954-9428-6522438831f5@group-6E557299AE72-FollowerState] INFO  impl.RoleInfo (RoleInfo.java:updateAndGet(148)) - 5109dbd0-88b3-4954-9428-6522438831f5: start 5109dbd0-88b3-4954-9428-6522438831f5@group-6E557299AE72-LeaderElection9
2025-07-15 19:44:37,050 [262265f8-b6b0-4173-8249-6c4ff56c562c-PipelineCommandHandlerThread-0] INFO  ratis.XceiverServerRatis (XceiverServerRatis.java:addGroup(843)) - Created group Pipeline-2bb07160-c34f-4bd7-beaa-b1c99a0430ae
2025-07-15 19:44:37,051 [262265f8-b6b0-4173-8249-6c4ff56c562c-PipelineCommandHandlerThread-0] INFO  commandhandler.CreatePipelineCommandHandler (CreatePipelineCommandHandler.java:lambda$handle$2(127)) - Created Pipeline RATIS ONE Pipeline-2bb07160-c34f-4bd7-beaa-b1c99a0430ae.
2025-07-15 19:44:37,052 [262265f8-b6b0-4173-8249-6c4ff56c562c-PipelineCommandHandlerThread-0] INFO  server.RaftServer (RaftServerProxy.java:addNew(105)) - 262265f8-b6b0-4173-8249-6c4ff56c562c: addNew group-D4D9E1AFA3FC:[262265f8-b6b0-4173-8249-6c4ff56c562c|127.0.0.1:15063, 73892b45-0ad3-4392-8d09-ab2d1cd7ede4|127.0.0.1:15071, edffad61-d5a0-4c2f-abd3-1d848b9782f9|127.0.0.1:15079] returns group-D4D9E1AFA3FC:java.util.concurrent.CompletableFuture@6bf06a8a[Not completed]
2025-07-15 19:44:37,051 [grpc-default-executor-1] INFO  server.RaftServer$Division (ServerState.java:setRaftConf(386)) - cd936fa6-15d5-4ef8-867a-01454d889292@group-EF23C56BE139: set configuration conf: {index: 0, cur=peers:[cd936fa6-15d5-4ef8-867a-01454d889292|127.0.0.1:15015, e96bea54-5ec2-4bc1-91ca-a280b757147d|127.0.0.1:15023, 5109dbd0-88b3-4954-9428-6522438831f5|127.0.0.1:15031]|listeners:[], old=null}
2025-07-15 19:44:37,055 [grpc-default-executor-1] INFO  segmented.SegmentedRaftLogWorker (SegmentedRaftLogWorker.java:startLogSegment(440)) - cd936fa6-15d5-4ef8-867a-01454d889292@group-EF23C56BE139-SegmentedRaftLogWorker: Starting segment from index:0
2025-07-15 19:44:37,055 [262265f8-b6b0-4173-8249-6c4ff56c562c-groupManagement] INFO  server.RaftServer$Division (RaftServerImpl.java:<init>(268)) - 262265f8-b6b0-4173-8249-6c4ff56c562c: new RaftServerImpl for group-D4D9E1AFA3FC:[262265f8-b6b0-4173-8249-6c4ff56c562c|127.0.0.1:15063, 73892b45-0ad3-4392-8d09-ab2d1cd7ede4|127.0.0.1:15071, edffad61-d5a0-4c2f-abd3-1d848b9782f9|127.0.0.1:15079] with ContainerStateMachine:uninitialized
2025-07-15 19:44:37,055 [grpc-default-executor-4] INFO  segmented.SegmentedRaftLogWorker (SegmentedRaftLogWorker.java:startLogSegment(440)) - e96bea54-5ec2-4bc1-91ca-a280b757147d@group-EF23C56BE139-SegmentedRaftLogWorker: Starting segment from index:0
2025-07-15 19:44:37,055 [262265f8-b6b0-4173-8249-6c4ff56c562c-groupManagement] INFO  server.RaftServer$Division (ServerState.java:<init>(114)) - 262265f8-b6b0-4173-8249-6c4ff56c562c@group-D4D9E1AFA3FC: ConfigurationManager, init=conf: {index: -1, cur=peers:[262265f8-b6b0-4173-8249-6c4ff56c562c|127.0.0.1:15063, 73892b45-0ad3-4392-8d09-ab2d1cd7ede4|127.0.0.1:15071, edffad61-d5a0-4c2f-abd3-1d848b9782f9|127.0.0.1:15079]|listeners:[], old=null}, confs=<EMPTY_MAP>
2025-07-15 19:44:37,057 [5109dbd0-88b3-4954-9428-6522438831f5@group-6E557299AE72-LeaderElection9] INFO  impl.LeaderElection (LeaderElection.java:askForVotes(448)) - 5109dbd0-88b3-4954-9428-6522438831f5@group-6E557299AE72-LeaderElection9 PRE_VOTE round 0: submit vote requests at term 0 for conf: {index: -1, cur=peers:[5109dbd0-88b3-4954-9428-6522438831f5|127.0.0.1:15031]|listeners:[], old=null}
2025-07-15 19:44:37,057 [5109dbd0-88b3-4954-9428-6522438831f5@group-6E557299AE72-LeaderElection9] INFO  impl.LeaderElection (LeaderElection.java:askForVotes(450)) - 5109dbd0-88b3-4954-9428-6522438831f5@group-6E557299AE72-LeaderElection9 PRE_VOTE round 0: result PASSED (term=0)
2025-07-15 19:44:37,057 [e96bea54-5ec2-4bc1-91ca-a280b757147d@group-EF23C56BE139-SegmentedRaftLogWorker] INFO  segmented.BufferedWriteChannel (BufferedWriteChannel.java:open(61)) - open log_inprogress_0 at position 0
2025-07-15 19:44:37,058 [cd936fa6-15d5-4ef8-867a-01454d889292@group-EF23C56BE139-SegmentedRaftLogWorker] INFO  segmented.BufferedWriteChannel (BufferedWriteChannel.java:open(61)) - open log_inprogress_0 at position 0
2025-07-15 19:44:37,060 [5109dbd0-88b3-4954-9428-6522438831f5@group-6E557299AE72-LeaderElection9] INFO  impl.LeaderElection (LeaderElection.java:askForVotes(448)) - 5109dbd0-88b3-4954-9428-6522438831f5@group-6E557299AE72-LeaderElection9 ELECTION round 0: submit vote requests at term 1 for conf: {index: -1, cur=peers:[5109dbd0-88b3-4954-9428-6522438831f5|127.0.0.1:15031]|listeners:[], old=null}
2025-07-15 19:44:37,060 [5109dbd0-88b3-4954-9428-6522438831f5@group-6E557299AE72-LeaderElection9] INFO  impl.LeaderElection (LeaderElection.java:askForVotes(450)) - 5109dbd0-88b3-4954-9428-6522438831f5@group-6E557299AE72-LeaderElection9 ELECTION round 0: result PASSED (term=1)
2025-07-15 19:44:37,060 [5109dbd0-88b3-4954-9428-6522438831f5@group-6E557299AE72-LeaderElection9] INFO  impl.RoleInfo (RoleInfo.java:shutdownLeaderElection(141)) - 5109dbd0-88b3-4954-9428-6522438831f5: shutdown 5109dbd0-88b3-4954-9428-6522438831f5@group-6E557299AE72-LeaderElection9
2025-07-15 19:44:37,060 [5109dbd0-88b3-4954-9428-6522438831f5@group-6E557299AE72-LeaderElection9] INFO  server.RaftServer$Division (RaftServerImpl.java:setRole(392)) - 5109dbd0-88b3-4954-9428-6522438831f5@group-6E557299AE72: changes role from CANDIDATE to LEADER at term 1 for changeToLeader
2025-07-15 19:44:37,060 [5109dbd0-88b3-4954-9428-6522438831f5@group-6E557299AE72-LeaderElection9] INFO  server.RaftServerConfigKeys (ConfUtils.java:logFallback(69)) - raft.server.staging.timeout = 15600ms (fallback to raft.server.rpc.timeout.max)
2025-07-15 19:44:37,061 [5109dbd0-88b3-4954-9428-6522438831f5@group-6E557299AE72-LeaderElection9] INFO  server.RaftServerConfigKeys (ConfUtils.java:logGet(62)) - raft.server.write.byte-limit = 1024 M (=1073741824) (custom)
2025-07-15 19:44:37,065 [5109dbd0-88b3-4954-9428-6522438831f5@group-6E557299AE72-LeaderElection9] INFO  impl.RoleInfo (RoleInfo.java:updateAndGet(148)) - 5109dbd0-88b3-4954-9428-6522438831f5: start 5109dbd0-88b3-4954-9428-6522438831f5@group-6E557299AE72-LeaderStateImpl
2025-07-15 19:44:37,065 [5109dbd0-88b3-4954-9428-6522438831f5@group-6E557299AE72-LeaderElection9] INFO  server.RaftServer$Division (RaftServerImpl.java:setFirstElection(576)) - 5109dbd0-88b3-4954-9428-6522438831f5@group-6E557299AE72: set firstElectionSinceStartup to false for becomeLeader
2025-07-15 19:44:37,065 [5109dbd0-88b3-4954-9428-6522438831f5@group-6E557299AE72-LeaderElection9] INFO  ratis.XceiverServerRatis (XceiverServerRatis.java:handleLeaderChangedNotification(944)) - Leader change notification received for group: group-6E557299AE72 with new leaderId: 5109dbd0-88b3-4954-9428-6522438831f5
2025-07-15 19:44:37,066 [5109dbd0-88b3-4954-9428-6522438831f5@group-6E557299AE72-LeaderElection9] INFO  server.RaftServer$Division (ServerState.java:setLeader(272)) - 5109dbd0-88b3-4954-9428-6522438831f5@group-6E557299AE72: change Leader from null to 5109dbd0-88b3-4954-9428-6522438831f5 at term 1 for becomeLeader, leader elected after 1154ms
2025-07-15 19:44:37,066 [5109dbd0-88b3-4954-9428-6522438831f5@group-6E557299AE72-LeaderElection9] INFO  segmented.SegmentedRaftLogWorker (SegmentedRaftLogWorker.java:startLogSegment(440)) - 5109dbd0-88b3-4954-9428-6522438831f5@group-6E557299AE72-SegmentedRaftLogWorker: Starting segment from index:0
2025-07-15 19:44:37,066 [5109dbd0-88b3-4954-9428-6522438831f5@group-6E557299AE72-LeaderElection9] INFO  server.RaftServer$Division (ServerState.java:setRaftConf(386)) - 5109dbd0-88b3-4954-9428-6522438831f5@group-6E557299AE72: set configuration conf: {index: 0, cur=peers:[5109dbd0-88b3-4954-9428-6522438831f5|127.0.0.1:15031]|listeners:[], old=null}
2025-07-15 19:44:37,067 [5109dbd0-88b3-4954-9428-6522438831f5@group-6E557299AE72-SegmentedRaftLogWorker] INFO  segmented.BufferedWriteChannel (BufferedWriteChannel.java:open(61)) - open log_inprogress_0 at position 0
2025-07-15 19:44:37,068 [262265f8-b6b0-4173-8249-6c4ff56c562c-groupManagement] INFO  storage.RaftStorageDirectory (RaftStorageDirectoryImpl.java:analyzeStorage(138)) - The storage directory /home/runner/work/ozone/ozone/hadoop-ozone/integration-test/target/test-dir/MiniOzoneClusterImpl-7a2c00ee-15e1-4921-aa6b-526c14ec89d8/ozone-meta/datanode-7/ratis/f182326e-4933-482b-ba7e-d4d9e1afa3fc does not exist. Creating ...
2025-07-15 19:44:37,071 [e96bea54-5ec2-4bc1-91ca-a280b757147d@group-EF23C56BE139-SegmentedRaftLogWorker] INFO  segmented.SegmentedRaftLogWorker (SegmentedRaftLogWorker.java:execute(647)) - e96bea54-5ec2-4bc1-91ca-a280b757147d@group-EF23C56BE139-SegmentedRaftLogWorker: created new log segment /home/runner/work/ozone/ozone/hadoop-ozone/integration-test/target/test-dir/MiniOzoneClusterImpl-7a2c00ee-15e1-4921-aa6b-526c14ec89d8/ozone-meta/datanode-2/ratis/99512eb3-7304-45c7-bdfb-ef23c56be139/current/log_inprogress_0
2025-07-15 19:44:37,079 [262265f8-b6b0-4173-8249-6c4ff56c562c-groupManagement] INFO  storage.RaftStorageDirectory (RaftStorageDirectoryImpl.java:tryLock(229)) - Lock on /home/runner/work/ozone/ozone/hadoop-ozone/integration-test/target/test-dir/MiniOzoneClusterImpl-7a2c00ee-15e1-4921-aa6b-526c14ec89d8/ozone-meta/datanode-7/ratis/f182326e-4933-482b-ba7e-d4d9e1afa3fc/in_use.lock acquired by nodename 18953@localhost
2025-07-15 19:44:37,082 [cd936fa6-15d5-4ef8-867a-01454d889292@group-EF23C56BE139-SegmentedRaftLogWorker] INFO  segmented.SegmentedRaftLogWorker (SegmentedRaftLogWorker.java:execute(647)) - cd936fa6-15d5-4ef8-867a-01454d889292@group-EF23C56BE139-SegmentedRaftLogWorker: created new log segment /home/runner/work/ozone/ozone/hadoop-ozone/integration-test/target/test-dir/MiniOzoneClusterImpl-7a2c00ee-15e1-4921-aa6b-526c14ec89d8/ozone-meta/datanode-1/ratis/99512eb3-7304-45c7-bdfb-ef23c56be139/current/log_inprogress_0
2025-07-15 19:44:37,084 [262265f8-b6b0-4173-8249-6c4ff56c562c-groupManagement] INFO  storage.RaftStorage (RaftStorageImpl.java:format(98)) - Storage directory /home/runner/work/ozone/ozone/hadoop-ozone/integration-test/target/test-dir/MiniOzoneClusterImpl-7a2c00ee-15e1-4921-aa6b-526c14ec89d8/ozone-meta/datanode-7/ratis/f182326e-4933-482b-ba7e-d4d9e1afa3fc has been successfully formatted.
2025-07-15 19:44:37,085 [5109dbd0-88b3-4954-9428-6522438831f5@group-EF23C56BE139-StateMachineUpdater] INFO  server.RaftServer$Division (LeaderStateImpl.java:checkStartIndex(309)) - Leader 5109dbd0-88b3-4954-9428-6522438831f5@group-EF23C56BE139-LeaderStateImpl is ready since appliedIndex == startIndex == 0
2025-07-15 19:44:37,085 [5109dbd0-88b3-4954-9428-6522438831f5@group-EF23C56BE139-StateMachineUpdater] INFO  ratis.ContainerStateMachine (ContainerStateMachine.java:takeSnapshot(427)) - group-EF23C56BE139: Taking a snapshot at:(t:1, i:0) file /home/runner/work/ozone/ozone/hadoop-ozone/integration-test/target/test-dir/MiniOzoneClusterImpl-7a2c00ee-15e1-4921-aa6b-526c14ec89d8/ozone-meta/datanode-3/ratis/99512eb3-7304-45c7-bdfb-ef23c56be139/sm/snapshot.1_0
2025-07-15 19:44:37,085 [5109dbd0-88b3-4954-9428-6522438831f5@group-6E557299AE72-SegmentedRaftLogWorker] INFO  segmented.SegmentedRaftLogWorker (SegmentedRaftLogWorker.java:execute(647)) - 5109dbd0-88b3-4954-9428-6522438831f5@group-6E557299AE72-SegmentedRaftLogWorker: created new log segment /home/runner/work/ozone/ozone/hadoop-ozone/integration-test/target/test-dir/MiniOzoneClusterImpl-7a2c00ee-15e1-4921-aa6b-526c14ec89d8/ozone-meta/datanode-3/ratis/e1e3f51c-eee6-43c8-a25e-6e557299ae72/current/log_inprogress_0
2025-07-15 19:44:37,085 [262265f8-b6b0-4173-8249-6c4ff56c562c-groupManagement] INFO  ratis.ContainerStateMachine (ContainerStateMachine.java:initialize(339)) - 262265f8-b6b0-4173-8249-6c4ff56c562c: initialize group-D4D9E1AFA3FC
2025-07-15 19:44:37,085 [5109dbd0-88b3-4954-9428-6522438831f5@group-EF23C56BE139-StateMachineUpdater] INFO  ratis.ContainerStateMachine (ContainerStateMachine.java:takeSnapshot(436)) - group-EF23C56BE139: Finished taking a snapshot at:(t:1, i:0) file:/home/runner/work/ozone/ozone/hadoop-ozone/integration-test/target/test-dir/MiniOzoneClusterImpl-7a2c00ee-15e1-4921-aa6b-526c14ec89d8/ozone-meta/datanode-3/ratis/99512eb3-7304-45c7-bdfb-ef23c56be139/sm/snapshot.1_0 took: 0 ms
2025-07-15 19:44:37,086 [5109dbd0-88b3-4954-9428-6522438831f5@group-EF23C56BE139-StateMachineUpdater] INFO  impl.StateMachineUpdater (StateMachineUpdater.java:takeSnapshot(307)) - 5109dbd0-88b3-4954-9428-6522438831f5@group-EF23C56BE139-StateMachineUpdater: Took a snapshot at index 0
2025-07-15 19:44:37,086 [5109dbd0-88b3-4954-9428-6522438831f5@group-EF23C56BE139-StateMachineUpdater] INFO  impl.StateMachineUpdater (StateMachineUpdater.java:lambda$new$0(101)) - 5109dbd0-88b3-4954-9428-6522438831f5@group-EF23C56BE139-StateMachineUpdater: snapshotIndex: updateIncreasingly -1 -> 0
2025-07-15 19:44:37,085 [262265f8-b6b0-4173-8249-6c4ff56c562c-groupManagement] INFO  ratis.ContainerStateMachine (ContainerStateMachine.java:loadSnapshot(347)) - group-D4D9E1AFA3FC: The snapshot info is null. Setting the last applied index to:<INITIAL_VALUE>
2025-07-15 19:44:37,086 [262265f8-b6b0-4173-8249-6c4ff56c562c-groupManagement] INFO  server.RaftServerConfigKeys (ConfUtils.java:logGet(62)) - raft.server.log.appender.buffer.byte-limit = 33554432 (custom)
2025-07-15 19:44:37,088 [262265f8-b6b0-4173-8249-6c4ff56c562c-groupManagement] INFO  server.RaftServerConfigKeys (ConfUtils.java:logGet(62)) - raft.server.log.segment.size.max = 67108864 (custom)
2025-07-15 19:44:37,088 [262265f8-b6b0-4173-8249-6c4ff56c562c-groupManagement] INFO  server.RaftServerConfigKeys (ConfUtils.java:logGet(62)) - raft.server.log.appender.buffer.byte-limit = 33554432 (custom)
2025-07-15 19:44:37,089 [5109dbd0-88b3-4954-9428-6522438831f5@group-6E557299AE72-StateMachineUpdater] INFO  server.RaftServer$Division (LeaderStateImpl.java:checkStartIndex(309)) - Leader 5109dbd0-88b3-4954-9428-6522438831f5@group-6E557299AE72-LeaderStateImpl is ready since appliedIndex == startIndex == 0
2025-07-15 19:44:37,090 [5109dbd0-88b3-4954-9428-6522438831f5@group-6E557299AE72-StateMachineUpdater] INFO  ratis.ContainerStateMachine (ContainerStateMachine.java:takeSnapshot(427)) - group-6E557299AE72: Taking a snapshot at:(t:1, i:0) file /home/runner/work/ozone/ozone/hadoop-ozone/integration-test/target/test-dir/MiniOzoneClusterImpl-7a2c00ee-15e1-4921-aa6b-526c14ec89d8/ozone-meta/datanode-3/ratis/e1e3f51c-eee6-43c8-a25e-6e557299ae72/sm/snapshot.1_0
2025-07-15 19:44:37,091 [262265f8-b6b0-4173-8249-6c4ff56c562c-groupManagement] INFO  util.AwaitToRun (AwaitToRun.java:start(81)) - Thread[#1339,262265f8-b6b0-4173-8249-6c4ff56c562c@group-D4D9E1AFA3FC-cacheEviction-AwaitToRun,5,main] started
2025-07-15 19:44:37,091 [262265f8-b6b0-4173-8249-6c4ff56c562c-groupManagement] INFO  segmented.SegmentedRaftLogWorker (SegmentedRaftLogWorker.java:<init>(190)) - new 262265f8-b6b0-4173-8249-6c4ff56c562c@group-D4D9E1AFA3FC-SegmentedRaftLogWorker for RaftStorageImpl:Storage Directory /home/runner/work/ozone/ozone/hadoop-ozone/integration-test/target/test-dir/MiniOzoneClusterImpl-7a2c00ee-15e1-4921-aa6b-526c14ec89d8/ozone-meta/datanode-7/ratis/f182326e-4933-482b-ba7e-d4d9e1afa3fc
2025-07-15 19:44:37,091 [262265f8-b6b0-4173-8249-6c4ff56c562c-groupManagement] INFO  server.RaftServerConfigKeys (ConfUtils.java:logGet(62)) - raft.server.log.queue.byte-limit = 4294967296 (custom)
2025-07-15 19:44:37,091 [262265f8-b6b0-4173-8249-6c4ff56c562c-groupManagement] INFO  server.RaftServerConfigKeys (ConfUtils.java:logGet(62)) - raft.server.log.segment.size.max = 67108864 (custom)
2025-07-15 19:44:37,092 [262265f8-b6b0-4173-8249-6c4ff56c562c-groupManagement] INFO  server.RaftServerConfigKeys (ConfUtils.java:logGet(62)) - raft.server.log.preallocated.size = 4194304 (custom)
2025-07-15 19:44:37,092 [5109dbd0-88b3-4954-9428-6522438831f5@group-6E557299AE72-StateMachineUpdater] INFO  ratis.ContainerStateMachine (ContainerStateMachine.java:takeSnapshot(436)) - group-6E557299AE72: Finished taking a snapshot at:(t:1, i:0) file:/home/runner/work/ozone/ozone/hadoop-ozone/integration-test/target/test-dir/MiniOzoneClusterImpl-7a2c00ee-15e1-4921-aa6b-526c14ec89d8/ozone-meta/datanode-3/ratis/e1e3f51c-eee6-43c8-a25e-6e557299ae72/sm/snapshot.1_0 took: 2 ms
2025-07-15 19:44:37,092 [5109dbd0-88b3-4954-9428-6522438831f5@group-6E557299AE72-StateMachineUpdater] INFO  impl.StateMachineUpdater (StateMachineUpdater.java:takeSnapshot(307)) - 5109dbd0-88b3-4954-9428-6522438831f5@group-6E557299AE72-StateMachineUpdater: Took a snapshot at index 0
2025-07-15 19:44:37,092 [5109dbd0-88b3-4954-9428-6522438831f5@group-6E557299AE72-StateMachineUpdater] INFO  impl.StateMachineUpdater (StateMachineUpdater.java:lambda$new$0(101)) - 5109dbd0-88b3-4954-9428-6522438831f5@group-6E557299AE72-StateMachineUpdater: snapshotIndex: updateIncreasingly -1 -> 0
2025-07-15 19:44:37,092 [262265f8-b6b0-4173-8249-6c4ff56c562c-groupManagement] INFO  server.RaftServerConfigKeys (ConfUtils.java:logGet(62)) - raft.server.log.write.buffer.size = 33554440 (custom)
2025-07-15 19:44:37,098 [e96bea54-5ec2-4bc1-91ca-a280b757147d@group-2A5F69F5E925-FollowerState] INFO  impl.FollowerState (FollowerState.java:runImpl(161)) - e96bea54-5ec2-4bc1-91ca-a280b757147d@group-2A5F69F5E925-FollowerState: change to CANDIDATE, lastRpcElapsedTime:1151255632ns, electionTimeout:1149ms
2025-07-15 19:44:37,099 [e96bea54-5ec2-4bc1-91ca-a280b757147d@group-2A5F69F5E925-FollowerState] INFO  impl.RoleInfo (RoleInfo.java:shutdownFollowerState(121)) - e96bea54-5ec2-4bc1-91ca-a280b757147d: shutdown e96bea54-5ec2-4bc1-91ca-a280b757147d@group-2A5F69F5E925-FollowerState
2025-07-15 19:44:37,099 [e96bea54-5ec2-4bc1-91ca-a280b757147d@group-2A5F69F5E925-FollowerState] INFO  server.RaftServer$Division (RaftServerImpl.java:setRole(392)) - e96bea54-5ec2-4bc1-91ca-a280b757147d@group-2A5F69F5E925: changes role from  FOLLOWER to CANDIDATE at term 0 for changeToCandidate
2025-07-15 19:44:37,099 [e96bea54-5ec2-4bc1-91ca-a280b757147d@group-2A5F69F5E925-FollowerState] INFO  impl.RoleInfo (RoleInfo.java:updateAndGet(148)) - e96bea54-5ec2-4bc1-91ca-a280b757147d: start e96bea54-5ec2-4bc1-91ca-a280b757147d@group-2A5F69F5E925-LeaderElection10
2025-07-15 19:44:37,101 [262265f8-b6b0-4173-8249-6c4ff56c562c-groupManagement] INFO  server.RaftServerConfigKeys (ConfUtils.java:logGet(62)) - raft.server.log.appender.buffer.byte-limit = 33554432 (custom)
2025-07-15 19:44:37,102 [262265f8-b6b0-4173-8249-6c4ff56c562c-groupManagement] INFO  segmented.SegmentedRaftLogWorker (SegmentedRaftLogWorker.java:lambda$new$0(141)) - 262265f8-b6b0-4173-8249-6c4ff56c562c@group-D4D9E1AFA3FC-SegmentedRaftLogWorker: flushIndex: setUnconditionally 0 -> -1
2025-07-15 19:44:37,102 [262265f8-b6b0-4173-8249-6c4ff56c562c-groupManagement] INFO  segmented.SegmentedRaftLogWorker (SegmentedRaftLogWorker.java:lambda$new$0(141)) - 262265f8-b6b0-4173-8249-6c4ff56c562c@group-D4D9E1AFA3FC-SegmentedRaftLogWorker: safeCacheEvictIndex: setUnconditionally 0 -> -1
2025-07-15 19:44:37,105 [e96bea54-5ec2-4bc1-91ca-a280b757147d@group-2A5F69F5E925-LeaderElection10] INFO  impl.LeaderElection (LeaderElection.java:askForVotes(448)) - e96bea54-5ec2-4bc1-91ca-a280b757147d@group-2A5F69F5E925-LeaderElection10 PRE_VOTE round 0: submit vote requests at term 0 for conf: {index: -1, cur=peers:[cd936fa6-15d5-4ef8-867a-01454d889292|127.0.0.1:15015, e96bea54-5ec2-4bc1-91ca-a280b757147d|127.0.0.1:15023, 5109dbd0-88b3-4954-9428-6522438831f5|127.0.0.1:15031]|listeners:[], old=null}
2025-07-15 19:44:37,111 [262265f8-b6b0-4173-8249-6c4ff56c562c-groupManagement] INFO  server.RaftServer$Division (RaftServerImpl.java:start(405)) - 262265f8-b6b0-4173-8249-6c4ff56c562c@group-D4D9E1AFA3FC: start as a follower, conf=conf: {index: -1, cur=peers:[262265f8-b6b0-4173-8249-6c4ff56c562c|127.0.0.1:15063, 73892b45-0ad3-4392-8d09-ab2d1cd7ede4|127.0.0.1:15071, edffad61-d5a0-4c2f-abd3-1d848b9782f9|127.0.0.1:15079]|listeners:[], old=null}
2025-07-15 19:44:37,111 [262265f8-b6b0-4173-8249-6c4ff56c562c-groupManagement] INFO  server.RaftServer$Division (RaftServerImpl.java:setRole(392)) - 262265f8-b6b0-4173-8249-6c4ff56c562c@group-D4D9E1AFA3FC: changes role from      null to FOLLOWER at term 0 for startAsFollower
2025-07-15 19:44:37,111 [262265f8-b6b0-4173-8249-6c4ff56c562c-groupManagement] INFO  impl.RoleInfo (RoleInfo.java:updateAndGet(148)) - 262265f8-b6b0-4173-8249-6c4ff56c562c: start 262265f8-b6b0-4173-8249-6c4ff56c562c@group-D4D9E1AFA3FC-FollowerState
2025-07-15 19:44:37,112 [e96bea54-5ec2-4bc1-91ca-a280b757147d@group-2A5F69F5E925-LeaderElection10-1] INFO  server.GrpcServerProtocolClient (GrpcServerProtocolClient.java:<init>(65)) - Build channel for cd936fa6-15d5-4ef8-867a-01454d889292|127.0.0.1:15015
2025-07-15 19:44:37,115 [262265f8-b6b0-4173-8249-6c4ff56c562c-groupManagement] INFO  util.JmxRegister (JmxRegister.java:tryRegister(44)) - Successfully registered JMX Bean with object name Ratis:service=RaftServer,group=group-D4D9E1AFA3FC,id=262265f8-b6b0-4173-8249-6c4ff56c562c
2025-07-15 19:44:37,115 [262265f8-b6b0-4173-8249-6c4ff56c562c-groupManagement] INFO  util.JmxRegister (JmxRegister.java:register(58)) - register mxBean class org.apache.ratis.server.impl.RaftServerJmxAdapter as Ratis:service=RaftServer,group=group-D4D9E1AFA3FC,id=262265f8-b6b0-4173-8249-6c4ff56c562c
2025-07-15 19:44:37,122 [e96bea54-5ec2-4bc1-91ca-a280b757147d@group-2A5F69F5E925-LeaderElection10-2] INFO  server.GrpcServerProtocolClient (GrpcServerProtocolClient.java:<init>(65)) - Build channel for 5109dbd0-88b3-4954-9428-6522438831f5|127.0.0.1:15031
2025-07-15 19:44:37,122 [262265f8-b6b0-4173-8249-6c4ff56c562c-groupManagement] INFO  server.RaftServer$Division (RaftServerImpl.java:start(419)) - 262265f8-b6b0-4173-8249-6c4ff56c562c@group-D4D9E1AFA3FC: Successfully started.
2025-07-15 19:44:37,124 [grpc-default-executor-4] INFO  server.RaftServer$Division (RaftServerImpl.java:requestVote(1421)) - cd936fa6-15d5-4ef8-867a-01454d889292@group-2A5F69F5E925: receive requestVote(PRE_VOTE, e96bea54-5ec2-4bc1-91ca-a280b757147d, group-2A5F69F5E925, 0, <PROTO_DEFAULT>)
2025-07-15 19:44:37,124 [grpc-default-executor-4] INFO  impl.VoteContext (VoteContext.java:log(49)) - cd936fa6-15d5-4ef8-867a-01454d889292@group-2A5F69F5E925-FOLLOWER: accept PRE_VOTE from e96bea54-5ec2-4bc1-91ca-a280b757147d: our priority 0 <= candidate's priority 1
2025-07-15 19:44:37,124 [grpc-default-executor-4] INFO  server.RaftServer$Division (RaftServerImpl.java:requestVote(1455)) - cd936fa6-15d5-4ef8-867a-01454d889292@group-2A5F69F5E925 replies to PRE_VOTE vote request: e96bea54-5ec2-4bc1-91ca-a280b757147d<-cd936fa6-15d5-4ef8-867a-01454d889292#0:OK-t0-last:<INITIAL_VALUE>. Peer's state: cd936fa6-15d5-4ef8-867a-01454d889292@group-2A5F69F5E925:t0, leader=null, voted=, raftlog=Memoized:cd936fa6-15d5-4ef8-867a-01454d889292@group-2A5F69F5E925-SegmentedRaftLog:OPENED:c-1:lastnull, conf=conf: {index: -1, cur=peers:[cd936fa6-15d5-4ef8-867a-01454d889292|127.0.0.1:15015, e96bea54-5ec2-4bc1-91ca-a280b757147d|127.0.0.1:15023, 5109dbd0-88b3-4954-9428-6522438831f5|127.0.0.1:15031]|listeners:[], old=null}
2025-07-15 19:44:37,124 [262265f8-b6b0-4173-8249-6c4ff56c562c-PipelineCommandHandlerThread-0] INFO  ratis.XceiverServerRatis (XceiverServerRatis.java:addGroup(843)) - Created group Pipeline-f182326e-4933-482b-ba7e-d4d9e1afa3fc
2025-07-15 19:44:37,127 [e96bea54-5ec2-4bc1-91ca-a280b757147d@group-2A5F69F5E925-LeaderElection10] INFO  impl.LeaderElection (LeaderElection.java:logAndReturn(206)) - e96bea54-5ec2-4bc1-91ca-a280b757147d@group-2A5F69F5E925-LeaderElection10: PRE_VOTE PASSED received 1 response(s) and 0 exception(s):
2025-07-15 19:44:37,127 [e96bea54-5ec2-4bc1-91ca-a280b757147d@group-2A5F69F5E925-LeaderElection10] INFO  impl.LeaderElection (LeaderElection.java:logAndReturn(210)) -   Response 0: e96bea54-5ec2-4bc1-91ca-a280b757147d<-cd936fa6-15d5-4ef8-867a-01454d889292#0:OK-t0-last:<INITIAL_VALUE>
2025-07-15 19:44:37,128 [e96bea54-5ec2-4bc1-91ca-a280b757147d@group-2A5F69F5E925-LeaderElection10] INFO  impl.LeaderElection (LeaderElection.java:askForVotes(450)) - e96bea54-5ec2-4bc1-91ca-a280b757147d@group-2A5F69F5E925-LeaderElection10 PRE_VOTE round 0: result PASSED
2025-07-15 19:44:37,131 [e96bea54-5ec2-4bc1-91ca-a280b757147d@group-2A5F69F5E925-LeaderElection10] INFO  impl.LeaderElection (LeaderElection.java:askForVotes(448)) - e96bea54-5ec2-4bc1-91ca-a280b757147d@group-2A5F69F5E925-LeaderElection10 ELECTION round 0: submit vote requests at term 1 for conf: {index: -1, cur=peers:[cd936fa6-15d5-4ef8-867a-01454d889292|127.0.0.1:15015, e96bea54-5ec2-4bc1-91ca-a280b757147d|127.0.0.1:15023, 5109dbd0-88b3-4954-9428-6522438831f5|127.0.0.1:15031]|listeners:[], old=null}
2025-07-15 19:44:37,135 [grpc-default-executor-1] INFO  server.RaftServer$Division (RaftServerImpl.java:requestVote(1421)) - 5109dbd0-88b3-4954-9428-6522438831f5@group-2A5F69F5E925: receive requestVote(ELECTION, e96bea54-5ec2-4bc1-91ca-a280b757147d, group-2A5F69F5E925, 1, <PROTO_DEFAULT>)
2025-07-15 19:44:37,135 [grpc-default-executor-1] INFO  impl.VoteContext (VoteContext.java:log(49)) - 5109dbd0-88b3-4954-9428-6522438831f5@group-2A5F69F5E925-FOLLOWER: accept ELECTION from e96bea54-5ec2-4bc1-91ca-a280b757147d: our priority 0 <= candidate's priority 1
2025-07-15 19:44:37,136 [grpc-default-executor-1] INFO  server.RaftServer$Division (RaftServerImpl.java:setRole(392)) - 5109dbd0-88b3-4954-9428-6522438831f5@group-2A5F69F5E925: changes role from  FOLLOWER to FOLLOWER at term 0 for candidate:e96bea54-5ec2-4bc1-91ca-a280b757147d
2025-07-15 19:44:37,136 [grpc-default-executor-1] INFO  impl.RoleInfo (RoleInfo.java:shutdownFollowerState(121)) - 5109dbd0-88b3-4954-9428-6522438831f5: shutdown 5109dbd0-88b3-4954-9428-6522438831f5@group-2A5F69F5E925-FollowerState
2025-07-15 19:44:37,136 [grpc-default-executor-1] INFO  impl.RoleInfo (RoleInfo.java:updateAndGet(148)) - 5109dbd0-88b3-4954-9428-6522438831f5: start 5109dbd0-88b3-4954-9428-6522438831f5@group-2A5F69F5E925-FollowerState
2025-07-15 19:44:37,136 [5109dbd0-88b3-4954-9428-6522438831f5@group-2A5F69F5E925-FollowerState] INFO  impl.FollowerState (FollowerState.java:runImpl(170)) - 5109dbd0-88b3-4954-9428-6522438831f5@group-2A5F69F5E925-FollowerState was interrupted
2025-07-15 19:44:37,137 [grpc-default-executor-4] INFO  server.RaftServer$Division (RaftServerImpl.java:requestVote(1421)) - cd936fa6-15d5-4ef8-867a-01454d889292@group-2A5F69F5E925: receive requestVote(ELECTION, e96bea54-5ec2-4bc1-91ca-a280b757147d, group-2A5F69F5E925, 1, <PROTO_DEFAULT>)
2025-07-15 19:44:37,137 [grpc-default-executor-1] INFO  server.RaftServer$Division (RaftServerImpl.java:setFirstElection(576)) - 5109dbd0-88b3-4954-9428-6522438831f5@group-2A5F69F5E925: set firstElectionSinceStartup to false for candidate:e96bea54-5ec2-4bc1-91ca-a280b757147d
2025-07-15 19:44:37,137 [grpc-default-executor-4] INFO  impl.VoteContext (VoteContext.java:log(49)) - cd936fa6-15d5-4ef8-867a-01454d889292@group-2A5F69F5E925-FOLLOWER: accept ELECTION from e96bea54-5ec2-4bc1-91ca-a280b757147d: our priority 0 <= candidate's priority 1
2025-07-15 19:44:37,138 [grpc-default-executor-4] INFO  server.RaftServer$Division (RaftServerImpl.java:setRole(392)) - cd936fa6-15d5-4ef8-867a-01454d889292@group-2A5F69F5E925: changes role from  FOLLOWER to FOLLOWER at term 0 for candidate:e96bea54-5ec2-4bc1-91ca-a280b757147d
2025-07-15 19:44:37,138 [grpc-default-executor-4] INFO  impl.RoleInfo (RoleInfo.java:shutdownFollowerState(121)) - cd936fa6-15d5-4ef8-867a-01454d889292: shutdown cd936fa6-15d5-4ef8-867a-01454d889292@group-2A5F69F5E925-FollowerState
2025-07-15 19:44:37,138 [grpc-default-executor-4] INFO  impl.RoleInfo (RoleInfo.java:updateAndGet(148)) - cd936fa6-15d5-4ef8-867a-01454d889292: start cd936fa6-15d5-4ef8-867a-01454d889292@group-2A5F69F5E925-FollowerState
2025-07-15 19:44:37,139 [cd936fa6-15d5-4ef8-867a-01454d889292@group-2A5F69F5E925-FollowerState] INFO  impl.FollowerState (FollowerState.java:runImpl(170)) - cd936fa6-15d5-4ef8-867a-01454d889292@group-2A5F69F5E925-FollowerState was interrupted
2025-07-15 19:44:37,140 [grpc-default-executor-1] INFO  server.RaftServer$Division (RaftServerImpl.java:requestVote(1455)) - 5109dbd0-88b3-4954-9428-6522438831f5@group-2A5F69F5E925 replies to ELECTION vote request: e96bea54-5ec2-4bc1-91ca-a280b757147d<-5109dbd0-88b3-4954-9428-6522438831f5#0:OK-t1-last:<INITIAL_VALUE>. Peer's state: 5109dbd0-88b3-4954-9428-6522438831f5@group-2A5F69F5E925:t1, leader=null, voted=e96bea54-5ec2-4bc1-91ca-a280b757147d, raftlog=Memoized:5109dbd0-88b3-4954-9428-6522438831f5@group-2A5F69F5E925-SegmentedRaftLog:OPENED:c-1:lastnull, conf=conf: {index: -1, cur=peers:[cd936fa6-15d5-4ef8-867a-01454d889292|127.0.0.1:15015, e96bea54-5ec2-4bc1-91ca-a280b757147d|127.0.0.1:15023, 5109dbd0-88b3-4954-9428-6522438831f5|127.0.0.1:15031]|listeners:[], old=null}
2025-07-15 19:44:37,140 [grpc-default-executor-4] INFO  server.RaftServer$Division (RaftServerImpl.java:requestVote(1455)) - cd936fa6-15d5-4ef8-867a-01454d889292@group-2A5F69F5E925 replies to ELECTION vote request: e96bea54-5ec2-4bc1-91ca-a280b757147d<-cd936fa6-15d5-4ef8-867a-01454d889292#0:OK-t1-last:<INITIAL_VALUE>. Peer's state: cd936fa6-15d5-4ef8-867a-01454d889292@group-2A5F69F5E925:t1, leader=null, voted=e96bea54-5ec2-4bc1-91ca-a280b757147d, raftlog=Memoized:cd936fa6-15d5-4ef8-867a-01454d889292@group-2A5F69F5E925-SegmentedRaftLog:OPENED:c-1:lastnull, conf=conf: {index: -1, cur=peers:[cd936fa6-15d5-4ef8-867a-01454d889292|127.0.0.1:15015, e96bea54-5ec2-4bc1-91ca-a280b757147d|127.0.0.1:15023, 5109dbd0-88b3-4954-9428-6522438831f5|127.0.0.1:15031]|listeners:[], old=null}
2025-07-15 19:44:37,146 [e96bea54-5ec2-4bc1-91ca-a280b757147d@group-2A5F69F5E925-LeaderElection10] INFO  impl.LeaderElection (LeaderElection.java:logAndReturn(206)) - e96bea54-5ec2-4bc1-91ca-a280b757147d@group-2A5F69F5E925-LeaderElection10: ELECTION PASSED received 1 response(s) and 0 exception(s):
2025-07-15 19:44:37,146 [e96bea54-5ec2-4bc1-91ca-a280b757147d@group-2A5F69F5E925-LeaderElection10] INFO  impl.LeaderElection (LeaderElection.java:logAndReturn(210)) -   Response 0: e96bea54-5ec2-4bc1-91ca-a280b757147d<-cd936fa6-15d5-4ef8-867a-01454d889292#0:OK-t1-last:<INITIAL_VALUE>
2025-07-15 19:44:37,147 [e96bea54-5ec2-4bc1-91ca-a280b757147d@group-2A5F69F5E925-LeaderElection10] INFO  impl.LeaderElection (LeaderElection.java:askForVotes(450)) - e96bea54-5ec2-4bc1-91ca-a280b757147d@group-2A5F69F5E925-LeaderElection10 ELECTION round 0: result PASSED
2025-07-15 19:44:37,147 [e96bea54-5ec2-4bc1-91ca-a280b757147d@group-2A5F69F5E925-LeaderElection10] INFO  impl.RoleInfo (RoleInfo.java:shutdownLeaderElection(141)) - e96bea54-5ec2-4bc1-91ca-a280b757147d: shutdown e96bea54-5ec2-4bc1-91ca-a280b757147d@group-2A5F69F5E925-LeaderElection10
2025-07-15 19:44:37,147 [e96bea54-5ec2-4bc1-91ca-a280b757147d@group-2A5F69F5E925-LeaderElection10] INFO  server.RaftServer$Division (RaftServerImpl.java:setRole(392)) - e96bea54-5ec2-4bc1-91ca-a280b757147d@group-2A5F69F5E925: changes role from CANDIDATE to LEADER at term 1 for changeToLeader
2025-07-15 19:44:37,147 [grpc-default-executor-1] INFO  server.RaftServer (RaftServerProxy.java:addNew(105)) - 73892b45-0ad3-4392-8d09-ab2d1cd7ede4: addNew group-D4D9E1AFA3FC:[262265f8-b6b0-4173-8249-6c4ff56c562c|127.0.0.1:15063, 73892b45-0ad3-4392-8d09-ab2d1cd7ede4|127.0.0.1:15071, edffad61-d5a0-4c2f-abd3-1d848b9782f9|127.0.0.1:15079] returns group-D4D9E1AFA3FC:java.util.concurrent.CompletableFuture@66da3215[Not completed]
2025-07-15 19:44:37,148 [e96bea54-5ec2-4bc1-91ca-a280b757147d@group-2A5F69F5E925-LeaderElection10] INFO  server.RaftServerConfigKeys (ConfUtils.java:logFallback(69)) - raft.server.staging.timeout = 15600ms (fallback to raft.server.rpc.timeout.max)
2025-07-15 19:44:37,148 [e96bea54-5ec2-4bc1-91ca-a280b757147d@group-2A5F69F5E925-LeaderElection10] INFO  server.RaftServerConfigKeys (ConfUtils.java:logGet(62)) - raft.server.write.byte-limit = 1024 M (=1073741824) (custom)
2025-07-15 19:44:37,149 [73892b45-0ad3-4392-8d09-ab2d1cd7ede4-groupManagement] INFO  server.RaftServer$Division (RaftServerImpl.java:<init>(268)) - 73892b45-0ad3-4392-8d09-ab2d1cd7ede4: new RaftServerImpl for group-D4D9E1AFA3FC:[262265f8-b6b0-4173-8249-6c4ff56c562c|127.0.0.1:15063, 73892b45-0ad3-4392-8d09-ab2d1cd7ede4|127.0.0.1:15071, edffad61-d5a0-4c2f-abd3-1d848b9782f9|127.0.0.1:15079] with ContainerStateMachine:uninitialized
2025-07-15 19:44:37,149 [73892b45-0ad3-4392-8d09-ab2d1cd7ede4-groupManagement] INFO  server.RaftServer$Division (ServerState.java:<init>(114)) - 73892b45-0ad3-4392-8d09-ab2d1cd7ede4@group-D4D9E1AFA3FC: ConfigurationManager, init=conf: {index: -1, cur=peers:[262265f8-b6b0-4173-8249-6c4ff56c562c|127.0.0.1:15063, 73892b45-0ad3-4392-8d09-ab2d1cd7ede4|127.0.0.1:15071, edffad61-d5a0-4c2f-abd3-1d848b9782f9|127.0.0.1:15079]|listeners:[], old=null}, confs=<EMPTY_MAP>
2025-07-15 19:44:37,154 [e96bea54-5ec2-4bc1-91ca-a280b757147d@group-2A5F69F5E925-LeaderElection10] INFO  server.RaftServerConfigKeys (ConfUtils.java:logGet(62)) - raft.server.log.appender.buffer.byte-limit = 33554432 (custom)
2025-07-15 19:44:37,159 [e96bea54-5ec2-4bc1-91ca-a280b757147d@group-2A5F69F5E925-LeaderElection10] INFO  server.RaftServerConfigKeys (ConfUtils.java:logGet(62)) - raft.server.log.appender.buffer.byte-limit = 33554432 (custom)
2025-07-15 19:44:37,161 [e96bea54-5ec2-4bc1-91ca-a280b757147d@group-2A5F69F5E925-LeaderElection10] INFO  impl.RoleInfo (RoleInfo.java:updateAndGet(148)) - e96bea54-5ec2-4bc1-91ca-a280b757147d: start e96bea54-5ec2-4bc1-91ca-a280b757147d@group-2A5F69F5E925-LeaderStateImpl
2025-07-15 19:44:37,161 [e96bea54-5ec2-4bc1-91ca-a280b757147d@group-2A5F69F5E925-LeaderElection10] INFO  server.RaftServer$Division (RaftServerImpl.java:setFirstElection(576)) - e96bea54-5ec2-4bc1-91ca-a280b757147d@group-2A5F69F5E925: set firstElectionSinceStartup to false for becomeLeader
2025-07-15 19:44:37,162 [e96bea54-5ec2-4bc1-91ca-a280b757147d@group-2A5F69F5E925-LeaderElection10] INFO  ratis.XceiverServerRatis (XceiverServerRatis.java:handleLeaderChangedNotification(944)) - Leader change notification received for group: group-2A5F69F5E925 with new leaderId: e96bea54-5ec2-4bc1-91ca-a280b757147d
2025-07-15 19:44:37,162 [e96bea54-5ec2-4bc1-91ca-a280b757147d@group-2A5F69F5E925-LeaderElection10] INFO  server.RaftServer$Division (ServerState.java:setLeader(272)) - e96bea54-5ec2-4bc1-91ca-a280b757147d@group-2A5F69F5E925: change Leader from null to e96bea54-5ec2-4bc1-91ca-a280b757147d at term 1 for becomeLeader, leader elected after 1262ms
2025-07-15 19:44:37,162 [e96bea54-5ec2-4bc1-91ca-a280b757147d@group-2A5F69F5E925-LeaderElection10] INFO  segmented.SegmentedRaftLogWorker (SegmentedRaftLogWorker.java:startLogSegment(440)) - e96bea54-5ec2-4bc1-91ca-a280b757147d@group-2A5F69F5E925-SegmentedRaftLogWorker: Starting segment from index:0
2025-07-15 19:44:37,163 [e96bea54-5ec2-4bc1-91ca-a280b757147d@group-2A5F69F5E925-LeaderElection10] INFO  server.RaftServer$Division (ServerState.java:setRaftConf(386)) - e96bea54-5ec2-4bc1-91ca-a280b757147d@group-2A5F69F5E925: set configuration conf: {index: 0, cur=peers:[cd936fa6-15d5-4ef8-867a-01454d889292|127.0.0.1:15015, e96bea54-5ec2-4bc1-91ca-a280b757147d|127.0.0.1:15023, 5109dbd0-88b3-4954-9428-6522438831f5|127.0.0.1:15031]|listeners:[], old=null}
2025-07-15 19:44:37,164 [e96bea54-5ec2-4bc1-91ca-a280b757147d@group-2A5F69F5E925-SegmentedRaftLogWorker] INFO  segmented.BufferedWriteChannel (BufferedWriteChannel.java:open(61)) - open log_inprogress_0 at position 0
2025-07-15 19:44:37,164 [73892b45-0ad3-4392-8d09-ab2d1cd7ede4-groupManagement] INFO  server.RaftServerConfigKeys (ConfUtils.java:logGet(62)) - raft.server.storage.dir = [/home/runner/work/ozone/ozone/hadoop-ozone/integration-test/target/test-dir/MiniOzoneClusterImpl-7a2c00ee-15e1-4921-aa6b-526c14ec89d8/ozone-meta/datanode-8/ratis] (custom)
2025-07-15 19:44:37,164 [73892b45-0ad3-4392-8d09-ab2d1cd7ede4-groupManagement] INFO  storage.RaftStorageDirectory (RaftStorageDirectoryImpl.java:analyzeStorage(138)) - The storage directory /home/runner/work/ozone/ozone/hadoop-ozone/integration-test/target/test-dir/MiniOzoneClusterImpl-7a2c00ee-15e1-4921-aa6b-526c14ec89d8/ozone-meta/datanode-8/ratis/f182326e-4933-482b-ba7e-d4d9e1afa3fc does not exist. Creating ...
2025-07-15 19:44:37,167 [73892b45-0ad3-4392-8d09-ab2d1cd7ede4-groupManagement] INFO  storage.RaftStorageDirectory (RaftStorageDirectoryImpl.java:tryLock(229)) - Lock on /home/runner/work/ozone/ozone/hadoop-ozone/integration-test/target/test-dir/MiniOzoneClusterImpl-7a2c00ee-15e1-4921-aa6b-526c14ec89d8/ozone-meta/datanode-8/ratis/f182326e-4933-482b-ba7e-d4d9e1afa3fc/in_use.lock acquired by nodename 18953@localhost
2025-07-15 19:44:37,168 [73892b45-0ad3-4392-8d09-ab2d1cd7ede4-groupManagement] INFO  storage.RaftStorage (RaftStorageImpl.java:format(98)) - Storage directory /home/runner/work/ozone/ozone/hadoop-ozone/integration-test/target/test-dir/MiniOzoneClusterImpl-7a2c00ee-15e1-4921-aa6b-526c14ec89d8/ozone-meta/datanode-8/ratis/f182326e-4933-482b-ba7e-d4d9e1afa3fc has been successfully formatted.
2025-07-15 19:44:37,169 [73892b45-0ad3-4392-8d09-ab2d1cd7ede4-groupManagement] INFO  ratis.ContainerStateMachine (ContainerStateMachine.java:initialize(339)) - 73892b45-0ad3-4392-8d09-ab2d1cd7ede4: initialize group-D4D9E1AFA3FC
2025-07-15 19:44:37,169 [73892b45-0ad3-4392-8d09-ab2d1cd7ede4-groupManagement] INFO  ratis.ContainerStateMachine (ContainerStateMachine.java:loadSnapshot(347)) - group-D4D9E1AFA3FC: The snapshot info is null. Setting the last applied index to:<INITIAL_VALUE>
2025-07-15 19:44:37,170 [73892b45-0ad3-4392-8d09-ab2d1cd7ede4-groupManagement] INFO  server.RaftServerConfigKeys (ConfUtils.java:logGet(62)) - raft.server.log.appender.buffer.byte-limit = 33554432 (custom)
2025-07-15 19:44:37,171 [EventQueue-PipelineReportForPipelineReportHandler] INFO  pipeline.PipelineReportHandler (PipelineReportHandler.java:processPipelineReport(134)) - Opened pipeline Pipeline-8f3fb533-c6ad-481d-821b-2a5f69f5e925
2025-07-15 19:44:37,178 [grpc-default-executor-1] INFO  ratis.XceiverServerRatis (XceiverServerRatis.java:handleLeaderChangedNotification(944)) - Leader change notification received for group: group-2A5F69F5E925 with new leaderId: e96bea54-5ec2-4bc1-91ca-a280b757147d
2025-07-15 19:44:37,179 [grpc-default-executor-1] INFO  server.RaftServer$Division (ServerState.java:setLeader(272)) - cd936fa6-15d5-4ef8-867a-01454d889292@group-2A5F69F5E925: change Leader from null to e96bea54-5ec2-4bc1-91ca-a280b757147d at term 1 for appendEntries, leader elected after 1286ms
2025-07-15 19:44:37,179 [73892b45-0ad3-4392-8d09-ab2d1cd7ede4-groupManagement] INFO  server.RaftServerConfigKeys (ConfUtils.java:logGet(62)) - raft.server.log.segment.size.max = 67108864 (custom)
2025-07-15 19:44:37,181 [grpc-default-executor-3] INFO  ratis.XceiverServerRatis (XceiverServerRatis.java:handleLeaderChangedNotification(944)) - Leader change notification received for group: group-2A5F69F5E925 with new leaderId: e96bea54-5ec2-4bc1-91ca-a280b757147d
2025-07-15 19:44:37,182 [grpc-default-executor-3] INFO  server.RaftServer$Division (ServerState.java:setLeader(272)) - 5109dbd0-88b3-4954-9428-6522438831f5@group-2A5F69F5E925: change Leader from null to e96bea54-5ec2-4bc1-91ca-a280b757147d at term 1 for appendEntries, leader elected after 1214ms
2025-07-15 19:44:37,183 [73892b45-0ad3-4392-8d09-ab2d1cd7ede4-groupManagement] INFO  server.RaftServerConfigKeys (ConfUtils.java:logGet(62)) - raft.server.log.appender.buffer.byte-limit = 33554432 (custom)
2025-07-15 19:44:37,183 [e96bea54-5ec2-4bc1-91ca-a280b757147d@group-2A5F69F5E925-SegmentedRaftLogWorker] INFO  segmented.SegmentedRaftLogWorker (SegmentedRaftLogWorker.java:execute(647)) - e96bea54-5ec2-4bc1-91ca-a280b757147d@group-2A5F69F5E925-SegmentedRaftLogWorker: created new log segment /home/runner/work/ozone/ozone/hadoop-ozone/integration-test/target/test-dir/MiniOzoneClusterImpl-7a2c00ee-15e1-4921-aa6b-526c14ec89d8/ozone-meta/datanode-2/ratis/8f3fb533-c6ad-481d-821b-2a5f69f5e925/current/log_inprogress_0
2025-07-15 19:44:37,184 [73892b45-0ad3-4392-8d09-ab2d1cd7ede4-groupManagement] INFO  util.AwaitToRun (AwaitToRun.java:start(81)) - Thread[#1358,73892b45-0ad3-4392-8d09-ab2d1cd7ede4@group-D4D9E1AFA3FC-cacheEviction-AwaitToRun,5,main] started
2025-07-15 19:44:37,184 [73892b45-0ad3-4392-8d09-ab2d1cd7ede4-groupManagement] INFO  segmented.SegmentedRaftLogWorker (SegmentedRaftLogWorker.java:<init>(190)) - new 73892b45-0ad3-4392-8d09-ab2d1cd7ede4@group-D4D9E1AFA3FC-SegmentedRaftLogWorker for RaftStorageImpl:Storage Directory /home/runner/work/ozone/ozone/hadoop-ozone/integration-test/target/test-dir/MiniOzoneClusterImpl-7a2c00ee-15e1-4921-aa6b-526c14ec89d8/ozone-meta/datanode-8/ratis/f182326e-4933-482b-ba7e-d4d9e1afa3fc
2025-07-15 19:44:37,184 [73892b45-0ad3-4392-8d09-ab2d1cd7ede4-groupManagement] INFO  server.RaftServerConfigKeys (ConfUtils.java:logGet(62)) - raft.server.log.queue.byte-limit = 4294967296 (custom)
2025-07-15 19:44:37,184 [73892b45-0ad3-4392-8d09-ab2d1cd7ede4-groupManagement] INFO  server.RaftServerConfigKeys (ConfUtils.java:logGet(62)) - raft.server.log.segment.size.max = 67108864 (custom)
2025-07-15 19:44:37,184 [73892b45-0ad3-4392-8d09-ab2d1cd7ede4-groupManagement] INFO  server.RaftServerConfigKeys (ConfUtils.java:logGet(62)) - raft.server.log.preallocated.size = 4194304 (custom)
2025-07-15 19:44:37,190 [grpc-default-executor-5] INFO  server.RaftServer$Division (ServerState.java:setRaftConf(386)) - cd936fa6-15d5-4ef8-867a-01454d889292@group-2A5F69F5E925: set configuration conf: {index: 0, cur=peers:[cd936fa6-15d5-4ef8-867a-01454d889292|127.0.0.1:15015, e96bea54-5ec2-4bc1-91ca-a280b757147d|127.0.0.1:15023, 5109dbd0-88b3-4954-9428-6522438831f5|127.0.0.1:15031]|listeners:[], old=null}
2025-07-15 19:44:37,192 [grpc-default-executor-5] INFO  segmented.SegmentedRaftLogWorker (SegmentedRaftLogWorker.java:startLogSegment(440)) - cd936fa6-15d5-4ef8-867a-01454d889292@group-2A5F69F5E925-SegmentedRaftLogWorker: Starting segment from index:0
2025-07-15 19:44:37,192 [grpc-default-executor-0] INFO  server.RaftServer$Division (ServerState.java:setRaftConf(386)) - 5109dbd0-88b3-4954-9428-6522438831f5@group-2A5F69F5E925: set configuration conf: {index: 0, cur=peers:[cd936fa6-15d5-4ef8-867a-01454d889292|127.0.0.1:15015, e96bea54-5ec2-4bc1-91ca-a280b757147d|127.0.0.1:15023, 5109dbd0-88b3-4954-9428-6522438831f5|127.0.0.1:15031]|listeners:[], old=null}
2025-07-15 19:44:37,193 [grpc-default-executor-0] INFO  segmented.SegmentedRaftLogWorker (SegmentedRaftLogWorker.java:startLogSegment(440)) - 5109dbd0-88b3-4954-9428-6522438831f5@group-2A5F69F5E925-SegmentedRaftLogWorker: Starting segment from index:0
2025-07-15 19:44:37,193 [cd936fa6-15d5-4ef8-867a-01454d889292@group-2A5F69F5E925-SegmentedRaftLogWorker] INFO  segmented.BufferedWriteChannel (BufferedWriteChannel.java:open(61)) - open log_inprogress_0 at position 0
2025-07-15 19:44:37,193 [5109dbd0-88b3-4954-9428-6522438831f5@group-2A5F69F5E925-SegmentedRaftLogWorker] INFO  segmented.BufferedWriteChannel (BufferedWriteChannel.java:open(61)) - open log_inprogress_0 at position 0
2025-07-15 19:44:37,193 [73892b45-0ad3-4392-8d09-ab2d1cd7ede4-groupManagement] INFO  server.RaftServerConfigKeys (ConfUtils.java:logGet(62)) - raft.server.log.write.buffer.size = 33554440 (custom)
2025-07-15 19:44:37,208 [73892b45-0ad3-4392-8d09-ab2d1cd7ede4-groupManagement] INFO  server.RaftServerConfigKeys (ConfUtils.java:logGet(62)) - raft.server.log.appender.buffer.byte-limit = 33554432 (custom)
2025-07-15 19:44:37,208 [73892b45-0ad3-4392-8d09-ab2d1cd7ede4-groupManagement] INFO  segmented.SegmentedRaftLogWorker (SegmentedRaftLogWorker.java:lambda$new$0(141)) - 73892b45-0ad3-4392-8d09-ab2d1cd7ede4@group-D4D9E1AFA3FC-SegmentedRaftLogWorker: flushIndex: setUnconditionally 0 -> -1
2025-07-15 19:44:37,209 [73892b45-0ad3-4392-8d09-ab2d1cd7ede4-groupManagement] INFO  segmented.SegmentedRaftLogWorker (SegmentedRaftLogWorker.java:lambda$new$0(141)) - 73892b45-0ad3-4392-8d09-ab2d1cd7ede4@group-D4D9E1AFA3FC-SegmentedRaftLogWorker: safeCacheEvictIndex: setUnconditionally 0 -> -1
2025-07-15 19:44:37,210 [73892b45-0ad3-4392-8d09-ab2d1cd7ede4-groupManagement] INFO  server.RaftServer$Division (RaftServerImpl.java:start(405)) - 73892b45-0ad3-4392-8d09-ab2d1cd7ede4@group-D4D9E1AFA3FC: start as a follower, conf=conf: {index: -1, cur=peers:[262265f8-b6b0-4173-8249-6c4ff56c562c|127.0.0.1:15063, 73892b45-0ad3-4392-8d09-ab2d1cd7ede4|127.0.0.1:15071, edffad61-d5a0-4c2f-abd3-1d848b9782f9|127.0.0.1:15079]|listeners:[], old=null}
2025-07-15 19:44:37,210 [73892b45-0ad3-4392-8d09-ab2d1cd7ede4-groupManagement] INFO  server.RaftServer$Division (RaftServerImpl.java:setRole(392)) - 73892b45-0ad3-4392-8d09-ab2d1cd7ede4@group-D4D9E1AFA3FC: changes role from      null to FOLLOWER at term 0 for startAsFollower
2025-07-15 19:44:37,210 [73892b45-0ad3-4392-8d09-ab2d1cd7ede4-groupManagement] INFO  impl.RoleInfo (RoleInfo.java:updateAndGet(148)) - 73892b45-0ad3-4392-8d09-ab2d1cd7ede4: start 73892b45-0ad3-4392-8d09-ab2d1cd7ede4@group-D4D9E1AFA3FC-FollowerState
2025-07-15 19:44:37,210 [73892b45-0ad3-4392-8d09-ab2d1cd7ede4-groupManagement] INFO  util.JmxRegister (JmxRegister.java:tryRegister(44)) - Successfully registered JMX Bean with object name Ratis:service=RaftServer,group=group-D4D9E1AFA3FC,id=73892b45-0ad3-4392-8d09-ab2d1cd7ede4
2025-07-15 19:44:37,210 [73892b45-0ad3-4392-8d09-ab2d1cd7ede4-groupManagement] INFO  util.JmxRegister (JmxRegister.java:register(58)) - register mxBean class org.apache.ratis.server.impl.RaftServerJmxAdapter as Ratis:service=RaftServer,group=group-D4D9E1AFA3FC,id=73892b45-0ad3-4392-8d09-ab2d1cd7ede4
2025-07-15 19:44:37,212 [73892b45-0ad3-4392-8d09-ab2d1cd7ede4-groupManagement] INFO  server.RaftServer$Division (RaftServerImpl.java:start(419)) - 73892b45-0ad3-4392-8d09-ab2d1cd7ede4@group-D4D9E1AFA3FC: Successfully started.
2025-07-15 19:44:37,220 [cd936fa6-15d5-4ef8-867a-01454d889292@group-2A5F69F5E925-SegmentedRaftLogWorker] INFO  segmented.SegmentedRaftLogWorker (SegmentedRaftLogWorker.java:execute(647)) - cd936fa6-15d5-4ef8-867a-01454d889292@group-2A5F69F5E925-SegmentedRaftLogWorker: created new log segment /home/runner/work/ozone/ozone/hadoop-ozone/integration-test/target/test-dir/MiniOzoneClusterImpl-7a2c00ee-15e1-4921-aa6b-526c14ec89d8/ozone-meta/datanode-1/ratis/8f3fb533-c6ad-481d-821b-2a5f69f5e925/current/log_inprogress_0
2025-07-15 19:44:37,221 [5109dbd0-88b3-4954-9428-6522438831f5@group-2A5F69F5E925-SegmentedRaftLogWorker] INFO  segmented.SegmentedRaftLogWorker (SegmentedRaftLogWorker.java:execute(647)) - 5109dbd0-88b3-4954-9428-6522438831f5@group-2A5F69F5E925-SegmentedRaftLogWorker: created new log segment /home/runner/work/ozone/ozone/hadoop-ozone/integration-test/target/test-dir/MiniOzoneClusterImpl-7a2c00ee-15e1-4921-aa6b-526c14ec89d8/ozone-meta/datanode-3/ratis/8f3fb533-c6ad-481d-821b-2a5f69f5e925/current/log_inprogress_0
2025-07-15 19:44:37,230 [e96bea54-5ec2-4bc1-91ca-a280b757147d@group-2A5F69F5E925-StateMachineUpdater] INFO  server.RaftServer$Division (LeaderStateImpl.java:checkStartIndex(309)) - Leader e96bea54-5ec2-4bc1-91ca-a280b757147d@group-2A5F69F5E925-LeaderStateImpl is ready since appliedIndex == startIndex == 0
2025-07-15 19:44:37,230 [e96bea54-5ec2-4bc1-91ca-a280b757147d@group-2A5F69F5E925-StateMachineUpdater] INFO  ratis.ContainerStateMachine (ContainerStateMachine.java:takeSnapshot(427)) - group-2A5F69F5E925: Taking a snapshot at:(t:1, i:0) file /home/runner/work/ozone/ozone/hadoop-ozone/integration-test/target/test-dir/MiniOzoneClusterImpl-7a2c00ee-15e1-4921-aa6b-526c14ec89d8/ozone-meta/datanode-2/ratis/8f3fb533-c6ad-481d-821b-2a5f69f5e925/sm/snapshot.1_0
2025-07-15 19:44:37,231 [e96bea54-5ec2-4bc1-91ca-a280b757147d@group-2A5F69F5E925-StateMachineUpdater] INFO  ratis.ContainerStateMachine (ContainerStateMachine.java:takeSnapshot(436)) - group-2A5F69F5E925: Finished taking a snapshot at:(t:1, i:0) file:/home/runner/work/ozone/ozone/hadoop-ozone/integration-test/target/test-dir/MiniOzoneClusterImpl-7a2c00ee-15e1-4921-aa6b-526c14ec89d8/ozone-meta/datanode-2/ratis/8f3fb533-c6ad-481d-821b-2a5f69f5e925/sm/snapshot.1_0 took: 1 ms
2025-07-15 19:44:37,232 [e96bea54-5ec2-4bc1-91ca-a280b757147d@group-2A5F69F5E925-StateMachineUpdater] INFO  impl.StateMachineUpdater (StateMachineUpdater.java:takeSnapshot(307)) - e96bea54-5ec2-4bc1-91ca-a280b757147d@group-2A5F69F5E925-StateMachineUpdater: Took a snapshot at index 0
2025-07-15 19:44:37,232 [e96bea54-5ec2-4bc1-91ca-a280b757147d@group-2A5F69F5E925-StateMachineUpdater] INFO  impl.StateMachineUpdater (StateMachineUpdater.java:lambda$new$0(101)) - e96bea54-5ec2-4bc1-91ca-a280b757147d@group-2A5F69F5E925-StateMachineUpdater: snapshotIndex: updateIncreasingly -1 -> 0
2025-07-15 19:44:37,232 [grpc-default-executor-5] INFO  server.RaftServer (RaftServerProxy.java:addNew(105)) - edffad61-d5a0-4c2f-abd3-1d848b9782f9: addNew group-D4D9E1AFA3FC:[262265f8-b6b0-4173-8249-6c4ff56c562c|127.0.0.1:15063, 73892b45-0ad3-4392-8d09-ab2d1cd7ede4|127.0.0.1:15071, edffad61-d5a0-4c2f-abd3-1d848b9782f9|127.0.0.1:15079] returns group-D4D9E1AFA3FC:java.util.concurrent.CompletableFuture@6781cadf[Not completed]
2025-07-15 19:44:37,235 [edffad61-d5a0-4c2f-abd3-1d848b9782f9-groupManagement] INFO  server.RaftServer$Division (RaftServerImpl.java:<init>(268)) - edffad61-d5a0-4c2f-abd3-1d848b9782f9: new RaftServerImpl for group-D4D9E1AFA3FC:[262265f8-b6b0-4173-8249-6c4ff56c562c|127.0.0.1:15063, 73892b45-0ad3-4392-8d09-ab2d1cd7ede4|127.0.0.1:15071, edffad61-d5a0-4c2f-abd3-1d848b9782f9|127.0.0.1:15079] with ContainerStateMachine:uninitialized
2025-07-15 19:44:37,235 [edffad61-d5a0-4c2f-abd3-1d848b9782f9-groupManagement] INFO  server.RaftServer$Division (ServerState.java:<init>(114)) - edffad61-d5a0-4c2f-abd3-1d848b9782f9@group-D4D9E1AFA3FC: ConfigurationManager, init=conf: {index: -1, cur=peers:[262265f8-b6b0-4173-8249-6c4ff56c562c|127.0.0.1:15063, 73892b45-0ad3-4392-8d09-ab2d1cd7ede4|127.0.0.1:15071, edffad61-d5a0-4c2f-abd3-1d848b9782f9|127.0.0.1:15079]|listeners:[], old=null}, confs=<EMPTY_MAP>
2025-07-15 19:44:37,242 [edffad61-d5a0-4c2f-abd3-1d848b9782f9-groupManagement] INFO  server.RaftServerConfigKeys (ConfUtils.java:logGet(62)) - raft.server.storage.dir = [/home/runner/work/ozone/ozone/hadoop-ozone/integration-test/target/test-dir/MiniOzoneClusterImpl-7a2c00ee-15e1-4921-aa6b-526c14ec89d8/ozone-meta/datanode-9/ratis] (custom)
2025-07-15 19:44:37,243 [edffad61-d5a0-4c2f-abd3-1d848b9782f9-groupManagement] INFO  storage.RaftStorageDirectory (RaftStorageDirectoryImpl.java:analyzeStorage(138)) - The storage directory /home/runner/work/ozone/ozone/hadoop-ozone/integration-test/target/test-dir/MiniOzoneClusterImpl-7a2c00ee-15e1-4921-aa6b-526c14ec89d8/ozone-meta/datanode-9/ratis/f182326e-4933-482b-ba7e-d4d9e1afa3fc does not exist. Creating ...
2025-07-15 19:44:37,244 [edffad61-d5a0-4c2f-abd3-1d848b9782f9-groupManagement] INFO  storage.RaftStorageDirectory (RaftStorageDirectoryImpl.java:tryLock(229)) - Lock on /home/runner/work/ozone/ozone/hadoop-ozone/integration-test/target/test-dir/MiniOzoneClusterImpl-7a2c00ee-15e1-4921-aa6b-526c14ec89d8/ozone-meta/datanode-9/ratis/f182326e-4933-482b-ba7e-d4d9e1afa3fc/in_use.lock acquired by nodename 18953@localhost
2025-07-15 19:44:37,246 [edffad61-d5a0-4c2f-abd3-1d848b9782f9-groupManagement] INFO  storage.RaftStorage (RaftStorageImpl.java:format(98)) - Storage directory /home/runner/work/ozone/ozone/hadoop-ozone/integration-test/target/test-dir/MiniOzoneClusterImpl-7a2c00ee-15e1-4921-aa6b-526c14ec89d8/ozone-meta/datanode-9/ratis/f182326e-4933-482b-ba7e-d4d9e1afa3fc has been successfully formatted.
2025-07-15 19:44:37,249 [edffad61-d5a0-4c2f-abd3-1d848b9782f9-groupManagement] INFO  ratis.ContainerStateMachine (ContainerStateMachine.java:initialize(339)) - edffad61-d5a0-4c2f-abd3-1d848b9782f9: initialize group-D4D9E1AFA3FC
2025-07-15 19:44:37,249 [edffad61-d5a0-4c2f-abd3-1d848b9782f9-groupManagement] INFO  ratis.ContainerStateMachine (ContainerStateMachine.java:loadSnapshot(347)) - group-D4D9E1AFA3FC: The snapshot info is null. Setting the last applied index to:<INITIAL_VALUE>
2025-07-15 19:44:37,249 [edffad61-d5a0-4c2f-abd3-1d848b9782f9-groupManagement] INFO  server.RaftServerConfigKeys (ConfUtils.java:logGet(62)) - raft.server.log.appender.buffer.byte-limit = 33554432 (custom)
2025-07-15 19:44:37,251 [73892b45-0ad3-4392-8d09-ab2d1cd7ede4-PipelineCommandHandlerThread-0] INFO  server.RaftServer (RaftServerProxy.java:addNew(105)) - 73892b45-0ad3-4392-8d09-ab2d1cd7ede4: addNew group-7BA2381FBCC4:[73892b45-0ad3-4392-8d09-ab2d1cd7ede4|127.0.0.1:15071] returns group-7BA2381FBCC4:java.util.concurrent.CompletableFuture@53a06fc[Not completed]
2025-07-15 19:44:37,252 [edffad61-d5a0-4c2f-abd3-1d848b9782f9-groupManagement] INFO  server.RaftServerConfigKeys (ConfUtils.java:logGet(62)) - raft.server.log.segment.size.max = 67108864 (custom)
2025-07-15 19:44:37,253 [edffad61-d5a0-4c2f-abd3-1d848b9782f9-groupManagement] INFO  server.RaftServerConfigKeys (ConfUtils.java:logGet(62)) - raft.server.log.appender.buffer.byte-limit = 33554432 (custom)
2025-07-15 19:44:37,255 [edffad61-d5a0-4c2f-abd3-1d848b9782f9-groupManagement] INFO  util.AwaitToRun (AwaitToRun.java:start(81)) - Thread[#1369,edffad61-d5a0-4c2f-abd3-1d848b9782f9@group-D4D9E1AFA3FC-cacheEviction-AwaitToRun,5,main] started
2025-07-15 19:44:37,256 [edffad61-d5a0-4c2f-abd3-1d848b9782f9-groupManagement] INFO  segmented.SegmentedRaftLogWorker (SegmentedRaftLogWorker.java:<init>(190)) - new edffad61-d5a0-4c2f-abd3-1d848b9782f9@group-D4D9E1AFA3FC-SegmentedRaftLogWorker for RaftStorageImpl:Storage Directory /home/runner/work/ozone/ozone/hadoop-ozone/integration-test/target/test-dir/MiniOzoneClusterImpl-7a2c00ee-15e1-4921-aa6b-526c14ec89d8/ozone-meta/datanode-9/ratis/f182326e-4933-482b-ba7e-d4d9e1afa3fc
2025-07-15 19:44:37,256 [edffad61-d5a0-4c2f-abd3-1d848b9782f9-groupManagement] INFO  server.RaftServerConfigKeys (ConfUtils.java:logGet(62)) - raft.server.log.queue.byte-limit = 4294967296 (custom)
2025-07-15 19:44:37,254 [73892b45-0ad3-4392-8d09-ab2d1cd7ede4-groupManagement] INFO  server.RaftServer$Division (RaftServerImpl.java:<init>(268)) - 73892b45-0ad3-4392-8d09-ab2d1cd7ede4: new RaftServerImpl for group-7BA2381FBCC4:[73892b45-0ad3-4392-8d09-ab2d1cd7ede4|127.0.0.1:15071] with ContainerStateMachine:uninitialized
2025-07-15 19:44:37,257 [edffad61-d5a0-4c2f-abd3-1d848b9782f9-groupManagement] INFO  server.RaftServerConfigKeys (ConfUtils.java:logGet(62)) - raft.server.log.segment.size.max = 67108864 (custom)
2025-07-15 19:44:37,257 [73892b45-0ad3-4392-8d09-ab2d1cd7ede4-groupManagement] INFO  server.RaftServer$Division (ServerState.java:<init>(114)) - 73892b45-0ad3-4392-8d09-ab2d1cd7ede4@group-7BA2381FBCC4: ConfigurationManager, init=conf: {index: -1, cur=peers:[73892b45-0ad3-4392-8d09-ab2d1cd7ede4|127.0.0.1:15071]|listeners:[], old=null}, confs=<EMPTY_MAP>
2025-07-15 19:44:37,257 [edffad61-d5a0-4c2f-abd3-1d848b9782f9-groupManagement] INFO  server.RaftServerConfigKeys (ConfUtils.java:logGet(62)) - raft.server.log.preallocated.size = 4194304 (custom)
2025-07-15 19:44:37,259 [edffad61-d5a0-4c2f-abd3-1d848b9782f9-groupManagement] INFO  server.RaftServerConfigKeys (ConfUtils.java:logGet(62)) - raft.server.log.write.buffer.size = 33554440 (custom)
2025-07-15 19:44:37,264 [73892b45-0ad3-4392-8d09-ab2d1cd7ede4-groupManagement] INFO  server.RaftServerConfigKeys (ConfUtils.java:logGet(62)) - raft.server.storage.dir = [/home/runner/work/ozone/ozone/hadoop-ozone/integration-test/target/test-dir/MiniOzoneClusterImpl-7a2c00ee-15e1-4921-aa6b-526c14ec89d8/ozone-meta/datanode-8/ratis] (custom)
2025-07-15 19:44:37,264 [73892b45-0ad3-4392-8d09-ab2d1cd7ede4-groupManagement] INFO  storage.RaftStorageDirectory (RaftStorageDirectoryImpl.java:analyzeStorage(138)) - The storage directory /home/runner/work/ozone/ozone/hadoop-ozone/integration-test/target/test-dir/MiniOzoneClusterImpl-7a2c00ee-15e1-4921-aa6b-526c14ec89d8/ozone-meta/datanode-8/ratis/284c284b-2a2a-42d6-8173-7ba2381fbcc4 does not exist. Creating ...
2025-07-15 19:44:37,265 [73892b45-0ad3-4392-8d09-ab2d1cd7ede4-groupManagement] INFO  storage.RaftStorageDirectory (RaftStorageDirectoryImpl.java:tryLock(229)) - Lock on /home/runner/work/ozone/ozone/hadoop-ozone/integration-test/target/test-dir/MiniOzoneClusterImpl-7a2c00ee-15e1-4921-aa6b-526c14ec89d8/ozone-meta/datanode-8/ratis/284c284b-2a2a-42d6-8173-7ba2381fbcc4/in_use.lock acquired by nodename 18953@localhost
2025-07-15 19:44:37,266 [edffad61-d5a0-4c2f-abd3-1d848b9782f9-groupManagement] INFO  server.RaftServerConfigKeys (ConfUtils.java:logGet(62)) - raft.server.log.appender.buffer.byte-limit = 33554432 (custom)
2025-07-15 19:44:37,267 [edffad61-d5a0-4c2f-abd3-1d848b9782f9-groupManagement] INFO  segmented.SegmentedRaftLogWorker (SegmentedRaftLogWorker.java:lambda$new$0(141)) - edffad61-d5a0-4c2f-abd3-1d848b9782f9@group-D4D9E1AFA3FC-SegmentedRaftLogWorker: flushIndex: setUnconditionally 0 -> -1
2025-07-15 19:44:37,267 [edffad61-d5a0-4c2f-abd3-1d848b9782f9-groupManagement] INFO  segmented.SegmentedRaftLogWorker (SegmentedRaftLogWorker.java:lambda$new$0(141)) - edffad61-d5a0-4c2f-abd3-1d848b9782f9@group-D4D9E1AFA3FC-SegmentedRaftLogWorker: safeCacheEvictIndex: setUnconditionally 0 -> -1
2025-07-15 19:44:37,267 [73892b45-0ad3-4392-8d09-ab2d1cd7ede4-groupManagement] INFO  storage.RaftStorage (RaftStorageImpl.java:format(98)) - Storage directory /home/runner/work/ozone/ozone/hadoop-ozone/integration-test/target/test-dir/MiniOzoneClusterImpl-7a2c00ee-15e1-4921-aa6b-526c14ec89d8/ozone-meta/datanode-8/ratis/284c284b-2a2a-42d6-8173-7ba2381fbcc4 has been successfully formatted.
2025-07-15 19:44:37,268 [edffad61-d5a0-4c2f-abd3-1d848b9782f9-groupManagement] INFO  server.RaftServer$Division (RaftServerImpl.java:start(405)) - edffad61-d5a0-4c2f-abd3-1d848b9782f9@group-D4D9E1AFA3FC: start as a follower, conf=conf: {index: -1, cur=peers:[262265f8-b6b0-4173-8249-6c4ff56c562c|127.0.0.1:15063, 73892b45-0ad3-4392-8d09-ab2d1cd7ede4|127.0.0.1:15071, edffad61-d5a0-4c2f-abd3-1d848b9782f9|127.0.0.1:15079]|listeners:[], old=null}
2025-07-15 19:44:37,268 [edffad61-d5a0-4c2f-abd3-1d848b9782f9-groupManagement] INFO  server.RaftServer$Division (RaftServerImpl.java:setRole(392)) - edffad61-d5a0-4c2f-abd3-1d848b9782f9@group-D4D9E1AFA3FC: changes role from      null to FOLLOWER at term 0 for startAsFollower
2025-07-15 19:44:37,268 [edffad61-d5a0-4c2f-abd3-1d848b9782f9-groupManagement] INFO  impl.RoleInfo (RoleInfo.java:updateAndGet(148)) - edffad61-d5a0-4c2f-abd3-1d848b9782f9: start edffad61-d5a0-4c2f-abd3-1d848b9782f9@group-D4D9E1AFA3FC-FollowerState
2025-07-15 19:44:37,268 [73892b45-0ad3-4392-8d09-ab2d1cd7ede4-groupManagement] INFO  ratis.ContainerStateMachine (ContainerStateMachine.java:initialize(339)) - 73892b45-0ad3-4392-8d09-ab2d1cd7ede4: initialize group-7BA2381FBCC4
2025-07-15 19:44:37,268 [73892b45-0ad3-4392-8d09-ab2d1cd7ede4-groupManagement] INFO  ratis.ContainerStateMachine (ContainerStateMachine.java:loadSnapshot(347)) - group-7BA2381FBCC4: The snapshot info is null. Setting the last applied index to:<INITIAL_VALUE>
2025-07-15 19:44:37,268 [73892b45-0ad3-4392-8d09-ab2d1cd7ede4-groupManagement] INFO  server.RaftServerConfigKeys (ConfUtils.java:logGet(62)) - raft.server.log.appender.buffer.byte-limit = 33554432 (custom)
2025-07-15 19:44:37,270 [edffad61-d5a0-4c2f-abd3-1d848b9782f9-groupManagement] INFO  util.JmxRegister (JmxRegister.java:tryRegister(44)) - Successfully registered JMX Bean with object name Ratis:service=RaftServer,group=group-D4D9E1AFA3FC,id=edffad61-d5a0-4c2f-abd3-1d848b9782f9
2025-07-15 19:44:37,271 [edffad61-d5a0-4c2f-abd3-1d848b9782f9-groupManagement] INFO  util.JmxRegister (JmxRegister.java:register(58)) - register mxBean class org.apache.ratis.server.impl.RaftServerJmxAdapter as Ratis:service=RaftServer,group=group-D4D9E1AFA3FC,id=edffad61-d5a0-4c2f-abd3-1d848b9782f9
2025-07-15 19:44:37,271 [73892b45-0ad3-4392-8d09-ab2d1cd7ede4-groupManagement] INFO  server.RaftServerConfigKeys (ConfUtils.java:logGet(62)) - raft.server.log.segment.size.max = 67108864 (custom)
2025-07-15 19:44:37,274 [edffad61-d5a0-4c2f-abd3-1d848b9782f9-groupManagement] INFO  server.RaftServer$Division (RaftServerImpl.java:start(419)) - edffad61-d5a0-4c2f-abd3-1d848b9782f9@group-D4D9E1AFA3FC: Successfully started.
2025-07-15 19:44:37,274 [EventQueue-PipelineReportForPipelineReportHandler] INFO  pipeline.PipelineReportHandler (PipelineReportHandler.java:processPipelineReport(134)) - Opened pipeline Pipeline-284c284b-2a2a-42d6-8173-7ba2381fbcc4
2025-07-15 19:44:37,274 [73892b45-0ad3-4392-8d09-ab2d1cd7ede4-groupManagement] INFO  server.RaftServerConfigKeys (ConfUtils.java:logGet(62)) - raft.server.log.appender.buffer.byte-limit = 33554432 (custom)
2025-07-15 19:44:37,275 [73892b45-0ad3-4392-8d09-ab2d1cd7ede4-groupManagement] INFO  util.AwaitToRun (AwaitToRun.java:start(81)) - Thread[#1373,73892b45-0ad3-4392-8d09-ab2d1cd7ede4@group-7BA2381FBCC4-cacheEviction-AwaitToRun,5,main] started
2025-07-15 19:44:37,275 [73892b45-0ad3-4392-8d09-ab2d1cd7ede4-groupManagement] INFO  segmented.SegmentedRaftLogWorker (SegmentedRaftLogWorker.java:<init>(190)) - new 73892b45-0ad3-4392-8d09-ab2d1cd7ede4@group-7BA2381FBCC4-SegmentedRaftLogWorker for RaftStorageImpl:Storage Directory /home/runner/work/ozone/ozone/hadoop-ozone/integration-test/target/test-dir/MiniOzoneClusterImpl-7a2c00ee-15e1-4921-aa6b-526c14ec89d8/ozone-meta/datanode-8/ratis/284c284b-2a2a-42d6-8173-7ba2381fbcc4
2025-07-15 19:44:37,275 [73892b45-0ad3-4392-8d09-ab2d1cd7ede4-groupManagement] INFO  server.RaftServerConfigKeys (ConfUtils.java:logGet(62)) - raft.server.log.queue.byte-limit = 4294967296 (custom)
2025-07-15 19:44:37,276 [73892b45-0ad3-4392-8d09-ab2d1cd7ede4-groupManagement] INFO  server.RaftServerConfigKeys (ConfUtils.java:logGet(62)) - raft.server.log.segment.size.max = 67108864 (custom)
2025-07-15 19:44:37,276 [73892b45-0ad3-4392-8d09-ab2d1cd7ede4-groupManagement] INFO  server.RaftServerConfigKeys (ConfUtils.java:logGet(62)) - raft.server.log.preallocated.size = 4194304 (custom)
2025-07-15 19:44:37,277 [73892b45-0ad3-4392-8d09-ab2d1cd7ede4-groupManagement] INFO  server.RaftServerConfigKeys (ConfUtils.java:logGet(62)) - raft.server.log.write.buffer.size = 33554440 (custom)
2025-07-15 19:44:37,283 [262265f8-b6b0-4173-8249-6c4ff56c562c-PipelineCommandHandlerThread-0] INFO  commandhandler.CreatePipelineCommandHandler (CreatePipelineCommandHandler.java:lambda$handle$2(127)) - Created Pipeline RATIS THREE Pipeline-f182326e-4933-482b-ba7e-d4d9e1afa3fc.
2025-07-15 19:44:37,283 [262265f8-b6b0-4173-8249-6c4ff56c562c-PipelineCommandHandlerThread-0] INFO  server.RaftServer (RaftServerProxy.java:addNew(105)) - 262265f8-b6b0-4173-8249-6c4ff56c562c: addNew group-A35D399F7985:[262265f8-b6b0-4173-8249-6c4ff56c562c|127.0.0.1:15063, 73892b45-0ad3-4392-8d09-ab2d1cd7ede4|127.0.0.1:15071, edffad61-d5a0-4c2f-abd3-1d848b9782f9|127.0.0.1:15079] returns group-A35D399F7985:java.util.concurrent.CompletableFuture@6c8428d9[Not completed]
2025-07-15 19:44:37,284 [73892b45-0ad3-4392-8d09-ab2d1cd7ede4-groupManagement] INFO  server.RaftServerConfigKeys (ConfUtils.java:logGet(62)) - raft.server.log.appender.buffer.byte-limit = 33554432 (custom)
2025-07-15 19:44:37,285 [73892b45-0ad3-4392-8d09-ab2d1cd7ede4-groupManagement] INFO  segmented.SegmentedRaftLogWorker (SegmentedRaftLogWorker.java:lambda$new$0(141)) - 73892b45-0ad3-4392-8d09-ab2d1cd7ede4@group-7BA2381FBCC4-SegmentedRaftLogWorker: flushIndex: setUnconditionally 0 -> -1
2025-07-15 19:44:37,285 [73892b45-0ad3-4392-8d09-ab2d1cd7ede4-groupManagement] INFO  segmented.SegmentedRaftLogWorker (SegmentedRaftLogWorker.java:lambda$new$0(141)) - 73892b45-0ad3-4392-8d09-ab2d1cd7ede4@group-7BA2381FBCC4-SegmentedRaftLogWorker: safeCacheEvictIndex: setUnconditionally 0 -> -1
2025-07-15 19:44:37,286 [262265f8-b6b0-4173-8249-6c4ff56c562c-groupManagement] INFO  server.RaftServer$Division (RaftServerImpl.java:<init>(268)) - 262265f8-b6b0-4173-8249-6c4ff56c562c: new RaftServerImpl for group-A35D399F7985:[262265f8-b6b0-4173-8249-6c4ff56c562c|127.0.0.1:15063, 73892b45-0ad3-4392-8d09-ab2d1cd7ede4|127.0.0.1:15071, edffad61-d5a0-4c2f-abd3-1d848b9782f9|127.0.0.1:15079] with ContainerStateMachine:uninitialized
2025-07-15 19:44:37,287 [262265f8-b6b0-4173-8249-6c4ff56c562c-groupManagement] INFO  server.RaftServer$Division (ServerState.java:<init>(114)) - 262265f8-b6b0-4173-8249-6c4ff56c562c@group-A35D399F7985: ConfigurationManager, init=conf: {index: -1, cur=peers:[262265f8-b6b0-4173-8249-6c4ff56c562c|127.0.0.1:15063, 73892b45-0ad3-4392-8d09-ab2d1cd7ede4|127.0.0.1:15071, edffad61-d5a0-4c2f-abd3-1d848b9782f9|127.0.0.1:15079]|listeners:[], old=null}, confs=<EMPTY_MAP>
2025-07-15 19:44:37,287 [73892b45-0ad3-4392-8d09-ab2d1cd7ede4-groupManagement] INFO  server.RaftServer$Division (RaftServerImpl.java:start(405)) - 73892b45-0ad3-4392-8d09-ab2d1cd7ede4@group-7BA2381FBCC4: start as a follower, conf=conf: {index: -1, cur=peers:[73892b45-0ad3-4392-8d09-ab2d1cd7ede4|127.0.0.1:15071]|listeners:[], old=null}
2025-07-15 19:44:37,287 [73892b45-0ad3-4392-8d09-ab2d1cd7ede4-groupManagement] INFO  server.RaftServer$Division (RaftServerImpl.java:setRole(392)) - 73892b45-0ad3-4392-8d09-ab2d1cd7ede4@group-7BA2381FBCC4: changes role from      null to FOLLOWER at term 0 for startAsFollower
2025-07-15 19:44:37,287 [73892b45-0ad3-4392-8d09-ab2d1cd7ede4-groupManagement] INFO  impl.RoleInfo (RoleInfo.java:updateAndGet(148)) - 73892b45-0ad3-4392-8d09-ab2d1cd7ede4: start 73892b45-0ad3-4392-8d09-ab2d1cd7ede4@group-7BA2381FBCC4-FollowerState
2025-07-15 19:44:37,288 [73892b45-0ad3-4392-8d09-ab2d1cd7ede4-groupManagement] INFO  util.JmxRegister (JmxRegister.java:tryRegister(44)) - Successfully registered JMX Bean with object name Ratis:service=RaftServer,group=group-7BA2381FBCC4,id=73892b45-0ad3-4392-8d09-ab2d1cd7ede4
2025-07-15 19:44:37,288 [73892b45-0ad3-4392-8d09-ab2d1cd7ede4-groupManagement] INFO  util.JmxRegister (JmxRegister.java:register(58)) - register mxBean class org.apache.ratis.server.impl.RaftServerJmxAdapter as Ratis:service=RaftServer,group=group-7BA2381FBCC4,id=73892b45-0ad3-4392-8d09-ab2d1cd7ede4
2025-07-15 19:44:37,292 [73892b45-0ad3-4392-8d09-ab2d1cd7ede4-groupManagement] INFO  server.RaftServer$Division (RaftServerImpl.java:start(419)) - 73892b45-0ad3-4392-8d09-ab2d1cd7ede4@group-7BA2381FBCC4: Successfully started.
2025-07-15 19:44:37,292 [73892b45-0ad3-4392-8d09-ab2d1cd7ede4-PipelineCommandHandlerThread-0] INFO  ratis.XceiverServerRatis (XceiverServerRatis.java:addGroup(843)) - Created group Pipeline-284c284b-2a2a-42d6-8173-7ba2381fbcc4
2025-07-15 19:44:37,292 [73892b45-0ad3-4392-8d09-ab2d1cd7ede4-PipelineCommandHandlerThread-0] INFO  commandhandler.CreatePipelineCommandHandler (CreatePipelineCommandHandler.java:lambda$handle$2(127)) - Created Pipeline RATIS ONE Pipeline-284c284b-2a2a-42d6-8173-7ba2381fbcc4.
2025-07-15 19:44:37,293 [262265f8-b6b0-4173-8249-6c4ff56c562c-groupManagement] INFO  server.RaftServerConfigKeys (ConfUtils.java:logGet(62)) - raft.server.storage.dir = [/home/runner/work/ozone/ozone/hadoop-ozone/integration-test/target/test-dir/MiniOzoneClusterImpl-7a2c00ee-15e1-4921-aa6b-526c14ec89d8/ozone-meta/datanode-7/ratis] (custom)
2025-07-15 19:44:37,295 [73892b45-0ad3-4392-8d09-ab2d1cd7ede4-groupManagement] INFO  server.RaftServer$Division (RaftServerImpl.java:<init>(268)) - 73892b45-0ad3-4392-8d09-ab2d1cd7ede4: new RaftServerImpl for group-A35D399F7985:[262265f8-b6b0-4173-8249-6c4ff56c562c|127.0.0.1:15063, 73892b45-0ad3-4392-8d09-ab2d1cd7ede4|127.0.0.1:15071, edffad61-d5a0-4c2f-abd3-1d848b9782f9|127.0.0.1:15079] with ContainerStateMachine:uninitialized
2025-07-15 19:44:37,295 [73892b45-0ad3-4392-8d09-ab2d1cd7ede4-groupManagement] INFO  server.RaftServer$Division (ServerState.java:<init>(114)) - 73892b45-0ad3-4392-8d09-ab2d1cd7ede4@group-A35D399F7985: ConfigurationManager, init=conf: {index: -1, cur=peers:[262265f8-b6b0-4173-8249-6c4ff56c562c|127.0.0.1:15063, 73892b45-0ad3-4392-8d09-ab2d1cd7ede4|127.0.0.1:15071, edffad61-d5a0-4c2f-abd3-1d848b9782f9|127.0.0.1:15079]|listeners:[], old=null}, confs=<EMPTY_MAP>
2025-07-15 19:44:37,295 [262265f8-b6b0-4173-8249-6c4ff56c562c-groupManagement] INFO  storage.RaftStorageDirectory (RaftStorageDirectoryImpl.java:analyzeStorage(138)) - The storage directory /home/runner/work/ozone/ozone/hadoop-ozone/integration-test/target/test-dir/MiniOzoneClusterImpl-7a2c00ee-15e1-4921-aa6b-526c14ec89d8/ozone-meta/datanode-7/ratis/c5ee18f9-7bb3-48ae-90e0-a35d399f7985 does not exist. Creating ...
2025-07-15 19:44:37,296 [73892b45-0ad3-4392-8d09-ab2d1cd7ede4-PipelineCommandHandlerThread-0] INFO  server.RaftServer (RaftServerProxy.java:addNew(105)) - 73892b45-0ad3-4392-8d09-ab2d1cd7ede4: addNew group-A35D399F7985:[262265f8-b6b0-4173-8249-6c4ff56c562c|127.0.0.1:15063, 73892b45-0ad3-4392-8d09-ab2d1cd7ede4|127.0.0.1:15071, edffad61-d5a0-4c2f-abd3-1d848b9782f9|127.0.0.1:15079] returns group-A35D399F7985:java.util.concurrent.CompletableFuture@bfdf82b[Not completed]
2025-07-15 19:44:37,297 [262265f8-b6b0-4173-8249-6c4ff56c562c-groupManagement] INFO  storage.RaftStorageDirectory (RaftStorageDirectoryImpl.java:tryLock(229)) - Lock on /home/runner/work/ozone/ozone/hadoop-ozone/integration-test/target/test-dir/MiniOzoneClusterImpl-7a2c00ee-15e1-4921-aa6b-526c14ec89d8/ozone-meta/datanode-7/ratis/c5ee18f9-7bb3-48ae-90e0-a35d399f7985/in_use.lock acquired by nodename 18953@localhost
2025-07-15 19:44:37,301 [73892b45-0ad3-4392-8d09-ab2d1cd7ede4-groupManagement] INFO  server.RaftServerConfigKeys (ConfUtils.java:logGet(62)) - raft.server.storage.dir = [/home/runner/work/ozone/ozone/hadoop-ozone/integration-test/target/test-dir/MiniOzoneClusterImpl-7a2c00ee-15e1-4921-aa6b-526c14ec89d8/ozone-meta/datanode-8/ratis] (custom)
2025-07-15 19:44:37,302 [73892b45-0ad3-4392-8d09-ab2d1cd7ede4-groupManagement] INFO  storage.RaftStorageDirectory (RaftStorageDirectoryImpl.java:analyzeStorage(138)) - The storage directory /home/runner/work/ozone/ozone/hadoop-ozone/integration-test/target/test-dir/MiniOzoneClusterImpl-7a2c00ee-15e1-4921-aa6b-526c14ec89d8/ozone-meta/datanode-8/ratis/c5ee18f9-7bb3-48ae-90e0-a35d399f7985 does not exist. Creating ...
2025-07-15 19:44:37,302 [262265f8-b6b0-4173-8249-6c4ff56c562c-groupManagement] INFO  storage.RaftStorage (RaftStorageImpl.java:format(98)) - Storage directory /home/runner/work/ozone/ozone/hadoop-ozone/integration-test/target/test-dir/MiniOzoneClusterImpl-7a2c00ee-15e1-4921-aa6b-526c14ec89d8/ozone-meta/datanode-7/ratis/c5ee18f9-7bb3-48ae-90e0-a35d399f7985 has been successfully formatted.
2025-07-15 19:44:37,302 [262265f8-b6b0-4173-8249-6c4ff56c562c-groupManagement] INFO  ratis.ContainerStateMachine (ContainerStateMachine.java:initialize(339)) - 262265f8-b6b0-4173-8249-6c4ff56c562c: initialize group-A35D399F7985
2025-07-15 19:44:37,303 [262265f8-b6b0-4173-8249-6c4ff56c562c-groupManagement] INFO  ratis.ContainerStateMachine (ContainerStateMachine.java:loadSnapshot(347)) - group-A35D399F7985: The snapshot info is null. Setting the last applied index to:<INITIAL_VALUE>
2025-07-15 19:44:37,303 [262265f8-b6b0-4173-8249-6c4ff56c562c-groupManagement] INFO  server.RaftServerConfigKeys (ConfUtils.java:logGet(62)) - raft.server.log.appender.buffer.byte-limit = 33554432 (custom)
2025-07-15 19:44:37,305 [262265f8-b6b0-4173-8249-6c4ff56c562c-groupManagement] INFO  server.RaftServerConfigKeys (ConfUtils.java:logGet(62)) - raft.server.log.segment.size.max = 67108864 (custom)
2025-07-15 19:44:37,306 [262265f8-b6b0-4173-8249-6c4ff56c562c-groupManagement] INFO  server.RaftServerConfigKeys (ConfUtils.java:logGet(62)) - raft.server.log.appender.buffer.byte-limit = 33554432 (custom)
2025-07-15 19:44:37,306 [73892b45-0ad3-4392-8d09-ab2d1cd7ede4-groupManagement] INFO  storage.RaftStorageDirectory (RaftStorageDirectoryImpl.java:tryLock(229)) - Lock on /home/runner/work/ozone/ozone/hadoop-ozone/integration-test/target/test-dir/MiniOzoneClusterImpl-7a2c00ee-15e1-4921-aa6b-526c14ec89d8/ozone-meta/datanode-8/ratis/c5ee18f9-7bb3-48ae-90e0-a35d399f7985/in_use.lock acquired by nodename 18953@localhost
2025-07-15 19:44:37,306 [262265f8-b6b0-4173-8249-6c4ff56c562c-groupManagement] INFO  util.AwaitToRun (AwaitToRun.java:start(81)) - Thread[#1380,262265f8-b6b0-4173-8249-6c4ff56c562c@group-A35D399F7985-cacheEviction-AwaitToRun,5,main] started
2025-07-15 19:44:37,307 [262265f8-b6b0-4173-8249-6c4ff56c562c-groupManagement] INFO  segmented.SegmentedRaftLogWorker (SegmentedRaftLogWorker.java:<init>(190)) - new 262265f8-b6b0-4173-8249-6c4ff56c562c@group-A35D399F7985-SegmentedRaftLogWorker for RaftStorageImpl:Storage Directory /home/runner/work/ozone/ozone/hadoop-ozone/integration-test/target/test-dir/MiniOzoneClusterImpl-7a2c00ee-15e1-4921-aa6b-526c14ec89d8/ozone-meta/datanode-7/ratis/c5ee18f9-7bb3-48ae-90e0-a35d399f7985
2025-07-15 19:44:37,307 [262265f8-b6b0-4173-8249-6c4ff56c562c-groupManagement] INFO  server.RaftServerConfigKeys (ConfUtils.java:logGet(62)) - raft.server.log.queue.byte-limit = 4294967296 (custom)
2025-07-15 19:44:37,309 [73892b45-0ad3-4392-8d09-ab2d1cd7ede4-groupManagement] INFO  storage.RaftStorage (RaftStorageImpl.java:format(98)) - Storage directory /home/runner/work/ozone/ozone/hadoop-ozone/integration-test/target/test-dir/MiniOzoneClusterImpl-7a2c00ee-15e1-4921-aa6b-526c14ec89d8/ozone-meta/datanode-8/ratis/c5ee18f9-7bb3-48ae-90e0-a35d399f7985 has been successfully formatted.
2025-07-15 19:44:37,309 [73892b45-0ad3-4392-8d09-ab2d1cd7ede4-groupManagement] INFO  ratis.ContainerStateMachine (ContainerStateMachine.java:initialize(339)) - 73892b45-0ad3-4392-8d09-ab2d1cd7ede4: initialize group-A35D399F7985
2025-07-15 19:44:37,309 [73892b45-0ad3-4392-8d09-ab2d1cd7ede4-groupManagement] INFO  ratis.ContainerStateMachine (ContainerStateMachine.java:loadSnapshot(347)) - group-A35D399F7985: The snapshot info is null. Setting the last applied index to:<INITIAL_VALUE>
2025-07-15 19:44:37,309 [73892b45-0ad3-4392-8d09-ab2d1cd7ede4-groupManagement] INFO  server.RaftServerConfigKeys (ConfUtils.java:logGet(62)) - raft.server.log.appender.buffer.byte-limit = 33554432 (custom)
2025-07-15 19:44:37,311 [73892b45-0ad3-4392-8d09-ab2d1cd7ede4-groupManagement] INFO  server.RaftServerConfigKeys (ConfUtils.java:logGet(62)) - raft.server.log.segment.size.max = 67108864 (custom)
2025-07-15 19:44:37,311 [73892b45-0ad3-4392-8d09-ab2d1cd7ede4-groupManagement] INFO  server.RaftServerConfigKeys (ConfUtils.java:logGet(62)) - raft.server.log.appender.buffer.byte-limit = 33554432 (custom)
2025-07-15 19:44:37,312 [262265f8-b6b0-4173-8249-6c4ff56c562c-groupManagement] INFO  server.RaftServerConfigKeys (ConfUtils.java:logGet(62)) - raft.server.log.segment.size.max = 67108864 (custom)
2025-07-15 19:44:37,312 [262265f8-b6b0-4173-8249-6c4ff56c562c-groupManagement] INFO  server.RaftServerConfigKeys (ConfUtils.java:logGet(62)) - raft.server.log.preallocated.size = 4194304 (custom)
2025-07-15 19:44:37,312 [262265f8-b6b0-4173-8249-6c4ff56c562c-groupManagement] INFO  server.RaftServerConfigKeys (ConfUtils.java:logGet(62)) - raft.server.log.write.buffer.size = 33554440 (custom)
2025-07-15 19:44:37,318 [73892b45-0ad3-4392-8d09-ab2d1cd7ede4-groupManagement] INFO  util.AwaitToRun (AwaitToRun.java:start(81)) - Thread[#1381,73892b45-0ad3-4392-8d09-ab2d1cd7ede4@group-A35D399F7985-cacheEviction-AwaitToRun,5,main] started
2025-07-15 19:44:37,318 [73892b45-0ad3-4392-8d09-ab2d1cd7ede4-groupManagement] INFO  segmented.SegmentedRaftLogWorker (SegmentedRaftLogWorker.java:<init>(190)) - new 73892b45-0ad3-4392-8d09-ab2d1cd7ede4@group-A35D399F7985-SegmentedRaftLogWorker for RaftStorageImpl:Storage Directory /home/runner/work/ozone/ozone/hadoop-ozone/integration-test/target/test-dir/MiniOzoneClusterImpl-7a2c00ee-15e1-4921-aa6b-526c14ec89d8/ozone-meta/datanode-8/ratis/c5ee18f9-7bb3-48ae-90e0-a35d399f7985
2025-07-15 19:44:37,319 [73892b45-0ad3-4392-8d09-ab2d1cd7ede4-groupManagement] INFO  server.RaftServerConfigKeys (ConfUtils.java:logGet(62)) - raft.server.log.queue.byte-limit = 4294967296 (custom)
2025-07-15 19:44:37,322 [73892b45-0ad3-4392-8d09-ab2d1cd7ede4-groupManagement] INFO  server.RaftServerConfigKeys (ConfUtils.java:logGet(62)) - raft.server.log.segment.size.max = 67108864 (custom)
2025-07-15 19:44:37,322 [73892b45-0ad3-4392-8d09-ab2d1cd7ede4-groupManagement] INFO  server.RaftServerConfigKeys (ConfUtils.java:logGet(62)) - raft.server.log.preallocated.size = 4194304 (custom)
2025-07-15 19:44:37,322 [73892b45-0ad3-4392-8d09-ab2d1cd7ede4-groupManagement] INFO  server.RaftServerConfigKeys (ConfUtils.java:logGet(62)) - raft.server.log.write.buffer.size = 33554440 (custom)
2025-07-15 19:44:37,327 [262265f8-b6b0-4173-8249-6c4ff56c562c-groupManagement] INFO  server.RaftServerConfigKeys (ConfUtils.java:logGet(62)) - raft.server.log.appender.buffer.byte-limit = 33554432 (custom)
2025-07-15 19:44:37,328 [262265f8-b6b0-4173-8249-6c4ff56c562c-groupManagement] INFO  segmented.SegmentedRaftLogWorker (SegmentedRaftLogWorker.java:lambda$new$0(141)) - 262265f8-b6b0-4173-8249-6c4ff56c562c@group-A35D399F7985-SegmentedRaftLogWorker: flushIndex: setUnconditionally 0 -> -1
2025-07-15 19:44:37,329 [262265f8-b6b0-4173-8249-6c4ff56c562c-groupManagement] INFO  segmented.SegmentedRaftLogWorker (SegmentedRaftLogWorker.java:lambda$new$0(141)) - 262265f8-b6b0-4173-8249-6c4ff56c562c@group-A35D399F7985-SegmentedRaftLogWorker: safeCacheEvictIndex: setUnconditionally 0 -> -1
2025-07-15 19:44:37,329 [73892b45-0ad3-4392-8d09-ab2d1cd7ede4-groupManagement] INFO  server.RaftServerConfigKeys (ConfUtils.java:logGet(62)) - raft.server.log.appender.buffer.byte-limit = 33554432 (custom)
2025-07-15 19:44:37,330 [73892b45-0ad3-4392-8d09-ab2d1cd7ede4-groupManagement] INFO  segmented.SegmentedRaftLogWorker (SegmentedRaftLogWorker.java:lambda$new$0(141)) - 73892b45-0ad3-4392-8d09-ab2d1cd7ede4@group-A35D399F7985-SegmentedRaftLogWorker: flushIndex: setUnconditionally 0 -> -1
2025-07-15 19:44:37,330 [73892b45-0ad3-4392-8d09-ab2d1cd7ede4-groupManagement] INFO  segmented.SegmentedRaftLogWorker (SegmentedRaftLogWorker.java:lambda$new$0(141)) - 73892b45-0ad3-4392-8d09-ab2d1cd7ede4@group-A35D399F7985-SegmentedRaftLogWorker: safeCacheEvictIndex: setUnconditionally 0 -> -1
2025-07-15 19:44:37,331 [262265f8-b6b0-4173-8249-6c4ff56c562c-groupManagement] INFO  server.RaftServer$Division (RaftServerImpl.java:start(405)) - 262265f8-b6b0-4173-8249-6c4ff56c562c@group-A35D399F7985: start as a follower, conf=conf: {index: -1, cur=peers:[262265f8-b6b0-4173-8249-6c4ff56c562c|127.0.0.1:15063, 73892b45-0ad3-4392-8d09-ab2d1cd7ede4|127.0.0.1:15071, edffad61-d5a0-4c2f-abd3-1d848b9782f9|127.0.0.1:15079]|listeners:[], old=null}
2025-07-15 19:44:37,331 [262265f8-b6b0-4173-8249-6c4ff56c562c-groupManagement] INFO  server.RaftServer$Division (RaftServerImpl.java:setRole(392)) - 262265f8-b6b0-4173-8249-6c4ff56c562c@group-A35D399F7985: changes role from      null to FOLLOWER at term 0 for startAsFollower
2025-07-15 19:44:37,331 [262265f8-b6b0-4173-8249-6c4ff56c562c-groupManagement] INFO  impl.RoleInfo (RoleInfo.java:updateAndGet(148)) - 262265f8-b6b0-4173-8249-6c4ff56c562c: start 262265f8-b6b0-4173-8249-6c4ff56c562c@group-A35D399F7985-FollowerState
2025-07-15 19:44:37,332 [73892b45-0ad3-4392-8d09-ab2d1cd7ede4-groupManagement] INFO  server.RaftServer$Division (RaftServerImpl.java:start(405)) - 73892b45-0ad3-4392-8d09-ab2d1cd7ede4@group-A35D399F7985: start as a follower, conf=conf: {index: -1, cur=peers:[262265f8-b6b0-4173-8249-6c4ff56c562c|127.0.0.1:15063, 73892b45-0ad3-4392-8d09-ab2d1cd7ede4|127.0.0.1:15071, edffad61-d5a0-4c2f-abd3-1d848b9782f9|127.0.0.1:15079]|listeners:[], old=null}
2025-07-15 19:44:37,332 [73892b45-0ad3-4392-8d09-ab2d1cd7ede4-groupManagement] INFO  server.RaftServer$Division (RaftServerImpl.java:setRole(392)) - 73892b45-0ad3-4392-8d09-ab2d1cd7ede4@group-A35D399F7985: changes role from      null to FOLLOWER at term 0 for startAsFollower
2025-07-15 19:44:37,332 [73892b45-0ad3-4392-8d09-ab2d1cd7ede4-groupManagement] INFO  impl.RoleInfo (RoleInfo.java:updateAndGet(148)) - 73892b45-0ad3-4392-8d09-ab2d1cd7ede4: start 73892b45-0ad3-4392-8d09-ab2d1cd7ede4@group-A35D399F7985-FollowerState
2025-07-15 19:44:37,333 [73892b45-0ad3-4392-8d09-ab2d1cd7ede4-groupManagement] INFO  util.JmxRegister (JmxRegister.java:tryRegister(44)) - Successfully registered JMX Bean with object name Ratis:service=RaftServer,group=group-A35D399F7985,id=73892b45-0ad3-4392-8d09-ab2d1cd7ede4
2025-07-15 19:44:37,333 [73892b45-0ad3-4392-8d09-ab2d1cd7ede4-groupManagement] INFO  util.JmxRegister (JmxRegister.java:register(58)) - register mxBean class org.apache.ratis.server.impl.RaftServerJmxAdapter as Ratis:service=RaftServer,group=group-A35D399F7985,id=73892b45-0ad3-4392-8d09-ab2d1cd7ede4
2025-07-15 19:44:37,335 [262265f8-b6b0-4173-8249-6c4ff56c562c-groupManagement] INFO  util.JmxRegister (JmxRegister.java:tryRegister(44)) - Successfully registered JMX Bean with object name Ratis:service=RaftServer,group=group-A35D399F7985,id=262265f8-b6b0-4173-8249-6c4ff56c562c
2025-07-15 19:44:37,335 [262265f8-b6b0-4173-8249-6c4ff56c562c-groupManagement] INFO  util.JmxRegister (JmxRegister.java:register(58)) - register mxBean class org.apache.ratis.server.impl.RaftServerJmxAdapter as Ratis:service=RaftServer,group=group-A35D399F7985,id=262265f8-b6b0-4173-8249-6c4ff56c562c
2025-07-15 19:44:37,336 [73892b45-0ad3-4392-8d09-ab2d1cd7ede4-groupManagement] INFO  server.RaftServer$Division (RaftServerImpl.java:start(419)) - 73892b45-0ad3-4392-8d09-ab2d1cd7ede4@group-A35D399F7985: Successfully started.
2025-07-15 19:44:37,337 [73892b45-0ad3-4392-8d09-ab2d1cd7ede4-PipelineCommandHandlerThread-0] INFO  ratis.XceiverServerRatis (XceiverServerRatis.java:addGroup(843)) - Created group Pipeline-c5ee18f9-7bb3-48ae-90e0-a35d399f7985
2025-07-15 19:44:37,337 [262265f8-b6b0-4173-8249-6c4ff56c562c-groupManagement] INFO  server.RaftServer$Division (RaftServerImpl.java:start(419)) - 262265f8-b6b0-4173-8249-6c4ff56c562c@group-A35D399F7985: Successfully started.
2025-07-15 19:44:37,337 [262265f8-b6b0-4173-8249-6c4ff56c562c-PipelineCommandHandlerThread-0] INFO  ratis.XceiverServerRatis (XceiverServerRatis.java:addGroup(843)) - Created group Pipeline-c5ee18f9-7bb3-48ae-90e0-a35d399f7985
2025-07-15 19:44:37,350 [grpc-default-executor-0] WARN  server.GrpcAdminProtocolService (GrpcAdminProtocolService.java:lambda$groupManagement$1(53)) - Failed groupManagement: GROUPADD, GroupManagementRequest:client-CC558E251183->73892b45-0ad3-4392-8d09-ab2d1cd7ede4@group-A35D399F7985, cid=18, seq=null, RW, null, Add:group-A35D399F7985:[262265f8-b6b0-4173-8249-6c4ff56c562c|127.0.0.1:15063, 73892b45-0ad3-4392-8d09-ab2d1cd7ede4|127.0.0.1:15071, edffad61-d5a0-4c2f-abd3-1d848b9782f9|127.0.0.1:15079]
java.util.concurrent.CompletionException: org.apache.ratis.protocol.exceptions.AlreadyExistsException: 73892b45-0ad3-4392-8d09-ab2d1cd7ede4: Failed to add group-A35D399F7985:[262265f8-b6b0-4173-8249-6c4ff56c562c|127.0.0.1:15063, 73892b45-0ad3-4392-8d09-ab2d1cd7ede4|127.0.0.1:15071, edffad61-d5a0-4c2f-abd3-1d848b9782f9|127.0.0.1:15079] since the group already exists in the map.
	at java.base/java.util.concurrent.CompletableFuture.encodeThrowable(CompletableFuture.java:332)
	at java.base/java.util.concurrent.CompletableFuture.uniApplyNow(CompletableFuture.java:674)
	at java.base/java.util.concurrent.CompletableFuture.uniApplyStage(CompletableFuture.java:662)
	at java.base/java.util.concurrent.CompletableFuture.thenApplyAsync(CompletableFuture.java:2210)
	at org.apache.ratis.server.impl.RaftServerProxy.groupAddAsync(RaftServerProxy.java:513)
	at org.apache.ratis.server.impl.RaftServerProxy.groupManagementAsync(RaftServerProxy.java:495)
	at org.apache.ratis.grpc.server.GrpcAdminProtocolService.lambda$groupManagement$0(GrpcAdminProtocolService.java:51)
	at org.apache.ratis.grpc.GrpcUtil.asyncCall(GrpcUtil.java:172)
	at org.apache.ratis.grpc.server.GrpcAdminProtocolService.groupManagement(GrpcAdminProtocolService.java:51)
	at org.apache.ratis.proto.grpc.AdminProtocolServiceGrpc$MethodHandlers.invoke(AdminProtocolServiceGrpc.java:701)
	at org.apache.ratis.thirdparty.io.grpc.stub.ServerCalls$UnaryServerCallHandler$UnaryServerCallListener.onHalfClose(ServerCalls.java:182)
	at org.apache.ratis.thirdparty.io.grpc.internal.ServerCallImpl$ServerStreamListenerImpl.halfClosed(ServerCallImpl.java:356)
	at org.apache.ratis.thirdparty.io.grpc.internal.ServerImpl$JumpToApplicationThreadServerStreamListener$1HalfClosed.runInContext(ServerImpl.java:861)
	at org.apache.ratis.thirdparty.io.grpc.internal.ContextRunnable.run(ContextRunnable.java:37)
	at org.apache.ratis.thirdparty.io.grpc.internal.SerializingExecutor.run(SerializingExecutor.java:133)
	at java.base/java.util.concurrent.ThreadPoolExecutor.runWorker(ThreadPoolExecutor.java:1144)
	at java.base/java.util.concurrent.ThreadPoolExecutor$Worker.run(ThreadPoolExecutor.java:642)
	at java.base/java.lang.Thread.run(Thread.java:1583)
Caused by: org.apache.ratis.protocol.exceptions.AlreadyExistsException: 73892b45-0ad3-4392-8d09-ab2d1cd7ede4: Failed to add group-A35D399F7985:[262265f8-b6b0-4173-8249-6c4ff56c562c|127.0.0.1:15063, 73892b45-0ad3-4392-8d09-ab2d1cd7ede4|127.0.0.1:15071, edffad61-d5a0-4c2f-abd3-1d848b9782f9|127.0.0.1:15079] since the group already exists in the map.
	at org.apache.ratis.server.impl.RaftServerProxy$ImplMap.addNew(RaftServerProxy.java:99)
	at org.apache.ratis.server.impl.RaftServerProxy.groupAddAsync(RaftServerProxy.java:512)
	... 13 more
2025-07-15 19:44:37,354 [grpc-default-executor-0] WARN  server.GrpcAdminProtocolService (GrpcAdminProtocolService.java:lambda$groupManagement$1(53)) - Failed groupManagement: GROUPADD, GroupManagementRequest:client-DEF212DB834C->262265f8-b6b0-4173-8249-6c4ff56c562c@group-A35D399F7985, cid=17, seq=null, RW, null, Add:group-A35D399F7985:[262265f8-b6b0-4173-8249-6c4ff56c562c|127.0.0.1:15063, 73892b45-0ad3-4392-8d09-ab2d1cd7ede4|127.0.0.1:15071, edffad61-d5a0-4c2f-abd3-1d848b9782f9|127.0.0.1:15079]
java.util.concurrent.CompletionException: org.apache.ratis.protocol.exceptions.AlreadyExistsException: 262265f8-b6b0-4173-8249-6c4ff56c562c: Failed to add group-A35D399F7985:[262265f8-b6b0-4173-8249-6c4ff56c562c|127.0.0.1:15063, 73892b45-0ad3-4392-8d09-ab2d1cd7ede4|127.0.0.1:15071, edffad61-d5a0-4c2f-abd3-1d848b9782f9|127.0.0.1:15079] since the group already exists in the map.
	at java.base/java.util.concurrent.CompletableFuture.encodeThrowable(CompletableFuture.java:332)
	at java.base/java.util.concurrent.CompletableFuture.uniApplyNow(CompletableFuture.java:674)
	at java.base/java.util.concurrent.CompletableFuture.uniApplyStage(CompletableFuture.java:662)
	at java.base/java.util.concurrent.CompletableFuture.thenApplyAsync(CompletableFuture.java:2210)
	at org.apache.ratis.server.impl.RaftServerProxy.groupAddAsync(RaftServerProxy.java:513)
	at org.apache.ratis.server.impl.RaftServerProxy.groupManagementAsync(RaftServerProxy.java:495)
	at org.apache.ratis.grpc.server.GrpcAdminProtocolService.lambda$groupManagement$0(GrpcAdminProtocolService.java:51)
	at org.apache.ratis.grpc.GrpcUtil.asyncCall(GrpcUtil.java:172)
	at org.apache.ratis.grpc.server.GrpcAdminProtocolService.groupManagement(GrpcAdminProtocolService.java:51)
	at org.apache.ratis.proto.grpc.AdminProtocolServiceGrpc$MethodHandlers.invoke(AdminProtocolServiceGrpc.java:701)
	at org.apache.ratis.thirdparty.io.grpc.stub.ServerCalls$UnaryServerCallHandler$UnaryServerCallListener.onHalfClose(ServerCalls.java:182)
	at org.apache.ratis.thirdparty.io.grpc.internal.ServerCallImpl$ServerStreamListenerImpl.halfClosed(ServerCallImpl.java:356)
	at org.apache.ratis.thirdparty.io.grpc.internal.ServerImpl$JumpToApplicationThreadServerStreamListener$1HalfClosed.runInContext(ServerImpl.java:861)
	at org.apache.ratis.thirdparty.io.grpc.internal.ContextRunnable.run(ContextRunnable.java:37)
	at org.apache.ratis.thirdparty.io.grpc.internal.SerializingExecutor.run(SerializingExecutor.java:133)
	at java.base/java.util.concurrent.ThreadPoolExecutor.runWorker(ThreadPoolExecutor.java:1144)
	at java.base/java.util.concurrent.ThreadPoolExecutor$Worker.run(ThreadPoolExecutor.java:642)
	at java.base/java.lang.Thread.run(Thread.java:1583)
Caused by: org.apache.ratis.protocol.exceptions.AlreadyExistsException: 262265f8-b6b0-4173-8249-6c4ff56c562c: Failed to add group-A35D399F7985:[262265f8-b6b0-4173-8249-6c4ff56c562c|127.0.0.1:15063, 73892b45-0ad3-4392-8d09-ab2d1cd7ede4|127.0.0.1:15071, edffad61-d5a0-4c2f-abd3-1d848b9782f9|127.0.0.1:15079] since the group already exists in the map.
	at org.apache.ratis.server.impl.RaftServerProxy$ImplMap.addNew(RaftServerProxy.java:99)
	at org.apache.ratis.server.impl.RaftServerProxy.groupAddAsync(RaftServerProxy.java:512)
	... 13 more
2025-07-15 19:44:37,379 [grpc-default-executor-0] INFO  server.RaftServer (RaftServerProxy.java:addNew(105)) - edffad61-d5a0-4c2f-abd3-1d848b9782f9: addNew group-A35D399F7985:[262265f8-b6b0-4173-8249-6c4ff56c562c|127.0.0.1:15063, 73892b45-0ad3-4392-8d09-ab2d1cd7ede4|127.0.0.1:15071, edffad61-d5a0-4c2f-abd3-1d848b9782f9|127.0.0.1:15079] returns group-A35D399F7985:java.util.concurrent.CompletableFuture@20f5e887[Not completed]
2025-07-15 19:44:37,380 [grpc-default-executor-0] WARN  server.GrpcAdminProtocolService (GrpcAdminProtocolService.java:lambda$groupManagement$1(53)) - Failed groupManagement: GROUPADD, GroupManagementRequest:client-032C13056F1C->edffad61-d5a0-4c2f-abd3-1d848b9782f9@group-A35D399F7985, cid=20, seq=null, RW, null, Add:group-A35D399F7985:[262265f8-b6b0-4173-8249-6c4ff56c562c|127.0.0.1:15063, 73892b45-0ad3-4392-8d09-ab2d1cd7ede4|127.0.0.1:15071, edffad61-d5a0-4c2f-abd3-1d848b9782f9|127.0.0.1:15079]
java.util.concurrent.CompletionException: org.apache.ratis.protocol.exceptions.AlreadyExistsException: edffad61-d5a0-4c2f-abd3-1d848b9782f9: Failed to add group-A35D399F7985:[262265f8-b6b0-4173-8249-6c4ff56c562c|127.0.0.1:15063, 73892b45-0ad3-4392-8d09-ab2d1cd7ede4|127.0.0.1:15071, edffad61-d5a0-4c2f-abd3-1d848b9782f9|127.0.0.1:15079] since the group already exists in the map.
	at java.base/java.util.concurrent.CompletableFuture.encodeThrowable(CompletableFuture.java:332)
	at java.base/java.util.concurrent.CompletableFuture.uniApplyNow(CompletableFuture.java:674)
	at java.base/java.util.concurrent.CompletableFuture.uniApplyStage(CompletableFuture.java:662)
	at java.base/java.util.concurrent.CompletableFuture.thenApplyAsync(CompletableFuture.java:2210)
	at org.apache.ratis.server.impl.RaftServerProxy.groupAddAsync(RaftServerProxy.java:513)
	at org.apache.ratis.server.impl.RaftServerProxy.groupManagementAsync(RaftServerProxy.java:495)
	at org.apache.ratis.grpc.server.GrpcAdminProtocolService.lambda$groupManagement$0(GrpcAdminProtocolService.java:51)
	at org.apache.ratis.grpc.GrpcUtil.asyncCall(GrpcUtil.java:172)
	at org.apache.ratis.grpc.server.GrpcAdminProtocolService.groupManagement(GrpcAdminProtocolService.java:51)
	at org.apache.ratis.proto.grpc.AdminProtocolServiceGrpc$MethodHandlers.invoke(AdminProtocolServiceGrpc.java:701)
	at org.apache.ratis.thirdparty.io.grpc.stub.ServerCalls$UnaryServerCallHandler$UnaryServerCallListener.onHalfClose(ServerCalls.java:182)
	at org.apache.ratis.thirdparty.io.grpc.internal.ServerCallImpl$ServerStreamListenerImpl.halfClosed(ServerCallImpl.java:356)
	at org.apache.ratis.thirdparty.io.grpc.internal.ServerImpl$JumpToApplicationThreadServerStreamListener$1HalfClosed.runInContext(ServerImpl.java:861)
	at org.apache.ratis.thirdparty.io.grpc.internal.ContextRunnable.run(ContextRunnable.java:37)
	at org.apache.ratis.thirdparty.io.grpc.internal.SerializingExecutor.run(SerializingExecutor.java:133)
	at java.base/java.util.concurrent.ThreadPoolExecutor.runWorker(ThreadPoolExecutor.java:1144)
	at java.base/java.util.concurrent.ThreadPoolExecutor$Worker.run(ThreadPoolExecutor.java:642)
	at java.base/java.lang.Thread.run(Thread.java:1583)
Caused by: org.apache.ratis.protocol.exceptions.AlreadyExistsException: edffad61-d5a0-4c2f-abd3-1d848b9782f9: Failed to add group-A35D399F7985:[262265f8-b6b0-4173-8249-6c4ff56c562c|127.0.0.1:15063, 73892b45-0ad3-4392-8d09-ab2d1cd7ede4|127.0.0.1:15071, edffad61-d5a0-4c2f-abd3-1d848b9782f9|127.0.0.1:15079] since the group already exists in the map.
	at org.apache.ratis.server.impl.RaftServerProxy$ImplMap.addNew(RaftServerProxy.java:99)
	at org.apache.ratis.server.impl.RaftServerProxy.groupAddAsync(RaftServerProxy.java:512)
	... 13 more
2025-07-15 19:44:37,382 [edffad61-d5a0-4c2f-abd3-1d848b9782f9-groupManagement] INFO  server.RaftServer$Division (RaftServerImpl.java:<init>(268)) - edffad61-d5a0-4c2f-abd3-1d848b9782f9: new RaftServerImpl for group-A35D399F7985:[262265f8-b6b0-4173-8249-6c4ff56c562c|127.0.0.1:15063, 73892b45-0ad3-4392-8d09-ab2d1cd7ede4|127.0.0.1:15071, edffad61-d5a0-4c2f-abd3-1d848b9782f9|127.0.0.1:15079] with ContainerStateMachine:uninitialized
2025-07-15 19:44:37,382 [edffad61-d5a0-4c2f-abd3-1d848b9782f9-groupManagement] INFO  server.RaftServer$Division (ServerState.java:<init>(114)) - edffad61-d5a0-4c2f-abd3-1d848b9782f9@group-A35D399F7985: ConfigurationManager, init=conf: {index: -1, cur=peers:[262265f8-b6b0-4173-8249-6c4ff56c562c|127.0.0.1:15063, 73892b45-0ad3-4392-8d09-ab2d1cd7ede4|127.0.0.1:15071, edffad61-d5a0-4c2f-abd3-1d848b9782f9|127.0.0.1:15079]|listeners:[], old=null}, confs=<EMPTY_MAP>
2025-07-15 19:44:37,390 [73892b45-0ad3-4392-8d09-ab2d1cd7ede4-PipelineCommandHandlerThread-0] INFO  commandhandler.CreatePipelineCommandHandler (CreatePipelineCommandHandler.java:lambda$handle$2(127)) - Created Pipeline RATIS THREE Pipeline-c5ee18f9-7bb3-48ae-90e0-a35d399f7985.
2025-07-15 19:44:37,393 [edffad61-d5a0-4c2f-abd3-1d848b9782f9-groupManagement] INFO  server.RaftServerConfigKeys (ConfUtils.java:logGet(62)) - raft.server.storage.dir = [/home/runner/work/ozone/ozone/hadoop-ozone/integration-test/target/test-dir/MiniOzoneClusterImpl-7a2c00ee-15e1-4921-aa6b-526c14ec89d8/ozone-meta/datanode-9/ratis] (custom)
2025-07-15 19:44:37,393 [edffad61-d5a0-4c2f-abd3-1d848b9782f9-groupManagement] INFO  storage.RaftStorageDirectory (RaftStorageDirectoryImpl.java:analyzeStorage(138)) - The storage directory /home/runner/work/ozone/ozone/hadoop-ozone/integration-test/target/test-dir/MiniOzoneClusterImpl-7a2c00ee-15e1-4921-aa6b-526c14ec89d8/ozone-meta/datanode-9/ratis/c5ee18f9-7bb3-48ae-90e0-a35d399f7985 does not exist. Creating ...
2025-07-15 19:44:37,395 [edffad61-d5a0-4c2f-abd3-1d848b9782f9-groupManagement] INFO  storage.RaftStorageDirectory (RaftStorageDirectoryImpl.java:tryLock(229)) - Lock on /home/runner/work/ozone/ozone/hadoop-ozone/integration-test/target/test-dir/MiniOzoneClusterImpl-7a2c00ee-15e1-4921-aa6b-526c14ec89d8/ozone-meta/datanode-9/ratis/c5ee18f9-7bb3-48ae-90e0-a35d399f7985/in_use.lock acquired by nodename 18953@localhost
2025-07-15 19:44:37,397 [edffad61-d5a0-4c2f-abd3-1d848b9782f9-groupManagement] INFO  storage.RaftStorage (RaftStorageImpl.java:format(98)) - Storage directory /home/runner/work/ozone/ozone/hadoop-ozone/integration-test/target/test-dir/MiniOzoneClusterImpl-7a2c00ee-15e1-4921-aa6b-526c14ec89d8/ozone-meta/datanode-9/ratis/c5ee18f9-7bb3-48ae-90e0-a35d399f7985 has been successfully formatted.
2025-07-15 19:44:37,397 [edffad61-d5a0-4c2f-abd3-1d848b9782f9-groupManagement] INFO  ratis.ContainerStateMachine (ContainerStateMachine.java:initialize(339)) - edffad61-d5a0-4c2f-abd3-1d848b9782f9: initialize group-A35D399F7985
2025-07-15 19:44:37,398 [edffad61-d5a0-4c2f-abd3-1d848b9782f9-groupManagement] INFO  ratis.ContainerStateMachine (ContainerStateMachine.java:loadSnapshot(347)) - group-A35D399F7985: The snapshot info is null. Setting the last applied index to:<INITIAL_VALUE>
2025-07-15 19:44:37,398 [edffad61-d5a0-4c2f-abd3-1d848b9782f9-groupManagement] INFO  server.RaftServerConfigKeys (ConfUtils.java:logGet(62)) - raft.server.log.appender.buffer.byte-limit = 33554432 (custom)
2025-07-15 19:44:37,406 [edffad61-d5a0-4c2f-abd3-1d848b9782f9-groupManagement] INFO  server.RaftServerConfigKeys (ConfUtils.java:logGet(62)) - raft.server.log.segment.size.max = 67108864 (custom)
2025-07-15 19:44:37,406 [edffad61-d5a0-4c2f-abd3-1d848b9782f9-groupManagement] INFO  server.RaftServerConfigKeys (ConfUtils.java:logGet(62)) - raft.server.log.appender.buffer.byte-limit = 33554432 (custom)
2025-07-15 19:44:37,408 [edffad61-d5a0-4c2f-abd3-1d848b9782f9-groupManagement] INFO  util.AwaitToRun (AwaitToRun.java:start(81)) - Thread[#1397,edffad61-d5a0-4c2f-abd3-1d848b9782f9@group-A35D399F7985-cacheEviction-AwaitToRun,5,main] started
2025-07-15 19:44:37,409 [edffad61-d5a0-4c2f-abd3-1d848b9782f9-groupManagement] INFO  segmented.SegmentedRaftLogWorker (SegmentedRaftLogWorker.java:<init>(190)) - new edffad61-d5a0-4c2f-abd3-1d848b9782f9@group-A35D399F7985-SegmentedRaftLogWorker for RaftStorageImpl:Storage Directory /home/runner/work/ozone/ozone/hadoop-ozone/integration-test/target/test-dir/MiniOzoneClusterImpl-7a2c00ee-15e1-4921-aa6b-526c14ec89d8/ozone-meta/datanode-9/ratis/c5ee18f9-7bb3-48ae-90e0-a35d399f7985
2025-07-15 19:44:37,409 [edffad61-d5a0-4c2f-abd3-1d848b9782f9-groupManagement] INFO  server.RaftServerConfigKeys (ConfUtils.java:logGet(62)) - raft.server.log.queue.byte-limit = 4294967296 (custom)
2025-07-15 19:44:37,409 [edffad61-d5a0-4c2f-abd3-1d848b9782f9-groupManagement] INFO  server.RaftServerConfigKeys (ConfUtils.java:logGet(62)) - raft.server.log.segment.size.max = 67108864 (custom)
2025-07-15 19:44:37,409 [edffad61-d5a0-4c2f-abd3-1d848b9782f9-groupManagement] INFO  server.RaftServerConfigKeys (ConfUtils.java:logGet(62)) - raft.server.log.preallocated.size = 4194304 (custom)
2025-07-15 19:44:37,409 [edffad61-d5a0-4c2f-abd3-1d848b9782f9-groupManagement] INFO  server.RaftServerConfigKeys (ConfUtils.java:logGet(62)) - raft.server.log.write.buffer.size = 33554440 (custom)
2025-07-15 19:44:37,415 [edffad61-d5a0-4c2f-abd3-1d848b9782f9-groupManagement] INFO  server.RaftServerConfigKeys (ConfUtils.java:logGet(62)) - raft.server.log.appender.buffer.byte-limit = 33554432 (custom)
2025-07-15 19:44:37,416 [edffad61-d5a0-4c2f-abd3-1d848b9782f9-groupManagement] INFO  segmented.SegmentedRaftLogWorker (SegmentedRaftLogWorker.java:lambda$new$0(141)) - edffad61-d5a0-4c2f-abd3-1d848b9782f9@group-A35D399F7985-SegmentedRaftLogWorker: flushIndex: setUnconditionally 0 -> -1
2025-07-15 19:44:37,416 [edffad61-d5a0-4c2f-abd3-1d848b9782f9-groupManagement] INFO  segmented.SegmentedRaftLogWorker (SegmentedRaftLogWorker.java:lambda$new$0(141)) - edffad61-d5a0-4c2f-abd3-1d848b9782f9@group-A35D399F7985-SegmentedRaftLogWorker: safeCacheEvictIndex: setUnconditionally 0 -> -1
2025-07-15 19:44:37,417 [edffad61-d5a0-4c2f-abd3-1d848b9782f9-groupManagement] INFO  server.RaftServer$Division (RaftServerImpl.java:start(405)) - edffad61-d5a0-4c2f-abd3-1d848b9782f9@group-A35D399F7985: start as a follower, conf=conf: {index: -1, cur=peers:[262265f8-b6b0-4173-8249-6c4ff56c562c|127.0.0.1:15063, 73892b45-0ad3-4392-8d09-ab2d1cd7ede4|127.0.0.1:15071, edffad61-d5a0-4c2f-abd3-1d848b9782f9|127.0.0.1:15079]|listeners:[], old=null}
2025-07-15 19:44:37,417 [edffad61-d5a0-4c2f-abd3-1d848b9782f9-groupManagement] INFO  server.RaftServer$Division (RaftServerImpl.java:setRole(392)) - edffad61-d5a0-4c2f-abd3-1d848b9782f9@group-A35D399F7985: changes role from      null to FOLLOWER at term 0 for startAsFollower
2025-07-15 19:44:37,417 [edffad61-d5a0-4c2f-abd3-1d848b9782f9-groupManagement] INFO  impl.RoleInfo (RoleInfo.java:updateAndGet(148)) - edffad61-d5a0-4c2f-abd3-1d848b9782f9: start edffad61-d5a0-4c2f-abd3-1d848b9782f9@group-A35D399F7985-FollowerState
2025-07-15 19:44:37,418 [edffad61-d5a0-4c2f-abd3-1d848b9782f9-groupManagement] INFO  util.JmxRegister (JmxRegister.java:tryRegister(44)) - Successfully registered JMX Bean with object name Ratis:service=RaftServer,group=group-A35D399F7985,id=edffad61-d5a0-4c2f-abd3-1d848b9782f9
2025-07-15 19:44:37,418 [edffad61-d5a0-4c2f-abd3-1d848b9782f9-groupManagement] INFO  util.JmxRegister (JmxRegister.java:register(58)) - register mxBean class org.apache.ratis.server.impl.RaftServerJmxAdapter as Ratis:service=RaftServer,group=group-A35D399F7985,id=edffad61-d5a0-4c2f-abd3-1d848b9782f9
2025-07-15 19:44:37,419 [99cb6aa4-ab14-4525-b571-11fa40308ff9@group-4598BEE082BF-FollowerState] INFO  impl.FollowerState (FollowerState.java:runImpl(161)) - 99cb6aa4-ab14-4525-b571-11fa40308ff9@group-4598BEE082BF-FollowerState: change to CANDIDATE, lastRpcElapsedTime:1195922805ns, electionTimeout:1194ms
2025-07-15 19:44:37,419 [99cb6aa4-ab14-4525-b571-11fa40308ff9@group-4598BEE082BF-FollowerState] INFO  impl.RoleInfo (RoleInfo.java:shutdownFollowerState(121)) - 99cb6aa4-ab14-4525-b571-11fa40308ff9: shutdown 99cb6aa4-ab14-4525-b571-11fa40308ff9@group-4598BEE082BF-FollowerState
2025-07-15 19:44:37,419 [99cb6aa4-ab14-4525-b571-11fa40308ff9@group-4598BEE082BF-FollowerState] INFO  server.RaftServer$Division (RaftServerImpl.java:setRole(392)) - 99cb6aa4-ab14-4525-b571-11fa40308ff9@group-4598BEE082BF: changes role from  FOLLOWER to CANDIDATE at term 0 for changeToCandidate
2025-07-15 19:44:37,420 [99cb6aa4-ab14-4525-b571-11fa40308ff9@group-4598BEE082BF-FollowerState] INFO  impl.RoleInfo (RoleInfo.java:updateAndGet(148)) - 99cb6aa4-ab14-4525-b571-11fa40308ff9: start 99cb6aa4-ab14-4525-b571-11fa40308ff9@group-4598BEE082BF-LeaderElection11
2025-07-15 19:44:37,422 [edffad61-d5a0-4c2f-abd3-1d848b9782f9-groupManagement] INFO  server.RaftServer$Division (RaftServerImpl.java:start(419)) - edffad61-d5a0-4c2f-abd3-1d848b9782f9@group-A35D399F7985: Successfully started.
2025-07-15 19:44:37,423 [99cb6aa4-ab14-4525-b571-11fa40308ff9@group-4598BEE082BF-LeaderElection11] INFO  impl.LeaderElection (LeaderElection.java:askForVotes(448)) - 99cb6aa4-ab14-4525-b571-11fa40308ff9@group-4598BEE082BF-LeaderElection11 PRE_VOTE round 0: submit vote requests at term 0 for conf: {index: -1, cur=peers:[99cb6aa4-ab14-4525-b571-11fa40308ff9|127.0.0.1:15039]|listeners:[], old=null}
2025-07-15 19:44:37,423 [99cb6aa4-ab14-4525-b571-11fa40308ff9@group-4598BEE082BF-LeaderElection11] INFO  impl.LeaderElection (LeaderElection.java:askForVotes(450)) - 99cb6aa4-ab14-4525-b571-11fa40308ff9@group-4598BEE082BF-LeaderElection11 PRE_VOTE round 0: result PASSED (term=0)
2025-07-15 19:44:37,426 [99cb6aa4-ab14-4525-b571-11fa40308ff9@group-4598BEE082BF-LeaderElection11] INFO  impl.LeaderElection (LeaderElection.java:askForVotes(448)) - 99cb6aa4-ab14-4525-b571-11fa40308ff9@group-4598BEE082BF-LeaderElection11 ELECTION round 0: submit vote requests at term 1 for conf: {index: -1, cur=peers:[99cb6aa4-ab14-4525-b571-11fa40308ff9|127.0.0.1:15039]|listeners:[], old=null}
2025-07-15 19:44:37,426 [99cb6aa4-ab14-4525-b571-11fa40308ff9@group-4598BEE082BF-LeaderElection11] INFO  impl.LeaderElection (LeaderElection.java:askForVotes(450)) - 99cb6aa4-ab14-4525-b571-11fa40308ff9@group-4598BEE082BF-LeaderElection11 ELECTION round 0: result PASSED (term=1)
2025-07-15 19:44:37,426 [99cb6aa4-ab14-4525-b571-11fa40308ff9@group-4598BEE082BF-LeaderElection11] INFO  impl.RoleInfo (RoleInfo.java:shutdownLeaderElection(141)) - 99cb6aa4-ab14-4525-b571-11fa40308ff9: shutdown 99cb6aa4-ab14-4525-b571-11fa40308ff9@group-4598BEE082BF-LeaderElection11
2025-07-15 19:44:37,426 [99cb6aa4-ab14-4525-b571-11fa40308ff9@group-4598BEE082BF-LeaderElection11] INFO  server.RaftServer$Division (RaftServerImpl.java:setRole(392)) - 99cb6aa4-ab14-4525-b571-11fa40308ff9@group-4598BEE082BF: changes role from CANDIDATE to LEADER at term 1 for changeToLeader
2025-07-15 19:44:37,426 [99cb6aa4-ab14-4525-b571-11fa40308ff9@group-4598BEE082BF-LeaderElection11] INFO  server.RaftServerConfigKeys (ConfUtils.java:logFallback(69)) - raft.server.staging.timeout = 15600ms (fallback to raft.server.rpc.timeout.max)
2025-07-15 19:44:37,426 [99cb6aa4-ab14-4525-b571-11fa40308ff9@group-4598BEE082BF-LeaderElection11] INFO  server.RaftServerConfigKeys (ConfUtils.java:logGet(62)) - raft.server.write.byte-limit = 1024 M (=1073741824) (custom)
2025-07-15 19:44:37,429 [99cb6aa4-ab14-4525-b571-11fa40308ff9@group-4598BEE082BF-LeaderElection11] INFO  impl.RoleInfo (RoleInfo.java:updateAndGet(148)) - 99cb6aa4-ab14-4525-b571-11fa40308ff9: start 99cb6aa4-ab14-4525-b571-11fa40308ff9@group-4598BEE082BF-LeaderStateImpl
2025-07-15 19:44:37,429 [99cb6aa4-ab14-4525-b571-11fa40308ff9@group-4598BEE082BF-LeaderElection11] INFO  server.RaftServer$Division (RaftServerImpl.java:setFirstElection(576)) - 99cb6aa4-ab14-4525-b571-11fa40308ff9@group-4598BEE082BF: set firstElectionSinceStartup to false for becomeLeader
2025-07-15 19:44:37,429 [99cb6aa4-ab14-4525-b571-11fa40308ff9@group-4598BEE082BF-LeaderElection11] INFO  ratis.XceiverServerRatis (XceiverServerRatis.java:handleLeaderChangedNotification(944)) - Leader change notification received for group: group-4598BEE082BF with new leaderId: 99cb6aa4-ab14-4525-b571-11fa40308ff9
2025-07-15 19:44:37,429 [99cb6aa4-ab14-4525-b571-11fa40308ff9@group-8C8A76C13734-FollowerState] INFO  impl.FollowerState (FollowerState.java:runImpl(161)) - 99cb6aa4-ab14-4525-b571-11fa40308ff9@group-8C8A76C13734-FollowerState: change to CANDIDATE, lastRpcElapsedTime:1179747068ns, electionTimeout:1179ms
2025-07-15 19:44:37,429 [99cb6aa4-ab14-4525-b571-11fa40308ff9@group-8C8A76C13734-FollowerState] INFO  impl.RoleInfo (RoleInfo.java:shutdownFollowerState(121)) - 99cb6aa4-ab14-4525-b571-11fa40308ff9: shutdown 99cb6aa4-ab14-4525-b571-11fa40308ff9@group-8C8A76C13734-FollowerState
2025-07-15 19:44:37,429 [99cb6aa4-ab14-4525-b571-11fa40308ff9@group-8C8A76C13734-FollowerState] INFO  server.RaftServer$Division (RaftServerImpl.java:setRole(392)) - 99cb6aa4-ab14-4525-b571-11fa40308ff9@group-8C8A76C13734: changes role from  FOLLOWER to CANDIDATE at term 0 for changeToCandidate
2025-07-15 19:44:37,429 [99cb6aa4-ab14-4525-b571-11fa40308ff9@group-8C8A76C13734-FollowerState] INFO  impl.RoleInfo (RoleInfo.java:updateAndGet(148)) - 99cb6aa4-ab14-4525-b571-11fa40308ff9: start 99cb6aa4-ab14-4525-b571-11fa40308ff9@group-8C8A76C13734-LeaderElection12
2025-07-15 19:44:37,431 [99cb6aa4-ab14-4525-b571-11fa40308ff9@group-4598BEE082BF-LeaderElection11] INFO  server.RaftServer$Division (ServerState.java:setLeader(272)) - 99cb6aa4-ab14-4525-b571-11fa40308ff9@group-4598BEE082BF: change Leader from null to 99cb6aa4-ab14-4525-b571-11fa40308ff9 at term 1 for becomeLeader, leader elected after 1227ms
2025-07-15 19:44:37,431 [99cb6aa4-ab14-4525-b571-11fa40308ff9@group-4598BEE082BF-LeaderElection11] INFO  segmented.SegmentedRaftLogWorker (SegmentedRaftLogWorker.java:startLogSegment(440)) - 99cb6aa4-ab14-4525-b571-11fa40308ff9@group-4598BEE082BF-SegmentedRaftLogWorker: Starting segment from index:0
2025-07-15 19:44:37,431 [99cb6aa4-ab14-4525-b571-11fa40308ff9@group-4598BEE082BF-LeaderElection11] INFO  server.RaftServer$Division (ServerState.java:setRaftConf(386)) - 99cb6aa4-ab14-4525-b571-11fa40308ff9@group-4598BEE082BF: set configuration conf: {index: 0, cur=peers:[99cb6aa4-ab14-4525-b571-11fa40308ff9|127.0.0.1:15039]|listeners:[], old=null}
2025-07-15 19:44:37,432 [99cb6aa4-ab14-4525-b571-11fa40308ff9@group-4598BEE082BF-SegmentedRaftLogWorker] INFO  segmented.BufferedWriteChannel (BufferedWriteChannel.java:open(61)) - open log_inprogress_0 at position 0
2025-07-15 19:44:37,437 [99cb6aa4-ab14-4525-b571-11fa40308ff9@group-8C8A76C13734-LeaderElection12] INFO  impl.LeaderElection (LeaderElection.java:askForVotes(448)) - 99cb6aa4-ab14-4525-b571-11fa40308ff9@group-8C8A76C13734-LeaderElection12 PRE_VOTE round 0: submit vote requests at term 0 for conf: {index: -1, cur=peers:[1ed39f2b-ba05-41d4-bcbc-50acfb489962|127.0.0.1:15055, faa2b429-16a2-49fa-ab42-514c70ac334b|127.0.0.1:15047, 99cb6aa4-ab14-4525-b571-11fa40308ff9|127.0.0.1:15039]|listeners:[], old=null}
2025-07-15 19:44:37,438 [99cb6aa4-ab14-4525-b571-11fa40308ff9@group-8C8A76C13734-LeaderElection12-1] INFO  server.GrpcServerProtocolClient (GrpcServerProtocolClient.java:<init>(65)) - Build channel for 1ed39f2b-ba05-41d4-bcbc-50acfb489962|127.0.0.1:15055
2025-07-15 19:44:37,439 [99cb6aa4-ab14-4525-b571-11fa40308ff9@group-8C8A76C13734-LeaderElection12-2] INFO  server.GrpcServerProtocolClient (GrpcServerProtocolClient.java:<init>(65)) - Build channel for faa2b429-16a2-49fa-ab42-514c70ac334b|127.0.0.1:15047
2025-07-15 19:44:37,441 [faa2b429-16a2-49fa-ab42-514c70ac334b@group-8C8A76C13734-FollowerState] INFO  impl.FollowerState (FollowerState.java:runImpl(161)) - faa2b429-16a2-49fa-ab42-514c70ac334b@group-8C8A76C13734-FollowerState: change to CANDIDATE, lastRpcElapsedTime:1117142208ns, electionTimeout:1116ms
2025-07-15 19:44:37,441 [faa2b429-16a2-49fa-ab42-514c70ac334b@group-8C8A76C13734-FollowerState] INFO  impl.RoleInfo (RoleInfo.java:shutdownFollowerState(121)) - faa2b429-16a2-49fa-ab42-514c70ac334b: shutdown faa2b429-16a2-49fa-ab42-514c70ac334b@group-8C8A76C13734-FollowerState
2025-07-15 19:44:37,441 [faa2b429-16a2-49fa-ab42-514c70ac334b@group-8C8A76C13734-FollowerState] INFO  server.RaftServer$Division (RaftServerImpl.java:setRole(392)) - faa2b429-16a2-49fa-ab42-514c70ac334b@group-8C8A76C13734: changes role from  FOLLOWER to CANDIDATE at term 0 for changeToCandidate
2025-07-15 19:44:37,441 [faa2b429-16a2-49fa-ab42-514c70ac334b@group-8C8A76C13734-FollowerState] INFO  impl.RoleInfo (RoleInfo.java:updateAndGet(148)) - faa2b429-16a2-49fa-ab42-514c70ac334b: start faa2b429-16a2-49fa-ab42-514c70ac334b@group-8C8A76C13734-LeaderElection13
2025-07-15 19:44:37,442 [faa2b429-16a2-49fa-ab42-514c70ac334b@group-8C8A76C13734-LeaderElection13] INFO  impl.LeaderElection (LeaderElection.java:askForVotes(448)) - faa2b429-16a2-49fa-ab42-514c70ac334b@group-8C8A76C13734-LeaderElection13 PRE_VOTE round 0: submit vote requests at term 0 for conf: {index: -1, cur=peers:[1ed39f2b-ba05-41d4-bcbc-50acfb489962|127.0.0.1:15055, faa2b429-16a2-49fa-ab42-514c70ac334b|127.0.0.1:15047, 99cb6aa4-ab14-4525-b571-11fa40308ff9|127.0.0.1:15039]|listeners:[], old=null}
2025-07-15 19:44:37,442 [262265f8-b6b0-4173-8249-6c4ff56c562c-PipelineCommandHandlerThread-0] INFO  commandhandler.CreatePipelineCommandHandler (CreatePipelineCommandHandler.java:lambda$handle$2(127)) - Created Pipeline RATIS THREE Pipeline-c5ee18f9-7bb3-48ae-90e0-a35d399f7985.
2025-07-15 19:44:37,446 [faa2b429-16a2-49fa-ab42-514c70ac334b@group-8C8A76C13734-LeaderElection13-1] INFO  server.GrpcServerProtocolClient (GrpcServerProtocolClient.java:<init>(65)) - Build channel for 1ed39f2b-ba05-41d4-bcbc-50acfb489962|127.0.0.1:15055
2025-07-15 19:44:37,446 [faa2b429-16a2-49fa-ab42-514c70ac334b@group-8C8A76C13734-LeaderElection13-2] INFO  server.GrpcServerProtocolClient (GrpcServerProtocolClient.java:<init>(65)) - Build channel for 99cb6aa4-ab14-4525-b571-11fa40308ff9|127.0.0.1:15039
2025-07-15 19:44:37,448 [faa2b429-16a2-49fa-ab42-514c70ac334b@group-5EE77318BC33-FollowerState] INFO  impl.FollowerState (FollowerState.java:runImpl(161)) - faa2b429-16a2-49fa-ab42-514c70ac334b@group-5EE77318BC33-FollowerState: change to CANDIDATE, lastRpcElapsedTime:1067195569ns, electionTimeout:1066ms
2025-07-15 19:44:37,449 [faa2b429-16a2-49fa-ab42-514c70ac334b@group-5EE77318BC33-FollowerState] INFO  impl.RoleInfo (RoleInfo.java:shutdownFollowerState(121)) - faa2b429-16a2-49fa-ab42-514c70ac334b: shutdown faa2b429-16a2-49fa-ab42-514c70ac334b@group-5EE77318BC33-FollowerState
2025-07-15 19:44:37,449 [faa2b429-16a2-49fa-ab42-514c70ac334b@group-5EE77318BC33-FollowerState] INFO  server.RaftServer$Division (RaftServerImpl.java:setRole(392)) - faa2b429-16a2-49fa-ab42-514c70ac334b@group-5EE77318BC33: changes role from  FOLLOWER to CANDIDATE at term 0 for changeToCandidate
2025-07-15 19:44:37,450 [faa2b429-16a2-49fa-ab42-514c70ac334b@group-5EE77318BC33-FollowerState] INFO  impl.RoleInfo (RoleInfo.java:updateAndGet(148)) - faa2b429-16a2-49fa-ab42-514c70ac334b: start faa2b429-16a2-49fa-ab42-514c70ac334b@group-5EE77318BC33-LeaderElection14
2025-07-15 19:44:37,451 [faa2b429-16a2-49fa-ab42-514c70ac334b@group-5EE77318BC33-LeaderElection14] INFO  impl.LeaderElection (LeaderElection.java:askForVotes(448)) - faa2b429-16a2-49fa-ab42-514c70ac334b@group-5EE77318BC33-LeaderElection14 PRE_VOTE round 0: submit vote requests at term 0 for conf: {index: -1, cur=peers:[1ed39f2b-ba05-41d4-bcbc-50acfb489962|127.0.0.1:15055, faa2b429-16a2-49fa-ab42-514c70ac334b|127.0.0.1:15047, 99cb6aa4-ab14-4525-b571-11fa40308ff9|127.0.0.1:15039]|listeners:[], old=null}
2025-07-15 19:44:37,459 [99cb6aa4-ab14-4525-b571-11fa40308ff9@group-4598BEE082BF-SegmentedRaftLogWorker] INFO  segmented.SegmentedRaftLogWorker (SegmentedRaftLogWorker.java:execute(647)) - 99cb6aa4-ab14-4525-b571-11fa40308ff9@group-4598BEE082BF-SegmentedRaftLogWorker: created new log segment /home/runner/work/ozone/ozone/hadoop-ozone/integration-test/target/test-dir/MiniOzoneClusterImpl-7a2c00ee-15e1-4921-aa6b-526c14ec89d8/ozone-meta/datanode-4/ratis/09eda921-ff68-4580-b554-4598bee082bf/current/log_inprogress_0
2025-07-15 19:44:37,459 [grpc-default-executor-5] INFO  server.RaftServer$Division (RaftServerImpl.java:requestVote(1421)) - 1ed39f2b-ba05-41d4-bcbc-50acfb489962@group-8C8A76C13734: receive requestVote(PRE_VOTE, 99cb6aa4-ab14-4525-b571-11fa40308ff9, group-8C8A76C13734, 0, <PROTO_DEFAULT>)
2025-07-15 19:44:37,459 [grpc-default-executor-5] INFO  impl.VoteContext (VoteContext.java:log(49)) - 1ed39f2b-ba05-41d4-bcbc-50acfb489962@group-8C8A76C13734-FOLLOWER: reject PRE_VOTE from 99cb6aa4-ab14-4525-b571-11fa40308ff9: our priority 1 > candidate's priority 0
2025-07-15 19:44:37,460 [grpc-default-executor-5] INFO  server.RaftServer$Division (RaftServerImpl.java:requestVote(1455)) - 1ed39f2b-ba05-41d4-bcbc-50acfb489962@group-8C8A76C13734 replies to PRE_VOTE vote request: 99cb6aa4-ab14-4525-b571-11fa40308ff9<-1ed39f2b-ba05-41d4-bcbc-50acfb489962#0:FAIL-t0-last:<INITIAL_VALUE>. Peer's state: 1ed39f2b-ba05-41d4-bcbc-50acfb489962@group-8C8A76C13734:t0, leader=null, voted=, raftlog=Memoized:1ed39f2b-ba05-41d4-bcbc-50acfb489962@group-8C8A76C13734-SegmentedRaftLog:OPENED:c-1:lastnull, conf=conf: {index: -1, cur=peers:[1ed39f2b-ba05-41d4-bcbc-50acfb489962|127.0.0.1:15055, faa2b429-16a2-49fa-ab42-514c70ac334b|127.0.0.1:15047, 99cb6aa4-ab14-4525-b571-11fa40308ff9|127.0.0.1:15039]|listeners:[], old=null}
2025-07-15 19:44:37,461 [1ed39f2b-ba05-41d4-bcbc-50acfb489962@group-8C8A76C13734-FollowerState] INFO  impl.FollowerState (FollowerState.java:runImpl(161)) - 1ed39f2b-ba05-41d4-bcbc-50acfb489962@group-8C8A76C13734-FollowerState: change to CANDIDATE, lastRpcElapsedTime:1179954388ns, electionTimeout:1179ms
2025-07-15 19:44:37,461 [1ed39f2b-ba05-41d4-bcbc-50acfb489962@group-8C8A76C13734-FollowerState] INFO  impl.RoleInfo (RoleInfo.java:shutdownFollowerState(121)) - 1ed39f2b-ba05-41d4-bcbc-50acfb489962: shutdown 1ed39f2b-ba05-41d4-bcbc-50acfb489962@group-8C8A76C13734-FollowerState
2025-07-15 19:44:37,461 [1ed39f2b-ba05-41d4-bcbc-50acfb489962@group-8C8A76C13734-FollowerState] INFO  server.RaftServer$Division (RaftServerImpl.java:setRole(392)) - 1ed39f2b-ba05-41d4-bcbc-50acfb489962@group-8C8A76C13734: changes role from  FOLLOWER to CANDIDATE at term 0 for changeToCandidate
2025-07-15 19:44:37,461 [1ed39f2b-ba05-41d4-bcbc-50acfb489962@group-8C8A76C13734-FollowerState] INFO  impl.RoleInfo (RoleInfo.java:updateAndGet(148)) - 1ed39f2b-ba05-41d4-bcbc-50acfb489962: start 1ed39f2b-ba05-41d4-bcbc-50acfb489962@group-8C8A76C13734-LeaderElection15
2025-07-15 19:44:37,461 [grpc-default-executor-4] INFO  server.RaftServer$Division (RaftServerImpl.java:requestVote(1421)) - 1ed39f2b-ba05-41d4-bcbc-50acfb489962@group-5EE77318BC33: receive requestVote(PRE_VOTE, faa2b429-16a2-49fa-ab42-514c70ac334b, group-5EE77318BC33, 0, <PROTO_DEFAULT>)
2025-07-15 19:44:37,461 [grpc-default-executor-4] INFO  impl.VoteContext (VoteContext.java:log(49)) - 1ed39f2b-ba05-41d4-bcbc-50acfb489962@group-5EE77318BC33-FOLLOWER: accept PRE_VOTE from faa2b429-16a2-49fa-ab42-514c70ac334b: our priority 0 <= candidate's priority 1
2025-07-15 19:44:37,461 [grpc-default-executor-4] INFO  server.RaftServer$Division (RaftServerImpl.java:requestVote(1455)) - 1ed39f2b-ba05-41d4-bcbc-50acfb489962@group-5EE77318BC33 replies to PRE_VOTE vote request: faa2b429-16a2-49fa-ab42-514c70ac334b<-1ed39f2b-ba05-41d4-bcbc-50acfb489962#0:OK-t0-last:<INITIAL_VALUE>. Peer's state: 1ed39f2b-ba05-41d4-bcbc-50acfb489962@group-5EE77318BC33:t0, leader=null, voted=, raftlog=Memoized:1ed39f2b-ba05-41d4-bcbc-50acfb489962@group-5EE77318BC33-SegmentedRaftLog:OPENED:c-1:lastnull, conf=conf: {index: -1, cur=peers:[1ed39f2b-ba05-41d4-bcbc-50acfb489962|127.0.0.1:15055, faa2b429-16a2-49fa-ab42-514c70ac334b|127.0.0.1:15047, 99cb6aa4-ab14-4525-b571-11fa40308ff9|127.0.0.1:15039]|listeners:[], old=null}
2025-07-15 19:44:37,462 [1ed39f2b-ba05-41d4-bcbc-50acfb489962@group-8C8A76C13734-LeaderElection15] INFO  impl.LeaderElection (LeaderElection.java:askForVotes(448)) - 1ed39f2b-ba05-41d4-bcbc-50acfb489962@group-8C8A76C13734-LeaderElection15 PRE_VOTE round 0: submit vote requests at term 0 for conf: {index: -1, cur=peers:[1ed39f2b-ba05-41d4-bcbc-50acfb489962|127.0.0.1:15055, faa2b429-16a2-49fa-ab42-514c70ac334b|127.0.0.1:15047, 99cb6aa4-ab14-4525-b571-11fa40308ff9|127.0.0.1:15039]|listeners:[], old=null}
2025-07-15 19:44:37,462 [1ed39f2b-ba05-41d4-bcbc-50acfb489962@group-8C8A76C13734-LeaderElection15-1] INFO  server.GrpcServerProtocolClient (GrpcServerProtocolClient.java:<init>(65)) - Build channel for faa2b429-16a2-49fa-ab42-514c70ac334b|127.0.0.1:15047
2025-07-15 19:44:37,464 [grpc-default-executor-2] INFO  server.RaftServer$Division (RaftServerImpl.java:requestVote(1421)) - 1ed39f2b-ba05-41d4-bcbc-50acfb489962@group-8C8A76C13734: receive requestVote(PRE_VOTE, faa2b429-16a2-49fa-ab42-514c70ac334b, group-8C8A76C13734, 0, <PROTO_DEFAULT>)
2025-07-15 19:44:37,464 [grpc-default-executor-2] INFO  impl.VoteContext (VoteContext.java:log(49)) - 1ed39f2b-ba05-41d4-bcbc-50acfb489962@group-8C8A76C13734-CANDIDATE: reject PRE_VOTE from faa2b429-16a2-49fa-ab42-514c70ac334b: our priority 1 > candidate's priority 0
2025-07-15 19:44:37,465 [grpc-default-executor-2] INFO  server.RaftServer$Division (RaftServerImpl.java:requestVote(1455)) - 1ed39f2b-ba05-41d4-bcbc-50acfb489962@group-8C8A76C13734 replies to PRE_VOTE vote request: faa2b429-16a2-49fa-ab42-514c70ac334b<-1ed39f2b-ba05-41d4-bcbc-50acfb489962#0:FAIL-t0-last:<INITIAL_VALUE>. Peer's state: 1ed39f2b-ba05-41d4-bcbc-50acfb489962@group-8C8A76C13734:t0, leader=null, voted=, raftlog=Memoized:1ed39f2b-ba05-41d4-bcbc-50acfb489962@group-8C8A76C13734-SegmentedRaftLog:OPENED:c-1:lastnull, conf=conf: {index: -1, cur=peers:[1ed39f2b-ba05-41d4-bcbc-50acfb489962|127.0.0.1:15055, faa2b429-16a2-49fa-ab42-514c70ac334b|127.0.0.1:15047, 99cb6aa4-ab14-4525-b571-11fa40308ff9|127.0.0.1:15039]|listeners:[], old=null}
2025-07-15 19:44:37,467 [1ed39f2b-ba05-41d4-bcbc-50acfb489962@group-8C8A76C13734-LeaderElection15-2] INFO  server.GrpcServerProtocolClient (GrpcServerProtocolClient.java:<init>(65)) - Build channel for 99cb6aa4-ab14-4525-b571-11fa40308ff9|127.0.0.1:15039
2025-07-15 19:44:37,467 [99cb6aa4-ab14-4525-b571-11fa40308ff9@group-8C8A76C13734-LeaderElection12] INFO  impl.LeaderElection (LeaderElection.java:logAndReturn(206)) - 99cb6aa4-ab14-4525-b571-11fa40308ff9@group-8C8A76C13734-LeaderElection12: PRE_VOTE REJECTED received 1 response(s) and 0 exception(s):
2025-07-15 19:44:37,467 [99cb6aa4-ab14-4525-b571-11fa40308ff9@group-8C8A76C13734-LeaderElection12] INFO  impl.LeaderElection (LeaderElection.java:logAndReturn(210)) -   Response 0: 99cb6aa4-ab14-4525-b571-11fa40308ff9<-1ed39f2b-ba05-41d4-bcbc-50acfb489962#0:FAIL-t0-last:<INITIAL_VALUE>
2025-07-15 19:44:37,468 [99cb6aa4-ab14-4525-b571-11fa40308ff9@group-8C8A76C13734-LeaderElection12] INFO  impl.LeaderElection (LeaderElection.java:askForVotes(450)) - 99cb6aa4-ab14-4525-b571-11fa40308ff9@group-8C8A76C13734-LeaderElection12 PRE_VOTE round 0: result REJECTED
2025-07-15 19:44:37,468 [99cb6aa4-ab14-4525-b571-11fa40308ff9@group-8C8A76C13734-LeaderElection12] INFO  server.RaftServer$Division (RaftServerImpl.java:setRole(392)) - 99cb6aa4-ab14-4525-b571-11fa40308ff9@group-8C8A76C13734: changes role from CANDIDATE to FOLLOWER at term 0 for REJECTED
2025-07-15 19:44:37,468 [99cb6aa4-ab14-4525-b571-11fa40308ff9@group-8C8A76C13734-LeaderElection12] INFO  impl.RoleInfo (RoleInfo.java:shutdownLeaderElection(141)) - 99cb6aa4-ab14-4525-b571-11fa40308ff9: shutdown 99cb6aa4-ab14-4525-b571-11fa40308ff9@group-8C8A76C13734-LeaderElection12
2025-07-15 19:44:37,468 [99cb6aa4-ab14-4525-b571-11fa40308ff9@group-4598BEE082BF-StateMachineUpdater] INFO  server.RaftServer$Division (LeaderStateImpl.java:checkStartIndex(309)) - Leader 99cb6aa4-ab14-4525-b571-11fa40308ff9@group-4598BEE082BF-LeaderStateImpl is ready since appliedIndex == startIndex == 0
2025-07-15 19:44:37,469 [99cb6aa4-ab14-4525-b571-11fa40308ff9@group-4598BEE082BF-StateMachineUpdater] INFO  ratis.ContainerStateMachine (ContainerStateMachine.java:takeSnapshot(427)) - group-4598BEE082BF: Taking a snapshot at:(t:1, i:0) file /home/runner/work/ozone/ozone/hadoop-ozone/integration-test/target/test-dir/MiniOzoneClusterImpl-7a2c00ee-15e1-4921-aa6b-526c14ec89d8/ozone-meta/datanode-4/ratis/09eda921-ff68-4580-b554-4598bee082bf/sm/snapshot.1_0
2025-07-15 19:44:37,469 [faa2b429-16a2-49fa-ab42-514c70ac334b@group-8C8A76C13734-LeaderElection13] INFO  impl.LeaderElection (LeaderElection.java:logAndReturn(206)) - faa2b429-16a2-49fa-ab42-514c70ac334b@group-8C8A76C13734-LeaderElection13: PRE_VOTE REJECTED received 1 response(s) and 0 exception(s):
2025-07-15 19:44:37,469 [faa2b429-16a2-49fa-ab42-514c70ac334b@group-8C8A76C13734-LeaderElection13] INFO  impl.LeaderElection (LeaderElection.java:logAndReturn(210)) -   Response 0: faa2b429-16a2-49fa-ab42-514c70ac334b<-1ed39f2b-ba05-41d4-bcbc-50acfb489962#0:FAIL-t0-last:<INITIAL_VALUE>
2025-07-15 19:44:37,469 [faa2b429-16a2-49fa-ab42-514c70ac334b@group-8C8A76C13734-LeaderElection13] INFO  impl.LeaderElection (LeaderElection.java:askForVotes(450)) - faa2b429-16a2-49fa-ab42-514c70ac334b@group-8C8A76C13734-LeaderElection13 PRE_VOTE round 0: result REJECTED
2025-07-15 19:44:37,469 [faa2b429-16a2-49fa-ab42-514c70ac334b@group-8C8A76C13734-LeaderElection13] INFO  server.RaftServer$Division (RaftServerImpl.java:setRole(392)) - faa2b429-16a2-49fa-ab42-514c70ac334b@group-8C8A76C13734: changes role from CANDIDATE to FOLLOWER at term 0 for REJECTED
2025-07-15 19:44:37,469 [faa2b429-16a2-49fa-ab42-514c70ac334b@group-8C8A76C13734-LeaderElection13] INFO  impl.RoleInfo (RoleInfo.java:shutdownLeaderElection(141)) - faa2b429-16a2-49fa-ab42-514c70ac334b: shutdown faa2b429-16a2-49fa-ab42-514c70ac334b@group-8C8A76C13734-LeaderElection13
2025-07-15 19:44:37,469 [faa2b429-16a2-49fa-ab42-514c70ac334b@group-8C8A76C13734-LeaderElection13] INFO  impl.RoleInfo (RoleInfo.java:updateAndGet(148)) - faa2b429-16a2-49fa-ab42-514c70ac334b: start faa2b429-16a2-49fa-ab42-514c70ac334b@group-8C8A76C13734-FollowerState
2025-07-15 19:44:37,469 [faa2b429-16a2-49fa-ab42-514c70ac334b@group-8C8A76C13734-LeaderElection13] INFO  server.RaftServer$Division (RaftServerImpl.java:setFirstElection(576)) - faa2b429-16a2-49fa-ab42-514c70ac334b@group-8C8A76C13734: set firstElectionSinceStartup to false for REJECTED
2025-07-15 19:44:37,470 [99cb6aa4-ab14-4525-b571-11fa40308ff9@group-8C8A76C13734-LeaderElection12] INFO  impl.RoleInfo (RoleInfo.java:updateAndGet(148)) - 99cb6aa4-ab14-4525-b571-11fa40308ff9: start 99cb6aa4-ab14-4525-b571-11fa40308ff9@group-8C8A76C13734-FollowerState
2025-07-15 19:44:37,470 [99cb6aa4-ab14-4525-b571-11fa40308ff9@group-4598BEE082BF-StateMachineUpdater] INFO  ratis.ContainerStateMachine (ContainerStateMachine.java:takeSnapshot(436)) - group-4598BEE082BF: Finished taking a snapshot at:(t:1, i:0) file:/home/runner/work/ozone/ozone/hadoop-ozone/integration-test/target/test-dir/MiniOzoneClusterImpl-7a2c00ee-15e1-4921-aa6b-526c14ec89d8/ozone-meta/datanode-4/ratis/09eda921-ff68-4580-b554-4598bee082bf/sm/snapshot.1_0 took: 2 ms
2025-07-15 19:44:37,470 [99cb6aa4-ab14-4525-b571-11fa40308ff9@group-4598BEE082BF-StateMachineUpdater] INFO  impl.StateMachineUpdater (StateMachineUpdater.java:takeSnapshot(307)) - 99cb6aa4-ab14-4525-b571-11fa40308ff9@group-4598BEE082BF-StateMachineUpdater: Took a snapshot at index 0
2025-07-15 19:44:37,470 [99cb6aa4-ab14-4525-b571-11fa40308ff9@group-4598BEE082BF-StateMachineUpdater] INFO  impl.StateMachineUpdater (StateMachineUpdater.java:lambda$new$0(101)) - 99cb6aa4-ab14-4525-b571-11fa40308ff9@group-4598BEE082BF-StateMachineUpdater: snapshotIndex: updateIncreasingly -1 -> 0
2025-07-15 19:44:37,471 [99cb6aa4-ab14-4525-b571-11fa40308ff9@group-8C8A76C13734-LeaderElection12] INFO  server.RaftServer$Division (RaftServerImpl.java:setFirstElection(576)) - 99cb6aa4-ab14-4525-b571-11fa40308ff9@group-8C8A76C13734: set firstElectionSinceStartup to false for REJECTED
2025-07-15 19:44:37,474 [grpc-default-executor-2] INFO  server.RaftServer$Division (RaftServerImpl.java:requestVote(1421)) - 99cb6aa4-ab14-4525-b571-11fa40308ff9@group-5EE77318BC33: receive requestVote(PRE_VOTE, faa2b429-16a2-49fa-ab42-514c70ac334b, group-5EE77318BC33, 0, <PROTO_DEFAULT>)
2025-07-15 19:44:37,474 [grpc-default-executor-2] INFO  impl.VoteContext (VoteContext.java:log(49)) - 99cb6aa4-ab14-4525-b571-11fa40308ff9@group-5EE77318BC33-FOLLOWER: accept PRE_VOTE from faa2b429-16a2-49fa-ab42-514c70ac334b: our priority 0 <= candidate's priority 1
2025-07-15 19:44:37,475 [grpc-default-executor-2] INFO  server.RaftServer$Division (RaftServerImpl.java:requestVote(1455)) - 99cb6aa4-ab14-4525-b571-11fa40308ff9@group-5EE77318BC33 replies to PRE_VOTE vote request: faa2b429-16a2-49fa-ab42-514c70ac334b<-99cb6aa4-ab14-4525-b571-11fa40308ff9#0:OK-t0-last:<INITIAL_VALUE>. Peer's state: 99cb6aa4-ab14-4525-b571-11fa40308ff9@group-5EE77318BC33:t0, leader=null, voted=, raftlog=Memoized:99cb6aa4-ab14-4525-b571-11fa40308ff9@group-5EE77318BC33-SegmentedRaftLog:OPENED:c-1:lastnull, conf=conf: {index: -1, cur=peers:[1ed39f2b-ba05-41d4-bcbc-50acfb489962|127.0.0.1:15055, faa2b429-16a2-49fa-ab42-514c70ac334b|127.0.0.1:15047, 99cb6aa4-ab14-4525-b571-11fa40308ff9|127.0.0.1:15039]|listeners:[], old=null}
2025-07-15 19:44:37,477 [faa2b429-16a2-49fa-ab42-514c70ac334b@group-5EE77318BC33-LeaderElection14] INFO  impl.LeaderElection (LeaderElection.java:logAndReturn(206)) - faa2b429-16a2-49fa-ab42-514c70ac334b@group-5EE77318BC33-LeaderElection14: PRE_VOTE PASSED received 1 response(s) and 0 exception(s):
2025-07-15 19:44:37,477 [faa2b429-16a2-49fa-ab42-514c70ac334b@group-5EE77318BC33-LeaderElection14] INFO  impl.LeaderElection (LeaderElection.java:logAndReturn(210)) -   Response 0: faa2b429-16a2-49fa-ab42-514c70ac334b<-1ed39f2b-ba05-41d4-bcbc-50acfb489962#0:OK-t0-last:<INITIAL_VALUE>
2025-07-15 19:44:37,477 [faa2b429-16a2-49fa-ab42-514c70ac334b@group-5EE77318BC33-LeaderElection14] INFO  impl.LeaderElection (LeaderElection.java:askForVotes(450)) - faa2b429-16a2-49fa-ab42-514c70ac334b@group-5EE77318BC33-LeaderElection14 PRE_VOTE round 0: result PASSED
2025-07-15 19:44:37,478 [edffad61-d5a0-4c2f-abd3-1d848b9782f9-PipelineCommandHandlerThread-0] INFO  server.RaftServer (RaftServerProxy.java:addNew(105)) - edffad61-d5a0-4c2f-abd3-1d848b9782f9: addNew group-EF4D34A6888F:[edffad61-d5a0-4c2f-abd3-1d848b9782f9|127.0.0.1:15079] returns group-EF4D34A6888F:java.util.concurrent.CompletableFuture@2446e28d[Not completed]
2025-07-15 19:44:37,481 [faa2b429-16a2-49fa-ab42-514c70ac334b@group-5EE77318BC33-LeaderElection14] INFO  impl.LeaderElection (LeaderElection.java:askForVotes(448)) - faa2b429-16a2-49fa-ab42-514c70ac334b@group-5EE77318BC33-LeaderElection14 ELECTION round 0: submit vote requests at term 1 for conf: {index: -1, cur=peers:[1ed39f2b-ba05-41d4-bcbc-50acfb489962|127.0.0.1:15055, faa2b429-16a2-49fa-ab42-514c70ac334b|127.0.0.1:15047, 99cb6aa4-ab14-4525-b571-11fa40308ff9|127.0.0.1:15039]|listeners:[], old=null}
2025-07-15 19:44:37,483 [grpc-default-executor-0] INFO  server.RaftServer$Division (RaftServerImpl.java:requestVote(1421)) - 99cb6aa4-ab14-4525-b571-11fa40308ff9@group-8C8A76C13734: receive requestVote(PRE_VOTE, 1ed39f2b-ba05-41d4-bcbc-50acfb489962, group-8C8A76C13734, 0, <PROTO_DEFAULT>)
2025-07-15 19:44:37,483 [grpc-default-executor-0] INFO  impl.VoteContext (VoteContext.java:log(49)) - 99cb6aa4-ab14-4525-b571-11fa40308ff9@group-8C8A76C13734-FOLLOWER: accept PRE_VOTE from 1ed39f2b-ba05-41d4-bcbc-50acfb489962: our priority 0 <= candidate's priority 1
2025-07-15 19:44:37,483 [grpc-default-executor-0] INFO  server.RaftServer$Division (RaftServerImpl.java:requestVote(1455)) - 99cb6aa4-ab14-4525-b571-11fa40308ff9@group-8C8A76C13734 replies to PRE_VOTE vote request: 1ed39f2b-ba05-41d4-bcbc-50acfb489962<-99cb6aa4-ab14-4525-b571-11fa40308ff9#0:OK-t0-last:<INITIAL_VALUE>. Peer's state: 99cb6aa4-ab14-4525-b571-11fa40308ff9@group-8C8A76C13734:t0, leader=null, voted=, raftlog=Memoized:99cb6aa4-ab14-4525-b571-11fa40308ff9@group-8C8A76C13734-SegmentedRaftLog:OPENED:c-1:lastnull, conf=conf: {index: -1, cur=peers:[1ed39f2b-ba05-41d4-bcbc-50acfb489962|127.0.0.1:15055, faa2b429-16a2-49fa-ab42-514c70ac334b|127.0.0.1:15047, 99cb6aa4-ab14-4525-b571-11fa40308ff9|127.0.0.1:15039]|listeners:[], old=null}
2025-07-15 19:44:37,485 [1ed39f2b-ba05-41d4-bcbc-50acfb489962@group-8C8A76C13734-LeaderElection15] INFO  impl.LeaderElection (LeaderElection.java:logAndReturn(206)) - 1ed39f2b-ba05-41d4-bcbc-50acfb489962@group-8C8A76C13734-LeaderElection15: PRE_VOTE PASSED received 1 response(s) and 0 exception(s):
2025-07-15 19:44:37,485 [1ed39f2b-ba05-41d4-bcbc-50acfb489962@group-8C8A76C13734-LeaderElection15] INFO  impl.LeaderElection (LeaderElection.java:logAndReturn(210)) -   Response 0: 1ed39f2b-ba05-41d4-bcbc-50acfb489962<-99cb6aa4-ab14-4525-b571-11fa40308ff9#0:OK-t0-last:<INITIAL_VALUE>
2025-07-15 19:44:37,485 [1ed39f2b-ba05-41d4-bcbc-50acfb489962@group-8C8A76C13734-LeaderElection15] INFO  impl.LeaderElection (LeaderElection.java:askForVotes(450)) - 1ed39f2b-ba05-41d4-bcbc-50acfb489962@group-8C8A76C13734-LeaderElection15 PRE_VOTE round 0: result PASSED
2025-07-15 19:44:37,486 [edffad61-d5a0-4c2f-abd3-1d848b9782f9-groupManagement] INFO  server.RaftServer$Division (RaftServerImpl.java:<init>(268)) - edffad61-d5a0-4c2f-abd3-1d848b9782f9: new RaftServerImpl for group-EF4D34A6888F:[edffad61-d5a0-4c2f-abd3-1d848b9782f9|127.0.0.1:15079] with ContainerStateMachine:uninitialized
2025-07-15 19:44:37,486 [edffad61-d5a0-4c2f-abd3-1d848b9782f9-groupManagement] INFO  server.RaftServer$Division (ServerState.java:<init>(114)) - edffad61-d5a0-4c2f-abd3-1d848b9782f9@group-EF4D34A6888F: ConfigurationManager, init=conf: {index: -1, cur=peers:[edffad61-d5a0-4c2f-abd3-1d848b9782f9|127.0.0.1:15079]|listeners:[], old=null}, confs=<EMPTY_MAP>
2025-07-15 19:44:37,488 [1ed39f2b-ba05-41d4-bcbc-50acfb489962@group-8C8A76C13734-LeaderElection15] INFO  impl.LeaderElection (LeaderElection.java:askForVotes(448)) - 1ed39f2b-ba05-41d4-bcbc-50acfb489962@group-8C8A76C13734-LeaderElection15 ELECTION round 0: submit vote requests at term 1 for conf: {index: -1, cur=peers:[1ed39f2b-ba05-41d4-bcbc-50acfb489962|127.0.0.1:15055, faa2b429-16a2-49fa-ab42-514c70ac334b|127.0.0.1:15047, 99cb6aa4-ab14-4525-b571-11fa40308ff9|127.0.0.1:15039]|listeners:[], old=null}
2025-07-15 19:44:37,489 [grpc-default-executor-2] INFO  server.RaftServer$Division (RaftServerImpl.java:requestVote(1421)) - 1ed39f2b-ba05-41d4-bcbc-50acfb489962@group-5EE77318BC33: receive requestVote(ELECTION, faa2b429-16a2-49fa-ab42-514c70ac334b, group-5EE77318BC33, 1, <PROTO_DEFAULT>)
2025-07-15 19:44:37,489 [grpc-default-executor-2] INFO  impl.VoteContext (VoteContext.java:log(49)) - 1ed39f2b-ba05-41d4-bcbc-50acfb489962@group-5EE77318BC33-FOLLOWER: accept ELECTION from faa2b429-16a2-49fa-ab42-514c70ac334b: our priority 0 <= candidate's priority 1
2025-07-15 19:44:37,489 [grpc-default-executor-2] INFO  server.RaftServer$Division (RaftServerImpl.java:setRole(392)) - 1ed39f2b-ba05-41d4-bcbc-50acfb489962@group-5EE77318BC33: changes role from  FOLLOWER to FOLLOWER at term 0 for candidate:faa2b429-16a2-49fa-ab42-514c70ac334b
2025-07-15 19:44:37,489 [grpc-default-executor-2] INFO  impl.RoleInfo (RoleInfo.java:shutdownFollowerState(121)) - 1ed39f2b-ba05-41d4-bcbc-50acfb489962: shutdown 1ed39f2b-ba05-41d4-bcbc-50acfb489962@group-5EE77318BC33-FollowerState
2025-07-15 19:44:37,489 [grpc-default-executor-2] INFO  impl.RoleInfo (RoleInfo.java:updateAndGet(148)) - 1ed39f2b-ba05-41d4-bcbc-50acfb489962: start 1ed39f2b-ba05-41d4-bcbc-50acfb489962@group-5EE77318BC33-FollowerState
2025-07-15 19:44:37,491 [1ed39f2b-ba05-41d4-bcbc-50acfb489962@group-5EE77318BC33-FollowerState] INFO  impl.FollowerState (FollowerState.java:runImpl(170)) - 1ed39f2b-ba05-41d4-bcbc-50acfb489962@group-5EE77318BC33-FollowerState was interrupted
2025-07-15 19:44:37,492 [grpc-default-executor-0] INFO  server.RaftServer$Division (RaftServerImpl.java:requestVote(1421)) - 99cb6aa4-ab14-4525-b571-11fa40308ff9@group-5EE77318BC33: receive requestVote(ELECTION, faa2b429-16a2-49fa-ab42-514c70ac334b, group-5EE77318BC33, 1, <PROTO_DEFAULT>)
2025-07-15 19:44:37,493 [grpc-default-executor-0] INFO  impl.VoteContext (VoteContext.java:log(49)) - 99cb6aa4-ab14-4525-b571-11fa40308ff9@group-5EE77318BC33-FOLLOWER: accept ELECTION from faa2b429-16a2-49fa-ab42-514c70ac334b: our priority 0 <= candidate's priority 1
2025-07-15 19:44:37,493 [grpc-default-executor-0] INFO  server.RaftServer$Division (RaftServerImpl.java:setRole(392)) - 99cb6aa4-ab14-4525-b571-11fa40308ff9@group-5EE77318BC33: changes role from  FOLLOWER to FOLLOWER at term 0 for candidate:faa2b429-16a2-49fa-ab42-514c70ac334b
2025-07-15 19:44:37,494 [grpc-default-executor-0] INFO  impl.RoleInfo (RoleInfo.java:shutdownFollowerState(121)) - 99cb6aa4-ab14-4525-b571-11fa40308ff9: shutdown 99cb6aa4-ab14-4525-b571-11fa40308ff9@group-5EE77318BC33-FollowerState
2025-07-15 19:44:37,494 [grpc-default-executor-0] INFO  impl.RoleInfo (RoleInfo.java:updateAndGet(148)) - 99cb6aa4-ab14-4525-b571-11fa40308ff9: start 99cb6aa4-ab14-4525-b571-11fa40308ff9@group-5EE77318BC33-FollowerState
2025-07-15 19:44:37,495 [99cb6aa4-ab14-4525-b571-11fa40308ff9@group-5EE77318BC33-FollowerState] INFO  impl.FollowerState (FollowerState.java:runImpl(170)) - 99cb6aa4-ab14-4525-b571-11fa40308ff9@group-5EE77318BC33-FollowerState was interrupted
2025-07-15 19:44:37,495 [grpc-default-executor-4] INFO  server.RaftServer$Division (RaftServerImpl.java:requestVote(1421)) - faa2b429-16a2-49fa-ab42-514c70ac334b@group-8C8A76C13734: receive requestVote(ELECTION, 1ed39f2b-ba05-41d4-bcbc-50acfb489962, group-8C8A76C13734, 1, <PROTO_DEFAULT>)
2025-07-15 19:44:37,495 [grpc-default-executor-4] INFO  impl.VoteContext (VoteContext.java:log(49)) - faa2b429-16a2-49fa-ab42-514c70ac334b@group-8C8A76C13734-FOLLOWER: accept ELECTION from 1ed39f2b-ba05-41d4-bcbc-50acfb489962: our priority 0 <= candidate's priority 1
2025-07-15 19:44:37,495 [grpc-default-executor-4] INFO  server.RaftServer$Division (RaftServerImpl.java:setRole(392)) - faa2b429-16a2-49fa-ab42-514c70ac334b@group-8C8A76C13734: changes role from  FOLLOWER to FOLLOWER at term 0 for candidate:1ed39f2b-ba05-41d4-bcbc-50acfb489962
2025-07-15 19:44:37,495 [grpc-default-executor-4] INFO  impl.RoleInfo (RoleInfo.java:shutdownFollowerState(121)) - faa2b429-16a2-49fa-ab42-514c70ac334b: shutdown faa2b429-16a2-49fa-ab42-514c70ac334b@group-8C8A76C13734-FollowerState
2025-07-15 19:44:37,496 [grpc-default-executor-4] INFO  impl.RoleInfo (RoleInfo.java:updateAndGet(148)) - faa2b429-16a2-49fa-ab42-514c70ac334b: start faa2b429-16a2-49fa-ab42-514c70ac334b@group-8C8A76C13734-FollowerState
2025-07-15 19:44:37,496 [faa2b429-16a2-49fa-ab42-514c70ac334b@group-8C8A76C13734-FollowerState] INFO  impl.FollowerState (FollowerState.java:runImpl(170)) - faa2b429-16a2-49fa-ab42-514c70ac334b@group-8C8A76C13734-FollowerState was interrupted
2025-07-15 19:44:37,500 [grpc-default-executor-5] INFO  server.RaftServer$Division (RaftServerImpl.java:requestVote(1421)) - 99cb6aa4-ab14-4525-b571-11fa40308ff9@group-8C8A76C13734: receive requestVote(ELECTION, 1ed39f2b-ba05-41d4-bcbc-50acfb489962, group-8C8A76C13734, 1, <PROTO_DEFAULT>)
2025-07-15 19:44:37,501 [grpc-default-executor-5] INFO  impl.VoteContext (VoteContext.java:log(49)) - 99cb6aa4-ab14-4525-b571-11fa40308ff9@group-8C8A76C13734-FOLLOWER: accept ELECTION from 1ed39f2b-ba05-41d4-bcbc-50acfb489962: our priority 0 <= candidate's priority 1
2025-07-15 19:44:37,501 [grpc-default-executor-5] INFO  server.RaftServer$Division (RaftServerImpl.java:setRole(392)) - 99cb6aa4-ab14-4525-b571-11fa40308ff9@group-8C8A76C13734: changes role from  FOLLOWER to FOLLOWER at term 0 for candidate:1ed39f2b-ba05-41d4-bcbc-50acfb489962
2025-07-15 19:44:37,501 [grpc-default-executor-5] INFO  impl.RoleInfo (RoleInfo.java:shutdownFollowerState(121)) - 99cb6aa4-ab14-4525-b571-11fa40308ff9: shutdown 99cb6aa4-ab14-4525-b571-11fa40308ff9@group-8C8A76C13734-FollowerState
2025-07-15 19:44:37,501 [grpc-default-executor-5] INFO  impl.RoleInfo (RoleInfo.java:updateAndGet(148)) - 99cb6aa4-ab14-4525-b571-11fa40308ff9: start 99cb6aa4-ab14-4525-b571-11fa40308ff9@group-8C8A76C13734-FollowerState
2025-07-15 19:44:37,501 [99cb6aa4-ab14-4525-b571-11fa40308ff9@group-8C8A76C13734-FollowerState] INFO  impl.FollowerState (FollowerState.java:runImpl(170)) - 99cb6aa4-ab14-4525-b571-11fa40308ff9@group-8C8A76C13734-FollowerState was interrupted
2025-07-15 19:44:37,502 [grpc-default-executor-0] INFO  server.RaftServer$Division (RaftServerImpl.java:setFirstElection(576)) - 99cb6aa4-ab14-4525-b571-11fa40308ff9@group-5EE77318BC33: set firstElectionSinceStartup to false for candidate:faa2b429-16a2-49fa-ab42-514c70ac334b
2025-07-15 19:44:37,503 [grpc-default-executor-2] INFO  server.RaftServer$Division (RaftServerImpl.java:setFirstElection(576)) - 1ed39f2b-ba05-41d4-bcbc-50acfb489962@group-5EE77318BC33: set firstElectionSinceStartup to false for candidate:faa2b429-16a2-49fa-ab42-514c70ac334b
2025-07-15 19:44:37,503 [grpc-default-executor-0] INFO  server.RaftServer$Division (RaftServerImpl.java:requestVote(1455)) - 99cb6aa4-ab14-4525-b571-11fa40308ff9@group-5EE77318BC33 replies to ELECTION vote request: faa2b429-16a2-49fa-ab42-514c70ac334b<-99cb6aa4-ab14-4525-b571-11fa40308ff9#0:OK-t1-last:<INITIAL_VALUE>. Peer's state: 99cb6aa4-ab14-4525-b571-11fa40308ff9@group-5EE77318BC33:t1, leader=null, voted=faa2b429-16a2-49fa-ab42-514c70ac334b, raftlog=Memoized:99cb6aa4-ab14-4525-b571-11fa40308ff9@group-5EE77318BC33-SegmentedRaftLog:OPENED:c-1:lastnull, conf=conf: {index: -1, cur=peers:[1ed39f2b-ba05-41d4-bcbc-50acfb489962|127.0.0.1:15055, faa2b429-16a2-49fa-ab42-514c70ac334b|127.0.0.1:15047, 99cb6aa4-ab14-4525-b571-11fa40308ff9|127.0.0.1:15039]|listeners:[], old=null}
2025-07-15 19:44:37,504 [grpc-default-executor-2] INFO  server.RaftServer$Division (RaftServerImpl.java:requestVote(1455)) - 1ed39f2b-ba05-41d4-bcbc-50acfb489962@group-5EE77318BC33 replies to ELECTION vote request: faa2b429-16a2-49fa-ab42-514c70ac334b<-1ed39f2b-ba05-41d4-bcbc-50acfb489962#0:OK-t1-last:<INITIAL_VALUE>. Peer's state: 1ed39f2b-ba05-41d4-bcbc-50acfb489962@group-5EE77318BC33:t1, leader=null, voted=faa2b429-16a2-49fa-ab42-514c70ac334b, raftlog=Memoized:1ed39f2b-ba05-41d4-bcbc-50acfb489962@group-5EE77318BC33-SegmentedRaftLog:OPENED:c-1:lastnull, conf=conf: {index: -1, cur=peers:[1ed39f2b-ba05-41d4-bcbc-50acfb489962|127.0.0.1:15055, faa2b429-16a2-49fa-ab42-514c70ac334b|127.0.0.1:15047, 99cb6aa4-ab14-4525-b571-11fa40308ff9|127.0.0.1:15039]|listeners:[], old=null}
2025-07-15 19:44:37,506 [grpc-default-executor-5] INFO  server.RaftServer$Division (RaftServerImpl.java:requestVote(1455)) - 99cb6aa4-ab14-4525-b571-11fa40308ff9@group-8C8A76C13734 replies to ELECTION vote request: 1ed39f2b-ba05-41d4-bcbc-50acfb489962<-99cb6aa4-ab14-4525-b571-11fa40308ff9#0:OK-t1-last:<INITIAL_VALUE>. Peer's state: 99cb6aa4-ab14-4525-b571-11fa40308ff9@group-8C8A76C13734:t1, leader=null, voted=1ed39f2b-ba05-41d4-bcbc-50acfb489962, raftlog=Memoized:99cb6aa4-ab14-4525-b571-11fa40308ff9@group-8C8A76C13734-SegmentedRaftLog:OPENED:c-1:lastnull, conf=conf: {index: -1, cur=peers:[1ed39f2b-ba05-41d4-bcbc-50acfb489962|127.0.0.1:15055, faa2b429-16a2-49fa-ab42-514c70ac334b|127.0.0.1:15047, 99cb6aa4-ab14-4525-b571-11fa40308ff9|127.0.0.1:15039]|listeners:[], old=null}
2025-07-15 19:44:37,506 [grpc-default-executor-4] INFO  server.RaftServer$Division (RaftServerImpl.java:requestVote(1455)) - faa2b429-16a2-49fa-ab42-514c70ac334b@group-8C8A76C13734 replies to ELECTION vote request: 1ed39f2b-ba05-41d4-bcbc-50acfb489962<-faa2b429-16a2-49fa-ab42-514c70ac334b#0:OK-t1-last:<INITIAL_VALUE>. Peer's state: faa2b429-16a2-49fa-ab42-514c70ac334b@group-8C8A76C13734:t1, leader=null, voted=1ed39f2b-ba05-41d4-bcbc-50acfb489962, raftlog=Memoized:faa2b429-16a2-49fa-ab42-514c70ac334b@group-8C8A76C13734-SegmentedRaftLog:OPENED:c-1:lastnull, conf=conf: {index: -1, cur=peers:[1ed39f2b-ba05-41d4-bcbc-50acfb489962|127.0.0.1:15055, faa2b429-16a2-49fa-ab42-514c70ac334b|127.0.0.1:15047, 99cb6aa4-ab14-4525-b571-11fa40308ff9|127.0.0.1:15039]|listeners:[], old=null}
2025-07-15 19:44:37,508 [faa2b429-16a2-49fa-ab42-514c70ac334b@group-5EE77318BC33-LeaderElection14] INFO  impl.LeaderElection (LeaderElection.java:logAndReturn(206)) - faa2b429-16a2-49fa-ab42-514c70ac334b@group-5EE77318BC33-LeaderElection14: ELECTION PASSED received 1 response(s) and 0 exception(s):
2025-07-15 19:44:37,508 [faa2b429-16a2-49fa-ab42-514c70ac334b@group-5EE77318BC33-LeaderElection14] INFO  impl.LeaderElection (LeaderElection.java:logAndReturn(210)) -   Response 0: faa2b429-16a2-49fa-ab42-514c70ac334b<-99cb6aa4-ab14-4525-b571-11fa40308ff9#0:OK-t1-last:<INITIAL_VALUE>
2025-07-15 19:44:37,509 [faa2b429-16a2-49fa-ab42-514c70ac334b@group-5EE77318BC33-LeaderElection14] INFO  impl.LeaderElection (LeaderElection.java:askForVotes(450)) - faa2b429-16a2-49fa-ab42-514c70ac334b@group-5EE77318BC33-LeaderElection14 ELECTION round 0: result PASSED
2025-07-15 19:44:37,509 [faa2b429-16a2-49fa-ab42-514c70ac334b@group-5EE77318BC33-LeaderElection14] INFO  impl.RoleInfo (RoleInfo.java:shutdownLeaderElection(141)) - faa2b429-16a2-49fa-ab42-514c70ac334b: shutdown faa2b429-16a2-49fa-ab42-514c70ac334b@group-5EE77318BC33-LeaderElection14
2025-07-15 19:44:37,509 [faa2b429-16a2-49fa-ab42-514c70ac334b@group-5EE77318BC33-LeaderElection14] INFO  server.RaftServer$Division (RaftServerImpl.java:setRole(392)) - faa2b429-16a2-49fa-ab42-514c70ac334b@group-5EE77318BC33: changes role from CANDIDATE to LEADER at term 1 for changeToLeader
2025-07-15 19:44:37,509 [faa2b429-16a2-49fa-ab42-514c70ac334b@group-5EE77318BC33-LeaderElection14] INFO  server.RaftServerConfigKeys (ConfUtils.java:logFallback(69)) - raft.server.staging.timeout = 15600ms (fallback to raft.server.rpc.timeout.max)
2025-07-15 19:44:37,509 [edffad61-d5a0-4c2f-abd3-1d848b9782f9-groupManagement] INFO  storage.RaftStorageDirectory (RaftStorageDirectoryImpl.java:analyzeStorage(138)) - The storage directory /home/runner/work/ozone/ozone/hadoop-ozone/integration-test/target/test-dir/MiniOzoneClusterImpl-7a2c00ee-15e1-4921-aa6b-526c14ec89d8/ozone-meta/datanode-9/ratis/368a449b-1988-4768-9655-ef4d34a6888f does not exist. Creating ...
2025-07-15 19:44:37,509 [faa2b429-16a2-49fa-ab42-514c70ac334b@group-5EE77318BC33-LeaderElection14] INFO  server.RaftServerConfigKeys (ConfUtils.java:logGet(62)) - raft.server.write.byte-limit = 1024 M (=1073741824) (custom)
2025-07-15 19:44:37,511 [1ed39f2b-ba05-41d4-bcbc-50acfb489962@group-8C8A76C13734-LeaderElection15] INFO  impl.LeaderElection (LeaderElection.java:logAndReturn(206)) - 1ed39f2b-ba05-41d4-bcbc-50acfb489962@group-8C8A76C13734-LeaderElection15: ELECTION PASSED received 1 response(s) and 0 exception(s):
2025-07-15 19:44:37,511 [1ed39f2b-ba05-41d4-bcbc-50acfb489962@group-8C8A76C13734-LeaderElection15] INFO  impl.LeaderElection (LeaderElection.java:logAndReturn(210)) -   Response 0: 1ed39f2b-ba05-41d4-bcbc-50acfb489962<-faa2b429-16a2-49fa-ab42-514c70ac334b#0:OK-t1-last:<INITIAL_VALUE>
2025-07-15 19:44:37,511 [1ed39f2b-ba05-41d4-bcbc-50acfb489962@group-8C8A76C13734-LeaderElection15] INFO  impl.LeaderElection (LeaderElection.java:askForVotes(450)) - 1ed39f2b-ba05-41d4-bcbc-50acfb489962@group-8C8A76C13734-LeaderElection15 ELECTION round 0: result PASSED
2025-07-15 19:44:37,511 [1ed39f2b-ba05-41d4-bcbc-50acfb489962@group-8C8A76C13734-LeaderElection15] INFO  impl.RoleInfo (RoleInfo.java:shutdownLeaderElection(141)) - 1ed39f2b-ba05-41d4-bcbc-50acfb489962: shutdown 1ed39f2b-ba05-41d4-bcbc-50acfb489962@group-8C8A76C13734-LeaderElection15
2025-07-15 19:44:37,511 [1ed39f2b-ba05-41d4-bcbc-50acfb489962@group-8C8A76C13734-LeaderElection15] INFO  server.RaftServer$Division (RaftServerImpl.java:setRole(392)) - 1ed39f2b-ba05-41d4-bcbc-50acfb489962@group-8C8A76C13734: changes role from CANDIDATE to LEADER at term 1 for changeToLeader
2025-07-15 19:44:37,511 [1ed39f2b-ba05-41d4-bcbc-50acfb489962@group-8C8A76C13734-LeaderElection15] INFO  server.RaftServerConfigKeys (ConfUtils.java:logFallback(69)) - raft.server.staging.timeout = 15600ms (fallback to raft.server.rpc.timeout.max)
2025-07-15 19:44:37,512 [1ed39f2b-ba05-41d4-bcbc-50acfb489962@group-8C8A76C13734-LeaderElection15] INFO  server.RaftServerConfigKeys (ConfUtils.java:logGet(62)) - raft.server.write.byte-limit = 1024 M (=1073741824) (custom)
2025-07-15 19:44:37,512 [edffad61-d5a0-4c2f-abd3-1d848b9782f9-groupManagement] INFO  storage.RaftStorageDirectory (RaftStorageDirectoryImpl.java:tryLock(229)) - Lock on /home/runner/work/ozone/ozone/hadoop-ozone/integration-test/target/test-dir/MiniOzoneClusterImpl-7a2c00ee-15e1-4921-aa6b-526c14ec89d8/ozone-meta/datanode-9/ratis/368a449b-1988-4768-9655-ef4d34a6888f/in_use.lock acquired by nodename 18953@localhost
2025-07-15 19:44:37,514 [edffad61-d5a0-4c2f-abd3-1d848b9782f9-groupManagement] INFO  storage.RaftStorage (RaftStorageImpl.java:format(98)) - Storage directory /home/runner/work/ozone/ozone/hadoop-ozone/integration-test/target/test-dir/MiniOzoneClusterImpl-7a2c00ee-15e1-4921-aa6b-526c14ec89d8/ozone-meta/datanode-9/ratis/368a449b-1988-4768-9655-ef4d34a6888f has been successfully formatted.
2025-07-15 19:44:37,514 [1ed39f2b-ba05-41d4-bcbc-50acfb489962@group-8C8A76C13734-LeaderElection15] INFO  server.RaftServerConfigKeys (ConfUtils.java:logGet(62)) - raft.server.log.appender.buffer.byte-limit = 33554432 (custom)
2025-07-15 19:44:37,515 [1ed39f2b-ba05-41d4-bcbc-50acfb489962@group-8C8A76C13734-LeaderElection15] INFO  server.RaftServerConfigKeys (ConfUtils.java:logGet(62)) - raft.server.log.appender.buffer.byte-limit = 33554432 (custom)
2025-07-15 19:44:37,522 [EventQueue-PipelineReportForPipelineReportHandler] INFO  pipeline.PipelineReportHandler (PipelineReportHandler.java:processPipelineReport(134)) - Opened pipeline Pipeline-368a449b-1988-4768-9655-ef4d34a6888f
2025-07-15 19:44:37,522 [1ed39f2b-ba05-41d4-bcbc-50acfb489962@group-8C8A76C13734-LeaderElection15] INFO  impl.RoleInfo (RoleInfo.java:updateAndGet(148)) - 1ed39f2b-ba05-41d4-bcbc-50acfb489962: start 1ed39f2b-ba05-41d4-bcbc-50acfb489962@group-8C8A76C13734-LeaderStateImpl
2025-07-15 19:44:37,522 [1ed39f2b-ba05-41d4-bcbc-50acfb489962@group-8C8A76C13734-LeaderElection15] INFO  server.RaftServer$Division (RaftServerImpl.java:setFirstElection(576)) - 1ed39f2b-ba05-41d4-bcbc-50acfb489962@group-8C8A76C13734: set firstElectionSinceStartup to false for becomeLeader
2025-07-15 19:44:37,522 [1ed39f2b-ba05-41d4-bcbc-50acfb489962@group-8C8A76C13734-LeaderElection15] INFO  ratis.XceiverServerRatis (XceiverServerRatis.java:handleLeaderChangedNotification(944)) - Leader change notification received for group: group-8C8A76C13734 with new leaderId: 1ed39f2b-ba05-41d4-bcbc-50acfb489962
2025-07-15 19:44:37,522 [1ed39f2b-ba05-41d4-bcbc-50acfb489962@group-8C8A76C13734-LeaderElection15] INFO  server.RaftServer$Division (ServerState.java:setLeader(272)) - 1ed39f2b-ba05-41d4-bcbc-50acfb489962@group-8C8A76C13734: change Leader from null to 1ed39f2b-ba05-41d4-bcbc-50acfb489962 at term 1 for becomeLeader, leader elected after 1260ms
2025-07-15 19:44:37,522 [1ed39f2b-ba05-41d4-bcbc-50acfb489962@group-8C8A76C13734-LeaderElection15] INFO  segmented.SegmentedRaftLogWorker (SegmentedRaftLogWorker.java:startLogSegment(440)) - 1ed39f2b-ba05-41d4-bcbc-50acfb489962@group-8C8A76C13734-SegmentedRaftLogWorker: Starting segment from index:0
2025-07-15 19:44:37,522 [1ed39f2b-ba05-41d4-bcbc-50acfb489962@group-8C8A76C13734-LeaderElection15] INFO  server.RaftServer$Division (ServerState.java:setRaftConf(386)) - 1ed39f2b-ba05-41d4-bcbc-50acfb489962@group-8C8A76C13734: set configuration conf: {index: 0, cur=peers:[1ed39f2b-ba05-41d4-bcbc-50acfb489962|127.0.0.1:15055, faa2b429-16a2-49fa-ab42-514c70ac334b|127.0.0.1:15047, 99cb6aa4-ab14-4525-b571-11fa40308ff9|127.0.0.1:15039]|listeners:[], old=null}
2025-07-15 19:44:37,523 [1ed39f2b-ba05-41d4-bcbc-50acfb489962@group-8C8A76C13734-SegmentedRaftLogWorker] INFO  segmented.BufferedWriteChannel (BufferedWriteChannel.java:open(61)) - open log_inprogress_0 at position 0
2025-07-15 19:44:37,519 [faa2b429-16a2-49fa-ab42-514c70ac334b@group-5EE77318BC33-LeaderElection14] INFO  server.RaftServerConfigKeys (ConfUtils.java:logGet(62)) - raft.server.log.appender.buffer.byte-limit = 33554432 (custom)
2025-07-15 19:44:37,518 [edffad61-d5a0-4c2f-abd3-1d848b9782f9-groupManagement] INFO  ratis.ContainerStateMachine (ContainerStateMachine.java:initialize(339)) - edffad61-d5a0-4c2f-abd3-1d848b9782f9: initialize group-EF4D34A6888F
2025-07-15 19:44:37,524 [edffad61-d5a0-4c2f-abd3-1d848b9782f9-groupManagement] INFO  ratis.ContainerStateMachine (ContainerStateMachine.java:loadSnapshot(347)) - group-EF4D34A6888F: The snapshot info is null. Setting the last applied index to:<INITIAL_VALUE>
2025-07-15 19:44:37,524 [edffad61-d5a0-4c2f-abd3-1d848b9782f9-groupManagement] INFO  server.RaftServerConfigKeys (ConfUtils.java:logGet(62)) - raft.server.log.appender.buffer.byte-limit = 33554432 (custom)
2025-07-15 19:44:37,558 [faa2b429-16a2-49fa-ab42-514c70ac334b@group-5EE77318BC33-LeaderElection14] INFO  server.RaftServerConfigKeys (ConfUtils.java:logGet(62)) - raft.server.log.appender.buffer.byte-limit = 33554432 (custom)
2025-07-15 19:44:37,561 [faa2b429-16a2-49fa-ab42-514c70ac334b@group-5EE77318BC33-LeaderElection14] INFO  impl.RoleInfo (RoleInfo.java:updateAndGet(148)) - faa2b429-16a2-49fa-ab42-514c70ac334b: start faa2b429-16a2-49fa-ab42-514c70ac334b@group-5EE77318BC33-LeaderStateImpl
2025-07-15 19:44:37,563 [faa2b429-16a2-49fa-ab42-514c70ac334b@group-5EE77318BC33-LeaderElection14] INFO  server.RaftServer$Division (RaftServerImpl.java:setFirstElection(576)) - faa2b429-16a2-49fa-ab42-514c70ac334b@group-5EE77318BC33: set firstElectionSinceStartup to false for becomeLeader
2025-07-15 19:44:37,565 [faa2b429-16a2-49fa-ab42-514c70ac334b@group-5EE77318BC33-LeaderElection14] INFO  ratis.XceiverServerRatis (XceiverServerRatis.java:handleLeaderChangedNotification(944)) - Leader change notification received for group: group-5EE77318BC33 with new leaderId: faa2b429-16a2-49fa-ab42-514c70ac334b
2025-07-15 19:44:37,561 [edffad61-d5a0-4c2f-abd3-1d848b9782f9-groupManagement] INFO  server.RaftServerConfigKeys (ConfUtils.java:logGet(62)) - raft.server.log.segment.size.max = 67108864 (custom)
2025-07-15 19:44:37,559 [EventQueue-PipelineReportForPipelineReportHandler] INFO  pipeline.PipelineReportHandler (PipelineReportHandler.java:processPipelineReport(134)) - Opened pipeline Pipeline-2a9ac051-bf0b-4ff2-8e2f-8c8a76c13734
2025-07-15 19:44:37,559 [1ed39f2b-ba05-41d4-bcbc-50acfb489962@group-8C8A76C13734-SegmentedRaftLogWorker] INFO  segmented.SegmentedRaftLogWorker (SegmentedRaftLogWorker.java:execute(647)) - 1ed39f2b-ba05-41d4-bcbc-50acfb489962@group-8C8A76C13734-SegmentedRaftLogWorker: created new log segment /home/runner/work/ozone/ozone/hadoop-ozone/integration-test/target/test-dir/MiniOzoneClusterImpl-7a2c00ee-15e1-4921-aa6b-526c14ec89d8/ozone-meta/datanode-6/ratis/2a9ac051-bf0b-4ff2-8e2f-8c8a76c13734/current/log_inprogress_0
2025-07-15 19:44:37,568 [faa2b429-16a2-49fa-ab42-514c70ac334b@group-5EE77318BC33-LeaderElection14] INFO  server.RaftServer$Division (ServerState.java:setLeader(272)) - faa2b429-16a2-49fa-ab42-514c70ac334b@group-5EE77318BC33: change Leader from null to faa2b429-16a2-49fa-ab42-514c70ac334b at term 1 for becomeLeader, leader elected after 1202ms
2025-07-15 19:44:37,570 [faa2b429-16a2-49fa-ab42-514c70ac334b@group-5EE77318BC33-LeaderElection14] INFO  segmented.SegmentedRaftLogWorker (SegmentedRaftLogWorker.java:startLogSegment(440)) - faa2b429-16a2-49fa-ab42-514c70ac334b@group-5EE77318BC33-SegmentedRaftLogWorker: Starting segment from index:0
2025-07-15 19:44:37,564 [grpc-default-executor-5] INFO  ratis.XceiverServerRatis (XceiverServerRatis.java:handleLeaderChangedNotification(944)) - Leader change notification received for group: group-8C8A76C13734 with new leaderId: 1ed39f2b-ba05-41d4-bcbc-50acfb489962
2025-07-15 19:44:37,570 [grpc-default-executor-5] INFO  server.RaftServer$Division (ServerState.java:setLeader(272)) - 99cb6aa4-ab14-4525-b571-11fa40308ff9@group-8C8A76C13734: change Leader from null to 1ed39f2b-ba05-41d4-bcbc-50acfb489962 at term 1 for appendEntries, leader elected after 1336ms
2025-07-15 19:44:37,570 [grpc-default-executor-5] INFO  server.RaftServer$Division (ServerState.java:setRaftConf(386)) - 99cb6aa4-ab14-4525-b571-11fa40308ff9@group-8C8A76C13734: set configuration conf: {index: 0, cur=peers:[1ed39f2b-ba05-41d4-bcbc-50acfb489962|127.0.0.1:15055, faa2b429-16a2-49fa-ab42-514c70ac334b|127.0.0.1:15047, 99cb6aa4-ab14-4525-b571-11fa40308ff9|127.0.0.1:15039]|listeners:[], old=null}
2025-07-15 19:44:37,571 [grpc-default-executor-5] INFO  segmented.SegmentedRaftLogWorker (SegmentedRaftLogWorker.java:startLogSegment(440)) - 99cb6aa4-ab14-4525-b571-11fa40308ff9@group-8C8A76C13734-SegmentedRaftLogWorker: Starting segment from index:0
2025-07-15 19:44:37,563 [grpc-default-executor-0] INFO  ratis.XceiverServerRatis (XceiverServerRatis.java:handleLeaderChangedNotification(944)) - Leader change notification received for group: group-8C8A76C13734 with new leaderId: 1ed39f2b-ba05-41d4-bcbc-50acfb489962
2025-07-15 19:44:37,571 [grpc-default-executor-0] INFO  server.RaftServer$Division (ServerState.java:setLeader(272)) - faa2b429-16a2-49fa-ab42-514c70ac334b@group-8C8A76C13734: change Leader from null to 1ed39f2b-ba05-41d4-bcbc-50acfb489962 at term 1 for appendEntries, leader elected after 1262ms
2025-07-15 19:44:37,572 [grpc-default-executor-2] INFO  server.RaftServer$Division (ServerState.java:setRaftConf(386)) - faa2b429-16a2-49fa-ab42-514c70ac334b@group-8C8A76C13734: set configuration conf: {index: 0, cur=peers:[1ed39f2b-ba05-41d4-bcbc-50acfb489962|127.0.0.1:15055, faa2b429-16a2-49fa-ab42-514c70ac334b|127.0.0.1:15047, 99cb6aa4-ab14-4525-b571-11fa40308ff9|127.0.0.1:15039]|listeners:[], old=null}
2025-07-15 19:44:37,572 [grpc-default-executor-2] INFO  segmented.SegmentedRaftLogWorker (SegmentedRaftLogWorker.java:startLogSegment(440)) - faa2b429-16a2-49fa-ab42-514c70ac334b@group-8C8A76C13734-SegmentedRaftLogWorker: Starting segment from index:0
2025-07-15 19:44:37,572 [faa2b429-16a2-49fa-ab42-514c70ac334b@group-8C8A76C13734-SegmentedRaftLogWorker] INFO  segmented.BufferedWriteChannel (BufferedWriteChannel.java:open(61)) - open log_inprogress_0 at position 0
2025-07-15 19:44:37,573 [99cb6aa4-ab14-4525-b571-11fa40308ff9@group-8C8A76C13734-SegmentedRaftLogWorker] INFO  segmented.BufferedWriteChannel (BufferedWriteChannel.java:open(61)) - open log_inprogress_0 at position 0
2025-07-15 19:44:37,568 [edffad61-d5a0-4c2f-abd3-1d848b9782f9-groupManagement] INFO  server.RaftServerConfigKeys (ConfUtils.java:logGet(62)) - raft.server.log.appender.buffer.byte-limit = 33554432 (custom)
2025-07-15 19:44:37,579 [edffad61-d5a0-4c2f-abd3-1d848b9782f9-groupManagement] INFO  util.AwaitToRun (AwaitToRun.java:start(81)) - Thread[#1439,edffad61-d5a0-4c2f-abd3-1d848b9782f9@group-EF4D34A6888F-cacheEviction-AwaitToRun,5,main] started
2025-07-15 19:44:37,579 [edffad61-d5a0-4c2f-abd3-1d848b9782f9-groupManagement] INFO  segmented.SegmentedRaftLogWorker (SegmentedRaftLogWorker.java:<init>(190)) - new edffad61-d5a0-4c2f-abd3-1d848b9782f9@group-EF4D34A6888F-SegmentedRaftLogWorker for RaftStorageImpl:Storage Directory /home/runner/work/ozone/ozone/hadoop-ozone/integration-test/target/test-dir/MiniOzoneClusterImpl-7a2c00ee-15e1-4921-aa6b-526c14ec89d8/ozone-meta/datanode-9/ratis/368a449b-1988-4768-9655-ef4d34a6888f
2025-07-15 19:44:37,580 [edffad61-d5a0-4c2f-abd3-1d848b9782f9-groupManagement] INFO  server.RaftServerConfigKeys (ConfUtils.java:logGet(62)) - raft.server.log.queue.byte-limit = 4294967296 (custom)
2025-07-15 19:44:37,580 [edffad61-d5a0-4c2f-abd3-1d848b9782f9-groupManagement] INFO  server.RaftServerConfigKeys (ConfUtils.java:logGet(62)) - raft.server.log.segment.size.max = 67108864 (custom)
2025-07-15 19:44:37,580 [edffad61-d5a0-4c2f-abd3-1d848b9782f9-groupManagement] INFO  server.RaftServerConfigKeys (ConfUtils.java:logGet(62)) - raft.server.log.preallocated.size = 4194304 (custom)
2025-07-15 19:44:37,580 [edffad61-d5a0-4c2f-abd3-1d848b9782f9-groupManagement] INFO  server.RaftServerConfigKeys (ConfUtils.java:logGet(62)) - raft.server.log.write.buffer.size = 33554440 (custom)
2025-07-15 19:44:37,582 [faa2b429-16a2-49fa-ab42-514c70ac334b@group-5EE77318BC33-LeaderElection14] INFO  server.RaftServer$Division (ServerState.java:setRaftConf(386)) - faa2b429-16a2-49fa-ab42-514c70ac334b@group-5EE77318BC33: set configuration conf: {index: 0, cur=peers:[1ed39f2b-ba05-41d4-bcbc-50acfb489962|127.0.0.1:15055, faa2b429-16a2-49fa-ab42-514c70ac334b|127.0.0.1:15047, 99cb6aa4-ab14-4525-b571-11fa40308ff9|127.0.0.1:15039]|listeners:[], old=null}
2025-07-15 19:44:37,582 [faa2b429-16a2-49fa-ab42-514c70ac334b@group-5EE77318BC33-SegmentedRaftLogWorker] INFO  segmented.BufferedWriteChannel (BufferedWriteChannel.java:open(61)) - open log_inprogress_0 at position 0
2025-07-15 19:44:37,587 [EventQueue-PipelineReportForPipelineReportHandler] INFO  pipeline.PipelineReportHandler (PipelineReportHandler.java:processPipelineReport(134)) - Opened pipeline Pipeline-4f81a5f5-7675-4903-8736-5ee77318bc33
2025-07-15 19:44:37,596 [grpc-default-executor-2] INFO  ratis.XceiverServerRatis (XceiverServerRatis.java:handleLeaderChangedNotification(944)) - Leader change notification received for group: group-5EE77318BC33 with new leaderId: faa2b429-16a2-49fa-ab42-514c70ac334b
2025-07-15 19:44:37,596 [grpc-default-executor-2] INFO  server.RaftServer$Division (ServerState.java:setLeader(272)) - 99cb6aa4-ab14-4525-b571-11fa40308ff9@group-5EE77318BC33: change Leader from null to faa2b429-16a2-49fa-ab42-514c70ac334b at term 1 for appendEntries, leader elected after 1264ms
2025-07-15 19:44:37,599 [edffad61-d5a0-4c2f-abd3-1d848b9782f9-groupManagement] INFO  server.RaftServerConfigKeys (ConfUtils.java:logGet(62)) - raft.server.log.appender.buffer.byte-limit = 33554432 (custom)
2025-07-15 19:44:37,600 [edffad61-d5a0-4c2f-abd3-1d848b9782f9-groupManagement] INFO  segmented.SegmentedRaftLogWorker (SegmentedRaftLogWorker.java:lambda$new$0(141)) - edffad61-d5a0-4c2f-abd3-1d848b9782f9@group-EF4D34A6888F-SegmentedRaftLogWorker: flushIndex: setUnconditionally 0 -> -1
2025-07-15 19:44:37,601 [edffad61-d5a0-4c2f-abd3-1d848b9782f9-groupManagement] INFO  segmented.SegmentedRaftLogWorker (SegmentedRaftLogWorker.java:lambda$new$0(141)) - edffad61-d5a0-4c2f-abd3-1d848b9782f9@group-EF4D34A6888F-SegmentedRaftLogWorker: safeCacheEvictIndex: setUnconditionally 0 -> -1
2025-07-15 19:44:37,601 [edffad61-d5a0-4c2f-abd3-1d848b9782f9-groupManagement] INFO  server.RaftServer$Division (RaftServerImpl.java:start(405)) - edffad61-d5a0-4c2f-abd3-1d848b9782f9@group-EF4D34A6888F: start as a follower, conf=conf: {index: -1, cur=peers:[edffad61-d5a0-4c2f-abd3-1d848b9782f9|127.0.0.1:15079]|listeners:[], old=null}
2025-07-15 19:44:37,601 [edffad61-d5a0-4c2f-abd3-1d848b9782f9-groupManagement] INFO  server.RaftServer$Division (RaftServerImpl.java:setRole(392)) - edffad61-d5a0-4c2f-abd3-1d848b9782f9@group-EF4D34A6888F: changes role from      null to FOLLOWER at term 0 for startAsFollower
2025-07-15 19:44:37,601 [edffad61-d5a0-4c2f-abd3-1d848b9782f9-groupManagement] INFO  impl.RoleInfo (RoleInfo.java:updateAndGet(148)) - edffad61-d5a0-4c2f-abd3-1d848b9782f9: start edffad61-d5a0-4c2f-abd3-1d848b9782f9@group-EF4D34A6888F-FollowerState
2025-07-15 19:44:37,601 [grpc-default-executor-2] INFO  server.RaftServer$Division (ServerState.java:setRaftConf(386)) - 99cb6aa4-ab14-4525-b571-11fa40308ff9@group-5EE77318BC33: set configuration conf: {index: 0, cur=peers:[1ed39f2b-ba05-41d4-bcbc-50acfb489962|127.0.0.1:15055, faa2b429-16a2-49fa-ab42-514c70ac334b|127.0.0.1:15047, 99cb6aa4-ab14-4525-b571-11fa40308ff9|127.0.0.1:15039]|listeners:[], old=null}
2025-07-15 19:44:37,602 [grpc-default-executor-2] INFO  segmented.SegmentedRaftLogWorker (SegmentedRaftLogWorker.java:startLogSegment(440)) - 99cb6aa4-ab14-4525-b571-11fa40308ff9@group-5EE77318BC33-SegmentedRaftLogWorker: Starting segment from index:0
2025-07-15 19:44:37,602 [faa2b429-16a2-49fa-ab42-514c70ac334b@group-5EE77318BC33-SegmentedRaftLogWorker] INFO  segmented.SegmentedRaftLogWorker (SegmentedRaftLogWorker.java:execute(647)) - faa2b429-16a2-49fa-ab42-514c70ac334b@group-5EE77318BC33-SegmentedRaftLogWorker: created new log segment /home/runner/work/ozone/ozone/hadoop-ozone/integration-test/target/test-dir/MiniOzoneClusterImpl-7a2c00ee-15e1-4921-aa6b-526c14ec89d8/ozone-meta/datanode-5/ratis/4f81a5f5-7675-4903-8736-5ee77318bc33/current/log_inprogress_0
2025-07-15 19:44:37,603 [faa2b429-16a2-49fa-ab42-514c70ac334b@group-8C8A76C13734-SegmentedRaftLogWorker] INFO  segmented.SegmentedRaftLogWorker (SegmentedRaftLogWorker.java:execute(647)) - faa2b429-16a2-49fa-ab42-514c70ac334b@group-8C8A76C13734-SegmentedRaftLogWorker: created new log segment /home/runner/work/ozone/ozone/hadoop-ozone/integration-test/target/test-dir/MiniOzoneClusterImpl-7a2c00ee-15e1-4921-aa6b-526c14ec89d8/ozone-meta/datanode-5/ratis/2a9ac051-bf0b-4ff2-8e2f-8c8a76c13734/current/log_inprogress_0
2025-07-15 19:44:37,603 [99cb6aa4-ab14-4525-b571-11fa40308ff9@group-5EE77318BC33-SegmentedRaftLogWorker] INFO  segmented.BufferedWriteChannel (BufferedWriteChannel.java:open(61)) - open log_inprogress_0 at position 0
2025-07-15 19:44:37,604 [99cb6aa4-ab14-4525-b571-11fa40308ff9@group-8C8A76C13734-SegmentedRaftLogWorker] INFO  segmented.SegmentedRaftLogWorker (SegmentedRaftLogWorker.java:execute(647)) - 99cb6aa4-ab14-4525-b571-11fa40308ff9@group-8C8A76C13734-SegmentedRaftLogWorker: created new log segment /home/runner/work/ozone/ozone/hadoop-ozone/integration-test/target/test-dir/MiniOzoneClusterImpl-7a2c00ee-15e1-4921-aa6b-526c14ec89d8/ozone-meta/datanode-4/ratis/2a9ac051-bf0b-4ff2-8e2f-8c8a76c13734/current/log_inprogress_0
2025-07-15 19:44:37,605 [edffad61-d5a0-4c2f-abd3-1d848b9782f9-groupManagement] INFO  util.JmxRegister (JmxRegister.java:tryRegister(44)) - Successfully registered JMX Bean with object name Ratis:service=RaftServer,group=group-EF4D34A6888F,id=edffad61-d5a0-4c2f-abd3-1d848b9782f9
2025-07-15 19:44:37,606 [edffad61-d5a0-4c2f-abd3-1d848b9782f9-groupManagement] INFO  util.JmxRegister (JmxRegister.java:register(58)) - register mxBean class org.apache.ratis.server.impl.RaftServerJmxAdapter as Ratis:service=RaftServer,group=group-EF4D34A6888F,id=edffad61-d5a0-4c2f-abd3-1d848b9782f9
2025-07-15 19:44:37,606 [faa2b429-16a2-49fa-ab42-514c70ac334b@group-EC99B3D04D65-FollowerState] INFO  impl.FollowerState (FollowerState.java:runImpl(161)) - faa2b429-16a2-49fa-ab42-514c70ac334b@group-EC99B3D04D65-FollowerState: change to CANDIDATE, lastRpcElapsedTime:1105008504ns, electionTimeout:1104ms
2025-07-15 19:44:37,606 [faa2b429-16a2-49fa-ab42-514c70ac334b@group-EC99B3D04D65-FollowerState] INFO  impl.RoleInfo (RoleInfo.java:shutdownFollowerState(121)) - faa2b429-16a2-49fa-ab42-514c70ac334b: shutdown faa2b429-16a2-49fa-ab42-514c70ac334b@group-EC99B3D04D65-FollowerState
2025-07-15 19:44:37,606 [faa2b429-16a2-49fa-ab42-514c70ac334b@group-EC99B3D04D65-FollowerState] INFO  server.RaftServer$Division (RaftServerImpl.java:setRole(392)) - faa2b429-16a2-49fa-ab42-514c70ac334b@group-EC99B3D04D65: changes role from  FOLLOWER to CANDIDATE at term 0 for changeToCandidate
2025-07-15 19:44:37,606 [faa2b429-16a2-49fa-ab42-514c70ac334b@group-EC99B3D04D65-FollowerState] INFO  impl.RoleInfo (RoleInfo.java:updateAndGet(148)) - faa2b429-16a2-49fa-ab42-514c70ac334b: start faa2b429-16a2-49fa-ab42-514c70ac334b@group-EC99B3D04D65-LeaderElection16
2025-07-15 19:44:37,608 [grpc-default-executor-2] INFO  ratis.XceiverServerRatis (XceiverServerRatis.java:handleLeaderChangedNotification(944)) - Leader change notification received for group: group-5EE77318BC33 with new leaderId: faa2b429-16a2-49fa-ab42-514c70ac334b
2025-07-15 19:44:37,608 [grpc-default-executor-2] INFO  server.RaftServer$Division (ServerState.java:setLeader(272)) - 1ed39f2b-ba05-41d4-bcbc-50acfb489962@group-5EE77318BC33: change Leader from null to faa2b429-16a2-49fa-ab42-514c70ac334b at term 1 for appendEntries, leader elected after 1208ms
2025-07-15 19:44:37,608 [faa2b429-16a2-49fa-ab42-514c70ac334b@group-EC99B3D04D65-LeaderElection16] INFO  impl.LeaderElection (LeaderElection.java:askForVotes(448)) - faa2b429-16a2-49fa-ab42-514c70ac334b@group-EC99B3D04D65-LeaderElection16 PRE_VOTE round 0: submit vote requests at term 0 for conf: {index: -1, cur=peers:[faa2b429-16a2-49fa-ab42-514c70ac334b|127.0.0.1:15047]|listeners:[], old=null}
2025-07-15 19:44:37,609 [faa2b429-16a2-49fa-ab42-514c70ac334b@group-EC99B3D04D65-LeaderElection16] INFO  impl.LeaderElection (LeaderElection.java:askForVotes(450)) - faa2b429-16a2-49fa-ab42-514c70ac334b@group-EC99B3D04D65-LeaderElection16 PRE_VOTE round 0: result PASSED (term=0)
2025-07-15 19:44:37,609 [grpc-default-executor-2] INFO  server.RaftServer$Division (ServerState.java:setRaftConf(386)) - 1ed39f2b-ba05-41d4-bcbc-50acfb489962@group-5EE77318BC33: set configuration conf: {index: 0, cur=peers:[1ed39f2b-ba05-41d4-bcbc-50acfb489962|127.0.0.1:15055, faa2b429-16a2-49fa-ab42-514c70ac334b|127.0.0.1:15047, 99cb6aa4-ab14-4525-b571-11fa40308ff9|127.0.0.1:15039]|listeners:[], old=null}
2025-07-15 19:44:37,609 [grpc-default-executor-2] INFO  segmented.SegmentedRaftLogWorker (SegmentedRaftLogWorker.java:startLogSegment(440)) - 1ed39f2b-ba05-41d4-bcbc-50acfb489962@group-5EE77318BC33-SegmentedRaftLogWorker: Starting segment from index:0
2025-07-15 19:44:37,609 [edffad61-d5a0-4c2f-abd3-1d848b9782f9-groupManagement] INFO  server.RaftServer$Division (RaftServerImpl.java:start(419)) - edffad61-d5a0-4c2f-abd3-1d848b9782f9@group-EF4D34A6888F: Successfully started.
2025-07-15 19:44:37,609 [edffad61-d5a0-4c2f-abd3-1d848b9782f9-PipelineCommandHandlerThread-0] INFO  ratis.XceiverServerRatis (XceiverServerRatis.java:addGroup(843)) - Created group Pipeline-368a449b-1988-4768-9655-ef4d34a6888f
2025-07-15 19:44:37,610 [edffad61-d5a0-4c2f-abd3-1d848b9782f9-PipelineCommandHandlerThread-0] INFO  commandhandler.CreatePipelineCommandHandler (CreatePipelineCommandHandler.java:lambda$handle$2(127)) - Created Pipeline RATIS ONE Pipeline-368a449b-1988-4768-9655-ef4d34a6888f.
2025-07-15 19:44:37,610 [1ed39f2b-ba05-41d4-bcbc-50acfb489962@group-5EE77318BC33-SegmentedRaftLogWorker] INFO  segmented.BufferedWriteChannel (BufferedWriteChannel.java:open(61)) - open log_inprogress_0 at position 0
2025-07-15 19:44:37,612 [faa2b429-16a2-49fa-ab42-514c70ac334b@group-EC99B3D04D65-LeaderElection16] INFO  impl.LeaderElection (LeaderElection.java:askForVotes(448)) - faa2b429-16a2-49fa-ab42-514c70ac334b@group-EC99B3D04D65-LeaderElection16 ELECTION round 0: submit vote requests at term 1 for conf: {index: -1, cur=peers:[faa2b429-16a2-49fa-ab42-514c70ac334b|127.0.0.1:15047]|listeners:[], old=null}
2025-07-15 19:44:37,612 [faa2b429-16a2-49fa-ab42-514c70ac334b@group-EC99B3D04D65-LeaderElection16] INFO  impl.LeaderElection (LeaderElection.java:askForVotes(450)) - faa2b429-16a2-49fa-ab42-514c70ac334b@group-EC99B3D04D65-LeaderElection16 ELECTION round 0: result PASSED (term=1)
2025-07-15 19:44:37,612 [faa2b429-16a2-49fa-ab42-514c70ac334b@group-EC99B3D04D65-LeaderElection16] INFO  impl.RoleInfo (RoleInfo.java:shutdownLeaderElection(141)) - faa2b429-16a2-49fa-ab42-514c70ac334b: shutdown faa2b429-16a2-49fa-ab42-514c70ac334b@group-EC99B3D04D65-LeaderElection16
2025-07-15 19:44:37,612 [faa2b429-16a2-49fa-ab42-514c70ac334b@group-EC99B3D04D65-LeaderElection16] INFO  server.RaftServer$Division (RaftServerImpl.java:setRole(392)) - faa2b429-16a2-49fa-ab42-514c70ac334b@group-EC99B3D04D65: changes role from CANDIDATE to LEADER at term 1 for changeToLeader
2025-07-15 19:44:37,612 [faa2b429-16a2-49fa-ab42-514c70ac334b@group-EC99B3D04D65-LeaderElection16] INFO  server.RaftServerConfigKeys (ConfUtils.java:logFallback(69)) - raft.server.staging.timeout = 15600ms (fallback to raft.server.rpc.timeout.max)
2025-07-15 19:44:37,613 [1ed39f2b-ba05-41d4-bcbc-50acfb489962@group-8C8A76C13734-StateMachineUpdater] INFO  server.RaftServer$Division (LeaderStateImpl.java:checkStartIndex(309)) - Leader 1ed39f2b-ba05-41d4-bcbc-50acfb489962@group-8C8A76C13734-LeaderStateImpl is ready since appliedIndex == startIndex == 0
2025-07-15 19:44:37,613 [1ed39f2b-ba05-41d4-bcbc-50acfb489962@group-8C8A76C13734-StateMachineUpdater] INFO  ratis.ContainerStateMachine (ContainerStateMachine.java:takeSnapshot(427)) - group-8C8A76C13734: Taking a snapshot at:(t:1, i:0) file /home/runner/work/ozone/ozone/hadoop-ozone/integration-test/target/test-dir/MiniOzoneClusterImpl-7a2c00ee-15e1-4921-aa6b-526c14ec89d8/ozone-meta/datanode-6/ratis/2a9ac051-bf0b-4ff2-8e2f-8c8a76c13734/sm/snapshot.1_0
2025-07-15 19:44:37,613 [faa2b429-16a2-49fa-ab42-514c70ac334b@group-EC99B3D04D65-LeaderElection16] INFO  server.RaftServerConfigKeys (ConfUtils.java:logGet(62)) - raft.server.write.byte-limit = 1024 M (=1073741824) (custom)
2025-07-15 19:44:37,616 [faa2b429-16a2-49fa-ab42-514c70ac334b@group-EC99B3D04D65-LeaderElection16] INFO  impl.RoleInfo (RoleInfo.java:updateAndGet(148)) - faa2b429-16a2-49fa-ab42-514c70ac334b: start faa2b429-16a2-49fa-ab42-514c70ac334b@group-EC99B3D04D65-LeaderStateImpl
2025-07-15 19:44:37,616 [faa2b429-16a2-49fa-ab42-514c70ac334b@group-EC99B3D04D65-LeaderElection16] INFO  server.RaftServer$Division (RaftServerImpl.java:setFirstElection(576)) - faa2b429-16a2-49fa-ab42-514c70ac334b@group-EC99B3D04D65: set firstElectionSinceStartup to false for becomeLeader
2025-07-15 19:44:37,616 [faa2b429-16a2-49fa-ab42-514c70ac334b@group-EC99B3D04D65-LeaderElection16] INFO  ratis.XceiverServerRatis (XceiverServerRatis.java:handleLeaderChangedNotification(944)) - Leader change notification received for group: group-EC99B3D04D65 with new leaderId: faa2b429-16a2-49fa-ab42-514c70ac334b
2025-07-15 19:44:37,619 [1ed39f2b-ba05-41d4-bcbc-50acfb489962@group-8C8A76C13734-StateMachineUpdater] INFO  ratis.ContainerStateMachine (ContainerStateMachine.java:takeSnapshot(436)) - group-8C8A76C13734: Finished taking a snapshot at:(t:1, i:0) file:/home/runner/work/ozone/ozone/hadoop-ozone/integration-test/target/test-dir/MiniOzoneClusterImpl-7a2c00ee-15e1-4921-aa6b-526c14ec89d8/ozone-meta/datanode-6/ratis/2a9ac051-bf0b-4ff2-8e2f-8c8a76c13734/sm/snapshot.1_0 took: 5 ms
2025-07-15 19:44:37,619 [1ed39f2b-ba05-41d4-bcbc-50acfb489962@group-8C8A76C13734-StateMachineUpdater] INFO  impl.StateMachineUpdater (StateMachineUpdater.java:takeSnapshot(307)) - 1ed39f2b-ba05-41d4-bcbc-50acfb489962@group-8C8A76C13734-StateMachineUpdater: Took a snapshot at index 0
2025-07-15 19:44:37,619 [1ed39f2b-ba05-41d4-bcbc-50acfb489962@group-8C8A76C13734-StateMachineUpdater] INFO  impl.StateMachineUpdater (StateMachineUpdater.java:lambda$new$0(101)) - 1ed39f2b-ba05-41d4-bcbc-50acfb489962@group-8C8A76C13734-StateMachineUpdater: snapshotIndex: updateIncreasingly -1 -> 0
2025-07-15 19:44:37,620 [99cb6aa4-ab14-4525-b571-11fa40308ff9@group-5EE77318BC33-SegmentedRaftLogWorker] INFO  segmented.SegmentedRaftLogWorker (SegmentedRaftLogWorker.java:execute(647)) - 99cb6aa4-ab14-4525-b571-11fa40308ff9@group-5EE77318BC33-SegmentedRaftLogWorker: created new log segment /home/runner/work/ozone/ozone/hadoop-ozone/integration-test/target/test-dir/MiniOzoneClusterImpl-7a2c00ee-15e1-4921-aa6b-526c14ec89d8/ozone-meta/datanode-4/ratis/4f81a5f5-7675-4903-8736-5ee77318bc33/current/log_inprogress_0
2025-07-15 19:44:37,621 [faa2b429-16a2-49fa-ab42-514c70ac334b@group-EC99B3D04D65-LeaderElection16] INFO  server.RaftServer$Division (ServerState.java:setLeader(272)) - faa2b429-16a2-49fa-ab42-514c70ac334b@group-EC99B3D04D65: change Leader from null to faa2b429-16a2-49fa-ab42-514c70ac334b at term 1 for becomeLeader, leader elected after 1129ms
2025-07-15 19:44:37,622 [faa2b429-16a2-49fa-ab42-514c70ac334b@group-EC99B3D04D65-LeaderElection16] INFO  segmented.SegmentedRaftLogWorker (SegmentedRaftLogWorker.java:startLogSegment(440)) - faa2b429-16a2-49fa-ab42-514c70ac334b@group-EC99B3D04D65-SegmentedRaftLogWorker: Starting segment from index:0
2025-07-15 19:44:37,622 [faa2b429-16a2-49fa-ab42-514c70ac334b@group-EC99B3D04D65-LeaderElection16] INFO  server.RaftServer$Division (ServerState.java:setRaftConf(386)) - faa2b429-16a2-49fa-ab42-514c70ac334b@group-EC99B3D04D65: set configuration conf: {index: 0, cur=peers:[faa2b429-16a2-49fa-ab42-514c70ac334b|127.0.0.1:15047]|listeners:[], old=null}
2025-07-15 19:44:37,622 [faa2b429-16a2-49fa-ab42-514c70ac334b@group-EC99B3D04D65-SegmentedRaftLogWorker] INFO  segmented.BufferedWriteChannel (BufferedWriteChannel.java:open(61)) - open log_inprogress_0 at position 0
2025-07-15 19:44:37,629 [1ed39f2b-ba05-41d4-bcbc-50acfb489962@group-5EE77318BC33-SegmentedRaftLogWorker] INFO  segmented.SegmentedRaftLogWorker (SegmentedRaftLogWorker.java:execute(647)) - 1ed39f2b-ba05-41d4-bcbc-50acfb489962@group-5EE77318BC33-SegmentedRaftLogWorker: created new log segment /home/runner/work/ozone/ozone/hadoop-ozone/integration-test/target/test-dir/MiniOzoneClusterImpl-7a2c00ee-15e1-4921-aa6b-526c14ec89d8/ozone-meta/datanode-6/ratis/4f81a5f5-7675-4903-8736-5ee77318bc33/current/log_inprogress_0
2025-07-15 19:44:37,636 [faa2b429-16a2-49fa-ab42-514c70ac334b@group-5EE77318BC33-StateMachineUpdater] INFO  server.RaftServer$Division (LeaderStateImpl.java:checkStartIndex(309)) - Leader faa2b429-16a2-49fa-ab42-514c70ac334b@group-5EE77318BC33-LeaderStateImpl is ready since appliedIndex == startIndex == 0
2025-07-15 19:44:37,636 [faa2b429-16a2-49fa-ab42-514c70ac334b@group-5EE77318BC33-StateMachineUpdater] INFO  ratis.ContainerStateMachine (ContainerStateMachine.java:takeSnapshot(427)) - group-5EE77318BC33: Taking a snapshot at:(t:1, i:0) file /home/runner/work/ozone/ozone/hadoop-ozone/integration-test/target/test-dir/MiniOzoneClusterImpl-7a2c00ee-15e1-4921-aa6b-526c14ec89d8/ozone-meta/datanode-5/ratis/4f81a5f5-7675-4903-8736-5ee77318bc33/sm/snapshot.1_0
2025-07-15 19:44:37,638 [faa2b429-16a2-49fa-ab42-514c70ac334b@group-5EE77318BC33-StateMachineUpdater] INFO  ratis.ContainerStateMachine (ContainerStateMachine.java:takeSnapshot(436)) - group-5EE77318BC33: Finished taking a snapshot at:(t:1, i:0) file:/home/runner/work/ozone/ozone/hadoop-ozone/integration-test/target/test-dir/MiniOzoneClusterImpl-7a2c00ee-15e1-4921-aa6b-526c14ec89d8/ozone-meta/datanode-5/ratis/4f81a5f5-7675-4903-8736-5ee77318bc33/sm/snapshot.1_0 took: 2 ms
2025-07-15 19:44:37,638 [faa2b429-16a2-49fa-ab42-514c70ac334b@group-5EE77318BC33-StateMachineUpdater] INFO  impl.StateMachineUpdater (StateMachineUpdater.java:takeSnapshot(307)) - faa2b429-16a2-49fa-ab42-514c70ac334b@group-5EE77318BC33-StateMachineUpdater: Took a snapshot at index 0
2025-07-15 19:44:37,638 [faa2b429-16a2-49fa-ab42-514c70ac334b@group-5EE77318BC33-StateMachineUpdater] INFO  impl.StateMachineUpdater (StateMachineUpdater.java:lambda$new$0(101)) - faa2b429-16a2-49fa-ab42-514c70ac334b@group-5EE77318BC33-StateMachineUpdater: snapshotIndex: updateIncreasingly -1 -> 0
2025-07-15 19:44:37,639 [faa2b429-16a2-49fa-ab42-514c70ac334b@group-EC99B3D04D65-SegmentedRaftLogWorker] INFO  segmented.SegmentedRaftLogWorker (SegmentedRaftLogWorker.java:execute(647)) - faa2b429-16a2-49fa-ab42-514c70ac334b@group-EC99B3D04D65-SegmentedRaftLogWorker: created new log segment /home/runner/work/ozone/ozone/hadoop-ozone/integration-test/target/test-dir/MiniOzoneClusterImpl-7a2c00ee-15e1-4921-aa6b-526c14ec89d8/ozone-meta/datanode-5/ratis/3211be09-c2e3-4b3a-86e9-ec99b3d04d65/current/log_inprogress_0
2025-07-15 19:44:37,641 [faa2b429-16a2-49fa-ab42-514c70ac334b@group-EC99B3D04D65-StateMachineUpdater] INFO  server.RaftServer$Division (LeaderStateImpl.java:checkStartIndex(309)) - Leader faa2b429-16a2-49fa-ab42-514c70ac334b@group-EC99B3D04D65-LeaderStateImpl is ready since appliedIndex == startIndex == 0
2025-07-15 19:44:37,642 [faa2b429-16a2-49fa-ab42-514c70ac334b@group-EC99B3D04D65-StateMachineUpdater] INFO  ratis.ContainerStateMachine (ContainerStateMachine.java:takeSnapshot(427)) - group-EC99B3D04D65: Taking a snapshot at:(t:1, i:0) file /home/runner/work/ozone/ozone/hadoop-ozone/integration-test/target/test-dir/MiniOzoneClusterImpl-7a2c00ee-15e1-4921-aa6b-526c14ec89d8/ozone-meta/datanode-5/ratis/3211be09-c2e3-4b3a-86e9-ec99b3d04d65/sm/snapshot.1_0
2025-07-15 19:44:37,642 [faa2b429-16a2-49fa-ab42-514c70ac334b@group-EC99B3D04D65-StateMachineUpdater] INFO  ratis.ContainerStateMachine (ContainerStateMachine.java:takeSnapshot(436)) - group-EC99B3D04D65: Finished taking a snapshot at:(t:1, i:0) file:/home/runner/work/ozone/ozone/hadoop-ozone/integration-test/target/test-dir/MiniOzoneClusterImpl-7a2c00ee-15e1-4921-aa6b-526c14ec89d8/ozone-meta/datanode-5/ratis/3211be09-c2e3-4b3a-86e9-ec99b3d04d65/sm/snapshot.1_0 took: 1 ms
2025-07-15 19:44:37,642 [faa2b429-16a2-49fa-ab42-514c70ac334b@group-EC99B3D04D65-StateMachineUpdater] INFO  impl.StateMachineUpdater (StateMachineUpdater.java:takeSnapshot(307)) - faa2b429-16a2-49fa-ab42-514c70ac334b@group-EC99B3D04D65-StateMachineUpdater: Took a snapshot at index 0
2025-07-15 19:44:37,643 [faa2b429-16a2-49fa-ab42-514c70ac334b@group-EC99B3D04D65-StateMachineUpdater] INFO  impl.StateMachineUpdater (StateMachineUpdater.java:lambda$new$0(101)) - faa2b429-16a2-49fa-ab42-514c70ac334b@group-EC99B3D04D65-StateMachineUpdater: snapshotIndex: updateIncreasingly -1 -> 0
2025-07-15 19:44:37,726 [072971cd-5d05-4d2d-80ca-509be4281031-PipelineCommandHandlerThread-0] INFO  server.RaftServer (RaftServerProxy.java:addNew(105)) - 072971cd-5d05-4d2d-80ca-509be4281031: addNew group-F8D00F5F3FF6:[072971cd-5d05-4d2d-80ca-509be4281031|127.0.0.1:15087] returns group-F8D00F5F3FF6:java.util.concurrent.CompletableFuture@b5b68cc[Not completed]
2025-07-15 19:44:37,728 [072971cd-5d05-4d2d-80ca-509be4281031-groupManagement] INFO  server.RaftServer$Division (RaftServerImpl.java:<init>(268)) - 072971cd-5d05-4d2d-80ca-509be4281031: new RaftServerImpl for group-F8D00F5F3FF6:[072971cd-5d05-4d2d-80ca-509be4281031|127.0.0.1:15087] with ContainerStateMachine:uninitialized
2025-07-15 19:44:37,729 [072971cd-5d05-4d2d-80ca-509be4281031-groupManagement] INFO  server.RaftServer$Division (ServerState.java:<init>(114)) - 072971cd-5d05-4d2d-80ca-509be4281031@group-F8D00F5F3FF6: ConfigurationManager, init=conf: {index: -1, cur=peers:[072971cd-5d05-4d2d-80ca-509be4281031|127.0.0.1:15087]|listeners:[], old=null}, confs=<EMPTY_MAP>
2025-07-15 19:44:37,736 [072971cd-5d05-4d2d-80ca-509be4281031-groupManagement] INFO  server.RaftServerConfigKeys (ConfUtils.java:logGet(62)) - raft.server.storage.dir = [/home/runner/work/ozone/ozone/hadoop-ozone/integration-test/target/test-dir/MiniOzoneClusterImpl-7a2c00ee-15e1-4921-aa6b-526c14ec89d8/ozone-meta/datanode-10/ratis] (custom)
2025-07-15 19:44:37,737 [072971cd-5d05-4d2d-80ca-509be4281031-groupManagement] INFO  storage.RaftStorageDirectory (RaftStorageDirectoryImpl.java:analyzeStorage(138)) - The storage directory /home/runner/work/ozone/ozone/hadoop-ozone/integration-test/target/test-dir/MiniOzoneClusterImpl-7a2c00ee-15e1-4921-aa6b-526c14ec89d8/ozone-meta/datanode-10/ratis/00627fa7-c6f9-449d-97f4-f8d00f5f3ff6 does not exist. Creating ...
2025-07-15 19:44:37,739 [072971cd-5d05-4d2d-80ca-509be4281031-groupManagement] INFO  storage.RaftStorageDirectory (RaftStorageDirectoryImpl.java:tryLock(229)) - Lock on /home/runner/work/ozone/ozone/hadoop-ozone/integration-test/target/test-dir/MiniOzoneClusterImpl-7a2c00ee-15e1-4921-aa6b-526c14ec89d8/ozone-meta/datanode-10/ratis/00627fa7-c6f9-449d-97f4-f8d00f5f3ff6/in_use.lock acquired by nodename 18953@localhost
2025-07-15 19:44:37,741 [072971cd-5d05-4d2d-80ca-509be4281031-groupManagement] INFO  storage.RaftStorage (RaftStorageImpl.java:format(98)) - Storage directory /home/runner/work/ozone/ozone/hadoop-ozone/integration-test/target/test-dir/MiniOzoneClusterImpl-7a2c00ee-15e1-4921-aa6b-526c14ec89d8/ozone-meta/datanode-10/ratis/00627fa7-c6f9-449d-97f4-f8d00f5f3ff6 has been successfully formatted.
2025-07-15 19:44:37,742 [072971cd-5d05-4d2d-80ca-509be4281031-groupManagement] INFO  ratis.ContainerStateMachine (ContainerStateMachine.java:initialize(339)) - 072971cd-5d05-4d2d-80ca-509be4281031: initialize group-F8D00F5F3FF6
2025-07-15 19:44:37,742 [072971cd-5d05-4d2d-80ca-509be4281031-groupManagement] INFO  ratis.ContainerStateMachine (ContainerStateMachine.java:loadSnapshot(347)) - group-F8D00F5F3FF6: The snapshot info is null. Setting the last applied index to:<INITIAL_VALUE>
2025-07-15 19:44:37,744 [072971cd-5d05-4d2d-80ca-509be4281031-groupManagement] INFO  server.RaftServerConfigKeys (ConfUtils.java:logGet(62)) - raft.server.log.appender.buffer.byte-limit = 33554432 (custom)
2025-07-15 19:44:37,748 [072971cd-5d05-4d2d-80ca-509be4281031-groupManagement] INFO  server.RaftServerConfigKeys (ConfUtils.java:logGet(62)) - raft.server.log.segment.size.max = 67108864 (custom)
2025-07-15 19:44:37,748 [EventQueue-PipelineReportForPipelineReportHandler] INFO  pipeline.PipelineReportHandler (PipelineReportHandler.java:processPipelineReport(134)) - Opened pipeline Pipeline-00627fa7-c6f9-449d-97f4-f8d00f5f3ff6
2025-07-15 19:44:37,750 [072971cd-5d05-4d2d-80ca-509be4281031-groupManagement] INFO  server.RaftServerConfigKeys (ConfUtils.java:logGet(62)) - raft.server.log.appender.buffer.byte-limit = 33554432 (custom)
2025-07-15 19:44:37,751 [072971cd-5d05-4d2d-80ca-509be4281031-groupManagement] INFO  util.AwaitToRun (AwaitToRun.java:start(81)) - Thread[#1449,072971cd-5d05-4d2d-80ca-509be4281031@group-F8D00F5F3FF6-cacheEviction-AwaitToRun,5,main] started
2025-07-15 19:44:37,751 [072971cd-5d05-4d2d-80ca-509be4281031-groupManagement] INFO  segmented.SegmentedRaftLogWorker (SegmentedRaftLogWorker.java:<init>(190)) - new 072971cd-5d05-4d2d-80ca-509be4281031@group-F8D00F5F3FF6-SegmentedRaftLogWorker for RaftStorageImpl:Storage Directory /home/runner/work/ozone/ozone/hadoop-ozone/integration-test/target/test-dir/MiniOzoneClusterImpl-7a2c00ee-15e1-4921-aa6b-526c14ec89d8/ozone-meta/datanode-10/ratis/00627fa7-c6f9-449d-97f4-f8d00f5f3ff6
2025-07-15 19:44:37,751 [072971cd-5d05-4d2d-80ca-509be4281031-groupManagement] INFO  server.RaftServerConfigKeys (ConfUtils.java:logGet(62)) - raft.server.log.queue.byte-limit = 4294967296 (custom)
2025-07-15 19:44:37,751 [072971cd-5d05-4d2d-80ca-509be4281031-groupManagement] INFO  server.RaftServerConfigKeys (ConfUtils.java:logGet(62)) - raft.server.log.segment.size.max = 67108864 (custom)
2025-07-15 19:44:37,751 [072971cd-5d05-4d2d-80ca-509be4281031-groupManagement] INFO  server.RaftServerConfigKeys (ConfUtils.java:logGet(62)) - raft.server.log.preallocated.size = 4194304 (custom)
2025-07-15 19:44:37,752 [072971cd-5d05-4d2d-80ca-509be4281031-groupManagement] INFO  server.RaftServerConfigKeys (ConfUtils.java:logGet(62)) - raft.server.log.write.buffer.size = 33554440 (custom)
2025-07-15 19:44:37,763 [072971cd-5d05-4d2d-80ca-509be4281031-groupManagement] INFO  server.RaftServerConfigKeys (ConfUtils.java:logGet(62)) - raft.server.log.appender.buffer.byte-limit = 33554432 (custom)
2025-07-15 19:44:37,763 [072971cd-5d05-4d2d-80ca-509be4281031-groupManagement] INFO  segmented.SegmentedRaftLogWorker (SegmentedRaftLogWorker.java:lambda$new$0(141)) - 072971cd-5d05-4d2d-80ca-509be4281031@group-F8D00F5F3FF6-SegmentedRaftLogWorker: flushIndex: setUnconditionally 0 -> -1
2025-07-15 19:44:37,764 [072971cd-5d05-4d2d-80ca-509be4281031-groupManagement] INFO  segmented.SegmentedRaftLogWorker (SegmentedRaftLogWorker.java:lambda$new$0(141)) - 072971cd-5d05-4d2d-80ca-509be4281031@group-F8D00F5F3FF6-SegmentedRaftLogWorker: safeCacheEvictIndex: setUnconditionally 0 -> -1
2025-07-15 19:44:37,767 [072971cd-5d05-4d2d-80ca-509be4281031-groupManagement] INFO  server.RaftServer$Division (RaftServerImpl.java:start(405)) - 072971cd-5d05-4d2d-80ca-509be4281031@group-F8D00F5F3FF6: start as a follower, conf=conf: {index: -1, cur=peers:[072971cd-5d05-4d2d-80ca-509be4281031|127.0.0.1:15087]|listeners:[], old=null}
2025-07-15 19:44:37,767 [072971cd-5d05-4d2d-80ca-509be4281031-groupManagement] INFO  server.RaftServer$Division (RaftServerImpl.java:setRole(392)) - 072971cd-5d05-4d2d-80ca-509be4281031@group-F8D00F5F3FF6: changes role from      null to FOLLOWER at term 0 for startAsFollower
2025-07-15 19:44:37,767 [072971cd-5d05-4d2d-80ca-509be4281031-groupManagement] INFO  impl.RoleInfo (RoleInfo.java:updateAndGet(148)) - 072971cd-5d05-4d2d-80ca-509be4281031: start 072971cd-5d05-4d2d-80ca-509be4281031@group-F8D00F5F3FF6-FollowerState
2025-07-15 19:44:37,768 [072971cd-5d05-4d2d-80ca-509be4281031-groupManagement] INFO  util.JmxRegister (JmxRegister.java:tryRegister(44)) - Successfully registered JMX Bean with object name Ratis:service=RaftServer,group=group-F8D00F5F3FF6,id=072971cd-5d05-4d2d-80ca-509be4281031
2025-07-15 19:44:37,768 [072971cd-5d05-4d2d-80ca-509be4281031-groupManagement] INFO  util.JmxRegister (JmxRegister.java:register(58)) - register mxBean class org.apache.ratis.server.impl.RaftServerJmxAdapter as Ratis:service=RaftServer,group=group-F8D00F5F3FF6,id=072971cd-5d05-4d2d-80ca-509be4281031
2025-07-15 19:44:37,768 [072971cd-5d05-4d2d-80ca-509be4281031-groupManagement] INFO  server.RaftServer$Division (RaftServerImpl.java:start(419)) - 072971cd-5d05-4d2d-80ca-509be4281031@group-F8D00F5F3FF6: Successfully started.
2025-07-15 19:44:37,771 [072971cd-5d05-4d2d-80ca-509be4281031-PipelineCommandHandlerThread-0] INFO  ratis.XceiverServerRatis (XceiverServerRatis.java:addGroup(843)) - Created group Pipeline-00627fa7-c6f9-449d-97f4-f8d00f5f3ff6
2025-07-15 19:44:37,771 [072971cd-5d05-4d2d-80ca-509be4281031-PipelineCommandHandlerThread-0] INFO  commandhandler.CreatePipelineCommandHandler (CreatePipelineCommandHandler.java:lambda$handle$2(127)) - Created Pipeline RATIS ONE Pipeline-00627fa7-c6f9-449d-97f4-f8d00f5f3ff6.
2025-07-15 19:44:37,808 [main] INFO  rpc.RpcClient (RpcClient.java:createVolume(461)) - Creating Volume: testcontainerstatemachinefailures, with runner as owner and space quota set to -1 bytes, counts quota set to -1
2025-07-15 19:44:37,822 [om1-OMStateMachineApplyTransactionThread - 0] INFO  volume.OMVolumeCreateRequest (OMVolumeCreateRequest.java:validateAndUpdateCache(203)) - created volume:testcontainerstatemachinefailures for user:runner
2025-07-15 19:44:37,835 [main] INFO  rpc.RpcClient (RpcClient.java:createBucket(686)) - Creating Bucket: testcontainerstatemachinefailures/testcontainerstatemachinefailures, with server-side default bucket layout, runner as owner, Versioning false, Storage Type set to DISK and Encryption set to false, Replication Type set to server-side default replication type, Namespace Quota set to -1, Space Quota set to -1 
2025-07-15 19:44:37,846 [om1-OMStateMachineApplyTransactionThread - 0] INFO  bucket.OMBucketCreateRequest (OMBucketCreateRequest.java:validateAndUpdateCache(292)) - created bucket: testcontainerstatemachinefailures of layout FILE_SYSTEM_OPTIMIZED in volume: testcontainerstatemachinefailures
2025-07-15 19:44:37,899 [IPC Server handler 0 on default port 15001] INFO  ha.SequenceIdGenerator (SequenceIdGenerator.java:getNextId(135)) - Allocate a batch for containerId, change lastId from 0 to 1000.
2025-07-15 19:44:37,909 [5b76e34f-336a-4d5f-b46b-52fa87015b9f@group-526C14EC89D8-StateMachineUpdater] WARN  ha.SequenceIdGenerator (SequenceIdGenerator.java:allocateBatch(248)) - Failed to allocate a batch for localId, expected lastId is 0, actual lastId is 115816896921600000.
2025-07-15 19:44:37,911 [IPC Server handler 0 on default port 15001] INFO  ha.SequenceIdGenerator (SequenceIdGenerator.java:getNextId(135)) - Allocate a batch for localId, change lastId from 115816896921600000 to 115816896921601000.
2025-07-15 19:44:37,962 [1ed39f2b-ba05-41d4-bcbc-50acfb489962@group-F57FA6A6E453-FollowerState] INFO  impl.FollowerState (FollowerState.java:runImpl(161)) - 1ed39f2b-ba05-41d4-bcbc-50acfb489962@group-F57FA6A6E453-FollowerState: change to CANDIDATE, lastRpcElapsedTime:1196300621ns, electionTimeout:1195ms
2025-07-15 19:44:37,962 [1ed39f2b-ba05-41d4-bcbc-50acfb489962@group-F57FA6A6E453-FollowerState] INFO  impl.RoleInfo (RoleInfo.java:shutdownFollowerState(121)) - 1ed39f2b-ba05-41d4-bcbc-50acfb489962: shutdown 1ed39f2b-ba05-41d4-bcbc-50acfb489962@group-F57FA6A6E453-FollowerState
2025-07-15 19:44:37,963 [1ed39f2b-ba05-41d4-bcbc-50acfb489962@group-F57FA6A6E453-FollowerState] INFO  server.RaftServer$Division (RaftServerImpl.java:setRole(392)) - 1ed39f2b-ba05-41d4-bcbc-50acfb489962@group-F57FA6A6E453: changes role from  FOLLOWER to CANDIDATE at term 0 for changeToCandidate
2025-07-15 19:44:37,963 [1ed39f2b-ba05-41d4-bcbc-50acfb489962@group-F57FA6A6E453-FollowerState] INFO  impl.RoleInfo (RoleInfo.java:updateAndGet(148)) - 1ed39f2b-ba05-41d4-bcbc-50acfb489962: start 1ed39f2b-ba05-41d4-bcbc-50acfb489962@group-F57FA6A6E453-LeaderElection17
2025-07-15 19:44:37,963 [1ed39f2b-ba05-41d4-bcbc-50acfb489962@group-F57FA6A6E453-LeaderElection17] INFO  impl.LeaderElection (LeaderElection.java:askForVotes(448)) - 1ed39f2b-ba05-41d4-bcbc-50acfb489962@group-F57FA6A6E453-LeaderElection17 PRE_VOTE round 0: submit vote requests at term 0 for conf: {index: -1, cur=peers:[1ed39f2b-ba05-41d4-bcbc-50acfb489962|127.0.0.1:15055]|listeners:[], old=null}
2025-07-15 19:44:37,963 [1ed39f2b-ba05-41d4-bcbc-50acfb489962@group-F57FA6A6E453-LeaderElection17] INFO  impl.LeaderElection (LeaderElection.java:askForVotes(450)) - 1ed39f2b-ba05-41d4-bcbc-50acfb489962@group-F57FA6A6E453-LeaderElection17 PRE_VOTE round 0: result PASSED (term=0)
2025-07-15 19:44:37,965 [1ed39f2b-ba05-41d4-bcbc-50acfb489962@group-F57FA6A6E453-LeaderElection17] INFO  impl.LeaderElection (LeaderElection.java:askForVotes(448)) - 1ed39f2b-ba05-41d4-bcbc-50acfb489962@group-F57FA6A6E453-LeaderElection17 ELECTION round 0: submit vote requests at term 1 for conf: {index: -1, cur=peers:[1ed39f2b-ba05-41d4-bcbc-50acfb489962|127.0.0.1:15055]|listeners:[], old=null}
2025-07-15 19:44:37,966 [1ed39f2b-ba05-41d4-bcbc-50acfb489962@group-F57FA6A6E453-LeaderElection17] INFO  impl.LeaderElection (LeaderElection.java:askForVotes(450)) - 1ed39f2b-ba05-41d4-bcbc-50acfb489962@group-F57FA6A6E453-LeaderElection17 ELECTION round 0: result PASSED (term=1)
2025-07-15 19:44:37,966 [1ed39f2b-ba05-41d4-bcbc-50acfb489962@group-F57FA6A6E453-LeaderElection17] INFO  impl.RoleInfo (RoleInfo.java:shutdownLeaderElection(141)) - 1ed39f2b-ba05-41d4-bcbc-50acfb489962: shutdown 1ed39f2b-ba05-41d4-bcbc-50acfb489962@group-F57FA6A6E453-LeaderElection17
2025-07-15 19:44:37,966 [1ed39f2b-ba05-41d4-bcbc-50acfb489962@group-F57FA6A6E453-LeaderElection17] INFO  server.RaftServer$Division (RaftServerImpl.java:setRole(392)) - 1ed39f2b-ba05-41d4-bcbc-50acfb489962@group-F57FA6A6E453: changes role from CANDIDATE to LEADER at term 1 for changeToLeader
2025-07-15 19:44:37,966 [1ed39f2b-ba05-41d4-bcbc-50acfb489962@group-F57FA6A6E453-LeaderElection17] INFO  server.RaftServerConfigKeys (ConfUtils.java:logFallback(69)) - raft.server.staging.timeout = 15600ms (fallback to raft.server.rpc.timeout.max)
2025-07-15 19:44:37,967 [1ed39f2b-ba05-41d4-bcbc-50acfb489962@group-F57FA6A6E453-LeaderElection17] INFO  server.RaftServerConfigKeys (ConfUtils.java:logGet(62)) - raft.server.write.byte-limit = 1024 M (=1073741824) (custom)
2025-07-15 19:44:37,968 [1ed39f2b-ba05-41d4-bcbc-50acfb489962@group-F57FA6A6E453-LeaderElection17] INFO  impl.RoleInfo (RoleInfo.java:updateAndGet(148)) - 1ed39f2b-ba05-41d4-bcbc-50acfb489962: start 1ed39f2b-ba05-41d4-bcbc-50acfb489962@group-F57FA6A6E453-LeaderStateImpl
2025-07-15 19:44:37,968 [1ed39f2b-ba05-41d4-bcbc-50acfb489962@group-F57FA6A6E453-LeaderElection17] INFO  server.RaftServer$Division (RaftServerImpl.java:setFirstElection(576)) - 1ed39f2b-ba05-41d4-bcbc-50acfb489962@group-F57FA6A6E453: set firstElectionSinceStartup to false for becomeLeader
2025-07-15 19:44:37,968 [1ed39f2b-ba05-41d4-bcbc-50acfb489962@group-F57FA6A6E453-LeaderElection17] INFO  ratis.XceiverServerRatis (XceiverServerRatis.java:handleLeaderChangedNotification(944)) - Leader change notification received for group: group-F57FA6A6E453 with new leaderId: 1ed39f2b-ba05-41d4-bcbc-50acfb489962
2025-07-15 19:44:37,968 [1ed39f2b-ba05-41d4-bcbc-50acfb489962@group-F57FA6A6E453-LeaderElection17] INFO  server.RaftServer$Division (ServerState.java:setLeader(272)) - 1ed39f2b-ba05-41d4-bcbc-50acfb489962@group-F57FA6A6E453: change Leader from null to 1ed39f2b-ba05-41d4-bcbc-50acfb489962 at term 1 for becomeLeader, leader elected after 1235ms
2025-07-15 19:44:37,969 [1ed39f2b-ba05-41d4-bcbc-50acfb489962@group-F57FA6A6E453-LeaderElection17] INFO  segmented.SegmentedRaftLogWorker (SegmentedRaftLogWorker.java:startLogSegment(440)) - 1ed39f2b-ba05-41d4-bcbc-50acfb489962@group-F57FA6A6E453-SegmentedRaftLogWorker: Starting segment from index:0
2025-07-15 19:44:37,969 [1ed39f2b-ba05-41d4-bcbc-50acfb489962@group-F57FA6A6E453-LeaderElection17] INFO  server.RaftServer$Division (ServerState.java:setRaftConf(386)) - 1ed39f2b-ba05-41d4-bcbc-50acfb489962@group-F57FA6A6E453: set configuration conf: {index: 0, cur=peers:[1ed39f2b-ba05-41d4-bcbc-50acfb489962|127.0.0.1:15055]|listeners:[], old=null}
2025-07-15 19:44:37,969 [1ed39f2b-ba05-41d4-bcbc-50acfb489962@group-F57FA6A6E453-SegmentedRaftLogWorker] INFO  segmented.BufferedWriteChannel (BufferedWriteChannel.java:open(61)) - open log_inprogress_0 at position 0
2025-07-15 19:44:37,975 [main] INFO  impl.MetricsSystemImpl (MetricsSystemImpl.java:init(158)) - XceiverClientMetrics metrics system started (again)
2025-07-15 19:44:37,981 [1ed39f2b-ba05-41d4-bcbc-50acfb489962@group-F57FA6A6E453-SegmentedRaftLogWorker] INFO  segmented.SegmentedRaftLogWorker (SegmentedRaftLogWorker.java:execute(647)) - 1ed39f2b-ba05-41d4-bcbc-50acfb489962@group-F57FA6A6E453-SegmentedRaftLogWorker: created new log segment /home/runner/work/ozone/ozone/hadoop-ozone/integration-test/target/test-dir/MiniOzoneClusterImpl-7a2c00ee-15e1-4921-aa6b-526c14ec89d8/ozone-meta/datanode-6/ratis/b329f436-fe94-451c-85fd-f57fa6a6e453/current/log_inprogress_0
2025-07-15 19:44:37,983 [1ed39f2b-ba05-41d4-bcbc-50acfb489962@group-F57FA6A6E453-StateMachineUpdater] INFO  server.RaftServer$Division (LeaderStateImpl.java:checkStartIndex(309)) - Leader 1ed39f2b-ba05-41d4-bcbc-50acfb489962@group-F57FA6A6E453-LeaderStateImpl is ready since appliedIndex == startIndex == 0
2025-07-15 19:44:37,983 [1ed39f2b-ba05-41d4-bcbc-50acfb489962@group-F57FA6A6E453-StateMachineUpdater] INFO  ratis.ContainerStateMachine (ContainerStateMachine.java:takeSnapshot(427)) - group-F57FA6A6E453: Taking a snapshot at:(t:1, i:0) file /home/runner/work/ozone/ozone/hadoop-ozone/integration-test/target/test-dir/MiniOzoneClusterImpl-7a2c00ee-15e1-4921-aa6b-526c14ec89d8/ozone-meta/datanode-6/ratis/b329f436-fe94-451c-85fd-f57fa6a6e453/sm/snapshot.1_0
2025-07-15 19:44:37,984 [1ed39f2b-ba05-41d4-bcbc-50acfb489962@group-F57FA6A6E453-StateMachineUpdater] INFO  ratis.ContainerStateMachine (ContainerStateMachine.java:takeSnapshot(436)) - group-F57FA6A6E453: Finished taking a snapshot at:(t:1, i:0) file:/home/runner/work/ozone/ozone/hadoop-ozone/integration-test/target/test-dir/MiniOzoneClusterImpl-7a2c00ee-15e1-4921-aa6b-526c14ec89d8/ozone-meta/datanode-6/ratis/b329f436-fe94-451c-85fd-f57fa6a6e453/sm/snapshot.1_0 took: 1 ms
2025-07-15 19:44:37,984 [1ed39f2b-ba05-41d4-bcbc-50acfb489962@group-F57FA6A6E453-StateMachineUpdater] INFO  impl.StateMachineUpdater (StateMachineUpdater.java:takeSnapshot(307)) - 1ed39f2b-ba05-41d4-bcbc-50acfb489962@group-F57FA6A6E453-StateMachineUpdater: Took a snapshot at index 0
2025-07-15 19:44:37,984 [1ed39f2b-ba05-41d4-bcbc-50acfb489962@group-F57FA6A6E453-StateMachineUpdater] INFO  impl.StateMachineUpdater (StateMachineUpdater.java:lambda$new$0(101)) - 1ed39f2b-ba05-41d4-bcbc-50acfb489962@group-F57FA6A6E453-StateMachineUpdater: snapshotIndex: updateIncreasingly -1 -> 0
2025-07-15 19:44:38,128 [262265f8-b6b0-4173-8249-6c4ff56c562c@group-B1C99A0430AE-FollowerState] INFO  impl.FollowerState (FollowerState.java:runImpl(161)) - 262265f8-b6b0-4173-8249-6c4ff56c562c@group-B1C99A0430AE-FollowerState: change to CANDIDATE, lastRpcElapsedTime:1091099430ns, electionTimeout:1085ms
2025-07-15 19:44:38,128 [262265f8-b6b0-4173-8249-6c4ff56c562c@group-B1C99A0430AE-FollowerState] INFO  impl.RoleInfo (RoleInfo.java:shutdownFollowerState(121)) - 262265f8-b6b0-4173-8249-6c4ff56c562c: shutdown 262265f8-b6b0-4173-8249-6c4ff56c562c@group-B1C99A0430AE-FollowerState
2025-07-15 19:44:38,128 [262265f8-b6b0-4173-8249-6c4ff56c562c@group-B1C99A0430AE-FollowerState] INFO  server.RaftServer$Division (RaftServerImpl.java:setRole(392)) - 262265f8-b6b0-4173-8249-6c4ff56c562c@group-B1C99A0430AE: changes role from  FOLLOWER to CANDIDATE at term 0 for changeToCandidate
2025-07-15 19:44:38,128 [262265f8-b6b0-4173-8249-6c4ff56c562c@group-B1C99A0430AE-FollowerState] INFO  impl.RoleInfo (RoleInfo.java:updateAndGet(148)) - 262265f8-b6b0-4173-8249-6c4ff56c562c: start 262265f8-b6b0-4173-8249-6c4ff56c562c@group-B1C99A0430AE-LeaderElection18
2025-07-15 19:44:38,129 [262265f8-b6b0-4173-8249-6c4ff56c562c@group-B1C99A0430AE-LeaderElection18] INFO  impl.LeaderElection (LeaderElection.java:askForVotes(448)) - 262265f8-b6b0-4173-8249-6c4ff56c562c@group-B1C99A0430AE-LeaderElection18 PRE_VOTE round 0: submit vote requests at term 0 for conf: {index: -1, cur=peers:[262265f8-b6b0-4173-8249-6c4ff56c562c|127.0.0.1:15063]|listeners:[], old=null}
2025-07-15 19:44:38,129 [262265f8-b6b0-4173-8249-6c4ff56c562c@group-B1C99A0430AE-LeaderElection18] INFO  impl.LeaderElection (LeaderElection.java:askForVotes(450)) - 262265f8-b6b0-4173-8249-6c4ff56c562c@group-B1C99A0430AE-LeaderElection18 PRE_VOTE round 0: result PASSED (term=0)
2025-07-15 19:44:38,132 [262265f8-b6b0-4173-8249-6c4ff56c562c@group-B1C99A0430AE-LeaderElection18] INFO  impl.LeaderElection (LeaderElection.java:askForVotes(448)) - 262265f8-b6b0-4173-8249-6c4ff56c562c@group-B1C99A0430AE-LeaderElection18 ELECTION round 0: submit vote requests at term 1 for conf: {index: -1, cur=peers:[262265f8-b6b0-4173-8249-6c4ff56c562c|127.0.0.1:15063]|listeners:[], old=null}
2025-07-15 19:44:38,132 [262265f8-b6b0-4173-8249-6c4ff56c562c@group-B1C99A0430AE-LeaderElection18] INFO  impl.LeaderElection (LeaderElection.java:askForVotes(450)) - 262265f8-b6b0-4173-8249-6c4ff56c562c@group-B1C99A0430AE-LeaderElection18 ELECTION round 0: result PASSED (term=1)
2025-07-15 19:44:38,132 [262265f8-b6b0-4173-8249-6c4ff56c562c@group-B1C99A0430AE-LeaderElection18] INFO  impl.RoleInfo (RoleInfo.java:shutdownLeaderElection(141)) - 262265f8-b6b0-4173-8249-6c4ff56c562c: shutdown 262265f8-b6b0-4173-8249-6c4ff56c562c@group-B1C99A0430AE-LeaderElection18
2025-07-15 19:44:38,132 [262265f8-b6b0-4173-8249-6c4ff56c562c@group-B1C99A0430AE-LeaderElection18] INFO  server.RaftServer$Division (RaftServerImpl.java:setRole(392)) - 262265f8-b6b0-4173-8249-6c4ff56c562c@group-B1C99A0430AE: changes role from CANDIDATE to LEADER at term 1 for changeToLeader
2025-07-15 19:44:38,132 [262265f8-b6b0-4173-8249-6c4ff56c562c@group-B1C99A0430AE-LeaderElection18] INFO  server.RaftServerConfigKeys (ConfUtils.java:logFallback(69)) - raft.server.staging.timeout = 15600ms (fallback to raft.server.rpc.timeout.max)
2025-07-15 19:44:38,133 [262265f8-b6b0-4173-8249-6c4ff56c562c@group-B1C99A0430AE-LeaderElection18] INFO  server.RaftServerConfigKeys (ConfUtils.java:logGet(62)) - raft.server.write.byte-limit = 1024 M (=1073741824) (custom)
2025-07-15 19:44:38,134 [262265f8-b6b0-4173-8249-6c4ff56c562c@group-B1C99A0430AE-LeaderElection18] INFO  impl.RoleInfo (RoleInfo.java:updateAndGet(148)) - 262265f8-b6b0-4173-8249-6c4ff56c562c: start 262265f8-b6b0-4173-8249-6c4ff56c562c@group-B1C99A0430AE-LeaderStateImpl
2025-07-15 19:44:38,134 [262265f8-b6b0-4173-8249-6c4ff56c562c@group-B1C99A0430AE-LeaderElection18] INFO  server.RaftServer$Division (RaftServerImpl.java:setFirstElection(576)) - 262265f8-b6b0-4173-8249-6c4ff56c562c@group-B1C99A0430AE: set firstElectionSinceStartup to false for becomeLeader
2025-07-15 19:44:38,134 [262265f8-b6b0-4173-8249-6c4ff56c562c@group-B1C99A0430AE-LeaderElection18] INFO  ratis.XceiverServerRatis (XceiverServerRatis.java:handleLeaderChangedNotification(944)) - Leader change notification received for group: group-B1C99A0430AE with new leaderId: 262265f8-b6b0-4173-8249-6c4ff56c562c
2025-07-15 19:44:38,137 [262265f8-b6b0-4173-8249-6c4ff56c562c@group-B1C99A0430AE-LeaderElection18] INFO  server.RaftServer$Division (ServerState.java:setLeader(272)) - 262265f8-b6b0-4173-8249-6c4ff56c562c@group-B1C99A0430AE: change Leader from null to 262265f8-b6b0-4173-8249-6c4ff56c562c at term 1 for becomeLeader, leader elected after 1134ms
2025-07-15 19:44:38,138 [262265f8-b6b0-4173-8249-6c4ff56c562c@group-B1C99A0430AE-LeaderElection18] INFO  segmented.SegmentedRaftLogWorker (SegmentedRaftLogWorker.java:startLogSegment(440)) - 262265f8-b6b0-4173-8249-6c4ff56c562c@group-B1C99A0430AE-SegmentedRaftLogWorker: Starting segment from index:0
2025-07-15 19:44:38,139 [262265f8-b6b0-4173-8249-6c4ff56c562c@group-B1C99A0430AE-LeaderElection18] INFO  server.RaftServer$Division (ServerState.java:setRaftConf(386)) - 262265f8-b6b0-4173-8249-6c4ff56c562c@group-B1C99A0430AE: set configuration conf: {index: 0, cur=peers:[262265f8-b6b0-4173-8249-6c4ff56c562c|127.0.0.1:15063]|listeners:[], old=null}
2025-07-15 19:44:38,139 [262265f8-b6b0-4173-8249-6c4ff56c562c@group-B1C99A0430AE-SegmentedRaftLogWorker] INFO  segmented.BufferedWriteChannel (BufferedWriteChannel.java:open(61)) - open log_inprogress_0 at position 0
2025-07-15 19:44:38,160 [262265f8-b6b0-4173-8249-6c4ff56c562c@group-B1C99A0430AE-SegmentedRaftLogWorker] INFO  segmented.SegmentedRaftLogWorker (SegmentedRaftLogWorker.java:execute(647)) - 262265f8-b6b0-4173-8249-6c4ff56c562c@group-B1C99A0430AE-SegmentedRaftLogWorker: created new log segment /home/runner/work/ozone/ozone/hadoop-ozone/integration-test/target/test-dir/MiniOzoneClusterImpl-7a2c00ee-15e1-4921-aa6b-526c14ec89d8/ozone-meta/datanode-7/ratis/2bb07160-c34f-4bd7-beaa-b1c99a0430ae/current/log_inprogress_0
2025-07-15 19:44:38,164 [262265f8-b6b0-4173-8249-6c4ff56c562c@group-B1C99A0430AE-StateMachineUpdater] INFO  server.RaftServer$Division (LeaderStateImpl.java:checkStartIndex(309)) - Leader 262265f8-b6b0-4173-8249-6c4ff56c562c@group-B1C99A0430AE-LeaderStateImpl is ready since appliedIndex == startIndex == 0
2025-07-15 19:44:38,167 [262265f8-b6b0-4173-8249-6c4ff56c562c@group-B1C99A0430AE-StateMachineUpdater] INFO  ratis.ContainerStateMachine (ContainerStateMachine.java:takeSnapshot(427)) - group-B1C99A0430AE: Taking a snapshot at:(t:1, i:0) file /home/runner/work/ozone/ozone/hadoop-ozone/integration-test/target/test-dir/MiniOzoneClusterImpl-7a2c00ee-15e1-4921-aa6b-526c14ec89d8/ozone-meta/datanode-7/ratis/2bb07160-c34f-4bd7-beaa-b1c99a0430ae/sm/snapshot.1_0
2025-07-15 19:44:38,173 [262265f8-b6b0-4173-8249-6c4ff56c562c@group-B1C99A0430AE-StateMachineUpdater] INFO  ratis.ContainerStateMachine (ContainerStateMachine.java:takeSnapshot(436)) - group-B1C99A0430AE: Finished taking a snapshot at:(t:1, i:0) file:/home/runner/work/ozone/ozone/hadoop-ozone/integration-test/target/test-dir/MiniOzoneClusterImpl-7a2c00ee-15e1-4921-aa6b-526c14ec89d8/ozone-meta/datanode-7/ratis/2bb07160-c34f-4bd7-beaa-b1c99a0430ae/sm/snapshot.1_0 took: 6 ms
2025-07-15 19:44:38,173 [262265f8-b6b0-4173-8249-6c4ff56c562c@group-B1C99A0430AE-StateMachineUpdater] INFO  impl.StateMachineUpdater (StateMachineUpdater.java:takeSnapshot(307)) - 262265f8-b6b0-4173-8249-6c4ff56c562c@group-B1C99A0430AE-StateMachineUpdater: Took a snapshot at index 0
2025-07-15 19:44:38,173 [262265f8-b6b0-4173-8249-6c4ff56c562c@group-B1C99A0430AE-StateMachineUpdater] INFO  impl.StateMachineUpdater (StateMachineUpdater.java:lambda$new$0(101)) - 262265f8-b6b0-4173-8249-6c4ff56c562c@group-B1C99A0430AE-StateMachineUpdater: snapshotIndex: updateIncreasingly -1 -> 0
2025-07-15 19:44:38,197 [1ed39f2b-ba05-41d4-bcbc-50acfb489962@group-5EE77318BC33-StateMachineUpdater] INFO  ratis.ContainerStateMachine (ContainerStateMachine.java:takeSnapshot(427)) - group-5EE77318BC33: Taking a snapshot at:(t:1, i:0) file /home/runner/work/ozone/ozone/hadoop-ozone/integration-test/target/test-dir/MiniOzoneClusterImpl-7a2c00ee-15e1-4921-aa6b-526c14ec89d8/ozone-meta/datanode-6/ratis/4f81a5f5-7675-4903-8736-5ee77318bc33/sm/snapshot.1_0
2025-07-15 19:44:38,197 [99cb6aa4-ab14-4525-b571-11fa40308ff9@group-5EE77318BC33-StateMachineUpdater] INFO  ratis.ContainerStateMachine (ContainerStateMachine.java:takeSnapshot(427)) - group-5EE77318BC33: Taking a snapshot at:(t:1, i:0) file /home/runner/work/ozone/ozone/hadoop-ozone/integration-test/target/test-dir/MiniOzoneClusterImpl-7a2c00ee-15e1-4921-aa6b-526c14ec89d8/ozone-meta/datanode-4/ratis/4f81a5f5-7675-4903-8736-5ee77318bc33/sm/snapshot.1_0
2025-07-15 19:44:38,204 [99cb6aa4-ab14-4525-b571-11fa40308ff9@group-5EE77318BC33-StateMachineUpdater] INFO  ratis.ContainerStateMachine (ContainerStateMachine.java:takeSnapshot(436)) - group-5EE77318BC33: Finished taking a snapshot at:(t:1, i:0) file:/home/runner/work/ozone/ozone/hadoop-ozone/integration-test/target/test-dir/MiniOzoneClusterImpl-7a2c00ee-15e1-4921-aa6b-526c14ec89d8/ozone-meta/datanode-4/ratis/4f81a5f5-7675-4903-8736-5ee77318bc33/sm/snapshot.1_0 took: 7 ms
2025-07-15 19:44:38,204 [99cb6aa4-ab14-4525-b571-11fa40308ff9@group-5EE77318BC33-StateMachineUpdater] INFO  impl.StateMachineUpdater (StateMachineUpdater.java:takeSnapshot(307)) - 99cb6aa4-ab14-4525-b571-11fa40308ff9@group-5EE77318BC33-StateMachineUpdater: Took a snapshot at index 0
2025-07-15 19:44:38,205 [99cb6aa4-ab14-4525-b571-11fa40308ff9@group-5EE77318BC33-StateMachineUpdater] INFO  impl.StateMachineUpdater (StateMachineUpdater.java:lambda$new$0(101)) - 99cb6aa4-ab14-4525-b571-11fa40308ff9@group-5EE77318BC33-StateMachineUpdater: snapshotIndex: updateIncreasingly -1 -> 0
2025-07-15 19:44:38,207 [1ed39f2b-ba05-41d4-bcbc-50acfb489962@group-5EE77318BC33-StateMachineUpdater] INFO  ratis.ContainerStateMachine (ContainerStateMachine.java:takeSnapshot(436)) - group-5EE77318BC33: Finished taking a snapshot at:(t:1, i:0) file:/home/runner/work/ozone/ozone/hadoop-ozone/integration-test/target/test-dir/MiniOzoneClusterImpl-7a2c00ee-15e1-4921-aa6b-526c14ec89d8/ozone-meta/datanode-6/ratis/4f81a5f5-7675-4903-8736-5ee77318bc33/sm/snapshot.1_0 took: 11 ms
2025-07-15 19:44:38,207 [1ed39f2b-ba05-41d4-bcbc-50acfb489962@group-5EE77318BC33-StateMachineUpdater] INFO  impl.StateMachineUpdater (StateMachineUpdater.java:takeSnapshot(307)) - 1ed39f2b-ba05-41d4-bcbc-50acfb489962@group-5EE77318BC33-StateMachineUpdater: Took a snapshot at index 0
2025-07-15 19:44:38,207 [1ed39f2b-ba05-41d4-bcbc-50acfb489962@group-5EE77318BC33-StateMachineUpdater] INFO  impl.StateMachineUpdater (StateMachineUpdater.java:lambda$new$0(101)) - 1ed39f2b-ba05-41d4-bcbc-50acfb489962@group-5EE77318BC33-StateMachineUpdater: snapshotIndex: updateIncreasingly -1 -> 0
2025-07-15 19:44:38,210 [faa2b429-16a2-49fa-ab42-514c70ac334b@group-5EE77318BC33-StateMachineUpdater] INFO  ratis.ContainerStateMachine (ContainerStateMachine.java:takeSnapshot(427)) - group-5EE77318BC33: Taking a snapshot at:(t:1, i:1) file /home/runner/work/ozone/ozone/hadoop-ozone/integration-test/target/test-dir/MiniOzoneClusterImpl-7a2c00ee-15e1-4921-aa6b-526c14ec89d8/ozone-meta/datanode-5/ratis/4f81a5f5-7675-4903-8736-5ee77318bc33/sm/snapshot.1_1
2025-07-15 19:44:38,211 [99cb6aa4-ab14-4525-b571-11fa40308ff9@group-5EE77318BC33-StateMachineUpdater] INFO  ratis.ContainerStateMachine (ContainerStateMachine.java:takeSnapshot(427)) - group-5EE77318BC33: Taking a snapshot at:(t:1, i:1) file /home/runner/work/ozone/ozone/hadoop-ozone/integration-test/target/test-dir/MiniOzoneClusterImpl-7a2c00ee-15e1-4921-aa6b-526c14ec89d8/ozone-meta/datanode-4/ratis/4f81a5f5-7675-4903-8736-5ee77318bc33/sm/snapshot.1_1
2025-07-15 19:44:38,214 [99cb6aa4-ab14-4525-b571-11fa40308ff9@group-5EE77318BC33-StateMachineUpdater] INFO  ratis.ContainerStateMachine (ContainerStateMachine.java:takeSnapshot(436)) - group-5EE77318BC33: Finished taking a snapshot at:(t:1, i:1) file:/home/runner/work/ozone/ozone/hadoop-ozone/integration-test/target/test-dir/MiniOzoneClusterImpl-7a2c00ee-15e1-4921-aa6b-526c14ec89d8/ozone-meta/datanode-4/ratis/4f81a5f5-7675-4903-8736-5ee77318bc33/sm/snapshot.1_1 took: 3 ms
2025-07-15 19:44:38,214 [99cb6aa4-ab14-4525-b571-11fa40308ff9@group-5EE77318BC33-StateMachineUpdater] INFO  impl.StateMachineUpdater (StateMachineUpdater.java:takeSnapshot(307)) - 99cb6aa4-ab14-4525-b571-11fa40308ff9@group-5EE77318BC33-StateMachineUpdater: Took a snapshot at index 1
2025-07-15 19:44:38,216 [99cb6aa4-ab14-4525-b571-11fa40308ff9@group-5EE77318BC33-StateMachineUpdater] INFO  impl.StateMachineUpdater (StateMachineUpdater.java:lambda$new$0(101)) - 99cb6aa4-ab14-4525-b571-11fa40308ff9@group-5EE77318BC33-StateMachineUpdater: snapshotIndex: updateIncreasingly 0 -> 1
2025-07-15 19:44:38,214 [faa2b429-16a2-49fa-ab42-514c70ac334b@group-5EE77318BC33-StateMachineUpdater] INFO  ratis.ContainerStateMachine (ContainerStateMachine.java:takeSnapshot(436)) - group-5EE77318BC33: Finished taking a snapshot at:(t:1, i:1) file:/home/runner/work/ozone/ozone/hadoop-ozone/integration-test/target/test-dir/MiniOzoneClusterImpl-7a2c00ee-15e1-4921-aa6b-526c14ec89d8/ozone-meta/datanode-5/ratis/4f81a5f5-7675-4903-8736-5ee77318bc33/sm/snapshot.1_1 took: 5 ms
2025-07-15 19:44:38,216 [faa2b429-16a2-49fa-ab42-514c70ac334b@group-5EE77318BC33-StateMachineUpdater] INFO  impl.StateMachineUpdater (StateMachineUpdater.java:takeSnapshot(307)) - faa2b429-16a2-49fa-ab42-514c70ac334b@group-5EE77318BC33-StateMachineUpdater: Took a snapshot at index 1
2025-07-15 19:44:38,216 [faa2b429-16a2-49fa-ab42-514c70ac334b@group-5EE77318BC33-StateMachineUpdater] INFO  impl.StateMachineUpdater (StateMachineUpdater.java:lambda$new$0(101)) - faa2b429-16a2-49fa-ab42-514c70ac334b@group-5EE77318BC33-StateMachineUpdater: snapshotIndex: updateIncreasingly 0 -> 1
2025-07-15 19:44:38,229 [1ed39f2b-ba05-41d4-bcbc-50acfb489962@group-5EE77318BC33-StateMachineUpdater] INFO  ratis.ContainerStateMachine (ContainerStateMachine.java:takeSnapshot(427)) - group-5EE77318BC33: Taking a snapshot at:(t:1, i:2) file /home/runner/work/ozone/ozone/hadoop-ozone/integration-test/target/test-dir/MiniOzoneClusterImpl-7a2c00ee-15e1-4921-aa6b-526c14ec89d8/ozone-meta/datanode-6/ratis/4f81a5f5-7675-4903-8736-5ee77318bc33/sm/snapshot.1_2
2025-07-15 19:44:38,231 [1ed39f2b-ba05-41d4-bcbc-50acfb489962@group-5EE77318BC33-StateMachineUpdater] INFO  ratis.ContainerStateMachine (ContainerStateMachine.java:takeSnapshot(436)) - group-5EE77318BC33: Finished taking a snapshot at:(t:1, i:2) file:/home/runner/work/ozone/ozone/hadoop-ozone/integration-test/target/test-dir/MiniOzoneClusterImpl-7a2c00ee-15e1-4921-aa6b-526c14ec89d8/ozone-meta/datanode-6/ratis/4f81a5f5-7675-4903-8736-5ee77318bc33/sm/snapshot.1_2 took: 2 ms
2025-07-15 19:44:38,232 [1ed39f2b-ba05-41d4-bcbc-50acfb489962@group-5EE77318BC33-StateMachineUpdater] INFO  impl.StateMachineUpdater (StateMachineUpdater.java:takeSnapshot(307)) - 1ed39f2b-ba05-41d4-bcbc-50acfb489962@group-5EE77318BC33-StateMachineUpdater: Took a snapshot at index 2
2025-07-15 19:44:38,232 [1ed39f2b-ba05-41d4-bcbc-50acfb489962@group-5EE77318BC33-StateMachineUpdater] INFO  impl.StateMachineUpdater (StateMachineUpdater.java:lambda$new$0(101)) - 1ed39f2b-ba05-41d4-bcbc-50acfb489962@group-5EE77318BC33-StateMachineUpdater: snapshotIndex: updateIncreasingly 0 -> 2
2025-07-15 19:44:38,280 [262265f8-b6b0-4173-8249-6c4ff56c562c@group-D4D9E1AFA3FC-FollowerState] INFO  impl.FollowerState (FollowerState.java:runImpl(161)) - 262265f8-b6b0-4173-8249-6c4ff56c562c@group-D4D9E1AFA3FC-FollowerState: change to CANDIDATE, lastRpcElapsedTime:1168706551ns, electionTimeout:1159ms
2025-07-15 19:44:38,280 [262265f8-b6b0-4173-8249-6c4ff56c562c@group-D4D9E1AFA3FC-FollowerState] INFO  impl.RoleInfo (RoleInfo.java:shutdownFollowerState(121)) - 262265f8-b6b0-4173-8249-6c4ff56c562c: shutdown 262265f8-b6b0-4173-8249-6c4ff56c562c@group-D4D9E1AFA3FC-FollowerState
2025-07-15 19:44:38,280 [262265f8-b6b0-4173-8249-6c4ff56c562c@group-D4D9E1AFA3FC-FollowerState] INFO  server.RaftServer$Division (RaftServerImpl.java:setRole(392)) - 262265f8-b6b0-4173-8249-6c4ff56c562c@group-D4D9E1AFA3FC: changes role from  FOLLOWER to CANDIDATE at term 0 for changeToCandidate
2025-07-15 19:44:38,280 [262265f8-b6b0-4173-8249-6c4ff56c562c@group-D4D9E1AFA3FC-FollowerState] INFO  impl.RoleInfo (RoleInfo.java:updateAndGet(148)) - 262265f8-b6b0-4173-8249-6c4ff56c562c: start 262265f8-b6b0-4173-8249-6c4ff56c562c@group-D4D9E1AFA3FC-LeaderElection19
2025-07-15 19:44:38,281 [262265f8-b6b0-4173-8249-6c4ff56c562c@group-D4D9E1AFA3FC-LeaderElection19] INFO  impl.LeaderElection (LeaderElection.java:askForVotes(448)) - 262265f8-b6b0-4173-8249-6c4ff56c562c@group-D4D9E1AFA3FC-LeaderElection19 PRE_VOTE round 0: submit vote requests at term 0 for conf: {index: -1, cur=peers:[262265f8-b6b0-4173-8249-6c4ff56c562c|127.0.0.1:15063, 73892b45-0ad3-4392-8d09-ab2d1cd7ede4|127.0.0.1:15071, edffad61-d5a0-4c2f-abd3-1d848b9782f9|127.0.0.1:15079]|listeners:[], old=null}
2025-07-15 19:44:38,281 [262265f8-b6b0-4173-8249-6c4ff56c562c@group-D4D9E1AFA3FC-LeaderElection19-1] INFO  server.GrpcServerProtocolClient (GrpcServerProtocolClient.java:<init>(65)) - Build channel for 73892b45-0ad3-4392-8d09-ab2d1cd7ede4|127.0.0.1:15071
2025-07-15 19:44:38,281 [262265f8-b6b0-4173-8249-6c4ff56c562c@group-D4D9E1AFA3FC-LeaderElection19-2] INFO  server.GrpcServerProtocolClient (GrpcServerProtocolClient.java:<init>(65)) - Build channel for edffad61-d5a0-4c2f-abd3-1d848b9782f9|127.0.0.1:15079
2025-07-15 19:44:38,285 [grpc-default-executor-5] INFO  server.RaftServer$Division (RaftServerImpl.java:requestVote(1421)) - edffad61-d5a0-4c2f-abd3-1d848b9782f9@group-D4D9E1AFA3FC: receive requestVote(PRE_VOTE, 262265f8-b6b0-4173-8249-6c4ff56c562c, group-D4D9E1AFA3FC, 0, <PROTO_DEFAULT>)
2025-07-15 19:44:38,285 [grpc-default-executor-2] INFO  server.RaftServer$Division (RaftServerImpl.java:requestVote(1421)) - 73892b45-0ad3-4392-8d09-ab2d1cd7ede4@group-D4D9E1AFA3FC: receive requestVote(PRE_VOTE, 262265f8-b6b0-4173-8249-6c4ff56c562c, group-D4D9E1AFA3FC, 0, <PROTO_DEFAULT>)
2025-07-15 19:44:38,286 [grpc-default-executor-5] INFO  impl.VoteContext (VoteContext.java:log(49)) - edffad61-d5a0-4c2f-abd3-1d848b9782f9@group-D4D9E1AFA3FC-FOLLOWER: reject PRE_VOTE from 262265f8-b6b0-4173-8249-6c4ff56c562c: our priority 1 > candidate's priority 0
2025-07-15 19:44:38,286 [grpc-default-executor-2] INFO  impl.VoteContext (VoteContext.java:log(49)) - 73892b45-0ad3-4392-8d09-ab2d1cd7ede4@group-D4D9E1AFA3FC-FOLLOWER: accept PRE_VOTE from 262265f8-b6b0-4173-8249-6c4ff56c562c: our priority 0 <= candidate's priority 0
2025-07-15 19:44:38,286 [grpc-default-executor-5] INFO  server.RaftServer$Division (RaftServerImpl.java:requestVote(1455)) - edffad61-d5a0-4c2f-abd3-1d848b9782f9@group-D4D9E1AFA3FC replies to PRE_VOTE vote request: 262265f8-b6b0-4173-8249-6c4ff56c562c<-edffad61-d5a0-4c2f-abd3-1d848b9782f9#0:FAIL-t0-last:<INITIAL_VALUE>. Peer's state: edffad61-d5a0-4c2f-abd3-1d848b9782f9@group-D4D9E1AFA3FC:t0, leader=null, voted=, raftlog=Memoized:edffad61-d5a0-4c2f-abd3-1d848b9782f9@group-D4D9E1AFA3FC-SegmentedRaftLog:OPENED:c-1:lastnull, conf=conf: {index: -1, cur=peers:[262265f8-b6b0-4173-8249-6c4ff56c562c|127.0.0.1:15063, 73892b45-0ad3-4392-8d09-ab2d1cd7ede4|127.0.0.1:15071, edffad61-d5a0-4c2f-abd3-1d848b9782f9|127.0.0.1:15079]|listeners:[], old=null}
2025-07-15 19:44:38,286 [grpc-default-executor-2] INFO  server.RaftServer$Division (RaftServerImpl.java:requestVote(1455)) - 73892b45-0ad3-4392-8d09-ab2d1cd7ede4@group-D4D9E1AFA3FC replies to PRE_VOTE vote request: 262265f8-b6b0-4173-8249-6c4ff56c562c<-73892b45-0ad3-4392-8d09-ab2d1cd7ede4#0:OK-t0-last:<INITIAL_VALUE>. Peer's state: 73892b45-0ad3-4392-8d09-ab2d1cd7ede4@group-D4D9E1AFA3FC:t0, leader=null, voted=, raftlog=Memoized:73892b45-0ad3-4392-8d09-ab2d1cd7ede4@group-D4D9E1AFA3FC-SegmentedRaftLog:OPENED:c-1:lastnull, conf=conf: {index: -1, cur=peers:[262265f8-b6b0-4173-8249-6c4ff56c562c|127.0.0.1:15063, 73892b45-0ad3-4392-8d09-ab2d1cd7ede4|127.0.0.1:15071, edffad61-d5a0-4c2f-abd3-1d848b9782f9|127.0.0.1:15079]|listeners:[], old=null}
2025-07-15 19:44:38,287 [262265f8-b6b0-4173-8249-6c4ff56c562c@group-D4D9E1AFA3FC-LeaderElection19] INFO  impl.LeaderElection (LeaderElection.java:logAndReturn(206)) - 262265f8-b6b0-4173-8249-6c4ff56c562c@group-D4D9E1AFA3FC-LeaderElection19: PRE_VOTE REJECTED received 1 response(s) and 0 exception(s):
2025-07-15 19:44:38,287 [262265f8-b6b0-4173-8249-6c4ff56c562c@group-D4D9E1AFA3FC-LeaderElection19] INFO  impl.LeaderElection (LeaderElection.java:logAndReturn(210)) -   Response 0: 262265f8-b6b0-4173-8249-6c4ff56c562c<-edffad61-d5a0-4c2f-abd3-1d848b9782f9#0:FAIL-t0-last:<INITIAL_VALUE>
2025-07-15 19:44:38,287 [262265f8-b6b0-4173-8249-6c4ff56c562c@group-D4D9E1AFA3FC-LeaderElection19] INFO  impl.LeaderElection (LeaderElection.java:askForVotes(450)) - 262265f8-b6b0-4173-8249-6c4ff56c562c@group-D4D9E1AFA3FC-LeaderElection19 PRE_VOTE round 0: result REJECTED
2025-07-15 19:44:38,288 [262265f8-b6b0-4173-8249-6c4ff56c562c@group-D4D9E1AFA3FC-LeaderElection19] INFO  server.RaftServer$Division (RaftServerImpl.java:setRole(392)) - 262265f8-b6b0-4173-8249-6c4ff56c562c@group-D4D9E1AFA3FC: changes role from CANDIDATE to FOLLOWER at term 0 for REJECTED
2025-07-15 19:44:38,288 [262265f8-b6b0-4173-8249-6c4ff56c562c@group-D4D9E1AFA3FC-LeaderElection19] INFO  impl.RoleInfo (RoleInfo.java:shutdownLeaderElection(141)) - 262265f8-b6b0-4173-8249-6c4ff56c562c: shutdown 262265f8-b6b0-4173-8249-6c4ff56c562c@group-D4D9E1AFA3FC-LeaderElection19
2025-07-15 19:44:38,288 [262265f8-b6b0-4173-8249-6c4ff56c562c@group-D4D9E1AFA3FC-LeaderElection19] INFO  impl.RoleInfo (RoleInfo.java:updateAndGet(148)) - 262265f8-b6b0-4173-8249-6c4ff56c562c: start 262265f8-b6b0-4173-8249-6c4ff56c562c@group-D4D9E1AFA3FC-FollowerState
2025-07-15 19:44:38,288 [262265f8-b6b0-4173-8249-6c4ff56c562c@group-D4D9E1AFA3FC-LeaderElection19] INFO  server.RaftServer$Division (RaftServerImpl.java:setFirstElection(576)) - 262265f8-b6b0-4173-8249-6c4ff56c562c@group-D4D9E1AFA3FC: set firstElectionSinceStartup to false for REJECTED
2025-07-15 19:44:38,366 [73892b45-0ad3-4392-8d09-ab2d1cd7ede4@group-A35D399F7985-FollowerState] INFO  impl.FollowerState (FollowerState.java:runImpl(161)) - 73892b45-0ad3-4392-8d09-ab2d1cd7ede4@group-A35D399F7985-FollowerState: change to CANDIDATE, lastRpcElapsedTime:1033425774ns, electionTimeout:1032ms
2025-07-15 19:44:38,366 [73892b45-0ad3-4392-8d09-ab2d1cd7ede4@group-A35D399F7985-FollowerState] INFO  impl.RoleInfo (RoleInfo.java:shutdownFollowerState(121)) - 73892b45-0ad3-4392-8d09-ab2d1cd7ede4: shutdown 73892b45-0ad3-4392-8d09-ab2d1cd7ede4@group-A35D399F7985-FollowerState
2025-07-15 19:44:38,366 [73892b45-0ad3-4392-8d09-ab2d1cd7ede4@group-A35D399F7985-FollowerState] INFO  server.RaftServer$Division (RaftServerImpl.java:setRole(392)) - 73892b45-0ad3-4392-8d09-ab2d1cd7ede4@group-A35D399F7985: changes role from  FOLLOWER to CANDIDATE at term 0 for changeToCandidate
2025-07-15 19:44:38,366 [73892b45-0ad3-4392-8d09-ab2d1cd7ede4@group-A35D399F7985-FollowerState] INFO  impl.RoleInfo (RoleInfo.java:updateAndGet(148)) - 73892b45-0ad3-4392-8d09-ab2d1cd7ede4: start 73892b45-0ad3-4392-8d09-ab2d1cd7ede4@group-A35D399F7985-LeaderElection20
2025-07-15 19:44:38,366 [73892b45-0ad3-4392-8d09-ab2d1cd7ede4@group-A35D399F7985-LeaderElection20] INFO  impl.LeaderElection (LeaderElection.java:askForVotes(448)) - 73892b45-0ad3-4392-8d09-ab2d1cd7ede4@group-A35D399F7985-LeaderElection20 PRE_VOTE round 0: submit vote requests at term 0 for conf: {index: -1, cur=peers:[262265f8-b6b0-4173-8249-6c4ff56c562c|127.0.0.1:15063, 73892b45-0ad3-4392-8d09-ab2d1cd7ede4|127.0.0.1:15071, edffad61-d5a0-4c2f-abd3-1d848b9782f9|127.0.0.1:15079]|listeners:[], old=null}
2025-07-15 19:44:38,367 [73892b45-0ad3-4392-8d09-ab2d1cd7ede4@group-A35D399F7985-LeaderElection20-1] INFO  server.GrpcServerProtocolClient (GrpcServerProtocolClient.java:<init>(65)) - Build channel for 262265f8-b6b0-4173-8249-6c4ff56c562c|127.0.0.1:15063
2025-07-15 19:44:38,367 [73892b45-0ad3-4392-8d09-ab2d1cd7ede4@group-A35D399F7985-LeaderElection20-2] INFO  server.GrpcServerProtocolClient (GrpcServerProtocolClient.java:<init>(65)) - Build channel for edffad61-d5a0-4c2f-abd3-1d848b9782f9|127.0.0.1:15079
2025-07-15 19:44:38,372 [grpc-default-executor-5] INFO  server.RaftServer$Division (RaftServerImpl.java:requestVote(1421)) - 262265f8-b6b0-4173-8249-6c4ff56c562c@group-A35D399F7985: receive requestVote(PRE_VOTE, 73892b45-0ad3-4392-8d09-ab2d1cd7ede4, group-A35D399F7985, 0, <PROTO_DEFAULT>)
2025-07-15 19:44:38,373 [grpc-default-executor-5] INFO  impl.VoteContext (VoteContext.java:log(49)) - 262265f8-b6b0-4173-8249-6c4ff56c562c@group-A35D399F7985-FOLLOWER: accept PRE_VOTE from 73892b45-0ad3-4392-8d09-ab2d1cd7ede4: our priority 0 <= candidate's priority 1
2025-07-15 19:44:38,373 [grpc-default-executor-5] INFO  server.RaftServer$Division (RaftServerImpl.java:requestVote(1455)) - 262265f8-b6b0-4173-8249-6c4ff56c562c@group-A35D399F7985 replies to PRE_VOTE vote request: 73892b45-0ad3-4392-8d09-ab2d1cd7ede4<-262265f8-b6b0-4173-8249-6c4ff56c562c#0:OK-t0-last:<INITIAL_VALUE>. Peer's state: 262265f8-b6b0-4173-8249-6c4ff56c562c@group-A35D399F7985:t0, leader=null, voted=, raftlog=Memoized:262265f8-b6b0-4173-8249-6c4ff56c562c@group-A35D399F7985-SegmentedRaftLog:OPENED:c-1:lastnull, conf=conf: {index: -1, cur=peers:[262265f8-b6b0-4173-8249-6c4ff56c562c|127.0.0.1:15063, 73892b45-0ad3-4392-8d09-ab2d1cd7ede4|127.0.0.1:15071, edffad61-d5a0-4c2f-abd3-1d848b9782f9|127.0.0.1:15079]|listeners:[], old=null}
2025-07-15 19:44:38,373 [grpc-default-executor-2] INFO  server.RaftServer$Division (RaftServerImpl.java:requestVote(1421)) - edffad61-d5a0-4c2f-abd3-1d848b9782f9@group-A35D399F7985: receive requestVote(PRE_VOTE, 73892b45-0ad3-4392-8d09-ab2d1cd7ede4, group-A35D399F7985, 0, <PROTO_DEFAULT>)
2025-07-15 19:44:38,373 [grpc-default-executor-2] INFO  impl.VoteContext (VoteContext.java:log(49)) - edffad61-d5a0-4c2f-abd3-1d848b9782f9@group-A35D399F7985-FOLLOWER: accept PRE_VOTE from 73892b45-0ad3-4392-8d09-ab2d1cd7ede4: our priority 0 <= candidate's priority 1
2025-07-15 19:44:38,373 [grpc-default-executor-2] INFO  server.RaftServer$Division (RaftServerImpl.java:requestVote(1455)) - edffad61-d5a0-4c2f-abd3-1d848b9782f9@group-A35D399F7985 replies to PRE_VOTE vote request: 73892b45-0ad3-4392-8d09-ab2d1cd7ede4<-edffad61-d5a0-4c2f-abd3-1d848b9782f9#0:OK-t0-last:<INITIAL_VALUE>. Peer's state: edffad61-d5a0-4c2f-abd3-1d848b9782f9@group-A35D399F7985:t0, leader=null, voted=, raftlog=Memoized:edffad61-d5a0-4c2f-abd3-1d848b9782f9@group-A35D399F7985-SegmentedRaftLog:OPENED:c-1:lastnull, conf=conf: {index: -1, cur=peers:[262265f8-b6b0-4173-8249-6c4ff56c562c|127.0.0.1:15063, 73892b45-0ad3-4392-8d09-ab2d1cd7ede4|127.0.0.1:15071, edffad61-d5a0-4c2f-abd3-1d848b9782f9|127.0.0.1:15079]|listeners:[], old=null}
2025-07-15 19:44:38,374 [73892b45-0ad3-4392-8d09-ab2d1cd7ede4@group-A35D399F7985-LeaderElection20] INFO  impl.LeaderElection (LeaderElection.java:logAndReturn(206)) - 73892b45-0ad3-4392-8d09-ab2d1cd7ede4@group-A35D399F7985-LeaderElection20: PRE_VOTE PASSED received 1 response(s) and 0 exception(s):
2025-07-15 19:44:38,375 [73892b45-0ad3-4392-8d09-ab2d1cd7ede4@group-A35D399F7985-LeaderElection20] INFO  impl.LeaderElection (LeaderElection.java:logAndReturn(210)) -   Response 0: 73892b45-0ad3-4392-8d09-ab2d1cd7ede4<-262265f8-b6b0-4173-8249-6c4ff56c562c#0:OK-t0-last:<INITIAL_VALUE>
2025-07-15 19:44:38,377 [73892b45-0ad3-4392-8d09-ab2d1cd7ede4@group-A35D399F7985-LeaderElection20] INFO  impl.LeaderElection (LeaderElection.java:askForVotes(450)) - 73892b45-0ad3-4392-8d09-ab2d1cd7ede4@group-A35D399F7985-LeaderElection20 PRE_VOTE round 0: result PASSED
2025-07-15 19:44:38,378 [73892b45-0ad3-4392-8d09-ab2d1cd7ede4@group-A35D399F7985-LeaderElection20] INFO  impl.LeaderElection (LeaderElection.java:askForVotes(448)) - 73892b45-0ad3-4392-8d09-ab2d1cd7ede4@group-A35D399F7985-LeaderElection20 ELECTION round 0: submit vote requests at term 1 for conf: {index: -1, cur=peers:[262265f8-b6b0-4173-8249-6c4ff56c562c|127.0.0.1:15063, 73892b45-0ad3-4392-8d09-ab2d1cd7ede4|127.0.0.1:15071, edffad61-d5a0-4c2f-abd3-1d848b9782f9|127.0.0.1:15079]|listeners:[], old=null}
2025-07-15 19:44:38,380 [99cb6aa4-ab14-4525-b571-11fa40308ff9-CloseContainerThread-0] WARN  keyvalue.KeyValueHandler (KeyValueHandler.java:updateAndGetContainerChecksum(1451)) - Container data checksum updated from 0 to 1bdd5b56
2025-07-15 19:44:38,381 [grpc-default-executor-5] INFO  server.RaftServer$Division (RaftServerImpl.java:requestVote(1421)) - 262265f8-b6b0-4173-8249-6c4ff56c562c@group-A35D399F7985: receive requestVote(ELECTION, 73892b45-0ad3-4392-8d09-ab2d1cd7ede4, group-A35D399F7985, 1, <PROTO_DEFAULT>)
2025-07-15 19:44:38,381 [grpc-default-executor-5] INFO  impl.VoteContext (VoteContext.java:log(49)) - 262265f8-b6b0-4173-8249-6c4ff56c562c@group-A35D399F7985-FOLLOWER: accept ELECTION from 73892b45-0ad3-4392-8d09-ab2d1cd7ede4: our priority 0 <= candidate's priority 1
2025-07-15 19:44:38,381 [grpc-default-executor-5] INFO  server.RaftServer$Division (RaftServerImpl.java:setRole(392)) - 262265f8-b6b0-4173-8249-6c4ff56c562c@group-A35D399F7985: changes role from  FOLLOWER to FOLLOWER at term 0 for candidate:73892b45-0ad3-4392-8d09-ab2d1cd7ede4
2025-07-15 19:44:38,381 [grpc-default-executor-5] INFO  impl.RoleInfo (RoleInfo.java:shutdownFollowerState(121)) - 262265f8-b6b0-4173-8249-6c4ff56c562c: shutdown 262265f8-b6b0-4173-8249-6c4ff56c562c@group-A35D399F7985-FollowerState
2025-07-15 19:44:38,381 [grpc-default-executor-2] INFO  server.RaftServer$Division (RaftServerImpl.java:requestVote(1421)) - edffad61-d5a0-4c2f-abd3-1d848b9782f9@group-A35D399F7985: receive requestVote(ELECTION, 73892b45-0ad3-4392-8d09-ab2d1cd7ede4, group-A35D399F7985, 1, <PROTO_DEFAULT>)
2025-07-15 19:44:38,381 [grpc-default-executor-2] INFO  impl.VoteContext (VoteContext.java:log(49)) - edffad61-d5a0-4c2f-abd3-1d848b9782f9@group-A35D399F7985-FOLLOWER: accept ELECTION from 73892b45-0ad3-4392-8d09-ab2d1cd7ede4: our priority 0 <= candidate's priority 1
2025-07-15 19:44:38,381 [grpc-default-executor-2] INFO  server.RaftServer$Division (RaftServerImpl.java:setRole(392)) - edffad61-d5a0-4c2f-abd3-1d848b9782f9@group-A35D399F7985: changes role from  FOLLOWER to FOLLOWER at term 0 for candidate:73892b45-0ad3-4392-8d09-ab2d1cd7ede4
2025-07-15 19:44:38,381 [grpc-default-executor-2] INFO  impl.RoleInfo (RoleInfo.java:shutdownFollowerState(121)) - edffad61-d5a0-4c2f-abd3-1d848b9782f9: shutdown edffad61-d5a0-4c2f-abd3-1d848b9782f9@group-A35D399F7985-FollowerState
2025-07-15 19:44:38,381 [grpc-default-executor-2] INFO  impl.RoleInfo (RoleInfo.java:updateAndGet(148)) - edffad61-d5a0-4c2f-abd3-1d848b9782f9: start edffad61-d5a0-4c2f-abd3-1d848b9782f9@group-A35D399F7985-FollowerState
2025-07-15 19:44:38,381 [edffad61-d5a0-4c2f-abd3-1d848b9782f9@group-A35D399F7985-FollowerState] INFO  impl.FollowerState (FollowerState.java:runImpl(170)) - edffad61-d5a0-4c2f-abd3-1d848b9782f9@group-A35D399F7985-FollowerState was interrupted
2025-07-15 19:44:38,381 [grpc-default-executor-5] INFO  impl.RoleInfo (RoleInfo.java:updateAndGet(148)) - 262265f8-b6b0-4173-8249-6c4ff56c562c: start 262265f8-b6b0-4173-8249-6c4ff56c562c@group-A35D399F7985-FollowerState
2025-07-15 19:44:38,381 [262265f8-b6b0-4173-8249-6c4ff56c562c@group-A35D399F7985-FollowerState] INFO  impl.FollowerState (FollowerState.java:runImpl(170)) - 262265f8-b6b0-4173-8249-6c4ff56c562c@group-A35D399F7985-FollowerState was interrupted
2025-07-15 19:44:38,383 [grpc-default-executor-2] INFO  server.RaftServer$Division (RaftServerImpl.java:setFirstElection(576)) - edffad61-d5a0-4c2f-abd3-1d848b9782f9@group-A35D399F7985: set firstElectionSinceStartup to false for candidate:73892b45-0ad3-4392-8d09-ab2d1cd7ede4
2025-07-15 19:44:38,384 [grpc-default-executor-5] INFO  server.RaftServer$Division (RaftServerImpl.java:setFirstElection(576)) - 262265f8-b6b0-4173-8249-6c4ff56c562c@group-A35D399F7985: set firstElectionSinceStartup to false for candidate:73892b45-0ad3-4392-8d09-ab2d1cd7ede4
2025-07-15 19:44:38,385 [99cb6aa4-ab14-4525-b571-11fa40308ff9-CloseContainerThread-0] INFO  keyvalue.KeyValueContainer (KeyValueContainer.java:flushAndSyncDB(514)) - Synced container: KeyValueContainerData #1 (CLOSING, non-empty, ri=0, origin=[dn_99cb6aa4-ab14-4525-b571-11fa40308ff9, pipeline_4f81a5f5-7675-4903-8736-5ee77318bc33])
2025-07-15 19:44:38,385 [99cb6aa4-ab14-4525-b571-11fa40308ff9-CloseContainerThread-0] INFO  keyvalue.KeyValueContainer (KeyValueContainer.java:flushAndSyncDB(514)) - Synced container: KeyValueContainerData #1 (CLOSING, non-empty, ri=0, origin=[dn_99cb6aa4-ab14-4525-b571-11fa40308ff9, pipeline_4f81a5f5-7675-4903-8736-5ee77318bc33])
2025-07-15 19:44:38,387 [FixedThreadPoolWithAffinityExecutor-0-0] INFO  container.IncrementalContainerReportHandler (AbstractContainerReportHandler.java:updateContainerState(253)) - FINALIZE (i.e. CLOSING) Container #1 (OPEN, sid=2) r0 (CLOSING, bcsid=2, origin=99cb6aa4-ab14-4525-b571-11fa40308ff9, non-empty) from dn 99cb6aa4-ab14-4525-b571-11fa40308ff9(localhost/127.0.0.1)
2025-07-15 19:44:38,388 [grpc-default-executor-2] INFO  server.RaftServer$Division (RaftServerImpl.java:requestVote(1455)) - edffad61-d5a0-4c2f-abd3-1d848b9782f9@group-A35D399F7985 replies to ELECTION vote request: 73892b45-0ad3-4392-8d09-ab2d1cd7ede4<-edffad61-d5a0-4c2f-abd3-1d848b9782f9#0:OK-t1-last:<INITIAL_VALUE>. Peer's state: edffad61-d5a0-4c2f-abd3-1d848b9782f9@group-A35D399F7985:t1, leader=null, voted=73892b45-0ad3-4392-8d09-ab2d1cd7ede4, raftlog=Memoized:edffad61-d5a0-4c2f-abd3-1d848b9782f9@group-A35D399F7985-SegmentedRaftLog:OPENED:c-1:lastnull, conf=conf: {index: -1, cur=peers:[262265f8-b6b0-4173-8249-6c4ff56c562c|127.0.0.1:15063, 73892b45-0ad3-4392-8d09-ab2d1cd7ede4|127.0.0.1:15071, edffad61-d5a0-4c2f-abd3-1d848b9782f9|127.0.0.1:15079]|listeners:[], old=null}
2025-07-15 19:44:38,389 [grpc-default-executor-5] INFO  server.RaftServer$Division (RaftServerImpl.java:requestVote(1455)) - 262265f8-b6b0-4173-8249-6c4ff56c562c@group-A35D399F7985 replies to ELECTION vote request: 73892b45-0ad3-4392-8d09-ab2d1cd7ede4<-262265f8-b6b0-4173-8249-6c4ff56c562c#0:OK-t1-last:<INITIAL_VALUE>. Peer's state: 262265f8-b6b0-4173-8249-6c4ff56c562c@group-A35D399F7985:t1, leader=null, voted=73892b45-0ad3-4392-8d09-ab2d1cd7ede4, raftlog=Memoized:262265f8-b6b0-4173-8249-6c4ff56c562c@group-A35D399F7985-SegmentedRaftLog:OPENED:c-1:lastnull, conf=conf: {index: -1, cur=peers:[262265f8-b6b0-4173-8249-6c4ff56c562c|127.0.0.1:15063, 73892b45-0ad3-4392-8d09-ab2d1cd7ede4|127.0.0.1:15071, edffad61-d5a0-4c2f-abd3-1d848b9782f9|127.0.0.1:15079]|listeners:[], old=null}
2025-07-15 19:44:38,391 [99cb6aa4-ab14-4525-b571-11fa40308ff9-CloseContainerThread-0] INFO  commandhandler.CloseContainerCommandHandler (CloseContainerCommandHandler.java:lambda$handle$0(135)) - Marking Container 1 quasi closed
2025-07-15 19:44:38,391 [73892b45-0ad3-4392-8d09-ab2d1cd7ede4@group-A35D399F7985-LeaderElection20] INFO  impl.LeaderElection (LeaderElection.java:logAndReturn(206)) - 73892b45-0ad3-4392-8d09-ab2d1cd7ede4@group-A35D399F7985-LeaderElection20: ELECTION PASSED received 1 response(s) and 0 exception(s):
2025-07-15 19:44:38,391 [73892b45-0ad3-4392-8d09-ab2d1cd7ede4@group-A35D399F7985-LeaderElection20] INFO  impl.LeaderElection (LeaderElection.java:logAndReturn(210)) -   Response 0: 73892b45-0ad3-4392-8d09-ab2d1cd7ede4<-edffad61-d5a0-4c2f-abd3-1d848b9782f9#0:OK-t1-last:<INITIAL_VALUE>
2025-07-15 19:44:38,391 [73892b45-0ad3-4392-8d09-ab2d1cd7ede4@group-A35D399F7985-LeaderElection20] INFO  impl.LeaderElection (LeaderElection.java:askForVotes(450)) - 73892b45-0ad3-4392-8d09-ab2d1cd7ede4@group-A35D399F7985-LeaderElection20 ELECTION round 0: result PASSED
2025-07-15 19:44:38,391 [73892b45-0ad3-4392-8d09-ab2d1cd7ede4@group-A35D399F7985-LeaderElection20] INFO  impl.RoleInfo (RoleInfo.java:shutdownLeaderElection(141)) - 73892b45-0ad3-4392-8d09-ab2d1cd7ede4: shutdown 73892b45-0ad3-4392-8d09-ab2d1cd7ede4@group-A35D399F7985-LeaderElection20
2025-07-15 19:44:38,391 [73892b45-0ad3-4392-8d09-ab2d1cd7ede4@group-A35D399F7985-LeaderElection20] INFO  server.RaftServer$Division (RaftServerImpl.java:setRole(392)) - 73892b45-0ad3-4392-8d09-ab2d1cd7ede4@group-A35D399F7985: changes role from CANDIDATE to LEADER at term 1 for changeToLeader
2025-07-15 19:44:38,391 [73892b45-0ad3-4392-8d09-ab2d1cd7ede4@group-A35D399F7985-LeaderElection20] INFO  server.RaftServerConfigKeys (ConfUtils.java:logFallback(69)) - raft.server.staging.timeout = 15600ms (fallback to raft.server.rpc.timeout.max)
2025-07-15 19:44:38,394 [73892b45-0ad3-4392-8d09-ab2d1cd7ede4@group-A35D399F7985-LeaderElection20] INFO  server.RaftServerConfigKeys (ConfUtils.java:logGet(62)) - raft.server.write.byte-limit = 1024 M (=1073741824) (custom)
2025-07-15 19:44:38,397 [73892b45-0ad3-4392-8d09-ab2d1cd7ede4@group-A35D399F7985-LeaderElection20] INFO  server.RaftServerConfigKeys (ConfUtils.java:logGet(62)) - raft.server.log.appender.buffer.byte-limit = 33554432 (custom)
2025-07-15 19:44:38,399 [73892b45-0ad3-4392-8d09-ab2d1cd7ede4@group-A35D399F7985-LeaderElection20] INFO  server.RaftServerConfigKeys (ConfUtils.java:logGet(62)) - raft.server.log.appender.buffer.byte-limit = 33554432 (custom)
2025-07-15 19:44:38,399 [73892b45-0ad3-4392-8d09-ab2d1cd7ede4@group-A35D399F7985-LeaderElection20] INFO  impl.RoleInfo (RoleInfo.java:updateAndGet(148)) - 73892b45-0ad3-4392-8d09-ab2d1cd7ede4: start 73892b45-0ad3-4392-8d09-ab2d1cd7ede4@group-A35D399F7985-LeaderStateImpl
2025-07-15 19:44:38,399 [73892b45-0ad3-4392-8d09-ab2d1cd7ede4@group-A35D399F7985-LeaderElection20] INFO  server.RaftServer$Division (RaftServerImpl.java:setFirstElection(576)) - 73892b45-0ad3-4392-8d09-ab2d1cd7ede4@group-A35D399F7985: set firstElectionSinceStartup to false for becomeLeader
2025-07-15 19:44:38,399 [73892b45-0ad3-4392-8d09-ab2d1cd7ede4@group-A35D399F7985-LeaderElection20] INFO  ratis.XceiverServerRatis (XceiverServerRatis.java:handleLeaderChangedNotification(944)) - Leader change notification received for group: group-A35D399F7985 with new leaderId: 73892b45-0ad3-4392-8d09-ab2d1cd7ede4
2025-07-15 19:44:38,400 [73892b45-0ad3-4392-8d09-ab2d1cd7ede4@group-A35D399F7985-LeaderElection20] INFO  server.RaftServer$Division (ServerState.java:setLeader(272)) - 73892b45-0ad3-4392-8d09-ab2d1cd7ede4@group-A35D399F7985: change Leader from null to 73892b45-0ad3-4392-8d09-ab2d1cd7ede4 at term 1 for becomeLeader, leader elected after 1104ms
2025-07-15 19:44:38,400 [73892b45-0ad3-4392-8d09-ab2d1cd7ede4@group-A35D399F7985-LeaderElection20] INFO  segmented.SegmentedRaftLogWorker (SegmentedRaftLogWorker.java:startLogSegment(440)) - 73892b45-0ad3-4392-8d09-ab2d1cd7ede4@group-A35D399F7985-SegmentedRaftLogWorker: Starting segment from index:0
2025-07-15 19:44:38,400 [73892b45-0ad3-4392-8d09-ab2d1cd7ede4@group-A35D399F7985-LeaderElection20] INFO  server.RaftServer$Division (ServerState.java:setRaftConf(386)) - 73892b45-0ad3-4392-8d09-ab2d1cd7ede4@group-A35D399F7985: set configuration conf: {index: 0, cur=peers:[262265f8-b6b0-4173-8249-6c4ff56c562c|127.0.0.1:15063, 73892b45-0ad3-4392-8d09-ab2d1cd7ede4|127.0.0.1:15071, edffad61-d5a0-4c2f-abd3-1d848b9782f9|127.0.0.1:15079]|listeners:[], old=null}
2025-07-15 19:44:38,401 [FixedThreadPoolWithAffinityExecutor-0-0] INFO  container.IncrementalContainerReportHandler (AbstractContainerReportHandler.java:updateContainerState(264)) - QUASI_CLOSE Container #1 (CLOSING, sid=2) r0 (QUASI_CLOSED, bcsid=2, origin=99cb6aa4-ab14-4525-b571-11fa40308ff9, non-empty) from dn 99cb6aa4-ab14-4525-b571-11fa40308ff9(localhost/127.0.0.1)
2025-07-15 19:44:38,401 [73892b45-0ad3-4392-8d09-ab2d1cd7ede4@group-A35D399F7985-SegmentedRaftLogWorker] INFO  segmented.BufferedWriteChannel (BufferedWriteChannel.java:open(61)) - open log_inprogress_0 at position 0
2025-07-15 19:44:38,408 [EventQueue-PipelineReportForPipelineReportHandler] INFO  pipeline.PipelineReportHandler (PipelineReportHandler.java:processPipelineReport(134)) - Opened pipeline Pipeline-c5ee18f9-7bb3-48ae-90e0-a35d399f7985
2025-07-15 19:44:38,413 [grpc-default-executor-2] INFO  ratis.XceiverServerRatis (XceiverServerRatis.java:handleLeaderChangedNotification(944)) - Leader change notification received for group: group-A35D399F7985 with new leaderId: 73892b45-0ad3-4392-8d09-ab2d1cd7ede4
2025-07-15 19:44:38,414 [grpc-default-executor-0] INFO  ratis.XceiverServerRatis (XceiverServerRatis.java:handleLeaderChangedNotification(944)) - Leader change notification received for group: group-A35D399F7985 with new leaderId: 73892b45-0ad3-4392-8d09-ab2d1cd7ede4
2025-07-15 19:44:38,415 [grpc-default-executor-0] INFO  server.RaftServer$Division (ServerState.java:setLeader(272)) - edffad61-d5a0-4c2f-abd3-1d848b9782f9@group-A35D399F7985: change Leader from null to 73892b45-0ad3-4392-8d09-ab2d1cd7ede4 at term 1 for appendEntries, leader elected after 1032ms
2025-07-15 19:44:38,415 [grpc-default-executor-2] INFO  server.RaftServer$Division (ServerState.java:setLeader(272)) - 262265f8-b6b0-4173-8249-6c4ff56c562c@group-A35D399F7985: change Leader from null to 73892b45-0ad3-4392-8d09-ab2d1cd7ede4 at term 1 for appendEntries, leader elected after 1126ms
2025-07-15 19:44:38,416 [grpc-default-executor-5] INFO  server.RaftServer$Division (ServerState.java:setRaftConf(386)) - edffad61-d5a0-4c2f-abd3-1d848b9782f9@group-A35D399F7985: set configuration conf: {index: 0, cur=peers:[262265f8-b6b0-4173-8249-6c4ff56c562c|127.0.0.1:15063, 73892b45-0ad3-4392-8d09-ab2d1cd7ede4|127.0.0.1:15071, edffad61-d5a0-4c2f-abd3-1d848b9782f9|127.0.0.1:15079]|listeners:[], old=null}
2025-07-15 19:44:38,416 [grpc-default-executor-5] INFO  segmented.SegmentedRaftLogWorker (SegmentedRaftLogWorker.java:startLogSegment(440)) - edffad61-d5a0-4c2f-abd3-1d848b9782f9@group-A35D399F7985-SegmentedRaftLogWorker: Starting segment from index:0
2025-07-15 19:44:38,417 [grpc-default-executor-4] INFO  server.RaftServer$Division (ServerState.java:setRaftConf(386)) - 262265f8-b6b0-4173-8249-6c4ff56c562c@group-A35D399F7985: set configuration conf: {index: 0, cur=peers:[262265f8-b6b0-4173-8249-6c4ff56c562c|127.0.0.1:15063, 73892b45-0ad3-4392-8d09-ab2d1cd7ede4|127.0.0.1:15071, edffad61-d5a0-4c2f-abd3-1d848b9782f9|127.0.0.1:15079]|listeners:[], old=null}
2025-07-15 19:44:38,417 [grpc-default-executor-4] INFO  segmented.SegmentedRaftLogWorker (SegmentedRaftLogWorker.java:startLogSegment(440)) - 262265f8-b6b0-4173-8249-6c4ff56c562c@group-A35D399F7985-SegmentedRaftLogWorker: Starting segment from index:0
2025-07-15 19:44:38,417 [edffad61-d5a0-4c2f-abd3-1d848b9782f9@group-A35D399F7985-SegmentedRaftLogWorker] INFO  segmented.BufferedWriteChannel (BufferedWriteChannel.java:open(61)) - open log_inprogress_0 at position 0
2025-07-15 19:44:38,417 [73892b45-0ad3-4392-8d09-ab2d1cd7ede4@group-A35D399F7985-SegmentedRaftLogWorker] INFO  segmented.SegmentedRaftLogWorker (SegmentedRaftLogWorker.java:execute(647)) - 73892b45-0ad3-4392-8d09-ab2d1cd7ede4@group-A35D399F7985-SegmentedRaftLogWorker: created new log segment /home/runner/work/ozone/ozone/hadoop-ozone/integration-test/target/test-dir/MiniOzoneClusterImpl-7a2c00ee-15e1-4921-aa6b-526c14ec89d8/ozone-meta/datanode-8/ratis/c5ee18f9-7bb3-48ae-90e0-a35d399f7985/current/log_inprogress_0
2025-07-15 19:44:38,419 [262265f8-b6b0-4173-8249-6c4ff56c562c@group-A35D399F7985-SegmentedRaftLogWorker] INFO  segmented.BufferedWriteChannel (BufferedWriteChannel.java:open(61)) - open log_inprogress_0 at position 0
2025-07-15 19:44:38,432 [262265f8-b6b0-4173-8249-6c4ff56c562c@group-A35D399F7985-SegmentedRaftLogWorker] INFO  segmented.SegmentedRaftLogWorker (SegmentedRaftLogWorker.java:execute(647)) - 262265f8-b6b0-4173-8249-6c4ff56c562c@group-A35D399F7985-SegmentedRaftLogWorker: created new log segment /home/runner/work/ozone/ozone/hadoop-ozone/integration-test/target/test-dir/MiniOzoneClusterImpl-7a2c00ee-15e1-4921-aa6b-526c14ec89d8/ozone-meta/datanode-7/ratis/c5ee18f9-7bb3-48ae-90e0-a35d399f7985/current/log_inprogress_0
2025-07-15 19:44:38,434 [edffad61-d5a0-4c2f-abd3-1d848b9782f9@group-A35D399F7985-SegmentedRaftLogWorker] INFO  segmented.SegmentedRaftLogWorker (SegmentedRaftLogWorker.java:execute(647)) - edffad61-d5a0-4c2f-abd3-1d848b9782f9@group-A35D399F7985-SegmentedRaftLogWorker: created new log segment /home/runner/work/ozone/ozone/hadoop-ozone/integration-test/target/test-dir/MiniOzoneClusterImpl-7a2c00ee-15e1-4921-aa6b-526c14ec89d8/ozone-meta/datanode-9/ratis/c5ee18f9-7bb3-48ae-90e0-a35d399f7985/current/log_inprogress_0
2025-07-15 19:44:38,438 [73892b45-0ad3-4392-8d09-ab2d1cd7ede4@group-A35D399F7985-StateMachineUpdater] INFO  server.RaftServer$Division (LeaderStateImpl.java:checkStartIndex(309)) - Leader 73892b45-0ad3-4392-8d09-ab2d1cd7ede4@group-A35D399F7985-LeaderStateImpl is ready since appliedIndex == startIndex == 0
2025-07-15 19:44:38,438 [73892b45-0ad3-4392-8d09-ab2d1cd7ede4@group-A35D399F7985-StateMachineUpdater] INFO  ratis.ContainerStateMachine (ContainerStateMachine.java:takeSnapshot(427)) - group-A35D399F7985: Taking a snapshot at:(t:1, i:0) file /home/runner/work/ozone/ozone/hadoop-ozone/integration-test/target/test-dir/MiniOzoneClusterImpl-7a2c00ee-15e1-4921-aa6b-526c14ec89d8/ozone-meta/datanode-8/ratis/c5ee18f9-7bb3-48ae-90e0-a35d399f7985/sm/snapshot.1_0
2025-07-15 19:44:38,440 [73892b45-0ad3-4392-8d09-ab2d1cd7ede4@group-A35D399F7985-StateMachineUpdater] INFO  ratis.ContainerStateMachine (ContainerStateMachine.java:takeSnapshot(436)) - group-A35D399F7985: Finished taking a snapshot at:(t:1, i:0) file:/home/runner/work/ozone/ozone/hadoop-ozone/integration-test/target/test-dir/MiniOzoneClusterImpl-7a2c00ee-15e1-4921-aa6b-526c14ec89d8/ozone-meta/datanode-8/ratis/c5ee18f9-7bb3-48ae-90e0-a35d399f7985/sm/snapshot.1_0 took: 1 ms
2025-07-15 19:44:38,440 [73892b45-0ad3-4392-8d09-ab2d1cd7ede4@group-A35D399F7985-StateMachineUpdater] INFO  impl.StateMachineUpdater (StateMachineUpdater.java:takeSnapshot(307)) - 73892b45-0ad3-4392-8d09-ab2d1cd7ede4@group-A35D399F7985-StateMachineUpdater: Took a snapshot at index 0
2025-07-15 19:44:38,440 [73892b45-0ad3-4392-8d09-ab2d1cd7ede4@group-A35D399F7985-StateMachineUpdater] INFO  impl.StateMachineUpdater (StateMachineUpdater.java:lambda$new$0(101)) - 73892b45-0ad3-4392-8d09-ab2d1cd7ede4@group-A35D399F7985-StateMachineUpdater: snapshotIndex: updateIncreasingly -1 -> 0
2025-07-15 19:44:38,457 [edffad61-d5a0-4c2f-abd3-1d848b9782f9@group-D4D9E1AFA3FC-FollowerState] INFO  impl.FollowerState (FollowerState.java:runImpl(161)) - edffad61-d5a0-4c2f-abd3-1d848b9782f9@group-D4D9E1AFA3FC-FollowerState: change to CANDIDATE, lastRpcElapsedTime:1188686256ns, electionTimeout:1186ms
2025-07-15 19:44:38,457 [edffad61-d5a0-4c2f-abd3-1d848b9782f9@group-D4D9E1AFA3FC-FollowerState] INFO  impl.RoleInfo (RoleInfo.java:shutdownFollowerState(121)) - edffad61-d5a0-4c2f-abd3-1d848b9782f9: shutdown edffad61-d5a0-4c2f-abd3-1d848b9782f9@group-D4D9E1AFA3FC-FollowerState
2025-07-15 19:44:38,457 [edffad61-d5a0-4c2f-abd3-1d848b9782f9@group-D4D9E1AFA3FC-FollowerState] INFO  server.RaftServer$Division (RaftServerImpl.java:setRole(392)) - edffad61-d5a0-4c2f-abd3-1d848b9782f9@group-D4D9E1AFA3FC: changes role from  FOLLOWER to CANDIDATE at term 0 for changeToCandidate
2025-07-15 19:44:38,458 [edffad61-d5a0-4c2f-abd3-1d848b9782f9@group-D4D9E1AFA3FC-FollowerState] INFO  impl.RoleInfo (RoleInfo.java:updateAndGet(148)) - edffad61-d5a0-4c2f-abd3-1d848b9782f9: start edffad61-d5a0-4c2f-abd3-1d848b9782f9@group-D4D9E1AFA3FC-LeaderElection21
2025-07-15 19:44:38,459 [edffad61-d5a0-4c2f-abd3-1d848b9782f9@group-D4D9E1AFA3FC-LeaderElection21] INFO  impl.LeaderElection (LeaderElection.java:askForVotes(448)) - edffad61-d5a0-4c2f-abd3-1d848b9782f9@group-D4D9E1AFA3FC-LeaderElection21 PRE_VOTE round 0: submit vote requests at term 0 for conf: {index: -1, cur=peers:[262265f8-b6b0-4173-8249-6c4ff56c562c|127.0.0.1:15063, 73892b45-0ad3-4392-8d09-ab2d1cd7ede4|127.0.0.1:15071, edffad61-d5a0-4c2f-abd3-1d848b9782f9|127.0.0.1:15079]|listeners:[], old=null}
2025-07-15 19:44:38,460 [edffad61-d5a0-4c2f-abd3-1d848b9782f9@group-D4D9E1AFA3FC-LeaderElection21-1] INFO  server.GrpcServerProtocolClient (GrpcServerProtocolClient.java:<init>(65)) - Build channel for 262265f8-b6b0-4173-8249-6c4ff56c562c|127.0.0.1:15063
2025-07-15 19:44:38,460 [edffad61-d5a0-4c2f-abd3-1d848b9782f9@group-D4D9E1AFA3FC-LeaderElection21-2] INFO  server.GrpcServerProtocolClient (GrpcServerProtocolClient.java:<init>(65)) - Build channel for 73892b45-0ad3-4392-8d09-ab2d1cd7ede4|127.0.0.1:15071
2025-07-15 19:44:38,467 [grpc-default-executor-4] INFO  server.RaftServer$Division (RaftServerImpl.java:requestVote(1421)) - 262265f8-b6b0-4173-8249-6c4ff56c562c@group-D4D9E1AFA3FC: receive requestVote(PRE_VOTE, edffad61-d5a0-4c2f-abd3-1d848b9782f9, group-D4D9E1AFA3FC, 0, <PROTO_DEFAULT>)
2025-07-15 19:44:38,467 [grpc-default-executor-4] INFO  impl.VoteContext (VoteContext.java:log(49)) - 262265f8-b6b0-4173-8249-6c4ff56c562c@group-D4D9E1AFA3FC-FOLLOWER: accept PRE_VOTE from edffad61-d5a0-4c2f-abd3-1d848b9782f9: our priority 0 <= candidate's priority 1
2025-07-15 19:44:38,467 [grpc-default-executor-4] INFO  server.RaftServer$Division (RaftServerImpl.java:requestVote(1455)) - 262265f8-b6b0-4173-8249-6c4ff56c562c@group-D4D9E1AFA3FC replies to PRE_VOTE vote request: edffad61-d5a0-4c2f-abd3-1d848b9782f9<-262265f8-b6b0-4173-8249-6c4ff56c562c#0:OK-t0-last:<INITIAL_VALUE>. Peer's state: 262265f8-b6b0-4173-8249-6c4ff56c562c@group-D4D9E1AFA3FC:t0, leader=null, voted=, raftlog=Memoized:262265f8-b6b0-4173-8249-6c4ff56c562c@group-D4D9E1AFA3FC-SegmentedRaftLog:OPENED:c-1:lastnull, conf=conf: {index: -1, cur=peers:[262265f8-b6b0-4173-8249-6c4ff56c562c|127.0.0.1:15063, 73892b45-0ad3-4392-8d09-ab2d1cd7ede4|127.0.0.1:15071, edffad61-d5a0-4c2f-abd3-1d848b9782f9|127.0.0.1:15079]|listeners:[], old=null}
2025-07-15 19:44:38,468 [grpc-default-executor-4] INFO  server.RaftServer$Division (RaftServerImpl.java:requestVote(1421)) - 73892b45-0ad3-4392-8d09-ab2d1cd7ede4@group-D4D9E1AFA3FC: receive requestVote(PRE_VOTE, edffad61-d5a0-4c2f-abd3-1d848b9782f9, group-D4D9E1AFA3FC, 0, <PROTO_DEFAULT>)
2025-07-15 19:44:38,468 [grpc-default-executor-4] INFO  impl.VoteContext (VoteContext.java:log(49)) - 73892b45-0ad3-4392-8d09-ab2d1cd7ede4@group-D4D9E1AFA3FC-FOLLOWER: accept PRE_VOTE from edffad61-d5a0-4c2f-abd3-1d848b9782f9: our priority 0 <= candidate's priority 1
2025-07-15 19:44:38,468 [grpc-default-executor-4] INFO  server.RaftServer$Division (RaftServerImpl.java:requestVote(1455)) - 73892b45-0ad3-4392-8d09-ab2d1cd7ede4@group-D4D9E1AFA3FC replies to PRE_VOTE vote request: edffad61-d5a0-4c2f-abd3-1d848b9782f9<-73892b45-0ad3-4392-8d09-ab2d1cd7ede4#0:OK-t0-last:<INITIAL_VALUE>. Peer's state: 73892b45-0ad3-4392-8d09-ab2d1cd7ede4@group-D4D9E1AFA3FC:t0, leader=null, voted=, raftlog=Memoized:73892b45-0ad3-4392-8d09-ab2d1cd7ede4@group-D4D9E1AFA3FC-SegmentedRaftLog:OPENED:c-1:lastnull, conf=conf: {index: -1, cur=peers:[262265f8-b6b0-4173-8249-6c4ff56c562c|127.0.0.1:15063, 73892b45-0ad3-4392-8d09-ab2d1cd7ede4|127.0.0.1:15071, edffad61-d5a0-4c2f-abd3-1d848b9782f9|127.0.0.1:15079]|listeners:[], old=null}
2025-07-15 19:44:38,469 [edffad61-d5a0-4c2f-abd3-1d848b9782f9@group-D4D9E1AFA3FC-LeaderElection21] INFO  impl.LeaderElection (LeaderElection.java:logAndReturn(206)) - edffad61-d5a0-4c2f-abd3-1d848b9782f9@group-D4D9E1AFA3FC-LeaderElection21: PRE_VOTE PASSED received 1 response(s) and 0 exception(s):
2025-07-15 19:44:38,470 [edffad61-d5a0-4c2f-abd3-1d848b9782f9@group-D4D9E1AFA3FC-LeaderElection21] INFO  impl.LeaderElection (LeaderElection.java:logAndReturn(210)) -   Response 0: edffad61-d5a0-4c2f-abd3-1d848b9782f9<-262265f8-b6b0-4173-8249-6c4ff56c562c#0:OK-t0-last:<INITIAL_VALUE>
2025-07-15 19:44:38,470 [edffad61-d5a0-4c2f-abd3-1d848b9782f9@group-D4D9E1AFA3FC-LeaderElection21] INFO  impl.LeaderElection (LeaderElection.java:askForVotes(450)) - edffad61-d5a0-4c2f-abd3-1d848b9782f9@group-D4D9E1AFA3FC-LeaderElection21 PRE_VOTE round 0: result PASSED
2025-07-15 19:44:38,472 [edffad61-d5a0-4c2f-abd3-1d848b9782f9@group-D4D9E1AFA3FC-LeaderElection21] INFO  impl.LeaderElection (LeaderElection.java:askForVotes(448)) - edffad61-d5a0-4c2f-abd3-1d848b9782f9@group-D4D9E1AFA3FC-LeaderElection21 ELECTION round 0: submit vote requests at term 1 for conf: {index: -1, cur=peers:[262265f8-b6b0-4173-8249-6c4ff56c562c|127.0.0.1:15063, 73892b45-0ad3-4392-8d09-ab2d1cd7ede4|127.0.0.1:15071, edffad61-d5a0-4c2f-abd3-1d848b9782f9|127.0.0.1:15079]|listeners:[], old=null}
2025-07-15 19:44:38,474 [grpc-default-executor-2] INFO  server.RaftServer$Division (RaftServerImpl.java:requestVote(1421)) - 73892b45-0ad3-4392-8d09-ab2d1cd7ede4@group-D4D9E1AFA3FC: receive requestVote(ELECTION, edffad61-d5a0-4c2f-abd3-1d848b9782f9, group-D4D9E1AFA3FC, 1, <PROTO_DEFAULT>)
2025-07-15 19:44:38,474 [grpc-default-executor-2] INFO  impl.VoteContext (VoteContext.java:log(49)) - 73892b45-0ad3-4392-8d09-ab2d1cd7ede4@group-D4D9E1AFA3FC-FOLLOWER: accept ELECTION from edffad61-d5a0-4c2f-abd3-1d848b9782f9: our priority 0 <= candidate's priority 1
2025-07-15 19:44:38,474 [grpc-default-executor-2] INFO  server.RaftServer$Division (RaftServerImpl.java:setRole(392)) - 73892b45-0ad3-4392-8d09-ab2d1cd7ede4@group-D4D9E1AFA3FC: changes role from  FOLLOWER to FOLLOWER at term 0 for candidate:edffad61-d5a0-4c2f-abd3-1d848b9782f9
2025-07-15 19:44:38,475 [grpc-default-executor-2] INFO  impl.RoleInfo (RoleInfo.java:shutdownFollowerState(121)) - 73892b45-0ad3-4392-8d09-ab2d1cd7ede4: shutdown 73892b45-0ad3-4392-8d09-ab2d1cd7ede4@group-D4D9E1AFA3FC-FollowerState
2025-07-15 19:44:38,475 [grpc-default-executor-2] INFO  impl.RoleInfo (RoleInfo.java:updateAndGet(148)) - 73892b45-0ad3-4392-8d09-ab2d1cd7ede4: start 73892b45-0ad3-4392-8d09-ab2d1cd7ede4@group-D4D9E1AFA3FC-FollowerState
2025-07-15 19:44:38,475 [grpc-default-executor-4] INFO  server.RaftServer$Division (RaftServerImpl.java:requestVote(1421)) - 262265f8-b6b0-4173-8249-6c4ff56c562c@group-D4D9E1AFA3FC: receive requestVote(ELECTION, edffad61-d5a0-4c2f-abd3-1d848b9782f9, group-D4D9E1AFA3FC, 1, <PROTO_DEFAULT>)
2025-07-15 19:44:38,475 [grpc-default-executor-4] INFO  impl.VoteContext (VoteContext.java:log(49)) - 262265f8-b6b0-4173-8249-6c4ff56c562c@group-D4D9E1AFA3FC-FOLLOWER: accept ELECTION from edffad61-d5a0-4c2f-abd3-1d848b9782f9: our priority 0 <= candidate's priority 1
2025-07-15 19:44:38,475 [grpc-default-executor-4] INFO  server.RaftServer$Division (RaftServerImpl.java:setRole(392)) - 262265f8-b6b0-4173-8249-6c4ff56c562c@group-D4D9E1AFA3FC: changes role from  FOLLOWER to FOLLOWER at term 0 for candidate:edffad61-d5a0-4c2f-abd3-1d848b9782f9
2025-07-15 19:44:38,475 [grpc-default-executor-4] INFO  impl.RoleInfo (RoleInfo.java:shutdownFollowerState(121)) - 262265f8-b6b0-4173-8249-6c4ff56c562c: shutdown 262265f8-b6b0-4173-8249-6c4ff56c562c@group-D4D9E1AFA3FC-FollowerState
2025-07-15 19:44:38,475 [grpc-default-executor-4] INFO  impl.RoleInfo (RoleInfo.java:updateAndGet(148)) - 262265f8-b6b0-4173-8249-6c4ff56c562c: start 262265f8-b6b0-4173-8249-6c4ff56c562c@group-D4D9E1AFA3FC-FollowerState
2025-07-15 19:44:38,475 [262265f8-b6b0-4173-8249-6c4ff56c562c@group-D4D9E1AFA3FC-FollowerState] INFO  impl.FollowerState (FollowerState.java:runImpl(170)) - 262265f8-b6b0-4173-8249-6c4ff56c562c@group-D4D9E1AFA3FC-FollowerState was interrupted
2025-07-15 19:44:38,475 [73892b45-0ad3-4392-8d09-ab2d1cd7ede4@group-D4D9E1AFA3FC-FollowerState] INFO  impl.FollowerState (FollowerState.java:runImpl(170)) - 73892b45-0ad3-4392-8d09-ab2d1cd7ede4@group-D4D9E1AFA3FC-FollowerState was interrupted
2025-07-15 19:44:38,476 [grpc-default-executor-2] INFO  server.RaftServer$Division (RaftServerImpl.java:setFirstElection(576)) - 73892b45-0ad3-4392-8d09-ab2d1cd7ede4@group-D4D9E1AFA3FC: set firstElectionSinceStartup to false for candidate:edffad61-d5a0-4c2f-abd3-1d848b9782f9
2025-07-15 19:44:38,477 [grpc-default-executor-2] INFO  server.RaftServer$Division (RaftServerImpl.java:requestVote(1455)) - 73892b45-0ad3-4392-8d09-ab2d1cd7ede4@group-D4D9E1AFA3FC replies to ELECTION vote request: edffad61-d5a0-4c2f-abd3-1d848b9782f9<-73892b45-0ad3-4392-8d09-ab2d1cd7ede4#0:OK-t1-last:<INITIAL_VALUE>. Peer's state: 73892b45-0ad3-4392-8d09-ab2d1cd7ede4@group-D4D9E1AFA3FC:t1, leader=null, voted=edffad61-d5a0-4c2f-abd3-1d848b9782f9, raftlog=Memoized:73892b45-0ad3-4392-8d09-ab2d1cd7ede4@group-D4D9E1AFA3FC-SegmentedRaftLog:OPENED:c-1:lastnull, conf=conf: {index: -1, cur=peers:[262265f8-b6b0-4173-8249-6c4ff56c562c|127.0.0.1:15063, 73892b45-0ad3-4392-8d09-ab2d1cd7ede4|127.0.0.1:15071, edffad61-d5a0-4c2f-abd3-1d848b9782f9|127.0.0.1:15079]|listeners:[], old=null}
2025-07-15 19:44:38,478 [grpc-default-executor-4] INFO  server.RaftServer$Division (RaftServerImpl.java:requestVote(1455)) - 262265f8-b6b0-4173-8249-6c4ff56c562c@group-D4D9E1AFA3FC replies to ELECTION vote request: edffad61-d5a0-4c2f-abd3-1d848b9782f9<-262265f8-b6b0-4173-8249-6c4ff56c562c#0:OK-t1-last:<INITIAL_VALUE>. Peer's state: 262265f8-b6b0-4173-8249-6c4ff56c562c@group-D4D9E1AFA3FC:t1, leader=null, voted=edffad61-d5a0-4c2f-abd3-1d848b9782f9, raftlog=Memoized:262265f8-b6b0-4173-8249-6c4ff56c562c@group-D4D9E1AFA3FC-SegmentedRaftLog:OPENED:c-1:lastnull, conf=conf: {index: -1, cur=peers:[262265f8-b6b0-4173-8249-6c4ff56c562c|127.0.0.1:15063, 73892b45-0ad3-4392-8d09-ab2d1cd7ede4|127.0.0.1:15071, edffad61-d5a0-4c2f-abd3-1d848b9782f9|127.0.0.1:15079]|listeners:[], old=null}
2025-07-15 19:44:38,479 [edffad61-d5a0-4c2f-abd3-1d848b9782f9@group-D4D9E1AFA3FC-LeaderElection21] INFO  impl.LeaderElection (LeaderElection.java:logAndReturn(206)) - edffad61-d5a0-4c2f-abd3-1d848b9782f9@group-D4D9E1AFA3FC-LeaderElection21: ELECTION PASSED received 1 response(s) and 0 exception(s):
2025-07-15 19:44:38,479 [edffad61-d5a0-4c2f-abd3-1d848b9782f9@group-D4D9E1AFA3FC-LeaderElection21] INFO  impl.LeaderElection (LeaderElection.java:logAndReturn(210)) -   Response 0: edffad61-d5a0-4c2f-abd3-1d848b9782f9<-73892b45-0ad3-4392-8d09-ab2d1cd7ede4#0:OK-t1-last:<INITIAL_VALUE>
2025-07-15 19:44:38,479 [edffad61-d5a0-4c2f-abd3-1d848b9782f9@group-D4D9E1AFA3FC-LeaderElection21] INFO  impl.LeaderElection (LeaderElection.java:askForVotes(450)) - edffad61-d5a0-4c2f-abd3-1d848b9782f9@group-D4D9E1AFA3FC-LeaderElection21 ELECTION round 0: result PASSED
2025-07-15 19:44:38,479 [edffad61-d5a0-4c2f-abd3-1d848b9782f9@group-D4D9E1AFA3FC-LeaderElection21] INFO  impl.RoleInfo (RoleInfo.java:shutdownLeaderElection(141)) - edffad61-d5a0-4c2f-abd3-1d848b9782f9: shutdown edffad61-d5a0-4c2f-abd3-1d848b9782f9@group-D4D9E1AFA3FC-LeaderElection21
2025-07-15 19:44:38,479 [edffad61-d5a0-4c2f-abd3-1d848b9782f9@group-D4D9E1AFA3FC-LeaderElection21] INFO  server.RaftServer$Division (RaftServerImpl.java:setRole(392)) - edffad61-d5a0-4c2f-abd3-1d848b9782f9@group-D4D9E1AFA3FC: changes role from CANDIDATE to LEADER at term 1 for changeToLeader
2025-07-15 19:44:38,479 [edffad61-d5a0-4c2f-abd3-1d848b9782f9@group-D4D9E1AFA3FC-LeaderElection21] INFO  server.RaftServerConfigKeys (ConfUtils.java:logFallback(69)) - raft.server.staging.timeout = 15600ms (fallback to raft.server.rpc.timeout.max)
2025-07-15 19:44:38,480 [edffad61-d5a0-4c2f-abd3-1d848b9782f9@group-D4D9E1AFA3FC-LeaderElection21] INFO  server.RaftServerConfigKeys (ConfUtils.java:logGet(62)) - raft.server.write.byte-limit = 1024 M (=1073741824) (custom)
2025-07-15 19:44:38,481 [edffad61-d5a0-4c2f-abd3-1d848b9782f9@group-D4D9E1AFA3FC-LeaderElection21] INFO  server.RaftServerConfigKeys (ConfUtils.java:logGet(62)) - raft.server.log.appender.buffer.byte-limit = 33554432 (custom)
2025-07-15 19:44:38,483 [edffad61-d5a0-4c2f-abd3-1d848b9782f9@group-D4D9E1AFA3FC-LeaderElection21] INFO  server.RaftServerConfigKeys (ConfUtils.java:logGet(62)) - raft.server.log.appender.buffer.byte-limit = 33554432 (custom)
2025-07-15 19:44:38,483 [73892b45-0ad3-4392-8d09-ab2d1cd7ede4@group-7BA2381FBCC4-FollowerState] INFO  impl.FollowerState (FollowerState.java:runImpl(161)) - 73892b45-0ad3-4392-8d09-ab2d1cd7ede4@group-7BA2381FBCC4-FollowerState: change to CANDIDATE, lastRpcElapsedTime:1196388504ns, electionTimeout:1195ms
2025-07-15 19:44:38,483 [73892b45-0ad3-4392-8d09-ab2d1cd7ede4@group-7BA2381FBCC4-FollowerState] INFO  impl.RoleInfo (RoleInfo.java:shutdownFollowerState(121)) - 73892b45-0ad3-4392-8d09-ab2d1cd7ede4: shutdown 73892b45-0ad3-4392-8d09-ab2d1cd7ede4@group-7BA2381FBCC4-FollowerState
2025-07-15 19:44:38,483 [edffad61-d5a0-4c2f-abd3-1d848b9782f9@group-D4D9E1AFA3FC-LeaderElection21] INFO  impl.RoleInfo (RoleInfo.java:updateAndGet(148)) - edffad61-d5a0-4c2f-abd3-1d848b9782f9: start edffad61-d5a0-4c2f-abd3-1d848b9782f9@group-D4D9E1AFA3FC-LeaderStateImpl
2025-07-15 19:44:38,484 [edffad61-d5a0-4c2f-abd3-1d848b9782f9@group-D4D9E1AFA3FC-LeaderElection21] INFO  server.RaftServer$Division (RaftServerImpl.java:setFirstElection(576)) - edffad61-d5a0-4c2f-abd3-1d848b9782f9@group-D4D9E1AFA3FC: set firstElectionSinceStartup to false for becomeLeader
2025-07-15 19:44:38,484 [edffad61-d5a0-4c2f-abd3-1d848b9782f9@group-D4D9E1AFA3FC-LeaderElection21] INFO  ratis.XceiverServerRatis (XceiverServerRatis.java:handleLeaderChangedNotification(944)) - Leader change notification received for group: group-D4D9E1AFA3FC with new leaderId: edffad61-d5a0-4c2f-abd3-1d848b9782f9
2025-07-15 19:44:38,484 [73892b45-0ad3-4392-8d09-ab2d1cd7ede4@group-7BA2381FBCC4-FollowerState] INFO  server.RaftServer$Division (RaftServerImpl.java:setRole(392)) - 73892b45-0ad3-4392-8d09-ab2d1cd7ede4@group-7BA2381FBCC4: changes role from  FOLLOWER to CANDIDATE at term 0 for changeToCandidate
2025-07-15 19:44:38,484 [73892b45-0ad3-4392-8d09-ab2d1cd7ede4@group-7BA2381FBCC4-FollowerState] INFO  impl.RoleInfo (RoleInfo.java:updateAndGet(148)) - 73892b45-0ad3-4392-8d09-ab2d1cd7ede4: start 73892b45-0ad3-4392-8d09-ab2d1cd7ede4@group-7BA2381FBCC4-LeaderElection22
2025-07-15 19:44:38,484 [edffad61-d5a0-4c2f-abd3-1d848b9782f9@group-D4D9E1AFA3FC-LeaderElection21] INFO  server.RaftServer$Division (ServerState.java:setLeader(272)) - edffad61-d5a0-4c2f-abd3-1d848b9782f9@group-D4D9E1AFA3FC: change Leader from null to edffad61-d5a0-4c2f-abd3-1d848b9782f9 at term 1 for becomeLeader, leader elected after 1248ms
2025-07-15 19:44:38,484 [edffad61-d5a0-4c2f-abd3-1d848b9782f9@group-D4D9E1AFA3FC-LeaderElection21] INFO  segmented.SegmentedRaftLogWorker (SegmentedRaftLogWorker.java:startLogSegment(440)) - edffad61-d5a0-4c2f-abd3-1d848b9782f9@group-D4D9E1AFA3FC-SegmentedRaftLogWorker: Starting segment from index:0
2025-07-15 19:44:38,484 [edffad61-d5a0-4c2f-abd3-1d848b9782f9@group-D4D9E1AFA3FC-LeaderElection21] INFO  server.RaftServer$Division (ServerState.java:setRaftConf(386)) - edffad61-d5a0-4c2f-abd3-1d848b9782f9@group-D4D9E1AFA3FC: set configuration conf: {index: 0, cur=peers:[262265f8-b6b0-4173-8249-6c4ff56c562c|127.0.0.1:15063, 73892b45-0ad3-4392-8d09-ab2d1cd7ede4|127.0.0.1:15071, edffad61-d5a0-4c2f-abd3-1d848b9782f9|127.0.0.1:15079]|listeners:[], old=null}
2025-07-15 19:44:38,485 [73892b45-0ad3-4392-8d09-ab2d1cd7ede4@group-7BA2381FBCC4-LeaderElection22] INFO  impl.LeaderElection (LeaderElection.java:askForVotes(448)) - 73892b45-0ad3-4392-8d09-ab2d1cd7ede4@group-7BA2381FBCC4-LeaderElection22 PRE_VOTE round 0: submit vote requests at term 0 for conf: {index: -1, cur=peers:[73892b45-0ad3-4392-8d09-ab2d1cd7ede4|127.0.0.1:15071]|listeners:[], old=null}
2025-07-15 19:44:38,485 [73892b45-0ad3-4392-8d09-ab2d1cd7ede4@group-7BA2381FBCC4-LeaderElection22] INFO  impl.LeaderElection (LeaderElection.java:askForVotes(450)) - 73892b45-0ad3-4392-8d09-ab2d1cd7ede4@group-7BA2381FBCC4-LeaderElection22 PRE_VOTE round 0: result PASSED (term=0)
2025-07-15 19:44:38,485 [edffad61-d5a0-4c2f-abd3-1d848b9782f9@group-D4D9E1AFA3FC-SegmentedRaftLogWorker] INFO  segmented.BufferedWriteChannel (BufferedWriteChannel.java:open(61)) - open log_inprogress_0 at position 0
2025-07-15 19:44:38,488 [73892b45-0ad3-4392-8d09-ab2d1cd7ede4@group-7BA2381FBCC4-LeaderElection22] INFO  impl.LeaderElection (LeaderElection.java:askForVotes(448)) - 73892b45-0ad3-4392-8d09-ab2d1cd7ede4@group-7BA2381FBCC4-LeaderElection22 ELECTION round 0: submit vote requests at term 1 for conf: {index: -1, cur=peers:[73892b45-0ad3-4392-8d09-ab2d1cd7ede4|127.0.0.1:15071]|listeners:[], old=null}
2025-07-15 19:44:38,488 [73892b45-0ad3-4392-8d09-ab2d1cd7ede4@group-7BA2381FBCC4-LeaderElection22] INFO  impl.LeaderElection (LeaderElection.java:askForVotes(450)) - 73892b45-0ad3-4392-8d09-ab2d1cd7ede4@group-7BA2381FBCC4-LeaderElection22 ELECTION round 0: result PASSED (term=1)
2025-07-15 19:44:38,488 [73892b45-0ad3-4392-8d09-ab2d1cd7ede4@group-7BA2381FBCC4-LeaderElection22] INFO  impl.RoleInfo (RoleInfo.java:shutdownLeaderElection(141)) - 73892b45-0ad3-4392-8d09-ab2d1cd7ede4: shutdown 73892b45-0ad3-4392-8d09-ab2d1cd7ede4@group-7BA2381FBCC4-LeaderElection22
2025-07-15 19:44:38,488 [73892b45-0ad3-4392-8d09-ab2d1cd7ede4@group-7BA2381FBCC4-LeaderElection22] INFO  server.RaftServer$Division (RaftServerImpl.java:setRole(392)) - 73892b45-0ad3-4392-8d09-ab2d1cd7ede4@group-7BA2381FBCC4: changes role from CANDIDATE to LEADER at term 1 for changeToLeader
2025-07-15 19:44:38,488 [73892b45-0ad3-4392-8d09-ab2d1cd7ede4@group-7BA2381FBCC4-LeaderElection22] INFO  server.RaftServerConfigKeys (ConfUtils.java:logFallback(69)) - raft.server.staging.timeout = 15600ms (fallback to raft.server.rpc.timeout.max)
2025-07-15 19:44:38,488 [73892b45-0ad3-4392-8d09-ab2d1cd7ede4@group-7BA2381FBCC4-LeaderElection22] INFO  server.RaftServerConfigKeys (ConfUtils.java:logGet(62)) - raft.server.write.byte-limit = 1024 M (=1073741824) (custom)
2025-07-15 19:44:38,489 [73892b45-0ad3-4392-8d09-ab2d1cd7ede4@group-7BA2381FBCC4-LeaderElection22] INFO  impl.RoleInfo (RoleInfo.java:updateAndGet(148)) - 73892b45-0ad3-4392-8d09-ab2d1cd7ede4: start 73892b45-0ad3-4392-8d09-ab2d1cd7ede4@group-7BA2381FBCC4-LeaderStateImpl
2025-07-15 19:44:38,489 [73892b45-0ad3-4392-8d09-ab2d1cd7ede4@group-7BA2381FBCC4-LeaderElection22] INFO  server.RaftServer$Division (RaftServerImpl.java:setFirstElection(576)) - 73892b45-0ad3-4392-8d09-ab2d1cd7ede4@group-7BA2381FBCC4: set firstElectionSinceStartup to false for becomeLeader
2025-07-15 19:44:38,489 [73892b45-0ad3-4392-8d09-ab2d1cd7ede4@group-7BA2381FBCC4-LeaderElection22] INFO  ratis.XceiverServerRatis (XceiverServerRatis.java:handleLeaderChangedNotification(944)) - Leader change notification received for group: group-7BA2381FBCC4 with new leaderId: 73892b45-0ad3-4392-8d09-ab2d1cd7ede4
2025-07-15 19:44:38,489 [73892b45-0ad3-4392-8d09-ab2d1cd7ede4@group-7BA2381FBCC4-LeaderElection22] INFO  server.RaftServer$Division (ServerState.java:setLeader(272)) - 73892b45-0ad3-4392-8d09-ab2d1cd7ede4@group-7BA2381FBCC4: change Leader from null to 73892b45-0ad3-4392-8d09-ab2d1cd7ede4 at term 1 for becomeLeader, leader elected after 1232ms
2025-07-15 19:44:38,489 [73892b45-0ad3-4392-8d09-ab2d1cd7ede4@group-7BA2381FBCC4-LeaderElection22] INFO  segmented.SegmentedRaftLogWorker (SegmentedRaftLogWorker.java:startLogSegment(440)) - 73892b45-0ad3-4392-8d09-ab2d1cd7ede4@group-7BA2381FBCC4-SegmentedRaftLogWorker: Starting segment from index:0
2025-07-15 19:44:38,490 [73892b45-0ad3-4392-8d09-ab2d1cd7ede4@group-7BA2381FBCC4-LeaderElection22] INFO  server.RaftServer$Division (ServerState.java:setRaftConf(386)) - 73892b45-0ad3-4392-8d09-ab2d1cd7ede4@group-7BA2381FBCC4: set configuration conf: {index: 0, cur=peers:[73892b45-0ad3-4392-8d09-ab2d1cd7ede4|127.0.0.1:15071]|listeners:[], old=null}
2025-07-15 19:44:38,490 [73892b45-0ad3-4392-8d09-ab2d1cd7ede4@group-7BA2381FBCC4-SegmentedRaftLogWorker] INFO  segmented.BufferedWriteChannel (BufferedWriteChannel.java:open(61)) - open log_inprogress_0 at position 0
2025-07-15 19:44:38,491 [EventQueue-PipelineReportForPipelineReportHandler] INFO  pipeline.PipelineReportHandler (PipelineReportHandler.java:processPipelineReport(134)) - Opened pipeline Pipeline-f182326e-4933-482b-ba7e-d4d9e1afa3fc
2025-07-15 19:44:38,495 [grpc-default-executor-2] INFO  ratis.XceiverServerRatis (XceiverServerRatis.java:handleLeaderChangedNotification(944)) - Leader change notification received for group: group-D4D9E1AFA3FC with new leaderId: edffad61-d5a0-4c2f-abd3-1d848b9782f9
2025-07-15 19:44:38,495 [grpc-default-executor-2] INFO  server.RaftServer$Division (ServerState.java:setLeader(272)) - 262265f8-b6b0-4173-8249-6c4ff56c562c@group-D4D9E1AFA3FC: change Leader from null to edffad61-d5a0-4c2f-abd3-1d848b9782f9 at term 1 for appendEntries, leader elected after 1439ms
2025-07-15 19:44:38,497 [grpc-default-executor-5] INFO  ratis.XceiverServerRatis (XceiverServerRatis.java:handleLeaderChangedNotification(944)) - Leader change notification received for group: group-D4D9E1AFA3FC with new leaderId: edffad61-d5a0-4c2f-abd3-1d848b9782f9
2025-07-15 19:44:38,497 [grpc-default-executor-5] INFO  server.RaftServer$Division (ServerState.java:setLeader(272)) - 73892b45-0ad3-4392-8d09-ab2d1cd7ede4@group-D4D9E1AFA3FC: change Leader from null to edffad61-d5a0-4c2f-abd3-1d848b9782f9 at term 1 for appendEntries, leader elected after 1347ms
2025-07-15 19:44:38,499 [grpc-default-executor-2] INFO  server.RaftServer$Division (ServerState.java:setRaftConf(386)) - 73892b45-0ad3-4392-8d09-ab2d1cd7ede4@group-D4D9E1AFA3FC: set configuration conf: {index: 0, cur=peers:[262265f8-b6b0-4173-8249-6c4ff56c562c|127.0.0.1:15063, 73892b45-0ad3-4392-8d09-ab2d1cd7ede4|127.0.0.1:15071, edffad61-d5a0-4c2f-abd3-1d848b9782f9|127.0.0.1:15079]|listeners:[], old=null}
2025-07-15 19:44:38,499 [grpc-default-executor-5] INFO  server.RaftServer$Division (ServerState.java:setRaftConf(386)) - 262265f8-b6b0-4173-8249-6c4ff56c562c@group-D4D9E1AFA3FC: set configuration conf: {index: 0, cur=peers:[262265f8-b6b0-4173-8249-6c4ff56c562c|127.0.0.1:15063, 73892b45-0ad3-4392-8d09-ab2d1cd7ede4|127.0.0.1:15071, edffad61-d5a0-4c2f-abd3-1d848b9782f9|127.0.0.1:15079]|listeners:[], old=null}
2025-07-15 19:44:38,499 [grpc-default-executor-5] INFO  segmented.SegmentedRaftLogWorker (SegmentedRaftLogWorker.java:startLogSegment(440)) - 262265f8-b6b0-4173-8249-6c4ff56c562c@group-D4D9E1AFA3FC-SegmentedRaftLogWorker: Starting segment from index:0
2025-07-15 19:44:38,499 [grpc-default-executor-2] INFO  segmented.SegmentedRaftLogWorker (SegmentedRaftLogWorker.java:startLogSegment(440)) - 73892b45-0ad3-4392-8d09-ab2d1cd7ede4@group-D4D9E1AFA3FC-SegmentedRaftLogWorker: Starting segment from index:0
2025-07-15 19:44:38,501 [73892b45-0ad3-4392-8d09-ab2d1cd7ede4@group-D4D9E1AFA3FC-SegmentedRaftLogWorker] INFO  segmented.BufferedWriteChannel (BufferedWriteChannel.java:open(61)) - open log_inprogress_0 at position 0
2025-07-15 19:44:38,501 [edffad61-d5a0-4c2f-abd3-1d848b9782f9@group-D4D9E1AFA3FC-SegmentedRaftLogWorker] INFO  segmented.SegmentedRaftLogWorker (SegmentedRaftLogWorker.java:execute(647)) - edffad61-d5a0-4c2f-abd3-1d848b9782f9@group-D4D9E1AFA3FC-SegmentedRaftLogWorker: created new log segment /home/runner/work/ozone/ozone/hadoop-ozone/integration-test/target/test-dir/MiniOzoneClusterImpl-7a2c00ee-15e1-4921-aa6b-526c14ec89d8/ozone-meta/datanode-9/ratis/f182326e-4933-482b-ba7e-d4d9e1afa3fc/current/log_inprogress_0
2025-07-15 19:44:38,504 [262265f8-b6b0-4173-8249-6c4ff56c562c@group-D4D9E1AFA3FC-SegmentedRaftLogWorker] INFO  segmented.BufferedWriteChannel (BufferedWriteChannel.java:open(61)) - open log_inprogress_0 at position 0
2025-07-15 19:44:38,507 [73892b45-0ad3-4392-8d09-ab2d1cd7ede4@group-7BA2381FBCC4-SegmentedRaftLogWorker] INFO  segmented.SegmentedRaftLogWorker (SegmentedRaftLogWorker.java:execute(647)) - 73892b45-0ad3-4392-8d09-ab2d1cd7ede4@group-7BA2381FBCC4-SegmentedRaftLogWorker: created new log segment /home/runner/work/ozone/ozone/hadoop-ozone/integration-test/target/test-dir/MiniOzoneClusterImpl-7a2c00ee-15e1-4921-aa6b-526c14ec89d8/ozone-meta/datanode-8/ratis/284c284b-2a2a-42d6-8173-7ba2381fbcc4/current/log_inprogress_0
2025-07-15 19:44:38,517 [73892b45-0ad3-4392-8d09-ab2d1cd7ede4@group-7BA2381FBCC4-StateMachineUpdater] INFO  server.RaftServer$Division (LeaderStateImpl.java:checkStartIndex(309)) - Leader 73892b45-0ad3-4392-8d09-ab2d1cd7ede4@group-7BA2381FBCC4-LeaderStateImpl is ready since appliedIndex == startIndex == 0
2025-07-15 19:44:38,518 [73892b45-0ad3-4392-8d09-ab2d1cd7ede4@group-D4D9E1AFA3FC-SegmentedRaftLogWorker] INFO  segmented.SegmentedRaftLogWorker (SegmentedRaftLogWorker.java:execute(647)) - 73892b45-0ad3-4392-8d09-ab2d1cd7ede4@group-D4D9E1AFA3FC-SegmentedRaftLogWorker: created new log segment /home/runner/work/ozone/ozone/hadoop-ozone/integration-test/target/test-dir/MiniOzoneClusterImpl-7a2c00ee-15e1-4921-aa6b-526c14ec89d8/ozone-meta/datanode-8/ratis/f182326e-4933-482b-ba7e-d4d9e1afa3fc/current/log_inprogress_0
2025-07-15 19:44:38,518 [262265f8-b6b0-4173-8249-6c4ff56c562c@group-D4D9E1AFA3FC-SegmentedRaftLogWorker] INFO  segmented.SegmentedRaftLogWorker (SegmentedRaftLogWorker.java:execute(647)) - 262265f8-b6b0-4173-8249-6c4ff56c562c@group-D4D9E1AFA3FC-SegmentedRaftLogWorker: created new log segment /home/runner/work/ozone/ozone/hadoop-ozone/integration-test/target/test-dir/MiniOzoneClusterImpl-7a2c00ee-15e1-4921-aa6b-526c14ec89d8/ozone-meta/datanode-7/ratis/f182326e-4933-482b-ba7e-d4d9e1afa3fc/current/log_inprogress_0
2025-07-15 19:44:38,518 [73892b45-0ad3-4392-8d09-ab2d1cd7ede4@group-7BA2381FBCC4-StateMachineUpdater] INFO  ratis.ContainerStateMachine (ContainerStateMachine.java:takeSnapshot(427)) - group-7BA2381FBCC4: Taking a snapshot at:(t:1, i:0) file /home/runner/work/ozone/ozone/hadoop-ozone/integration-test/target/test-dir/MiniOzoneClusterImpl-7a2c00ee-15e1-4921-aa6b-526c14ec89d8/ozone-meta/datanode-8/ratis/284c284b-2a2a-42d6-8173-7ba2381fbcc4/sm/snapshot.1_0
2025-07-15 19:44:38,520 [73892b45-0ad3-4392-8d09-ab2d1cd7ede4@group-7BA2381FBCC4-StateMachineUpdater] INFO  ratis.ContainerStateMachine (ContainerStateMachine.java:takeSnapshot(436)) - group-7BA2381FBCC4: Finished taking a snapshot at:(t:1, i:0) file:/home/runner/work/ozone/ozone/hadoop-ozone/integration-test/target/test-dir/MiniOzoneClusterImpl-7a2c00ee-15e1-4921-aa6b-526c14ec89d8/ozone-meta/datanode-8/ratis/284c284b-2a2a-42d6-8173-7ba2381fbcc4/sm/snapshot.1_0 took: 1 ms
2025-07-15 19:44:38,520 [73892b45-0ad3-4392-8d09-ab2d1cd7ede4@group-7BA2381FBCC4-StateMachineUpdater] INFO  impl.StateMachineUpdater (StateMachineUpdater.java:takeSnapshot(307)) - 73892b45-0ad3-4392-8d09-ab2d1cd7ede4@group-7BA2381FBCC4-StateMachineUpdater: Took a snapshot at index 0
2025-07-15 19:44:38,520 [73892b45-0ad3-4392-8d09-ab2d1cd7ede4@group-7BA2381FBCC4-StateMachineUpdater] INFO  impl.StateMachineUpdater (StateMachineUpdater.java:lambda$new$0(101)) - 73892b45-0ad3-4392-8d09-ab2d1cd7ede4@group-7BA2381FBCC4-StateMachineUpdater: snapshotIndex: updateIncreasingly -1 -> 0
2025-07-15 19:44:38,524 [edffad61-d5a0-4c2f-abd3-1d848b9782f9@group-D4D9E1AFA3FC-StateMachineUpdater] INFO  server.RaftServer$Division (LeaderStateImpl.java:checkStartIndex(309)) - Leader edffad61-d5a0-4c2f-abd3-1d848b9782f9@group-D4D9E1AFA3FC-LeaderStateImpl is ready since appliedIndex == startIndex == 0
2025-07-15 19:44:38,524 [edffad61-d5a0-4c2f-abd3-1d848b9782f9@group-D4D9E1AFA3FC-StateMachineUpdater] INFO  ratis.ContainerStateMachine (ContainerStateMachine.java:takeSnapshot(427)) - group-D4D9E1AFA3FC: Taking a snapshot at:(t:1, i:0) file /home/runner/work/ozone/ozone/hadoop-ozone/integration-test/target/test-dir/MiniOzoneClusterImpl-7a2c00ee-15e1-4921-aa6b-526c14ec89d8/ozone-meta/datanode-9/ratis/f182326e-4933-482b-ba7e-d4d9e1afa3fc/sm/snapshot.1_0
2025-07-15 19:44:38,525 [edffad61-d5a0-4c2f-abd3-1d848b9782f9@group-D4D9E1AFA3FC-StateMachineUpdater] INFO  ratis.ContainerStateMachine (ContainerStateMachine.java:takeSnapshot(436)) - group-D4D9E1AFA3FC: Finished taking a snapshot at:(t:1, i:0) file:/home/runner/work/ozone/ozone/hadoop-ozone/integration-test/target/test-dir/MiniOzoneClusterImpl-7a2c00ee-15e1-4921-aa6b-526c14ec89d8/ozone-meta/datanode-9/ratis/f182326e-4933-482b-ba7e-d4d9e1afa3fc/sm/snapshot.1_0 took: 1 ms
2025-07-15 19:44:38,525 [edffad61-d5a0-4c2f-abd3-1d848b9782f9@group-D4D9E1AFA3FC-StateMachineUpdater] INFO  impl.StateMachineUpdater (StateMachineUpdater.java:takeSnapshot(307)) - edffad61-d5a0-4c2f-abd3-1d848b9782f9@group-D4D9E1AFA3FC-StateMachineUpdater: Took a snapshot at index 0
2025-07-15 19:44:38,525 [edffad61-d5a0-4c2f-abd3-1d848b9782f9@group-D4D9E1AFA3FC-StateMachineUpdater] INFO  impl.StateMachineUpdater (StateMachineUpdater.java:lambda$new$0(101)) - edffad61-d5a0-4c2f-abd3-1d848b9782f9@group-D4D9E1AFA3FC-StateMachineUpdater: snapshotIndex: updateIncreasingly -1 -> 0
2025-07-15 19:44:38,641 [edffad61-d5a0-4c2f-abd3-1d848b9782f9@group-EF4D34A6888F-FollowerState] INFO  impl.FollowerState (FollowerState.java:runImpl(161)) - edffad61-d5a0-4c2f-abd3-1d848b9782f9@group-EF4D34A6888F-FollowerState: change to CANDIDATE, lastRpcElapsedTime:1039241821ns, electionTimeout:1034ms
2025-07-15 19:44:38,641 [edffad61-d5a0-4c2f-abd3-1d848b9782f9@group-EF4D34A6888F-FollowerState] INFO  impl.RoleInfo (RoleInfo.java:shutdownFollowerState(121)) - edffad61-d5a0-4c2f-abd3-1d848b9782f9: shutdown edffad61-d5a0-4c2f-abd3-1d848b9782f9@group-EF4D34A6888F-FollowerState
2025-07-15 19:44:38,641 [edffad61-d5a0-4c2f-abd3-1d848b9782f9@group-EF4D34A6888F-FollowerState] INFO  server.RaftServer$Division (RaftServerImpl.java:setRole(392)) - edffad61-d5a0-4c2f-abd3-1d848b9782f9@group-EF4D34A6888F: changes role from  FOLLOWER to CANDIDATE at term 0 for changeToCandidate
2025-07-15 19:44:38,641 [edffad61-d5a0-4c2f-abd3-1d848b9782f9@group-EF4D34A6888F-FollowerState] INFO  impl.RoleInfo (RoleInfo.java:updateAndGet(148)) - edffad61-d5a0-4c2f-abd3-1d848b9782f9: start edffad61-d5a0-4c2f-abd3-1d848b9782f9@group-EF4D34A6888F-LeaderElection23
2025-07-15 19:44:38,641 [edffad61-d5a0-4c2f-abd3-1d848b9782f9@group-EF4D34A6888F-LeaderElection23] INFO  impl.LeaderElection (LeaderElection.java:askForVotes(448)) - edffad61-d5a0-4c2f-abd3-1d848b9782f9@group-EF4D34A6888F-LeaderElection23 PRE_VOTE round 0: submit vote requests at term 0 for conf: {index: -1, cur=peers:[edffad61-d5a0-4c2f-abd3-1d848b9782f9|127.0.0.1:15079]|listeners:[], old=null}
2025-07-15 19:44:38,642 [edffad61-d5a0-4c2f-abd3-1d848b9782f9@group-EF4D34A6888F-LeaderElection23] INFO  impl.LeaderElection (LeaderElection.java:askForVotes(450)) - edffad61-d5a0-4c2f-abd3-1d848b9782f9@group-EF4D34A6888F-LeaderElection23 PRE_VOTE round 0: result PASSED (term=0)
2025-07-15 19:44:38,643 [edffad61-d5a0-4c2f-abd3-1d848b9782f9@group-EF4D34A6888F-LeaderElection23] INFO  impl.LeaderElection (LeaderElection.java:askForVotes(448)) - edffad61-d5a0-4c2f-abd3-1d848b9782f9@group-EF4D34A6888F-LeaderElection23 ELECTION round 0: submit vote requests at term 1 for conf: {index: -1, cur=peers:[edffad61-d5a0-4c2f-abd3-1d848b9782f9|127.0.0.1:15079]|listeners:[], old=null}
2025-07-15 19:44:38,643 [edffad61-d5a0-4c2f-abd3-1d848b9782f9@group-EF4D34A6888F-LeaderElection23] INFO  impl.LeaderElection (LeaderElection.java:askForVotes(450)) - edffad61-d5a0-4c2f-abd3-1d848b9782f9@group-EF4D34A6888F-LeaderElection23 ELECTION round 0: result PASSED (term=1)
2025-07-15 19:44:38,643 [edffad61-d5a0-4c2f-abd3-1d848b9782f9@group-EF4D34A6888F-LeaderElection23] INFO  impl.RoleInfo (RoleInfo.java:shutdownLeaderElection(141)) - edffad61-d5a0-4c2f-abd3-1d848b9782f9: shutdown edffad61-d5a0-4c2f-abd3-1d848b9782f9@group-EF4D34A6888F-LeaderElection23
2025-07-15 19:44:38,643 [edffad61-d5a0-4c2f-abd3-1d848b9782f9@group-EF4D34A6888F-LeaderElection23] INFO  server.RaftServer$Division (RaftServerImpl.java:setRole(392)) - edffad61-d5a0-4c2f-abd3-1d848b9782f9@group-EF4D34A6888F: changes role from CANDIDATE to LEADER at term 1 for changeToLeader
2025-07-15 19:44:38,643 [edffad61-d5a0-4c2f-abd3-1d848b9782f9@group-EF4D34A6888F-LeaderElection23] INFO  server.RaftServerConfigKeys (ConfUtils.java:logFallback(69)) - raft.server.staging.timeout = 15600ms (fallback to raft.server.rpc.timeout.max)
2025-07-15 19:44:38,644 [edffad61-d5a0-4c2f-abd3-1d848b9782f9@group-EF4D34A6888F-LeaderElection23] INFO  server.RaftServerConfigKeys (ConfUtils.java:logGet(62)) - raft.server.write.byte-limit = 1024 M (=1073741824) (custom)
2025-07-15 19:44:38,644 [edffad61-d5a0-4c2f-abd3-1d848b9782f9@group-EF4D34A6888F-LeaderElection23] INFO  impl.RoleInfo (RoleInfo.java:updateAndGet(148)) - edffad61-d5a0-4c2f-abd3-1d848b9782f9: start edffad61-d5a0-4c2f-abd3-1d848b9782f9@group-EF4D34A6888F-LeaderStateImpl
2025-07-15 19:44:38,645 [edffad61-d5a0-4c2f-abd3-1d848b9782f9@group-EF4D34A6888F-LeaderElection23] INFO  server.RaftServer$Division (RaftServerImpl.java:setFirstElection(576)) - edffad61-d5a0-4c2f-abd3-1d848b9782f9@group-EF4D34A6888F: set firstElectionSinceStartup to false for becomeLeader
2025-07-15 19:44:38,645 [edffad61-d5a0-4c2f-abd3-1d848b9782f9@group-EF4D34A6888F-LeaderElection23] INFO  ratis.XceiverServerRatis (XceiverServerRatis.java:handleLeaderChangedNotification(944)) - Leader change notification received for group: group-EF4D34A6888F with new leaderId: edffad61-d5a0-4c2f-abd3-1d848b9782f9
2025-07-15 19:44:38,645 [edffad61-d5a0-4c2f-abd3-1d848b9782f9@group-EF4D34A6888F-LeaderElection23] INFO  server.RaftServer$Division (ServerState.java:setLeader(272)) - edffad61-d5a0-4c2f-abd3-1d848b9782f9@group-EF4D34A6888F: change Leader from null to edffad61-d5a0-4c2f-abd3-1d848b9782f9 at term 1 for becomeLeader, leader elected after 1158ms
2025-07-15 19:44:38,645 [edffad61-d5a0-4c2f-abd3-1d848b9782f9@group-EF4D34A6888F-LeaderElection23] INFO  segmented.SegmentedRaftLogWorker (SegmentedRaftLogWorker.java:startLogSegment(440)) - edffad61-d5a0-4c2f-abd3-1d848b9782f9@group-EF4D34A6888F-SegmentedRaftLogWorker: Starting segment from index:0
2025-07-15 19:44:38,645 [edffad61-d5a0-4c2f-abd3-1d848b9782f9@group-EF4D34A6888F-LeaderElection23] INFO  server.RaftServer$Division (ServerState.java:setRaftConf(386)) - edffad61-d5a0-4c2f-abd3-1d848b9782f9@group-EF4D34A6888F: set configuration conf: {index: 0, cur=peers:[edffad61-d5a0-4c2f-abd3-1d848b9782f9|127.0.0.1:15079]|listeners:[], old=null}
2025-07-15 19:44:38,646 [edffad61-d5a0-4c2f-abd3-1d848b9782f9@group-EF4D34A6888F-SegmentedRaftLogWorker] INFO  segmented.BufferedWriteChannel (BufferedWriteChannel.java:open(61)) - open log_inprogress_0 at position 0
2025-07-15 19:44:38,656 [edffad61-d5a0-4c2f-abd3-1d848b9782f9@group-EF4D34A6888F-SegmentedRaftLogWorker] INFO  segmented.SegmentedRaftLogWorker (SegmentedRaftLogWorker.java:execute(647)) - edffad61-d5a0-4c2f-abd3-1d848b9782f9@group-EF4D34A6888F-SegmentedRaftLogWorker: created new log segment /home/runner/work/ozone/ozone/hadoop-ozone/integration-test/target/test-dir/MiniOzoneClusterImpl-7a2c00ee-15e1-4921-aa6b-526c14ec89d8/ozone-meta/datanode-9/ratis/368a449b-1988-4768-9655-ef4d34a6888f/current/log_inprogress_0
2025-07-15 19:44:38,657 [edffad61-d5a0-4c2f-abd3-1d848b9782f9@group-EF4D34A6888F-StateMachineUpdater] INFO  server.RaftServer$Division (LeaderStateImpl.java:checkStartIndex(309)) - Leader edffad61-d5a0-4c2f-abd3-1d848b9782f9@group-EF4D34A6888F-LeaderStateImpl is ready since appliedIndex == startIndex == 0
2025-07-15 19:44:38,657 [edffad61-d5a0-4c2f-abd3-1d848b9782f9@group-EF4D34A6888F-StateMachineUpdater] INFO  ratis.ContainerStateMachine (ContainerStateMachine.java:takeSnapshot(427)) - group-EF4D34A6888F: Taking a snapshot at:(t:1, i:0) file /home/runner/work/ozone/ozone/hadoop-ozone/integration-test/target/test-dir/MiniOzoneClusterImpl-7a2c00ee-15e1-4921-aa6b-526c14ec89d8/ozone-meta/datanode-9/ratis/368a449b-1988-4768-9655-ef4d34a6888f/sm/snapshot.1_0
2025-07-15 19:44:38,658 [edffad61-d5a0-4c2f-abd3-1d848b9782f9@group-EF4D34A6888F-StateMachineUpdater] INFO  ratis.ContainerStateMachine (ContainerStateMachine.java:takeSnapshot(436)) - group-EF4D34A6888F: Finished taking a snapshot at:(t:1, i:0) file:/home/runner/work/ozone/ozone/hadoop-ozone/integration-test/target/test-dir/MiniOzoneClusterImpl-7a2c00ee-15e1-4921-aa6b-526c14ec89d8/ozone-meta/datanode-9/ratis/368a449b-1988-4768-9655-ef4d34a6888f/sm/snapshot.1_0 took: 1 ms
2025-07-15 19:44:38,658 [edffad61-d5a0-4c2f-abd3-1d848b9782f9@group-EF4D34A6888F-StateMachineUpdater] INFO  impl.StateMachineUpdater (StateMachineUpdater.java:takeSnapshot(307)) - edffad61-d5a0-4c2f-abd3-1d848b9782f9@group-EF4D34A6888F-StateMachineUpdater: Took a snapshot at index 0
2025-07-15 19:44:38,658 [edffad61-d5a0-4c2f-abd3-1d848b9782f9@group-EF4D34A6888F-StateMachineUpdater] INFO  impl.StateMachineUpdater (StateMachineUpdater.java:lambda$new$0(101)) - edffad61-d5a0-4c2f-abd3-1d848b9782f9@group-EF4D34A6888F-StateMachineUpdater: snapshotIndex: updateIncreasingly -1 -> 0
2025-07-15 19:44:38,771 [faa2b429-16a2-49fa-ab42-514c70ac334b-CloseContainerThread-0] WARN  keyvalue.KeyValueHandler (KeyValueHandler.java:updateAndGetContainerChecksum(1451)) - Container data checksum updated from 0 to 1bdd5b56
2025-07-15 19:44:38,772 [faa2b429-16a2-49fa-ab42-514c70ac334b-CloseContainerThread-0] INFO  keyvalue.KeyValueContainer (KeyValueContainer.java:flushAndSyncDB(514)) - Synced container: KeyValueContainerData #1 (CLOSING, non-empty, ri=0, origin=[dn_faa2b429-16a2-49fa-ab42-514c70ac334b, pipeline_4f81a5f5-7675-4903-8736-5ee77318bc33])
2025-07-15 19:44:38,773 [faa2b429-16a2-49fa-ab42-514c70ac334b-CloseContainerThread-0] INFO  keyvalue.KeyValueContainer (KeyValueContainer.java:flushAndSyncDB(514)) - Synced container: KeyValueContainerData #1 (CLOSING, non-empty, ri=0, origin=[dn_faa2b429-16a2-49fa-ab42-514c70ac334b, pipeline_4f81a5f5-7675-4903-8736-5ee77318bc33])
2025-07-15 19:44:38,781 [faa2b429-16a2-49fa-ab42-514c70ac334b-CloseContainerThread-0] INFO  commandhandler.CloseContainerCommandHandler (CloseContainerCommandHandler.java:lambda$handle$0(135)) - Marking Container 1 quasi closed
2025-07-15 19:44:38,905 [072971cd-5d05-4d2d-80ca-509be4281031@group-F8D00F5F3FF6-FollowerState] INFO  impl.FollowerState (FollowerState.java:runImpl(161)) - 072971cd-5d05-4d2d-80ca-509be4281031@group-F8D00F5F3FF6-FollowerState: change to CANDIDATE, lastRpcElapsedTime:1138061632ns, electionTimeout:1137ms
2025-07-15 19:44:38,905 [072971cd-5d05-4d2d-80ca-509be4281031@group-F8D00F5F3FF6-FollowerState] INFO  impl.RoleInfo (RoleInfo.java:shutdownFollowerState(121)) - 072971cd-5d05-4d2d-80ca-509be4281031: shutdown 072971cd-5d05-4d2d-80ca-509be4281031@group-F8D00F5F3FF6-FollowerState
2025-07-15 19:44:38,905 [072971cd-5d05-4d2d-80ca-509be4281031@group-F8D00F5F3FF6-FollowerState] INFO  server.RaftServer$Division (RaftServerImpl.java:setRole(392)) - 072971cd-5d05-4d2d-80ca-509be4281031@group-F8D00F5F3FF6: changes role from  FOLLOWER to CANDIDATE at term 0 for changeToCandidate
2025-07-15 19:44:38,905 [072971cd-5d05-4d2d-80ca-509be4281031@group-F8D00F5F3FF6-FollowerState] INFO  impl.RoleInfo (RoleInfo.java:updateAndGet(148)) - 072971cd-5d05-4d2d-80ca-509be4281031: start 072971cd-5d05-4d2d-80ca-509be4281031@group-F8D00F5F3FF6-LeaderElection24
2025-07-15 19:44:38,906 [072971cd-5d05-4d2d-80ca-509be4281031@group-F8D00F5F3FF6-LeaderElection24] INFO  impl.LeaderElection (LeaderElection.java:askForVotes(448)) - 072971cd-5d05-4d2d-80ca-509be4281031@group-F8D00F5F3FF6-LeaderElection24 PRE_VOTE round 0: submit vote requests at term 0 for conf: {index: -1, cur=peers:[072971cd-5d05-4d2d-80ca-509be4281031|127.0.0.1:15087]|listeners:[], old=null}
2025-07-15 19:44:38,906 [072971cd-5d05-4d2d-80ca-509be4281031@group-F8D00F5F3FF6-LeaderElection24] INFO  impl.LeaderElection (LeaderElection.java:askForVotes(450)) - 072971cd-5d05-4d2d-80ca-509be4281031@group-F8D00F5F3FF6-LeaderElection24 PRE_VOTE round 0: result PASSED (term=0)
2025-07-15 19:44:38,907 [072971cd-5d05-4d2d-80ca-509be4281031@group-F8D00F5F3FF6-LeaderElection24] INFO  impl.LeaderElection (LeaderElection.java:askForVotes(448)) - 072971cd-5d05-4d2d-80ca-509be4281031@group-F8D00F5F3FF6-LeaderElection24 ELECTION round 0: submit vote requests at term 1 for conf: {index: -1, cur=peers:[072971cd-5d05-4d2d-80ca-509be4281031|127.0.0.1:15087]|listeners:[], old=null}
2025-07-15 19:44:38,908 [072971cd-5d05-4d2d-80ca-509be4281031@group-F8D00F5F3FF6-LeaderElection24] INFO  impl.LeaderElection (LeaderElection.java:askForVotes(450)) - 072971cd-5d05-4d2d-80ca-509be4281031@group-F8D00F5F3FF6-LeaderElection24 ELECTION round 0: result PASSED (term=1)
2025-07-15 19:44:38,908 [072971cd-5d05-4d2d-80ca-509be4281031@group-F8D00F5F3FF6-LeaderElection24] INFO  impl.RoleInfo (RoleInfo.java:shutdownLeaderElection(141)) - 072971cd-5d05-4d2d-80ca-509be4281031: shutdown 072971cd-5d05-4d2d-80ca-509be4281031@group-F8D00F5F3FF6-LeaderElection24
2025-07-15 19:44:38,908 [072971cd-5d05-4d2d-80ca-509be4281031@group-F8D00F5F3FF6-LeaderElection24] INFO  server.RaftServer$Division (RaftServerImpl.java:setRole(392)) - 072971cd-5d05-4d2d-80ca-509be4281031@group-F8D00F5F3FF6: changes role from CANDIDATE to LEADER at term 1 for changeToLeader
2025-07-15 19:44:38,908 [072971cd-5d05-4d2d-80ca-509be4281031@group-F8D00F5F3FF6-LeaderElection24] INFO  server.RaftServerConfigKeys (ConfUtils.java:logFallback(69)) - raft.server.staging.timeout = 15600ms (fallback to raft.server.rpc.timeout.max)
2025-07-15 19:44:38,908 [072971cd-5d05-4d2d-80ca-509be4281031@group-F8D00F5F3FF6-LeaderElection24] INFO  server.RaftServerConfigKeys (ConfUtils.java:logGet(62)) - raft.server.write.byte-limit = 1024 M (=1073741824) (custom)
2025-07-15 19:44:38,909 [072971cd-5d05-4d2d-80ca-509be4281031@group-F8D00F5F3FF6-LeaderElection24] INFO  impl.RoleInfo (RoleInfo.java:updateAndGet(148)) - 072971cd-5d05-4d2d-80ca-509be4281031: start 072971cd-5d05-4d2d-80ca-509be4281031@group-F8D00F5F3FF6-LeaderStateImpl
2025-07-15 19:44:38,909 [072971cd-5d05-4d2d-80ca-509be4281031@group-F8D00F5F3FF6-LeaderElection24] INFO  server.RaftServer$Division (RaftServerImpl.java:setFirstElection(576)) - 072971cd-5d05-4d2d-80ca-509be4281031@group-F8D00F5F3FF6: set firstElectionSinceStartup to false for becomeLeader
2025-07-15 19:44:38,909 [072971cd-5d05-4d2d-80ca-509be4281031@group-F8D00F5F3FF6-LeaderElection24] INFO  ratis.XceiverServerRatis (XceiverServerRatis.java:handleLeaderChangedNotification(944)) - Leader change notification received for group: group-F8D00F5F3FF6 with new leaderId: 072971cd-5d05-4d2d-80ca-509be4281031
2025-07-15 19:44:38,909 [072971cd-5d05-4d2d-80ca-509be4281031@group-F8D00F5F3FF6-LeaderElection24] INFO  server.RaftServer$Division (ServerState.java:setLeader(272)) - 072971cd-5d05-4d2d-80ca-509be4281031@group-F8D00F5F3FF6: change Leader from null to 072971cd-5d05-4d2d-80ca-509be4281031 at term 1 for becomeLeader, leader elected after 1178ms
2025-07-15 19:44:38,909 [072971cd-5d05-4d2d-80ca-509be4281031@group-F8D00F5F3FF6-LeaderElection24] INFO  segmented.SegmentedRaftLogWorker (SegmentedRaftLogWorker.java:startLogSegment(440)) - 072971cd-5d05-4d2d-80ca-509be4281031@group-F8D00F5F3FF6-SegmentedRaftLogWorker: Starting segment from index:0
2025-07-15 19:44:38,909 [072971cd-5d05-4d2d-80ca-509be4281031@group-F8D00F5F3FF6-LeaderElection24] INFO  server.RaftServer$Division (ServerState.java:setRaftConf(386)) - 072971cd-5d05-4d2d-80ca-509be4281031@group-F8D00F5F3FF6: set configuration conf: {index: 0, cur=peers:[072971cd-5d05-4d2d-80ca-509be4281031|127.0.0.1:15087]|listeners:[], old=null}
2025-07-15 19:44:38,910 [072971cd-5d05-4d2d-80ca-509be4281031@group-F8D00F5F3FF6-SegmentedRaftLogWorker] INFO  segmented.BufferedWriteChannel (BufferedWriteChannel.java:open(61)) - open log_inprogress_0 at position 0
2025-07-15 19:44:38,918 [072971cd-5d05-4d2d-80ca-509be4281031@group-F8D00F5F3FF6-SegmentedRaftLogWorker] INFO  segmented.SegmentedRaftLogWorker (SegmentedRaftLogWorker.java:execute(647)) - 072971cd-5d05-4d2d-80ca-509be4281031@group-F8D00F5F3FF6-SegmentedRaftLogWorker: created new log segment /home/runner/work/ozone/ozone/hadoop-ozone/integration-test/target/test-dir/MiniOzoneClusterImpl-7a2c00ee-15e1-4921-aa6b-526c14ec89d8/ozone-meta/datanode-10/ratis/00627fa7-c6f9-449d-97f4-f8d00f5f3ff6/current/log_inprogress_0
2025-07-15 19:44:38,920 [072971cd-5d05-4d2d-80ca-509be4281031@group-F8D00F5F3FF6-StateMachineUpdater] INFO  server.RaftServer$Division (LeaderStateImpl.java:checkStartIndex(309)) - Leader 072971cd-5d05-4d2d-80ca-509be4281031@group-F8D00F5F3FF6-LeaderStateImpl is ready since appliedIndex == startIndex == 0
2025-07-15 19:44:38,920 [072971cd-5d05-4d2d-80ca-509be4281031@group-F8D00F5F3FF6-StateMachineUpdater] INFO  ratis.ContainerStateMachine (ContainerStateMachine.java:takeSnapshot(427)) - group-F8D00F5F3FF6: Taking a snapshot at:(t:1, i:0) file /home/runner/work/ozone/ozone/hadoop-ozone/integration-test/target/test-dir/MiniOzoneClusterImpl-7a2c00ee-15e1-4921-aa6b-526c14ec89d8/ozone-meta/datanode-10/ratis/00627fa7-c6f9-449d-97f4-f8d00f5f3ff6/sm/snapshot.1_0
2025-07-15 19:44:38,921 [072971cd-5d05-4d2d-80ca-509be4281031@group-F8D00F5F3FF6-StateMachineUpdater] INFO  ratis.ContainerStateMachine (ContainerStateMachine.java:takeSnapshot(436)) - group-F8D00F5F3FF6: Finished taking a snapshot at:(t:1, i:0) file:/home/runner/work/ozone/ozone/hadoop-ozone/integration-test/target/test-dir/MiniOzoneClusterImpl-7a2c00ee-15e1-4921-aa6b-526c14ec89d8/ozone-meta/datanode-10/ratis/00627fa7-c6f9-449d-97f4-f8d00f5f3ff6/sm/snapshot.1_0 took: 0 ms
2025-07-15 19:44:38,921 [072971cd-5d05-4d2d-80ca-509be4281031@group-F8D00F5F3FF6-StateMachineUpdater] INFO  impl.StateMachineUpdater (StateMachineUpdater.java:takeSnapshot(307)) - 072971cd-5d05-4d2d-80ca-509be4281031@group-F8D00F5F3FF6-StateMachineUpdater: Took a snapshot at index 0
2025-07-15 19:44:38,921 [072971cd-5d05-4d2d-80ca-509be4281031@group-F8D00F5F3FF6-StateMachineUpdater] INFO  impl.StateMachineUpdater (StateMachineUpdater.java:lambda$new$0(101)) - 072971cd-5d05-4d2d-80ca-509be4281031@group-F8D00F5F3FF6-StateMachineUpdater: snapshotIndex: updateIncreasingly -1 -> 0
2025-07-15 19:44:38,931 [1ed39f2b-ba05-41d4-bcbc-50acfb489962-CloseContainerThread-0] WARN  keyvalue.KeyValueHandler (KeyValueHandler.java:updateAndGetContainerChecksum(1451)) - Container data checksum updated from 0 to 1bdd5b56
2025-07-15 19:44:38,933 [1ed39f2b-ba05-41d4-bcbc-50acfb489962-CloseContainerThread-0] INFO  keyvalue.KeyValueContainer (KeyValueContainer.java:flushAndSyncDB(514)) - Synced container: KeyValueContainerData #1 (CLOSING, non-empty, ri=0, origin=[dn_1ed39f2b-ba05-41d4-bcbc-50acfb489962, pipeline_4f81a5f5-7675-4903-8736-5ee77318bc33])
2025-07-15 19:44:38,933 [1ed39f2b-ba05-41d4-bcbc-50acfb489962-CloseContainerThread-0] INFO  keyvalue.KeyValueContainer (KeyValueContainer.java:flushAndSyncDB(514)) - Synced container: KeyValueContainerData #1 (CLOSING, non-empty, ri=0, origin=[dn_1ed39f2b-ba05-41d4-bcbc-50acfb489962, pipeline_4f81a5f5-7675-4903-8736-5ee77318bc33])
2025-07-15 19:44:38,937 [1ed39f2b-ba05-41d4-bcbc-50acfb489962-CloseContainerThread-0] INFO  commandhandler.CloseContainerCommandHandler (CloseContainerCommandHandler.java:lambda$handle$0(135)) - Marking Container 1 quasi closed
2025-07-15T19:44:39.251482348Z faa2b429-16a2-49fa-ab42-514c70ac334b-client-thread1 ERROR user=null | ip=null | op=PUT_BLOCK {blockData=[blockId=conID: 1 locID: 115816896921600001 bcsId: 0 replicaIndex: null, size=5]} | ret=FAILURE
org.apache.hadoop.hdds.scm.container.common.helpers.ContainerNotOpenException: Container 1 in QUASI_CLOSED state
	at org.apache.hadoop.ozone.container.common.impl.HddsDispatcher.validateContainerCommand(HddsDispatcher.java:580)
	at org.apache.hadoop.ozone.container.common.transport.server.ratis.ContainerStateMachine.startTransaction(ContainerStateMachine.java:488)
	at org.apache.ratis.server.impl.RaftServerImpl.writeAsyncImpl(RaftServerImpl.java:987)
	at org.apache.ratis.server.impl.RaftServerImpl.writeAsync(RaftServerImpl.java:960)
	at org.apache.ratis.server.impl.RaftServerImpl.replyFuture(RaftServerImpl.java:953)
	at org.apache.ratis.server.impl.RaftServerImpl.submitClientRequestAsync(RaftServerImpl.java:930)
	at org.apache.ratis.server.impl.RaftServerImpl.lambda$null$11(RaftServerImpl.java:919)
	at org.apache.ratis.util.JavaUtils.callAsUnchecked(JavaUtils.java:118)
	at org.apache.ratis.server.impl.RaftServerImpl.lambda$executeSubmitClientRequestAsync$12(RaftServerImpl.java:919)
	at java.base/java.util.concurrent.CompletableFuture$AsyncSupply.run(CompletableFuture.java:1768)
	at java.base/java.util.concurrent.ThreadPoolExecutor.runWorker(ThreadPoolExecutor.java:1144)
	at java.base/java.util.concurrent.ThreadPoolExecutor$Worker.run(ThreadPoolExecutor.java:642)
	at java.base/java.lang.Thread.run(Thread.java:1583)
2025-07-15 19:44:39,287 [grpc-default-executor-5] ERROR impl.OrderedAsync (OrderedAsync.java:lambda$send$4(181)) - Failed to send request, message=cmdType: PutBlock
traceID: ""
containerID: 1
datanodeUuid: "faa2b429-16a2-49fa-ab42-514c70ac334b"
putBlock {
  blockData {
    blockID {
      containerID: 1
      localID: 115816896921600001
      blockCommitSequenceId: 0
    }
    metadata {
      key: "TYPE"
      value: "KEY"
    }
    chunks {
      chunkName: "115816896921600001_chunk_1"
      offset: 0
      len: 5
      checksumData {
        type: CRC32
        bytesPerChecksum: 16384
        checksums: "\350a\3440"
      }
    }
  }
  eof: true
}
version: 3
, data.size=0
java.util.concurrent.CompletionException: org.apache.ratis.protocol.exceptions.StateMachineException: org.apache.hadoop.hdds.scm.container.common.helpers.ContainerNotOpenException from Server faa2b429-16a2-49fa-ab42-514c70ac334b@group-5EE77318BC33: Container 1 in QUASI_CLOSED state
	at org.apache.ratis.client.impl.RaftClientImpl.handleRaftException(RaftClientImpl.java:373)
	at org.apache.ratis.client.impl.OrderedAsync.lambda$send$3(OrderedAsync.java:175)
	at java.base/java.util.concurrent.CompletableFuture$UniApply.tryFire(CompletableFuture.java:646)
	at java.base/java.util.concurrent.CompletableFuture.postComplete(CompletableFuture.java:510)
	at java.base/java.util.concurrent.CompletableFuture.complete(CompletableFuture.java:2179)
	at org.apache.ratis.client.impl.OrderedAsync$PendingOrderedRequest.setReply(OrderedAsync.java:105)
	at org.apache.ratis.client.impl.OrderedAsync$PendingOrderedRequest.setReply(OrderedAsync.java:66)
	at org.apache.ratis.util.SlidingWindow$RequestMap.setReply(SlidingWindow.java:147)
	at org.apache.ratis.util.SlidingWindow$Client.receiveReply(SlidingWindow.java:351)
	at org.apache.ratis.client.impl.OrderedAsync.lambda$sendRequestWithRetry$5(OrderedAsync.java:210)
	at java.base/java.util.concurrent.CompletableFuture$UniAccept.tryFire(CompletableFuture.java:718)
	at java.base/java.util.concurrent.CompletableFuture.postComplete(CompletableFuture.java:510)
	at java.base/java.util.concurrent.CompletableFuture.complete(CompletableFuture.java:2179)
	at org.apache.ratis.grpc.client.GrpcClientProtocolClient$AsyncStreamObservers$1.lambda$onNext$0(GrpcClientProtocolClient.java:325)
	at java.base/java.util.Optional.ifPresent(Optional.java:178)
	at org.apache.ratis.grpc.client.GrpcClientProtocolClient$AsyncStreamObservers.handleReplyFuture(GrpcClientProtocolClient.java:381)
	at org.apache.ratis.grpc.client.GrpcClientProtocolClient$AsyncStreamObservers.access$100(GrpcClientProtocolClient.java:303)
	at org.apache.ratis.grpc.client.GrpcClientProtocolClient$AsyncStreamObservers$1.onNext(GrpcClientProtocolClient.java:325)
	at org.apache.ratis.grpc.client.GrpcClientProtocolClient$AsyncStreamObservers$1.onNext(GrpcClientProtocolClient.java:308)
	at org.apache.ratis.thirdparty.io.grpc.stub.ClientCalls$StreamObserverToCallListenerAdapter.onMessage(ClientCalls.java:551)
	at org.apache.ratis.thirdparty.io.grpc.ForwardingClientCallListener.onMessage(ForwardingClientCallListener.java:33)
	at org.apache.ratis.thirdparty.io.grpc.internal.ClientCallImpl$ClientStreamListenerImpl$1MessagesAvailable.runInternal(ClientCallImpl.java:661)
	at org.apache.ratis.thirdparty.io.grpc.internal.ClientCallImpl$ClientStreamListenerImpl$1MessagesAvailable.runInContext(ClientCallImpl.java:648)
	at org.apache.ratis.thirdparty.io.grpc.internal.ContextRunnable.run(ContextRunnable.java:37)
	at org.apache.ratis.thirdparty.io.grpc.internal.SerializingExecutor.run(SerializingExecutor.java:133)
	at java.base/java.util.concurrent.ThreadPoolExecutor.runWorker(ThreadPoolExecutor.java:1144)
	at java.base/java.util.concurrent.ThreadPoolExecutor$Worker.run(ThreadPoolExecutor.java:642)
	at java.base/java.lang.Thread.run(Thread.java:1583)
Caused by: org.apache.ratis.protocol.exceptions.StateMachineException: org.apache.hadoop.hdds.scm.container.common.helpers.ContainerNotOpenException from Server faa2b429-16a2-49fa-ab42-514c70ac334b@group-5EE77318BC33: Container 1 in QUASI_CLOSED state
	at org.apache.hadoop.ozone.container.common.impl.HddsDispatcher.validateContainerCommand(HddsDispatcher.java:580)
	at org.apache.hadoop.ozone.container.common.transport.server.ratis.ContainerStateMachine.startTransaction(ContainerStateMachine.java:488)
	at org.apache.ratis.server.impl.RaftServerImpl.writeAsyncImpl(RaftServerImpl.java:987)
	at org.apache.ratis.server.impl.RaftServerImpl.writeAsync(RaftServerImpl.java:960)
	at org.apache.ratis.server.impl.RaftServerImpl.replyFuture(RaftServerImpl.java:953)
	at org.apache.ratis.server.impl.RaftServerImpl.submitClientRequestAsync(RaftServerImpl.java:930)
	at org.apache.ratis.server.impl.RaftServerImpl.lambda$null$11(RaftServerImpl.java:919)
	at org.apache.ratis.util.JavaUtils.callAsUnchecked(JavaUtils.java:118)
	at org.apache.ratis.server.impl.RaftServerImpl.lambda$executeSubmitClientRequestAsync$12(RaftServerImpl.java:919)
	at java.base/java.util.concurrent.CompletableFuture$AsyncSupply.run(CompletableFuture.java:1768)
	... 3 more
Caused by: org.apache.hadoop.hdds.scm.container.common.helpers.ContainerNotOpenException: Container 1 in QUASI_CLOSED state
	at java.base/jdk.internal.reflect.DirectConstructorHandleAccessor.newInstance(DirectConstructorHandleAccessor.java:62)
	at java.base/java.lang.reflect.Constructor.newInstanceWithCaller(Constructor.java:502)
	at java.base/java.lang.reflect.Constructor.newInstance(Constructor.java:486)
	at org.apache.ratis.util.ReflectionUtils.instantiateException(ReflectionUtils.java:265)
	at org.apache.ratis.client.impl.ClientProtoUtils.toStateMachineException(ClientProtoUtils.java:455)
	at org.apache.ratis.client.impl.ClientProtoUtils.toStateMachineException(ClientProtoUtils.java:441)
	at org.apache.ratis.client.impl.ClientProtoUtils.toRaftClientReply(ClientProtoUtils.java:408)
	at org.apache.ratis.grpc.client.GrpcClientProtocolClient$AsyncStreamObservers$1.onNext(GrpcClientProtocolClient.java:313)
	at org.apache.ratis.grpc.client.GrpcClientProtocolClient$AsyncStreamObservers$1.onNext(GrpcClientProtocolClient.java:308)
	at org.apache.ratis.thirdparty.io.grpc.stub.ClientCalls$StreamObserverToCallListenerAdapter.onMessage(ClientCalls.java:551)
	at org.apache.ratis.thirdparty.io.grpc.ForwardingClientCallListener.onMessage(ForwardingClientCallListener.java:33)
	at org.apache.ratis.thirdparty.io.grpc.internal.ClientCallImpl$ClientStreamListenerImpl$1MessagesAvailable.runInternal(ClientCallImpl.java:661)
	at org.apache.ratis.thirdparty.io.grpc.internal.ClientCallImpl$ClientStreamListenerImpl$1MessagesAvailable.runInContext(ClientCallImpl.java:648)
	at org.apache.ratis.thirdparty.io.grpc.internal.ContextRunnable.run(ContextRunnable.java:37)
	at org.apache.ratis.thirdparty.io.grpc.internal.SerializingExecutor.run(SerializingExecutor.java:133)
	... 3 more
2025-07-15 19:44:39,289 [main] INFO  io.BlockOutputStreamEntry (BlockOutputStreamEntry.java:finishRetryHandling(141)) - BlockOutputStreamEntry:testQuasiClosed1 conID: 1 locID: 115816896921600001 bcsId: 2 replicaIndex: null: Exiting retry handling mode
]]></system-out>
  </testcase>
  <testcase name="testContainerStateMachineSingleFailureRetry" classname="org.apache.hadoop.ozone.client.rpc.TestContainerStateMachineFailures" time="17.942">
    <system-out><![CDATA[2025-07-15 19:44:39,349 [faa2b429-16a2-49fa-ab42-514c70ac334b@group-8C8A76C13734-StateMachineUpdater] INFO  ratis.ContainerStateMachine (ContainerStateMachine.java:takeSnapshot(427)) - group-8C8A76C13734: Taking a snapshot at:(t:1, i:0) file /home/runner/work/ozone/ozone/hadoop-ozone/integration-test/target/test-dir/MiniOzoneClusterImpl-7a2c00ee-15e1-4921-aa6b-526c14ec89d8/ozone-meta/datanode-5/ratis/2a9ac051-bf0b-4ff2-8e2f-8c8a76c13734/sm/snapshot.1_0
2025-07-15 19:44:39,350 [faa2b429-16a2-49fa-ab42-514c70ac334b@group-8C8A76C13734-StateMachineUpdater] INFO  ratis.ContainerStateMachine (ContainerStateMachine.java:takeSnapshot(436)) - group-8C8A76C13734: Finished taking a snapshot at:(t:1, i:0) file:/home/runner/work/ozone/ozone/hadoop-ozone/integration-test/target/test-dir/MiniOzoneClusterImpl-7a2c00ee-15e1-4921-aa6b-526c14ec89d8/ozone-meta/datanode-5/ratis/2a9ac051-bf0b-4ff2-8e2f-8c8a76c13734/sm/snapshot.1_0 took: 2 ms
2025-07-15 19:44:39,350 [faa2b429-16a2-49fa-ab42-514c70ac334b@group-8C8A76C13734-StateMachineUpdater] INFO  impl.StateMachineUpdater (StateMachineUpdater.java:takeSnapshot(307)) - faa2b429-16a2-49fa-ab42-514c70ac334b@group-8C8A76C13734-StateMachineUpdater: Took a snapshot at index 0
2025-07-15 19:44:39,350 [faa2b429-16a2-49fa-ab42-514c70ac334b@group-8C8A76C13734-StateMachineUpdater] INFO  impl.StateMachineUpdater (StateMachineUpdater.java:lambda$new$0(101)) - faa2b429-16a2-49fa-ab42-514c70ac334b@group-8C8A76C13734-StateMachineUpdater: snapshotIndex: updateIncreasingly -1 -> 0
2025-07-15 19:44:39,353 [99cb6aa4-ab14-4525-b571-11fa40308ff9@group-8C8A76C13734-StateMachineUpdater] INFO  ratis.ContainerStateMachine (ContainerStateMachine.java:takeSnapshot(427)) - group-8C8A76C13734: Taking a snapshot at:(t:1, i:0) file /home/runner/work/ozone/ozone/hadoop-ozone/integration-test/target/test-dir/MiniOzoneClusterImpl-7a2c00ee-15e1-4921-aa6b-526c14ec89d8/ozone-meta/datanode-4/ratis/2a9ac051-bf0b-4ff2-8e2f-8c8a76c13734/sm/snapshot.1_0
2025-07-15 19:44:39,356 [99cb6aa4-ab14-4525-b571-11fa40308ff9@group-8C8A76C13734-StateMachineUpdater] INFO  ratis.ContainerStateMachine (ContainerStateMachine.java:takeSnapshot(436)) - group-8C8A76C13734: Finished taking a snapshot at:(t:1, i:0) file:/home/runner/work/ozone/ozone/hadoop-ozone/integration-test/target/test-dir/MiniOzoneClusterImpl-7a2c00ee-15e1-4921-aa6b-526c14ec89d8/ozone-meta/datanode-4/ratis/2a9ac051-bf0b-4ff2-8e2f-8c8a76c13734/sm/snapshot.1_0 took: 2 ms
2025-07-15 19:44:39,356 [99cb6aa4-ab14-4525-b571-11fa40308ff9@group-8C8A76C13734-StateMachineUpdater] INFO  impl.StateMachineUpdater (StateMachineUpdater.java:takeSnapshot(307)) - 99cb6aa4-ab14-4525-b571-11fa40308ff9@group-8C8A76C13734-StateMachineUpdater: Took a snapshot at index 0
2025-07-15 19:44:39,356 [99cb6aa4-ab14-4525-b571-11fa40308ff9@group-8C8A76C13734-StateMachineUpdater] INFO  impl.StateMachineUpdater (StateMachineUpdater.java:lambda$new$0(101)) - 99cb6aa4-ab14-4525-b571-11fa40308ff9@group-8C8A76C13734-StateMachineUpdater: snapshotIndex: updateIncreasingly -1 -> 0
2025-07-15 19:44:39,358 [1ed39f2b-ba05-41d4-bcbc-50acfb489962@group-8C8A76C13734-StateMachineUpdater] INFO  ratis.ContainerStateMachine (ContainerStateMachine.java:takeSnapshot(427)) - group-8C8A76C13734: Taking a snapshot at:(t:1, i:1) file /home/runner/work/ozone/ozone/hadoop-ozone/integration-test/target/test-dir/MiniOzoneClusterImpl-7a2c00ee-15e1-4921-aa6b-526c14ec89d8/ozone-meta/datanode-6/ratis/2a9ac051-bf0b-4ff2-8e2f-8c8a76c13734/sm/snapshot.1_1
2025-07-15 19:44:39,360 [1ed39f2b-ba05-41d4-bcbc-50acfb489962@group-8C8A76C13734-StateMachineUpdater] INFO  ratis.ContainerStateMachine (ContainerStateMachine.java:takeSnapshot(436)) - group-8C8A76C13734: Finished taking a snapshot at:(t:1, i:1) file:/home/runner/work/ozone/ozone/hadoop-ozone/integration-test/target/test-dir/MiniOzoneClusterImpl-7a2c00ee-15e1-4921-aa6b-526c14ec89d8/ozone-meta/datanode-6/ratis/2a9ac051-bf0b-4ff2-8e2f-8c8a76c13734/sm/snapshot.1_1 took: 1 ms
2025-07-15 19:44:39,360 [1ed39f2b-ba05-41d4-bcbc-50acfb489962@group-8C8A76C13734-StateMachineUpdater] INFO  impl.StateMachineUpdater (StateMachineUpdater.java:takeSnapshot(307)) - 1ed39f2b-ba05-41d4-bcbc-50acfb489962@group-8C8A76C13734-StateMachineUpdater: Took a snapshot at index 1
2025-07-15 19:44:39,360 [1ed39f2b-ba05-41d4-bcbc-50acfb489962@group-8C8A76C13734-StateMachineUpdater] INFO  impl.StateMachineUpdater (StateMachineUpdater.java:lambda$new$0(101)) - 1ed39f2b-ba05-41d4-bcbc-50acfb489962@group-8C8A76C13734-StateMachineUpdater: snapshotIndex: updateIncreasingly 0 -> 1
2025-07-15 19:44:39,360 [1ed39f2b-ba05-41d4-bcbc-50acfb489962@group-8C8A76C13734-StateMachineUpdater] INFO  ratis.ContainerStateMachine (ContainerStateMachine.java:takeSnapshot(427)) - group-8C8A76C13734: Taking a snapshot at:(t:1, i:4) file /home/runner/work/ozone/ozone/hadoop-ozone/integration-test/target/test-dir/MiniOzoneClusterImpl-7a2c00ee-15e1-4921-aa6b-526c14ec89d8/ozone-meta/datanode-6/ratis/2a9ac051-bf0b-4ff2-8e2f-8c8a76c13734/sm/snapshot.1_4
2025-07-15 19:44:39,362 [1ed39f2b-ba05-41d4-bcbc-50acfb489962@group-8C8A76C13734-StateMachineUpdater] INFO  ratis.ContainerStateMachine (ContainerStateMachine.java:takeSnapshot(436)) - group-8C8A76C13734: Finished taking a snapshot at:(t:1, i:4) file:/home/runner/work/ozone/ozone/hadoop-ozone/integration-test/target/test-dir/MiniOzoneClusterImpl-7a2c00ee-15e1-4921-aa6b-526c14ec89d8/ozone-meta/datanode-6/ratis/2a9ac051-bf0b-4ff2-8e2f-8c8a76c13734/sm/snapshot.1_4 took: 2 ms
2025-07-15 19:44:39,362 [1ed39f2b-ba05-41d4-bcbc-50acfb489962@group-8C8A76C13734-StateMachineUpdater] INFO  impl.StateMachineUpdater (StateMachineUpdater.java:takeSnapshot(307)) - 1ed39f2b-ba05-41d4-bcbc-50acfb489962@group-8C8A76C13734-StateMachineUpdater: Took a snapshot at index 4
2025-07-15 19:44:39,362 [1ed39f2b-ba05-41d4-bcbc-50acfb489962@group-8C8A76C13734-StateMachineUpdater] INFO  impl.StateMachineUpdater (StateMachineUpdater.java:lambda$new$0(101)) - 1ed39f2b-ba05-41d4-bcbc-50acfb489962@group-8C8A76C13734-StateMachineUpdater: snapshotIndex: updateIncreasingly 1 -> 4
2025-07-15 19:44:39,382 [99cb6aa4-ab14-4525-b571-11fa40308ff9-ChunkWriter-2-0] ERROR helpers.ContainerUtils (ContainerUtils.java:getChunkDir(273)) - Chunks dir /home/runner/work/ozone/ozone/hadoop-ozone/integration-test/target/test-dir/MiniOzoneClusterImpl-7a2c00ee-15e1-4921-aa6b-526c14ec89d8/ozone-meta/datanode-4/data-0/hdds/7a2c00ee-15e1-4921-aa6b-526c14ec89d8/current/containerDir0/2/chunks does not exist
2025-07-15 19:44:39,382 [faa2b429-16a2-49fa-ab42-514c70ac334b-ChunkWriter-2-0] ERROR helpers.ContainerUtils (ContainerUtils.java:getChunkDir(273)) - Chunks dir /home/runner/work/ozone/ozone/hadoop-ozone/integration-test/target/test-dir/MiniOzoneClusterImpl-7a2c00ee-15e1-4921-aa6b-526c14ec89d8/ozone-meta/datanode-5/data-0/hdds/7a2c00ee-15e1-4921-aa6b-526c14ec89d8/current/containerDir0/2/chunks does not exist
2025-07-15 19:44:39,382 [faa2b429-16a2-49fa-ab42-514c70ac334b-ChunkWriter-2-0] WARN  keyvalue.KeyValueHandler (ContainerUtils.java:logAndReturnError(94)) - Operation: WriteChunk , Trace ID:  , Message: Chunks directory /home/runner/work/ozone/ozone/hadoop-ozone/integration-test/target/test-dir/MiniOzoneClusterImpl-7a2c00ee-15e1-4921-aa6b-526c14ec89d8/ozone-meta/datanode-5/data-0/hdds/7a2c00ee-15e1-4921-aa6b-526c14ec89d8/current/containerDir0/2/chunks does not exist. , Result: UNABLE_TO_FIND_DATA_DIR , StorageContainerException Occurred.
org.apache.hadoop.hdds.scm.container.common.helpers.StorageContainerException: Chunks directory /home/runner/work/ozone/ozone/hadoop-ozone/integration-test/target/test-dir/MiniOzoneClusterImpl-7a2c00ee-15e1-4921-aa6b-526c14ec89d8/ozone-meta/datanode-5/data-0/hdds/7a2c00ee-15e1-4921-aa6b-526c14ec89d8/current/containerDir0/2/chunks does not exist.
	at org.apache.hadoop.ozone.container.common.helpers.ContainerUtils.getChunkDir(ContainerUtils.java:275)
	at org.apache.hadoop.ozone.container.common.impl.ContainerLayoutVersion.getChunkFile(ContainerLayoutVersion.java:115)
	at org.apache.hadoop.ozone.container.keyvalue.impl.FilePerBlockStrategy.getChunkFile(FilePerBlockStrategy.java:300)
	at org.apache.hadoop.ozone.container.keyvalue.impl.FilePerBlockStrategy.writeChunk(FilePerBlockStrategy.java:148)
	at org.apache.hadoop.ozone.container.keyvalue.impl.ChunkManagerDispatcher.writeChunk(ChunkManagerDispatcher.java:70)
	at org.apache.hadoop.ozone.container.keyvalue.KeyValueHandler.handleWriteChunk(KeyValueHandler.java:1029)
	at org.apache.hadoop.ozone.container.keyvalue.KeyValueHandler.dispatchRequest(KeyValueHandler.java:342)
	at org.apache.hadoop.ozone.container.keyvalue.KeyValueHandler.handle(KeyValueHandler.java:293)
	at org.apache.hadoop.ozone.container.common.impl.HddsDispatcher.dispatchRequest(HddsDispatcher.java:365)
	at org.apache.hadoop.ozone.container.common.impl.HddsDispatcher.lambda$dispatch$1(HddsDispatcher.java:190)
	at org.apache.hadoop.hdds.server.OzoneProtocolMessageDispatcher.processRequest(OzoneProtocolMessageDispatcher.java:87)
	at org.apache.hadoop.ozone.container.common.impl.HddsDispatcher.dispatch(HddsDispatcher.java:189)
	at org.apache.hadoop.ozone.container.common.transport.server.ratis.ContainerStateMachine.dispatchCommand(ContainerStateMachine.java:567)
	at org.apache.hadoop.ozone.container.common.transport.server.ratis.ContainerStateMachine.lambda$writeStateMachineData$2(ContainerStateMachine.java:622)
	at java.base/java.util.concurrent.FutureTask.run(FutureTask.java:317)
	at java.base/java.util.concurrent.ThreadPoolExecutor.runWorker(ThreadPoolExecutor.java:1144)
	at java.base/java.util.concurrent.ThreadPoolExecutor$Worker.run(ThreadPoolExecutor.java:642)
	at java.base/java.lang.Thread.run(Thread.java:1583)
2025-07-15 19:44:39,382 [99cb6aa4-ab14-4525-b571-11fa40308ff9-ChunkWriter-2-0] WARN  keyvalue.KeyValueHandler (ContainerUtils.java:logAndReturnError(94)) - Operation: WriteChunk , Trace ID:  , Message: Chunks directory /home/runner/work/ozone/ozone/hadoop-ozone/integration-test/target/test-dir/MiniOzoneClusterImpl-7a2c00ee-15e1-4921-aa6b-526c14ec89d8/ozone-meta/datanode-4/data-0/hdds/7a2c00ee-15e1-4921-aa6b-526c14ec89d8/current/containerDir0/2/chunks does not exist. , Result: UNABLE_TO_FIND_DATA_DIR , StorageContainerException Occurred.
org.apache.hadoop.hdds.scm.container.common.helpers.StorageContainerException: Chunks directory /home/runner/work/ozone/ozone/hadoop-ozone/integration-test/target/test-dir/MiniOzoneClusterImpl-7a2c00ee-15e1-4921-aa6b-526c14ec89d8/ozone-meta/datanode-4/data-0/hdds/7a2c00ee-15e1-4921-aa6b-526c14ec89d8/current/containerDir0/2/chunks does not exist.
	at org.apache.hadoop.ozone.container.common.helpers.ContainerUtils.getChunkDir(ContainerUtils.java:275)
	at org.apache.hadoop.ozone.container.common.impl.ContainerLayoutVersion.getChunkFile(ContainerLayoutVersion.java:115)
	at org.apache.hadoop.ozone.container.keyvalue.impl.FilePerBlockStrategy.getChunkFile(FilePerBlockStrategy.java:300)
	at org.apache.hadoop.ozone.container.keyvalue.impl.FilePerBlockStrategy.writeChunk(FilePerBlockStrategy.java:148)
	at org.apache.hadoop.ozone.container.keyvalue.impl.ChunkManagerDispatcher.writeChunk(ChunkManagerDispatcher.java:70)
	at org.apache.hadoop.ozone.container.keyvalue.KeyValueHandler.handleWriteChunk(KeyValueHandler.java:1029)
	at org.apache.hadoop.ozone.container.keyvalue.KeyValueHandler.dispatchRequest(KeyValueHandler.java:342)
	at org.apache.hadoop.ozone.container.keyvalue.KeyValueHandler.handle(KeyValueHandler.java:293)
	at org.apache.hadoop.ozone.container.common.impl.HddsDispatcher.dispatchRequest(HddsDispatcher.java:365)
	at org.apache.hadoop.ozone.container.common.impl.HddsDispatcher.lambda$dispatch$1(HddsDispatcher.java:190)
	at org.apache.hadoop.hdds.server.OzoneProtocolMessageDispatcher.processRequest(OzoneProtocolMessageDispatcher.java:87)
	at org.apache.hadoop.ozone.container.common.impl.HddsDispatcher.dispatch(HddsDispatcher.java:189)
	at org.apache.hadoop.ozone.container.common.transport.server.ratis.ContainerStateMachine.dispatchCommand(ContainerStateMachine.java:567)
	at org.apache.hadoop.ozone.container.common.transport.server.ratis.ContainerStateMachine.lambda$writeStateMachineData$2(ContainerStateMachine.java:622)
	at java.base/java.util.concurrent.FutureTask.run(FutureTask.java:317)
	at java.base/java.util.concurrent.ThreadPoolExecutor.runWorker(ThreadPoolExecutor.java:1144)
	at java.base/java.util.concurrent.ThreadPoolExecutor$Worker.run(ThreadPoolExecutor.java:642)
	at java.base/java.lang.Thread.run(Thread.java:1583)
2025-07-15 19:44:39,406 [faa2b429-16a2-49fa-ab42-514c70ac334b-ChunkWriter-2-0] WARN  keyvalue.KeyValueContainer (KeyValueContainer.java:markContainerUnhealthy(397)) - Marked container UNHEALTHY from OPEN: KeyValueContainerData #2 (UNHEALTHY, non-empty, ri=0, origin=[dn_faa2b429-16a2-49fa-ab42-514c70ac334b, pipeline_2a9ac051-bf0b-4ff2-8e2f-8c8a76c13734])
2025-07-15 19:44:39,406 [99cb6aa4-ab14-4525-b571-11fa40308ff9-ChunkWriter-2-0] WARN  keyvalue.KeyValueContainer (KeyValueContainer.java:markContainerUnhealthy(397)) - Marked container UNHEALTHY from OPEN: KeyValueContainerData #2 (UNHEALTHY, non-empty, ri=0, origin=[dn_99cb6aa4-ab14-4525-b571-11fa40308ff9, pipeline_2a9ac051-bf0b-4ff2-8e2f-8c8a76c13734])
2025-07-15 19:44:39,408 [faa2b429-16a2-49fa-ab42-514c70ac334b-ChunkWriter-2-0] WARN  keyvalue.KeyValueHandler (KeyValueHandler.java:updateAndGetContainerChecksum(1451)) - Container data checksum updated from 0 to 1bdd5b56
2025-07-15 19:44:39,409 [99cb6aa4-ab14-4525-b571-11fa40308ff9-ChunkWriter-2-0] WARN  keyvalue.KeyValueHandler (KeyValueHandler.java:updateAndGetContainerChecksum(1451)) - Container data checksum updated from 0 to 1bdd5b56
2025-07-15T19:44:39.410223568Z 99cb6aa4-ab14-4525-b571-11fa40308ff9-ChunkWriter-2-0 ERROR ID=2 | Index=0 | BCSID=2 | State=UNHEALTHY | Volume=/home/runner/work/ozone/ozone/hadoop-ozone/integration-test/target/test-dir/MiniOzoneClusterImpl-7a2c00ee-15e1-4921-aa6b-526c14ec89d8/ozone-meta/datanode-4/data-0/hdds | DataChecksum=1bdd5b56 | Container has 1 error: WRITE_FAILURE for file /home/runner/work/ozone/ozone/hadoop-ozone/integration-test/target/test-dir/MiniOzoneClusterImpl-7a2c00ee-15e1-4921-aa6b-526c14ec89d8/ozone-meta/datanode-4/data-0/hdds/7a2c00ee-15e1-4921-aa6b-526c14ec89d8/current/containerDir0/2 with exception: org.apache.hadoop.hdds.scm.container.common.helpers.StorageContainerException2025-07-15 19:44:39,410 [99cb6aa4-ab14-4525-b571-11fa40308ff9-ChunkWriter-2-0] INFO  impl.HddsDispatcher (HddsDispatcher.java:dispatchRequest(411)) - Marked Container UNHEALTHY, ContainerID: 2
2025-07-15T19:44:39.410278107Z faa2b429-16a2-49fa-ab42-514c70ac334b-ChunkWriter-2-0 ERROR ID=2 | Index=0 | BCSID=2 | State=UNHEALTHY | Volume=/home/runner/work/ozone/ozone/hadoop-ozone/integration-test/target/test-dir/MiniOzoneClusterImpl-7a2c00ee-15e1-4921-aa6b-526c14ec89d8/ozone-meta/datanode-5/data-0/hdds | DataChecksum=1bdd5b56 | Container has 1 error: WRITE_FAILURE for file /home/runner/work/ozone/ozone/hadoop-ozone/integration-test/target/test-dir/MiniOzoneClusterImpl-7a2c00ee-15e1-4921-aa6b-526c14ec89d8/ozone-meta/datanode-5/data-0/hdds/7a2c00ee-15e1-4921-aa6b-526c14ec89d8/current/containerDir0/2 with exception: org.apache.hadoop.hdds.scm.container.common.helpers.StorageContainerException2025-07-15 19:44:39,411 [faa2b429-16a2-49fa-ab42-514c70ac334b-ChunkWriter-2-0] INFO  impl.HddsDispatcher (HddsDispatcher.java:dispatchRequest(411)) - Marked Container UNHEALTHY, ContainerID: 2
2025-07-15 19:44:39,415 [FixedThreadPoolWithAffinityExecutor-0-0] INFO  container.IncrementalContainerReportHandler (AbstractContainerReportHandler.java:updateContainerState(253)) - FINALIZE (i.e. CLOSING) Container #2 (OPEN, sid=0) r0 (UNHEALTHY, bcsid=2, origin=99cb6aa4-ab14-4525-b571-11fa40308ff9, non-empty) from dn 99cb6aa4-ab14-4525-b571-11fa40308ff9(localhost/127.0.0.1)
2025-07-15 19:44:39,420 [EventQueue-CloseContainerForCloseContainerEventHandler] INFO  container.CloseContainerEventHandler (CloseContainerEventHandler.java:onMessage(88)) - Close container Event triggered for container : #2, current state: CLOSING
2025-07-15T19:44:39.421071549Z faa2b429-16a2-49fa-ab42-514c70ac334b-ChunkWriter-2-0 ERROR user=null | ip=null | op=WRITE_CHUNK {blockData=conID: 2 locID: 115816896921600002 bcsId: 2 replicaIndex: 0, offset=5, size=10, stage=WRITE_DATA} | ret=FAILURE
java.lang.Exception: Chunks directory /home/runner/work/ozone/ozone/hadoop-ozone/integration-test/target/test-dir/MiniOzoneClusterImpl-7a2c00ee-15e1-4921-aa6b-526c14ec89d8/ozone-meta/datanode-5/data-0/hdds/7a2c00ee-15e1-4921-aa6b-526c14ec89d8/current/containerDir0/2/chunks does not exist.
	at org.apache.hadoop.ozone.container.common.impl.HddsDispatcher.dispatchRequest(HddsDispatcher.java:439)
	at org.apache.hadoop.ozone.container.common.impl.HddsDispatcher.lambda$dispatch$1(HddsDispatcher.java:190)
	at org.apache.hadoop.hdds.server.OzoneProtocolMessageDispatcher.processRequest(OzoneProtocolMessageDispatcher.java:87)
	at org.apache.hadoop.ozone.container.common.impl.HddsDispatcher.dispatch(HddsDispatcher.java:189)
	at org.apache.hadoop.ozone.container.common.transport.server.ratis.ContainerStateMachine.dispatchCommand(ContainerStateMachine.java:567)
	at org.apache.hadoop.ozone.container.common.transport.server.ratis.ContainerStateMachine.lambda$writeStateMachineData$2(ContainerStateMachine.java:622)
	at java.base/java.util.concurrent.FutureTask.run(FutureTask.java:317)
	at java.base/java.util.concurrent.ThreadPoolExecutor.runWorker(ThreadPoolExecutor.java:1144)
	at java.base/java.util.concurrent.ThreadPoolExecutor$Worker.run(ThreadPoolExecutor.java:642)
	at java.base/java.lang.Thread.run(Thread.java:1583)
2025-07-15 19:44:39,421 [faa2b429-16a2-49fa-ab42-514c70ac334b-ChunkWriter-2-0] ERROR ratis.ContainerStateMachine (ContainerStateMachine.java:handleCommandResult(662)) - group-8C8A76C13734: writeChunk writeStateMachineData failed: blockIdcontainerID: 2
localID: 115816896921600002
blockCommitSequenceId: 2
replicaIndex: 0
 logIndex 5 chunkName 115816896921600002_chunk_2 Error message: Chunks directory /home/runner/work/ozone/ozone/hadoop-ozone/integration-test/target/test-dir/MiniOzoneClusterImpl-7a2c00ee-15e1-4921-aa6b-526c14ec89d8/ozone-meta/datanode-5/data-0/hdds/7a2c00ee-15e1-4921-aa6b-526c14ec89d8/current/containerDir0/2/chunks does not exist. Container Result: UNABLE_TO_FIND_DATA_DIR
2025-07-15T19:44:39.423093623Z 99cb6aa4-ab14-4525-b571-11fa40308ff9-ChunkWriter-2-0 ERROR user=null | ip=null | op=WRITE_CHUNK {blockData=conID: 2 locID: 115816896921600002 bcsId: 2 replicaIndex: 0, offset=5, size=10, stage=WRITE_DATA} | ret=FAILURE
java.lang.Exception: Chunks directory /home/runner/work/ozone/ozone/hadoop-ozone/integration-test/target/test-dir/MiniOzoneClusterImpl-7a2c00ee-15e1-4921-aa6b-526c14ec89d8/ozone-meta/datanode-4/data-0/hdds/7a2c00ee-15e1-4921-aa6b-526c14ec89d8/current/containerDir0/2/chunks does not exist.
	at org.apache.hadoop.ozone.container.common.impl.HddsDispatcher.dispatchRequest(HddsDispatcher.java:439)
	at org.apache.hadoop.ozone.container.common.impl.HddsDispatcher.lambda$dispatch$1(HddsDispatcher.java:190)
	at org.apache.hadoop.hdds.server.OzoneProtocolMessageDispatcher.processRequest(OzoneProtocolMessageDispatcher.java:87)
	at org.apache.hadoop.ozone.container.common.impl.HddsDispatcher.dispatch(HddsDispatcher.java:189)
	at org.apache.hadoop.ozone.container.common.transport.server.ratis.ContainerStateMachine.dispatchCommand(ContainerStateMachine.java:567)
	at org.apache.hadoop.ozone.container.common.transport.server.ratis.ContainerStateMachine.lambda$writeStateMachineData$2(ContainerStateMachine.java:622)
	at java.base/java.util.concurrent.FutureTask.run(FutureTask.java:317)
	at java.base/java.util.concurrent.ThreadPoolExecutor.runWorker(ThreadPoolExecutor.java:1144)
	at java.base/java.util.concurrent.ThreadPoolExecutor$Worker.run(ThreadPoolExecutor.java:642)
	at java.base/java.lang.Thread.run(Thread.java:1583)
2025-07-15 19:44:39,423 [99cb6aa4-ab14-4525-b571-11fa40308ff9-ChunkWriter-2-0] ERROR ratis.ContainerStateMachine (ContainerStateMachine.java:handleCommandResult(662)) - group-8C8A76C13734: writeChunk writeStateMachineData failed: blockIdcontainerID: 2
localID: 115816896921600002
blockCommitSequenceId: 2
replicaIndex: 0
 logIndex 5 chunkName 115816896921600002_chunk_2 Error message: Chunks directory /home/runner/work/ozone/ozone/hadoop-ozone/integration-test/target/test-dir/MiniOzoneClusterImpl-7a2c00ee-15e1-4921-aa6b-526c14ec89d8/ozone-meta/datanode-4/data-0/hdds/7a2c00ee-15e1-4921-aa6b-526c14ec89d8/current/containerDir0/2/chunks does not exist. Container Result: UNABLE_TO_FIND_DATA_DIR
2025-07-15 19:44:39,424 [EventQueue-CloseContainerForCloseContainerEventHandler] INFO  container.CloseContainerEventHandler (CloseContainerEventHandler.java:onMessage(88)) - Close container Event triggered for container : #2, current state: CLOSING
2025-07-15 19:44:39,424 [99cb6aa4-ab14-4525-b571-11fa40308ff9@group-8C8A76C13734-SegmentedRaftLogWorker] ERROR ratis.ContainerStateMachine (ContainerStateMachine.java:notifyLogFailed(1268)) - group-8C8A76C13734: (t:1, i:5) cmdType: WriteChunk traceID: "" containerID: 2 datanodeUuid: "99cb6aa4-ab14-4525-b571-11fa40308ff9" pipelineID: "2a9ac051-bf0b-4ff2-8e2f-8c8a76c13734" writeChunk { blockID { containerID: 2 localID: 115816896921600002 blockCommitSequenceId: 2 replicaIndex: 0 } chunkData { chunkName: "115816896921600002_chunk_2" offset: 5 len: 10 checksumData { type: CRC32 bytesPerChecksum: 16384 checksums: "\317\357R*" } } } version: 3, container path=/home/runner/work/ozone/ozone/hadoop-ozone/integration-test/target/test-dir/MiniOzoneClusterImpl-7a2c00ee-15e1-4921-aa6b-526c14ec89d8/ozone-meta/datanode-4/data-0/hdds/7a2c00ee-15e1-4921-aa6b-526c14ec89d8/current/containerDir0/2
org.apache.hadoop.hdds.scm.container.common.helpers.StorageContainerException: Chunks directory /home/runner/work/ozone/ozone/hadoop-ozone/integration-test/target/test-dir/MiniOzoneClusterImpl-7a2c00ee-15e1-4921-aa6b-526c14ec89d8/ozone-meta/datanode-4/data-0/hdds/7a2c00ee-15e1-4921-aa6b-526c14ec89d8/current/containerDir0/2/chunks does not exist.
	at org.apache.hadoop.ozone.container.common.transport.server.ratis.ContainerStateMachine.handleCommandResult(ContainerStateMachine.java:661)
	at org.apache.hadoop.ozone.container.common.transport.server.ratis.ContainerStateMachine.lambda$writeStateMachineData$2(ContainerStateMachine.java:623)
	at java.base/java.util.concurrent.FutureTask.run(FutureTask.java:317)
	at java.base/java.util.concurrent.ThreadPoolExecutor.runWorker(ThreadPoolExecutor.java:1144)
	at java.base/java.util.concurrent.ThreadPoolExecutor$Worker.run(ThreadPoolExecutor.java:642)
	at java.base/java.lang.Thread.run(Thread.java:1583)
2025-07-15 19:44:39,426 [faa2b429-16a2-49fa-ab42-514c70ac334b@group-8C8A76C13734-SegmentedRaftLogWorker] ERROR ratis.ContainerStateMachine (ContainerStateMachine.java:notifyLogFailed(1268)) - group-8C8A76C13734: (t:1, i:5) cmdType: WriteChunk traceID: "" containerID: 2 datanodeUuid: "99cb6aa4-ab14-4525-b571-11fa40308ff9" pipelineID: "2a9ac051-bf0b-4ff2-8e2f-8c8a76c13734" writeChunk { blockID { containerID: 2 localID: 115816896921600002 blockCommitSequenceId: 2 replicaIndex: 0 } chunkData { chunkName: "115816896921600002_chunk_2" offset: 5 len: 10 checksumData { type: CRC32 bytesPerChecksum: 16384 checksums: "\317\357R*" } } } version: 3, container path=/home/runner/work/ozone/ozone/hadoop-ozone/integration-test/target/test-dir/MiniOzoneClusterImpl-7a2c00ee-15e1-4921-aa6b-526c14ec89d8/ozone-meta/datanode-5/data-0/hdds/7a2c00ee-15e1-4921-aa6b-526c14ec89d8/current/containerDir0/2
org.apache.hadoop.hdds.scm.container.common.helpers.StorageContainerException: Chunks directory /home/runner/work/ozone/ozone/hadoop-ozone/integration-test/target/test-dir/MiniOzoneClusterImpl-7a2c00ee-15e1-4921-aa6b-526c14ec89d8/ozone-meta/datanode-5/data-0/hdds/7a2c00ee-15e1-4921-aa6b-526c14ec89d8/current/containerDir0/2/chunks does not exist.
	at org.apache.hadoop.ozone.container.common.transport.server.ratis.ContainerStateMachine.handleCommandResult(ContainerStateMachine.java:661)
	at org.apache.hadoop.ozone.container.common.transport.server.ratis.ContainerStateMachine.lambda$writeStateMachineData$2(ContainerStateMachine.java:623)
	at java.base/java.util.concurrent.FutureTask.run(FutureTask.java:317)
	at java.base/java.util.concurrent.ThreadPoolExecutor.runWorker(ThreadPoolExecutor.java:1144)
	at java.base/java.util.concurrent.ThreadPoolExecutor$Worker.run(ThreadPoolExecutor.java:642)
	at java.base/java.lang.Thread.run(Thread.java:1583)
2025-07-15 19:44:39,433 [99cb6aa4-ab14-4525-b571-11fa40308ff9@group-8C8A76C13734-SegmentedRaftLogWorker] WARN  ratis.XceiverServerRatis (XceiverServerRatis.java:triggerPipelineClose(758)) - pipeline Action CLOSE on pipeline Pipeline-2a9ac051-bf0b-4ff2-8e2f-8c8a76c13734.Reason : Chunks directory /home/runner/work/ozone/ozone/hadoop-ozone/integration-test/target/test-dir/MiniOzoneClusterImpl-7a2c00ee-15e1-4921-aa6b-526c14ec89d8/ozone-meta/datanode-4/data-0/hdds/7a2c00ee-15e1-4921-aa6b-526c14ec89d8/current/containerDir0/2/chunks does not exist.
2025-07-15 19:44:39,434 [faa2b429-16a2-49fa-ab42-514c70ac334b@group-8C8A76C13734-SegmentedRaftLogWorker] WARN  ratis.XceiverServerRatis (XceiverServerRatis.java:triggerPipelineClose(758)) - pipeline Action CLOSE on pipeline Pipeline-2a9ac051-bf0b-4ff2-8e2f-8c8a76c13734.Reason : Chunks directory /home/runner/work/ozone/ozone/hadoop-ozone/integration-test/target/test-dir/MiniOzoneClusterImpl-7a2c00ee-15e1-4921-aa6b-526c14ec89d8/ozone-meta/datanode-5/data-0/hdds/7a2c00ee-15e1-4921-aa6b-526c14ec89d8/current/containerDir0/2/chunks does not exist.
2025-07-15 19:44:39,435 [faa2b429-16a2-49fa-ab42-514c70ac334b-server-thread1] WARN  server.GrpcServerProtocolService (LogUtils.java:warn(129)) - faa2b429-16a2-49fa-ab42-514c70ac334b: Failed APPEND_ENTRIES request 1ed39f2b-ba05-41d4-bcbc-50acfb489962->faa2b429-16a2-49fa-ab42-514c70ac334b#15-t1,previous=(t:1, i:4),leaderCommit=4,initializing? false,entries: size=1, first=(t:1, i:5), STATEMACHINELOGENTRY, WRITE: logData.size=154, stateMachineData.size=10, logEntryProtoSerializedSize=0
java.util.concurrent.CompletionException: org.apache.hadoop.hdds.scm.container.common.helpers.StorageContainerException: Chunks directory /home/runner/work/ozone/ozone/hadoop-ozone/integration-test/target/test-dir/MiniOzoneClusterImpl-7a2c00ee-15e1-4921-aa6b-526c14ec89d8/ozone-meta/datanode-5/data-0/hdds/7a2c00ee-15e1-4921-aa6b-526c14ec89d8/current/containerDir0/2/chunks does not exist.
	at java.base/java.util.concurrent.CompletableFuture.encodeThrowable(CompletableFuture.java:332)
	at java.base/java.util.concurrent.CompletableFuture.completeThrowable(CompletableFuture.java:347)
	at java.base/java.util.concurrent.CompletableFuture$BiRelay.tryFire(CompletableFuture.java:1498)
	at java.base/java.util.concurrent.CompletableFuture$CoCompletion.tryFire(CompletableFuture.java:1219)
	at java.base/java.util.concurrent.CompletableFuture.postComplete(CompletableFuture.java:510)
	at java.base/java.util.concurrent.CompletableFuture.completeExceptionally(CompletableFuture.java:2194)
	at org.apache.ratis.server.raftlog.segmented.SegmentedRaftLog$Task.failed(SegmentedRaftLog.java:109)
	at org.apache.ratis.server.raftlog.segmented.SegmentedRaftLogWorker$WriteLog.failed(SegmentedRaftLogWorker.java:530)
	at org.apache.ratis.server.raftlog.segmented.SegmentedRaftLogWorker.run(SegmentedRaftLogWorker.java:326)
	at java.base/java.util.concurrent.Executors$RunnableAdapter.call(Executors.java:572)
	at java.base/java.util.concurrent.FutureTask.run(FutureTask.java:317)
	at java.base/java.util.concurrent.ThreadPoolExecutor.runWorker(ThreadPoolExecutor.java:1144)
	at java.base/java.util.concurrent.ThreadPoolExecutor$Worker.run(ThreadPoolExecutor.java:642)
	at java.base/java.lang.Thread.run(Thread.java:1583)
Caused by: org.apache.hadoop.hdds.scm.container.common.helpers.StorageContainerException: Chunks directory /home/runner/work/ozone/ozone/hadoop-ozone/integration-test/target/test-dir/MiniOzoneClusterImpl-7a2c00ee-15e1-4921-aa6b-526c14ec89d8/ozone-meta/datanode-5/data-0/hdds/7a2c00ee-15e1-4921-aa6b-526c14ec89d8/current/containerDir0/2/chunks does not exist.
	at org.apache.hadoop.ozone.container.common.transport.server.ratis.ContainerStateMachine.handleCommandResult(ContainerStateMachine.java:661)
	at org.apache.hadoop.ozone.container.common.transport.server.ratis.ContainerStateMachine.lambda$writeStateMachineData$2(ContainerStateMachine.java:623)
	... 4 more
2025-07-15 19:44:39,437 [99cb6aa4-ab14-4525-b571-11fa40308ff9-server-thread2] WARN  server.GrpcServerProtocolService (LogUtils.java:warn(129)) - 99cb6aa4-ab14-4525-b571-11fa40308ff9: Failed APPEND_ENTRIES request 1ed39f2b-ba05-41d4-bcbc-50acfb489962->99cb6aa4-ab14-4525-b571-11fa40308ff9#16-t1,previous=(t:1, i:5),leaderCommit=4,initializing? false,entries: size=1, first=(t:1, i:6), STATEMACHINELOGENTRY, WRITE: logData.size=217, stateMachineData.size=0, logEntryProtoSerializedSize=0
java.util.concurrent.CompletionException: org.apache.hadoop.hdds.scm.container.common.helpers.StorageContainerException: Chunks directory /home/runner/work/ozone/ozone/hadoop-ozone/integration-test/target/test-dir/MiniOzoneClusterImpl-7a2c00ee-15e1-4921-aa6b-526c14ec89d8/ozone-meta/datanode-4/data-0/hdds/7a2c00ee-15e1-4921-aa6b-526c14ec89d8/current/containerDir0/2/chunks does not exist.
	at java.base/java.util.concurrent.CompletableFuture.encodeThrowable(CompletableFuture.java:332)
	at java.base/java.util.concurrent.CompletableFuture.completeThrowable(CompletableFuture.java:347)
	at java.base/java.util.concurrent.CompletableFuture$BiRelay.tryFire(CompletableFuture.java:1498)
	at java.base/java.util.concurrent.CompletableFuture$CoCompletion.tryFire(CompletableFuture.java:1219)
	at java.base/java.util.concurrent.CompletableFuture.postComplete(CompletableFuture.java:510)
	at java.base/java.util.concurrent.CompletableFuture.completeExceptionally(CompletableFuture.java:2194)
	at org.apache.ratis.server.raftlog.segmented.SegmentedRaftLog$Task.failed(SegmentedRaftLog.java:109)
	at org.apache.ratis.server.raftlog.segmented.SegmentedRaftLogWorker$WriteLog.failed(SegmentedRaftLogWorker.java:530)
	at org.apache.ratis.server.raftlog.segmented.SegmentedRaftLogWorker.run(SegmentedRaftLogWorker.java:326)
	at java.base/java.util.concurrent.Executors$RunnableAdapter.call(Executors.java:572)
	at java.base/java.util.concurrent.FutureTask.run(FutureTask.java:317)
	at java.base/java.util.concurrent.ThreadPoolExecutor.runWorker(ThreadPoolExecutor.java:1144)
	at java.base/java.util.concurrent.ThreadPoolExecutor$Worker.run(ThreadPoolExecutor.java:642)
	at java.base/java.lang.Thread.run(Thread.java:1583)
Caused by: org.apache.hadoop.hdds.scm.container.common.helpers.StorageContainerException: Chunks directory /home/runner/work/ozone/ozone/hadoop-ozone/integration-test/target/test-dir/MiniOzoneClusterImpl-7a2c00ee-15e1-4921-aa6b-526c14ec89d8/ozone-meta/datanode-4/data-0/hdds/7a2c00ee-15e1-4921-aa6b-526c14ec89d8/current/containerDir0/2/chunks does not exist.
	at org.apache.hadoop.ozone.container.common.transport.server.ratis.ContainerStateMachine.handleCommandResult(ContainerStateMachine.java:661)
	at org.apache.hadoop.ozone.container.common.transport.server.ratis.ContainerStateMachine.lambda$writeStateMachineData$2(ContainerStateMachine.java:623)
	... 4 more
2025-07-15 19:44:39,435 [faa2b429-16a2-49fa-ab42-514c70ac334b-server-thread2] WARN  server.GrpcServerProtocolService (LogUtils.java:warn(129)) - faa2b429-16a2-49fa-ab42-514c70ac334b: Failed APPEND_ENTRIES request 1ed39f2b-ba05-41d4-bcbc-50acfb489962->faa2b429-16a2-49fa-ab42-514c70ac334b#16-t1,previous=(t:1, i:5),leaderCommit=4,initializing? false,entries: size=1, first=(t:1, i:6), STATEMACHINELOGENTRY, WRITE: logData.size=217, stateMachineData.size=0, logEntryProtoSerializedSize=0
java.util.concurrent.CompletionException: org.apache.hadoop.hdds.scm.container.common.helpers.StorageContainerException: Chunks directory /home/runner/work/ozone/ozone/hadoop-ozone/integration-test/target/test-dir/MiniOzoneClusterImpl-7a2c00ee-15e1-4921-aa6b-526c14ec89d8/ozone-meta/datanode-5/data-0/hdds/7a2c00ee-15e1-4921-aa6b-526c14ec89d8/current/containerDir0/2/chunks does not exist.
	at java.base/java.util.concurrent.CompletableFuture.encodeThrowable(CompletableFuture.java:332)
	at java.base/java.util.concurrent.CompletableFuture.completeThrowable(CompletableFuture.java:347)
	at java.base/java.util.concurrent.CompletableFuture$BiRelay.tryFire(CompletableFuture.java:1498)
	at java.base/java.util.concurrent.CompletableFuture$CoCompletion.tryFire(CompletableFuture.java:1219)
	at java.base/java.util.concurrent.CompletableFuture.postComplete(CompletableFuture.java:510)
	at java.base/java.util.concurrent.CompletableFuture.completeExceptionally(CompletableFuture.java:2194)
	at org.apache.ratis.server.raftlog.segmented.SegmentedRaftLog$Task.failed(SegmentedRaftLog.java:109)
	at org.apache.ratis.server.raftlog.segmented.SegmentedRaftLogWorker$WriteLog.failed(SegmentedRaftLogWorker.java:530)
	at org.apache.ratis.server.raftlog.segmented.SegmentedRaftLogWorker.run(SegmentedRaftLogWorker.java:326)
	at java.base/java.util.concurrent.Executors$RunnableAdapter.call(Executors.java:572)
	at java.base/java.util.concurrent.FutureTask.run(FutureTask.java:317)
	at java.base/java.util.concurrent.ThreadPoolExecutor.runWorker(ThreadPoolExecutor.java:1144)
	at java.base/java.util.concurrent.ThreadPoolExecutor$Worker.run(ThreadPoolExecutor.java:642)
	at java.base/java.lang.Thread.run(Thread.java:1583)
Caused by: org.apache.hadoop.hdds.scm.container.common.helpers.StorageContainerException: Chunks directory /home/runner/work/ozone/ozone/hadoop-ozone/integration-test/target/test-dir/MiniOzoneClusterImpl-7a2c00ee-15e1-4921-aa6b-526c14ec89d8/ozone-meta/datanode-5/data-0/hdds/7a2c00ee-15e1-4921-aa6b-526c14ec89d8/current/containerDir0/2/chunks does not exist.
	at org.apache.hadoop.ozone.container.common.transport.server.ratis.ContainerStateMachine.handleCommandResult(ContainerStateMachine.java:661)
	at org.apache.hadoop.ozone.container.common.transport.server.ratis.ContainerStateMachine.lambda$writeStateMachineData$2(ContainerStateMachine.java:623)
	... 4 more
2025-07-15 19:44:39,437 [99cb6aa4-ab14-4525-b571-11fa40308ff9-server-thread1] WARN  server.GrpcServerProtocolService (LogUtils.java:warn(129)) - 99cb6aa4-ab14-4525-b571-11fa40308ff9: Failed APPEND_ENTRIES request 1ed39f2b-ba05-41d4-bcbc-50acfb489962->99cb6aa4-ab14-4525-b571-11fa40308ff9#15-t1,previous=(t:1, i:4),leaderCommit=4,initializing? false,entries: size=1, first=(t:1, i:5), STATEMACHINELOGENTRY, WRITE: logData.size=154, stateMachineData.size=10, logEntryProtoSerializedSize=0
java.util.concurrent.CompletionException: org.apache.hadoop.hdds.scm.container.common.helpers.StorageContainerException: Chunks directory /home/runner/work/ozone/ozone/hadoop-ozone/integration-test/target/test-dir/MiniOzoneClusterImpl-7a2c00ee-15e1-4921-aa6b-526c14ec89d8/ozone-meta/datanode-4/data-0/hdds/7a2c00ee-15e1-4921-aa6b-526c14ec89d8/current/containerDir0/2/chunks does not exist.
	at java.base/java.util.concurrent.CompletableFuture.encodeThrowable(CompletableFuture.java:332)
	at java.base/java.util.concurrent.CompletableFuture.completeThrowable(CompletableFuture.java:347)
	at java.base/java.util.concurrent.CompletableFuture$BiRelay.tryFire(CompletableFuture.java:1498)
	at java.base/java.util.concurrent.CompletableFuture$CoCompletion.tryFire(CompletableFuture.java:1219)
	at java.base/java.util.concurrent.CompletableFuture.postComplete(CompletableFuture.java:510)
	at java.base/java.util.concurrent.CompletableFuture.completeExceptionally(CompletableFuture.java:2194)
	at org.apache.ratis.server.raftlog.segmented.SegmentedRaftLog$Task.failed(SegmentedRaftLog.java:109)
	at org.apache.ratis.server.raftlog.segmented.SegmentedRaftLogWorker$WriteLog.failed(SegmentedRaftLogWorker.java:530)
	at org.apache.ratis.server.raftlog.segmented.SegmentedRaftLogWorker.run(SegmentedRaftLogWorker.java:326)
	at java.base/java.util.concurrent.Executors$RunnableAdapter.call(Executors.java:572)
	at java.base/java.util.concurrent.FutureTask.run(FutureTask.java:317)
	at java.base/java.util.concurrent.ThreadPoolExecutor.runWorker(ThreadPoolExecutor.java:1144)
	at java.base/java.util.concurrent.ThreadPoolExecutor$Worker.run(ThreadPoolExecutor.java:642)
	at java.base/java.lang.Thread.run(Thread.java:1583)
Caused by: org.apache.hadoop.hdds.scm.container.common.helpers.StorageContainerException: Chunks directory /home/runner/work/ozone/ozone/hadoop-ozone/integration-test/target/test-dir/MiniOzoneClusterImpl-7a2c00ee-15e1-4921-aa6b-526c14ec89d8/ozone-meta/datanode-4/data-0/hdds/7a2c00ee-15e1-4921-aa6b-526c14ec89d8/current/containerDir0/2/chunks does not exist.
	at org.apache.hadoop.ozone.container.common.transport.server.ratis.ContainerStateMachine.handleCommandResult(ContainerStateMachine.java:661)
	at org.apache.hadoop.ozone.container.common.transport.server.ratis.ContainerStateMachine.lambda$writeStateMachineData$2(ContainerStateMachine.java:623)
	... 4 more
2025-07-15 19:44:39,442 [EventQueue-PipelineActionsForPipelineActionHandler] INFO  pipeline.PipelineActionHandler (PipelineActionHandler.java:processPipelineAction(89)) - Received pipeline action CLOSE for Pipeline-2a9ac051-bf0b-4ff2-8e2f-8c8a76c13734 from datanode faa2b429-16a2-49fa-ab42-514c70ac334b(localhost/127.0.0.1). Reason : Chunks directory /home/runner/work/ozone/ozone/hadoop-ozone/integration-test/target/test-dir/MiniOzoneClusterImpl-7a2c00ee-15e1-4921-aa6b-526c14ec89d8/ozone-meta/datanode-5/data-0/hdds/7a2c00ee-15e1-4921-aa6b-526c14ec89d8/current/containerDir0/2/chunks does not exist.
2025-07-15 19:44:39,450 [EventQueue-PipelineActionsForPipelineActionHandler] INFO  pipeline.PipelineManagerImpl (PipelineManagerImpl.java:closePipeline(511)) - Pipeline Pipeline-2a9ac051-bf0b-4ff2-8e2f-8c8a76c13734 moved to CLOSED state
2025-07-15 19:44:39,450 [EventQueue-PipelineActionsForPipelineActionHandler] INFO  pipeline.PipelineActionHandler (PipelineActionHandler.java:processPipelineAction(89)) - Received pipeline action CLOSE for Pipeline-2a9ac051-bf0b-4ff2-8e2f-8c8a76c13734 from datanode 99cb6aa4-ab14-4525-b571-11fa40308ff9(localhost/127.0.0.1). Reason : Chunks directory /home/runner/work/ozone/ozone/hadoop-ozone/integration-test/target/test-dir/MiniOzoneClusterImpl-7a2c00ee-15e1-4921-aa6b-526c14ec89d8/ozone-meta/datanode-4/data-0/hdds/7a2c00ee-15e1-4921-aa6b-526c14ec89d8/current/containerDir0/2/chunks does not exist.
2025-07-15 19:44:39,454 [grpc-default-executor-0] WARN  server.GrpcLogAppender (LogUtils.java:warn(129)) - 1ed39f2b-ba05-41d4-bcbc-50acfb489962@group-8C8A76C13734->faa2b429-16a2-49fa-ab42-514c70ac334b-AppendLogResponseHandler: Failed appendEntries
org.apache.hadoop.hdds.scm.container.common.helpers.StorageContainerException: Chunks directory /home/runner/work/ozone/ozone/hadoop-ozone/integration-test/target/test-dir/MiniOzoneClusterImpl-7a2c00ee-15e1-4921-aa6b-526c14ec89d8/ozone-meta/datanode-5/data-0/hdds/7a2c00ee-15e1-4921-aa6b-526c14ec89d8/current/containerDir0/2/chunks does not exist.
	at org.apache.hadoop.ozone.container.common.transport.server.ratis.ContainerStateMachine.handleCommandResult(ContainerStateMachine.java:661)
	at org.apache.hadoop.ozone.container.common.transport.server.ratis.ContainerStateMachine.lambda$writeStateMachineData$2(ContainerStateMachine.java:623)
	at java.base/java.util.concurrent.FutureTask.run(FutureTask.java:317)
	at java.base/java.util.concurrent.ThreadPoolExecutor.runWorker(ThreadPoolExecutor.java:1144)
	at java.base/java.util.concurrent.ThreadPoolExecutor$Worker.run(ThreadPoolExecutor.java:642)
	at java.base/java.lang.Thread.run(Thread.java:1583)
2025-07-15 19:44:39,454 [grpc-default-executor-5] WARN  server.GrpcLogAppender (LogUtils.java:warn(129)) - 1ed39f2b-ba05-41d4-bcbc-50acfb489962@group-8C8A76C13734->99cb6aa4-ab14-4525-b571-11fa40308ff9-AppendLogResponseHandler: Failed appendEntries
org.apache.hadoop.hdds.scm.container.common.helpers.StorageContainerException: Chunks directory /home/runner/work/ozone/ozone/hadoop-ozone/integration-test/target/test-dir/MiniOzoneClusterImpl-7a2c00ee-15e1-4921-aa6b-526c14ec89d8/ozone-meta/datanode-4/data-0/hdds/7a2c00ee-15e1-4921-aa6b-526c14ec89d8/current/containerDir0/2/chunks does not exist.
	at org.apache.hadoop.ozone.container.common.transport.server.ratis.ContainerStateMachine.handleCommandResult(ContainerStateMachine.java:661)
	at org.apache.hadoop.ozone.container.common.transport.server.ratis.ContainerStateMachine.lambda$writeStateMachineData$2(ContainerStateMachine.java:623)
	at java.base/java.util.concurrent.FutureTask.run(FutureTask.java:317)
	at java.base/java.util.concurrent.ThreadPoolExecutor.runWorker(ThreadPoolExecutor.java:1144)
	at java.base/java.util.concurrent.ThreadPoolExecutor$Worker.run(ThreadPoolExecutor.java:642)
	at java.base/java.lang.Thread.run(Thread.java:1583)
2025-07-15 19:44:39,455 [pool-284-thread-1] WARN  keyvalue.KeyValueHandler (KeyValueHandler.java:updateAndGetContainerChecksum(1451)) - Container data checksum updated from 1bdd5b56 to 0
2025-07-15 19:44:39,456 [pool-284-thread-1] ERROR ozoneimpl.OnDemandContainerScanner (ContainerScanHelper.java:handleUnhealthyScanResult(119)) - Corruption detected in container [2]. Marking it UNHEALTHY. Container has 1 error: MISSING_CHUNKS_DIR for file /home/runner/work/ozone/ozone/hadoop-ozone/integration-test/target/test-dir/MiniOzoneClusterImpl-7a2c00ee-15e1-4921-aa6b-526c14ec89d8/ozone-meta/datanode-5/data-0/hdds/7a2c00ee-15e1-4921-aa6b-526c14ec89d8/current/containerDir0/2/chunks with exception: java.io.FileNotFoundException: Chunks directory /home/runner/work/ozone/ozone/hadoop-ozone/integration-test/target/test-dir/MiniOzoneClusterImpl-7a2c00ee-15e1-4921-aa6b-526c14ec89d8/ozone-meta/datanode-5/data-0/hdds/7a2c00ee-15e1-4921-aa6b-526c14ec89d8/current/containerDir0/2/chunks not found.
2025-07-15 19:44:39,455 [pool-251-thread-1] WARN  keyvalue.KeyValueHandler (KeyValueHandler.java:updateAndGetContainerChecksum(1451)) - Container data checksum updated from 1bdd5b56 to 0
2025-07-15 19:44:39,456 [pool-251-thread-1] ERROR ozoneimpl.OnDemandContainerScanner (ContainerScanHelper.java:handleUnhealthyScanResult(119)) - Corruption detected in container [2]. Marking it UNHEALTHY. Container has 1 error: MISSING_CHUNKS_DIR for file /home/runner/work/ozone/ozone/hadoop-ozone/integration-test/target/test-dir/MiniOzoneClusterImpl-7a2c00ee-15e1-4921-aa6b-526c14ec89d8/ozone-meta/datanode-4/data-0/hdds/7a2c00ee-15e1-4921-aa6b-526c14ec89d8/current/containerDir0/2/chunks with exception: java.io.FileNotFoundException: Chunks directory /home/runner/work/ozone/ozone/hadoop-ozone/integration-test/target/test-dir/MiniOzoneClusterImpl-7a2c00ee-15e1-4921-aa6b-526c14ec89d8/ozone-meta/datanode-4/data-0/hdds/7a2c00ee-15e1-4921-aa6b-526c14ec89d8/current/containerDir0/2/chunks not found.
2025-07-15 19:44:39,460 [grpc-default-executor-5] INFO  leader.LogAppender (LogAppenderBase.java:lambda$getNextIndexForError$0(215)) - Decrease nextIndex to 6
2025-07-15 19:44:39,460 [grpc-default-executor-5] INFO  leader.LogAppender (LogAppenderBase.java:lambda$getNextIndexForError$0(215)) - Decrease nextIndex to 6
2025-07-15 19:44:39,461 [grpc-default-executor-5] INFO  leader.FollowerInfo (FollowerInfoImpl.java:info(70)) - 1ed39f2b-ba05-41d4-bcbc-50acfb489962@group-8C8A76C13734->99cb6aa4-ab14-4525-b571-11fa40308ff9: computeNextIndex nextIndex: updateUnconditionally 7 -> 6
2025-07-15 19:44:39,462 [EventQueue-PipelineActionsForPipelineActionHandler] INFO  pipeline.PipelineActionHandler (PipelineActionHandler.java:processPipelineAction(89)) - Received pipeline action CLOSE for Pipeline-2a9ac051-bf0b-4ff2-8e2f-8c8a76c13734 from datanode 99cb6aa4-ab14-4525-b571-11fa40308ff9(localhost/127.0.0.1). Reason : Chunks directory /home/runner/work/ozone/ozone/hadoop-ozone/integration-test/target/test-dir/MiniOzoneClusterImpl-7a2c00ee-15e1-4921-aa6b-526c14ec89d8/ozone-meta/datanode-4/data-0/hdds/7a2c00ee-15e1-4921-aa6b-526c14ec89d8/current/containerDir0/2/chunks does not exist.
2025-07-15 19:44:39,462 [grpc-default-executor-0] INFO  leader.LogAppender (LogAppenderBase.java:lambda$getNextIndexForError$0(215)) - Decrease nextIndex to 5
2025-07-15 19:44:39,464 [grpc-default-executor-0] INFO  leader.LogAppender (LogAppenderBase.java:lambda$getNextIndexForError$0(215)) - Decrease nextIndex to 5
2025-07-15 19:44:39,464 [grpc-default-executor-0] INFO  leader.FollowerInfo (FollowerInfoImpl.java:info(70)) - 1ed39f2b-ba05-41d4-bcbc-50acfb489962@group-8C8A76C13734->faa2b429-16a2-49fa-ab42-514c70ac334b: computeNextIndex nextIndex: updateUnconditionally 7 -> 5
2025-07-15 19:44:39,466 [EventQueue-PipelineActionsForPipelineActionHandler] INFO  pipeline.PipelineActionHandler (PipelineActionHandler.java:processPipelineAction(89)) - Received pipeline action CLOSE for Pipeline-2a9ac051-bf0b-4ff2-8e2f-8c8a76c13734 from datanode faa2b429-16a2-49fa-ab42-514c70ac334b(localhost/127.0.0.1). Reason : Chunks directory /home/runner/work/ozone/ozone/hadoop-ozone/integration-test/target/test-dir/MiniOzoneClusterImpl-7a2c00ee-15e1-4921-aa6b-526c14ec89d8/ozone-meta/datanode-5/data-0/hdds/7a2c00ee-15e1-4921-aa6b-526c14ec89d8/current/containerDir0/2/chunks does not exist.
2025-07-15 19:44:39,582 [e96bea54-5ec2-4bc1-91ca-a280b757147d@group-EF23C56BE139-StateMachineUpdater] INFO  ratis.ContainerStateMachine (ContainerStateMachine.java:takeSnapshot(427)) - group-EF23C56BE139: Taking a snapshot at:(t:1, i:0) file /home/runner/work/ozone/ozone/hadoop-ozone/integration-test/target/test-dir/MiniOzoneClusterImpl-7a2c00ee-15e1-4921-aa6b-526c14ec89d8/ozone-meta/datanode-2/ratis/99512eb3-7304-45c7-bdfb-ef23c56be139/sm/snapshot.1_0
2025-07-15 19:44:39,583 [e96bea54-5ec2-4bc1-91ca-a280b757147d@group-EF23C56BE139-StateMachineUpdater] INFO  ratis.ContainerStateMachine (ContainerStateMachine.java:takeSnapshot(436)) - group-EF23C56BE139: Finished taking a snapshot at:(t:1, i:0) file:/home/runner/work/ozone/ozone/hadoop-ozone/integration-test/target/test-dir/MiniOzoneClusterImpl-7a2c00ee-15e1-4921-aa6b-526c14ec89d8/ozone-meta/datanode-2/ratis/99512eb3-7304-45c7-bdfb-ef23c56be139/sm/snapshot.1_0 took: 1 ms
2025-07-15 19:44:39,583 [e96bea54-5ec2-4bc1-91ca-a280b757147d@group-EF23C56BE139-StateMachineUpdater] INFO  impl.StateMachineUpdater (StateMachineUpdater.java:takeSnapshot(307)) - e96bea54-5ec2-4bc1-91ca-a280b757147d@group-EF23C56BE139-StateMachineUpdater: Took a snapshot at index 0
2025-07-15 19:44:39,584 [e96bea54-5ec2-4bc1-91ca-a280b757147d@group-EF23C56BE139-StateMachineUpdater] INFO  impl.StateMachineUpdater (StateMachineUpdater.java:lambda$new$0(101)) - e96bea54-5ec2-4bc1-91ca-a280b757147d@group-EF23C56BE139-StateMachineUpdater: snapshotIndex: updateIncreasingly -1 -> 0
2025-07-15 19:44:39,590 [cd936fa6-15d5-4ef8-867a-01454d889292@group-EF23C56BE139-StateMachineUpdater] INFO  ratis.ContainerStateMachine (ContainerStateMachine.java:takeSnapshot(427)) - group-EF23C56BE139: Taking a snapshot at:(t:1, i:0) file /home/runner/work/ozone/ozone/hadoop-ozone/integration-test/target/test-dir/MiniOzoneClusterImpl-7a2c00ee-15e1-4921-aa6b-526c14ec89d8/ozone-meta/datanode-1/ratis/99512eb3-7304-45c7-bdfb-ef23c56be139/sm/snapshot.1_0
2025-07-15 19:44:39,591 [cd936fa6-15d5-4ef8-867a-01454d889292@group-EF23C56BE139-StateMachineUpdater] INFO  ratis.ContainerStateMachine (ContainerStateMachine.java:takeSnapshot(436)) - group-EF23C56BE139: Finished taking a snapshot at:(t:1, i:0) file:/home/runner/work/ozone/ozone/hadoop-ozone/integration-test/target/test-dir/MiniOzoneClusterImpl-7a2c00ee-15e1-4921-aa6b-526c14ec89d8/ozone-meta/datanode-1/ratis/99512eb3-7304-45c7-bdfb-ef23c56be139/sm/snapshot.1_0 took: 0 ms
2025-07-15 19:44:39,591 [cd936fa6-15d5-4ef8-867a-01454d889292@group-EF23C56BE139-StateMachineUpdater] INFO  impl.StateMachineUpdater (StateMachineUpdater.java:takeSnapshot(307)) - cd936fa6-15d5-4ef8-867a-01454d889292@group-EF23C56BE139-StateMachineUpdater: Took a snapshot at index 0
2025-07-15 19:44:39,591 [cd936fa6-15d5-4ef8-867a-01454d889292@group-EF23C56BE139-StateMachineUpdater] INFO  impl.StateMachineUpdater (StateMachineUpdater.java:lambda$new$0(101)) - cd936fa6-15d5-4ef8-867a-01454d889292@group-EF23C56BE139-StateMachineUpdater: snapshotIndex: updateIncreasingly -1 -> 0
2025-07-15 19:44:39,657 [EventQueue-PipelineActionsForPipelineActionHandler] INFO  pipeline.PipelineActionHandler (PipelineActionHandler.java:processPipelineAction(89)) - Received pipeline action CLOSE for Pipeline-2a9ac051-bf0b-4ff2-8e2f-8c8a76c13734 from datanode 99cb6aa4-ab14-4525-b571-11fa40308ff9(localhost/127.0.0.1). Reason : Chunks directory /home/runner/work/ozone/ozone/hadoop-ozone/integration-test/target/test-dir/MiniOzoneClusterImpl-7a2c00ee-15e1-4921-aa6b-526c14ec89d8/ozone-meta/datanode-4/data-0/hdds/7a2c00ee-15e1-4921-aa6b-526c14ec89d8/current/containerDir0/2/chunks does not exist.
2025-07-15 19:44:39,659 [EventQueue-PipelineActionsForPipelineActionHandler] INFO  pipeline.PipelineActionHandler (PipelineActionHandler.java:processPipelineAction(89)) - Received pipeline action CLOSE for Pipeline-2a9ac051-bf0b-4ff2-8e2f-8c8a76c13734 from datanode faa2b429-16a2-49fa-ab42-514c70ac334b(localhost/127.0.0.1). Reason : Chunks directory /home/runner/work/ozone/ozone/hadoop-ozone/integration-test/target/test-dir/MiniOzoneClusterImpl-7a2c00ee-15e1-4921-aa6b-526c14ec89d8/ozone-meta/datanode-5/data-0/hdds/7a2c00ee-15e1-4921-aa6b-526c14ec89d8/current/containerDir0/2/chunks does not exist.
2025-07-15 19:44:39,730 [5109dbd0-88b3-4954-9428-6522438831f5@group-2A5F69F5E925-StateMachineUpdater] INFO  ratis.ContainerStateMachine (ContainerStateMachine.java:takeSnapshot(427)) - group-2A5F69F5E925: Taking a snapshot at:(t:1, i:0) file /home/runner/work/ozone/ozone/hadoop-ozone/integration-test/target/test-dir/MiniOzoneClusterImpl-7a2c00ee-15e1-4921-aa6b-526c14ec89d8/ozone-meta/datanode-3/ratis/8f3fb533-c6ad-481d-821b-2a5f69f5e925/sm/snapshot.1_0
2025-07-15 19:44:39,731 [5109dbd0-88b3-4954-9428-6522438831f5@group-2A5F69F5E925-StateMachineUpdater] INFO  ratis.ContainerStateMachine (ContainerStateMachine.java:takeSnapshot(436)) - group-2A5F69F5E925: Finished taking a snapshot at:(t:1, i:0) file:/home/runner/work/ozone/ozone/hadoop-ozone/integration-test/target/test-dir/MiniOzoneClusterImpl-7a2c00ee-15e1-4921-aa6b-526c14ec89d8/ozone-meta/datanode-3/ratis/8f3fb533-c6ad-481d-821b-2a5f69f5e925/sm/snapshot.1_0 took: 1 ms
2025-07-15 19:44:39,731 [5109dbd0-88b3-4954-9428-6522438831f5@group-2A5F69F5E925-StateMachineUpdater] INFO  impl.StateMachineUpdater (StateMachineUpdater.java:takeSnapshot(307)) - 5109dbd0-88b3-4954-9428-6522438831f5@group-2A5F69F5E925-StateMachineUpdater: Took a snapshot at index 0
2025-07-15 19:44:39,731 [5109dbd0-88b3-4954-9428-6522438831f5@group-2A5F69F5E925-StateMachineUpdater] INFO  impl.StateMachineUpdater (StateMachineUpdater.java:lambda$new$0(101)) - 5109dbd0-88b3-4954-9428-6522438831f5@group-2A5F69F5E925-StateMachineUpdater: snapshotIndex: updateIncreasingly -1 -> 0
2025-07-15 19:44:39,731 [cd936fa6-15d5-4ef8-867a-01454d889292@group-2A5F69F5E925-StateMachineUpdater] INFO  ratis.ContainerStateMachine (ContainerStateMachine.java:takeSnapshot(427)) - group-2A5F69F5E925: Taking a snapshot at:(t:1, i:0) file /home/runner/work/ozone/ozone/hadoop-ozone/integration-test/target/test-dir/MiniOzoneClusterImpl-7a2c00ee-15e1-4921-aa6b-526c14ec89d8/ozone-meta/datanode-1/ratis/8f3fb533-c6ad-481d-821b-2a5f69f5e925/sm/snapshot.1_0
2025-07-15 19:44:39,732 [cd936fa6-15d5-4ef8-867a-01454d889292@group-2A5F69F5E925-StateMachineUpdater] INFO  ratis.ContainerStateMachine (ContainerStateMachine.java:takeSnapshot(436)) - group-2A5F69F5E925: Finished taking a snapshot at:(t:1, i:0) file:/home/runner/work/ozone/ozone/hadoop-ozone/integration-test/target/test-dir/MiniOzoneClusterImpl-7a2c00ee-15e1-4921-aa6b-526c14ec89d8/ozone-meta/datanode-1/ratis/8f3fb533-c6ad-481d-821b-2a5f69f5e925/sm/snapshot.1_0 took: 1 ms
2025-07-15 19:44:39,732 [cd936fa6-15d5-4ef8-867a-01454d889292@group-2A5F69F5E925-StateMachineUpdater] INFO  impl.StateMachineUpdater (StateMachineUpdater.java:takeSnapshot(307)) - cd936fa6-15d5-4ef8-867a-01454d889292@group-2A5F69F5E925-StateMachineUpdater: Took a snapshot at index 0
2025-07-15 19:44:39,732 [cd936fa6-15d5-4ef8-867a-01454d889292@group-2A5F69F5E925-StateMachineUpdater] INFO  impl.StateMachineUpdater (StateMachineUpdater.java:lambda$new$0(101)) - cd936fa6-15d5-4ef8-867a-01454d889292@group-2A5F69F5E925-StateMachineUpdater: snapshotIndex: updateIncreasingly -1 -> 0
2025-07-15 19:44:39,856 [EventQueue-PipelineActionsForPipelineActionHandler] INFO  pipeline.PipelineActionHandler (PipelineActionHandler.java:processPipelineAction(89)) - Received pipeline action CLOSE for Pipeline-2a9ac051-bf0b-4ff2-8e2f-8c8a76c13734 from datanode 99cb6aa4-ab14-4525-b571-11fa40308ff9(localhost/127.0.0.1). Reason : Chunks directory /home/runner/work/ozone/ozone/hadoop-ozone/integration-test/target/test-dir/MiniOzoneClusterImpl-7a2c00ee-15e1-4921-aa6b-526c14ec89d8/ozone-meta/datanode-4/data-0/hdds/7a2c00ee-15e1-4921-aa6b-526c14ec89d8/current/containerDir0/2/chunks does not exist.
2025-07-15 19:44:39,859 [EventQueue-PipelineActionsForPipelineActionHandler] INFO  pipeline.PipelineActionHandler (PipelineActionHandler.java:processPipelineAction(89)) - Received pipeline action CLOSE for Pipeline-2a9ac051-bf0b-4ff2-8e2f-8c8a76c13734 from datanode faa2b429-16a2-49fa-ab42-514c70ac334b(localhost/127.0.0.1). Reason : Chunks directory /home/runner/work/ozone/ozone/hadoop-ozone/integration-test/target/test-dir/MiniOzoneClusterImpl-7a2c00ee-15e1-4921-aa6b-526c14ec89d8/ozone-meta/datanode-5/data-0/hdds/7a2c00ee-15e1-4921-aa6b-526c14ec89d8/current/containerDir0/2/chunks does not exist.
2025-07-15 19:44:40,056 [EventQueue-PipelineActionsForPipelineActionHandler] INFO  pipeline.PipelineActionHandler (PipelineActionHandler.java:processPipelineAction(89)) - Received pipeline action CLOSE for Pipeline-2a9ac051-bf0b-4ff2-8e2f-8c8a76c13734 from datanode 99cb6aa4-ab14-4525-b571-11fa40308ff9(localhost/127.0.0.1). Reason : Chunks directory /home/runner/work/ozone/ozone/hadoop-ozone/integration-test/target/test-dir/MiniOzoneClusterImpl-7a2c00ee-15e1-4921-aa6b-526c14ec89d8/ozone-meta/datanode-4/data-0/hdds/7a2c00ee-15e1-4921-aa6b-526c14ec89d8/current/containerDir0/2/chunks does not exist.
2025-07-15 19:44:40,059 [EventQueue-PipelineActionsForPipelineActionHandler] INFO  pipeline.PipelineActionHandler (PipelineActionHandler.java:processPipelineAction(89)) - Received pipeline action CLOSE for Pipeline-2a9ac051-bf0b-4ff2-8e2f-8c8a76c13734 from datanode faa2b429-16a2-49fa-ab42-514c70ac334b(localhost/127.0.0.1). Reason : Chunks directory /home/runner/work/ozone/ozone/hadoop-ozone/integration-test/target/test-dir/MiniOzoneClusterImpl-7a2c00ee-15e1-4921-aa6b-526c14ec89d8/ozone-meta/datanode-5/data-0/hdds/7a2c00ee-15e1-4921-aa6b-526c14ec89d8/current/containerDir0/2/chunks does not exist.
2025-07-15 19:44:40,256 [EventQueue-PipelineActionsForPipelineActionHandler] INFO  pipeline.PipelineActionHandler (PipelineActionHandler.java:processPipelineAction(89)) - Received pipeline action CLOSE for Pipeline-2a9ac051-bf0b-4ff2-8e2f-8c8a76c13734 from datanode 99cb6aa4-ab14-4525-b571-11fa40308ff9(localhost/127.0.0.1). Reason : Chunks directory /home/runner/work/ozone/ozone/hadoop-ozone/integration-test/target/test-dir/MiniOzoneClusterImpl-7a2c00ee-15e1-4921-aa6b-526c14ec89d8/ozone-meta/datanode-4/data-0/hdds/7a2c00ee-15e1-4921-aa6b-526c14ec89d8/current/containerDir0/2/chunks does not exist.
2025-07-15 19:44:40,259 [EventQueue-PipelineActionsForPipelineActionHandler] INFO  pipeline.PipelineActionHandler (PipelineActionHandler.java:processPipelineAction(89)) - Received pipeline action CLOSE for Pipeline-2a9ac051-bf0b-4ff2-8e2f-8c8a76c13734 from datanode faa2b429-16a2-49fa-ab42-514c70ac334b(localhost/127.0.0.1). Reason : Chunks directory /home/runner/work/ozone/ozone/hadoop-ozone/integration-test/target/test-dir/MiniOzoneClusterImpl-7a2c00ee-15e1-4921-aa6b-526c14ec89d8/ozone-meta/datanode-5/data-0/hdds/7a2c00ee-15e1-4921-aa6b-526c14ec89d8/current/containerDir0/2/chunks does not exist.
2025-07-15 19:44:40,456 [EventQueue-PipelineActionsForPipelineActionHandler] INFO  pipeline.PipelineActionHandler (PipelineActionHandler.java:processPipelineAction(89)) - Received pipeline action CLOSE for Pipeline-2a9ac051-bf0b-4ff2-8e2f-8c8a76c13734 from datanode 99cb6aa4-ab14-4525-b571-11fa40308ff9(localhost/127.0.0.1). Reason : Chunks directory /home/runner/work/ozone/ozone/hadoop-ozone/integration-test/target/test-dir/MiniOzoneClusterImpl-7a2c00ee-15e1-4921-aa6b-526c14ec89d8/ozone-meta/datanode-4/data-0/hdds/7a2c00ee-15e1-4921-aa6b-526c14ec89d8/current/containerDir0/2/chunks does not exist.
2025-07-15 19:44:40,459 [EventQueue-PipelineActionsForPipelineActionHandler] INFO  pipeline.PipelineActionHandler (PipelineActionHandler.java:processPipelineAction(89)) - Received pipeline action CLOSE for Pipeline-2a9ac051-bf0b-4ff2-8e2f-8c8a76c13734 from datanode faa2b429-16a2-49fa-ab42-514c70ac334b(localhost/127.0.0.1). Reason : Chunks directory /home/runner/work/ozone/ozone/hadoop-ozone/integration-test/target/test-dir/MiniOzoneClusterImpl-7a2c00ee-15e1-4921-aa6b-526c14ec89d8/ozone-meta/datanode-5/data-0/hdds/7a2c00ee-15e1-4921-aa6b-526c14ec89d8/current/containerDir0/2/chunks does not exist.
2025-07-15 19:44:40,656 [EventQueue-PipelineActionsForPipelineActionHandler] INFO  pipeline.PipelineActionHandler (PipelineActionHandler.java:processPipelineAction(89)) - Received pipeline action CLOSE for Pipeline-2a9ac051-bf0b-4ff2-8e2f-8c8a76c13734 from datanode 99cb6aa4-ab14-4525-b571-11fa40308ff9(localhost/127.0.0.1). Reason : Chunks directory /home/runner/work/ozone/ozone/hadoop-ozone/integration-test/target/test-dir/MiniOzoneClusterImpl-7a2c00ee-15e1-4921-aa6b-526c14ec89d8/ozone-meta/datanode-4/data-0/hdds/7a2c00ee-15e1-4921-aa6b-526c14ec89d8/current/containerDir0/2/chunks does not exist.
2025-07-15 19:44:40,659 [EventQueue-PipelineActionsForPipelineActionHandler] INFO  pipeline.PipelineActionHandler (PipelineActionHandler.java:processPipelineAction(89)) - Received pipeline action CLOSE for Pipeline-2a9ac051-bf0b-4ff2-8e2f-8c8a76c13734 from datanode faa2b429-16a2-49fa-ab42-514c70ac334b(localhost/127.0.0.1). Reason : Chunks directory /home/runner/work/ozone/ozone/hadoop-ozone/integration-test/target/test-dir/MiniOzoneClusterImpl-7a2c00ee-15e1-4921-aa6b-526c14ec89d8/ozone-meta/datanode-5/data-0/hdds/7a2c00ee-15e1-4921-aa6b-526c14ec89d8/current/containerDir0/2/chunks does not exist.
2025-07-15 19:44:40,705 [1ed39f2b-ba05-41d4-bcbc-50acfb489962@group-5EE77318BC33-StateMachineUpdater] INFO  ratis.ContainerStateMachine (ContainerStateMachine.java:takeSnapshot(427)) - group-5EE77318BC33: Taking a snapshot at:(t:1, i:4) file /home/runner/work/ozone/ozone/hadoop-ozone/integration-test/target/test-dir/MiniOzoneClusterImpl-7a2c00ee-15e1-4921-aa6b-526c14ec89d8/ozone-meta/datanode-6/ratis/4f81a5f5-7675-4903-8736-5ee77318bc33/sm/snapshot.1_4
2025-07-15 19:44:40,707 [1ed39f2b-ba05-41d4-bcbc-50acfb489962@group-5EE77318BC33-StateMachineUpdater] INFO  ratis.ContainerStateMachine (ContainerStateMachine.java:takeSnapshot(436)) - group-5EE77318BC33: Finished taking a snapshot at:(t:1, i:4) file:/home/runner/work/ozone/ozone/hadoop-ozone/integration-test/target/test-dir/MiniOzoneClusterImpl-7a2c00ee-15e1-4921-aa6b-526c14ec89d8/ozone-meta/datanode-6/ratis/4f81a5f5-7675-4903-8736-5ee77318bc33/sm/snapshot.1_4 took: 1 ms
2025-07-15 19:44:40,707 [1ed39f2b-ba05-41d4-bcbc-50acfb489962@group-5EE77318BC33-StateMachineUpdater] INFO  impl.StateMachineUpdater (StateMachineUpdater.java:takeSnapshot(307)) - 1ed39f2b-ba05-41d4-bcbc-50acfb489962@group-5EE77318BC33-StateMachineUpdater: Took a snapshot at index 4
2025-07-15 19:44:40,707 [1ed39f2b-ba05-41d4-bcbc-50acfb489962@group-5EE77318BC33-StateMachineUpdater] INFO  impl.StateMachineUpdater (StateMachineUpdater.java:lambda$new$0(101)) - 1ed39f2b-ba05-41d4-bcbc-50acfb489962@group-5EE77318BC33-StateMachineUpdater: snapshotIndex: updateIncreasingly 2 -> 4
2025-07-15 19:44:40,710 [99cb6aa4-ab14-4525-b571-11fa40308ff9@group-5EE77318BC33-StateMachineUpdater] INFO  ratis.ContainerStateMachine (ContainerStateMachine.java:takeSnapshot(427)) - group-5EE77318BC33: Taking a snapshot at:(t:1, i:4) file /home/runner/work/ozone/ozone/hadoop-ozone/integration-test/target/test-dir/MiniOzoneClusterImpl-7a2c00ee-15e1-4921-aa6b-526c14ec89d8/ozone-meta/datanode-4/ratis/4f81a5f5-7675-4903-8736-5ee77318bc33/sm/snapshot.1_4
2025-07-15 19:44:40,711 [99cb6aa4-ab14-4525-b571-11fa40308ff9@group-5EE77318BC33-StateMachineUpdater] INFO  ratis.ContainerStateMachine (ContainerStateMachine.java:takeSnapshot(436)) - group-5EE77318BC33: Finished taking a snapshot at:(t:1, i:4) file:/home/runner/work/ozone/ozone/hadoop-ozone/integration-test/target/test-dir/MiniOzoneClusterImpl-7a2c00ee-15e1-4921-aa6b-526c14ec89d8/ozone-meta/datanode-4/ratis/4f81a5f5-7675-4903-8736-5ee77318bc33/sm/snapshot.1_4 took: 1 ms
2025-07-15 19:44:40,711 [99cb6aa4-ab14-4525-b571-11fa40308ff9@group-5EE77318BC33-StateMachineUpdater] INFO  impl.StateMachineUpdater (StateMachineUpdater.java:takeSnapshot(307)) - 99cb6aa4-ab14-4525-b571-11fa40308ff9@group-5EE77318BC33-StateMachineUpdater: Took a snapshot at index 4
2025-07-15 19:44:40,711 [99cb6aa4-ab14-4525-b571-11fa40308ff9@group-5EE77318BC33-StateMachineUpdater] INFO  impl.StateMachineUpdater (StateMachineUpdater.java:lambda$new$0(101)) - 99cb6aa4-ab14-4525-b571-11fa40308ff9@group-5EE77318BC33-StateMachineUpdater: snapshotIndex: updateIncreasingly 1 -> 4
2025-07-15 19:44:40,856 [EventQueue-PipelineActionsForPipelineActionHandler] INFO  pipeline.PipelineActionHandler (PipelineActionHandler.java:processPipelineAction(89)) - Received pipeline action CLOSE for Pipeline-2a9ac051-bf0b-4ff2-8e2f-8c8a76c13734 from datanode 99cb6aa4-ab14-4525-b571-11fa40308ff9(localhost/127.0.0.1). Reason : Chunks directory /home/runner/work/ozone/ozone/hadoop-ozone/integration-test/target/test-dir/MiniOzoneClusterImpl-7a2c00ee-15e1-4921-aa6b-526c14ec89d8/ozone-meta/datanode-4/data-0/hdds/7a2c00ee-15e1-4921-aa6b-526c14ec89d8/current/containerDir0/2/chunks does not exist.
2025-07-15 19:44:40,859 [EventQueue-PipelineActionsForPipelineActionHandler] INFO  pipeline.PipelineActionHandler (PipelineActionHandler.java:processPipelineAction(89)) - Received pipeline action CLOSE for Pipeline-2a9ac051-bf0b-4ff2-8e2f-8c8a76c13734 from datanode faa2b429-16a2-49fa-ab42-514c70ac334b(localhost/127.0.0.1). Reason : Chunks directory /home/runner/work/ozone/ozone/hadoop-ozone/integration-test/target/test-dir/MiniOzoneClusterImpl-7a2c00ee-15e1-4921-aa6b-526c14ec89d8/ozone-meta/datanode-5/data-0/hdds/7a2c00ee-15e1-4921-aa6b-526c14ec89d8/current/containerDir0/2/chunks does not exist.
2025-07-15 19:44:40,939 [edffad61-d5a0-4c2f-abd3-1d848b9782f9@group-A35D399F7985-StateMachineUpdater] INFO  ratis.ContainerStateMachine (ContainerStateMachine.java:takeSnapshot(427)) - group-A35D399F7985: Taking a snapshot at:(t:1, i:0) file /home/runner/work/ozone/ozone/hadoop-ozone/integration-test/target/test-dir/MiniOzoneClusterImpl-7a2c00ee-15e1-4921-aa6b-526c14ec89d8/ozone-meta/datanode-9/ratis/c5ee18f9-7bb3-48ae-90e0-a35d399f7985/sm/snapshot.1_0
2025-07-15 19:44:40,939 [262265f8-b6b0-4173-8249-6c4ff56c562c@group-A35D399F7985-StateMachineUpdater] INFO  ratis.ContainerStateMachine (ContainerStateMachine.java:takeSnapshot(427)) - group-A35D399F7985: Taking a snapshot at:(t:1, i:0) file /home/runner/work/ozone/ozone/hadoop-ozone/integration-test/target/test-dir/MiniOzoneClusterImpl-7a2c00ee-15e1-4921-aa6b-526c14ec89d8/ozone-meta/datanode-7/ratis/c5ee18f9-7bb3-48ae-90e0-a35d399f7985/sm/snapshot.1_0
2025-07-15 19:44:40,940 [edffad61-d5a0-4c2f-abd3-1d848b9782f9@group-A35D399F7985-StateMachineUpdater] INFO  ratis.ContainerStateMachine (ContainerStateMachine.java:takeSnapshot(436)) - group-A35D399F7985: Finished taking a snapshot at:(t:1, i:0) file:/home/runner/work/ozone/ozone/hadoop-ozone/integration-test/target/test-dir/MiniOzoneClusterImpl-7a2c00ee-15e1-4921-aa6b-526c14ec89d8/ozone-meta/datanode-9/ratis/c5ee18f9-7bb3-48ae-90e0-a35d399f7985/sm/snapshot.1_0 took: 1 ms
2025-07-15 19:44:40,940 [262265f8-b6b0-4173-8249-6c4ff56c562c@group-A35D399F7985-StateMachineUpdater] INFO  ratis.ContainerStateMachine (ContainerStateMachine.java:takeSnapshot(436)) - group-A35D399F7985: Finished taking a snapshot at:(t:1, i:0) file:/home/runner/work/ozone/ozone/hadoop-ozone/integration-test/target/test-dir/MiniOzoneClusterImpl-7a2c00ee-15e1-4921-aa6b-526c14ec89d8/ozone-meta/datanode-7/ratis/c5ee18f9-7bb3-48ae-90e0-a35d399f7985/sm/snapshot.1_0 took: 1 ms
2025-07-15 19:44:40,940 [edffad61-d5a0-4c2f-abd3-1d848b9782f9@group-A35D399F7985-StateMachineUpdater] INFO  impl.StateMachineUpdater (StateMachineUpdater.java:takeSnapshot(307)) - edffad61-d5a0-4c2f-abd3-1d848b9782f9@group-A35D399F7985-StateMachineUpdater: Took a snapshot at index 0
2025-07-15 19:44:40,940 [262265f8-b6b0-4173-8249-6c4ff56c562c@group-A35D399F7985-StateMachineUpdater] INFO  impl.StateMachineUpdater (StateMachineUpdater.java:takeSnapshot(307)) - 262265f8-b6b0-4173-8249-6c4ff56c562c@group-A35D399F7985-StateMachineUpdater: Took a snapshot at index 0
2025-07-15 19:44:40,940 [262265f8-b6b0-4173-8249-6c4ff56c562c@group-A35D399F7985-StateMachineUpdater] INFO  impl.StateMachineUpdater (StateMachineUpdater.java:lambda$new$0(101)) - 262265f8-b6b0-4173-8249-6c4ff56c562c@group-A35D399F7985-StateMachineUpdater: snapshotIndex: updateIncreasingly -1 -> 0
2025-07-15 19:44:40,940 [edffad61-d5a0-4c2f-abd3-1d848b9782f9@group-A35D399F7985-StateMachineUpdater] INFO  impl.StateMachineUpdater (StateMachineUpdater.java:lambda$new$0(101)) - edffad61-d5a0-4c2f-abd3-1d848b9782f9@group-A35D399F7985-StateMachineUpdater: snapshotIndex: updateIncreasingly -1 -> 0
2025-07-15 19:44:41,026 [262265f8-b6b0-4173-8249-6c4ff56c562c@group-D4D9E1AFA3FC-StateMachineUpdater] INFO  ratis.ContainerStateMachine (ContainerStateMachine.java:takeSnapshot(427)) - group-D4D9E1AFA3FC: Taking a snapshot at:(t:1, i:0) file /home/runner/work/ozone/ozone/hadoop-ozone/integration-test/target/test-dir/MiniOzoneClusterImpl-7a2c00ee-15e1-4921-aa6b-526c14ec89d8/ozone-meta/datanode-7/ratis/f182326e-4933-482b-ba7e-d4d9e1afa3fc/sm/snapshot.1_0
2025-07-15 19:44:41,026 [262265f8-b6b0-4173-8249-6c4ff56c562c@group-D4D9E1AFA3FC-StateMachineUpdater] INFO  ratis.ContainerStateMachine (ContainerStateMachine.java:takeSnapshot(436)) - group-D4D9E1AFA3FC: Finished taking a snapshot at:(t:1, i:0) file:/home/runner/work/ozone/ozone/hadoop-ozone/integration-test/target/test-dir/MiniOzoneClusterImpl-7a2c00ee-15e1-4921-aa6b-526c14ec89d8/ozone-meta/datanode-7/ratis/f182326e-4933-482b-ba7e-d4d9e1afa3fc/sm/snapshot.1_0 took: 1 ms
2025-07-15 19:44:41,027 [262265f8-b6b0-4173-8249-6c4ff56c562c@group-D4D9E1AFA3FC-StateMachineUpdater] INFO  impl.StateMachineUpdater (StateMachineUpdater.java:takeSnapshot(307)) - 262265f8-b6b0-4173-8249-6c4ff56c562c@group-D4D9E1AFA3FC-StateMachineUpdater: Took a snapshot at index 0
2025-07-15 19:44:41,027 [262265f8-b6b0-4173-8249-6c4ff56c562c@group-D4D9E1AFA3FC-StateMachineUpdater] INFO  impl.StateMachineUpdater (StateMachineUpdater.java:lambda$new$0(101)) - 262265f8-b6b0-4173-8249-6c4ff56c562c@group-D4D9E1AFA3FC-StateMachineUpdater: snapshotIndex: updateIncreasingly -1 -> 0
2025-07-15 19:44:41,027 [73892b45-0ad3-4392-8d09-ab2d1cd7ede4@group-D4D9E1AFA3FC-StateMachineUpdater] INFO  ratis.ContainerStateMachine (ContainerStateMachine.java:takeSnapshot(427)) - group-D4D9E1AFA3FC: Taking a snapshot at:(t:1, i:0) file /home/runner/work/ozone/ozone/hadoop-ozone/integration-test/target/test-dir/MiniOzoneClusterImpl-7a2c00ee-15e1-4921-aa6b-526c14ec89d8/ozone-meta/datanode-8/ratis/f182326e-4933-482b-ba7e-d4d9e1afa3fc/sm/snapshot.1_0
2025-07-15 19:44:41,027 [73892b45-0ad3-4392-8d09-ab2d1cd7ede4@group-D4D9E1AFA3FC-StateMachineUpdater] INFO  ratis.ContainerStateMachine (ContainerStateMachine.java:takeSnapshot(436)) - group-D4D9E1AFA3FC: Finished taking a snapshot at:(t:1, i:0) file:/home/runner/work/ozone/ozone/hadoop-ozone/integration-test/target/test-dir/MiniOzoneClusterImpl-7a2c00ee-15e1-4921-aa6b-526c14ec89d8/ozone-meta/datanode-8/ratis/f182326e-4933-482b-ba7e-d4d9e1afa3fc/sm/snapshot.1_0 took: 1 ms
2025-07-15 19:44:41,027 [73892b45-0ad3-4392-8d09-ab2d1cd7ede4@group-D4D9E1AFA3FC-StateMachineUpdater] INFO  impl.StateMachineUpdater (StateMachineUpdater.java:takeSnapshot(307)) - 73892b45-0ad3-4392-8d09-ab2d1cd7ede4@group-D4D9E1AFA3FC-StateMachineUpdater: Took a snapshot at index 0
2025-07-15 19:44:41,027 [73892b45-0ad3-4392-8d09-ab2d1cd7ede4@group-D4D9E1AFA3FC-StateMachineUpdater] INFO  impl.StateMachineUpdater (StateMachineUpdater.java:lambda$new$0(101)) - 73892b45-0ad3-4392-8d09-ab2d1cd7ede4@group-D4D9E1AFA3FC-StateMachineUpdater: snapshotIndex: updateIncreasingly -1 -> 0
2025-07-15 19:44:41,057 [EventQueue-PipelineActionsForPipelineActionHandler] INFO  pipeline.PipelineActionHandler (PipelineActionHandler.java:processPipelineAction(89)) - Received pipeline action CLOSE for Pipeline-2a9ac051-bf0b-4ff2-8e2f-8c8a76c13734 from datanode 99cb6aa4-ab14-4525-b571-11fa40308ff9(localhost/127.0.0.1). Reason : Chunks directory /home/runner/work/ozone/ozone/hadoop-ozone/integration-test/target/test-dir/MiniOzoneClusterImpl-7a2c00ee-15e1-4921-aa6b-526c14ec89d8/ozone-meta/datanode-4/data-0/hdds/7a2c00ee-15e1-4921-aa6b-526c14ec89d8/current/containerDir0/2/chunks does not exist.
2025-07-15 19:44:41,059 [EventQueue-PipelineActionsForPipelineActionHandler] INFO  pipeline.PipelineActionHandler (PipelineActionHandler.java:processPipelineAction(89)) - Received pipeline action CLOSE for Pipeline-2a9ac051-bf0b-4ff2-8e2f-8c8a76c13734 from datanode faa2b429-16a2-49fa-ab42-514c70ac334b(localhost/127.0.0.1). Reason : Chunks directory /home/runner/work/ozone/ozone/hadoop-ozone/integration-test/target/test-dir/MiniOzoneClusterImpl-7a2c00ee-15e1-4921-aa6b-526c14ec89d8/ozone-meta/datanode-5/data-0/hdds/7a2c00ee-15e1-4921-aa6b-526c14ec89d8/current/containerDir0/2/chunks does not exist.
2025-07-15 19:44:41,256 [EventQueue-PipelineActionsForPipelineActionHandler] INFO  pipeline.PipelineActionHandler (PipelineActionHandler.java:processPipelineAction(89)) - Received pipeline action CLOSE for Pipeline-2a9ac051-bf0b-4ff2-8e2f-8c8a76c13734 from datanode 99cb6aa4-ab14-4525-b571-11fa40308ff9(localhost/127.0.0.1). Reason : Chunks directory /home/runner/work/ozone/ozone/hadoop-ozone/integration-test/target/test-dir/MiniOzoneClusterImpl-7a2c00ee-15e1-4921-aa6b-526c14ec89d8/ozone-meta/datanode-4/data-0/hdds/7a2c00ee-15e1-4921-aa6b-526c14ec89d8/current/containerDir0/2/chunks does not exist.
2025-07-15 19:44:41,259 [EventQueue-PipelineActionsForPipelineActionHandler] INFO  pipeline.PipelineActionHandler (PipelineActionHandler.java:processPipelineAction(89)) - Received pipeline action CLOSE for Pipeline-2a9ac051-bf0b-4ff2-8e2f-8c8a76c13734 from datanode faa2b429-16a2-49fa-ab42-514c70ac334b(localhost/127.0.0.1). Reason : Chunks directory /home/runner/work/ozone/ozone/hadoop-ozone/integration-test/target/test-dir/MiniOzoneClusterImpl-7a2c00ee-15e1-4921-aa6b-526c14ec89d8/ozone-meta/datanode-5/data-0/hdds/7a2c00ee-15e1-4921-aa6b-526c14ec89d8/current/containerDir0/2/chunks does not exist.
2025-07-15 19:44:41,457 [EventQueue-PipelineActionsForPipelineActionHandler] INFO  pipeline.PipelineActionHandler (PipelineActionHandler.java:processPipelineAction(89)) - Received pipeline action CLOSE for Pipeline-2a9ac051-bf0b-4ff2-8e2f-8c8a76c13734 from datanode 99cb6aa4-ab14-4525-b571-11fa40308ff9(localhost/127.0.0.1). Reason : Chunks directory /home/runner/work/ozone/ozone/hadoop-ozone/integration-test/target/test-dir/MiniOzoneClusterImpl-7a2c00ee-15e1-4921-aa6b-526c14ec89d8/ozone-meta/datanode-4/data-0/hdds/7a2c00ee-15e1-4921-aa6b-526c14ec89d8/current/containerDir0/2/chunks does not exist.
2025-07-15 19:44:41,459 [EventQueue-PipelineActionsForPipelineActionHandler] INFO  pipeline.PipelineActionHandler (PipelineActionHandler.java:processPipelineAction(89)) - Received pipeline action CLOSE for Pipeline-2a9ac051-bf0b-4ff2-8e2f-8c8a76c13734 from datanode faa2b429-16a2-49fa-ab42-514c70ac334b(localhost/127.0.0.1). Reason : Chunks directory /home/runner/work/ozone/ozone/hadoop-ozone/integration-test/target/test-dir/MiniOzoneClusterImpl-7a2c00ee-15e1-4921-aa6b-526c14ec89d8/ozone-meta/datanode-5/data-0/hdds/7a2c00ee-15e1-4921-aa6b-526c14ec89d8/current/containerDir0/2/chunks does not exist.
2025-07-15 19:44:41,656 [EventQueue-PipelineActionsForPipelineActionHandler] INFO  pipeline.PipelineActionHandler (PipelineActionHandler.java:processPipelineAction(89)) - Received pipeline action CLOSE for Pipeline-2a9ac051-bf0b-4ff2-8e2f-8c8a76c13734 from datanode 99cb6aa4-ab14-4525-b571-11fa40308ff9(localhost/127.0.0.1). Reason : Chunks directory /home/runner/work/ozone/ozone/hadoop-ozone/integration-test/target/test-dir/MiniOzoneClusterImpl-7a2c00ee-15e1-4921-aa6b-526c14ec89d8/ozone-meta/datanode-4/data-0/hdds/7a2c00ee-15e1-4921-aa6b-526c14ec89d8/current/containerDir0/2/chunks does not exist.
2025-07-15 19:44:41,659 [EventQueue-PipelineActionsForPipelineActionHandler] INFO  pipeline.PipelineActionHandler (PipelineActionHandler.java:processPipelineAction(89)) - Received pipeline action CLOSE for Pipeline-2a9ac051-bf0b-4ff2-8e2f-8c8a76c13734 from datanode faa2b429-16a2-49fa-ab42-514c70ac334b(localhost/127.0.0.1). Reason : Chunks directory /home/runner/work/ozone/ozone/hadoop-ozone/integration-test/target/test-dir/MiniOzoneClusterImpl-7a2c00ee-15e1-4921-aa6b-526c14ec89d8/ozone-meta/datanode-5/data-0/hdds/7a2c00ee-15e1-4921-aa6b-526c14ec89d8/current/containerDir0/2/chunks does not exist.
2025-07-15 19:44:41,857 [EventQueue-PipelineActionsForPipelineActionHandler] INFO  pipeline.PipelineActionHandler (PipelineActionHandler.java:processPipelineAction(89)) - Received pipeline action CLOSE for Pipeline-2a9ac051-bf0b-4ff2-8e2f-8c8a76c13734 from datanode 99cb6aa4-ab14-4525-b571-11fa40308ff9(localhost/127.0.0.1). Reason : Chunks directory /home/runner/work/ozone/ozone/hadoop-ozone/integration-test/target/test-dir/MiniOzoneClusterImpl-7a2c00ee-15e1-4921-aa6b-526c14ec89d8/ozone-meta/datanode-4/data-0/hdds/7a2c00ee-15e1-4921-aa6b-526c14ec89d8/current/containerDir0/2/chunks does not exist.
2025-07-15 19:44:41,859 [EventQueue-PipelineActionsForPipelineActionHandler] INFO  pipeline.PipelineActionHandler (PipelineActionHandler.java:processPipelineAction(89)) - Received pipeline action CLOSE for Pipeline-2a9ac051-bf0b-4ff2-8e2f-8c8a76c13734 from datanode faa2b429-16a2-49fa-ab42-514c70ac334b(localhost/127.0.0.1). Reason : Chunks directory /home/runner/work/ozone/ozone/hadoop-ozone/integration-test/target/test-dir/MiniOzoneClusterImpl-7a2c00ee-15e1-4921-aa6b-526c14ec89d8/ozone-meta/datanode-5/data-0/hdds/7a2c00ee-15e1-4921-aa6b-526c14ec89d8/current/containerDir0/2/chunks does not exist.
2025-07-15 19:44:41,862 [faa2b429-16a2-49fa-ab42-514c70ac334b@group-8C8A76C13734-StateMachineUpdater] ERROR ratis.ContainerStateMachine (ContainerStateMachine.java:takeSnapshot(421)) - Failed to take snapshot  for group-8C8A76C13734 as the stateMachine is unhealthy. The last applied index is at (t:1, i:4)
2025-07-15 19:44:41,862 [faa2b429-16a2-49fa-ab42-514c70ac334b@group-8C8A76C13734-StateMachineUpdater] ERROR impl.StateMachineUpdater (StateMachineUpdater.java:takeSnapshot(302)) - faa2b429-16a2-49fa-ab42-514c70ac334b@group-8C8A76C13734-StateMachineUpdater: Failed to take snapshot
org.apache.ratis.protocol.exceptions.StateMachineException: Failed to take snapshot  for group-8C8A76C13734 as the stateMachine is unhealthy. The last applied index is at (t:1, i:4)
	at org.apache.hadoop.ozone.container.common.transport.server.ratis.ContainerStateMachine.takeSnapshot(ContainerStateMachine.java:420)
	at org.apache.ratis.server.impl.StateMachineUpdater.takeSnapshot(StateMachineUpdater.java:290)
	at org.apache.ratis.server.impl.StateMachineUpdater.checkAndTakeSnapshot(StateMachineUpdater.java:281)
	at org.apache.ratis.server.impl.StateMachineUpdater.run(StateMachineUpdater.java:194)
	at java.base/java.lang.Thread.run(Thread.java:1583)
2025-07-15 19:44:41,863 [faa2b429-16a2-49fa-ab42-514c70ac334b-server-thread1] WARN  server.GrpcServerProtocolService (LogUtils.java:warn(129)) - faa2b429-16a2-49fa-ab42-514c70ac334b: Failed APPEND_ENTRIES request 1ed39f2b-ba05-41d4-bcbc-50acfb489962->faa2b429-16a2-49fa-ab42-514c70ac334b#18-t1,previous=(t:1, i:4),leaderCommit=4,initializing? false,entries: size=2, first=(t:1, i:5), STATEMACHINELOGENTRY, WRITE: logData.size=154, stateMachineData.size=10, logEntryProtoSerializedSize=0
java.util.concurrent.CompletionException: org.apache.hadoop.hdds.scm.container.common.helpers.StorageContainerException: Chunks directory /home/runner/work/ozone/ozone/hadoop-ozone/integration-test/target/test-dir/MiniOzoneClusterImpl-7a2c00ee-15e1-4921-aa6b-526c14ec89d8/ozone-meta/datanode-5/data-0/hdds/7a2c00ee-15e1-4921-aa6b-526c14ec89d8/current/containerDir0/2/chunks does not exist.
	at java.base/java.util.concurrent.CompletableFuture.encodeThrowable(CompletableFuture.java:332)
	at java.base/java.util.concurrent.CompletableFuture.completeThrowable(CompletableFuture.java:347)
	at java.base/java.util.concurrent.CompletableFuture$BiRelay.tryFire(CompletableFuture.java:1498)
	at java.base/java.util.concurrent.CompletableFuture$CoCompletion.tryFire(CompletableFuture.java:1219)
	at java.base/java.util.concurrent.CompletableFuture.postComplete(CompletableFuture.java:510)
	at java.base/java.util.concurrent.CompletableFuture.completeExceptionally(CompletableFuture.java:2194)
	at org.apache.ratis.server.raftlog.segmented.SegmentedRaftLog$Task.failed(SegmentedRaftLog.java:109)
	at org.apache.ratis.server.raftlog.segmented.SegmentedRaftLogWorker$WriteLog.failed(SegmentedRaftLogWorker.java:530)
	at org.apache.ratis.server.raftlog.segmented.SegmentedRaftLogWorker.run(SegmentedRaftLogWorker.java:326)
	at java.base/java.util.concurrent.Executors$RunnableAdapter.call(Executors.java:572)
	at java.base/java.util.concurrent.FutureTask.run(FutureTask.java:317)
	at java.base/java.util.concurrent.ThreadPoolExecutor.runWorker(ThreadPoolExecutor.java:1144)
	at java.base/java.util.concurrent.ThreadPoolExecutor$Worker.run(ThreadPoolExecutor.java:642)
	at java.base/java.lang.Thread.run(Thread.java:1583)
Caused by: org.apache.hadoop.hdds.scm.container.common.helpers.StorageContainerException: Chunks directory /home/runner/work/ozone/ozone/hadoop-ozone/integration-test/target/test-dir/MiniOzoneClusterImpl-7a2c00ee-15e1-4921-aa6b-526c14ec89d8/ozone-meta/datanode-5/data-0/hdds/7a2c00ee-15e1-4921-aa6b-526c14ec89d8/current/containerDir0/2/chunks does not exist.
	at org.apache.hadoop.ozone.container.common.transport.server.ratis.ContainerStateMachine.handleCommandResult(ContainerStateMachine.java:661)
	at org.apache.hadoop.ozone.container.common.transport.server.ratis.ContainerStateMachine.lambda$writeStateMachineData$2(ContainerStateMachine.java:623)
	... 4 more
2025-07-15 19:44:41,865 [grpc-default-executor-5] INFO  leader.LogAppender (LogAppenderBase.java:lambda$getNextIndexForError$0(215)) - Decrease nextIndex to 5
2025-07-15 19:44:41,865 [grpc-default-executor-5] INFO  leader.LogAppender (LogAppenderBase.java:lambda$getNextIndexForError$0(215)) - Decrease nextIndex to 5
2025-07-15 19:44:41,865 [grpc-default-executor-5] INFO  leader.FollowerInfo (FollowerInfoImpl.java:info(70)) - 1ed39f2b-ba05-41d4-bcbc-50acfb489962@group-8C8A76C13734->faa2b429-16a2-49fa-ab42-514c70ac334b: computeNextIndex nextIndex: updateUnconditionally 7 -> 5
2025-07-15 19:44:41,865 [99cb6aa4-ab14-4525-b571-11fa40308ff9@group-8C8A76C13734-StateMachineUpdater] ERROR ratis.ContainerStateMachine (ContainerStateMachine.java:takeSnapshot(421)) - Failed to take snapshot  for group-8C8A76C13734 as the stateMachine is unhealthy. The last applied index is at (t:1, i:4)
2025-07-15 19:44:41,865 [99cb6aa4-ab14-4525-b571-11fa40308ff9@group-8C8A76C13734-StateMachineUpdater] ERROR impl.StateMachineUpdater (StateMachineUpdater.java:takeSnapshot(302)) - 99cb6aa4-ab14-4525-b571-11fa40308ff9@group-8C8A76C13734-StateMachineUpdater: Failed to take snapshot
org.apache.ratis.protocol.exceptions.StateMachineException: Failed to take snapshot  for group-8C8A76C13734 as the stateMachine is unhealthy. The last applied index is at (t:1, i:4)
	at org.apache.hadoop.ozone.container.common.transport.server.ratis.ContainerStateMachine.takeSnapshot(ContainerStateMachine.java:420)
	at org.apache.ratis.server.impl.StateMachineUpdater.takeSnapshot(StateMachineUpdater.java:290)
	at org.apache.ratis.server.impl.StateMachineUpdater.checkAndTakeSnapshot(StateMachineUpdater.java:281)
	at org.apache.ratis.server.impl.StateMachineUpdater.run(StateMachineUpdater.java:194)
	at java.base/java.lang.Thread.run(Thread.java:1583)
2025-07-15 19:44:41,866 [grpc-default-executor-0] WARN  server.GrpcServerProtocolService (LogUtils.java:warn(129)) - 99cb6aa4-ab14-4525-b571-11fa40308ff9: Failed APPEND_ENTRIES request 1ed39f2b-ba05-41d4-bcbc-50acfb489962->99cb6aa4-ab14-4525-b571-11fa40308ff9#18-t1,previous=(t:1, i:5),leaderCommit=4,initializing? false,entries: size=1, first=(t:1, i:6), STATEMACHINELOGENTRY, WRITE: logData.size=217, stateMachineData.size=0, logEntryProtoSerializedSize=0
java.util.concurrent.CompletionException: org.apache.hadoop.hdds.scm.container.common.helpers.StorageContainerException: Chunks directory /home/runner/work/ozone/ozone/hadoop-ozone/integration-test/target/test-dir/MiniOzoneClusterImpl-7a2c00ee-15e1-4921-aa6b-526c14ec89d8/ozone-meta/datanode-4/data-0/hdds/7a2c00ee-15e1-4921-aa6b-526c14ec89d8/current/containerDir0/2/chunks does not exist.
	at java.base/java.util.concurrent.CompletableFuture.encodeThrowable(CompletableFuture.java:332)
	at java.base/java.util.concurrent.CompletableFuture.completeThrowable(CompletableFuture.java:347)
	at java.base/java.util.concurrent.CompletableFuture$BiRelay.tryFire(CompletableFuture.java:1498)
	at java.base/java.util.concurrent.CompletableFuture$CoCompletion.tryFire(CompletableFuture.java:1219)
	at java.base/java.util.concurrent.CompletableFuture.postComplete(CompletableFuture.java:510)
	at java.base/java.util.concurrent.CompletableFuture.completeExceptionally(CompletableFuture.java:2194)
	at org.apache.ratis.server.raftlog.segmented.SegmentedRaftLog$Task.failed(SegmentedRaftLog.java:109)
	at org.apache.ratis.server.raftlog.segmented.SegmentedRaftLogWorker$WriteLog.failed(SegmentedRaftLogWorker.java:530)
	at org.apache.ratis.server.raftlog.segmented.SegmentedRaftLogWorker.run(SegmentedRaftLogWorker.java:326)
	at java.base/java.util.concurrent.Executors$RunnableAdapter.call(Executors.java:572)
	at java.base/java.util.concurrent.FutureTask.run(FutureTask.java:317)
	at java.base/java.util.concurrent.ThreadPoolExecutor.runWorker(ThreadPoolExecutor.java:1144)
	at java.base/java.util.concurrent.ThreadPoolExecutor$Worker.run(ThreadPoolExecutor.java:642)
	at java.base/java.lang.Thread.run(Thread.java:1583)
Caused by: org.apache.hadoop.hdds.scm.container.common.helpers.StorageContainerException: Chunks directory /home/runner/work/ozone/ozone/hadoop-ozone/integration-test/target/test-dir/MiniOzoneClusterImpl-7a2c00ee-15e1-4921-aa6b-526c14ec89d8/ozone-meta/datanode-4/data-0/hdds/7a2c00ee-15e1-4921-aa6b-526c14ec89d8/current/containerDir0/2/chunks does not exist.
	at org.apache.hadoop.ozone.container.common.transport.server.ratis.ContainerStateMachine.handleCommandResult(ContainerStateMachine.java:661)
	at org.apache.hadoop.ozone.container.common.transport.server.ratis.ContainerStateMachine.lambda$writeStateMachineData$2(ContainerStateMachine.java:623)
	... 4 more
2025-07-15 19:44:41,868 [grpc-default-executor-0] INFO  leader.LogAppender (LogAppenderBase.java:lambda$getNextIndexForError$0(215)) - Decrease nextIndex to 6
2025-07-15 19:44:41,868 [grpc-default-executor-0] INFO  leader.LogAppender (LogAppenderBase.java:lambda$getNextIndexForError$0(215)) - Decrease nextIndex to 6
2025-07-15 19:44:41,868 [grpc-default-executor-0] INFO  leader.FollowerInfo (FollowerInfoImpl.java:info(70)) - 1ed39f2b-ba05-41d4-bcbc-50acfb489962@group-8C8A76C13734->99cb6aa4-ab14-4525-b571-11fa40308ff9: computeNextIndex nextIndex: updateUnconditionally 7 -> 6
2025-07-15 19:44:41,868 [grpc-default-executor-5] WARN  server.GrpcServerProtocolService (LogUtils.java:warn(129)) - faa2b429-16a2-49fa-ab42-514c70ac334b: Failed APPEND_ENTRIES request 1ed39f2b-ba05-41d4-bcbc-50acfb489962->faa2b429-16a2-49fa-ab42-514c70ac334b#19-t1,previous=(t:1, i:4),leaderCommit=4,initializing? false,entries: size=2, first=(t:1, i:5), STATEMACHINELOGENTRY, WRITE: logData.size=154, stateMachineData.size=10, logEntryProtoSerializedSize=0
java.util.concurrent.CompletionException: org.apache.hadoop.hdds.scm.container.common.helpers.StorageContainerException: Chunks directory /home/runner/work/ozone/ozone/hadoop-ozone/integration-test/target/test-dir/MiniOzoneClusterImpl-7a2c00ee-15e1-4921-aa6b-526c14ec89d8/ozone-meta/datanode-5/data-0/hdds/7a2c00ee-15e1-4921-aa6b-526c14ec89d8/current/containerDir0/2/chunks does not exist.
	at java.base/java.util.concurrent.CompletableFuture.encodeThrowable(CompletableFuture.java:332)
	at java.base/java.util.concurrent.CompletableFuture.completeThrowable(CompletableFuture.java:347)
	at java.base/java.util.concurrent.CompletableFuture$BiRelay.tryFire(CompletableFuture.java:1498)
	at java.base/java.util.concurrent.CompletableFuture$CoCompletion.tryFire(CompletableFuture.java:1219)
	at java.base/java.util.concurrent.CompletableFuture.postComplete(CompletableFuture.java:510)
	at java.base/java.util.concurrent.CompletableFuture.completeExceptionally(CompletableFuture.java:2194)
	at org.apache.ratis.server.raftlog.segmented.SegmentedRaftLog$Task.failed(SegmentedRaftLog.java:109)
	at org.apache.ratis.server.raftlog.segmented.SegmentedRaftLogWorker$WriteLog.failed(SegmentedRaftLogWorker.java:530)
	at org.apache.ratis.server.raftlog.segmented.SegmentedRaftLogWorker.run(SegmentedRaftLogWorker.java:326)
	at java.base/java.util.concurrent.Executors$RunnableAdapter.call(Executors.java:572)
	at java.base/java.util.concurrent.FutureTask.run(FutureTask.java:317)
	at java.base/java.util.concurrent.ThreadPoolExecutor.runWorker(ThreadPoolExecutor.java:1144)
	at java.base/java.util.concurrent.ThreadPoolExecutor$Worker.run(ThreadPoolExecutor.java:642)
	at java.base/java.lang.Thread.run(Thread.java:1583)
Caused by: org.apache.hadoop.hdds.scm.container.common.helpers.StorageContainerException: Chunks directory /home/runner/work/ozone/ozone/hadoop-ozone/integration-test/target/test-dir/MiniOzoneClusterImpl-7a2c00ee-15e1-4921-aa6b-526c14ec89d8/ozone-meta/datanode-5/data-0/hdds/7a2c00ee-15e1-4921-aa6b-526c14ec89d8/current/containerDir0/2/chunks does not exist.
	at org.apache.hadoop.ozone.container.common.transport.server.ratis.ContainerStateMachine.handleCommandResult(ContainerStateMachine.java:661)
	at org.apache.hadoop.ozone.container.common.transport.server.ratis.ContainerStateMachine.lambda$writeStateMachineData$2(ContainerStateMachine.java:623)
	... 4 more
2025-07-15 19:44:41,869 [grpc-default-executor-5] INFO  leader.LogAppender (LogAppenderBase.java:lambda$getNextIndexForError$0(215)) - Decrease nextIndex to 5
2025-07-15 19:44:41,869 [grpc-default-executor-5] INFO  leader.LogAppender (LogAppenderBase.java:lambda$getNextIndexForError$0(215)) - Decrease nextIndex to 5
2025-07-15 19:44:41,869 [grpc-default-executor-5] INFO  leader.FollowerInfo (FollowerInfoImpl.java:info(70)) - 1ed39f2b-ba05-41d4-bcbc-50acfb489962@group-8C8A76C13734->faa2b429-16a2-49fa-ab42-514c70ac334b: computeNextIndex nextIndex: updateUnconditionally 7 -> 5
2025-07-15 19:44:41,952 [1ed39f2b-ba05-41d4-bcbc-50acfb489962-CloseContainerThread-1] WARN  keyvalue.KeyValueHandler (KeyValueHandler.java:updateAndGetContainerChecksum(1451)) - Container data checksum updated from 0 to 1bdd5b56
2025-07-15 19:44:41,957 [99cb6aa4-ab14-4525-b571-11fa40308ff9-server-thread1] WARN  server.GrpcServerProtocolService (LogUtils.java:warn(129)) - 99cb6aa4-ab14-4525-b571-11fa40308ff9: Failed APPEND_ENTRIES request 1ed39f2b-ba05-41d4-bcbc-50acfb489962->99cb6aa4-ab14-4525-b571-11fa40308ff9#19-t1,previous=(t:1, i:5),leaderCommit=4,initializing? false,entries: size=2, first=(t:1, i:6), STATEMACHINELOGENTRY, WRITE: logData.size=217, stateMachineData.size=0, logEntryProtoSerializedSize=0
java.util.concurrent.CompletionException: org.apache.hadoop.hdds.scm.container.common.helpers.StorageContainerException: Chunks directory /home/runner/work/ozone/ozone/hadoop-ozone/integration-test/target/test-dir/MiniOzoneClusterImpl-7a2c00ee-15e1-4921-aa6b-526c14ec89d8/ozone-meta/datanode-4/data-0/hdds/7a2c00ee-15e1-4921-aa6b-526c14ec89d8/current/containerDir0/2/chunks does not exist.
	at java.base/java.util.concurrent.CompletableFuture.encodeThrowable(CompletableFuture.java:332)
	at java.base/java.util.concurrent.CompletableFuture.completeThrowable(CompletableFuture.java:347)
	at java.base/java.util.concurrent.CompletableFuture$BiRelay.tryFire(CompletableFuture.java:1498)
	at java.base/java.util.concurrent.CompletableFuture$CoCompletion.tryFire(CompletableFuture.java:1219)
	at java.base/java.util.concurrent.CompletableFuture.postComplete(CompletableFuture.java:510)
	at java.base/java.util.concurrent.CompletableFuture.completeExceptionally(CompletableFuture.java:2194)
	at org.apache.ratis.server.raftlog.segmented.SegmentedRaftLog$Task.failed(SegmentedRaftLog.java:109)
	at org.apache.ratis.server.raftlog.segmented.SegmentedRaftLogWorker$WriteLog.failed(SegmentedRaftLogWorker.java:530)
	at org.apache.ratis.server.raftlog.segmented.SegmentedRaftLogWorker.run(SegmentedRaftLogWorker.java:326)
	at java.base/java.util.concurrent.Executors$RunnableAdapter.call(Executors.java:572)
	at java.base/java.util.concurrent.FutureTask.run(FutureTask.java:317)
	at java.base/java.util.concurrent.ThreadPoolExecutor.runWorker(ThreadPoolExecutor.java:1144)
	at java.base/java.util.concurrent.ThreadPoolExecutor$Worker.run(ThreadPoolExecutor.java:642)
	at java.base/java.lang.Thread.run(Thread.java:1583)
Caused by: org.apache.hadoop.hdds.scm.container.common.helpers.StorageContainerException: Chunks directory /home/runner/work/ozone/ozone/hadoop-ozone/integration-test/target/test-dir/MiniOzoneClusterImpl-7a2c00ee-15e1-4921-aa6b-526c14ec89d8/ozone-meta/datanode-4/data-0/hdds/7a2c00ee-15e1-4921-aa6b-526c14ec89d8/current/containerDir0/2/chunks does not exist.
	at org.apache.hadoop.ozone.container.common.transport.server.ratis.ContainerStateMachine.handleCommandResult(ContainerStateMachine.java:661)
	at org.apache.hadoop.ozone.container.common.transport.server.ratis.ContainerStateMachine.lambda$writeStateMachineData$2(ContainerStateMachine.java:623)
	... 4 more
2025-07-15 19:44:41,957 [faa2b429-16a2-49fa-ab42-514c70ac334b-server-thread1] WARN  server.GrpcServerProtocolService (LogUtils.java:warn(129)) - faa2b429-16a2-49fa-ab42-514c70ac334b: Failed APPEND_ENTRIES request 1ed39f2b-ba05-41d4-bcbc-50acfb489962->faa2b429-16a2-49fa-ab42-514c70ac334b#20-t1,previous=(t:1, i:4),leaderCommit=4,initializing? false,entries: size=3, first=(t:1, i:5), STATEMACHINELOGENTRY, WRITE: logData.size=154, stateMachineData.size=10, logEntryProtoSerializedSize=0
java.util.concurrent.CompletionException: org.apache.hadoop.hdds.scm.container.common.helpers.StorageContainerException: Chunks directory /home/runner/work/ozone/ozone/hadoop-ozone/integration-test/target/test-dir/MiniOzoneClusterImpl-7a2c00ee-15e1-4921-aa6b-526c14ec89d8/ozone-meta/datanode-5/data-0/hdds/7a2c00ee-15e1-4921-aa6b-526c14ec89d8/current/containerDir0/2/chunks does not exist.
	at java.base/java.util.concurrent.CompletableFuture.encodeThrowable(CompletableFuture.java:332)
	at java.base/java.util.concurrent.CompletableFuture.completeThrowable(CompletableFuture.java:347)
	at java.base/java.util.concurrent.CompletableFuture$BiRelay.tryFire(CompletableFuture.java:1498)
	at java.base/java.util.concurrent.CompletableFuture$CoCompletion.tryFire(CompletableFuture.java:1219)
	at java.base/java.util.concurrent.CompletableFuture.postComplete(CompletableFuture.java:510)
	at java.base/java.util.concurrent.CompletableFuture.completeExceptionally(CompletableFuture.java:2194)
	at org.apache.ratis.server.raftlog.segmented.SegmentedRaftLog$Task.failed(SegmentedRaftLog.java:109)
	at org.apache.ratis.server.raftlog.segmented.SegmentedRaftLogWorker$WriteLog.failed(SegmentedRaftLogWorker.java:530)
	at org.apache.ratis.server.raftlog.segmented.SegmentedRaftLogWorker.run(SegmentedRaftLogWorker.java:326)
	at java.base/java.util.concurrent.Executors$RunnableAdapter.call(Executors.java:572)
	at java.base/java.util.concurrent.FutureTask.run(FutureTask.java:317)
	at java.base/java.util.concurrent.ThreadPoolExecutor.runWorker(ThreadPoolExecutor.java:1144)
	at java.base/java.util.concurrent.ThreadPoolExecutor$Worker.run(ThreadPoolExecutor.java:642)
	at java.base/java.lang.Thread.run(Thread.java:1583)
Caused by: org.apache.hadoop.hdds.scm.container.common.helpers.StorageContainerException: Chunks directory /home/runner/work/ozone/ozone/hadoop-ozone/integration-test/target/test-dir/MiniOzoneClusterImpl-7a2c00ee-15e1-4921-aa6b-526c14ec89d8/ozone-meta/datanode-5/data-0/hdds/7a2c00ee-15e1-4921-aa6b-526c14ec89d8/current/containerDir0/2/chunks does not exist.
	at org.apache.hadoop.ozone.container.common.transport.server.ratis.ContainerStateMachine.handleCommandResult(ContainerStateMachine.java:661)
	at org.apache.hadoop.ozone.container.common.transport.server.ratis.ContainerStateMachine.lambda$writeStateMachineData$2(ContainerStateMachine.java:623)
	... 4 more
2025-07-15 19:44:41,958 [grpc-default-executor-2] INFO  leader.LogAppender (LogAppenderBase.java:lambda$getNextIndexForError$0(215)) - Decrease nextIndex to 5
2025-07-15 19:44:41,958 [grpc-default-executor-2] INFO  leader.LogAppender (LogAppenderBase.java:lambda$getNextIndexForError$0(215)) - Decrease nextIndex to 5
2025-07-15 19:44:41,958 [grpc-default-executor-2] INFO  leader.FollowerInfo (FollowerInfoImpl.java:info(70)) - 1ed39f2b-ba05-41d4-bcbc-50acfb489962@group-8C8A76C13734->faa2b429-16a2-49fa-ab42-514c70ac334b: computeNextIndex nextIndex: updateUnconditionally 8 -> 5
2025-07-15 19:44:41,958 [grpc-default-executor-4] INFO  leader.LogAppender (LogAppenderBase.java:lambda$getNextIndexForError$0(215)) - Decrease nextIndex to 6
2025-07-15 19:44:41,959 [grpc-default-executor-4] INFO  leader.LogAppender (LogAppenderBase.java:lambda$getNextIndexForError$0(215)) - Decrease nextIndex to 6
2025-07-15 19:44:41,959 [grpc-default-executor-4] INFO  leader.FollowerInfo (FollowerInfoImpl.java:info(70)) - 1ed39f2b-ba05-41d4-bcbc-50acfb489962@group-8C8A76C13734->99cb6aa4-ab14-4525-b571-11fa40308ff9: computeNextIndex nextIndex: updateUnconditionally 8 -> 6
2025-07-15 19:44:42,058 [EventQueue-PipelineActionsForPipelineActionHandler] INFO  pipeline.PipelineActionHandler (PipelineActionHandler.java:processPipelineAction(89)) - Received pipeline action CLOSE for Pipeline-2a9ac051-bf0b-4ff2-8e2f-8c8a76c13734 from datanode 99cb6aa4-ab14-4525-b571-11fa40308ff9(localhost/127.0.0.1). Reason : Chunks directory /home/runner/work/ozone/ozone/hadoop-ozone/integration-test/target/test-dir/MiniOzoneClusterImpl-7a2c00ee-15e1-4921-aa6b-526c14ec89d8/ozone-meta/datanode-4/data-0/hdds/7a2c00ee-15e1-4921-aa6b-526c14ec89d8/current/containerDir0/2/chunks does not exist.
2025-07-15 19:44:42,059 [EventQueue-PipelineActionsForPipelineActionHandler] INFO  pipeline.PipelineActionHandler (PipelineActionHandler.java:processPipelineAction(89)) - Received pipeline action CLOSE for Pipeline-2a9ac051-bf0b-4ff2-8e2f-8c8a76c13734 from datanode faa2b429-16a2-49fa-ab42-514c70ac334b(localhost/127.0.0.1). Reason : Chunks directory /home/runner/work/ozone/ozone/hadoop-ozone/integration-test/target/test-dir/MiniOzoneClusterImpl-7a2c00ee-15e1-4921-aa6b-526c14ec89d8/ozone-meta/datanode-5/data-0/hdds/7a2c00ee-15e1-4921-aa6b-526c14ec89d8/current/containerDir0/2/chunks does not exist.
2025-07-15 19:44:42,257 [EventQueue-PipelineActionsForPipelineActionHandler] INFO  pipeline.PipelineActionHandler (PipelineActionHandler.java:processPipelineAction(89)) - Received pipeline action CLOSE for Pipeline-2a9ac051-bf0b-4ff2-8e2f-8c8a76c13734 from datanode 99cb6aa4-ab14-4525-b571-11fa40308ff9(localhost/127.0.0.1). Reason : Chunks directory /home/runner/work/ozone/ozone/hadoop-ozone/integration-test/target/test-dir/MiniOzoneClusterImpl-7a2c00ee-15e1-4921-aa6b-526c14ec89d8/ozone-meta/datanode-4/data-0/hdds/7a2c00ee-15e1-4921-aa6b-526c14ec89d8/current/containerDir0/2/chunks does not exist.
2025-07-15 19:44:42,260 [EventQueue-PipelineActionsForPipelineActionHandler] INFO  pipeline.PipelineActionHandler (PipelineActionHandler.java:processPipelineAction(89)) - Received pipeline action CLOSE for Pipeline-2a9ac051-bf0b-4ff2-8e2f-8c8a76c13734 from datanode faa2b429-16a2-49fa-ab42-514c70ac334b(localhost/127.0.0.1). Reason : Chunks directory /home/runner/work/ozone/ozone/hadoop-ozone/integration-test/target/test-dir/MiniOzoneClusterImpl-7a2c00ee-15e1-4921-aa6b-526c14ec89d8/ozone-meta/datanode-5/data-0/hdds/7a2c00ee-15e1-4921-aa6b-526c14ec89d8/current/containerDir0/2/chunks does not exist.
2025-07-15 19:44:42,381 [timer1] ERROR impl.OrderedAsync (OrderedAsync.java:lambda$null$6(215)) -  client-856747640231: Failed* RaftClientRequest:client-856747640231->1ed39f2b-ba05-41d4-bcbc-50acfb489962@group-8C8A76C13734, cid=29, seq=4, RW, cmdType: WriteChunk
traceID: ""
containerID: 2
datanodeUuid: "99cb6aa4-ab14-4525-b571-11fa40308ff9"
writeChunk {
  blockID {
    containerID: 2
    localID: 115816896921600002
    blockCommitSequenceId: 2
    replicaIndex: 0
  }
  chunkData {
    chunkName: "115816896921600002_chunk_2"
    offset: 5
    len: 10
    checksumData {
      type: CRC32
      bytesPerChecksum: 16384
      checksums: "\317\357R*"
    }
  }
}
version: 3
, data.size=10
java.util.concurrent.CompletionException: org.apache.ratis.protocol.exceptions.TimeoutIOException: client-856747640231->1ed39f2b-ba05-41d4-bcbc-50acfb489962 request #29 timeout 3000ms
	at java.base/java.util.concurrent.CompletableFuture.encodeThrowable(CompletableFuture.java:332)
	at java.base/java.util.concurrent.CompletableFuture.completeThrowable(CompletableFuture.java:347)
	at java.base/java.util.concurrent.CompletableFuture$UniAccept.tryFire(CompletableFuture.java:708)
	at java.base/java.util.concurrent.CompletableFuture.postComplete(CompletableFuture.java:510)
	at java.base/java.util.concurrent.CompletableFuture.completeExceptionally(CompletableFuture.java:2194)
	at org.apache.ratis.grpc.client.GrpcClientProtocolClient$AsyncStreamObservers.lambda$timeoutCheck$5(GrpcClientProtocolClient.java:376)
	at java.base/java.util.Optional.ifPresent(Optional.java:178)
	at org.apache.ratis.grpc.client.GrpcClientProtocolClient$AsyncStreamObservers.handleReplyFuture(GrpcClientProtocolClient.java:381)
	at org.apache.ratis.grpc.client.GrpcClientProtocolClient$AsyncStreamObservers.timeoutCheck(GrpcClientProtocolClient.java:376)
	at org.apache.ratis.grpc.client.GrpcClientProtocolClient$AsyncStreamObservers.lambda$onNext$3(GrpcClientProtocolClient.java:369)
	at org.apache.ratis.util.TimeoutTimer.lambda$onTimeout$2(TimeoutTimer.java:101)
	at org.apache.ratis.util.LogUtils.runAndLog(LogUtils.java:38)
	at org.apache.ratis.util.LogUtils$1.run(LogUtils.java:78)
	at org.apache.ratis.util.TimeoutTimer$Task.run(TimeoutTimer.java:55)
	at java.base/java.util.TimerThread.mainLoop(Timer.java:566)
	at java.base/java.util.TimerThread.run(Timer.java:516)
Caused by: org.apache.ratis.protocol.exceptions.TimeoutIOException: client-856747640231->1ed39f2b-ba05-41d4-bcbc-50acfb489962 request #29 timeout 3000ms
	at org.apache.ratis.grpc.client.GrpcClientProtocolClient$AsyncStreamObservers.lambda$timeoutCheck$5(GrpcClientProtocolClient.java:377)
	... 10 more
2025-07-15 19:44:42,381 [timer2] ERROR impl.OrderedAsync (OrderedAsync.java:lambda$null$6(215)) -  client-856747640231: Failed* RaftClientRequest:client-856747640231->1ed39f2b-ba05-41d4-bcbc-50acfb489962@group-8C8A76C13734, cid=30, seq=5, RW, cmdType: PutBlock
traceID: ""
containerID: 2
datanodeUuid: "99cb6aa4-ab14-4525-b571-11fa40308ff9"
putBlock {
  blockData {
    blockID {
      containerID: 2
      localID: 115816896921600002
      blockCommitSequenceId: 0
    }
    metadata {
      key: "TYPE"
      value: "KEY"
    }
    chunks {
      chunkName: "115816896921600002_chunk_1"
      offset: 0
      len: 5
      checksumData {
        type: CRC32
        bytesPerChecksum: 16384
        checksums: "\350a\3440"
      }
    }
    chunks {
      chunkName: "115816896921600002_chunk_2"
      offset: 5
      len: 10
      checksumData {
        type: CRC32
        bytesPerChecksum: 16384
        checksums: "\317\357R*"
      }
    }
  }
  eof: false
}
version: 3
, data.size=0
java.util.concurrent.CompletionException: org.apache.ratis.protocol.exceptions.TimeoutIOException: client-856747640231->1ed39f2b-ba05-41d4-bcbc-50acfb489962 request #30 timeout 3000ms
	at java.base/java.util.concurrent.CompletableFuture.encodeThrowable(CompletableFuture.java:332)
	at java.base/java.util.concurrent.CompletableFuture.completeThrowable(CompletableFuture.java:347)
	at java.base/java.util.concurrent.CompletableFuture$UniAccept.tryFire(CompletableFuture.java:708)
	at java.base/java.util.concurrent.CompletableFuture.postComplete(CompletableFuture.java:510)
	at java.base/java.util.concurrent.CompletableFuture.completeExceptionally(CompletableFuture.java:2194)
	at org.apache.ratis.grpc.client.GrpcClientProtocolClient$AsyncStreamObservers.lambda$timeoutCheck$5(GrpcClientProtocolClient.java:376)
	at java.base/java.util.Optional.ifPresent(Optional.java:178)
	at org.apache.ratis.grpc.client.GrpcClientProtocolClient$AsyncStreamObservers.handleReplyFuture(GrpcClientProtocolClient.java:381)
	at org.apache.ratis.grpc.client.GrpcClientProtocolClient$AsyncStreamObservers.timeoutCheck(GrpcClientProtocolClient.java:376)
	at org.apache.ratis.grpc.client.GrpcClientProtocolClient$AsyncStreamObservers.lambda$onNext$3(GrpcClientProtocolClient.java:369)
	at org.apache.ratis.util.TimeoutTimer.lambda$onTimeout$2(TimeoutTimer.java:101)
	at org.apache.ratis.util.LogUtils.runAndLog(LogUtils.java:38)
	at org.apache.ratis.util.LogUtils$1.run(LogUtils.java:78)
	at org.apache.ratis.util.TimeoutTimer$Task.run(TimeoutTimer.java:55)
	at java.base/java.util.TimerThread.mainLoop(Timer.java:566)
	at java.base/java.util.TimerThread.run(Timer.java:516)
Caused by: org.apache.ratis.protocol.exceptions.TimeoutIOException: client-856747640231->1ed39f2b-ba05-41d4-bcbc-50acfb489962 request #30 timeout 3000ms
	at org.apache.ratis.grpc.client.GrpcClientProtocolClient$AsyncStreamObservers.lambda$timeoutCheck$5(GrpcClientProtocolClient.java:377)
	... 10 more
2025-07-15 19:44:42,458 [EventQueue-PipelineActionsForPipelineActionHandler] INFO  pipeline.PipelineActionHandler (PipelineActionHandler.java:processPipelineAction(89)) - Received pipeline action CLOSE for Pipeline-2a9ac051-bf0b-4ff2-8e2f-8c8a76c13734 from datanode 99cb6aa4-ab14-4525-b571-11fa40308ff9(localhost/127.0.0.1). Reason : Chunks directory /home/runner/work/ozone/ozone/hadoop-ozone/integration-test/target/test-dir/MiniOzoneClusterImpl-7a2c00ee-15e1-4921-aa6b-526c14ec89d8/ozone-meta/datanode-4/data-0/hdds/7a2c00ee-15e1-4921-aa6b-526c14ec89d8/current/containerDir0/2/chunks does not exist.
2025-07-15 19:44:42,459 [EventQueue-PipelineActionsForPipelineActionHandler] INFO  pipeline.PipelineActionHandler (PipelineActionHandler.java:processPipelineAction(89)) - Received pipeline action CLOSE for Pipeline-2a9ac051-bf0b-4ff2-8e2f-8c8a76c13734 from datanode faa2b429-16a2-49fa-ab42-514c70ac334b(localhost/127.0.0.1). Reason : Chunks directory /home/runner/work/ozone/ozone/hadoop-ozone/integration-test/target/test-dir/MiniOzoneClusterImpl-7a2c00ee-15e1-4921-aa6b-526c14ec89d8/ozone-meta/datanode-5/data-0/hdds/7a2c00ee-15e1-4921-aa6b-526c14ec89d8/current/containerDir0/2/chunks does not exist.
2025-07-15 19:44:42,657 [EventQueue-PipelineActionsForPipelineActionHandler] INFO  pipeline.PipelineActionHandler (PipelineActionHandler.java:processPipelineAction(89)) - Received pipeline action CLOSE for Pipeline-2a9ac051-bf0b-4ff2-8e2f-8c8a76c13734 from datanode 99cb6aa4-ab14-4525-b571-11fa40308ff9(localhost/127.0.0.1). Reason : Chunks directory /home/runner/work/ozone/ozone/hadoop-ozone/integration-test/target/test-dir/MiniOzoneClusterImpl-7a2c00ee-15e1-4921-aa6b-526c14ec89d8/ozone-meta/datanode-4/data-0/hdds/7a2c00ee-15e1-4921-aa6b-526c14ec89d8/current/containerDir0/2/chunks does not exist.
2025-07-15 19:44:42,660 [EventQueue-PipelineActionsForPipelineActionHandler] INFO  pipeline.PipelineActionHandler (PipelineActionHandler.java:processPipelineAction(89)) - Received pipeline action CLOSE for Pipeline-2a9ac051-bf0b-4ff2-8e2f-8c8a76c13734 from datanode faa2b429-16a2-49fa-ab42-514c70ac334b(localhost/127.0.0.1). Reason : Chunks directory /home/runner/work/ozone/ozone/hadoop-ozone/integration-test/target/test-dir/MiniOzoneClusterImpl-7a2c00ee-15e1-4921-aa6b-526c14ec89d8/ozone-meta/datanode-5/data-0/hdds/7a2c00ee-15e1-4921-aa6b-526c14ec89d8/current/containerDir0/2/chunks does not exist.
2025-07-15 19:44:42,857 [EventQueue-PipelineActionsForPipelineActionHandler] INFO  pipeline.PipelineActionHandler (PipelineActionHandler.java:processPipelineAction(89)) - Received pipeline action CLOSE for Pipeline-2a9ac051-bf0b-4ff2-8e2f-8c8a76c13734 from datanode 99cb6aa4-ab14-4525-b571-11fa40308ff9(localhost/127.0.0.1). Reason : Chunks directory /home/runner/work/ozone/ozone/hadoop-ozone/integration-test/target/test-dir/MiniOzoneClusterImpl-7a2c00ee-15e1-4921-aa6b-526c14ec89d8/ozone-meta/datanode-4/data-0/hdds/7a2c00ee-15e1-4921-aa6b-526c14ec89d8/current/containerDir0/2/chunks does not exist.
2025-07-15 19:44:42,860 [EventQueue-PipelineActionsForPipelineActionHandler] INFO  pipeline.PipelineActionHandler (PipelineActionHandler.java:processPipelineAction(89)) - Received pipeline action CLOSE for Pipeline-2a9ac051-bf0b-4ff2-8e2f-8c8a76c13734 from datanode faa2b429-16a2-49fa-ab42-514c70ac334b(localhost/127.0.0.1). Reason : Chunks directory /home/runner/work/ozone/ozone/hadoop-ozone/integration-test/target/test-dir/MiniOzoneClusterImpl-7a2c00ee-15e1-4921-aa6b-526c14ec89d8/ozone-meta/datanode-5/data-0/hdds/7a2c00ee-15e1-4921-aa6b-526c14ec89d8/current/containerDir0/2/chunks does not exist.
2025-07-15 19:44:43,057 [EventQueue-PipelineActionsForPipelineActionHandler] INFO  pipeline.PipelineActionHandler (PipelineActionHandler.java:processPipelineAction(89)) - Received pipeline action CLOSE for Pipeline-2a9ac051-bf0b-4ff2-8e2f-8c8a76c13734 from datanode 99cb6aa4-ab14-4525-b571-11fa40308ff9(localhost/127.0.0.1). Reason : Chunks directory /home/runner/work/ozone/ozone/hadoop-ozone/integration-test/target/test-dir/MiniOzoneClusterImpl-7a2c00ee-15e1-4921-aa6b-526c14ec89d8/ozone-meta/datanode-4/data-0/hdds/7a2c00ee-15e1-4921-aa6b-526c14ec89d8/current/containerDir0/2/chunks does not exist.
2025-07-15 19:44:43,061 [EventQueue-PipelineActionsForPipelineActionHandler] INFO  pipeline.PipelineActionHandler (PipelineActionHandler.java:processPipelineAction(89)) - Received pipeline action CLOSE for Pipeline-2a9ac051-bf0b-4ff2-8e2f-8c8a76c13734 from datanode faa2b429-16a2-49fa-ab42-514c70ac334b(localhost/127.0.0.1). Reason : Chunks directory /home/runner/work/ozone/ozone/hadoop-ozone/integration-test/target/test-dir/MiniOzoneClusterImpl-7a2c00ee-15e1-4921-aa6b-526c14ec89d8/ozone-meta/datanode-5/data-0/hdds/7a2c00ee-15e1-4921-aa6b-526c14ec89d8/current/containerDir0/2/chunks does not exist.
2025-07-15 19:44:43,257 [EventQueue-PipelineActionsForPipelineActionHandler] INFO  pipeline.PipelineActionHandler (PipelineActionHandler.java:processPipelineAction(89)) - Received pipeline action CLOSE for Pipeline-2a9ac051-bf0b-4ff2-8e2f-8c8a76c13734 from datanode 99cb6aa4-ab14-4525-b571-11fa40308ff9(localhost/127.0.0.1). Reason : Chunks directory /home/runner/work/ozone/ozone/hadoop-ozone/integration-test/target/test-dir/MiniOzoneClusterImpl-7a2c00ee-15e1-4921-aa6b-526c14ec89d8/ozone-meta/datanode-4/data-0/hdds/7a2c00ee-15e1-4921-aa6b-526c14ec89d8/current/containerDir0/2/chunks does not exist.
2025-07-15 19:44:43,261 [EventQueue-PipelineActionsForPipelineActionHandler] INFO  pipeline.PipelineActionHandler (PipelineActionHandler.java:processPipelineAction(89)) - Received pipeline action CLOSE for Pipeline-2a9ac051-bf0b-4ff2-8e2f-8c8a76c13734 from datanode faa2b429-16a2-49fa-ab42-514c70ac334b(localhost/127.0.0.1). Reason : Chunks directory /home/runner/work/ozone/ozone/hadoop-ozone/integration-test/target/test-dir/MiniOzoneClusterImpl-7a2c00ee-15e1-4921-aa6b-526c14ec89d8/ozone-meta/datanode-5/data-0/hdds/7a2c00ee-15e1-4921-aa6b-526c14ec89d8/current/containerDir0/2/chunks does not exist.
2025-07-15 19:44:43,457 [EventQueue-PipelineActionsForPipelineActionHandler] INFO  pipeline.PipelineActionHandler (PipelineActionHandler.java:processPipelineAction(89)) - Received pipeline action CLOSE for Pipeline-2a9ac051-bf0b-4ff2-8e2f-8c8a76c13734 from datanode 99cb6aa4-ab14-4525-b571-11fa40308ff9(localhost/127.0.0.1). Reason : Chunks directory /home/runner/work/ozone/ozone/hadoop-ozone/integration-test/target/test-dir/MiniOzoneClusterImpl-7a2c00ee-15e1-4921-aa6b-526c14ec89d8/ozone-meta/datanode-4/data-0/hdds/7a2c00ee-15e1-4921-aa6b-526c14ec89d8/current/containerDir0/2/chunks does not exist.
2025-07-15 19:44:43,461 [EventQueue-PipelineActionsForPipelineActionHandler] INFO  pipeline.PipelineActionHandler (PipelineActionHandler.java:processPipelineAction(89)) - Received pipeline action CLOSE for Pipeline-2a9ac051-bf0b-4ff2-8e2f-8c8a76c13734 from datanode faa2b429-16a2-49fa-ab42-514c70ac334b(localhost/127.0.0.1). Reason : Chunks directory /home/runner/work/ozone/ozone/hadoop-ozone/integration-test/target/test-dir/MiniOzoneClusterImpl-7a2c00ee-15e1-4921-aa6b-526c14ec89d8/ozone-meta/datanode-5/data-0/hdds/7a2c00ee-15e1-4921-aa6b-526c14ec89d8/current/containerDir0/2/chunks does not exist.
2025-07-15 19:44:43,657 [EventQueue-PipelineActionsForPipelineActionHandler] INFO  pipeline.PipelineActionHandler (PipelineActionHandler.java:processPipelineAction(89)) - Received pipeline action CLOSE for Pipeline-2a9ac051-bf0b-4ff2-8e2f-8c8a76c13734 from datanode 99cb6aa4-ab14-4525-b571-11fa40308ff9(localhost/127.0.0.1). Reason : Chunks directory /home/runner/work/ozone/ozone/hadoop-ozone/integration-test/target/test-dir/MiniOzoneClusterImpl-7a2c00ee-15e1-4921-aa6b-526c14ec89d8/ozone-meta/datanode-4/data-0/hdds/7a2c00ee-15e1-4921-aa6b-526c14ec89d8/current/containerDir0/2/chunks does not exist.
2025-07-15 19:44:43,662 [EventQueue-PipelineActionsForPipelineActionHandler] INFO  pipeline.PipelineActionHandler (PipelineActionHandler.java:processPipelineAction(89)) - Received pipeline action CLOSE for Pipeline-2a9ac051-bf0b-4ff2-8e2f-8c8a76c13734 from datanode faa2b429-16a2-49fa-ab42-514c70ac334b(localhost/127.0.0.1). Reason : Chunks directory /home/runner/work/ozone/ozone/hadoop-ozone/integration-test/target/test-dir/MiniOzoneClusterImpl-7a2c00ee-15e1-4921-aa6b-526c14ec89d8/ozone-meta/datanode-5/data-0/hdds/7a2c00ee-15e1-4921-aa6b-526c14ec89d8/current/containerDir0/2/chunks does not exist.
2025-07-15 19:44:43,856 [EventQueue-PipelineActionsForPipelineActionHandler] INFO  pipeline.PipelineActionHandler (PipelineActionHandler.java:processPipelineAction(89)) - Received pipeline action CLOSE for Pipeline-2a9ac051-bf0b-4ff2-8e2f-8c8a76c13734 from datanode 99cb6aa4-ab14-4525-b571-11fa40308ff9(localhost/127.0.0.1). Reason : Chunks directory /home/runner/work/ozone/ozone/hadoop-ozone/integration-test/target/test-dir/MiniOzoneClusterImpl-7a2c00ee-15e1-4921-aa6b-526c14ec89d8/ozone-meta/datanode-4/data-0/hdds/7a2c00ee-15e1-4921-aa6b-526c14ec89d8/current/containerDir0/2/chunks does not exist.
2025-07-15 19:44:43,862 [EventQueue-PipelineActionsForPipelineActionHandler] INFO  pipeline.PipelineActionHandler (PipelineActionHandler.java:processPipelineAction(89)) - Received pipeline action CLOSE for Pipeline-2a9ac051-bf0b-4ff2-8e2f-8c8a76c13734 from datanode faa2b429-16a2-49fa-ab42-514c70ac334b(localhost/127.0.0.1). Reason : Chunks directory /home/runner/work/ozone/ozone/hadoop-ozone/integration-test/target/test-dir/MiniOzoneClusterImpl-7a2c00ee-15e1-4921-aa6b-526c14ec89d8/ozone-meta/datanode-5/data-0/hdds/7a2c00ee-15e1-4921-aa6b-526c14ec89d8/current/containerDir0/2/chunks does not exist.
2025-07-15 19:44:44,058 [EventQueue-PipelineActionsForPipelineActionHandler] INFO  pipeline.PipelineActionHandler (PipelineActionHandler.java:processPipelineAction(89)) - Received pipeline action CLOSE for Pipeline-2a9ac051-bf0b-4ff2-8e2f-8c8a76c13734 from datanode 99cb6aa4-ab14-4525-b571-11fa40308ff9(localhost/127.0.0.1). Reason : Chunks directory /home/runner/work/ozone/ozone/hadoop-ozone/integration-test/target/test-dir/MiniOzoneClusterImpl-7a2c00ee-15e1-4921-aa6b-526c14ec89d8/ozone-meta/datanode-4/data-0/hdds/7a2c00ee-15e1-4921-aa6b-526c14ec89d8/current/containerDir0/2/chunks does not exist.
2025-07-15 19:44:44,062 [EventQueue-PipelineActionsForPipelineActionHandler] INFO  pipeline.PipelineActionHandler (PipelineActionHandler.java:processPipelineAction(89)) - Received pipeline action CLOSE for Pipeline-2a9ac051-bf0b-4ff2-8e2f-8c8a76c13734 from datanode faa2b429-16a2-49fa-ab42-514c70ac334b(localhost/127.0.0.1). Reason : Chunks directory /home/runner/work/ozone/ozone/hadoop-ozone/integration-test/target/test-dir/MiniOzoneClusterImpl-7a2c00ee-15e1-4921-aa6b-526c14ec89d8/ozone-meta/datanode-5/data-0/hdds/7a2c00ee-15e1-4921-aa6b-526c14ec89d8/current/containerDir0/2/chunks does not exist.
2025-07-15 19:44:44,257 [EventQueue-PipelineActionsForPipelineActionHandler] INFO  pipeline.PipelineActionHandler (PipelineActionHandler.java:processPipelineAction(89)) - Received pipeline action CLOSE for Pipeline-2a9ac051-bf0b-4ff2-8e2f-8c8a76c13734 from datanode 99cb6aa4-ab14-4525-b571-11fa40308ff9(localhost/127.0.0.1). Reason : Chunks directory /home/runner/work/ozone/ozone/hadoop-ozone/integration-test/target/test-dir/MiniOzoneClusterImpl-7a2c00ee-15e1-4921-aa6b-526c14ec89d8/ozone-meta/datanode-4/data-0/hdds/7a2c00ee-15e1-4921-aa6b-526c14ec89d8/current/containerDir0/2/chunks does not exist.
2025-07-15 19:44:44,261 [EventQueue-PipelineActionsForPipelineActionHandler] INFO  pipeline.PipelineActionHandler (PipelineActionHandler.java:processPipelineAction(89)) - Received pipeline action CLOSE for Pipeline-2a9ac051-bf0b-4ff2-8e2f-8c8a76c13734 from datanode faa2b429-16a2-49fa-ab42-514c70ac334b(localhost/127.0.0.1). Reason : Chunks directory /home/runner/work/ozone/ozone/hadoop-ozone/integration-test/target/test-dir/MiniOzoneClusterImpl-7a2c00ee-15e1-4921-aa6b-526c14ec89d8/ozone-meta/datanode-5/data-0/hdds/7a2c00ee-15e1-4921-aa6b-526c14ec89d8/current/containerDir0/2/chunks does not exist.
2025-07-15 19:44:44,368 [faa2b429-16a2-49fa-ab42-514c70ac334b-server-thread1] WARN  server.GrpcServerProtocolService (LogUtils.java:warn(129)) - faa2b429-16a2-49fa-ab42-514c70ac334b: Failed APPEND_ENTRIES request 1ed39f2b-ba05-41d4-bcbc-50acfb489962->faa2b429-16a2-49fa-ab42-514c70ac334b#22-t1,previous=(t:1, i:4),leaderCommit=4,initializing? false,entries: size=3, first=(t:1, i:5), STATEMACHINELOGENTRY, WRITE: logData.size=154, stateMachineData.size=10, logEntryProtoSerializedSize=0
java.util.concurrent.CompletionException: org.apache.hadoop.hdds.scm.container.common.helpers.StorageContainerException: Chunks directory /home/runner/work/ozone/ozone/hadoop-ozone/integration-test/target/test-dir/MiniOzoneClusterImpl-7a2c00ee-15e1-4921-aa6b-526c14ec89d8/ozone-meta/datanode-5/data-0/hdds/7a2c00ee-15e1-4921-aa6b-526c14ec89d8/current/containerDir0/2/chunks does not exist.
	at java.base/java.util.concurrent.CompletableFuture.encodeThrowable(CompletableFuture.java:332)
	at java.base/java.util.concurrent.CompletableFuture.completeThrowable(CompletableFuture.java:347)
	at java.base/java.util.concurrent.CompletableFuture$BiRelay.tryFire(CompletableFuture.java:1498)
	at java.base/java.util.concurrent.CompletableFuture$CoCompletion.tryFire(CompletableFuture.java:1219)
	at java.base/java.util.concurrent.CompletableFuture.postComplete(CompletableFuture.java:510)
	at java.base/java.util.concurrent.CompletableFuture.completeExceptionally(CompletableFuture.java:2194)
	at org.apache.ratis.server.raftlog.segmented.SegmentedRaftLog$Task.failed(SegmentedRaftLog.java:109)
	at org.apache.ratis.server.raftlog.segmented.SegmentedRaftLogWorker$WriteLog.failed(SegmentedRaftLogWorker.java:530)
	at org.apache.ratis.server.raftlog.segmented.SegmentedRaftLogWorker.run(SegmentedRaftLogWorker.java:326)
	at java.base/java.util.concurrent.Executors$RunnableAdapter.call(Executors.java:572)
	at java.base/java.util.concurrent.FutureTask.run(FutureTask.java:317)
	at java.base/java.util.concurrent.ThreadPoolExecutor.runWorker(ThreadPoolExecutor.java:1144)
	at java.base/java.util.concurrent.ThreadPoolExecutor$Worker.run(ThreadPoolExecutor.java:642)
	at java.base/java.lang.Thread.run(Thread.java:1583)
Caused by: org.apache.hadoop.hdds.scm.container.common.helpers.StorageContainerException: Chunks directory /home/runner/work/ozone/ozone/hadoop-ozone/integration-test/target/test-dir/MiniOzoneClusterImpl-7a2c00ee-15e1-4921-aa6b-526c14ec89d8/ozone-meta/datanode-5/data-0/hdds/7a2c00ee-15e1-4921-aa6b-526c14ec89d8/current/containerDir0/2/chunks does not exist.
	at org.apache.hadoop.ozone.container.common.transport.server.ratis.ContainerStateMachine.handleCommandResult(ContainerStateMachine.java:661)
	at org.apache.hadoop.ozone.container.common.transport.server.ratis.ContainerStateMachine.lambda$writeStateMachineData$2(ContainerStateMachine.java:623)
	... 4 more
2025-07-15 19:44:44,370 [grpc-default-executor-4] INFO  leader.LogAppender (LogAppenderBase.java:lambda$getNextIndexForError$0(215)) - Decrease nextIndex to 5
2025-07-15 19:44:44,370 [grpc-default-executor-4] INFO  leader.LogAppender (LogAppenderBase.java:lambda$getNextIndexForError$0(215)) - Decrease nextIndex to 5
2025-07-15 19:44:44,370 [grpc-default-executor-4] INFO  leader.FollowerInfo (FollowerInfoImpl.java:info(70)) - 1ed39f2b-ba05-41d4-bcbc-50acfb489962@group-8C8A76C13734->faa2b429-16a2-49fa-ab42-514c70ac334b: computeNextIndex nextIndex: updateUnconditionally 8 -> 5
2025-07-15 19:44:44,371 [99cb6aa4-ab14-4525-b571-11fa40308ff9-server-thread1] WARN  server.GrpcServerProtocolService (LogUtils.java:warn(129)) - 99cb6aa4-ab14-4525-b571-11fa40308ff9: Failed APPEND_ENTRIES request 1ed39f2b-ba05-41d4-bcbc-50acfb489962->99cb6aa4-ab14-4525-b571-11fa40308ff9#21-t1,previous=(t:1, i:5),leaderCommit=4,initializing? false,entries: size=2, first=(t:1, i:6), STATEMACHINELOGENTRY, WRITE: logData.size=217, stateMachineData.size=0, logEntryProtoSerializedSize=0
java.util.concurrent.CompletionException: org.apache.hadoop.hdds.scm.container.common.helpers.StorageContainerException: Chunks directory /home/runner/work/ozone/ozone/hadoop-ozone/integration-test/target/test-dir/MiniOzoneClusterImpl-7a2c00ee-15e1-4921-aa6b-526c14ec89d8/ozone-meta/datanode-4/data-0/hdds/7a2c00ee-15e1-4921-aa6b-526c14ec89d8/current/containerDir0/2/chunks does not exist.
	at java.base/java.util.concurrent.CompletableFuture.encodeThrowable(CompletableFuture.java:332)
	at java.base/java.util.concurrent.CompletableFuture.completeThrowable(CompletableFuture.java:347)
	at java.base/java.util.concurrent.CompletableFuture$BiRelay.tryFire(CompletableFuture.java:1498)
	at java.base/java.util.concurrent.CompletableFuture$CoCompletion.tryFire(CompletableFuture.java:1219)
	at java.base/java.util.concurrent.CompletableFuture.postComplete(CompletableFuture.java:510)
	at java.base/java.util.concurrent.CompletableFuture.completeExceptionally(CompletableFuture.java:2194)
	at org.apache.ratis.server.raftlog.segmented.SegmentedRaftLog$Task.failed(SegmentedRaftLog.java:109)
	at org.apache.ratis.server.raftlog.segmented.SegmentedRaftLogWorker$WriteLog.failed(SegmentedRaftLogWorker.java:530)
	at org.apache.ratis.server.raftlog.segmented.SegmentedRaftLogWorker.run(SegmentedRaftLogWorker.java:326)
	at java.base/java.util.concurrent.Executors$RunnableAdapter.call(Executors.java:572)
	at java.base/java.util.concurrent.FutureTask.run(FutureTask.java:317)
	at java.base/java.util.concurrent.ThreadPoolExecutor.runWorker(ThreadPoolExecutor.java:1144)
	at java.base/java.util.concurrent.ThreadPoolExecutor$Worker.run(ThreadPoolExecutor.java:642)
	at java.base/java.lang.Thread.run(Thread.java:1583)
Caused by: org.apache.hadoop.hdds.scm.container.common.helpers.StorageContainerException: Chunks directory /home/runner/work/ozone/ozone/hadoop-ozone/integration-test/target/test-dir/MiniOzoneClusterImpl-7a2c00ee-15e1-4921-aa6b-526c14ec89d8/ozone-meta/datanode-4/data-0/hdds/7a2c00ee-15e1-4921-aa6b-526c14ec89d8/current/containerDir0/2/chunks does not exist.
	at org.apache.hadoop.ozone.container.common.transport.server.ratis.ContainerStateMachine.handleCommandResult(ContainerStateMachine.java:661)
	at org.apache.hadoop.ozone.container.common.transport.server.ratis.ContainerStateMachine.lambda$writeStateMachineData$2(ContainerStateMachine.java:623)
	... 4 more
2025-07-15 19:44:44,372 [grpc-default-executor-4] INFO  leader.LogAppender (LogAppenderBase.java:lambda$getNextIndexForError$0(215)) - Decrease nextIndex to 6
2025-07-15 19:44:44,372 [grpc-default-executor-4] INFO  leader.LogAppender (LogAppenderBase.java:lambda$getNextIndexForError$0(215)) - Decrease nextIndex to 6
2025-07-15 19:44:44,372 [grpc-default-executor-4] INFO  leader.FollowerInfo (FollowerInfoImpl.java:info(70)) - 1ed39f2b-ba05-41d4-bcbc-50acfb489962@group-8C8A76C13734->99cb6aa4-ab14-4525-b571-11fa40308ff9: computeNextIndex nextIndex: updateUnconditionally 8 -> 6
2025-07-15 19:44:44,457 [timer7] WARN  server.GrpcLogAppender (LogUtils.java:warn(129)) - 1ed39f2b-ba05-41d4-bcbc-50acfb489962@group-8C8A76C13734->99cb6aa4-ab14-4525-b571-11fa40308ff9-AppendLogResponseHandler: Failed appendEntries (Repeated 4 times in the last 5.001s)
org.apache.hadoop.hdds.scm.container.common.helpers.StorageContainerException: Chunks directory /home/runner/work/ozone/ozone/hadoop-ozone/integration-test/target/test-dir/MiniOzoneClusterImpl-7a2c00ee-15e1-4921-aa6b-526c14ec89d8/ozone-meta/datanode-4/data-0/hdds/7a2c00ee-15e1-4921-aa6b-526c14ec89d8/current/containerDir0/2/chunks does not exist.
	at org.apache.hadoop.ozone.container.common.transport.server.ratis.ContainerStateMachine.handleCommandResult(ContainerStateMachine.java:661)
	at org.apache.hadoop.ozone.container.common.transport.server.ratis.ContainerStateMachine.lambda$writeStateMachineData$2(ContainerStateMachine.java:623)
	at java.base/java.util.concurrent.FutureTask.run(FutureTask.java:317)
	at java.base/java.util.concurrent.ThreadPoolExecutor.runWorker(ThreadPoolExecutor.java:1144)
	at java.base/java.util.concurrent.ThreadPoolExecutor$Worker.run(ThreadPoolExecutor.java:642)
	at java.base/java.lang.Thread.run(Thread.java:1583)
2025-07-15 19:44:44,457 [EventQueue-PipelineActionsForPipelineActionHandler] INFO  pipeline.PipelineActionHandler (PipelineActionHandler.java:processPipelineAction(89)) - Received pipeline action CLOSE for Pipeline-2a9ac051-bf0b-4ff2-8e2f-8c8a76c13734 from datanode 99cb6aa4-ab14-4525-b571-11fa40308ff9(localhost/127.0.0.1). Reason : Chunks directory /home/runner/work/ozone/ozone/hadoop-ozone/integration-test/target/test-dir/MiniOzoneClusterImpl-7a2c00ee-15e1-4921-aa6b-526c14ec89d8/ozone-meta/datanode-4/data-0/hdds/7a2c00ee-15e1-4921-aa6b-526c14ec89d8/current/containerDir0/2/chunks does not exist.
2025-07-15 19:44:44,459 [timer0] WARN  server.GrpcLogAppender (LogUtils.java:warn(129)) - 1ed39f2b-ba05-41d4-bcbc-50acfb489962@group-8C8A76C13734->faa2b429-16a2-49fa-ab42-514c70ac334b-AppendLogResponseHandler: Failed appendEntries (Repeated 5 times in the last 5.007s)
org.apache.hadoop.hdds.scm.container.common.helpers.StorageContainerException: Chunks directory /home/runner/work/ozone/ozone/hadoop-ozone/integration-test/target/test-dir/MiniOzoneClusterImpl-7a2c00ee-15e1-4921-aa6b-526c14ec89d8/ozone-meta/datanode-5/data-0/hdds/7a2c00ee-15e1-4921-aa6b-526c14ec89d8/current/containerDir0/2/chunks does not exist.
	at org.apache.hadoop.ozone.container.common.transport.server.ratis.ContainerStateMachine.handleCommandResult(ContainerStateMachine.java:661)
	at org.apache.hadoop.ozone.container.common.transport.server.ratis.ContainerStateMachine.lambda$writeStateMachineData$2(ContainerStateMachine.java:623)
	at java.base/java.util.concurrent.FutureTask.run(FutureTask.java:317)
	at java.base/java.util.concurrent.ThreadPoolExecutor.runWorker(ThreadPoolExecutor.java:1144)
	at java.base/java.util.concurrent.ThreadPoolExecutor$Worker.run(ThreadPoolExecutor.java:642)
	at java.base/java.lang.Thread.run(Thread.java:1583)
2025-07-15 19:44:44,462 [EventQueue-PipelineActionsForPipelineActionHandler] INFO  pipeline.PipelineActionHandler (PipelineActionHandler.java:processPipelineAction(89)) - Received pipeline action CLOSE for Pipeline-2a9ac051-bf0b-4ff2-8e2f-8c8a76c13734 from datanode faa2b429-16a2-49fa-ab42-514c70ac334b(localhost/127.0.0.1). Reason : Chunks directory /home/runner/work/ozone/ozone/hadoop-ozone/integration-test/target/test-dir/MiniOzoneClusterImpl-7a2c00ee-15e1-4921-aa6b-526c14ec89d8/ozone-meta/datanode-5/data-0/hdds/7a2c00ee-15e1-4921-aa6b-526c14ec89d8/current/containerDir0/2/chunks does not exist.
2025-07-15 19:44:44,657 [EventQueue-PipelineActionsForPipelineActionHandler] INFO  pipeline.PipelineActionHandler (PipelineActionHandler.java:processPipelineAction(89)) - Received pipeline action CLOSE for Pipeline-2a9ac051-bf0b-4ff2-8e2f-8c8a76c13734 from datanode 99cb6aa4-ab14-4525-b571-11fa40308ff9(localhost/127.0.0.1). Reason : Chunks directory /home/runner/work/ozone/ozone/hadoop-ozone/integration-test/target/test-dir/MiniOzoneClusterImpl-7a2c00ee-15e1-4921-aa6b-526c14ec89d8/ozone-meta/datanode-4/data-0/hdds/7a2c00ee-15e1-4921-aa6b-526c14ec89d8/current/containerDir0/2/chunks does not exist.
2025-07-15 19:44:44,663 [EventQueue-PipelineActionsForPipelineActionHandler] INFO  pipeline.PipelineActionHandler (PipelineActionHandler.java:processPipelineAction(89)) - Received pipeline action CLOSE for Pipeline-2a9ac051-bf0b-4ff2-8e2f-8c8a76c13734 from datanode faa2b429-16a2-49fa-ab42-514c70ac334b(localhost/127.0.0.1). Reason : Chunks directory /home/runner/work/ozone/ozone/hadoop-ozone/integration-test/target/test-dir/MiniOzoneClusterImpl-7a2c00ee-15e1-4921-aa6b-526c14ec89d8/ozone-meta/datanode-5/data-0/hdds/7a2c00ee-15e1-4921-aa6b-526c14ec89d8/current/containerDir0/2/chunks does not exist.
2025-07-15 19:44:44,835 [BackgroundPipelineScrubber] INFO  pipeline.PipelineManagerImpl (PipelineManagerImpl.java:scrubPipelines(602)) - Scrubbing pipeline: id: Pipeline-2a9ac051-bf0b-4ff2-8e2f-8c8a76c13734 since it stays at CLOSED stage.
2025-07-15 19:44:44,838 [BackgroundPipelineScrubber] INFO  pipeline.RatisPipelineProvider (RatisPipelineProvider.java:lambda$close$4(273)) - Send pipeline:Pipeline-2a9ac051-bf0b-4ff2-8e2f-8c8a76c13734 close command to datanode 99cb6aa4-ab14-4525-b571-11fa40308ff9
2025-07-15 19:44:44,838 [BackgroundPipelineScrubber] INFO  pipeline.RatisPipelineProvider (RatisPipelineProvider.java:lambda$close$4(273)) - Send pipeline:Pipeline-2a9ac051-bf0b-4ff2-8e2f-8c8a76c13734 close command to datanode 1ed39f2b-ba05-41d4-bcbc-50acfb489962
2025-07-15 19:44:44,838 [BackgroundPipelineScrubber] INFO  pipeline.RatisPipelineProvider (RatisPipelineProvider.java:lambda$close$4(273)) - Send pipeline:Pipeline-2a9ac051-bf0b-4ff2-8e2f-8c8a76c13734 close command to datanode faa2b429-16a2-49fa-ab42-514c70ac334b
2025-07-15 19:44:44,838 [BackgroundPipelineScrubber] INFO  pipeline.PipelineManagerImpl (PipelineManagerImpl.java:removePipeline(464)) - Pipeline Pipeline{ Id: 2a9ac051-bf0b-4ff2-8e2f-8c8a76c13734, Nodes: [ {99cb6aa4-ab14-4525-b571-11fa40308ff9(localhost/127.0.0.1), ReplicaIndex: 0}, {1ed39f2b-ba05-41d4-bcbc-50acfb489962(localhost/127.0.0.1), ReplicaIndex: 0}, {faa2b429-16a2-49fa-ab42-514c70ac334b(localhost/127.0.0.1), ReplicaIndex: 0},], ReplicationConfig: RATIS/THREE, State:CLOSED, leaderId:1ed39f2b-ba05-41d4-bcbc-50acfb489962, CreationTimestamp2025-07-15T19:44:35.036Z[Etc/UTC]} removed.
2025-07-15 19:44:44,857 [EventQueue-PipelineActionsForPipelineActionHandler] INFO  pipeline.PipelineActionHandler (PipelineActionHandler.java:processPipelineAction(89)) - Received pipeline action CLOSE for Pipeline-2a9ac051-bf0b-4ff2-8e2f-8c8a76c13734 from datanode 99cb6aa4-ab14-4525-b571-11fa40308ff9(localhost/127.0.0.1). Reason : Chunks directory /home/runner/work/ozone/ozone/hadoop-ozone/integration-test/target/test-dir/MiniOzoneClusterImpl-7a2c00ee-15e1-4921-aa6b-526c14ec89d8/ozone-meta/datanode-4/data-0/hdds/7a2c00ee-15e1-4921-aa6b-526c14ec89d8/current/containerDir0/2/chunks does not exist.
2025-07-15 19:44:44,857 [EventQueue-PipelineActionsForPipelineActionHandler] WARN  pipeline.PipelineActionHandler (PipelineActionHandler.java:closeUnknownPipeline(117)) - Pipeline action received for unknown Pipeline Pipeline-2a9ac051-bf0b-4ff2-8e2f-8c8a76c13734, firing close pipeline event.
2025-07-15 19:44:44,857 [EventQueue-PipelineReportForPipelineReportHandler] INFO  pipeline.PipelineReportHandler (PipelineReportHandler.java:handlePipelineNotFoundException(98)) - Pipeline Pipeline-2a9ac051-bf0b-4ff2-8e2f-8c8a76c13734, reported by datanode 99cb6aa4-ab14-4525-b571-11fa40308ff9(localhost/127.0.0.1) is not found.
2025-07-15 19:44:44,862 [EventQueue-PipelineActionsForPipelineActionHandler] INFO  pipeline.PipelineActionHandler (PipelineActionHandler.java:processPipelineAction(89)) - Received pipeline action CLOSE for Pipeline-2a9ac051-bf0b-4ff2-8e2f-8c8a76c13734 from datanode faa2b429-16a2-49fa-ab42-514c70ac334b(localhost/127.0.0.1). Reason : Chunks directory /home/runner/work/ozone/ozone/hadoop-ozone/integration-test/target/test-dir/MiniOzoneClusterImpl-7a2c00ee-15e1-4921-aa6b-526c14ec89d8/ozone-meta/datanode-5/data-0/hdds/7a2c00ee-15e1-4921-aa6b-526c14ec89d8/current/containerDir0/2/chunks does not exist.
2025-07-15 19:44:44,863 [EventQueue-PipelineActionsForPipelineActionHandler] WARN  pipeline.PipelineActionHandler (PipelineActionHandler.java:closeUnknownPipeline(117)) - Pipeline action received for unknown Pipeline Pipeline-2a9ac051-bf0b-4ff2-8e2f-8c8a76c13734, firing close pipeline event.
2025-07-15 19:44:44,862 [EventQueue-PipelineReportForPipelineReportHandler] INFO  pipeline.PipelineReportHandler (PipelineReportHandler.java:handlePipelineNotFoundException(98)) - Pipeline Pipeline-2a9ac051-bf0b-4ff2-8e2f-8c8a76c13734, reported by datanode faa2b429-16a2-49fa-ab42-514c70ac334b(localhost/127.0.0.1) is not found.
2025-07-15 19:44:45,057 [EventQueue-PipelineActionsForPipelineActionHandler] INFO  pipeline.PipelineActionHandler (PipelineActionHandler.java:processPipelineAction(89)) - Received pipeline action CLOSE for Pipeline-2a9ac051-bf0b-4ff2-8e2f-8c8a76c13734 from datanode 99cb6aa4-ab14-4525-b571-11fa40308ff9(localhost/127.0.0.1). Reason : Chunks directory /home/runner/work/ozone/ozone/hadoop-ozone/integration-test/target/test-dir/MiniOzoneClusterImpl-7a2c00ee-15e1-4921-aa6b-526c14ec89d8/ozone-meta/datanode-4/data-0/hdds/7a2c00ee-15e1-4921-aa6b-526c14ec89d8/current/containerDir0/2/chunks does not exist.
2025-07-15 19:44:45,057 [EventQueue-PipelineActionsForPipelineActionHandler] WARN  pipeline.PipelineActionHandler (PipelineActionHandler.java:closeUnknownPipeline(117)) - Pipeline action received for unknown Pipeline Pipeline-2a9ac051-bf0b-4ff2-8e2f-8c8a76c13734, firing close pipeline event.
2025-07-15 19:44:45,062 [EventQueue-PipelineActionsForPipelineActionHandler] INFO  pipeline.PipelineActionHandler (PipelineActionHandler.java:processPipelineAction(89)) - Received pipeline action CLOSE for Pipeline-2a9ac051-bf0b-4ff2-8e2f-8c8a76c13734 from datanode faa2b429-16a2-49fa-ab42-514c70ac334b(localhost/127.0.0.1). Reason : Chunks directory /home/runner/work/ozone/ozone/hadoop-ozone/integration-test/target/test-dir/MiniOzoneClusterImpl-7a2c00ee-15e1-4921-aa6b-526c14ec89d8/ozone-meta/datanode-5/data-0/hdds/7a2c00ee-15e1-4921-aa6b-526c14ec89d8/current/containerDir0/2/chunks does not exist.
2025-07-15 19:44:45,063 [EventQueue-PipelineActionsForPipelineActionHandler] WARN  pipeline.PipelineActionHandler (PipelineActionHandler.java:closeUnknownPipeline(117)) - Pipeline action received for unknown Pipeline Pipeline-2a9ac051-bf0b-4ff2-8e2f-8c8a76c13734, firing close pipeline event.
2025-07-15 19:44:45,153 [EventQueue-PipelineReportForPipelineReportHandler] INFO  pipeline.PipelineReportHandler (PipelineReportHandler.java:handlePipelineNotFoundException(98)) - Pipeline Pipeline-2a9ac051-bf0b-4ff2-8e2f-8c8a76c13734, reported by datanode 1ed39f2b-ba05-41d4-bcbc-50acfb489962(localhost/127.0.0.1) is not found.
2025-07-15 19:44:45,257 [EventQueue-PipelineReportForPipelineReportHandler] INFO  pipeline.PipelineReportHandler (PipelineReportHandler.java:handlePipelineNotFoundException(98)) - Pipeline Pipeline-2a9ac051-bf0b-4ff2-8e2f-8c8a76c13734, reported by datanode 99cb6aa4-ab14-4525-b571-11fa40308ff9(localhost/127.0.0.1) is not found.
2025-07-15 19:44:45,257 [EventQueue-PipelineActionsForPipelineActionHandler] INFO  pipeline.PipelineActionHandler (PipelineActionHandler.java:processPipelineAction(89)) - Received pipeline action CLOSE for Pipeline-2a9ac051-bf0b-4ff2-8e2f-8c8a76c13734 from datanode 99cb6aa4-ab14-4525-b571-11fa40308ff9(localhost/127.0.0.1). Reason : Chunks directory /home/runner/work/ozone/ozone/hadoop-ozone/integration-test/target/test-dir/MiniOzoneClusterImpl-7a2c00ee-15e1-4921-aa6b-526c14ec89d8/ozone-meta/datanode-4/data-0/hdds/7a2c00ee-15e1-4921-aa6b-526c14ec89d8/current/containerDir0/2/chunks does not exist.
2025-07-15 19:44:45,257 [EventQueue-PipelineActionsForPipelineActionHandler] WARN  pipeline.PipelineActionHandler (PipelineActionHandler.java:closeUnknownPipeline(117)) - Pipeline action received for unknown Pipeline Pipeline-2a9ac051-bf0b-4ff2-8e2f-8c8a76c13734, firing close pipeline event.
2025-07-15 19:44:45,263 [EventQueue-PipelineActionsForPipelineActionHandler] INFO  pipeline.PipelineActionHandler (PipelineActionHandler.java:processPipelineAction(89)) - Received pipeline action CLOSE for Pipeline-2a9ac051-bf0b-4ff2-8e2f-8c8a76c13734 from datanode faa2b429-16a2-49fa-ab42-514c70ac334b(localhost/127.0.0.1). Reason : Chunks directory /home/runner/work/ozone/ozone/hadoop-ozone/integration-test/target/test-dir/MiniOzoneClusterImpl-7a2c00ee-15e1-4921-aa6b-526c14ec89d8/ozone-meta/datanode-5/data-0/hdds/7a2c00ee-15e1-4921-aa6b-526c14ec89d8/current/containerDir0/2/chunks does not exist.
2025-07-15 19:44:45,263 [EventQueue-PipelineActionsForPipelineActionHandler] WARN  pipeline.PipelineActionHandler (PipelineActionHandler.java:closeUnknownPipeline(117)) - Pipeline action received for unknown Pipeline Pipeline-2a9ac051-bf0b-4ff2-8e2f-8c8a76c13734, firing close pipeline event.
2025-07-15 19:44:45,263 [EventQueue-PipelineReportForPipelineReportHandler] INFO  pipeline.PipelineReportHandler (PipelineReportHandler.java:handlePipelineNotFoundException(98)) - Pipeline Pipeline-2a9ac051-bf0b-4ff2-8e2f-8c8a76c13734, reported by datanode faa2b429-16a2-49fa-ab42-514c70ac334b(localhost/127.0.0.1) is not found.
2025-07-15 19:44:45,353 [EventQueue-PipelineReportForPipelineReportHandler] INFO  pipeline.PipelineReportHandler (PipelineReportHandler.java:handlePipelineNotFoundException(98)) - Pipeline Pipeline-2a9ac051-bf0b-4ff2-8e2f-8c8a76c13734, reported by datanode 1ed39f2b-ba05-41d4-bcbc-50acfb489962(localhost/127.0.0.1) is not found.
2025-07-15 19:44:45,364 [grpc-default-executor-5] INFO  server.RaftServer (RaftServerProxy.java:remove(116)) - faa2b429-16a2-49fa-ab42-514c70ac334b: remove  FOLLOWER (RUNNING): faa2b429-16a2-49fa-ab42-514c70ac334b@group-8C8A76C13734:t1, leader=1ed39f2b-ba05-41d4-bcbc-50acfb489962, voted=1ed39f2b-ba05-41d4-bcbc-50acfb489962, raftlog=Memoized:faa2b429-16a2-49fa-ab42-514c70ac334b@group-8C8A76C13734-SegmentedRaftLog:OPENED:c4:last(t:1, i:5), conf=conf: {index: 0, cur=peers:[1ed39f2b-ba05-41d4-bcbc-50acfb489962|127.0.0.1:15055, faa2b429-16a2-49fa-ab42-514c70ac334b|127.0.0.1:15047, 99cb6aa4-ab14-4525-b571-11fa40308ff9|127.0.0.1:15039]|listeners:[], old=null}
2025-07-15 19:44:45,365 [grpc-default-executor-5] INFO  server.RaftServer$Division (RaftServerImpl.java:lambda$close$1(527)) - faa2b429-16a2-49fa-ab42-514c70ac334b@group-8C8A76C13734: shutdown
2025-07-15 19:44:45,365 [grpc-default-executor-5] INFO  util.JmxRegister (JmxRegister.java:unregister(74)) - Successfully un-registered JMX Bean with object name Ratis:service=RaftServer,group=group-8C8A76C13734,id=faa2b429-16a2-49fa-ab42-514c70ac334b
2025-07-15 19:44:45,365 [grpc-default-executor-5] INFO  impl.RoleInfo (RoleInfo.java:shutdownFollowerState(121)) - faa2b429-16a2-49fa-ab42-514c70ac334b: shutdown faa2b429-16a2-49fa-ab42-514c70ac334b@group-8C8A76C13734-FollowerState
2025-07-15 19:44:45,365 [grpc-default-executor-5] INFO  impl.StateMachineUpdater (StateMachineUpdater.java:stopAndJoin(163)) - faa2b429-16a2-49fa-ab42-514c70ac334b@group-8C8A76C13734-StateMachineUpdater: set stopIndex = 4
2025-07-15 19:44:45,365 [faa2b429-16a2-49fa-ab42-514c70ac334b@group-8C8A76C13734-StateMachineUpdater] ERROR ratis.ContainerStateMachine (ContainerStateMachine.java:takeSnapshot(421)) - Failed to take snapshot  for group-8C8A76C13734 as the stateMachine is unhealthy. The last applied index is at (t:1, i:4)
2025-07-15 19:44:45,365 [faa2b429-16a2-49fa-ab42-514c70ac334b@group-8C8A76C13734-StateMachineUpdater] ERROR impl.StateMachineUpdater (StateMachineUpdater.java:takeSnapshot(302)) - faa2b429-16a2-49fa-ab42-514c70ac334b@group-8C8A76C13734-StateMachineUpdater: Failed to take snapshot
org.apache.ratis.protocol.exceptions.StateMachineException: Failed to take snapshot  for group-8C8A76C13734 as the stateMachine is unhealthy. The last applied index is at (t:1, i:4)
	at org.apache.hadoop.ozone.container.common.transport.server.ratis.ContainerStateMachine.takeSnapshot(ContainerStateMachine.java:420)
	at org.apache.ratis.server.impl.StateMachineUpdater.takeSnapshot(StateMachineUpdater.java:290)
	at org.apache.ratis.server.impl.StateMachineUpdater.checkAndTakeSnapshot(StateMachineUpdater.java:281)
	at org.apache.ratis.server.impl.StateMachineUpdater.run(StateMachineUpdater.java:194)
	at java.base/java.lang.Thread.run(Thread.java:1583)
2025-07-15 19:44:45,365 [faa2b429-16a2-49fa-ab42-514c70ac334b@group-8C8A76C13734-StateMachineUpdater] INFO  impl.StateMachineUpdater (StateMachineUpdater.java:stop(140)) - faa2b429-16a2-49fa-ab42-514c70ac334b@group-8C8A76C13734-StateMachineUpdater: closing ContainerStateMachine, lastApplied=(t:1, i:4)
2025-07-15 19:44:45,365 [faa2b429-16a2-49fa-ab42-514c70ac334b@group-8C8A76C13734-FollowerState] INFO  impl.FollowerState (FollowerState.java:runImpl(170)) - faa2b429-16a2-49fa-ab42-514c70ac334b@group-8C8A76C13734-FollowerState was interrupted
2025-07-15 19:44:45,366 [faa2b429-16a2-49fa-ab42-514c70ac334b@group-8C8A76C13734-cacheEviction-AwaitToRun] INFO  util.AwaitToRun (AwaitToRun.java:run(49)) - faa2b429-16a2-49fa-ab42-514c70ac334b@group-8C8A76C13734-cacheEviction-AwaitToRun-AwaitForSignal is interrupted
2025-07-15 19:44:45,383 [timer1] WARN  grpc.GrpcUtil (GrpcUtil.java:shutdownManagedChannel(226)) - Timed out gracefully shutting down connection: ManagedChannelOrphanWrapper{delegate=ManagedChannelImpl{logId=470, target=127.0.0.1:15053}}. 
2025-07-15 19:44:45,441 [grpc-default-executor-5] INFO  segmented.SegmentedRaftLogWorker (SegmentedRaftLogWorker.java:close(254)) - faa2b429-16a2-49fa-ab42-514c70ac334b@group-8C8A76C13734-SegmentedRaftLogWorker close()
2025-07-15 19:44:45,443 [grpc-default-executor-5] INFO  server.RaftServer$Division (RaftServerImpl.java:groupRemove(497)) - faa2b429-16a2-49fa-ab42-514c70ac334b@group-8C8A76C13734: Succeed to remove RaftStorageDirectory Storage Directory /home/runner/work/ozone/ozone/hadoop-ozone/integration-test/target/test-dir/MiniOzoneClusterImpl-7a2c00ee-15e1-4921-aa6b-526c14ec89d8/ozone-meta/datanode-5/ratis/2a9ac051-bf0b-4ff2-8e2f-8c8a76c13734
2025-07-15 19:44:45,451 [grpc-default-executor-5] INFO  server.RaftServer (RaftServerProxy.java:remove(116)) - 99cb6aa4-ab14-4525-b571-11fa40308ff9: remove  FOLLOWER (RUNNING): 99cb6aa4-ab14-4525-b571-11fa40308ff9@group-8C8A76C13734:t1, leader=1ed39f2b-ba05-41d4-bcbc-50acfb489962, voted=1ed39f2b-ba05-41d4-bcbc-50acfb489962, raftlog=Memoized:99cb6aa4-ab14-4525-b571-11fa40308ff9@group-8C8A76C13734-SegmentedRaftLog:OPENED:c4:last(t:1, i:5), conf=conf: {index: 0, cur=peers:[1ed39f2b-ba05-41d4-bcbc-50acfb489962|127.0.0.1:15055, faa2b429-16a2-49fa-ab42-514c70ac334b|127.0.0.1:15047, 99cb6aa4-ab14-4525-b571-11fa40308ff9|127.0.0.1:15039]|listeners:[], old=null}
2025-07-15 19:44:45,451 [grpc-default-executor-5] INFO  server.RaftServer$Division (RaftServerImpl.java:lambda$close$1(527)) - 99cb6aa4-ab14-4525-b571-11fa40308ff9@group-8C8A76C13734: shutdown
2025-07-15 19:44:45,451 [grpc-default-executor-5] INFO  util.JmxRegister (JmxRegister.java:unregister(74)) - Successfully un-registered JMX Bean with object name Ratis:service=RaftServer,group=group-8C8A76C13734,id=99cb6aa4-ab14-4525-b571-11fa40308ff9
2025-07-15 19:44:45,451 [grpc-default-executor-5] INFO  impl.RoleInfo (RoleInfo.java:shutdownFollowerState(121)) - 99cb6aa4-ab14-4525-b571-11fa40308ff9: shutdown 99cb6aa4-ab14-4525-b571-11fa40308ff9@group-8C8A76C13734-FollowerState
2025-07-15 19:44:45,451 [grpc-default-executor-5] INFO  impl.StateMachineUpdater (StateMachineUpdater.java:stopAndJoin(163)) - 99cb6aa4-ab14-4525-b571-11fa40308ff9@group-8C8A76C13734-StateMachineUpdater: set stopIndex = 4
2025-07-15 19:44:45,452 [99cb6aa4-ab14-4525-b571-11fa40308ff9@group-8C8A76C13734-FollowerState] INFO  impl.FollowerState (FollowerState.java:runImpl(170)) - 99cb6aa4-ab14-4525-b571-11fa40308ff9@group-8C8A76C13734-FollowerState was interrupted
2025-07-15 19:44:45,453 [99cb6aa4-ab14-4525-b571-11fa40308ff9@group-8C8A76C13734-StateMachineUpdater] ERROR ratis.ContainerStateMachine (ContainerStateMachine.java:takeSnapshot(421)) - Failed to take snapshot  for group-8C8A76C13734 as the stateMachine is unhealthy. The last applied index is at (t:1, i:4)
2025-07-15 19:44:45,453 [99cb6aa4-ab14-4525-b571-11fa40308ff9@group-8C8A76C13734-StateMachineUpdater] ERROR impl.StateMachineUpdater (StateMachineUpdater.java:takeSnapshot(302)) - 99cb6aa4-ab14-4525-b571-11fa40308ff9@group-8C8A76C13734-StateMachineUpdater: Failed to take snapshot
org.apache.ratis.protocol.exceptions.StateMachineException: Failed to take snapshot  for group-8C8A76C13734 as the stateMachine is unhealthy. The last applied index is at (t:1, i:4)
	at org.apache.hadoop.ozone.container.common.transport.server.ratis.ContainerStateMachine.takeSnapshot(ContainerStateMachine.java:420)
	at org.apache.ratis.server.impl.StateMachineUpdater.takeSnapshot(StateMachineUpdater.java:290)
	at org.apache.ratis.server.impl.StateMachineUpdater.checkAndTakeSnapshot(StateMachineUpdater.java:281)
	at org.apache.ratis.server.impl.StateMachineUpdater.run(StateMachineUpdater.java:194)
	at java.base/java.lang.Thread.run(Thread.java:1583)
2025-07-15 19:44:45,453 [99cb6aa4-ab14-4525-b571-11fa40308ff9@group-8C8A76C13734-StateMachineUpdater] INFO  impl.StateMachineUpdater (StateMachineUpdater.java:stop(140)) - 99cb6aa4-ab14-4525-b571-11fa40308ff9@group-8C8A76C13734-StateMachineUpdater: closing ContainerStateMachine, lastApplied=(t:1, i:4)
2025-07-15 19:44:45,454 [99cb6aa4-ab14-4525-b571-11fa40308ff9@group-8C8A76C13734-cacheEviction-AwaitToRun] INFO  util.AwaitToRun (AwaitToRun.java:run(49)) - 99cb6aa4-ab14-4525-b571-11fa40308ff9@group-8C8A76C13734-cacheEviction-AwaitToRun-AwaitForSignal is interrupted
2025-07-15 19:44:45,463 [EventQueue-PipelineReportForPipelineReportHandler] INFO  pipeline.PipelineReportHandler (PipelineReportHandler.java:handlePipelineNotFoundException(98)) - Pipeline Pipeline-2a9ac051-bf0b-4ff2-8e2f-8c8a76c13734, reported by datanode faa2b429-16a2-49fa-ab42-514c70ac334b(localhost/127.0.0.1) is not found.
2025-07-15 19:44:45,753 [EventQueue-PipelineReportForPipelineReportHandler] INFO  pipeline.PipelineReportHandler (PipelineReportHandler.java:handlePipelineNotFoundException(98)) - Pipeline Pipeline-2a9ac051-bf0b-4ff2-8e2f-8c8a76c13734, reported by datanode 1ed39f2b-ba05-41d4-bcbc-50acfb489962(localhost/127.0.0.1) is not found.
2025-07-15 19:44:45,954 [EventQueue-PipelineReportForPipelineReportHandler] INFO  pipeline.PipelineReportHandler (PipelineReportHandler.java:handlePipelineNotFoundException(98)) - Pipeline Pipeline-2a9ac051-bf0b-4ff2-8e2f-8c8a76c13734, reported by datanode 1ed39f2b-ba05-41d4-bcbc-50acfb489962(localhost/127.0.0.1) is not found.
2025-07-15 19:44:46,354 [EventQueue-PipelineReportForPipelineReportHandler] INFO  pipeline.PipelineReportHandler (PipelineReportHandler.java:handlePipelineNotFoundException(98)) - Pipeline Pipeline-2a9ac051-bf0b-4ff2-8e2f-8c8a76c13734, reported by datanode 1ed39f2b-ba05-41d4-bcbc-50acfb489962(localhost/127.0.0.1) is not found.
2025-07-15 19:44:46,442 [grpc-default-executor-5] INFO  segmented.SegmentedRaftLogWorker (SegmentedRaftLogWorker.java:close(254)) - 99cb6aa4-ab14-4525-b571-11fa40308ff9@group-8C8A76C13734-SegmentedRaftLogWorker close()
2025-07-15 19:44:46,443 [grpc-default-executor-5] INFO  server.RaftServer$Division (RaftServerImpl.java:groupRemove(497)) - 99cb6aa4-ab14-4525-b571-11fa40308ff9@group-8C8A76C13734: Succeed to remove RaftStorageDirectory Storage Directory /home/runner/work/ozone/ozone/hadoop-ozone/integration-test/target/test-dir/MiniOzoneClusterImpl-7a2c00ee-15e1-4921-aa6b-526c14ec89d8/ozone-meta/datanode-4/ratis/2a9ac051-bf0b-4ff2-8e2f-8c8a76c13734
2025-07-15 19:44:46,445 [1ed39f2b-ba05-41d4-bcbc-50acfb489962-PipelineCommandHandlerThread-0] INFO  server.RaftServer (RaftServerProxy.java:remove(116)) - 1ed39f2b-ba05-41d4-bcbc-50acfb489962: remove    LEADER (RUNNING): 1ed39f2b-ba05-41d4-bcbc-50acfb489962@group-8C8A76C13734:t1, leader=1ed39f2b-ba05-41d4-bcbc-50acfb489962, voted=1ed39f2b-ba05-41d4-bcbc-50acfb489962, raftlog=Memoized:1ed39f2b-ba05-41d4-bcbc-50acfb489962@group-8C8A76C13734-SegmentedRaftLog:OPENED:c4:last(t:1, i:7), conf=conf: {index: 0, cur=peers:[1ed39f2b-ba05-41d4-bcbc-50acfb489962|127.0.0.1:15055, faa2b429-16a2-49fa-ab42-514c70ac334b|127.0.0.1:15047, 99cb6aa4-ab14-4525-b571-11fa40308ff9|127.0.0.1:15039]|listeners:[], old=null}
2025-07-15 19:44:46,445 [1ed39f2b-ba05-41d4-bcbc-50acfb489962-PipelineCommandHandlerThread-0] INFO  server.RaftServer$Division (RaftServerImpl.java:lambda$close$1(527)) - 1ed39f2b-ba05-41d4-bcbc-50acfb489962@group-8C8A76C13734: shutdown
2025-07-15 19:44:46,445 [1ed39f2b-ba05-41d4-bcbc-50acfb489962-PipelineCommandHandlerThread-0] INFO  util.JmxRegister (JmxRegister.java:unregister(74)) - Successfully un-registered JMX Bean with object name Ratis:service=RaftServer,group=group-8C8A76C13734,id=1ed39f2b-ba05-41d4-bcbc-50acfb489962
2025-07-15 19:44:46,445 [1ed39f2b-ba05-41d4-bcbc-50acfb489962-PipelineCommandHandlerThread-0] INFO  impl.RoleInfo (RoleInfo.java:shutdownLeaderState(103)) - 1ed39f2b-ba05-41d4-bcbc-50acfb489962: shutdown 1ed39f2b-ba05-41d4-bcbc-50acfb489962@group-8C8A76C13734-LeaderStateImpl
2025-07-15 19:44:46,446 [1ed39f2b-ba05-41d4-bcbc-50acfb489962-PipelineCommandHandlerThread-0] INFO  impl.PendingRequests (PendingRequests.java:sendNotLeaderResponses(287)) - 1ed39f2b-ba05-41d4-bcbc-50acfb489962@group-8C8A76C13734-PendingRequests: sendNotLeaderResponses
2025-07-15 19:44:46,446 [1ed39f2b-ba05-41d4-bcbc-50acfb489962@group-8C8A76C13734->99cb6aa4-ab14-4525-b571-11fa40308ff9-GrpcLogAppender-LogAppenderDaemon] WARN  server.GrpcLogAppender (GrpcLogAppender.java:mayWait(300)) - 1ed39f2b-ba05-41d4-bcbc-50acfb489962@group-8C8A76C13734->99cb6aa4-ab14-4525-b571-11fa40308ff9-GrpcLogAppender: Wait interrupted by java.lang.InterruptedException
2025-07-15 19:44:46,446 [1ed39f2b-ba05-41d4-bcbc-50acfb489962-CloseContainerThread-1] INFO  commandhandler.CloseContainerCommandHandler (CloseContainerCommandHandler.java:lambda$handle$0(154)) - Follower cannot close container #2.
2025-07-15 19:44:46,446 [1ed39f2b-ba05-41d4-bcbc-50acfb489962@group-8C8A76C13734->faa2b429-16a2-49fa-ab42-514c70ac334b-GrpcLogAppender-LogAppenderDaemon] WARN  server.GrpcLogAppender (GrpcLogAppender.java:mayWait(300)) - 1ed39f2b-ba05-41d4-bcbc-50acfb489962@group-8C8A76C13734->faa2b429-16a2-49fa-ab42-514c70ac334b-GrpcLogAppender: Wait interrupted by java.lang.InterruptedException
2025-07-15 19:44:46,448 [1ed39f2b-ba05-41d4-bcbc-50acfb489962-PipelineCommandHandlerThread-0] INFO  impl.StateMachineUpdater (StateMachineUpdater.java:stopAndJoin(163)) - 1ed39f2b-ba05-41d4-bcbc-50acfb489962@group-8C8A76C13734-StateMachineUpdater: set stopIndex = 4
2025-07-15 19:44:46,448 [1ed39f2b-ba05-41d4-bcbc-50acfb489962@group-8C8A76C13734-StateMachineUpdater] INFO  impl.StateMachineUpdater (StateMachineUpdater.java:stop(140)) - 1ed39f2b-ba05-41d4-bcbc-50acfb489962@group-8C8A76C13734-StateMachineUpdater: closing ContainerStateMachine, lastApplied=(t:1, i:4)
2025-07-15 19:44:46,449 [1ed39f2b-ba05-41d4-bcbc-50acfb489962@group-8C8A76C13734-cacheEviction-AwaitToRun] INFO  util.AwaitToRun (AwaitToRun.java:run(49)) - 1ed39f2b-ba05-41d4-bcbc-50acfb489962@group-8C8A76C13734-cacheEviction-AwaitToRun-AwaitForSignal is interrupted
2025-07-15 19:44:46,956 [1ed39f2b-ba05-41d4-bcbc-50acfb489962-PipelineCommandHandlerThread-0] INFO  segmented.SegmentedRaftLogWorker (SegmentedRaftLogWorker.java:close(254)) - 1ed39f2b-ba05-41d4-bcbc-50acfb489962@group-8C8A76C13734-SegmentedRaftLogWorker close()
2025-07-15 19:44:46,957 [1ed39f2b-ba05-41d4-bcbc-50acfb489962-PipelineCommandHandlerThread-0] INFO  keyvalue.KeyValueContainer (KeyValueContainer.java:flushAndSyncDB(514)) - Synced container: KeyValueContainerData #2 (CLOSING, non-empty, ri=0, origin=[dn_1ed39f2b-ba05-41d4-bcbc-50acfb489962, pipeline_2a9ac051-bf0b-4ff2-8e2f-8c8a76c13734])
2025-07-15 19:44:46,957 [1ed39f2b-ba05-41d4-bcbc-50acfb489962-PipelineCommandHandlerThread-0] INFO  keyvalue.KeyValueContainer (KeyValueContainer.java:flushAndSyncDB(514)) - Synced container: KeyValueContainerData #2 (CLOSING, non-empty, ri=0, origin=[dn_1ed39f2b-ba05-41d4-bcbc-50acfb489962, pipeline_2a9ac051-bf0b-4ff2-8e2f-8c8a76c13734])
2025-07-15 19:44:46,962 [1ed39f2b-ba05-41d4-bcbc-50acfb489962-PipelineCommandHandlerThread-0] INFO  server.RaftServer$Division (RaftServerImpl.java:groupRemove(497)) - 1ed39f2b-ba05-41d4-bcbc-50acfb489962@group-8C8A76C13734: Succeed to remove RaftStorageDirectory Storage Directory /home/runner/work/ozone/ozone/hadoop-ozone/integration-test/target/test-dir/MiniOzoneClusterImpl-7a2c00ee-15e1-4921-aa6b-526c14ec89d8/ozone-meta/datanode-6/ratis/2a9ac051-bf0b-4ff2-8e2f-8c8a76c13734
2025-07-15 19:44:46,962 [1ed39f2b-ba05-41d4-bcbc-50acfb489962-PipelineCommandHandlerThread-0] INFO  commandhandler.ClosePipelineCommandHandler (ClosePipelineCommandHandler.java:lambda$handle$2(142)) - Close Pipeline Pipeline-2a9ac051-bf0b-4ff2-8e2f-8c8a76c13734 command on datanode 1ed39f2b-ba05-41d4-bcbc-50acfb489962(localhost/127.0.0.1).
2025-07-15 19:44:46,962 [FixedThreadPoolWithAffinityExecutor-1-0] INFO  container.IncrementalContainerReportHandler (AbstractContainerReportHandler.java:updateContainerState(264)) - QUASI_CLOSE Container #2 (CLOSING, sid=2) r0 (QUASI_CLOSED, bcsid=2, origin=1ed39f2b-ba05-41d4-bcbc-50acfb489962, non-empty) from dn 1ed39f2b-ba05-41d4-bcbc-50acfb489962(localhost/127.0.0.1)
2025-07-15 19:44:56,901 [grpc-default-executor-0] ERROR impl.OrderedAsync (OrderedAsync.java:lambda$null$6(215)) -  client-856747640231: Failed* RaftClientRequest:client-856747640231->99cb6aa4-ab14-4525-b571-11fa40308ff9@group-8C8A76C13734, cid=29, seq=4*, RW, cmdType: WriteChunk
traceID: ""
containerID: 2
datanodeUuid: "99cb6aa4-ab14-4525-b571-11fa40308ff9"
writeChunk {
  blockID {
    containerID: 2
    localID: 115816896921600002
    blockCommitSequenceId: 2
    replicaIndex: 0
  }
  chunkData {
    chunkName: "115816896921600002_chunk_2"
    offset: 5
    len: 10
    checksumData {
      type: CRC32
      bytesPerChecksum: 16384
      checksums: "\317\357R*"
    }
  }
}
version: 3
, data.size=10
java.util.concurrent.CompletionException: org.apache.ratis.protocol.exceptions.GroupMismatchException: 99cb6aa4-ab14-4525-b571-11fa40308ff9: group-8C8A76C13734 not found.
	at java.base/java.util.concurrent.CompletableFuture.encodeThrowable(CompletableFuture.java:332)
	at java.base/java.util.concurrent.CompletableFuture.completeThrowable(CompletableFuture.java:347)
	at java.base/java.util.concurrent.CompletableFuture$UniAccept.tryFire(CompletableFuture.java:708)
	at java.base/java.util.concurrent.CompletableFuture.postComplete(CompletableFuture.java:510)
	at java.base/java.util.concurrent.CompletableFuture.completeExceptionally(CompletableFuture.java:2194)
	at org.apache.ratis.grpc.client.GrpcClientProtocolClient$AsyncStreamObservers.completeReplyExceptionally(GrpcClientProtocolClient.java:397)
	at org.apache.ratis.grpc.client.GrpcClientProtocolClient$AsyncStreamObservers.access$000(GrpcClientProtocolClient.java:303)
	at org.apache.ratis.grpc.client.GrpcClientProtocolClient$AsyncStreamObservers$1.onError(GrpcClientProtocolClient.java:334)
	at org.apache.ratis.thirdparty.io.grpc.stub.ClientCalls$StreamObserverToCallListenerAdapter.onClose(ClientCalls.java:564)
	at org.apache.ratis.thirdparty.io.grpc.PartialForwardingClientCallListener.onClose(PartialForwardingClientCallListener.java:39)
	at org.apache.ratis.thirdparty.io.grpc.ForwardingClientCallListener.onClose(ForwardingClientCallListener.java:23)
	at org.apache.ratis.grpc.metrics.intercept.client.MetricClientCallListener.onClose(MetricClientCallListener.java:47)
	at org.apache.ratis.thirdparty.io.grpc.internal.ClientCallImpl.closeObserver(ClientCallImpl.java:565)
	at org.apache.ratis.thirdparty.io.grpc.internal.ClientCallImpl.access$100(ClientCallImpl.java:72)
	at org.apache.ratis.thirdparty.io.grpc.internal.ClientCallImpl$ClientStreamListenerImpl$1StreamClosed.runInternal(ClientCallImpl.java:733)
	at org.apache.ratis.thirdparty.io.grpc.internal.ClientCallImpl$ClientStreamListenerImpl$1StreamClosed.runInContext(ClientCallImpl.java:714)
	at org.apache.ratis.thirdparty.io.grpc.internal.ContextRunnable.run(ContextRunnable.java:37)
	at org.apache.ratis.thirdparty.io.grpc.internal.SerializingExecutor.run(SerializingExecutor.java:133)
	at java.base/java.util.concurrent.ThreadPoolExecutor.runWorker(ThreadPoolExecutor.java:1144)
	at java.base/java.util.concurrent.ThreadPoolExecutor$Worker.run(ThreadPoolExecutor.java:642)
	at java.base/java.lang.Thread.run(Thread.java:1583)
Caused by: org.apache.ratis.protocol.exceptions.GroupMismatchException: 99cb6aa4-ab14-4525-b571-11fa40308ff9: group-8C8A76C13734 not found.
	at org.apache.ratis.server.impl.RaftServerProxy$ImplMap.get(RaftServerProxy.java:160)
	at org.apache.ratis.server.impl.RaftServerProxy.getImplFuture(RaftServerProxy.java:370)
	at org.apache.ratis.server.impl.RaftServerProxy.submitClientRequestAsync(RaftServerProxy.java:455)
	at org.apache.ratis.grpc.server.GrpcClientProtocolService$RequestStreamObserver.processClientRequest(GrpcClientProtocolService.java:226)
	at org.apache.ratis.grpc.server.GrpcClientProtocolService$OrderedRequestStreamObserver.processClientRequest(GrpcClientProtocolService.java:332)
	at org.apache.ratis.util.SlidingWindow$Server.processRequestsFromHead(SlidingWindow.java:467)
	at org.apache.ratis.util.SlidingWindow$Server.receivedRequest(SlidingWindow.java:459)
	at org.apache.ratis.grpc.server.GrpcClientProtocolService$OrderedRequestStreamObserver.processClientRequest(GrpcClientProtocolService.java:356)
	at org.apache.ratis.grpc.server.GrpcClientProtocolService$RequestStreamObserver.onNext(GrpcClientProtocolService.java:246)
	at org.apache.ratis.grpc.server.GrpcClientProtocolService$RequestStreamObserver.onNext(GrpcClientProtocolService.java:169)
	at org.apache.ratis.thirdparty.io.grpc.stub.ServerCalls$StreamingServerCallHandler$StreamingServerCallListener.onMessage(ServerCalls.java:262)
	at org.apache.ratis.thirdparty.io.grpc.internal.ServerCallImpl$ServerStreamListenerImpl.messagesAvailableInternal(ServerCallImpl.java:334)
	at org.apache.ratis.thirdparty.io.grpc.internal.ServerCallImpl$ServerStreamListenerImpl.messagesAvailable(ServerCallImpl.java:319)
	at org.apache.ratis.thirdparty.io.grpc.internal.ServerImpl$JumpToApplicationThreadServerStreamListener$1MessagesAvailable.runInContext(ServerImpl.java:834)
	... 5 more
2025-07-15 19:44:56,902 [grpc-default-executor-0] ERROR impl.OrderedAsync (OrderedAsync.java:lambda$send$4(181)) - Failed to send request, message=cmdType: WriteChunk
traceID: ""
containerID: 2
datanodeUuid: "99cb6aa4-ab14-4525-b571-11fa40308ff9"
writeChunk {
  blockID {
    containerID: 2
    localID: 115816896921600002
    blockCommitSequenceId: 2
    replicaIndex: 0
  }
  chunkData {
    chunkName: "115816896921600002_chunk_2"
    offset: 5
    len: 10
    checksumData {
      type: CRC32
      bytesPerChecksum: 16384
      checksums: "\317\357R*"
    }
  }
}
version: 3
, data.size=10
java.util.concurrent.CompletionException: org.apache.ratis.protocol.exceptions.GroupMismatchException: 99cb6aa4-ab14-4525-b571-11fa40308ff9: group-8C8A76C13734 not found.
	at java.base/java.util.concurrent.CompletableFuture.encodeThrowable(CompletableFuture.java:332)
	at java.base/java.util.concurrent.CompletableFuture.completeThrowable(CompletableFuture.java:347)
	at java.base/java.util.concurrent.CompletableFuture$UniApply.tryFire(CompletableFuture.java:636)
	at java.base/java.util.concurrent.CompletableFuture.postComplete(CompletableFuture.java:510)
	at java.base/java.util.concurrent.CompletableFuture.completeExceptionally(CompletableFuture.java:2194)
	at org.apache.ratis.client.impl.OrderedAsync$PendingOrderedRequest.fail(OrderedAsync.java:111)
	at org.apache.ratis.util.SlidingWindow$Client.fail(SlidingWindow.java:395)
	at org.apache.ratis.client.impl.OrderedAsync.failAllAsyncRequests(OrderedAsync.java:155)
	at org.apache.ratis.client.impl.OrderedAsync.handleException(OrderedAsync.java:232)
	at org.apache.ratis.client.impl.OrderedAsync.lambda$sendRequestWithRetry$7(OrderedAsync.java:217)
	at java.base/java.util.concurrent.CompletableFuture.uniExceptionally(CompletableFuture.java:990)
	at java.base/java.util.concurrent.CompletableFuture$UniExceptionally.tryFire(CompletableFuture.java:974)
	at java.base/java.util.concurrent.CompletableFuture.postComplete(CompletableFuture.java:510)
	at java.base/java.util.concurrent.CompletableFuture.completeExceptionally(CompletableFuture.java:2194)
	at org.apache.ratis.grpc.client.GrpcClientProtocolClient$AsyncStreamObservers.completeReplyExceptionally(GrpcClientProtocolClient.java:397)
	at org.apache.ratis.grpc.client.GrpcClientProtocolClient$AsyncStreamObservers.access$000(GrpcClientProtocolClient.java:303)
	at org.apache.ratis.grpc.client.GrpcClientProtocolClient$AsyncStreamObservers$1.onError(GrpcClientProtocolClient.java:334)
	at org.apache.ratis.thirdparty.io.grpc.stub.ClientCalls$StreamObserverToCallListenerAdapter.onClose(ClientCalls.java:564)
	at org.apache.ratis.thirdparty.io.grpc.PartialForwardingClientCallListener.onClose(PartialForwardingClientCallListener.java:39)
	at org.apache.ratis.thirdparty.io.grpc.ForwardingClientCallListener.onClose(ForwardingClientCallListener.java:23)
	at org.apache.ratis.grpc.metrics.intercept.client.MetricClientCallListener.onClose(MetricClientCallListener.java:47)
	at org.apache.ratis.thirdparty.io.grpc.internal.ClientCallImpl.closeObserver(ClientCallImpl.java:565)
	at org.apache.ratis.thirdparty.io.grpc.internal.ClientCallImpl.access$100(ClientCallImpl.java:72)
	at org.apache.ratis.thirdparty.io.grpc.internal.ClientCallImpl$ClientStreamListenerImpl$1StreamClosed.runInternal(ClientCallImpl.java:733)
	at org.apache.ratis.thirdparty.io.grpc.internal.ClientCallImpl$ClientStreamListenerImpl$1StreamClosed.runInContext(ClientCallImpl.java:714)
	at org.apache.ratis.thirdparty.io.grpc.internal.ContextRunnable.run(ContextRunnable.java:37)
	at org.apache.ratis.thirdparty.io.grpc.internal.SerializingExecutor.run(SerializingExecutor.java:133)
	at java.base/java.util.concurrent.ThreadPoolExecutor.runWorker(ThreadPoolExecutor.java:1144)
	at java.base/java.util.concurrent.ThreadPoolExecutor$Worker.run(ThreadPoolExecutor.java:642)
	at java.base/java.lang.Thread.run(Thread.java:1583)
Caused by: org.apache.ratis.protocol.exceptions.GroupMismatchException: 99cb6aa4-ab14-4525-b571-11fa40308ff9: group-8C8A76C13734 not found.
	at org.apache.ratis.server.impl.RaftServerProxy$ImplMap.get(RaftServerProxy.java:160)
	at org.apache.ratis.server.impl.RaftServerProxy.getImplFuture(RaftServerProxy.java:370)
	at org.apache.ratis.server.impl.RaftServerProxy.submitClientRequestAsync(RaftServerProxy.java:455)
	at org.apache.ratis.grpc.server.GrpcClientProtocolService$RequestStreamObserver.processClientRequest(GrpcClientProtocolService.java:226)
	at org.apache.ratis.grpc.server.GrpcClientProtocolService$OrderedRequestStreamObserver.processClientRequest(GrpcClientProtocolService.java:332)
	at org.apache.ratis.util.SlidingWindow$Server.processRequestsFromHead(SlidingWindow.java:467)
	at org.apache.ratis.util.SlidingWindow$Server.receivedRequest(SlidingWindow.java:459)
	at org.apache.ratis.grpc.server.GrpcClientProtocolService$OrderedRequestStreamObserver.processClientRequest(GrpcClientProtocolService.java:356)
	at org.apache.ratis.grpc.server.GrpcClientProtocolService$RequestStreamObserver.onNext(GrpcClientProtocolService.java:246)
	at org.apache.ratis.grpc.server.GrpcClientProtocolService$RequestStreamObserver.onNext(GrpcClientProtocolService.java:169)
	at org.apache.ratis.thirdparty.io.grpc.stub.ServerCalls$StreamingServerCallHandler$StreamingServerCallListener.onMessage(ServerCalls.java:262)
	at org.apache.ratis.thirdparty.io.grpc.internal.ServerCallImpl$ServerStreamListenerImpl.messagesAvailableInternal(ServerCallImpl.java:334)
	at org.apache.ratis.thirdparty.io.grpc.internal.ServerCallImpl$ServerStreamListenerImpl.messagesAvailable(ServerCallImpl.java:319)
	at org.apache.ratis.thirdparty.io.grpc.internal.ServerImpl$JumpToApplicationThreadServerStreamListener$1MessagesAvailable.runInContext(ServerImpl.java:834)
	... 5 more
2025-07-15 19:44:56,903 [grpc-default-executor-0] ERROR impl.OrderedAsync (OrderedAsync.java:lambda$send$4(179)) - Failed to send request, message=cmdType: PutBlock
traceID: ""
containerID: 2
datanodeUuid: "99cb6aa4-ab14-4525-b571-11fa40308ff9"
putBlock {
  blockData {
    blockID {
      containerID: 2
      localID: 115816896921600002
      blockCommitSequenceId: 0
    }
    metadata {
      key: "TYPE"
      value: "KEY"
    }
    chunks {
      chunkName: "115816896921600002_chunk_1"
      offset: 0
      len: 5
      checksumData {
        type: CRC32
        bytesPerChecksum: 16384
        checksums: "\350a\3440"
      }
    }
    chunks {
      chunkName: "115816896921600002_chunk_2"
      offset: 5
      len: 10
      checksumData {
        type: CRC32
        bytesPerChecksum: 16384
        checksums: "\317\357R*"
      }
    }
  }
  eof: false
}
version: 3
, data.size=0 due to java.util.concurrent.CompletionException: org.apache.ratis.protocol.exceptions.AlreadyClosedException: SlidingWindow$Client:client-856747640231->RAFT is closed.
2025-07-15 19:44:56,904 [main] WARN  io.KeyOutputStream (KeyOutputStream.java:handleExceptionInternal(377)) - Encountered exception java.io.IOException: Unexpected Storage Container Exception: java.util.concurrent.CompletionException: Failed to write chunk 115816896921600002_chunk_2 into block conID: 2 locID: 115816896921600002 bcsId: 2 replicaIndex: null on the pipeline Pipeline{ Id: 2a9ac051-bf0b-4ff2-8e2f-8c8a76c13734, Nodes: [ {99cb6aa4-ab14-4525-b571-11fa40308ff9(localhost/127.0.0.1), ReplicaIndex: 0}, {1ed39f2b-ba05-41d4-bcbc-50acfb489962(localhost/127.0.0.1), ReplicaIndex: 0}, {faa2b429-16a2-49fa-ab42-514c70ac334b(localhost/127.0.0.1), ReplicaIndex: 0},], ReplicationConfig: RATIS/THREE, State:OPEN, leaderId:1ed39f2b-ba05-41d4-bcbc-50acfb489962, CreationTimestamp2025-07-15T19:44:35.036Z[Etc/UTC]}. The last committed block length is 5, uncommitted data length is 10 retry count 0
2025-07-15 19:44:56,953 [73892b45-0ad3-4392-8d09-ab2d1cd7ede4@group-A35D399F7985-StateMachineUpdater] INFO  ratis.ContainerStateMachine (ContainerStateMachine.java:takeSnapshot(427)) - group-A35D399F7985: Taking a snapshot at:(t:1, i:2) file /home/runner/work/ozone/ozone/hadoop-ozone/integration-test/target/test-dir/MiniOzoneClusterImpl-7a2c00ee-15e1-4921-aa6b-526c14ec89d8/ozone-meta/datanode-8/ratis/c5ee18f9-7bb3-48ae-90e0-a35d399f7985/sm/snapshot.1_2
2025-07-15 19:44:56,955 [73892b45-0ad3-4392-8d09-ab2d1cd7ede4@group-A35D399F7985-StateMachineUpdater] INFO  ratis.ContainerStateMachine (ContainerStateMachine.java:takeSnapshot(436)) - group-A35D399F7985: Finished taking a snapshot at:(t:1, i:2) file:/home/runner/work/ozone/ozone/hadoop-ozone/integration-test/target/test-dir/MiniOzoneClusterImpl-7a2c00ee-15e1-4921-aa6b-526c14ec89d8/ozone-meta/datanode-8/ratis/c5ee18f9-7bb3-48ae-90e0-a35d399f7985/sm/snapshot.1_2 took: 3 ms
2025-07-15 19:44:56,956 [73892b45-0ad3-4392-8d09-ab2d1cd7ede4@group-A35D399F7985-StateMachineUpdater] INFO  impl.StateMachineUpdater (StateMachineUpdater.java:takeSnapshot(307)) - 73892b45-0ad3-4392-8d09-ab2d1cd7ede4@group-A35D399F7985-StateMachineUpdater: Took a snapshot at index 2
2025-07-15 19:44:56,956 [73892b45-0ad3-4392-8d09-ab2d1cd7ede4@group-A35D399F7985-StateMachineUpdater] INFO  impl.StateMachineUpdater (StateMachineUpdater.java:lambda$new$0(101)) - 73892b45-0ad3-4392-8d09-ab2d1cd7ede4@group-A35D399F7985-StateMachineUpdater: snapshotIndex: updateIncreasingly 0 -> 2
2025-07-15 19:44:56,956 [73892b45-0ad3-4392-8d09-ab2d1cd7ede4@group-A35D399F7985-StateMachineUpdater] INFO  ratis.ContainerStateMachine (ContainerStateMachine.java:takeSnapshot(427)) - group-A35D399F7985: Taking a snapshot at:(t:1, i:3) file /home/runner/work/ozone/ozone/hadoop-ozone/integration-test/target/test-dir/MiniOzoneClusterImpl-7a2c00ee-15e1-4921-aa6b-526c14ec89d8/ozone-meta/datanode-8/ratis/c5ee18f9-7bb3-48ae-90e0-a35d399f7985/sm/snapshot.1_3
2025-07-15 19:44:56,956 [edffad61-d5a0-4c2f-abd3-1d848b9782f9@group-A35D399F7985-StateMachineUpdater] INFO  ratis.ContainerStateMachine (ContainerStateMachine.java:takeSnapshot(427)) - group-A35D399F7985: Taking a snapshot at:(t:1, i:1) file /home/runner/work/ozone/ozone/hadoop-ozone/integration-test/target/test-dir/MiniOzoneClusterImpl-7a2c00ee-15e1-4921-aa6b-526c14ec89d8/ozone-meta/datanode-9/ratis/c5ee18f9-7bb3-48ae-90e0-a35d399f7985/sm/snapshot.1_1
2025-07-15 19:44:56,959 [edffad61-d5a0-4c2f-abd3-1d848b9782f9@group-A35D399F7985-StateMachineUpdater] INFO  ratis.ContainerStateMachine (ContainerStateMachine.java:takeSnapshot(436)) - group-A35D399F7985: Finished taking a snapshot at:(t:1, i:1) file:/home/runner/work/ozone/ozone/hadoop-ozone/integration-test/target/test-dir/MiniOzoneClusterImpl-7a2c00ee-15e1-4921-aa6b-526c14ec89d8/ozone-meta/datanode-9/ratis/c5ee18f9-7bb3-48ae-90e0-a35d399f7985/sm/snapshot.1_1 took: 3 ms
2025-07-15 19:44:56,959 [edffad61-d5a0-4c2f-abd3-1d848b9782f9@group-A35D399F7985-StateMachineUpdater] INFO  impl.StateMachineUpdater (StateMachineUpdater.java:takeSnapshot(307)) - edffad61-d5a0-4c2f-abd3-1d848b9782f9@group-A35D399F7985-StateMachineUpdater: Took a snapshot at index 1
2025-07-15 19:44:56,959 [73892b45-0ad3-4392-8d09-ab2d1cd7ede4@group-A35D399F7985-StateMachineUpdater] INFO  ratis.ContainerStateMachine (ContainerStateMachine.java:takeSnapshot(436)) - group-A35D399F7985: Finished taking a snapshot at:(t:1, i:3) file:/home/runner/work/ozone/ozone/hadoop-ozone/integration-test/target/test-dir/MiniOzoneClusterImpl-7a2c00ee-15e1-4921-aa6b-526c14ec89d8/ozone-meta/datanode-8/ratis/c5ee18f9-7bb3-48ae-90e0-a35d399f7985/sm/snapshot.1_3 took: 4 ms
2025-07-15 19:44:56,960 [73892b45-0ad3-4392-8d09-ab2d1cd7ede4@group-A35D399F7985-StateMachineUpdater] INFO  impl.StateMachineUpdater (StateMachineUpdater.java:takeSnapshot(307)) - 73892b45-0ad3-4392-8d09-ab2d1cd7ede4@group-A35D399F7985-StateMachineUpdater: Took a snapshot at index 3
2025-07-15 19:44:56,960 [73892b45-0ad3-4392-8d09-ab2d1cd7ede4@group-A35D399F7985-StateMachineUpdater] INFO  impl.StateMachineUpdater (StateMachineUpdater.java:lambda$new$0(101)) - 73892b45-0ad3-4392-8d09-ab2d1cd7ede4@group-A35D399F7985-StateMachineUpdater: snapshotIndex: updateIncreasingly 2 -> 3
2025-07-15 19:44:56,960 [main] INFO  io.BlockOutputStreamEntry (BlockOutputStreamEntry.java:writeOnRetry(192)) - BlockOutputStreamEntry:ratis1 conID: 3 locID: 115816896921600003 bcsId: 0 replicaIndex: null: Finish retrying with len 10, currentPosition 10
2025-07-15 19:44:56,961 [main] INFO  io.BlockOutputStreamEntry (BlockOutputStreamEntry.java:finishRetryHandling(141)) - BlockOutputStreamEntry:ratis1 conID: 3 locID: 115816896921600003 bcsId: 0 replicaIndex: null: Exiting retry handling mode
2025-07-15 19:44:56,960 [edffad61-d5a0-4c2f-abd3-1d848b9782f9@group-A35D399F7985-StateMachineUpdater] INFO  impl.StateMachineUpdater (StateMachineUpdater.java:lambda$new$0(101)) - edffad61-d5a0-4c2f-abd3-1d848b9782f9@group-A35D399F7985-StateMachineUpdater: snapshotIndex: updateIncreasingly 0 -> 1
2025-07-15 19:44:56,961 [73892b45-0ad3-4392-8d09-ab2d1cd7ede4@group-A35D399F7985-StateMachineUpdater] INFO  ratis.ContainerStateMachine (ContainerStateMachine.java:takeSnapshot(427)) - group-A35D399F7985: Taking a snapshot at:(t:1, i:4) file /home/runner/work/ozone/ozone/hadoop-ozone/integration-test/target/test-dir/MiniOzoneClusterImpl-7a2c00ee-15e1-4921-aa6b-526c14ec89d8/ozone-meta/datanode-8/ratis/c5ee18f9-7bb3-48ae-90e0-a35d399f7985/sm/snapshot.1_4
2025-07-15 19:44:56,963 [73892b45-0ad3-4392-8d09-ab2d1cd7ede4@group-A35D399F7985-StateMachineUpdater] INFO  ratis.ContainerStateMachine (ContainerStateMachine.java:takeSnapshot(436)) - group-A35D399F7985: Finished taking a snapshot at:(t:1, i:4) file:/home/runner/work/ozone/ozone/hadoop-ozone/integration-test/target/test-dir/MiniOzoneClusterImpl-7a2c00ee-15e1-4921-aa6b-526c14ec89d8/ozone-meta/datanode-8/ratis/c5ee18f9-7bb3-48ae-90e0-a35d399f7985/sm/snapshot.1_4 took: 3 ms
2025-07-15 19:44:56,963 [73892b45-0ad3-4392-8d09-ab2d1cd7ede4@group-A35D399F7985-StateMachineUpdater] INFO  impl.StateMachineUpdater (StateMachineUpdater.java:takeSnapshot(307)) - 73892b45-0ad3-4392-8d09-ab2d1cd7ede4@group-A35D399F7985-StateMachineUpdater: Took a snapshot at index 4
2025-07-15 19:44:56,963 [73892b45-0ad3-4392-8d09-ab2d1cd7ede4@group-A35D399F7985-StateMachineUpdater] INFO  impl.StateMachineUpdater (StateMachineUpdater.java:lambda$new$0(101)) - 73892b45-0ad3-4392-8d09-ab2d1cd7ede4@group-A35D399F7985-StateMachineUpdater: snapshotIndex: updateIncreasingly 3 -> 4
2025-07-15 19:44:56,968 [edffad61-d5a0-4c2f-abd3-1d848b9782f9@group-A35D399F7985-StateMachineUpdater] INFO  ratis.ContainerStateMachine (ContainerStateMachine.java:takeSnapshot(427)) - group-A35D399F7985: Taking a snapshot at:(t:1, i:4) file /home/runner/work/ozone/ozone/hadoop-ozone/integration-test/target/test-dir/MiniOzoneClusterImpl-7a2c00ee-15e1-4921-aa6b-526c14ec89d8/ozone-meta/datanode-9/ratis/c5ee18f9-7bb3-48ae-90e0-a35d399f7985/sm/snapshot.1_4
2025-07-15 19:44:56,969 [262265f8-b6b0-4173-8249-6c4ff56c562c@group-A35D399F7985-StateMachineUpdater] INFO  ratis.ContainerStateMachine (ContainerStateMachine.java:takeSnapshot(427)) - group-A35D399F7985: Taking a snapshot at:(t:1, i:4) file /home/runner/work/ozone/ozone/hadoop-ozone/integration-test/target/test-dir/MiniOzoneClusterImpl-7a2c00ee-15e1-4921-aa6b-526c14ec89d8/ozone-meta/datanode-7/ratis/c5ee18f9-7bb3-48ae-90e0-a35d399f7985/sm/snapshot.1_4
2025-07-15 19:44:56,971 [edffad61-d5a0-4c2f-abd3-1d848b9782f9@group-A35D399F7985-StateMachineUpdater] INFO  ratis.ContainerStateMachine (ContainerStateMachine.java:takeSnapshot(436)) - group-A35D399F7985: Finished taking a snapshot at:(t:1, i:4) file:/home/runner/work/ozone/ozone/hadoop-ozone/integration-test/target/test-dir/MiniOzoneClusterImpl-7a2c00ee-15e1-4921-aa6b-526c14ec89d8/ozone-meta/datanode-9/ratis/c5ee18f9-7bb3-48ae-90e0-a35d399f7985/sm/snapshot.1_4 took: 3 ms
2025-07-15 19:44:56,971 [edffad61-d5a0-4c2f-abd3-1d848b9782f9@group-A35D399F7985-StateMachineUpdater] INFO  impl.StateMachineUpdater (StateMachineUpdater.java:takeSnapshot(307)) - edffad61-d5a0-4c2f-abd3-1d848b9782f9@group-A35D399F7985-StateMachineUpdater: Took a snapshot at index 4
2025-07-15 19:44:56,971 [edffad61-d5a0-4c2f-abd3-1d848b9782f9@group-A35D399F7985-StateMachineUpdater] INFO  impl.StateMachineUpdater (StateMachineUpdater.java:lambda$new$0(101)) - edffad61-d5a0-4c2f-abd3-1d848b9782f9@group-A35D399F7985-StateMachineUpdater: snapshotIndex: updateIncreasingly 1 -> 4
2025-07-15 19:44:56,972 [262265f8-b6b0-4173-8249-6c4ff56c562c@group-A35D399F7985-StateMachineUpdater] INFO  ratis.ContainerStateMachine (ContainerStateMachine.java:takeSnapshot(436)) - group-A35D399F7985: Finished taking a snapshot at:(t:1, i:4) file:/home/runner/work/ozone/ozone/hadoop-ozone/integration-test/target/test-dir/MiniOzoneClusterImpl-7a2c00ee-15e1-4921-aa6b-526c14ec89d8/ozone-meta/datanode-7/ratis/c5ee18f9-7bb3-48ae-90e0-a35d399f7985/sm/snapshot.1_4 took: 3 ms
2025-07-15 19:44:56,973 [262265f8-b6b0-4173-8249-6c4ff56c562c@group-A35D399F7985-StateMachineUpdater] INFO  impl.StateMachineUpdater (StateMachineUpdater.java:takeSnapshot(307)) - 262265f8-b6b0-4173-8249-6c4ff56c562c@group-A35D399F7985-StateMachineUpdater: Took a snapshot at index 4
2025-07-15 19:44:56,973 [262265f8-b6b0-4173-8249-6c4ff56c562c@group-A35D399F7985-StateMachineUpdater] INFO  impl.StateMachineUpdater (StateMachineUpdater.java:lambda$new$0(101)) - 262265f8-b6b0-4173-8249-6c4ff56c562c@group-A35D399F7985-StateMachineUpdater: snapshotIndex: updateIncreasingly 0 -> 4
2025-07-15 19:44:56,975 [73892b45-0ad3-4392-8d09-ab2d1cd7ede4@group-A35D399F7985-StateMachineUpdater] INFO  ratis.ContainerStateMachine (ContainerStateMachine.java:takeSnapshot(427)) - group-A35D399F7985: Taking a snapshot at:(t:1, i:7) file /home/runner/work/ozone/ozone/hadoop-ozone/integration-test/target/test-dir/MiniOzoneClusterImpl-7a2c00ee-15e1-4921-aa6b-526c14ec89d8/ozone-meta/datanode-8/ratis/c5ee18f9-7bb3-48ae-90e0-a35d399f7985/sm/snapshot.1_7
2025-07-15 19:44:56,977 [73892b45-0ad3-4392-8d09-ab2d1cd7ede4@group-A35D399F7985-StateMachineUpdater] INFO  ratis.ContainerStateMachine (ContainerStateMachine.java:takeSnapshot(436)) - group-A35D399F7985: Finished taking a snapshot at:(t:1, i:7) file:/home/runner/work/ozone/ozone/hadoop-ozone/integration-test/target/test-dir/MiniOzoneClusterImpl-7a2c00ee-15e1-4921-aa6b-526c14ec89d8/ozone-meta/datanode-8/ratis/c5ee18f9-7bb3-48ae-90e0-a35d399f7985/sm/snapshot.1_7 took: 2 ms
2025-07-15 19:44:56,977 [73892b45-0ad3-4392-8d09-ab2d1cd7ede4@group-A35D399F7985-StateMachineUpdater] INFO  impl.StateMachineUpdater (StateMachineUpdater.java:takeSnapshot(307)) - 73892b45-0ad3-4392-8d09-ab2d1cd7ede4@group-A35D399F7985-StateMachineUpdater: Took a snapshot at index 7
2025-07-15 19:44:56,977 [73892b45-0ad3-4392-8d09-ab2d1cd7ede4@group-A35D399F7985-StateMachineUpdater] INFO  impl.StateMachineUpdater (StateMachineUpdater.java:lambda$new$0(101)) - 73892b45-0ad3-4392-8d09-ab2d1cd7ede4@group-A35D399F7985-StateMachineUpdater: snapshotIndex: updateIncreasingly 4 -> 7
2025-07-15 19:44:56,978 [73892b45-0ad3-4392-8d09-ab2d1cd7ede4@group-A35D399F7985-StateMachineUpdater] INFO  ratis.ContainerStateMachine (ContainerStateMachine.java:takeSnapshot(427)) - group-A35D399F7985: Taking a snapshot at:(t:1, i:8) file /home/runner/work/ozone/ozone/hadoop-ozone/integration-test/target/test-dir/MiniOzoneClusterImpl-7a2c00ee-15e1-4921-aa6b-526c14ec89d8/ozone-meta/datanode-8/ratis/c5ee18f9-7bb3-48ae-90e0-a35d399f7985/sm/snapshot.1_8
2025-07-15 19:44:56,980 [edffad61-d5a0-4c2f-abd3-1d848b9782f9@group-A35D399F7985-StateMachineUpdater] INFO  ratis.ContainerStateMachine (ContainerStateMachine.java:takeSnapshot(427)) - group-A35D399F7985: Taking a snapshot at:(t:1, i:7) file /home/runner/work/ozone/ozone/hadoop-ozone/integration-test/target/test-dir/MiniOzoneClusterImpl-7a2c00ee-15e1-4921-aa6b-526c14ec89d8/ozone-meta/datanode-9/ratis/c5ee18f9-7bb3-48ae-90e0-a35d399f7985/sm/snapshot.1_7
2025-07-15 19:44:56,982 [73892b45-0ad3-4392-8d09-ab2d1cd7ede4@group-A35D399F7985-StateMachineUpdater] INFO  ratis.ContainerStateMachine (ContainerStateMachine.java:takeSnapshot(436)) - group-A35D399F7985: Finished taking a snapshot at:(t:1, i:8) file:/home/runner/work/ozone/ozone/hadoop-ozone/integration-test/target/test-dir/MiniOzoneClusterImpl-7a2c00ee-15e1-4921-aa6b-526c14ec89d8/ozone-meta/datanode-8/ratis/c5ee18f9-7bb3-48ae-90e0-a35d399f7985/sm/snapshot.1_8 took: 4 ms
2025-07-15 19:44:56,983 [edffad61-d5a0-4c2f-abd3-1d848b9782f9@group-A35D399F7985-StateMachineUpdater] INFO  ratis.ContainerStateMachine (ContainerStateMachine.java:takeSnapshot(436)) - group-A35D399F7985: Finished taking a snapshot at:(t:1, i:7) file:/home/runner/work/ozone/ozone/hadoop-ozone/integration-test/target/test-dir/MiniOzoneClusterImpl-7a2c00ee-15e1-4921-aa6b-526c14ec89d8/ozone-meta/datanode-9/ratis/c5ee18f9-7bb3-48ae-90e0-a35d399f7985/sm/snapshot.1_7 took: 4 ms
2025-07-15 19:44:56,983 [edffad61-d5a0-4c2f-abd3-1d848b9782f9@group-A35D399F7985-StateMachineUpdater] INFO  impl.StateMachineUpdater (StateMachineUpdater.java:takeSnapshot(307)) - edffad61-d5a0-4c2f-abd3-1d848b9782f9@group-A35D399F7985-StateMachineUpdater: Took a snapshot at index 7
2025-07-15 19:44:56,983 [edffad61-d5a0-4c2f-abd3-1d848b9782f9@group-A35D399F7985-StateMachineUpdater] INFO  impl.StateMachineUpdater (StateMachineUpdater.java:lambda$new$0(101)) - edffad61-d5a0-4c2f-abd3-1d848b9782f9@group-A35D399F7985-StateMachineUpdater: snapshotIndex: updateIncreasingly 4 -> 7
2025-07-15 19:44:56,984 [262265f8-b6b0-4173-8249-6c4ff56c562c@group-A35D399F7985-StateMachineUpdater] INFO  ratis.ContainerStateMachine (ContainerStateMachine.java:takeSnapshot(427)) - group-A35D399F7985: Taking a snapshot at:(t:1, i:7) file /home/runner/work/ozone/ozone/hadoop-ozone/integration-test/target/test-dir/MiniOzoneClusterImpl-7a2c00ee-15e1-4921-aa6b-526c14ec89d8/ozone-meta/datanode-7/ratis/c5ee18f9-7bb3-48ae-90e0-a35d399f7985/sm/snapshot.1_7
2025-07-15 19:44:56,985 [73892b45-0ad3-4392-8d09-ab2d1cd7ede4@group-A35D399F7985-StateMachineUpdater] INFO  impl.SimpleStateMachineStorage (SimpleStateMachineStorage.java:lambda$cleanupOldSnapshots$1(126)) - Deleting old snapshot at /home/runner/work/ozone/ozone/hadoop-ozone/integration-test/target/test-dir/MiniOzoneClusterImpl-7a2c00ee-15e1-4921-aa6b-526c14ec89d8/ozone-meta/datanode-8/ratis/c5ee18f9-7bb3-48ae-90e0-a35d399f7985/sm/snapshot.1_0
2025-07-15 19:44:56,985 [262265f8-b6b0-4173-8249-6c4ff56c562c@group-A35D399F7985-StateMachineUpdater] INFO  ratis.ContainerStateMachine (ContainerStateMachine.java:takeSnapshot(436)) - group-A35D399F7985: Finished taking a snapshot at:(t:1, i:7) file:/home/runner/work/ozone/ozone/hadoop-ozone/integration-test/target/test-dir/MiniOzoneClusterImpl-7a2c00ee-15e1-4921-aa6b-526c14ec89d8/ozone-meta/datanode-7/ratis/c5ee18f9-7bb3-48ae-90e0-a35d399f7985/sm/snapshot.1_7 took: 1 ms
2025-07-15 19:44:56,986 [262265f8-b6b0-4173-8249-6c4ff56c562c@group-A35D399F7985-StateMachineUpdater] INFO  impl.StateMachineUpdater (StateMachineUpdater.java:takeSnapshot(307)) - 262265f8-b6b0-4173-8249-6c4ff56c562c@group-A35D399F7985-StateMachineUpdater: Took a snapshot at index 7
2025-07-15 19:44:56,987 [262265f8-b6b0-4173-8249-6c4ff56c562c@group-A35D399F7985-StateMachineUpdater] INFO  impl.StateMachineUpdater (StateMachineUpdater.java:lambda$new$0(101)) - 262265f8-b6b0-4173-8249-6c4ff56c562c@group-A35D399F7985-StateMachineUpdater: snapshotIndex: updateIncreasingly 4 -> 7
2025-07-15 19:44:56,987 [73892b45-0ad3-4392-8d09-ab2d1cd7ede4@group-A35D399F7985-StateMachineUpdater] INFO  impl.StateMachineUpdater (StateMachineUpdater.java:takeSnapshot(307)) - 73892b45-0ad3-4392-8d09-ab2d1cd7ede4@group-A35D399F7985-StateMachineUpdater: Took a snapshot at index 8
2025-07-15 19:44:56,987 [73892b45-0ad3-4392-8d09-ab2d1cd7ede4@group-A35D399F7985-StateMachineUpdater] INFO  impl.StateMachineUpdater (StateMachineUpdater.java:lambda$new$0(101)) - 73892b45-0ad3-4392-8d09-ab2d1cd7ede4@group-A35D399F7985-StateMachineUpdater: snapshotIndex: updateIncreasingly 7 -> 8
2025-07-15 19:44:56,990 [edffad61-d5a0-4c2f-abd3-1d848b9782f9@group-A35D399F7985-StateMachineUpdater] INFO  ratis.ContainerStateMachine (ContainerStateMachine.java:takeSnapshot(427)) - group-A35D399F7985: Taking a snapshot at:(t:1, i:8) file /home/runner/work/ozone/ozone/hadoop-ozone/integration-test/target/test-dir/MiniOzoneClusterImpl-7a2c00ee-15e1-4921-aa6b-526c14ec89d8/ozone-meta/datanode-9/ratis/c5ee18f9-7bb3-48ae-90e0-a35d399f7985/sm/snapshot.1_8
2025-07-15 19:44:56,991 [262265f8-b6b0-4173-8249-6c4ff56c562c@group-A35D399F7985-StateMachineUpdater] INFO  ratis.ContainerStateMachine (ContainerStateMachine.java:takeSnapshot(427)) - group-A35D399F7985: Taking a snapshot at:(t:1, i:8) file /home/runner/work/ozone/ozone/hadoop-ozone/integration-test/target/test-dir/MiniOzoneClusterImpl-7a2c00ee-15e1-4921-aa6b-526c14ec89d8/ozone-meta/datanode-7/ratis/c5ee18f9-7bb3-48ae-90e0-a35d399f7985/sm/snapshot.1_8
2025-07-15 19:44:56,992 [edffad61-d5a0-4c2f-abd3-1d848b9782f9@group-A35D399F7985-StateMachineUpdater] INFO  ratis.ContainerStateMachine (ContainerStateMachine.java:takeSnapshot(436)) - group-A35D399F7985: Finished taking a snapshot at:(t:1, i:8) file:/home/runner/work/ozone/ozone/hadoop-ozone/integration-test/target/test-dir/MiniOzoneClusterImpl-7a2c00ee-15e1-4921-aa6b-526c14ec89d8/ozone-meta/datanode-9/ratis/c5ee18f9-7bb3-48ae-90e0-a35d399f7985/sm/snapshot.1_8 took: 3 ms
2025-07-15 19:44:56,992 [edffad61-d5a0-4c2f-abd3-1d848b9782f9@group-A35D399F7985-StateMachineUpdater] INFO  impl.StateMachineUpdater (StateMachineUpdater.java:takeSnapshot(307)) - edffad61-d5a0-4c2f-abd3-1d848b9782f9@group-A35D399F7985-StateMachineUpdater: Took a snapshot at index 8
2025-07-15 19:44:56,992 [edffad61-d5a0-4c2f-abd3-1d848b9782f9@group-A35D399F7985-StateMachineUpdater] INFO  impl.StateMachineUpdater (StateMachineUpdater.java:lambda$new$0(101)) - edffad61-d5a0-4c2f-abd3-1d848b9782f9@group-A35D399F7985-StateMachineUpdater: snapshotIndex: updateIncreasingly 7 -> 8
2025-07-15 19:44:56,994 [262265f8-b6b0-4173-8249-6c4ff56c562c@group-A35D399F7985-StateMachineUpdater] INFO  ratis.ContainerStateMachine (ContainerStateMachine.java:takeSnapshot(436)) - group-A35D399F7985: Finished taking a snapshot at:(t:1, i:8) file:/home/runner/work/ozone/ozone/hadoop-ozone/integration-test/target/test-dir/MiniOzoneClusterImpl-7a2c00ee-15e1-4921-aa6b-526c14ec89d8/ozone-meta/datanode-7/ratis/c5ee18f9-7bb3-48ae-90e0-a35d399f7985/sm/snapshot.1_8 took: 4 ms
2025-07-15 19:44:56,994 [262265f8-b6b0-4173-8249-6c4ff56c562c@group-A35D399F7985-StateMachineUpdater] INFO  impl.StateMachineUpdater (StateMachineUpdater.java:takeSnapshot(307)) - 262265f8-b6b0-4173-8249-6c4ff56c562c@group-A35D399F7985-StateMachineUpdater: Took a snapshot at index 8
2025-07-15 19:44:56,994 [262265f8-b6b0-4173-8249-6c4ff56c562c@group-A35D399F7985-StateMachineUpdater] INFO  impl.StateMachineUpdater (StateMachineUpdater.java:lambda$new$0(101)) - 262265f8-b6b0-4173-8249-6c4ff56c562c@group-A35D399F7985-StateMachineUpdater: snapshotIndex: updateIncreasingly 7 -> 8
2025-07-15 19:44:56,994 [73892b45-0ad3-4392-8d09-ab2d1cd7ede4@group-A35D399F7985-StateMachineUpdater] INFO  ratis.ContainerStateMachine (ContainerStateMachine.java:takeSnapshot(427)) - group-A35D399F7985: Taking a snapshot at:(t:1, i:10) file /home/runner/work/ozone/ozone/hadoop-ozone/integration-test/target/test-dir/MiniOzoneClusterImpl-7a2c00ee-15e1-4921-aa6b-526c14ec89d8/ozone-meta/datanode-8/ratis/c5ee18f9-7bb3-48ae-90e0-a35d399f7985/sm/snapshot.1_10
2025-07-15 19:44:56,996 [73892b45-0ad3-4392-8d09-ab2d1cd7ede4@group-A35D399F7985-StateMachineUpdater] INFO  ratis.ContainerStateMachine (ContainerStateMachine.java:takeSnapshot(436)) - group-A35D399F7985: Finished taking a snapshot at:(t:1, i:10) file:/home/runner/work/ozone/ozone/hadoop-ozone/integration-test/target/test-dir/MiniOzoneClusterImpl-7a2c00ee-15e1-4921-aa6b-526c14ec89d8/ozone-meta/datanode-8/ratis/c5ee18f9-7bb3-48ae-90e0-a35d399f7985/sm/snapshot.1_10 took: 2 ms
2025-07-15 19:44:56,996 [73892b45-0ad3-4392-8d09-ab2d1cd7ede4@group-A35D399F7985-StateMachineUpdater] INFO  impl.SimpleStateMachineStorage (SimpleStateMachineStorage.java:lambda$cleanupOldSnapshots$1(126)) - Deleting old snapshot at /home/runner/work/ozone/ozone/hadoop-ozone/integration-test/target/test-dir/MiniOzoneClusterImpl-7a2c00ee-15e1-4921-aa6b-526c14ec89d8/ozone-meta/datanode-8/ratis/c5ee18f9-7bb3-48ae-90e0-a35d399f7985/sm/snapshot.1_2
2025-07-15 19:44:56,996 [73892b45-0ad3-4392-8d09-ab2d1cd7ede4@group-A35D399F7985-StateMachineUpdater] INFO  impl.StateMachineUpdater (StateMachineUpdater.java:takeSnapshot(307)) - 73892b45-0ad3-4392-8d09-ab2d1cd7ede4@group-A35D399F7985-StateMachineUpdater: Took a snapshot at index 10
2025-07-15 19:44:56,996 [73892b45-0ad3-4392-8d09-ab2d1cd7ede4@group-A35D399F7985-StateMachineUpdater] INFO  impl.StateMachineUpdater (StateMachineUpdater.java:lambda$new$0(101)) - 73892b45-0ad3-4392-8d09-ab2d1cd7ede4@group-A35D399F7985-StateMachineUpdater: snapshotIndex: updateIncreasingly 8 -> 10
]]></system-out>
  </testcase>
  <testcase name="testWriteStateMachineDataIdempotencyWithClosedContainer" classname="org.apache.hadoop.ozone.client.rpc.TestContainerStateMachineFailures" time="0.372">
    <failure message="expected: &lt;UNHEALTHY&gt; but was: &lt;CLOSED&gt;" type="org.opentest4j.AssertionFailedError"><![CDATA[org.opentest4j.AssertionFailedError: expected: <UNHEALTHY> but was: <CLOSED>
	at org.junit.jupiter.api.AssertionFailureBuilder.build(AssertionFailureBuilder.java:151)
	at org.junit.jupiter.api.AssertionFailureBuilder.buildAndThrow(AssertionFailureBuilder.java:132)
	at org.junit.jupiter.api.AssertSame.failNotSame(AssertSame.java:50)
	at org.junit.jupiter.api.AssertSame.assertSame(AssertSame.java:35)
	at org.junit.jupiter.api.AssertSame.assertSame(AssertSame.java:30)
	at org.junit.jupiter.api.Assertions.assertSame(Assertions.java:2860)
	at org.apache.hadoop.ozone.client.rpc.TestContainerStateMachineFailures.testWriteStateMachineDataIdempotencyWithClosedContainer(TestContainerStateMachineFailures.java:738)
	at java.base/java.lang.reflect.Method.invoke(Method.java:580)
	at java.base/java.util.ArrayList.forEach(ArrayList.java:1596)
	at java.base/java.util.ArrayList.forEach(ArrayList.java:1596)
]]></failure>
    <system-out><![CDATA[2025-07-15 19:44:57,292 [5109dbd0-88b3-4954-9428-6522438831f5@group-6E557299AE72-StateMachineUpdater] INFO  ratis.ContainerStateMachine (ContainerStateMachine.java:takeSnapshot(427)) - group-6E557299AE72: Taking a snapshot at:(t:1, i:5) file /home/runner/work/ozone/ozone/hadoop-ozone/integration-test/target/test-dir/MiniOzoneClusterImpl-7a2c00ee-15e1-4921-aa6b-526c14ec89d8/ozone-meta/datanode-3/ratis/e1e3f51c-eee6-43c8-a25e-6e557299ae72/sm/snapshot.1_5
2025-07-15 19:44:57,294 [5109dbd0-88b3-4954-9428-6522438831f5@group-6E557299AE72-StateMachineUpdater] INFO  ratis.ContainerStateMachine (ContainerStateMachine.java:takeSnapshot(436)) - group-6E557299AE72: Finished taking a snapshot at:(t:1, i:5) file:/home/runner/work/ozone/ozone/hadoop-ozone/integration-test/target/test-dir/MiniOzoneClusterImpl-7a2c00ee-15e1-4921-aa6b-526c14ec89d8/ozone-meta/datanode-3/ratis/e1e3f51c-eee6-43c8-a25e-6e557299ae72/sm/snapshot.1_5 took: 1 ms
2025-07-15 19:44:57,294 [5109dbd0-88b3-4954-9428-6522438831f5@group-6E557299AE72-StateMachineUpdater] INFO  impl.StateMachineUpdater (StateMachineUpdater.java:takeSnapshot(307)) - 5109dbd0-88b3-4954-9428-6522438831f5@group-6E557299AE72-StateMachineUpdater: Took a snapshot at index 5
2025-07-15 19:44:57,294 [5109dbd0-88b3-4954-9428-6522438831f5@group-6E557299AE72-StateMachineUpdater] INFO  impl.StateMachineUpdater (StateMachineUpdater.java:lambda$new$0(101)) - 5109dbd0-88b3-4954-9428-6522438831f5@group-6E557299AE72-StateMachineUpdater: snapshotIndex: updateIncreasingly 0 -> 5
2025-07-15 19:44:57,294 [5109dbd0-88b3-4954-9428-6522438831f5@group-6E557299AE72-StateMachineUpdater] INFO  ratis.ContainerStateMachine (ContainerStateMachine.java:takeSnapshot(427)) - group-6E557299AE72: Taking a snapshot at:(t:1, i:6) file /home/runner/work/ozone/ozone/hadoop-ozone/integration-test/target/test-dir/MiniOzoneClusterImpl-7a2c00ee-15e1-4921-aa6b-526c14ec89d8/ozone-meta/datanode-3/ratis/e1e3f51c-eee6-43c8-a25e-6e557299ae72/sm/snapshot.1_6
2025-07-15 19:44:57,295 [5109dbd0-88b3-4954-9428-6522438831f5@group-6E557299AE72-StateMachineUpdater] INFO  ratis.ContainerStateMachine (ContainerStateMachine.java:takeSnapshot(436)) - group-6E557299AE72: Finished taking a snapshot at:(t:1, i:6) file:/home/runner/work/ozone/ozone/hadoop-ozone/integration-test/target/test-dir/MiniOzoneClusterImpl-7a2c00ee-15e1-4921-aa6b-526c14ec89d8/ozone-meta/datanode-3/ratis/e1e3f51c-eee6-43c8-a25e-6e557299ae72/sm/snapshot.1_6 took: 1 ms
2025-07-15 19:44:57,295 [5109dbd0-88b3-4954-9428-6522438831f5@group-6E557299AE72-StateMachineUpdater] INFO  impl.StateMachineUpdater (StateMachineUpdater.java:takeSnapshot(307)) - 5109dbd0-88b3-4954-9428-6522438831f5@group-6E557299AE72-StateMachineUpdater: Took a snapshot at index 6
2025-07-15 19:44:57,295 [5109dbd0-88b3-4954-9428-6522438831f5@group-6E557299AE72-StateMachineUpdater] INFO  impl.StateMachineUpdater (StateMachineUpdater.java:lambda$new$0(101)) - 5109dbd0-88b3-4954-9428-6522438831f5@group-6E557299AE72-StateMachineUpdater: snapshotIndex: updateIncreasingly 5 -> 6
2025-07-15 19:44:57,299 [main] INFO  ratis.ContainerStateMachine (ContainerStateMachine.java:takeSnapshot(427)) - group-6E557299AE72: Taking a snapshot at:(t:1, i:6) file /home/runner/work/ozone/ozone/hadoop-ozone/integration-test/target/test-dir/MiniOzoneClusterImpl-7a2c00ee-15e1-4921-aa6b-526c14ec89d8/ozone-meta/datanode-3/ratis/e1e3f51c-eee6-43c8-a25e-6e557299ae72/sm/snapshot.1_6
2025-07-15 19:44:57,300 [main] INFO  ratis.ContainerStateMachine (ContainerStateMachine.java:takeSnapshot(436)) - group-6E557299AE72: Finished taking a snapshot at:(t:1, i:6) file:/home/runner/work/ozone/ozone/hadoop-ozone/integration-test/target/test-dir/MiniOzoneClusterImpl-7a2c00ee-15e1-4921-aa6b-526c14ec89d8/ozone-meta/datanode-3/ratis/e1e3f51c-eee6-43c8-a25e-6e557299ae72/sm/snapshot.1_6 took: 0 ms
2025-07-15 19:44:57,343 [main] INFO  proxy.SCMContainerLocationFailoverProxyProvider (SCMFailoverProxyProviderBase.java:<init>(120)) - Created fail-over proxy for protocol StorageContainerLocationProtocolPB with 1 nodes: [nodeId=scmNodeId,nodeAddress=/0.0.0.0:15000]
2025-07-15 19:44:57,363 [5109dbd0-88b3-4954-9428-6522438831f5-ChunkWriter-0-0] WARN  helpers.ChunkUtils (ChunkUtils.java:validateChunkForOverwrite(378)) - Duplicate write chunk request. Chunk overwrite without explicit request. ChunkInfo{chunkName='115816896921600004.data.0, offset=0, len=5}
2025-07-15 19:44:57,367 [5109dbd0-88b3-4954-9428-6522438831f5-ChunkWriter-0-0] WARN  helpers.ChunkUtils (ChunkUtils.java:validateChunkForOverwrite(378)) - Duplicate write chunk request. Chunk overwrite without explicit request. ChunkInfo{chunkName='115816896921600004.data.0, offset=0, len=5}
2025-07-15 19:44:57,367 [5109dbd0-88b3-4954-9428-6522438831f5-ChunkWriter-0-0] WARN  helpers.ChunkUtils (ChunkUtils.java:validateChunkForOverwrite(378)) - Duplicate write chunk request. Chunk overwrite without explicit request. ChunkInfo{chunkName='115816896921600004.data.0, offset=0, len=5}
2025-07-15 19:44:57,368 [5109dbd0-88b3-4954-9428-6522438831f5-ChunkWriter-0-0] WARN  helpers.ChunkUtils (ChunkUtils.java:validateChunkForOverwrite(378)) - Duplicate write chunk request. Chunk overwrite without explicit request. ChunkInfo{chunkName='115816896921600004.data.0, offset=0, len=5}
2025-07-15 19:44:57,368 [5109dbd0-88b3-4954-9428-6522438831f5-ChunkWriter-0-0] WARN  helpers.ChunkUtils (ChunkUtils.java:validateChunkForOverwrite(378)) - Duplicate write chunk request. Chunk overwrite without explicit request. ChunkInfo{chunkName='115816896921600004.data.0, offset=0, len=5}
2025-07-15 19:44:57,369 [5109dbd0-88b3-4954-9428-6522438831f5-ChunkWriter-0-0] WARN  helpers.ChunkUtils (ChunkUtils.java:validateChunkForOverwrite(378)) - Duplicate write chunk request. Chunk overwrite without explicit request. ChunkInfo{chunkName='115816896921600004.data.0, offset=0, len=5}
2025-07-15 19:44:57,370 [5109dbd0-88b3-4954-9428-6522438831f5-ChunkWriter-0-0] WARN  helpers.ChunkUtils (ChunkUtils.java:validateChunkForOverwrite(378)) - Duplicate write chunk request. Chunk overwrite without explicit request. ChunkInfo{chunkName='115816896921600004.data.0, offset=0, len=5}
2025-07-15 19:44:57,370 [5109dbd0-88b3-4954-9428-6522438831f5-ChunkWriter-0-0] WARN  helpers.ChunkUtils (ChunkUtils.java:validateChunkForOverwrite(378)) - Duplicate write chunk request. Chunk overwrite without explicit request. ChunkInfo{chunkName='115816896921600004.data.0, offset=0, len=5}
2025-07-15 19:44:57,373 [5109dbd0-88b3-4954-9428-6522438831f5-ChunkWriter-0-0] WARN  helpers.ChunkUtils (ChunkUtils.java:validateChunkForOverwrite(378)) - Duplicate write chunk request. Chunk overwrite without explicit request. ChunkInfo{chunkName='115816896921600004.data.0, offset=0, len=5}
2025-07-15 19:44:57,374 [5109dbd0-88b3-4954-9428-6522438831f5-ChunkWriter-0-0] WARN  helpers.ChunkUtils (ChunkUtils.java:validateChunkForOverwrite(378)) - Duplicate write chunk request. Chunk overwrite without explicit request. ChunkInfo{chunkName='115816896921600004.data.0, offset=0, len=5}
2025-07-15 19:44:57,374 [5109dbd0-88b3-4954-9428-6522438831f5-ChunkWriter-0-0] WARN  helpers.ChunkUtils (ChunkUtils.java:validateChunkForOverwrite(378)) - Duplicate write chunk request. Chunk overwrite without explicit request. ChunkInfo{chunkName='115816896921600004.data.0, offset=0, len=5}
2025-07-15 19:44:57,375 [5109dbd0-88b3-4954-9428-6522438831f5-ChunkWriter-0-0] WARN  helpers.ChunkUtils (ChunkUtils.java:validateChunkForOverwrite(378)) - Duplicate write chunk request. Chunk overwrite without explicit request. ChunkInfo{chunkName='115816896921600004.data.0, offset=0, len=5}
2025-07-15 19:44:57,376 [5109dbd0-88b3-4954-9428-6522438831f5-ChunkWriter-0-0] WARN  helpers.ChunkUtils (ChunkUtils.java:validateChunkForOverwrite(378)) - Duplicate write chunk request. Chunk overwrite without explicit request. ChunkInfo{chunkName='115816896921600004.data.0, offset=0, len=5}
2025-07-15 19:44:57,377 [5109dbd0-88b3-4954-9428-6522438831f5-ChunkWriter-0-0] WARN  helpers.ChunkUtils (ChunkUtils.java:validateChunkForOverwrite(378)) - Duplicate write chunk request. Chunk overwrite without explicit request. ChunkInfo{chunkName='115816896921600004.data.0, offset=0, len=5}
2025-07-15 19:44:57,378 [5109dbd0-88b3-4954-9428-6522438831f5-ChunkWriter-0-0] WARN  helpers.ChunkUtils (ChunkUtils.java:validateChunkForOverwrite(378)) - Duplicate write chunk request. Chunk overwrite without explicit request. ChunkInfo{chunkName='115816896921600004.data.0, offset=0, len=5}
2025-07-15 19:44:57,380 [5109dbd0-88b3-4954-9428-6522438831f5@group-6E557299AE72-StateMachineUpdater] INFO  ratis.ContainerStateMachine (ContainerStateMachine.java:takeSnapshot(427)) - group-6E557299AE72: Taking a snapshot at:(t:1, i:12) file /home/runner/work/ozone/ozone/hadoop-ozone/integration-test/target/test-dir/MiniOzoneClusterImpl-7a2c00ee-15e1-4921-aa6b-526c14ec89d8/ozone-meta/datanode-3/ratis/e1e3f51c-eee6-43c8-a25e-6e557299ae72/sm/snapshot.1_12
2025-07-15 19:44:57,382 [5109dbd0-88b3-4954-9428-6522438831f5@group-6E557299AE72-StateMachineUpdater] INFO  ratis.ContainerStateMachine (ContainerStateMachine.java:takeSnapshot(436)) - group-6E557299AE72: Finished taking a snapshot at:(t:1, i:12) file:/home/runner/work/ozone/ozone/hadoop-ozone/integration-test/target/test-dir/MiniOzoneClusterImpl-7a2c00ee-15e1-4921-aa6b-526c14ec89d8/ozone-meta/datanode-3/ratis/e1e3f51c-eee6-43c8-a25e-6e557299ae72/sm/snapshot.1_12 took: 2 ms
2025-07-15 19:44:57,382 [5109dbd0-88b3-4954-9428-6522438831f5@group-6E557299AE72-StateMachineUpdater] INFO  impl.StateMachineUpdater (StateMachineUpdater.java:takeSnapshot(307)) - 5109dbd0-88b3-4954-9428-6522438831f5@group-6E557299AE72-StateMachineUpdater: Took a snapshot at index 12
2025-07-15 19:44:57,383 [5109dbd0-88b3-4954-9428-6522438831f5@group-6E557299AE72-StateMachineUpdater] INFO  impl.StateMachineUpdater (StateMachineUpdater.java:lambda$new$0(101)) - 5109dbd0-88b3-4954-9428-6522438831f5@group-6E557299AE72-StateMachineUpdater: snapshotIndex: updateIncreasingly 6 -> 12
2025-07-15 19:44:57,382 [5109dbd0-88b3-4954-9428-6522438831f5-ChunkWriter-0-0] WARN  helpers.ChunkUtils (ChunkUtils.java:validateChunkForOverwrite(378)) - Duplicate write chunk request. Chunk overwrite without explicit request. ChunkInfo{chunkName='115816896921600004.data.0, offset=0, len=5}
2025-07-15 19:44:57,384 [5109dbd0-88b3-4954-9428-6522438831f5-ChunkWriter-0-0] WARN  helpers.ChunkUtils (ChunkUtils.java:validateChunkForOverwrite(378)) - Duplicate write chunk request. Chunk overwrite without explicit request. ChunkInfo{chunkName='115816896921600004.data.0, offset=0, len=5}
2025-07-15 19:44:57,386 [5109dbd0-88b3-4954-9428-6522438831f5-ChunkWriter-0-0] WARN  helpers.ChunkUtils (ChunkUtils.java:validateChunkForOverwrite(378)) - Duplicate write chunk request. Chunk overwrite without explicit request. ChunkInfo{chunkName='115816896921600004.data.0, offset=0, len=5}
2025-07-15 19:44:57,388 [5109dbd0-88b3-4954-9428-6522438831f5-ChunkWriter-0-0] WARN  helpers.ChunkUtils (ChunkUtils.java:validateChunkForOverwrite(378)) - Duplicate write chunk request. Chunk overwrite without explicit request. ChunkInfo{chunkName='115816896921600004.data.0, offset=0, len=5}
2025-07-15 19:44:57,389 [5109dbd0-88b3-4954-9428-6522438831f5-ChunkWriter-0-0] WARN  helpers.ChunkUtils (ChunkUtils.java:validateChunkForOverwrite(378)) - Duplicate write chunk request. Chunk overwrite without explicit request. ChunkInfo{chunkName='115816896921600004.data.0, offset=0, len=5}
2025-07-15 19:44:57,390 [5109dbd0-88b3-4954-9428-6522438831f5@group-6E557299AE72-StateMachineUpdater] INFO  ratis.ContainerStateMachine (ContainerStateMachine.java:takeSnapshot(427)) - group-6E557299AE72: Taking a snapshot at:(t:1, i:27) file /home/runner/work/ozone/ozone/hadoop-ozone/integration-test/target/test-dir/MiniOzoneClusterImpl-7a2c00ee-15e1-4921-aa6b-526c14ec89d8/ozone-meta/datanode-3/ratis/e1e3f51c-eee6-43c8-a25e-6e557299ae72/sm/snapshot.1_27
2025-07-15 19:44:57,393 [5109dbd0-88b3-4954-9428-6522438831f5@group-6E557299AE72-StateMachineUpdater] INFO  ratis.ContainerStateMachine (ContainerStateMachine.java:takeSnapshot(436)) - group-6E557299AE72: Finished taking a snapshot at:(t:1, i:27) file:/home/runner/work/ozone/ozone/hadoop-ozone/integration-test/target/test-dir/MiniOzoneClusterImpl-7a2c00ee-15e1-4921-aa6b-526c14ec89d8/ozone-meta/datanode-3/ratis/e1e3f51c-eee6-43c8-a25e-6e557299ae72/sm/snapshot.1_27 took: 3 ms
2025-07-15 19:44:57,394 [5109dbd0-88b3-4954-9428-6522438831f5-ChunkWriter-0-0] WARN  helpers.ChunkUtils (ChunkUtils.java:validateChunkForOverwrite(378)) - Duplicate write chunk request. Chunk overwrite without explicit request. ChunkInfo{chunkName='115816896921600004.data.0, offset=0, len=5}
2025-07-15 19:44:57,394 [5109dbd0-88b3-4954-9428-6522438831f5@group-6E557299AE72-StateMachineUpdater] INFO  impl.StateMachineUpdater (StateMachineUpdater.java:takeSnapshot(307)) - 5109dbd0-88b3-4954-9428-6522438831f5@group-6E557299AE72-StateMachineUpdater: Took a snapshot at index 27
2025-07-15 19:44:57,394 [5109dbd0-88b3-4954-9428-6522438831f5@group-6E557299AE72-StateMachineUpdater] INFO  impl.StateMachineUpdater (StateMachineUpdater.java:lambda$new$0(101)) - 5109dbd0-88b3-4954-9428-6522438831f5@group-6E557299AE72-StateMachineUpdater: snapshotIndex: updateIncreasingly 12 -> 27
2025-07-15 19:44:57,395 [5109dbd0-88b3-4954-9428-6522438831f5-ChunkWriter-0-0] WARN  helpers.ChunkUtils (ChunkUtils.java:validateChunkForOverwrite(378)) - Duplicate write chunk request. Chunk overwrite without explicit request. ChunkInfo{chunkName='115816896921600004.data.0, offset=0, len=5}
2025-07-15 19:44:57,398 [5109dbd0-88b3-4954-9428-6522438831f5-ChunkWriter-0-0] WARN  helpers.ChunkUtils (ChunkUtils.java:validateChunkForOverwrite(378)) - Duplicate write chunk request. Chunk overwrite without explicit request. ChunkInfo{chunkName='115816896921600004.data.0, offset=0, len=5}
2025-07-15 19:44:57,399 [5109dbd0-88b3-4954-9428-6522438831f5-ChunkWriter-0-0] WARN  helpers.ChunkUtils (ChunkUtils.java:validateChunkForOverwrite(378)) - Duplicate write chunk request. Chunk overwrite without explicit request. ChunkInfo{chunkName='115816896921600004.data.0, offset=0, len=5}
2025-07-15 19:44:57,400 [5109dbd0-88b3-4954-9428-6522438831f5@group-6E557299AE72-StateMachineUpdater] INFO  ratis.ContainerStateMachine (ContainerStateMachine.java:takeSnapshot(427)) - group-6E557299AE72: Taking a snapshot at:(t:1, i:37) file /home/runner/work/ozone/ozone/hadoop-ozone/integration-test/target/test-dir/MiniOzoneClusterImpl-7a2c00ee-15e1-4921-aa6b-526c14ec89d8/ozone-meta/datanode-3/ratis/e1e3f51c-eee6-43c8-a25e-6e557299ae72/sm/snapshot.1_37
2025-07-15 19:44:57,400 [5109dbd0-88b3-4954-9428-6522438831f5-ChunkWriter-0-0] WARN  helpers.ChunkUtils (ChunkUtils.java:validateChunkForOverwrite(378)) - Duplicate write chunk request. Chunk overwrite without explicit request. ChunkInfo{chunkName='115816896921600004.data.0, offset=0, len=5}
2025-07-15 19:44:57,401 [5109dbd0-88b3-4954-9428-6522438831f5@group-6E557299AE72-StateMachineUpdater] INFO  ratis.ContainerStateMachine (ContainerStateMachine.java:takeSnapshot(436)) - group-6E557299AE72: Finished taking a snapshot at:(t:1, i:37) file:/home/runner/work/ozone/ozone/hadoop-ozone/integration-test/target/test-dir/MiniOzoneClusterImpl-7a2c00ee-15e1-4921-aa6b-526c14ec89d8/ozone-meta/datanode-3/ratis/e1e3f51c-eee6-43c8-a25e-6e557299ae72/sm/snapshot.1_37 took: 2 ms
2025-07-15 19:44:57,401 [5109dbd0-88b3-4954-9428-6522438831f5@group-6E557299AE72-StateMachineUpdater] INFO  impl.SimpleStateMachineStorage (SimpleStateMachineStorage.java:lambda$cleanupOldSnapshots$1(126)) - Deleting old snapshot at /home/runner/work/ozone/ozone/hadoop-ozone/integration-test/target/test-dir/MiniOzoneClusterImpl-7a2c00ee-15e1-4921-aa6b-526c14ec89d8/ozone-meta/datanode-3/ratis/e1e3f51c-eee6-43c8-a25e-6e557299ae72/sm/snapshot.1_0
2025-07-15 19:44:57,403 [5109dbd0-88b3-4954-9428-6522438831f5@group-6E557299AE72-StateMachineUpdater] INFO  impl.StateMachineUpdater (StateMachineUpdater.java:takeSnapshot(307)) - 5109dbd0-88b3-4954-9428-6522438831f5@group-6E557299AE72-StateMachineUpdater: Took a snapshot at index 37
2025-07-15 19:44:57,403 [5109dbd0-88b3-4954-9428-6522438831f5@group-6E557299AE72-StateMachineUpdater] INFO  impl.StateMachineUpdater (StateMachineUpdater.java:lambda$new$0(101)) - 5109dbd0-88b3-4954-9428-6522438831f5@group-6E557299AE72-StateMachineUpdater: snapshotIndex: updateIncreasingly 27 -> 37
2025-07-15 19:44:57,406 [5109dbd0-88b3-4954-9428-6522438831f5-ChunkWriter-0-0] WARN  helpers.ChunkUtils (ChunkUtils.java:validateChunkForOverwrite(378)) - Duplicate write chunk request. Chunk overwrite without explicit request. ChunkInfo{chunkName='115816896921600004.data.0, offset=0, len=5}
2025-07-15 19:44:57,406 [5109dbd0-88b3-4954-9428-6522438831f5@group-6E557299AE72-StateMachineUpdater] INFO  ratis.ContainerStateMachine (ContainerStateMachine.java:takeSnapshot(427)) - group-6E557299AE72: Taking a snapshot at:(t:1, i:45) file /home/runner/work/ozone/ozone/hadoop-ozone/integration-test/target/test-dir/MiniOzoneClusterImpl-7a2c00ee-15e1-4921-aa6b-526c14ec89d8/ozone-meta/datanode-3/ratis/e1e3f51c-eee6-43c8-a25e-6e557299ae72/sm/snapshot.1_45
2025-07-15 19:44:57,408 [5109dbd0-88b3-4954-9428-6522438831f5@group-6E557299AE72-StateMachineUpdater] INFO  ratis.ContainerStateMachine (ContainerStateMachine.java:takeSnapshot(436)) - group-6E557299AE72: Finished taking a snapshot at:(t:1, i:45) file:/home/runner/work/ozone/ozone/hadoop-ozone/integration-test/target/test-dir/MiniOzoneClusterImpl-7a2c00ee-15e1-4921-aa6b-526c14ec89d8/ozone-meta/datanode-3/ratis/e1e3f51c-eee6-43c8-a25e-6e557299ae72/sm/snapshot.1_45 took: 2 ms
2025-07-15 19:44:57,408 [5109dbd0-88b3-4954-9428-6522438831f5@group-6E557299AE72-StateMachineUpdater] INFO  impl.SimpleStateMachineStorage (SimpleStateMachineStorage.java:lambda$cleanupOldSnapshots$1(126)) - Deleting old snapshot at /home/runner/work/ozone/ozone/hadoop-ozone/integration-test/target/test-dir/MiniOzoneClusterImpl-7a2c00ee-15e1-4921-aa6b-526c14ec89d8/ozone-meta/datanode-3/ratis/e1e3f51c-eee6-43c8-a25e-6e557299ae72/sm/snapshot.1_5
2025-07-15 19:44:57,408 [5109dbd0-88b3-4954-9428-6522438831f5@group-6E557299AE72-StateMachineUpdater] INFO  impl.StateMachineUpdater (StateMachineUpdater.java:takeSnapshot(307)) - 5109dbd0-88b3-4954-9428-6522438831f5@group-6E557299AE72-StateMachineUpdater: Took a snapshot at index 45
2025-07-15 19:44:57,408 [5109dbd0-88b3-4954-9428-6522438831f5@group-6E557299AE72-StateMachineUpdater] INFO  impl.StateMachineUpdater (StateMachineUpdater.java:lambda$new$0(101)) - 5109dbd0-88b3-4954-9428-6522438831f5@group-6E557299AE72-StateMachineUpdater: snapshotIndex: updateIncreasingly 37 -> 45
2025-07-15 19:44:57,410 [5109dbd0-88b3-4954-9428-6522438831f5-ChunkWriter-0-0] WARN  helpers.ChunkUtils (ChunkUtils.java:validateChunkForOverwrite(378)) - Duplicate write chunk request. Chunk overwrite without explicit request. ChunkInfo{chunkName='115816896921600004.data.0, offset=0, len=5}
2025-07-15 19:44:57,412 [5109dbd0-88b3-4954-9428-6522438831f5-ChunkWriter-0-0] WARN  helpers.ChunkUtils (ChunkUtils.java:validateChunkForOverwrite(378)) - Duplicate write chunk request. Chunk overwrite without explicit request. ChunkInfo{chunkName='115816896921600004.data.0, offset=0, len=5}
2025-07-15 19:44:57,413 [5109dbd0-88b3-4954-9428-6522438831f5@group-6E557299AE72-StateMachineUpdater] INFO  ratis.ContainerStateMachine (ContainerStateMachine.java:takeSnapshot(427)) - group-6E557299AE72: Taking a snapshot at:(t:1, i:48) file /home/runner/work/ozone/ozone/hadoop-ozone/integration-test/target/test-dir/MiniOzoneClusterImpl-7a2c00ee-15e1-4921-aa6b-526c14ec89d8/ozone-meta/datanode-3/ratis/e1e3f51c-eee6-43c8-a25e-6e557299ae72/sm/snapshot.1_48
2025-07-15 19:44:57,414 [5109dbd0-88b3-4954-9428-6522438831f5-ChunkWriter-0-0] WARN  helpers.ChunkUtils (ChunkUtils.java:validateChunkForOverwrite(378)) - Duplicate write chunk request. Chunk overwrite without explicit request. ChunkInfo{chunkName='115816896921600004.data.0, offset=0, len=5}
2025-07-15 19:44:57,415 [5109dbd0-88b3-4954-9428-6522438831f5@group-6E557299AE72-StateMachineUpdater] INFO  ratis.ContainerStateMachine (ContainerStateMachine.java:takeSnapshot(436)) - group-6E557299AE72: Finished taking a snapshot at:(t:1, i:48) file:/home/runner/work/ozone/ozone/hadoop-ozone/integration-test/target/test-dir/MiniOzoneClusterImpl-7a2c00ee-15e1-4921-aa6b-526c14ec89d8/ozone-meta/datanode-3/ratis/e1e3f51c-eee6-43c8-a25e-6e557299ae72/sm/snapshot.1_48 took: 2 ms
2025-07-15 19:44:57,415 [5109dbd0-88b3-4954-9428-6522438831f5@group-6E557299AE72-StateMachineUpdater] INFO  impl.SimpleStateMachineStorage (SimpleStateMachineStorage.java:lambda$cleanupOldSnapshots$1(126)) - Deleting old snapshot at /home/runner/work/ozone/ozone/hadoop-ozone/integration-test/target/test-dir/MiniOzoneClusterImpl-7a2c00ee-15e1-4921-aa6b-526c14ec89d8/ozone-meta/datanode-3/ratis/e1e3f51c-eee6-43c8-a25e-6e557299ae72/sm/snapshot.1_6
2025-07-15 19:44:57,416 [5109dbd0-88b3-4954-9428-6522438831f5@group-6E557299AE72-StateMachineUpdater] INFO  impl.StateMachineUpdater (StateMachineUpdater.java:takeSnapshot(307)) - 5109dbd0-88b3-4954-9428-6522438831f5@group-6E557299AE72-StateMachineUpdater: Took a snapshot at index 48
2025-07-15 19:44:57,416 [5109dbd0-88b3-4954-9428-6522438831f5@group-6E557299AE72-StateMachineUpdater] INFO  impl.StateMachineUpdater (StateMachineUpdater.java:lambda$new$0(101)) - 5109dbd0-88b3-4954-9428-6522438831f5@group-6E557299AE72-StateMachineUpdater: snapshotIndex: updateIncreasingly 45 -> 48
2025-07-15 19:44:57,416 [5109dbd0-88b3-4954-9428-6522438831f5-ChunkWriter-0-0] WARN  helpers.ChunkUtils (ChunkUtils.java:validateChunkForOverwrite(378)) - Duplicate write chunk request. Chunk overwrite without explicit request. ChunkInfo{chunkName='115816896921600004.data.0, offset=0, len=5}
2025-07-15 19:44:57,419 [5109dbd0-88b3-4954-9428-6522438831f5-ChunkWriter-0-0] WARN  helpers.ChunkUtils (ChunkUtils.java:validateChunkForOverwrite(378)) - Duplicate write chunk request. Chunk overwrite without explicit request. ChunkInfo{chunkName='115816896921600004.data.0, offset=0, len=5}
2025-07-15 19:44:57,420 [5109dbd0-88b3-4954-9428-6522438831f5@group-6E557299AE72-StateMachineUpdater] INFO  ratis.ContainerStateMachine (ContainerStateMachine.java:takeSnapshot(427)) - group-6E557299AE72: Taking a snapshot at:(t:1, i:53) file /home/runner/work/ozone/ozone/hadoop-ozone/integration-test/target/test-dir/MiniOzoneClusterImpl-7a2c00ee-15e1-4921-aa6b-526c14ec89d8/ozone-meta/datanode-3/ratis/e1e3f51c-eee6-43c8-a25e-6e557299ae72/sm/snapshot.1_53
2025-07-15 19:44:57,422 [5109dbd0-88b3-4954-9428-6522438831f5@group-6E557299AE72-StateMachineUpdater] INFO  ratis.ContainerStateMachine (ContainerStateMachine.java:takeSnapshot(436)) - group-6E557299AE72: Finished taking a snapshot at:(t:1, i:53) file:/home/runner/work/ozone/ozone/hadoop-ozone/integration-test/target/test-dir/MiniOzoneClusterImpl-7a2c00ee-15e1-4921-aa6b-526c14ec89d8/ozone-meta/datanode-3/ratis/e1e3f51c-eee6-43c8-a25e-6e557299ae72/sm/snapshot.1_53 took: 2 ms
2025-07-15 19:44:57,422 [5109dbd0-88b3-4954-9428-6522438831f5@group-6E557299AE72-StateMachineUpdater] INFO  impl.SimpleStateMachineStorage (SimpleStateMachineStorage.java:lambda$cleanupOldSnapshots$1(126)) - Deleting old snapshot at /home/runner/work/ozone/ozone/hadoop-ozone/integration-test/target/test-dir/MiniOzoneClusterImpl-7a2c00ee-15e1-4921-aa6b-526c14ec89d8/ozone-meta/datanode-3/ratis/e1e3f51c-eee6-43c8-a25e-6e557299ae72/sm/snapshot.1_12
2025-07-15 19:44:57,423 [5109dbd0-88b3-4954-9428-6522438831f5-ChunkWriter-0-0] WARN  helpers.ChunkUtils (ChunkUtils.java:validateChunkForOverwrite(378)) - Duplicate write chunk request. Chunk overwrite without explicit request. ChunkInfo{chunkName='115816896921600004.data.0, offset=0, len=5}
2025-07-15 19:44:57,423 [5109dbd0-88b3-4954-9428-6522438831f5@group-6E557299AE72-StateMachineUpdater] INFO  impl.StateMachineUpdater (StateMachineUpdater.java:takeSnapshot(307)) - 5109dbd0-88b3-4954-9428-6522438831f5@group-6E557299AE72-StateMachineUpdater: Took a snapshot at index 53
2025-07-15 19:44:57,423 [5109dbd0-88b3-4954-9428-6522438831f5@group-6E557299AE72-StateMachineUpdater] INFO  impl.StateMachineUpdater (StateMachineUpdater.java:lambda$new$0(101)) - 5109dbd0-88b3-4954-9428-6522438831f5@group-6E557299AE72-StateMachineUpdater: snapshotIndex: updateIncreasingly 48 -> 53
2025-07-15 19:44:57,427 [5109dbd0-88b3-4954-9428-6522438831f5@group-6E557299AE72-StateMachineUpdater] INFO  ratis.ContainerStateMachine (ContainerStateMachine.java:takeSnapshot(427)) - group-6E557299AE72: Taking a snapshot at:(t:1, i:58) file /home/runner/work/ozone/ozone/hadoop-ozone/integration-test/target/test-dir/MiniOzoneClusterImpl-7a2c00ee-15e1-4921-aa6b-526c14ec89d8/ozone-meta/datanode-3/ratis/e1e3f51c-eee6-43c8-a25e-6e557299ae72/sm/snapshot.1_58
2025-07-15 19:44:57,427 [5109dbd0-88b3-4954-9428-6522438831f5-ChunkWriter-0-0] WARN  helpers.ChunkUtils (ChunkUtils.java:validateChunkForOverwrite(378)) - Duplicate write chunk request. Chunk overwrite without explicit request. ChunkInfo{chunkName='115816896921600004.data.0, offset=0, len=5}
2025-07-15 19:44:57,429 [5109dbd0-88b3-4954-9428-6522438831f5-ChunkWriter-0-0] WARN  helpers.ChunkUtils (ChunkUtils.java:validateChunkForOverwrite(378)) - Duplicate write chunk request. Chunk overwrite without explicit request. ChunkInfo{chunkName='115816896921600004.data.0, offset=0, len=5}
2025-07-15 19:44:57,430 [5109dbd0-88b3-4954-9428-6522438831f5-ChunkWriter-0-0] WARN  helpers.ChunkUtils (ChunkUtils.java:validateChunkForOverwrite(378)) - Duplicate write chunk request. Chunk overwrite without explicit request. ChunkInfo{chunkName='115816896921600004.data.0, offset=0, len=5}
2025-07-15 19:44:57,430 [5109dbd0-88b3-4954-9428-6522438831f5@group-6E557299AE72-StateMachineUpdater] INFO  ratis.ContainerStateMachine (ContainerStateMachine.java:takeSnapshot(436)) - group-6E557299AE72: Finished taking a snapshot at:(t:1, i:58) file:/home/runner/work/ozone/ozone/hadoop-ozone/integration-test/target/test-dir/MiniOzoneClusterImpl-7a2c00ee-15e1-4921-aa6b-526c14ec89d8/ozone-meta/datanode-3/ratis/e1e3f51c-eee6-43c8-a25e-6e557299ae72/sm/snapshot.1_58 took: 3 ms
2025-07-15 19:44:57,431 [5109dbd0-88b3-4954-9428-6522438831f5@group-6E557299AE72-StateMachineUpdater] INFO  impl.SimpleStateMachineStorage (SimpleStateMachineStorage.java:lambda$cleanupOldSnapshots$1(126)) - Deleting old snapshot at /home/runner/work/ozone/ozone/hadoop-ozone/integration-test/target/test-dir/MiniOzoneClusterImpl-7a2c00ee-15e1-4921-aa6b-526c14ec89d8/ozone-meta/datanode-3/ratis/e1e3f51c-eee6-43c8-a25e-6e557299ae72/sm/snapshot.1_27
2025-07-15 19:44:57,432 [5109dbd0-88b3-4954-9428-6522438831f5@group-6E557299AE72-StateMachineUpdater] INFO  impl.StateMachineUpdater (StateMachineUpdater.java:takeSnapshot(307)) - 5109dbd0-88b3-4954-9428-6522438831f5@group-6E557299AE72-StateMachineUpdater: Took a snapshot at index 58
2025-07-15 19:44:57,432 [5109dbd0-88b3-4954-9428-6522438831f5@group-6E557299AE72-StateMachineUpdater] INFO  impl.StateMachineUpdater (StateMachineUpdater.java:lambda$new$0(101)) - 5109dbd0-88b3-4954-9428-6522438831f5@group-6E557299AE72-StateMachineUpdater: snapshotIndex: updateIncreasingly 53 -> 58
2025-07-15 19:44:57,432 [5109dbd0-88b3-4954-9428-6522438831f5-ChunkWriter-0-0] WARN  helpers.ChunkUtils (ChunkUtils.java:validateChunkForOverwrite(378)) - Duplicate write chunk request. Chunk overwrite without explicit request. ChunkInfo{chunkName='115816896921600004.data.0, offset=0, len=5}
2025-07-15 19:44:57,433 [5109dbd0-88b3-4954-9428-6522438831f5@group-6E557299AE72-StateMachineUpdater] INFO  ratis.ContainerStateMachine (ContainerStateMachine.java:takeSnapshot(427)) - group-6E557299AE72: Taking a snapshot at:(t:1, i:63) file /home/runner/work/ozone/ozone/hadoop-ozone/integration-test/target/test-dir/MiniOzoneClusterImpl-7a2c00ee-15e1-4921-aa6b-526c14ec89d8/ozone-meta/datanode-3/ratis/e1e3f51c-eee6-43c8-a25e-6e557299ae72/sm/snapshot.1_63
2025-07-15 19:44:57,434 [5109dbd0-88b3-4954-9428-6522438831f5-ChunkWriter-0-0] WARN  helpers.ChunkUtils (ChunkUtils.java:validateChunkForOverwrite(378)) - Duplicate write chunk request. Chunk overwrite without explicit request. ChunkInfo{chunkName='115816896921600004.data.0, offset=0, len=5}
2025-07-15 19:44:57,435 [5109dbd0-88b3-4954-9428-6522438831f5@group-6E557299AE72-StateMachineUpdater] INFO  ratis.ContainerStateMachine (ContainerStateMachine.java:takeSnapshot(436)) - group-6E557299AE72: Finished taking a snapshot at:(t:1, i:63) file:/home/runner/work/ozone/ozone/hadoop-ozone/integration-test/target/test-dir/MiniOzoneClusterImpl-7a2c00ee-15e1-4921-aa6b-526c14ec89d8/ozone-meta/datanode-3/ratis/e1e3f51c-eee6-43c8-a25e-6e557299ae72/sm/snapshot.1_63 took: 1 ms
2025-07-15 19:44:57,435 [5109dbd0-88b3-4954-9428-6522438831f5@group-6E557299AE72-StateMachineUpdater] INFO  impl.SimpleStateMachineStorage (SimpleStateMachineStorage.java:lambda$cleanupOldSnapshots$1(126)) - Deleting old snapshot at /home/runner/work/ozone/ozone/hadoop-ozone/integration-test/target/test-dir/MiniOzoneClusterImpl-7a2c00ee-15e1-4921-aa6b-526c14ec89d8/ozone-meta/datanode-3/ratis/e1e3f51c-eee6-43c8-a25e-6e557299ae72/sm/snapshot.1_37
2025-07-15 19:44:57,435 [5109dbd0-88b3-4954-9428-6522438831f5@group-6E557299AE72-StateMachineUpdater] INFO  impl.StateMachineUpdater (StateMachineUpdater.java:takeSnapshot(307)) - 5109dbd0-88b3-4954-9428-6522438831f5@group-6E557299AE72-StateMachineUpdater: Took a snapshot at index 63
2025-07-15 19:44:57,435 [5109dbd0-88b3-4954-9428-6522438831f5@group-6E557299AE72-StateMachineUpdater] INFO  impl.StateMachineUpdater (StateMachineUpdater.java:lambda$new$0(101)) - 5109dbd0-88b3-4954-9428-6522438831f5@group-6E557299AE72-StateMachineUpdater: snapshotIndex: updateIncreasingly 58 -> 63
2025-07-15 19:44:57,437 [5109dbd0-88b3-4954-9428-6522438831f5@group-6E557299AE72-StateMachineUpdater] INFO  ratis.ContainerStateMachine (ContainerStateMachine.java:takeSnapshot(427)) - group-6E557299AE72: Taking a snapshot at:(t:1, i:65) file /home/runner/work/ozone/ozone/hadoop-ozone/integration-test/target/test-dir/MiniOzoneClusterImpl-7a2c00ee-15e1-4921-aa6b-526c14ec89d8/ozone-meta/datanode-3/ratis/e1e3f51c-eee6-43c8-a25e-6e557299ae72/sm/snapshot.1_65
2025-07-15 19:44:57,437 [5109dbd0-88b3-4954-9428-6522438831f5-ChunkWriter-0-0] WARN  helpers.ChunkUtils (ChunkUtils.java:validateChunkForOverwrite(378)) - Duplicate write chunk request. Chunk overwrite without explicit request. ChunkInfo{chunkName='115816896921600004.data.0, offset=0, len=5}
2025-07-15 19:44:57,438 [5109dbd0-88b3-4954-9428-6522438831f5@group-6E557299AE72-StateMachineUpdater] INFO  ratis.ContainerStateMachine (ContainerStateMachine.java:takeSnapshot(436)) - group-6E557299AE72: Finished taking a snapshot at:(t:1, i:65) file:/home/runner/work/ozone/ozone/hadoop-ozone/integration-test/target/test-dir/MiniOzoneClusterImpl-7a2c00ee-15e1-4921-aa6b-526c14ec89d8/ozone-meta/datanode-3/ratis/e1e3f51c-eee6-43c8-a25e-6e557299ae72/sm/snapshot.1_65 took: 1 ms
2025-07-15 19:44:57,438 [5109dbd0-88b3-4954-9428-6522438831f5@group-6E557299AE72-StateMachineUpdater] INFO  impl.SimpleStateMachineStorage (SimpleStateMachineStorage.java:lambda$cleanupOldSnapshots$1(126)) - Deleting old snapshot at /home/runner/work/ozone/ozone/hadoop-ozone/integration-test/target/test-dir/MiniOzoneClusterImpl-7a2c00ee-15e1-4921-aa6b-526c14ec89d8/ozone-meta/datanode-3/ratis/e1e3f51c-eee6-43c8-a25e-6e557299ae72/sm/snapshot.1_45
2025-07-15 19:44:57,439 [5109dbd0-88b3-4954-9428-6522438831f5@group-6E557299AE72-StateMachineUpdater] INFO  impl.StateMachineUpdater (StateMachineUpdater.java:takeSnapshot(307)) - 5109dbd0-88b3-4954-9428-6522438831f5@group-6E557299AE72-StateMachineUpdater: Took a snapshot at index 65
2025-07-15 19:44:57,439 [5109dbd0-88b3-4954-9428-6522438831f5@group-6E557299AE72-StateMachineUpdater] INFO  impl.StateMachineUpdater (StateMachineUpdater.java:lambda$new$0(101)) - 5109dbd0-88b3-4954-9428-6522438831f5@group-6E557299AE72-StateMachineUpdater: snapshotIndex: updateIncreasingly 63 -> 65
2025-07-15 19:44:57,439 [5109dbd0-88b3-4954-9428-6522438831f5-ChunkWriter-0-0] WARN  helpers.ChunkUtils (ChunkUtils.java:validateChunkForOverwrite(378)) - Duplicate write chunk request. Chunk overwrite without explicit request. ChunkInfo{chunkName='115816896921600004.data.0, offset=0, len=5}
2025-07-15 19:44:57,441 [5109dbd0-88b3-4954-9428-6522438831f5@group-6E557299AE72-StateMachineUpdater] INFO  ratis.ContainerStateMachine (ContainerStateMachine.java:takeSnapshot(427)) - group-6E557299AE72: Taking a snapshot at:(t:1, i:67) file /home/runner/work/ozone/ozone/hadoop-ozone/integration-test/target/test-dir/MiniOzoneClusterImpl-7a2c00ee-15e1-4921-aa6b-526c14ec89d8/ozone-meta/datanode-3/ratis/e1e3f51c-eee6-43c8-a25e-6e557299ae72/sm/snapshot.1_67
2025-07-15 19:44:57,442 [5109dbd0-88b3-4954-9428-6522438831f5@group-6E557299AE72-StateMachineUpdater] INFO  ratis.ContainerStateMachine (ContainerStateMachine.java:takeSnapshot(436)) - group-6E557299AE72: Finished taking a snapshot at:(t:1, i:67) file:/home/runner/work/ozone/ozone/hadoop-ozone/integration-test/target/test-dir/MiniOzoneClusterImpl-7a2c00ee-15e1-4921-aa6b-526c14ec89d8/ozone-meta/datanode-3/ratis/e1e3f51c-eee6-43c8-a25e-6e557299ae72/sm/snapshot.1_67 took: 1 ms
2025-07-15 19:44:57,442 [5109dbd0-88b3-4954-9428-6522438831f5@group-6E557299AE72-StateMachineUpdater] INFO  impl.SimpleStateMachineStorage (SimpleStateMachineStorage.java:lambda$cleanupOldSnapshots$1(126)) - Deleting old snapshot at /home/runner/work/ozone/ozone/hadoop-ozone/integration-test/target/test-dir/MiniOzoneClusterImpl-7a2c00ee-15e1-4921-aa6b-526c14ec89d8/ozone-meta/datanode-3/ratis/e1e3f51c-eee6-43c8-a25e-6e557299ae72/sm/snapshot.1_48
2025-07-15 19:44:57,443 [5109dbd0-88b3-4954-9428-6522438831f5@group-6E557299AE72-StateMachineUpdater] INFO  impl.StateMachineUpdater (StateMachineUpdater.java:takeSnapshot(307)) - 5109dbd0-88b3-4954-9428-6522438831f5@group-6E557299AE72-StateMachineUpdater: Took a snapshot at index 67
2025-07-15 19:44:57,444 [5109dbd0-88b3-4954-9428-6522438831f5@group-6E557299AE72-StateMachineUpdater] INFO  impl.StateMachineUpdater (StateMachineUpdater.java:lambda$new$0(101)) - 5109dbd0-88b3-4954-9428-6522438831f5@group-6E557299AE72-StateMachineUpdater: snapshotIndex: updateIncreasingly 65 -> 67
2025-07-15 19:44:57,442 [5109dbd0-88b3-4954-9428-6522438831f5-ChunkWriter-0-0] WARN  helpers.ChunkUtils (ChunkUtils.java:validateChunkForOverwrite(378)) - Duplicate write chunk request. Chunk overwrite without explicit request. ChunkInfo{chunkName='115816896921600004.data.0, offset=0, len=5}
2025-07-15 19:44:57,445 [5109dbd0-88b3-4954-9428-6522438831f5-ChunkWriter-0-0] WARN  helpers.ChunkUtils (ChunkUtils.java:validateChunkForOverwrite(378)) - Duplicate write chunk request. Chunk overwrite without explicit request. ChunkInfo{chunkName='115816896921600004.data.0, offset=0, len=5}
2025-07-15 19:44:57,445 [5109dbd0-88b3-4954-9428-6522438831f5-ChunkWriter-0-0] WARN  helpers.ChunkUtils (ChunkUtils.java:validateChunkForOverwrite(378)) - Duplicate write chunk request. Chunk overwrite without explicit request. ChunkInfo{chunkName='115816896921600004.data.0, offset=0, len=5}
2025-07-15 19:44:57,448 [5109dbd0-88b3-4954-9428-6522438831f5-ChunkWriter-0-0] WARN  helpers.ChunkUtils (ChunkUtils.java:validateChunkForOverwrite(378)) - Duplicate write chunk request. Chunk overwrite without explicit request. ChunkInfo{chunkName='115816896921600004.data.0, offset=0, len=5}
2025-07-15 19:44:57,448 [5109dbd0-88b3-4954-9428-6522438831f5-ChunkWriter-0-0] WARN  helpers.ChunkUtils (ChunkUtils.java:validateChunkForOverwrite(378)) - Duplicate write chunk request. Chunk overwrite without explicit request. ChunkInfo{chunkName='115816896921600004.data.0, offset=0, len=5}
2025-07-15 19:44:57,449 [5109dbd0-88b3-4954-9428-6522438831f5-ChunkWriter-0-0] WARN  helpers.ChunkUtils (ChunkUtils.java:validateChunkForOverwrite(378)) - Duplicate write chunk request. Chunk overwrite without explicit request. ChunkInfo{chunkName='115816896921600004.data.0, offset=0, len=5}
2025-07-15 19:44:57,451 [5109dbd0-88b3-4954-9428-6522438831f5@group-6E557299AE72-StateMachineUpdater] INFO  ratis.ContainerStateMachine (ContainerStateMachine.java:takeSnapshot(427)) - group-6E557299AE72: Taking a snapshot at:(t:1, i:73) file /home/runner/work/ozone/ozone/hadoop-ozone/integration-test/target/test-dir/MiniOzoneClusterImpl-7a2c00ee-15e1-4921-aa6b-526c14ec89d8/ozone-meta/datanode-3/ratis/e1e3f51c-eee6-43c8-a25e-6e557299ae72/sm/snapshot.1_73
2025-07-15 19:44:57,452 [5109dbd0-88b3-4954-9428-6522438831f5@group-6E557299AE72-StateMachineUpdater] INFO  ratis.ContainerStateMachine (ContainerStateMachine.java:takeSnapshot(436)) - group-6E557299AE72: Finished taking a snapshot at:(t:1, i:73) file:/home/runner/work/ozone/ozone/hadoop-ozone/integration-test/target/test-dir/MiniOzoneClusterImpl-7a2c00ee-15e1-4921-aa6b-526c14ec89d8/ozone-meta/datanode-3/ratis/e1e3f51c-eee6-43c8-a25e-6e557299ae72/sm/snapshot.1_73 took: 1 ms
2025-07-15 19:44:57,453 [5109dbd0-88b3-4954-9428-6522438831f5@group-6E557299AE72-StateMachineUpdater] INFO  impl.SimpleStateMachineStorage (SimpleStateMachineStorage.java:lambda$cleanupOldSnapshots$1(126)) - Deleting old snapshot at /home/runner/work/ozone/ozone/hadoop-ozone/integration-test/target/test-dir/MiniOzoneClusterImpl-7a2c00ee-15e1-4921-aa6b-526c14ec89d8/ozone-meta/datanode-3/ratis/e1e3f51c-eee6-43c8-a25e-6e557299ae72/sm/snapshot.1_53
2025-07-15 19:44:57,453 [5109dbd0-88b3-4954-9428-6522438831f5@group-6E557299AE72-StateMachineUpdater] INFO  impl.StateMachineUpdater (StateMachineUpdater.java:takeSnapshot(307)) - 5109dbd0-88b3-4954-9428-6522438831f5@group-6E557299AE72-StateMachineUpdater: Took a snapshot at index 73
2025-07-15 19:44:57,453 [5109dbd0-88b3-4954-9428-6522438831f5@group-6E557299AE72-StateMachineUpdater] INFO  impl.StateMachineUpdater (StateMachineUpdater.java:lambda$new$0(101)) - 5109dbd0-88b3-4954-9428-6522438831f5@group-6E557299AE72-StateMachineUpdater: snapshotIndex: updateIncreasingly 67 -> 73
2025-07-15 19:44:57,455 [5109dbd0-88b3-4954-9428-6522438831f5-ChunkWriter-0-0] WARN  helpers.ChunkUtils (ChunkUtils.java:validateChunkForOverwrite(378)) - Duplicate write chunk request. Chunk overwrite without explicit request. ChunkInfo{chunkName='115816896921600004.data.0, offset=0, len=5}
2025-07-15 19:44:57,455 [5109dbd0-88b3-4954-9428-6522438831f5-ChunkWriter-0-0] WARN  helpers.ChunkUtils (ChunkUtils.java:validateChunkForOverwrite(378)) - Duplicate write chunk request. Chunk overwrite without explicit request. ChunkInfo{chunkName='115816896921600004.data.0, offset=0, len=5}
2025-07-15 19:44:57,460 [5109dbd0-88b3-4954-9428-6522438831f5-ChunkWriter-0-0] WARN  helpers.ChunkUtils (ChunkUtils.java:validateChunkForOverwrite(378)) - Duplicate write chunk request. Chunk overwrite without explicit request. ChunkInfo{chunkName='115816896921600004.data.0, offset=0, len=5}
2025-07-15 19:44:57,461 [5109dbd0-88b3-4954-9428-6522438831f5-ChunkWriter-0-0] WARN  helpers.ChunkUtils (ChunkUtils.java:validateChunkForOverwrite(378)) - Duplicate write chunk request. Chunk overwrite without explicit request. ChunkInfo{chunkName='115816896921600004.data.0, offset=0, len=5}
2025-07-15 19:44:57,461 [5109dbd0-88b3-4954-9428-6522438831f5-ChunkWriter-0-0] WARN  helpers.ChunkUtils (ChunkUtils.java:validateChunkForOverwrite(378)) - Duplicate write chunk request. Chunk overwrite without explicit request. ChunkInfo{chunkName='115816896921600004.data.0, offset=0, len=5}
2025-07-15 19:44:57,461 [5109dbd0-88b3-4954-9428-6522438831f5-ChunkWriter-0-0] WARN  helpers.ChunkUtils (ChunkUtils.java:validateChunkForOverwrite(378)) - Duplicate write chunk request. Chunk overwrite without explicit request. ChunkInfo{chunkName='115816896921600004.data.0, offset=0, len=5}
2025-07-15 19:44:57,461 [5109dbd0-88b3-4954-9428-6522438831f5@group-6E557299AE72-StateMachineUpdater] INFO  ratis.ContainerStateMachine (ContainerStateMachine.java:takeSnapshot(427)) - group-6E557299AE72: Taking a snapshot at:(t:1, i:81) file /home/runner/work/ozone/ozone/hadoop-ozone/integration-test/target/test-dir/MiniOzoneClusterImpl-7a2c00ee-15e1-4921-aa6b-526c14ec89d8/ozone-meta/datanode-3/ratis/e1e3f51c-eee6-43c8-a25e-6e557299ae72/sm/snapshot.1_81
2025-07-15 19:44:57,463 [5109dbd0-88b3-4954-9428-6522438831f5@group-6E557299AE72-StateMachineUpdater] INFO  ratis.ContainerStateMachine (ContainerStateMachine.java:takeSnapshot(436)) - group-6E557299AE72: Finished taking a snapshot at:(t:1, i:81) file:/home/runner/work/ozone/ozone/hadoop-ozone/integration-test/target/test-dir/MiniOzoneClusterImpl-7a2c00ee-15e1-4921-aa6b-526c14ec89d8/ozone-meta/datanode-3/ratis/e1e3f51c-eee6-43c8-a25e-6e557299ae72/sm/snapshot.1_81 took: 2 ms
2025-07-15 19:44:57,463 [5109dbd0-88b3-4954-9428-6522438831f5@group-6E557299AE72-StateMachineUpdater] INFO  impl.SimpleStateMachineStorage (SimpleStateMachineStorage.java:lambda$cleanupOldSnapshots$1(126)) - Deleting old snapshot at /home/runner/work/ozone/ozone/hadoop-ozone/integration-test/target/test-dir/MiniOzoneClusterImpl-7a2c00ee-15e1-4921-aa6b-526c14ec89d8/ozone-meta/datanode-3/ratis/e1e3f51c-eee6-43c8-a25e-6e557299ae72/sm/snapshot.1_58
2025-07-15 19:44:57,463 [5109dbd0-88b3-4954-9428-6522438831f5@group-6E557299AE72-StateMachineUpdater] INFO  impl.StateMachineUpdater (StateMachineUpdater.java:takeSnapshot(307)) - 5109dbd0-88b3-4954-9428-6522438831f5@group-6E557299AE72-StateMachineUpdater: Took a snapshot at index 81
2025-07-15 19:44:57,463 [5109dbd0-88b3-4954-9428-6522438831f5@group-6E557299AE72-StateMachineUpdater] INFO  impl.StateMachineUpdater (StateMachineUpdater.java:lambda$new$0(101)) - 5109dbd0-88b3-4954-9428-6522438831f5@group-6E557299AE72-StateMachineUpdater: snapshotIndex: updateIncreasingly 73 -> 81
2025-07-15 19:44:57,467 [5109dbd0-88b3-4954-9428-6522438831f5-ChunkWriter-0-0] WARN  helpers.ChunkUtils (ChunkUtils.java:validateChunkForOverwrite(378)) - Duplicate write chunk request. Chunk overwrite without explicit request. ChunkInfo{chunkName='115816896921600004.data.0, offset=0, len=5}
2025-07-15 19:44:57,469 [5109dbd0-88b3-4954-9428-6522438831f5-ChunkWriter-0-0] WARN  helpers.ChunkUtils (ChunkUtils.java:validateChunkForOverwrite(378)) - Duplicate write chunk request. Chunk overwrite without explicit request. ChunkInfo{chunkName='115816896921600004.data.0, offset=0, len=5}
2025-07-15 19:44:57,470 [5109dbd0-88b3-4954-9428-6522438831f5@group-6E557299AE72-StateMachineUpdater] INFO  ratis.ContainerStateMachine (ContainerStateMachine.java:takeSnapshot(427)) - group-6E557299AE72: Taking a snapshot at:(t:1, i:86) file /home/runner/work/ozone/ozone/hadoop-ozone/integration-test/target/test-dir/MiniOzoneClusterImpl-7a2c00ee-15e1-4921-aa6b-526c14ec89d8/ozone-meta/datanode-3/ratis/e1e3f51c-eee6-43c8-a25e-6e557299ae72/sm/snapshot.1_86
2025-07-15 19:44:57,470 [5109dbd0-88b3-4954-9428-6522438831f5-ChunkWriter-0-0] WARN  helpers.ChunkUtils (ChunkUtils.java:validateChunkForOverwrite(378)) - Duplicate write chunk request. Chunk overwrite without explicit request. ChunkInfo{chunkName='115816896921600004.data.0, offset=0, len=5}
2025-07-15 19:44:57,472 [5109dbd0-88b3-4954-9428-6522438831f5-ChunkWriter-0-0] WARN  helpers.ChunkUtils (ChunkUtils.java:validateChunkForOverwrite(378)) - Duplicate write chunk request. Chunk overwrite without explicit request. ChunkInfo{chunkName='115816896921600004.data.0, offset=0, len=5}
2025-07-15 19:44:57,472 [5109dbd0-88b3-4954-9428-6522438831f5@group-6E557299AE72-StateMachineUpdater] INFO  ratis.ContainerStateMachine (ContainerStateMachine.java:takeSnapshot(436)) - group-6E557299AE72: Finished taking a snapshot at:(t:1, i:86) file:/home/runner/work/ozone/ozone/hadoop-ozone/integration-test/target/test-dir/MiniOzoneClusterImpl-7a2c00ee-15e1-4921-aa6b-526c14ec89d8/ozone-meta/datanode-3/ratis/e1e3f51c-eee6-43c8-a25e-6e557299ae72/sm/snapshot.1_86 took: 2 ms
2025-07-15 19:44:57,474 [5109dbd0-88b3-4954-9428-6522438831f5@group-6E557299AE72-StateMachineUpdater] INFO  impl.SimpleStateMachineStorage (SimpleStateMachineStorage.java:lambda$cleanupOldSnapshots$1(126)) - Deleting old snapshot at /home/runner/work/ozone/ozone/hadoop-ozone/integration-test/target/test-dir/MiniOzoneClusterImpl-7a2c00ee-15e1-4921-aa6b-526c14ec89d8/ozone-meta/datanode-3/ratis/e1e3f51c-eee6-43c8-a25e-6e557299ae72/sm/snapshot.1_63
2025-07-15 19:44:57,475 [5109dbd0-88b3-4954-9428-6522438831f5@group-6E557299AE72-StateMachineUpdater] INFO  impl.StateMachineUpdater (StateMachineUpdater.java:takeSnapshot(307)) - 5109dbd0-88b3-4954-9428-6522438831f5@group-6E557299AE72-StateMachineUpdater: Took a snapshot at index 86
2025-07-15 19:44:57,475 [5109dbd0-88b3-4954-9428-6522438831f5@group-6E557299AE72-StateMachineUpdater] INFO  impl.StateMachineUpdater (StateMachineUpdater.java:lambda$new$0(101)) - 5109dbd0-88b3-4954-9428-6522438831f5@group-6E557299AE72-StateMachineUpdater: snapshotIndex: updateIncreasingly 81 -> 86
2025-07-15 19:44:57,474 [5109dbd0-88b3-4954-9428-6522438831f5-ChunkWriter-0-0] WARN  helpers.ChunkUtils (ChunkUtils.java:validateChunkForOverwrite(378)) - Duplicate write chunk request. Chunk overwrite without explicit request. ChunkInfo{chunkName='115816896921600004.data.0, offset=0, len=5}
2025-07-15 19:44:57,477 [5109dbd0-88b3-4954-9428-6522438831f5-ChunkWriter-0-0] WARN  helpers.ChunkUtils (ChunkUtils.java:validateChunkForOverwrite(378)) - Duplicate write chunk request. Chunk overwrite without explicit request. ChunkInfo{chunkName='115816896921600004.data.0, offset=0, len=5}
2025-07-15 19:44:57,479 [5109dbd0-88b3-4954-9428-6522438831f5-ChunkWriter-0-0] WARN  helpers.ChunkUtils (ChunkUtils.java:validateChunkForOverwrite(378)) - Duplicate write chunk request. Chunk overwrite without explicit request. ChunkInfo{chunkName='115816896921600004.data.0, offset=0, len=5}
2025-07-15 19:44:57,481 [5109dbd0-88b3-4954-9428-6522438831f5@group-6E557299AE72-StateMachineUpdater] INFO  ratis.ContainerStateMachine (ContainerStateMachine.java:takeSnapshot(427)) - group-6E557299AE72: Taking a snapshot at:(t:1, i:92) file /home/runner/work/ozone/ozone/hadoop-ozone/integration-test/target/test-dir/MiniOzoneClusterImpl-7a2c00ee-15e1-4921-aa6b-526c14ec89d8/ozone-meta/datanode-3/ratis/e1e3f51c-eee6-43c8-a25e-6e557299ae72/sm/snapshot.1_92
2025-07-15 19:44:57,481 [5109dbd0-88b3-4954-9428-6522438831f5-ChunkWriter-0-0] WARN  helpers.ChunkUtils (ChunkUtils.java:validateChunkForOverwrite(378)) - Duplicate write chunk request. Chunk overwrite without explicit request. ChunkInfo{chunkName='115816896921600004.data.0, offset=0, len=5}
2025-07-15 19:44:57,483 [5109dbd0-88b3-4954-9428-6522438831f5-ChunkWriter-0-0] WARN  helpers.ChunkUtils (ChunkUtils.java:validateChunkForOverwrite(378)) - Duplicate write chunk request. Chunk overwrite without explicit request. ChunkInfo{chunkName='115816896921600004.data.0, offset=0, len=5}
2025-07-15 19:44:57,484 [5109dbd0-88b3-4954-9428-6522438831f5@group-6E557299AE72-StateMachineUpdater] INFO  ratis.ContainerStateMachine (ContainerStateMachine.java:takeSnapshot(436)) - group-6E557299AE72: Finished taking a snapshot at:(t:1, i:92) file:/home/runner/work/ozone/ozone/hadoop-ozone/integration-test/target/test-dir/MiniOzoneClusterImpl-7a2c00ee-15e1-4921-aa6b-526c14ec89d8/ozone-meta/datanode-3/ratis/e1e3f51c-eee6-43c8-a25e-6e557299ae72/sm/snapshot.1_92 took: 3 ms
2025-07-15 19:44:57,484 [5109dbd0-88b3-4954-9428-6522438831f5@group-6E557299AE72-StateMachineUpdater] INFO  impl.SimpleStateMachineStorage (SimpleStateMachineStorage.java:lambda$cleanupOldSnapshots$1(126)) - Deleting old snapshot at /home/runner/work/ozone/ozone/hadoop-ozone/integration-test/target/test-dir/MiniOzoneClusterImpl-7a2c00ee-15e1-4921-aa6b-526c14ec89d8/ozone-meta/datanode-3/ratis/e1e3f51c-eee6-43c8-a25e-6e557299ae72/sm/snapshot.1_65
2025-07-15 19:44:57,484 [5109dbd0-88b3-4954-9428-6522438831f5@group-6E557299AE72-StateMachineUpdater] INFO  impl.StateMachineUpdater (StateMachineUpdater.java:takeSnapshot(307)) - 5109dbd0-88b3-4954-9428-6522438831f5@group-6E557299AE72-StateMachineUpdater: Took a snapshot at index 92
2025-07-15 19:44:57,484 [5109dbd0-88b3-4954-9428-6522438831f5@group-6E557299AE72-StateMachineUpdater] INFO  impl.StateMachineUpdater (StateMachineUpdater.java:lambda$new$0(101)) - 5109dbd0-88b3-4954-9428-6522438831f5@group-6E557299AE72-StateMachineUpdater: snapshotIndex: updateIncreasingly 86 -> 92
2025-07-15 19:44:57,489 [5109dbd0-88b3-4954-9428-6522438831f5-ChunkWriter-0-0] WARN  helpers.ChunkUtils (ChunkUtils.java:validateChunkForOverwrite(378)) - Duplicate write chunk request. Chunk overwrite without explicit request. ChunkInfo{chunkName='115816896921600004.data.0, offset=0, len=5}
2025-07-15 19:44:57,492 [5109dbd0-88b3-4954-9428-6522438831f5-ChunkWriter-0-0] WARN  helpers.ChunkUtils (ChunkUtils.java:validateChunkForOverwrite(378)) - Duplicate write chunk request. Chunk overwrite without explicit request. ChunkInfo{chunkName='115816896921600004.data.0, offset=0, len=5}
2025-07-15T19:44:57.494688377Z 5109dbd0-88b3-4954-9428-6522438831f5-client-thread1 ERROR user=null | ip=null | op=WRITE_CHUNK {blockData=conID: 4 locID: 115816896921600004 bcsId: 0 replicaIndex: null, offset=0, size=5} | ret=FAILURE
org.apache.hadoop.hdds.scm.container.common.helpers.ContainerNotOpenException: Container 4 in CLOSING state
	at org.apache.hadoop.ozone.container.common.impl.HddsDispatcher.validateContainerCommand(HddsDispatcher.java:580)
	at org.apache.hadoop.ozone.container.common.transport.server.ratis.ContainerStateMachine.startTransaction(ContainerStateMachine.java:488)
	at org.apache.ratis.server.impl.RaftServerImpl.writeAsyncImpl(RaftServerImpl.java:987)
	at org.apache.ratis.server.impl.RaftServerImpl.writeAsync(RaftServerImpl.java:960)
	at org.apache.ratis.server.impl.RaftServerImpl.replyFuture(RaftServerImpl.java:953)
	at org.apache.ratis.server.impl.RaftServerImpl.submitClientRequestAsync(RaftServerImpl.java:930)
	at org.apache.ratis.server.impl.RaftServerImpl.lambda$null$11(RaftServerImpl.java:919)
	at org.apache.ratis.util.JavaUtils.callAsUnchecked(JavaUtils.java:118)
	at org.apache.ratis.server.impl.RaftServerImpl.lambda$executeSubmitClientRequestAsync$12(RaftServerImpl.java:919)
	at java.base/java.util.concurrent.CompletableFuture$AsyncSupply.run(CompletableFuture.java:1768)
	at java.base/java.util.concurrent.ThreadPoolExecutor.runWorker(ThreadPoolExecutor.java:1144)
	at java.base/java.util.concurrent.ThreadPoolExecutor$Worker.run(ThreadPoolExecutor.java:642)
	at java.base/java.lang.Thread.run(Thread.java:1583)
2025-07-15T19:44:57.496752084Z 5109dbd0-88b3-4954-9428-6522438831f5-client-thread1 ERROR user=null | ip=null | op=WRITE_CHUNK {blockData=conID: 4 locID: 115816896921600004 bcsId: 0 replicaIndex: null, offset=0, size=5} | ret=FAILURE
org.apache.hadoop.hdds.scm.container.common.helpers.ContainerNotOpenException: Container 4 in CLOSING state
	at org.apache.hadoop.ozone.container.common.impl.HddsDispatcher.validateContainerCommand(HddsDispatcher.java:580)
	at org.apache.hadoop.ozone.container.common.transport.server.ratis.ContainerStateMachine.startTransaction(ContainerStateMachine.java:488)
	at org.apache.ratis.server.impl.RaftServerImpl.writeAsyncImpl(RaftServerImpl.java:987)
	at org.apache.ratis.server.impl.RaftServerImpl.writeAsync(RaftServerImpl.java:960)
	at org.apache.ratis.server.impl.RaftServerImpl.replyFuture(RaftServerImpl.java:953)
	at org.apache.ratis.server.impl.RaftServerImpl.submitClientRequestAsync(RaftServerImpl.java:930)
	at org.apache.ratis.server.impl.RaftServerImpl.lambda$null$11(RaftServerImpl.java:919)
	at org.apache.ratis.util.JavaUtils.callAsUnchecked(JavaUtils.java:118)
	at org.apache.ratis.server.impl.RaftServerImpl.lambda$executeSubmitClientRequestAsync$12(RaftServerImpl.java:919)
	at java.base/java.util.concurrent.CompletableFuture$AsyncSupply.run(CompletableFuture.java:1768)
	at java.base/java.util.concurrent.ThreadPoolExecutor.runWorker(ThreadPoolExecutor.java:1144)
	at java.base/java.util.concurrent.ThreadPoolExecutor$Worker.run(ThreadPoolExecutor.java:642)
	at java.base/java.lang.Thread.run(Thread.java:1583)
2025-07-15T19:44:57.498367833Z 5109dbd0-88b3-4954-9428-6522438831f5-client-thread1 ERROR user=null | ip=null | op=WRITE_CHUNK {blockData=conID: 4 locID: 115816896921600004 bcsId: 0 replicaIndex: null, offset=0, size=5} | ret=FAILURE
org.apache.hadoop.hdds.scm.container.common.helpers.ContainerNotOpenException: Container 4 in CLOSING state
	at org.apache.hadoop.ozone.container.common.impl.HddsDispatcher.validateContainerCommand(HddsDispatcher.java:580)
	at org.apache.hadoop.ozone.container.common.transport.server.ratis.ContainerStateMachine.startTransaction(ContainerStateMachine.java:488)
	at org.apache.ratis.server.impl.RaftServerImpl.writeAsyncImpl(RaftServerImpl.java:987)
	at org.apache.ratis.server.impl.RaftServerImpl.writeAsync(RaftServerImpl.java:960)
	at org.apache.ratis.server.impl.RaftServerImpl.replyFuture(RaftServerImpl.java:953)
	at org.apache.ratis.server.impl.RaftServerImpl.submitClientRequestAsync(RaftServerImpl.java:930)
	at org.apache.ratis.server.impl.RaftServerImpl.lambda$null$11(RaftServerImpl.java:919)
	at org.apache.ratis.util.JavaUtils.callAsUnchecked(JavaUtils.java:118)
	at org.apache.ratis.server.impl.RaftServerImpl.lambda$executeSubmitClientRequestAsync$12(RaftServerImpl.java:919)
	at java.base/java.util.concurrent.CompletableFuture$AsyncSupply.run(CompletableFuture.java:1768)
	at java.base/java.util.concurrent.ThreadPoolExecutor.runWorker(ThreadPoolExecutor.java:1144)
	at java.base/java.util.concurrent.ThreadPoolExecutor$Worker.run(ThreadPoolExecutor.java:642)
	at java.base/java.lang.Thread.run(Thread.java:1583)
2025-07-15 19:44:57,500 [5109dbd0-88b3-4954-9428-6522438831f5-ContainerOp-e1e3f51c-eee6-43c8-a25e-6e557299ae72-0] WARN  keyvalue.KeyValueHandler (KeyValueHandler.java:updateAndGetContainerChecksum(1451)) - Container data checksum updated from 0 to c25bf9a6
2025-07-15T19:44:57.500946390Z 5109dbd0-88b3-4954-9428-6522438831f5-client-thread2 ERROR user=null | ip=null | op=WRITE_CHUNK {blockData=conID: 4 locID: 115816896921600004 bcsId: 0 replicaIndex: null, offset=0, size=5} | ret=FAILURE
org.apache.hadoop.hdds.scm.container.common.helpers.ContainerNotOpenException: Container 4 in CLOSING state
	at org.apache.hadoop.ozone.container.common.impl.HddsDispatcher.validateContainerCommand(HddsDispatcher.java:580)
	at org.apache.hadoop.ozone.container.common.transport.server.ratis.ContainerStateMachine.startTransaction(ContainerStateMachine.java:488)
	at org.apache.ratis.server.impl.RaftServerImpl.writeAsyncImpl(RaftServerImpl.java:987)
	at org.apache.ratis.server.impl.RaftServerImpl.writeAsync(RaftServerImpl.java:960)
	at org.apache.ratis.server.impl.RaftServerImpl.replyFuture(RaftServerImpl.java:953)
	at org.apache.ratis.server.impl.RaftServerImpl.submitClientRequestAsync(RaftServerImpl.java:930)
	at org.apache.ratis.server.impl.RaftServerImpl.lambda$null$11(RaftServerImpl.java:919)
	at org.apache.ratis.util.JavaUtils.callAsUnchecked(JavaUtils.java:118)
	at org.apache.ratis.server.impl.RaftServerImpl.lambda$executeSubmitClientRequestAsync$12(RaftServerImpl.java:919)
	at java.base/java.util.concurrent.CompletableFuture$AsyncSupply.run(CompletableFuture.java:1768)
	at java.base/java.util.concurrent.ThreadPoolExecutor.runWorker(ThreadPoolExecutor.java:1144)
	at java.base/java.util.concurrent.ThreadPoolExecutor$Worker.run(ThreadPoolExecutor.java:642)
	at java.base/java.lang.Thread.run(Thread.java:1583)
2025-07-15T19:44:57.502197524Z 5109dbd0-88b3-4954-9428-6522438831f5-client-thread3 ERROR user=null | ip=null | op=WRITE_CHUNK {blockData=conID: 4 locID: 115816896921600004 bcsId: 0 replicaIndex: null, offset=0, size=5} | ret=FAILURE
org.apache.hadoop.hdds.scm.container.common.helpers.ContainerNotOpenException: Container 4 in CLOSING state
	at org.apache.hadoop.ozone.container.common.impl.HddsDispatcher.validateContainerCommand(HddsDispatcher.java:580)
	at org.apache.hadoop.ozone.container.common.transport.server.ratis.ContainerStateMachine.startTransaction(ContainerStateMachine.java:488)
	at org.apache.ratis.server.impl.RaftServerImpl.writeAsyncImpl(RaftServerImpl.java:987)
	at org.apache.ratis.server.impl.RaftServerImpl.writeAsync(RaftServerImpl.java:960)
	at org.apache.ratis.server.impl.RaftServerImpl.replyFuture(RaftServerImpl.java:953)
	at org.apache.ratis.server.impl.RaftServerImpl.submitClientRequestAsync(RaftServerImpl.java:930)
	at org.apache.ratis.server.impl.RaftServerImpl.lambda$null$11(RaftServerImpl.java:919)
	at org.apache.ratis.util.JavaUtils.callAsUnchecked(JavaUtils.java:118)
	at org.apache.ratis.server.impl.RaftServerImpl.lambda$executeSubmitClientRequestAsync$12(RaftServerImpl.java:919)
	at java.base/java.util.concurrent.CompletableFuture$AsyncSupply.run(CompletableFuture.java:1768)
	at java.base/java.util.concurrent.ThreadPoolExecutor.runWorker(ThreadPoolExecutor.java:1144)
	at java.base/java.util.concurrent.ThreadPoolExecutor$Worker.run(ThreadPoolExecutor.java:642)
	at java.base/java.lang.Thread.run(Thread.java:1583)
2025-07-15T19:44:57.502870615Z 5109dbd0-88b3-4954-9428-6522438831f5-client-thread2 ERROR user=null | ip=null | op=WRITE_CHUNK {blockData=conID: 4 locID: 115816896921600004 bcsId: 0 replicaIndex: null, offset=0, size=5} | ret=FAILURE
org.apache.hadoop.hdds.scm.container.common.helpers.ContainerNotOpenException: Container 4 in CLOSING state
	at org.apache.hadoop.ozone.container.common.impl.HddsDispatcher.validateContainerCommand(HddsDispatcher.java:580)
	at org.apache.hadoop.ozone.container.common.transport.server.ratis.ContainerStateMachine.startTransaction(ContainerStateMachine.java:488)
	at org.apache.ratis.server.impl.RaftServerImpl.writeAsyncImpl(RaftServerImpl.java:987)
	at org.apache.ratis.server.impl.RaftServerImpl.writeAsync(RaftServerImpl.java:960)
	at org.apache.ratis.server.impl.RaftServerImpl.replyFuture(RaftServerImpl.java:953)
	at org.apache.ratis.server.impl.RaftServerImpl.submitClientRequestAsync(RaftServerImpl.java:930)
	at org.apache.ratis.server.impl.RaftServerImpl.lambda$null$11(RaftServerImpl.java:919)
	at org.apache.ratis.util.JavaUtils.callAsUnchecked(JavaUtils.java:118)
	at org.apache.ratis.server.impl.RaftServerImpl.lambda$executeSubmitClientRequestAsync$12(RaftServerImpl.java:919)
	at java.base/java.util.concurrent.CompletableFuture$AsyncSupply.run(CompletableFuture.java:1768)
	at java.base/java.util.concurrent.ThreadPoolExecutor.runWorker(ThreadPoolExecutor.java:1144)
	at java.base/java.util.concurrent.ThreadPoolExecutor$Worker.run(ThreadPoolExecutor.java:642)
	at java.base/java.lang.Thread.run(Thread.java:1583)
2025-07-15 19:44:57,502 [5109dbd0-88b3-4954-9428-6522438831f5-ContainerOp-e1e3f51c-eee6-43c8-a25e-6e557299ae72-0] INFO  keyvalue.KeyValueContainer (KeyValueContainer.java:flushAndSyncDB(514)) - Synced container: KeyValueContainerData #4 (CLOSING, non-empty, ri=0, origin=[dn_5109dbd0-88b3-4954-9428-6522438831f5, pipeline_e1e3f51c-eee6-43c8-a25e-6e557299ae72])
2025-07-15 19:44:57,503 [5109dbd0-88b3-4954-9428-6522438831f5-ContainerOp-e1e3f51c-eee6-43c8-a25e-6e557299ae72-0] INFO  keyvalue.KeyValueContainer (KeyValueContainer.java:flushAndSyncDB(514)) - Synced container: KeyValueContainerData #4 (CLOSING, non-empty, ri=0, origin=[dn_5109dbd0-88b3-4954-9428-6522438831f5, pipeline_e1e3f51c-eee6-43c8-a25e-6e557299ae72])
2025-07-15 19:44:57,503 [FixedThreadPoolWithAffinityExecutor-1-0] INFO  container.IncrementalContainerReportHandler (AbstractContainerReportHandler.java:updateContainerState(253)) - FINALIZE (i.e. CLOSING) Container #4 (OPEN, sid=5) r0 (CLOSING, bcsid=5, origin=5109dbd0-88b3-4954-9428-6522438831f5, non-empty) from dn 5109dbd0-88b3-4954-9428-6522438831f5(localhost/127.0.0.1)
2025-07-15T19:44:57.503721626Z 5109dbd0-88b3-4954-9428-6522438831f5-client-thread3 ERROR user=null | ip=null | op=WRITE_CHUNK {blockData=conID: 4 locID: 115816896921600004 bcsId: 0 replicaIndex: null, offset=0, size=5} | ret=FAILURE
org.apache.hadoop.hdds.scm.container.common.helpers.ContainerNotOpenException: Container 4 in CLOSED state
	at org.apache.hadoop.ozone.container.common.impl.HddsDispatcher.validateContainerCommand(HddsDispatcher.java:580)
	at org.apache.hadoop.ozone.container.common.transport.server.ratis.ContainerStateMachine.startTransaction(ContainerStateMachine.java:488)
	at org.apache.ratis.server.impl.RaftServerImpl.writeAsyncImpl(RaftServerImpl.java:987)
	at org.apache.ratis.server.impl.RaftServerImpl.writeAsync(RaftServerImpl.java:960)
	at org.apache.ratis.server.impl.RaftServerImpl.replyFuture(RaftServerImpl.java:953)
	at org.apache.ratis.server.impl.RaftServerImpl.submitClientRequestAsync(RaftServerImpl.java:930)
	at org.apache.ratis.server.impl.RaftServerImpl.lambda$null$11(RaftServerImpl.java:919)
	at org.apache.ratis.util.JavaUtils.callAsUnchecked(JavaUtils.java:118)
	at org.apache.ratis.server.impl.RaftServerImpl.lambda$executeSubmitClientRequestAsync$12(RaftServerImpl.java:919)
	at java.base/java.util.concurrent.CompletableFuture$AsyncSupply.run(CompletableFuture.java:1768)
	at java.base/java.util.concurrent.ThreadPoolExecutor.runWorker(ThreadPoolExecutor.java:1144)
	at java.base/java.util.concurrent.ThreadPoolExecutor$Worker.run(ThreadPoolExecutor.java:642)
	at java.base/java.lang.Thread.run(Thread.java:1583)
2025-07-15T19:44:57.504404324Z 5109dbd0-88b3-4954-9428-6522438831f5-client-thread3 ERROR user=null | ip=null | op=WRITE_CHUNK {blockData=conID: 4 locID: 115816896921600004 bcsId: 0 replicaIndex: null, offset=0, size=5} | ret=FAILURE
org.apache.hadoop.hdds.scm.container.common.helpers.ContainerNotOpenException: Container 4 in CLOSED state
	at org.apache.hadoop.ozone.container.common.impl.HddsDispatcher.validateContainerCommand(HddsDispatcher.java:580)
	at org.apache.hadoop.ozone.container.common.transport.server.ratis.ContainerStateMachine.startTransaction(ContainerStateMachine.java:488)
	at org.apache.ratis.server.impl.RaftServerImpl.writeAsyncImpl(RaftServerImpl.java:987)
	at org.apache.ratis.server.impl.RaftServerImpl.writeAsync(RaftServerImpl.java:960)
	at org.apache.ratis.server.impl.RaftServerImpl.replyFuture(RaftServerImpl.java:953)
	at org.apache.ratis.server.impl.RaftServerImpl.submitClientRequestAsync(RaftServerImpl.java:930)
	at org.apache.ratis.server.impl.RaftServerImpl.lambda$null$11(RaftServerImpl.java:919)
	at org.apache.ratis.util.JavaUtils.callAsUnchecked(JavaUtils.java:118)
	at org.apache.ratis.server.impl.RaftServerImpl.lambda$executeSubmitClientRequestAsync$12(RaftServerImpl.java:919)
	at java.base/java.util.concurrent.CompletableFuture$AsyncSupply.run(CompletableFuture.java:1768)
	at java.base/java.util.concurrent.ThreadPoolExecutor.runWorker(ThreadPoolExecutor.java:1144)
	at java.base/java.util.concurrent.ThreadPoolExecutor$Worker.run(ThreadPoolExecutor.java:642)
	at java.base/java.lang.Thread.run(Thread.java:1583)
2025-07-15T19:44:57.505094847Z 5109dbd0-88b3-4954-9428-6522438831f5-client-thread3 ERROR user=null | ip=null | op=WRITE_CHUNK {blockData=conID: 4 locID: 115816896921600004 bcsId: 0 replicaIndex: null, offset=0, size=5} | ret=FAILURE
org.apache.hadoop.hdds.scm.container.common.helpers.ContainerNotOpenException: Container 4 in CLOSED state
	at org.apache.hadoop.ozone.container.common.impl.HddsDispatcher.validateContainerCommand(HddsDispatcher.java:580)
	at org.apache.hadoop.ozone.container.common.transport.server.ratis.ContainerStateMachine.startTransaction(ContainerStateMachine.java:488)
	at org.apache.ratis.server.impl.RaftServerImpl.writeAsyncImpl(RaftServerImpl.java:987)
	at org.apache.ratis.server.impl.RaftServerImpl.writeAsync(RaftServerImpl.java:960)
	at org.apache.ratis.server.impl.RaftServerImpl.replyFuture(RaftServerImpl.java:953)
	at org.apache.ratis.server.impl.RaftServerImpl.submitClientRequestAsync(RaftServerImpl.java:930)
	at org.apache.ratis.server.impl.RaftServerImpl.lambda$null$11(RaftServerImpl.java:919)
	at org.apache.ratis.util.JavaUtils.callAsUnchecked(JavaUtils.java:118)
	at org.apache.ratis.server.impl.RaftServerImpl.lambda$executeSubmitClientRequestAsync$12(RaftServerImpl.java:919)
	at java.base/java.util.concurrent.CompletableFuture$AsyncSupply.run(CompletableFuture.java:1768)
	at java.base/java.util.concurrent.ThreadPoolExecutor.runWorker(ThreadPoolExecutor.java:1144)
	at java.base/java.util.concurrent.ThreadPoolExecutor$Worker.run(ThreadPoolExecutor.java:642)
	at java.base/java.lang.Thread.run(Thread.java:1583)
2025-07-15T19:44:57.505840783Z 5109dbd0-88b3-4954-9428-6522438831f5-client-thread3 ERROR user=null | ip=null | op=WRITE_CHUNK {blockData=conID: 4 locID: 115816896921600004 bcsId: 0 replicaIndex: null, offset=0, size=5} | ret=FAILURE
org.apache.hadoop.hdds.scm.container.common.helpers.ContainerNotOpenException: Container 4 in CLOSED state
	at org.apache.hadoop.ozone.container.common.impl.HddsDispatcher.validateContainerCommand(HddsDispatcher.java:580)
	at org.apache.hadoop.ozone.container.common.transport.server.ratis.ContainerStateMachine.startTransaction(ContainerStateMachine.java:488)
	at org.apache.ratis.server.impl.RaftServerImpl.writeAsyncImpl(RaftServerImpl.java:987)
	at org.apache.ratis.server.impl.RaftServerImpl.writeAsync(RaftServerImpl.java:960)
	at org.apache.ratis.server.impl.RaftServerImpl.replyFuture(RaftServerImpl.java:953)
	at org.apache.ratis.server.impl.RaftServerImpl.submitClientRequestAsync(RaftServerImpl.java:930)
	at org.apache.ratis.server.impl.RaftServerImpl.lambda$null$11(RaftServerImpl.java:919)
	at org.apache.ratis.util.JavaUtils.callAsUnchecked(JavaUtils.java:118)
	at org.apache.ratis.server.impl.RaftServerImpl.lambda$executeSubmitClientRequestAsync$12(RaftServerImpl.java:919)
	at java.base/java.util.concurrent.CompletableFuture$AsyncSupply.run(CompletableFuture.java:1768)
	at java.base/java.util.concurrent.ThreadPoolExecutor.runWorker(ThreadPoolExecutor.java:1144)
	at java.base/java.util.concurrent.ThreadPoolExecutor$Worker.run(ThreadPoolExecutor.java:642)
	at java.base/java.lang.Thread.run(Thread.java:1583)
2025-07-15T19:44:57.506500389Z 5109dbd0-88b3-4954-9428-6522438831f5-client-thread3 ERROR user=null | ip=null | op=WRITE_CHUNK {blockData=conID: 4 locID: 115816896921600004 bcsId: 0 replicaIndex: null, offset=0, size=5} | ret=FAILURE
org.apache.hadoop.hdds.scm.container.common.helpers.ContainerNotOpenException: Container 4 in CLOSED state
	at org.apache.hadoop.ozone.container.common.impl.HddsDispatcher.validateContainerCommand(HddsDispatcher.java:580)
	at org.apache.hadoop.ozone.container.common.transport.server.ratis.ContainerStateMachine.startTransaction(ContainerStateMachine.java:488)
	at org.apache.ratis.server.impl.RaftServerImpl.writeAsyncImpl(RaftServerImpl.java:987)
	at org.apache.ratis.server.impl.RaftServerImpl.writeAsync(RaftServerImpl.java:960)
	at org.apache.ratis.server.impl.RaftServerImpl.replyFuture(RaftServerImpl.java:953)
	at org.apache.ratis.server.impl.RaftServerImpl.submitClientRequestAsync(RaftServerImpl.java:930)
	at org.apache.ratis.server.impl.RaftServerImpl.lambda$null$11(RaftServerImpl.java:919)
	at org.apache.ratis.util.JavaUtils.callAsUnchecked(JavaUtils.java:118)
	at org.apache.ratis.server.impl.RaftServerImpl.lambda$executeSubmitClientRequestAsync$12(RaftServerImpl.java:919)
	at java.base/java.util.concurrent.CompletableFuture$AsyncSupply.run(CompletableFuture.java:1768)
	at java.base/java.util.concurrent.ThreadPoolExecutor.runWorker(ThreadPoolExecutor.java:1144)
	at java.base/java.util.concurrent.ThreadPoolExecutor$Worker.run(ThreadPoolExecutor.java:642)
	at java.base/java.lang.Thread.run(Thread.java:1583)
2025-07-15T19:44:57.507248108Z 5109dbd0-88b3-4954-9428-6522438831f5-client-thread3 ERROR user=null | ip=null | op=WRITE_CHUNK {blockData=conID: 4 locID: 115816896921600004 bcsId: 0 replicaIndex: null, offset=0, size=5} | ret=FAILURE
org.apache.hadoop.hdds.scm.container.common.helpers.ContainerNotOpenException: Container 4 in CLOSED state
	at org.apache.hadoop.ozone.container.common.impl.HddsDispatcher.validateContainerCommand(HddsDispatcher.java:580)
	at org.apache.hadoop.ozone.container.common.transport.server.ratis.ContainerStateMachine.startTransaction(ContainerStateMachine.java:488)
	at org.apache.ratis.server.impl.RaftServerImpl.writeAsyncImpl(RaftServerImpl.java:987)
	at org.apache.ratis.server.impl.RaftServerImpl.writeAsync(RaftServerImpl.java:960)
	at org.apache.ratis.server.impl.RaftServerImpl.replyFuture(RaftServerImpl.java:953)
	at org.apache.ratis.server.impl.RaftServerImpl.submitClientRequestAsync(RaftServerImpl.java:930)
	at org.apache.ratis.server.impl.RaftServerImpl.lambda$null$11(RaftServerImpl.java:919)
	at org.apache.ratis.util.JavaUtils.callAsUnchecked(JavaUtils.java:118)
	at org.apache.ratis.server.impl.RaftServerImpl.lambda$executeSubmitClientRequestAsync$12(RaftServerImpl.java:919)
	at java.base/java.util.concurrent.CompletableFuture$AsyncSupply.run(CompletableFuture.java:1768)
	at java.base/java.util.concurrent.ThreadPoolExecutor.runWorker(ThreadPoolExecutor.java:1144)
	at java.base/java.util.concurrent.ThreadPoolExecutor$Worker.run(ThreadPoolExecutor.java:642)
	at java.base/java.lang.Thread.run(Thread.java:1583)
2025-07-15T19:44:57.507933060Z 5109dbd0-88b3-4954-9428-6522438831f5-client-thread3 ERROR user=null | ip=null | op=WRITE_CHUNK {blockData=conID: 4 locID: 115816896921600004 bcsId: 0 replicaIndex: null, offset=0, size=5} | ret=FAILURE
org.apache.hadoop.hdds.scm.container.common.helpers.ContainerNotOpenException: Container 4 in CLOSED state
	at org.apache.hadoop.ozone.container.common.impl.HddsDispatcher.validateContainerCommand(HddsDispatcher.java:580)
	at org.apache.hadoop.ozone.container.common.transport.server.ratis.ContainerStateMachine.startTransaction(ContainerStateMachine.java:488)
	at org.apache.ratis.server.impl.RaftServerImpl.writeAsyncImpl(RaftServerImpl.java:987)
	at org.apache.ratis.server.impl.RaftServerImpl.writeAsync(RaftServerImpl.java:960)
	at org.apache.ratis.server.impl.RaftServerImpl.replyFuture(RaftServerImpl.java:953)
	at org.apache.ratis.server.impl.RaftServerImpl.submitClientRequestAsync(RaftServerImpl.java:930)
	at org.apache.ratis.server.impl.RaftServerImpl.lambda$null$11(RaftServerImpl.java:919)
	at org.apache.ratis.util.JavaUtils.callAsUnchecked(JavaUtils.java:118)
	at org.apache.ratis.server.impl.RaftServerImpl.lambda$executeSubmitClientRequestAsync$12(RaftServerImpl.java:919)
	at java.base/java.util.concurrent.CompletableFuture$AsyncSupply.run(CompletableFuture.java:1768)
	at java.base/java.util.concurrent.ThreadPoolExecutor.runWorker(ThreadPoolExecutor.java:1144)
	at java.base/java.util.concurrent.ThreadPoolExecutor$Worker.run(ThreadPoolExecutor.java:642)
	at java.base/java.lang.Thread.run(Thread.java:1583)
2025-07-15T19:44:57.508648199Z 5109dbd0-88b3-4954-9428-6522438831f5-client-thread3 ERROR user=null | ip=null | op=WRITE_CHUNK {blockData=conID: 4 locID: 115816896921600004 bcsId: 0 replicaIndex: null, offset=0, size=5} | ret=FAILURE
org.apache.hadoop.hdds.scm.container.common.helpers.ContainerNotOpenException: Container 4 in CLOSED state
	at org.apache.hadoop.ozone.container.common.impl.HddsDispatcher.validateContainerCommand(HddsDispatcher.java:580)
	at org.apache.hadoop.ozone.container.common.transport.server.ratis.ContainerStateMachine.startTransaction(ContainerStateMachine.java:488)
	at org.apache.ratis.server.impl.RaftServerImpl.writeAsyncImpl(RaftServerImpl.java:987)
	at org.apache.ratis.server.impl.RaftServerImpl.writeAsync(RaftServerImpl.java:960)
	at org.apache.ratis.server.impl.RaftServerImpl.replyFuture(RaftServerImpl.java:953)
	at org.apache.ratis.server.impl.RaftServerImpl.submitClientRequestAsync(RaftServerImpl.java:930)
	at org.apache.ratis.server.impl.RaftServerImpl.lambda$null$11(RaftServerImpl.java:919)
	at org.apache.ratis.util.JavaUtils.callAsUnchecked(JavaUtils.java:118)
	at org.apache.ratis.server.impl.RaftServerImpl.lambda$executeSubmitClientRequestAsync$12(RaftServerImpl.java:919)
	at java.base/java.util.concurrent.CompletableFuture$AsyncSupply.run(CompletableFuture.java:1768)
	at java.base/java.util.concurrent.ThreadPoolExecutor.runWorker(ThreadPoolExecutor.java:1144)
	at java.base/java.util.concurrent.ThreadPoolExecutor$Worker.run(ThreadPoolExecutor.java:642)
	at java.base/java.lang.Thread.run(Thread.java:1583)
2025-07-15T19:44:57.509327651Z 5109dbd0-88b3-4954-9428-6522438831f5-client-thread3 ERROR user=null | ip=null | op=WRITE_CHUNK {blockData=conID: 4 locID: 115816896921600004 bcsId: 0 replicaIndex: null, offset=0, size=5} | ret=FAILURE
org.apache.hadoop.hdds.scm.container.common.helpers.ContainerNotOpenException: Container 4 in CLOSED state
	at org.apache.hadoop.ozone.container.common.impl.HddsDispatcher.validateContainerCommand(HddsDispatcher.java:580)
	at org.apache.hadoop.ozone.container.common.transport.server.ratis.ContainerStateMachine.startTransaction(ContainerStateMachine.java:488)
	at org.apache.ratis.server.impl.RaftServerImpl.writeAsyncImpl(RaftServerImpl.java:987)
	at org.apache.ratis.server.impl.RaftServerImpl.writeAsync(RaftServerImpl.java:960)
	at org.apache.ratis.server.impl.RaftServerImpl.replyFuture(RaftServerImpl.java:953)
	at org.apache.ratis.server.impl.RaftServerImpl.submitClientRequestAsync(RaftServerImpl.java:930)
	at org.apache.ratis.server.impl.RaftServerImpl.lambda$null$11(RaftServerImpl.java:919)
	at org.apache.ratis.util.JavaUtils.callAsUnchecked(JavaUtils.java:118)
	at org.apache.ratis.server.impl.RaftServerImpl.lambda$executeSubmitClientRequestAsync$12(RaftServerImpl.java:919)
	at java.base/java.util.concurrent.CompletableFuture$AsyncSupply.run(CompletableFuture.java:1768)
	at java.base/java.util.concurrent.ThreadPoolExecutor.runWorker(ThreadPoolExecutor.java:1144)
	at java.base/java.util.concurrent.ThreadPoolExecutor$Worker.run(ThreadPoolExecutor.java:642)
	at java.base/java.lang.Thread.run(Thread.java:1583)
2025-07-15 19:44:57,509 [5109dbd0-88b3-4954-9428-6522438831f5-ContainerOp-e1e3f51c-eee6-43c8-a25e-6e557299ae72-0] INFO  keyvalue.KeyValueContainer (KeyValueContainer.java:close(430)) - Closed container: KeyValueContainerData #4 (CLOSED, non-empty, ri=0, origin=[dn_5109dbd0-88b3-4954-9428-6522438831f5, pipeline_e1e3f51c-eee6-43c8-a25e-6e557299ae72])
2025-07-15T19:44:57.509969103Z 5109dbd0-88b3-4954-9428-6522438831f5-client-thread3 ERROR user=null | ip=null | op=WRITE_CHUNK {blockData=conID: 4 locID: 115816896921600004 bcsId: 0 replicaIndex: null, offset=0, size=5} | ret=FAILURE
org.apache.hadoop.hdds.scm.container.common.helpers.ContainerNotOpenException: Container 4 in CLOSED state
	at org.apache.hadoop.ozone.container.common.impl.HddsDispatcher.validateContainerCommand(HddsDispatcher.java:580)
	at org.apache.hadoop.ozone.container.common.transport.server.ratis.ContainerStateMachine.startTransaction(ContainerStateMachine.java:488)
	at org.apache.ratis.server.impl.RaftServerImpl.writeAsyncImpl(RaftServerImpl.java:987)
	at org.apache.ratis.server.impl.RaftServerImpl.writeAsync(RaftServerImpl.java:960)
	at org.apache.ratis.server.impl.RaftServerImpl.replyFuture(RaftServerImpl.java:953)
	at org.apache.ratis.server.impl.RaftServerImpl.submitClientRequestAsync(RaftServerImpl.java:930)
	at org.apache.ratis.server.impl.RaftServerImpl.lambda$null$11(RaftServerImpl.java:919)
	at org.apache.ratis.util.JavaUtils.callAsUnchecked(JavaUtils.java:118)
	at org.apache.ratis.server.impl.RaftServerImpl.lambda$executeSubmitClientRequestAsync$12(RaftServerImpl.java:919)
	at java.base/java.util.concurrent.CompletableFuture$AsyncSupply.run(CompletableFuture.java:1768)
	at java.base/java.util.concurrent.ThreadPoolExecutor.runWorker(ThreadPoolExecutor.java:1144)
	at java.base/java.util.concurrent.ThreadPoolExecutor$Worker.run(ThreadPoolExecutor.java:642)
	at java.base/java.lang.Thread.run(Thread.java:1583)
2025-07-15T19:44:57.510656921Z 5109dbd0-88b3-4954-9428-6522438831f5-client-thread2 ERROR user=null | ip=null | op=WRITE_CHUNK {blockData=conID: 4 locID: 115816896921600004 bcsId: 0 replicaIndex: null, offset=0, size=5} | ret=FAILURE
org.apache.hadoop.hdds.scm.container.common.helpers.ContainerNotOpenException: Container 4 in CLOSED state
	at org.apache.hadoop.ozone.container.common.impl.HddsDispatcher.validateContainerCommand(HddsDispatcher.java:580)
	at org.apache.hadoop.ozone.container.common.transport.server.ratis.ContainerStateMachine.startTransaction(ContainerStateMachine.java:488)
	at org.apache.ratis.server.impl.RaftServerImpl.writeAsyncImpl(RaftServerImpl.java:987)
	at org.apache.ratis.server.impl.RaftServerImpl.writeAsync(RaftServerImpl.java:960)
	at org.apache.ratis.server.impl.RaftServerImpl.replyFuture(RaftServerImpl.java:953)
	at org.apache.ratis.server.impl.RaftServerImpl.submitClientRequestAsync(RaftServerImpl.java:930)
	at org.apache.ratis.server.impl.RaftServerImpl.lambda$null$11(RaftServerImpl.java:919)
	at org.apache.ratis.util.JavaUtils.callAsUnchecked(JavaUtils.java:118)
	at org.apache.ratis.server.impl.RaftServerImpl.lambda$executeSubmitClientRequestAsync$12(RaftServerImpl.java:919)
	at java.base/java.util.concurrent.CompletableFuture$AsyncSupply.run(CompletableFuture.java:1768)
	at java.base/java.util.concurrent.ThreadPoolExecutor.runWorker(ThreadPoolExecutor.java:1144)
	at java.base/java.util.concurrent.ThreadPoolExecutor$Worker.run(ThreadPoolExecutor.java:642)
	at java.base/java.lang.Thread.run(Thread.java:1583)
2025-07-15 19:44:57,511 [FixedThreadPoolWithAffinityExecutor-1-0] INFO  container.IncrementalContainerReportHandler (AbstractContainerReportHandler.java:updateContainerState(289)) - CLOSE Container #4 (CLOSING, sid=5) r0 (CLOSED, bcsid=5, origin=5109dbd0-88b3-4954-9428-6522438831f5, non-empty) from dn 5109dbd0-88b3-4954-9428-6522438831f5(localhost/127.0.0.1)
2025-07-15T19:44:57.511731402Z 5109dbd0-88b3-4954-9428-6522438831f5-client-thread2 ERROR user=null | ip=null | op=WRITE_CHUNK {blockData=conID: 4 locID: 115816896921600004 bcsId: 0 replicaIndex: null, offset=0, size=5} | ret=FAILURE
org.apache.hadoop.hdds.scm.container.common.helpers.ContainerNotOpenException: Container 4 in CLOSED state
	at org.apache.hadoop.ozone.container.common.impl.HddsDispatcher.validateContainerCommand(HddsDispatcher.java:580)
	at org.apache.hadoop.ozone.container.common.transport.server.ratis.ContainerStateMachine.startTransaction(ContainerStateMachine.java:488)
	at org.apache.ratis.server.impl.RaftServerImpl.writeAsyncImpl(RaftServerImpl.java:987)
	at org.apache.ratis.server.impl.RaftServerImpl.writeAsync(RaftServerImpl.java:960)
	at org.apache.ratis.server.impl.RaftServerImpl.replyFuture(RaftServerImpl.java:953)
	at org.apache.ratis.server.impl.RaftServerImpl.submitClientRequestAsync(RaftServerImpl.java:930)
	at org.apache.ratis.server.impl.RaftServerImpl.lambda$null$11(RaftServerImpl.java:919)
	at org.apache.ratis.util.JavaUtils.callAsUnchecked(JavaUtils.java:118)
	at org.apache.ratis.server.impl.RaftServerImpl.lambda$executeSubmitClientRequestAsync$12(RaftServerImpl.java:919)
	at java.base/java.util.concurrent.CompletableFuture$AsyncSupply.run(CompletableFuture.java:1768)
	at java.base/java.util.concurrent.ThreadPoolExecutor.runWorker(ThreadPoolExecutor.java:1144)
	at java.base/java.util.concurrent.ThreadPoolExecutor$Worker.run(ThreadPoolExecutor.java:642)
	at java.base/java.lang.Thread.run(Thread.java:1583)
2025-07-15T19:44:57.512332812Z 5109dbd0-88b3-4954-9428-6522438831f5-ContainerOp-e1e3f51c-eee6-43c8-a25e-6e557299ae72-0 ERROR user=null | ip=null | op=WRITE_CHUNK {blockData=conID: 4 locID: 115816896921600004 bcsId: 0 replicaIndex: null, offset=0, size=5, stage=COMMIT_DATA} | ret=FAILURE
java.lang.Exception: Requested operation not allowed as ContainerState is CLOSED
	at org.apache.hadoop.ozone.container.common.impl.HddsDispatcher.dispatchRequest(HddsDispatcher.java:439)
	at org.apache.hadoop.ozone.container.common.impl.HddsDispatcher.lambda$dispatch$1(HddsDispatcher.java:190)
	at org.apache.hadoop.hdds.server.OzoneProtocolMessageDispatcher.processRequest(OzoneProtocolMessageDispatcher.java:87)
	at org.apache.hadoop.ozone.container.common.impl.HddsDispatcher.dispatch(HddsDispatcher.java:189)
	at org.apache.hadoop.ozone.container.common.transport.server.ratis.ContainerStateMachine.dispatchCommand(ContainerStateMachine.java:567)
	at org.apache.hadoop.ozone.container.common.transport.server.ratis.ContainerStateMachine.lambda$applyTransaction$8(ContainerStateMachine.java:1061)
	at org.apache.ratis.util.TaskQueue.lambda$submit$0(TaskQueue.java:121)
	at org.apache.ratis.util.LogUtils.runAndLog(LogUtils.java:38)
	at org.apache.ratis.util.LogUtils$1.run(LogUtils.java:78)
	at java.base/java.util.concurrent.Executors$RunnableAdapter.call(Executors.java:572)
	at java.base/java.util.concurrent.FutureTask.run(FutureTask.java:317)
	at java.base/java.util.concurrent.ThreadPoolExecutor.runWorker(ThreadPoolExecutor.java:1144)
	at java.base/java.util.concurrent.ThreadPoolExecutor$Worker.run(ThreadPoolExecutor.java:642)
	at java.base/java.lang.Thread.run(Thread.java:1583)
2025-07-15 19:44:57,513 [5109dbd0-88b3-4954-9428-6522438831f5@group-6E557299AE72-StateMachineUpdater] INFO  ratis.ContainerStateMachine (ContainerStateMachine.java:takeSnapshot(427)) - group-6E557299AE72: Taking a snapshot at:(t:1, i:96) file /home/runner/work/ozone/ozone/hadoop-ozone/integration-test/target/test-dir/MiniOzoneClusterImpl-7a2c00ee-15e1-4921-aa6b-526c14ec89d8/ozone-meta/datanode-3/ratis/e1e3f51c-eee6-43c8-a25e-6e557299ae72/sm/snapshot.1_96
2025-07-15T19:44:57.514527036Z 5109dbd0-88b3-4954-9428-6522438831f5-client-thread2 ERROR user=null | ip=null | op=WRITE_CHUNK {blockData=conID: 4 locID: 115816896921600004 bcsId: 0 replicaIndex: null, offset=0, size=5} | ret=FAILURE
org.apache.hadoop.hdds.scm.container.common.helpers.ContainerNotOpenException: Container 4 in CLOSED state
	at org.apache.hadoop.ozone.container.common.impl.HddsDispatcher.validateContainerCommand(HddsDispatcher.java:580)
	at org.apache.hadoop.ozone.container.common.transport.server.ratis.ContainerStateMachine.startTransaction(ContainerStateMachine.java:488)
	at org.apache.ratis.server.impl.RaftServerImpl.writeAsyncImpl(RaftServerImpl.java:987)
	at org.apache.ratis.server.impl.RaftServerImpl.writeAsync(RaftServerImpl.java:960)
	at org.apache.ratis.server.impl.RaftServerImpl.replyFuture(RaftServerImpl.java:953)
	at org.apache.ratis.server.impl.RaftServerImpl.submitClientRequestAsync(RaftServerImpl.java:930)
	at org.apache.ratis.server.impl.RaftServerImpl.lambda$null$11(RaftServerImpl.java:919)
	at org.apache.ratis.util.JavaUtils.callAsUnchecked(JavaUtils.java:118)
	at org.apache.ratis.server.impl.RaftServerImpl.lambda$executeSubmitClientRequestAsync$12(RaftServerImpl.java:919)
	at java.base/java.util.concurrent.CompletableFuture$AsyncSupply.run(CompletableFuture.java:1768)
	at java.base/java.util.concurrent.ThreadPoolExecutor.runWorker(ThreadPoolExecutor.java:1144)
	at java.base/java.util.concurrent.ThreadPoolExecutor$Worker.run(ThreadPoolExecutor.java:642)
	at java.base/java.lang.Thread.run(Thread.java:1583)
2025-07-15 19:44:57,514 [5109dbd0-88b3-4954-9428-6522438831f5@group-6E557299AE72-StateMachineUpdater] INFO  ratis.ContainerStateMachine (ContainerStateMachine.java:takeSnapshot(436)) - group-6E557299AE72: Finished taking a snapshot at:(t:1, i:96) file:/home/runner/work/ozone/ozone/hadoop-ozone/integration-test/target/test-dir/MiniOzoneClusterImpl-7a2c00ee-15e1-4921-aa6b-526c14ec89d8/ozone-meta/datanode-3/ratis/e1e3f51c-eee6-43c8-a25e-6e557299ae72/sm/snapshot.1_96 took: 1 ms
2025-07-15 19:44:57,515 [5109dbd0-88b3-4954-9428-6522438831f5@group-6E557299AE72-StateMachineUpdater] INFO  impl.SimpleStateMachineStorage (SimpleStateMachineStorage.java:lambda$cleanupOldSnapshots$1(126)) - Deleting old snapshot at /home/runner/work/ozone/ozone/hadoop-ozone/integration-test/target/test-dir/MiniOzoneClusterImpl-7a2c00ee-15e1-4921-aa6b-526c14ec89d8/ozone-meta/datanode-3/ratis/e1e3f51c-eee6-43c8-a25e-6e557299ae72/sm/snapshot.1_67
2025-07-15 19:44:57,515 [5109dbd0-88b3-4954-9428-6522438831f5@group-6E557299AE72-StateMachineUpdater] INFO  impl.StateMachineUpdater (StateMachineUpdater.java:takeSnapshot(307)) - 5109dbd0-88b3-4954-9428-6522438831f5@group-6E557299AE72-StateMachineUpdater: Took a snapshot at index 96
2025-07-15 19:44:57,515 [5109dbd0-88b3-4954-9428-6522438831f5@group-6E557299AE72-StateMachineUpdater] INFO  impl.StateMachineUpdater (StateMachineUpdater.java:lambda$new$0(101)) - 5109dbd0-88b3-4954-9428-6522438831f5@group-6E557299AE72-StateMachineUpdater: snapshotIndex: updateIncreasingly 92 -> 96
2025-07-15T19:44:57.515956923Z 5109dbd0-88b3-4954-9428-6522438831f5-ContainerOp-e1e3f51c-eee6-43c8-a25e-6e557299ae72-6 ERROR user=null | ip=null | op=WRITE_CHUNK {blockData=conID: 4 locID: 115816896921600004 bcsId: 0 replicaIndex: null, offset=0, size=5, stage=COMMIT_DATA} | ret=FAILURE
java.lang.Exception: Requested operation not allowed as ContainerState is CLOSED
	at org.apache.hadoop.ozone.container.common.impl.HddsDispatcher.dispatchRequest(HddsDispatcher.java:439)
	at org.apache.hadoop.ozone.container.common.impl.HddsDispatcher.lambda$dispatch$1(HddsDispatcher.java:190)
	at org.apache.hadoop.hdds.server.OzoneProtocolMessageDispatcher.processRequest(OzoneProtocolMessageDispatcher.java:87)
	at org.apache.hadoop.ozone.container.common.impl.HddsDispatcher.dispatch(HddsDispatcher.java:189)
	at org.apache.hadoop.ozone.container.common.transport.server.ratis.ContainerStateMachine.dispatchCommand(ContainerStateMachine.java:567)
	at org.apache.hadoop.ozone.container.common.transport.server.ratis.ContainerStateMachine.lambda$applyTransaction$8(ContainerStateMachine.java:1061)
	at org.apache.ratis.util.TaskQueue.lambda$submit$0(TaskQueue.java:121)
	at org.apache.ratis.util.LogUtils.runAndLog(LogUtils.java:38)
	at org.apache.ratis.util.LogUtils$1.run(LogUtils.java:78)
	at java.base/java.util.concurrent.Executors$RunnableAdapter.call(Executors.java:572)
	at java.base/java.util.concurrent.FutureTask.run(FutureTask.java:317)
	at java.base/java.util.concurrent.ThreadPoolExecutor.runWorker(ThreadPoolExecutor.java:1144)
	at java.base/java.util.concurrent.ThreadPoolExecutor$Worker.run(ThreadPoolExecutor.java:642)
	at java.base/java.lang.Thread.run(Thread.java:1583)
2025-07-15T19:44:57.516613552Z 5109dbd0-88b3-4954-9428-6522438831f5-client-thread2 ERROR user=null | ip=null | op=WRITE_CHUNK {blockData=conID: 4 locID: 115816896921600004 bcsId: 0 replicaIndex: null, offset=0, size=5} | ret=FAILURE
org.apache.hadoop.hdds.scm.container.common.helpers.ContainerNotOpenException: Container 4 in CLOSED state
	at org.apache.hadoop.ozone.container.common.impl.HddsDispatcher.validateContainerCommand(HddsDispatcher.java:580)
	at org.apache.hadoop.ozone.container.common.transport.server.ratis.ContainerStateMachine.startTransaction(ContainerStateMachine.java:488)
	at org.apache.ratis.server.impl.RaftServerImpl.writeAsyncImpl(RaftServerImpl.java:987)
	at org.apache.ratis.server.impl.RaftServerImpl.writeAsync(RaftServerImpl.java:960)
	at org.apache.ratis.server.impl.RaftServerImpl.replyFuture(RaftServerImpl.java:953)
	at org.apache.ratis.server.impl.RaftServerImpl.submitClientRequestAsync(RaftServerImpl.java:930)
	at org.apache.ratis.server.impl.RaftServerImpl.lambda$null$11(RaftServerImpl.java:919)
	at org.apache.ratis.util.JavaUtils.callAsUnchecked(JavaUtils.java:118)
	at org.apache.ratis.server.impl.RaftServerImpl.lambda$executeSubmitClientRequestAsync$12(RaftServerImpl.java:919)
	at java.base/java.util.concurrent.CompletableFuture$AsyncSupply.run(CompletableFuture.java:1768)
	at java.base/java.util.concurrent.ThreadPoolExecutor.runWorker(ThreadPoolExecutor.java:1144)
	at java.base/java.util.concurrent.ThreadPoolExecutor$Worker.run(ThreadPoolExecutor.java:642)
	at java.base/java.lang.Thread.run(Thread.java:1583)
2025-07-15T19:44:57.516993979Z 5109dbd0-88b3-4954-9428-6522438831f5-ContainerOp-e1e3f51c-eee6-43c8-a25e-6e557299ae72-5 ERROR user=null | ip=null | op=WRITE_CHUNK {blockData=conID: 4 locID: 115816896921600004 bcsId: 0 replicaIndex: null, offset=0, size=5, stage=COMMIT_DATA} | ret=FAILURE
java.lang.Exception: Requested operation not allowed as ContainerState is CLOSED
	at org.apache.hadoop.ozone.container.common.impl.HddsDispatcher.dispatchRequest(HddsDispatcher.java:439)
	at org.apache.hadoop.ozone.container.common.impl.HddsDispatcher.lambda$dispatch$1(HddsDispatcher.java:190)
	at org.apache.hadoop.hdds.server.OzoneProtocolMessageDispatcher.processRequest(OzoneProtocolMessageDispatcher.java:87)
	at org.apache.hadoop.ozone.container.common.impl.HddsDispatcher.dispatch(HddsDispatcher.java:189)
	at org.apache.hadoop.ozone.container.common.transport.server.ratis.ContainerStateMachine.dispatchCommand(ContainerStateMachine.java:567)
	at org.apache.hadoop.ozone.container.common.transport.server.ratis.ContainerStateMachine.lambda$applyTransaction$8(ContainerStateMachine.java:1061)
	at org.apache.ratis.util.TaskQueue.lambda$submit$0(TaskQueue.java:121)
	at org.apache.ratis.util.LogUtils.runAndLog(LogUtils.java:38)
	at org.apache.ratis.util.LogUtils$1.run(LogUtils.java:78)
	at java.base/java.util.concurrent.Executors$RunnableAdapter.call(Executors.java:572)
	at java.base/java.util.concurrent.FutureTask.run(FutureTask.java:317)
	at java.base/java.util.concurrent.ThreadPoolExecutor.runWorker(ThreadPoolExecutor.java:1144)
	at java.base/java.util.concurrent.ThreadPoolExecutor$Worker.run(ThreadPoolExecutor.java:642)
	at java.base/java.lang.Thread.run(Thread.java:1583)
2025-07-15T19:44:57.517374867Z 5109dbd0-88b3-4954-9428-6522438831f5-ContainerOp-e1e3f51c-eee6-43c8-a25e-6e557299ae72-1 ERROR user=null | ip=null | op=WRITE_CHUNK {blockData=conID: 4 locID: 115816896921600004 bcsId: 0 replicaIndex: null, offset=0, size=5, stage=COMMIT_DATA} | ret=FAILURE
java.lang.Exception: Requested operation not allowed as ContainerState is CLOSED
	at org.apache.hadoop.ozone.container.common.impl.HddsDispatcher.dispatchRequest(HddsDispatcher.java:439)
	at org.apache.hadoop.ozone.container.common.impl.HddsDispatcher.lambda$dispatch$1(HddsDispatcher.java:190)
	at org.apache.hadoop.hdds.server.OzoneProtocolMessageDispatcher.processRequest(OzoneProtocolMessageDispatcher.java:87)
	at org.apache.hadoop.ozone.container.common.impl.HddsDispatcher.dispatch(HddsDispatcher.java:189)
	at org.apache.hadoop.ozone.container.common.transport.server.ratis.ContainerStateMachine.dispatchCommand(ContainerStateMachine.java:567)
	at org.apache.hadoop.ozone.container.common.transport.server.ratis.ContainerStateMachine.lambda$applyTransaction$8(ContainerStateMachine.java:1061)
	at org.apache.ratis.util.TaskQueue.lambda$submit$0(TaskQueue.java:121)
	at org.apache.ratis.util.LogUtils.runAndLog(LogUtils.java:38)
	at org.apache.ratis.util.LogUtils$1.run(LogUtils.java:78)
	at java.base/java.util.concurrent.Executors$RunnableAdapter.call(Executors.java:572)
	at java.base/java.util.concurrent.FutureTask.run(FutureTask.java:317)
	at java.base/java.util.concurrent.ThreadPoolExecutor.runWorker(ThreadPoolExecutor.java:1144)
	at java.base/java.util.concurrent.ThreadPoolExecutor$Worker.run(ThreadPoolExecutor.java:642)
	at java.base/java.lang.Thread.run(Thread.java:1583)
2025-07-15T19:44:57.520230242Z 5109dbd0-88b3-4954-9428-6522438831f5-ContainerOp-e1e3f51c-eee6-43c8-a25e-6e557299ae72-1 ERROR user=null | ip=null | op=WRITE_CHUNK {blockData=conID: 4 locID: 115816896921600004 bcsId: 0 replicaIndex: null, offset=0, size=5, stage=COMMIT_DATA} | ret=FAILURE
java.lang.Exception: Requested operation not allowed as ContainerState is CLOSED
	at org.apache.hadoop.ozone.container.common.impl.HddsDispatcher.dispatchRequest(HddsDispatcher.java:439)
	at org.apache.hadoop.ozone.container.common.impl.HddsDispatcher.lambda$dispatch$1(HddsDispatcher.java:190)
	at org.apache.hadoop.hdds.server.OzoneProtocolMessageDispatcher.processRequest(OzoneProtocolMessageDispatcher.java:87)
	at org.apache.hadoop.ozone.container.common.impl.HddsDispatcher.dispatch(HddsDispatcher.java:189)
	at org.apache.hadoop.ozone.container.common.transport.server.ratis.ContainerStateMachine.dispatchCommand(ContainerStateMachine.java:567)
	at org.apache.hadoop.ozone.container.common.transport.server.ratis.ContainerStateMachine.lambda$applyTransaction$8(ContainerStateMachine.java:1061)
	at org.apache.ratis.util.TaskQueue.lambda$submit$0(TaskQueue.java:121)
	at org.apache.ratis.util.LogUtils.runAndLog(LogUtils.java:38)
	at org.apache.ratis.util.LogUtils$1.run(LogUtils.java:78)
	at java.base/java.util.concurrent.Executors$RunnableAdapter.call(Executors.java:572)
	at java.base/java.util.concurrent.FutureTask.run(FutureTask.java:317)
	at java.base/java.util.concurrent.ThreadPoolExecutor.runWorker(ThreadPoolExecutor.java:1144)
	at java.base/java.util.concurrent.ThreadPoolExecutor$Worker.run(ThreadPoolExecutor.java:642)
	at java.base/java.lang.Thread.run(Thread.java:1583)
2025-07-15T19:44:57.520737815Z 5109dbd0-88b3-4954-9428-6522438831f5-ContainerOp-e1e3f51c-eee6-43c8-a25e-6e557299ae72-1 ERROR user=null | ip=null | op=WRITE_CHUNK {blockData=conID: 4 locID: 115816896921600004 bcsId: 0 replicaIndex: null, offset=0, size=5, stage=COMMIT_DATA} | ret=FAILURE
java.lang.Exception: Requested operation not allowed as ContainerState is CLOSED
	at org.apache.hadoop.ozone.container.common.impl.HddsDispatcher.dispatchRequest(HddsDispatcher.java:439)
	at org.apache.hadoop.ozone.container.common.impl.HddsDispatcher.lambda$dispatch$1(HddsDispatcher.java:190)
	at org.apache.hadoop.hdds.server.OzoneProtocolMessageDispatcher.processRequest(OzoneProtocolMessageDispatcher.java:87)
	at org.apache.hadoop.ozone.container.common.impl.HddsDispatcher.dispatch(HddsDispatcher.java:189)
	at org.apache.hadoop.ozone.container.common.transport.server.ratis.ContainerStateMachine.dispatchCommand(ContainerStateMachine.java:567)
	at org.apache.hadoop.ozone.container.common.transport.server.ratis.ContainerStateMachine.lambda$applyTransaction$8(ContainerStateMachine.java:1061)
	at org.apache.ratis.util.TaskQueue.lambda$submit$0(TaskQueue.java:121)
	at org.apache.ratis.util.LogUtils.runAndLog(LogUtils.java:38)
	at org.apache.ratis.util.LogUtils$1.run(LogUtils.java:78)
	at java.base/java.util.concurrent.Executors$RunnableAdapter.call(Executors.java:572)
	at java.base/java.util.concurrent.FutureTask.run(FutureTask.java:317)
	at java.base/java.util.concurrent.ThreadPoolExecutor.runWorker(ThreadPoolExecutor.java:1144)
	at java.base/java.util.concurrent.ThreadPoolExecutor$Worker.run(ThreadPoolExecutor.java:642)
	at java.base/java.lang.Thread.run(Thread.java:1583)
2025-07-15T19:44:57.520110562Z 5109dbd0-88b3-4954-9428-6522438831f5-client-thread2 ERROR user=null | ip=null | op=WRITE_CHUNK {blockData=conID: 4 locID: 115816896921600004 bcsId: 0 replicaIndex: null, offset=0, size=5} | ret=FAILURE
org.apache.hadoop.hdds.scm.container.common.helpers.ContainerNotOpenException: Container 4 in CLOSED state
	at org.apache.hadoop.ozone.container.common.impl.HddsDispatcher.validateContainerCommand(HddsDispatcher.java:580)
	at org.apache.hadoop.ozone.container.common.transport.server.ratis.ContainerStateMachine.startTransaction(ContainerStateMachine.java:488)
	at org.apache.ratis.server.impl.RaftServerImpl.writeAsyncImpl(RaftServerImpl.java:987)
	at org.apache.ratis.server.impl.RaftServerImpl.writeAsync(RaftServerImpl.java:960)
	at org.apache.ratis.server.impl.RaftServerImpl.replyFuture(RaftServerImpl.java:953)
	at org.apache.ratis.server.impl.RaftServerImpl.submitClientRequestAsync(RaftServerImpl.java:930)
	at org.apache.ratis.server.impl.RaftServerImpl.lambda$null$11(RaftServerImpl.java:919)
	at org.apache.ratis.util.JavaUtils.callAsUnchecked(JavaUtils.java:118)
	at org.apache.ratis.server.impl.RaftServerImpl.lambda$executeSubmitClientRequestAsync$12(RaftServerImpl.java:919)
	at java.base/java.util.concurrent.CompletableFuture$AsyncSupply.run(CompletableFuture.java:1768)
	at java.base/java.util.concurrent.ThreadPoolExecutor.runWorker(ThreadPoolExecutor.java:1144)
	at java.base/java.util.concurrent.ThreadPoolExecutor$Worker.run(ThreadPoolExecutor.java:642)
	at java.base/java.lang.Thread.run(Thread.java:1583)
2025-07-15T19:44:57.522407630Z 5109dbd0-88b3-4954-9428-6522438831f5-client-thread2 ERROR user=null | ip=null | op=WRITE_CHUNK {blockData=conID: 4 locID: 115816896921600004 bcsId: 0 replicaIndex: null, offset=0, size=5} | ret=FAILURE
org.apache.hadoop.hdds.scm.container.common.helpers.ContainerNotOpenException: Container 4 in CLOSED state
	at org.apache.hadoop.ozone.container.common.impl.HddsDispatcher.validateContainerCommand(HddsDispatcher.java:580)
	at org.apache.hadoop.ozone.container.common.transport.server.ratis.ContainerStateMachine.startTransaction(ContainerStateMachine.java:488)
	at org.apache.ratis.server.impl.RaftServerImpl.writeAsyncImpl(RaftServerImpl.java:987)
	at org.apache.ratis.server.impl.RaftServerImpl.writeAsync(RaftServerImpl.java:960)
	at org.apache.ratis.server.impl.RaftServerImpl.replyFuture(RaftServerImpl.java:953)
	at org.apache.ratis.server.impl.RaftServerImpl.submitClientRequestAsync(RaftServerImpl.java:930)
	at org.apache.ratis.server.impl.RaftServerImpl.lambda$null$11(RaftServerImpl.java:919)
	at org.apache.ratis.util.JavaUtils.callAsUnchecked(JavaUtils.java:118)
	at org.apache.ratis.server.impl.RaftServerImpl.lambda$executeSubmitClientRequestAsync$12(RaftServerImpl.java:919)
	at java.base/java.util.concurrent.CompletableFuture$AsyncSupply.run(CompletableFuture.java:1768)
	at java.base/java.util.concurrent.ThreadPoolExecutor.runWorker(ThreadPoolExecutor.java:1144)
	at java.base/java.util.concurrent.ThreadPoolExecutor$Worker.run(ThreadPoolExecutor.java:642)
	at java.base/java.lang.Thread.run(Thread.java:1583)
2025-07-15 19:44:57,526 [pool-213-thread-1] WARN  keyvalue.KeyValueHandler (KeyValueHandler.java:updateAndGetContainerChecksum(1451)) - Container data checksum updated from c25bf9a6 to d062128c
2025-07-15 19:44:57,526 [pool-213-thread-1] ERROR ozoneimpl.OnDemandContainerScanner (ContainerScanHelper.java:handleUnhealthyScanResult(119)) - Corruption detected in container [4]. Marking it UNHEALTHY. Container has 1 error: CORRUPT_CHUNK for file /home/runner/work/ozone/ozone/hadoop-ozone/integration-test/target/test-dir/MiniOzoneClusterImpl-7a2c00ee-15e1-4921-aa6b-526c14ec89d8/ozone-meta/datanode-3/data-0/hdds/7a2c00ee-15e1-4921-aa6b-526c14ec89d8/current/containerDir0/4/chunks/115816896921600004.block with exception: org.apache.hadoop.ozone.common.OzoneChecksumException: Inconsistent read for chunk=ChunkInfo{chunkName='115816896921600004_chunk_1, offset=0, len=5} checksum item 0 expected checksum E8 61 E4 30 actual checksum 36 10 A6 86 for block conID: 4 locID: 115816896921600004 bcsId: 5 replicaIndex: null
2025-07-15 19:44:57,531 [pool-213-thread-1] WARN  keyvalue.KeyValueContainer (KeyValueContainer.java:markContainerUnhealthy(397)) - Marked container UNHEALTHY from CLOSED: KeyValueContainerData #4 (UNHEALTHY, non-empty, ri=0, origin=[dn_5109dbd0-88b3-4954-9428-6522438831f5, pipeline_e1e3f51c-eee6-43c8-a25e-6e557299ae72])
2025-07-15T19:44:57.532318564Z pool-213-thread-1 ERROR ID=4 | Index=0 | BCSID=5 | State=UNHEALTHY | Volume=/home/runner/work/ozone/ozone/hadoop-ozone/integration-test/target/test-dir/MiniOzoneClusterImpl-7a2c00ee-15e1-4921-aa6b-526c14ec89d8/ozone-meta/datanode-3/data-0/hdds | DataChecksum=d062128c | Container has 1 error: CORRUPT_CHUNK for file /home/runner/work/ozone/ozone/hadoop-ozone/integration-test/target/test-dir/MiniOzoneClusterImpl-7a2c00ee-15e1-4921-aa6b-526c14ec89d8/ozone-meta/datanode-3/data-0/hdds/7a2c00ee-15e1-4921-aa6b-526c14ec89d8/current/containerDir0/4/chunks/115816896921600004.block with exception: org.apache.hadoop.ozone.common.OzoneChecksumException: Inconsistent read for chunk=ChunkInfo{chunkName='115816896921600004_chunk_1, offset=0, len=5} checksum item 0 expected checksum E8 61 E4 30 actual checksum 36 10 A6 86 for block conID: 4 locID: 115816896921600004 bcsId: 5 replicaIndex: null2025-07-15 19:44:57,534 [grpc-default-executor-0] ERROR impl.OrderedAsync (OrderedAsync.java:lambda$send$4(181)) - Failed to send request, message=cmdType: WriteChunk
traceID: ""
containerID: 4
datanodeUuid: "5109dbd0-88b3-4954-9428-6522438831f5"
writeChunk {
  blockID {
    containerID: 4
    localID: 115816896921600004
    blockCommitSequenceId: 0
  }
  chunkData {
    chunkName: "115816896921600004.data.0"
    offset: 0
    len: 5
    checksumData {
      type: CRC32
      bytesPerChecksum: 1048576
      checksums: "\261\363\006\""
    }
  }
}
version: 3
, data.size=5
java.util.concurrent.CompletionException: org.apache.ratis.protocol.exceptions.StateMachineException: org.apache.hadoop.hdds.scm.container.common.helpers.ContainerNotOpenException from Server 5109dbd0-88b3-4954-9428-6522438831f5@group-6E557299AE72: Container 4 in CLOSING state
	at org.apache.ratis.client.impl.RaftClientImpl.handleRaftException(RaftClientImpl.java:373)
	at org.apache.ratis.client.impl.OrderedAsync.lambda$send$3(OrderedAsync.java:175)
	at java.base/java.util.concurrent.CompletableFuture$UniApply.tryFire(CompletableFuture.java:646)
	at java.base/java.util.concurrent.CompletableFuture.postComplete(CompletableFuture.java:510)
	at java.base/java.util.concurrent.CompletableFuture.complete(CompletableFuture.java:2179)
	at org.apache.ratis.client.impl.OrderedAsync$PendingOrderedRequest.setReply(OrderedAsync.java:105)
	at org.apache.ratis.client.impl.OrderedAsync$PendingOrderedRequest.setReply(OrderedAsync.java:66)
	at org.apache.ratis.util.SlidingWindow$RequestMap.setReply(SlidingWindow.java:147)
	at org.apache.ratis.util.SlidingWindow$Client.receiveReply(SlidingWindow.java:351)
	at org.apache.ratis.client.impl.OrderedAsync.lambda$sendRequestWithRetry$5(OrderedAsync.java:210)
	at java.base/java.util.concurrent.CompletableFuture$UniAccept.tryFire(CompletableFuture.java:718)
	at java.base/java.util.concurrent.CompletableFuture.postComplete(CompletableFuture.java:510)
	at java.base/java.util.concurrent.CompletableFuture.complete(CompletableFuture.java:2179)
	at org.apache.ratis.grpc.client.GrpcClientProtocolClient$AsyncStreamObservers$1.lambda$onNext$0(GrpcClientProtocolClient.java:325)
	at java.base/java.util.Optional.ifPresent(Optional.java:178)
	at org.apache.ratis.grpc.client.GrpcClientProtocolClient$AsyncStreamObservers.handleReplyFuture(GrpcClientProtocolClient.java:381)
	at org.apache.ratis.grpc.client.GrpcClientProtocolClient$AsyncStreamObservers.access$100(GrpcClientProtocolClient.java:303)
	at org.apache.ratis.grpc.client.GrpcClientProtocolClient$AsyncStreamObservers$1.onNext(GrpcClientProtocolClient.java:325)
	at org.apache.ratis.grpc.client.GrpcClientProtocolClient$AsyncStreamObservers$1.onNext(GrpcClientProtocolClient.java:308)
	at org.apache.ratis.thirdparty.io.grpc.stub.ClientCalls$StreamObserverToCallListenerAdapter.onMessage(ClientCalls.java:551)
	at org.apache.ratis.thirdparty.io.grpc.ForwardingClientCallListener.onMessage(ForwardingClientCallListener.java:33)
	at org.apache.ratis.thirdparty.io.grpc.internal.DelayedClientCall$DelayedListener.onMessage(DelayedClientCall.java:473)
	at org.apache.ratis.thirdparty.io.grpc.internal.ClientCallImpl$ClientStreamListenerImpl$1MessagesAvailable.runInternal(ClientCallImpl.java:661)
	at org.apache.ratis.thirdparty.io.grpc.internal.ClientCallImpl$ClientStreamListenerImpl$1MessagesAvailable.runInContext(ClientCallImpl.java:648)
	at org.apache.ratis.thirdparty.io.grpc.internal.ContextRunnable.run(ContextRunnable.java:37)
	at org.apache.ratis.thirdparty.io.grpc.internal.SerializingExecutor.run(SerializingExecutor.java:133)
	at java.base/java.util.concurrent.ThreadPoolExecutor.runWorker(ThreadPoolExecutor.java:1144)
	at java.base/java.util.concurrent.ThreadPoolExecutor$Worker.run(ThreadPoolExecutor.java:642)
	at java.base/java.lang.Thread.run(Thread.java:1583)
Caused by: org.apache.ratis.protocol.exceptions.StateMachineException: org.apache.hadoop.hdds.scm.container.common.helpers.ContainerNotOpenException from Server 5109dbd0-88b3-4954-9428-6522438831f5@group-6E557299AE72: Container 4 in CLOSING state
	at org.apache.hadoop.ozone.container.common.impl.HddsDispatcher.validateContainerCommand(HddsDispatcher.java:580)
	at org.apache.hadoop.ozone.container.common.transport.server.ratis.ContainerStateMachine.startTransaction(ContainerStateMachine.java:488)
	at org.apache.ratis.server.impl.RaftServerImpl.writeAsyncImpl(RaftServerImpl.java:987)
	at org.apache.ratis.server.impl.RaftServerImpl.writeAsync(RaftServerImpl.java:960)
	at org.apache.ratis.server.impl.RaftServerImpl.replyFuture(RaftServerImpl.java:953)
	at org.apache.ratis.server.impl.RaftServerImpl.submitClientRequestAsync(RaftServerImpl.java:930)
	at org.apache.ratis.server.impl.RaftServerImpl.lambda$null$11(RaftServerImpl.java:919)
	at org.apache.ratis.util.JavaUtils.callAsUnchecked(JavaUtils.java:118)
	at org.apache.ratis.server.impl.RaftServerImpl.lambda$executeSubmitClientRequestAsync$12(RaftServerImpl.java:919)
	at java.base/java.util.concurrent.CompletableFuture$AsyncSupply.run(CompletableFuture.java:1768)
	... 3 more
Caused by: org.apache.hadoop.hdds.scm.container.common.helpers.ContainerNotOpenException: Container 4 in CLOSING state
	at java.base/jdk.internal.reflect.DirectConstructorHandleAccessor.newInstance(DirectConstructorHandleAccessor.java:62)
	at java.base/java.lang.reflect.Constructor.newInstanceWithCaller(Constructor.java:502)
	at java.base/java.lang.reflect.Constructor.newInstance(Constructor.java:486)
	at org.apache.ratis.util.ReflectionUtils.instantiateException(ReflectionUtils.java:265)
	at org.apache.ratis.client.impl.ClientProtoUtils.toStateMachineException(ClientProtoUtils.java:455)
	at org.apache.ratis.client.impl.ClientProtoUtils.toStateMachineException(ClientProtoUtils.java:441)
	at org.apache.ratis.client.impl.ClientProtoUtils.toRaftClientReply(ClientProtoUtils.java:408)
	at org.apache.ratis.grpc.client.GrpcClientProtocolClient$AsyncStreamObservers$1.onNext(GrpcClientProtocolClient.java:313)
	at org.apache.ratis.grpc.client.GrpcClientProtocolClient$AsyncStreamObservers$1.onNext(GrpcClientProtocolClient.java:308)
	at org.apache.ratis.thirdparty.io.grpc.stub.ClientCalls$StreamObserverToCallListenerAdapter.onMessage(ClientCalls.java:551)
	at org.apache.ratis.thirdparty.io.grpc.ForwardingClientCallListener.onMessage(ForwardingClientCallListener.java:33)
	at org.apache.ratis.thirdparty.io.grpc.internal.DelayedClientCall$DelayedListener.onMessage(DelayedClientCall.java:473)
	at org.apache.ratis.thirdparty.io.grpc.internal.ClientCallImpl$ClientStreamListenerImpl$1MessagesAvailable.runInternal(ClientCallImpl.java:661)
	at org.apache.ratis.thirdparty.io.grpc.internal.ClientCallImpl$ClientStreamListenerImpl$1MessagesAvailable.runInContext(ClientCallImpl.java:648)
	at org.apache.ratis.thirdparty.io.grpc.internal.ContextRunnable.run(ContextRunnable.java:37)
	at org.apache.ratis.thirdparty.io.grpc.internal.SerializingExecutor.run(SerializingExecutor.java:133)
	... 3 more
2025-07-15 19:44:57,538 [grpc-default-executor-0] ERROR impl.OrderedAsync (OrderedAsync.java:lambda$send$4(181)) - Failed to send request, message=cmdType: WriteChunk
traceID: ""
containerID: 4
datanodeUuid: "5109dbd0-88b3-4954-9428-6522438831f5"
writeChunk {
  blockID {
    containerID: 4
    localID: 115816896921600004
    blockCommitSequenceId: 0
  }
  chunkData {
    chunkName: "115816896921600004.data.0"
    offset: 0
    len: 5
    checksumData {
      type: CRC32
      bytesPerChecksum: 1048576
      checksums: "\r\a\236\266"
    }
  }
}
version: 3
, data.size=5
java.util.concurrent.CompletionException: org.apache.ratis.protocol.exceptions.StateMachineException: org.apache.hadoop.hdds.scm.container.common.helpers.ContainerNotOpenException from Server 5109dbd0-88b3-4954-9428-6522438831f5@group-6E557299AE72: Container 4 in CLOSING state
	at org.apache.ratis.client.impl.RaftClientImpl.handleRaftException(RaftClientImpl.java:373)
	at org.apache.ratis.client.impl.OrderedAsync.lambda$send$3(OrderedAsync.java:175)
	at java.base/java.util.concurrent.CompletableFuture$UniApply.tryFire(CompletableFuture.java:646)
	at java.base/java.util.concurrent.CompletableFuture.postComplete(CompletableFuture.java:510)
	at java.base/java.util.concurrent.CompletableFuture.complete(CompletableFuture.java:2179)
	at org.apache.ratis.client.impl.OrderedAsync$PendingOrderedRequest.setReply(OrderedAsync.java:105)
	at org.apache.ratis.client.impl.OrderedAsync$PendingOrderedRequest.setReply(OrderedAsync.java:66)
	at org.apache.ratis.util.SlidingWindow$RequestMap.setReply(SlidingWindow.java:147)
	at org.apache.ratis.util.SlidingWindow$Client.receiveReply(SlidingWindow.java:351)
	at org.apache.ratis.client.impl.OrderedAsync.lambda$sendRequestWithRetry$5(OrderedAsync.java:210)
	at java.base/java.util.concurrent.CompletableFuture$UniAccept.tryFire(CompletableFuture.java:718)
	at java.base/java.util.concurrent.CompletableFuture.postComplete(CompletableFuture.java:510)
	at java.base/java.util.concurrent.CompletableFuture.complete(CompletableFuture.java:2179)
	at org.apache.ratis.grpc.client.GrpcClientProtocolClient$AsyncStreamObservers$1.lambda$onNext$0(GrpcClientProtocolClient.java:325)
	at java.base/java.util.Optional.ifPresent(Optional.java:178)
	at org.apache.ratis.grpc.client.GrpcClientProtocolClient$AsyncStreamObservers.handleReplyFuture(GrpcClientProtocolClient.java:381)
	at org.apache.ratis.grpc.client.GrpcClientProtocolClient$AsyncStreamObservers.access$100(GrpcClientProtocolClient.java:303)
	at org.apache.ratis.grpc.client.GrpcClientProtocolClient$AsyncStreamObservers$1.onNext(GrpcClientProtocolClient.java:325)
	at org.apache.ratis.grpc.client.GrpcClientProtocolClient$AsyncStreamObservers$1.onNext(GrpcClientProtocolClient.java:308)
	at org.apache.ratis.thirdparty.io.grpc.stub.ClientCalls$StreamObserverToCallListenerAdapter.onMessage(ClientCalls.java:551)
	at org.apache.ratis.thirdparty.io.grpc.ForwardingClientCallListener.onMessage(ForwardingClientCallListener.java:33)
	at org.apache.ratis.thirdparty.io.grpc.internal.DelayedClientCall$DelayedListener.onMessage(DelayedClientCall.java:473)
	at org.apache.ratis.thirdparty.io.grpc.internal.ClientCallImpl$ClientStreamListenerImpl$1MessagesAvailable.runInternal(ClientCallImpl.java:661)
	at org.apache.ratis.thirdparty.io.grpc.internal.ClientCallImpl$ClientStreamListenerImpl$1MessagesAvailable.runInContext(ClientCallImpl.java:648)
	at org.apache.ratis.thirdparty.io.grpc.internal.ContextRunnable.run(ContextRunnable.java:37)
	at org.apache.ratis.thirdparty.io.grpc.internal.SerializingExecutor.run(SerializingExecutor.java:133)
	at java.base/java.util.concurrent.ThreadPoolExecutor.runWorker(ThreadPoolExecutor.java:1144)
	at java.base/java.util.concurrent.ThreadPoolExecutor$Worker.run(ThreadPoolExecutor.java:642)
	at java.base/java.lang.Thread.run(Thread.java:1583)
Caused by: org.apache.ratis.protocol.exceptions.StateMachineException: org.apache.hadoop.hdds.scm.container.common.helpers.ContainerNotOpenException from Server 5109dbd0-88b3-4954-9428-6522438831f5@group-6E557299AE72: Container 4 in CLOSING state
	at org.apache.hadoop.ozone.container.common.impl.HddsDispatcher.validateContainerCommand(HddsDispatcher.java:580)
	at org.apache.hadoop.ozone.container.common.transport.server.ratis.ContainerStateMachine.startTransaction(ContainerStateMachine.java:488)
	at org.apache.ratis.server.impl.RaftServerImpl.writeAsyncImpl(RaftServerImpl.java:987)
	at org.apache.ratis.server.impl.RaftServerImpl.writeAsync(RaftServerImpl.java:960)
	at org.apache.ratis.server.impl.RaftServerImpl.replyFuture(RaftServerImpl.java:953)
	at org.apache.ratis.server.impl.RaftServerImpl.submitClientRequestAsync(RaftServerImpl.java:930)
	at org.apache.ratis.server.impl.RaftServerImpl.lambda$null$11(RaftServerImpl.java:919)
	at org.apache.ratis.util.JavaUtils.callAsUnchecked(JavaUtils.java:118)
	at org.apache.ratis.server.impl.RaftServerImpl.lambda$executeSubmitClientRequestAsync$12(RaftServerImpl.java:919)
	at java.base/java.util.concurrent.CompletableFuture$AsyncSupply.run(CompletableFuture.java:1768)
	... 3 more
Caused by: org.apache.hadoop.hdds.scm.container.common.helpers.ContainerNotOpenException: Container 4 in CLOSING state
	at java.base/jdk.internal.reflect.DirectConstructorHandleAccessor.newInstance(DirectConstructorHandleAccessor.java:62)
	at java.base/java.lang.reflect.Constructor.newInstanceWithCaller(Constructor.java:502)
	at java.base/java.lang.reflect.Constructor.newInstance(Constructor.java:486)
	at org.apache.ratis.util.ReflectionUtils.instantiateException(ReflectionUtils.java:265)
	at org.apache.ratis.client.impl.ClientProtoUtils.toStateMachineException(ClientProtoUtils.java:455)
	at org.apache.ratis.client.impl.ClientProtoUtils.toStateMachineException(ClientProtoUtils.java:441)
	at org.apache.ratis.client.impl.ClientProtoUtils.toRaftClientReply(ClientProtoUtils.java:408)
	at org.apache.ratis.grpc.client.GrpcClientProtocolClient$AsyncStreamObservers$1.onNext(GrpcClientProtocolClient.java:313)
	at org.apache.ratis.grpc.client.GrpcClientProtocolClient$AsyncStreamObservers$1.onNext(GrpcClientProtocolClient.java:308)
	at org.apache.ratis.thirdparty.io.grpc.stub.ClientCalls$StreamObserverToCallListenerAdapter.onMessage(ClientCalls.java:551)
	at org.apache.ratis.thirdparty.io.grpc.ForwardingClientCallListener.onMessage(ForwardingClientCallListener.java:33)
	at org.apache.ratis.thirdparty.io.grpc.internal.DelayedClientCall$DelayedListener.onMessage(DelayedClientCall.java:473)
	at org.apache.ratis.thirdparty.io.grpc.internal.ClientCallImpl$ClientStreamListenerImpl$1MessagesAvailable.runInternal(ClientCallImpl.java:661)
	at org.apache.ratis.thirdparty.io.grpc.internal.ClientCallImpl$ClientStreamListenerImpl$1MessagesAvailable.runInContext(ClientCallImpl.java:648)
	at org.apache.ratis.thirdparty.io.grpc.internal.ContextRunnable.run(ContextRunnable.java:37)
	at org.apache.ratis.thirdparty.io.grpc.internal.SerializingExecutor.run(SerializingExecutor.java:133)
	... 3 more
2025-07-15 19:44:57,544 [grpc-default-executor-0] ERROR impl.OrderedAsync (OrderedAsync.java:lambda$send$4(181)) - Failed to send request, message=cmdType: WriteChunk
traceID: ""
containerID: 4
datanodeUuid: "5109dbd0-88b3-4954-9428-6522438831f5"
writeChunk {
  blockID {
    containerID: 4
    localID: 115816896921600004
    blockCommitSequenceId: 0
  }
  chunkData {
    chunkName: "115816896921600004.data.0"
    offset: 0
    len: 5
    checksumData {
      type: CRC32
      bytesPerChecksum: 1048576
      checksums: "\276\340/\b"
    }
  }
}
version: 3
, data.size=5
java.util.concurrent.CompletionException: org.apache.ratis.protocol.exceptions.StateMachineException: org.apache.hadoop.hdds.scm.container.common.helpers.ContainerNotOpenException from Server 5109dbd0-88b3-4954-9428-6522438831f5@group-6E557299AE72: Container 4 in CLOSING state
	at org.apache.ratis.client.impl.RaftClientImpl.handleRaftException(RaftClientImpl.java:373)
	at org.apache.ratis.client.impl.OrderedAsync.lambda$send$3(OrderedAsync.java:175)
	at java.base/java.util.concurrent.CompletableFuture$UniApply.tryFire(CompletableFuture.java:646)
	at java.base/java.util.concurrent.CompletableFuture.postComplete(CompletableFuture.java:510)
	at java.base/java.util.concurrent.CompletableFuture.complete(CompletableFuture.java:2179)
	at org.apache.ratis.client.impl.OrderedAsync$PendingOrderedRequest.setReply(OrderedAsync.java:105)
	at org.apache.ratis.client.impl.OrderedAsync$PendingOrderedRequest.setReply(OrderedAsync.java:66)
	at org.apache.ratis.util.SlidingWindow$RequestMap.setReply(SlidingWindow.java:147)
	at org.apache.ratis.util.SlidingWindow$Client.receiveReply(SlidingWindow.java:351)
	at org.apache.ratis.client.impl.OrderedAsync.lambda$sendRequestWithRetry$5(OrderedAsync.java:210)
	at java.base/java.util.concurrent.CompletableFuture$UniAccept.tryFire(CompletableFuture.java:718)
	at java.base/java.util.concurrent.CompletableFuture.postComplete(CompletableFuture.java:510)
	at java.base/java.util.concurrent.CompletableFuture.complete(CompletableFuture.java:2179)
	at org.apache.ratis.grpc.client.GrpcClientProtocolClient$AsyncStreamObservers$1.lambda$onNext$0(GrpcClientProtocolClient.java:325)
	at java.base/java.util.Optional.ifPresent(Optional.java:178)
	at org.apache.ratis.grpc.client.GrpcClientProtocolClient$AsyncStreamObservers.handleReplyFuture(GrpcClientProtocolClient.java:381)
	at org.apache.ratis.grpc.client.GrpcClientProtocolClient$AsyncStreamObservers.access$100(GrpcClientProtocolClient.java:303)
	at org.apache.ratis.grpc.client.GrpcClientProtocolClient$AsyncStreamObservers$1.onNext(GrpcClientProtocolClient.java:325)
	at org.apache.ratis.grpc.client.GrpcClientProtocolClient$AsyncStreamObservers$1.onNext(GrpcClientProtocolClient.java:308)
	at org.apache.ratis.thirdparty.io.grpc.stub.ClientCalls$StreamObserverToCallListenerAdapter.onMessage(ClientCalls.java:551)
	at org.apache.ratis.thirdparty.io.grpc.ForwardingClientCallListener.onMessage(ForwardingClientCallListener.java:33)
	at org.apache.ratis.thirdparty.io.grpc.internal.DelayedClientCall$DelayedListener.onMessage(DelayedClientCall.java:473)
	at org.apache.ratis.thirdparty.io.grpc.internal.ClientCallImpl$ClientStreamListenerImpl$1MessagesAvailable.runInternal(ClientCallImpl.java:661)
	at org.apache.ratis.thirdparty.io.grpc.internal.ClientCallImpl$ClientStreamListenerImpl$1MessagesAvailable.runInContext(ClientCallImpl.java:648)
	at org.apache.ratis.thirdparty.io.grpc.internal.ContextRunnable.run(ContextRunnable.java:37)
	at org.apache.ratis.thirdparty.io.grpc.internal.SerializingExecutor.run(SerializingExecutor.java:133)
	at java.base/java.util.concurrent.ThreadPoolExecutor.runWorker(ThreadPoolExecutor.java:1144)
	at java.base/java.util.concurrent.ThreadPoolExecutor$Worker.run(ThreadPoolExecutor.java:642)
	at java.base/java.lang.Thread.run(Thread.java:1583)
Caused by: org.apache.ratis.protocol.exceptions.StateMachineException: org.apache.hadoop.hdds.scm.container.common.helpers.ContainerNotOpenException from Server 5109dbd0-88b3-4954-9428-6522438831f5@group-6E557299AE72: Container 4 in CLOSING state
	at org.apache.hadoop.ozone.container.common.impl.HddsDispatcher.validateContainerCommand(HddsDispatcher.java:580)
	at org.apache.hadoop.ozone.container.common.transport.server.ratis.ContainerStateMachine.startTransaction(ContainerStateMachine.java:488)
	at org.apache.ratis.server.impl.RaftServerImpl.writeAsyncImpl(RaftServerImpl.java:987)
	at org.apache.ratis.server.impl.RaftServerImpl.writeAsync(RaftServerImpl.java:960)
	at org.apache.ratis.server.impl.RaftServerImpl.replyFuture(RaftServerImpl.java:953)
	at org.apache.ratis.server.impl.RaftServerImpl.submitClientRequestAsync(RaftServerImpl.java:930)
	at org.apache.ratis.server.impl.RaftServerImpl.lambda$null$11(RaftServerImpl.java:919)
	at org.apache.ratis.util.JavaUtils.callAsUnchecked(JavaUtils.java:118)
	at org.apache.ratis.server.impl.RaftServerImpl.lambda$executeSubmitClientRequestAsync$12(RaftServerImpl.java:919)
	at java.base/java.util.concurrent.CompletableFuture$AsyncSupply.run(CompletableFuture.java:1768)
	... 3 more
Caused by: org.apache.hadoop.hdds.scm.container.common.helpers.ContainerNotOpenException: Container 4 in CLOSING state
	at java.base/jdk.internal.reflect.DirectConstructorHandleAccessor.newInstance(DirectConstructorHandleAccessor.java:62)
	at java.base/java.lang.reflect.Constructor.newInstanceWithCaller(Constructor.java:502)
	at java.base/java.lang.reflect.Constructor.newInstance(Constructor.java:486)
	at org.apache.ratis.util.ReflectionUtils.instantiateException(ReflectionUtils.java:265)
	at org.apache.ratis.client.impl.ClientProtoUtils.toStateMachineException(ClientProtoUtils.java:455)
	at org.apache.ratis.client.impl.ClientProtoUtils.toStateMachineException(ClientProtoUtils.java:441)
	at org.apache.ratis.client.impl.ClientProtoUtils.toRaftClientReply(ClientProtoUtils.java:408)
	at org.apache.ratis.grpc.client.GrpcClientProtocolClient$AsyncStreamObservers$1.onNext(GrpcClientProtocolClient.java:313)
	at org.apache.ratis.grpc.client.GrpcClientProtocolClient$AsyncStreamObservers$1.onNext(GrpcClientProtocolClient.java:308)
	at org.apache.ratis.thirdparty.io.grpc.stub.ClientCalls$StreamObserverToCallListenerAdapter.onMessage(ClientCalls.java:551)
	at org.apache.ratis.thirdparty.io.grpc.ForwardingClientCallListener.onMessage(ForwardingClientCallListener.java:33)
	at org.apache.ratis.thirdparty.io.grpc.internal.DelayedClientCall$DelayedListener.onMessage(DelayedClientCall.java:473)
	at org.apache.ratis.thirdparty.io.grpc.internal.ClientCallImpl$ClientStreamListenerImpl$1MessagesAvailable.runInternal(ClientCallImpl.java:661)
	at org.apache.ratis.thirdparty.io.grpc.internal.ClientCallImpl$ClientStreamListenerImpl$1MessagesAvailable.runInContext(ClientCallImpl.java:648)
	at org.apache.ratis.thirdparty.io.grpc.internal.ContextRunnable.run(ContextRunnable.java:37)
	at org.apache.ratis.thirdparty.io.grpc.internal.SerializingExecutor.run(SerializingExecutor.java:133)
	... 3 more
2025-07-15 19:44:57,546 [grpc-default-executor-0] ERROR impl.OrderedAsync (OrderedAsync.java:lambda$send$4(181)) - Failed to send request, message=cmdType: WriteChunk
traceID: ""
containerID: 4
datanodeUuid: "5109dbd0-88b3-4954-9428-6522438831f5"
writeChunk {
  blockID {
    containerID: 4
    localID: 115816896921600004
    blockCommitSequenceId: 0
  }
  chunkData {
    chunkName: "115816896921600004.data.0"
    offset: 0
    len: 5
    checksumData {
      type: CRC32
      bytesPerChecksum: 1048576
      checksums: "\222\276Gd"
    }
  }
}
version: 3
, data.size=5
java.util.concurrent.CompletionException: org.apache.ratis.protocol.exceptions.StateMachineException: org.apache.hadoop.hdds.scm.container.common.helpers.ContainerNotOpenException from Server 5109dbd0-88b3-4954-9428-6522438831f5@group-6E557299AE72: Container 4 in CLOSING state
	at org.apache.ratis.client.impl.RaftClientImpl.handleRaftException(RaftClientImpl.java:373)
	at org.apache.ratis.client.impl.OrderedAsync.lambda$send$3(OrderedAsync.java:175)
	at java.base/java.util.concurrent.CompletableFuture$UniApply.tryFire(CompletableFuture.java:646)
	at java.base/java.util.concurrent.CompletableFuture.postComplete(CompletableFuture.java:510)
	at java.base/java.util.concurrent.CompletableFuture.complete(CompletableFuture.java:2179)
	at org.apache.ratis.client.impl.OrderedAsync$PendingOrderedRequest.setReply(OrderedAsync.java:105)
	at org.apache.ratis.client.impl.OrderedAsync$PendingOrderedRequest.setReply(OrderedAsync.java:66)
	at org.apache.ratis.util.SlidingWindow$RequestMap.setReply(SlidingWindow.java:147)
	at org.apache.ratis.util.SlidingWindow$Client.receiveReply(SlidingWindow.java:351)
	at org.apache.ratis.client.impl.OrderedAsync.lambda$sendRequestWithRetry$5(OrderedAsync.java:210)
	at java.base/java.util.concurrent.CompletableFuture$UniAccept.tryFire(CompletableFuture.java:718)
	at java.base/java.util.concurrent.CompletableFuture.postComplete(CompletableFuture.java:510)
	at java.base/java.util.concurrent.CompletableFuture.complete(CompletableFuture.java:2179)
	at org.apache.ratis.grpc.client.GrpcClientProtocolClient$AsyncStreamObservers$1.lambda$onNext$0(GrpcClientProtocolClient.java:325)
	at java.base/java.util.Optional.ifPresent(Optional.java:178)
	at org.apache.ratis.grpc.client.GrpcClientProtocolClient$AsyncStreamObservers.handleReplyFuture(GrpcClientProtocolClient.java:381)
	at org.apache.ratis.grpc.client.GrpcClientProtocolClient$AsyncStreamObservers.access$100(GrpcClientProtocolClient.java:303)
	at org.apache.ratis.grpc.client.GrpcClientProtocolClient$AsyncStreamObservers$1.onNext(GrpcClientProtocolClient.java:325)
	at org.apache.ratis.grpc.client.GrpcClientProtocolClient$AsyncStreamObservers$1.onNext(GrpcClientProtocolClient.java:308)
	at org.apache.ratis.thirdparty.io.grpc.stub.ClientCalls$StreamObserverToCallListenerAdapter.onMessage(ClientCalls.java:551)
	at org.apache.ratis.thirdparty.io.grpc.ForwardingClientCallListener.onMessage(ForwardingClientCallListener.java:33)
	at org.apache.ratis.thirdparty.io.grpc.internal.DelayedClientCall$DelayedListener.onMessage(DelayedClientCall.java:473)
	at org.apache.ratis.thirdparty.io.grpc.internal.ClientCallImpl$ClientStreamListenerImpl$1MessagesAvailable.runInternal(ClientCallImpl.java:661)
	at org.apache.ratis.thirdparty.io.grpc.internal.ClientCallImpl$ClientStreamListenerImpl$1MessagesAvailable.runInContext(ClientCallImpl.java:648)
	at org.apache.ratis.thirdparty.io.grpc.internal.ContextRunnable.run(ContextRunnable.java:37)
	at org.apache.ratis.thirdparty.io.grpc.internal.SerializingExecutor.run(SerializingExecutor.java:133)
	at java.base/java.util.concurrent.ThreadPoolExecutor.runWorker(ThreadPoolExecutor.java:1144)
	at java.base/java.util.concurrent.ThreadPoolExecutor$Worker.run(ThreadPoolExecutor.java:642)
	at java.base/java.lang.Thread.run(Thread.java:1583)
Caused by: org.apache.ratis.protocol.exceptions.StateMachineException: org.apache.hadoop.hdds.scm.container.common.helpers.ContainerNotOpenException from Server 5109dbd0-88b3-4954-9428-6522438831f5@group-6E557299AE72: Container 4 in CLOSING state
	at org.apache.hadoop.ozone.container.common.impl.HddsDispatcher.validateContainerCommand(HddsDispatcher.java:580)
	at org.apache.hadoop.ozone.container.common.transport.server.ratis.ContainerStateMachine.startTransaction(ContainerStateMachine.java:488)
	at org.apache.ratis.server.impl.RaftServerImpl.writeAsyncImpl(RaftServerImpl.java:987)
	at org.apache.ratis.server.impl.RaftServerImpl.writeAsync(RaftServerImpl.java:960)
	at org.apache.ratis.server.impl.RaftServerImpl.replyFuture(RaftServerImpl.java:953)
	at org.apache.ratis.server.impl.RaftServerImpl.submitClientRequestAsync(RaftServerImpl.java:930)
	at org.apache.ratis.server.impl.RaftServerImpl.lambda$null$11(RaftServerImpl.java:919)
	at org.apache.ratis.util.JavaUtils.callAsUnchecked(JavaUtils.java:118)
	at org.apache.ratis.server.impl.RaftServerImpl.lambda$executeSubmitClientRequestAsync$12(RaftServerImpl.java:919)
	at java.base/java.util.concurrent.CompletableFuture$AsyncSupply.run(CompletableFuture.java:1768)
	... 3 more
Caused by: org.apache.hadoop.hdds.scm.container.common.helpers.ContainerNotOpenException: Container 4 in CLOSING state
	at java.base/jdk.internal.reflect.DirectConstructorHandleAccessor.newInstance(DirectConstructorHandleAccessor.java:62)
	at java.base/java.lang.reflect.Constructor.newInstanceWithCaller(Constructor.java:502)
	at java.base/java.lang.reflect.Constructor.newInstance(Constructor.java:486)
	at org.apache.ratis.util.ReflectionUtils.instantiateException(ReflectionUtils.java:265)
	at org.apache.ratis.client.impl.ClientProtoUtils.toStateMachineException(ClientProtoUtils.java:455)
	at org.apache.ratis.client.impl.ClientProtoUtils.toStateMachineException(ClientProtoUtils.java:441)
	at org.apache.ratis.client.impl.ClientProtoUtils.toRaftClientReply(ClientProtoUtils.java:408)
	at org.apache.ratis.grpc.client.GrpcClientProtocolClient$AsyncStreamObservers$1.onNext(GrpcClientProtocolClient.java:313)
	at org.apache.ratis.grpc.client.GrpcClientProtocolClient$AsyncStreamObservers$1.onNext(GrpcClientProtocolClient.java:308)
	at org.apache.ratis.thirdparty.io.grpc.stub.ClientCalls$StreamObserverToCallListenerAdapter.onMessage(ClientCalls.java:551)
	at org.apache.ratis.thirdparty.io.grpc.ForwardingClientCallListener.onMessage(ForwardingClientCallListener.java:33)
	at org.apache.ratis.thirdparty.io.grpc.internal.DelayedClientCall$DelayedListener.onMessage(DelayedClientCall.java:473)
	at org.apache.ratis.thirdparty.io.grpc.internal.ClientCallImpl$ClientStreamListenerImpl$1MessagesAvailable.runInternal(ClientCallImpl.java:661)
	at org.apache.ratis.thirdparty.io.grpc.internal.ClientCallImpl$ClientStreamListenerImpl$1MessagesAvailable.runInContext(ClientCallImpl.java:648)
	at org.apache.ratis.thirdparty.io.grpc.internal.ContextRunnable.run(ContextRunnable.java:37)
	at org.apache.ratis.thirdparty.io.grpc.internal.SerializingExecutor.run(SerializingExecutor.java:133)
	... 3 more
2025-07-15T19:44:57.552722004Z 5109dbd0-88b3-4954-9428-6522438831f5-client-thread2 ERROR user=null | ip=null | op=WRITE_CHUNK {blockData=conID: 4 locID: 115816896921600004 bcsId: 0 replicaIndex: null, offset=0, size=5} | ret=FAILURE
org.apache.hadoop.hdds.scm.container.common.helpers.ContainerNotOpenException: Container 4 in UNHEALTHY state
	at org.apache.hadoop.ozone.container.common.impl.HddsDispatcher.validateContainerCommand(HddsDispatcher.java:580)
	at org.apache.hadoop.ozone.container.common.transport.server.ratis.ContainerStateMachine.startTransaction(ContainerStateMachine.java:488)
	at org.apache.ratis.server.impl.RaftServerImpl.writeAsyncImpl(RaftServerImpl.java:987)
	at org.apache.ratis.server.impl.RaftServerImpl.writeAsync(RaftServerImpl.java:960)
	at org.apache.ratis.server.impl.RaftServerImpl.replyFuture(RaftServerImpl.java:953)
	at org.apache.ratis.server.impl.RaftServerImpl.submitClientRequestAsync(RaftServerImpl.java:930)
	at org.apache.ratis.server.impl.RaftServerImpl.lambda$null$11(RaftServerImpl.java:919)
	at org.apache.ratis.util.JavaUtils.callAsUnchecked(JavaUtils.java:118)
	at org.apache.ratis.server.impl.RaftServerImpl.lambda$executeSubmitClientRequestAsync$12(RaftServerImpl.java:919)
	at java.base/java.util.concurrent.CompletableFuture$AsyncSupply.run(CompletableFuture.java:1768)
	at java.base/java.util.concurrent.ThreadPoolExecutor.runWorker(ThreadPoolExecutor.java:1144)
	at java.base/java.util.concurrent.ThreadPoolExecutor$Worker.run(ThreadPoolExecutor.java:642)
	at java.base/java.lang.Thread.run(Thread.java:1583)
2025-07-15 19:44:57,552 [grpc-default-executor-0] ERROR impl.OrderedAsync (OrderedAsync.java:lambda$send$4(181)) - Failed to send request, message=cmdType: WriteChunk
traceID: ""
containerID: 4
datanodeUuid: "5109dbd0-88b3-4954-9428-6522438831f5"
writeChunk {
  blockID {
    containerID: 4
    localID: 115816896921600004
    blockCommitSequenceId: 0
  }
  chunkData {
    chunkName: "115816896921600004.data.0"
    offset: 0
    len: 5
    checksumData {
      type: CRC32
      bytesPerChecksum: 1048576
      checksums: "\362N\320T"
    }
  }
}
version: 3
, data.size=5
java.util.concurrent.CompletionException: org.apache.ratis.protocol.exceptions.StateMachineException: org.apache.hadoop.hdds.scm.container.common.helpers.ContainerNotOpenException from Server 5109dbd0-88b3-4954-9428-6522438831f5@group-6E557299AE72: Container 4 in CLOSING state
	at org.apache.ratis.client.impl.RaftClientImpl.handleRaftException(RaftClientImpl.java:373)
	at org.apache.ratis.client.impl.OrderedAsync.lambda$send$3(OrderedAsync.java:175)
	at java.base/java.util.concurrent.CompletableFuture$UniApply.tryFire(CompletableFuture.java:646)
	at java.base/java.util.concurrent.CompletableFuture.postComplete(CompletableFuture.java:510)
	at java.base/java.util.concurrent.CompletableFuture.complete(CompletableFuture.java:2179)
	at org.apache.ratis.client.impl.OrderedAsync$PendingOrderedRequest.setReply(OrderedAsync.java:105)
	at org.apache.ratis.client.impl.OrderedAsync$PendingOrderedRequest.setReply(OrderedAsync.java:66)
	at org.apache.ratis.util.SlidingWindow$RequestMap.setReply(SlidingWindow.java:147)
	at org.apache.ratis.util.SlidingWindow$Client.receiveReply(SlidingWindow.java:351)
	at org.apache.ratis.client.impl.OrderedAsync.lambda$sendRequestWithRetry$5(OrderedAsync.java:210)
	at java.base/java.util.concurrent.CompletableFuture$UniAccept.tryFire(CompletableFuture.java:718)
	at java.base/java.util.concurrent.CompletableFuture.postComplete(CompletableFuture.java:510)
	at java.base/java.util.concurrent.CompletableFuture.complete(CompletableFuture.java:2179)
	at org.apache.ratis.grpc.client.GrpcClientProtocolClient$AsyncStreamObservers$1.lambda$onNext$0(GrpcClientProtocolClient.java:325)
	at java.base/java.util.Optional.ifPresent(Optional.java:178)
	at org.apache.ratis.grpc.client.GrpcClientProtocolClient$AsyncStreamObservers.handleReplyFuture(GrpcClientProtocolClient.java:381)
	at org.apache.ratis.grpc.client.GrpcClientProtocolClient$AsyncStreamObservers.access$100(GrpcClientProtocolClient.java:303)
	at org.apache.ratis.grpc.client.GrpcClientProtocolClient$AsyncStreamObservers$1.onNext(GrpcClientProtocolClient.java:325)
	at org.apache.ratis.grpc.client.GrpcClientProtocolClient$AsyncStreamObservers$1.onNext(GrpcClientProtocolClient.java:308)
	at org.apache.ratis.thirdparty.io.grpc.stub.ClientCalls$StreamObserverToCallListenerAdapter.onMessage(ClientCalls.java:551)
	at org.apache.ratis.thirdparty.io.grpc.ForwardingClientCallListener.onMessage(ForwardingClientCallListener.java:33)
	at org.apache.ratis.thirdparty.io.grpc.internal.DelayedClientCall$DelayedListener.onMessage(DelayedClientCall.java:473)
	at org.apache.ratis.thirdparty.io.grpc.internal.ClientCallImpl$ClientStreamListenerImpl$1MessagesAvailable.runInternal(ClientCallImpl.java:661)
	at org.apache.ratis.thirdparty.io.grpc.internal.ClientCallImpl$ClientStreamListenerImpl$1MessagesAvailable.runInContext(ClientCallImpl.java:648)
	at org.apache.ratis.thirdparty.io.grpc.internal.ContextRunnable.run(ContextRunnable.java:37)
	at org.apache.ratis.thirdparty.io.grpc.internal.SerializingExecutor.run(SerializingExecutor.java:133)
	at java.base/java.util.concurrent.ThreadPoolExecutor.runWorker(ThreadPoolExecutor.java:1144)
	at java.base/java.util.concurrent.ThreadPoolExecutor$Worker.run(ThreadPoolExecutor.java:642)
	at java.base/java.lang.Thread.run(Thread.java:1583)
Caused by: org.apache.ratis.protocol.exceptions.StateMachineException: org.apache.hadoop.hdds.scm.container.common.helpers.ContainerNotOpenException from Server 5109dbd0-88b3-4954-9428-6522438831f5@group-6E557299AE72: Container 4 in CLOSING state
	at org.apache.hadoop.ozone.container.common.impl.HddsDispatcher.validateContainerCommand(HddsDispatcher.java:580)
	at org.apache.hadoop.ozone.container.common.transport.server.ratis.ContainerStateMachine.startTransaction(ContainerStateMachine.java:488)
	at org.apache.ratis.server.impl.RaftServerImpl.writeAsyncImpl(RaftServerImpl.java:987)
	at org.apache.ratis.server.impl.RaftServerImpl.writeAsync(RaftServerImpl.java:960)
	at org.apache.ratis.server.impl.RaftServerImpl.replyFuture(RaftServerImpl.java:953)
	at org.apache.ratis.server.impl.RaftServerImpl.submitClientRequestAsync(RaftServerImpl.java:930)
	at org.apache.ratis.server.impl.RaftServerImpl.lambda$null$11(RaftServerImpl.java:919)
	at org.apache.ratis.util.JavaUtils.callAsUnchecked(JavaUtils.java:118)
	at org.apache.ratis.server.impl.RaftServerImpl.lambda$executeSubmitClientRequestAsync$12(RaftServerImpl.java:919)
	at java.base/java.util.concurrent.CompletableFuture$AsyncSupply.run(CompletableFuture.java:1768)
	... 3 more
Caused by: org.apache.hadoop.hdds.scm.container.common.helpers.ContainerNotOpenException: Container 4 in CLOSING state
	at java.base/jdk.internal.reflect.DirectConstructorHandleAccessor.newInstance(DirectConstructorHandleAccessor.java:62)
	at java.base/java.lang.reflect.Constructor.newInstanceWithCaller(Constructor.java:502)
	at java.base/java.lang.reflect.Constructor.newInstance(Constructor.java:486)
	at org.apache.ratis.util.ReflectionUtils.instantiateException(ReflectionUtils.java:265)
	at org.apache.ratis.client.impl.ClientProtoUtils.toStateMachineException(ClientProtoUtils.java:455)
	at org.apache.ratis.client.impl.ClientProtoUtils.toStateMachineException(ClientProtoUtils.java:441)
	at org.apache.ratis.client.impl.ClientProtoUtils.toRaftClientReply(ClientProtoUtils.java:408)
	at org.apache.ratis.grpc.client.GrpcClientProtocolClient$AsyncStreamObservers$1.onNext(GrpcClientProtocolClient.java:313)
	at org.apache.ratis.grpc.client.GrpcClientProtocolClient$AsyncStreamObservers$1.onNext(GrpcClientProtocolClient.java:308)
	at org.apache.ratis.thirdparty.io.grpc.stub.ClientCalls$StreamObserverToCallListenerAdapter.onMessage(ClientCalls.java:551)
	at org.apache.ratis.thirdparty.io.grpc.ForwardingClientCallListener.onMessage(ForwardingClientCallListener.java:33)
	at org.apache.ratis.thirdparty.io.grpc.internal.DelayedClientCall$DelayedListener.onMessage(DelayedClientCall.java:473)
	at org.apache.ratis.thirdparty.io.grpc.internal.ClientCallImpl$ClientStreamListenerImpl$1MessagesAvailable.runInternal(ClientCallImpl.java:661)
	at org.apache.ratis.thirdparty.io.grpc.internal.ClientCallImpl$ClientStreamListenerImpl$1MessagesAvailable.runInContext(ClientCallImpl.java:648)
	at org.apache.ratis.thirdparty.io.grpc.internal.ContextRunnable.run(ContextRunnable.java:37)
	at org.apache.ratis.thirdparty.io.grpc.internal.SerializingExecutor.run(SerializingExecutor.java:133)
	... 3 more
2025-07-15T19:44:57.554157151Z 5109dbd0-88b3-4954-9428-6522438831f5-client-thread3 ERROR user=null | ip=null | op=WRITE_CHUNK {blockData=conID: 4 locID: 115816896921600004 bcsId: 0 replicaIndex: null, offset=0, size=5} | ret=FAILURE
org.apache.hadoop.hdds.scm.container.common.helpers.ContainerNotOpenException: Container 4 in UNHEALTHY state
	at org.apache.hadoop.ozone.container.common.impl.HddsDispatcher.validateContainerCommand(HddsDispatcher.java:580)
	at org.apache.hadoop.ozone.container.common.transport.server.ratis.ContainerStateMachine.startTransaction(ContainerStateMachine.java:488)
	at org.apache.ratis.server.impl.RaftServerImpl.writeAsyncImpl(RaftServerImpl.java:987)
	at org.apache.ratis.server.impl.RaftServerImpl.writeAsync(RaftServerImpl.java:960)
	at org.apache.ratis.server.impl.RaftServerImpl.replyFuture(RaftServerImpl.java:953)
	at org.apache.ratis.server.impl.RaftServerImpl.submitClientRequestAsync(RaftServerImpl.java:930)
	at org.apache.ratis.server.impl.RaftServerImpl.lambda$null$11(RaftServerImpl.java:919)
	at org.apache.ratis.util.JavaUtils.callAsUnchecked(JavaUtils.java:118)
	at org.apache.ratis.server.impl.RaftServerImpl.lambda$executeSubmitClientRequestAsync$12(RaftServerImpl.java:919)
	at java.base/java.util.concurrent.CompletableFuture$AsyncSupply.run(CompletableFuture.java:1768)
	at java.base/java.util.concurrent.ThreadPoolExecutor.runWorker(ThreadPoolExecutor.java:1144)
	at java.base/java.util.concurrent.ThreadPoolExecutor$Worker.run(ThreadPoolExecutor.java:642)
	at java.base/java.lang.Thread.run(Thread.java:1583)
2025-07-15T19:44:57.554930172Z 5109dbd0-88b3-4954-9428-6522438831f5-client-thread3 ERROR user=null | ip=null | op=WRITE_CHUNK {blockData=conID: 4 locID: 115816896921600004 bcsId: 0 replicaIndex: null, offset=0, size=5} | ret=FAILURE
org.apache.hadoop.hdds.scm.container.common.helpers.ContainerNotOpenException: Container 4 in UNHEALTHY state
	at org.apache.hadoop.ozone.container.common.impl.HddsDispatcher.validateContainerCommand(HddsDispatcher.java:580)
	at org.apache.hadoop.ozone.container.common.transport.server.ratis.ContainerStateMachine.startTransaction(ContainerStateMachine.java:488)
	at org.apache.ratis.server.impl.RaftServerImpl.writeAsyncImpl(RaftServerImpl.java:987)
	at org.apache.ratis.server.impl.RaftServerImpl.writeAsync(RaftServerImpl.java:960)
	at org.apache.ratis.server.impl.RaftServerImpl.replyFuture(RaftServerImpl.java:953)
	at org.apache.ratis.server.impl.RaftServerImpl.submitClientRequestAsync(RaftServerImpl.java:930)
	at org.apache.ratis.server.impl.RaftServerImpl.lambda$null$11(RaftServerImpl.java:919)
	at org.apache.ratis.util.JavaUtils.callAsUnchecked(JavaUtils.java:118)
	at org.apache.ratis.server.impl.RaftServerImpl.lambda$executeSubmitClientRequestAsync$12(RaftServerImpl.java:919)
	at java.base/java.util.concurrent.CompletableFuture$AsyncSupply.run(CompletableFuture.java:1768)
	at java.base/java.util.concurrent.ThreadPoolExecutor.runWorker(ThreadPoolExecutor.java:1144)
	at java.base/java.util.concurrent.ThreadPoolExecutor$Worker.run(ThreadPoolExecutor.java:642)
	at java.base/java.lang.Thread.run(Thread.java:1583)
2025-07-15 19:44:57,555 [grpc-default-executor-0] ERROR impl.OrderedAsync (OrderedAsync.java:lambda$send$4(181)) - Failed to send request, message=cmdType: WriteChunk
traceID: ""
containerID: 4
datanodeUuid: "5109dbd0-88b3-4954-9428-6522438831f5"
writeChunk {
  blockID {
    containerID: 4
    localID: 115816896921600004
    blockCommitSequenceId: 0
  }
  chunkData {
    chunkName: "115816896921600004.data.0"
    offset: 0
    len: 5
    checksumData {
      type: CRC32
      bytesPerChecksum: 1048576
      checksums: "[\360\326-"
    }
  }
}
version: 3
, data.size=5
java.util.concurrent.CompletionException: org.apache.ratis.protocol.exceptions.StateMachineException: org.apache.hadoop.hdds.scm.container.common.helpers.ContainerNotOpenException from Server 5109dbd0-88b3-4954-9428-6522438831f5@group-6E557299AE72: Container 4 in CLOSING state
	at org.apache.ratis.client.impl.RaftClientImpl.handleRaftException(RaftClientImpl.java:373)
	at org.apache.ratis.client.impl.OrderedAsync.lambda$send$3(OrderedAsync.java:175)
	at java.base/java.util.concurrent.CompletableFuture$UniApply.tryFire(CompletableFuture.java:646)
	at java.base/java.util.concurrent.CompletableFuture.postComplete(CompletableFuture.java:510)
	at java.base/java.util.concurrent.CompletableFuture.complete(CompletableFuture.java:2179)
	at org.apache.ratis.client.impl.OrderedAsync$PendingOrderedRequest.setReply(OrderedAsync.java:105)
	at org.apache.ratis.client.impl.OrderedAsync$PendingOrderedRequest.setReply(OrderedAsync.java:66)
	at org.apache.ratis.util.SlidingWindow$RequestMap.setReply(SlidingWindow.java:147)
	at org.apache.ratis.util.SlidingWindow$Client.receiveReply(SlidingWindow.java:351)
	at org.apache.ratis.client.impl.OrderedAsync.lambda$sendRequestWithRetry$5(OrderedAsync.java:210)
	at java.base/java.util.concurrent.CompletableFuture$UniAccept.tryFire(CompletableFuture.java:718)
	at java.base/java.util.concurrent.CompletableFuture.postComplete(CompletableFuture.java:510)
	at java.base/java.util.concurrent.CompletableFuture.complete(CompletableFuture.java:2179)
	at org.apache.ratis.grpc.client.GrpcClientProtocolClient$AsyncStreamObservers$1.lambda$onNext$0(GrpcClientProtocolClient.java:325)
	at java.base/java.util.Optional.ifPresent(Optional.java:178)
	at org.apache.ratis.grpc.client.GrpcClientProtocolClient$AsyncStreamObservers.handleReplyFuture(GrpcClientProtocolClient.java:381)
	at org.apache.ratis.grpc.client.GrpcClientProtocolClient$AsyncStreamObservers.access$100(GrpcClientProtocolClient.java:303)
	at org.apache.ratis.grpc.client.GrpcClientProtocolClient$AsyncStreamObservers$1.onNext(GrpcClientProtocolClient.java:325)
	at org.apache.ratis.grpc.client.GrpcClientProtocolClient$AsyncStreamObservers$1.onNext(GrpcClientProtocolClient.java:308)
	at org.apache.ratis.thirdparty.io.grpc.stub.ClientCalls$StreamObserverToCallListenerAdapter.onMessage(ClientCalls.java:551)
	at org.apache.ratis.thirdparty.io.grpc.ForwardingClientCallListener.onMessage(ForwardingClientCallListener.java:33)
	at org.apache.ratis.thirdparty.io.grpc.internal.DelayedClientCall$DelayedListener.onMessage(DelayedClientCall.java:473)
	at org.apache.ratis.thirdparty.io.grpc.internal.ClientCallImpl$ClientStreamListenerImpl$1MessagesAvailable.runInternal(ClientCallImpl.java:661)
	at org.apache.ratis.thirdparty.io.grpc.internal.ClientCallImpl$ClientStreamListenerImpl$1MessagesAvailable.runInContext(ClientCallImpl.java:648)
	at org.apache.ratis.thirdparty.io.grpc.internal.ContextRunnable.run(ContextRunnable.java:37)
	at org.apache.ratis.thirdparty.io.grpc.internal.SerializingExecutor.run(SerializingExecutor.java:133)
	at java.base/java.util.concurrent.ThreadPoolExecutor.runWorker(ThreadPoolExecutor.java:1144)
	at java.base/java.util.concurrent.ThreadPoolExecutor$Worker.run(ThreadPoolExecutor.java:642)
	at java.base/java.lang.Thread.run(Thread.java:1583)
Caused by: org.apache.ratis.protocol.exceptions.StateMachineException: org.apache.hadoop.hdds.scm.container.common.helpers.ContainerNotOpenException from Server 5109dbd0-88b3-4954-9428-6522438831f5@group-6E557299AE72: Container 4 in CLOSING state
	at org.apache.hadoop.ozone.container.common.impl.HddsDispatcher.validateContainerCommand(HddsDispatcher.java:580)
	at org.apache.hadoop.ozone.container.common.transport.server.ratis.ContainerStateMachine.startTransaction(ContainerStateMachine.java:488)
	at org.apache.ratis.server.impl.RaftServerImpl.writeAsyncImpl(RaftServerImpl.java:987)
	at org.apache.ratis.server.impl.RaftServerImpl.writeAsync(RaftServerImpl.java:960)
	at org.apache.ratis.server.impl.RaftServerImpl.replyFuture(RaftServerImpl.java:953)
	at org.apache.ratis.server.impl.RaftServerImpl.submitClientRequestAsync(RaftServerImpl.java:930)
	at org.apache.ratis.server.impl.RaftServerImpl.lambda$null$11(RaftServerImpl.java:919)
	at org.apache.ratis.util.JavaUtils.callAsUnchecked(JavaUtils.java:118)
	at org.apache.ratis.server.impl.RaftServerImpl.lambda$executeSubmitClientRequestAsync$12(RaftServerImpl.java:919)
	at java.base/java.util.concurrent.CompletableFuture$AsyncSupply.run(CompletableFuture.java:1768)
	... 3 more
Caused by: org.apache.hadoop.hdds.scm.container.common.helpers.ContainerNotOpenException: Container 4 in CLOSING state
	at java.base/jdk.internal.reflect.DirectConstructorHandleAccessor.newInstance(DirectConstructorHandleAccessor.java:62)
	at java.base/java.lang.reflect.Constructor.newInstanceWithCaller(Constructor.java:502)
	at java.base/java.lang.reflect.Constructor.newInstance(Constructor.java:486)
	at org.apache.ratis.util.ReflectionUtils.instantiateException(ReflectionUtils.java:265)
	at org.apache.ratis.client.impl.ClientProtoUtils.toStateMachineException(ClientProtoUtils.java:455)
	at org.apache.ratis.client.impl.ClientProtoUtils.toStateMachineException(ClientProtoUtils.java:441)
	at org.apache.ratis.client.impl.ClientProtoUtils.toRaftClientReply(ClientProtoUtils.java:408)
	at org.apache.ratis.grpc.client.GrpcClientProtocolClient$AsyncStreamObservers$1.onNext(GrpcClientProtocolClient.java:313)
	at org.apache.ratis.grpc.client.GrpcClientProtocolClient$AsyncStreamObservers$1.onNext(GrpcClientProtocolClient.java:308)
	at org.apache.ratis.thirdparty.io.grpc.stub.ClientCalls$StreamObserverToCallListenerAdapter.onMessage(ClientCalls.java:551)
	at org.apache.ratis.thirdparty.io.grpc.ForwardingClientCallListener.onMessage(ForwardingClientCallListener.java:33)
	at org.apache.ratis.thirdparty.io.grpc.internal.DelayedClientCall$DelayedListener.onMessage(DelayedClientCall.java:473)
	at org.apache.ratis.thirdparty.io.grpc.internal.ClientCallImpl$ClientStreamListenerImpl$1MessagesAvailable.runInternal(ClientCallImpl.java:661)
	at org.apache.ratis.thirdparty.io.grpc.internal.ClientCallImpl$ClientStreamListenerImpl$1MessagesAvailable.runInContext(ClientCallImpl.java:648)
	at org.apache.ratis.thirdparty.io.grpc.internal.ContextRunnable.run(ContextRunnable.java:37)
	at org.apache.ratis.thirdparty.io.grpc.internal.SerializingExecutor.run(SerializingExecutor.java:133)
	... 3 more
2025-07-15T19:44:57.556664494Z 5109dbd0-88b3-4954-9428-6522438831f5-client-thread3 ERROR user=null | ip=null | op=WRITE_CHUNK {blockData=conID: 4 locID: 115816896921600004 bcsId: 0 replicaIndex: null, offset=0, size=5} | ret=FAILURE
org.apache.hadoop.hdds.scm.container.common.helpers.ContainerNotOpenException: Container 4 in UNHEALTHY state
	at org.apache.hadoop.ozone.container.common.impl.HddsDispatcher.validateContainerCommand(HddsDispatcher.java:580)
	at org.apache.hadoop.ozone.container.common.transport.server.ratis.ContainerStateMachine.startTransaction(ContainerStateMachine.java:488)
	at org.apache.ratis.server.impl.RaftServerImpl.writeAsyncImpl(RaftServerImpl.java:987)
	at org.apache.ratis.server.impl.RaftServerImpl.writeAsync(RaftServerImpl.java:960)
	at org.apache.ratis.server.impl.RaftServerImpl.replyFuture(RaftServerImpl.java:953)
	at org.apache.ratis.server.impl.RaftServerImpl.submitClientRequestAsync(RaftServerImpl.java:930)
	at org.apache.ratis.server.impl.RaftServerImpl.lambda$null$11(RaftServerImpl.java:919)
	at org.apache.ratis.util.JavaUtils.callAsUnchecked(JavaUtils.java:118)
	at org.apache.ratis.server.impl.RaftServerImpl.lambda$executeSubmitClientRequestAsync$12(RaftServerImpl.java:919)
	at java.base/java.util.concurrent.CompletableFuture$AsyncSupply.run(CompletableFuture.java:1768)
	at java.base/java.util.concurrent.ThreadPoolExecutor.runWorker(ThreadPoolExecutor.java:1144)
	at java.base/java.util.concurrent.ThreadPoolExecutor$Worker.run(ThreadPoolExecutor.java:642)
	at java.base/java.lang.Thread.run(Thread.java:1583)
2025-07-15 19:44:57,557 [grpc-default-executor-0] ERROR impl.OrderedAsync (OrderedAsync.java:lambda$send$4(181)) - Failed to send request, message=cmdType: WriteChunk
traceID: ""
containerID: 4
datanodeUuid: "5109dbd0-88b3-4954-9428-6522438831f5"
writeChunk {
  blockID {
    containerID: 4
    localID: 115816896921600004
    blockCommitSequenceId: 0
  }
  chunkData {
    chunkName: "115816896921600004.data.0"
    offset: 0
    len: 5
    checksumData {
      type: CRC32
      bytesPerChecksum: 1048576
      checksums: "9\211\2516"
    }
  }
}
version: 3
, data.size=5
java.util.concurrent.CompletionException: org.apache.ratis.protocol.exceptions.StateMachineException: org.apache.hadoop.hdds.scm.container.common.helpers.ContainerNotOpenException from Server 5109dbd0-88b3-4954-9428-6522438831f5@group-6E557299AE72: Container 4 in CLOSED state
	at org.apache.ratis.client.impl.RaftClientImpl.handleRaftException(RaftClientImpl.java:373)
	at org.apache.ratis.client.impl.OrderedAsync.lambda$send$3(OrderedAsync.java:175)
	at java.base/java.util.concurrent.CompletableFuture$UniApply.tryFire(CompletableFuture.java:646)
	at java.base/java.util.concurrent.CompletableFuture.postComplete(CompletableFuture.java:510)
	at java.base/java.util.concurrent.CompletableFuture.complete(CompletableFuture.java:2179)
	at org.apache.ratis.client.impl.OrderedAsync$PendingOrderedRequest.setReply(OrderedAsync.java:105)
	at org.apache.ratis.client.impl.OrderedAsync$PendingOrderedRequest.setReply(OrderedAsync.java:66)
	at org.apache.ratis.util.SlidingWindow$RequestMap.setReply(SlidingWindow.java:147)
	at org.apache.ratis.util.SlidingWindow$Client.receiveReply(SlidingWindow.java:351)
	at org.apache.ratis.client.impl.OrderedAsync.lambda$sendRequestWithRetry$5(OrderedAsync.java:210)
	at java.base/java.util.concurrent.CompletableFuture$UniAccept.tryFire(CompletableFuture.java:718)
	at java.base/java.util.concurrent.CompletableFuture.postComplete(CompletableFuture.java:510)
	at java.base/java.util.concurrent.CompletableFuture.complete(CompletableFuture.java:2179)
	at org.apache.ratis.grpc.client.GrpcClientProtocolClient$AsyncStreamObservers$1.lambda$onNext$0(GrpcClientProtocolClient.java:325)
	at java.base/java.util.Optional.ifPresent(Optional.java:178)
	at org.apache.ratis.grpc.client.GrpcClientProtocolClient$AsyncStreamObservers.handleReplyFuture(GrpcClientProtocolClient.java:381)
	at org.apache.ratis.grpc.client.GrpcClientProtocolClient$AsyncStreamObservers.access$100(GrpcClientProtocolClient.java:303)
	at org.apache.ratis.grpc.client.GrpcClientProtocolClient$AsyncStreamObservers$1.onNext(GrpcClientProtocolClient.java:325)
	at org.apache.ratis.grpc.client.GrpcClientProtocolClient$AsyncStreamObservers$1.onNext(GrpcClientProtocolClient.java:308)
	at org.apache.ratis.thirdparty.io.grpc.stub.ClientCalls$StreamObserverToCallListenerAdapter.onMessage(ClientCalls.java:551)
	at org.apache.ratis.thirdparty.io.grpc.ForwardingClientCallListener.onMessage(ForwardingClientCallListener.java:33)
	at org.apache.ratis.thirdparty.io.grpc.internal.DelayedClientCall$DelayedListener.onMessage(DelayedClientCall.java:473)
	at org.apache.ratis.thirdparty.io.grpc.internal.ClientCallImpl$ClientStreamListenerImpl$1MessagesAvailable.runInternal(ClientCallImpl.java:661)
	at org.apache.ratis.thirdparty.io.grpc.internal.ClientCallImpl$ClientStreamListenerImpl$1MessagesAvailable.runInContext(ClientCallImpl.java:648)
	at org.apache.ratis.thirdparty.io.grpc.internal.ContextRunnable.run(ContextRunnable.java:37)
	at org.apache.ratis.thirdparty.io.grpc.internal.SerializingExecutor.run(SerializingExecutor.java:133)
	at java.base/java.util.concurrent.ThreadPoolExecutor.runWorker(ThreadPoolExecutor.java:1144)
	at java.base/java.util.concurrent.ThreadPoolExecutor$Worker.run(ThreadPoolExecutor.java:642)
	at java.base/java.lang.Thread.run(Thread.java:1583)
Caused by: org.apache.ratis.protocol.exceptions.StateMachineException: org.apache.hadoop.hdds.scm.container.common.helpers.ContainerNotOpenException from Server 5109dbd0-88b3-4954-9428-6522438831f5@group-6E557299AE72: Container 4 in CLOSED state
	at org.apache.hadoop.ozone.container.common.impl.HddsDispatcher.validateContainerCommand(HddsDispatcher.java:580)
	at org.apache.hadoop.ozone.container.common.transport.server.ratis.ContainerStateMachine.startTransaction(ContainerStateMachine.java:488)
	at org.apache.ratis.server.impl.RaftServerImpl.writeAsyncImpl(RaftServerImpl.java:987)
	at org.apache.ratis.server.impl.RaftServerImpl.writeAsync(RaftServerImpl.java:960)
	at org.apache.ratis.server.impl.RaftServerImpl.replyFuture(RaftServerImpl.java:953)
	at org.apache.ratis.server.impl.RaftServerImpl.submitClientRequestAsync(RaftServerImpl.java:930)
	at org.apache.ratis.server.impl.RaftServerImpl.lambda$null$11(RaftServerImpl.java:919)
	at org.apache.ratis.util.JavaUtils.callAsUnchecked(JavaUtils.java:118)
	at org.apache.ratis.server.impl.RaftServerImpl.lambda$executeSubmitClientRequestAsync$12(RaftServerImpl.java:919)
	at java.base/java.util.concurrent.CompletableFuture$AsyncSupply.run(CompletableFuture.java:1768)
	... 3 more
Caused by: org.apache.hadoop.hdds.scm.container.common.helpers.ContainerNotOpenException: Container 4 in CLOSED state
	at java.base/jdk.internal.reflect.DirectConstructorHandleAccessor.newInstance(DirectConstructorHandleAccessor.java:62)
	at java.base/java.lang.reflect.Constructor.newInstanceWithCaller(Constructor.java:502)
	at java.base/java.lang.reflect.Constructor.newInstance(Constructor.java:486)
	at org.apache.ratis.util.ReflectionUtils.instantiateException(ReflectionUtils.java:265)
	at org.apache.ratis.client.impl.ClientProtoUtils.toStateMachineException(ClientProtoUtils.java:455)
	at org.apache.ratis.client.impl.ClientProtoUtils.toStateMachineException(ClientProtoUtils.java:441)
	at org.apache.ratis.client.impl.ClientProtoUtils.toRaftClientReply(ClientProtoUtils.java:408)
	at org.apache.ratis.grpc.client.GrpcClientProtocolClient$AsyncStreamObservers$1.onNext(GrpcClientProtocolClient.java:313)
	at org.apache.ratis.grpc.client.GrpcClientProtocolClient$AsyncStreamObservers$1.onNext(GrpcClientProtocolClient.java:308)
	at org.apache.ratis.thirdparty.io.grpc.stub.ClientCalls$StreamObserverToCallListenerAdapter.onMessage(ClientCalls.java:551)
	at org.apache.ratis.thirdparty.io.grpc.ForwardingClientCallListener.onMessage(ForwardingClientCallListener.java:33)
	at org.apache.ratis.thirdparty.io.grpc.internal.DelayedClientCall$DelayedListener.onMessage(DelayedClientCall.java:473)
	at org.apache.ratis.thirdparty.io.grpc.internal.ClientCallImpl$ClientStreamListenerImpl$1MessagesAvailable.runInternal(ClientCallImpl.java:661)
	at org.apache.ratis.thirdparty.io.grpc.internal.ClientCallImpl$ClientStreamListenerImpl$1MessagesAvailable.runInContext(ClientCallImpl.java:648)
	at org.apache.ratis.thirdparty.io.grpc.internal.ContextRunnable.run(ContextRunnable.java:37)
	at org.apache.ratis.thirdparty.io.grpc.internal.SerializingExecutor.run(SerializingExecutor.java:133)
	... 3 more
2025-07-15 19:44:57,561 [grpc-default-executor-5] ERROR impl.OrderedAsync (OrderedAsync.java:lambda$send$4(181)) - Failed to send request, message=cmdType: WriteChunk
traceID: ""
containerID: 4
datanodeUuid: "5109dbd0-88b3-4954-9428-6522438831f5"
writeChunk {
  blockID {
    containerID: 4
    localID: 115816896921600004
    blockCommitSequenceId: 0
  }
  chunkData {
    chunkName: "115816896921600004.data.0"
    offset: 0
    len: 5
    checksumData {
      type: CRC32
      bytesPerChecksum: 1048576
      checksums: "3\305\212\234"
    }
  }
}
version: 3
, data.size=5
java.util.concurrent.CompletionException: org.apache.ratis.protocol.exceptions.StateMachineException: org.apache.hadoop.hdds.scm.container.common.helpers.ContainerNotOpenException from Server 5109dbd0-88b3-4954-9428-6522438831f5@group-6E557299AE72: Container 4 in CLOSED state
	at org.apache.ratis.client.impl.RaftClientImpl.handleRaftException(RaftClientImpl.java:373)
	at org.apache.ratis.client.impl.OrderedAsync.lambda$send$3(OrderedAsync.java:175)
	at java.base/java.util.concurrent.CompletableFuture$UniApply.tryFire(CompletableFuture.java:646)
	at java.base/java.util.concurrent.CompletableFuture.postComplete(CompletableFuture.java:510)
	at java.base/java.util.concurrent.CompletableFuture.complete(CompletableFuture.java:2179)
	at org.apache.ratis.client.impl.OrderedAsync$PendingOrderedRequest.setReply(OrderedAsync.java:105)
	at org.apache.ratis.client.impl.OrderedAsync$PendingOrderedRequest.setReply(OrderedAsync.java:66)
	at org.apache.ratis.util.SlidingWindow$RequestMap.setReply(SlidingWindow.java:147)
	at org.apache.ratis.util.SlidingWindow$Client.receiveReply(SlidingWindow.java:351)
	at org.apache.ratis.client.impl.OrderedAsync.lambda$sendRequestWithRetry$5(OrderedAsync.java:210)
	at java.base/java.util.concurrent.CompletableFuture$UniAccept.tryFire(CompletableFuture.java:718)
	at java.base/java.util.concurrent.CompletableFuture.postComplete(CompletableFuture.java:510)
	at java.base/java.util.concurrent.CompletableFuture.complete(CompletableFuture.java:2179)
	at org.apache.ratis.grpc.client.GrpcClientProtocolClient$AsyncStreamObservers$1.lambda$onNext$0(GrpcClientProtocolClient.java:325)
	at java.base/java.util.Optional.ifPresent(Optional.java:178)
	at org.apache.ratis.grpc.client.GrpcClientProtocolClient$AsyncStreamObservers.handleReplyFuture(GrpcClientProtocolClient.java:381)
	at org.apache.ratis.grpc.client.GrpcClientProtocolClient$AsyncStreamObservers.access$100(GrpcClientProtocolClient.java:303)
	at org.apache.ratis.grpc.client.GrpcClientProtocolClient$AsyncStreamObservers$1.onNext(GrpcClientProtocolClient.java:325)
	at org.apache.ratis.grpc.client.GrpcClientProtocolClient$AsyncStreamObservers$1.onNext(GrpcClientProtocolClient.java:308)
	at org.apache.ratis.thirdparty.io.grpc.stub.ClientCalls$StreamObserverToCallListenerAdapter.onMessage(ClientCalls.java:551)
	at org.apache.ratis.thirdparty.io.grpc.ForwardingClientCallListener.onMessage(ForwardingClientCallListener.java:33)
	at org.apache.ratis.thirdparty.io.grpc.internal.DelayedClientCall$DelayedListener.onMessage(DelayedClientCall.java:473)
	at org.apache.ratis.thirdparty.io.grpc.internal.ClientCallImpl$ClientStreamListenerImpl$1MessagesAvailable.runInternal(ClientCallImpl.java:661)
	at org.apache.ratis.thirdparty.io.grpc.internal.ClientCallImpl$ClientStreamListenerImpl$1MessagesAvailable.runInContext(ClientCallImpl.java:648)
	at org.apache.ratis.thirdparty.io.grpc.internal.ContextRunnable.run(ContextRunnable.java:37)
	at org.apache.ratis.thirdparty.io.grpc.internal.SerializingExecutor.run(SerializingExecutor.java:133)
	at java.base/java.util.concurrent.ThreadPoolExecutor.runWorker(ThreadPoolExecutor.java:1144)
	at java.base/java.util.concurrent.ThreadPoolExecutor$Worker.run(ThreadPoolExecutor.java:642)
	at java.base/java.lang.Thread.run(Thread.java:1583)
Caused by: org.apache.ratis.protocol.exceptions.StateMachineException: org.apache.hadoop.hdds.scm.container.common.helpers.ContainerNotOpenException from Server 5109dbd0-88b3-4954-9428-6522438831f5@group-6E557299AE72: Container 4 in CLOSED state
	at org.apache.hadoop.ozone.container.common.impl.HddsDispatcher.validateContainerCommand(HddsDispatcher.java:580)
	at org.apache.hadoop.ozone.container.common.transport.server.ratis.ContainerStateMachine.startTransaction(ContainerStateMachine.java:488)
	at org.apache.ratis.server.impl.RaftServerImpl.writeAsyncImpl(RaftServerImpl.java:987)
	at org.apache.ratis.server.impl.RaftServerImpl.writeAsync(RaftServerImpl.java:960)
	at org.apache.ratis.server.impl.RaftServerImpl.replyFuture(RaftServerImpl.java:953)
	at org.apache.ratis.server.impl.RaftServerImpl.submitClientRequestAsync(RaftServerImpl.java:930)
	at org.apache.ratis.server.impl.RaftServerImpl.lambda$null$11(RaftServerImpl.java:919)
	at org.apache.ratis.util.JavaUtils.callAsUnchecked(JavaUtils.java:118)
	at org.apache.ratis.server.impl.RaftServerImpl.lambda$executeSubmitClientRequestAsync$12(RaftServerImpl.java:919)
	at java.base/java.util.concurrent.CompletableFuture$AsyncSupply.run(CompletableFuture.java:1768)
	... 3 more
Caused by: org.apache.hadoop.hdds.scm.container.common.helpers.ContainerNotOpenException: Container 4 in CLOSED state
	at java.base/jdk.internal.reflect.DirectConstructorHandleAccessor.newInstance(DirectConstructorHandleAccessor.java:62)
	at java.base/java.lang.reflect.Constructor.newInstanceWithCaller(Constructor.java:502)
	at java.base/java.lang.reflect.Constructor.newInstance(Constructor.java:486)
	at org.apache.ratis.util.ReflectionUtils.instantiateException(ReflectionUtils.java:265)
	at org.apache.ratis.client.impl.ClientProtoUtils.toStateMachineException(ClientProtoUtils.java:455)
	at org.apache.ratis.client.impl.ClientProtoUtils.toStateMachineException(ClientProtoUtils.java:441)
	at org.apache.ratis.client.impl.ClientProtoUtils.toRaftClientReply(ClientProtoUtils.java:408)
	at org.apache.ratis.grpc.client.GrpcClientProtocolClient$AsyncStreamObservers$1.onNext(GrpcClientProtocolClient.java:313)
	at org.apache.ratis.grpc.client.GrpcClientProtocolClient$AsyncStreamObservers$1.onNext(GrpcClientProtocolClient.java:308)
	at org.apache.ratis.thirdparty.io.grpc.stub.ClientCalls$StreamObserverToCallListenerAdapter.onMessage(ClientCalls.java:551)
	at org.apache.ratis.thirdparty.io.grpc.ForwardingClientCallListener.onMessage(ForwardingClientCallListener.java:33)
	at org.apache.ratis.thirdparty.io.grpc.internal.DelayedClientCall$DelayedListener.onMessage(DelayedClientCall.java:473)
	at org.apache.ratis.thirdparty.io.grpc.internal.ClientCallImpl$ClientStreamListenerImpl$1MessagesAvailable.runInternal(ClientCallImpl.java:661)
	at org.apache.ratis.thirdparty.io.grpc.internal.ClientCallImpl$ClientStreamListenerImpl$1MessagesAvailable.runInContext(ClientCallImpl.java:648)
	at org.apache.ratis.thirdparty.io.grpc.internal.ContextRunnable.run(ContextRunnable.java:37)
	at org.apache.ratis.thirdparty.io.grpc.internal.SerializingExecutor.run(SerializingExecutor.java:133)
	... 3 more
2025-07-15T19:44:57.562442278Z 5109dbd0-88b3-4954-9428-6522438831f5-client-thread3 ERROR user=null | ip=null | op=WRITE_CHUNK {blockData=conID: 4 locID: 115816896921600004 bcsId: 0 replicaIndex: null, offset=0, size=5} | ret=FAILURE
org.apache.hadoop.hdds.scm.container.common.helpers.ContainerNotOpenException: Container 4 in UNHEALTHY state
	at org.apache.hadoop.ozone.container.common.impl.HddsDispatcher.validateContainerCommand(HddsDispatcher.java:580)
	at org.apache.hadoop.ozone.container.common.transport.server.ratis.ContainerStateMachine.startTransaction(ContainerStateMachine.java:488)
	at org.apache.ratis.server.impl.RaftServerImpl.writeAsyncImpl(RaftServerImpl.java:987)
	at org.apache.ratis.server.impl.RaftServerImpl.writeAsync(RaftServerImpl.java:960)
	at org.apache.ratis.server.impl.RaftServerImpl.replyFuture(RaftServerImpl.java:953)
	at org.apache.ratis.server.impl.RaftServerImpl.submitClientRequestAsync(RaftServerImpl.java:930)
	at org.apache.ratis.server.impl.RaftServerImpl.lambda$null$11(RaftServerImpl.java:919)
	at org.apache.ratis.util.JavaUtils.callAsUnchecked(JavaUtils.java:118)
	at org.apache.ratis.server.impl.RaftServerImpl.lambda$executeSubmitClientRequestAsync$12(RaftServerImpl.java:919)
	at java.base/java.util.concurrent.CompletableFuture$AsyncSupply.run(CompletableFuture.java:1768)
	at java.base/java.util.concurrent.ThreadPoolExecutor.runWorker(ThreadPoolExecutor.java:1144)
	at java.base/java.util.concurrent.ThreadPoolExecutor$Worker.run(ThreadPoolExecutor.java:642)
	at java.base/java.lang.Thread.run(Thread.java:1583)
2025-07-15T19:44:57.563155614Z 5109dbd0-88b3-4954-9428-6522438831f5-client-thread3 ERROR user=null | ip=null | op=WRITE_CHUNK {blockData=conID: 4 locID: 115816896921600004 bcsId: 0 replicaIndex: null, offset=0, size=5} | ret=FAILURE
org.apache.hadoop.hdds.scm.container.common.helpers.ContainerNotOpenException: Container 4 in UNHEALTHY state
	at org.apache.hadoop.ozone.container.common.impl.HddsDispatcher.validateContainerCommand(HddsDispatcher.java:580)
	at org.apache.hadoop.ozone.container.common.transport.server.ratis.ContainerStateMachine.startTransaction(ContainerStateMachine.java:488)
	at org.apache.ratis.server.impl.RaftServerImpl.writeAsyncImpl(RaftServerImpl.java:987)
	at org.apache.ratis.server.impl.RaftServerImpl.writeAsync(RaftServerImpl.java:960)
	at org.apache.ratis.server.impl.RaftServerImpl.replyFuture(RaftServerImpl.java:953)
	at org.apache.ratis.server.impl.RaftServerImpl.submitClientRequestAsync(RaftServerImpl.java:930)
	at org.apache.ratis.server.impl.RaftServerImpl.lambda$null$11(RaftServerImpl.java:919)
	at org.apache.ratis.util.JavaUtils.callAsUnchecked(JavaUtils.java:118)
	at org.apache.ratis.server.impl.RaftServerImpl.lambda$executeSubmitClientRequestAsync$12(RaftServerImpl.java:919)
	at java.base/java.util.concurrent.CompletableFuture$AsyncSupply.run(CompletableFuture.java:1768)
	at java.base/java.util.concurrent.ThreadPoolExecutor.runWorker(ThreadPoolExecutor.java:1144)
	at java.base/java.util.concurrent.ThreadPoolExecutor$Worker.run(ThreadPoolExecutor.java:642)
	at java.base/java.lang.Thread.run(Thread.java:1583)
2025-07-15T19:44:57.563875090Z 5109dbd0-88b3-4954-9428-6522438831f5-client-thread3 ERROR user=null | ip=null | op=WRITE_CHUNK {blockData=conID: 4 locID: 115816896921600004 bcsId: 0 replicaIndex: null, offset=0, size=5} | ret=FAILURE
org.apache.hadoop.hdds.scm.container.common.helpers.ContainerNotOpenException: Container 4 in UNHEALTHY state
	at org.apache.hadoop.ozone.container.common.impl.HddsDispatcher.validateContainerCommand(HddsDispatcher.java:580)
	at org.apache.hadoop.ozone.container.common.transport.server.ratis.ContainerStateMachine.startTransaction(ContainerStateMachine.java:488)
	at org.apache.ratis.server.impl.RaftServerImpl.writeAsyncImpl(RaftServerImpl.java:987)
	at org.apache.ratis.server.impl.RaftServerImpl.writeAsync(RaftServerImpl.java:960)
	at org.apache.ratis.server.impl.RaftServerImpl.replyFuture(RaftServerImpl.java:953)
	at org.apache.ratis.server.impl.RaftServerImpl.submitClientRequestAsync(RaftServerImpl.java:930)
	at org.apache.ratis.server.impl.RaftServerImpl.lambda$null$11(RaftServerImpl.java:919)
	at org.apache.ratis.util.JavaUtils.callAsUnchecked(JavaUtils.java:118)
	at org.apache.ratis.server.impl.RaftServerImpl.lambda$executeSubmitClientRequestAsync$12(RaftServerImpl.java:919)
	at java.base/java.util.concurrent.CompletableFuture$AsyncSupply.run(CompletableFuture.java:1768)
	at java.base/java.util.concurrent.ThreadPoolExecutor.runWorker(ThreadPoolExecutor.java:1144)
	at java.base/java.util.concurrent.ThreadPoolExecutor$Worker.run(ThreadPoolExecutor.java:642)
	at java.base/java.lang.Thread.run(Thread.java:1583)
2025-07-15 19:44:57,564 [grpc-default-executor-5] ERROR impl.OrderedAsync (OrderedAsync.java:lambda$send$4(181)) - Failed to send request, message=cmdType: WriteChunk
traceID: ""
containerID: 4
datanodeUuid: "5109dbd0-88b3-4954-9428-6522438831f5"
writeChunk {
  blockID {
    containerID: 4
    localID: 115816896921600004
    blockCommitSequenceId: 0
  }
  chunkData {
    chunkName: "115816896921600004.data.0"
    offset: 0
    len: 5
    checksumData {
      type: CRC32
      bytesPerChecksum: 1048576
      checksums: "\301q\242\342"
    }
  }
}
version: 3
, data.size=5
java.util.concurrent.CompletionException: org.apache.ratis.protocol.exceptions.StateMachineException: org.apache.hadoop.hdds.scm.container.common.helpers.ContainerNotOpenException from Server 5109dbd0-88b3-4954-9428-6522438831f5@group-6E557299AE72: Container 4 in CLOSED state
	at org.apache.ratis.client.impl.RaftClientImpl.handleRaftException(RaftClientImpl.java:373)
	at org.apache.ratis.client.impl.OrderedAsync.lambda$send$3(OrderedAsync.java:175)
	at java.base/java.util.concurrent.CompletableFuture$UniApply.tryFire(CompletableFuture.java:646)
	at java.base/java.util.concurrent.CompletableFuture.postComplete(CompletableFuture.java:510)
	at java.base/java.util.concurrent.CompletableFuture.complete(CompletableFuture.java:2179)
	at org.apache.ratis.client.impl.OrderedAsync$PendingOrderedRequest.setReply(OrderedAsync.java:105)
	at org.apache.ratis.client.impl.OrderedAsync$PendingOrderedRequest.setReply(OrderedAsync.java:66)
	at org.apache.ratis.util.SlidingWindow$RequestMap.setReply(SlidingWindow.java:147)
	at org.apache.ratis.util.SlidingWindow$Client.receiveReply(SlidingWindow.java:351)
	at org.apache.ratis.client.impl.OrderedAsync.lambda$sendRequestWithRetry$5(OrderedAsync.java:210)
	at java.base/java.util.concurrent.CompletableFuture$UniAccept.tryFire(CompletableFuture.java:718)
	at java.base/java.util.concurrent.CompletableFuture.postComplete(CompletableFuture.java:510)
	at java.base/java.util.concurrent.CompletableFuture.complete(CompletableFuture.java:2179)
	at org.apache.ratis.grpc.client.GrpcClientProtocolClient$AsyncStreamObservers$1.lambda$onNext$0(GrpcClientProtocolClient.java:325)
	at java.base/java.util.Optional.ifPresent(Optional.java:178)
	at org.apache.ratis.grpc.client.GrpcClientProtocolClient$AsyncStreamObservers.handleReplyFuture(GrpcClientProtocolClient.java:381)
	at org.apache.ratis.grpc.client.GrpcClientProtocolClient$AsyncStreamObservers.access$100(GrpcClientProtocolClient.java:303)
	at org.apache.ratis.grpc.client.GrpcClientProtocolClient$AsyncStreamObservers$1.onNext(GrpcClientProtocolClient.java:325)
	at org.apache.ratis.grpc.client.GrpcClientProtocolClient$AsyncStreamObservers$1.onNext(GrpcClientProtocolClient.java:308)
	at org.apache.ratis.thirdparty.io.grpc.stub.ClientCalls$StreamObserverToCallListenerAdapter.onMessage(ClientCalls.java:551)
	at org.apache.ratis.thirdparty.io.grpc.ForwardingClientCallListener.onMessage(ForwardingClientCallListener.java:33)
	at org.apache.ratis.thirdparty.io.grpc.internal.DelayedClientCall$DelayedListener.onMessage(DelayedClientCall.java:473)
	at org.apache.ratis.thirdparty.io.grpc.internal.ClientCallImpl$ClientStreamListenerImpl$1MessagesAvailable.runInternal(ClientCallImpl.java:661)
	at org.apache.ratis.thirdparty.io.grpc.internal.ClientCallImpl$ClientStreamListenerImpl$1MessagesAvailable.runInContext(ClientCallImpl.java:648)
	at org.apache.ratis.thirdparty.io.grpc.internal.ContextRunnable.run(ContextRunnable.java:37)
	at org.apache.ratis.thirdparty.io.grpc.internal.SerializingExecutor.run(SerializingExecutor.java:133)
	at java.base/java.util.concurrent.ThreadPoolExecutor.runWorker(ThreadPoolExecutor.java:1144)
	at java.base/java.util.concurrent.ThreadPoolExecutor$Worker.run(ThreadPoolExecutor.java:642)
	at java.base/java.lang.Thread.run(Thread.java:1583)
Caused by: org.apache.ratis.protocol.exceptions.StateMachineException: org.apache.hadoop.hdds.scm.container.common.helpers.ContainerNotOpenException from Server 5109dbd0-88b3-4954-9428-6522438831f5@group-6E557299AE72: Container 4 in CLOSED state
	at org.apache.hadoop.ozone.container.common.impl.HddsDispatcher.validateContainerCommand(HddsDispatcher.java:580)
	at org.apache.hadoop.ozone.container.common.transport.server.ratis.ContainerStateMachine.startTransaction(ContainerStateMachine.java:488)
	at org.apache.ratis.server.impl.RaftServerImpl.writeAsyncImpl(RaftServerImpl.java:987)
	at org.apache.ratis.server.impl.RaftServerImpl.writeAsync(RaftServerImpl.java:960)
	at org.apache.ratis.server.impl.RaftServerImpl.replyFuture(RaftServerImpl.java:953)
	at org.apache.ratis.server.impl.RaftServerImpl.submitClientRequestAsync(RaftServerImpl.java:930)
	at org.apache.ratis.server.impl.RaftServerImpl.lambda$null$11(RaftServerImpl.java:919)
	at org.apache.ratis.util.JavaUtils.callAsUnchecked(JavaUtils.java:118)
	at org.apache.ratis.server.impl.RaftServerImpl.lambda$executeSubmitClientRequestAsync$12(RaftServerImpl.java:919)
	at java.base/java.util.concurrent.CompletableFuture$AsyncSupply.run(CompletableFuture.java:1768)
	... 3 more
Caused by: org.apache.hadoop.hdds.scm.container.common.helpers.ContainerNotOpenException: Container 4 in CLOSED state
	at java.base/jdk.internal.reflect.DirectConstructorHandleAccessor.newInstance(DirectConstructorHandleAccessor.java:62)
	at java.base/java.lang.reflect.Constructor.newInstanceWithCaller(Constructor.java:502)
	at java.base/java.lang.reflect.Constructor.newInstance(Constructor.java:486)
	at org.apache.ratis.util.ReflectionUtils.instantiateException(ReflectionUtils.java:265)
	at org.apache.ratis.client.impl.ClientProtoUtils.toStateMachineException(ClientProtoUtils.java:455)
	at org.apache.ratis.client.impl.ClientProtoUtils.toStateMachineException(ClientProtoUtils.java:441)
	at org.apache.ratis.client.impl.ClientProtoUtils.toRaftClientReply(ClientProtoUtils.java:408)
	at org.apache.ratis.grpc.client.GrpcClientProtocolClient$AsyncStreamObservers$1.onNext(GrpcClientProtocolClient.java:313)
	at org.apache.ratis.grpc.client.GrpcClientProtocolClient$AsyncStreamObservers$1.onNext(GrpcClientProtocolClient.java:308)
	at org.apache.ratis.thirdparty.io.grpc.stub.ClientCalls$StreamObserverToCallListenerAdapter.onMessage(ClientCalls.java:551)
	at org.apache.ratis.thirdparty.io.grpc.ForwardingClientCallListener.onMessage(ForwardingClientCallListener.java:33)
	at org.apache.ratis.thirdparty.io.grpc.internal.DelayedClientCall$DelayedListener.onMessage(DelayedClientCall.java:473)
	at org.apache.ratis.thirdparty.io.grpc.internal.ClientCallImpl$ClientStreamListenerImpl$1MessagesAvailable.runInternal(ClientCallImpl.java:661)
	at org.apache.ratis.thirdparty.io.grpc.internal.ClientCallImpl$ClientStreamListenerImpl$1MessagesAvailable.runInContext(ClientCallImpl.java:648)
	at org.apache.ratis.thirdparty.io.grpc.internal.ContextRunnable.run(ContextRunnable.java:37)
	at org.apache.ratis.thirdparty.io.grpc.internal.SerializingExecutor.run(SerializingExecutor.java:133)
	... 3 more
2025-07-15 19:44:57,566 [grpc-default-executor-5] ERROR impl.OrderedAsync (OrderedAsync.java:lambda$send$4(181)) - Failed to send request, message=cmdType: WriteChunk
traceID: ""
containerID: 4
datanodeUuid: "5109dbd0-88b3-4954-9428-6522438831f5"
writeChunk {
  blockID {
    containerID: 4
    localID: 115816896921600004
    blockCommitSequenceId: 0
  }
  chunkData {
    chunkName: "115816896921600004.data.0"
    offset: 0
    len: 5
    checksumData {
      type: CRC32
      bytesPerChecksum: 1048576
      checksums: "\234\031xg"
    }
  }
}
version: 3
, data.size=5
java.util.concurrent.CompletionException: org.apache.ratis.protocol.exceptions.StateMachineException: org.apache.hadoop.hdds.scm.container.common.helpers.ContainerNotOpenException from Server 5109dbd0-88b3-4954-9428-6522438831f5@group-6E557299AE72: Container 4 in CLOSED state
	at org.apache.ratis.client.impl.RaftClientImpl.handleRaftException(RaftClientImpl.java:373)
	at org.apache.ratis.client.impl.OrderedAsync.lambda$send$3(OrderedAsync.java:175)
	at java.base/java.util.concurrent.CompletableFuture$UniApply.tryFire(CompletableFuture.java:646)
	at java.base/java.util.concurrent.CompletableFuture.postComplete(CompletableFuture.java:510)
	at java.base/java.util.concurrent.CompletableFuture.complete(CompletableFuture.java:2179)
	at org.apache.ratis.client.impl.OrderedAsync$PendingOrderedRequest.setReply(OrderedAsync.java:105)
	at org.apache.ratis.client.impl.OrderedAsync$PendingOrderedRequest.setReply(OrderedAsync.java:66)
	at org.apache.ratis.util.SlidingWindow$RequestMap.setReply(SlidingWindow.java:147)
	at org.apache.ratis.util.SlidingWindow$Client.receiveReply(SlidingWindow.java:351)
	at org.apache.ratis.client.impl.OrderedAsync.lambda$sendRequestWithRetry$5(OrderedAsync.java:210)
	at java.base/java.util.concurrent.CompletableFuture$UniAccept.tryFire(CompletableFuture.java:718)
	at java.base/java.util.concurrent.CompletableFuture.postComplete(CompletableFuture.java:510)
	at java.base/java.util.concurrent.CompletableFuture.complete(CompletableFuture.java:2179)
	at org.apache.ratis.grpc.client.GrpcClientProtocolClient$AsyncStreamObservers$1.lambda$onNext$0(GrpcClientProtocolClient.java:325)
	at java.base/java.util.Optional.ifPresent(Optional.java:178)
	at org.apache.ratis.grpc.client.GrpcClientProtocolClient$AsyncStreamObservers.handleReplyFuture(GrpcClientProtocolClient.java:381)
	at org.apache.ratis.grpc.client.GrpcClientProtocolClient$AsyncStreamObservers.access$100(GrpcClientProtocolClient.java:303)
	at org.apache.ratis.grpc.client.GrpcClientProtocolClient$AsyncStreamObservers$1.onNext(GrpcClientProtocolClient.java:325)
	at org.apache.ratis.grpc.client.GrpcClientProtocolClient$AsyncStreamObservers$1.onNext(GrpcClientProtocolClient.java:308)
	at org.apache.ratis.thirdparty.io.grpc.stub.ClientCalls$StreamObserverToCallListenerAdapter.onMessage(ClientCalls.java:551)
	at org.apache.ratis.thirdparty.io.grpc.ForwardingClientCallListener.onMessage(ForwardingClientCallListener.java:33)
	at org.apache.ratis.thirdparty.io.grpc.internal.DelayedClientCall$DelayedListener.onMessage(DelayedClientCall.java:473)
	at org.apache.ratis.thirdparty.io.grpc.internal.ClientCallImpl$ClientStreamListenerImpl$1MessagesAvailable.runInternal(ClientCallImpl.java:661)
	at org.apache.ratis.thirdparty.io.grpc.internal.ClientCallImpl$ClientStreamListenerImpl$1MessagesAvailable.runInContext(ClientCallImpl.java:648)
	at org.apache.ratis.thirdparty.io.grpc.internal.ContextRunnable.run(ContextRunnable.java:37)
	at org.apache.ratis.thirdparty.io.grpc.internal.SerializingExecutor.run(SerializingExecutor.java:133)
	at java.base/java.util.concurrent.ThreadPoolExecutor.runWorker(ThreadPoolExecutor.java:1144)
	at java.base/java.util.concurrent.ThreadPoolExecutor$Worker.run(ThreadPoolExecutor.java:642)
	at java.base/java.lang.Thread.run(Thread.java:1583)
Caused by: org.apache.ratis.protocol.exceptions.StateMachineException: org.apache.hadoop.hdds.scm.container.common.helpers.ContainerNotOpenException from Server 5109dbd0-88b3-4954-9428-6522438831f5@group-6E557299AE72: Container 4 in CLOSED state
	at org.apache.hadoop.ozone.container.common.impl.HddsDispatcher.validateContainerCommand(HddsDispatcher.java:580)
	at org.apache.hadoop.ozone.container.common.transport.server.ratis.ContainerStateMachine.startTransaction(ContainerStateMachine.java:488)
	at org.apache.ratis.server.impl.RaftServerImpl.writeAsyncImpl(RaftServerImpl.java:987)
	at org.apache.ratis.server.impl.RaftServerImpl.writeAsync(RaftServerImpl.java:960)
	at org.apache.ratis.server.impl.RaftServerImpl.replyFuture(RaftServerImpl.java:953)
	at org.apache.ratis.server.impl.RaftServerImpl.submitClientRequestAsync(RaftServerImpl.java:930)
	at org.apache.ratis.server.impl.RaftServerImpl.lambda$null$11(RaftServerImpl.java:919)
	at org.apache.ratis.util.JavaUtils.callAsUnchecked(JavaUtils.java:118)
	at org.apache.ratis.server.impl.RaftServerImpl.lambda$executeSubmitClientRequestAsync$12(RaftServerImpl.java:919)
	at java.base/java.util.concurrent.CompletableFuture$AsyncSupply.run(CompletableFuture.java:1768)
	... 3 more
Caused by: org.apache.hadoop.hdds.scm.container.common.helpers.ContainerNotOpenException: Container 4 in CLOSED state
	at java.base/jdk.internal.reflect.DirectConstructorHandleAccessor.newInstance(DirectConstructorHandleAccessor.java:62)
	at java.base/java.lang.reflect.Constructor.newInstanceWithCaller(Constructor.java:502)
	at java.base/java.lang.reflect.Constructor.newInstance(Constructor.java:486)
	at org.apache.ratis.util.ReflectionUtils.instantiateException(ReflectionUtils.java:265)
	at org.apache.ratis.client.impl.ClientProtoUtils.toStateMachineException(ClientProtoUtils.java:455)
	at org.apache.ratis.client.impl.ClientProtoUtils.toStateMachineException(ClientProtoUtils.java:441)
	at org.apache.ratis.client.impl.ClientProtoUtils.toRaftClientReply(ClientProtoUtils.java:408)
	at org.apache.ratis.grpc.client.GrpcClientProtocolClient$AsyncStreamObservers$1.onNext(GrpcClientProtocolClient.java:313)
	at org.apache.ratis.grpc.client.GrpcClientProtocolClient$AsyncStreamObservers$1.onNext(GrpcClientProtocolClient.java:308)
	at org.apache.ratis.thirdparty.io.grpc.stub.ClientCalls$StreamObserverToCallListenerAdapter.onMessage(ClientCalls.java:551)
	at org.apache.ratis.thirdparty.io.grpc.ForwardingClientCallListener.onMessage(ForwardingClientCallListener.java:33)
	at org.apache.ratis.thirdparty.io.grpc.internal.DelayedClientCall$DelayedListener.onMessage(DelayedClientCall.java:473)
	at org.apache.ratis.thirdparty.io.grpc.internal.ClientCallImpl$ClientStreamListenerImpl$1MessagesAvailable.runInternal(ClientCallImpl.java:661)
	at org.apache.ratis.thirdparty.io.grpc.internal.ClientCallImpl$ClientStreamListenerImpl$1MessagesAvailable.runInContext(ClientCallImpl.java:648)
	at org.apache.ratis.thirdparty.io.grpc.internal.ContextRunnable.run(ContextRunnable.java:37)
	at org.apache.ratis.thirdparty.io.grpc.internal.SerializingExecutor.run(SerializingExecutor.java:133)
	... 3 more
2025-07-15T19:44:57.568504011Z 5109dbd0-88b3-4954-9428-6522438831f5-client-thread3 ERROR user=null | ip=null | op=WRITE_CHUNK {blockData=conID: 4 locID: 115816896921600004 bcsId: 0 replicaIndex: null, offset=0, size=5} | ret=FAILURE
org.apache.hadoop.hdds.scm.container.common.helpers.ContainerNotOpenException: Container 4 in UNHEALTHY state
	at org.apache.hadoop.ozone.container.common.impl.HddsDispatcher.validateContainerCommand(HddsDispatcher.java:580)
	at org.apache.hadoop.ozone.container.common.transport.server.ratis.ContainerStateMachine.startTransaction(ContainerStateMachine.java:488)
	at org.apache.ratis.server.impl.RaftServerImpl.writeAsyncImpl(RaftServerImpl.java:987)
	at org.apache.ratis.server.impl.RaftServerImpl.writeAsync(RaftServerImpl.java:960)
	at org.apache.ratis.server.impl.RaftServerImpl.replyFuture(RaftServerImpl.java:953)
	at org.apache.ratis.server.impl.RaftServerImpl.submitClientRequestAsync(RaftServerImpl.java:930)
	at org.apache.ratis.server.impl.RaftServerImpl.lambda$null$11(RaftServerImpl.java:919)
	at org.apache.ratis.util.JavaUtils.callAsUnchecked(JavaUtils.java:118)
	at org.apache.ratis.server.impl.RaftServerImpl.lambda$executeSubmitClientRequestAsync$12(RaftServerImpl.java:919)
	at java.base/java.util.concurrent.CompletableFuture$AsyncSupply.run(CompletableFuture.java:1768)
	at java.base/java.util.concurrent.ThreadPoolExecutor.runWorker(ThreadPoolExecutor.java:1144)
	at java.base/java.util.concurrent.ThreadPoolExecutor$Worker.run(ThreadPoolExecutor.java:642)
	at java.base/java.lang.Thread.run(Thread.java:1583)
2025-07-15 19:44:57,569 [grpc-default-executor-5] ERROR impl.OrderedAsync (OrderedAsync.java:lambda$send$4(181)) - Failed to send request, message=cmdType: WriteChunk
traceID: ""
containerID: 4
datanodeUuid: "5109dbd0-88b3-4954-9428-6522438831f5"
writeChunk {
  blockID {
    containerID: 4
    localID: 115816896921600004
    blockCommitSequenceId: 0
  }
  chunkData {
    chunkName: "115816896921600004.data.0"
    offset: 0
    len: 5
    checksumData {
      type: CRC32
      bytesPerChecksum: 1048576
      checksums: "\025\371\205u"
    }
  }
}
version: 3
, data.size=5
java.util.concurrent.CompletionException: org.apache.ratis.protocol.exceptions.StateMachineException: org.apache.hadoop.hdds.scm.container.common.helpers.ContainerNotOpenException from Server 5109dbd0-88b3-4954-9428-6522438831f5@group-6E557299AE72: Container 4 in CLOSED state
	at org.apache.ratis.client.impl.RaftClientImpl.handleRaftException(RaftClientImpl.java:373)
	at org.apache.ratis.client.impl.OrderedAsync.lambda$send$3(OrderedAsync.java:175)
	at java.base/java.util.concurrent.CompletableFuture$UniApply.tryFire(CompletableFuture.java:646)
	at java.base/java.util.concurrent.CompletableFuture.postComplete(CompletableFuture.java:510)
	at java.base/java.util.concurrent.CompletableFuture.complete(CompletableFuture.java:2179)
	at org.apache.ratis.client.impl.OrderedAsync$PendingOrderedRequest.setReply(OrderedAsync.java:105)
	at org.apache.ratis.client.impl.OrderedAsync$PendingOrderedRequest.setReply(OrderedAsync.java:66)
	at org.apache.ratis.util.SlidingWindow$RequestMap.setReply(SlidingWindow.java:147)
	at org.apache.ratis.util.SlidingWindow$Client.receiveReply(SlidingWindow.java:351)
	at org.apache.ratis.client.impl.OrderedAsync.lambda$sendRequestWithRetry$5(OrderedAsync.java:210)
	at java.base/java.util.concurrent.CompletableFuture$UniAccept.tryFire(CompletableFuture.java:718)
	at java.base/java.util.concurrent.CompletableFuture.postComplete(CompletableFuture.java:510)
	at java.base/java.util.concurrent.CompletableFuture.complete(CompletableFuture.java:2179)
	at org.apache.ratis.grpc.client.GrpcClientProtocolClient$AsyncStreamObservers$1.lambda$onNext$0(GrpcClientProtocolClient.java:325)
	at java.base/java.util.Optional.ifPresent(Optional.java:178)
	at org.apache.ratis.grpc.client.GrpcClientProtocolClient$AsyncStreamObservers.handleReplyFuture(GrpcClientProtocolClient.java:381)
	at org.apache.ratis.grpc.client.GrpcClientProtocolClient$AsyncStreamObservers.access$100(GrpcClientProtocolClient.java:303)
	at org.apache.ratis.grpc.client.GrpcClientProtocolClient$AsyncStreamObservers$1.onNext(GrpcClientProtocolClient.java:325)
	at org.apache.ratis.grpc.client.GrpcClientProtocolClient$AsyncStreamObservers$1.onNext(GrpcClientProtocolClient.java:308)
	at org.apache.ratis.thirdparty.io.grpc.stub.ClientCalls$StreamObserverToCallListenerAdapter.onMessage(ClientCalls.java:551)
	at org.apache.ratis.thirdparty.io.grpc.ForwardingClientCallListener.onMessage(ForwardingClientCallListener.java:33)
	at org.apache.ratis.thirdparty.io.grpc.internal.DelayedClientCall$DelayedListener.onMessage(DelayedClientCall.java:473)
	at org.apache.ratis.thirdparty.io.grpc.internal.ClientCallImpl$ClientStreamListenerImpl$1MessagesAvailable.runInternal(ClientCallImpl.java:661)
	at org.apache.ratis.thirdparty.io.grpc.internal.ClientCallImpl$ClientStreamListenerImpl$1MessagesAvailable.runInContext(ClientCallImpl.java:648)
	at org.apache.ratis.thirdparty.io.grpc.internal.ContextRunnable.run(ContextRunnable.java:37)
	at org.apache.ratis.thirdparty.io.grpc.internal.SerializingExecutor.run(SerializingExecutor.java:133)
	at java.base/java.util.concurrent.ThreadPoolExecutor.runWorker(ThreadPoolExecutor.java:1144)
	at java.base/java.util.concurrent.ThreadPoolExecutor$Worker.run(ThreadPoolExecutor.java:642)
	at java.base/java.lang.Thread.run(Thread.java:1583)
Caused by: org.apache.ratis.protocol.exceptions.StateMachineException: org.apache.hadoop.hdds.scm.container.common.helpers.ContainerNotOpenException from Server 5109dbd0-88b3-4954-9428-6522438831f5@group-6E557299AE72: Container 4 in CLOSED state
	at org.apache.hadoop.ozone.container.common.impl.HddsDispatcher.validateContainerCommand(HddsDispatcher.java:580)
	at org.apache.hadoop.ozone.container.common.transport.server.ratis.ContainerStateMachine.startTransaction(ContainerStateMachine.java:488)
	at org.apache.ratis.server.impl.RaftServerImpl.writeAsyncImpl(RaftServerImpl.java:987)
	at org.apache.ratis.server.impl.RaftServerImpl.writeAsync(RaftServerImpl.java:960)
	at org.apache.ratis.server.impl.RaftServerImpl.replyFuture(RaftServerImpl.java:953)
	at org.apache.ratis.server.impl.RaftServerImpl.submitClientRequestAsync(RaftServerImpl.java:930)
	at org.apache.ratis.server.impl.RaftServerImpl.lambda$null$11(RaftServerImpl.java:919)
	at org.apache.ratis.util.JavaUtils.callAsUnchecked(JavaUtils.java:118)
	at org.apache.ratis.server.impl.RaftServerImpl.lambda$executeSubmitClientRequestAsync$12(RaftServerImpl.java:919)
	at java.base/java.util.concurrent.CompletableFuture$AsyncSupply.run(CompletableFuture.java:1768)
	... 3 more
Caused by: org.apache.hadoop.hdds.scm.container.common.helpers.ContainerNotOpenException: Container 4 in CLOSED state
	at java.base/jdk.internal.reflect.DirectConstructorHandleAccessor.newInstance(DirectConstructorHandleAccessor.java:62)
	at java.base/java.lang.reflect.Constructor.newInstanceWithCaller(Constructor.java:502)
	at java.base/java.lang.reflect.Constructor.newInstance(Constructor.java:486)
	at org.apache.ratis.util.ReflectionUtils.instantiateException(ReflectionUtils.java:265)
	at org.apache.ratis.client.impl.ClientProtoUtils.toStateMachineException(ClientProtoUtils.java:455)
	at org.apache.ratis.client.impl.ClientProtoUtils.toStateMachineException(ClientProtoUtils.java:441)
	at org.apache.ratis.client.impl.ClientProtoUtils.toRaftClientReply(ClientProtoUtils.java:408)
	at org.apache.ratis.grpc.client.GrpcClientProtocolClient$AsyncStreamObservers$1.onNext(GrpcClientProtocolClient.java:313)
	at org.apache.ratis.grpc.client.GrpcClientProtocolClient$AsyncStreamObservers$1.onNext(GrpcClientProtocolClient.java:308)
	at org.apache.ratis.thirdparty.io.grpc.stub.ClientCalls$StreamObserverToCallListenerAdapter.onMessage(ClientCalls.java:551)
	at org.apache.ratis.thirdparty.io.grpc.ForwardingClientCallListener.onMessage(ForwardingClientCallListener.java:33)
	at org.apache.ratis.thirdparty.io.grpc.internal.DelayedClientCall$DelayedListener.onMessage(DelayedClientCall.java:473)
	at org.apache.ratis.thirdparty.io.grpc.internal.ClientCallImpl$ClientStreamListenerImpl$1MessagesAvailable.runInternal(ClientCallImpl.java:661)
	at org.apache.ratis.thirdparty.io.grpc.internal.ClientCallImpl$ClientStreamListenerImpl$1MessagesAvailable.runInContext(ClientCallImpl.java:648)
	at org.apache.ratis.thirdparty.io.grpc.internal.ContextRunnable.run(ContextRunnable.java:37)
	at org.apache.ratis.thirdparty.io.grpc.internal.SerializingExecutor.run(SerializingExecutor.java:133)
	... 3 more
2025-07-15T19:44:57.569558119Z 5109dbd0-88b3-4954-9428-6522438831f5-client-thread3 ERROR user=null | ip=null | op=WRITE_CHUNK {blockData=conID: 4 locID: 115816896921600004 bcsId: 0 replicaIndex: null, offset=0, size=5} | ret=FAILURE
org.apache.hadoop.hdds.scm.container.common.helpers.ContainerNotOpenException: Container 4 in UNHEALTHY state
	at org.apache.hadoop.ozone.container.common.impl.HddsDispatcher.validateContainerCommand(HddsDispatcher.java:580)
	at org.apache.hadoop.ozone.container.common.transport.server.ratis.ContainerStateMachine.startTransaction(ContainerStateMachine.java:488)
	at org.apache.ratis.server.impl.RaftServerImpl.writeAsyncImpl(RaftServerImpl.java:987)
	at org.apache.ratis.server.impl.RaftServerImpl.writeAsync(RaftServerImpl.java:960)
	at org.apache.ratis.server.impl.RaftServerImpl.replyFuture(RaftServerImpl.java:953)
	at org.apache.ratis.server.impl.RaftServerImpl.submitClientRequestAsync(RaftServerImpl.java:930)
	at org.apache.ratis.server.impl.RaftServerImpl.lambda$null$11(RaftServerImpl.java:919)
	at org.apache.ratis.util.JavaUtils.callAsUnchecked(JavaUtils.java:118)
	at org.apache.ratis.server.impl.RaftServerImpl.lambda$executeSubmitClientRequestAsync$12(RaftServerImpl.java:919)
	at java.base/java.util.concurrent.CompletableFuture$AsyncSupply.run(CompletableFuture.java:1768)
	at java.base/java.util.concurrent.ThreadPoolExecutor.runWorker(ThreadPoolExecutor.java:1144)
	at java.base/java.util.concurrent.ThreadPoolExecutor$Worker.run(ThreadPoolExecutor.java:642)
	at java.base/java.lang.Thread.run(Thread.java:1583)
2025-07-15 19:44:57,571 [grpc-default-executor-5] ERROR impl.OrderedAsync (OrderedAsync.java:lambda$send$4(181)) - Failed to send request, message=cmdType: WriteChunk
traceID: ""
containerID: 4
datanodeUuid: "5109dbd0-88b3-4954-9428-6522438831f5"
writeChunk {
  blockID {
    containerID: 4
    localID: 115816896921600004
    blockCommitSequenceId: 0
  }
  chunkData {
    chunkName: "115816896921600004.data.0"
    offset: 0
    len: 5
    checksumData {
      type: CRC32
      bytesPerChecksum: 1048576
      checksums: "A\246\335~"
    }
  }
}
version: 3
, data.size=5
java.util.concurrent.CompletionException: org.apache.ratis.protocol.exceptions.StateMachineException: org.apache.hadoop.hdds.scm.container.common.helpers.ContainerNotOpenException from Server 5109dbd0-88b3-4954-9428-6522438831f5@group-6E557299AE72: Container 4 in CLOSED state
	at org.apache.ratis.client.impl.RaftClientImpl.handleRaftException(RaftClientImpl.java:373)
	at org.apache.ratis.client.impl.OrderedAsync.lambda$send$3(OrderedAsync.java:175)
	at java.base/java.util.concurrent.CompletableFuture$UniApply.tryFire(CompletableFuture.java:646)
	at java.base/java.util.concurrent.CompletableFuture.postComplete(CompletableFuture.java:510)
	at java.base/java.util.concurrent.CompletableFuture.complete(CompletableFuture.java:2179)
	at org.apache.ratis.client.impl.OrderedAsync$PendingOrderedRequest.setReply(OrderedAsync.java:105)
	at org.apache.ratis.client.impl.OrderedAsync$PendingOrderedRequest.setReply(OrderedAsync.java:66)
	at org.apache.ratis.util.SlidingWindow$RequestMap.setReply(SlidingWindow.java:147)
	at org.apache.ratis.util.SlidingWindow$Client.receiveReply(SlidingWindow.java:351)
	at org.apache.ratis.client.impl.OrderedAsync.lambda$sendRequestWithRetry$5(OrderedAsync.java:210)
	at java.base/java.util.concurrent.CompletableFuture$UniAccept.tryFire(CompletableFuture.java:718)
	at java.base/java.util.concurrent.CompletableFuture.postComplete(CompletableFuture.java:510)
	at java.base/java.util.concurrent.CompletableFuture.complete(CompletableFuture.java:2179)
	at org.apache.ratis.grpc.client.GrpcClientProtocolClient$AsyncStreamObservers$1.lambda$onNext$0(GrpcClientProtocolClient.java:325)
	at java.base/java.util.Optional.ifPresent(Optional.java:178)
	at org.apache.ratis.grpc.client.GrpcClientProtocolClient$AsyncStreamObservers.handleReplyFuture(GrpcClientProtocolClient.java:381)
	at org.apache.ratis.grpc.client.GrpcClientProtocolClient$AsyncStreamObservers.access$100(GrpcClientProtocolClient.java:303)
	at org.apache.ratis.grpc.client.GrpcClientProtocolClient$AsyncStreamObservers$1.onNext(GrpcClientProtocolClient.java:325)
	at org.apache.ratis.grpc.client.GrpcClientProtocolClient$AsyncStreamObservers$1.onNext(GrpcClientProtocolClient.java:308)
	at org.apache.ratis.thirdparty.io.grpc.stub.ClientCalls$StreamObserverToCallListenerAdapter.onMessage(ClientCalls.java:551)
	at org.apache.ratis.thirdparty.io.grpc.ForwardingClientCallListener.onMessage(ForwardingClientCallListener.java:33)
	at org.apache.ratis.thirdparty.io.grpc.internal.DelayedClientCall$DelayedListener.onMessage(DelayedClientCall.java:473)
	at org.apache.ratis.thirdparty.io.grpc.internal.ClientCallImpl$ClientStreamListenerImpl$1MessagesAvailable.runInternal(ClientCallImpl.java:661)
	at org.apache.ratis.thirdparty.io.grpc.internal.ClientCallImpl$ClientStreamListenerImpl$1MessagesAvailable.runInContext(ClientCallImpl.java:648)
	at org.apache.ratis.thirdparty.io.grpc.internal.ContextRunnable.run(ContextRunnable.java:37)
	at org.apache.ratis.thirdparty.io.grpc.internal.SerializingExecutor.run(SerializingExecutor.java:133)
	at java.base/java.util.concurrent.ThreadPoolExecutor.runWorker(ThreadPoolExecutor.java:1144)
	at java.base/java.util.concurrent.ThreadPoolExecutor$Worker.run(ThreadPoolExecutor.java:642)
	at java.base/java.lang.Thread.run(Thread.java:1583)
Caused by: org.apache.ratis.protocol.exceptions.StateMachineException: org.apache.hadoop.hdds.scm.container.common.helpers.ContainerNotOpenException from Server 5109dbd0-88b3-4954-9428-6522438831f5@group-6E557299AE72: Container 4 in CLOSED state
	at org.apache.hadoop.ozone.container.common.impl.HddsDispatcher.validateContainerCommand(HddsDispatcher.java:580)
	at org.apache.hadoop.ozone.container.common.transport.server.ratis.ContainerStateMachine.startTransaction(ContainerStateMachine.java:488)
	at org.apache.ratis.server.impl.RaftServerImpl.writeAsyncImpl(RaftServerImpl.java:987)
	at org.apache.ratis.server.impl.RaftServerImpl.writeAsync(RaftServerImpl.java:960)
	at org.apache.ratis.server.impl.RaftServerImpl.replyFuture(RaftServerImpl.java:953)
	at org.apache.ratis.server.impl.RaftServerImpl.submitClientRequestAsync(RaftServerImpl.java:930)
	at org.apache.ratis.server.impl.RaftServerImpl.lambda$null$11(RaftServerImpl.java:919)
	at org.apache.ratis.util.JavaUtils.callAsUnchecked(JavaUtils.java:118)
	at org.apache.ratis.server.impl.RaftServerImpl.lambda$executeSubmitClientRequestAsync$12(RaftServerImpl.java:919)
	at java.base/java.util.concurrent.CompletableFuture$AsyncSupply.run(CompletableFuture.java:1768)
	... 3 more
Caused by: org.apache.hadoop.hdds.scm.container.common.helpers.ContainerNotOpenException: Container 4 in CLOSED state
	at java.base/jdk.internal.reflect.DirectConstructorHandleAccessor.newInstance(DirectConstructorHandleAccessor.java:62)
	at java.base/java.lang.reflect.Constructor.newInstanceWithCaller(Constructor.java:502)
	at java.base/java.lang.reflect.Constructor.newInstance(Constructor.java:486)
	at org.apache.ratis.util.ReflectionUtils.instantiateException(ReflectionUtils.java:265)
	at org.apache.ratis.client.impl.ClientProtoUtils.toStateMachineException(ClientProtoUtils.java:455)
	at org.apache.ratis.client.impl.ClientProtoUtils.toStateMachineException(ClientProtoUtils.java:441)
	at org.apache.ratis.client.impl.ClientProtoUtils.toRaftClientReply(ClientProtoUtils.java:408)
	at org.apache.ratis.grpc.client.GrpcClientProtocolClient$AsyncStreamObservers$1.onNext(GrpcClientProtocolClient.java:313)
	at org.apache.ratis.grpc.client.GrpcClientProtocolClient$AsyncStreamObservers$1.onNext(GrpcClientProtocolClient.java:308)
	at org.apache.ratis.thirdparty.io.grpc.stub.ClientCalls$StreamObserverToCallListenerAdapter.onMessage(ClientCalls.java:551)
	at org.apache.ratis.thirdparty.io.grpc.ForwardingClientCallListener.onMessage(ForwardingClientCallListener.java:33)
	at org.apache.ratis.thirdparty.io.grpc.internal.DelayedClientCall$DelayedListener.onMessage(DelayedClientCall.java:473)
	at org.apache.ratis.thirdparty.io.grpc.internal.ClientCallImpl$ClientStreamListenerImpl$1MessagesAvailable.runInternal(ClientCallImpl.java:661)
	at org.apache.ratis.thirdparty.io.grpc.internal.ClientCallImpl$ClientStreamListenerImpl$1MessagesAvailable.runInContext(ClientCallImpl.java:648)
	at org.apache.ratis.thirdparty.io.grpc.internal.ContextRunnable.run(ContextRunnable.java:37)
	at org.apache.ratis.thirdparty.io.grpc.internal.SerializingExecutor.run(SerializingExecutor.java:133)
	... 3 more
2025-07-15T19:44:57.572625858Z 5109dbd0-88b3-4954-9428-6522438831f5-client-thread3 ERROR user=null | ip=null | op=WRITE_CHUNK {blockData=conID: 4 locID: 115816896921600004 bcsId: 0 replicaIndex: null, offset=0, size=5} | ret=FAILURE
org.apache.hadoop.hdds.scm.container.common.helpers.ContainerNotOpenException: Container 4 in UNHEALTHY state
	at org.apache.hadoop.ozone.container.common.impl.HddsDispatcher.validateContainerCommand(HddsDispatcher.java:580)
	at org.apache.hadoop.ozone.container.common.transport.server.ratis.ContainerStateMachine.startTransaction(ContainerStateMachine.java:488)
	at org.apache.ratis.server.impl.RaftServerImpl.writeAsyncImpl(RaftServerImpl.java:987)
	at org.apache.ratis.server.impl.RaftServerImpl.writeAsync(RaftServerImpl.java:960)
	at org.apache.ratis.server.impl.RaftServerImpl.replyFuture(RaftServerImpl.java:953)
	at org.apache.ratis.server.impl.RaftServerImpl.submitClientRequestAsync(RaftServerImpl.java:930)
	at org.apache.ratis.server.impl.RaftServerImpl.lambda$null$11(RaftServerImpl.java:919)
	at org.apache.ratis.util.JavaUtils.callAsUnchecked(JavaUtils.java:118)
	at org.apache.ratis.server.impl.RaftServerImpl.lambda$executeSubmitClientRequestAsync$12(RaftServerImpl.java:919)
	at java.base/java.util.concurrent.CompletableFuture$AsyncSupply.run(CompletableFuture.java:1768)
	at java.base/java.util.concurrent.ThreadPoolExecutor.runWorker(ThreadPoolExecutor.java:1144)
	at java.base/java.util.concurrent.ThreadPoolExecutor$Worker.run(ThreadPoolExecutor.java:642)
	at java.base/java.lang.Thread.run(Thread.java:1583)
2025-07-15 19:44:57,572 [grpc-default-executor-5] ERROR impl.OrderedAsync (OrderedAsync.java:lambda$send$4(181)) - Failed to send request, message=cmdType: WriteChunk
traceID: ""
containerID: 4
datanodeUuid: "5109dbd0-88b3-4954-9428-6522438831f5"
writeChunk {
  blockID {
    containerID: 4
    localID: 115816896921600004
    blockCommitSequenceId: 0
  }
  chunkData {
    chunkName: "115816896921600004.data.0"
    offset: 0
    len: 5
    checksumData {
      type: CRC32
      bytesPerChecksum: 1048576
      checksums: "\026\353$G"
    }
  }
}
version: 3
, data.size=5
java.util.concurrent.CompletionException: org.apache.ratis.protocol.exceptions.StateMachineException: org.apache.hadoop.hdds.scm.container.common.helpers.ContainerNotOpenException from Server 5109dbd0-88b3-4954-9428-6522438831f5@group-6E557299AE72: Container 4 in CLOSED state
	at org.apache.ratis.client.impl.RaftClientImpl.handleRaftException(RaftClientImpl.java:373)
	at org.apache.ratis.client.impl.OrderedAsync.lambda$send$3(OrderedAsync.java:175)
	at java.base/java.util.concurrent.CompletableFuture$UniApply.tryFire(CompletableFuture.java:646)
	at java.base/java.util.concurrent.CompletableFuture.postComplete(CompletableFuture.java:510)
	at java.base/java.util.concurrent.CompletableFuture.complete(CompletableFuture.java:2179)
	at org.apache.ratis.client.impl.OrderedAsync$PendingOrderedRequest.setReply(OrderedAsync.java:105)
	at org.apache.ratis.client.impl.OrderedAsync$PendingOrderedRequest.setReply(OrderedAsync.java:66)
	at org.apache.ratis.util.SlidingWindow$RequestMap.setReply(SlidingWindow.java:147)
	at org.apache.ratis.util.SlidingWindow$Client.receiveReply(SlidingWindow.java:351)
	at org.apache.ratis.client.impl.OrderedAsync.lambda$sendRequestWithRetry$5(OrderedAsync.java:210)
	at java.base/java.util.concurrent.CompletableFuture$UniAccept.tryFire(CompletableFuture.java:718)
	at java.base/java.util.concurrent.CompletableFuture.postComplete(CompletableFuture.java:510)
	at java.base/java.util.concurrent.CompletableFuture.complete(CompletableFuture.java:2179)
	at org.apache.ratis.grpc.client.GrpcClientProtocolClient$AsyncStreamObservers$1.lambda$onNext$0(GrpcClientProtocolClient.java:325)
	at java.base/java.util.Optional.ifPresent(Optional.java:178)
	at org.apache.ratis.grpc.client.GrpcClientProtocolClient$AsyncStreamObservers.handleReplyFuture(GrpcClientProtocolClient.java:381)
	at org.apache.ratis.grpc.client.GrpcClientProtocolClient$AsyncStreamObservers.access$100(GrpcClientProtocolClient.java:303)
	at org.apache.ratis.grpc.client.GrpcClientProtocolClient$AsyncStreamObservers$1.onNext(GrpcClientProtocolClient.java:325)
	at org.apache.ratis.grpc.client.GrpcClientProtocolClient$AsyncStreamObservers$1.onNext(GrpcClientProtocolClient.java:308)
	at org.apache.ratis.thirdparty.io.grpc.stub.ClientCalls$StreamObserverToCallListenerAdapter.onMessage(ClientCalls.java:551)
	at org.apache.ratis.thirdparty.io.grpc.ForwardingClientCallListener.onMessage(ForwardingClientCallListener.java:33)
	at org.apache.ratis.thirdparty.io.grpc.internal.DelayedClientCall$DelayedListener.onMessage(DelayedClientCall.java:473)
	at org.apache.ratis.thirdparty.io.grpc.internal.ClientCallImpl$ClientStreamListenerImpl$1MessagesAvailable.runInternal(ClientCallImpl.java:661)
	at org.apache.ratis.thirdparty.io.grpc.internal.ClientCallImpl$ClientStreamListenerImpl$1MessagesAvailable.runInContext(ClientCallImpl.java:648)
	at org.apache.ratis.thirdparty.io.grpc.internal.ContextRunnable.run(ContextRunnable.java:37)
	at org.apache.ratis.thirdparty.io.grpc.internal.SerializingExecutor.run(SerializingExecutor.java:133)
	at java.base/java.util.concurrent.ThreadPoolExecutor.runWorker(ThreadPoolExecutor.java:1144)
	at java.base/java.util.concurrent.ThreadPoolExecutor$Worker.run(ThreadPoolExecutor.java:642)
	at java.base/java.lang.Thread.run(Thread.java:1583)
Caused by: org.apache.ratis.protocol.exceptions.StateMachineException: org.apache.hadoop.hdds.scm.container.common.helpers.ContainerNotOpenException from Server 5109dbd0-88b3-4954-9428-6522438831f5@group-6E557299AE72: Container 4 in CLOSED state
	at org.apache.hadoop.ozone.container.common.impl.HddsDispatcher.validateContainerCommand(HddsDispatcher.java:580)
	at org.apache.hadoop.ozone.container.common.transport.server.ratis.ContainerStateMachine.startTransaction(ContainerStateMachine.java:488)
	at org.apache.ratis.server.impl.RaftServerImpl.writeAsyncImpl(RaftServerImpl.java:987)
	at org.apache.ratis.server.impl.RaftServerImpl.writeAsync(RaftServerImpl.java:960)
	at org.apache.ratis.server.impl.RaftServerImpl.replyFuture(RaftServerImpl.java:953)
	at org.apache.ratis.server.impl.RaftServerImpl.submitClientRequestAsync(RaftServerImpl.java:930)
	at org.apache.ratis.server.impl.RaftServerImpl.lambda$null$11(RaftServerImpl.java:919)
	at org.apache.ratis.util.JavaUtils.callAsUnchecked(JavaUtils.java:118)
	at org.apache.ratis.server.impl.RaftServerImpl.lambda$executeSubmitClientRequestAsync$12(RaftServerImpl.java:919)
	at java.base/java.util.concurrent.CompletableFuture$AsyncSupply.run(CompletableFuture.java:1768)
	... 3 more
Caused by: org.apache.hadoop.hdds.scm.container.common.helpers.ContainerNotOpenException: Container 4 in CLOSED state
	at java.base/jdk.internal.reflect.DirectConstructorHandleAccessor.newInstance(DirectConstructorHandleAccessor.java:62)
	at java.base/java.lang.reflect.Constructor.newInstanceWithCaller(Constructor.java:502)
	at java.base/java.lang.reflect.Constructor.newInstance(Constructor.java:486)
	at org.apache.ratis.util.ReflectionUtils.instantiateException(ReflectionUtils.java:265)
	at org.apache.ratis.client.impl.ClientProtoUtils.toStateMachineException(ClientProtoUtils.java:455)
	at org.apache.ratis.client.impl.ClientProtoUtils.toStateMachineException(ClientProtoUtils.java:441)
	at org.apache.ratis.client.impl.ClientProtoUtils.toRaftClientReply(ClientProtoUtils.java:408)
	at org.apache.ratis.grpc.client.GrpcClientProtocolClient$AsyncStreamObservers$1.onNext(GrpcClientProtocolClient.java:313)
	at org.apache.ratis.grpc.client.GrpcClientProtocolClient$AsyncStreamObservers$1.onNext(GrpcClientProtocolClient.java:308)
	at org.apache.ratis.thirdparty.io.grpc.stub.ClientCalls$StreamObserverToCallListenerAdapter.onMessage(ClientCalls.java:551)
	at org.apache.ratis.thirdparty.io.grpc.ForwardingClientCallListener.onMessage(ForwardingClientCallListener.java:33)
	at org.apache.ratis.thirdparty.io.grpc.internal.DelayedClientCall$DelayedListener.onMessage(DelayedClientCall.java:473)
	at org.apache.ratis.thirdparty.io.grpc.internal.ClientCallImpl$ClientStreamListenerImpl$1MessagesAvailable.runInternal(ClientCallImpl.java:661)
	at org.apache.ratis.thirdparty.io.grpc.internal.ClientCallImpl$ClientStreamListenerImpl$1MessagesAvailable.runInContext(ClientCallImpl.java:648)
	at org.apache.ratis.thirdparty.io.grpc.internal.ContextRunnable.run(ContextRunnable.java:37)
	at org.apache.ratis.thirdparty.io.grpc.internal.SerializingExecutor.run(SerializingExecutor.java:133)
	... 3 more
2025-07-15 19:44:57,574 [grpc-default-executor-5] ERROR impl.OrderedAsync (OrderedAsync.java:lambda$send$4(181)) - Failed to send request, message=cmdType: WriteChunk
traceID: ""
containerID: 4
datanodeUuid: "5109dbd0-88b3-4954-9428-6522438831f5"
writeChunk {
  blockID {
    containerID: 4
    localID: 115816896921600004
    blockCommitSequenceId: 0
  }
  chunkData {
    chunkName: "115816896921600004.data.0"
    offset: 0
    len: 5
    checksumData {
      type: CRC32
      bytesPerChecksum: 1048576
      checksums: "\246\251\221D"
    }
  }
}
version: 3
, data.size=5
java.util.concurrent.CompletionException: org.apache.ratis.protocol.exceptions.StateMachineException: org.apache.hadoop.hdds.scm.container.common.helpers.ContainerNotOpenException from Server 5109dbd0-88b3-4954-9428-6522438831f5@group-6E557299AE72: Container 4 in CLOSED state
	at org.apache.ratis.client.impl.RaftClientImpl.handleRaftException(RaftClientImpl.java:373)
	at org.apache.ratis.client.impl.OrderedAsync.lambda$send$3(OrderedAsync.java:175)
	at java.base/java.util.concurrent.CompletableFuture$UniApply.tryFire(CompletableFuture.java:646)
	at java.base/java.util.concurrent.CompletableFuture.postComplete(CompletableFuture.java:510)
	at java.base/java.util.concurrent.CompletableFuture.complete(CompletableFuture.java:2179)
	at org.apache.ratis.client.impl.OrderedAsync$PendingOrderedRequest.setReply(OrderedAsync.java:105)
	at org.apache.ratis.client.impl.OrderedAsync$PendingOrderedRequest.setReply(OrderedAsync.java:66)
	at org.apache.ratis.util.SlidingWindow$RequestMap.setReply(SlidingWindow.java:147)
	at org.apache.ratis.util.SlidingWindow$Client.receiveReply(SlidingWindow.java:351)
	at org.apache.ratis.client.impl.OrderedAsync.lambda$sendRequestWithRetry$5(OrderedAsync.java:210)
	at java.base/java.util.concurrent.CompletableFuture$UniAccept.tryFire(CompletableFuture.java:718)
	at java.base/java.util.concurrent.CompletableFuture.postComplete(CompletableFuture.java:510)
	at java.base/java.util.concurrent.CompletableFuture.complete(CompletableFuture.java:2179)
	at org.apache.ratis.grpc.client.GrpcClientProtocolClient$AsyncStreamObservers$1.lambda$onNext$0(GrpcClientProtocolClient.java:325)
	at java.base/java.util.Optional.ifPresent(Optional.java:178)
	at org.apache.ratis.grpc.client.GrpcClientProtocolClient$AsyncStreamObservers.handleReplyFuture(GrpcClientProtocolClient.java:381)
	at org.apache.ratis.grpc.client.GrpcClientProtocolClient$AsyncStreamObservers.access$100(GrpcClientProtocolClient.java:303)
	at org.apache.ratis.grpc.client.GrpcClientProtocolClient$AsyncStreamObservers$1.onNext(GrpcClientProtocolClient.java:325)
	at org.apache.ratis.grpc.client.GrpcClientProtocolClient$AsyncStreamObservers$1.onNext(GrpcClientProtocolClient.java:308)
	at org.apache.ratis.thirdparty.io.grpc.stub.ClientCalls$StreamObserverToCallListenerAdapter.onMessage(ClientCalls.java:551)
	at org.apache.ratis.thirdparty.io.grpc.ForwardingClientCallListener.onMessage(ForwardingClientCallListener.java:33)
	at org.apache.ratis.thirdparty.io.grpc.internal.DelayedClientCall$DelayedListener.onMessage(DelayedClientCall.java:473)
	at org.apache.ratis.thirdparty.io.grpc.internal.ClientCallImpl$ClientStreamListenerImpl$1MessagesAvailable.runInternal(ClientCallImpl.java:661)
	at org.apache.ratis.thirdparty.io.grpc.internal.ClientCallImpl$ClientStreamListenerImpl$1MessagesAvailable.runInContext(ClientCallImpl.java:648)
	at org.apache.ratis.thirdparty.io.grpc.internal.ContextRunnable.run(ContextRunnable.java:37)
	at org.apache.ratis.thirdparty.io.grpc.internal.SerializingExecutor.run(SerializingExecutor.java:133)
	at java.base/java.util.concurrent.ThreadPoolExecutor.runWorker(ThreadPoolExecutor.java:1144)
	at java.base/java.util.concurrent.ThreadPoolExecutor$Worker.run(ThreadPoolExecutor.java:642)
	at java.base/java.lang.Thread.run(Thread.java:1583)
Caused by: org.apache.ratis.protocol.exceptions.StateMachineException: org.apache.hadoop.hdds.scm.container.common.helpers.ContainerNotOpenException from Server 5109dbd0-88b3-4954-9428-6522438831f5@group-6E557299AE72: Container 4 in CLOSED state
	at org.apache.hadoop.ozone.container.common.impl.HddsDispatcher.validateContainerCommand(HddsDispatcher.java:580)
	at org.apache.hadoop.ozone.container.common.transport.server.ratis.ContainerStateMachine.startTransaction(ContainerStateMachine.java:488)
	at org.apache.ratis.server.impl.RaftServerImpl.writeAsyncImpl(RaftServerImpl.java:987)
	at org.apache.ratis.server.impl.RaftServerImpl.writeAsync(RaftServerImpl.java:960)
	at org.apache.ratis.server.impl.RaftServerImpl.replyFuture(RaftServerImpl.java:953)
	at org.apache.ratis.server.impl.RaftServerImpl.submitClientRequestAsync(RaftServerImpl.java:930)
	at org.apache.ratis.server.impl.RaftServerImpl.lambda$null$11(RaftServerImpl.java:919)
	at org.apache.ratis.util.JavaUtils.callAsUnchecked(JavaUtils.java:118)
	at org.apache.ratis.server.impl.RaftServerImpl.lambda$executeSubmitClientRequestAsync$12(RaftServerImpl.java:919)
	at java.base/java.util.concurrent.CompletableFuture$AsyncSupply.run(CompletableFuture.java:1768)
	... 3 more
Caused by: org.apache.hadoop.hdds.scm.container.common.helpers.ContainerNotOpenException: Container 4 in CLOSED state
	at java.base/jdk.internal.reflect.DirectConstructorHandleAccessor.newInstance(DirectConstructorHandleAccessor.java:62)
	at java.base/java.lang.reflect.Constructor.newInstanceWithCaller(Constructor.java:502)
	at java.base/java.lang.reflect.Constructor.newInstance(Constructor.java:486)
	at org.apache.ratis.util.ReflectionUtils.instantiateException(ReflectionUtils.java:265)
	at org.apache.ratis.client.impl.ClientProtoUtils.toStateMachineException(ClientProtoUtils.java:455)
	at org.apache.ratis.client.impl.ClientProtoUtils.toStateMachineException(ClientProtoUtils.java:441)
	at org.apache.ratis.client.impl.ClientProtoUtils.toRaftClientReply(ClientProtoUtils.java:408)
	at org.apache.ratis.grpc.client.GrpcClientProtocolClient$AsyncStreamObservers$1.onNext(GrpcClientProtocolClient.java:313)
	at org.apache.ratis.grpc.client.GrpcClientProtocolClient$AsyncStreamObservers$1.onNext(GrpcClientProtocolClient.java:308)
	at org.apache.ratis.thirdparty.io.grpc.stub.ClientCalls$StreamObserverToCallListenerAdapter.onMessage(ClientCalls.java:551)
	at org.apache.ratis.thirdparty.io.grpc.ForwardingClientCallListener.onMessage(ForwardingClientCallListener.java:33)
	at org.apache.ratis.thirdparty.io.grpc.internal.DelayedClientCall$DelayedListener.onMessage(DelayedClientCall.java:473)
	at org.apache.ratis.thirdparty.io.grpc.internal.ClientCallImpl$ClientStreamListenerImpl$1MessagesAvailable.runInternal(ClientCallImpl.java:661)
	at org.apache.ratis.thirdparty.io.grpc.internal.ClientCallImpl$ClientStreamListenerImpl$1MessagesAvailable.runInContext(ClientCallImpl.java:648)
	at org.apache.ratis.thirdparty.io.grpc.internal.ContextRunnable.run(ContextRunnable.java:37)
	at org.apache.ratis.thirdparty.io.grpc.internal.SerializingExecutor.run(SerializingExecutor.java:133)
	... 3 more
2025-07-15 19:44:57,577 [grpc-default-executor-5] ERROR impl.OrderedAsync (OrderedAsync.java:lambda$send$4(181)) - Failed to send request, message=cmdType: WriteChunk
traceID: ""
containerID: 4
datanodeUuid: "5109dbd0-88b3-4954-9428-6522438831f5"
writeChunk {
  blockID {
    containerID: 4
    localID: 115816896921600004
    blockCommitSequenceId: 0
  }
  chunkData {
    chunkName: "115816896921600004.data.0"
    offset: 0
    len: 5
    checksumData {
      type: CRC32
      bytesPerChecksum: 1048576
      checksums: ",\376t\334"
    }
  }
}
version: 3
, data.size=5
java.util.concurrent.CompletionException: org.apache.ratis.protocol.exceptions.StateMachineException: org.apache.hadoop.hdds.scm.container.common.helpers.ContainerNotOpenException from Server 5109dbd0-88b3-4954-9428-6522438831f5@group-6E557299AE72: Container 4 in CLOSED state
	at org.apache.ratis.client.impl.RaftClientImpl.handleRaftException(RaftClientImpl.java:373)
	at org.apache.ratis.client.impl.OrderedAsync.lambda$send$3(OrderedAsync.java:175)
	at java.base/java.util.concurrent.CompletableFuture$UniApply.tryFire(CompletableFuture.java:646)
	at java.base/java.util.concurrent.CompletableFuture.postComplete(CompletableFuture.java:510)
	at java.base/java.util.concurrent.CompletableFuture.complete(CompletableFuture.java:2179)
	at org.apache.ratis.client.impl.OrderedAsync$PendingOrderedRequest.setReply(OrderedAsync.java:105)
	at org.apache.ratis.client.impl.OrderedAsync$PendingOrderedRequest.setReply(OrderedAsync.java:66)
	at org.apache.ratis.util.SlidingWindow$RequestMap.setReply(SlidingWindow.java:147)
	at org.apache.ratis.util.SlidingWindow$Client.receiveReply(SlidingWindow.java:351)
	at org.apache.ratis.client.impl.OrderedAsync.lambda$sendRequestWithRetry$5(OrderedAsync.java:210)
	at java.base/java.util.concurrent.CompletableFuture$UniAccept.tryFire(CompletableFuture.java:718)
	at java.base/java.util.concurrent.CompletableFuture.postComplete(CompletableFuture.java:510)
	at java.base/java.util.concurrent.CompletableFuture.complete(CompletableFuture.java:2179)
	at org.apache.ratis.grpc.client.GrpcClientProtocolClient$AsyncStreamObservers$1.lambda$onNext$0(GrpcClientProtocolClient.java:325)
	at java.base/java.util.Optional.ifPresent(Optional.java:178)
	at org.apache.ratis.grpc.client.GrpcClientProtocolClient$AsyncStreamObservers.handleReplyFuture(GrpcClientProtocolClient.java:381)
	at org.apache.ratis.grpc.client.GrpcClientProtocolClient$AsyncStreamObservers.access$100(GrpcClientProtocolClient.java:303)
	at org.apache.ratis.grpc.client.GrpcClientProtocolClient$AsyncStreamObservers$1.onNext(GrpcClientProtocolClient.java:325)
	at org.apache.ratis.grpc.client.GrpcClientProtocolClient$AsyncStreamObservers$1.onNext(GrpcClientProtocolClient.java:308)
	at org.apache.ratis.thirdparty.io.grpc.stub.ClientCalls$StreamObserverToCallListenerAdapter.onMessage(ClientCalls.java:551)
	at org.apache.ratis.thirdparty.io.grpc.ForwardingClientCallListener.onMessage(ForwardingClientCallListener.java:33)
	at org.apache.ratis.thirdparty.io.grpc.internal.DelayedClientCall$DelayedListener.onMessage(DelayedClientCall.java:473)
	at org.apache.ratis.thirdparty.io.grpc.internal.ClientCallImpl$ClientStreamListenerImpl$1MessagesAvailable.runInternal(ClientCallImpl.java:661)
	at org.apache.ratis.thirdparty.io.grpc.internal.ClientCallImpl$ClientStreamListenerImpl$1MessagesAvailable.runInContext(ClientCallImpl.java:648)
	at org.apache.ratis.thirdparty.io.grpc.internal.ContextRunnable.run(ContextRunnable.java:37)
	at org.apache.ratis.thirdparty.io.grpc.internal.SerializingExecutor.run(SerializingExecutor.java:133)
	at java.base/java.util.concurrent.ThreadPoolExecutor.runWorker(ThreadPoolExecutor.java:1144)
	at java.base/java.util.concurrent.ThreadPoolExecutor$Worker.run(ThreadPoolExecutor.java:642)
	at java.base/java.lang.Thread.run(Thread.java:1583)
Caused by: org.apache.ratis.protocol.exceptions.StateMachineException: org.apache.hadoop.hdds.scm.container.common.helpers.ContainerNotOpenException from Server 5109dbd0-88b3-4954-9428-6522438831f5@group-6E557299AE72: Container 4 in CLOSED state
	at org.apache.hadoop.ozone.container.common.impl.HddsDispatcher.validateContainerCommand(HddsDispatcher.java:580)
	at org.apache.hadoop.ozone.container.common.transport.server.ratis.ContainerStateMachine.startTransaction(ContainerStateMachine.java:488)
	at org.apache.ratis.server.impl.RaftServerImpl.writeAsyncImpl(RaftServerImpl.java:987)
	at org.apache.ratis.server.impl.RaftServerImpl.writeAsync(RaftServerImpl.java:960)
	at org.apache.ratis.server.impl.RaftServerImpl.replyFuture(RaftServerImpl.java:953)
	at org.apache.ratis.server.impl.RaftServerImpl.submitClientRequestAsync(RaftServerImpl.java:930)
	at org.apache.ratis.server.impl.RaftServerImpl.lambda$null$11(RaftServerImpl.java:919)
	at org.apache.ratis.util.JavaUtils.callAsUnchecked(JavaUtils.java:118)
	at org.apache.ratis.server.impl.RaftServerImpl.lambda$executeSubmitClientRequestAsync$12(RaftServerImpl.java:919)
	at java.base/java.util.concurrent.CompletableFuture$AsyncSupply.run(CompletableFuture.java:1768)
	... 3 more
Caused by: org.apache.hadoop.hdds.scm.container.common.helpers.ContainerNotOpenException: Container 4 in CLOSED state
	at java.base/jdk.internal.reflect.DirectConstructorHandleAccessor.newInstance(DirectConstructorHandleAccessor.java:62)
	at java.base/java.lang.reflect.Constructor.newInstanceWithCaller(Constructor.java:502)
	at java.base/java.lang.reflect.Constructor.newInstance(Constructor.java:486)
	at org.apache.ratis.util.ReflectionUtils.instantiateException(ReflectionUtils.java:265)
	at org.apache.ratis.client.impl.ClientProtoUtils.toStateMachineException(ClientProtoUtils.java:455)
	at org.apache.ratis.client.impl.ClientProtoUtils.toStateMachineException(ClientProtoUtils.java:441)
	at org.apache.ratis.client.impl.ClientProtoUtils.toRaftClientReply(ClientProtoUtils.java:408)
	at org.apache.ratis.grpc.client.GrpcClientProtocolClient$AsyncStreamObservers$1.onNext(GrpcClientProtocolClient.java:313)
	at org.apache.ratis.grpc.client.GrpcClientProtocolClient$AsyncStreamObservers$1.onNext(GrpcClientProtocolClient.java:308)
	at org.apache.ratis.thirdparty.io.grpc.stub.ClientCalls$StreamObserverToCallListenerAdapter.onMessage(ClientCalls.java:551)
	at org.apache.ratis.thirdparty.io.grpc.ForwardingClientCallListener.onMessage(ForwardingClientCallListener.java:33)
	at org.apache.ratis.thirdparty.io.grpc.internal.DelayedClientCall$DelayedListener.onMessage(DelayedClientCall.java:473)
	at org.apache.ratis.thirdparty.io.grpc.internal.ClientCallImpl$ClientStreamListenerImpl$1MessagesAvailable.runInternal(ClientCallImpl.java:661)
	at org.apache.ratis.thirdparty.io.grpc.internal.ClientCallImpl$ClientStreamListenerImpl$1MessagesAvailable.runInContext(ClientCallImpl.java:648)
	at org.apache.ratis.thirdparty.io.grpc.internal.ContextRunnable.run(ContextRunnable.java:37)
	at org.apache.ratis.thirdparty.io.grpc.internal.SerializingExecutor.run(SerializingExecutor.java:133)
	... 3 more
2025-07-15T19:44:57.575997218Z 5109dbd0-88b3-4954-9428-6522438831f5-client-thread2 ERROR user=null | ip=null | op=WRITE_CHUNK {blockData=conID: 4 locID: 115816896921600004 bcsId: 0 replicaIndex: null, offset=0, size=5} | ret=FAILURE
org.apache.hadoop.hdds.scm.container.common.helpers.ContainerNotOpenException: Container 4 in UNHEALTHY state
	at org.apache.hadoop.ozone.container.common.impl.HddsDispatcher.validateContainerCommand(HddsDispatcher.java:580)
	at org.apache.hadoop.ozone.container.common.transport.server.ratis.ContainerStateMachine.startTransaction(ContainerStateMachine.java:488)
	at org.apache.ratis.server.impl.RaftServerImpl.writeAsyncImpl(RaftServerImpl.java:987)
	at org.apache.ratis.server.impl.RaftServerImpl.writeAsync(RaftServerImpl.java:960)
	at org.apache.ratis.server.impl.RaftServerImpl.replyFuture(RaftServerImpl.java:953)
	at org.apache.ratis.server.impl.RaftServerImpl.submitClientRequestAsync(RaftServerImpl.java:930)
	at org.apache.ratis.server.impl.RaftServerImpl.lambda$null$11(RaftServerImpl.java:919)
	at org.apache.ratis.util.JavaUtils.callAsUnchecked(JavaUtils.java:118)
	at org.apache.ratis.server.impl.RaftServerImpl.lambda$executeSubmitClientRequestAsync$12(RaftServerImpl.java:919)
	at java.base/java.util.concurrent.CompletableFuture$AsyncSupply.run(CompletableFuture.java:1768)
	at java.base/java.util.concurrent.ThreadPoolExecutor.runWorker(ThreadPoolExecutor.java:1144)
	at java.base/java.util.concurrent.ThreadPoolExecutor$Worker.run(ThreadPoolExecutor.java:642)
	at java.base/java.lang.Thread.run(Thread.java:1583)
2025-07-15T19:44:57.579305391Z 5109dbd0-88b3-4954-9428-6522438831f5-client-thread2 ERROR user=null | ip=null | op=WRITE_CHUNK {blockData=conID: 4 locID: 115816896921600004 bcsId: 0 replicaIndex: null, offset=0, size=5} | ret=FAILURE
org.apache.hadoop.hdds.scm.container.common.helpers.ContainerNotOpenException: Container 4 in UNHEALTHY state
	at org.apache.hadoop.ozone.container.common.impl.HddsDispatcher.validateContainerCommand(HddsDispatcher.java:580)
	at org.apache.hadoop.ozone.container.common.transport.server.ratis.ContainerStateMachine.startTransaction(ContainerStateMachine.java:488)
	at org.apache.ratis.server.impl.RaftServerImpl.writeAsyncImpl(RaftServerImpl.java:987)
	at org.apache.ratis.server.impl.RaftServerImpl.writeAsync(RaftServerImpl.java:960)
	at org.apache.ratis.server.impl.RaftServerImpl.replyFuture(RaftServerImpl.java:953)
	at org.apache.ratis.server.impl.RaftServerImpl.submitClientRequestAsync(RaftServerImpl.java:930)
	at org.apache.ratis.server.impl.RaftServerImpl.lambda$null$11(RaftServerImpl.java:919)
	at org.apache.ratis.util.JavaUtils.callAsUnchecked(JavaUtils.java:118)
	at org.apache.ratis.server.impl.RaftServerImpl.lambda$executeSubmitClientRequestAsync$12(RaftServerImpl.java:919)
	at java.base/java.util.concurrent.CompletableFuture$AsyncSupply.run(CompletableFuture.java:1768)
	at java.base/java.util.concurrent.ThreadPoolExecutor.runWorker(ThreadPoolExecutor.java:1144)
	at java.base/java.util.concurrent.ThreadPoolExecutor$Worker.run(ThreadPoolExecutor.java:642)
	at java.base/java.lang.Thread.run(Thread.java:1583)
2025-07-15T19:44:57.581288676Z 5109dbd0-88b3-4954-9428-6522438831f5-client-thread2 ERROR user=null | ip=null | op=WRITE_CHUNK {blockData=conID: 4 locID: 115816896921600004 bcsId: 0 replicaIndex: null, offset=0, size=5} | ret=FAILURE
org.apache.hadoop.hdds.scm.container.common.helpers.ContainerNotOpenException: Container 4 in UNHEALTHY state
	at org.apache.hadoop.ozone.container.common.impl.HddsDispatcher.validateContainerCommand(HddsDispatcher.java:580)
	at org.apache.hadoop.ozone.container.common.transport.server.ratis.ContainerStateMachine.startTransaction(ContainerStateMachine.java:488)
	at org.apache.ratis.server.impl.RaftServerImpl.writeAsyncImpl(RaftServerImpl.java:987)
	at org.apache.ratis.server.impl.RaftServerImpl.writeAsync(RaftServerImpl.java:960)
	at org.apache.ratis.server.impl.RaftServerImpl.replyFuture(RaftServerImpl.java:953)
	at org.apache.ratis.server.impl.RaftServerImpl.submitClientRequestAsync(RaftServerImpl.java:930)
	at org.apache.ratis.server.impl.RaftServerImpl.lambda$null$11(RaftServerImpl.java:919)
	at org.apache.ratis.util.JavaUtils.callAsUnchecked(JavaUtils.java:118)
	at org.apache.ratis.server.impl.RaftServerImpl.lambda$executeSubmitClientRequestAsync$12(RaftServerImpl.java:919)
	at java.base/java.util.concurrent.CompletableFuture$AsyncSupply.run(CompletableFuture.java:1768)
	at java.base/java.util.concurrent.ThreadPoolExecutor.runWorker(ThreadPoolExecutor.java:1144)
	at java.base/java.util.concurrent.ThreadPoolExecutor$Worker.run(ThreadPoolExecutor.java:642)
	at java.base/java.lang.Thread.run(Thread.java:1583)
2025-07-15 19:44:57,581 [grpc-default-executor-5] ERROR impl.OrderedAsync (OrderedAsync.java:lambda$send$4(181)) - Failed to send request, message=cmdType: WriteChunk
traceID: ""
containerID: 4
datanodeUuid: "5109dbd0-88b3-4954-9428-6522438831f5"
writeChunk {
  blockID {
    containerID: 4
    localID: 115816896921600004
    blockCommitSequenceId: 0
  }
  chunkData {
    chunkName: "115816896921600004.data.0"
    offset: 0
    len: 5
    checksumData {
      type: CRC32
      bytesPerChecksum: 1048576
      checksums: "\255\356\375\216"
    }
  }
}
version: 3
, data.size=5
java.util.concurrent.CompletionException: org.apache.ratis.protocol.exceptions.StateMachineException: org.apache.hadoop.hdds.scm.container.common.helpers.ContainerNotOpenException from Server 5109dbd0-88b3-4954-9428-6522438831f5@group-6E557299AE72: Container 4 in CLOSED state
	at org.apache.ratis.client.impl.RaftClientImpl.handleRaftException(RaftClientImpl.java:373)
	at org.apache.ratis.client.impl.OrderedAsync.lambda$send$3(OrderedAsync.java:175)
	at java.base/java.util.concurrent.CompletableFuture$UniApply.tryFire(CompletableFuture.java:646)
	at java.base/java.util.concurrent.CompletableFuture.postComplete(CompletableFuture.java:510)
	at java.base/java.util.concurrent.CompletableFuture.complete(CompletableFuture.java:2179)
	at org.apache.ratis.client.impl.OrderedAsync$PendingOrderedRequest.setReply(OrderedAsync.java:105)
	at org.apache.ratis.client.impl.OrderedAsync$PendingOrderedRequest.setReply(OrderedAsync.java:66)
	at org.apache.ratis.util.SlidingWindow$RequestMap.setReply(SlidingWindow.java:147)
	at org.apache.ratis.util.SlidingWindow$Client.receiveReply(SlidingWindow.java:351)
	at org.apache.ratis.client.impl.OrderedAsync.lambda$sendRequestWithRetry$5(OrderedAsync.java:210)
	at java.base/java.util.concurrent.CompletableFuture$UniAccept.tryFire(CompletableFuture.java:718)
	at java.base/java.util.concurrent.CompletableFuture.postComplete(CompletableFuture.java:510)
	at java.base/java.util.concurrent.CompletableFuture.complete(CompletableFuture.java:2179)
	at org.apache.ratis.grpc.client.GrpcClientProtocolClient$AsyncStreamObservers$1.lambda$onNext$0(GrpcClientProtocolClient.java:325)
	at java.base/java.util.Optional.ifPresent(Optional.java:178)
	at org.apache.ratis.grpc.client.GrpcClientProtocolClient$AsyncStreamObservers.handleReplyFuture(GrpcClientProtocolClient.java:381)
	at org.apache.ratis.grpc.client.GrpcClientProtocolClient$AsyncStreamObservers.access$100(GrpcClientProtocolClient.java:303)
	at org.apache.ratis.grpc.client.GrpcClientProtocolClient$AsyncStreamObservers$1.onNext(GrpcClientProtocolClient.java:325)
	at org.apache.ratis.grpc.client.GrpcClientProtocolClient$AsyncStreamObservers$1.onNext(GrpcClientProtocolClient.java:308)
	at org.apache.ratis.thirdparty.io.grpc.stub.ClientCalls$StreamObserverToCallListenerAdapter.onMessage(ClientCalls.java:551)
	at org.apache.ratis.thirdparty.io.grpc.ForwardingClientCallListener.onMessage(ForwardingClientCallListener.java:33)
	at org.apache.ratis.thirdparty.io.grpc.internal.DelayedClientCall$DelayedListener.onMessage(DelayedClientCall.java:473)
	at org.apache.ratis.thirdparty.io.grpc.internal.ClientCallImpl$ClientStreamListenerImpl$1MessagesAvailable.runInternal(ClientCallImpl.java:661)
	at org.apache.ratis.thirdparty.io.grpc.internal.ClientCallImpl$ClientStreamListenerImpl$1MessagesAvailable.runInContext(ClientCallImpl.java:648)
	at org.apache.ratis.thirdparty.io.grpc.internal.ContextRunnable.run(ContextRunnable.java:37)
	at org.apache.ratis.thirdparty.io.grpc.internal.SerializingExecutor.run(SerializingExecutor.java:133)
	at java.base/java.util.concurrent.ThreadPoolExecutor.runWorker(ThreadPoolExecutor.java:1144)
	at java.base/java.util.concurrent.ThreadPoolExecutor$Worker.run(ThreadPoolExecutor.java:642)
	at java.base/java.lang.Thread.run(Thread.java:1583)
Caused by: org.apache.ratis.protocol.exceptions.StateMachineException: org.apache.hadoop.hdds.scm.container.common.helpers.ContainerNotOpenException from Server 5109dbd0-88b3-4954-9428-6522438831f5@group-6E557299AE72: Container 4 in CLOSED state
	at org.apache.hadoop.ozone.container.common.impl.HddsDispatcher.validateContainerCommand(HddsDispatcher.java:580)
	at org.apache.hadoop.ozone.container.common.transport.server.ratis.ContainerStateMachine.startTransaction(ContainerStateMachine.java:488)
	at org.apache.ratis.server.impl.RaftServerImpl.writeAsyncImpl(RaftServerImpl.java:987)
	at org.apache.ratis.server.impl.RaftServerImpl.writeAsync(RaftServerImpl.java:960)
	at org.apache.ratis.server.impl.RaftServerImpl.replyFuture(RaftServerImpl.java:953)
	at org.apache.ratis.server.impl.RaftServerImpl.submitClientRequestAsync(RaftServerImpl.java:930)
	at org.apache.ratis.server.impl.RaftServerImpl.lambda$null$11(RaftServerImpl.java:919)
	at org.apache.ratis.util.JavaUtils.callAsUnchecked(JavaUtils.java:118)
	at org.apache.ratis.server.impl.RaftServerImpl.lambda$executeSubmitClientRequestAsync$12(RaftServerImpl.java:919)
	at java.base/java.util.concurrent.CompletableFuture$AsyncSupply.run(CompletableFuture.java:1768)
	... 3 more
Caused by: org.apache.hadoop.hdds.scm.container.common.helpers.ContainerNotOpenException: Container 4 in CLOSED state
	at java.base/jdk.internal.reflect.DirectConstructorHandleAccessor.newInstance(DirectConstructorHandleAccessor.java:62)
	at java.base/java.lang.reflect.Constructor.newInstanceWithCaller(Constructor.java:502)
	at java.base/java.lang.reflect.Constructor.newInstance(Constructor.java:486)
	at org.apache.ratis.util.ReflectionUtils.instantiateException(ReflectionUtils.java:265)
	at org.apache.ratis.client.impl.ClientProtoUtils.toStateMachineException(ClientProtoUtils.java:455)
	at org.apache.ratis.client.impl.ClientProtoUtils.toStateMachineException(ClientProtoUtils.java:441)
	at org.apache.ratis.client.impl.ClientProtoUtils.toRaftClientReply(ClientProtoUtils.java:408)
	at org.apache.ratis.grpc.client.GrpcClientProtocolClient$AsyncStreamObservers$1.onNext(GrpcClientProtocolClient.java:313)
	at org.apache.ratis.grpc.client.GrpcClientProtocolClient$AsyncStreamObservers$1.onNext(GrpcClientProtocolClient.java:308)
	at org.apache.ratis.thirdparty.io.grpc.stub.ClientCalls$StreamObserverToCallListenerAdapter.onMessage(ClientCalls.java:551)
	at org.apache.ratis.thirdparty.io.grpc.ForwardingClientCallListener.onMessage(ForwardingClientCallListener.java:33)
	at org.apache.ratis.thirdparty.io.grpc.internal.DelayedClientCall$DelayedListener.onMessage(DelayedClientCall.java:473)
	at org.apache.ratis.thirdparty.io.grpc.internal.ClientCallImpl$ClientStreamListenerImpl$1MessagesAvailable.runInternal(ClientCallImpl.java:661)
	at org.apache.ratis.thirdparty.io.grpc.internal.ClientCallImpl$ClientStreamListenerImpl$1MessagesAvailable.runInContext(ClientCallImpl.java:648)
	at org.apache.ratis.thirdparty.io.grpc.internal.ContextRunnable.run(ContextRunnable.java:37)
	at org.apache.ratis.thirdparty.io.grpc.internal.SerializingExecutor.run(SerializingExecutor.java:133)
	... 3 more
2025-07-15T19:44:57.581939733Z 5109dbd0-88b3-4954-9428-6522438831f5-client-thread3 ERROR user=null | ip=null | op=WRITE_CHUNK {blockData=conID: 4 locID: 115816896921600004 bcsId: 0 replicaIndex: null, offset=0, size=5} | ret=FAILURE
org.apache.hadoop.hdds.scm.container.common.helpers.ContainerNotOpenException: Container 4 in UNHEALTHY state
	at org.apache.hadoop.ozone.container.common.impl.HddsDispatcher.validateContainerCommand(HddsDispatcher.java:580)
	at org.apache.hadoop.ozone.container.common.transport.server.ratis.ContainerStateMachine.startTransaction(ContainerStateMachine.java:488)
	at org.apache.ratis.server.impl.RaftServerImpl.writeAsyncImpl(RaftServerImpl.java:987)
	at org.apache.ratis.server.impl.RaftServerImpl.writeAsync(RaftServerImpl.java:960)
	at org.apache.ratis.server.impl.RaftServerImpl.replyFuture(RaftServerImpl.java:953)
	at org.apache.ratis.server.impl.RaftServerImpl.submitClientRequestAsync(RaftServerImpl.java:930)
	at org.apache.ratis.server.impl.RaftServerImpl.lambda$null$11(RaftServerImpl.java:919)
	at org.apache.ratis.util.JavaUtils.callAsUnchecked(JavaUtils.java:118)
	at org.apache.ratis.server.impl.RaftServerImpl.lambda$executeSubmitClientRequestAsync$12(RaftServerImpl.java:919)
	at java.base/java.util.concurrent.CompletableFuture$AsyncSupply.run(CompletableFuture.java:1768)
	at java.base/java.util.concurrent.ThreadPoolExecutor.runWorker(ThreadPoolExecutor.java:1144)
	at java.base/java.util.concurrent.ThreadPoolExecutor$Worker.run(ThreadPoolExecutor.java:642)
	at java.base/java.lang.Thread.run(Thread.java:1583)
2025-07-15 19:44:57,582 [grpc-default-executor-0] ERROR impl.OrderedAsync (OrderedAsync.java:lambda$send$4(181)) - Failed to send request, message=cmdType: WriteChunk
traceID: ""
containerID: 4
datanodeUuid: "5109dbd0-88b3-4954-9428-6522438831f5"
writeChunk {
  blockID {
    containerID: 4
    localID: 115816896921600004
    blockCommitSequenceId: 0
  }
  chunkData {
    chunkName: "115816896921600004.data.0"
    offset: 0
    len: 5
    checksumData {
      type: CRC32
      bytesPerChecksum: 1048576
      checksums: "\261\202V\343"
    }
  }
}
version: 3
, data.size=5
java.util.concurrent.CompletionException: org.apache.ratis.protocol.exceptions.StateMachineException: org.apache.hadoop.hdds.scm.container.common.helpers.ContainerNotOpenException from Server 5109dbd0-88b3-4954-9428-6522438831f5@group-6E557299AE72: Container 4 in CLOSED state
	at org.apache.ratis.client.impl.RaftClientImpl.handleRaftException(RaftClientImpl.java:373)
	at org.apache.ratis.client.impl.OrderedAsync.lambda$send$3(OrderedAsync.java:175)
	at java.base/java.util.concurrent.CompletableFuture$UniApply.tryFire(CompletableFuture.java:646)
	at java.base/java.util.concurrent.CompletableFuture.postComplete(CompletableFuture.java:510)
	at java.base/java.util.concurrent.CompletableFuture.complete(CompletableFuture.java:2179)
	at org.apache.ratis.client.impl.OrderedAsync$PendingOrderedRequest.setReply(OrderedAsync.java:105)
	at org.apache.ratis.client.impl.OrderedAsync$PendingOrderedRequest.setReply(OrderedAsync.java:66)
	at org.apache.ratis.util.SlidingWindow$RequestMap.setReply(SlidingWindow.java:147)
	at org.apache.ratis.util.SlidingWindow$Client.receiveReply(SlidingWindow.java:351)
	at org.apache.ratis.client.impl.OrderedAsync.lambda$sendRequestWithRetry$5(OrderedAsync.java:210)
	at java.base/java.util.concurrent.CompletableFuture$UniAccept.tryFire(CompletableFuture.java:718)
	at java.base/java.util.concurrent.CompletableFuture.postComplete(CompletableFuture.java:510)
	at java.base/java.util.concurrent.CompletableFuture.complete(CompletableFuture.java:2179)
	at org.apache.ratis.grpc.client.GrpcClientProtocolClient$AsyncStreamObservers$1.lambda$onNext$0(GrpcClientProtocolClient.java:325)
	at java.base/java.util.Optional.ifPresent(Optional.java:178)
	at org.apache.ratis.grpc.client.GrpcClientProtocolClient$AsyncStreamObservers.handleReplyFuture(GrpcClientProtocolClient.java:381)
	at org.apache.ratis.grpc.client.GrpcClientProtocolClient$AsyncStreamObservers.access$100(GrpcClientProtocolClient.java:303)
	at org.apache.ratis.grpc.client.GrpcClientProtocolClient$AsyncStreamObservers$1.onNext(GrpcClientProtocolClient.java:325)
	at org.apache.ratis.grpc.client.GrpcClientProtocolClient$AsyncStreamObservers$1.onNext(GrpcClientProtocolClient.java:308)
	at org.apache.ratis.thirdparty.io.grpc.stub.ClientCalls$StreamObserverToCallListenerAdapter.onMessage(ClientCalls.java:551)
	at org.apache.ratis.thirdparty.io.grpc.ForwardingClientCallListener.onMessage(ForwardingClientCallListener.java:33)
	at org.apache.ratis.thirdparty.io.grpc.internal.DelayedClientCall$DelayedListener.onMessage(DelayedClientCall.java:473)
	at org.apache.ratis.thirdparty.io.grpc.internal.ClientCallImpl$ClientStreamListenerImpl$1MessagesAvailable.runInternal(ClientCallImpl.java:661)
	at org.apache.ratis.thirdparty.io.grpc.internal.ClientCallImpl$ClientStreamListenerImpl$1MessagesAvailable.runInContext(ClientCallImpl.java:648)
	at org.apache.ratis.thirdparty.io.grpc.internal.ContextRunnable.run(ContextRunnable.java:37)
	at org.apache.ratis.thirdparty.io.grpc.internal.SerializingExecutor.run(SerializingExecutor.java:133)
	at java.base/java.util.concurrent.ThreadPoolExecutor.runWorker(ThreadPoolExecutor.java:1144)
	at java.base/java.util.concurrent.ThreadPoolExecutor$Worker.run(ThreadPoolExecutor.java:642)
	at java.base/java.lang.Thread.run(Thread.java:1583)
Caused by: org.apache.ratis.protocol.exceptions.StateMachineException: org.apache.hadoop.hdds.scm.container.common.helpers.ContainerNotOpenException from Server 5109dbd0-88b3-4954-9428-6522438831f5@group-6E557299AE72: Container 4 in CLOSED state
	at org.apache.hadoop.ozone.container.common.impl.HddsDispatcher.validateContainerCommand(HddsDispatcher.java:580)
	at org.apache.hadoop.ozone.container.common.transport.server.ratis.ContainerStateMachine.startTransaction(ContainerStateMachine.java:488)
	at org.apache.ratis.server.impl.RaftServerImpl.writeAsyncImpl(RaftServerImpl.java:987)
	at org.apache.ratis.server.impl.RaftServerImpl.writeAsync(RaftServerImpl.java:960)
	at org.apache.ratis.server.impl.RaftServerImpl.replyFuture(RaftServerImpl.java:953)
	at org.apache.ratis.server.impl.RaftServerImpl.submitClientRequestAsync(RaftServerImpl.java:930)
	at org.apache.ratis.server.impl.RaftServerImpl.lambda$null$11(RaftServerImpl.java:919)
	at org.apache.ratis.util.JavaUtils.callAsUnchecked(JavaUtils.java:118)
	at org.apache.ratis.server.impl.RaftServerImpl.lambda$executeSubmitClientRequestAsync$12(RaftServerImpl.java:919)
	at java.base/java.util.concurrent.CompletableFuture$AsyncSupply.run(CompletableFuture.java:1768)
	... 3 more
Caused by: org.apache.hadoop.hdds.scm.container.common.helpers.ContainerNotOpenException: Container 4 in CLOSED state
	at java.base/jdk.internal.reflect.DirectConstructorHandleAccessor.newInstance(DirectConstructorHandleAccessor.java:62)
	at java.base/java.lang.reflect.Constructor.newInstanceWithCaller(Constructor.java:502)
	at java.base/java.lang.reflect.Constructor.newInstance(Constructor.java:486)
	at org.apache.ratis.util.ReflectionUtils.instantiateException(ReflectionUtils.java:265)
	at org.apache.ratis.client.impl.ClientProtoUtils.toStateMachineException(ClientProtoUtils.java:455)
	at org.apache.ratis.client.impl.ClientProtoUtils.toStateMachineException(ClientProtoUtils.java:441)
	at org.apache.ratis.client.impl.ClientProtoUtils.toRaftClientReply(ClientProtoUtils.java:408)
	at org.apache.ratis.grpc.client.GrpcClientProtocolClient$AsyncStreamObservers$1.onNext(GrpcClientProtocolClient.java:313)
	at org.apache.ratis.grpc.client.GrpcClientProtocolClient$AsyncStreamObservers$1.onNext(GrpcClientProtocolClient.java:308)
	at org.apache.ratis.thirdparty.io.grpc.stub.ClientCalls$StreamObserverToCallListenerAdapter.onMessage(ClientCalls.java:551)
	at org.apache.ratis.thirdparty.io.grpc.ForwardingClientCallListener.onMessage(ForwardingClientCallListener.java:33)
	at org.apache.ratis.thirdparty.io.grpc.internal.DelayedClientCall$DelayedListener.onMessage(DelayedClientCall.java:473)
	at org.apache.ratis.thirdparty.io.grpc.internal.ClientCallImpl$ClientStreamListenerImpl$1MessagesAvailable.runInternal(ClientCallImpl.java:661)
	at org.apache.ratis.thirdparty.io.grpc.internal.ClientCallImpl$ClientStreamListenerImpl$1MessagesAvailable.runInContext(ClientCallImpl.java:648)
	at org.apache.ratis.thirdparty.io.grpc.internal.ContextRunnable.run(ContextRunnable.java:37)
	at org.apache.ratis.thirdparty.io.grpc.internal.SerializingExecutor.run(SerializingExecutor.java:133)
	... 3 more
2025-07-15T19:44:57.584247823Z 5109dbd0-88b3-4954-9428-6522438831f5-client-thread3 ERROR user=null | ip=null | op=WRITE_CHUNK {blockData=conID: 4 locID: 115816896921600004 bcsId: 0 replicaIndex: null, offset=0, size=5} | ret=FAILURE
org.apache.hadoop.hdds.scm.container.common.helpers.ContainerNotOpenException: Container 4 in UNHEALTHY state
	at org.apache.hadoop.ozone.container.common.impl.HddsDispatcher.validateContainerCommand(HddsDispatcher.java:580)
	at org.apache.hadoop.ozone.container.common.transport.server.ratis.ContainerStateMachine.startTransaction(ContainerStateMachine.java:488)
	at org.apache.ratis.server.impl.RaftServerImpl.writeAsyncImpl(RaftServerImpl.java:987)
	at org.apache.ratis.server.impl.RaftServerImpl.writeAsync(RaftServerImpl.java:960)
	at org.apache.ratis.server.impl.RaftServerImpl.replyFuture(RaftServerImpl.java:953)
	at org.apache.ratis.server.impl.RaftServerImpl.submitClientRequestAsync(RaftServerImpl.java:930)
	at org.apache.ratis.server.impl.RaftServerImpl.lambda$null$11(RaftServerImpl.java:919)
	at org.apache.ratis.util.JavaUtils.callAsUnchecked(JavaUtils.java:118)
	at org.apache.ratis.server.impl.RaftServerImpl.lambda$executeSubmitClientRequestAsync$12(RaftServerImpl.java:919)
	at java.base/java.util.concurrent.CompletableFuture$AsyncSupply.run(CompletableFuture.java:1768)
	at java.base/java.util.concurrent.ThreadPoolExecutor.runWorker(ThreadPoolExecutor.java:1144)
	at java.base/java.util.concurrent.ThreadPoolExecutor$Worker.run(ThreadPoolExecutor.java:642)
	at java.base/java.lang.Thread.run(Thread.java:1583)
2025-07-15 19:44:57,585 [grpc-default-executor-0] ERROR impl.OrderedAsync (OrderedAsync.java:lambda$send$4(181)) - Failed to send request, message=cmdType: WriteChunk
traceID: ""
containerID: 4
datanodeUuid: "5109dbd0-88b3-4954-9428-6522438831f5"
writeChunk {
  blockID {
    containerID: 4
    localID: 115816896921600004
    blockCommitSequenceId: 0
  }
  chunkData {
    chunkName: "115816896921600004.data.0"
    offset: 0
    len: 5
    checksumData {
      type: CRC32
      bytesPerChecksum: 1048576
      checksums: "\236b\205\302"
    }
  }
}
version: 3
, data.size=5
java.util.concurrent.CompletionException: org.apache.ratis.protocol.exceptions.StateMachineException: org.apache.hadoop.hdds.scm.container.common.helpers.ContainerNotOpenException from Server 5109dbd0-88b3-4954-9428-6522438831f5@group-6E557299AE72: Container 4 in CLOSED state
	at org.apache.ratis.client.impl.RaftClientImpl.handleRaftException(RaftClientImpl.java:373)
	at org.apache.ratis.client.impl.OrderedAsync.lambda$send$3(OrderedAsync.java:175)
	at java.base/java.util.concurrent.CompletableFuture$UniApply.tryFire(CompletableFuture.java:646)
	at java.base/java.util.concurrent.CompletableFuture.postComplete(CompletableFuture.java:510)
	at java.base/java.util.concurrent.CompletableFuture.complete(CompletableFuture.java:2179)
	at org.apache.ratis.client.impl.OrderedAsync$PendingOrderedRequest.setReply(OrderedAsync.java:105)
	at org.apache.ratis.client.impl.OrderedAsync$PendingOrderedRequest.setReply(OrderedAsync.java:66)
	at org.apache.ratis.util.SlidingWindow$RequestMap.setReply(SlidingWindow.java:147)
	at org.apache.ratis.util.SlidingWindow$Client.receiveReply(SlidingWindow.java:351)
	at org.apache.ratis.client.impl.OrderedAsync.lambda$sendRequestWithRetry$5(OrderedAsync.java:210)
	at java.base/java.util.concurrent.CompletableFuture$UniAccept.tryFire(CompletableFuture.java:718)
	at java.base/java.util.concurrent.CompletableFuture.postComplete(CompletableFuture.java:510)
	at java.base/java.util.concurrent.CompletableFuture.complete(CompletableFuture.java:2179)
	at org.apache.ratis.grpc.client.GrpcClientProtocolClient$AsyncStreamObservers$1.lambda$onNext$0(GrpcClientProtocolClient.java:325)
	at java.base/java.util.Optional.ifPresent(Optional.java:178)
	at org.apache.ratis.grpc.client.GrpcClientProtocolClient$AsyncStreamObservers.handleReplyFuture(GrpcClientProtocolClient.java:381)
	at org.apache.ratis.grpc.client.GrpcClientProtocolClient$AsyncStreamObservers.access$100(GrpcClientProtocolClient.java:303)
	at org.apache.ratis.grpc.client.GrpcClientProtocolClient$AsyncStreamObservers$1.onNext(GrpcClientProtocolClient.java:325)
	at org.apache.ratis.grpc.client.GrpcClientProtocolClient$AsyncStreamObservers$1.onNext(GrpcClientProtocolClient.java:308)
	at org.apache.ratis.thirdparty.io.grpc.stub.ClientCalls$StreamObserverToCallListenerAdapter.onMessage(ClientCalls.java:551)
	at org.apache.ratis.thirdparty.io.grpc.ForwardingClientCallListener.onMessage(ForwardingClientCallListener.java:33)
	at org.apache.ratis.thirdparty.io.grpc.internal.DelayedClientCall$DelayedListener.onMessage(DelayedClientCall.java:473)
	at org.apache.ratis.thirdparty.io.grpc.internal.ClientCallImpl$ClientStreamListenerImpl$1MessagesAvailable.runInternal(ClientCallImpl.java:661)
	at org.apache.ratis.thirdparty.io.grpc.internal.ClientCallImpl$ClientStreamListenerImpl$1MessagesAvailable.runInContext(ClientCallImpl.java:648)
	at org.apache.ratis.thirdparty.io.grpc.internal.ContextRunnable.run(ContextRunnable.java:37)
	at org.apache.ratis.thirdparty.io.grpc.internal.SerializingExecutor.run(SerializingExecutor.java:133)
	at java.base/java.util.concurrent.ThreadPoolExecutor.runWorker(ThreadPoolExecutor.java:1144)
	at java.base/java.util.concurrent.ThreadPoolExecutor$Worker.run(ThreadPoolExecutor.java:642)
	at java.base/java.lang.Thread.run(Thread.java:1583)
Caused by: org.apache.ratis.protocol.exceptions.StateMachineException: org.apache.hadoop.hdds.scm.container.common.helpers.ContainerNotOpenException from Server 5109dbd0-88b3-4954-9428-6522438831f5@group-6E557299AE72: Container 4 in CLOSED state
	at org.apache.hadoop.ozone.container.common.impl.HddsDispatcher.validateContainerCommand(HddsDispatcher.java:580)
	at org.apache.hadoop.ozone.container.common.transport.server.ratis.ContainerStateMachine.startTransaction(ContainerStateMachine.java:488)
	at org.apache.ratis.server.impl.RaftServerImpl.writeAsyncImpl(RaftServerImpl.java:987)
	at org.apache.ratis.server.impl.RaftServerImpl.writeAsync(RaftServerImpl.java:960)
	at org.apache.ratis.server.impl.RaftServerImpl.replyFuture(RaftServerImpl.java:953)
	at org.apache.ratis.server.impl.RaftServerImpl.submitClientRequestAsync(RaftServerImpl.java:930)
	at org.apache.ratis.server.impl.RaftServerImpl.lambda$null$11(RaftServerImpl.java:919)
	at org.apache.ratis.util.JavaUtils.callAsUnchecked(JavaUtils.java:118)
	at org.apache.ratis.server.impl.RaftServerImpl.lambda$executeSubmitClientRequestAsync$12(RaftServerImpl.java:919)
	at java.base/java.util.concurrent.CompletableFuture$AsyncSupply.run(CompletableFuture.java:1768)
	... 3 more
Caused by: org.apache.hadoop.hdds.scm.container.common.helpers.ContainerNotOpenException: Container 4 in CLOSED state
	at java.base/jdk.internal.reflect.DirectConstructorHandleAccessor.newInstance(DirectConstructorHandleAccessor.java:62)
	at java.base/java.lang.reflect.Constructor.newInstanceWithCaller(Constructor.java:502)
	at java.base/java.lang.reflect.Constructor.newInstance(Constructor.java:486)
	at org.apache.ratis.util.ReflectionUtils.instantiateException(ReflectionUtils.java:265)
	at org.apache.ratis.client.impl.ClientProtoUtils.toStateMachineException(ClientProtoUtils.java:455)
	at org.apache.ratis.client.impl.ClientProtoUtils.toStateMachineException(ClientProtoUtils.java:441)
	at org.apache.ratis.client.impl.ClientProtoUtils.toRaftClientReply(ClientProtoUtils.java:408)
	at org.apache.ratis.grpc.client.GrpcClientProtocolClient$AsyncStreamObservers$1.onNext(GrpcClientProtocolClient.java:313)
	at org.apache.ratis.grpc.client.GrpcClientProtocolClient$AsyncStreamObservers$1.onNext(GrpcClientProtocolClient.java:308)
	at org.apache.ratis.thirdparty.io.grpc.stub.ClientCalls$StreamObserverToCallListenerAdapter.onMessage(ClientCalls.java:551)
	at org.apache.ratis.thirdparty.io.grpc.ForwardingClientCallListener.onMessage(ForwardingClientCallListener.java:33)
	at org.apache.ratis.thirdparty.io.grpc.internal.DelayedClientCall$DelayedListener.onMessage(DelayedClientCall.java:473)
	at org.apache.ratis.thirdparty.io.grpc.internal.ClientCallImpl$ClientStreamListenerImpl$1MessagesAvailable.runInternal(ClientCallImpl.java:661)
	at org.apache.ratis.thirdparty.io.grpc.internal.ClientCallImpl$ClientStreamListenerImpl$1MessagesAvailable.runInContext(ClientCallImpl.java:648)
	at org.apache.ratis.thirdparty.io.grpc.internal.ContextRunnable.run(ContextRunnable.java:37)
	at org.apache.ratis.thirdparty.io.grpc.internal.SerializingExecutor.run(SerializingExecutor.java:133)
	... 3 more
2025-07-15T19:44:57.588167726Z 5109dbd0-88b3-4954-9428-6522438831f5-client-thread3 ERROR user=null | ip=null | op=WRITE_CHUNK {blockData=conID: 4 locID: 115816896921600004 bcsId: 0 replicaIndex: null, offset=0, size=5} | ret=FAILURE
org.apache.hadoop.hdds.scm.container.common.helpers.ContainerNotOpenException: Container 4 in UNHEALTHY state
	at org.apache.hadoop.ozone.container.common.impl.HddsDispatcher.validateContainerCommand(HddsDispatcher.java:580)
	at org.apache.hadoop.ozone.container.common.transport.server.ratis.ContainerStateMachine.startTransaction(ContainerStateMachine.java:488)
	at org.apache.ratis.server.impl.RaftServerImpl.writeAsyncImpl(RaftServerImpl.java:987)
	at org.apache.ratis.server.impl.RaftServerImpl.writeAsync(RaftServerImpl.java:960)
	at org.apache.ratis.server.impl.RaftServerImpl.replyFuture(RaftServerImpl.java:953)
	at org.apache.ratis.server.impl.RaftServerImpl.submitClientRequestAsync(RaftServerImpl.java:930)
	at org.apache.ratis.server.impl.RaftServerImpl.lambda$null$11(RaftServerImpl.java:919)
	at org.apache.ratis.util.JavaUtils.callAsUnchecked(JavaUtils.java:118)
	at org.apache.ratis.server.impl.RaftServerImpl.lambda$executeSubmitClientRequestAsync$12(RaftServerImpl.java:919)
	at java.base/java.util.concurrent.CompletableFuture$AsyncSupply.run(CompletableFuture.java:1768)
	at java.base/java.util.concurrent.ThreadPoolExecutor.runWorker(ThreadPoolExecutor.java:1144)
	at java.base/java.util.concurrent.ThreadPoolExecutor$Worker.run(ThreadPoolExecutor.java:642)
	at java.base/java.lang.Thread.run(Thread.java:1583)
2025-07-15 19:44:57,590 [grpc-default-executor-0] ERROR impl.OrderedAsync (OrderedAsync.java:lambda$send$4(181)) - Failed to send request, message=cmdType: WriteChunk
traceID: ""
containerID: 4
datanodeUuid: "5109dbd0-88b3-4954-9428-6522438831f5"
writeChunk {
  blockID {
    containerID: 4
    localID: 115816896921600004
    blockCommitSequenceId: 0
  }
  chunkData {
    chunkName: "115816896921600004.data.0"
    offset: 0
    len: 5
    checksumData {
      type: CRC32
      bytesPerChecksum: 1048576
      checksums: "5\004A\313"
    }
  }
}
version: 3
, data.size=5
java.util.concurrent.CompletionException: org.apache.ratis.protocol.exceptions.StateMachineException: org.apache.hadoop.hdds.scm.container.common.helpers.ContainerNotOpenException from Server 5109dbd0-88b3-4954-9428-6522438831f5@group-6E557299AE72: Container 4 in CLOSED state
	at org.apache.ratis.client.impl.RaftClientImpl.handleRaftException(RaftClientImpl.java:373)
	at org.apache.ratis.client.impl.OrderedAsync.lambda$send$3(OrderedAsync.java:175)
	at java.base/java.util.concurrent.CompletableFuture$UniApply.tryFire(CompletableFuture.java:646)
	at java.base/java.util.concurrent.CompletableFuture.postComplete(CompletableFuture.java:510)
	at java.base/java.util.concurrent.CompletableFuture.complete(CompletableFuture.java:2179)
	at org.apache.ratis.client.impl.OrderedAsync$PendingOrderedRequest.setReply(OrderedAsync.java:105)
	at org.apache.ratis.client.impl.OrderedAsync$PendingOrderedRequest.setReply(OrderedAsync.java:66)
	at org.apache.ratis.util.SlidingWindow$RequestMap.setReply(SlidingWindow.java:147)
	at org.apache.ratis.util.SlidingWindow$Client.receiveReply(SlidingWindow.java:351)
	at org.apache.ratis.client.impl.OrderedAsync.lambda$sendRequestWithRetry$5(OrderedAsync.java:210)
	at java.base/java.util.concurrent.CompletableFuture$UniAccept.tryFire(CompletableFuture.java:718)
	at java.base/java.util.concurrent.CompletableFuture.postComplete(CompletableFuture.java:510)
	at java.base/java.util.concurrent.CompletableFuture.complete(CompletableFuture.java:2179)
	at org.apache.ratis.grpc.client.GrpcClientProtocolClient$AsyncStreamObservers$1.lambda$onNext$0(GrpcClientProtocolClient.java:325)
	at java.base/java.util.Optional.ifPresent(Optional.java:178)
	at org.apache.ratis.grpc.client.GrpcClientProtocolClient$AsyncStreamObservers.handleReplyFuture(GrpcClientProtocolClient.java:381)
	at org.apache.ratis.grpc.client.GrpcClientProtocolClient$AsyncStreamObservers.access$100(GrpcClientProtocolClient.java:303)
	at org.apache.ratis.grpc.client.GrpcClientProtocolClient$AsyncStreamObservers$1.onNext(GrpcClientProtocolClient.java:325)
	at org.apache.ratis.grpc.client.GrpcClientProtocolClient$AsyncStreamObservers$1.onNext(GrpcClientProtocolClient.java:308)
	at org.apache.ratis.thirdparty.io.grpc.stub.ClientCalls$StreamObserverToCallListenerAdapter.onMessage(ClientCalls.java:551)
	at org.apache.ratis.thirdparty.io.grpc.ForwardingClientCallListener.onMessage(ForwardingClientCallListener.java:33)
	at org.apache.ratis.thirdparty.io.grpc.internal.DelayedClientCall$DelayedListener.onMessage(DelayedClientCall.java:473)
	at org.apache.ratis.thirdparty.io.grpc.internal.ClientCallImpl$ClientStreamListenerImpl$1MessagesAvailable.runInternal(ClientCallImpl.java:661)
	at org.apache.ratis.thirdparty.io.grpc.internal.ClientCallImpl$ClientStreamListenerImpl$1MessagesAvailable.runInContext(ClientCallImpl.java:648)
	at org.apache.ratis.thirdparty.io.grpc.internal.ContextRunnable.run(ContextRunnable.java:37)
	at org.apache.ratis.thirdparty.io.grpc.internal.SerializingExecutor.run(SerializingExecutor.java:133)
	at java.base/java.util.concurrent.ThreadPoolExecutor.runWorker(ThreadPoolExecutor.java:1144)
	at java.base/java.util.concurrent.ThreadPoolExecutor$Worker.run(ThreadPoolExecutor.java:642)
	at java.base/java.lang.Thread.run(Thread.java:1583)
Caused by: org.apache.ratis.protocol.exceptions.StateMachineException: org.apache.hadoop.hdds.scm.container.common.helpers.ContainerNotOpenException from Server 5109dbd0-88b3-4954-9428-6522438831f5@group-6E557299AE72: Container 4 in CLOSED state
	at org.apache.hadoop.ozone.container.common.impl.HddsDispatcher.validateContainerCommand(HddsDispatcher.java:580)
	at org.apache.hadoop.ozone.container.common.transport.server.ratis.ContainerStateMachine.startTransaction(ContainerStateMachine.java:488)
	at org.apache.ratis.server.impl.RaftServerImpl.writeAsyncImpl(RaftServerImpl.java:987)
	at org.apache.ratis.server.impl.RaftServerImpl.writeAsync(RaftServerImpl.java:960)
	at org.apache.ratis.server.impl.RaftServerImpl.replyFuture(RaftServerImpl.java:953)
	at org.apache.ratis.server.impl.RaftServerImpl.submitClientRequestAsync(RaftServerImpl.java:930)
	at org.apache.ratis.server.impl.RaftServerImpl.lambda$null$11(RaftServerImpl.java:919)
	at org.apache.ratis.util.JavaUtils.callAsUnchecked(JavaUtils.java:118)
	at org.apache.ratis.server.impl.RaftServerImpl.lambda$executeSubmitClientRequestAsync$12(RaftServerImpl.java:919)
	at java.base/java.util.concurrent.CompletableFuture$AsyncSupply.run(CompletableFuture.java:1768)
	... 3 more
Caused by: org.apache.hadoop.hdds.scm.container.common.helpers.ContainerNotOpenException: Container 4 in CLOSED state
	at java.base/jdk.internal.reflect.DirectConstructorHandleAccessor.newInstance(DirectConstructorHandleAccessor.java:62)
	at java.base/java.lang.reflect.Constructor.newInstanceWithCaller(Constructor.java:502)
	at java.base/java.lang.reflect.Constructor.newInstance(Constructor.java:486)
	at org.apache.ratis.util.ReflectionUtils.instantiateException(ReflectionUtils.java:265)
	at org.apache.ratis.client.impl.ClientProtoUtils.toStateMachineException(ClientProtoUtils.java:455)
	at org.apache.ratis.client.impl.ClientProtoUtils.toStateMachineException(ClientProtoUtils.java:441)
	at org.apache.ratis.client.impl.ClientProtoUtils.toRaftClientReply(ClientProtoUtils.java:408)
	at org.apache.ratis.grpc.client.GrpcClientProtocolClient$AsyncStreamObservers$1.onNext(GrpcClientProtocolClient.java:313)
	at org.apache.ratis.grpc.client.GrpcClientProtocolClient$AsyncStreamObservers$1.onNext(GrpcClientProtocolClient.java:308)
	at org.apache.ratis.thirdparty.io.grpc.stub.ClientCalls$StreamObserverToCallListenerAdapter.onMessage(ClientCalls.java:551)
	at org.apache.ratis.thirdparty.io.grpc.ForwardingClientCallListener.onMessage(ForwardingClientCallListener.java:33)
	at org.apache.ratis.thirdparty.io.grpc.internal.DelayedClientCall$DelayedListener.onMessage(DelayedClientCall.java:473)
	at org.apache.ratis.thirdparty.io.grpc.internal.ClientCallImpl$ClientStreamListenerImpl$1MessagesAvailable.runInternal(ClientCallImpl.java:661)
	at org.apache.ratis.thirdparty.io.grpc.internal.ClientCallImpl$ClientStreamListenerImpl$1MessagesAvailable.runInContext(ClientCallImpl.java:648)
	at org.apache.ratis.thirdparty.io.grpc.internal.ContextRunnable.run(ContextRunnable.java:37)
	at org.apache.ratis.thirdparty.io.grpc.internal.SerializingExecutor.run(SerializingExecutor.java:133)
	... 3 more
2025-07-15 19:44:57,591 [grpc-default-executor-5] ERROR impl.OrderedAsync (OrderedAsync.java:lambda$send$4(181)) - Failed to send request, message=cmdType: WriteChunk
traceID: ""
containerID: 4
datanodeUuid: "5109dbd0-88b3-4954-9428-6522438831f5"
writeChunk {
  blockID {
    containerID: 4
    localID: 115816896921600004
    blockCommitSequenceId: 0
  }
  chunkData {
    chunkName: "115816896921600004.data.0"
    offset: 0
    len: 5
    checksumData {
      type: CRC32
      bytesPerChecksum: 1048576
      checksums: "l\243\341C"
    }
  }
}
version: 3
, data.size=5
java.util.concurrent.CompletionException: org.apache.ratis.protocol.exceptions.StateMachineException: org.apache.hadoop.hdds.scm.container.common.helpers.ContainerNotOpenException from Server 5109dbd0-88b3-4954-9428-6522438831f5@group-6E557299AE72: Container 4 in CLOSED state
	at org.apache.ratis.client.impl.RaftClientImpl.handleRaftException(RaftClientImpl.java:373)
	at org.apache.ratis.client.impl.OrderedAsync.lambda$send$3(OrderedAsync.java:175)
	at java.base/java.util.concurrent.CompletableFuture$UniApply.tryFire(CompletableFuture.java:646)
	at java.base/java.util.concurrent.CompletableFuture.postComplete(CompletableFuture.java:510)
	at java.base/java.util.concurrent.CompletableFuture.complete(CompletableFuture.java:2179)
	at org.apache.ratis.client.impl.OrderedAsync$PendingOrderedRequest.setReply(OrderedAsync.java:105)
	at org.apache.ratis.client.impl.OrderedAsync$PendingOrderedRequest.setReply(OrderedAsync.java:66)
	at org.apache.ratis.util.SlidingWindow$RequestMap.setReply(SlidingWindow.java:147)
	at org.apache.ratis.util.SlidingWindow$Client.receiveReply(SlidingWindow.java:351)
	at org.apache.ratis.client.impl.OrderedAsync.lambda$sendRequestWithRetry$5(OrderedAsync.java:210)
	at java.base/java.util.concurrent.CompletableFuture$UniAccept.tryFire(CompletableFuture.java:718)
	at java.base/java.util.concurrent.CompletableFuture.postComplete(CompletableFuture.java:510)
	at java.base/java.util.concurrent.CompletableFuture.complete(CompletableFuture.java:2179)
	at org.apache.ratis.grpc.client.GrpcClientProtocolClient$AsyncStreamObservers$1.lambda$onNext$0(GrpcClientProtocolClient.java:325)
	at java.base/java.util.Optional.ifPresent(Optional.java:178)
	at org.apache.ratis.grpc.client.GrpcClientProtocolClient$AsyncStreamObservers.handleReplyFuture(GrpcClientProtocolClient.java:381)
	at org.apache.ratis.grpc.client.GrpcClientProtocolClient$AsyncStreamObservers.access$100(GrpcClientProtocolClient.java:303)
	at org.apache.ratis.grpc.client.GrpcClientProtocolClient$AsyncStreamObservers$1.onNext(GrpcClientProtocolClient.java:325)
	at org.apache.ratis.grpc.client.GrpcClientProtocolClient$AsyncStreamObservers$1.onNext(GrpcClientProtocolClient.java:308)
	at org.apache.ratis.thirdparty.io.grpc.stub.ClientCalls$StreamObserverToCallListenerAdapter.onMessage(ClientCalls.java:551)
	at org.apache.ratis.thirdparty.io.grpc.ForwardingClientCallListener.onMessage(ForwardingClientCallListener.java:33)
	at org.apache.ratis.thirdparty.io.grpc.internal.DelayedClientCall$DelayedListener.onMessage(DelayedClientCall.java:473)
	at org.apache.ratis.thirdparty.io.grpc.internal.ClientCallImpl$ClientStreamListenerImpl$1MessagesAvailable.runInternal(ClientCallImpl.java:661)
	at org.apache.ratis.thirdparty.io.grpc.internal.ClientCallImpl$ClientStreamListenerImpl$1MessagesAvailable.runInContext(ClientCallImpl.java:648)
	at org.apache.ratis.thirdparty.io.grpc.internal.ContextRunnable.run(ContextRunnable.java:37)
	at org.apache.ratis.thirdparty.io.grpc.internal.SerializingExecutor.run(SerializingExecutor.java:133)
	at java.base/java.util.concurrent.ThreadPoolExecutor.runWorker(ThreadPoolExecutor.java:1144)
	at java.base/java.util.concurrent.ThreadPoolExecutor$Worker.run(ThreadPoolExecutor.java:642)
	at java.base/java.lang.Thread.run(Thread.java:1583)
Caused by: org.apache.ratis.protocol.exceptions.StateMachineException: org.apache.hadoop.hdds.scm.container.common.helpers.ContainerNotOpenException from Server 5109dbd0-88b3-4954-9428-6522438831f5@group-6E557299AE72: Container 4 in CLOSED state
	at org.apache.hadoop.ozone.container.common.impl.HddsDispatcher.validateContainerCommand(HddsDispatcher.java:580)
	at org.apache.hadoop.ozone.container.common.transport.server.ratis.ContainerStateMachine.startTransaction(ContainerStateMachine.java:488)
	at org.apache.ratis.server.impl.RaftServerImpl.writeAsyncImpl(RaftServerImpl.java:987)
	at org.apache.ratis.server.impl.RaftServerImpl.writeAsync(RaftServerImpl.java:960)
	at org.apache.ratis.server.impl.RaftServerImpl.replyFuture(RaftServerImpl.java:953)
	at org.apache.ratis.server.impl.RaftServerImpl.submitClientRequestAsync(RaftServerImpl.java:930)
	at org.apache.ratis.server.impl.RaftServerImpl.lambda$null$11(RaftServerImpl.java:919)
	at org.apache.ratis.util.JavaUtils.callAsUnchecked(JavaUtils.java:118)
	at org.apache.ratis.server.impl.RaftServerImpl.lambda$executeSubmitClientRequestAsync$12(RaftServerImpl.java:919)
	at java.base/java.util.concurrent.CompletableFuture$AsyncSupply.run(CompletableFuture.java:1768)
	... 3 more
Caused by: org.apache.hadoop.hdds.scm.container.common.helpers.ContainerNotOpenException: Container 4 in CLOSED state
	at java.base/jdk.internal.reflect.DirectConstructorHandleAccessor.newInstance(DirectConstructorHandleAccessor.java:62)
	at java.base/java.lang.reflect.Constructor.newInstanceWithCaller(Constructor.java:502)
	at java.base/java.lang.reflect.Constructor.newInstance(Constructor.java:486)
	at org.apache.ratis.util.ReflectionUtils.instantiateException(ReflectionUtils.java:265)
	at org.apache.ratis.client.impl.ClientProtoUtils.toStateMachineException(ClientProtoUtils.java:455)
	at org.apache.ratis.client.impl.ClientProtoUtils.toStateMachineException(ClientProtoUtils.java:441)
	at org.apache.ratis.client.impl.ClientProtoUtils.toRaftClientReply(ClientProtoUtils.java:408)
	at org.apache.ratis.grpc.client.GrpcClientProtocolClient$AsyncStreamObservers$1.onNext(GrpcClientProtocolClient.java:313)
	at org.apache.ratis.grpc.client.GrpcClientProtocolClient$AsyncStreamObservers$1.onNext(GrpcClientProtocolClient.java:308)
	at org.apache.ratis.thirdparty.io.grpc.stub.ClientCalls$StreamObserverToCallListenerAdapter.onMessage(ClientCalls.java:551)
	at org.apache.ratis.thirdparty.io.grpc.ForwardingClientCallListener.onMessage(ForwardingClientCallListener.java:33)
	at org.apache.ratis.thirdparty.io.grpc.internal.DelayedClientCall$DelayedListener.onMessage(DelayedClientCall.java:473)
	at org.apache.ratis.thirdparty.io.grpc.internal.ClientCallImpl$ClientStreamListenerImpl$1MessagesAvailable.runInternal(ClientCallImpl.java:661)
	at org.apache.ratis.thirdparty.io.grpc.internal.ClientCallImpl$ClientStreamListenerImpl$1MessagesAvailable.runInContext(ClientCallImpl.java:648)
	at org.apache.ratis.thirdparty.io.grpc.internal.ContextRunnable.run(ContextRunnable.java:37)
	at org.apache.ratis.thirdparty.io.grpc.internal.SerializingExecutor.run(SerializingExecutor.java:133)
	... 3 more
2025-07-15 19:44:57,593 [grpc-default-executor-5] ERROR impl.OrderedAsync (OrderedAsync.java:lambda$send$4(181)) - Failed to send request, message=cmdType: WriteChunk
traceID: ""
containerID: 4
datanodeUuid: "5109dbd0-88b3-4954-9428-6522438831f5"
writeChunk {
  blockID {
    containerID: 4
    localID: 115816896921600004
    blockCommitSequenceId: 0
  }
  chunkData {
    chunkName: "115816896921600004.data.0"
    offset: 0
    len: 5
    checksumData {
      type: CRC32
      bytesPerChecksum: 1048576
      checksums: ">xw\366"
    }
  }
}
version: 3
, data.size=5
java.util.concurrent.CompletionException: org.apache.ratis.protocol.exceptions.StateMachineException: org.apache.hadoop.hdds.scm.container.common.helpers.ContainerNotOpenException from Server 5109dbd0-88b3-4954-9428-6522438831f5@group-6E557299AE72: Container 4 in CLOSED state
	at org.apache.ratis.client.impl.RaftClientImpl.handleRaftException(RaftClientImpl.java:373)
	at org.apache.ratis.client.impl.OrderedAsync.lambda$send$3(OrderedAsync.java:175)
	at java.base/java.util.concurrent.CompletableFuture$UniApply.tryFire(CompletableFuture.java:646)
	at java.base/java.util.concurrent.CompletableFuture.postComplete(CompletableFuture.java:510)
	at java.base/java.util.concurrent.CompletableFuture.complete(CompletableFuture.java:2179)
	at org.apache.ratis.client.impl.OrderedAsync$PendingOrderedRequest.setReply(OrderedAsync.java:105)
	at org.apache.ratis.client.impl.OrderedAsync$PendingOrderedRequest.setReply(OrderedAsync.java:66)
	at org.apache.ratis.util.SlidingWindow$RequestMap.setReply(SlidingWindow.java:147)
	at org.apache.ratis.util.SlidingWindow$Client.receiveReply(SlidingWindow.java:351)
	at org.apache.ratis.client.impl.OrderedAsync.lambda$sendRequestWithRetry$5(OrderedAsync.java:210)
	at java.base/java.util.concurrent.CompletableFuture$UniAccept.tryFire(CompletableFuture.java:718)
	at java.base/java.util.concurrent.CompletableFuture.postComplete(CompletableFuture.java:510)
	at java.base/java.util.concurrent.CompletableFuture.complete(CompletableFuture.java:2179)
	at org.apache.ratis.grpc.client.GrpcClientProtocolClient$AsyncStreamObservers$1.lambda$onNext$0(GrpcClientProtocolClient.java:325)
	at java.base/java.util.Optional.ifPresent(Optional.java:178)
	at org.apache.ratis.grpc.client.GrpcClientProtocolClient$AsyncStreamObservers.handleReplyFuture(GrpcClientProtocolClient.java:381)
	at org.apache.ratis.grpc.client.GrpcClientProtocolClient$AsyncStreamObservers.access$100(GrpcClientProtocolClient.java:303)
	at org.apache.ratis.grpc.client.GrpcClientProtocolClient$AsyncStreamObservers$1.onNext(GrpcClientProtocolClient.java:325)
	at org.apache.ratis.grpc.client.GrpcClientProtocolClient$AsyncStreamObservers$1.onNext(GrpcClientProtocolClient.java:308)
	at org.apache.ratis.thirdparty.io.grpc.stub.ClientCalls$StreamObserverToCallListenerAdapter.onMessage(ClientCalls.java:551)
	at org.apache.ratis.thirdparty.io.grpc.ForwardingClientCallListener.onMessage(ForwardingClientCallListener.java:33)
	at org.apache.ratis.thirdparty.io.grpc.internal.DelayedClientCall$DelayedListener.onMessage(DelayedClientCall.java:473)
	at org.apache.ratis.thirdparty.io.grpc.internal.ClientCallImpl$ClientStreamListenerImpl$1MessagesAvailable.runInternal(ClientCallImpl.java:661)
	at org.apache.ratis.thirdparty.io.grpc.internal.ClientCallImpl$ClientStreamListenerImpl$1MessagesAvailable.runInContext(ClientCallImpl.java:648)
	at org.apache.ratis.thirdparty.io.grpc.internal.ContextRunnable.run(ContextRunnable.java:37)
	at org.apache.ratis.thirdparty.io.grpc.internal.SerializingExecutor.run(SerializingExecutor.java:133)
	at java.base/java.util.concurrent.ThreadPoolExecutor.runWorker(ThreadPoolExecutor.java:1144)
	at java.base/java.util.concurrent.ThreadPoolExecutor$Worker.run(ThreadPoolExecutor.java:642)
	at java.base/java.lang.Thread.run(Thread.java:1583)
Caused by: org.apache.ratis.protocol.exceptions.StateMachineException: org.apache.hadoop.hdds.scm.container.common.helpers.ContainerNotOpenException from Server 5109dbd0-88b3-4954-9428-6522438831f5@group-6E557299AE72: Container 4 in CLOSED state
	at org.apache.hadoop.ozone.container.common.impl.HddsDispatcher.validateContainerCommand(HddsDispatcher.java:580)
	at org.apache.hadoop.ozone.container.common.transport.server.ratis.ContainerStateMachine.startTransaction(ContainerStateMachine.java:488)
	at org.apache.ratis.server.impl.RaftServerImpl.writeAsyncImpl(RaftServerImpl.java:987)
	at org.apache.ratis.server.impl.RaftServerImpl.writeAsync(RaftServerImpl.java:960)
	at org.apache.ratis.server.impl.RaftServerImpl.replyFuture(RaftServerImpl.java:953)
	at org.apache.ratis.server.impl.RaftServerImpl.submitClientRequestAsync(RaftServerImpl.java:930)
	at org.apache.ratis.server.impl.RaftServerImpl.lambda$null$11(RaftServerImpl.java:919)
	at org.apache.ratis.util.JavaUtils.callAsUnchecked(JavaUtils.java:118)
	at org.apache.ratis.server.impl.RaftServerImpl.lambda$executeSubmitClientRequestAsync$12(RaftServerImpl.java:919)
	at java.base/java.util.concurrent.CompletableFuture$AsyncSupply.run(CompletableFuture.java:1768)
	... 3 more
Caused by: org.apache.hadoop.hdds.scm.container.common.helpers.ContainerNotOpenException: Container 4 in CLOSED state
	at java.base/jdk.internal.reflect.DirectConstructorHandleAccessor.newInstance(DirectConstructorHandleAccessor.java:62)
	at java.base/java.lang.reflect.Constructor.newInstanceWithCaller(Constructor.java:502)
	at java.base/java.lang.reflect.Constructor.newInstance(Constructor.java:486)
	at org.apache.ratis.util.ReflectionUtils.instantiateException(ReflectionUtils.java:265)
	at org.apache.ratis.client.impl.ClientProtoUtils.toStateMachineException(ClientProtoUtils.java:455)
	at org.apache.ratis.client.impl.ClientProtoUtils.toStateMachineException(ClientProtoUtils.java:441)
	at org.apache.ratis.client.impl.ClientProtoUtils.toRaftClientReply(ClientProtoUtils.java:408)
	at org.apache.ratis.grpc.client.GrpcClientProtocolClient$AsyncStreamObservers$1.onNext(GrpcClientProtocolClient.java:313)
	at org.apache.ratis.grpc.client.GrpcClientProtocolClient$AsyncStreamObservers$1.onNext(GrpcClientProtocolClient.java:308)
	at org.apache.ratis.thirdparty.io.grpc.stub.ClientCalls$StreamObserverToCallListenerAdapter.onMessage(ClientCalls.java:551)
	at org.apache.ratis.thirdparty.io.grpc.ForwardingClientCallListener.onMessage(ForwardingClientCallListener.java:33)
	at org.apache.ratis.thirdparty.io.grpc.internal.DelayedClientCall$DelayedListener.onMessage(DelayedClientCall.java:473)
	at org.apache.ratis.thirdparty.io.grpc.internal.ClientCallImpl$ClientStreamListenerImpl$1MessagesAvailable.runInternal(ClientCallImpl.java:661)
	at org.apache.ratis.thirdparty.io.grpc.internal.ClientCallImpl$ClientStreamListenerImpl$1MessagesAvailable.runInContext(ClientCallImpl.java:648)
	at org.apache.ratis.thirdparty.io.grpc.internal.ContextRunnable.run(ContextRunnable.java:37)
	at org.apache.ratis.thirdparty.io.grpc.internal.SerializingExecutor.run(SerializingExecutor.java:133)
	... 3 more
2025-07-15 19:44:57,595 [grpc-default-executor-5] ERROR impl.OrderedAsync (OrderedAsync.java:lambda$send$4(181)) - Failed to send request, message=cmdType: WriteChunk
traceID: ""
containerID: 4
datanodeUuid: "5109dbd0-88b3-4954-9428-6522438831f5"
writeChunk {
  blockID {
    containerID: 4
    localID: 115816896921600004
    blockCommitSequenceId: 0
  }
  chunkData {
    chunkName: "115816896921600004.data.0"
    offset: 0
    len: 5
    checksumData {
      type: CRC32
      bytesPerChecksum: 1048576
      checksums: "]\240\365\\"
    }
  }
}
version: 3
, data.size=5
java.util.concurrent.CompletionException: org.apache.ratis.protocol.exceptions.StateMachineException: org.apache.hadoop.hdds.scm.container.common.helpers.ContainerNotOpenException from Server 5109dbd0-88b3-4954-9428-6522438831f5@group-6E557299AE72: Container 4 in CLOSED state
	at org.apache.ratis.client.impl.RaftClientImpl.handleRaftException(RaftClientImpl.java:373)
	at org.apache.ratis.client.impl.OrderedAsync.lambda$send$3(OrderedAsync.java:175)
	at java.base/java.util.concurrent.CompletableFuture$UniApply.tryFire(CompletableFuture.java:646)
	at java.base/java.util.concurrent.CompletableFuture.postComplete(CompletableFuture.java:510)
	at java.base/java.util.concurrent.CompletableFuture.complete(CompletableFuture.java:2179)
	at org.apache.ratis.client.impl.OrderedAsync$PendingOrderedRequest.setReply(OrderedAsync.java:105)
	at org.apache.ratis.client.impl.OrderedAsync$PendingOrderedRequest.setReply(OrderedAsync.java:66)
	at org.apache.ratis.util.SlidingWindow$RequestMap.setReply(SlidingWindow.java:147)
	at org.apache.ratis.util.SlidingWindow$Client.receiveReply(SlidingWindow.java:351)
	at org.apache.ratis.client.impl.OrderedAsync.lambda$sendRequestWithRetry$5(OrderedAsync.java:210)
	at java.base/java.util.concurrent.CompletableFuture$UniAccept.tryFire(CompletableFuture.java:718)
	at java.base/java.util.concurrent.CompletableFuture.postComplete(CompletableFuture.java:510)
	at java.base/java.util.concurrent.CompletableFuture.complete(CompletableFuture.java:2179)
	at org.apache.ratis.grpc.client.GrpcClientProtocolClient$AsyncStreamObservers$1.lambda$onNext$0(GrpcClientProtocolClient.java:325)
	at java.base/java.util.Optional.ifPresent(Optional.java:178)
	at org.apache.ratis.grpc.client.GrpcClientProtocolClient$AsyncStreamObservers.handleReplyFuture(GrpcClientProtocolClient.java:381)
	at org.apache.ratis.grpc.client.GrpcClientProtocolClient$AsyncStreamObservers.access$100(GrpcClientProtocolClient.java:303)
	at org.apache.ratis.grpc.client.GrpcClientProtocolClient$AsyncStreamObservers$1.onNext(GrpcClientProtocolClient.java:325)
	at org.apache.ratis.grpc.client.GrpcClientProtocolClient$AsyncStreamObservers$1.onNext(GrpcClientProtocolClient.java:308)
	at org.apache.ratis.thirdparty.io.grpc.stub.ClientCalls$StreamObserverToCallListenerAdapter.onMessage(ClientCalls.java:551)
	at org.apache.ratis.thirdparty.io.grpc.ForwardingClientCallListener.onMessage(ForwardingClientCallListener.java:33)
	at org.apache.ratis.thirdparty.io.grpc.internal.DelayedClientCall$DelayedListener.onMessage(DelayedClientCall.java:473)
	at org.apache.ratis.thirdparty.io.grpc.internal.ClientCallImpl$ClientStreamListenerImpl$1MessagesAvailable.runInternal(ClientCallImpl.java:661)
	at org.apache.ratis.thirdparty.io.grpc.internal.ClientCallImpl$ClientStreamListenerImpl$1MessagesAvailable.runInContext(ClientCallImpl.java:648)
	at org.apache.ratis.thirdparty.io.grpc.internal.ContextRunnable.run(ContextRunnable.java:37)
	at org.apache.ratis.thirdparty.io.grpc.internal.SerializingExecutor.run(SerializingExecutor.java:133)
	at java.base/java.util.concurrent.ThreadPoolExecutor.runWorker(ThreadPoolExecutor.java:1144)
	at java.base/java.util.concurrent.ThreadPoolExecutor$Worker.run(ThreadPoolExecutor.java:642)
	at java.base/java.lang.Thread.run(Thread.java:1583)
Caused by: org.apache.ratis.protocol.exceptions.StateMachineException: org.apache.hadoop.hdds.scm.container.common.helpers.ContainerNotOpenException from Server 5109dbd0-88b3-4954-9428-6522438831f5@group-6E557299AE72: Container 4 in CLOSED state
	at org.apache.hadoop.ozone.container.common.impl.HddsDispatcher.validateContainerCommand(HddsDispatcher.java:580)
	at org.apache.hadoop.ozone.container.common.transport.server.ratis.ContainerStateMachine.startTransaction(ContainerStateMachine.java:488)
	at org.apache.ratis.server.impl.RaftServerImpl.writeAsyncImpl(RaftServerImpl.java:987)
	at org.apache.ratis.server.impl.RaftServerImpl.writeAsync(RaftServerImpl.java:960)
	at org.apache.ratis.server.impl.RaftServerImpl.replyFuture(RaftServerImpl.java:953)
	at org.apache.ratis.server.impl.RaftServerImpl.submitClientRequestAsync(RaftServerImpl.java:930)
	at org.apache.ratis.server.impl.RaftServerImpl.lambda$null$11(RaftServerImpl.java:919)
	at org.apache.ratis.util.JavaUtils.callAsUnchecked(JavaUtils.java:118)
	at org.apache.ratis.server.impl.RaftServerImpl.lambda$executeSubmitClientRequestAsync$12(RaftServerImpl.java:919)
	at java.base/java.util.concurrent.CompletableFuture$AsyncSupply.run(CompletableFuture.java:1768)
	... 3 more
Caused by: org.apache.hadoop.hdds.scm.container.common.helpers.ContainerNotOpenException: Container 4 in CLOSED state
	at java.base/jdk.internal.reflect.DirectConstructorHandleAccessor.newInstance(DirectConstructorHandleAccessor.java:62)
	at java.base/java.lang.reflect.Constructor.newInstanceWithCaller(Constructor.java:502)
	at java.base/java.lang.reflect.Constructor.newInstance(Constructor.java:486)
	at org.apache.ratis.util.ReflectionUtils.instantiateException(ReflectionUtils.java:265)
	at org.apache.ratis.client.impl.ClientProtoUtils.toStateMachineException(ClientProtoUtils.java:455)
	at org.apache.ratis.client.impl.ClientProtoUtils.toStateMachineException(ClientProtoUtils.java:441)
	at org.apache.ratis.client.impl.ClientProtoUtils.toRaftClientReply(ClientProtoUtils.java:408)
	at org.apache.ratis.grpc.client.GrpcClientProtocolClient$AsyncStreamObservers$1.onNext(GrpcClientProtocolClient.java:313)
	at org.apache.ratis.grpc.client.GrpcClientProtocolClient$AsyncStreamObservers$1.onNext(GrpcClientProtocolClient.java:308)
	at org.apache.ratis.thirdparty.io.grpc.stub.ClientCalls$StreamObserverToCallListenerAdapter.onMessage(ClientCalls.java:551)
	at org.apache.ratis.thirdparty.io.grpc.ForwardingClientCallListener.onMessage(ForwardingClientCallListener.java:33)
	at org.apache.ratis.thirdparty.io.grpc.internal.DelayedClientCall$DelayedListener.onMessage(DelayedClientCall.java:473)
	at org.apache.ratis.thirdparty.io.grpc.internal.ClientCallImpl$ClientStreamListenerImpl$1MessagesAvailable.runInternal(ClientCallImpl.java:661)
	at org.apache.ratis.thirdparty.io.grpc.internal.ClientCallImpl$ClientStreamListenerImpl$1MessagesAvailable.runInContext(ClientCallImpl.java:648)
	at org.apache.ratis.thirdparty.io.grpc.internal.ContextRunnable.run(ContextRunnable.java:37)
	at org.apache.ratis.thirdparty.io.grpc.internal.SerializingExecutor.run(SerializingExecutor.java:133)
	... 3 more
2025-07-15 19:44:57,596 [grpc-default-executor-5] ERROR impl.OrderedAsync (OrderedAsync.java:lambda$send$4(181)) - Failed to send request, message=cmdType: WriteChunk
traceID: ""
containerID: 4
datanodeUuid: "5109dbd0-88b3-4954-9428-6522438831f5"
writeChunk {
  blockID {
    containerID: 4
    localID: 115816896921600004
    blockCommitSequenceId: 0
  }
  chunkData {
    chunkName: "115816896921600004.data.0"
    offset: 0
    len: 5
    checksumData {
      type: CRC32
      bytesPerChecksum: 1048576
      checksums: "Z\236\343z"
    }
  }
}
version: 3
, data.size=5
java.util.concurrent.CompletionException: org.apache.ratis.protocol.exceptions.StateMachineException: org.apache.hadoop.hdds.scm.container.common.helpers.ContainerNotOpenException from Server 5109dbd0-88b3-4954-9428-6522438831f5@group-6E557299AE72: Container 4 in UNHEALTHY state
	at org.apache.ratis.client.impl.RaftClientImpl.handleRaftException(RaftClientImpl.java:373)
	at org.apache.ratis.client.impl.OrderedAsync.lambda$send$3(OrderedAsync.java:175)
	at java.base/java.util.concurrent.CompletableFuture$UniApply.tryFire(CompletableFuture.java:646)
	at java.base/java.util.concurrent.CompletableFuture.postComplete(CompletableFuture.java:510)
	at java.base/java.util.concurrent.CompletableFuture.complete(CompletableFuture.java:2179)
	at org.apache.ratis.client.impl.OrderedAsync$PendingOrderedRequest.setReply(OrderedAsync.java:105)
	at org.apache.ratis.client.impl.OrderedAsync$PendingOrderedRequest.setReply(OrderedAsync.java:66)
	at org.apache.ratis.util.SlidingWindow$RequestMap.setReply(SlidingWindow.java:147)
	at org.apache.ratis.util.SlidingWindow$Client.receiveReply(SlidingWindow.java:351)
	at org.apache.ratis.client.impl.OrderedAsync.lambda$sendRequestWithRetry$5(OrderedAsync.java:210)
	at java.base/java.util.concurrent.CompletableFuture$UniAccept.tryFire(CompletableFuture.java:718)
	at java.base/java.util.concurrent.CompletableFuture.postComplete(CompletableFuture.java:510)
	at java.base/java.util.concurrent.CompletableFuture.complete(CompletableFuture.java:2179)
	at org.apache.ratis.grpc.client.GrpcClientProtocolClient$AsyncStreamObservers$1.lambda$onNext$0(GrpcClientProtocolClient.java:325)
	at java.base/java.util.Optional.ifPresent(Optional.java:178)
	at org.apache.ratis.grpc.client.GrpcClientProtocolClient$AsyncStreamObservers.handleReplyFuture(GrpcClientProtocolClient.java:381)
	at org.apache.ratis.grpc.client.GrpcClientProtocolClient$AsyncStreamObservers.access$100(GrpcClientProtocolClient.java:303)
	at org.apache.ratis.grpc.client.GrpcClientProtocolClient$AsyncStreamObservers$1.onNext(GrpcClientProtocolClient.java:325)
	at org.apache.ratis.grpc.client.GrpcClientProtocolClient$AsyncStreamObservers$1.onNext(GrpcClientProtocolClient.java:308)
	at org.apache.ratis.thirdparty.io.grpc.stub.ClientCalls$StreamObserverToCallListenerAdapter.onMessage(ClientCalls.java:551)
	at org.apache.ratis.thirdparty.io.grpc.ForwardingClientCallListener.onMessage(ForwardingClientCallListener.java:33)
	at org.apache.ratis.thirdparty.io.grpc.internal.DelayedClientCall$DelayedListener.onMessage(DelayedClientCall.java:473)
	at org.apache.ratis.thirdparty.io.grpc.internal.ClientCallImpl$ClientStreamListenerImpl$1MessagesAvailable.runInternal(ClientCallImpl.java:661)
	at org.apache.ratis.thirdparty.io.grpc.internal.ClientCallImpl$ClientStreamListenerImpl$1MessagesAvailable.runInContext(ClientCallImpl.java:648)
	at org.apache.ratis.thirdparty.io.grpc.internal.ContextRunnable.run(ContextRunnable.java:37)
	at org.apache.ratis.thirdparty.io.grpc.internal.SerializingExecutor.run(SerializingExecutor.java:133)
	at java.base/java.util.concurrent.ThreadPoolExecutor.runWorker(ThreadPoolExecutor.java:1144)
	at java.base/java.util.concurrent.ThreadPoolExecutor$Worker.run(ThreadPoolExecutor.java:642)
	at java.base/java.lang.Thread.run(Thread.java:1583)
Caused by: org.apache.ratis.protocol.exceptions.StateMachineException: org.apache.hadoop.hdds.scm.container.common.helpers.ContainerNotOpenException from Server 5109dbd0-88b3-4954-9428-6522438831f5@group-6E557299AE72: Container 4 in UNHEALTHY state
	at org.apache.hadoop.ozone.container.common.impl.HddsDispatcher.validateContainerCommand(HddsDispatcher.java:580)
	at org.apache.hadoop.ozone.container.common.transport.server.ratis.ContainerStateMachine.startTransaction(ContainerStateMachine.java:488)
	at org.apache.ratis.server.impl.RaftServerImpl.writeAsyncImpl(RaftServerImpl.java:987)
	at org.apache.ratis.server.impl.RaftServerImpl.writeAsync(RaftServerImpl.java:960)
	at org.apache.ratis.server.impl.RaftServerImpl.replyFuture(RaftServerImpl.java:953)
	at org.apache.ratis.server.impl.RaftServerImpl.submitClientRequestAsync(RaftServerImpl.java:930)
	at org.apache.ratis.server.impl.RaftServerImpl.lambda$null$11(RaftServerImpl.java:919)
	at org.apache.ratis.util.JavaUtils.callAsUnchecked(JavaUtils.java:118)
	at org.apache.ratis.server.impl.RaftServerImpl.lambda$executeSubmitClientRequestAsync$12(RaftServerImpl.java:919)
	at java.base/java.util.concurrent.CompletableFuture$AsyncSupply.run(CompletableFuture.java:1768)
	... 3 more
Caused by: org.apache.hadoop.hdds.scm.container.common.helpers.ContainerNotOpenException: Container 4 in UNHEALTHY state
	at java.base/jdk.internal.reflect.DirectConstructorHandleAccessor.newInstance(DirectConstructorHandleAccessor.java:62)
	at java.base/java.lang.reflect.Constructor.newInstanceWithCaller(Constructor.java:502)
	at java.base/java.lang.reflect.Constructor.newInstance(Constructor.java:486)
	at org.apache.ratis.util.ReflectionUtils.instantiateException(ReflectionUtils.java:265)
	at org.apache.ratis.client.impl.ClientProtoUtils.toStateMachineException(ClientProtoUtils.java:455)
	at org.apache.ratis.client.impl.ClientProtoUtils.toStateMachineException(ClientProtoUtils.java:441)
	at org.apache.ratis.client.impl.ClientProtoUtils.toRaftClientReply(ClientProtoUtils.java:408)
	at org.apache.ratis.grpc.client.GrpcClientProtocolClient$AsyncStreamObservers$1.onNext(GrpcClientProtocolClient.java:313)
	at org.apache.ratis.grpc.client.GrpcClientProtocolClient$AsyncStreamObservers$1.onNext(GrpcClientProtocolClient.java:308)
	at org.apache.ratis.thirdparty.io.grpc.stub.ClientCalls$StreamObserverToCallListenerAdapter.onMessage(ClientCalls.java:551)
	at org.apache.ratis.thirdparty.io.grpc.ForwardingClientCallListener.onMessage(ForwardingClientCallListener.java:33)
	at org.apache.ratis.thirdparty.io.grpc.internal.DelayedClientCall$DelayedListener.onMessage(DelayedClientCall.java:473)
	at org.apache.ratis.thirdparty.io.grpc.internal.ClientCallImpl$ClientStreamListenerImpl$1MessagesAvailable.runInternal(ClientCallImpl.java:661)
	at org.apache.ratis.thirdparty.io.grpc.internal.ClientCallImpl$ClientStreamListenerImpl$1MessagesAvailable.runInContext(ClientCallImpl.java:648)
	at org.apache.ratis.thirdparty.io.grpc.internal.ContextRunnable.run(ContextRunnable.java:37)
	at org.apache.ratis.thirdparty.io.grpc.internal.SerializingExecutor.run(SerializingExecutor.java:133)
	... 3 more
2025-07-15 19:44:57,597 [grpc-default-executor-5] ERROR impl.OrderedAsync (OrderedAsync.java:lambda$send$4(181)) - Failed to send request, message=cmdType: WriteChunk
traceID: ""
containerID: 4
datanodeUuid: "5109dbd0-88b3-4954-9428-6522438831f5"
writeChunk {
  blockID {
    containerID: 4
    localID: 115816896921600004
    blockCommitSequenceId: 0
  }
  chunkData {
    chunkName: "115816896921600004.data.0"
    offset: 0
    len: 5
    checksumData {
      type: CRC32
      bytesPerChecksum: 1048576
      checksums: ";\265@q"
    }
  }
}
version: 3
, data.size=5
java.util.concurrent.CompletionException: org.apache.ratis.protocol.exceptions.StateMachineException: org.apache.hadoop.hdds.scm.container.common.helpers.ContainerNotOpenException from Server 5109dbd0-88b3-4954-9428-6522438831f5@group-6E557299AE72: Container 4 in UNHEALTHY state
	at org.apache.ratis.client.impl.RaftClientImpl.handleRaftException(RaftClientImpl.java:373)
	at org.apache.ratis.client.impl.OrderedAsync.lambda$send$3(OrderedAsync.java:175)
	at java.base/java.util.concurrent.CompletableFuture$UniApply.tryFire(CompletableFuture.java:646)
	at java.base/java.util.concurrent.CompletableFuture.postComplete(CompletableFuture.java:510)
	at java.base/java.util.concurrent.CompletableFuture.complete(CompletableFuture.java:2179)
	at org.apache.ratis.client.impl.OrderedAsync$PendingOrderedRequest.setReply(OrderedAsync.java:105)
	at org.apache.ratis.client.impl.OrderedAsync$PendingOrderedRequest.setReply(OrderedAsync.java:66)
	at org.apache.ratis.util.SlidingWindow$RequestMap.setReply(SlidingWindow.java:147)
	at org.apache.ratis.util.SlidingWindow$Client.receiveReply(SlidingWindow.java:351)
	at org.apache.ratis.client.impl.OrderedAsync.lambda$sendRequestWithRetry$5(OrderedAsync.java:210)
	at java.base/java.util.concurrent.CompletableFuture$UniAccept.tryFire(CompletableFuture.java:718)
	at java.base/java.util.concurrent.CompletableFuture.postComplete(CompletableFuture.java:510)
	at java.base/java.util.concurrent.CompletableFuture.complete(CompletableFuture.java:2179)
	at org.apache.ratis.grpc.client.GrpcClientProtocolClient$AsyncStreamObservers$1.lambda$onNext$0(GrpcClientProtocolClient.java:325)
	at java.base/java.util.Optional.ifPresent(Optional.java:178)
	at org.apache.ratis.grpc.client.GrpcClientProtocolClient$AsyncStreamObservers.handleReplyFuture(GrpcClientProtocolClient.java:381)
	at org.apache.ratis.grpc.client.GrpcClientProtocolClient$AsyncStreamObservers.access$100(GrpcClientProtocolClient.java:303)
	at org.apache.ratis.grpc.client.GrpcClientProtocolClient$AsyncStreamObservers$1.onNext(GrpcClientProtocolClient.java:325)
	at org.apache.ratis.grpc.client.GrpcClientProtocolClient$AsyncStreamObservers$1.onNext(GrpcClientProtocolClient.java:308)
	at org.apache.ratis.thirdparty.io.grpc.stub.ClientCalls$StreamObserverToCallListenerAdapter.onMessage(ClientCalls.java:551)
	at org.apache.ratis.thirdparty.io.grpc.ForwardingClientCallListener.onMessage(ForwardingClientCallListener.java:33)
	at org.apache.ratis.thirdparty.io.grpc.internal.DelayedClientCall$DelayedListener.onMessage(DelayedClientCall.java:473)
	at org.apache.ratis.thirdparty.io.grpc.internal.ClientCallImpl$ClientStreamListenerImpl$1MessagesAvailable.runInternal(ClientCallImpl.java:661)
	at org.apache.ratis.thirdparty.io.grpc.internal.ClientCallImpl$ClientStreamListenerImpl$1MessagesAvailable.runInContext(ClientCallImpl.java:648)
	at org.apache.ratis.thirdparty.io.grpc.internal.ContextRunnable.run(ContextRunnable.java:37)
	at org.apache.ratis.thirdparty.io.grpc.internal.SerializingExecutor.run(SerializingExecutor.java:133)
	at java.base/java.util.concurrent.ThreadPoolExecutor.runWorker(ThreadPoolExecutor.java:1144)
	at java.base/java.util.concurrent.ThreadPoolExecutor$Worker.run(ThreadPoolExecutor.java:642)
	at java.base/java.lang.Thread.run(Thread.java:1583)
Caused by: org.apache.ratis.protocol.exceptions.StateMachineException: org.apache.hadoop.hdds.scm.container.common.helpers.ContainerNotOpenException from Server 5109dbd0-88b3-4954-9428-6522438831f5@group-6E557299AE72: Container 4 in UNHEALTHY state
	at org.apache.hadoop.ozone.container.common.impl.HddsDispatcher.validateContainerCommand(HddsDispatcher.java:580)
	at org.apache.hadoop.ozone.container.common.transport.server.ratis.ContainerStateMachine.startTransaction(ContainerStateMachine.java:488)
	at org.apache.ratis.server.impl.RaftServerImpl.writeAsyncImpl(RaftServerImpl.java:987)
	at org.apache.ratis.server.impl.RaftServerImpl.writeAsync(RaftServerImpl.java:960)
	at org.apache.ratis.server.impl.RaftServerImpl.replyFuture(RaftServerImpl.java:953)
	at org.apache.ratis.server.impl.RaftServerImpl.submitClientRequestAsync(RaftServerImpl.java:930)
	at org.apache.ratis.server.impl.RaftServerImpl.lambda$null$11(RaftServerImpl.java:919)
	at org.apache.ratis.util.JavaUtils.callAsUnchecked(JavaUtils.java:118)
	at org.apache.ratis.server.impl.RaftServerImpl.lambda$executeSubmitClientRequestAsync$12(RaftServerImpl.java:919)
	at java.base/java.util.concurrent.CompletableFuture$AsyncSupply.run(CompletableFuture.java:1768)
	... 3 more
Caused by: org.apache.hadoop.hdds.scm.container.common.helpers.ContainerNotOpenException: Container 4 in UNHEALTHY state
	at java.base/jdk.internal.reflect.DirectConstructorHandleAccessor.newInstance(DirectConstructorHandleAccessor.java:62)
	at java.base/java.lang.reflect.Constructor.newInstanceWithCaller(Constructor.java:502)
	at java.base/java.lang.reflect.Constructor.newInstance(Constructor.java:486)
	at org.apache.ratis.util.ReflectionUtils.instantiateException(ReflectionUtils.java:265)
	at org.apache.ratis.client.impl.ClientProtoUtils.toStateMachineException(ClientProtoUtils.java:455)
	at org.apache.ratis.client.impl.ClientProtoUtils.toStateMachineException(ClientProtoUtils.java:441)
	at org.apache.ratis.client.impl.ClientProtoUtils.toRaftClientReply(ClientProtoUtils.java:408)
	at org.apache.ratis.grpc.client.GrpcClientProtocolClient$AsyncStreamObservers$1.onNext(GrpcClientProtocolClient.java:313)
	at org.apache.ratis.grpc.client.GrpcClientProtocolClient$AsyncStreamObservers$1.onNext(GrpcClientProtocolClient.java:308)
	at org.apache.ratis.thirdparty.io.grpc.stub.ClientCalls$StreamObserverToCallListenerAdapter.onMessage(ClientCalls.java:551)
	at org.apache.ratis.thirdparty.io.grpc.ForwardingClientCallListener.onMessage(ForwardingClientCallListener.java:33)
	at org.apache.ratis.thirdparty.io.grpc.internal.DelayedClientCall$DelayedListener.onMessage(DelayedClientCall.java:473)
	at org.apache.ratis.thirdparty.io.grpc.internal.ClientCallImpl$ClientStreamListenerImpl$1MessagesAvailable.runInternal(ClientCallImpl.java:661)
	at org.apache.ratis.thirdparty.io.grpc.internal.ClientCallImpl$ClientStreamListenerImpl$1MessagesAvailable.runInContext(ClientCallImpl.java:648)
	at org.apache.ratis.thirdparty.io.grpc.internal.ContextRunnable.run(ContextRunnable.java:37)
	at org.apache.ratis.thirdparty.io.grpc.internal.SerializingExecutor.run(SerializingExecutor.java:133)
	... 3 more
2025-07-15 19:44:57,598 [grpc-default-executor-5] ERROR impl.OrderedAsync (OrderedAsync.java:lambda$send$4(181)) - Failed to send request, message=cmdType: WriteChunk
traceID: ""
containerID: 4
datanodeUuid: "5109dbd0-88b3-4954-9428-6522438831f5"
writeChunk {
  blockID {
    containerID: 4
    localID: 115816896921600004
    blockCommitSequenceId: 0
  }
  chunkData {
    chunkName: "115816896921600004.data.0"
    offset: 0
    len: 5
    checksumData {
      type: CRC32
      bytesPerChecksum: 1048576
      checksums: "\347b\031\343"
    }
  }
}
version: 3
, data.size=5
java.util.concurrent.CompletionException: org.apache.ratis.protocol.exceptions.StateMachineException: org.apache.hadoop.hdds.scm.container.common.helpers.ContainerNotOpenException from Server 5109dbd0-88b3-4954-9428-6522438831f5@group-6E557299AE72: Container 4 in UNHEALTHY state
	at org.apache.ratis.client.impl.RaftClientImpl.handleRaftException(RaftClientImpl.java:373)
	at org.apache.ratis.client.impl.OrderedAsync.lambda$send$3(OrderedAsync.java:175)
	at java.base/java.util.concurrent.CompletableFuture$UniApply.tryFire(CompletableFuture.java:646)
	at java.base/java.util.concurrent.CompletableFuture.postComplete(CompletableFuture.java:510)
	at java.base/java.util.concurrent.CompletableFuture.complete(CompletableFuture.java:2179)
	at org.apache.ratis.client.impl.OrderedAsync$PendingOrderedRequest.setReply(OrderedAsync.java:105)
	at org.apache.ratis.client.impl.OrderedAsync$PendingOrderedRequest.setReply(OrderedAsync.java:66)
	at org.apache.ratis.util.SlidingWindow$RequestMap.setReply(SlidingWindow.java:147)
	at org.apache.ratis.util.SlidingWindow$Client.receiveReply(SlidingWindow.java:351)
	at org.apache.ratis.client.impl.OrderedAsync.lambda$sendRequestWithRetry$5(OrderedAsync.java:210)
	at java.base/java.util.concurrent.CompletableFuture$UniAccept.tryFire(CompletableFuture.java:718)
	at java.base/java.util.concurrent.CompletableFuture.postComplete(CompletableFuture.java:510)
	at java.base/java.util.concurrent.CompletableFuture.complete(CompletableFuture.java:2179)
	at org.apache.ratis.grpc.client.GrpcClientProtocolClient$AsyncStreamObservers$1.lambda$onNext$0(GrpcClientProtocolClient.java:325)
	at java.base/java.util.Optional.ifPresent(Optional.java:178)
	at org.apache.ratis.grpc.client.GrpcClientProtocolClient$AsyncStreamObservers.handleReplyFuture(GrpcClientProtocolClient.java:381)
	at org.apache.ratis.grpc.client.GrpcClientProtocolClient$AsyncStreamObservers.access$100(GrpcClientProtocolClient.java:303)
	at org.apache.ratis.grpc.client.GrpcClientProtocolClient$AsyncStreamObservers$1.onNext(GrpcClientProtocolClient.java:325)
	at org.apache.ratis.grpc.client.GrpcClientProtocolClient$AsyncStreamObservers$1.onNext(GrpcClientProtocolClient.java:308)
	at org.apache.ratis.thirdparty.io.grpc.stub.ClientCalls$StreamObserverToCallListenerAdapter.onMessage(ClientCalls.java:551)
	at org.apache.ratis.thirdparty.io.grpc.ForwardingClientCallListener.onMessage(ForwardingClientCallListener.java:33)
	at org.apache.ratis.thirdparty.io.grpc.internal.DelayedClientCall$DelayedListener.onMessage(DelayedClientCall.java:473)
	at org.apache.ratis.thirdparty.io.grpc.internal.ClientCallImpl$ClientStreamListenerImpl$1MessagesAvailable.runInternal(ClientCallImpl.java:661)
	at org.apache.ratis.thirdparty.io.grpc.internal.ClientCallImpl$ClientStreamListenerImpl$1MessagesAvailable.runInContext(ClientCallImpl.java:648)
	at org.apache.ratis.thirdparty.io.grpc.internal.ContextRunnable.run(ContextRunnable.java:37)
	at org.apache.ratis.thirdparty.io.grpc.internal.SerializingExecutor.run(SerializingExecutor.java:133)
	at java.base/java.util.concurrent.ThreadPoolExecutor.runWorker(ThreadPoolExecutor.java:1144)
	at java.base/java.util.concurrent.ThreadPoolExecutor$Worker.run(ThreadPoolExecutor.java:642)
	at java.base/java.lang.Thread.run(Thread.java:1583)
Caused by: org.apache.ratis.protocol.exceptions.StateMachineException: org.apache.hadoop.hdds.scm.container.common.helpers.ContainerNotOpenException from Server 5109dbd0-88b3-4954-9428-6522438831f5@group-6E557299AE72: Container 4 in UNHEALTHY state
	at org.apache.hadoop.ozone.container.common.impl.HddsDispatcher.validateContainerCommand(HddsDispatcher.java:580)
	at org.apache.hadoop.ozone.container.common.transport.server.ratis.ContainerStateMachine.startTransaction(ContainerStateMachine.java:488)
	at org.apache.ratis.server.impl.RaftServerImpl.writeAsyncImpl(RaftServerImpl.java:987)
	at org.apache.ratis.server.impl.RaftServerImpl.writeAsync(RaftServerImpl.java:960)
	at org.apache.ratis.server.impl.RaftServerImpl.replyFuture(RaftServerImpl.java:953)
	at org.apache.ratis.server.impl.RaftServerImpl.submitClientRequestAsync(RaftServerImpl.java:930)
	at org.apache.ratis.server.impl.RaftServerImpl.lambda$null$11(RaftServerImpl.java:919)
	at org.apache.ratis.util.JavaUtils.callAsUnchecked(JavaUtils.java:118)
	at org.apache.ratis.server.impl.RaftServerImpl.lambda$executeSubmitClientRequestAsync$12(RaftServerImpl.java:919)
	at java.base/java.util.concurrent.CompletableFuture$AsyncSupply.run(CompletableFuture.java:1768)
	... 3 more
Caused by: org.apache.hadoop.hdds.scm.container.common.helpers.ContainerNotOpenException: Container 4 in UNHEALTHY state
	at java.base/jdk.internal.reflect.DirectConstructorHandleAccessor.newInstance(DirectConstructorHandleAccessor.java:62)
	at java.base/java.lang.reflect.Constructor.newInstanceWithCaller(Constructor.java:502)
	at java.base/java.lang.reflect.Constructor.newInstance(Constructor.java:486)
	at org.apache.ratis.util.ReflectionUtils.instantiateException(ReflectionUtils.java:265)
	at org.apache.ratis.client.impl.ClientProtoUtils.toStateMachineException(ClientProtoUtils.java:455)
	at org.apache.ratis.client.impl.ClientProtoUtils.toStateMachineException(ClientProtoUtils.java:441)
	at org.apache.ratis.client.impl.ClientProtoUtils.toRaftClientReply(ClientProtoUtils.java:408)
	at org.apache.ratis.grpc.client.GrpcClientProtocolClient$AsyncStreamObservers$1.onNext(GrpcClientProtocolClient.java:313)
	at org.apache.ratis.grpc.client.GrpcClientProtocolClient$AsyncStreamObservers$1.onNext(GrpcClientProtocolClient.java:308)
	at org.apache.ratis.thirdparty.io.grpc.stub.ClientCalls$StreamObserverToCallListenerAdapter.onMessage(ClientCalls.java:551)
	at org.apache.ratis.thirdparty.io.grpc.ForwardingClientCallListener.onMessage(ForwardingClientCallListener.java:33)
	at org.apache.ratis.thirdparty.io.grpc.internal.DelayedClientCall$DelayedListener.onMessage(DelayedClientCall.java:473)
	at org.apache.ratis.thirdparty.io.grpc.internal.ClientCallImpl$ClientStreamListenerImpl$1MessagesAvailable.runInternal(ClientCallImpl.java:661)
	at org.apache.ratis.thirdparty.io.grpc.internal.ClientCallImpl$ClientStreamListenerImpl$1MessagesAvailable.runInContext(ClientCallImpl.java:648)
	at org.apache.ratis.thirdparty.io.grpc.internal.ContextRunnable.run(ContextRunnable.java:37)
	at org.apache.ratis.thirdparty.io.grpc.internal.SerializingExecutor.run(SerializingExecutor.java:133)
	... 3 more
2025-07-15 19:44:57,600 [grpc-default-executor-5] ERROR impl.OrderedAsync (OrderedAsync.java:lambda$send$4(181)) - Failed to send request, message=cmdType: WriteChunk
traceID: ""
containerID: 4
datanodeUuid: "5109dbd0-88b3-4954-9428-6522438831f5"
writeChunk {
  blockID {
    containerID: 4
    localID: 115816896921600004
    blockCommitSequenceId: 0
  }
  chunkData {
    chunkName: "115816896921600004.data.0"
    offset: 0
    len: 5
    checksumData {
      type: CRC32
      bytesPerChecksum: 1048576
      checksums: "\307$\2619"
    }
  }
}
version: 3
, data.size=5
java.util.concurrent.CompletionException: org.apache.ratis.protocol.exceptions.StateMachineException: org.apache.hadoop.hdds.scm.container.common.helpers.ContainerNotOpenException from Server 5109dbd0-88b3-4954-9428-6522438831f5@group-6E557299AE72: Container 4 in UNHEALTHY state
	at org.apache.ratis.client.impl.RaftClientImpl.handleRaftException(RaftClientImpl.java:373)
	at org.apache.ratis.client.impl.OrderedAsync.lambda$send$3(OrderedAsync.java:175)
	at java.base/java.util.concurrent.CompletableFuture$UniApply.tryFire(CompletableFuture.java:646)
	at java.base/java.util.concurrent.CompletableFuture.postComplete(CompletableFuture.java:510)
	at java.base/java.util.concurrent.CompletableFuture.complete(CompletableFuture.java:2179)
	at org.apache.ratis.client.impl.OrderedAsync$PendingOrderedRequest.setReply(OrderedAsync.java:105)
	at org.apache.ratis.client.impl.OrderedAsync$PendingOrderedRequest.setReply(OrderedAsync.java:66)
	at org.apache.ratis.util.SlidingWindow$RequestMap.setReply(SlidingWindow.java:147)
	at org.apache.ratis.util.SlidingWindow$Client.receiveReply(SlidingWindow.java:351)
	at org.apache.ratis.client.impl.OrderedAsync.lambda$sendRequestWithRetry$5(OrderedAsync.java:210)
	at java.base/java.util.concurrent.CompletableFuture$UniAccept.tryFire(CompletableFuture.java:718)
	at java.base/java.util.concurrent.CompletableFuture.postComplete(CompletableFuture.java:510)
	at java.base/java.util.concurrent.CompletableFuture.complete(CompletableFuture.java:2179)
	at org.apache.ratis.grpc.client.GrpcClientProtocolClient$AsyncStreamObservers$1.lambda$onNext$0(GrpcClientProtocolClient.java:325)
	at java.base/java.util.Optional.ifPresent(Optional.java:178)
	at org.apache.ratis.grpc.client.GrpcClientProtocolClient$AsyncStreamObservers.handleReplyFuture(GrpcClientProtocolClient.java:381)
	at org.apache.ratis.grpc.client.GrpcClientProtocolClient$AsyncStreamObservers.access$100(GrpcClientProtocolClient.java:303)
	at org.apache.ratis.grpc.client.GrpcClientProtocolClient$AsyncStreamObservers$1.onNext(GrpcClientProtocolClient.java:325)
	at org.apache.ratis.grpc.client.GrpcClientProtocolClient$AsyncStreamObservers$1.onNext(GrpcClientProtocolClient.java:308)
	at org.apache.ratis.thirdparty.io.grpc.stub.ClientCalls$StreamObserverToCallListenerAdapter.onMessage(ClientCalls.java:551)
	at org.apache.ratis.thirdparty.io.grpc.ForwardingClientCallListener.onMessage(ForwardingClientCallListener.java:33)
	at org.apache.ratis.thirdparty.io.grpc.internal.DelayedClientCall$DelayedListener.onMessage(DelayedClientCall.java:473)
	at org.apache.ratis.thirdparty.io.grpc.internal.ClientCallImpl$ClientStreamListenerImpl$1MessagesAvailable.runInternal(ClientCallImpl.java:661)
	at org.apache.ratis.thirdparty.io.grpc.internal.ClientCallImpl$ClientStreamListenerImpl$1MessagesAvailable.runInContext(ClientCallImpl.java:648)
	at org.apache.ratis.thirdparty.io.grpc.internal.ContextRunnable.run(ContextRunnable.java:37)
	at org.apache.ratis.thirdparty.io.grpc.internal.SerializingExecutor.run(SerializingExecutor.java:133)
	at java.base/java.util.concurrent.ThreadPoolExecutor.runWorker(ThreadPoolExecutor.java:1144)
	at java.base/java.util.concurrent.ThreadPoolExecutor$Worker.run(ThreadPoolExecutor.java:642)
	at java.base/java.lang.Thread.run(Thread.java:1583)
Caused by: org.apache.ratis.protocol.exceptions.StateMachineException: org.apache.hadoop.hdds.scm.container.common.helpers.ContainerNotOpenException from Server 5109dbd0-88b3-4954-9428-6522438831f5@group-6E557299AE72: Container 4 in UNHEALTHY state
	at org.apache.hadoop.ozone.container.common.impl.HddsDispatcher.validateContainerCommand(HddsDispatcher.java:580)
	at org.apache.hadoop.ozone.container.common.transport.server.ratis.ContainerStateMachine.startTransaction(ContainerStateMachine.java:488)
	at org.apache.ratis.server.impl.RaftServerImpl.writeAsyncImpl(RaftServerImpl.java:987)
	at org.apache.ratis.server.impl.RaftServerImpl.writeAsync(RaftServerImpl.java:960)
	at org.apache.ratis.server.impl.RaftServerImpl.replyFuture(RaftServerImpl.java:953)
	at org.apache.ratis.server.impl.RaftServerImpl.submitClientRequestAsync(RaftServerImpl.java:930)
	at org.apache.ratis.server.impl.RaftServerImpl.lambda$null$11(RaftServerImpl.java:919)
	at org.apache.ratis.util.JavaUtils.callAsUnchecked(JavaUtils.java:118)
	at org.apache.ratis.server.impl.RaftServerImpl.lambda$executeSubmitClientRequestAsync$12(RaftServerImpl.java:919)
	at java.base/java.util.concurrent.CompletableFuture$AsyncSupply.run(CompletableFuture.java:1768)
	... 3 more
Caused by: org.apache.hadoop.hdds.scm.container.common.helpers.ContainerNotOpenException: Container 4 in UNHEALTHY state
	at java.base/jdk.internal.reflect.DirectConstructorHandleAccessor.newInstance(DirectConstructorHandleAccessor.java:62)
	at java.base/java.lang.reflect.Constructor.newInstanceWithCaller(Constructor.java:502)
	at java.base/java.lang.reflect.Constructor.newInstance(Constructor.java:486)
	at org.apache.ratis.util.ReflectionUtils.instantiateException(ReflectionUtils.java:265)
	at org.apache.ratis.client.impl.ClientProtoUtils.toStateMachineException(ClientProtoUtils.java:455)
	at org.apache.ratis.client.impl.ClientProtoUtils.toStateMachineException(ClientProtoUtils.java:441)
	at org.apache.ratis.client.impl.ClientProtoUtils.toRaftClientReply(ClientProtoUtils.java:408)
	at org.apache.ratis.grpc.client.GrpcClientProtocolClient$AsyncStreamObservers$1.onNext(GrpcClientProtocolClient.java:313)
	at org.apache.ratis.grpc.client.GrpcClientProtocolClient$AsyncStreamObservers$1.onNext(GrpcClientProtocolClient.java:308)
	at org.apache.ratis.thirdparty.io.grpc.stub.ClientCalls$StreamObserverToCallListenerAdapter.onMessage(ClientCalls.java:551)
	at org.apache.ratis.thirdparty.io.grpc.ForwardingClientCallListener.onMessage(ForwardingClientCallListener.java:33)
	at org.apache.ratis.thirdparty.io.grpc.internal.DelayedClientCall$DelayedListener.onMessage(DelayedClientCall.java:473)
	at org.apache.ratis.thirdparty.io.grpc.internal.ClientCallImpl$ClientStreamListenerImpl$1MessagesAvailable.runInternal(ClientCallImpl.java:661)
	at org.apache.ratis.thirdparty.io.grpc.internal.ClientCallImpl$ClientStreamListenerImpl$1MessagesAvailable.runInContext(ClientCallImpl.java:648)
	at org.apache.ratis.thirdparty.io.grpc.internal.ContextRunnable.run(ContextRunnable.java:37)
	at org.apache.ratis.thirdparty.io.grpc.internal.SerializingExecutor.run(SerializingExecutor.java:133)
	... 3 more
2025-07-15 19:44:57,601 [grpc-default-executor-5] ERROR impl.OrderedAsync (OrderedAsync.java:lambda$send$4(181)) - Failed to send request, message=cmdType: WriteChunk
traceID: ""
containerID: 4
datanodeUuid: "5109dbd0-88b3-4954-9428-6522438831f5"
writeChunk {
  blockID {
    containerID: 4
    localID: 115816896921600004
    blockCommitSequenceId: 0
  }
  chunkData {
    chunkName: "115816896921600004.data.0"
    offset: 0
    len: 5
    checksumData {
      type: CRC32
      bytesPerChecksum: 1048576
      checksums: "\232\245\262\034"
    }
  }
}
version: 3
, data.size=5
java.util.concurrent.CompletionException: org.apache.ratis.protocol.exceptions.StateMachineException: org.apache.hadoop.hdds.scm.container.common.helpers.ContainerNotOpenException from Server 5109dbd0-88b3-4954-9428-6522438831f5@group-6E557299AE72: Container 4 in UNHEALTHY state
	at org.apache.ratis.client.impl.RaftClientImpl.handleRaftException(RaftClientImpl.java:373)
	at org.apache.ratis.client.impl.OrderedAsync.lambda$send$3(OrderedAsync.java:175)
	at java.base/java.util.concurrent.CompletableFuture$UniApply.tryFire(CompletableFuture.java:646)
	at java.base/java.util.concurrent.CompletableFuture.postComplete(CompletableFuture.java:510)
	at java.base/java.util.concurrent.CompletableFuture.complete(CompletableFuture.java:2179)
	at org.apache.ratis.client.impl.OrderedAsync$PendingOrderedRequest.setReply(OrderedAsync.java:105)
	at org.apache.ratis.client.impl.OrderedAsync$PendingOrderedRequest.setReply(OrderedAsync.java:66)
	at org.apache.ratis.util.SlidingWindow$RequestMap.setReply(SlidingWindow.java:147)
	at org.apache.ratis.util.SlidingWindow$Client.receiveReply(SlidingWindow.java:351)
	at org.apache.ratis.client.impl.OrderedAsync.lambda$sendRequestWithRetry$5(OrderedAsync.java:210)
	at java.base/java.util.concurrent.CompletableFuture$UniAccept.tryFire(CompletableFuture.java:718)
	at java.base/java.util.concurrent.CompletableFuture.postComplete(CompletableFuture.java:510)
	at java.base/java.util.concurrent.CompletableFuture.complete(CompletableFuture.java:2179)
	at org.apache.ratis.grpc.client.GrpcClientProtocolClient$AsyncStreamObservers$1.lambda$onNext$0(GrpcClientProtocolClient.java:325)
	at java.base/java.util.Optional.ifPresent(Optional.java:178)
	at org.apache.ratis.grpc.client.GrpcClientProtocolClient$AsyncStreamObservers.handleReplyFuture(GrpcClientProtocolClient.java:381)
	at org.apache.ratis.grpc.client.GrpcClientProtocolClient$AsyncStreamObservers.access$100(GrpcClientProtocolClient.java:303)
	at org.apache.ratis.grpc.client.GrpcClientProtocolClient$AsyncStreamObservers$1.onNext(GrpcClientProtocolClient.java:325)
	at org.apache.ratis.grpc.client.GrpcClientProtocolClient$AsyncStreamObservers$1.onNext(GrpcClientProtocolClient.java:308)
	at org.apache.ratis.thirdparty.io.grpc.stub.ClientCalls$StreamObserverToCallListenerAdapter.onMessage(ClientCalls.java:551)
	at org.apache.ratis.thirdparty.io.grpc.ForwardingClientCallListener.onMessage(ForwardingClientCallListener.java:33)
	at org.apache.ratis.thirdparty.io.grpc.internal.DelayedClientCall$DelayedListener.onMessage(DelayedClientCall.java:473)
	at org.apache.ratis.thirdparty.io.grpc.internal.ClientCallImpl$ClientStreamListenerImpl$1MessagesAvailable.runInternal(ClientCallImpl.java:661)
	at org.apache.ratis.thirdparty.io.grpc.internal.ClientCallImpl$ClientStreamListenerImpl$1MessagesAvailable.runInContext(ClientCallImpl.java:648)
	at org.apache.ratis.thirdparty.io.grpc.internal.ContextRunnable.run(ContextRunnable.java:37)
	at org.apache.ratis.thirdparty.io.grpc.internal.SerializingExecutor.run(SerializingExecutor.java:133)
	at java.base/java.util.concurrent.ThreadPoolExecutor.runWorker(ThreadPoolExecutor.java:1144)
	at java.base/java.util.concurrent.ThreadPoolExecutor$Worker.run(ThreadPoolExecutor.java:642)
	at java.base/java.lang.Thread.run(Thread.java:1583)
Caused by: org.apache.ratis.protocol.exceptions.StateMachineException: org.apache.hadoop.hdds.scm.container.common.helpers.ContainerNotOpenException from Server 5109dbd0-88b3-4954-9428-6522438831f5@group-6E557299AE72: Container 4 in UNHEALTHY state
	at org.apache.hadoop.ozone.container.common.impl.HddsDispatcher.validateContainerCommand(HddsDispatcher.java:580)
	at org.apache.hadoop.ozone.container.common.transport.server.ratis.ContainerStateMachine.startTransaction(ContainerStateMachine.java:488)
	at org.apache.ratis.server.impl.RaftServerImpl.writeAsyncImpl(RaftServerImpl.java:987)
	at org.apache.ratis.server.impl.RaftServerImpl.writeAsync(RaftServerImpl.java:960)
	at org.apache.ratis.server.impl.RaftServerImpl.replyFuture(RaftServerImpl.java:953)
	at org.apache.ratis.server.impl.RaftServerImpl.submitClientRequestAsync(RaftServerImpl.java:930)
	at org.apache.ratis.server.impl.RaftServerImpl.lambda$null$11(RaftServerImpl.java:919)
	at org.apache.ratis.util.JavaUtils.callAsUnchecked(JavaUtils.java:118)
	at org.apache.ratis.server.impl.RaftServerImpl.lambda$executeSubmitClientRequestAsync$12(RaftServerImpl.java:919)
	at java.base/java.util.concurrent.CompletableFuture$AsyncSupply.run(CompletableFuture.java:1768)
	... 3 more
Caused by: org.apache.hadoop.hdds.scm.container.common.helpers.ContainerNotOpenException: Container 4 in UNHEALTHY state
	at java.base/jdk.internal.reflect.DirectConstructorHandleAccessor.newInstance(DirectConstructorHandleAccessor.java:62)
	at java.base/java.lang.reflect.Constructor.newInstanceWithCaller(Constructor.java:502)
	at java.base/java.lang.reflect.Constructor.newInstance(Constructor.java:486)
	at org.apache.ratis.util.ReflectionUtils.instantiateException(ReflectionUtils.java:265)
	at org.apache.ratis.client.impl.ClientProtoUtils.toStateMachineException(ClientProtoUtils.java:455)
	at org.apache.ratis.client.impl.ClientProtoUtils.toStateMachineException(ClientProtoUtils.java:441)
	at org.apache.ratis.client.impl.ClientProtoUtils.toRaftClientReply(ClientProtoUtils.java:408)
	at org.apache.ratis.grpc.client.GrpcClientProtocolClient$AsyncStreamObservers$1.onNext(GrpcClientProtocolClient.java:313)
	at org.apache.ratis.grpc.client.GrpcClientProtocolClient$AsyncStreamObservers$1.onNext(GrpcClientProtocolClient.java:308)
	at org.apache.ratis.thirdparty.io.grpc.stub.ClientCalls$StreamObserverToCallListenerAdapter.onMessage(ClientCalls.java:551)
	at org.apache.ratis.thirdparty.io.grpc.ForwardingClientCallListener.onMessage(ForwardingClientCallListener.java:33)
	at org.apache.ratis.thirdparty.io.grpc.internal.DelayedClientCall$DelayedListener.onMessage(DelayedClientCall.java:473)
	at org.apache.ratis.thirdparty.io.grpc.internal.ClientCallImpl$ClientStreamListenerImpl$1MessagesAvailable.runInternal(ClientCallImpl.java:661)
	at org.apache.ratis.thirdparty.io.grpc.internal.ClientCallImpl$ClientStreamListenerImpl$1MessagesAvailable.runInContext(ClientCallImpl.java:648)
	at org.apache.ratis.thirdparty.io.grpc.internal.ContextRunnable.run(ContextRunnable.java:37)
	at org.apache.ratis.thirdparty.io.grpc.internal.SerializingExecutor.run(SerializingExecutor.java:133)
	... 3 more
2025-07-15 19:44:57,603 [grpc-default-executor-5] ERROR impl.OrderedAsync (OrderedAsync.java:lambda$send$4(181)) - Failed to send request, message=cmdType: WriteChunk
traceID: ""
containerID: 4
datanodeUuid: "5109dbd0-88b3-4954-9428-6522438831f5"
writeChunk {
  blockID {
    containerID: 4
    localID: 115816896921600004
    blockCommitSequenceId: 0
  }
  chunkData {
    chunkName: "115816896921600004.data.0"
    offset: 0
    len: 5
    checksumData {
      type: CRC32
      bytesPerChecksum: 1048576
      checksums: "\362l\026\256"
    }
  }
}
version: 3
, data.size=5
java.util.concurrent.CompletionException: org.apache.ratis.protocol.exceptions.StateMachineException: org.apache.hadoop.hdds.scm.container.common.helpers.ContainerNotOpenException from Server 5109dbd0-88b3-4954-9428-6522438831f5@group-6E557299AE72: Container 4 in UNHEALTHY state
	at org.apache.ratis.client.impl.RaftClientImpl.handleRaftException(RaftClientImpl.java:373)
	at org.apache.ratis.client.impl.OrderedAsync.lambda$send$3(OrderedAsync.java:175)
	at java.base/java.util.concurrent.CompletableFuture$UniApply.tryFire(CompletableFuture.java:646)
	at java.base/java.util.concurrent.CompletableFuture.postComplete(CompletableFuture.java:510)
	at java.base/java.util.concurrent.CompletableFuture.complete(CompletableFuture.java:2179)
	at org.apache.ratis.client.impl.OrderedAsync$PendingOrderedRequest.setReply(OrderedAsync.java:105)
	at org.apache.ratis.client.impl.OrderedAsync$PendingOrderedRequest.setReply(OrderedAsync.java:66)
	at org.apache.ratis.util.SlidingWindow$RequestMap.setReply(SlidingWindow.java:147)
	at org.apache.ratis.util.SlidingWindow$Client.receiveReply(SlidingWindow.java:351)
	at org.apache.ratis.client.impl.OrderedAsync.lambda$sendRequestWithRetry$5(OrderedAsync.java:210)
	at java.base/java.util.concurrent.CompletableFuture$UniAccept.tryFire(CompletableFuture.java:718)
	at java.base/java.util.concurrent.CompletableFuture.postComplete(CompletableFuture.java:510)
	at java.base/java.util.concurrent.CompletableFuture.complete(CompletableFuture.java:2179)
	at org.apache.ratis.grpc.client.GrpcClientProtocolClient$AsyncStreamObservers$1.lambda$onNext$0(GrpcClientProtocolClient.java:325)
	at java.base/java.util.Optional.ifPresent(Optional.java:178)
	at org.apache.ratis.grpc.client.GrpcClientProtocolClient$AsyncStreamObservers.handleReplyFuture(GrpcClientProtocolClient.java:381)
	at org.apache.ratis.grpc.client.GrpcClientProtocolClient$AsyncStreamObservers.access$100(GrpcClientProtocolClient.java:303)
	at org.apache.ratis.grpc.client.GrpcClientProtocolClient$AsyncStreamObservers$1.onNext(GrpcClientProtocolClient.java:325)
	at org.apache.ratis.grpc.client.GrpcClientProtocolClient$AsyncStreamObservers$1.onNext(GrpcClientProtocolClient.java:308)
	at org.apache.ratis.thirdparty.io.grpc.stub.ClientCalls$StreamObserverToCallListenerAdapter.onMessage(ClientCalls.java:551)
	at org.apache.ratis.thirdparty.io.grpc.ForwardingClientCallListener.onMessage(ForwardingClientCallListener.java:33)
	at org.apache.ratis.thirdparty.io.grpc.internal.DelayedClientCall$DelayedListener.onMessage(DelayedClientCall.java:473)
	at org.apache.ratis.thirdparty.io.grpc.internal.ClientCallImpl$ClientStreamListenerImpl$1MessagesAvailable.runInternal(ClientCallImpl.java:661)
	at org.apache.ratis.thirdparty.io.grpc.internal.ClientCallImpl$ClientStreamListenerImpl$1MessagesAvailable.runInContext(ClientCallImpl.java:648)
	at org.apache.ratis.thirdparty.io.grpc.internal.ContextRunnable.run(ContextRunnable.java:37)
	at org.apache.ratis.thirdparty.io.grpc.internal.SerializingExecutor.run(SerializingExecutor.java:133)
	at java.base/java.util.concurrent.ThreadPoolExecutor.runWorker(ThreadPoolExecutor.java:1144)
	at java.base/java.util.concurrent.ThreadPoolExecutor$Worker.run(ThreadPoolExecutor.java:642)
	at java.base/java.lang.Thread.run(Thread.java:1583)
Caused by: org.apache.ratis.protocol.exceptions.StateMachineException: org.apache.hadoop.hdds.scm.container.common.helpers.ContainerNotOpenException from Server 5109dbd0-88b3-4954-9428-6522438831f5@group-6E557299AE72: Container 4 in UNHEALTHY state
	at org.apache.hadoop.ozone.container.common.impl.HddsDispatcher.validateContainerCommand(HddsDispatcher.java:580)
	at org.apache.hadoop.ozone.container.common.transport.server.ratis.ContainerStateMachine.startTransaction(ContainerStateMachine.java:488)
	at org.apache.ratis.server.impl.RaftServerImpl.writeAsyncImpl(RaftServerImpl.java:987)
	at org.apache.ratis.server.impl.RaftServerImpl.writeAsync(RaftServerImpl.java:960)
	at org.apache.ratis.server.impl.RaftServerImpl.replyFuture(RaftServerImpl.java:953)
	at org.apache.ratis.server.impl.RaftServerImpl.submitClientRequestAsync(RaftServerImpl.java:930)
	at org.apache.ratis.server.impl.RaftServerImpl.lambda$null$11(RaftServerImpl.java:919)
	at org.apache.ratis.util.JavaUtils.callAsUnchecked(JavaUtils.java:118)
	at org.apache.ratis.server.impl.RaftServerImpl.lambda$executeSubmitClientRequestAsync$12(RaftServerImpl.java:919)
	at java.base/java.util.concurrent.CompletableFuture$AsyncSupply.run(CompletableFuture.java:1768)
	... 3 more
Caused by: org.apache.hadoop.hdds.scm.container.common.helpers.ContainerNotOpenException: Container 4 in UNHEALTHY state
	at java.base/jdk.internal.reflect.DirectConstructorHandleAccessor.newInstance(DirectConstructorHandleAccessor.java:62)
	at java.base/java.lang.reflect.Constructor.newInstanceWithCaller(Constructor.java:502)
	at java.base/java.lang.reflect.Constructor.newInstance(Constructor.java:486)
	at org.apache.ratis.util.ReflectionUtils.instantiateException(ReflectionUtils.java:265)
	at org.apache.ratis.client.impl.ClientProtoUtils.toStateMachineException(ClientProtoUtils.java:455)
	at org.apache.ratis.client.impl.ClientProtoUtils.toStateMachineException(ClientProtoUtils.java:441)
	at org.apache.ratis.client.impl.ClientProtoUtils.toRaftClientReply(ClientProtoUtils.java:408)
	at org.apache.ratis.grpc.client.GrpcClientProtocolClient$AsyncStreamObservers$1.onNext(GrpcClientProtocolClient.java:313)
	at org.apache.ratis.grpc.client.GrpcClientProtocolClient$AsyncStreamObservers$1.onNext(GrpcClientProtocolClient.java:308)
	at org.apache.ratis.thirdparty.io.grpc.stub.ClientCalls$StreamObserverToCallListenerAdapter.onMessage(ClientCalls.java:551)
	at org.apache.ratis.thirdparty.io.grpc.ForwardingClientCallListener.onMessage(ForwardingClientCallListener.java:33)
	at org.apache.ratis.thirdparty.io.grpc.internal.DelayedClientCall$DelayedListener.onMessage(DelayedClientCall.java:473)
	at org.apache.ratis.thirdparty.io.grpc.internal.ClientCallImpl$ClientStreamListenerImpl$1MessagesAvailable.runInternal(ClientCallImpl.java:661)
	at org.apache.ratis.thirdparty.io.grpc.internal.ClientCallImpl$ClientStreamListenerImpl$1MessagesAvailable.runInContext(ClientCallImpl.java:648)
	at org.apache.ratis.thirdparty.io.grpc.internal.ContextRunnable.run(ContextRunnable.java:37)
	at org.apache.ratis.thirdparty.io.grpc.internal.SerializingExecutor.run(SerializingExecutor.java:133)
	... 3 more
2025-07-15 19:44:57,604 [grpc-default-executor-5] ERROR impl.OrderedAsync (OrderedAsync.java:lambda$send$4(181)) - Failed to send request, message=cmdType: WriteChunk
traceID: ""
containerID: 4
datanodeUuid: "5109dbd0-88b3-4954-9428-6522438831f5"
writeChunk {
  blockID {
    containerID: 4
    localID: 115816896921600004
    blockCommitSequenceId: 0
  }
  chunkData {
    chunkName: "115816896921600004.data.0"
    offset: 0
    len: 5
    checksumData {
      type: CRC32
      bytesPerChecksum: 1048576
      checksums: "\226\377\266\032"
    }
  }
}
version: 3
, data.size=5
java.util.concurrent.CompletionException: org.apache.ratis.protocol.exceptions.StateMachineException: org.apache.hadoop.hdds.scm.container.common.helpers.ContainerNotOpenException from Server 5109dbd0-88b3-4954-9428-6522438831f5@group-6E557299AE72: Container 4 in UNHEALTHY state
	at org.apache.ratis.client.impl.RaftClientImpl.handleRaftException(RaftClientImpl.java:373)
	at org.apache.ratis.client.impl.OrderedAsync.lambda$send$3(OrderedAsync.java:175)
	at java.base/java.util.concurrent.CompletableFuture$UniApply.tryFire(CompletableFuture.java:646)
	at java.base/java.util.concurrent.CompletableFuture.postComplete(CompletableFuture.java:510)
	at java.base/java.util.concurrent.CompletableFuture.complete(CompletableFuture.java:2179)
	at org.apache.ratis.client.impl.OrderedAsync$PendingOrderedRequest.setReply(OrderedAsync.java:105)
	at org.apache.ratis.client.impl.OrderedAsync$PendingOrderedRequest.setReply(OrderedAsync.java:66)
	at org.apache.ratis.util.SlidingWindow$RequestMap.setReply(SlidingWindow.java:147)
	at org.apache.ratis.util.SlidingWindow$Client.receiveReply(SlidingWindow.java:351)
	at org.apache.ratis.client.impl.OrderedAsync.lambda$sendRequestWithRetry$5(OrderedAsync.java:210)
	at java.base/java.util.concurrent.CompletableFuture$UniAccept.tryFire(CompletableFuture.java:718)
	at java.base/java.util.concurrent.CompletableFuture.postComplete(CompletableFuture.java:510)
	at java.base/java.util.concurrent.CompletableFuture.complete(CompletableFuture.java:2179)
	at org.apache.ratis.grpc.client.GrpcClientProtocolClient$AsyncStreamObservers$1.lambda$onNext$0(GrpcClientProtocolClient.java:325)
	at java.base/java.util.Optional.ifPresent(Optional.java:178)
	at org.apache.ratis.grpc.client.GrpcClientProtocolClient$AsyncStreamObservers.handleReplyFuture(GrpcClientProtocolClient.java:381)
	at org.apache.ratis.grpc.client.GrpcClientProtocolClient$AsyncStreamObservers.access$100(GrpcClientProtocolClient.java:303)
	at org.apache.ratis.grpc.client.GrpcClientProtocolClient$AsyncStreamObservers$1.onNext(GrpcClientProtocolClient.java:325)
	at org.apache.ratis.grpc.client.GrpcClientProtocolClient$AsyncStreamObservers$1.onNext(GrpcClientProtocolClient.java:308)
	at org.apache.ratis.thirdparty.io.grpc.stub.ClientCalls$StreamObserverToCallListenerAdapter.onMessage(ClientCalls.java:551)
	at org.apache.ratis.thirdparty.io.grpc.ForwardingClientCallListener.onMessage(ForwardingClientCallListener.java:33)
	at org.apache.ratis.thirdparty.io.grpc.internal.DelayedClientCall$DelayedListener.onMessage(DelayedClientCall.java:473)
	at org.apache.ratis.thirdparty.io.grpc.internal.ClientCallImpl$ClientStreamListenerImpl$1MessagesAvailable.runInternal(ClientCallImpl.java:661)
	at org.apache.ratis.thirdparty.io.grpc.internal.ClientCallImpl$ClientStreamListenerImpl$1MessagesAvailable.runInContext(ClientCallImpl.java:648)
	at org.apache.ratis.thirdparty.io.grpc.internal.ContextRunnable.run(ContextRunnable.java:37)
	at org.apache.ratis.thirdparty.io.grpc.internal.SerializingExecutor.run(SerializingExecutor.java:133)
	at java.base/java.util.concurrent.ThreadPoolExecutor.runWorker(ThreadPoolExecutor.java:1144)
	at java.base/java.util.concurrent.ThreadPoolExecutor$Worker.run(ThreadPoolExecutor.java:642)
	at java.base/java.lang.Thread.run(Thread.java:1583)
Caused by: org.apache.ratis.protocol.exceptions.StateMachineException: org.apache.hadoop.hdds.scm.container.common.helpers.ContainerNotOpenException from Server 5109dbd0-88b3-4954-9428-6522438831f5@group-6E557299AE72: Container 4 in UNHEALTHY state
	at org.apache.hadoop.ozone.container.common.impl.HddsDispatcher.validateContainerCommand(HddsDispatcher.java:580)
	at org.apache.hadoop.ozone.container.common.transport.server.ratis.ContainerStateMachine.startTransaction(ContainerStateMachine.java:488)
	at org.apache.ratis.server.impl.RaftServerImpl.writeAsyncImpl(RaftServerImpl.java:987)
	at org.apache.ratis.server.impl.RaftServerImpl.writeAsync(RaftServerImpl.java:960)
	at org.apache.ratis.server.impl.RaftServerImpl.replyFuture(RaftServerImpl.java:953)
	at org.apache.ratis.server.impl.RaftServerImpl.submitClientRequestAsync(RaftServerImpl.java:930)
	at org.apache.ratis.server.impl.RaftServerImpl.lambda$null$11(RaftServerImpl.java:919)
	at org.apache.ratis.util.JavaUtils.callAsUnchecked(JavaUtils.java:118)
	at org.apache.ratis.server.impl.RaftServerImpl.lambda$executeSubmitClientRequestAsync$12(RaftServerImpl.java:919)
	at java.base/java.util.concurrent.CompletableFuture$AsyncSupply.run(CompletableFuture.java:1768)
	... 3 more
Caused by: org.apache.hadoop.hdds.scm.container.common.helpers.ContainerNotOpenException: Container 4 in UNHEALTHY state
	at java.base/jdk.internal.reflect.DirectConstructorHandleAccessor.newInstance(DirectConstructorHandleAccessor.java:62)
	at java.base/java.lang.reflect.Constructor.newInstanceWithCaller(Constructor.java:502)
	at java.base/java.lang.reflect.Constructor.newInstance(Constructor.java:486)
	at org.apache.ratis.util.ReflectionUtils.instantiateException(ReflectionUtils.java:265)
	at org.apache.ratis.client.impl.ClientProtoUtils.toStateMachineException(ClientProtoUtils.java:455)
	at org.apache.ratis.client.impl.ClientProtoUtils.toStateMachineException(ClientProtoUtils.java:441)
	at org.apache.ratis.client.impl.ClientProtoUtils.toRaftClientReply(ClientProtoUtils.java:408)
	at org.apache.ratis.grpc.client.GrpcClientProtocolClient$AsyncStreamObservers$1.onNext(GrpcClientProtocolClient.java:313)
	at org.apache.ratis.grpc.client.GrpcClientProtocolClient$AsyncStreamObservers$1.onNext(GrpcClientProtocolClient.java:308)
	at org.apache.ratis.thirdparty.io.grpc.stub.ClientCalls$StreamObserverToCallListenerAdapter.onMessage(ClientCalls.java:551)
	at org.apache.ratis.thirdparty.io.grpc.ForwardingClientCallListener.onMessage(ForwardingClientCallListener.java:33)
	at org.apache.ratis.thirdparty.io.grpc.internal.DelayedClientCall$DelayedListener.onMessage(DelayedClientCall.java:473)
	at org.apache.ratis.thirdparty.io.grpc.internal.ClientCallImpl$ClientStreamListenerImpl$1MessagesAvailable.runInternal(ClientCallImpl.java:661)
	at org.apache.ratis.thirdparty.io.grpc.internal.ClientCallImpl$ClientStreamListenerImpl$1MessagesAvailable.runInContext(ClientCallImpl.java:648)
	at org.apache.ratis.thirdparty.io.grpc.internal.ContextRunnable.run(ContextRunnable.java:37)
	at org.apache.ratis.thirdparty.io.grpc.internal.SerializingExecutor.run(SerializingExecutor.java:133)
	... 3 more
2025-07-15 19:44:57,606 [grpc-default-executor-5] ERROR impl.OrderedAsync (OrderedAsync.java:lambda$send$4(181)) - Failed to send request, message=cmdType: WriteChunk
traceID: ""
containerID: 4
datanodeUuid: "5109dbd0-88b3-4954-9428-6522438831f5"
writeChunk {
  blockID {
    containerID: 4
    localID: 115816896921600004
    blockCommitSequenceId: 0
  }
  chunkData {
    chunkName: "115816896921600004.data.0"
    offset: 0
    len: 5
    checksumData {
      type: CRC32
      bytesPerChecksum: 1048576
      checksums: "\312\316}\317"
    }
  }
}
version: 3
, data.size=5
java.util.concurrent.CompletionException: org.apache.ratis.protocol.exceptions.StateMachineException: org.apache.hadoop.hdds.scm.container.common.helpers.ContainerNotOpenException from Server 5109dbd0-88b3-4954-9428-6522438831f5@group-6E557299AE72: Container 4 in UNHEALTHY state
	at org.apache.ratis.client.impl.RaftClientImpl.handleRaftException(RaftClientImpl.java:373)
	at org.apache.ratis.client.impl.OrderedAsync.lambda$send$3(OrderedAsync.java:175)
	at java.base/java.util.concurrent.CompletableFuture$UniApply.tryFire(CompletableFuture.java:646)
	at java.base/java.util.concurrent.CompletableFuture.postComplete(CompletableFuture.java:510)
	at java.base/java.util.concurrent.CompletableFuture.complete(CompletableFuture.java:2179)
	at org.apache.ratis.client.impl.OrderedAsync$PendingOrderedRequest.setReply(OrderedAsync.java:105)
	at org.apache.ratis.client.impl.OrderedAsync$PendingOrderedRequest.setReply(OrderedAsync.java:66)
	at org.apache.ratis.util.SlidingWindow$RequestMap.setReply(SlidingWindow.java:147)
	at org.apache.ratis.util.SlidingWindow$Client.receiveReply(SlidingWindow.java:351)
	at org.apache.ratis.client.impl.OrderedAsync.lambda$sendRequestWithRetry$5(OrderedAsync.java:210)
	at java.base/java.util.concurrent.CompletableFuture$UniAccept.tryFire(CompletableFuture.java:718)
	at java.base/java.util.concurrent.CompletableFuture.postComplete(CompletableFuture.java:510)
	at java.base/java.util.concurrent.CompletableFuture.complete(CompletableFuture.java:2179)
	at org.apache.ratis.grpc.client.GrpcClientProtocolClient$AsyncStreamObservers$1.lambda$onNext$0(GrpcClientProtocolClient.java:325)
	at java.base/java.util.Optional.ifPresent(Optional.java:178)
	at org.apache.ratis.grpc.client.GrpcClientProtocolClient$AsyncStreamObservers.handleReplyFuture(GrpcClientProtocolClient.java:381)
	at org.apache.ratis.grpc.client.GrpcClientProtocolClient$AsyncStreamObservers.access$100(GrpcClientProtocolClient.java:303)
	at org.apache.ratis.grpc.client.GrpcClientProtocolClient$AsyncStreamObservers$1.onNext(GrpcClientProtocolClient.java:325)
	at org.apache.ratis.grpc.client.GrpcClientProtocolClient$AsyncStreamObservers$1.onNext(GrpcClientProtocolClient.java:308)
	at org.apache.ratis.thirdparty.io.grpc.stub.ClientCalls$StreamObserverToCallListenerAdapter.onMessage(ClientCalls.java:551)
	at org.apache.ratis.thirdparty.io.grpc.ForwardingClientCallListener.onMessage(ForwardingClientCallListener.java:33)
	at org.apache.ratis.thirdparty.io.grpc.internal.DelayedClientCall$DelayedListener.onMessage(DelayedClientCall.java:473)
	at org.apache.ratis.thirdparty.io.grpc.internal.ClientCallImpl$ClientStreamListenerImpl$1MessagesAvailable.runInternal(ClientCallImpl.java:661)
	at org.apache.ratis.thirdparty.io.grpc.internal.ClientCallImpl$ClientStreamListenerImpl$1MessagesAvailable.runInContext(ClientCallImpl.java:648)
	at org.apache.ratis.thirdparty.io.grpc.internal.ContextRunnable.run(ContextRunnable.java:37)
	at org.apache.ratis.thirdparty.io.grpc.internal.SerializingExecutor.run(SerializingExecutor.java:133)
	at java.base/java.util.concurrent.ThreadPoolExecutor.runWorker(ThreadPoolExecutor.java:1144)
	at java.base/java.util.concurrent.ThreadPoolExecutor$Worker.run(ThreadPoolExecutor.java:642)
	at java.base/java.lang.Thread.run(Thread.java:1583)
Caused by: org.apache.ratis.protocol.exceptions.StateMachineException: org.apache.hadoop.hdds.scm.container.common.helpers.ContainerNotOpenException from Server 5109dbd0-88b3-4954-9428-6522438831f5@group-6E557299AE72: Container 4 in UNHEALTHY state
	at org.apache.hadoop.ozone.container.common.impl.HddsDispatcher.validateContainerCommand(HddsDispatcher.java:580)
	at org.apache.hadoop.ozone.container.common.transport.server.ratis.ContainerStateMachine.startTransaction(ContainerStateMachine.java:488)
	at org.apache.ratis.server.impl.RaftServerImpl.writeAsyncImpl(RaftServerImpl.java:987)
	at org.apache.ratis.server.impl.RaftServerImpl.writeAsync(RaftServerImpl.java:960)
	at org.apache.ratis.server.impl.RaftServerImpl.replyFuture(RaftServerImpl.java:953)
	at org.apache.ratis.server.impl.RaftServerImpl.submitClientRequestAsync(RaftServerImpl.java:930)
	at org.apache.ratis.server.impl.RaftServerImpl.lambda$null$11(RaftServerImpl.java:919)
	at org.apache.ratis.util.JavaUtils.callAsUnchecked(JavaUtils.java:118)
	at org.apache.ratis.server.impl.RaftServerImpl.lambda$executeSubmitClientRequestAsync$12(RaftServerImpl.java:919)
	at java.base/java.util.concurrent.CompletableFuture$AsyncSupply.run(CompletableFuture.java:1768)
	... 3 more
Caused by: org.apache.hadoop.hdds.scm.container.common.helpers.ContainerNotOpenException: Container 4 in UNHEALTHY state
	at java.base/jdk.internal.reflect.DirectConstructorHandleAccessor.newInstance(DirectConstructorHandleAccessor.java:62)
	at java.base/java.lang.reflect.Constructor.newInstanceWithCaller(Constructor.java:502)
	at java.base/java.lang.reflect.Constructor.newInstance(Constructor.java:486)
	at org.apache.ratis.util.ReflectionUtils.instantiateException(ReflectionUtils.java:265)
	at org.apache.ratis.client.impl.ClientProtoUtils.toStateMachineException(ClientProtoUtils.java:455)
	at org.apache.ratis.client.impl.ClientProtoUtils.toStateMachineException(ClientProtoUtils.java:441)
	at org.apache.ratis.client.impl.ClientProtoUtils.toRaftClientReply(ClientProtoUtils.java:408)
	at org.apache.ratis.grpc.client.GrpcClientProtocolClient$AsyncStreamObservers$1.onNext(GrpcClientProtocolClient.java:313)
	at org.apache.ratis.grpc.client.GrpcClientProtocolClient$AsyncStreamObservers$1.onNext(GrpcClientProtocolClient.java:308)
	at org.apache.ratis.thirdparty.io.grpc.stub.ClientCalls$StreamObserverToCallListenerAdapter.onMessage(ClientCalls.java:551)
	at org.apache.ratis.thirdparty.io.grpc.ForwardingClientCallListener.onMessage(ForwardingClientCallListener.java:33)
	at org.apache.ratis.thirdparty.io.grpc.internal.DelayedClientCall$DelayedListener.onMessage(DelayedClientCall.java:473)
	at org.apache.ratis.thirdparty.io.grpc.internal.ClientCallImpl$ClientStreamListenerImpl$1MessagesAvailable.runInternal(ClientCallImpl.java:661)
	at org.apache.ratis.thirdparty.io.grpc.internal.ClientCallImpl$ClientStreamListenerImpl$1MessagesAvailable.runInContext(ClientCallImpl.java:648)
	at org.apache.ratis.thirdparty.io.grpc.internal.ContextRunnable.run(ContextRunnable.java:37)
	at org.apache.ratis.thirdparty.io.grpc.internal.SerializingExecutor.run(SerializingExecutor.java:133)
	... 3 more
2025-07-15 19:44:57,607 [grpc-default-executor-5] ERROR impl.OrderedAsync (OrderedAsync.java:lambda$send$4(181)) - Failed to send request, message=cmdType: WriteChunk
traceID: ""
containerID: 4
datanodeUuid: "5109dbd0-88b3-4954-9428-6522438831f5"
writeChunk {
  blockID {
    containerID: 4
    localID: 115816896921600004
    blockCommitSequenceId: 0
  }
  chunkData {
    chunkName: "115816896921600004.data.0"
    offset: 0
    len: 5
    checksumData {
      type: CRC32
      bytesPerChecksum: 1048576
      checksums: "\255\201|C"
    }
  }
}
version: 3
, data.size=5
java.util.concurrent.CompletionException: org.apache.ratis.protocol.exceptions.StateMachineException: org.apache.hadoop.hdds.scm.container.common.helpers.ContainerNotOpenException from Server 5109dbd0-88b3-4954-9428-6522438831f5@group-6E557299AE72: Container 4 in UNHEALTHY state
	at org.apache.ratis.client.impl.RaftClientImpl.handleRaftException(RaftClientImpl.java:373)
	at org.apache.ratis.client.impl.OrderedAsync.lambda$send$3(OrderedAsync.java:175)
	at java.base/java.util.concurrent.CompletableFuture$UniApply.tryFire(CompletableFuture.java:646)
	at java.base/java.util.concurrent.CompletableFuture.postComplete(CompletableFuture.java:510)
	at java.base/java.util.concurrent.CompletableFuture.complete(CompletableFuture.java:2179)
	at org.apache.ratis.client.impl.OrderedAsync$PendingOrderedRequest.setReply(OrderedAsync.java:105)
	at org.apache.ratis.client.impl.OrderedAsync$PendingOrderedRequest.setReply(OrderedAsync.java:66)
	at org.apache.ratis.util.SlidingWindow$RequestMap.setReply(SlidingWindow.java:147)
	at org.apache.ratis.util.SlidingWindow$Client.receiveReply(SlidingWindow.java:351)
	at org.apache.ratis.client.impl.OrderedAsync.lambda$sendRequestWithRetry$5(OrderedAsync.java:210)
	at java.base/java.util.concurrent.CompletableFuture$UniAccept.tryFire(CompletableFuture.java:718)
	at java.base/java.util.concurrent.CompletableFuture.postComplete(CompletableFuture.java:510)
	at java.base/java.util.concurrent.CompletableFuture.complete(CompletableFuture.java:2179)
	at org.apache.ratis.grpc.client.GrpcClientProtocolClient$AsyncStreamObservers$1.lambda$onNext$0(GrpcClientProtocolClient.java:325)
	at java.base/java.util.Optional.ifPresent(Optional.java:178)
	at org.apache.ratis.grpc.client.GrpcClientProtocolClient$AsyncStreamObservers.handleReplyFuture(GrpcClientProtocolClient.java:381)
	at org.apache.ratis.grpc.client.GrpcClientProtocolClient$AsyncStreamObservers.access$100(GrpcClientProtocolClient.java:303)
	at org.apache.ratis.grpc.client.GrpcClientProtocolClient$AsyncStreamObservers$1.onNext(GrpcClientProtocolClient.java:325)
	at org.apache.ratis.grpc.client.GrpcClientProtocolClient$AsyncStreamObservers$1.onNext(GrpcClientProtocolClient.java:308)
	at org.apache.ratis.thirdparty.io.grpc.stub.ClientCalls$StreamObserverToCallListenerAdapter.onMessage(ClientCalls.java:551)
	at org.apache.ratis.thirdparty.io.grpc.ForwardingClientCallListener.onMessage(ForwardingClientCallListener.java:33)
	at org.apache.ratis.thirdparty.io.grpc.internal.DelayedClientCall$DelayedListener.onMessage(DelayedClientCall.java:473)
	at org.apache.ratis.thirdparty.io.grpc.internal.ClientCallImpl$ClientStreamListenerImpl$1MessagesAvailable.runInternal(ClientCallImpl.java:661)
	at org.apache.ratis.thirdparty.io.grpc.internal.ClientCallImpl$ClientStreamListenerImpl$1MessagesAvailable.runInContext(ClientCallImpl.java:648)
	at org.apache.ratis.thirdparty.io.grpc.internal.ContextRunnable.run(ContextRunnable.java:37)
	at org.apache.ratis.thirdparty.io.grpc.internal.SerializingExecutor.run(SerializingExecutor.java:133)
	at java.base/java.util.concurrent.ThreadPoolExecutor.runWorker(ThreadPoolExecutor.java:1144)
	at java.base/java.util.concurrent.ThreadPoolExecutor$Worker.run(ThreadPoolExecutor.java:642)
	at java.base/java.lang.Thread.run(Thread.java:1583)
Caused by: org.apache.ratis.protocol.exceptions.StateMachineException: org.apache.hadoop.hdds.scm.container.common.helpers.ContainerNotOpenException from Server 5109dbd0-88b3-4954-9428-6522438831f5@group-6E557299AE72: Container 4 in UNHEALTHY state
	at org.apache.hadoop.ozone.container.common.impl.HddsDispatcher.validateContainerCommand(HddsDispatcher.java:580)
	at org.apache.hadoop.ozone.container.common.transport.server.ratis.ContainerStateMachine.startTransaction(ContainerStateMachine.java:488)
	at org.apache.ratis.server.impl.RaftServerImpl.writeAsyncImpl(RaftServerImpl.java:987)
	at org.apache.ratis.server.impl.RaftServerImpl.writeAsync(RaftServerImpl.java:960)
	at org.apache.ratis.server.impl.RaftServerImpl.replyFuture(RaftServerImpl.java:953)
	at org.apache.ratis.server.impl.RaftServerImpl.submitClientRequestAsync(RaftServerImpl.java:930)
	at org.apache.ratis.server.impl.RaftServerImpl.lambda$null$11(RaftServerImpl.java:919)
	at org.apache.ratis.util.JavaUtils.callAsUnchecked(JavaUtils.java:118)
	at org.apache.ratis.server.impl.RaftServerImpl.lambda$executeSubmitClientRequestAsync$12(RaftServerImpl.java:919)
	at java.base/java.util.concurrent.CompletableFuture$AsyncSupply.run(CompletableFuture.java:1768)
	... 3 more
Caused by: org.apache.hadoop.hdds.scm.container.common.helpers.ContainerNotOpenException: Container 4 in UNHEALTHY state
	at java.base/jdk.internal.reflect.DirectConstructorHandleAccessor.newInstance(DirectConstructorHandleAccessor.java:62)
	at java.base/java.lang.reflect.Constructor.newInstanceWithCaller(Constructor.java:502)
	at java.base/java.lang.reflect.Constructor.newInstance(Constructor.java:486)
	at org.apache.ratis.util.ReflectionUtils.instantiateException(ReflectionUtils.java:265)
	at org.apache.ratis.client.impl.ClientProtoUtils.toStateMachineException(ClientProtoUtils.java:455)
	at org.apache.ratis.client.impl.ClientProtoUtils.toStateMachineException(ClientProtoUtils.java:441)
	at org.apache.ratis.client.impl.ClientProtoUtils.toRaftClientReply(ClientProtoUtils.java:408)
	at org.apache.ratis.grpc.client.GrpcClientProtocolClient$AsyncStreamObservers$1.onNext(GrpcClientProtocolClient.java:313)
	at org.apache.ratis.grpc.client.GrpcClientProtocolClient$AsyncStreamObservers$1.onNext(GrpcClientProtocolClient.java:308)
	at org.apache.ratis.thirdparty.io.grpc.stub.ClientCalls$StreamObserverToCallListenerAdapter.onMessage(ClientCalls.java:551)
	at org.apache.ratis.thirdparty.io.grpc.ForwardingClientCallListener.onMessage(ForwardingClientCallListener.java:33)
	at org.apache.ratis.thirdparty.io.grpc.internal.DelayedClientCall$DelayedListener.onMessage(DelayedClientCall.java:473)
	at org.apache.ratis.thirdparty.io.grpc.internal.ClientCallImpl$ClientStreamListenerImpl$1MessagesAvailable.runInternal(ClientCallImpl.java:661)
	at org.apache.ratis.thirdparty.io.grpc.internal.ClientCallImpl$ClientStreamListenerImpl$1MessagesAvailable.runInContext(ClientCallImpl.java:648)
	at org.apache.ratis.thirdparty.io.grpc.internal.ContextRunnable.run(ContextRunnable.java:37)
	at org.apache.ratis.thirdparty.io.grpc.internal.SerializingExecutor.run(SerializingExecutor.java:133)
	... 3 more
2025-07-15 19:44:57,608 [grpc-default-executor-5] ERROR impl.OrderedAsync (OrderedAsync.java:lambda$send$4(181)) - Failed to send request, message=cmdType: WriteChunk
traceID: ""
containerID: 4
datanodeUuid: "5109dbd0-88b3-4954-9428-6522438831f5"
writeChunk {
  blockID {
    containerID: 4
    localID: 115816896921600004
    blockCommitSequenceId: 0
  }
  chunkData {
    chunkName: "115816896921600004.data.0"
    offset: 0
    len: 5
    checksumData {
      type: CRC32
      bytesPerChecksum: 1048576
      checksums: "<\351\322X"
    }
  }
}
version: 3
, data.size=5
java.util.concurrent.CompletionException: org.apache.ratis.protocol.exceptions.StateMachineException: org.apache.hadoop.hdds.scm.container.common.helpers.ContainerNotOpenException from Server 5109dbd0-88b3-4954-9428-6522438831f5@group-6E557299AE72: Container 4 in UNHEALTHY state
	at org.apache.ratis.client.impl.RaftClientImpl.handleRaftException(RaftClientImpl.java:373)
	at org.apache.ratis.client.impl.OrderedAsync.lambda$send$3(OrderedAsync.java:175)
	at java.base/java.util.concurrent.CompletableFuture$UniApply.tryFire(CompletableFuture.java:646)
	at java.base/java.util.concurrent.CompletableFuture.postComplete(CompletableFuture.java:510)
	at java.base/java.util.concurrent.CompletableFuture.complete(CompletableFuture.java:2179)
	at org.apache.ratis.client.impl.OrderedAsync$PendingOrderedRequest.setReply(OrderedAsync.java:105)
	at org.apache.ratis.client.impl.OrderedAsync$PendingOrderedRequest.setReply(OrderedAsync.java:66)
	at org.apache.ratis.util.SlidingWindow$RequestMap.setReply(SlidingWindow.java:147)
	at org.apache.ratis.util.SlidingWindow$Client.receiveReply(SlidingWindow.java:351)
	at org.apache.ratis.client.impl.OrderedAsync.lambda$sendRequestWithRetry$5(OrderedAsync.java:210)
	at java.base/java.util.concurrent.CompletableFuture$UniAccept.tryFire(CompletableFuture.java:718)
	at java.base/java.util.concurrent.CompletableFuture.postComplete(CompletableFuture.java:510)
	at java.base/java.util.concurrent.CompletableFuture.complete(CompletableFuture.java:2179)
	at org.apache.ratis.grpc.client.GrpcClientProtocolClient$AsyncStreamObservers$1.lambda$onNext$0(GrpcClientProtocolClient.java:325)
	at java.base/java.util.Optional.ifPresent(Optional.java:178)
	at org.apache.ratis.grpc.client.GrpcClientProtocolClient$AsyncStreamObservers.handleReplyFuture(GrpcClientProtocolClient.java:381)
	at org.apache.ratis.grpc.client.GrpcClientProtocolClient$AsyncStreamObservers.access$100(GrpcClientProtocolClient.java:303)
	at org.apache.ratis.grpc.client.GrpcClientProtocolClient$AsyncStreamObservers$1.onNext(GrpcClientProtocolClient.java:325)
	at org.apache.ratis.grpc.client.GrpcClientProtocolClient$AsyncStreamObservers$1.onNext(GrpcClientProtocolClient.java:308)
	at org.apache.ratis.thirdparty.io.grpc.stub.ClientCalls$StreamObserverToCallListenerAdapter.onMessage(ClientCalls.java:551)
	at org.apache.ratis.thirdparty.io.grpc.ForwardingClientCallListener.onMessage(ForwardingClientCallListener.java:33)
	at org.apache.ratis.thirdparty.io.grpc.internal.DelayedClientCall$DelayedListener.onMessage(DelayedClientCall.java:473)
	at org.apache.ratis.thirdparty.io.grpc.internal.ClientCallImpl$ClientStreamListenerImpl$1MessagesAvailable.runInternal(ClientCallImpl.java:661)
	at org.apache.ratis.thirdparty.io.grpc.internal.ClientCallImpl$ClientStreamListenerImpl$1MessagesAvailable.runInContext(ClientCallImpl.java:648)
	at org.apache.ratis.thirdparty.io.grpc.internal.ContextRunnable.run(ContextRunnable.java:37)
	at org.apache.ratis.thirdparty.io.grpc.internal.SerializingExecutor.run(SerializingExecutor.java:133)
	at java.base/java.util.concurrent.ThreadPoolExecutor.runWorker(ThreadPoolExecutor.java:1144)
	at java.base/java.util.concurrent.ThreadPoolExecutor$Worker.run(ThreadPoolExecutor.java:642)
	at java.base/java.lang.Thread.run(Thread.java:1583)
Caused by: org.apache.ratis.protocol.exceptions.StateMachineException: org.apache.hadoop.hdds.scm.container.common.helpers.ContainerNotOpenException from Server 5109dbd0-88b3-4954-9428-6522438831f5@group-6E557299AE72: Container 4 in UNHEALTHY state
	at org.apache.hadoop.ozone.container.common.impl.HddsDispatcher.validateContainerCommand(HddsDispatcher.java:580)
	at org.apache.hadoop.ozone.container.common.transport.server.ratis.ContainerStateMachine.startTransaction(ContainerStateMachine.java:488)
	at org.apache.ratis.server.impl.RaftServerImpl.writeAsyncImpl(RaftServerImpl.java:987)
	at org.apache.ratis.server.impl.RaftServerImpl.writeAsync(RaftServerImpl.java:960)
	at org.apache.ratis.server.impl.RaftServerImpl.replyFuture(RaftServerImpl.java:953)
	at org.apache.ratis.server.impl.RaftServerImpl.submitClientRequestAsync(RaftServerImpl.java:930)
	at org.apache.ratis.server.impl.RaftServerImpl.lambda$null$11(RaftServerImpl.java:919)
	at org.apache.ratis.util.JavaUtils.callAsUnchecked(JavaUtils.java:118)
	at org.apache.ratis.server.impl.RaftServerImpl.lambda$executeSubmitClientRequestAsync$12(RaftServerImpl.java:919)
	at java.base/java.util.concurrent.CompletableFuture$AsyncSupply.run(CompletableFuture.java:1768)
	... 3 more
Caused by: org.apache.hadoop.hdds.scm.container.common.helpers.ContainerNotOpenException: Container 4 in UNHEALTHY state
	at java.base/jdk.internal.reflect.DirectConstructorHandleAccessor.newInstance(DirectConstructorHandleAccessor.java:62)
	at java.base/java.lang.reflect.Constructor.newInstanceWithCaller(Constructor.java:502)
	at java.base/java.lang.reflect.Constructor.newInstance(Constructor.java:486)
	at org.apache.ratis.util.ReflectionUtils.instantiateException(ReflectionUtils.java:265)
	at org.apache.ratis.client.impl.ClientProtoUtils.toStateMachineException(ClientProtoUtils.java:455)
	at org.apache.ratis.client.impl.ClientProtoUtils.toStateMachineException(ClientProtoUtils.java:441)
	at org.apache.ratis.client.impl.ClientProtoUtils.toRaftClientReply(ClientProtoUtils.java:408)
	at org.apache.ratis.grpc.client.GrpcClientProtocolClient$AsyncStreamObservers$1.onNext(GrpcClientProtocolClient.java:313)
	at org.apache.ratis.grpc.client.GrpcClientProtocolClient$AsyncStreamObservers$1.onNext(GrpcClientProtocolClient.java:308)
	at org.apache.ratis.thirdparty.io.grpc.stub.ClientCalls$StreamObserverToCallListenerAdapter.onMessage(ClientCalls.java:551)
	at org.apache.ratis.thirdparty.io.grpc.ForwardingClientCallListener.onMessage(ForwardingClientCallListener.java:33)
	at org.apache.ratis.thirdparty.io.grpc.internal.DelayedClientCall$DelayedListener.onMessage(DelayedClientCall.java:473)
	at org.apache.ratis.thirdparty.io.grpc.internal.ClientCallImpl$ClientStreamListenerImpl$1MessagesAvailable.runInternal(ClientCallImpl.java:661)
	at org.apache.ratis.thirdparty.io.grpc.internal.ClientCallImpl$ClientStreamListenerImpl$1MessagesAvailable.runInContext(ClientCallImpl.java:648)
	at org.apache.ratis.thirdparty.io.grpc.internal.ContextRunnable.run(ContextRunnable.java:37)
	at org.apache.ratis.thirdparty.io.grpc.internal.SerializingExecutor.run(SerializingExecutor.java:133)
	... 3 more
2025-07-15 19:44:57,610 [grpc-default-executor-5] ERROR impl.OrderedAsync (OrderedAsync.java:lambda$send$4(181)) - Failed to send request, message=cmdType: WriteChunk
traceID: ""
containerID: 4
datanodeUuid: "5109dbd0-88b3-4954-9428-6522438831f5"
writeChunk {
  blockID {
    containerID: 4
    localID: 115816896921600004
    blockCommitSequenceId: 0
  }
  chunkData {
    chunkName: "115816896921600004.data.0"
    offset: 0
    len: 5
    checksumData {
      type: CRC32
      bytesPerChecksum: 1048576
      checksums: "\222e>\361"
    }
  }
}
version: 3
, data.size=5
java.util.concurrent.CompletionException: org.apache.ratis.protocol.exceptions.StateMachineException: org.apache.hadoop.hdds.scm.container.common.helpers.ContainerNotOpenException from Server 5109dbd0-88b3-4954-9428-6522438831f5@group-6E557299AE72: Container 4 in UNHEALTHY state
	at org.apache.ratis.client.impl.RaftClientImpl.handleRaftException(RaftClientImpl.java:373)
	at org.apache.ratis.client.impl.OrderedAsync.lambda$send$3(OrderedAsync.java:175)
	at java.base/java.util.concurrent.CompletableFuture$UniApply.tryFire(CompletableFuture.java:646)
	at java.base/java.util.concurrent.CompletableFuture.postComplete(CompletableFuture.java:510)
	at java.base/java.util.concurrent.CompletableFuture.complete(CompletableFuture.java:2179)
	at org.apache.ratis.client.impl.OrderedAsync$PendingOrderedRequest.setReply(OrderedAsync.java:105)
	at org.apache.ratis.client.impl.OrderedAsync$PendingOrderedRequest.setReply(OrderedAsync.java:66)
	at org.apache.ratis.util.SlidingWindow$RequestMap.setReply(SlidingWindow.java:147)
	at org.apache.ratis.util.SlidingWindow$Client.receiveReply(SlidingWindow.java:351)
	at org.apache.ratis.client.impl.OrderedAsync.lambda$sendRequestWithRetry$5(OrderedAsync.java:210)
	at java.base/java.util.concurrent.CompletableFuture$UniAccept.tryFire(CompletableFuture.java:718)
	at java.base/java.util.concurrent.CompletableFuture.postComplete(CompletableFuture.java:510)
	at java.base/java.util.concurrent.CompletableFuture.complete(CompletableFuture.java:2179)
	at org.apache.ratis.grpc.client.GrpcClientProtocolClient$AsyncStreamObservers$1.lambda$onNext$0(GrpcClientProtocolClient.java:325)
	at java.base/java.util.Optional.ifPresent(Optional.java:178)
	at org.apache.ratis.grpc.client.GrpcClientProtocolClient$AsyncStreamObservers.handleReplyFuture(GrpcClientProtocolClient.java:381)
	at org.apache.ratis.grpc.client.GrpcClientProtocolClient$AsyncStreamObservers.access$100(GrpcClientProtocolClient.java:303)
	at org.apache.ratis.grpc.client.GrpcClientProtocolClient$AsyncStreamObservers$1.onNext(GrpcClientProtocolClient.java:325)
	at org.apache.ratis.grpc.client.GrpcClientProtocolClient$AsyncStreamObservers$1.onNext(GrpcClientProtocolClient.java:308)
	at org.apache.ratis.thirdparty.io.grpc.stub.ClientCalls$StreamObserverToCallListenerAdapter.onMessage(ClientCalls.java:551)
	at org.apache.ratis.thirdparty.io.grpc.ForwardingClientCallListener.onMessage(ForwardingClientCallListener.java:33)
	at org.apache.ratis.thirdparty.io.grpc.internal.DelayedClientCall$DelayedListener.onMessage(DelayedClientCall.java:473)
	at org.apache.ratis.thirdparty.io.grpc.internal.ClientCallImpl$ClientStreamListenerImpl$1MessagesAvailable.runInternal(ClientCallImpl.java:661)
	at org.apache.ratis.thirdparty.io.grpc.internal.ClientCallImpl$ClientStreamListenerImpl$1MessagesAvailable.runInContext(ClientCallImpl.java:648)
	at org.apache.ratis.thirdparty.io.grpc.internal.ContextRunnable.run(ContextRunnable.java:37)
	at org.apache.ratis.thirdparty.io.grpc.internal.SerializingExecutor.run(SerializingExecutor.java:133)
	at java.base/java.util.concurrent.ThreadPoolExecutor.runWorker(ThreadPoolExecutor.java:1144)
	at java.base/java.util.concurrent.ThreadPoolExecutor$Worker.run(ThreadPoolExecutor.java:642)
	at java.base/java.lang.Thread.run(Thread.java:1583)
Caused by: org.apache.ratis.protocol.exceptions.StateMachineException: org.apache.hadoop.hdds.scm.container.common.helpers.ContainerNotOpenException from Server 5109dbd0-88b3-4954-9428-6522438831f5@group-6E557299AE72: Container 4 in UNHEALTHY state
	at org.apache.hadoop.ozone.container.common.impl.HddsDispatcher.validateContainerCommand(HddsDispatcher.java:580)
	at org.apache.hadoop.ozone.container.common.transport.server.ratis.ContainerStateMachine.startTransaction(ContainerStateMachine.java:488)
	at org.apache.ratis.server.impl.RaftServerImpl.writeAsyncImpl(RaftServerImpl.java:987)
	at org.apache.ratis.server.impl.RaftServerImpl.writeAsync(RaftServerImpl.java:960)
	at org.apache.ratis.server.impl.RaftServerImpl.replyFuture(RaftServerImpl.java:953)
	at org.apache.ratis.server.impl.RaftServerImpl.submitClientRequestAsync(RaftServerImpl.java:930)
	at org.apache.ratis.server.impl.RaftServerImpl.lambda$null$11(RaftServerImpl.java:919)
	at org.apache.ratis.util.JavaUtils.callAsUnchecked(JavaUtils.java:118)
	at org.apache.ratis.server.impl.RaftServerImpl.lambda$executeSubmitClientRequestAsync$12(RaftServerImpl.java:919)
	at java.base/java.util.concurrent.CompletableFuture$AsyncSupply.run(CompletableFuture.java:1768)
	... 3 more
Caused by: org.apache.hadoop.hdds.scm.container.common.helpers.ContainerNotOpenException: Container 4 in UNHEALTHY state
	at java.base/jdk.internal.reflect.DirectConstructorHandleAccessor.newInstance(DirectConstructorHandleAccessor.java:62)
	at java.base/java.lang.reflect.Constructor.newInstanceWithCaller(Constructor.java:502)
	at java.base/java.lang.reflect.Constructor.newInstance(Constructor.java:486)
	at org.apache.ratis.util.ReflectionUtils.instantiateException(ReflectionUtils.java:265)
	at org.apache.ratis.client.impl.ClientProtoUtils.toStateMachineException(ClientProtoUtils.java:455)
	at org.apache.ratis.client.impl.ClientProtoUtils.toStateMachineException(ClientProtoUtils.java:441)
	at org.apache.ratis.client.impl.ClientProtoUtils.toRaftClientReply(ClientProtoUtils.java:408)
	at org.apache.ratis.grpc.client.GrpcClientProtocolClient$AsyncStreamObservers$1.onNext(GrpcClientProtocolClient.java:313)
	at org.apache.ratis.grpc.client.GrpcClientProtocolClient$AsyncStreamObservers$1.onNext(GrpcClientProtocolClient.java:308)
	at org.apache.ratis.thirdparty.io.grpc.stub.ClientCalls$StreamObserverToCallListenerAdapter.onMessage(ClientCalls.java:551)
	at org.apache.ratis.thirdparty.io.grpc.ForwardingClientCallListener.onMessage(ForwardingClientCallListener.java:33)
	at org.apache.ratis.thirdparty.io.grpc.internal.DelayedClientCall$DelayedListener.onMessage(DelayedClientCall.java:473)
	at org.apache.ratis.thirdparty.io.grpc.internal.ClientCallImpl$ClientStreamListenerImpl$1MessagesAvailable.runInternal(ClientCallImpl.java:661)
	at org.apache.ratis.thirdparty.io.grpc.internal.ClientCallImpl$ClientStreamListenerImpl$1MessagesAvailable.runInContext(ClientCallImpl.java:648)
	at org.apache.ratis.thirdparty.io.grpc.internal.ContextRunnable.run(ContextRunnable.java:37)
	at org.apache.ratis.thirdparty.io.grpc.internal.SerializingExecutor.run(SerializingExecutor.java:133)
	... 3 more
2025-07-15 19:44:57,611 [grpc-default-executor-5] ERROR impl.OrderedAsync (OrderedAsync.java:lambda$send$4(181)) - Failed to send request, message=cmdType: WriteChunk
traceID: ""
containerID: 4
datanodeUuid: "5109dbd0-88b3-4954-9428-6522438831f5"
writeChunk {
  blockID {
    containerID: 4
    localID: 115816896921600004
    blockCommitSequenceId: 0
  }
  chunkData {
    chunkName: "115816896921600004.data.0"
    offset: 0
    len: 5
    checksumData {
      type: CRC32
      bytesPerChecksum: 1048576
      checksums: "\304\303S\224"
    }
  }
}
version: 3
, data.size=5
java.util.concurrent.CompletionException: org.apache.ratis.protocol.exceptions.StateMachineException: org.apache.hadoop.hdds.scm.container.common.helpers.ContainerNotOpenException from Server 5109dbd0-88b3-4954-9428-6522438831f5@group-6E557299AE72: Container 4 in UNHEALTHY state
	at org.apache.ratis.client.impl.RaftClientImpl.handleRaftException(RaftClientImpl.java:373)
	at org.apache.ratis.client.impl.OrderedAsync.lambda$send$3(OrderedAsync.java:175)
	at java.base/java.util.concurrent.CompletableFuture$UniApply.tryFire(CompletableFuture.java:646)
	at java.base/java.util.concurrent.CompletableFuture.postComplete(CompletableFuture.java:510)
	at java.base/java.util.concurrent.CompletableFuture.complete(CompletableFuture.java:2179)
	at org.apache.ratis.client.impl.OrderedAsync$PendingOrderedRequest.setReply(OrderedAsync.java:105)
	at org.apache.ratis.client.impl.OrderedAsync$PendingOrderedRequest.setReply(OrderedAsync.java:66)
	at org.apache.ratis.util.SlidingWindow$RequestMap.setReply(SlidingWindow.java:147)
	at org.apache.ratis.util.SlidingWindow$Client.receiveReply(SlidingWindow.java:351)
	at org.apache.ratis.client.impl.OrderedAsync.lambda$sendRequestWithRetry$5(OrderedAsync.java:210)
	at java.base/java.util.concurrent.CompletableFuture$UniAccept.tryFire(CompletableFuture.java:718)
	at java.base/java.util.concurrent.CompletableFuture.postComplete(CompletableFuture.java:510)
	at java.base/java.util.concurrent.CompletableFuture.complete(CompletableFuture.java:2179)
	at org.apache.ratis.grpc.client.GrpcClientProtocolClient$AsyncStreamObservers$1.lambda$onNext$0(GrpcClientProtocolClient.java:325)
	at java.base/java.util.Optional.ifPresent(Optional.java:178)
	at org.apache.ratis.grpc.client.GrpcClientProtocolClient$AsyncStreamObservers.handleReplyFuture(GrpcClientProtocolClient.java:381)
	at org.apache.ratis.grpc.client.GrpcClientProtocolClient$AsyncStreamObservers.access$100(GrpcClientProtocolClient.java:303)
	at org.apache.ratis.grpc.client.GrpcClientProtocolClient$AsyncStreamObservers$1.onNext(GrpcClientProtocolClient.java:325)
	at org.apache.ratis.grpc.client.GrpcClientProtocolClient$AsyncStreamObservers$1.onNext(GrpcClientProtocolClient.java:308)
	at org.apache.ratis.thirdparty.io.grpc.stub.ClientCalls$StreamObserverToCallListenerAdapter.onMessage(ClientCalls.java:551)
	at org.apache.ratis.thirdparty.io.grpc.ForwardingClientCallListener.onMessage(ForwardingClientCallListener.java:33)
	at org.apache.ratis.thirdparty.io.grpc.internal.DelayedClientCall$DelayedListener.onMessage(DelayedClientCall.java:473)
	at org.apache.ratis.thirdparty.io.grpc.internal.ClientCallImpl$ClientStreamListenerImpl$1MessagesAvailable.runInternal(ClientCallImpl.java:661)
	at org.apache.ratis.thirdparty.io.grpc.internal.ClientCallImpl$ClientStreamListenerImpl$1MessagesAvailable.runInContext(ClientCallImpl.java:648)
	at org.apache.ratis.thirdparty.io.grpc.internal.ContextRunnable.run(ContextRunnable.java:37)
	at org.apache.ratis.thirdparty.io.grpc.internal.SerializingExecutor.run(SerializingExecutor.java:133)
	at java.base/java.util.concurrent.ThreadPoolExecutor.runWorker(ThreadPoolExecutor.java:1144)
	at java.base/java.util.concurrent.ThreadPoolExecutor$Worker.run(ThreadPoolExecutor.java:642)
	at java.base/java.lang.Thread.run(Thread.java:1583)
Caused by: org.apache.ratis.protocol.exceptions.StateMachineException: org.apache.hadoop.hdds.scm.container.common.helpers.ContainerNotOpenException from Server 5109dbd0-88b3-4954-9428-6522438831f5@group-6E557299AE72: Container 4 in UNHEALTHY state
	at org.apache.hadoop.ozone.container.common.impl.HddsDispatcher.validateContainerCommand(HddsDispatcher.java:580)
	at org.apache.hadoop.ozone.container.common.transport.server.ratis.ContainerStateMachine.startTransaction(ContainerStateMachine.java:488)
	at org.apache.ratis.server.impl.RaftServerImpl.writeAsyncImpl(RaftServerImpl.java:987)
	at org.apache.ratis.server.impl.RaftServerImpl.writeAsync(RaftServerImpl.java:960)
	at org.apache.ratis.server.impl.RaftServerImpl.replyFuture(RaftServerImpl.java:953)
	at org.apache.ratis.server.impl.RaftServerImpl.submitClientRequestAsync(RaftServerImpl.java:930)
	at org.apache.ratis.server.impl.RaftServerImpl.lambda$null$11(RaftServerImpl.java:919)
	at org.apache.ratis.util.JavaUtils.callAsUnchecked(JavaUtils.java:118)
	at org.apache.ratis.server.impl.RaftServerImpl.lambda$executeSubmitClientRequestAsync$12(RaftServerImpl.java:919)
	at java.base/java.util.concurrent.CompletableFuture$AsyncSupply.run(CompletableFuture.java:1768)
	... 3 more
Caused by: org.apache.hadoop.hdds.scm.container.common.helpers.ContainerNotOpenException: Container 4 in UNHEALTHY state
	at java.base/jdk.internal.reflect.DirectConstructorHandleAccessor.newInstance(DirectConstructorHandleAccessor.java:62)
	at java.base/java.lang.reflect.Constructor.newInstanceWithCaller(Constructor.java:502)
	at java.base/java.lang.reflect.Constructor.newInstance(Constructor.java:486)
	at org.apache.ratis.util.ReflectionUtils.instantiateException(ReflectionUtils.java:265)
	at org.apache.ratis.client.impl.ClientProtoUtils.toStateMachineException(ClientProtoUtils.java:455)
	at org.apache.ratis.client.impl.ClientProtoUtils.toStateMachineException(ClientProtoUtils.java:441)
	at org.apache.ratis.client.impl.ClientProtoUtils.toRaftClientReply(ClientProtoUtils.java:408)
	at org.apache.ratis.grpc.client.GrpcClientProtocolClient$AsyncStreamObservers$1.onNext(GrpcClientProtocolClient.java:313)
	at org.apache.ratis.grpc.client.GrpcClientProtocolClient$AsyncStreamObservers$1.onNext(GrpcClientProtocolClient.java:308)
	at org.apache.ratis.thirdparty.io.grpc.stub.ClientCalls$StreamObserverToCallListenerAdapter.onMessage(ClientCalls.java:551)
	at org.apache.ratis.thirdparty.io.grpc.ForwardingClientCallListener.onMessage(ForwardingClientCallListener.java:33)
	at org.apache.ratis.thirdparty.io.grpc.internal.DelayedClientCall$DelayedListener.onMessage(DelayedClientCall.java:473)
	at org.apache.ratis.thirdparty.io.grpc.internal.ClientCallImpl$ClientStreamListenerImpl$1MessagesAvailable.runInternal(ClientCallImpl.java:661)
	at org.apache.ratis.thirdparty.io.grpc.internal.ClientCallImpl$ClientStreamListenerImpl$1MessagesAvailable.runInContext(ClientCallImpl.java:648)
	at org.apache.ratis.thirdparty.io.grpc.internal.ContextRunnable.run(ContextRunnable.java:37)
	at org.apache.ratis.thirdparty.io.grpc.internal.SerializingExecutor.run(SerializingExecutor.java:133)
	... 3 more
2025-07-15 19:44:57,613 [grpc-default-executor-5] ERROR impl.OrderedAsync (OrderedAsync.java:lambda$send$4(181)) - Failed to send request, message=cmdType: WriteChunk
traceID: ""
containerID: 4
datanodeUuid: "5109dbd0-88b3-4954-9428-6522438831f5"
writeChunk {
  blockID {
    containerID: 4
    localID: 115816896921600004
    blockCommitSequenceId: 0
  }
  chunkData {
    chunkName: "115816896921600004.data.0"
    offset: 0
    len: 5
    checksumData {
      type: CRC32
      bytesPerChecksum: 1048576
      checksums: "\355\004\310t"
    }
  }
}
version: 3
, data.size=5
java.util.concurrent.CompletionException: org.apache.ratis.protocol.exceptions.StateMachineException: org.apache.hadoop.hdds.scm.container.common.helpers.ContainerNotOpenException from Server 5109dbd0-88b3-4954-9428-6522438831f5@group-6E557299AE72: Container 4 in UNHEALTHY state
	at org.apache.ratis.client.impl.RaftClientImpl.handleRaftException(RaftClientImpl.java:373)
	at org.apache.ratis.client.impl.OrderedAsync.lambda$send$3(OrderedAsync.java:175)
	at java.base/java.util.concurrent.CompletableFuture$UniApply.tryFire(CompletableFuture.java:646)
	at java.base/java.util.concurrent.CompletableFuture.postComplete(CompletableFuture.java:510)
	at java.base/java.util.concurrent.CompletableFuture.complete(CompletableFuture.java:2179)
	at org.apache.ratis.client.impl.OrderedAsync$PendingOrderedRequest.setReply(OrderedAsync.java:105)
	at org.apache.ratis.client.impl.OrderedAsync$PendingOrderedRequest.setReply(OrderedAsync.java:66)
	at org.apache.ratis.util.SlidingWindow$RequestMap.setReply(SlidingWindow.java:147)
	at org.apache.ratis.util.SlidingWindow$Client.receiveReply(SlidingWindow.java:351)
	at org.apache.ratis.client.impl.OrderedAsync.lambda$sendRequestWithRetry$5(OrderedAsync.java:210)
	at java.base/java.util.concurrent.CompletableFuture$UniAccept.tryFire(CompletableFuture.java:718)
	at java.base/java.util.concurrent.CompletableFuture.postComplete(CompletableFuture.java:510)
	at java.base/java.util.concurrent.CompletableFuture.complete(CompletableFuture.java:2179)
	at org.apache.ratis.grpc.client.GrpcClientProtocolClient$AsyncStreamObservers$1.lambda$onNext$0(GrpcClientProtocolClient.java:325)
	at java.base/java.util.Optional.ifPresent(Optional.java:178)
	at org.apache.ratis.grpc.client.GrpcClientProtocolClient$AsyncStreamObservers.handleReplyFuture(GrpcClientProtocolClient.java:381)
	at org.apache.ratis.grpc.client.GrpcClientProtocolClient$AsyncStreamObservers.access$100(GrpcClientProtocolClient.java:303)
	at org.apache.ratis.grpc.client.GrpcClientProtocolClient$AsyncStreamObservers$1.onNext(GrpcClientProtocolClient.java:325)
	at org.apache.ratis.grpc.client.GrpcClientProtocolClient$AsyncStreamObservers$1.onNext(GrpcClientProtocolClient.java:308)
	at org.apache.ratis.thirdparty.io.grpc.stub.ClientCalls$StreamObserverToCallListenerAdapter.onMessage(ClientCalls.java:551)
	at org.apache.ratis.thirdparty.io.grpc.ForwardingClientCallListener.onMessage(ForwardingClientCallListener.java:33)
	at org.apache.ratis.thirdparty.io.grpc.internal.DelayedClientCall$DelayedListener.onMessage(DelayedClientCall.java:473)
	at org.apache.ratis.thirdparty.io.grpc.internal.ClientCallImpl$ClientStreamListenerImpl$1MessagesAvailable.runInternal(ClientCallImpl.java:661)
	at org.apache.ratis.thirdparty.io.grpc.internal.ClientCallImpl$ClientStreamListenerImpl$1MessagesAvailable.runInContext(ClientCallImpl.java:648)
	at org.apache.ratis.thirdparty.io.grpc.internal.ContextRunnable.run(ContextRunnable.java:37)
	at org.apache.ratis.thirdparty.io.grpc.internal.SerializingExecutor.run(SerializingExecutor.java:133)
	at java.base/java.util.concurrent.ThreadPoolExecutor.runWorker(ThreadPoolExecutor.java:1144)
	at java.base/java.util.concurrent.ThreadPoolExecutor$Worker.run(ThreadPoolExecutor.java:642)
	at java.base/java.lang.Thread.run(Thread.java:1583)
Caused by: org.apache.ratis.protocol.exceptions.StateMachineException: org.apache.hadoop.hdds.scm.container.common.helpers.ContainerNotOpenException from Server 5109dbd0-88b3-4954-9428-6522438831f5@group-6E557299AE72: Container 4 in UNHEALTHY state
	at org.apache.hadoop.ozone.container.common.impl.HddsDispatcher.validateContainerCommand(HddsDispatcher.java:580)
	at org.apache.hadoop.ozone.container.common.transport.server.ratis.ContainerStateMachine.startTransaction(ContainerStateMachine.java:488)
	at org.apache.ratis.server.impl.RaftServerImpl.writeAsyncImpl(RaftServerImpl.java:987)
	at org.apache.ratis.server.impl.RaftServerImpl.writeAsync(RaftServerImpl.java:960)
	at org.apache.ratis.server.impl.RaftServerImpl.replyFuture(RaftServerImpl.java:953)
	at org.apache.ratis.server.impl.RaftServerImpl.submitClientRequestAsync(RaftServerImpl.java:930)
	at org.apache.ratis.server.impl.RaftServerImpl.lambda$null$11(RaftServerImpl.java:919)
	at org.apache.ratis.util.JavaUtils.callAsUnchecked(JavaUtils.java:118)
	at org.apache.ratis.server.impl.RaftServerImpl.lambda$executeSubmitClientRequestAsync$12(RaftServerImpl.java:919)
	at java.base/java.util.concurrent.CompletableFuture$AsyncSupply.run(CompletableFuture.java:1768)
	... 3 more
Caused by: org.apache.hadoop.hdds.scm.container.common.helpers.ContainerNotOpenException: Container 4 in UNHEALTHY state
	at java.base/jdk.internal.reflect.DirectConstructorHandleAccessor.newInstance(DirectConstructorHandleAccessor.java:62)
	at java.base/java.lang.reflect.Constructor.newInstanceWithCaller(Constructor.java:502)
	at java.base/java.lang.reflect.Constructor.newInstance(Constructor.java:486)
	at org.apache.ratis.util.ReflectionUtils.instantiateException(ReflectionUtils.java:265)
	at org.apache.ratis.client.impl.ClientProtoUtils.toStateMachineException(ClientProtoUtils.java:455)
	at org.apache.ratis.client.impl.ClientProtoUtils.toStateMachineException(ClientProtoUtils.java:441)
	at org.apache.ratis.client.impl.ClientProtoUtils.toRaftClientReply(ClientProtoUtils.java:408)
	at org.apache.ratis.grpc.client.GrpcClientProtocolClient$AsyncStreamObservers$1.onNext(GrpcClientProtocolClient.java:313)
	at org.apache.ratis.grpc.client.GrpcClientProtocolClient$AsyncStreamObservers$1.onNext(GrpcClientProtocolClient.java:308)
	at org.apache.ratis.thirdparty.io.grpc.stub.ClientCalls$StreamObserverToCallListenerAdapter.onMessage(ClientCalls.java:551)
	at org.apache.ratis.thirdparty.io.grpc.ForwardingClientCallListener.onMessage(ForwardingClientCallListener.java:33)
	at org.apache.ratis.thirdparty.io.grpc.internal.DelayedClientCall$DelayedListener.onMessage(DelayedClientCall.java:473)
	at org.apache.ratis.thirdparty.io.grpc.internal.ClientCallImpl$ClientStreamListenerImpl$1MessagesAvailable.runInternal(ClientCallImpl.java:661)
	at org.apache.ratis.thirdparty.io.grpc.internal.ClientCallImpl$ClientStreamListenerImpl$1MessagesAvailable.runInContext(ClientCallImpl.java:648)
	at org.apache.ratis.thirdparty.io.grpc.internal.ContextRunnable.run(ContextRunnable.java:37)
	at org.apache.ratis.thirdparty.io.grpc.internal.SerializingExecutor.run(SerializingExecutor.java:133)
	... 3 more
2025-07-15 19:44:57,614 [grpc-default-executor-5] ERROR impl.OrderedAsync (OrderedAsync.java:lambda$send$4(181)) - Failed to send request, message=cmdType: WriteChunk
traceID: ""
containerID: 4
datanodeUuid: "5109dbd0-88b3-4954-9428-6522438831f5"
writeChunk {
  blockID {
    containerID: 4
    localID: 115816896921600004
    blockCommitSequenceId: 0
  }
  chunkData {
    chunkName: "115816896921600004.data.0"
    offset: 0
    len: 5
    checksumData {
      type: CRC32
      bytesPerChecksum: 1048576
      checksums: "[#QO"
    }
  }
}
version: 3
, data.size=5
java.util.concurrent.CompletionException: org.apache.ratis.protocol.exceptions.StateMachineException: org.apache.hadoop.hdds.scm.container.common.helpers.ContainerNotOpenException from Server 5109dbd0-88b3-4954-9428-6522438831f5@group-6E557299AE72: Container 4 in UNHEALTHY state
	at org.apache.ratis.client.impl.RaftClientImpl.handleRaftException(RaftClientImpl.java:373)
	at org.apache.ratis.client.impl.OrderedAsync.lambda$send$3(OrderedAsync.java:175)
	at java.base/java.util.concurrent.CompletableFuture$UniApply.tryFire(CompletableFuture.java:646)
	at java.base/java.util.concurrent.CompletableFuture.postComplete(CompletableFuture.java:510)
	at java.base/java.util.concurrent.CompletableFuture.complete(CompletableFuture.java:2179)
	at org.apache.ratis.client.impl.OrderedAsync$PendingOrderedRequest.setReply(OrderedAsync.java:105)
	at org.apache.ratis.client.impl.OrderedAsync$PendingOrderedRequest.setReply(OrderedAsync.java:66)
	at org.apache.ratis.util.SlidingWindow$RequestMap.setReply(SlidingWindow.java:147)
	at org.apache.ratis.util.SlidingWindow$Client.receiveReply(SlidingWindow.java:351)
	at org.apache.ratis.client.impl.OrderedAsync.lambda$sendRequestWithRetry$5(OrderedAsync.java:210)
	at java.base/java.util.concurrent.CompletableFuture$UniAccept.tryFire(CompletableFuture.java:718)
	at java.base/java.util.concurrent.CompletableFuture.postComplete(CompletableFuture.java:510)
	at java.base/java.util.concurrent.CompletableFuture.complete(CompletableFuture.java:2179)
	at org.apache.ratis.grpc.client.GrpcClientProtocolClient$AsyncStreamObservers$1.lambda$onNext$0(GrpcClientProtocolClient.java:325)
	at java.base/java.util.Optional.ifPresent(Optional.java:178)
	at org.apache.ratis.grpc.client.GrpcClientProtocolClient$AsyncStreamObservers.handleReplyFuture(GrpcClientProtocolClient.java:381)
	at org.apache.ratis.grpc.client.GrpcClientProtocolClient$AsyncStreamObservers.access$100(GrpcClientProtocolClient.java:303)
	at org.apache.ratis.grpc.client.GrpcClientProtocolClient$AsyncStreamObservers$1.onNext(GrpcClientProtocolClient.java:325)
	at org.apache.ratis.grpc.client.GrpcClientProtocolClient$AsyncStreamObservers$1.onNext(GrpcClientProtocolClient.java:308)
	at org.apache.ratis.thirdparty.io.grpc.stub.ClientCalls$StreamObserverToCallListenerAdapter.onMessage(ClientCalls.java:551)
	at org.apache.ratis.thirdparty.io.grpc.ForwardingClientCallListener.onMessage(ForwardingClientCallListener.java:33)
	at org.apache.ratis.thirdparty.io.grpc.internal.DelayedClientCall$DelayedListener.onMessage(DelayedClientCall.java:473)
	at org.apache.ratis.thirdparty.io.grpc.internal.ClientCallImpl$ClientStreamListenerImpl$1MessagesAvailable.runInternal(ClientCallImpl.java:661)
	at org.apache.ratis.thirdparty.io.grpc.internal.ClientCallImpl$ClientStreamListenerImpl$1MessagesAvailable.runInContext(ClientCallImpl.java:648)
	at org.apache.ratis.thirdparty.io.grpc.internal.ContextRunnable.run(ContextRunnable.java:37)
	at org.apache.ratis.thirdparty.io.grpc.internal.SerializingExecutor.run(SerializingExecutor.java:133)
	at java.base/java.util.concurrent.ThreadPoolExecutor.runWorker(ThreadPoolExecutor.java:1144)
	at java.base/java.util.concurrent.ThreadPoolExecutor$Worker.run(ThreadPoolExecutor.java:642)
	at java.base/java.lang.Thread.run(Thread.java:1583)
Caused by: org.apache.ratis.protocol.exceptions.StateMachineException: org.apache.hadoop.hdds.scm.container.common.helpers.ContainerNotOpenException from Server 5109dbd0-88b3-4954-9428-6522438831f5@group-6E557299AE72: Container 4 in UNHEALTHY state
	at org.apache.hadoop.ozone.container.common.impl.HddsDispatcher.validateContainerCommand(HddsDispatcher.java:580)
	at org.apache.hadoop.ozone.container.common.transport.server.ratis.ContainerStateMachine.startTransaction(ContainerStateMachine.java:488)
	at org.apache.ratis.server.impl.RaftServerImpl.writeAsyncImpl(RaftServerImpl.java:987)
	at org.apache.ratis.server.impl.RaftServerImpl.writeAsync(RaftServerImpl.java:960)
	at org.apache.ratis.server.impl.RaftServerImpl.replyFuture(RaftServerImpl.java:953)
	at org.apache.ratis.server.impl.RaftServerImpl.submitClientRequestAsync(RaftServerImpl.java:930)
	at org.apache.ratis.server.impl.RaftServerImpl.lambda$null$11(RaftServerImpl.java:919)
	at org.apache.ratis.util.JavaUtils.callAsUnchecked(JavaUtils.java:118)
	at org.apache.ratis.server.impl.RaftServerImpl.lambda$executeSubmitClientRequestAsync$12(RaftServerImpl.java:919)
	at java.base/java.util.concurrent.CompletableFuture$AsyncSupply.run(CompletableFuture.java:1768)
	... 3 more
Caused by: org.apache.hadoop.hdds.scm.container.common.helpers.ContainerNotOpenException: Container 4 in UNHEALTHY state
	at java.base/jdk.internal.reflect.DirectConstructorHandleAccessor.newInstance(DirectConstructorHandleAccessor.java:62)
	at java.base/java.lang.reflect.Constructor.newInstanceWithCaller(Constructor.java:502)
	at java.base/java.lang.reflect.Constructor.newInstance(Constructor.java:486)
	at org.apache.ratis.util.ReflectionUtils.instantiateException(ReflectionUtils.java:265)
	at org.apache.ratis.client.impl.ClientProtoUtils.toStateMachineException(ClientProtoUtils.java:455)
	at org.apache.ratis.client.impl.ClientProtoUtils.toStateMachineException(ClientProtoUtils.java:441)
	at org.apache.ratis.client.impl.ClientProtoUtils.toRaftClientReply(ClientProtoUtils.java:408)
	at org.apache.ratis.grpc.client.GrpcClientProtocolClient$AsyncStreamObservers$1.onNext(GrpcClientProtocolClient.java:313)
	at org.apache.ratis.grpc.client.GrpcClientProtocolClient$AsyncStreamObservers$1.onNext(GrpcClientProtocolClient.java:308)
	at org.apache.ratis.thirdparty.io.grpc.stub.ClientCalls$StreamObserverToCallListenerAdapter.onMessage(ClientCalls.java:551)
	at org.apache.ratis.thirdparty.io.grpc.ForwardingClientCallListener.onMessage(ForwardingClientCallListener.java:33)
	at org.apache.ratis.thirdparty.io.grpc.internal.DelayedClientCall$DelayedListener.onMessage(DelayedClientCall.java:473)
	at org.apache.ratis.thirdparty.io.grpc.internal.ClientCallImpl$ClientStreamListenerImpl$1MessagesAvailable.runInternal(ClientCallImpl.java:661)
	at org.apache.ratis.thirdparty.io.grpc.internal.ClientCallImpl$ClientStreamListenerImpl$1MessagesAvailable.runInContext(ClientCallImpl.java:648)
	at org.apache.ratis.thirdparty.io.grpc.internal.ContextRunnable.run(ContextRunnable.java:37)
	at org.apache.ratis.thirdparty.io.grpc.internal.SerializingExecutor.run(SerializingExecutor.java:133)
	... 3 more
2025-07-15 19:44:57,615 [grpc-default-executor-5] ERROR impl.OrderedAsync (OrderedAsync.java:lambda$send$4(181)) - Failed to send request, message=cmdType: WriteChunk
traceID: ""
containerID: 4
datanodeUuid: "5109dbd0-88b3-4954-9428-6522438831f5"
writeChunk {
  blockID {
    containerID: 4
    localID: 115816896921600004
    blockCommitSequenceId: 0
  }
  chunkData {
    chunkName: "115816896921600004.data.0"
    offset: 0
    len: 5
    checksumData {
      type: CRC32
      bytesPerChecksum: 1048576
      checksums: "\256\255\366\273"
    }
  }
}
version: 3
, data.size=5
java.util.concurrent.CompletionException: org.apache.ratis.protocol.exceptions.StateMachineException: org.apache.hadoop.hdds.scm.container.common.helpers.ContainerNotOpenException from Server 5109dbd0-88b3-4954-9428-6522438831f5@group-6E557299AE72: Container 4 in UNHEALTHY state
	at org.apache.ratis.client.impl.RaftClientImpl.handleRaftException(RaftClientImpl.java:373)
	at org.apache.ratis.client.impl.OrderedAsync.lambda$send$3(OrderedAsync.java:175)
	at java.base/java.util.concurrent.CompletableFuture$UniApply.tryFire(CompletableFuture.java:646)
	at java.base/java.util.concurrent.CompletableFuture.postComplete(CompletableFuture.java:510)
	at java.base/java.util.concurrent.CompletableFuture.complete(CompletableFuture.java:2179)
	at org.apache.ratis.client.impl.OrderedAsync$PendingOrderedRequest.setReply(OrderedAsync.java:105)
	at org.apache.ratis.client.impl.OrderedAsync$PendingOrderedRequest.setReply(OrderedAsync.java:66)
	at org.apache.ratis.util.SlidingWindow$RequestMap.setReply(SlidingWindow.java:147)
	at org.apache.ratis.util.SlidingWindow$Client.receiveReply(SlidingWindow.java:351)
	at org.apache.ratis.client.impl.OrderedAsync.lambda$sendRequestWithRetry$5(OrderedAsync.java:210)
	at java.base/java.util.concurrent.CompletableFuture$UniAccept.tryFire(CompletableFuture.java:718)
	at java.base/java.util.concurrent.CompletableFuture.postComplete(CompletableFuture.java:510)
	at java.base/java.util.concurrent.CompletableFuture.complete(CompletableFuture.java:2179)
	at org.apache.ratis.grpc.client.GrpcClientProtocolClient$AsyncStreamObservers$1.lambda$onNext$0(GrpcClientProtocolClient.java:325)
	at java.base/java.util.Optional.ifPresent(Optional.java:178)
	at org.apache.ratis.grpc.client.GrpcClientProtocolClient$AsyncStreamObservers.handleReplyFuture(GrpcClientProtocolClient.java:381)
	at org.apache.ratis.grpc.client.GrpcClientProtocolClient$AsyncStreamObservers.access$100(GrpcClientProtocolClient.java:303)
	at org.apache.ratis.grpc.client.GrpcClientProtocolClient$AsyncStreamObservers$1.onNext(GrpcClientProtocolClient.java:325)
	at org.apache.ratis.grpc.client.GrpcClientProtocolClient$AsyncStreamObservers$1.onNext(GrpcClientProtocolClient.java:308)
	at org.apache.ratis.thirdparty.io.grpc.stub.ClientCalls$StreamObserverToCallListenerAdapter.onMessage(ClientCalls.java:551)
	at org.apache.ratis.thirdparty.io.grpc.ForwardingClientCallListener.onMessage(ForwardingClientCallListener.java:33)
	at org.apache.ratis.thirdparty.io.grpc.internal.DelayedClientCall$DelayedListener.onMessage(DelayedClientCall.java:473)
	at org.apache.ratis.thirdparty.io.grpc.internal.ClientCallImpl$ClientStreamListenerImpl$1MessagesAvailable.runInternal(ClientCallImpl.java:661)
	at org.apache.ratis.thirdparty.io.grpc.internal.ClientCallImpl$ClientStreamListenerImpl$1MessagesAvailable.runInContext(ClientCallImpl.java:648)
	at org.apache.ratis.thirdparty.io.grpc.internal.ContextRunnable.run(ContextRunnable.java:37)
	at org.apache.ratis.thirdparty.io.grpc.internal.SerializingExecutor.run(SerializingExecutor.java:133)
	at java.base/java.util.concurrent.ThreadPoolExecutor.runWorker(ThreadPoolExecutor.java:1144)
	at java.base/java.util.concurrent.ThreadPoolExecutor$Worker.run(ThreadPoolExecutor.java:642)
	at java.base/java.lang.Thread.run(Thread.java:1583)
Caused by: org.apache.ratis.protocol.exceptions.StateMachineException: org.apache.hadoop.hdds.scm.container.common.helpers.ContainerNotOpenException from Server 5109dbd0-88b3-4954-9428-6522438831f5@group-6E557299AE72: Container 4 in UNHEALTHY state
	at org.apache.hadoop.ozone.container.common.impl.HddsDispatcher.validateContainerCommand(HddsDispatcher.java:580)
	at org.apache.hadoop.ozone.container.common.transport.server.ratis.ContainerStateMachine.startTransaction(ContainerStateMachine.java:488)
	at org.apache.ratis.server.impl.RaftServerImpl.writeAsyncImpl(RaftServerImpl.java:987)
	at org.apache.ratis.server.impl.RaftServerImpl.writeAsync(RaftServerImpl.java:960)
	at org.apache.ratis.server.impl.RaftServerImpl.replyFuture(RaftServerImpl.java:953)
	at org.apache.ratis.server.impl.RaftServerImpl.submitClientRequestAsync(RaftServerImpl.java:930)
	at org.apache.ratis.server.impl.RaftServerImpl.lambda$null$11(RaftServerImpl.java:919)
	at org.apache.ratis.util.JavaUtils.callAsUnchecked(JavaUtils.java:118)
	at org.apache.ratis.server.impl.RaftServerImpl.lambda$executeSubmitClientRequestAsync$12(RaftServerImpl.java:919)
	at java.base/java.util.concurrent.CompletableFuture$AsyncSupply.run(CompletableFuture.java:1768)
	... 3 more
Caused by: org.apache.hadoop.hdds.scm.container.common.helpers.ContainerNotOpenException: Container 4 in UNHEALTHY state
	at java.base/jdk.internal.reflect.DirectConstructorHandleAccessor.newInstance(DirectConstructorHandleAccessor.java:62)
	at java.base/java.lang.reflect.Constructor.newInstanceWithCaller(Constructor.java:502)
	at java.base/java.lang.reflect.Constructor.newInstance(Constructor.java:486)
	at org.apache.ratis.util.ReflectionUtils.instantiateException(ReflectionUtils.java:265)
	at org.apache.ratis.client.impl.ClientProtoUtils.toStateMachineException(ClientProtoUtils.java:455)
	at org.apache.ratis.client.impl.ClientProtoUtils.toStateMachineException(ClientProtoUtils.java:441)
	at org.apache.ratis.client.impl.ClientProtoUtils.toRaftClientReply(ClientProtoUtils.java:408)
	at org.apache.ratis.grpc.client.GrpcClientProtocolClient$AsyncStreamObservers$1.onNext(GrpcClientProtocolClient.java:313)
	at org.apache.ratis.grpc.client.GrpcClientProtocolClient$AsyncStreamObservers$1.onNext(GrpcClientProtocolClient.java:308)
	at org.apache.ratis.thirdparty.io.grpc.stub.ClientCalls$StreamObserverToCallListenerAdapter.onMessage(ClientCalls.java:551)
	at org.apache.ratis.thirdparty.io.grpc.ForwardingClientCallListener.onMessage(ForwardingClientCallListener.java:33)
	at org.apache.ratis.thirdparty.io.grpc.internal.DelayedClientCall$DelayedListener.onMessage(DelayedClientCall.java:473)
	at org.apache.ratis.thirdparty.io.grpc.internal.ClientCallImpl$ClientStreamListenerImpl$1MessagesAvailable.runInternal(ClientCallImpl.java:661)
	at org.apache.ratis.thirdparty.io.grpc.internal.ClientCallImpl$ClientStreamListenerImpl$1MessagesAvailable.runInContext(ClientCallImpl.java:648)
	at org.apache.ratis.thirdparty.io.grpc.internal.ContextRunnable.run(ContextRunnable.java:37)
	at org.apache.ratis.thirdparty.io.grpc.internal.SerializingExecutor.run(SerializingExecutor.java:133)
	... 3 more
2025-07-15 19:44:57,617 [grpc-default-executor-5] ERROR impl.OrderedAsync (OrderedAsync.java:lambda$send$4(181)) - Failed to send request, message=cmdType: WriteChunk
traceID: ""
containerID: 4
datanodeUuid: "5109dbd0-88b3-4954-9428-6522438831f5"
writeChunk {
  blockID {
    containerID: 4
    localID: 115816896921600004
    blockCommitSequenceId: 0
  }
  chunkData {
    chunkName: "115816896921600004.data.0"
    offset: 0
    len: 5
    checksumData {
      type: CRC32
      bytesPerChecksum: 1048576
      checksums: "?\234\256\255"
    }
  }
}
version: 3
, data.size=5
java.util.concurrent.CompletionException: org.apache.ratis.protocol.exceptions.StateMachineException: org.apache.hadoop.hdds.scm.container.common.helpers.ContainerNotOpenException from Server 5109dbd0-88b3-4954-9428-6522438831f5@group-6E557299AE72: Container 4 in UNHEALTHY state
	at org.apache.ratis.client.impl.RaftClientImpl.handleRaftException(RaftClientImpl.java:373)
	at org.apache.ratis.client.impl.OrderedAsync.lambda$send$3(OrderedAsync.java:175)
	at java.base/java.util.concurrent.CompletableFuture$UniApply.tryFire(CompletableFuture.java:646)
	at java.base/java.util.concurrent.CompletableFuture.postComplete(CompletableFuture.java:510)
	at java.base/java.util.concurrent.CompletableFuture.complete(CompletableFuture.java:2179)
	at org.apache.ratis.client.impl.OrderedAsync$PendingOrderedRequest.setReply(OrderedAsync.java:105)
	at org.apache.ratis.client.impl.OrderedAsync$PendingOrderedRequest.setReply(OrderedAsync.java:66)
	at org.apache.ratis.util.SlidingWindow$RequestMap.setReply(SlidingWindow.java:147)
	at org.apache.ratis.util.SlidingWindow$Client.receiveReply(SlidingWindow.java:351)
	at org.apache.ratis.client.impl.OrderedAsync.lambda$sendRequestWithRetry$5(OrderedAsync.java:210)
	at java.base/java.util.concurrent.CompletableFuture$UniAccept.tryFire(CompletableFuture.java:718)
	at java.base/java.util.concurrent.CompletableFuture.postComplete(CompletableFuture.java:510)
	at java.base/java.util.concurrent.CompletableFuture.complete(CompletableFuture.java:2179)
	at org.apache.ratis.grpc.client.GrpcClientProtocolClient$AsyncStreamObservers$1.lambda$onNext$0(GrpcClientProtocolClient.java:325)
	at java.base/java.util.Optional.ifPresent(Optional.java:178)
	at org.apache.ratis.grpc.client.GrpcClientProtocolClient$AsyncStreamObservers.handleReplyFuture(GrpcClientProtocolClient.java:381)
	at org.apache.ratis.grpc.client.GrpcClientProtocolClient$AsyncStreamObservers.access$100(GrpcClientProtocolClient.java:303)
	at org.apache.ratis.grpc.client.GrpcClientProtocolClient$AsyncStreamObservers$1.onNext(GrpcClientProtocolClient.java:325)
	at org.apache.ratis.grpc.client.GrpcClientProtocolClient$AsyncStreamObservers$1.onNext(GrpcClientProtocolClient.java:308)
	at org.apache.ratis.thirdparty.io.grpc.stub.ClientCalls$StreamObserverToCallListenerAdapter.onMessage(ClientCalls.java:551)
	at org.apache.ratis.thirdparty.io.grpc.ForwardingClientCallListener.onMessage(ForwardingClientCallListener.java:33)
	at org.apache.ratis.thirdparty.io.grpc.internal.DelayedClientCall$DelayedListener.onMessage(DelayedClientCall.java:473)
	at org.apache.ratis.thirdparty.io.grpc.internal.ClientCallImpl$ClientStreamListenerImpl$1MessagesAvailable.runInternal(ClientCallImpl.java:661)
	at org.apache.ratis.thirdparty.io.grpc.internal.ClientCallImpl$ClientStreamListenerImpl$1MessagesAvailable.runInContext(ClientCallImpl.java:648)
	at org.apache.ratis.thirdparty.io.grpc.internal.ContextRunnable.run(ContextRunnable.java:37)
	at org.apache.ratis.thirdparty.io.grpc.internal.SerializingExecutor.run(SerializingExecutor.java:133)
	at java.base/java.util.concurrent.ThreadPoolExecutor.runWorker(ThreadPoolExecutor.java:1144)
	at java.base/java.util.concurrent.ThreadPoolExecutor$Worker.run(ThreadPoolExecutor.java:642)
	at java.base/java.lang.Thread.run(Thread.java:1583)
Caused by: org.apache.ratis.protocol.exceptions.StateMachineException: org.apache.hadoop.hdds.scm.container.common.helpers.ContainerNotOpenException from Server 5109dbd0-88b3-4954-9428-6522438831f5@group-6E557299AE72: Container 4 in UNHEALTHY state
	at org.apache.hadoop.ozone.container.common.impl.HddsDispatcher.validateContainerCommand(HddsDispatcher.java:580)
	at org.apache.hadoop.ozone.container.common.transport.server.ratis.ContainerStateMachine.startTransaction(ContainerStateMachine.java:488)
	at org.apache.ratis.server.impl.RaftServerImpl.writeAsyncImpl(RaftServerImpl.java:987)
	at org.apache.ratis.server.impl.RaftServerImpl.writeAsync(RaftServerImpl.java:960)
	at org.apache.ratis.server.impl.RaftServerImpl.replyFuture(RaftServerImpl.java:953)
	at org.apache.ratis.server.impl.RaftServerImpl.submitClientRequestAsync(RaftServerImpl.java:930)
	at org.apache.ratis.server.impl.RaftServerImpl.lambda$null$11(RaftServerImpl.java:919)
	at org.apache.ratis.util.JavaUtils.callAsUnchecked(JavaUtils.java:118)
	at org.apache.ratis.server.impl.RaftServerImpl.lambda$executeSubmitClientRequestAsync$12(RaftServerImpl.java:919)
	at java.base/java.util.concurrent.CompletableFuture$AsyncSupply.run(CompletableFuture.java:1768)
	... 3 more
Caused by: org.apache.hadoop.hdds.scm.container.common.helpers.ContainerNotOpenException: Container 4 in UNHEALTHY state
	at java.base/jdk.internal.reflect.DirectConstructorHandleAccessor.newInstance(DirectConstructorHandleAccessor.java:62)
	at java.base/java.lang.reflect.Constructor.newInstanceWithCaller(Constructor.java:502)
	at java.base/java.lang.reflect.Constructor.newInstance(Constructor.java:486)
	at org.apache.ratis.util.ReflectionUtils.instantiateException(ReflectionUtils.java:265)
	at org.apache.ratis.client.impl.ClientProtoUtils.toStateMachineException(ClientProtoUtils.java:455)
	at org.apache.ratis.client.impl.ClientProtoUtils.toStateMachineException(ClientProtoUtils.java:441)
	at org.apache.ratis.client.impl.ClientProtoUtils.toRaftClientReply(ClientProtoUtils.java:408)
	at org.apache.ratis.grpc.client.GrpcClientProtocolClient$AsyncStreamObservers$1.onNext(GrpcClientProtocolClient.java:313)
	at org.apache.ratis.grpc.client.GrpcClientProtocolClient$AsyncStreamObservers$1.onNext(GrpcClientProtocolClient.java:308)
	at org.apache.ratis.thirdparty.io.grpc.stub.ClientCalls$StreamObserverToCallListenerAdapter.onMessage(ClientCalls.java:551)
	at org.apache.ratis.thirdparty.io.grpc.ForwardingClientCallListener.onMessage(ForwardingClientCallListener.java:33)
	at org.apache.ratis.thirdparty.io.grpc.internal.DelayedClientCall$DelayedListener.onMessage(DelayedClientCall.java:473)
	at org.apache.ratis.thirdparty.io.grpc.internal.ClientCallImpl$ClientStreamListenerImpl$1MessagesAvailable.runInternal(ClientCallImpl.java:661)
	at org.apache.ratis.thirdparty.io.grpc.internal.ClientCallImpl$ClientStreamListenerImpl$1MessagesAvailable.runInContext(ClientCallImpl.java:648)
	at org.apache.ratis.thirdparty.io.grpc.internal.ContextRunnable.run(ContextRunnable.java:37)
	at org.apache.ratis.thirdparty.io.grpc.internal.SerializingExecutor.run(SerializingExecutor.java:133)
	... 3 more
]]></system-out>
  </testcase>
  <testcase name="testContainerStateMachineFailures" classname="org.apache.hadoop.ozone.client.rpc.TestContainerStateMachineFailures" time="20.228">
    <system-out><![CDATA[2025-07-15 19:44:57,672 [262265f8-b6b0-4173-8249-6c4ff56c562c@group-B1C99A0430AE-StateMachineUpdater] INFO  ratis.ContainerStateMachine (ContainerStateMachine.java:takeSnapshot(427)) - group-B1C99A0430AE: Taking a snapshot at:(t:1, i:1) file /home/runner/work/ozone/ozone/hadoop-ozone/integration-test/target/test-dir/MiniOzoneClusterImpl-7a2c00ee-15e1-4921-aa6b-526c14ec89d8/ozone-meta/datanode-7/ratis/2bb07160-c34f-4bd7-beaa-b1c99a0430ae/sm/snapshot.1_1
2025-07-15 19:44:57,674 [262265f8-b6b0-4173-8249-6c4ff56c562c@group-B1C99A0430AE-StateMachineUpdater] INFO  ratis.ContainerStateMachine (ContainerStateMachine.java:takeSnapshot(436)) - group-B1C99A0430AE: Finished taking a snapshot at:(t:1, i:1) file:/home/runner/work/ozone/ozone/hadoop-ozone/integration-test/target/test-dir/MiniOzoneClusterImpl-7a2c00ee-15e1-4921-aa6b-526c14ec89d8/ozone-meta/datanode-7/ratis/2bb07160-c34f-4bd7-beaa-b1c99a0430ae/sm/snapshot.1_1 took: 2 ms
2025-07-15 19:44:57,674 [262265f8-b6b0-4173-8249-6c4ff56c562c@group-B1C99A0430AE-StateMachineUpdater] INFO  impl.StateMachineUpdater (StateMachineUpdater.java:takeSnapshot(307)) - 262265f8-b6b0-4173-8249-6c4ff56c562c@group-B1C99A0430AE-StateMachineUpdater: Took a snapshot at index 1
2025-07-15 19:44:57,674 [262265f8-b6b0-4173-8249-6c4ff56c562c@group-B1C99A0430AE-StateMachineUpdater] INFO  impl.StateMachineUpdater (StateMachineUpdater.java:lambda$new$0(101)) - 262265f8-b6b0-4173-8249-6c4ff56c562c@group-B1C99A0430AE-StateMachineUpdater: snapshotIndex: updateIncreasingly 0 -> 1
2025-07-15 19:44:57,677 [262265f8-b6b0-4173-8249-6c4ff56c562c-ChunkWriter-1-0] ERROR helpers.ContainerUtils (ContainerUtils.java:getChunkDir(273)) - Chunks dir /home/runner/work/ozone/ozone/hadoop-ozone/integration-test/target/test-dir/MiniOzoneClusterImpl-7a2c00ee-15e1-4921-aa6b-526c14ec89d8/ozone-meta/datanode-7/data-0/hdds/7a2c00ee-15e1-4921-aa6b-526c14ec89d8/current/containerDir0/5/chunks does not exist
2025-07-15 19:44:57,677 [262265f8-b6b0-4173-8249-6c4ff56c562c-ChunkWriter-1-0] WARN  keyvalue.KeyValueHandler (ContainerUtils.java:logAndReturnError(94)) - Operation: WriteChunk , Trace ID:  , Message: Chunks directory /home/runner/work/ozone/ozone/hadoop-ozone/integration-test/target/test-dir/MiniOzoneClusterImpl-7a2c00ee-15e1-4921-aa6b-526c14ec89d8/ozone-meta/datanode-7/data-0/hdds/7a2c00ee-15e1-4921-aa6b-526c14ec89d8/current/containerDir0/5/chunks does not exist. , Result: UNABLE_TO_FIND_DATA_DIR , StorageContainerException Occurred.
org.apache.hadoop.hdds.scm.container.common.helpers.StorageContainerException: Chunks directory /home/runner/work/ozone/ozone/hadoop-ozone/integration-test/target/test-dir/MiniOzoneClusterImpl-7a2c00ee-15e1-4921-aa6b-526c14ec89d8/ozone-meta/datanode-7/data-0/hdds/7a2c00ee-15e1-4921-aa6b-526c14ec89d8/current/containerDir0/5/chunks does not exist.
	at org.apache.hadoop.ozone.container.common.helpers.ContainerUtils.getChunkDir(ContainerUtils.java:275)
	at org.apache.hadoop.ozone.container.common.impl.ContainerLayoutVersion.getChunkFile(ContainerLayoutVersion.java:115)
	at org.apache.hadoop.ozone.container.keyvalue.impl.FilePerBlockStrategy.getChunkFile(FilePerBlockStrategy.java:300)
	at org.apache.hadoop.ozone.container.keyvalue.impl.FilePerBlockStrategy.writeChunk(FilePerBlockStrategy.java:148)
	at org.apache.hadoop.ozone.container.keyvalue.impl.ChunkManagerDispatcher.writeChunk(ChunkManagerDispatcher.java:70)
	at org.apache.hadoop.ozone.container.keyvalue.KeyValueHandler.handleWriteChunk(KeyValueHandler.java:1029)
	at org.apache.hadoop.ozone.container.keyvalue.KeyValueHandler.dispatchRequest(KeyValueHandler.java:342)
	at org.apache.hadoop.ozone.container.keyvalue.KeyValueHandler.handle(KeyValueHandler.java:293)
	at org.apache.hadoop.ozone.container.common.impl.HddsDispatcher.dispatchRequest(HddsDispatcher.java:365)
	at org.apache.hadoop.ozone.container.common.impl.HddsDispatcher.lambda$dispatch$1(HddsDispatcher.java:190)
	at org.apache.hadoop.hdds.server.OzoneProtocolMessageDispatcher.processRequest(OzoneProtocolMessageDispatcher.java:87)
	at org.apache.hadoop.ozone.container.common.impl.HddsDispatcher.dispatch(HddsDispatcher.java:189)
	at org.apache.hadoop.ozone.container.common.transport.server.ratis.ContainerStateMachine.dispatchCommand(ContainerStateMachine.java:567)
	at org.apache.hadoop.ozone.container.common.transport.server.ratis.ContainerStateMachine.lambda$writeStateMachineData$2(ContainerStateMachine.java:622)
	at java.base/java.util.concurrent.FutureTask.run(FutureTask.java:317)
	at java.base/java.util.concurrent.ThreadPoolExecutor.runWorker(ThreadPoolExecutor.java:1144)
	at java.base/java.util.concurrent.ThreadPoolExecutor$Worker.run(ThreadPoolExecutor.java:642)
	at java.base/java.lang.Thread.run(Thread.java:1583)
2025-07-15 19:44:57,678 [262265f8-b6b0-4173-8249-6c4ff56c562c-ChunkWriter-1-0] WARN  keyvalue.KeyValueHandler (KeyValueHandler.java:markContainerUnhealthy(1485)) - Unexpected error while marking container 5 unhealthy
org.apache.hadoop.hdds.scm.container.common.helpers.StorageContainerException: Failed to create tmp file for /home/runner/work/ozone/ozone/hadoop-ozone/integration-test/target/test-dir/MiniOzoneClusterImpl-7a2c00ee-15e1-4921-aa6b-526c14ec89d8/ozone-meta/datanode-7/data-0/hdds/7a2c00ee-15e1-4921-aa6b-526c14ec89d8/current/containerDir0/5/metadata/5.container: KeyValueContainerData #5 (UNHEALTHY, non-empty, ri=0, origin=[dn_262265f8-b6b0-4173-8249-6c4ff56c562c, pipeline_2bb07160-c34f-4bd7-beaa-b1c99a0430ae])
	at org.apache.hadoop.ozone.container.keyvalue.KeyValueContainer.writeToContainerFile(KeyValueContainer.java:318)
	at org.apache.hadoop.ozone.container.keyvalue.KeyValueContainer.updateContainerFile(KeyValueContainer.java:337)
	at org.apache.hadoop.ozone.container.keyvalue.KeyValueContainer.updateContainerData(KeyValueContainer.java:484)
	at org.apache.hadoop.ozone.container.keyvalue.KeyValueContainer.updateContainerState(KeyValueContainer.java:467)
	at org.apache.hadoop.ozone.container.keyvalue.KeyValueContainer.markContainerUnhealthy(KeyValueContainer.java:392)
	at org.apache.hadoop.ozone.container.keyvalue.KeyValueHandler.markContainerUnhealthy(KeyValueHandler.java:1483)
	at org.apache.hadoop.ozone.container.common.impl.HddsDispatcher.dispatchRequest(HddsDispatcher.java:410)
	at org.apache.hadoop.ozone.container.common.impl.HddsDispatcher.lambda$dispatch$1(HddsDispatcher.java:190)
	at org.apache.hadoop.hdds.server.OzoneProtocolMessageDispatcher.processRequest(OzoneProtocolMessageDispatcher.java:87)
	at org.apache.hadoop.ozone.container.common.impl.HddsDispatcher.dispatch(HddsDispatcher.java:189)
	at org.apache.hadoop.ozone.container.common.transport.server.ratis.ContainerStateMachine.dispatchCommand(ContainerStateMachine.java:567)
	at org.apache.hadoop.ozone.container.common.transport.server.ratis.ContainerStateMachine.lambda$writeStateMachineData$2(ContainerStateMachine.java:622)
	at java.base/java.util.concurrent.FutureTask.run(FutureTask.java:317)
	at java.base/java.util.concurrent.ThreadPoolExecutor.runWorker(ThreadPoolExecutor.java:1144)
	at java.base/java.util.concurrent.ThreadPoolExecutor$Worker.run(ThreadPoolExecutor.java:642)
	at java.base/java.lang.Thread.run(Thread.java:1583)
Caused by: java.io.IOException: No such file or directory
	at java.base/java.io.UnixFileSystem.createFileExclusively0(Native Method)
	at java.base/java.io.UnixFileSystem.createFileExclusively(UnixFileSystem.java:258)
	at java.base/java.io.File.createTempFile(File.java:2184)
	at org.apache.hadoop.ozone.container.keyvalue.KeyValueContainer.createTempFile(KeyValueContainer.java:907)
	at org.apache.hadoop.ozone.container.keyvalue.KeyValueContainer.writeToContainerFile(KeyValueContainer.java:300)
	... 15 more
2025-07-15 19:44:57,681 [262265f8-b6b0-4173-8249-6c4ff56c562c-ChunkWriter-1-0] ERROR keyvalue.KeyValueHandler (KeyValueHandler.java:updateContainerChecksumFromMetadataIfNeeded(1402)) - Cannot create container checksum for container 5 , Exception: 
java.io.IOException: Error occurred when writing container merkle tree for containerID 5
	at org.apache.hadoop.ozone.container.checksum.ContainerChecksumTreeManager.write(ContainerChecksumTreeManager.java:389)
	at org.apache.hadoop.ozone.container.checksum.ContainerChecksumTreeManager.writeContainerDataTree(ContainerChecksumTreeManager.java:113)
	at org.apache.hadoop.ozone.container.keyvalue.KeyValueHandler.updateAndGetContainerChecksum(KeyValueHandler.java:1438)
	at org.apache.hadoop.ozone.container.keyvalue.KeyValueHandler.updateAndGetContainerChecksumFromMetadata(KeyValueHandler.java:1427)
	at org.apache.hadoop.ozone.container.keyvalue.KeyValueHandler.updateContainerChecksumFromMetadataIfNeeded(KeyValueHandler.java:1400)
	at org.apache.hadoop.ozone.container.keyvalue.KeyValueHandler.markContainerUnhealthy(KeyValueHandler.java:1490)
	at org.apache.hadoop.ozone.container.common.impl.HddsDispatcher.dispatchRequest(HddsDispatcher.java:410)
	at org.apache.hadoop.ozone.container.common.impl.HddsDispatcher.lambda$dispatch$1(HddsDispatcher.java:190)
	at org.apache.hadoop.hdds.server.OzoneProtocolMessageDispatcher.processRequest(OzoneProtocolMessageDispatcher.java:87)
	at org.apache.hadoop.ozone.container.common.impl.HddsDispatcher.dispatch(HddsDispatcher.java:189)
	at org.apache.hadoop.ozone.container.common.transport.server.ratis.ContainerStateMachine.dispatchCommand(ContainerStateMachine.java:567)
	at org.apache.hadoop.ozone.container.common.transport.server.ratis.ContainerStateMachine.lambda$writeStateMachineData$2(ContainerStateMachine.java:622)
	at java.base/java.util.concurrent.FutureTask.run(FutureTask.java:317)
	at java.base/java.util.concurrent.ThreadPoolExecutor.runWorker(ThreadPoolExecutor.java:1144)
	at java.base/java.util.concurrent.ThreadPoolExecutor$Worker.run(ThreadPoolExecutor.java:642)
	at java.base/java.lang.Thread.run(Thread.java:1583)
Caused by: java.nio.file.NoSuchFileException: /home/runner/work/ozone/ozone/hadoop-ozone/integration-test/target/test-dir/MiniOzoneClusterImpl-7a2c00ee-15e1-4921-aa6b-526c14ec89d8/ozone-meta/datanode-7/data-0/hdds/7a2c00ee-15e1-4921-aa6b-526c14ec89d8/current/containerDir0/5/metadata/5.tree.tmp
	at java.base/sun.nio.fs.UnixException.translateToIOException(UnixException.java:92)
	at java.base/sun.nio.fs.UnixException.rethrowAsIOException(UnixException.java:106)
	at java.base/sun.nio.fs.UnixException.rethrowAsIOException(UnixException.java:111)
	at java.base/sun.nio.fs.UnixFileSystemProvider.newByteChannel(UnixFileSystemProvider.java:261)
	at java.base/java.nio.file.spi.FileSystemProvider.newOutputStream(FileSystemProvider.java:482)
	at java.base/java.nio.file.Files.newOutputStream(Files.java:228)
	at org.apache.hadoop.ozone.container.checksum.ContainerChecksumTreeManager.write(ContainerChecksumTreeManager.java:378)
	... 15 more
2025-07-15T19:44:57.681903217Z 262265f8-b6b0-4173-8249-6c4ff56c562c-ChunkWriter-1-0 ERROR ID=5 | Index=0 | BCSID=2 | State=UNHEALTHY | Volume=/home/runner/work/ozone/ozone/hadoop-ozone/integration-test/target/test-dir/MiniOzoneClusterImpl-7a2c00ee-15e1-4921-aa6b-526c14ec89d8/ozone-meta/datanode-7/data-0/hdds | DataChecksum=0 | Container has 1 error: WRITE_FAILURE for file /home/runner/work/ozone/ozone/hadoop-ozone/integration-test/target/test-dir/MiniOzoneClusterImpl-7a2c00ee-15e1-4921-aa6b-526c14ec89d8/ozone-meta/datanode-7/data-0/hdds/7a2c00ee-15e1-4921-aa6b-526c14ec89d8/current/containerDir0/5 with exception: org.apache.hadoop.hdds.scm.container.common.helpers.StorageContainerException2025-07-15 19:44:57,682 [262265f8-b6b0-4173-8249-6c4ff56c562c-ChunkWriter-1-0] INFO  impl.HddsDispatcher (HddsDispatcher.java:dispatchRequest(411)) - Marked Container UNHEALTHY, ContainerID: 5
2025-07-15 19:44:57,682 [pool-363-thread-1] WARN  ozoneimpl.OnDemandContainerScanner (ContainerScanHelper.java:scanData(75)) - Failed to update container checksum after scan of container 5
java.io.IOException: Error occurred when writing container merkle tree for containerID 5
	at org.apache.hadoop.ozone.container.checksum.ContainerChecksumTreeManager.write(ContainerChecksumTreeManager.java:389)
	at org.apache.hadoop.ozone.container.checksum.ContainerChecksumTreeManager.writeContainerDataTree(ContainerChecksumTreeManager.java:113)
	at org.apache.hadoop.ozone.container.keyvalue.KeyValueHandler.updateAndGetContainerChecksum(KeyValueHandler.java:1438)
	at org.apache.hadoop.ozone.container.keyvalue.KeyValueHandler.updateContainerChecksum(KeyValueHandler.java:1379)
	at org.apache.hadoop.ozone.container.ozoneimpl.ContainerController.updateContainerChecksum(ContainerController.java:143)
	at org.apache.hadoop.ozone.container.ozoneimpl.ContainerScanHelper.scanData(ContainerScanHelper.java:73)
	at org.apache.hadoop.ozone.container.ozoneimpl.OnDemandContainerScanner.performOnDemandScan(OnDemandContainerScanner.java:109)
	at org.apache.hadoop.ozone.container.ozoneimpl.OnDemandContainerScanner.lambda$scanContainer$0(OnDemandContainerScanner.java:90)
	at java.base/java.util.concurrent.Executors$RunnableAdapter.call(Executors.java:572)
	at java.base/java.util.concurrent.FutureTask.run(FutureTask.java:317)
	at java.base/java.util.concurrent.ThreadPoolExecutor.runWorker(ThreadPoolExecutor.java:1144)
	at java.base/java.util.concurrent.ThreadPoolExecutor$Worker.run(ThreadPoolExecutor.java:642)
	at java.base/java.lang.Thread.run(Thread.java:1583)
Caused by: java.nio.file.NoSuchFileException: /home/runner/work/ozone/ozone/hadoop-ozone/integration-test/target/test-dir/MiniOzoneClusterImpl-7a2c00ee-15e1-4921-aa6b-526c14ec89d8/ozone-meta/datanode-7/data-0/hdds/7a2c00ee-15e1-4921-aa6b-526c14ec89d8/current/containerDir0/5/metadata/5.tree.tmp
	at java.base/sun.nio.fs.UnixException.translateToIOException(UnixException.java:92)
	at java.base/sun.nio.fs.UnixException.rethrowAsIOException(UnixException.java:106)
	at java.base/sun.nio.fs.UnixException.rethrowAsIOException(UnixException.java:111)
	at java.base/sun.nio.fs.UnixFileSystemProvider.newByteChannel(UnixFileSystemProvider.java:261)
	at java.base/java.nio.file.spi.FileSystemProvider.newOutputStream(FileSystemProvider.java:482)
	at java.base/java.nio.file.Files.newOutputStream(Files.java:228)
	at org.apache.hadoop.ozone.container.checksum.ContainerChecksumTreeManager.write(ContainerChecksumTreeManager.java:378)
	... 12 more
2025-07-15 19:44:57,683 [pool-363-thread-1] ERROR ozoneimpl.OnDemandContainerScanner (ContainerScanHelper.java:handleUnhealthyScanResult(119)) - Corruption detected in container [5]. Marking it UNHEALTHY. Container has 1 error: MISSING_CONTAINER_DIR for file /home/runner/work/ozone/ozone/hadoop-ozone/integration-test/target/test-dir/MiniOzoneClusterImpl-7a2c00ee-15e1-4921-aa6b-526c14ec89d8/ozone-meta/datanode-7/data-0/hdds/7a2c00ee-15e1-4921-aa6b-526c14ec89d8/current/containerDir0/5 with exception: java.io.FileNotFoundException: Container directory /home/runner/work/ozone/ozone/hadoop-ozone/integration-test/target/test-dir/MiniOzoneClusterImpl-7a2c00ee-15e1-4921-aa6b-526c14ec89d8/ozone-meta/datanode-7/data-0/hdds/7a2c00ee-15e1-4921-aa6b-526c14ec89d8/current/containerDir0/5 not found.
2025-07-15T19:44:57.682728771Z 262265f8-b6b0-4173-8249-6c4ff56c562c-ChunkWriter-1-0 ERROR user=null | ip=null | op=WRITE_CHUNK {blockData=conID: 5 locID: 115816896921600005 bcsId: 2 replicaIndex: 0, offset=5, size=5, stage=WRITE_DATA} | ret=FAILURE
java.lang.Exception: Chunks directory /home/runner/work/ozone/ozone/hadoop-ozone/integration-test/target/test-dir/MiniOzoneClusterImpl-7a2c00ee-15e1-4921-aa6b-526c14ec89d8/ozone-meta/datanode-7/data-0/hdds/7a2c00ee-15e1-4921-aa6b-526c14ec89d8/current/containerDir0/5/chunks does not exist.
	at org.apache.hadoop.ozone.container.common.impl.HddsDispatcher.dispatchRequest(HddsDispatcher.java:439)
	at org.apache.hadoop.ozone.container.common.impl.HddsDispatcher.lambda$dispatch$1(HddsDispatcher.java:190)
	at org.apache.hadoop.hdds.server.OzoneProtocolMessageDispatcher.processRequest(OzoneProtocolMessageDispatcher.java:87)
	at org.apache.hadoop.ozone.container.common.impl.HddsDispatcher.dispatch(HddsDispatcher.java:189)
	at org.apache.hadoop.ozone.container.common.transport.server.ratis.ContainerStateMachine.dispatchCommand(ContainerStateMachine.java:567)
	at org.apache.hadoop.ozone.container.common.transport.server.ratis.ContainerStateMachine.lambda$writeStateMachineData$2(ContainerStateMachine.java:622)
	at java.base/java.util.concurrent.FutureTask.run(FutureTask.java:317)
	at java.base/java.util.concurrent.ThreadPoolExecutor.runWorker(ThreadPoolExecutor.java:1144)
	at java.base/java.util.concurrent.ThreadPoolExecutor$Worker.run(ThreadPoolExecutor.java:642)
	at java.base/java.lang.Thread.run(Thread.java:1583)
2025-07-15 19:44:57,683 [pool-363-thread-1] WARN  ozoneimpl.OnDemandContainerScanner (OnDemandContainerScanner.java:performOnDemandScan(116)) - Unexpected exception while scanning container 5
org.apache.hadoop.hdds.scm.container.common.helpers.StorageContainerException: Failed to create tmp file for /home/runner/work/ozone/ozone/hadoop-ozone/integration-test/target/test-dir/MiniOzoneClusterImpl-7a2c00ee-15e1-4921-aa6b-526c14ec89d8/ozone-meta/datanode-7/data-0/hdds/7a2c00ee-15e1-4921-aa6b-526c14ec89d8/current/containerDir0/5/metadata/5.container: KeyValueContainerData #5 (UNHEALTHY, non-empty, ri=0, origin=[dn_262265f8-b6b0-4173-8249-6c4ff56c562c, pipeline_2bb07160-c34f-4bd7-beaa-b1c99a0430ae])
	at org.apache.hadoop.ozone.container.keyvalue.KeyValueContainer.writeToContainerFile(KeyValueContainer.java:318)
	at org.apache.hadoop.ozone.container.keyvalue.KeyValueContainer.updateContainerFile(KeyValueContainer.java:337)
	at org.apache.hadoop.ozone.container.keyvalue.KeyValueContainer.updateContainerData(KeyValueContainer.java:484)
	at org.apache.hadoop.ozone.container.keyvalue.KeyValueContainer.updateDataScanTimestamp(KeyValueContainer.java:438)
	at org.apache.hadoop.ozone.container.ozoneimpl.ContainerController.updateDataScanTimestamp(ContainerController.java:283)
	at org.apache.hadoop.ozone.container.ozoneimpl.ContainerScanHelper.scanData(ContainerScanHelper.java:85)
	at org.apache.hadoop.ozone.container.ozoneimpl.OnDemandContainerScanner.performOnDemandScan(OnDemandContainerScanner.java:109)
	at org.apache.hadoop.ozone.container.ozoneimpl.OnDemandContainerScanner.lambda$scanContainer$0(OnDemandContainerScanner.java:90)
	at java.base/java.util.concurrent.Executors$RunnableAdapter.call(Executors.java:572)
	at java.base/java.util.concurrent.FutureTask.run(FutureTask.java:317)
	at java.base/java.util.concurrent.ThreadPoolExecutor.runWorker(ThreadPoolExecutor.java:1144)
	at java.base/java.util.concurrent.ThreadPoolExecutor$Worker.run(ThreadPoolExecutor.java:642)
	at java.base/java.lang.Thread.run(Thread.java:1583)
Caused by: java.io.IOException: No such file or directory
	at java.base/java.io.UnixFileSystem.createFileExclusively0(Native Method)
	at java.base/java.io.UnixFileSystem.createFileExclusively(UnixFileSystem.java:258)
	at java.base/java.io.File.createTempFile(File.java:2184)
	at org.apache.hadoop.ozone.container.keyvalue.KeyValueContainer.createTempFile(KeyValueContainer.java:907)
	at org.apache.hadoop.ozone.container.keyvalue.KeyValueContainer.writeToContainerFile(KeyValueContainer.java:300)
	... 12 more
2025-07-15 19:44:57,683 [262265f8-b6b0-4173-8249-6c4ff56c562c-ChunkWriter-1-0] ERROR ratis.ContainerStateMachine (ContainerStateMachine.java:handleCommandResult(662)) - group-B1C99A0430AE: writeChunk writeStateMachineData failed: blockIdcontainerID: 5
localID: 115816896921600005
blockCommitSequenceId: 2
replicaIndex: 0
 logIndex 4 chunkName 115816896921600005_chunk_2 Error message: Chunks directory /home/runner/work/ozone/ozone/hadoop-ozone/integration-test/target/test-dir/MiniOzoneClusterImpl-7a2c00ee-15e1-4921-aa6b-526c14ec89d8/ozone-meta/datanode-7/data-0/hdds/7a2c00ee-15e1-4921-aa6b-526c14ec89d8/current/containerDir0/5/chunks does not exist. Container Result: UNABLE_TO_FIND_DATA_DIR
2025-07-15 19:44:57,684 [FixedThreadPoolWithAffinityExecutor-8-0] INFO  container.IncrementalContainerReportHandler (AbstractContainerReportHandler.java:updateContainerState(253)) - FINALIZE (i.e. CLOSING) Container #5 (OPEN, sid=0) r0 (UNHEALTHY, bcsid=2, origin=262265f8-b6b0-4173-8249-6c4ff56c562c, non-empty) from dn 262265f8-b6b0-4173-8249-6c4ff56c562c(localhost/127.0.0.1)
2025-07-15 19:44:57,684 [EventQueue-CloseContainerForCloseContainerEventHandler] INFO  container.CloseContainerEventHandler (CloseContainerEventHandler.java:onMessage(88)) - Close container Event triggered for container : #5, current state: OPEN
2025-07-15 19:44:57,684 [262265f8-b6b0-4173-8249-6c4ff56c562c@group-B1C99A0430AE-SegmentedRaftLogWorker] ERROR ratis.ContainerStateMachine (ContainerStateMachine.java:notifyLogFailed(1268)) - group-B1C99A0430AE: (t:1, i:4) cmdType: WriteChunk traceID: "" containerID: 5 datanodeUuid: "262265f8-b6b0-4173-8249-6c4ff56c562c" pipelineID: "2bb07160-c34f-4bd7-beaa-b1c99a0430ae" writeChunk { blockID { containerID: 5 localID: 115816896921600005 blockCommitSequenceId: 2 replicaIndex: 0 } chunkData { chunkName: "115816896921600005_chunk_2" offset: 5 len: 5 checksumData { type: CRC32 bytesPerChecksum: 16384 checksums: "\350a\3440" } } } version: 3, container path=/home/runner/work/ozone/ozone/hadoop-ozone/integration-test/target/test-dir/MiniOzoneClusterImpl-7a2c00ee-15e1-4921-aa6b-526c14ec89d8/ozone-meta/datanode-7/data-0/hdds/7a2c00ee-15e1-4921-aa6b-526c14ec89d8/current/containerDir0/5
org.apache.hadoop.hdds.scm.container.common.helpers.StorageContainerException: Chunks directory /home/runner/work/ozone/ozone/hadoop-ozone/integration-test/target/test-dir/MiniOzoneClusterImpl-7a2c00ee-15e1-4921-aa6b-526c14ec89d8/ozone-meta/datanode-7/data-0/hdds/7a2c00ee-15e1-4921-aa6b-526c14ec89d8/current/containerDir0/5/chunks does not exist.
	at org.apache.hadoop.ozone.container.common.transport.server.ratis.ContainerStateMachine.handleCommandResult(ContainerStateMachine.java:661)
	at org.apache.hadoop.ozone.container.common.transport.server.ratis.ContainerStateMachine.lambda$writeStateMachineData$2(ContainerStateMachine.java:623)
	at java.base/java.util.concurrent.FutureTask.run(FutureTask.java:317)
	at java.base/java.util.concurrent.ThreadPoolExecutor.runWorker(ThreadPoolExecutor.java:1144)
	at java.base/java.util.concurrent.ThreadPoolExecutor$Worker.run(ThreadPoolExecutor.java:642)
	at java.base/java.lang.Thread.run(Thread.java:1583)
2025-07-15 19:44:57,685 [262265f8-b6b0-4173-8249-6c4ff56c562c@group-B1C99A0430AE-SegmentedRaftLogWorker] WARN  ratis.XceiverServerRatis (XceiverServerRatis.java:triggerPipelineClose(758)) - pipeline Action CLOSE on pipeline Pipeline-2bb07160-c34f-4bd7-beaa-b1c99a0430ae.Reason : Chunks directory /home/runner/work/ozone/ozone/hadoop-ozone/integration-test/target/test-dir/MiniOzoneClusterImpl-7a2c00ee-15e1-4921-aa6b-526c14ec89d8/ozone-meta/datanode-7/data-0/hdds/7a2c00ee-15e1-4921-aa6b-526c14ec89d8/current/containerDir0/5/chunks does not exist.
2025-07-15 19:44:57,686 [262265f8-b6b0-4173-8249-6c4ff56c562c@group-B1C99A0430AE-SegmentedRaftLogWorker] ERROR raftlog.RaftLog (RaftLogBase.java:lambda$appendImpl$3(197)) - 262265f8-b6b0-4173-8249-6c4ff56c562c@group-B1C99A0430AE-SegmentedRaftLog: Failed to write log entry (t:1, i:4), STATEMACHINELOGENTRY, cmdType: WriteChunk traceID: "" containerID: 5 datanodeUuid: "262265f8-b6b0-4173-8249-6c4ff56c562c" pipelineID: "2bb07160-c34f-4bd7-beaa-b1c99a0430ae" writeChunk { blockID { containerID: 5 localID: 115816896921600005 blockCommitSequenceId: 2 replicaIndex: 0 } chunkData { chunkName: "115816896921600005_chunk_2" offset: 5 len: 5 checksumData { type: CRC32 bytesPerChecksum: 16384 checksums: "\350a\3440" } } } version: 3, container path=/home/runner/work/ozone/ozone/hadoop-ozone/integration-test/target/test-dir/MiniOzoneClusterImpl-7a2c00ee-15e1-4921-aa6b-526c14ec89d8/ozone-meta/datanode-7/data-0/hdds/7a2c00ee-15e1-4921-aa6b-526c14ec89d8/current/containerDir0/5
org.apache.hadoop.hdds.scm.container.common.helpers.StorageContainerException: Chunks directory /home/runner/work/ozone/ozone/hadoop-ozone/integration-test/target/test-dir/MiniOzoneClusterImpl-7a2c00ee-15e1-4921-aa6b-526c14ec89d8/ozone-meta/datanode-7/data-0/hdds/7a2c00ee-15e1-4921-aa6b-526c14ec89d8/current/containerDir0/5/chunks does not exist.
	at org.apache.hadoop.ozone.container.common.transport.server.ratis.ContainerStateMachine.handleCommandResult(ContainerStateMachine.java:661)
	at org.apache.hadoop.ozone.container.common.transport.server.ratis.ContainerStateMachine.lambda$writeStateMachineData$2(ContainerStateMachine.java:623)
	at java.base/java.util.concurrent.FutureTask.run(FutureTask.java:317)
	at java.base/java.util.concurrent.ThreadPoolExecutor.runWorker(ThreadPoolExecutor.java:1144)
	at java.base/java.util.concurrent.ThreadPoolExecutor$Worker.run(ThreadPoolExecutor.java:642)
	at java.base/java.lang.Thread.run(Thread.java:1583)
2025-07-15 19:44:57,686 [262265f8-b6b0-4173-8249-6c4ff56c562c@group-B1C99A0430AE-cacheEviction-AwaitToRun] INFO  util.AwaitToRun (AwaitToRun.java:run(49)) - 262265f8-b6b0-4173-8249-6c4ff56c562c@group-B1C99A0430AE-cacheEviction-AwaitToRun-AwaitForSignal is interrupted
2025-07-15 19:44:57,687 [EventQueue-PipelineActionsForPipelineActionHandler] INFO  pipeline.PipelineActionHandler (PipelineActionHandler.java:processPipelineAction(89)) - Received pipeline action CLOSE for Pipeline-2bb07160-c34f-4bd7-beaa-b1c99a0430ae from datanode 262265f8-b6b0-4173-8249-6c4ff56c562c(localhost/127.0.0.1). Reason : Chunks directory /home/runner/work/ozone/ozone/hadoop-ozone/integration-test/target/test-dir/MiniOzoneClusterImpl-7a2c00ee-15e1-4921-aa6b-526c14ec89d8/ozone-meta/datanode-7/data-0/hdds/7a2c00ee-15e1-4921-aa6b-526c14ec89d8/current/containerDir0/5/chunks does not exist.
2025-07-15 19:44:57,687 [EventQueue-PipelineActionsForPipelineActionHandler] INFO  pipeline.PipelineManagerImpl (PipelineManagerImpl.java:closeContainersForPipeline(489)) - Container #5 closed for pipeline=Pipeline-2bb07160-c34f-4bd7-beaa-b1c99a0430ae
2025-07-15 19:44:57,690 [EventQueue-PipelineActionsForPipelineActionHandler] INFO  pipeline.PipelineManagerImpl (PipelineManagerImpl.java:closePipeline(511)) - Pipeline Pipeline-2bb07160-c34f-4bd7-beaa-b1c99a0430ae moved to CLOSED state
2025-07-15 19:44:57,692 [EventQueue-CloseContainerForCloseContainerEventHandler] INFO  container.CloseContainerEventHandler (CloseContainerEventHandler.java:onMessage(88)) - Close container Event triggered for container : #5, current state: CLOSING
2025-07-15 19:44:57,886 [EventQueue-PipelineActionsForPipelineActionHandler] INFO  pipeline.PipelineActionHandler (PipelineActionHandler.java:processPipelineAction(89)) - Received pipeline action CLOSE for Pipeline-2bb07160-c34f-4bd7-beaa-b1c99a0430ae from datanode 262265f8-b6b0-4173-8249-6c4ff56c562c(localhost/127.0.0.1). Reason : Chunks directory /home/runner/work/ozone/ozone/hadoop-ozone/integration-test/target/test-dir/MiniOzoneClusterImpl-7a2c00ee-15e1-4921-aa6b-526c14ec89d8/ozone-meta/datanode-7/data-0/hdds/7a2c00ee-15e1-4921-aa6b-526c14ec89d8/current/containerDir0/5/chunks does not exist.
2025-07-15 19:44:58,086 [EventQueue-PipelineActionsForPipelineActionHandler] INFO  pipeline.PipelineActionHandler (PipelineActionHandler.java:processPipelineAction(89)) - Received pipeline action CLOSE for Pipeline-2bb07160-c34f-4bd7-beaa-b1c99a0430ae from datanode 262265f8-b6b0-4173-8249-6c4ff56c562c(localhost/127.0.0.1). Reason : Chunks directory /home/runner/work/ozone/ozone/hadoop-ozone/integration-test/target/test-dir/MiniOzoneClusterImpl-7a2c00ee-15e1-4921-aa6b-526c14ec89d8/ozone-meta/datanode-7/data-0/hdds/7a2c00ee-15e1-4921-aa6b-526c14ec89d8/current/containerDir0/5/chunks does not exist.
2025-07-15 19:44:58,286 [EventQueue-PipelineActionsForPipelineActionHandler] INFO  pipeline.PipelineActionHandler (PipelineActionHandler.java:processPipelineAction(89)) - Received pipeline action CLOSE for Pipeline-2bb07160-c34f-4bd7-beaa-b1c99a0430ae from datanode 262265f8-b6b0-4173-8249-6c4ff56c562c(localhost/127.0.0.1). Reason : Chunks directory /home/runner/work/ozone/ozone/hadoop-ozone/integration-test/target/test-dir/MiniOzoneClusterImpl-7a2c00ee-15e1-4921-aa6b-526c14ec89d8/ozone-meta/datanode-7/data-0/hdds/7a2c00ee-15e1-4921-aa6b-526c14ec89d8/current/containerDir0/5/chunks does not exist.
2025-07-15 19:44:58,486 [EventQueue-PipelineActionsForPipelineActionHandler] INFO  pipeline.PipelineActionHandler (PipelineActionHandler.java:processPipelineAction(89)) - Received pipeline action CLOSE for Pipeline-2bb07160-c34f-4bd7-beaa-b1c99a0430ae from datanode 262265f8-b6b0-4173-8249-6c4ff56c562c(localhost/127.0.0.1). Reason : Chunks directory /home/runner/work/ozone/ozone/hadoop-ozone/integration-test/target/test-dir/MiniOzoneClusterImpl-7a2c00ee-15e1-4921-aa6b-526c14ec89d8/ozone-meta/datanode-7/data-0/hdds/7a2c00ee-15e1-4921-aa6b-526c14ec89d8/current/containerDir0/5/chunks does not exist.
2025-07-15 19:44:58,686 [EventQueue-PipelineActionsForPipelineActionHandler] INFO  pipeline.PipelineActionHandler (PipelineActionHandler.java:processPipelineAction(89)) - Received pipeline action CLOSE for Pipeline-2bb07160-c34f-4bd7-beaa-b1c99a0430ae from datanode 262265f8-b6b0-4173-8249-6c4ff56c562c(localhost/127.0.0.1). Reason : Chunks directory /home/runner/work/ozone/ozone/hadoop-ozone/integration-test/target/test-dir/MiniOzoneClusterImpl-7a2c00ee-15e1-4921-aa6b-526c14ec89d8/ozone-meta/datanode-7/data-0/hdds/7a2c00ee-15e1-4921-aa6b-526c14ec89d8/current/containerDir0/5/chunks does not exist.
2025-07-15 19:44:58,886 [EventQueue-PipelineActionsForPipelineActionHandler] INFO  pipeline.PipelineActionHandler (PipelineActionHandler.java:processPipelineAction(89)) - Received pipeline action CLOSE for Pipeline-2bb07160-c34f-4bd7-beaa-b1c99a0430ae from datanode 262265f8-b6b0-4173-8249-6c4ff56c562c(localhost/127.0.0.1). Reason : Chunks directory /home/runner/work/ozone/ozone/hadoop-ozone/integration-test/target/test-dir/MiniOzoneClusterImpl-7a2c00ee-15e1-4921-aa6b-526c14ec89d8/ozone-meta/datanode-7/data-0/hdds/7a2c00ee-15e1-4921-aa6b-526c14ec89d8/current/containerDir0/5/chunks does not exist.
2025-07-15 19:44:59,086 [EventQueue-PipelineActionsForPipelineActionHandler] INFO  pipeline.PipelineActionHandler (PipelineActionHandler.java:processPipelineAction(89)) - Received pipeline action CLOSE for Pipeline-2bb07160-c34f-4bd7-beaa-b1c99a0430ae from datanode 262265f8-b6b0-4173-8249-6c4ff56c562c(localhost/127.0.0.1). Reason : Chunks directory /home/runner/work/ozone/ozone/hadoop-ozone/integration-test/target/test-dir/MiniOzoneClusterImpl-7a2c00ee-15e1-4921-aa6b-526c14ec89d8/ozone-meta/datanode-7/data-0/hdds/7a2c00ee-15e1-4921-aa6b-526c14ec89d8/current/containerDir0/5/chunks does not exist.
2025-07-15 19:44:59,286 [EventQueue-PipelineActionsForPipelineActionHandler] INFO  pipeline.PipelineActionHandler (PipelineActionHandler.java:processPipelineAction(89)) - Received pipeline action CLOSE for Pipeline-2bb07160-c34f-4bd7-beaa-b1c99a0430ae from datanode 262265f8-b6b0-4173-8249-6c4ff56c562c(localhost/127.0.0.1). Reason : Chunks directory /home/runner/work/ozone/ozone/hadoop-ozone/integration-test/target/test-dir/MiniOzoneClusterImpl-7a2c00ee-15e1-4921-aa6b-526c14ec89d8/ozone-meta/datanode-7/data-0/hdds/7a2c00ee-15e1-4921-aa6b-526c14ec89d8/current/containerDir0/5/chunks does not exist.
2025-07-15 19:44:59,486 [EventQueue-PipelineActionsForPipelineActionHandler] INFO  pipeline.PipelineActionHandler (PipelineActionHandler.java:processPipelineAction(89)) - Received pipeline action CLOSE for Pipeline-2bb07160-c34f-4bd7-beaa-b1c99a0430ae from datanode 262265f8-b6b0-4173-8249-6c4ff56c562c(localhost/127.0.0.1). Reason : Chunks directory /home/runner/work/ozone/ozone/hadoop-ozone/integration-test/target/test-dir/MiniOzoneClusterImpl-7a2c00ee-15e1-4921-aa6b-526c14ec89d8/ozone-meta/datanode-7/data-0/hdds/7a2c00ee-15e1-4921-aa6b-526c14ec89d8/current/containerDir0/5/chunks does not exist.
2025-07-15 19:44:59,495 [edffad61-d5a0-4c2f-abd3-1d848b9782f9@group-A35D399F7985-StateMachineUpdater] INFO  ratis.ContainerStateMachine (ContainerStateMachine.java:takeSnapshot(427)) - group-A35D399F7985: Taking a snapshot at:(t:1, i:10) file /home/runner/work/ozone/ozone/hadoop-ozone/integration-test/target/test-dir/MiniOzoneClusterImpl-7a2c00ee-15e1-4921-aa6b-526c14ec89d8/ozone-meta/datanode-9/ratis/c5ee18f9-7bb3-48ae-90e0-a35d399f7985/sm/snapshot.1_10
2025-07-15 19:44:59,496 [262265f8-b6b0-4173-8249-6c4ff56c562c@group-A35D399F7985-StateMachineUpdater] INFO  ratis.ContainerStateMachine (ContainerStateMachine.java:takeSnapshot(427)) - group-A35D399F7985: Taking a snapshot at:(t:1, i:10) file /home/runner/work/ozone/ozone/hadoop-ozone/integration-test/target/test-dir/MiniOzoneClusterImpl-7a2c00ee-15e1-4921-aa6b-526c14ec89d8/ozone-meta/datanode-7/ratis/c5ee18f9-7bb3-48ae-90e0-a35d399f7985/sm/snapshot.1_10
2025-07-15 19:44:59,497 [edffad61-d5a0-4c2f-abd3-1d848b9782f9@group-A35D399F7985-StateMachineUpdater] INFO  ratis.ContainerStateMachine (ContainerStateMachine.java:takeSnapshot(436)) - group-A35D399F7985: Finished taking a snapshot at:(t:1, i:10) file:/home/runner/work/ozone/ozone/hadoop-ozone/integration-test/target/test-dir/MiniOzoneClusterImpl-7a2c00ee-15e1-4921-aa6b-526c14ec89d8/ozone-meta/datanode-9/ratis/c5ee18f9-7bb3-48ae-90e0-a35d399f7985/sm/snapshot.1_10 took: 2 ms
2025-07-15 19:44:59,497 [edffad61-d5a0-4c2f-abd3-1d848b9782f9@group-A35D399F7985-StateMachineUpdater] INFO  impl.SimpleStateMachineStorage (SimpleStateMachineStorage.java:lambda$cleanupOldSnapshots$1(126)) - Deleting old snapshot at /home/runner/work/ozone/ozone/hadoop-ozone/integration-test/target/test-dir/MiniOzoneClusterImpl-7a2c00ee-15e1-4921-aa6b-526c14ec89d8/ozone-meta/datanode-9/ratis/c5ee18f9-7bb3-48ae-90e0-a35d399f7985/sm/snapshot.1_0
2025-07-15 19:44:59,497 [262265f8-b6b0-4173-8249-6c4ff56c562c@group-A35D399F7985-StateMachineUpdater] INFO  ratis.ContainerStateMachine (ContainerStateMachine.java:takeSnapshot(436)) - group-A35D399F7985: Finished taking a snapshot at:(t:1, i:10) file:/home/runner/work/ozone/ozone/hadoop-ozone/integration-test/target/test-dir/MiniOzoneClusterImpl-7a2c00ee-15e1-4921-aa6b-526c14ec89d8/ozone-meta/datanode-7/ratis/c5ee18f9-7bb3-48ae-90e0-a35d399f7985/sm/snapshot.1_10 took: 2 ms
2025-07-15 19:44:59,497 [edffad61-d5a0-4c2f-abd3-1d848b9782f9@group-A35D399F7985-StateMachineUpdater] INFO  impl.StateMachineUpdater (StateMachineUpdater.java:takeSnapshot(307)) - edffad61-d5a0-4c2f-abd3-1d848b9782f9@group-A35D399F7985-StateMachineUpdater: Took a snapshot at index 10
2025-07-15 19:44:59,498 [262265f8-b6b0-4173-8249-6c4ff56c562c@group-A35D399F7985-StateMachineUpdater] INFO  impl.StateMachineUpdater (StateMachineUpdater.java:takeSnapshot(307)) - 262265f8-b6b0-4173-8249-6c4ff56c562c@group-A35D399F7985-StateMachineUpdater: Took a snapshot at index 10
2025-07-15 19:44:59,498 [edffad61-d5a0-4c2f-abd3-1d848b9782f9@group-A35D399F7985-StateMachineUpdater] INFO  impl.StateMachineUpdater (StateMachineUpdater.java:lambda$new$0(101)) - edffad61-d5a0-4c2f-abd3-1d848b9782f9@group-A35D399F7985-StateMachineUpdater: snapshotIndex: updateIncreasingly 8 -> 10
2025-07-15 19:44:59,498 [262265f8-b6b0-4173-8249-6c4ff56c562c@group-A35D399F7985-StateMachineUpdater] INFO  impl.StateMachineUpdater (StateMachineUpdater.java:lambda$new$0(101)) - 262265f8-b6b0-4173-8249-6c4ff56c562c@group-A35D399F7985-StateMachineUpdater: snapshotIndex: updateIncreasingly 8 -> 10
2025-07-15 19:44:59,687 [EventQueue-PipelineActionsForPipelineActionHandler] INFO  pipeline.PipelineActionHandler (PipelineActionHandler.java:processPipelineAction(89)) - Received pipeline action CLOSE for Pipeline-2bb07160-c34f-4bd7-beaa-b1c99a0430ae from datanode 262265f8-b6b0-4173-8249-6c4ff56c562c(localhost/127.0.0.1). Reason : Chunks directory /home/runner/work/ozone/ozone/hadoop-ozone/integration-test/target/test-dir/MiniOzoneClusterImpl-7a2c00ee-15e1-4921-aa6b-526c14ec89d8/ozone-meta/datanode-7/data-0/hdds/7a2c00ee-15e1-4921-aa6b-526c14ec89d8/current/containerDir0/5/chunks does not exist.
2025-07-15 19:44:59,887 [EventQueue-PipelineActionsForPipelineActionHandler] INFO  pipeline.PipelineActionHandler (PipelineActionHandler.java:processPipelineAction(89)) - Received pipeline action CLOSE for Pipeline-2bb07160-c34f-4bd7-beaa-b1c99a0430ae from datanode 262265f8-b6b0-4173-8249-6c4ff56c562c(localhost/127.0.0.1). Reason : Chunks directory /home/runner/work/ozone/ozone/hadoop-ozone/integration-test/target/test-dir/MiniOzoneClusterImpl-7a2c00ee-15e1-4921-aa6b-526c14ec89d8/ozone-meta/datanode-7/data-0/hdds/7a2c00ee-15e1-4921-aa6b-526c14ec89d8/current/containerDir0/5/chunks does not exist.
2025-07-15 19:45:00,087 [EventQueue-PipelineActionsForPipelineActionHandler] INFO  pipeline.PipelineActionHandler (PipelineActionHandler.java:processPipelineAction(89)) - Received pipeline action CLOSE for Pipeline-2bb07160-c34f-4bd7-beaa-b1c99a0430ae from datanode 262265f8-b6b0-4173-8249-6c4ff56c562c(localhost/127.0.0.1). Reason : Chunks directory /home/runner/work/ozone/ozone/hadoop-ozone/integration-test/target/test-dir/MiniOzoneClusterImpl-7a2c00ee-15e1-4921-aa6b-526c14ec89d8/ozone-meta/datanode-7/data-0/hdds/7a2c00ee-15e1-4921-aa6b-526c14ec89d8/current/containerDir0/5/chunks does not exist.
2025-07-15 19:45:00,286 [EventQueue-PipelineActionsForPipelineActionHandler] INFO  pipeline.PipelineActionHandler (PipelineActionHandler.java:processPipelineAction(89)) - Received pipeline action CLOSE for Pipeline-2bb07160-c34f-4bd7-beaa-b1c99a0430ae from datanode 262265f8-b6b0-4173-8249-6c4ff56c562c(localhost/127.0.0.1). Reason : Chunks directory /home/runner/work/ozone/ozone/hadoop-ozone/integration-test/target/test-dir/MiniOzoneClusterImpl-7a2c00ee-15e1-4921-aa6b-526c14ec89d8/ozone-meta/datanode-7/data-0/hdds/7a2c00ee-15e1-4921-aa6b-526c14ec89d8/current/containerDir0/5/chunks does not exist.
2025-07-15 19:45:00,487 [EventQueue-PipelineActionsForPipelineActionHandler] INFO  pipeline.PipelineActionHandler (PipelineActionHandler.java:processPipelineAction(89)) - Received pipeline action CLOSE for Pipeline-2bb07160-c34f-4bd7-beaa-b1c99a0430ae from datanode 262265f8-b6b0-4173-8249-6c4ff56c562c(localhost/127.0.0.1). Reason : Chunks directory /home/runner/work/ozone/ozone/hadoop-ozone/integration-test/target/test-dir/MiniOzoneClusterImpl-7a2c00ee-15e1-4921-aa6b-526c14ec89d8/ozone-meta/datanode-7/data-0/hdds/7a2c00ee-15e1-4921-aa6b-526c14ec89d8/current/containerDir0/5/chunks does not exist.
2025-07-15 19:45:00,676 [timer4] ERROR impl.OrderedAsync (OrderedAsync.java:lambda$null$6(215)) -  client-51560D84B792: Failed* RaftClientRequest:client-51560D84B792->262265f8-b6b0-4173-8249-6c4ff56c562c@group-B1C99A0430AE, cid=152, seq=4, RW, cmdType: WriteChunk
traceID: ""
containerID: 5
datanodeUuid: "262265f8-b6b0-4173-8249-6c4ff56c562c"
writeChunk {
  blockID {
    containerID: 5
    localID: 115816896921600005
    blockCommitSequenceId: 2
    replicaIndex: 0
  }
  chunkData {
    chunkName: "115816896921600005_chunk_2"
    offset: 5
    len: 5
    checksumData {
      type: CRC32
      bytesPerChecksum: 16384
      checksums: "\350a\3440"
    }
  }
}
version: 3
, data.size=5
java.util.concurrent.CompletionException: org.apache.ratis.protocol.exceptions.TimeoutIOException: client-51560D84B792->262265f8-b6b0-4173-8249-6c4ff56c562c request #152 timeout 3000ms
	at java.base/java.util.concurrent.CompletableFuture.encodeThrowable(CompletableFuture.java:332)
	at java.base/java.util.concurrent.CompletableFuture.completeThrowable(CompletableFuture.java:347)
	at java.base/java.util.concurrent.CompletableFuture$UniAccept.tryFire(CompletableFuture.java:708)
	at java.base/java.util.concurrent.CompletableFuture.postComplete(CompletableFuture.java:510)
	at java.base/java.util.concurrent.CompletableFuture.completeExceptionally(CompletableFuture.java:2194)
	at org.apache.ratis.grpc.client.GrpcClientProtocolClient$AsyncStreamObservers.lambda$timeoutCheck$5(GrpcClientProtocolClient.java:376)
	at java.base/java.util.Optional.ifPresent(Optional.java:178)
	at org.apache.ratis.grpc.client.GrpcClientProtocolClient$AsyncStreamObservers.handleReplyFuture(GrpcClientProtocolClient.java:381)
	at org.apache.ratis.grpc.client.GrpcClientProtocolClient$AsyncStreamObservers.timeoutCheck(GrpcClientProtocolClient.java:376)
	at org.apache.ratis.grpc.client.GrpcClientProtocolClient$AsyncStreamObservers.lambda$onNext$3(GrpcClientProtocolClient.java:369)
	at org.apache.ratis.util.TimeoutTimer.lambda$onTimeout$2(TimeoutTimer.java:101)
	at org.apache.ratis.util.LogUtils.runAndLog(LogUtils.java:38)
	at org.apache.ratis.util.LogUtils$1.run(LogUtils.java:78)
	at org.apache.ratis.util.TimeoutTimer$Task.run(TimeoutTimer.java:55)
	at java.base/java.util.TimerThread.mainLoop(Timer.java:566)
	at java.base/java.util.TimerThread.run(Timer.java:516)
Caused by: org.apache.ratis.protocol.exceptions.TimeoutIOException: client-51560D84B792->262265f8-b6b0-4173-8249-6c4ff56c562c request #152 timeout 3000ms
	at org.apache.ratis.grpc.client.GrpcClientProtocolClient$AsyncStreamObservers.lambda$timeoutCheck$5(GrpcClientProtocolClient.java:377)
	... 10 more
2025-07-15 19:45:00,677 [timer5] ERROR impl.OrderedAsync (OrderedAsync.java:lambda$null$6(215)) -  client-51560D84B792: Failed* RaftClientRequest:client-51560D84B792->262265f8-b6b0-4173-8249-6c4ff56c562c@group-B1C99A0430AE, cid=153, seq=5, RW, cmdType: PutBlock
traceID: ""
containerID: 5
datanodeUuid: "262265f8-b6b0-4173-8249-6c4ff56c562c"
putBlock {
  blockData {
    blockID {
      containerID: 5
      localID: 115816896921600005
      blockCommitSequenceId: 0
    }
    metadata {
      key: "TYPE"
      value: "KEY"
    }
    chunks {
      chunkName: "115816896921600005_chunk_1"
      offset: 0
      len: 5
      checksumData {
        type: CRC32
        bytesPerChecksum: 16384
        checksums: "\350a\3440"
      }
    }
    chunks {
      chunkName: "115816896921600005_chunk_2"
      offset: 5
      len: 5
      checksumData {
        type: CRC32
        bytesPerChecksum: 16384
        checksums: "\350a\3440"
      }
    }
  }
  eof: true
}
version: 3
, data.size=0
java.util.concurrent.CompletionException: org.apache.ratis.protocol.exceptions.TimeoutIOException: client-51560D84B792->262265f8-b6b0-4173-8249-6c4ff56c562c request #153 timeout 3000ms
	at java.base/java.util.concurrent.CompletableFuture.encodeThrowable(CompletableFuture.java:332)
	at java.base/java.util.concurrent.CompletableFuture.completeThrowable(CompletableFuture.java:347)
	at java.base/java.util.concurrent.CompletableFuture$UniAccept.tryFire(CompletableFuture.java:708)
	at java.base/java.util.concurrent.CompletableFuture.postComplete(CompletableFuture.java:510)
	at java.base/java.util.concurrent.CompletableFuture.completeExceptionally(CompletableFuture.java:2194)
	at org.apache.ratis.grpc.client.GrpcClientProtocolClient$AsyncStreamObservers.lambda$timeoutCheck$5(GrpcClientProtocolClient.java:376)
	at java.base/java.util.Optional.ifPresent(Optional.java:178)
	at org.apache.ratis.grpc.client.GrpcClientProtocolClient$AsyncStreamObservers.handleReplyFuture(GrpcClientProtocolClient.java:381)
	at org.apache.ratis.grpc.client.GrpcClientProtocolClient$AsyncStreamObservers.timeoutCheck(GrpcClientProtocolClient.java:376)
	at org.apache.ratis.grpc.client.GrpcClientProtocolClient$AsyncStreamObservers.lambda$onNext$3(GrpcClientProtocolClient.java:369)
	at org.apache.ratis.util.TimeoutTimer.lambda$onTimeout$2(TimeoutTimer.java:101)
	at org.apache.ratis.util.LogUtils.runAndLog(LogUtils.java:38)
	at org.apache.ratis.util.LogUtils$1.run(LogUtils.java:78)
	at org.apache.ratis.util.TimeoutTimer$Task.run(TimeoutTimer.java:55)
	at java.base/java.util.TimerThread.mainLoop(Timer.java:566)
	at java.base/java.util.TimerThread.run(Timer.java:516)
Caused by: org.apache.ratis.protocol.exceptions.TimeoutIOException: client-51560D84B792->262265f8-b6b0-4173-8249-6c4ff56c562c request #153 timeout 3000ms
	at org.apache.ratis.grpc.client.GrpcClientProtocolClient$AsyncStreamObservers.lambda$timeoutCheck$5(GrpcClientProtocolClient.java:377)
	... 10 more
2025-07-15 19:45:00,688 [EventQueue-PipelineActionsForPipelineActionHandler] INFO  pipeline.PipelineActionHandler (PipelineActionHandler.java:processPipelineAction(89)) - Received pipeline action CLOSE for Pipeline-2bb07160-c34f-4bd7-beaa-b1c99a0430ae from datanode 262265f8-b6b0-4173-8249-6c4ff56c562c(localhost/127.0.0.1). Reason : Chunks directory /home/runner/work/ozone/ozone/hadoop-ozone/integration-test/target/test-dir/MiniOzoneClusterImpl-7a2c00ee-15e1-4921-aa6b-526c14ec89d8/ozone-meta/datanode-7/data-0/hdds/7a2c00ee-15e1-4921-aa6b-526c14ec89d8/current/containerDir0/5/chunks does not exist.
2025-07-15 19:45:00,690 [262265f8-b6b0-4173-8249-6c4ff56c562c@group-B1C99A0430AE-SegmentedRaftLogWorker] WARN  segmented.SegmentedRaftLogWorker (SegmentedRaftLogWorker.java:lambda$close$3(251)) - 262265f8-b6b0-4173-8249-6c4ff56c562c@group-B1C99A0430AE-SegmentedRaftLogWorker: shutdown timeout in 3s
2025-07-15 19:45:00,691 [262265f8-b6b0-4173-8249-6c4ff56c562c@group-B1C99A0430AE-SegmentedRaftLogWorker] INFO  segmented.SegmentedRaftLogWorker (SegmentedRaftLogWorker.java:close(254)) - 262265f8-b6b0-4173-8249-6c4ff56c562c@group-B1C99A0430AE-SegmentedRaftLogWorker close()
2025-07-15 19:45:00,888 [EventQueue-PipelineActionsForPipelineActionHandler] INFO  pipeline.PipelineActionHandler (PipelineActionHandler.java:processPipelineAction(89)) - Received pipeline action CLOSE for Pipeline-2bb07160-c34f-4bd7-beaa-b1c99a0430ae from datanode 262265f8-b6b0-4173-8249-6c4ff56c562c(localhost/127.0.0.1). Reason : Chunks directory /home/runner/work/ozone/ozone/hadoop-ozone/integration-test/target/test-dir/MiniOzoneClusterImpl-7a2c00ee-15e1-4921-aa6b-526c14ec89d8/ozone-meta/datanode-7/data-0/hdds/7a2c00ee-15e1-4921-aa6b-526c14ec89d8/current/containerDir0/5/chunks does not exist.
2025-07-15 19:45:01,088 [EventQueue-PipelineActionsForPipelineActionHandler] INFO  pipeline.PipelineActionHandler (PipelineActionHandler.java:processPipelineAction(89)) - Received pipeline action CLOSE for Pipeline-2bb07160-c34f-4bd7-beaa-b1c99a0430ae from datanode 262265f8-b6b0-4173-8249-6c4ff56c562c(localhost/127.0.0.1). Reason : Chunks directory /home/runner/work/ozone/ozone/hadoop-ozone/integration-test/target/test-dir/MiniOzoneClusterImpl-7a2c00ee-15e1-4921-aa6b-526c14ec89d8/ozone-meta/datanode-7/data-0/hdds/7a2c00ee-15e1-4921-aa6b-526c14ec89d8/current/containerDir0/5/chunks does not exist.
2025-07-15 19:45:01,288 [EventQueue-PipelineActionsForPipelineActionHandler] INFO  pipeline.PipelineActionHandler (PipelineActionHandler.java:processPipelineAction(89)) - Received pipeline action CLOSE for Pipeline-2bb07160-c34f-4bd7-beaa-b1c99a0430ae from datanode 262265f8-b6b0-4173-8249-6c4ff56c562c(localhost/127.0.0.1). Reason : Chunks directory /home/runner/work/ozone/ozone/hadoop-ozone/integration-test/target/test-dir/MiniOzoneClusterImpl-7a2c00ee-15e1-4921-aa6b-526c14ec89d8/ozone-meta/datanode-7/data-0/hdds/7a2c00ee-15e1-4921-aa6b-526c14ec89d8/current/containerDir0/5/chunks does not exist.
2025-07-15 19:45:01,488 [EventQueue-PipelineActionsForPipelineActionHandler] INFO  pipeline.PipelineActionHandler (PipelineActionHandler.java:processPipelineAction(89)) - Received pipeline action CLOSE for Pipeline-2bb07160-c34f-4bd7-beaa-b1c99a0430ae from datanode 262265f8-b6b0-4173-8249-6c4ff56c562c(localhost/127.0.0.1). Reason : Chunks directory /home/runner/work/ozone/ozone/hadoop-ozone/integration-test/target/test-dir/MiniOzoneClusterImpl-7a2c00ee-15e1-4921-aa6b-526c14ec89d8/ozone-meta/datanode-7/data-0/hdds/7a2c00ee-15e1-4921-aa6b-526c14ec89d8/current/containerDir0/5/chunks does not exist.
2025-07-15 19:45:01,688 [EventQueue-PipelineActionsForPipelineActionHandler] INFO  pipeline.PipelineActionHandler (PipelineActionHandler.java:processPipelineAction(89)) - Received pipeline action CLOSE for Pipeline-2bb07160-c34f-4bd7-beaa-b1c99a0430ae from datanode 262265f8-b6b0-4173-8249-6c4ff56c562c(localhost/127.0.0.1). Reason : Chunks directory /home/runner/work/ozone/ozone/hadoop-ozone/integration-test/target/test-dir/MiniOzoneClusterImpl-7a2c00ee-15e1-4921-aa6b-526c14ec89d8/ozone-meta/datanode-7/data-0/hdds/7a2c00ee-15e1-4921-aa6b-526c14ec89d8/current/containerDir0/5/chunks does not exist.
2025-07-15 19:45:01,888 [EventQueue-PipelineActionsForPipelineActionHandler] INFO  pipeline.PipelineActionHandler (PipelineActionHandler.java:processPipelineAction(89)) - Received pipeline action CLOSE for Pipeline-2bb07160-c34f-4bd7-beaa-b1c99a0430ae from datanode 262265f8-b6b0-4173-8249-6c4ff56c562c(localhost/127.0.0.1). Reason : Chunks directory /home/runner/work/ozone/ozone/hadoop-ozone/integration-test/target/test-dir/MiniOzoneClusterImpl-7a2c00ee-15e1-4921-aa6b-526c14ec89d8/ozone-meta/datanode-7/data-0/hdds/7a2c00ee-15e1-4921-aa6b-526c14ec89d8/current/containerDir0/5/chunks does not exist.
2025-07-15 19:45:02,088 [EventQueue-PipelineActionsForPipelineActionHandler] INFO  pipeline.PipelineActionHandler (PipelineActionHandler.java:processPipelineAction(89)) - Received pipeline action CLOSE for Pipeline-2bb07160-c34f-4bd7-beaa-b1c99a0430ae from datanode 262265f8-b6b0-4173-8249-6c4ff56c562c(localhost/127.0.0.1). Reason : Chunks directory /home/runner/work/ozone/ozone/hadoop-ozone/integration-test/target/test-dir/MiniOzoneClusterImpl-7a2c00ee-15e1-4921-aa6b-526c14ec89d8/ozone-meta/datanode-7/data-0/hdds/7a2c00ee-15e1-4921-aa6b-526c14ec89d8/current/containerDir0/5/chunks does not exist.
2025-07-15 19:45:02,289 [EventQueue-PipelineActionsForPipelineActionHandler] INFO  pipeline.PipelineActionHandler (PipelineActionHandler.java:processPipelineAction(89)) - Received pipeline action CLOSE for Pipeline-2bb07160-c34f-4bd7-beaa-b1c99a0430ae from datanode 262265f8-b6b0-4173-8249-6c4ff56c562c(localhost/127.0.0.1). Reason : Chunks directory /home/runner/work/ozone/ozone/hadoop-ozone/integration-test/target/test-dir/MiniOzoneClusterImpl-7a2c00ee-15e1-4921-aa6b-526c14ec89d8/ozone-meta/datanode-7/data-0/hdds/7a2c00ee-15e1-4921-aa6b-526c14ec89d8/current/containerDir0/5/chunks does not exist.
2025-07-15 19:45:02,488 [EventQueue-PipelineActionsForPipelineActionHandler] INFO  pipeline.PipelineActionHandler (PipelineActionHandler.java:processPipelineAction(89)) - Received pipeline action CLOSE for Pipeline-2bb07160-c34f-4bd7-beaa-b1c99a0430ae from datanode 262265f8-b6b0-4173-8249-6c4ff56c562c(localhost/127.0.0.1). Reason : Chunks directory /home/runner/work/ozone/ozone/hadoop-ozone/integration-test/target/test-dir/MiniOzoneClusterImpl-7a2c00ee-15e1-4921-aa6b-526c14ec89d8/ozone-meta/datanode-7/data-0/hdds/7a2c00ee-15e1-4921-aa6b-526c14ec89d8/current/containerDir0/5/chunks does not exist.
2025-07-15 19:45:02,688 [EventQueue-PipelineActionsForPipelineActionHandler] INFO  pipeline.PipelineActionHandler (PipelineActionHandler.java:processPipelineAction(89)) - Received pipeline action CLOSE for Pipeline-2bb07160-c34f-4bd7-beaa-b1c99a0430ae from datanode 262265f8-b6b0-4173-8249-6c4ff56c562c(localhost/127.0.0.1). Reason : Chunks directory /home/runner/work/ozone/ozone/hadoop-ozone/integration-test/target/test-dir/MiniOzoneClusterImpl-7a2c00ee-15e1-4921-aa6b-526c14ec89d8/ozone-meta/datanode-7/data-0/hdds/7a2c00ee-15e1-4921-aa6b-526c14ec89d8/current/containerDir0/5/chunks does not exist.
2025-07-15 19:45:02,840 [BackgroundPipelineScrubber] INFO  pipeline.PipelineManagerImpl (PipelineManagerImpl.java:scrubPipelines(602)) - Scrubbing pipeline: id: Pipeline-2bb07160-c34f-4bd7-beaa-b1c99a0430ae since it stays at CLOSED stage.
2025-07-15 19:45:02,842 [BackgroundPipelineScrubber] INFO  pipeline.RatisPipelineProvider (RatisPipelineProvider.java:lambda$close$4(273)) - Send pipeline:Pipeline-2bb07160-c34f-4bd7-beaa-b1c99a0430ae close command to datanode 262265f8-b6b0-4173-8249-6c4ff56c562c
2025-07-15 19:45:02,842 [BackgroundPipelineScrubber] INFO  pipeline.PipelineManagerImpl (PipelineManagerImpl.java:removePipeline(464)) - Pipeline Pipeline{ Id: 2bb07160-c34f-4bd7-beaa-b1c99a0430ae, Nodes: [ {262265f8-b6b0-4173-8249-6c4ff56c562c(localhost/127.0.0.1), ReplicaIndex: 0},], ReplicationConfig: RATIS/ONE, State:CLOSED, leaderId:262265f8-b6b0-4173-8249-6c4ff56c562c, CreationTimestamp2025-07-15T19:44:35.299Z[Etc/UTC]} removed.
2025-07-15 19:45:02,871 [262265f8-b6b0-4173-8249-6c4ff56c562c@group-B1C99A0430AE-LeaderStateImpl] ERROR util.ExitUtils (ExitUtils.java:terminate(133)) - Terminating with exit status -1: Thread[#1462,262265f8-b6b0-4173-8249-6c4ff56c562c@group-B1C99A0430AE-LeaderStateImpl,5,262265f8-b6b0-4173-8249-6c4ff56c562c@group-B1C99A0430AE] has thrown an uncaught exception
java.lang.IllegalStateException: 262265f8-b6b0-4173-8249-6c4ff56c562c@group-B1C99A0430AE-SegmentedRaftLog is expected to be opened but it is CLOSED
	at org.apache.ratis.util.OpenCloseState.assertOpen(OpenCloseState.java:63)
	at org.apache.ratis.server.raftlog.RaftLogBase.checkLogState(RaftLogBase.java:112)
	at org.apache.ratis.server.raftlog.segmented.SegmentedRaftLog.getLastEntryTermIndex(SegmentedRaftLog.java:356)
	at org.apache.ratis.server.impl.ServerState.getLastEntry(ServerState.java:310)
	at org.apache.ratis.server.impl.LeaderStateImpl.checkPeersForYieldingLeader(LeaderStateImpl.java:1081)
	at org.apache.ratis.server.impl.LeaderStateImpl.access$800(LeaderStateImpl.java:101)
	at org.apache.ratis.server.impl.LeaderStateImpl$EventProcessor.run(LeaderStateImpl.java:769)
Caused by: org.apache.ratis.util.OpenCloseState$CloseTrace: Close 262265f8-b6b0-4173-8249-6c4ff56c562c@group-B1C99A0430AE-SegmentedRaftLog
	at org.apache.ratis.util.OpenCloseState.lambda$close$1(OpenCloseState.java:109)
	at java.base/java.util.concurrent.atomic.AtomicReference.getAndUpdate(AtomicReference.java:188)
	at org.apache.ratis.util.OpenCloseState.close(OpenCloseState.java:109)
	at org.apache.ratis.server.raftlog.RaftLogBase.close(RaftLogBase.java:393)
	at org.apache.ratis.server.raftlog.segmented.SegmentedRaftLog.close(SegmentedRaftLog.java:528)
	at org.apache.ratis.server.raftlog.RaftLogBase.lambda$appendImpl$3(RaftLogBase.java:206)
	at java.base/java.util.concurrent.CompletableFuture.uniWhenComplete(CompletableFuture.java:863)
	at java.base/java.util.concurrent.CompletableFuture$UniWhenComplete.tryFire(CompletableFuture.java:841)
	at java.base/java.util.concurrent.CompletableFuture.postComplete(CompletableFuture.java:510)
	at java.base/java.util.concurrent.CompletableFuture.completeExceptionally(CompletableFuture.java:2194)
	at org.apache.ratis.server.raftlog.segmented.SegmentedRaftLog$Task.failed(SegmentedRaftLog.java:109)
	at org.apache.ratis.server.raftlog.segmented.SegmentedRaftLogWorker$WriteLog.failed(SegmentedRaftLogWorker.java:530)
	at org.apache.ratis.server.raftlog.segmented.SegmentedRaftLogWorker.run(SegmentedRaftLogWorker.java:326)
	at java.base/java.util.concurrent.Executors$RunnableAdapter.call(Executors.java:572)
	at java.base/java.util.concurrent.FutureTask.run(FutureTask.java:317)
	at java.base/java.util.concurrent.ThreadPoolExecutor.runWorker(ThreadPoolExecutor.java:1144)
	at java.base/java.util.concurrent.ThreadPoolExecutor$Worker.run(ThreadPoolExecutor.java:642)
	at java.base/java.lang.Thread.run(Thread.java:1583)
2025-07-15 19:45:02,888 [EventQueue-PipelineActionsForPipelineActionHandler] INFO  pipeline.PipelineActionHandler (PipelineActionHandler.java:processPipelineAction(89)) - Received pipeline action CLOSE for Pipeline-2bb07160-c34f-4bd7-beaa-b1c99a0430ae from datanode 262265f8-b6b0-4173-8249-6c4ff56c562c(localhost/127.0.0.1). Reason : Chunks directory /home/runner/work/ozone/ozone/hadoop-ozone/integration-test/target/test-dir/MiniOzoneClusterImpl-7a2c00ee-15e1-4921-aa6b-526c14ec89d8/ozone-meta/datanode-7/data-0/hdds/7a2c00ee-15e1-4921-aa6b-526c14ec89d8/current/containerDir0/5/chunks does not exist.
2025-07-15 19:45:02,888 [EventQueue-PipelineReportForPipelineReportHandler] INFO  pipeline.PipelineReportHandler (PipelineReportHandler.java:handlePipelineNotFoundException(98)) - Pipeline Pipeline-2bb07160-c34f-4bd7-beaa-b1c99a0430ae, reported by datanode 262265f8-b6b0-4173-8249-6c4ff56c562c(localhost/127.0.0.1) is not found.
2025-07-15 19:45:02,888 [EventQueue-PipelineActionsForPipelineActionHandler] WARN  pipeline.PipelineActionHandler (PipelineActionHandler.java:closeUnknownPipeline(117)) - Pipeline action received for unknown Pipeline Pipeline-2bb07160-c34f-4bd7-beaa-b1c99a0430ae, firing close pipeline event.
2025-07-15 19:45:03,089 [EventQueue-PipelineActionsForPipelineActionHandler] INFO  pipeline.PipelineActionHandler (PipelineActionHandler.java:processPipelineAction(89)) - Received pipeline action CLOSE for Pipeline-2bb07160-c34f-4bd7-beaa-b1c99a0430ae from datanode 262265f8-b6b0-4173-8249-6c4ff56c562c(localhost/127.0.0.1). Reason : Chunks directory /home/runner/work/ozone/ozone/hadoop-ozone/integration-test/target/test-dir/MiniOzoneClusterImpl-7a2c00ee-15e1-4921-aa6b-526c14ec89d8/ozone-meta/datanode-7/data-0/hdds/7a2c00ee-15e1-4921-aa6b-526c14ec89d8/current/containerDir0/5/chunks does not exist.
2025-07-15 19:45:03,089 [EventQueue-PipelineActionsForPipelineActionHandler] WARN  pipeline.PipelineActionHandler (PipelineActionHandler.java:closeUnknownPipeline(117)) - Pipeline action received for unknown Pipeline Pipeline-2bb07160-c34f-4bd7-beaa-b1c99a0430ae, firing close pipeline event.
2025-07-15 19:45:03,089 [EventQueue-PipelineReportForPipelineReportHandler] INFO  pipeline.PipelineReportHandler (PipelineReportHandler.java:handlePipelineNotFoundException(98)) - Pipeline Pipeline-2bb07160-c34f-4bd7-beaa-b1c99a0430ae, reported by datanode 262265f8-b6b0-4173-8249-6c4ff56c562c(localhost/127.0.0.1) is not found.
2025-07-15 19:45:03,288 [262265f8-b6b0-4173-8249-6c4ff56c562c-PipelineCommandHandlerThread-0] INFO  server.RaftServer (RaftServerProxy.java:remove(116)) - 262265f8-b6b0-4173-8249-6c4ff56c562c: remove    LEADER (RUNNING): 262265f8-b6b0-4173-8249-6c4ff56c562c@group-B1C99A0430AE:t1, leader=262265f8-b6b0-4173-8249-6c4ff56c562c, voted=262265f8-b6b0-4173-8249-6c4ff56c562c, raftlog=Memoized:262265f8-b6b0-4173-8249-6c4ff56c562c@group-B1C99A0430AE-SegmentedRaftLog:CLOSED:c3, conf=conf: {index: 0, cur=peers:[262265f8-b6b0-4173-8249-6c4ff56c562c|127.0.0.1:15063]|listeners:[], old=null}
2025-07-15 19:45:03,288 [262265f8-b6b0-4173-8249-6c4ff56c562c-PipelineCommandHandlerThread-0] INFO  server.RaftServer$Division (RaftServerImpl.java:lambda$close$1(527)) - 262265f8-b6b0-4173-8249-6c4ff56c562c@group-B1C99A0430AE: shutdown
2025-07-15 19:45:03,288 [262265f8-b6b0-4173-8249-6c4ff56c562c-PipelineCommandHandlerThread-0] INFO  util.JmxRegister (JmxRegister.java:unregister(74)) - Successfully un-registered JMX Bean with object name Ratis:service=RaftServer,group=group-B1C99A0430AE,id=262265f8-b6b0-4173-8249-6c4ff56c562c
2025-07-15 19:45:03,288 [262265f8-b6b0-4173-8249-6c4ff56c562c-PipelineCommandHandlerThread-0] INFO  impl.RoleInfo (RoleInfo.java:shutdownLeaderState(103)) - 262265f8-b6b0-4173-8249-6c4ff56c562c: shutdown 262265f8-b6b0-4173-8249-6c4ff56c562c@group-B1C99A0430AE-LeaderStateImpl
2025-07-15 19:45:03,288 [262265f8-b6b0-4173-8249-6c4ff56c562c-PipelineCommandHandlerThread-0] INFO  impl.PendingRequests (PendingRequests.java:sendNotLeaderResponses(287)) - 262265f8-b6b0-4173-8249-6c4ff56c562c@group-B1C99A0430AE-PendingRequests: sendNotLeaderResponses
2025-07-15 19:45:03,291 [262265f8-b6b0-4173-8249-6c4ff56c562c-PipelineCommandHandlerThread-0] INFO  impl.StateMachineUpdater (StateMachineUpdater.java:stopAndJoin(163)) - 262265f8-b6b0-4173-8249-6c4ff56c562c@group-B1C99A0430AE-StateMachineUpdater: set stopIndex = 3
2025-07-15 19:45:03,291 [262265f8-b6b0-4173-8249-6c4ff56c562c@group-B1C99A0430AE-StateMachineUpdater] ERROR ratis.ContainerStateMachine (ContainerStateMachine.java:takeSnapshot(421)) - Failed to take snapshot  for group-B1C99A0430AE as the stateMachine is unhealthy. The last applied index is at (t:1, i:3)
2025-07-15 19:45:03,291 [262265f8-b6b0-4173-8249-6c4ff56c562c@group-B1C99A0430AE-StateMachineUpdater] ERROR impl.StateMachineUpdater (StateMachineUpdater.java:takeSnapshot(302)) - 262265f8-b6b0-4173-8249-6c4ff56c562c@group-B1C99A0430AE-StateMachineUpdater: Failed to take snapshot
org.apache.ratis.protocol.exceptions.StateMachineException: Failed to take snapshot  for group-B1C99A0430AE as the stateMachine is unhealthy. The last applied index is at (t:1, i:3)
	at org.apache.hadoop.ozone.container.common.transport.server.ratis.ContainerStateMachine.takeSnapshot(ContainerStateMachine.java:420)
	at org.apache.ratis.server.impl.StateMachineUpdater.takeSnapshot(StateMachineUpdater.java:290)
	at org.apache.ratis.server.impl.StateMachineUpdater.checkAndTakeSnapshot(StateMachineUpdater.java:281)
	at org.apache.ratis.server.impl.StateMachineUpdater.run(StateMachineUpdater.java:194)
	at java.base/java.lang.Thread.run(Thread.java:1583)
2025-07-15 19:45:03,291 [262265f8-b6b0-4173-8249-6c4ff56c562c@group-B1C99A0430AE-StateMachineUpdater] INFO  impl.StateMachineUpdater (StateMachineUpdater.java:stop(140)) - 262265f8-b6b0-4173-8249-6c4ff56c562c@group-B1C99A0430AE-StateMachineUpdater: closing ContainerStateMachine, lastApplied=(t:1, i:3)
2025-07-15 19:45:03,293 [262265f8-b6b0-4173-8249-6c4ff56c562c-PipelineCommandHandlerThread-0] INFO  segmented.SegmentedRaftLogWorker (SegmentedRaftLogWorker.java:close(254)) - 262265f8-b6b0-4173-8249-6c4ff56c562c@group-B1C99A0430AE-SegmentedRaftLogWorker close()
2025-07-15 19:45:03,294 [262265f8-b6b0-4173-8249-6c4ff56c562c-PipelineCommandHandlerThread-0] INFO  server.RaftServer$Division (RaftServerImpl.java:groupRemove(497)) - 262265f8-b6b0-4173-8249-6c4ff56c562c@group-B1C99A0430AE: Succeed to remove RaftStorageDirectory Storage Directory /home/runner/work/ozone/ozone/hadoop-ozone/integration-test/target/test-dir/MiniOzoneClusterImpl-7a2c00ee-15e1-4921-aa6b-526c14ec89d8/ozone-meta/datanode-7/ratis/2bb07160-c34f-4bd7-beaa-b1c99a0430ae
2025-07-15 19:45:03,294 [262265f8-b6b0-4173-8249-6c4ff56c562c-PipelineCommandHandlerThread-0] INFO  commandhandler.ClosePipelineCommandHandler (ClosePipelineCommandHandler.java:lambda$handle$2(142)) - Close Pipeline Pipeline-2bb07160-c34f-4bd7-beaa-b1c99a0430ae command on datanode 262265f8-b6b0-4173-8249-6c4ff56c562c(localhost/127.0.0.1).
2025-07-15 19:45:07,488 [timer7] ERROR impl.OrderedAsync (OrderedAsync.java:lambda$null$6(215)) -  client-51560D84B792: Failed* RaftClientRequest:client-51560D84B792->262265f8-b6b0-4173-8249-6c4ff56c562c@group-B1C99A0430AE, cid=152, seq=4*, RW, cmdType: WriteChunk
traceID: ""
containerID: 5
datanodeUuid: "262265f8-b6b0-4173-8249-6c4ff56c562c"
writeChunk {
  blockID {
    containerID: 5
    localID: 115816896921600005
    blockCommitSequenceId: 2
    replicaIndex: 0
  }
  chunkData {
    chunkName: "115816896921600005_chunk_2"
    offset: 5
    len: 5
    checksumData {
      type: CRC32
      bytesPerChecksum: 16384
      checksums: "\350a\3440"
    }
  }
}
version: 3
, data.size=5
java.util.concurrent.CompletionException: org.apache.ratis.protocol.exceptions.AlreadyClosedException: client-51560D84B792->262265f8-b6b0-4173-8249-6c4ff56c562c is closed.
	at java.base/java.util.concurrent.CompletableFuture.encodeThrowable(CompletableFuture.java:332)
	at java.base/java.util.concurrent.CompletableFuture.uniAcceptNow(CompletableFuture.java:747)
	at java.base/java.util.concurrent.CompletableFuture.uniAcceptStage(CompletableFuture.java:735)
	at java.base/java.util.concurrent.CompletableFuture.thenAccept(CompletableFuture.java:2214)
	at org.apache.ratis.client.impl.OrderedAsync.sendRequestWithRetry(OrderedAsync.java:206)
	at org.apache.ratis.util.SlidingWindow$Client.sendOrDelayRequest(SlidingWindow.java:315)
	at org.apache.ratis.util.SlidingWindow$Client.retry(SlidingWindow.java:331)
	at org.apache.ratis.client.impl.OrderedAsync.lambda$handleException$8(OrderedAsync.java:253)
	at org.apache.ratis.util.TimeoutTimer.lambda$onTimeout$2(TimeoutTimer.java:101)
	at org.apache.ratis.util.LogUtils.runAndLog(LogUtils.java:38)
	at org.apache.ratis.util.LogUtils$1.run(LogUtils.java:78)
	at org.apache.ratis.util.TimeoutTimer$Task.run(TimeoutTimer.java:55)
	at java.base/java.util.TimerThread.mainLoop(Timer.java:566)
	at java.base/java.util.TimerThread.run(Timer.java:516)
Caused by: org.apache.ratis.protocol.exceptions.AlreadyClosedException: client-51560D84B792->262265f8-b6b0-4173-8249-6c4ff56c562c is closed.
	at org.apache.ratis.grpc.client.GrpcClientProtocolClient$AsyncStreamObservers.onNext(GrpcClientProtocolClient.java:352)
	at org.apache.ratis.grpc.client.GrpcClientRpc.sendRequestAsync(GrpcClientRpc.java:71)
	... 10 more
2025-07-15 19:45:14,616 [grpc-default-executor-4] ERROR impl.OrderedAsync (OrderedAsync.java:lambda$null$6(215)) -  client-51560D84B792: Failed* RaftClientRequest:client-51560D84B792->262265f8-b6b0-4173-8249-6c4ff56c562c@group-B1C99A0430AE, cid=152, seq=4*, RW, cmdType: WriteChunk
traceID: ""
containerID: 5
datanodeUuid: "262265f8-b6b0-4173-8249-6c4ff56c562c"
writeChunk {
  blockID {
    containerID: 5
    localID: 115816896921600005
    blockCommitSequenceId: 2
    replicaIndex: 0
  }
  chunkData {
    chunkName: "115816896921600005_chunk_2"
    offset: 5
    len: 5
    checksumData {
      type: CRC32
      bytesPerChecksum: 16384
      checksums: "\350a\3440"
    }
  }
}
version: 3
, data.size=5
java.util.concurrent.CompletionException: org.apache.ratis.protocol.exceptions.GroupMismatchException: 262265f8-b6b0-4173-8249-6c4ff56c562c: group-B1C99A0430AE not found.
	at java.base/java.util.concurrent.CompletableFuture.encodeThrowable(CompletableFuture.java:332)
	at java.base/java.util.concurrent.CompletableFuture.completeThrowable(CompletableFuture.java:347)
	at java.base/java.util.concurrent.CompletableFuture$UniAccept.tryFire(CompletableFuture.java:708)
	at java.base/java.util.concurrent.CompletableFuture.postComplete(CompletableFuture.java:510)
	at java.base/java.util.concurrent.CompletableFuture.completeExceptionally(CompletableFuture.java:2194)
	at org.apache.ratis.grpc.client.GrpcClientProtocolClient$AsyncStreamObservers.completeReplyExceptionally(GrpcClientProtocolClient.java:397)
	at org.apache.ratis.grpc.client.GrpcClientProtocolClient$AsyncStreamObservers.access$000(GrpcClientProtocolClient.java:303)
	at org.apache.ratis.grpc.client.GrpcClientProtocolClient$AsyncStreamObservers$1.onError(GrpcClientProtocolClient.java:334)
	at org.apache.ratis.thirdparty.io.grpc.stub.ClientCalls$StreamObserverToCallListenerAdapter.onClose(ClientCalls.java:564)
	at org.apache.ratis.thirdparty.io.grpc.PartialForwardingClientCallListener.onClose(PartialForwardingClientCallListener.java:39)
	at org.apache.ratis.thirdparty.io.grpc.ForwardingClientCallListener.onClose(ForwardingClientCallListener.java:23)
	at org.apache.ratis.grpc.metrics.intercept.client.MetricClientCallListener.onClose(MetricClientCallListener.java:47)
	at org.apache.ratis.thirdparty.io.grpc.internal.DelayedClientCall$DelayedListener$3.run(DelayedClientCall.java:489)
	at org.apache.ratis.thirdparty.io.grpc.internal.DelayedClientCall$DelayedListener.delayOrExecute(DelayedClientCall.java:453)
	at org.apache.ratis.thirdparty.io.grpc.internal.DelayedClientCall$DelayedListener.onClose(DelayedClientCall.java:486)
	at org.apache.ratis.thirdparty.io.grpc.internal.ClientCallImpl.closeObserver(ClientCallImpl.java:565)
	at org.apache.ratis.thirdparty.io.grpc.internal.ClientCallImpl.access$100(ClientCallImpl.java:72)
	at org.apache.ratis.thirdparty.io.grpc.internal.ClientCallImpl$ClientStreamListenerImpl$1StreamClosed.runInternal(ClientCallImpl.java:733)
	at org.apache.ratis.thirdparty.io.grpc.internal.ClientCallImpl$ClientStreamListenerImpl$1StreamClosed.runInContext(ClientCallImpl.java:714)
	at org.apache.ratis.thirdparty.io.grpc.internal.ContextRunnable.run(ContextRunnable.java:37)
	at org.apache.ratis.thirdparty.io.grpc.internal.SerializingExecutor.run(SerializingExecutor.java:133)
	at java.base/java.util.concurrent.ThreadPoolExecutor.runWorker(ThreadPoolExecutor.java:1144)
	at java.base/java.util.concurrent.ThreadPoolExecutor$Worker.run(ThreadPoolExecutor.java:642)
	at java.base/java.lang.Thread.run(Thread.java:1583)
Caused by: org.apache.ratis.protocol.exceptions.GroupMismatchException: 262265f8-b6b0-4173-8249-6c4ff56c562c: group-B1C99A0430AE not found.
	at org.apache.ratis.server.impl.RaftServerProxy$ImplMap.get(RaftServerProxy.java:160)
	at org.apache.ratis.server.impl.RaftServerProxy.getImplFuture(RaftServerProxy.java:370)
	at org.apache.ratis.server.impl.RaftServerProxy.submitClientRequestAsync(RaftServerProxy.java:455)
	at org.apache.ratis.grpc.server.GrpcClientProtocolService$RequestStreamObserver.processClientRequest(GrpcClientProtocolService.java:226)
	at org.apache.ratis.grpc.server.GrpcClientProtocolService$OrderedRequestStreamObserver.processClientRequest(GrpcClientProtocolService.java:332)
	at org.apache.ratis.util.SlidingWindow$Server.processRequestsFromHead(SlidingWindow.java:467)
	at org.apache.ratis.util.SlidingWindow$Server.receivedRequest(SlidingWindow.java:459)
	at org.apache.ratis.grpc.server.GrpcClientProtocolService$OrderedRequestStreamObserver.processClientRequest(GrpcClientProtocolService.java:356)
	at org.apache.ratis.grpc.server.GrpcClientProtocolService$RequestStreamObserver.onNext(GrpcClientProtocolService.java:246)
	at org.apache.ratis.grpc.server.GrpcClientProtocolService$RequestStreamObserver.onNext(GrpcClientProtocolService.java:169)
	at org.apache.ratis.thirdparty.io.grpc.stub.ServerCalls$StreamingServerCallHandler$StreamingServerCallListener.onMessage(ServerCalls.java:262)
	at org.apache.ratis.thirdparty.io.grpc.internal.ServerCallImpl$ServerStreamListenerImpl.messagesAvailableInternal(ServerCallImpl.java:334)
	at org.apache.ratis.thirdparty.io.grpc.internal.ServerCallImpl$ServerStreamListenerImpl.messagesAvailable(ServerCallImpl.java:319)
	at org.apache.ratis.thirdparty.io.grpc.internal.ServerImpl$JumpToApplicationThreadServerStreamListener$1MessagesAvailable.runInContext(ServerImpl.java:834)
	... 5 more
2025-07-15 19:45:14,617 [grpc-default-executor-4] ERROR impl.OrderedAsync (OrderedAsync.java:lambda$send$4(181)) - Failed to send request, message=cmdType: WriteChunk
traceID: ""
containerID: 5
datanodeUuid: "262265f8-b6b0-4173-8249-6c4ff56c562c"
writeChunk {
  blockID {
    containerID: 5
    localID: 115816896921600005
    blockCommitSequenceId: 2
    replicaIndex: 0
  }
  chunkData {
    chunkName: "115816896921600005_chunk_2"
    offset: 5
    len: 5
    checksumData {
      type: CRC32
      bytesPerChecksum: 16384
      checksums: "\350a\3440"
    }
  }
}
version: 3
, data.size=5
java.util.concurrent.CompletionException: org.apache.ratis.protocol.exceptions.GroupMismatchException: 262265f8-b6b0-4173-8249-6c4ff56c562c: group-B1C99A0430AE not found.
	at java.base/java.util.concurrent.CompletableFuture.encodeThrowable(CompletableFuture.java:332)
	at java.base/java.util.concurrent.CompletableFuture.completeThrowable(CompletableFuture.java:347)
	at java.base/java.util.concurrent.CompletableFuture$UniApply.tryFire(CompletableFuture.java:636)
	at java.base/java.util.concurrent.CompletableFuture.postComplete(CompletableFuture.java:510)
	at java.base/java.util.concurrent.CompletableFuture.completeExceptionally(CompletableFuture.java:2194)
	at org.apache.ratis.client.impl.OrderedAsync$PendingOrderedRequest.fail(OrderedAsync.java:111)
	at org.apache.ratis.util.SlidingWindow$Client.fail(SlidingWindow.java:395)
	at org.apache.ratis.client.impl.OrderedAsync.failAllAsyncRequests(OrderedAsync.java:155)
	at org.apache.ratis.client.impl.OrderedAsync.handleException(OrderedAsync.java:232)
	at org.apache.ratis.client.impl.OrderedAsync.lambda$sendRequestWithRetry$7(OrderedAsync.java:217)
	at java.base/java.util.concurrent.CompletableFuture.uniExceptionally(CompletableFuture.java:990)
	at java.base/java.util.concurrent.CompletableFuture$UniExceptionally.tryFire(CompletableFuture.java:974)
	at java.base/java.util.concurrent.CompletableFuture.postComplete(CompletableFuture.java:510)
	at java.base/java.util.concurrent.CompletableFuture.completeExceptionally(CompletableFuture.java:2194)
	at org.apache.ratis.grpc.client.GrpcClientProtocolClient$AsyncStreamObservers.completeReplyExceptionally(GrpcClientProtocolClient.java:397)
	at org.apache.ratis.grpc.client.GrpcClientProtocolClient$AsyncStreamObservers.access$000(GrpcClientProtocolClient.java:303)
	at org.apache.ratis.grpc.client.GrpcClientProtocolClient$AsyncStreamObservers$1.onError(GrpcClientProtocolClient.java:334)
	at org.apache.ratis.thirdparty.io.grpc.stub.ClientCalls$StreamObserverToCallListenerAdapter.onClose(ClientCalls.java:564)
	at org.apache.ratis.thirdparty.io.grpc.PartialForwardingClientCallListener.onClose(PartialForwardingClientCallListener.java:39)
	at org.apache.ratis.thirdparty.io.grpc.ForwardingClientCallListener.onClose(ForwardingClientCallListener.java:23)
	at org.apache.ratis.grpc.metrics.intercept.client.MetricClientCallListener.onClose(MetricClientCallListener.java:47)
	at org.apache.ratis.thirdparty.io.grpc.internal.DelayedClientCall$DelayedListener$3.run(DelayedClientCall.java:489)
	at org.apache.ratis.thirdparty.io.grpc.internal.DelayedClientCall$DelayedListener.delayOrExecute(DelayedClientCall.java:453)
	at org.apache.ratis.thirdparty.io.grpc.internal.DelayedClientCall$DelayedListener.onClose(DelayedClientCall.java:486)
	at org.apache.ratis.thirdparty.io.grpc.internal.ClientCallImpl.closeObserver(ClientCallImpl.java:565)
	at org.apache.ratis.thirdparty.io.grpc.internal.ClientCallImpl.access$100(ClientCallImpl.java:72)
	at org.apache.ratis.thirdparty.io.grpc.internal.ClientCallImpl$ClientStreamListenerImpl$1StreamClosed.runInternal(ClientCallImpl.java:733)
	at org.apache.ratis.thirdparty.io.grpc.internal.ClientCallImpl$ClientStreamListenerImpl$1StreamClosed.runInContext(ClientCallImpl.java:714)
	at org.apache.ratis.thirdparty.io.grpc.internal.ContextRunnable.run(ContextRunnable.java:37)
	at org.apache.ratis.thirdparty.io.grpc.internal.SerializingExecutor.run(SerializingExecutor.java:133)
	at java.base/java.util.concurrent.ThreadPoolExecutor.runWorker(ThreadPoolExecutor.java:1144)
	at java.base/java.util.concurrent.ThreadPoolExecutor$Worker.run(ThreadPoolExecutor.java:642)
	at java.base/java.lang.Thread.run(Thread.java:1583)
Caused by: org.apache.ratis.protocol.exceptions.GroupMismatchException: 262265f8-b6b0-4173-8249-6c4ff56c562c: group-B1C99A0430AE not found.
	at org.apache.ratis.server.impl.RaftServerProxy$ImplMap.get(RaftServerProxy.java:160)
	at org.apache.ratis.server.impl.RaftServerProxy.getImplFuture(RaftServerProxy.java:370)
	at org.apache.ratis.server.impl.RaftServerProxy.submitClientRequestAsync(RaftServerProxy.java:455)
	at org.apache.ratis.grpc.server.GrpcClientProtocolService$RequestStreamObserver.processClientRequest(GrpcClientProtocolService.java:226)
	at org.apache.ratis.grpc.server.GrpcClientProtocolService$OrderedRequestStreamObserver.processClientRequest(GrpcClientProtocolService.java:332)
	at org.apache.ratis.util.SlidingWindow$Server.processRequestsFromHead(SlidingWindow.java:467)
	at org.apache.ratis.util.SlidingWindow$Server.receivedRequest(SlidingWindow.java:459)
	at org.apache.ratis.grpc.server.GrpcClientProtocolService$OrderedRequestStreamObserver.processClientRequest(GrpcClientProtocolService.java:356)
	at org.apache.ratis.grpc.server.GrpcClientProtocolService$RequestStreamObserver.onNext(GrpcClientProtocolService.java:246)
	at org.apache.ratis.grpc.server.GrpcClientProtocolService$RequestStreamObserver.onNext(GrpcClientProtocolService.java:169)
	at org.apache.ratis.thirdparty.io.grpc.stub.ServerCalls$StreamingServerCallHandler$StreamingServerCallListener.onMessage(ServerCalls.java:262)
	at org.apache.ratis.thirdparty.io.grpc.internal.ServerCallImpl$ServerStreamListenerImpl.messagesAvailableInternal(ServerCallImpl.java:334)
	at org.apache.ratis.thirdparty.io.grpc.internal.ServerCallImpl$ServerStreamListenerImpl.messagesAvailable(ServerCallImpl.java:319)
	at org.apache.ratis.thirdparty.io.grpc.internal.ServerImpl$JumpToApplicationThreadServerStreamListener$1MessagesAvailable.runInContext(ServerImpl.java:834)
	... 5 more
2025-07-15 19:45:14,617 [grpc-default-executor-4] ERROR impl.OrderedAsync (OrderedAsync.java:lambda$send$4(179)) - Failed to send request, message=cmdType: PutBlock
traceID: ""
containerID: 5
datanodeUuid: "262265f8-b6b0-4173-8249-6c4ff56c562c"
putBlock {
  blockData {
    blockID {
      containerID: 5
      localID: 115816896921600005
      blockCommitSequenceId: 0
    }
    metadata {
      key: "TYPE"
      value: "KEY"
    }
    chunks {
      chunkName: "115816896921600005_chunk_1"
      offset: 0
      len: 5
      checksumData {
        type: CRC32
        bytesPerChecksum: 16384
        checksums: "\350a\3440"
      }
    }
    chunks {
      chunkName: "115816896921600005_chunk_2"
      offset: 5
      len: 5
      checksumData {
        type: CRC32
        bytesPerChecksum: 16384
        checksums: "\350a\3440"
      }
    }
  }
  eof: true
}
version: 3
, data.size=0 due to java.util.concurrent.CompletionException: org.apache.ratis.protocol.exceptions.AlreadyClosedException: SlidingWindow$Client:client-51560D84B792->RAFT is closed.
2025-07-15 19:45:14,618 [main] WARN  io.KeyOutputStream (KeyOutputStream.java:handleExceptionInternal(377)) - Encountered exception java.io.IOException: Unexpected Storage Container Exception: java.util.concurrent.CompletionException: Failed to write chunk 115816896921600005_chunk_2 into block conID: 5 locID: 115816896921600005 bcsId: 2 replicaIndex: null on the pipeline Pipeline{ Id: 2bb07160-c34f-4bd7-beaa-b1c99a0430ae, Nodes: [ {262265f8-b6b0-4173-8249-6c4ff56c562c(localhost/127.0.0.1), ReplicaIndex: 0},], ReplicationConfig: RATIS/ONE, State:OPEN, leaderId:262265f8-b6b0-4173-8249-6c4ff56c562c, CreationTimestamp2025-07-15T19:44:35.299Z[Etc/UTC]}. The last committed block length is 5, uncommitted data length is 5 retry count 0
2025-07-15 19:45:14,648 [main] INFO  io.BlockOutputStreamEntry (BlockOutputStreamEntry.java:writeOnRetry(192)) - BlockOutputStreamEntry:ratis conID: 6 locID: 115816896921600006 bcsId: 0 replicaIndex: null: Finish retrying with len 5, currentPosition 5
2025-07-15 19:45:14,648 [main] INFO  io.BlockOutputStreamEntry (BlockOutputStreamEntry.java:finishRetryHandling(141)) - BlockOutputStreamEntry:ratis conID: 6 locID: 115816896921600006 bcsId: 0 replicaIndex: null: Exiting retry handling mode
2025-07-15 19:45:14,651 [99cb6aa4-ab14-4525-b571-11fa40308ff9@group-4598BEE082BF-StateMachineUpdater] INFO  ratis.ContainerStateMachine (ContainerStateMachine.java:takeSnapshot(427)) - group-4598BEE082BF: Taking a snapshot at:(t:1, i:3) file /home/runner/work/ozone/ozone/hadoop-ozone/integration-test/target/test-dir/MiniOzoneClusterImpl-7a2c00ee-15e1-4921-aa6b-526c14ec89d8/ozone-meta/datanode-4/ratis/09eda921-ff68-4580-b554-4598bee082bf/sm/snapshot.1_3
2025-07-15 19:45:14,653 [99cb6aa4-ab14-4525-b571-11fa40308ff9@group-4598BEE082BF-StateMachineUpdater] INFO  ratis.ContainerStateMachine (ContainerStateMachine.java:takeSnapshot(436)) - group-4598BEE082BF: Finished taking a snapshot at:(t:1, i:3) file:/home/runner/work/ozone/ozone/hadoop-ozone/integration-test/target/test-dir/MiniOzoneClusterImpl-7a2c00ee-15e1-4921-aa6b-526c14ec89d8/ozone-meta/datanode-4/ratis/09eda921-ff68-4580-b554-4598bee082bf/sm/snapshot.1_3 took: 2 ms
2025-07-15 19:45:14,653 [99cb6aa4-ab14-4525-b571-11fa40308ff9@group-4598BEE082BF-StateMachineUpdater] INFO  impl.StateMachineUpdater (StateMachineUpdater.java:takeSnapshot(307)) - 99cb6aa4-ab14-4525-b571-11fa40308ff9@group-4598BEE082BF-StateMachineUpdater: Took a snapshot at index 3
2025-07-15 19:45:14,653 [99cb6aa4-ab14-4525-b571-11fa40308ff9@group-4598BEE082BF-StateMachineUpdater] INFO  impl.StateMachineUpdater (StateMachineUpdater.java:lambda$new$0(101)) - 99cb6aa4-ab14-4525-b571-11fa40308ff9@group-4598BEE082BF-StateMachineUpdater: snapshotIndex: updateIncreasingly 0 -> 3
2025-07-15 19:45:14,653 [99cb6aa4-ab14-4525-b571-11fa40308ff9@group-4598BEE082BF-StateMachineUpdater] INFO  ratis.ContainerStateMachine (ContainerStateMachine.java:takeSnapshot(427)) - group-4598BEE082BF: Taking a snapshot at:(t:1, i:5) file /home/runner/work/ozone/ozone/hadoop-ozone/integration-test/target/test-dir/MiniOzoneClusterImpl-7a2c00ee-15e1-4921-aa6b-526c14ec89d8/ozone-meta/datanode-4/ratis/09eda921-ff68-4580-b554-4598bee082bf/sm/snapshot.1_5
2025-07-15 19:45:14,655 [99cb6aa4-ab14-4525-b571-11fa40308ff9@group-4598BEE082BF-StateMachineUpdater] INFO  ratis.ContainerStateMachine (ContainerStateMachine.java:takeSnapshot(436)) - group-4598BEE082BF: Finished taking a snapshot at:(t:1, i:5) file:/home/runner/work/ozone/ozone/hadoop-ozone/integration-test/target/test-dir/MiniOzoneClusterImpl-7a2c00ee-15e1-4921-aa6b-526c14ec89d8/ozone-meta/datanode-4/ratis/09eda921-ff68-4580-b554-4598bee082bf/sm/snapshot.1_5 took: 2 ms
2025-07-15 19:45:14,655 [99cb6aa4-ab14-4525-b571-11fa40308ff9@group-4598BEE082BF-StateMachineUpdater] INFO  impl.StateMachineUpdater (StateMachineUpdater.java:takeSnapshot(307)) - 99cb6aa4-ab14-4525-b571-11fa40308ff9@group-4598BEE082BF-StateMachineUpdater: Took a snapshot at index 5
2025-07-15 19:45:14,655 [99cb6aa4-ab14-4525-b571-11fa40308ff9@group-4598BEE082BF-StateMachineUpdater] INFO  impl.StateMachineUpdater (StateMachineUpdater.java:lambda$new$0(101)) - 99cb6aa4-ab14-4525-b571-11fa40308ff9@group-4598BEE082BF-StateMachineUpdater: snapshotIndex: updateIncreasingly 3 -> 5
2025-07-15 19:45:14,660 [main] INFO  ozoneimpl.OzoneContainer (OzoneContainer.java:stop(544)) - Attempting to stop container services.
2025-07-15 19:45:14,660 [ContainerMetadataScanner] WARN  ozoneimpl.AbstractBackgroundContainerScanner (AbstractBackgroundContainerScanner.java:handleRemainingSleep(136)) - Background container scan was interrupted.
2025-07-15 19:45:14,660 [ContainerMetadataScanner] INFO  ozoneimpl.AbstractBackgroundContainerScanner (AbstractBackgroundContainerScanner.java:run(63)) - org.apache.hadoop.ozone.container.ozoneimpl.BackgroundContainerMetadataScanner@4bdf25f5 exiting.
2025-07-15 19:45:14,660 [main] INFO  ozoneimpl.BackgroundContainerDataScanner (BackgroundContainerDataScanner.java:shutdown(87)) - ContainerDataScanner(/home/runner/work/ozone/ozone/hadoop-ozone/integration-test/target/test-dir/MiniOzoneClusterImpl-7a2c00ee-15e1-4921-aa6b-526c14ec89d8/ozone-meta/datanode-7/data-0/hdds) is shutting down. 
2025-07-15 19:45:14,660 [ContainerDataScanner(/home/runner/work/ozone/ozone/hadoop-ozone/integration-test/target/test-dir/MiniOzoneClusterImpl-7a2c00ee-15e1-4921-aa6b-526c14ec89d8/ozone-meta/datanode-7/data-0/hdds)] WARN  ozoneimpl.AbstractBackgroundContainerScanner (AbstractBackgroundContainerScanner.java:handleRemainingSleep(136)) - Background container scan was interrupted.
2025-07-15 19:45:14,661 [ContainerDataScanner(/home/runner/work/ozone/ozone/hadoop-ozone/integration-test/target/test-dir/MiniOzoneClusterImpl-7a2c00ee-15e1-4921-aa6b-526c14ec89d8/ozone-meta/datanode-7/data-0/hdds)] INFO  ozoneimpl.AbstractBackgroundContainerScanner (AbstractBackgroundContainerScanner.java:run(63)) - ContainerDataScanner(/home/runner/work/ozone/ozone/hadoop-ozone/integration-test/target/test-dir/MiniOzoneClusterImpl-7a2c00ee-15e1-4921-aa6b-526c14ec89d8/ozone-meta/datanode-7/data-0/hdds, DS-d43809f7-caa8-46a1-8864-290b431f99c8) exiting.
2025-07-15 19:45:14,661 [main] INFO  ozoneimpl.OnDemandContainerScanner (OnDemandContainerScanner.java:shutdown(132)) - On-demand container scanner is shutting down.
2025-07-15 19:45:14,665 [main] INFO  ratis.XceiverServerRatis (XceiverServerRatis.java:stop(594)) - Closing XceiverServerRatis(262265f8-b6b0-4173-8249-6c4ff56c562c)
2025-07-15 19:45:14,665 [main] INFO  server.RaftServer (RaftServerProxy.java:lambda$close$9(422)) - 262265f8-b6b0-4173-8249-6c4ff56c562c: close
2025-07-15 19:45:14,666 [262265f8-b6b0-4173-8249-6c4ff56c562c-impl-thread1] INFO  server.RaftServer$Division (RaftServerImpl.java:lambda$close$1(527)) - 262265f8-b6b0-4173-8249-6c4ff56c562c@group-D4D9E1AFA3FC: shutdown
2025-07-15 19:45:14,666 [262265f8-b6b0-4173-8249-6c4ff56c562c-impl-thread2] INFO  server.RaftServer$Division (RaftServerImpl.java:lambda$close$1(527)) - 262265f8-b6b0-4173-8249-6c4ff56c562c@group-A35D399F7985: shutdown
2025-07-15 19:45:14,666 [262265f8-b6b0-4173-8249-6c4ff56c562c-impl-thread2] INFO  util.JmxRegister (JmxRegister.java:unregister(74)) - Successfully un-registered JMX Bean with object name Ratis:service=RaftServer,group=group-A35D399F7985,id=262265f8-b6b0-4173-8249-6c4ff56c562c
2025-07-15 19:45:14,666 [262265f8-b6b0-4173-8249-6c4ff56c562c-impl-thread2] INFO  impl.RoleInfo (RoleInfo.java:shutdownFollowerState(121)) - 262265f8-b6b0-4173-8249-6c4ff56c562c: shutdown 262265f8-b6b0-4173-8249-6c4ff56c562c@group-A35D399F7985-FollowerState
2025-07-15 19:45:14,666 [262265f8-b6b0-4173-8249-6c4ff56c562c-impl-thread2] INFO  impl.StateMachineUpdater (StateMachineUpdater.java:stopAndJoin(163)) - 262265f8-b6b0-4173-8249-6c4ff56c562c@group-A35D399F7985-StateMachineUpdater: set stopIndex = 10
2025-07-15 19:45:14,666 [main] INFO  server.GrpcServicesImpl (GrpcServicesImpl.java:closeImpl(355)) - 262265f8-b6b0-4173-8249-6c4ff56c562c: shutdown server org.apache.ratis.grpc.server.GrpcClientProtocolService now
2025-07-15 19:45:14,666 [262265f8-b6b0-4173-8249-6c4ff56c562c@group-A35D399F7985-StateMachineUpdater] INFO  impl.StateMachineUpdater (StateMachineUpdater.java:stop(140)) - 262265f8-b6b0-4173-8249-6c4ff56c562c@group-A35D399F7985-StateMachineUpdater: closing ContainerStateMachine, lastApplied=(t:1, i:10)
2025-07-15 19:45:14,666 [262265f8-b6b0-4173-8249-6c4ff56c562c-impl-thread1] INFO  util.JmxRegister (JmxRegister.java:unregister(74)) - Successfully un-registered JMX Bean with object name Ratis:service=RaftServer,group=group-D4D9E1AFA3FC,id=262265f8-b6b0-4173-8249-6c4ff56c562c
2025-07-15 19:45:14,666 [262265f8-b6b0-4173-8249-6c4ff56c562c-impl-thread1] INFO  impl.RoleInfo (RoleInfo.java:shutdownFollowerState(121)) - 262265f8-b6b0-4173-8249-6c4ff56c562c: shutdown 262265f8-b6b0-4173-8249-6c4ff56c562c@group-D4D9E1AFA3FC-FollowerState
2025-07-15 19:45:14,667 [262265f8-b6b0-4173-8249-6c4ff56c562c-impl-thread1] INFO  impl.StateMachineUpdater (StateMachineUpdater.java:stopAndJoin(163)) - 262265f8-b6b0-4173-8249-6c4ff56c562c@group-D4D9E1AFA3FC-StateMachineUpdater: set stopIndex = 0
2025-07-15 19:45:14,667 [Thread-1167] INFO  server.GrpcServerProtocolClient (GrpcServerProtocolClient.java:close(105)) - 73892b45-0ad3-4392-8d09-ab2d1cd7ede4 Close channels
2025-07-15 19:45:14,666 [262265f8-b6b0-4173-8249-6c4ff56c562c@group-A35D399F7985-FollowerState] INFO  impl.FollowerState (FollowerState.java:runImpl(170)) - 262265f8-b6b0-4173-8249-6c4ff56c562c@group-A35D399F7985-FollowerState was interrupted
2025-07-15 19:45:14,667 [262265f8-b6b0-4173-8249-6c4ff56c562c@group-D4D9E1AFA3FC-FollowerState] INFO  impl.FollowerState (FollowerState.java:runImpl(170)) - 262265f8-b6b0-4173-8249-6c4ff56c562c@group-D4D9E1AFA3FC-FollowerState was interrupted
2025-07-15 19:45:14,667 [262265f8-b6b0-4173-8249-6c4ff56c562c@group-D4D9E1AFA3FC-StateMachineUpdater] INFO  impl.StateMachineUpdater (StateMachineUpdater.java:stop(140)) - 262265f8-b6b0-4173-8249-6c4ff56c562c@group-D4D9E1AFA3FC-StateMachineUpdater: closing ContainerStateMachine, lastApplied=(t:1, i:0)
2025-07-15 19:45:14,667 [262265f8-b6b0-4173-8249-6c4ff56c562c@group-D4D9E1AFA3FC-cacheEviction-AwaitToRun] INFO  util.AwaitToRun (AwaitToRun.java:run(49)) - 262265f8-b6b0-4173-8249-6c4ff56c562c@group-D4D9E1AFA3FC-cacheEviction-AwaitToRun-AwaitForSignal is interrupted
2025-07-15 19:45:14,667 [262265f8-b6b0-4173-8249-6c4ff56c562c@group-A35D399F7985-cacheEviction-AwaitToRun] INFO  util.AwaitToRun (AwaitToRun.java:run(49)) - 262265f8-b6b0-4173-8249-6c4ff56c562c@group-A35D399F7985-cacheEviction-AwaitToRun-AwaitForSignal is interrupted
2025-07-15 19:45:14,668 [Thread-1168] INFO  server.GrpcServerProtocolClient (GrpcServerProtocolClient.java:close(105)) - edffad61-d5a0-4c2f-abd3-1d848b9782f9 Close channels
2025-07-15 19:45:14,669 [main] INFO  server.GrpcServicesImpl (GrpcServicesImpl.java:closeImpl(364)) - 262265f8-b6b0-4173-8249-6c4ff56c562c: shutdown server org.apache.ratis.grpc.server.GrpcClientProtocolService successfully
2025-07-15 19:45:14,669 [main] INFO  server.GrpcServicesImpl (GrpcServicesImpl.java:closeImpl(355)) - 262265f8-b6b0-4173-8249-6c4ff56c562c: shutdown server GrpcServerProtocolService now
2025-07-15 19:45:14,673 [grpc-default-executor-3] WARN  server.GrpcServerProtocolService (LogUtils.java:warn(127)) - 262265f8-b6b0-4173-8249-6c4ff56c562c: APPEND_ENTRIES onError, lastRequest: null: org.apache.ratis.thirdparty.io.grpc.StatusRuntimeException: CANCELLED: client cancelled
2025-07-15 19:45:14,673 [grpc-default-executor-2] WARN  server.GrpcServerProtocolService (LogUtils.java:warn(127)) - 262265f8-b6b0-4173-8249-6c4ff56c562c: APPEND_ENTRIES onError, lastRequest: 73892b45-0ad3-4392-8d09-ab2d1cd7ede4->262265f8-b6b0-4173-8249-6c4ff56c562c#23-t1,previous=(t:1, i:9),leaderCommit=9,initializing? false,entries: size=1, first=(t:1, i:10), METADATAENTRY(c:9): org.apache.ratis.thirdparty.io.grpc.StatusRuntimeException: CANCELLED: client cancelled
2025-07-15 19:45:14,673 [grpc-default-executor-5] WARN  server.GrpcServerProtocolService (LogUtils.java:warn(127)) - 262265f8-b6b0-4173-8249-6c4ff56c562c: APPEND_ENTRIES onError, lastRequest: null: org.apache.ratis.thirdparty.io.grpc.StatusRuntimeException: CANCELLED: client cancelled
2025-07-15 19:45:14,675 [main] INFO  server.GrpcServicesImpl (GrpcServicesImpl.java:closeImpl(364)) - 262265f8-b6b0-4173-8249-6c4ff56c562c: shutdown server GrpcServerProtocolService successfully
2025-07-15 19:45:14,675 [main] INFO  server.GrpcServicesImpl (GrpcServicesImpl.java:closeImpl(355)) - 262265f8-b6b0-4173-8249-6c4ff56c562c: shutdown server org.apache.ratis.grpc.server.GrpcAdminProtocolService now
2025-07-15 19:45:14,675 [grpc-default-executor-5] WARN  server.GrpcLogAppender (LogUtils.java:warn(127)) - edffad61-d5a0-4c2f-abd3-1d848b9782f9@group-D4D9E1AFA3FC->262265f8-b6b0-4173-8249-6c4ff56c562c-AppendLogResponseHandler: Failed appendEntries: org.apache.ratis.thirdparty.io.grpc.StatusRuntimeException: CANCELLED: RST_STREAM closed stream. HTTP/2 error code: CANCEL
2025-07-15 19:45:14,676 [grpc-default-executor-4] WARN  server.GrpcLogAppender (LogUtils.java:warn(127)) - 73892b45-0ad3-4392-8d09-ab2d1cd7ede4@group-A35D399F7985->262265f8-b6b0-4173-8249-6c4ff56c562c-AppendLogResponseHandler: Failed appendEntries: org.apache.ratis.thirdparty.io.grpc.StatusRuntimeException: CANCELLED: RST_STREAM closed stream. HTTP/2 error code: CANCEL
2025-07-15 19:45:14,676 [main] INFO  server.GrpcServicesImpl (GrpcServicesImpl.java:closeImpl(364)) - 262265f8-b6b0-4173-8249-6c4ff56c562c: shutdown server org.apache.ratis.grpc.server.GrpcAdminProtocolService successfully
2025-07-15 19:45:14,677 [grpc-default-executor-5] WARN  server.GrpcLogAppender (GrpcLogAppender.java:lambda$resetClient$1(228)) - edffad61-d5a0-4c2f-abd3-1d848b9782f9@group-D4D9E1AFA3FC->262265f8-b6b0-4173-8249-6c4ff56c562c-GrpcLogAppender: Follower failed (request=null, errorCount=1); keep nextIndex (1) unchanged and retry.
2025-07-15 19:45:14,677 [grpc-default-executor-4] WARN  server.GrpcLogAppender (GrpcLogAppender.java:lambda$resetClient$1(228)) - 73892b45-0ad3-4392-8d09-ab2d1cd7ede4@group-A35D399F7985->262265f8-b6b0-4173-8249-6c4ff56c562c-GrpcLogAppender: Follower failed (request=null, errorCount=1); keep nextIndex (11) unchanged and retry.
2025-07-15 19:45:14,682 [262265f8-b6b0-4173-8249-6c4ff56c562c-NettyServerStreamRpc-bossGroup--thread1] INFO  logging.LoggingHandler (AbstractInternalLogger.java:log(148)) - [id: 0xa21f8e68, L:/0.0.0.0:15064] CLOSE
2025-07-15 19:45:14,682 [262265f8-b6b0-4173-8249-6c4ff56c562c-NettyServerStreamRpc-bossGroup--thread1] INFO  logging.LoggingHandler (AbstractInternalLogger.java:log(148)) - [id: 0xa21f8e68, L:/0.0.0.0:15064] INACTIVE
2025-07-15 19:45:14,682 [262265f8-b6b0-4173-8249-6c4ff56c562c-NettyServerStreamRpc-bossGroup--thread1] INFO  logging.LoggingHandler (AbstractInternalLogger.java:log(148)) - [id: 0xa21f8e68, L:/0.0.0.0:15064] UNREGISTERED
2025-07-15 19:45:14,683 [grpc-default-executor-0] WARN  server.GrpcServerProtocolService (LogUtils.java:warn(127)) - 262265f8-b6b0-4173-8249-6c4ff56c562c: APPEND_ENTRIES onError, lastRequest: edffad61-d5a0-4c2f-abd3-1d848b9782f9->262265f8-b6b0-4173-8249-6c4ff56c562c#1-t1,previous=<PROTO_DEFAULT>,leaderCommit=-1,initializing? false,entries: size=1, first=(t:1, i:0), CONFIGURATIONENTRY(current:id:"262265f8-b6b0-4173-8249-6c4ff56c562c"address:"127.0.0.1:15063"dataStreamAddress:"127.0.0.1:15064"clientAddress:"127.0.0.1:15061"adminAddress:"127.0.0.1:15062"startupRole:FOLLOWER, id:"73892b45-0ad3-4392-8d09-ab2d1cd7ede4"address:"127.0.0.1:15071"dataStreamAddress:"127.0.0.1:15072"clientAddress:"127.0.0.1:15069"adminAddress:"127.0.0.1:15070"startupRole:FOLLOWER, id:"edffad61-d5a0-4c2f-abd3-1d848b9782f9"address:"127.0.0.1:15079"priority:1dataStreamAddress:"127.0.0.1:15080"clientAddress:"127.0.0.1:15077"adminAddress:"127.0.0.1:15078"startupRole:FOLLOWER, old:): org.apache.ratis.thirdparty.io.grpc.StatusRuntimeException: CANCELLED: client cancelled
2025-07-15 19:45:14,995 [262265f8-b6b0-4173-8249-6c4ff56c562c-impl-thread2] INFO  segmented.SegmentedRaftLogWorker (SegmentedRaftLogWorker.java:close(254)) - 262265f8-b6b0-4173-8249-6c4ff56c562c@group-A35D399F7985-SegmentedRaftLogWorker close()
2025-07-15 19:45:14,997 [262265f8-b6b0-4173-8249-6c4ff56c562c-impl-thread2] INFO  ratis.ContainerStateMachine (ContainerStateMachine.java:notifyServerShutdown(1038)) - group-A35D399F7985 is closed by HddsDatanodeService
2025-07-15 19:45:15,532 [262265f8-b6b0-4173-8249-6c4ff56c562c-impl-thread1] INFO  segmented.SegmentedRaftLogWorker (SegmentedRaftLogWorker.java:close(254)) - 262265f8-b6b0-4173-8249-6c4ff56c562c@group-D4D9E1AFA3FC-SegmentedRaftLogWorker close()
2025-07-15 19:45:15,533 [262265f8-b6b0-4173-8249-6c4ff56c562c-impl-thread1] INFO  ratis.ContainerStateMachine (ContainerStateMachine.java:notifyServerShutdown(1038)) - group-D4D9E1AFA3FC is closed by HddsDatanodeService
2025-07-15 19:45:15,533 [JvmPauseMonitor9] INFO  util.JvmPauseMonitor (JvmPauseMonitor.java:run(152)) - JvmPauseMonitor-262265f8-b6b0-4173-8249-6c4ff56c562c: Stopped
2025-07-15 19:45:17,545 [main] INFO  utils.DatanodeStoreCache (DatanodeStoreCache.java:shutdownCache(110)) - Skip clearing cache in mini cluster mode. Entries left: [/home/runner/work/ozone/ozone/hadoop-ozone/integration-test/target/test-dir/MiniOzoneClusterImpl-7a2c00ee-15e1-4921-aa6b-526c14ec89d8/ozone-meta/datanode-1/data-0/hdds/7a2c00ee-15e1-4921-aa6b-526c14ec89d8/DS-1f420d91-af37-4a0f-b334-2e6483a09013/container.db, /home/runner/work/ozone/ozone/hadoop-ozone/integration-test/target/test-dir/MiniOzoneClusterImpl-7a2c00ee-15e1-4921-aa6b-526c14ec89d8/ozone-meta/datanode-10/data-0/hdds/7a2c00ee-15e1-4921-aa6b-526c14ec89d8/DS-0cb46b9d-b8f4-4185-b5d1-0eaa53433da5/container.db, /home/runner/work/ozone/ozone/hadoop-ozone/integration-test/target/test-dir/MiniOzoneClusterImpl-7a2c00ee-15e1-4921-aa6b-526c14ec89d8/ozone-meta/datanode-2/data-0/hdds/7a2c00ee-15e1-4921-aa6b-526c14ec89d8/DS-a6f2e6b9-c076-429c-b259-3fc2ed5ac679/container.db, /home/runner/work/ozone/ozone/hadoop-ozone/integration-test/target/test-dir/MiniOzoneClusterImpl-7a2c00ee-15e1-4921-aa6b-526c14ec89d8/ozone-meta/datanode-3/data-0/hdds/7a2c00ee-15e1-4921-aa6b-526c14ec89d8/DS-7e98dc3d-c5b4-4b5b-945e-cfa62ee37c49/container.db, /home/runner/work/ozone/ozone/hadoop-ozone/integration-test/target/test-dir/MiniOzoneClusterImpl-7a2c00ee-15e1-4921-aa6b-526c14ec89d8/ozone-meta/datanode-4/data-0/hdds/7a2c00ee-15e1-4921-aa6b-526c14ec89d8/DS-372f387d-b4d0-4ec5-9bf4-d46631d0985a/container.db, /home/runner/work/ozone/ozone/hadoop-ozone/integration-test/target/test-dir/MiniOzoneClusterImpl-7a2c00ee-15e1-4921-aa6b-526c14ec89d8/ozone-meta/datanode-5/data-0/hdds/7a2c00ee-15e1-4921-aa6b-526c14ec89d8/DS-02a136f5-1dbe-44f7-91dd-35afecff0ed5/container.db, /home/runner/work/ozone/ozone/hadoop-ozone/integration-test/target/test-dir/MiniOzoneClusterImpl-7a2c00ee-15e1-4921-aa6b-526c14ec89d8/ozone-meta/datanode-6/data-0/hdds/7a2c00ee-15e1-4921-aa6b-526c14ec89d8/DS-e9dde3f2-7900-43db-9ff6-181455ec9438/container.db, /home/runner/work/ozone/ozone/hadoop-ozone/integration-test/target/test-dir/MiniOzoneClusterImpl-7a2c00ee-15e1-4921-aa6b-526c14ec89d8/ozone-meta/datanode-7/data-0/hdds/7a2c00ee-15e1-4921-aa6b-526c14ec89d8/DS-d43809f7-caa8-46a1-8864-290b431f99c8/container.db, /home/runner/work/ozone/ozone/hadoop-ozone/integration-test/target/test-dir/MiniOzoneClusterImpl-7a2c00ee-15e1-4921-aa6b-526c14ec89d8/ozone-meta/datanode-8/data-0/hdds/7a2c00ee-15e1-4921-aa6b-526c14ec89d8/DS-b67d973d-afac-4900-af38-6f3038c9973e/container.db, /home/runner/work/ozone/ozone/hadoop-ozone/integration-test/target/test-dir/MiniOzoneClusterImpl-7a2c00ee-15e1-4921-aa6b-526c14ec89d8/ozone-meta/datanode-9/data-0/hdds/7a2c00ee-15e1-4921-aa6b-526c14ec89d8/DS-d66e7f31-4fe2-48f5-b978-05858b4224f0/container.db]
2025-07-15 19:45:17,548 [main] INFO  utils.DatanodeStoreCache (DatanodeStoreCache.java:removeDB(104)) - Removed db /home/runner/work/ozone/ozone/hadoop-ozone/integration-test/target/test-dir/MiniOzoneClusterImpl-7a2c00ee-15e1-4921-aa6b-526c14ec89d8/ozone-meta/datanode-7/data-0/hdds/7a2c00ee-15e1-4921-aa6b-526c14ec89d8/DS-d43809f7-caa8-46a1-8864-290b431f99c8/container.db from cache
2025-07-15 19:45:17,548 [main] INFO  volume.HddsVolume (HddsVolume.java:closeDbStore(608)) - SchemaV3 db is stopped at /home/runner/work/ozone/ozone/hadoop-ozone/integration-test/target/test-dir/MiniOzoneClusterImpl-7a2c00ee-15e1-4921-aa6b-526c14ec89d8/ozone-meta/datanode-7/data-0/hdds/7a2c00ee-15e1-4921-aa6b-526c14ec89d8/DS-d43809f7-caa8-46a1-8864-290b431f99c8/container.db for volume DS-d43809f7-caa8-46a1-8864-290b431f99c8
2025-07-15 19:45:17,548 [main] INFO  utils.BackgroundService (BackgroundService.java:shutdown(178)) - Shutting down service BlockDeletingService
2025-07-15 19:45:17,549 [main] INFO  utils.BackgroundService (BackgroundService.java:shutdown(178)) - Shutting down service StaleRecoveringContainerScrubbingService
2025-07-15 19:45:17,550 [main] INFO  statemachine.DatanodeStateMachine (DatanodeStateMachine.java:stopDaemon(637)) - Ozone container server stopped.
2025-07-15 19:45:17,567 [main] INFO  handler.ContextHandler (ContextHandler.java:doStop(1159)) - Stopped o.e.j.w.WebAppContext@17edcf4c{hddsDatanode,/,null,STOPPED}{jar:file:/home/runner/work/ozone/ozone/hadoop-hdds/container-service/target/hdds-container-service-2.1.0-SNAPSHOT.jar!/webapps/hddsDatanode}
2025-07-15 19:45:17,570 [main] INFO  server.AbstractConnector (AbstractConnector.java:doStop(383)) - Stopped ServerConnector@31e0f738{HTTP/1.1, (http/1.1)}{0.0.0.0:15058}
2025-07-15 19:45:17,570 [main] INFO  server.session (HouseKeeper.java:stopScavenging(149)) - node0 Stopped scavenging
2025-07-15 19:45:17,570 [main] INFO  handler.ContextHandler (ContextHandler.java:doStop(1159)) - Stopped o.e.j.s.ServletContextHandler@67c09530{static,/static,jar:file:/home/runner/work/ozone/ozone/hadoop-hdds/container-service/target/hdds-container-service-2.1.0-SNAPSHOT.jar!/webapps/static,STOPPED}
2025-07-15 19:45:17,570 [main] INFO  handler.ContextHandler (ContextHandler.java:doStop(1159)) - Stopped o.e.j.s.ServletContextHandler@22be4867{logs,/logs,file:///home/runner/work/ozone/ozone/hadoop-ozone/integration-test/target/log,STOPPED}
2025-07-15 19:45:17,572 [main] INFO  ozone.HddsDatanodeClientProtocolServer (HddsDatanodeClientProtocolServer.java:stop(82)) - Stopping the RPC server for Client Protocol
2025-07-15 19:45:17,572 [main] INFO  ipc.Server (Server.java:stop(3697)) - Stopping server on 15059
2025-07-15 19:45:17,574 [IPC Server listener on 15059] INFO  ipc.Server (Server.java:run(1585)) - Stopping IPC Server listener on 15059
2025-07-15 19:45:17,574 [IPC Server Responder] INFO  ipc.Server (Server.java:run(1718)) - Stopping IPC Server Responder
2025-07-15 19:45:17,577 [main] INFO  impl.MetricsSystemImpl (MetricsSystemImpl.java:init(158)) - HddsDatanode metrics system started (again)
2025-07-15 19:45:17,612 [main] INFO  ozone.HddsDatanodeService (HddsDatanodeService.java:start(236)) - HddsDatanodeService 262265f8-b6b0-4173-8249-6c4ff56c562c(localhost/127.0.0.1)
2025-07-15 19:45:17,613 [main] INFO  upgrade.AbstractLayoutVersionManager (AbstractLayoutVersionManager.java:init(80)) - Initializing Layout version manager with metadata layout = HBASE_SUPPORT (version = 8), software layout = HBASE_SUPPORT (version = 8)
2025-07-15 19:45:17,614 [main] INFO  statemachine.DatanodeStateMachine (DatanodeStateMachine.java:getEndPointTaskThreadPoolSize(305)) - Datanode State Machine Task Thread Pool size 2
2025-07-15 19:45:17,617 [main] INFO  volume.HddsVolume (HddsVolume.java:<init>(162)) - HddsVolume: { id=DS-d43809f7-caa8-46a1-8864-290b431f99c8 dir=/home/runner/work/ozone/ozone/hadoop-ozone/integration-test/target/test-dir/MiniOzoneClusterImpl-7a2c00ee-15e1-4921-aa6b-526c14ec89d8/ozone-meta/datanode-7/data-0/hdds type=DISK capacity=9222449699674390527 used=0 available=9222449699674390527 minFree=9222450130714624 committed=0 }
2025-07-15 19:45:17,617 [main] INFO  volume.MutableVolumeSet (MutableVolumeSet.java:initializeVolumeSet(167)) - Added Volume : /home/runner/work/ozone/ozone/hadoop-ozone/integration-test/target/test-dir/MiniOzoneClusterImpl-7a2c00ee-15e1-4921-aa6b-526c14ec89d8/ozone-meta/datanode-7/data-0/hdds to VolumeSet
2025-07-15 19:45:17,619 [main] INFO  volume.MutableVolumeSet (MutableVolumeSet.java:initializeVolumeSet(167)) - Added Volume : /home/runner/work/ozone/ozone/hadoop-ozone/integration-test/target/test-dir/MiniOzoneClusterImpl-7a2c00ee-15e1-4921-aa6b-526c14ec89d8/ozone-meta/datanode-7/ratisd3c09cfe-1d0a-4dc8-8ed0-5b6543917d40 to VolumeSet
2025-07-15 19:45:17,641 [ForkJoinPool.commonPool-worker-1] INFO  utils.DatanodeStoreCache (DatanodeStoreCache.java:addDB(70)) - Added db /home/runner/work/ozone/ozone/hadoop-ozone/integration-test/target/test-dir/MiniOzoneClusterImpl-7a2c00ee-15e1-4921-aa6b-526c14ec89d8/ozone-meta/datanode-7/data-0/hdds/7a2c00ee-15e1-4921-aa6b-526c14ec89d8/DS-d43809f7-caa8-46a1-8864-290b431f99c8/container.db to cache
2025-07-15 19:45:17,642 [ForkJoinPool.commonPool-worker-1] INFO  volume.HddsVolume (HddsVolume.java:loadDbStore(516)) - SchemaV3 db is loaded at /home/runner/work/ozone/ozone/hadoop-ozone/integration-test/target/test-dir/MiniOzoneClusterImpl-7a2c00ee-15e1-4921-aa6b-526c14ec89d8/ozone-meta/datanode-7/data-0/hdds/7a2c00ee-15e1-4921-aa6b-526c14ec89d8/DS-d43809f7-caa8-46a1-8864-290b431f99c8/container.db for volume DS-d43809f7-caa8-46a1-8864-290b431f99c8
2025-07-15 19:45:17,642 [main] INFO  ozoneimpl.OzoneContainer (HddsVolumeUtil.java:loadAllHddsVolumeDbStore(102)) - Load 1 volumes DbStore cost: 22ms
2025-07-15 19:45:17,642 [main] WARN  db.DBStoreBuilder (DBStoreBuilder.java:getDBDirPath(158)) - ozone.scm.datanode.id.dir is not configured. We recommend adding this setting. Falling back to ozone.metadata.dirs instead.
2025-07-15 19:45:17,643 [main] WARN  db.DBStoreBuilder (DBStoreBuilder.java:getDBDirPath(158)) - ozone.scm.datanode.id.dir is not configured. We recommend adding this setting. Falling back to ozone.metadata.dirs instead.
2025-07-15 19:45:17,655 [main] INFO  impl.FilePerChunkStrategy (FilePerChunkStrategy.java:<init>(79)) - ozone.chunk.read.mapped.buffer.max.count is load with 0
2025-07-15 19:45:17,655 [main] INFO  impl.FilePerBlockStrategy (FilePerBlockStrategy.java:<init>(88)) - ozone.chunk.read.mapped.buffer.max.count is load with 0
2025-07-15 19:45:17,656 [main] INFO  server.RaftServerConfigKeys (ConfUtils.java:logGet(62)) - raft.server.log.appender.buffer.byte-limit = 33554432 (custom)
2025-07-15 19:45:17,657 [main] INFO  grpc.GrpcConfigKeys (ConfUtils.java:logFallback(69)) - raft.grpc.admin.host = null (fallback to raft.grpc.server.host)
2025-07-15 19:45:17,658 [main] INFO  grpc.GrpcConfigKeys (ConfUtils.java:logGet(62)) - raft.grpc.admin.port = 15062 (custom)
2025-07-15 19:45:17,658 [main] INFO  grpc.GrpcConfigKeys (ConfUtils.java:logFallback(69)) - raft.grpc.client.host = null (fallback to raft.grpc.server.host)
2025-07-15 19:45:17,658 [main] INFO  grpc.GrpcConfigKeys (ConfUtils.java:logGet(62)) - raft.grpc.client.port = 15061 (custom)
2025-07-15 19:45:17,658 [main] INFO  grpc.GrpcConfigKeys (ConfUtils.java:logGet(62)) - raft.grpc.server.port = 15063 (custom)
2025-07-15 19:45:17,658 [main] INFO  server.GrpcServicesImpl (ConfUtils.java:logGet(62)) - raft.grpc.message.size.max = 34603008 (custom)
2025-07-15 19:45:17,658 [main] INFO  server.GrpcServicesImpl (ConfUtils.java:logGet(62)) - raft.grpc.flow.control.window = 5MB (=5242880) (custom)
2025-07-15 19:45:17,658 [main] INFO  server.RaftServerConfigKeys (ConfUtils.java:logGet(62)) - raft.server.log.appender.buffer.byte-limit = 33554432 (custom)
2025-07-15 19:45:17,661 [main] INFO  netty.NettyUtils (NettyUtils.java:newEventLoopGroup(74)) - Create EpollEventLoopGroup for 262265f8-b6b0-4173-8249-6c4ff56c562c-NettyServerStreamRpc-bossGroup; Thread size is 0.
2025-07-15 19:45:17,662 [main] INFO  netty.NettyUtils (NettyUtils.java:newEventLoopGroup(74)) - Create EpollEventLoopGroup for 262265f8-b6b0-4173-8249-6c4ff56c562c-NettyServerStreamRpc-workerGroup; Thread size is 0.
2025-07-15 19:45:17,662 [main] INFO  netty.NettyConfigKeys$DataStream (ConfUtils.java:logGet(62)) - raft.netty.dataStream.port = 15064 (custom)
2025-07-15 19:45:17,663 [main] INFO  server.RaftServerConfigKeys (ConfUtils.java:logGet(62)) - raft.server.storage.dir = [/home/runner/work/ozone/ozone/hadoop-ozone/integration-test/target/test-dir/MiniOzoneClusterImpl-7a2c00ee-15e1-4921-aa6b-526c14ec89d8/ozone-meta/datanode-7/ratisd3c09cfe-1d0a-4dc8-8ed0-5b6543917d40] (custom)
2025-07-15 19:45:17,663 [262265f8-b6b0-4173-8249-6c4ff56c562c-NettyServerStreamRpc-bossGroup--thread1] INFO  logging.LoggingHandler (AbstractInternalLogger.java:log(148)) - [id: 0x39f3514f] REGISTERED
2025-07-15 19:45:17,664 [262265f8-b6b0-4173-8249-6c4ff56c562c-NettyServerStreamRpc-bossGroup--thread1] INFO  logging.LoggingHandler (AbstractInternalLogger.java:log(148)) - [id: 0x39f3514f] BIND: 0.0.0.0/0.0.0.0:15064
2025-07-15 19:45:17,665 [262265f8-b6b0-4173-8249-6c4ff56c562c-NettyServerStreamRpc-bossGroup--thread1] INFO  logging.LoggingHandler (AbstractInternalLogger.java:log(148)) - [id: 0x39f3514f, L:/0.0.0.0:15064] ACTIVE
2025-07-15 19:45:17,665 [262265f8-b6b0-4173-8249-6c4ff56c562c-impl-thread1] INFO  server.RaftServer (RaftServerProxy.java:initGroupDir(270)) - 262265f8-b6b0-4173-8249-6c4ff56c562c: found a subdirectory /home/runner/work/ozone/ozone/hadoop-ozone/integration-test/target/test-dir/MiniOzoneClusterImpl-7a2c00ee-15e1-4921-aa6b-526c14ec89d8/ozone-meta/datanode-7/ratisd3c09cfe-1d0a-4dc8-8ed0-5b6543917d40/tmp
2025-07-15 19:45:17,665 [262265f8-b6b0-4173-8249-6c4ff56c562c-impl-thread1] INFO  server.RaftServer (RaftServerProxy.java:initGroupDir(275)) - 262265f8-b6b0-4173-8249-6c4ff56c562c: The directory /home/runner/work/ozone/ozone/hadoop-ozone/integration-test/target/test-dir/MiniOzoneClusterImpl-7a2c00ee-15e1-4921-aa6b-526c14ec89d8/ozone-meta/datanode-7/ratisd3c09cfe-1d0a-4dc8-8ed0-5b6543917d40/tmp is not a group directory; ignoring it. 
2025-07-15 19:45:17,665 [main] INFO  replication.ReplicationServer (ReplicationServer.java:<init>(84)) - Initializing replication server with thread count = 10 queue length = 4096
2025-07-15 19:45:17,666 [main] INFO  server.XceiverServerGrpc (XceiverServerGrpc.java:<init>(130)) - GrpcServer channel type EpollServerSocketChannel
2025-07-15 19:45:17,668 [main] INFO  replication.ReplicationSupervisor (ReplicationSupervisor.java:build(169)) - Initializing replication supervisor with thread count = 10
2025-07-15 19:45:17,668 [main] INFO  replication.ReplicationSupervisor (ReplicationSupervisor.java:nodeStateUpdated(358)) - Node state updated to IN_SERVICE, scaling executor pool size to 10
2025-07-15 19:45:17,672 [main] INFO  http.BaseHttpServer (BaseHttpServer.java:newHttpServer2BuilderForOzone(229)) - Starting Web-server for hddsDatanode at: http://0.0.0.0:15058
2025-07-15 19:45:17,672 [main] INFO  http.BaseHttpServer (BaseHttpServer.java:<init>(107)) - Hadoop Security Enabled: false Ozone Security Enabled: false Ozone HTTP Security Enabled: false 
2025-07-15 19:45:17,674 [main] WARN  server.AuthenticationFilter (AuthenticationFilter.java:constructSecretProvider(240)) - Unable to initialize FileSignerSecretProvider, falling back to use random secrets. Reason: Could not read signature secret file: /home/runner/hadoop-http-auth-signature-secret
2025-07-15 19:45:17,676 [main] INFO  http.HttpServer2 (HttpServer2.java:addGlobalFilter(1042)) - Added global filter 'safety' (class=org.apache.hadoop.hdds.server.http.HttpServer2$QuotingInputFilter)
2025-07-15 19:45:17,677 [main] INFO  http.HttpServer2 (HttpServer2.java:addFilter(1018)) - Added filter static_user_filter (class=org.apache.hadoop.http.lib.StaticUserWebFilter$StaticUserFilter) to context hddsDatanode
2025-07-15 19:45:17,678 [main] INFO  http.HttpServer2 (HttpServer2.java:addFilter(1026)) - Added filter static_user_filter (class=org.apache.hadoop.http.lib.StaticUserWebFilter$StaticUserFilter) to context static
2025-07-15 19:45:17,678 [main] INFO  http.HttpServer2 (HttpServer2.java:addFilter(1026)) - Added filter static_user_filter (class=org.apache.hadoop.http.lib.StaticUserWebFilter$StaticUserFilter) to context logs
2025-07-15 19:45:17,679 [main] INFO  http.BaseHttpServer (BaseHttpServer.java:<init>(195)) - HTTP server of hddsDatanode uses base directory /home/runner/work/ozone/ozone/hadoop-ozone/integration-test/target/test-dir/MiniOzoneClusterImpl-7a2c00ee-15e1-4921-aa6b-526c14ec89d8/ozone-meta/datanode-7/meta/webserver
2025-07-15 19:45:17,680 [main] INFO  http.HttpServer2 (HttpServer2.java:bindListener(1242)) - Jetty bound to port 15058
2025-07-15 19:45:17,681 [main] INFO  server.Server (Server.java:doStart(375)) - jetty-9.4.57.v20241219; built: 2025-01-08T21:24:30.412Z; git: df524e6b29271c2e09ba9aea83c18dc9db464a31; jvm 21.0.7+6-LTS
2025-07-15 19:45:17,684 [main] INFO  server.session (DefaultSessionIdManager.java:doStart(334)) - DefaultSessionIdManager workerName=node0
2025-07-15 19:45:17,685 [main] INFO  server.session (DefaultSessionIdManager.java:doStart(339)) - No SessionScavenger set, using defaults
2025-07-15 19:45:17,685 [main] INFO  server.session (HouseKeeper.java:startScavenging(132)) - node0 Scavenging every 600000ms
2025-07-15 19:45:17,686 [main] INFO  handler.ContextHandler (ContextHandler.java:doStart(921)) - Started o.e.j.s.ServletContextHandler@886adc3{logs,/logs,file:///home/runner/work/ozone/ozone/hadoop-ozone/integration-test/target/log,AVAILABLE}
2025-07-15 19:45:17,687 [main] INFO  handler.ContextHandler (ContextHandler.java:doStart(921)) - Started o.e.j.s.ServletContextHandler@1b826a22{static,/static,jar:file:/home/runner/work/ozone/ozone/hadoop-hdds/container-service/target/hdds-container-service-2.1.0-SNAPSHOT.jar!/webapps/static,AVAILABLE}
2025-07-15 19:45:17,848 [main] INFO  handler.ContextHandler (ContextHandler.java:doStart(921)) - Started o.e.j.w.WebAppContext@6ca549d6{hddsDatanode,/,file:///home/runner/work/ozone/ozone/hadoop-ozone/integration-test/target/test-dir/MiniOzoneClusterImpl-7a2c00ee-15e1-4921-aa6b-526c14ec89d8/ozone-meta/datanode-7/meta/webserver/jetty-0_0_0_0-15058-hdds-container-service-2_1_0-SNAPSHOT_jar-_-any-7828421473729386516/webapp/,AVAILABLE}{jar:file:/home/runner/work/ozone/ozone/hadoop-hdds/container-service/target/hdds-container-service-2.1.0-SNAPSHOT.jar!/webapps/hddsDatanode}
2025-07-15 19:45:17,849 [main] INFO  server.AbstractConnector (AbstractConnector.java:doStart(333)) - Started ServerConnector@75b76c78{HTTP/1.1, (http/1.1)}{0.0.0.0:15058}
2025-07-15 19:45:17,849 [main] INFO  server.Server (Server.java:doStart(415)) - Started @56343ms
2025-07-15 19:45:17,849 [main] WARN  impl.MetricsSystemImpl (MetricsSystemImpl.java:register(279)) - Sink prometheus already exists!
2025-07-15 19:45:17,849 [main] INFO  http.BaseHttpServer (BaseHttpServer.java:updateConnectorAddress(359)) - HTTP server of hddsDatanode listening at http://localhost:15058
2025-07-15 19:45:17,850 [main] INFO  ipc.CallQueueManager (CallQueueManager.java:<init>(93)) - Using callQueue: class java.util.concurrent.LinkedBlockingQueue, queueCapacity: 1000, scheduler: class org.apache.hadoop.ipc.DefaultRpcScheduler, ipcBackoff: false, ipcFailOver: false.
2025-07-15 19:45:17,850 [main] INFO  ipc.Server (Server.java:<init>(1438)) - Listener at 0.0.0.0:15059
2025-07-15 19:45:17,850 [Socket Reader #1 for port 15059] INFO  ipc.Server (Server.java:run(1474)) - Starting Socket Reader #1 for port 15059
2025-07-15 19:45:17,851 [Socket Reader #2 for port 15059] INFO  ipc.Server (Server.java:run(1474)) - Starting Socket Reader #2 for port 15059
2025-07-15 19:45:17,851 [Socket Reader #3 for port 15059] INFO  ipc.Server (Server.java:run(1474)) - Starting Socket Reader #3 for port 15059
2025-07-15 19:45:17,851 [Socket Reader #4 for port 15059] INFO  ipc.Server (Server.java:run(1474)) - Starting Socket Reader #4 for port 15059
2025-07-15 19:45:17,851 [Socket Reader #5 for port 15059] INFO  ipc.Server (Server.java:run(1474)) - Starting Socket Reader #5 for port 15059
2025-07-15 19:45:17,851 [Socket Reader #6 for port 15059] INFO  ipc.Server (Server.java:run(1474)) - Starting Socket Reader #6 for port 15059
2025-07-15 19:45:17,851 [Socket Reader #7 for port 15059] INFO  ipc.Server (Server.java:run(1474)) - Starting Socket Reader #7 for port 15059
2025-07-15 19:45:17,852 [Socket Reader #8 for port 15059] INFO  ipc.Server (Server.java:run(1474)) - Starting Socket Reader #8 for port 15059
2025-07-15 19:45:17,852 [Socket Reader #9 for port 15059] INFO  ipc.Server (Server.java:run(1474)) - Starting Socket Reader #9 for port 15059
2025-07-15 19:45:17,852 [Socket Reader #10 for port 15059] INFO  ipc.Server (Server.java:run(1474)) - Starting Socket Reader #10 for port 15059
2025-07-15 19:45:17,854 [main] INFO  ozone.HddsDatanodeService (HddsDatanodeService.java:start(333)) - Datanode start with admins: [admin, runner]
2025-07-15 19:45:17,854 [main] INFO  ozone.HddsDatanodeClientProtocolServer (HddsDatanodeClientProtocolServer.java:start(76)) - RPC server for Client /0.0.0.0:15059
2025-07-15 19:45:17,854 [IPC Server Responder] INFO  ipc.Server (Server.java:run(1713)) - IPC Server Responder: starting
2025-07-15 19:45:17,855 [IPC Server listener on 15059] INFO  ipc.Server (Server.java:run(1553)) - IPC Server listener on 15059: starting
]]></system-out>
  </testcase>
  <testcase name="testUnhealthyContainer" classname="org.apache.hadoop.ozone.client.rpc.TestContainerStateMachineFailures" time="49.662">
    <system-out><![CDATA[2025-07-15 19:45:17,859 [262265f8-b6b0-4173-8249-6c4ff56c562c-DatanodeStateMachineDaemonThread] INFO  statemachine.DatanodeStateMachine (DatanodeStateMachine.java:startStateMachineThread(347)) - Ozone container server started.
2025-07-15 19:45:17,865 [262265f8-b6b0-4173-8249-6c4ff56c562c-DatanodeStateMachineTaskThread-0] INFO  datanode.InitDatanodeState (InitDatanodeState.java:persistContainerDatanodeDetails(139)) - DatanodeDetails is persisted to /home/runner/work/ozone/ozone/hadoop-ozone/integration-test/target/test-dir/MiniOzoneClusterImpl-7a2c00ee-15e1-4921-aa6b-526c14ec89d8/ozone-meta/datanode-7/meta/datanode.id
2025-07-15 19:45:17,895 [faa2b429-16a2-49fa-ab42-514c70ac334b-ChunkWriter-3-0] ERROR helpers.ContainerUtils (ContainerUtils.java:getChunkDir(273)) - Chunks dir /home/runner/work/ozone/ozone/hadoop-ozone/integration-test/target/test-dir/MiniOzoneClusterImpl-7a2c00ee-15e1-4921-aa6b-526c14ec89d8/ozone-meta/datanode-5/data-0/hdds/7a2c00ee-15e1-4921-aa6b-526c14ec89d8/current/containerDir0/7/chunks does not exist
2025-07-15 19:45:17,895 [faa2b429-16a2-49fa-ab42-514c70ac334b-ChunkWriter-3-0] WARN  keyvalue.KeyValueHandler (ContainerUtils.java:logAndReturnError(94)) - Operation: WriteChunk , Trace ID:  , Message: Chunks directory /home/runner/work/ozone/ozone/hadoop-ozone/integration-test/target/test-dir/MiniOzoneClusterImpl-7a2c00ee-15e1-4921-aa6b-526c14ec89d8/ozone-meta/datanode-5/data-0/hdds/7a2c00ee-15e1-4921-aa6b-526c14ec89d8/current/containerDir0/7/chunks does not exist. , Result: UNABLE_TO_FIND_DATA_DIR , StorageContainerException Occurred.
org.apache.hadoop.hdds.scm.container.common.helpers.StorageContainerException: Chunks directory /home/runner/work/ozone/ozone/hadoop-ozone/integration-test/target/test-dir/MiniOzoneClusterImpl-7a2c00ee-15e1-4921-aa6b-526c14ec89d8/ozone-meta/datanode-5/data-0/hdds/7a2c00ee-15e1-4921-aa6b-526c14ec89d8/current/containerDir0/7/chunks does not exist.
	at org.apache.hadoop.ozone.container.common.helpers.ContainerUtils.getChunkDir(ContainerUtils.java:275)
	at org.apache.hadoop.ozone.container.common.impl.ContainerLayoutVersion.getChunkFile(ContainerLayoutVersion.java:115)
	at org.apache.hadoop.ozone.container.keyvalue.impl.FilePerBlockStrategy.getChunkFile(FilePerBlockStrategy.java:300)
	at org.apache.hadoop.ozone.container.keyvalue.impl.FilePerBlockStrategy.writeChunk(FilePerBlockStrategy.java:148)
	at org.apache.hadoop.ozone.container.keyvalue.impl.ChunkManagerDispatcher.writeChunk(ChunkManagerDispatcher.java:70)
	at org.apache.hadoop.ozone.container.keyvalue.KeyValueHandler.handleWriteChunk(KeyValueHandler.java:1029)
	at org.apache.hadoop.ozone.container.keyvalue.KeyValueHandler.dispatchRequest(KeyValueHandler.java:342)
	at org.apache.hadoop.ozone.container.keyvalue.KeyValueHandler.handle(KeyValueHandler.java:293)
	at org.apache.hadoop.ozone.container.common.impl.HddsDispatcher.dispatchRequest(HddsDispatcher.java:365)
	at org.apache.hadoop.ozone.container.common.impl.HddsDispatcher.lambda$dispatch$1(HddsDispatcher.java:190)
	at org.apache.hadoop.hdds.server.OzoneProtocolMessageDispatcher.processRequest(OzoneProtocolMessageDispatcher.java:87)
	at org.apache.hadoop.ozone.container.common.impl.HddsDispatcher.dispatch(HddsDispatcher.java:189)
	at org.apache.hadoop.ozone.container.common.transport.server.ratis.ContainerStateMachine.dispatchCommand(ContainerStateMachine.java:567)
	at org.apache.hadoop.ozone.container.common.transport.server.ratis.ContainerStateMachine.lambda$writeStateMachineData$2(ContainerStateMachine.java:622)
	at java.base/java.util.concurrent.FutureTask.run(FutureTask.java:317)
	at java.base/java.util.concurrent.ThreadPoolExecutor.runWorker(ThreadPoolExecutor.java:1144)
	at java.base/java.util.concurrent.ThreadPoolExecutor$Worker.run(ThreadPoolExecutor.java:642)
	at java.base/java.lang.Thread.run(Thread.java:1583)
2025-07-15T19:45:17.896962774Z faa2b429-16a2-49fa-ab42-514c70ac334b-client-thread1 ERROR user=null | ip=null | op=PUT_BLOCK {blockData=[blockId=conID: 7 locID: 115816896921600007 bcsId: 0 replicaIndex: null, size=10]} | ret=FAILURE
org.apache.hadoop.hdds.scm.container.common.helpers.ContainerNotOpenException: Container 7 in UNHEALTHY state
	at org.apache.hadoop.ozone.container.common.impl.HddsDispatcher.validateContainerCommand(HddsDispatcher.java:580)
	at org.apache.hadoop.ozone.container.common.transport.server.ratis.ContainerStateMachine.startTransaction(ContainerStateMachine.java:488)
	at org.apache.ratis.server.impl.RaftServerImpl.writeAsyncImpl(RaftServerImpl.java:987)
	at org.apache.ratis.server.impl.RaftServerImpl.writeAsync(RaftServerImpl.java:960)
	at org.apache.ratis.server.impl.RaftServerImpl.replyFuture(RaftServerImpl.java:953)
	at org.apache.ratis.server.impl.RaftServerImpl.submitClientRequestAsync(RaftServerImpl.java:930)
	at org.apache.ratis.server.impl.RaftServerImpl.lambda$null$11(RaftServerImpl.java:919)
	at org.apache.ratis.util.JavaUtils.callAsUnchecked(JavaUtils.java:118)
	at org.apache.ratis.server.impl.RaftServerImpl.lambda$executeSubmitClientRequestAsync$12(RaftServerImpl.java:919)
	at java.base/java.util.concurrent.CompletableFuture$AsyncSupply.run(CompletableFuture.java:1768)
	at java.base/java.util.concurrent.ThreadPoolExecutor.runWorker(ThreadPoolExecutor.java:1144)
	at java.base/java.util.concurrent.ThreadPoolExecutor$Worker.run(ThreadPoolExecutor.java:642)
	at java.base/java.lang.Thread.run(Thread.java:1583)
2025-07-15 19:45:17,902 [faa2b429-16a2-49fa-ab42-514c70ac334b-ChunkWriter-3-0] WARN  keyvalue.KeyValueContainer (KeyValueContainer.java:markContainerUnhealthy(397)) - Marked container UNHEALTHY from OPEN: KeyValueContainerData #7 (UNHEALTHY, non-empty, ri=0, origin=[dn_faa2b429-16a2-49fa-ab42-514c70ac334b, pipeline_3211be09-c2e3-4b3a-86e9-ec99b3d04d65])
2025-07-15 19:45:17,903 [faa2b429-16a2-49fa-ab42-514c70ac334b-ChunkWriter-3-0] WARN  keyvalue.KeyValueHandler (KeyValueHandler.java:updateAndGetContainerChecksum(1451)) - Container data checksum updated from 0 to 1bdd5b56
2025-07-15T19:45:17.904342353Z faa2b429-16a2-49fa-ab42-514c70ac334b-ChunkWriter-3-0 ERROR ID=7 | Index=0 | BCSID=2 | State=UNHEALTHY | Volume=/home/runner/work/ozone/ozone/hadoop-ozone/integration-test/target/test-dir/MiniOzoneClusterImpl-7a2c00ee-15e1-4921-aa6b-526c14ec89d8/ozone-meta/datanode-5/data-0/hdds | DataChecksum=1bdd5b56 | Container has 1 error: WRITE_FAILURE for file /home/runner/work/ozone/ozone/hadoop-ozone/integration-test/target/test-dir/MiniOzoneClusterImpl-7a2c00ee-15e1-4921-aa6b-526c14ec89d8/ozone-meta/datanode-5/data-0/hdds/7a2c00ee-15e1-4921-aa6b-526c14ec89d8/current/containerDir0/7 with exception: org.apache.hadoop.hdds.scm.container.common.helpers.StorageContainerException2025-07-15 19:45:17,904 [faa2b429-16a2-49fa-ab42-514c70ac334b-ChunkWriter-3-0] INFO  impl.HddsDispatcher (HddsDispatcher.java:dispatchRequest(411)) - Marked Container UNHEALTHY, ContainerID: 7
2025-07-15T19:45:17.905366142Z faa2b429-16a2-49fa-ab42-514c70ac334b-ChunkWriter-3-0 ERROR user=null | ip=null | op=WRITE_CHUNK {blockData=conID: 7 locID: 115816896921600007 bcsId: 2 replicaIndex: 0, offset=5, size=5, stage=WRITE_DATA} | ret=FAILURE
java.lang.Exception: Chunks directory /home/runner/work/ozone/ozone/hadoop-ozone/integration-test/target/test-dir/MiniOzoneClusterImpl-7a2c00ee-15e1-4921-aa6b-526c14ec89d8/ozone-meta/datanode-5/data-0/hdds/7a2c00ee-15e1-4921-aa6b-526c14ec89d8/current/containerDir0/7/chunks does not exist.
	at org.apache.hadoop.ozone.container.common.impl.HddsDispatcher.dispatchRequest(HddsDispatcher.java:439)
	at org.apache.hadoop.ozone.container.common.impl.HddsDispatcher.lambda$dispatch$1(HddsDispatcher.java:190)
	at org.apache.hadoop.hdds.server.OzoneProtocolMessageDispatcher.processRequest(OzoneProtocolMessageDispatcher.java:87)
	at org.apache.hadoop.ozone.container.common.impl.HddsDispatcher.dispatch(HddsDispatcher.java:189)
	at org.apache.hadoop.ozone.container.common.transport.server.ratis.ContainerStateMachine.dispatchCommand(ContainerStateMachine.java:567)
	at org.apache.hadoop.ozone.container.common.transport.server.ratis.ContainerStateMachine.lambda$writeStateMachineData$2(ContainerStateMachine.java:622)
	at java.base/java.util.concurrent.FutureTask.run(FutureTask.java:317)
	at java.base/java.util.concurrent.ThreadPoolExecutor.runWorker(ThreadPoolExecutor.java:1144)
	at java.base/java.util.concurrent.ThreadPoolExecutor$Worker.run(ThreadPoolExecutor.java:642)
	at java.base/java.lang.Thread.run(Thread.java:1583)
2025-07-15 19:45:17,905 [faa2b429-16a2-49fa-ab42-514c70ac334b-ChunkWriter-3-0] ERROR ratis.ContainerStateMachine (ContainerStateMachine.java:handleCommandResult(662)) - group-EC99B3D04D65: writeChunk writeStateMachineData failed: blockIdcontainerID: 7
localID: 115816896921600007
blockCommitSequenceId: 2
replicaIndex: 0
 logIndex 4 chunkName 115816896921600007_chunk_2 Error message: Chunks directory /home/runner/work/ozone/ozone/hadoop-ozone/integration-test/target/test-dir/MiniOzoneClusterImpl-7a2c00ee-15e1-4921-aa6b-526c14ec89d8/ozone-meta/datanode-5/data-0/hdds/7a2c00ee-15e1-4921-aa6b-526c14ec89d8/current/containerDir0/7/chunks does not exist. Container Result: UNABLE_TO_FIND_DATA_DIR
2025-07-15 19:45:17,905 [EventQueue-CloseContainerForCloseContainerEventHandler] INFO  container.CloseContainerEventHandler (CloseContainerEventHandler.java:onMessage(88)) - Close container Event triggered for container : #7, current state: OPEN
2025-07-15 19:45:17,905 [FixedThreadPoolWithAffinityExecutor-0-0] INFO  container.IncrementalContainerReportHandler (AbstractContainerReportHandler.java:updateContainerState(253)) - FINALIZE (i.e. CLOSING) Container #7 (OPEN, sid=0) r0 (UNHEALTHY, bcsid=2, origin=faa2b429-16a2-49fa-ab42-514c70ac334b, non-empty) from dn faa2b429-16a2-49fa-ab42-514c70ac334b(localhost/127.0.0.1)
2025-07-15 19:45:17,906 [faa2b429-16a2-49fa-ab42-514c70ac334b@group-EC99B3D04D65-SegmentedRaftLogWorker] ERROR ratis.ContainerStateMachine (ContainerStateMachine.java:notifyLogFailed(1268)) - group-EC99B3D04D65: (t:1, i:4) cmdType: WriteChunk traceID: "" containerID: 7 datanodeUuid: "faa2b429-16a2-49fa-ab42-514c70ac334b" pipelineID: "3211be09-c2e3-4b3a-86e9-ec99b3d04d65" writeChunk { blockID { containerID: 7 localID: 115816896921600007 blockCommitSequenceId: 2 replicaIndex: 0 } chunkData { chunkName: "115816896921600007_chunk_2" offset: 5 len: 5 checksumData { type: CRC32 bytesPerChecksum: 16384 checksums: "\350a\3440" } } } version: 3, container path=/home/runner/work/ozone/ozone/hadoop-ozone/integration-test/target/test-dir/MiniOzoneClusterImpl-7a2c00ee-15e1-4921-aa6b-526c14ec89d8/ozone-meta/datanode-5/data-0/hdds/7a2c00ee-15e1-4921-aa6b-526c14ec89d8/current/containerDir0/7
org.apache.hadoop.hdds.scm.container.common.helpers.StorageContainerException: Chunks directory /home/runner/work/ozone/ozone/hadoop-ozone/integration-test/target/test-dir/MiniOzoneClusterImpl-7a2c00ee-15e1-4921-aa6b-526c14ec89d8/ozone-meta/datanode-5/data-0/hdds/7a2c00ee-15e1-4921-aa6b-526c14ec89d8/current/containerDir0/7/chunks does not exist.
	at org.apache.hadoop.ozone.container.common.transport.server.ratis.ContainerStateMachine.handleCommandResult(ContainerStateMachine.java:661)
	at org.apache.hadoop.ozone.container.common.transport.server.ratis.ContainerStateMachine.lambda$writeStateMachineData$2(ContainerStateMachine.java:623)
	at java.base/java.util.concurrent.FutureTask.run(FutureTask.java:317)
	at java.base/java.util.concurrent.ThreadPoolExecutor.runWorker(ThreadPoolExecutor.java:1144)
	at java.base/java.util.concurrent.ThreadPoolExecutor$Worker.run(ThreadPoolExecutor.java:642)
	at java.base/java.lang.Thread.run(Thread.java:1583)
2025-07-15 19:45:17,906 [faa2b429-16a2-49fa-ab42-514c70ac334b@group-EC99B3D04D65-SegmentedRaftLogWorker] WARN  ratis.XceiverServerRatis (XceiverServerRatis.java:triggerPipelineClose(758)) - pipeline Action CLOSE on pipeline Pipeline-3211be09-c2e3-4b3a-86e9-ec99b3d04d65.Reason : Chunks directory /home/runner/work/ozone/ozone/hadoop-ozone/integration-test/target/test-dir/MiniOzoneClusterImpl-7a2c00ee-15e1-4921-aa6b-526c14ec89d8/ozone-meta/datanode-5/data-0/hdds/7a2c00ee-15e1-4921-aa6b-526c14ec89d8/current/containerDir0/7/chunks does not exist.
2025-07-15 19:45:17,906 [faa2b429-16a2-49fa-ab42-514c70ac334b@group-EC99B3D04D65-SegmentedRaftLogWorker] ERROR raftlog.RaftLog (RaftLogBase.java:lambda$appendImpl$3(197)) - faa2b429-16a2-49fa-ab42-514c70ac334b@group-EC99B3D04D65-SegmentedRaftLog: Failed to write log entry (t:1, i:4), STATEMACHINELOGENTRY, cmdType: WriteChunk traceID: "" containerID: 7 datanodeUuid: "faa2b429-16a2-49fa-ab42-514c70ac334b" pipelineID: "3211be09-c2e3-4b3a-86e9-ec99b3d04d65" writeChunk { blockID { containerID: 7 localID: 115816896921600007 blockCommitSequenceId: 2 replicaIndex: 0 } chunkData { chunkName: "115816896921600007_chunk_2" offset: 5 len: 5 checksumData { type: CRC32 bytesPerChecksum: 16384 checksums: "\350a\3440" } } } version: 3, container path=/home/runner/work/ozone/ozone/hadoop-ozone/integration-test/target/test-dir/MiniOzoneClusterImpl-7a2c00ee-15e1-4921-aa6b-526c14ec89d8/ozone-meta/datanode-5/data-0/hdds/7a2c00ee-15e1-4921-aa6b-526c14ec89d8/current/containerDir0/7
org.apache.hadoop.hdds.scm.container.common.helpers.StorageContainerException: Chunks directory /home/runner/work/ozone/ozone/hadoop-ozone/integration-test/target/test-dir/MiniOzoneClusterImpl-7a2c00ee-15e1-4921-aa6b-526c14ec89d8/ozone-meta/datanode-5/data-0/hdds/7a2c00ee-15e1-4921-aa6b-526c14ec89d8/current/containerDir0/7/chunks does not exist.
	at org.apache.hadoop.ozone.container.common.transport.server.ratis.ContainerStateMachine.handleCommandResult(ContainerStateMachine.java:661)
	at org.apache.hadoop.ozone.container.common.transport.server.ratis.ContainerStateMachine.lambda$writeStateMachineData$2(ContainerStateMachine.java:623)
	at java.base/java.util.concurrent.FutureTask.run(FutureTask.java:317)
	at java.base/java.util.concurrent.ThreadPoolExecutor.runWorker(ThreadPoolExecutor.java:1144)
	at java.base/java.util.concurrent.ThreadPoolExecutor$Worker.run(ThreadPoolExecutor.java:642)
	at java.base/java.lang.Thread.run(Thread.java:1583)
2025-07-15 19:45:17,906 [faa2b429-16a2-49fa-ab42-514c70ac334b@group-EC99B3D04D65-cacheEviction-AwaitToRun] INFO  util.AwaitToRun (AwaitToRun.java:run(49)) - faa2b429-16a2-49fa-ab42-514c70ac334b@group-EC99B3D04D65-cacheEviction-AwaitToRun-AwaitForSignal is interrupted
2025-07-15 19:45:17,907 [EventQueue-PipelineActionsForPipelineActionHandler] INFO  pipeline.PipelineActionHandler (PipelineActionHandler.java:processPipelineAction(89)) - Received pipeline action CLOSE for Pipeline-3211be09-c2e3-4b3a-86e9-ec99b3d04d65 from datanode faa2b429-16a2-49fa-ab42-514c70ac334b(localhost/127.0.0.1). Reason : Chunks directory /home/runner/work/ozone/ozone/hadoop-ozone/integration-test/target/test-dir/MiniOzoneClusterImpl-7a2c00ee-15e1-4921-aa6b-526c14ec89d8/ozone-meta/datanode-5/data-0/hdds/7a2c00ee-15e1-4921-aa6b-526c14ec89d8/current/containerDir0/7/chunks does not exist.
2025-07-15 19:45:17,907 [pool-284-thread-1] WARN  keyvalue.KeyValueHandler (KeyValueHandler.java:updateAndGetContainerChecksum(1451)) - Container data checksum updated from 1bdd5b56 to 0
2025-07-15 19:45:17,907 [pool-284-thread-1] ERROR ozoneimpl.OnDemandContainerScanner (ContainerScanHelper.java:handleUnhealthyScanResult(119)) - Corruption detected in container [7]. Marking it UNHEALTHY. Container has 1 error: MISSING_CHUNKS_DIR for file /home/runner/work/ozone/ozone/hadoop-ozone/integration-test/target/test-dir/MiniOzoneClusterImpl-7a2c00ee-15e1-4921-aa6b-526c14ec89d8/ozone-meta/datanode-5/data-0/hdds/7a2c00ee-15e1-4921-aa6b-526c14ec89d8/current/containerDir0/7/chunks with exception: java.io.FileNotFoundException: Chunks directory /home/runner/work/ozone/ozone/hadoop-ozone/integration-test/target/test-dir/MiniOzoneClusterImpl-7a2c00ee-15e1-4921-aa6b-526c14ec89d8/ozone-meta/datanode-5/data-0/hdds/7a2c00ee-15e1-4921-aa6b-526c14ec89d8/current/containerDir0/7/chunks not found.
2025-07-15 19:45:17,912 [EventQueue-CloseContainerForCloseContainerEventHandler] INFO  container.CloseContainerEventHandler (CloseContainerEventHandler.java:onMessage(88)) - Close container Event triggered for container : #7, current state: CLOSING
2025-07-15 19:45:17,912 [EventQueue-PipelineActionsForPipelineActionHandler] INFO  pipeline.PipelineManagerImpl (PipelineManagerImpl.java:closeContainersForPipeline(489)) - Container #7 closed for pipeline=Pipeline-3211be09-c2e3-4b3a-86e9-ec99b3d04d65
2025-07-15 19:45:17,913 [EventQueue-PipelineActionsForPipelineActionHandler] INFO  pipeline.PipelineManagerImpl (PipelineManagerImpl.java:closePipeline(511)) - Pipeline Pipeline-3211be09-c2e3-4b3a-86e9-ec99b3d04d65 moved to CLOSED state
2025-07-15 19:45:17,913 [EventQueue-PipelineActionsForPipelineActionHandler] INFO  pipeline.PipelineActionHandler (PipelineActionHandler.java:processPipelineAction(89)) - Received pipeline action CLOSE for Pipeline-3211be09-c2e3-4b3a-86e9-ec99b3d04d65 from datanode faa2b429-16a2-49fa-ab42-514c70ac334b(localhost/127.0.0.1). Reason : Chunks directory /home/runner/work/ozone/ozone/hadoop-ozone/integration-test/target/test-dir/MiniOzoneClusterImpl-7a2c00ee-15e1-4921-aa6b-526c14ec89d8/ozone-meta/datanode-5/data-0/hdds/7a2c00ee-15e1-4921-aa6b-526c14ec89d8/current/containerDir0/7/chunks does not exist.
2025-07-15 19:45:18,108 [EventQueue-PipelineActionsForPipelineActionHandler] INFO  pipeline.PipelineActionHandler (PipelineActionHandler.java:processPipelineAction(89)) - Received pipeline action CLOSE for Pipeline-3211be09-c2e3-4b3a-86e9-ec99b3d04d65 from datanode faa2b429-16a2-49fa-ab42-514c70ac334b(localhost/127.0.0.1). Reason : Chunks directory /home/runner/work/ozone/ozone/hadoop-ozone/integration-test/target/test-dir/MiniOzoneClusterImpl-7a2c00ee-15e1-4921-aa6b-526c14ec89d8/ozone-meta/datanode-5/data-0/hdds/7a2c00ee-15e1-4921-aa6b-526c14ec89d8/current/containerDir0/7/chunks does not exist.
2025-07-15 19:45:18,308 [EventQueue-PipelineActionsForPipelineActionHandler] INFO  pipeline.PipelineActionHandler (PipelineActionHandler.java:processPipelineAction(89)) - Received pipeline action CLOSE for Pipeline-3211be09-c2e3-4b3a-86e9-ec99b3d04d65 from datanode faa2b429-16a2-49fa-ab42-514c70ac334b(localhost/127.0.0.1). Reason : Chunks directory /home/runner/work/ozone/ozone/hadoop-ozone/integration-test/target/test-dir/MiniOzoneClusterImpl-7a2c00ee-15e1-4921-aa6b-526c14ec89d8/ozone-meta/datanode-5/data-0/hdds/7a2c00ee-15e1-4921-aa6b-526c14ec89d8/current/containerDir0/7/chunks does not exist.
2025-07-15 19:45:18,363 [262265f8-b6b0-4173-8249-6c4ff56c562c-ContainerReader-0] INFO  ozoneimpl.ContainerReader (ContainerReader.java:readVolume(144)) - Start to verify containers on volume /home/runner/work/ozone/ozone/hadoop-ozone/integration-test/target/test-dir/MiniOzoneClusterImpl-7a2c00ee-15e1-4921-aa6b-526c14ec89d8/ozone-meta/datanode-7/data-0/hdds
2025-07-15 19:45:18,367 [262265f8-b6b0-4173-8249-6c4ff56c562c-ContainerReader-0] WARN  helpers.KeyValueContainerUtil (KeyValueContainerUtil.java:populateContainerMetadata(323)) - Missing pendingDeleteBlockCount from metadata: recalculate them from block table
2025-07-15 19:45:18,369 [262265f8-b6b0-4173-8249-6c4ff56c562c-ContainerReader-0] INFO  ozoneimpl.ContainerReader (ContainerReader.java:readVolume(174)) - Finish verifying containers on volume /home/runner/work/ozone/ozone/hadoop-ozone/integration-test/target/test-dir/MiniOzoneClusterImpl-7a2c00ee-15e1-4921-aa6b-526c14ec89d8/ozone-meta/datanode-7/data-0/hdds
2025-07-15 19:45:18,370 [ForkJoinPool.commonPool-worker-1] WARN  impl.ContainerSet (ContainerSet.java:lambda$buildMissingContainerSetAndValidate$2(524)) - Adding container 5 to missing container set.
2025-07-15 19:45:18,370 [262265f8-b6b0-4173-8249-6c4ff56c562c-EndpointStateMachineTaskThread-/0.0.0.0:15002-0 ] INFO  ozoneimpl.OzoneContainer (OzoneContainer.java:buildContainerSet(370)) - Build ContainerSet costs 0s
2025-07-15 19:45:18,370 [262265f8-b6b0-4173-8249-6c4ff56c562c-EndpointStateMachineTaskThread-/0.0.0.0:15002-0 ] INFO  volume.ThrottledAsyncChecker (ThrottledAsyncChecker.java:schedule(138)) - Scheduling a check for /home/runner/work/ozone/ozone/hadoop-ozone/integration-test/target/test-dir/MiniOzoneClusterImpl-7a2c00ee-15e1-4921-aa6b-526c14ec89d8/ozone-meta/datanode-7/data-0/hdds
2025-07-15 19:45:18,371 [262265f8-b6b0-4173-8249-6c4ff56c562c-EndpointStateMachineTaskThread-/0.0.0.0:15002-0 ] INFO  volume.StorageVolumeChecker (StorageVolumeChecker.java:checkAllVolumes(215)) - Scheduled health check for volume /home/runner/work/ozone/ozone/hadoop-ozone/integration-test/target/test-dir/MiniOzoneClusterImpl-7a2c00ee-15e1-4921-aa6b-526c14ec89d8/ozone-meta/datanode-7/data-0/hdds
2025-07-15 19:45:18,374 [262265f8-b6b0-4173-8249-6c4ff56c562c-EndpointStateMachineTaskThread-/0.0.0.0:15002-0 ] INFO  volume.ThrottledAsyncChecker (ThrottledAsyncChecker.java:schedule(138)) - Scheduling a check for /home/runner/work/ozone/ozone/hadoop-ozone/integration-test/target/test-dir/MiniOzoneClusterImpl-7a2c00ee-15e1-4921-aa6b-526c14ec89d8/ozone-meta/datanode-7/ratisd3c09cfe-1d0a-4dc8-8ed0-5b6543917d40
2025-07-15 19:45:18,374 [262265f8-b6b0-4173-8249-6c4ff56c562c-EndpointStateMachineTaskThread-/0.0.0.0:15002-0 ] INFO  volume.StorageVolumeChecker (StorageVolumeChecker.java:checkAllVolumes(215)) - Scheduled health check for volume /home/runner/work/ozone/ozone/hadoop-ozone/integration-test/target/test-dir/MiniOzoneClusterImpl-7a2c00ee-15e1-4921-aa6b-526c14ec89d8/ozone-meta/datanode-7/ratisd3c09cfe-1d0a-4dc8-8ed0-5b6543917d40
2025-07-15 19:45:18,375 [262265f8-b6b0-4173-8249-6c4ff56c562c-EndpointStateMachineTaskThread-/0.0.0.0:15002-0 ] INFO  ozoneimpl.OzoneContainer (OzoneContainer.java:start(520)) - Attempting to start container services.
2025-07-15 19:45:18,377 [ContainerDataScanner(/home/runner/work/ozone/ozone/hadoop-ozone/integration-test/target/test-dir/MiniOzoneClusterImpl-7a2c00ee-15e1-4921-aa6b-526c14ec89d8/ozone-meta/datanode-7/data-0/hdds)] INFO  ozoneimpl.AbstractBackgroundContainerScanner (AbstractBackgroundContainerScanner.java:runIteration(89)) - Completed an iteration in 0 minutes. Number of iterations (since the data-node restart) : 1, Number of containers scanned in this iteration : 0, Number of unhealthy containers found in this iteration : 0
2025-07-15 19:45:18,377 [262265f8-b6b0-4173-8249-6c4ff56c562c-EndpointStateMachineTaskThread-/0.0.0.0:15002-0 ] INFO  replication.ReplicationServer (ReplicationServer.java:start(137)) - ReplicationServer is started using port 15065
2025-07-15 19:45:18,377 [262265f8-b6b0-4173-8249-6c4ff56c562c-EndpointStateMachineTaskThread-/0.0.0.0:15002-0 ] INFO  ratis.XceiverServerRatis (XceiverServerRatis.java:start(559)) - Starting XceiverServerRatis(262265f8-b6b0-4173-8249-6c4ff56c562c)
2025-07-15 19:45:18,378 [ContainerMetadataScanner] INFO  ozoneimpl.AbstractBackgroundContainerScanner (AbstractBackgroundContainerScanner.java:runIteration(89)) - Completed an iteration in 0 minutes. Number of iterations (since the data-node restart) : 1, Number of containers scanned in this iteration : 1, Number of unhealthy containers found in this iteration : 0
2025-07-15 19:45:18,379 [262265f8-b6b0-4173-8249-6c4ff56c562c-EndpointStateMachineTaskThread-/0.0.0.0:15002-0 ] INFO  server.RaftServer (RaftServerProxy.java:startImpl(412)) - 262265f8-b6b0-4173-8249-6c4ff56c562c: start RPC server
2025-07-15 19:45:18,380 [262265f8-b6b0-4173-8249-6c4ff56c562c-EndpointStateMachineTaskThread-/0.0.0.0:15002-0 ] INFO  server.GrpcServicesImpl (GrpcServicesImpl.java:startImpl(346)) - 262265f8-b6b0-4173-8249-6c4ff56c562c: GrpcServicesImpl started, listening on 15061
2025-07-15 19:45:18,381 [262265f8-b6b0-4173-8249-6c4ff56c562c-EndpointStateMachineTaskThread-/0.0.0.0:15002-0 ] INFO  server.GrpcServicesImpl (GrpcServicesImpl.java:startImpl(346)) - 262265f8-b6b0-4173-8249-6c4ff56c562c: GrpcServicesImpl started, listening on 15063
2025-07-15 19:45:18,382 [262265f8-b6b0-4173-8249-6c4ff56c562c-EndpointStateMachineTaskThread-/0.0.0.0:15002-0 ] INFO  server.GrpcServicesImpl (GrpcServicesImpl.java:startImpl(346)) - 262265f8-b6b0-4173-8249-6c4ff56c562c: GrpcServicesImpl started, listening on 15062
2025-07-15 19:45:18,382 [JvmPauseMonitor13] INFO  util.JvmPauseMonitor (JvmPauseMonitor.java:run(146)) - JvmPauseMonitor-262265f8-b6b0-4173-8249-6c4ff56c562c: Started
2025-07-15 19:45:18,382 [262265f8-b6b0-4173-8249-6c4ff56c562c-EndpointStateMachineTaskThread-/0.0.0.0:15002-0 ] INFO  ratis.XceiverServerRatis (XceiverServerRatis.java:getRealPort(586)) - XceiverServerRatis(262265f8-b6b0-4173-8249-6c4ff56c562c) is started using port RATIS=15061
2025-07-15 19:45:18,382 [262265f8-b6b0-4173-8249-6c4ff56c562c-EndpointStateMachineTaskThread-/0.0.0.0:15002-0 ] INFO  ratis.XceiverServerRatis (XceiverServerRatis.java:getRealPort(586)) - XceiverServerRatis(262265f8-b6b0-4173-8249-6c4ff56c562c) is started using port RATIS_ADMIN=15062
2025-07-15 19:45:18,382 [262265f8-b6b0-4173-8249-6c4ff56c562c-EndpointStateMachineTaskThread-/0.0.0.0:15002-0 ] INFO  ratis.XceiverServerRatis (XceiverServerRatis.java:getRealPort(586)) - XceiverServerRatis(262265f8-b6b0-4173-8249-6c4ff56c562c) is started using port RATIS_SERVER=15063
2025-07-15 19:45:18,382 [262265f8-b6b0-4173-8249-6c4ff56c562c-EndpointStateMachineTaskThread-/0.0.0.0:15002-0 ] INFO  ratis.XceiverServerRatis (XceiverServerRatis.java:getRealPort(586)) - XceiverServerRatis(262265f8-b6b0-4173-8249-6c4ff56c562c) is started using port RATIS_DATASTREAM=15064
2025-07-15 19:45:18,383 [262265f8-b6b0-4173-8249-6c4ff56c562c-EndpointStateMachineTaskThread-/0.0.0.0:15002-0 ] INFO  utils.BackgroundService (BackgroundService.java:start(118)) - Starting service BlockDeletingService with interval 60000 milliseconds
2025-07-15 19:45:18,383 [262265f8-b6b0-4173-8249-6c4ff56c562c-EndpointStateMachineTaskThread-/0.0.0.0:15002-0 ] INFO  utils.BackgroundService (BackgroundService.java:start(118)) - Starting service StaleRecoveringContainerScrubbingService with interval 60000 milliseconds
2025-07-15 19:45:18,508 [EventQueue-PipelineActionsForPipelineActionHandler] INFO  pipeline.PipelineActionHandler (PipelineActionHandler.java:processPipelineAction(89)) - Received pipeline action CLOSE for Pipeline-3211be09-c2e3-4b3a-86e9-ec99b3d04d65 from datanode faa2b429-16a2-49fa-ab42-514c70ac334b(localhost/127.0.0.1). Reason : Chunks directory /home/runner/work/ozone/ozone/hadoop-ozone/integration-test/target/test-dir/MiniOzoneClusterImpl-7a2c00ee-15e1-4921-aa6b-526c14ec89d8/ozone-meta/datanode-5/data-0/hdds/7a2c00ee-15e1-4921-aa6b-526c14ec89d8/current/containerDir0/7/chunks does not exist.
2025-07-15 19:45:18,708 [EventQueue-PipelineActionsForPipelineActionHandler] INFO  pipeline.PipelineActionHandler (PipelineActionHandler.java:processPipelineAction(89)) - Received pipeline action CLOSE for Pipeline-3211be09-c2e3-4b3a-86e9-ec99b3d04d65 from datanode faa2b429-16a2-49fa-ab42-514c70ac334b(localhost/127.0.0.1). Reason : Chunks directory /home/runner/work/ozone/ozone/hadoop-ozone/integration-test/target/test-dir/MiniOzoneClusterImpl-7a2c00ee-15e1-4921-aa6b-526c14ec89d8/ozone-meta/datanode-5/data-0/hdds/7a2c00ee-15e1-4921-aa6b-526c14ec89d8/current/containerDir0/7/chunks does not exist.
2025-07-15 19:45:18,908 [EventQueue-PipelineActionsForPipelineActionHandler] INFO  pipeline.PipelineActionHandler (PipelineActionHandler.java:processPipelineAction(89)) - Received pipeline action CLOSE for Pipeline-3211be09-c2e3-4b3a-86e9-ec99b3d04d65 from datanode faa2b429-16a2-49fa-ab42-514c70ac334b(localhost/127.0.0.1). Reason : Chunks directory /home/runner/work/ozone/ozone/hadoop-ozone/integration-test/target/test-dir/MiniOzoneClusterImpl-7a2c00ee-15e1-4921-aa6b-526c14ec89d8/ozone-meta/datanode-5/data-0/hdds/7a2c00ee-15e1-4921-aa6b-526c14ec89d8/current/containerDir0/7/chunks does not exist.
2025-07-15 19:45:19,108 [EventQueue-PipelineActionsForPipelineActionHandler] INFO  pipeline.PipelineActionHandler (PipelineActionHandler.java:processPipelineAction(89)) - Received pipeline action CLOSE for Pipeline-3211be09-c2e3-4b3a-86e9-ec99b3d04d65 from datanode faa2b429-16a2-49fa-ab42-514c70ac334b(localhost/127.0.0.1). Reason : Chunks directory /home/runner/work/ozone/ozone/hadoop-ozone/integration-test/target/test-dir/MiniOzoneClusterImpl-7a2c00ee-15e1-4921-aa6b-526c14ec89d8/ozone-meta/datanode-5/data-0/hdds/7a2c00ee-15e1-4921-aa6b-526c14ec89d8/current/containerDir0/7/chunks does not exist.
2025-07-15 19:45:19,308 [EventQueue-PipelineActionsForPipelineActionHandler] INFO  pipeline.PipelineActionHandler (PipelineActionHandler.java:processPipelineAction(89)) - Received pipeline action CLOSE for Pipeline-3211be09-c2e3-4b3a-86e9-ec99b3d04d65 from datanode faa2b429-16a2-49fa-ab42-514c70ac334b(localhost/127.0.0.1). Reason : Chunks directory /home/runner/work/ozone/ozone/hadoop-ozone/integration-test/target/test-dir/MiniOzoneClusterImpl-7a2c00ee-15e1-4921-aa6b-526c14ec89d8/ozone-meta/datanode-5/data-0/hdds/7a2c00ee-15e1-4921-aa6b-526c14ec89d8/current/containerDir0/7/chunks does not exist.
2025-07-15 19:45:19,508 [EventQueue-PipelineActionsForPipelineActionHandler] INFO  pipeline.PipelineActionHandler (PipelineActionHandler.java:processPipelineAction(89)) - Received pipeline action CLOSE for Pipeline-3211be09-c2e3-4b3a-86e9-ec99b3d04d65 from datanode faa2b429-16a2-49fa-ab42-514c70ac334b(localhost/127.0.0.1). Reason : Chunks directory /home/runner/work/ozone/ozone/hadoop-ozone/integration-test/target/test-dir/MiniOzoneClusterImpl-7a2c00ee-15e1-4921-aa6b-526c14ec89d8/ozone-meta/datanode-5/data-0/hdds/7a2c00ee-15e1-4921-aa6b-526c14ec89d8/current/containerDir0/7/chunks does not exist.
2025-07-15 19:45:19,675 [timer4] WARN  server.GrpcLogAppender (LogUtils.java:warn(127)) - edffad61-d5a0-4c2f-abd3-1d848b9782f9@group-D4D9E1AFA3FC->262265f8-b6b0-4173-8249-6c4ff56c562c-AppendLogResponseHandler: Failed appendEntries (Repeated 7 times in the last 5.000s): org.apache.ratis.thirdparty.io.grpc.StatusRuntimeException: UNAVAILABLE: io exception
  Caused by: org.apache.ratis.thirdparty.io.netty.channel.AbstractChannel$AnnotatedConnectException: finishConnect(..) failed: Connection refused: /127.0.0.1:15063
  Caused by: java.net.ConnectException: finishConnect(..) failed: Connection refused
2025-07-15 19:45:19,676 [timer5] WARN  server.GrpcLogAppender (LogUtils.java:warn(127)) - 73892b45-0ad3-4392-8d09-ab2d1cd7ede4@group-A35D399F7985->262265f8-b6b0-4173-8249-6c4ff56c562c-AppendLogResponseHandler: Failed appendEntries (Repeated 6 times in the last 5.000s): org.apache.ratis.thirdparty.io.grpc.StatusRuntimeException: UNAVAILABLE: io exception
  Caused by: org.apache.ratis.thirdparty.io.netty.channel.AbstractChannel$AnnotatedConnectException: finishConnect(..) failed: Connection refused: /127.0.0.1:15063
  Caused by: java.net.ConnectException: finishConnect(..) failed: Connection refused
2025-07-15 19:45:19,677 [timer6] WARN  server.GrpcLogAppender (GrpcLogAppender.java:lambda$resetClient$1(228)) - edffad61-d5a0-4c2f-abd3-1d848b9782f9@group-D4D9E1AFA3FC->262265f8-b6b0-4173-8249-6c4ff56c562c-GrpcLogAppender: Follower failed (request=null, errorCount=7); keep nextIndex (1) unchanged and retry. (Repeated 7 times in the last 5.000s)
2025-07-15 19:45:19,677 [timer7] WARN  server.GrpcLogAppender (GrpcLogAppender.java:lambda$resetClient$1(228)) - 73892b45-0ad3-4392-8d09-ab2d1cd7ede4@group-A35D399F7985->262265f8-b6b0-4173-8249-6c4ff56c562c-GrpcLogAppender: Follower failed (request=null, errorCount=6); keep nextIndex (11) unchanged and retry. (Repeated 6 times in the last 5.000s)
2025-07-15 19:45:19,708 [EventQueue-PipelineActionsForPipelineActionHandler] INFO  pipeline.PipelineActionHandler (PipelineActionHandler.java:processPipelineAction(89)) - Received pipeline action CLOSE for Pipeline-3211be09-c2e3-4b3a-86e9-ec99b3d04d65 from datanode faa2b429-16a2-49fa-ab42-514c70ac334b(localhost/127.0.0.1). Reason : Chunks directory /home/runner/work/ozone/ozone/hadoop-ozone/integration-test/target/test-dir/MiniOzoneClusterImpl-7a2c00ee-15e1-4921-aa6b-526c14ec89d8/ozone-meta/datanode-5/data-0/hdds/7a2c00ee-15e1-4921-aa6b-526c14ec89d8/current/containerDir0/7/chunks does not exist.
2025-07-15 19:45:19,908 [EventQueue-PipelineActionsForPipelineActionHandler] INFO  pipeline.PipelineActionHandler (PipelineActionHandler.java:processPipelineAction(89)) - Received pipeline action CLOSE for Pipeline-3211be09-c2e3-4b3a-86e9-ec99b3d04d65 from datanode faa2b429-16a2-49fa-ab42-514c70ac334b(localhost/127.0.0.1). Reason : Chunks directory /home/runner/work/ozone/ozone/hadoop-ozone/integration-test/target/test-dir/MiniOzoneClusterImpl-7a2c00ee-15e1-4921-aa6b-526c14ec89d8/ozone-meta/datanode-5/data-0/hdds/7a2c00ee-15e1-4921-aa6b-526c14ec89d8/current/containerDir0/7/chunks does not exist.
2025-07-15 19:45:20,108 [EventQueue-PipelineActionsForPipelineActionHandler] INFO  pipeline.PipelineActionHandler (PipelineActionHandler.java:processPipelineAction(89)) - Received pipeline action CLOSE for Pipeline-3211be09-c2e3-4b3a-86e9-ec99b3d04d65 from datanode faa2b429-16a2-49fa-ab42-514c70ac334b(localhost/127.0.0.1). Reason : Chunks directory /home/runner/work/ozone/ozone/hadoop-ozone/integration-test/target/test-dir/MiniOzoneClusterImpl-7a2c00ee-15e1-4921-aa6b-526c14ec89d8/ozone-meta/datanode-5/data-0/hdds/7a2c00ee-15e1-4921-aa6b-526c14ec89d8/current/containerDir0/7/chunks does not exist.
2025-07-15 19:45:20,308 [EventQueue-PipelineActionsForPipelineActionHandler] INFO  pipeline.PipelineActionHandler (PipelineActionHandler.java:processPipelineAction(89)) - Received pipeline action CLOSE for Pipeline-3211be09-c2e3-4b3a-86e9-ec99b3d04d65 from datanode faa2b429-16a2-49fa-ab42-514c70ac334b(localhost/127.0.0.1). Reason : Chunks directory /home/runner/work/ozone/ozone/hadoop-ozone/integration-test/target/test-dir/MiniOzoneClusterImpl-7a2c00ee-15e1-4921-aa6b-526c14ec89d8/ozone-meta/datanode-5/data-0/hdds/7a2c00ee-15e1-4921-aa6b-526c14ec89d8/current/containerDir0/7/chunks does not exist.
2025-07-15 19:45:20,508 [EventQueue-PipelineActionsForPipelineActionHandler] INFO  pipeline.PipelineActionHandler (PipelineActionHandler.java:processPipelineAction(89)) - Received pipeline action CLOSE for Pipeline-3211be09-c2e3-4b3a-86e9-ec99b3d04d65 from datanode faa2b429-16a2-49fa-ab42-514c70ac334b(localhost/127.0.0.1). Reason : Chunks directory /home/runner/work/ozone/ozone/hadoop-ozone/integration-test/target/test-dir/MiniOzoneClusterImpl-7a2c00ee-15e1-4921-aa6b-526c14ec89d8/ozone-meta/datanode-5/data-0/hdds/7a2c00ee-15e1-4921-aa6b-526c14ec89d8/current/containerDir0/7/chunks does not exist.
2025-07-15 19:45:20,708 [EventQueue-PipelineActionsForPipelineActionHandler] INFO  pipeline.PipelineActionHandler (PipelineActionHandler.java:processPipelineAction(89)) - Received pipeline action CLOSE for Pipeline-3211be09-c2e3-4b3a-86e9-ec99b3d04d65 from datanode faa2b429-16a2-49fa-ab42-514c70ac334b(localhost/127.0.0.1). Reason : Chunks directory /home/runner/work/ozone/ozone/hadoop-ozone/integration-test/target/test-dir/MiniOzoneClusterImpl-7a2c00ee-15e1-4921-aa6b-526c14ec89d8/ozone-meta/datanode-5/data-0/hdds/7a2c00ee-15e1-4921-aa6b-526c14ec89d8/current/containerDir0/7/chunks does not exist.
2025-07-15 19:45:20,893 [timer5] ERROR impl.OrderedAsync (OrderedAsync.java:lambda$null$6(215)) -  client-47809B512A07: Failed* RaftClientRequest:client-47809B512A07->faa2b429-16a2-49fa-ab42-514c70ac334b@group-EC99B3D04D65, cid=161, seq=4, RW, cmdType: WriteChunk
traceID: ""
containerID: 7
datanodeUuid: "faa2b429-16a2-49fa-ab42-514c70ac334b"
writeChunk {
  blockID {
    containerID: 7
    localID: 115816896921600007
    blockCommitSequenceId: 2
    replicaIndex: 0
  }
  chunkData {
    chunkName: "115816896921600007_chunk_2"
    offset: 5
    len: 5
    checksumData {
      type: CRC32
      bytesPerChecksum: 16384
      checksums: "\350a\3440"
    }
  }
}
version: 3
, data.size=5
java.util.concurrent.CompletionException: org.apache.ratis.protocol.exceptions.TimeoutIOException: client-47809B512A07->faa2b429-16a2-49fa-ab42-514c70ac334b request #161 timeout 3000ms
	at java.base/java.util.concurrent.CompletableFuture.encodeThrowable(CompletableFuture.java:332)
	at java.base/java.util.concurrent.CompletableFuture.completeThrowable(CompletableFuture.java:347)
	at java.base/java.util.concurrent.CompletableFuture$UniAccept.tryFire(CompletableFuture.java:708)
	at java.base/java.util.concurrent.CompletableFuture.postComplete(CompletableFuture.java:510)
	at java.base/java.util.concurrent.CompletableFuture.completeExceptionally(CompletableFuture.java:2194)
	at org.apache.ratis.grpc.client.GrpcClientProtocolClient$AsyncStreamObservers.lambda$timeoutCheck$5(GrpcClientProtocolClient.java:376)
	at java.base/java.util.Optional.ifPresent(Optional.java:178)
	at org.apache.ratis.grpc.client.GrpcClientProtocolClient$AsyncStreamObservers.handleReplyFuture(GrpcClientProtocolClient.java:381)
	at org.apache.ratis.grpc.client.GrpcClientProtocolClient$AsyncStreamObservers.timeoutCheck(GrpcClientProtocolClient.java:376)
	at org.apache.ratis.grpc.client.GrpcClientProtocolClient$AsyncStreamObservers.lambda$onNext$3(GrpcClientProtocolClient.java:369)
	at org.apache.ratis.util.TimeoutTimer.lambda$onTimeout$2(TimeoutTimer.java:101)
	at org.apache.ratis.util.LogUtils.runAndLog(LogUtils.java:38)
	at org.apache.ratis.util.LogUtils$1.run(LogUtils.java:78)
	at org.apache.ratis.util.TimeoutTimer$Task.run(TimeoutTimer.java:55)
	at java.base/java.util.TimerThread.mainLoop(Timer.java:566)
	at java.base/java.util.TimerThread.run(Timer.java:516)
Caused by: org.apache.ratis.protocol.exceptions.TimeoutIOException: client-47809B512A07->faa2b429-16a2-49fa-ab42-514c70ac334b request #161 timeout 3000ms
	at org.apache.ratis.grpc.client.GrpcClientProtocolClient$AsyncStreamObservers.lambda$timeoutCheck$5(GrpcClientProtocolClient.java:377)
	... 10 more
2025-07-15 19:45:20,895 [timer6] ERROR impl.OrderedAsync (OrderedAsync.java:lambda$null$6(215)) -  client-47809B512A07: Failed* RaftClientRequest:client-47809B512A07->faa2b429-16a2-49fa-ab42-514c70ac334b@group-EC99B3D04D65, cid=162, seq=5, RW, cmdType: PutBlock
traceID: ""
containerID: 7
datanodeUuid: "faa2b429-16a2-49fa-ab42-514c70ac334b"
putBlock {
  blockData {
    blockID {
      containerID: 7
      localID: 115816896921600007
      blockCommitSequenceId: 0
    }
    metadata {
      key: "TYPE"
      value: "KEY"
    }
    chunks {
      chunkName: "115816896921600007_chunk_1"
      offset: 0
      len: 5
      checksumData {
        type: CRC32
        bytesPerChecksum: 16384
        checksums: "\350a\3440"
      }
    }
    chunks {
      chunkName: "115816896921600007_chunk_2"
      offset: 5
      len: 5
      checksumData {
        type: CRC32
        bytesPerChecksum: 16384
        checksums: "\350a\3440"
      }
    }
  }
  eof: true
}
version: 3
, data.size=0
java.util.concurrent.CompletionException: org.apache.ratis.protocol.exceptions.TimeoutIOException: client-47809B512A07->faa2b429-16a2-49fa-ab42-514c70ac334b request #162 timeout 3000ms
	at java.base/java.util.concurrent.CompletableFuture.encodeThrowable(CompletableFuture.java:332)
	at java.base/java.util.concurrent.CompletableFuture.completeThrowable(CompletableFuture.java:347)
	at java.base/java.util.concurrent.CompletableFuture$UniAccept.tryFire(CompletableFuture.java:708)
	at java.base/java.util.concurrent.CompletableFuture.postComplete(CompletableFuture.java:510)
	at java.base/java.util.concurrent.CompletableFuture.completeExceptionally(CompletableFuture.java:2194)
	at org.apache.ratis.grpc.client.GrpcClientProtocolClient$AsyncStreamObservers.lambda$timeoutCheck$5(GrpcClientProtocolClient.java:376)
	at java.base/java.util.Optional.ifPresent(Optional.java:178)
	at org.apache.ratis.grpc.client.GrpcClientProtocolClient$AsyncStreamObservers.handleReplyFuture(GrpcClientProtocolClient.java:381)
	at org.apache.ratis.grpc.client.GrpcClientProtocolClient$AsyncStreamObservers.timeoutCheck(GrpcClientProtocolClient.java:376)
	at org.apache.ratis.grpc.client.GrpcClientProtocolClient$AsyncStreamObservers.lambda$onNext$3(GrpcClientProtocolClient.java:369)
	at org.apache.ratis.util.TimeoutTimer.lambda$onTimeout$2(TimeoutTimer.java:101)
	at org.apache.ratis.util.LogUtils.runAndLog(LogUtils.java:38)
	at org.apache.ratis.util.LogUtils$1.run(LogUtils.java:78)
	at org.apache.ratis.util.TimeoutTimer$Task.run(TimeoutTimer.java:55)
	at java.base/java.util.TimerThread.mainLoop(Timer.java:566)
	at java.base/java.util.TimerThread.run(Timer.java:516)
Caused by: org.apache.ratis.protocol.exceptions.TimeoutIOException: client-47809B512A07->faa2b429-16a2-49fa-ab42-514c70ac334b request #162 timeout 3000ms
	at org.apache.ratis.grpc.client.GrpcClientProtocolClient$AsyncStreamObservers.lambda$timeoutCheck$5(GrpcClientProtocolClient.java:377)
	... 10 more
2025-07-15 19:45:20,907 [faa2b429-16a2-49fa-ab42-514c70ac334b@group-EC99B3D04D65-SegmentedRaftLogWorker] WARN  segmented.SegmentedRaftLogWorker (SegmentedRaftLogWorker.java:lambda$close$3(251)) - faa2b429-16a2-49fa-ab42-514c70ac334b@group-EC99B3D04D65-SegmentedRaftLogWorker: shutdown timeout in 3s
2025-07-15 19:45:20,908 [faa2b429-16a2-49fa-ab42-514c70ac334b@group-EC99B3D04D65-SegmentedRaftLogWorker] INFO  segmented.SegmentedRaftLogWorker (SegmentedRaftLogWorker.java:close(254)) - faa2b429-16a2-49fa-ab42-514c70ac334b@group-EC99B3D04D65-SegmentedRaftLogWorker close()
2025-07-15 19:45:20,908 [EventQueue-PipelineActionsForPipelineActionHandler] INFO  pipeline.PipelineActionHandler (PipelineActionHandler.java:processPipelineAction(89)) - Received pipeline action CLOSE for Pipeline-3211be09-c2e3-4b3a-86e9-ec99b3d04d65 from datanode faa2b429-16a2-49fa-ab42-514c70ac334b(localhost/127.0.0.1). Reason : Chunks directory /home/runner/work/ozone/ozone/hadoop-ozone/integration-test/target/test-dir/MiniOzoneClusterImpl-7a2c00ee-15e1-4921-aa6b-526c14ec89d8/ozone-meta/datanode-5/data-0/hdds/7a2c00ee-15e1-4921-aa6b-526c14ec89d8/current/containerDir0/7/chunks does not exist.
2025-07-15 19:45:21,108 [EventQueue-PipelineActionsForPipelineActionHandler] INFO  pipeline.PipelineActionHandler (PipelineActionHandler.java:processPipelineAction(89)) - Received pipeline action CLOSE for Pipeline-3211be09-c2e3-4b3a-86e9-ec99b3d04d65 from datanode faa2b429-16a2-49fa-ab42-514c70ac334b(localhost/127.0.0.1). Reason : Chunks directory /home/runner/work/ozone/ozone/hadoop-ozone/integration-test/target/test-dir/MiniOzoneClusterImpl-7a2c00ee-15e1-4921-aa6b-526c14ec89d8/ozone-meta/datanode-5/data-0/hdds/7a2c00ee-15e1-4921-aa6b-526c14ec89d8/current/containerDir0/7/chunks does not exist.
2025-07-15 19:45:21,308 [EventQueue-PipelineActionsForPipelineActionHandler] INFO  pipeline.PipelineActionHandler (PipelineActionHandler.java:processPipelineAction(89)) - Received pipeline action CLOSE for Pipeline-3211be09-c2e3-4b3a-86e9-ec99b3d04d65 from datanode faa2b429-16a2-49fa-ab42-514c70ac334b(localhost/127.0.0.1). Reason : Chunks directory /home/runner/work/ozone/ozone/hadoop-ozone/integration-test/target/test-dir/MiniOzoneClusterImpl-7a2c00ee-15e1-4921-aa6b-526c14ec89d8/ozone-meta/datanode-5/data-0/hdds/7a2c00ee-15e1-4921-aa6b-526c14ec89d8/current/containerDir0/7/chunks does not exist.
2025-07-15 19:45:21,508 [EventQueue-PipelineActionsForPipelineActionHandler] INFO  pipeline.PipelineActionHandler (PipelineActionHandler.java:processPipelineAction(89)) - Received pipeline action CLOSE for Pipeline-3211be09-c2e3-4b3a-86e9-ec99b3d04d65 from datanode faa2b429-16a2-49fa-ab42-514c70ac334b(localhost/127.0.0.1). Reason : Chunks directory /home/runner/work/ozone/ozone/hadoop-ozone/integration-test/target/test-dir/MiniOzoneClusterImpl-7a2c00ee-15e1-4921-aa6b-526c14ec89d8/ozone-meta/datanode-5/data-0/hdds/7a2c00ee-15e1-4921-aa6b-526c14ec89d8/current/containerDir0/7/chunks does not exist.
2025-07-15 19:45:21,708 [EventQueue-PipelineActionsForPipelineActionHandler] INFO  pipeline.PipelineActionHandler (PipelineActionHandler.java:processPipelineAction(89)) - Received pipeline action CLOSE for Pipeline-3211be09-c2e3-4b3a-86e9-ec99b3d04d65 from datanode faa2b429-16a2-49fa-ab42-514c70ac334b(localhost/127.0.0.1). Reason : Chunks directory /home/runner/work/ozone/ozone/hadoop-ozone/integration-test/target/test-dir/MiniOzoneClusterImpl-7a2c00ee-15e1-4921-aa6b-526c14ec89d8/ozone-meta/datanode-5/data-0/hdds/7a2c00ee-15e1-4921-aa6b-526c14ec89d8/current/containerDir0/7/chunks does not exist.
2025-07-15 19:45:21,908 [EventQueue-PipelineActionsForPipelineActionHandler] INFO  pipeline.PipelineActionHandler (PipelineActionHandler.java:processPipelineAction(89)) - Received pipeline action CLOSE for Pipeline-3211be09-c2e3-4b3a-86e9-ec99b3d04d65 from datanode faa2b429-16a2-49fa-ab42-514c70ac334b(localhost/127.0.0.1). Reason : Chunks directory /home/runner/work/ozone/ozone/hadoop-ozone/integration-test/target/test-dir/MiniOzoneClusterImpl-7a2c00ee-15e1-4921-aa6b-526c14ec89d8/ozone-meta/datanode-5/data-0/hdds/7a2c00ee-15e1-4921-aa6b-526c14ec89d8/current/containerDir0/7/chunks does not exist.
2025-07-15 19:45:22,108 [EventQueue-PipelineActionsForPipelineActionHandler] INFO  pipeline.PipelineActionHandler (PipelineActionHandler.java:processPipelineAction(89)) - Received pipeline action CLOSE for Pipeline-3211be09-c2e3-4b3a-86e9-ec99b3d04d65 from datanode faa2b429-16a2-49fa-ab42-514c70ac334b(localhost/127.0.0.1). Reason : Chunks directory /home/runner/work/ozone/ozone/hadoop-ozone/integration-test/target/test-dir/MiniOzoneClusterImpl-7a2c00ee-15e1-4921-aa6b-526c14ec89d8/ozone-meta/datanode-5/data-0/hdds/7a2c00ee-15e1-4921-aa6b-526c14ec89d8/current/containerDir0/7/chunks does not exist.
2025-07-15 19:45:22,308 [EventQueue-PipelineActionsForPipelineActionHandler] INFO  pipeline.PipelineActionHandler (PipelineActionHandler.java:processPipelineAction(89)) - Received pipeline action CLOSE for Pipeline-3211be09-c2e3-4b3a-86e9-ec99b3d04d65 from datanode faa2b429-16a2-49fa-ab42-514c70ac334b(localhost/127.0.0.1). Reason : Chunks directory /home/runner/work/ozone/ozone/hadoop-ozone/integration-test/target/test-dir/MiniOzoneClusterImpl-7a2c00ee-15e1-4921-aa6b-526c14ec89d8/ozone-meta/datanode-5/data-0/hdds/7a2c00ee-15e1-4921-aa6b-526c14ec89d8/current/containerDir0/7/chunks does not exist.
2025-07-15 19:45:22,508 [EventQueue-PipelineActionsForPipelineActionHandler] INFO  pipeline.PipelineActionHandler (PipelineActionHandler.java:processPipelineAction(89)) - Received pipeline action CLOSE for Pipeline-3211be09-c2e3-4b3a-86e9-ec99b3d04d65 from datanode faa2b429-16a2-49fa-ab42-514c70ac334b(localhost/127.0.0.1). Reason : Chunks directory /home/runner/work/ozone/ozone/hadoop-ozone/integration-test/target/test-dir/MiniOzoneClusterImpl-7a2c00ee-15e1-4921-aa6b-526c14ec89d8/ozone-meta/datanode-5/data-0/hdds/7a2c00ee-15e1-4921-aa6b-526c14ec89d8/current/containerDir0/7/chunks does not exist.
2025-07-15 19:45:22,513 [timer1] WARN  server.GrpcLogAppender (GrpcLogAppender.java:timeoutAppendRequest(448)) - 73892b45-0ad3-4392-8d09-ab2d1cd7ede4@group-A35D399F7985->262265f8-b6b0-4173-8249-6c4ff56c562c-GrpcLogAppender: Timed out HEARTBEAT appendEntries, errorCount=7, request=AppendEntriesRequest:cid=4608,entriesCount=0
2025-07-15 19:45:22,707 [EventQueue-PipelineActionsForPipelineActionHandler] INFO  pipeline.PipelineActionHandler (PipelineActionHandler.java:processPipelineAction(89)) - Received pipeline action CLOSE for Pipeline-3211be09-c2e3-4b3a-86e9-ec99b3d04d65 from datanode faa2b429-16a2-49fa-ab42-514c70ac334b(localhost/127.0.0.1). Reason : Chunks directory /home/runner/work/ozone/ozone/hadoop-ozone/integration-test/target/test-dir/MiniOzoneClusterImpl-7a2c00ee-15e1-4921-aa6b-526c14ec89d8/ozone-meta/datanode-5/data-0/hdds/7a2c00ee-15e1-4921-aa6b-526c14ec89d8/current/containerDir0/7/chunks does not exist.
2025-07-15 19:45:22,812 [timer1] WARN  server.GrpcLogAppender (GrpcLogAppender.java:timeoutAppendRequest(448)) - edffad61-d5a0-4c2f-abd3-1d848b9782f9@group-D4D9E1AFA3FC->262265f8-b6b0-4173-8249-6c4ff56c562c-GrpcLogAppender: Timed out HEARTBEAT appendEntries, errorCount=8, request=AppendEntriesRequest:cid=6969,entriesCount=0
2025-07-15 19:45:22,908 [EventQueue-PipelineActionsForPipelineActionHandler] INFO  pipeline.PipelineActionHandler (PipelineActionHandler.java:processPipelineAction(89)) - Received pipeline action CLOSE for Pipeline-3211be09-c2e3-4b3a-86e9-ec99b3d04d65 from datanode faa2b429-16a2-49fa-ab42-514c70ac334b(localhost/127.0.0.1). Reason : Chunks directory /home/runner/work/ozone/ozone/hadoop-ozone/integration-test/target/test-dir/MiniOzoneClusterImpl-7a2c00ee-15e1-4921-aa6b-526c14ec89d8/ozone-meta/datanode-5/data-0/hdds/7a2c00ee-15e1-4921-aa6b-526c14ec89d8/current/containerDir0/7/chunks does not exist.
2025-07-15 19:45:23,089 [faa2b429-16a2-49fa-ab42-514c70ac334b@group-EC99B3D04D65-LeaderStateImpl] ERROR util.ExitUtils (ExitUtils.java:terminate(133)) - Terminating with exit status -1: Thread[#1446,faa2b429-16a2-49fa-ab42-514c70ac334b@group-EC99B3D04D65-LeaderStateImpl,5,faa2b429-16a2-49fa-ab42-514c70ac334b@group-EC99B3D04D65] has thrown an uncaught exception
java.lang.IllegalStateException: faa2b429-16a2-49fa-ab42-514c70ac334b@group-EC99B3D04D65-SegmentedRaftLog is expected to be opened but it is CLOSED
	at org.apache.ratis.util.OpenCloseState.assertOpen(OpenCloseState.java:63)
	at org.apache.ratis.server.raftlog.RaftLogBase.checkLogState(RaftLogBase.java:112)
	at org.apache.ratis.server.raftlog.segmented.SegmentedRaftLog.getLastEntryTermIndex(SegmentedRaftLog.java:356)
	at org.apache.ratis.server.impl.ServerState.getLastEntry(ServerState.java:310)
	at org.apache.ratis.server.impl.LeaderStateImpl.checkPeersForYieldingLeader(LeaderStateImpl.java:1081)
	at org.apache.ratis.server.impl.LeaderStateImpl.access$800(LeaderStateImpl.java:101)
	at org.apache.ratis.server.impl.LeaderStateImpl$EventProcessor.run(LeaderStateImpl.java:769)
Caused by: org.apache.ratis.util.OpenCloseState$CloseTrace: Close faa2b429-16a2-49fa-ab42-514c70ac334b@group-EC99B3D04D65-SegmentedRaftLog
	at org.apache.ratis.util.OpenCloseState.lambda$close$1(OpenCloseState.java:109)
	at java.base/java.util.concurrent.atomic.AtomicReference.getAndUpdate(AtomicReference.java:188)
	at org.apache.ratis.util.OpenCloseState.close(OpenCloseState.java:109)
	at org.apache.ratis.server.raftlog.RaftLogBase.close(RaftLogBase.java:393)
	at org.apache.ratis.server.raftlog.segmented.SegmentedRaftLog.close(SegmentedRaftLog.java:528)
	at org.apache.ratis.server.raftlog.RaftLogBase.lambda$appendImpl$3(RaftLogBase.java:206)
	at java.base/java.util.concurrent.CompletableFuture.uniWhenComplete(CompletableFuture.java:863)
	at java.base/java.util.concurrent.CompletableFuture$UniWhenComplete.tryFire(CompletableFuture.java:841)
	at java.base/java.util.concurrent.CompletableFuture.postComplete(CompletableFuture.java:510)
	at java.base/java.util.concurrent.CompletableFuture.completeExceptionally(CompletableFuture.java:2194)
	at org.apache.ratis.server.raftlog.segmented.SegmentedRaftLog$Task.failed(SegmentedRaftLog.java:109)
	at org.apache.ratis.server.raftlog.segmented.SegmentedRaftLogWorker$WriteLog.failed(SegmentedRaftLogWorker.java:530)
	at org.apache.ratis.server.raftlog.segmented.SegmentedRaftLogWorker.run(SegmentedRaftLogWorker.java:326)
	at java.base/java.util.concurrent.Executors$RunnableAdapter.call(Executors.java:572)
	at java.base/java.util.concurrent.FutureTask.run(FutureTask.java:317)
	at java.base/java.util.concurrent.ThreadPoolExecutor.runWorker(ThreadPoolExecutor.java:1144)
	at java.base/java.util.concurrent.ThreadPoolExecutor$Worker.run(ThreadPoolExecutor.java:642)
	at java.base/java.lang.Thread.run(Thread.java:1583)
2025-07-15 19:45:23,109 [EventQueue-PipelineActionsForPipelineActionHandler] INFO  pipeline.PipelineActionHandler (PipelineActionHandler.java:processPipelineAction(89)) - Received pipeline action CLOSE for Pipeline-3211be09-c2e3-4b3a-86e9-ec99b3d04d65 from datanode faa2b429-16a2-49fa-ab42-514c70ac334b(localhost/127.0.0.1). Reason : Chunks directory /home/runner/work/ozone/ozone/hadoop-ozone/integration-test/target/test-dir/MiniOzoneClusterImpl-7a2c00ee-15e1-4921-aa6b-526c14ec89d8/ozone-meta/datanode-5/data-0/hdds/7a2c00ee-15e1-4921-aa6b-526c14ec89d8/current/containerDir0/7/chunks does not exist.
2025-07-15 19:45:23,308 [EventQueue-PipelineActionsForPipelineActionHandler] INFO  pipeline.PipelineActionHandler (PipelineActionHandler.java:processPipelineAction(89)) - Received pipeline action CLOSE for Pipeline-3211be09-c2e3-4b3a-86e9-ec99b3d04d65 from datanode faa2b429-16a2-49fa-ab42-514c70ac334b(localhost/127.0.0.1). Reason : Chunks directory /home/runner/work/ozone/ozone/hadoop-ozone/integration-test/target/test-dir/MiniOzoneClusterImpl-7a2c00ee-15e1-4921-aa6b-526c14ec89d8/ozone-meta/datanode-5/data-0/hdds/7a2c00ee-15e1-4921-aa6b-526c14ec89d8/current/containerDir0/7/chunks does not exist.
2025-07-15 19:45:23,509 [EventQueue-PipelineActionsForPipelineActionHandler] INFO  pipeline.PipelineActionHandler (PipelineActionHandler.java:processPipelineAction(89)) - Received pipeline action CLOSE for Pipeline-3211be09-c2e3-4b3a-86e9-ec99b3d04d65 from datanode faa2b429-16a2-49fa-ab42-514c70ac334b(localhost/127.0.0.1). Reason : Chunks directory /home/runner/work/ozone/ozone/hadoop-ozone/integration-test/target/test-dir/MiniOzoneClusterImpl-7a2c00ee-15e1-4921-aa6b-526c14ec89d8/ozone-meta/datanode-5/data-0/hdds/7a2c00ee-15e1-4921-aa6b-526c14ec89d8/current/containerDir0/7/chunks does not exist.
2025-07-15 19:45:23,710 [EventQueue-PipelineActionsForPipelineActionHandler] INFO  pipeline.PipelineActionHandler (PipelineActionHandler.java:processPipelineAction(89)) - Received pipeline action CLOSE for Pipeline-3211be09-c2e3-4b3a-86e9-ec99b3d04d65 from datanode faa2b429-16a2-49fa-ab42-514c70ac334b(localhost/127.0.0.1). Reason : Chunks directory /home/runner/work/ozone/ozone/hadoop-ozone/integration-test/target/test-dir/MiniOzoneClusterImpl-7a2c00ee-15e1-4921-aa6b-526c14ec89d8/ozone-meta/datanode-5/data-0/hdds/7a2c00ee-15e1-4921-aa6b-526c14ec89d8/current/containerDir0/7/chunks does not exist.
2025-07-15 19:45:23,763 [timer5] WARN  server.GrpcLogAppender (GrpcLogAppender.java:timeoutAppendRequest(448)) - 73892b45-0ad3-4392-8d09-ab2d1cd7ede4@group-A35D399F7985->262265f8-b6b0-4173-8249-6c4ff56c562c-GrpcLogAppender: Timed out HEARTBEAT appendEntries, errorCount=8, request=AppendEntriesRequest:cid=4609,entriesCount=0
2025-07-15 19:45:23,910 [EventQueue-PipelineActionsForPipelineActionHandler] INFO  pipeline.PipelineActionHandler (PipelineActionHandler.java:processPipelineAction(89)) - Received pipeline action CLOSE for Pipeline-3211be09-c2e3-4b3a-86e9-ec99b3d04d65 from datanode faa2b429-16a2-49fa-ab42-514c70ac334b(localhost/127.0.0.1). Reason : Chunks directory /home/runner/work/ozone/ozone/hadoop-ozone/integration-test/target/test-dir/MiniOzoneClusterImpl-7a2c00ee-15e1-4921-aa6b-526c14ec89d8/ozone-meta/datanode-5/data-0/hdds/7a2c00ee-15e1-4921-aa6b-526c14ec89d8/current/containerDir0/7/chunks does not exist.
2025-07-15 19:45:24,063 [timer7] WARN  server.GrpcLogAppender (GrpcLogAppender.java:timeoutAppendRequest(448)) - edffad61-d5a0-4c2f-abd3-1d848b9782f9@group-D4D9E1AFA3FC->262265f8-b6b0-4173-8249-6c4ff56c562c-GrpcLogAppender: Timed out HEARTBEAT appendEntries, errorCount=9, request=AppendEntriesRequest:cid=6970,entriesCount=0
2025-07-15 19:45:24,110 [EventQueue-PipelineActionsForPipelineActionHandler] INFO  pipeline.PipelineActionHandler (PipelineActionHandler.java:processPipelineAction(89)) - Received pipeline action CLOSE for Pipeline-3211be09-c2e3-4b3a-86e9-ec99b3d04d65 from datanode faa2b429-16a2-49fa-ab42-514c70ac334b(localhost/127.0.0.1). Reason : Chunks directory /home/runner/work/ozone/ozone/hadoop-ozone/integration-test/target/test-dir/MiniOzoneClusterImpl-7a2c00ee-15e1-4921-aa6b-526c14ec89d8/ozone-meta/datanode-5/data-0/hdds/7a2c00ee-15e1-4921-aa6b-526c14ec89d8/current/containerDir0/7/chunks does not exist.
2025-07-15 19:45:24,310 [EventQueue-PipelineActionsForPipelineActionHandler] INFO  pipeline.PipelineActionHandler (PipelineActionHandler.java:processPipelineAction(89)) - Received pipeline action CLOSE for Pipeline-3211be09-c2e3-4b3a-86e9-ec99b3d04d65 from datanode faa2b429-16a2-49fa-ab42-514c70ac334b(localhost/127.0.0.1). Reason : Chunks directory /home/runner/work/ozone/ozone/hadoop-ozone/integration-test/target/test-dir/MiniOzoneClusterImpl-7a2c00ee-15e1-4921-aa6b-526c14ec89d8/ozone-meta/datanode-5/data-0/hdds/7a2c00ee-15e1-4921-aa6b-526c14ec89d8/current/containerDir0/7/chunks does not exist.
2025-07-15 19:45:24,510 [EventQueue-PipelineActionsForPipelineActionHandler] INFO  pipeline.PipelineActionHandler (PipelineActionHandler.java:processPipelineAction(89)) - Received pipeline action CLOSE for Pipeline-3211be09-c2e3-4b3a-86e9-ec99b3d04d65 from datanode faa2b429-16a2-49fa-ab42-514c70ac334b(localhost/127.0.0.1). Reason : Chunks directory /home/runner/work/ozone/ozone/hadoop-ozone/integration-test/target/test-dir/MiniOzoneClusterImpl-7a2c00ee-15e1-4921-aa6b-526c14ec89d8/ozone-meta/datanode-5/data-0/hdds/7a2c00ee-15e1-4921-aa6b-526c14ec89d8/current/containerDir0/7/chunks does not exist.
2025-07-15 19:45:24,710 [EventQueue-PipelineActionsForPipelineActionHandler] INFO  pipeline.PipelineActionHandler (PipelineActionHandler.java:processPipelineAction(89)) - Received pipeline action CLOSE for Pipeline-3211be09-c2e3-4b3a-86e9-ec99b3d04d65 from datanode faa2b429-16a2-49fa-ab42-514c70ac334b(localhost/127.0.0.1). Reason : Chunks directory /home/runner/work/ozone/ozone/hadoop-ozone/integration-test/target/test-dir/MiniOzoneClusterImpl-7a2c00ee-15e1-4921-aa6b-526c14ec89d8/ozone-meta/datanode-5/data-0/hdds/7a2c00ee-15e1-4921-aa6b-526c14ec89d8/current/containerDir0/7/chunks does not exist.
2025-07-15 19:45:24,844 [BackgroundPipelineScrubber] INFO  pipeline.PipelineManagerImpl (PipelineManagerImpl.java:scrubPipelines(602)) - Scrubbing pipeline: id: Pipeline-3211be09-c2e3-4b3a-86e9-ec99b3d04d65 since it stays at CLOSED stage.
2025-07-15 19:45:24,846 [BackgroundPipelineScrubber] INFO  pipeline.RatisPipelineProvider (RatisPipelineProvider.java:lambda$close$4(273)) - Send pipeline:Pipeline-3211be09-c2e3-4b3a-86e9-ec99b3d04d65 close command to datanode faa2b429-16a2-49fa-ab42-514c70ac334b
2025-07-15 19:45:24,846 [BackgroundPipelineScrubber] INFO  pipeline.PipelineManagerImpl (PipelineManagerImpl.java:removePipeline(464)) - Pipeline Pipeline{ Id: 3211be09-c2e3-4b3a-86e9-ec99b3d04d65, Nodes: [ {faa2b429-16a2-49fa-ab42-514c70ac334b(localhost/127.0.0.1), ReplicaIndex: 0},], ReplicationConfig: RATIS/ONE, State:CLOSED, leaderId:faa2b429-16a2-49fa-ab42-514c70ac334b, CreationTimestamp2025-07-15T19:44:34.788Z[Etc/UTC]} removed.
2025-07-15 19:45:24,910 [EventQueue-PipelineActionsForPipelineActionHandler] INFO  pipeline.PipelineActionHandler (PipelineActionHandler.java:processPipelineAction(89)) - Received pipeline action CLOSE for Pipeline-3211be09-c2e3-4b3a-86e9-ec99b3d04d65 from datanode faa2b429-16a2-49fa-ab42-514c70ac334b(localhost/127.0.0.1). Reason : Chunks directory /home/runner/work/ozone/ozone/hadoop-ozone/integration-test/target/test-dir/MiniOzoneClusterImpl-7a2c00ee-15e1-4921-aa6b-526c14ec89d8/ozone-meta/datanode-5/data-0/hdds/7a2c00ee-15e1-4921-aa6b-526c14ec89d8/current/containerDir0/7/chunks does not exist.
2025-07-15 19:45:24,910 [EventQueue-PipelineReportForPipelineReportHandler] INFO  pipeline.PipelineReportHandler (PipelineReportHandler.java:handlePipelineNotFoundException(98)) - Pipeline Pipeline-3211be09-c2e3-4b3a-86e9-ec99b3d04d65, reported by datanode faa2b429-16a2-49fa-ab42-514c70ac334b(localhost/127.0.0.1) is not found.
2025-07-15 19:45:24,910 [EventQueue-PipelineActionsForPipelineActionHandler] WARN  pipeline.PipelineActionHandler (PipelineActionHandler.java:closeUnknownPipeline(117)) - Pipeline action received for unknown Pipeline Pipeline-3211be09-c2e3-4b3a-86e9-ec99b3d04d65, firing close pipeline event.
2025-07-15 19:45:25,015 [timer4] WARN  server.GrpcLogAppender (GrpcLogAppender.java:timeoutAppendRequest(448)) - 73892b45-0ad3-4392-8d09-ab2d1cd7ede4@group-A35D399F7985->262265f8-b6b0-4173-8249-6c4ff56c562c-GrpcLogAppender: Timed out HEARTBEAT appendEntries, errorCount=9, request=AppendEntriesRequest:cid=4610,entriesCount=0
2025-07-15 19:45:25,111 [EventQueue-PipelineReportForPipelineReportHandler] INFO  pipeline.PipelineReportHandler (PipelineReportHandler.java:handlePipelineNotFoundException(98)) - Pipeline Pipeline-3211be09-c2e3-4b3a-86e9-ec99b3d04d65, reported by datanode faa2b429-16a2-49fa-ab42-514c70ac334b(localhost/127.0.0.1) is not found.
2025-07-15 19:45:25,111 [EventQueue-PipelineActionsForPipelineActionHandler] INFO  pipeline.PipelineActionHandler (PipelineActionHandler.java:processPipelineAction(89)) - Received pipeline action CLOSE for Pipeline-3211be09-c2e3-4b3a-86e9-ec99b3d04d65 from datanode faa2b429-16a2-49fa-ab42-514c70ac334b(localhost/127.0.0.1). Reason : Chunks directory /home/runner/work/ozone/ozone/hadoop-ozone/integration-test/target/test-dir/MiniOzoneClusterImpl-7a2c00ee-15e1-4921-aa6b-526c14ec89d8/ozone-meta/datanode-5/data-0/hdds/7a2c00ee-15e1-4921-aa6b-526c14ec89d8/current/containerDir0/7/chunks does not exist.
2025-07-15 19:45:25,111 [EventQueue-PipelineActionsForPipelineActionHandler] WARN  pipeline.PipelineActionHandler (PipelineActionHandler.java:closeUnknownPipeline(117)) - Pipeline action received for unknown Pipeline Pipeline-3211be09-c2e3-4b3a-86e9-ec99b3d04d65, firing close pipeline event.
2025-07-15 19:45:25,310 [EventQueue-PipelineReportForPipelineReportHandler] INFO  pipeline.PipelineReportHandler (PipelineReportHandler.java:handlePipelineNotFoundException(98)) - Pipeline Pipeline-3211be09-c2e3-4b3a-86e9-ec99b3d04d65, reported by datanode faa2b429-16a2-49fa-ab42-514c70ac334b(localhost/127.0.0.1) is not found.
2025-07-15 19:45:25,310 [EventQueue-PipelineActionsForPipelineActionHandler] INFO  pipeline.PipelineActionHandler (PipelineActionHandler.java:processPipelineAction(89)) - Received pipeline action CLOSE for Pipeline-3211be09-c2e3-4b3a-86e9-ec99b3d04d65 from datanode faa2b429-16a2-49fa-ab42-514c70ac334b(localhost/127.0.0.1). Reason : Chunks directory /home/runner/work/ozone/ozone/hadoop-ozone/integration-test/target/test-dir/MiniOzoneClusterImpl-7a2c00ee-15e1-4921-aa6b-526c14ec89d8/ozone-meta/datanode-5/data-0/hdds/7a2c00ee-15e1-4921-aa6b-526c14ec89d8/current/containerDir0/7/chunks does not exist.
2025-07-15 19:45:25,310 [EventQueue-PipelineActionsForPipelineActionHandler] WARN  pipeline.PipelineActionHandler (PipelineActionHandler.java:closeUnknownPipeline(117)) - Pipeline action received for unknown Pipeline Pipeline-3211be09-c2e3-4b3a-86e9-ec99b3d04d65, firing close pipeline event.
2025-07-15 19:45:25,313 [timer1] WARN  server.GrpcLogAppender (GrpcLogAppender.java:timeoutAppendRequest(448)) - edffad61-d5a0-4c2f-abd3-1d848b9782f9@group-D4D9E1AFA3FC->262265f8-b6b0-4173-8249-6c4ff56c562c-GrpcLogAppender: Timed out HEARTBEAT appendEntries, errorCount=10, request=AppendEntriesRequest:cid=6971,entriesCount=0
2025-07-15 19:45:25,509 [EventQueue-PipelineActionsForPipelineActionHandler] INFO  pipeline.PipelineActionHandler (PipelineActionHandler.java:processPipelineAction(89)) - Received pipeline action CLOSE for Pipeline-3211be09-c2e3-4b3a-86e9-ec99b3d04d65 from datanode faa2b429-16a2-49fa-ab42-514c70ac334b(localhost/127.0.0.1). Reason : Chunks directory /home/runner/work/ozone/ozone/hadoop-ozone/integration-test/target/test-dir/MiniOzoneClusterImpl-7a2c00ee-15e1-4921-aa6b-526c14ec89d8/ozone-meta/datanode-5/data-0/hdds/7a2c00ee-15e1-4921-aa6b-526c14ec89d8/current/containerDir0/7/chunks does not exist.
2025-07-15 19:45:25,510 [EventQueue-PipelineActionsForPipelineActionHandler] WARN  pipeline.PipelineActionHandler (PipelineActionHandler.java:closeUnknownPipeline(117)) - Pipeline action received for unknown Pipeline Pipeline-3211be09-c2e3-4b3a-86e9-ec99b3d04d65, firing close pipeline event.
2025-07-15 19:45:25,710 [EventQueue-PipelineActionsForPipelineActionHandler] INFO  pipeline.PipelineActionHandler (PipelineActionHandler.java:processPipelineAction(89)) - Received pipeline action CLOSE for Pipeline-3211be09-c2e3-4b3a-86e9-ec99b3d04d65 from datanode faa2b429-16a2-49fa-ab42-514c70ac334b(localhost/127.0.0.1). Reason : Chunks directory /home/runner/work/ozone/ozone/hadoop-ozone/integration-test/target/test-dir/MiniOzoneClusterImpl-7a2c00ee-15e1-4921-aa6b-526c14ec89d8/ozone-meta/datanode-5/data-0/hdds/7a2c00ee-15e1-4921-aa6b-526c14ec89d8/current/containerDir0/7/chunks does not exist.
2025-07-15 19:45:25,710 [EventQueue-PipelineActionsForPipelineActionHandler] WARN  pipeline.PipelineActionHandler (PipelineActionHandler.java:closeUnknownPipeline(117)) - Pipeline action received for unknown Pipeline Pipeline-3211be09-c2e3-4b3a-86e9-ec99b3d04d65, firing close pipeline event.
2025-07-15 19:45:25,710 [EventQueue-PipelineReportForPipelineReportHandler] INFO  pipeline.PipelineReportHandler (PipelineReportHandler.java:handlePipelineNotFoundException(98)) - Pipeline Pipeline-3211be09-c2e3-4b3a-86e9-ec99b3d04d65, reported by datanode faa2b429-16a2-49fa-ab42-514c70ac334b(localhost/127.0.0.1) is not found.
2025-07-15 19:45:25,910 [EventQueue-PipelineActionsForPipelineActionHandler] INFO  pipeline.PipelineActionHandler (PipelineActionHandler.java:processPipelineAction(89)) - Received pipeline action CLOSE for Pipeline-3211be09-c2e3-4b3a-86e9-ec99b3d04d65 from datanode faa2b429-16a2-49fa-ab42-514c70ac334b(localhost/127.0.0.1). Reason : Chunks directory /home/runner/work/ozone/ozone/hadoop-ozone/integration-test/target/test-dir/MiniOzoneClusterImpl-7a2c00ee-15e1-4921-aa6b-526c14ec89d8/ozone-meta/datanode-5/data-0/hdds/7a2c00ee-15e1-4921-aa6b-526c14ec89d8/current/containerDir0/7/chunks does not exist.
2025-07-15 19:45:25,910 [EventQueue-PipelineReportForPipelineReportHandler] INFO  pipeline.PipelineReportHandler (PipelineReportHandler.java:handlePipelineNotFoundException(98)) - Pipeline Pipeline-3211be09-c2e3-4b3a-86e9-ec99b3d04d65, reported by datanode faa2b429-16a2-49fa-ab42-514c70ac334b(localhost/127.0.0.1) is not found.
2025-07-15 19:45:25,910 [EventQueue-PipelineActionsForPipelineActionHandler] WARN  pipeline.PipelineActionHandler (PipelineActionHandler.java:closeUnknownPipeline(117)) - Pipeline action received for unknown Pipeline Pipeline-3211be09-c2e3-4b3a-86e9-ec99b3d04d65, firing close pipeline event.
2025-07-15 19:45:26,110 [EventQueue-PipelineActionsForPipelineActionHandler] INFO  pipeline.PipelineActionHandler (PipelineActionHandler.java:processPipelineAction(89)) - Received pipeline action CLOSE for Pipeline-3211be09-c2e3-4b3a-86e9-ec99b3d04d65 from datanode faa2b429-16a2-49fa-ab42-514c70ac334b(localhost/127.0.0.1). Reason : Chunks directory /home/runner/work/ozone/ozone/hadoop-ozone/integration-test/target/test-dir/MiniOzoneClusterImpl-7a2c00ee-15e1-4921-aa6b-526c14ec89d8/ozone-meta/datanode-5/data-0/hdds/7a2c00ee-15e1-4921-aa6b-526c14ec89d8/current/containerDir0/7/chunks does not exist.
2025-07-15 19:45:26,110 [EventQueue-PipelineActionsForPipelineActionHandler] WARN  pipeline.PipelineActionHandler (PipelineActionHandler.java:closeUnknownPipeline(117)) - Pipeline action received for unknown Pipeline Pipeline-3211be09-c2e3-4b3a-86e9-ec99b3d04d65, firing close pipeline event.
2025-07-15 19:45:26,110 [EventQueue-PipelineReportForPipelineReportHandler] INFO  pipeline.PipelineReportHandler (PipelineReportHandler.java:handlePipelineNotFoundException(98)) - Pipeline Pipeline-3211be09-c2e3-4b3a-86e9-ec99b3d04d65, reported by datanode faa2b429-16a2-49fa-ab42-514c70ac334b(localhost/127.0.0.1) is not found.
2025-07-15 19:45:26,110 [faa2b429-16a2-49fa-ab42-514c70ac334b-PipelineCommandHandlerThread-0] INFO  server.RaftServer (RaftServerProxy.java:remove(116)) - faa2b429-16a2-49fa-ab42-514c70ac334b: remove    LEADER (RUNNING): faa2b429-16a2-49fa-ab42-514c70ac334b@group-EC99B3D04D65:t1, leader=faa2b429-16a2-49fa-ab42-514c70ac334b, voted=faa2b429-16a2-49fa-ab42-514c70ac334b, raftlog=Memoized:faa2b429-16a2-49fa-ab42-514c70ac334b@group-EC99B3D04D65-SegmentedRaftLog:CLOSED:c3, conf=conf: {index: 0, cur=peers:[faa2b429-16a2-49fa-ab42-514c70ac334b|127.0.0.1:15047]|listeners:[], old=null}
2025-07-15 19:45:26,110 [faa2b429-16a2-49fa-ab42-514c70ac334b-PipelineCommandHandlerThread-0] INFO  server.RaftServer$Division (RaftServerImpl.java:lambda$close$1(527)) - faa2b429-16a2-49fa-ab42-514c70ac334b@group-EC99B3D04D65: shutdown
2025-07-15 19:45:26,111 [faa2b429-16a2-49fa-ab42-514c70ac334b-PipelineCommandHandlerThread-0] INFO  util.JmxRegister (JmxRegister.java:unregister(74)) - Successfully un-registered JMX Bean with object name Ratis:service=RaftServer,group=group-EC99B3D04D65,id=faa2b429-16a2-49fa-ab42-514c70ac334b
2025-07-15 19:45:26,111 [faa2b429-16a2-49fa-ab42-514c70ac334b-PipelineCommandHandlerThread-0] INFO  impl.RoleInfo (RoleInfo.java:shutdownLeaderState(103)) - faa2b429-16a2-49fa-ab42-514c70ac334b: shutdown faa2b429-16a2-49fa-ab42-514c70ac334b@group-EC99B3D04D65-LeaderStateImpl
2025-07-15 19:45:26,111 [faa2b429-16a2-49fa-ab42-514c70ac334b-PipelineCommandHandlerThread-0] INFO  impl.PendingRequests (PendingRequests.java:sendNotLeaderResponses(287)) - faa2b429-16a2-49fa-ab42-514c70ac334b@group-EC99B3D04D65-PendingRequests: sendNotLeaderResponses
2025-07-15 19:45:26,113 [faa2b429-16a2-49fa-ab42-514c70ac334b-PipelineCommandHandlerThread-0] INFO  impl.StateMachineUpdater (StateMachineUpdater.java:stopAndJoin(163)) - faa2b429-16a2-49fa-ab42-514c70ac334b@group-EC99B3D04D65-StateMachineUpdater: set stopIndex = 3
2025-07-15 19:45:26,113 [faa2b429-16a2-49fa-ab42-514c70ac334b@group-EC99B3D04D65-StateMachineUpdater] ERROR ratis.ContainerStateMachine (ContainerStateMachine.java:takeSnapshot(421)) - Failed to take snapshot  for group-EC99B3D04D65 as the stateMachine is unhealthy. The last applied index is at (t:1, i:3)
2025-07-15 19:45:26,113 [faa2b429-16a2-49fa-ab42-514c70ac334b@group-EC99B3D04D65-StateMachineUpdater] ERROR impl.StateMachineUpdater (StateMachineUpdater.java:takeSnapshot(302)) - faa2b429-16a2-49fa-ab42-514c70ac334b@group-EC99B3D04D65-StateMachineUpdater: Failed to take snapshot
org.apache.ratis.protocol.exceptions.StateMachineException: Failed to take snapshot  for group-EC99B3D04D65 as the stateMachine is unhealthy. The last applied index is at (t:1, i:3)
	at org.apache.hadoop.ozone.container.common.transport.server.ratis.ContainerStateMachine.takeSnapshot(ContainerStateMachine.java:420)
	at org.apache.ratis.server.impl.StateMachineUpdater.takeSnapshot(StateMachineUpdater.java:290)
	at org.apache.ratis.server.impl.StateMachineUpdater.checkAndTakeSnapshot(StateMachineUpdater.java:281)
	at org.apache.ratis.server.impl.StateMachineUpdater.run(StateMachineUpdater.java:194)
	at java.base/java.lang.Thread.run(Thread.java:1583)
2025-07-15 19:45:26,113 [faa2b429-16a2-49fa-ab42-514c70ac334b@group-EC99B3D04D65-StateMachineUpdater] INFO  impl.StateMachineUpdater (StateMachineUpdater.java:stop(140)) - faa2b429-16a2-49fa-ab42-514c70ac334b@group-EC99B3D04D65-StateMachineUpdater: closing ContainerStateMachine, lastApplied=(t:1, i:3)
2025-07-15 19:45:26,114 [faa2b429-16a2-49fa-ab42-514c70ac334b-PipelineCommandHandlerThread-0] INFO  segmented.SegmentedRaftLogWorker (SegmentedRaftLogWorker.java:close(254)) - faa2b429-16a2-49fa-ab42-514c70ac334b@group-EC99B3D04D65-SegmentedRaftLogWorker close()
2025-07-15 19:45:26,115 [faa2b429-16a2-49fa-ab42-514c70ac334b-PipelineCommandHandlerThread-0] INFO  server.RaftServer$Division (RaftServerImpl.java:groupRemove(497)) - faa2b429-16a2-49fa-ab42-514c70ac334b@group-EC99B3D04D65: Succeed to remove RaftStorageDirectory Storage Directory /home/runner/work/ozone/ozone/hadoop-ozone/integration-test/target/test-dir/MiniOzoneClusterImpl-7a2c00ee-15e1-4921-aa6b-526c14ec89d8/ozone-meta/datanode-5/ratis/3211be09-c2e3-4b3a-86e9-ec99b3d04d65
2025-07-15 19:45:26,115 [faa2b429-16a2-49fa-ab42-514c70ac334b-PipelineCommandHandlerThread-0] INFO  commandhandler.ClosePipelineCommandHandler (ClosePipelineCommandHandler.java:lambda$handle$2(142)) - Close Pipeline Pipeline-3211be09-c2e3-4b3a-86e9-ec99b3d04d65 command on datanode faa2b429-16a2-49fa-ab42-514c70ac334b(localhost/127.0.0.1).
2025-07-15 19:45:26,265 [timer5] WARN  server.GrpcLogAppender (GrpcLogAppender.java:timeoutAppendRequest(448)) - 73892b45-0ad3-4392-8d09-ab2d1cd7ede4@group-A35D399F7985->262265f8-b6b0-4173-8249-6c4ff56c562c-GrpcLogAppender: Timed out HEARTBEAT appendEntries, errorCount=10, request=AppendEntriesRequest:cid=4611,entriesCount=0
2025-07-15 19:45:26,564 [timer7] WARN  server.GrpcLogAppender (GrpcLogAppender.java:timeoutAppendRequest(448)) - edffad61-d5a0-4c2f-abd3-1d848b9782f9@group-D4D9E1AFA3FC->262265f8-b6b0-4173-8249-6c4ff56c562c-GrpcLogAppender: Timed out HEARTBEAT appendEntries, errorCount=11, request=AppendEntriesRequest:cid=6972,entriesCount=0
2025-07-15 19:45:27,516 [timer4] WARN  server.GrpcLogAppender (GrpcLogAppender.java:timeoutAppendRequest(448)) - 73892b45-0ad3-4392-8d09-ab2d1cd7ede4@group-A35D399F7985->262265f8-b6b0-4173-8249-6c4ff56c562c-GrpcLogAppender: Timed out HEARTBEAT appendEntries, errorCount=11, request=AppendEntriesRequest:cid=4612,entriesCount=0
2025-07-15 19:45:27,815 [timer1] WARN  server.GrpcLogAppender (GrpcLogAppender.java:timeoutAppendRequest(448)) - edffad61-d5a0-4c2f-abd3-1d848b9782f9@group-D4D9E1AFA3FC->262265f8-b6b0-4173-8249-6c4ff56c562c-GrpcLogAppender: Timed out HEARTBEAT appendEntries, errorCount=12, request=AppendEntriesRequest:cid=6973,entriesCount=0
2025-07-15 19:45:28,766 [timer5] WARN  server.GrpcLogAppender (GrpcLogAppender.java:timeoutAppendRequest(448)) - 73892b45-0ad3-4392-8d09-ab2d1cd7ede4@group-A35D399F7985->262265f8-b6b0-4173-8249-6c4ff56c562c-GrpcLogAppender: Timed out HEARTBEAT appendEntries, errorCount=12, request=AppendEntriesRequest:cid=4613,entriesCount=0
2025-07-15 19:45:29,065 [timer5] WARN  server.GrpcLogAppender (GrpcLogAppender.java:timeoutAppendRequest(448)) - edffad61-d5a0-4c2f-abd3-1d848b9782f9@group-D4D9E1AFA3FC->262265f8-b6b0-4173-8249-6c4ff56c562c-GrpcLogAppender: Timed out HEARTBEAT appendEntries, errorCount=13, request=AppendEntriesRequest:cid=6974,entriesCount=0
2025-07-15 19:45:29,349 [timer5] ERROR impl.OrderedAsync (OrderedAsync.java:lambda$null$6(215)) -  client-47809B512A07: Failed* RaftClientRequest:client-47809B512A07->faa2b429-16a2-49fa-ab42-514c70ac334b@group-EC99B3D04D65, cid=161, seq=4*, RW, cmdType: WriteChunk
traceID: ""
containerID: 7
datanodeUuid: "faa2b429-16a2-49fa-ab42-514c70ac334b"
writeChunk {
  blockID {
    containerID: 7
    localID: 115816896921600007
    blockCommitSequenceId: 2
    replicaIndex: 0
  }
  chunkData {
    chunkName: "115816896921600007_chunk_2"
    offset: 5
    len: 5
    checksumData {
      type: CRC32
      bytesPerChecksum: 16384
      checksums: "\350a\3440"
    }
  }
}
version: 3
, data.size=5
java.util.concurrent.CompletionException: org.apache.ratis.protocol.exceptions.AlreadyClosedException: client-47809B512A07->faa2b429-16a2-49fa-ab42-514c70ac334b is closed.
	at java.base/java.util.concurrent.CompletableFuture.encodeThrowable(CompletableFuture.java:332)
	at java.base/java.util.concurrent.CompletableFuture.uniAcceptNow(CompletableFuture.java:747)
	at java.base/java.util.concurrent.CompletableFuture.uniAcceptStage(CompletableFuture.java:735)
	at java.base/java.util.concurrent.CompletableFuture.thenAccept(CompletableFuture.java:2214)
	at org.apache.ratis.client.impl.OrderedAsync.sendRequestWithRetry(OrderedAsync.java:206)
	at org.apache.ratis.util.SlidingWindow$Client.sendOrDelayRequest(SlidingWindow.java:315)
	at org.apache.ratis.util.SlidingWindow$Client.retry(SlidingWindow.java:331)
	at org.apache.ratis.client.impl.OrderedAsync.lambda$handleException$8(OrderedAsync.java:253)
	at org.apache.ratis.util.TimeoutTimer.lambda$onTimeout$2(TimeoutTimer.java:101)
	at org.apache.ratis.util.LogUtils.runAndLog(LogUtils.java:38)
	at org.apache.ratis.util.LogUtils$1.run(LogUtils.java:78)
	at org.apache.ratis.util.TimeoutTimer$Task.run(TimeoutTimer.java:55)
	at java.base/java.util.TimerThread.mainLoop(Timer.java:566)
	at java.base/java.util.TimerThread.run(Timer.java:516)
Caused by: org.apache.ratis.protocol.exceptions.AlreadyClosedException: client-47809B512A07->faa2b429-16a2-49fa-ab42-514c70ac334b is closed.
	at org.apache.ratis.grpc.client.GrpcClientProtocolClient$AsyncStreamObservers.onNext(GrpcClientProtocolClient.java:352)
	at org.apache.ratis.grpc.client.GrpcClientRpc.sendRequestAsync(GrpcClientRpc.java:71)
	... 10 more
2025-07-15 19:45:30,016 [timer2] WARN  server.GrpcLogAppender (GrpcLogAppender.java:timeoutAppendRequest(448)) - 73892b45-0ad3-4392-8d09-ab2d1cd7ede4@group-A35D399F7985->262265f8-b6b0-4173-8249-6c4ff56c562c-GrpcLogAppender: Timed out HEARTBEAT appendEntries, errorCount=13, request=AppendEntriesRequest:cid=4614,entriesCount=0
2025-07-15 19:45:30,316 [timer7] WARN  server.GrpcLogAppender (GrpcLogAppender.java:timeoutAppendRequest(448)) - edffad61-d5a0-4c2f-abd3-1d848b9782f9@group-D4D9E1AFA3FC->262265f8-b6b0-4173-8249-6c4ff56c562c-GrpcLogAppender: Timed out HEARTBEAT appendEntries, errorCount=14, request=AppendEntriesRequest:cid=6975,entriesCount=0
2025-07-15 19:45:31,267 [timer3] WARN  server.GrpcLogAppender (GrpcLogAppender.java:timeoutAppendRequest(448)) - 73892b45-0ad3-4392-8d09-ab2d1cd7ede4@group-A35D399F7985->262265f8-b6b0-4173-8249-6c4ff56c562c-GrpcLogAppender: Timed out HEARTBEAT appendEntries, errorCount=14, request=AppendEntriesRequest:cid=4615,entriesCount=0
2025-07-15 19:45:32,706 [timer4] WARN  server.GrpcLogAppender (GrpcLogAppender.java:timeoutAppendRequest(448)) - edffad61-d5a0-4c2f-abd3-1d848b9782f9@group-D4D9E1AFA3FC->262265f8-b6b0-4173-8249-6c4ff56c562c-GrpcLogAppender: Timed out HEARTBEAT appendEntries, errorCount=15, request=AppendEntriesRequest:cid=6976,entriesCount=0
2025-07-15 19:45:33,930 [timer1] WARN  server.GrpcLogAppender (GrpcLogAppender.java:timeoutAppendRequest(448)) - 73892b45-0ad3-4392-8d09-ab2d1cd7ede4@group-A35D399F7985->262265f8-b6b0-4173-8249-6c4ff56c562c-GrpcLogAppender: Timed out HEARTBEAT appendEntries, errorCount=15, request=AppendEntriesRequest:cid=4616,entriesCount=0
2025-07-15 19:45:34,275 [grpc-default-executor-0] ERROR impl.OrderedAsync (OrderedAsync.java:lambda$null$6(215)) -  client-47809B512A07: Failed* RaftClientRequest:client-47809B512A07->faa2b429-16a2-49fa-ab42-514c70ac334b@group-EC99B3D04D65, cid=161, seq=4*, RW, cmdType: WriteChunk
traceID: ""
containerID: 7
datanodeUuid: "faa2b429-16a2-49fa-ab42-514c70ac334b"
writeChunk {
  blockID {
    containerID: 7
    localID: 115816896921600007
    blockCommitSequenceId: 2
    replicaIndex: 0
  }
  chunkData {
    chunkName: "115816896921600007_chunk_2"
    offset: 5
    len: 5
    checksumData {
      type: CRC32
      bytesPerChecksum: 16384
      checksums: "\350a\3440"
    }
  }
}
version: 3
, data.size=5
java.util.concurrent.CompletionException: org.apache.ratis.protocol.exceptions.GroupMismatchException: faa2b429-16a2-49fa-ab42-514c70ac334b: group-EC99B3D04D65 not found.
	at java.base/java.util.concurrent.CompletableFuture.encodeThrowable(CompletableFuture.java:332)
	at java.base/java.util.concurrent.CompletableFuture.completeThrowable(CompletableFuture.java:347)
	at java.base/java.util.concurrent.CompletableFuture$UniAccept.tryFire(CompletableFuture.java:708)
	at java.base/java.util.concurrent.CompletableFuture.postComplete(CompletableFuture.java:510)
	at java.base/java.util.concurrent.CompletableFuture.completeExceptionally(CompletableFuture.java:2194)
	at org.apache.ratis.grpc.client.GrpcClientProtocolClient$AsyncStreamObservers.completeReplyExceptionally(GrpcClientProtocolClient.java:397)
	at org.apache.ratis.grpc.client.GrpcClientProtocolClient$AsyncStreamObservers.access$000(GrpcClientProtocolClient.java:303)
	at org.apache.ratis.grpc.client.GrpcClientProtocolClient$AsyncStreamObservers$1.onError(GrpcClientProtocolClient.java:334)
	at org.apache.ratis.thirdparty.io.grpc.stub.ClientCalls$StreamObserverToCallListenerAdapter.onClose(ClientCalls.java:564)
	at org.apache.ratis.thirdparty.io.grpc.PartialForwardingClientCallListener.onClose(PartialForwardingClientCallListener.java:39)
	at org.apache.ratis.thirdparty.io.grpc.ForwardingClientCallListener.onClose(ForwardingClientCallListener.java:23)
	at org.apache.ratis.grpc.metrics.intercept.client.MetricClientCallListener.onClose(MetricClientCallListener.java:47)
	at org.apache.ratis.thirdparty.io.grpc.internal.DelayedClientCall$DelayedListener$3.run(DelayedClientCall.java:489)
	at org.apache.ratis.thirdparty.io.grpc.internal.DelayedClientCall$DelayedListener.delayOrExecute(DelayedClientCall.java:453)
	at org.apache.ratis.thirdparty.io.grpc.internal.DelayedClientCall$DelayedListener.onClose(DelayedClientCall.java:486)
	at org.apache.ratis.thirdparty.io.grpc.internal.ClientCallImpl.closeObserver(ClientCallImpl.java:565)
	at org.apache.ratis.thirdparty.io.grpc.internal.ClientCallImpl.access$100(ClientCallImpl.java:72)
	at org.apache.ratis.thirdparty.io.grpc.internal.ClientCallImpl$ClientStreamListenerImpl$1StreamClosed.runInternal(ClientCallImpl.java:733)
	at org.apache.ratis.thirdparty.io.grpc.internal.ClientCallImpl$ClientStreamListenerImpl$1StreamClosed.runInContext(ClientCallImpl.java:714)
	at org.apache.ratis.thirdparty.io.grpc.internal.ContextRunnable.run(ContextRunnable.java:37)
	at org.apache.ratis.thirdparty.io.grpc.internal.SerializingExecutor.run(SerializingExecutor.java:133)
	at java.base/java.util.concurrent.ThreadPoolExecutor.runWorker(ThreadPoolExecutor.java:1144)
	at java.base/java.util.concurrent.ThreadPoolExecutor$Worker.run(ThreadPoolExecutor.java:642)
	at java.base/java.lang.Thread.run(Thread.java:1583)
Caused by: org.apache.ratis.protocol.exceptions.GroupMismatchException: faa2b429-16a2-49fa-ab42-514c70ac334b: group-EC99B3D04D65 not found.
	at org.apache.ratis.server.impl.RaftServerProxy$ImplMap.get(RaftServerProxy.java:160)
	at org.apache.ratis.server.impl.RaftServerProxy.getImplFuture(RaftServerProxy.java:370)
	at org.apache.ratis.server.impl.RaftServerProxy.submitClientRequestAsync(RaftServerProxy.java:455)
	at org.apache.ratis.grpc.server.GrpcClientProtocolService$RequestStreamObserver.processClientRequest(GrpcClientProtocolService.java:226)
	at org.apache.ratis.grpc.server.GrpcClientProtocolService$OrderedRequestStreamObserver.processClientRequest(GrpcClientProtocolService.java:332)
	at org.apache.ratis.util.SlidingWindow$Server.processRequestsFromHead(SlidingWindow.java:467)
	at org.apache.ratis.util.SlidingWindow$Server.receivedRequest(SlidingWindow.java:459)
	at org.apache.ratis.grpc.server.GrpcClientProtocolService$OrderedRequestStreamObserver.processClientRequest(GrpcClientProtocolService.java:356)
	at org.apache.ratis.grpc.server.GrpcClientProtocolService$RequestStreamObserver.onNext(GrpcClientProtocolService.java:246)
	at org.apache.ratis.grpc.server.GrpcClientProtocolService$RequestStreamObserver.onNext(GrpcClientProtocolService.java:169)
	at org.apache.ratis.thirdparty.io.grpc.stub.ServerCalls$StreamingServerCallHandler$StreamingServerCallListener.onMessage(ServerCalls.java:262)
	at org.apache.ratis.thirdparty.io.grpc.internal.ServerCallImpl$ServerStreamListenerImpl.messagesAvailableInternal(ServerCallImpl.java:334)
	at org.apache.ratis.thirdparty.io.grpc.internal.ServerCallImpl$ServerStreamListenerImpl.messagesAvailable(ServerCallImpl.java:319)
	at org.apache.ratis.thirdparty.io.grpc.internal.ServerImpl$JumpToApplicationThreadServerStreamListener$1MessagesAvailable.runInContext(ServerImpl.java:834)
	... 5 more
2025-07-15 19:45:34,275 [grpc-default-executor-0] ERROR impl.OrderedAsync (OrderedAsync.java:lambda$send$4(181)) - Failed to send request, message=cmdType: WriteChunk
traceID: ""
containerID: 7
datanodeUuid: "faa2b429-16a2-49fa-ab42-514c70ac334b"
writeChunk {
  blockID {
    containerID: 7
    localID: 115816896921600007
    blockCommitSequenceId: 2
    replicaIndex: 0
  }
  chunkData {
    chunkName: "115816896921600007_chunk_2"
    offset: 5
    len: 5
    checksumData {
      type: CRC32
      bytesPerChecksum: 16384
      checksums: "\350a\3440"
    }
  }
}
version: 3
, data.size=5
java.util.concurrent.CompletionException: org.apache.ratis.protocol.exceptions.GroupMismatchException: faa2b429-16a2-49fa-ab42-514c70ac334b: group-EC99B3D04D65 not found.
	at java.base/java.util.concurrent.CompletableFuture.encodeThrowable(CompletableFuture.java:332)
	at java.base/java.util.concurrent.CompletableFuture.completeThrowable(CompletableFuture.java:347)
	at java.base/java.util.concurrent.CompletableFuture$UniApply.tryFire(CompletableFuture.java:636)
	at java.base/java.util.concurrent.CompletableFuture.postComplete(CompletableFuture.java:510)
	at java.base/java.util.concurrent.CompletableFuture.completeExceptionally(CompletableFuture.java:2194)
	at org.apache.ratis.client.impl.OrderedAsync$PendingOrderedRequest.fail(OrderedAsync.java:111)
	at org.apache.ratis.util.SlidingWindow$Client.fail(SlidingWindow.java:395)
	at org.apache.ratis.client.impl.OrderedAsync.failAllAsyncRequests(OrderedAsync.java:155)
	at org.apache.ratis.client.impl.OrderedAsync.handleException(OrderedAsync.java:232)
	at org.apache.ratis.client.impl.OrderedAsync.lambda$sendRequestWithRetry$7(OrderedAsync.java:217)
	at java.base/java.util.concurrent.CompletableFuture.uniExceptionally(CompletableFuture.java:990)
	at java.base/java.util.concurrent.CompletableFuture$UniExceptionally.tryFire(CompletableFuture.java:974)
	at java.base/java.util.concurrent.CompletableFuture.postComplete(CompletableFuture.java:510)
	at java.base/java.util.concurrent.CompletableFuture.completeExceptionally(CompletableFuture.java:2194)
	at org.apache.ratis.grpc.client.GrpcClientProtocolClient$AsyncStreamObservers.completeReplyExceptionally(GrpcClientProtocolClient.java:397)
	at org.apache.ratis.grpc.client.GrpcClientProtocolClient$AsyncStreamObservers.access$000(GrpcClientProtocolClient.java:303)
	at org.apache.ratis.grpc.client.GrpcClientProtocolClient$AsyncStreamObservers$1.onError(GrpcClientProtocolClient.java:334)
	at org.apache.ratis.thirdparty.io.grpc.stub.ClientCalls$StreamObserverToCallListenerAdapter.onClose(ClientCalls.java:564)
	at org.apache.ratis.thirdparty.io.grpc.PartialForwardingClientCallListener.onClose(PartialForwardingClientCallListener.java:39)
	at org.apache.ratis.thirdparty.io.grpc.ForwardingClientCallListener.onClose(ForwardingClientCallListener.java:23)
	at org.apache.ratis.grpc.metrics.intercept.client.MetricClientCallListener.onClose(MetricClientCallListener.java:47)
	at org.apache.ratis.thirdparty.io.grpc.internal.DelayedClientCall$DelayedListener$3.run(DelayedClientCall.java:489)
	at org.apache.ratis.thirdparty.io.grpc.internal.DelayedClientCall$DelayedListener.delayOrExecute(DelayedClientCall.java:453)
	at org.apache.ratis.thirdparty.io.grpc.internal.DelayedClientCall$DelayedListener.onClose(DelayedClientCall.java:486)
	at org.apache.ratis.thirdparty.io.grpc.internal.ClientCallImpl.closeObserver(ClientCallImpl.java:565)
	at org.apache.ratis.thirdparty.io.grpc.internal.ClientCallImpl.access$100(ClientCallImpl.java:72)
	at org.apache.ratis.thirdparty.io.grpc.internal.ClientCallImpl$ClientStreamListenerImpl$1StreamClosed.runInternal(ClientCallImpl.java:733)
	at org.apache.ratis.thirdparty.io.grpc.internal.ClientCallImpl$ClientStreamListenerImpl$1StreamClosed.runInContext(ClientCallImpl.java:714)
	at org.apache.ratis.thirdparty.io.grpc.internal.ContextRunnable.run(ContextRunnable.java:37)
	at org.apache.ratis.thirdparty.io.grpc.internal.SerializingExecutor.run(SerializingExecutor.java:133)
	at java.base/java.util.concurrent.ThreadPoolExecutor.runWorker(ThreadPoolExecutor.java:1144)
	at java.base/java.util.concurrent.ThreadPoolExecutor$Worker.run(ThreadPoolExecutor.java:642)
	at java.base/java.lang.Thread.run(Thread.java:1583)
Caused by: org.apache.ratis.protocol.exceptions.GroupMismatchException: faa2b429-16a2-49fa-ab42-514c70ac334b: group-EC99B3D04D65 not found.
	at org.apache.ratis.server.impl.RaftServerProxy$ImplMap.get(RaftServerProxy.java:160)
	at org.apache.ratis.server.impl.RaftServerProxy.getImplFuture(RaftServerProxy.java:370)
	at org.apache.ratis.server.impl.RaftServerProxy.submitClientRequestAsync(RaftServerProxy.java:455)
	at org.apache.ratis.grpc.server.GrpcClientProtocolService$RequestStreamObserver.processClientRequest(GrpcClientProtocolService.java:226)
	at org.apache.ratis.grpc.server.GrpcClientProtocolService$OrderedRequestStreamObserver.processClientRequest(GrpcClientProtocolService.java:332)
	at org.apache.ratis.util.SlidingWindow$Server.processRequestsFromHead(SlidingWindow.java:467)
	at org.apache.ratis.util.SlidingWindow$Server.receivedRequest(SlidingWindow.java:459)
	at org.apache.ratis.grpc.server.GrpcClientProtocolService$OrderedRequestStreamObserver.processClientRequest(GrpcClientProtocolService.java:356)
	at org.apache.ratis.grpc.server.GrpcClientProtocolService$RequestStreamObserver.onNext(GrpcClientProtocolService.java:246)
	at org.apache.ratis.grpc.server.GrpcClientProtocolService$RequestStreamObserver.onNext(GrpcClientProtocolService.java:169)
	at org.apache.ratis.thirdparty.io.grpc.stub.ServerCalls$StreamingServerCallHandler$StreamingServerCallListener.onMessage(ServerCalls.java:262)
	at org.apache.ratis.thirdparty.io.grpc.internal.ServerCallImpl$ServerStreamListenerImpl.messagesAvailableInternal(ServerCallImpl.java:334)
	at org.apache.ratis.thirdparty.io.grpc.internal.ServerCallImpl$ServerStreamListenerImpl.messagesAvailable(ServerCallImpl.java:319)
	at org.apache.ratis.thirdparty.io.grpc.internal.ServerImpl$JumpToApplicationThreadServerStreamListener$1MessagesAvailable.runInContext(ServerImpl.java:834)
	... 5 more
2025-07-15 19:45:34,276 [grpc-default-executor-0] ERROR impl.OrderedAsync (OrderedAsync.java:lambda$send$4(179)) - Failed to send request, message=cmdType: PutBlock
traceID: ""
containerID: 7
datanodeUuid: "faa2b429-16a2-49fa-ab42-514c70ac334b"
putBlock {
  blockData {
    blockID {
      containerID: 7
      localID: 115816896921600007
      blockCommitSequenceId: 0
    }
    metadata {
      key: "TYPE"
      value: "KEY"
    }
    chunks {
      chunkName: "115816896921600007_chunk_1"
      offset: 0
      len: 5
      checksumData {
        type: CRC32
        bytesPerChecksum: 16384
        checksums: "\350a\3440"
      }
    }
    chunks {
      chunkName: "115816896921600007_chunk_2"
      offset: 5
      len: 5
      checksumData {
        type: CRC32
        bytesPerChecksum: 16384
        checksums: "\350a\3440"
      }
    }
  }
  eof: true
}
version: 3
, data.size=0 due to java.util.concurrent.CompletionException: org.apache.ratis.protocol.exceptions.AlreadyClosedException: SlidingWindow$Client:client-47809B512A07->RAFT is closed.
2025-07-15 19:45:34,276 [main] WARN  io.KeyOutputStream (KeyOutputStream.java:handleExceptionInternal(377)) - Encountered exception java.io.IOException: Unexpected Storage Container Exception: java.util.concurrent.CompletionException: Failed to write chunk 115816896921600007_chunk_2 into block conID: 7 locID: 115816896921600007 bcsId: 2 replicaIndex: null on the pipeline Pipeline{ Id: 3211be09-c2e3-4b3a-86e9-ec99b3d04d65, Nodes: [ {faa2b429-16a2-49fa-ab42-514c70ac334b(localhost/127.0.0.1), ReplicaIndex: 0},], ReplicationConfig: RATIS/ONE, State:OPEN, leaderId:faa2b429-16a2-49fa-ab42-514c70ac334b, CreationTimestamp2025-07-15T19:44:34.788Z[Etc/UTC]}. The last committed block length is 5, uncommitted data length is 5 retry count 0
2025-07-15 19:45:34,301 [main] INFO  io.BlockOutputStreamEntry (BlockOutputStreamEntry.java:writeOnRetry(192)) - BlockOutputStreamEntry:ratis conID: 8 locID: 115816896921600008 bcsId: 0 replicaIndex: null: Finish retrying with len 5, currentPosition 5
2025-07-15 19:45:34,302 [main] INFO  io.BlockOutputStreamEntry (BlockOutputStreamEntry.java:finishRetryHandling(141)) - BlockOutputStreamEntry:ratis conID: 8 locID: 115816896921600008 bcsId: 0 replicaIndex: null: Exiting retry handling mode
2025-07-15 19:45:34,304 [072971cd-5d05-4d2d-80ca-509be4281031@group-F8D00F5F3FF6-StateMachineUpdater] INFO  ratis.ContainerStateMachine (ContainerStateMachine.java:takeSnapshot(427)) - group-F8D00F5F3FF6: Taking a snapshot at:(t:1, i:4) file /home/runner/work/ozone/ozone/hadoop-ozone/integration-test/target/test-dir/MiniOzoneClusterImpl-7a2c00ee-15e1-4921-aa6b-526c14ec89d8/ozone-meta/datanode-10/ratis/00627fa7-c6f9-449d-97f4-f8d00f5f3ff6/sm/snapshot.1_4
2025-07-15 19:45:34,306 [072971cd-5d05-4d2d-80ca-509be4281031@group-F8D00F5F3FF6-StateMachineUpdater] INFO  ratis.ContainerStateMachine (ContainerStateMachine.java:takeSnapshot(436)) - group-F8D00F5F3FF6: Finished taking a snapshot at:(t:1, i:4) file:/home/runner/work/ozone/ozone/hadoop-ozone/integration-test/target/test-dir/MiniOzoneClusterImpl-7a2c00ee-15e1-4921-aa6b-526c14ec89d8/ozone-meta/datanode-10/ratis/00627fa7-c6f9-449d-97f4-f8d00f5f3ff6/sm/snapshot.1_4 took: 2 ms
2025-07-15 19:45:34,306 [072971cd-5d05-4d2d-80ca-509be4281031@group-F8D00F5F3FF6-StateMachineUpdater] INFO  impl.StateMachineUpdater (StateMachineUpdater.java:takeSnapshot(307)) - 072971cd-5d05-4d2d-80ca-509be4281031@group-F8D00F5F3FF6-StateMachineUpdater: Took a snapshot at index 4
2025-07-15 19:45:34,306 [072971cd-5d05-4d2d-80ca-509be4281031@group-F8D00F5F3FF6-StateMachineUpdater] INFO  impl.StateMachineUpdater (StateMachineUpdater.java:lambda$new$0(101)) - 072971cd-5d05-4d2d-80ca-509be4281031@group-F8D00F5F3FF6-StateMachineUpdater: snapshotIndex: updateIncreasingly 0 -> 4
2025-07-15 19:45:34,306 [072971cd-5d05-4d2d-80ca-509be4281031@group-F8D00F5F3FF6-StateMachineUpdater] INFO  ratis.ContainerStateMachine (ContainerStateMachine.java:takeSnapshot(427)) - group-F8D00F5F3FF6: Taking a snapshot at:(t:1, i:5) file /home/runner/work/ozone/ozone/hadoop-ozone/integration-test/target/test-dir/MiniOzoneClusterImpl-7a2c00ee-15e1-4921-aa6b-526c14ec89d8/ozone-meta/datanode-10/ratis/00627fa7-c6f9-449d-97f4-f8d00f5f3ff6/sm/snapshot.1_5
2025-07-15 19:45:34,307 [072971cd-5d05-4d2d-80ca-509be4281031@group-F8D00F5F3FF6-StateMachineUpdater] INFO  ratis.ContainerStateMachine (ContainerStateMachine.java:takeSnapshot(436)) - group-F8D00F5F3FF6: Finished taking a snapshot at:(t:1, i:5) file:/home/runner/work/ozone/ozone/hadoop-ozone/integration-test/target/test-dir/MiniOzoneClusterImpl-7a2c00ee-15e1-4921-aa6b-526c14ec89d8/ozone-meta/datanode-10/ratis/00627fa7-c6f9-449d-97f4-f8d00f5f3ff6/sm/snapshot.1_5 took: 1 ms
2025-07-15 19:45:34,307 [072971cd-5d05-4d2d-80ca-509be4281031@group-F8D00F5F3FF6-StateMachineUpdater] INFO  impl.StateMachineUpdater (StateMachineUpdater.java:takeSnapshot(307)) - 072971cd-5d05-4d2d-80ca-509be4281031@group-F8D00F5F3FF6-StateMachineUpdater: Took a snapshot at index 5
2025-07-15 19:45:34,307 [072971cd-5d05-4d2d-80ca-509be4281031@group-F8D00F5F3FF6-StateMachineUpdater] INFO  impl.StateMachineUpdater (StateMachineUpdater.java:lambda$new$0(101)) - 072971cd-5d05-4d2d-80ca-509be4281031@group-F8D00F5F3FF6-StateMachineUpdater: snapshotIndex: updateIncreasingly 4 -> 5
2025-07-15 19:45:34,314 [main] INFO  ozoneimpl.OzoneContainer (OzoneContainer.java:stop(544)) - Attempting to stop container services.
2025-07-15 19:45:34,315 [ContainerMetadataScanner] WARN  ozoneimpl.AbstractBackgroundContainerScanner (AbstractBackgroundContainerScanner.java:handleRemainingSleep(136)) - Background container scan was interrupted.
2025-07-15 19:45:34,315 [ContainerMetadataScanner] INFO  ozoneimpl.AbstractBackgroundContainerScanner (AbstractBackgroundContainerScanner.java:run(63)) - org.apache.hadoop.ozone.container.ozoneimpl.BackgroundContainerMetadataScanner@7de95c97 exiting.
2025-07-15 19:45:34,315 [main] INFO  ozoneimpl.BackgroundContainerDataScanner (BackgroundContainerDataScanner.java:shutdown(87)) - ContainerDataScanner(/home/runner/work/ozone/ozone/hadoop-ozone/integration-test/target/test-dir/MiniOzoneClusterImpl-7a2c00ee-15e1-4921-aa6b-526c14ec89d8/ozone-meta/datanode-5/data-0/hdds) is shutting down. 
2025-07-15 19:45:34,315 [ContainerDataScanner(/home/runner/work/ozone/ozone/hadoop-ozone/integration-test/target/test-dir/MiniOzoneClusterImpl-7a2c00ee-15e1-4921-aa6b-526c14ec89d8/ozone-meta/datanode-5/data-0/hdds)] WARN  ozoneimpl.AbstractBackgroundContainerScanner (AbstractBackgroundContainerScanner.java:handleRemainingSleep(136)) - Background container scan was interrupted.
2025-07-15 19:45:34,315 [ContainerDataScanner(/home/runner/work/ozone/ozone/hadoop-ozone/integration-test/target/test-dir/MiniOzoneClusterImpl-7a2c00ee-15e1-4921-aa6b-526c14ec89d8/ozone-meta/datanode-5/data-0/hdds)] INFO  ozoneimpl.AbstractBackgroundContainerScanner (AbstractBackgroundContainerScanner.java:run(63)) - ContainerDataScanner(/home/runner/work/ozone/ozone/hadoop-ozone/integration-test/target/test-dir/MiniOzoneClusterImpl-7a2c00ee-15e1-4921-aa6b-526c14ec89d8/ozone-meta/datanode-5/data-0/hdds, DS-02a136f5-1dbe-44f7-91dd-35afecff0ed5) exiting.
2025-07-15 19:45:34,315 [main] INFO  ozoneimpl.OnDemandContainerScanner (OnDemandContainerScanner.java:shutdown(132)) - On-demand container scanner is shutting down.
2025-07-15 19:45:34,316 [main] INFO  ratis.XceiverServerRatis (XceiverServerRatis.java:stop(594)) - Closing XceiverServerRatis(faa2b429-16a2-49fa-ab42-514c70ac334b)
2025-07-15 19:45:34,316 [main] INFO  server.RaftServer (RaftServerProxy.java:lambda$close$9(422)) - faa2b429-16a2-49fa-ab42-514c70ac334b: close
2025-07-15 19:45:34,316 [main] INFO  server.GrpcServicesImpl (GrpcServicesImpl.java:closeImpl(355)) - faa2b429-16a2-49fa-ab42-514c70ac334b: shutdown server org.apache.ratis.grpc.server.GrpcClientProtocolService now
2025-07-15 19:45:34,316 [faa2b429-16a2-49fa-ab42-514c70ac334b-impl-thread2] INFO  server.RaftServer$Division (RaftServerImpl.java:lambda$close$1(527)) - faa2b429-16a2-49fa-ab42-514c70ac334b@group-5EE77318BC33: shutdown
2025-07-15 19:45:34,317 [faa2b429-16a2-49fa-ab42-514c70ac334b-impl-thread2] INFO  util.JmxRegister (JmxRegister.java:unregister(74)) - Successfully un-registered JMX Bean with object name Ratis:service=RaftServer,group=group-5EE77318BC33,id=faa2b429-16a2-49fa-ab42-514c70ac334b
2025-07-15 19:45:34,317 [faa2b429-16a2-49fa-ab42-514c70ac334b-impl-thread2] INFO  impl.RoleInfo (RoleInfo.java:shutdownLeaderState(103)) - faa2b429-16a2-49fa-ab42-514c70ac334b: shutdown faa2b429-16a2-49fa-ab42-514c70ac334b@group-5EE77318BC33-LeaderStateImpl
2025-07-15 19:45:34,317 [faa2b429-16a2-49fa-ab42-514c70ac334b-impl-thread2] INFO  impl.PendingRequests (PendingRequests.java:sendNotLeaderResponses(287)) - faa2b429-16a2-49fa-ab42-514c70ac334b@group-5EE77318BC33-PendingRequests: sendNotLeaderResponses
2025-07-15 19:45:34,317 [Thread-1251] INFO  server.GrpcServerProtocolClient (GrpcServerProtocolClient.java:close(105)) - 1ed39f2b-ba05-41d4-bcbc-50acfb489962 Close channels
2025-07-15 19:45:34,317 [faa2b429-16a2-49fa-ab42-514c70ac334b@group-5EE77318BC33->1ed39f2b-ba05-41d4-bcbc-50acfb489962-GrpcLogAppender-LogAppenderDaemon] WARN  server.GrpcLogAppender (GrpcLogAppender.java:mayWait(300)) - faa2b429-16a2-49fa-ab42-514c70ac334b@group-5EE77318BC33->1ed39f2b-ba05-41d4-bcbc-50acfb489962-GrpcLogAppender: Wait interrupted by java.lang.InterruptedException
2025-07-15 19:45:34,318 [faa2b429-16a2-49fa-ab42-514c70ac334b@group-5EE77318BC33->99cb6aa4-ab14-4525-b571-11fa40308ff9-GrpcLogAppender-LogAppenderDaemon] WARN  server.GrpcLogAppender (GrpcLogAppender.java:mayWait(300)) - faa2b429-16a2-49fa-ab42-514c70ac334b@group-5EE77318BC33->99cb6aa4-ab14-4525-b571-11fa40308ff9-GrpcLogAppender: Wait interrupted by java.lang.InterruptedException
2025-07-15 19:45:34,318 [Thread-1253] INFO  server.GrpcServerProtocolClient (GrpcServerProtocolClient.java:close(105)) - 99cb6aa4-ab14-4525-b571-11fa40308ff9 Close channels
2025-07-15 19:45:34,319 [faa2b429-16a2-49fa-ab42-514c70ac334b-impl-thread2] INFO  impl.StateMachineUpdater (StateMachineUpdater.java:stopAndJoin(163)) - faa2b429-16a2-49fa-ab42-514c70ac334b@group-5EE77318BC33-StateMachineUpdater: set stopIndex = 4
2025-07-15 19:45:34,319 [faa2b429-16a2-49fa-ab42-514c70ac334b@group-5EE77318BC33-StateMachineUpdater] INFO  ratis.ContainerStateMachine (ContainerStateMachine.java:takeSnapshot(427)) - group-5EE77318BC33: Taking a snapshot at:(t:1, i:4) file /home/runner/work/ozone/ozone/hadoop-ozone/integration-test/target/test-dir/MiniOzoneClusterImpl-7a2c00ee-15e1-4921-aa6b-526c14ec89d8/ozone-meta/datanode-5/ratis/4f81a5f5-7675-4903-8736-5ee77318bc33/sm/snapshot.1_4
2025-07-15 19:45:34,319 [grpc-default-executor-4] INFO  server.GrpcServerProtocolService (GrpcServerProtocolService.java:lambda$onCompleted$6(171)) - 99cb6aa4-ab14-4525-b571-11fa40308ff9: Completed APPEND_ENTRIES, lastRequest: null 
2025-07-15 19:45:34,319 [grpc-default-executor-0] INFO  server.GrpcServerProtocolService (GrpcServerProtocolService.java:lambda$onCompleted$6(171)) - 1ed39f2b-ba05-41d4-bcbc-50acfb489962: Completed APPEND_ENTRIES, lastRequest: faa2b429-16a2-49fa-ab42-514c70ac334b->1ed39f2b-ba05-41d4-bcbc-50acfb489962#7-t1,previous=(t:1, i:3),leaderCommit=2,initializing? false,entries: size=1, first=(t:1, i:4), METADATAENTRY(c:2) 
2025-07-15 19:45:34,320 [grpc-default-executor-0] INFO  server.GrpcServerProtocolService (GrpcServerProtocolService.java:lambda$null$7(175)) - 1ed39f2b-ba05-41d4-bcbc-50acfb489962: Completed APPEND_ENTRIES, lastReply: null 
2025-07-15 19:45:34,320 [faa2b429-16a2-49fa-ab42-514c70ac334b@group-5EE77318BC33-StateMachineUpdater] INFO  ratis.ContainerStateMachine (ContainerStateMachine.java:takeSnapshot(436)) - group-5EE77318BC33: Finished taking a snapshot at:(t:1, i:4) file:/home/runner/work/ozone/ozone/hadoop-ozone/integration-test/target/test-dir/MiniOzoneClusterImpl-7a2c00ee-15e1-4921-aa6b-526c14ec89d8/ozone-meta/datanode-5/ratis/4f81a5f5-7675-4903-8736-5ee77318bc33/sm/snapshot.1_4 took: 1 ms
2025-07-15 19:45:34,320 [faa2b429-16a2-49fa-ab42-514c70ac334b@group-5EE77318BC33-StateMachineUpdater] INFO  impl.StateMachineUpdater (StateMachineUpdater.java:takeSnapshot(307)) - faa2b429-16a2-49fa-ab42-514c70ac334b@group-5EE77318BC33-StateMachineUpdater: Took a snapshot at index 4
2025-07-15 19:45:34,320 [faa2b429-16a2-49fa-ab42-514c70ac334b@group-5EE77318BC33-StateMachineUpdater] INFO  impl.StateMachineUpdater (StateMachineUpdater.java:lambda$new$0(101)) - faa2b429-16a2-49fa-ab42-514c70ac334b@group-5EE77318BC33-StateMachineUpdater: snapshotIndex: updateIncreasingly 1 -> 4
2025-07-15 19:45:34,320 [faa2b429-16a2-49fa-ab42-514c70ac334b@group-5EE77318BC33-StateMachineUpdater] INFO  impl.StateMachineUpdater (StateMachineUpdater.java:stop(140)) - faa2b429-16a2-49fa-ab42-514c70ac334b@group-5EE77318BC33-StateMachineUpdater: closing ContainerStateMachine, lastApplied=(t:1, i:4)
2025-07-15 19:45:34,321 [grpc-default-executor-0] INFO  server.GrpcLogAppender (GrpcLogAppender.java:onCompleted(558)) - faa2b429-16a2-49fa-ab42-514c70ac334b@group-5EE77318BC33->1ed39f2b-ba05-41d4-bcbc-50acfb489962-AppendLogResponseHandler: follower responses appendEntries COMPLETED
2025-07-15 19:45:34,321 [faa2b429-16a2-49fa-ab42-514c70ac334b@group-5EE77318BC33-cacheEviction-AwaitToRun] INFO  util.AwaitToRun (AwaitToRun.java:run(49)) - faa2b429-16a2-49fa-ab42-514c70ac334b@group-5EE77318BC33-cacheEviction-AwaitToRun-AwaitForSignal is interrupted
2025-07-15 19:45:34,321 [grpc-default-executor-0] WARN  server.GrpcLogAppender (GrpcLogAppender.java:resetClient(237)) - faa2b429-16a2-49fa-ab42-514c70ac334b@group-5EE77318BC33->1ed39f2b-ba05-41d4-bcbc-50acfb489962-GrpcLogAppender: Failed to getClient for 1ed39f2b-ba05-41d4-bcbc-50acfb489962
org.apache.ratis.protocol.exceptions.AlreadyClosedException: faa2b429-16a2-49fa-ab42-514c70ac334b is already CLOSED
	at org.apache.ratis.util.PeerProxyMap$PeerAndProxy.getProxy(PeerProxyMap.java:67)
	at org.apache.ratis.util.PeerProxyMap.getProxy(PeerProxyMap.java:124)
	at org.apache.ratis.grpc.server.GrpcLogAppender.getClient(GrpcLogAppender.java:207)
	at org.apache.ratis.grpc.server.GrpcLogAppender.resetClient(GrpcLogAppender.java:212)
	at org.apache.ratis.grpc.server.GrpcLogAppender.access$800(GrpcLogAppender.java:70)
	at org.apache.ratis.grpc.server.GrpcLogAppender$AppendLogResponseHandler.onCompleted(GrpcLogAppender.java:559)
	at org.apache.ratis.thirdparty.io.grpc.stub.ClientCalls$StreamObserverToCallListenerAdapter.onClose(ClientCalls.java:562)
	at org.apache.ratis.thirdparty.io.grpc.internal.DelayedClientCall$DelayedListener$3.run(DelayedClientCall.java:489)
	at org.apache.ratis.thirdparty.io.grpc.internal.DelayedClientCall$DelayedListener.delayOrExecute(DelayedClientCall.java:453)
	at org.apache.ratis.thirdparty.io.grpc.internal.DelayedClientCall$DelayedListener.onClose(DelayedClientCall.java:486)
	at org.apache.ratis.thirdparty.io.grpc.internal.ClientCallImpl.closeObserver(ClientCallImpl.java:565)
	at org.apache.ratis.thirdparty.io.grpc.internal.ClientCallImpl.access$100(ClientCallImpl.java:72)
	at org.apache.ratis.thirdparty.io.grpc.internal.ClientCallImpl$ClientStreamListenerImpl$1StreamClosed.runInternal(ClientCallImpl.java:733)
	at org.apache.ratis.thirdparty.io.grpc.internal.ClientCallImpl$ClientStreamListenerImpl$1StreamClosed.runInContext(ClientCallImpl.java:714)
	at org.apache.ratis.thirdparty.io.grpc.internal.ContextRunnable.run(ContextRunnable.java:37)
	at org.apache.ratis.thirdparty.io.grpc.internal.SerializingExecutor.run(SerializingExecutor.java:133)
	at java.base/java.util.concurrent.ThreadPoolExecutor.runWorker(ThreadPoolExecutor.java:1144)
	at java.base/java.util.concurrent.ThreadPoolExecutor$Worker.run(ThreadPoolExecutor.java:642)
	at java.base/java.lang.Thread.run(Thread.java:1583)
2025-07-15 19:45:34,321 [grpc-default-executor-3] INFO  server.GrpcLogAppender (GrpcLogAppender.java:onCompleted(558)) - faa2b429-16a2-49fa-ab42-514c70ac334b@group-5EE77318BC33->1ed39f2b-ba05-41d4-bcbc-50acfb489962-AppendLogResponseHandler: follower responses appendEntries COMPLETED
2025-07-15 19:45:34,322 [grpc-default-executor-3] WARN  server.GrpcLogAppender (GrpcLogAppender.java:resetClient(237)) - faa2b429-16a2-49fa-ab42-514c70ac334b@group-5EE77318BC33->1ed39f2b-ba05-41d4-bcbc-50acfb489962-GrpcLogAppender: Failed to getClient for 1ed39f2b-ba05-41d4-bcbc-50acfb489962
org.apache.ratis.protocol.exceptions.AlreadyClosedException: faa2b429-16a2-49fa-ab42-514c70ac334b is already CLOSED
	at org.apache.ratis.util.PeerProxyMap$PeerAndProxy.getProxy(PeerProxyMap.java:67)
	at org.apache.ratis.util.PeerProxyMap.getProxy(PeerProxyMap.java:124)
	at org.apache.ratis.grpc.server.GrpcLogAppender.getClient(GrpcLogAppender.java:207)
	at org.apache.ratis.grpc.server.GrpcLogAppender.resetClient(GrpcLogAppender.java:212)
	at org.apache.ratis.grpc.server.GrpcLogAppender.access$800(GrpcLogAppender.java:70)
	at org.apache.ratis.grpc.server.GrpcLogAppender$AppendLogResponseHandler.onCompleted(GrpcLogAppender.java:559)
	at org.apache.ratis.thirdparty.io.grpc.stub.ClientCalls$StreamObserverToCallListenerAdapter.onClose(ClientCalls.java:562)
	at org.apache.ratis.thirdparty.io.grpc.internal.ClientCallImpl.closeObserver(ClientCallImpl.java:565)
	at org.apache.ratis.thirdparty.io.grpc.internal.ClientCallImpl.access$100(ClientCallImpl.java:72)
	at org.apache.ratis.thirdparty.io.grpc.internal.ClientCallImpl$ClientStreamListenerImpl$1StreamClosed.runInternal(ClientCallImpl.java:733)
	at org.apache.ratis.thirdparty.io.grpc.internal.ClientCallImpl$ClientStreamListenerImpl$1StreamClosed.runInContext(ClientCallImpl.java:714)
	at org.apache.ratis.thirdparty.io.grpc.internal.ContextRunnable.run(ContextRunnable.java:37)
	at org.apache.ratis.thirdparty.io.grpc.internal.SerializingExecutor.run(SerializingExecutor.java:133)
	at java.base/java.util.concurrent.ThreadPoolExecutor.runWorker(ThreadPoolExecutor.java:1144)
	at java.base/java.util.concurrent.ThreadPoolExecutor$Worker.run(ThreadPoolExecutor.java:642)
	at java.base/java.lang.Thread.run(Thread.java:1583)
2025-07-15 19:45:34,322 [grpc-default-executor-1] INFO  server.GrpcLogAppender (GrpcLogAppender.java:onCompleted(558)) - faa2b429-16a2-49fa-ab42-514c70ac334b@group-5EE77318BC33->99cb6aa4-ab14-4525-b571-11fa40308ff9-AppendLogResponseHandler: follower responses appendEntries COMPLETED
2025-07-15 19:45:34,322 [grpc-default-executor-1] WARN  server.GrpcLogAppender (GrpcLogAppender.java:resetClient(237)) - faa2b429-16a2-49fa-ab42-514c70ac334b@group-5EE77318BC33->99cb6aa4-ab14-4525-b571-11fa40308ff9-GrpcLogAppender: Failed to getClient for 99cb6aa4-ab14-4525-b571-11fa40308ff9
org.apache.ratis.protocol.exceptions.AlreadyClosedException: faa2b429-16a2-49fa-ab42-514c70ac334b is already CLOSED
	at org.apache.ratis.util.PeerProxyMap$PeerAndProxy.getProxy(PeerProxyMap.java:67)
	at org.apache.ratis.util.PeerProxyMap.getProxy(PeerProxyMap.java:124)
	at org.apache.ratis.grpc.server.GrpcLogAppender.getClient(GrpcLogAppender.java:207)
	at org.apache.ratis.grpc.server.GrpcLogAppender.resetClient(GrpcLogAppender.java:212)
	at org.apache.ratis.grpc.server.GrpcLogAppender.access$800(GrpcLogAppender.java:70)
	at org.apache.ratis.grpc.server.GrpcLogAppender$AppendLogResponseHandler.onCompleted(GrpcLogAppender.java:559)
	at org.apache.ratis.thirdparty.io.grpc.stub.ClientCalls$StreamObserverToCallListenerAdapter.onClose(ClientCalls.java:562)
	at org.apache.ratis.thirdparty.io.grpc.internal.ClientCallImpl.closeObserver(ClientCallImpl.java:565)
	at org.apache.ratis.thirdparty.io.grpc.internal.ClientCallImpl.access$100(ClientCallImpl.java:72)
	at org.apache.ratis.thirdparty.io.grpc.internal.ClientCallImpl$ClientStreamListenerImpl$1StreamClosed.runInternal(ClientCallImpl.java:733)
	at org.apache.ratis.thirdparty.io.grpc.internal.ClientCallImpl$ClientStreamListenerImpl$1StreamClosed.runInContext(ClientCallImpl.java:714)
	at org.apache.ratis.thirdparty.io.grpc.internal.ContextRunnable.run(ContextRunnable.java:37)
	at org.apache.ratis.thirdparty.io.grpc.internal.SerializingExecutor.run(SerializingExecutor.java:133)
	at java.base/java.util.concurrent.ThreadPoolExecutor.runWorker(ThreadPoolExecutor.java:1144)
	at java.base/java.util.concurrent.ThreadPoolExecutor$Worker.run(ThreadPoolExecutor.java:642)
	at java.base/java.lang.Thread.run(Thread.java:1583)
2025-07-15 19:45:34,323 [grpc-default-executor-4] INFO  server.GrpcServerProtocolService (GrpcServerProtocolService.java:lambda$null$7(175)) - 99cb6aa4-ab14-4525-b571-11fa40308ff9: Completed APPEND_ENTRIES, lastReply: serverReply {
  requestorId: "faa2b429-16a2-49fa-ab42-514c70ac334b"
  replyId: "99cb6aa4-ab14-4525-b571-11fa40308ff9"
  raftGroupId {
    id: "O\201\245\365vuI\003\2076^\347s\030\2743"
  }
  callId: 36
  success: true
}
term: 1
nextIndex: 5
followerCommit: 4
matchIndex: 18446744073709551615
isHearbeat: true
 
2025-07-15 19:45:34,323 [grpc-default-executor-4] INFO  server.GrpcLogAppender (GrpcLogAppender.java:onCompleted(558)) - faa2b429-16a2-49fa-ab42-514c70ac334b@group-5EE77318BC33->99cb6aa4-ab14-4525-b571-11fa40308ff9-AppendLogResponseHandler: follower responses appendEntries COMPLETED
2025-07-15 19:45:34,323 [grpc-default-executor-4] WARN  server.GrpcLogAppender (GrpcLogAppender.java:resetClient(237)) - faa2b429-16a2-49fa-ab42-514c70ac334b@group-5EE77318BC33->99cb6aa4-ab14-4525-b571-11fa40308ff9-GrpcLogAppender: Failed to getClient for 99cb6aa4-ab14-4525-b571-11fa40308ff9
org.apache.ratis.protocol.exceptions.AlreadyClosedException: faa2b429-16a2-49fa-ab42-514c70ac334b is already CLOSED
	at org.apache.ratis.util.PeerProxyMap$PeerAndProxy.getProxy(PeerProxyMap.java:67)
	at org.apache.ratis.util.PeerProxyMap.getProxy(PeerProxyMap.java:124)
	at org.apache.ratis.grpc.server.GrpcLogAppender.getClient(GrpcLogAppender.java:207)
	at org.apache.ratis.grpc.server.GrpcLogAppender.resetClient(GrpcLogAppender.java:212)
	at org.apache.ratis.grpc.server.GrpcLogAppender.access$800(GrpcLogAppender.java:70)
	at org.apache.ratis.grpc.server.GrpcLogAppender$AppendLogResponseHandler.onCompleted(GrpcLogAppender.java:559)
	at org.apache.ratis.thirdparty.io.grpc.stub.ClientCalls$StreamObserverToCallListenerAdapter.onClose(ClientCalls.java:562)
	at org.apache.ratis.thirdparty.io.grpc.internal.DelayedClientCall$DelayedListener$3.run(DelayedClientCall.java:489)
	at org.apache.ratis.thirdparty.io.grpc.internal.DelayedClientCall$DelayedListener.delayOrExecute(DelayedClientCall.java:453)
	at org.apache.ratis.thirdparty.io.grpc.internal.DelayedClientCall$DelayedListener.onClose(DelayedClientCall.java:486)
	at org.apache.ratis.thirdparty.io.grpc.internal.ClientCallImpl.closeObserver(ClientCallImpl.java:565)
	at org.apache.ratis.thirdparty.io.grpc.internal.ClientCallImpl.access$100(ClientCallImpl.java:72)
	at org.apache.ratis.thirdparty.io.grpc.internal.ClientCallImpl$ClientStreamListenerImpl$1StreamClosed.runInternal(ClientCallImpl.java:733)
	at org.apache.ratis.thirdparty.io.grpc.internal.ClientCallImpl$ClientStreamListenerImpl$1StreamClosed.runInContext(ClientCallImpl.java:714)
	at org.apache.ratis.thirdparty.io.grpc.internal.ContextRunnable.run(ContextRunnable.java:37)
	at org.apache.ratis.thirdparty.io.grpc.internal.SerializingExecutor.run(SerializingExecutor.java:133)
	at java.base/java.util.concurrent.ThreadPoolExecutor.runWorker(ThreadPoolExecutor.java:1144)
	at java.base/java.util.concurrent.ThreadPoolExecutor$Worker.run(ThreadPoolExecutor.java:642)
	at java.base/java.lang.Thread.run(Thread.java:1583)
2025-07-15 19:45:34,324 [main] INFO  server.GrpcServicesImpl (GrpcServicesImpl.java:closeImpl(364)) - faa2b429-16a2-49fa-ab42-514c70ac334b: shutdown server org.apache.ratis.grpc.server.GrpcClientProtocolService successfully
2025-07-15 19:45:34,324 [main] INFO  server.GrpcServicesImpl (GrpcServicesImpl.java:closeImpl(355)) - faa2b429-16a2-49fa-ab42-514c70ac334b: shutdown server GrpcServerProtocolService now
2025-07-15 19:45:34,325 [grpc-default-executor-1] WARN  server.GrpcServerProtocolService (LogUtils.java:warn(127)) - faa2b429-16a2-49fa-ab42-514c70ac334b: APPEND_ENTRIES onError, lastRequest: null: org.apache.ratis.thirdparty.io.grpc.StatusRuntimeException: CANCELLED: client cancelled
2025-07-15 19:45:34,325 [grpc-default-executor-2] WARN  server.GrpcServerProtocolService (LogUtils.java:warn(127)) - faa2b429-16a2-49fa-ab42-514c70ac334b: APPEND_ENTRIES onError, lastRequest: null: org.apache.ratis.thirdparty.io.grpc.StatusRuntimeException: CANCELLED: client cancelled
2025-07-15 19:45:34,325 [grpc-default-executor-2] WARN  server.GrpcServerProtocolService (LogUtils.java:warn(127)) - faa2b429-16a2-49fa-ab42-514c70ac334b: APPEND_ENTRIES onError, lastRequest: null: org.apache.ratis.thirdparty.io.grpc.StatusRuntimeException: CANCELLED: client cancelled
2025-07-15 19:45:34,325 [grpc-default-executor-0] WARN  server.GrpcServerProtocolService (LogUtils.java:warn(127)) - faa2b429-16a2-49fa-ab42-514c70ac334b: APPEND_ENTRIES onError, lastRequest: null: org.apache.ratis.thirdparty.io.grpc.StatusRuntimeException: CANCELLED: client cancelled
2025-07-15 19:45:34,325 [grpc-default-executor-0] WARN  server.GrpcServerProtocolService (LogUtils.java:warn(127)) - faa2b429-16a2-49fa-ab42-514c70ac334b: APPEND_ENTRIES onError, lastRequest: null: org.apache.ratis.thirdparty.io.grpc.StatusRuntimeException: CANCELLED: client cancelled
2025-07-15 19:45:34,325 [main] INFO  server.GrpcServicesImpl (GrpcServicesImpl.java:closeImpl(364)) - faa2b429-16a2-49fa-ab42-514c70ac334b: shutdown server GrpcServerProtocolService successfully
2025-07-15 19:45:34,325 [main] INFO  server.GrpcServicesImpl (GrpcServicesImpl.java:closeImpl(355)) - faa2b429-16a2-49fa-ab42-514c70ac334b: shutdown server org.apache.ratis.grpc.server.GrpcAdminProtocolService now
2025-07-15 19:45:34,326 [grpc-default-executor-6] INFO  server.GrpcLogAppender (GrpcLogAppender.java:onError(545)) - 1ed39f2b-ba05-41d4-bcbc-50acfb489962@group-8C8A76C13734->faa2b429-16a2-49fa-ab42-514c70ac334b-GrpcLogAppender is already stopped
2025-07-15 19:45:34,326 [main] INFO  server.GrpcServicesImpl (GrpcServicesImpl.java:closeImpl(364)) - faa2b429-16a2-49fa-ab42-514c70ac334b: shutdown server org.apache.ratis.grpc.server.GrpcAdminProtocolService successfully
2025-07-15 19:45:34,326 [grpc-default-executor-3] INFO  server.GrpcLogAppender (GrpcLogAppender.java:onError(545)) - 1ed39f2b-ba05-41d4-bcbc-50acfb489962@group-8C8A76C13734->faa2b429-16a2-49fa-ab42-514c70ac334b-GrpcLogAppender is already stopped
2025-07-15 19:45:34,325 [grpc-default-executor-1] INFO  server.GrpcLogAppender (GrpcLogAppender.java:onError(545)) - 1ed39f2b-ba05-41d4-bcbc-50acfb489962@group-8C8A76C13734->faa2b429-16a2-49fa-ab42-514c70ac334b-GrpcLogAppender is already stopped
2025-07-15 19:45:34,326 [grpc-default-executor-2] INFO  server.GrpcLogAppender (GrpcLogAppender.java:onError(545)) - 1ed39f2b-ba05-41d4-bcbc-50acfb489962@group-8C8A76C13734->faa2b429-16a2-49fa-ab42-514c70ac334b-GrpcLogAppender is already stopped
2025-07-15 19:45:34,326 [grpc-default-executor-0] INFO  server.GrpcLogAppender (GrpcLogAppender.java:onError(545)) - 1ed39f2b-ba05-41d4-bcbc-50acfb489962@group-8C8A76C13734->faa2b429-16a2-49fa-ab42-514c70ac334b-GrpcLogAppender is already stopped
2025-07-15 19:45:34,330 [faa2b429-16a2-49fa-ab42-514c70ac334b-NettyServerStreamRpc-bossGroup--thread1] INFO  logging.LoggingHandler (AbstractInternalLogger.java:log(148)) - [id: 0x6fda9ca5, L:/0.0.0.0:15048] CLOSE
2025-07-15 19:45:34,330 [faa2b429-16a2-49fa-ab42-514c70ac334b-NettyServerStreamRpc-bossGroup--thread1] INFO  logging.LoggingHandler (AbstractInternalLogger.java:log(148)) - [id: 0x6fda9ca5, L:/0.0.0.0:15048] INACTIVE
2025-07-15 19:45:34,330 [faa2b429-16a2-49fa-ab42-514c70ac334b-NettyServerStreamRpc-bossGroup--thread1] INFO  logging.LoggingHandler (AbstractInternalLogger.java:log(148)) - [id: 0x6fda9ca5, L:/0.0.0.0:15048] UNREGISTERED
2025-07-15 19:45:34,923 [timer7] WARN  server.GrpcLogAppender (GrpcLogAppender.java:timeoutAppendRequest(448)) - edffad61-d5a0-4c2f-abd3-1d848b9782f9@group-D4D9E1AFA3FC->262265f8-b6b0-4173-8249-6c4ff56c562c-GrpcLogAppender: Timed out HEARTBEAT appendEntries, errorCount=16, request=AppendEntriesRequest:cid=6977,entriesCount=0
2025-07-15 19:45:35,204 [faa2b429-16a2-49fa-ab42-514c70ac334b-impl-thread2] INFO  segmented.SegmentedRaftLogWorker (SegmentedRaftLogWorker.java:close(254)) - faa2b429-16a2-49fa-ab42-514c70ac334b@group-5EE77318BC33-SegmentedRaftLogWorker close()
2025-07-15 19:45:35,205 [faa2b429-16a2-49fa-ab42-514c70ac334b-impl-thread2] INFO  ratis.ContainerStateMachine (ContainerStateMachine.java:notifyServerShutdown(1038)) - group-5EE77318BC33 is closed by HddsDatanodeService
2025-07-15 19:45:35,205 [JvmPauseMonitor7] INFO  util.JvmPauseMonitor (JvmPauseMonitor.java:run(152)) - JvmPauseMonitor-faa2b429-16a2-49fa-ab42-514c70ac334b: Stopped
2025-07-15 19:45:35,889 [timer7] WARN  server.GrpcLogAppender (GrpcLogAppender.java:timeoutAppendRequest(448)) - 73892b45-0ad3-4392-8d09-ab2d1cd7ede4@group-A35D399F7985->262265f8-b6b0-4173-8249-6c4ff56c562c-GrpcLogAppender: Timed out HEARTBEAT appendEntries, errorCount=16, request=AppendEntriesRequest:cid=4617,entriesCount=0
2025-07-15 19:45:37,208 [main] INFO  utils.DatanodeStoreCache (DatanodeStoreCache.java:shutdownCache(110)) - Skip clearing cache in mini cluster mode. Entries left: [/home/runner/work/ozone/ozone/hadoop-ozone/integration-test/target/test-dir/MiniOzoneClusterImpl-7a2c00ee-15e1-4921-aa6b-526c14ec89d8/ozone-meta/datanode-1/data-0/hdds/7a2c00ee-15e1-4921-aa6b-526c14ec89d8/DS-1f420d91-af37-4a0f-b334-2e6483a09013/container.db, /home/runner/work/ozone/ozone/hadoop-ozone/integration-test/target/test-dir/MiniOzoneClusterImpl-7a2c00ee-15e1-4921-aa6b-526c14ec89d8/ozone-meta/datanode-10/data-0/hdds/7a2c00ee-15e1-4921-aa6b-526c14ec89d8/DS-0cb46b9d-b8f4-4185-b5d1-0eaa53433da5/container.db, /home/runner/work/ozone/ozone/hadoop-ozone/integration-test/target/test-dir/MiniOzoneClusterImpl-7a2c00ee-15e1-4921-aa6b-526c14ec89d8/ozone-meta/datanode-2/data-0/hdds/7a2c00ee-15e1-4921-aa6b-526c14ec89d8/DS-a6f2e6b9-c076-429c-b259-3fc2ed5ac679/container.db, /home/runner/work/ozone/ozone/hadoop-ozone/integration-test/target/test-dir/MiniOzoneClusterImpl-7a2c00ee-15e1-4921-aa6b-526c14ec89d8/ozone-meta/datanode-3/data-0/hdds/7a2c00ee-15e1-4921-aa6b-526c14ec89d8/DS-7e98dc3d-c5b4-4b5b-945e-cfa62ee37c49/container.db, /home/runner/work/ozone/ozone/hadoop-ozone/integration-test/target/test-dir/MiniOzoneClusterImpl-7a2c00ee-15e1-4921-aa6b-526c14ec89d8/ozone-meta/datanode-4/data-0/hdds/7a2c00ee-15e1-4921-aa6b-526c14ec89d8/DS-372f387d-b4d0-4ec5-9bf4-d46631d0985a/container.db, /home/runner/work/ozone/ozone/hadoop-ozone/integration-test/target/test-dir/MiniOzoneClusterImpl-7a2c00ee-15e1-4921-aa6b-526c14ec89d8/ozone-meta/datanode-5/data-0/hdds/7a2c00ee-15e1-4921-aa6b-526c14ec89d8/DS-02a136f5-1dbe-44f7-91dd-35afecff0ed5/container.db, /home/runner/work/ozone/ozone/hadoop-ozone/integration-test/target/test-dir/MiniOzoneClusterImpl-7a2c00ee-15e1-4921-aa6b-526c14ec89d8/ozone-meta/datanode-6/data-0/hdds/7a2c00ee-15e1-4921-aa6b-526c14ec89d8/DS-e9dde3f2-7900-43db-9ff6-181455ec9438/container.db, /home/runner/work/ozone/ozone/hadoop-ozone/integration-test/target/test-dir/MiniOzoneClusterImpl-7a2c00ee-15e1-4921-aa6b-526c14ec89d8/ozone-meta/datanode-7/data-0/hdds/7a2c00ee-15e1-4921-aa6b-526c14ec89d8/DS-d43809f7-caa8-46a1-8864-290b431f99c8/container.db, /home/runner/work/ozone/ozone/hadoop-ozone/integration-test/target/test-dir/MiniOzoneClusterImpl-7a2c00ee-15e1-4921-aa6b-526c14ec89d8/ozone-meta/datanode-8/data-0/hdds/7a2c00ee-15e1-4921-aa6b-526c14ec89d8/DS-b67d973d-afac-4900-af38-6f3038c9973e/container.db, /home/runner/work/ozone/ozone/hadoop-ozone/integration-test/target/test-dir/MiniOzoneClusterImpl-7a2c00ee-15e1-4921-aa6b-526c14ec89d8/ozone-meta/datanode-9/data-0/hdds/7a2c00ee-15e1-4921-aa6b-526c14ec89d8/DS-d66e7f31-4fe2-48f5-b978-05858b4224f0/container.db]
2025-07-15 19:45:37,209 [main] INFO  utils.DatanodeStoreCache (DatanodeStoreCache.java:removeDB(104)) - Removed db /home/runner/work/ozone/ozone/hadoop-ozone/integration-test/target/test-dir/MiniOzoneClusterImpl-7a2c00ee-15e1-4921-aa6b-526c14ec89d8/ozone-meta/datanode-5/data-0/hdds/7a2c00ee-15e1-4921-aa6b-526c14ec89d8/DS-02a136f5-1dbe-44f7-91dd-35afecff0ed5/container.db from cache
2025-07-15 19:45:37,209 [main] INFO  volume.HddsVolume (HddsVolume.java:closeDbStore(608)) - SchemaV3 db is stopped at /home/runner/work/ozone/ozone/hadoop-ozone/integration-test/target/test-dir/MiniOzoneClusterImpl-7a2c00ee-15e1-4921-aa6b-526c14ec89d8/ozone-meta/datanode-5/data-0/hdds/7a2c00ee-15e1-4921-aa6b-526c14ec89d8/DS-02a136f5-1dbe-44f7-91dd-35afecff0ed5/container.db for volume DS-02a136f5-1dbe-44f7-91dd-35afecff0ed5
2025-07-15 19:45:37,209 [main] INFO  utils.BackgroundService (BackgroundService.java:shutdown(178)) - Shutting down service BlockDeletingService
2025-07-15 19:45:37,210 [main] INFO  utils.BackgroundService (BackgroundService.java:shutdown(178)) - Shutting down service StaleRecoveringContainerScrubbingService
2025-07-15 19:45:37,212 [main] INFO  statemachine.DatanodeStateMachine (DatanodeStateMachine.java:stopDaemon(637)) - Ozone container server stopped.
2025-07-15 19:45:37,226 [main] INFO  handler.ContextHandler (ContextHandler.java:doStop(1159)) - Stopped o.e.j.w.WebAppContext@68a06679{hddsDatanode,/,null,STOPPED}{jar:file:/home/runner/work/ozone/ozone/hadoop-hdds/container-service/target/hdds-container-service-2.1.0-SNAPSHOT.jar!/webapps/hddsDatanode}
2025-07-15 19:45:37,226 [main] INFO  server.AbstractConnector (AbstractConnector.java:doStop(383)) - Stopped ServerConnector@7dc56c0a{HTTP/1.1, (http/1.1)}{0.0.0.0:15042}
2025-07-15 19:45:37,227 [main] INFO  server.session (HouseKeeper.java:stopScavenging(149)) - node0 Stopped scavenging
2025-07-15 19:45:37,227 [main] INFO  handler.ContextHandler (ContextHandler.java:doStop(1159)) - Stopped o.e.j.s.ServletContextHandler@43af156a{static,/static,jar:file:/home/runner/work/ozone/ozone/hadoop-hdds/container-service/target/hdds-container-service-2.1.0-SNAPSHOT.jar!/webapps/static,STOPPED}
2025-07-15 19:45:37,227 [main] INFO  handler.ContextHandler (ContextHandler.java:doStop(1159)) - Stopped o.e.j.s.ServletContextHandler@7c441275{logs,/logs,file:///home/runner/work/ozone/ozone/hadoop-ozone/integration-test/target/log,STOPPED}
2025-07-15 19:45:37,228 [main] INFO  ozone.HddsDatanodeClientProtocolServer (HddsDatanodeClientProtocolServer.java:stop(82)) - Stopping the RPC server for Client Protocol
2025-07-15 19:45:37,228 [main] INFO  ipc.Server (Server.java:stop(3697)) - Stopping server on 15043
2025-07-15 19:45:37,229 [IPC Server Responder] INFO  ipc.Server (Server.java:run(1718)) - Stopping IPC Server Responder
2025-07-15 19:45:37,229 [IPC Server listener on 15043] INFO  ipc.Server (Server.java:run(1585)) - Stopping IPC Server listener on 15043
2025-07-15 19:45:37,230 [main] INFO  ozone.MiniOzoneClusterImpl (MiniOzoneClusterImpl.java:lambda$waitForHddsDatanodeToStop$3(312)) - Waiting on datanode to be marked stale.
2025-07-15 19:45:37,484 [timer7] WARN  server.GrpcLogAppender (GrpcLogAppender.java:timeoutAppendRequest(448)) - edffad61-d5a0-4c2f-abd3-1d848b9782f9@group-D4D9E1AFA3FC->262265f8-b6b0-4173-8249-6c4ff56c562c-GrpcLogAppender: Timed out HEARTBEAT appendEntries, errorCount=17, request=AppendEntriesRequest:cid=6978,entriesCount=0
2025-07-15 19:45:38,230 [main] INFO  ozone.MiniOzoneClusterImpl (MiniOzoneClusterImpl.java:lambda$waitForHddsDatanodeToStop$3(312)) - Waiting on datanode to be marked stale.
2025-07-15 19:45:38,283 [timer6] WARN  server.GrpcLogAppender (GrpcLogAppender.java:timeoutAppendRequest(448)) - 73892b45-0ad3-4392-8d09-ab2d1cd7ede4@group-A35D399F7985->262265f8-b6b0-4173-8249-6c4ff56c562c-GrpcLogAppender: Timed out HEARTBEAT appendEntries, errorCount=17, request=AppendEntriesRequest:cid=4618,entriesCount=0
2025-07-15 19:45:38,634 [1ed39f2b-ba05-41d4-bcbc-50acfb489962@group-5EE77318BC33-FollowerState] INFO  impl.FollowerState (FollowerState.java:runImpl(161)) - 1ed39f2b-ba05-41d4-bcbc-50acfb489962@group-5EE77318BC33-FollowerState: change to CANDIDATE, lastRpcElapsedTime:5392552228ns, electionTimeout:5132ms
2025-07-15 19:45:38,634 [1ed39f2b-ba05-41d4-bcbc-50acfb489962@group-5EE77318BC33-FollowerState] INFO  impl.RoleInfo (RoleInfo.java:shutdownFollowerState(121)) - 1ed39f2b-ba05-41d4-bcbc-50acfb489962: shutdown 1ed39f2b-ba05-41d4-bcbc-50acfb489962@group-5EE77318BC33-FollowerState
2025-07-15 19:45:38,635 [1ed39f2b-ba05-41d4-bcbc-50acfb489962@group-5EE77318BC33-FollowerState] INFO  server.RaftServer$Division (RaftServerImpl.java:setRole(392)) - 1ed39f2b-ba05-41d4-bcbc-50acfb489962@group-5EE77318BC33: changes role from  FOLLOWER to CANDIDATE at term 1 for changeToCandidate
2025-07-15 19:45:38,635 [1ed39f2b-ba05-41d4-bcbc-50acfb489962@group-5EE77318BC33-FollowerState] INFO  impl.RoleInfo (RoleInfo.java:updateAndGet(148)) - 1ed39f2b-ba05-41d4-bcbc-50acfb489962: start 1ed39f2b-ba05-41d4-bcbc-50acfb489962@group-5EE77318BC33-LeaderElection25
2025-07-15 19:45:38,635 [1ed39f2b-ba05-41d4-bcbc-50acfb489962@group-5EE77318BC33-LeaderElection25] INFO  server.RaftServer$Division (ServerState.java:setLeader(272)) - 1ed39f2b-ba05-41d4-bcbc-50acfb489962@group-5EE77318BC33: change Leader from faa2b429-16a2-49fa-ab42-514c70ac334b to null at term 1 for PRE_VOTE
2025-07-15 19:45:38,635 [1ed39f2b-ba05-41d4-bcbc-50acfb489962@group-5EE77318BC33-LeaderElection25] INFO  impl.LeaderElection (LeaderElection.java:askForVotes(448)) - 1ed39f2b-ba05-41d4-bcbc-50acfb489962@group-5EE77318BC33-LeaderElection25 PRE_VOTE round 0: submit vote requests at term 1 for conf: {index: 0, cur=peers:[1ed39f2b-ba05-41d4-bcbc-50acfb489962|127.0.0.1:15055, faa2b429-16a2-49fa-ab42-514c70ac334b|127.0.0.1:15047, 99cb6aa4-ab14-4525-b571-11fa40308ff9|127.0.0.1:15039]|listeners:[], old=null}
2025-07-15 19:45:38,637 [grpc-default-executor-2] INFO  server.RaftServer$Division (RaftServerImpl.java:requestVote(1421)) - 99cb6aa4-ab14-4525-b571-11fa40308ff9@group-5EE77318BC33: receive requestVote(PRE_VOTE, 1ed39f2b-ba05-41d4-bcbc-50acfb489962, group-5EE77318BC33, 1, (t:1, i:4))
2025-07-15 19:45:38,638 [1ed39f2b-ba05-41d4-bcbc-50acfb489962@group-5EE77318BC33-LeaderElection25] INFO  impl.LeaderElection (LogUtils.java:infoOrTrace(142)) - 1ed39f2b-ba05-41d4-bcbc-50acfb489962@group-5EE77318BC33-LeaderElection25 got exception when requesting votes: java.util.concurrent.ExecutionException: org.apache.ratis.thirdparty.io.grpc.StatusRuntimeException: UNAVAILABLE: io exception
2025-07-15 19:45:38,638 [grpc-default-executor-2] INFO  impl.VoteContext (VoteContext.java:log(49)) - 99cb6aa4-ab14-4525-b571-11fa40308ff9@group-5EE77318BC33-FOLLOWER: accept PRE_VOTE from 1ed39f2b-ba05-41d4-bcbc-50acfb489962: our priority 0 <= candidate's priority 0
2025-07-15 19:45:38,638 [grpc-default-executor-2] INFO  server.RaftServer$Division (RaftServerImpl.java:requestVote(1455)) - 99cb6aa4-ab14-4525-b571-11fa40308ff9@group-5EE77318BC33 replies to PRE_VOTE vote request: 1ed39f2b-ba05-41d4-bcbc-50acfb489962<-99cb6aa4-ab14-4525-b571-11fa40308ff9#0:OK-t1-last:(t:1, i:4). Peer's state: 99cb6aa4-ab14-4525-b571-11fa40308ff9@group-5EE77318BC33:t1, leader=faa2b429-16a2-49fa-ab42-514c70ac334b, voted=faa2b429-16a2-49fa-ab42-514c70ac334b, raftlog=Memoized:99cb6aa4-ab14-4525-b571-11fa40308ff9@group-5EE77318BC33-SegmentedRaftLog:OPENED:c4:last(t:1, i:4), conf=conf: {index: 0, cur=peers:[1ed39f2b-ba05-41d4-bcbc-50acfb489962|127.0.0.1:15055, faa2b429-16a2-49fa-ab42-514c70ac334b|127.0.0.1:15047, 99cb6aa4-ab14-4525-b571-11fa40308ff9|127.0.0.1:15039]|listeners:[], old=null}
2025-07-15 19:45:38,639 [1ed39f2b-ba05-41d4-bcbc-50acfb489962@group-5EE77318BC33-LeaderElection25] INFO  impl.LeaderElection (LeaderElection.java:logAndReturn(206)) - 1ed39f2b-ba05-41d4-bcbc-50acfb489962@group-5EE77318BC33-LeaderElection25: PRE_VOTE PASSED received 1 response(s) and 1 exception(s):
2025-07-15 19:45:38,639 [1ed39f2b-ba05-41d4-bcbc-50acfb489962@group-5EE77318BC33-LeaderElection25] INFO  impl.LeaderElection (LeaderElection.java:logAndReturn(210)) -   Response 0: 1ed39f2b-ba05-41d4-bcbc-50acfb489962<-99cb6aa4-ab14-4525-b571-11fa40308ff9#0:OK-t1-last:(t:1, i:4)
2025-07-15 19:45:38,639 [1ed39f2b-ba05-41d4-bcbc-50acfb489962@group-5EE77318BC33-LeaderElection25] INFO  impl.LeaderElection (LogUtils.java:infoOrTrace(142)) -   Exception 1: java.util.concurrent.ExecutionException: org.apache.ratis.thirdparty.io.grpc.StatusRuntimeException: UNAVAILABLE: io exception
2025-07-15 19:45:38,639 [1ed39f2b-ba05-41d4-bcbc-50acfb489962@group-5EE77318BC33-LeaderElection25] INFO  impl.LeaderElection (LeaderElection.java:askForVotes(450)) - 1ed39f2b-ba05-41d4-bcbc-50acfb489962@group-5EE77318BC33-LeaderElection25 PRE_VOTE round 0: result PASSED
2025-07-15 19:45:38,641 [1ed39f2b-ba05-41d4-bcbc-50acfb489962@group-5EE77318BC33-LeaderElection25] INFO  impl.LeaderElection (LeaderElection.java:askForVotes(448)) - 1ed39f2b-ba05-41d4-bcbc-50acfb489962@group-5EE77318BC33-LeaderElection25 ELECTION round 0: submit vote requests at term 2 for conf: {index: 0, cur=peers:[1ed39f2b-ba05-41d4-bcbc-50acfb489962|127.0.0.1:15055, faa2b429-16a2-49fa-ab42-514c70ac334b|127.0.0.1:15047, 99cb6aa4-ab14-4525-b571-11fa40308ff9|127.0.0.1:15039]|listeners:[], old=null}
2025-07-15 19:45:38,642 [1ed39f2b-ba05-41d4-bcbc-50acfb489962@group-5EE77318BC33-LeaderElection25] INFO  impl.LeaderElection (LogUtils.java:infoOrTrace(142)) - 1ed39f2b-ba05-41d4-bcbc-50acfb489962@group-5EE77318BC33-LeaderElection25 got exception when requesting votes: java.util.concurrent.ExecutionException: org.apache.ratis.thirdparty.io.grpc.StatusRuntimeException: UNAVAILABLE: io exception
2025-07-15 19:45:38,642 [grpc-default-executor-2] INFO  server.RaftServer$Division (RaftServerImpl.java:requestVote(1421)) - 99cb6aa4-ab14-4525-b571-11fa40308ff9@group-5EE77318BC33: receive requestVote(ELECTION, 1ed39f2b-ba05-41d4-bcbc-50acfb489962, group-5EE77318BC33, 2, (t:1, i:4))
2025-07-15 19:45:38,642 [grpc-default-executor-2] INFO  impl.VoteContext (VoteContext.java:log(49)) - 99cb6aa4-ab14-4525-b571-11fa40308ff9@group-5EE77318BC33-FOLLOWER: accept ELECTION from 1ed39f2b-ba05-41d4-bcbc-50acfb489962: our priority 0 <= candidate's priority 0
2025-07-15 19:45:38,642 [grpc-default-executor-2] INFO  server.RaftServer$Division (RaftServerImpl.java:setRole(392)) - 99cb6aa4-ab14-4525-b571-11fa40308ff9@group-5EE77318BC33: changes role from  FOLLOWER to FOLLOWER at term 1 for candidate:1ed39f2b-ba05-41d4-bcbc-50acfb489962
2025-07-15 19:45:38,642 [grpc-default-executor-2] INFO  impl.RoleInfo (RoleInfo.java:shutdownFollowerState(121)) - 99cb6aa4-ab14-4525-b571-11fa40308ff9: shutdown 99cb6aa4-ab14-4525-b571-11fa40308ff9@group-5EE77318BC33-FollowerState
2025-07-15 19:45:38,643 [grpc-default-executor-2] INFO  server.RaftServer$Division (ServerState.java:setLeader(272)) - 99cb6aa4-ab14-4525-b571-11fa40308ff9@group-5EE77318BC33: change Leader from faa2b429-16a2-49fa-ab42-514c70ac334b to null at term 2 for updateCurrentTerm
2025-07-15 19:45:38,643 [99cb6aa4-ab14-4525-b571-11fa40308ff9@group-5EE77318BC33-FollowerState] INFO  impl.FollowerState (FollowerState.java:runImpl(170)) - 99cb6aa4-ab14-4525-b571-11fa40308ff9@group-5EE77318BC33-FollowerState was interrupted
2025-07-15 19:45:38,643 [grpc-default-executor-2] INFO  impl.RoleInfo (RoleInfo.java:updateAndGet(148)) - 99cb6aa4-ab14-4525-b571-11fa40308ff9: start 99cb6aa4-ab14-4525-b571-11fa40308ff9@group-5EE77318BC33-FollowerState
2025-07-15 19:45:38,644 [grpc-default-executor-2] INFO  server.RaftServer$Division (RaftServerImpl.java:requestVote(1455)) - 99cb6aa4-ab14-4525-b571-11fa40308ff9@group-5EE77318BC33 replies to ELECTION vote request: 1ed39f2b-ba05-41d4-bcbc-50acfb489962<-99cb6aa4-ab14-4525-b571-11fa40308ff9#0:OK-t2-last:(t:1, i:4). Peer's state: 99cb6aa4-ab14-4525-b571-11fa40308ff9@group-5EE77318BC33:t2, leader=null, voted=1ed39f2b-ba05-41d4-bcbc-50acfb489962, raftlog=Memoized:99cb6aa4-ab14-4525-b571-11fa40308ff9@group-5EE77318BC33-SegmentedRaftLog:OPENED:c4:last(t:1, i:4), conf=conf: {index: 0, cur=peers:[1ed39f2b-ba05-41d4-bcbc-50acfb489962|127.0.0.1:15055, faa2b429-16a2-49fa-ab42-514c70ac334b|127.0.0.1:15047, 99cb6aa4-ab14-4525-b571-11fa40308ff9|127.0.0.1:15039]|listeners:[], old=null}
2025-07-15 19:45:38,645 [1ed39f2b-ba05-41d4-bcbc-50acfb489962@group-5EE77318BC33-LeaderElection25] INFO  impl.LeaderElection (LeaderElection.java:logAndReturn(206)) - 1ed39f2b-ba05-41d4-bcbc-50acfb489962@group-5EE77318BC33-LeaderElection25: ELECTION PASSED received 1 response(s) and 1 exception(s):
2025-07-15 19:45:38,645 [1ed39f2b-ba05-41d4-bcbc-50acfb489962@group-5EE77318BC33-LeaderElection25] INFO  impl.LeaderElection (LeaderElection.java:logAndReturn(210)) -   Response 0: 1ed39f2b-ba05-41d4-bcbc-50acfb489962<-99cb6aa4-ab14-4525-b571-11fa40308ff9#0:OK-t2-last:(t:1, i:4)
2025-07-15 19:45:38,645 [1ed39f2b-ba05-41d4-bcbc-50acfb489962@group-5EE77318BC33-LeaderElection25] INFO  impl.LeaderElection (LogUtils.java:infoOrTrace(142)) -   Exception 1: java.util.concurrent.ExecutionException: org.apache.ratis.thirdparty.io.grpc.StatusRuntimeException: UNAVAILABLE: io exception
2025-07-15 19:45:38,645 [1ed39f2b-ba05-41d4-bcbc-50acfb489962@group-5EE77318BC33-LeaderElection25] INFO  impl.LeaderElection (LeaderElection.java:askForVotes(450)) - 1ed39f2b-ba05-41d4-bcbc-50acfb489962@group-5EE77318BC33-LeaderElection25 ELECTION round 0: result PASSED
2025-07-15 19:45:38,645 [1ed39f2b-ba05-41d4-bcbc-50acfb489962@group-5EE77318BC33-LeaderElection25] INFO  impl.RoleInfo (RoleInfo.java:shutdownLeaderElection(141)) - 1ed39f2b-ba05-41d4-bcbc-50acfb489962: shutdown 1ed39f2b-ba05-41d4-bcbc-50acfb489962@group-5EE77318BC33-LeaderElection25
2025-07-15 19:45:38,645 [1ed39f2b-ba05-41d4-bcbc-50acfb489962@group-5EE77318BC33-LeaderElection25] INFO  server.RaftServer$Division (RaftServerImpl.java:setRole(392)) - 1ed39f2b-ba05-41d4-bcbc-50acfb489962@group-5EE77318BC33: changes role from CANDIDATE to LEADER at term 2 for changeToLeader
2025-07-15 19:45:38,645 [1ed39f2b-ba05-41d4-bcbc-50acfb489962@group-5EE77318BC33-LeaderElection25] INFO  server.RaftServerConfigKeys (ConfUtils.java:logFallback(69)) - raft.server.staging.timeout = 15600ms (fallback to raft.server.rpc.timeout.max)
2025-07-15 19:45:38,646 [1ed39f2b-ba05-41d4-bcbc-50acfb489962@group-5EE77318BC33-LeaderElection25] INFO  server.RaftServerConfigKeys (ConfUtils.java:logGet(62)) - raft.server.write.byte-limit = 1024 M (=1073741824) (custom)
2025-07-15 19:45:38,647 [1ed39f2b-ba05-41d4-bcbc-50acfb489962@group-5EE77318BC33-LeaderElection25] INFO  server.RaftServerConfigKeys (ConfUtils.java:logGet(62)) - raft.server.log.appender.buffer.byte-limit = 33554432 (custom)
2025-07-15 19:45:38,648 [1ed39f2b-ba05-41d4-bcbc-50acfb489962@group-5EE77318BC33-LeaderElection25] INFO  server.RaftServerConfigKeys (ConfUtils.java:logGet(62)) - raft.server.log.appender.buffer.byte-limit = 33554432 (custom)
2025-07-15 19:45:38,648 [1ed39f2b-ba05-41d4-bcbc-50acfb489962@group-5EE77318BC33-LeaderElection25] INFO  impl.RoleInfo (RoleInfo.java:updateAndGet(148)) - 1ed39f2b-ba05-41d4-bcbc-50acfb489962: start 1ed39f2b-ba05-41d4-bcbc-50acfb489962@group-5EE77318BC33-LeaderStateImpl
2025-07-15 19:45:38,649 [1ed39f2b-ba05-41d4-bcbc-50acfb489962@group-5EE77318BC33-LeaderElection25] INFO  ratis.XceiverServerRatis (XceiverServerRatis.java:handleLeaderChangedNotification(944)) - Leader change notification received for group: group-5EE77318BC33 with new leaderId: 1ed39f2b-ba05-41d4-bcbc-50acfb489962
2025-07-15 19:45:38,649 [1ed39f2b-ba05-41d4-bcbc-50acfb489962@group-5EE77318BC33-LeaderElection25] INFO  server.RaftServer$Division (ServerState.java:setLeader(272)) - 1ed39f2b-ba05-41d4-bcbc-50acfb489962@group-5EE77318BC33: change Leader from null to 1ed39f2b-ba05-41d4-bcbc-50acfb489962 at term 2 for becomeLeader, leader elected after 13ms
2025-07-15 19:45:38,649 [1ed39f2b-ba05-41d4-bcbc-50acfb489962@group-5EE77318BC33-LeaderElection25] INFO  segmented.SegmentedRaftLogWorker (SegmentedRaftLogWorker.java:rollLogSegment(445)) - 1ed39f2b-ba05-41d4-bcbc-50acfb489962@group-5EE77318BC33-SegmentedRaftLogWorker: Rolling segment log-0_4 to index:4
2025-07-15 19:45:38,649 [1ed39f2b-ba05-41d4-bcbc-50acfb489962@group-5EE77318BC33-LeaderElection25] INFO  server.RaftServer$Division (ServerState.java:setRaftConf(386)) - 1ed39f2b-ba05-41d4-bcbc-50acfb489962@group-5EE77318BC33: set configuration conf: {index: 5, cur=peers:[1ed39f2b-ba05-41d4-bcbc-50acfb489962|127.0.0.1:15055, faa2b429-16a2-49fa-ab42-514c70ac334b|127.0.0.1:15047, 99cb6aa4-ab14-4525-b571-11fa40308ff9|127.0.0.1:15039]|listeners:[], old=null}
2025-07-15 19:45:38,650 [1ed39f2b-ba05-41d4-bcbc-50acfb489962@group-5EE77318BC33-SegmentedRaftLogWorker] INFO  segmented.SegmentedRaftLogWorker (SegmentedRaftLogWorker.java:execute(604)) - 1ed39f2b-ba05-41d4-bcbc-50acfb489962@group-5EE77318BC33-SegmentedRaftLogWorker: Rolled log segment from /home/runner/work/ozone/ozone/hadoop-ozone/integration-test/target/test-dir/MiniOzoneClusterImpl-7a2c00ee-15e1-4921-aa6b-526c14ec89d8/ozone-meta/datanode-6/ratis/4f81a5f5-7675-4903-8736-5ee77318bc33/current/log_inprogress_0 to /home/runner/work/ozone/ozone/hadoop-ozone/integration-test/target/test-dir/MiniOzoneClusterImpl-7a2c00ee-15e1-4921-aa6b-526c14ec89d8/ozone-meta/datanode-6/ratis/4f81a5f5-7675-4903-8736-5ee77318bc33/current/log_0-4
2025-07-15 19:45:38,651 [1ed39f2b-ba05-41d4-bcbc-50acfb489962@group-5EE77318BC33-SegmentedRaftLogWorker] INFO  segmented.BufferedWriteChannel (BufferedWriteChannel.java:open(61)) - open log_inprogress_5 at position 0
2025-07-15 19:45:38,652 [grpc-default-executor-2] WARN  server.GrpcLogAppender (LogUtils.java:warn(127)) - 1ed39f2b-ba05-41d4-bcbc-50acfb489962@group-5EE77318BC33->faa2b429-16a2-49fa-ab42-514c70ac334b-AppendLogResponseHandler: Failed appendEntries: org.apache.ratis.thirdparty.io.grpc.StatusRuntimeException: UNAVAILABLE: io exception
  Caused by: org.apache.ratis.thirdparty.io.netty.channel.AbstractChannel$AnnotatedConnectException: finishConnect(..) failed: Connection refused: /127.0.0.1:15047
  Caused by: java.net.ConnectException: finishConnect(..) failed: Connection refused
2025-07-15 19:45:38,652 [grpc-default-executor-2] WARN  server.GrpcLogAppender (GrpcLogAppender.java:lambda$resetClient$1(228)) - 1ed39f2b-ba05-41d4-bcbc-50acfb489962@group-5EE77318BC33->faa2b429-16a2-49fa-ab42-514c70ac334b-GrpcLogAppender: Follower failed (request=null, errorCount=1); keep nextIndex (5) unchanged and retry.
2025-07-15 19:45:38,654 [grpc-default-executor-1] WARN  server.GrpcLogAppender (GrpcLogAppender.java:lambda$resetClient$1(228)) - 1ed39f2b-ba05-41d4-bcbc-50acfb489962@group-5EE77318BC33->faa2b429-16a2-49fa-ab42-514c70ac334b-GrpcLogAppender: Follower failed (request=null, errorCount=3); keep nextIndex (6) unchanged and retry.
2025-07-15 19:45:38,654 [grpc-default-executor-1] INFO  ratis.XceiverServerRatis (XceiverServerRatis.java:handleLeaderChangedNotification(944)) - Leader change notification received for group: group-5EE77318BC33 with new leaderId: 1ed39f2b-ba05-41d4-bcbc-50acfb489962
2025-07-15 19:45:38,654 [grpc-default-executor-1] INFO  server.RaftServer$Division (ServerState.java:setLeader(272)) - 99cb6aa4-ab14-4525-b571-11fa40308ff9@group-5EE77318BC33: change Leader from null to 1ed39f2b-ba05-41d4-bcbc-50acfb489962 at term 2 for appendEntries, leader elected after 11ms
2025-07-15 19:45:38,658 [grpc-default-executor-3] INFO  server.RaftServer$Division (ServerState.java:setRaftConf(386)) - 99cb6aa4-ab14-4525-b571-11fa40308ff9@group-5EE77318BC33: set configuration conf: {index: 5, cur=peers:[1ed39f2b-ba05-41d4-bcbc-50acfb489962|127.0.0.1:15055, faa2b429-16a2-49fa-ab42-514c70ac334b|127.0.0.1:15047, 99cb6aa4-ab14-4525-b571-11fa40308ff9|127.0.0.1:15039]|listeners:[], old=null}
2025-07-15 19:45:38,658 [grpc-default-executor-3] INFO  segmented.SegmentedRaftLogWorker (SegmentedRaftLogWorker.java:rollLogSegment(445)) - 99cb6aa4-ab14-4525-b571-11fa40308ff9@group-5EE77318BC33-SegmentedRaftLogWorker: Rolling segment log-0_4 to index:4
2025-07-15 19:45:38,660 [99cb6aa4-ab14-4525-b571-11fa40308ff9@group-5EE77318BC33-SegmentedRaftLogWorker] INFO  segmented.SegmentedRaftLogWorker (SegmentedRaftLogWorker.java:execute(604)) - 99cb6aa4-ab14-4525-b571-11fa40308ff9@group-5EE77318BC33-SegmentedRaftLogWorker: Rolled log segment from /home/runner/work/ozone/ozone/hadoop-ozone/integration-test/target/test-dir/MiniOzoneClusterImpl-7a2c00ee-15e1-4921-aa6b-526c14ec89d8/ozone-meta/datanode-4/ratis/4f81a5f5-7675-4903-8736-5ee77318bc33/current/log_inprogress_0 to /home/runner/work/ozone/ozone/hadoop-ozone/integration-test/target/test-dir/MiniOzoneClusterImpl-7a2c00ee-15e1-4921-aa6b-526c14ec89d8/ozone-meta/datanode-4/ratis/4f81a5f5-7675-4903-8736-5ee77318bc33/current/log_0-4
2025-07-15 19:45:38,660 [99cb6aa4-ab14-4525-b571-11fa40308ff9@group-5EE77318BC33-SegmentedRaftLogWorker] INFO  segmented.BufferedWriteChannel (BufferedWriteChannel.java:open(61)) - open log_inprogress_5 at position 0
2025-07-15 19:45:38,663 [1ed39f2b-ba05-41d4-bcbc-50acfb489962@group-5EE77318BC33-SegmentedRaftLogWorker] INFO  segmented.SegmentedRaftLogWorker (SegmentedRaftLogWorker.java:execute(647)) - 1ed39f2b-ba05-41d4-bcbc-50acfb489962@group-5EE77318BC33-SegmentedRaftLogWorker: created new log segment /home/runner/work/ozone/ozone/hadoop-ozone/integration-test/target/test-dir/MiniOzoneClusterImpl-7a2c00ee-15e1-4921-aa6b-526c14ec89d8/ozone-meta/datanode-6/ratis/4f81a5f5-7675-4903-8736-5ee77318bc33/current/log_inprogress_5
2025-07-15 19:45:38,669 [99cb6aa4-ab14-4525-b571-11fa40308ff9@group-5EE77318BC33-SegmentedRaftLogWorker] INFO  segmented.SegmentedRaftLogWorker (SegmentedRaftLogWorker.java:execute(647)) - 99cb6aa4-ab14-4525-b571-11fa40308ff9@group-5EE77318BC33-SegmentedRaftLogWorker: created new log segment /home/runner/work/ozone/ozone/hadoop-ozone/integration-test/target/test-dir/MiniOzoneClusterImpl-7a2c00ee-15e1-4921-aa6b-526c14ec89d8/ozone-meta/datanode-4/ratis/4f81a5f5-7675-4903-8736-5ee77318bc33/current/log_inprogress_5
2025-07-15 19:45:38,672 [1ed39f2b-ba05-41d4-bcbc-50acfb489962@group-5EE77318BC33-StateMachineUpdater] INFO  server.RaftServer$Division (LeaderStateImpl.java:checkStartIndex(309)) - Leader 1ed39f2b-ba05-41d4-bcbc-50acfb489962@group-5EE77318BC33-LeaderStateImpl is ready since appliedIndex == startIndex == 5
2025-07-15 19:45:38,672 [1ed39f2b-ba05-41d4-bcbc-50acfb489962@group-5EE77318BC33-StateMachineUpdater] INFO  ratis.ContainerStateMachine (ContainerStateMachine.java:takeSnapshot(427)) - group-5EE77318BC33: Taking a snapshot at:(t:2, i:5) file /home/runner/work/ozone/ozone/hadoop-ozone/integration-test/target/test-dir/MiniOzoneClusterImpl-7a2c00ee-15e1-4921-aa6b-526c14ec89d8/ozone-meta/datanode-6/ratis/4f81a5f5-7675-4903-8736-5ee77318bc33/sm/snapshot.2_5
2025-07-15 19:45:38,672 [grpc-default-executor-3] WARN  server.GrpcLogAppender (GrpcLogAppender.java:lambda$resetClient$1(228)) - 1ed39f2b-ba05-41d4-bcbc-50acfb489962@group-5EE77318BC33->faa2b429-16a2-49fa-ab42-514c70ac334b-GrpcLogAppender: Follower failed (request=null, errorCount=5); keep nextIndex (7) unchanged and retry.
2025-07-15 19:45:38,674 [1ed39f2b-ba05-41d4-bcbc-50acfb489962@group-5EE77318BC33-StateMachineUpdater] INFO  ratis.ContainerStateMachine (ContainerStateMachine.java:takeSnapshot(436)) - group-5EE77318BC33: Finished taking a snapshot at:(t:2, i:5) file:/home/runner/work/ozone/ozone/hadoop-ozone/integration-test/target/test-dir/MiniOzoneClusterImpl-7a2c00ee-15e1-4921-aa6b-526c14ec89d8/ozone-meta/datanode-6/ratis/4f81a5f5-7675-4903-8736-5ee77318bc33/sm/snapshot.2_5 took: 2 ms
2025-07-15 19:45:38,674 [1ed39f2b-ba05-41d4-bcbc-50acfb489962@group-5EE77318BC33-StateMachineUpdater] INFO  impl.StateMachineUpdater (StateMachineUpdater.java:takeSnapshot(307)) - 1ed39f2b-ba05-41d4-bcbc-50acfb489962@group-5EE77318BC33-StateMachineUpdater: Took a snapshot at index 5
2025-07-15 19:45:38,674 [1ed39f2b-ba05-41d4-bcbc-50acfb489962@group-5EE77318BC33-StateMachineUpdater] INFO  impl.StateMachineUpdater (StateMachineUpdater.java:lambda$new$0(101)) - 1ed39f2b-ba05-41d4-bcbc-50acfb489962@group-5EE77318BC33-StateMachineUpdater: snapshotIndex: updateIncreasingly 4 -> 5
2025-07-15 19:45:38,675 [99cb6aa4-ab14-4525-b571-11fa40308ff9@group-5EE77318BC33-StateMachineUpdater] INFO  ratis.ContainerStateMachine (ContainerStateMachine.java:takeSnapshot(427)) - group-5EE77318BC33: Taking a snapshot at:(t:2, i:5) file /home/runner/work/ozone/ozone/hadoop-ozone/integration-test/target/test-dir/MiniOzoneClusterImpl-7a2c00ee-15e1-4921-aa6b-526c14ec89d8/ozone-meta/datanode-4/ratis/4f81a5f5-7675-4903-8736-5ee77318bc33/sm/snapshot.2_5
2025-07-15 19:45:38,676 [1ed39f2b-ba05-41d4-bcbc-50acfb489962@group-5EE77318BC33-StateMachineUpdater] INFO  ratis.ContainerStateMachine (ContainerStateMachine.java:takeSnapshot(427)) - group-5EE77318BC33: Taking a snapshot at:(t:2, i:6) file /home/runner/work/ozone/ozone/hadoop-ozone/integration-test/target/test-dir/MiniOzoneClusterImpl-7a2c00ee-15e1-4921-aa6b-526c14ec89d8/ozone-meta/datanode-6/ratis/4f81a5f5-7675-4903-8736-5ee77318bc33/sm/snapshot.2_6
2025-07-15 19:45:38,677 [99cb6aa4-ab14-4525-b571-11fa40308ff9@group-5EE77318BC33-StateMachineUpdater] INFO  ratis.ContainerStateMachine (ContainerStateMachine.java:takeSnapshot(436)) - group-5EE77318BC33: Finished taking a snapshot at:(t:2, i:5) file:/home/runner/work/ozone/ozone/hadoop-ozone/integration-test/target/test-dir/MiniOzoneClusterImpl-7a2c00ee-15e1-4921-aa6b-526c14ec89d8/ozone-meta/datanode-4/ratis/4f81a5f5-7675-4903-8736-5ee77318bc33/sm/snapshot.2_5 took: 1 ms
2025-07-15 19:45:38,677 [99cb6aa4-ab14-4525-b571-11fa40308ff9@group-5EE77318BC33-StateMachineUpdater] INFO  impl.StateMachineUpdater (StateMachineUpdater.java:takeSnapshot(307)) - 99cb6aa4-ab14-4525-b571-11fa40308ff9@group-5EE77318BC33-StateMachineUpdater: Took a snapshot at index 5
2025-07-15 19:45:38,677 [1ed39f2b-ba05-41d4-bcbc-50acfb489962@group-5EE77318BC33-StateMachineUpdater] INFO  ratis.ContainerStateMachine (ContainerStateMachine.java:takeSnapshot(436)) - group-5EE77318BC33: Finished taking a snapshot at:(t:2, i:6) file:/home/runner/work/ozone/ozone/hadoop-ozone/integration-test/target/test-dir/MiniOzoneClusterImpl-7a2c00ee-15e1-4921-aa6b-526c14ec89d8/ozone-meta/datanode-6/ratis/4f81a5f5-7675-4903-8736-5ee77318bc33/sm/snapshot.2_6 took: 1 ms
2025-07-15 19:45:38,677 [1ed39f2b-ba05-41d4-bcbc-50acfb489962@group-5EE77318BC33-StateMachineUpdater] INFO  impl.StateMachineUpdater (StateMachineUpdater.java:takeSnapshot(307)) - 1ed39f2b-ba05-41d4-bcbc-50acfb489962@group-5EE77318BC33-StateMachineUpdater: Took a snapshot at index 6
2025-07-15 19:45:38,678 [1ed39f2b-ba05-41d4-bcbc-50acfb489962@group-5EE77318BC33-StateMachineUpdater] INFO  impl.StateMachineUpdater (StateMachineUpdater.java:lambda$new$0(101)) - 1ed39f2b-ba05-41d4-bcbc-50acfb489962@group-5EE77318BC33-StateMachineUpdater: snapshotIndex: updateIncreasingly 5 -> 6
2025-07-15 19:45:38,678 [99cb6aa4-ab14-4525-b571-11fa40308ff9@group-5EE77318BC33-StateMachineUpdater] INFO  impl.StateMachineUpdater (StateMachineUpdater.java:lambda$new$0(101)) - 99cb6aa4-ab14-4525-b571-11fa40308ff9@group-5EE77318BC33-StateMachineUpdater: snapshotIndex: updateIncreasingly 4 -> 5
2025-07-15 19:45:39,231 [main] INFO  ozone.MiniOzoneClusterImpl (MiniOzoneClusterImpl.java:lambda$waitForHddsDatanodeToStop$3(312)) - Waiting on datanode to be marked stale.
2025-07-15 19:45:39,319 [timer4] INFO  server.GrpcServerProtocolService (GrpcServerProtocolService.java:lambda$onCompleted$6(171)) - 99cb6aa4-ab14-4525-b571-11fa40308ff9: Completed APPEND_ENTRIES, lastRequest: faa2b429-16a2-49fa-ab42-514c70ac334b->99cb6aa4-ab14-4525-b571-11fa40308ff9#6-t1,previous=(t:1, i:3),leaderCommit=2,initializing? false,entries: size=1, first=(t:1, i:4), METADATAENTRY(c:2)  (Repeated 2 times in the last 5.000s)
2025-07-15 19:45:39,320 [timer5] INFO  server.GrpcServerProtocolService (GrpcServerProtocolService.java:lambda$onCompleted$6(171)) - 1ed39f2b-ba05-41d4-bcbc-50acfb489962: Completed APPEND_ENTRIES, lastRequest: null  (Repeated 2 times in the last 5.001s)
2025-07-15 19:45:39,321 [timer6] INFO  server.GrpcServerProtocolService (GrpcServerProtocolService.java:lambda$null$7(175)) - 1ed39f2b-ba05-41d4-bcbc-50acfb489962: Completed APPEND_ENTRIES, lastReply: serverReply {
  requestorId: "faa2b429-16a2-49fa-ab42-514c70ac334b"
  replyId: "1ed39f2b-ba05-41d4-bcbc-50acfb489962"
  raftGroupId {
    id: "O\201\245\365vuI\003\2076^\347s\030\2743"
  }
  callId: 35
  success: true
}
term: 1
nextIndex: 5
followerCommit: 4
matchIndex: 18446744073709551615
isHearbeat: true
  (Repeated 2 times in the last 5.001s)
2025-07-15 19:45:39,323 [timer7] INFO  server.GrpcServerProtocolService (GrpcServerProtocolService.java:lambda$null$7(175)) - 99cb6aa4-ab14-4525-b571-11fa40308ff9: Completed APPEND_ENTRIES, lastReply: null  (Repeated 2 times in the last 5.003s)
2025-07-15 19:45:39,355 [timer5] WARN  server.GrpcLogAppender (GrpcLogAppender.java:timeoutAppendRequest(448)) - edffad61-d5a0-4c2f-abd3-1d848b9782f9@group-D4D9E1AFA3FC->262265f8-b6b0-4173-8249-6c4ff56c562c-GrpcLogAppender: Timed out HEARTBEAT appendEntries, errorCount=18, request=AppendEntriesRequest:cid=6979,entriesCount=0
2025-07-15 19:45:40,231 [main] INFO  ozone.MiniOzoneClusterImpl (MiniOzoneClusterImpl.java:lambda$waitForHddsDatanodeToStop$3(312)) - Waiting on datanode to be marked stale.
2025-07-15 19:45:40,367 [timer6] WARN  server.GrpcLogAppender (GrpcLogAppender.java:timeoutAppendRequest(448)) - 73892b45-0ad3-4392-8d09-ab2d1cd7ede4@group-A35D399F7985->262265f8-b6b0-4173-8249-6c4ff56c562c-GrpcLogAppender: Timed out HEARTBEAT appendEntries, errorCount=18, request=AppendEntriesRequest:cid=4619,entriesCount=0
2025-07-15 19:45:41,177 [99cb6aa4-ab14-4525-b571-11fa40308ff9@group-5EE77318BC33-StateMachineUpdater] INFO  ratis.ContainerStateMachine (ContainerStateMachine.java:takeSnapshot(427)) - group-5EE77318BC33: Taking a snapshot at:(t:2, i:6) file /home/runner/work/ozone/ozone/hadoop-ozone/integration-test/target/test-dir/MiniOzoneClusterImpl-7a2c00ee-15e1-4921-aa6b-526c14ec89d8/ozone-meta/datanode-4/ratis/4f81a5f5-7675-4903-8736-5ee77318bc33/sm/snapshot.2_6
2025-07-15 19:45:41,178 [99cb6aa4-ab14-4525-b571-11fa40308ff9@group-5EE77318BC33-StateMachineUpdater] INFO  ratis.ContainerStateMachine (ContainerStateMachine.java:takeSnapshot(436)) - group-5EE77318BC33: Finished taking a snapshot at:(t:2, i:6) file:/home/runner/work/ozone/ozone/hadoop-ozone/integration-test/target/test-dir/MiniOzoneClusterImpl-7a2c00ee-15e1-4921-aa6b-526c14ec89d8/ozone-meta/datanode-4/ratis/4f81a5f5-7675-4903-8736-5ee77318bc33/sm/snapshot.2_6 took: 1 ms
2025-07-15 19:45:41,178 [99cb6aa4-ab14-4525-b571-11fa40308ff9@group-5EE77318BC33-StateMachineUpdater] INFO  impl.StateMachineUpdater (StateMachineUpdater.java:takeSnapshot(307)) - 99cb6aa4-ab14-4525-b571-11fa40308ff9@group-5EE77318BC33-StateMachineUpdater: Took a snapshot at index 6
2025-07-15 19:45:41,178 [99cb6aa4-ab14-4525-b571-11fa40308ff9@group-5EE77318BC33-StateMachineUpdater] INFO  impl.StateMachineUpdater (StateMachineUpdater.java:lambda$new$0(101)) - 99cb6aa4-ab14-4525-b571-11fa40308ff9@group-5EE77318BC33-StateMachineUpdater: snapshotIndex: updateIncreasingly 5 -> 6
2025-07-15 19:45:41,231 [main] INFO  ozone.MiniOzoneClusterImpl (MiniOzoneClusterImpl.java:lambda$waitForHddsDatanodeToStop$3(312)) - Waiting on datanode to be marked stale.
2025-07-15 19:45:42,103 [timer1] WARN  server.GrpcLogAppender (GrpcLogAppender.java:timeoutAppendRequest(448)) - edffad61-d5a0-4c2f-abd3-1d848b9782f9@group-D4D9E1AFA3FC->262265f8-b6b0-4173-8249-6c4ff56c562c-GrpcLogAppender: Timed out HEARTBEAT appendEntries, errorCount=19, request=AppendEntriesRequest:cid=6980,entriesCount=0
2025-07-15 19:45:42,232 [main] INFO  ozone.MiniOzoneClusterImpl (MiniOzoneClusterImpl.java:lambda$waitForHddsDatanodeToStop$3(312)) - Waiting on datanode to be marked stale.
2025-07-15 19:45:42,370 [timer4] WARN  server.GrpcLogAppender (GrpcLogAppender.java:timeoutAppendRequest(448)) - 73892b45-0ad3-4392-8d09-ab2d1cd7ede4@group-A35D399F7985->262265f8-b6b0-4173-8249-6c4ff56c562c-GrpcLogAppender: Timed out HEARTBEAT appendEntries, errorCount=19, request=AppendEntriesRequest:cid=4620,entriesCount=0
2025-07-15 19:45:43,232 [main] INFO  ozone.MiniOzoneClusterImpl (MiniOzoneClusterImpl.java:lambda$waitForHddsDatanodeToStop$3(312)) - Waiting on datanode to be marked stale.
2025-07-15 19:45:43,652 [timer0] WARN  server.GrpcLogAppender (LogUtils.java:warn(127)) - 1ed39f2b-ba05-41d4-bcbc-50acfb489962@group-5EE77318BC33->faa2b429-16a2-49fa-ab42-514c70ac334b-AppendLogResponseHandler: Failed appendEntries (Repeated 12 times in the last 5.000s): org.apache.ratis.thirdparty.io.grpc.StatusRuntimeException: UNAVAILABLE: io exception
  Caused by: org.apache.ratis.thirdparty.io.netty.channel.AbstractChannel$AnnotatedConnectException: finishConnect(..) failed: Connection refused: /127.0.0.1:15047
  Caused by: java.net.ConnectException: finishConnect(..) failed: Connection refused
2025-07-15 19:45:43,652 [timer1] WARN  server.GrpcLogAppender (GrpcLogAppender.java:lambda$resetClient$1(228)) - 1ed39f2b-ba05-41d4-bcbc-50acfb489962@group-5EE77318BC33->faa2b429-16a2-49fa-ab42-514c70ac334b-GrpcLogAppender: Follower failed (request=null, errorCount=2); keep nextIndex (5) unchanged and retry. (Repeated 2 times in the last 5.000s)
2025-07-15 19:45:43,654 [timer4] WARN  server.GrpcLogAppender (GrpcLogAppender.java:lambda$resetClient$1(228)) - 1ed39f2b-ba05-41d4-bcbc-50acfb489962@group-5EE77318BC33->faa2b429-16a2-49fa-ab42-514c70ac334b-GrpcLogAppender: Follower failed (request=null, errorCount=4); keep nextIndex (6) unchanged and retry. (Repeated 2 times in the last 5.001s)
2025-07-15 19:45:43,673 [timer0] WARN  server.GrpcLogAppender (GrpcLogAppender.java:lambda$resetClient$1(228)) - 1ed39f2b-ba05-41d4-bcbc-50acfb489962@group-5EE77318BC33->faa2b429-16a2-49fa-ab42-514c70ac334b-GrpcLogAppender: Follower failed (request=null, errorCount=12); keep nextIndex (7) unchanged and retry. (Repeated 8 times in the last 5.001s)
2025-07-15 19:45:43,806 [grpc-default-executor-3] WARN  server.GrpcLogAppender (LogUtils.java:warn(127)) - 1ed39f2b-ba05-41d4-bcbc-50acfb489962@group-5EE77318BC33->faa2b429-16a2-49fa-ab42-514c70ac334b-AppendLogResponseHandler: Failed appendEntries: org.apache.ratis.thirdparty.io.grpc.StatusRuntimeException: UNAVAILABLE: io exception
  Caused by: org.apache.ratis.thirdparty.io.netty.channel.AbstractChannel$AnnotatedConnectException: finishConnect(..) failed: Connection refused: /127.0.0.1:15047
  Caused by: java.net.ConnectException: finishConnect(..) failed: Connection refused
2025-07-15 19:45:43,807 [grpc-default-executor-1] WARN  server.GrpcLogAppender (GrpcLogAppender.java:lambda$resetClient$1(228)) - 1ed39f2b-ba05-41d4-bcbc-50acfb489962@group-5EE77318BC33->faa2b429-16a2-49fa-ab42-514c70ac334b-GrpcLogAppender: Follower failed (request=null, errorCount=13); keep nextIndex (7) unchanged and retry.
2025-07-15 19:45:44,219 [timer0] WARN  server.GrpcLogAppender (GrpcLogAppender.java:timeoutAppendRequest(448)) - 73892b45-0ad3-4392-8d09-ab2d1cd7ede4@group-A35D399F7985->262265f8-b6b0-4173-8249-6c4ff56c562c-GrpcLogAppender: Timed out HEARTBEAT appendEntries, errorCount=20, request=AppendEntriesRequest:cid=4621,entriesCount=0
2025-07-15 19:45:44,232 [main] INFO  ozone.MiniOzoneClusterImpl (MiniOzoneClusterImpl.java:lambda$waitForHddsDatanodeToStop$3(312)) - Waiting on datanode to be marked stale.
2025-07-15 19:45:44,518 [timer1] WARN  server.GrpcLogAppender (GrpcLogAppender.java:timeoutAppendRequest(448)) - edffad61-d5a0-4c2f-abd3-1d848b9782f9@group-D4D9E1AFA3FC->262265f8-b6b0-4173-8249-6c4ff56c562c-GrpcLogAppender: Timed out HEARTBEAT appendEntries, errorCount=20, request=AppendEntriesRequest:cid=6981,entriesCount=0
2025-07-15 19:45:45,233 [main] INFO  ozone.MiniOzoneClusterImpl (MiniOzoneClusterImpl.java:lambda$waitForHddsDatanodeToStop$3(312)) - Waiting on datanode to be marked stale.
2025-07-15 19:45:46,233 [main] INFO  ozone.MiniOzoneClusterImpl (MiniOzoneClusterImpl.java:lambda$waitForHddsDatanodeToStop$3(312)) - Waiting on datanode to be marked stale.
2025-07-15 19:45:46,377 [timer1] WARN  server.GrpcLogAppender (GrpcLogAppender.java:timeoutAppendRequest(448)) - 73892b45-0ad3-4392-8d09-ab2d1cd7ede4@group-A35D399F7985->262265f8-b6b0-4173-8249-6c4ff56c562c-GrpcLogAppender: Timed out HEARTBEAT appendEntries, errorCount=21, request=AppendEntriesRequest:cid=4622,entriesCount=0
2025-07-15 19:45:47,158 [timer2] WARN  server.GrpcLogAppender (GrpcLogAppender.java:timeoutAppendRequest(448)) - edffad61-d5a0-4c2f-abd3-1d848b9782f9@group-D4D9E1AFA3FC->262265f8-b6b0-4173-8249-6c4ff56c562c-GrpcLogAppender: Timed out HEARTBEAT appendEntries, errorCount=21, request=AppendEntriesRequest:cid=6982,entriesCount=0
2025-07-15 19:45:47,233 [main] INFO  ozone.MiniOzoneClusterImpl (MiniOzoneClusterImpl.java:lambda$waitForHddsDatanodeToStop$3(312)) - Waiting on datanode to be marked stale.
2025-07-15 19:45:48,234 [main] INFO  ozone.MiniOzoneClusterImpl (MiniOzoneClusterImpl.java:lambda$waitForHddsDatanodeToStop$3(312)) - Waiting on datanode to be marked stale.
2025-07-15 19:45:48,742 [timer6] WARN  server.GrpcLogAppender (GrpcLogAppender.java:timeoutAppendRequest(448)) - 73892b45-0ad3-4392-8d09-ab2d1cd7ede4@group-A35D399F7985->262265f8-b6b0-4173-8249-6c4ff56c562c-GrpcLogAppender: Timed out HEARTBEAT appendEntries, errorCount=22, request=AppendEntriesRequest:cid=4623,entriesCount=0
2025-07-15 19:45:48,806 [timer0] WARN  server.GrpcLogAppender (LogUtils.java:warn(127)) - 1ed39f2b-ba05-41d4-bcbc-50acfb489962@group-5EE77318BC33->faa2b429-16a2-49fa-ab42-514c70ac334b-AppendLogResponseHandler: Failed appendEntries (Repeated 6 times in the last 5.000s): org.apache.ratis.thirdparty.io.grpc.StatusRuntimeException: UNAVAILABLE: io exception
  Caused by: org.apache.ratis.thirdparty.io.netty.channel.AbstractChannel$AnnotatedConnectException: finishConnect(..) failed: Connection refused: /127.0.0.1:15047
  Caused by: java.net.ConnectException: finishConnect(..) failed: Connection refused
2025-07-15 19:45:48,807 [timer1] WARN  server.GrpcLogAppender (GrpcLogAppender.java:lambda$resetClient$1(228)) - 1ed39f2b-ba05-41d4-bcbc-50acfb489962@group-5EE77318BC33->faa2b429-16a2-49fa-ab42-514c70ac334b-GrpcLogAppender: Follower failed (request=null, errorCount=18); keep nextIndex (7) unchanged and retry. (Repeated 6 times in the last 5.000s)
2025-07-15 19:45:49,234 [main] INFO  ozone.MiniOzoneClusterImpl (MiniOzoneClusterImpl.java:lambda$waitForHddsDatanodeToStop$3(312)) - Waiting on datanode to be marked stale.
2025-07-15 19:45:49,326 [timer2] WARN  server.GrpcLogAppender (GrpcLogAppender.java:timeoutAppendRequest(448)) - edffad61-d5a0-4c2f-abd3-1d848b9782f9@group-D4D9E1AFA3FC->262265f8-b6b0-4173-8249-6c4ff56c562c-GrpcLogAppender: Timed out HEARTBEAT appendEntries, errorCount=22, request=AppendEntriesRequest:cid=6983,entriesCount=0
2025-07-15 19:45:50,097 [grpc-default-executor-3] WARN  server.GrpcLogAppender (LogUtils.java:warn(127)) - 1ed39f2b-ba05-41d4-bcbc-50acfb489962@group-5EE77318BC33->faa2b429-16a2-49fa-ab42-514c70ac334b-AppendLogResponseHandler: Failed appendEntries: org.apache.ratis.thirdparty.io.grpc.StatusRuntimeException: UNAVAILABLE: io exception
  Caused by: org.apache.ratis.thirdparty.io.netty.channel.AbstractChannel$AnnotatedConnectException: finishConnect(..) failed: Connection refused: /127.0.0.1:15047
  Caused by: java.net.ConnectException: finishConnect(..) failed: Connection refused
2025-07-15 19:45:50,097 [grpc-default-executor-1] WARN  server.GrpcLogAppender (GrpcLogAppender.java:lambda$resetClient$1(228)) - 1ed39f2b-ba05-41d4-bcbc-50acfb489962@group-5EE77318BC33->faa2b429-16a2-49fa-ab42-514c70ac334b-GrpcLogAppender: Follower failed (request=null, errorCount=19); keep nextIndex (7) unchanged and retry.
2025-07-15 19:45:50,234 [main] INFO  ozone.MiniOzoneClusterImpl (MiniOzoneClusterImpl.java:lambda$waitForHddsDatanodeToStop$3(312)) - Waiting on datanode to be marked stale.
2025-07-15 19:45:50,888 [timer6] WARN  server.GrpcLogAppender (GrpcLogAppender.java:timeoutAppendRequest(448)) - 73892b45-0ad3-4392-8d09-ab2d1cd7ede4@group-A35D399F7985->262265f8-b6b0-4173-8249-6c4ff56c562c-GrpcLogAppender: Timed out HEARTBEAT appendEntries, errorCount=23, request=AppendEntriesRequest:cid=4624,entriesCount=0
2025-07-15 19:45:51,235 [main] INFO  ozone.MiniOzoneClusterImpl (MiniOzoneClusterImpl.java:lambda$waitForHddsDatanodeToStop$3(312)) - Waiting on datanode to be marked stale.
2025-07-15 19:45:51,240 [timer7] WARN  server.GrpcLogAppender (GrpcLogAppender.java:timeoutAppendRequest(448)) - edffad61-d5a0-4c2f-abd3-1d848b9782f9@group-D4D9E1AFA3FC->262265f8-b6b0-4173-8249-6c4ff56c562c-GrpcLogAppender: Timed out HEARTBEAT appendEntries, errorCount=23, request=AppendEntriesRequest:cid=6984,entriesCount=0
2025-07-15 19:45:52,235 [main] INFO  ozone.MiniOzoneClusterImpl (MiniOzoneClusterImpl.java:lambda$waitForHddsDatanodeToStop$3(312)) - Waiting on datanode to be marked stale.
2025-07-15 19:45:52,772 [timer7] WARN  server.GrpcLogAppender (GrpcLogAppender.java:timeoutAppendRequest(448)) - 73892b45-0ad3-4392-8d09-ab2d1cd7ede4@group-A35D399F7985->262265f8-b6b0-4173-8249-6c4ff56c562c-GrpcLogAppender: Timed out HEARTBEAT appendEntries, errorCount=24, request=AppendEntriesRequest:cid=4625,entriesCount=0
2025-07-15 19:45:53,235 [main] INFO  ozone.MiniOzoneClusterImpl (MiniOzoneClusterImpl.java:lambda$waitForHddsDatanodeToStop$3(312)) - Waiting on datanode to be marked stale.
2025-07-15 19:45:53,628 [timer0] WARN  server.GrpcLogAppender (GrpcLogAppender.java:timeoutAppendRequest(448)) - edffad61-d5a0-4c2f-abd3-1d848b9782f9@group-D4D9E1AFA3FC->262265f8-b6b0-4173-8249-6c4ff56c562c-GrpcLogAppender: Timed out HEARTBEAT appendEntries, errorCount=24, request=AppendEntriesRequest:cid=6985,entriesCount=0
2025-07-15 19:45:54,236 [main] INFO  ozone.MiniOzoneClusterImpl (MiniOzoneClusterImpl.java:lambda$waitForHddsDatanodeToStop$3(312)) - Waiting on datanode to be marked stale.
2025-07-15 19:45:55,097 [timer1] WARN  server.GrpcLogAppender (LogUtils.java:warn(127)) - 1ed39f2b-ba05-41d4-bcbc-50acfb489962@group-5EE77318BC33->faa2b429-16a2-49fa-ab42-514c70ac334b-AppendLogResponseHandler: Failed appendEntries (Repeated 8 times in the last 5.000s): org.apache.ratis.thirdparty.io.grpc.StatusRuntimeException: UNAVAILABLE: io exception
  Caused by: org.apache.ratis.thirdparty.io.netty.channel.AbstractChannel$AnnotatedConnectException: finishConnect(..) failed: Connection refused: /127.0.0.1:15047
  Caused by: java.net.ConnectException: finishConnect(..) failed: Connection refused
2025-07-15 19:45:55,098 [timer2] WARN  server.GrpcLogAppender (GrpcLogAppender.java:lambda$resetClient$1(228)) - 1ed39f2b-ba05-41d4-bcbc-50acfb489962@group-5EE77318BC33->faa2b429-16a2-49fa-ab42-514c70ac334b-GrpcLogAppender: Follower failed (request=null, errorCount=26); keep nextIndex (7) unchanged and retry. (Repeated 8 times in the last 5.000s)
2025-07-15 19:45:55,236 [main] INFO  ozone.MiniOzoneClusterImpl (MiniOzoneClusterImpl.java:lambda$waitForHddsDatanodeToStop$3(312)) - Waiting on datanode to be marked stale.
2025-07-15 19:45:55,394 [timer4] WARN  server.GrpcLogAppender (GrpcLogAppender.java:timeoutAppendRequest(448)) - 73892b45-0ad3-4392-8d09-ab2d1cd7ede4@group-A35D399F7985->262265f8-b6b0-4173-8249-6c4ff56c562c-GrpcLogAppender: Timed out HEARTBEAT appendEntries, errorCount=25, request=AppendEntriesRequest:cid=4626,entriesCount=0
2025-07-15 19:45:56,232 [timer6] WARN  server.GrpcLogAppender (GrpcLogAppender.java:timeoutAppendRequest(448)) - edffad61-d5a0-4c2f-abd3-1d848b9782f9@group-D4D9E1AFA3FC->262265f8-b6b0-4173-8249-6c4ff56c562c-GrpcLogAppender: Timed out HEARTBEAT appendEntries, errorCount=25, request=AppendEntriesRequest:cid=6986,entriesCount=0
2025-07-15 19:45:56,236 [main] INFO  ozone.MiniOzoneClusterImpl (MiniOzoneClusterImpl.java:lambda$waitForHddsDatanodeToStop$3(312)) - Waiting on datanode to be marked stale.
2025-07-15 19:45:56,995 [grpc-default-executor-1] WARN  server.GrpcLogAppender (LogUtils.java:warn(127)) - 1ed39f2b-ba05-41d4-bcbc-50acfb489962@group-5EE77318BC33->faa2b429-16a2-49fa-ab42-514c70ac334b-AppendLogResponseHandler: Failed appendEntries: org.apache.ratis.thirdparty.io.grpc.StatusRuntimeException: UNAVAILABLE: io exception
  Caused by: org.apache.ratis.thirdparty.io.netty.channel.AbstractChannel$AnnotatedConnectException: finishConnect(..) failed: Connection refused: /127.0.0.1:15047
  Caused by: java.net.ConnectException: finishConnect(..) failed: Connection refused
2025-07-15 19:45:56,996 [grpc-default-executor-3] WARN  server.GrpcLogAppender (GrpcLogAppender.java:lambda$resetClient$1(228)) - 1ed39f2b-ba05-41d4-bcbc-50acfb489962@group-5EE77318BC33->faa2b429-16a2-49fa-ab42-514c70ac334b-GrpcLogAppender: Follower failed (request=null, errorCount=27); keep nextIndex (7) unchanged and retry.
2025-07-15 19:45:57,236 [main] INFO  ozone.MiniOzoneClusterImpl (MiniOzoneClusterImpl.java:lambda$waitForHddsDatanodeToStop$3(312)) - Waiting on datanode to be marked stale.
2025-07-15 19:45:57,525 [timer6] WARN  server.GrpcLogAppender (GrpcLogAppender.java:timeoutAppendRequest(448)) - 73892b45-0ad3-4392-8d09-ab2d1cd7ede4@group-A35D399F7985->262265f8-b6b0-4173-8249-6c4ff56c562c-GrpcLogAppender: Timed out HEARTBEAT appendEntries, errorCount=26, request=AppendEntriesRequest:cid=4627,entriesCount=0
2025-07-15 19:45:58,237 [main] INFO  ozone.MiniOzoneClusterImpl (MiniOzoneClusterImpl.java:lambda$waitForHddsDatanodeToStop$3(312)) - Waiting on datanode to be marked stale.
2025-07-15 19:45:58,764 [timer4] WARN  server.GrpcLogAppender (GrpcLogAppender.java:timeoutAppendRequest(448)) - edffad61-d5a0-4c2f-abd3-1d848b9782f9@group-D4D9E1AFA3FC->262265f8-b6b0-4173-8249-6c4ff56c562c-GrpcLogAppender: Timed out HEARTBEAT appendEntries, errorCount=26, request=AppendEntriesRequest:cid=6987,entriesCount=0
2025-07-15 19:45:59,237 [main] INFO  ozone.MiniOzoneClusterImpl (MiniOzoneClusterImpl.java:lambda$waitForHddsDatanodeToStop$3(312)) - Waiting on datanode to be marked stale.
2025-07-15 19:45:59,902 [timer3] WARN  server.GrpcLogAppender (GrpcLogAppender.java:timeoutAppendRequest(448)) - 73892b45-0ad3-4392-8d09-ab2d1cd7ede4@group-A35D399F7985->262265f8-b6b0-4173-8249-6c4ff56c562c-GrpcLogAppender: Timed out HEARTBEAT appendEntries, errorCount=27, request=AppendEntriesRequest:cid=4628,entriesCount=0
2025-07-15 19:46:00,237 [main] INFO  ozone.MiniOzoneClusterImpl (MiniOzoneClusterImpl.java:lambda$waitForHddsDatanodeToStop$3(312)) - Waiting on datanode to be marked stale.
2025-07-15 19:46:00,709 [timer0] WARN  server.GrpcLogAppender (GrpcLogAppender.java:timeoutAppendRequest(448)) - edffad61-d5a0-4c2f-abd3-1d848b9782f9@group-D4D9E1AFA3FC->262265f8-b6b0-4173-8249-6c4ff56c562c-GrpcLogAppender: Timed out HEARTBEAT appendEntries, errorCount=27, request=AppendEntriesRequest:cid=6988,entriesCount=0
2025-07-15 19:46:01,238 [main] INFO  ozone.MiniOzoneClusterImpl (MiniOzoneClusterImpl.java:lambda$waitForHddsDatanodeToStop$3(312)) - Waiting on datanode to be marked stale.
2025-07-15 19:46:01,995 [timer4] WARN  server.GrpcLogAppender (LogUtils.java:warn(127)) - 1ed39f2b-ba05-41d4-bcbc-50acfb489962@group-5EE77318BC33->faa2b429-16a2-49fa-ab42-514c70ac334b-AppendLogResponseHandler: Failed appendEntries (Repeated 6 times in the last 5.000s): org.apache.ratis.thirdparty.io.grpc.StatusRuntimeException: UNAVAILABLE: io exception
  Caused by: org.apache.ratis.thirdparty.io.netty.channel.AbstractChannel$AnnotatedConnectException: finishConnect(..) failed: Connection refused: /127.0.0.1:15047
  Caused by: java.net.ConnectException: finishConnect(..) failed: Connection refused
2025-07-15 19:46:01,997 [timer5] WARN  server.GrpcLogAppender (GrpcLogAppender.java:lambda$resetClient$1(228)) - 1ed39f2b-ba05-41d4-bcbc-50acfb489962@group-5EE77318BC33->faa2b429-16a2-49fa-ab42-514c70ac334b-GrpcLogAppender: Follower failed (request=null, errorCount=32); keep nextIndex (7) unchanged and retry. (Repeated 6 times in the last 5.001s)
2025-07-15 19:46:02,013 [timer0] WARN  server.GrpcLogAppender (GrpcLogAppender.java:timeoutAppendRequest(448)) - 73892b45-0ad3-4392-8d09-ab2d1cd7ede4@group-A35D399F7985->262265f8-b6b0-4173-8249-6c4ff56c562c-GrpcLogAppender: Timed out HEARTBEAT appendEntries, errorCount=28, request=AppendEntriesRequest:cid=4629,entriesCount=0
2025-07-15 19:46:02,238 [main] INFO  ozone.MiniOzoneClusterImpl (MiniOzoneClusterImpl.java:lambda$waitForHddsDatanodeToStop$3(312)) - Waiting on datanode to be marked stale.
2025-07-15 19:46:02,526 [timer7] WARN  server.GrpcLogAppender (GrpcLogAppender.java:timeoutAppendRequest(448)) - edffad61-d5a0-4c2f-abd3-1d848b9782f9@group-D4D9E1AFA3FC->262265f8-b6b0-4173-8249-6c4ff56c562c-GrpcLogAppender: Timed out HEARTBEAT appendEntries, errorCount=28, request=AppendEntriesRequest:cid=6989,entriesCount=0
2025-07-15 19:46:03,238 [main] INFO  ozone.MiniOzoneClusterImpl (MiniOzoneClusterImpl.java:lambda$waitForHddsDatanodeToStop$3(312)) - Waiting on datanode to be marked stale.
2025-07-15 19:46:03,903 [timer6] WARN  server.GrpcLogAppender (GrpcLogAppender.java:timeoutAppendRequest(448)) - 73892b45-0ad3-4392-8d09-ab2d1cd7ede4@group-A35D399F7985->262265f8-b6b0-4173-8249-6c4ff56c562c-GrpcLogAppender: Timed out HEARTBEAT appendEntries, errorCount=29, request=AppendEntriesRequest:cid=4630,entriesCount=0
2025-07-15 19:46:04,239 [main] INFO  ozone.MiniOzoneClusterImpl (MiniOzoneClusterImpl.java:lambda$waitForHddsDatanodeToStop$3(312)) - Waiting on datanode to be marked stale.
2025-07-15 19:46:04,321 [EventQueue-StaleNodeForStaleNodeHandler] INFO  node.StaleNodeHandler (StaleNodeHandler.java:onMessage(51)) - Datanode faa2b429-16a2-49fa-ab42-514c70ac334b(localhost/127.0.0.1) moved to stale state. Finalizing its pipelines [Pipeline-4f81a5f5-7675-4903-8736-5ee77318bc33]
2025-07-15 19:46:04,324 [EventQueue-StaleNodeForStaleNodeHandler] INFO  pipeline.PipelineManagerImpl (PipelineManagerImpl.java:closePipeline(511)) - Pipeline Pipeline-4f81a5f5-7675-4903-8736-5ee77318bc33 moved to CLOSED state
2025-07-15 19:46:04,816 [grpc-default-executor-1] WARN  server.GrpcLogAppender (LogUtils.java:warn(127)) - 1ed39f2b-ba05-41d4-bcbc-50acfb489962@group-5EE77318BC33->faa2b429-16a2-49fa-ab42-514c70ac334b-AppendLogResponseHandler: Failed appendEntries: org.apache.ratis.thirdparty.io.grpc.StatusRuntimeException: UNAVAILABLE: io exception
  Caused by: org.apache.ratis.thirdparty.io.netty.channel.AbstractChannel$AnnotatedConnectException: finishConnect(..) failed: Connection refused: /127.0.0.1:15047
  Caused by: java.net.ConnectException: finishConnect(..) failed: Connection refused
2025-07-15 19:46:04,817 [grpc-default-executor-3] WARN  server.GrpcLogAppender (GrpcLogAppender.java:lambda$resetClient$1(228)) - 1ed39f2b-ba05-41d4-bcbc-50acfb489962@group-5EE77318BC33->faa2b429-16a2-49fa-ab42-514c70ac334b-GrpcLogAppender: Follower failed (request=null, errorCount=33); keep nextIndex (7) unchanged and retry.
2025-07-15 19:46:05,071 [timer4] WARN  server.GrpcLogAppender (GrpcLogAppender.java:timeoutAppendRequest(448)) - edffad61-d5a0-4c2f-abd3-1d848b9782f9@group-D4D9E1AFA3FC->262265f8-b6b0-4173-8249-6c4ff56c562c-GrpcLogAppender: Timed out HEARTBEAT appendEntries, errorCount=29, request=AppendEntriesRequest:cid=6990,entriesCount=0
2025-07-15 19:46:05,241 [main] WARN  dropwizard3.Dm3MetricRegistriesImpl (Dm3MetricRegistriesImpl.java:addReporterRegistration(114)) - New reporters are added after registries were created. Some metrics will be missing from the reporter. Please add reporter before adding any new registry.
2025-07-15 19:46:05,241 [main] WARN  dropwizard3.Dm3MetricRegistriesImpl (Dm3MetricRegistriesImpl.java:addReporterRegistration(114)) - New reporters are added after registries were created. Some metrics will be missing from the reporter. Please add reporter before adding any new registry.
2025-07-15 19:46:05,241 [main] INFO  impl.MetricsSystemImpl (MetricsSystemImpl.java:init(158)) - HddsDatanode metrics system started (again)
2025-07-15 19:46:05,264 [main] INFO  ozone.HddsDatanodeService (HddsDatanodeService.java:start(236)) - HddsDatanodeService faa2b429-16a2-49fa-ab42-514c70ac334b(localhost/127.0.0.1)
2025-07-15 19:46:05,266 [main] INFO  upgrade.AbstractLayoutVersionManager (AbstractLayoutVersionManager.java:init(80)) - Initializing Layout version manager with metadata layout = HBASE_SUPPORT (version = 8), software layout = HBASE_SUPPORT (version = 8)
2025-07-15 19:46:05,266 [main] INFO  statemachine.DatanodeStateMachine (DatanodeStateMachine.java:getEndPointTaskThreadPoolSize(305)) - Datanode State Machine Task Thread Pool size 2
2025-07-15 19:46:05,269 [main] INFO  volume.HddsVolume (HddsVolume.java:<init>(162)) - HddsVolume: { id=DS-02a136f5-1dbe-44f7-91dd-35afecff0ed5 dir=/home/runner/work/ozone/ozone/hadoop-ozone/integration-test/target/test-dir/MiniOzoneClusterImpl-7a2c00ee-15e1-4921-aa6b-526c14ec89d8/ozone-meta/datanode-5/data-0/hdds type=DISK capacity=9222449699674390527 used=0 available=9222449699674390527 minFree=9222450130714624 committed=0 }
2025-07-15 19:46:05,269 [main] INFO  volume.MutableVolumeSet (MutableVolumeSet.java:initializeVolumeSet(167)) - Added Volume : /home/runner/work/ozone/ozone/hadoop-ozone/integration-test/target/test-dir/MiniOzoneClusterImpl-7a2c00ee-15e1-4921-aa6b-526c14ec89d8/ozone-meta/datanode-5/data-0/hdds to VolumeSet
2025-07-15 19:46:05,270 [main] INFO  volume.MutableVolumeSet (MutableVolumeSet.java:initializeVolumeSet(167)) - Added Volume : /home/runner/work/ozone/ozone/hadoop-ozone/integration-test/target/test-dir/MiniOzoneClusterImpl-7a2c00ee-15e1-4921-aa6b-526c14ec89d8/ozone-meta/datanode-5/ratis8aafc780-4245-4c46-8f87-c6768e72163b to VolumeSet
2025-07-15 19:46:05,292 [ForkJoinPool.commonPool-worker-1] INFO  utils.DatanodeStoreCache (DatanodeStoreCache.java:addDB(70)) - Added db /home/runner/work/ozone/ozone/hadoop-ozone/integration-test/target/test-dir/MiniOzoneClusterImpl-7a2c00ee-15e1-4921-aa6b-526c14ec89d8/ozone-meta/datanode-5/data-0/hdds/7a2c00ee-15e1-4921-aa6b-526c14ec89d8/DS-02a136f5-1dbe-44f7-91dd-35afecff0ed5/container.db to cache
2025-07-15 19:46:05,292 [ForkJoinPool.commonPool-worker-1] INFO  volume.HddsVolume (HddsVolume.java:loadDbStore(516)) - SchemaV3 db is loaded at /home/runner/work/ozone/ozone/hadoop-ozone/integration-test/target/test-dir/MiniOzoneClusterImpl-7a2c00ee-15e1-4921-aa6b-526c14ec89d8/ozone-meta/datanode-5/data-0/hdds/7a2c00ee-15e1-4921-aa6b-526c14ec89d8/DS-02a136f5-1dbe-44f7-91dd-35afecff0ed5/container.db for volume DS-02a136f5-1dbe-44f7-91dd-35afecff0ed5
2025-07-15 19:46:05,292 [main] INFO  ozoneimpl.OzoneContainer (HddsVolumeUtil.java:loadAllHddsVolumeDbStore(102)) - Load 1 volumes DbStore cost: 22ms
2025-07-15 19:46:05,293 [main] WARN  db.DBStoreBuilder (DBStoreBuilder.java:getDBDirPath(158)) - ozone.scm.datanode.id.dir is not configured. We recommend adding this setting. Falling back to ozone.metadata.dirs instead.
2025-07-15 19:46:05,294 [main] WARN  db.DBStoreBuilder (DBStoreBuilder.java:getDBDirPath(158)) - ozone.scm.datanode.id.dir is not configured. We recommend adding this setting. Falling back to ozone.metadata.dirs instead.
2025-07-15 19:46:05,306 [main] INFO  impl.FilePerChunkStrategy (FilePerChunkStrategy.java:<init>(79)) - ozone.chunk.read.mapped.buffer.max.count is load with 0
2025-07-15 19:46:05,306 [main] INFO  impl.FilePerBlockStrategy (FilePerBlockStrategy.java:<init>(88)) - ozone.chunk.read.mapped.buffer.max.count is load with 0
2025-07-15 19:46:05,307 [main] INFO  server.RaftServerConfigKeys (ConfUtils.java:logGet(62)) - raft.server.log.appender.buffer.byte-limit = 33554432 (custom)
2025-07-15 19:46:05,308 [main] INFO  grpc.GrpcConfigKeys (ConfUtils.java:logFallback(69)) - raft.grpc.admin.host = null (fallback to raft.grpc.server.host)
2025-07-15 19:46:05,309 [main] INFO  grpc.GrpcConfigKeys (ConfUtils.java:logGet(62)) - raft.grpc.admin.port = 15046 (custom)
2025-07-15 19:46:05,309 [main] INFO  grpc.GrpcConfigKeys (ConfUtils.java:logFallback(69)) - raft.grpc.client.host = null (fallback to raft.grpc.server.host)
2025-07-15 19:46:05,309 [main] INFO  grpc.GrpcConfigKeys (ConfUtils.java:logGet(62)) - raft.grpc.client.port = 15045 (custom)
2025-07-15 19:46:05,309 [main] INFO  grpc.GrpcConfigKeys (ConfUtils.java:logGet(62)) - raft.grpc.server.port = 15047 (custom)
2025-07-15 19:46:05,309 [main] INFO  server.GrpcServicesImpl (ConfUtils.java:logGet(62)) - raft.grpc.message.size.max = 34603008 (custom)
2025-07-15 19:46:05,309 [main] INFO  server.GrpcServicesImpl (ConfUtils.java:logGet(62)) - raft.grpc.flow.control.window = 5MB (=5242880) (custom)
2025-07-15 19:46:05,309 [main] INFO  server.RaftServerConfigKeys (ConfUtils.java:logGet(62)) - raft.server.log.appender.buffer.byte-limit = 33554432 (custom)
2025-07-15 19:46:05,311 [main] INFO  netty.NettyUtils (NettyUtils.java:newEventLoopGroup(74)) - Create EpollEventLoopGroup for faa2b429-16a2-49fa-ab42-514c70ac334b-NettyServerStreamRpc-bossGroup; Thread size is 0.
2025-07-15 19:46:05,312 [main] INFO  netty.NettyUtils (NettyUtils.java:newEventLoopGroup(74)) - Create EpollEventLoopGroup for faa2b429-16a2-49fa-ab42-514c70ac334b-NettyServerStreamRpc-workerGroup; Thread size is 0.
2025-07-15 19:46:05,312 [main] INFO  netty.NettyConfigKeys$DataStream (ConfUtils.java:logGet(62)) - raft.netty.dataStream.port = 15048 (custom)
2025-07-15 19:46:05,313 [main] INFO  server.RaftServerConfigKeys (ConfUtils.java:logGet(62)) - raft.server.storage.dir = [/home/runner/work/ozone/ozone/hadoop-ozone/integration-test/target/test-dir/MiniOzoneClusterImpl-7a2c00ee-15e1-4921-aa6b-526c14ec89d8/ozone-meta/datanode-5/ratis8aafc780-4245-4c46-8f87-c6768e72163b] (custom)
2025-07-15 19:46:05,313 [faa2b429-16a2-49fa-ab42-514c70ac334b-NettyServerStreamRpc-bossGroup--thread1] INFO  logging.LoggingHandler (AbstractInternalLogger.java:log(148)) - [id: 0xa1597201] REGISTERED
2025-07-15 19:46:05,313 [faa2b429-16a2-49fa-ab42-514c70ac334b-NettyServerStreamRpc-bossGroup--thread1] INFO  logging.LoggingHandler (AbstractInternalLogger.java:log(148)) - [id: 0xa1597201] BIND: 0.0.0.0/0.0.0.0:15048
2025-07-15 19:46:05,314 [faa2b429-16a2-49fa-ab42-514c70ac334b-NettyServerStreamRpc-bossGroup--thread1] INFO  logging.LoggingHandler (AbstractInternalLogger.java:log(148)) - [id: 0xa1597201, L:/0.0.0.0:15048] ACTIVE
2025-07-15 19:46:05,314 [faa2b429-16a2-49fa-ab42-514c70ac334b-impl-thread1] INFO  server.RaftServer (RaftServerProxy.java:initGroupDir(270)) - faa2b429-16a2-49fa-ab42-514c70ac334b: found a subdirectory /home/runner/work/ozone/ozone/hadoop-ozone/integration-test/target/test-dir/MiniOzoneClusterImpl-7a2c00ee-15e1-4921-aa6b-526c14ec89d8/ozone-meta/datanode-5/ratis8aafc780-4245-4c46-8f87-c6768e72163b/tmp
2025-07-15 19:46:05,314 [faa2b429-16a2-49fa-ab42-514c70ac334b-impl-thread1] INFO  server.RaftServer (RaftServerProxy.java:initGroupDir(275)) - faa2b429-16a2-49fa-ab42-514c70ac334b: The directory /home/runner/work/ozone/ozone/hadoop-ozone/integration-test/target/test-dir/MiniOzoneClusterImpl-7a2c00ee-15e1-4921-aa6b-526c14ec89d8/ozone-meta/datanode-5/ratis8aafc780-4245-4c46-8f87-c6768e72163b/tmp is not a group directory; ignoring it. 
2025-07-15 19:46:05,314 [main] INFO  replication.ReplicationServer (ReplicationServer.java:<init>(84)) - Initializing replication server with thread count = 10 queue length = 4096
2025-07-15 19:46:05,315 [main] INFO  server.XceiverServerGrpc (XceiverServerGrpc.java:<init>(130)) - GrpcServer channel type EpollServerSocketChannel
2025-07-15 19:46:05,316 [main] INFO  replication.ReplicationSupervisor (ReplicationSupervisor.java:build(169)) - Initializing replication supervisor with thread count = 10
2025-07-15 19:46:05,316 [main] INFO  replication.ReplicationSupervisor (ReplicationSupervisor.java:nodeStateUpdated(358)) - Node state updated to IN_SERVICE, scaling executor pool size to 10
2025-07-15 19:46:05,326 [main] INFO  http.BaseHttpServer (BaseHttpServer.java:newHttpServer2BuilderForOzone(229)) - Starting Web-server for hddsDatanode at: http://0.0.0.0:15042
2025-07-15 19:46:05,328 [main] INFO  http.BaseHttpServer (BaseHttpServer.java:<init>(107)) - Hadoop Security Enabled: false Ozone Security Enabled: false Ozone HTTP Security Enabled: false 
2025-07-15 19:46:05,333 [main] WARN  server.AuthenticationFilter (AuthenticationFilter.java:constructSecretProvider(240)) - Unable to initialize FileSignerSecretProvider, falling back to use random secrets. Reason: Could not read signature secret file: /home/runner/hadoop-http-auth-signature-secret
2025-07-15 19:46:05,343 [main] INFO  http.HttpServer2 (HttpServer2.java:addGlobalFilter(1042)) - Added global filter 'safety' (class=org.apache.hadoop.hdds.server.http.HttpServer2$QuotingInputFilter)
2025-07-15 19:46:05,346 [main] INFO  http.HttpServer2 (HttpServer2.java:addFilter(1018)) - Added filter static_user_filter (class=org.apache.hadoop.http.lib.StaticUserWebFilter$StaticUserFilter) to context hddsDatanode
2025-07-15 19:46:05,346 [main] INFO  http.HttpServer2 (HttpServer2.java:addFilter(1026)) - Added filter static_user_filter (class=org.apache.hadoop.http.lib.StaticUserWebFilter$StaticUserFilter) to context logs
2025-07-15 19:46:05,348 [main] INFO  http.HttpServer2 (HttpServer2.java:addFilter(1026)) - Added filter static_user_filter (class=org.apache.hadoop.http.lib.StaticUserWebFilter$StaticUserFilter) to context static
2025-07-15 19:46:05,349 [main] INFO  http.BaseHttpServer (BaseHttpServer.java:<init>(195)) - HTTP server of hddsDatanode uses base directory /home/runner/work/ozone/ozone/hadoop-ozone/integration-test/target/test-dir/MiniOzoneClusterImpl-7a2c00ee-15e1-4921-aa6b-526c14ec89d8/ozone-meta/datanode-5/meta/webserver
2025-07-15 19:46:05,351 [main] INFO  http.HttpServer2 (HttpServer2.java:bindListener(1242)) - Jetty bound to port 15042
2025-07-15 19:46:05,351 [main] INFO  server.Server (Server.java:doStart(375)) - jetty-9.4.57.v20241219; built: 2025-01-08T21:24:30.412Z; git: df524e6b29271c2e09ba9aea83c18dc9db464a31; jvm 21.0.7+6-LTS
2025-07-15 19:46:05,356 [main] INFO  server.session (DefaultSessionIdManager.java:doStart(334)) - DefaultSessionIdManager workerName=node0
2025-07-15 19:46:05,356 [main] INFO  server.session (DefaultSessionIdManager.java:doStart(339)) - No SessionScavenger set, using defaults
2025-07-15 19:46:05,356 [main] INFO  server.session (HouseKeeper.java:startScavenging(132)) - node0 Scavenging every 660000ms
2025-07-15 19:46:05,357 [main] INFO  handler.ContextHandler (ContextHandler.java:doStart(921)) - Started o.e.j.s.ServletContextHandler@76da4b9b{logs,/logs,file:///home/runner/work/ozone/ozone/hadoop-ozone/integration-test/target/log,AVAILABLE}
2025-07-15 19:46:05,357 [main] INFO  handler.ContextHandler (ContextHandler.java:doStart(921)) - Started o.e.j.s.ServletContextHandler@52ac0038{static,/static,jar:file:/home/runner/work/ozone/ozone/hadoop-hdds/container-service/target/hdds-container-service-2.1.0-SNAPSHOT.jar!/webapps/static,AVAILABLE}
2025-07-15 19:46:05,503 [main] INFO  handler.ContextHandler (ContextHandler.java:doStart(921)) - Started o.e.j.w.WebAppContext@2ac05560{hddsDatanode,/,file:///home/runner/work/ozone/ozone/hadoop-ozone/integration-test/target/test-dir/MiniOzoneClusterImpl-7a2c00ee-15e1-4921-aa6b-526c14ec89d8/ozone-meta/datanode-5/meta/webserver/jetty-0_0_0_0-15042-hdds-container-service-2_1_0-SNAPSHOT_jar-_-any-1261503049311351846/webapp/,AVAILABLE}{jar:file:/home/runner/work/ozone/ozone/hadoop-hdds/container-service/target/hdds-container-service-2.1.0-SNAPSHOT.jar!/webapps/hddsDatanode}
2025-07-15 19:46:05,504 [main] INFO  server.AbstractConnector (AbstractConnector.java:doStart(333)) - Started ServerConnector@7895bad0{HTTP/1.1, (http/1.1)}{0.0.0.0:15042}
2025-07-15 19:46:05,504 [main] INFO  server.Server (Server.java:doStart(415)) - Started @103998ms
2025-07-15 19:46:05,504 [main] WARN  impl.MetricsSystemImpl (MetricsSystemImpl.java:register(279)) - Sink prometheus already exists!
2025-07-15 19:46:05,504 [main] INFO  http.BaseHttpServer (BaseHttpServer.java:updateConnectorAddress(359)) - HTTP server of hddsDatanode listening at http://localhost:15042
2025-07-15 19:46:05,505 [main] INFO  ipc.CallQueueManager (CallQueueManager.java:<init>(93)) - Using callQueue: class java.util.concurrent.LinkedBlockingQueue, queueCapacity: 1000, scheduler: class org.apache.hadoop.ipc.DefaultRpcScheduler, ipcBackoff: false, ipcFailOver: false.
2025-07-15 19:46:05,505 [main] INFO  ipc.Server (Server.java:<init>(1438)) - Listener at 0.0.0.0:15043
2025-07-15 19:46:05,506 [Socket Reader #1 for port 15043] INFO  ipc.Server (Server.java:run(1474)) - Starting Socket Reader #1 for port 15043
2025-07-15 19:46:05,506 [Socket Reader #2 for port 15043] INFO  ipc.Server (Server.java:run(1474)) - Starting Socket Reader #2 for port 15043
2025-07-15 19:46:05,506 [Socket Reader #3 for port 15043] INFO  ipc.Server (Server.java:run(1474)) - Starting Socket Reader #3 for port 15043
2025-07-15 19:46:05,507 [Socket Reader #4 for port 15043] INFO  ipc.Server (Server.java:run(1474)) - Starting Socket Reader #4 for port 15043
2025-07-15 19:46:05,508 [Socket Reader #5 for port 15043] INFO  ipc.Server (Server.java:run(1474)) - Starting Socket Reader #5 for port 15043
2025-07-15 19:46:05,508 [Socket Reader #6 for port 15043] INFO  ipc.Server (Server.java:run(1474)) - Starting Socket Reader #6 for port 15043
2025-07-15 19:46:05,508 [Socket Reader #7 for port 15043] INFO  ipc.Server (Server.java:run(1474)) - Starting Socket Reader #7 for port 15043
2025-07-15 19:46:05,508 [Socket Reader #8 for port 15043] INFO  ipc.Server (Server.java:run(1474)) - Starting Socket Reader #8 for port 15043
2025-07-15 19:46:05,509 [Socket Reader #9 for port 15043] INFO  ipc.Server (Server.java:run(1474)) - Starting Socket Reader #9 for port 15043
2025-07-15 19:46:05,509 [Socket Reader #10 for port 15043] INFO  ipc.Server (Server.java:run(1474)) - Starting Socket Reader #10 for port 15043
2025-07-15 19:46:05,512 [main] INFO  ozone.HddsDatanodeService (HddsDatanodeService.java:start(333)) - Datanode start with admins: [admin, runner]
2025-07-15 19:46:05,512 [main] INFO  ozone.HddsDatanodeClientProtocolServer (HddsDatanodeClientProtocolServer.java:start(76)) - RPC server for Client /0.0.0.0:15043
2025-07-15 19:46:05,513 [IPC Server Responder] INFO  ipc.Server (Server.java:run(1713)) - IPC Server Responder: starting
2025-07-15 19:46:05,514 [IPC Server listener on 15043] INFO  ipc.Server (Server.java:run(1553)) - IPC Server listener on 15043: starting
2025-07-15 19:46:05,515 [main] INFO  ozone.MiniOzoneClusterImpl (MiniOzoneClusterImpl.java:lambda$waitForClusterToBeReady$0(173)) - Waiting for nodes to be ready. Got 9 of 10 DN Heartbeats.
2025-07-15 19:46:05,515 [main] INFO  ozone.MiniOzoneClusterImpl (MiniOzoneClusterImpl.java:lambda$waitForClusterToBeReady$0(176)) - Cluster exits safe mode
2025-07-15 19:46:05,516 [main] INFO  ozone.MiniOzoneClusterImpl (MiniOzoneClusterImpl.java:lambda$waitForClusterToBeReady$0(178)) - SCM became leader
2025-07-15 19:46:05,517 [faa2b429-16a2-49fa-ab42-514c70ac334b-DatanodeStateMachineDaemonThread] INFO  statemachine.DatanodeStateMachine (DatanodeStateMachine.java:startStateMachineThread(347)) - Ozone container server started.
2025-07-15 19:46:05,521 [faa2b429-16a2-49fa-ab42-514c70ac334b-DatanodeStateMachineTaskThread-0] INFO  datanode.InitDatanodeState (InitDatanodeState.java:persistContainerDatanodeDetails(139)) - DatanodeDetails is persisted to /home/runner/work/ozone/ozone/hadoop-ozone/integration-test/target/test-dir/MiniOzoneClusterImpl-7a2c00ee-15e1-4921-aa6b-526c14ec89d8/ozone-meta/datanode-5/meta/datanode.id
2025-07-15 19:46:06,019 [faa2b429-16a2-49fa-ab42-514c70ac334b-ContainerReader-0] INFO  ozoneimpl.ContainerReader (ContainerReader.java:readVolume(144)) - Start to verify containers on volume /home/runner/work/ozone/ozone/hadoop-ozone/integration-test/target/test-dir/MiniOzoneClusterImpl-7a2c00ee-15e1-4921-aa6b-526c14ec89d8/ozone-meta/datanode-5/data-0/hdds
2025-07-15 19:46:06,022 [faa2b429-16a2-49fa-ab42-514c70ac334b-ContainerReader-0] WARN  helpers.KeyValueContainerUtil (KeyValueContainerUtil.java:populateContainerMetadata(323)) - Missing pendingDeleteBlockCount from metadata: recalculate them from block table
2025-07-15 19:46:06,027 [faa2b429-16a2-49fa-ab42-514c70ac334b-ContainerReader-0] WARN  helpers.KeyValueContainerUtil (KeyValueContainerUtil.java:populateContainerMetadata(323)) - Missing pendingDeleteBlockCount from metadata: recalculate them from block table
2025-07-15 19:46:06,031 [faa2b429-16a2-49fa-ab42-514c70ac334b-ContainerReader-0] WARN  helpers.KeyValueContainerUtil (KeyValueContainerUtil.java:populateContainerMetadata(323)) - Missing pendingDeleteBlockCount from metadata: recalculate them from block table
2025-07-15 19:46:06,033 [faa2b429-16a2-49fa-ab42-514c70ac334b-ContainerReader-0] INFO  ozoneimpl.ContainerReader (ContainerReader.java:readVolume(174)) - Finish verifying containers on volume /home/runner/work/ozone/ozone/hadoop-ozone/integration-test/target/test-dir/MiniOzoneClusterImpl-7a2c00ee-15e1-4921-aa6b-526c14ec89d8/ozone-meta/datanode-5/data-0/hdds
2025-07-15 19:46:06,033 [faa2b429-16a2-49fa-ab42-514c70ac334b-EndpointStateMachineTaskThread-/0.0.0.0:15002-0 ] INFO  ozoneimpl.OzoneContainer (OzoneContainer.java:buildContainerSet(370)) - Build ContainerSet costs 0s
2025-07-15 19:46:06,033 [faa2b429-16a2-49fa-ab42-514c70ac334b-EndpointStateMachineTaskThread-/0.0.0.0:15002-0 ] INFO  volume.ThrottledAsyncChecker (ThrottledAsyncChecker.java:schedule(138)) - Scheduling a check for /home/runner/work/ozone/ozone/hadoop-ozone/integration-test/target/test-dir/MiniOzoneClusterImpl-7a2c00ee-15e1-4921-aa6b-526c14ec89d8/ozone-meta/datanode-5/data-0/hdds
2025-07-15 19:46:06,034 [faa2b429-16a2-49fa-ab42-514c70ac334b-EndpointStateMachineTaskThread-/0.0.0.0:15002-0 ] INFO  volume.StorageVolumeChecker (StorageVolumeChecker.java:checkAllVolumes(215)) - Scheduled health check for volume /home/runner/work/ozone/ozone/hadoop-ozone/integration-test/target/test-dir/MiniOzoneClusterImpl-7a2c00ee-15e1-4921-aa6b-526c14ec89d8/ozone-meta/datanode-5/data-0/hdds
2025-07-15 19:46:06,037 [faa2b429-16a2-49fa-ab42-514c70ac334b-EndpointStateMachineTaskThread-/0.0.0.0:15002-0 ] INFO  volume.ThrottledAsyncChecker (ThrottledAsyncChecker.java:schedule(138)) - Scheduling a check for /home/runner/work/ozone/ozone/hadoop-ozone/integration-test/target/test-dir/MiniOzoneClusterImpl-7a2c00ee-15e1-4921-aa6b-526c14ec89d8/ozone-meta/datanode-5/ratis8aafc780-4245-4c46-8f87-c6768e72163b
2025-07-15 19:46:06,037 [faa2b429-16a2-49fa-ab42-514c70ac334b-EndpointStateMachineTaskThread-/0.0.0.0:15002-0 ] INFO  volume.StorageVolumeChecker (StorageVolumeChecker.java:checkAllVolumes(215)) - Scheduled health check for volume /home/runner/work/ozone/ozone/hadoop-ozone/integration-test/target/test-dir/MiniOzoneClusterImpl-7a2c00ee-15e1-4921-aa6b-526c14ec89d8/ozone-meta/datanode-5/ratis8aafc780-4245-4c46-8f87-c6768e72163b
2025-07-15 19:46:06,038 [faa2b429-16a2-49fa-ab42-514c70ac334b-EndpointStateMachineTaskThread-/0.0.0.0:15002-0 ] INFO  ozoneimpl.OzoneContainer (OzoneContainer.java:start(520)) - Attempting to start container services.
2025-07-15 19:46:06,040 [ContainerMetadataScanner] INFO  ozoneimpl.AbstractBackgroundContainerScanner (AbstractBackgroundContainerScanner.java:runIteration(89)) - Completed an iteration in 0 minutes. Number of iterations (since the data-node restart) : 1, Number of containers scanned in this iteration : 1, Number of unhealthy containers found in this iteration : 0
2025-07-15 19:46:06,041 [faa2b429-16a2-49fa-ab42-514c70ac334b-EndpointStateMachineTaskThread-/0.0.0.0:15002-0 ] INFO  replication.ReplicationServer (ReplicationServer.java:start(137)) - ReplicationServer is started using port 15049
2025-07-15 19:46:06,041 [faa2b429-16a2-49fa-ab42-514c70ac334b-EndpointStateMachineTaskThread-/0.0.0.0:15002-0 ] INFO  ratis.XceiverServerRatis (XceiverServerRatis.java:start(559)) - Starting XceiverServerRatis(faa2b429-16a2-49fa-ab42-514c70ac334b)
2025-07-15 19:46:06,042 [faa2b429-16a2-49fa-ab42-514c70ac334b-EndpointStateMachineTaskThread-/0.0.0.0:15002-0 ] INFO  server.RaftServer (RaftServerProxy.java:startImpl(412)) - faa2b429-16a2-49fa-ab42-514c70ac334b: start RPC server
2025-07-15 19:46:06,043 [faa2b429-16a2-49fa-ab42-514c70ac334b-EndpointStateMachineTaskThread-/0.0.0.0:15002-0 ] INFO  server.GrpcServicesImpl (GrpcServicesImpl.java:startImpl(346)) - faa2b429-16a2-49fa-ab42-514c70ac334b: GrpcServicesImpl started, listening on 15045
2025-07-15 19:46:06,043 [faa2b429-16a2-49fa-ab42-514c70ac334b-EndpointStateMachineTaskThread-/0.0.0.0:15002-0 ] INFO  server.GrpcServicesImpl (GrpcServicesImpl.java:startImpl(346)) - faa2b429-16a2-49fa-ab42-514c70ac334b: GrpcServicesImpl started, listening on 15047
2025-07-15 19:46:06,043 [faa2b429-16a2-49fa-ab42-514c70ac334b-EndpointStateMachineTaskThread-/0.0.0.0:15002-0 ] INFO  server.GrpcServicesImpl (GrpcServicesImpl.java:startImpl(346)) - faa2b429-16a2-49fa-ab42-514c70ac334b: GrpcServicesImpl started, listening on 15046
2025-07-15 19:46:06,044 [JvmPauseMonitor14] INFO  util.JvmPauseMonitor (JvmPauseMonitor.java:run(146)) - JvmPauseMonitor-faa2b429-16a2-49fa-ab42-514c70ac334b: Started
2025-07-15 19:46:06,044 [faa2b429-16a2-49fa-ab42-514c70ac334b-EndpointStateMachineTaskThread-/0.0.0.0:15002-0 ] INFO  ratis.XceiverServerRatis (XceiverServerRatis.java:getRealPort(586)) - XceiverServerRatis(faa2b429-16a2-49fa-ab42-514c70ac334b) is started using port RATIS=15045
2025-07-15 19:46:06,044 [faa2b429-16a2-49fa-ab42-514c70ac334b-EndpointStateMachineTaskThread-/0.0.0.0:15002-0 ] INFO  ratis.XceiverServerRatis (XceiverServerRatis.java:getRealPort(586)) - XceiverServerRatis(faa2b429-16a2-49fa-ab42-514c70ac334b) is started using port RATIS_ADMIN=15046
2025-07-15 19:46:06,044 [faa2b429-16a2-49fa-ab42-514c70ac334b-EndpointStateMachineTaskThread-/0.0.0.0:15002-0 ] INFO  ratis.XceiverServerRatis (XceiverServerRatis.java:getRealPort(586)) - XceiverServerRatis(faa2b429-16a2-49fa-ab42-514c70ac334b) is started using port RATIS_SERVER=15047
2025-07-15 19:46:06,044 [faa2b429-16a2-49fa-ab42-514c70ac334b-EndpointStateMachineTaskThread-/0.0.0.0:15002-0 ] INFO  ratis.XceiverServerRatis (XceiverServerRatis.java:getRealPort(586)) - XceiverServerRatis(faa2b429-16a2-49fa-ab42-514c70ac334b) is started using port RATIS_DATASTREAM=15048
2025-07-15 19:46:06,045 [faa2b429-16a2-49fa-ab42-514c70ac334b-EndpointStateMachineTaskThread-/0.0.0.0:15002-0 ] INFO  utils.BackgroundService (BackgroundService.java:start(118)) - Starting service BlockDeletingService with interval 60000 milliseconds
2025-07-15 19:46:06,045 [faa2b429-16a2-49fa-ab42-514c70ac334b-EndpointStateMachineTaskThread-/0.0.0.0:15002-0 ] INFO  utils.BackgroundService (BackgroundService.java:start(118)) - Starting service StaleRecoveringContainerScrubbingService with interval 60000 milliseconds
2025-07-15 19:46:06,047 [ContainerDataScanner(/home/runner/work/ozone/ozone/hadoop-ozone/integration-test/target/test-dir/MiniOzoneClusterImpl-7a2c00ee-15e1-4921-aa6b-526c14ec89d8/ozone-meta/datanode-5/data-0/hdds)] INFO  ozoneimpl.AbstractBackgroundContainerScanner (AbstractBackgroundContainerScanner.java:runIteration(89)) - Completed an iteration in 0 minutes. Number of iterations (since the data-node restart) : 1, Number of containers scanned in this iteration : 1, Number of unhealthy containers found in this iteration : 0
2025-07-15 19:46:06,286 [timer2] WARN  server.GrpcLogAppender (GrpcLogAppender.java:timeoutAppendRequest(448)) - 73892b45-0ad3-4392-8d09-ab2d1cd7ede4@group-A35D399F7985->262265f8-b6b0-4173-8249-6c4ff56c562c-GrpcLogAppender: Timed out HEARTBEAT appendEntries, errorCount=30, request=AppendEntriesRequest:cid=4631,entriesCount=0
2025-07-15 19:46:06,516 [main] INFO  ozone.MiniOzoneClusterImpl (MiniOzoneClusterImpl.java:lambda$waitForClusterToBeReady$0(173)) - Waiting for nodes to be ready. Got 9 of 10 DN Heartbeats.
2025-07-15 19:46:06,516 [main] INFO  ozone.MiniOzoneClusterImpl (MiniOzoneClusterImpl.java:lambda$waitForClusterToBeReady$0(176)) - Cluster exits safe mode
2025-07-15 19:46:06,516 [main] INFO  ozone.MiniOzoneClusterImpl (MiniOzoneClusterImpl.java:lambda$waitForClusterToBeReady$0(178)) - SCM became leader
2025-07-15 19:46:07,025 [EventQueue-HealthyReadonlyNodeForHealthyReadOnlyNodeHandler] INFO  node.HealthyReadOnlyNodeHandler (HealthyReadOnlyNodeHandler.java:onMessage(54)) - Datanode faa2b429-16a2-49fa-ab42-514c70ac334b(localhost/127.0.0.1) moved to HEALTHY READONLY state.
2025-07-15 19:46:07,025 [EventQueue-HealthyReadonlyNodeForHealthyReadOnlyNodeHandler] INFO  node.HealthyReadOnlyNodeHandler (HealthyReadOnlyNodeHandler.java:onMessage(86)) - Sending close command for pipeline Pipeline-4f81a5f5-7675-4903-8736-5ee77318bc33 in state CLOSED which uses HEALTHY_READONLY datanode faa2b429-16a2-49fa-ab42-514c70ac334b(localhost/127.0.0.1). This will send close commands for its containers.
2025-07-15 19:46:07,049 [timer4] WARN  server.GrpcLogAppender (GrpcLogAppender.java:timeoutAppendRequest(448)) - edffad61-d5a0-4c2f-abd3-1d848b9782f9@group-D4D9E1AFA3FC->262265f8-b6b0-4173-8249-6c4ff56c562c-GrpcLogAppender: Timed out HEARTBEAT appendEntries, errorCount=30, request=AppendEntriesRequest:cid=6991,entriesCount=0
2025-07-15 19:46:07,125 [EventQueue-HealthyReadonlyToHealthyNodeForReadOnlyHealthyToHealthyNodeHandler] INFO  node.ReadOnlyHealthyToHealthyNodeHandler (ReadOnlyHealthyToHealthyNodeHandler.java:onMessage(46)) - Datanode faa2b429-16a2-49fa-ab42-514c70ac334b(localhost/127.0.0.1) moved to HEALTHY state.
2025-07-15 19:46:07,125 [EventQueue-HealthyReadonlyToHealthyNodeForReadOnlyHealthyToHealthyNodeHandler] INFO  pipeline.BackgroundPipelineCreator (BackgroundPipelineCreator.java:notifyEventTriggered(290)) - trigger a one-shot run on RatisPipelineUtilsThread.
2025-07-15 19:46:07,126 [RatisPipelineUtilsThread-0] INFO  pipeline.RatisPipelineProvider (RatisPipelineProvider.java:lambda$create$0(208)) - Sending CreatePipelineCommand for pipeline:Pipeline-98918b16-2647-4468-8f6d-972f9fe9baca to datanode:faa2b429-16a2-49fa-ab42-514c70ac334b(localhost/127.0.0.1)
2025-07-15 19:46:07,128 [RatisPipelineUtilsThread-0] INFO  pipeline.BackgroundPipelineCreator (BackgroundPipelineCreator.java:createPipelines(246)) - Created new pipeline Pipeline{ Id: 98918b16-2647-4468-8f6d-972f9fe9baca, Nodes: [ {faa2b429-16a2-49fa-ab42-514c70ac334b(localhost/127.0.0.1), ReplicaIndex: 0},], ReplicationConfig: RATIS/ONE, State:ALLOCATED, leaderId:, CreationTimestamp2025-07-15T19:46:07.126311653Z[Etc/UTC]}
2025-07-15 19:46:07,128 [RatisPipelineUtilsThread-0] INFO  pipeline.RatisPipelineProvider (RatisPipelineProvider.java:lambda$create$0(208)) - Sending CreatePipelineCommand for pipeline:Pipeline-0d152ab0-b32d-48cc-898d-e8e671f522ee to datanode:072971cd-5d05-4d2d-80ca-509be4281031(localhost/127.0.0.1)
2025-07-15 19:46:07,129 [RatisPipelineUtilsThread-0] INFO  pipeline.RatisPipelineProvider (RatisPipelineProvider.java:lambda$create$0(208)) - Sending CreatePipelineCommand for pipeline:Pipeline-0d152ab0-b32d-48cc-898d-e8e671f522ee to datanode:faa2b429-16a2-49fa-ab42-514c70ac334b(localhost/127.0.0.1)
2025-07-15 19:46:07,129 [RatisPipelineUtilsThread-0] INFO  pipeline.RatisPipelineProvider (RatisPipelineProvider.java:lambda$create$0(208)) - Sending CreatePipelineCommand for pipeline:Pipeline-0d152ab0-b32d-48cc-898d-e8e671f522ee to datanode:99cb6aa4-ab14-4525-b571-11fa40308ff9(localhost/127.0.0.1)
2025-07-15 19:46:07,130 [RatisPipelineUtilsThread-0] INFO  pipeline.BackgroundPipelineCreator (BackgroundPipelineCreator.java:createPipelines(246)) - Created new pipeline Pipeline{ Id: 0d152ab0-b32d-48cc-898d-e8e671f522ee, Nodes: [ {072971cd-5d05-4d2d-80ca-509be4281031(localhost/127.0.0.1), ReplicaIndex: 0}, {faa2b429-16a2-49fa-ab42-514c70ac334b(localhost/127.0.0.1), ReplicaIndex: 0}, {99cb6aa4-ab14-4525-b571-11fa40308ff9(localhost/127.0.0.1), ReplicaIndex: 0},], ReplicationConfig: RATIS/THREE, State:ALLOCATED, leaderId:, CreationTimestamp2025-07-15T19:46:07.128963608Z[Etc/UTC]}
2025-07-15 19:46:07,130 [RatisPipelineUtilsThread-0] INFO  pipeline.RatisPipelineProvider (RatisPipelineProvider.java:lambda$create$0(208)) - Sending CreatePipelineCommand for pipeline:Pipeline-27cf4830-85f0-4be9-a26e-601fda285062 to datanode:262265f8-b6b0-4173-8249-6c4ff56c562c(localhost/127.0.0.1)
2025-07-15 19:46:07,131 [RatisPipelineUtilsThread-0] INFO  pipeline.BackgroundPipelineCreator (BackgroundPipelineCreator.java:createPipelines(246)) - Created new pipeline Pipeline{ Id: 27cf4830-85f0-4be9-a26e-601fda285062, Nodes: [ {262265f8-b6b0-4173-8249-6c4ff56c562c(localhost/127.0.0.1), ReplicaIndex: 0},], ReplicationConfig: RATIS/ONE, State:ALLOCATED, leaderId:, CreationTimestamp2025-07-15T19:46:07.130712547Z[Etc/UTC]}
2025-07-15 19:46:07,132 [RatisPipelineUtilsThread-0] INFO  pipeline.RatisPipelineProvider (RatisPipelineProvider.java:lambda$create$0(208)) - Sending CreatePipelineCommand for pipeline:Pipeline-96aac1d1-57dd-466c-a41c-60e9ee0a11f4 to datanode:1ed39f2b-ba05-41d4-bcbc-50acfb489962(localhost/127.0.0.1)
2025-07-15 19:46:07,132 [RatisPipelineUtilsThread-0] INFO  pipeline.RatisPipelineProvider (RatisPipelineProvider.java:lambda$create$0(208)) - Sending CreatePipelineCommand for pipeline:Pipeline-96aac1d1-57dd-466c-a41c-60e9ee0a11f4 to datanode:99cb6aa4-ab14-4525-b571-11fa40308ff9(localhost/127.0.0.1)
2025-07-15 19:46:07,132 [RatisPipelineUtilsThread-0] INFO  pipeline.RatisPipelineProvider (RatisPipelineProvider.java:lambda$create$0(208)) - Sending CreatePipelineCommand for pipeline:Pipeline-96aac1d1-57dd-466c-a41c-60e9ee0a11f4 to datanode:072971cd-5d05-4d2d-80ca-509be4281031(localhost/127.0.0.1)
2025-07-15 19:46:07,133 [RatisPipelineUtilsThread-0] INFO  pipeline.BackgroundPipelineCreator (BackgroundPipelineCreator.java:createPipelines(246)) - Created new pipeline Pipeline{ Id: 96aac1d1-57dd-466c-a41c-60e9ee0a11f4, Nodes: [ {1ed39f2b-ba05-41d4-bcbc-50acfb489962(localhost/127.0.0.1), ReplicaIndex: 0}, {99cb6aa4-ab14-4525-b571-11fa40308ff9(localhost/127.0.0.1), ReplicaIndex: 0}, {072971cd-5d05-4d2d-80ca-509be4281031(localhost/127.0.0.1), ReplicaIndex: 0},], ReplicationConfig: RATIS/THREE, State:ALLOCATED, leaderId:, CreationTimestamp2025-07-15T19:46:07.132420770Z[Etc/UTC]}
2025-07-15 19:46:07,517 [main] INFO  ozone.MiniOzoneClusterImpl (MiniOzoneClusterImpl.java:lambda$waitForClusterToBeReady$0(173)) - Nodes are ready. Got 10 of 10 DN Heartbeats.
2025-07-15 19:46:07,517 [main] INFO  ozone.MiniOzoneClusterImpl (MiniOzoneClusterImpl.java:lambda$waitForClusterToBeReady$0(176)) - Cluster exits safe mode
2025-07-15 19:46:07,517 [main] INFO  ozone.MiniOzoneClusterImpl (MiniOzoneClusterImpl.java:lambda$waitForClusterToBeReady$0(178)) - SCM became leader
2025-07-15 19:46:07,518 [main] WARN  keyvalue.KeyValueHandler (ContainerUtils.java:logAndReturnError(94)) - Operation: CloseContainer , Trace ID:  , Message: Cannot close container #7 while in UNHEALTHY state. , Result: CONTAINER_UNHEALTHY , StorageContainerException Occurred.
org.apache.hadoop.hdds.scm.container.common.helpers.StorageContainerException: Cannot close container #7 while in UNHEALTHY state.
	at org.apache.hadoop.ozone.container.keyvalue.KeyValueHandler.closeContainer(KeyValueHandler.java:1539)
	at org.apache.hadoop.ozone.container.keyvalue.KeyValueHandler.handleCloseContainer(KeyValueHandler.java:611)
	at org.apache.hadoop.ozone.container.keyvalue.KeyValueHandler.dispatchRequest(KeyValueHandler.java:328)
	at org.apache.hadoop.ozone.container.keyvalue.KeyValueHandler.handle(KeyValueHandler.java:293)
	at org.apache.hadoop.ozone.container.common.impl.HddsDispatcher.dispatchRequest(HddsDispatcher.java:365)
	at org.apache.hadoop.ozone.container.common.impl.HddsDispatcher.lambda$dispatch$1(HddsDispatcher.java:190)
	at org.apache.hadoop.hdds.server.OzoneProtocolMessageDispatcher.processRequest(OzoneProtocolMessageDispatcher.java:87)
	at org.apache.hadoop.ozone.container.common.impl.HddsDispatcher.dispatch(HddsDispatcher.java:189)
	at org.apache.hadoop.ozone.client.rpc.TestContainerStateMachineFailures.testUnhealthyContainer(TestContainerStateMachineFailures.java:451)
	at java.base/jdk.internal.reflect.DirectMethodHandleAccessor.invoke(DirectMethodHandleAccessor.java:103)
	at java.base/java.lang.reflect.Method.invoke(Method.java:580)
	at org.junit.platform.commons.util.ReflectionUtils.invokeMethod(ReflectionUtils.java:787)
	at org.junit.platform.commons.support.ReflectionSupport.invokeMethod(ReflectionSupport.java:478)
	at org.junit.jupiter.engine.execution.MethodInvocation.proceed(MethodInvocation.java:60)
	at org.junit.jupiter.engine.execution.InvocationInterceptorChain$ValidatingInvocation.proceed(InvocationInterceptorChain.java:131)
	at org.junit.jupiter.engine.extension.SameThreadTimeoutInvocation.proceed(SameThreadTimeoutInvocation.java:49)
	at org.junit.jupiter.engine.extension.TimeoutExtension.intercept(TimeoutExtension.java:161)
	at org.junit.jupiter.engine.extension.TimeoutExtension.interceptTestableMethod(TimeoutExtension.java:152)
	at org.junit.jupiter.engine.extension.TimeoutExtension.interceptTestMethod(TimeoutExtension.java:91)
	at org.junit.jupiter.engine.execution.InterceptingExecutableInvoker$ReflectiveInterceptorCall.lambda$ofVoidMethod$0(InterceptingExecutableInvoker.java:112)
	at org.junit.jupiter.engine.execution.InterceptingExecutableInvoker.lambda$invoke$0(InterceptingExecutableInvoker.java:94)
	at org.junit.jupiter.engine.execution.InvocationInterceptorChain$InterceptedInvocation.proceed(InvocationInterceptorChain.java:106)
	at org.junit.jupiter.engine.execution.InvocationInterceptorChain.proceed(InvocationInterceptorChain.java:64)
	at org.junit.jupiter.engine.execution.InvocationInterceptorChain.chainAndInvoke(InvocationInterceptorChain.java:45)
	at org.junit.jupiter.engine.execution.InvocationInterceptorChain.invoke(InvocationInterceptorChain.java:37)
	at org.junit.jupiter.engine.execution.InterceptingExecutableInvoker.invoke(InterceptingExecutableInvoker.java:93)
	at org.junit.jupiter.engine.execution.InterceptingExecutableInvoker.invoke(InterceptingExecutableInvoker.java:87)
	at org.junit.jupiter.engine.descriptor.TestMethodTestDescriptor.lambda$invokeTestMethod$4(TestMethodTestDescriptor.java:221)
	at org.junit.platform.engine.support.hierarchical.ThrowableCollector.execute(ThrowableCollector.java:73)
	at org.junit.jupiter.engine.descriptor.TestMethodTestDescriptor.invokeTestMethod(TestMethodTestDescriptor.java:217)
	at org.junit.jupiter.engine.descriptor.TestMethodTestDescriptor.execute(TestMethodTestDescriptor.java:159)
	at org.junit.jupiter.engine.descriptor.TestMethodTestDescriptor.execute(TestMethodTestDescriptor.java:70)
	at org.junit.platform.engine.support.hierarchical.NodeTestTask.lambda$executeRecursively$6(NodeTestTask.java:157)
	at org.junit.platform.engine.support.hierarchical.ThrowableCollector.execute(ThrowableCollector.java:73)
	at org.junit.platform.engine.support.hierarchical.NodeTestTask.lambda$executeRecursively$8(NodeTestTask.java:147)
	at org.junit.platform.engine.support.hierarchical.Node.around(Node.java:137)
	at org.junit.platform.engine.support.hierarchical.NodeTestTask.lambda$executeRecursively$9(NodeTestTask.java:145)
	at org.junit.platform.engine.support.hierarchical.ThrowableCollector.execute(ThrowableCollector.java:73)
	at org.junit.platform.engine.support.hierarchical.NodeTestTask.executeRecursively(NodeTestTask.java:144)
	at org.junit.platform.engine.support.hierarchical.NodeTestTask.execute(NodeTestTask.java:101)
	at java.base/java.util.ArrayList.forEach(ArrayList.java:1596)
	at org.junit.platform.engine.support.hierarchical.SameThreadHierarchicalTestExecutorService.invokeAll(SameThreadHierarchicalTestExecutorService.java:41)
	at org.junit.platform.engine.support.hierarchical.NodeTestTask.lambda$executeRecursively$6(NodeTestTask.java:161)
	at org.junit.platform.engine.support.hierarchical.ThrowableCollector.execute(ThrowableCollector.java:73)
	at org.junit.platform.engine.support.hierarchical.NodeTestTask.lambda$executeRecursively$8(NodeTestTask.java:147)
	at org.junit.platform.engine.support.hierarchical.Node.around(Node.java:137)
	at org.junit.platform.engine.support.hierarchical.NodeTestTask.lambda$executeRecursively$9(NodeTestTask.java:145)
	at org.junit.platform.engine.support.hierarchical.ThrowableCollector.execute(ThrowableCollector.java:73)
	at org.junit.platform.engine.support.hierarchical.NodeTestTask.executeRecursively(NodeTestTask.java:144)
	at org.junit.platform.engine.support.hierarchical.NodeTestTask.execute(NodeTestTask.java:101)
	at java.base/java.util.ArrayList.forEach(ArrayList.java:1596)
	at org.junit.platform.engine.support.hierarchical.SameThreadHierarchicalTestExecutorService.invokeAll(SameThreadHierarchicalTestExecutorService.java:41)
	at org.junit.platform.engine.support.hierarchical.NodeTestTask.lambda$executeRecursively$6(NodeTestTask.java:161)
	at org.junit.platform.engine.support.hierarchical.ThrowableCollector.execute(ThrowableCollector.java:73)
	at org.junit.platform.engine.support.hierarchical.NodeTestTask.lambda$executeRecursively$8(NodeTestTask.java:147)
	at org.junit.platform.engine.support.hierarchical.Node.around(Node.java:137)
	at org.junit.platform.engine.support.hierarchical.NodeTestTask.lambda$executeRecursively$9(NodeTestTask.java:145)
	at org.junit.platform.engine.support.hierarchical.ThrowableCollector.execute(ThrowableCollector.java:73)
	at org.junit.platform.engine.support.hierarchical.NodeTestTask.executeRecursively(NodeTestTask.java:144)
	at org.junit.platform.engine.support.hierarchical.NodeTestTask.execute(NodeTestTask.java:101)
	at org.junit.platform.engine.support.hierarchical.SameThreadHierarchicalTestExecutorService.submit(SameThreadHierarchicalTestExecutorService.java:35)
	at org.junit.platform.engine.support.hierarchical.HierarchicalTestExecutor.execute(HierarchicalTestExecutor.java:57)
	at org.junit.platform.engine.support.hierarchical.HierarchicalTestEngine.execute(HierarchicalTestEngine.java:54)
	at org.junit.platform.launcher.core.EngineExecutionOrchestrator.executeEngine(EngineExecutionOrchestrator.java:230)
	at org.junit.platform.launcher.core.EngineExecutionOrchestrator.failOrExecuteEngine(EngineExecutionOrchestrator.java:204)
	at org.junit.platform.launcher.core.EngineExecutionOrchestrator.execute(EngineExecutionOrchestrator.java:172)
	at org.junit.platform.launcher.core.EngineExecutionOrchestrator.execute(EngineExecutionOrchestrator.java:101)
	at org.junit.platform.launcher.core.EngineExecutionOrchestrator.lambda$execute$0(EngineExecutionOrchestrator.java:64)
	at org.junit.platform.launcher.core.EngineExecutionOrchestrator.withInterceptedStreams(EngineExecutionOrchestrator.java:150)
	at org.junit.platform.launcher.core.EngineExecutionOrchestrator.execute(EngineExecutionOrchestrator.java:63)
	at org.junit.platform.launcher.core.DefaultLauncher.execute(DefaultLauncher.java:109)
	at org.junit.platform.launcher.core.DefaultLauncher.execute(DefaultLauncher.java:91)
	at org.junit.platform.launcher.core.DelegatingLauncher.execute(DelegatingLauncher.java:47)
	at org.junit.platform.launcher.core.InterceptingLauncher.lambda$execute$1(InterceptingLauncher.java:39)
	at org.junit.platform.launcher.core.ClasspathAlignmentCheckingLauncherInterceptor.intercept(ClasspathAlignmentCheckingLauncherInterceptor.java:25)
	at org.junit.platform.launcher.core.InterceptingLauncher.execute(InterceptingLauncher.java:38)
	at org.junit.platform.launcher.core.DelegatingLauncher.execute(DelegatingLauncher.java:47)
	at org.apache.maven.surefire.junitplatform.LazyLauncher.execute(LazyLauncher.java:56)
	at org.apache.maven.surefire.junitplatform.JUnitPlatformProvider.execute(JUnitPlatformProvider.java:184)
	at org.apache.maven.surefire.junitplatform.JUnitPlatformProvider.invokeAllTests(JUnitPlatformProvider.java:148)
	at org.apache.maven.surefire.junitplatform.JUnitPlatformProvider.invoke(JUnitPlatformProvider.java:120)
	at org.apache.maven.surefire.booter.ForkedBooter.runSuitesInProcess(ForkedBooter.java:385)
	at org.apache.maven.surefire.booter.ForkedBooter.execute(ForkedBooter.java:162)
	at org.apache.maven.surefire.booter.ForkedBooter.run(ForkedBooter.java:507)
	at org.apache.maven.surefire.booter.ForkedBooter.main(ForkedBooter.java:495)
2025-07-15 19:46:07,519 [EventQueue-CloseContainerForCloseContainerEventHandler] INFO  container.CloseContainerEventHandler (CloseContainerEventHandler.java:onMessage(88)) - Close container Event triggered for container : #7, current state: CLOSING
2025-07-15T19:46:07.519979987Z main ERROR user=null | ip=null | op=CLOSE_CONTAINER {containerID=7} | ret=FAILURE
java.lang.Exception: Cannot close container #7 while in UNHEALTHY state.
	at org.apache.hadoop.ozone.container.common.impl.HddsDispatcher.dispatchRequest(HddsDispatcher.java:439)
	at org.apache.hadoop.ozone.container.common.impl.HddsDispatcher.lambda$dispatch$1(HddsDispatcher.java:190)
	at org.apache.hadoop.hdds.server.OzoneProtocolMessageDispatcher.processRequest(OzoneProtocolMessageDispatcher.java:87)
	at org.apache.hadoop.ozone.container.common.impl.HddsDispatcher.dispatch(HddsDispatcher.java:189)
	at org.apache.hadoop.ozone.client.rpc.TestContainerStateMachineFailures.testUnhealthyContainer(TestContainerStateMachineFailures.java:451)
	at java.base/jdk.internal.reflect.DirectMethodHandleAccessor.invoke(DirectMethodHandleAccessor.java:103)
	at java.base/java.lang.reflect.Method.invoke(Method.java:580)
	at org.junit.platform.commons.util.ReflectionUtils.invokeMethod(ReflectionUtils.java:787)
	at org.junit.platform.commons.support.ReflectionSupport.invokeMethod(ReflectionSupport.java:478)
	at org.junit.jupiter.engine.execution.MethodInvocation.proceed(MethodInvocation.java:60)
	at org.junit.jupiter.engine.execution.InvocationInterceptorChain$ValidatingInvocation.proceed(InvocationInterceptorChain.java:131)
	at org.junit.jupiter.engine.extension.SameThreadTimeoutInvocation.proceed(SameThreadTimeoutInvocation.java:49)
	at org.junit.jupiter.engine.extension.TimeoutExtension.intercept(TimeoutExtension.java:161)
	at org.junit.jupiter.engine.extension.TimeoutExtension.interceptTestableMethod(TimeoutExtension.java:152)
	at org.junit.jupiter.engine.extension.TimeoutExtension.interceptTestMethod(TimeoutExtension.java:91)
	at org.junit.jupiter.engine.execution.InterceptingExecutableInvoker$ReflectiveInterceptorCall.lambda$ofVoidMethod$0(InterceptingExecutableInvoker.java:112)
	at org.junit.jupiter.engine.execution.InterceptingExecutableInvoker.lambda$invoke$0(InterceptingExecutableInvoker.java:94)
	at org.junit.jupiter.engine.execution.InvocationInterceptorChain$InterceptedInvocation.proceed(InvocationInterceptorChain.java:106)
	at org.junit.jupiter.engine.execution.InvocationInterceptorChain.proceed(InvocationInterceptorChain.java:64)
	at org.junit.jupiter.engine.execution.InvocationInterceptorChain.chainAndInvoke(InvocationInterceptorChain.java:45)
	at org.junit.jupiter.engine.execution.InvocationInterceptorChain.invoke(InvocationInterceptorChain.java:37)
	at org.junit.jupiter.engine.execution.InterceptingExecutableInvoker.invoke(InterceptingExecutableInvoker.java:93)
	at org.junit.jupiter.engine.execution.InterceptingExecutableInvoker.invoke(InterceptingExecutableInvoker.java:87)
	at org.junit.jupiter.engine.descriptor.TestMethodTestDescriptor.lambda$invokeTestMethod$4(TestMethodTestDescriptor.java:221)
	at org.junit.platform.engine.support.hierarchical.ThrowableCollector.execute(ThrowableCollector.java:73)
	at org.junit.jupiter.engine.descriptor.TestMethodTestDescriptor.invokeTestMethod(TestMethodTestDescriptor.java:217)
	at org.junit.jupiter.engine.descriptor.TestMethodTestDescriptor.execute(TestMethodTestDescriptor.java:159)
	at org.junit.jupiter.engine.descriptor.TestMethodTestDescriptor.execute(TestMethodTestDescriptor.java:70)
	at org.junit.platform.engine.support.hierarchical.NodeTestTask.lambda$executeRecursively$6(NodeTestTask.java:157)
	at org.junit.platform.engine.support.hierarchical.ThrowableCollector.execute(ThrowableCollector.java:73)
	at org.junit.platform.engine.support.hierarchical.NodeTestTask.lambda$executeRecursively$8(NodeTestTask.java:147)
	at org.junit.platform.engine.support.hierarchical.Node.around(Node.java:137)
	at org.junit.platform.engine.support.hierarchical.NodeTestTask.lambda$executeRecursively$9(NodeTestTask.java:145)
	at org.junit.platform.engine.support.hierarchical.ThrowableCollector.execute(ThrowableCollector.java:73)
	at org.junit.platform.engine.support.hierarchical.NodeTestTask.executeRecursively(NodeTestTask.java:144)
	at org.junit.platform.engine.support.hierarchical.NodeTestTask.execute(NodeTestTask.java:101)
	at java.base/java.util.ArrayList.forEach(ArrayList.java:1596)
	at org.junit.platform.engine.support.hierarchical.SameThreadHierarchicalTestExecutorService.invokeAll(SameThreadHierarchicalTestExecutorService.java:41)
	at org.junit.platform.engine.support.hierarchical.NodeTestTask.lambda$executeRecursively$6(NodeTestTask.java:161)
	at org.junit.platform.engine.support.hierarchical.ThrowableCollector.execute(ThrowableCollector.java:73)
	at org.junit.platform.engine.support.hierarchical.NodeTestTask.lambda$executeRecursively$8(NodeTestTask.java:147)
	at org.junit.platform.engine.support.hierarchical.Node.around(Node.java:137)
	at org.junit.platform.engine.support.hierarchical.NodeTestTask.lambda$executeRecursively$9(NodeTestTask.java:145)
	at org.junit.platform.engine.support.hierarchical.ThrowableCollector.execute(ThrowableCollector.java:73)
	at org.junit.platform.engine.support.hierarchical.NodeTestTask.executeRecursively(NodeTestTask.java:144)
	at org.junit.platform.engine.support.hierarchical.NodeTestTask.execute(NodeTestTask.java:101)
	at java.base/java.util.ArrayList.forEach(ArrayList.java:1596)
	at org.junit.platform.engine.support.hierarchical.SameThreadHierarchicalTestExecutorService.invokeAll(SameThreadHierarchicalTestExecutorService.java:41)
	at org.junit.platform.engine.support.hierarchical.NodeTestTask.lambda$executeRecursively$6(NodeTestTask.java:161)
	at org.junit.platform.engine.support.hierarchical.ThrowableCollector.execute(ThrowableCollector.java:73)
	at org.junit.platform.engine.support.hierarchical.NodeTestTask.lambda$executeRecursively$8(NodeTestTask.java:147)
	at org.junit.platform.engine.support.hierarchical.Node.around(Node.java:137)
	at org.junit.platform.engine.support.hierarchical.NodeTestTask.lambda$executeRecursively$9(NodeTestTask.java:145)
	at org.junit.platform.engine.support.hierarchical.ThrowableCollector.execute(ThrowableCollector.java:73)
	at org.junit.platform.engine.support.hierarchical.NodeTestTask.executeRecursively(NodeTestTask.java:144)
	at org.junit.platform.engine.support.hierarchical.NodeTestTask.execute(NodeTestTask.java:101)
	at org.junit.platform.engine.support.hierarchical.SameThreadHierarchicalTestExecutorService.submit(SameThreadHierarchicalTestExecutorService.java:35)
	at org.junit.platform.engine.support.hierarchical.HierarchicalTestExecutor.execute(HierarchicalTestExecutor.java:57)
	at org.junit.platform.engine.support.hierarchical.HierarchicalTestEngine.execute(HierarchicalTestEngine.java:54)
	at org.junit.platform.launcher.core.EngineExecutionOrchestrator.executeEngine(EngineExecutionOrchestrator.java:230)
	at org.junit.platform.launcher.core.EngineExecutionOrchestrator.failOrExecuteEngine(EngineExecutionOrchestrator.java:204)
	at org.junit.platform.launcher.core.EngineExecutionOrchestrator.execute(EngineExecutionOrchestrator.java:172)
	at org.junit.platform.launcher.core.EngineExecutionOrchestrator.execute(EngineExecutionOrchestrator.java:101)
	at org.junit.platform.launcher.core.EngineExecutionOrchestrator.lambda$execute$0(EngineExecutionOrchestrator.java:64)
	at org.junit.platform.launcher.core.EngineExecutionOrchestrator.withInterceptedStreams(EngineExecutionOrchestrator.java:150)
	at org.junit.platform.launcher.core.EngineExecutionOrchestrator.execute(EngineExecutionOrchestrator.java:63)
	at org.junit.platform.launcher.core.DefaultLauncher.execute(DefaultLauncher.java:109)
	at org.junit.platform.launcher.core.DefaultLauncher.execute(DefaultLauncher.java:91)
	at org.junit.platform.launcher.core.DelegatingLauncher.execute(DelegatingLauncher.java:47)
	at org.junit.platform.launcher.core.InterceptingLauncher.lambda$execute$1(InterceptingLauncher.java:39)
	at org.junit.platform.launcher.core.ClasspathAlignmentCheckingLauncherInterceptor.intercept(ClasspathAlignmentCheckingLauncherInterceptor.java:25)
	at org.junit.platform.launcher.core.InterceptingLauncher.execute(InterceptingLauncher.java:38)
	at org.junit.platform.launcher.core.DelegatingLauncher.execute(DelegatingLauncher.java:47)
	at org.apache.maven.surefire.junitplatform.LazyLauncher.execute(LazyLauncher.java:56)
	at org.apache.maven.surefire.junitplatform.JUnitPlatformProvider.execute(JUnitPlatformProvider.java:184)
	at org.apache.maven.surefire.junitplatform.JUnitPlatformProvider.invokeAllTests(JUnitPlatformProvider.java:148)
	at org.apache.maven.surefire.junitplatform.JUnitPlatformProvider.invoke(JUnitPlatformProvider.java:120)
	at org.apache.maven.surefire.booter.ForkedBooter.runSuitesInProcess(ForkedBooter.java:385)
	at org.apache.maven.surefire.booter.ForkedBooter.execute(ForkedBooter.java:162)
	at org.apache.maven.surefire.booter.ForkedBooter.run(ForkedBooter.java:507)
	at org.apache.maven.surefire.booter.ForkedBooter.main(ForkedBooter.java:495)
]]></system-out>
  </testcase>
  <testcase name="testContainerStateMachineDualFailureRetry" classname="org.apache.hadoop.ozone.client.rpc.TestContainerStateMachineFailures" time="21.185">
    <system-out><![CDATA[2025-07-15 19:46:07,546 [grpc-default-executor-1] WARN  server.GrpcServerProtocolService (LogUtils.java:warn(129)) - 262265f8-b6b0-4173-8249-6c4ff56c562c: Failed APPEND_ENTRIES request edffad61-d5a0-4c2f-abd3-1d848b9782f9->262265f8-b6b0-4173-8249-6c4ff56c562c#6994-t1,previous=(t:1, i:0),leaderCommit=0,initializing? false,entries: size=2, first=(t:1, i:1), STATEMACHINELOGENTRY, WRITE: logData.size=154, stateMachineData.size=5, logEntryProtoSerializedSize=0
java.util.concurrent.CompletionException: org.apache.ratis.protocol.exceptions.GroupMismatchException: 262265f8-b6b0-4173-8249-6c4ff56c562c: group-D4D9E1AFA3FC not found.
	at java.base/java.util.concurrent.CompletableFuture.encodeThrowable(CompletableFuture.java:332)
	at java.base/java.util.concurrent.CompletableFuture.uniComposeStage(CompletableFuture.java:1177)
	at java.base/java.util.concurrent.CompletableFuture.thenCompose(CompletableFuture.java:2341)
	at org.apache.ratis.server.impl.RaftServerProxy.appendEntriesAsync(RaftServerProxy.java:651)
	at org.apache.ratis.grpc.server.GrpcServerProtocolService$1.process(GrpcServerProtocolService.java:245)
	at org.apache.ratis.grpc.server.GrpcServerProtocolService$1.process(GrpcServerProtocolService.java:242)
	at org.apache.ratis.grpc.server.GrpcServerProtocolService$ServerRequestStreamObserver.onNext(GrpcServerProtocolService.java:150)
	at org.apache.ratis.thirdparty.io.grpc.stub.ServerCalls$StreamingServerCallHandler$StreamingServerCallListener.onMessage(ServerCalls.java:262)
	at org.apache.ratis.thirdparty.io.grpc.internal.ServerCallImpl$ServerStreamListenerImpl.messagesAvailableInternal(ServerCallImpl.java:334)
	at org.apache.ratis.thirdparty.io.grpc.internal.ServerCallImpl$ServerStreamListenerImpl.messagesAvailable(ServerCallImpl.java:319)
	at org.apache.ratis.thirdparty.io.grpc.internal.ServerImpl$JumpToApplicationThreadServerStreamListener$1MessagesAvailable.runInContext(ServerImpl.java:834)
	at org.apache.ratis.thirdparty.io.grpc.internal.ContextRunnable.run(ContextRunnable.java:37)
	at org.apache.ratis.thirdparty.io.grpc.internal.SerializingExecutor.run(SerializingExecutor.java:133)
	at java.base/java.util.concurrent.ThreadPoolExecutor.runWorker(ThreadPoolExecutor.java:1144)
	at java.base/java.util.concurrent.ThreadPoolExecutor$Worker.run(ThreadPoolExecutor.java:642)
	at java.base/java.lang.Thread.run(Thread.java:1583)
Caused by: org.apache.ratis.protocol.exceptions.GroupMismatchException: 262265f8-b6b0-4173-8249-6c4ff56c562c: group-D4D9E1AFA3FC not found.
	at org.apache.ratis.server.impl.RaftServerProxy$ImplMap.get(RaftServerProxy.java:160)
	at org.apache.ratis.server.impl.RaftServerProxy.getImplFuture(RaftServerProxy.java:370)
	at org.apache.ratis.server.impl.RaftServerProxy.appendEntriesAsync(RaftServerProxy.java:650)
	... 12 more
2025-07-15 19:46:07,549 [grpc-default-executor-1] WARN  server.GrpcLogAppender (LogUtils.java:warn(129)) - edffad61-d5a0-4c2f-abd3-1d848b9782f9@group-D4D9E1AFA3FC->262265f8-b6b0-4173-8249-6c4ff56c562c-AppendLogResponseHandler: Failed appendEntries
org.apache.ratis.protocol.exceptions.GroupMismatchException: 262265f8-b6b0-4173-8249-6c4ff56c562c: group-D4D9E1AFA3FC not found.
	at org.apache.ratis.server.impl.RaftServerProxy$ImplMap.get(RaftServerProxy.java:160)
	at org.apache.ratis.server.impl.RaftServerProxy.getImplFuture(RaftServerProxy.java:370)
	at org.apache.ratis.server.impl.RaftServerProxy.appendEntriesAsync(RaftServerProxy.java:650)
	at org.apache.ratis.grpc.server.GrpcServerProtocolService$1.process(GrpcServerProtocolService.java:245)
	at org.apache.ratis.grpc.server.GrpcServerProtocolService$1.process(GrpcServerProtocolService.java:242)
	at org.apache.ratis.grpc.server.GrpcServerProtocolService$ServerRequestStreamObserver.onNext(GrpcServerProtocolService.java:150)
	at org.apache.ratis.thirdparty.io.grpc.stub.ServerCalls$StreamingServerCallHandler$StreamingServerCallListener.onMessage(ServerCalls.java:262)
	at org.apache.ratis.thirdparty.io.grpc.internal.ServerCallImpl$ServerStreamListenerImpl.messagesAvailableInternal(ServerCallImpl.java:334)
	at org.apache.ratis.thirdparty.io.grpc.internal.ServerCallImpl$ServerStreamListenerImpl.messagesAvailable(ServerCallImpl.java:319)
	at org.apache.ratis.thirdparty.io.grpc.internal.ServerImpl$JumpToApplicationThreadServerStreamListener$1MessagesAvailable.runInContext(ServerImpl.java:834)
	at org.apache.ratis.thirdparty.io.grpc.internal.ContextRunnable.run(ContextRunnable.java:37)
	at org.apache.ratis.thirdparty.io.grpc.internal.SerializingExecutor.run(SerializingExecutor.java:133)
	at java.base/java.util.concurrent.ThreadPoolExecutor.runWorker(ThreadPoolExecutor.java:1144)
	at java.base/java.util.concurrent.ThreadPoolExecutor$Worker.run(ThreadPoolExecutor.java:642)
	at java.base/java.lang.Thread.run(Thread.java:1583)
2025-07-15 19:46:07,549 [grpc-default-executor-1] INFO  leader.LogAppender (LogAppenderBase.java:lambda$getNextIndexForError$0(215)) - Decrease nextIndex to 1
2025-07-15 19:46:07,549 [grpc-default-executor-1] INFO  leader.LogAppender (LogAppenderBase.java:lambda$getNextIndexForError$0(215)) - Decrease nextIndex to 1
2025-07-15 19:46:07,549 [grpc-default-executor-1] INFO  leader.FollowerInfo (FollowerInfoImpl.java:info(70)) - edffad61-d5a0-4c2f-abd3-1d848b9782f9@group-D4D9E1AFA3FC->262265f8-b6b0-4173-8249-6c4ff56c562c: computeNextIndex nextIndex: updateUnconditionally 3 -> 1
2025-07-15 19:46:07,557 [grpc-default-executor-0] WARN  server.GrpcServerProtocolService (LogUtils.java:warn(129)) - 262265f8-b6b0-4173-8249-6c4ff56c562c: Failed APPEND_ENTRIES request edffad61-d5a0-4c2f-abd3-1d848b9782f9->262265f8-b6b0-4173-8249-6c4ff56c562c#6995-t1,previous=(t:1, i:0),leaderCommit=1,initializing? false,entries: size=3, first=(t:1, i:1), STATEMACHINELOGENTRY, WRITE: logData.size=154, stateMachineData.size=5, logEntryProtoSerializedSize=0
java.util.concurrent.CompletionException: org.apache.ratis.protocol.exceptions.GroupMismatchException: 262265f8-b6b0-4173-8249-6c4ff56c562c: group-D4D9E1AFA3FC not found.
	at java.base/java.util.concurrent.CompletableFuture.encodeThrowable(CompletableFuture.java:332)
	at java.base/java.util.concurrent.CompletableFuture.uniComposeStage(CompletableFuture.java:1177)
	at java.base/java.util.concurrent.CompletableFuture.thenCompose(CompletableFuture.java:2341)
	at org.apache.ratis.server.impl.RaftServerProxy.appendEntriesAsync(RaftServerProxy.java:651)
	at org.apache.ratis.grpc.server.GrpcServerProtocolService$1.process(GrpcServerProtocolService.java:245)
	at org.apache.ratis.grpc.server.GrpcServerProtocolService$1.process(GrpcServerProtocolService.java:242)
	at org.apache.ratis.grpc.server.GrpcServerProtocolService$ServerRequestStreamObserver.onNext(GrpcServerProtocolService.java:150)
	at org.apache.ratis.thirdparty.io.grpc.stub.ServerCalls$StreamingServerCallHandler$StreamingServerCallListener.onMessage(ServerCalls.java:262)
	at org.apache.ratis.thirdparty.io.grpc.internal.ServerCallImpl$ServerStreamListenerImpl.messagesAvailableInternal(ServerCallImpl.java:334)
	at org.apache.ratis.thirdparty.io.grpc.internal.ServerCallImpl$ServerStreamListenerImpl.messagesAvailable(ServerCallImpl.java:319)
	at org.apache.ratis.thirdparty.io.grpc.internal.ServerImpl$JumpToApplicationThreadServerStreamListener$1MessagesAvailable.runInContext(ServerImpl.java:834)
	at org.apache.ratis.thirdparty.io.grpc.internal.ContextRunnable.run(ContextRunnable.java:37)
	at org.apache.ratis.thirdparty.io.grpc.internal.SerializingExecutor.run(SerializingExecutor.java:133)
	at java.base/java.util.concurrent.ThreadPoolExecutor.runWorker(ThreadPoolExecutor.java:1144)
	at java.base/java.util.concurrent.ThreadPoolExecutor$Worker.run(ThreadPoolExecutor.java:642)
	at java.base/java.lang.Thread.run(Thread.java:1583)
Caused by: org.apache.ratis.protocol.exceptions.GroupMismatchException: 262265f8-b6b0-4173-8249-6c4ff56c562c: group-D4D9E1AFA3FC not found.
	at org.apache.ratis.server.impl.RaftServerProxy$ImplMap.get(RaftServerProxy.java:160)
	at org.apache.ratis.server.impl.RaftServerProxy.getImplFuture(RaftServerProxy.java:370)
	at org.apache.ratis.server.impl.RaftServerProxy.appendEntriesAsync(RaftServerProxy.java:650)
	... 12 more
2025-07-15 19:46:07,558 [edffad61-d5a0-4c2f-abd3-1d848b9782f9@group-D4D9E1AFA3FC-StateMachineUpdater] INFO  ratis.ContainerStateMachine (ContainerStateMachine.java:takeSnapshot(427)) - group-D4D9E1AFA3FC: Taking a snapshot at:(t:1, i:2) file /home/runner/work/ozone/ozone/hadoop-ozone/integration-test/target/test-dir/MiniOzoneClusterImpl-7a2c00ee-15e1-4921-aa6b-526c14ec89d8/ozone-meta/datanode-9/ratis/f182326e-4933-482b-ba7e-d4d9e1afa3fc/sm/snapshot.1_2
2025-07-15 19:46:07,560 [grpc-default-executor-0] INFO  leader.LogAppender (LogAppenderBase.java:lambda$getNextIndexForError$0(215)) - Decrease nextIndex to 1
2025-07-15 19:46:07,561 [grpc-default-executor-0] INFO  leader.LogAppender (LogAppenderBase.java:lambda$getNextIndexForError$0(215)) - Decrease nextIndex to 1
2025-07-15 19:46:07,561 [grpc-default-executor-0] INFO  leader.FollowerInfo (FollowerInfoImpl.java:info(70)) - edffad61-d5a0-4c2f-abd3-1d848b9782f9@group-D4D9E1AFA3FC->262265f8-b6b0-4173-8249-6c4ff56c562c: computeNextIndex nextIndex: updateUnconditionally 4 -> 1
2025-07-15 19:46:07,561 [73892b45-0ad3-4392-8d09-ab2d1cd7ede4@group-D4D9E1AFA3FC-StateMachineUpdater] INFO  ratis.ContainerStateMachine (ContainerStateMachine.java:takeSnapshot(427)) - group-D4D9E1AFA3FC: Taking a snapshot at:(t:1, i:2) file /home/runner/work/ozone/ozone/hadoop-ozone/integration-test/target/test-dir/MiniOzoneClusterImpl-7a2c00ee-15e1-4921-aa6b-526c14ec89d8/ozone-meta/datanode-8/ratis/f182326e-4933-482b-ba7e-d4d9e1afa3fc/sm/snapshot.1_2
2025-07-15 19:46:07,562 [73892b45-0ad3-4392-8d09-ab2d1cd7ede4@group-D4D9E1AFA3FC-StateMachineUpdater] INFO  ratis.ContainerStateMachine (ContainerStateMachine.java:takeSnapshot(436)) - group-D4D9E1AFA3FC: Finished taking a snapshot at:(t:1, i:2) file:/home/runner/work/ozone/ozone/hadoop-ozone/integration-test/target/test-dir/MiniOzoneClusterImpl-7a2c00ee-15e1-4921-aa6b-526c14ec89d8/ozone-meta/datanode-8/ratis/f182326e-4933-482b-ba7e-d4d9e1afa3fc/sm/snapshot.1_2 took: 1 ms
2025-07-15 19:46:07,562 [edffad61-d5a0-4c2f-abd3-1d848b9782f9@group-D4D9E1AFA3FC-StateMachineUpdater] INFO  ratis.ContainerStateMachine (ContainerStateMachine.java:takeSnapshot(436)) - group-D4D9E1AFA3FC: Finished taking a snapshot at:(t:1, i:2) file:/home/runner/work/ozone/ozone/hadoop-ozone/integration-test/target/test-dir/MiniOzoneClusterImpl-7a2c00ee-15e1-4921-aa6b-526c14ec89d8/ozone-meta/datanode-9/ratis/f182326e-4933-482b-ba7e-d4d9e1afa3fc/sm/snapshot.1_2 took: 4 ms
2025-07-15 19:46:07,563 [edffad61-d5a0-4c2f-abd3-1d848b9782f9@group-D4D9E1AFA3FC-StateMachineUpdater] INFO  impl.StateMachineUpdater (StateMachineUpdater.java:takeSnapshot(307)) - edffad61-d5a0-4c2f-abd3-1d848b9782f9@group-D4D9E1AFA3FC-StateMachineUpdater: Took a snapshot at index 2
2025-07-15 19:46:07,563 [edffad61-d5a0-4c2f-abd3-1d848b9782f9@group-D4D9E1AFA3FC-StateMachineUpdater] INFO  impl.StateMachineUpdater (StateMachineUpdater.java:lambda$new$0(101)) - edffad61-d5a0-4c2f-abd3-1d848b9782f9@group-D4D9E1AFA3FC-StateMachineUpdater: snapshotIndex: updateIncreasingly 0 -> 2
2025-07-15 19:46:07,563 [73892b45-0ad3-4392-8d09-ab2d1cd7ede4@group-D4D9E1AFA3FC-StateMachineUpdater] INFO  impl.StateMachineUpdater (StateMachineUpdater.java:takeSnapshot(307)) - 73892b45-0ad3-4392-8d09-ab2d1cd7ede4@group-D4D9E1AFA3FC-StateMachineUpdater: Took a snapshot at index 2
2025-07-15 19:46:07,563 [edffad61-d5a0-4c2f-abd3-1d848b9782f9@group-D4D9E1AFA3FC-StateMachineUpdater] INFO  ratis.ContainerStateMachine (ContainerStateMachine.java:takeSnapshot(427)) - group-D4D9E1AFA3FC: Taking a snapshot at:(t:1, i:4) file /home/runner/work/ozone/ozone/hadoop-ozone/integration-test/target/test-dir/MiniOzoneClusterImpl-7a2c00ee-15e1-4921-aa6b-526c14ec89d8/ozone-meta/datanode-9/ratis/f182326e-4933-482b-ba7e-d4d9e1afa3fc/sm/snapshot.1_4
2025-07-15 19:46:07,563 [73892b45-0ad3-4392-8d09-ab2d1cd7ede4@group-D4D9E1AFA3FC-StateMachineUpdater] INFO  impl.StateMachineUpdater (StateMachineUpdater.java:lambda$new$0(101)) - 73892b45-0ad3-4392-8d09-ab2d1cd7ede4@group-D4D9E1AFA3FC-StateMachineUpdater: snapshotIndex: updateIncreasingly 0 -> 2
2025-07-15 19:46:07,565 [edffad61-d5a0-4c2f-abd3-1d848b9782f9@group-D4D9E1AFA3FC-StateMachineUpdater] INFO  ratis.ContainerStateMachine (ContainerStateMachine.java:takeSnapshot(436)) - group-D4D9E1AFA3FC: Finished taking a snapshot at:(t:1, i:4) file:/home/runner/work/ozone/ozone/hadoop-ozone/integration-test/target/test-dir/MiniOzoneClusterImpl-7a2c00ee-15e1-4921-aa6b-526c14ec89d8/ozone-meta/datanode-9/ratis/f182326e-4933-482b-ba7e-d4d9e1afa3fc/sm/snapshot.1_4 took: 2 ms
2025-07-15 19:46:07,565 [edffad61-d5a0-4c2f-abd3-1d848b9782f9@group-D4D9E1AFA3FC-StateMachineUpdater] INFO  impl.StateMachineUpdater (StateMachineUpdater.java:takeSnapshot(307)) - edffad61-d5a0-4c2f-abd3-1d848b9782f9@group-D4D9E1AFA3FC-StateMachineUpdater: Took a snapshot at index 4
2025-07-15 19:46:07,565 [edffad61-d5a0-4c2f-abd3-1d848b9782f9@group-D4D9E1AFA3FC-StateMachineUpdater] INFO  impl.StateMachineUpdater (StateMachineUpdater.java:lambda$new$0(101)) - edffad61-d5a0-4c2f-abd3-1d848b9782f9@group-D4D9E1AFA3FC-StateMachineUpdater: snapshotIndex: updateIncreasingly 2 -> 4
2025-07-15 19:46:07,994 [262265f8-b6b0-4173-8249-6c4ff56c562c-PipelineCommandHandlerThread-0] INFO  server.RaftServer (RaftServerProxy.java:addNew(105)) - 262265f8-b6b0-4173-8249-6c4ff56c562c: addNew group-601FDA285062:[262265f8-b6b0-4173-8249-6c4ff56c562c|127.0.0.1:15063] returns group-601FDA285062:java.util.concurrent.CompletableFuture@3dc3b4d6[Not completed]
2025-07-15 19:46:07,996 [262265f8-b6b0-4173-8249-6c4ff56c562c-groupManagement] INFO  server.RaftServer$Division (RaftServerImpl.java:<init>(268)) - 262265f8-b6b0-4173-8249-6c4ff56c562c: new RaftServerImpl for group-601FDA285062:[262265f8-b6b0-4173-8249-6c4ff56c562c|127.0.0.1:15063] with ContainerStateMachine:uninitialized
2025-07-15 19:46:07,996 [262265f8-b6b0-4173-8249-6c4ff56c562c-groupManagement] INFO  server.RaftServer$Division (ServerState.java:<init>(114)) - 262265f8-b6b0-4173-8249-6c4ff56c562c@group-601FDA285062: ConfigurationManager, init=conf: {index: -1, cur=peers:[262265f8-b6b0-4173-8249-6c4ff56c562c|127.0.0.1:15063]|listeners:[], old=null}, confs=<EMPTY_MAP>
2025-07-15 19:46:07,999 [262265f8-b6b0-4173-8249-6c4ff56c562c-groupManagement] INFO  server.RaftServerConfigKeys (ConfUtils.java:logGet(62)) - raft.server.storage.dir = [/home/runner/work/ozone/ozone/hadoop-ozone/integration-test/target/test-dir/MiniOzoneClusterImpl-7a2c00ee-15e1-4921-aa6b-526c14ec89d8/ozone-meta/datanode-7/ratisd3c09cfe-1d0a-4dc8-8ed0-5b6543917d40] (custom)
2025-07-15 19:46:07,999 [262265f8-b6b0-4173-8249-6c4ff56c562c-groupManagement] INFO  storage.RaftStorageDirectory (RaftStorageDirectoryImpl.java:analyzeStorage(138)) - The storage directory /home/runner/work/ozone/ozone/hadoop-ozone/integration-test/target/test-dir/MiniOzoneClusterImpl-7a2c00ee-15e1-4921-aa6b-526c14ec89d8/ozone-meta/datanode-7/ratisd3c09cfe-1d0a-4dc8-8ed0-5b6543917d40/27cf4830-85f0-4be9-a26e-601fda285062 does not exist. Creating ...
2025-07-15 19:46:08,001 [262265f8-b6b0-4173-8249-6c4ff56c562c-groupManagement] INFO  storage.RaftStorageDirectory (RaftStorageDirectoryImpl.java:tryLock(229)) - Lock on /home/runner/work/ozone/ozone/hadoop-ozone/integration-test/target/test-dir/MiniOzoneClusterImpl-7a2c00ee-15e1-4921-aa6b-526c14ec89d8/ozone-meta/datanode-7/ratisd3c09cfe-1d0a-4dc8-8ed0-5b6543917d40/27cf4830-85f0-4be9-a26e-601fda285062/in_use.lock acquired by nodename 18953@localhost
2025-07-15 19:46:08,002 [262265f8-b6b0-4173-8249-6c4ff56c562c-groupManagement] INFO  storage.RaftStorage (RaftStorageImpl.java:format(98)) - Storage directory /home/runner/work/ozone/ozone/hadoop-ozone/integration-test/target/test-dir/MiniOzoneClusterImpl-7a2c00ee-15e1-4921-aa6b-526c14ec89d8/ozone-meta/datanode-7/ratisd3c09cfe-1d0a-4dc8-8ed0-5b6543917d40/27cf4830-85f0-4be9-a26e-601fda285062 has been successfully formatted.
2025-07-15 19:46:08,002 [262265f8-b6b0-4173-8249-6c4ff56c562c-groupManagement] INFO  ratis.ContainerStateMachine (ContainerStateMachine.java:initialize(339)) - 262265f8-b6b0-4173-8249-6c4ff56c562c: initialize group-601FDA285062
2025-07-15 19:46:08,002 [262265f8-b6b0-4173-8249-6c4ff56c562c-groupManagement] INFO  ratis.ContainerStateMachine (ContainerStateMachine.java:loadSnapshot(347)) - group-601FDA285062: The snapshot info is null. Setting the last applied index to:<INITIAL_VALUE>
2025-07-15 19:46:08,002 [262265f8-b6b0-4173-8249-6c4ff56c562c-groupManagement] INFO  server.RaftServerConfigKeys (ConfUtils.java:logGet(62)) - raft.server.log.appender.buffer.byte-limit = 33554432 (custom)
2025-07-15 19:46:08,004 [262265f8-b6b0-4173-8249-6c4ff56c562c-groupManagement] INFO  server.RaftServerConfigKeys (ConfUtils.java:logGet(62)) - raft.server.log.segment.size.max = 67108864 (custom)
2025-07-15 19:46:08,004 [EventQueue-PipelineReportForPipelineReportHandler] INFO  pipeline.PipelineReportHandler (PipelineReportHandler.java:processPipelineReport(134)) - Opened pipeline Pipeline-27cf4830-85f0-4be9-a26e-601fda285062
2025-07-15 19:46:08,004 [262265f8-b6b0-4173-8249-6c4ff56c562c-groupManagement] INFO  server.RaftServerConfigKeys (ConfUtils.java:logGet(62)) - raft.server.log.appender.buffer.byte-limit = 33554432 (custom)
2025-07-15 19:46:08,005 [262265f8-b6b0-4173-8249-6c4ff56c562c-groupManagement] INFO  util.AwaitToRun (AwaitToRun.java:start(81)) - Thread[#1986,262265f8-b6b0-4173-8249-6c4ff56c562c@group-601FDA285062-cacheEviction-AwaitToRun,5,main] started
2025-07-15 19:46:08,005 [262265f8-b6b0-4173-8249-6c4ff56c562c-groupManagement] INFO  segmented.SegmentedRaftLogWorker (SegmentedRaftLogWorker.java:<init>(190)) - new 262265f8-b6b0-4173-8249-6c4ff56c562c@group-601FDA285062-SegmentedRaftLogWorker for RaftStorageImpl:Storage Directory /home/runner/work/ozone/ozone/hadoop-ozone/integration-test/target/test-dir/MiniOzoneClusterImpl-7a2c00ee-15e1-4921-aa6b-526c14ec89d8/ozone-meta/datanode-7/ratisd3c09cfe-1d0a-4dc8-8ed0-5b6543917d40/27cf4830-85f0-4be9-a26e-601fda285062
2025-07-15 19:46:08,005 [262265f8-b6b0-4173-8249-6c4ff56c562c-groupManagement] INFO  server.RaftServerConfigKeys (ConfUtils.java:logGet(62)) - raft.server.log.queue.byte-limit = 4294967296 (custom)
2025-07-15 19:46:08,005 [262265f8-b6b0-4173-8249-6c4ff56c562c-groupManagement] INFO  server.RaftServerConfigKeys (ConfUtils.java:logGet(62)) - raft.server.log.segment.size.max = 67108864 (custom)
2025-07-15 19:46:08,005 [262265f8-b6b0-4173-8249-6c4ff56c562c-groupManagement] INFO  server.RaftServerConfigKeys (ConfUtils.java:logGet(62)) - raft.server.log.preallocated.size = 4194304 (custom)
2025-07-15 19:46:08,005 [262265f8-b6b0-4173-8249-6c4ff56c562c-groupManagement] INFO  server.RaftServerConfigKeys (ConfUtils.java:logGet(62)) - raft.server.log.write.buffer.size = 33554440 (custom)
2025-07-15 19:46:08,010 [262265f8-b6b0-4173-8249-6c4ff56c562c-groupManagement] INFO  server.RaftServerConfigKeys (ConfUtils.java:logGet(62)) - raft.server.log.appender.buffer.byte-limit = 33554432 (custom)
2025-07-15 19:46:08,010 [262265f8-b6b0-4173-8249-6c4ff56c562c-groupManagement] INFO  segmented.SegmentedRaftLogWorker (SegmentedRaftLogWorker.java:lambda$new$0(141)) - 262265f8-b6b0-4173-8249-6c4ff56c562c@group-601FDA285062-SegmentedRaftLogWorker: flushIndex: setUnconditionally 0 -> -1
2025-07-15 19:46:08,010 [262265f8-b6b0-4173-8249-6c4ff56c562c-groupManagement] INFO  segmented.SegmentedRaftLogWorker (SegmentedRaftLogWorker.java:lambda$new$0(141)) - 262265f8-b6b0-4173-8249-6c4ff56c562c@group-601FDA285062-SegmentedRaftLogWorker: safeCacheEvictIndex: setUnconditionally 0 -> -1
2025-07-15 19:46:08,010 [262265f8-b6b0-4173-8249-6c4ff56c562c-groupManagement] INFO  server.RaftServer$Division (RaftServerImpl.java:start(405)) - 262265f8-b6b0-4173-8249-6c4ff56c562c@group-601FDA285062: start as a follower, conf=conf: {index: -1, cur=peers:[262265f8-b6b0-4173-8249-6c4ff56c562c|127.0.0.1:15063]|listeners:[], old=null}
2025-07-15 19:46:08,011 [262265f8-b6b0-4173-8249-6c4ff56c562c-groupManagement] INFO  server.RaftServer$Division (RaftServerImpl.java:setRole(392)) - 262265f8-b6b0-4173-8249-6c4ff56c562c@group-601FDA285062: changes role from      null to FOLLOWER at term 0 for startAsFollower
2025-07-15 19:46:08,011 [262265f8-b6b0-4173-8249-6c4ff56c562c-groupManagement] INFO  impl.RoleInfo (RoleInfo.java:updateAndGet(148)) - 262265f8-b6b0-4173-8249-6c4ff56c562c: start 262265f8-b6b0-4173-8249-6c4ff56c562c@group-601FDA285062-FollowerState
2025-07-15 19:46:08,011 [262265f8-b6b0-4173-8249-6c4ff56c562c-groupManagement] INFO  util.JmxRegister (JmxRegister.java:tryRegister(44)) - Successfully registered JMX Bean with object name Ratis:service=RaftServer,group=group-601FDA285062,id=262265f8-b6b0-4173-8249-6c4ff56c562c
2025-07-15 19:46:08,011 [262265f8-b6b0-4173-8249-6c4ff56c562c-groupManagement] INFO  util.JmxRegister (JmxRegister.java:register(58)) - register mxBean class org.apache.ratis.server.impl.RaftServerJmxAdapter as Ratis:service=RaftServer,group=group-601FDA285062,id=262265f8-b6b0-4173-8249-6c4ff56c562c
2025-07-15 19:46:08,012 [262265f8-b6b0-4173-8249-6c4ff56c562c-groupManagement] INFO  server.RaftServer$Division (RaftServerImpl.java:start(419)) - 262265f8-b6b0-4173-8249-6c4ff56c562c@group-601FDA285062: Successfully started.
2025-07-15 19:46:08,012 [262265f8-b6b0-4173-8249-6c4ff56c562c-PipelineCommandHandlerThread-0] INFO  ratis.XceiverServerRatis (XceiverServerRatis.java:addGroup(843)) - Created group Pipeline-27cf4830-85f0-4be9-a26e-601fda285062
2025-07-15 19:46:08,012 [262265f8-b6b0-4173-8249-6c4ff56c562c-PipelineCommandHandlerThread-0] INFO  commandhandler.CreatePipelineCommandHandler (CreatePipelineCommandHandler.java:lambda$handle$2(127)) - Created Pipeline RATIS ONE Pipeline-27cf4830-85f0-4be9-a26e-601fda285062.
2025-07-15 19:46:08,065 [99cb6aa4-ab14-4525-b571-11fa40308ff9-PipelineCommandHandlerThread-0] INFO  server.RaftServer (RaftServerProxy.java:addNew(105)) - 99cb6aa4-ab14-4525-b571-11fa40308ff9: addNew group-E8E671F522EE:[faa2b429-16a2-49fa-ab42-514c70ac334b|127.0.0.1:15047, 99cb6aa4-ab14-4525-b571-11fa40308ff9|127.0.0.1:15039, 072971cd-5d05-4d2d-80ca-509be4281031|127.0.0.1:15087] returns group-E8E671F522EE:java.util.concurrent.CompletableFuture@211974c8[Not completed]
2025-07-15 19:46:08,066 [99cb6aa4-ab14-4525-b571-11fa40308ff9-groupManagement] INFO  server.RaftServer$Division (RaftServerImpl.java:<init>(268)) - 99cb6aa4-ab14-4525-b571-11fa40308ff9: new RaftServerImpl for group-E8E671F522EE:[faa2b429-16a2-49fa-ab42-514c70ac334b|127.0.0.1:15047, 99cb6aa4-ab14-4525-b571-11fa40308ff9|127.0.0.1:15039, 072971cd-5d05-4d2d-80ca-509be4281031|127.0.0.1:15087] with ContainerStateMachine:uninitialized
2025-07-15 19:46:08,066 [99cb6aa4-ab14-4525-b571-11fa40308ff9-groupManagement] INFO  server.RaftServer$Division (ServerState.java:<init>(114)) - 99cb6aa4-ab14-4525-b571-11fa40308ff9@group-E8E671F522EE: ConfigurationManager, init=conf: {index: -1, cur=peers:[faa2b429-16a2-49fa-ab42-514c70ac334b|127.0.0.1:15047, 99cb6aa4-ab14-4525-b571-11fa40308ff9|127.0.0.1:15039, 072971cd-5d05-4d2d-80ca-509be4281031|127.0.0.1:15087]|listeners:[], old=null}, confs=<EMPTY_MAP>
2025-07-15 19:46:08,069 [99cb6aa4-ab14-4525-b571-11fa40308ff9-groupManagement] INFO  server.RaftServerConfigKeys (ConfUtils.java:logGet(62)) - raft.server.storage.dir = [/home/runner/work/ozone/ozone/hadoop-ozone/integration-test/target/test-dir/MiniOzoneClusterImpl-7a2c00ee-15e1-4921-aa6b-526c14ec89d8/ozone-meta/datanode-4/ratis] (custom)
2025-07-15 19:46:08,069 [99cb6aa4-ab14-4525-b571-11fa40308ff9-groupManagement] INFO  storage.RaftStorageDirectory (RaftStorageDirectoryImpl.java:analyzeStorage(138)) - The storage directory /home/runner/work/ozone/ozone/hadoop-ozone/integration-test/target/test-dir/MiniOzoneClusterImpl-7a2c00ee-15e1-4921-aa6b-526c14ec89d8/ozone-meta/datanode-4/ratis/0d152ab0-b32d-48cc-898d-e8e671f522ee does not exist. Creating ...
2025-07-15 19:46:08,070 [99cb6aa4-ab14-4525-b571-11fa40308ff9-groupManagement] INFO  storage.RaftStorageDirectory (RaftStorageDirectoryImpl.java:tryLock(229)) - Lock on /home/runner/work/ozone/ozone/hadoop-ozone/integration-test/target/test-dir/MiniOzoneClusterImpl-7a2c00ee-15e1-4921-aa6b-526c14ec89d8/ozone-meta/datanode-4/ratis/0d152ab0-b32d-48cc-898d-e8e671f522ee/in_use.lock acquired by nodename 18953@localhost
2025-07-15 19:46:08,071 [99cb6aa4-ab14-4525-b571-11fa40308ff9-groupManagement] INFO  storage.RaftStorage (RaftStorageImpl.java:format(98)) - Storage directory /home/runner/work/ozone/ozone/hadoop-ozone/integration-test/target/test-dir/MiniOzoneClusterImpl-7a2c00ee-15e1-4921-aa6b-526c14ec89d8/ozone-meta/datanode-4/ratis/0d152ab0-b32d-48cc-898d-e8e671f522ee has been successfully formatted.
2025-07-15 19:46:08,071 [99cb6aa4-ab14-4525-b571-11fa40308ff9-groupManagement] INFO  ratis.ContainerStateMachine (ContainerStateMachine.java:initialize(339)) - 99cb6aa4-ab14-4525-b571-11fa40308ff9: initialize group-E8E671F522EE
2025-07-15 19:46:08,071 [99cb6aa4-ab14-4525-b571-11fa40308ff9-groupManagement] INFO  ratis.ContainerStateMachine (ContainerStateMachine.java:loadSnapshot(347)) - group-E8E671F522EE: The snapshot info is null. Setting the last applied index to:<INITIAL_VALUE>
2025-07-15 19:46:08,072 [99cb6aa4-ab14-4525-b571-11fa40308ff9-groupManagement] INFO  server.RaftServerConfigKeys (ConfUtils.java:logGet(62)) - raft.server.log.appender.buffer.byte-limit = 33554432 (custom)
2025-07-15 19:46:08,073 [99cb6aa4-ab14-4525-b571-11fa40308ff9-groupManagement] INFO  server.RaftServerConfigKeys (ConfUtils.java:logGet(62)) - raft.server.log.segment.size.max = 67108864 (custom)
2025-07-15 19:46:08,073 [99cb6aa4-ab14-4525-b571-11fa40308ff9-groupManagement] INFO  server.RaftServerConfigKeys (ConfUtils.java:logGet(62)) - raft.server.log.appender.buffer.byte-limit = 33554432 (custom)
2025-07-15 19:46:08,073 [99cb6aa4-ab14-4525-b571-11fa40308ff9-groupManagement] INFO  util.AwaitToRun (AwaitToRun.java:start(81)) - Thread[#1990,99cb6aa4-ab14-4525-b571-11fa40308ff9@group-E8E671F522EE-cacheEviction-AwaitToRun,5,main] started
2025-07-15 19:46:08,074 [99cb6aa4-ab14-4525-b571-11fa40308ff9-groupManagement] INFO  segmented.SegmentedRaftLogWorker (SegmentedRaftLogWorker.java:<init>(190)) - new 99cb6aa4-ab14-4525-b571-11fa40308ff9@group-E8E671F522EE-SegmentedRaftLogWorker for RaftStorageImpl:Storage Directory /home/runner/work/ozone/ozone/hadoop-ozone/integration-test/target/test-dir/MiniOzoneClusterImpl-7a2c00ee-15e1-4921-aa6b-526c14ec89d8/ozone-meta/datanode-4/ratis/0d152ab0-b32d-48cc-898d-e8e671f522ee
2025-07-15 19:46:08,074 [99cb6aa4-ab14-4525-b571-11fa40308ff9-groupManagement] INFO  server.RaftServerConfigKeys (ConfUtils.java:logGet(62)) - raft.server.log.queue.byte-limit = 4294967296 (custom)
2025-07-15 19:46:08,074 [99cb6aa4-ab14-4525-b571-11fa40308ff9-groupManagement] INFO  server.RaftServerConfigKeys (ConfUtils.java:logGet(62)) - raft.server.log.segment.size.max = 67108864 (custom)
2025-07-15 19:46:08,074 [99cb6aa4-ab14-4525-b571-11fa40308ff9-groupManagement] INFO  server.RaftServerConfigKeys (ConfUtils.java:logGet(62)) - raft.server.log.preallocated.size = 4194304 (custom)
2025-07-15 19:46:08,074 [99cb6aa4-ab14-4525-b571-11fa40308ff9-groupManagement] INFO  server.RaftServerConfigKeys (ConfUtils.java:logGet(62)) - raft.server.log.write.buffer.size = 33554440 (custom)
2025-07-15 19:46:08,080 [99cb6aa4-ab14-4525-b571-11fa40308ff9-groupManagement] INFO  server.RaftServerConfigKeys (ConfUtils.java:logGet(62)) - raft.server.log.appender.buffer.byte-limit = 33554432 (custom)
2025-07-15 19:46:08,080 [99cb6aa4-ab14-4525-b571-11fa40308ff9-groupManagement] INFO  segmented.SegmentedRaftLogWorker (SegmentedRaftLogWorker.java:lambda$new$0(141)) - 99cb6aa4-ab14-4525-b571-11fa40308ff9@group-E8E671F522EE-SegmentedRaftLogWorker: flushIndex: setUnconditionally 0 -> -1
2025-07-15 19:46:08,080 [99cb6aa4-ab14-4525-b571-11fa40308ff9-groupManagement] INFO  segmented.SegmentedRaftLogWorker (SegmentedRaftLogWorker.java:lambda$new$0(141)) - 99cb6aa4-ab14-4525-b571-11fa40308ff9@group-E8E671F522EE-SegmentedRaftLogWorker: safeCacheEvictIndex: setUnconditionally 0 -> -1
2025-07-15 19:46:08,081 [99cb6aa4-ab14-4525-b571-11fa40308ff9-groupManagement] INFO  server.RaftServer$Division (RaftServerImpl.java:start(405)) - 99cb6aa4-ab14-4525-b571-11fa40308ff9@group-E8E671F522EE: start as a follower, conf=conf: {index: -1, cur=peers:[faa2b429-16a2-49fa-ab42-514c70ac334b|127.0.0.1:15047, 99cb6aa4-ab14-4525-b571-11fa40308ff9|127.0.0.1:15039, 072971cd-5d05-4d2d-80ca-509be4281031|127.0.0.1:15087]|listeners:[], old=null}
2025-07-15 19:46:08,081 [99cb6aa4-ab14-4525-b571-11fa40308ff9-groupManagement] INFO  server.RaftServer$Division (RaftServerImpl.java:setRole(392)) - 99cb6aa4-ab14-4525-b571-11fa40308ff9@group-E8E671F522EE: changes role from      null to FOLLOWER at term 0 for startAsFollower
2025-07-15 19:46:08,081 [99cb6aa4-ab14-4525-b571-11fa40308ff9-groupManagement] INFO  impl.RoleInfo (RoleInfo.java:updateAndGet(148)) - 99cb6aa4-ab14-4525-b571-11fa40308ff9: start 99cb6aa4-ab14-4525-b571-11fa40308ff9@group-E8E671F522EE-FollowerState
2025-07-15 19:46:08,081 [99cb6aa4-ab14-4525-b571-11fa40308ff9-groupManagement] INFO  util.JmxRegister (JmxRegister.java:tryRegister(44)) - Successfully registered JMX Bean with object name Ratis:service=RaftServer,group=group-E8E671F522EE,id=99cb6aa4-ab14-4525-b571-11fa40308ff9
2025-07-15 19:46:08,081 [99cb6aa4-ab14-4525-b571-11fa40308ff9-groupManagement] INFO  util.JmxRegister (JmxRegister.java:register(58)) - register mxBean class org.apache.ratis.server.impl.RaftServerJmxAdapter as Ratis:service=RaftServer,group=group-E8E671F522EE,id=99cb6aa4-ab14-4525-b571-11fa40308ff9
2025-07-15 19:46:08,082 [99cb6aa4-ab14-4525-b571-11fa40308ff9-groupManagement] INFO  server.RaftServer$Division (RaftServerImpl.java:start(419)) - 99cb6aa4-ab14-4525-b571-11fa40308ff9@group-E8E671F522EE: Successfully started.
2025-07-15 19:46:08,082 [99cb6aa4-ab14-4525-b571-11fa40308ff9-PipelineCommandHandlerThread-0] INFO  ratis.XceiverServerRatis (XceiverServerRatis.java:addGroup(843)) - Created group Pipeline-0d152ab0-b32d-48cc-898d-e8e671f522ee
2025-07-15 19:46:08,100 [grpc-default-executor-1] INFO  server.RaftServer (RaftServerProxy.java:addNew(105)) - 072971cd-5d05-4d2d-80ca-509be4281031: addNew group-E8E671F522EE:[faa2b429-16a2-49fa-ab42-514c70ac334b|127.0.0.1:15047, 99cb6aa4-ab14-4525-b571-11fa40308ff9|127.0.0.1:15039, 072971cd-5d05-4d2d-80ca-509be4281031|127.0.0.1:15087] returns group-E8E671F522EE:java.util.concurrent.CompletableFuture@1a841095[Not completed]
2025-07-15 19:46:08,101 [072971cd-5d05-4d2d-80ca-509be4281031-groupManagement] INFO  server.RaftServer$Division (RaftServerImpl.java:<init>(268)) - 072971cd-5d05-4d2d-80ca-509be4281031: new RaftServerImpl for group-E8E671F522EE:[faa2b429-16a2-49fa-ab42-514c70ac334b|127.0.0.1:15047, 99cb6aa4-ab14-4525-b571-11fa40308ff9|127.0.0.1:15039, 072971cd-5d05-4d2d-80ca-509be4281031|127.0.0.1:15087] with ContainerStateMachine:uninitialized
2025-07-15 19:46:08,101 [072971cd-5d05-4d2d-80ca-509be4281031-groupManagement] INFO  server.RaftServer$Division (ServerState.java:<init>(114)) - 072971cd-5d05-4d2d-80ca-509be4281031@group-E8E671F522EE: ConfigurationManager, init=conf: {index: -1, cur=peers:[faa2b429-16a2-49fa-ab42-514c70ac334b|127.0.0.1:15047, 99cb6aa4-ab14-4525-b571-11fa40308ff9|127.0.0.1:15039, 072971cd-5d05-4d2d-80ca-509be4281031|127.0.0.1:15087]|listeners:[], old=null}, confs=<EMPTY_MAP>
2025-07-15 19:46:08,104 [072971cd-5d05-4d2d-80ca-509be4281031-groupManagement] INFO  server.RaftServerConfigKeys (ConfUtils.java:logGet(62)) - raft.server.storage.dir = [/home/runner/work/ozone/ozone/hadoop-ozone/integration-test/target/test-dir/MiniOzoneClusterImpl-7a2c00ee-15e1-4921-aa6b-526c14ec89d8/ozone-meta/datanode-10/ratis] (custom)
2025-07-15 19:46:08,104 [072971cd-5d05-4d2d-80ca-509be4281031-groupManagement] INFO  storage.RaftStorageDirectory (RaftStorageDirectoryImpl.java:analyzeStorage(138)) - The storage directory /home/runner/work/ozone/ozone/hadoop-ozone/integration-test/target/test-dir/MiniOzoneClusterImpl-7a2c00ee-15e1-4921-aa6b-526c14ec89d8/ozone-meta/datanode-10/ratis/0d152ab0-b32d-48cc-898d-e8e671f522ee does not exist. Creating ...
2025-07-15 19:46:08,105 [072971cd-5d05-4d2d-80ca-509be4281031-groupManagement] INFO  storage.RaftStorageDirectory (RaftStorageDirectoryImpl.java:tryLock(229)) - Lock on /home/runner/work/ozone/ozone/hadoop-ozone/integration-test/target/test-dir/MiniOzoneClusterImpl-7a2c00ee-15e1-4921-aa6b-526c14ec89d8/ozone-meta/datanode-10/ratis/0d152ab0-b32d-48cc-898d-e8e671f522ee/in_use.lock acquired by nodename 18953@localhost
2025-07-15 19:46:08,107 [072971cd-5d05-4d2d-80ca-509be4281031-groupManagement] INFO  storage.RaftStorage (RaftStorageImpl.java:format(98)) - Storage directory /home/runner/work/ozone/ozone/hadoop-ozone/integration-test/target/test-dir/MiniOzoneClusterImpl-7a2c00ee-15e1-4921-aa6b-526c14ec89d8/ozone-meta/datanode-10/ratis/0d152ab0-b32d-48cc-898d-e8e671f522ee has been successfully formatted.
2025-07-15 19:46:08,107 [072971cd-5d05-4d2d-80ca-509be4281031-groupManagement] INFO  ratis.ContainerStateMachine (ContainerStateMachine.java:initialize(339)) - 072971cd-5d05-4d2d-80ca-509be4281031: initialize group-E8E671F522EE
2025-07-15 19:46:08,107 [072971cd-5d05-4d2d-80ca-509be4281031-groupManagement] INFO  ratis.ContainerStateMachine (ContainerStateMachine.java:loadSnapshot(347)) - group-E8E671F522EE: The snapshot info is null. Setting the last applied index to:<INITIAL_VALUE>
2025-07-15 19:46:08,107 [072971cd-5d05-4d2d-80ca-509be4281031-groupManagement] INFO  server.RaftServerConfigKeys (ConfUtils.java:logGet(62)) - raft.server.log.appender.buffer.byte-limit = 33554432 (custom)
2025-07-15 19:46:08,109 [072971cd-5d05-4d2d-80ca-509be4281031-groupManagement] INFO  server.RaftServerConfigKeys (ConfUtils.java:logGet(62)) - raft.server.log.segment.size.max = 67108864 (custom)
2025-07-15 19:46:08,109 [072971cd-5d05-4d2d-80ca-509be4281031-groupManagement] INFO  server.RaftServerConfigKeys (ConfUtils.java:logGet(62)) - raft.server.log.appender.buffer.byte-limit = 33554432 (custom)
2025-07-15 19:46:08,110 [072971cd-5d05-4d2d-80ca-509be4281031-groupManagement] INFO  util.AwaitToRun (AwaitToRun.java:start(81)) - Thread[#1994,072971cd-5d05-4d2d-80ca-509be4281031@group-E8E671F522EE-cacheEviction-AwaitToRun,5,main] started
2025-07-15 19:46:08,110 [072971cd-5d05-4d2d-80ca-509be4281031-groupManagement] INFO  segmented.SegmentedRaftLogWorker (SegmentedRaftLogWorker.java:<init>(190)) - new 072971cd-5d05-4d2d-80ca-509be4281031@group-E8E671F522EE-SegmentedRaftLogWorker for RaftStorageImpl:Storage Directory /home/runner/work/ozone/ozone/hadoop-ozone/integration-test/target/test-dir/MiniOzoneClusterImpl-7a2c00ee-15e1-4921-aa6b-526c14ec89d8/ozone-meta/datanode-10/ratis/0d152ab0-b32d-48cc-898d-e8e671f522ee
2025-07-15 19:46:08,110 [072971cd-5d05-4d2d-80ca-509be4281031-groupManagement] INFO  server.RaftServerConfigKeys (ConfUtils.java:logGet(62)) - raft.server.log.queue.byte-limit = 4294967296 (custom)
2025-07-15 19:46:08,110 [072971cd-5d05-4d2d-80ca-509be4281031-groupManagement] INFO  server.RaftServerConfigKeys (ConfUtils.java:logGet(62)) - raft.server.log.segment.size.max = 67108864 (custom)
2025-07-15 19:46:08,110 [072971cd-5d05-4d2d-80ca-509be4281031-groupManagement] INFO  server.RaftServerConfigKeys (ConfUtils.java:logGet(62)) - raft.server.log.preallocated.size = 4194304 (custom)
2025-07-15 19:46:08,110 [072971cd-5d05-4d2d-80ca-509be4281031-groupManagement] INFO  server.RaftServerConfigKeys (ConfUtils.java:logGet(62)) - raft.server.log.write.buffer.size = 33554440 (custom)
2025-07-15 19:46:08,113 [072971cd-5d05-4d2d-80ca-509be4281031-PipelineCommandHandlerThread-0] INFO  server.RaftServer (RaftServerProxy.java:addNew(105)) - 072971cd-5d05-4d2d-80ca-509be4281031: addNew group-60E9EE0A11F4:[1ed39f2b-ba05-41d4-bcbc-50acfb489962|127.0.0.1:15055, 99cb6aa4-ab14-4525-b571-11fa40308ff9|127.0.0.1:15039, 072971cd-5d05-4d2d-80ca-509be4281031|127.0.0.1:15087] returns group-60E9EE0A11F4:java.util.concurrent.CompletableFuture@4312f4a8[Not completed]
2025-07-15 19:46:08,115 [072971cd-5d05-4d2d-80ca-509be4281031-groupManagement] INFO  server.RaftServerConfigKeys (ConfUtils.java:logGet(62)) - raft.server.log.appender.buffer.byte-limit = 33554432 (custom)
2025-07-15 19:46:08,115 [072971cd-5d05-4d2d-80ca-509be4281031-groupManagement] INFO  segmented.SegmentedRaftLogWorker (SegmentedRaftLogWorker.java:lambda$new$0(141)) - 072971cd-5d05-4d2d-80ca-509be4281031@group-E8E671F522EE-SegmentedRaftLogWorker: flushIndex: setUnconditionally 0 -> -1
2025-07-15 19:46:08,115 [072971cd-5d05-4d2d-80ca-509be4281031-groupManagement] INFO  segmented.SegmentedRaftLogWorker (SegmentedRaftLogWorker.java:lambda$new$0(141)) - 072971cd-5d05-4d2d-80ca-509be4281031@group-E8E671F522EE-SegmentedRaftLogWorker: safeCacheEvictIndex: setUnconditionally 0 -> -1
2025-07-15 19:46:08,116 [072971cd-5d05-4d2d-80ca-509be4281031-groupManagement] INFO  server.RaftServer$Division (RaftServerImpl.java:start(405)) - 072971cd-5d05-4d2d-80ca-509be4281031@group-E8E671F522EE: start as a follower, conf=conf: {index: -1, cur=peers:[faa2b429-16a2-49fa-ab42-514c70ac334b|127.0.0.1:15047, 99cb6aa4-ab14-4525-b571-11fa40308ff9|127.0.0.1:15039, 072971cd-5d05-4d2d-80ca-509be4281031|127.0.0.1:15087]|listeners:[], old=null}
2025-07-15 19:46:08,116 [072971cd-5d05-4d2d-80ca-509be4281031-groupManagement] INFO  server.RaftServer$Division (RaftServerImpl.java:setRole(392)) - 072971cd-5d05-4d2d-80ca-509be4281031@group-E8E671F522EE: changes role from      null to FOLLOWER at term 0 for startAsFollower
2025-07-15 19:46:08,116 [072971cd-5d05-4d2d-80ca-509be4281031-groupManagement] INFO  impl.RoleInfo (RoleInfo.java:updateAndGet(148)) - 072971cd-5d05-4d2d-80ca-509be4281031: start 072971cd-5d05-4d2d-80ca-509be4281031@group-E8E671F522EE-FollowerState
2025-07-15 19:46:08,116 [072971cd-5d05-4d2d-80ca-509be4281031-groupManagement] INFO  util.JmxRegister (JmxRegister.java:tryRegister(44)) - Successfully registered JMX Bean with object name Ratis:service=RaftServer,group=group-E8E671F522EE,id=072971cd-5d05-4d2d-80ca-509be4281031
2025-07-15 19:46:08,116 [072971cd-5d05-4d2d-80ca-509be4281031-groupManagement] INFO  util.JmxRegister (JmxRegister.java:register(58)) - register mxBean class org.apache.ratis.server.impl.RaftServerJmxAdapter as Ratis:service=RaftServer,group=group-E8E671F522EE,id=072971cd-5d05-4d2d-80ca-509be4281031
2025-07-15 19:46:08,117 [072971cd-5d05-4d2d-80ca-509be4281031-groupManagement] INFO  server.RaftServer$Division (RaftServerImpl.java:start(419)) - 072971cd-5d05-4d2d-80ca-509be4281031@group-E8E671F522EE: Successfully started.
2025-07-15 19:46:08,119 [072971cd-5d05-4d2d-80ca-509be4281031-groupManagement] INFO  server.RaftServer$Division (RaftServerImpl.java:<init>(268)) - 072971cd-5d05-4d2d-80ca-509be4281031: new RaftServerImpl for group-60E9EE0A11F4:[1ed39f2b-ba05-41d4-bcbc-50acfb489962|127.0.0.1:15055, 99cb6aa4-ab14-4525-b571-11fa40308ff9|127.0.0.1:15039, 072971cd-5d05-4d2d-80ca-509be4281031|127.0.0.1:15087] with ContainerStateMachine:uninitialized
2025-07-15 19:46:08,119 [072971cd-5d05-4d2d-80ca-509be4281031-groupManagement] INFO  server.RaftServer$Division (ServerState.java:<init>(114)) - 072971cd-5d05-4d2d-80ca-509be4281031@group-60E9EE0A11F4: ConfigurationManager, init=conf: {index: -1, cur=peers:[1ed39f2b-ba05-41d4-bcbc-50acfb489962|127.0.0.1:15055, 99cb6aa4-ab14-4525-b571-11fa40308ff9|127.0.0.1:15039, 072971cd-5d05-4d2d-80ca-509be4281031|127.0.0.1:15087]|listeners:[], old=null}, confs=<EMPTY_MAP>
2025-07-15 19:46:08,123 [072971cd-5d05-4d2d-80ca-509be4281031-groupManagement] INFO  storage.RaftStorageDirectory (RaftStorageDirectoryImpl.java:analyzeStorage(138)) - The storage directory /home/runner/work/ozone/ozone/hadoop-ozone/integration-test/target/test-dir/MiniOzoneClusterImpl-7a2c00ee-15e1-4921-aa6b-526c14ec89d8/ozone-meta/datanode-10/ratis/96aac1d1-57dd-466c-a41c-60e9ee0a11f4 does not exist. Creating ...
2025-07-15 19:46:08,126 [072971cd-5d05-4d2d-80ca-509be4281031-groupManagement] INFO  storage.RaftStorageDirectory (RaftStorageDirectoryImpl.java:tryLock(229)) - Lock on /home/runner/work/ozone/ozone/hadoop-ozone/integration-test/target/test-dir/MiniOzoneClusterImpl-7a2c00ee-15e1-4921-aa6b-526c14ec89d8/ozone-meta/datanode-10/ratis/96aac1d1-57dd-466c-a41c-60e9ee0a11f4/in_use.lock acquired by nodename 18953@localhost
2025-07-15 19:46:08,127 [grpc-default-executor-1] INFO  server.RaftServer (RaftServerProxy.java:addNew(105)) - faa2b429-16a2-49fa-ab42-514c70ac334b: addNew group-E8E671F522EE:[faa2b429-16a2-49fa-ab42-514c70ac334b|127.0.0.1:15047, 99cb6aa4-ab14-4525-b571-11fa40308ff9|127.0.0.1:15039, 072971cd-5d05-4d2d-80ca-509be4281031|127.0.0.1:15087] returns group-E8E671F522EE:java.util.concurrent.CompletableFuture@4ce3d16[Not completed]
2025-07-15 19:46:08,127 [072971cd-5d05-4d2d-80ca-509be4281031-groupManagement] INFO  storage.RaftStorage (RaftStorageImpl.java:format(98)) - Storage directory /home/runner/work/ozone/ozone/hadoop-ozone/integration-test/target/test-dir/MiniOzoneClusterImpl-7a2c00ee-15e1-4921-aa6b-526c14ec89d8/ozone-meta/datanode-10/ratis/96aac1d1-57dd-466c-a41c-60e9ee0a11f4 has been successfully formatted.
2025-07-15 19:46:08,128 [072971cd-5d05-4d2d-80ca-509be4281031-groupManagement] INFO  ratis.ContainerStateMachine (ContainerStateMachine.java:initialize(339)) - 072971cd-5d05-4d2d-80ca-509be4281031: initialize group-60E9EE0A11F4
2025-07-15 19:46:08,128 [072971cd-5d05-4d2d-80ca-509be4281031-groupManagement] INFO  ratis.ContainerStateMachine (ContainerStateMachine.java:loadSnapshot(347)) - group-60E9EE0A11F4: The snapshot info is null. Setting the last applied index to:<INITIAL_VALUE>
2025-07-15 19:46:08,129 [072971cd-5d05-4d2d-80ca-509be4281031-groupManagement] INFO  server.RaftServerConfigKeys (ConfUtils.java:logGet(62)) - raft.server.log.appender.buffer.byte-limit = 33554432 (custom)
2025-07-15 19:46:08,129 [faa2b429-16a2-49fa-ab42-514c70ac334b-groupManagement] INFO  server.RaftServer$Division (RaftServerImpl.java:<init>(268)) - faa2b429-16a2-49fa-ab42-514c70ac334b: new RaftServerImpl for group-E8E671F522EE:[faa2b429-16a2-49fa-ab42-514c70ac334b|127.0.0.1:15047, 99cb6aa4-ab14-4525-b571-11fa40308ff9|127.0.0.1:15039, 072971cd-5d05-4d2d-80ca-509be4281031|127.0.0.1:15087] with ContainerStateMachine:uninitialized
2025-07-15 19:46:08,130 [faa2b429-16a2-49fa-ab42-514c70ac334b-groupManagement] INFO  server.RaftServer$Division (ServerState.java:<init>(114)) - faa2b429-16a2-49fa-ab42-514c70ac334b@group-E8E671F522EE: ConfigurationManager, init=conf: {index: -1, cur=peers:[faa2b429-16a2-49fa-ab42-514c70ac334b|127.0.0.1:15047, 99cb6aa4-ab14-4525-b571-11fa40308ff9|127.0.0.1:15039, 072971cd-5d05-4d2d-80ca-509be4281031|127.0.0.1:15087]|listeners:[], old=null}, confs=<EMPTY_MAP>
2025-07-15 19:46:08,130 [072971cd-5d05-4d2d-80ca-509be4281031-groupManagement] INFO  server.RaftServerConfigKeys (ConfUtils.java:logGet(62)) - raft.server.log.segment.size.max = 67108864 (custom)
2025-07-15 19:46:08,132 [072971cd-5d05-4d2d-80ca-509be4281031-groupManagement] INFO  server.RaftServerConfigKeys (ConfUtils.java:logGet(62)) - raft.server.log.appender.buffer.byte-limit = 33554432 (custom)
2025-07-15 19:46:08,133 [072971cd-5d05-4d2d-80ca-509be4281031-groupManagement] INFO  util.AwaitToRun (AwaitToRun.java:start(81)) - Thread[#2002,072971cd-5d05-4d2d-80ca-509be4281031@group-60E9EE0A11F4-cacheEviction-AwaitToRun,5,main] started
2025-07-15 19:46:08,133 [072971cd-5d05-4d2d-80ca-509be4281031-groupManagement] INFO  segmented.SegmentedRaftLogWorker (SegmentedRaftLogWorker.java:<init>(190)) - new 072971cd-5d05-4d2d-80ca-509be4281031@group-60E9EE0A11F4-SegmentedRaftLogWorker for RaftStorageImpl:Storage Directory /home/runner/work/ozone/ozone/hadoop-ozone/integration-test/target/test-dir/MiniOzoneClusterImpl-7a2c00ee-15e1-4921-aa6b-526c14ec89d8/ozone-meta/datanode-10/ratis/96aac1d1-57dd-466c-a41c-60e9ee0a11f4
2025-07-15 19:46:08,133 [072971cd-5d05-4d2d-80ca-509be4281031-groupManagement] INFO  server.RaftServerConfigKeys (ConfUtils.java:logGet(62)) - raft.server.log.queue.byte-limit = 4294967296 (custom)
2025-07-15 19:46:08,133 [072971cd-5d05-4d2d-80ca-509be4281031-groupManagement] INFO  server.RaftServerConfigKeys (ConfUtils.java:logGet(62)) - raft.server.log.segment.size.max = 67108864 (custom)
2025-07-15 19:46:08,133 [072971cd-5d05-4d2d-80ca-509be4281031-groupManagement] INFO  server.RaftServerConfigKeys (ConfUtils.java:logGet(62)) - raft.server.log.preallocated.size = 4194304 (custom)
2025-07-15 19:46:08,135 [072971cd-5d05-4d2d-80ca-509be4281031-groupManagement] INFO  server.RaftServerConfigKeys (ConfUtils.java:logGet(62)) - raft.server.log.write.buffer.size = 33554440 (custom)
2025-07-15 19:46:08,139 [faa2b429-16a2-49fa-ab42-514c70ac334b-groupManagement] INFO  server.RaftServerConfigKeys (ConfUtils.java:logGet(62)) - raft.server.storage.dir = [/home/runner/work/ozone/ozone/hadoop-ozone/integration-test/target/test-dir/MiniOzoneClusterImpl-7a2c00ee-15e1-4921-aa6b-526c14ec89d8/ozone-meta/datanode-5/ratis8aafc780-4245-4c46-8f87-c6768e72163b] (custom)
2025-07-15 19:46:08,139 [faa2b429-16a2-49fa-ab42-514c70ac334b-groupManagement] INFO  storage.RaftStorageDirectory (RaftStorageDirectoryImpl.java:analyzeStorage(138)) - The storage directory /home/runner/work/ozone/ozone/hadoop-ozone/integration-test/target/test-dir/MiniOzoneClusterImpl-7a2c00ee-15e1-4921-aa6b-526c14ec89d8/ozone-meta/datanode-5/ratis8aafc780-4245-4c46-8f87-c6768e72163b/0d152ab0-b32d-48cc-898d-e8e671f522ee does not exist. Creating ...
2025-07-15 19:46:08,141 [faa2b429-16a2-49fa-ab42-514c70ac334b-groupManagement] INFO  storage.RaftStorageDirectory (RaftStorageDirectoryImpl.java:tryLock(229)) - Lock on /home/runner/work/ozone/ozone/hadoop-ozone/integration-test/target/test-dir/MiniOzoneClusterImpl-7a2c00ee-15e1-4921-aa6b-526c14ec89d8/ozone-meta/datanode-5/ratis8aafc780-4245-4c46-8f87-c6768e72163b/0d152ab0-b32d-48cc-898d-e8e671f522ee/in_use.lock acquired by nodename 18953@localhost
2025-07-15 19:46:08,141 [072971cd-5d05-4d2d-80ca-509be4281031-groupManagement] INFO  server.RaftServerConfigKeys (ConfUtils.java:logGet(62)) - raft.server.log.appender.buffer.byte-limit = 33554432 (custom)
2025-07-15 19:46:08,142 [072971cd-5d05-4d2d-80ca-509be4281031-groupManagement] INFO  segmented.SegmentedRaftLogWorker (SegmentedRaftLogWorker.java:lambda$new$0(141)) - 072971cd-5d05-4d2d-80ca-509be4281031@group-60E9EE0A11F4-SegmentedRaftLogWorker: flushIndex: setUnconditionally 0 -> -1
2025-07-15 19:46:08,142 [072971cd-5d05-4d2d-80ca-509be4281031-groupManagement] INFO  segmented.SegmentedRaftLogWorker (SegmentedRaftLogWorker.java:lambda$new$0(141)) - 072971cd-5d05-4d2d-80ca-509be4281031@group-60E9EE0A11F4-SegmentedRaftLogWorker: safeCacheEvictIndex: setUnconditionally 0 -> -1
2025-07-15 19:46:08,143 [072971cd-5d05-4d2d-80ca-509be4281031-groupManagement] INFO  server.RaftServer$Division (RaftServerImpl.java:start(405)) - 072971cd-5d05-4d2d-80ca-509be4281031@group-60E9EE0A11F4: start as a follower, conf=conf: {index: -1, cur=peers:[1ed39f2b-ba05-41d4-bcbc-50acfb489962|127.0.0.1:15055, 99cb6aa4-ab14-4525-b571-11fa40308ff9|127.0.0.1:15039, 072971cd-5d05-4d2d-80ca-509be4281031|127.0.0.1:15087]|listeners:[], old=null}
2025-07-15 19:46:08,143 [072971cd-5d05-4d2d-80ca-509be4281031-groupManagement] INFO  server.RaftServer$Division (RaftServerImpl.java:setRole(392)) - 072971cd-5d05-4d2d-80ca-509be4281031@group-60E9EE0A11F4: changes role from      null to FOLLOWER at term 0 for startAsFollower
2025-07-15 19:46:08,143 [072971cd-5d05-4d2d-80ca-509be4281031-groupManagement] INFO  impl.RoleInfo (RoleInfo.java:updateAndGet(148)) - 072971cd-5d05-4d2d-80ca-509be4281031: start 072971cd-5d05-4d2d-80ca-509be4281031@group-60E9EE0A11F4-FollowerState
2025-07-15 19:46:08,143 [faa2b429-16a2-49fa-ab42-514c70ac334b-groupManagement] INFO  storage.RaftStorage (RaftStorageImpl.java:format(98)) - Storage directory /home/runner/work/ozone/ozone/hadoop-ozone/integration-test/target/test-dir/MiniOzoneClusterImpl-7a2c00ee-15e1-4921-aa6b-526c14ec89d8/ozone-meta/datanode-5/ratis8aafc780-4245-4c46-8f87-c6768e72163b/0d152ab0-b32d-48cc-898d-e8e671f522ee has been successfully formatted.
2025-07-15 19:46:08,143 [072971cd-5d05-4d2d-80ca-509be4281031-groupManagement] INFO  util.JmxRegister (JmxRegister.java:tryRegister(44)) - Successfully registered JMX Bean with object name Ratis:service=RaftServer,group=group-60E9EE0A11F4,id=072971cd-5d05-4d2d-80ca-509be4281031
2025-07-15 19:46:08,143 [072971cd-5d05-4d2d-80ca-509be4281031-groupManagement] INFO  util.JmxRegister (JmxRegister.java:register(58)) - register mxBean class org.apache.ratis.server.impl.RaftServerJmxAdapter as Ratis:service=RaftServer,group=group-60E9EE0A11F4,id=072971cd-5d05-4d2d-80ca-509be4281031
2025-07-15 19:46:08,144 [faa2b429-16a2-49fa-ab42-514c70ac334b-groupManagement] INFO  ratis.ContainerStateMachine (ContainerStateMachine.java:initialize(339)) - faa2b429-16a2-49fa-ab42-514c70ac334b: initialize group-E8E671F522EE
2025-07-15 19:46:08,145 [faa2b429-16a2-49fa-ab42-514c70ac334b-groupManagement] INFO  ratis.ContainerStateMachine (ContainerStateMachine.java:loadSnapshot(347)) - group-E8E671F522EE: The snapshot info is null. Setting the last applied index to:<INITIAL_VALUE>
2025-07-15 19:46:08,145 [faa2b429-16a2-49fa-ab42-514c70ac334b-groupManagement] INFO  server.RaftServerConfigKeys (ConfUtils.java:logGet(62)) - raft.server.log.appender.buffer.byte-limit = 33554432 (custom)
2025-07-15 19:46:08,144 [072971cd-5d05-4d2d-80ca-509be4281031-groupManagement] INFO  server.RaftServer$Division (RaftServerImpl.java:start(419)) - 072971cd-5d05-4d2d-80ca-509be4281031@group-60E9EE0A11F4: Successfully started.
2025-07-15 19:46:08,145 [072971cd-5d05-4d2d-80ca-509be4281031-PipelineCommandHandlerThread-0] INFO  ratis.XceiverServerRatis (XceiverServerRatis.java:addGroup(843)) - Created group Pipeline-96aac1d1-57dd-466c-a41c-60e9ee0a11f4
2025-07-15 19:46:08,148 [faa2b429-16a2-49fa-ab42-514c70ac334b-groupManagement] INFO  server.RaftServerConfigKeys (ConfUtils.java:logGet(62)) - raft.server.log.segment.size.max = 67108864 (custom)
2025-07-15 19:46:08,148 [faa2b429-16a2-49fa-ab42-514c70ac334b-groupManagement] INFO  server.RaftServerConfigKeys (ConfUtils.java:logGet(62)) - raft.server.log.appender.buffer.byte-limit = 33554432 (custom)
2025-07-15 19:46:08,149 [faa2b429-16a2-49fa-ab42-514c70ac334b-groupManagement] INFO  util.AwaitToRun (AwaitToRun.java:start(81)) - Thread[#2006,faa2b429-16a2-49fa-ab42-514c70ac334b@group-E8E671F522EE-cacheEviction-AwaitToRun,5,main] started
2025-07-15 19:46:08,149 [faa2b429-16a2-49fa-ab42-514c70ac334b-groupManagement] INFO  segmented.SegmentedRaftLogWorker (SegmentedRaftLogWorker.java:<init>(190)) - new faa2b429-16a2-49fa-ab42-514c70ac334b@group-E8E671F522EE-SegmentedRaftLogWorker for RaftStorageImpl:Storage Directory /home/runner/work/ozone/ozone/hadoop-ozone/integration-test/target/test-dir/MiniOzoneClusterImpl-7a2c00ee-15e1-4921-aa6b-526c14ec89d8/ozone-meta/datanode-5/ratis8aafc780-4245-4c46-8f87-c6768e72163b/0d152ab0-b32d-48cc-898d-e8e671f522ee
2025-07-15 19:46:08,149 [faa2b429-16a2-49fa-ab42-514c70ac334b-groupManagement] INFO  server.RaftServerConfigKeys (ConfUtils.java:logGet(62)) - raft.server.log.queue.byte-limit = 4294967296 (custom)
2025-07-15 19:46:08,149 [faa2b429-16a2-49fa-ab42-514c70ac334b-groupManagement] INFO  server.RaftServerConfigKeys (ConfUtils.java:logGet(62)) - raft.server.log.segment.size.max = 67108864 (custom)
2025-07-15 19:46:08,149 [faa2b429-16a2-49fa-ab42-514c70ac334b-groupManagement] INFO  server.RaftServerConfigKeys (ConfUtils.java:logGet(62)) - raft.server.log.preallocated.size = 4194304 (custom)
2025-07-15 19:46:08,150 [faa2b429-16a2-49fa-ab42-514c70ac334b-groupManagement] INFO  server.RaftServerConfigKeys (ConfUtils.java:logGet(62)) - raft.server.log.write.buffer.size = 33554440 (custom)
2025-07-15 19:46:08,156 [faa2b429-16a2-49fa-ab42-514c70ac334b-groupManagement] INFO  server.RaftServerConfigKeys (ConfUtils.java:logGet(62)) - raft.server.log.appender.buffer.byte-limit = 33554432 (custom)
2025-07-15 19:46:08,156 [grpc-default-executor-1] INFO  server.RaftServer (RaftServerProxy.java:addNew(105)) - 1ed39f2b-ba05-41d4-bcbc-50acfb489962: addNew group-60E9EE0A11F4:[1ed39f2b-ba05-41d4-bcbc-50acfb489962|127.0.0.1:15055, 99cb6aa4-ab14-4525-b571-11fa40308ff9|127.0.0.1:15039, 072971cd-5d05-4d2d-80ca-509be4281031|127.0.0.1:15087] returns group-60E9EE0A11F4:java.util.concurrent.CompletableFuture@778479f5[Not completed]
2025-07-15 19:46:08,156 [faa2b429-16a2-49fa-ab42-514c70ac334b-groupManagement] INFO  segmented.SegmentedRaftLogWorker (SegmentedRaftLogWorker.java:lambda$new$0(141)) - faa2b429-16a2-49fa-ab42-514c70ac334b@group-E8E671F522EE-SegmentedRaftLogWorker: flushIndex: setUnconditionally 0 -> -1
2025-07-15 19:46:08,156 [faa2b429-16a2-49fa-ab42-514c70ac334b-groupManagement] INFO  segmented.SegmentedRaftLogWorker (SegmentedRaftLogWorker.java:lambda$new$0(141)) - faa2b429-16a2-49fa-ab42-514c70ac334b@group-E8E671F522EE-SegmentedRaftLogWorker: safeCacheEvictIndex: setUnconditionally 0 -> -1
2025-07-15 19:46:08,157 [faa2b429-16a2-49fa-ab42-514c70ac334b-groupManagement] INFO  server.RaftServer$Division (RaftServerImpl.java:start(405)) - faa2b429-16a2-49fa-ab42-514c70ac334b@group-E8E671F522EE: start as a follower, conf=conf: {index: -1, cur=peers:[faa2b429-16a2-49fa-ab42-514c70ac334b|127.0.0.1:15047, 99cb6aa4-ab14-4525-b571-11fa40308ff9|127.0.0.1:15039, 072971cd-5d05-4d2d-80ca-509be4281031|127.0.0.1:15087]|listeners:[], old=null}
2025-07-15 19:46:08,157 [faa2b429-16a2-49fa-ab42-514c70ac334b-groupManagement] INFO  server.RaftServer$Division (RaftServerImpl.java:setRole(392)) - faa2b429-16a2-49fa-ab42-514c70ac334b@group-E8E671F522EE: changes role from      null to FOLLOWER at term 0 for startAsFollower
2025-07-15 19:46:08,157 [faa2b429-16a2-49fa-ab42-514c70ac334b-groupManagement] INFO  impl.RoleInfo (RoleInfo.java:updateAndGet(148)) - faa2b429-16a2-49fa-ab42-514c70ac334b: start faa2b429-16a2-49fa-ab42-514c70ac334b@group-E8E671F522EE-FollowerState
2025-07-15 19:46:08,158 [faa2b429-16a2-49fa-ab42-514c70ac334b-groupManagement] INFO  util.JmxRegister (JmxRegister.java:tryRegister(44)) - Successfully registered JMX Bean with object name Ratis:service=RaftServer,group=group-E8E671F522EE,id=faa2b429-16a2-49fa-ab42-514c70ac334b
2025-07-15 19:46:08,158 [faa2b429-16a2-49fa-ab42-514c70ac334b-groupManagement] INFO  util.JmxRegister (JmxRegister.java:register(58)) - register mxBean class org.apache.ratis.server.impl.RaftServerJmxAdapter as Ratis:service=RaftServer,group=group-E8E671F522EE,id=faa2b429-16a2-49fa-ab42-514c70ac334b
2025-07-15 19:46:08,159 [1ed39f2b-ba05-41d4-bcbc-50acfb489962-groupManagement] INFO  server.RaftServer$Division (RaftServerImpl.java:<init>(268)) - 1ed39f2b-ba05-41d4-bcbc-50acfb489962: new RaftServerImpl for group-60E9EE0A11F4:[1ed39f2b-ba05-41d4-bcbc-50acfb489962|127.0.0.1:15055, 99cb6aa4-ab14-4525-b571-11fa40308ff9|127.0.0.1:15039, 072971cd-5d05-4d2d-80ca-509be4281031|127.0.0.1:15087] with ContainerStateMachine:uninitialized
2025-07-15 19:46:08,159 [1ed39f2b-ba05-41d4-bcbc-50acfb489962-groupManagement] INFO  server.RaftServer$Division (ServerState.java:<init>(114)) - 1ed39f2b-ba05-41d4-bcbc-50acfb489962@group-60E9EE0A11F4: ConfigurationManager, init=conf: {index: -1, cur=peers:[1ed39f2b-ba05-41d4-bcbc-50acfb489962|127.0.0.1:15055, 99cb6aa4-ab14-4525-b571-11fa40308ff9|127.0.0.1:15039, 072971cd-5d05-4d2d-80ca-509be4281031|127.0.0.1:15087]|listeners:[], old=null}, confs=<EMPTY_MAP>
2025-07-15 19:46:08,159 [faa2b429-16a2-49fa-ab42-514c70ac334b-groupManagement] INFO  server.RaftServer$Division (RaftServerImpl.java:start(419)) - faa2b429-16a2-49fa-ab42-514c70ac334b@group-E8E671F522EE: Successfully started.
2025-07-15 19:46:08,164 [99cb6aa4-ab14-4525-b571-11fa40308ff9-PipelineCommandHandlerThread-0] INFO  commandhandler.CreatePipelineCommandHandler (CreatePipelineCommandHandler.java:lambda$handle$2(127)) - Created Pipeline RATIS THREE Pipeline-0d152ab0-b32d-48cc-898d-e8e671f522ee.
2025-07-15 19:46:08,164 [99cb6aa4-ab14-4525-b571-11fa40308ff9-PipelineCommandHandlerThread-0] INFO  server.RaftServer (RaftServerProxy.java:addNew(105)) - 99cb6aa4-ab14-4525-b571-11fa40308ff9: addNew group-60E9EE0A11F4:[1ed39f2b-ba05-41d4-bcbc-50acfb489962|127.0.0.1:15055, 99cb6aa4-ab14-4525-b571-11fa40308ff9|127.0.0.1:15039, 072971cd-5d05-4d2d-80ca-509be4281031|127.0.0.1:15087] returns group-60E9EE0A11F4:java.util.concurrent.CompletableFuture@608974ff[Not completed]
2025-07-15 19:46:08,164 [1ed39f2b-ba05-41d4-bcbc-50acfb489962-groupManagement] INFO  server.RaftServerConfigKeys (ConfUtils.java:logGet(62)) - raft.server.storage.dir = [/home/runner/work/ozone/ozone/hadoop-ozone/integration-test/target/test-dir/MiniOzoneClusterImpl-7a2c00ee-15e1-4921-aa6b-526c14ec89d8/ozone-meta/datanode-6/ratis] (custom)
2025-07-15 19:46:08,165 [1ed39f2b-ba05-41d4-bcbc-50acfb489962-groupManagement] INFO  storage.RaftStorageDirectory (RaftStorageDirectoryImpl.java:analyzeStorage(138)) - The storage directory /home/runner/work/ozone/ozone/hadoop-ozone/integration-test/target/test-dir/MiniOzoneClusterImpl-7a2c00ee-15e1-4921-aa6b-526c14ec89d8/ozone-meta/datanode-6/ratis/96aac1d1-57dd-466c-a41c-60e9ee0a11f4 does not exist. Creating ...
2025-07-15 19:46:08,165 [99cb6aa4-ab14-4525-b571-11fa40308ff9-groupManagement] INFO  server.RaftServer$Division (RaftServerImpl.java:<init>(268)) - 99cb6aa4-ab14-4525-b571-11fa40308ff9: new RaftServerImpl for group-60E9EE0A11F4:[1ed39f2b-ba05-41d4-bcbc-50acfb489962|127.0.0.1:15055, 99cb6aa4-ab14-4525-b571-11fa40308ff9|127.0.0.1:15039, 072971cd-5d05-4d2d-80ca-509be4281031|127.0.0.1:15087] with ContainerStateMachine:uninitialized
2025-07-15 19:46:08,165 [99cb6aa4-ab14-4525-b571-11fa40308ff9-groupManagement] INFO  server.RaftServer$Division (ServerState.java:<init>(114)) - 99cb6aa4-ab14-4525-b571-11fa40308ff9@group-60E9EE0A11F4: ConfigurationManager, init=conf: {index: -1, cur=peers:[1ed39f2b-ba05-41d4-bcbc-50acfb489962|127.0.0.1:15055, 99cb6aa4-ab14-4525-b571-11fa40308ff9|127.0.0.1:15039, 072971cd-5d05-4d2d-80ca-509be4281031|127.0.0.1:15087]|listeners:[], old=null}, confs=<EMPTY_MAP>
2025-07-15 19:46:08,166 [1ed39f2b-ba05-41d4-bcbc-50acfb489962-groupManagement] INFO  storage.RaftStorageDirectory (RaftStorageDirectoryImpl.java:tryLock(229)) - Lock on /home/runner/work/ozone/ozone/hadoop-ozone/integration-test/target/test-dir/MiniOzoneClusterImpl-7a2c00ee-15e1-4921-aa6b-526c14ec89d8/ozone-meta/datanode-6/ratis/96aac1d1-57dd-466c-a41c-60e9ee0a11f4/in_use.lock acquired by nodename 18953@localhost
2025-07-15 19:46:08,167 [1ed39f2b-ba05-41d4-bcbc-50acfb489962-groupManagement] INFO  storage.RaftStorage (RaftStorageImpl.java:format(98)) - Storage directory /home/runner/work/ozone/ozone/hadoop-ozone/integration-test/target/test-dir/MiniOzoneClusterImpl-7a2c00ee-15e1-4921-aa6b-526c14ec89d8/ozone-meta/datanode-6/ratis/96aac1d1-57dd-466c-a41c-60e9ee0a11f4 has been successfully formatted.
2025-07-15 19:46:08,167 [1ed39f2b-ba05-41d4-bcbc-50acfb489962-groupManagement] INFO  ratis.ContainerStateMachine (ContainerStateMachine.java:initialize(339)) - 1ed39f2b-ba05-41d4-bcbc-50acfb489962: initialize group-60E9EE0A11F4
2025-07-15 19:46:08,167 [1ed39f2b-ba05-41d4-bcbc-50acfb489962-groupManagement] INFO  ratis.ContainerStateMachine (ContainerStateMachine.java:loadSnapshot(347)) - group-60E9EE0A11F4: The snapshot info is null. Setting the last applied index to:<INITIAL_VALUE>
2025-07-15 19:46:08,167 [1ed39f2b-ba05-41d4-bcbc-50acfb489962-groupManagement] INFO  server.RaftServerConfigKeys (ConfUtils.java:logGet(62)) - raft.server.log.appender.buffer.byte-limit = 33554432 (custom)
2025-07-15 19:46:08,170 [99cb6aa4-ab14-4525-b571-11fa40308ff9-groupManagement] INFO  server.RaftServerConfigKeys (ConfUtils.java:logGet(62)) - raft.server.storage.dir = [/home/runner/work/ozone/ozone/hadoop-ozone/integration-test/target/test-dir/MiniOzoneClusterImpl-7a2c00ee-15e1-4921-aa6b-526c14ec89d8/ozone-meta/datanode-4/ratis] (custom)
2025-07-15 19:46:08,171 [99cb6aa4-ab14-4525-b571-11fa40308ff9-groupManagement] INFO  storage.RaftStorageDirectory (RaftStorageDirectoryImpl.java:analyzeStorage(138)) - The storage directory /home/runner/work/ozone/ozone/hadoop-ozone/integration-test/target/test-dir/MiniOzoneClusterImpl-7a2c00ee-15e1-4921-aa6b-526c14ec89d8/ozone-meta/datanode-4/ratis/96aac1d1-57dd-466c-a41c-60e9ee0a11f4 does not exist. Creating ...
2025-07-15 19:46:08,171 [1ed39f2b-ba05-41d4-bcbc-50acfb489962-groupManagement] INFO  server.RaftServerConfigKeys (ConfUtils.java:logGet(62)) - raft.server.log.segment.size.max = 67108864 (custom)
2025-07-15 19:46:08,172 [1ed39f2b-ba05-41d4-bcbc-50acfb489962-groupManagement] INFO  server.RaftServerConfigKeys (ConfUtils.java:logGet(62)) - raft.server.log.appender.buffer.byte-limit = 33554432 (custom)
2025-07-15 19:46:08,172 [1ed39f2b-ba05-41d4-bcbc-50acfb489962-groupManagement] INFO  util.AwaitToRun (AwaitToRun.java:start(81)) - Thread[#2013,1ed39f2b-ba05-41d4-bcbc-50acfb489962@group-60E9EE0A11F4-cacheEviction-AwaitToRun,5,main] started
2025-07-15 19:46:08,172 [1ed39f2b-ba05-41d4-bcbc-50acfb489962-groupManagement] INFO  segmented.SegmentedRaftLogWorker (SegmentedRaftLogWorker.java:<init>(190)) - new 1ed39f2b-ba05-41d4-bcbc-50acfb489962@group-60E9EE0A11F4-SegmentedRaftLogWorker for RaftStorageImpl:Storage Directory /home/runner/work/ozone/ozone/hadoop-ozone/integration-test/target/test-dir/MiniOzoneClusterImpl-7a2c00ee-15e1-4921-aa6b-526c14ec89d8/ozone-meta/datanode-6/ratis/96aac1d1-57dd-466c-a41c-60e9ee0a11f4
2025-07-15 19:46:08,172 [1ed39f2b-ba05-41d4-bcbc-50acfb489962-groupManagement] INFO  server.RaftServerConfigKeys (ConfUtils.java:logGet(62)) - raft.server.log.queue.byte-limit = 4294967296 (custom)
2025-07-15 19:46:08,172 [1ed39f2b-ba05-41d4-bcbc-50acfb489962-groupManagement] INFO  server.RaftServerConfigKeys (ConfUtils.java:logGet(62)) - raft.server.log.segment.size.max = 67108864 (custom)
2025-07-15 19:46:08,172 [1ed39f2b-ba05-41d4-bcbc-50acfb489962-groupManagement] INFO  server.RaftServerConfigKeys (ConfUtils.java:logGet(62)) - raft.server.log.preallocated.size = 4194304 (custom)
2025-07-15 19:46:08,172 [99cb6aa4-ab14-4525-b571-11fa40308ff9-groupManagement] INFO  storage.RaftStorageDirectory (RaftStorageDirectoryImpl.java:tryLock(229)) - Lock on /home/runner/work/ozone/ozone/hadoop-ozone/integration-test/target/test-dir/MiniOzoneClusterImpl-7a2c00ee-15e1-4921-aa6b-526c14ec89d8/ozone-meta/datanode-4/ratis/96aac1d1-57dd-466c-a41c-60e9ee0a11f4/in_use.lock acquired by nodename 18953@localhost
2025-07-15 19:46:08,173 [1ed39f2b-ba05-41d4-bcbc-50acfb489962-groupManagement] INFO  server.RaftServerConfigKeys (ConfUtils.java:logGet(62)) - raft.server.log.write.buffer.size = 33554440 (custom)
2025-07-15 19:46:08,175 [99cb6aa4-ab14-4525-b571-11fa40308ff9-groupManagement] INFO  storage.RaftStorage (RaftStorageImpl.java:format(98)) - Storage directory /home/runner/work/ozone/ozone/hadoop-ozone/integration-test/target/test-dir/MiniOzoneClusterImpl-7a2c00ee-15e1-4921-aa6b-526c14ec89d8/ozone-meta/datanode-4/ratis/96aac1d1-57dd-466c-a41c-60e9ee0a11f4 has been successfully formatted.
2025-07-15 19:46:08,175 [99cb6aa4-ab14-4525-b571-11fa40308ff9-groupManagement] INFO  ratis.ContainerStateMachine (ContainerStateMachine.java:initialize(339)) - 99cb6aa4-ab14-4525-b571-11fa40308ff9: initialize group-60E9EE0A11F4
2025-07-15 19:46:08,175 [99cb6aa4-ab14-4525-b571-11fa40308ff9-groupManagement] INFO  ratis.ContainerStateMachine (ContainerStateMachine.java:loadSnapshot(347)) - group-60E9EE0A11F4: The snapshot info is null. Setting the last applied index to:<INITIAL_VALUE>
2025-07-15 19:46:08,175 [99cb6aa4-ab14-4525-b571-11fa40308ff9-groupManagement] INFO  server.RaftServerConfigKeys (ConfUtils.java:logGet(62)) - raft.server.log.appender.buffer.byte-limit = 33554432 (custom)
2025-07-15 19:46:08,178 [99cb6aa4-ab14-4525-b571-11fa40308ff9-groupManagement] INFO  server.RaftServerConfigKeys (ConfUtils.java:logGet(62)) - raft.server.log.segment.size.max = 67108864 (custom)
2025-07-15 19:46:08,179 [99cb6aa4-ab14-4525-b571-11fa40308ff9-groupManagement] INFO  server.RaftServerConfigKeys (ConfUtils.java:logGet(62)) - raft.server.log.appender.buffer.byte-limit = 33554432 (custom)
2025-07-15 19:46:08,180 [99cb6aa4-ab14-4525-b571-11fa40308ff9-groupManagement] INFO  util.AwaitToRun (AwaitToRun.java:start(81)) - Thread[#2014,99cb6aa4-ab14-4525-b571-11fa40308ff9@group-60E9EE0A11F4-cacheEviction-AwaitToRun,5,main] started
2025-07-15 19:46:08,180 [99cb6aa4-ab14-4525-b571-11fa40308ff9-groupManagement] INFO  segmented.SegmentedRaftLogWorker (SegmentedRaftLogWorker.java:<init>(190)) - new 99cb6aa4-ab14-4525-b571-11fa40308ff9@group-60E9EE0A11F4-SegmentedRaftLogWorker for RaftStorageImpl:Storage Directory /home/runner/work/ozone/ozone/hadoop-ozone/integration-test/target/test-dir/MiniOzoneClusterImpl-7a2c00ee-15e1-4921-aa6b-526c14ec89d8/ozone-meta/datanode-4/ratis/96aac1d1-57dd-466c-a41c-60e9ee0a11f4
2025-07-15 19:46:08,181 [99cb6aa4-ab14-4525-b571-11fa40308ff9-groupManagement] INFO  server.RaftServerConfigKeys (ConfUtils.java:logGet(62)) - raft.server.log.queue.byte-limit = 4294967296 (custom)
2025-07-15 19:46:08,181 [99cb6aa4-ab14-4525-b571-11fa40308ff9-groupManagement] INFO  server.RaftServerConfigKeys (ConfUtils.java:logGet(62)) - raft.server.log.segment.size.max = 67108864 (custom)
2025-07-15 19:46:08,181 [99cb6aa4-ab14-4525-b571-11fa40308ff9-groupManagement] INFO  server.RaftServerConfigKeys (ConfUtils.java:logGet(62)) - raft.server.log.preallocated.size = 4194304 (custom)
2025-07-15 19:46:08,181 [1ed39f2b-ba05-41d4-bcbc-50acfb489962-groupManagement] INFO  server.RaftServerConfigKeys (ConfUtils.java:logGet(62)) - raft.server.log.appender.buffer.byte-limit = 33554432 (custom)
2025-07-15 19:46:08,181 [1ed39f2b-ba05-41d4-bcbc-50acfb489962-groupManagement] INFO  segmented.SegmentedRaftLogWorker (SegmentedRaftLogWorker.java:lambda$new$0(141)) - 1ed39f2b-ba05-41d4-bcbc-50acfb489962@group-60E9EE0A11F4-SegmentedRaftLogWorker: flushIndex: setUnconditionally 0 -> -1
2025-07-15 19:46:08,181 [1ed39f2b-ba05-41d4-bcbc-50acfb489962-groupManagement] INFO  segmented.SegmentedRaftLogWorker (SegmentedRaftLogWorker.java:lambda$new$0(141)) - 1ed39f2b-ba05-41d4-bcbc-50acfb489962@group-60E9EE0A11F4-SegmentedRaftLogWorker: safeCacheEvictIndex: setUnconditionally 0 -> -1
2025-07-15 19:46:08,181 [1ed39f2b-ba05-41d4-bcbc-50acfb489962-groupManagement] INFO  server.RaftServer$Division (RaftServerImpl.java:start(405)) - 1ed39f2b-ba05-41d4-bcbc-50acfb489962@group-60E9EE0A11F4: start as a follower, conf=conf: {index: -1, cur=peers:[1ed39f2b-ba05-41d4-bcbc-50acfb489962|127.0.0.1:15055, 99cb6aa4-ab14-4525-b571-11fa40308ff9|127.0.0.1:15039, 072971cd-5d05-4d2d-80ca-509be4281031|127.0.0.1:15087]|listeners:[], old=null}
2025-07-15 19:46:08,182 [1ed39f2b-ba05-41d4-bcbc-50acfb489962-groupManagement] INFO  server.RaftServer$Division (RaftServerImpl.java:setRole(392)) - 1ed39f2b-ba05-41d4-bcbc-50acfb489962@group-60E9EE0A11F4: changes role from      null to FOLLOWER at term 0 for startAsFollower
2025-07-15 19:46:08,182 [1ed39f2b-ba05-41d4-bcbc-50acfb489962-groupManagement] INFO  impl.RoleInfo (RoleInfo.java:updateAndGet(148)) - 1ed39f2b-ba05-41d4-bcbc-50acfb489962: start 1ed39f2b-ba05-41d4-bcbc-50acfb489962@group-60E9EE0A11F4-FollowerState
2025-07-15 19:46:08,182 [99cb6aa4-ab14-4525-b571-11fa40308ff9-groupManagement] INFO  server.RaftServerConfigKeys (ConfUtils.java:logGet(62)) - raft.server.log.write.buffer.size = 33554440 (custom)
2025-07-15 19:46:08,183 [1ed39f2b-ba05-41d4-bcbc-50acfb489962-groupManagement] INFO  util.JmxRegister (JmxRegister.java:tryRegister(44)) - Successfully registered JMX Bean with object name Ratis:service=RaftServer,group=group-60E9EE0A11F4,id=1ed39f2b-ba05-41d4-bcbc-50acfb489962
2025-07-15 19:46:08,183 [1ed39f2b-ba05-41d4-bcbc-50acfb489962-groupManagement] INFO  util.JmxRegister (JmxRegister.java:register(58)) - register mxBean class org.apache.ratis.server.impl.RaftServerJmxAdapter as Ratis:service=RaftServer,group=group-60E9EE0A11F4,id=1ed39f2b-ba05-41d4-bcbc-50acfb489962
2025-07-15 19:46:08,184 [1ed39f2b-ba05-41d4-bcbc-50acfb489962-groupManagement] INFO  server.RaftServer$Division (RaftServerImpl.java:start(419)) - 1ed39f2b-ba05-41d4-bcbc-50acfb489962@group-60E9EE0A11F4: Successfully started.
2025-07-15 19:46:08,190 [99cb6aa4-ab14-4525-b571-11fa40308ff9-groupManagement] INFO  server.RaftServerConfigKeys (ConfUtils.java:logGet(62)) - raft.server.log.appender.buffer.byte-limit = 33554432 (custom)
2025-07-15 19:46:08,190 [99cb6aa4-ab14-4525-b571-11fa40308ff9-groupManagement] INFO  segmented.SegmentedRaftLogWorker (SegmentedRaftLogWorker.java:lambda$new$0(141)) - 99cb6aa4-ab14-4525-b571-11fa40308ff9@group-60E9EE0A11F4-SegmentedRaftLogWorker: flushIndex: setUnconditionally 0 -> -1
2025-07-15 19:46:08,191 [99cb6aa4-ab14-4525-b571-11fa40308ff9-groupManagement] INFO  segmented.SegmentedRaftLogWorker (SegmentedRaftLogWorker.java:lambda$new$0(141)) - 99cb6aa4-ab14-4525-b571-11fa40308ff9@group-60E9EE0A11F4-SegmentedRaftLogWorker: safeCacheEvictIndex: setUnconditionally 0 -> -1
2025-07-15 19:46:08,191 [99cb6aa4-ab14-4525-b571-11fa40308ff9-groupManagement] INFO  server.RaftServer$Division (RaftServerImpl.java:start(405)) - 99cb6aa4-ab14-4525-b571-11fa40308ff9@group-60E9EE0A11F4: start as a follower, conf=conf: {index: -1, cur=peers:[1ed39f2b-ba05-41d4-bcbc-50acfb489962|127.0.0.1:15055, 99cb6aa4-ab14-4525-b571-11fa40308ff9|127.0.0.1:15039, 072971cd-5d05-4d2d-80ca-509be4281031|127.0.0.1:15087]|listeners:[], old=null}
2025-07-15 19:46:08,191 [99cb6aa4-ab14-4525-b571-11fa40308ff9-groupManagement] INFO  server.RaftServer$Division (RaftServerImpl.java:setRole(392)) - 99cb6aa4-ab14-4525-b571-11fa40308ff9@group-60E9EE0A11F4: changes role from      null to FOLLOWER at term 0 for startAsFollower
2025-07-15 19:46:08,191 [99cb6aa4-ab14-4525-b571-11fa40308ff9-groupManagement] INFO  impl.RoleInfo (RoleInfo.java:updateAndGet(148)) - 99cb6aa4-ab14-4525-b571-11fa40308ff9: start 99cb6aa4-ab14-4525-b571-11fa40308ff9@group-60E9EE0A11F4-FollowerState
2025-07-15 19:46:08,191 [99cb6aa4-ab14-4525-b571-11fa40308ff9-groupManagement] INFO  util.JmxRegister (JmxRegister.java:tryRegister(44)) - Successfully registered JMX Bean with object name Ratis:service=RaftServer,group=group-60E9EE0A11F4,id=99cb6aa4-ab14-4525-b571-11fa40308ff9
2025-07-15 19:46:08,191 [99cb6aa4-ab14-4525-b571-11fa40308ff9-groupManagement] INFO  util.JmxRegister (JmxRegister.java:register(58)) - register mxBean class org.apache.ratis.server.impl.RaftServerJmxAdapter as Ratis:service=RaftServer,group=group-60E9EE0A11F4,id=99cb6aa4-ab14-4525-b571-11fa40308ff9
2025-07-15 19:46:08,192 [99cb6aa4-ab14-4525-b571-11fa40308ff9-groupManagement] INFO  server.RaftServer$Division (RaftServerImpl.java:start(419)) - 99cb6aa4-ab14-4525-b571-11fa40308ff9@group-60E9EE0A11F4: Successfully started.
2025-07-15 19:46:08,192 [99cb6aa4-ab14-4525-b571-11fa40308ff9-PipelineCommandHandlerThread-0] INFO  ratis.XceiverServerRatis (XceiverServerRatis.java:addGroup(843)) - Created group Pipeline-96aac1d1-57dd-466c-a41c-60e9ee0a11f4
2025-07-15 19:46:08,199 [grpc-default-executor-0] WARN  server.GrpcAdminProtocolService (GrpcAdminProtocolService.java:lambda$groupManagement$1(53)) - Failed groupManagement: GROUPADD, GroupManagementRequest:client-659A53967754->99cb6aa4-ab14-4525-b571-11fa40308ff9@group-60E9EE0A11F4, cid=174, seq=null, RW, null, Add:group-60E9EE0A11F4:[1ed39f2b-ba05-41d4-bcbc-50acfb489962|127.0.0.1:15055, 99cb6aa4-ab14-4525-b571-11fa40308ff9|127.0.0.1:15039, 072971cd-5d05-4d2d-80ca-509be4281031|127.0.0.1:15087]
java.util.concurrent.CompletionException: org.apache.ratis.protocol.exceptions.AlreadyExistsException: 99cb6aa4-ab14-4525-b571-11fa40308ff9: Failed to add group-60E9EE0A11F4:[1ed39f2b-ba05-41d4-bcbc-50acfb489962|127.0.0.1:15055, 99cb6aa4-ab14-4525-b571-11fa40308ff9|127.0.0.1:15039, 072971cd-5d05-4d2d-80ca-509be4281031|127.0.0.1:15087] since the group already exists in the map.
	at java.base/java.util.concurrent.CompletableFuture.encodeThrowable(CompletableFuture.java:332)
	at java.base/java.util.concurrent.CompletableFuture.uniApplyNow(CompletableFuture.java:674)
	at java.base/java.util.concurrent.CompletableFuture.uniApplyStage(CompletableFuture.java:662)
	at java.base/java.util.concurrent.CompletableFuture.thenApplyAsync(CompletableFuture.java:2210)
	at org.apache.ratis.server.impl.RaftServerProxy.groupAddAsync(RaftServerProxy.java:513)
	at org.apache.ratis.server.impl.RaftServerProxy.groupManagementAsync(RaftServerProxy.java:495)
	at org.apache.ratis.grpc.server.GrpcAdminProtocolService.lambda$groupManagement$0(GrpcAdminProtocolService.java:51)
	at org.apache.ratis.grpc.GrpcUtil.asyncCall(GrpcUtil.java:172)
	at org.apache.ratis.grpc.server.GrpcAdminProtocolService.groupManagement(GrpcAdminProtocolService.java:51)
	at org.apache.ratis.proto.grpc.AdminProtocolServiceGrpc$MethodHandlers.invoke(AdminProtocolServiceGrpc.java:701)
	at org.apache.ratis.thirdparty.io.grpc.stub.ServerCalls$UnaryServerCallHandler$UnaryServerCallListener.onHalfClose(ServerCalls.java:182)
	at org.apache.ratis.thirdparty.io.grpc.internal.ServerCallImpl$ServerStreamListenerImpl.halfClosed(ServerCallImpl.java:356)
	at org.apache.ratis.thirdparty.io.grpc.internal.ServerImpl$JumpToApplicationThreadServerStreamListener$1HalfClosed.runInContext(ServerImpl.java:861)
	at org.apache.ratis.thirdparty.io.grpc.internal.ContextRunnable.run(ContextRunnable.java:37)
	at org.apache.ratis.thirdparty.io.grpc.internal.SerializingExecutor.run(SerializingExecutor.java:133)
	at java.base/java.util.concurrent.ThreadPoolExecutor.runWorker(ThreadPoolExecutor.java:1144)
	at java.base/java.util.concurrent.ThreadPoolExecutor$Worker.run(ThreadPoolExecutor.java:642)
	at java.base/java.lang.Thread.run(Thread.java:1583)
Caused by: org.apache.ratis.protocol.exceptions.AlreadyExistsException: 99cb6aa4-ab14-4525-b571-11fa40308ff9: Failed to add group-60E9EE0A11F4:[1ed39f2b-ba05-41d4-bcbc-50acfb489962|127.0.0.1:15055, 99cb6aa4-ab14-4525-b571-11fa40308ff9|127.0.0.1:15039, 072971cd-5d05-4d2d-80ca-509be4281031|127.0.0.1:15087] since the group already exists in the map.
	at org.apache.ratis.server.impl.RaftServerProxy$ImplMap.addNew(RaftServerProxy.java:99)
	at org.apache.ratis.server.impl.RaftServerProxy.groupAddAsync(RaftServerProxy.java:512)
	... 13 more
2025-07-15 19:46:08,207 [grpc-default-executor-1] WARN  server.GrpcAdminProtocolService (GrpcAdminProtocolService.java:lambda$groupManagement$1(53)) - Failed groupManagement: GROUPADD, GroupManagementRequest:client-21A8CBE6F9F7->1ed39f2b-ba05-41d4-bcbc-50acfb489962@group-60E9EE0A11F4, cid=175, seq=null, RW, null, Add:group-60E9EE0A11F4:[1ed39f2b-ba05-41d4-bcbc-50acfb489962|127.0.0.1:15055, 99cb6aa4-ab14-4525-b571-11fa40308ff9|127.0.0.1:15039, 072971cd-5d05-4d2d-80ca-509be4281031|127.0.0.1:15087]
java.util.concurrent.CompletionException: org.apache.ratis.protocol.exceptions.AlreadyExistsException: 1ed39f2b-ba05-41d4-bcbc-50acfb489962: Failed to add group-60E9EE0A11F4:[1ed39f2b-ba05-41d4-bcbc-50acfb489962|127.0.0.1:15055, 99cb6aa4-ab14-4525-b571-11fa40308ff9|127.0.0.1:15039, 072971cd-5d05-4d2d-80ca-509be4281031|127.0.0.1:15087] since the group already exists in the map.
	at java.base/java.util.concurrent.CompletableFuture.encodeThrowable(CompletableFuture.java:332)
	at java.base/java.util.concurrent.CompletableFuture.uniApplyNow(CompletableFuture.java:674)
	at java.base/java.util.concurrent.CompletableFuture.uniApplyStage(CompletableFuture.java:662)
	at java.base/java.util.concurrent.CompletableFuture.thenApplyAsync(CompletableFuture.java:2210)
	at org.apache.ratis.server.impl.RaftServerProxy.groupAddAsync(RaftServerProxy.java:513)
	at org.apache.ratis.server.impl.RaftServerProxy.groupManagementAsync(RaftServerProxy.java:495)
	at org.apache.ratis.grpc.server.GrpcAdminProtocolService.lambda$groupManagement$0(GrpcAdminProtocolService.java:51)
	at org.apache.ratis.grpc.GrpcUtil.asyncCall(GrpcUtil.java:172)
	at org.apache.ratis.grpc.server.GrpcAdminProtocolService.groupManagement(GrpcAdminProtocolService.java:51)
	at org.apache.ratis.proto.grpc.AdminProtocolServiceGrpc$MethodHandlers.invoke(AdminProtocolServiceGrpc.java:701)
	at org.apache.ratis.thirdparty.io.grpc.stub.ServerCalls$UnaryServerCallHandler$UnaryServerCallListener.onHalfClose(ServerCalls.java:182)
	at org.apache.ratis.thirdparty.io.grpc.internal.ServerCallImpl$ServerStreamListenerImpl.halfClosed(ServerCallImpl.java:356)
	at org.apache.ratis.thirdparty.io.grpc.internal.ServerImpl$JumpToApplicationThreadServerStreamListener$1HalfClosed.runInContext(ServerImpl.java:861)
	at org.apache.ratis.thirdparty.io.grpc.internal.ContextRunnable.run(ContextRunnable.java:37)
	at org.apache.ratis.thirdparty.io.grpc.internal.SerializingExecutor.run(SerializingExecutor.java:133)
	at java.base/java.util.concurrent.ThreadPoolExecutor.runWorker(ThreadPoolExecutor.java:1144)
	at java.base/java.util.concurrent.ThreadPoolExecutor$Worker.run(ThreadPoolExecutor.java:642)
	at java.base/java.lang.Thread.run(Thread.java:1583)
Caused by: org.apache.ratis.protocol.exceptions.AlreadyExistsException: 1ed39f2b-ba05-41d4-bcbc-50acfb489962: Failed to add group-60E9EE0A11F4:[1ed39f2b-ba05-41d4-bcbc-50acfb489962|127.0.0.1:15055, 99cb6aa4-ab14-4525-b571-11fa40308ff9|127.0.0.1:15039, 072971cd-5d05-4d2d-80ca-509be4281031|127.0.0.1:15087] since the group already exists in the map.
	at org.apache.ratis.server.impl.RaftServerProxy$ImplMap.addNew(RaftServerProxy.java:99)
	at org.apache.ratis.server.impl.RaftServerProxy.groupAddAsync(RaftServerProxy.java:512)
	... 13 more
2025-07-15 19:46:08,212 [072971cd-5d05-4d2d-80ca-509be4281031-PipelineCommandHandlerThread-0] INFO  commandhandler.CreatePipelineCommandHandler (CreatePipelineCommandHandler.java:lambda$handle$2(127)) - Created Pipeline RATIS THREE Pipeline-96aac1d1-57dd-466c-a41c-60e9ee0a11f4.
2025-07-15 19:46:08,216 [faa2b429-16a2-49fa-ab42-514c70ac334b-PipelineCommandHandlerThread-0] INFO  server.RaftServer (RaftServerProxy.java:addNew(105)) - faa2b429-16a2-49fa-ab42-514c70ac334b: addNew group-972F9FE9BACA:[faa2b429-16a2-49fa-ab42-514c70ac334b|127.0.0.1:15047] returns group-972F9FE9BACA:java.util.concurrent.CompletableFuture@26e17be[Not completed]
2025-07-15 19:46:08,218 [faa2b429-16a2-49fa-ab42-514c70ac334b-groupManagement] INFO  server.RaftServer$Division (RaftServerImpl.java:<init>(268)) - faa2b429-16a2-49fa-ab42-514c70ac334b: new RaftServerImpl for group-972F9FE9BACA:[faa2b429-16a2-49fa-ab42-514c70ac334b|127.0.0.1:15047] with ContainerStateMachine:uninitialized
2025-07-15 19:46:08,218 [faa2b429-16a2-49fa-ab42-514c70ac334b-groupManagement] INFO  server.RaftServer$Division (ServerState.java:<init>(114)) - faa2b429-16a2-49fa-ab42-514c70ac334b@group-972F9FE9BACA: ConfigurationManager, init=conf: {index: -1, cur=peers:[faa2b429-16a2-49fa-ab42-514c70ac334b|127.0.0.1:15047]|listeners:[], old=null}, confs=<EMPTY_MAP>
2025-07-15 19:46:08,222 [grpc-default-executor-1] WARN  server.GrpcAdminProtocolService (GrpcAdminProtocolService.java:lambda$groupManagement$1(53)) - Failed groupManagement: GROUPADD, GroupManagementRequest:client-92D5E06ECF3E->072971cd-5d05-4d2d-80ca-509be4281031@group-60E9EE0A11F4, cid=176, seq=null, RW, null, Add:group-60E9EE0A11F4:[1ed39f2b-ba05-41d4-bcbc-50acfb489962|127.0.0.1:15055, 99cb6aa4-ab14-4525-b571-11fa40308ff9|127.0.0.1:15039, 072971cd-5d05-4d2d-80ca-509be4281031|127.0.0.1:15087]
java.util.concurrent.CompletionException: org.apache.ratis.protocol.exceptions.AlreadyExistsException: 072971cd-5d05-4d2d-80ca-509be4281031: Failed to add group-60E9EE0A11F4:[1ed39f2b-ba05-41d4-bcbc-50acfb489962|127.0.0.1:15055, 99cb6aa4-ab14-4525-b571-11fa40308ff9|127.0.0.1:15039, 072971cd-5d05-4d2d-80ca-509be4281031|127.0.0.1:15087] since the group already exists in the map.
	at java.base/java.util.concurrent.CompletableFuture.encodeThrowable(CompletableFuture.java:332)
	at java.base/java.util.concurrent.CompletableFuture.uniApplyNow(CompletableFuture.java:674)
	at java.base/java.util.concurrent.CompletableFuture.uniApplyStage(CompletableFuture.java:662)
	at java.base/java.util.concurrent.CompletableFuture.thenApplyAsync(CompletableFuture.java:2210)
	at org.apache.ratis.server.impl.RaftServerProxy.groupAddAsync(RaftServerProxy.java:513)
	at org.apache.ratis.server.impl.RaftServerProxy.groupManagementAsync(RaftServerProxy.java:495)
	at org.apache.ratis.grpc.server.GrpcAdminProtocolService.lambda$groupManagement$0(GrpcAdminProtocolService.java:51)
	at org.apache.ratis.grpc.GrpcUtil.asyncCall(GrpcUtil.java:172)
	at org.apache.ratis.grpc.server.GrpcAdminProtocolService.groupManagement(GrpcAdminProtocolService.java:51)
	at org.apache.ratis.proto.grpc.AdminProtocolServiceGrpc$MethodHandlers.invoke(AdminProtocolServiceGrpc.java:701)
	at org.apache.ratis.thirdparty.io.grpc.stub.ServerCalls$UnaryServerCallHandler$UnaryServerCallListener.onHalfClose(ServerCalls.java:182)
	at org.apache.ratis.thirdparty.io.grpc.internal.ServerCallImpl$ServerStreamListenerImpl.halfClosed(ServerCallImpl.java:356)
	at org.apache.ratis.thirdparty.io.grpc.internal.ServerImpl$JumpToApplicationThreadServerStreamListener$1HalfClosed.runInContext(ServerImpl.java:861)
	at org.apache.ratis.thirdparty.io.grpc.internal.ContextRunnable.run(ContextRunnable.java:37)
	at org.apache.ratis.thirdparty.io.grpc.internal.SerializingExecutor.run(SerializingExecutor.java:133)
	at java.base/java.util.concurrent.ThreadPoolExecutor.runWorker(ThreadPoolExecutor.java:1144)
	at java.base/java.util.concurrent.ThreadPoolExecutor$Worker.run(ThreadPoolExecutor.java:642)
	at java.base/java.lang.Thread.run(Thread.java:1583)
Caused by: org.apache.ratis.protocol.exceptions.AlreadyExistsException: 072971cd-5d05-4d2d-80ca-509be4281031: Failed to add group-60E9EE0A11F4:[1ed39f2b-ba05-41d4-bcbc-50acfb489962|127.0.0.1:15055, 99cb6aa4-ab14-4525-b571-11fa40308ff9|127.0.0.1:15039, 072971cd-5d05-4d2d-80ca-509be4281031|127.0.0.1:15087] since the group already exists in the map.
	at org.apache.ratis.server.impl.RaftServerProxy$ImplMap.addNew(RaftServerProxy.java:99)
	at org.apache.ratis.server.impl.RaftServerProxy.groupAddAsync(RaftServerProxy.java:512)
	... 13 more
2025-07-15 19:46:08,225 [faa2b429-16a2-49fa-ab42-514c70ac334b-groupManagement] INFO  server.RaftServerConfigKeys (ConfUtils.java:logGet(62)) - raft.server.storage.dir = [/home/runner/work/ozone/ozone/hadoop-ozone/integration-test/target/test-dir/MiniOzoneClusterImpl-7a2c00ee-15e1-4921-aa6b-526c14ec89d8/ozone-meta/datanode-5/ratis8aafc780-4245-4c46-8f87-c6768e72163b] (custom)
2025-07-15 19:46:08,225 [faa2b429-16a2-49fa-ab42-514c70ac334b-groupManagement] INFO  storage.RaftStorageDirectory (RaftStorageDirectoryImpl.java:analyzeStorage(138)) - The storage directory /home/runner/work/ozone/ozone/hadoop-ozone/integration-test/target/test-dir/MiniOzoneClusterImpl-7a2c00ee-15e1-4921-aa6b-526c14ec89d8/ozone-meta/datanode-5/ratis8aafc780-4245-4c46-8f87-c6768e72163b/98918b16-2647-4468-8f6d-972f9fe9baca does not exist. Creating ...
2025-07-15 19:46:08,226 [faa2b429-16a2-49fa-ab42-514c70ac334b-groupManagement] INFO  storage.RaftStorageDirectory (RaftStorageDirectoryImpl.java:tryLock(229)) - Lock on /home/runner/work/ozone/ozone/hadoop-ozone/integration-test/target/test-dir/MiniOzoneClusterImpl-7a2c00ee-15e1-4921-aa6b-526c14ec89d8/ozone-meta/datanode-5/ratis8aafc780-4245-4c46-8f87-c6768e72163b/98918b16-2647-4468-8f6d-972f9fe9baca/in_use.lock acquired by nodename 18953@localhost
2025-07-15 19:46:08,228 [faa2b429-16a2-49fa-ab42-514c70ac334b-groupManagement] INFO  storage.RaftStorage (RaftStorageImpl.java:format(98)) - Storage directory /home/runner/work/ozone/ozone/hadoop-ozone/integration-test/target/test-dir/MiniOzoneClusterImpl-7a2c00ee-15e1-4921-aa6b-526c14ec89d8/ozone-meta/datanode-5/ratis8aafc780-4245-4c46-8f87-c6768e72163b/98918b16-2647-4468-8f6d-972f9fe9baca has been successfully formatted.
2025-07-15 19:46:08,228 [faa2b429-16a2-49fa-ab42-514c70ac334b-groupManagement] INFO  ratis.ContainerStateMachine (ContainerStateMachine.java:initialize(339)) - faa2b429-16a2-49fa-ab42-514c70ac334b: initialize group-972F9FE9BACA
2025-07-15 19:46:08,228 [faa2b429-16a2-49fa-ab42-514c70ac334b-groupManagement] INFO  ratis.ContainerStateMachine (ContainerStateMachine.java:loadSnapshot(347)) - group-972F9FE9BACA: The snapshot info is null. Setting the last applied index to:<INITIAL_VALUE>
2025-07-15 19:46:08,228 [faa2b429-16a2-49fa-ab42-514c70ac334b-groupManagement] INFO  server.RaftServerConfigKeys (ConfUtils.java:logGet(62)) - raft.server.log.appender.buffer.byte-limit = 33554432 (custom)
2025-07-15 19:46:08,230 [99cb6aa4-ab14-4525-b571-11fa40308ff9-PipelineCommandHandlerThread-0] INFO  commandhandler.CreatePipelineCommandHandler (CreatePipelineCommandHandler.java:lambda$handle$2(127)) - Created Pipeline RATIS THREE Pipeline-96aac1d1-57dd-466c-a41c-60e9ee0a11f4.
2025-07-15 19:46:08,230 [faa2b429-16a2-49fa-ab42-514c70ac334b-groupManagement] INFO  server.RaftServerConfigKeys (ConfUtils.java:logGet(62)) - raft.server.log.segment.size.max = 67108864 (custom)
2025-07-15 19:46:08,231 [faa2b429-16a2-49fa-ab42-514c70ac334b-groupManagement] INFO  server.RaftServerConfigKeys (ConfUtils.java:logGet(62)) - raft.server.log.appender.buffer.byte-limit = 33554432 (custom)
2025-07-15 19:46:08,231 [faa2b429-16a2-49fa-ab42-514c70ac334b-groupManagement] INFO  util.AwaitToRun (AwaitToRun.java:start(81)) - Thread[#2034,faa2b429-16a2-49fa-ab42-514c70ac334b@group-972F9FE9BACA-cacheEviction-AwaitToRun,5,main] started
2025-07-15 19:46:08,231 [faa2b429-16a2-49fa-ab42-514c70ac334b-groupManagement] INFO  segmented.SegmentedRaftLogWorker (SegmentedRaftLogWorker.java:<init>(190)) - new faa2b429-16a2-49fa-ab42-514c70ac334b@group-972F9FE9BACA-SegmentedRaftLogWorker for RaftStorageImpl:Storage Directory /home/runner/work/ozone/ozone/hadoop-ozone/integration-test/target/test-dir/MiniOzoneClusterImpl-7a2c00ee-15e1-4921-aa6b-526c14ec89d8/ozone-meta/datanode-5/ratis8aafc780-4245-4c46-8f87-c6768e72163b/98918b16-2647-4468-8f6d-972f9fe9baca
2025-07-15 19:46:08,231 [faa2b429-16a2-49fa-ab42-514c70ac334b-groupManagement] INFO  server.RaftServerConfigKeys (ConfUtils.java:logGet(62)) - raft.server.log.queue.byte-limit = 4294967296 (custom)
2025-07-15 19:46:08,231 [faa2b429-16a2-49fa-ab42-514c70ac334b-groupManagement] INFO  server.RaftServerConfigKeys (ConfUtils.java:logGet(62)) - raft.server.log.segment.size.max = 67108864 (custom)
2025-07-15 19:46:08,231 [faa2b429-16a2-49fa-ab42-514c70ac334b-groupManagement] INFO  server.RaftServerConfigKeys (ConfUtils.java:logGet(62)) - raft.server.log.preallocated.size = 4194304 (custom)
2025-07-15 19:46:08,232 [faa2b429-16a2-49fa-ab42-514c70ac334b-groupManagement] INFO  server.RaftServerConfigKeys (ConfUtils.java:logGet(62)) - raft.server.log.write.buffer.size = 33554440 (custom)
2025-07-15 19:46:08,233 [EventQueue-PipelineReportForPipelineReportHandler] INFO  pipeline.PipelineReportHandler (PipelineReportHandler.java:processPipelineReport(134)) - Opened pipeline Pipeline-98918b16-2647-4468-8f6d-972f9fe9baca
2025-07-15 19:46:08,237 [faa2b429-16a2-49fa-ab42-514c70ac334b-groupManagement] INFO  server.RaftServerConfigKeys (ConfUtils.java:logGet(62)) - raft.server.log.appender.buffer.byte-limit = 33554432 (custom)
2025-07-15 19:46:08,237 [faa2b429-16a2-49fa-ab42-514c70ac334b-groupManagement] INFO  segmented.SegmentedRaftLogWorker (SegmentedRaftLogWorker.java:lambda$new$0(141)) - faa2b429-16a2-49fa-ab42-514c70ac334b@group-972F9FE9BACA-SegmentedRaftLogWorker: flushIndex: setUnconditionally 0 -> -1
2025-07-15 19:46:08,238 [faa2b429-16a2-49fa-ab42-514c70ac334b-groupManagement] INFO  segmented.SegmentedRaftLogWorker (SegmentedRaftLogWorker.java:lambda$new$0(141)) - faa2b429-16a2-49fa-ab42-514c70ac334b@group-972F9FE9BACA-SegmentedRaftLogWorker: safeCacheEvictIndex: setUnconditionally 0 -> -1
2025-07-15 19:46:08,238 [faa2b429-16a2-49fa-ab42-514c70ac334b-groupManagement] INFO  server.RaftServer$Division (RaftServerImpl.java:start(405)) - faa2b429-16a2-49fa-ab42-514c70ac334b@group-972F9FE9BACA: start as a follower, conf=conf: {index: -1, cur=peers:[faa2b429-16a2-49fa-ab42-514c70ac334b|127.0.0.1:15047]|listeners:[], old=null}
2025-07-15 19:46:08,238 [faa2b429-16a2-49fa-ab42-514c70ac334b-groupManagement] INFO  server.RaftServer$Division (RaftServerImpl.java:setRole(392)) - faa2b429-16a2-49fa-ab42-514c70ac334b@group-972F9FE9BACA: changes role from      null to FOLLOWER at term 0 for startAsFollower
2025-07-15 19:46:08,238 [faa2b429-16a2-49fa-ab42-514c70ac334b-groupManagement] INFO  impl.RoleInfo (RoleInfo.java:updateAndGet(148)) - faa2b429-16a2-49fa-ab42-514c70ac334b: start faa2b429-16a2-49fa-ab42-514c70ac334b@group-972F9FE9BACA-FollowerState
2025-07-15 19:46:08,239 [faa2b429-16a2-49fa-ab42-514c70ac334b-groupManagement] INFO  util.JmxRegister (JmxRegister.java:tryRegister(44)) - Successfully registered JMX Bean with object name Ratis:service=RaftServer,group=group-972F9FE9BACA,id=faa2b429-16a2-49fa-ab42-514c70ac334b
2025-07-15 19:46:08,239 [faa2b429-16a2-49fa-ab42-514c70ac334b-groupManagement] INFO  util.JmxRegister (JmxRegister.java:register(58)) - register mxBean class org.apache.ratis.server.impl.RaftServerJmxAdapter as Ratis:service=RaftServer,group=group-972F9FE9BACA,id=faa2b429-16a2-49fa-ab42-514c70ac334b
2025-07-15 19:46:08,240 [faa2b429-16a2-49fa-ab42-514c70ac334b-groupManagement] INFO  server.RaftServer$Division (RaftServerImpl.java:start(419)) - faa2b429-16a2-49fa-ab42-514c70ac334b@group-972F9FE9BACA: Successfully started.
2025-07-15 19:46:08,241 [faa2b429-16a2-49fa-ab42-514c70ac334b-PipelineCommandHandlerThread-0] INFO  ratis.XceiverServerRatis (XceiverServerRatis.java:addGroup(843)) - Created group Pipeline-98918b16-2647-4468-8f6d-972f9fe9baca
2025-07-15 19:46:08,241 [faa2b429-16a2-49fa-ab42-514c70ac334b-PipelineCommandHandlerThread-0] INFO  commandhandler.CreatePipelineCommandHandler (CreatePipelineCommandHandler.java:lambda$handle$2(127)) - Created Pipeline RATIS ONE Pipeline-98918b16-2647-4468-8f6d-972f9fe9baca.
2025-07-15 19:46:08,574 [timer5] WARN  server.GrpcLogAppender (GrpcLogAppender.java:timeoutAppendRequest(448)) - 73892b45-0ad3-4392-8d09-ab2d1cd7ede4@group-A35D399F7985->262265f8-b6b0-4173-8249-6c4ff56c562c-GrpcLogAppender: Timed out HEARTBEAT appendEntries, errorCount=31, request=AppendEntriesRequest:cid=4632,entriesCount=0
2025-07-15 19:46:09,118 [262265f8-b6b0-4173-8249-6c4ff56c562c@group-601FDA285062-FollowerState] INFO  impl.FollowerState (FollowerState.java:runImpl(161)) - 262265f8-b6b0-4173-8249-6c4ff56c562c@group-601FDA285062-FollowerState: change to CANDIDATE, lastRpcElapsedTime:1107436963ns, electionTimeout:1107ms
2025-07-15 19:46:09,118 [262265f8-b6b0-4173-8249-6c4ff56c562c@group-601FDA285062-FollowerState] INFO  impl.RoleInfo (RoleInfo.java:shutdownFollowerState(121)) - 262265f8-b6b0-4173-8249-6c4ff56c562c: shutdown 262265f8-b6b0-4173-8249-6c4ff56c562c@group-601FDA285062-FollowerState
2025-07-15 19:46:09,118 [262265f8-b6b0-4173-8249-6c4ff56c562c@group-601FDA285062-FollowerState] INFO  server.RaftServer$Division (RaftServerImpl.java:setRole(392)) - 262265f8-b6b0-4173-8249-6c4ff56c562c@group-601FDA285062: changes role from  FOLLOWER to CANDIDATE at term 0 for changeToCandidate
2025-07-15 19:46:09,119 [262265f8-b6b0-4173-8249-6c4ff56c562c@group-601FDA285062-FollowerState] INFO  impl.RoleInfo (RoleInfo.java:updateAndGet(148)) - 262265f8-b6b0-4173-8249-6c4ff56c562c: start 262265f8-b6b0-4173-8249-6c4ff56c562c@group-601FDA285062-LeaderElection26
2025-07-15 19:46:09,119 [262265f8-b6b0-4173-8249-6c4ff56c562c@group-601FDA285062-LeaderElection26] INFO  impl.LeaderElection (LeaderElection.java:askForVotes(448)) - 262265f8-b6b0-4173-8249-6c4ff56c562c@group-601FDA285062-LeaderElection26 PRE_VOTE round 0: submit vote requests at term 0 for conf: {index: -1, cur=peers:[262265f8-b6b0-4173-8249-6c4ff56c562c|127.0.0.1:15063]|listeners:[], old=null}
2025-07-15 19:46:09,119 [262265f8-b6b0-4173-8249-6c4ff56c562c@group-601FDA285062-LeaderElection26] INFO  impl.LeaderElection (LeaderElection.java:askForVotes(450)) - 262265f8-b6b0-4173-8249-6c4ff56c562c@group-601FDA285062-LeaderElection26 PRE_VOTE round 0: result PASSED (term=0)
2025-07-15 19:46:09,120 [262265f8-b6b0-4173-8249-6c4ff56c562c@group-601FDA285062-LeaderElection26] INFO  impl.LeaderElection (LeaderElection.java:askForVotes(448)) - 262265f8-b6b0-4173-8249-6c4ff56c562c@group-601FDA285062-LeaderElection26 ELECTION round 0: submit vote requests at term 1 for conf: {index: -1, cur=peers:[262265f8-b6b0-4173-8249-6c4ff56c562c|127.0.0.1:15063]|listeners:[], old=null}
2025-07-15 19:46:09,120 [262265f8-b6b0-4173-8249-6c4ff56c562c@group-601FDA285062-LeaderElection26] INFO  impl.LeaderElection (LeaderElection.java:askForVotes(450)) - 262265f8-b6b0-4173-8249-6c4ff56c562c@group-601FDA285062-LeaderElection26 ELECTION round 0: result PASSED (term=1)
2025-07-15 19:46:09,120 [262265f8-b6b0-4173-8249-6c4ff56c562c@group-601FDA285062-LeaderElection26] INFO  impl.RoleInfo (RoleInfo.java:shutdownLeaderElection(141)) - 262265f8-b6b0-4173-8249-6c4ff56c562c: shutdown 262265f8-b6b0-4173-8249-6c4ff56c562c@group-601FDA285062-LeaderElection26
2025-07-15 19:46:09,120 [262265f8-b6b0-4173-8249-6c4ff56c562c@group-601FDA285062-LeaderElection26] INFO  server.RaftServer$Division (RaftServerImpl.java:setRole(392)) - 262265f8-b6b0-4173-8249-6c4ff56c562c@group-601FDA285062: changes role from CANDIDATE to LEADER at term 1 for changeToLeader
2025-07-15 19:46:09,121 [262265f8-b6b0-4173-8249-6c4ff56c562c@group-601FDA285062-LeaderElection26] INFO  server.RaftServerConfigKeys (ConfUtils.java:logFallback(69)) - raft.server.staging.timeout = 15600ms (fallback to raft.server.rpc.timeout.max)
2025-07-15 19:46:09,121 [262265f8-b6b0-4173-8249-6c4ff56c562c@group-601FDA285062-LeaderElection26] INFO  server.RaftServerConfigKeys (ConfUtils.java:logGet(62)) - raft.server.write.byte-limit = 1024 M (=1073741824) (custom)
2025-07-15 19:46:09,122 [262265f8-b6b0-4173-8249-6c4ff56c562c@group-601FDA285062-LeaderElection26] INFO  impl.RoleInfo (RoleInfo.java:updateAndGet(148)) - 262265f8-b6b0-4173-8249-6c4ff56c562c: start 262265f8-b6b0-4173-8249-6c4ff56c562c@group-601FDA285062-LeaderStateImpl
2025-07-15 19:46:09,122 [262265f8-b6b0-4173-8249-6c4ff56c562c@group-601FDA285062-LeaderElection26] INFO  server.RaftServer$Division (RaftServerImpl.java:setFirstElection(576)) - 262265f8-b6b0-4173-8249-6c4ff56c562c@group-601FDA285062: set firstElectionSinceStartup to false for becomeLeader
2025-07-15 19:46:09,122 [262265f8-b6b0-4173-8249-6c4ff56c562c@group-601FDA285062-LeaderElection26] INFO  ratis.XceiverServerRatis (XceiverServerRatis.java:handleLeaderChangedNotification(944)) - Leader change notification received for group: group-601FDA285062 with new leaderId: 262265f8-b6b0-4173-8249-6c4ff56c562c
2025-07-15 19:46:09,122 [262265f8-b6b0-4173-8249-6c4ff56c562c@group-601FDA285062-LeaderElection26] INFO  server.RaftServer$Division (ServerState.java:setLeader(272)) - 262265f8-b6b0-4173-8249-6c4ff56c562c@group-601FDA285062: change Leader from null to 262265f8-b6b0-4173-8249-6c4ff56c562c at term 1 for becomeLeader, leader elected after 1125ms
2025-07-15 19:46:09,122 [262265f8-b6b0-4173-8249-6c4ff56c562c@group-601FDA285062-LeaderElection26] INFO  segmented.SegmentedRaftLogWorker (SegmentedRaftLogWorker.java:startLogSegment(440)) - 262265f8-b6b0-4173-8249-6c4ff56c562c@group-601FDA285062-SegmentedRaftLogWorker: Starting segment from index:0
2025-07-15 19:46:09,122 [262265f8-b6b0-4173-8249-6c4ff56c562c@group-601FDA285062-LeaderElection26] INFO  server.RaftServer$Division (ServerState.java:setRaftConf(386)) - 262265f8-b6b0-4173-8249-6c4ff56c562c@group-601FDA285062: set configuration conf: {index: 0, cur=peers:[262265f8-b6b0-4173-8249-6c4ff56c562c|127.0.0.1:15063]|listeners:[], old=null}
2025-07-15 19:46:09,123 [262265f8-b6b0-4173-8249-6c4ff56c562c@group-601FDA285062-SegmentedRaftLogWorker] INFO  segmented.BufferedWriteChannel (BufferedWriteChannel.java:open(61)) - open log_inprogress_0 at position 0
2025-07-15 19:46:09,133 [262265f8-b6b0-4173-8249-6c4ff56c562c@group-601FDA285062-SegmentedRaftLogWorker] INFO  segmented.SegmentedRaftLogWorker (SegmentedRaftLogWorker.java:execute(647)) - 262265f8-b6b0-4173-8249-6c4ff56c562c@group-601FDA285062-SegmentedRaftLogWorker: created new log segment /home/runner/work/ozone/ozone/hadoop-ozone/integration-test/target/test-dir/MiniOzoneClusterImpl-7a2c00ee-15e1-4921-aa6b-526c14ec89d8/ozone-meta/datanode-7/ratisd3c09cfe-1d0a-4dc8-8ed0-5b6543917d40/27cf4830-85f0-4be9-a26e-601fda285062/current/log_inprogress_0
2025-07-15 19:46:09,135 [262265f8-b6b0-4173-8249-6c4ff56c562c@group-601FDA285062-StateMachineUpdater] INFO  server.RaftServer$Division (LeaderStateImpl.java:checkStartIndex(309)) - Leader 262265f8-b6b0-4173-8249-6c4ff56c562c@group-601FDA285062-LeaderStateImpl is ready since appliedIndex == startIndex == 0
2025-07-15 19:46:09,135 [262265f8-b6b0-4173-8249-6c4ff56c562c@group-601FDA285062-StateMachineUpdater] INFO  ratis.ContainerStateMachine (ContainerStateMachine.java:takeSnapshot(427)) - group-601FDA285062: Taking a snapshot at:(t:1, i:0) file /home/runner/work/ozone/ozone/hadoop-ozone/integration-test/target/test-dir/MiniOzoneClusterImpl-7a2c00ee-15e1-4921-aa6b-526c14ec89d8/ozone-meta/datanode-7/ratisd3c09cfe-1d0a-4dc8-8ed0-5b6543917d40/27cf4830-85f0-4be9-a26e-601fda285062/sm/snapshot.1_0
2025-07-15 19:46:09,136 [262265f8-b6b0-4173-8249-6c4ff56c562c@group-601FDA285062-StateMachineUpdater] INFO  ratis.ContainerStateMachine (ContainerStateMachine.java:takeSnapshot(436)) - group-601FDA285062: Finished taking a snapshot at:(t:1, i:0) file:/home/runner/work/ozone/ozone/hadoop-ozone/integration-test/target/test-dir/MiniOzoneClusterImpl-7a2c00ee-15e1-4921-aa6b-526c14ec89d8/ozone-meta/datanode-7/ratisd3c09cfe-1d0a-4dc8-8ed0-5b6543917d40/27cf4830-85f0-4be9-a26e-601fda285062/sm/snapshot.1_0 took: 1 ms
2025-07-15 19:46:09,136 [262265f8-b6b0-4173-8249-6c4ff56c562c@group-601FDA285062-StateMachineUpdater] INFO  impl.StateMachineUpdater (StateMachineUpdater.java:takeSnapshot(307)) - 262265f8-b6b0-4173-8249-6c4ff56c562c@group-601FDA285062-StateMachineUpdater: Took a snapshot at index 0
2025-07-15 19:46:09,136 [262265f8-b6b0-4173-8249-6c4ff56c562c@group-601FDA285062-StateMachineUpdater] INFO  impl.StateMachineUpdater (StateMachineUpdater.java:lambda$new$0(101)) - 262265f8-b6b0-4173-8249-6c4ff56c562c@group-601FDA285062-StateMachineUpdater: snapshotIndex: updateIncreasingly -1 -> 0
2025-07-15 19:46:09,182 [99cb6aa4-ab14-4525-b571-11fa40308ff9@group-E8E671F522EE-FollowerState] INFO  impl.FollowerState (FollowerState.java:runImpl(161)) - 99cb6aa4-ab14-4525-b571-11fa40308ff9@group-E8E671F522EE-FollowerState: change to CANDIDATE, lastRpcElapsedTime:1101479432ns, electionTimeout:1101ms
2025-07-15 19:46:09,182 [99cb6aa4-ab14-4525-b571-11fa40308ff9@group-E8E671F522EE-FollowerState] INFO  impl.RoleInfo (RoleInfo.java:shutdownFollowerState(121)) - 99cb6aa4-ab14-4525-b571-11fa40308ff9: shutdown 99cb6aa4-ab14-4525-b571-11fa40308ff9@group-E8E671F522EE-FollowerState
2025-07-15 19:46:09,182 [99cb6aa4-ab14-4525-b571-11fa40308ff9@group-E8E671F522EE-FollowerState] INFO  server.RaftServer$Division (RaftServerImpl.java:setRole(392)) - 99cb6aa4-ab14-4525-b571-11fa40308ff9@group-E8E671F522EE: changes role from  FOLLOWER to CANDIDATE at term 0 for changeToCandidate
2025-07-15 19:46:09,182 [99cb6aa4-ab14-4525-b571-11fa40308ff9@group-E8E671F522EE-FollowerState] INFO  impl.RoleInfo (RoleInfo.java:updateAndGet(148)) - 99cb6aa4-ab14-4525-b571-11fa40308ff9: start 99cb6aa4-ab14-4525-b571-11fa40308ff9@group-E8E671F522EE-LeaderElection27
2025-07-15 19:46:09,183 [99cb6aa4-ab14-4525-b571-11fa40308ff9@group-E8E671F522EE-LeaderElection27] INFO  impl.LeaderElection (LeaderElection.java:askForVotes(448)) - 99cb6aa4-ab14-4525-b571-11fa40308ff9@group-E8E671F522EE-LeaderElection27 PRE_VOTE round 0: submit vote requests at term 0 for conf: {index: -1, cur=peers:[faa2b429-16a2-49fa-ab42-514c70ac334b|127.0.0.1:15047, 99cb6aa4-ab14-4525-b571-11fa40308ff9|127.0.0.1:15039, 072971cd-5d05-4d2d-80ca-509be4281031|127.0.0.1:15087]|listeners:[], old=null}
2025-07-15 19:46:09,184 [99cb6aa4-ab14-4525-b571-11fa40308ff9@group-E8E671F522EE-LeaderElection27-2] INFO  server.GrpcServerProtocolClient (GrpcServerProtocolClient.java:<init>(65)) - Build channel for 072971cd-5d05-4d2d-80ca-509be4281031|127.0.0.1:15087
2025-07-15 19:46:09,186 [grpc-default-executor-1] INFO  server.RaftServer$Division (RaftServerImpl.java:requestVote(1421)) - faa2b429-16a2-49fa-ab42-514c70ac334b@group-E8E671F522EE: receive requestVote(PRE_VOTE, 99cb6aa4-ab14-4525-b571-11fa40308ff9, group-E8E671F522EE, 0, <PROTO_DEFAULT>)
2025-07-15 19:46:09,186 [grpc-default-executor-1] INFO  impl.VoteContext (VoteContext.java:log(49)) - faa2b429-16a2-49fa-ab42-514c70ac334b@group-E8E671F522EE-FOLLOWER: accept PRE_VOTE from 99cb6aa4-ab14-4525-b571-11fa40308ff9: our priority 0 <= candidate's priority 0
2025-07-15 19:46:09,186 [grpc-default-executor-1] INFO  server.RaftServer$Division (RaftServerImpl.java:requestVote(1455)) - faa2b429-16a2-49fa-ab42-514c70ac334b@group-E8E671F522EE replies to PRE_VOTE vote request: 99cb6aa4-ab14-4525-b571-11fa40308ff9<-faa2b429-16a2-49fa-ab42-514c70ac334b#0:OK-t0-last:<INITIAL_VALUE>. Peer's state: faa2b429-16a2-49fa-ab42-514c70ac334b@group-E8E671F522EE:t0, leader=null, voted=, raftlog=Memoized:faa2b429-16a2-49fa-ab42-514c70ac334b@group-E8E671F522EE-SegmentedRaftLog:OPENED:c-1:lastnull, conf=conf: {index: -1, cur=peers:[faa2b429-16a2-49fa-ab42-514c70ac334b|127.0.0.1:15047, 99cb6aa4-ab14-4525-b571-11fa40308ff9|127.0.0.1:15039, 072971cd-5d05-4d2d-80ca-509be4281031|127.0.0.1:15087]|listeners:[], old=null}
2025-07-15 19:46:09,187 [grpc-default-executor-0] INFO  server.RaftServer$Division (RaftServerImpl.java:requestVote(1421)) - 072971cd-5d05-4d2d-80ca-509be4281031@group-E8E671F522EE: receive requestVote(PRE_VOTE, 99cb6aa4-ab14-4525-b571-11fa40308ff9, group-E8E671F522EE, 0, <PROTO_DEFAULT>)
2025-07-15 19:46:09,187 [grpc-default-executor-0] INFO  impl.VoteContext (VoteContext.java:log(49)) - 072971cd-5d05-4d2d-80ca-509be4281031@group-E8E671F522EE-FOLLOWER: reject PRE_VOTE from 99cb6aa4-ab14-4525-b571-11fa40308ff9: our priority 1 > candidate's priority 0
2025-07-15 19:46:09,187 [grpc-default-executor-0] INFO  server.RaftServer$Division (RaftServerImpl.java:requestVote(1455)) - 072971cd-5d05-4d2d-80ca-509be4281031@group-E8E671F522EE replies to PRE_VOTE vote request: 99cb6aa4-ab14-4525-b571-11fa40308ff9<-072971cd-5d05-4d2d-80ca-509be4281031#0:FAIL-t0-last:<INITIAL_VALUE>. Peer's state: 072971cd-5d05-4d2d-80ca-509be4281031@group-E8E671F522EE:t0, leader=null, voted=, raftlog=Memoized:072971cd-5d05-4d2d-80ca-509be4281031@group-E8E671F522EE-SegmentedRaftLog:OPENED:c-1:lastnull, conf=conf: {index: -1, cur=peers:[faa2b429-16a2-49fa-ab42-514c70ac334b|127.0.0.1:15047, 99cb6aa4-ab14-4525-b571-11fa40308ff9|127.0.0.1:15039, 072971cd-5d05-4d2d-80ca-509be4281031|127.0.0.1:15087]|listeners:[], old=null}
2025-07-15 19:46:09,188 [99cb6aa4-ab14-4525-b571-11fa40308ff9@group-E8E671F522EE-LeaderElection27] INFO  impl.LeaderElection (LeaderElection.java:logAndReturn(206)) - 99cb6aa4-ab14-4525-b571-11fa40308ff9@group-E8E671F522EE-LeaderElection27: PRE_VOTE REJECTED received 2 response(s) and 0 exception(s):
2025-07-15 19:46:09,188 [99cb6aa4-ab14-4525-b571-11fa40308ff9@group-E8E671F522EE-LeaderElection27] INFO  impl.LeaderElection (LeaderElection.java:logAndReturn(210)) -   Response 0: 99cb6aa4-ab14-4525-b571-11fa40308ff9<-faa2b429-16a2-49fa-ab42-514c70ac334b#0:OK-t0-last:<INITIAL_VALUE>
2025-07-15 19:46:09,188 [99cb6aa4-ab14-4525-b571-11fa40308ff9@group-E8E671F522EE-LeaderElection27] INFO  impl.LeaderElection (LeaderElection.java:logAndReturn(210)) -   Response 1: 99cb6aa4-ab14-4525-b571-11fa40308ff9<-072971cd-5d05-4d2d-80ca-509be4281031#0:FAIL-t0-last:<INITIAL_VALUE>
2025-07-15 19:46:09,188 [99cb6aa4-ab14-4525-b571-11fa40308ff9@group-E8E671F522EE-LeaderElection27] INFO  impl.LeaderElection (LeaderElection.java:askForVotes(450)) - 99cb6aa4-ab14-4525-b571-11fa40308ff9@group-E8E671F522EE-LeaderElection27 PRE_VOTE round 0: result REJECTED
2025-07-15 19:46:09,188 [99cb6aa4-ab14-4525-b571-11fa40308ff9@group-E8E671F522EE-LeaderElection27] INFO  server.RaftServer$Division (RaftServerImpl.java:setRole(392)) - 99cb6aa4-ab14-4525-b571-11fa40308ff9@group-E8E671F522EE: changes role from CANDIDATE to FOLLOWER at term 0 for REJECTED
2025-07-15 19:46:09,188 [99cb6aa4-ab14-4525-b571-11fa40308ff9@group-E8E671F522EE-LeaderElection27] INFO  impl.RoleInfo (RoleInfo.java:shutdownLeaderElection(141)) - 99cb6aa4-ab14-4525-b571-11fa40308ff9: shutdown 99cb6aa4-ab14-4525-b571-11fa40308ff9@group-E8E671F522EE-LeaderElection27
2025-07-15 19:46:09,188 [99cb6aa4-ab14-4525-b571-11fa40308ff9@group-E8E671F522EE-LeaderElection27] INFO  impl.RoleInfo (RoleInfo.java:updateAndGet(148)) - 99cb6aa4-ab14-4525-b571-11fa40308ff9: start 99cb6aa4-ab14-4525-b571-11fa40308ff9@group-E8E671F522EE-FollowerState
2025-07-15 19:46:09,188 [99cb6aa4-ab14-4525-b571-11fa40308ff9@group-E8E671F522EE-LeaderElection27] INFO  server.RaftServer$Division (RaftServerImpl.java:setFirstElection(576)) - 99cb6aa4-ab14-4525-b571-11fa40308ff9@group-E8E671F522EE: set firstElectionSinceStartup to false for REJECTED
2025-07-15 19:46:09,222 [072971cd-5d05-4d2d-80ca-509be4281031@group-60E9EE0A11F4-FollowerState] INFO  impl.FollowerState (FollowerState.java:runImpl(161)) - 072971cd-5d05-4d2d-80ca-509be4281031@group-60E9EE0A11F4-FollowerState: change to CANDIDATE, lastRpcElapsedTime:1079436900ns, electionTimeout:1079ms
2025-07-15 19:46:09,222 [072971cd-5d05-4d2d-80ca-509be4281031@group-60E9EE0A11F4-FollowerState] INFO  impl.RoleInfo (RoleInfo.java:shutdownFollowerState(121)) - 072971cd-5d05-4d2d-80ca-509be4281031: shutdown 072971cd-5d05-4d2d-80ca-509be4281031@group-60E9EE0A11F4-FollowerState
2025-07-15 19:46:09,222 [072971cd-5d05-4d2d-80ca-509be4281031@group-60E9EE0A11F4-FollowerState] INFO  server.RaftServer$Division (RaftServerImpl.java:setRole(392)) - 072971cd-5d05-4d2d-80ca-509be4281031@group-60E9EE0A11F4: changes role from  FOLLOWER to CANDIDATE at term 0 for changeToCandidate
2025-07-15 19:46:09,223 [072971cd-5d05-4d2d-80ca-509be4281031@group-60E9EE0A11F4-FollowerState] INFO  impl.RoleInfo (RoleInfo.java:updateAndGet(148)) - 072971cd-5d05-4d2d-80ca-509be4281031: start 072971cd-5d05-4d2d-80ca-509be4281031@group-60E9EE0A11F4-LeaderElection28
2025-07-15 19:46:09,223 [072971cd-5d05-4d2d-80ca-509be4281031@group-60E9EE0A11F4-LeaderElection28] INFO  impl.LeaderElection (LeaderElection.java:askForVotes(448)) - 072971cd-5d05-4d2d-80ca-509be4281031@group-60E9EE0A11F4-LeaderElection28 PRE_VOTE round 0: submit vote requests at term 0 for conf: {index: -1, cur=peers:[1ed39f2b-ba05-41d4-bcbc-50acfb489962|127.0.0.1:15055, 99cb6aa4-ab14-4525-b571-11fa40308ff9|127.0.0.1:15039, 072971cd-5d05-4d2d-80ca-509be4281031|127.0.0.1:15087]|listeners:[], old=null}
2025-07-15 19:46:09,223 [072971cd-5d05-4d2d-80ca-509be4281031@group-60E9EE0A11F4-LeaderElection28-1] INFO  server.GrpcServerProtocolClient (GrpcServerProtocolClient.java:<init>(65)) - Build channel for 1ed39f2b-ba05-41d4-bcbc-50acfb489962|127.0.0.1:15055
2025-07-15 19:46:09,223 [072971cd-5d05-4d2d-80ca-509be4281031@group-60E9EE0A11F4-LeaderElection28-2] INFO  server.GrpcServerProtocolClient (GrpcServerProtocolClient.java:<init>(65)) - Build channel for 99cb6aa4-ab14-4525-b571-11fa40308ff9|127.0.0.1:15039
2025-07-15 19:46:09,226 [grpc-default-executor-1] INFO  server.RaftServer$Division (RaftServerImpl.java:requestVote(1421)) - 99cb6aa4-ab14-4525-b571-11fa40308ff9@group-60E9EE0A11F4: receive requestVote(PRE_VOTE, 072971cd-5d05-4d2d-80ca-509be4281031, group-60E9EE0A11F4, 0, <PROTO_DEFAULT>)
2025-07-15 19:46:09,226 [grpc-default-executor-0] INFO  server.RaftServer$Division (RaftServerImpl.java:requestVote(1421)) - 1ed39f2b-ba05-41d4-bcbc-50acfb489962@group-60E9EE0A11F4: receive requestVote(PRE_VOTE, 072971cd-5d05-4d2d-80ca-509be4281031, group-60E9EE0A11F4, 0, <PROTO_DEFAULT>)
2025-07-15 19:46:09,227 [grpc-default-executor-1] INFO  impl.VoteContext (VoteContext.java:log(49)) - 99cb6aa4-ab14-4525-b571-11fa40308ff9@group-60E9EE0A11F4-FOLLOWER: accept PRE_VOTE from 072971cd-5d05-4d2d-80ca-509be4281031: our priority 0 <= candidate's priority 0
2025-07-15 19:46:09,227 [grpc-default-executor-0] INFO  impl.VoteContext (VoteContext.java:log(49)) - 1ed39f2b-ba05-41d4-bcbc-50acfb489962@group-60E9EE0A11F4-FOLLOWER: reject PRE_VOTE from 072971cd-5d05-4d2d-80ca-509be4281031: our priority 1 > candidate's priority 0
2025-07-15 19:46:09,227 [grpc-default-executor-1] INFO  server.RaftServer$Division (RaftServerImpl.java:requestVote(1455)) - 99cb6aa4-ab14-4525-b571-11fa40308ff9@group-60E9EE0A11F4 replies to PRE_VOTE vote request: 072971cd-5d05-4d2d-80ca-509be4281031<-99cb6aa4-ab14-4525-b571-11fa40308ff9#0:OK-t0-last:<INITIAL_VALUE>. Peer's state: 99cb6aa4-ab14-4525-b571-11fa40308ff9@group-60E9EE0A11F4:t0, leader=null, voted=, raftlog=Memoized:99cb6aa4-ab14-4525-b571-11fa40308ff9@group-60E9EE0A11F4-SegmentedRaftLog:OPENED:c-1:lastnull, conf=conf: {index: -1, cur=peers:[1ed39f2b-ba05-41d4-bcbc-50acfb489962|127.0.0.1:15055, 99cb6aa4-ab14-4525-b571-11fa40308ff9|127.0.0.1:15039, 072971cd-5d05-4d2d-80ca-509be4281031|127.0.0.1:15087]|listeners:[], old=null}
2025-07-15 19:46:09,227 [grpc-default-executor-0] INFO  server.RaftServer$Division (RaftServerImpl.java:requestVote(1455)) - 1ed39f2b-ba05-41d4-bcbc-50acfb489962@group-60E9EE0A11F4 replies to PRE_VOTE vote request: 072971cd-5d05-4d2d-80ca-509be4281031<-1ed39f2b-ba05-41d4-bcbc-50acfb489962#0:FAIL-t0-last:<INITIAL_VALUE>. Peer's state: 1ed39f2b-ba05-41d4-bcbc-50acfb489962@group-60E9EE0A11F4:t0, leader=null, voted=, raftlog=Memoized:1ed39f2b-ba05-41d4-bcbc-50acfb489962@group-60E9EE0A11F4-SegmentedRaftLog:OPENED:c-1:lastnull, conf=conf: {index: -1, cur=peers:[1ed39f2b-ba05-41d4-bcbc-50acfb489962|127.0.0.1:15055, 99cb6aa4-ab14-4525-b571-11fa40308ff9|127.0.0.1:15039, 072971cd-5d05-4d2d-80ca-509be4281031|127.0.0.1:15087]|listeners:[], old=null}
2025-07-15 19:46:09,228 [072971cd-5d05-4d2d-80ca-509be4281031@group-60E9EE0A11F4-LeaderElection28] INFO  impl.LeaderElection (LeaderElection.java:logAndReturn(206)) - 072971cd-5d05-4d2d-80ca-509be4281031@group-60E9EE0A11F4-LeaderElection28: PRE_VOTE REJECTED received 2 response(s) and 0 exception(s):
2025-07-15 19:46:09,228 [072971cd-5d05-4d2d-80ca-509be4281031@group-60E9EE0A11F4-LeaderElection28] INFO  impl.LeaderElection (LeaderElection.java:logAndReturn(210)) -   Response 0: 072971cd-5d05-4d2d-80ca-509be4281031<-1ed39f2b-ba05-41d4-bcbc-50acfb489962#0:FAIL-t0-last:<INITIAL_VALUE>
2025-07-15 19:46:09,228 [072971cd-5d05-4d2d-80ca-509be4281031@group-60E9EE0A11F4-LeaderElection28] INFO  impl.LeaderElection (LeaderElection.java:logAndReturn(210)) -   Response 1: 072971cd-5d05-4d2d-80ca-509be4281031<-99cb6aa4-ab14-4525-b571-11fa40308ff9#0:OK-t0-last:<INITIAL_VALUE>
2025-07-15 19:46:09,228 [072971cd-5d05-4d2d-80ca-509be4281031@group-60E9EE0A11F4-LeaderElection28] INFO  impl.LeaderElection (LeaderElection.java:askForVotes(450)) - 072971cd-5d05-4d2d-80ca-509be4281031@group-60E9EE0A11F4-LeaderElection28 PRE_VOTE round 0: result REJECTED
2025-07-15 19:46:09,228 [072971cd-5d05-4d2d-80ca-509be4281031@group-60E9EE0A11F4-LeaderElection28] INFO  server.RaftServer$Division (RaftServerImpl.java:setRole(392)) - 072971cd-5d05-4d2d-80ca-509be4281031@group-60E9EE0A11F4: changes role from CANDIDATE to FOLLOWER at term 0 for REJECTED
2025-07-15 19:46:09,228 [072971cd-5d05-4d2d-80ca-509be4281031@group-60E9EE0A11F4-LeaderElection28] INFO  impl.RoleInfo (RoleInfo.java:shutdownLeaderElection(141)) - 072971cd-5d05-4d2d-80ca-509be4281031: shutdown 072971cd-5d05-4d2d-80ca-509be4281031@group-60E9EE0A11F4-LeaderElection28
2025-07-15 19:46:09,228 [072971cd-5d05-4d2d-80ca-509be4281031@group-60E9EE0A11F4-LeaderElection28] INFO  impl.RoleInfo (RoleInfo.java:updateAndGet(148)) - 072971cd-5d05-4d2d-80ca-509be4281031: start 072971cd-5d05-4d2d-80ca-509be4281031@group-60E9EE0A11F4-FollowerState
2025-07-15 19:46:09,228 [072971cd-5d05-4d2d-80ca-509be4281031@group-60E9EE0A11F4-LeaderElection28] INFO  server.RaftServer$Division (RaftServerImpl.java:setFirstElection(576)) - 072971cd-5d05-4d2d-80ca-509be4281031@group-60E9EE0A11F4: set firstElectionSinceStartup to false for REJECTED
2025-07-15 19:46:09,232 [1ed39f2b-ba05-41d4-bcbc-50acfb489962@group-60E9EE0A11F4-FollowerState] INFO  impl.FollowerState (FollowerState.java:runImpl(161)) - 1ed39f2b-ba05-41d4-bcbc-50acfb489962@group-60E9EE0A11F4-FollowerState: change to CANDIDATE, lastRpcElapsedTime:1050252972ns, electionTimeout:1048ms
2025-07-15 19:46:09,232 [1ed39f2b-ba05-41d4-bcbc-50acfb489962@group-60E9EE0A11F4-FollowerState] INFO  impl.RoleInfo (RoleInfo.java:shutdownFollowerState(121)) - 1ed39f2b-ba05-41d4-bcbc-50acfb489962: shutdown 1ed39f2b-ba05-41d4-bcbc-50acfb489962@group-60E9EE0A11F4-FollowerState
2025-07-15 19:46:09,232 [1ed39f2b-ba05-41d4-bcbc-50acfb489962@group-60E9EE0A11F4-FollowerState] INFO  server.RaftServer$Division (RaftServerImpl.java:setRole(392)) - 1ed39f2b-ba05-41d4-bcbc-50acfb489962@group-60E9EE0A11F4: changes role from  FOLLOWER to CANDIDATE at term 0 for changeToCandidate
2025-07-15 19:46:09,232 [1ed39f2b-ba05-41d4-bcbc-50acfb489962@group-60E9EE0A11F4-FollowerState] INFO  impl.RoleInfo (RoleInfo.java:updateAndGet(148)) - 1ed39f2b-ba05-41d4-bcbc-50acfb489962: start 1ed39f2b-ba05-41d4-bcbc-50acfb489962@group-60E9EE0A11F4-LeaderElection29
2025-07-15 19:46:09,232 [1ed39f2b-ba05-41d4-bcbc-50acfb489962@group-60E9EE0A11F4-LeaderElection29] INFO  impl.LeaderElection (LeaderElection.java:askForVotes(448)) - 1ed39f2b-ba05-41d4-bcbc-50acfb489962@group-60E9EE0A11F4-LeaderElection29 PRE_VOTE round 0: submit vote requests at term 0 for conf: {index: -1, cur=peers:[1ed39f2b-ba05-41d4-bcbc-50acfb489962|127.0.0.1:15055, 99cb6aa4-ab14-4525-b571-11fa40308ff9|127.0.0.1:15039, 072971cd-5d05-4d2d-80ca-509be4281031|127.0.0.1:15087]|listeners:[], old=null}
2025-07-15 19:46:09,233 [1ed39f2b-ba05-41d4-bcbc-50acfb489962@group-60E9EE0A11F4-LeaderElection29-2] INFO  server.GrpcServerProtocolClient (GrpcServerProtocolClient.java:<init>(65)) - Build channel for 072971cd-5d05-4d2d-80ca-509be4281031|127.0.0.1:15087
2025-07-15 19:46:09,234 [grpc-default-executor-0] INFO  server.RaftServer$Division (RaftServerImpl.java:requestVote(1421)) - 99cb6aa4-ab14-4525-b571-11fa40308ff9@group-60E9EE0A11F4: receive requestVote(PRE_VOTE, 1ed39f2b-ba05-41d4-bcbc-50acfb489962, group-60E9EE0A11F4, 0, <PROTO_DEFAULT>)
2025-07-15 19:46:09,234 [grpc-default-executor-0] INFO  impl.VoteContext (VoteContext.java:log(49)) - 99cb6aa4-ab14-4525-b571-11fa40308ff9@group-60E9EE0A11F4-FOLLOWER: accept PRE_VOTE from 1ed39f2b-ba05-41d4-bcbc-50acfb489962: our priority 0 <= candidate's priority 1
2025-07-15 19:46:09,234 [grpc-default-executor-0] INFO  server.RaftServer$Division (RaftServerImpl.java:requestVote(1455)) - 99cb6aa4-ab14-4525-b571-11fa40308ff9@group-60E9EE0A11F4 replies to PRE_VOTE vote request: 1ed39f2b-ba05-41d4-bcbc-50acfb489962<-99cb6aa4-ab14-4525-b571-11fa40308ff9#0:OK-t0-last:<INITIAL_VALUE>. Peer's state: 99cb6aa4-ab14-4525-b571-11fa40308ff9@group-60E9EE0A11F4:t0, leader=null, voted=, raftlog=Memoized:99cb6aa4-ab14-4525-b571-11fa40308ff9@group-60E9EE0A11F4-SegmentedRaftLog:OPENED:c-1:lastnull, conf=conf: {index: -1, cur=peers:[1ed39f2b-ba05-41d4-bcbc-50acfb489962|127.0.0.1:15055, 99cb6aa4-ab14-4525-b571-11fa40308ff9|127.0.0.1:15039, 072971cd-5d05-4d2d-80ca-509be4281031|127.0.0.1:15087]|listeners:[], old=null}
2025-07-15 19:46:09,235 [1ed39f2b-ba05-41d4-bcbc-50acfb489962@group-60E9EE0A11F4-LeaderElection29] INFO  impl.LeaderElection (LeaderElection.java:logAndReturn(206)) - 1ed39f2b-ba05-41d4-bcbc-50acfb489962@group-60E9EE0A11F4-LeaderElection29: PRE_VOTE PASSED received 1 response(s) and 0 exception(s):
2025-07-15 19:46:09,235 [grpc-default-executor-1] INFO  server.RaftServer$Division (RaftServerImpl.java:requestVote(1421)) - 072971cd-5d05-4d2d-80ca-509be4281031@group-60E9EE0A11F4: receive requestVote(PRE_VOTE, 1ed39f2b-ba05-41d4-bcbc-50acfb489962, group-60E9EE0A11F4, 0, <PROTO_DEFAULT>)
2025-07-15 19:46:09,236 [grpc-default-executor-1] INFO  impl.VoteContext (VoteContext.java:log(49)) - 072971cd-5d05-4d2d-80ca-509be4281031@group-60E9EE0A11F4-FOLLOWER: accept PRE_VOTE from 1ed39f2b-ba05-41d4-bcbc-50acfb489962: our priority 0 <= candidate's priority 1
2025-07-15 19:46:09,235 [1ed39f2b-ba05-41d4-bcbc-50acfb489962@group-60E9EE0A11F4-LeaderElection29] INFO  impl.LeaderElection (LeaderElection.java:logAndReturn(210)) -   Response 0: 1ed39f2b-ba05-41d4-bcbc-50acfb489962<-99cb6aa4-ab14-4525-b571-11fa40308ff9#0:OK-t0-last:<INITIAL_VALUE>
2025-07-15 19:46:09,236 [grpc-default-executor-1] INFO  server.RaftServer$Division (RaftServerImpl.java:requestVote(1455)) - 072971cd-5d05-4d2d-80ca-509be4281031@group-60E9EE0A11F4 replies to PRE_VOTE vote request: 1ed39f2b-ba05-41d4-bcbc-50acfb489962<-072971cd-5d05-4d2d-80ca-509be4281031#0:OK-t0-last:<INITIAL_VALUE>. Peer's state: 072971cd-5d05-4d2d-80ca-509be4281031@group-60E9EE0A11F4:t0, leader=null, voted=, raftlog=Memoized:072971cd-5d05-4d2d-80ca-509be4281031@group-60E9EE0A11F4-SegmentedRaftLog:OPENED:c-1:lastnull, conf=conf: {index: -1, cur=peers:[1ed39f2b-ba05-41d4-bcbc-50acfb489962|127.0.0.1:15055, 99cb6aa4-ab14-4525-b571-11fa40308ff9|127.0.0.1:15039, 072971cd-5d05-4d2d-80ca-509be4281031|127.0.0.1:15087]|listeners:[], old=null}
2025-07-15 19:46:09,236 [1ed39f2b-ba05-41d4-bcbc-50acfb489962@group-60E9EE0A11F4-LeaderElection29] INFO  impl.LeaderElection (LeaderElection.java:askForVotes(450)) - 1ed39f2b-ba05-41d4-bcbc-50acfb489962@group-60E9EE0A11F4-LeaderElection29 PRE_VOTE round 0: result PASSED
2025-07-15 19:46:09,237 [1ed39f2b-ba05-41d4-bcbc-50acfb489962@group-60E9EE0A11F4-LeaderElection29] INFO  impl.LeaderElection (LeaderElection.java:askForVotes(448)) - 1ed39f2b-ba05-41d4-bcbc-50acfb489962@group-60E9EE0A11F4-LeaderElection29 ELECTION round 0: submit vote requests at term 1 for conf: {index: -1, cur=peers:[1ed39f2b-ba05-41d4-bcbc-50acfb489962|127.0.0.1:15055, 99cb6aa4-ab14-4525-b571-11fa40308ff9|127.0.0.1:15039, 072971cd-5d05-4d2d-80ca-509be4281031|127.0.0.1:15087]|listeners:[], old=null}
2025-07-15 19:46:09,238 [grpc-default-executor-0] INFO  server.RaftServer$Division (RaftServerImpl.java:requestVote(1421)) - 99cb6aa4-ab14-4525-b571-11fa40308ff9@group-60E9EE0A11F4: receive requestVote(ELECTION, 1ed39f2b-ba05-41d4-bcbc-50acfb489962, group-60E9EE0A11F4, 1, <PROTO_DEFAULT>)
2025-07-15 19:46:09,239 [grpc-default-executor-1] INFO  server.RaftServer$Division (RaftServerImpl.java:requestVote(1421)) - 072971cd-5d05-4d2d-80ca-509be4281031@group-60E9EE0A11F4: receive requestVote(ELECTION, 1ed39f2b-ba05-41d4-bcbc-50acfb489962, group-60E9EE0A11F4, 1, <PROTO_DEFAULT>)
2025-07-15 19:46:09,239 [grpc-default-executor-0] INFO  impl.VoteContext (VoteContext.java:log(49)) - 99cb6aa4-ab14-4525-b571-11fa40308ff9@group-60E9EE0A11F4-FOLLOWER: accept ELECTION from 1ed39f2b-ba05-41d4-bcbc-50acfb489962: our priority 0 <= candidate's priority 1
2025-07-15 19:46:09,239 [grpc-default-executor-1] INFO  impl.VoteContext (VoteContext.java:log(49)) - 072971cd-5d05-4d2d-80ca-509be4281031@group-60E9EE0A11F4-FOLLOWER: accept ELECTION from 1ed39f2b-ba05-41d4-bcbc-50acfb489962: our priority 0 <= candidate's priority 1
2025-07-15 19:46:09,239 [grpc-default-executor-1] INFO  server.RaftServer$Division (RaftServerImpl.java:setRole(392)) - 072971cd-5d05-4d2d-80ca-509be4281031@group-60E9EE0A11F4: changes role from  FOLLOWER to FOLLOWER at term 0 for candidate:1ed39f2b-ba05-41d4-bcbc-50acfb489962
2025-07-15 19:46:09,239 [grpc-default-executor-1] INFO  impl.RoleInfo (RoleInfo.java:shutdownFollowerState(121)) - 072971cd-5d05-4d2d-80ca-509be4281031: shutdown 072971cd-5d05-4d2d-80ca-509be4281031@group-60E9EE0A11F4-FollowerState
2025-07-15 19:46:09,239 [grpc-default-executor-1] INFO  impl.RoleInfo (RoleInfo.java:updateAndGet(148)) - 072971cd-5d05-4d2d-80ca-509be4281031: start 072971cd-5d05-4d2d-80ca-509be4281031@group-60E9EE0A11F4-FollowerState
2025-07-15 19:46:09,239 [072971cd-5d05-4d2d-80ca-509be4281031@group-60E9EE0A11F4-FollowerState] INFO  impl.FollowerState (FollowerState.java:runImpl(170)) - 072971cd-5d05-4d2d-80ca-509be4281031@group-60E9EE0A11F4-FollowerState was interrupted
2025-07-15 19:46:09,239 [grpc-default-executor-0] INFO  server.RaftServer$Division (RaftServerImpl.java:setRole(392)) - 99cb6aa4-ab14-4525-b571-11fa40308ff9@group-60E9EE0A11F4: changes role from  FOLLOWER to FOLLOWER at term 0 for candidate:1ed39f2b-ba05-41d4-bcbc-50acfb489962
2025-07-15 19:46:09,239 [grpc-default-executor-0] INFO  impl.RoleInfo (RoleInfo.java:shutdownFollowerState(121)) - 99cb6aa4-ab14-4525-b571-11fa40308ff9: shutdown 99cb6aa4-ab14-4525-b571-11fa40308ff9@group-60E9EE0A11F4-FollowerState
2025-07-15 19:46:09,239 [grpc-default-executor-0] INFO  impl.RoleInfo (RoleInfo.java:updateAndGet(148)) - 99cb6aa4-ab14-4525-b571-11fa40308ff9: start 99cb6aa4-ab14-4525-b571-11fa40308ff9@group-60E9EE0A11F4-FollowerState
2025-07-15 19:46:09,239 [99cb6aa4-ab14-4525-b571-11fa40308ff9@group-60E9EE0A11F4-FollowerState] INFO  impl.FollowerState (FollowerState.java:runImpl(170)) - 99cb6aa4-ab14-4525-b571-11fa40308ff9@group-60E9EE0A11F4-FollowerState was interrupted
2025-07-15 19:46:09,240 [grpc-default-executor-0] INFO  server.RaftServer$Division (RaftServerImpl.java:setFirstElection(576)) - 99cb6aa4-ab14-4525-b571-11fa40308ff9@group-60E9EE0A11F4: set firstElectionSinceStartup to false for candidate:1ed39f2b-ba05-41d4-bcbc-50acfb489962
2025-07-15 19:46:09,242 [grpc-default-executor-1] INFO  server.RaftServer$Division (RaftServerImpl.java:requestVote(1455)) - 072971cd-5d05-4d2d-80ca-509be4281031@group-60E9EE0A11F4 replies to ELECTION vote request: 1ed39f2b-ba05-41d4-bcbc-50acfb489962<-072971cd-5d05-4d2d-80ca-509be4281031#0:OK-t1-last:<INITIAL_VALUE>. Peer's state: 072971cd-5d05-4d2d-80ca-509be4281031@group-60E9EE0A11F4:t1, leader=null, voted=1ed39f2b-ba05-41d4-bcbc-50acfb489962, raftlog=Memoized:072971cd-5d05-4d2d-80ca-509be4281031@group-60E9EE0A11F4-SegmentedRaftLog:OPENED:c-1:lastnull, conf=conf: {index: -1, cur=peers:[1ed39f2b-ba05-41d4-bcbc-50acfb489962|127.0.0.1:15055, 99cb6aa4-ab14-4525-b571-11fa40308ff9|127.0.0.1:15039, 072971cd-5d05-4d2d-80ca-509be4281031|127.0.0.1:15087]|listeners:[], old=null}
2025-07-15 19:46:09,242 [grpc-default-executor-0] INFO  server.RaftServer$Division (RaftServerImpl.java:requestVote(1455)) - 99cb6aa4-ab14-4525-b571-11fa40308ff9@group-60E9EE0A11F4 replies to ELECTION vote request: 1ed39f2b-ba05-41d4-bcbc-50acfb489962<-99cb6aa4-ab14-4525-b571-11fa40308ff9#0:OK-t1-last:<INITIAL_VALUE>. Peer's state: 99cb6aa4-ab14-4525-b571-11fa40308ff9@group-60E9EE0A11F4:t1, leader=null, voted=1ed39f2b-ba05-41d4-bcbc-50acfb489962, raftlog=Memoized:99cb6aa4-ab14-4525-b571-11fa40308ff9@group-60E9EE0A11F4-SegmentedRaftLog:OPENED:c-1:lastnull, conf=conf: {index: -1, cur=peers:[1ed39f2b-ba05-41d4-bcbc-50acfb489962|127.0.0.1:15055, 99cb6aa4-ab14-4525-b571-11fa40308ff9|127.0.0.1:15039, 072971cd-5d05-4d2d-80ca-509be4281031|127.0.0.1:15087]|listeners:[], old=null}
2025-07-15 19:46:09,242 [1ed39f2b-ba05-41d4-bcbc-50acfb489962@group-60E9EE0A11F4-LeaderElection29] INFO  impl.LeaderElection (LeaderElection.java:logAndReturn(206)) - 1ed39f2b-ba05-41d4-bcbc-50acfb489962@group-60E9EE0A11F4-LeaderElection29: ELECTION PASSED received 1 response(s) and 0 exception(s):
2025-07-15 19:46:09,242 [1ed39f2b-ba05-41d4-bcbc-50acfb489962@group-60E9EE0A11F4-LeaderElection29] INFO  impl.LeaderElection (LeaderElection.java:logAndReturn(210)) -   Response 0: 1ed39f2b-ba05-41d4-bcbc-50acfb489962<-072971cd-5d05-4d2d-80ca-509be4281031#0:OK-t1-last:<INITIAL_VALUE>
2025-07-15 19:46:09,242 [1ed39f2b-ba05-41d4-bcbc-50acfb489962@group-60E9EE0A11F4-LeaderElection29] INFO  impl.LeaderElection (LeaderElection.java:askForVotes(450)) - 1ed39f2b-ba05-41d4-bcbc-50acfb489962@group-60E9EE0A11F4-LeaderElection29 ELECTION round 0: result PASSED
2025-07-15 19:46:09,242 [1ed39f2b-ba05-41d4-bcbc-50acfb489962@group-60E9EE0A11F4-LeaderElection29] INFO  impl.RoleInfo (RoleInfo.java:shutdownLeaderElection(141)) - 1ed39f2b-ba05-41d4-bcbc-50acfb489962: shutdown 1ed39f2b-ba05-41d4-bcbc-50acfb489962@group-60E9EE0A11F4-LeaderElection29
2025-07-15 19:46:09,243 [1ed39f2b-ba05-41d4-bcbc-50acfb489962@group-60E9EE0A11F4-LeaderElection29] INFO  server.RaftServer$Division (RaftServerImpl.java:setRole(392)) - 1ed39f2b-ba05-41d4-bcbc-50acfb489962@group-60E9EE0A11F4: changes role from CANDIDATE to LEADER at term 1 for changeToLeader
2025-07-15 19:46:09,243 [1ed39f2b-ba05-41d4-bcbc-50acfb489962@group-60E9EE0A11F4-LeaderElection29] INFO  server.RaftServerConfigKeys (ConfUtils.java:logFallback(69)) - raft.server.staging.timeout = 15600ms (fallback to raft.server.rpc.timeout.max)
2025-07-15 19:46:09,243 [1ed39f2b-ba05-41d4-bcbc-50acfb489962@group-60E9EE0A11F4-LeaderElection29] INFO  server.RaftServerConfigKeys (ConfUtils.java:logGet(62)) - raft.server.write.byte-limit = 1024 M (=1073741824) (custom)
2025-07-15 19:46:09,244 [1ed39f2b-ba05-41d4-bcbc-50acfb489962@group-60E9EE0A11F4-LeaderElection29] INFO  server.RaftServerConfigKeys (ConfUtils.java:logGet(62)) - raft.server.log.appender.buffer.byte-limit = 33554432 (custom)
2025-07-15 19:46:09,245 [1ed39f2b-ba05-41d4-bcbc-50acfb489962@group-60E9EE0A11F4-LeaderElection29] INFO  server.RaftServerConfigKeys (ConfUtils.java:logGet(62)) - raft.server.log.appender.buffer.byte-limit = 33554432 (custom)
2025-07-15 19:46:09,245 [1ed39f2b-ba05-41d4-bcbc-50acfb489962@group-60E9EE0A11F4-LeaderElection29] INFO  impl.RoleInfo (RoleInfo.java:updateAndGet(148)) - 1ed39f2b-ba05-41d4-bcbc-50acfb489962: start 1ed39f2b-ba05-41d4-bcbc-50acfb489962@group-60E9EE0A11F4-LeaderStateImpl
2025-07-15 19:46:09,245 [1ed39f2b-ba05-41d4-bcbc-50acfb489962@group-60E9EE0A11F4-LeaderElection29] INFO  server.RaftServer$Division (RaftServerImpl.java:setFirstElection(576)) - 1ed39f2b-ba05-41d4-bcbc-50acfb489962@group-60E9EE0A11F4: set firstElectionSinceStartup to false for becomeLeader
2025-07-15 19:46:09,245 [1ed39f2b-ba05-41d4-bcbc-50acfb489962@group-60E9EE0A11F4-LeaderElection29] INFO  ratis.XceiverServerRatis (XceiverServerRatis.java:handleLeaderChangedNotification(944)) - Leader change notification received for group: group-60E9EE0A11F4 with new leaderId: 1ed39f2b-ba05-41d4-bcbc-50acfb489962
2025-07-15 19:46:09,246 [1ed39f2b-ba05-41d4-bcbc-50acfb489962@group-60E9EE0A11F4-LeaderElection29] INFO  server.RaftServer$Division (ServerState.java:setLeader(272)) - 1ed39f2b-ba05-41d4-bcbc-50acfb489962@group-60E9EE0A11F4: change Leader from null to 1ed39f2b-ba05-41d4-bcbc-50acfb489962 at term 1 for becomeLeader, leader elected after 1086ms
2025-07-15 19:46:09,246 [1ed39f2b-ba05-41d4-bcbc-50acfb489962@group-60E9EE0A11F4-LeaderElection29] INFO  segmented.SegmentedRaftLogWorker (SegmentedRaftLogWorker.java:startLogSegment(440)) - 1ed39f2b-ba05-41d4-bcbc-50acfb489962@group-60E9EE0A11F4-SegmentedRaftLogWorker: Starting segment from index:0
2025-07-15 19:46:09,246 [1ed39f2b-ba05-41d4-bcbc-50acfb489962@group-60E9EE0A11F4-LeaderElection29] INFO  server.RaftServer$Division (ServerState.java:setRaftConf(386)) - 1ed39f2b-ba05-41d4-bcbc-50acfb489962@group-60E9EE0A11F4: set configuration conf: {index: 0, cur=peers:[1ed39f2b-ba05-41d4-bcbc-50acfb489962|127.0.0.1:15055, 99cb6aa4-ab14-4525-b571-11fa40308ff9|127.0.0.1:15039, 072971cd-5d05-4d2d-80ca-509be4281031|127.0.0.1:15087]|listeners:[], old=null}
2025-07-15 19:46:09,247 [1ed39f2b-ba05-41d4-bcbc-50acfb489962@group-60E9EE0A11F4-SegmentedRaftLogWorker] INFO  segmented.BufferedWriteChannel (BufferedWriteChannel.java:open(61)) - open log_inprogress_0 at position 0
2025-07-15 19:46:09,249 [grpc-default-executor-3] INFO  ratis.XceiverServerRatis (XceiverServerRatis.java:handleLeaderChangedNotification(944)) - Leader change notification received for group: group-60E9EE0A11F4 with new leaderId: 1ed39f2b-ba05-41d4-bcbc-50acfb489962
2025-07-15 19:46:09,249 [grpc-default-executor-3] INFO  server.RaftServer$Division (ServerState.java:setLeader(272)) - 99cb6aa4-ab14-4525-b571-11fa40308ff9@group-60E9EE0A11F4: change Leader from null to 1ed39f2b-ba05-41d4-bcbc-50acfb489962 at term 1 for appendEntries, leader elected after 1083ms
2025-07-15 19:46:09,250 [grpc-default-executor-1] INFO  server.RaftServer$Division (ServerState.java:setRaftConf(386)) - 99cb6aa4-ab14-4525-b571-11fa40308ff9@group-60E9EE0A11F4: set configuration conf: {index: 0, cur=peers:[1ed39f2b-ba05-41d4-bcbc-50acfb489962|127.0.0.1:15055, 99cb6aa4-ab14-4525-b571-11fa40308ff9|127.0.0.1:15039, 072971cd-5d05-4d2d-80ca-509be4281031|127.0.0.1:15087]|listeners:[], old=null}
2025-07-15 19:46:09,250 [grpc-default-executor-1] INFO  segmented.SegmentedRaftLogWorker (SegmentedRaftLogWorker.java:startLogSegment(440)) - 99cb6aa4-ab14-4525-b571-11fa40308ff9@group-60E9EE0A11F4-SegmentedRaftLogWorker: Starting segment from index:0
2025-07-15 19:46:09,251 [99cb6aa4-ab14-4525-b571-11fa40308ff9@group-60E9EE0A11F4-SegmentedRaftLogWorker] INFO  segmented.BufferedWriteChannel (BufferedWriteChannel.java:open(61)) - open log_inprogress_0 at position 0
2025-07-15 19:46:09,251 [grpc-default-executor-0] INFO  ratis.XceiverServerRatis (XceiverServerRatis.java:handleLeaderChangedNotification(944)) - Leader change notification received for group: group-60E9EE0A11F4 with new leaderId: 1ed39f2b-ba05-41d4-bcbc-50acfb489962
2025-07-15 19:46:09,251 [grpc-default-executor-0] INFO  server.RaftServer$Division (ServerState.java:setLeader(272)) - 072971cd-5d05-4d2d-80ca-509be4281031@group-60E9EE0A11F4: change Leader from null to 1ed39f2b-ba05-41d4-bcbc-50acfb489962 at term 1 for appendEntries, leader elected after 1131ms
2025-07-15 19:46:09,252 [grpc-default-executor-0] INFO  server.RaftServer$Division (ServerState.java:setRaftConf(386)) - 072971cd-5d05-4d2d-80ca-509be4281031@group-60E9EE0A11F4: set configuration conf: {index: 0, cur=peers:[1ed39f2b-ba05-41d4-bcbc-50acfb489962|127.0.0.1:15055, 99cb6aa4-ab14-4525-b571-11fa40308ff9|127.0.0.1:15039, 072971cd-5d05-4d2d-80ca-509be4281031|127.0.0.1:15087]|listeners:[], old=null}
2025-07-15 19:46:09,252 [grpc-default-executor-0] INFO  segmented.SegmentedRaftLogWorker (SegmentedRaftLogWorker.java:startLogSegment(440)) - 072971cd-5d05-4d2d-80ca-509be4281031@group-60E9EE0A11F4-SegmentedRaftLogWorker: Starting segment from index:0
2025-07-15 19:46:09,252 [EventQueue-PipelineReportForPipelineReportHandler] INFO  pipeline.PipelineReportHandler (PipelineReportHandler.java:processPipelineReport(134)) - Opened pipeline Pipeline-96aac1d1-57dd-466c-a41c-60e9ee0a11f4
2025-07-15 19:46:09,253 [072971cd-5d05-4d2d-80ca-509be4281031@group-60E9EE0A11F4-SegmentedRaftLogWorker] INFO  segmented.BufferedWriteChannel (BufferedWriteChannel.java:open(61)) - open log_inprogress_0 at position 0
2025-07-15 19:46:09,263 [1ed39f2b-ba05-41d4-bcbc-50acfb489962@group-60E9EE0A11F4-SegmentedRaftLogWorker] INFO  segmented.SegmentedRaftLogWorker (SegmentedRaftLogWorker.java:execute(647)) - 1ed39f2b-ba05-41d4-bcbc-50acfb489962@group-60E9EE0A11F4-SegmentedRaftLogWorker: created new log segment /home/runner/work/ozone/ozone/hadoop-ozone/integration-test/target/test-dir/MiniOzoneClusterImpl-7a2c00ee-15e1-4921-aa6b-526c14ec89d8/ozone-meta/datanode-6/ratis/96aac1d1-57dd-466c-a41c-60e9ee0a11f4/current/log_inprogress_0
2025-07-15 19:46:09,264 [99cb6aa4-ab14-4525-b571-11fa40308ff9@group-60E9EE0A11F4-SegmentedRaftLogWorker] INFO  segmented.SegmentedRaftLogWorker (SegmentedRaftLogWorker.java:execute(647)) - 99cb6aa4-ab14-4525-b571-11fa40308ff9@group-60E9EE0A11F4-SegmentedRaftLogWorker: created new log segment /home/runner/work/ozone/ozone/hadoop-ozone/integration-test/target/test-dir/MiniOzoneClusterImpl-7a2c00ee-15e1-4921-aa6b-526c14ec89d8/ozone-meta/datanode-4/ratis/96aac1d1-57dd-466c-a41c-60e9ee0a11f4/current/log_inprogress_0
2025-07-15 19:46:09,265 [072971cd-5d05-4d2d-80ca-509be4281031@group-60E9EE0A11F4-SegmentedRaftLogWorker] INFO  segmented.SegmentedRaftLogWorker (SegmentedRaftLogWorker.java:execute(647)) - 072971cd-5d05-4d2d-80ca-509be4281031@group-60E9EE0A11F4-SegmentedRaftLogWorker: created new log segment /home/runner/work/ozone/ozone/hadoop-ozone/integration-test/target/test-dir/MiniOzoneClusterImpl-7a2c00ee-15e1-4921-aa6b-526c14ec89d8/ozone-meta/datanode-10/ratis/96aac1d1-57dd-466c-a41c-60e9ee0a11f4/current/log_inprogress_0
2025-07-15 19:46:09,267 [1ed39f2b-ba05-41d4-bcbc-50acfb489962@group-60E9EE0A11F4-StateMachineUpdater] INFO  server.RaftServer$Division (LeaderStateImpl.java:checkStartIndex(309)) - Leader 1ed39f2b-ba05-41d4-bcbc-50acfb489962@group-60E9EE0A11F4-LeaderStateImpl is ready since appliedIndex == startIndex == 0
2025-07-15 19:46:09,267 [1ed39f2b-ba05-41d4-bcbc-50acfb489962@group-60E9EE0A11F4-StateMachineUpdater] INFO  ratis.ContainerStateMachine (ContainerStateMachine.java:takeSnapshot(427)) - group-60E9EE0A11F4: Taking a snapshot at:(t:1, i:0) file /home/runner/work/ozone/ozone/hadoop-ozone/integration-test/target/test-dir/MiniOzoneClusterImpl-7a2c00ee-15e1-4921-aa6b-526c14ec89d8/ozone-meta/datanode-6/ratis/96aac1d1-57dd-466c-a41c-60e9ee0a11f4/sm/snapshot.1_0
2025-07-15 19:46:09,267 [1ed39f2b-ba05-41d4-bcbc-50acfb489962@group-60E9EE0A11F4-StateMachineUpdater] INFO  ratis.ContainerStateMachine (ContainerStateMachine.java:takeSnapshot(436)) - group-60E9EE0A11F4: Finished taking a snapshot at:(t:1, i:0) file:/home/runner/work/ozone/ozone/hadoop-ozone/integration-test/target/test-dir/MiniOzoneClusterImpl-7a2c00ee-15e1-4921-aa6b-526c14ec89d8/ozone-meta/datanode-6/ratis/96aac1d1-57dd-466c-a41c-60e9ee0a11f4/sm/snapshot.1_0 took: 0 ms
2025-07-15 19:46:09,267 [1ed39f2b-ba05-41d4-bcbc-50acfb489962@group-60E9EE0A11F4-StateMachineUpdater] INFO  impl.StateMachineUpdater (StateMachineUpdater.java:takeSnapshot(307)) - 1ed39f2b-ba05-41d4-bcbc-50acfb489962@group-60E9EE0A11F4-StateMachineUpdater: Took a snapshot at index 0
2025-07-15 19:46:09,267 [1ed39f2b-ba05-41d4-bcbc-50acfb489962@group-60E9EE0A11F4-StateMachineUpdater] INFO  impl.StateMachineUpdater (StateMachineUpdater.java:lambda$new$0(101)) - 1ed39f2b-ba05-41d4-bcbc-50acfb489962@group-60E9EE0A11F4-StateMachineUpdater: snapshotIndex: updateIncreasingly -1 -> 0
2025-07-15 19:46:09,290 [072971cd-5d05-4d2d-80ca-509be4281031@group-E8E671F522EE-FollowerState] INFO  impl.FollowerState (FollowerState.java:runImpl(161)) - 072971cd-5d05-4d2d-80ca-509be4281031@group-E8E671F522EE-FollowerState: change to CANDIDATE, lastRpcElapsedTime:1174413627ns, electionTimeout:1174ms
2025-07-15 19:46:09,291 [072971cd-5d05-4d2d-80ca-509be4281031@group-E8E671F522EE-FollowerState] INFO  impl.RoleInfo (RoleInfo.java:shutdownFollowerState(121)) - 072971cd-5d05-4d2d-80ca-509be4281031: shutdown 072971cd-5d05-4d2d-80ca-509be4281031@group-E8E671F522EE-FollowerState
2025-07-15 19:46:09,291 [072971cd-5d05-4d2d-80ca-509be4281031@group-E8E671F522EE-FollowerState] INFO  server.RaftServer$Division (RaftServerImpl.java:setRole(392)) - 072971cd-5d05-4d2d-80ca-509be4281031@group-E8E671F522EE: changes role from  FOLLOWER to CANDIDATE at term 0 for changeToCandidate
2025-07-15 19:46:09,291 [072971cd-5d05-4d2d-80ca-509be4281031@group-E8E671F522EE-FollowerState] INFO  impl.RoleInfo (RoleInfo.java:updateAndGet(148)) - 072971cd-5d05-4d2d-80ca-509be4281031: start 072971cd-5d05-4d2d-80ca-509be4281031@group-E8E671F522EE-LeaderElection30
2025-07-15 19:46:09,291 [072971cd-5d05-4d2d-80ca-509be4281031@group-E8E671F522EE-LeaderElection30] INFO  impl.LeaderElection (LeaderElection.java:askForVotes(448)) - 072971cd-5d05-4d2d-80ca-509be4281031@group-E8E671F522EE-LeaderElection30 PRE_VOTE round 0: submit vote requests at term 0 for conf: {index: -1, cur=peers:[faa2b429-16a2-49fa-ab42-514c70ac334b|127.0.0.1:15047, 99cb6aa4-ab14-4525-b571-11fa40308ff9|127.0.0.1:15039, 072971cd-5d05-4d2d-80ca-509be4281031|127.0.0.1:15087]|listeners:[], old=null}
2025-07-15 19:46:09,291 [072971cd-5d05-4d2d-80ca-509be4281031@group-E8E671F522EE-LeaderElection30-1] INFO  server.GrpcServerProtocolClient (GrpcServerProtocolClient.java:<init>(65)) - Build channel for faa2b429-16a2-49fa-ab42-514c70ac334b|127.0.0.1:15047
2025-07-15 19:46:09,292 [grpc-default-executor-3] INFO  server.RaftServer$Division (RaftServerImpl.java:requestVote(1421)) - 99cb6aa4-ab14-4525-b571-11fa40308ff9@group-E8E671F522EE: receive requestVote(PRE_VOTE, 072971cd-5d05-4d2d-80ca-509be4281031, group-E8E671F522EE, 0, <PROTO_DEFAULT>)
2025-07-15 19:46:09,293 [grpc-default-executor-3] INFO  impl.VoteContext (VoteContext.java:log(49)) - 99cb6aa4-ab14-4525-b571-11fa40308ff9@group-E8E671F522EE-FOLLOWER: accept PRE_VOTE from 072971cd-5d05-4d2d-80ca-509be4281031: our priority 0 <= candidate's priority 1
2025-07-15 19:46:09,293 [grpc-default-executor-3] INFO  server.RaftServer$Division (RaftServerImpl.java:requestVote(1455)) - 99cb6aa4-ab14-4525-b571-11fa40308ff9@group-E8E671F522EE replies to PRE_VOTE vote request: 072971cd-5d05-4d2d-80ca-509be4281031<-99cb6aa4-ab14-4525-b571-11fa40308ff9#0:OK-t0-last:<INITIAL_VALUE>. Peer's state: 99cb6aa4-ab14-4525-b571-11fa40308ff9@group-E8E671F522EE:t0, leader=null, voted=, raftlog=Memoized:99cb6aa4-ab14-4525-b571-11fa40308ff9@group-E8E671F522EE-SegmentedRaftLog:OPENED:c-1:lastnull, conf=conf: {index: -1, cur=peers:[faa2b429-16a2-49fa-ab42-514c70ac334b|127.0.0.1:15047, 99cb6aa4-ab14-4525-b571-11fa40308ff9|127.0.0.1:15039, 072971cd-5d05-4d2d-80ca-509be4281031|127.0.0.1:15087]|listeners:[], old=null}
2025-07-15 19:46:09,294 [072971cd-5d05-4d2d-80ca-509be4281031@group-E8E671F522EE-LeaderElection30] INFO  impl.LeaderElection (LeaderElection.java:logAndReturn(206)) - 072971cd-5d05-4d2d-80ca-509be4281031@group-E8E671F522EE-LeaderElection30: PRE_VOTE PASSED received 1 response(s) and 0 exception(s):
2025-07-15 19:46:09,294 [072971cd-5d05-4d2d-80ca-509be4281031@group-E8E671F522EE-LeaderElection30] INFO  impl.LeaderElection (LeaderElection.java:logAndReturn(210)) -   Response 0: 072971cd-5d05-4d2d-80ca-509be4281031<-99cb6aa4-ab14-4525-b571-11fa40308ff9#0:OK-t0-last:<INITIAL_VALUE>
2025-07-15 19:46:09,294 [072971cd-5d05-4d2d-80ca-509be4281031@group-E8E671F522EE-LeaderElection30] INFO  impl.LeaderElection (LeaderElection.java:askForVotes(450)) - 072971cd-5d05-4d2d-80ca-509be4281031@group-E8E671F522EE-LeaderElection30 PRE_VOTE round 0: result PASSED
2025-07-15 19:46:09,295 [072971cd-5d05-4d2d-80ca-509be4281031@group-E8E671F522EE-LeaderElection30] INFO  impl.LeaderElection (LeaderElection.java:askForVotes(448)) - 072971cd-5d05-4d2d-80ca-509be4281031@group-E8E671F522EE-LeaderElection30 ELECTION round 0: submit vote requests at term 1 for conf: {index: -1, cur=peers:[faa2b429-16a2-49fa-ab42-514c70ac334b|127.0.0.1:15047, 99cb6aa4-ab14-4525-b571-11fa40308ff9|127.0.0.1:15039, 072971cd-5d05-4d2d-80ca-509be4281031|127.0.0.1:15087]|listeners:[], old=null}
2025-07-15 19:46:09,296 [grpc-default-executor-0] INFO  server.RaftServer$Division (RaftServerImpl.java:requestVote(1421)) - faa2b429-16a2-49fa-ab42-514c70ac334b@group-E8E671F522EE: receive requestVote(ELECTION, 072971cd-5d05-4d2d-80ca-509be4281031, group-E8E671F522EE, 1, <PROTO_DEFAULT>)
2025-07-15 19:46:09,296 [grpc-default-executor-0] INFO  impl.VoteContext (VoteContext.java:log(49)) - faa2b429-16a2-49fa-ab42-514c70ac334b@group-E8E671F522EE-FOLLOWER: accept ELECTION from 072971cd-5d05-4d2d-80ca-509be4281031: our priority 0 <= candidate's priority 1
2025-07-15 19:46:09,296 [grpc-default-executor-3] INFO  server.RaftServer$Division (RaftServerImpl.java:requestVote(1421)) - 99cb6aa4-ab14-4525-b571-11fa40308ff9@group-E8E671F522EE: receive requestVote(ELECTION, 072971cd-5d05-4d2d-80ca-509be4281031, group-E8E671F522EE, 1, <PROTO_DEFAULT>)
2025-07-15 19:46:09,296 [grpc-default-executor-0] INFO  server.RaftServer$Division (RaftServerImpl.java:setRole(392)) - faa2b429-16a2-49fa-ab42-514c70ac334b@group-E8E671F522EE: changes role from  FOLLOWER to FOLLOWER at term 0 for candidate:072971cd-5d05-4d2d-80ca-509be4281031
2025-07-15 19:46:09,296 [grpc-default-executor-0] INFO  impl.RoleInfo (RoleInfo.java:shutdownFollowerState(121)) - faa2b429-16a2-49fa-ab42-514c70ac334b: shutdown faa2b429-16a2-49fa-ab42-514c70ac334b@group-E8E671F522EE-FollowerState
2025-07-15 19:46:09,296 [grpc-default-executor-3] INFO  impl.VoteContext (VoteContext.java:log(49)) - 99cb6aa4-ab14-4525-b571-11fa40308ff9@group-E8E671F522EE-FOLLOWER: accept ELECTION from 072971cd-5d05-4d2d-80ca-509be4281031: our priority 0 <= candidate's priority 1
2025-07-15 19:46:09,296 [faa2b429-16a2-49fa-ab42-514c70ac334b@group-E8E671F522EE-FollowerState] INFO  impl.FollowerState (FollowerState.java:runImpl(170)) - faa2b429-16a2-49fa-ab42-514c70ac334b@group-E8E671F522EE-FollowerState was interrupted
2025-07-15 19:46:09,296 [grpc-default-executor-0] INFO  impl.RoleInfo (RoleInfo.java:updateAndGet(148)) - faa2b429-16a2-49fa-ab42-514c70ac334b: start faa2b429-16a2-49fa-ab42-514c70ac334b@group-E8E671F522EE-FollowerState
2025-07-15 19:46:09,296 [grpc-default-executor-3] INFO  server.RaftServer$Division (RaftServerImpl.java:setRole(392)) - 99cb6aa4-ab14-4525-b571-11fa40308ff9@group-E8E671F522EE: changes role from  FOLLOWER to FOLLOWER at term 0 for candidate:072971cd-5d05-4d2d-80ca-509be4281031
2025-07-15 19:46:09,296 [grpc-default-executor-3] INFO  impl.RoleInfo (RoleInfo.java:shutdownFollowerState(121)) - 99cb6aa4-ab14-4525-b571-11fa40308ff9: shutdown 99cb6aa4-ab14-4525-b571-11fa40308ff9@group-E8E671F522EE-FollowerState
2025-07-15 19:46:09,297 [grpc-default-executor-3] INFO  impl.RoleInfo (RoleInfo.java:updateAndGet(148)) - 99cb6aa4-ab14-4525-b571-11fa40308ff9: start 99cb6aa4-ab14-4525-b571-11fa40308ff9@group-E8E671F522EE-FollowerState
2025-07-15 19:46:09,296 [grpc-default-executor-0] INFO  server.RaftServer$Division (RaftServerImpl.java:setFirstElection(576)) - faa2b429-16a2-49fa-ab42-514c70ac334b@group-E8E671F522EE: set firstElectionSinceStartup to false for candidate:072971cd-5d05-4d2d-80ca-509be4281031
2025-07-15 19:46:09,297 [99cb6aa4-ab14-4525-b571-11fa40308ff9@group-E8E671F522EE-FollowerState] INFO  impl.FollowerState (FollowerState.java:runImpl(170)) - 99cb6aa4-ab14-4525-b571-11fa40308ff9@group-E8E671F522EE-FollowerState was interrupted
2025-07-15 19:46:09,298 [grpc-default-executor-3] INFO  server.RaftServer$Division (RaftServerImpl.java:requestVote(1455)) - 99cb6aa4-ab14-4525-b571-11fa40308ff9@group-E8E671F522EE replies to ELECTION vote request: 072971cd-5d05-4d2d-80ca-509be4281031<-99cb6aa4-ab14-4525-b571-11fa40308ff9#0:OK-t1-last:<INITIAL_VALUE>. Peer's state: 99cb6aa4-ab14-4525-b571-11fa40308ff9@group-E8E671F522EE:t1, leader=null, voted=072971cd-5d05-4d2d-80ca-509be4281031, raftlog=Memoized:99cb6aa4-ab14-4525-b571-11fa40308ff9@group-E8E671F522EE-SegmentedRaftLog:OPENED:c-1:lastnull, conf=conf: {index: -1, cur=peers:[faa2b429-16a2-49fa-ab42-514c70ac334b|127.0.0.1:15047, 99cb6aa4-ab14-4525-b571-11fa40308ff9|127.0.0.1:15039, 072971cd-5d05-4d2d-80ca-509be4281031|127.0.0.1:15087]|listeners:[], old=null}
2025-07-15 19:46:09,298 [grpc-default-executor-0] INFO  server.RaftServer$Division (RaftServerImpl.java:requestVote(1455)) - faa2b429-16a2-49fa-ab42-514c70ac334b@group-E8E671F522EE replies to ELECTION vote request: 072971cd-5d05-4d2d-80ca-509be4281031<-faa2b429-16a2-49fa-ab42-514c70ac334b#0:OK-t1-last:<INITIAL_VALUE>. Peer's state: faa2b429-16a2-49fa-ab42-514c70ac334b@group-E8E671F522EE:t1, leader=null, voted=072971cd-5d05-4d2d-80ca-509be4281031, raftlog=Memoized:faa2b429-16a2-49fa-ab42-514c70ac334b@group-E8E671F522EE-SegmentedRaftLog:OPENED:c-1:lastnull, conf=conf: {index: -1, cur=peers:[faa2b429-16a2-49fa-ab42-514c70ac334b|127.0.0.1:15047, 99cb6aa4-ab14-4525-b571-11fa40308ff9|127.0.0.1:15039, 072971cd-5d05-4d2d-80ca-509be4281031|127.0.0.1:15087]|listeners:[], old=null}
2025-07-15 19:46:09,299 [072971cd-5d05-4d2d-80ca-509be4281031@group-E8E671F522EE-LeaderElection30] INFO  impl.LeaderElection (LeaderElection.java:logAndReturn(206)) - 072971cd-5d05-4d2d-80ca-509be4281031@group-E8E671F522EE-LeaderElection30: ELECTION PASSED received 1 response(s) and 0 exception(s):
2025-07-15 19:46:09,299 [072971cd-5d05-4d2d-80ca-509be4281031@group-E8E671F522EE-LeaderElection30] INFO  impl.LeaderElection (LeaderElection.java:logAndReturn(210)) -   Response 0: 072971cd-5d05-4d2d-80ca-509be4281031<-99cb6aa4-ab14-4525-b571-11fa40308ff9#0:OK-t1-last:<INITIAL_VALUE>
2025-07-15 19:46:09,299 [072971cd-5d05-4d2d-80ca-509be4281031@group-E8E671F522EE-LeaderElection30] INFO  impl.LeaderElection (LeaderElection.java:askForVotes(450)) - 072971cd-5d05-4d2d-80ca-509be4281031@group-E8E671F522EE-LeaderElection30 ELECTION round 0: result PASSED
2025-07-15 19:46:09,299 [072971cd-5d05-4d2d-80ca-509be4281031@group-E8E671F522EE-LeaderElection30] INFO  impl.RoleInfo (RoleInfo.java:shutdownLeaderElection(141)) - 072971cd-5d05-4d2d-80ca-509be4281031: shutdown 072971cd-5d05-4d2d-80ca-509be4281031@group-E8E671F522EE-LeaderElection30
2025-07-15 19:46:09,299 [072971cd-5d05-4d2d-80ca-509be4281031@group-E8E671F522EE-LeaderElection30] INFO  server.RaftServer$Division (RaftServerImpl.java:setRole(392)) - 072971cd-5d05-4d2d-80ca-509be4281031@group-E8E671F522EE: changes role from CANDIDATE to LEADER at term 1 for changeToLeader
2025-07-15 19:46:09,299 [072971cd-5d05-4d2d-80ca-509be4281031@group-E8E671F522EE-LeaderElection30] INFO  server.RaftServerConfigKeys (ConfUtils.java:logFallback(69)) - raft.server.staging.timeout = 15600ms (fallback to raft.server.rpc.timeout.max)
2025-07-15 19:46:09,299 [072971cd-5d05-4d2d-80ca-509be4281031@group-E8E671F522EE-LeaderElection30] INFO  server.RaftServerConfigKeys (ConfUtils.java:logGet(62)) - raft.server.write.byte-limit = 1024 M (=1073741824) (custom)
2025-07-15 19:46:09,300 [072971cd-5d05-4d2d-80ca-509be4281031@group-E8E671F522EE-LeaderElection30] INFO  server.RaftServerConfigKeys (ConfUtils.java:logGet(62)) - raft.server.log.appender.buffer.byte-limit = 33554432 (custom)
2025-07-15 19:46:09,301 [072971cd-5d05-4d2d-80ca-509be4281031@group-E8E671F522EE-LeaderElection30] INFO  server.RaftServerConfigKeys (ConfUtils.java:logGet(62)) - raft.server.log.appender.buffer.byte-limit = 33554432 (custom)
2025-07-15 19:46:09,301 [072971cd-5d05-4d2d-80ca-509be4281031@group-E8E671F522EE-LeaderElection30] INFO  impl.RoleInfo (RoleInfo.java:updateAndGet(148)) - 072971cd-5d05-4d2d-80ca-509be4281031: start 072971cd-5d05-4d2d-80ca-509be4281031@group-E8E671F522EE-LeaderStateImpl
2025-07-15 19:46:09,301 [072971cd-5d05-4d2d-80ca-509be4281031@group-E8E671F522EE-LeaderElection30] INFO  server.RaftServer$Division (RaftServerImpl.java:setFirstElection(576)) - 072971cd-5d05-4d2d-80ca-509be4281031@group-E8E671F522EE: set firstElectionSinceStartup to false for becomeLeader
2025-07-15 19:46:09,301 [072971cd-5d05-4d2d-80ca-509be4281031@group-E8E671F522EE-LeaderElection30] INFO  ratis.XceiverServerRatis (XceiverServerRatis.java:handleLeaderChangedNotification(944)) - Leader change notification received for group: group-E8E671F522EE with new leaderId: 072971cd-5d05-4d2d-80ca-509be4281031
2025-07-15 19:46:09,301 [072971cd-5d05-4d2d-80ca-509be4281031@group-E8E671F522EE-LeaderElection30] INFO  server.RaftServer$Division (ServerState.java:setLeader(272)) - 072971cd-5d05-4d2d-80ca-509be4281031@group-E8E671F522EE: change Leader from null to 072971cd-5d05-4d2d-80ca-509be4281031 at term 1 for becomeLeader, leader elected after 1200ms
2025-07-15 19:46:09,302 [072971cd-5d05-4d2d-80ca-509be4281031@group-E8E671F522EE-LeaderElection30] INFO  segmented.SegmentedRaftLogWorker (SegmentedRaftLogWorker.java:startLogSegment(440)) - 072971cd-5d05-4d2d-80ca-509be4281031@group-E8E671F522EE-SegmentedRaftLogWorker: Starting segment from index:0
2025-07-15 19:46:09,302 [072971cd-5d05-4d2d-80ca-509be4281031@group-E8E671F522EE-LeaderElection30] INFO  server.RaftServer$Division (ServerState.java:setRaftConf(386)) - 072971cd-5d05-4d2d-80ca-509be4281031@group-E8E671F522EE: set configuration conf: {index: 0, cur=peers:[faa2b429-16a2-49fa-ab42-514c70ac334b|127.0.0.1:15047, 99cb6aa4-ab14-4525-b571-11fa40308ff9|127.0.0.1:15039, 072971cd-5d05-4d2d-80ca-509be4281031|127.0.0.1:15087]|listeners:[], old=null}
2025-07-15 19:46:09,302 [072971cd-5d05-4d2d-80ca-509be4281031@group-E8E671F522EE-SegmentedRaftLogWorker] INFO  segmented.BufferedWriteChannel (BufferedWriteChannel.java:open(61)) - open log_inprogress_0 at position 0
2025-07-15 19:46:09,305 [EventQueue-PipelineReportForPipelineReportHandler] INFO  pipeline.PipelineReportHandler (PipelineReportHandler.java:processPipelineReport(134)) - Opened pipeline Pipeline-0d152ab0-b32d-48cc-898d-e8e671f522ee
2025-07-15 19:46:09,305 [grpc-default-executor-0] INFO  ratis.XceiverServerRatis (XceiverServerRatis.java:handleLeaderChangedNotification(944)) - Leader change notification received for group: group-E8E671F522EE with new leaderId: 072971cd-5d05-4d2d-80ca-509be4281031
2025-07-15 19:46:09,306 [grpc-default-executor-0] INFO  server.RaftServer$Division (ServerState.java:setLeader(272)) - faa2b429-16a2-49fa-ab42-514c70ac334b@group-E8E671F522EE: change Leader from null to 072971cd-5d05-4d2d-80ca-509be4281031 at term 1 for appendEntries, leader elected after 1174ms
2025-07-15 19:46:09,307 [grpc-default-executor-4] INFO  ratis.XceiverServerRatis (XceiverServerRatis.java:handleLeaderChangedNotification(944)) - Leader change notification received for group: group-E8E671F522EE with new leaderId: 072971cd-5d05-4d2d-80ca-509be4281031
2025-07-15 19:46:09,307 [grpc-default-executor-4] INFO  server.RaftServer$Division (ServerState.java:setLeader(272)) - 99cb6aa4-ab14-4525-b571-11fa40308ff9@group-E8E671F522EE: change Leader from null to 072971cd-5d05-4d2d-80ca-509be4281031 at term 1 for appendEntries, leader elected after 1240ms
2025-07-15 19:46:09,307 [grpc-default-executor-0] INFO  server.RaftServer$Division (ServerState.java:setRaftConf(386)) - 99cb6aa4-ab14-4525-b571-11fa40308ff9@group-E8E671F522EE: set configuration conf: {index: 0, cur=peers:[faa2b429-16a2-49fa-ab42-514c70ac334b|127.0.0.1:15047, 99cb6aa4-ab14-4525-b571-11fa40308ff9|127.0.0.1:15039, 072971cd-5d05-4d2d-80ca-509be4281031|127.0.0.1:15087]|listeners:[], old=null}
2025-07-15 19:46:09,307 [grpc-default-executor-0] INFO  segmented.SegmentedRaftLogWorker (SegmentedRaftLogWorker.java:startLogSegment(440)) - 99cb6aa4-ab14-4525-b571-11fa40308ff9@group-E8E671F522EE-SegmentedRaftLogWorker: Starting segment from index:0
2025-07-15 19:46:09,307 [grpc-default-executor-4] INFO  server.RaftServer$Division (ServerState.java:setRaftConf(386)) - faa2b429-16a2-49fa-ab42-514c70ac334b@group-E8E671F522EE: set configuration conf: {index: 0, cur=peers:[faa2b429-16a2-49fa-ab42-514c70ac334b|127.0.0.1:15047, 99cb6aa4-ab14-4525-b571-11fa40308ff9|127.0.0.1:15039, 072971cd-5d05-4d2d-80ca-509be4281031|127.0.0.1:15087]|listeners:[], old=null}
2025-07-15 19:46:09,308 [grpc-default-executor-4] INFO  segmented.SegmentedRaftLogWorker (SegmentedRaftLogWorker.java:startLogSegment(440)) - faa2b429-16a2-49fa-ab42-514c70ac334b@group-E8E671F522EE-SegmentedRaftLogWorker: Starting segment from index:0
2025-07-15 19:46:09,308 [99cb6aa4-ab14-4525-b571-11fa40308ff9@group-E8E671F522EE-SegmentedRaftLogWorker] INFO  segmented.BufferedWriteChannel (BufferedWriteChannel.java:open(61)) - open log_inprogress_0 at position 0
2025-07-15 19:46:09,309 [faa2b429-16a2-49fa-ab42-514c70ac334b@group-E8E671F522EE-SegmentedRaftLogWorker] INFO  segmented.BufferedWriteChannel (BufferedWriteChannel.java:open(61)) - open log_inprogress_0 at position 0
2025-07-15 19:46:09,316 [072971cd-5d05-4d2d-80ca-509be4281031@group-E8E671F522EE-SegmentedRaftLogWorker] INFO  segmented.SegmentedRaftLogWorker (SegmentedRaftLogWorker.java:execute(647)) - 072971cd-5d05-4d2d-80ca-509be4281031@group-E8E671F522EE-SegmentedRaftLogWorker: created new log segment /home/runner/work/ozone/ozone/hadoop-ozone/integration-test/target/test-dir/MiniOzoneClusterImpl-7a2c00ee-15e1-4921-aa6b-526c14ec89d8/ozone-meta/datanode-10/ratis/0d152ab0-b32d-48cc-898d-e8e671f522ee/current/log_inprogress_0
2025-07-15 19:46:09,320 [99cb6aa4-ab14-4525-b571-11fa40308ff9@group-E8E671F522EE-SegmentedRaftLogWorker] INFO  segmented.SegmentedRaftLogWorker (SegmentedRaftLogWorker.java:execute(647)) - 99cb6aa4-ab14-4525-b571-11fa40308ff9@group-E8E671F522EE-SegmentedRaftLogWorker: created new log segment /home/runner/work/ozone/ozone/hadoop-ozone/integration-test/target/test-dir/MiniOzoneClusterImpl-7a2c00ee-15e1-4921-aa6b-526c14ec89d8/ozone-meta/datanode-4/ratis/0d152ab0-b32d-48cc-898d-e8e671f522ee/current/log_inprogress_0
2025-07-15 19:46:09,321 [faa2b429-16a2-49fa-ab42-514c70ac334b@group-E8E671F522EE-SegmentedRaftLogWorker] INFO  segmented.SegmentedRaftLogWorker (SegmentedRaftLogWorker.java:execute(647)) - faa2b429-16a2-49fa-ab42-514c70ac334b@group-E8E671F522EE-SegmentedRaftLogWorker: created new log segment /home/runner/work/ozone/ozone/hadoop-ozone/integration-test/target/test-dir/MiniOzoneClusterImpl-7a2c00ee-15e1-4921-aa6b-526c14ec89d8/ozone-meta/datanode-5/ratis8aafc780-4245-4c46-8f87-c6768e72163b/0d152ab0-b32d-48cc-898d-e8e671f522ee/current/log_inprogress_0
2025-07-15 19:46:09,323 [072971cd-5d05-4d2d-80ca-509be4281031@group-E8E671F522EE-StateMachineUpdater] INFO  server.RaftServer$Division (LeaderStateImpl.java:checkStartIndex(309)) - Leader 072971cd-5d05-4d2d-80ca-509be4281031@group-E8E671F522EE-LeaderStateImpl is ready since appliedIndex == startIndex == 0
2025-07-15 19:46:09,323 [072971cd-5d05-4d2d-80ca-509be4281031@group-E8E671F522EE-StateMachineUpdater] INFO  ratis.ContainerStateMachine (ContainerStateMachine.java:takeSnapshot(427)) - group-E8E671F522EE: Taking a snapshot at:(t:1, i:0) file /home/runner/work/ozone/ozone/hadoop-ozone/integration-test/target/test-dir/MiniOzoneClusterImpl-7a2c00ee-15e1-4921-aa6b-526c14ec89d8/ozone-meta/datanode-10/ratis/0d152ab0-b32d-48cc-898d-e8e671f522ee/sm/snapshot.1_0
2025-07-15 19:46:09,324 [072971cd-5d05-4d2d-80ca-509be4281031@group-E8E671F522EE-StateMachineUpdater] INFO  ratis.ContainerStateMachine (ContainerStateMachine.java:takeSnapshot(436)) - group-E8E671F522EE: Finished taking a snapshot at:(t:1, i:0) file:/home/runner/work/ozone/ozone/hadoop-ozone/integration-test/target/test-dir/MiniOzoneClusterImpl-7a2c00ee-15e1-4921-aa6b-526c14ec89d8/ozone-meta/datanode-10/ratis/0d152ab0-b32d-48cc-898d-e8e671f522ee/sm/snapshot.1_0 took: 0 ms
2025-07-15 19:46:09,324 [072971cd-5d05-4d2d-80ca-509be4281031@group-E8E671F522EE-StateMachineUpdater] INFO  impl.StateMachineUpdater (StateMachineUpdater.java:takeSnapshot(307)) - 072971cd-5d05-4d2d-80ca-509be4281031@group-E8E671F522EE-StateMachineUpdater: Took a snapshot at index 0
2025-07-15 19:46:09,324 [072971cd-5d05-4d2d-80ca-509be4281031@group-E8E671F522EE-StateMachineUpdater] INFO  impl.StateMachineUpdater (StateMachineUpdater.java:lambda$new$0(101)) - 072971cd-5d05-4d2d-80ca-509be4281031@group-E8E671F522EE-StateMachineUpdater: snapshotIndex: updateIncreasingly -1 -> 0
2025-07-15 19:46:09,399 [faa2b429-16a2-49fa-ab42-514c70ac334b@group-972F9FE9BACA-FollowerState] INFO  impl.FollowerState (FollowerState.java:runImpl(161)) - faa2b429-16a2-49fa-ab42-514c70ac334b@group-972F9FE9BACA-FollowerState: change to CANDIDATE, lastRpcElapsedTime:1160375316ns, electionTimeout:1160ms
2025-07-15 19:46:09,399 [faa2b429-16a2-49fa-ab42-514c70ac334b@group-972F9FE9BACA-FollowerState] INFO  impl.RoleInfo (RoleInfo.java:shutdownFollowerState(121)) - faa2b429-16a2-49fa-ab42-514c70ac334b: shutdown faa2b429-16a2-49fa-ab42-514c70ac334b@group-972F9FE9BACA-FollowerState
2025-07-15 19:46:09,399 [faa2b429-16a2-49fa-ab42-514c70ac334b@group-972F9FE9BACA-FollowerState] INFO  server.RaftServer$Division (RaftServerImpl.java:setRole(392)) - faa2b429-16a2-49fa-ab42-514c70ac334b@group-972F9FE9BACA: changes role from  FOLLOWER to CANDIDATE at term 0 for changeToCandidate
2025-07-15 19:46:09,399 [faa2b429-16a2-49fa-ab42-514c70ac334b@group-972F9FE9BACA-FollowerState] INFO  impl.RoleInfo (RoleInfo.java:updateAndGet(148)) - faa2b429-16a2-49fa-ab42-514c70ac334b: start faa2b429-16a2-49fa-ab42-514c70ac334b@group-972F9FE9BACA-LeaderElection31
2025-07-15 19:46:09,399 [faa2b429-16a2-49fa-ab42-514c70ac334b@group-972F9FE9BACA-LeaderElection31] INFO  impl.LeaderElection (LeaderElection.java:askForVotes(448)) - faa2b429-16a2-49fa-ab42-514c70ac334b@group-972F9FE9BACA-LeaderElection31 PRE_VOTE round 0: submit vote requests at term 0 for conf: {index: -1, cur=peers:[faa2b429-16a2-49fa-ab42-514c70ac334b|127.0.0.1:15047]|listeners:[], old=null}
2025-07-15 19:46:09,400 [faa2b429-16a2-49fa-ab42-514c70ac334b@group-972F9FE9BACA-LeaderElection31] INFO  impl.LeaderElection (LeaderElection.java:askForVotes(450)) - faa2b429-16a2-49fa-ab42-514c70ac334b@group-972F9FE9BACA-LeaderElection31 PRE_VOTE round 0: result PASSED (term=0)
2025-07-15 19:46:09,401 [faa2b429-16a2-49fa-ab42-514c70ac334b@group-972F9FE9BACA-LeaderElection31] INFO  impl.LeaderElection (LeaderElection.java:askForVotes(448)) - faa2b429-16a2-49fa-ab42-514c70ac334b@group-972F9FE9BACA-LeaderElection31 ELECTION round 0: submit vote requests at term 1 for conf: {index: -1, cur=peers:[faa2b429-16a2-49fa-ab42-514c70ac334b|127.0.0.1:15047]|listeners:[], old=null}
2025-07-15 19:46:09,401 [faa2b429-16a2-49fa-ab42-514c70ac334b@group-972F9FE9BACA-LeaderElection31] INFO  impl.LeaderElection (LeaderElection.java:askForVotes(450)) - faa2b429-16a2-49fa-ab42-514c70ac334b@group-972F9FE9BACA-LeaderElection31 ELECTION round 0: result PASSED (term=1)
2025-07-15 19:46:09,401 [faa2b429-16a2-49fa-ab42-514c70ac334b@group-972F9FE9BACA-LeaderElection31] INFO  impl.RoleInfo (RoleInfo.java:shutdownLeaderElection(141)) - faa2b429-16a2-49fa-ab42-514c70ac334b: shutdown faa2b429-16a2-49fa-ab42-514c70ac334b@group-972F9FE9BACA-LeaderElection31
2025-07-15 19:46:09,401 [faa2b429-16a2-49fa-ab42-514c70ac334b@group-972F9FE9BACA-LeaderElection31] INFO  server.RaftServer$Division (RaftServerImpl.java:setRole(392)) - faa2b429-16a2-49fa-ab42-514c70ac334b@group-972F9FE9BACA: changes role from CANDIDATE to LEADER at term 1 for changeToLeader
2025-07-15 19:46:09,401 [faa2b429-16a2-49fa-ab42-514c70ac334b@group-972F9FE9BACA-LeaderElection31] INFO  server.RaftServerConfigKeys (ConfUtils.java:logFallback(69)) - raft.server.staging.timeout = 15600ms (fallback to raft.server.rpc.timeout.max)
2025-07-15 19:46:09,402 [faa2b429-16a2-49fa-ab42-514c70ac334b@group-972F9FE9BACA-LeaderElection31] INFO  server.RaftServerConfigKeys (ConfUtils.java:logGet(62)) - raft.server.write.byte-limit = 1024 M (=1073741824) (custom)
2025-07-15 19:46:09,403 [faa2b429-16a2-49fa-ab42-514c70ac334b@group-972F9FE9BACA-LeaderElection31] INFO  impl.RoleInfo (RoleInfo.java:updateAndGet(148)) - faa2b429-16a2-49fa-ab42-514c70ac334b: start faa2b429-16a2-49fa-ab42-514c70ac334b@group-972F9FE9BACA-LeaderStateImpl
2025-07-15 19:46:09,403 [faa2b429-16a2-49fa-ab42-514c70ac334b@group-972F9FE9BACA-LeaderElection31] INFO  server.RaftServer$Division (RaftServerImpl.java:setFirstElection(576)) - faa2b429-16a2-49fa-ab42-514c70ac334b@group-972F9FE9BACA: set firstElectionSinceStartup to false for becomeLeader
2025-07-15 19:46:09,403 [faa2b429-16a2-49fa-ab42-514c70ac334b@group-972F9FE9BACA-LeaderElection31] INFO  ratis.XceiverServerRatis (XceiverServerRatis.java:handleLeaderChangedNotification(944)) - Leader change notification received for group: group-972F9FE9BACA with new leaderId: faa2b429-16a2-49fa-ab42-514c70ac334b
2025-07-15 19:46:09,403 [faa2b429-16a2-49fa-ab42-514c70ac334b@group-972F9FE9BACA-LeaderElection31] INFO  server.RaftServer$Division (ServerState.java:setLeader(272)) - faa2b429-16a2-49fa-ab42-514c70ac334b@group-972F9FE9BACA: change Leader from null to faa2b429-16a2-49fa-ab42-514c70ac334b at term 1 for becomeLeader, leader elected after 1184ms
2025-07-15 19:46:09,403 [faa2b429-16a2-49fa-ab42-514c70ac334b@group-972F9FE9BACA-LeaderElection31] INFO  segmented.SegmentedRaftLogWorker (SegmentedRaftLogWorker.java:startLogSegment(440)) - faa2b429-16a2-49fa-ab42-514c70ac334b@group-972F9FE9BACA-SegmentedRaftLogWorker: Starting segment from index:0
2025-07-15 19:46:09,403 [faa2b429-16a2-49fa-ab42-514c70ac334b@group-972F9FE9BACA-LeaderElection31] INFO  server.RaftServer$Division (ServerState.java:setRaftConf(386)) - faa2b429-16a2-49fa-ab42-514c70ac334b@group-972F9FE9BACA: set configuration conf: {index: 0, cur=peers:[faa2b429-16a2-49fa-ab42-514c70ac334b|127.0.0.1:15047]|listeners:[], old=null}
2025-07-15 19:46:09,403 [faa2b429-16a2-49fa-ab42-514c70ac334b@group-972F9FE9BACA-SegmentedRaftLogWorker] INFO  segmented.BufferedWriteChannel (BufferedWriteChannel.java:open(61)) - open log_inprogress_0 at position 0
2025-07-15 19:46:09,412 [faa2b429-16a2-49fa-ab42-514c70ac334b@group-972F9FE9BACA-SegmentedRaftLogWorker] INFO  segmented.SegmentedRaftLogWorker (SegmentedRaftLogWorker.java:execute(647)) - faa2b429-16a2-49fa-ab42-514c70ac334b@group-972F9FE9BACA-SegmentedRaftLogWorker: created new log segment /home/runner/work/ozone/ozone/hadoop-ozone/integration-test/target/test-dir/MiniOzoneClusterImpl-7a2c00ee-15e1-4921-aa6b-526c14ec89d8/ozone-meta/datanode-5/ratis8aafc780-4245-4c46-8f87-c6768e72163b/98918b16-2647-4468-8f6d-972f9fe9baca/current/log_inprogress_0
2025-07-15 19:46:09,414 [faa2b429-16a2-49fa-ab42-514c70ac334b@group-972F9FE9BACA-StateMachineUpdater] INFO  server.RaftServer$Division (LeaderStateImpl.java:checkStartIndex(309)) - Leader faa2b429-16a2-49fa-ab42-514c70ac334b@group-972F9FE9BACA-LeaderStateImpl is ready since appliedIndex == startIndex == 0
2025-07-15 19:46:09,414 [faa2b429-16a2-49fa-ab42-514c70ac334b@group-972F9FE9BACA-StateMachineUpdater] INFO  ratis.ContainerStateMachine (ContainerStateMachine.java:takeSnapshot(427)) - group-972F9FE9BACA: Taking a snapshot at:(t:1, i:0) file /home/runner/work/ozone/ozone/hadoop-ozone/integration-test/target/test-dir/MiniOzoneClusterImpl-7a2c00ee-15e1-4921-aa6b-526c14ec89d8/ozone-meta/datanode-5/ratis8aafc780-4245-4c46-8f87-c6768e72163b/98918b16-2647-4468-8f6d-972f9fe9baca/sm/snapshot.1_0
2025-07-15 19:46:09,415 [faa2b429-16a2-49fa-ab42-514c70ac334b@group-972F9FE9BACA-StateMachineUpdater] INFO  ratis.ContainerStateMachine (ContainerStateMachine.java:takeSnapshot(436)) - group-972F9FE9BACA: Finished taking a snapshot at:(t:1, i:0) file:/home/runner/work/ozone/ozone/hadoop-ozone/integration-test/target/test-dir/MiniOzoneClusterImpl-7a2c00ee-15e1-4921-aa6b-526c14ec89d8/ozone-meta/datanode-5/ratis8aafc780-4245-4c46-8f87-c6768e72163b/98918b16-2647-4468-8f6d-972f9fe9baca/sm/snapshot.1_0 took: 1 ms
2025-07-15 19:46:09,415 [faa2b429-16a2-49fa-ab42-514c70ac334b@group-972F9FE9BACA-StateMachineUpdater] INFO  impl.StateMachineUpdater (StateMachineUpdater.java:takeSnapshot(307)) - faa2b429-16a2-49fa-ab42-514c70ac334b@group-972F9FE9BACA-StateMachineUpdater: Took a snapshot at index 0
2025-07-15 19:46:09,415 [faa2b429-16a2-49fa-ab42-514c70ac334b@group-972F9FE9BACA-StateMachineUpdater] INFO  impl.StateMachineUpdater (StateMachineUpdater.java:lambda$new$0(101)) - faa2b429-16a2-49fa-ab42-514c70ac334b@group-972F9FE9BACA-StateMachineUpdater: snapshotIndex: updateIncreasingly -1 -> 0
2025-07-15 19:46:09,816 [timer0] WARN  server.GrpcLogAppender (LogUtils.java:warn(127)) - 1ed39f2b-ba05-41d4-bcbc-50acfb489962@group-5EE77318BC33->faa2b429-16a2-49fa-ab42-514c70ac334b-AppendLogResponseHandler: Failed appendEntries (Repeated 2 times in the last 5.000s): org.apache.ratis.thirdparty.io.grpc.StatusRuntimeException: UNAVAILABLE: io exception
  Caused by: org.apache.ratis.thirdparty.io.netty.channel.AbstractChannel$AnnotatedConnectException: finishConnect(..) failed: Connection refused: /127.0.0.1:15047
  Caused by: java.net.ConnectException: finishConnect(..) failed: Connection refused
2025-07-15 19:46:09,817 [timer1] WARN  server.GrpcLogAppender (GrpcLogAppender.java:lambda$resetClient$1(228)) - 1ed39f2b-ba05-41d4-bcbc-50acfb489962@group-5EE77318BC33->faa2b429-16a2-49fa-ab42-514c70ac334b-GrpcLogAppender: Follower failed (request=null, errorCount=34); keep nextIndex (7) unchanged and retry. (Repeated 2 times in the last 5.000s)
2025-07-15 19:46:10,061 [73892b45-0ad3-4392-8d09-ab2d1cd7ede4@group-D4D9E1AFA3FC-StateMachineUpdater] INFO  ratis.ContainerStateMachine (ContainerStateMachine.java:takeSnapshot(427)) - group-D4D9E1AFA3FC: Taking a snapshot at:(t:1, i:4) file /home/runner/work/ozone/ozone/hadoop-ozone/integration-test/target/test-dir/MiniOzoneClusterImpl-7a2c00ee-15e1-4921-aa6b-526c14ec89d8/ozone-meta/datanode-8/ratis/f182326e-4933-482b-ba7e-d4d9e1afa3fc/sm/snapshot.1_4
2025-07-15 19:46:10,062 [73892b45-0ad3-4392-8d09-ab2d1cd7ede4@group-D4D9E1AFA3FC-StateMachineUpdater] INFO  ratis.ContainerStateMachine (ContainerStateMachine.java:takeSnapshot(436)) - group-D4D9E1AFA3FC: Finished taking a snapshot at:(t:1, i:4) file:/home/runner/work/ozone/ozone/hadoop-ozone/integration-test/target/test-dir/MiniOzoneClusterImpl-7a2c00ee-15e1-4921-aa6b-526c14ec89d8/ozone-meta/datanode-8/ratis/f182326e-4933-482b-ba7e-d4d9e1afa3fc/sm/snapshot.1_4 took: 1 ms
2025-07-15 19:46:10,062 [73892b45-0ad3-4392-8d09-ab2d1cd7ede4@group-D4D9E1AFA3FC-StateMachineUpdater] INFO  impl.StateMachineUpdater (StateMachineUpdater.java:takeSnapshot(307)) - 73892b45-0ad3-4392-8d09-ab2d1cd7ede4@group-D4D9E1AFA3FC-StateMachineUpdater: Took a snapshot at index 4
2025-07-15 19:46:10,062 [73892b45-0ad3-4392-8d09-ab2d1cd7ede4@group-D4D9E1AFA3FC-StateMachineUpdater] INFO  impl.StateMachineUpdater (StateMachineUpdater.java:lambda$new$0(101)) - 73892b45-0ad3-4392-8d09-ab2d1cd7ede4@group-D4D9E1AFA3FC-StateMachineUpdater: snapshotIndex: updateIncreasingly 2 -> 4
2025-07-15 19:46:10,849 [BackgroundPipelineScrubber] INFO  pipeline.PipelineManagerImpl (PipelineManagerImpl.java:scrubPipelines(602)) - Scrubbing pipeline: id: Pipeline-4f81a5f5-7675-4903-8736-5ee77318bc33 since it stays at CLOSED stage.
2025-07-15 19:46:10,851 [BackgroundPipelineScrubber] INFO  pipeline.RatisPipelineProvider (RatisPipelineProvider.java:lambda$close$4(273)) - Send pipeline:Pipeline-4f81a5f5-7675-4903-8736-5ee77318bc33 close command to datanode faa2b429-16a2-49fa-ab42-514c70ac334b
2025-07-15 19:46:10,851 [BackgroundPipelineScrubber] INFO  pipeline.RatisPipelineProvider (RatisPipelineProvider.java:lambda$close$4(273)) - Send pipeline:Pipeline-4f81a5f5-7675-4903-8736-5ee77318bc33 close command to datanode 99cb6aa4-ab14-4525-b571-11fa40308ff9
2025-07-15 19:46:10,851 [BackgroundPipelineScrubber] INFO  pipeline.RatisPipelineProvider (RatisPipelineProvider.java:lambda$close$4(273)) - Send pipeline:Pipeline-4f81a5f5-7675-4903-8736-5ee77318bc33 close command to datanode 1ed39f2b-ba05-41d4-bcbc-50acfb489962
2025-07-15 19:46:10,851 [BackgroundPipelineScrubber] INFO  pipeline.PipelineManagerImpl (PipelineManagerImpl.java:removePipeline(464)) - Pipeline Pipeline{ Id: 4f81a5f5-7675-4903-8736-5ee77318bc33, Nodes: [ {faa2b429-16a2-49fa-ab42-514c70ac334b(localhost/127.0.0.1), ReplicaIndex: 0}, {99cb6aa4-ab14-4525-b571-11fa40308ff9(localhost/127.0.0.1), ReplicaIndex: 0}, {1ed39f2b-ba05-41d4-bcbc-50acfb489962(localhost/127.0.0.1), ReplicaIndex: 0},], ReplicationConfig: RATIS/THREE, State:CLOSED, leaderId:1ed39f2b-ba05-41d4-bcbc-50acfb489962, CreationTimestamp2025-07-15T19:44:35.040Z[Etc/UTC]} removed.
2025-07-15 19:46:10,876 [timer4] WARN  server.GrpcLogAppender (GrpcLogAppender.java:timeoutAppendRequest(448)) - 73892b45-0ad3-4392-8d09-ab2d1cd7ede4@group-A35D399F7985->262265f8-b6b0-4173-8249-6c4ff56c562c-GrpcLogAppender: Timed out HEARTBEAT appendEntries, errorCount=32, request=AppendEntriesRequest:cid=4633,entriesCount=0
2025-07-15 19:46:10,979 [EventQueue-PipelineReportForPipelineReportHandler] INFO  pipeline.PipelineReportHandler (PipelineReportHandler.java:handlePipelineNotFoundException(98)) - Pipeline Pipeline-4f81a5f5-7675-4903-8736-5ee77318bc33, reported by datanode 99cb6aa4-ab14-4525-b571-11fa40308ff9(localhost/127.0.0.1) is not found.
2025-07-15 19:46:11,179 [EventQueue-PipelineReportForPipelineReportHandler] INFO  pipeline.PipelineReportHandler (PipelineReportHandler.java:handlePipelineNotFoundException(98)) - Pipeline Pipeline-4f81a5f5-7675-4903-8736-5ee77318bc33, reported by datanode 99cb6aa4-ab14-4525-b571-11fa40308ff9(localhost/127.0.0.1) is not found.
2025-07-15 19:46:11,246 [EventQueue-PipelineReportForPipelineReportHandler] INFO  pipeline.PipelineReportHandler (PipelineReportHandler.java:handlePipelineNotFoundException(98)) - Pipeline Pipeline-4f81a5f5-7675-4903-8736-5ee77318bc33, reported by datanode 1ed39f2b-ba05-41d4-bcbc-50acfb489962(localhost/127.0.0.1) is not found.
2025-07-15 19:46:11,445 [EventQueue-PipelineReportForPipelineReportHandler] INFO  pipeline.PipelineReportHandler (PipelineReportHandler.java:handlePipelineNotFoundException(98)) - Pipeline Pipeline-4f81a5f5-7675-4903-8736-5ee77318bc33, reported by datanode 1ed39f2b-ba05-41d4-bcbc-50acfb489962(localhost/127.0.0.1) is not found.
2025-07-15 19:46:11,578 [EventQueue-PipelineReportForPipelineReportHandler] INFO  pipeline.PipelineReportHandler (PipelineReportHandler.java:handlePipelineNotFoundException(98)) - Pipeline Pipeline-4f81a5f5-7675-4903-8736-5ee77318bc33, reported by datanode 99cb6aa4-ab14-4525-b571-11fa40308ff9(localhost/127.0.0.1) is not found.
2025-07-15 19:46:11,583 [grpc-default-executor-0] INFO  server.RaftServer (RaftServerProxy.java:remove(116)) - 1ed39f2b-ba05-41d4-bcbc-50acfb489962: remove    LEADER (RUNNING): 1ed39f2b-ba05-41d4-bcbc-50acfb489962@group-5EE77318BC33:t2, leader=1ed39f2b-ba05-41d4-bcbc-50acfb489962, voted=1ed39f2b-ba05-41d4-bcbc-50acfb489962, raftlog=Memoized:1ed39f2b-ba05-41d4-bcbc-50acfb489962@group-5EE77318BC33-SegmentedRaftLog:OPENED:c6:last(t:2, i:6), conf=conf: {index: 5, cur=peers:[1ed39f2b-ba05-41d4-bcbc-50acfb489962|127.0.0.1:15055, faa2b429-16a2-49fa-ab42-514c70ac334b|127.0.0.1:15047, 99cb6aa4-ab14-4525-b571-11fa40308ff9|127.0.0.1:15039]|listeners:[], old=null}
2025-07-15 19:46:11,583 [grpc-default-executor-0] INFO  server.RaftServer$Division (RaftServerImpl.java:lambda$close$1(527)) - 1ed39f2b-ba05-41d4-bcbc-50acfb489962@group-5EE77318BC33: shutdown
2025-07-15 19:46:11,583 [grpc-default-executor-0] INFO  util.JmxRegister (JmxRegister.java:unregister(74)) - Successfully un-registered JMX Bean with object name Ratis:service=RaftServer,group=group-5EE77318BC33,id=1ed39f2b-ba05-41d4-bcbc-50acfb489962
2025-07-15 19:46:11,583 [grpc-default-executor-0] INFO  impl.RoleInfo (RoleInfo.java:shutdownLeaderState(103)) - 1ed39f2b-ba05-41d4-bcbc-50acfb489962: shutdown 1ed39f2b-ba05-41d4-bcbc-50acfb489962@group-5EE77318BC33-LeaderStateImpl
2025-07-15 19:46:11,584 [grpc-default-executor-0] INFO  impl.PendingRequests (PendingRequests.java:sendNotLeaderResponses(287)) - 1ed39f2b-ba05-41d4-bcbc-50acfb489962@group-5EE77318BC33-PendingRequests: sendNotLeaderResponses
2025-07-15 19:46:11,584 [1ed39f2b-ba05-41d4-bcbc-50acfb489962@group-5EE77318BC33->99cb6aa4-ab14-4525-b571-11fa40308ff9-GrpcLogAppender-LogAppenderDaemon] WARN  server.GrpcLogAppender (GrpcLogAppender.java:mayWait(300)) - 1ed39f2b-ba05-41d4-bcbc-50acfb489962@group-5EE77318BC33->99cb6aa4-ab14-4525-b571-11fa40308ff9-GrpcLogAppender: Wait interrupted by java.lang.InterruptedException
2025-07-15 19:46:11,584 [1ed39f2b-ba05-41d4-bcbc-50acfb489962@group-5EE77318BC33->faa2b429-16a2-49fa-ab42-514c70ac334b-GrpcLogAppender-LogAppenderDaemon] WARN  server.GrpcLogAppender (GrpcLogAppender.java:mayWait(300)) - 1ed39f2b-ba05-41d4-bcbc-50acfb489962@group-5EE77318BC33->faa2b429-16a2-49fa-ab42-514c70ac334b-GrpcLogAppender: Wait interrupted by java.lang.InterruptedException
2025-07-15 19:46:11,585 [grpc-default-executor-1] INFO  server.GrpcServerProtocolService (GrpcServerProtocolService.java:lambda$onCompleted$6(171)) - 99cb6aa4-ab14-4525-b571-11fa40308ff9: Completed APPEND_ENTRIES, lastRequest: 1ed39f2b-ba05-41d4-bcbc-50acfb489962->99cb6aa4-ab14-4525-b571-11fa40308ff9#2-t2,previous=(t:2, i:5),leaderCommit=5,initializing? false,entries: size=1, first=(t:2, i:6), METADATAENTRY(c:5) 
2025-07-15 19:46:11,585 [grpc-default-executor-0] INFO  impl.StateMachineUpdater (StateMachineUpdater.java:stopAndJoin(163)) - 1ed39f2b-ba05-41d4-bcbc-50acfb489962@group-5EE77318BC33-StateMachineUpdater: set stopIndex = 6
2025-07-15 19:46:11,585 [grpc-default-executor-1] INFO  server.GrpcServerProtocolService (GrpcServerProtocolService.java:lambda$null$7(175)) - 99cb6aa4-ab14-4525-b571-11fa40308ff9: Completed APPEND_ENTRIES, lastReply: null 
2025-07-15 19:46:11,585 [1ed39f2b-ba05-41d4-bcbc-50acfb489962@group-5EE77318BC33-StateMachineUpdater] INFO  impl.StateMachineUpdater (StateMachineUpdater.java:stop(140)) - 1ed39f2b-ba05-41d4-bcbc-50acfb489962@group-5EE77318BC33-StateMachineUpdater: closing ContainerStateMachine, lastApplied=(t:2, i:6)
2025-07-15 19:46:11,586 [grpc-default-executor-4] INFO  server.GrpcLogAppender (GrpcLogAppender.java:onCompleted(558)) - 1ed39f2b-ba05-41d4-bcbc-50acfb489962@group-5EE77318BC33->99cb6aa4-ab14-4525-b571-11fa40308ff9-AppendLogResponseHandler: follower responses appendEntries COMPLETED
2025-07-15 19:46:11,586 [grpc-default-executor-1] INFO  server.GrpcLogAppender (GrpcLogAppender.java:onCompleted(558)) - 1ed39f2b-ba05-41d4-bcbc-50acfb489962@group-5EE77318BC33->99cb6aa4-ab14-4525-b571-11fa40308ff9-AppendLogResponseHandler: follower responses appendEntries COMPLETED
2025-07-15 19:46:11,587 [1ed39f2b-ba05-41d4-bcbc-50acfb489962@group-5EE77318BC33-cacheEviction-AwaitToRun] INFO  util.AwaitToRun (AwaitToRun.java:run(49)) - 1ed39f2b-ba05-41d4-bcbc-50acfb489962@group-5EE77318BC33-cacheEviction-AwaitToRun-AwaitForSignal is interrupted
2025-07-15 19:46:11,674 [grpc-default-executor-0] INFO  segmented.SegmentedRaftLogWorker (SegmentedRaftLogWorker.java:close(254)) - 1ed39f2b-ba05-41d4-bcbc-50acfb489962@group-5EE77318BC33-SegmentedRaftLogWorker close()
2025-07-15 19:46:11,676 [grpc-default-executor-0] INFO  server.RaftServer$Division (RaftServerImpl.java:groupRemove(497)) - 1ed39f2b-ba05-41d4-bcbc-50acfb489962@group-5EE77318BC33: Succeed to remove RaftStorageDirectory Storage Directory /home/runner/work/ozone/ozone/hadoop-ozone/integration-test/target/test-dir/MiniOzoneClusterImpl-7a2c00ee-15e1-4921-aa6b-526c14ec89d8/ozone-meta/datanode-6/ratis/4f81a5f5-7675-4903-8736-5ee77318bc33
2025-07-15 19:46:11,681 [grpc-default-executor-0] WARN  server.RaftServer (RaftServerProxy.java:remove(111)) - faa2b429-16a2-49fa-ab42-514c70ac334b: does not contain group: group-5EE77318BC33
2025-07-15 19:46:11,682 [grpc-default-executor-0] WARN  server.GrpcAdminProtocolService (GrpcAdminProtocolService.java:lambda$groupManagement$1(53)) - Failed groupManagement: GROUPREMOVE, GroupManagementRequest:client-9066A53DD798->faa2b429-16a2-49fa-ab42-514c70ac334b@group-5EE77318BC33, cid=178, seq=null, RW, null, Remove:group-5EE77318BC33, delete-dir
org.apache.ratis.protocol.exceptions.GroupMismatchException: faa2b429-16a2-49fa-ab42-514c70ac334b: Group group-5EE77318BC33 not found.
	at org.apache.ratis.server.impl.RaftServerProxy.groupRemoveAsync(RaftServerProxy.java:548)
	at org.apache.ratis.server.impl.RaftServerProxy.groupManagementAsync(RaftServerProxy.java:499)
	at org.apache.ratis.grpc.server.GrpcAdminProtocolService.lambda$groupManagement$0(GrpcAdminProtocolService.java:51)
	at org.apache.ratis.grpc.GrpcUtil.asyncCall(GrpcUtil.java:172)
	at org.apache.ratis.grpc.server.GrpcAdminProtocolService.groupManagement(GrpcAdminProtocolService.java:51)
	at org.apache.ratis.proto.grpc.AdminProtocolServiceGrpc$MethodHandlers.invoke(AdminProtocolServiceGrpc.java:701)
	at org.apache.ratis.thirdparty.io.grpc.stub.ServerCalls$UnaryServerCallHandler$UnaryServerCallListener.onHalfClose(ServerCalls.java:182)
	at org.apache.ratis.thirdparty.io.grpc.internal.ServerCallImpl$ServerStreamListenerImpl.halfClosed(ServerCallImpl.java:356)
	at org.apache.ratis.thirdparty.io.grpc.internal.ServerImpl$JumpToApplicationThreadServerStreamListener$1HalfClosed.runInContext(ServerImpl.java:861)
	at org.apache.ratis.thirdparty.io.grpc.internal.ContextRunnable.run(ContextRunnable.java:37)
	at org.apache.ratis.thirdparty.io.grpc.internal.SerializingExecutor.run(SerializingExecutor.java:133)
	at java.base/java.util.concurrent.ThreadPoolExecutor.runWorker(ThreadPoolExecutor.java:1144)
	at java.base/java.util.concurrent.ThreadPoolExecutor$Worker.run(ThreadPoolExecutor.java:642)
	at java.base/java.lang.Thread.run(Thread.java:1583)
2025-07-15 19:46:11,685 [99cb6aa4-ab14-4525-b571-11fa40308ff9-PipelineCommandHandlerThread-0] INFO  server.RaftServer (RaftServerProxy.java:remove(116)) - 99cb6aa4-ab14-4525-b571-11fa40308ff9: remove  FOLLOWER (RUNNING): 99cb6aa4-ab14-4525-b571-11fa40308ff9@group-5EE77318BC33:t2, leader=1ed39f2b-ba05-41d4-bcbc-50acfb489962, voted=1ed39f2b-ba05-41d4-bcbc-50acfb489962, raftlog=Memoized:99cb6aa4-ab14-4525-b571-11fa40308ff9@group-5EE77318BC33-SegmentedRaftLog:OPENED:c6:last(t:2, i:6), conf=conf: {index: 5, cur=peers:[1ed39f2b-ba05-41d4-bcbc-50acfb489962|127.0.0.1:15055, faa2b429-16a2-49fa-ab42-514c70ac334b|127.0.0.1:15047, 99cb6aa4-ab14-4525-b571-11fa40308ff9|127.0.0.1:15039]|listeners:[], old=null}
2025-07-15 19:46:11,685 [99cb6aa4-ab14-4525-b571-11fa40308ff9-PipelineCommandHandlerThread-0] INFO  server.RaftServer$Division (RaftServerImpl.java:lambda$close$1(527)) - 99cb6aa4-ab14-4525-b571-11fa40308ff9@group-5EE77318BC33: shutdown
2025-07-15 19:46:11,685 [99cb6aa4-ab14-4525-b571-11fa40308ff9-PipelineCommandHandlerThread-0] INFO  util.JmxRegister (JmxRegister.java:unregister(74)) - Successfully un-registered JMX Bean with object name Ratis:service=RaftServer,group=group-5EE77318BC33,id=99cb6aa4-ab14-4525-b571-11fa40308ff9
2025-07-15 19:46:11,685 [99cb6aa4-ab14-4525-b571-11fa40308ff9-PipelineCommandHandlerThread-0] INFO  impl.RoleInfo (RoleInfo.java:shutdownFollowerState(121)) - 99cb6aa4-ab14-4525-b571-11fa40308ff9: shutdown 99cb6aa4-ab14-4525-b571-11fa40308ff9@group-5EE77318BC33-FollowerState
2025-07-15 19:46:11,685 [99cb6aa4-ab14-4525-b571-11fa40308ff9-PipelineCommandHandlerThread-0] INFO  impl.StateMachineUpdater (StateMachineUpdater.java:stopAndJoin(163)) - 99cb6aa4-ab14-4525-b571-11fa40308ff9@group-5EE77318BC33-StateMachineUpdater: set stopIndex = 6
2025-07-15 19:46:11,685 [99cb6aa4-ab14-4525-b571-11fa40308ff9@group-5EE77318BC33-FollowerState] INFO  impl.FollowerState (FollowerState.java:runImpl(170)) - 99cb6aa4-ab14-4525-b571-11fa40308ff9@group-5EE77318BC33-FollowerState was interrupted
2025-07-15 19:46:11,685 [99cb6aa4-ab14-4525-b571-11fa40308ff9@group-5EE77318BC33-StateMachineUpdater] INFO  impl.StateMachineUpdater (StateMachineUpdater.java:stop(140)) - 99cb6aa4-ab14-4525-b571-11fa40308ff9@group-5EE77318BC33-StateMachineUpdater: closing ContainerStateMachine, lastApplied=(t:2, i:6)
2025-07-15 19:46:11,686 [99cb6aa4-ab14-4525-b571-11fa40308ff9@group-5EE77318BC33-cacheEviction-AwaitToRun] INFO  util.AwaitToRun (AwaitToRun.java:run(49)) - 99cb6aa4-ab14-4525-b571-11fa40308ff9@group-5EE77318BC33-cacheEviction-AwaitToRun-AwaitForSignal is interrupted
2025-07-15 19:46:11,768 [072971cd-5d05-4d2d-80ca-509be4281031@group-60E9EE0A11F4-StateMachineUpdater] INFO  ratis.ContainerStateMachine (ContainerStateMachine.java:takeSnapshot(427)) - group-60E9EE0A11F4: Taking a snapshot at:(t:1, i:0) file /home/runner/work/ozone/ozone/hadoop-ozone/integration-test/target/test-dir/MiniOzoneClusterImpl-7a2c00ee-15e1-4921-aa6b-526c14ec89d8/ozone-meta/datanode-10/ratis/96aac1d1-57dd-466c-a41c-60e9ee0a11f4/sm/snapshot.1_0
2025-07-15 19:46:11,768 [99cb6aa4-ab14-4525-b571-11fa40308ff9@group-60E9EE0A11F4-StateMachineUpdater] INFO  ratis.ContainerStateMachine (ContainerStateMachine.java:takeSnapshot(427)) - group-60E9EE0A11F4: Taking a snapshot at:(t:1, i:0) file /home/runner/work/ozone/ozone/hadoop-ozone/integration-test/target/test-dir/MiniOzoneClusterImpl-7a2c00ee-15e1-4921-aa6b-526c14ec89d8/ozone-meta/datanode-4/ratis/96aac1d1-57dd-466c-a41c-60e9ee0a11f4/sm/snapshot.1_0
2025-07-15 19:46:11,769 [99cb6aa4-ab14-4525-b571-11fa40308ff9@group-60E9EE0A11F4-StateMachineUpdater] INFO  ratis.ContainerStateMachine (ContainerStateMachine.java:takeSnapshot(436)) - group-60E9EE0A11F4: Finished taking a snapshot at:(t:1, i:0) file:/home/runner/work/ozone/ozone/hadoop-ozone/integration-test/target/test-dir/MiniOzoneClusterImpl-7a2c00ee-15e1-4921-aa6b-526c14ec89d8/ozone-meta/datanode-4/ratis/96aac1d1-57dd-466c-a41c-60e9ee0a11f4/sm/snapshot.1_0 took: 1 ms
2025-07-15 19:46:11,769 [072971cd-5d05-4d2d-80ca-509be4281031@group-60E9EE0A11F4-StateMachineUpdater] INFO  ratis.ContainerStateMachine (ContainerStateMachine.java:takeSnapshot(436)) - group-60E9EE0A11F4: Finished taking a snapshot at:(t:1, i:0) file:/home/runner/work/ozone/ozone/hadoop-ozone/integration-test/target/test-dir/MiniOzoneClusterImpl-7a2c00ee-15e1-4921-aa6b-526c14ec89d8/ozone-meta/datanode-10/ratis/96aac1d1-57dd-466c-a41c-60e9ee0a11f4/sm/snapshot.1_0 took: 1 ms
2025-07-15 19:46:11,769 [99cb6aa4-ab14-4525-b571-11fa40308ff9@group-60E9EE0A11F4-StateMachineUpdater] INFO  impl.StateMachineUpdater (StateMachineUpdater.java:takeSnapshot(307)) - 99cb6aa4-ab14-4525-b571-11fa40308ff9@group-60E9EE0A11F4-StateMachineUpdater: Took a snapshot at index 0
2025-07-15 19:46:11,769 [99cb6aa4-ab14-4525-b571-11fa40308ff9@group-60E9EE0A11F4-StateMachineUpdater] INFO  impl.StateMachineUpdater (StateMachineUpdater.java:lambda$new$0(101)) - 99cb6aa4-ab14-4525-b571-11fa40308ff9@group-60E9EE0A11F4-StateMachineUpdater: snapshotIndex: updateIncreasingly -1 -> 0
2025-07-15 19:46:11,769 [072971cd-5d05-4d2d-80ca-509be4281031@group-60E9EE0A11F4-StateMachineUpdater] INFO  impl.StateMachineUpdater (StateMachineUpdater.java:takeSnapshot(307)) - 072971cd-5d05-4d2d-80ca-509be4281031@group-60E9EE0A11F4-StateMachineUpdater: Took a snapshot at index 0
2025-07-15 19:46:11,769 [072971cd-5d05-4d2d-80ca-509be4281031@group-60E9EE0A11F4-StateMachineUpdater] INFO  impl.StateMachineUpdater (StateMachineUpdater.java:lambda$new$0(101)) - 072971cd-5d05-4d2d-80ca-509be4281031@group-60E9EE0A11F4-StateMachineUpdater: snapshotIndex: updateIncreasingly -1 -> 0
2025-07-15 19:46:11,826 [faa2b429-16a2-49fa-ab42-514c70ac334b@group-E8E671F522EE-StateMachineUpdater] INFO  ratis.ContainerStateMachine (ContainerStateMachine.java:takeSnapshot(427)) - group-E8E671F522EE: Taking a snapshot at:(t:1, i:0) file /home/runner/work/ozone/ozone/hadoop-ozone/integration-test/target/test-dir/MiniOzoneClusterImpl-7a2c00ee-15e1-4921-aa6b-526c14ec89d8/ozone-meta/datanode-5/ratis8aafc780-4245-4c46-8f87-c6768e72163b/0d152ab0-b32d-48cc-898d-e8e671f522ee/sm/snapshot.1_0
2025-07-15 19:46:11,826 [99cb6aa4-ab14-4525-b571-11fa40308ff9@group-E8E671F522EE-StateMachineUpdater] INFO  ratis.ContainerStateMachine (ContainerStateMachine.java:takeSnapshot(427)) - group-E8E671F522EE: Taking a snapshot at:(t:1, i:0) file /home/runner/work/ozone/ozone/hadoop-ozone/integration-test/target/test-dir/MiniOzoneClusterImpl-7a2c00ee-15e1-4921-aa6b-526c14ec89d8/ozone-meta/datanode-4/ratis/0d152ab0-b32d-48cc-898d-e8e671f522ee/sm/snapshot.1_0
2025-07-15 19:46:11,826 [99cb6aa4-ab14-4525-b571-11fa40308ff9@group-E8E671F522EE-StateMachineUpdater] INFO  ratis.ContainerStateMachine (ContainerStateMachine.java:takeSnapshot(436)) - group-E8E671F522EE: Finished taking a snapshot at:(t:1, i:0) file:/home/runner/work/ozone/ozone/hadoop-ozone/integration-test/target/test-dir/MiniOzoneClusterImpl-7a2c00ee-15e1-4921-aa6b-526c14ec89d8/ozone-meta/datanode-4/ratis/0d152ab0-b32d-48cc-898d-e8e671f522ee/sm/snapshot.1_0 took: 0 ms
2025-07-15 19:46:11,827 [99cb6aa4-ab14-4525-b571-11fa40308ff9@group-E8E671F522EE-StateMachineUpdater] INFO  impl.StateMachineUpdater (StateMachineUpdater.java:takeSnapshot(307)) - 99cb6aa4-ab14-4525-b571-11fa40308ff9@group-E8E671F522EE-StateMachineUpdater: Took a snapshot at index 0
2025-07-15 19:46:11,827 [99cb6aa4-ab14-4525-b571-11fa40308ff9@group-E8E671F522EE-StateMachineUpdater] INFO  impl.StateMachineUpdater (StateMachineUpdater.java:lambda$new$0(101)) - 99cb6aa4-ab14-4525-b571-11fa40308ff9@group-E8E671F522EE-StateMachineUpdater: snapshotIndex: updateIncreasingly -1 -> 0
2025-07-15 19:46:11,827 [faa2b429-16a2-49fa-ab42-514c70ac334b@group-E8E671F522EE-StateMachineUpdater] INFO  ratis.ContainerStateMachine (ContainerStateMachine.java:takeSnapshot(436)) - group-E8E671F522EE: Finished taking a snapshot at:(t:1, i:0) file:/home/runner/work/ozone/ozone/hadoop-ozone/integration-test/target/test-dir/MiniOzoneClusterImpl-7a2c00ee-15e1-4921-aa6b-526c14ec89d8/ozone-meta/datanode-5/ratis8aafc780-4245-4c46-8f87-c6768e72163b/0d152ab0-b32d-48cc-898d-e8e671f522ee/sm/snapshot.1_0 took: 1 ms
2025-07-15 19:46:11,827 [faa2b429-16a2-49fa-ab42-514c70ac334b@group-E8E671F522EE-StateMachineUpdater] INFO  impl.StateMachineUpdater (StateMachineUpdater.java:takeSnapshot(307)) - faa2b429-16a2-49fa-ab42-514c70ac334b@group-E8E671F522EE-StateMachineUpdater: Took a snapshot at index 0
2025-07-15 19:46:11,827 [faa2b429-16a2-49fa-ab42-514c70ac334b@group-E8E671F522EE-StateMachineUpdater] INFO  impl.StateMachineUpdater (StateMachineUpdater.java:lambda$new$0(101)) - faa2b429-16a2-49fa-ab42-514c70ac334b@group-E8E671F522EE-StateMachineUpdater: snapshotIndex: updateIncreasingly -1 -> 0
2025-07-15 19:46:12,550 [timer0] WARN  server.GrpcLogAppender (LogUtils.java:warn(129)) - edffad61-d5a0-4c2f-abd3-1d848b9782f9@group-D4D9E1AFA3FC->262265f8-b6b0-4173-8249-6c4ff56c562c-AppendLogResponseHandler: Failed appendEntries (Repeated 2 times in the last 5.001s)
org.apache.ratis.protocol.exceptions.GroupMismatchException: 262265f8-b6b0-4173-8249-6c4ff56c562c: group-D4D9E1AFA3FC not found.
	at org.apache.ratis.server.impl.RaftServerProxy$ImplMap.get(RaftServerProxy.java:160)
	at org.apache.ratis.server.impl.RaftServerProxy.getImplFuture(RaftServerProxy.java:370)
	at org.apache.ratis.server.impl.RaftServerProxy.appendEntriesAsync(RaftServerProxy.java:650)
	at org.apache.ratis.grpc.server.GrpcServerProtocolService$1.process(GrpcServerProtocolService.java:245)
	at org.apache.ratis.grpc.server.GrpcServerProtocolService$1.process(GrpcServerProtocolService.java:242)
	at org.apache.ratis.grpc.server.GrpcServerProtocolService$ServerRequestStreamObserver.onNext(GrpcServerProtocolService.java:150)
	at org.apache.ratis.thirdparty.io.grpc.stub.ServerCalls$StreamingServerCallHandler$StreamingServerCallListener.onMessage(ServerCalls.java:262)
	at org.apache.ratis.thirdparty.io.grpc.internal.ServerCallImpl$ServerStreamListenerImpl.messagesAvailableInternal(ServerCallImpl.java:334)
	at org.apache.ratis.thirdparty.io.grpc.internal.ServerCallImpl$ServerStreamListenerImpl.messagesAvailable(ServerCallImpl.java:319)
	at org.apache.ratis.thirdparty.io.grpc.internal.ServerImpl$JumpToApplicationThreadServerStreamListener$1MessagesAvailable.runInContext(ServerImpl.java:834)
	at org.apache.ratis.thirdparty.io.grpc.internal.ContextRunnable.run(ContextRunnable.java:37)
	at org.apache.ratis.thirdparty.io.grpc.internal.SerializingExecutor.run(SerializingExecutor.java:133)
	at java.base/java.util.concurrent.ThreadPoolExecutor.runWorker(ThreadPoolExecutor.java:1144)
	at java.base/java.util.concurrent.ThreadPoolExecutor$Worker.run(ThreadPoolExecutor.java:642)
	at java.base/java.lang.Thread.run(Thread.java:1583)
2025-07-15 19:46:12,675 [99cb6aa4-ab14-4525-b571-11fa40308ff9-PipelineCommandHandlerThread-0] INFO  segmented.SegmentedRaftLogWorker (SegmentedRaftLogWorker.java:close(254)) - 99cb6aa4-ab14-4525-b571-11fa40308ff9@group-5EE77318BC33-SegmentedRaftLogWorker close()
2025-07-15 19:46:12,677 [99cb6aa4-ab14-4525-b571-11fa40308ff9-PipelineCommandHandlerThread-0] INFO  server.RaftServer$Division (RaftServerImpl.java:groupRemove(497)) - 99cb6aa4-ab14-4525-b571-11fa40308ff9@group-5EE77318BC33: Succeed to remove RaftStorageDirectory Storage Directory /home/runner/work/ozone/ozone/hadoop-ozone/integration-test/target/test-dir/MiniOzoneClusterImpl-7a2c00ee-15e1-4921-aa6b-526c14ec89d8/ozone-meta/datanode-4/ratis/4f81a5f5-7675-4903-8736-5ee77318bc33
2025-07-15 19:46:12,677 [99cb6aa4-ab14-4525-b571-11fa40308ff9-PipelineCommandHandlerThread-0] INFO  commandhandler.ClosePipelineCommandHandler (ClosePipelineCommandHandler.java:lambda$handle$2(142)) - Close Pipeline Pipeline-4f81a5f5-7675-4903-8736-5ee77318bc33 command on datanode 99cb6aa4-ab14-4525-b571-11fa40308ff9(localhost/127.0.0.1).
2025-07-15 19:46:13,062 [timer5] WARN  server.GrpcLogAppender (GrpcLogAppender.java:timeoutAppendRequest(448)) - edffad61-d5a0-4c2f-abd3-1d848b9782f9@group-D4D9E1AFA3FC->262265f8-b6b0-4173-8249-6c4ff56c562c-GrpcLogAppender: Timed out HEARTBEAT appendEntries, errorCount=33, request=AppendEntriesRequest:cid=6999,entriesCount=0
2025-07-15 19:46:13,452 [timer2] WARN  server.GrpcLogAppender (GrpcLogAppender.java:timeoutAppendRequest(448)) - 73892b45-0ad3-4392-8d09-ab2d1cd7ede4@group-A35D399F7985->262265f8-b6b0-4173-8249-6c4ff56c562c-GrpcLogAppender: Timed out HEARTBEAT appendEntries, errorCount=33, request=AppendEntriesRequest:cid=4634,entriesCount=0
2025-07-15 19:46:16,282 [timer2] WARN  server.GrpcLogAppender (GrpcLogAppender.java:timeoutAppendRequest(448)) - edffad61-d5a0-4c2f-abd3-1d848b9782f9@group-D4D9E1AFA3FC->262265f8-b6b0-4173-8249-6c4ff56c562c-GrpcLogAppender: Timed out HEARTBEAT appendEntries, errorCount=34, request=AppendEntriesRequest:cid=7000,entriesCount=0
2025-07-15 19:46:16,585 [timer7] INFO  server.GrpcServerProtocolService (GrpcServerProtocolService.java:lambda$onCompleted$6(171)) - 99cb6aa4-ab14-4525-b571-11fa40308ff9: Completed APPEND_ENTRIES, lastRequest: null  (Repeated 2 times in the last 5.000s)
2025-07-15 19:46:16,586 [timer0] INFO  server.GrpcServerProtocolService (GrpcServerProtocolService.java:lambda$null$7(175)) - 99cb6aa4-ab14-4525-b571-11fa40308ff9: Completed APPEND_ENTRIES, lastReply: serverReply {
  requestorId: "1ed39f2b-ba05-41d4-bcbc-50acfb489962"
  replyId: "99cb6aa4-ab14-4525-b571-11fa40308ff9"
  raftGroupId {
    id: "O\201\245\365vuI\003\2076^\347s\030\2743"
  }
  callId: 16
  success: true
}
term: 2
nextIndex: 7
followerCommit: 6
matchIndex: 18446744073709551615
isHearbeat: true
  (Repeated 2 times in the last 5.001s)
2025-07-15 19:46:17,805 [null-request--thread1] INFO  server.GrpcClientProtocolService (GrpcClientProtocolService.java:lambda$processClientRequest$0(284)) - Failed RaftClientRequest:client-CA7F0CA2B2AB->edffad61-d5a0-4c2f-abd3-1d848b9782f9@group-D4D9E1AFA3FC, cid=170, seq=null, Watch-ALL_COMMITTED(2), Message:<EMPTY>, reply=RaftClientReply:client-CA7F0CA2B2AB->edffad61-d5a0-4c2f-abd3-1d848b9782f9@group-D4D9E1AFA3FC, cid=170, FAILED org.apache.ratis.protocol.exceptions.NotReplicatedException: Request with call Id 170 and log index 2 is not yet replicated to ALL_COMMITTED, logIndex=2, commits[edffad61-d5a0-4c2f-abd3-1d848b9782f9:c4, 262265f8-b6b0-4173-8249-6c4ff56c562c:c0, 73892b45-0ad3-4392-8d09-ab2d1cd7ede4:c4]
2025-07-15 19:46:17,807 [ForkJoinPool.commonPool-worker-2] WARN  scm.XceiverClientRatis (XceiverClientRatis.java:lambda$watchForCommit$6(313)) - ALL_COMMITTED way commit failed on pipeline Pipeline{ Id: f182326e-4933-482b-ba7e-d4d9e1afa3fc, Nodes: [ {73892b45-0ad3-4392-8d09-ab2d1cd7ede4(localhost/127.0.0.1), ReplicaIndex: 0}, {edffad61-d5a0-4c2f-abd3-1d848b9782f9(localhost/127.0.0.1), ReplicaIndex: 0}, {262265f8-b6b0-4173-8249-6c4ff56c562c(localhost/127.0.0.1), ReplicaIndex: 0},], ReplicationConfig: RATIS/THREE, State:OPEN, leaderId:edffad61-d5a0-4c2f-abd3-1d848b9782f9, CreationTimestamp2025-07-15T19:44:35.784Z[Etc/UTC]}
java.util.concurrent.CompletionException: org.apache.ratis.protocol.exceptions.NotReplicatedException: Request with call Id 170 and log index 2 is not yet replicated to ALL_COMMITTED
	at org.apache.ratis.client.impl.RaftClientImpl.handleRaftException(RaftClientImpl.java:373)
	at org.apache.ratis.client.impl.UnorderedAsync.lambda$send$1(UnorderedAsync.java:67)
	at java.base/java.util.concurrent.CompletableFuture$UniApply.tryFire(CompletableFuture.java:646)
	at java.base/java.util.concurrent.CompletableFuture.postComplete(CompletableFuture.java:510)
	at java.base/java.util.concurrent.CompletableFuture.complete(CompletableFuture.java:2179)
	at org.apache.ratis.client.impl.UnorderedAsync.lambda$sendRequestWithRetry$4(UnorderedAsync.java:88)
	at java.base/java.util.concurrent.CompletableFuture.uniWhenComplete(CompletableFuture.java:863)
	at java.base/java.util.concurrent.CompletableFuture$UniWhenComplete.tryFire(CompletableFuture.java:841)
	at java.base/java.util.concurrent.CompletableFuture$Completion.exec(CompletableFuture.java:483)
	at java.base/java.util.concurrent.ForkJoinTask.doExec(ForkJoinTask.java:387)
	at java.base/java.util.concurrent.ForkJoinPool$WorkQueue.topLevelExec(ForkJoinPool.java:1312)
	at java.base/java.util.concurrent.ForkJoinPool.scan(ForkJoinPool.java:1843)
	at java.base/java.util.concurrent.ForkJoinPool.runWorker(ForkJoinPool.java:1808)
	at java.base/java.util.concurrent.ForkJoinWorkerThread.run(ForkJoinWorkerThread.java:188)
Caused by: org.apache.ratis.protocol.exceptions.NotReplicatedException: Request with call Id 170 and log index 2 is not yet replicated to ALL_COMMITTED
	at org.apache.ratis.client.impl.ClientProtoUtils.toRaftClientReply(ClientProtoUtils.java:406)
	at org.apache.ratis.grpc.client.GrpcClientProtocolClient$AsyncStreamObservers$1.onNext(GrpcClientProtocolClient.java:313)
	at org.apache.ratis.grpc.client.GrpcClientProtocolClient$AsyncStreamObservers$1.onNext(GrpcClientProtocolClient.java:308)
	at org.apache.ratis.thirdparty.io.grpc.stub.ClientCalls$StreamObserverToCallListenerAdapter.onMessage(ClientCalls.java:551)
	at org.apache.ratis.thirdparty.io.grpc.ForwardingClientCallListener.onMessage(ForwardingClientCallListener.java:33)
	at org.apache.ratis.thirdparty.io.grpc.internal.ClientCallImpl$ClientStreamListenerImpl$1MessagesAvailable.runInternal(ClientCallImpl.java:661)
	at org.apache.ratis.thirdparty.io.grpc.internal.ClientCallImpl$ClientStreamListenerImpl$1MessagesAvailable.runInContext(ClientCallImpl.java:648)
	at org.apache.ratis.thirdparty.io.grpc.internal.ContextRunnable.run(ContextRunnable.java:37)
	at org.apache.ratis.thirdparty.io.grpc.internal.SerializingExecutor.run(SerializingExecutor.java:133)
	at java.base/java.util.concurrent.ThreadPoolExecutor.runWorker(ThreadPoolExecutor.java:1144)
	at java.base/java.util.concurrent.ThreadPoolExecutor$Worker.run(ThreadPoolExecutor.java:642)
	at java.base/java.lang.Thread.run(Thread.java:1583)
2025-07-15 19:46:17,808 [ForkJoinPool.commonPool-worker-2] INFO  scm.XceiverClientRatis (XceiverClientRatis.java:lambda$handleFailedAllCommit$8(348)) - Could not commit index 2 on pipeline Pipeline{ Id: f182326e-4933-482b-ba7e-d4d9e1afa3fc, Nodes: [ {73892b45-0ad3-4392-8d09-ab2d1cd7ede4(localhost/127.0.0.1), ReplicaIndex: 0}, {edffad61-d5a0-4c2f-abd3-1d848b9782f9(localhost/127.0.0.1), ReplicaIndex: 0}, {262265f8-b6b0-4173-8249-6c4ff56c562c(localhost/127.0.0.1), ReplicaIndex: 0},], ReplicationConfig: RATIS/THREE, State:OPEN, leaderId:edffad61-d5a0-4c2f-abd3-1d848b9782f9, CreationTimestamp2025-07-15T19:44:35.784Z[Etc/UTC]} to all the nodes. Server 262265f8-b6b0-4173-8249-6c4ff56c562c has failed. Committed by majority.
2025-07-15 19:46:17,809 [ForkJoinPool.commonPool-worker-2] WARN  storage.BlockOutputStream (BlockOutputStream.java:checkReply(557)) - Failed to commit BlockId conID: 9 locID: 115816896921600009 bcsId: 2 replicaIndex: null on Pipeline{ Id: f182326e-4933-482b-ba7e-d4d9e1afa3fc, Nodes: [ {73892b45-0ad3-4392-8d09-ab2d1cd7ede4(localhost/127.0.0.1), ReplicaIndex: 0}, {edffad61-d5a0-4c2f-abd3-1d848b9782f9(localhost/127.0.0.1), ReplicaIndex: 0}, {262265f8-b6b0-4173-8249-6c4ff56c562c(localhost/127.0.0.1), ReplicaIndex: 0},], ReplicationConfig: RATIS/THREE, State:OPEN, leaderId:edffad61-d5a0-4c2f-abd3-1d848b9782f9, CreationTimestamp2025-07-15T19:44:35.784Z[Etc/UTC]}. Failed nodes: [262265f8-b6b0-4173-8249-6c4ff56c562c(null/null)]
2025-07-15 19:46:17,812 [73892b45-0ad3-4392-8d09-ab2d1cd7ede4-ChunkWriter-1-0] ERROR helpers.ContainerUtils (ContainerUtils.java:getChunkDir(273)) - Chunks dir /home/runner/work/ozone/ozone/hadoop-ozone/integration-test/target/test-dir/MiniOzoneClusterImpl-7a2c00ee-15e1-4921-aa6b-526c14ec89d8/ozone-meta/datanode-8/data-0/hdds/7a2c00ee-15e1-4921-aa6b-526c14ec89d8/current/containerDir0/9/chunks does not exist
2025-07-15 19:46:17,812 [73892b45-0ad3-4392-8d09-ab2d1cd7ede4-ChunkWriter-1-0] WARN  keyvalue.KeyValueHandler (ContainerUtils.java:logAndReturnError(94)) - Operation: WriteChunk , Trace ID:  , Message: Chunks directory /home/runner/work/ozone/ozone/hadoop-ozone/integration-test/target/test-dir/MiniOzoneClusterImpl-7a2c00ee-15e1-4921-aa6b-526c14ec89d8/ozone-meta/datanode-8/data-0/hdds/7a2c00ee-15e1-4921-aa6b-526c14ec89d8/current/containerDir0/9/chunks does not exist. , Result: UNABLE_TO_FIND_DATA_DIR , StorageContainerException Occurred.
org.apache.hadoop.hdds.scm.container.common.helpers.StorageContainerException: Chunks directory /home/runner/work/ozone/ozone/hadoop-ozone/integration-test/target/test-dir/MiniOzoneClusterImpl-7a2c00ee-15e1-4921-aa6b-526c14ec89d8/ozone-meta/datanode-8/data-0/hdds/7a2c00ee-15e1-4921-aa6b-526c14ec89d8/current/containerDir0/9/chunks does not exist.
	at org.apache.hadoop.ozone.container.common.helpers.ContainerUtils.getChunkDir(ContainerUtils.java:275)
	at org.apache.hadoop.ozone.container.common.impl.ContainerLayoutVersion.getChunkFile(ContainerLayoutVersion.java:115)
	at org.apache.hadoop.ozone.container.keyvalue.impl.FilePerBlockStrategy.getChunkFile(FilePerBlockStrategy.java:300)
	at org.apache.hadoop.ozone.container.keyvalue.impl.FilePerBlockStrategy.writeChunk(FilePerBlockStrategy.java:148)
	at org.apache.hadoop.ozone.container.keyvalue.impl.ChunkManagerDispatcher.writeChunk(ChunkManagerDispatcher.java:70)
	at org.apache.hadoop.ozone.container.keyvalue.KeyValueHandler.handleWriteChunk(KeyValueHandler.java:1029)
	at org.apache.hadoop.ozone.container.keyvalue.KeyValueHandler.dispatchRequest(KeyValueHandler.java:342)
	at org.apache.hadoop.ozone.container.keyvalue.KeyValueHandler.handle(KeyValueHandler.java:293)
	at org.apache.hadoop.ozone.container.common.impl.HddsDispatcher.dispatchRequest(HddsDispatcher.java:365)
	at org.apache.hadoop.ozone.container.common.impl.HddsDispatcher.lambda$dispatch$1(HddsDispatcher.java:190)
	at org.apache.hadoop.hdds.server.OzoneProtocolMessageDispatcher.processRequest(OzoneProtocolMessageDispatcher.java:87)
	at org.apache.hadoop.ozone.container.common.impl.HddsDispatcher.dispatch(HddsDispatcher.java:189)
	at org.apache.hadoop.ozone.container.common.transport.server.ratis.ContainerStateMachine.dispatchCommand(ContainerStateMachine.java:567)
	at org.apache.hadoop.ozone.container.common.transport.server.ratis.ContainerStateMachine.lambda$writeStateMachineData$2(ContainerStateMachine.java:622)
	at java.base/java.util.concurrent.FutureTask.run(FutureTask.java:317)
	at java.base/java.util.concurrent.ThreadPoolExecutor.runWorker(ThreadPoolExecutor.java:1144)
	at java.base/java.util.concurrent.ThreadPoolExecutor$Worker.run(ThreadPoolExecutor.java:642)
	at java.base/java.lang.Thread.run(Thread.java:1583)
2025-07-15 19:46:17,814 [grpc-default-executor-0] WARN  server.GrpcServerProtocolService (LogUtils.java:warn(129)) - 262265f8-b6b0-4173-8249-6c4ff56c562c: Failed APPEND_ENTRIES request edffad61-d5a0-4c2f-abd3-1d848b9782f9->262265f8-b6b0-4173-8249-6c4ff56c562c#7002-t1,previous=(t:1, i:0),leaderCommit=4,initializing? false,entries: size=6, first=(t:1, i:1), STATEMACHINELOGENTRY, WRITE: logData.size=154, stateMachineData.size=5, logEntryProtoSerializedSize=0
java.util.concurrent.CompletionException: org.apache.ratis.protocol.exceptions.GroupMismatchException: 262265f8-b6b0-4173-8249-6c4ff56c562c: group-D4D9E1AFA3FC not found.
	at java.base/java.util.concurrent.CompletableFuture.encodeThrowable(CompletableFuture.java:332)
	at java.base/java.util.concurrent.CompletableFuture.uniComposeStage(CompletableFuture.java:1177)
	at java.base/java.util.concurrent.CompletableFuture.thenCompose(CompletableFuture.java:2341)
	at org.apache.ratis.server.impl.RaftServerProxy.appendEntriesAsync(RaftServerProxy.java:651)
	at org.apache.ratis.grpc.server.GrpcServerProtocolService$1.process(GrpcServerProtocolService.java:245)
	at org.apache.ratis.grpc.server.GrpcServerProtocolService$1.process(GrpcServerProtocolService.java:242)
	at org.apache.ratis.grpc.server.GrpcServerProtocolService$ServerRequestStreamObserver.onNext(GrpcServerProtocolService.java:150)
	at org.apache.ratis.thirdparty.io.grpc.stub.ServerCalls$StreamingServerCallHandler$StreamingServerCallListener.onMessage(ServerCalls.java:262)
	at org.apache.ratis.thirdparty.io.grpc.internal.ServerCallImpl$ServerStreamListenerImpl.messagesAvailableInternal(ServerCallImpl.java:334)
	at org.apache.ratis.thirdparty.io.grpc.internal.ServerCallImpl$ServerStreamListenerImpl.messagesAvailable(ServerCallImpl.java:319)
	at org.apache.ratis.thirdparty.io.grpc.internal.ServerImpl$JumpToApplicationThreadServerStreamListener$1MessagesAvailable.runInContext(ServerImpl.java:834)
	at org.apache.ratis.thirdparty.io.grpc.internal.ContextRunnable.run(ContextRunnable.java:37)
	at org.apache.ratis.thirdparty.io.grpc.internal.SerializingExecutor.run(SerializingExecutor.java:133)
	at java.base/java.util.concurrent.ThreadPoolExecutor.runWorker(ThreadPoolExecutor.java:1144)
	at java.base/java.util.concurrent.ThreadPoolExecutor$Worker.run(ThreadPoolExecutor.java:642)
	at java.base/java.lang.Thread.run(Thread.java:1583)
Caused by: org.apache.ratis.protocol.exceptions.GroupMismatchException: 262265f8-b6b0-4173-8249-6c4ff56c562c: group-D4D9E1AFA3FC not found.
	at org.apache.ratis.server.impl.RaftServerProxy$ImplMap.get(RaftServerProxy.java:160)
	at org.apache.ratis.server.impl.RaftServerProxy.getImplFuture(RaftServerProxy.java:370)
	at org.apache.ratis.server.impl.RaftServerProxy.appendEntriesAsync(RaftServerProxy.java:650)
	... 12 more
2025-07-15 19:46:17,816 [grpc-default-executor-0] WARN  server.GrpcLogAppender (LogUtils.java:warn(129)) - edffad61-d5a0-4c2f-abd3-1d848b9782f9@group-D4D9E1AFA3FC->262265f8-b6b0-4173-8249-6c4ff56c562c-AppendLogResponseHandler: Failed appendEntries
org.apache.ratis.protocol.exceptions.GroupMismatchException: 262265f8-b6b0-4173-8249-6c4ff56c562c: group-D4D9E1AFA3FC not found.
	at org.apache.ratis.server.impl.RaftServerProxy$ImplMap.get(RaftServerProxy.java:160)
	at org.apache.ratis.server.impl.RaftServerProxy.getImplFuture(RaftServerProxy.java:370)
	at org.apache.ratis.server.impl.RaftServerProxy.appendEntriesAsync(RaftServerProxy.java:650)
	at org.apache.ratis.grpc.server.GrpcServerProtocolService$1.process(GrpcServerProtocolService.java:245)
	at org.apache.ratis.grpc.server.GrpcServerProtocolService$1.process(GrpcServerProtocolService.java:242)
	at org.apache.ratis.grpc.server.GrpcServerProtocolService$ServerRequestStreamObserver.onNext(GrpcServerProtocolService.java:150)
	at org.apache.ratis.thirdparty.io.grpc.stub.ServerCalls$StreamingServerCallHandler$StreamingServerCallListener.onMessage(ServerCalls.java:262)
	at org.apache.ratis.thirdparty.io.grpc.internal.ServerCallImpl$ServerStreamListenerImpl.messagesAvailableInternal(ServerCallImpl.java:334)
	at org.apache.ratis.thirdparty.io.grpc.internal.ServerCallImpl$ServerStreamListenerImpl.messagesAvailable(ServerCallImpl.java:319)
	at org.apache.ratis.thirdparty.io.grpc.internal.ServerImpl$JumpToApplicationThreadServerStreamListener$1MessagesAvailable.runInContext(ServerImpl.java:834)
	at org.apache.ratis.thirdparty.io.grpc.internal.ContextRunnable.run(ContextRunnable.java:37)
	at org.apache.ratis.thirdparty.io.grpc.internal.SerializingExecutor.run(SerializingExecutor.java:133)
	at java.base/java.util.concurrent.ThreadPoolExecutor.runWorker(ThreadPoolExecutor.java:1144)
	at java.base/java.util.concurrent.ThreadPoolExecutor$Worker.run(ThreadPoolExecutor.java:642)
	at java.base/java.lang.Thread.run(Thread.java:1583)
2025-07-15 19:46:17,816 [grpc-default-executor-0] INFO  leader.LogAppender (LogAppenderBase.java:lambda$getNextIndexForError$0(215)) - Decrease nextIndex to 1
2025-07-15 19:46:17,816 [grpc-default-executor-0] INFO  leader.LogAppender (LogAppenderBase.java:lambda$getNextIndexForError$0(215)) - Decrease nextIndex to 1
2025-07-15 19:46:17,817 [grpc-default-executor-0] INFO  leader.FollowerInfo (FollowerInfoImpl.java:info(70)) - edffad61-d5a0-4c2f-abd3-1d848b9782f9@group-D4D9E1AFA3FC->262265f8-b6b0-4173-8249-6c4ff56c562c: computeNextIndex nextIndex: updateUnconditionally 7 -> 1
2025-07-15 19:46:17,817 [73892b45-0ad3-4392-8d09-ab2d1cd7ede4-ChunkWriter-1-0] WARN  keyvalue.KeyValueContainer (KeyValueContainer.java:markContainerUnhealthy(397)) - Marked container UNHEALTHY from OPEN: KeyValueContainerData #9 (UNHEALTHY, non-empty, ri=0, origin=[dn_73892b45-0ad3-4392-8d09-ab2d1cd7ede4, pipeline_f182326e-4933-482b-ba7e-d4d9e1afa3fc])
2025-07-15 19:46:17,818 [73892b45-0ad3-4392-8d09-ab2d1cd7ede4-ChunkWriter-1-0] WARN  keyvalue.KeyValueHandler (KeyValueHandler.java:updateAndGetContainerChecksum(1451)) - Container data checksum updated from 0 to 1bdd5b56
2025-07-15T19:46:17.819272302Z 73892b45-0ad3-4392-8d09-ab2d1cd7ede4-ChunkWriter-1-0 ERROR ID=9 | Index=0 | BCSID=2 | State=UNHEALTHY | Volume=/home/runner/work/ozone/ozone/hadoop-ozone/integration-test/target/test-dir/MiniOzoneClusterImpl-7a2c00ee-15e1-4921-aa6b-526c14ec89d8/ozone-meta/datanode-8/data-0/hdds | DataChecksum=1bdd5b56 | Container has 1 error: WRITE_FAILURE for file /home/runner/work/ozone/ozone/hadoop-ozone/integration-test/target/test-dir/MiniOzoneClusterImpl-7a2c00ee-15e1-4921-aa6b-526c14ec89d8/ozone-meta/datanode-8/data-0/hdds/7a2c00ee-15e1-4921-aa6b-526c14ec89d8/current/containerDir0/9 with exception: org.apache.hadoop.hdds.scm.container.common.helpers.StorageContainerException2025-07-15 19:46:17,819 [73892b45-0ad3-4392-8d09-ab2d1cd7ede4-ChunkWriter-1-0] INFO  impl.HddsDispatcher (HddsDispatcher.java:dispatchRequest(411)) - Marked Container UNHEALTHY, ContainerID: 9
2025-07-15T19:46:17.819833906Z 73892b45-0ad3-4392-8d09-ab2d1cd7ede4-ChunkWriter-1-0 ERROR user=null | ip=null | op=WRITE_CHUNK {blockData=conID: 9 locID: 115816896921600009 bcsId: 2 replicaIndex: 0, offset=5, size=10, stage=WRITE_DATA} | ret=FAILURE
java.lang.Exception: Chunks directory /home/runner/work/ozone/ozone/hadoop-ozone/integration-test/target/test-dir/MiniOzoneClusterImpl-7a2c00ee-15e1-4921-aa6b-526c14ec89d8/ozone-meta/datanode-8/data-0/hdds/7a2c00ee-15e1-4921-aa6b-526c14ec89d8/current/containerDir0/9/chunks does not exist.
	at org.apache.hadoop.ozone.container.common.impl.HddsDispatcher.dispatchRequest(HddsDispatcher.java:439)
	at org.apache.hadoop.ozone.container.common.impl.HddsDispatcher.lambda$dispatch$1(HddsDispatcher.java:190)
	at org.apache.hadoop.hdds.server.OzoneProtocolMessageDispatcher.processRequest(OzoneProtocolMessageDispatcher.java:87)
	at org.apache.hadoop.ozone.container.common.impl.HddsDispatcher.dispatch(HddsDispatcher.java:189)
	at org.apache.hadoop.ozone.container.common.transport.server.ratis.ContainerStateMachine.dispatchCommand(ContainerStateMachine.java:567)
	at org.apache.hadoop.ozone.container.common.transport.server.ratis.ContainerStateMachine.lambda$writeStateMachineData$2(ContainerStateMachine.java:622)
	at java.base/java.util.concurrent.FutureTask.run(FutureTask.java:317)
	at java.base/java.util.concurrent.ThreadPoolExecutor.runWorker(ThreadPoolExecutor.java:1144)
	at java.base/java.util.concurrent.ThreadPoolExecutor$Worker.run(ThreadPoolExecutor.java:642)
	at java.base/java.lang.Thread.run(Thread.java:1583)
2025-07-15 19:46:17,820 [73892b45-0ad3-4392-8d09-ab2d1cd7ede4-ChunkWriter-1-0] ERROR ratis.ContainerStateMachine (ContainerStateMachine.java:handleCommandResult(662)) - group-D4D9E1AFA3FC: writeChunk writeStateMachineData failed: blockIdcontainerID: 9
localID: 115816896921600009
blockCommitSequenceId: 2
replicaIndex: 0
 logIndex 5 chunkName 115816896921600009_chunk_2 Error message: Chunks directory /home/runner/work/ozone/ozone/hadoop-ozone/integration-test/target/test-dir/MiniOzoneClusterImpl-7a2c00ee-15e1-4921-aa6b-526c14ec89d8/ozone-meta/datanode-8/data-0/hdds/7a2c00ee-15e1-4921-aa6b-526c14ec89d8/current/containerDir0/9/chunks does not exist. Container Result: UNABLE_TO_FIND_DATA_DIR
2025-07-15 19:46:17,820 [EventQueue-CloseContainerForCloseContainerEventHandler] INFO  container.CloseContainerEventHandler (CloseContainerEventHandler.java:onMessage(88)) - Close container Event triggered for container : #9, current state: OPEN
2025-07-15 19:46:17,820 [FixedThreadPoolWithAffinityExecutor-8-0] INFO  container.IncrementalContainerReportHandler (AbstractContainerReportHandler.java:updateContainerState(253)) - FINALIZE (i.e. CLOSING) Container #9 (OPEN, sid=2) r0 (UNHEALTHY, bcsid=2, origin=73892b45-0ad3-4392-8d09-ab2d1cd7ede4, non-empty) from dn 73892b45-0ad3-4392-8d09-ab2d1cd7ede4(localhost/127.0.0.1)
2025-07-15 19:46:17,821 [73892b45-0ad3-4392-8d09-ab2d1cd7ede4@group-D4D9E1AFA3FC-SegmentedRaftLogWorker] ERROR ratis.ContainerStateMachine (ContainerStateMachine.java:notifyLogFailed(1268)) - group-D4D9E1AFA3FC: (t:1, i:5) cmdType: WriteChunk traceID: "" containerID: 9 datanodeUuid: "73892b45-0ad3-4392-8d09-ab2d1cd7ede4" pipelineID: "f182326e-4933-482b-ba7e-d4d9e1afa3fc" writeChunk { blockID { containerID: 9 localID: 115816896921600009 blockCommitSequenceId: 2 replicaIndex: 0 } chunkData { chunkName: "115816896921600009_chunk_2" offset: 5 len: 10 checksumData { type: CRC32 bytesPerChecksum: 16384 checksums: "\317\357R*" } } } version: 3, container path=/home/runner/work/ozone/ozone/hadoop-ozone/integration-test/target/test-dir/MiniOzoneClusterImpl-7a2c00ee-15e1-4921-aa6b-526c14ec89d8/ozone-meta/datanode-8/data-0/hdds/7a2c00ee-15e1-4921-aa6b-526c14ec89d8/current/containerDir0/9
org.apache.hadoop.hdds.scm.container.common.helpers.StorageContainerException: Chunks directory /home/runner/work/ozone/ozone/hadoop-ozone/integration-test/target/test-dir/MiniOzoneClusterImpl-7a2c00ee-15e1-4921-aa6b-526c14ec89d8/ozone-meta/datanode-8/data-0/hdds/7a2c00ee-15e1-4921-aa6b-526c14ec89d8/current/containerDir0/9/chunks does not exist.
	at org.apache.hadoop.ozone.container.common.transport.server.ratis.ContainerStateMachine.handleCommandResult(ContainerStateMachine.java:661)
	at org.apache.hadoop.ozone.container.common.transport.server.ratis.ContainerStateMachine.lambda$writeStateMachineData$2(ContainerStateMachine.java:623)
	at java.base/java.util.concurrent.FutureTask.run(FutureTask.java:317)
	at java.base/java.util.concurrent.ThreadPoolExecutor.runWorker(ThreadPoolExecutor.java:1144)
	at java.base/java.util.concurrent.ThreadPoolExecutor$Worker.run(ThreadPoolExecutor.java:642)
	at java.base/java.lang.Thread.run(Thread.java:1583)
2025-07-15 19:46:17,821 [73892b45-0ad3-4392-8d09-ab2d1cd7ede4@group-D4D9E1AFA3FC-SegmentedRaftLogWorker] WARN  ratis.XceiverServerRatis (XceiverServerRatis.java:triggerPipelineClose(758)) - pipeline Action CLOSE on pipeline Pipeline-f182326e-4933-482b-ba7e-d4d9e1afa3fc.Reason : Chunks directory /home/runner/work/ozone/ozone/hadoop-ozone/integration-test/target/test-dir/MiniOzoneClusterImpl-7a2c00ee-15e1-4921-aa6b-526c14ec89d8/ozone-meta/datanode-8/data-0/hdds/7a2c00ee-15e1-4921-aa6b-526c14ec89d8/current/containerDir0/9/chunks does not exist.
2025-07-15 19:46:17,822 [73892b45-0ad3-4392-8d09-ab2d1cd7ede4-server-thread2] WARN  server.GrpcServerProtocolService (LogUtils.java:warn(129)) - 73892b45-0ad3-4392-8d09-ab2d1cd7ede4: Failed APPEND_ENTRIES request edffad61-d5a0-4c2f-abd3-1d848b9782f9->73892b45-0ad3-4392-8d09-ab2d1cd7ede4#50-t1,previous=(t:1, i:5),leaderCommit=4,initializing? false,entries: size=1, first=(t:1, i:6), STATEMACHINELOGENTRY, WRITE: logData.size=217, stateMachineData.size=0, logEntryProtoSerializedSize=0
java.util.concurrent.CompletionException: org.apache.hadoop.hdds.scm.container.common.helpers.StorageContainerException: Chunks directory /home/runner/work/ozone/ozone/hadoop-ozone/integration-test/target/test-dir/MiniOzoneClusterImpl-7a2c00ee-15e1-4921-aa6b-526c14ec89d8/ozone-meta/datanode-8/data-0/hdds/7a2c00ee-15e1-4921-aa6b-526c14ec89d8/current/containerDir0/9/chunks does not exist.
	at java.base/java.util.concurrent.CompletableFuture.encodeThrowable(CompletableFuture.java:332)
	at java.base/java.util.concurrent.CompletableFuture.completeThrowable(CompletableFuture.java:347)
	at java.base/java.util.concurrent.CompletableFuture$BiRelay.tryFire(CompletableFuture.java:1498)
	at java.base/java.util.concurrent.CompletableFuture$CoCompletion.tryFire(CompletableFuture.java:1219)
	at java.base/java.util.concurrent.CompletableFuture.postComplete(CompletableFuture.java:510)
	at java.base/java.util.concurrent.CompletableFuture.completeExceptionally(CompletableFuture.java:2194)
	at org.apache.ratis.server.raftlog.segmented.SegmentedRaftLog$Task.failed(SegmentedRaftLog.java:109)
	at org.apache.ratis.server.raftlog.segmented.SegmentedRaftLogWorker$WriteLog.failed(SegmentedRaftLogWorker.java:530)
	at org.apache.ratis.server.raftlog.segmented.SegmentedRaftLogWorker.run(SegmentedRaftLogWorker.java:326)
	at java.base/java.util.concurrent.Executors$RunnableAdapter.call(Executors.java:572)
	at java.base/java.util.concurrent.FutureTask.run(FutureTask.java:317)
	at java.base/java.util.concurrent.ThreadPoolExecutor.runWorker(ThreadPoolExecutor.java:1144)
	at java.base/java.util.concurrent.ThreadPoolExecutor$Worker.run(ThreadPoolExecutor.java:642)
	at java.base/java.lang.Thread.run(Thread.java:1583)
Caused by: org.apache.hadoop.hdds.scm.container.common.helpers.StorageContainerException: Chunks directory /home/runner/work/ozone/ozone/hadoop-ozone/integration-test/target/test-dir/MiniOzoneClusterImpl-7a2c00ee-15e1-4921-aa6b-526c14ec89d8/ozone-meta/datanode-8/data-0/hdds/7a2c00ee-15e1-4921-aa6b-526c14ec89d8/current/containerDir0/9/chunks does not exist.
	at org.apache.hadoop.ozone.container.common.transport.server.ratis.ContainerStateMachine.handleCommandResult(ContainerStateMachine.java:661)
	at org.apache.hadoop.ozone.container.common.transport.server.ratis.ContainerStateMachine.lambda$writeStateMachineData$2(ContainerStateMachine.java:623)
	... 4 more
2025-07-15 19:46:17,824 [73892b45-0ad3-4392-8d09-ab2d1cd7ede4-server-thread1] WARN  server.GrpcServerProtocolService (LogUtils.java:warn(129)) - 73892b45-0ad3-4392-8d09-ab2d1cd7ede4: Failed APPEND_ENTRIES request edffad61-d5a0-4c2f-abd3-1d848b9782f9->73892b45-0ad3-4392-8d09-ab2d1cd7ede4#49-t1,previous=(t:1, i:4),leaderCommit=4,initializing? false,entries: size=1, first=(t:1, i:5), STATEMACHINELOGENTRY, WRITE: logData.size=154, stateMachineData.size=10, logEntryProtoSerializedSize=0
java.util.concurrent.CompletionException: org.apache.hadoop.hdds.scm.container.common.helpers.StorageContainerException: Chunks directory /home/runner/work/ozone/ozone/hadoop-ozone/integration-test/target/test-dir/MiniOzoneClusterImpl-7a2c00ee-15e1-4921-aa6b-526c14ec89d8/ozone-meta/datanode-8/data-0/hdds/7a2c00ee-15e1-4921-aa6b-526c14ec89d8/current/containerDir0/9/chunks does not exist.
	at java.base/java.util.concurrent.CompletableFuture.encodeThrowable(CompletableFuture.java:332)
	at java.base/java.util.concurrent.CompletableFuture.completeThrowable(CompletableFuture.java:347)
	at java.base/java.util.concurrent.CompletableFuture$BiRelay.tryFire(CompletableFuture.java:1498)
	at java.base/java.util.concurrent.CompletableFuture$CoCompletion.tryFire(CompletableFuture.java:1219)
	at java.base/java.util.concurrent.CompletableFuture.postComplete(CompletableFuture.java:510)
	at java.base/java.util.concurrent.CompletableFuture.completeExceptionally(CompletableFuture.java:2194)
	at org.apache.ratis.server.raftlog.segmented.SegmentedRaftLog$Task.failed(SegmentedRaftLog.java:109)
	at org.apache.ratis.server.raftlog.segmented.SegmentedRaftLogWorker$WriteLog.failed(SegmentedRaftLogWorker.java:530)
	at org.apache.ratis.server.raftlog.segmented.SegmentedRaftLogWorker.run(SegmentedRaftLogWorker.java:326)
	at java.base/java.util.concurrent.Executors$RunnableAdapter.call(Executors.java:572)
	at java.base/java.util.concurrent.FutureTask.run(FutureTask.java:317)
	at java.base/java.util.concurrent.ThreadPoolExecutor.runWorker(ThreadPoolExecutor.java:1144)
	at java.base/java.util.concurrent.ThreadPoolExecutor$Worker.run(ThreadPoolExecutor.java:642)
	at java.base/java.lang.Thread.run(Thread.java:1583)
Caused by: org.apache.hadoop.hdds.scm.container.common.helpers.StorageContainerException: Chunks directory /home/runner/work/ozone/ozone/hadoop-ozone/integration-test/target/test-dir/MiniOzoneClusterImpl-7a2c00ee-15e1-4921-aa6b-526c14ec89d8/ozone-meta/datanode-8/data-0/hdds/7a2c00ee-15e1-4921-aa6b-526c14ec89d8/current/containerDir0/9/chunks does not exist.
	at org.apache.hadoop.ozone.container.common.transport.server.ratis.ContainerStateMachine.handleCommandResult(ContainerStateMachine.java:661)
	at org.apache.hadoop.ozone.container.common.transport.server.ratis.ContainerStateMachine.lambda$writeStateMachineData$2(ContainerStateMachine.java:623)
	... 4 more
2025-07-15 19:46:17,825 [EventQueue-PipelineActionsForPipelineActionHandler] INFO  pipeline.PipelineActionHandler (PipelineActionHandler.java:processPipelineAction(89)) - Received pipeline action CLOSE for Pipeline-f182326e-4933-482b-ba7e-d4d9e1afa3fc from datanode 73892b45-0ad3-4392-8d09-ab2d1cd7ede4(localhost/127.0.0.1). Reason : Chunks directory /home/runner/work/ozone/ozone/hadoop-ozone/integration-test/target/test-dir/MiniOzoneClusterImpl-7a2c00ee-15e1-4921-aa6b-526c14ec89d8/ozone-meta/datanode-8/data-0/hdds/7a2c00ee-15e1-4921-aa6b-526c14ec89d8/current/containerDir0/9/chunks does not exist.
2025-07-15 19:46:17,824 [pool-373-thread-1] WARN  keyvalue.KeyValueHandler (KeyValueHandler.java:updateAndGetContainerChecksum(1451)) - Container data checksum updated from 1bdd5b56 to 0
2025-07-15 19:46:17,825 [pool-373-thread-1] ERROR ozoneimpl.OnDemandContainerScanner (ContainerScanHelper.java:handleUnhealthyScanResult(119)) - Corruption detected in container [9]. Marking it UNHEALTHY. Container has 1 error: MISSING_CHUNKS_DIR for file /home/runner/work/ozone/ozone/hadoop-ozone/integration-test/target/test-dir/MiniOzoneClusterImpl-7a2c00ee-15e1-4921-aa6b-526c14ec89d8/ozone-meta/datanode-8/data-0/hdds/7a2c00ee-15e1-4921-aa6b-526c14ec89d8/current/containerDir0/9/chunks with exception: java.io.FileNotFoundException: Chunks directory /home/runner/work/ozone/ozone/hadoop-ozone/integration-test/target/test-dir/MiniOzoneClusterImpl-7a2c00ee-15e1-4921-aa6b-526c14ec89d8/ozone-meta/datanode-8/data-0/hdds/7a2c00ee-15e1-4921-aa6b-526c14ec89d8/current/containerDir0/9/chunks not found.
2025-07-15 19:46:17,827 [grpc-default-executor-3] WARN  server.GrpcLogAppender (LogUtils.java:warn(129)) - edffad61-d5a0-4c2f-abd3-1d848b9782f9@group-D4D9E1AFA3FC->73892b45-0ad3-4392-8d09-ab2d1cd7ede4-AppendLogResponseHandler: Failed appendEntries
org.apache.hadoop.hdds.scm.container.common.helpers.StorageContainerException: Chunks directory /home/runner/work/ozone/ozone/hadoop-ozone/integration-test/target/test-dir/MiniOzoneClusterImpl-7a2c00ee-15e1-4921-aa6b-526c14ec89d8/ozone-meta/datanode-8/data-0/hdds/7a2c00ee-15e1-4921-aa6b-526c14ec89d8/current/containerDir0/9/chunks does not exist.
	at org.apache.hadoop.ozone.container.common.transport.server.ratis.ContainerStateMachine.handleCommandResult(ContainerStateMachine.java:661)
	at org.apache.hadoop.ozone.container.common.transport.server.ratis.ContainerStateMachine.lambda$writeStateMachineData$2(ContainerStateMachine.java:623)
	at java.base/java.util.concurrent.FutureTask.run(FutureTask.java:317)
	at java.base/java.util.concurrent.ThreadPoolExecutor.runWorker(ThreadPoolExecutor.java:1144)
	at java.base/java.util.concurrent.ThreadPoolExecutor$Worker.run(ThreadPoolExecutor.java:642)
	at java.base/java.lang.Thread.run(Thread.java:1583)
2025-07-15 19:46:17,828 [grpc-default-executor-3] INFO  leader.LogAppender (LogAppenderBase.java:lambda$getNextIndexForError$0(215)) - Decrease nextIndex to 6
2025-07-15 19:46:17,828 [grpc-default-executor-3] INFO  leader.LogAppender (LogAppenderBase.java:lambda$getNextIndexForError$0(215)) - Decrease nextIndex to 6
2025-07-15 19:46:17,828 [grpc-default-executor-3] INFO  leader.FollowerInfo (FollowerInfoImpl.java:info(70)) - edffad61-d5a0-4c2f-abd3-1d848b9782f9@group-D4D9E1AFA3FC->73892b45-0ad3-4392-8d09-ab2d1cd7ede4: computeNextIndex nextIndex: updateUnconditionally 7 -> 6
2025-07-15 19:46:17,829 [EventQueue-CloseContainerForCloseContainerEventHandler] INFO  container.CloseContainerEventHandler (CloseContainerEventHandler.java:onMessage(88)) - Close container Event triggered for container : #9, current state: CLOSING
2025-07-15 19:46:17,829 [EventQueue-PipelineActionsForPipelineActionHandler] INFO  pipeline.PipelineManagerImpl (PipelineManagerImpl.java:closeContainersForPipeline(489)) - Container #9 closed for pipeline=Pipeline-f182326e-4933-482b-ba7e-d4d9e1afa3fc
2025-07-15 19:46:17,830 [EventQueue-PipelineActionsForPipelineActionHandler] INFO  pipeline.PipelineManagerImpl (PipelineManagerImpl.java:closePipeline(511)) - Pipeline Pipeline-f182326e-4933-482b-ba7e-d4d9e1afa3fc moved to CLOSED state
2025-07-15 19:46:17,830 [EventQueue-PipelineActionsForPipelineActionHandler] INFO  pipeline.PipelineActionHandler (PipelineActionHandler.java:processPipelineAction(89)) - Received pipeline action CLOSE for Pipeline-f182326e-4933-482b-ba7e-d4d9e1afa3fc from datanode 73892b45-0ad3-4392-8d09-ab2d1cd7ede4(localhost/127.0.0.1). Reason : Chunks directory /home/runner/work/ozone/ozone/hadoop-ozone/integration-test/target/test-dir/MiniOzoneClusterImpl-7a2c00ee-15e1-4921-aa6b-526c14ec89d8/ozone-meta/datanode-8/data-0/hdds/7a2c00ee-15e1-4921-aa6b-526c14ec89d8/current/containerDir0/9/chunks does not exist.
2025-07-15 19:46:18,027 [EventQueue-PipelineActionsForPipelineActionHandler] INFO  pipeline.PipelineActionHandler (PipelineActionHandler.java:processPipelineAction(89)) - Received pipeline action CLOSE for Pipeline-f182326e-4933-482b-ba7e-d4d9e1afa3fc from datanode 73892b45-0ad3-4392-8d09-ab2d1cd7ede4(localhost/127.0.0.1). Reason : Chunks directory /home/runner/work/ozone/ozone/hadoop-ozone/integration-test/target/test-dir/MiniOzoneClusterImpl-7a2c00ee-15e1-4921-aa6b-526c14ec89d8/ozone-meta/datanode-8/data-0/hdds/7a2c00ee-15e1-4921-aa6b-526c14ec89d8/current/containerDir0/9/chunks does not exist.
2025-07-15 19:46:18,226 [EventQueue-PipelineActionsForPipelineActionHandler] INFO  pipeline.PipelineActionHandler (PipelineActionHandler.java:processPipelineAction(89)) - Received pipeline action CLOSE for Pipeline-f182326e-4933-482b-ba7e-d4d9e1afa3fc from datanode 73892b45-0ad3-4392-8d09-ab2d1cd7ede4(localhost/127.0.0.1). Reason : Chunks directory /home/runner/work/ozone/ozone/hadoop-ozone/integration-test/target/test-dir/MiniOzoneClusterImpl-7a2c00ee-15e1-4921-aa6b-526c14ec89d8/ozone-meta/datanode-8/data-0/hdds/7a2c00ee-15e1-4921-aa6b-526c14ec89d8/current/containerDir0/9/chunks does not exist.
2025-07-15 19:46:18,427 [EventQueue-PipelineActionsForPipelineActionHandler] INFO  pipeline.PipelineActionHandler (PipelineActionHandler.java:processPipelineAction(89)) - Received pipeline action CLOSE for Pipeline-f182326e-4933-482b-ba7e-d4d9e1afa3fc from datanode 73892b45-0ad3-4392-8d09-ab2d1cd7ede4(localhost/127.0.0.1). Reason : Chunks directory /home/runner/work/ozone/ozone/hadoop-ozone/integration-test/target/test-dir/MiniOzoneClusterImpl-7a2c00ee-15e1-4921-aa6b-526c14ec89d8/ozone-meta/datanode-8/data-0/hdds/7a2c00ee-15e1-4921-aa6b-526c14ec89d8/current/containerDir0/9/chunks does not exist.
2025-07-15 19:46:18,627 [EventQueue-PipelineActionsForPipelineActionHandler] INFO  pipeline.PipelineActionHandler (PipelineActionHandler.java:processPipelineAction(89)) - Received pipeline action CLOSE for Pipeline-f182326e-4933-482b-ba7e-d4d9e1afa3fc from datanode 73892b45-0ad3-4392-8d09-ab2d1cd7ede4(localhost/127.0.0.1). Reason : Chunks directory /home/runner/work/ozone/ozone/hadoop-ozone/integration-test/target/test-dir/MiniOzoneClusterImpl-7a2c00ee-15e1-4921-aa6b-526c14ec89d8/ozone-meta/datanode-8/data-0/hdds/7a2c00ee-15e1-4921-aa6b-526c14ec89d8/current/containerDir0/9/chunks does not exist.
2025-07-15 19:46:18,826 [EventQueue-PipelineActionsForPipelineActionHandler] INFO  pipeline.PipelineActionHandler (PipelineActionHandler.java:processPipelineAction(89)) - Received pipeline action CLOSE for Pipeline-f182326e-4933-482b-ba7e-d4d9e1afa3fc from datanode 73892b45-0ad3-4392-8d09-ab2d1cd7ede4(localhost/127.0.0.1). Reason : Chunks directory /home/runner/work/ozone/ozone/hadoop-ozone/integration-test/target/test-dir/MiniOzoneClusterImpl-7a2c00ee-15e1-4921-aa6b-526c14ec89d8/ozone-meta/datanode-8/data-0/hdds/7a2c00ee-15e1-4921-aa6b-526c14ec89d8/current/containerDir0/9/chunks does not exist.
2025-07-15 19:46:19,027 [EventQueue-PipelineActionsForPipelineActionHandler] INFO  pipeline.PipelineActionHandler (PipelineActionHandler.java:processPipelineAction(89)) - Received pipeline action CLOSE for Pipeline-f182326e-4933-482b-ba7e-d4d9e1afa3fc from datanode 73892b45-0ad3-4392-8d09-ab2d1cd7ede4(localhost/127.0.0.1). Reason : Chunks directory /home/runner/work/ozone/ozone/hadoop-ozone/integration-test/target/test-dir/MiniOzoneClusterImpl-7a2c00ee-15e1-4921-aa6b-526c14ec89d8/ozone-meta/datanode-8/data-0/hdds/7a2c00ee-15e1-4921-aa6b-526c14ec89d8/current/containerDir0/9/chunks does not exist.
2025-07-15 19:46:19,227 [EventQueue-PipelineActionsForPipelineActionHandler] INFO  pipeline.PipelineActionHandler (PipelineActionHandler.java:processPipelineAction(89)) - Received pipeline action CLOSE for Pipeline-f182326e-4933-482b-ba7e-d4d9e1afa3fc from datanode 73892b45-0ad3-4392-8d09-ab2d1cd7ede4(localhost/127.0.0.1). Reason : Chunks directory /home/runner/work/ozone/ozone/hadoop-ozone/integration-test/target/test-dir/MiniOzoneClusterImpl-7a2c00ee-15e1-4921-aa6b-526c14ec89d8/ozone-meta/datanode-8/data-0/hdds/7a2c00ee-15e1-4921-aa6b-526c14ec89d8/current/containerDir0/9/chunks does not exist.
2025-07-15 19:46:19,427 [EventQueue-PipelineActionsForPipelineActionHandler] INFO  pipeline.PipelineActionHandler (PipelineActionHandler.java:processPipelineAction(89)) - Received pipeline action CLOSE for Pipeline-f182326e-4933-482b-ba7e-d4d9e1afa3fc from datanode 73892b45-0ad3-4392-8d09-ab2d1cd7ede4(localhost/127.0.0.1). Reason : Chunks directory /home/runner/work/ozone/ozone/hadoop-ozone/integration-test/target/test-dir/MiniOzoneClusterImpl-7a2c00ee-15e1-4921-aa6b-526c14ec89d8/ozone-meta/datanode-8/data-0/hdds/7a2c00ee-15e1-4921-aa6b-526c14ec89d8/current/containerDir0/9/chunks does not exist.
2025-07-15 19:46:19,626 [EventQueue-PipelineActionsForPipelineActionHandler] INFO  pipeline.PipelineActionHandler (PipelineActionHandler.java:processPipelineAction(89)) - Received pipeline action CLOSE for Pipeline-f182326e-4933-482b-ba7e-d4d9e1afa3fc from datanode 73892b45-0ad3-4392-8d09-ab2d1cd7ede4(localhost/127.0.0.1). Reason : Chunks directory /home/runner/work/ozone/ozone/hadoop-ozone/integration-test/target/test-dir/MiniOzoneClusterImpl-7a2c00ee-15e1-4921-aa6b-526c14ec89d8/ozone-meta/datanode-8/data-0/hdds/7a2c00ee-15e1-4921-aa6b-526c14ec89d8/current/containerDir0/9/chunks does not exist.
2025-07-15 19:46:19,827 [EventQueue-PipelineActionsForPipelineActionHandler] INFO  pipeline.PipelineActionHandler (PipelineActionHandler.java:processPipelineAction(89)) - Received pipeline action CLOSE for Pipeline-f182326e-4933-482b-ba7e-d4d9e1afa3fc from datanode 73892b45-0ad3-4392-8d09-ab2d1cd7ede4(localhost/127.0.0.1). Reason : Chunks directory /home/runner/work/ozone/ozone/hadoop-ozone/integration-test/target/test-dir/MiniOzoneClusterImpl-7a2c00ee-15e1-4921-aa6b-526c14ec89d8/ozone-meta/datanode-8/data-0/hdds/7a2c00ee-15e1-4921-aa6b-526c14ec89d8/current/containerDir0/9/chunks does not exist.
2025-07-15 19:46:20,027 [EventQueue-PipelineActionsForPipelineActionHandler] INFO  pipeline.PipelineActionHandler (PipelineActionHandler.java:processPipelineAction(89)) - Received pipeline action CLOSE for Pipeline-f182326e-4933-482b-ba7e-d4d9e1afa3fc from datanode 73892b45-0ad3-4392-8d09-ab2d1cd7ede4(localhost/127.0.0.1). Reason : Chunks directory /home/runner/work/ozone/ozone/hadoop-ozone/integration-test/target/test-dir/MiniOzoneClusterImpl-7a2c00ee-15e1-4921-aa6b-526c14ec89d8/ozone-meta/datanode-8/data-0/hdds/7a2c00ee-15e1-4921-aa6b-526c14ec89d8/current/containerDir0/9/chunks does not exist.
2025-07-15 19:46:20,067 [73892b45-0ad3-4392-8d09-ab2d1cd7ede4-server-thread1] WARN  server.GrpcServerProtocolService (LogUtils.java:warn(129)) - 73892b45-0ad3-4392-8d09-ab2d1cd7ede4: Failed APPEND_ENTRIES request edffad61-d5a0-4c2f-abd3-1d848b9782f9->73892b45-0ad3-4392-8d09-ab2d1cd7ede4#52-t1,previous=(t:1, i:5),leaderCommit=4,initializing? false,entries: size=1, first=(t:1, i:6), STATEMACHINELOGENTRY, WRITE: logData.size=217, stateMachineData.size=0, logEntryProtoSerializedSize=0
java.util.concurrent.CompletionException: org.apache.hadoop.hdds.scm.container.common.helpers.StorageContainerException: Chunks directory /home/runner/work/ozone/ozone/hadoop-ozone/integration-test/target/test-dir/MiniOzoneClusterImpl-7a2c00ee-15e1-4921-aa6b-526c14ec89d8/ozone-meta/datanode-8/data-0/hdds/7a2c00ee-15e1-4921-aa6b-526c14ec89d8/current/containerDir0/9/chunks does not exist.
	at java.base/java.util.concurrent.CompletableFuture.encodeThrowable(CompletableFuture.java:332)
	at java.base/java.util.concurrent.CompletableFuture.completeThrowable(CompletableFuture.java:347)
	at java.base/java.util.concurrent.CompletableFuture$BiRelay.tryFire(CompletableFuture.java:1498)
	at java.base/java.util.concurrent.CompletableFuture$CoCompletion.tryFire(CompletableFuture.java:1219)
	at java.base/java.util.concurrent.CompletableFuture.postComplete(CompletableFuture.java:510)
	at java.base/java.util.concurrent.CompletableFuture.completeExceptionally(CompletableFuture.java:2194)
	at org.apache.ratis.server.raftlog.segmented.SegmentedRaftLog$Task.failed(SegmentedRaftLog.java:109)
	at org.apache.ratis.server.raftlog.segmented.SegmentedRaftLogWorker$WriteLog.failed(SegmentedRaftLogWorker.java:530)
	at org.apache.ratis.server.raftlog.segmented.SegmentedRaftLogWorker.run(SegmentedRaftLogWorker.java:326)
	at java.base/java.util.concurrent.Executors$RunnableAdapter.call(Executors.java:572)
	at java.base/java.util.concurrent.FutureTask.run(FutureTask.java:317)
	at java.base/java.util.concurrent.ThreadPoolExecutor.runWorker(ThreadPoolExecutor.java:1144)
	at java.base/java.util.concurrent.ThreadPoolExecutor$Worker.run(ThreadPoolExecutor.java:642)
	at java.base/java.lang.Thread.run(Thread.java:1583)
Caused by: org.apache.hadoop.hdds.scm.container.common.helpers.StorageContainerException: Chunks directory /home/runner/work/ozone/ozone/hadoop-ozone/integration-test/target/test-dir/MiniOzoneClusterImpl-7a2c00ee-15e1-4921-aa6b-526c14ec89d8/ozone-meta/datanode-8/data-0/hdds/7a2c00ee-15e1-4921-aa6b-526c14ec89d8/current/containerDir0/9/chunks does not exist.
	at org.apache.hadoop.ozone.container.common.transport.server.ratis.ContainerStateMachine.handleCommandResult(ContainerStateMachine.java:661)
	at org.apache.hadoop.ozone.container.common.transport.server.ratis.ContainerStateMachine.lambda$writeStateMachineData$2(ContainerStateMachine.java:623)
	... 4 more
2025-07-15 19:46:20,069 [grpc-default-executor-3] INFO  leader.LogAppender (LogAppenderBase.java:lambda$getNextIndexForError$0(215)) - Decrease nextIndex to 6
2025-07-15 19:46:20,069 [grpc-default-executor-3] INFO  leader.LogAppender (LogAppenderBase.java:lambda$getNextIndexForError$0(215)) - Decrease nextIndex to 6
2025-07-15 19:46:20,069 [grpc-default-executor-3] INFO  leader.FollowerInfo (FollowerInfoImpl.java:info(70)) - edffad61-d5a0-4c2f-abd3-1d848b9782f9@group-D4D9E1AFA3FC->73892b45-0ad3-4392-8d09-ab2d1cd7ede4: computeNextIndex nextIndex: updateUnconditionally 7 -> 6
2025-07-15 19:46:20,227 [EventQueue-PipelineActionsForPipelineActionHandler] INFO  pipeline.PipelineActionHandler (PipelineActionHandler.java:processPipelineAction(89)) - Received pipeline action CLOSE for Pipeline-f182326e-4933-482b-ba7e-d4d9e1afa3fc from datanode 73892b45-0ad3-4392-8d09-ab2d1cd7ede4(localhost/127.0.0.1). Reason : Chunks directory /home/runner/work/ozone/ozone/hadoop-ozone/integration-test/target/test-dir/MiniOzoneClusterImpl-7a2c00ee-15e1-4921-aa6b-526c14ec89d8/ozone-meta/datanode-8/data-0/hdds/7a2c00ee-15e1-4921-aa6b-526c14ec89d8/current/containerDir0/9/chunks does not exist.
2025-07-15 19:46:20,426 [EventQueue-PipelineActionsForPipelineActionHandler] INFO  pipeline.PipelineActionHandler (PipelineActionHandler.java:processPipelineAction(89)) - Received pipeline action CLOSE for Pipeline-f182326e-4933-482b-ba7e-d4d9e1afa3fc from datanode 73892b45-0ad3-4392-8d09-ab2d1cd7ede4(localhost/127.0.0.1). Reason : Chunks directory /home/runner/work/ozone/ozone/hadoop-ozone/integration-test/target/test-dir/MiniOzoneClusterImpl-7a2c00ee-15e1-4921-aa6b-526c14ec89d8/ozone-meta/datanode-8/data-0/hdds/7a2c00ee-15e1-4921-aa6b-526c14ec89d8/current/containerDir0/9/chunks does not exist.
2025-07-15 19:46:20,627 [EventQueue-PipelineActionsForPipelineActionHandler] INFO  pipeline.PipelineActionHandler (PipelineActionHandler.java:processPipelineAction(89)) - Received pipeline action CLOSE for Pipeline-f182326e-4933-482b-ba7e-d4d9e1afa3fc from datanode 73892b45-0ad3-4392-8d09-ab2d1cd7ede4(localhost/127.0.0.1). Reason : Chunks directory /home/runner/work/ozone/ozone/hadoop-ozone/integration-test/target/test-dir/MiniOzoneClusterImpl-7a2c00ee-15e1-4921-aa6b-526c14ec89d8/ozone-meta/datanode-8/data-0/hdds/7a2c00ee-15e1-4921-aa6b-526c14ec89d8/current/containerDir0/9/chunks does not exist.
2025-07-15 19:46:20,758 [edffad61-d5a0-4c2f-abd3-1d848b9782f9-CloseContainerThread-0] WARN  keyvalue.KeyValueHandler (KeyValueHandler.java:updateAndGetContainerChecksum(1451)) - Container data checksum updated from 0 to 1bdd5b56
2025-07-15 19:46:20,761 [73892b45-0ad3-4392-8d09-ab2d1cd7ede4-server-thread1] WARN  server.GrpcServerProtocolService (LogUtils.java:warn(129)) - 73892b45-0ad3-4392-8d09-ab2d1cd7ede4: Failed APPEND_ENTRIES request edffad61-d5a0-4c2f-abd3-1d848b9782f9->73892b45-0ad3-4392-8d09-ab2d1cd7ede4#53-t1,previous=(t:1, i:5),leaderCommit=4,initializing? false,entries: size=2, first=(t:1, i:6), STATEMACHINELOGENTRY, WRITE: logData.size=217, stateMachineData.size=0, logEntryProtoSerializedSize=0
java.util.concurrent.CompletionException: org.apache.hadoop.hdds.scm.container.common.helpers.StorageContainerException: Chunks directory /home/runner/work/ozone/ozone/hadoop-ozone/integration-test/target/test-dir/MiniOzoneClusterImpl-7a2c00ee-15e1-4921-aa6b-526c14ec89d8/ozone-meta/datanode-8/data-0/hdds/7a2c00ee-15e1-4921-aa6b-526c14ec89d8/current/containerDir0/9/chunks does not exist.
	at java.base/java.util.concurrent.CompletableFuture.encodeThrowable(CompletableFuture.java:332)
	at java.base/java.util.concurrent.CompletableFuture.completeThrowable(CompletableFuture.java:347)
	at java.base/java.util.concurrent.CompletableFuture$BiRelay.tryFire(CompletableFuture.java:1498)
	at java.base/java.util.concurrent.CompletableFuture$CoCompletion.tryFire(CompletableFuture.java:1219)
	at java.base/java.util.concurrent.CompletableFuture.postComplete(CompletableFuture.java:510)
	at java.base/java.util.concurrent.CompletableFuture.completeExceptionally(CompletableFuture.java:2194)
	at org.apache.ratis.server.raftlog.segmented.SegmentedRaftLog$Task.failed(SegmentedRaftLog.java:109)
	at org.apache.ratis.server.raftlog.segmented.SegmentedRaftLogWorker$WriteLog.failed(SegmentedRaftLogWorker.java:530)
	at org.apache.ratis.server.raftlog.segmented.SegmentedRaftLogWorker.run(SegmentedRaftLogWorker.java:326)
	at java.base/java.util.concurrent.Executors$RunnableAdapter.call(Executors.java:572)
	at java.base/java.util.concurrent.FutureTask.run(FutureTask.java:317)
	at java.base/java.util.concurrent.ThreadPoolExecutor.runWorker(ThreadPoolExecutor.java:1144)
	at java.base/java.util.concurrent.ThreadPoolExecutor$Worker.run(ThreadPoolExecutor.java:642)
	at java.base/java.lang.Thread.run(Thread.java:1583)
Caused by: org.apache.hadoop.hdds.scm.container.common.helpers.StorageContainerException: Chunks directory /home/runner/work/ozone/ozone/hadoop-ozone/integration-test/target/test-dir/MiniOzoneClusterImpl-7a2c00ee-15e1-4921-aa6b-526c14ec89d8/ozone-meta/datanode-8/data-0/hdds/7a2c00ee-15e1-4921-aa6b-526c14ec89d8/current/containerDir0/9/chunks does not exist.
	at org.apache.hadoop.ozone.container.common.transport.server.ratis.ContainerStateMachine.handleCommandResult(ContainerStateMachine.java:661)
	at org.apache.hadoop.ozone.container.common.transport.server.ratis.ContainerStateMachine.lambda$writeStateMachineData$2(ContainerStateMachine.java:623)
	... 4 more
2025-07-15 19:46:20,762 [grpc-default-executor-3] INFO  leader.LogAppender (LogAppenderBase.java:lambda$getNextIndexForError$0(215)) - Decrease nextIndex to 6
2025-07-15 19:46:20,762 [grpc-default-executor-3] INFO  leader.LogAppender (LogAppenderBase.java:lambda$getNextIndexForError$0(215)) - Decrease nextIndex to 6
2025-07-15 19:46:20,762 [grpc-default-executor-3] INFO  leader.FollowerInfo (FollowerInfoImpl.java:info(70)) - edffad61-d5a0-4c2f-abd3-1d848b9782f9@group-D4D9E1AFA3FC->73892b45-0ad3-4392-8d09-ab2d1cd7ede4: computeNextIndex nextIndex: updateUnconditionally 8 -> 6
2025-07-15 19:46:20,810 [timer7] ERROR impl.OrderedAsync (OrderedAsync.java:lambda$null$6(215)) -  client-CA7F0CA2B2AB: Failed* RaftClientRequest:client-CA7F0CA2B2AB->edffad61-d5a0-4c2f-abd3-1d848b9782f9@group-D4D9E1AFA3FC, cid=180, seq=5, RW, cmdType: PutBlock
traceID: ""
containerID: 9
datanodeUuid: "73892b45-0ad3-4392-8d09-ab2d1cd7ede4"
putBlock {
  blockData {
    blockID {
      containerID: 9
      localID: 115816896921600009
      blockCommitSequenceId: 0
    }
    metadata {
      key: "TYPE"
      value: "KEY"
    }
    chunks {
      chunkName: "115816896921600009_chunk_1"
      offset: 0
      len: 5
      checksumData {
        type: CRC32
        bytesPerChecksum: 16384
        checksums: "\350a\3440"
      }
    }
    chunks {
      chunkName: "115816896921600009_chunk_2"
      offset: 5
      len: 10
      checksumData {
        type: CRC32
        bytesPerChecksum: 16384
        checksums: "\317\357R*"
      }
    }
  }
  eof: false
}
version: 3
, data.size=0
java.util.concurrent.CompletionException: org.apache.ratis.protocol.exceptions.TimeoutIOException: client-CA7F0CA2B2AB->edffad61-d5a0-4c2f-abd3-1d848b9782f9 request #180 timeout 3000ms
	at java.base/java.util.concurrent.CompletableFuture.encodeThrowable(CompletableFuture.java:332)
	at java.base/java.util.concurrent.CompletableFuture.completeThrowable(CompletableFuture.java:347)
	at java.base/java.util.concurrent.CompletableFuture$UniAccept.tryFire(CompletableFuture.java:708)
	at java.base/java.util.concurrent.CompletableFuture.postComplete(CompletableFuture.java:510)
	at java.base/java.util.concurrent.CompletableFuture.completeExceptionally(CompletableFuture.java:2194)
	at org.apache.ratis.grpc.client.GrpcClientProtocolClient$AsyncStreamObservers.lambda$timeoutCheck$5(GrpcClientProtocolClient.java:376)
	at java.base/java.util.Optional.ifPresent(Optional.java:178)
	at org.apache.ratis.grpc.client.GrpcClientProtocolClient$AsyncStreamObservers.handleReplyFuture(GrpcClientProtocolClient.java:381)
	at org.apache.ratis.grpc.client.GrpcClientProtocolClient$AsyncStreamObservers.timeoutCheck(GrpcClientProtocolClient.java:376)
	at org.apache.ratis.grpc.client.GrpcClientProtocolClient$AsyncStreamObservers.lambda$onNext$3(GrpcClientProtocolClient.java:369)
	at org.apache.ratis.util.TimeoutTimer.lambda$onTimeout$2(TimeoutTimer.java:101)
	at org.apache.ratis.util.LogUtils.runAndLog(LogUtils.java:38)
	at org.apache.ratis.util.LogUtils$1.run(LogUtils.java:78)
	at org.apache.ratis.util.TimeoutTimer$Task.run(TimeoutTimer.java:55)
	at java.base/java.util.TimerThread.mainLoop(Timer.java:566)
	at java.base/java.util.TimerThread.run(Timer.java:516)
Caused by: org.apache.ratis.protocol.exceptions.TimeoutIOException: client-CA7F0CA2B2AB->edffad61-d5a0-4c2f-abd3-1d848b9782f9 request #180 timeout 3000ms
	at org.apache.ratis.grpc.client.GrpcClientProtocolClient$AsyncStreamObservers.lambda$timeoutCheck$5(GrpcClientProtocolClient.java:377)
	... 10 more
2025-07-15 19:46:20,811 [timer6] ERROR impl.OrderedAsync (OrderedAsync.java:lambda$null$6(215)) -  client-CA7F0CA2B2AB: Failed* RaftClientRequest:client-CA7F0CA2B2AB->edffad61-d5a0-4c2f-abd3-1d848b9782f9@group-D4D9E1AFA3FC, cid=179, seq=4, RW, cmdType: WriteChunk
traceID: ""
containerID: 9
datanodeUuid: "73892b45-0ad3-4392-8d09-ab2d1cd7ede4"
writeChunk {
  blockID {
    containerID: 9
    localID: 115816896921600009
    blockCommitSequenceId: 2
    replicaIndex: 0
  }
  chunkData {
    chunkName: "115816896921600009_chunk_2"
    offset: 5
    len: 10
    checksumData {
      type: CRC32
      bytesPerChecksum: 16384
      checksums: "\317\357R*"
    }
  }
}
version: 3
, data.size=10
java.util.concurrent.CompletionException: org.apache.ratis.protocol.exceptions.TimeoutIOException: client-CA7F0CA2B2AB->edffad61-d5a0-4c2f-abd3-1d848b9782f9 request #179 timeout 3000ms
	at java.base/java.util.concurrent.CompletableFuture.encodeThrowable(CompletableFuture.java:332)
	at java.base/java.util.concurrent.CompletableFuture.completeThrowable(CompletableFuture.java:347)
	at java.base/java.util.concurrent.CompletableFuture$UniAccept.tryFire(CompletableFuture.java:708)
	at java.base/java.util.concurrent.CompletableFuture.postComplete(CompletableFuture.java:510)
	at java.base/java.util.concurrent.CompletableFuture.completeExceptionally(CompletableFuture.java:2194)
	at org.apache.ratis.grpc.client.GrpcClientProtocolClient$AsyncStreamObservers.lambda$timeoutCheck$5(GrpcClientProtocolClient.java:376)
	at java.base/java.util.Optional.ifPresent(Optional.java:178)
	at org.apache.ratis.grpc.client.GrpcClientProtocolClient$AsyncStreamObservers.handleReplyFuture(GrpcClientProtocolClient.java:381)
	at org.apache.ratis.grpc.client.GrpcClientProtocolClient$AsyncStreamObservers.timeoutCheck(GrpcClientProtocolClient.java:376)
	at org.apache.ratis.grpc.client.GrpcClientProtocolClient$AsyncStreamObservers.lambda$onNext$3(GrpcClientProtocolClient.java:369)
	at org.apache.ratis.util.TimeoutTimer.lambda$onTimeout$2(TimeoutTimer.java:101)
	at org.apache.ratis.util.LogUtils.runAndLog(LogUtils.java:38)
	at org.apache.ratis.util.LogUtils$1.run(LogUtils.java:78)
	at org.apache.ratis.util.TimeoutTimer$Task.run(TimeoutTimer.java:55)
	at java.base/java.util.TimerThread.mainLoop(Timer.java:566)
	at java.base/java.util.TimerThread.run(Timer.java:516)
Caused by: org.apache.ratis.protocol.exceptions.TimeoutIOException: client-CA7F0CA2B2AB->edffad61-d5a0-4c2f-abd3-1d848b9782f9 request #179 timeout 3000ms
	at org.apache.ratis.grpc.client.GrpcClientProtocolClient$AsyncStreamObservers.lambda$timeoutCheck$5(GrpcClientProtocolClient.java:377)
	... 10 more
2025-07-15 19:46:20,827 [EventQueue-PipelineActionsForPipelineActionHandler] INFO  pipeline.PipelineActionHandler (PipelineActionHandler.java:processPipelineAction(89)) - Received pipeline action CLOSE for Pipeline-f182326e-4933-482b-ba7e-d4d9e1afa3fc from datanode 73892b45-0ad3-4392-8d09-ab2d1cd7ede4(localhost/127.0.0.1). Reason : Chunks directory /home/runner/work/ozone/ozone/hadoop-ozone/integration-test/target/test-dir/MiniOzoneClusterImpl-7a2c00ee-15e1-4921-aa6b-526c14ec89d8/ozone-meta/datanode-8/data-0/hdds/7a2c00ee-15e1-4921-aa6b-526c14ec89d8/current/containerDir0/9/chunks does not exist.
2025-07-15 19:46:21,027 [EventQueue-PipelineActionsForPipelineActionHandler] INFO  pipeline.PipelineActionHandler (PipelineActionHandler.java:processPipelineAction(89)) - Received pipeline action CLOSE for Pipeline-f182326e-4933-482b-ba7e-d4d9e1afa3fc from datanode 73892b45-0ad3-4392-8d09-ab2d1cd7ede4(localhost/127.0.0.1). Reason : Chunks directory /home/runner/work/ozone/ozone/hadoop-ozone/integration-test/target/test-dir/MiniOzoneClusterImpl-7a2c00ee-15e1-4921-aa6b-526c14ec89d8/ozone-meta/datanode-8/data-0/hdds/7a2c00ee-15e1-4921-aa6b-526c14ec89d8/current/containerDir0/9/chunks does not exist.
2025-07-15 19:46:21,123 [262265f8-b6b0-4173-8249-6c4ff56c562c-CloseContainerThread-0] INFO  commandhandler.CloseContainerCommandHandler (CloseContainerCommandHandler.java:lambda$handle$0(105)) - Container #9 does not exist in datanode. Its pipeline may have closed before it was created. Container close failed.
2025-07-15 19:46:21,226 [EventQueue-PipelineActionsForPipelineActionHandler] INFO  pipeline.PipelineActionHandler (PipelineActionHandler.java:processPipelineAction(89)) - Received pipeline action CLOSE for Pipeline-f182326e-4933-482b-ba7e-d4d9e1afa3fc from datanode 73892b45-0ad3-4392-8d09-ab2d1cd7ede4(localhost/127.0.0.1). Reason : Chunks directory /home/runner/work/ozone/ozone/hadoop-ozone/integration-test/target/test-dir/MiniOzoneClusterImpl-7a2c00ee-15e1-4921-aa6b-526c14ec89d8/ozone-meta/datanode-8/data-0/hdds/7a2c00ee-15e1-4921-aa6b-526c14ec89d8/current/containerDir0/9/chunks does not exist.
2025-07-15 19:46:21,427 [EventQueue-PipelineActionsForPipelineActionHandler] INFO  pipeline.PipelineActionHandler (PipelineActionHandler.java:processPipelineAction(89)) - Received pipeline action CLOSE for Pipeline-f182326e-4933-482b-ba7e-d4d9e1afa3fc from datanode 73892b45-0ad3-4392-8d09-ab2d1cd7ede4(localhost/127.0.0.1). Reason : Chunks directory /home/runner/work/ozone/ozone/hadoop-ozone/integration-test/target/test-dir/MiniOzoneClusterImpl-7a2c00ee-15e1-4921-aa6b-526c14ec89d8/ozone-meta/datanode-8/data-0/hdds/7a2c00ee-15e1-4921-aa6b-526c14ec89d8/current/containerDir0/9/chunks does not exist.
2025-07-15 19:46:21,626 [EventQueue-PipelineActionsForPipelineActionHandler] INFO  pipeline.PipelineActionHandler (PipelineActionHandler.java:processPipelineAction(89)) - Received pipeline action CLOSE for Pipeline-f182326e-4933-482b-ba7e-d4d9e1afa3fc from datanode 73892b45-0ad3-4392-8d09-ab2d1cd7ede4(localhost/127.0.0.1). Reason : Chunks directory /home/runner/work/ozone/ozone/hadoop-ozone/integration-test/target/test-dir/MiniOzoneClusterImpl-7a2c00ee-15e1-4921-aa6b-526c14ec89d8/ozone-meta/datanode-8/data-0/hdds/7a2c00ee-15e1-4921-aa6b-526c14ec89d8/current/containerDir0/9/chunks does not exist.
2025-07-15 19:46:21,827 [EventQueue-PipelineActionsForPipelineActionHandler] INFO  pipeline.PipelineActionHandler (PipelineActionHandler.java:processPipelineAction(89)) - Received pipeline action CLOSE for Pipeline-f182326e-4933-482b-ba7e-d4d9e1afa3fc from datanode 73892b45-0ad3-4392-8d09-ab2d1cd7ede4(localhost/127.0.0.1). Reason : Chunks directory /home/runner/work/ozone/ozone/hadoop-ozone/integration-test/target/test-dir/MiniOzoneClusterImpl-7a2c00ee-15e1-4921-aa6b-526c14ec89d8/ozone-meta/datanode-8/data-0/hdds/7a2c00ee-15e1-4921-aa6b-526c14ec89d8/current/containerDir0/9/chunks does not exist.
2025-07-15 19:46:22,027 [EventQueue-PipelineActionsForPipelineActionHandler] INFO  pipeline.PipelineActionHandler (PipelineActionHandler.java:processPipelineAction(89)) - Received pipeline action CLOSE for Pipeline-f182326e-4933-482b-ba7e-d4d9e1afa3fc from datanode 73892b45-0ad3-4392-8d09-ab2d1cd7ede4(localhost/127.0.0.1). Reason : Chunks directory /home/runner/work/ozone/ozone/hadoop-ozone/integration-test/target/test-dir/MiniOzoneClusterImpl-7a2c00ee-15e1-4921-aa6b-526c14ec89d8/ozone-meta/datanode-8/data-0/hdds/7a2c00ee-15e1-4921-aa6b-526c14ec89d8/current/containerDir0/9/chunks does not exist.
2025-07-15 19:46:22,101 [timer5] WARN  server.GrpcLogAppender (GrpcLogAppender.java:timeoutAppendRequest(448)) - 73892b45-0ad3-4392-8d09-ab2d1cd7ede4@group-A35D399F7985->262265f8-b6b0-4173-8249-6c4ff56c562c-GrpcLogAppender: Timed out HEARTBEAT appendEntries, errorCount=34, request=AppendEntriesRequest:cid=4635,entriesCount=0
2025-07-15 19:46:22,226 [EventQueue-PipelineActionsForPipelineActionHandler] INFO  pipeline.PipelineActionHandler (PipelineActionHandler.java:processPipelineAction(89)) - Received pipeline action CLOSE for Pipeline-f182326e-4933-482b-ba7e-d4d9e1afa3fc from datanode 73892b45-0ad3-4392-8d09-ab2d1cd7ede4(localhost/127.0.0.1). Reason : Chunks directory /home/runner/work/ozone/ozone/hadoop-ozone/integration-test/target/test-dir/MiniOzoneClusterImpl-7a2c00ee-15e1-4921-aa6b-526c14ec89d8/ozone-meta/datanode-8/data-0/hdds/7a2c00ee-15e1-4921-aa6b-526c14ec89d8/current/containerDir0/9/chunks does not exist.
2025-07-15 19:46:22,427 [EventQueue-PipelineActionsForPipelineActionHandler] INFO  pipeline.PipelineActionHandler (PipelineActionHandler.java:processPipelineAction(89)) - Received pipeline action CLOSE for Pipeline-f182326e-4933-482b-ba7e-d4d9e1afa3fc from datanode 73892b45-0ad3-4392-8d09-ab2d1cd7ede4(localhost/127.0.0.1). Reason : Chunks directory /home/runner/work/ozone/ozone/hadoop-ozone/integration-test/target/test-dir/MiniOzoneClusterImpl-7a2c00ee-15e1-4921-aa6b-526c14ec89d8/ozone-meta/datanode-8/data-0/hdds/7a2c00ee-15e1-4921-aa6b-526c14ec89d8/current/containerDir0/9/chunks does not exist.
2025-07-15 19:46:22,572 [73892b45-0ad3-4392-8d09-ab2d1cd7ede4-server-thread1] WARN  server.GrpcServerProtocolService (LogUtils.java:warn(129)) - 73892b45-0ad3-4392-8d09-ab2d1cd7ede4: Failed APPEND_ENTRIES request edffad61-d5a0-4c2f-abd3-1d848b9782f9->73892b45-0ad3-4392-8d09-ab2d1cd7ede4#55-t1,previous=(t:1, i:5),leaderCommit=4,initializing? false,entries: size=2, first=(t:1, i:6), STATEMACHINELOGENTRY, WRITE: logData.size=217, stateMachineData.size=0, logEntryProtoSerializedSize=0
java.util.concurrent.CompletionException: org.apache.hadoop.hdds.scm.container.common.helpers.StorageContainerException: Chunks directory /home/runner/work/ozone/ozone/hadoop-ozone/integration-test/target/test-dir/MiniOzoneClusterImpl-7a2c00ee-15e1-4921-aa6b-526c14ec89d8/ozone-meta/datanode-8/data-0/hdds/7a2c00ee-15e1-4921-aa6b-526c14ec89d8/current/containerDir0/9/chunks does not exist.
	at java.base/java.util.concurrent.CompletableFuture.encodeThrowable(CompletableFuture.java:332)
	at java.base/java.util.concurrent.CompletableFuture.completeThrowable(CompletableFuture.java:347)
	at java.base/java.util.concurrent.CompletableFuture$BiRelay.tryFire(CompletableFuture.java:1498)
	at java.base/java.util.concurrent.CompletableFuture$CoCompletion.tryFire(CompletableFuture.java:1219)
	at java.base/java.util.concurrent.CompletableFuture.postComplete(CompletableFuture.java:510)
	at java.base/java.util.concurrent.CompletableFuture.completeExceptionally(CompletableFuture.java:2194)
	at org.apache.ratis.server.raftlog.segmented.SegmentedRaftLog$Task.failed(SegmentedRaftLog.java:109)
	at org.apache.ratis.server.raftlog.segmented.SegmentedRaftLogWorker$WriteLog.failed(SegmentedRaftLogWorker.java:530)
	at org.apache.ratis.server.raftlog.segmented.SegmentedRaftLogWorker.run(SegmentedRaftLogWorker.java:326)
	at java.base/java.util.concurrent.Executors$RunnableAdapter.call(Executors.java:572)
	at java.base/java.util.concurrent.FutureTask.run(FutureTask.java:317)
	at java.base/java.util.concurrent.ThreadPoolExecutor.runWorker(ThreadPoolExecutor.java:1144)
	at java.base/java.util.concurrent.ThreadPoolExecutor$Worker.run(ThreadPoolExecutor.java:642)
	at java.base/java.lang.Thread.run(Thread.java:1583)
Caused by: org.apache.hadoop.hdds.scm.container.common.helpers.StorageContainerException: Chunks directory /home/runner/work/ozone/ozone/hadoop-ozone/integration-test/target/test-dir/MiniOzoneClusterImpl-7a2c00ee-15e1-4921-aa6b-526c14ec89d8/ozone-meta/datanode-8/data-0/hdds/7a2c00ee-15e1-4921-aa6b-526c14ec89d8/current/containerDir0/9/chunks does not exist.
	at org.apache.hadoop.ozone.container.common.transport.server.ratis.ContainerStateMachine.handleCommandResult(ContainerStateMachine.java:661)
	at org.apache.hadoop.ozone.container.common.transport.server.ratis.ContainerStateMachine.lambda$writeStateMachineData$2(ContainerStateMachine.java:623)
	... 4 more
2025-07-15 19:46:22,573 [grpc-default-executor-5] INFO  leader.LogAppender (LogAppenderBase.java:lambda$getNextIndexForError$0(215)) - Decrease nextIndex to 6
2025-07-15 19:46:22,573 [grpc-default-executor-5] INFO  leader.LogAppender (LogAppenderBase.java:lambda$getNextIndexForError$0(215)) - Decrease nextIndex to 6
2025-07-15 19:46:22,573 [grpc-default-executor-5] INFO  leader.FollowerInfo (FollowerInfoImpl.java:info(70)) - edffad61-d5a0-4c2f-abd3-1d848b9782f9@group-D4D9E1AFA3FC->73892b45-0ad3-4392-8d09-ab2d1cd7ede4: computeNextIndex nextIndex: updateUnconditionally 8 -> 6
2025-07-15 19:46:22,627 [EventQueue-PipelineActionsForPipelineActionHandler] INFO  pipeline.PipelineActionHandler (PipelineActionHandler.java:processPipelineAction(89)) - Received pipeline action CLOSE for Pipeline-f182326e-4933-482b-ba7e-d4d9e1afa3fc from datanode 73892b45-0ad3-4392-8d09-ab2d1cd7ede4(localhost/127.0.0.1). Reason : Chunks directory /home/runner/work/ozone/ozone/hadoop-ozone/integration-test/target/test-dir/MiniOzoneClusterImpl-7a2c00ee-15e1-4921-aa6b-526c14ec89d8/ozone-meta/datanode-8/data-0/hdds/7a2c00ee-15e1-4921-aa6b-526c14ec89d8/current/containerDir0/9/chunks does not exist.
2025-07-15 19:46:22,826 [EventQueue-PipelineActionsForPipelineActionHandler] INFO  pipeline.PipelineActionHandler (PipelineActionHandler.java:processPipelineAction(89)) - Received pipeline action CLOSE for Pipeline-f182326e-4933-482b-ba7e-d4d9e1afa3fc from datanode 73892b45-0ad3-4392-8d09-ab2d1cd7ede4(localhost/127.0.0.1). Reason : Chunks directory /home/runner/work/ozone/ozone/hadoop-ozone/integration-test/target/test-dir/MiniOzoneClusterImpl-7a2c00ee-15e1-4921-aa6b-526c14ec89d8/ozone-meta/datanode-8/data-0/hdds/7a2c00ee-15e1-4921-aa6b-526c14ec89d8/current/containerDir0/9/chunks does not exist.
2025-07-15 19:46:22,828 [timer5] WARN  server.GrpcLogAppender (LogUtils.java:warn(129)) - edffad61-d5a0-4c2f-abd3-1d848b9782f9@group-D4D9E1AFA3FC->73892b45-0ad3-4392-8d09-ab2d1cd7ede4-AppendLogResponseHandler: Failed appendEntries (Repeated 4 times in the last 5.001s)
org.apache.hadoop.hdds.scm.container.common.helpers.StorageContainerException: Chunks directory /home/runner/work/ozone/ozone/hadoop-ozone/integration-test/target/test-dir/MiniOzoneClusterImpl-7a2c00ee-15e1-4921-aa6b-526c14ec89d8/ozone-meta/datanode-8/data-0/hdds/7a2c00ee-15e1-4921-aa6b-526c14ec89d8/current/containerDir0/9/chunks does not exist.
	at org.apache.hadoop.ozone.container.common.transport.server.ratis.ContainerStateMachine.handleCommandResult(ContainerStateMachine.java:661)
	at org.apache.hadoop.ozone.container.common.transport.server.ratis.ContainerStateMachine.lambda$writeStateMachineData$2(ContainerStateMachine.java:623)
	at java.base/java.util.concurrent.FutureTask.run(FutureTask.java:317)
	at java.base/java.util.concurrent.ThreadPoolExecutor.runWorker(ThreadPoolExecutor.java:1144)
	at java.base/java.util.concurrent.ThreadPoolExecutor$Worker.run(ThreadPoolExecutor.java:642)
	at java.base/java.lang.Thread.run(Thread.java:1583)
2025-07-15 19:46:22,852 [BackgroundPipelineScrubber] INFO  pipeline.PipelineManagerImpl (PipelineManagerImpl.java:scrubPipelines(602)) - Scrubbing pipeline: id: Pipeline-f182326e-4933-482b-ba7e-d4d9e1afa3fc since it stays at CLOSED stage.
2025-07-15 19:46:22,853 [BackgroundPipelineScrubber] INFO  pipeline.RatisPipelineProvider (RatisPipelineProvider.java:lambda$close$4(273)) - Send pipeline:Pipeline-f182326e-4933-482b-ba7e-d4d9e1afa3fc close command to datanode 73892b45-0ad3-4392-8d09-ab2d1cd7ede4
2025-07-15 19:46:22,853 [BackgroundPipelineScrubber] INFO  pipeline.RatisPipelineProvider (RatisPipelineProvider.java:lambda$close$4(273)) - Send pipeline:Pipeline-f182326e-4933-482b-ba7e-d4d9e1afa3fc close command to datanode edffad61-d5a0-4c2f-abd3-1d848b9782f9
2025-07-15 19:46:22,853 [BackgroundPipelineScrubber] INFO  pipeline.RatisPipelineProvider (RatisPipelineProvider.java:lambda$close$4(273)) - Send pipeline:Pipeline-f182326e-4933-482b-ba7e-d4d9e1afa3fc close command to datanode 262265f8-b6b0-4173-8249-6c4ff56c562c
2025-07-15 19:46:22,853 [BackgroundPipelineScrubber] INFO  pipeline.PipelineManagerImpl (PipelineManagerImpl.java:removePipeline(464)) - Pipeline Pipeline{ Id: f182326e-4933-482b-ba7e-d4d9e1afa3fc, Nodes: [ {73892b45-0ad3-4392-8d09-ab2d1cd7ede4(localhost/127.0.0.1), ReplicaIndex: 0}, {edffad61-d5a0-4c2f-abd3-1d848b9782f9(localhost/127.0.0.1), ReplicaIndex: 0}, {262265f8-b6b0-4173-8249-6c4ff56c562c(localhost/127.0.0.1), ReplicaIndex: 0},], ReplicationConfig: RATIS/THREE, State:CLOSED, leaderId:edffad61-d5a0-4c2f-abd3-1d848b9782f9, CreationTimestamp2025-07-15T19:44:35.784Z[Etc/UTC]} removed.
2025-07-15 19:46:22,959 [EventQueue-PipelineReportForPipelineReportHandler] INFO  pipeline.PipelineReportHandler (PipelineReportHandler.java:handlePipelineNotFoundException(98)) - Pipeline Pipeline-f182326e-4933-482b-ba7e-d4d9e1afa3fc, reported by datanode edffad61-d5a0-4c2f-abd3-1d848b9782f9(localhost/127.0.0.1) is not found.
2025-07-15 19:46:23,027 [EventQueue-PipelineActionsForPipelineActionHandler] INFO  pipeline.PipelineActionHandler (PipelineActionHandler.java:processPipelineAction(89)) - Received pipeline action CLOSE for Pipeline-f182326e-4933-482b-ba7e-d4d9e1afa3fc from datanode 73892b45-0ad3-4392-8d09-ab2d1cd7ede4(localhost/127.0.0.1). Reason : Chunks directory /home/runner/work/ozone/ozone/hadoop-ozone/integration-test/target/test-dir/MiniOzoneClusterImpl-7a2c00ee-15e1-4921-aa6b-526c14ec89d8/ozone-meta/datanode-8/data-0/hdds/7a2c00ee-15e1-4921-aa6b-526c14ec89d8/current/containerDir0/9/chunks does not exist.
2025-07-15 19:46:23,027 [EventQueue-PipelineReportForPipelineReportHandler] INFO  pipeline.PipelineReportHandler (PipelineReportHandler.java:handlePipelineNotFoundException(98)) - Pipeline Pipeline-f182326e-4933-482b-ba7e-d4d9e1afa3fc, reported by datanode 73892b45-0ad3-4392-8d09-ab2d1cd7ede4(localhost/127.0.0.1) is not found.
2025-07-15 19:46:23,027 [EventQueue-PipelineActionsForPipelineActionHandler] WARN  pipeline.PipelineActionHandler (PipelineActionHandler.java:closeUnknownPipeline(117)) - Pipeline action received for unknown Pipeline Pipeline-f182326e-4933-482b-ba7e-d4d9e1afa3fc, firing close pipeline event.
2025-07-15 19:46:23,158 [EventQueue-PipelineReportForPipelineReportHandler] INFO  pipeline.PipelineReportHandler (PipelineReportHandler.java:handlePipelineNotFoundException(98)) - Pipeline Pipeline-f182326e-4933-482b-ba7e-d4d9e1afa3fc, reported by datanode edffad61-d5a0-4c2f-abd3-1d848b9782f9(localhost/127.0.0.1) is not found.
2025-07-15 19:46:23,227 [EventQueue-PipelineActionsForPipelineActionHandler] INFO  pipeline.PipelineActionHandler (PipelineActionHandler.java:processPipelineAction(89)) - Received pipeline action CLOSE for Pipeline-f182326e-4933-482b-ba7e-d4d9e1afa3fc from datanode 73892b45-0ad3-4392-8d09-ab2d1cd7ede4(localhost/127.0.0.1). Reason : Chunks directory /home/runner/work/ozone/ozone/hadoop-ozone/integration-test/target/test-dir/MiniOzoneClusterImpl-7a2c00ee-15e1-4921-aa6b-526c14ec89d8/ozone-meta/datanode-8/data-0/hdds/7a2c00ee-15e1-4921-aa6b-526c14ec89d8/current/containerDir0/9/chunks does not exist.
2025-07-15 19:46:23,227 [EventQueue-PipelineActionsForPipelineActionHandler] WARN  pipeline.PipelineActionHandler (PipelineActionHandler.java:closeUnknownPipeline(117)) - Pipeline action received for unknown Pipeline Pipeline-f182326e-4933-482b-ba7e-d4d9e1afa3fc, firing close pipeline event.
2025-07-15 19:46:23,231 [grpc-default-executor-5] WARN  server.RaftServer (RaftServerProxy.java:remove(111)) - 262265f8-b6b0-4173-8249-6c4ff56c562c: does not contain group: group-D4D9E1AFA3FC
2025-07-15 19:46:23,231 [grpc-default-executor-5] WARN  server.GrpcAdminProtocolService (GrpcAdminProtocolService.java:lambda$groupManagement$1(53)) - Failed groupManagement: GROUPREMOVE, GroupManagementRequest:client-46B69B3152C7->262265f8-b6b0-4173-8249-6c4ff56c562c@group-D4D9E1AFA3FC, cid=181, seq=null, RW, null, Remove:group-D4D9E1AFA3FC, delete-dir
org.apache.ratis.protocol.exceptions.GroupMismatchException: 262265f8-b6b0-4173-8249-6c4ff56c562c: Group group-D4D9E1AFA3FC not found.
	at org.apache.ratis.server.impl.RaftServerProxy.groupRemoveAsync(RaftServerProxy.java:548)
	at org.apache.ratis.server.impl.RaftServerProxy.groupManagementAsync(RaftServerProxy.java:499)
	at org.apache.ratis.grpc.server.GrpcAdminProtocolService.lambda$groupManagement$0(GrpcAdminProtocolService.java:51)
	at org.apache.ratis.grpc.GrpcUtil.asyncCall(GrpcUtil.java:172)
	at org.apache.ratis.grpc.server.GrpcAdminProtocolService.groupManagement(GrpcAdminProtocolService.java:51)
	at org.apache.ratis.proto.grpc.AdminProtocolServiceGrpc$MethodHandlers.invoke(AdminProtocolServiceGrpc.java:701)
	at org.apache.ratis.thirdparty.io.grpc.stub.ServerCalls$UnaryServerCallHandler$UnaryServerCallListener.onHalfClose(ServerCalls.java:182)
	at org.apache.ratis.thirdparty.io.grpc.internal.ServerCallImpl$ServerStreamListenerImpl.halfClosed(ServerCallImpl.java:356)
	at org.apache.ratis.thirdparty.io.grpc.internal.ServerImpl$JumpToApplicationThreadServerStreamListener$1HalfClosed.runInContext(ServerImpl.java:861)
	at org.apache.ratis.thirdparty.io.grpc.internal.ContextRunnable.run(ContextRunnable.java:37)
	at org.apache.ratis.thirdparty.io.grpc.internal.SerializingExecutor.run(SerializingExecutor.java:133)
	at java.base/java.util.concurrent.ThreadPoolExecutor.runWorker(ThreadPoolExecutor.java:1144)
	at java.base/java.util.concurrent.ThreadPoolExecutor$Worker.run(ThreadPoolExecutor.java:642)
	at java.base/java.lang.Thread.run(Thread.java:1583)
2025-07-15 19:46:23,237 [grpc-default-executor-5] INFO  server.RaftServer (RaftServerProxy.java:remove(116)) - edffad61-d5a0-4c2f-abd3-1d848b9782f9: remove    LEADER (RUNNING): edffad61-d5a0-4c2f-abd3-1d848b9782f9@group-D4D9E1AFA3FC:t1, leader=edffad61-d5a0-4c2f-abd3-1d848b9782f9, voted=edffad61-d5a0-4c2f-abd3-1d848b9782f9, raftlog=Memoized:edffad61-d5a0-4c2f-abd3-1d848b9782f9@group-D4D9E1AFA3FC-SegmentedRaftLog:OPENED:c4:last(t:1, i:7), conf=conf: {index: 0, cur=peers:[262265f8-b6b0-4173-8249-6c4ff56c562c|127.0.0.1:15063, 73892b45-0ad3-4392-8d09-ab2d1cd7ede4|127.0.0.1:15071, edffad61-d5a0-4c2f-abd3-1d848b9782f9|127.0.0.1:15079]|listeners:[], old=null}
2025-07-15 19:46:23,237 [grpc-default-executor-5] INFO  server.RaftServer$Division (RaftServerImpl.java:lambda$close$1(527)) - edffad61-d5a0-4c2f-abd3-1d848b9782f9@group-D4D9E1AFA3FC: shutdown
2025-07-15 19:46:23,238 [grpc-default-executor-5] INFO  util.JmxRegister (JmxRegister.java:unregister(74)) - Successfully un-registered JMX Bean with object name Ratis:service=RaftServer,group=group-D4D9E1AFA3FC,id=edffad61-d5a0-4c2f-abd3-1d848b9782f9
2025-07-15 19:46:23,238 [grpc-default-executor-5] INFO  impl.RoleInfo (RoleInfo.java:shutdownLeaderState(103)) - edffad61-d5a0-4c2f-abd3-1d848b9782f9: shutdown edffad61-d5a0-4c2f-abd3-1d848b9782f9@group-D4D9E1AFA3FC-LeaderStateImpl
2025-07-15 19:46:23,238 [edffad61-d5a0-4c2f-abd3-1d848b9782f9@group-D4D9E1AFA3FC->262265f8-b6b0-4173-8249-6c4ff56c562c-GrpcLogAppender-LogAppenderDaemon] WARN  server.GrpcLogAppender (GrpcLogAppender.java:mayWait(300)) - edffad61-d5a0-4c2f-abd3-1d848b9782f9@group-D4D9E1AFA3FC->262265f8-b6b0-4173-8249-6c4ff56c562c-GrpcLogAppender: Wait interrupted by java.lang.InterruptedException
2025-07-15 19:46:23,238 [grpc-default-executor-5] INFO  impl.PendingRequests (PendingRequests.java:sendNotLeaderResponses(287)) - edffad61-d5a0-4c2f-abd3-1d848b9782f9@group-D4D9E1AFA3FC-PendingRequests: sendNotLeaderResponses
2025-07-15 19:46:23,238 [edffad61-d5a0-4c2f-abd3-1d848b9782f9-CloseContainerThread-0] INFO  commandhandler.CloseContainerCommandHandler (CloseContainerCommandHandler.java:lambda$handle$0(154)) - Follower cannot close container #9.
2025-07-15 19:46:23,238 [edffad61-d5a0-4c2f-abd3-1d848b9782f9@group-D4D9E1AFA3FC->73892b45-0ad3-4392-8d09-ab2d1cd7ede4-GrpcLogAppender-LogAppenderDaemon] WARN  server.GrpcLogAppender (GrpcLogAppender.java:mayWait(300)) - edffad61-d5a0-4c2f-abd3-1d848b9782f9@group-D4D9E1AFA3FC->73892b45-0ad3-4392-8d09-ab2d1cd7ede4-GrpcLogAppender: Wait interrupted by java.lang.InterruptedException
2025-07-15 19:46:23,239 [grpc-default-executor-1] INFO  server.GrpcServerProtocolService (GrpcServerProtocolService.java:lambda$onCompleted$6(171)) - 262265f8-b6b0-4173-8249-6c4ff56c562c: Completed APPEND_ENTRIES, lastRequest: null 
2025-07-15 19:46:23,239 [grpc-default-executor-5] INFO  impl.StateMachineUpdater (StateMachineUpdater.java:stopAndJoin(163)) - edffad61-d5a0-4c2f-abd3-1d848b9782f9@group-D4D9E1AFA3FC-StateMachineUpdater: set stopIndex = 4
2025-07-15 19:46:23,239 [grpc-default-executor-3] INFO  server.GrpcServerProtocolService (GrpcServerProtocolService.java:lambda$null$7(175)) - 262265f8-b6b0-4173-8249-6c4ff56c562c: Completed APPEND_ENTRIES, lastReply: null 
2025-07-15 19:46:23,240 [edffad61-d5a0-4c2f-abd3-1d848b9782f9@group-D4D9E1AFA3FC-StateMachineUpdater] INFO  impl.StateMachineUpdater (StateMachineUpdater.java:stop(140)) - edffad61-d5a0-4c2f-abd3-1d848b9782f9@group-D4D9E1AFA3FC-StateMachineUpdater: closing ContainerStateMachine, lastApplied=(t:1, i:4)
2025-07-15 19:46:23,240 [grpc-default-executor-4] INFO  server.GrpcLogAppender (GrpcLogAppender.java:onCompleted(558)) - edffad61-d5a0-4c2f-abd3-1d848b9782f9@group-D4D9E1AFA3FC->262265f8-b6b0-4173-8249-6c4ff56c562c-AppendLogResponseHandler: follower responses appendEntries COMPLETED
2025-07-15 19:46:23,240 [edffad61-d5a0-4c2f-abd3-1d848b9782f9@group-D4D9E1AFA3FC-cacheEviction-AwaitToRun] INFO  util.AwaitToRun (AwaitToRun.java:run(49)) - edffad61-d5a0-4c2f-abd3-1d848b9782f9@group-D4D9E1AFA3FC-cacheEviction-AwaitToRun-AwaitForSignal is interrupted
2025-07-15 19:46:23,358 [EventQueue-PipelineReportForPipelineReportHandler] INFO  pipeline.PipelineReportHandler (PipelineReportHandler.java:handlePipelineNotFoundException(98)) - Pipeline Pipeline-f182326e-4933-482b-ba7e-d4d9e1afa3fc, reported by datanode edffad61-d5a0-4c2f-abd3-1d848b9782f9(localhost/127.0.0.1) is not found.
2025-07-15 19:46:23,427 [EventQueue-PipelineActionsForPipelineActionHandler] INFO  pipeline.PipelineActionHandler (PipelineActionHandler.java:processPipelineAction(89)) - Received pipeline action CLOSE for Pipeline-f182326e-4933-482b-ba7e-d4d9e1afa3fc from datanode 73892b45-0ad3-4392-8d09-ab2d1cd7ede4(localhost/127.0.0.1). Reason : Chunks directory /home/runner/work/ozone/ozone/hadoop-ozone/integration-test/target/test-dir/MiniOzoneClusterImpl-7a2c00ee-15e1-4921-aa6b-526c14ec89d8/ozone-meta/datanode-8/data-0/hdds/7a2c00ee-15e1-4921-aa6b-526c14ec89d8/current/containerDir0/9/chunks does not exist.
2025-07-15 19:46:23,427 [EventQueue-PipelineReportForPipelineReportHandler] INFO  pipeline.PipelineReportHandler (PipelineReportHandler.java:handlePipelineNotFoundException(98)) - Pipeline Pipeline-f182326e-4933-482b-ba7e-d4d9e1afa3fc, reported by datanode 73892b45-0ad3-4392-8d09-ab2d1cd7ede4(localhost/127.0.0.1) is not found.
2025-07-15 19:46:23,427 [EventQueue-PipelineActionsForPipelineActionHandler] WARN  pipeline.PipelineActionHandler (PipelineActionHandler.java:closeUnknownPipeline(117)) - Pipeline action received for unknown Pipeline Pipeline-f182326e-4933-482b-ba7e-d4d9e1afa3fc, firing close pipeline event.
2025-07-15 19:46:23,627 [EventQueue-PipelineActionsForPipelineActionHandler] INFO  pipeline.PipelineActionHandler (PipelineActionHandler.java:processPipelineAction(89)) - Received pipeline action CLOSE for Pipeline-f182326e-4933-482b-ba7e-d4d9e1afa3fc from datanode 73892b45-0ad3-4392-8d09-ab2d1cd7ede4(localhost/127.0.0.1). Reason : Chunks directory /home/runner/work/ozone/ozone/hadoop-ozone/integration-test/target/test-dir/MiniOzoneClusterImpl-7a2c00ee-15e1-4921-aa6b-526c14ec89d8/ozone-meta/datanode-8/data-0/hdds/7a2c00ee-15e1-4921-aa6b-526c14ec89d8/current/containerDir0/9/chunks does not exist.
2025-07-15 19:46:23,627 [EventQueue-PipelineReportForPipelineReportHandler] INFO  pipeline.PipelineReportHandler (PipelineReportHandler.java:handlePipelineNotFoundException(98)) - Pipeline Pipeline-f182326e-4933-482b-ba7e-d4d9e1afa3fc, reported by datanode 73892b45-0ad3-4392-8d09-ab2d1cd7ede4(localhost/127.0.0.1) is not found.
2025-07-15 19:46:23,627 [EventQueue-PipelineActionsForPipelineActionHandler] WARN  pipeline.PipelineActionHandler (PipelineActionHandler.java:closeUnknownPipeline(117)) - Pipeline action received for unknown Pipeline Pipeline-f182326e-4933-482b-ba7e-d4d9e1afa3fc, firing close pipeline event.
2025-07-15 19:46:23,761 [grpc-default-executor-5] INFO  segmented.SegmentedRaftLogWorker (SegmentedRaftLogWorker.java:close(254)) - edffad61-d5a0-4c2f-abd3-1d848b9782f9@group-D4D9E1AFA3FC-SegmentedRaftLogWorker close()
2025-07-15 19:46:23,762 [grpc-default-executor-5] INFO  keyvalue.KeyValueContainer (KeyValueContainer.java:flushAndSyncDB(514)) - Synced container: KeyValueContainerData #9 (CLOSING, non-empty, ri=0, origin=[dn_edffad61-d5a0-4c2f-abd3-1d848b9782f9, pipeline_f182326e-4933-482b-ba7e-d4d9e1afa3fc])
2025-07-15 19:46:23,762 [grpc-default-executor-5] INFO  keyvalue.KeyValueContainer (KeyValueContainer.java:flushAndSyncDB(514)) - Synced container: KeyValueContainerData #9 (CLOSING, non-empty, ri=0, origin=[dn_edffad61-d5a0-4c2f-abd3-1d848b9782f9, pipeline_f182326e-4933-482b-ba7e-d4d9e1afa3fc])
2025-07-15 19:46:23,767 [FixedThreadPoolWithAffinityExecutor-1-0] INFO  container.IncrementalContainerReportHandler (AbstractContainerReportHandler.java:updateContainerState(264)) - QUASI_CLOSE Container #9 (CLOSING, sid=2) r0 (QUASI_CLOSED, bcsid=2, origin=edffad61-d5a0-4c2f-abd3-1d848b9782f9, non-empty) from dn edffad61-d5a0-4c2f-abd3-1d848b9782f9(localhost/127.0.0.1)
2025-07-15 19:46:23,767 [grpc-default-executor-5] INFO  server.RaftServer$Division (RaftServerImpl.java:groupRemove(497)) - edffad61-d5a0-4c2f-abd3-1d848b9782f9@group-D4D9E1AFA3FC: Succeed to remove RaftStorageDirectory Storage Directory /home/runner/work/ozone/ozone/hadoop-ozone/integration-test/target/test-dir/MiniOzoneClusterImpl-7a2c00ee-15e1-4921-aa6b-526c14ec89d8/ozone-meta/datanode-9/ratis/f182326e-4933-482b-ba7e-d4d9e1afa3fc
2025-07-15 19:46:23,770 [73892b45-0ad3-4392-8d09-ab2d1cd7ede4-PipelineCommandHandlerThread-0] INFO  server.RaftServer (RaftServerProxy.java:remove(116)) - 73892b45-0ad3-4392-8d09-ab2d1cd7ede4: remove  FOLLOWER (RUNNING): 73892b45-0ad3-4392-8d09-ab2d1cd7ede4@group-D4D9E1AFA3FC:t1, leader=edffad61-d5a0-4c2f-abd3-1d848b9782f9, voted=edffad61-d5a0-4c2f-abd3-1d848b9782f9, raftlog=Memoized:73892b45-0ad3-4392-8d09-ab2d1cd7ede4@group-D4D9E1AFA3FC-SegmentedRaftLog:OPENED:c4:last(t:1, i:5), conf=conf: {index: 0, cur=peers:[262265f8-b6b0-4173-8249-6c4ff56c562c|127.0.0.1:15063, 73892b45-0ad3-4392-8d09-ab2d1cd7ede4|127.0.0.1:15071, edffad61-d5a0-4c2f-abd3-1d848b9782f9|127.0.0.1:15079]|listeners:[], old=null}
2025-07-15 19:46:23,770 [73892b45-0ad3-4392-8d09-ab2d1cd7ede4-PipelineCommandHandlerThread-0] INFO  server.RaftServer$Division (RaftServerImpl.java:lambda$close$1(527)) - 73892b45-0ad3-4392-8d09-ab2d1cd7ede4@group-D4D9E1AFA3FC: shutdown
2025-07-15 19:46:23,770 [73892b45-0ad3-4392-8d09-ab2d1cd7ede4-PipelineCommandHandlerThread-0] INFO  util.JmxRegister (JmxRegister.java:unregister(74)) - Successfully un-registered JMX Bean with object name Ratis:service=RaftServer,group=group-D4D9E1AFA3FC,id=73892b45-0ad3-4392-8d09-ab2d1cd7ede4
2025-07-15 19:46:23,770 [73892b45-0ad3-4392-8d09-ab2d1cd7ede4-PipelineCommandHandlerThread-0] INFO  impl.RoleInfo (RoleInfo.java:shutdownFollowerState(121)) - 73892b45-0ad3-4392-8d09-ab2d1cd7ede4: shutdown 73892b45-0ad3-4392-8d09-ab2d1cd7ede4@group-D4D9E1AFA3FC-FollowerState
2025-07-15 19:46:23,770 [73892b45-0ad3-4392-8d09-ab2d1cd7ede4-PipelineCommandHandlerThread-0] INFO  impl.StateMachineUpdater (StateMachineUpdater.java:stopAndJoin(163)) - 73892b45-0ad3-4392-8d09-ab2d1cd7ede4@group-D4D9E1AFA3FC-StateMachineUpdater: set stopIndex = 4
2025-07-15 19:46:23,770 [73892b45-0ad3-4392-8d09-ab2d1cd7ede4@group-D4D9E1AFA3FC-FollowerState] INFO  impl.FollowerState (FollowerState.java:runImpl(170)) - 73892b45-0ad3-4392-8d09-ab2d1cd7ede4@group-D4D9E1AFA3FC-FollowerState was interrupted
2025-07-15 19:46:23,770 [73892b45-0ad3-4392-8d09-ab2d1cd7ede4@group-D4D9E1AFA3FC-StateMachineUpdater] INFO  impl.StateMachineUpdater (StateMachineUpdater.java:stop(140)) - 73892b45-0ad3-4392-8d09-ab2d1cd7ede4@group-D4D9E1AFA3FC-StateMachineUpdater: closing ContainerStateMachine, lastApplied=(t:1, i:4)
2025-07-15 19:46:23,771 [73892b45-0ad3-4392-8d09-ab2d1cd7ede4@group-D4D9E1AFA3FC-cacheEviction-AwaitToRun] INFO  util.AwaitToRun (AwaitToRun.java:run(49)) - 73892b45-0ad3-4392-8d09-ab2d1cd7ede4@group-D4D9E1AFA3FC-cacheEviction-AwaitToRun-AwaitForSignal is interrupted
2025-07-15 19:46:23,823 [73892b45-0ad3-4392-8d09-ab2d1cd7ede4-PipelineCommandHandlerThread-0] INFO  segmented.SegmentedRaftLogWorker (SegmentedRaftLogWorker.java:close(254)) - 73892b45-0ad3-4392-8d09-ab2d1cd7ede4@group-D4D9E1AFA3FC-SegmentedRaftLogWorker close()
2025-07-15 19:46:23,824 [73892b45-0ad3-4392-8d09-ab2d1cd7ede4-PipelineCommandHandlerThread-0] INFO  server.RaftServer$Division (RaftServerImpl.java:groupRemove(497)) - 73892b45-0ad3-4392-8d09-ab2d1cd7ede4@group-D4D9E1AFA3FC: Succeed to remove RaftStorageDirectory Storage Directory /home/runner/work/ozone/ozone/hadoop-ozone/integration-test/target/test-dir/MiniOzoneClusterImpl-7a2c00ee-15e1-4921-aa6b-526c14ec89d8/ozone-meta/datanode-8/ratis/f182326e-4933-482b-ba7e-d4d9e1afa3fc
2025-07-15 19:46:23,824 [73892b45-0ad3-4392-8d09-ab2d1cd7ede4-PipelineCommandHandlerThread-0] INFO  commandhandler.ClosePipelineCommandHandler (ClosePipelineCommandHandler.java:lambda$handle$2(142)) - Close Pipeline Pipeline-f182326e-4933-482b-ba7e-d4d9e1afa3fc command on datanode 73892b45-0ad3-4392-8d09-ab2d1cd7ede4(localhost/127.0.0.1).
2025-07-15 19:46:28,240 [timer5] INFO  server.GrpcServerProtocolService (GrpcServerProtocolService.java:lambda$onCompleted$6(171)) - 262265f8-b6b0-4173-8249-6c4ff56c562c: Completed APPEND_ENTRIES, lastRequest: null  (Repeated 2 times in the last 5.001s)
2025-07-15 19:46:28,598 [grpc-default-executor-4] ERROR impl.OrderedAsync (OrderedAsync.java:lambda$null$6(215)) -  client-CA7F0CA2B2AB: Failed* RaftClientRequest:client-CA7F0CA2B2AB->73892b45-0ad3-4392-8d09-ab2d1cd7ede4@group-D4D9E1AFA3FC, cid=179, seq=4*, RW, cmdType: WriteChunk
traceID: ""
containerID: 9
datanodeUuid: "73892b45-0ad3-4392-8d09-ab2d1cd7ede4"
writeChunk {
  blockID {
    containerID: 9
    localID: 115816896921600009
    blockCommitSequenceId: 2
    replicaIndex: 0
  }
  chunkData {
    chunkName: "115816896921600009_chunk_2"
    offset: 5
    len: 10
    checksumData {
      type: CRC32
      bytesPerChecksum: 16384
      checksums: "\317\357R*"
    }
  }
}
version: 3
, data.size=10
java.util.concurrent.CompletionException: org.apache.ratis.protocol.exceptions.GroupMismatchException: 73892b45-0ad3-4392-8d09-ab2d1cd7ede4: group-D4D9E1AFA3FC not found.
	at java.base/java.util.concurrent.CompletableFuture.encodeThrowable(CompletableFuture.java:332)
	at java.base/java.util.concurrent.CompletableFuture.completeThrowable(CompletableFuture.java:347)
	at java.base/java.util.concurrent.CompletableFuture$UniAccept.tryFire(CompletableFuture.java:708)
	at java.base/java.util.concurrent.CompletableFuture.postComplete(CompletableFuture.java:510)
	at java.base/java.util.concurrent.CompletableFuture.completeExceptionally(CompletableFuture.java:2194)
	at org.apache.ratis.grpc.client.GrpcClientProtocolClient$AsyncStreamObservers.completeReplyExceptionally(GrpcClientProtocolClient.java:397)
	at org.apache.ratis.grpc.client.GrpcClientProtocolClient$AsyncStreamObservers.access$000(GrpcClientProtocolClient.java:303)
	at org.apache.ratis.grpc.client.GrpcClientProtocolClient$AsyncStreamObservers$1.onError(GrpcClientProtocolClient.java:334)
	at org.apache.ratis.thirdparty.io.grpc.stub.ClientCalls$StreamObserverToCallListenerAdapter.onClose(ClientCalls.java:564)
	at org.apache.ratis.thirdparty.io.grpc.PartialForwardingClientCallListener.onClose(PartialForwardingClientCallListener.java:39)
	at org.apache.ratis.thirdparty.io.grpc.ForwardingClientCallListener.onClose(ForwardingClientCallListener.java:23)
	at org.apache.ratis.grpc.metrics.intercept.client.MetricClientCallListener.onClose(MetricClientCallListener.java:47)
	at org.apache.ratis.thirdparty.io.grpc.internal.ClientCallImpl.closeObserver(ClientCallImpl.java:565)
	at org.apache.ratis.thirdparty.io.grpc.internal.ClientCallImpl.access$100(ClientCallImpl.java:72)
	at org.apache.ratis.thirdparty.io.grpc.internal.ClientCallImpl$ClientStreamListenerImpl$1StreamClosed.runInternal(ClientCallImpl.java:733)
	at org.apache.ratis.thirdparty.io.grpc.internal.ClientCallImpl$ClientStreamListenerImpl$1StreamClosed.runInContext(ClientCallImpl.java:714)
	at org.apache.ratis.thirdparty.io.grpc.internal.ContextRunnable.run(ContextRunnable.java:37)
	at org.apache.ratis.thirdparty.io.grpc.internal.SerializingExecutor.run(SerializingExecutor.java:133)
	at java.base/java.util.concurrent.ThreadPoolExecutor.runWorker(ThreadPoolExecutor.java:1144)
	at java.base/java.util.concurrent.ThreadPoolExecutor$Worker.run(ThreadPoolExecutor.java:642)
	at java.base/java.lang.Thread.run(Thread.java:1583)
Caused by: org.apache.ratis.protocol.exceptions.GroupMismatchException: 73892b45-0ad3-4392-8d09-ab2d1cd7ede4: group-D4D9E1AFA3FC not found.
	at org.apache.ratis.server.impl.RaftServerProxy$ImplMap.get(RaftServerProxy.java:160)
	at org.apache.ratis.server.impl.RaftServerProxy.getImplFuture(RaftServerProxy.java:370)
	at org.apache.ratis.server.impl.RaftServerProxy.submitClientRequestAsync(RaftServerProxy.java:455)
	at org.apache.ratis.grpc.server.GrpcClientProtocolService$RequestStreamObserver.processClientRequest(GrpcClientProtocolService.java:226)
	at org.apache.ratis.grpc.server.GrpcClientProtocolService$OrderedRequestStreamObserver.processClientRequest(GrpcClientProtocolService.java:332)
	at org.apache.ratis.util.SlidingWindow$Server.processRequestsFromHead(SlidingWindow.java:467)
	at org.apache.ratis.util.SlidingWindow$Server.receivedRequest(SlidingWindow.java:459)
	at org.apache.ratis.grpc.server.GrpcClientProtocolService$OrderedRequestStreamObserver.processClientRequest(GrpcClientProtocolService.java:356)
	at org.apache.ratis.grpc.server.GrpcClientProtocolService$RequestStreamObserver.onNext(GrpcClientProtocolService.java:246)
	at org.apache.ratis.grpc.server.GrpcClientProtocolService$RequestStreamObserver.onNext(GrpcClientProtocolService.java:169)
	at org.apache.ratis.thirdparty.io.grpc.stub.ServerCalls$StreamingServerCallHandler$StreamingServerCallListener.onMessage(ServerCalls.java:262)
	at org.apache.ratis.thirdparty.io.grpc.internal.ServerCallImpl$ServerStreamListenerImpl.messagesAvailableInternal(ServerCallImpl.java:334)
	at org.apache.ratis.thirdparty.io.grpc.internal.ServerCallImpl$ServerStreamListenerImpl.messagesAvailable(ServerCallImpl.java:319)
	at org.apache.ratis.thirdparty.io.grpc.internal.ServerImpl$JumpToApplicationThreadServerStreamListener$1MessagesAvailable.runInContext(ServerImpl.java:834)
	... 5 more
2025-07-15 19:46:28,598 [grpc-default-executor-4] ERROR impl.OrderedAsync (OrderedAsync.java:lambda$send$4(181)) - Failed to send request, message=cmdType: WriteChunk
traceID: ""
containerID: 9
datanodeUuid: "73892b45-0ad3-4392-8d09-ab2d1cd7ede4"
writeChunk {
  blockID {
    containerID: 9
    localID: 115816896921600009
    blockCommitSequenceId: 2
    replicaIndex: 0
  }
  chunkData {
    chunkName: "115816896921600009_chunk_2"
    offset: 5
    len: 10
    checksumData {
      type: CRC32
      bytesPerChecksum: 16384
      checksums: "\317\357R*"
    }
  }
}
version: 3
, data.size=10
java.util.concurrent.CompletionException: org.apache.ratis.protocol.exceptions.GroupMismatchException: 73892b45-0ad3-4392-8d09-ab2d1cd7ede4: group-D4D9E1AFA3FC not found.
	at java.base/java.util.concurrent.CompletableFuture.encodeThrowable(CompletableFuture.java:332)
	at java.base/java.util.concurrent.CompletableFuture.completeThrowable(CompletableFuture.java:347)
	at java.base/java.util.concurrent.CompletableFuture$UniApply.tryFire(CompletableFuture.java:636)
	at java.base/java.util.concurrent.CompletableFuture.postComplete(CompletableFuture.java:510)
	at java.base/java.util.concurrent.CompletableFuture.completeExceptionally(CompletableFuture.java:2194)
	at org.apache.ratis.client.impl.OrderedAsync$PendingOrderedRequest.fail(OrderedAsync.java:111)
	at org.apache.ratis.util.SlidingWindow$Client.fail(SlidingWindow.java:395)
	at org.apache.ratis.client.impl.OrderedAsync.failAllAsyncRequests(OrderedAsync.java:155)
	at org.apache.ratis.client.impl.OrderedAsync.handleException(OrderedAsync.java:232)
	at org.apache.ratis.client.impl.OrderedAsync.lambda$sendRequestWithRetry$7(OrderedAsync.java:217)
	at java.base/java.util.concurrent.CompletableFuture.uniExceptionally(CompletableFuture.java:990)
	at java.base/java.util.concurrent.CompletableFuture$UniExceptionally.tryFire(CompletableFuture.java:974)
	at java.base/java.util.concurrent.CompletableFuture.postComplete(CompletableFuture.java:510)
	at java.base/java.util.concurrent.CompletableFuture.completeExceptionally(CompletableFuture.java:2194)
	at org.apache.ratis.grpc.client.GrpcClientProtocolClient$AsyncStreamObservers.completeReplyExceptionally(GrpcClientProtocolClient.java:397)
	at org.apache.ratis.grpc.client.GrpcClientProtocolClient$AsyncStreamObservers.access$000(GrpcClientProtocolClient.java:303)
	at org.apache.ratis.grpc.client.GrpcClientProtocolClient$AsyncStreamObservers$1.onError(GrpcClientProtocolClient.java:334)
	at org.apache.ratis.thirdparty.io.grpc.stub.ClientCalls$StreamObserverToCallListenerAdapter.onClose(ClientCalls.java:564)
	at org.apache.ratis.thirdparty.io.grpc.PartialForwardingClientCallListener.onClose(PartialForwardingClientCallListener.java:39)
	at org.apache.ratis.thirdparty.io.grpc.ForwardingClientCallListener.onClose(ForwardingClientCallListener.java:23)
	at org.apache.ratis.grpc.metrics.intercept.client.MetricClientCallListener.onClose(MetricClientCallListener.java:47)
	at org.apache.ratis.thirdparty.io.grpc.internal.ClientCallImpl.closeObserver(ClientCallImpl.java:565)
	at org.apache.ratis.thirdparty.io.grpc.internal.ClientCallImpl.access$100(ClientCallImpl.java:72)
	at org.apache.ratis.thirdparty.io.grpc.internal.ClientCallImpl$ClientStreamListenerImpl$1StreamClosed.runInternal(ClientCallImpl.java:733)
	at org.apache.ratis.thirdparty.io.grpc.internal.ClientCallImpl$ClientStreamListenerImpl$1StreamClosed.runInContext(ClientCallImpl.java:714)
	at org.apache.ratis.thirdparty.io.grpc.internal.ContextRunnable.run(ContextRunnable.java:37)
	at org.apache.ratis.thirdparty.io.grpc.internal.SerializingExecutor.run(SerializingExecutor.java:133)
	at java.base/java.util.concurrent.ThreadPoolExecutor.runWorker(ThreadPoolExecutor.java:1144)
	at java.base/java.util.concurrent.ThreadPoolExecutor$Worker.run(ThreadPoolExecutor.java:642)
	at java.base/java.lang.Thread.run(Thread.java:1583)
Caused by: org.apache.ratis.protocol.exceptions.GroupMismatchException: 73892b45-0ad3-4392-8d09-ab2d1cd7ede4: group-D4D9E1AFA3FC not found.
	at org.apache.ratis.server.impl.RaftServerProxy$ImplMap.get(RaftServerProxy.java:160)
	at org.apache.ratis.server.impl.RaftServerProxy.getImplFuture(RaftServerProxy.java:370)
	at org.apache.ratis.server.impl.RaftServerProxy.submitClientRequestAsync(RaftServerProxy.java:455)
	at org.apache.ratis.grpc.server.GrpcClientProtocolService$RequestStreamObserver.processClientRequest(GrpcClientProtocolService.java:226)
	at org.apache.ratis.grpc.server.GrpcClientProtocolService$OrderedRequestStreamObserver.processClientRequest(GrpcClientProtocolService.java:332)
	at org.apache.ratis.util.SlidingWindow$Server.processRequestsFromHead(SlidingWindow.java:467)
	at org.apache.ratis.util.SlidingWindow$Server.receivedRequest(SlidingWindow.java:459)
	at org.apache.ratis.grpc.server.GrpcClientProtocolService$OrderedRequestStreamObserver.processClientRequest(GrpcClientProtocolService.java:356)
	at org.apache.ratis.grpc.server.GrpcClientProtocolService$RequestStreamObserver.onNext(GrpcClientProtocolService.java:246)
	at org.apache.ratis.grpc.server.GrpcClientProtocolService$RequestStreamObserver.onNext(GrpcClientProtocolService.java:169)
	at org.apache.ratis.thirdparty.io.grpc.stub.ServerCalls$StreamingServerCallHandler$StreamingServerCallListener.onMessage(ServerCalls.java:262)
	at org.apache.ratis.thirdparty.io.grpc.internal.ServerCallImpl$ServerStreamListenerImpl.messagesAvailableInternal(ServerCallImpl.java:334)
	at org.apache.ratis.thirdparty.io.grpc.internal.ServerCallImpl$ServerStreamListenerImpl.messagesAvailable(ServerCallImpl.java:319)
	at org.apache.ratis.thirdparty.io.grpc.internal.ServerImpl$JumpToApplicationThreadServerStreamListener$1MessagesAvailable.runInContext(ServerImpl.java:834)
	... 5 more
2025-07-15 19:46:28,599 [grpc-default-executor-4] ERROR impl.OrderedAsync (OrderedAsync.java:lambda$send$4(179)) - Failed to send request, message=cmdType: PutBlock
traceID: ""
containerID: 9
datanodeUuid: "73892b45-0ad3-4392-8d09-ab2d1cd7ede4"
putBlock {
  blockData {
    blockID {
      containerID: 9
      localID: 115816896921600009
      blockCommitSequenceId: 0
    }
    metadata {
      key: "TYPE"
      value: "KEY"
    }
    chunks {
      chunkName: "115816896921600009_chunk_1"
      offset: 0
      len: 5
      checksumData {
        type: CRC32
        bytesPerChecksum: 16384
        checksums: "\350a\3440"
      }
    }
    chunks {
      chunkName: "115816896921600009_chunk_2"
      offset: 5
      len: 10
      checksumData {
        type: CRC32
        bytesPerChecksum: 16384
        checksums: "\317\357R*"
      }
    }
  }
  eof: false
}
version: 3
, data.size=0 due to java.util.concurrent.CompletionException: org.apache.ratis.protocol.exceptions.AlreadyClosedException: SlidingWindow$Client:client-CA7F0CA2B2AB->RAFT is closed.
2025-07-15 19:46:28,599 [main] WARN  io.KeyOutputStream (KeyOutputStream.java:handleExceptionInternal(377)) - Encountered exception java.io.IOException: Unexpected Storage Container Exception: java.util.concurrent.CompletionException: Failed to write chunk 115816896921600009_chunk_2 into block conID: 9 locID: 115816896921600009 bcsId: 2 replicaIndex: null on the pipeline Pipeline{ Id: f182326e-4933-482b-ba7e-d4d9e1afa3fc, Nodes: [ {73892b45-0ad3-4392-8d09-ab2d1cd7ede4(localhost/127.0.0.1), ReplicaIndex: 0}, {edffad61-d5a0-4c2f-abd3-1d848b9782f9(localhost/127.0.0.1), ReplicaIndex: 0}, {262265f8-b6b0-4173-8249-6c4ff56c562c(localhost/127.0.0.1), ReplicaIndex: 0},], ReplicationConfig: RATIS/THREE, State:OPEN, leaderId:edffad61-d5a0-4c2f-abd3-1d848b9782f9, CreationTimestamp2025-07-15T19:44:35.784Z[Etc/UTC]}. The last committed block length is 5, uncommitted data length is 10 retry count 0
2025-07-15 19:46:28,636 [5109dbd0-88b3-4954-9428-6522438831f5@group-EF23C56BE139-StateMachineUpdater] INFO  ratis.ContainerStateMachine (ContainerStateMachine.java:takeSnapshot(427)) - group-EF23C56BE139: Taking a snapshot at:(t:1, i:3) file /home/runner/work/ozone/ozone/hadoop-ozone/integration-test/target/test-dir/MiniOzoneClusterImpl-7a2c00ee-15e1-4921-aa6b-526c14ec89d8/ozone-meta/datanode-3/ratis/99512eb3-7304-45c7-bdfb-ef23c56be139/sm/snapshot.1_3
2025-07-15 19:46:28,641 [5109dbd0-88b3-4954-9428-6522438831f5@group-EF23C56BE139-StateMachineUpdater] INFO  ratis.ContainerStateMachine (ContainerStateMachine.java:takeSnapshot(436)) - group-EF23C56BE139: Finished taking a snapshot at:(t:1, i:3) file:/home/runner/work/ozone/ozone/hadoop-ozone/integration-test/target/test-dir/MiniOzoneClusterImpl-7a2c00ee-15e1-4921-aa6b-526c14ec89d8/ozone-meta/datanode-3/ratis/99512eb3-7304-45c7-bdfb-ef23c56be139/sm/snapshot.1_3 took: 4 ms
2025-07-15 19:46:28,641 [5109dbd0-88b3-4954-9428-6522438831f5@group-EF23C56BE139-StateMachineUpdater] INFO  impl.StateMachineUpdater (StateMachineUpdater.java:takeSnapshot(307)) - 5109dbd0-88b3-4954-9428-6522438831f5@group-EF23C56BE139-StateMachineUpdater: Took a snapshot at index 3
2025-07-15 19:46:28,641 [5109dbd0-88b3-4954-9428-6522438831f5@group-EF23C56BE139-StateMachineUpdater] INFO  impl.StateMachineUpdater (StateMachineUpdater.java:lambda$new$0(101)) - 5109dbd0-88b3-4954-9428-6522438831f5@group-EF23C56BE139-StateMachineUpdater: snapshotIndex: updateIncreasingly 0 -> 3
2025-07-15 19:46:28,643 [cd936fa6-15d5-4ef8-867a-01454d889292@group-EF23C56BE139-StateMachineUpdater] INFO  ratis.ContainerStateMachine (ContainerStateMachine.java:takeSnapshot(427)) - group-EF23C56BE139: Taking a snapshot at:(t:1, i:2) file /home/runner/work/ozone/ozone/hadoop-ozone/integration-test/target/test-dir/MiniOzoneClusterImpl-7a2c00ee-15e1-4921-aa6b-526c14ec89d8/ozone-meta/datanode-1/ratis/99512eb3-7304-45c7-bdfb-ef23c56be139/sm/snapshot.1_2
2025-07-15 19:46:28,644 [cd936fa6-15d5-4ef8-867a-01454d889292@group-EF23C56BE139-StateMachineUpdater] INFO  ratis.ContainerStateMachine (ContainerStateMachine.java:takeSnapshot(436)) - group-EF23C56BE139: Finished taking a snapshot at:(t:1, i:2) file:/home/runner/work/ozone/ozone/hadoop-ozone/integration-test/target/test-dir/MiniOzoneClusterImpl-7a2c00ee-15e1-4921-aa6b-526c14ec89d8/ozone-meta/datanode-1/ratis/99512eb3-7304-45c7-bdfb-ef23c56be139/sm/snapshot.1_2 took: 2 ms
2025-07-15 19:46:28,644 [cd936fa6-15d5-4ef8-867a-01454d889292@group-EF23C56BE139-StateMachineUpdater] INFO  impl.StateMachineUpdater (StateMachineUpdater.java:takeSnapshot(307)) - cd936fa6-15d5-4ef8-867a-01454d889292@group-EF23C56BE139-StateMachineUpdater: Took a snapshot at index 2
2025-07-15 19:46:28,645 [cd936fa6-15d5-4ef8-867a-01454d889292@group-EF23C56BE139-StateMachineUpdater] INFO  impl.StateMachineUpdater (StateMachineUpdater.java:lambda$new$0(101)) - cd936fa6-15d5-4ef8-867a-01454d889292@group-EF23C56BE139-StateMachineUpdater: snapshotIndex: updateIncreasingly 0 -> 2
2025-07-15 19:46:28,646 [main] INFO  io.BlockOutputStreamEntry (BlockOutputStreamEntry.java:writeOnRetry(192)) - BlockOutputStreamEntry:ratis2 conID: 10 locID: 115816896921600010 bcsId: 0 replicaIndex: null: Finish retrying with len 10, currentPosition 10
2025-07-15 19:46:28,646 [main] INFO  io.BlockOutputStreamEntry (BlockOutputStreamEntry.java:finishRetryHandling(141)) - BlockOutputStreamEntry:ratis2 conID: 10 locID: 115816896921600010 bcsId: 0 replicaIndex: null: Exiting retry handling mode
2025-07-15 19:46:28,651 [cd936fa6-15d5-4ef8-867a-01454d889292@group-EF23C56BE139-StateMachineUpdater] INFO  ratis.ContainerStateMachine (ContainerStateMachine.java:takeSnapshot(427)) - group-EF23C56BE139: Taking a snapshot at:(t:1, i:3) file /home/runner/work/ozone/ozone/hadoop-ozone/integration-test/target/test-dir/MiniOzoneClusterImpl-7a2c00ee-15e1-4921-aa6b-526c14ec89d8/ozone-meta/datanode-1/ratis/99512eb3-7304-45c7-bdfb-ef23c56be139/sm/snapshot.1_3
2025-07-15 19:46:28,656 [5109dbd0-88b3-4954-9428-6522438831f5@group-EF23C56BE139-StateMachineUpdater] INFO  ratis.ContainerStateMachine (ContainerStateMachine.java:takeSnapshot(427)) - group-EF23C56BE139: Taking a snapshot at:(t:1, i:5) file /home/runner/work/ozone/ozone/hadoop-ozone/integration-test/target/test-dir/MiniOzoneClusterImpl-7a2c00ee-15e1-4921-aa6b-526c14ec89d8/ozone-meta/datanode-3/ratis/99512eb3-7304-45c7-bdfb-ef23c56be139/sm/snapshot.1_5
2025-07-15 19:46:28,656 [cd936fa6-15d5-4ef8-867a-01454d889292@group-EF23C56BE139-StateMachineUpdater] INFO  ratis.ContainerStateMachine (ContainerStateMachine.java:takeSnapshot(436)) - group-EF23C56BE139: Finished taking a snapshot at:(t:1, i:3) file:/home/runner/work/ozone/ozone/hadoop-ozone/integration-test/target/test-dir/MiniOzoneClusterImpl-7a2c00ee-15e1-4921-aa6b-526c14ec89d8/ozone-meta/datanode-1/ratis/99512eb3-7304-45c7-bdfb-ef23c56be139/sm/snapshot.1_3 took: 5 ms
2025-07-15 19:46:28,656 [cd936fa6-15d5-4ef8-867a-01454d889292@group-EF23C56BE139-StateMachineUpdater] INFO  impl.StateMachineUpdater (StateMachineUpdater.java:takeSnapshot(307)) - cd936fa6-15d5-4ef8-867a-01454d889292@group-EF23C56BE139-StateMachineUpdater: Took a snapshot at index 3
2025-07-15 19:46:28,656 [cd936fa6-15d5-4ef8-867a-01454d889292@group-EF23C56BE139-StateMachineUpdater] INFO  impl.StateMachineUpdater (StateMachineUpdater.java:lambda$new$0(101)) - cd936fa6-15d5-4ef8-867a-01454d889292@group-EF23C56BE139-StateMachineUpdater: snapshotIndex: updateIncreasingly 2 -> 3
2025-07-15 19:46:28,658 [5109dbd0-88b3-4954-9428-6522438831f5@group-EF23C56BE139-StateMachineUpdater] INFO  ratis.ContainerStateMachine (ContainerStateMachine.java:takeSnapshot(436)) - group-EF23C56BE139: Finished taking a snapshot at:(t:1, i:5) file:/home/runner/work/ozone/ozone/hadoop-ozone/integration-test/target/test-dir/MiniOzoneClusterImpl-7a2c00ee-15e1-4921-aa6b-526c14ec89d8/ozone-meta/datanode-3/ratis/99512eb3-7304-45c7-bdfb-ef23c56be139/sm/snapshot.1_5 took: 2 ms
2025-07-15 19:46:28,659 [e96bea54-5ec2-4bc1-91ca-a280b757147d@group-EF23C56BE139-StateMachineUpdater] INFO  ratis.ContainerStateMachine (ContainerStateMachine.java:takeSnapshot(427)) - group-EF23C56BE139: Taking a snapshot at:(t:1, i:4) file /home/runner/work/ozone/ozone/hadoop-ozone/integration-test/target/test-dir/MiniOzoneClusterImpl-7a2c00ee-15e1-4921-aa6b-526c14ec89d8/ozone-meta/datanode-2/ratis/99512eb3-7304-45c7-bdfb-ef23c56be139/sm/snapshot.1_4
2025-07-15 19:46:28,661 [5109dbd0-88b3-4954-9428-6522438831f5@group-EF23C56BE139-StateMachineUpdater] INFO  impl.StateMachineUpdater (StateMachineUpdater.java:takeSnapshot(307)) - 5109dbd0-88b3-4954-9428-6522438831f5@group-EF23C56BE139-StateMachineUpdater: Took a snapshot at index 5
2025-07-15 19:46:28,661 [5109dbd0-88b3-4954-9428-6522438831f5@group-EF23C56BE139-StateMachineUpdater] INFO  impl.StateMachineUpdater (StateMachineUpdater.java:lambda$new$0(101)) - 5109dbd0-88b3-4954-9428-6522438831f5@group-EF23C56BE139-StateMachineUpdater: snapshotIndex: updateIncreasingly 3 -> 5
2025-07-15 19:46:28,664 [e96bea54-5ec2-4bc1-91ca-a280b757147d@group-EF23C56BE139-StateMachineUpdater] INFO  ratis.ContainerStateMachine (ContainerStateMachine.java:takeSnapshot(436)) - group-EF23C56BE139: Finished taking a snapshot at:(t:1, i:4) file:/home/runner/work/ozone/ozone/hadoop-ozone/integration-test/target/test-dir/MiniOzoneClusterImpl-7a2c00ee-15e1-4921-aa6b-526c14ec89d8/ozone-meta/datanode-2/ratis/99512eb3-7304-45c7-bdfb-ef23c56be139/sm/snapshot.1_4 took: 5 ms
2025-07-15 19:46:28,664 [e96bea54-5ec2-4bc1-91ca-a280b757147d@group-EF23C56BE139-StateMachineUpdater] INFO  impl.StateMachineUpdater (StateMachineUpdater.java:takeSnapshot(307)) - e96bea54-5ec2-4bc1-91ca-a280b757147d@group-EF23C56BE139-StateMachineUpdater: Took a snapshot at index 4
2025-07-15 19:46:28,664 [e96bea54-5ec2-4bc1-91ca-a280b757147d@group-EF23C56BE139-StateMachineUpdater] INFO  impl.StateMachineUpdater (StateMachineUpdater.java:lambda$new$0(101)) - e96bea54-5ec2-4bc1-91ca-a280b757147d@group-EF23C56BE139-StateMachineUpdater: snapshotIndex: updateIncreasingly 0 -> 4
2025-07-15 19:46:28,666 [e96bea54-5ec2-4bc1-91ca-a280b757147d@group-EF23C56BE139-StateMachineUpdater] INFO  ratis.ContainerStateMachine (ContainerStateMachine.java:takeSnapshot(427)) - group-EF23C56BE139: Taking a snapshot at:(t:1, i:5) file /home/runner/work/ozone/ozone/hadoop-ozone/integration-test/target/test-dir/MiniOzoneClusterImpl-7a2c00ee-15e1-4921-aa6b-526c14ec89d8/ozone-meta/datanode-2/ratis/99512eb3-7304-45c7-bdfb-ef23c56be139/sm/snapshot.1_5
2025-07-15 19:46:28,667 [cd936fa6-15d5-4ef8-867a-01454d889292@group-EF23C56BE139-StateMachineUpdater] INFO  ratis.ContainerStateMachine (ContainerStateMachine.java:takeSnapshot(427)) - group-EF23C56BE139: Taking a snapshot at:(t:1, i:7) file /home/runner/work/ozone/ozone/hadoop-ozone/integration-test/target/test-dir/MiniOzoneClusterImpl-7a2c00ee-15e1-4921-aa6b-526c14ec89d8/ozone-meta/datanode-1/ratis/99512eb3-7304-45c7-bdfb-ef23c56be139/sm/snapshot.1_7
2025-07-15 19:46:28,668 [e96bea54-5ec2-4bc1-91ca-a280b757147d@group-EF23C56BE139-StateMachineUpdater] INFO  ratis.ContainerStateMachine (ContainerStateMachine.java:takeSnapshot(436)) - group-EF23C56BE139: Finished taking a snapshot at:(t:1, i:5) file:/home/runner/work/ozone/ozone/hadoop-ozone/integration-test/target/test-dir/MiniOzoneClusterImpl-7a2c00ee-15e1-4921-aa6b-526c14ec89d8/ozone-meta/datanode-2/ratis/99512eb3-7304-45c7-bdfb-ef23c56be139/sm/snapshot.1_5 took: 1 ms
2025-07-15 19:46:28,669 [e96bea54-5ec2-4bc1-91ca-a280b757147d@group-EF23C56BE139-StateMachineUpdater] INFO  impl.StateMachineUpdater (StateMachineUpdater.java:takeSnapshot(307)) - e96bea54-5ec2-4bc1-91ca-a280b757147d@group-EF23C56BE139-StateMachineUpdater: Took a snapshot at index 5
2025-07-15 19:46:28,669 [e96bea54-5ec2-4bc1-91ca-a280b757147d@group-EF23C56BE139-StateMachineUpdater] INFO  impl.StateMachineUpdater (StateMachineUpdater.java:lambda$new$0(101)) - e96bea54-5ec2-4bc1-91ca-a280b757147d@group-EF23C56BE139-StateMachineUpdater: snapshotIndex: updateIncreasingly 4 -> 5
2025-07-15 19:46:28,669 [e96bea54-5ec2-4bc1-91ca-a280b757147d@group-EF23C56BE139-StateMachineUpdater] INFO  ratis.ContainerStateMachine (ContainerStateMachine.java:takeSnapshot(427)) - group-EF23C56BE139: Taking a snapshot at:(t:1, i:7) file /home/runner/work/ozone/ozone/hadoop-ozone/integration-test/target/test-dir/MiniOzoneClusterImpl-7a2c00ee-15e1-4921-aa6b-526c14ec89d8/ozone-meta/datanode-2/ratis/99512eb3-7304-45c7-bdfb-ef23c56be139/sm/snapshot.1_7
2025-07-15 19:46:28,670 [cd936fa6-15d5-4ef8-867a-01454d889292@group-EF23C56BE139-StateMachineUpdater] INFO  ratis.ContainerStateMachine (ContainerStateMachine.java:takeSnapshot(436)) - group-EF23C56BE139: Finished taking a snapshot at:(t:1, i:7) file:/home/runner/work/ozone/ozone/hadoop-ozone/integration-test/target/test-dir/MiniOzoneClusterImpl-7a2c00ee-15e1-4921-aa6b-526c14ec89d8/ozone-meta/datanode-1/ratis/99512eb3-7304-45c7-bdfb-ef23c56be139/sm/snapshot.1_7 took: 3 ms
2025-07-15 19:46:28,671 [cd936fa6-15d5-4ef8-867a-01454d889292@group-EF23C56BE139-StateMachineUpdater] INFO  impl.StateMachineUpdater (StateMachineUpdater.java:takeSnapshot(307)) - cd936fa6-15d5-4ef8-867a-01454d889292@group-EF23C56BE139-StateMachineUpdater: Took a snapshot at index 7
2025-07-15 19:46:28,671 [cd936fa6-15d5-4ef8-867a-01454d889292@group-EF23C56BE139-StateMachineUpdater] INFO  impl.StateMachineUpdater (StateMachineUpdater.java:lambda$new$0(101)) - cd936fa6-15d5-4ef8-867a-01454d889292@group-EF23C56BE139-StateMachineUpdater: snapshotIndex: updateIncreasingly 3 -> 7
2025-07-15 19:46:28,671 [5109dbd0-88b3-4954-9428-6522438831f5@group-EF23C56BE139-StateMachineUpdater] INFO  ratis.ContainerStateMachine (ContainerStateMachine.java:takeSnapshot(427)) - group-EF23C56BE139: Taking a snapshot at:(t:1, i:7) file /home/runner/work/ozone/ozone/hadoop-ozone/integration-test/target/test-dir/MiniOzoneClusterImpl-7a2c00ee-15e1-4921-aa6b-526c14ec89d8/ozone-meta/datanode-3/ratis/99512eb3-7304-45c7-bdfb-ef23c56be139/sm/snapshot.1_7
2025-07-15 19:46:28,671 [e96bea54-5ec2-4bc1-91ca-a280b757147d@group-EF23C56BE139-StateMachineUpdater] INFO  ratis.ContainerStateMachine (ContainerStateMachine.java:takeSnapshot(436)) - group-EF23C56BE139: Finished taking a snapshot at:(t:1, i:7) file:/home/runner/work/ozone/ozone/hadoop-ozone/integration-test/target/test-dir/MiniOzoneClusterImpl-7a2c00ee-15e1-4921-aa6b-526c14ec89d8/ozone-meta/datanode-2/ratis/99512eb3-7304-45c7-bdfb-ef23c56be139/sm/snapshot.1_7 took: 2 ms
2025-07-15 19:46:28,671 [e96bea54-5ec2-4bc1-91ca-a280b757147d@group-EF23C56BE139-StateMachineUpdater] INFO  impl.StateMachineUpdater (StateMachineUpdater.java:takeSnapshot(307)) - e96bea54-5ec2-4bc1-91ca-a280b757147d@group-EF23C56BE139-StateMachineUpdater: Took a snapshot at index 7
2025-07-15 19:46:28,671 [e96bea54-5ec2-4bc1-91ca-a280b757147d@group-EF23C56BE139-StateMachineUpdater] INFO  impl.StateMachineUpdater (StateMachineUpdater.java:lambda$new$0(101)) - e96bea54-5ec2-4bc1-91ca-a280b757147d@group-EF23C56BE139-StateMachineUpdater: snapshotIndex: updateIncreasingly 5 -> 7
2025-07-15 19:46:28,672 [5109dbd0-88b3-4954-9428-6522438831f5@group-EF23C56BE139-StateMachineUpdater] INFO  ratis.ContainerStateMachine (ContainerStateMachine.java:takeSnapshot(436)) - group-EF23C56BE139: Finished taking a snapshot at:(t:1, i:7) file:/home/runner/work/ozone/ozone/hadoop-ozone/integration-test/target/test-dir/MiniOzoneClusterImpl-7a2c00ee-15e1-4921-aa6b-526c14ec89d8/ozone-meta/datanode-3/ratis/99512eb3-7304-45c7-bdfb-ef23c56be139/sm/snapshot.1_7 took: 1 ms
2025-07-15 19:46:28,673 [5109dbd0-88b3-4954-9428-6522438831f5@group-EF23C56BE139-StateMachineUpdater] INFO  impl.StateMachineUpdater (StateMachineUpdater.java:takeSnapshot(307)) - 5109dbd0-88b3-4954-9428-6522438831f5@group-EF23C56BE139-StateMachineUpdater: Took a snapshot at index 7
2025-07-15 19:46:28,673 [5109dbd0-88b3-4954-9428-6522438831f5@group-EF23C56BE139-StateMachineUpdater] INFO  impl.StateMachineUpdater (StateMachineUpdater.java:lambda$new$0(101)) - 5109dbd0-88b3-4954-9428-6522438831f5@group-EF23C56BE139-StateMachineUpdater: snapshotIndex: updateIncreasingly 5 -> 7
2025-07-15 19:46:28,673 [5109dbd0-88b3-4954-9428-6522438831f5@group-EF23C56BE139-StateMachineUpdater] INFO  ratis.ContainerStateMachine (ContainerStateMachine.java:takeSnapshot(427)) - group-EF23C56BE139: Taking a snapshot at:(t:1, i:9) file /home/runner/work/ozone/ozone/hadoop-ozone/integration-test/target/test-dir/MiniOzoneClusterImpl-7a2c00ee-15e1-4921-aa6b-526c14ec89d8/ozone-meta/datanode-3/ratis/99512eb3-7304-45c7-bdfb-ef23c56be139/sm/snapshot.1_9
2025-07-15 19:46:28,675 [5109dbd0-88b3-4954-9428-6522438831f5@group-EF23C56BE139-StateMachineUpdater] INFO  ratis.ContainerStateMachine (ContainerStateMachine.java:takeSnapshot(436)) - group-EF23C56BE139: Finished taking a snapshot at:(t:1, i:9) file:/home/runner/work/ozone/ozone/hadoop-ozone/integration-test/target/test-dir/MiniOzoneClusterImpl-7a2c00ee-15e1-4921-aa6b-526c14ec89d8/ozone-meta/datanode-3/ratis/99512eb3-7304-45c7-bdfb-ef23c56be139/sm/snapshot.1_9 took: 2 ms
2025-07-15 19:46:28,675 [5109dbd0-88b3-4954-9428-6522438831f5@group-EF23C56BE139-StateMachineUpdater] INFO  impl.StateMachineUpdater (StateMachineUpdater.java:takeSnapshot(307)) - 5109dbd0-88b3-4954-9428-6522438831f5@group-EF23C56BE139-StateMachineUpdater: Took a snapshot at index 9
2025-07-15 19:46:28,675 [5109dbd0-88b3-4954-9428-6522438831f5@group-EF23C56BE139-StateMachineUpdater] INFO  impl.StateMachineUpdater (StateMachineUpdater.java:lambda$new$0(101)) - 5109dbd0-88b3-4954-9428-6522438831f5@group-EF23C56BE139-StateMachineUpdater: snapshotIndex: updateIncreasingly 7 -> 9
]]></system-out>
  </testcase>
</testsuite>