<?xml version="1.0" encoding="UTF-8"?>
<testsuite xmlns:xsi="http://www.w3.org/2001/XMLSchema-instance" xsi:noNamespaceSchemaLocation="https://maven.apache.org/surefire/maven-surefire-plugin/xsd/surefire-test-report.xsd" name="org.apache.hadoop.ozone.scm.node.TestDecommissionAndMaintenance" time="440.693" tests="11" errors="0" skipped="0" failures="1">
  <properties>
    <property name="awt.toolkit" value="sun.awt.X11.XToolkit"/>
    <property name="file.encoding.pkg" value="sun.io"/>
    <property name="java.specification.version" value="1.8"/>
    <property name="sun.cpu.isalist" value=""/>
    <property name="sun.jnu.encoding" value="ANSI_X3.4-1968"/>
    <property name="java.class.path" value="/github/workspace/mnt/ozone/hadoop-ozone/integration-test/target/test-classes:/github/workspace/mnt/ozone/hadoop-ozone/integration-test/target/classes:/home/user/.m2/repository/org/apache/hadoop/hadoop-ozone-common/1.1.0-SNAPSHOT/hadoop-ozone-common-1.1.0-SNAPSHOT.jar:/home/user/.m2/repository/org/apache/commons/commons-compress/1.4.1/commons-compress-1.4.1.jar:/home/user/.m2/repository/org/tukaani/xz/1.0/xz-1.0.jar:/home/user/.m2/repository/org/apache/hadoop/hadoop-hdds-common/1.1.0-SNAPSHOT/hadoop-hdds-common-1.1.0-SNAPSHOT.jar:/home/user/.m2/repository/org/apache/hadoop/hadoop-hdds-client/1.1.0-SNAPSHOT/hadoop-hdds-client-1.1.0-SNAPSHOT.jar:/home/user/.m2/repository/org/apache/hadoop/hadoop-ozone-interface-client/1.1.0-SNAPSHOT/hadoop-ozone-interface-client-1.1.0-SNAPSHOT.jar:/home/user/.m2/repository/org/apache/hadoop/hadoop-hdds-test-utils/1.1.0-SNAPSHOT/hadoop-hdds-test-utils-1.1.0-SNAPSHOT.jar:/home/user/.m2/repository/com/google/guava/guava/28.2-jre/guava-28.2-jre.jar:/home/user/.m2/repository/com/google/guava/failureaccess/1.0.1/failureaccess-1.0.1.jar:/home/user/.m2/repository/com/google/guava/listenablefuture/9999.0-empty-to-avoid-conflict-with-guava/listenablefuture-9999.0-empty-to-avoid-conflict-with-guava.jar:/home/user/.m2/repository/com/google/code/findbugs/jsr305/3.0.0/jsr305-3.0.0.jar:/home/user/.m2/repository/org/checkerframework/checker-qual/2.10.0/checker-qual-2.10.0.jar:/home/user/.m2/repository/com/google/errorprone/error_prone_annotations/2.2.0/error_prone_annotations-2.2.0.jar:/home/user/.m2/repository/com/google/j2objc/j2objc-annotations/1.3/j2objc-annotations-1.3.jar:/home/user/.m2/repository/commons-io/commons-io/2.5/commons-io-2.5.jar:/home/user/.m2/repository/commons-logging/commons-logging/1.2/commons-logging-1.2.jar:/home/user/.m2/repository/log4j/log4j/1.2.17/log4j-1.2.17.jar:/home/user/.m2/repository/org/slf4j/slf4j-api/1.7.30/slf4j-api-1.7.30.jar:/home/user/.m2/repository/org/apache/hadoop/hadoop-hdds-server-scm/1.1.0-SNAPSHOT/hadoop-hdds-server-scm-1.1.0-SNAPSHOT.jar:/home/user/.m2/repository/org/apache/hadoop/hadoop-hdds-container-service/1.1.0-SNAPSHOT/hadoop-hdds-container-service-1.1.0-SNAPSHOT.jar:/home/user/.m2/repository/org/apache/hadoop/hadoop-hdds-hadoop-dependency-server/1.1.0-SNAPSHOT/hadoop-hdds-hadoop-dependency-server-1.1.0-SNAPSHOT.jar:/home/user/.m2/repository/org/apache/hadoop/hadoop-hdfs/3.2.1/hadoop-hdfs-3.2.1.jar:/home/user/.m2/repository/org/apache/hadoop/hadoop-hdds-server-framework/1.1.0-SNAPSHOT/hadoop-hdds-server-framework-1.1.0-SNAPSHOT.jar:/home/user/.m2/repository/org/apache/hadoop/hadoop-hdds-interface-server/1.1.0-SNAPSHOT/hadoop-hdds-interface-server-1.1.0-SNAPSHOT.jar:/home/user/.m2/repository/org/apache/hadoop/hadoop-hdds-interface-admin/1.1.0-SNAPSHOT/hadoop-hdds-interface-admin-1.1.0-SNAPSHOT.jar:/home/user/.m2/repository/org/eclipse/jetty/jetty-servlet/9.4.34.v20201102/jetty-servlet-9.4.34.v20201102.jar:/home/user/.m2/repository/org/eclipse/jetty/jetty-security/9.4.34.v20201102/jetty-security-9.4.34.v20201102.jar:/home/user/.m2/repository/org/rocksdb/rocksdbjni/6.8.1/rocksdbjni-6.8.1.jar:/home/user/.m2/repository/io/prometheus/simpleclient_dropwizard/0.7.0/simpleclient_dropwizard-0.7.0.jar:/home/user/.m2/repository/io/prometheus/simpleclient/0.7.0/simpleclient-0.7.0.jar:/home/user/.m2/repository/io/prometheus/simpleclient_common/0.7.0/simpleclient_common-0.7.0.jar:/home/user/.m2/repository/com/fasterxml/jackson/datatype/jackson-datatype-jsr310/2.10.3/jackson-datatype-jsr310-2.10.3.jar:/home/user/.m2/repository/io/dropwizard/metrics/metrics-core/3.2.4/metrics-core-3.2.4.jar:/home/user/.m2/repository/org/apache/hadoop/hadoop-hdfs-client/3.2.1/hadoop-hdfs-client-3.2.1.jar:/home/user/.m2/repository/org/bouncycastle/bcprov-jdk15on/1.60/bcprov-jdk15on-1.60.jar:/home/user/.m2/repository/org/apache/hadoop/hadoop-ozone-ozone-manager/1.1.0-SNAPSHOT/hadoop-ozone-ozone-manager-1.1.0-SNAPSHOT.jar:/home/user/.m2/repository/org/apache/hadoop/hadoop-hdds-interface-client/1.1.0-SNAPSHOT/hadoop-hdds-interface-client-1.1.0-SNAPSHOT.jar:/home/user/.m2/repository/org/apache/ratis/ratis-thirdparty-misc/0.6.0-SNAPSHOT/ratis-thirdparty-misc-0.6.0-SNAPSHOT.jar:/home/user/.m2/repository/org/apache/hadoop/hadoop-ozone-interface-storage/1.1.0-SNAPSHOT/hadoop-ozone-interface-storage-1.1.0-SNAPSHOT.jar:/home/user/.m2/repository/org/apache/hadoop/hadoop-minikdc/3.2.1/hadoop-minikdc-3.2.1.jar:/home/user/.m2/repository/org/apache/kerby/kerb-simplekdc/1.0.1/kerb-simplekdc-1.0.1.jar:/home/user/.m2/repository/org/apache/kerby/kerb-client/1.0.1/kerb-client-1.0.1.jar:/home/user/.m2/repository/org/apache/kerby/kerby-config/1.0.1/kerby-config-1.0.1.jar:/home/user/.m2/repository/org/apache/kerby/kerb-core/1.0.1/kerb-core-1.0.1.jar:/home/user/.m2/repository/org/apache/kerby/kerby-pkix/1.0.1/kerby-pkix-1.0.1.jar:/home/user/.m2/repository/org/apache/kerby/kerby-asn1/1.0.1/kerby-asn1-1.0.1.jar:/home/user/.m2/repository/org/apache/kerby/kerby-util/1.0.1/kerby-util-1.0.1.jar:/home/user/.m2/repository/org/apache/kerby/kerb-common/1.0.1/kerb-common-1.0.1.jar:/home/user/.m2/repository/org/apache/kerby/kerb-crypto/1.0.1/kerb-crypto-1.0.1.jar:/home/user/.m2/repository/org/apache/kerby/kerb-util/1.0.1/kerb-util-1.0.1.jar:/home/user/.m2/repository/org/apache/kerby/token-provider/1.0.1/token-provider-1.0.1.jar:/home/user/.m2/repository/org/apache/kerby/kerb-admin/1.0.1/kerb-admin-1.0.1.jar:/home/user/.m2/repository/org/apache/kerby/kerb-server/1.0.1/kerb-server-1.0.1.jar:/home/user/.m2/repository/org/apache/kerby/kerb-identity/1.0.1/kerb-identity-1.0.1.jar:/home/user/.m2/repository/org/apache/kerby/kerby-xdr/1.0.1/kerby-xdr-1.0.1.jar:/home/user/.m2/repository/org/slf4j/slf4j-log4j12/1.7.30/slf4j-log4j12-1.7.30.jar:/home/user/.m2/repository/org/apache/hadoop/hadoop-ozone-s3gateway/1.1.0-SNAPSHOT/hadoop-ozone-s3gateway-1.1.0-SNAPSHOT.jar:/home/user/.m2/repository/org/jboss/weld/servlet/weld-servlet/2.4.7.Final/weld-servlet-2.4.7.Final.jar:/home/user/.m2/repository/org/glassfish/jersey/containers/jersey-container-servlet-core/2.27/jersey-container-servlet-core-2.27.jar:/home/user/.m2/repository/org/glassfish/hk2/external/javax.inject/2.5.0-b42/javax.inject-2.5.0-b42.jar:/home/user/.m2/repository/org/glassfish/jersey/core/jersey-common/2.27/jersey-common-2.27.jar:/home/user/.m2/repository/org/glassfish/hk2/osgi-resource-locator/1.0.1/osgi-resource-locator-1.0.1.jar:/home/user/.m2/repository/javax/ws/rs/javax.ws.rs-api/2.1/javax.ws.rs-api-2.1.jar:/home/user/.m2/repository/org/glassfish/jersey/ext/cdi/jersey-cdi1x/2.27/jersey-cdi1x-2.27.jar:/home/user/.m2/repository/org/glassfish/jersey/inject/jersey-hk2/2.27/jersey-hk2-2.27.jar:/home/user/.m2/repository/org/glassfish/hk2/hk2-locator/2.5.0-b42/hk2-locator-2.5.0-b42.jar:/home/user/.m2/repository/org/javassist/javassist/3.22.0-CR2/javassist-3.22.0-CR2.jar:/home/user/.m2/repository/org/glassfish/hk2/hk2-api/2.5.0/hk2-api-2.5.0.jar:/home/user/.m2/repository/org/glassfish/hk2/external/jakarta.inject/2.5.0/jakarta.inject-2.5.0.jar:/home/user/.m2/repository/org/glassfish/hk2/hk2-utils/2.5.0/hk2-utils-2.5.0.jar:/home/user/.m2/repository/jakarta/annotation/jakarta.annotation-api/1.3.4/jakarta.annotation-api-1.3.4.jar:/home/user/.m2/repository/org/glassfish/hk2/external/aopalliance-repackaged/2.5.0/aopalliance-repackaged-2.5.0.jar:/home/user/.m2/repository/com/fasterxml/jackson/dataformat/jackson-dataformat-xml/2.10.3/jackson-dataformat-xml-2.10.3.jar:/home/user/.m2/repository/com/fasterxml/jackson/core/jackson-core/2.10.3/jackson-core-2.10.3.jar:/home/user/.m2/repository/com/fasterxml/jackson/module/jackson-module-jaxb-annotations/2.10.3/jackson-module-jaxb-annotations-2.10.3.jar:/home/user/.m2/repository/jakarta/xml/bind/jakarta.xml.bind-api/2.3.2/jakarta.xml.bind-api-2.3.2.jar:/home/user/.m2/repository/jakarta/activation/jakarta.activation-api/1.2.1/jakarta.activation-api-1.2.1.jar:/home/user/.m2/repository/org/codehaus/woodstox/stax2-api/3.1.4/stax2-api-3.1.4.jar:/home/user/.m2/repository/com/fasterxml/woodstox/woodstox-core/5.0.3/woodstox-core-5.0.3.jar:/home/user/.m2/repository/javax/enterprise/cdi-api/1.2/cdi-api-1.2.jar:/home/user/.m2/repository/javax/el/javax.el-api/3.0.0/javax.el-api-3.0.0.jar:/home/user/.m2/repository/javax/interceptor/javax.interceptor-api/1.2/javax.interceptor-api-1.2.jar:/home/user/.m2/repository/javax/inject/javax.inject/1/javax.inject-1.jar:/home/user/.m2/repository/com/sun/xml/bind/jaxb-impl/2.3.0.1/jaxb-impl-2.3.0.1.jar:/home/user/.m2/repository/com/sun/xml/bind/jaxb-core/2.3.0.1/jaxb-core-2.3.0.1.jar:/home/user/.m2/repository/javax/xml/bind/jaxb-api/2.3.0/jaxb-api-2.3.0.jar:/home/user/.m2/repository/javax/activation/activation/1.1.1/activation-1.1.1.jar:/home/user/.m2/repository/org/apache/hadoop/hadoop-ozone-csi/1.1.0-SNAPSHOT/hadoop-ozone-csi-1.1.0-SNAPSHOT.jar:/home/user/.m2/repository/com/google/protobuf/protobuf-java-util/3.11.0/protobuf-java-util-3.11.0.jar:/home/user/.m2/repository/com/google/code/gson/gson/2.2.4/gson-2.2.4.jar:/home/user/.m2/repository/org/apache/hadoop/hadoop-hdds-config/1.1.0-SNAPSHOT/hadoop-hdds-config-1.1.0-SNAPSHOT.jar:/home/user/.m2/repository/com/google/protobuf/protobuf-java/2.5.0/protobuf-java-2.5.0.jar:/home/user/.m2/repository/io/grpc/grpc-netty/1.29.0/grpc-netty-1.29.0.jar:/home/user/.m2/repository/io/grpc/grpc-core/1.29.0/grpc-core-1.29.0.jar:/home/user/.m2/repository/com/google/android/annotations/4.1.1.4/annotations-4.1.1.4.jar:/home/user/.m2/repository/io/perfmark/perfmark-api/0.19.0/perfmark-api-0.19.0.jar:/home/user/.m2/repository/io/netty/netty-codec-http2/4.1.48.Final/netty-codec-http2-4.1.48.Final.jar:/home/user/.m2/repository/io/netty/netty-codec/4.1.48.Final/netty-codec-4.1.48.Final.jar:/home/user/.m2/repository/io/netty/netty-handler/4.1.48.Final/netty-handler-4.1.48.Final.jar:/home/user/.m2/repository/io/netty/netty-codec-http/4.1.48.Final/netty-codec-http-4.1.48.Final.jar:/home/user/.m2/repository/io/netty/netty-handler-proxy/4.1.48.Final/netty-handler-proxy-4.1.48.Final.jar:/home/user/.m2/repository/io/netty/netty-codec-socks/4.1.48.Final/netty-codec-socks-4.1.48.Final.jar:/home/user/.m2/repository/io/netty/netty-transport-native-epoll/4.1.48.Final/netty-transport-native-epoll-4.1.48.Final.jar:/home/user/.m2/repository/io/netty/netty-common/4.1.48.Final/netty-common-4.1.48.Final.jar:/home/user/.m2/repository/io/netty/netty-buffer/4.1.48.Final/netty-buffer-4.1.48.Final.jar:/home/user/.m2/repository/io/netty/netty-transport/4.1.48.Final/netty-transport-4.1.48.Final.jar:/home/user/.m2/repository/io/netty/netty-resolver/4.1.48.Final/netty-resolver-4.1.48.Final.jar:/home/user/.m2/repository/io/netty/netty-transport-native-unix-common/4.1.48.Final/netty-transport-native-unix-common-4.1.48.Final.jar:/home/user/.m2/repository/io/grpc/grpc-protobuf/1.29.0/grpc-protobuf-1.29.0.jar:/home/user/.m2/repository/io/grpc/grpc-api/1.29.0/grpc-api-1.29.0.jar:/home/user/.m2/repository/io/grpc/grpc-context/1.29.0/grpc-context-1.29.0.jar:/home/user/.m2/repository/org/codehaus/mojo/animal-sniffer-annotations/1.18/animal-sniffer-annotations-1.18.jar:/home/user/.m2/repository/com/google/api/grpc/proto-google-common-protos/1.17.0/proto-google-common-protos-1.17.0.jar:/home/user/.m2/repository/io/grpc/grpc-protobuf-lite/1.29.0/grpc-protobuf-lite-1.29.0.jar:/home/user/.m2/repository/io/grpc/grpc-stub/1.29.0/grpc-stub-1.29.0.jar:/home/user/.m2/repository/org/apache/hadoop/hadoop-ozone-recon/1.1.0-SNAPSHOT/hadoop-ozone-recon-1.1.0-SNAPSHOT.jar:/home/user/.m2/repository/org/apache/hadoop/hadoop-ozone-reconcodegen/1.1.0-SNAPSHOT/hadoop-ozone-reconcodegen-1.1.0-SNAPSHOT.jar:/home/user/.m2/repository/com/google/inject/extensions/guice-multibindings/4.0/guice-multibindings-4.0.jar:/home/user/.m2/repository/com/google/inject/guice/4.0/guice-4.0.jar:/home/user/.m2/repository/aopalliance/aopalliance/1.0/aopalliance-1.0.jar:/home/user/.m2/repository/com/google/inject/extensions/guice-assistedinject/4.0/guice-assistedinject-4.0.jar:/home/user/.m2/repository/com/google/inject/extensions/guice-servlet/4.0/guice-servlet-4.0.jar:/home/user/.m2/repository/org/glassfish/jersey/containers/jersey-container-servlet/2.27/jersey-container-servlet-2.27.jar:/home/user/.m2/repository/org/glassfish/hk2/guice-bridge/2.5.0/guice-bridge-2.5.0.jar:/home/user/.m2/repository/org/glassfish/jersey/core/jersey-server/2.27/jersey-server-2.27.jar:/home/user/.m2/repository/org/glassfish/jersey/core/jersey-client/2.27/jersey-client-2.27.jar:/home/user/.m2/repository/org/glassfish/jersey/media/jersey-media-jaxb/2.27/jersey-media-jaxb-2.27.jar:/home/user/.m2/repository/javax/validation/validation-api/1.1.0.Final/validation-api-1.1.0.Final.jar:/home/user/.m2/repository/org/glassfish/jersey/media/jersey-media-json-jackson/2.27/jersey-media-json-jackson-2.27.jar:/home/user/.m2/repository/org/glassfish/jersey/ext/jersey-entity-filtering/2.27/jersey-entity-filtering-2.27.jar:/home/user/.m2/repository/org/jooq/jooq/3.11.10/jooq-3.11.10.jar:/home/user/.m2/repository/org/jooq/jooq-meta/3.11.10/jooq-meta-3.11.10.jar:/home/user/.m2/repository/org/jooq/jooq-codegen/3.11.10/jooq-codegen-3.11.10.jar:/home/user/.m2/repository/com/jolbox/bonecp/0.8.0.RELEASE/bonecp-0.8.0.RELEASE.jar:/home/user/.m2/repository/org/apache/derby/derby/10.14.2.0/derby-10.14.2.0.jar:/home/user/.m2/repository/org/xerial/sqlite-jdbc/3.25.2/sqlite-jdbc-3.25.2.jar:/home/user/.m2/repository/org/springframework/spring-jdbc/5.2.11.RELEASE/spring-jdbc-5.2.11.RELEASE.jar:/home/user/.m2/repository/org/springframework/spring-beans/5.2.11.RELEASE/spring-beans-5.2.11.RELEASE.jar:/home/user/.m2/repository/org/springframework/spring-core/5.2.11.RELEASE/spring-core-5.2.11.RELEASE.jar:/home/user/.m2/repository/org/springframework/spring-jcl/5.2.11.RELEASE/spring-jcl-5.2.11.RELEASE.jar:/home/user/.m2/repository/org/springframework/spring-tx/5.2.11.RELEASE/spring-tx-5.2.11.RELEASE.jar:/home/user/.m2/repository/org/apache/hadoop/hadoop-ozone-client/1.1.0-SNAPSHOT/hadoop-ozone-client-1.1.0-SNAPSHOT.jar:/home/user/.m2/repository/org/apache/hadoop/hadoop-ozone-filesystem/1.1.0-SNAPSHOT/hadoop-ozone-filesystem-1.1.0-SNAPSHOT.jar:/home/user/.m2/repository/org/apache/hadoop/hadoop-ozone-filesystem-common/1.1.0-SNAPSHOT/hadoop-ozone-filesystem-common-1.1.0-SNAPSHOT.jar:/home/user/.m2/repository/org/apache/hadoop/hadoop-ozone-tools/1.1.0-SNAPSHOT/hadoop-ozone-tools-1.1.0-SNAPSHOT.jar:/home/user/.m2/repository/org/apache/ratis/ratis-tools/1.1.0-913f5a4-SNAPSHOT/ratis-tools-1.1.0-913f5a4-SNAPSHOT.jar:/home/user/.m2/repository/org/apache/ratis/ratis-proto/1.1.0-913f5a4-SNAPSHOT/ratis-proto-1.1.0-913f5a4-SNAPSHOT.jar:/home/user/.m2/repository/org/apache/ratis/ratis-common/1.1.0-913f5a4-SNAPSHOT/ratis-common-1.1.0-913f5a4-SNAPSHOT.jar:/home/user/.m2/repository/com/amazonaws/aws-java-sdk-core/1.11.901/aws-java-sdk-core-1.11.901.jar:/home/user/.m2/repository/org/apache/httpcomponents/httpclient/4.5.13/httpclient-4.5.13.jar:/home/user/.m2/repository/org/apache/httpcomponents/httpcore/4.4.13/httpcore-4.4.13.jar:/home/user/.m2/repository/software/amazon/ion/ion-java/1.0.2/ion-java-1.0.2.jar:/home/user/.m2/repository/com/fasterxml/jackson/dataformat/jackson-dataformat-cbor/2.10.3/jackson-dataformat-cbor-2.10.3.jar:/home/user/.m2/repository/joda-time/joda-time/2.8.1/joda-time-2.8.1.jar:/home/user/.m2/repository/com/amazonaws/aws-java-sdk-s3/1.11.901/aws-java-sdk-s3-1.11.901.jar:/home/user/.m2/repository/com/amazonaws/aws-java-sdk-kms/1.11.901/aws-java-sdk-kms-1.11.901.jar:/home/user/.m2/repository/com/amazonaws/jmespath-java/1.11.901/jmespath-java-1.11.901.jar:/home/user/.m2/repository/org/kohsuke/metainf-services/metainf-services/1.8/metainf-services-1.8.jar:/home/user/.m2/repository/org/apache/hadoop/hadoop-hdds-tools/1.1.0-SNAPSHOT/hadoop-hdds-tools-1.1.0-SNAPSHOT.jar:/home/user/.m2/repository/commons-cli/commons-cli/1.2/commons-cli-1.2.jar:/home/user/.m2/repository/org/apache/commons/commons-lang3/3.7/commons-lang3-3.7.jar:/home/user/.m2/repository/org/apache/hadoop/hadoop-ozone-ozone-manager/1.1.0-SNAPSHOT/hadoop-ozone-ozone-manager-1.1.0-SNAPSHOT-tests.jar:/home/user/.m2/repository/org/apache/hadoop/hadoop-hdds-common/1.1.0-SNAPSHOT/hadoop-hdds-common-1.1.0-SNAPSHOT-tests.jar:/home/user/.m2/repository/org/apache/hadoop/hadoop-hdds-hadoop-dependency-client/1.1.0-SNAPSHOT/hadoop-hdds-hadoop-dependency-client-1.1.0-SNAPSHOT.jar:/home/user/.m2/repository/info/picocli/picocli/4.4.0/picocli-4.4.0.jar:/home/user/.m2/repository/com/fasterxml/jackson/core/jackson-annotations/2.10.3/jackson-annotations-2.10.3.jar:/home/user/.m2/repository/javax/annotation/javax.annotation-api/1.2/javax.annotation-api-1.2.jar:/home/user/.m2/repository/org/fusesource/leveldbjni/leveldbjni-all/1.8/leveldbjni-all-1.8.jar:/home/user/.m2/repository/org/apache/ratis/ratis-server/1.1.0-913f5a4-SNAPSHOT/ratis-server-1.1.0-913f5a4-SNAPSHOT.jar:/home/user/.m2/repository/org/apache/ratis/ratis-client/1.1.0-913f5a4-SNAPSHOT/ratis-client-1.1.0-913f5a4-SNAPSHOT.jar:/home/user/.m2/repository/org/apache/ratis/ratis-metrics/1.1.0-913f5a4-SNAPSHOT/ratis-metrics-1.1.0-913f5a4-SNAPSHOT.jar:/home/user/.m2/repository/org/apache/ratis/ratis-netty/1.1.0-913f5a4-SNAPSHOT/ratis-netty-1.1.0-913f5a4-SNAPSHOT.jar:/home/user/.m2/repository/org/apache/ratis/ratis-grpc/1.1.0-913f5a4-SNAPSHOT/ratis-grpc-1.1.0-913f5a4-SNAPSHOT.jar:/home/user/.m2/repository/org/apache/logging/log4j/log4j-api/2.13.3/log4j-api-2.13.3.jar:/home/user/.m2/repository/org/apache/logging/log4j/log4j-core/2.13.3/log4j-core-2.13.3.jar:/home/user/.m2/repository/com/lmax/disruptor/3.4.2/disruptor-3.4.2.jar:/home/user/.m2/repository/org/apache/commons/commons-pool2/2.6.0/commons-pool2-2.6.0.jar:/home/user/.m2/repository/org/bouncycastle/bcpkix-jdk15on/1.60/bcpkix-jdk15on-1.60.jar:/home/user/.m2/repository/commons-validator/commons-validator/1.6/commons-validator-1.6.jar:/home/user/.m2/repository/commons-beanutils/commons-beanutils/1.9.4/commons-beanutils-1.9.4.jar:/home/user/.m2/repository/commons-digester/commons-digester/1.8.1/commons-digester-1.8.1.jar:/home/user/.m2/repository/commons-collections/commons-collections/3.2.2/commons-collections-3.2.2.jar:/home/user/.m2/repository/io/jaegertracing/jaeger-client/1.2.0/jaeger-client-1.2.0.jar:/home/user/.m2/repository/io/jaegertracing/jaeger-thrift/1.2.0/jaeger-thrift-1.2.0.jar:/home/user/.m2/repository/org/apache/thrift/libthrift/0.13.0/libthrift-0.13.0.jar:/home/user/.m2/repository/com/squareup/okhttp3/okhttp/4.2.2/okhttp-4.2.2.jar:/home/user/.m2/repository/com/squareup/okio/okio/2.2.2/okio-2.2.2.jar:/home/user/.m2/repository/org/jetbrains/kotlin/kotlin-stdlib/1.3.50/kotlin-stdlib-1.3.50.jar:/home/user/.m2/repository/org/jetbrains/kotlin/kotlin-stdlib-common/1.3.50/kotlin-stdlib-common-1.3.50.jar:/home/user/.m2/repository/org/jetbrains/annotations/13.0/annotations-13.0.jar:/home/user/.m2/repository/io/jaegertracing/jaeger-core/1.2.0/jaeger-core-1.2.0.jar:/home/user/.m2/repository/io/jaegertracing/jaeger-tracerresolver/1.2.0/jaeger-tracerresolver-1.2.0.jar:/home/user/.m2/repository/io/opentracing/contrib/opentracing-tracerresolver/0.1.8/opentracing-tracerresolver-0.1.8.jar:/home/user/.m2/repository/io/opentracing/opentracing-util/0.33.0/opentracing-util-0.33.0.jar:/home/user/.m2/repository/io/opentracing/opentracing-api/0.33.0/opentracing-api-0.33.0.jar:/home/user/.m2/repository/io/opentracing/opentracing-noop/0.33.0/opentracing-noop-0.33.0.jar:/home/user/.m2/repository/org/yaml/snakeyaml/1.26/snakeyaml-1.26.jar:/home/user/.m2/repository/junit/junit/4.11/junit-4.11.jar:/home/user/.m2/repository/org/hamcrest/hamcrest-core/1.3/hamcrest-core-1.3.jar:/home/user/.m2/repository/org/openjdk/jmh/jmh-core/1.19/jmh-core-1.19.jar:/home/user/.m2/repository/net/sf/jopt-simple/jopt-simple/4.6/jopt-simple-4.6.jar:/home/user/.m2/repository/org/apache/commons/commons-math3/3.1.1/commons-math3-3.1.1.jar:/home/user/.m2/repository/org/openjdk/jmh/jmh-generator-annprocess/1.19/jmh-generator-annprocess-1.19.jar:/home/user/.m2/repository/org/mockito/mockito-all/1.8.5/mockito-all-1.8.5.jar:/home/user/.m2/repository/org/apache/hadoop/hadoop-kms/3.2.1/hadoop-kms-3.2.1.jar:/home/user/.m2/repository/org/apache/hadoop/hadoop-auth/3.2.1/hadoop-auth-3.2.1.jar:/home/user/.m2/repository/com/nimbusds/nimbus-jose-jwt/7.9/nimbus-jose-jwt-7.9.jar:/home/user/.m2/repository/com/github/stephenc/jcip/jcip-annotations/1.0-1/jcip-annotations-1.0-1.jar:/home/user/.m2/repository/net/minidev/json-smart/2.3/json-smart-2.3.jar:/home/user/.m2/repository/net/minidev/accessors-smart/1.2/accessors-smart-1.2.jar:/home/user/.m2/repository/org/ow2/asm/asm/5.0.4/asm-5.0.4.jar:/home/user/.m2/repository/org/apache/zookeeper/zookeeper/3.4.13/zookeeper-3.4.13.jar:/home/user/.m2/repository/org/apache/yetus/audience-annotations/0.5.0/audience-annotations-0.5.0.jar:/home/user/.m2/repository/org/apache/curator/curator-framework/2.13.0/curator-framework-2.13.0.jar:/home/user/.m2/repository/com/sun/jersey/jersey-core/1.19/jersey-core-1.19.jar:/home/user/.m2/repository/javax/ws/rs/jsr311-api/1.1.1/jsr311-api-1.1.1.jar:/home/user/.m2/repository/com/sun/jersey/jersey-server/1.19/jersey-server-1.19.jar:/home/user/.m2/repository/javax/servlet/javax.servlet-api/3.1.0/javax.servlet-api-3.1.0.jar:/home/user/.m2/repository/org/eclipse/jetty/jetty-server/9.4.34.v20201102/jetty-server-9.4.34.v20201102.jar:/home/user/.m2/repository/org/eclipse/jetty/jetty-http/9.4.34.v20201102/jetty-http-9.4.34.v20201102.jar:/home/user/.m2/repository/org/eclipse/jetty/jetty-io/9.4.34.v20201102/jetty-io-9.4.34.v20201102.jar:/home/user/.m2/repository/org/eclipse/jetty/jetty-webapp/9.4.34.v20201102/jetty-webapp-9.4.34.v20201102.jar:/home/user/.m2/repository/org/eclipse/jetty/jetty-xml/9.4.34.v20201102/jetty-xml-9.4.34.v20201102.jar:/home/user/.m2/repository/org/apache/hadoop/hadoop-common/3.2.1/hadoop-common-3.2.1.jar:/home/user/.m2/repository/commons-net/commons-net/3.6/commons-net-3.6.jar:/home/user/.m2/repository/com/sun/jersey/jersey-servlet/1.19/jersey-servlet-1.19.jar:/home/user/.m2/repository/com/sun/jersey/jersey-json/1.19/jersey-json-1.19.jar:/home/user/.m2/repository/org/codehaus/jettison/jettison/1.1/jettison-1.1.jar:/home/user/.m2/repository/org/codehaus/jackson/jackson-jaxrs/1.9.2/jackson-jaxrs-1.9.2.jar:/home/user/.m2/repository/org/codehaus/jackson/jackson-xc/1.9.2/jackson-xc-1.9.2.jar:/home/user/.m2/repository/org/apache/commons/commons-configuration2/2.1.1/commons-configuration2-2.1.1.jar:/home/user/.m2/repository/org/apache/commons/commons-text/1.4/commons-text-1.4.jar:/home/user/.m2/repository/com/google/re2j/re2j/1.1/re2j-1.1.jar:/home/user/.m2/repository/com/jcraft/jsch/0.1.54/jsch-0.1.54.jar:/home/user/.m2/repository/org/apache/curator/curator-client/2.13.0/curator-client-2.13.0.jar:/home/user/.m2/repository/org/apache/curator/curator-recipes/2.13.0/curator-recipes-2.13.0.jar:/home/user/.m2/repository/dnsjava/dnsjava/2.1.7/dnsjava-2.1.7.jar:/home/user/.m2/repository/org/slf4j/jul-to-slf4j/1.7.30/jul-to-slf4j-1.7.30.jar:/home/user/.m2/repository/org/eclipse/jetty/jetty-util/9.4.34.v20201102/jetty-util-9.4.34.v20201102.jar:/home/user/.m2/repository/com/fasterxml/jackson/core/jackson-databind/2.10.3/jackson-databind-2.10.3.jar:/home/user/.m2/repository/org/apache/hadoop/hadoop-kms/3.2.1/hadoop-kms-3.2.1-tests.jar:/home/user/.m2/repository/org/apache/hadoop/hadoop-hdds-server-scm/1.1.0-SNAPSHOT/hadoop-hdds-server-scm-1.1.0-SNAPSHOT-tests.jar:/home/user/.m2/repository/org/apache/hadoop/hadoop-hdds-container-service/1.1.0-SNAPSHOT/hadoop-hdds-container-service-1.1.0-SNAPSHOT-tests.jar:/home/user/.m2/repository/commons-codec/commons-codec/1.11/commons-codec-1.11.jar:/home/user/.m2/repository/org/apache/hadoop/hadoop-hdds-hadoop-dependency-test/1.1.0-SNAPSHOT/hadoop-hdds-hadoop-dependency-test-1.1.0-SNAPSHOT.jar:/home/user/.m2/repository/org/apache/hadoop/hadoop-common/3.2.1/hadoop-common-3.2.1-tests.jar:/home/user/.m2/repository/org/apache/hadoop/hadoop-hdfs/3.2.1/hadoop-hdfs-3.2.1-tests.jar:/home/user/.m2/repository/org/eclipse/jetty/jetty-util-ajax/9.4.34.v20201102/jetty-util-ajax-9.4.34.v20201102.jar:/home/user/.m2/repository/commons-daemon/commons-daemon/1.0.13/commons-daemon-1.0.13.jar:/home/user/.m2/repository/io/netty/netty/3.10.5.Final/netty-3.10.5.Final.jar:/home/user/.m2/repository/io/netty/netty-all/4.1.48.Final/netty-all-4.1.48.Final.jar:/home/user/.m2/repository/org/apache/htrace/htrace-core4/4.1.0-incubating/htrace-core4-4.1.0-incubating.jar:/home/user/.m2/repository/org/apache/hadoop/hadoop-distcp/3.2.1/hadoop-distcp-3.2.1.jar:/home/user/.m2/repository/org/apache/hadoop/hadoop-mapreduce-client-jobclient/3.2.1/hadoop-mapreduce-client-jobclient-3.2.1.jar:/home/user/.m2/repository/org/apache/hadoop/hadoop-mapreduce-client-common/3.2.1/hadoop-mapreduce-client-common-3.2.1.jar:/home/user/.m2/repository/org/apache/hadoop/hadoop-yarn-common/3.2.1/hadoop-yarn-common-3.2.1.jar:/home/user/.m2/repository/org/apache/hadoop/hadoop-yarn-api/3.2.1/hadoop-yarn-api-3.2.1.jar:/home/user/.m2/repository/com/sun/jersey/jersey-client/1.19/jersey-client-1.19.jar:/home/user/.m2/repository/com/sun/jersey/contribs/jersey-guice/1.19/jersey-guice-1.19.jar:/home/user/.m2/repository/com/fasterxml/jackson/jaxrs/jackson-jaxrs-json-provider/2.10.3/jackson-jaxrs-json-provider-2.10.3.jar:/home/user/.m2/repository/com/fasterxml/jackson/jaxrs/jackson-jaxrs-base/2.10.3/jackson-jaxrs-base-2.10.3.jar:/home/user/.m2/repository/org/apache/hadoop/hadoop-yarn-client/3.2.1/hadoop-yarn-client-3.2.1.jar:/home/user/.m2/repository/org/apache/hadoop/hadoop-mapreduce-client-core/3.2.1/hadoop-mapreduce-client-core-3.2.1.jar:/home/user/.m2/repository/org/apache/avro/avro/1.7.7/avro-1.7.7.jar:/home/user/.m2/repository/org/codehaus/jackson/jackson-core-asl/1.9.13/jackson-core-asl-1.9.13.jar:/home/user/.m2/repository/org/codehaus/jackson/jackson-mapper-asl/1.9.13/jackson-mapper-asl-1.9.13.jar:/home/user/.m2/repository/com/thoughtworks/paranamer/paranamer/2.3/paranamer-2.3.jar:/home/user/.m2/repository/org/xerial/snappy/snappy-java/1.0.5/snappy-java-1.0.5.jar:/home/user/.m2/repository/org/apache/hadoop/hadoop-annotations/3.2.1/hadoop-annotations-3.2.1.jar:/usr/lib/jvm/java-1.8.0-openjdk-1.8.0.232.b09-0.el7_7.x86_64/jre/../lib/tools.jar:/home/user/.m2/repository/org/apache/hadoop/hadoop-distcp/3.2.1/hadoop-distcp-3.2.1-tests.jar:"/>
    <property name="java.vm.vendor" value="Oracle Corporation"/>
    <property name="sun.arch.data.model" value="64"/>
    <property name="test.build.dir" value="/github/workspace/mnt/ozone/hadoop-ozone/integration-test/target/test-dir"/>
    <property name="test.cache.data" value=""/>
    <property name="java.vendor.url" value="http://java.oracle.com/"/>
    <property name="user.timezone" value=""/>
    <property name="java.vm.specification.version" value="1.8"/>
    <property name="os.name" value="Linux"/>
    <property name="test.build.data" value="/github/workspace/mnt/ozone/hadoop-ozone/integration-test/target/test-dir"/>
    <property name="user.country" value="US"/>
    <property name="sun.java.launcher" value="SUN_STANDARD"/>
    <property name="sun.boot.library.path" value="/usr/lib/jvm/java-1.8.0-openjdk-1.8.0.232.b09-0.el7_7.x86_64/jre/lib/amd64"/>
    <property name="sun.java.command" value="/github/workspace/mnt/ozone/hadoop-ozone/integration-test/target/surefire/surefirebooter9129617976994015968.jar /github/workspace/mnt/ozone/hadoop-ozone/integration-test/target/surefire 2020-12-17T05-37-47_363-jvmRun1 surefire3683620682840660171tmp surefire_307438287460839059869tmp"/>
    <property name="surefire.test.class.path" value="/github/workspace/mnt/ozone/hadoop-ozone/integration-test/target/test-classes:/github/workspace/mnt/ozone/hadoop-ozone/integration-test/target/classes:/home/user/.m2/repository/org/apache/hadoop/hadoop-ozone-common/1.1.0-SNAPSHOT/hadoop-ozone-common-1.1.0-SNAPSHOT.jar:/home/user/.m2/repository/org/apache/commons/commons-compress/1.4.1/commons-compress-1.4.1.jar:/home/user/.m2/repository/org/tukaani/xz/1.0/xz-1.0.jar:/home/user/.m2/repository/org/apache/hadoop/hadoop-hdds-common/1.1.0-SNAPSHOT/hadoop-hdds-common-1.1.0-SNAPSHOT.jar:/home/user/.m2/repository/org/apache/hadoop/hadoop-hdds-client/1.1.0-SNAPSHOT/hadoop-hdds-client-1.1.0-SNAPSHOT.jar:/home/user/.m2/repository/org/apache/hadoop/hadoop-ozone-interface-client/1.1.0-SNAPSHOT/hadoop-ozone-interface-client-1.1.0-SNAPSHOT.jar:/home/user/.m2/repository/org/apache/hadoop/hadoop-hdds-test-utils/1.1.0-SNAPSHOT/hadoop-hdds-test-utils-1.1.0-SNAPSHOT.jar:/home/user/.m2/repository/com/google/guava/guava/28.2-jre/guava-28.2-jre.jar:/home/user/.m2/repository/com/google/guava/failureaccess/1.0.1/failureaccess-1.0.1.jar:/home/user/.m2/repository/com/google/guava/listenablefuture/9999.0-empty-to-avoid-conflict-with-guava/listenablefuture-9999.0-empty-to-avoid-conflict-with-guava.jar:/home/user/.m2/repository/com/google/code/findbugs/jsr305/3.0.0/jsr305-3.0.0.jar:/home/user/.m2/repository/org/checkerframework/checker-qual/2.10.0/checker-qual-2.10.0.jar:/home/user/.m2/repository/com/google/errorprone/error_prone_annotations/2.2.0/error_prone_annotations-2.2.0.jar:/home/user/.m2/repository/com/google/j2objc/j2objc-annotations/1.3/j2objc-annotations-1.3.jar:/home/user/.m2/repository/commons-io/commons-io/2.5/commons-io-2.5.jar:/home/user/.m2/repository/commons-logging/commons-logging/1.2/commons-logging-1.2.jar:/home/user/.m2/repository/log4j/log4j/1.2.17/log4j-1.2.17.jar:/home/user/.m2/repository/org/slf4j/slf4j-api/1.7.30/slf4j-api-1.7.30.jar:/home/user/.m2/repository/org/apache/hadoop/hadoop-hdds-server-scm/1.1.0-SNAPSHOT/hadoop-hdds-server-scm-1.1.0-SNAPSHOT.jar:/home/user/.m2/repository/org/apache/hadoop/hadoop-hdds-container-service/1.1.0-SNAPSHOT/hadoop-hdds-container-service-1.1.0-SNAPSHOT.jar:/home/user/.m2/repository/org/apache/hadoop/hadoop-hdds-hadoop-dependency-server/1.1.0-SNAPSHOT/hadoop-hdds-hadoop-dependency-server-1.1.0-SNAPSHOT.jar:/home/user/.m2/repository/org/apache/hadoop/hadoop-hdfs/3.2.1/hadoop-hdfs-3.2.1.jar:/home/user/.m2/repository/org/apache/hadoop/hadoop-hdds-server-framework/1.1.0-SNAPSHOT/hadoop-hdds-server-framework-1.1.0-SNAPSHOT.jar:/home/user/.m2/repository/org/apache/hadoop/hadoop-hdds-interface-server/1.1.0-SNAPSHOT/hadoop-hdds-interface-server-1.1.0-SNAPSHOT.jar:/home/user/.m2/repository/org/apache/hadoop/hadoop-hdds-interface-admin/1.1.0-SNAPSHOT/hadoop-hdds-interface-admin-1.1.0-SNAPSHOT.jar:/home/user/.m2/repository/org/eclipse/jetty/jetty-servlet/9.4.34.v20201102/jetty-servlet-9.4.34.v20201102.jar:/home/user/.m2/repository/org/eclipse/jetty/jetty-security/9.4.34.v20201102/jetty-security-9.4.34.v20201102.jar:/home/user/.m2/repository/org/rocksdb/rocksdbjni/6.8.1/rocksdbjni-6.8.1.jar:/home/user/.m2/repository/io/prometheus/simpleclient_dropwizard/0.7.0/simpleclient_dropwizard-0.7.0.jar:/home/user/.m2/repository/io/prometheus/simpleclient/0.7.0/simpleclient-0.7.0.jar:/home/user/.m2/repository/io/prometheus/simpleclient_common/0.7.0/simpleclient_common-0.7.0.jar:/home/user/.m2/repository/com/fasterxml/jackson/datatype/jackson-datatype-jsr310/2.10.3/jackson-datatype-jsr310-2.10.3.jar:/home/user/.m2/repository/io/dropwizard/metrics/metrics-core/3.2.4/metrics-core-3.2.4.jar:/home/user/.m2/repository/org/apache/hadoop/hadoop-hdfs-client/3.2.1/hadoop-hdfs-client-3.2.1.jar:/home/user/.m2/repository/org/bouncycastle/bcprov-jdk15on/1.60/bcprov-jdk15on-1.60.jar:/home/user/.m2/repository/org/apache/hadoop/hadoop-ozone-ozone-manager/1.1.0-SNAPSHOT/hadoop-ozone-ozone-manager-1.1.0-SNAPSHOT.jar:/home/user/.m2/repository/org/apache/hadoop/hadoop-hdds-interface-client/1.1.0-SNAPSHOT/hadoop-hdds-interface-client-1.1.0-SNAPSHOT.jar:/home/user/.m2/repository/org/apache/ratis/ratis-thirdparty-misc/0.6.0-SNAPSHOT/ratis-thirdparty-misc-0.6.0-SNAPSHOT.jar:/home/user/.m2/repository/org/apache/hadoop/hadoop-ozone-interface-storage/1.1.0-SNAPSHOT/hadoop-ozone-interface-storage-1.1.0-SNAPSHOT.jar:/home/user/.m2/repository/org/apache/hadoop/hadoop-minikdc/3.2.1/hadoop-minikdc-3.2.1.jar:/home/user/.m2/repository/org/apache/kerby/kerb-simplekdc/1.0.1/kerb-simplekdc-1.0.1.jar:/home/user/.m2/repository/org/apache/kerby/kerb-client/1.0.1/kerb-client-1.0.1.jar:/home/user/.m2/repository/org/apache/kerby/kerby-config/1.0.1/kerby-config-1.0.1.jar:/home/user/.m2/repository/org/apache/kerby/kerb-core/1.0.1/kerb-core-1.0.1.jar:/home/user/.m2/repository/org/apache/kerby/kerby-pkix/1.0.1/kerby-pkix-1.0.1.jar:/home/user/.m2/repository/org/apache/kerby/kerby-asn1/1.0.1/kerby-asn1-1.0.1.jar:/home/user/.m2/repository/org/apache/kerby/kerby-util/1.0.1/kerby-util-1.0.1.jar:/home/user/.m2/repository/org/apache/kerby/kerb-common/1.0.1/kerb-common-1.0.1.jar:/home/user/.m2/repository/org/apache/kerby/kerb-crypto/1.0.1/kerb-crypto-1.0.1.jar:/home/user/.m2/repository/org/apache/kerby/kerb-util/1.0.1/kerb-util-1.0.1.jar:/home/user/.m2/repository/org/apache/kerby/token-provider/1.0.1/token-provider-1.0.1.jar:/home/user/.m2/repository/org/apache/kerby/kerb-admin/1.0.1/kerb-admin-1.0.1.jar:/home/user/.m2/repository/org/apache/kerby/kerb-server/1.0.1/kerb-server-1.0.1.jar:/home/user/.m2/repository/org/apache/kerby/kerb-identity/1.0.1/kerb-identity-1.0.1.jar:/home/user/.m2/repository/org/apache/kerby/kerby-xdr/1.0.1/kerby-xdr-1.0.1.jar:/home/user/.m2/repository/org/slf4j/slf4j-log4j12/1.7.30/slf4j-log4j12-1.7.30.jar:/home/user/.m2/repository/org/apache/hadoop/hadoop-ozone-s3gateway/1.1.0-SNAPSHOT/hadoop-ozone-s3gateway-1.1.0-SNAPSHOT.jar:/home/user/.m2/repository/org/jboss/weld/servlet/weld-servlet/2.4.7.Final/weld-servlet-2.4.7.Final.jar:/home/user/.m2/repository/org/glassfish/jersey/containers/jersey-container-servlet-core/2.27/jersey-container-servlet-core-2.27.jar:/home/user/.m2/repository/org/glassfish/hk2/external/javax.inject/2.5.0-b42/javax.inject-2.5.0-b42.jar:/home/user/.m2/repository/org/glassfish/jersey/core/jersey-common/2.27/jersey-common-2.27.jar:/home/user/.m2/repository/org/glassfish/hk2/osgi-resource-locator/1.0.1/osgi-resource-locator-1.0.1.jar:/home/user/.m2/repository/javax/ws/rs/javax.ws.rs-api/2.1/javax.ws.rs-api-2.1.jar:/home/user/.m2/repository/org/glassfish/jersey/ext/cdi/jersey-cdi1x/2.27/jersey-cdi1x-2.27.jar:/home/user/.m2/repository/org/glassfish/jersey/inject/jersey-hk2/2.27/jersey-hk2-2.27.jar:/home/user/.m2/repository/org/glassfish/hk2/hk2-locator/2.5.0-b42/hk2-locator-2.5.0-b42.jar:/home/user/.m2/repository/org/javassist/javassist/3.22.0-CR2/javassist-3.22.0-CR2.jar:/home/user/.m2/repository/org/glassfish/hk2/hk2-api/2.5.0/hk2-api-2.5.0.jar:/home/user/.m2/repository/org/glassfish/hk2/external/jakarta.inject/2.5.0/jakarta.inject-2.5.0.jar:/home/user/.m2/repository/org/glassfish/hk2/hk2-utils/2.5.0/hk2-utils-2.5.0.jar:/home/user/.m2/repository/jakarta/annotation/jakarta.annotation-api/1.3.4/jakarta.annotation-api-1.3.4.jar:/home/user/.m2/repository/org/glassfish/hk2/external/aopalliance-repackaged/2.5.0/aopalliance-repackaged-2.5.0.jar:/home/user/.m2/repository/com/fasterxml/jackson/dataformat/jackson-dataformat-xml/2.10.3/jackson-dataformat-xml-2.10.3.jar:/home/user/.m2/repository/com/fasterxml/jackson/core/jackson-core/2.10.3/jackson-core-2.10.3.jar:/home/user/.m2/repository/com/fasterxml/jackson/module/jackson-module-jaxb-annotations/2.10.3/jackson-module-jaxb-annotations-2.10.3.jar:/home/user/.m2/repository/jakarta/xml/bind/jakarta.xml.bind-api/2.3.2/jakarta.xml.bind-api-2.3.2.jar:/home/user/.m2/repository/jakarta/activation/jakarta.activation-api/1.2.1/jakarta.activation-api-1.2.1.jar:/home/user/.m2/repository/org/codehaus/woodstox/stax2-api/3.1.4/stax2-api-3.1.4.jar:/home/user/.m2/repository/com/fasterxml/woodstox/woodstox-core/5.0.3/woodstox-core-5.0.3.jar:/home/user/.m2/repository/javax/enterprise/cdi-api/1.2/cdi-api-1.2.jar:/home/user/.m2/repository/javax/el/javax.el-api/3.0.0/javax.el-api-3.0.0.jar:/home/user/.m2/repository/javax/interceptor/javax.interceptor-api/1.2/javax.interceptor-api-1.2.jar:/home/user/.m2/repository/javax/inject/javax.inject/1/javax.inject-1.jar:/home/user/.m2/repository/com/sun/xml/bind/jaxb-impl/2.3.0.1/jaxb-impl-2.3.0.1.jar:/home/user/.m2/repository/com/sun/xml/bind/jaxb-core/2.3.0.1/jaxb-core-2.3.0.1.jar:/home/user/.m2/repository/javax/xml/bind/jaxb-api/2.3.0/jaxb-api-2.3.0.jar:/home/user/.m2/repository/javax/activation/activation/1.1.1/activation-1.1.1.jar:/home/user/.m2/repository/org/apache/hadoop/hadoop-ozone-csi/1.1.0-SNAPSHOT/hadoop-ozone-csi-1.1.0-SNAPSHOT.jar:/home/user/.m2/repository/com/google/protobuf/protobuf-java-util/3.11.0/protobuf-java-util-3.11.0.jar:/home/user/.m2/repository/com/google/code/gson/gson/2.2.4/gson-2.2.4.jar:/home/user/.m2/repository/org/apache/hadoop/hadoop-hdds-config/1.1.0-SNAPSHOT/hadoop-hdds-config-1.1.0-SNAPSHOT.jar:/home/user/.m2/repository/com/google/protobuf/protobuf-java/2.5.0/protobuf-java-2.5.0.jar:/home/user/.m2/repository/io/grpc/grpc-netty/1.29.0/grpc-netty-1.29.0.jar:/home/user/.m2/repository/io/grpc/grpc-core/1.29.0/grpc-core-1.29.0.jar:/home/user/.m2/repository/com/google/android/annotations/4.1.1.4/annotations-4.1.1.4.jar:/home/user/.m2/repository/io/perfmark/perfmark-api/0.19.0/perfmark-api-0.19.0.jar:/home/user/.m2/repository/io/netty/netty-codec-http2/4.1.48.Final/netty-codec-http2-4.1.48.Final.jar:/home/user/.m2/repository/io/netty/netty-codec/4.1.48.Final/netty-codec-4.1.48.Final.jar:/home/user/.m2/repository/io/netty/netty-handler/4.1.48.Final/netty-handler-4.1.48.Final.jar:/home/user/.m2/repository/io/netty/netty-codec-http/4.1.48.Final/netty-codec-http-4.1.48.Final.jar:/home/user/.m2/repository/io/netty/netty-handler-proxy/4.1.48.Final/netty-handler-proxy-4.1.48.Final.jar:/home/user/.m2/repository/io/netty/netty-codec-socks/4.1.48.Final/netty-codec-socks-4.1.48.Final.jar:/home/user/.m2/repository/io/netty/netty-transport-native-epoll/4.1.48.Final/netty-transport-native-epoll-4.1.48.Final.jar:/home/user/.m2/repository/io/netty/netty-common/4.1.48.Final/netty-common-4.1.48.Final.jar:/home/user/.m2/repository/io/netty/netty-buffer/4.1.48.Final/netty-buffer-4.1.48.Final.jar:/home/user/.m2/repository/io/netty/netty-transport/4.1.48.Final/netty-transport-4.1.48.Final.jar:/home/user/.m2/repository/io/netty/netty-resolver/4.1.48.Final/netty-resolver-4.1.48.Final.jar:/home/user/.m2/repository/io/netty/netty-transport-native-unix-common/4.1.48.Final/netty-transport-native-unix-common-4.1.48.Final.jar:/home/user/.m2/repository/io/grpc/grpc-protobuf/1.29.0/grpc-protobuf-1.29.0.jar:/home/user/.m2/repository/io/grpc/grpc-api/1.29.0/grpc-api-1.29.0.jar:/home/user/.m2/repository/io/grpc/grpc-context/1.29.0/grpc-context-1.29.0.jar:/home/user/.m2/repository/org/codehaus/mojo/animal-sniffer-annotations/1.18/animal-sniffer-annotations-1.18.jar:/home/user/.m2/repository/com/google/api/grpc/proto-google-common-protos/1.17.0/proto-google-common-protos-1.17.0.jar:/home/user/.m2/repository/io/grpc/grpc-protobuf-lite/1.29.0/grpc-protobuf-lite-1.29.0.jar:/home/user/.m2/repository/io/grpc/grpc-stub/1.29.0/grpc-stub-1.29.0.jar:/home/user/.m2/repository/org/apache/hadoop/hadoop-ozone-recon/1.1.0-SNAPSHOT/hadoop-ozone-recon-1.1.0-SNAPSHOT.jar:/home/user/.m2/repository/org/apache/hadoop/hadoop-ozone-reconcodegen/1.1.0-SNAPSHOT/hadoop-ozone-reconcodegen-1.1.0-SNAPSHOT.jar:/home/user/.m2/repository/com/google/inject/extensions/guice-multibindings/4.0/guice-multibindings-4.0.jar:/home/user/.m2/repository/com/google/inject/guice/4.0/guice-4.0.jar:/home/user/.m2/repository/aopalliance/aopalliance/1.0/aopalliance-1.0.jar:/home/user/.m2/repository/com/google/inject/extensions/guice-assistedinject/4.0/guice-assistedinject-4.0.jar:/home/user/.m2/repository/com/google/inject/extensions/guice-servlet/4.0/guice-servlet-4.0.jar:/home/user/.m2/repository/org/glassfish/jersey/containers/jersey-container-servlet/2.27/jersey-container-servlet-2.27.jar:/home/user/.m2/repository/org/glassfish/hk2/guice-bridge/2.5.0/guice-bridge-2.5.0.jar:/home/user/.m2/repository/org/glassfish/jersey/core/jersey-server/2.27/jersey-server-2.27.jar:/home/user/.m2/repository/org/glassfish/jersey/core/jersey-client/2.27/jersey-client-2.27.jar:/home/user/.m2/repository/org/glassfish/jersey/media/jersey-media-jaxb/2.27/jersey-media-jaxb-2.27.jar:/home/user/.m2/repository/javax/validation/validation-api/1.1.0.Final/validation-api-1.1.0.Final.jar:/home/user/.m2/repository/org/glassfish/jersey/media/jersey-media-json-jackson/2.27/jersey-media-json-jackson-2.27.jar:/home/user/.m2/repository/org/glassfish/jersey/ext/jersey-entity-filtering/2.27/jersey-entity-filtering-2.27.jar:/home/user/.m2/repository/org/jooq/jooq/3.11.10/jooq-3.11.10.jar:/home/user/.m2/repository/org/jooq/jooq-meta/3.11.10/jooq-meta-3.11.10.jar:/home/user/.m2/repository/org/jooq/jooq-codegen/3.11.10/jooq-codegen-3.11.10.jar:/home/user/.m2/repository/com/jolbox/bonecp/0.8.0.RELEASE/bonecp-0.8.0.RELEASE.jar:/home/user/.m2/repository/org/apache/derby/derby/10.14.2.0/derby-10.14.2.0.jar:/home/user/.m2/repository/org/xerial/sqlite-jdbc/3.25.2/sqlite-jdbc-3.25.2.jar:/home/user/.m2/repository/org/springframework/spring-jdbc/5.2.11.RELEASE/spring-jdbc-5.2.11.RELEASE.jar:/home/user/.m2/repository/org/springframework/spring-beans/5.2.11.RELEASE/spring-beans-5.2.11.RELEASE.jar:/home/user/.m2/repository/org/springframework/spring-core/5.2.11.RELEASE/spring-core-5.2.11.RELEASE.jar:/home/user/.m2/repository/org/springframework/spring-jcl/5.2.11.RELEASE/spring-jcl-5.2.11.RELEASE.jar:/home/user/.m2/repository/org/springframework/spring-tx/5.2.11.RELEASE/spring-tx-5.2.11.RELEASE.jar:/home/user/.m2/repository/org/apache/hadoop/hadoop-ozone-client/1.1.0-SNAPSHOT/hadoop-ozone-client-1.1.0-SNAPSHOT.jar:/home/user/.m2/repository/org/apache/hadoop/hadoop-ozone-filesystem/1.1.0-SNAPSHOT/hadoop-ozone-filesystem-1.1.0-SNAPSHOT.jar:/home/user/.m2/repository/org/apache/hadoop/hadoop-ozone-filesystem-common/1.1.0-SNAPSHOT/hadoop-ozone-filesystem-common-1.1.0-SNAPSHOT.jar:/home/user/.m2/repository/org/apache/hadoop/hadoop-ozone-tools/1.1.0-SNAPSHOT/hadoop-ozone-tools-1.1.0-SNAPSHOT.jar:/home/user/.m2/repository/org/apache/ratis/ratis-tools/1.1.0-913f5a4-SNAPSHOT/ratis-tools-1.1.0-913f5a4-SNAPSHOT.jar:/home/user/.m2/repository/org/apache/ratis/ratis-proto/1.1.0-913f5a4-SNAPSHOT/ratis-proto-1.1.0-913f5a4-SNAPSHOT.jar:/home/user/.m2/repository/org/apache/ratis/ratis-common/1.1.0-913f5a4-SNAPSHOT/ratis-common-1.1.0-913f5a4-SNAPSHOT.jar:/home/user/.m2/repository/com/amazonaws/aws-java-sdk-core/1.11.901/aws-java-sdk-core-1.11.901.jar:/home/user/.m2/repository/org/apache/httpcomponents/httpclient/4.5.13/httpclient-4.5.13.jar:/home/user/.m2/repository/org/apache/httpcomponents/httpcore/4.4.13/httpcore-4.4.13.jar:/home/user/.m2/repository/software/amazon/ion/ion-java/1.0.2/ion-java-1.0.2.jar:/home/user/.m2/repository/com/fasterxml/jackson/dataformat/jackson-dataformat-cbor/2.10.3/jackson-dataformat-cbor-2.10.3.jar:/home/user/.m2/repository/joda-time/joda-time/2.8.1/joda-time-2.8.1.jar:/home/user/.m2/repository/com/amazonaws/aws-java-sdk-s3/1.11.901/aws-java-sdk-s3-1.11.901.jar:/home/user/.m2/repository/com/amazonaws/aws-java-sdk-kms/1.11.901/aws-java-sdk-kms-1.11.901.jar:/home/user/.m2/repository/com/amazonaws/jmespath-java/1.11.901/jmespath-java-1.11.901.jar:/home/user/.m2/repository/org/kohsuke/metainf-services/metainf-services/1.8/metainf-services-1.8.jar:/home/user/.m2/repository/org/apache/hadoop/hadoop-hdds-tools/1.1.0-SNAPSHOT/hadoop-hdds-tools-1.1.0-SNAPSHOT.jar:/home/user/.m2/repository/commons-cli/commons-cli/1.2/commons-cli-1.2.jar:/home/user/.m2/repository/org/apache/commons/commons-lang3/3.7/commons-lang3-3.7.jar:/home/user/.m2/repository/org/apache/hadoop/hadoop-ozone-ozone-manager/1.1.0-SNAPSHOT/hadoop-ozone-ozone-manager-1.1.0-SNAPSHOT-tests.jar:/home/user/.m2/repository/org/apache/hadoop/hadoop-hdds-common/1.1.0-SNAPSHOT/hadoop-hdds-common-1.1.0-SNAPSHOT-tests.jar:/home/user/.m2/repository/org/apache/hadoop/hadoop-hdds-hadoop-dependency-client/1.1.0-SNAPSHOT/hadoop-hdds-hadoop-dependency-client-1.1.0-SNAPSHOT.jar:/home/user/.m2/repository/info/picocli/picocli/4.4.0/picocli-4.4.0.jar:/home/user/.m2/repository/com/fasterxml/jackson/core/jackson-annotations/2.10.3/jackson-annotations-2.10.3.jar:/home/user/.m2/repository/javax/annotation/javax.annotation-api/1.2/javax.annotation-api-1.2.jar:/home/user/.m2/repository/org/fusesource/leveldbjni/leveldbjni-all/1.8/leveldbjni-all-1.8.jar:/home/user/.m2/repository/org/apache/ratis/ratis-server/1.1.0-913f5a4-SNAPSHOT/ratis-server-1.1.0-913f5a4-SNAPSHOT.jar:/home/user/.m2/repository/org/apache/ratis/ratis-client/1.1.0-913f5a4-SNAPSHOT/ratis-client-1.1.0-913f5a4-SNAPSHOT.jar:/home/user/.m2/repository/org/apache/ratis/ratis-metrics/1.1.0-913f5a4-SNAPSHOT/ratis-metrics-1.1.0-913f5a4-SNAPSHOT.jar:/home/user/.m2/repository/org/apache/ratis/ratis-netty/1.1.0-913f5a4-SNAPSHOT/ratis-netty-1.1.0-913f5a4-SNAPSHOT.jar:/home/user/.m2/repository/org/apache/ratis/ratis-grpc/1.1.0-913f5a4-SNAPSHOT/ratis-grpc-1.1.0-913f5a4-SNAPSHOT.jar:/home/user/.m2/repository/org/apache/logging/log4j/log4j-api/2.13.3/log4j-api-2.13.3.jar:/home/user/.m2/repository/org/apache/logging/log4j/log4j-core/2.13.3/log4j-core-2.13.3.jar:/home/user/.m2/repository/com/lmax/disruptor/3.4.2/disruptor-3.4.2.jar:/home/user/.m2/repository/org/apache/commons/commons-pool2/2.6.0/commons-pool2-2.6.0.jar:/home/user/.m2/repository/org/bouncycastle/bcpkix-jdk15on/1.60/bcpkix-jdk15on-1.60.jar:/home/user/.m2/repository/commons-validator/commons-validator/1.6/commons-validator-1.6.jar:/home/user/.m2/repository/commons-beanutils/commons-beanutils/1.9.4/commons-beanutils-1.9.4.jar:/home/user/.m2/repository/commons-digester/commons-digester/1.8.1/commons-digester-1.8.1.jar:/home/user/.m2/repository/commons-collections/commons-collections/3.2.2/commons-collections-3.2.2.jar:/home/user/.m2/repository/io/jaegertracing/jaeger-client/1.2.0/jaeger-client-1.2.0.jar:/home/user/.m2/repository/io/jaegertracing/jaeger-thrift/1.2.0/jaeger-thrift-1.2.0.jar:/home/user/.m2/repository/org/apache/thrift/libthrift/0.13.0/libthrift-0.13.0.jar:/home/user/.m2/repository/com/squareup/okhttp3/okhttp/4.2.2/okhttp-4.2.2.jar:/home/user/.m2/repository/com/squareup/okio/okio/2.2.2/okio-2.2.2.jar:/home/user/.m2/repository/org/jetbrains/kotlin/kotlin-stdlib/1.3.50/kotlin-stdlib-1.3.50.jar:/home/user/.m2/repository/org/jetbrains/kotlin/kotlin-stdlib-common/1.3.50/kotlin-stdlib-common-1.3.50.jar:/home/user/.m2/repository/org/jetbrains/annotations/13.0/annotations-13.0.jar:/home/user/.m2/repository/io/jaegertracing/jaeger-core/1.2.0/jaeger-core-1.2.0.jar:/home/user/.m2/repository/io/jaegertracing/jaeger-tracerresolver/1.2.0/jaeger-tracerresolver-1.2.0.jar:/home/user/.m2/repository/io/opentracing/contrib/opentracing-tracerresolver/0.1.8/opentracing-tracerresolver-0.1.8.jar:/home/user/.m2/repository/io/opentracing/opentracing-util/0.33.0/opentracing-util-0.33.0.jar:/home/user/.m2/repository/io/opentracing/opentracing-api/0.33.0/opentracing-api-0.33.0.jar:/home/user/.m2/repository/io/opentracing/opentracing-noop/0.33.0/opentracing-noop-0.33.0.jar:/home/user/.m2/repository/org/yaml/snakeyaml/1.26/snakeyaml-1.26.jar:/home/user/.m2/repository/junit/junit/4.11/junit-4.11.jar:/home/user/.m2/repository/org/hamcrest/hamcrest-core/1.3/hamcrest-core-1.3.jar:/home/user/.m2/repository/org/openjdk/jmh/jmh-core/1.19/jmh-core-1.19.jar:/home/user/.m2/repository/net/sf/jopt-simple/jopt-simple/4.6/jopt-simple-4.6.jar:/home/user/.m2/repository/org/apache/commons/commons-math3/3.1.1/commons-math3-3.1.1.jar:/home/user/.m2/repository/org/openjdk/jmh/jmh-generator-annprocess/1.19/jmh-generator-annprocess-1.19.jar:/home/user/.m2/repository/org/mockito/mockito-all/1.8.5/mockito-all-1.8.5.jar:/home/user/.m2/repository/org/apache/hadoop/hadoop-kms/3.2.1/hadoop-kms-3.2.1.jar:/home/user/.m2/repository/org/apache/hadoop/hadoop-auth/3.2.1/hadoop-auth-3.2.1.jar:/home/user/.m2/repository/com/nimbusds/nimbus-jose-jwt/7.9/nimbus-jose-jwt-7.9.jar:/home/user/.m2/repository/com/github/stephenc/jcip/jcip-annotations/1.0-1/jcip-annotations-1.0-1.jar:/home/user/.m2/repository/net/minidev/json-smart/2.3/json-smart-2.3.jar:/home/user/.m2/repository/net/minidev/accessors-smart/1.2/accessors-smart-1.2.jar:/home/user/.m2/repository/org/ow2/asm/asm/5.0.4/asm-5.0.4.jar:/home/user/.m2/repository/org/apache/zookeeper/zookeeper/3.4.13/zookeeper-3.4.13.jar:/home/user/.m2/repository/org/apache/yetus/audience-annotations/0.5.0/audience-annotations-0.5.0.jar:/home/user/.m2/repository/org/apache/curator/curator-framework/2.13.0/curator-framework-2.13.0.jar:/home/user/.m2/repository/com/sun/jersey/jersey-core/1.19/jersey-core-1.19.jar:/home/user/.m2/repository/javax/ws/rs/jsr311-api/1.1.1/jsr311-api-1.1.1.jar:/home/user/.m2/repository/com/sun/jersey/jersey-server/1.19/jersey-server-1.19.jar:/home/user/.m2/repository/javax/servlet/javax.servlet-api/3.1.0/javax.servlet-api-3.1.0.jar:/home/user/.m2/repository/org/eclipse/jetty/jetty-server/9.4.34.v20201102/jetty-server-9.4.34.v20201102.jar:/home/user/.m2/repository/org/eclipse/jetty/jetty-http/9.4.34.v20201102/jetty-http-9.4.34.v20201102.jar:/home/user/.m2/repository/org/eclipse/jetty/jetty-io/9.4.34.v20201102/jetty-io-9.4.34.v20201102.jar:/home/user/.m2/repository/org/eclipse/jetty/jetty-webapp/9.4.34.v20201102/jetty-webapp-9.4.34.v20201102.jar:/home/user/.m2/repository/org/eclipse/jetty/jetty-xml/9.4.34.v20201102/jetty-xml-9.4.34.v20201102.jar:/home/user/.m2/repository/org/apache/hadoop/hadoop-common/3.2.1/hadoop-common-3.2.1.jar:/home/user/.m2/repository/commons-net/commons-net/3.6/commons-net-3.6.jar:/home/user/.m2/repository/com/sun/jersey/jersey-servlet/1.19/jersey-servlet-1.19.jar:/home/user/.m2/repository/com/sun/jersey/jersey-json/1.19/jersey-json-1.19.jar:/home/user/.m2/repository/org/codehaus/jettison/jettison/1.1/jettison-1.1.jar:/home/user/.m2/repository/org/codehaus/jackson/jackson-jaxrs/1.9.2/jackson-jaxrs-1.9.2.jar:/home/user/.m2/repository/org/codehaus/jackson/jackson-xc/1.9.2/jackson-xc-1.9.2.jar:/home/user/.m2/repository/org/apache/commons/commons-configuration2/2.1.1/commons-configuration2-2.1.1.jar:/home/user/.m2/repository/org/apache/commons/commons-text/1.4/commons-text-1.4.jar:/home/user/.m2/repository/com/google/re2j/re2j/1.1/re2j-1.1.jar:/home/user/.m2/repository/com/jcraft/jsch/0.1.54/jsch-0.1.54.jar:/home/user/.m2/repository/org/apache/curator/curator-client/2.13.0/curator-client-2.13.0.jar:/home/user/.m2/repository/org/apache/curator/curator-recipes/2.13.0/curator-recipes-2.13.0.jar:/home/user/.m2/repository/dnsjava/dnsjava/2.1.7/dnsjava-2.1.7.jar:/home/user/.m2/repository/org/slf4j/jul-to-slf4j/1.7.30/jul-to-slf4j-1.7.30.jar:/home/user/.m2/repository/org/eclipse/jetty/jetty-util/9.4.34.v20201102/jetty-util-9.4.34.v20201102.jar:/home/user/.m2/repository/com/fasterxml/jackson/core/jackson-databind/2.10.3/jackson-databind-2.10.3.jar:/home/user/.m2/repository/org/apache/hadoop/hadoop-kms/3.2.1/hadoop-kms-3.2.1-tests.jar:/home/user/.m2/repository/org/apache/hadoop/hadoop-hdds-server-scm/1.1.0-SNAPSHOT/hadoop-hdds-server-scm-1.1.0-SNAPSHOT-tests.jar:/home/user/.m2/repository/org/apache/hadoop/hadoop-hdds-container-service/1.1.0-SNAPSHOT/hadoop-hdds-container-service-1.1.0-SNAPSHOT-tests.jar:/home/user/.m2/repository/commons-codec/commons-codec/1.11/commons-codec-1.11.jar:/home/user/.m2/repository/org/apache/hadoop/hadoop-hdds-hadoop-dependency-test/1.1.0-SNAPSHOT/hadoop-hdds-hadoop-dependency-test-1.1.0-SNAPSHOT.jar:/home/user/.m2/repository/org/apache/hadoop/hadoop-common/3.2.1/hadoop-common-3.2.1-tests.jar:/home/user/.m2/repository/org/apache/hadoop/hadoop-hdfs/3.2.1/hadoop-hdfs-3.2.1-tests.jar:/home/user/.m2/repository/org/eclipse/jetty/jetty-util-ajax/9.4.34.v20201102/jetty-util-ajax-9.4.34.v20201102.jar:/home/user/.m2/repository/commons-daemon/commons-daemon/1.0.13/commons-daemon-1.0.13.jar:/home/user/.m2/repository/io/netty/netty/3.10.5.Final/netty-3.10.5.Final.jar:/home/user/.m2/repository/io/netty/netty-all/4.1.48.Final/netty-all-4.1.48.Final.jar:/home/user/.m2/repository/org/apache/htrace/htrace-core4/4.1.0-incubating/htrace-core4-4.1.0-incubating.jar:/home/user/.m2/repository/org/apache/hadoop/hadoop-distcp/3.2.1/hadoop-distcp-3.2.1.jar:/home/user/.m2/repository/org/apache/hadoop/hadoop-mapreduce-client-jobclient/3.2.1/hadoop-mapreduce-client-jobclient-3.2.1.jar:/home/user/.m2/repository/org/apache/hadoop/hadoop-mapreduce-client-common/3.2.1/hadoop-mapreduce-client-common-3.2.1.jar:/home/user/.m2/repository/org/apache/hadoop/hadoop-yarn-common/3.2.1/hadoop-yarn-common-3.2.1.jar:/home/user/.m2/repository/org/apache/hadoop/hadoop-yarn-api/3.2.1/hadoop-yarn-api-3.2.1.jar:/home/user/.m2/repository/com/sun/jersey/jersey-client/1.19/jersey-client-1.19.jar:/home/user/.m2/repository/com/sun/jersey/contribs/jersey-guice/1.19/jersey-guice-1.19.jar:/home/user/.m2/repository/com/fasterxml/jackson/jaxrs/jackson-jaxrs-json-provider/2.10.3/jackson-jaxrs-json-provider-2.10.3.jar:/home/user/.m2/repository/com/fasterxml/jackson/jaxrs/jackson-jaxrs-base/2.10.3/jackson-jaxrs-base-2.10.3.jar:/home/user/.m2/repository/org/apache/hadoop/hadoop-yarn-client/3.2.1/hadoop-yarn-client-3.2.1.jar:/home/user/.m2/repository/org/apache/hadoop/hadoop-mapreduce-client-core/3.2.1/hadoop-mapreduce-client-core-3.2.1.jar:/home/user/.m2/repository/org/apache/avro/avro/1.7.7/avro-1.7.7.jar:/home/user/.m2/repository/org/codehaus/jackson/jackson-core-asl/1.9.13/jackson-core-asl-1.9.13.jar:/home/user/.m2/repository/org/codehaus/jackson/jackson-mapper-asl/1.9.13/jackson-mapper-asl-1.9.13.jar:/home/user/.m2/repository/com/thoughtworks/paranamer/paranamer/2.3/paranamer-2.3.jar:/home/user/.m2/repository/org/xerial/snappy/snappy-java/1.0.5/snappy-java-1.0.5.jar:/home/user/.m2/repository/org/apache/hadoop/hadoop-annotations/3.2.1/hadoop-annotations-3.2.1.jar:/usr/lib/jvm/java-1.8.0-openjdk-1.8.0.232.b09-0.el7_7.x86_64/jre/../lib/tools.jar:/home/user/.m2/repository/org/apache/hadoop/hadoop-distcp/3.2.1/hadoop-distcp-3.2.1-tests.jar:"/>
    <property name="sun.cpu.endian" value="little"/>
    <property name="user.home" value="/home/user"/>
    <property name="user.language" value="en"/>
    <property name="java.specification.vendor" value="Oracle Corporation"/>
    <property name="java.home" value="/usr/lib/jvm/java-1.8.0-openjdk-1.8.0.232.b09-0.el7_7.x86_64/jre"/>
    <property name="java.security.krb5.conf" value="/github/workspace/mnt/ozone/hadoop-ozone/integration-test/target/test-classes/krb5.conf"/>
    <property name="basedir" value="/github/workspace/mnt/ozone/hadoop-ozone/integration-test"/>
    <property name="file.separator" value="/"/>
    <property name="line.separator" value="&#10;"/>
    <property name="java.vm.specification.vendor" value="Oracle Corporation"/>
    <property name="java.specification.name" value="Java Platform API Specification"/>
    <property name="java.awt.graphicsenv" value="sun.awt.X11GraphicsEnvironment"/>
    <property name="skip.installnpx" value="true"/>
    <property name="surefire.real.class.path" value="/github/workspace/mnt/ozone/hadoop-ozone/integration-test/target/surefire/surefirebooter9129617976994015968.jar:/home/user/.m2/repository/org/jacoco/org.jacoco.agent/0.8.5/org.jacoco.agent-0.8.5-runtime.jar"/>
    <property name="hadoop.log.dir" value="/github/workspace/mnt/ozone/hadoop-ozone/integration-test/target/log"/>
    <property name="sun.boot.class.path" value="/usr/lib/jvm/java-1.8.0-openjdk-1.8.0.232.b09-0.el7_7.x86_64/jre/lib/resources.jar:/usr/lib/jvm/java-1.8.0-openjdk-1.8.0.232.b09-0.el7_7.x86_64/jre/lib/rt.jar:/usr/lib/jvm/java-1.8.0-openjdk-1.8.0.232.b09-0.el7_7.x86_64/jre/lib/sunrsasign.jar:/usr/lib/jvm/java-1.8.0-openjdk-1.8.0.232.b09-0.el7_7.x86_64/jre/lib/jsse.jar:/usr/lib/jvm/java-1.8.0-openjdk-1.8.0.232.b09-0.el7_7.x86_64/jre/lib/jce.jar:/usr/lib/jvm/java-1.8.0-openjdk-1.8.0.232.b09-0.el7_7.x86_64/jre/lib/charsets.jar:/usr/lib/jvm/java-1.8.0-openjdk-1.8.0.232.b09-0.el7_7.x86_64/jre/lib/jfr.jar:/usr/lib/jvm/java-1.8.0-openjdk-1.8.0.232.b09-0.el7_7.x86_64/jre/classes"/>
    <property name="sun.management.compiler" value="HotSpot 64-Bit Tiered Compilers"/>
    <property name="skip.npx" value="true"/>
    <property name="java.runtime.version" value="1.8.0_232-b09"/>
    <property name="java.net.preferIPv4Stack" value="true"/>
    <property name="user.name" value="jenkins1001"/>
    <property name="path.separator" value=":"/>
    <property name="java.security.egd" value="file:///dev/urandom"/>
    <property name="os.version" value="5.4.0-1032-azure"/>
    <property name="java.endorsed.dirs" value="/usr/lib/jvm/java-1.8.0-openjdk-1.8.0.232.b09-0.el7_7.x86_64/jre/lib/endorsed"/>
    <property name="java.runtime.name" value="OpenJDK Runtime Environment"/>
    <property name="file.encoding" value="ANSI_X3.4-1968"/>
    <property name="java.vm.name" value="OpenJDK 64-Bit Server VM"/>
    <property name="test.build.webapps" value=""/>
    <property name="localRepository" value="/home/user/.m2/repository"/>
    <property name="java.vendor.url.bug" value="http://bugreport.sun.com/bugreport/"/>
    <property name="java.io.tmpdir" value="/tmp"/>
    <property name="require.test.libhadoop" value=""/>
    <property name="java.version" value="1.8.0_232"/>
    <property name="user.dir" value="/github/workspace/mnt/ozone/hadoop-ozone/integration-test"/>
    <property name="os.arch" value="amd64"/>
    <property name="java.vm.specification.name" value="Java Virtual Machine Specification"/>
    <property name="test.build.classes" value="/github/workspace/mnt/ozone/hadoop-ozone/integration-test/target/test-classes"/>
    <property name="java.awt.printerjob" value="sun.print.PSPrinterJob"/>
    <property name="sun.os.patch.level" value="unknown"/>
    <property name="hadoop.tmp.dir" value="/github/workspace/mnt/ozone/hadoop-ozone/integration-test/target/tmp"/>
    <property name="java.library.path" value="/usr/lib:/usr/java/packages/lib/amd64:/usr/lib64:/lib64:/lib:/usr/lib"/>
    <property name="java.vm.info" value="mixed mode"/>
    <property name="java.vendor" value="Oracle Corporation"/>
    <property name="java.vm.version" value="25.232-b09"/>
    <property name="java.ext.dirs" value="/usr/lib/jvm/java-1.8.0-openjdk-1.8.0.232.b09-0.el7_7.x86_64/jre/lib/ext:/usr/java/packages/lib/ext"/>
    <property name="sun.io.unicode.encoding" value="UnicodeLittle"/>
    <property name="java.class.version" value="52.0"/>
  </properties>
  <testcase name="testStoppedMaintenanceNodeTakesScmStateOnRestart" classname="org.apache.hadoop.ozone.scm.node.TestDecommissionAndMaintenance" time="52.797"/>
  <testcase name="testContainerIsReplicatedWhenAllNodesGotoMaintenance" classname="org.apache.hadoop.ozone.scm.node.TestDecommissionAndMaintenance" time="39.785"/>
  <testcase name="testDecommissionedStateReinstatedAfterSCMRestart" classname="org.apache.hadoop.ozone.scm.node.TestDecommissionAndMaintenance" time="27.604"/>
  <testcase name="testMaintenanceEndsAutomaticallyAtTimeout" classname="org.apache.hadoop.ozone.scm.node.TestDecommissionAndMaintenance" time="57.589"/>
  <testcase name="testDecommissionedNodeCanBeRecommissioned" classname="org.apache.hadoop.ozone.scm.node.TestDecommissionAndMaintenance" time="22.394"/>
  <testcase name="testNodeWithOpenPipelineCanBeDecommissioned" classname="org.apache.hadoop.ozone.scm.node.TestDecommissionAndMaintenance" time="33.084"/>
  <testcase name="testSingleNodeWithOpenPipelineCanGotoMaintenance" classname="org.apache.hadoop.ozone.scm.node.TestDecommissionAndMaintenance" time="37.572"/>
  <testcase name="testSCMHandlesRestartForMaintenanceNode" classname="org.apache.hadoop.ozone.scm.node.TestDecommissionAndMaintenance" time="41.498"/>
  <testcase name="testStoppedDecommissionedNodeTakesSCMStateOnRestart" classname="org.apache.hadoop.ozone.scm.node.TestDecommissionAndMaintenance" time="48.675"/>
  <testcase name="testEnteringMaintenanceNodeCompletesAfterSCMRestart" classname="org.apache.hadoop.ozone.scm.node.TestDecommissionAndMaintenance" time="40.182">
    <failure message="expected:&lt;5&gt; but was:&lt;4&gt;" type="junit.framework.AssertionFailedError"><![CDATA[junit.framework.AssertionFailedError: expected:<5> but was:<4>
	at junit.framework.Assert.fail(Assert.java:57)
	at junit.framework.Assert.failNotEquals(Assert.java:329)
	at junit.framework.Assert.assertEquals(Assert.java:78)
	at junit.framework.Assert.assertEquals(Assert.java:234)
	at junit.framework.Assert.assertEquals(Assert.java:241)
	at junit.framework.TestCase.assertEquals(TestCase.java:409)
	at org.apache.hadoop.ozone.scm.node.TestDecommissionAndMaintenance.testEnteringMaintenanceNodeCompletesAfterSCMRestart(TestDecommissionAndMaintenance.java:449)
	at sun.reflect.NativeMethodAccessorImpl.invoke0(Native Method)
	at sun.reflect.NativeMethodAccessorImpl.invoke(NativeMethodAccessorImpl.java:62)
	at sun.reflect.DelegatingMethodAccessorImpl.invoke(DelegatingMethodAccessorImpl.java:43)
	at java.lang.reflect.Method.invoke(Method.java:498)
	at org.junit.runners.model.FrameworkMethod$1.runReflectiveCall(FrameworkMethod.java:47)
	at org.junit.internal.runners.model.ReflectiveCallable.run(ReflectiveCallable.java:12)
	at org.junit.runners.model.FrameworkMethod.invokeExplosively(FrameworkMethod.java:44)
	at org.junit.internal.runners.statements.InvokeMethod.evaluate(InvokeMethod.java:17)
	at org.junit.internal.runners.statements.RunBefores.evaluate(RunBefores.java:26)
	at org.junit.internal.runners.statements.RunAfters.evaluate(RunAfters.java:27)
	at org.junit.runners.ParentRunner.runLeaf(ParentRunner.java:271)
	at org.junit.runners.BlockJUnit4ClassRunner.runChild(BlockJUnit4ClassRunner.java:70)
	at org.junit.runners.BlockJUnit4ClassRunner.runChild(BlockJUnit4ClassRunner.java:50)
	at org.junit.runners.ParentRunner$3.run(ParentRunner.java:238)
	at org.junit.runners.ParentRunner$1.schedule(ParentRunner.java:63)
	at org.junit.runners.ParentRunner.runChildren(ParentRunner.java:236)
	at org.junit.runners.ParentRunner.access$000(ParentRunner.java:53)
	at org.junit.runners.ParentRunner$2.evaluate(ParentRunner.java:229)
	at org.junit.runners.ParentRunner.run(ParentRunner.java:309)
	at org.apache.maven.surefire.junit4.JUnit4Provider.execute(JUnit4Provider.java:365)
	at org.apache.maven.surefire.junit4.JUnit4Provider.executeWithRerun(JUnit4Provider.java:273)
	at org.apache.maven.surefire.junit4.JUnit4Provider.executeTestSet(JUnit4Provider.java:238)
	at org.apache.maven.surefire.junit4.JUnit4Provider.invoke(JUnit4Provider.java:159)
	at org.apache.maven.surefire.booter.ForkedBooter.invokeProviderInSameClassLoader(ForkedBooter.java:384)
	at org.apache.maven.surefire.booter.ForkedBooter.runSuitesInProcess(ForkedBooter.java:345)
	at org.apache.maven.surefire.booter.ForkedBooter.execute(ForkedBooter.java:126)
	at org.apache.maven.surefire.booter.ForkedBooter.main(ForkedBooter.java:418)
]]></failure>
    <system-out><![CDATA[2020-12-17 06:17:02,198 [Listener at 127.0.0.1/37623] WARN  server.ServerUtils (ServerUtils.java:getScmDbDir(148)) - ozone.scm.db.dirs is not configured. We recommend adding this setting. Falling back to ozone.metadata.dirs instead.
2020-12-17 06:17:02,201 [Listener at 127.0.0.1/37623] WARN  server.ServerUtils (ServerUtils.java:getScmDbDir(148)) - ozone.scm.db.dirs is not configured. We recommend adding this setting. Falling back to ozone.metadata.dirs instead.
2020-12-17 06:17:02,201 [Listener at 127.0.0.1/37623] WARN  db.DBStoreBuilder (DBStoreBuilder.java:applyDBDefinition(145)) - ozone.scm.db.dirs is not configured. We recommend adding this setting. Falling back to ozone.metadata.dirs instead.
2020-12-17 06:17:02,252 [Listener at 127.0.0.1/37623] INFO  net.NodeSchemaLoader (NodeSchemaLoader.java:loadSchemaFromFile(126)) - Loading file from sun.misc.CompoundEnumeration@5ea46e79
2020-12-17 06:17:02,252 [Listener at 127.0.0.1/37623] INFO  net.NodeSchemaLoader (NodeSchemaLoader.java:loadSchema(172)) - Loading network topology layer schema file
2020-12-17 06:17:02,255 [Listener at 127.0.0.1/37623] INFO  node.SCMNodeManager (SCMNodeManager.java:<init>(123)) - Entering startup safe mode.
2020-12-17 06:17:02,255 [Listener at 127.0.0.1/37623] INFO  algorithms.ContainerPlacementPolicyFactory (ContainerPlacementPolicyFactory.java:getPolicy(60)) - Create container placement policy of type org.apache.hadoop.hdds.scm.container.placement.algorithms.SCMContainerPlacementRandom
2020-12-17 06:17:02,255 [Listener at 127.0.0.1/37623] INFO  algorithms.LeaderChoosePolicyFactory (LeaderChoosePolicyFactory.java:getPolicy(57)) - Create leader choose policy of type org.apache.hadoop.hdds.scm.pipeline.leader.choose.algorithms.DefaultLeaderChoosePolicy
2020-12-17 06:17:02,255 [Listener at 127.0.0.1/37623] INFO  pipeline.SCMPipelineManager (SCMPipelineManager.java:initializePipelineState(161)) - No pipeline exists in current db
2020-12-17 06:17:02,255 [Listener at 127.0.0.1/37623] INFO  algorithms.PipelineChoosePolicyFactory (PipelineChoosePolicyFactory.java:createPipelineChoosePolicyFromClass(75)) - Create pipeline choose policy of type org.apache.hadoop.hdds.scm.pipeline.choose.algorithms.RandomPipelineChoosePolicy
2020-12-17 06:17:02,257 [Listener at 127.0.0.1/37623] INFO  safemode.HealthyPipelineSafeModeRule (HealthyPipelineSafeModeRule.java:<init>(89)) - Total pipeline count is 0, healthy pipeline threshold count is 0
2020-12-17 06:17:02,257 [Listener at 127.0.0.1/37623] INFO  safemode.OneReplicaPipelineSafeModeRule (OneReplicaPipelineSafeModeRule.java:<init>(84)) - Total pipeline count is 0, pipeline's with at least one datanode reported threshold count is 0
2020-12-17 06:17:02,258 [Listener at 127.0.0.1/37623] INFO  ipc.CallQueueManager (CallQueueManager.java:<init>(84)) - Using callQueue: class java.util.concurrent.LinkedBlockingQueue, queueCapacity: 2000, scheduler: class org.apache.hadoop.ipc.DefaultRpcScheduler, ipcBackoff: false.
2020-12-17 06:17:02,259 [Socket Reader #1 for port 0] INFO  ipc.Server (Server.java:run(1219)) - Starting Socket Reader #1 for port 0
2020-12-17 06:17:02,260 [Listener at 0.0.0.0/40601] INFO  ipc.CallQueueManager (CallQueueManager.java:<init>(84)) - Using callQueue: class java.util.concurrent.LinkedBlockingQueue, queueCapacity: 2000, scheduler: class org.apache.hadoop.ipc.DefaultRpcScheduler, ipcBackoff: false.
2020-12-17 06:17:02,260 [Socket Reader #1 for port 0] INFO  ipc.Server (Server.java:run(1219)) - Starting Socket Reader #1 for port 0
2020-12-17 06:17:02,269 [Listener at 0.0.0.0/42233] INFO  ipc.CallQueueManager (CallQueueManager.java:<init>(84)) - Using callQueue: class java.util.concurrent.LinkedBlockingQueue, queueCapacity: 2000, scheduler: class org.apache.hadoop.ipc.DefaultRpcScheduler, ipcBackoff: false.
2020-12-17 06:17:02,269 [Socket Reader #1 for port 0] INFO  ipc.Server (Server.java:run(1219)) - Starting Socket Reader #1 for port 0
2020-12-17 06:17:02,276 [Listener at 0.0.0.0/41535] INFO  http.BaseHttpServer (BaseHttpServer.java:newHttpServer2BuilderForOzone(207)) - Starting Web-server for scm at: http://0.0.0.0:0
2020-12-17 06:17:02,276 [Listener at 0.0.0.0/41535] INFO  http.BaseHttpServer (BaseHttpServer.java:<init>(106)) - Hadoop Security Enabled: false Ozone Security Enabled: false Ozone HTTP Security Enabled: false 
2020-12-17 06:17:02,277 [Listener at 0.0.0.0/41535] INFO  server.AuthenticationFilter (AuthenticationFilter.java:constructSecretProvider(240)) - Unable to initialize FileSignerSecretProvider, falling back to use random secrets.
2020-12-17 06:17:02,277 [Listener at 0.0.0.0/41535] WARN  http.HttpRequestLog (HttpRequestLog.java:getRequestLog(103)) - Jetty request log can only be enabled using Log4j
2020-12-17 06:17:02,278 [Listener at 0.0.0.0/41535] INFO  http.HttpServer2 (HttpServer2.java:addGlobalFilter(1020)) - Added global filter 'safety' (class=org.apache.hadoop.hdds.server.http.HttpServer2$QuotingInputFilter)
2020-12-17 06:17:02,278 [Listener at 0.0.0.0/41535] INFO  http.HttpServer2 (HttpServer2.java:addFilter(996)) - Added filter static_user_filter (class=org.apache.hadoop.http.lib.StaticUserWebFilter$StaticUserFilter) to context scm
2020-12-17 06:17:02,278 [Listener at 0.0.0.0/41535] INFO  http.HttpServer2 (HttpServer2.java:addFilter(1004)) - Added filter static_user_filter (class=org.apache.hadoop.http.lib.StaticUserWebFilter$StaticUserFilter) to context logs
2020-12-17 06:17:02,278 [Listener at 0.0.0.0/41535] INFO  http.HttpServer2 (HttpServer2.java:addFilter(1004)) - Added filter static_user_filter (class=org.apache.hadoop.http.lib.StaticUserWebFilter$StaticUserFilter) to context static
2020-12-17 06:17:02,280 [Listener at 0.0.0.0/41535] INFO  server.StorageContainerManager (StorageContainerManager.java:start(789)) - StorageContainerLocationProtocol RPC server is listening at /0.0.0.0:41535
2020-12-17 06:17:02,281 [Listener at 0.0.0.0/41535] WARN  impl.MetricsConfig (MetricsConfig.java:loadFirst(134)) - Cannot locate configuration: tried hadoop-metrics2-storagecontainermanager.properties,hadoop-metrics2.properties
2020-12-17 06:17:02,281 [Listener at 0.0.0.0/41535] INFO  impl.MetricsSystemImpl (MetricsSystemImpl.java:startTimer(374)) - Scheduled Metric snapshot period at 10 second(s).
2020-12-17 06:17:02,281 [Listener at 0.0.0.0/41535] INFO  impl.MetricsSystemImpl (MetricsSystemImpl.java:start(191)) - StorageContainerManager metrics system started
2020-12-17 06:17:02,300 [Listener at 0.0.0.0/41535] WARN  impl.MetricsSystemImpl (MetricsSystemImpl.java:register(276)) - Sink prometheus already exists!
2020-12-17 06:17:02,317 [Listener at 0.0.0.0/41535] INFO  server.SCMClientProtocolServer (SCMClientProtocolServer.java:start(159)) - RPC server for Client  is listening at /0.0.0.0:41535
2020-12-17 06:17:02,318 [IPC Server Responder] INFO  ipc.Server (Server.java:run(1460)) - IPC Server Responder: starting
2020-12-17 06:17:02,318 [IPC Server listener on 0] INFO  ipc.Server (Server.java:run(1298)) - IPC Server listener on 0: starting
2020-12-17 06:17:02,325 [Listener at 0.0.0.0/41535] INFO  server.StorageContainerManager (StorageContainerManager.java:start(801)) - ScmBlockLocationProtocol RPC server is listening at /0.0.0.0:42233
2020-12-17 06:17:02,325 [Listener at 0.0.0.0/41535] INFO  server.SCMBlockProtocolServer (SCMBlockProtocolServer.java:start(150)) - RPC server for Block Protocol is listening at /0.0.0.0:42233
2020-12-17 06:17:02,325 [IPC Server Responder] INFO  ipc.Server (Server.java:run(1460)) - IPC Server Responder: starting
2020-12-17 06:17:02,326 [IPC Server listener on 0] INFO  ipc.Server (Server.java:run(1298)) - IPC Server listener on 0: starting
2020-12-17 06:17:02,329 [Listener at 0.0.0.0/41535] INFO  server.StorageContainerManager (StorageContainerManager.java:start(807)) - ScmDatanodeProtocl RPC server is listening at /0.0.0.0:40601
2020-12-17 06:17:02,329 [Listener at 0.0.0.0/41535] INFO  server.SCMDatanodeProtocolServer (SCMDatanodeProtocolServer.java:start(174)) - RPC server for DataNodes is listening at /0.0.0.0:40601
2020-12-17 06:17:02,329 [IPC Server Responder] INFO  ipc.Server (Server.java:run(1460)) - IPC Server Responder: starting
2020-12-17 06:17:02,329 [IPC Server listener on 0] INFO  ipc.Server (Server.java:run(1298)) - IPC Server listener on 0: starting
2020-12-17 06:17:02,331 [Listener at 0.0.0.0/41535] INFO  http.HttpServer2 (HttpServer2.java:bindListener(1238)) - Jetty bound to port 36697
2020-12-17 06:17:02,331 [Listener at 0.0.0.0/41535] INFO  server.Server (Server.java:doStart(375)) - jetty-9.4.34.v20201102; built: 2020-11-02T14:15:39.302Z; git: e46af88704a893fc12cb0e3bf46e2c7b48a009e7; jvm 1.8.0_232-b09
2020-12-17 06:17:02,332 [Listener at 0.0.0.0/41535] INFO  server.session (DefaultSessionIdManager.java:doStart(334)) - DefaultSessionIdManager workerName=node0
2020-12-17 06:17:02,332 [Listener at 0.0.0.0/41535] INFO  server.session (DefaultSessionIdManager.java:doStart(339)) - No SessionScavenger set, using defaults
2020-12-17 06:17:02,332 [Listener at 0.0.0.0/41535] INFO  server.session (HouseKeeper.java:startScavenging(132)) - node0 Scavenging every 660000ms
2020-12-17 06:17:02,334 [Listener at 0.0.0.0/41535] INFO  handler.ContextHandler (ContextHandler.java:doStart(916)) - Started o.e.j.s.ServletContextHandler@20325baf{logs,/logs,file:///github/workspace/mnt/ozone/hadoop-ozone/integration-test/target/log,AVAILABLE}
2020-12-17 06:17:02,335 [Listener at 0.0.0.0/41535] INFO  handler.ContextHandler (ContextHandler.java:doStart(916)) - Started o.e.j.s.ServletContextHandler@4b52e9cc{static,/static,file:///github/workspace/mnt/ozone/hadoop-ozone/integration-test/target/test-classes/webapps/static,AVAILABLE}
2020-12-17 06:17:02,337 [Listener at 0.0.0.0/41535] INFO  handler.ContextHandler (ContextHandler.java:doStart(916)) - Started o.e.j.w.WebAppContext@3cce689c{scm,/,file:///github/workspace/mnt/ozone/hadoop-ozone/integration-test/target/test-classes/webapps/scm/,AVAILABLE}{file:/github/workspace/mnt/ozone/hadoop-ozone/integration-test/target/test-classes/webapps/scm}
2020-12-17 06:17:02,338 [Listener at 0.0.0.0/41535] INFO  server.AbstractConnector (AbstractConnector.java:doStart(331)) - Started ServerConnector@b6630a{HTTP/1.1, (http/1.1)}{0.0.0.0:36697}
2020-12-17 06:17:02,338 [Listener at 0.0.0.0/41535] INFO  server.Server (Server.java:doStart(415)) - Started @361856ms
2020-12-17 06:17:02,338 [Listener at 0.0.0.0/41535] WARN  impl.MetricsSystemImpl (MetricsSystemImpl.java:register(276)) - Sink prometheus already exists!
2020-12-17 06:17:02,342 [Listener at 0.0.0.0/41535] INFO  http.BaseHttpServer (BaseHttpServer.java:updateConnectorAddress(327)) - HTTP server of scm listening at http://0.0.0.0:36697
2020-12-17 06:17:02,342 [Listener at 0.0.0.0/41535] WARN  server.ServerUtils (ServerUtils.java:getDBPath(225)) - ozone.om.db.dirs is not configured. We recommend adding this setting. Falling back to ozone.metadata.dirs instead.
2020-12-17 06:17:02,343 [org.apache.hadoop.util.JvmPauseMonitor$Monitor@ef76bed] INFO  util.JvmPauseMonitor (JvmPauseMonitor.java:run(188)) - Starting JVM pause monitor
2020-12-17 06:17:02,345 [Listener at 0.0.0.0/41535] INFO  ha.OMHANodeDetails (OMHANodeDetails.java:loadOMHAConfig(104)) - ozone.om.internal.service.id is not defined, falling back to ozone.om.service.ids to find serviceID for OzoneManager if it is HA enabled cluster
2020-12-17 06:17:02,345 [Listener at 0.0.0.0/41535] INFO  ha.OMHANodeDetails (OMHANodeDetails.java:loadOMHAConfig(213)) - Configuration either no ozone.om.address set. Falling back to the default OM address /127.0.0.1:0
2020-12-17 06:17:02,345 [Listener at 0.0.0.0/41535] INFO  ha.OMHANodeDetails (OMHANodeDetails.java:getOMNodeDetails(241)) - OM Service ID is not set. Setting it to the default ID: omServiceIdDefault
2020-12-17 06:17:02,346 [Listener at 0.0.0.0/41535] WARN  server.ServerUtils (ServerUtils.java:getDBPath(225)) - ozone.om.db.dirs is not configured. We recommend adding this setting. Falling back to ozone.metadata.dirs instead.
2020-12-17 06:17:02,346 [Listener at 0.0.0.0/41535] WARN  server.ServerUtils (ServerUtils.java:getDBPath(225)) - ozone.om.db.dirs is not configured. We recommend adding this setting. Falling back to ozone.metadata.dirs instead.
2020-12-17 06:17:02,353 [Listener at 0.0.0.0/41535] WARN  server.ServerUtils (ServerUtils.java:getDBPath(225)) - ozone.om.db.dirs is not configured. We recommend adding this setting. Falling back to ozone.metadata.dirs instead.
2020-12-17 06:17:02,353 [Listener at 0.0.0.0/41535] INFO  codec.OmKeyInfoCodec (OmKeyInfoCodec.java:<init>(41)) - OmKeyInfoCodec ignorePipeline = true
2020-12-17 06:17:02,353 [Listener at 0.0.0.0/41535] INFO  codec.RepeatedOmKeyInfoCodec (RepeatedOmKeyInfoCodec.java:<init>(40)) - RepeatedOmKeyInfoCodec ignorePipeline = true
2020-12-17 06:17:02,443 [Listener at 0.0.0.0/41535] INFO  om.OzoneManager (OzoneManager.java:addS3GVolumeToDB(3737)) - Created Volume s3v With Owner jenkins1001 required for S3Gateway operations.
2020-12-17 06:17:02,444 [Listener at 0.0.0.0/41535] INFO  ipc.CallQueueManager (CallQueueManager.java:<init>(84)) - Using callQueue: class java.util.concurrent.LinkedBlockingQueue, queueCapacity: 2000, scheduler: class org.apache.hadoop.ipc.DefaultRpcScheduler, ipcBackoff: false.
2020-12-17 06:17:02,445 [Socket Reader #1 for port 0] INFO  ipc.Server (Server.java:run(1219)) - Starting Socket Reader #1 for port 0
2020-12-17 06:17:02,457 [Listener at 127.0.0.1/38219] INFO  impl.MetricsSystemImpl (MetricsSystemImpl.java:init(158)) - OzoneManager metrics system started (again)
2020-12-17 06:17:02,458 [Listener at 127.0.0.1/38219] INFO  om.OzoneManager (OzoneManager.java:start(1144)) - OzoneManager RPC server is listening at localhost/127.0.0.1:38219
2020-12-17 06:17:02,464 [Listener at 127.0.0.1/38219] INFO  http.BaseHttpServer (BaseHttpServer.java:newHttpServer2BuilderForOzone(207)) - Starting Web-server for ozoneManager at: http://0.0.0.0:0
2020-12-17 06:17:02,464 [Listener at 127.0.0.1/38219] INFO  http.BaseHttpServer (BaseHttpServer.java:<init>(106)) - Hadoop Security Enabled: false Ozone Security Enabled: false Ozone HTTP Security Enabled: false 
2020-12-17 06:17:02,465 [Listener at 127.0.0.1/38219] INFO  server.AuthenticationFilter (AuthenticationFilter.java:constructSecretProvider(240)) - Unable to initialize FileSignerSecretProvider, falling back to use random secrets.
2020-12-17 06:17:02,466 [Listener at 127.0.0.1/38219] WARN  http.HttpRequestLog (HttpRequestLog.java:getRequestLog(103)) - Jetty request log can only be enabled using Log4j
2020-12-17 06:17:02,466 [Listener at 127.0.0.1/38219] INFO  http.HttpServer2 (HttpServer2.java:addGlobalFilter(1020)) - Added global filter 'safety' (class=org.apache.hadoop.hdds.server.http.HttpServer2$QuotingInputFilter)
2020-12-17 06:17:02,467 [Listener at 127.0.0.1/38219] INFO  http.HttpServer2 (HttpServer2.java:addFilter(996)) - Added filter static_user_filter (class=org.apache.hadoop.http.lib.StaticUserWebFilter$StaticUserFilter) to context ozoneManager
2020-12-17 06:17:02,467 [Listener at 127.0.0.1/38219] INFO  http.HttpServer2 (HttpServer2.java:addFilter(1004)) - Added filter static_user_filter (class=org.apache.hadoop.http.lib.StaticUserWebFilter$StaticUserFilter) to context static
2020-12-17 06:17:02,467 [Listener at 127.0.0.1/38219] INFO  http.HttpServer2 (HttpServer2.java:addFilter(1004)) - Added filter static_user_filter (class=org.apache.hadoop.http.lib.StaticUserWebFilter$StaticUserFilter) to context logs
2020-12-17 06:17:02,467 [Listener at 127.0.0.1/38219] INFO  http.HttpServer2 (HttpServer2.java:bindListener(1238)) - Jetty bound to port 36009
2020-12-17 06:17:02,467 [Listener at 127.0.0.1/38219] INFO  server.Server (Server.java:doStart(375)) - jetty-9.4.34.v20201102; built: 2020-11-02T14:15:39.302Z; git: e46af88704a893fc12cb0e3bf46e2c7b48a009e7; jvm 1.8.0_232-b09
2020-12-17 06:17:02,468 [Listener at 127.0.0.1/38219] INFO  server.session (DefaultSessionIdManager.java:doStart(334)) - DefaultSessionIdManager workerName=node0
2020-12-17 06:17:02,468 [Listener at 127.0.0.1/38219] INFO  server.session (DefaultSessionIdManager.java:doStart(339)) - No SessionScavenger set, using defaults
2020-12-17 06:17:02,468 [Listener at 127.0.0.1/38219] INFO  server.session (HouseKeeper.java:startScavenging(132)) - node0 Scavenging every 660000ms
2020-12-17 06:17:02,469 [Listener at 127.0.0.1/38219] INFO  handler.ContextHandler (ContextHandler.java:doStart(916)) - Started o.e.j.s.ServletContextHandler@30ee00f6{logs,/logs,file:///github/workspace/mnt/ozone/hadoop-ozone/integration-test/target/log,AVAILABLE}
2020-12-17 06:17:02,469 [Listener at 127.0.0.1/38219] INFO  handler.ContextHandler (ContextHandler.java:doStart(916)) - Started o.e.j.s.ServletContextHandler@55e13772{static,/static,file:///github/workspace/mnt/ozone/hadoop-ozone/integration-test/target/test-classes/webapps/static,AVAILABLE}
2020-12-17 06:17:02,471 [Listener at 127.0.0.1/38219] INFO  handler.ContextHandler (ContextHandler.java:doStart(916)) - Started o.e.j.w.WebAppContext@4bc06a3e{ozoneManager,/,file:///github/workspace/mnt/ozone/hadoop-ozone/integration-test/target/test-classes/webapps/ozoneManager/,AVAILABLE}{file:/github/workspace/mnt/ozone/hadoop-ozone/integration-test/target/test-classes/webapps/ozoneManager}
2020-12-17 06:17:02,472 [Listener at 127.0.0.1/38219] INFO  server.AbstractConnector (AbstractConnector.java:doStart(331)) - Started ServerConnector@607c77f4{HTTP/1.1, (http/1.1)}{0.0.0.0:36009}
2020-12-17 06:17:02,472 [Listener at 127.0.0.1/38219] INFO  server.Server (Server.java:doStart(415)) - Started @361991ms
2020-12-17 06:17:02,472 [Listener at 127.0.0.1/38219] WARN  impl.MetricsSystemImpl (MetricsSystemImpl.java:register(276)) - Sink prometheus already exists!
2020-12-17 06:17:02,475 [Listener at 127.0.0.1/38219] INFO  http.BaseHttpServer (BaseHttpServer.java:updateConnectorAddress(327)) - HTTP server of ozoneManager listening at http://0.0.0.0:36009
2020-12-17 06:17:02,475 [IPC Server Responder] INFO  ipc.Server (Server.java:run(1460)) - IPC Server Responder: starting
2020-12-17 06:17:02,477 [IPC Server listener on 0] INFO  ipc.Server (Server.java:run(1298)) - IPC Server listener on 0: starting
2020-12-17 06:17:02,485 [Listener at 127.0.0.1/38219] INFO  om.OzoneManager (OzoneManager.java:startTrashEmptier(1265)) - Trash Interval set to 0. Files deleted will not move to trash
2020-12-17 06:17:02,486 [org.apache.hadoop.util.JvmPauseMonitor$Monitor@420da96b] INFO  util.JvmPauseMonitor (JvmPauseMonitor.java:run(188)) - Starting JVM pause monitor
2020-12-17 06:17:02,494 [Listener at 127.0.0.1/38219] INFO  impl.MetricsSystemImpl (MetricsSystemImpl.java:init(158)) - HddsDatanode metrics system started (again)
2020-12-17 06:17:02,495 [Listener at 127.0.0.1/38219] INFO  ozone.HddsDatanodeService (HddsDatanodeService.java:start(217)) - HddsDatanodeService host:647233daa2c6 ip:172.17.0.2
2020-12-17 06:17:02,496 [Listener at 127.0.0.1/38219] INFO  volume.HddsVolume (HddsVolume.java:<init>(176)) - Creating Volume: /github/workspace/mnt/ozone/hadoop-ozone/integration-test/target/test-dir/MiniOzoneClusterImpl-b9d63ab2-cea4-44c4-9857-355e5256a975/datanode-0/data-0/containers/hdds of storage type : DISK and capacity : 9223372036854775807
2020-12-17 06:17:02,496 [Listener at 127.0.0.1/38219] INFO  volume.MutableVolumeSet (MutableVolumeSet.java:initializeVolumeSet(179)) - Added Volume : /github/workspace/mnt/ozone/hadoop-ozone/integration-test/target/test-dir/MiniOzoneClusterImpl-b9d63ab2-cea4-44c4-9857-355e5256a975/datanode-0/data-0/containers/hdds to VolumeSet
2020-12-17 06:17:02,496 [Listener at 127.0.0.1/38219] INFO  volume.ThrottledAsyncChecker (ThrottledAsyncChecker.java:schedule(141)) - Scheduling a check for /github/workspace/mnt/ozone/hadoop-ozone/integration-test/target/test-dir/MiniOzoneClusterImpl-b9d63ab2-cea4-44c4-9857-355e5256a975/datanode-0/data-0/containers/hdds
2020-12-17 06:17:02,497 [Listener at 127.0.0.1/38219] INFO  volume.HddsVolumeChecker (HddsVolumeChecker.java:checkAllVolumes(200)) - Scheduled health check for volume /github/workspace/mnt/ozone/hadoop-ozone/integration-test/target/test-dir/MiniOzoneClusterImpl-b9d63ab2-cea4-44c4-9857-355e5256a975/datanode-0/data-0/containers/hdds
2020-12-17 06:17:02,507 [Thread-5612] INFO  ozoneimpl.ContainerReader (ContainerReader.java:readVolume(123)) - Start to verify containers on volume /github/workspace/mnt/ozone/hadoop-ozone/integration-test/target/test-dir/MiniOzoneClusterImpl-b9d63ab2-cea4-44c4-9857-355e5256a975/datanode-0/data-0/containers/hdds
2020-12-17 06:17:02,507 [Thread-5612] INFO  ozoneimpl.ContainerReader (ContainerReader.java:readVolume(148)) - Finish verifying containers on volume /github/workspace/mnt/ozone/hadoop-ozone/integration-test/target/test-dir/MiniOzoneClusterImpl-b9d63ab2-cea4-44c4-9857-355e5256a975/datanode-0/data-0/containers/hdds
2020-12-17 06:17:02,507 [Listener at 127.0.0.1/38219] INFO  ozoneimpl.OzoneContainer (OzoneContainer.java:buildContainerSet(194)) - Build ContainerSet costs 0s
2020-12-17 06:17:02,508 [Listener at 127.0.0.1/38219] INFO  impl.RaftServerProxy (ConfUtils.java:logGet(44)) - raft.rpc.type = GRPC (default)
2020-12-17 06:17:02,509 [Listener at 127.0.0.1/38219] INFO  grpc.GrpcFactory (GrpcFactory.java:checkPooledByteBufAllocatorUseCacheForAllThreads(45)) - PERFORMANCE WARNING: useCacheForAllThreads is true that may cause Netty to create a lot garbage objects and, as a result, trigger GC.
	It is recommended to disable useCacheForAllThreads by setting -Dorg.apache.ratis.thirdparty.io.netty.allocator.useCacheForAllThreads=false in command line.
2020-12-17 06:17:02,509 [Listener at 127.0.0.1/38219] INFO  grpc.GrpcConfigKeys (ConfUtils.java:logGet(44)) - raft.grpc.server.port = 0 (default)
2020-12-17 06:17:02,509 [Listener at 127.0.0.1/38219] INFO  server.GrpcService (ConfUtils.java:logGet(44)) - raft.grpc.message.size.max = 32MB (=33554432) (custom)
2020-12-17 06:17:02,509 [Listener at 127.0.0.1/38219] INFO  server.RaftServerConfigKeys (ConfUtils.java:logGet(44)) - raft.server.log.appender.buffer.byte-limit = 33554432 (custom)
2020-12-17 06:17:02,509 [Listener at 127.0.0.1/38219] INFO  server.GrpcService (ConfUtils.java:logGet(44)) - raft.grpc.flow.control.window = 5MB (=5242880) (custom)
2020-12-17 06:17:02,509 [Listener at 127.0.0.1/38219] INFO  server.RaftServerConfigKeys (ConfUtils.java:logGet(44)) - raft.server.rpc.request.timeout = 60s (custom)
2020-12-17 06:17:02,511 [Listener at 127.0.0.1/38219] INFO  impl.DataStreamServerImpl (ConfUtils.java:logGet(44)) - raft.datastream.type = DISABLED (default)
2020-12-17 06:17:02,511 [Listener at 127.0.0.1/38219] INFO  server.RaftServerConfigKeys (ConfUtils.java:logGet(44)) - raft.server.storage.dir = [/github/workspace/mnt/ozone/hadoop-ozone/integration-test/target/test-dir/MiniOzoneClusterImpl-b9d63ab2-cea4-44c4-9857-355e5256a975/datanode-0/data/ratis] (custom)
2020-12-17 06:17:02,515 [Listener at 127.0.0.1/38219] INFO  http.BaseHttpServer (BaseHttpServer.java:newHttpServer2BuilderForOzone(207)) - Starting Web-server for hddsDatanode at: http://0.0.0.0:0
2020-12-17 06:17:02,515 [Listener at 127.0.0.1/38219] INFO  http.BaseHttpServer (BaseHttpServer.java:<init>(106)) - Hadoop Security Enabled: false Ozone Security Enabled: false Ozone HTTP Security Enabled: false 
2020-12-17 06:17:02,516 [Listener at 127.0.0.1/38219] INFO  server.AuthenticationFilter (AuthenticationFilter.java:constructSecretProvider(240)) - Unable to initialize FileSignerSecretProvider, falling back to use random secrets.
2020-12-17 06:17:02,522 [Listener at 127.0.0.1/38219] WARN  http.HttpRequestLog (HttpRequestLog.java:getRequestLog(103)) - Jetty request log can only be enabled using Log4j
2020-12-17 06:17:02,522 [Listener at 127.0.0.1/38219] INFO  http.HttpServer2 (HttpServer2.java:addGlobalFilter(1020)) - Added global filter 'safety' (class=org.apache.hadoop.hdds.server.http.HttpServer2$QuotingInputFilter)
2020-12-17 06:17:02,523 [Listener at 127.0.0.1/38219] INFO  http.HttpServer2 (HttpServer2.java:addFilter(996)) - Added filter static_user_filter (class=org.apache.hadoop.http.lib.StaticUserWebFilter$StaticUserFilter) to context hddsDatanode
2020-12-17 06:17:02,523 [Listener at 127.0.0.1/38219] INFO  http.HttpServer2 (HttpServer2.java:addFilter(1004)) - Added filter static_user_filter (class=org.apache.hadoop.http.lib.StaticUserWebFilter$StaticUserFilter) to context static
2020-12-17 06:17:02,523 [Listener at 127.0.0.1/38219] INFO  http.HttpServer2 (HttpServer2.java:addFilter(1004)) - Added filter static_user_filter (class=org.apache.hadoop.http.lib.StaticUserWebFilter$StaticUserFilter) to context logs
2020-12-17 06:17:02,523 [Listener at 127.0.0.1/38219] INFO  http.HttpServer2 (HttpServer2.java:bindListener(1238)) - Jetty bound to port 46307
2020-12-17 06:17:02,523 [Listener at 127.0.0.1/38219] INFO  server.Server (Server.java:doStart(375)) - jetty-9.4.34.v20201102; built: 2020-11-02T14:15:39.302Z; git: e46af88704a893fc12cb0e3bf46e2c7b48a009e7; jvm 1.8.0_232-b09
2020-12-17 06:17:02,524 [Listener at 127.0.0.1/38219] INFO  server.session (DefaultSessionIdManager.java:doStart(334)) - DefaultSessionIdManager workerName=node0
2020-12-17 06:17:02,524 [Listener at 127.0.0.1/38219] INFO  server.session (DefaultSessionIdManager.java:doStart(339)) - No SessionScavenger set, using defaults
2020-12-17 06:17:02,524 [Listener at 127.0.0.1/38219] INFO  server.session (HouseKeeper.java:startScavenging(132)) - node0 Scavenging every 660000ms
2020-12-17 06:17:02,525 [Listener at 127.0.0.1/38219] INFO  handler.ContextHandler (ContextHandler.java:doStart(916)) - Started o.e.j.s.ServletContextHandler@4c225198{logs,/logs,file:///github/workspace/mnt/ozone/hadoop-ozone/integration-test/target/log,AVAILABLE}
2020-12-17 06:17:02,525 [Listener at 127.0.0.1/38219] INFO  handler.ContextHandler (ContextHandler.java:doStart(916)) - Started o.e.j.s.ServletContextHandler@7e811458{static,/static,jar:file:/home/user/.m2/repository/org/apache/hadoop/hadoop-hdds-container-service/1.1.0-SNAPSHOT/hadoop-hdds-container-service-1.1.0-SNAPSHOT.jar!/webapps/static,AVAILABLE}
2020-12-17 06:17:02,662 [Listener at 127.0.0.1/38219] INFO  handler.ContextHandler (ContextHandler.java:doStart(916)) - Started o.e.j.w.WebAppContext@7cdc0d76{hddsDatanode,/,file:///tmp/jetty-0_0_0_0-46307-hadoop-hdds-container-service-1_1_0-SNAPSHOT_jar-_-any-8175722700291614248/webapp/,AVAILABLE}{jar:file:/home/user/.m2/repository/org/apache/hadoop/hadoop-hdds-container-service/1.1.0-SNAPSHOT/hadoop-hdds-container-service-1.1.0-SNAPSHOT.jar!/webapps/hddsDatanode}
2020-12-17 06:17:02,663 [Listener at 127.0.0.1/38219] INFO  server.AbstractConnector (AbstractConnector.java:doStart(331)) - Started ServerConnector@e92cb3a{HTTP/1.1, (http/1.1)}{0.0.0.0:46307}
2020-12-17 06:17:02,663 [Listener at 127.0.0.1/38219] INFO  server.Server (Server.java:doStart(415)) - Started @362182ms
2020-12-17 06:17:02,663 [Listener at 127.0.0.1/38219] WARN  impl.MetricsSystemImpl (MetricsSystemImpl.java:register(276)) - Sink prometheus already exists!
2020-12-17 06:17:02,666 [Listener at 127.0.0.1/38219] INFO  http.BaseHttpServer (BaseHttpServer.java:updateConnectorAddress(327)) - HTTP server of hddsDatanode listening at http://0.0.0.0:46307
2020-12-17 06:17:02,666 [Listener at 127.0.0.1/38219] INFO  impl.MetricsSystemImpl (MetricsSystemImpl.java:init(158)) - HddsDatanode metrics system started (again)
2020-12-17 06:17:02,667 [Listener at 127.0.0.1/38219] INFO  ozone.HddsDatanodeService (HddsDatanodeService.java:start(217)) - HddsDatanodeService host:647233daa2c6 ip:172.17.0.2
2020-12-17 06:17:02,668 [Listener at 127.0.0.1/38219] INFO  volume.HddsVolume (HddsVolume.java:<init>(176)) - Creating Volume: /github/workspace/mnt/ozone/hadoop-ozone/integration-test/target/test-dir/MiniOzoneClusterImpl-b9d63ab2-cea4-44c4-9857-355e5256a975/datanode-1/data-0/containers/hdds of storage type : DISK and capacity : 9223372036854775807
2020-12-17 06:17:02,668 [Listener at 127.0.0.1/38219] INFO  volume.MutableVolumeSet (MutableVolumeSet.java:initializeVolumeSet(179)) - Added Volume : /github/workspace/mnt/ozone/hadoop-ozone/integration-test/target/test-dir/MiniOzoneClusterImpl-b9d63ab2-cea4-44c4-9857-355e5256a975/datanode-1/data-0/containers/hdds to VolumeSet
2020-12-17 06:17:02,668 [Listener at 127.0.0.1/38219] INFO  volume.ThrottledAsyncChecker (ThrottledAsyncChecker.java:schedule(141)) - Scheduling a check for /github/workspace/mnt/ozone/hadoop-ozone/integration-test/target/test-dir/MiniOzoneClusterImpl-b9d63ab2-cea4-44c4-9857-355e5256a975/datanode-1/data-0/containers/hdds
2020-12-17 06:17:02,669 [Listener at 127.0.0.1/38219] INFO  volume.HddsVolumeChecker (HddsVolumeChecker.java:checkAllVolumes(200)) - Scheduled health check for volume /github/workspace/mnt/ozone/hadoop-ozone/integration-test/target/test-dir/MiniOzoneClusterImpl-b9d63ab2-cea4-44c4-9857-355e5256a975/datanode-1/data-0/containers/hdds
2020-12-17 06:17:02,676 [org.apache.hadoop.util.JvmPauseMonitor$Monitor@68be261b] INFO  util.JvmPauseMonitor (JvmPauseMonitor.java:run(188)) - Starting JVM pause monitor
2020-12-17 06:17:02,677 [Datanode State Machine Task Thread - 0] INFO  datanode.InitDatanodeState (InitDatanodeState.java:persistContainerDatanodeDetails(145)) - DatanodeDetails is persisted to /github/workspace/mnt/ozone/hadoop-ozone/integration-test/target/test-dir/MiniOzoneClusterImpl-b9d63ab2-cea4-44c4-9857-355e5256a975/datanode-0/meta/datanode.id
2020-12-17 06:17:02,680 [Thread-5623] INFO  ozoneimpl.ContainerReader (ContainerReader.java:readVolume(123)) - Start to verify containers on volume /github/workspace/mnt/ozone/hadoop-ozone/integration-test/target/test-dir/MiniOzoneClusterImpl-b9d63ab2-cea4-44c4-9857-355e5256a975/datanode-1/data-0/containers/hdds
2020-12-17 06:17:02,680 [Thread-5623] INFO  ozoneimpl.ContainerReader (ContainerReader.java:readVolume(148)) - Finish verifying containers on volume /github/workspace/mnt/ozone/hadoop-ozone/integration-test/target/test-dir/MiniOzoneClusterImpl-b9d63ab2-cea4-44c4-9857-355e5256a975/datanode-1/data-0/containers/hdds
2020-12-17 06:17:02,680 [Listener at 127.0.0.1/38219] INFO  ozoneimpl.OzoneContainer (OzoneContainer.java:buildContainerSet(194)) - Build ContainerSet costs 0s
2020-12-17 06:17:02,681 [Listener at 127.0.0.1/38219] INFO  impl.RaftServerProxy (ConfUtils.java:logGet(44)) - raft.rpc.type = GRPC (default)
2020-12-17 06:17:02,681 [Listener at 127.0.0.1/38219] INFO  grpc.GrpcFactory (GrpcFactory.java:checkPooledByteBufAllocatorUseCacheForAllThreads(45)) - PERFORMANCE WARNING: useCacheForAllThreads is true that may cause Netty to create a lot garbage objects and, as a result, trigger GC.
	It is recommended to disable useCacheForAllThreads by setting -Dorg.apache.ratis.thirdparty.io.netty.allocator.useCacheForAllThreads=false in command line.
2020-12-17 06:17:02,681 [Listener at 127.0.0.1/38219] INFO  grpc.GrpcConfigKeys (ConfUtils.java:logGet(44)) - raft.grpc.server.port = 0 (default)
2020-12-17 06:17:02,682 [Listener at 127.0.0.1/38219] INFO  server.GrpcService (ConfUtils.java:logGet(44)) - raft.grpc.message.size.max = 32MB (=33554432) (custom)
2020-12-17 06:17:02,682 [Listener at 127.0.0.1/38219] INFO  server.RaftServerConfigKeys (ConfUtils.java:logGet(44)) - raft.server.log.appender.buffer.byte-limit = 33554432 (custom)
2020-12-17 06:17:02,682 [Listener at 127.0.0.1/38219] INFO  server.GrpcService (ConfUtils.java:logGet(44)) - raft.grpc.flow.control.window = 5MB (=5242880) (custom)
2020-12-17 06:17:02,682 [Listener at 127.0.0.1/38219] INFO  server.RaftServerConfigKeys (ConfUtils.java:logGet(44)) - raft.server.rpc.request.timeout = 60s (custom)
2020-12-17 06:17:02,683 [Listener at 127.0.0.1/38219] INFO  impl.DataStreamServerImpl (ConfUtils.java:logGet(44)) - raft.datastream.type = DISABLED (default)
2020-12-17 06:17:02,683 [Listener at 127.0.0.1/38219] INFO  server.RaftServerConfigKeys (ConfUtils.java:logGet(44)) - raft.server.storage.dir = [/github/workspace/mnt/ozone/hadoop-ozone/integration-test/target/test-dir/MiniOzoneClusterImpl-b9d63ab2-cea4-44c4-9857-355e5256a975/datanode-1/data/ratis] (custom)
2020-12-17 06:17:02,686 [Listener at 127.0.0.1/38219] INFO  http.BaseHttpServer (BaseHttpServer.java:newHttpServer2BuilderForOzone(207)) - Starting Web-server for hddsDatanode at: http://0.0.0.0:0
2020-12-17 06:17:02,687 [Listener at 127.0.0.1/38219] INFO  http.BaseHttpServer (BaseHttpServer.java:<init>(106)) - Hadoop Security Enabled: false Ozone Security Enabled: false Ozone HTTP Security Enabled: false 
2020-12-17 06:17:02,688 [Listener at 127.0.0.1/38219] INFO  server.AuthenticationFilter (AuthenticationFilter.java:constructSecretProvider(240)) - Unable to initialize FileSignerSecretProvider, falling back to use random secrets.
2020-12-17 06:17:02,688 [Listener at 127.0.0.1/38219] WARN  http.HttpRequestLog (HttpRequestLog.java:getRequestLog(103)) - Jetty request log can only be enabled using Log4j
2020-12-17 06:17:02,688 [Listener at 127.0.0.1/38219] INFO  http.HttpServer2 (HttpServer2.java:addGlobalFilter(1020)) - Added global filter 'safety' (class=org.apache.hadoop.hdds.server.http.HttpServer2$QuotingInputFilter)
2020-12-17 06:17:02,689 [Listener at 127.0.0.1/38219] INFO  http.HttpServer2 (HttpServer2.java:addFilter(996)) - Added filter static_user_filter (class=org.apache.hadoop.http.lib.StaticUserWebFilter$StaticUserFilter) to context hddsDatanode
2020-12-17 06:17:02,689 [Listener at 127.0.0.1/38219] INFO  http.HttpServer2 (HttpServer2.java:addFilter(1004)) - Added filter static_user_filter (class=org.apache.hadoop.http.lib.StaticUserWebFilter$StaticUserFilter) to context logs
2020-12-17 06:17:02,689 [Listener at 127.0.0.1/38219] INFO  http.HttpServer2 (HttpServer2.java:addFilter(1004)) - Added filter static_user_filter (class=org.apache.hadoop.http.lib.StaticUserWebFilter$StaticUserFilter) to context static
2020-12-17 06:17:02,689 [Listener at 127.0.0.1/38219] INFO  http.HttpServer2 (HttpServer2.java:bindListener(1238)) - Jetty bound to port 41271
2020-12-17 06:17:02,689 [Listener at 127.0.0.1/38219] INFO  server.Server (Server.java:doStart(375)) - jetty-9.4.34.v20201102; built: 2020-11-02T14:15:39.302Z; git: e46af88704a893fc12cb0e3bf46e2c7b48a009e7; jvm 1.8.0_232-b09
2020-12-17 06:17:02,690 [Listener at 127.0.0.1/38219] INFO  server.session (DefaultSessionIdManager.java:doStart(334)) - DefaultSessionIdManager workerName=node0
2020-12-17 06:17:02,690 [Listener at 127.0.0.1/38219] INFO  server.session (DefaultSessionIdManager.java:doStart(339)) - No SessionScavenger set, using defaults
2020-12-17 06:17:02,691 [Listener at 127.0.0.1/38219] INFO  server.session (HouseKeeper.java:startScavenging(132)) - node0 Scavenging every 660000ms
2020-12-17 06:17:02,691 [Listener at 127.0.0.1/38219] INFO  handler.ContextHandler (ContextHandler.java:doStart(916)) - Started o.e.j.s.ServletContextHandler@545e2ebe{logs,/logs,file:///github/workspace/mnt/ozone/hadoop-ozone/integration-test/target/log,AVAILABLE}
2020-12-17 06:17:02,691 [Listener at 127.0.0.1/38219] INFO  handler.ContextHandler (ContextHandler.java:doStart(916)) - Started o.e.j.s.ServletContextHandler@338e98f8{static,/static,jar:file:/home/user/.m2/repository/org/apache/hadoop/hadoop-hdds-container-service/1.1.0-SNAPSHOT/hadoop-hdds-container-service-1.1.0-SNAPSHOT.jar!/webapps/static,AVAILABLE}
2020-12-17 06:17:02,827 [Listener at 127.0.0.1/38219] INFO  handler.ContextHandler (ContextHandler.java:doStart(916)) - Started o.e.j.w.WebAppContext@7fad58f8{hddsDatanode,/,file:///tmp/jetty-0_0_0_0-41271-hadoop-hdds-container-service-1_1_0-SNAPSHOT_jar-_-any-7185279112168542673/webapp/,AVAILABLE}{jar:file:/home/user/.m2/repository/org/apache/hadoop/hadoop-hdds-container-service/1.1.0-SNAPSHOT/hadoop-hdds-container-service-1.1.0-SNAPSHOT.jar!/webapps/hddsDatanode}
2020-12-17 06:17:02,828 [Listener at 127.0.0.1/38219] INFO  server.AbstractConnector (AbstractConnector.java:doStart(331)) - Started ServerConnector@6a8c831d{HTTP/1.1, (http/1.1)}{0.0.0.0:41271}
2020-12-17 06:17:02,829 [Listener at 127.0.0.1/38219] INFO  server.Server (Server.java:doStart(415)) - Started @362347ms
2020-12-17 06:17:02,829 [Listener at 127.0.0.1/38219] WARN  impl.MetricsSystemImpl (MetricsSystemImpl.java:register(276)) - Sink prometheus already exists!
2020-12-17 06:17:02,833 [Listener at 127.0.0.1/38219] INFO  http.BaseHttpServer (BaseHttpServer.java:updateConnectorAddress(327)) - HTTP server of hddsDatanode listening at http://0.0.0.0:41271
2020-12-17 06:17:02,834 [Listener at 127.0.0.1/38219] INFO  impl.MetricsSystemImpl (MetricsSystemImpl.java:init(158)) - HddsDatanode metrics system started (again)
2020-12-17 06:17:02,835 [Listener at 127.0.0.1/38219] INFO  ozone.HddsDatanodeService (HddsDatanodeService.java:start(217)) - HddsDatanodeService host:647233daa2c6 ip:172.17.0.2
2020-12-17 06:17:02,835 [org.apache.hadoop.util.JvmPauseMonitor$Monitor@1fe7a67e] INFO  util.JvmPauseMonitor (JvmPauseMonitor.java:run(188)) - Starting JVM pause monitor
2020-12-17 06:17:02,836 [Listener at 127.0.0.1/38219] INFO  volume.HddsVolume (HddsVolume.java:<init>(176)) - Creating Volume: /github/workspace/mnt/ozone/hadoop-ozone/integration-test/target/test-dir/MiniOzoneClusterImpl-b9d63ab2-cea4-44c4-9857-355e5256a975/datanode-2/data-0/containers/hdds of storage type : DISK and capacity : 9223372036854775807
2020-12-17 06:17:02,836 [Datanode State Machine Task Thread - 0] INFO  datanode.InitDatanodeState (InitDatanodeState.java:persistContainerDatanodeDetails(145)) - DatanodeDetails is persisted to /github/workspace/mnt/ozone/hadoop-ozone/integration-test/target/test-dir/MiniOzoneClusterImpl-b9d63ab2-cea4-44c4-9857-355e5256a975/datanode-1/meta/datanode.id
2020-12-17 06:17:02,836 [Listener at 127.0.0.1/38219] INFO  volume.MutableVolumeSet (MutableVolumeSet.java:initializeVolumeSet(179)) - Added Volume : /github/workspace/mnt/ozone/hadoop-ozone/integration-test/target/test-dir/MiniOzoneClusterImpl-b9d63ab2-cea4-44c4-9857-355e5256a975/datanode-2/data-0/containers/hdds to VolumeSet
2020-12-17 06:17:02,836 [Listener at 127.0.0.1/38219] INFO  volume.ThrottledAsyncChecker (ThrottledAsyncChecker.java:schedule(141)) - Scheduling a check for /github/workspace/mnt/ozone/hadoop-ozone/integration-test/target/test-dir/MiniOzoneClusterImpl-b9d63ab2-cea4-44c4-9857-355e5256a975/datanode-2/data-0/containers/hdds
2020-12-17 06:17:02,836 [Listener at 127.0.0.1/38219] INFO  volume.HddsVolumeChecker (HddsVolumeChecker.java:checkAllVolumes(200)) - Scheduled health check for volume /github/workspace/mnt/ozone/hadoop-ozone/integration-test/target/test-dir/MiniOzoneClusterImpl-b9d63ab2-cea4-44c4-9857-355e5256a975/datanode-2/data-0/containers/hdds
2020-12-17 06:17:02,847 [Thread-5634] INFO  ozoneimpl.ContainerReader (ContainerReader.java:readVolume(123)) - Start to verify containers on volume /github/workspace/mnt/ozone/hadoop-ozone/integration-test/target/test-dir/MiniOzoneClusterImpl-b9d63ab2-cea4-44c4-9857-355e5256a975/datanode-2/data-0/containers/hdds
2020-12-17 06:17:02,847 [Thread-5634] INFO  ozoneimpl.ContainerReader (ContainerReader.java:readVolume(148)) - Finish verifying containers on volume /github/workspace/mnt/ozone/hadoop-ozone/integration-test/target/test-dir/MiniOzoneClusterImpl-b9d63ab2-cea4-44c4-9857-355e5256a975/datanode-2/data-0/containers/hdds
2020-12-17 06:17:02,847 [Listener at 127.0.0.1/38219] INFO  ozoneimpl.OzoneContainer (OzoneContainer.java:buildContainerSet(194)) - Build ContainerSet costs 0s
2020-12-17 06:17:02,848 [Listener at 127.0.0.1/38219] INFO  impl.RaftServerProxy (ConfUtils.java:logGet(44)) - raft.rpc.type = GRPC (default)
2020-12-17 06:17:02,848 [Listener at 127.0.0.1/38219] INFO  grpc.GrpcFactory (GrpcFactory.java:checkPooledByteBufAllocatorUseCacheForAllThreads(45)) - PERFORMANCE WARNING: useCacheForAllThreads is true that may cause Netty to create a lot garbage objects and, as a result, trigger GC.
	It is recommended to disable useCacheForAllThreads by setting -Dorg.apache.ratis.thirdparty.io.netty.allocator.useCacheForAllThreads=false in command line.
2020-12-17 06:17:02,849 [Listener at 127.0.0.1/38219] INFO  grpc.GrpcConfigKeys (ConfUtils.java:logGet(44)) - raft.grpc.server.port = 0 (default)
2020-12-17 06:17:02,849 [Listener at 127.0.0.1/38219] INFO  server.GrpcService (ConfUtils.java:logGet(44)) - raft.grpc.message.size.max = 32MB (=33554432) (custom)
2020-12-17 06:17:02,849 [Listener at 127.0.0.1/38219] INFO  server.RaftServerConfigKeys (ConfUtils.java:logGet(44)) - raft.server.log.appender.buffer.byte-limit = 33554432 (custom)
2020-12-17 06:17:02,849 [Listener at 127.0.0.1/38219] INFO  server.GrpcService (ConfUtils.java:logGet(44)) - raft.grpc.flow.control.window = 5MB (=5242880) (custom)
2020-12-17 06:17:02,849 [Listener at 127.0.0.1/38219] INFO  server.RaftServerConfigKeys (ConfUtils.java:logGet(44)) - raft.server.rpc.request.timeout = 60s (custom)
2020-12-17 06:17:02,850 [Listener at 127.0.0.1/38219] INFO  impl.DataStreamServerImpl (ConfUtils.java:logGet(44)) - raft.datastream.type = DISABLED (default)
2020-12-17 06:17:02,850 [Listener at 127.0.0.1/38219] INFO  server.RaftServerConfigKeys (ConfUtils.java:logGet(44)) - raft.server.storage.dir = [/github/workspace/mnt/ozone/hadoop-ozone/integration-test/target/test-dir/MiniOzoneClusterImpl-b9d63ab2-cea4-44c4-9857-355e5256a975/datanode-2/data/ratis] (custom)
2020-12-17 06:17:02,854 [Listener at 127.0.0.1/38219] INFO  http.BaseHttpServer (BaseHttpServer.java:newHttpServer2BuilderForOzone(207)) - Starting Web-server for hddsDatanode at: http://0.0.0.0:0
2020-12-17 06:17:02,854 [Listener at 127.0.0.1/38219] INFO  http.BaseHttpServer (BaseHttpServer.java:<init>(106)) - Hadoop Security Enabled: false Ozone Security Enabled: false Ozone HTTP Security Enabled: false 
2020-12-17 06:17:02,855 [Listener at 127.0.0.1/38219] INFO  server.AuthenticationFilter (AuthenticationFilter.java:constructSecretProvider(240)) - Unable to initialize FileSignerSecretProvider, falling back to use random secrets.
2020-12-17 06:17:02,855 [Listener at 127.0.0.1/38219] WARN  http.HttpRequestLog (HttpRequestLog.java:getRequestLog(103)) - Jetty request log can only be enabled using Log4j
2020-12-17 06:17:02,856 [Listener at 127.0.0.1/38219] INFO  http.HttpServer2 (HttpServer2.java:addGlobalFilter(1020)) - Added global filter 'safety' (class=org.apache.hadoop.hdds.server.http.HttpServer2$QuotingInputFilter)
2020-12-17 06:17:02,856 [Listener at 127.0.0.1/38219] INFO  http.HttpServer2 (HttpServer2.java:addFilter(996)) - Added filter static_user_filter (class=org.apache.hadoop.http.lib.StaticUserWebFilter$StaticUserFilter) to context hddsDatanode
2020-12-17 06:17:02,856 [Listener at 127.0.0.1/38219] INFO  http.HttpServer2 (HttpServer2.java:addFilter(1004)) - Added filter static_user_filter (class=org.apache.hadoop.http.lib.StaticUserWebFilter$StaticUserFilter) to context static
2020-12-17 06:17:02,856 [Listener at 127.0.0.1/38219] INFO  http.HttpServer2 (HttpServer2.java:addFilter(1004)) - Added filter static_user_filter (class=org.apache.hadoop.http.lib.StaticUserWebFilter$StaticUserFilter) to context logs
2020-12-17 06:17:02,857 [Listener at 127.0.0.1/38219] INFO  http.HttpServer2 (HttpServer2.java:bindListener(1238)) - Jetty bound to port 33245
2020-12-17 06:17:02,857 [Listener at 127.0.0.1/38219] INFO  server.Server (Server.java:doStart(375)) - jetty-9.4.34.v20201102; built: 2020-11-02T14:15:39.302Z; git: e46af88704a893fc12cb0e3bf46e2c7b48a009e7; jvm 1.8.0_232-b09
2020-12-17 06:17:02,858 [Listener at 127.0.0.1/38219] INFO  server.session (DefaultSessionIdManager.java:doStart(334)) - DefaultSessionIdManager workerName=node0
2020-12-17 06:17:02,858 [Listener at 127.0.0.1/38219] INFO  server.session (DefaultSessionIdManager.java:doStart(339)) - No SessionScavenger set, using defaults
2020-12-17 06:17:02,858 [Listener at 127.0.0.1/38219] INFO  server.session (HouseKeeper.java:startScavenging(132)) - node0 Scavenging every 660000ms
2020-12-17 06:17:02,858 [Listener at 127.0.0.1/38219] INFO  handler.ContextHandler (ContextHandler.java:doStart(916)) - Started o.e.j.s.ServletContextHandler@3073c879{logs,/logs,file:///github/workspace/mnt/ozone/hadoop-ozone/integration-test/target/log,AVAILABLE}
2020-12-17 06:17:02,859 [Listener at 127.0.0.1/38219] INFO  handler.ContextHandler (ContextHandler.java:doStart(916)) - Started o.e.j.s.ServletContextHandler@62cfb51a{static,/static,jar:file:/home/user/.m2/repository/org/apache/hadoop/hadoop-hdds-container-service/1.1.0-SNAPSHOT/hadoop-hdds-container-service-1.1.0-SNAPSHOT.jar!/webapps/static,AVAILABLE}
2020-12-17 06:17:02,996 [Listener at 127.0.0.1/38219] INFO  handler.ContextHandler (ContextHandler.java:doStart(916)) - Started o.e.j.w.WebAppContext@7e1e6f28{hddsDatanode,/,file:///tmp/jetty-0_0_0_0-33245-hadoop-hdds-container-service-1_1_0-SNAPSHOT_jar-_-any-9194254468478203256/webapp/,AVAILABLE}{jar:file:/home/user/.m2/repository/org/apache/hadoop/hadoop-hdds-container-service/1.1.0-SNAPSHOT/hadoop-hdds-container-service-1.1.0-SNAPSHOT.jar!/webapps/hddsDatanode}
2020-12-17 06:17:02,997 [Listener at 127.0.0.1/38219] INFO  server.AbstractConnector (AbstractConnector.java:doStart(331)) - Started ServerConnector@54362745{HTTP/1.1, (http/1.1)}{0.0.0.0:33245}
2020-12-17 06:17:02,997 [Listener at 127.0.0.1/38219] INFO  server.Server (Server.java:doStart(415)) - Started @362516ms
2020-12-17 06:17:02,997 [Listener at 127.0.0.1/38219] WARN  impl.MetricsSystemImpl (MetricsSystemImpl.java:register(276)) - Sink prometheus already exists!
2020-12-17 06:17:03,003 [Listener at 127.0.0.1/38219] INFO  http.BaseHttpServer (BaseHttpServer.java:updateConnectorAddress(327)) - HTTP server of hddsDatanode listening at http://0.0.0.0:33245
2020-12-17 06:17:03,004 [Listener at 127.0.0.1/38219] INFO  impl.MetricsSystemImpl (MetricsSystemImpl.java:init(158)) - HddsDatanode metrics system started (again)
2020-12-17 06:17:03,005 [Listener at 127.0.0.1/38219] INFO  ozone.HddsDatanodeService (HddsDatanodeService.java:start(217)) - HddsDatanodeService host:647233daa2c6 ip:172.17.0.2
2020-12-17 06:17:03,005 [org.apache.hadoop.util.JvmPauseMonitor$Monitor@7f380fae] INFO  util.JvmPauseMonitor (JvmPauseMonitor.java:run(188)) - Starting JVM pause monitor
2020-12-17 06:17:03,006 [Listener at 127.0.0.1/38219] INFO  volume.HddsVolume (HddsVolume.java:<init>(176)) - Creating Volume: /github/workspace/mnt/ozone/hadoop-ozone/integration-test/target/test-dir/MiniOzoneClusterImpl-b9d63ab2-cea4-44c4-9857-355e5256a975/datanode-3/data-0/containers/hdds of storage type : DISK and capacity : 9223372036854775807
2020-12-17 06:17:03,006 [Datanode State Machine Task Thread - 0] INFO  datanode.InitDatanodeState (InitDatanodeState.java:persistContainerDatanodeDetails(145)) - DatanodeDetails is persisted to /github/workspace/mnt/ozone/hadoop-ozone/integration-test/target/test-dir/MiniOzoneClusterImpl-b9d63ab2-cea4-44c4-9857-355e5256a975/datanode-2/meta/datanode.id
2020-12-17 06:17:03,006 [Listener at 127.0.0.1/38219] INFO  volume.MutableVolumeSet (MutableVolumeSet.java:initializeVolumeSet(179)) - Added Volume : /github/workspace/mnt/ozone/hadoop-ozone/integration-test/target/test-dir/MiniOzoneClusterImpl-b9d63ab2-cea4-44c4-9857-355e5256a975/datanode-3/data-0/containers/hdds to VolumeSet
2020-12-17 06:17:03,006 [Listener at 127.0.0.1/38219] INFO  volume.ThrottledAsyncChecker (ThrottledAsyncChecker.java:schedule(141)) - Scheduling a check for /github/workspace/mnt/ozone/hadoop-ozone/integration-test/target/test-dir/MiniOzoneClusterImpl-b9d63ab2-cea4-44c4-9857-355e5256a975/datanode-3/data-0/containers/hdds
2020-12-17 06:17:03,007 [Listener at 127.0.0.1/38219] INFO  volume.HddsVolumeChecker (HddsVolumeChecker.java:checkAllVolumes(200)) - Scheduled health check for volume /github/workspace/mnt/ozone/hadoop-ozone/integration-test/target/test-dir/MiniOzoneClusterImpl-b9d63ab2-cea4-44c4-9857-355e5256a975/datanode-3/data-0/containers/hdds
2020-12-17 06:17:03,017 [Thread-5645] INFO  ozoneimpl.ContainerReader (ContainerReader.java:readVolume(123)) - Start to verify containers on volume /github/workspace/mnt/ozone/hadoop-ozone/integration-test/target/test-dir/MiniOzoneClusterImpl-b9d63ab2-cea4-44c4-9857-355e5256a975/datanode-3/data-0/containers/hdds
2020-12-17 06:17:03,017 [Thread-5645] INFO  ozoneimpl.ContainerReader (ContainerReader.java:readVolume(148)) - Finish verifying containers on volume /github/workspace/mnt/ozone/hadoop-ozone/integration-test/target/test-dir/MiniOzoneClusterImpl-b9d63ab2-cea4-44c4-9857-355e5256a975/datanode-3/data-0/containers/hdds
2020-12-17 06:17:03,018 [Listener at 127.0.0.1/38219] INFO  ozoneimpl.OzoneContainer (OzoneContainer.java:buildContainerSet(194)) - Build ContainerSet costs 0s
2020-12-17 06:17:03,019 [Listener at 127.0.0.1/38219] INFO  impl.RaftServerProxy (ConfUtils.java:logGet(44)) - raft.rpc.type = GRPC (default)
2020-12-17 06:17:03,019 [Listener at 127.0.0.1/38219] INFO  grpc.GrpcFactory (GrpcFactory.java:checkPooledByteBufAllocatorUseCacheForAllThreads(45)) - PERFORMANCE WARNING: useCacheForAllThreads is true that may cause Netty to create a lot garbage objects and, as a result, trigger GC.
	It is recommended to disable useCacheForAllThreads by setting -Dorg.apache.ratis.thirdparty.io.netty.allocator.useCacheForAllThreads=false in command line.
2020-12-17 06:17:03,019 [Listener at 127.0.0.1/38219] INFO  grpc.GrpcConfigKeys (ConfUtils.java:logGet(44)) - raft.grpc.server.port = 0 (default)
2020-12-17 06:17:03,019 [Listener at 127.0.0.1/38219] INFO  server.GrpcService (ConfUtils.java:logGet(44)) - raft.grpc.message.size.max = 32MB (=33554432) (custom)
2020-12-17 06:17:03,019 [Listener at 127.0.0.1/38219] INFO  server.RaftServerConfigKeys (ConfUtils.java:logGet(44)) - raft.server.log.appender.buffer.byte-limit = 33554432 (custom)
2020-12-17 06:17:03,019 [Listener at 127.0.0.1/38219] INFO  server.GrpcService (ConfUtils.java:logGet(44)) - raft.grpc.flow.control.window = 5MB (=5242880) (custom)
2020-12-17 06:17:03,019 [Listener at 127.0.0.1/38219] INFO  server.RaftServerConfigKeys (ConfUtils.java:logGet(44)) - raft.server.rpc.request.timeout = 60s (custom)
2020-12-17 06:17:03,020 [Listener at 127.0.0.1/38219] INFO  impl.DataStreamServerImpl (ConfUtils.java:logGet(44)) - raft.datastream.type = DISABLED (default)
2020-12-17 06:17:03,020 [Listener at 127.0.0.1/38219] INFO  server.RaftServerConfigKeys (ConfUtils.java:logGet(44)) - raft.server.storage.dir = [/github/workspace/mnt/ozone/hadoop-ozone/integration-test/target/test-dir/MiniOzoneClusterImpl-b9d63ab2-cea4-44c4-9857-355e5256a975/datanode-3/data/ratis] (custom)
2020-12-17 06:17:03,024 [Listener at 127.0.0.1/38219] INFO  http.BaseHttpServer (BaseHttpServer.java:newHttpServer2BuilderForOzone(207)) - Starting Web-server for hddsDatanode at: http://0.0.0.0:0
2020-12-17 06:17:03,024 [Listener at 127.0.0.1/38219] INFO  http.BaseHttpServer (BaseHttpServer.java:<init>(106)) - Hadoop Security Enabled: false Ozone Security Enabled: false Ozone HTTP Security Enabled: false 
2020-12-17 06:17:03,025 [Listener at 127.0.0.1/38219] INFO  server.AuthenticationFilter (AuthenticationFilter.java:constructSecretProvider(240)) - Unable to initialize FileSignerSecretProvider, falling back to use random secrets.
2020-12-17 06:17:03,025 [Listener at 127.0.0.1/38219] WARN  http.HttpRequestLog (HttpRequestLog.java:getRequestLog(103)) - Jetty request log can only be enabled using Log4j
2020-12-17 06:17:03,026 [Listener at 127.0.0.1/38219] INFO  http.HttpServer2 (HttpServer2.java:addGlobalFilter(1020)) - Added global filter 'safety' (class=org.apache.hadoop.hdds.server.http.HttpServer2$QuotingInputFilter)
2020-12-17 06:17:03,026 [Listener at 127.0.0.1/38219] INFO  http.HttpServer2 (HttpServer2.java:addFilter(996)) - Added filter static_user_filter (class=org.apache.hadoop.http.lib.StaticUserWebFilter$StaticUserFilter) to context hddsDatanode
2020-12-17 06:17:03,026 [Listener at 127.0.0.1/38219] INFO  http.HttpServer2 (HttpServer2.java:addFilter(1004)) - Added filter static_user_filter (class=org.apache.hadoop.http.lib.StaticUserWebFilter$StaticUserFilter) to context logs
2020-12-17 06:17:03,026 [Listener at 127.0.0.1/38219] INFO  http.HttpServer2 (HttpServer2.java:addFilter(1004)) - Added filter static_user_filter (class=org.apache.hadoop.http.lib.StaticUserWebFilter$StaticUserFilter) to context static
2020-12-17 06:17:03,026 [Listener at 127.0.0.1/38219] INFO  http.HttpServer2 (HttpServer2.java:bindListener(1238)) - Jetty bound to port 40643
2020-12-17 06:17:03,027 [Listener at 127.0.0.1/38219] INFO  server.Server (Server.java:doStart(375)) - jetty-9.4.34.v20201102; built: 2020-11-02T14:15:39.302Z; git: e46af88704a893fc12cb0e3bf46e2c7b48a009e7; jvm 1.8.0_232-b09
2020-12-17 06:17:03,027 [Listener at 127.0.0.1/38219] INFO  server.session (DefaultSessionIdManager.java:doStart(334)) - DefaultSessionIdManager workerName=node0
2020-12-17 06:17:03,028 [Listener at 127.0.0.1/38219] INFO  server.session (DefaultSessionIdManager.java:doStart(339)) - No SessionScavenger set, using defaults
2020-12-17 06:17:03,028 [Listener at 127.0.0.1/38219] INFO  server.session (HouseKeeper.java:startScavenging(132)) - node0 Scavenging every 660000ms
2020-12-17 06:17:03,028 [Listener at 127.0.0.1/38219] INFO  handler.ContextHandler (ContextHandler.java:doStart(916)) - Started o.e.j.s.ServletContextHandler@283b462d{logs,/logs,file:///github/workspace/mnt/ozone/hadoop-ozone/integration-test/target/log,AVAILABLE}
2020-12-17 06:17:03,028 [Listener at 127.0.0.1/38219] INFO  handler.ContextHandler (ContextHandler.java:doStart(916)) - Started o.e.j.s.ServletContextHandler@6266f63c{static,/static,jar:file:/home/user/.m2/repository/org/apache/hadoop/hadoop-hdds-container-service/1.1.0-SNAPSHOT/hadoop-hdds-container-service-1.1.0-SNAPSHOT.jar!/webapps/static,AVAILABLE}
2020-12-17 06:17:03,164 [Listener at 127.0.0.1/38219] INFO  handler.ContextHandler (ContextHandler.java:doStart(916)) - Started o.e.j.w.WebAppContext@64bc291b{hddsDatanode,/,file:///tmp/jetty-0_0_0_0-40643-hadoop-hdds-container-service-1_1_0-SNAPSHOT_jar-_-any-141145093320460967/webapp/,AVAILABLE}{jar:file:/home/user/.m2/repository/org/apache/hadoop/hadoop-hdds-container-service/1.1.0-SNAPSHOT/hadoop-hdds-container-service-1.1.0-SNAPSHOT.jar!/webapps/hddsDatanode}
2020-12-17 06:17:03,165 [Listener at 127.0.0.1/38219] INFO  server.AbstractConnector (AbstractConnector.java:doStart(331)) - Started ServerConnector@495e5dbc{HTTP/1.1, (http/1.1)}{0.0.0.0:40643}
2020-12-17 06:17:03,165 [Listener at 127.0.0.1/38219] INFO  server.Server (Server.java:doStart(415)) - Started @362684ms
2020-12-17 06:17:03,165 [Listener at 127.0.0.1/38219] WARN  impl.MetricsSystemImpl (MetricsSystemImpl.java:register(276)) - Sink prometheus already exists!
2020-12-17 06:17:03,169 [Listener at 127.0.0.1/38219] INFO  http.BaseHttpServer (BaseHttpServer.java:updateConnectorAddress(327)) - HTTP server of hddsDatanode listening at http://0.0.0.0:40643
2020-12-17 06:17:03,170 [Listener at 127.0.0.1/38219] INFO  impl.MetricsSystemImpl (MetricsSystemImpl.java:init(158)) - HddsDatanode metrics system started (again)
2020-12-17 06:17:03,171 [Listener at 127.0.0.1/38219] INFO  ozone.HddsDatanodeService (HddsDatanodeService.java:start(217)) - HddsDatanodeService host:647233daa2c6 ip:172.17.0.2
2020-12-17 06:17:03,172 [org.apache.hadoop.util.JvmPauseMonitor$Monitor@324fc4b4] INFO  util.JvmPauseMonitor (JvmPauseMonitor.java:run(188)) - Starting JVM pause monitor
2020-12-17 06:17:03,172 [Listener at 127.0.0.1/38219] INFO  volume.HddsVolume (HddsVolume.java:<init>(176)) - Creating Volume: /github/workspace/mnt/ozone/hadoop-ozone/integration-test/target/test-dir/MiniOzoneClusterImpl-b9d63ab2-cea4-44c4-9857-355e5256a975/datanode-4/data-0/containers/hdds of storage type : DISK and capacity : 9223372036854775807
2020-12-17 06:17:03,172 [Datanode State Machine Task Thread - 0] INFO  datanode.InitDatanodeState (InitDatanodeState.java:persistContainerDatanodeDetails(145)) - DatanodeDetails is persisted to /github/workspace/mnt/ozone/hadoop-ozone/integration-test/target/test-dir/MiniOzoneClusterImpl-b9d63ab2-cea4-44c4-9857-355e5256a975/datanode-3/meta/datanode.id
2020-12-17 06:17:03,173 [Listener at 127.0.0.1/38219] INFO  volume.MutableVolumeSet (MutableVolumeSet.java:initializeVolumeSet(179)) - Added Volume : /github/workspace/mnt/ozone/hadoop-ozone/integration-test/target/test-dir/MiniOzoneClusterImpl-b9d63ab2-cea4-44c4-9857-355e5256a975/datanode-4/data-0/containers/hdds to VolumeSet
2020-12-17 06:17:03,173 [Listener at 127.0.0.1/38219] INFO  volume.ThrottledAsyncChecker (ThrottledAsyncChecker.java:schedule(141)) - Scheduling a check for /github/workspace/mnt/ozone/hadoop-ozone/integration-test/target/test-dir/MiniOzoneClusterImpl-b9d63ab2-cea4-44c4-9857-355e5256a975/datanode-4/data-0/containers/hdds
2020-12-17 06:17:03,173 [Listener at 127.0.0.1/38219] INFO  volume.HddsVolumeChecker (HddsVolumeChecker.java:checkAllVolumes(200)) - Scheduled health check for volume /github/workspace/mnt/ozone/hadoop-ozone/integration-test/target/test-dir/MiniOzoneClusterImpl-b9d63ab2-cea4-44c4-9857-355e5256a975/datanode-4/data-0/containers/hdds
2020-12-17 06:17:03,184 [Thread-5656] INFO  ozoneimpl.ContainerReader (ContainerReader.java:readVolume(123)) - Start to verify containers on volume /github/workspace/mnt/ozone/hadoop-ozone/integration-test/target/test-dir/MiniOzoneClusterImpl-b9d63ab2-cea4-44c4-9857-355e5256a975/datanode-4/data-0/containers/hdds
2020-12-17 06:17:03,184 [Thread-5656] INFO  ozoneimpl.ContainerReader (ContainerReader.java:readVolume(148)) - Finish verifying containers on volume /github/workspace/mnt/ozone/hadoop-ozone/integration-test/target/test-dir/MiniOzoneClusterImpl-b9d63ab2-cea4-44c4-9857-355e5256a975/datanode-4/data-0/containers/hdds
2020-12-17 06:17:03,184 [Listener at 127.0.0.1/38219] INFO  ozoneimpl.OzoneContainer (OzoneContainer.java:buildContainerSet(194)) - Build ContainerSet costs 0s
2020-12-17 06:17:03,185 [Listener at 127.0.0.1/38219] INFO  impl.RaftServerProxy (ConfUtils.java:logGet(44)) - raft.rpc.type = GRPC (default)
2020-12-17 06:17:03,185 [Listener at 127.0.0.1/38219] INFO  grpc.GrpcFactory (GrpcFactory.java:checkPooledByteBufAllocatorUseCacheForAllThreads(45)) - PERFORMANCE WARNING: useCacheForAllThreads is true that may cause Netty to create a lot garbage objects and, as a result, trigger GC.
	It is recommended to disable useCacheForAllThreads by setting -Dorg.apache.ratis.thirdparty.io.netty.allocator.useCacheForAllThreads=false in command line.
2020-12-17 06:17:03,185 [Listener at 127.0.0.1/38219] INFO  grpc.GrpcConfigKeys (ConfUtils.java:logGet(44)) - raft.grpc.server.port = 0 (default)
2020-12-17 06:17:03,185 [Listener at 127.0.0.1/38219] INFO  server.GrpcService (ConfUtils.java:logGet(44)) - raft.grpc.message.size.max = 32MB (=33554432) (custom)
2020-12-17 06:17:03,186 [Listener at 127.0.0.1/38219] INFO  server.RaftServerConfigKeys (ConfUtils.java:logGet(44)) - raft.server.log.appender.buffer.byte-limit = 33554432 (custom)
2020-12-17 06:17:03,186 [Listener at 127.0.0.1/38219] INFO  server.GrpcService (ConfUtils.java:logGet(44)) - raft.grpc.flow.control.window = 5MB (=5242880) (custom)
2020-12-17 06:17:03,186 [Listener at 127.0.0.1/38219] INFO  server.RaftServerConfigKeys (ConfUtils.java:logGet(44)) - raft.server.rpc.request.timeout = 60s (custom)
2020-12-17 06:17:03,187 [Listener at 127.0.0.1/38219] INFO  impl.DataStreamServerImpl (ConfUtils.java:logGet(44)) - raft.datastream.type = DISABLED (default)
2020-12-17 06:17:03,187 [Listener at 127.0.0.1/38219] INFO  server.RaftServerConfigKeys (ConfUtils.java:logGet(44)) - raft.server.storage.dir = [/github/workspace/mnt/ozone/hadoop-ozone/integration-test/target/test-dir/MiniOzoneClusterImpl-b9d63ab2-cea4-44c4-9857-355e5256a975/datanode-4/data/ratis] (custom)
2020-12-17 06:17:03,190 [Listener at 127.0.0.1/38219] INFO  http.BaseHttpServer (BaseHttpServer.java:newHttpServer2BuilderForOzone(207)) - Starting Web-server for hddsDatanode at: http://0.0.0.0:0
2020-12-17 06:17:03,190 [Listener at 127.0.0.1/38219] INFO  http.BaseHttpServer (BaseHttpServer.java:<init>(106)) - Hadoop Security Enabled: false Ozone Security Enabled: false Ozone HTTP Security Enabled: false 
2020-12-17 06:17:03,191 [Listener at 127.0.0.1/38219] INFO  server.AuthenticationFilter (AuthenticationFilter.java:constructSecretProvider(240)) - Unable to initialize FileSignerSecretProvider, falling back to use random secrets.
2020-12-17 06:17:03,191 [Listener at 127.0.0.1/38219] WARN  http.HttpRequestLog (HttpRequestLog.java:getRequestLog(103)) - Jetty request log can only be enabled using Log4j
2020-12-17 06:17:03,192 [Listener at 127.0.0.1/38219] INFO  http.HttpServer2 (HttpServer2.java:addGlobalFilter(1020)) - Added global filter 'safety' (class=org.apache.hadoop.hdds.server.http.HttpServer2$QuotingInputFilter)
2020-12-17 06:17:03,192 [Listener at 127.0.0.1/38219] INFO  http.HttpServer2 (HttpServer2.java:addFilter(996)) - Added filter static_user_filter (class=org.apache.hadoop.http.lib.StaticUserWebFilter$StaticUserFilter) to context hddsDatanode
2020-12-17 06:17:03,192 [Listener at 127.0.0.1/38219] INFO  http.HttpServer2 (HttpServer2.java:addFilter(1004)) - Added filter static_user_filter (class=org.apache.hadoop.http.lib.StaticUserWebFilter$StaticUserFilter) to context logs
2020-12-17 06:17:03,192 [Listener at 127.0.0.1/38219] INFO  http.HttpServer2 (HttpServer2.java:addFilter(1004)) - Added filter static_user_filter (class=org.apache.hadoop.http.lib.StaticUserWebFilter$StaticUserFilter) to context static
2020-12-17 06:17:03,192 [Listener at 127.0.0.1/38219] INFO  http.HttpServer2 (HttpServer2.java:bindListener(1238)) - Jetty bound to port 45385
2020-12-17 06:17:03,193 [Listener at 127.0.0.1/38219] INFO  server.Server (Server.java:doStart(375)) - jetty-9.4.34.v20201102; built: 2020-11-02T14:15:39.302Z; git: e46af88704a893fc12cb0e3bf46e2c7b48a009e7; jvm 1.8.0_232-b09
2020-12-17 06:17:03,193 [Listener at 127.0.0.1/38219] INFO  server.session (DefaultSessionIdManager.java:doStart(334)) - DefaultSessionIdManager workerName=node0
2020-12-17 06:17:03,194 [Listener at 127.0.0.1/38219] INFO  server.session (DefaultSessionIdManager.java:doStart(339)) - No SessionScavenger set, using defaults
2020-12-17 06:17:03,194 [Listener at 127.0.0.1/38219] INFO  server.session (HouseKeeper.java:startScavenging(132)) - node0 Scavenging every 660000ms
2020-12-17 06:17:03,194 [Listener at 127.0.0.1/38219] INFO  handler.ContextHandler (ContextHandler.java:doStart(916)) - Started o.e.j.s.ServletContextHandler@5330160{logs,/logs,file:///github/workspace/mnt/ozone/hadoop-ozone/integration-test/target/log,AVAILABLE}
2020-12-17 06:17:03,194 [Listener at 127.0.0.1/38219] INFO  handler.ContextHandler (ContextHandler.java:doStart(916)) - Started o.e.j.s.ServletContextHandler@4fcb1a13{static,/static,jar:file:/home/user/.m2/repository/org/apache/hadoop/hadoop-hdds-container-service/1.1.0-SNAPSHOT/hadoop-hdds-container-service-1.1.0-SNAPSHOT.jar!/webapps/static,AVAILABLE}
2020-12-17 06:17:03,332 [Listener at 127.0.0.1/38219] INFO  handler.ContextHandler (ContextHandler.java:doStart(916)) - Started o.e.j.w.WebAppContext@76cb6b26{hddsDatanode,/,file:///tmp/jetty-0_0_0_0-45385-hadoop-hdds-container-service-1_1_0-SNAPSHOT_jar-_-any-3323649027439286922/webapp/,AVAILABLE}{jar:file:/home/user/.m2/repository/org/apache/hadoop/hadoop-hdds-container-service/1.1.0-SNAPSHOT/hadoop-hdds-container-service-1.1.0-SNAPSHOT.jar!/webapps/hddsDatanode}
2020-12-17 06:17:03,335 [Listener at 127.0.0.1/38219] INFO  server.AbstractConnector (AbstractConnector.java:doStart(331)) - Started ServerConnector@6797b494{HTTP/1.1, (http/1.1)}{0.0.0.0:45385}
2020-12-17 06:17:03,335 [Listener at 127.0.0.1/38219] INFO  server.Server (Server.java:doStart(415)) - Started @362854ms
2020-12-17 06:17:03,335 [Listener at 127.0.0.1/38219] WARN  impl.MetricsSystemImpl (MetricsSystemImpl.java:register(276)) - Sink prometheus already exists!
2020-12-17 06:17:03,340 [Listener at 127.0.0.1/38219] INFO  http.BaseHttpServer (BaseHttpServer.java:updateConnectorAddress(327)) - HTTP server of hddsDatanode listening at http://0.0.0.0:45385
2020-12-17 06:17:03,340 [Listener at 127.0.0.1/38219] INFO  impl.MetricsSystemImpl (MetricsSystemImpl.java:init(158)) - HddsDatanode metrics system started (again)
2020-12-17 06:17:03,341 [Listener at 127.0.0.1/38219] INFO  ozone.HddsDatanodeService (HddsDatanodeService.java:start(217)) - HddsDatanodeService host:647233daa2c6 ip:172.17.0.2
2020-12-17 06:17:03,342 [Datanode State Machine Task Thread - 0] INFO  datanode.InitDatanodeState (InitDatanodeState.java:persistContainerDatanodeDetails(145)) - DatanodeDetails is persisted to /github/workspace/mnt/ozone/hadoop-ozone/integration-test/target/test-dir/MiniOzoneClusterImpl-b9d63ab2-cea4-44c4-9857-355e5256a975/datanode-4/meta/datanode.id
2020-12-17 06:17:03,343 [Listener at 127.0.0.1/38219] INFO  volume.HddsVolume (HddsVolume.java:<init>(176)) - Creating Volume: /github/workspace/mnt/ozone/hadoop-ozone/integration-test/target/test-dir/MiniOzoneClusterImpl-b9d63ab2-cea4-44c4-9857-355e5256a975/datanode-5/data-0/containers/hdds of storage type : DISK and capacity : 9223372036854775807
2020-12-17 06:17:03,343 [Listener at 127.0.0.1/38219] INFO  volume.MutableVolumeSet (MutableVolumeSet.java:initializeVolumeSet(179)) - Added Volume : /github/workspace/mnt/ozone/hadoop-ozone/integration-test/target/test-dir/MiniOzoneClusterImpl-b9d63ab2-cea4-44c4-9857-355e5256a975/datanode-5/data-0/containers/hdds to VolumeSet
2020-12-17 06:17:03,343 [Listener at 127.0.0.1/38219] INFO  volume.ThrottledAsyncChecker (ThrottledAsyncChecker.java:schedule(141)) - Scheduling a check for /github/workspace/mnt/ozone/hadoop-ozone/integration-test/target/test-dir/MiniOzoneClusterImpl-b9d63ab2-cea4-44c4-9857-355e5256a975/datanode-5/data-0/containers/hdds
2020-12-17 06:17:03,343 [org.apache.hadoop.util.JvmPauseMonitor$Monitor@ad1017b] INFO  util.JvmPauseMonitor (JvmPauseMonitor.java:run(188)) - Starting JVM pause monitor
2020-12-17 06:17:03,343 [Listener at 127.0.0.1/38219] INFO  volume.HddsVolumeChecker (HddsVolumeChecker.java:checkAllVolumes(200)) - Scheduled health check for volume /github/workspace/mnt/ozone/hadoop-ozone/integration-test/target/test-dir/MiniOzoneClusterImpl-b9d63ab2-cea4-44c4-9857-355e5256a975/datanode-5/data-0/containers/hdds
2020-12-17 06:17:03,354 [Thread-5667] INFO  ozoneimpl.ContainerReader (ContainerReader.java:readVolume(123)) - Start to verify containers on volume /github/workspace/mnt/ozone/hadoop-ozone/integration-test/target/test-dir/MiniOzoneClusterImpl-b9d63ab2-cea4-44c4-9857-355e5256a975/datanode-5/data-0/containers/hdds
2020-12-17 06:17:03,354 [Thread-5667] INFO  ozoneimpl.ContainerReader (ContainerReader.java:readVolume(148)) - Finish verifying containers on volume /github/workspace/mnt/ozone/hadoop-ozone/integration-test/target/test-dir/MiniOzoneClusterImpl-b9d63ab2-cea4-44c4-9857-355e5256a975/datanode-5/data-0/containers/hdds
2020-12-17 06:17:03,354 [Listener at 127.0.0.1/38219] INFO  ozoneimpl.OzoneContainer (OzoneContainer.java:buildContainerSet(194)) - Build ContainerSet costs 0s
2020-12-17 06:17:03,356 [Listener at 127.0.0.1/38219] INFO  impl.RaftServerProxy (ConfUtils.java:logGet(44)) - raft.rpc.type = GRPC (default)
2020-12-17 06:17:03,356 [Listener at 127.0.0.1/38219] INFO  grpc.GrpcFactory (GrpcFactory.java:checkPooledByteBufAllocatorUseCacheForAllThreads(45)) - PERFORMANCE WARNING: useCacheForAllThreads is true that may cause Netty to create a lot garbage objects and, as a result, trigger GC.
	It is recommended to disable useCacheForAllThreads by setting -Dorg.apache.ratis.thirdparty.io.netty.allocator.useCacheForAllThreads=false in command line.
2020-12-17 06:17:03,356 [Listener at 127.0.0.1/38219] INFO  grpc.GrpcConfigKeys (ConfUtils.java:logGet(44)) - raft.grpc.server.port = 0 (default)
2020-12-17 06:17:03,356 [Listener at 127.0.0.1/38219] INFO  server.GrpcService (ConfUtils.java:logGet(44)) - raft.grpc.message.size.max = 32MB (=33554432) (custom)
2020-12-17 06:17:03,356 [Listener at 127.0.0.1/38219] INFO  server.RaftServerConfigKeys (ConfUtils.java:logGet(44)) - raft.server.log.appender.buffer.byte-limit = 33554432 (custom)
2020-12-17 06:17:03,356 [Listener at 127.0.0.1/38219] INFO  server.GrpcService (ConfUtils.java:logGet(44)) - raft.grpc.flow.control.window = 5MB (=5242880) (custom)
2020-12-17 06:17:03,356 [Listener at 127.0.0.1/38219] INFO  server.RaftServerConfigKeys (ConfUtils.java:logGet(44)) - raft.server.rpc.request.timeout = 60s (custom)
2020-12-17 06:17:03,357 [Listener at 127.0.0.1/38219] INFO  impl.DataStreamServerImpl (ConfUtils.java:logGet(44)) - raft.datastream.type = DISABLED (default)
2020-12-17 06:17:03,357 [Listener at 127.0.0.1/38219] INFO  server.RaftServerConfigKeys (ConfUtils.java:logGet(44)) - raft.server.storage.dir = [/github/workspace/mnt/ozone/hadoop-ozone/integration-test/target/test-dir/MiniOzoneClusterImpl-b9d63ab2-cea4-44c4-9857-355e5256a975/datanode-5/data/ratis] (custom)
2020-12-17 06:17:03,362 [Listener at 127.0.0.1/38219] INFO  http.BaseHttpServer (BaseHttpServer.java:newHttpServer2BuilderForOzone(207)) - Starting Web-server for hddsDatanode at: http://0.0.0.0:0
2020-12-17 06:17:03,362 [Listener at 127.0.0.1/38219] INFO  http.BaseHttpServer (BaseHttpServer.java:<init>(106)) - Hadoop Security Enabled: false Ozone Security Enabled: false Ozone HTTP Security Enabled: false 
2020-12-17 06:17:03,365 [Listener at 127.0.0.1/38219] INFO  server.AuthenticationFilter (AuthenticationFilter.java:constructSecretProvider(240)) - Unable to initialize FileSignerSecretProvider, falling back to use random secrets.
2020-12-17 06:17:03,366 [Listener at 127.0.0.1/38219] WARN  http.HttpRequestLog (HttpRequestLog.java:getRequestLog(103)) - Jetty request log can only be enabled using Log4j
2020-12-17 06:17:03,366 [Listener at 127.0.0.1/38219] INFO  http.HttpServer2 (HttpServer2.java:addGlobalFilter(1020)) - Added global filter 'safety' (class=org.apache.hadoop.hdds.server.http.HttpServer2$QuotingInputFilter)
2020-12-17 06:17:03,367 [Listener at 127.0.0.1/38219] INFO  http.HttpServer2 (HttpServer2.java:addFilter(996)) - Added filter static_user_filter (class=org.apache.hadoop.http.lib.StaticUserWebFilter$StaticUserFilter) to context hddsDatanode
2020-12-17 06:17:03,367 [Listener at 127.0.0.1/38219] INFO  http.HttpServer2 (HttpServer2.java:addFilter(1004)) - Added filter static_user_filter (class=org.apache.hadoop.http.lib.StaticUserWebFilter$StaticUserFilter) to context logs
2020-12-17 06:17:03,367 [Listener at 127.0.0.1/38219] INFO  http.HttpServer2 (HttpServer2.java:addFilter(1004)) - Added filter static_user_filter (class=org.apache.hadoop.http.lib.StaticUserWebFilter$StaticUserFilter) to context static
2020-12-17 06:17:03,367 [Listener at 127.0.0.1/38219] INFO  http.HttpServer2 (HttpServer2.java:bindListener(1238)) - Jetty bound to port 33607
2020-12-17 06:17:03,367 [Listener at 127.0.0.1/38219] INFO  server.Server (Server.java:doStart(375)) - jetty-9.4.34.v20201102; built: 2020-11-02T14:15:39.302Z; git: e46af88704a893fc12cb0e3bf46e2c7b48a009e7; jvm 1.8.0_232-b09
2020-12-17 06:17:03,372 [Listener at 127.0.0.1/38219] INFO  server.session (DefaultSessionIdManager.java:doStart(334)) - DefaultSessionIdManager workerName=node0
2020-12-17 06:17:03,373 [Listener at 127.0.0.1/38219] INFO  server.session (DefaultSessionIdManager.java:doStart(339)) - No SessionScavenger set, using defaults
2020-12-17 06:17:03,373 [Listener at 127.0.0.1/38219] INFO  server.session (HouseKeeper.java:startScavenging(132)) - node0 Scavenging every 600000ms
2020-12-17 06:17:03,376 [Listener at 127.0.0.1/38219] INFO  handler.ContextHandler (ContextHandler.java:doStart(916)) - Started o.e.j.s.ServletContextHandler@2777b616{logs,/logs,file:///github/workspace/mnt/ozone/hadoop-ozone/integration-test/target/log,AVAILABLE}
2020-12-17 06:17:03,376 [Listener at 127.0.0.1/38219] INFO  handler.ContextHandler (ContextHandler.java:doStart(916)) - Started o.e.j.s.ServletContextHandler@131b7eb9{static,/static,jar:file:/home/user/.m2/repository/org/apache/hadoop/hadoop-hdds-container-service/1.1.0-SNAPSHOT/hadoop-hdds-container-service-1.1.0-SNAPSHOT.jar!/webapps/static,AVAILABLE}
2020-12-17 06:17:03,512 [Listener at 127.0.0.1/38219] INFO  handler.ContextHandler (ContextHandler.java:doStart(916)) - Started o.e.j.w.WebAppContext@5b26d717{hddsDatanode,/,file:///tmp/jetty-0_0_0_0-33607-hadoop-hdds-container-service-1_1_0-SNAPSHOT_jar-_-any-7480124885410354308/webapp/,AVAILABLE}{jar:file:/home/user/.m2/repository/org/apache/hadoop/hadoop-hdds-container-service/1.1.0-SNAPSHOT/hadoop-hdds-container-service-1.1.0-SNAPSHOT.jar!/webapps/hddsDatanode}
2020-12-17 06:17:03,514 [Listener at 127.0.0.1/38219] INFO  server.AbstractConnector (AbstractConnector.java:doStart(331)) - Started ServerConnector@bda763e{HTTP/1.1, (http/1.1)}{0.0.0.0:33607}
2020-12-17 06:17:03,514 [Listener at 127.0.0.1/38219] INFO  server.Server (Server.java:doStart(415)) - Started @363033ms
2020-12-17 06:17:03,514 [Listener at 127.0.0.1/38219] WARN  impl.MetricsSystemImpl (MetricsSystemImpl.java:register(276)) - Sink prometheus already exists!
2020-12-17 06:17:03,517 [Listener at 127.0.0.1/38219] INFO  http.BaseHttpServer (BaseHttpServer.java:updateConnectorAddress(327)) - HTTP server of hddsDatanode listening at http://0.0.0.0:33607
2020-12-17 06:17:03,518 [Listener at 127.0.0.1/38219] INFO  ozone.MiniOzoneClusterImpl (MiniOzoneClusterImpl.java:lambda$waitForClusterToBeReady$0(178)) - Waiting for nodes to be ready. Got 0 of 6 DN Heartbeats.
2020-12-17 06:17:03,518 [Listener at 127.0.0.1/38219] INFO  ozone.MiniOzoneClusterImpl (MiniOzoneClusterImpl.java:lambda$waitForClusterToBeReady$0(181)) - Waiting for cluster to exit safe mode
2020-12-17 06:17:03,524 [org.apache.hadoop.util.JvmPauseMonitor$Monitor@5da13a81] INFO  util.JvmPauseMonitor (JvmPauseMonitor.java:run(188)) - Starting JVM pause monitor
2020-12-17 06:17:03,524 [Datanode State Machine Task Thread - 0] INFO  datanode.InitDatanodeState (InitDatanodeState.java:persistContainerDatanodeDetails(145)) - DatanodeDetails is persisted to /github/workspace/mnt/ozone/hadoop-ozone/integration-test/target/test-dir/MiniOzoneClusterImpl-b9d63ab2-cea4-44c4-9857-355e5256a975/datanode-5/meta/datanode.id
2020-12-17 06:17:04,518 [Listener at 127.0.0.1/38219] INFO  ozone.MiniOzoneClusterImpl (MiniOzoneClusterImpl.java:lambda$waitForClusterToBeReady$0(178)) - Waiting for nodes to be ready. Got 0 of 6 DN Heartbeats.
2020-12-17 06:17:04,518 [Listener at 127.0.0.1/38219] INFO  ozone.MiniOzoneClusterImpl (MiniOzoneClusterImpl.java:lambda$waitForClusterToBeReady$0(181)) - Waiting for cluster to exit safe mode
2020-12-17 06:17:04,684 [EndpointStateMachine task thread for /0.0.0.0:40601 - 0 ] INFO  ozoneimpl.OzoneContainer (OzoneContainer.java:start(243)) - Attempting to start container services.
2020-12-17 06:17:04,684 [EndpointStateMachine task thread for /0.0.0.0:40601 - 0 ] INFO  ozoneimpl.OzoneContainer (OzoneContainer.java:startContainerScrub(207)) - Background container scanner has been disabled.
2020-12-17 06:17:04,684 [EndpointStateMachine task thread for /0.0.0.0:40601 - 0 ] INFO  ratis.XceiverServerRatis (XceiverServerRatis.java:start(456)) - Starting XceiverServerRatis 498f54dd-f545-4970-aaf6-8938e8aa224a at port 0
2020-12-17 06:17:04,685 [EndpointStateMachine task thread for /0.0.0.0:40601 - 0 ] INFO  impl.RaftServerProxy (RaftServerProxy.java:lambda$start$3(321)) - 498f54dd-f545-4970-aaf6-8938e8aa224a: start RPC server
2020-12-17 06:17:04,685 [EndpointStateMachine task thread for /0.0.0.0:40601 - 0 ] INFO  server.GrpcService (GrpcService.java:startImpl(177)) - 498f54dd-f545-4970-aaf6-8938e8aa224a: GrpcService started, listening on 0.0.0.0/0.0.0.0:38939
2020-12-17 06:17:04,686 [EndpointStateMachine task thread for /0.0.0.0:40601 - 0 ] INFO  ratis.XceiverServerRatis (XceiverServerRatis.java:start(468)) - XceiverServerRatis 498f54dd-f545-4970-aaf6-8938e8aa224a is started using port 38939
2020-12-17 06:17:04,686 [org.apache.ratis.server.JvmPauseMonitor@206f50a3-Monitor] INFO  server.RaftServerConfigKeys (ConfUtils.java:logGet(44)) - raft.server.leaderelection.leader.step-down.wait-time = 10s (default)
2020-12-17 06:17:04,686 [EndpointStateMachine task thread for /0.0.0.0:40601 - 0 ] INFO  server.XceiverServerGrpc (XceiverServerGrpc.java:start(145)) - XceiverServerGrpc 498f54dd-f545-4970-aaf6-8938e8aa224a is started using port 33401
2020-12-17 06:17:04,686 [org.apache.ratis.server.JvmPauseMonitor@206f50a3-Monitor] INFO  server.RaftServerConfigKeys (ConfUtils.java:logGet(44)) - raft.server.rpc.slowness.timeout = 300s (custom)
2020-12-17 06:17:04,686 [org.apache.ratis.server.JvmPauseMonitor@206f50a3-Monitor] INFO  server.JvmPauseMonitor (JvmPauseMonitor.java:run(129)) - Starting Ratis JVM pause monitor
2020-12-17 06:17:04,839 [EndpointStateMachine task thread for /0.0.0.0:40601 - 0 ] INFO  ozoneimpl.OzoneContainer (OzoneContainer.java:start(243)) - Attempting to start container services.
2020-12-17 06:17:04,839 [EndpointStateMachine task thread for /0.0.0.0:40601 - 0 ] INFO  ozoneimpl.OzoneContainer (OzoneContainer.java:startContainerScrub(207)) - Background container scanner has been disabled.
2020-12-17 06:17:04,840 [EndpointStateMachine task thread for /0.0.0.0:40601 - 0 ] INFO  ratis.XceiverServerRatis (XceiverServerRatis.java:start(456)) - Starting XceiverServerRatis 0e8fc707-3157-4ba9-8ca0-1e159f3dc0e9 at port 0
2020-12-17 06:17:04,841 [EndpointStateMachine task thread for /0.0.0.0:40601 - 0 ] INFO  impl.RaftServerProxy (RaftServerProxy.java:lambda$start$3(321)) - 0e8fc707-3157-4ba9-8ca0-1e159f3dc0e9: start RPC server
2020-12-17 06:17:04,841 [EndpointStateMachine task thread for /0.0.0.0:40601 - 0 ] INFO  server.GrpcService (GrpcService.java:startImpl(177)) - 0e8fc707-3157-4ba9-8ca0-1e159f3dc0e9: GrpcService started, listening on 0.0.0.0/0.0.0.0:43839
2020-12-17 06:17:04,841 [EndpointStateMachine task thread for /0.0.0.0:40601 - 0 ] INFO  ratis.XceiverServerRatis (XceiverServerRatis.java:start(468)) - XceiverServerRatis 0e8fc707-3157-4ba9-8ca0-1e159f3dc0e9 is started using port 43839
2020-12-17 06:17:04,842 [org.apache.ratis.server.JvmPauseMonitor@9893f36-Monitor] INFO  server.RaftServerConfigKeys (ConfUtils.java:logGet(44)) - raft.server.leaderelection.leader.step-down.wait-time = 10s (default)
2020-12-17 06:17:04,842 [EndpointStateMachine task thread for /0.0.0.0:40601 - 0 ] INFO  server.XceiverServerGrpc (XceiverServerGrpc.java:start(145)) - XceiverServerGrpc 0e8fc707-3157-4ba9-8ca0-1e159f3dc0e9 is started using port 34367
2020-12-17 06:17:04,842 [org.apache.ratis.server.JvmPauseMonitor@9893f36-Monitor] INFO  server.RaftServerConfigKeys (ConfUtils.java:logGet(44)) - raft.server.rpc.slowness.timeout = 300s (custom)
2020-12-17 06:17:04,842 [org.apache.ratis.server.JvmPauseMonitor@9893f36-Monitor] INFO  server.JvmPauseMonitor (JvmPauseMonitor.java:run(129)) - Starting Ratis JVM pause monitor
2020-12-17 06:17:05,008 [EndpointStateMachine task thread for /0.0.0.0:40601 - 0 ] INFO  ozoneimpl.OzoneContainer (OzoneContainer.java:start(243)) - Attempting to start container services.
2020-12-17 06:17:05,009 [EndpointStateMachine task thread for /0.0.0.0:40601 - 0 ] INFO  ozoneimpl.OzoneContainer (OzoneContainer.java:startContainerScrub(207)) - Background container scanner has been disabled.
2020-12-17 06:17:05,009 [EndpointStateMachine task thread for /0.0.0.0:40601 - 0 ] INFO  ratis.XceiverServerRatis (XceiverServerRatis.java:start(456)) - Starting XceiverServerRatis 5c172e1d-997d-4dd3-baf9-9414c84d2cc3 at port 0
2020-12-17 06:17:05,010 [EndpointStateMachine task thread for /0.0.0.0:40601 - 0 ] INFO  impl.RaftServerProxy (RaftServerProxy.java:lambda$start$3(321)) - 5c172e1d-997d-4dd3-baf9-9414c84d2cc3: start RPC server
2020-12-17 06:17:05,010 [EndpointStateMachine task thread for /0.0.0.0:40601 - 0 ] INFO  server.GrpcService (GrpcService.java:startImpl(177)) - 5c172e1d-997d-4dd3-baf9-9414c84d2cc3: GrpcService started, listening on 0.0.0.0/0.0.0.0:45075
2020-12-17 06:17:05,011 [EndpointStateMachine task thread for /0.0.0.0:40601 - 0 ] INFO  ratis.XceiverServerRatis (XceiverServerRatis.java:start(468)) - XceiverServerRatis 5c172e1d-997d-4dd3-baf9-9414c84d2cc3 is started using port 45075
2020-12-17 06:17:05,011 [org.apache.ratis.server.JvmPauseMonitor@39b41d89-Monitor] INFO  server.RaftServerConfigKeys (ConfUtils.java:logGet(44)) - raft.server.leaderelection.leader.step-down.wait-time = 10s (default)
2020-12-17 06:17:05,011 [EndpointStateMachine task thread for /0.0.0.0:40601 - 0 ] INFO  server.XceiverServerGrpc (XceiverServerGrpc.java:start(145)) - XceiverServerGrpc 5c172e1d-997d-4dd3-baf9-9414c84d2cc3 is started using port 43151
2020-12-17 06:17:05,011 [org.apache.ratis.server.JvmPauseMonitor@39b41d89-Monitor] INFO  server.RaftServerConfigKeys (ConfUtils.java:logGet(44)) - raft.server.rpc.slowness.timeout = 300s (custom)
2020-12-17 06:17:05,011 [org.apache.ratis.server.JvmPauseMonitor@39b41d89-Monitor] INFO  server.JvmPauseMonitor (JvmPauseMonitor.java:run(129)) - Starting Ratis JVM pause monitor
2020-12-17 06:17:05,177 [EndpointStateMachine task thread for /0.0.0.0:40601 - 0 ] INFO  ozoneimpl.OzoneContainer (OzoneContainer.java:start(243)) - Attempting to start container services.
2020-12-17 06:17:05,177 [EndpointStateMachine task thread for /0.0.0.0:40601 - 0 ] INFO  ozoneimpl.OzoneContainer (OzoneContainer.java:startContainerScrub(207)) - Background container scanner has been disabled.
2020-12-17 06:17:05,177 [EndpointStateMachine task thread for /0.0.0.0:40601 - 0 ] INFO  ratis.XceiverServerRatis (XceiverServerRatis.java:start(456)) - Starting XceiverServerRatis 257b61ee-eb6d-48eb-bce8-7b671ec5e6a0 at port 0
2020-12-17 06:17:05,179 [EndpointStateMachine task thread for /0.0.0.0:40601 - 0 ] INFO  impl.RaftServerProxy (RaftServerProxy.java:lambda$start$3(321)) - 257b61ee-eb6d-48eb-bce8-7b671ec5e6a0: start RPC server
2020-12-17 06:17:05,184 [EndpointStateMachine task thread for /0.0.0.0:40601 - 0 ] INFO  server.GrpcService (GrpcService.java:startImpl(177)) - 257b61ee-eb6d-48eb-bce8-7b671ec5e6a0: GrpcService started, listening on 0.0.0.0/0.0.0.0:37929
2020-12-17 06:17:05,185 [EndpointStateMachine task thread for /0.0.0.0:40601 - 0 ] INFO  ratis.XceiverServerRatis (XceiverServerRatis.java:start(468)) - XceiverServerRatis 257b61ee-eb6d-48eb-bce8-7b671ec5e6a0 is started using port 37929
2020-12-17 06:17:05,185 [EndpointStateMachine task thread for /0.0.0.0:40601 - 0 ] INFO  server.XceiverServerGrpc (XceiverServerGrpc.java:start(145)) - XceiverServerGrpc 257b61ee-eb6d-48eb-bce8-7b671ec5e6a0 is started using port 37887
2020-12-17 06:17:05,185 [org.apache.ratis.server.JvmPauseMonitor@219e7781-Monitor] INFO  server.RaftServerConfigKeys (ConfUtils.java:logGet(44)) - raft.server.leaderelection.leader.step-down.wait-time = 10s (default)
2020-12-17 06:17:05,185 [org.apache.ratis.server.JvmPauseMonitor@219e7781-Monitor] INFO  server.RaftServerConfigKeys (ConfUtils.java:logGet(44)) - raft.server.rpc.slowness.timeout = 300s (custom)
2020-12-17 06:17:05,185 [org.apache.ratis.server.JvmPauseMonitor@219e7781-Monitor] INFO  server.JvmPauseMonitor (JvmPauseMonitor.java:run(129)) - Starting Ratis JVM pause monitor
2020-12-17 06:17:05,344 [EndpointStateMachine task thread for /0.0.0.0:40601 - 0 ] INFO  ozoneimpl.OzoneContainer (OzoneContainer.java:start(243)) - Attempting to start container services.
2020-12-17 06:17:05,345 [EndpointStateMachine task thread for /0.0.0.0:40601 - 0 ] INFO  ozoneimpl.OzoneContainer (OzoneContainer.java:startContainerScrub(207)) - Background container scanner has been disabled.
2020-12-17 06:17:05,345 [EndpointStateMachine task thread for /0.0.0.0:40601 - 0 ] INFO  ratis.XceiverServerRatis (XceiverServerRatis.java:start(456)) - Starting XceiverServerRatis ebe706cb-1bab-4194-9c59-b1279774a307 at port 0
2020-12-17 06:17:05,349 [EndpointStateMachine task thread for /0.0.0.0:40601 - 0 ] INFO  impl.RaftServerProxy (RaftServerProxy.java:lambda$start$3(321)) - ebe706cb-1bab-4194-9c59-b1279774a307: start RPC server
2020-12-17 06:17:05,353 [EndpointStateMachine task thread for /0.0.0.0:40601 - 0 ] INFO  server.GrpcService (GrpcService.java:startImpl(177)) - ebe706cb-1bab-4194-9c59-b1279774a307: GrpcService started, listening on 0.0.0.0/0.0.0.0:39937
2020-12-17 06:17:05,353 [EndpointStateMachine task thread for /0.0.0.0:40601 - 0 ] INFO  ratis.XceiverServerRatis (XceiverServerRatis.java:start(468)) - XceiverServerRatis ebe706cb-1bab-4194-9c59-b1279774a307 is started using port 39937
2020-12-17 06:17:05,353 [EndpointStateMachine task thread for /0.0.0.0:40601 - 0 ] INFO  server.XceiverServerGrpc (XceiverServerGrpc.java:start(145)) - XceiverServerGrpc ebe706cb-1bab-4194-9c59-b1279774a307 is started using port 39737
2020-12-17 06:17:05,353 [org.apache.ratis.server.JvmPauseMonitor@2163eb9c-Monitor] INFO  server.RaftServerConfigKeys (ConfUtils.java:logGet(44)) - raft.server.leaderelection.leader.step-down.wait-time = 10s (default)
2020-12-17 06:17:05,353 [org.apache.ratis.server.JvmPauseMonitor@2163eb9c-Monitor] INFO  server.RaftServerConfigKeys (ConfUtils.java:logGet(44)) - raft.server.rpc.slowness.timeout = 300s (custom)
2020-12-17 06:17:05,354 [org.apache.ratis.server.JvmPauseMonitor@2163eb9c-Monitor] INFO  server.JvmPauseMonitor (JvmPauseMonitor.java:run(129)) - Starting Ratis JVM pause monitor
2020-12-17 06:17:05,518 [Listener at 127.0.0.1/38219] INFO  ozone.MiniOzoneClusterImpl (MiniOzoneClusterImpl.java:lambda$waitForClusterToBeReady$0(178)) - Waiting for nodes to be ready. Got 0 of 6 DN Heartbeats.
2020-12-17 06:17:05,519 [Listener at 127.0.0.1/38219] INFO  ozone.MiniOzoneClusterImpl (MiniOzoneClusterImpl.java:lambda$waitForClusterToBeReady$0(181)) - Waiting for cluster to exit safe mode
2020-12-17 06:17:05,533 [EndpointStateMachine task thread for /0.0.0.0:40601 - 0 ] INFO  ozoneimpl.OzoneContainer (OzoneContainer.java:start(243)) - Attempting to start container services.
2020-12-17 06:17:05,533 [EndpointStateMachine task thread for /0.0.0.0:40601 - 0 ] INFO  ozoneimpl.OzoneContainer (OzoneContainer.java:startContainerScrub(207)) - Background container scanner has been disabled.
2020-12-17 06:17:05,533 [EndpointStateMachine task thread for /0.0.0.0:40601 - 0 ] INFO  ratis.XceiverServerRatis (XceiverServerRatis.java:start(456)) - Starting XceiverServerRatis af686100-7e6c-4b70-9ed6-519c9a6108c4 at port 0
2020-12-17 06:17:05,535 [EndpointStateMachine task thread for /0.0.0.0:40601 - 0 ] INFO  impl.RaftServerProxy (RaftServerProxy.java:lambda$start$3(321)) - af686100-7e6c-4b70-9ed6-519c9a6108c4: start RPC server
2020-12-17 06:17:05,536 [EndpointStateMachine task thread for /0.0.0.0:40601 - 0 ] INFO  server.GrpcService (GrpcService.java:startImpl(177)) - af686100-7e6c-4b70-9ed6-519c9a6108c4: GrpcService started, listening on 0.0.0.0/0.0.0.0:44771
2020-12-17 06:17:05,536 [EndpointStateMachine task thread for /0.0.0.0:40601 - 0 ] INFO  ratis.XceiverServerRatis (XceiverServerRatis.java:start(468)) - XceiverServerRatis af686100-7e6c-4b70-9ed6-519c9a6108c4 is started using port 44771
2020-12-17 06:17:05,540 [EndpointStateMachine task thread for /0.0.0.0:40601 - 0 ] INFO  server.XceiverServerGrpc (XceiverServerGrpc.java:start(145)) - XceiverServerGrpc af686100-7e6c-4b70-9ed6-519c9a6108c4 is started using port 33109
2020-12-17 06:17:05,542 [org.apache.ratis.server.JvmPauseMonitor@47e0ef7e-Monitor] INFO  server.RaftServerConfigKeys (ConfUtils.java:logGet(44)) - raft.server.leaderelection.leader.step-down.wait-time = 10s (default)
2020-12-17 06:17:05,542 [org.apache.ratis.server.JvmPauseMonitor@47e0ef7e-Monitor] INFO  server.RaftServerConfigKeys (ConfUtils.java:logGet(44)) - raft.server.rpc.slowness.timeout = 300s (custom)
2020-12-17 06:17:05,542 [org.apache.ratis.server.JvmPauseMonitor@47e0ef7e-Monitor] INFO  server.JvmPauseMonitor (JvmPauseMonitor.java:run(129)) - Starting Ratis JVM pause monitor
2020-12-17 06:17:06,519 [Listener at 127.0.0.1/38219] INFO  ozone.MiniOzoneClusterImpl (MiniOzoneClusterImpl.java:lambda$waitForClusterToBeReady$0(178)) - Waiting for nodes to be ready. Got 0 of 6 DN Heartbeats.
2020-12-17 06:17:06,519 [Listener at 127.0.0.1/38219] INFO  ozone.MiniOzoneClusterImpl (MiniOzoneClusterImpl.java:lambda$waitForClusterToBeReady$0(181)) - Waiting for cluster to exit safe mode
2020-12-17 06:17:06,678 [IPC Server handler 2 on default port 40601] INFO  net.NetworkTopologyImpl (NetworkTopologyImpl.java:add(111)) - Added a new node: /default-rack/498f54dd-f545-4970-aaf6-8938e8aa224a
2020-12-17 06:17:06,680 [IPC Server handler 2 on default port 40601] INFO  node.SCMNodeManager (SCMNodeManager.java:register(341)) - Registered Data node : 498f54dd-f545-4970-aaf6-8938e8aa224a{ip: 172.17.0.2, host: 647233daa2c6, networkLocation: /default-rack, certSerialId: null, persistedOpState: IN_SERVICE, persistedOpStateExpiryEpochSec: 0}
2020-12-17 06:17:06,680 [RatisPipelineUtilsThread] INFO  pipeline.RatisPipelineProvider (RatisPipelineProvider.java:lambda$create$0(161)) - Sending CreatePipelineCommand for pipeline:PipelineID=4b68c00b-152b-44f6-8d9e-3c8bee36b590 to datanode:498f54dd-f545-4970-aaf6-8938e8aa224a
2020-12-17 06:17:06,680 [EventQueue-NodeRegistrationContainerReportForContainerSafeModeRule] INFO  safemode.SCMSafeModeManager (SCMSafeModeManager.java:validateSafeModeExitRules(214)) - ContainerSafeModeRule rule is successfully validated
2020-12-17 06:17:06,680 [EventQueue-NodeRegistrationContainerReportForDataNodeSafeModeRule] INFO  safemode.SCMSafeModeManager (DataNodeSafeModeRule.java:process(71)) - SCM in safe mode. 1 DataNodes registered, 1 required.
2020-12-17 06:17:06,683 [EventQueue-NodeRegistrationContainerReportForDataNodeSafeModeRule] INFO  safemode.SCMSafeModeManager (SCMSafeModeManager.java:validateSafeModeExitRules(214)) - DataNodeSafeModeRule rule is successfully validated
2020-12-17 06:17:06,683 [EventQueue-NodeRegistrationContainerReportForDataNodeSafeModeRule] INFO  safemode.SCMSafeModeManager (SCMSafeModeManager.java:completePreCheck(242)) - All SCM safe mode pre check rules have passed
2020-12-17 06:17:06,683 [RatisPipelineUtilsThread] INFO  pipeline.PipelineStateManager (PipelineStateManager.java:addPipeline(54)) - Created pipeline Pipeline[ Id: 4b68c00b-152b-44f6-8d9e-3c8bee36b590, Nodes: 498f54dd-f545-4970-aaf6-8938e8aa224a{ip: 172.17.0.2, host: 647233daa2c6, networkLocation: /default-rack, certSerialId: null, persistedOpState: IN_SERVICE, persistedOpStateExpiryEpochSec: 0}, Type:RATIS, Factor:ONE, State:ALLOCATED, leaderId:, CreationTimestamp2020-12-17T06:17:06.680Z]
2020-12-17 06:17:06,684 [RatisPipelineUtilsThread] WARN  pipeline.PipelinePlacementPolicy (PipelinePlacementPolicy.java:filterViableNodes(139)) - Pipeline creation failed due to no sufficient healthy datanodes. Required 3. Found 1.
2020-12-17 06:17:06,685 [EventQueue-PipelineReportForOneReplicaPipelineSafeModeRule] INFO  safemode.SCMSafeModeManager (SCMSafeModeManager.java:validateSafeModeExitRules(214)) - AtleastOneDatanodeReportedRule rule is successfully validated
2020-12-17 06:17:06,836 [IPC Server handler 3 on default port 40601] INFO  net.NetworkTopologyImpl (NetworkTopologyImpl.java:add(111)) - Added a new node: /default-rack/0e8fc707-3157-4ba9-8ca0-1e159f3dc0e9
2020-12-17 06:17:06,836 [IPC Server handler 3 on default port 40601] INFO  node.SCMNodeManager (SCMNodeManager.java:register(341)) - Registered Data node : 0e8fc707-3157-4ba9-8ca0-1e159f3dc0e9{ip: 172.17.0.2, host: 647233daa2c6, networkLocation: /default-rack, certSerialId: null, persistedOpState: IN_SERVICE, persistedOpStateExpiryEpochSec: 0}
2020-12-17 06:17:06,836 [EventQueue-NodeRegistrationContainerReportForDataNodeSafeModeRule] INFO  safemode.SCMSafeModeManager (SCMSafeModeManager.java:validateSafeModeExitRules(214)) - DataNodeSafeModeRule rule is successfully validated
2020-12-17 06:17:06,837 [EventQueue-PipelineReportForOneReplicaPipelineSafeModeRule] INFO  safemode.SCMSafeModeManager (SCMSafeModeManager.java:validateSafeModeExitRules(214)) - AtleastOneDatanodeReportedRule rule is successfully validated
2020-12-17 06:17:06,837 [EventQueue-NodeRegistrationContainerReportForContainerSafeModeRule] INFO  safemode.SCMSafeModeManager (SCMSafeModeManager.java:validateSafeModeExitRules(214)) - ContainerSafeModeRule rule is successfully validated
2020-12-17 06:17:06,837 [RatisPipelineUtilsThread] INFO  pipeline.RatisPipelineProvider (RatisPipelineProvider.java:lambda$create$0(161)) - Sending CreatePipelineCommand for pipeline:PipelineID=34bd1f3b-6966-4254-a5a5-7a6015f1f07a to datanode:0e8fc707-3157-4ba9-8ca0-1e159f3dc0e9
2020-12-17 06:17:06,837 [RatisPipelineUtilsThread] INFO  pipeline.PipelineStateManager (PipelineStateManager.java:addPipeline(54)) - Created pipeline Pipeline[ Id: 34bd1f3b-6966-4254-a5a5-7a6015f1f07a, Nodes: 0e8fc707-3157-4ba9-8ca0-1e159f3dc0e9{ip: 172.17.0.2, host: 647233daa2c6, networkLocation: /default-rack, certSerialId: null, persistedOpState: IN_SERVICE, persistedOpStateExpiryEpochSec: 0}, Type:RATIS, Factor:ONE, State:ALLOCATED, leaderId:, CreationTimestamp2020-12-17T06:17:06.837Z]
2020-12-17 06:17:06,837 [RatisPipelineUtilsThread] WARN  pipeline.PipelinePlacementPolicy (PipelinePlacementPolicy.java:filterViableNodes(139)) - Pipeline creation failed due to no sufficient healthy datanodes. Required 3. Found 2.
2020-12-17 06:17:07,005 [IPC Server handler 4 on default port 40601] INFO  net.NetworkTopologyImpl (NetworkTopologyImpl.java:add(111)) - Added a new node: /default-rack/5c172e1d-997d-4dd3-baf9-9414c84d2cc3
2020-12-17 06:17:07,006 [IPC Server handler 4 on default port 40601] INFO  node.SCMNodeManager (SCMNodeManager.java:register(341)) - Registered Data node : 5c172e1d-997d-4dd3-baf9-9414c84d2cc3{ip: 172.17.0.2, host: 647233daa2c6, networkLocation: /default-rack, certSerialId: null, persistedOpState: IN_SERVICE, persistedOpStateExpiryEpochSec: 0}
2020-12-17 06:17:07,006 [RatisPipelineUtilsThread] INFO  pipeline.RatisPipelineProvider (RatisPipelineProvider.java:lambda$create$0(161)) - Sending CreatePipelineCommand for pipeline:PipelineID=0e3738b0-5edd-444e-ad73-e975f43f3c1e to datanode:5c172e1d-997d-4dd3-baf9-9414c84d2cc3
2020-12-17 06:17:07,006 [EventQueue-NodeRegistrationContainerReportForDataNodeSafeModeRule] INFO  safemode.SCMSafeModeManager (SCMSafeModeManager.java:validateSafeModeExitRules(214)) - DataNodeSafeModeRule rule is successfully validated
2020-12-17 06:17:07,006 [EventQueue-NodeRegistrationContainerReportForContainerSafeModeRule] INFO  safemode.SCMSafeModeManager (SCMSafeModeManager.java:validateSafeModeExitRules(214)) - ContainerSafeModeRule rule is successfully validated
2020-12-17 06:17:07,006 [EventQueue-PipelineReportForOneReplicaPipelineSafeModeRule] INFO  safemode.SCMSafeModeManager (SCMSafeModeManager.java:validateSafeModeExitRules(214)) - AtleastOneDatanodeReportedRule rule is successfully validated
2020-12-17 06:17:07,006 [RatisPipelineUtilsThread] INFO  pipeline.PipelineStateManager (PipelineStateManager.java:addPipeline(54)) - Created pipeline Pipeline[ Id: 0e3738b0-5edd-444e-ad73-e975f43f3c1e, Nodes: 5c172e1d-997d-4dd3-baf9-9414c84d2cc3{ip: 172.17.0.2, host: 647233daa2c6, networkLocation: /default-rack, certSerialId: null, persistedOpState: IN_SERVICE, persistedOpStateExpiryEpochSec: 0}, Type:RATIS, Factor:ONE, State:ALLOCATED, leaderId:, CreationTimestamp2020-12-17T06:17:07.006Z]
2020-12-17 06:17:07,007 [RatisPipelineUtilsThread] INFO  pipeline.RatisPipelineProvider (RatisPipelineProvider.java:lambda$create$0(161)) - Sending CreatePipelineCommand for pipeline:PipelineID=0769a2cb-477e-42c6-8fa5-1d44ebe411ff to datanode:0e8fc707-3157-4ba9-8ca0-1e159f3dc0e9
2020-12-17 06:17:07,007 [RatisPipelineUtilsThread] INFO  pipeline.RatisPipelineProvider (RatisPipelineProvider.java:lambda$create$0(161)) - Sending CreatePipelineCommand for pipeline:PipelineID=0769a2cb-477e-42c6-8fa5-1d44ebe411ff to datanode:5c172e1d-997d-4dd3-baf9-9414c84d2cc3
2020-12-17 06:17:07,007 [RatisPipelineUtilsThread] INFO  pipeline.RatisPipelineProvider (RatisPipelineProvider.java:lambda$create$0(161)) - Sending CreatePipelineCommand for pipeline:PipelineID=0769a2cb-477e-42c6-8fa5-1d44ebe411ff to datanode:498f54dd-f545-4970-aaf6-8938e8aa224a
2020-12-17 06:17:07,007 [RatisPipelineUtilsThread] INFO  pipeline.PipelineStateManager (PipelineStateManager.java:addPipeline(54)) - Created pipeline Pipeline[ Id: 0769a2cb-477e-42c6-8fa5-1d44ebe411ff, Nodes: 0e8fc707-3157-4ba9-8ca0-1e159f3dc0e9{ip: 172.17.0.2, host: 647233daa2c6, networkLocation: /default-rack, certSerialId: null, persistedOpState: IN_SERVICE, persistedOpStateExpiryEpochSec: 0}5c172e1d-997d-4dd3-baf9-9414c84d2cc3{ip: 172.17.0.2, host: 647233daa2c6, networkLocation: /default-rack, certSerialId: null, persistedOpState: IN_SERVICE, persistedOpStateExpiryEpochSec: 0}498f54dd-f545-4970-aaf6-8938e8aa224a{ip: 172.17.0.2, host: 647233daa2c6, networkLocation: /default-rack, certSerialId: null, persistedOpState: IN_SERVICE, persistedOpStateExpiryEpochSec: 0}, Type:RATIS, Factor:THREE, State:ALLOCATED, leaderId:, CreationTimestamp2020-12-17T06:17:07.007Z]
2020-12-17 06:17:07,172 [IPC Server handler 5 on default port 40601] INFO  net.NetworkTopologyImpl (NetworkTopologyImpl.java:add(111)) - Added a new node: /default-rack/257b61ee-eb6d-48eb-bce8-7b671ec5e6a0
2020-12-17 06:17:07,172 [IPC Server handler 5 on default port 40601] INFO  node.SCMNodeManager (SCMNodeManager.java:register(341)) - Registered Data node : 257b61ee-eb6d-48eb-bce8-7b671ec5e6a0{ip: 172.17.0.2, host: 647233daa2c6, networkLocation: /default-rack, certSerialId: null, persistedOpState: IN_SERVICE, persistedOpStateExpiryEpochSec: 0}
2020-12-17 06:17:07,173 [EventQueue-NodeRegistrationContainerReportForDataNodeSafeModeRule] INFO  safemode.SCMSafeModeManager (SCMSafeModeManager.java:validateSafeModeExitRules(214)) - DataNodeSafeModeRule rule is successfully validated
2020-12-17 06:17:07,173 [EventQueue-NodeRegistrationContainerReportForContainerSafeModeRule] INFO  safemode.SCMSafeModeManager (SCMSafeModeManager.java:validateSafeModeExitRules(214)) - ContainerSafeModeRule rule is successfully validated
2020-12-17 06:17:07,173 [EventQueue-PipelineReportForOneReplicaPipelineSafeModeRule] INFO  safemode.SCMSafeModeManager (SCMSafeModeManager.java:validateSafeModeExitRules(214)) - AtleastOneDatanodeReportedRule rule is successfully validated
2020-12-17 06:17:07,173 [RatisPipelineUtilsThread] INFO  pipeline.RatisPipelineProvider (RatisPipelineProvider.java:lambda$create$0(161)) - Sending CreatePipelineCommand for pipeline:PipelineID=c580aeca-e942-4d7b-9ad3-023009f6bfb2 to datanode:257b61ee-eb6d-48eb-bce8-7b671ec5e6a0
2020-12-17 06:17:07,173 [RatisPipelineUtilsThread] INFO  pipeline.PipelineStateManager (PipelineStateManager.java:addPipeline(54)) - Created pipeline Pipeline[ Id: c580aeca-e942-4d7b-9ad3-023009f6bfb2, Nodes: 257b61ee-eb6d-48eb-bce8-7b671ec5e6a0{ip: 172.17.0.2, host: 647233daa2c6, networkLocation: /default-rack, certSerialId: null, persistedOpState: IN_SERVICE, persistedOpStateExpiryEpochSec: 0}, Type:RATIS, Factor:ONE, State:ALLOCATED, leaderId:, CreationTimestamp2020-12-17T06:17:07.173Z]
2020-12-17 06:17:07,343 [IPC Server handler 0 on default port 40601] INFO  net.NetworkTopologyImpl (NetworkTopologyImpl.java:add(111)) - Added a new node: /default-rack/ebe706cb-1bab-4194-9c59-b1279774a307
2020-12-17 06:17:07,343 [IPC Server handler 0 on default port 40601] INFO  node.SCMNodeManager (SCMNodeManager.java:register(341)) - Registered Data node : ebe706cb-1bab-4194-9c59-b1279774a307{ip: 172.17.0.2, host: 647233daa2c6, networkLocation: /default-rack, certSerialId: null, persistedOpState: IN_SERVICE, persistedOpStateExpiryEpochSec: 0}
2020-12-17 06:17:07,343 [EventQueue-NodeRegistrationContainerReportForDataNodeSafeModeRule] INFO  safemode.SCMSafeModeManager (SCMSafeModeManager.java:validateSafeModeExitRules(214)) - DataNodeSafeModeRule rule is successfully validated
2020-12-17 06:17:07,343 [EventQueue-PipelineReportForOneReplicaPipelineSafeModeRule] INFO  safemode.SCMSafeModeManager (SCMSafeModeManager.java:validateSafeModeExitRules(214)) - AtleastOneDatanodeReportedRule rule is successfully validated
2020-12-17 06:17:07,343 [EventQueue-NodeRegistrationContainerReportForContainerSafeModeRule] INFO  safemode.SCMSafeModeManager (SCMSafeModeManager.java:validateSafeModeExitRules(214)) - ContainerSafeModeRule rule is successfully validated
2020-12-17 06:17:07,343 [RatisPipelineUtilsThread] INFO  pipeline.RatisPipelineProvider (RatisPipelineProvider.java:lambda$create$0(161)) - Sending CreatePipelineCommand for pipeline:PipelineID=f7dc8530-5d59-4fc6-81e7-24dc147e2eb2 to datanode:ebe706cb-1bab-4194-9c59-b1279774a307
2020-12-17 06:17:07,344 [RatisPipelineUtilsThread] INFO  pipeline.PipelineStateManager (PipelineStateManager.java:addPipeline(54)) - Created pipeline Pipeline[ Id: f7dc8530-5d59-4fc6-81e7-24dc147e2eb2, Nodes: ebe706cb-1bab-4194-9c59-b1279774a307{ip: 172.17.0.2, host: 647233daa2c6, networkLocation: /default-rack, certSerialId: null, persistedOpState: IN_SERVICE, persistedOpStateExpiryEpochSec: 0}, Type:RATIS, Factor:ONE, State:ALLOCATED, leaderId:, CreationTimestamp2020-12-17T06:17:07.343Z]
2020-12-17 06:17:07,520 [Listener at 127.0.0.1/38219] INFO  ozone.MiniOzoneClusterImpl (MiniOzoneClusterImpl.java:lambda$waitForClusterToBeReady$0(178)) - Waiting for nodes to be ready. Got 5 of 6 DN Heartbeats.
2020-12-17 06:17:07,520 [Listener at 127.0.0.1/38219] INFO  ozone.MiniOzoneClusterImpl (MiniOzoneClusterImpl.java:lambda$waitForClusterToBeReady$0(181)) - Waiting for cluster to exit safe mode
2020-12-17 06:17:07,526 [IPC Server handler 1 on default port 40601] INFO  net.NetworkTopologyImpl (NetworkTopologyImpl.java:add(111)) - Added a new node: /default-rack/af686100-7e6c-4b70-9ed6-519c9a6108c4
2020-12-17 06:17:07,526 [IPC Server handler 1 on default port 40601] INFO  node.SCMNodeManager (SCMNodeManager.java:register(341)) - Registered Data node : af686100-7e6c-4b70-9ed6-519c9a6108c4{ip: 172.17.0.2, host: 647233daa2c6, networkLocation: /default-rack, certSerialId: null, persistedOpState: IN_SERVICE, persistedOpStateExpiryEpochSec: 0}
2020-12-17 06:17:07,527 [EventQueue-NodeRegistrationContainerReportForDataNodeSafeModeRule] INFO  safemode.SCMSafeModeManager (SCMSafeModeManager.java:validateSafeModeExitRules(214)) - DataNodeSafeModeRule rule is successfully validated
2020-12-17 06:17:07,527 [EventQueue-NodeRegistrationContainerReportForContainerSafeModeRule] INFO  safemode.SCMSafeModeManager (SCMSafeModeManager.java:validateSafeModeExitRules(214)) - ContainerSafeModeRule rule is successfully validated
2020-12-17 06:17:07,527 [EventQueue-PipelineReportForOneReplicaPipelineSafeModeRule] INFO  safemode.SCMSafeModeManager (SCMSafeModeManager.java:validateSafeModeExitRules(214)) - AtleastOneDatanodeReportedRule rule is successfully validated
2020-12-17 06:17:07,527 [RatisPipelineUtilsThread] INFO  pipeline.RatisPipelineProvider (RatisPipelineProvider.java:lambda$create$0(161)) - Sending CreatePipelineCommand for pipeline:PipelineID=cc6c1aff-968e-4c79-bcea-500fcd4a5e49 to datanode:af686100-7e6c-4b70-9ed6-519c9a6108c4
2020-12-17 06:17:07,527 [RatisPipelineUtilsThread] INFO  pipeline.PipelineStateManager (PipelineStateManager.java:addPipeline(54)) - Created pipeline Pipeline[ Id: cc6c1aff-968e-4c79-bcea-500fcd4a5e49, Nodes: af686100-7e6c-4b70-9ed6-519c9a6108c4{ip: 172.17.0.2, host: 647233daa2c6, networkLocation: /default-rack, certSerialId: null, persistedOpState: IN_SERVICE, persistedOpStateExpiryEpochSec: 0}, Type:RATIS, Factor:ONE, State:ALLOCATED, leaderId:, CreationTimestamp2020-12-17T06:17:07.527Z]
2020-12-17 06:17:07,528 [RatisPipelineUtilsThread] INFO  pipeline.RatisPipelineProvider (RatisPipelineProvider.java:lambda$create$0(161)) - Sending CreatePipelineCommand for pipeline:PipelineID=bb6cccf3-5cf6-4045-9dbb-41c1b0e789d6 to datanode:257b61ee-eb6d-48eb-bce8-7b671ec5e6a0
2020-12-17 06:17:07,528 [RatisPipelineUtilsThread] INFO  pipeline.RatisPipelineProvider (RatisPipelineProvider.java:lambda$create$0(161)) - Sending CreatePipelineCommand for pipeline:PipelineID=bb6cccf3-5cf6-4045-9dbb-41c1b0e789d6 to datanode:af686100-7e6c-4b70-9ed6-519c9a6108c4
2020-12-17 06:17:07,528 [RatisPipelineUtilsThread] INFO  pipeline.RatisPipelineProvider (RatisPipelineProvider.java:lambda$create$0(161)) - Sending CreatePipelineCommand for pipeline:PipelineID=bb6cccf3-5cf6-4045-9dbb-41c1b0e789d6 to datanode:ebe706cb-1bab-4194-9c59-b1279774a307
2020-12-17 06:17:07,528 [RatisPipelineUtilsThread] INFO  pipeline.PipelineStateManager (PipelineStateManager.java:addPipeline(54)) - Created pipeline Pipeline[ Id: bb6cccf3-5cf6-4045-9dbb-41c1b0e789d6, Nodes: 257b61ee-eb6d-48eb-bce8-7b671ec5e6a0{ip: 172.17.0.2, host: 647233daa2c6, networkLocation: /default-rack, certSerialId: null, persistedOpState: IN_SERVICE, persistedOpStateExpiryEpochSec: 0}af686100-7e6c-4b70-9ed6-519c9a6108c4{ip: 172.17.0.2, host: 647233daa2c6, networkLocation: /default-rack, certSerialId: null, persistedOpState: IN_SERVICE, persistedOpStateExpiryEpochSec: 0}ebe706cb-1bab-4194-9c59-b1279774a307{ip: 172.17.0.2, host: 647233daa2c6, networkLocation: /default-rack, certSerialId: null, persistedOpState: IN_SERVICE, persistedOpStateExpiryEpochSec: 0}, Type:RATIS, Factor:THREE, State:ALLOCATED, leaderId:, CreationTimestamp2020-12-17T06:17:07.528Z]
2020-12-17 06:17:08,520 [Listener at 127.0.0.1/38219] INFO  ozone.MiniOzoneClusterImpl (MiniOzoneClusterImpl.java:lambda$waitForClusterToBeReady$0(178)) - Nodes are ready. Got 6 of 6 DN Heartbeats.
2020-12-17 06:17:08,521 [Listener at 127.0.0.1/38219] INFO  ozone.MiniOzoneClusterImpl (MiniOzoneClusterImpl.java:lambda$waitForClusterToBeReady$0(181)) - Waiting for cluster to exit safe mode
2020-12-17 06:17:08,679 [EventQueue-PipelineReportForOneReplicaPipelineSafeModeRule] INFO  safemode.SCMSafeModeManager (SCMSafeModeManager.java:validateSafeModeExitRules(214)) - AtleastOneDatanodeReportedRule rule is successfully validated
2020-12-17 06:17:08,836 [EventQueue-PipelineReportForOneReplicaPipelineSafeModeRule] INFO  safemode.SCMSafeModeManager (SCMSafeModeManager.java:validateSafeModeExitRules(214)) - AtleastOneDatanodeReportedRule rule is successfully validated
2020-12-17 06:17:09,006 [EventQueue-PipelineReportForOneReplicaPipelineSafeModeRule] INFO  safemode.SCMSafeModeManager (SCMSafeModeManager.java:validateSafeModeExitRules(214)) - AtleastOneDatanodeReportedRule rule is successfully validated
2020-12-17 06:17:09,173 [EventQueue-PipelineReportForOneReplicaPipelineSafeModeRule] INFO  safemode.SCMSafeModeManager (SCMSafeModeManager.java:validateSafeModeExitRules(214)) - AtleastOneDatanodeReportedRule rule is successfully validated
2020-12-17 06:17:09,343 [EventQueue-PipelineReportForOneReplicaPipelineSafeModeRule] INFO  safemode.SCMSafeModeManager (SCMSafeModeManager.java:validateSafeModeExitRules(214)) - AtleastOneDatanodeReportedRule rule is successfully validated
2020-12-17 06:17:09,521 [Listener at 127.0.0.1/38219] INFO  ozone.MiniOzoneClusterImpl (MiniOzoneClusterImpl.java:lambda$waitForClusterToBeReady$0(178)) - Nodes are ready. Got 6 of 6 DN Heartbeats.
2020-12-17 06:17:09,521 [Listener at 127.0.0.1/38219] INFO  ozone.MiniOzoneClusterImpl (MiniOzoneClusterImpl.java:lambda$waitForClusterToBeReady$0(181)) - Waiting for cluster to exit safe mode
2020-12-17 06:17:09,525 [EventQueue-PipelineReportForOneReplicaPipelineSafeModeRule] INFO  safemode.SCMSafeModeManager (SCMSafeModeManager.java:validateSafeModeExitRules(214)) - AtleastOneDatanodeReportedRule rule is successfully validated
2020-12-17 06:17:09,678 [Command processor thread] INFO  impl.RaftServerProxy (RaftServerProxy.java:addNew(93)) - 498f54dd-f545-4970-aaf6-8938e8aa224a: addNew group-3C8BEE36B590:[498f54dd-f545-4970-aaf6-8938e8aa224a|rpc:172.17.0.2:38939] returns group-3C8BEE36B590:java.util.concurrent.CompletableFuture@fe115ed[Not completed]
2020-12-17 06:17:09,679 [EventQueue-PipelineReportForOneReplicaPipelineSafeModeRule] INFO  safemode.SCMSafeModeManager (SCMSafeModeManager.java:validateSafeModeExitRules(214)) - AtleastOneDatanodeReportedRule rule is successfully validated
2020-12-17 06:17:09,679 [pool-1725-thread-1] INFO  impl.RaftServerImpl (RaftServerImpl.java:<init>(121)) - 498f54dd-f545-4970-aaf6-8938e8aa224a: new RaftServerImpl for group-3C8BEE36B590:[498f54dd-f545-4970-aaf6-8938e8aa224a|rpc:172.17.0.2:38939] with ContainerStateMachine:uninitialized
2020-12-17 06:17:09,679 [pool-1725-thread-1] INFO  server.RaftServerConfigKeys (ConfUtils.java:logGet(44)) - raft.server.rpc.timeout.min = 5s (custom)
2020-12-17 06:17:09,679 [pool-1725-thread-1] INFO  server.RaftServerConfigKeys (ConfUtils.java:logGet(44)) - raft.server.rpc.timeout.max = 5200ms (custom)
2020-12-17 06:17:09,679 [pool-1725-thread-1] INFO  server.RaftServerConfigKeys (ConfUtils.java:logGet(44)) - raft.server.rpc.slowness.timeout = 300s (custom)
2020-12-17 06:17:09,679 [pool-1725-thread-1] INFO  server.RaftServerConfigKeys (ConfUtils.java:logGet(44)) - raft.server.leaderelection.leader.step-down.wait-time = 10s (default)
2020-12-17 06:17:09,680 [pool-1725-thread-1] INFO  server.RaftServerConfigKeys (ConfUtils.java:logGet(44)) - raft.server.sleep.deviation.threshold = 300 (default)
2020-12-17 06:17:09,680 [pool-1725-thread-1] INFO  server.RaftServerConfigKeys (ConfUtils.java:logGet(44)) - raft.server.log.appender.install.snapshot.enabled = false (custom)
2020-12-17 06:17:09,680 [pool-1725-thread-1] INFO  impl.RaftServerImpl (ServerState.java:<init>(104)) - 498f54dd-f545-4970-aaf6-8938e8aa224a@group-3C8BEE36B590: ConfigurationManager, init=-1: [498f54dd-f545-4970-aaf6-8938e8aa224a|rpc:172.17.0.2:38939], old=null, confs=<EMPTY_MAP>
2020-12-17 06:17:09,680 [pool-1725-thread-1] INFO  server.RaftServerConfigKeys (ConfUtils.java:logGet(44)) - raft.server.storage.dir = [/github/workspace/mnt/ozone/hadoop-ozone/integration-test/target/test-dir/MiniOzoneClusterImpl-b9d63ab2-cea4-44c4-9857-355e5256a975/datanode-0/data/ratis] (custom)
2020-12-17 06:17:09,680 [pool-1725-thread-1] INFO  server.RaftServerConfigKeys (ConfUtils.java:logGet(44)) - raft.server.log.corruption.policy = EXCEPTION (default)
2020-12-17 06:17:09,680 [pool-1725-thread-1] INFO  storage.RaftStorageDirectory (RaftStorageDirectory.java:analyzeStorage(261)) - The storage directory /github/workspace/mnt/ozone/hadoop-ozone/integration-test/target/test-dir/MiniOzoneClusterImpl-b9d63ab2-cea4-44c4-9857-355e5256a975/datanode-0/data/ratis/4b68c00b-152b-44f6-8d9e-3c8bee36b590 does not exist. Creating ...
2020-12-17 06:17:09,681 [pool-1725-thread-1] INFO  storage.RaftStorageDirectory (RaftStorageDirectory.java:tryLock(343)) - Lock on /github/workspace/mnt/ozone/hadoop-ozone/integration-test/target/test-dir/MiniOzoneClusterImpl-b9d63ab2-cea4-44c4-9857-355e5256a975/datanode-0/data/ratis/4b68c00b-152b-44f6-8d9e-3c8bee36b590/in_use.lock acquired by nodename 12168@647233daa2c6
2020-12-17 06:17:09,682 [pool-1725-thread-1] INFO  storage.RaftStorage (RaftStorage.java:format(85)) - Storage directory /github/workspace/mnt/ozone/hadoop-ozone/integration-test/target/test-dir/MiniOzoneClusterImpl-b9d63ab2-cea4-44c4-9857-355e5256a975/datanode-0/data/ratis/4b68c00b-152b-44f6-8d9e-3c8bee36b590 has been successfully formatted.
2020-12-17 06:17:09,682 [pool-1725-thread-1] INFO  ratis.ContainerStateMachine (ContainerStateMachine.java:loadSnapshot(225)) - group-3C8BEE36B590: The snapshot info is null. Setting the last applied indexto:(t:0, i:~)
2020-12-17 06:17:09,683 [pool-1725-thread-1] INFO  server.RaftServerConfigKeys (ConfUtils.java:logGet(44)) - raft.server.notification.no-leader.timeout = 300s (custom)
2020-12-17 06:17:09,683 [pool-1725-thread-1] INFO  server.RaftServerConfigKeys (ConfUtils.java:logGet(44)) - raft.server.log.use.memory = false (default)
2020-12-17 06:17:09,683 [pool-1725-thread-1] INFO  server.RaftServerConfigKeys (ConfUtils.java:logGet(44)) - raft.server.log.purge.gap = 1000000 (custom)
2020-12-17 06:17:09,683 [pool-1725-thread-1] INFO  metrics.RatisMetrics (RatisMetrics.java:lambda$create$0(36)) - Creating Metrics Registry : ratis.log_worker.498f54dd-f545-4970-aaf6-8938e8aa224a@group-3C8BEE36B590
2020-12-17 06:17:09,683 [EventQueue-PipelineReportForPipelineReportHandler] INFO  pipeline.PipelineStateManager (PipelineStateManager.java:openPipeline(132)) - Pipeline Pipeline[ Id: 4b68c00b-152b-44f6-8d9e-3c8bee36b590, Nodes: 498f54dd-f545-4970-aaf6-8938e8aa224a{ip: 172.17.0.2, host: 647233daa2c6, networkLocation: /default-rack, certSerialId: null, persistedOpState: IN_SERVICE, persistedOpStateExpiryEpochSec: 0}, Type:RATIS, Factor:ONE, State:ALLOCATED, leaderId:498f54dd-f545-4970-aaf6-8938e8aa224a, CreationTimestamp2020-12-17T06:17:06.680Z] moved to OPEN state
2020-12-17 06:17:09,683 [pool-1725-thread-1] INFO  server.RaftServerConfigKeys (ConfUtils.java:logGet(44)) - raft.server.log.appender.buffer.byte-limit = 33554432 (custom)
2020-12-17 06:17:09,683 [pool-1725-thread-1] INFO  server.RaftServerConfigKeys (ConfUtils.java:logGet(44)) - raft.server.log.segment.size.max = 1048576 (custom)
2020-12-17 06:17:09,684 [EventQueue-PipelineReportForOneReplicaPipelineSafeModeRule] INFO  safemode.SCMSafeModeManager (SCMSafeModeManager.java:validateSafeModeExitRules(214)) - AtleastOneDatanodeReportedRule rule is successfully validated
2020-12-17 06:17:09,685 [EventQueue-OpenPipelineForHealthyPipelineSafeModeRule] INFO  safemode.SCMSafeModeManager (HealthyPipelineSafeModeRule.java:process(128)) - SCM in safe mode. Healthy pipelines reported count is 0, required healthy pipeline reported count is 1
2020-12-17 06:17:09,686 [pool-1725-thread-1] INFO  server.RaftServerConfigKeys (ConfUtils.java:logGet(44)) - raft.server.log.segment.cache.num.max = 2 (custom)
2020-12-17 06:17:09,686 [pool-1725-thread-1] INFO  segmented.SegmentedRaftLogWorker (SegmentedRaftLogWorker.java:<init>(180)) - new 498f54dd-f545-4970-aaf6-8938e8aa224a@group-3C8BEE36B590-SegmentedRaftLogWorker for RaftStorage:Storage Directory /github/workspace/mnt/ozone/hadoop-ozone/integration-test/target/test-dir/MiniOzoneClusterImpl-b9d63ab2-cea4-44c4-9857-355e5256a975/datanode-0/data/ratis/4b68c00b-152b-44f6-8d9e-3c8bee36b590
2020-12-17 06:17:09,686 [pool-1725-thread-1] INFO  server.RaftServerConfigKeys (ConfUtils.java:logGet(44)) - raft.server.log.queue.byte-limit = 2147483647 (custom)
2020-12-17 06:17:09,686 [pool-1725-thread-1] INFO  server.RaftServerConfigKeys (ConfUtils.java:logGet(44)) - raft.server.log.queue.element-limit = 1024 (custom)
2020-12-17 06:17:09,686 [pool-1725-thread-1] INFO  server.RaftServerConfigKeys (ConfUtils.java:logGet(44)) - raft.server.log.segment.size.max = 1048576 (custom)
2020-12-17 06:17:09,686 [pool-1725-thread-1] INFO  server.RaftServerConfigKeys (ConfUtils.java:logGet(44)) - raft.server.log.preallocated.size = 16384 (custom)
2020-12-17 06:17:09,686 [pool-1725-thread-1] INFO  server.RaftServerConfigKeys (ConfUtils.java:logGet(44)) - raft.server.log.write.buffer.size = 1048576 (custom)
2020-12-17 06:17:09,686 [pool-1725-thread-1] INFO  server.RaftServerConfigKeys (ConfUtils.java:logGet(44)) - raft.server.log.force.sync.num = 128 (default)
2020-12-17 06:17:09,686 [pool-1725-thread-1] INFO  server.RaftServerConfigKeys (ConfUtils.java:logGet(44)) - raft.server.log.statemachine.data.sync = true (default)
2020-12-17 06:17:09,686 [pool-1725-thread-1] INFO  server.RaftServerConfigKeys (ConfUtils.java:logGet(44)) - raft.server.log.statemachine.data.sync.timeout = 10s (default)
2020-12-17 06:17:09,686 [pool-1725-thread-1] INFO  server.RaftServerConfigKeys (ConfUtils.java:logGet(44)) - raft.server.log.statemachine.data.sync.timeout.retry = -1 (default)
2020-12-17 06:17:09,689 [pool-1725-thread-1] INFO  server.RaftServerConfigKeys (ConfUtils.java:logGet(44)) - raft.server.log.statemachine.data.caching.enabled = true (custom)
2020-12-17 06:17:09,689 [pool-1725-thread-1] INFO  segmented.SegmentedRaftLogWorker (SegmentedRaftLogWorker.java:lambda$new$0(129)) - 498f54dd-f545-4970-aaf6-8938e8aa224a@group-3C8BEE36B590-SegmentedRaftLogWorker: flushIndex: setUnconditionally 0 -> -1
2020-12-17 06:17:09,689 [pool-1725-thread-1] INFO  segmented.SegmentedRaftLogWorker (SegmentedRaftLogWorker.java:lambda$new$0(129)) - 498f54dd-f545-4970-aaf6-8938e8aa224a@group-3C8BEE36B590-SegmentedRaftLogWorker: safeCacheEvictIndex: setUnconditionally 0 -> -1
2020-12-17 06:17:09,689 [pool-1725-thread-1] INFO  server.RaftServerConfigKeys (ConfUtils.java:logGet(44)) - raft.server.snapshot.auto.trigger.enabled = true (custom)
2020-12-17 06:17:09,689 [pool-1725-thread-1] INFO  server.RaftServerConfigKeys (ConfUtils.java:logGet(44)) - raft.server.snapshot.auto.trigger.threshold = 10000 (custom)
2020-12-17 06:17:09,689 [pool-1725-thread-1] INFO  server.RaftServerConfigKeys (ConfUtils.java:logGet(44)) - raft.server.snapshot.retention.file.num = 5 (custom)
2020-12-17 06:17:09,690 [pool-1725-thread-1] INFO  server.RaftServerConfigKeys (ConfUtils.java:logGet(44)) - raft.server.log.purge.upto.snapshot.index = false (default)
2020-12-17 06:17:09,690 [pool-1725-thread-1] INFO  server.RaftServerConfigKeys (ConfUtils.java:logGet(44)) - raft.server.retrycache.expirytime = 600000ms (custom)
2020-12-17 06:17:09,690 [pool-1725-thread-1] INFO  metrics.RatisMetrics (RatisMetrics.java:lambda$create$0(36)) - Creating Metrics Registry : ratis.leader_election.498f54dd-f545-4970-aaf6-8938e8aa224a@group-3C8BEE36B590
2020-12-17 06:17:09,691 [pool-1725-thread-1] INFO  metrics.RatisMetrics (RatisMetrics.java:lambda$create$0(36)) - Creating Metrics Registry : ratis.server.498f54dd-f545-4970-aaf6-8938e8aa224a@group-3C8BEE36B590
2020-12-17 06:17:09,693 [pool-1725-thread-1] INFO  impl.RaftServerImpl (RaftServerImpl.java:start(215)) - 498f54dd-f545-4970-aaf6-8938e8aa224a@group-3C8BEE36B590: start as a follower, conf=-1: [498f54dd-f545-4970-aaf6-8938e8aa224a|rpc:172.17.0.2:38939], old=null
2020-12-17 06:17:09,693 [pool-1725-thread-1] INFO  impl.RaftServerImpl (RaftServerImpl.java:setRole(204)) - 498f54dd-f545-4970-aaf6-8938e8aa224a@group-3C8BEE36B590: changes role from      null to FOLLOWER at term 0 for startAsFollower
2020-12-17 06:17:09,693 [pool-1725-thread-1] INFO  impl.RoleInfo (RoleInfo.java:updateAndGet(143)) - 498f54dd-f545-4970-aaf6-8938e8aa224a: start 498f54dd-f545-4970-aaf6-8938e8aa224a@group-3C8BEE36B590-FollowerState
2020-12-17 06:17:09,693 [pool-1725-thread-1] INFO  util.JmxRegister (JmxRegister.java:tryRegister(44)) - Successfully registered JMX Bean with object name Ratis:service=RaftServer,group=group-3C8BEE36B590,id=498f54dd-f545-4970-aaf6-8938e8aa224a
2020-12-17 06:17:09,693 [pool-1725-thread-1] INFO  metrics.RatisMetrics (RatisMetrics.java:lambda$create$0(36)) - Creating Metrics Registry : ratis.state_machine.498f54dd-f545-4970-aaf6-8938e8aa224a@group-3C8BEE36B590
2020-12-17 06:17:09,695 [Command processor thread] INFO  commandhandler.CreatePipelineCommandHandler (CreatePipelineCommandHandler.java:handle(106)) - Created Pipeline RATIS ONE PipelineID=4b68c00b-152b-44f6-8d9e-3c8bee36b590.
2020-12-17 06:17:09,695 [Command processor thread] INFO  impl.RaftServerProxy (RaftServerProxy.java:addNew(93)) - 498f54dd-f545-4970-aaf6-8938e8aa224a: addNew group-1D44EBE411FF:[0e8fc707-3157-4ba9-8ca0-1e159f3dc0e9|rpc:172.17.0.2:43839, 498f54dd-f545-4970-aaf6-8938e8aa224a|rpc:172.17.0.2:38939, 5c172e1d-997d-4dd3-baf9-9414c84d2cc3|rpc:172.17.0.2:45075] returns group-1D44EBE411FF:java.util.concurrent.CompletableFuture@bde90c9[Not completed]
2020-12-17 06:17:09,695 [pool-1725-thread-1] INFO  impl.RaftServerImpl (RaftServerImpl.java:<init>(121)) - 498f54dd-f545-4970-aaf6-8938e8aa224a: new RaftServerImpl for group-1D44EBE411FF:[0e8fc707-3157-4ba9-8ca0-1e159f3dc0e9|rpc:172.17.0.2:43839, 498f54dd-f545-4970-aaf6-8938e8aa224a|rpc:172.17.0.2:38939, 5c172e1d-997d-4dd3-baf9-9414c84d2cc3|rpc:172.17.0.2:45075] with ContainerStateMachine:uninitialized
2020-12-17 06:17:09,695 [pool-1725-thread-1] INFO  server.RaftServerConfigKeys (ConfUtils.java:logGet(44)) - raft.server.rpc.timeout.min = 5s (custom)
2020-12-17 06:17:09,695 [pool-1725-thread-1] INFO  server.RaftServerConfigKeys (ConfUtils.java:logGet(44)) - raft.server.rpc.timeout.max = 5200ms (custom)
2020-12-17 06:17:09,695 [pool-1725-thread-1] INFO  server.RaftServerConfigKeys (ConfUtils.java:logGet(44)) - raft.server.rpc.slowness.timeout = 300s (custom)
2020-12-17 06:17:09,695 [pool-1725-thread-1] INFO  server.RaftServerConfigKeys (ConfUtils.java:logGet(44)) - raft.server.leaderelection.leader.step-down.wait-time = 10s (default)
2020-12-17 06:17:09,695 [pool-1725-thread-1] INFO  server.RaftServerConfigKeys (ConfUtils.java:logGet(44)) - raft.server.sleep.deviation.threshold = 300 (default)
2020-12-17 06:17:09,695 [pool-1725-thread-1] INFO  server.RaftServerConfigKeys (ConfUtils.java:logGet(44)) - raft.server.log.appender.install.snapshot.enabled = false (custom)
2020-12-17 06:17:09,695 [pool-1725-thread-1] INFO  impl.RaftServerImpl (ServerState.java:<init>(104)) - 498f54dd-f545-4970-aaf6-8938e8aa224a@group-1D44EBE411FF: ConfigurationManager, init=-1: [0e8fc707-3157-4ba9-8ca0-1e159f3dc0e9|rpc:172.17.0.2:43839, 498f54dd-f545-4970-aaf6-8938e8aa224a|rpc:172.17.0.2:38939, 5c172e1d-997d-4dd3-baf9-9414c84d2cc3|rpc:172.17.0.2:45075], old=null, confs=<EMPTY_MAP>
2020-12-17 06:17:09,696 [pool-1725-thread-1] INFO  server.RaftServerConfigKeys (ConfUtils.java:logGet(44)) - raft.server.storage.dir = [/github/workspace/mnt/ozone/hadoop-ozone/integration-test/target/test-dir/MiniOzoneClusterImpl-b9d63ab2-cea4-44c4-9857-355e5256a975/datanode-0/data/ratis] (custom)
2020-12-17 06:17:09,696 [pool-1725-thread-1] INFO  server.RaftServerConfigKeys (ConfUtils.java:logGet(44)) - raft.server.log.corruption.policy = EXCEPTION (default)
2020-12-17 06:17:09,696 [pool-1725-thread-1] INFO  storage.RaftStorageDirectory (RaftStorageDirectory.java:analyzeStorage(261)) - The storage directory /github/workspace/mnt/ozone/hadoop-ozone/integration-test/target/test-dir/MiniOzoneClusterImpl-b9d63ab2-cea4-44c4-9857-355e5256a975/datanode-0/data/ratis/0769a2cb-477e-42c6-8fa5-1d44ebe411ff does not exist. Creating ...
2020-12-17 06:17:09,697 [pool-1725-thread-1] INFO  storage.RaftStorageDirectory (RaftStorageDirectory.java:tryLock(343)) - Lock on /github/workspace/mnt/ozone/hadoop-ozone/integration-test/target/test-dir/MiniOzoneClusterImpl-b9d63ab2-cea4-44c4-9857-355e5256a975/datanode-0/data/ratis/0769a2cb-477e-42c6-8fa5-1d44ebe411ff/in_use.lock acquired by nodename 12168@647233daa2c6
2020-12-17 06:17:09,698 [pool-1725-thread-1] INFO  storage.RaftStorage (RaftStorage.java:format(85)) - Storage directory /github/workspace/mnt/ozone/hadoop-ozone/integration-test/target/test-dir/MiniOzoneClusterImpl-b9d63ab2-cea4-44c4-9857-355e5256a975/datanode-0/data/ratis/0769a2cb-477e-42c6-8fa5-1d44ebe411ff has been successfully formatted.
2020-12-17 06:17:09,698 [pool-1725-thread-1] INFO  ratis.ContainerStateMachine (ContainerStateMachine.java:loadSnapshot(225)) - group-1D44EBE411FF: The snapshot info is null. Setting the last applied indexto:(t:0, i:~)
2020-12-17 06:17:09,698 [pool-1725-thread-1] INFO  server.RaftServerConfigKeys (ConfUtils.java:logGet(44)) - raft.server.notification.no-leader.timeout = 300s (custom)
2020-12-17 06:17:09,698 [pool-1725-thread-1] INFO  server.RaftServerConfigKeys (ConfUtils.java:logGet(44)) - raft.server.log.use.memory = false (default)
2020-12-17 06:17:09,698 [EventQueue-PipelineReportForOneReplicaPipelineSafeModeRule] INFO  safemode.SCMSafeModeManager (SCMSafeModeManager.java:validateSafeModeExitRules(214)) - AtleastOneDatanodeReportedRule rule is successfully validated
2020-12-17 06:17:09,698 [pool-1725-thread-1] INFO  server.RaftServerConfigKeys (ConfUtils.java:logGet(44)) - raft.server.log.purge.gap = 1000000 (custom)
2020-12-17 06:17:09,698 [EventQueue-OpenPipelineForHealthyPipelineSafeModeRule] INFO  safemode.SCMSafeModeManager (HealthyPipelineSafeModeRule.java:process(128)) - SCM in safe mode. Healthy pipelines reported count is 0, required healthy pipeline reported count is 1
2020-12-17 06:17:09,698 [pool-1725-thread-1] INFO  metrics.RatisMetrics (RatisMetrics.java:lambda$create$0(36)) - Creating Metrics Registry : ratis.log_worker.498f54dd-f545-4970-aaf6-8938e8aa224a@group-1D44EBE411FF
2020-12-17 06:17:09,699 [pool-1725-thread-1] INFO  server.RaftServerConfigKeys (ConfUtils.java:logGet(44)) - raft.server.log.appender.buffer.byte-limit = 33554432 (custom)
2020-12-17 06:17:09,699 [pool-1725-thread-1] INFO  server.RaftServerConfigKeys (ConfUtils.java:logGet(44)) - raft.server.log.segment.size.max = 1048576 (custom)
2020-12-17 06:17:09,700 [pool-1725-thread-1] INFO  server.RaftServerConfigKeys (ConfUtils.java:logGet(44)) - raft.server.log.segment.cache.num.max = 2 (custom)
2020-12-17 06:17:09,700 [pool-1725-thread-1] INFO  segmented.SegmentedRaftLogWorker (SegmentedRaftLogWorker.java:<init>(180)) - new 498f54dd-f545-4970-aaf6-8938e8aa224a@group-1D44EBE411FF-SegmentedRaftLogWorker for RaftStorage:Storage Directory /github/workspace/mnt/ozone/hadoop-ozone/integration-test/target/test-dir/MiniOzoneClusterImpl-b9d63ab2-cea4-44c4-9857-355e5256a975/datanode-0/data/ratis/0769a2cb-477e-42c6-8fa5-1d44ebe411ff
2020-12-17 06:17:09,700 [pool-1725-thread-1] INFO  server.RaftServerConfigKeys (ConfUtils.java:logGet(44)) - raft.server.log.queue.byte-limit = 2147483647 (custom)
2020-12-17 06:17:09,700 [pool-1725-thread-1] INFO  server.RaftServerConfigKeys (ConfUtils.java:logGet(44)) - raft.server.log.queue.element-limit = 1024 (custom)
2020-12-17 06:17:09,700 [pool-1725-thread-1] INFO  server.RaftServerConfigKeys (ConfUtils.java:logGet(44)) - raft.server.log.segment.size.max = 1048576 (custom)
2020-12-17 06:17:09,700 [pool-1725-thread-1] INFO  server.RaftServerConfigKeys (ConfUtils.java:logGet(44)) - raft.server.log.preallocated.size = 16384 (custom)
2020-12-17 06:17:09,700 [pool-1725-thread-1] INFO  server.RaftServerConfigKeys (ConfUtils.java:logGet(44)) - raft.server.log.write.buffer.size = 1048576 (custom)
2020-12-17 06:17:09,700 [pool-1725-thread-1] INFO  server.RaftServerConfigKeys (ConfUtils.java:logGet(44)) - raft.server.log.force.sync.num = 128 (default)
2020-12-17 06:17:09,700 [pool-1725-thread-1] INFO  server.RaftServerConfigKeys (ConfUtils.java:logGet(44)) - raft.server.log.statemachine.data.sync = true (default)
2020-12-17 06:17:09,700 [pool-1725-thread-1] INFO  server.RaftServerConfigKeys (ConfUtils.java:logGet(44)) - raft.server.log.statemachine.data.sync.timeout = 10s (default)
2020-12-17 06:17:09,700 [pool-1725-thread-1] INFO  server.RaftServerConfigKeys (ConfUtils.java:logGet(44)) - raft.server.log.statemachine.data.sync.timeout.retry = -1 (default)
2020-12-17 06:17:09,703 [pool-1725-thread-1] INFO  server.RaftServerConfigKeys (ConfUtils.java:logGet(44)) - raft.server.log.statemachine.data.caching.enabled = true (custom)
2020-12-17 06:17:09,704 [pool-1725-thread-1] INFO  segmented.SegmentedRaftLogWorker (SegmentedRaftLogWorker.java:lambda$new$0(129)) - 498f54dd-f545-4970-aaf6-8938e8aa224a@group-1D44EBE411FF-SegmentedRaftLogWorker: flushIndex: setUnconditionally 0 -> -1
2020-12-17 06:17:09,704 [pool-1725-thread-1] INFO  segmented.SegmentedRaftLogWorker (SegmentedRaftLogWorker.java:lambda$new$0(129)) - 498f54dd-f545-4970-aaf6-8938e8aa224a@group-1D44EBE411FF-SegmentedRaftLogWorker: safeCacheEvictIndex: setUnconditionally 0 -> -1
2020-12-17 06:17:09,704 [pool-1725-thread-1] INFO  server.RaftServerConfigKeys (ConfUtils.java:logGet(44)) - raft.server.snapshot.auto.trigger.enabled = true (custom)
2020-12-17 06:17:09,704 [pool-1725-thread-1] INFO  server.RaftServerConfigKeys (ConfUtils.java:logGet(44)) - raft.server.snapshot.auto.trigger.threshold = 10000 (custom)
2020-12-17 06:17:09,704 [pool-1725-thread-1] INFO  server.RaftServerConfigKeys (ConfUtils.java:logGet(44)) - raft.server.snapshot.retention.file.num = 5 (custom)
2020-12-17 06:17:09,704 [pool-1725-thread-1] INFO  server.RaftServerConfigKeys (ConfUtils.java:logGet(44)) - raft.server.log.purge.upto.snapshot.index = false (default)
2020-12-17 06:17:09,704 [pool-1725-thread-1] INFO  server.RaftServerConfigKeys (ConfUtils.java:logGet(44)) - raft.server.retrycache.expirytime = 600000ms (custom)
2020-12-17 06:17:09,704 [pool-1725-thread-1] INFO  metrics.RatisMetrics (RatisMetrics.java:lambda$create$0(36)) - Creating Metrics Registry : ratis.leader_election.498f54dd-f545-4970-aaf6-8938e8aa224a@group-1D44EBE411FF
2020-12-17 06:17:09,705 [pool-1725-thread-1] INFO  metrics.RatisMetrics (RatisMetrics.java:lambda$create$0(36)) - Creating Metrics Registry : ratis.server.498f54dd-f545-4970-aaf6-8938e8aa224a@group-1D44EBE411FF
2020-12-17 06:17:09,707 [pool-1725-thread-1] INFO  impl.RaftServerImpl (RaftServerImpl.java:start(215)) - 498f54dd-f545-4970-aaf6-8938e8aa224a@group-1D44EBE411FF: start as a follower, conf=-1: [0e8fc707-3157-4ba9-8ca0-1e159f3dc0e9|rpc:172.17.0.2:43839, 498f54dd-f545-4970-aaf6-8938e8aa224a|rpc:172.17.0.2:38939, 5c172e1d-997d-4dd3-baf9-9414c84d2cc3|rpc:172.17.0.2:45075], old=null
2020-12-17 06:17:09,707 [pool-1725-thread-1] INFO  impl.RaftServerImpl (RaftServerImpl.java:setRole(204)) - 498f54dd-f545-4970-aaf6-8938e8aa224a@group-1D44EBE411FF: changes role from      null to FOLLOWER at term 0 for startAsFollower
2020-12-17 06:17:09,707 [pool-1725-thread-1] INFO  impl.RoleInfo (RoleInfo.java:updateAndGet(143)) - 498f54dd-f545-4970-aaf6-8938e8aa224a: start 498f54dd-f545-4970-aaf6-8938e8aa224a@group-1D44EBE411FF-FollowerState
2020-12-17 06:17:09,707 [pool-1725-thread-1] INFO  util.JmxRegister (JmxRegister.java:tryRegister(44)) - Successfully registered JMX Bean with object name Ratis:service=RaftServer,group=group-1D44EBE411FF,id=498f54dd-f545-4970-aaf6-8938e8aa224a
2020-12-17 06:17:09,707 [pool-1725-thread-1] INFO  metrics.RatisMetrics (RatisMetrics.java:lambda$create$0(36)) - Creating Metrics Registry : ratis.state_machine.498f54dd-f545-4970-aaf6-8938e8aa224a@group-1D44EBE411FF
2020-12-17 06:17:09,709 [Command processor thread] INFO  metrics.RatisMetrics (RatisMetrics.java:lambda$create$0(36)) - Creating Metrics Registry : ratis.client_message_metrics.client-B3765874A7BD->0e8fc707-3157-4ba9-8ca0-1e159f3dc0e9
2020-12-17 06:17:09,717 [grpc-default-executor-2] INFO  metrics.RatisMetrics (RatisMetrics.java:lambda$create$0(36)) - Creating Metrics Registry : ratis.server_message_metrics.0e8fc707-3157-4ba9-8ca0-1e159f3dc0e9
2020-12-17 06:17:09,719 [grpc-default-executor-2] INFO  impl.RaftServerProxy (RaftServerProxy.java:addNew(93)) - 0e8fc707-3157-4ba9-8ca0-1e159f3dc0e9: addNew group-1D44EBE411FF:[0e8fc707-3157-4ba9-8ca0-1e159f3dc0e9|rpc:172.17.0.2:43839|dataStream:, 498f54dd-f545-4970-aaf6-8938e8aa224a|rpc:172.17.0.2:38939|dataStream:, 5c172e1d-997d-4dd3-baf9-9414c84d2cc3|rpc:172.17.0.2:45075|dataStream:] returns group-1D44EBE411FF:java.util.concurrent.CompletableFuture@7ce58cab[Not completed]
2020-12-17 06:17:09,720 [pool-1741-thread-1] INFO  impl.RaftServerImpl (RaftServerImpl.java:<init>(121)) - 0e8fc707-3157-4ba9-8ca0-1e159f3dc0e9: new RaftServerImpl for group-1D44EBE411FF:[0e8fc707-3157-4ba9-8ca0-1e159f3dc0e9|rpc:172.17.0.2:43839|dataStream:, 498f54dd-f545-4970-aaf6-8938e8aa224a|rpc:172.17.0.2:38939|dataStream:, 5c172e1d-997d-4dd3-baf9-9414c84d2cc3|rpc:172.17.0.2:45075|dataStream:] with ContainerStateMachine:uninitialized
2020-12-17 06:17:09,720 [pool-1741-thread-1] INFO  server.RaftServerConfigKeys (ConfUtils.java:logGet(44)) - raft.server.rpc.timeout.min = 5s (custom)
2020-12-17 06:17:09,720 [pool-1741-thread-1] INFO  server.RaftServerConfigKeys (ConfUtils.java:logGet(44)) - raft.server.rpc.timeout.max = 5200ms (custom)
2020-12-17 06:17:09,720 [pool-1741-thread-1] INFO  server.RaftServerConfigKeys (ConfUtils.java:logGet(44)) - raft.server.rpc.slowness.timeout = 300s (custom)
2020-12-17 06:17:09,720 [pool-1741-thread-1] INFO  server.RaftServerConfigKeys (ConfUtils.java:logGet(44)) - raft.server.leaderelection.leader.step-down.wait-time = 10s (default)
2020-12-17 06:17:09,720 [pool-1741-thread-1] INFO  server.RaftServerConfigKeys (ConfUtils.java:logGet(44)) - raft.server.sleep.deviation.threshold = 300 (default)
2020-12-17 06:17:09,720 [pool-1741-thread-1] INFO  server.RaftServerConfigKeys (ConfUtils.java:logGet(44)) - raft.server.log.appender.install.snapshot.enabled = false (custom)
2020-12-17 06:17:09,720 [pool-1741-thread-1] INFO  impl.RaftServerImpl (ServerState.java:<init>(104)) - 0e8fc707-3157-4ba9-8ca0-1e159f3dc0e9@group-1D44EBE411FF: ConfigurationManager, init=-1: [0e8fc707-3157-4ba9-8ca0-1e159f3dc0e9|rpc:172.17.0.2:43839|dataStream:, 498f54dd-f545-4970-aaf6-8938e8aa224a|rpc:172.17.0.2:38939|dataStream:, 5c172e1d-997d-4dd3-baf9-9414c84d2cc3|rpc:172.17.0.2:45075|dataStream:], old=null, confs=<EMPTY_MAP>
2020-12-17 06:17:09,720 [pool-1741-thread-1] INFO  server.RaftServerConfigKeys (ConfUtils.java:logGet(44)) - raft.server.storage.dir = [/github/workspace/mnt/ozone/hadoop-ozone/integration-test/target/test-dir/MiniOzoneClusterImpl-b9d63ab2-cea4-44c4-9857-355e5256a975/datanode-1/data/ratis] (custom)
2020-12-17 06:17:09,720 [pool-1741-thread-1] INFO  server.RaftServerConfigKeys (ConfUtils.java:logGet(44)) - raft.server.log.corruption.policy = EXCEPTION (default)
2020-12-17 06:17:09,721 [pool-1741-thread-1] INFO  storage.RaftStorageDirectory (RaftStorageDirectory.java:analyzeStorage(261)) - The storage directory /github/workspace/mnt/ozone/hadoop-ozone/integration-test/target/test-dir/MiniOzoneClusterImpl-b9d63ab2-cea4-44c4-9857-355e5256a975/datanode-1/data/ratis/0769a2cb-477e-42c6-8fa5-1d44ebe411ff does not exist. Creating ...
2020-12-17 06:17:09,721 [pool-1741-thread-1] INFO  storage.RaftStorageDirectory (RaftStorageDirectory.java:tryLock(343)) - Lock on /github/workspace/mnt/ozone/hadoop-ozone/integration-test/target/test-dir/MiniOzoneClusterImpl-b9d63ab2-cea4-44c4-9857-355e5256a975/datanode-1/data/ratis/0769a2cb-477e-42c6-8fa5-1d44ebe411ff/in_use.lock acquired by nodename 12168@647233daa2c6
2020-12-17 06:17:09,722 [pool-1741-thread-1] INFO  storage.RaftStorage (RaftStorage.java:format(85)) - Storage directory /github/workspace/mnt/ozone/hadoop-ozone/integration-test/target/test-dir/MiniOzoneClusterImpl-b9d63ab2-cea4-44c4-9857-355e5256a975/datanode-1/data/ratis/0769a2cb-477e-42c6-8fa5-1d44ebe411ff has been successfully formatted.
2020-12-17 06:17:09,722 [pool-1741-thread-1] INFO  ratis.ContainerStateMachine (ContainerStateMachine.java:loadSnapshot(225)) - group-1D44EBE411FF: The snapshot info is null. Setting the last applied indexto:(t:0, i:~)
2020-12-17 06:17:09,722 [pool-1741-thread-1] INFO  server.RaftServerConfigKeys (ConfUtils.java:logGet(44)) - raft.server.notification.no-leader.timeout = 300s (custom)
2020-12-17 06:17:09,722 [pool-1741-thread-1] INFO  server.RaftServerConfigKeys (ConfUtils.java:logGet(44)) - raft.server.log.use.memory = false (default)
2020-12-17 06:17:09,722 [pool-1741-thread-1] INFO  server.RaftServerConfigKeys (ConfUtils.java:logGet(44)) - raft.server.log.purge.gap = 1000000 (custom)
2020-12-17 06:17:09,723 [EventQueue-PipelineReportForOneReplicaPipelineSafeModeRule] INFO  safemode.SCMSafeModeManager (SCMSafeModeManager.java:validateSafeModeExitRules(214)) - AtleastOneDatanodeReportedRule rule is successfully validated
2020-12-17 06:17:09,723 [pool-1741-thread-1] INFO  metrics.RatisMetrics (RatisMetrics.java:lambda$create$0(36)) - Creating Metrics Registry : ratis.log_worker.0e8fc707-3157-4ba9-8ca0-1e159f3dc0e9@group-1D44EBE411FF
2020-12-17 06:17:09,723 [pool-1741-thread-1] INFO  server.RaftServerConfigKeys (ConfUtils.java:logGet(44)) - raft.server.log.appender.buffer.byte-limit = 33554432 (custom)
2020-12-17 06:17:09,723 [pool-1741-thread-1] INFO  server.RaftServerConfigKeys (ConfUtils.java:logGet(44)) - raft.server.log.segment.size.max = 1048576 (custom)
2020-12-17 06:17:09,724 [pool-1741-thread-1] INFO  server.RaftServerConfigKeys (ConfUtils.java:logGet(44)) - raft.server.log.segment.cache.num.max = 2 (custom)
2020-12-17 06:17:09,724 [pool-1741-thread-1] INFO  segmented.SegmentedRaftLogWorker (SegmentedRaftLogWorker.java:<init>(180)) - new 0e8fc707-3157-4ba9-8ca0-1e159f3dc0e9@group-1D44EBE411FF-SegmentedRaftLogWorker for RaftStorage:Storage Directory /github/workspace/mnt/ozone/hadoop-ozone/integration-test/target/test-dir/MiniOzoneClusterImpl-b9d63ab2-cea4-44c4-9857-355e5256a975/datanode-1/data/ratis/0769a2cb-477e-42c6-8fa5-1d44ebe411ff
2020-12-17 06:17:09,724 [pool-1741-thread-1] INFO  server.RaftServerConfigKeys (ConfUtils.java:logGet(44)) - raft.server.log.queue.byte-limit = 2147483647 (custom)
2020-12-17 06:17:09,724 [pool-1741-thread-1] INFO  server.RaftServerConfigKeys (ConfUtils.java:logGet(44)) - raft.server.log.queue.element-limit = 1024 (custom)
2020-12-17 06:17:09,724 [pool-1741-thread-1] INFO  server.RaftServerConfigKeys (ConfUtils.java:logGet(44)) - raft.server.log.segment.size.max = 1048576 (custom)
2020-12-17 06:17:09,724 [pool-1741-thread-1] INFO  server.RaftServerConfigKeys (ConfUtils.java:logGet(44)) - raft.server.log.preallocated.size = 16384 (custom)
2020-12-17 06:17:09,725 [pool-1741-thread-1] INFO  server.RaftServerConfigKeys (ConfUtils.java:logGet(44)) - raft.server.log.write.buffer.size = 1048576 (custom)
2020-12-17 06:17:09,725 [pool-1741-thread-1] INFO  server.RaftServerConfigKeys (ConfUtils.java:logGet(44)) - raft.server.log.force.sync.num = 128 (default)
2020-12-17 06:17:09,725 [pool-1741-thread-1] INFO  server.RaftServerConfigKeys (ConfUtils.java:logGet(44)) - raft.server.log.statemachine.data.sync = true (default)
2020-12-17 06:17:09,725 [pool-1741-thread-1] INFO  server.RaftServerConfigKeys (ConfUtils.java:logGet(44)) - raft.server.log.statemachine.data.sync.timeout = 10s (default)
2020-12-17 06:17:09,725 [pool-1741-thread-1] INFO  server.RaftServerConfigKeys (ConfUtils.java:logGet(44)) - raft.server.log.statemachine.data.sync.timeout.retry = -1 (default)
2020-12-17 06:17:09,727 [pool-1741-thread-1] INFO  server.RaftServerConfigKeys (ConfUtils.java:logGet(44)) - raft.server.log.statemachine.data.caching.enabled = true (custom)
2020-12-17 06:17:09,727 [pool-1741-thread-1] INFO  segmented.SegmentedRaftLogWorker (SegmentedRaftLogWorker.java:lambda$new$0(129)) - 0e8fc707-3157-4ba9-8ca0-1e159f3dc0e9@group-1D44EBE411FF-SegmentedRaftLogWorker: flushIndex: setUnconditionally 0 -> -1
2020-12-17 06:17:09,728 [pool-1741-thread-1] INFO  segmented.SegmentedRaftLogWorker (SegmentedRaftLogWorker.java:lambda$new$0(129)) - 0e8fc707-3157-4ba9-8ca0-1e159f3dc0e9@group-1D44EBE411FF-SegmentedRaftLogWorker: safeCacheEvictIndex: setUnconditionally 0 -> -1
2020-12-17 06:17:09,728 [pool-1741-thread-1] INFO  server.RaftServerConfigKeys (ConfUtils.java:logGet(44)) - raft.server.snapshot.auto.trigger.enabled = true (custom)
2020-12-17 06:17:09,728 [pool-1741-thread-1] INFO  server.RaftServerConfigKeys (ConfUtils.java:logGet(44)) - raft.server.snapshot.auto.trigger.threshold = 10000 (custom)
2020-12-17 06:17:09,728 [pool-1741-thread-1] INFO  server.RaftServerConfigKeys (ConfUtils.java:logGet(44)) - raft.server.snapshot.retention.file.num = 5 (custom)
2020-12-17 06:17:09,728 [pool-1741-thread-1] INFO  server.RaftServerConfigKeys (ConfUtils.java:logGet(44)) - raft.server.log.purge.upto.snapshot.index = false (default)
2020-12-17 06:17:09,729 [pool-1741-thread-1] INFO  server.RaftServerConfigKeys (ConfUtils.java:logGet(44)) - raft.server.retrycache.expirytime = 600000ms (custom)
2020-12-17 06:17:09,729 [pool-1741-thread-1] INFO  metrics.RatisMetrics (RatisMetrics.java:lambda$create$0(36)) - Creating Metrics Registry : ratis.leader_election.0e8fc707-3157-4ba9-8ca0-1e159f3dc0e9@group-1D44EBE411FF
2020-12-17 06:17:09,729 [pool-1741-thread-1] INFO  metrics.RatisMetrics (RatisMetrics.java:lambda$create$0(36)) - Creating Metrics Registry : ratis.server.0e8fc707-3157-4ba9-8ca0-1e159f3dc0e9@group-1D44EBE411FF
2020-12-17 06:17:09,732 [pool-1741-thread-1] INFO  impl.RaftServerImpl (RaftServerImpl.java:start(215)) - 0e8fc707-3157-4ba9-8ca0-1e159f3dc0e9@group-1D44EBE411FF: start as a follower, conf=-1: [0e8fc707-3157-4ba9-8ca0-1e159f3dc0e9|rpc:172.17.0.2:43839|dataStream:, 498f54dd-f545-4970-aaf6-8938e8aa224a|rpc:172.17.0.2:38939|dataStream:, 5c172e1d-997d-4dd3-baf9-9414c84d2cc3|rpc:172.17.0.2:45075|dataStream:], old=null
2020-12-17 06:17:09,732 [pool-1741-thread-1] INFO  impl.RaftServerImpl (RaftServerImpl.java:setRole(204)) - 0e8fc707-3157-4ba9-8ca0-1e159f3dc0e9@group-1D44EBE411FF: changes role from      null to FOLLOWER at term 0 for startAsFollower
2020-12-17 06:17:09,732 [pool-1741-thread-1] INFO  impl.RoleInfo (RoleInfo.java:updateAndGet(143)) - 0e8fc707-3157-4ba9-8ca0-1e159f3dc0e9: start 0e8fc707-3157-4ba9-8ca0-1e159f3dc0e9@group-1D44EBE411FF-FollowerState
2020-12-17 06:17:09,733 [pool-1741-thread-1] INFO  util.JmxRegister (JmxRegister.java:tryRegister(44)) - Successfully registered JMX Bean with object name Ratis:service=RaftServer,group=group-1D44EBE411FF,id=0e8fc707-3157-4ba9-8ca0-1e159f3dc0e9
2020-12-17 06:17:09,733 [pool-1741-thread-1] INFO  metrics.RatisMetrics (RatisMetrics.java:lambda$create$0(36)) - Creating Metrics Registry : ratis.state_machine.0e8fc707-3157-4ba9-8ca0-1e159f3dc0e9@group-1D44EBE411FF
2020-12-17 06:17:09,738 [Command processor thread] INFO  metrics.RatisMetrics (RatisMetrics.java:lambda$create$0(36)) - Creating Metrics Registry : ratis.client_message_metrics.client-DE097F7732F3->5c172e1d-997d-4dd3-baf9-9414c84d2cc3
2020-12-17 06:17:09,741 [grpc-default-executor-2] INFO  metrics.RatisMetrics (RatisMetrics.java:lambda$create$0(36)) - Creating Metrics Registry : ratis.server_message_metrics.5c172e1d-997d-4dd3-baf9-9414c84d2cc3
2020-12-17 06:17:09,742 [grpc-default-executor-2] INFO  impl.RaftServerProxy (RaftServerProxy.java:addNew(93)) - 5c172e1d-997d-4dd3-baf9-9414c84d2cc3: addNew group-1D44EBE411FF:[0e8fc707-3157-4ba9-8ca0-1e159f3dc0e9|rpc:172.17.0.2:43839|dataStream:, 498f54dd-f545-4970-aaf6-8938e8aa224a|rpc:172.17.0.2:38939|dataStream:, 5c172e1d-997d-4dd3-baf9-9414c84d2cc3|rpc:172.17.0.2:45075|dataStream:] returns group-1D44EBE411FF:java.util.concurrent.CompletableFuture@11733d49[Not completed]
2020-12-17 06:17:09,743 [pool-1757-thread-1] INFO  impl.RaftServerImpl (RaftServerImpl.java:<init>(121)) - 5c172e1d-997d-4dd3-baf9-9414c84d2cc3: new RaftServerImpl for group-1D44EBE411FF:[0e8fc707-3157-4ba9-8ca0-1e159f3dc0e9|rpc:172.17.0.2:43839|dataStream:, 498f54dd-f545-4970-aaf6-8938e8aa224a|rpc:172.17.0.2:38939|dataStream:, 5c172e1d-997d-4dd3-baf9-9414c84d2cc3|rpc:172.17.0.2:45075|dataStream:] with ContainerStateMachine:uninitialized
2020-12-17 06:17:09,743 [pool-1757-thread-1] INFO  server.RaftServerConfigKeys (ConfUtils.java:logGet(44)) - raft.server.rpc.timeout.min = 5s (custom)
2020-12-17 06:17:09,743 [pool-1757-thread-1] INFO  server.RaftServerConfigKeys (ConfUtils.java:logGet(44)) - raft.server.rpc.timeout.max = 5200ms (custom)
2020-12-17 06:17:09,743 [pool-1757-thread-1] INFO  server.RaftServerConfigKeys (ConfUtils.java:logGet(44)) - raft.server.rpc.slowness.timeout = 300s (custom)
2020-12-17 06:17:09,743 [pool-1757-thread-1] INFO  server.RaftServerConfigKeys (ConfUtils.java:logGet(44)) - raft.server.leaderelection.leader.step-down.wait-time = 10s (default)
2020-12-17 06:17:09,743 [pool-1757-thread-1] INFO  server.RaftServerConfigKeys (ConfUtils.java:logGet(44)) - raft.server.sleep.deviation.threshold = 300 (default)
2020-12-17 06:17:09,743 [pool-1757-thread-1] INFO  server.RaftServerConfigKeys (ConfUtils.java:logGet(44)) - raft.server.log.appender.install.snapshot.enabled = false (custom)
2020-12-17 06:17:09,743 [pool-1757-thread-1] INFO  impl.RaftServerImpl (ServerState.java:<init>(104)) - 5c172e1d-997d-4dd3-baf9-9414c84d2cc3@group-1D44EBE411FF: ConfigurationManager, init=-1: [0e8fc707-3157-4ba9-8ca0-1e159f3dc0e9|rpc:172.17.0.2:43839|dataStream:, 498f54dd-f545-4970-aaf6-8938e8aa224a|rpc:172.17.0.2:38939|dataStream:, 5c172e1d-997d-4dd3-baf9-9414c84d2cc3|rpc:172.17.0.2:45075|dataStream:], old=null, confs=<EMPTY_MAP>
2020-12-17 06:17:09,743 [pool-1757-thread-1] INFO  server.RaftServerConfigKeys (ConfUtils.java:logGet(44)) - raft.server.storage.dir = [/github/workspace/mnt/ozone/hadoop-ozone/integration-test/target/test-dir/MiniOzoneClusterImpl-b9d63ab2-cea4-44c4-9857-355e5256a975/datanode-2/data/ratis] (custom)
2020-12-17 06:17:09,743 [pool-1757-thread-1] INFO  server.RaftServerConfigKeys (ConfUtils.java:logGet(44)) - raft.server.log.corruption.policy = EXCEPTION (default)
2020-12-17 06:17:09,743 [pool-1757-thread-1] INFO  storage.RaftStorageDirectory (RaftStorageDirectory.java:analyzeStorage(261)) - The storage directory /github/workspace/mnt/ozone/hadoop-ozone/integration-test/target/test-dir/MiniOzoneClusterImpl-b9d63ab2-cea4-44c4-9857-355e5256a975/datanode-2/data/ratis/0769a2cb-477e-42c6-8fa5-1d44ebe411ff does not exist. Creating ...
2020-12-17 06:17:09,745 [pool-1757-thread-1] INFO  storage.RaftStorageDirectory (RaftStorageDirectory.java:tryLock(343)) - Lock on /github/workspace/mnt/ozone/hadoop-ozone/integration-test/target/test-dir/MiniOzoneClusterImpl-b9d63ab2-cea4-44c4-9857-355e5256a975/datanode-2/data/ratis/0769a2cb-477e-42c6-8fa5-1d44ebe411ff/in_use.lock acquired by nodename 12168@647233daa2c6
2020-12-17 06:17:09,746 [pool-1757-thread-1] INFO  storage.RaftStorage (RaftStorage.java:format(85)) - Storage directory /github/workspace/mnt/ozone/hadoop-ozone/integration-test/target/test-dir/MiniOzoneClusterImpl-b9d63ab2-cea4-44c4-9857-355e5256a975/datanode-2/data/ratis/0769a2cb-477e-42c6-8fa5-1d44ebe411ff has been successfully formatted.
2020-12-17 06:17:09,746 [pool-1757-thread-1] INFO  ratis.ContainerStateMachine (ContainerStateMachine.java:loadSnapshot(225)) - group-1D44EBE411FF: The snapshot info is null. Setting the last applied indexto:(t:0, i:~)
2020-12-17 06:17:09,746 [pool-1757-thread-1] INFO  server.RaftServerConfigKeys (ConfUtils.java:logGet(44)) - raft.server.notification.no-leader.timeout = 300s (custom)
2020-12-17 06:17:09,746 [pool-1757-thread-1] INFO  server.RaftServerConfigKeys (ConfUtils.java:logGet(44)) - raft.server.log.use.memory = false (default)
2020-12-17 06:17:09,746 [pool-1757-thread-1] INFO  server.RaftServerConfigKeys (ConfUtils.java:logGet(44)) - raft.server.log.purge.gap = 1000000 (custom)
2020-12-17 06:17:09,746 [pool-1757-thread-1] INFO  metrics.RatisMetrics (RatisMetrics.java:lambda$create$0(36)) - Creating Metrics Registry : ratis.log_worker.5c172e1d-997d-4dd3-baf9-9414c84d2cc3@group-1D44EBE411FF
2020-12-17 06:17:09,746 [EventQueue-PipelineReportForOneReplicaPipelineSafeModeRule] INFO  safemode.SCMSafeModeManager (SCMSafeModeManager.java:validateSafeModeExitRules(214)) - AtleastOneDatanodeReportedRule rule is successfully validated
2020-12-17 06:17:09,746 [pool-1757-thread-1] INFO  server.RaftServerConfigKeys (ConfUtils.java:logGet(44)) - raft.server.log.appender.buffer.byte-limit = 33554432 (custom)
2020-12-17 06:17:09,746 [pool-1757-thread-1] INFO  server.RaftServerConfigKeys (ConfUtils.java:logGet(44)) - raft.server.log.segment.size.max = 1048576 (custom)
2020-12-17 06:17:09,747 [pool-1757-thread-1] INFO  server.RaftServerConfigKeys (ConfUtils.java:logGet(44)) - raft.server.log.segment.cache.num.max = 2 (custom)
2020-12-17 06:17:09,748 [pool-1757-thread-1] INFO  segmented.SegmentedRaftLogWorker (SegmentedRaftLogWorker.java:<init>(180)) - new 5c172e1d-997d-4dd3-baf9-9414c84d2cc3@group-1D44EBE411FF-SegmentedRaftLogWorker for RaftStorage:Storage Directory /github/workspace/mnt/ozone/hadoop-ozone/integration-test/target/test-dir/MiniOzoneClusterImpl-b9d63ab2-cea4-44c4-9857-355e5256a975/datanode-2/data/ratis/0769a2cb-477e-42c6-8fa5-1d44ebe411ff
2020-12-17 06:17:09,748 [pool-1757-thread-1] INFO  server.RaftServerConfigKeys (ConfUtils.java:logGet(44)) - raft.server.log.queue.byte-limit = 2147483647 (custom)
2020-12-17 06:17:09,748 [pool-1757-thread-1] INFO  server.RaftServerConfigKeys (ConfUtils.java:logGet(44)) - raft.server.log.queue.element-limit = 1024 (custom)
2020-12-17 06:17:09,748 [pool-1757-thread-1] INFO  server.RaftServerConfigKeys (ConfUtils.java:logGet(44)) - raft.server.log.segment.size.max = 1048576 (custom)
2020-12-17 06:17:09,748 [pool-1757-thread-1] INFO  server.RaftServerConfigKeys (ConfUtils.java:logGet(44)) - raft.server.log.preallocated.size = 16384 (custom)
2020-12-17 06:17:09,748 [pool-1757-thread-1] INFO  server.RaftServerConfigKeys (ConfUtils.java:logGet(44)) - raft.server.log.write.buffer.size = 1048576 (custom)
2020-12-17 06:17:09,748 [pool-1757-thread-1] INFO  server.RaftServerConfigKeys (ConfUtils.java:logGet(44)) - raft.server.log.force.sync.num = 128 (default)
2020-12-17 06:17:09,748 [pool-1757-thread-1] INFO  server.RaftServerConfigKeys (ConfUtils.java:logGet(44)) - raft.server.log.statemachine.data.sync = true (default)
2020-12-17 06:17:09,748 [pool-1757-thread-1] INFO  server.RaftServerConfigKeys (ConfUtils.java:logGet(44)) - raft.server.log.statemachine.data.sync.timeout = 10s (default)
2020-12-17 06:17:09,748 [pool-1757-thread-1] INFO  server.RaftServerConfigKeys (ConfUtils.java:logGet(44)) - raft.server.log.statemachine.data.sync.timeout.retry = -1 (default)
2020-12-17 06:17:09,751 [pool-1757-thread-1] INFO  server.RaftServerConfigKeys (ConfUtils.java:logGet(44)) - raft.server.log.statemachine.data.caching.enabled = true (custom)
2020-12-17 06:17:09,751 [pool-1757-thread-1] INFO  segmented.SegmentedRaftLogWorker (SegmentedRaftLogWorker.java:lambda$new$0(129)) - 5c172e1d-997d-4dd3-baf9-9414c84d2cc3@group-1D44EBE411FF-SegmentedRaftLogWorker: flushIndex: setUnconditionally 0 -> -1
2020-12-17 06:17:09,751 [pool-1757-thread-1] INFO  segmented.SegmentedRaftLogWorker (SegmentedRaftLogWorker.java:lambda$new$0(129)) - 5c172e1d-997d-4dd3-baf9-9414c84d2cc3@group-1D44EBE411FF-SegmentedRaftLogWorker: safeCacheEvictIndex: setUnconditionally 0 -> -1
2020-12-17 06:17:09,751 [pool-1757-thread-1] INFO  server.RaftServerConfigKeys (ConfUtils.java:logGet(44)) - raft.server.snapshot.auto.trigger.enabled = true (custom)
2020-12-17 06:17:09,751 [pool-1757-thread-1] INFO  server.RaftServerConfigKeys (ConfUtils.java:logGet(44)) - raft.server.snapshot.auto.trigger.threshold = 10000 (custom)
2020-12-17 06:17:09,751 [pool-1757-thread-1] INFO  server.RaftServerConfigKeys (ConfUtils.java:logGet(44)) - raft.server.snapshot.retention.file.num = 5 (custom)
2020-12-17 06:17:09,752 [pool-1757-thread-1] INFO  server.RaftServerConfigKeys (ConfUtils.java:logGet(44)) - raft.server.log.purge.upto.snapshot.index = false (default)
2020-12-17 06:17:09,752 [pool-1757-thread-1] INFO  server.RaftServerConfigKeys (ConfUtils.java:logGet(44)) - raft.server.retrycache.expirytime = 600000ms (custom)
2020-12-17 06:17:09,752 [pool-1757-thread-1] INFO  metrics.RatisMetrics (RatisMetrics.java:lambda$create$0(36)) - Creating Metrics Registry : ratis.leader_election.5c172e1d-997d-4dd3-baf9-9414c84d2cc3@group-1D44EBE411FF
2020-12-17 06:17:09,752 [pool-1757-thread-1] INFO  metrics.RatisMetrics (RatisMetrics.java:lambda$create$0(36)) - Creating Metrics Registry : ratis.server.5c172e1d-997d-4dd3-baf9-9414c84d2cc3@group-1D44EBE411FF
2020-12-17 06:17:09,755 [pool-1757-thread-1] INFO  impl.RaftServerImpl (RaftServerImpl.java:start(215)) - 5c172e1d-997d-4dd3-baf9-9414c84d2cc3@group-1D44EBE411FF: start as a follower, conf=-1: [0e8fc707-3157-4ba9-8ca0-1e159f3dc0e9|rpc:172.17.0.2:43839|dataStream:, 498f54dd-f545-4970-aaf6-8938e8aa224a|rpc:172.17.0.2:38939|dataStream:, 5c172e1d-997d-4dd3-baf9-9414c84d2cc3|rpc:172.17.0.2:45075|dataStream:], old=null
2020-12-17 06:17:09,755 [pool-1757-thread-1] INFO  impl.RaftServerImpl (RaftServerImpl.java:setRole(204)) - 5c172e1d-997d-4dd3-baf9-9414c84d2cc3@group-1D44EBE411FF: changes role from      null to FOLLOWER at term 0 for startAsFollower
2020-12-17 06:17:09,755 [pool-1757-thread-1] INFO  impl.RoleInfo (RoleInfo.java:updateAndGet(143)) - 5c172e1d-997d-4dd3-baf9-9414c84d2cc3: start 5c172e1d-997d-4dd3-baf9-9414c84d2cc3@group-1D44EBE411FF-FollowerState
2020-12-17 06:17:09,755 [pool-1757-thread-1] INFO  util.JmxRegister (JmxRegister.java:tryRegister(44)) - Successfully registered JMX Bean with object name Ratis:service=RaftServer,group=group-1D44EBE411FF,id=5c172e1d-997d-4dd3-baf9-9414c84d2cc3
2020-12-17 06:17:09,755 [pool-1757-thread-1] INFO  metrics.RatisMetrics (RatisMetrics.java:lambda$create$0(36)) - Creating Metrics Registry : ratis.state_machine.5c172e1d-997d-4dd3-baf9-9414c84d2cc3@group-1D44EBE411FF
2020-12-17 06:17:09,760 [Command processor thread] INFO  commandhandler.CreatePipelineCommandHandler (CreatePipelineCommandHandler.java:handle(106)) - Created Pipeline RATIS THREE PipelineID=0769a2cb-477e-42c6-8fa5-1d44ebe411ff.
2020-12-17 06:17:09,835 [Command processor thread] INFO  impl.RaftServerProxy (RaftServerProxy.java:addNew(93)) - 0e8fc707-3157-4ba9-8ca0-1e159f3dc0e9: addNew group-7A6015F1F07A:[0e8fc707-3157-4ba9-8ca0-1e159f3dc0e9|rpc:172.17.0.2:43839] returns group-7A6015F1F07A:java.util.concurrent.CompletableFuture@32acab61[Not completed]
2020-12-17 06:17:09,835 [pool-1741-thread-1] INFO  impl.RaftServerImpl (RaftServerImpl.java:<init>(121)) - 0e8fc707-3157-4ba9-8ca0-1e159f3dc0e9: new RaftServerImpl for group-7A6015F1F07A:[0e8fc707-3157-4ba9-8ca0-1e159f3dc0e9|rpc:172.17.0.2:43839] with ContainerStateMachine:uninitialized
2020-12-17 06:17:09,835 [pool-1741-thread-1] INFO  server.RaftServerConfigKeys (ConfUtils.java:logGet(44)) - raft.server.rpc.timeout.min = 5s (custom)
2020-12-17 06:17:09,835 [pool-1741-thread-1] INFO  server.RaftServerConfigKeys (ConfUtils.java:logGet(44)) - raft.server.rpc.timeout.max = 5200ms (custom)
2020-12-17 06:17:09,835 [pool-1741-thread-1] INFO  server.RaftServerConfigKeys (ConfUtils.java:logGet(44)) - raft.server.rpc.slowness.timeout = 300s (custom)
2020-12-17 06:17:09,835 [pool-1741-thread-1] INFO  server.RaftServerConfigKeys (ConfUtils.java:logGet(44)) - raft.server.leaderelection.leader.step-down.wait-time = 10s (default)
2020-12-17 06:17:09,836 [pool-1741-thread-1] INFO  server.RaftServerConfigKeys (ConfUtils.java:logGet(44)) - raft.server.sleep.deviation.threshold = 300 (default)
2020-12-17 06:17:09,836 [pool-1741-thread-1] INFO  server.RaftServerConfigKeys (ConfUtils.java:logGet(44)) - raft.server.log.appender.install.snapshot.enabled = false (custom)
2020-12-17 06:17:09,836 [pool-1741-thread-1] INFO  impl.RaftServerImpl (ServerState.java:<init>(104)) - 0e8fc707-3157-4ba9-8ca0-1e159f3dc0e9@group-7A6015F1F07A: ConfigurationManager, init=-1: [0e8fc707-3157-4ba9-8ca0-1e159f3dc0e9|rpc:172.17.0.2:43839], old=null, confs=<EMPTY_MAP>
2020-12-17 06:17:09,836 [pool-1741-thread-1] INFO  server.RaftServerConfigKeys (ConfUtils.java:logGet(44)) - raft.server.storage.dir = [/github/workspace/mnt/ozone/hadoop-ozone/integration-test/target/test-dir/MiniOzoneClusterImpl-b9d63ab2-cea4-44c4-9857-355e5256a975/datanode-1/data/ratis] (custom)
2020-12-17 06:17:09,836 [pool-1741-thread-1] INFO  server.RaftServerConfigKeys (ConfUtils.java:logGet(44)) - raft.server.log.corruption.policy = EXCEPTION (default)
2020-12-17 06:17:09,836 [pool-1741-thread-1] INFO  storage.RaftStorageDirectory (RaftStorageDirectory.java:analyzeStorage(261)) - The storage directory /github/workspace/mnt/ozone/hadoop-ozone/integration-test/target/test-dir/MiniOzoneClusterImpl-b9d63ab2-cea4-44c4-9857-355e5256a975/datanode-1/data/ratis/34bd1f3b-6966-4254-a5a5-7a6015f1f07a does not exist. Creating ...
2020-12-17 06:17:09,838 [pool-1741-thread-1] INFO  storage.RaftStorageDirectory (RaftStorageDirectory.java:tryLock(343)) - Lock on /github/workspace/mnt/ozone/hadoop-ozone/integration-test/target/test-dir/MiniOzoneClusterImpl-b9d63ab2-cea4-44c4-9857-355e5256a975/datanode-1/data/ratis/34bd1f3b-6966-4254-a5a5-7a6015f1f07a/in_use.lock acquired by nodename 12168@647233daa2c6
2020-12-17 06:17:09,840 [pool-1741-thread-1] INFO  storage.RaftStorage (RaftStorage.java:format(85)) - Storage directory /github/workspace/mnt/ozone/hadoop-ozone/integration-test/target/test-dir/MiniOzoneClusterImpl-b9d63ab2-cea4-44c4-9857-355e5256a975/datanode-1/data/ratis/34bd1f3b-6966-4254-a5a5-7a6015f1f07a has been successfully formatted.
2020-12-17 06:17:09,840 [pool-1741-thread-1] INFO  ratis.ContainerStateMachine (ContainerStateMachine.java:loadSnapshot(225)) - group-7A6015F1F07A: The snapshot info is null. Setting the last applied indexto:(t:0, i:~)
2020-12-17 06:17:09,840 [pool-1741-thread-1] INFO  server.RaftServerConfigKeys (ConfUtils.java:logGet(44)) - raft.server.notification.no-leader.timeout = 300s (custom)
2020-12-17 06:17:09,840 [pool-1741-thread-1] INFO  server.RaftServerConfigKeys (ConfUtils.java:logGet(44)) - raft.server.log.use.memory = false (default)
2020-12-17 06:17:09,840 [pool-1741-thread-1] INFO  server.RaftServerConfigKeys (ConfUtils.java:logGet(44)) - raft.server.log.purge.gap = 1000000 (custom)
2020-12-17 06:17:09,840 [pool-1741-thread-1] INFO  metrics.RatisMetrics (RatisMetrics.java:lambda$create$0(36)) - Creating Metrics Registry : ratis.log_worker.0e8fc707-3157-4ba9-8ca0-1e159f3dc0e9@group-7A6015F1F07A
2020-12-17 06:17:09,840 [EventQueue-PipelineReportForPipelineReportHandler] INFO  pipeline.PipelineStateManager (PipelineStateManager.java:openPipeline(132)) - Pipeline Pipeline[ Id: 34bd1f3b-6966-4254-a5a5-7a6015f1f07a, Nodes: 0e8fc707-3157-4ba9-8ca0-1e159f3dc0e9{ip: 172.17.0.2, host: 647233daa2c6, networkLocation: /default-rack, certSerialId: null, persistedOpState: IN_SERVICE, persistedOpStateExpiryEpochSec: 0}, Type:RATIS, Factor:ONE, State:ALLOCATED, leaderId:0e8fc707-3157-4ba9-8ca0-1e159f3dc0e9, CreationTimestamp2020-12-17T06:17:06.837Z] moved to OPEN state
2020-12-17 06:17:09,841 [EventQueue-PipelineReportForOneReplicaPipelineSafeModeRule] INFO  safemode.SCMSafeModeManager (SCMSafeModeManager.java:validateSafeModeExitRules(214)) - AtleastOneDatanodeReportedRule rule is successfully validated
2020-12-17 06:17:09,841 [EventQueue-OpenPipelineForHealthyPipelineSafeModeRule] INFO  safemode.SCMSafeModeManager (HealthyPipelineSafeModeRule.java:process(128)) - SCM in safe mode. Healthy pipelines reported count is 0, required healthy pipeline reported count is 1
2020-12-17 06:17:09,841 [pool-1741-thread-1] INFO  server.RaftServerConfigKeys (ConfUtils.java:logGet(44)) - raft.server.log.appender.buffer.byte-limit = 33554432 (custom)
2020-12-17 06:17:09,841 [pool-1741-thread-1] INFO  server.RaftServerConfigKeys (ConfUtils.java:logGet(44)) - raft.server.log.segment.size.max = 1048576 (custom)
2020-12-17 06:17:09,842 [pool-1741-thread-1] INFO  server.RaftServerConfigKeys (ConfUtils.java:logGet(44)) - raft.server.log.segment.cache.num.max = 2 (custom)
2020-12-17 06:17:09,842 [pool-1741-thread-1] INFO  segmented.SegmentedRaftLogWorker (SegmentedRaftLogWorker.java:<init>(180)) - new 0e8fc707-3157-4ba9-8ca0-1e159f3dc0e9@group-7A6015F1F07A-SegmentedRaftLogWorker for RaftStorage:Storage Directory /github/workspace/mnt/ozone/hadoop-ozone/integration-test/target/test-dir/MiniOzoneClusterImpl-b9d63ab2-cea4-44c4-9857-355e5256a975/datanode-1/data/ratis/34bd1f3b-6966-4254-a5a5-7a6015f1f07a
2020-12-17 06:17:09,842 [pool-1741-thread-1] INFO  server.RaftServerConfigKeys (ConfUtils.java:logGet(44)) - raft.server.log.queue.byte-limit = 2147483647 (custom)
2020-12-17 06:17:09,842 [pool-1741-thread-1] INFO  server.RaftServerConfigKeys (ConfUtils.java:logGet(44)) - raft.server.log.queue.element-limit = 1024 (custom)
2020-12-17 06:17:09,842 [pool-1741-thread-1] INFO  server.RaftServerConfigKeys (ConfUtils.java:logGet(44)) - raft.server.log.segment.size.max = 1048576 (custom)
2020-12-17 06:17:09,842 [pool-1741-thread-1] INFO  server.RaftServerConfigKeys (ConfUtils.java:logGet(44)) - raft.server.log.preallocated.size = 16384 (custom)
2020-12-17 06:17:09,842 [pool-1741-thread-1] INFO  server.RaftServerConfigKeys (ConfUtils.java:logGet(44)) - raft.server.log.write.buffer.size = 1048576 (custom)
2020-12-17 06:17:09,842 [pool-1741-thread-1] INFO  server.RaftServerConfigKeys (ConfUtils.java:logGet(44)) - raft.server.log.force.sync.num = 128 (default)
2020-12-17 06:17:09,842 [pool-1741-thread-1] INFO  server.RaftServerConfigKeys (ConfUtils.java:logGet(44)) - raft.server.log.statemachine.data.sync = true (default)
2020-12-17 06:17:09,842 [pool-1741-thread-1] INFO  server.RaftServerConfigKeys (ConfUtils.java:logGet(44)) - raft.server.log.statemachine.data.sync.timeout = 10s (default)
2020-12-17 06:17:09,842 [pool-1741-thread-1] INFO  server.RaftServerConfigKeys (ConfUtils.java:logGet(44)) - raft.server.log.statemachine.data.sync.timeout.retry = -1 (default)
2020-12-17 06:17:09,846 [pool-1741-thread-1] INFO  server.RaftServerConfigKeys (ConfUtils.java:logGet(44)) - raft.server.log.statemachine.data.caching.enabled = true (custom)
2020-12-17 06:17:09,846 [pool-1741-thread-1] INFO  segmented.SegmentedRaftLogWorker (SegmentedRaftLogWorker.java:lambda$new$0(129)) - 0e8fc707-3157-4ba9-8ca0-1e159f3dc0e9@group-7A6015F1F07A-SegmentedRaftLogWorker: flushIndex: setUnconditionally 0 -> -1
2020-12-17 06:17:09,846 [pool-1741-thread-1] INFO  segmented.SegmentedRaftLogWorker (SegmentedRaftLogWorker.java:lambda$new$0(129)) - 0e8fc707-3157-4ba9-8ca0-1e159f3dc0e9@group-7A6015F1F07A-SegmentedRaftLogWorker: safeCacheEvictIndex: setUnconditionally 0 -> -1
2020-12-17 06:17:09,846 [pool-1741-thread-1] INFO  server.RaftServerConfigKeys (ConfUtils.java:logGet(44)) - raft.server.snapshot.auto.trigger.enabled = true (custom)
2020-12-17 06:17:09,846 [pool-1741-thread-1] INFO  server.RaftServerConfigKeys (ConfUtils.java:logGet(44)) - raft.server.snapshot.auto.trigger.threshold = 10000 (custom)
2020-12-17 06:17:09,846 [pool-1741-thread-1] INFO  server.RaftServerConfigKeys (ConfUtils.java:logGet(44)) - raft.server.snapshot.retention.file.num = 5 (custom)
2020-12-17 06:17:09,846 [pool-1741-thread-1] INFO  server.RaftServerConfigKeys (ConfUtils.java:logGet(44)) - raft.server.log.purge.upto.snapshot.index = false (default)
2020-12-17 06:17:09,846 [pool-1741-thread-1] INFO  server.RaftServerConfigKeys (ConfUtils.java:logGet(44)) - raft.server.retrycache.expirytime = 600000ms (custom)
2020-12-17 06:17:09,846 [pool-1741-thread-1] INFO  metrics.RatisMetrics (RatisMetrics.java:lambda$create$0(36)) - Creating Metrics Registry : ratis.leader_election.0e8fc707-3157-4ba9-8ca0-1e159f3dc0e9@group-7A6015F1F07A
2020-12-17 06:17:09,847 [pool-1741-thread-1] INFO  metrics.RatisMetrics (RatisMetrics.java:lambda$create$0(36)) - Creating Metrics Registry : ratis.server.0e8fc707-3157-4ba9-8ca0-1e159f3dc0e9@group-7A6015F1F07A
2020-12-17 06:17:09,849 [pool-1741-thread-1] INFO  impl.RaftServerImpl (RaftServerImpl.java:start(215)) - 0e8fc707-3157-4ba9-8ca0-1e159f3dc0e9@group-7A6015F1F07A: start as a follower, conf=-1: [0e8fc707-3157-4ba9-8ca0-1e159f3dc0e9|rpc:172.17.0.2:43839], old=null
2020-12-17 06:17:09,849 [pool-1741-thread-1] INFO  impl.RaftServerImpl (RaftServerImpl.java:setRole(204)) - 0e8fc707-3157-4ba9-8ca0-1e159f3dc0e9@group-7A6015F1F07A: changes role from      null to FOLLOWER at term 0 for startAsFollower
2020-12-17 06:17:09,849 [pool-1741-thread-1] INFO  impl.RoleInfo (RoleInfo.java:updateAndGet(143)) - 0e8fc707-3157-4ba9-8ca0-1e159f3dc0e9: start 0e8fc707-3157-4ba9-8ca0-1e159f3dc0e9@group-7A6015F1F07A-FollowerState
2020-12-17 06:17:09,852 [pool-1741-thread-1] INFO  util.JmxRegister (JmxRegister.java:tryRegister(44)) - Successfully registered JMX Bean with object name Ratis:service=RaftServer,group=group-7A6015F1F07A,id=0e8fc707-3157-4ba9-8ca0-1e159f3dc0e9
2020-12-17 06:17:09,852 [pool-1741-thread-1] INFO  metrics.RatisMetrics (RatisMetrics.java:lambda$create$0(36)) - Creating Metrics Registry : ratis.state_machine.0e8fc707-3157-4ba9-8ca0-1e159f3dc0e9@group-7A6015F1F07A
2020-12-17 06:17:09,853 [Command processor thread] INFO  commandhandler.CreatePipelineCommandHandler (CreatePipelineCommandHandler.java:handle(106)) - Created Pipeline RATIS ONE PipelineID=34bd1f3b-6966-4254-a5a5-7a6015f1f07a.
2020-12-17 06:17:10,005 [Command processor thread] INFO  impl.RaftServerProxy (RaftServerProxy.java:addNew(93)) - 5c172e1d-997d-4dd3-baf9-9414c84d2cc3: addNew group-E975F43F3C1E:[5c172e1d-997d-4dd3-baf9-9414c84d2cc3|rpc:172.17.0.2:45075] returns group-E975F43F3C1E:java.util.concurrent.CompletableFuture@15c404ca[Not completed]
2020-12-17 06:17:10,006 [pool-1757-thread-1] INFO  impl.RaftServerImpl (RaftServerImpl.java:<init>(121)) - 5c172e1d-997d-4dd3-baf9-9414c84d2cc3: new RaftServerImpl for group-E975F43F3C1E:[5c172e1d-997d-4dd3-baf9-9414c84d2cc3|rpc:172.17.0.2:45075] with ContainerStateMachine:uninitialized
2020-12-17 06:17:10,006 [pool-1757-thread-1] INFO  server.RaftServerConfigKeys (ConfUtils.java:logGet(44)) - raft.server.rpc.timeout.min = 5s (custom)
2020-12-17 06:17:10,006 [pool-1757-thread-1] INFO  server.RaftServerConfigKeys (ConfUtils.java:logGet(44)) - raft.server.rpc.timeout.max = 5200ms (custom)
2020-12-17 06:17:10,006 [pool-1757-thread-1] INFO  server.RaftServerConfigKeys (ConfUtils.java:logGet(44)) - raft.server.rpc.slowness.timeout = 300s (custom)
2020-12-17 06:17:10,006 [pool-1757-thread-1] INFO  server.RaftServerConfigKeys (ConfUtils.java:logGet(44)) - raft.server.leaderelection.leader.step-down.wait-time = 10s (default)
2020-12-17 06:17:10,006 [pool-1757-thread-1] INFO  server.RaftServerConfigKeys (ConfUtils.java:logGet(44)) - raft.server.sleep.deviation.threshold = 300 (default)
2020-12-17 06:17:10,006 [pool-1757-thread-1] INFO  server.RaftServerConfigKeys (ConfUtils.java:logGet(44)) - raft.server.log.appender.install.snapshot.enabled = false (custom)
2020-12-17 06:17:10,006 [pool-1757-thread-1] INFO  impl.RaftServerImpl (ServerState.java:<init>(104)) - 5c172e1d-997d-4dd3-baf9-9414c84d2cc3@group-E975F43F3C1E: ConfigurationManager, init=-1: [5c172e1d-997d-4dd3-baf9-9414c84d2cc3|rpc:172.17.0.2:45075], old=null, confs=<EMPTY_MAP>
2020-12-17 06:17:10,006 [pool-1757-thread-1] INFO  server.RaftServerConfigKeys (ConfUtils.java:logGet(44)) - raft.server.storage.dir = [/github/workspace/mnt/ozone/hadoop-ozone/integration-test/target/test-dir/MiniOzoneClusterImpl-b9d63ab2-cea4-44c4-9857-355e5256a975/datanode-2/data/ratis] (custom)
2020-12-17 06:17:10,006 [pool-1757-thread-1] INFO  server.RaftServerConfigKeys (ConfUtils.java:logGet(44)) - raft.server.log.corruption.policy = EXCEPTION (default)
2020-12-17 06:17:10,006 [pool-1757-thread-1] INFO  storage.RaftStorageDirectory (RaftStorageDirectory.java:analyzeStorage(261)) - The storage directory /github/workspace/mnt/ozone/hadoop-ozone/integration-test/target/test-dir/MiniOzoneClusterImpl-b9d63ab2-cea4-44c4-9857-355e5256a975/datanode-2/data/ratis/0e3738b0-5edd-444e-ad73-e975f43f3c1e does not exist. Creating ...
2020-12-17 06:17:10,009 [pool-1757-thread-1] INFO  storage.RaftStorageDirectory (RaftStorageDirectory.java:tryLock(343)) - Lock on /github/workspace/mnt/ozone/hadoop-ozone/integration-test/target/test-dir/MiniOzoneClusterImpl-b9d63ab2-cea4-44c4-9857-355e5256a975/datanode-2/data/ratis/0e3738b0-5edd-444e-ad73-e975f43f3c1e/in_use.lock acquired by nodename 12168@647233daa2c6
2020-12-17 06:17:10,010 [pool-1757-thread-1] INFO  storage.RaftStorage (RaftStorage.java:format(85)) - Storage directory /github/workspace/mnt/ozone/hadoop-ozone/integration-test/target/test-dir/MiniOzoneClusterImpl-b9d63ab2-cea4-44c4-9857-355e5256a975/datanode-2/data/ratis/0e3738b0-5edd-444e-ad73-e975f43f3c1e has been successfully formatted.
2020-12-17 06:17:10,010 [pool-1757-thread-1] INFO  ratis.ContainerStateMachine (ContainerStateMachine.java:loadSnapshot(225)) - group-E975F43F3C1E: The snapshot info is null. Setting the last applied indexto:(t:0, i:~)
2020-12-17 06:17:10,011 [pool-1757-thread-1] INFO  server.RaftServerConfigKeys (ConfUtils.java:logGet(44)) - raft.server.notification.no-leader.timeout = 300s (custom)
2020-12-17 06:17:10,011 [pool-1757-thread-1] INFO  server.RaftServerConfigKeys (ConfUtils.java:logGet(44)) - raft.server.log.use.memory = false (default)
2020-12-17 06:17:10,011 [pool-1757-thread-1] INFO  server.RaftServerConfigKeys (ConfUtils.java:logGet(44)) - raft.server.log.purge.gap = 1000000 (custom)
2020-12-17 06:17:10,011 [pool-1757-thread-1] INFO  metrics.RatisMetrics (RatisMetrics.java:lambda$create$0(36)) - Creating Metrics Registry : ratis.log_worker.5c172e1d-997d-4dd3-baf9-9414c84d2cc3@group-E975F43F3C1E
2020-12-17 06:17:10,011 [EventQueue-PipelineReportForPipelineReportHandler] INFO  pipeline.PipelineStateManager (PipelineStateManager.java:openPipeline(132)) - Pipeline Pipeline[ Id: 0e3738b0-5edd-444e-ad73-e975f43f3c1e, Nodes: 5c172e1d-997d-4dd3-baf9-9414c84d2cc3{ip: 172.17.0.2, host: 647233daa2c6, networkLocation: /default-rack, certSerialId: null, persistedOpState: IN_SERVICE, persistedOpStateExpiryEpochSec: 0}, Type:RATIS, Factor:ONE, State:ALLOCATED, leaderId:5c172e1d-997d-4dd3-baf9-9414c84d2cc3, CreationTimestamp2020-12-17T06:17:07.006Z] moved to OPEN state
2020-12-17 06:17:10,011 [EventQueue-PipelineReportForOneReplicaPipelineSafeModeRule] INFO  safemode.SCMSafeModeManager (SCMSafeModeManager.java:validateSafeModeExitRules(214)) - AtleastOneDatanodeReportedRule rule is successfully validated
2020-12-17 06:17:10,011 [EventQueue-OpenPipelineForHealthyPipelineSafeModeRule] INFO  safemode.SCMSafeModeManager (HealthyPipelineSafeModeRule.java:process(128)) - SCM in safe mode. Healthy pipelines reported count is 0, required healthy pipeline reported count is 1
2020-12-17 06:17:10,012 [pool-1757-thread-1] INFO  server.RaftServerConfigKeys (ConfUtils.java:logGet(44)) - raft.server.log.appender.buffer.byte-limit = 33554432 (custom)
2020-12-17 06:17:10,013 [pool-1757-thread-1] INFO  server.RaftServerConfigKeys (ConfUtils.java:logGet(44)) - raft.server.log.segment.size.max = 1048576 (custom)
2020-12-17 06:17:10,014 [pool-1757-thread-1] INFO  server.RaftServerConfigKeys (ConfUtils.java:logGet(44)) - raft.server.log.segment.cache.num.max = 2 (custom)
2020-12-17 06:17:10,014 [pool-1757-thread-1] INFO  segmented.SegmentedRaftLogWorker (SegmentedRaftLogWorker.java:<init>(180)) - new 5c172e1d-997d-4dd3-baf9-9414c84d2cc3@group-E975F43F3C1E-SegmentedRaftLogWorker for RaftStorage:Storage Directory /github/workspace/mnt/ozone/hadoop-ozone/integration-test/target/test-dir/MiniOzoneClusterImpl-b9d63ab2-cea4-44c4-9857-355e5256a975/datanode-2/data/ratis/0e3738b0-5edd-444e-ad73-e975f43f3c1e
2020-12-17 06:17:10,014 [pool-1757-thread-1] INFO  server.RaftServerConfigKeys (ConfUtils.java:logGet(44)) - raft.server.log.queue.byte-limit = 2147483647 (custom)
2020-12-17 06:17:10,014 [pool-1757-thread-1] INFO  server.RaftServerConfigKeys (ConfUtils.java:logGet(44)) - raft.server.log.queue.element-limit = 1024 (custom)
2020-12-17 06:17:10,014 [pool-1757-thread-1] INFO  server.RaftServerConfigKeys (ConfUtils.java:logGet(44)) - raft.server.log.segment.size.max = 1048576 (custom)
2020-12-17 06:17:10,014 [pool-1757-thread-1] INFO  server.RaftServerConfigKeys (ConfUtils.java:logGet(44)) - raft.server.log.preallocated.size = 16384 (custom)
2020-12-17 06:17:10,014 [pool-1757-thread-1] INFO  server.RaftServerConfigKeys (ConfUtils.java:logGet(44)) - raft.server.log.write.buffer.size = 1048576 (custom)
2020-12-17 06:17:10,014 [pool-1757-thread-1] INFO  server.RaftServerConfigKeys (ConfUtils.java:logGet(44)) - raft.server.log.force.sync.num = 128 (default)
2020-12-17 06:17:10,014 [pool-1757-thread-1] INFO  server.RaftServerConfigKeys (ConfUtils.java:logGet(44)) - raft.server.log.statemachine.data.sync = true (default)
2020-12-17 06:17:10,014 [pool-1757-thread-1] INFO  server.RaftServerConfigKeys (ConfUtils.java:logGet(44)) - raft.server.log.statemachine.data.sync.timeout = 10s (default)
2020-12-17 06:17:10,014 [pool-1757-thread-1] INFO  server.RaftServerConfigKeys (ConfUtils.java:logGet(44)) - raft.server.log.statemachine.data.sync.timeout.retry = -1 (default)
2020-12-17 06:17:10,017 [pool-1757-thread-1] INFO  server.RaftServerConfigKeys (ConfUtils.java:logGet(44)) - raft.server.log.statemachine.data.caching.enabled = true (custom)
2020-12-17 06:17:10,017 [pool-1757-thread-1] INFO  segmented.SegmentedRaftLogWorker (SegmentedRaftLogWorker.java:lambda$new$0(129)) - 5c172e1d-997d-4dd3-baf9-9414c84d2cc3@group-E975F43F3C1E-SegmentedRaftLogWorker: flushIndex: setUnconditionally 0 -> -1
2020-12-17 06:17:10,018 [pool-1757-thread-1] INFO  segmented.SegmentedRaftLogWorker (SegmentedRaftLogWorker.java:lambda$new$0(129)) - 5c172e1d-997d-4dd3-baf9-9414c84d2cc3@group-E975F43F3C1E-SegmentedRaftLogWorker: safeCacheEvictIndex: setUnconditionally 0 -> -1
2020-12-17 06:17:10,018 [pool-1757-thread-1] INFO  server.RaftServerConfigKeys (ConfUtils.java:logGet(44)) - raft.server.snapshot.auto.trigger.enabled = true (custom)
2020-12-17 06:17:10,018 [pool-1757-thread-1] INFO  server.RaftServerConfigKeys (ConfUtils.java:logGet(44)) - raft.server.snapshot.auto.trigger.threshold = 10000 (custom)
2020-12-17 06:17:10,018 [pool-1757-thread-1] INFO  server.RaftServerConfigKeys (ConfUtils.java:logGet(44)) - raft.server.snapshot.retention.file.num = 5 (custom)
2020-12-17 06:17:10,018 [pool-1757-thread-1] INFO  server.RaftServerConfigKeys (ConfUtils.java:logGet(44)) - raft.server.log.purge.upto.snapshot.index = false (default)
2020-12-17 06:17:10,018 [pool-1757-thread-1] INFO  server.RaftServerConfigKeys (ConfUtils.java:logGet(44)) - raft.server.retrycache.expirytime = 600000ms (custom)
2020-12-17 06:17:10,018 [pool-1757-thread-1] INFO  metrics.RatisMetrics (RatisMetrics.java:lambda$create$0(36)) - Creating Metrics Registry : ratis.leader_election.5c172e1d-997d-4dd3-baf9-9414c84d2cc3@group-E975F43F3C1E
2020-12-17 06:17:10,019 [pool-1757-thread-1] INFO  metrics.RatisMetrics (RatisMetrics.java:lambda$create$0(36)) - Creating Metrics Registry : ratis.server.5c172e1d-997d-4dd3-baf9-9414c84d2cc3@group-E975F43F3C1E
2020-12-17 06:17:10,021 [pool-1757-thread-1] INFO  impl.RaftServerImpl (RaftServerImpl.java:start(215)) - 5c172e1d-997d-4dd3-baf9-9414c84d2cc3@group-E975F43F3C1E: start as a follower, conf=-1: [5c172e1d-997d-4dd3-baf9-9414c84d2cc3|rpc:172.17.0.2:45075], old=null
2020-12-17 06:17:10,021 [pool-1757-thread-1] INFO  impl.RaftServerImpl (RaftServerImpl.java:setRole(204)) - 5c172e1d-997d-4dd3-baf9-9414c84d2cc3@group-E975F43F3C1E: changes role from      null to FOLLOWER at term 0 for startAsFollower
2020-12-17 06:17:10,021 [pool-1757-thread-1] INFO  impl.RoleInfo (RoleInfo.java:updateAndGet(143)) - 5c172e1d-997d-4dd3-baf9-9414c84d2cc3: start 5c172e1d-997d-4dd3-baf9-9414c84d2cc3@group-E975F43F3C1E-FollowerState
2020-12-17 06:17:10,021 [pool-1757-thread-1] INFO  util.JmxRegister (JmxRegister.java:tryRegister(44)) - Successfully registered JMX Bean with object name Ratis:service=RaftServer,group=group-E975F43F3C1E,id=5c172e1d-997d-4dd3-baf9-9414c84d2cc3
2020-12-17 06:17:10,022 [pool-1757-thread-1] INFO  metrics.RatisMetrics (RatisMetrics.java:lambda$create$0(36)) - Creating Metrics Registry : ratis.state_machine.5c172e1d-997d-4dd3-baf9-9414c84d2cc3@group-E975F43F3C1E
2020-12-17 06:17:10,023 [Command processor thread] INFO  commandhandler.CreatePipelineCommandHandler (CreatePipelineCommandHandler.java:handle(106)) - Created Pipeline RATIS ONE PipelineID=0e3738b0-5edd-444e-ad73-e975f43f3c1e.
2020-12-17 06:17:10,172 [Command processor thread] INFO  impl.RaftServerProxy (RaftServerProxy.java:addNew(93)) - 257b61ee-eb6d-48eb-bce8-7b671ec5e6a0: addNew group-023009F6BFB2:[257b61ee-eb6d-48eb-bce8-7b671ec5e6a0|rpc:172.17.0.2:37929] returns group-023009F6BFB2:java.util.concurrent.CompletableFuture@5ce52aa4[Not completed]
2020-12-17 06:17:10,173 [pool-1773-thread-1] INFO  impl.RaftServerImpl (RaftServerImpl.java:<init>(121)) - 257b61ee-eb6d-48eb-bce8-7b671ec5e6a0: new RaftServerImpl for group-023009F6BFB2:[257b61ee-eb6d-48eb-bce8-7b671ec5e6a0|rpc:172.17.0.2:37929] with ContainerStateMachine:uninitialized
2020-12-17 06:17:10,173 [pool-1773-thread-1] INFO  server.RaftServerConfigKeys (ConfUtils.java:logGet(44)) - raft.server.rpc.timeout.min = 5s (custom)
2020-12-17 06:17:10,173 [pool-1773-thread-1] INFO  server.RaftServerConfigKeys (ConfUtils.java:logGet(44)) - raft.server.rpc.timeout.max = 5200ms (custom)
2020-12-17 06:17:10,173 [EventQueue-PipelineReportForOneReplicaPipelineSafeModeRule] INFO  safemode.SCMSafeModeManager (SCMSafeModeManager.java:validateSafeModeExitRules(214)) - AtleastOneDatanodeReportedRule rule is successfully validated
2020-12-17 06:17:10,173 [pool-1773-thread-1] INFO  server.RaftServerConfigKeys (ConfUtils.java:logGet(44)) - raft.server.rpc.slowness.timeout = 300s (custom)
2020-12-17 06:17:10,173 [pool-1773-thread-1] INFO  server.RaftServerConfigKeys (ConfUtils.java:logGet(44)) - raft.server.leaderelection.leader.step-down.wait-time = 10s (default)
2020-12-17 06:17:10,174 [pool-1773-thread-1] INFO  server.RaftServerConfigKeys (ConfUtils.java:logGet(44)) - raft.server.sleep.deviation.threshold = 300 (default)
2020-12-17 06:17:10,174 [pool-1773-thread-1] INFO  server.RaftServerConfigKeys (ConfUtils.java:logGet(44)) - raft.server.log.appender.install.snapshot.enabled = false (custom)
2020-12-17 06:17:10,174 [pool-1773-thread-1] INFO  impl.RaftServerImpl (ServerState.java:<init>(104)) - 257b61ee-eb6d-48eb-bce8-7b671ec5e6a0@group-023009F6BFB2: ConfigurationManager, init=-1: [257b61ee-eb6d-48eb-bce8-7b671ec5e6a0|rpc:172.17.0.2:37929], old=null, confs=<EMPTY_MAP>
2020-12-17 06:17:10,174 [pool-1773-thread-1] INFO  server.RaftServerConfigKeys (ConfUtils.java:logGet(44)) - raft.server.storage.dir = [/github/workspace/mnt/ozone/hadoop-ozone/integration-test/target/test-dir/MiniOzoneClusterImpl-b9d63ab2-cea4-44c4-9857-355e5256a975/datanode-3/data/ratis] (custom)
2020-12-17 06:17:10,174 [pool-1773-thread-1] INFO  server.RaftServerConfigKeys (ConfUtils.java:logGet(44)) - raft.server.log.corruption.policy = EXCEPTION (default)
2020-12-17 06:17:10,174 [pool-1773-thread-1] INFO  storage.RaftStorageDirectory (RaftStorageDirectory.java:analyzeStorage(261)) - The storage directory /github/workspace/mnt/ozone/hadoop-ozone/integration-test/target/test-dir/MiniOzoneClusterImpl-b9d63ab2-cea4-44c4-9857-355e5256a975/datanode-3/data/ratis/c580aeca-e942-4d7b-9ad3-023009f6bfb2 does not exist. Creating ...
2020-12-17 06:17:10,176 [pool-1773-thread-1] INFO  storage.RaftStorageDirectory (RaftStorageDirectory.java:tryLock(343)) - Lock on /github/workspace/mnt/ozone/hadoop-ozone/integration-test/target/test-dir/MiniOzoneClusterImpl-b9d63ab2-cea4-44c4-9857-355e5256a975/datanode-3/data/ratis/c580aeca-e942-4d7b-9ad3-023009f6bfb2/in_use.lock acquired by nodename 12168@647233daa2c6
2020-12-17 06:17:10,178 [pool-1773-thread-1] INFO  storage.RaftStorage (RaftStorage.java:format(85)) - Storage directory /github/workspace/mnt/ozone/hadoop-ozone/integration-test/target/test-dir/MiniOzoneClusterImpl-b9d63ab2-cea4-44c4-9857-355e5256a975/datanode-3/data/ratis/c580aeca-e942-4d7b-9ad3-023009f6bfb2 has been successfully formatted.
2020-12-17 06:17:10,179 [pool-1773-thread-1] INFO  ratis.ContainerStateMachine (ContainerStateMachine.java:loadSnapshot(225)) - group-023009F6BFB2: The snapshot info is null. Setting the last applied indexto:(t:0, i:~)
2020-12-17 06:17:10,179 [pool-1773-thread-1] INFO  server.RaftServerConfigKeys (ConfUtils.java:logGet(44)) - raft.server.notification.no-leader.timeout = 300s (custom)
2020-12-17 06:17:10,179 [pool-1773-thread-1] INFO  server.RaftServerConfigKeys (ConfUtils.java:logGet(44)) - raft.server.log.use.memory = false (default)
2020-12-17 06:17:10,179 [pool-1773-thread-1] INFO  server.RaftServerConfigKeys (ConfUtils.java:logGet(44)) - raft.server.log.purge.gap = 1000000 (custom)
2020-12-17 06:17:10,179 [EventQueue-PipelineReportForOneReplicaPipelineSafeModeRule] INFO  safemode.SCMSafeModeManager (SCMSafeModeManager.java:validateSafeModeExitRules(214)) - AtleastOneDatanodeReportedRule rule is successfully validated
2020-12-17 06:17:10,179 [pool-1773-thread-1] INFO  metrics.RatisMetrics (RatisMetrics.java:lambda$create$0(36)) - Creating Metrics Registry : ratis.log_worker.257b61ee-eb6d-48eb-bce8-7b671ec5e6a0@group-023009F6BFB2
2020-12-17 06:17:10,179 [EventQueue-PipelineReportForPipelineReportHandler] INFO  pipeline.PipelineStateManager (PipelineStateManager.java:openPipeline(132)) - Pipeline Pipeline[ Id: c580aeca-e942-4d7b-9ad3-023009f6bfb2, Nodes: 257b61ee-eb6d-48eb-bce8-7b671ec5e6a0{ip: 172.17.0.2, host: 647233daa2c6, networkLocation: /default-rack, certSerialId: null, persistedOpState: IN_SERVICE, persistedOpStateExpiryEpochSec: 0}, Type:RATIS, Factor:ONE, State:ALLOCATED, leaderId:257b61ee-eb6d-48eb-bce8-7b671ec5e6a0, CreationTimestamp2020-12-17T06:17:07.173Z] moved to OPEN state
2020-12-17 06:17:10,180 [pool-1773-thread-1] INFO  server.RaftServerConfigKeys (ConfUtils.java:logGet(44)) - raft.server.log.appender.buffer.byte-limit = 33554432 (custom)
2020-12-17 06:17:10,180 [pool-1773-thread-1] INFO  server.RaftServerConfigKeys (ConfUtils.java:logGet(44)) - raft.server.log.segment.size.max = 1048576 (custom)
2020-12-17 06:17:10,180 [EventQueue-OpenPipelineForHealthyPipelineSafeModeRule] INFO  safemode.SCMSafeModeManager (HealthyPipelineSafeModeRule.java:process(128)) - SCM in safe mode. Healthy pipelines reported count is 0, required healthy pipeline reported count is 1
2020-12-17 06:17:10,181 [pool-1773-thread-1] INFO  server.RaftServerConfigKeys (ConfUtils.java:logGet(44)) - raft.server.log.segment.cache.num.max = 2 (custom)
2020-12-17 06:17:10,181 [pool-1773-thread-1] INFO  segmented.SegmentedRaftLogWorker (SegmentedRaftLogWorker.java:<init>(180)) - new 257b61ee-eb6d-48eb-bce8-7b671ec5e6a0@group-023009F6BFB2-SegmentedRaftLogWorker for RaftStorage:Storage Directory /github/workspace/mnt/ozone/hadoop-ozone/integration-test/target/test-dir/MiniOzoneClusterImpl-b9d63ab2-cea4-44c4-9857-355e5256a975/datanode-3/data/ratis/c580aeca-e942-4d7b-9ad3-023009f6bfb2
2020-12-17 06:17:10,181 [pool-1773-thread-1] INFO  server.RaftServerConfigKeys (ConfUtils.java:logGet(44)) - raft.server.log.queue.byte-limit = 2147483647 (custom)
2020-12-17 06:17:10,181 [pool-1773-thread-1] INFO  server.RaftServerConfigKeys (ConfUtils.java:logGet(44)) - raft.server.log.queue.element-limit = 1024 (custom)
2020-12-17 06:17:10,181 [pool-1773-thread-1] INFO  server.RaftServerConfigKeys (ConfUtils.java:logGet(44)) - raft.server.log.segment.size.max = 1048576 (custom)
2020-12-17 06:17:10,181 [pool-1773-thread-1] INFO  server.RaftServerConfigKeys (ConfUtils.java:logGet(44)) - raft.server.log.preallocated.size = 16384 (custom)
2020-12-17 06:17:10,181 [pool-1773-thread-1] INFO  server.RaftServerConfigKeys (ConfUtils.java:logGet(44)) - raft.server.log.write.buffer.size = 1048576 (custom)
2020-12-17 06:17:10,181 [pool-1773-thread-1] INFO  server.RaftServerConfigKeys (ConfUtils.java:logGet(44)) - raft.server.log.force.sync.num = 128 (default)
2020-12-17 06:17:10,181 [pool-1773-thread-1] INFO  server.RaftServerConfigKeys (ConfUtils.java:logGet(44)) - raft.server.log.statemachine.data.sync = true (default)
2020-12-17 06:17:10,181 [pool-1773-thread-1] INFO  server.RaftServerConfigKeys (ConfUtils.java:logGet(44)) - raft.server.log.statemachine.data.sync.timeout = 10s (default)
2020-12-17 06:17:10,181 [pool-1773-thread-1] INFO  server.RaftServerConfigKeys (ConfUtils.java:logGet(44)) - raft.server.log.statemachine.data.sync.timeout.retry = -1 (default)
2020-12-17 06:17:10,184 [pool-1773-thread-1] INFO  server.RaftServerConfigKeys (ConfUtils.java:logGet(44)) - raft.server.log.statemachine.data.caching.enabled = true (custom)
2020-12-17 06:17:10,184 [pool-1773-thread-1] INFO  segmented.SegmentedRaftLogWorker (SegmentedRaftLogWorker.java:lambda$new$0(129)) - 257b61ee-eb6d-48eb-bce8-7b671ec5e6a0@group-023009F6BFB2-SegmentedRaftLogWorker: flushIndex: setUnconditionally 0 -> -1
2020-12-17 06:17:10,184 [pool-1773-thread-1] INFO  segmented.SegmentedRaftLogWorker (SegmentedRaftLogWorker.java:lambda$new$0(129)) - 257b61ee-eb6d-48eb-bce8-7b671ec5e6a0@group-023009F6BFB2-SegmentedRaftLogWorker: safeCacheEvictIndex: setUnconditionally 0 -> -1
2020-12-17 06:17:10,184 [pool-1773-thread-1] INFO  server.RaftServerConfigKeys (ConfUtils.java:logGet(44)) - raft.server.snapshot.auto.trigger.enabled = true (custom)
2020-12-17 06:17:10,185 [pool-1773-thread-1] INFO  server.RaftServerConfigKeys (ConfUtils.java:logGet(44)) - raft.server.snapshot.auto.trigger.threshold = 10000 (custom)
2020-12-17 06:17:10,185 [pool-1773-thread-1] INFO  server.RaftServerConfigKeys (ConfUtils.java:logGet(44)) - raft.server.snapshot.retention.file.num = 5 (custom)
2020-12-17 06:17:10,185 [pool-1773-thread-1] INFO  server.RaftServerConfigKeys (ConfUtils.java:logGet(44)) - raft.server.log.purge.upto.snapshot.index = false (default)
2020-12-17 06:17:10,185 [pool-1773-thread-1] INFO  server.RaftServerConfigKeys (ConfUtils.java:logGet(44)) - raft.server.retrycache.expirytime = 600000ms (custom)
2020-12-17 06:17:10,185 [pool-1773-thread-1] INFO  metrics.RatisMetrics (RatisMetrics.java:lambda$create$0(36)) - Creating Metrics Registry : ratis.leader_election.257b61ee-eb6d-48eb-bce8-7b671ec5e6a0@group-023009F6BFB2
2020-12-17 06:17:10,186 [pool-1773-thread-1] INFO  metrics.RatisMetrics (RatisMetrics.java:lambda$create$0(36)) - Creating Metrics Registry : ratis.server.257b61ee-eb6d-48eb-bce8-7b671ec5e6a0@group-023009F6BFB2
2020-12-17 06:17:10,188 [pool-1773-thread-1] INFO  impl.RaftServerImpl (RaftServerImpl.java:start(215)) - 257b61ee-eb6d-48eb-bce8-7b671ec5e6a0@group-023009F6BFB2: start as a follower, conf=-1: [257b61ee-eb6d-48eb-bce8-7b671ec5e6a0|rpc:172.17.0.2:37929], old=null
2020-12-17 06:17:10,188 [pool-1773-thread-1] INFO  impl.RaftServerImpl (RaftServerImpl.java:setRole(204)) - 257b61ee-eb6d-48eb-bce8-7b671ec5e6a0@group-023009F6BFB2: changes role from      null to FOLLOWER at term 0 for startAsFollower
2020-12-17 06:17:10,188 [pool-1773-thread-1] INFO  impl.RoleInfo (RoleInfo.java:updateAndGet(143)) - 257b61ee-eb6d-48eb-bce8-7b671ec5e6a0: start 257b61ee-eb6d-48eb-bce8-7b671ec5e6a0@group-023009F6BFB2-FollowerState
2020-12-17 06:17:10,188 [pool-1773-thread-1] INFO  util.JmxRegister (JmxRegister.java:tryRegister(44)) - Successfully registered JMX Bean with object name Ratis:service=RaftServer,group=group-023009F6BFB2,id=257b61ee-eb6d-48eb-bce8-7b671ec5e6a0
2020-12-17 06:17:10,188 [pool-1773-thread-1] INFO  metrics.RatisMetrics (RatisMetrics.java:lambda$create$0(36)) - Creating Metrics Registry : ratis.state_machine.257b61ee-eb6d-48eb-bce8-7b671ec5e6a0@group-023009F6BFB2
2020-12-17 06:17:10,189 [Command processor thread] INFO  commandhandler.CreatePipelineCommandHandler (CreatePipelineCommandHandler.java:handle(106)) - Created Pipeline RATIS ONE PipelineID=c580aeca-e942-4d7b-9ad3-023009f6bfb2.
2020-12-17 06:17:10,189 [Command processor thread] INFO  impl.RaftServerProxy (RaftServerProxy.java:addNew(93)) - 257b61ee-eb6d-48eb-bce8-7b671ec5e6a0: addNew group-41C1B0E789D6:[af686100-7e6c-4b70-9ed6-519c9a6108c4|rpc:172.17.0.2:44771, 257b61ee-eb6d-48eb-bce8-7b671ec5e6a0|rpc:172.17.0.2:37929, ebe706cb-1bab-4194-9c59-b1279774a307|rpc:172.17.0.2:39937] returns group-41C1B0E789D6:java.util.concurrent.CompletableFuture@58daa5e0[Not completed]
2020-12-17 06:17:10,190 [pool-1773-thread-1] INFO  impl.RaftServerImpl (RaftServerImpl.java:<init>(121)) - 257b61ee-eb6d-48eb-bce8-7b671ec5e6a0: new RaftServerImpl for group-41C1B0E789D6:[af686100-7e6c-4b70-9ed6-519c9a6108c4|rpc:172.17.0.2:44771, 257b61ee-eb6d-48eb-bce8-7b671ec5e6a0|rpc:172.17.0.2:37929, ebe706cb-1bab-4194-9c59-b1279774a307|rpc:172.17.0.2:39937] with ContainerStateMachine:uninitialized
2020-12-17 06:17:10,190 [pool-1773-thread-1] INFO  server.RaftServerConfigKeys (ConfUtils.java:logGet(44)) - raft.server.rpc.timeout.min = 5s (custom)
2020-12-17 06:17:10,190 [pool-1773-thread-1] INFO  server.RaftServerConfigKeys (ConfUtils.java:logGet(44)) - raft.server.rpc.timeout.max = 5200ms (custom)
2020-12-17 06:17:10,190 [pool-1773-thread-1] INFO  server.RaftServerConfigKeys (ConfUtils.java:logGet(44)) - raft.server.rpc.slowness.timeout = 300s (custom)
2020-12-17 06:17:10,190 [pool-1773-thread-1] INFO  server.RaftServerConfigKeys (ConfUtils.java:logGet(44)) - raft.server.leaderelection.leader.step-down.wait-time = 10s (default)
2020-12-17 06:17:10,190 [pool-1773-thread-1] INFO  server.RaftServerConfigKeys (ConfUtils.java:logGet(44)) - raft.server.sleep.deviation.threshold = 300 (default)
2020-12-17 06:17:10,190 [pool-1773-thread-1] INFO  server.RaftServerConfigKeys (ConfUtils.java:logGet(44)) - raft.server.log.appender.install.snapshot.enabled = false (custom)
2020-12-17 06:17:10,190 [pool-1773-thread-1] INFO  impl.RaftServerImpl (ServerState.java:<init>(104)) - 257b61ee-eb6d-48eb-bce8-7b671ec5e6a0@group-41C1B0E789D6: ConfigurationManager, init=-1: [af686100-7e6c-4b70-9ed6-519c9a6108c4|rpc:172.17.0.2:44771, 257b61ee-eb6d-48eb-bce8-7b671ec5e6a0|rpc:172.17.0.2:37929, ebe706cb-1bab-4194-9c59-b1279774a307|rpc:172.17.0.2:39937], old=null, confs=<EMPTY_MAP>
2020-12-17 06:17:10,190 [pool-1773-thread-1] INFO  server.RaftServerConfigKeys (ConfUtils.java:logGet(44)) - raft.server.storage.dir = [/github/workspace/mnt/ozone/hadoop-ozone/integration-test/target/test-dir/MiniOzoneClusterImpl-b9d63ab2-cea4-44c4-9857-355e5256a975/datanode-3/data/ratis] (custom)
2020-12-17 06:17:10,190 [pool-1773-thread-1] INFO  server.RaftServerConfigKeys (ConfUtils.java:logGet(44)) - raft.server.log.corruption.policy = EXCEPTION (default)
2020-12-17 06:17:10,190 [pool-1773-thread-1] INFO  storage.RaftStorageDirectory (RaftStorageDirectory.java:analyzeStorage(261)) - The storage directory /github/workspace/mnt/ozone/hadoop-ozone/integration-test/target/test-dir/MiniOzoneClusterImpl-b9d63ab2-cea4-44c4-9857-355e5256a975/datanode-3/data/ratis/bb6cccf3-5cf6-4045-9dbb-41c1b0e789d6 does not exist. Creating ...
2020-12-17 06:17:10,193 [pool-1773-thread-1] INFO  storage.RaftStorageDirectory (RaftStorageDirectory.java:tryLock(343)) - Lock on /github/workspace/mnt/ozone/hadoop-ozone/integration-test/target/test-dir/MiniOzoneClusterImpl-b9d63ab2-cea4-44c4-9857-355e5256a975/datanode-3/data/ratis/bb6cccf3-5cf6-4045-9dbb-41c1b0e789d6/in_use.lock acquired by nodename 12168@647233daa2c6
2020-12-17 06:17:10,195 [pool-1773-thread-1] INFO  storage.RaftStorage (RaftStorage.java:format(85)) - Storage directory /github/workspace/mnt/ozone/hadoop-ozone/integration-test/target/test-dir/MiniOzoneClusterImpl-b9d63ab2-cea4-44c4-9857-355e5256a975/datanode-3/data/ratis/bb6cccf3-5cf6-4045-9dbb-41c1b0e789d6 has been successfully formatted.
2020-12-17 06:17:10,195 [pool-1773-thread-1] INFO  ratis.ContainerStateMachine (ContainerStateMachine.java:loadSnapshot(225)) - group-41C1B0E789D6: The snapshot info is null. Setting the last applied indexto:(t:0, i:~)
2020-12-17 06:17:10,195 [pool-1773-thread-1] INFO  server.RaftServerConfigKeys (ConfUtils.java:logGet(44)) - raft.server.notification.no-leader.timeout = 300s (custom)
2020-12-17 06:17:10,195 [pool-1773-thread-1] INFO  server.RaftServerConfigKeys (ConfUtils.java:logGet(44)) - raft.server.log.use.memory = false (default)
2020-12-17 06:17:10,195 [pool-1773-thread-1] INFO  server.RaftServerConfigKeys (ConfUtils.java:logGet(44)) - raft.server.log.purge.gap = 1000000 (custom)
2020-12-17 06:17:10,195 [EventQueue-PipelineReportForOneReplicaPipelineSafeModeRule] INFO  safemode.SCMSafeModeManager (SCMSafeModeManager.java:validateSafeModeExitRules(214)) - AtleastOneDatanodeReportedRule rule is successfully validated
2020-12-17 06:17:10,195 [EventQueue-OpenPipelineForHealthyPipelineSafeModeRule] INFO  safemode.SCMSafeModeManager (HealthyPipelineSafeModeRule.java:process(128)) - SCM in safe mode. Healthy pipelines reported count is 0, required healthy pipeline reported count is 1
2020-12-17 06:17:10,195 [pool-1773-thread-1] INFO  metrics.RatisMetrics (RatisMetrics.java:lambda$create$0(36)) - Creating Metrics Registry : ratis.log_worker.257b61ee-eb6d-48eb-bce8-7b671ec5e6a0@group-41C1B0E789D6
2020-12-17 06:17:10,196 [pool-1773-thread-1] INFO  server.RaftServerConfigKeys (ConfUtils.java:logGet(44)) - raft.server.log.appender.buffer.byte-limit = 33554432 (custom)
2020-12-17 06:17:10,196 [pool-1773-thread-1] INFO  server.RaftServerConfigKeys (ConfUtils.java:logGet(44)) - raft.server.log.segment.size.max = 1048576 (custom)
2020-12-17 06:17:10,197 [pool-1773-thread-1] INFO  server.RaftServerConfigKeys (ConfUtils.java:logGet(44)) - raft.server.log.segment.cache.num.max = 2 (custom)
2020-12-17 06:17:10,197 [pool-1773-thread-1] INFO  segmented.SegmentedRaftLogWorker (SegmentedRaftLogWorker.java:<init>(180)) - new 257b61ee-eb6d-48eb-bce8-7b671ec5e6a0@group-41C1B0E789D6-SegmentedRaftLogWorker for RaftStorage:Storage Directory /github/workspace/mnt/ozone/hadoop-ozone/integration-test/target/test-dir/MiniOzoneClusterImpl-b9d63ab2-cea4-44c4-9857-355e5256a975/datanode-3/data/ratis/bb6cccf3-5cf6-4045-9dbb-41c1b0e789d6
2020-12-17 06:17:10,197 [pool-1773-thread-1] INFO  server.RaftServerConfigKeys (ConfUtils.java:logGet(44)) - raft.server.log.queue.byte-limit = 2147483647 (custom)
2020-12-17 06:17:10,197 [pool-1773-thread-1] INFO  server.RaftServerConfigKeys (ConfUtils.java:logGet(44)) - raft.server.log.queue.element-limit = 1024 (custom)
2020-12-17 06:17:10,197 [pool-1773-thread-1] INFO  server.RaftServerConfigKeys (ConfUtils.java:logGet(44)) - raft.server.log.segment.size.max = 1048576 (custom)
2020-12-17 06:17:10,197 [pool-1773-thread-1] INFO  server.RaftServerConfigKeys (ConfUtils.java:logGet(44)) - raft.server.log.preallocated.size = 16384 (custom)
2020-12-17 06:17:10,197 [pool-1773-thread-1] INFO  server.RaftServerConfigKeys (ConfUtils.java:logGet(44)) - raft.server.log.write.buffer.size = 1048576 (custom)
2020-12-17 06:17:10,197 [pool-1773-thread-1] INFO  server.RaftServerConfigKeys (ConfUtils.java:logGet(44)) - raft.server.log.force.sync.num = 128 (default)
2020-12-17 06:17:10,197 [pool-1773-thread-1] INFO  server.RaftServerConfigKeys (ConfUtils.java:logGet(44)) - raft.server.log.statemachine.data.sync = true (default)
2020-12-17 06:17:10,197 [pool-1773-thread-1] INFO  server.RaftServerConfigKeys (ConfUtils.java:logGet(44)) - raft.server.log.statemachine.data.sync.timeout = 10s (default)
2020-12-17 06:17:10,197 [pool-1773-thread-1] INFO  server.RaftServerConfigKeys (ConfUtils.java:logGet(44)) - raft.server.log.statemachine.data.sync.timeout.retry = -1 (default)
2020-12-17 06:17:10,200 [pool-1773-thread-1] INFO  server.RaftServerConfigKeys (ConfUtils.java:logGet(44)) - raft.server.log.statemachine.data.caching.enabled = true (custom)
2020-12-17 06:17:10,200 [pool-1773-thread-1] INFO  segmented.SegmentedRaftLogWorker (SegmentedRaftLogWorker.java:lambda$new$0(129)) - 257b61ee-eb6d-48eb-bce8-7b671ec5e6a0@group-41C1B0E789D6-SegmentedRaftLogWorker: flushIndex: setUnconditionally 0 -> -1
2020-12-17 06:17:10,200 [pool-1773-thread-1] INFO  segmented.SegmentedRaftLogWorker (SegmentedRaftLogWorker.java:lambda$new$0(129)) - 257b61ee-eb6d-48eb-bce8-7b671ec5e6a0@group-41C1B0E789D6-SegmentedRaftLogWorker: safeCacheEvictIndex: setUnconditionally 0 -> -1
2020-12-17 06:17:10,200 [pool-1773-thread-1] INFO  server.RaftServerConfigKeys (ConfUtils.java:logGet(44)) - raft.server.snapshot.auto.trigger.enabled = true (custom)
2020-12-17 06:17:10,200 [pool-1773-thread-1] INFO  server.RaftServerConfigKeys (ConfUtils.java:logGet(44)) - raft.server.snapshot.auto.trigger.threshold = 10000 (custom)
2020-12-17 06:17:10,200 [pool-1773-thread-1] INFO  server.RaftServerConfigKeys (ConfUtils.java:logGet(44)) - raft.server.snapshot.retention.file.num = 5 (custom)
2020-12-17 06:17:10,200 [pool-1773-thread-1] INFO  server.RaftServerConfigKeys (ConfUtils.java:logGet(44)) - raft.server.log.purge.upto.snapshot.index = false (default)
2020-12-17 06:17:10,201 [pool-1773-thread-1] INFO  server.RaftServerConfigKeys (ConfUtils.java:logGet(44)) - raft.server.retrycache.expirytime = 600000ms (custom)
2020-12-17 06:17:10,201 [pool-1773-thread-1] INFO  metrics.RatisMetrics (RatisMetrics.java:lambda$create$0(36)) - Creating Metrics Registry : ratis.leader_election.257b61ee-eb6d-48eb-bce8-7b671ec5e6a0@group-41C1B0E789D6
2020-12-17 06:17:10,201 [pool-1773-thread-1] INFO  metrics.RatisMetrics (RatisMetrics.java:lambda$create$0(36)) - Creating Metrics Registry : ratis.server.257b61ee-eb6d-48eb-bce8-7b671ec5e6a0@group-41C1B0E789D6
2020-12-17 06:17:10,204 [pool-1773-thread-1] INFO  impl.RaftServerImpl (RaftServerImpl.java:start(215)) - 257b61ee-eb6d-48eb-bce8-7b671ec5e6a0@group-41C1B0E789D6: start as a follower, conf=-1: [af686100-7e6c-4b70-9ed6-519c9a6108c4|rpc:172.17.0.2:44771, 257b61ee-eb6d-48eb-bce8-7b671ec5e6a0|rpc:172.17.0.2:37929, ebe706cb-1bab-4194-9c59-b1279774a307|rpc:172.17.0.2:39937], old=null
2020-12-17 06:17:10,204 [pool-1773-thread-1] INFO  impl.RaftServerImpl (RaftServerImpl.java:setRole(204)) - 257b61ee-eb6d-48eb-bce8-7b671ec5e6a0@group-41C1B0E789D6: changes role from      null to FOLLOWER at term 0 for startAsFollower
2020-12-17 06:17:10,204 [pool-1773-thread-1] INFO  impl.RoleInfo (RoleInfo.java:updateAndGet(143)) - 257b61ee-eb6d-48eb-bce8-7b671ec5e6a0: start 257b61ee-eb6d-48eb-bce8-7b671ec5e6a0@group-41C1B0E789D6-FollowerState
2020-12-17 06:17:10,204 [pool-1773-thread-1] INFO  util.JmxRegister (JmxRegister.java:tryRegister(44)) - Successfully registered JMX Bean with object name Ratis:service=RaftServer,group=group-41C1B0E789D6,id=257b61ee-eb6d-48eb-bce8-7b671ec5e6a0
2020-12-17 06:17:10,204 [pool-1773-thread-1] INFO  metrics.RatisMetrics (RatisMetrics.java:lambda$create$0(36)) - Creating Metrics Registry : ratis.state_machine.257b61ee-eb6d-48eb-bce8-7b671ec5e6a0@group-41C1B0E789D6
2020-12-17 06:17:10,206 [Command processor thread] INFO  metrics.RatisMetrics (RatisMetrics.java:lambda$create$0(36)) - Creating Metrics Registry : ratis.client_message_metrics.client-DB6BDCCC9411->af686100-7e6c-4b70-9ed6-519c9a6108c4
2020-12-17 06:17:10,210 [grpc-default-executor-2] INFO  metrics.RatisMetrics (RatisMetrics.java:lambda$create$0(36)) - Creating Metrics Registry : ratis.server_message_metrics.af686100-7e6c-4b70-9ed6-519c9a6108c4
2020-12-17 06:17:10,211 [grpc-default-executor-2] INFO  impl.RaftServerProxy (RaftServerProxy.java:addNew(93)) - af686100-7e6c-4b70-9ed6-519c9a6108c4: addNew group-41C1B0E789D6:[af686100-7e6c-4b70-9ed6-519c9a6108c4|rpc:172.17.0.2:44771|dataStream:, 257b61ee-eb6d-48eb-bce8-7b671ec5e6a0|rpc:172.17.0.2:37929|dataStream:, ebe706cb-1bab-4194-9c59-b1279774a307|rpc:172.17.0.2:39937|dataStream:] returns group-41C1B0E789D6:java.util.concurrent.CompletableFuture@41c3cbcc[Not completed]
2020-12-17 06:17:10,211 [pool-1805-thread-1] INFO  impl.RaftServerImpl (RaftServerImpl.java:<init>(121)) - af686100-7e6c-4b70-9ed6-519c9a6108c4: new RaftServerImpl for group-41C1B0E789D6:[af686100-7e6c-4b70-9ed6-519c9a6108c4|rpc:172.17.0.2:44771|dataStream:, 257b61ee-eb6d-48eb-bce8-7b671ec5e6a0|rpc:172.17.0.2:37929|dataStream:, ebe706cb-1bab-4194-9c59-b1279774a307|rpc:172.17.0.2:39937|dataStream:] with ContainerStateMachine:uninitialized
2020-12-17 06:17:10,212 [pool-1805-thread-1] INFO  server.RaftServerConfigKeys (ConfUtils.java:logGet(44)) - raft.server.rpc.timeout.min = 5s (custom)
2020-12-17 06:17:10,212 [pool-1805-thread-1] INFO  server.RaftServerConfigKeys (ConfUtils.java:logGet(44)) - raft.server.rpc.timeout.max = 5200ms (custom)
2020-12-17 06:17:10,212 [pool-1805-thread-1] INFO  server.RaftServerConfigKeys (ConfUtils.java:logGet(44)) - raft.server.rpc.slowness.timeout = 300s (custom)
2020-12-17 06:17:10,212 [pool-1805-thread-1] INFO  server.RaftServerConfigKeys (ConfUtils.java:logGet(44)) - raft.server.leaderelection.leader.step-down.wait-time = 10s (default)
2020-12-17 06:17:10,212 [pool-1805-thread-1] INFO  server.RaftServerConfigKeys (ConfUtils.java:logGet(44)) - raft.server.sleep.deviation.threshold = 300 (default)
2020-12-17 06:17:10,212 [pool-1805-thread-1] INFO  server.RaftServerConfigKeys (ConfUtils.java:logGet(44)) - raft.server.log.appender.install.snapshot.enabled = false (custom)
2020-12-17 06:17:10,212 [pool-1805-thread-1] INFO  impl.RaftServerImpl (ServerState.java:<init>(104)) - af686100-7e6c-4b70-9ed6-519c9a6108c4@group-41C1B0E789D6: ConfigurationManager, init=-1: [af686100-7e6c-4b70-9ed6-519c9a6108c4|rpc:172.17.0.2:44771|dataStream:, 257b61ee-eb6d-48eb-bce8-7b671ec5e6a0|rpc:172.17.0.2:37929|dataStream:, ebe706cb-1bab-4194-9c59-b1279774a307|rpc:172.17.0.2:39937|dataStream:], old=null, confs=<EMPTY_MAP>
2020-12-17 06:17:10,212 [pool-1805-thread-1] INFO  server.RaftServerConfigKeys (ConfUtils.java:logGet(44)) - raft.server.storage.dir = [/github/workspace/mnt/ozone/hadoop-ozone/integration-test/target/test-dir/MiniOzoneClusterImpl-b9d63ab2-cea4-44c4-9857-355e5256a975/datanode-5/data/ratis] (custom)
2020-12-17 06:17:10,212 [pool-1805-thread-1] INFO  server.RaftServerConfigKeys (ConfUtils.java:logGet(44)) - raft.server.log.corruption.policy = EXCEPTION (default)
2020-12-17 06:17:10,212 [pool-1805-thread-1] INFO  storage.RaftStorageDirectory (RaftStorageDirectory.java:analyzeStorage(261)) - The storage directory /github/workspace/mnt/ozone/hadoop-ozone/integration-test/target/test-dir/MiniOzoneClusterImpl-b9d63ab2-cea4-44c4-9857-355e5256a975/datanode-5/data/ratis/bb6cccf3-5cf6-4045-9dbb-41c1b0e789d6 does not exist. Creating ...
2020-12-17 06:17:10,214 [pool-1805-thread-1] INFO  storage.RaftStorageDirectory (RaftStorageDirectory.java:tryLock(343)) - Lock on /github/workspace/mnt/ozone/hadoop-ozone/integration-test/target/test-dir/MiniOzoneClusterImpl-b9d63ab2-cea4-44c4-9857-355e5256a975/datanode-5/data/ratis/bb6cccf3-5cf6-4045-9dbb-41c1b0e789d6/in_use.lock acquired by nodename 12168@647233daa2c6
2020-12-17 06:17:10,214 [pool-1805-thread-1] INFO  storage.RaftStorage (RaftStorage.java:format(85)) - Storage directory /github/workspace/mnt/ozone/hadoop-ozone/integration-test/target/test-dir/MiniOzoneClusterImpl-b9d63ab2-cea4-44c4-9857-355e5256a975/datanode-5/data/ratis/bb6cccf3-5cf6-4045-9dbb-41c1b0e789d6 has been successfully formatted.
2020-12-17 06:17:10,215 [pool-1805-thread-1] INFO  ratis.ContainerStateMachine (ContainerStateMachine.java:loadSnapshot(225)) - group-41C1B0E789D6: The snapshot info is null. Setting the last applied indexto:(t:0, i:~)
2020-12-17 06:17:10,215 [pool-1805-thread-1] INFO  server.RaftServerConfigKeys (ConfUtils.java:logGet(44)) - raft.server.notification.no-leader.timeout = 300s (custom)
2020-12-17 06:17:10,215 [pool-1805-thread-1] INFO  server.RaftServerConfigKeys (ConfUtils.java:logGet(44)) - raft.server.log.use.memory = false (default)
2020-12-17 06:17:10,215 [pool-1805-thread-1] INFO  server.RaftServerConfigKeys (ConfUtils.java:logGet(44)) - raft.server.log.purge.gap = 1000000 (custom)
2020-12-17 06:17:10,215 [pool-1805-thread-1] INFO  metrics.RatisMetrics (RatisMetrics.java:lambda$create$0(36)) - Creating Metrics Registry : ratis.log_worker.af686100-7e6c-4b70-9ed6-519c9a6108c4@group-41C1B0E789D6
2020-12-17 06:17:10,215 [EventQueue-PipelineReportForOneReplicaPipelineSafeModeRule] INFO  safemode.SCMSafeModeManager (SCMSafeModeManager.java:validateSafeModeExitRules(214)) - AtleastOneDatanodeReportedRule rule is successfully validated
2020-12-17 06:17:10,215 [pool-1805-thread-1] INFO  server.RaftServerConfigKeys (ConfUtils.java:logGet(44)) - raft.server.log.appender.buffer.byte-limit = 33554432 (custom)
2020-12-17 06:17:10,215 [pool-1805-thread-1] INFO  server.RaftServerConfigKeys (ConfUtils.java:logGet(44)) - raft.server.log.segment.size.max = 1048576 (custom)
2020-12-17 06:17:10,216 [pool-1805-thread-1] INFO  server.RaftServerConfigKeys (ConfUtils.java:logGet(44)) - raft.server.log.segment.cache.num.max = 2 (custom)
2020-12-17 06:17:10,216 [pool-1805-thread-1] INFO  segmented.SegmentedRaftLogWorker (SegmentedRaftLogWorker.java:<init>(180)) - new af686100-7e6c-4b70-9ed6-519c9a6108c4@group-41C1B0E789D6-SegmentedRaftLogWorker for RaftStorage:Storage Directory /github/workspace/mnt/ozone/hadoop-ozone/integration-test/target/test-dir/MiniOzoneClusterImpl-b9d63ab2-cea4-44c4-9857-355e5256a975/datanode-5/data/ratis/bb6cccf3-5cf6-4045-9dbb-41c1b0e789d6
2020-12-17 06:17:10,216 [pool-1805-thread-1] INFO  server.RaftServerConfigKeys (ConfUtils.java:logGet(44)) - raft.server.log.queue.byte-limit = 2147483647 (custom)
2020-12-17 06:17:10,216 [pool-1805-thread-1] INFO  server.RaftServerConfigKeys (ConfUtils.java:logGet(44)) - raft.server.log.queue.element-limit = 1024 (custom)
2020-12-17 06:17:10,217 [pool-1805-thread-1] INFO  server.RaftServerConfigKeys (ConfUtils.java:logGet(44)) - raft.server.log.segment.size.max = 1048576 (custom)
2020-12-17 06:17:10,217 [pool-1805-thread-1] INFO  server.RaftServerConfigKeys (ConfUtils.java:logGet(44)) - raft.server.log.preallocated.size = 16384 (custom)
2020-12-17 06:17:10,217 [pool-1805-thread-1] INFO  server.RaftServerConfigKeys (ConfUtils.java:logGet(44)) - raft.server.log.write.buffer.size = 1048576 (custom)
2020-12-17 06:17:10,217 [pool-1805-thread-1] INFO  server.RaftServerConfigKeys (ConfUtils.java:logGet(44)) - raft.server.log.force.sync.num = 128 (default)
2020-12-17 06:17:10,217 [pool-1805-thread-1] INFO  server.RaftServerConfigKeys (ConfUtils.java:logGet(44)) - raft.server.log.statemachine.data.sync = true (default)
2020-12-17 06:17:10,217 [pool-1805-thread-1] INFO  server.RaftServerConfigKeys (ConfUtils.java:logGet(44)) - raft.server.log.statemachine.data.sync.timeout = 10s (default)
2020-12-17 06:17:10,217 [pool-1805-thread-1] INFO  server.RaftServerConfigKeys (ConfUtils.java:logGet(44)) - raft.server.log.statemachine.data.sync.timeout.retry = -1 (default)
2020-12-17 06:17:10,219 [pool-1805-thread-1] INFO  server.RaftServerConfigKeys (ConfUtils.java:logGet(44)) - raft.server.log.statemachine.data.caching.enabled = true (custom)
2020-12-17 06:17:10,219 [pool-1805-thread-1] INFO  segmented.SegmentedRaftLogWorker (SegmentedRaftLogWorker.java:lambda$new$0(129)) - af686100-7e6c-4b70-9ed6-519c9a6108c4@group-41C1B0E789D6-SegmentedRaftLogWorker: flushIndex: setUnconditionally 0 -> -1
2020-12-17 06:17:10,220 [pool-1805-thread-1] INFO  segmented.SegmentedRaftLogWorker (SegmentedRaftLogWorker.java:lambda$new$0(129)) - af686100-7e6c-4b70-9ed6-519c9a6108c4@group-41C1B0E789D6-SegmentedRaftLogWorker: safeCacheEvictIndex: setUnconditionally 0 -> -1
2020-12-17 06:17:10,220 [pool-1805-thread-1] INFO  server.RaftServerConfigKeys (ConfUtils.java:logGet(44)) - raft.server.snapshot.auto.trigger.enabled = true (custom)
2020-12-17 06:17:10,220 [pool-1805-thread-1] INFO  server.RaftServerConfigKeys (ConfUtils.java:logGet(44)) - raft.server.snapshot.auto.trigger.threshold = 10000 (custom)
2020-12-17 06:17:10,220 [pool-1805-thread-1] INFO  server.RaftServerConfigKeys (ConfUtils.java:logGet(44)) - raft.server.snapshot.retention.file.num = 5 (custom)
2020-12-17 06:17:10,220 [pool-1805-thread-1] INFO  server.RaftServerConfigKeys (ConfUtils.java:logGet(44)) - raft.server.log.purge.upto.snapshot.index = false (default)
2020-12-17 06:17:10,220 [pool-1805-thread-1] INFO  server.RaftServerConfigKeys (ConfUtils.java:logGet(44)) - raft.server.retrycache.expirytime = 600000ms (custom)
2020-12-17 06:17:10,220 [pool-1805-thread-1] INFO  metrics.RatisMetrics (RatisMetrics.java:lambda$create$0(36)) - Creating Metrics Registry : ratis.leader_election.af686100-7e6c-4b70-9ed6-519c9a6108c4@group-41C1B0E789D6
2020-12-17 06:17:10,221 [pool-1805-thread-1] INFO  metrics.RatisMetrics (RatisMetrics.java:lambda$create$0(36)) - Creating Metrics Registry : ratis.server.af686100-7e6c-4b70-9ed6-519c9a6108c4@group-41C1B0E789D6
2020-12-17 06:17:10,223 [pool-1805-thread-1] INFO  impl.RaftServerImpl (RaftServerImpl.java:start(215)) - af686100-7e6c-4b70-9ed6-519c9a6108c4@group-41C1B0E789D6: start as a follower, conf=-1: [af686100-7e6c-4b70-9ed6-519c9a6108c4|rpc:172.17.0.2:44771|dataStream:, 257b61ee-eb6d-48eb-bce8-7b671ec5e6a0|rpc:172.17.0.2:37929|dataStream:, ebe706cb-1bab-4194-9c59-b1279774a307|rpc:172.17.0.2:39937|dataStream:], old=null
2020-12-17 06:17:10,223 [pool-1805-thread-1] INFO  impl.RaftServerImpl (RaftServerImpl.java:setRole(204)) - af686100-7e6c-4b70-9ed6-519c9a6108c4@group-41C1B0E789D6: changes role from      null to FOLLOWER at term 0 for startAsFollower
2020-12-17 06:17:10,223 [pool-1805-thread-1] INFO  impl.RoleInfo (RoleInfo.java:updateAndGet(143)) - af686100-7e6c-4b70-9ed6-519c9a6108c4: start af686100-7e6c-4b70-9ed6-519c9a6108c4@group-41C1B0E789D6-FollowerState
2020-12-17 06:17:10,223 [pool-1805-thread-1] INFO  util.JmxRegister (JmxRegister.java:tryRegister(44)) - Successfully registered JMX Bean with object name Ratis:service=RaftServer,group=group-41C1B0E789D6,id=af686100-7e6c-4b70-9ed6-519c9a6108c4
2020-12-17 06:17:10,223 [pool-1805-thread-1] INFO  metrics.RatisMetrics (RatisMetrics.java:lambda$create$0(36)) - Creating Metrics Registry : ratis.state_machine.af686100-7e6c-4b70-9ed6-519c9a6108c4@group-41C1B0E789D6
2020-12-17 06:17:10,230 [Command processor thread] INFO  metrics.RatisMetrics (RatisMetrics.java:lambda$create$0(36)) - Creating Metrics Registry : ratis.client_message_metrics.client-B27DCD267C06->ebe706cb-1bab-4194-9c59-b1279774a307
2020-12-17 06:17:10,233 [grpc-default-executor-2] INFO  metrics.RatisMetrics (RatisMetrics.java:lambda$create$0(36)) - Creating Metrics Registry : ratis.server_message_metrics.ebe706cb-1bab-4194-9c59-b1279774a307
2020-12-17 06:17:10,234 [grpc-default-executor-3] INFO  impl.RaftServerProxy (RaftServerProxy.java:addNew(93)) - ebe706cb-1bab-4194-9c59-b1279774a307: addNew group-41C1B0E789D6:[af686100-7e6c-4b70-9ed6-519c9a6108c4|rpc:172.17.0.2:44771|dataStream:, 257b61ee-eb6d-48eb-bce8-7b671ec5e6a0|rpc:172.17.0.2:37929|dataStream:, ebe706cb-1bab-4194-9c59-b1279774a307|rpc:172.17.0.2:39937|dataStream:] returns group-41C1B0E789D6:java.util.concurrent.CompletableFuture@12977284[Not completed]
2020-12-17 06:17:10,238 [pool-1789-thread-1] INFO  impl.RaftServerImpl (RaftServerImpl.java:<init>(121)) - ebe706cb-1bab-4194-9c59-b1279774a307: new RaftServerImpl for group-41C1B0E789D6:[af686100-7e6c-4b70-9ed6-519c9a6108c4|rpc:172.17.0.2:44771|dataStream:, 257b61ee-eb6d-48eb-bce8-7b671ec5e6a0|rpc:172.17.0.2:37929|dataStream:, ebe706cb-1bab-4194-9c59-b1279774a307|rpc:172.17.0.2:39937|dataStream:] with ContainerStateMachine:uninitialized
2020-12-17 06:17:10,238 [pool-1789-thread-1] INFO  server.RaftServerConfigKeys (ConfUtils.java:logGet(44)) - raft.server.rpc.timeout.min = 5s (custom)
2020-12-17 06:17:10,238 [pool-1789-thread-1] INFO  server.RaftServerConfigKeys (ConfUtils.java:logGet(44)) - raft.server.rpc.timeout.max = 5200ms (custom)
2020-12-17 06:17:10,238 [pool-1789-thread-1] INFO  server.RaftServerConfigKeys (ConfUtils.java:logGet(44)) - raft.server.rpc.slowness.timeout = 300s (custom)
2020-12-17 06:17:10,238 [pool-1789-thread-1] INFO  server.RaftServerConfigKeys (ConfUtils.java:logGet(44)) - raft.server.leaderelection.leader.step-down.wait-time = 10s (default)
2020-12-17 06:17:10,238 [pool-1789-thread-1] INFO  server.RaftServerConfigKeys (ConfUtils.java:logGet(44)) - raft.server.sleep.deviation.threshold = 300 (default)
2020-12-17 06:17:10,238 [pool-1789-thread-1] INFO  server.RaftServerConfigKeys (ConfUtils.java:logGet(44)) - raft.server.log.appender.install.snapshot.enabled = false (custom)
2020-12-17 06:17:10,238 [pool-1789-thread-1] INFO  impl.RaftServerImpl (ServerState.java:<init>(104)) - ebe706cb-1bab-4194-9c59-b1279774a307@group-41C1B0E789D6: ConfigurationManager, init=-1: [af686100-7e6c-4b70-9ed6-519c9a6108c4|rpc:172.17.0.2:44771|dataStream:, 257b61ee-eb6d-48eb-bce8-7b671ec5e6a0|rpc:172.17.0.2:37929|dataStream:, ebe706cb-1bab-4194-9c59-b1279774a307|rpc:172.17.0.2:39937|dataStream:], old=null, confs=<EMPTY_MAP>
2020-12-17 06:17:10,238 [pool-1789-thread-1] INFO  server.RaftServerConfigKeys (ConfUtils.java:logGet(44)) - raft.server.storage.dir = [/github/workspace/mnt/ozone/hadoop-ozone/integration-test/target/test-dir/MiniOzoneClusterImpl-b9d63ab2-cea4-44c4-9857-355e5256a975/datanode-4/data/ratis] (custom)
2020-12-17 06:17:10,238 [pool-1789-thread-1] INFO  server.RaftServerConfigKeys (ConfUtils.java:logGet(44)) - raft.server.log.corruption.policy = EXCEPTION (default)
2020-12-17 06:17:10,239 [pool-1789-thread-1] INFO  storage.RaftStorageDirectory (RaftStorageDirectory.java:analyzeStorage(261)) - The storage directory /github/workspace/mnt/ozone/hadoop-ozone/integration-test/target/test-dir/MiniOzoneClusterImpl-b9d63ab2-cea4-44c4-9857-355e5256a975/datanode-4/data/ratis/bb6cccf3-5cf6-4045-9dbb-41c1b0e789d6 does not exist. Creating ...
2020-12-17 06:17:10,241 [pool-1789-thread-1] INFO  storage.RaftStorageDirectory (RaftStorageDirectory.java:tryLock(343)) - Lock on /github/workspace/mnt/ozone/hadoop-ozone/integration-test/target/test-dir/MiniOzoneClusterImpl-b9d63ab2-cea4-44c4-9857-355e5256a975/datanode-4/data/ratis/bb6cccf3-5cf6-4045-9dbb-41c1b0e789d6/in_use.lock acquired by nodename 12168@647233daa2c6
2020-12-17 06:17:10,244 [pool-1789-thread-1] INFO  storage.RaftStorage (RaftStorage.java:format(85)) - Storage directory /github/workspace/mnt/ozone/hadoop-ozone/integration-test/target/test-dir/MiniOzoneClusterImpl-b9d63ab2-cea4-44c4-9857-355e5256a975/datanode-4/data/ratis/bb6cccf3-5cf6-4045-9dbb-41c1b0e789d6 has been successfully formatted.
2020-12-17 06:17:10,245 [pool-1789-thread-1] INFO  ratis.ContainerStateMachine (ContainerStateMachine.java:loadSnapshot(225)) - group-41C1B0E789D6: The snapshot info is null. Setting the last applied indexto:(t:0, i:~)
2020-12-17 06:17:10,245 [pool-1789-thread-1] INFO  server.RaftServerConfigKeys (ConfUtils.java:logGet(44)) - raft.server.notification.no-leader.timeout = 300s (custom)
2020-12-17 06:17:10,245 [pool-1789-thread-1] INFO  server.RaftServerConfigKeys (ConfUtils.java:logGet(44)) - raft.server.log.use.memory = false (default)
2020-12-17 06:17:10,245 [pool-1789-thread-1] INFO  server.RaftServerConfigKeys (ConfUtils.java:logGet(44)) - raft.server.log.purge.gap = 1000000 (custom)
2020-12-17 06:17:10,245 [pool-1789-thread-1] INFO  metrics.RatisMetrics (RatisMetrics.java:lambda$create$0(36)) - Creating Metrics Registry : ratis.log_worker.ebe706cb-1bab-4194-9c59-b1279774a307@group-41C1B0E789D6
2020-12-17 06:17:10,245 [EventQueue-PipelineReportForOneReplicaPipelineSafeModeRule] INFO  safemode.SCMSafeModeManager (SCMSafeModeManager.java:validateSafeModeExitRules(214)) - AtleastOneDatanodeReportedRule rule is successfully validated
2020-12-17 06:17:10,245 [pool-1789-thread-1] INFO  server.RaftServerConfigKeys (ConfUtils.java:logGet(44)) - raft.server.log.appender.buffer.byte-limit = 33554432 (custom)
2020-12-17 06:17:10,245 [pool-1789-thread-1] INFO  server.RaftServerConfigKeys (ConfUtils.java:logGet(44)) - raft.server.log.segment.size.max = 1048576 (custom)
2020-12-17 06:17:10,246 [pool-1789-thread-1] INFO  server.RaftServerConfigKeys (ConfUtils.java:logGet(44)) - raft.server.log.segment.cache.num.max = 2 (custom)
2020-12-17 06:17:10,246 [pool-1789-thread-1] INFO  segmented.SegmentedRaftLogWorker (SegmentedRaftLogWorker.java:<init>(180)) - new ebe706cb-1bab-4194-9c59-b1279774a307@group-41C1B0E789D6-SegmentedRaftLogWorker for RaftStorage:Storage Directory /github/workspace/mnt/ozone/hadoop-ozone/integration-test/target/test-dir/MiniOzoneClusterImpl-b9d63ab2-cea4-44c4-9857-355e5256a975/datanode-4/data/ratis/bb6cccf3-5cf6-4045-9dbb-41c1b0e789d6
2020-12-17 06:17:10,247 [pool-1789-thread-1] INFO  server.RaftServerConfigKeys (ConfUtils.java:logGet(44)) - raft.server.log.queue.byte-limit = 2147483647 (custom)
2020-12-17 06:17:10,247 [pool-1789-thread-1] INFO  server.RaftServerConfigKeys (ConfUtils.java:logGet(44)) - raft.server.log.queue.element-limit = 1024 (custom)
2020-12-17 06:17:10,247 [pool-1789-thread-1] INFO  server.RaftServerConfigKeys (ConfUtils.java:logGet(44)) - raft.server.log.segment.size.max = 1048576 (custom)
2020-12-17 06:17:10,247 [pool-1789-thread-1] INFO  server.RaftServerConfigKeys (ConfUtils.java:logGet(44)) - raft.server.log.preallocated.size = 16384 (custom)
2020-12-17 06:17:10,247 [pool-1789-thread-1] INFO  server.RaftServerConfigKeys (ConfUtils.java:logGet(44)) - raft.server.log.write.buffer.size = 1048576 (custom)
2020-12-17 06:17:10,247 [pool-1789-thread-1] INFO  server.RaftServerConfigKeys (ConfUtils.java:logGet(44)) - raft.server.log.force.sync.num = 128 (default)
2020-12-17 06:17:10,247 [pool-1789-thread-1] INFO  server.RaftServerConfigKeys (ConfUtils.java:logGet(44)) - raft.server.log.statemachine.data.sync = true (default)
2020-12-17 06:17:10,247 [pool-1789-thread-1] INFO  server.RaftServerConfigKeys (ConfUtils.java:logGet(44)) - raft.server.log.statemachine.data.sync.timeout = 10s (default)
2020-12-17 06:17:10,247 [pool-1789-thread-1] INFO  server.RaftServerConfigKeys (ConfUtils.java:logGet(44)) - raft.server.log.statemachine.data.sync.timeout.retry = -1 (default)
2020-12-17 06:17:10,250 [pool-1789-thread-1] INFO  server.RaftServerConfigKeys (ConfUtils.java:logGet(44)) - raft.server.log.statemachine.data.caching.enabled = true (custom)
2020-12-17 06:17:10,250 [pool-1789-thread-1] INFO  segmented.SegmentedRaftLogWorker (SegmentedRaftLogWorker.java:lambda$new$0(129)) - ebe706cb-1bab-4194-9c59-b1279774a307@group-41C1B0E789D6-SegmentedRaftLogWorker: flushIndex: setUnconditionally 0 -> -1
2020-12-17 06:17:10,250 [pool-1789-thread-1] INFO  segmented.SegmentedRaftLogWorker (SegmentedRaftLogWorker.java:lambda$new$0(129)) - ebe706cb-1bab-4194-9c59-b1279774a307@group-41C1B0E789D6-SegmentedRaftLogWorker: safeCacheEvictIndex: setUnconditionally 0 -> -1
2020-12-17 06:17:10,250 [pool-1789-thread-1] INFO  server.RaftServerConfigKeys (ConfUtils.java:logGet(44)) - raft.server.snapshot.auto.trigger.enabled = true (custom)
2020-12-17 06:17:10,250 [pool-1789-thread-1] INFO  server.RaftServerConfigKeys (ConfUtils.java:logGet(44)) - raft.server.snapshot.auto.trigger.threshold = 10000 (custom)
2020-12-17 06:17:10,250 [pool-1789-thread-1] INFO  server.RaftServerConfigKeys (ConfUtils.java:logGet(44)) - raft.server.snapshot.retention.file.num = 5 (custom)
2020-12-17 06:17:10,250 [pool-1789-thread-1] INFO  server.RaftServerConfigKeys (ConfUtils.java:logGet(44)) - raft.server.log.purge.upto.snapshot.index = false (default)
2020-12-17 06:17:10,250 [pool-1789-thread-1] INFO  server.RaftServerConfigKeys (ConfUtils.java:logGet(44)) - raft.server.retrycache.expirytime = 600000ms (custom)
2020-12-17 06:17:10,250 [pool-1789-thread-1] INFO  metrics.RatisMetrics (RatisMetrics.java:lambda$create$0(36)) - Creating Metrics Registry : ratis.leader_election.ebe706cb-1bab-4194-9c59-b1279774a307@group-41C1B0E789D6
2020-12-17 06:17:10,251 [pool-1789-thread-1] INFO  metrics.RatisMetrics (RatisMetrics.java:lambda$create$0(36)) - Creating Metrics Registry : ratis.server.ebe706cb-1bab-4194-9c59-b1279774a307@group-41C1B0E789D6
2020-12-17 06:17:10,253 [pool-1789-thread-1] INFO  impl.RaftServerImpl (RaftServerImpl.java:start(215)) - ebe706cb-1bab-4194-9c59-b1279774a307@group-41C1B0E789D6: start as a follower, conf=-1: [af686100-7e6c-4b70-9ed6-519c9a6108c4|rpc:172.17.0.2:44771|dataStream:, 257b61ee-eb6d-48eb-bce8-7b671ec5e6a0|rpc:172.17.0.2:37929|dataStream:, ebe706cb-1bab-4194-9c59-b1279774a307|rpc:172.17.0.2:39937|dataStream:], old=null
2020-12-17 06:17:10,253 [pool-1789-thread-1] INFO  impl.RaftServerImpl (RaftServerImpl.java:setRole(204)) - ebe706cb-1bab-4194-9c59-b1279774a307@group-41C1B0E789D6: changes role from      null to FOLLOWER at term 0 for startAsFollower
2020-12-17 06:17:10,253 [pool-1789-thread-1] INFO  impl.RoleInfo (RoleInfo.java:updateAndGet(143)) - ebe706cb-1bab-4194-9c59-b1279774a307: start ebe706cb-1bab-4194-9c59-b1279774a307@group-41C1B0E789D6-FollowerState
2020-12-17 06:17:10,254 [pool-1789-thread-1] INFO  util.JmxRegister (JmxRegister.java:tryRegister(44)) - Successfully registered JMX Bean with object name Ratis:service=RaftServer,group=group-41C1B0E789D6,id=ebe706cb-1bab-4194-9c59-b1279774a307
2020-12-17 06:17:10,254 [pool-1789-thread-1] INFO  metrics.RatisMetrics (RatisMetrics.java:lambda$create$0(36)) - Creating Metrics Registry : ratis.state_machine.ebe706cb-1bab-4194-9c59-b1279774a307@group-41C1B0E789D6
2020-12-17 06:17:10,258 [Command processor thread] INFO  commandhandler.CreatePipelineCommandHandler (CreatePipelineCommandHandler.java:handle(106)) - Created Pipeline RATIS THREE PipelineID=bb6cccf3-5cf6-4045-9dbb-41c1b0e789d6.
2020-12-17 06:17:10,342 [Command processor thread] INFO  impl.RaftServerProxy (RaftServerProxy.java:addNew(93)) - ebe706cb-1bab-4194-9c59-b1279774a307: addNew group-24DC147E2EB2:[ebe706cb-1bab-4194-9c59-b1279774a307|rpc:172.17.0.2:39937] returns group-24DC147E2EB2:java.util.concurrent.CompletableFuture@509fb7e3[Not completed]
2020-12-17 06:17:10,343 [pool-1789-thread-1] INFO  impl.RaftServerImpl (RaftServerImpl.java:<init>(121)) - ebe706cb-1bab-4194-9c59-b1279774a307: new RaftServerImpl for group-24DC147E2EB2:[ebe706cb-1bab-4194-9c59-b1279774a307|rpc:172.17.0.2:39937] with ContainerStateMachine:uninitialized
2020-12-17 06:17:10,343 [pool-1789-thread-1] INFO  server.RaftServerConfigKeys (ConfUtils.java:logGet(44)) - raft.server.rpc.timeout.min = 5s (custom)
2020-12-17 06:17:10,343 [pool-1789-thread-1] INFO  server.RaftServerConfigKeys (ConfUtils.java:logGet(44)) - raft.server.rpc.timeout.max = 5200ms (custom)
2020-12-17 06:17:10,343 [pool-1789-thread-1] INFO  server.RaftServerConfigKeys (ConfUtils.java:logGet(44)) - raft.server.rpc.slowness.timeout = 300s (custom)
2020-12-17 06:17:10,343 [pool-1789-thread-1] INFO  server.RaftServerConfigKeys (ConfUtils.java:logGet(44)) - raft.server.leaderelection.leader.step-down.wait-time = 10s (default)
2020-12-17 06:17:10,343 [pool-1789-thread-1] INFO  server.RaftServerConfigKeys (ConfUtils.java:logGet(44)) - raft.server.sleep.deviation.threshold = 300 (default)
2020-12-17 06:17:10,343 [pool-1789-thread-1] INFO  server.RaftServerConfigKeys (ConfUtils.java:logGet(44)) - raft.server.log.appender.install.snapshot.enabled = false (custom)
2020-12-17 06:17:10,344 [pool-1789-thread-1] INFO  impl.RaftServerImpl (ServerState.java:<init>(104)) - ebe706cb-1bab-4194-9c59-b1279774a307@group-24DC147E2EB2: ConfigurationManager, init=-1: [ebe706cb-1bab-4194-9c59-b1279774a307|rpc:172.17.0.2:39937], old=null, confs=<EMPTY_MAP>
2020-12-17 06:17:10,344 [pool-1789-thread-1] INFO  server.RaftServerConfigKeys (ConfUtils.java:logGet(44)) - raft.server.storage.dir = [/github/workspace/mnt/ozone/hadoop-ozone/integration-test/target/test-dir/MiniOzoneClusterImpl-b9d63ab2-cea4-44c4-9857-355e5256a975/datanode-4/data/ratis] (custom)
2020-12-17 06:17:10,344 [pool-1789-thread-1] INFO  server.RaftServerConfigKeys (ConfUtils.java:logGet(44)) - raft.server.log.corruption.policy = EXCEPTION (default)
2020-12-17 06:17:10,344 [pool-1789-thread-1] INFO  storage.RaftStorageDirectory (RaftStorageDirectory.java:analyzeStorage(261)) - The storage directory /github/workspace/mnt/ozone/hadoop-ozone/integration-test/target/test-dir/MiniOzoneClusterImpl-b9d63ab2-cea4-44c4-9857-355e5256a975/datanode-4/data/ratis/f7dc8530-5d59-4fc6-81e7-24dc147e2eb2 does not exist. Creating ...
2020-12-17 06:17:10,349 [pool-1789-thread-1] INFO  storage.RaftStorageDirectory (RaftStorageDirectory.java:tryLock(343)) - Lock on /github/workspace/mnt/ozone/hadoop-ozone/integration-test/target/test-dir/MiniOzoneClusterImpl-b9d63ab2-cea4-44c4-9857-355e5256a975/datanode-4/data/ratis/f7dc8530-5d59-4fc6-81e7-24dc147e2eb2/in_use.lock acquired by nodename 12168@647233daa2c6
2020-12-17 06:17:10,351 [pool-1789-thread-1] INFO  storage.RaftStorage (RaftStorage.java:format(85)) - Storage directory /github/workspace/mnt/ozone/hadoop-ozone/integration-test/target/test-dir/MiniOzoneClusterImpl-b9d63ab2-cea4-44c4-9857-355e5256a975/datanode-4/data/ratis/f7dc8530-5d59-4fc6-81e7-24dc147e2eb2 has been successfully formatted.
2020-12-17 06:17:10,351 [pool-1789-thread-1] INFO  ratis.ContainerStateMachine (ContainerStateMachine.java:loadSnapshot(225)) - group-24DC147E2EB2: The snapshot info is null. Setting the last applied indexto:(t:0, i:~)
2020-12-17 06:17:10,351 [pool-1789-thread-1] INFO  server.RaftServerConfigKeys (ConfUtils.java:logGet(44)) - raft.server.notification.no-leader.timeout = 300s (custom)
2020-12-17 06:17:10,351 [pool-1789-thread-1] INFO  server.RaftServerConfigKeys (ConfUtils.java:logGet(44)) - raft.server.log.use.memory = false (default)
2020-12-17 06:17:10,351 [pool-1789-thread-1] INFO  server.RaftServerConfigKeys (ConfUtils.java:logGet(44)) - raft.server.log.purge.gap = 1000000 (custom)
2020-12-17 06:17:10,351 [pool-1789-thread-1] INFO  metrics.RatisMetrics (RatisMetrics.java:lambda$create$0(36)) - Creating Metrics Registry : ratis.log_worker.ebe706cb-1bab-4194-9c59-b1279774a307@group-24DC147E2EB2
2020-12-17 06:17:10,352 [pool-1789-thread-1] INFO  server.RaftServerConfigKeys (ConfUtils.java:logGet(44)) - raft.server.log.appender.buffer.byte-limit = 33554432 (custom)
2020-12-17 06:17:10,352 [pool-1789-thread-1] INFO  server.RaftServerConfigKeys (ConfUtils.java:logGet(44)) - raft.server.log.segment.size.max = 1048576 (custom)
2020-12-17 06:17:10,352 [EventQueue-PipelineReportForPipelineReportHandler] INFO  pipeline.PipelineStateManager (PipelineStateManager.java:openPipeline(132)) - Pipeline Pipeline[ Id: f7dc8530-5d59-4fc6-81e7-24dc147e2eb2, Nodes: ebe706cb-1bab-4194-9c59-b1279774a307{ip: 172.17.0.2, host: 647233daa2c6, networkLocation: /default-rack, certSerialId: null, persistedOpState: IN_SERVICE, persistedOpStateExpiryEpochSec: 0}, Type:RATIS, Factor:ONE, State:ALLOCATED, leaderId:ebe706cb-1bab-4194-9c59-b1279774a307, CreationTimestamp2020-12-17T06:17:07.343Z] moved to OPEN state
2020-12-17 06:17:10,352 [EventQueue-OpenPipelineForHealthyPipelineSafeModeRule] INFO  safemode.SCMSafeModeManager (HealthyPipelineSafeModeRule.java:process(128)) - SCM in safe mode. Healthy pipelines reported count is 0, required healthy pipeline reported count is 1
2020-12-17 06:17:10,352 [EventQueue-PipelineReportForOneReplicaPipelineSafeModeRule] INFO  safemode.SCMSafeModeManager (SCMSafeModeManager.java:validateSafeModeExitRules(214)) - AtleastOneDatanodeReportedRule rule is successfully validated
2020-12-17 06:17:10,353 [pool-1789-thread-1] INFO  server.RaftServerConfigKeys (ConfUtils.java:logGet(44)) - raft.server.log.segment.cache.num.max = 2 (custom)
2020-12-17 06:17:10,353 [pool-1789-thread-1] INFO  segmented.SegmentedRaftLogWorker (SegmentedRaftLogWorker.java:<init>(180)) - new ebe706cb-1bab-4194-9c59-b1279774a307@group-24DC147E2EB2-SegmentedRaftLogWorker for RaftStorage:Storage Directory /github/workspace/mnt/ozone/hadoop-ozone/integration-test/target/test-dir/MiniOzoneClusterImpl-b9d63ab2-cea4-44c4-9857-355e5256a975/datanode-4/data/ratis/f7dc8530-5d59-4fc6-81e7-24dc147e2eb2
2020-12-17 06:17:10,353 [pool-1789-thread-1] INFO  server.RaftServerConfigKeys (ConfUtils.java:logGet(44)) - raft.server.log.queue.byte-limit = 2147483647 (custom)
2020-12-17 06:17:10,353 [pool-1789-thread-1] INFO  server.RaftServerConfigKeys (ConfUtils.java:logGet(44)) - raft.server.log.queue.element-limit = 1024 (custom)
2020-12-17 06:17:10,353 [pool-1789-thread-1] INFO  server.RaftServerConfigKeys (ConfUtils.java:logGet(44)) - raft.server.log.segment.size.max = 1048576 (custom)
2020-12-17 06:17:10,353 [pool-1789-thread-1] INFO  server.RaftServerConfigKeys (ConfUtils.java:logGet(44)) - raft.server.log.preallocated.size = 16384 (custom)
2020-12-17 06:17:10,353 [pool-1789-thread-1] INFO  server.RaftServerConfigKeys (ConfUtils.java:logGet(44)) - raft.server.log.write.buffer.size = 1048576 (custom)
2020-12-17 06:17:10,353 [pool-1789-thread-1] INFO  server.RaftServerConfigKeys (ConfUtils.java:logGet(44)) - raft.server.log.force.sync.num = 128 (default)
2020-12-17 06:17:10,354 [pool-1789-thread-1] INFO  server.RaftServerConfigKeys (ConfUtils.java:logGet(44)) - raft.server.log.statemachine.data.sync = true (default)
2020-12-17 06:17:10,354 [pool-1789-thread-1] INFO  server.RaftServerConfigKeys (ConfUtils.java:logGet(44)) - raft.server.log.statemachine.data.sync.timeout = 10s (default)
2020-12-17 06:17:10,354 [pool-1789-thread-1] INFO  server.RaftServerConfigKeys (ConfUtils.java:logGet(44)) - raft.server.log.statemachine.data.sync.timeout.retry = -1 (default)
2020-12-17 06:17:10,356 [pool-1789-thread-1] INFO  server.RaftServerConfigKeys (ConfUtils.java:logGet(44)) - raft.server.log.statemachine.data.caching.enabled = true (custom)
2020-12-17 06:17:10,356 [pool-1789-thread-1] INFO  segmented.SegmentedRaftLogWorker (SegmentedRaftLogWorker.java:lambda$new$0(129)) - ebe706cb-1bab-4194-9c59-b1279774a307@group-24DC147E2EB2-SegmentedRaftLogWorker: flushIndex: setUnconditionally 0 -> -1
2020-12-17 06:17:10,356 [pool-1789-thread-1] INFO  segmented.SegmentedRaftLogWorker (SegmentedRaftLogWorker.java:lambda$new$0(129)) - ebe706cb-1bab-4194-9c59-b1279774a307@group-24DC147E2EB2-SegmentedRaftLogWorker: safeCacheEvictIndex: setUnconditionally 0 -> -1
2020-12-17 06:17:10,357 [pool-1789-thread-1] INFO  server.RaftServerConfigKeys (ConfUtils.java:logGet(44)) - raft.server.snapshot.auto.trigger.enabled = true (custom)
2020-12-17 06:17:10,357 [pool-1789-thread-1] INFO  server.RaftServerConfigKeys (ConfUtils.java:logGet(44)) - raft.server.snapshot.auto.trigger.threshold = 10000 (custom)
2020-12-17 06:17:10,357 [pool-1789-thread-1] INFO  server.RaftServerConfigKeys (ConfUtils.java:logGet(44)) - raft.server.snapshot.retention.file.num = 5 (custom)
2020-12-17 06:17:10,357 [pool-1789-thread-1] INFO  server.RaftServerConfigKeys (ConfUtils.java:logGet(44)) - raft.server.log.purge.upto.snapshot.index = false (default)
2020-12-17 06:17:10,357 [pool-1789-thread-1] INFO  server.RaftServerConfigKeys (ConfUtils.java:logGet(44)) - raft.server.retrycache.expirytime = 600000ms (custom)
2020-12-17 06:17:10,357 [pool-1789-thread-1] INFO  metrics.RatisMetrics (RatisMetrics.java:lambda$create$0(36)) - Creating Metrics Registry : ratis.leader_election.ebe706cb-1bab-4194-9c59-b1279774a307@group-24DC147E2EB2
2020-12-17 06:17:10,358 [pool-1789-thread-1] INFO  metrics.RatisMetrics (RatisMetrics.java:lambda$create$0(36)) - Creating Metrics Registry : ratis.server.ebe706cb-1bab-4194-9c59-b1279774a307@group-24DC147E2EB2
2020-12-17 06:17:10,360 [pool-1789-thread-1] INFO  impl.RaftServerImpl (RaftServerImpl.java:start(215)) - ebe706cb-1bab-4194-9c59-b1279774a307@group-24DC147E2EB2: start as a follower, conf=-1: [ebe706cb-1bab-4194-9c59-b1279774a307|rpc:172.17.0.2:39937], old=null
2020-12-17 06:17:10,360 [pool-1789-thread-1] INFO  impl.RaftServerImpl (RaftServerImpl.java:setRole(204)) - ebe706cb-1bab-4194-9c59-b1279774a307@group-24DC147E2EB2: changes role from      null to FOLLOWER at term 0 for startAsFollower
2020-12-17 06:17:10,360 [pool-1789-thread-1] INFO  impl.RoleInfo (RoleInfo.java:updateAndGet(143)) - ebe706cb-1bab-4194-9c59-b1279774a307: start ebe706cb-1bab-4194-9c59-b1279774a307@group-24DC147E2EB2-FollowerState
2020-12-17 06:17:10,360 [pool-1789-thread-1] INFO  util.JmxRegister (JmxRegister.java:tryRegister(44)) - Successfully registered JMX Bean with object name Ratis:service=RaftServer,group=group-24DC147E2EB2,id=ebe706cb-1bab-4194-9c59-b1279774a307
2020-12-17 06:17:10,360 [pool-1789-thread-1] INFO  metrics.RatisMetrics (RatisMetrics.java:lambda$create$0(36)) - Creating Metrics Registry : ratis.state_machine.ebe706cb-1bab-4194-9c59-b1279774a307@group-24DC147E2EB2
2020-12-17 06:17:10,361 [Command processor thread] INFO  commandhandler.CreatePipelineCommandHandler (CreatePipelineCommandHandler.java:handle(106)) - Created Pipeline RATIS ONE PipelineID=f7dc8530-5d59-4fc6-81e7-24dc147e2eb2.
2020-12-17 06:17:10,521 [Listener at 127.0.0.1/38219] INFO  ozone.MiniOzoneClusterImpl (MiniOzoneClusterImpl.java:lambda$waitForClusterToBeReady$0(178)) - Nodes are ready. Got 6 of 6 DN Heartbeats.
2020-12-17 06:17:10,522 [Listener at 127.0.0.1/38219] INFO  ozone.MiniOzoneClusterImpl (MiniOzoneClusterImpl.java:lambda$waitForClusterToBeReady$0(181)) - Waiting for cluster to exit safe mode
2020-12-17 06:17:10,525 [Command processor thread] INFO  impl.RaftServerProxy (RaftServerProxy.java:addNew(93)) - af686100-7e6c-4b70-9ed6-519c9a6108c4: addNew group-500FCD4A5E49:[af686100-7e6c-4b70-9ed6-519c9a6108c4|rpc:172.17.0.2:44771] returns group-500FCD4A5E49:java.util.concurrent.CompletableFuture@6f2eb0c4[Not completed]
2020-12-17 06:17:10,526 [pool-1805-thread-1] INFO  impl.RaftServerImpl (RaftServerImpl.java:<init>(121)) - af686100-7e6c-4b70-9ed6-519c9a6108c4: new RaftServerImpl for group-500FCD4A5E49:[af686100-7e6c-4b70-9ed6-519c9a6108c4|rpc:172.17.0.2:44771] with ContainerStateMachine:uninitialized
2020-12-17 06:17:10,526 [pool-1805-thread-1] INFO  server.RaftServerConfigKeys (ConfUtils.java:logGet(44)) - raft.server.rpc.timeout.min = 5s (custom)
2020-12-17 06:17:10,526 [pool-1805-thread-1] INFO  server.RaftServerConfigKeys (ConfUtils.java:logGet(44)) - raft.server.rpc.timeout.max = 5200ms (custom)
2020-12-17 06:17:10,526 [pool-1805-thread-1] INFO  server.RaftServerConfigKeys (ConfUtils.java:logGet(44)) - raft.server.rpc.slowness.timeout = 300s (custom)
2020-12-17 06:17:10,526 [pool-1805-thread-1] INFO  server.RaftServerConfigKeys (ConfUtils.java:logGet(44)) - raft.server.leaderelection.leader.step-down.wait-time = 10s (default)
2020-12-17 06:17:10,526 [pool-1805-thread-1] INFO  server.RaftServerConfigKeys (ConfUtils.java:logGet(44)) - raft.server.sleep.deviation.threshold = 300 (default)
2020-12-17 06:17:10,526 [pool-1805-thread-1] INFO  server.RaftServerConfigKeys (ConfUtils.java:logGet(44)) - raft.server.log.appender.install.snapshot.enabled = false (custom)
2020-12-17 06:17:10,526 [pool-1805-thread-1] INFO  impl.RaftServerImpl (ServerState.java:<init>(104)) - af686100-7e6c-4b70-9ed6-519c9a6108c4@group-500FCD4A5E49: ConfigurationManager, init=-1: [af686100-7e6c-4b70-9ed6-519c9a6108c4|rpc:172.17.0.2:44771], old=null, confs=<EMPTY_MAP>
2020-12-17 06:17:10,526 [pool-1805-thread-1] INFO  server.RaftServerConfigKeys (ConfUtils.java:logGet(44)) - raft.server.storage.dir = [/github/workspace/mnt/ozone/hadoop-ozone/integration-test/target/test-dir/MiniOzoneClusterImpl-b9d63ab2-cea4-44c4-9857-355e5256a975/datanode-5/data/ratis] (custom)
2020-12-17 06:17:10,526 [pool-1805-thread-1] INFO  server.RaftServerConfigKeys (ConfUtils.java:logGet(44)) - raft.server.log.corruption.policy = EXCEPTION (default)
2020-12-17 06:17:10,526 [pool-1805-thread-1] INFO  storage.RaftStorageDirectory (RaftStorageDirectory.java:analyzeStorage(261)) - The storage directory /github/workspace/mnt/ozone/hadoop-ozone/integration-test/target/test-dir/MiniOzoneClusterImpl-b9d63ab2-cea4-44c4-9857-355e5256a975/datanode-5/data/ratis/cc6c1aff-968e-4c79-bcea-500fcd4a5e49 does not exist. Creating ...
2020-12-17 06:17:10,528 [pool-1805-thread-1] INFO  storage.RaftStorageDirectory (RaftStorageDirectory.java:tryLock(343)) - Lock on /github/workspace/mnt/ozone/hadoop-ozone/integration-test/target/test-dir/MiniOzoneClusterImpl-b9d63ab2-cea4-44c4-9857-355e5256a975/datanode-5/data/ratis/cc6c1aff-968e-4c79-bcea-500fcd4a5e49/in_use.lock acquired by nodename 12168@647233daa2c6
2020-12-17 06:17:10,532 [pool-1805-thread-1] INFO  storage.RaftStorage (RaftStorage.java:format(85)) - Storage directory /github/workspace/mnt/ozone/hadoop-ozone/integration-test/target/test-dir/MiniOzoneClusterImpl-b9d63ab2-cea4-44c4-9857-355e5256a975/datanode-5/data/ratis/cc6c1aff-968e-4c79-bcea-500fcd4a5e49 has been successfully formatted.
2020-12-17 06:17:10,532 [pool-1805-thread-1] INFO  ratis.ContainerStateMachine (ContainerStateMachine.java:loadSnapshot(225)) - group-500FCD4A5E49: The snapshot info is null. Setting the last applied indexto:(t:0, i:~)
2020-12-17 06:17:10,532 [pool-1805-thread-1] INFO  server.RaftServerConfigKeys (ConfUtils.java:logGet(44)) - raft.server.notification.no-leader.timeout = 300s (custom)
2020-12-17 06:17:10,532 [pool-1805-thread-1] INFO  server.RaftServerConfigKeys (ConfUtils.java:logGet(44)) - raft.server.log.use.memory = false (default)
2020-12-17 06:17:10,532 [pool-1805-thread-1] INFO  server.RaftServerConfigKeys (ConfUtils.java:logGet(44)) - raft.server.log.purge.gap = 1000000 (custom)
2020-12-17 06:17:10,532 [pool-1805-thread-1] INFO  metrics.RatisMetrics (RatisMetrics.java:lambda$create$0(36)) - Creating Metrics Registry : ratis.log_worker.af686100-7e6c-4b70-9ed6-519c9a6108c4@group-500FCD4A5E49
2020-12-17 06:17:10,533 [pool-1805-thread-1] INFO  server.RaftServerConfigKeys (ConfUtils.java:logGet(44)) - raft.server.log.appender.buffer.byte-limit = 33554432 (custom)
2020-12-17 06:17:10,533 [pool-1805-thread-1] INFO  server.RaftServerConfigKeys (ConfUtils.java:logGet(44)) - raft.server.log.segment.size.max = 1048576 (custom)
2020-12-17 06:17:10,533 [EventQueue-PipelineReportForOneReplicaPipelineSafeModeRule] INFO  safemode.SCMSafeModeManager (SCMSafeModeManager.java:validateSafeModeExitRules(214)) - AtleastOneDatanodeReportedRule rule is successfully validated
2020-12-17 06:17:10,533 [EventQueue-PipelineReportForPipelineReportHandler] INFO  pipeline.PipelineStateManager (PipelineStateManager.java:openPipeline(132)) - Pipeline Pipeline[ Id: cc6c1aff-968e-4c79-bcea-500fcd4a5e49, Nodes: af686100-7e6c-4b70-9ed6-519c9a6108c4{ip: 172.17.0.2, host: 647233daa2c6, networkLocation: /default-rack, certSerialId: null, persistedOpState: IN_SERVICE, persistedOpStateExpiryEpochSec: 0}, Type:RATIS, Factor:ONE, State:ALLOCATED, leaderId:af686100-7e6c-4b70-9ed6-519c9a6108c4, CreationTimestamp2020-12-17T06:17:07.527Z] moved to OPEN state
2020-12-17 06:17:10,533 [EventQueue-OpenPipelineForHealthyPipelineSafeModeRule] INFO  safemode.SCMSafeModeManager (HealthyPipelineSafeModeRule.java:process(128)) - SCM in safe mode. Healthy pipelines reported count is 0, required healthy pipeline reported count is 1
2020-12-17 06:17:10,534 [pool-1805-thread-1] INFO  server.RaftServerConfigKeys (ConfUtils.java:logGet(44)) - raft.server.log.segment.cache.num.max = 2 (custom)
2020-12-17 06:17:10,534 [pool-1805-thread-1] INFO  segmented.SegmentedRaftLogWorker (SegmentedRaftLogWorker.java:<init>(180)) - new af686100-7e6c-4b70-9ed6-519c9a6108c4@group-500FCD4A5E49-SegmentedRaftLogWorker for RaftStorage:Storage Directory /github/workspace/mnt/ozone/hadoop-ozone/integration-test/target/test-dir/MiniOzoneClusterImpl-b9d63ab2-cea4-44c4-9857-355e5256a975/datanode-5/data/ratis/cc6c1aff-968e-4c79-bcea-500fcd4a5e49
2020-12-17 06:17:10,534 [pool-1805-thread-1] INFO  server.RaftServerConfigKeys (ConfUtils.java:logGet(44)) - raft.server.log.queue.byte-limit = 2147483647 (custom)
2020-12-17 06:17:10,534 [pool-1805-thread-1] INFO  server.RaftServerConfigKeys (ConfUtils.java:logGet(44)) - raft.server.log.queue.element-limit = 1024 (custom)
2020-12-17 06:17:10,534 [pool-1805-thread-1] INFO  server.RaftServerConfigKeys (ConfUtils.java:logGet(44)) - raft.server.log.segment.size.max = 1048576 (custom)
2020-12-17 06:17:10,534 [pool-1805-thread-1] INFO  server.RaftServerConfigKeys (ConfUtils.java:logGet(44)) - raft.server.log.preallocated.size = 16384 (custom)
2020-12-17 06:17:10,534 [pool-1805-thread-1] INFO  server.RaftServerConfigKeys (ConfUtils.java:logGet(44)) - raft.server.log.write.buffer.size = 1048576 (custom)
2020-12-17 06:17:10,534 [pool-1805-thread-1] INFO  server.RaftServerConfigKeys (ConfUtils.java:logGet(44)) - raft.server.log.force.sync.num = 128 (default)
2020-12-17 06:17:10,534 [pool-1805-thread-1] INFO  server.RaftServerConfigKeys (ConfUtils.java:logGet(44)) - raft.server.log.statemachine.data.sync = true (default)
2020-12-17 06:17:10,534 [pool-1805-thread-1] INFO  server.RaftServerConfigKeys (ConfUtils.java:logGet(44)) - raft.server.log.statemachine.data.sync.timeout = 10s (default)
2020-12-17 06:17:10,534 [pool-1805-thread-1] INFO  server.RaftServerConfigKeys (ConfUtils.java:logGet(44)) - raft.server.log.statemachine.data.sync.timeout.retry = -1 (default)
2020-12-17 06:17:10,538 [pool-1805-thread-1] INFO  server.RaftServerConfigKeys (ConfUtils.java:logGet(44)) - raft.server.log.statemachine.data.caching.enabled = true (custom)
2020-12-17 06:17:10,538 [pool-1805-thread-1] INFO  segmented.SegmentedRaftLogWorker (SegmentedRaftLogWorker.java:lambda$new$0(129)) - af686100-7e6c-4b70-9ed6-519c9a6108c4@group-500FCD4A5E49-SegmentedRaftLogWorker: flushIndex: setUnconditionally 0 -> -1
2020-12-17 06:17:10,538 [pool-1805-thread-1] INFO  segmented.SegmentedRaftLogWorker (SegmentedRaftLogWorker.java:lambda$new$0(129)) - af686100-7e6c-4b70-9ed6-519c9a6108c4@group-500FCD4A5E49-SegmentedRaftLogWorker: safeCacheEvictIndex: setUnconditionally 0 -> -1
2020-12-17 06:17:10,538 [pool-1805-thread-1] INFO  server.RaftServerConfigKeys (ConfUtils.java:logGet(44)) - raft.server.snapshot.auto.trigger.enabled = true (custom)
2020-12-17 06:17:10,538 [pool-1805-thread-1] INFO  server.RaftServerConfigKeys (ConfUtils.java:logGet(44)) - raft.server.snapshot.auto.trigger.threshold = 10000 (custom)
2020-12-17 06:17:10,538 [pool-1805-thread-1] INFO  server.RaftServerConfigKeys (ConfUtils.java:logGet(44)) - raft.server.snapshot.retention.file.num = 5 (custom)
2020-12-17 06:17:10,538 [pool-1805-thread-1] INFO  server.RaftServerConfigKeys (ConfUtils.java:logGet(44)) - raft.server.log.purge.upto.snapshot.index = false (default)
2020-12-17 06:17:10,538 [pool-1805-thread-1] INFO  server.RaftServerConfigKeys (ConfUtils.java:logGet(44)) - raft.server.retrycache.expirytime = 600000ms (custom)
2020-12-17 06:17:10,539 [pool-1805-thread-1] INFO  metrics.RatisMetrics (RatisMetrics.java:lambda$create$0(36)) - Creating Metrics Registry : ratis.leader_election.af686100-7e6c-4b70-9ed6-519c9a6108c4@group-500FCD4A5E49
2020-12-17 06:17:10,539 [pool-1805-thread-1] INFO  metrics.RatisMetrics (RatisMetrics.java:lambda$create$0(36)) - Creating Metrics Registry : ratis.server.af686100-7e6c-4b70-9ed6-519c9a6108c4@group-500FCD4A5E49
2020-12-17 06:17:10,542 [pool-1805-thread-1] INFO  impl.RaftServerImpl (RaftServerImpl.java:start(215)) - af686100-7e6c-4b70-9ed6-519c9a6108c4@group-500FCD4A5E49: start as a follower, conf=-1: [af686100-7e6c-4b70-9ed6-519c9a6108c4|rpc:172.17.0.2:44771], old=null
2020-12-17 06:17:10,542 [pool-1805-thread-1] INFO  impl.RaftServerImpl (RaftServerImpl.java:setRole(204)) - af686100-7e6c-4b70-9ed6-519c9a6108c4@group-500FCD4A5E49: changes role from      null to FOLLOWER at term 0 for startAsFollower
2020-12-17 06:17:10,542 [pool-1805-thread-1] INFO  impl.RoleInfo (RoleInfo.java:updateAndGet(143)) - af686100-7e6c-4b70-9ed6-519c9a6108c4: start af686100-7e6c-4b70-9ed6-519c9a6108c4@group-500FCD4A5E49-FollowerState
2020-12-17 06:17:10,542 [pool-1805-thread-1] INFO  util.JmxRegister (JmxRegister.java:tryRegister(44)) - Successfully registered JMX Bean with object name Ratis:service=RaftServer,group=group-500FCD4A5E49,id=af686100-7e6c-4b70-9ed6-519c9a6108c4
2020-12-17 06:17:10,542 [pool-1805-thread-1] INFO  metrics.RatisMetrics (RatisMetrics.java:lambda$create$0(36)) - Creating Metrics Registry : ratis.state_machine.af686100-7e6c-4b70-9ed6-519c9a6108c4@group-500FCD4A5E49
2020-12-17 06:17:10,543 [Command processor thread] INFO  commandhandler.CreatePipelineCommandHandler (CreatePipelineCommandHandler.java:handle(106)) - Created Pipeline RATIS ONE PipelineID=cc6c1aff-968e-4c79-bcea-500fcd4a5e49.
2020-12-17 06:17:10,698 [EventQueue-PipelineReportForOneReplicaPipelineSafeModeRule] INFO  safemode.SCMSafeModeManager (SCMSafeModeManager.java:validateSafeModeExitRules(214)) - AtleastOneDatanodeReportedRule rule is successfully validated
2020-12-17 06:17:10,699 [EventQueue-OpenPipelineForHealthyPipelineSafeModeRule] INFO  safemode.SCMSafeModeManager (HealthyPipelineSafeModeRule.java:process(128)) - SCM in safe mode. Healthy pipelines reported count is 0, required healthy pipeline reported count is 1
2020-12-17 06:17:10,841 [EventQueue-OpenPipelineForHealthyPipelineSafeModeRule] INFO  safemode.SCMSafeModeManager (HealthyPipelineSafeModeRule.java:process(128)) - SCM in safe mode. Healthy pipelines reported count is 0, required healthy pipeline reported count is 1
2020-12-17 06:17:10,841 [EventQueue-PipelineReportForOneReplicaPipelineSafeModeRule] INFO  safemode.SCMSafeModeManager (SCMSafeModeManager.java:validateSafeModeExitRules(214)) - AtleastOneDatanodeReportedRule rule is successfully validated
2020-12-17 06:17:11,011 [EventQueue-PipelineReportForOneReplicaPipelineSafeModeRule] INFO  safemode.SCMSafeModeManager (SCMSafeModeManager.java:validateSafeModeExitRules(214)) - AtleastOneDatanodeReportedRule rule is successfully validated
2020-12-17 06:17:11,011 [EventQueue-OpenPipelineForHealthyPipelineSafeModeRule] INFO  safemode.SCMSafeModeManager (HealthyPipelineSafeModeRule.java:process(128)) - SCM in safe mode. Healthy pipelines reported count is 0, required healthy pipeline reported count is 1
2020-12-17 06:17:11,196 [EventQueue-PipelineReportForOneReplicaPipelineSafeModeRule] INFO  safemode.SCMSafeModeManager (SCMSafeModeManager.java:validateSafeModeExitRules(214)) - AtleastOneDatanodeReportedRule rule is successfully validated
2020-12-17 06:17:11,196 [EventQueue-OpenPipelineForHealthyPipelineSafeModeRule] INFO  safemode.SCMSafeModeManager (HealthyPipelineSafeModeRule.java:process(128)) - SCM in safe mode. Healthy pipelines reported count is 0, required healthy pipeline reported count is 1
2020-12-17 06:17:11,352 [EventQueue-OpenPipelineForHealthyPipelineSafeModeRule] INFO  safemode.SCMSafeModeManager (HealthyPipelineSafeModeRule.java:process(128)) - SCM in safe mode. Healthy pipelines reported count is 0, required healthy pipeline reported count is 1
2020-12-17 06:17:11,352 [EventQueue-PipelineReportForOneReplicaPipelineSafeModeRule] INFO  safemode.SCMSafeModeManager (SCMSafeModeManager.java:validateSafeModeExitRules(214)) - AtleastOneDatanodeReportedRule rule is successfully validated
2020-12-17 06:17:11,522 [Listener at 127.0.0.1/38219] INFO  ozone.MiniOzoneClusterImpl (MiniOzoneClusterImpl.java:lambda$waitForClusterToBeReady$0(178)) - Nodes are ready. Got 6 of 6 DN Heartbeats.
2020-12-17 06:17:11,522 [Listener at 127.0.0.1/38219] INFO  ozone.MiniOzoneClusterImpl (MiniOzoneClusterImpl.java:lambda$waitForClusterToBeReady$0(181)) - Waiting for cluster to exit safe mode
2020-12-17 06:17:11,533 [EventQueue-OpenPipelineForHealthyPipelineSafeModeRule] INFO  safemode.SCMSafeModeManager (HealthyPipelineSafeModeRule.java:process(128)) - SCM in safe mode. Healthy pipelines reported count is 0, required healthy pipeline reported count is 1
2020-12-17 06:17:11,533 [EventQueue-PipelineReportForOneReplicaPipelineSafeModeRule] INFO  safemode.SCMSafeModeManager (SCMSafeModeManager.java:validateSafeModeExitRules(214)) - AtleastOneDatanodeReportedRule rule is successfully validated
2020-12-17 06:17:11,699 [EventQueue-PipelineReportForOneReplicaPipelineSafeModeRule] INFO  safemode.SCMSafeModeManager (SCMSafeModeManager.java:validateSafeModeExitRules(214)) - AtleastOneDatanodeReportedRule rule is successfully validated
2020-12-17 06:17:11,699 [EventQueue-OpenPipelineForHealthyPipelineSafeModeRule] INFO  safemode.SCMSafeModeManager (HealthyPipelineSafeModeRule.java:process(128)) - SCM in safe mode. Healthy pipelines reported count is 0, required healthy pipeline reported count is 1
2020-12-17 06:17:11,841 [EventQueue-PipelineReportForOneReplicaPipelineSafeModeRule] INFO  safemode.SCMSafeModeManager (SCMSafeModeManager.java:validateSafeModeExitRules(214)) - AtleastOneDatanodeReportedRule rule is successfully validated
2020-12-17 06:17:11,841 [EventQueue-OpenPipelineForHealthyPipelineSafeModeRule] INFO  safemode.SCMSafeModeManager (HealthyPipelineSafeModeRule.java:process(128)) - SCM in safe mode. Healthy pipelines reported count is 0, required healthy pipeline reported count is 1
2020-12-17 06:17:12,011 [EventQueue-PipelineReportForOneReplicaPipelineSafeModeRule] INFO  safemode.SCMSafeModeManager (SCMSafeModeManager.java:validateSafeModeExitRules(214)) - AtleastOneDatanodeReportedRule rule is successfully validated
2020-12-17 06:17:12,012 [EventQueue-OpenPipelineForHealthyPipelineSafeModeRule] INFO  safemode.SCMSafeModeManager (HealthyPipelineSafeModeRule.java:process(128)) - SCM in safe mode. Healthy pipelines reported count is 0, required healthy pipeline reported count is 1
2020-12-17 06:17:12,196 [EventQueue-PipelineReportForOneReplicaPipelineSafeModeRule] INFO  safemode.SCMSafeModeManager (SCMSafeModeManager.java:validateSafeModeExitRules(214)) - AtleastOneDatanodeReportedRule rule is successfully validated
2020-12-17 06:17:12,197 [EventQueue-OpenPipelineForHealthyPipelineSafeModeRule] INFO  safemode.SCMSafeModeManager (HealthyPipelineSafeModeRule.java:process(128)) - SCM in safe mode. Healthy pipelines reported count is 0, required healthy pipeline reported count is 1
2020-12-17 06:17:12,352 [EventQueue-PipelineReportForOneReplicaPipelineSafeModeRule] INFO  safemode.SCMSafeModeManager (SCMSafeModeManager.java:validateSafeModeExitRules(214)) - AtleastOneDatanodeReportedRule rule is successfully validated
2020-12-17 06:17:12,352 [EventQueue-OpenPipelineForHealthyPipelineSafeModeRule] INFO  safemode.SCMSafeModeManager (HealthyPipelineSafeModeRule.java:process(128)) - SCM in safe mode. Healthy pipelines reported count is 0, required healthy pipeline reported count is 1
2020-12-17 06:17:12,522 [Listener at 127.0.0.1/38219] INFO  ozone.MiniOzoneClusterImpl (MiniOzoneClusterImpl.java:lambda$waitForClusterToBeReady$0(178)) - Nodes are ready. Got 6 of 6 DN Heartbeats.
2020-12-17 06:17:12,523 [Listener at 127.0.0.1/38219] INFO  ozone.MiniOzoneClusterImpl (MiniOzoneClusterImpl.java:lambda$waitForClusterToBeReady$0(181)) - Waiting for cluster to exit safe mode
2020-12-17 06:17:12,533 [EventQueue-PipelineReportForOneReplicaPipelineSafeModeRule] INFO  safemode.SCMSafeModeManager (SCMSafeModeManager.java:validateSafeModeExitRules(214)) - AtleastOneDatanodeReportedRule rule is successfully validated
2020-12-17 06:17:12,534 [EventQueue-OpenPipelineForHealthyPipelineSafeModeRule] INFO  safemode.SCMSafeModeManager (HealthyPipelineSafeModeRule.java:process(128)) - SCM in safe mode. Healthy pipelines reported count is 0, required healthy pipeline reported count is 1
2020-12-17 06:17:12,699 [EventQueue-OpenPipelineForHealthyPipelineSafeModeRule] INFO  safemode.SCMSafeModeManager (HealthyPipelineSafeModeRule.java:process(128)) - SCM in safe mode. Healthy pipelines reported count is 0, required healthy pipeline reported count is 1
2020-12-17 06:17:12,699 [EventQueue-PipelineReportForOneReplicaPipelineSafeModeRule] INFO  safemode.SCMSafeModeManager (SCMSafeModeManager.java:validateSafeModeExitRules(214)) - AtleastOneDatanodeReportedRule rule is successfully validated
2020-12-17 06:17:12,841 [EventQueue-OpenPipelineForHealthyPipelineSafeModeRule] INFO  safemode.SCMSafeModeManager (HealthyPipelineSafeModeRule.java:process(128)) - SCM in safe mode. Healthy pipelines reported count is 0, required healthy pipeline reported count is 1
2020-12-17 06:17:12,841 [EventQueue-PipelineReportForOneReplicaPipelineSafeModeRule] INFO  safemode.SCMSafeModeManager (SCMSafeModeManager.java:validateSafeModeExitRules(214)) - AtleastOneDatanodeReportedRule rule is successfully validated
2020-12-17 06:17:13,011 [EventQueue-PipelineReportForOneReplicaPipelineSafeModeRule] INFO  safemode.SCMSafeModeManager (SCMSafeModeManager.java:validateSafeModeExitRules(214)) - AtleastOneDatanodeReportedRule rule is successfully validated
2020-12-17 06:17:13,011 [EventQueue-OpenPipelineForHealthyPipelineSafeModeRule] INFO  safemode.SCMSafeModeManager (HealthyPipelineSafeModeRule.java:process(128)) - SCM in safe mode. Healthy pipelines reported count is 0, required healthy pipeline reported count is 1
2020-12-17 06:17:13,196 [EventQueue-PipelineReportForOneReplicaPipelineSafeModeRule] INFO  safemode.SCMSafeModeManager (SCMSafeModeManager.java:validateSafeModeExitRules(214)) - AtleastOneDatanodeReportedRule rule is successfully validated
2020-12-17 06:17:13,197 [EventQueue-OpenPipelineForHealthyPipelineSafeModeRule] INFO  safemode.SCMSafeModeManager (HealthyPipelineSafeModeRule.java:process(128)) - SCM in safe mode. Healthy pipelines reported count is 0, required healthy pipeline reported count is 1
2020-12-17 06:17:13,352 [EventQueue-PipelineReportForOneReplicaPipelineSafeModeRule] INFO  safemode.SCMSafeModeManager (SCMSafeModeManager.java:validateSafeModeExitRules(214)) - AtleastOneDatanodeReportedRule rule is successfully validated
2020-12-17 06:17:13,352 [EventQueue-OpenPipelineForHealthyPipelineSafeModeRule] INFO  safemode.SCMSafeModeManager (HealthyPipelineSafeModeRule.java:process(128)) - SCM in safe mode. Healthy pipelines reported count is 0, required healthy pipeline reported count is 1
2020-12-17 06:17:13,523 [Listener at 127.0.0.1/38219] INFO  ozone.MiniOzoneClusterImpl (MiniOzoneClusterImpl.java:lambda$waitForClusterToBeReady$0(178)) - Nodes are ready. Got 6 of 6 DN Heartbeats.
2020-12-17 06:17:13,523 [Listener at 127.0.0.1/38219] INFO  ozone.MiniOzoneClusterImpl (MiniOzoneClusterImpl.java:lambda$waitForClusterToBeReady$0(181)) - Waiting for cluster to exit safe mode
2020-12-17 06:17:13,534 [EventQueue-OpenPipelineForHealthyPipelineSafeModeRule] INFO  safemode.SCMSafeModeManager (HealthyPipelineSafeModeRule.java:process(128)) - SCM in safe mode. Healthy pipelines reported count is 0, required healthy pipeline reported count is 1
2020-12-17 06:17:13,534 [EventQueue-PipelineReportForOneReplicaPipelineSafeModeRule] INFO  safemode.SCMSafeModeManager (SCMSafeModeManager.java:validateSafeModeExitRules(214)) - AtleastOneDatanodeReportedRule rule is successfully validated
2020-12-17 06:17:13,699 [EventQueue-OpenPipelineForHealthyPipelineSafeModeRule] INFO  safemode.SCMSafeModeManager (HealthyPipelineSafeModeRule.java:process(128)) - SCM in safe mode. Healthy pipelines reported count is 0, required healthy pipeline reported count is 1
2020-12-17 06:17:13,699 [EventQueue-PipelineReportForOneReplicaPipelineSafeModeRule] INFO  safemode.SCMSafeModeManager (SCMSafeModeManager.java:validateSafeModeExitRules(214)) - AtleastOneDatanodeReportedRule rule is successfully validated
2020-12-17 06:17:13,840 [EventQueue-PipelineReportForOneReplicaPipelineSafeModeRule] INFO  safemode.SCMSafeModeManager (SCMSafeModeManager.java:validateSafeModeExitRules(214)) - AtleastOneDatanodeReportedRule rule is successfully validated
2020-12-17 06:17:13,840 [EventQueue-OpenPipelineForHealthyPipelineSafeModeRule] INFO  safemode.SCMSafeModeManager (HealthyPipelineSafeModeRule.java:process(128)) - SCM in safe mode. Healthy pipelines reported count is 0, required healthy pipeline reported count is 1
2020-12-17 06:17:14,011 [EventQueue-PipelineReportForOneReplicaPipelineSafeModeRule] INFO  safemode.SCMSafeModeManager (SCMSafeModeManager.java:validateSafeModeExitRules(214)) - AtleastOneDatanodeReportedRule rule is successfully validated
2020-12-17 06:17:14,011 [EventQueue-OpenPipelineForHealthyPipelineSafeModeRule] INFO  safemode.SCMSafeModeManager (HealthyPipelineSafeModeRule.java:process(128)) - SCM in safe mode. Healthy pipelines reported count is 0, required healthy pipeline reported count is 1
2020-12-17 06:17:14,196 [EventQueue-PipelineReportForOneReplicaPipelineSafeModeRule] INFO  safemode.SCMSafeModeManager (SCMSafeModeManager.java:validateSafeModeExitRules(214)) - AtleastOneDatanodeReportedRule rule is successfully validated
2020-12-17 06:17:14,197 [EventQueue-OpenPipelineForHealthyPipelineSafeModeRule] INFO  safemode.SCMSafeModeManager (HealthyPipelineSafeModeRule.java:process(128)) - SCM in safe mode. Healthy pipelines reported count is 0, required healthy pipeline reported count is 1
2020-12-17 06:17:14,352 [EventQueue-OpenPipelineForHealthyPipelineSafeModeRule] INFO  safemode.SCMSafeModeManager (HealthyPipelineSafeModeRule.java:process(128)) - SCM in safe mode. Healthy pipelines reported count is 0, required healthy pipeline reported count is 1
2020-12-17 06:17:14,352 [EventQueue-PipelineReportForOneReplicaPipelineSafeModeRule] INFO  safemode.SCMSafeModeManager (SCMSafeModeManager.java:validateSafeModeExitRules(214)) - AtleastOneDatanodeReportedRule rule is successfully validated
2020-12-17 06:17:14,524 [Listener at 127.0.0.1/38219] INFO  ozone.MiniOzoneClusterImpl (MiniOzoneClusterImpl.java:lambda$waitForClusterToBeReady$0(178)) - Nodes are ready. Got 6 of 6 DN Heartbeats.
2020-12-17 06:17:14,524 [Listener at 127.0.0.1/38219] INFO  ozone.MiniOzoneClusterImpl (MiniOzoneClusterImpl.java:lambda$waitForClusterToBeReady$0(181)) - Waiting for cluster to exit safe mode
2020-12-17 06:17:14,534 [EventQueue-PipelineReportForOneReplicaPipelineSafeModeRule] INFO  safemode.SCMSafeModeManager (SCMSafeModeManager.java:validateSafeModeExitRules(214)) - AtleastOneDatanodeReportedRule rule is successfully validated
2020-12-17 06:17:14,534 [EventQueue-OpenPipelineForHealthyPipelineSafeModeRule] INFO  safemode.SCMSafeModeManager (HealthyPipelineSafeModeRule.java:process(128)) - SCM in safe mode. Healthy pipelines reported count is 0, required healthy pipeline reported count is 1
2020-12-17 06:17:14,699 [EventQueue-PipelineReportForOneReplicaPipelineSafeModeRule] INFO  safemode.SCMSafeModeManager (SCMSafeModeManager.java:validateSafeModeExitRules(214)) - AtleastOneDatanodeReportedRule rule is successfully validated
2020-12-17 06:17:14,699 [EventQueue-OpenPipelineForHealthyPipelineSafeModeRule] INFO  safemode.SCMSafeModeManager (HealthyPipelineSafeModeRule.java:process(128)) - SCM in safe mode. Healthy pipelines reported count is 0, required healthy pipeline reported count is 1
2020-12-17 06:17:14,808 [Thread-5709] INFO  impl.FollowerState (FollowerState.java:run(128)) - 498f54dd-f545-4970-aaf6-8938e8aa224a@group-1D44EBE411FF-FollowerState: change to CANDIDATE, lastRpcTime:5100ms, electionTimeout:5100ms
2020-12-17 06:17:14,808 [Thread-5709] INFO  impl.RoleInfo (RoleInfo.java:shutdownFollowerState(121)) - 498f54dd-f545-4970-aaf6-8938e8aa224a: shutdown 498f54dd-f545-4970-aaf6-8938e8aa224a@group-1D44EBE411FF-FollowerState
2020-12-17 06:17:14,808 [Thread-5709] INFO  impl.RaftServerImpl (RaftServerImpl.java:setRole(204)) - 498f54dd-f545-4970-aaf6-8938e8aa224a@group-1D44EBE411FF: changes role from  FOLLOWER to CANDIDATE at term 0 for changeToCandidate
2020-12-17 06:17:14,808 [Thread-5709] INFO  impl.RoleInfo (RoleInfo.java:updateAndGet(143)) - 498f54dd-f545-4970-aaf6-8938e8aa224a: start 498f54dd-f545-4970-aaf6-8938e8aa224a@group-1D44EBE411FF-LeaderElection79
2020-12-17 06:17:14,812 [498f54dd-f545-4970-aaf6-8938e8aa224a@group-1D44EBE411FF-LeaderElection79] INFO  impl.LeaderElection (LeaderElection.java:askForVotes(215)) - 498f54dd-f545-4970-aaf6-8938e8aa224a@group-1D44EBE411FF-LeaderElection79: begin an election at term 1 for -1: [0e8fc707-3157-4ba9-8ca0-1e159f3dc0e9|rpc:172.17.0.2:43839, 498f54dd-f545-4970-aaf6-8938e8aa224a|rpc:172.17.0.2:38939, 5c172e1d-997d-4dd3-baf9-9414c84d2cc3|rpc:172.17.0.2:45075], old=null
2020-12-17 06:17:14,812 [Thread-5707] INFO  impl.FollowerState (FollowerState.java:run(128)) - 498f54dd-f545-4970-aaf6-8938e8aa224a@group-3C8BEE36B590-FollowerState: change to CANDIDATE, lastRpcTime:5119ms, electionTimeout:5119ms
2020-12-17 06:17:14,813 [Thread-5707] INFO  impl.RoleInfo (RoleInfo.java:shutdownFollowerState(121)) - 498f54dd-f545-4970-aaf6-8938e8aa224a: shutdown 498f54dd-f545-4970-aaf6-8938e8aa224a@group-3C8BEE36B590-FollowerState
2020-12-17 06:17:14,813 [Thread-5707] INFO  impl.RaftServerImpl (RaftServerImpl.java:setRole(204)) - 498f54dd-f545-4970-aaf6-8938e8aa224a@group-3C8BEE36B590: changes role from  FOLLOWER to CANDIDATE at term 0 for changeToCandidate
2020-12-17 06:17:14,817 [Thread-5707] INFO  impl.RoleInfo (RoleInfo.java:updateAndGet(143)) - 498f54dd-f545-4970-aaf6-8938e8aa224a: start 498f54dd-f545-4970-aaf6-8938e8aa224a@group-3C8BEE36B590-LeaderElection80
2020-12-17 06:17:14,829 [498f54dd-f545-4970-aaf6-8938e8aa224a@group-3C8BEE36B590-LeaderElection80] INFO  impl.LeaderElection (LeaderElection.java:askForVotes(215)) - 498f54dd-f545-4970-aaf6-8938e8aa224a@group-3C8BEE36B590-LeaderElection80: begin an election at term 1 for -1: [498f54dd-f545-4970-aaf6-8938e8aa224a|rpc:172.17.0.2:38939], old=null
2020-12-17 06:17:14,829 [498f54dd-f545-4970-aaf6-8938e8aa224a@group-3C8BEE36B590-LeaderElection80] INFO  impl.RoleInfo (RoleInfo.java:shutdownLeaderElection(134)) - 498f54dd-f545-4970-aaf6-8938e8aa224a: shutdown 498f54dd-f545-4970-aaf6-8938e8aa224a@group-3C8BEE36B590-LeaderElection80
2020-12-17 06:17:14,829 [498f54dd-f545-4970-aaf6-8938e8aa224a@group-3C8BEE36B590-LeaderElection80] INFO  impl.RaftServerImpl (RaftServerImpl.java:setRole(204)) - 498f54dd-f545-4970-aaf6-8938e8aa224a@group-3C8BEE36B590: changes role from CANDIDATE to LEADER at term 1 for changeToLeader
2020-12-17 06:17:14,829 [498f54dd-f545-4970-aaf6-8938e8aa224a@group-3C8BEE36B590-LeaderElection80] INFO  ratis.XceiverServerRatis (XceiverServerRatis.java:handleLeaderChangedNotification(854)) - Leader change notification received for group: group-3C8BEE36B590 with new leaderId: 498f54dd-f545-4970-aaf6-8938e8aa224a
2020-12-17 06:17:14,829 [grpc-default-executor-2] INFO  impl.RaftServerImpl (RaftServerImpl.java:setRole(204)) - 0e8fc707-3157-4ba9-8ca0-1e159f3dc0e9@group-1D44EBE411FF: changes role from  FOLLOWER to FOLLOWER at term 1 for recognizeCandidate:498f54dd-f545-4970-aaf6-8938e8aa224a
2020-12-17 06:17:14,829 [grpc-default-executor-2] INFO  impl.RoleInfo (RoleInfo.java:shutdownFollowerState(121)) - 0e8fc707-3157-4ba9-8ca0-1e159f3dc0e9: shutdown 0e8fc707-3157-4ba9-8ca0-1e159f3dc0e9@group-1D44EBE411FF-FollowerState
2020-12-17 06:17:14,830 [498f54dd-f545-4970-aaf6-8938e8aa224a@group-3C8BEE36B590-LeaderElection80] INFO  impl.RaftServerImpl (ServerState.java:setLeader(256)) - 498f54dd-f545-4970-aaf6-8938e8aa224a@group-3C8BEE36B590: change Leader from null to 498f54dd-f545-4970-aaf6-8938e8aa224a at term 1 for becomeLeader, leader elected after 5146ms
2020-12-17 06:17:14,830 [498f54dd-f545-4970-aaf6-8938e8aa224a@group-3C8BEE36B590-LeaderElection80] INFO  server.RaftServerConfigKeys (ConfUtils.java:logGet(44)) - raft.server.staging.catchup.gap = 1000 (default)
2020-12-17 06:17:14,830 [498f54dd-f545-4970-aaf6-8938e8aa224a@group-3C8BEE36B590-LeaderElection80] INFO  server.RaftServerConfigKeys (ConfUtils.java:logGet(44)) - raft.server.rpc.sleep.time = 25ms (default)
2020-12-17 06:17:14,830 [498f54dd-f545-4970-aaf6-8938e8aa224a@group-3C8BEE36B590-LeaderElection80] INFO  metrics.RatisMetrics (RatisMetrics.java:lambda$create$0(36)) - Creating Metrics Registry : ratis.log_appender.498f54dd-f545-4970-aaf6-8938e8aa224a@group-3C8BEE36B590
2020-12-17 06:17:14,830 [EventQueue-OpenPipelineForHealthyPipelineSafeModeRule] INFO  safemode.SCMSafeModeManager (HealthyPipelineSafeModeRule.java:process(128)) - SCM in safe mode. Healthy pipelines reported count is 0, required healthy pipeline reported count is 1
2020-12-17 06:17:14,830 [EventQueue-PipelineReportForOneReplicaPipelineSafeModeRule] INFO  safemode.SCMSafeModeManager (SCMSafeModeManager.java:validateSafeModeExitRules(214)) - AtleastOneDatanodeReportedRule rule is successfully validated
2020-12-17 06:17:14,831 [grpc-default-executor-2] INFO  impl.RoleInfo (RoleInfo.java:updateAndGet(143)) - 0e8fc707-3157-4ba9-8ca0-1e159f3dc0e9: start 0e8fc707-3157-4ba9-8ca0-1e159f3dc0e9@group-1D44EBE411FF-FollowerState
2020-12-17 06:17:14,831 [grpc-default-executor-3] INFO  impl.RaftServerImpl (RaftServerImpl.java:setRole(204)) - 5c172e1d-997d-4dd3-baf9-9414c84d2cc3@group-1D44EBE411FF: changes role from  FOLLOWER to FOLLOWER at term 1 for recognizeCandidate:498f54dd-f545-4970-aaf6-8938e8aa224a
2020-12-17 06:17:14,831 [grpc-default-executor-3] INFO  impl.RoleInfo (RoleInfo.java:shutdownFollowerState(121)) - 5c172e1d-997d-4dd3-baf9-9414c84d2cc3: shutdown 5c172e1d-997d-4dd3-baf9-9414c84d2cc3@group-1D44EBE411FF-FollowerState
2020-12-17 06:17:14,831 [Thread-5711] INFO  impl.FollowerState (FollowerState.java:run(137)) - 0e8fc707-3157-4ba9-8ca0-1e159f3dc0e9@group-1D44EBE411FF-FollowerState was interrupted: {}
java.lang.InterruptedException: sleep interrupted
	at java.lang.Thread.sleep(Native Method)
	at org.apache.ratis.util.JavaUtils.sleep(JavaUtils.java:250)
	at org.apache.ratis.server.impl.FollowerState.run(FollowerState.java:116)
2020-12-17 06:17:14,831 [grpc-default-executor-2] INFO  impl.RaftServerImpl (RaftServerImpl.java:requestVote(963)) -  FOLLOWER 0e8fc707-3157-4ba9-8ca0-1e159f3dc0e9@group-1D44EBE411FF:t1, leader=null, voted=null, raftlog=0e8fc707-3157-4ba9-8ca0-1e159f3dc0e9@group-1D44EBE411FF-SegmentedRaftLog:OPENED:c-1,f-1,i0, conf=-1: [0e8fc707-3157-4ba9-8ca0-1e159f3dc0e9|rpc:172.17.0.2:43839|dataStream:, 498f54dd-f545-4970-aaf6-8938e8aa224a|rpc:172.17.0.2:38939|dataStream:, 5c172e1d-997d-4dd3-baf9-9414c84d2cc3|rpc:172.17.0.2:45075|dataStream:], old=null RUNNING priority:0 candidate:498f54dd-f545-4970-aaf6-8938e8aa224a|rpc:172.17.0.2:38939|dataStream: candidatePriority:0 compare:0
2020-12-17 06:17:14,831 [Thread-5714] INFO  impl.FollowerState (FollowerState.java:run(137)) - 5c172e1d-997d-4dd3-baf9-9414c84d2cc3@group-1D44EBE411FF-FollowerState was interrupted: {}
java.lang.InterruptedException: sleep interrupted
	at java.lang.Thread.sleep(Native Method)
	at org.apache.ratis.util.JavaUtils.sleep(JavaUtils.java:250)
	at org.apache.ratis.server.impl.FollowerState.run(FollowerState.java:116)
2020-12-17 06:17:14,831 [grpc-default-executor-3] INFO  impl.RoleInfo (RoleInfo.java:updateAndGet(143)) - 5c172e1d-997d-4dd3-baf9-9414c84d2cc3: start 5c172e1d-997d-4dd3-baf9-9414c84d2cc3@group-1D44EBE411FF-FollowerState
2020-12-17 06:17:14,832 [498f54dd-f545-4970-aaf6-8938e8aa224a@group-3C8BEE36B590-LeaderElection80] INFO  server.RaftServerConfigKeys (ConfUtils.java:logGet(44)) - raft.server.write.element-limit = 1024 (custom)
2020-12-17 06:17:14,832 [498f54dd-f545-4970-aaf6-8938e8aa224a@group-3C8BEE36B590-LeaderElection80] INFO  server.RaftServerConfigKeys (ConfUtils.java:logGet(44)) - raft.server.write.byte-limit = 1073741824 (custom)
2020-12-17 06:17:14,832 [grpc-default-executor-3] INFO  impl.RaftServerImpl (RaftServerImpl.java:requestVote(963)) -  FOLLOWER 5c172e1d-997d-4dd3-baf9-9414c84d2cc3@group-1D44EBE411FF:t1, leader=null, voted=null, raftlog=5c172e1d-997d-4dd3-baf9-9414c84d2cc3@group-1D44EBE411FF-SegmentedRaftLog:OPENED:c-1,f-1,i0, conf=-1: [0e8fc707-3157-4ba9-8ca0-1e159f3dc0e9|rpc:172.17.0.2:43839|dataStream:, 498f54dd-f545-4970-aaf6-8938e8aa224a|rpc:172.17.0.2:38939|dataStream:, 5c172e1d-997d-4dd3-baf9-9414c84d2cc3|rpc:172.17.0.2:45075|dataStream:], old=null RUNNING priority:0 candidate:498f54dd-f545-4970-aaf6-8938e8aa224a|rpc:172.17.0.2:38939|dataStream: candidatePriority:0 compare:0
2020-12-17 06:17:14,833 [498f54dd-f545-4970-aaf6-8938e8aa224a@group-3C8BEE36B590-LeaderElection80] INFO  server.RaftServerConfigKeys (ConfUtils.java:logGet(44)) - raft.server.watch.timeout = 180s (custom)
2020-12-17 06:17:14,833 [498f54dd-f545-4970-aaf6-8938e8aa224a@group-3C8BEE36B590-LeaderElection80] INFO  server.RaftServerConfigKeys (ConfUtils.java:logGet(44)) - raft.server.watch.timeout.denomination = 1s (default)
2020-12-17 06:17:14,833 [498f54dd-f545-4970-aaf6-8938e8aa224a@group-3C8BEE36B590-LeaderElection80] INFO  server.RaftServerConfigKeys (ConfUtils.java:logGet(44)) - raft.server.watch.element-limit = 65536 (default)
2020-12-17 06:17:14,833 [498f54dd-f545-4970-aaf6-8938e8aa224a@group-3C8BEE36B590-LeaderElection80] INFO  impl.RoleInfo (RoleInfo.java:updateAndGet(143)) - 498f54dd-f545-4970-aaf6-8938e8aa224a: start 498f54dd-f545-4970-aaf6-8938e8aa224a@group-3C8BEE36B590-LeaderState
2020-12-17 06:17:14,840 [EventQueue-PipelineReportForOneReplicaPipelineSafeModeRule] INFO  safemode.SCMSafeModeManager (SCMSafeModeManager.java:validateSafeModeExitRules(214)) - AtleastOneDatanodeReportedRule rule is successfully validated
2020-12-17 06:17:14,840 [EventQueue-OpenPipelineForHealthyPipelineSafeModeRule] INFO  safemode.SCMSafeModeManager (HealthyPipelineSafeModeRule.java:process(128)) - SCM in safe mode. Healthy pipelines reported count is 0, required healthy pipeline reported count is 1
2020-12-17 06:17:14,841 [498f54dd-f545-4970-aaf6-8938e8aa224a@group-3C8BEE36B590-LeaderElection80] INFO  segmented.SegmentedRaftLogWorker (SegmentedRaftLogWorker.java:startLogSegment(398)) - 498f54dd-f545-4970-aaf6-8938e8aa224a@group-3C8BEE36B590-SegmentedRaftLogWorker: Starting segment from index:0
2020-12-17 06:17:14,841 [498f54dd-f545-4970-aaf6-8938e8aa224a@group-1D44EBE411FF-LeaderElection79] INFO  impl.LeaderElection (LeaderElection.java:logAndReturn(65)) - 498f54dd-f545-4970-aaf6-8938e8aa224a@group-1D44EBE411FF-LeaderElection79: Election PASSED; received 1 response(s) [498f54dd-f545-4970-aaf6-8938e8aa224a<-0e8fc707-3157-4ba9-8ca0-1e159f3dc0e9#0:OK-t1] and 0 exception(s); 498f54dd-f545-4970-aaf6-8938e8aa224a@group-1D44EBE411FF:t1, leader=null, voted=498f54dd-f545-4970-aaf6-8938e8aa224a, raftlog=498f54dd-f545-4970-aaf6-8938e8aa224a@group-1D44EBE411FF-SegmentedRaftLog:OPENED:c-1,f-1,i0, conf=-1: [0e8fc707-3157-4ba9-8ca0-1e159f3dc0e9|rpc:172.17.0.2:43839, 498f54dd-f545-4970-aaf6-8938e8aa224a|rpc:172.17.0.2:38939, 5c172e1d-997d-4dd3-baf9-9414c84d2cc3|rpc:172.17.0.2:45075], old=null
2020-12-17 06:17:14,842 [498f54dd-f545-4970-aaf6-8938e8aa224a@group-1D44EBE411FF-LeaderElection79] INFO  impl.RoleInfo (RoleInfo.java:shutdownLeaderElection(134)) - 498f54dd-f545-4970-aaf6-8938e8aa224a: shutdown 498f54dd-f545-4970-aaf6-8938e8aa224a@group-1D44EBE411FF-LeaderElection79
2020-12-17 06:17:14,842 [498f54dd-f545-4970-aaf6-8938e8aa224a@group-1D44EBE411FF-LeaderElection79] INFO  impl.RaftServerImpl (RaftServerImpl.java:setRole(204)) - 498f54dd-f545-4970-aaf6-8938e8aa224a@group-1D44EBE411FF: changes role from CANDIDATE to LEADER at term 1 for changeToLeader
2020-12-17 06:17:14,842 [498f54dd-f545-4970-aaf6-8938e8aa224a@group-1D44EBE411FF-LeaderElection79] INFO  ratis.XceiverServerRatis (XceiverServerRatis.java:handleLeaderChangedNotification(854)) - Leader change notification received for group: group-1D44EBE411FF with new leaderId: 498f54dd-f545-4970-aaf6-8938e8aa224a
2020-12-17 06:17:14,842 [498f54dd-f545-4970-aaf6-8938e8aa224a@group-1D44EBE411FF-LeaderElection79] INFO  impl.RaftServerImpl (ServerState.java:setLeader(256)) - 498f54dd-f545-4970-aaf6-8938e8aa224a@group-1D44EBE411FF: change Leader from null to 498f54dd-f545-4970-aaf6-8938e8aa224a at term 1 for becomeLeader, leader elected after 5143ms
2020-12-17 06:17:14,842 [498f54dd-f545-4970-aaf6-8938e8aa224a@group-1D44EBE411FF-LeaderElection79] INFO  server.RaftServerConfigKeys (ConfUtils.java:logGet(44)) - raft.server.staging.catchup.gap = 1000 (default)
2020-12-17 06:17:14,842 [498f54dd-f545-4970-aaf6-8938e8aa224a@group-1D44EBE411FF-LeaderElection79] INFO  server.RaftServerConfigKeys (ConfUtils.java:logGet(44)) - raft.server.rpc.sleep.time = 25ms (default)
2020-12-17 06:17:14,842 [498f54dd-f545-4970-aaf6-8938e8aa224a@group-1D44EBE411FF-LeaderElection79] INFO  metrics.RatisMetrics (RatisMetrics.java:lambda$create$0(36)) - Creating Metrics Registry : ratis.log_appender.498f54dd-f545-4970-aaf6-8938e8aa224a@group-1D44EBE411FF
2020-12-17 06:17:14,842 [498f54dd-f545-4970-aaf6-8938e8aa224a@group-1D44EBE411FF-LeaderElection79] INFO  server.RaftServerConfigKeys (ConfUtils.java:logGet(44)) - raft.server.write.element-limit = 1024 (custom)
2020-12-17 06:17:14,842 [498f54dd-f545-4970-aaf6-8938e8aa224a@group-1D44EBE411FF-LeaderElection79] INFO  server.RaftServerConfigKeys (ConfUtils.java:logGet(44)) - raft.server.write.byte-limit = 1073741824 (custom)
2020-12-17 06:17:14,843 [EventQueue-PipelineReportForPipelineReportHandler] INFO  pipeline.PipelineStateManager (PipelineStateManager.java:openPipeline(132)) - Pipeline Pipeline[ Id: 0769a2cb-477e-42c6-8fa5-1d44ebe411ff, Nodes: 0e8fc707-3157-4ba9-8ca0-1e159f3dc0e9{ip: 172.17.0.2, host: 647233daa2c6, networkLocation: /default-rack, certSerialId: null, persistedOpState: IN_SERVICE, persistedOpStateExpiryEpochSec: 0}5c172e1d-997d-4dd3-baf9-9414c84d2cc3{ip: 172.17.0.2, host: 647233daa2c6, networkLocation: /default-rack, certSerialId: null, persistedOpState: IN_SERVICE, persistedOpStateExpiryEpochSec: 0}498f54dd-f545-4970-aaf6-8938e8aa224a{ip: 172.17.0.2, host: 647233daa2c6, networkLocation: /default-rack, certSerialId: null, persistedOpState: IN_SERVICE, persistedOpStateExpiryEpochSec: 0}, Type:RATIS, Factor:THREE, State:ALLOCATED, leaderId:498f54dd-f545-4970-aaf6-8938e8aa224a, CreationTimestamp2020-12-17T06:17:07.007Z] moved to OPEN state
2020-12-17 06:17:14,843 [498f54dd-f545-4970-aaf6-8938e8aa224a@group-3C8BEE36B590-LeaderElection80] INFO  impl.RaftServerImpl (ServerState.java:setRaftConf(374)) - 498f54dd-f545-4970-aaf6-8938e8aa224a@group-3C8BEE36B590: set configuration 0: [498f54dd-f545-4970-aaf6-8938e8aa224a|rpc:172.17.0.2:38939|dataStream:], old=null at 0
2020-12-17 06:17:14,843 [EventQueue-PipelineReportForOneReplicaPipelineSafeModeRule] INFO  safemode.SCMSafeModeManager (SCMSafeModeManager.java:validateSafeModeExitRules(214)) - AtleastOneDatanodeReportedRule rule is successfully validated
2020-12-17 06:17:14,843 [EventQueue-OpenPipelineForHealthyPipelineSafeModeRule] INFO  safemode.SCMSafeModeManager (HealthyPipelineSafeModeRule.java:process(128)) - SCM in safe mode. Healthy pipelines reported count is 1, required healthy pipeline reported count is 1
2020-12-17 06:17:14,843 [EventQueue-OpenPipelineForHealthyPipelineSafeModeRule] INFO  safemode.SCMSafeModeManager (SCMSafeModeManager.java:validateSafeModeExitRules(214)) - HealthyPipelineSafeModeRule rule is successfully validated
2020-12-17 06:17:14,843 [EventQueue-OpenPipelineForHealthyPipelineSafeModeRule] INFO  safemode.SCMSafeModeManager (SCMSafeModeManager.java:validateSafeModeExitRules(228)) - ScmSafeModeManager, all rules are successfully validated
2020-12-17 06:17:14,843 [EventQueue-OpenPipelineForHealthyPipelineSafeModeRule] INFO  safemode.SCMSafeModeManager (SCMSafeModeManager.java:exitSafeMode(257)) - SCM exiting safe mode.
2020-12-17 06:17:14,843 [498f54dd-f545-4970-aaf6-8938e8aa224a@group-3C8BEE36B590-SegmentedRaftLogWorker] INFO  segmented.SegmentedRaftLogWorker (SegmentedRaftLogWorker.java:execute(597)) - 498f54dd-f545-4970-aaf6-8938e8aa224a@group-3C8BEE36B590-SegmentedRaftLogWorker: created new log segment /github/workspace/mnt/ozone/hadoop-ozone/integration-test/target/test-dir/MiniOzoneClusterImpl-b9d63ab2-cea4-44c4-9857-355e5256a975/datanode-0/data/ratis/4b68c00b-152b-44f6-8d9e-3c8bee36b590/current/log_inprogress_0
2020-12-17 06:17:14,845 [498f54dd-f545-4970-aaf6-8938e8aa224a@group-1D44EBE411FF-LeaderElection79] INFO  server.RaftServerConfigKeys (ConfUtils.java:logGet(44)) - raft.server.watch.timeout = 180s (custom)
2020-12-17 06:17:14,845 [498f54dd-f545-4970-aaf6-8938e8aa224a@group-1D44EBE411FF-LeaderElection79] INFO  server.RaftServerConfigKeys (ConfUtils.java:logGet(44)) - raft.server.watch.timeout.denomination = 1s (default)
2020-12-17 06:17:14,845 [498f54dd-f545-4970-aaf6-8938e8aa224a@group-1D44EBE411FF-LeaderElection79] INFO  server.RaftServerConfigKeys (ConfUtils.java:logGet(44)) - raft.server.watch.element-limit = 65536 (default)
2020-12-17 06:17:14,845 [498f54dd-f545-4970-aaf6-8938e8aa224a@group-1D44EBE411FF-LeaderElection79] INFO  server.RaftServerConfigKeys (ConfUtils.java:logGet(44)) - raft.server.log.appender.snapshot.chunk.size.max = 16MB (=16777216) (default)
2020-12-17 06:17:14,845 [498f54dd-f545-4970-aaf6-8938e8aa224a@group-1D44EBE411FF-LeaderElection79] INFO  server.RaftServerConfigKeys (ConfUtils.java:logGet(44)) - raft.server.log.appender.buffer.byte-limit = 33554432 (custom)
2020-12-17 06:17:14,845 [498f54dd-f545-4970-aaf6-8938e8aa224a@group-1D44EBE411FF-LeaderElection79] INFO  server.RaftServerConfigKeys (ConfUtils.java:logGet(44)) - raft.server.log.appender.buffer.element-limit = 1 (custom)
2020-12-17 06:17:14,846 [498f54dd-f545-4970-aaf6-8938e8aa224a@group-1D44EBE411FF-LeaderElection79] INFO  grpc.GrpcConfigKeys (ConfUtils.java:logGet(44)) - raft.grpc.server.leader.outstanding.appends.max = 128 (default)
2020-12-17 06:17:14,846 [498f54dd-f545-4970-aaf6-8938e8aa224a@group-1D44EBE411FF-LeaderElection79] INFO  server.RaftServerConfigKeys (ConfUtils.java:logGet(44)) - raft.server.rpc.request.timeout = 60s (custom)
2020-12-17 06:17:14,846 [498f54dd-f545-4970-aaf6-8938e8aa224a@group-1D44EBE411FF-LeaderElection79] INFO  server.RaftServerConfigKeys (ConfUtils.java:logGet(44)) - raft.server.log.appender.install.snapshot.enabled = false (custom)
2020-12-17 06:17:14,846 [498f54dd-f545-4970-aaf6-8938e8aa224a@group-1D44EBE411FF-LeaderElection79] INFO  metrics.RatisMetrics (RatisMetrics.java:lambda$create$0(36)) - Creating Metrics Registry : ratis_grpc.log_appender.498f54dd-f545-4970-aaf6-8938e8aa224a@group-1D44EBE411FF
2020-12-17 06:17:14,850 [498f54dd-f545-4970-aaf6-8938e8aa224a@group-1D44EBE411FF-LeaderElection79] INFO  server.RaftServerConfigKeys (ConfUtils.java:logGet(44)) - raft.server.log.appender.snapshot.chunk.size.max = 16MB (=16777216) (default)
2020-12-17 06:17:14,851 [498f54dd-f545-4970-aaf6-8938e8aa224a@group-1D44EBE411FF-LeaderElection79] INFO  server.RaftServerConfigKeys (ConfUtils.java:logGet(44)) - raft.server.log.appender.buffer.byte-limit = 33554432 (custom)
2020-12-17 06:17:14,851 [498f54dd-f545-4970-aaf6-8938e8aa224a@group-1D44EBE411FF-LeaderElection79] INFO  server.RaftServerConfigKeys (ConfUtils.java:logGet(44)) - raft.server.log.appender.buffer.element-limit = 1 (custom)
2020-12-17 06:17:14,851 [498f54dd-f545-4970-aaf6-8938e8aa224a@group-1D44EBE411FF-LeaderElection79] INFO  grpc.GrpcConfigKeys (ConfUtils.java:logGet(44)) - raft.grpc.server.leader.outstanding.appends.max = 128 (default)
2020-12-17 06:17:14,851 [498f54dd-f545-4970-aaf6-8938e8aa224a@group-1D44EBE411FF-LeaderElection79] INFO  server.RaftServerConfigKeys (ConfUtils.java:logGet(44)) - raft.server.rpc.request.timeout = 60s (custom)
2020-12-17 06:17:14,851 [498f54dd-f545-4970-aaf6-8938e8aa224a@group-1D44EBE411FF-LeaderElection79] INFO  server.RaftServerConfigKeys (ConfUtils.java:logGet(44)) - raft.server.log.appender.install.snapshot.enabled = false (custom)
2020-12-17 06:17:14,853 [498f54dd-f545-4970-aaf6-8938e8aa224a@group-1D44EBE411FF-LeaderElection79] INFO  impl.RoleInfo (RoleInfo.java:updateAndGet(143)) - 498f54dd-f545-4970-aaf6-8938e8aa224a: start 498f54dd-f545-4970-aaf6-8938e8aa224a@group-1D44EBE411FF-LeaderState
2020-12-17 06:17:14,854 [498f54dd-f545-4970-aaf6-8938e8aa224a@group-1D44EBE411FF-LeaderElection79] INFO  segmented.SegmentedRaftLogWorker (SegmentedRaftLogWorker.java:startLogSegment(398)) - 498f54dd-f545-4970-aaf6-8938e8aa224a@group-1D44EBE411FF-SegmentedRaftLogWorker: Starting segment from index:0
2020-12-17 06:17:14,856 [498f54dd-f545-4970-aaf6-8938e8aa224a@group-1D44EBE411FF-SegmentedRaftLogWorker] INFO  segmented.SegmentedRaftLogWorker (SegmentedRaftLogWorker.java:execute(597)) - 498f54dd-f545-4970-aaf6-8938e8aa224a@group-1D44EBE411FF-SegmentedRaftLogWorker: created new log segment /github/workspace/mnt/ozone/hadoop-ozone/integration-test/target/test-dir/MiniOzoneClusterImpl-b9d63ab2-cea4-44c4-9857-355e5256a975/datanode-0/data/ratis/0769a2cb-477e-42c6-8fa5-1d44ebe411ff/current/log_inprogress_0
2020-12-17 06:17:14,861 [498f54dd-f545-4970-aaf6-8938e8aa224a@group-1D44EBE411FF-LeaderElection79] INFO  impl.RaftServerImpl (ServerState.java:setRaftConf(374)) - 498f54dd-f545-4970-aaf6-8938e8aa224a@group-1D44EBE411FF: set configuration 0: [0e8fc707-3157-4ba9-8ca0-1e159f3dc0e9|rpc:172.17.0.2:43839|dataStream:, 498f54dd-f545-4970-aaf6-8938e8aa224a|rpc:172.17.0.2:38939|dataStream:, 5c172e1d-997d-4dd3-baf9-9414c84d2cc3|rpc:172.17.0.2:45075|dataStream:], old=null at 0
2020-12-17 06:17:14,950 [grpc-default-executor-3] INFO  ratis.XceiverServerRatis (XceiverServerRatis.java:handleLeaderChangedNotification(854)) - Leader change notification received for group: group-1D44EBE411FF with new leaderId: 498f54dd-f545-4970-aaf6-8938e8aa224a
2020-12-17 06:17:14,950 [grpc-default-executor-3] INFO  impl.RaftServerImpl (ServerState.java:setLeader(256)) - 5c172e1d-997d-4dd3-baf9-9414c84d2cc3@group-1D44EBE411FF: change Leader from null to 498f54dd-f545-4970-aaf6-8938e8aa224a at term 1 for appendEntries, leader elected after 5204ms
2020-12-17 06:17:14,951 [grpc-default-executor-2] INFO  ratis.XceiverServerRatis (XceiverServerRatis.java:handleLeaderChangedNotification(854)) - Leader change notification received for group: group-1D44EBE411FF with new leaderId: 498f54dd-f545-4970-aaf6-8938e8aa224a
2020-12-17 06:17:14,951 [grpc-default-executor-2] INFO  impl.RaftServerImpl (ServerState.java:setLeader(256)) - 0e8fc707-3157-4ba9-8ca0-1e159f3dc0e9@group-1D44EBE411FF: change Leader from null to 498f54dd-f545-4970-aaf6-8938e8aa224a at term 1 for appendEntries, leader elected after 5228ms
2020-12-17 06:17:14,961 [grpc-default-executor-2] INFO  impl.RaftServerImpl (ServerState.java:setRaftConf(374)) - 0e8fc707-3157-4ba9-8ca0-1e159f3dc0e9@group-1D44EBE411FF: set configuration 0: [0e8fc707-3157-4ba9-8ca0-1e159f3dc0e9|rpc:172.17.0.2:43839|dataStream:, 498f54dd-f545-4970-aaf6-8938e8aa224a|rpc:172.17.0.2:38939|dataStream:, 5c172e1d-997d-4dd3-baf9-9414c84d2cc3|rpc:172.17.0.2:45075|dataStream:], old=null at 0
2020-12-17 06:17:14,962 [grpc-default-executor-2] INFO  segmented.SegmentedRaftLogWorker (SegmentedRaftLogWorker.java:startLogSegment(398)) - 0e8fc707-3157-4ba9-8ca0-1e159f3dc0e9@group-1D44EBE411FF-SegmentedRaftLogWorker: Starting segment from index:0
2020-12-17 06:17:14,962 [grpc-default-executor-3] INFO  impl.RaftServerImpl (ServerState.java:setRaftConf(374)) - 5c172e1d-997d-4dd3-baf9-9414c84d2cc3@group-1D44EBE411FF: set configuration 0: [0e8fc707-3157-4ba9-8ca0-1e159f3dc0e9|rpc:172.17.0.2:43839|dataStream:, 498f54dd-f545-4970-aaf6-8938e8aa224a|rpc:172.17.0.2:38939|dataStream:, 5c172e1d-997d-4dd3-baf9-9414c84d2cc3|rpc:172.17.0.2:45075|dataStream:], old=null at 0
2020-12-17 06:17:14,963 [grpc-default-executor-3] INFO  segmented.SegmentedRaftLogWorker (SegmentedRaftLogWorker.java:startLogSegment(398)) - 5c172e1d-997d-4dd3-baf9-9414c84d2cc3@group-1D44EBE411FF-SegmentedRaftLogWorker: Starting segment from index:0
2020-12-17 06:17:14,974 [Thread-5717] INFO  impl.FollowerState (FollowerState.java:run(128)) - 0e8fc707-3157-4ba9-8ca0-1e159f3dc0e9@group-7A6015F1F07A-FollowerState: change to CANDIDATE, lastRpcTime:5124ms, electionTimeout:5114ms
2020-12-17 06:17:14,978 [Thread-5717] INFO  impl.RoleInfo (RoleInfo.java:shutdownFollowerState(121)) - 0e8fc707-3157-4ba9-8ca0-1e159f3dc0e9: shutdown 0e8fc707-3157-4ba9-8ca0-1e159f3dc0e9@group-7A6015F1F07A-FollowerState
2020-12-17 06:17:14,978 [Thread-5717] INFO  impl.RaftServerImpl (RaftServerImpl.java:setRole(204)) - 0e8fc707-3157-4ba9-8ca0-1e159f3dc0e9@group-7A6015F1F07A: changes role from  FOLLOWER to CANDIDATE at term 0 for changeToCandidate
2020-12-17 06:17:14,978 [Thread-5717] INFO  impl.RoleInfo (RoleInfo.java:updateAndGet(143)) - 0e8fc707-3157-4ba9-8ca0-1e159f3dc0e9: start 0e8fc707-3157-4ba9-8ca0-1e159f3dc0e9@group-7A6015F1F07A-LeaderElection81
2020-12-17 06:17:14,979 [0e8fc707-3157-4ba9-8ca0-1e159f3dc0e9@group-1D44EBE411FF-SegmentedRaftLogWorker] INFO  segmented.SegmentedRaftLogWorker (SegmentedRaftLogWorker.java:execute(597)) - 0e8fc707-3157-4ba9-8ca0-1e159f3dc0e9@group-1D44EBE411FF-SegmentedRaftLogWorker: created new log segment /github/workspace/mnt/ozone/hadoop-ozone/integration-test/target/test-dir/MiniOzoneClusterImpl-b9d63ab2-cea4-44c4-9857-355e5256a975/datanode-1/data/ratis/0769a2cb-477e-42c6-8fa5-1d44ebe411ff/current/log_inprogress_0
2020-12-17 06:17:14,980 [5c172e1d-997d-4dd3-baf9-9414c84d2cc3@group-1D44EBE411FF-SegmentedRaftLogWorker] INFO  segmented.SegmentedRaftLogWorker (SegmentedRaftLogWorker.java:execute(597)) - 5c172e1d-997d-4dd3-baf9-9414c84d2cc3@group-1D44EBE411FF-SegmentedRaftLogWorker: created new log segment /github/workspace/mnt/ozone/hadoop-ozone/integration-test/target/test-dir/MiniOzoneClusterImpl-b9d63ab2-cea4-44c4-9857-355e5256a975/datanode-2/data/ratis/0769a2cb-477e-42c6-8fa5-1d44ebe411ff/current/log_inprogress_0
2020-12-17 06:17:14,988 [0e8fc707-3157-4ba9-8ca0-1e159f3dc0e9@group-7A6015F1F07A-LeaderElection81] INFO  impl.LeaderElection (LeaderElection.java:askForVotes(215)) - 0e8fc707-3157-4ba9-8ca0-1e159f3dc0e9@group-7A6015F1F07A-LeaderElection81: begin an election at term 1 for -1: [0e8fc707-3157-4ba9-8ca0-1e159f3dc0e9|rpc:172.17.0.2:43839], old=null
2020-12-17 06:17:14,988 [0e8fc707-3157-4ba9-8ca0-1e159f3dc0e9@group-7A6015F1F07A-LeaderElection81] INFO  impl.RoleInfo (RoleInfo.java:shutdownLeaderElection(134)) - 0e8fc707-3157-4ba9-8ca0-1e159f3dc0e9: shutdown 0e8fc707-3157-4ba9-8ca0-1e159f3dc0e9@group-7A6015F1F07A-LeaderElection81
2020-12-17 06:17:14,988 [0e8fc707-3157-4ba9-8ca0-1e159f3dc0e9@group-7A6015F1F07A-LeaderElection81] INFO  impl.RaftServerImpl (RaftServerImpl.java:setRole(204)) - 0e8fc707-3157-4ba9-8ca0-1e159f3dc0e9@group-7A6015F1F07A: changes role from CANDIDATE to LEADER at term 1 for changeToLeader
2020-12-17 06:17:14,988 [0e8fc707-3157-4ba9-8ca0-1e159f3dc0e9@group-7A6015F1F07A-LeaderElection81] INFO  ratis.XceiverServerRatis (XceiverServerRatis.java:handleLeaderChangedNotification(854)) - Leader change notification received for group: group-7A6015F1F07A with new leaderId: 0e8fc707-3157-4ba9-8ca0-1e159f3dc0e9
2020-12-17 06:17:14,988 [0e8fc707-3157-4ba9-8ca0-1e159f3dc0e9@group-7A6015F1F07A-LeaderElection81] INFO  impl.RaftServerImpl (ServerState.java:setLeader(256)) - 0e8fc707-3157-4ba9-8ca0-1e159f3dc0e9@group-7A6015F1F07A: change Leader from null to 0e8fc707-3157-4ba9-8ca0-1e159f3dc0e9 at term 1 for becomeLeader, leader elected after 5147ms
2020-12-17 06:17:14,988 [0e8fc707-3157-4ba9-8ca0-1e159f3dc0e9@group-7A6015F1F07A-LeaderElection81] INFO  server.RaftServerConfigKeys (ConfUtils.java:logGet(44)) - raft.server.staging.catchup.gap = 1000 (default)
2020-12-17 06:17:14,988 [0e8fc707-3157-4ba9-8ca0-1e159f3dc0e9@group-7A6015F1F07A-LeaderElection81] INFO  server.RaftServerConfigKeys (ConfUtils.java:logGet(44)) - raft.server.rpc.sleep.time = 25ms (default)
2020-12-17 06:17:14,988 [0e8fc707-3157-4ba9-8ca0-1e159f3dc0e9@group-7A6015F1F07A-LeaderElection81] INFO  metrics.RatisMetrics (RatisMetrics.java:lambda$create$0(36)) - Creating Metrics Registry : ratis.log_appender.0e8fc707-3157-4ba9-8ca0-1e159f3dc0e9@group-7A6015F1F07A
2020-12-17 06:17:14,988 [0e8fc707-3157-4ba9-8ca0-1e159f3dc0e9@group-7A6015F1F07A-LeaderElection81] INFO  server.RaftServerConfigKeys (ConfUtils.java:logGet(44)) - raft.server.write.element-limit = 1024 (custom)
2020-12-17 06:17:14,989 [0e8fc707-3157-4ba9-8ca0-1e159f3dc0e9@group-7A6015F1F07A-LeaderElection81] INFO  server.RaftServerConfigKeys (ConfUtils.java:logGet(44)) - raft.server.write.byte-limit = 1073741824 (custom)
2020-12-17 06:17:14,990 [0e8fc707-3157-4ba9-8ca0-1e159f3dc0e9@group-7A6015F1F07A-LeaderElection81] INFO  server.RaftServerConfigKeys (ConfUtils.java:logGet(44)) - raft.server.watch.timeout = 180s (custom)
2020-12-17 06:17:14,990 [0e8fc707-3157-4ba9-8ca0-1e159f3dc0e9@group-7A6015F1F07A-LeaderElection81] INFO  server.RaftServerConfigKeys (ConfUtils.java:logGet(44)) - raft.server.watch.timeout.denomination = 1s (default)
2020-12-17 06:17:14,990 [0e8fc707-3157-4ba9-8ca0-1e159f3dc0e9@group-7A6015F1F07A-LeaderElection81] INFO  server.RaftServerConfigKeys (ConfUtils.java:logGet(44)) - raft.server.watch.element-limit = 65536 (default)
2020-12-17 06:17:14,990 [0e8fc707-3157-4ba9-8ca0-1e159f3dc0e9@group-7A6015F1F07A-LeaderElection81] INFO  impl.RoleInfo (RoleInfo.java:updateAndGet(143)) - 0e8fc707-3157-4ba9-8ca0-1e159f3dc0e9: start 0e8fc707-3157-4ba9-8ca0-1e159f3dc0e9@group-7A6015F1F07A-LeaderState
2020-12-17 06:17:14,990 [0e8fc707-3157-4ba9-8ca0-1e159f3dc0e9@group-7A6015F1F07A-LeaderElection81] INFO  segmented.SegmentedRaftLogWorker (SegmentedRaftLogWorker.java:startLogSegment(398)) - 0e8fc707-3157-4ba9-8ca0-1e159f3dc0e9@group-7A6015F1F07A-SegmentedRaftLogWorker: Starting segment from index:0
2020-12-17 06:17:14,993 [0e8fc707-3157-4ba9-8ca0-1e159f3dc0e9@group-7A6015F1F07A-LeaderElection81] INFO  impl.RaftServerImpl (ServerState.java:setRaftConf(374)) - 0e8fc707-3157-4ba9-8ca0-1e159f3dc0e9@group-7A6015F1F07A: set configuration 0: [0e8fc707-3157-4ba9-8ca0-1e159f3dc0e9|rpc:172.17.0.2:43839|dataStream:], old=null at 0
2020-12-17 06:17:14,994 [0e8fc707-3157-4ba9-8ca0-1e159f3dc0e9@group-7A6015F1F07A-SegmentedRaftLogWorker] INFO  segmented.SegmentedRaftLogWorker (SegmentedRaftLogWorker.java:execute(597)) - 0e8fc707-3157-4ba9-8ca0-1e159f3dc0e9@group-7A6015F1F07A-SegmentedRaftLogWorker: created new log segment /github/workspace/mnt/ozone/hadoop-ozone/integration-test/target/test-dir/MiniOzoneClusterImpl-b9d63ab2-cea4-44c4-9857-355e5256a975/datanode-1/data/ratis/34bd1f3b-6966-4254-a5a5-7a6015f1f07a/current/log_inprogress_0
2020-12-17 06:17:15,133 [Thread-5719] INFO  impl.FollowerState (FollowerState.java:run(128)) - 5c172e1d-997d-4dd3-baf9-9414c84d2cc3@group-E975F43F3C1E-FollowerState: change to CANDIDATE, lastRpcTime:5111ms, electionTimeout:5111ms
2020-12-17 06:17:15,133 [Thread-5719] INFO  impl.RoleInfo (RoleInfo.java:shutdownFollowerState(121)) - 5c172e1d-997d-4dd3-baf9-9414c84d2cc3: shutdown 5c172e1d-997d-4dd3-baf9-9414c84d2cc3@group-E975F43F3C1E-FollowerState
2020-12-17 06:17:15,133 [Thread-5719] INFO  impl.RaftServerImpl (RaftServerImpl.java:setRole(204)) - 5c172e1d-997d-4dd3-baf9-9414c84d2cc3@group-E975F43F3C1E: changes role from  FOLLOWER to CANDIDATE at term 0 for changeToCandidate
2020-12-17 06:17:15,133 [Thread-5719] INFO  impl.RoleInfo (RoleInfo.java:updateAndGet(143)) - 5c172e1d-997d-4dd3-baf9-9414c84d2cc3: start 5c172e1d-997d-4dd3-baf9-9414c84d2cc3@group-E975F43F3C1E-LeaderElection82
2020-12-17 06:17:15,137 [5c172e1d-997d-4dd3-baf9-9414c84d2cc3@group-E975F43F3C1E-LeaderElection82] INFO  impl.LeaderElection (LeaderElection.java:askForVotes(215)) - 5c172e1d-997d-4dd3-baf9-9414c84d2cc3@group-E975F43F3C1E-LeaderElection82: begin an election at term 1 for -1: [5c172e1d-997d-4dd3-baf9-9414c84d2cc3|rpc:172.17.0.2:45075], old=null
2020-12-17 06:17:15,137 [5c172e1d-997d-4dd3-baf9-9414c84d2cc3@group-E975F43F3C1E-LeaderElection82] INFO  impl.RoleInfo (RoleInfo.java:shutdownLeaderElection(134)) - 5c172e1d-997d-4dd3-baf9-9414c84d2cc3: shutdown 5c172e1d-997d-4dd3-baf9-9414c84d2cc3@group-E975F43F3C1E-LeaderElection82
2020-12-17 06:17:15,137 [5c172e1d-997d-4dd3-baf9-9414c84d2cc3@group-E975F43F3C1E-LeaderElection82] INFO  impl.RaftServerImpl (RaftServerImpl.java:setRole(204)) - 5c172e1d-997d-4dd3-baf9-9414c84d2cc3@group-E975F43F3C1E: changes role from CANDIDATE to LEADER at term 1 for changeToLeader
2020-12-17 06:17:15,137 [5c172e1d-997d-4dd3-baf9-9414c84d2cc3@group-E975F43F3C1E-LeaderElection82] INFO  ratis.XceiverServerRatis (XceiverServerRatis.java:handleLeaderChangedNotification(854)) - Leader change notification received for group: group-E975F43F3C1E with new leaderId: 5c172e1d-997d-4dd3-baf9-9414c84d2cc3
2020-12-17 06:17:15,137 [5c172e1d-997d-4dd3-baf9-9414c84d2cc3@group-E975F43F3C1E-LeaderElection82] INFO  impl.RaftServerImpl (ServerState.java:setLeader(256)) - 5c172e1d-997d-4dd3-baf9-9414c84d2cc3@group-E975F43F3C1E: change Leader from null to 5c172e1d-997d-4dd3-baf9-9414c84d2cc3 at term 1 for becomeLeader, leader elected after 5126ms
2020-12-17 06:17:15,137 [5c172e1d-997d-4dd3-baf9-9414c84d2cc3@group-E975F43F3C1E-LeaderElection82] INFO  server.RaftServerConfigKeys (ConfUtils.java:logGet(44)) - raft.server.staging.catchup.gap = 1000 (default)
2020-12-17 06:17:15,137 [5c172e1d-997d-4dd3-baf9-9414c84d2cc3@group-E975F43F3C1E-LeaderElection82] INFO  server.RaftServerConfigKeys (ConfUtils.java:logGet(44)) - raft.server.rpc.sleep.time = 25ms (default)
2020-12-17 06:17:15,137 [5c172e1d-997d-4dd3-baf9-9414c84d2cc3@group-E975F43F3C1E-LeaderElection82] INFO  metrics.RatisMetrics (RatisMetrics.java:lambda$create$0(36)) - Creating Metrics Registry : ratis.log_appender.5c172e1d-997d-4dd3-baf9-9414c84d2cc3@group-E975F43F3C1E
2020-12-17 06:17:15,138 [5c172e1d-997d-4dd3-baf9-9414c84d2cc3@group-E975F43F3C1E-LeaderElection82] INFO  server.RaftServerConfigKeys (ConfUtils.java:logGet(44)) - raft.server.write.element-limit = 1024 (custom)
2020-12-17 06:17:15,138 [5c172e1d-997d-4dd3-baf9-9414c84d2cc3@group-E975F43F3C1E-LeaderElection82] INFO  server.RaftServerConfigKeys (ConfUtils.java:logGet(44)) - raft.server.write.byte-limit = 1073741824 (custom)
2020-12-17 06:17:15,139 [5c172e1d-997d-4dd3-baf9-9414c84d2cc3@group-E975F43F3C1E-LeaderElection82] INFO  server.RaftServerConfigKeys (ConfUtils.java:logGet(44)) - raft.server.watch.timeout = 180s (custom)
2020-12-17 06:17:15,139 [5c172e1d-997d-4dd3-baf9-9414c84d2cc3@group-E975F43F3C1E-LeaderElection82] INFO  server.RaftServerConfigKeys (ConfUtils.java:logGet(44)) - raft.server.watch.timeout.denomination = 1s (default)
2020-12-17 06:17:15,139 [5c172e1d-997d-4dd3-baf9-9414c84d2cc3@group-E975F43F3C1E-LeaderElection82] INFO  server.RaftServerConfigKeys (ConfUtils.java:logGet(44)) - raft.server.watch.element-limit = 65536 (default)
2020-12-17 06:17:15,139 [5c172e1d-997d-4dd3-baf9-9414c84d2cc3@group-E975F43F3C1E-LeaderElection82] INFO  impl.RoleInfo (RoleInfo.java:updateAndGet(143)) - 5c172e1d-997d-4dd3-baf9-9414c84d2cc3: start 5c172e1d-997d-4dd3-baf9-9414c84d2cc3@group-E975F43F3C1E-LeaderState
2020-12-17 06:17:15,139 [5c172e1d-997d-4dd3-baf9-9414c84d2cc3@group-E975F43F3C1E-LeaderElection82] INFO  segmented.SegmentedRaftLogWorker (SegmentedRaftLogWorker.java:startLogSegment(398)) - 5c172e1d-997d-4dd3-baf9-9414c84d2cc3@group-E975F43F3C1E-SegmentedRaftLogWorker: Starting segment from index:0
2020-12-17 06:17:15,140 [5c172e1d-997d-4dd3-baf9-9414c84d2cc3@group-E975F43F3C1E-LeaderElection82] INFO  impl.RaftServerImpl (ServerState.java:setRaftConf(374)) - 5c172e1d-997d-4dd3-baf9-9414c84d2cc3@group-E975F43F3C1E: set configuration 0: [5c172e1d-997d-4dd3-baf9-9414c84d2cc3|rpc:172.17.0.2:45075|dataStream:], old=null at 0
2020-12-17 06:17:15,141 [5c172e1d-997d-4dd3-baf9-9414c84d2cc3@group-E975F43F3C1E-SegmentedRaftLogWorker] INFO  segmented.SegmentedRaftLogWorker (SegmentedRaftLogWorker.java:execute(597)) - 5c172e1d-997d-4dd3-baf9-9414c84d2cc3@group-E975F43F3C1E-SegmentedRaftLogWorker: created new log segment /github/workspace/mnt/ozone/hadoop-ozone/integration-test/target/test-dir/MiniOzoneClusterImpl-b9d63ab2-cea4-44c4-9857-355e5256a975/datanode-2/data/ratis/0e3738b0-5edd-444e-ad73-e975f43f3c1e/current/log_inprogress_0
2020-12-17 06:17:15,243 [Thread-5725] INFO  impl.FollowerState (FollowerState.java:run(128)) - af686100-7e6c-4b70-9ed6-519c9a6108c4@group-41C1B0E789D6-FollowerState: change to CANDIDATE, lastRpcTime:5020ms, electionTimeout:5020ms
2020-12-17 06:17:15,244 [Thread-5725] INFO  impl.RoleInfo (RoleInfo.java:shutdownFollowerState(121)) - af686100-7e6c-4b70-9ed6-519c9a6108c4: shutdown af686100-7e6c-4b70-9ed6-519c9a6108c4@group-41C1B0E789D6-FollowerState
2020-12-17 06:17:15,244 [Thread-5725] INFO  impl.RaftServerImpl (RaftServerImpl.java:setRole(204)) - af686100-7e6c-4b70-9ed6-519c9a6108c4@group-41C1B0E789D6: changes role from  FOLLOWER to CANDIDATE at term 0 for changeToCandidate
2020-12-17 06:17:15,244 [Thread-5725] INFO  impl.RoleInfo (RoleInfo.java:updateAndGet(143)) - af686100-7e6c-4b70-9ed6-519c9a6108c4: start af686100-7e6c-4b70-9ed6-519c9a6108c4@group-41C1B0E789D6-LeaderElection83
2020-12-17 06:17:15,247 [af686100-7e6c-4b70-9ed6-519c9a6108c4@group-41C1B0E789D6-LeaderElection83] INFO  impl.LeaderElection (LeaderElection.java:askForVotes(215)) - af686100-7e6c-4b70-9ed6-519c9a6108c4@group-41C1B0E789D6-LeaderElection83: begin an election at term 1 for -1: [af686100-7e6c-4b70-9ed6-519c9a6108c4|rpc:172.17.0.2:44771|dataStream:, 257b61ee-eb6d-48eb-bce8-7b671ec5e6a0|rpc:172.17.0.2:37929|dataStream:, ebe706cb-1bab-4194-9c59-b1279774a307|rpc:172.17.0.2:39937|dataStream:], old=null
2020-12-17 06:17:15,263 [grpc-default-executor-2] INFO  metrics.RatisMetrics (RatisMetrics.java:lambda$create$0(36)) - Creating Metrics Registry : ratis.server_message_metrics.257b61ee-eb6d-48eb-bce8-7b671ec5e6a0
2020-12-17 06:17:15,266 [grpc-default-executor-3] INFO  impl.RaftServerImpl (RaftServerImpl.java:setRole(204)) - 257b61ee-eb6d-48eb-bce8-7b671ec5e6a0@group-41C1B0E789D6: changes role from  FOLLOWER to FOLLOWER at term 1 for recognizeCandidate:af686100-7e6c-4b70-9ed6-519c9a6108c4
2020-12-17 06:17:15,266 [grpc-default-executor-3] INFO  impl.RoleInfo (RoleInfo.java:shutdownFollowerState(121)) - 257b61ee-eb6d-48eb-bce8-7b671ec5e6a0: shutdown 257b61ee-eb6d-48eb-bce8-7b671ec5e6a0@group-41C1B0E789D6-FollowerState
2020-12-17 06:17:15,266 [grpc-default-executor-3] INFO  impl.RoleInfo (RoleInfo.java:updateAndGet(143)) - 257b61ee-eb6d-48eb-bce8-7b671ec5e6a0: start 257b61ee-eb6d-48eb-bce8-7b671ec5e6a0@group-41C1B0E789D6-FollowerState
2020-12-17 06:17:15,266 [Thread-5723] INFO  impl.FollowerState (FollowerState.java:run(137)) - 257b61ee-eb6d-48eb-bce8-7b671ec5e6a0@group-41C1B0E789D6-FollowerState was interrupted: {}
java.lang.InterruptedException: sleep interrupted
	at java.lang.Thread.sleep(Native Method)
	at org.apache.ratis.util.JavaUtils.sleep(JavaUtils.java:250)
	at org.apache.ratis.server.impl.FollowerState.run(FollowerState.java:116)
2020-12-17 06:17:15,266 [grpc-default-executor-2] INFO  impl.RaftServerImpl (RaftServerImpl.java:setRole(204)) - ebe706cb-1bab-4194-9c59-b1279774a307@group-41C1B0E789D6: changes role from  FOLLOWER to FOLLOWER at term 1 for recognizeCandidate:af686100-7e6c-4b70-9ed6-519c9a6108c4
2020-12-17 06:17:15,267 [grpc-default-executor-2] INFO  impl.RoleInfo (RoleInfo.java:shutdownFollowerState(121)) - ebe706cb-1bab-4194-9c59-b1279774a307: shutdown ebe706cb-1bab-4194-9c59-b1279774a307@group-41C1B0E789D6-FollowerState
2020-12-17 06:17:15,267 [grpc-default-executor-2] INFO  impl.RoleInfo (RoleInfo.java:updateAndGet(143)) - ebe706cb-1bab-4194-9c59-b1279774a307: start ebe706cb-1bab-4194-9c59-b1279774a307@group-41C1B0E789D6-FollowerState
2020-12-17 06:17:15,266 [grpc-default-executor-3] INFO  impl.RaftServerImpl (RaftServerImpl.java:requestVote(963)) -  FOLLOWER 257b61ee-eb6d-48eb-bce8-7b671ec5e6a0@group-41C1B0E789D6:t1, leader=null, voted=null, raftlog=257b61ee-eb6d-48eb-bce8-7b671ec5e6a0@group-41C1B0E789D6-SegmentedRaftLog:OPENED:c-1,f-1,i0, conf=-1: [af686100-7e6c-4b70-9ed6-519c9a6108c4|rpc:172.17.0.2:44771, 257b61ee-eb6d-48eb-bce8-7b671ec5e6a0|rpc:172.17.0.2:37929, ebe706cb-1bab-4194-9c59-b1279774a307|rpc:172.17.0.2:39937], old=null RUNNING priority:0 candidate:af686100-7e6c-4b70-9ed6-519c9a6108c4|rpc:172.17.0.2:44771 candidatePriority:0 compare:0
2020-12-17 06:17:15,267 [grpc-default-executor-2] INFO  impl.RaftServerImpl (RaftServerImpl.java:requestVote(963)) -  FOLLOWER ebe706cb-1bab-4194-9c59-b1279774a307@group-41C1B0E789D6:t1, leader=null, voted=null, raftlog=ebe706cb-1bab-4194-9c59-b1279774a307@group-41C1B0E789D6-SegmentedRaftLog:OPENED:c-1,f-1,i0, conf=-1: [af686100-7e6c-4b70-9ed6-519c9a6108c4|rpc:172.17.0.2:44771|dataStream:, 257b61ee-eb6d-48eb-bce8-7b671ec5e6a0|rpc:172.17.0.2:37929|dataStream:, ebe706cb-1bab-4194-9c59-b1279774a307|rpc:172.17.0.2:39937|dataStream:], old=null RUNNING priority:0 candidate:af686100-7e6c-4b70-9ed6-519c9a6108c4|rpc:172.17.0.2:44771|dataStream: candidatePriority:0 compare:0
2020-12-17 06:17:15,267 [Thread-5728] INFO  impl.FollowerState (FollowerState.java:run(137)) - ebe706cb-1bab-4194-9c59-b1279774a307@group-41C1B0E789D6-FollowerState was interrupted: {}
java.lang.InterruptedException: sleep interrupted
	at java.lang.Thread.sleep(Native Method)
	at org.apache.ratis.util.JavaUtils.sleep(JavaUtils.java:250)
	at org.apache.ratis.server.impl.FollowerState.run(FollowerState.java:116)
2020-12-17 06:17:15,271 [af686100-7e6c-4b70-9ed6-519c9a6108c4@group-41C1B0E789D6-LeaderElection83] INFO  impl.LeaderElection (LeaderElection.java:logAndReturn(65)) - af686100-7e6c-4b70-9ed6-519c9a6108c4@group-41C1B0E789D6-LeaderElection83: Election PASSED; received 1 response(s) [af686100-7e6c-4b70-9ed6-519c9a6108c4<-ebe706cb-1bab-4194-9c59-b1279774a307#0:OK-t1] and 0 exception(s); af686100-7e6c-4b70-9ed6-519c9a6108c4@group-41C1B0E789D6:t1, leader=null, voted=af686100-7e6c-4b70-9ed6-519c9a6108c4, raftlog=af686100-7e6c-4b70-9ed6-519c9a6108c4@group-41C1B0E789D6-SegmentedRaftLog:OPENED:c-1,f-1,i0, conf=-1: [af686100-7e6c-4b70-9ed6-519c9a6108c4|rpc:172.17.0.2:44771|dataStream:, 257b61ee-eb6d-48eb-bce8-7b671ec5e6a0|rpc:172.17.0.2:37929|dataStream:, ebe706cb-1bab-4194-9c59-b1279774a307|rpc:172.17.0.2:39937|dataStream:], old=null
2020-12-17 06:17:15,271 [af686100-7e6c-4b70-9ed6-519c9a6108c4@group-41C1B0E789D6-LeaderElection83] INFO  impl.RoleInfo (RoleInfo.java:shutdownLeaderElection(134)) - af686100-7e6c-4b70-9ed6-519c9a6108c4: shutdown af686100-7e6c-4b70-9ed6-519c9a6108c4@group-41C1B0E789D6-LeaderElection83
2020-12-17 06:17:15,271 [af686100-7e6c-4b70-9ed6-519c9a6108c4@group-41C1B0E789D6-LeaderElection83] INFO  impl.RaftServerImpl (RaftServerImpl.java:setRole(204)) - af686100-7e6c-4b70-9ed6-519c9a6108c4@group-41C1B0E789D6: changes role from CANDIDATE to LEADER at term 1 for changeToLeader
2020-12-17 06:17:15,271 [af686100-7e6c-4b70-9ed6-519c9a6108c4@group-41C1B0E789D6-LeaderElection83] INFO  ratis.XceiverServerRatis (XceiverServerRatis.java:handleLeaderChangedNotification(854)) - Leader change notification received for group: group-41C1B0E789D6 with new leaderId: af686100-7e6c-4b70-9ed6-519c9a6108c4
2020-12-17 06:17:15,271 [af686100-7e6c-4b70-9ed6-519c9a6108c4@group-41C1B0E789D6-LeaderElection83] INFO  impl.RaftServerImpl (ServerState.java:setLeader(256)) - af686100-7e6c-4b70-9ed6-519c9a6108c4@group-41C1B0E789D6: change Leader from null to af686100-7e6c-4b70-9ed6-519c9a6108c4 at term 1 for becomeLeader, leader elected after 5056ms
2020-12-17 06:17:15,271 [af686100-7e6c-4b70-9ed6-519c9a6108c4@group-41C1B0E789D6-LeaderElection83] INFO  server.RaftServerConfigKeys (ConfUtils.java:logGet(44)) - raft.server.staging.catchup.gap = 1000 (default)
2020-12-17 06:17:15,271 [af686100-7e6c-4b70-9ed6-519c9a6108c4@group-41C1B0E789D6-LeaderElection83] INFO  server.RaftServerConfigKeys (ConfUtils.java:logGet(44)) - raft.server.rpc.sleep.time = 25ms (default)
2020-12-17 06:17:15,271 [af686100-7e6c-4b70-9ed6-519c9a6108c4@group-41C1B0E789D6-LeaderElection83] INFO  metrics.RatisMetrics (RatisMetrics.java:lambda$create$0(36)) - Creating Metrics Registry : ratis.log_appender.af686100-7e6c-4b70-9ed6-519c9a6108c4@group-41C1B0E789D6
2020-12-17 06:17:15,272 [af686100-7e6c-4b70-9ed6-519c9a6108c4@group-41C1B0E789D6-LeaderElection83] INFO  server.RaftServerConfigKeys (ConfUtils.java:logGet(44)) - raft.server.write.element-limit = 1024 (custom)
2020-12-17 06:17:15,272 [af686100-7e6c-4b70-9ed6-519c9a6108c4@group-41C1B0E789D6-LeaderElection83] INFO  server.RaftServerConfigKeys (ConfUtils.java:logGet(44)) - raft.server.write.byte-limit = 1073741824 (custom)
2020-12-17 06:17:15,272 [af686100-7e6c-4b70-9ed6-519c9a6108c4@group-41C1B0E789D6-LeaderElection83] INFO  server.RaftServerConfigKeys (ConfUtils.java:logGet(44)) - raft.server.watch.timeout = 180s (custom)
2020-12-17 06:17:15,273 [af686100-7e6c-4b70-9ed6-519c9a6108c4@group-41C1B0E789D6-LeaderElection83] INFO  server.RaftServerConfigKeys (ConfUtils.java:logGet(44)) - raft.server.watch.timeout.denomination = 1s (default)
2020-12-17 06:17:15,273 [af686100-7e6c-4b70-9ed6-519c9a6108c4@group-41C1B0E789D6-LeaderElection83] INFO  server.RaftServerConfigKeys (ConfUtils.java:logGet(44)) - raft.server.watch.element-limit = 65536 (default)
2020-12-17 06:17:15,273 [af686100-7e6c-4b70-9ed6-519c9a6108c4@group-41C1B0E789D6-LeaderElection83] INFO  server.RaftServerConfigKeys (ConfUtils.java:logGet(44)) - raft.server.log.appender.snapshot.chunk.size.max = 16MB (=16777216) (default)
2020-12-17 06:17:15,273 [af686100-7e6c-4b70-9ed6-519c9a6108c4@group-41C1B0E789D6-LeaderElection83] INFO  server.RaftServerConfigKeys (ConfUtils.java:logGet(44)) - raft.server.log.appender.buffer.byte-limit = 33554432 (custom)
2020-12-17 06:17:15,273 [af686100-7e6c-4b70-9ed6-519c9a6108c4@group-41C1B0E789D6-LeaderElection83] INFO  server.RaftServerConfigKeys (ConfUtils.java:logGet(44)) - raft.server.log.appender.buffer.element-limit = 1 (custom)
2020-12-17 06:17:15,273 [af686100-7e6c-4b70-9ed6-519c9a6108c4@group-41C1B0E789D6-LeaderElection83] INFO  grpc.GrpcConfigKeys (ConfUtils.java:logGet(44)) - raft.grpc.server.leader.outstanding.appends.max = 128 (default)
2020-12-17 06:17:15,273 [af686100-7e6c-4b70-9ed6-519c9a6108c4@group-41C1B0E789D6-LeaderElection83] INFO  server.RaftServerConfigKeys (ConfUtils.java:logGet(44)) - raft.server.rpc.request.timeout = 60s (custom)
2020-12-17 06:17:15,273 [af686100-7e6c-4b70-9ed6-519c9a6108c4@group-41C1B0E789D6-LeaderElection83] INFO  server.RaftServerConfigKeys (ConfUtils.java:logGet(44)) - raft.server.log.appender.install.snapshot.enabled = false (custom)
2020-12-17 06:17:15,273 [af686100-7e6c-4b70-9ed6-519c9a6108c4@group-41C1B0E789D6-LeaderElection83] INFO  metrics.RatisMetrics (RatisMetrics.java:lambda$create$0(36)) - Creating Metrics Registry : ratis_grpc.log_appender.af686100-7e6c-4b70-9ed6-519c9a6108c4@group-41C1B0E789D6
2020-12-17 06:17:15,276 [af686100-7e6c-4b70-9ed6-519c9a6108c4@group-41C1B0E789D6-LeaderElection83] INFO  server.RaftServerConfigKeys (ConfUtils.java:logGet(44)) - raft.server.log.appender.snapshot.chunk.size.max = 16MB (=16777216) (default)
2020-12-17 06:17:15,276 [af686100-7e6c-4b70-9ed6-519c9a6108c4@group-41C1B0E789D6-LeaderElection83] INFO  server.RaftServerConfigKeys (ConfUtils.java:logGet(44)) - raft.server.log.appender.buffer.byte-limit = 33554432 (custom)
2020-12-17 06:17:15,276 [af686100-7e6c-4b70-9ed6-519c9a6108c4@group-41C1B0E789D6-LeaderElection83] INFO  server.RaftServerConfigKeys (ConfUtils.java:logGet(44)) - raft.server.log.appender.buffer.element-limit = 1 (custom)
2020-12-17 06:17:15,276 [af686100-7e6c-4b70-9ed6-519c9a6108c4@group-41C1B0E789D6-LeaderElection83] INFO  grpc.GrpcConfigKeys (ConfUtils.java:logGet(44)) - raft.grpc.server.leader.outstanding.appends.max = 128 (default)
2020-12-17 06:17:15,276 [af686100-7e6c-4b70-9ed6-519c9a6108c4@group-41C1B0E789D6-LeaderElection83] INFO  server.RaftServerConfigKeys (ConfUtils.java:logGet(44)) - raft.server.rpc.request.timeout = 60s (custom)
2020-12-17 06:17:15,276 [af686100-7e6c-4b70-9ed6-519c9a6108c4@group-41C1B0E789D6-LeaderElection83] INFO  server.RaftServerConfigKeys (ConfUtils.java:logGet(44)) - raft.server.log.appender.install.snapshot.enabled = false (custom)
2020-12-17 06:17:15,276 [EventQueue-PipelineReportForPipelineReportHandler] INFO  pipeline.PipelineStateManager (PipelineStateManager.java:openPipeline(132)) - Pipeline Pipeline[ Id: bb6cccf3-5cf6-4045-9dbb-41c1b0e789d6, Nodes: 257b61ee-eb6d-48eb-bce8-7b671ec5e6a0{ip: 172.17.0.2, host: 647233daa2c6, networkLocation: /default-rack, certSerialId: null, persistedOpState: IN_SERVICE, persistedOpStateExpiryEpochSec: 0}af686100-7e6c-4b70-9ed6-519c9a6108c4{ip: 172.17.0.2, host: 647233daa2c6, networkLocation: /default-rack, certSerialId: null, persistedOpState: IN_SERVICE, persistedOpStateExpiryEpochSec: 0}ebe706cb-1bab-4194-9c59-b1279774a307{ip: 172.17.0.2, host: 647233daa2c6, networkLocation: /default-rack, certSerialId: null, persistedOpState: IN_SERVICE, persistedOpStateExpiryEpochSec: 0}, Type:RATIS, Factor:THREE, State:ALLOCATED, leaderId:af686100-7e6c-4b70-9ed6-519c9a6108c4, CreationTimestamp2020-12-17T06:17:07.528Z] moved to OPEN state
2020-12-17 06:17:15,279 [af686100-7e6c-4b70-9ed6-519c9a6108c4@group-41C1B0E789D6-LeaderElection83] INFO  impl.RoleInfo (RoleInfo.java:updateAndGet(143)) - af686100-7e6c-4b70-9ed6-519c9a6108c4: start af686100-7e6c-4b70-9ed6-519c9a6108c4@group-41C1B0E789D6-LeaderState
2020-12-17 06:17:15,280 [af686100-7e6c-4b70-9ed6-519c9a6108c4@group-41C1B0E789D6-LeaderElection83] INFO  segmented.SegmentedRaftLogWorker (SegmentedRaftLogWorker.java:startLogSegment(398)) - af686100-7e6c-4b70-9ed6-519c9a6108c4@group-41C1B0E789D6-SegmentedRaftLogWorker: Starting segment from index:0
2020-12-17 06:17:15,281 [af686100-7e6c-4b70-9ed6-519c9a6108c4@group-41C1B0E789D6-SegmentedRaftLogWorker] INFO  segmented.SegmentedRaftLogWorker (SegmentedRaftLogWorker.java:execute(597)) - af686100-7e6c-4b70-9ed6-519c9a6108c4@group-41C1B0E789D6-SegmentedRaftLogWorker: created new log segment /github/workspace/mnt/ozone/hadoop-ozone/integration-test/target/test-dir/MiniOzoneClusterImpl-b9d63ab2-cea4-44c4-9857-355e5256a975/datanode-5/data/ratis/bb6cccf3-5cf6-4045-9dbb-41c1b0e789d6/current/log_inprogress_0
2020-12-17 06:17:15,289 [af686100-7e6c-4b70-9ed6-519c9a6108c4@group-41C1B0E789D6-LeaderElection83] INFO  impl.RaftServerImpl (ServerState.java:setRaftConf(374)) - af686100-7e6c-4b70-9ed6-519c9a6108c4@group-41C1B0E789D6: set configuration 0: [af686100-7e6c-4b70-9ed6-519c9a6108c4|rpc:172.17.0.2:44771|dataStream:, 257b61ee-eb6d-48eb-bce8-7b671ec5e6a0|rpc:172.17.0.2:37929|dataStream:, ebe706cb-1bab-4194-9c59-b1279774a307|rpc:172.17.0.2:39937|dataStream:], old=null at 0
2020-12-17 06:17:15,294 [Thread-5721] INFO  impl.FollowerState (FollowerState.java:run(128)) - 257b61ee-eb6d-48eb-bce8-7b671ec5e6a0@group-023009F6BFB2-FollowerState: change to CANDIDATE, lastRpcTime:5106ms, electionTimeout:5104ms
2020-12-17 06:17:15,295 [Thread-5721] INFO  impl.RoleInfo (RoleInfo.java:shutdownFollowerState(121)) - 257b61ee-eb6d-48eb-bce8-7b671ec5e6a0: shutdown 257b61ee-eb6d-48eb-bce8-7b671ec5e6a0@group-023009F6BFB2-FollowerState
2020-12-17 06:17:15,295 [Thread-5721] INFO  impl.RaftServerImpl (RaftServerImpl.java:setRole(204)) - 257b61ee-eb6d-48eb-bce8-7b671ec5e6a0@group-023009F6BFB2: changes role from  FOLLOWER to CANDIDATE at term 0 for changeToCandidate
2020-12-17 06:17:15,295 [Thread-5721] INFO  impl.RoleInfo (RoleInfo.java:updateAndGet(143)) - 257b61ee-eb6d-48eb-bce8-7b671ec5e6a0: start 257b61ee-eb6d-48eb-bce8-7b671ec5e6a0@group-023009F6BFB2-LeaderElection84
2020-12-17 06:17:15,314 [grpc-default-executor-2] INFO  ratis.XceiverServerRatis (XceiverServerRatis.java:handleLeaderChangedNotification(854)) - Leader change notification received for group: group-41C1B0E789D6 with new leaderId: af686100-7e6c-4b70-9ed6-519c9a6108c4
2020-12-17 06:17:15,314 [grpc-default-executor-2] INFO  impl.RaftServerImpl (ServerState.java:setLeader(256)) - 257b61ee-eb6d-48eb-bce8-7b671ec5e6a0@group-41C1B0E789D6: change Leader from null to af686100-7e6c-4b70-9ed6-519c9a6108c4 at term 1 for appendEntries, leader elected after 5119ms
2020-12-17 06:17:15,314 [grpc-default-executor-5] INFO  ratis.XceiverServerRatis (XceiverServerRatis.java:handleLeaderChangedNotification(854)) - Leader change notification received for group: group-41C1B0E789D6 with new leaderId: af686100-7e6c-4b70-9ed6-519c9a6108c4
2020-12-17 06:17:15,314 [grpc-default-executor-5] INFO  impl.RaftServerImpl (ServerState.java:setLeader(256)) - ebe706cb-1bab-4194-9c59-b1279774a307@group-41C1B0E789D6: change Leader from null to af686100-7e6c-4b70-9ed6-519c9a6108c4 at term 1 for appendEntries, leader elected after 5069ms
2020-12-17 06:17:15,315 [257b61ee-eb6d-48eb-bce8-7b671ec5e6a0@group-023009F6BFB2-LeaderElection84] INFO  impl.LeaderElection (LeaderElection.java:askForVotes(215)) - 257b61ee-eb6d-48eb-bce8-7b671ec5e6a0@group-023009F6BFB2-LeaderElection84: begin an election at term 1 for -1: [257b61ee-eb6d-48eb-bce8-7b671ec5e6a0|rpc:172.17.0.2:37929], old=null
2020-12-17 06:17:15,315 [257b61ee-eb6d-48eb-bce8-7b671ec5e6a0@group-023009F6BFB2-LeaderElection84] INFO  impl.RoleInfo (RoleInfo.java:shutdownLeaderElection(134)) - 257b61ee-eb6d-48eb-bce8-7b671ec5e6a0: shutdown 257b61ee-eb6d-48eb-bce8-7b671ec5e6a0@group-023009F6BFB2-LeaderElection84
2020-12-17 06:17:15,315 [257b61ee-eb6d-48eb-bce8-7b671ec5e6a0@group-023009F6BFB2-LeaderElection84] INFO  impl.RaftServerImpl (RaftServerImpl.java:setRole(204)) - 257b61ee-eb6d-48eb-bce8-7b671ec5e6a0@group-023009F6BFB2: changes role from CANDIDATE to LEADER at term 1 for changeToLeader
2020-12-17 06:17:15,315 [257b61ee-eb6d-48eb-bce8-7b671ec5e6a0@group-023009F6BFB2-LeaderElection84] INFO  ratis.XceiverServerRatis (XceiverServerRatis.java:handleLeaderChangedNotification(854)) - Leader change notification received for group: group-023009F6BFB2 with new leaderId: 257b61ee-eb6d-48eb-bce8-7b671ec5e6a0
2020-12-17 06:17:15,316 [257b61ee-eb6d-48eb-bce8-7b671ec5e6a0@group-023009F6BFB2-LeaderElection84] INFO  impl.RaftServerImpl (ServerState.java:setLeader(256)) - 257b61ee-eb6d-48eb-bce8-7b671ec5e6a0@group-023009F6BFB2: change Leader from null to 257b61ee-eb6d-48eb-bce8-7b671ec5e6a0 at term 1 for becomeLeader, leader elected after 5136ms
2020-12-17 06:17:15,316 [257b61ee-eb6d-48eb-bce8-7b671ec5e6a0@group-023009F6BFB2-LeaderElection84] INFO  server.RaftServerConfigKeys (ConfUtils.java:logGet(44)) - raft.server.staging.catchup.gap = 1000 (default)
2020-12-17 06:17:15,316 [257b61ee-eb6d-48eb-bce8-7b671ec5e6a0@group-023009F6BFB2-LeaderElection84] INFO  server.RaftServerConfigKeys (ConfUtils.java:logGet(44)) - raft.server.rpc.sleep.time = 25ms (default)
2020-12-17 06:17:15,317 [257b61ee-eb6d-48eb-bce8-7b671ec5e6a0@group-023009F6BFB2-LeaderElection84] INFO  metrics.RatisMetrics (RatisMetrics.java:lambda$create$0(36)) - Creating Metrics Registry : ratis.log_appender.257b61ee-eb6d-48eb-bce8-7b671ec5e6a0@group-023009F6BFB2
2020-12-17 06:17:15,317 [257b61ee-eb6d-48eb-bce8-7b671ec5e6a0@group-023009F6BFB2-LeaderElection84] INFO  server.RaftServerConfigKeys (ConfUtils.java:logGet(44)) - raft.server.write.element-limit = 1024 (custom)
2020-12-17 06:17:15,317 [grpc-default-executor-5] INFO  impl.RaftServerImpl (ServerState.java:setRaftConf(374)) - ebe706cb-1bab-4194-9c59-b1279774a307@group-41C1B0E789D6: set configuration 0: [af686100-7e6c-4b70-9ed6-519c9a6108c4|rpc:172.17.0.2:44771|dataStream:, 257b61ee-eb6d-48eb-bce8-7b671ec5e6a0|rpc:172.17.0.2:37929|dataStream:, ebe706cb-1bab-4194-9c59-b1279774a307|rpc:172.17.0.2:39937|dataStream:], old=null at 0
2020-12-17 06:17:15,317 [257b61ee-eb6d-48eb-bce8-7b671ec5e6a0@group-023009F6BFB2-LeaderElection84] INFO  server.RaftServerConfigKeys (ConfUtils.java:logGet(44)) - raft.server.write.byte-limit = 1073741824 (custom)
2020-12-17 06:17:15,318 [grpc-default-executor-2] INFO  impl.RaftServerImpl (ServerState.java:setRaftConf(374)) - 257b61ee-eb6d-48eb-bce8-7b671ec5e6a0@group-41C1B0E789D6: set configuration 0: [af686100-7e6c-4b70-9ed6-519c9a6108c4|rpc:172.17.0.2:44771|dataStream:, 257b61ee-eb6d-48eb-bce8-7b671ec5e6a0|rpc:172.17.0.2:37929|dataStream:, ebe706cb-1bab-4194-9c59-b1279774a307|rpc:172.17.0.2:39937|dataStream:], old=null at 0
2020-12-17 06:17:15,321 [grpc-default-executor-5] INFO  segmented.SegmentedRaftLogWorker (SegmentedRaftLogWorker.java:startLogSegment(398)) - ebe706cb-1bab-4194-9c59-b1279774a307@group-41C1B0E789D6-SegmentedRaftLogWorker: Starting segment from index:0
2020-12-17 06:17:15,323 [grpc-default-executor-2] INFO  segmented.SegmentedRaftLogWorker (SegmentedRaftLogWorker.java:startLogSegment(398)) - 257b61ee-eb6d-48eb-bce8-7b671ec5e6a0@group-41C1B0E789D6-SegmentedRaftLogWorker: Starting segment from index:0
2020-12-17 06:17:15,327 [257b61ee-eb6d-48eb-bce8-7b671ec5e6a0@group-023009F6BFB2-LeaderElection84] INFO  server.RaftServerConfigKeys (ConfUtils.java:logGet(44)) - raft.server.watch.timeout = 180s (custom)
2020-12-17 06:17:15,328 [257b61ee-eb6d-48eb-bce8-7b671ec5e6a0@group-023009F6BFB2-LeaderElection84] INFO  server.RaftServerConfigKeys (ConfUtils.java:logGet(44)) - raft.server.watch.timeout.denomination = 1s (default)
2020-12-17 06:17:15,328 [257b61ee-eb6d-48eb-bce8-7b671ec5e6a0@group-023009F6BFB2-LeaderElection84] INFO  server.RaftServerConfigKeys (ConfUtils.java:logGet(44)) - raft.server.watch.element-limit = 65536 (default)
2020-12-17 06:17:15,328 [257b61ee-eb6d-48eb-bce8-7b671ec5e6a0@group-023009F6BFB2-LeaderElection84] INFO  impl.RoleInfo (RoleInfo.java:updateAndGet(143)) - 257b61ee-eb6d-48eb-bce8-7b671ec5e6a0: start 257b61ee-eb6d-48eb-bce8-7b671ec5e6a0@group-023009F6BFB2-LeaderState
2020-12-17 06:17:15,328 [ebe706cb-1bab-4194-9c59-b1279774a307@group-41C1B0E789D6-SegmentedRaftLogWorker] INFO  segmented.SegmentedRaftLogWorker (SegmentedRaftLogWorker.java:execute(597)) - ebe706cb-1bab-4194-9c59-b1279774a307@group-41C1B0E789D6-SegmentedRaftLogWorker: created new log segment /github/workspace/mnt/ozone/hadoop-ozone/integration-test/target/test-dir/MiniOzoneClusterImpl-b9d63ab2-cea4-44c4-9857-355e5256a975/datanode-4/data/ratis/bb6cccf3-5cf6-4045-9dbb-41c1b0e789d6/current/log_inprogress_0
2020-12-17 06:17:15,328 [257b61ee-eb6d-48eb-bce8-7b671ec5e6a0@group-41C1B0E789D6-SegmentedRaftLogWorker] INFO  segmented.SegmentedRaftLogWorker (SegmentedRaftLogWorker.java:execute(597)) - 257b61ee-eb6d-48eb-bce8-7b671ec5e6a0@group-41C1B0E789D6-SegmentedRaftLogWorker: created new log segment /github/workspace/mnt/ozone/hadoop-ozone/integration-test/target/test-dir/MiniOzoneClusterImpl-b9d63ab2-cea4-44c4-9857-355e5256a975/datanode-3/data/ratis/bb6cccf3-5cf6-4045-9dbb-41c1b0e789d6/current/log_inprogress_0
2020-12-17 06:17:15,329 [257b61ee-eb6d-48eb-bce8-7b671ec5e6a0@group-023009F6BFB2-LeaderElection84] INFO  segmented.SegmentedRaftLogWorker (SegmentedRaftLogWorker.java:startLogSegment(398)) - 257b61ee-eb6d-48eb-bce8-7b671ec5e6a0@group-023009F6BFB2-SegmentedRaftLogWorker: Starting segment from index:0
2020-12-17 06:17:15,332 [257b61ee-eb6d-48eb-bce8-7b671ec5e6a0@group-023009F6BFB2-SegmentedRaftLogWorker] INFO  segmented.SegmentedRaftLogWorker (SegmentedRaftLogWorker.java:execute(597)) - 257b61ee-eb6d-48eb-bce8-7b671ec5e6a0@group-023009F6BFB2-SegmentedRaftLogWorker: created new log segment /github/workspace/mnt/ozone/hadoop-ozone/integration-test/target/test-dir/MiniOzoneClusterImpl-b9d63ab2-cea4-44c4-9857-355e5256a975/datanode-3/data/ratis/c580aeca-e942-4d7b-9ad3-023009f6bfb2/current/log_inprogress_0
2020-12-17 06:17:15,335 [257b61ee-eb6d-48eb-bce8-7b671ec5e6a0@group-023009F6BFB2-LeaderElection84] INFO  impl.RaftServerImpl (ServerState.java:setRaftConf(374)) - 257b61ee-eb6d-48eb-bce8-7b671ec5e6a0@group-023009F6BFB2: set configuration 0: [257b61ee-eb6d-48eb-bce8-7b671ec5e6a0|rpc:172.17.0.2:37929|dataStream:], old=null at 0
2020-12-17 06:17:15,351 [org.apache.ratis.server.JvmPauseMonitor@9893f36-Monitor] WARN  server.JvmPauseMonitor (JvmPauseMonitor.java:run(141)) - Detected pause in JVM or host machine (eg GC): pause of approximately 6ms
GC pool 'PS Scavenge' had collection(s): count=1 time=65ms
2020-12-17 06:17:15,410 [Thread-5731] INFO  impl.FollowerState (FollowerState.java:run(128)) - ebe706cb-1bab-4194-9c59-b1279774a307@group-24DC147E2EB2-FollowerState: change to CANDIDATE, lastRpcTime:5049ms, electionTimeout:5048ms
2020-12-17 06:17:15,410 [Thread-5731] INFO  impl.RoleInfo (RoleInfo.java:shutdownFollowerState(121)) - ebe706cb-1bab-4194-9c59-b1279774a307: shutdown ebe706cb-1bab-4194-9c59-b1279774a307@group-24DC147E2EB2-FollowerState
2020-12-17 06:17:15,410 [Thread-5731] INFO  impl.RaftServerImpl (RaftServerImpl.java:setRole(204)) - ebe706cb-1bab-4194-9c59-b1279774a307@group-24DC147E2EB2: changes role from  FOLLOWER to CANDIDATE at term 0 for changeToCandidate
2020-12-17 06:17:15,410 [Thread-5731] INFO  impl.RoleInfo (RoleInfo.java:updateAndGet(143)) - ebe706cb-1bab-4194-9c59-b1279774a307: start ebe706cb-1bab-4194-9c59-b1279774a307@group-24DC147E2EB2-LeaderElection85
2020-12-17 06:17:15,413 [ebe706cb-1bab-4194-9c59-b1279774a307@group-24DC147E2EB2-LeaderElection85] INFO  impl.LeaderElection (LeaderElection.java:askForVotes(215)) - ebe706cb-1bab-4194-9c59-b1279774a307@group-24DC147E2EB2-LeaderElection85: begin an election at term 1 for -1: [ebe706cb-1bab-4194-9c59-b1279774a307|rpc:172.17.0.2:39937], old=null
2020-12-17 06:17:15,413 [ebe706cb-1bab-4194-9c59-b1279774a307@group-24DC147E2EB2-LeaderElection85] INFO  impl.RoleInfo (RoleInfo.java:shutdownLeaderElection(134)) - ebe706cb-1bab-4194-9c59-b1279774a307: shutdown ebe706cb-1bab-4194-9c59-b1279774a307@group-24DC147E2EB2-LeaderElection85
2020-12-17 06:17:15,413 [ebe706cb-1bab-4194-9c59-b1279774a307@group-24DC147E2EB2-LeaderElection85] INFO  impl.RaftServerImpl (RaftServerImpl.java:setRole(204)) - ebe706cb-1bab-4194-9c59-b1279774a307@group-24DC147E2EB2: changes role from CANDIDATE to LEADER at term 1 for changeToLeader
2020-12-17 06:17:15,413 [ebe706cb-1bab-4194-9c59-b1279774a307@group-24DC147E2EB2-LeaderElection85] INFO  ratis.XceiverServerRatis (XceiverServerRatis.java:handleLeaderChangedNotification(854)) - Leader change notification received for group: group-24DC147E2EB2 with new leaderId: ebe706cb-1bab-4194-9c59-b1279774a307
2020-12-17 06:17:15,413 [ebe706cb-1bab-4194-9c59-b1279774a307@group-24DC147E2EB2-LeaderElection85] INFO  impl.RaftServerImpl (ServerState.java:setLeader(256)) - ebe706cb-1bab-4194-9c59-b1279774a307@group-24DC147E2EB2: change Leader from null to ebe706cb-1bab-4194-9c59-b1279774a307 at term 1 for becomeLeader, leader elected after 5062ms
2020-12-17 06:17:15,413 [ebe706cb-1bab-4194-9c59-b1279774a307@group-24DC147E2EB2-LeaderElection85] INFO  server.RaftServerConfigKeys (ConfUtils.java:logGet(44)) - raft.server.staging.catchup.gap = 1000 (default)
2020-12-17 06:17:15,413 [ebe706cb-1bab-4194-9c59-b1279774a307@group-24DC147E2EB2-LeaderElection85] INFO  server.RaftServerConfigKeys (ConfUtils.java:logGet(44)) - raft.server.rpc.sleep.time = 25ms (default)
2020-12-17 06:17:15,413 [ebe706cb-1bab-4194-9c59-b1279774a307@group-24DC147E2EB2-LeaderElection85] INFO  metrics.RatisMetrics (RatisMetrics.java:lambda$create$0(36)) - Creating Metrics Registry : ratis.log_appender.ebe706cb-1bab-4194-9c59-b1279774a307@group-24DC147E2EB2
2020-12-17 06:17:15,414 [ebe706cb-1bab-4194-9c59-b1279774a307@group-24DC147E2EB2-LeaderElection85] INFO  server.RaftServerConfigKeys (ConfUtils.java:logGet(44)) - raft.server.write.element-limit = 1024 (custom)
2020-12-17 06:17:15,414 [ebe706cb-1bab-4194-9c59-b1279774a307@group-24DC147E2EB2-LeaderElection85] INFO  server.RaftServerConfigKeys (ConfUtils.java:logGet(44)) - raft.server.write.byte-limit = 1073741824 (custom)
2020-12-17 06:17:15,415 [ebe706cb-1bab-4194-9c59-b1279774a307@group-24DC147E2EB2-LeaderElection85] INFO  server.RaftServerConfigKeys (ConfUtils.java:logGet(44)) - raft.server.watch.timeout = 180s (custom)
2020-12-17 06:17:15,415 [ebe706cb-1bab-4194-9c59-b1279774a307@group-24DC147E2EB2-LeaderElection85] INFO  server.RaftServerConfigKeys (ConfUtils.java:logGet(44)) - raft.server.watch.timeout.denomination = 1s (default)
2020-12-17 06:17:15,415 [ebe706cb-1bab-4194-9c59-b1279774a307@group-24DC147E2EB2-LeaderElection85] INFO  server.RaftServerConfigKeys (ConfUtils.java:logGet(44)) - raft.server.watch.element-limit = 65536 (default)
2020-12-17 06:17:15,415 [ebe706cb-1bab-4194-9c59-b1279774a307@group-24DC147E2EB2-LeaderElection85] INFO  impl.RoleInfo (RoleInfo.java:updateAndGet(143)) - ebe706cb-1bab-4194-9c59-b1279774a307: start ebe706cb-1bab-4194-9c59-b1279774a307@group-24DC147E2EB2-LeaderState
2020-12-17 06:17:15,416 [ebe706cb-1bab-4194-9c59-b1279774a307@group-24DC147E2EB2-LeaderElection85] INFO  segmented.SegmentedRaftLogWorker (SegmentedRaftLogWorker.java:startLogSegment(398)) - ebe706cb-1bab-4194-9c59-b1279774a307@group-24DC147E2EB2-SegmentedRaftLogWorker: Starting segment from index:0
2020-12-17 06:17:15,417 [ebe706cb-1bab-4194-9c59-b1279774a307@group-24DC147E2EB2-LeaderElection85] INFO  impl.RaftServerImpl (ServerState.java:setRaftConf(374)) - ebe706cb-1bab-4194-9c59-b1279774a307@group-24DC147E2EB2: set configuration 0: [ebe706cb-1bab-4194-9c59-b1279774a307|rpc:172.17.0.2:39937|dataStream:], old=null at 0
2020-12-17 06:17:15,417 [ebe706cb-1bab-4194-9c59-b1279774a307@group-24DC147E2EB2-SegmentedRaftLogWorker] INFO  segmented.SegmentedRaftLogWorker (SegmentedRaftLogWorker.java:execute(597)) - ebe706cb-1bab-4194-9c59-b1279774a307@group-24DC147E2EB2-SegmentedRaftLogWorker: created new log segment /github/workspace/mnt/ozone/hadoop-ozone/integration-test/target/test-dir/MiniOzoneClusterImpl-b9d63ab2-cea4-44c4-9857-355e5256a975/datanode-4/data/ratis/f7dc8530-5d59-4fc6-81e7-24dc147e2eb2/current/log_inprogress_0
2020-12-17 06:17:15,524 [Listener at 127.0.0.1/38219] INFO  ozone.MiniOzoneClusterImpl (MiniOzoneClusterImpl.java:lambda$waitForClusterToBeReady$0(178)) - Nodes are ready. Got 6 of 6 DN Heartbeats.
2020-12-17 06:17:15,524 [Listener at 127.0.0.1/38219] INFO  ozone.MiniOzoneClusterImpl (MiniOzoneClusterImpl.java:lambda$waitForClusterToBeReady$0(181)) - Cluster exits safe mode
2020-12-17 06:17:15,553 [Listener at 127.0.0.1/38219] INFO  rpc.RpcClient (RpcClient.java:createVolume(273)) - Creating Volume: vol1, with user59978 as owner.
2020-12-17 06:17:15,554 [IPC Server handler 1 on default port 38219] INFO  volume.OMVolumeCreateRequest (OMVolumeCreateRequest.java:validateAndUpdateCache(196)) - created volume:vol1 for user:user59978
2020-12-17 06:17:15,558 [Listener at 127.0.0.1/38219] INFO  rpc.RpcClient (RpcClient.java:createBucket(429)) - Creating Bucket: vol1/bucket1, with Versioning false and Storage Type set to DISK and Encryption set to false 
2020-12-17 06:17:15,709 [Thread-5733] INFO  impl.FollowerState (FollowerState.java:run(128)) - af686100-7e6c-4b70-9ed6-519c9a6108c4@group-500FCD4A5E49-FollowerState: change to CANDIDATE, lastRpcTime:5167ms, electionTimeout:5167ms
2020-12-17 06:17:15,710 [Thread-5733] INFO  impl.RoleInfo (RoleInfo.java:shutdownFollowerState(121)) - af686100-7e6c-4b70-9ed6-519c9a6108c4: shutdown af686100-7e6c-4b70-9ed6-519c9a6108c4@group-500FCD4A5E49-FollowerState
2020-12-17 06:17:15,710 [Thread-5733] INFO  impl.RaftServerImpl (RaftServerImpl.java:setRole(204)) - af686100-7e6c-4b70-9ed6-519c9a6108c4@group-500FCD4A5E49: changes role from  FOLLOWER to CANDIDATE at term 0 for changeToCandidate
2020-12-17 06:17:15,710 [Thread-5733] INFO  impl.RoleInfo (RoleInfo.java:updateAndGet(143)) - af686100-7e6c-4b70-9ed6-519c9a6108c4: start af686100-7e6c-4b70-9ed6-519c9a6108c4@group-500FCD4A5E49-LeaderElection86
2020-12-17 06:17:15,714 [af686100-7e6c-4b70-9ed6-519c9a6108c4@group-500FCD4A5E49-LeaderElection86] INFO  impl.LeaderElection (LeaderElection.java:askForVotes(215)) - af686100-7e6c-4b70-9ed6-519c9a6108c4@group-500FCD4A5E49-LeaderElection86: begin an election at term 1 for -1: [af686100-7e6c-4b70-9ed6-519c9a6108c4|rpc:172.17.0.2:44771], old=null
2020-12-17 06:17:15,714 [af686100-7e6c-4b70-9ed6-519c9a6108c4@group-500FCD4A5E49-LeaderElection86] INFO  impl.RoleInfo (RoleInfo.java:shutdownLeaderElection(134)) - af686100-7e6c-4b70-9ed6-519c9a6108c4: shutdown af686100-7e6c-4b70-9ed6-519c9a6108c4@group-500FCD4A5E49-LeaderElection86
2020-12-17 06:17:15,714 [af686100-7e6c-4b70-9ed6-519c9a6108c4@group-500FCD4A5E49-LeaderElection86] INFO  impl.RaftServerImpl (RaftServerImpl.java:setRole(204)) - af686100-7e6c-4b70-9ed6-519c9a6108c4@group-500FCD4A5E49: changes role from CANDIDATE to LEADER at term 1 for changeToLeader
2020-12-17 06:17:15,714 [af686100-7e6c-4b70-9ed6-519c9a6108c4@group-500FCD4A5E49-LeaderElection86] INFO  ratis.XceiverServerRatis (XceiverServerRatis.java:handleLeaderChangedNotification(854)) - Leader change notification received for group: group-500FCD4A5E49 with new leaderId: af686100-7e6c-4b70-9ed6-519c9a6108c4
2020-12-17 06:17:15,714 [af686100-7e6c-4b70-9ed6-519c9a6108c4@group-500FCD4A5E49-LeaderElection86] INFO  impl.RaftServerImpl (ServerState.java:setLeader(256)) - af686100-7e6c-4b70-9ed6-519c9a6108c4@group-500FCD4A5E49: change Leader from null to af686100-7e6c-4b70-9ed6-519c9a6108c4 at term 1 for becomeLeader, leader elected after 5181ms
2020-12-17 06:17:15,714 [af686100-7e6c-4b70-9ed6-519c9a6108c4@group-500FCD4A5E49-LeaderElection86] INFO  server.RaftServerConfigKeys (ConfUtils.java:logGet(44)) - raft.server.staging.catchup.gap = 1000 (default)
2020-12-17 06:17:15,714 [af686100-7e6c-4b70-9ed6-519c9a6108c4@group-500FCD4A5E49-LeaderElection86] INFO  server.RaftServerConfigKeys (ConfUtils.java:logGet(44)) - raft.server.rpc.sleep.time = 25ms (default)
2020-12-17 06:17:15,714 [af686100-7e6c-4b70-9ed6-519c9a6108c4@group-500FCD4A5E49-LeaderElection86] INFO  metrics.RatisMetrics (RatisMetrics.java:lambda$create$0(36)) - Creating Metrics Registry : ratis.log_appender.af686100-7e6c-4b70-9ed6-519c9a6108c4@group-500FCD4A5E49
2020-12-17 06:17:15,715 [af686100-7e6c-4b70-9ed6-519c9a6108c4@group-500FCD4A5E49-LeaderElection86] INFO  server.RaftServerConfigKeys (ConfUtils.java:logGet(44)) - raft.server.write.element-limit = 1024 (custom)
2020-12-17 06:17:15,715 [af686100-7e6c-4b70-9ed6-519c9a6108c4@group-500FCD4A5E49-LeaderElection86] INFO  server.RaftServerConfigKeys (ConfUtils.java:logGet(44)) - raft.server.write.byte-limit = 1073741824 (custom)
2020-12-17 06:17:15,715 [af686100-7e6c-4b70-9ed6-519c9a6108c4@group-500FCD4A5E49-LeaderElection86] INFO  server.RaftServerConfigKeys (ConfUtils.java:logGet(44)) - raft.server.watch.timeout = 180s (custom)
2020-12-17 06:17:15,716 [af686100-7e6c-4b70-9ed6-519c9a6108c4@group-500FCD4A5E49-LeaderElection86] INFO  server.RaftServerConfigKeys (ConfUtils.java:logGet(44)) - raft.server.watch.timeout.denomination = 1s (default)
2020-12-17 06:17:15,716 [af686100-7e6c-4b70-9ed6-519c9a6108c4@group-500FCD4A5E49-LeaderElection86] INFO  server.RaftServerConfigKeys (ConfUtils.java:logGet(44)) - raft.server.watch.element-limit = 65536 (default)
2020-12-17 06:17:15,716 [af686100-7e6c-4b70-9ed6-519c9a6108c4@group-500FCD4A5E49-LeaderElection86] INFO  impl.RoleInfo (RoleInfo.java:updateAndGet(143)) - af686100-7e6c-4b70-9ed6-519c9a6108c4: start af686100-7e6c-4b70-9ed6-519c9a6108c4@group-500FCD4A5E49-LeaderState
2020-12-17 06:17:15,716 [af686100-7e6c-4b70-9ed6-519c9a6108c4@group-500FCD4A5E49-LeaderElection86] INFO  segmented.SegmentedRaftLogWorker (SegmentedRaftLogWorker.java:startLogSegment(398)) - af686100-7e6c-4b70-9ed6-519c9a6108c4@group-500FCD4A5E49-SegmentedRaftLogWorker: Starting segment from index:0
2020-12-17 06:17:15,717 [af686100-7e6c-4b70-9ed6-519c9a6108c4@group-500FCD4A5E49-LeaderElection86] INFO  impl.RaftServerImpl (ServerState.java:setRaftConf(374)) - af686100-7e6c-4b70-9ed6-519c9a6108c4@group-500FCD4A5E49: set configuration 0: [af686100-7e6c-4b70-9ed6-519c9a6108c4|rpc:172.17.0.2:44771|dataStream:], old=null at 0
2020-12-17 06:17:15,725 [af686100-7e6c-4b70-9ed6-519c9a6108c4@group-500FCD4A5E49-SegmentedRaftLogWorker] INFO  segmented.SegmentedRaftLogWorker (SegmentedRaftLogWorker.java:execute(597)) - af686100-7e6c-4b70-9ed6-519c9a6108c4@group-500FCD4A5E49-SegmentedRaftLogWorker: created new log segment /github/workspace/mnt/ozone/hadoop-ozone/integration-test/target/test-dir/MiniOzoneClusterImpl-b9d63ab2-cea4-44c4-9857-355e5256a975/datanode-5/data/ratis/cc6c1aff-968e-4c79-bcea-500fcd4a5e49/current/log_inprogress_0
2020-12-17 06:17:17,847 [EventQueue-Delayed safe mode statusForReplicationManager] INFO  container.ReplicationManager (ReplicationManager.java:start(186)) - Starting Replication Monitor Thread.
2020-12-17 06:17:17,851 [ReplicationMonitor] INFO  container.ReplicationManager (ReplicationManager.java:run(250)) - Replication Monitor Thread took 0 milliseconds for processing 0 containers.
2020-12-17 06:17:17,963 [Listener at 127.0.0.1/38219] INFO  container.ReplicationManager (ReplicationManager.java:stop(227)) - Stopping Replication Monitor Thread.
2020-12-17 06:17:17,974 [Listener at 127.0.0.1/38219] INFO  metrics.RatisMetrics (RatisMetrics.java:lambda$create$0(36)) - Creating Metrics Registry : ratis.client_message_metrics.client-F91630DD9842->498f54dd-f545-4970-aaf6-8938e8aa224a
2020-12-17 06:17:17,979 [grpc-default-executor-2] INFO  metrics.RatisMetrics (RatisMetrics.java:lambda$create$0(36)) - Creating Metrics Registry : ratis.server_message_metrics.498f54dd-f545-4970-aaf6-8938e8aa224a
2020-12-17 06:17:18,119 [Listener at 127.0.0.1/38219] INFO  metrics.RatisMetrics (RatisMetrics.java:lambda$create$0(36)) - Creating Metrics Registry : ratis.client_message_metrics.client-0668ABB836FB->af686100-7e6c-4b70-9ed6-519c9a6108c4
2020-12-17 06:17:23,548 [IPC Server handler 3 on default port 41535] INFO  node.NodeDecommissionManager (NodeDecommissionManager.java:startMaintenance(344)) - Starting Maintenance for node 498f54dd-f545-4970-aaf6-8938e8aa224a{ip: 172.17.0.2, host: 647233daa2c6, networkLocation: /default-rack, certSerialId: null, persistedOpState: IN_SERVICE, persistedOpStateExpiryEpochSec: 0}
2020-12-17 06:17:23,548 [IPC Server handler 3 on default port 41535] INFO  node.NodeDecommissionManager (NodeDecommissionManager.java:startMaintenance(344)) - Starting Maintenance for node 5c172e1d-997d-4dd3-baf9-9414c84d2cc3{ip: 172.17.0.2, host: 647233daa2c6, networkLocation: /default-rack, certSerialId: null, persistedOpState: IN_SERVICE, persistedOpStateExpiryEpochSec: 0}
2020-12-17 06:17:23,548 [IPC Server handler 3 on default port 41535] INFO  node.NodeDecommissionManager (NodeDecommissionManager.java:startMaintenance(344)) - Starting Maintenance for node 0e8fc707-3157-4ba9-8ca0-1e159f3dc0e9{ip: 172.17.0.2, host: 647233daa2c6, networkLocation: /default-rack, certSerialId: null, persistedOpState: IN_SERVICE, persistedOpStateExpiryEpochSec: 0}
2020-12-17 06:17:24,101 [IPC Server handler 16 on default port 40601] INFO  node.SCMNodeManager (SCMNodeManager.java:updateDatanodeOpState(419)) - Scheduling a command to update the operationalState persisted on the datanode as the reported value (IN_SERVICE, 0) does not match the value stored in SCM (ENTERING_MAINTENANCE, 0)
2020-12-17 06:17:24,101 [IPC Server handler 16 on default port 40601] INFO  node.SCMNodeManager (SCMNodeManager.java:updateDatanodeOpState(419)) - Scheduling a command to update the operationalState persisted on the datanode as the reported value (IN_SERVICE, 0) does not match the value stored in SCM (ENTERING_MAINTENANCE, 0)
2020-12-17 06:17:24,107 [IPC Server handler 19 on default port 40601] INFO  node.SCMNodeManager (SCMNodeManager.java:updateDatanodeOpState(419)) - Scheduling a command to update the operationalState persisted on the datanode as the reported value (IN_SERVICE, 0) does not match the value stored in SCM (ENTERING_MAINTENANCE, 0)
2020-12-17 06:17:24,258 [DatanodeAdminManager-0] INFO  node.DatanodeAdminMonitorImpl (DatanodeAdminMonitorImpl.java:checkPipelinesClosedOnNode(267)) - Waiting for pipelines to close for 5c172e1d-997d-4dd3-baf9-9414c84d2cc3{ip: 172.17.0.2, host: 647233daa2c6, networkLocation: /default-rack, certSerialId: null, persistedOpState: IN_SERVICE, persistedOpStateExpiryEpochSec: 0}. There are 2 pipelines
2020-12-17 06:17:24,258 [EventQueue-StartAdminOnNodeForStartDatanodeAdminHandler] INFO  node.StartDatanodeAdminHandler (StartDatanodeAdminHandler.java:onMessage(56)) - Admin start on datanode 498f54dd-f545-4970-aaf6-8938e8aa224a{ip: 172.17.0.2, host: 647233daa2c6, networkLocation: /default-rack, certSerialId: null, persistedOpState: IN_SERVICE, persistedOpStateExpiryEpochSec: 0}. Finalizing its pipelines [PipelineID=0769a2cb-477e-42c6-8fa5-1d44ebe411ff, PipelineID=4b68c00b-152b-44f6-8d9e-3c8bee36b590]
2020-12-17 06:17:24,259 [EventQueue-StartAdminOnNodeForStartDatanodeAdminHandler] INFO  pipeline.SCMPipelineManager (SCMPipelineManager.java:finalizeAndDestroyPipeline(482)) - Destroying pipeline:Pipeline[ Id: 0769a2cb-477e-42c6-8fa5-1d44ebe411ff, Nodes: 0e8fc707-3157-4ba9-8ca0-1e159f3dc0e9{ip: 172.17.0.2, host: 647233daa2c6, networkLocation: /default-rack, certSerialId: null, persistedOpState: IN_SERVICE, persistedOpStateExpiryEpochSec: 0}5c172e1d-997d-4dd3-baf9-9414c84d2cc3{ip: 172.17.0.2, host: 647233daa2c6, networkLocation: /default-rack, certSerialId: null, persistedOpState: IN_SERVICE, persistedOpStateExpiryEpochSec: 0}498f54dd-f545-4970-aaf6-8938e8aa224a{ip: 172.17.0.2, host: 647233daa2c6, networkLocation: /default-rack, certSerialId: null, persistedOpState: IN_SERVICE, persistedOpStateExpiryEpochSec: 0}, Type:RATIS, Factor:THREE, State:OPEN, leaderId:498f54dd-f545-4970-aaf6-8938e8aa224a, CreationTimestamp2020-12-17T06:17:07.007Z]
2020-12-17 06:17:24,258 [DatanodeAdminManager-0] INFO  node.DatanodeAdminMonitorImpl (DatanodeAdminMonitorImpl.java:checkPipelinesClosedOnNode(267)) - Waiting for pipelines to close for 0e8fc707-3157-4ba9-8ca0-1e159f3dc0e9{ip: 172.17.0.2, host: 647233daa2c6, networkLocation: /default-rack, certSerialId: null, persistedOpState: IN_SERVICE, persistedOpStateExpiryEpochSec: 0}. There are 2 pipelines
2020-12-17 06:17:24,259 [DatanodeAdminManager-0] INFO  node.DatanodeAdminMonitorImpl (DatanodeAdminMonitorImpl.java:checkPipelinesClosedOnNode(267)) - Waiting for pipelines to close for 498f54dd-f545-4970-aaf6-8938e8aa224a{ip: 172.17.0.2, host: 647233daa2c6, networkLocation: /default-rack, certSerialId: null, persistedOpState: IN_SERVICE, persistedOpStateExpiryEpochSec: 0}. There are 2 pipelines
2020-12-17 06:17:24,259 [DatanodeAdminManager-0] INFO  node.DatanodeAdminMonitorImpl (DatanodeAdminMonitorImpl.java:run(136)) - There are 3 nodes tracked for decommission and maintenance. 0 pending nodes.
2020-12-17 06:17:24,259 [EventQueue-StartAdminOnNodeForStartDatanodeAdminHandler] INFO  pipeline.PipelineStateManager (PipelineStateManager.java:finalizePipeline(121)) - Pipeline Pipeline[ Id: 0769a2cb-477e-42c6-8fa5-1d44ebe411ff, Nodes: 0e8fc707-3157-4ba9-8ca0-1e159f3dc0e9{ip: 172.17.0.2, host: 647233daa2c6, networkLocation: /default-rack, certSerialId: null, persistedOpState: IN_SERVICE, persistedOpStateExpiryEpochSec: 0}5c172e1d-997d-4dd3-baf9-9414c84d2cc3{ip: 172.17.0.2, host: 647233daa2c6, networkLocation: /default-rack, certSerialId: null, persistedOpState: IN_SERVICE, persistedOpStateExpiryEpochSec: 0}498f54dd-f545-4970-aaf6-8938e8aa224a{ip: 172.17.0.2, host: 647233daa2c6, networkLocation: /default-rack, certSerialId: null, persistedOpState: IN_SERVICE, persistedOpStateExpiryEpochSec: 0}, Type:RATIS, Factor:THREE, State:CLOSED, leaderId:498f54dd-f545-4970-aaf6-8938e8aa224a, CreationTimestamp2020-12-17T06:17:07.007Z] moved to CLOSED state
2020-12-17 06:17:24,259 [EventQueue-StartAdminOnNodeForStartDatanodeAdminHandler] INFO  pipeline.RatisPipelineProvider (RatisPipelineProvider.java:lambda$close$1(199)) - Send pipeline:PipelineID=0769a2cb-477e-42c6-8fa5-1d44ebe411ff close command to datanode 0e8fc707-3157-4ba9-8ca0-1e159f3dc0e9
2020-12-17 06:17:24,259 [EventQueue-CloseContainerForCloseContainerEventHandler] INFO  container.CloseContainerEventHandler (CloseContainerEventHandler.java:onMessage(61)) - Close container Event triggered for container : #1
2020-12-17 06:17:24,259 [EventQueue-StartAdminOnNodeForStartDatanodeAdminHandler] INFO  pipeline.RatisPipelineProvider (RatisPipelineProvider.java:lambda$close$1(199)) - Send pipeline:PipelineID=0769a2cb-477e-42c6-8fa5-1d44ebe411ff close command to datanode 5c172e1d-997d-4dd3-baf9-9414c84d2cc3
2020-12-17 06:17:24,260 [EventQueue-StartAdminOnNodeForStartDatanodeAdminHandler] INFO  pipeline.RatisPipelineProvider (RatisPipelineProvider.java:lambda$close$1(199)) - Send pipeline:PipelineID=0769a2cb-477e-42c6-8fa5-1d44ebe411ff close command to datanode 498f54dd-f545-4970-aaf6-8938e8aa224a
2020-12-17 06:17:24,260 [EventQueue-StartAdminOnNodeForStartDatanodeAdminHandler] INFO  pipeline.PipelineStateManager (PipelineStateManager.java:removePipeline(106)) - Pipeline Pipeline[ Id: 0769a2cb-477e-42c6-8fa5-1d44ebe411ff, Nodes: 0e8fc707-3157-4ba9-8ca0-1e159f3dc0e9{ip: 172.17.0.2, host: 647233daa2c6, networkLocation: /default-rack, certSerialId: null, persistedOpState: IN_SERVICE, persistedOpStateExpiryEpochSec: 0}5c172e1d-997d-4dd3-baf9-9414c84d2cc3{ip: 172.17.0.2, host: 647233daa2c6, networkLocation: /default-rack, certSerialId: null, persistedOpState: IN_SERVICE, persistedOpStateExpiryEpochSec: 0}498f54dd-f545-4970-aaf6-8938e8aa224a{ip: 172.17.0.2, host: 647233daa2c6, networkLocation: /default-rack, certSerialId: null, persistedOpState: IN_SERVICE, persistedOpStateExpiryEpochSec: 0}, Type:RATIS, Factor:THREE, State:CLOSED, leaderId:498f54dd-f545-4970-aaf6-8938e8aa224a, CreationTimestamp2020-12-17T06:17:07.007Z] removed from db
2020-12-17 06:17:24,262 [EventQueue-CloseContainerForCloseContainerEventHandler] INFO  container.CloseContainerEventHandler (CloseContainerEventHandler.java:onMessage(61)) - Close container Event triggered for container : #2
2020-12-17 06:17:24,268 [EventQueue-CloseContainerForCloseContainerEventHandler] WARN  container.SCMContainerManager (SCMContainerManager.java:updateContainerState(367)) - Unable to remove container #2 from pipeline PipelineID=0769a2cb-477e-42c6-8fa5-1d44ebe411ff  as the pipeline no longer exists
2020-12-17 06:17:24,267 [EventQueue-StartAdminOnNodeForStartDatanodeAdminHandler] INFO  pipeline.SCMPipelineManager (SCMPipelineManager.java:finalizeAndDestroyPipeline(482)) - Destroying pipeline:Pipeline[ Id: 4b68c00b-152b-44f6-8d9e-3c8bee36b590, Nodes: 498f54dd-f545-4970-aaf6-8938e8aa224a{ip: 172.17.0.2, host: 647233daa2c6, networkLocation: /default-rack, certSerialId: null, persistedOpState: IN_SERVICE, persistedOpStateExpiryEpochSec: 0}, Type:RATIS, Factor:ONE, State:OPEN, leaderId:498f54dd-f545-4970-aaf6-8938e8aa224a, CreationTimestamp2020-12-17T06:17:06.680Z]
2020-12-17 06:17:24,268 [EventQueue-StartAdminOnNodeForStartDatanodeAdminHandler] INFO  pipeline.PipelineStateManager (PipelineStateManager.java:finalizePipeline(121)) - Pipeline Pipeline[ Id: 4b68c00b-152b-44f6-8d9e-3c8bee36b590, Nodes: 498f54dd-f545-4970-aaf6-8938e8aa224a{ip: 172.17.0.2, host: 647233daa2c6, networkLocation: /default-rack, certSerialId: null, persistedOpState: IN_SERVICE, persistedOpStateExpiryEpochSec: 0}, Type:RATIS, Factor:ONE, State:CLOSED, leaderId:498f54dd-f545-4970-aaf6-8938e8aa224a, CreationTimestamp2020-12-17T06:17:06.680Z] moved to CLOSED state
2020-12-17 06:17:24,268 [EventQueue-StartAdminOnNodeForStartDatanodeAdminHandler] INFO  pipeline.RatisPipelineProvider (RatisPipelineProvider.java:lambda$close$1(199)) - Send pipeline:PipelineID=4b68c00b-152b-44f6-8d9e-3c8bee36b590 close command to datanode 498f54dd-f545-4970-aaf6-8938e8aa224a
2020-12-17 06:17:24,268 [EventQueue-StartAdminOnNodeForStartDatanodeAdminHandler] INFO  pipeline.PipelineStateManager (PipelineStateManager.java:removePipeline(106)) - Pipeline Pipeline[ Id: 4b68c00b-152b-44f6-8d9e-3c8bee36b590, Nodes: 498f54dd-f545-4970-aaf6-8938e8aa224a{ip: 172.17.0.2, host: 647233daa2c6, networkLocation: /default-rack, certSerialId: null, persistedOpState: IN_SERVICE, persistedOpStateExpiryEpochSec: 0}, Type:RATIS, Factor:ONE, State:CLOSED, leaderId:498f54dd-f545-4970-aaf6-8938e8aa224a, CreationTimestamp2020-12-17T06:17:06.680Z] removed from db
2020-12-17 06:17:24,268 [EventQueue-StartAdminOnNodeForStartDatanodeAdminHandler] INFO  node.StartDatanodeAdminHandler (StartDatanodeAdminHandler.java:onMessage(56)) - Admin start on datanode 5c172e1d-997d-4dd3-baf9-9414c84d2cc3{ip: 172.17.0.2, host: 647233daa2c6, networkLocation: /default-rack, certSerialId: null, persistedOpState: IN_SERVICE, persistedOpStateExpiryEpochSec: 0}. Finalizing its pipelines [PipelineID=0e3738b0-5edd-444e-ad73-e975f43f3c1e]
2020-12-17 06:17:24,269 [EventQueue-StartAdminOnNodeForStartDatanodeAdminHandler] INFO  pipeline.SCMPipelineManager (SCMPipelineManager.java:finalizeAndDestroyPipeline(482)) - Destroying pipeline:Pipeline[ Id: 0e3738b0-5edd-444e-ad73-e975f43f3c1e, Nodes: 5c172e1d-997d-4dd3-baf9-9414c84d2cc3{ip: 172.17.0.2, host: 647233daa2c6, networkLocation: /default-rack, certSerialId: null, persistedOpState: IN_SERVICE, persistedOpStateExpiryEpochSec: 0}, Type:RATIS, Factor:ONE, State:OPEN, leaderId:5c172e1d-997d-4dd3-baf9-9414c84d2cc3, CreationTimestamp2020-12-17T06:17:07.006Z]
2020-12-17 06:17:24,269 [EventQueue-StartAdminOnNodeForStartDatanodeAdminHandler] INFO  pipeline.PipelineStateManager (PipelineStateManager.java:finalizePipeline(121)) - Pipeline Pipeline[ Id: 0e3738b0-5edd-444e-ad73-e975f43f3c1e, Nodes: 5c172e1d-997d-4dd3-baf9-9414c84d2cc3{ip: 172.17.0.2, host: 647233daa2c6, networkLocation: /default-rack, certSerialId: null, persistedOpState: IN_SERVICE, persistedOpStateExpiryEpochSec: 0}, Type:RATIS, Factor:ONE, State:CLOSED, leaderId:5c172e1d-997d-4dd3-baf9-9414c84d2cc3, CreationTimestamp2020-12-17T06:17:07.006Z] moved to CLOSED state
2020-12-17 06:17:24,269 [EventQueue-StartAdminOnNodeForStartDatanodeAdminHandler] INFO  pipeline.RatisPipelineProvider (RatisPipelineProvider.java:lambda$close$1(199)) - Send pipeline:PipelineID=0e3738b0-5edd-444e-ad73-e975f43f3c1e close command to datanode 5c172e1d-997d-4dd3-baf9-9414c84d2cc3
2020-12-17 06:17:24,269 [EventQueue-StartAdminOnNodeForStartDatanodeAdminHandler] INFO  pipeline.PipelineStateManager (PipelineStateManager.java:removePipeline(106)) - Pipeline Pipeline[ Id: 0e3738b0-5edd-444e-ad73-e975f43f3c1e, Nodes: 5c172e1d-997d-4dd3-baf9-9414c84d2cc3{ip: 172.17.0.2, host: 647233daa2c6, networkLocation: /default-rack, certSerialId: null, persistedOpState: IN_SERVICE, persistedOpStateExpiryEpochSec: 0}, Type:RATIS, Factor:ONE, State:CLOSED, leaderId:5c172e1d-997d-4dd3-baf9-9414c84d2cc3, CreationTimestamp2020-12-17T06:17:07.006Z] removed from db
2020-12-17 06:17:24,269 [EventQueue-StartAdminOnNodeForStartDatanodeAdminHandler] INFO  node.StartDatanodeAdminHandler (StartDatanodeAdminHandler.java:onMessage(56)) - Admin start on datanode 0e8fc707-3157-4ba9-8ca0-1e159f3dc0e9{ip: 172.17.0.2, host: 647233daa2c6, networkLocation: /default-rack, certSerialId: null, persistedOpState: IN_SERVICE, persistedOpStateExpiryEpochSec: 0}. Finalizing its pipelines [PipelineID=34bd1f3b-6966-4254-a5a5-7a6015f1f07a]
2020-12-17 06:17:24,269 [EventQueue-StartAdminOnNodeForStartDatanodeAdminHandler] INFO  pipeline.SCMPipelineManager (SCMPipelineManager.java:finalizeAndDestroyPipeline(482)) - Destroying pipeline:Pipeline[ Id: 34bd1f3b-6966-4254-a5a5-7a6015f1f07a, Nodes: 0e8fc707-3157-4ba9-8ca0-1e159f3dc0e9{ip: 172.17.0.2, host: 647233daa2c6, networkLocation: /default-rack, certSerialId: null, persistedOpState: IN_SERVICE, persistedOpStateExpiryEpochSec: 0}, Type:RATIS, Factor:ONE, State:OPEN, leaderId:0e8fc707-3157-4ba9-8ca0-1e159f3dc0e9, CreationTimestamp2020-12-17T06:17:06.837Z]
2020-12-17 06:17:24,269 [EventQueue-StartAdminOnNodeForStartDatanodeAdminHandler] INFO  pipeline.PipelineStateManager (PipelineStateManager.java:finalizePipeline(121)) - Pipeline Pipeline[ Id: 34bd1f3b-6966-4254-a5a5-7a6015f1f07a, Nodes: 0e8fc707-3157-4ba9-8ca0-1e159f3dc0e9{ip: 172.17.0.2, host: 647233daa2c6, networkLocation: /default-rack, certSerialId: null, persistedOpState: IN_SERVICE, persistedOpStateExpiryEpochSec: 0}, Type:RATIS, Factor:ONE, State:CLOSED, leaderId:0e8fc707-3157-4ba9-8ca0-1e159f3dc0e9, CreationTimestamp2020-12-17T06:17:06.837Z] moved to CLOSED state
2020-12-17 06:17:24,269 [EventQueue-StartAdminOnNodeForStartDatanodeAdminHandler] INFO  pipeline.RatisPipelineProvider (RatisPipelineProvider.java:lambda$close$1(199)) - Send pipeline:PipelineID=34bd1f3b-6966-4254-a5a5-7a6015f1f07a close command to datanode 0e8fc707-3157-4ba9-8ca0-1e159f3dc0e9
2020-12-17 06:17:24,270 [EventQueue-StartAdminOnNodeForStartDatanodeAdminHandler] INFO  pipeline.PipelineStateManager (PipelineStateManager.java:removePipeline(106)) - Pipeline Pipeline[ Id: 34bd1f3b-6966-4254-a5a5-7a6015f1f07a, Nodes: 0e8fc707-3157-4ba9-8ca0-1e159f3dc0e9{ip: 172.17.0.2, host: 647233daa2c6, networkLocation: /default-rack, certSerialId: null, persistedOpState: IN_SERVICE, persistedOpStateExpiryEpochSec: 0}, Type:RATIS, Factor:ONE, State:CLOSED, leaderId:0e8fc707-3157-4ba9-8ca0-1e159f3dc0e9, CreationTimestamp2020-12-17T06:17:06.837Z] removed from db
2020-12-17 06:17:25,100 [IPC Server handler 17 on default port 40601] INFO  node.SCMNodeManager (SCMNodeManager.java:updateDatanodeOpState(419)) - Scheduling a command to update the operationalState persisted on the datanode as the reported value (IN_SERVICE, 0) does not match the value stored in SCM (ENTERING_MAINTENANCE, 0)
2020-12-17 06:17:25,101 [IPC Server handler 14 on default port 40601] INFO  node.SCMNodeManager (SCMNodeManager.java:updateDatanodeOpState(419)) - Scheduling a command to update the operationalState persisted on the datanode as the reported value (IN_SERVICE, 0) does not match the value stored in SCM (ENTERING_MAINTENANCE, 0)
2020-12-17 06:17:25,106 [IPC Server handler 19 on default port 40601] INFO  node.SCMNodeManager (SCMNodeManager.java:updateDatanodeOpState(419)) - Scheduling a command to update the operationalState persisted on the datanode as the reported value (IN_SERVICE, 0) does not match the value stored in SCM (ENTERING_MAINTENANCE, 0)
2020-12-17 06:17:25,258 [DatanodeAdminManager-0] INFO  node.DatanodeAdminMonitorImpl (DatanodeAdminMonitorImpl.java:run(136)) - There are 3 nodes tracked for decommission and maintenance. 0 pending nodes.
2020-12-17 06:17:26,101 [IPC Server handler 17 on default port 40601] INFO  node.SCMNodeManager (SCMNodeManager.java:updateDatanodeOpState(419)) - Scheduling a command to update the operationalState persisted on the datanode as the reported value (IN_SERVICE, 0) does not match the value stored in SCM (ENTERING_MAINTENANCE, 0)
2020-12-17 06:17:26,101 [Command processor thread] INFO  impl.RaftServerProxy (RaftServerProxy.java:remove(104)) - 498f54dd-f545-4970-aaf6-8938e8aa224a: remove    LEADER 498f54dd-f545-4970-aaf6-8938e8aa224a@group-1D44EBE411FF:t1, leader=498f54dd-f545-4970-aaf6-8938e8aa224a, voted=498f54dd-f545-4970-aaf6-8938e8aa224a, raftlog=498f54dd-f545-4970-aaf6-8938e8aa224a@group-1D44EBE411FF-SegmentedRaftLog:OPENED:c42,f42,i42, conf=0: [0e8fc707-3157-4ba9-8ca0-1e159f3dc0e9|rpc:172.17.0.2:43839|dataStream:, 498f54dd-f545-4970-aaf6-8938e8aa224a|rpc:172.17.0.2:38939|dataStream:, 5c172e1d-997d-4dd3-baf9-9414c84d2cc3|rpc:172.17.0.2:45075|dataStream:], old=null RUNNING
2020-12-17 06:17:26,101 [Command processor thread] INFO  impl.RaftServerImpl (RaftServerImpl.java:lambda$shutdown$3(328)) - 498f54dd-f545-4970-aaf6-8938e8aa224a@group-1D44EBE411FF: shutdown
2020-12-17 06:17:26,101 [Command processor thread] INFO  util.JmxRegister (JmxRegister.java:unregister(73)) - Successfully un-registered JMX Bean with object name Ratis:service=RaftServer,group=group-1D44EBE411FF,id=498f54dd-f545-4970-aaf6-8938e8aa224a
2020-12-17 06:17:26,101 [Command processor thread] INFO  impl.RoleInfo (RoleInfo.java:shutdownLeaderState(104)) - 498f54dd-f545-4970-aaf6-8938e8aa224a: shutdown 498f54dd-f545-4970-aaf6-8938e8aa224a@group-1D44EBE411FF-LeaderState
2020-12-17 06:17:26,101 [Command processor thread] INFO  metrics.RatisMetrics (RatisMetrics.java:unregister(43)) - Unregistering Metrics Registry : ratis_grpc.log_appender.498f54dd-f545-4970-aaf6-8938e8aa224a@group-1D44EBE411FF
2020-12-17 06:17:26,101 [Command processor thread] INFO  metrics.RatisMetrics (RatisMetrics.java:unregister(43)) - Unregistering Metrics Registry : ratis_grpc.log_appender.498f54dd-f545-4970-aaf6-8938e8aa224a@group-1D44EBE411FF
2020-12-17 06:17:26,102 [Command processor thread] INFO  impl.PendingRequests (PendingRequests.java:sendNotLeaderResponses(250)) - 498f54dd-f545-4970-aaf6-8938e8aa224a@group-1D44EBE411FF-PendingRequests: sendNotLeaderResponses
2020-12-17 06:17:26,103 [org.apache.ratis.server.impl.LogAppender$AppenderDaemon$$Lambda$479/1191349488@d02acef] WARN  server.GrpcLogAppender (GrpcLogAppender.java:mayWait(168)) - 498f54dd-f545-4970-aaf6-8938e8aa224a@group-1D44EBE411FF->0e8fc707-3157-4ba9-8ca0-1e159f3dc0e9-GrpcLogAppender: Wait interrupted by java.lang.InterruptedException
2020-12-17 06:17:26,104 [org.apache.ratis.server.impl.LogAppender$AppenderDaemon$$Lambda$479/1191349488@7024db13] WARN  server.GrpcLogAppender (GrpcLogAppender.java:mayWait(168)) - 498f54dd-f545-4970-aaf6-8938e8aa224a@group-1D44EBE411FF->5c172e1d-997d-4dd3-baf9-9414c84d2cc3-GrpcLogAppender: Wait interrupted by java.lang.InterruptedException
2020-12-17 06:17:26,105 [grpc-default-executor-2] INFO  server.GrpcServerProtocolService (GrpcServerProtocolService.java:onCompleted(138)) - 5c172e1d-997d-4dd3-baf9-9414c84d2cc3: Completed APPEND_ENTRIES, lastRequest: 498f54dd-f545-4970-aaf6-8938e8aa224a->5c172e1d-997d-4dd3-baf9-9414c84d2cc3#641-t1, previous=(t:1, i:41), leaderCommit=40, initializing? false, entries: size=1, first=(t:1, i:42), METADATAENTRY(c:40)
2020-12-17 06:17:26,105 [grpc-default-executor-5] INFO  server.GrpcServerProtocolService (GrpcServerProtocolService.java:onCompleted(138)) - 0e8fc707-3157-4ba9-8ca0-1e159f3dc0e9: Completed APPEND_ENTRIES, lastRequest: 498f54dd-f545-4970-aaf6-8938e8aa224a->0e8fc707-3157-4ba9-8ca0-1e159f3dc0e9#642-t1, previous=(t:1, i:41), leaderCommit=40, initializing? false, entries: size=1, first=(t:1, i:42), METADATAENTRY(c:40)
2020-12-17 06:17:26,106 [Command processor thread] INFO  metrics.RatisMetrics (RatisMetrics.java:unregister(43)) - Unregistering Metrics Registry : ratis.log_appender.498f54dd-f545-4970-aaf6-8938e8aa224a@group-1D44EBE411FF
2020-12-17 06:17:26,106 [IPC Server handler 18 on default port 40601] INFO  node.SCMNodeManager (SCMNodeManager.java:updateDatanodeOpState(419)) - Scheduling a command to update the operationalState persisted on the datanode as the reported value (IN_SERVICE, 0) does not match the value stored in SCM (ENTERING_MAINTENANCE, 0)
2020-12-17 06:17:26,107 [Command processor thread] INFO  metrics.RatisMetrics (RatisMetrics.java:unregister(43)) - Unregistering Metrics Registry : ratis.server.498f54dd-f545-4970-aaf6-8938e8aa224a@group-1D44EBE411FF
2020-12-17 06:17:26,107 [Command processor thread] INFO  impl.RaftServerProxy (RaftServerProxy.java:remove(104)) - 0e8fc707-3157-4ba9-8ca0-1e159f3dc0e9: remove  FOLLOWER 0e8fc707-3157-4ba9-8ca0-1e159f3dc0e9@group-1D44EBE411FF:t1, leader=498f54dd-f545-4970-aaf6-8938e8aa224a, voted=498f54dd-f545-4970-aaf6-8938e8aa224a, raftlog=0e8fc707-3157-4ba9-8ca0-1e159f3dc0e9@group-1D44EBE411FF-SegmentedRaftLog:OPENED:c42,f42,i42, conf=0: [0e8fc707-3157-4ba9-8ca0-1e159f3dc0e9|rpc:172.17.0.2:43839|dataStream:, 498f54dd-f545-4970-aaf6-8938e8aa224a|rpc:172.17.0.2:38939|dataStream:, 5c172e1d-997d-4dd3-baf9-9414c84d2cc3|rpc:172.17.0.2:45075|dataStream:], old=null RUNNING
2020-12-17 06:17:26,107 [Command processor thread] INFO  impl.RaftServerImpl (RaftServerImpl.java:lambda$shutdown$3(328)) - 0e8fc707-3157-4ba9-8ca0-1e159f3dc0e9@group-1D44EBE411FF: shutdown
2020-12-17 06:17:26,107 [Command processor thread] INFO  util.JmxRegister (JmxRegister.java:unregister(73)) - Successfully un-registered JMX Bean with object name Ratis:service=RaftServer,group=group-1D44EBE411FF,id=0e8fc707-3157-4ba9-8ca0-1e159f3dc0e9
2020-12-17 06:17:26,107 [Command processor thread] INFO  impl.RoleInfo (RoleInfo.java:shutdownFollowerState(121)) - 0e8fc707-3157-4ba9-8ca0-1e159f3dc0e9: shutdown 0e8fc707-3157-4ba9-8ca0-1e159f3dc0e9@group-1D44EBE411FF-FollowerState
2020-12-17 06:17:26,107 [Command processor thread] INFO  impl.StateMachineUpdater (StateMachineUpdater.java:stopAndJoin(147)) - 0e8fc707-3157-4ba9-8ca0-1e159f3dc0e9@group-1D44EBE411FF-StateMachineUpdater: set stopIndex = 42
2020-12-17 06:17:26,107 [Thread-5739] INFO  impl.FollowerState (FollowerState.java:run(137)) - 0e8fc707-3157-4ba9-8ca0-1e159f3dc0e9@group-1D44EBE411FF-FollowerState was interrupted: {}
java.lang.InterruptedException: sleep interrupted
	at java.lang.Thread.sleep(Native Method)
	at org.apache.ratis.util.JavaUtils.sleep(JavaUtils.java:250)
	at org.apache.ratis.server.impl.FollowerState.run(FollowerState.java:116)
2020-12-17 06:17:26,109 [grpc-default-executor-6] INFO  server.GrpcLogAppender (GrpcLogAppender.java:onCompleted(337)) - 498f54dd-f545-4970-aaf6-8938e8aa224a@group-1D44EBE411FF->5c172e1d-997d-4dd3-baf9-9414c84d2cc3-AppendLogResponseHandler: follower responses appendEntries COMPLETED
2020-12-17 06:17:26,109 [grpc-default-executor-6] INFO  impl.FollowerInfo (FollowerInfo.java:lambda$new$0(51)) - 498f54dd-f545-4970-aaf6-8938e8aa224a@group-1D44EBE411FF->5c172e1d-997d-4dd3-baf9-9414c84d2cc3: nextIndex: updateUnconditionally 43 -> 42
2020-12-17 06:17:26,109 [grpc-default-executor-5] INFO  server.GrpcLogAppender (GrpcLogAppender.java:onCompleted(337)) - 498f54dd-f545-4970-aaf6-8938e8aa224a@group-1D44EBE411FF->0e8fc707-3157-4ba9-8ca0-1e159f3dc0e9-AppendLogResponseHandler: follower responses appendEntries COMPLETED
2020-12-17 06:17:26,109 [grpc-default-executor-5] INFO  impl.FollowerInfo (FollowerInfo.java:lambda$new$0(51)) - 498f54dd-f545-4970-aaf6-8938e8aa224a@group-1D44EBE411FF->0e8fc707-3157-4ba9-8ca0-1e159f3dc0e9: nextIndex: updateUnconditionally 43 -> 42
2020-12-17 06:17:26,111 [0e8fc707-3157-4ba9-8ca0-1e159f3dc0e9@group-1D44EBE411FF-StateMachineUpdater] INFO  ratis.ContainerStateMachine (ContainerStateMachine.java:takeSnapshot(293)) - group-1D44EBE411FF: Taking a snapshot at:(t:1, i:42) file /github/workspace/mnt/ozone/hadoop-ozone/integration-test/target/test-dir/MiniOzoneClusterImpl-b9d63ab2-cea4-44c4-9857-355e5256a975/datanode-1/data/ratis/0769a2cb-477e-42c6-8fa5-1d44ebe411ff/sm/snapshot.1_42
2020-12-17 06:17:26,111 [Command processor thread] INFO  impl.StateMachineUpdater (StateMachineUpdater.java:stopAndJoin(147)) - 498f54dd-f545-4970-aaf6-8938e8aa224a@group-1D44EBE411FF-StateMachineUpdater: set stopIndex = 42
2020-12-17 06:17:26,112 [498f54dd-f545-4970-aaf6-8938e8aa224a@group-1D44EBE411FF-StateMachineUpdater] INFO  ratis.ContainerStateMachine (ContainerStateMachine.java:takeSnapshot(293)) - group-1D44EBE411FF: Taking a snapshot at:(t:1, i:42) file /github/workspace/mnt/ozone/hadoop-ozone/integration-test/target/test-dir/MiniOzoneClusterImpl-b9d63ab2-cea4-44c4-9857-355e5256a975/datanode-0/data/ratis/0769a2cb-477e-42c6-8fa5-1d44ebe411ff/sm/snapshot.1_42
2020-12-17 06:17:26,112 [0e8fc707-3157-4ba9-8ca0-1e159f3dc0e9@group-1D44EBE411FF-StateMachineUpdater] INFO  ratis.ContainerStateMachine (ContainerStateMachine.java:takeSnapshot(304)) - group-1D44EBE411FF: Finished taking a snapshot at:(t:1, i:42) file:/github/workspace/mnt/ozone/hadoop-ozone/integration-test/target/test-dir/MiniOzoneClusterImpl-b9d63ab2-cea4-44c4-9857-355e5256a975/datanode-1/data/ratis/0769a2cb-477e-42c6-8fa5-1d44ebe411ff/sm/snapshot.1_42 time:1
2020-12-17 06:17:26,113 [0e8fc707-3157-4ba9-8ca0-1e159f3dc0e9@group-1D44EBE411FF-StateMachineUpdater] INFO  impl.StateMachineUpdater (StateMachineUpdater.java:takeSnapshot(278)) - 0e8fc707-3157-4ba9-8ca0-1e159f3dc0e9@group-1D44EBE411FF-StateMachineUpdater: Took a snapshot at index 42
2020-12-17 06:17:26,113 [0e8fc707-3157-4ba9-8ca0-1e159f3dc0e9@group-1D44EBE411FF-StateMachineUpdater] INFO  impl.StateMachineUpdater (StateMachineUpdater.java:lambda$new$0(87)) - 0e8fc707-3157-4ba9-8ca0-1e159f3dc0e9@group-1D44EBE411FF-StateMachineUpdater: snapshotIndex: updateIncreasingly -1 -> 42
2020-12-17 06:17:26,113 [498f54dd-f545-4970-aaf6-8938e8aa224a@group-1D44EBE411FF-StateMachineUpdater] INFO  ratis.ContainerStateMachine (ContainerStateMachine.java:takeSnapshot(304)) - group-1D44EBE411FF: Finished taking a snapshot at:(t:1, i:42) file:/github/workspace/mnt/ozone/hadoop-ozone/integration-test/target/test-dir/MiniOzoneClusterImpl-b9d63ab2-cea4-44c4-9857-355e5256a975/datanode-0/data/ratis/0769a2cb-477e-42c6-8fa5-1d44ebe411ff/sm/snapshot.1_42 time:1
2020-12-17 06:17:26,113 [498f54dd-f545-4970-aaf6-8938e8aa224a@group-1D44EBE411FF-StateMachineUpdater] INFO  impl.StateMachineUpdater (StateMachineUpdater.java:takeSnapshot(278)) - 498f54dd-f545-4970-aaf6-8938e8aa224a@group-1D44EBE411FF-StateMachineUpdater: Took a snapshot at index 42
2020-12-17 06:17:26,114 [498f54dd-f545-4970-aaf6-8938e8aa224a@group-1D44EBE411FF-StateMachineUpdater] INFO  impl.StateMachineUpdater (StateMachineUpdater.java:lambda$new$0(87)) - 498f54dd-f545-4970-aaf6-8938e8aa224a@group-1D44EBE411FF-StateMachineUpdater: snapshotIndex: updateIncreasingly -1 -> 42
2020-12-17 06:17:26,114 [0e8fc707-3157-4ba9-8ca0-1e159f3dc0e9@group-1D44EBE411FF-StateMachineUpdater] INFO  metrics.RatisMetrics (RatisMetrics.java:unregister(43)) - Unregistering Metrics Registry : ratis.state_machine.0e8fc707-3157-4ba9-8ca0-1e159f3dc0e9@group-1D44EBE411FF
2020-12-17 06:17:26,114 [Command processor thread] INFO  impl.RaftServerImpl (ServerState.java:close(406)) - 0e8fc707-3157-4ba9-8ca0-1e159f3dc0e9@group-1D44EBE411FF: closes. applyIndex: 42
2020-12-17 06:17:26,114 [0e8fc707-3157-4ba9-8ca0-1e159f3dc0e9@group-1D44EBE411FF-SegmentedRaftLogWorker] INFO  segmented.SegmentedRaftLogWorker (SegmentedRaftLogWorker.java:run(329)) - 0e8fc707-3157-4ba9-8ca0-1e159f3dc0e9@group-1D44EBE411FF-SegmentedRaftLogWorker was interrupted, exiting. There are 0 tasks remaining in the queue.
2020-12-17 06:17:26,114 [Command processor thread] INFO  segmented.SegmentedRaftLogWorker (SegmentedRaftLogWorker.java:close(235)) - 0e8fc707-3157-4ba9-8ca0-1e159f3dc0e9@group-1D44EBE411FF-SegmentedRaftLogWorker close()
2020-12-17 06:17:26,114 [498f54dd-f545-4970-aaf6-8938e8aa224a@group-1D44EBE411FF-StateMachineUpdater] INFO  metrics.RatisMetrics (RatisMetrics.java:unregister(43)) - Unregistering Metrics Registry : ratis.state_machine.498f54dd-f545-4970-aaf6-8938e8aa224a@group-1D44EBE411FF
2020-12-17 06:17:26,115 [Command processor thread] INFO  impl.RaftServerImpl (ServerState.java:close(406)) - 498f54dd-f545-4970-aaf6-8938e8aa224a@group-1D44EBE411FF: closes. applyIndex: 42
2020-12-17 06:17:26,115 [Command processor thread] INFO  metrics.RatisMetrics (RatisMetrics.java:unregister(43)) - Unregistering Metrics Registry : ratis.log_worker.0e8fc707-3157-4ba9-8ca0-1e159f3dc0e9@group-1D44EBE411FF
2020-12-17 06:17:26,115 [498f54dd-f545-4970-aaf6-8938e8aa224a@group-1D44EBE411FF-SegmentedRaftLogWorker] INFO  segmented.SegmentedRaftLogWorker (SegmentedRaftLogWorker.java:run(329)) - 498f54dd-f545-4970-aaf6-8938e8aa224a@group-1D44EBE411FF-SegmentedRaftLogWorker was interrupted, exiting. There are 0 tasks remaining in the queue.
2020-12-17 06:17:26,115 [Command processor thread] INFO  metrics.RatisMetrics (RatisMetrics.java:unregister(43)) - Unregistering Metrics Registry : ratis.leader_election.0e8fc707-3157-4ba9-8ca0-1e159f3dc0e9@group-1D44EBE411FF
2020-12-17 06:17:26,115 [Command processor thread] INFO  metrics.RatisMetrics (RatisMetrics.java:unregister(43)) - Unregistering Metrics Registry : ratis.server.0e8fc707-3157-4ba9-8ca0-1e159f3dc0e9@group-1D44EBE411FF
2020-12-17 06:17:26,115 [Command processor thread] INFO  segmented.SegmentedRaftLogWorker (SegmentedRaftLogWorker.java:close(235)) - 498f54dd-f545-4970-aaf6-8938e8aa224a@group-1D44EBE411FF-SegmentedRaftLogWorker close()
2020-12-17 06:17:26,116 [Command processor thread] INFO  metrics.RatisMetrics (RatisMetrics.java:unregister(43)) - Unregistering Metrics Registry : ratis.log_worker.498f54dd-f545-4970-aaf6-8938e8aa224a@group-1D44EBE411FF
2020-12-17 06:17:26,117 [Command processor thread] INFO  metrics.RatisMetrics (RatisMetrics.java:unregister(43)) - Unregistering Metrics Registry : ratis.leader_election.498f54dd-f545-4970-aaf6-8938e8aa224a@group-1D44EBE411FF
2020-12-17 06:17:26,117 [Command processor thread] INFO  metrics.RatisMetrics (RatisMetrics.java:unregister(43)) - Unregistering Metrics Registry : ratis.server.498f54dd-f545-4970-aaf6-8938e8aa224a@group-1D44EBE411FF
2020-12-17 06:17:26,118 [Command processor thread] INFO  keyvalue.KeyValueContainer (KeyValueContainer.java:flushAndSyncDB(388)) - Container 1 is synced with bcsId 40.
2020-12-17 06:17:26,118 [Command processor thread] INFO  keyvalue.KeyValueContainer (KeyValueContainer.java:flushAndSyncDB(388)) - Container 1 is synced with bcsId 40.
2020-12-17 06:17:26,120 [EventQueue-IncrementalContainerReportForIncrementalContainerReportHandler] INFO  container.IncrementalContainerReportHandler (AbstractContainerReportHandler.java:updateContainerState(208)) - Moving container #1 to QUASI_CLOSED state, datanode 0e8fc707-3157-4ba9-8ca0-1e159f3dc0e9{ip: 172.17.0.2, host: 647233daa2c6, networkLocation: /default-rack, certSerialId: null, persistedOpState: ENTERING_MAINTENANCE, persistedOpStateExpiryEpochSec: 0} reported QUASI_CLOSED replica.
2020-12-17 06:17:26,121 [Command processor thread] INFO  keyvalue.KeyValueContainer (KeyValueContainer.java:flushAndSyncDB(388)) - Container 1 is synced with bcsId 40.
2020-12-17 06:17:26,121 [Command processor thread] INFO  keyvalue.KeyValueContainer (KeyValueContainer.java:flushAndSyncDB(388)) - Container 1 is synced with bcsId 40.
2020-12-17 06:17:26,123 [Command processor thread] INFO  keyvalue.KeyValueContainer (KeyValueContainer.java:flushAndSyncDB(388)) - Container 2 is synced with bcsId 36.
2020-12-17 06:17:26,124 [Command processor thread] INFO  keyvalue.KeyValueContainer (KeyValueContainer.java:flushAndSyncDB(388)) - Container 2 is synced with bcsId 36.
2020-12-17 06:17:26,126 [EventQueue-IncrementalContainerReportForIncrementalContainerReportHandler] INFO  container.IncrementalContainerReportHandler (AbstractContainerReportHandler.java:updateContainerState(208)) - Moving container #2 to QUASI_CLOSED state, datanode 0e8fc707-3157-4ba9-8ca0-1e159f3dc0e9{ip: 172.17.0.2, host: 647233daa2c6, networkLocation: /default-rack, certSerialId: null, persistedOpState: ENTERING_MAINTENANCE, persistedOpStateExpiryEpochSec: 0} reported QUASI_CLOSED replica.
2020-12-17 06:17:26,126 [Command processor thread] INFO  impl.RaftServerImpl (RaftServerImpl.java:groupRemove(299)) - 0e8fc707-3157-4ba9-8ca0-1e159f3dc0e9@group-1D44EBE411FF: Succeed to remove RaftStorageDirectory Storage Directory /github/workspace/mnt/ozone/hadoop-ozone/integration-test/target/test-dir/MiniOzoneClusterImpl-b9d63ab2-cea4-44c4-9857-355e5256a975/datanode-1/data/ratis/0769a2cb-477e-42c6-8fa5-1d44ebe411ff
2020-12-17 06:17:26,126 [Command processor thread] INFO  commandhandler.ClosePipelineCommandHandler (ClosePipelineCommandHandler.java:handle(75)) - Close Pipeline PipelineID=0769a2cb-477e-42c6-8fa5-1d44ebe411ff command on datanode 0e8fc707-3157-4ba9-8ca0-1e159f3dc0e9.
2020-12-17 06:17:26,126 [Command processor thread] INFO  impl.RaftServerProxy (RaftServerProxy.java:remove(104)) - 0e8fc707-3157-4ba9-8ca0-1e159f3dc0e9: remove    LEADER 0e8fc707-3157-4ba9-8ca0-1e159f3dc0e9@group-7A6015F1F07A:t1, leader=0e8fc707-3157-4ba9-8ca0-1e159f3dc0e9, voted=0e8fc707-3157-4ba9-8ca0-1e159f3dc0e9, raftlog=0e8fc707-3157-4ba9-8ca0-1e159f3dc0e9@group-7A6015F1F07A-SegmentedRaftLog:OPENED:c0,f0,i0, conf=0: [0e8fc707-3157-4ba9-8ca0-1e159f3dc0e9|rpc:172.17.0.2:43839|dataStream:], old=null RUNNING
2020-12-17 06:17:26,126 [Command processor thread] INFO  impl.RaftServerImpl (RaftServerImpl.java:lambda$shutdown$3(328)) - 0e8fc707-3157-4ba9-8ca0-1e159f3dc0e9@group-7A6015F1F07A: shutdown
2020-12-17 06:17:26,127 [Command processor thread] INFO  util.JmxRegister (JmxRegister.java:unregister(73)) - Successfully un-registered JMX Bean with object name Ratis:service=RaftServer,group=group-7A6015F1F07A,id=0e8fc707-3157-4ba9-8ca0-1e159f3dc0e9
2020-12-17 06:17:26,127 [Command processor thread] INFO  impl.RoleInfo (RoleInfo.java:shutdownLeaderState(104)) - 0e8fc707-3157-4ba9-8ca0-1e159f3dc0e9: shutdown 0e8fc707-3157-4ba9-8ca0-1e159f3dc0e9@group-7A6015F1F07A-LeaderState
2020-12-17 06:17:26,127 [Command processor thread] INFO  impl.PendingRequests (PendingRequests.java:sendNotLeaderResponses(250)) - 0e8fc707-3157-4ba9-8ca0-1e159f3dc0e9@group-7A6015F1F07A-PendingRequests: sendNotLeaderResponses
2020-12-17 06:17:26,127 [Command processor thread] INFO  metrics.RatisMetrics (RatisMetrics.java:unregister(43)) - Unregistering Metrics Registry : ratis.log_appender.0e8fc707-3157-4ba9-8ca0-1e159f3dc0e9@group-7A6015F1F07A
2020-12-17 06:17:26,127 [Command processor thread] INFO  metrics.RatisMetrics (RatisMetrics.java:unregister(43)) - Unregistering Metrics Registry : ratis.server.0e8fc707-3157-4ba9-8ca0-1e159f3dc0e9@group-7A6015F1F07A
2020-12-17 06:17:26,128 [Command processor thread] INFO  impl.StateMachineUpdater (StateMachineUpdater.java:stopAndJoin(147)) - 0e8fc707-3157-4ba9-8ca0-1e159f3dc0e9@group-7A6015F1F07A-StateMachineUpdater: set stopIndex = 0
2020-12-17 06:17:26,128 [0e8fc707-3157-4ba9-8ca0-1e159f3dc0e9@group-7A6015F1F07A-StateMachineUpdater] INFO  ratis.ContainerStateMachine (ContainerStateMachine.java:takeSnapshot(293)) - group-7A6015F1F07A: Taking a snapshot at:(t:1, i:0) file /github/workspace/mnt/ozone/hadoop-ozone/integration-test/target/test-dir/MiniOzoneClusterImpl-b9d63ab2-cea4-44c4-9857-355e5256a975/datanode-1/data/ratis/34bd1f3b-6966-4254-a5a5-7a6015f1f07a/sm/snapshot.1_0
2020-12-17 06:17:26,129 [0e8fc707-3157-4ba9-8ca0-1e159f3dc0e9@group-7A6015F1F07A-StateMachineUpdater] INFO  ratis.ContainerStateMachine (ContainerStateMachine.java:takeSnapshot(304)) - group-7A6015F1F07A: Finished taking a snapshot at:(t:1, i:0) file:/github/workspace/mnt/ozone/hadoop-ozone/integration-test/target/test-dir/MiniOzoneClusterImpl-b9d63ab2-cea4-44c4-9857-355e5256a975/datanode-1/data/ratis/34bd1f3b-6966-4254-a5a5-7a6015f1f07a/sm/snapshot.1_0 time:1
2020-12-17 06:17:26,129 [0e8fc707-3157-4ba9-8ca0-1e159f3dc0e9@group-7A6015F1F07A-StateMachineUpdater] INFO  impl.StateMachineUpdater (StateMachineUpdater.java:takeSnapshot(278)) - 0e8fc707-3157-4ba9-8ca0-1e159f3dc0e9@group-7A6015F1F07A-StateMachineUpdater: Took a snapshot at index 0
2020-12-17 06:17:26,129 [0e8fc707-3157-4ba9-8ca0-1e159f3dc0e9@group-7A6015F1F07A-StateMachineUpdater] INFO  impl.StateMachineUpdater (StateMachineUpdater.java:lambda$new$0(87)) - 0e8fc707-3157-4ba9-8ca0-1e159f3dc0e9@group-7A6015F1F07A-StateMachineUpdater: snapshotIndex: updateIncreasingly -1 -> 0
2020-12-17 06:17:26,129 [0e8fc707-3157-4ba9-8ca0-1e159f3dc0e9@group-7A6015F1F07A-StateMachineUpdater] INFO  metrics.RatisMetrics (RatisMetrics.java:unregister(43)) - Unregistering Metrics Registry : ratis.state_machine.0e8fc707-3157-4ba9-8ca0-1e159f3dc0e9@group-7A6015F1F07A
2020-12-17 06:17:26,129 [Command processor thread] INFO  impl.RaftServerImpl (ServerState.java:close(406)) - 0e8fc707-3157-4ba9-8ca0-1e159f3dc0e9@group-7A6015F1F07A: closes. applyIndex: 0
2020-12-17 06:17:26,130 [0e8fc707-3157-4ba9-8ca0-1e159f3dc0e9@group-7A6015F1F07A-SegmentedRaftLogWorker] INFO  segmented.SegmentedRaftLogWorker (SegmentedRaftLogWorker.java:run(329)) - 0e8fc707-3157-4ba9-8ca0-1e159f3dc0e9@group-7A6015F1F07A-SegmentedRaftLogWorker was interrupted, exiting. There are 0 tasks remaining in the queue.
2020-12-17 06:17:26,130 [Command processor thread] INFO  segmented.SegmentedRaftLogWorker (SegmentedRaftLogWorker.java:close(235)) - 0e8fc707-3157-4ba9-8ca0-1e159f3dc0e9@group-7A6015F1F07A-SegmentedRaftLogWorker close()
2020-12-17 06:17:26,131 [Command processor thread] INFO  keyvalue.KeyValueContainer (KeyValueContainer.java:flushAndSyncDB(388)) - Container 2 is synced with bcsId 36.
2020-12-17 06:17:26,131 [Command processor thread] INFO  metrics.RatisMetrics (RatisMetrics.java:unregister(43)) - Unregistering Metrics Registry : ratis.log_worker.0e8fc707-3157-4ba9-8ca0-1e159f3dc0e9@group-7A6015F1F07A
2020-12-17 06:17:26,131 [Command processor thread] INFO  keyvalue.KeyValueContainer (KeyValueContainer.java:flushAndSyncDB(388)) - Container 2 is synced with bcsId 36.
2020-12-17 06:17:26,131 [Command processor thread] INFO  metrics.RatisMetrics (RatisMetrics.java:unregister(43)) - Unregistering Metrics Registry : ratis.leader_election.0e8fc707-3157-4ba9-8ca0-1e159f3dc0e9@group-7A6015F1F07A
2020-12-17 06:17:26,131 [Command processor thread] INFO  metrics.RatisMetrics (RatisMetrics.java:unregister(43)) - Unregistering Metrics Registry : ratis.server.0e8fc707-3157-4ba9-8ca0-1e159f3dc0e9@group-7A6015F1F07A
2020-12-17 06:17:26,132 [Command processor thread] INFO  impl.RaftServerImpl (RaftServerImpl.java:groupRemove(299)) - 0e8fc707-3157-4ba9-8ca0-1e159f3dc0e9@group-7A6015F1F07A: Succeed to remove RaftStorageDirectory Storage Directory /github/workspace/mnt/ozone/hadoop-ozone/integration-test/target/test-dir/MiniOzoneClusterImpl-b9d63ab2-cea4-44c4-9857-355e5256a975/datanode-1/data/ratis/34bd1f3b-6966-4254-a5a5-7a6015f1f07a
2020-12-17 06:17:26,132 [Command processor thread] INFO  commandhandler.ClosePipelineCommandHandler (ClosePipelineCommandHandler.java:handle(75)) - Close Pipeline PipelineID=34bd1f3b-6966-4254-a5a5-7a6015f1f07a command on datanode 0e8fc707-3157-4ba9-8ca0-1e159f3dc0e9.
2020-12-17 06:17:26,132 [Command processor thread] WARN  impl.RaftServerProxy (RaftServerProxy.java:remove(99)) - 0e8fc707-3157-4ba9-8ca0-1e159f3dc0e9: does not contain group: group-1D44EBE411FF
2020-12-17 06:17:26,132 [Command processor thread] ERROR commandhandler.ClosePipelineCommandHandler (ClosePipelineCommandHandler.java:handle(78)) - Can't close pipeline PipelineID=0769a2cb-477e-42c6-8fa5-1d44ebe411ff
java.io.IOException: 0e8fc707-3157-4ba9-8ca0-1e159f3dc0e9: Group group-1D44EBE411FF not found.
	at org.apache.hadoop.ozone.container.common.transport.server.ratis.XceiverServerRatis.removeGroup(XceiverServerRatis.java:774)
	at org.apache.hadoop.ozone.container.common.statemachine.commandhandler.ClosePipelineCommandHandler.handle(ClosePipelineCommandHandler.java:74)
	at org.apache.hadoop.ozone.container.common.statemachine.commandhandler.CommandDispatcher.handle(CommandDispatcher.java:99)
	at org.apache.hadoop.ozone.container.common.statemachine.DatanodeStateMachine.lambda$initCommandHandlerThread$2(DatanodeStateMachine.java:498)
	at java.lang.Thread.run(Thread.java:748)
Caused by: org.apache.ratis.protocol.exceptions.GroupMismatchException: 0e8fc707-3157-4ba9-8ca0-1e159f3dc0e9: Group group-1D44EBE411FF not found.
	at org.apache.ratis.server.impl.RaftServerProxy.groupRemoveAsync(RaftServerProxy.java:445)
	at org.apache.ratis.server.impl.RaftServerProxy.groupManagementAsync(RaftServerProxy.java:401)
	at org.apache.ratis.server.impl.RaftServerProxy.groupManagement(RaftServerProxy.java:381)
	at org.apache.hadoop.ozone.container.common.transport.server.ratis.XceiverServerRatis.removeGroup(XceiverServerRatis.java:772)
	... 4 more
2020-12-17 06:17:26,133 [Command processor thread] WARN  impl.RaftServerProxy (RaftServerProxy.java:remove(99)) - 0e8fc707-3157-4ba9-8ca0-1e159f3dc0e9: does not contain group: group-7A6015F1F07A
2020-12-17 06:17:26,133 [Command processor thread] ERROR commandhandler.ClosePipelineCommandHandler (ClosePipelineCommandHandler.java:handle(78)) - Can't close pipeline PipelineID=34bd1f3b-6966-4254-a5a5-7a6015f1f07a
java.io.IOException: 0e8fc707-3157-4ba9-8ca0-1e159f3dc0e9: Group group-7A6015F1F07A not found.
	at org.apache.hadoop.ozone.container.common.transport.server.ratis.XceiverServerRatis.removeGroup(XceiverServerRatis.java:774)
	at org.apache.hadoop.ozone.container.common.statemachine.commandhandler.ClosePipelineCommandHandler.handle(ClosePipelineCommandHandler.java:74)
	at org.apache.hadoop.ozone.container.common.statemachine.commandhandler.CommandDispatcher.handle(CommandDispatcher.java:99)
	at org.apache.hadoop.ozone.container.common.statemachine.DatanodeStateMachine.lambda$initCommandHandlerThread$2(DatanodeStateMachine.java:498)
	at java.lang.Thread.run(Thread.java:748)
Caused by: org.apache.ratis.protocol.exceptions.GroupMismatchException: 0e8fc707-3157-4ba9-8ca0-1e159f3dc0e9: Group group-7A6015F1F07A not found.
	at org.apache.ratis.server.impl.RaftServerProxy.groupRemoveAsync(RaftServerProxy.java:445)
	at org.apache.ratis.server.impl.RaftServerProxy.groupManagementAsync(RaftServerProxy.java:401)
	at org.apache.ratis.server.impl.RaftServerProxy.groupManagement(RaftServerProxy.java:381)
	at org.apache.hadoop.ozone.container.common.transport.server.ratis.XceiverServerRatis.removeGroup(XceiverServerRatis.java:772)
	... 4 more
2020-12-17 06:17:26,133 [Command processor thread] WARN  impl.RaftServerProxy (RaftServerProxy.java:remove(99)) - 0e8fc707-3157-4ba9-8ca0-1e159f3dc0e9: does not contain group: group-1D44EBE411FF
2020-12-17 06:17:26,133 [Command processor thread] ERROR commandhandler.ClosePipelineCommandHandler (ClosePipelineCommandHandler.java:handle(78)) - Can't close pipeline PipelineID=0769a2cb-477e-42c6-8fa5-1d44ebe411ff
java.io.IOException: 0e8fc707-3157-4ba9-8ca0-1e159f3dc0e9: Group group-1D44EBE411FF not found.
	at org.apache.hadoop.ozone.container.common.transport.server.ratis.XceiverServerRatis.removeGroup(XceiverServerRatis.java:774)
	at org.apache.hadoop.ozone.container.common.statemachine.commandhandler.ClosePipelineCommandHandler.handle(ClosePipelineCommandHandler.java:74)
	at org.apache.hadoop.ozone.container.common.statemachine.commandhandler.CommandDispatcher.handle(CommandDispatcher.java:99)
	at org.apache.hadoop.ozone.container.common.statemachine.DatanodeStateMachine.lambda$initCommandHandlerThread$2(DatanodeStateMachine.java:498)
	at java.lang.Thread.run(Thread.java:748)
Caused by: org.apache.ratis.protocol.exceptions.GroupMismatchException: 0e8fc707-3157-4ba9-8ca0-1e159f3dc0e9: Group group-1D44EBE411FF not found.
	at org.apache.ratis.server.impl.RaftServerProxy.groupRemoveAsync(RaftServerProxy.java:445)
	at org.apache.ratis.server.impl.RaftServerProxy.groupManagementAsync(RaftServerProxy.java:401)
	at org.apache.ratis.server.impl.RaftServerProxy.groupManagement(RaftServerProxy.java:381)
	at org.apache.hadoop.ozone.container.common.transport.server.ratis.XceiverServerRatis.removeGroup(XceiverServerRatis.java:772)
	... 4 more
2020-12-17 06:17:26,133 [Command processor thread] WARN  impl.RaftServerProxy (RaftServerProxy.java:remove(99)) - 0e8fc707-3157-4ba9-8ca0-1e159f3dc0e9: does not contain group: group-7A6015F1F07A
2020-12-17 06:17:26,133 [Command processor thread] ERROR commandhandler.ClosePipelineCommandHandler (ClosePipelineCommandHandler.java:handle(78)) - Can't close pipeline PipelineID=34bd1f3b-6966-4254-a5a5-7a6015f1f07a
java.io.IOException: 0e8fc707-3157-4ba9-8ca0-1e159f3dc0e9: Group group-7A6015F1F07A not found.
	at org.apache.hadoop.ozone.container.common.transport.server.ratis.XceiverServerRatis.removeGroup(XceiverServerRatis.java:774)
	at org.apache.hadoop.ozone.container.common.statemachine.commandhandler.ClosePipelineCommandHandler.handle(ClosePipelineCommandHandler.java:74)
	at org.apache.hadoop.ozone.container.common.statemachine.commandhandler.CommandDispatcher.handle(CommandDispatcher.java:99)
	at org.apache.hadoop.ozone.container.common.statemachine.DatanodeStateMachine.lambda$initCommandHandlerThread$2(DatanodeStateMachine.java:498)
	at java.lang.Thread.run(Thread.java:748)
Caused by: org.apache.ratis.protocol.exceptions.GroupMismatchException: 0e8fc707-3157-4ba9-8ca0-1e159f3dc0e9: Group group-7A6015F1F07A not found.
	at org.apache.ratis.server.impl.RaftServerProxy.groupRemoveAsync(RaftServerProxy.java:445)
	at org.apache.ratis.server.impl.RaftServerProxy.groupManagementAsync(RaftServerProxy.java:401)
	at org.apache.ratis.server.impl.RaftServerProxy.groupManagement(RaftServerProxy.java:381)
	at org.apache.hadoop.ozone.container.common.transport.server.ratis.XceiverServerRatis.removeGroup(XceiverServerRatis.java:772)
	... 4 more
2020-12-17 06:17:26,133 [Command processor thread] WARN  impl.RaftServerProxy (RaftServerProxy.java:remove(99)) - 0e8fc707-3157-4ba9-8ca0-1e159f3dc0e9: does not contain group: group-1D44EBE411FF
2020-12-17 06:17:26,133 [Command processor thread] ERROR commandhandler.ClosePipelineCommandHandler (ClosePipelineCommandHandler.java:handle(78)) - Can't close pipeline PipelineID=0769a2cb-477e-42c6-8fa5-1d44ebe411ff
java.io.IOException: 0e8fc707-3157-4ba9-8ca0-1e159f3dc0e9: Group group-1D44EBE411FF not found.
	at org.apache.hadoop.ozone.container.common.transport.server.ratis.XceiverServerRatis.removeGroup(XceiverServerRatis.java:774)
	at org.apache.hadoop.ozone.container.common.statemachine.commandhandler.ClosePipelineCommandHandler.handle(ClosePipelineCommandHandler.java:74)
	at org.apache.hadoop.ozone.container.common.statemachine.commandhandler.CommandDispatcher.handle(CommandDispatcher.java:99)
	at org.apache.hadoop.ozone.container.common.statemachine.DatanodeStateMachine.lambda$initCommandHandlerThread$2(DatanodeStateMachine.java:498)
	at java.lang.Thread.run(Thread.java:748)
Caused by: org.apache.ratis.protocol.exceptions.GroupMismatchException: 0e8fc707-3157-4ba9-8ca0-1e159f3dc0e9: Group group-1D44EBE411FF not found.
	at org.apache.ratis.server.impl.RaftServerProxy.groupRemoveAsync(RaftServerProxy.java:445)
	at org.apache.ratis.server.impl.RaftServerProxy.groupManagementAsync(RaftServerProxy.java:401)
	at org.apache.ratis.server.impl.RaftServerProxy.groupManagement(RaftServerProxy.java:381)
	at org.apache.hadoop.ozone.container.common.transport.server.ratis.XceiverServerRatis.removeGroup(XceiverServerRatis.java:772)
	... 4 more
2020-12-17 06:17:26,133 [Command processor thread] WARN  impl.RaftServerProxy (RaftServerProxy.java:remove(99)) - 0e8fc707-3157-4ba9-8ca0-1e159f3dc0e9: does not contain group: group-7A6015F1F07A
2020-12-17 06:17:26,133 [Command processor thread] ERROR commandhandler.ClosePipelineCommandHandler (ClosePipelineCommandHandler.java:handle(78)) - Can't close pipeline PipelineID=34bd1f3b-6966-4254-a5a5-7a6015f1f07a
java.io.IOException: 0e8fc707-3157-4ba9-8ca0-1e159f3dc0e9: Group group-7A6015F1F07A not found.
	at org.apache.hadoop.ozone.container.common.transport.server.ratis.XceiverServerRatis.removeGroup(XceiverServerRatis.java:774)
	at org.apache.hadoop.ozone.container.common.statemachine.commandhandler.ClosePipelineCommandHandler.handle(ClosePipelineCommandHandler.java:74)
	at org.apache.hadoop.ozone.container.common.statemachine.commandhandler.CommandDispatcher.handle(CommandDispatcher.java:99)
	at org.apache.hadoop.ozone.container.common.statemachine.DatanodeStateMachine.lambda$initCommandHandlerThread$2(DatanodeStateMachine.java:498)
	at java.lang.Thread.run(Thread.java:748)
Caused by: org.apache.ratis.protocol.exceptions.GroupMismatchException: 0e8fc707-3157-4ba9-8ca0-1e159f3dc0e9: Group group-7A6015F1F07A not found.
	at org.apache.ratis.server.impl.RaftServerProxy.groupRemoveAsync(RaftServerProxy.java:445)
	at org.apache.ratis.server.impl.RaftServerProxy.groupManagementAsync(RaftServerProxy.java:401)
	at org.apache.ratis.server.impl.RaftServerProxy.groupManagement(RaftServerProxy.java:381)
	at org.apache.hadoop.ozone.container.common.transport.server.ratis.XceiverServerRatis.removeGroup(XceiverServerRatis.java:772)
	... 4 more
2020-12-17 06:17:26,134 [Command processor thread] WARN  impl.RaftServerProxy (RaftServerProxy.java:remove(99)) - 0e8fc707-3157-4ba9-8ca0-1e159f3dc0e9: does not contain group: group-1D44EBE411FF
2020-12-17 06:17:26,134 [Command processor thread] ERROR commandhandler.ClosePipelineCommandHandler (ClosePipelineCommandHandler.java:handle(78)) - Can't close pipeline PipelineID=0769a2cb-477e-42c6-8fa5-1d44ebe411ff
java.io.IOException: 0e8fc707-3157-4ba9-8ca0-1e159f3dc0e9: Group group-1D44EBE411FF not found.
	at org.apache.hadoop.ozone.container.common.transport.server.ratis.XceiverServerRatis.removeGroup(XceiverServerRatis.java:774)
	at org.apache.hadoop.ozone.container.common.statemachine.commandhandler.ClosePipelineCommandHandler.handle(ClosePipelineCommandHandler.java:74)
	at org.apache.hadoop.ozone.container.common.statemachine.commandhandler.CommandDispatcher.handle(CommandDispatcher.java:99)
	at org.apache.hadoop.ozone.container.common.statemachine.DatanodeStateMachine.lambda$initCommandHandlerThread$2(DatanodeStateMachine.java:498)
	at java.lang.Thread.run(Thread.java:748)
Caused by: org.apache.ratis.protocol.exceptions.GroupMismatchException: 0e8fc707-3157-4ba9-8ca0-1e159f3dc0e9: Group group-1D44EBE411FF not found.
	at org.apache.ratis.server.impl.RaftServerProxy.groupRemoveAsync(RaftServerProxy.java:445)
	at org.apache.ratis.server.impl.RaftServerProxy.groupManagementAsync(RaftServerProxy.java:401)
	at org.apache.ratis.server.impl.RaftServerProxy.groupManagement(RaftServerProxy.java:381)
	at org.apache.hadoop.ozone.container.common.transport.server.ratis.XceiverServerRatis.removeGroup(XceiverServerRatis.java:772)
	... 4 more
2020-12-17 06:17:26,134 [Command processor thread] WARN  impl.RaftServerProxy (RaftServerProxy.java:remove(99)) - 0e8fc707-3157-4ba9-8ca0-1e159f3dc0e9: does not contain group: group-7A6015F1F07A
2020-12-17 06:17:26,134 [Command processor thread] ERROR commandhandler.ClosePipelineCommandHandler (ClosePipelineCommandHandler.java:handle(78)) - Can't close pipeline PipelineID=34bd1f3b-6966-4254-a5a5-7a6015f1f07a
java.io.IOException: 0e8fc707-3157-4ba9-8ca0-1e159f3dc0e9: Group group-7A6015F1F07A not found.
	at org.apache.hadoop.ozone.container.common.transport.server.ratis.XceiverServerRatis.removeGroup(XceiverServerRatis.java:774)
	at org.apache.hadoop.ozone.container.common.statemachine.commandhandler.ClosePipelineCommandHandler.handle(ClosePipelineCommandHandler.java:74)
	at org.apache.hadoop.ozone.container.common.statemachine.commandhandler.CommandDispatcher.handle(CommandDispatcher.java:99)
	at org.apache.hadoop.ozone.container.common.statemachine.DatanodeStateMachine.lambda$initCommandHandlerThread$2(DatanodeStateMachine.java:498)
	at java.lang.Thread.run(Thread.java:748)
Caused by: org.apache.ratis.protocol.exceptions.GroupMismatchException: 0e8fc707-3157-4ba9-8ca0-1e159f3dc0e9: Group group-7A6015F1F07A not found.
	at org.apache.ratis.server.impl.RaftServerProxy.groupRemoveAsync(RaftServerProxy.java:445)
	at org.apache.ratis.server.impl.RaftServerProxy.groupManagementAsync(RaftServerProxy.java:401)
	at org.apache.ratis.server.impl.RaftServerProxy.groupManagement(RaftServerProxy.java:381)
	at org.apache.hadoop.ozone.container.common.transport.server.ratis.XceiverServerRatis.removeGroup(XceiverServerRatis.java:772)
	... 4 more
2020-12-17 06:17:26,134 [Command processor thread] WARN  impl.RaftServerProxy (RaftServerProxy.java:remove(99)) - 0e8fc707-3157-4ba9-8ca0-1e159f3dc0e9: does not contain group: group-1D44EBE411FF
2020-12-17 06:17:26,134 [Command processor thread] ERROR commandhandler.ClosePipelineCommandHandler (ClosePipelineCommandHandler.java:handle(78)) - Can't close pipeline PipelineID=0769a2cb-477e-42c6-8fa5-1d44ebe411ff
java.io.IOException: 0e8fc707-3157-4ba9-8ca0-1e159f3dc0e9: Group group-1D44EBE411FF not found.
	at org.apache.hadoop.ozone.container.common.transport.server.ratis.XceiverServerRatis.removeGroup(XceiverServerRatis.java:774)
	at org.apache.hadoop.ozone.container.common.statemachine.commandhandler.ClosePipelineCommandHandler.handle(ClosePipelineCommandHandler.java:74)
	at org.apache.hadoop.ozone.container.common.statemachine.commandhandler.CommandDispatcher.handle(CommandDispatcher.java:99)
	at org.apache.hadoop.ozone.container.common.statemachine.DatanodeStateMachine.lambda$initCommandHandlerThread$2(DatanodeStateMachine.java:498)
	at java.lang.Thread.run(Thread.java:748)
Caused by: org.apache.ratis.protocol.exceptions.GroupMismatchException: 0e8fc707-3157-4ba9-8ca0-1e159f3dc0e9: Group group-1D44EBE411FF not found.
	at org.apache.ratis.server.impl.RaftServerProxy.groupRemoveAsync(RaftServerProxy.java:445)
	at org.apache.ratis.server.impl.RaftServerProxy.groupManagementAsync(RaftServerProxy.java:401)
	at org.apache.ratis.server.impl.RaftServerProxy.groupManagement(RaftServerProxy.java:381)
	at org.apache.hadoop.ozone.container.common.transport.server.ratis.XceiverServerRatis.removeGroup(XceiverServerRatis.java:772)
	... 4 more
2020-12-17 06:17:26,134 [Command processor thread] WARN  impl.RaftServerProxy (RaftServerProxy.java:remove(99)) - 0e8fc707-3157-4ba9-8ca0-1e159f3dc0e9: does not contain group: group-7A6015F1F07A
2020-12-17 06:17:26,134 [Command processor thread] ERROR commandhandler.ClosePipelineCommandHandler (ClosePipelineCommandHandler.java:handle(78)) - Can't close pipeline PipelineID=34bd1f3b-6966-4254-a5a5-7a6015f1f07a
java.io.IOException: 0e8fc707-3157-4ba9-8ca0-1e159f3dc0e9: Group group-7A6015F1F07A not found.
	at org.apache.hadoop.ozone.container.common.transport.server.ratis.XceiverServerRatis.removeGroup(XceiverServerRatis.java:774)
	at org.apache.hadoop.ozone.container.common.statemachine.commandhandler.ClosePipelineCommandHandler.handle(ClosePipelineCommandHandler.java:74)
	at org.apache.hadoop.ozone.container.common.statemachine.commandhandler.CommandDispatcher.handle(CommandDispatcher.java:99)
	at org.apache.hadoop.ozone.container.common.statemachine.DatanodeStateMachine.lambda$initCommandHandlerThread$2(DatanodeStateMachine.java:498)
	at java.lang.Thread.run(Thread.java:748)
Caused by: org.apache.ratis.protocol.exceptions.GroupMismatchException: 0e8fc707-3157-4ba9-8ca0-1e159f3dc0e9: Group group-7A6015F1F07A not found.
	at org.apache.ratis.server.impl.RaftServerProxy.groupRemoveAsync(RaftServerProxy.java:445)
	at org.apache.ratis.server.impl.RaftServerProxy.groupManagementAsync(RaftServerProxy.java:401)
	at org.apache.ratis.server.impl.RaftServerProxy.groupManagement(RaftServerProxy.java:381)
	at org.apache.hadoop.ozone.container.common.transport.server.ratis.XceiverServerRatis.removeGroup(XceiverServerRatis.java:772)
	... 4 more
2020-12-17 06:17:26,136 [Command processor thread] INFO  impl.RaftServerImpl (RaftServerImpl.java:groupRemove(299)) - 498f54dd-f545-4970-aaf6-8938e8aa224a@group-1D44EBE411FF: Succeed to remove RaftStorageDirectory Storage Directory /github/workspace/mnt/ozone/hadoop-ozone/integration-test/target/test-dir/MiniOzoneClusterImpl-b9d63ab2-cea4-44c4-9857-355e5256a975/datanode-0/data/ratis/0769a2cb-477e-42c6-8fa5-1d44ebe411ff
2020-12-17 06:17:26,136 [Command processor thread] INFO  commandhandler.ClosePipelineCommandHandler (ClosePipelineCommandHandler.java:handle(75)) - Close Pipeline PipelineID=0769a2cb-477e-42c6-8fa5-1d44ebe411ff command on datanode 498f54dd-f545-4970-aaf6-8938e8aa224a.
2020-12-17 06:17:26,136 [Command processor thread] INFO  impl.RaftServerProxy (RaftServerProxy.java:remove(104)) - 498f54dd-f545-4970-aaf6-8938e8aa224a: remove    LEADER 498f54dd-f545-4970-aaf6-8938e8aa224a@group-3C8BEE36B590:t1, leader=498f54dd-f545-4970-aaf6-8938e8aa224a, voted=498f54dd-f545-4970-aaf6-8938e8aa224a, raftlog=498f54dd-f545-4970-aaf6-8938e8aa224a@group-3C8BEE36B590-SegmentedRaftLog:OPENED:c0,f0,i0, conf=0: [498f54dd-f545-4970-aaf6-8938e8aa224a|rpc:172.17.0.2:38939|dataStream:], old=null RUNNING
2020-12-17 06:17:26,136 [Command processor thread] INFO  impl.RaftServerImpl (RaftServerImpl.java:lambda$shutdown$3(328)) - 498f54dd-f545-4970-aaf6-8938e8aa224a@group-3C8BEE36B590: shutdown
2020-12-17 06:17:26,136 [Command processor thread] INFO  util.JmxRegister (JmxRegister.java:unregister(73)) - Successfully un-registered JMX Bean with object name Ratis:service=RaftServer,group=group-3C8BEE36B590,id=498f54dd-f545-4970-aaf6-8938e8aa224a
2020-12-17 06:17:26,136 [Command processor thread] INFO  impl.RoleInfo (RoleInfo.java:shutdownLeaderState(104)) - 498f54dd-f545-4970-aaf6-8938e8aa224a: shutdown 498f54dd-f545-4970-aaf6-8938e8aa224a@group-3C8BEE36B590-LeaderState
2020-12-17 06:17:26,136 [Command processor thread] INFO  impl.PendingRequests (PendingRequests.java:sendNotLeaderResponses(250)) - 498f54dd-f545-4970-aaf6-8938e8aa224a@group-3C8BEE36B590-PendingRequests: sendNotLeaderResponses
2020-12-17 06:17:26,136 [Command processor thread] INFO  metrics.RatisMetrics (RatisMetrics.java:unregister(43)) - Unregistering Metrics Registry : ratis.log_appender.498f54dd-f545-4970-aaf6-8938e8aa224a@group-3C8BEE36B590
2020-12-17 06:17:26,136 [Command processor thread] INFO  metrics.RatisMetrics (RatisMetrics.java:unregister(43)) - Unregistering Metrics Registry : ratis.server.498f54dd-f545-4970-aaf6-8938e8aa224a@group-3C8BEE36B590
2020-12-17 06:17:26,138 [498f54dd-f545-4970-aaf6-8938e8aa224a@group-3C8BEE36B590-StateMachineUpdater] INFO  ratis.ContainerStateMachine (ContainerStateMachine.java:takeSnapshot(293)) - group-3C8BEE36B590: Taking a snapshot at:(t:1, i:0) file /github/workspace/mnt/ozone/hadoop-ozone/integration-test/target/test-dir/MiniOzoneClusterImpl-b9d63ab2-cea4-44c4-9857-355e5256a975/datanode-0/data/ratis/4b68c00b-152b-44f6-8d9e-3c8bee36b590/sm/snapshot.1_0
2020-12-17 06:17:26,138 [Command processor thread] INFO  impl.StateMachineUpdater (StateMachineUpdater.java:stopAndJoin(147)) - 498f54dd-f545-4970-aaf6-8938e8aa224a@group-3C8BEE36B590-StateMachineUpdater: set stopIndex = 0
2020-12-17 06:17:26,139 [498f54dd-f545-4970-aaf6-8938e8aa224a@group-3C8BEE36B590-StateMachineUpdater] INFO  ratis.ContainerStateMachine (ContainerStateMachine.java:takeSnapshot(304)) - group-3C8BEE36B590: Finished taking a snapshot at:(t:1, i:0) file:/github/workspace/mnt/ozone/hadoop-ozone/integration-test/target/test-dir/MiniOzoneClusterImpl-b9d63ab2-cea4-44c4-9857-355e5256a975/datanode-0/data/ratis/4b68c00b-152b-44f6-8d9e-3c8bee36b590/sm/snapshot.1_0 time:1
2020-12-17 06:17:26,139 [498f54dd-f545-4970-aaf6-8938e8aa224a@group-3C8BEE36B590-StateMachineUpdater] INFO  impl.StateMachineUpdater (StateMachineUpdater.java:takeSnapshot(278)) - 498f54dd-f545-4970-aaf6-8938e8aa224a@group-3C8BEE36B590-StateMachineUpdater: Took a snapshot at index 0
2020-12-17 06:17:26,139 [498f54dd-f545-4970-aaf6-8938e8aa224a@group-3C8BEE36B590-StateMachineUpdater] INFO  impl.StateMachineUpdater (StateMachineUpdater.java:lambda$new$0(87)) - 498f54dd-f545-4970-aaf6-8938e8aa224a@group-3C8BEE36B590-StateMachineUpdater: snapshotIndex: updateIncreasingly -1 -> 0
2020-12-17 06:17:26,139 [498f54dd-f545-4970-aaf6-8938e8aa224a@group-3C8BEE36B590-StateMachineUpdater] INFO  metrics.RatisMetrics (RatisMetrics.java:unregister(43)) - Unregistering Metrics Registry : ratis.state_machine.498f54dd-f545-4970-aaf6-8938e8aa224a@group-3C8BEE36B590
2020-12-17 06:17:26,139 [Command processor thread] INFO  impl.RaftServerImpl (ServerState.java:close(406)) - 498f54dd-f545-4970-aaf6-8938e8aa224a@group-3C8BEE36B590: closes. applyIndex: 0
2020-12-17 06:17:26,139 [498f54dd-f545-4970-aaf6-8938e8aa224a@group-3C8BEE36B590-SegmentedRaftLogWorker] INFO  segmented.SegmentedRaftLogWorker (SegmentedRaftLogWorker.java:run(329)) - 498f54dd-f545-4970-aaf6-8938e8aa224a@group-3C8BEE36B590-SegmentedRaftLogWorker was interrupted, exiting. There are 0 tasks remaining in the queue.
2020-12-17 06:17:26,139 [Command processor thread] INFO  segmented.SegmentedRaftLogWorker (SegmentedRaftLogWorker.java:close(235)) - 498f54dd-f545-4970-aaf6-8938e8aa224a@group-3C8BEE36B590-SegmentedRaftLogWorker close()
2020-12-17 06:17:26,140 [Command processor thread] INFO  metrics.RatisMetrics (RatisMetrics.java:unregister(43)) - Unregistering Metrics Registry : ratis.log_worker.498f54dd-f545-4970-aaf6-8938e8aa224a@group-3C8BEE36B590
2020-12-17 06:17:26,140 [Command processor thread] INFO  metrics.RatisMetrics (RatisMetrics.java:unregister(43)) - Unregistering Metrics Registry : ratis.leader_election.498f54dd-f545-4970-aaf6-8938e8aa224a@group-3C8BEE36B590
2020-12-17 06:17:26,140 [Command processor thread] INFO  metrics.RatisMetrics (RatisMetrics.java:unregister(43)) - Unregistering Metrics Registry : ratis.server.498f54dd-f545-4970-aaf6-8938e8aa224a@group-3C8BEE36B590
2020-12-17 06:17:26,141 [Command processor thread] INFO  impl.RaftServerImpl (RaftServerImpl.java:groupRemove(299)) - 498f54dd-f545-4970-aaf6-8938e8aa224a@group-3C8BEE36B590: Succeed to remove RaftStorageDirectory Storage Directory /github/workspace/mnt/ozone/hadoop-ozone/integration-test/target/test-dir/MiniOzoneClusterImpl-b9d63ab2-cea4-44c4-9857-355e5256a975/datanode-0/data/ratis/4b68c00b-152b-44f6-8d9e-3c8bee36b590
2020-12-17 06:17:26,141 [Command processor thread] INFO  commandhandler.ClosePipelineCommandHandler (ClosePipelineCommandHandler.java:handle(75)) - Close Pipeline PipelineID=4b68c00b-152b-44f6-8d9e-3c8bee36b590 command on datanode 498f54dd-f545-4970-aaf6-8938e8aa224a.
2020-12-17 06:17:26,141 [Command processor thread] WARN  impl.RaftServerProxy (RaftServerProxy.java:remove(99)) - 498f54dd-f545-4970-aaf6-8938e8aa224a: does not contain group: group-1D44EBE411FF
2020-12-17 06:17:26,141 [Command processor thread] ERROR commandhandler.ClosePipelineCommandHandler (ClosePipelineCommandHandler.java:handle(78)) - Can't close pipeline PipelineID=0769a2cb-477e-42c6-8fa5-1d44ebe411ff
java.io.IOException: 498f54dd-f545-4970-aaf6-8938e8aa224a: Group group-1D44EBE411FF not found.
	at org.apache.hadoop.ozone.container.common.transport.server.ratis.XceiverServerRatis.removeGroup(XceiverServerRatis.java:774)
	at org.apache.hadoop.ozone.container.common.statemachine.commandhandler.ClosePipelineCommandHandler.handle(ClosePipelineCommandHandler.java:74)
	at org.apache.hadoop.ozone.container.common.statemachine.commandhandler.CommandDispatcher.handle(CommandDispatcher.java:99)
	at org.apache.hadoop.ozone.container.common.statemachine.DatanodeStateMachine.lambda$initCommandHandlerThread$2(DatanodeStateMachine.java:498)
	at java.lang.Thread.run(Thread.java:748)
Caused by: org.apache.ratis.protocol.exceptions.GroupMismatchException: 498f54dd-f545-4970-aaf6-8938e8aa224a: Group group-1D44EBE411FF not found.
	at org.apache.ratis.server.impl.RaftServerProxy.groupRemoveAsync(RaftServerProxy.java:445)
	at org.apache.ratis.server.impl.RaftServerProxy.groupManagementAsync(RaftServerProxy.java:401)
	at org.apache.ratis.server.impl.RaftServerProxy.groupManagement(RaftServerProxy.java:381)
	at org.apache.hadoop.ozone.container.common.transport.server.ratis.XceiverServerRatis.removeGroup(XceiverServerRatis.java:772)
	... 4 more
2020-12-17 06:17:26,141 [Command processor thread] WARN  impl.RaftServerProxy (RaftServerProxy.java:remove(99)) - 498f54dd-f545-4970-aaf6-8938e8aa224a: does not contain group: group-3C8BEE36B590
2020-12-17 06:17:26,141 [Command processor thread] ERROR commandhandler.ClosePipelineCommandHandler (ClosePipelineCommandHandler.java:handle(78)) - Can't close pipeline PipelineID=4b68c00b-152b-44f6-8d9e-3c8bee36b590
java.io.IOException: 498f54dd-f545-4970-aaf6-8938e8aa224a: Group group-3C8BEE36B590 not found.
	at org.apache.hadoop.ozone.container.common.transport.server.ratis.XceiverServerRatis.removeGroup(XceiverServerRatis.java:774)
	at org.apache.hadoop.ozone.container.common.statemachine.commandhandler.ClosePipelineCommandHandler.handle(ClosePipelineCommandHandler.java:74)
	at org.apache.hadoop.ozone.container.common.statemachine.commandhandler.CommandDispatcher.handle(CommandDispatcher.java:99)
	at org.apache.hadoop.ozone.container.common.statemachine.DatanodeStateMachine.lambda$initCommandHandlerThread$2(DatanodeStateMachine.java:498)
	at java.lang.Thread.run(Thread.java:748)
Caused by: org.apache.ratis.protocol.exceptions.GroupMismatchException: 498f54dd-f545-4970-aaf6-8938e8aa224a: Group group-3C8BEE36B590 not found.
	at org.apache.ratis.server.impl.RaftServerProxy.groupRemoveAsync(RaftServerProxy.java:445)
	at org.apache.ratis.server.impl.RaftServerProxy.groupManagementAsync(RaftServerProxy.java:401)
	at org.apache.ratis.server.impl.RaftServerProxy.groupManagement(RaftServerProxy.java:381)
	at org.apache.hadoop.ozone.container.common.transport.server.ratis.XceiverServerRatis.removeGroup(XceiverServerRatis.java:772)
	... 4 more
2020-12-17 06:17:26,142 [Command processor thread] WARN  impl.RaftServerProxy (RaftServerProxy.java:remove(99)) - 498f54dd-f545-4970-aaf6-8938e8aa224a: does not contain group: group-1D44EBE411FF
2020-12-17 06:17:26,142 [Command processor thread] ERROR commandhandler.ClosePipelineCommandHandler (ClosePipelineCommandHandler.java:handle(78)) - Can't close pipeline PipelineID=0769a2cb-477e-42c6-8fa5-1d44ebe411ff
java.io.IOException: 498f54dd-f545-4970-aaf6-8938e8aa224a: Group group-1D44EBE411FF not found.
	at org.apache.hadoop.ozone.container.common.transport.server.ratis.XceiverServerRatis.removeGroup(XceiverServerRatis.java:774)
	at org.apache.hadoop.ozone.container.common.statemachine.commandhandler.ClosePipelineCommandHandler.handle(ClosePipelineCommandHandler.java:74)
	at org.apache.hadoop.ozone.container.common.statemachine.commandhandler.CommandDispatcher.handle(CommandDispatcher.java:99)
	at org.apache.hadoop.ozone.container.common.statemachine.DatanodeStateMachine.lambda$initCommandHandlerThread$2(DatanodeStateMachine.java:498)
	at java.lang.Thread.run(Thread.java:748)
Caused by: org.apache.ratis.protocol.exceptions.GroupMismatchException: 498f54dd-f545-4970-aaf6-8938e8aa224a: Group group-1D44EBE411FF not found.
	at org.apache.ratis.server.impl.RaftServerProxy.groupRemoveAsync(RaftServerProxy.java:445)
	at org.apache.ratis.server.impl.RaftServerProxy.groupManagementAsync(RaftServerProxy.java:401)
	at org.apache.ratis.server.impl.RaftServerProxy.groupManagement(RaftServerProxy.java:381)
	at org.apache.hadoop.ozone.container.common.transport.server.ratis.XceiverServerRatis.removeGroup(XceiverServerRatis.java:772)
	... 4 more
2020-12-17 06:17:26,142 [Command processor thread] WARN  impl.RaftServerProxy (RaftServerProxy.java:remove(99)) - 498f54dd-f545-4970-aaf6-8938e8aa224a: does not contain group: group-3C8BEE36B590
2020-12-17 06:17:26,142 [Command processor thread] ERROR commandhandler.ClosePipelineCommandHandler (ClosePipelineCommandHandler.java:handle(78)) - Can't close pipeline PipelineID=4b68c00b-152b-44f6-8d9e-3c8bee36b590
java.io.IOException: 498f54dd-f545-4970-aaf6-8938e8aa224a: Group group-3C8BEE36B590 not found.
	at org.apache.hadoop.ozone.container.common.transport.server.ratis.XceiverServerRatis.removeGroup(XceiverServerRatis.java:774)
	at org.apache.hadoop.ozone.container.common.statemachine.commandhandler.ClosePipelineCommandHandler.handle(ClosePipelineCommandHandler.java:74)
	at org.apache.hadoop.ozone.container.common.statemachine.commandhandler.CommandDispatcher.handle(CommandDispatcher.java:99)
	at org.apache.hadoop.ozone.container.common.statemachine.DatanodeStateMachine.lambda$initCommandHandlerThread$2(DatanodeStateMachine.java:498)
	at java.lang.Thread.run(Thread.java:748)
Caused by: org.apache.ratis.protocol.exceptions.GroupMismatchException: 498f54dd-f545-4970-aaf6-8938e8aa224a: Group group-3C8BEE36B590 not found.
	at org.apache.ratis.server.impl.RaftServerProxy.groupRemoveAsync(RaftServerProxy.java:445)
	at org.apache.ratis.server.impl.RaftServerProxy.groupManagementAsync(RaftServerProxy.java:401)
	at org.apache.ratis.server.impl.RaftServerProxy.groupManagement(RaftServerProxy.java:381)
	at org.apache.hadoop.ozone.container.common.transport.server.ratis.XceiverServerRatis.removeGroup(XceiverServerRatis.java:772)
	... 4 more
2020-12-17 06:17:26,142 [Command processor thread] WARN  impl.RaftServerProxy (RaftServerProxy.java:remove(99)) - 498f54dd-f545-4970-aaf6-8938e8aa224a: does not contain group: group-1D44EBE411FF
2020-12-17 06:17:26,142 [Command processor thread] ERROR commandhandler.ClosePipelineCommandHandler (ClosePipelineCommandHandler.java:handle(78)) - Can't close pipeline PipelineID=0769a2cb-477e-42c6-8fa5-1d44ebe411ff
java.io.IOException: 498f54dd-f545-4970-aaf6-8938e8aa224a: Group group-1D44EBE411FF not found.
	at org.apache.hadoop.ozone.container.common.transport.server.ratis.XceiverServerRatis.removeGroup(XceiverServerRatis.java:774)
	at org.apache.hadoop.ozone.container.common.statemachine.commandhandler.ClosePipelineCommandHandler.handle(ClosePipelineCommandHandler.java:74)
	at org.apache.hadoop.ozone.container.common.statemachine.commandhandler.CommandDispatcher.handle(CommandDispatcher.java:99)
	at org.apache.hadoop.ozone.container.common.statemachine.DatanodeStateMachine.lambda$initCommandHandlerThread$2(DatanodeStateMachine.java:498)
	at java.lang.Thread.run(Thread.java:748)
Caused by: org.apache.ratis.protocol.exceptions.GroupMismatchException: 498f54dd-f545-4970-aaf6-8938e8aa224a: Group group-1D44EBE411FF not found.
	at org.apache.ratis.server.impl.RaftServerProxy.groupRemoveAsync(RaftServerProxy.java:445)
	at org.apache.ratis.server.impl.RaftServerProxy.groupManagementAsync(RaftServerProxy.java:401)
	at org.apache.ratis.server.impl.RaftServerProxy.groupManagement(RaftServerProxy.java:381)
	at org.apache.hadoop.ozone.container.common.transport.server.ratis.XceiverServerRatis.removeGroup(XceiverServerRatis.java:772)
	... 4 more
2020-12-17 06:17:26,142 [Command processor thread] WARN  impl.RaftServerProxy (RaftServerProxy.java:remove(99)) - 498f54dd-f545-4970-aaf6-8938e8aa224a: does not contain group: group-3C8BEE36B590
2020-12-17 06:17:26,143 [Command processor thread] ERROR commandhandler.ClosePipelineCommandHandler (ClosePipelineCommandHandler.java:handle(78)) - Can't close pipeline PipelineID=4b68c00b-152b-44f6-8d9e-3c8bee36b590
java.io.IOException: 498f54dd-f545-4970-aaf6-8938e8aa224a: Group group-3C8BEE36B590 not found.
	at org.apache.hadoop.ozone.container.common.transport.server.ratis.XceiverServerRatis.removeGroup(XceiverServerRatis.java:774)
	at org.apache.hadoop.ozone.container.common.statemachine.commandhandler.ClosePipelineCommandHandler.handle(ClosePipelineCommandHandler.java:74)
	at org.apache.hadoop.ozone.container.common.statemachine.commandhandler.CommandDispatcher.handle(CommandDispatcher.java:99)
	at org.apache.hadoop.ozone.container.common.statemachine.DatanodeStateMachine.lambda$initCommandHandlerThread$2(DatanodeStateMachine.java:498)
	at java.lang.Thread.run(Thread.java:748)
Caused by: org.apache.ratis.protocol.exceptions.GroupMismatchException: 498f54dd-f545-4970-aaf6-8938e8aa224a: Group group-3C8BEE36B590 not found.
	at org.apache.ratis.server.impl.RaftServerProxy.groupRemoveAsync(RaftServerProxy.java:445)
	at org.apache.ratis.server.impl.RaftServerProxy.groupManagementAsync(RaftServerProxy.java:401)
	at org.apache.ratis.server.impl.RaftServerProxy.groupManagement(RaftServerProxy.java:381)
	at org.apache.hadoop.ozone.container.common.transport.server.ratis.XceiverServerRatis.removeGroup(XceiverServerRatis.java:772)
	... 4 more
2020-12-17 06:17:26,143 [Command processor thread] WARN  impl.RaftServerProxy (RaftServerProxy.java:remove(99)) - 498f54dd-f545-4970-aaf6-8938e8aa224a: does not contain group: group-1D44EBE411FF
2020-12-17 06:17:26,143 [Command processor thread] ERROR commandhandler.ClosePipelineCommandHandler (ClosePipelineCommandHandler.java:handle(78)) - Can't close pipeline PipelineID=0769a2cb-477e-42c6-8fa5-1d44ebe411ff
java.io.IOException: 498f54dd-f545-4970-aaf6-8938e8aa224a: Group group-1D44EBE411FF not found.
	at org.apache.hadoop.ozone.container.common.transport.server.ratis.XceiverServerRatis.removeGroup(XceiverServerRatis.java:774)
	at org.apache.hadoop.ozone.container.common.statemachine.commandhandler.ClosePipelineCommandHandler.handle(ClosePipelineCommandHandler.java:74)
	at org.apache.hadoop.ozone.container.common.statemachine.commandhandler.CommandDispatcher.handle(CommandDispatcher.java:99)
	at org.apache.hadoop.ozone.container.common.statemachine.DatanodeStateMachine.lambda$initCommandHandlerThread$2(DatanodeStateMachine.java:498)
	at java.lang.Thread.run(Thread.java:748)
Caused by: org.apache.ratis.protocol.exceptions.GroupMismatchException: 498f54dd-f545-4970-aaf6-8938e8aa224a: Group group-1D44EBE411FF not found.
	at org.apache.ratis.server.impl.RaftServerProxy.groupRemoveAsync(RaftServerProxy.java:445)
	at org.apache.ratis.server.impl.RaftServerProxy.groupManagementAsync(RaftServerProxy.java:401)
	at org.apache.ratis.server.impl.RaftServerProxy.groupManagement(RaftServerProxy.java:381)
	at org.apache.hadoop.ozone.container.common.transport.server.ratis.XceiverServerRatis.removeGroup(XceiverServerRatis.java:772)
	... 4 more
2020-12-17 06:17:26,143 [Command processor thread] WARN  impl.RaftServerProxy (RaftServerProxy.java:remove(99)) - 498f54dd-f545-4970-aaf6-8938e8aa224a: does not contain group: group-3C8BEE36B590
2020-12-17 06:17:26,143 [Command processor thread] ERROR commandhandler.ClosePipelineCommandHandler (ClosePipelineCommandHandler.java:handle(78)) - Can't close pipeline PipelineID=4b68c00b-152b-44f6-8d9e-3c8bee36b590
java.io.IOException: 498f54dd-f545-4970-aaf6-8938e8aa224a: Group group-3C8BEE36B590 not found.
	at org.apache.hadoop.ozone.container.common.transport.server.ratis.XceiverServerRatis.removeGroup(XceiverServerRatis.java:774)
	at org.apache.hadoop.ozone.container.common.statemachine.commandhandler.ClosePipelineCommandHandler.handle(ClosePipelineCommandHandler.java:74)
	at org.apache.hadoop.ozone.container.common.statemachine.commandhandler.CommandDispatcher.handle(CommandDispatcher.java:99)
	at org.apache.hadoop.ozone.container.common.statemachine.DatanodeStateMachine.lambda$initCommandHandlerThread$2(DatanodeStateMachine.java:498)
	at java.lang.Thread.run(Thread.java:748)
Caused by: org.apache.ratis.protocol.exceptions.GroupMismatchException: 498f54dd-f545-4970-aaf6-8938e8aa224a: Group group-3C8BEE36B590 not found.
	at org.apache.ratis.server.impl.RaftServerProxy.groupRemoveAsync(RaftServerProxy.java:445)
	at org.apache.ratis.server.impl.RaftServerProxy.groupManagementAsync(RaftServerProxy.java:401)
	at org.apache.ratis.server.impl.RaftServerProxy.groupManagement(RaftServerProxy.java:381)
	at org.apache.hadoop.ozone.container.common.transport.server.ratis.XceiverServerRatis.removeGroup(XceiverServerRatis.java:772)
	... 4 more
2020-12-17 06:17:26,143 [Command processor thread] WARN  impl.RaftServerProxy (RaftServerProxy.java:remove(99)) - 498f54dd-f545-4970-aaf6-8938e8aa224a: does not contain group: group-1D44EBE411FF
2020-12-17 06:17:26,143 [Command processor thread] ERROR commandhandler.ClosePipelineCommandHandler (ClosePipelineCommandHandler.java:handle(78)) - Can't close pipeline PipelineID=0769a2cb-477e-42c6-8fa5-1d44ebe411ff
java.io.IOException: 498f54dd-f545-4970-aaf6-8938e8aa224a: Group group-1D44EBE411FF not found.
	at org.apache.hadoop.ozone.container.common.transport.server.ratis.XceiverServerRatis.removeGroup(XceiverServerRatis.java:774)
	at org.apache.hadoop.ozone.container.common.statemachine.commandhandler.ClosePipelineCommandHandler.handle(ClosePipelineCommandHandler.java:74)
	at org.apache.hadoop.ozone.container.common.statemachine.commandhandler.CommandDispatcher.handle(CommandDispatcher.java:99)
	at org.apache.hadoop.ozone.container.common.statemachine.DatanodeStateMachine.lambda$initCommandHandlerThread$2(DatanodeStateMachine.java:498)
	at java.lang.Thread.run(Thread.java:748)
Caused by: org.apache.ratis.protocol.exceptions.GroupMismatchException: 498f54dd-f545-4970-aaf6-8938e8aa224a: Group group-1D44EBE411FF not found.
	at org.apache.ratis.server.impl.RaftServerProxy.groupRemoveAsync(RaftServerProxy.java:445)
	at org.apache.ratis.server.impl.RaftServerProxy.groupManagementAsync(RaftServerProxy.java:401)
	at org.apache.ratis.server.impl.RaftServerProxy.groupManagement(RaftServerProxy.java:381)
	at org.apache.hadoop.ozone.container.common.transport.server.ratis.XceiverServerRatis.removeGroup(XceiverServerRatis.java:772)
	... 4 more
2020-12-17 06:17:26,143 [Command processor thread] WARN  impl.RaftServerProxy (RaftServerProxy.java:remove(99)) - 498f54dd-f545-4970-aaf6-8938e8aa224a: does not contain group: group-3C8BEE36B590
2020-12-17 06:17:26,143 [Command processor thread] ERROR commandhandler.ClosePipelineCommandHandler (ClosePipelineCommandHandler.java:handle(78)) - Can't close pipeline PipelineID=4b68c00b-152b-44f6-8d9e-3c8bee36b590
java.io.IOException: 498f54dd-f545-4970-aaf6-8938e8aa224a: Group group-3C8BEE36B590 not found.
	at org.apache.hadoop.ozone.container.common.transport.server.ratis.XceiverServerRatis.removeGroup(XceiverServerRatis.java:774)
	at org.apache.hadoop.ozone.container.common.statemachine.commandhandler.ClosePipelineCommandHandler.handle(ClosePipelineCommandHandler.java:74)
	at org.apache.hadoop.ozone.container.common.statemachine.commandhandler.CommandDispatcher.handle(CommandDispatcher.java:99)
	at org.apache.hadoop.ozone.container.common.statemachine.DatanodeStateMachine.lambda$initCommandHandlerThread$2(DatanodeStateMachine.java:498)
	at java.lang.Thread.run(Thread.java:748)
Caused by: org.apache.ratis.protocol.exceptions.GroupMismatchException: 498f54dd-f545-4970-aaf6-8938e8aa224a: Group group-3C8BEE36B590 not found.
	at org.apache.ratis.server.impl.RaftServerProxy.groupRemoveAsync(RaftServerProxy.java:445)
	at org.apache.ratis.server.impl.RaftServerProxy.groupManagementAsync(RaftServerProxy.java:401)
	at org.apache.ratis.server.impl.RaftServerProxy.groupManagement(RaftServerProxy.java:381)
	at org.apache.hadoop.ozone.container.common.transport.server.ratis.XceiverServerRatis.removeGroup(XceiverServerRatis.java:772)
	... 4 more
2020-12-17 06:17:26,150 [Listener at 127.0.0.1/38219] INFO  server.StorageContainerManager (StorageContainerManager.java:stop(832)) - Stopping Replication Manager Service.
2020-12-17 06:17:26,150 [Listener at 127.0.0.1/38219] INFO  container.ReplicationManager (ReplicationManager.java:stop(234)) - Replication Monitor Thread is not running.
2020-12-17 06:17:26,150 [Listener at 127.0.0.1/38219] INFO  server.StorageContainerManager (StorageContainerManager.java:stop(839)) - Stopping the Datanode Admin Monitor.
2020-12-17 06:17:26,150 [Listener at 127.0.0.1/38219] INFO  server.StorageContainerManager (StorageContainerManager.java:stop(846)) - Stopping Lease Manager of the command watchers
2020-12-17 06:17:26,150 [Listener at 127.0.0.1/38219] INFO  server.StorageContainerManager (StorageContainerManager.java:stop(853)) - Stopping datanode service RPC server
2020-12-17 06:17:26,150 [Listener at 127.0.0.1/38219] INFO  server.SCMDatanodeProtocolServer (SCMDatanodeProtocolServer.java:stop(369)) - Stopping the RPC server for DataNodes
2020-12-17 06:17:26,151 [Listener at 127.0.0.1/38219] INFO  ipc.Server (Server.java:stop(3359)) - Stopping server on 40601
2020-12-17 06:17:26,153 [IPC Server listener on 0] INFO  ipc.Server (Server.java:run(1330)) - Stopping IPC Server listener on 0
2020-12-17 06:17:26,154 [IPC Server Responder] INFO  ipc.Server (Server.java:run(1465)) - Stopping IPC Server Responder
2020-12-17 06:17:26,253 [SCM Heartbeat Processing Thread - 0] WARN  node.NodeStateManager (NodeStateManager.java:scheduleNextHealthCheck(688)) - Current Thread is interrupted, shutting down HB processing thread for Node Manager.
2020-12-17 06:17:26,254 [Listener at 127.0.0.1/38219] INFO  server.StorageContainerManager (StorageContainerManager.java:stop(861)) - Stopping block service RPC server
2020-12-17 06:17:26,254 [Listener at 127.0.0.1/38219] INFO  server.SCMBlockProtocolServer (SCMBlockProtocolServer.java:stop(159)) - Stopping the RPC server for Block Protocol
2020-12-17 06:17:26,254 [Listener at 127.0.0.1/38219] INFO  ipc.Server (Server.java:stop(3359)) - Stopping server on 42233
2020-12-17 06:17:26,254 [EndpointStateMachine task thread for /0.0.0.0:40601 - 0 ] WARN  statemachine.EndpointStateMachine (EndpointStateMachine.java:logIfNeeded(233)) - Unable to communicate to SCM server at 0.0.0.0:40601 for past 0 seconds.
java.io.EOFException: End of File Exception between local host is: "647233daa2c6/172.17.0.2"; destination host is: "0.0.0.0":40601; : java.io.EOFException; For more details see:  http://wiki.apache.org/hadoop/EOFException
	at sun.reflect.NativeConstructorAccessorImpl.newInstance0(Native Method)
	at sun.reflect.NativeConstructorAccessorImpl.newInstance(NativeConstructorAccessorImpl.java:62)
	at sun.reflect.DelegatingConstructorAccessorImpl.newInstance(DelegatingConstructorAccessorImpl.java:45)
	at java.lang.reflect.Constructor.newInstance(Constructor.java:423)
	at org.apache.hadoop.net.NetUtils.wrapWithMessage(NetUtils.java:833)
	at org.apache.hadoop.net.NetUtils.wrapException(NetUtils.java:791)
	at org.apache.hadoop.ipc.Client.getRpcResponse(Client.java:1549)
	at org.apache.hadoop.ipc.Client.call(Client.java:1491)
	at org.apache.hadoop.ipc.Client.call(Client.java:1388)
	at org.apache.hadoop.ipc.ProtobufRpcEngine$Invoker.invoke(ProtobufRpcEngine.java:233)
	at org.apache.hadoop.ipc.ProtobufRpcEngine$Invoker.invoke(ProtobufRpcEngine.java:118)
	at com.sun.proxy.$Proxy33.submitRequest(Unknown Source)
	at org.apache.hadoop.ozone.protocolPB.StorageContainerDatanodeProtocolClientSideTranslatorPB.submitRequest(StorageContainerDatanodeProtocolClientSideTranslatorPB.java:117)
	at org.apache.hadoop.ozone.protocolPB.StorageContainerDatanodeProtocolClientSideTranslatorPB.sendHeartbeat(StorageContainerDatanodeProtocolClientSideTranslatorPB.java:149)
	at org.apache.hadoop.ozone.container.common.states.endpoint.HeartbeatEndpointTask.call(HeartbeatEndpointTask.java:146)
	at org.apache.hadoop.ozone.container.common.states.endpoint.HeartbeatEndpointTask.call(HeartbeatEndpointTask.java:77)
	at java.util.concurrent.FutureTask.run(FutureTask.java:266)
	at java.util.concurrent.ThreadPoolExecutor.runWorker(ThreadPoolExecutor.java:1149)
	at java.util.concurrent.ThreadPoolExecutor$Worker.run(ThreadPoolExecutor.java:624)
	at java.lang.Thread.run(Thread.java:748)
Caused by: java.io.EOFException
	at java.io.DataInputStream.readInt(DataInputStream.java:392)
	at org.apache.hadoop.ipc.Client$IpcStreams.readResponse(Client.java:1850)
	at org.apache.hadoop.ipc.Client$Connection.receiveRpcResponse(Client.java:1183)
	at org.apache.hadoop.ipc.Client$Connection.run(Client.java:1079)
2020-12-17 06:17:26,257 [IPC Server Responder] INFO  ipc.Server (Server.java:run(1465)) - Stopping IPC Server Responder
2020-12-17 06:17:26,257 [IPC Server listener on 0] INFO  ipc.Server (Server.java:run(1330)) - Stopping IPC Server listener on 0
2020-12-17 06:17:26,260 [Listener at 127.0.0.1/38219] INFO  server.StorageContainerManager (StorageContainerManager.java:stop(868)) - Stopping the StorageContainerLocationProtocol RPC server
2020-12-17 06:17:26,260 [Listener at 127.0.0.1/38219] INFO  server.SCMClientProtocolServer (SCMClientProtocolServer.java:stop(168)) - Stopping the RPC server for Client Protocol
2020-12-17 06:17:26,260 [Listener at 127.0.0.1/38219] INFO  ipc.Server (Server.java:stop(3359)) - Stopping server on 41535
2020-12-17 06:17:26,261 [IPC Server listener on 0] INFO  ipc.Server (Server.java:run(1330)) - Stopping IPC Server listener on 0
2020-12-17 06:17:26,263 [IPC Server Responder] INFO  ipc.Server (Server.java:run(1465)) - Stopping IPC Server Responder
2020-12-17 06:17:26,263 [Listener at 127.0.0.1/38219] INFO  server.StorageContainerManager (StorageContainerManager.java:stop(875)) - Stopping Storage Container Manager HTTP server.
2020-12-17 06:17:26,264 [Listener at 127.0.0.1/38219] INFO  handler.ContextHandler (ContextHandler.java:doStop(1154)) - Stopped o.e.j.w.WebAppContext@3cce689c{scm,/,null,STOPPED}{file:/github/workspace/mnt/ozone/hadoop-ozone/integration-test/target/test-classes/webapps/scm}
2020-12-17 06:17:26,264 [Listener at 127.0.0.1/38219] INFO  server.AbstractConnector (AbstractConnector.java:doStop(381)) - Stopped ServerConnector@b6630a{HTTP/1.1, (http/1.1)}{0.0.0.0:0}
2020-12-17 06:17:26,264 [Listener at 127.0.0.1/38219] INFO  server.session (HouseKeeper.java:stopScavenging(149)) - node0 Stopped scavenging
2020-12-17 06:17:26,264 [Listener at 127.0.0.1/38219] INFO  handler.ContextHandler (ContextHandler.java:doStop(1154)) - Stopped o.e.j.s.ServletContextHandler@4b52e9cc{static,/static,file:///github/workspace/mnt/ozone/hadoop-ozone/integration-test/target/test-classes/webapps/static,STOPPED}
2020-12-17 06:17:26,264 [Listener at 127.0.0.1/38219] INFO  handler.ContextHandler (ContextHandler.java:doStop(1154)) - Stopped o.e.j.s.ServletContextHandler@20325baf{logs,/logs,file:///github/workspace/mnt/ozone/hadoop-ozone/integration-test/target/log,STOPPED}
2020-12-17 06:17:26,265 [Listener at 127.0.0.1/38219] INFO  server.StorageContainerManager (StorageContainerManager.java:stop(886)) - Stopping Block Manager Service.
2020-12-17 06:17:26,265 [Listener at 127.0.0.1/38219] INFO  utils.BackgroundService (BackgroundService.java:shutdown(132)) - Shutting down service SCMBlockDeletingService
2020-12-17 06:17:26,265 [Listener at 127.0.0.1/38219] INFO  utils.BackgroundService (BackgroundService.java:shutdown(132)) - Shutting down service SCMBlockDeletingService
2020-12-17 06:17:26,266 [Listener at 127.0.0.1/38219] INFO  server.StorageContainerManager (StorageContainerManager.java:stop(911)) - Stopping SCM Event Queue.
2020-12-17 06:17:26,273 [Listener at 127.0.0.1/38219] INFO  impl.MetricsSystemImpl (MetricsSystemImpl.java:stop(210)) - Stopping HddsDatanode metrics system...
2020-12-17 06:17:26,275 [Listener at 127.0.0.1/38219] INFO  impl.MetricsSystemImpl (MetricsSystemImpl.java:stop(216)) - HddsDatanode metrics system stopped.
2020-12-17 06:17:26,275 [Listener at 127.0.0.1/38219] WARN  server.ServerUtils (ServerUtils.java:getScmDbDir(148)) - ozone.scm.db.dirs is not configured. We recommend adding this setting. Falling back to ozone.metadata.dirs instead.
2020-12-17 06:17:26,276 [Listener at 127.0.0.1/38219] WARN  db.DBStoreBuilder (DBStoreBuilder.java:applyDBDefinition(145)) - ozone.scm.db.dirs is not configured. We recommend adding this setting. Falling back to ozone.metadata.dirs instead.
2020-12-17 06:17:26,295 [Listener at 127.0.0.1/38219] INFO  net.NodeSchemaLoader (NodeSchemaLoader.java:loadSchemaFromFile(126)) - Loading file from sun.misc.CompoundEnumeration@4570e934
2020-12-17 06:17:26,296 [Listener at 127.0.0.1/38219] INFO  net.NodeSchemaLoader (NodeSchemaLoader.java:loadSchema(172)) - Loading network topology layer schema file
2020-12-17 06:17:26,298 [Listener at 127.0.0.1/38219] INFO  node.SCMNodeManager (SCMNodeManager.java:<init>(123)) - Entering startup safe mode.
2020-12-17 06:17:26,299 [Listener at 127.0.0.1/38219] INFO  algorithms.ContainerPlacementPolicyFactory (ContainerPlacementPolicyFactory.java:getPolicy(60)) - Create container placement policy of type org.apache.hadoop.hdds.scm.container.placement.algorithms.SCMContainerPlacementRandom
2020-12-17 06:17:26,299 [Listener at 127.0.0.1/38219] INFO  algorithms.LeaderChoosePolicyFactory (LeaderChoosePolicyFactory.java:getPolicy(57)) - Create leader choose policy of type org.apache.hadoop.hdds.scm.pipeline.leader.choose.algorithms.DefaultLeaderChoosePolicy
2020-12-17 06:17:26,299 [Listener at 127.0.0.1/38219] INFO  pipeline.PipelineStateManager (PipelineStateManager.java:addPipeline(54)) - Created pipeline Pipeline[ Id: bb6cccf3-5cf6-4045-9dbb-41c1b0e789d6, Nodes: 257b61ee-eb6d-48eb-bce8-7b671ec5e6a0{ip: 172.17.0.2, host: 647233daa2c6, networkLocation: /default-rack, certSerialId: null, persistedOpState: IN_SERVICE, persistedOpStateExpiryEpochSec: 0}af686100-7e6c-4b70-9ed6-519c9a6108c4{ip: 172.17.0.2, host: 647233daa2c6, networkLocation: /default-rack, certSerialId: null, persistedOpState: IN_SERVICE, persistedOpStateExpiryEpochSec: 0}ebe706cb-1bab-4194-9c59-b1279774a307{ip: 172.17.0.2, host: 647233daa2c6, networkLocation: /default-rack, certSerialId: null, persistedOpState: IN_SERVICE, persistedOpStateExpiryEpochSec: 0}, Type:RATIS, Factor:THREE, State:OPEN, leaderId:af686100-7e6c-4b70-9ed6-519c9a6108c4, CreationTimestamp2020-12-17T06:17:26.299Z]
2020-12-17 06:17:26,299 [Listener at 127.0.0.1/38219] INFO  pipeline.PipelineStateManager (PipelineStateManager.java:addPipeline(54)) - Created pipeline Pipeline[ Id: c580aeca-e942-4d7b-9ad3-023009f6bfb2, Nodes: 257b61ee-eb6d-48eb-bce8-7b671ec5e6a0{ip: 172.17.0.2, host: 647233daa2c6, networkLocation: /default-rack, certSerialId: null, persistedOpState: IN_SERVICE, persistedOpStateExpiryEpochSec: 0}, Type:RATIS, Factor:ONE, State:OPEN, leaderId:257b61ee-eb6d-48eb-bce8-7b671ec5e6a0, CreationTimestamp2020-12-17T06:17:26.299Z]
2020-12-17 06:17:26,300 [Listener at 127.0.0.1/38219] INFO  pipeline.PipelineStateManager (PipelineStateManager.java:addPipeline(54)) - Created pipeline Pipeline[ Id: cc6c1aff-968e-4c79-bcea-500fcd4a5e49, Nodes: af686100-7e6c-4b70-9ed6-519c9a6108c4{ip: 172.17.0.2, host: 647233daa2c6, networkLocation: /default-rack, certSerialId: null, persistedOpState: IN_SERVICE, persistedOpStateExpiryEpochSec: 0}, Type:RATIS, Factor:ONE, State:OPEN, leaderId:af686100-7e6c-4b70-9ed6-519c9a6108c4, CreationTimestamp2020-12-17T06:17:26.300Z]
2020-12-17 06:17:26,300 [Listener at 127.0.0.1/38219] INFO  pipeline.PipelineStateManager (PipelineStateManager.java:addPipeline(54)) - Created pipeline Pipeline[ Id: f7dc8530-5d59-4fc6-81e7-24dc147e2eb2, Nodes: ebe706cb-1bab-4194-9c59-b1279774a307{ip: 172.17.0.2, host: 647233daa2c6, networkLocation: /default-rack, certSerialId: null, persistedOpState: IN_SERVICE, persistedOpStateExpiryEpochSec: 0}, Type:RATIS, Factor:ONE, State:OPEN, leaderId:ebe706cb-1bab-4194-9c59-b1279774a307, CreationTimestamp2020-12-17T06:17:26.300Z]
2020-12-17 06:17:26,300 [Listener at 127.0.0.1/38219] INFO  algorithms.PipelineChoosePolicyFactory (PipelineChoosePolicyFactory.java:createPipelineChoosePolicyFromClass(75)) - Create pipeline choose policy of type org.apache.hadoop.hdds.scm.pipeline.choose.algorithms.RandomPipelineChoosePolicy
2020-12-17 06:17:26,301 [Listener at 127.0.0.1/38219] INFO  safemode.HealthyPipelineSafeModeRule (HealthyPipelineSafeModeRule.java:<init>(89)) - Total pipeline count is 1, healthy pipeline threshold count is 1
2020-12-17 06:17:26,302 [Listener at 127.0.0.1/38219] INFO  safemode.OneReplicaPipelineSafeModeRule (OneReplicaPipelineSafeModeRule.java:<init>(84)) - Total pipeline count is 1, pipeline's with at least one datanode reported threshold count is 1
2020-12-17 06:17:26,305 [Listener at 127.0.0.1/38219] INFO  ipc.CallQueueManager (CallQueueManager.java:<init>(84)) - Using callQueue: class java.util.concurrent.LinkedBlockingQueue, queueCapacity: 2000, scheduler: class org.apache.hadoop.ipc.DefaultRpcScheduler, ipcBackoff: false.
2020-12-17 06:17:26,306 [Socket Reader #1 for port 40601] INFO  ipc.Server (Server.java:run(1219)) - Starting Socket Reader #1 for port 40601
2020-12-17 06:17:26,306 [Listener at 0.0.0.0/40601] INFO  ipc.CallQueueManager (CallQueueManager.java:<init>(84)) - Using callQueue: class java.util.concurrent.LinkedBlockingQueue, queueCapacity: 2000, scheduler: class org.apache.hadoop.ipc.DefaultRpcScheduler, ipcBackoff: false.
2020-12-17 06:17:26,307 [Socket Reader #1 for port 42233] INFO  ipc.Server (Server.java:run(1219)) - Starting Socket Reader #1 for port 42233
2020-12-17 06:17:26,307 [Listener at 0.0.0.0/42233] INFO  ipc.CallQueueManager (CallQueueManager.java:<init>(84)) - Using callQueue: class java.util.concurrent.LinkedBlockingQueue, queueCapacity: 2000, scheduler: class org.apache.hadoop.ipc.DefaultRpcScheduler, ipcBackoff: false.
2020-12-17 06:17:26,308 [Socket Reader #1 for port 41535] INFO  ipc.Server (Server.java:run(1219)) - Starting Socket Reader #1 for port 41535
2020-12-17 06:17:26,313 [Listener at 0.0.0.0/41535] INFO  http.BaseHttpServer (BaseHttpServer.java:newHttpServer2BuilderForOzone(207)) - Starting Web-server for scm at: http://0.0.0.0:36697
2020-12-17 06:17:26,313 [Listener at 0.0.0.0/41535] INFO  http.BaseHttpServer (BaseHttpServer.java:<init>(106)) - Hadoop Security Enabled: false Ozone Security Enabled: false Ozone HTTP Security Enabled: false 
2020-12-17 06:17:26,314 [Listener at 0.0.0.0/41535] INFO  server.AuthenticationFilter (AuthenticationFilter.java:constructSecretProvider(240)) - Unable to initialize FileSignerSecretProvider, falling back to use random secrets.
2020-12-17 06:17:26,315 [Listener at 0.0.0.0/41535] WARN  http.HttpRequestLog (HttpRequestLog.java:getRequestLog(103)) - Jetty request log can only be enabled using Log4j
2020-12-17 06:17:26,315 [Listener at 0.0.0.0/41535] INFO  http.HttpServer2 (HttpServer2.java:addGlobalFilter(1020)) - Added global filter 'safety' (class=org.apache.hadoop.hdds.server.http.HttpServer2$QuotingInputFilter)
2020-12-17 06:17:26,316 [Listener at 0.0.0.0/41535] INFO  http.HttpServer2 (HttpServer2.java:addFilter(996)) - Added filter static_user_filter (class=org.apache.hadoop.http.lib.StaticUserWebFilter$StaticUserFilter) to context scm
2020-12-17 06:17:26,316 [Listener at 0.0.0.0/41535] INFO  http.HttpServer2 (HttpServer2.java:addFilter(1004)) - Added filter static_user_filter (class=org.apache.hadoop.http.lib.StaticUserWebFilter$StaticUserFilter) to context static
2020-12-17 06:17:26,316 [Listener at 0.0.0.0/41535] INFO  http.HttpServer2 (HttpServer2.java:addFilter(1004)) - Added filter static_user_filter (class=org.apache.hadoop.http.lib.StaticUserWebFilter$StaticUserFilter) to context logs
2020-12-17 06:17:26,320 [Listener at 0.0.0.0/41535] INFO  server.StorageContainerManager (StorageContainerManager.java:start(789)) - StorageContainerLocationProtocol RPC server is listening at /0.0.0.0:41535
2020-12-17 06:17:26,321 [Listener at 0.0.0.0/41535] WARN  impl.MetricsConfig (MetricsConfig.java:loadFirst(134)) - Cannot locate configuration: tried hadoop-metrics2-storagecontainermanager.properties,hadoop-metrics2.properties
2020-12-17 06:17:26,323 [Listener at 0.0.0.0/41535] INFO  impl.MetricsSystemImpl (MetricsSystemImpl.java:startTimer(374)) - Scheduled Metric snapshot period at 10 second(s).
2020-12-17 06:17:26,323 [Listener at 0.0.0.0/41535] INFO  impl.MetricsSystemImpl (MetricsSystemImpl.java:start(191)) - StorageContainerManager metrics system started
2020-12-17 06:17:26,398 [Listener at 0.0.0.0/41535] WARN  impl.MetricsSystemImpl (MetricsSystemImpl.java:register(276)) - Sink prometheus already exists!
2020-12-17 06:17:26,434 [Listener at 0.0.0.0/41535] INFO  server.SCMClientProtocolServer (SCMClientProtocolServer.java:start(159)) - RPC server for Client  is listening at /0.0.0.0:41535
2020-12-17 06:17:26,434 [IPC Server Responder] INFO  ipc.Server (Server.java:run(1460)) - IPC Server Responder: starting
2020-12-17 06:17:26,434 [IPC Server listener on 41535] INFO  ipc.Server (Server.java:run(1298)) - IPC Server listener on 41535: starting
2020-12-17 06:17:26,448 [Listener at 0.0.0.0/41535] INFO  server.StorageContainerManager (StorageContainerManager.java:start(801)) - ScmBlockLocationProtocol RPC server is listening at /0.0.0.0:42233
2020-12-17 06:17:26,448 [Listener at 0.0.0.0/41535] INFO  server.SCMBlockProtocolServer (SCMBlockProtocolServer.java:start(150)) - RPC server for Block Protocol is listening at /0.0.0.0:42233
2020-12-17 06:17:26,449 [IPC Server Responder] INFO  ipc.Server (Server.java:run(1460)) - IPC Server Responder: starting
2020-12-17 06:17:26,453 [IPC Server listener on 42233] INFO  ipc.Server (Server.java:run(1298)) - IPC Server listener on 42233: starting
2020-12-17 06:17:26,462 [Listener at 0.0.0.0/41535] INFO  server.StorageContainerManager (StorageContainerManager.java:start(807)) - ScmDatanodeProtocl RPC server is listening at /0.0.0.0:40601
2020-12-17 06:17:26,462 [Listener at 0.0.0.0/41535] INFO  server.SCMDatanodeProtocolServer (SCMDatanodeProtocolServer.java:start(174)) - RPC server for DataNodes is listening at /0.0.0.0:40601
2020-12-17 06:17:26,462 [IPC Server Responder] INFO  ipc.Server (Server.java:run(1460)) - IPC Server Responder: starting
2020-12-17 06:17:26,465 [IPC Server listener on 40601] INFO  ipc.Server (Server.java:run(1298)) - IPC Server listener on 40601: starting
2020-12-17 06:17:26,474 [Listener at 0.0.0.0/41535] INFO  http.HttpServer2 (HttpServer2.java:bindListener(1238)) - Jetty bound to port 36697
2020-12-17 06:17:26,474 [Listener at 0.0.0.0/41535] INFO  server.Server (Server.java:doStart(375)) - jetty-9.4.34.v20201102; built: 2020-11-02T14:15:39.302Z; git: e46af88704a893fc12cb0e3bf46e2c7b48a009e7; jvm 1.8.0_232-b09
2020-12-17 06:17:26,475 [Listener at 0.0.0.0/41535] INFO  server.session (DefaultSessionIdManager.java:doStart(334)) - DefaultSessionIdManager workerName=node0
2020-12-17 06:17:26,475 [Listener at 0.0.0.0/41535] INFO  server.session (DefaultSessionIdManager.java:doStart(339)) - No SessionScavenger set, using defaults
2020-12-17 06:17:26,475 [Listener at 0.0.0.0/41535] INFO  server.session (HouseKeeper.java:startScavenging(132)) - node0 Scavenging every 600000ms
2020-12-17 06:17:26,476 [Listener at 0.0.0.0/41535] INFO  handler.ContextHandler (ContextHandler.java:doStart(916)) - Started o.e.j.s.ServletContextHandler@5b9b31e0{logs,/logs,file:///github/workspace/mnt/ozone/hadoop-ozone/integration-test/target/log,AVAILABLE}
2020-12-17 06:17:26,476 [Listener at 0.0.0.0/41535] INFO  handler.ContextHandler (ContextHandler.java:doStart(916)) - Started o.e.j.s.ServletContextHandler@55aa6fd0{static,/static,file:///github/workspace/mnt/ozone/hadoop-ozone/integration-test/target/test-classes/webapps/static,AVAILABLE}
2020-12-17 06:17:26,481 [Listener at 0.0.0.0/41535] INFO  handler.ContextHandler (ContextHandler.java:doStart(916)) - Started o.e.j.w.WebAppContext@4aab6203{scm,/,file:///github/workspace/mnt/ozone/hadoop-ozone/integration-test/target/test-classes/webapps/scm/,AVAILABLE}{file:/github/workspace/mnt/ozone/hadoop-ozone/integration-test/target/test-classes/webapps/scm}
2020-12-17 06:17:26,484 [Listener at 0.0.0.0/41535] INFO  server.AbstractConnector (AbstractConnector.java:doStart(331)) - Started ServerConnector@78941f94{HTTP/1.1, (http/1.1)}{0.0.0.0:36697}
2020-12-17 06:17:26,484 [Listener at 0.0.0.0/41535] INFO  server.Server (Server.java:doStart(415)) - Started @386002ms
2020-12-17 06:17:26,484 [Listener at 0.0.0.0/41535] WARN  impl.MetricsSystemImpl (MetricsSystemImpl.java:register(276)) - Sink prometheus already exists!
2020-12-17 06:17:26,488 [Listener at 0.0.0.0/41535] INFO  http.BaseHttpServer (BaseHttpServer.java:updateConnectorAddress(327)) - HTTP server of scm listening at http://0.0.0.0:36697
2020-12-17 06:17:26,488 [Listener at 0.0.0.0/41535] INFO  ozone.MiniOzoneClusterImpl (MiniOzoneClusterImpl.java:lambda$waitForClusterToBeReady$0(178)) - Waiting for nodes to be ready. Got 0 of 6 DN Heartbeats.
2020-12-17 06:17:26,488 [Listener at 0.0.0.0/41535] INFO  ozone.MiniOzoneClusterImpl (MiniOzoneClusterImpl.java:lambda$waitForClusterToBeReady$0(181)) - Waiting for cluster to exit safe mode
2020-12-17 06:17:26,488 [org.apache.hadoop.util.JvmPauseMonitor$Monitor@6dd835de] INFO  util.JvmPauseMonitor (JvmPauseMonitor.java:run(188)) - Starting JVM pause monitor
2020-12-17 06:17:27,100 [Command processor thread] INFO  impl.RaftServerProxy (RaftServerProxy.java:remove(104)) - 5c172e1d-997d-4dd3-baf9-9414c84d2cc3: remove  FOLLOWER 5c172e1d-997d-4dd3-baf9-9414c84d2cc3@group-1D44EBE411FF:t1, leader=498f54dd-f545-4970-aaf6-8938e8aa224a, voted=498f54dd-f545-4970-aaf6-8938e8aa224a, raftlog=5c172e1d-997d-4dd3-baf9-9414c84d2cc3@group-1D44EBE411FF-SegmentedRaftLog:OPENED:c42,f42,i42, conf=0: [0e8fc707-3157-4ba9-8ca0-1e159f3dc0e9|rpc:172.17.0.2:43839|dataStream:, 498f54dd-f545-4970-aaf6-8938e8aa224a|rpc:172.17.0.2:38939|dataStream:, 5c172e1d-997d-4dd3-baf9-9414c84d2cc3|rpc:172.17.0.2:45075|dataStream:], old=null RUNNING
2020-12-17 06:17:27,100 [Command processor thread] INFO  impl.RaftServerImpl (RaftServerImpl.java:lambda$shutdown$3(328)) - 5c172e1d-997d-4dd3-baf9-9414c84d2cc3@group-1D44EBE411FF: shutdown
2020-12-17 06:17:27,100 [Command processor thread] INFO  util.JmxRegister (JmxRegister.java:unregister(73)) - Successfully un-registered JMX Bean with object name Ratis:service=RaftServer,group=group-1D44EBE411FF,id=5c172e1d-997d-4dd3-baf9-9414c84d2cc3
2020-12-17 06:17:27,100 [Command processor thread] INFO  impl.RoleInfo (RoleInfo.java:shutdownFollowerState(121)) - 5c172e1d-997d-4dd3-baf9-9414c84d2cc3: shutdown 5c172e1d-997d-4dd3-baf9-9414c84d2cc3@group-1D44EBE411FF-FollowerState
2020-12-17 06:17:27,100 [Command processor thread] INFO  impl.StateMachineUpdater (StateMachineUpdater.java:stopAndJoin(147)) - 5c172e1d-997d-4dd3-baf9-9414c84d2cc3@group-1D44EBE411FF-StateMachineUpdater: set stopIndex = 42
2020-12-17 06:17:27,100 [Thread-5740] INFO  impl.FollowerState (FollowerState.java:run(137)) - 5c172e1d-997d-4dd3-baf9-9414c84d2cc3@group-1D44EBE411FF-FollowerState was interrupted: {}
java.lang.InterruptedException: sleep interrupted
	at java.lang.Thread.sleep(Native Method)
	at org.apache.ratis.util.JavaUtils.sleep(JavaUtils.java:250)
	at org.apache.ratis.server.impl.FollowerState.run(FollowerState.java:116)
2020-12-17 06:17:27,101 [5c172e1d-997d-4dd3-baf9-9414c84d2cc3@group-1D44EBE411FF-StateMachineUpdater] INFO  ratis.ContainerStateMachine (ContainerStateMachine.java:takeSnapshot(293)) - group-1D44EBE411FF: Taking a snapshot at:(t:1, i:42) file /github/workspace/mnt/ozone/hadoop-ozone/integration-test/target/test-dir/MiniOzoneClusterImpl-b9d63ab2-cea4-44c4-9857-355e5256a975/datanode-2/data/ratis/0769a2cb-477e-42c6-8fa5-1d44ebe411ff/sm/snapshot.1_42
2020-12-17 06:17:27,105 [5c172e1d-997d-4dd3-baf9-9414c84d2cc3@group-1D44EBE411FF-StateMachineUpdater] INFO  ratis.ContainerStateMachine (ContainerStateMachine.java:takeSnapshot(304)) - group-1D44EBE411FF: Finished taking a snapshot at:(t:1, i:42) file:/github/workspace/mnt/ozone/hadoop-ozone/integration-test/target/test-dir/MiniOzoneClusterImpl-b9d63ab2-cea4-44c4-9857-355e5256a975/datanode-2/data/ratis/0769a2cb-477e-42c6-8fa5-1d44ebe411ff/sm/snapshot.1_42 time:4
2020-12-17 06:17:27,105 [5c172e1d-997d-4dd3-baf9-9414c84d2cc3@group-1D44EBE411FF-StateMachineUpdater] INFO  impl.StateMachineUpdater (StateMachineUpdater.java:takeSnapshot(278)) - 5c172e1d-997d-4dd3-baf9-9414c84d2cc3@group-1D44EBE411FF-StateMachineUpdater: Took a snapshot at index 42
2020-12-17 06:17:27,105 [5c172e1d-997d-4dd3-baf9-9414c84d2cc3@group-1D44EBE411FF-StateMachineUpdater] INFO  impl.StateMachineUpdater (StateMachineUpdater.java:lambda$new$0(87)) - 5c172e1d-997d-4dd3-baf9-9414c84d2cc3@group-1D44EBE411FF-StateMachineUpdater: snapshotIndex: updateIncreasingly -1 -> 42
2020-12-17 06:17:27,105 [5c172e1d-997d-4dd3-baf9-9414c84d2cc3@group-1D44EBE411FF-StateMachineUpdater] INFO  metrics.RatisMetrics (RatisMetrics.java:unregister(43)) - Unregistering Metrics Registry : ratis.state_machine.5c172e1d-997d-4dd3-baf9-9414c84d2cc3@group-1D44EBE411FF
2020-12-17 06:17:27,105 [Command processor thread] INFO  impl.RaftServerImpl (ServerState.java:close(406)) - 5c172e1d-997d-4dd3-baf9-9414c84d2cc3@group-1D44EBE411FF: closes. applyIndex: 42
2020-12-17 06:17:27,105 [5c172e1d-997d-4dd3-baf9-9414c84d2cc3@group-1D44EBE411FF-SegmentedRaftLogWorker] INFO  segmented.SegmentedRaftLogWorker (SegmentedRaftLogWorker.java:run(329)) - 5c172e1d-997d-4dd3-baf9-9414c84d2cc3@group-1D44EBE411FF-SegmentedRaftLogWorker was interrupted, exiting. There are 0 tasks remaining in the queue.
2020-12-17 06:17:27,106 [Command processor thread] INFO  segmented.SegmentedRaftLogWorker (SegmentedRaftLogWorker.java:close(235)) - 5c172e1d-997d-4dd3-baf9-9414c84d2cc3@group-1D44EBE411FF-SegmentedRaftLogWorker close()
2020-12-17 06:17:27,107 [Command processor thread] INFO  metrics.RatisMetrics (RatisMetrics.java:unregister(43)) - Unregistering Metrics Registry : ratis.log_worker.5c172e1d-997d-4dd3-baf9-9414c84d2cc3@group-1D44EBE411FF
2020-12-17 06:17:27,107 [Command processor thread] INFO  metrics.RatisMetrics (RatisMetrics.java:unregister(43)) - Unregistering Metrics Registry : ratis.leader_election.5c172e1d-997d-4dd3-baf9-9414c84d2cc3@group-1D44EBE411FF
2020-12-17 06:17:27,107 [Command processor thread] INFO  metrics.RatisMetrics (RatisMetrics.java:unregister(43)) - Unregistering Metrics Registry : ratis.server.5c172e1d-997d-4dd3-baf9-9414c84d2cc3@group-1D44EBE411FF
2020-12-17 06:17:27,110 [Command processor thread] INFO  keyvalue.KeyValueContainer (KeyValueContainer.java:flushAndSyncDB(388)) - Container 1 is synced with bcsId 40.
2020-12-17 06:17:27,110 [Command processor thread] INFO  keyvalue.KeyValueContainer (KeyValueContainer.java:flushAndSyncDB(388)) - Container 1 is synced with bcsId 40.
2020-12-17 06:17:27,114 [Datanode State Machine Thread - 0] WARN  statemachine.StateContext (StateContext.java:execute(532)) - No available thread in pool for past 1 seconds.
2020-12-17 06:17:27,115 [Command processor thread] INFO  keyvalue.KeyValueContainer (KeyValueContainer.java:flushAndSyncDB(388)) - Container 2 is synced with bcsId 36.
2020-12-17 06:17:27,115 [Command processor thread] INFO  keyvalue.KeyValueContainer (KeyValueContainer.java:flushAndSyncDB(388)) - Container 2 is synced with bcsId 36.
2020-12-17 06:17:27,117 [Command processor thread] INFO  impl.RaftServerImpl (RaftServerImpl.java:groupRemove(299)) - 5c172e1d-997d-4dd3-baf9-9414c84d2cc3@group-1D44EBE411FF: Succeed to remove RaftStorageDirectory Storage Directory /github/workspace/mnt/ozone/hadoop-ozone/integration-test/target/test-dir/MiniOzoneClusterImpl-b9d63ab2-cea4-44c4-9857-355e5256a975/datanode-2/data/ratis/0769a2cb-477e-42c6-8fa5-1d44ebe411ff
2020-12-17 06:17:27,117 [Command processor thread] INFO  commandhandler.ClosePipelineCommandHandler (ClosePipelineCommandHandler.java:handle(75)) - Close Pipeline PipelineID=0769a2cb-477e-42c6-8fa5-1d44ebe411ff command on datanode 5c172e1d-997d-4dd3-baf9-9414c84d2cc3.
2020-12-17 06:17:27,117 [Command processor thread] INFO  impl.RaftServerProxy (RaftServerProxy.java:remove(104)) - 5c172e1d-997d-4dd3-baf9-9414c84d2cc3: remove    LEADER 5c172e1d-997d-4dd3-baf9-9414c84d2cc3@group-E975F43F3C1E:t1, leader=5c172e1d-997d-4dd3-baf9-9414c84d2cc3, voted=5c172e1d-997d-4dd3-baf9-9414c84d2cc3, raftlog=5c172e1d-997d-4dd3-baf9-9414c84d2cc3@group-E975F43F3C1E-SegmentedRaftLog:OPENED:c0,f0,i0, conf=0: [5c172e1d-997d-4dd3-baf9-9414c84d2cc3|rpc:172.17.0.2:45075|dataStream:], old=null RUNNING
2020-12-17 06:17:27,117 [Command processor thread] INFO  impl.RaftServerImpl (RaftServerImpl.java:lambda$shutdown$3(328)) - 5c172e1d-997d-4dd3-baf9-9414c84d2cc3@group-E975F43F3C1E: shutdown
2020-12-17 06:17:27,117 [Command processor thread] INFO  util.JmxRegister (JmxRegister.java:unregister(73)) - Successfully un-registered JMX Bean with object name Ratis:service=RaftServer,group=group-E975F43F3C1E,id=5c172e1d-997d-4dd3-baf9-9414c84d2cc3
2020-12-17 06:17:27,117 [Command processor thread] INFO  impl.RoleInfo (RoleInfo.java:shutdownLeaderState(104)) - 5c172e1d-997d-4dd3-baf9-9414c84d2cc3: shutdown 5c172e1d-997d-4dd3-baf9-9414c84d2cc3@group-E975F43F3C1E-LeaderState
2020-12-17 06:17:27,117 [Command processor thread] INFO  impl.PendingRequests (PendingRequests.java:sendNotLeaderResponses(250)) - 5c172e1d-997d-4dd3-baf9-9414c84d2cc3@group-E975F43F3C1E-PendingRequests: sendNotLeaderResponses
2020-12-17 06:17:27,117 [Command processor thread] INFO  metrics.RatisMetrics (RatisMetrics.java:unregister(43)) - Unregistering Metrics Registry : ratis.log_appender.5c172e1d-997d-4dd3-baf9-9414c84d2cc3@group-E975F43F3C1E
2020-12-17 06:17:27,117 [Command processor thread] INFO  metrics.RatisMetrics (RatisMetrics.java:unregister(43)) - Unregistering Metrics Registry : ratis.server.5c172e1d-997d-4dd3-baf9-9414c84d2cc3@group-E975F43F3C1E
2020-12-17 06:17:27,118 [Command processor thread] INFO  impl.StateMachineUpdater (StateMachineUpdater.java:stopAndJoin(147)) - 5c172e1d-997d-4dd3-baf9-9414c84d2cc3@group-E975F43F3C1E-StateMachineUpdater: set stopIndex = 0
2020-12-17 06:17:27,119 [5c172e1d-997d-4dd3-baf9-9414c84d2cc3@group-E975F43F3C1E-StateMachineUpdater] INFO  ratis.ContainerStateMachine (ContainerStateMachine.java:takeSnapshot(293)) - group-E975F43F3C1E: Taking a snapshot at:(t:1, i:0) file /github/workspace/mnt/ozone/hadoop-ozone/integration-test/target/test-dir/MiniOzoneClusterImpl-b9d63ab2-cea4-44c4-9857-355e5256a975/datanode-2/data/ratis/0e3738b0-5edd-444e-ad73-e975f43f3c1e/sm/snapshot.1_0
2020-12-17 06:17:27,120 [5c172e1d-997d-4dd3-baf9-9414c84d2cc3@group-E975F43F3C1E-StateMachineUpdater] INFO  ratis.ContainerStateMachine (ContainerStateMachine.java:takeSnapshot(304)) - group-E975F43F3C1E: Finished taking a snapshot at:(t:1, i:0) file:/github/workspace/mnt/ozone/hadoop-ozone/integration-test/target/test-dir/MiniOzoneClusterImpl-b9d63ab2-cea4-44c4-9857-355e5256a975/datanode-2/data/ratis/0e3738b0-5edd-444e-ad73-e975f43f3c1e/sm/snapshot.1_0 time:1
2020-12-17 06:17:27,120 [5c172e1d-997d-4dd3-baf9-9414c84d2cc3@group-E975F43F3C1E-StateMachineUpdater] INFO  impl.StateMachineUpdater (StateMachineUpdater.java:takeSnapshot(278)) - 5c172e1d-997d-4dd3-baf9-9414c84d2cc3@group-E975F43F3C1E-StateMachineUpdater: Took a snapshot at index 0
2020-12-17 06:17:27,120 [5c172e1d-997d-4dd3-baf9-9414c84d2cc3@group-E975F43F3C1E-StateMachineUpdater] INFO  impl.StateMachineUpdater (StateMachineUpdater.java:lambda$new$0(87)) - 5c172e1d-997d-4dd3-baf9-9414c84d2cc3@group-E975F43F3C1E-StateMachineUpdater: snapshotIndex: updateIncreasingly -1 -> 0
2020-12-17 06:17:27,120 [5c172e1d-997d-4dd3-baf9-9414c84d2cc3@group-E975F43F3C1E-StateMachineUpdater] INFO  metrics.RatisMetrics (RatisMetrics.java:unregister(43)) - Unregistering Metrics Registry : ratis.state_machine.5c172e1d-997d-4dd3-baf9-9414c84d2cc3@group-E975F43F3C1E
2020-12-17 06:17:27,120 [Command processor thread] INFO  impl.RaftServerImpl (ServerState.java:close(406)) - 5c172e1d-997d-4dd3-baf9-9414c84d2cc3@group-E975F43F3C1E: closes. applyIndex: 0
2020-12-17 06:17:27,121 [5c172e1d-997d-4dd3-baf9-9414c84d2cc3@group-E975F43F3C1E-SegmentedRaftLogWorker] INFO  segmented.SegmentedRaftLogWorker (SegmentedRaftLogWorker.java:run(329)) - 5c172e1d-997d-4dd3-baf9-9414c84d2cc3@group-E975F43F3C1E-SegmentedRaftLogWorker was interrupted, exiting. There are 0 tasks remaining in the queue.
2020-12-17 06:17:27,121 [Command processor thread] INFO  segmented.SegmentedRaftLogWorker (SegmentedRaftLogWorker.java:close(235)) - 5c172e1d-997d-4dd3-baf9-9414c84d2cc3@group-E975F43F3C1E-SegmentedRaftLogWorker close()
2020-12-17 06:17:27,122 [Command processor thread] INFO  metrics.RatisMetrics (RatisMetrics.java:unregister(43)) - Unregistering Metrics Registry : ratis.log_worker.5c172e1d-997d-4dd3-baf9-9414c84d2cc3@group-E975F43F3C1E
2020-12-17 06:17:27,122 [Command processor thread] INFO  metrics.RatisMetrics (RatisMetrics.java:unregister(43)) - Unregistering Metrics Registry : ratis.leader_election.5c172e1d-997d-4dd3-baf9-9414c84d2cc3@group-E975F43F3C1E
2020-12-17 06:17:27,122 [Command processor thread] INFO  metrics.RatisMetrics (RatisMetrics.java:unregister(43)) - Unregistering Metrics Registry : ratis.server.5c172e1d-997d-4dd3-baf9-9414c84d2cc3@group-E975F43F3C1E
2020-12-17 06:17:27,122 [Command processor thread] INFO  impl.RaftServerImpl (RaftServerImpl.java:groupRemove(299)) - 5c172e1d-997d-4dd3-baf9-9414c84d2cc3@group-E975F43F3C1E: Succeed to remove RaftStorageDirectory Storage Directory /github/workspace/mnt/ozone/hadoop-ozone/integration-test/target/test-dir/MiniOzoneClusterImpl-b9d63ab2-cea4-44c4-9857-355e5256a975/datanode-2/data/ratis/0e3738b0-5edd-444e-ad73-e975f43f3c1e
2020-12-17 06:17:27,122 [Command processor thread] INFO  commandhandler.ClosePipelineCommandHandler (ClosePipelineCommandHandler.java:handle(75)) - Close Pipeline PipelineID=0e3738b0-5edd-444e-ad73-e975f43f3c1e command on datanode 5c172e1d-997d-4dd3-baf9-9414c84d2cc3.
2020-12-17 06:17:27,123 [Command processor thread] WARN  impl.RaftServerProxy (RaftServerProxy.java:remove(99)) - 5c172e1d-997d-4dd3-baf9-9414c84d2cc3: does not contain group: group-1D44EBE411FF
2020-12-17 06:17:27,123 [Command processor thread] ERROR commandhandler.ClosePipelineCommandHandler (ClosePipelineCommandHandler.java:handle(78)) - Can't close pipeline PipelineID=0769a2cb-477e-42c6-8fa5-1d44ebe411ff
java.io.IOException: 5c172e1d-997d-4dd3-baf9-9414c84d2cc3: Group group-1D44EBE411FF not found.
	at org.apache.hadoop.ozone.container.common.transport.server.ratis.XceiverServerRatis.removeGroup(XceiverServerRatis.java:774)
	at org.apache.hadoop.ozone.container.common.statemachine.commandhandler.ClosePipelineCommandHandler.handle(ClosePipelineCommandHandler.java:74)
	at org.apache.hadoop.ozone.container.common.statemachine.commandhandler.CommandDispatcher.handle(CommandDispatcher.java:99)
	at org.apache.hadoop.ozone.container.common.statemachine.DatanodeStateMachine.lambda$initCommandHandlerThread$2(DatanodeStateMachine.java:498)
	at java.lang.Thread.run(Thread.java:748)
Caused by: org.apache.ratis.protocol.exceptions.GroupMismatchException: 5c172e1d-997d-4dd3-baf9-9414c84d2cc3: Group group-1D44EBE411FF not found.
	at org.apache.ratis.server.impl.RaftServerProxy.groupRemoveAsync(RaftServerProxy.java:445)
	at org.apache.ratis.server.impl.RaftServerProxy.groupManagementAsync(RaftServerProxy.java:401)
	at org.apache.ratis.server.impl.RaftServerProxy.groupManagement(RaftServerProxy.java:381)
	at org.apache.hadoop.ozone.container.common.transport.server.ratis.XceiverServerRatis.removeGroup(XceiverServerRatis.java:772)
	... 4 more
2020-12-17 06:17:27,123 [Command processor thread] WARN  impl.RaftServerProxy (RaftServerProxy.java:remove(99)) - 5c172e1d-997d-4dd3-baf9-9414c84d2cc3: does not contain group: group-E975F43F3C1E
2020-12-17 06:17:27,123 [Command processor thread] ERROR commandhandler.ClosePipelineCommandHandler (ClosePipelineCommandHandler.java:handle(78)) - Can't close pipeline PipelineID=0e3738b0-5edd-444e-ad73-e975f43f3c1e
java.io.IOException: 5c172e1d-997d-4dd3-baf9-9414c84d2cc3: Group group-E975F43F3C1E not found.
	at org.apache.hadoop.ozone.container.common.transport.server.ratis.XceiverServerRatis.removeGroup(XceiverServerRatis.java:774)
	at org.apache.hadoop.ozone.container.common.statemachine.commandhandler.ClosePipelineCommandHandler.handle(ClosePipelineCommandHandler.java:74)
	at org.apache.hadoop.ozone.container.common.statemachine.commandhandler.CommandDispatcher.handle(CommandDispatcher.java:99)
	at org.apache.hadoop.ozone.container.common.statemachine.DatanodeStateMachine.lambda$initCommandHandlerThread$2(DatanodeStateMachine.java:498)
	at java.lang.Thread.run(Thread.java:748)
Caused by: org.apache.ratis.protocol.exceptions.GroupMismatchException: 5c172e1d-997d-4dd3-baf9-9414c84d2cc3: Group group-E975F43F3C1E not found.
	at org.apache.ratis.server.impl.RaftServerProxy.groupRemoveAsync(RaftServerProxy.java:445)
	at org.apache.ratis.server.impl.RaftServerProxy.groupManagementAsync(RaftServerProxy.java:401)
	at org.apache.ratis.server.impl.RaftServerProxy.groupManagement(RaftServerProxy.java:381)
	at org.apache.hadoop.ozone.container.common.transport.server.ratis.XceiverServerRatis.removeGroup(XceiverServerRatis.java:772)
	... 4 more
2020-12-17 06:17:27,265 [EndpointStateMachine task thread for /0.0.0.0:40601 - 0 ] INFO  ipc.Client (Client.java:handleConnectionFailure(958)) - Retrying connect to server: 0.0.0.0/0.0.0.0:40601. Already tried 0 time(s); retry policy is RetryUpToMaximumCountWithFixedSleep(maxRetries=15, sleepTime=1000 MILLISECONDS)
2020-12-17 06:17:27,267 [Datanode State Machine Thread - 0] ERROR datanode.RunningDatanodeState (RunningDatanodeState.java:computeNextContainerState(199)) - Error in executing end point task.
java.util.concurrent.ExecutionException: java.util.concurrent.TimeoutException
	at java.util.concurrent.FutureTask.report(FutureTask.java:122)
	at java.util.concurrent.FutureTask.get(FutureTask.java:192)
	at org.apache.hadoop.ozone.container.common.states.datanode.RunningDatanodeState.computeNextContainerState(RunningDatanodeState.java:191)
	at org.apache.hadoop.ozone.container.common.states.datanode.RunningDatanodeState.await(RunningDatanodeState.java:231)
	at org.apache.hadoop.ozone.container.common.states.datanode.RunningDatanodeState.await(RunningDatanodeState.java:50)
	at org.apache.hadoop.ozone.container.common.statemachine.StateContext.execute(StateContext.java:540)
	at org.apache.hadoop.ozone.container.common.statemachine.DatanodeStateMachine.start(DatanodeStateMachine.java:230)
	at org.apache.hadoop.ozone.container.common.statemachine.DatanodeStateMachine.lambda$startDaemon$0(DatanodeStateMachine.java:407)
	at java.lang.Thread.run(Thread.java:748)
Caused by: java.util.concurrent.TimeoutException
	at java.util.concurrent.FutureTask.get(FutureTask.java:205)
	at org.apache.hadoop.ozone.container.common.states.datanode.RunningDatanodeState.lambda$execute$0(RunningDatanodeState.java:149)
	at java.util.concurrent.FutureTask.run(FutureTask.java:266)
	at java.util.concurrent.Executors$RunnableAdapter.call(Executors.java:511)
	at java.util.concurrent.FutureTask.run(FutureTask.java:266)
	at java.util.concurrent.ThreadPoolExecutor.runWorker(ThreadPoolExecutor.java:1149)
	at java.util.concurrent.ThreadPoolExecutor$Worker.run(ThreadPoolExecutor.java:624)
	... 1 more
2020-12-17 06:17:27,269 [IPC Server handler 0 on default port 40601] INFO  server.SCMDatanodeHeartbeatDispatcher (SCMDatanodeHeartbeatDispatcher.java:dispatch(96)) - SCM received heartbeat from an unregistered datanode af686100-7e6c-4b70-9ed6-519c9a6108c4{ip: 172.17.0.2, host: 647233daa2c6, networkLocation: /default-rack, certSerialId: null, persistedOpState: null, persistedOpStateExpiryEpochSec: 0}. Asking datanode to re-register.
2020-12-17 06:17:27,269 [IPC Server handler 1 on default port 40601] INFO  server.SCMDatanodeHeartbeatDispatcher (SCMDatanodeHeartbeatDispatcher.java:dispatch(96)) - SCM received heartbeat from an unregistered datanode 257b61ee-eb6d-48eb-bce8-7b671ec5e6a0{ip: 172.17.0.2, host: 647233daa2c6, networkLocation: /default-rack, certSerialId: null, persistedOpState: null, persistedOpStateExpiryEpochSec: 0}. Asking datanode to re-register.
2020-12-17 06:17:27,270 [IPC Server handler 0 on default port 40601] INFO  server.SCMDatanodeHeartbeatDispatcher (SCMDatanodeHeartbeatDispatcher.java:dispatch(96)) - SCM received heartbeat from an unregistered datanode 5c172e1d-997d-4dd3-baf9-9414c84d2cc3{ip: 172.17.0.2, host: 647233daa2c6, networkLocation: /default-rack, certSerialId: null, persistedOpState: ENTERING_MAINTENANCE, persistedOpStateExpiryEpochSec: 0}. Asking datanode to re-register.
2020-12-17 06:17:27,270 [IPC Server handler 0 on default port 40601] INFO  server.SCMDatanodeHeartbeatDispatcher (SCMDatanodeHeartbeatDispatcher.java:dispatch(96)) - SCM received heartbeat from an unregistered datanode 498f54dd-f545-4970-aaf6-8938e8aa224a{ip: 172.17.0.2, host: 647233daa2c6, networkLocation: /default-rack, certSerialId: null, persistedOpState: ENTERING_MAINTENANCE, persistedOpStateExpiryEpochSec: 0}. Asking datanode to re-register.
2020-12-17 06:17:27,271 [IPC Server handler 3 on default port 40601] INFO  server.SCMDatanodeHeartbeatDispatcher (SCMDatanodeHeartbeatDispatcher.java:dispatch(96)) - SCM received heartbeat from an unregistered datanode ebe706cb-1bab-4194-9c59-b1279774a307{ip: 172.17.0.2, host: 647233daa2c6, networkLocation: /default-rack, certSerialId: null, persistedOpState: null, persistedOpStateExpiryEpochSec: 0}. Asking datanode to re-register.
2020-12-17 06:17:27,270 [IPC Server handler 2 on default port 40601] INFO  server.SCMDatanodeHeartbeatDispatcher (SCMDatanodeHeartbeatDispatcher.java:dispatch(96)) - SCM received heartbeat from an unregistered datanode 0e8fc707-3157-4ba9-8ca0-1e159f3dc0e9{ip: 172.17.0.2, host: 647233daa2c6, networkLocation: /default-rack, certSerialId: null, persistedOpState: ENTERING_MAINTENANCE, persistedOpStateExpiryEpochSec: 0}. Asking datanode to re-register.
2020-12-17 06:17:27,271 [IPC Server handler 6 on default port 40601] INFO  server.SCMDatanodeHeartbeatDispatcher (SCMDatanodeHeartbeatDispatcher.java:dispatch(96)) - SCM received heartbeat from an unregistered datanode af686100-7e6c-4b70-9ed6-519c9a6108c4{ip: 172.17.0.2, host: 647233daa2c6, networkLocation: /default-rack, certSerialId: null, persistedOpState: null, persistedOpStateExpiryEpochSec: 0}. Asking datanode to re-register.
2020-12-17 06:17:27,272 [IPC Server handler 7 on default port 40601] INFO  server.SCMDatanodeHeartbeatDispatcher (SCMDatanodeHeartbeatDispatcher.java:dispatch(96)) - SCM received heartbeat from an unregistered datanode 257b61ee-eb6d-48eb-bce8-7b671ec5e6a0{ip: 172.17.0.2, host: 647233daa2c6, networkLocation: /default-rack, certSerialId: null, persistedOpState: null, persistedOpStateExpiryEpochSec: 0}. Asking datanode to re-register.
2020-12-17 06:17:27,273 [IPC Server handler 8 on default port 40601] INFO  server.SCMDatanodeHeartbeatDispatcher (SCMDatanodeHeartbeatDispatcher.java:dispatch(96)) - SCM received heartbeat from an unregistered datanode 5c172e1d-997d-4dd3-baf9-9414c84d2cc3{ip: 172.17.0.2, host: 647233daa2c6, networkLocation: /default-rack, certSerialId: null, persistedOpState: ENTERING_MAINTENANCE, persistedOpStateExpiryEpochSec: 0}. Asking datanode to re-register.
2020-12-17 06:17:27,273 [IPC Server handler 9 on default port 40601] INFO  server.SCMDatanodeHeartbeatDispatcher (SCMDatanodeHeartbeatDispatcher.java:dispatch(96)) - SCM received heartbeat from an unregistered datanode 5c172e1d-997d-4dd3-baf9-9414c84d2cc3{ip: 172.17.0.2, host: 647233daa2c6, networkLocation: /default-rack, certSerialId: null, persistedOpState: ENTERING_MAINTENANCE, persistedOpStateExpiryEpochSec: 0}. Asking datanode to re-register.
2020-12-17 06:17:27,488 [Listener at 0.0.0.0/41535] INFO  ozone.MiniOzoneClusterImpl (MiniOzoneClusterImpl.java:lambda$waitForClusterToBeReady$0(178)) - Waiting for nodes to be ready. Got 0 of 6 DN Heartbeats.
2020-12-17 06:17:27,489 [Listener at 0.0.0.0/41535] INFO  ozone.MiniOzoneClusterImpl (MiniOzoneClusterImpl.java:lambda$waitForClusterToBeReady$0(181)) - Waiting for cluster to exit safe mode
2020-12-17 06:17:28,118 [IPC Server handler 0 on default port 40601] INFO  net.NetworkTopologyImpl (NetworkTopologyImpl.java:add(111)) - Added a new node: /default-rack/5c172e1d-997d-4dd3-baf9-9414c84d2cc3
2020-12-17 06:17:28,118 [IPC Server handler 0 on default port 40601] INFO  node.NodeStateManager (NodeStateManager.java:newNodeStatus(257)) - Updating nodeOperationalState on registration as the datanode has a persisted state of ENTERING_MAINTENANCE and expiry of 0
2020-12-17 06:17:28,119 [IPC Server handler 0 on default port 40601] INFO  node.SCMNodeManager (SCMNodeManager.java:register(341)) - Registered Data node : 5c172e1d-997d-4dd3-baf9-9414c84d2cc3{ip: 172.17.0.2, host: 647233daa2c6, networkLocation: /default-rack, certSerialId: null, persistedOpState: ENTERING_MAINTENANCE, persistedOpStateExpiryEpochSec: 0}
2020-12-17 06:17:28,120 [EventQueue-NodeRegistrationContainerReportForDataNodeSafeModeRule] INFO  safemode.SCMSafeModeManager (DataNodeSafeModeRule.java:process(71)) - SCM in safe mode. 1 DataNodes registered, 1 required.
2020-12-17 06:17:28,121 [EventQueue-NodeRegistrationContainerReportForDataNodeSafeModeRule] INFO  safemode.SCMSafeModeManager (SCMSafeModeManager.java:validateSafeModeExitRules(214)) - DataNodeSafeModeRule rule is successfully validated
2020-12-17 06:17:28,120 [EventQueue-NodeRegistrationContainerReportForContainerSafeModeRule] INFO  safemode.SCMSafeModeManager (ContainerSafeModeRule.java:process(117)) - SCM in safe mode. 100.0 % containers have at least one reported replica.
2020-12-17 06:17:28,125 [EventQueue-PipelineReportForOneReplicaPipelineSafeModeRule] INFO  safemode.SCMSafeModeManager (OneReplicaPipelineSafeModeRule.java:process(127)) - SCM in safe mode. Pipelines with at least one datanode reported count is 0, required at least one datanode reported per pipeline count is 1
2020-12-17 06:17:28,125 [EventQueue-NodeRegistrationContainerReportForDataNodeSafeModeRule] INFO  safemode.SCMSafeModeManager (SCMSafeModeManager.java:completePreCheck(242)) - All SCM safe mode pre check rules have passed
2020-12-17 06:17:28,126 [IPC Server handler 1 on default port 40601] INFO  net.NetworkTopologyImpl (NetworkTopologyImpl.java:add(111)) - Added a new node: /default-rack/0e8fc707-3157-4ba9-8ca0-1e159f3dc0e9
2020-12-17 06:17:28,126 [IPC Server handler 1 on default port 40601] INFO  node.NodeStateManager (NodeStateManager.java:newNodeStatus(257)) - Updating nodeOperationalState on registration as the datanode has a persisted state of ENTERING_MAINTENANCE and expiry of 0
2020-12-17 06:17:28,126 [IPC Server handler 1 on default port 40601] INFO  node.SCMNodeManager (SCMNodeManager.java:register(341)) - Registered Data node : 0e8fc707-3157-4ba9-8ca0-1e159f3dc0e9{ip: 172.17.0.2, host: 647233daa2c6, networkLocation: /default-rack, certSerialId: null, persistedOpState: ENTERING_MAINTENANCE, persistedOpStateExpiryEpochSec: 0}
2020-12-17 06:17:28,126 [EventQueue-NodeRegistrationContainerReportForDataNodeSafeModeRule] INFO  safemode.SCMSafeModeManager (SCMSafeModeManager.java:validateSafeModeExitRules(214)) - DataNodeSafeModeRule rule is successfully validated
2020-12-17 06:17:28,126 [EventQueue-NodeRegistrationContainerReportForContainerSafeModeRule] INFO  safemode.SCMSafeModeManager (SCMSafeModeManager.java:validateSafeModeExitRules(214)) - ContainerSafeModeRule rule is successfully validated
2020-12-17 06:17:28,126 [EventQueue-NodeRegistrationContainerReportForContainerSafeModeRule] INFO  safemode.SCMSafeModeManager (SCMSafeModeManager.java:validateSafeModeExitRules(214)) - ContainerSafeModeRule rule is successfully validated
2020-12-17 06:17:28,126 [EventQueue-PipelineReportForOneReplicaPipelineSafeModeRule] INFO  safemode.SCMSafeModeManager (OneReplicaPipelineSafeModeRule.java:process(127)) - SCM in safe mode. Pipelines with at least one datanode reported count is 0, required at least one datanode reported per pipeline count is 1
2020-12-17 06:17:28,136 [IPC Server handler 3 on default port 40601] INFO  net.NetworkTopologyImpl (NetworkTopologyImpl.java:add(111)) - Added a new node: /default-rack/498f54dd-f545-4970-aaf6-8938e8aa224a
2020-12-17 06:17:28,136 [IPC Server handler 3 on default port 40601] INFO  node.NodeStateManager (NodeStateManager.java:newNodeStatus(257)) - Updating nodeOperationalState on registration as the datanode has a persisted state of ENTERING_MAINTENANCE and expiry of 0
2020-12-17 06:17:28,136 [IPC Server handler 3 on default port 40601] INFO  node.SCMNodeManager (SCMNodeManager.java:register(341)) - Registered Data node : 498f54dd-f545-4970-aaf6-8938e8aa224a{ip: 172.17.0.2, host: 647233daa2c6, networkLocation: /default-rack, certSerialId: null, persistedOpState: ENTERING_MAINTENANCE, persistedOpStateExpiryEpochSec: 0}
2020-12-17 06:17:28,136 [EventQueue-NodeRegistrationContainerReportForContainerSafeModeRule] INFO  safemode.SCMSafeModeManager (SCMSafeModeManager.java:validateSafeModeExitRules(214)) - ContainerSafeModeRule rule is successfully validated
2020-12-17 06:17:28,136 [EventQueue-PipelineReportForOneReplicaPipelineSafeModeRule] INFO  safemode.SCMSafeModeManager (OneReplicaPipelineSafeModeRule.java:process(127)) - SCM in safe mode. Pipelines with at least one datanode reported count is 0, required at least one datanode reported per pipeline count is 1
2020-12-17 06:17:28,136 [EventQueue-NodeRegistrationContainerReportForDataNodeSafeModeRule] INFO  safemode.SCMSafeModeManager (SCMSafeModeManager.java:validateSafeModeExitRules(214)) - DataNodeSafeModeRule rule is successfully validated
2020-12-17 06:17:28,251 [IPC Server handler 2 on default port 40601] INFO  net.NetworkTopologyImpl (NetworkTopologyImpl.java:add(111)) - Added a new node: /default-rack/ebe706cb-1bab-4194-9c59-b1279774a307
2020-12-17 06:17:28,251 [IPC Server handler 2 on default port 40601] INFO  node.SCMNodeManager (SCMNodeManager.java:register(341)) - Registered Data node : ebe706cb-1bab-4194-9c59-b1279774a307{ip: 172.17.0.2, host: 647233daa2c6, networkLocation: /default-rack, certSerialId: null, persistedOpState: IN_SERVICE, persistedOpStateExpiryEpochSec: 0}
2020-12-17 06:17:28,252 [EventQueue-NodeRegistrationContainerReportForContainerSafeModeRule] INFO  safemode.SCMSafeModeManager (SCMSafeModeManager.java:validateSafeModeExitRules(214)) - ContainerSafeModeRule rule is successfully validated
2020-12-17 06:17:28,252 [EventQueue-PipelineReportForOneReplicaPipelineSafeModeRule] INFO  safemode.SCMSafeModeManager (OneReplicaPipelineSafeModeRule.java:process(127)) - SCM in safe mode. Pipelines with at least one datanode reported count is 1, required at least one datanode reported per pipeline count is 1
2020-12-17 06:17:28,253 [EventQueue-PipelineReportForOneReplicaPipelineSafeModeRule] INFO  safemode.SCMSafeModeManager (SCMSafeModeManager.java:validateSafeModeExitRules(214)) - AtleastOneDatanodeReportedRule rule is successfully validated
2020-12-17 06:17:28,253 [EventQueue-NodeRegistrationContainerReportForDataNodeSafeModeRule] INFO  safemode.SCMSafeModeManager (SCMSafeModeManager.java:validateSafeModeExitRules(214)) - DataNodeSafeModeRule rule is successfully validated
2020-12-17 06:17:28,254 [EventQueue-OpenPipelineForHealthyPipelineSafeModeRule] INFO  safemode.SCMSafeModeManager (HealthyPipelineSafeModeRule.java:process(128)) - SCM in safe mode. Healthy pipelines reported count is 0, required healthy pipeline reported count is 1
2020-12-17 06:17:28,261 [IPC Server handler 6 on default port 40601] INFO  net.NetworkTopologyImpl (NetworkTopologyImpl.java:add(111)) - Added a new node: /default-rack/af686100-7e6c-4b70-9ed6-519c9a6108c4
2020-12-17 06:17:28,261 [IPC Server handler 6 on default port 40601] INFO  node.SCMNodeManager (SCMNodeManager.java:register(341)) - Registered Data node : af686100-7e6c-4b70-9ed6-519c9a6108c4{ip: 172.17.0.2, host: 647233daa2c6, networkLocation: /default-rack, certSerialId: null, persistedOpState: IN_SERVICE, persistedOpStateExpiryEpochSec: 0}
2020-12-17 06:17:28,261 [RatisPipelineUtilsThread] WARN  pipeline.PipelinePlacementPolicy (PipelinePlacementPolicy.java:filterViableNodes(139)) - Pipeline creation failed due to no sufficient healthy datanodes. Required 3. Found 2.
2020-12-17 06:17:28,261 [EventQueue-NodeRegistrationContainerReportForContainerSafeModeRule] INFO  safemode.SCMSafeModeManager (SCMSafeModeManager.java:validateSafeModeExitRules(214)) - ContainerSafeModeRule rule is successfully validated
2020-12-17 06:17:28,261 [EventQueue-PipelineReportForOneReplicaPipelineSafeModeRule] INFO  safemode.SCMSafeModeManager (SCMSafeModeManager.java:validateSafeModeExitRules(214)) - AtleastOneDatanodeReportedRule rule is successfully validated
2020-12-17 06:17:28,261 [EventQueue-OpenPipelineForHealthyPipelineSafeModeRule] INFO  safemode.SCMSafeModeManager (HealthyPipelineSafeModeRule.java:process(128)) - SCM in safe mode. Healthy pipelines reported count is 0, required healthy pipeline reported count is 1
2020-12-17 06:17:28,261 [EventQueue-NodeRegistrationContainerReportForDataNodeSafeModeRule] INFO  safemode.SCMSafeModeManager (SCMSafeModeManager.java:validateSafeModeExitRules(214)) - DataNodeSafeModeRule rule is successfully validated
2020-12-17 06:17:28,270 [IPC Server handler 7 on default port 40601] INFO  net.NetworkTopologyImpl (NetworkTopologyImpl.java:add(111)) - Added a new node: /default-rack/257b61ee-eb6d-48eb-bce8-7b671ec5e6a0
2020-12-17 06:17:28,270 [IPC Server handler 7 on default port 40601] INFO  node.SCMNodeManager (SCMNodeManager.java:register(341)) - Registered Data node : 257b61ee-eb6d-48eb-bce8-7b671ec5e6a0{ip: 172.17.0.2, host: 647233daa2c6, networkLocation: /default-rack, certSerialId: null, persistedOpState: IN_SERVICE, persistedOpStateExpiryEpochSec: 0}
2020-12-17 06:17:28,270 [EventQueue-PipelineReportForOneReplicaPipelineSafeModeRule] INFO  safemode.SCMSafeModeManager (SCMSafeModeManager.java:validateSafeModeExitRules(214)) - AtleastOneDatanodeReportedRule rule is successfully validated
2020-12-17 06:17:28,270 [EventQueue-NodeRegistrationContainerReportForContainerSafeModeRule] INFO  safemode.SCMSafeModeManager (SCMSafeModeManager.java:validateSafeModeExitRules(214)) - ContainerSafeModeRule rule is successfully validated
2020-12-17 06:17:28,270 [EventQueue-OpenPipelineForHealthyPipelineSafeModeRule] INFO  safemode.SCMSafeModeManager (HealthyPipelineSafeModeRule.java:process(128)) - SCM in safe mode. Healthy pipelines reported count is 0, required healthy pipeline reported count is 1
2020-12-17 06:17:28,270 [EventQueue-OpenPipelineForHealthyPipelineSafeModeRule] INFO  safemode.SCMSafeModeManager (HealthyPipelineSafeModeRule.java:process(128)) - SCM in safe mode. Healthy pipelines reported count is 1, required healthy pipeline reported count is 1
2020-12-17 06:17:28,270 [EventQueue-NodeRegistrationContainerReportForDataNodeSafeModeRule] INFO  safemode.SCMSafeModeManager (SCMSafeModeManager.java:validateSafeModeExitRules(214)) - DataNodeSafeModeRule rule is successfully validated
2020-12-17 06:17:28,271 [EventQueue-OpenPipelineForHealthyPipelineSafeModeRule] INFO  safemode.SCMSafeModeManager (SCMSafeModeManager.java:validateSafeModeExitRules(214)) - HealthyPipelineSafeModeRule rule is successfully validated
2020-12-17 06:17:28,271 [EventQueue-OpenPipelineForHealthyPipelineSafeModeRule] INFO  safemode.SCMSafeModeManager (SCMSafeModeManager.java:validateSafeModeExitRules(228)) - ScmSafeModeManager, all rules are successfully validated
2020-12-17 06:17:28,271 [EventQueue-OpenPipelineForHealthyPipelineSafeModeRule] INFO  safemode.SCMSafeModeManager (SCMSafeModeManager.java:exitSafeMode(257)) - SCM exiting safe mode.
2020-12-17 06:17:28,305 [DatanodeAdminManager-0] INFO  node.DatanodeAdminMonitorImpl (DatanodeAdminMonitorImpl.java:checkContainersReplicatedOnNode(297)) - 5c172e1d-997d-4dd3-baf9-9414c84d2cc3{ip: 172.17.0.2, host: 647233daa2c6, networkLocation: /default-rack, certSerialId: null, persistedOpState: ENTERING_MAINTENANCE, persistedOpStateExpiryEpochSec: 0} has 0 sufficientlyReplicated, 2 underReplicated and 0 unhealthy containers
2020-12-17 06:17:28,305 [EventQueue-StartAdminOnNodeForStartDatanodeAdminHandler] INFO  node.StartDatanodeAdminHandler (StartDatanodeAdminHandler.java:onMessage(56)) - Admin start on datanode 5c172e1d-997d-4dd3-baf9-9414c84d2cc3{ip: 172.17.0.2, host: 647233daa2c6, networkLocation: /default-rack, certSerialId: null, persistedOpState: ENTERING_MAINTENANCE, persistedOpStateExpiryEpochSec: 0}. Finalizing its pipelines []
2020-12-17 06:17:28,305 [EventQueue-StartAdminOnNodeForStartDatanodeAdminHandler] INFO  node.StartDatanodeAdminHandler (StartDatanodeAdminHandler.java:onMessage(56)) - Admin start on datanode 0e8fc707-3157-4ba9-8ca0-1e159f3dc0e9{ip: 172.17.0.2, host: 647233daa2c6, networkLocation: /default-rack, certSerialId: null, persistedOpState: ENTERING_MAINTENANCE, persistedOpStateExpiryEpochSec: 0}. Finalizing its pipelines []
2020-12-17 06:17:28,305 [EventQueue-StartAdminOnNodeForStartDatanodeAdminHandler] INFO  node.StartDatanodeAdminHandler (StartDatanodeAdminHandler.java:onMessage(56)) - Admin start on datanode 498f54dd-f545-4970-aaf6-8938e8aa224a{ip: 172.17.0.2, host: 647233daa2c6, networkLocation: /default-rack, certSerialId: null, persistedOpState: ENTERING_MAINTENANCE, persistedOpStateExpiryEpochSec: 0}. Finalizing its pipelines []
2020-12-17 06:17:28,305 [DatanodeAdminManager-0] INFO  node.DatanodeAdminMonitorImpl (DatanodeAdminMonitorImpl.java:checkContainersReplicatedOnNode(297)) - 0e8fc707-3157-4ba9-8ca0-1e159f3dc0e9{ip: 172.17.0.2, host: 647233daa2c6, networkLocation: /default-rack, certSerialId: null, persistedOpState: ENTERING_MAINTENANCE, persistedOpStateExpiryEpochSec: 0} has 0 sufficientlyReplicated, 2 underReplicated and 0 unhealthy containers
2020-12-17 06:17:28,305 [DatanodeAdminManager-0] INFO  node.DatanodeAdminMonitorImpl (DatanodeAdminMonitorImpl.java:checkContainersReplicatedOnNode(297)) - 498f54dd-f545-4970-aaf6-8938e8aa224a{ip: 172.17.0.2, host: 647233daa2c6, networkLocation: /default-rack, certSerialId: null, persistedOpState: ENTERING_MAINTENANCE, persistedOpStateExpiryEpochSec: 0} has 0 sufficientlyReplicated, 2 underReplicated and 0 unhealthy containers
2020-12-17 06:17:28,305 [DatanodeAdminManager-0] INFO  node.DatanodeAdminMonitorImpl (DatanodeAdminMonitorImpl.java:run(136)) - There are 3 nodes tracked for decommission and maintenance. 0 pending nodes.
2020-12-17 06:17:28,489 [Listener at 0.0.0.0/41535] INFO  ozone.MiniOzoneClusterImpl (MiniOzoneClusterImpl.java:lambda$waitForClusterToBeReady$0(178)) - Nodes are ready. Got 6 of 6 DN Heartbeats.
2020-12-17 06:17:28,489 [Listener at 0.0.0.0/41535] INFO  ozone.MiniOzoneClusterImpl (MiniOzoneClusterImpl.java:lambda$waitForClusterToBeReady$0(181)) - Cluster exits safe mode
2020-12-17 06:17:29,305 [DatanodeAdminManager-0] INFO  node.DatanodeAdminMonitorImpl (DatanodeAdminMonitorImpl.java:checkContainersReplicatedOnNode(297)) - 5c172e1d-997d-4dd3-baf9-9414c84d2cc3{ip: 172.17.0.2, host: 647233daa2c6, networkLocation: /default-rack, certSerialId: null, persistedOpState: ENTERING_MAINTENANCE, persistedOpStateExpiryEpochSec: 0} has 0 sufficientlyReplicated, 2 underReplicated and 0 unhealthy containers
2020-12-17 06:17:29,305 [DatanodeAdminManager-0] INFO  node.DatanodeAdminMonitorImpl (DatanodeAdminMonitorImpl.java:checkContainersReplicatedOnNode(297)) - 0e8fc707-3157-4ba9-8ca0-1e159f3dc0e9{ip: 172.17.0.2, host: 647233daa2c6, networkLocation: /default-rack, certSerialId: null, persistedOpState: ENTERING_MAINTENANCE, persistedOpStateExpiryEpochSec: 0} has 0 sufficientlyReplicated, 2 underReplicated and 0 unhealthy containers
2020-12-17 06:17:29,305 [DatanodeAdminManager-0] INFO  node.DatanodeAdminMonitorImpl (DatanodeAdminMonitorImpl.java:checkContainersReplicatedOnNode(297)) - 498f54dd-f545-4970-aaf6-8938e8aa224a{ip: 172.17.0.2, host: 647233daa2c6, networkLocation: /default-rack, certSerialId: null, persistedOpState: ENTERING_MAINTENANCE, persistedOpStateExpiryEpochSec: 0} has 0 sufficientlyReplicated, 2 underReplicated and 0 unhealthy containers
2020-12-17 06:17:29,305 [DatanodeAdminManager-0] INFO  node.DatanodeAdminMonitorImpl (DatanodeAdminMonitorImpl.java:run(136)) - There are 3 nodes tracked for decommission and maintenance. 0 pending nodes.
2020-12-17 06:17:30,305 [DatanodeAdminManager-0] INFO  node.DatanodeAdminMonitorImpl (DatanodeAdminMonitorImpl.java:checkContainersReplicatedOnNode(297)) - 5c172e1d-997d-4dd3-baf9-9414c84d2cc3{ip: 172.17.0.2, host: 647233daa2c6, networkLocation: /default-rack, certSerialId: null, persistedOpState: ENTERING_MAINTENANCE, persistedOpStateExpiryEpochSec: 0} has 0 sufficientlyReplicated, 2 underReplicated and 0 unhealthy containers
2020-12-17 06:17:30,305 [DatanodeAdminManager-0] INFO  node.DatanodeAdminMonitorImpl (DatanodeAdminMonitorImpl.java:checkContainersReplicatedOnNode(297)) - 0e8fc707-3157-4ba9-8ca0-1e159f3dc0e9{ip: 172.17.0.2, host: 647233daa2c6, networkLocation: /default-rack, certSerialId: null, persistedOpState: ENTERING_MAINTENANCE, persistedOpStateExpiryEpochSec: 0} has 0 sufficientlyReplicated, 2 underReplicated and 0 unhealthy containers
2020-12-17 06:17:30,305 [DatanodeAdminManager-0] INFO  node.DatanodeAdminMonitorImpl (DatanodeAdminMonitorImpl.java:checkContainersReplicatedOnNode(297)) - 498f54dd-f545-4970-aaf6-8938e8aa224a{ip: 172.17.0.2, host: 647233daa2c6, networkLocation: /default-rack, certSerialId: null, persistedOpState: ENTERING_MAINTENANCE, persistedOpStateExpiryEpochSec: 0} has 0 sufficientlyReplicated, 2 underReplicated and 0 unhealthy containers
2020-12-17 06:17:30,305 [DatanodeAdminManager-0] INFO  node.DatanodeAdminMonitorImpl (DatanodeAdminMonitorImpl.java:run(136)) - There are 3 nodes tracked for decommission and maintenance. 0 pending nodes.
2020-12-17 06:17:31,272 [EventQueue-Delayed safe mode statusForReplicationManager] INFO  container.ReplicationManager (ReplicationManager.java:start(186)) - Starting Replication Monitor Thread.
2020-12-17 06:17:31,275 [ReplicationMonitor] INFO  container.ReplicationManager (ReplicationManager.java:forceCloseContainer(633)) - Force closing container #1 with BCSID 40, which is in QUASI_CLOSED state.
2020-12-17 06:17:31,275 [ReplicationMonitor] INFO  container.ReplicationManager (ReplicationManager.java:sendCloseCommand(948)) - Sending close container command for container #1 to datanode 498f54dd-f545-4970-aaf6-8938e8aa224a{ip: 172.17.0.2, host: 647233daa2c6, networkLocation: /default-rack, certSerialId: null, persistedOpState: ENTERING_MAINTENANCE, persistedOpStateExpiryEpochSec: 0}.
2020-12-17 06:17:31,275 [ReplicationMonitor] INFO  container.ReplicationManager (ReplicationManager.java:sendCloseCommand(948)) - Sending close container command for container #1 to datanode 5c172e1d-997d-4dd3-baf9-9414c84d2cc3{ip: 172.17.0.2, host: 647233daa2c6, networkLocation: /default-rack, certSerialId: null, persistedOpState: ENTERING_MAINTENANCE, persistedOpStateExpiryEpochSec: 0}.
2020-12-17 06:17:31,275 [ReplicationMonitor] INFO  container.ReplicationManager (ReplicationManager.java:sendCloseCommand(948)) - Sending close container command for container #1 to datanode 0e8fc707-3157-4ba9-8ca0-1e159f3dc0e9{ip: 172.17.0.2, host: 647233daa2c6, networkLocation: /default-rack, certSerialId: null, persistedOpState: ENTERING_MAINTENANCE, persistedOpStateExpiryEpochSec: 0}.
2020-12-17 06:17:31,276 [ReplicationMonitor] INFO  container.ReplicationManager (ReplicationManager.java:forceCloseContainer(633)) - Force closing container #2 with BCSID 36, which is in QUASI_CLOSED state.
2020-12-17 06:17:31,276 [ReplicationMonitor] INFO  container.ReplicationManager (ReplicationManager.java:sendCloseCommand(948)) - Sending close container command for container #2 to datanode 0e8fc707-3157-4ba9-8ca0-1e159f3dc0e9{ip: 172.17.0.2, host: 647233daa2c6, networkLocation: /default-rack, certSerialId: null, persistedOpState: ENTERING_MAINTENANCE, persistedOpStateExpiryEpochSec: 0}.
2020-12-17 06:17:31,276 [ReplicationMonitor] INFO  container.ReplicationManager (ReplicationManager.java:sendCloseCommand(948)) - Sending close container command for container #2 to datanode 498f54dd-f545-4970-aaf6-8938e8aa224a{ip: 172.17.0.2, host: 647233daa2c6, networkLocation: /default-rack, certSerialId: null, persistedOpState: ENTERING_MAINTENANCE, persistedOpStateExpiryEpochSec: 0}.
2020-12-17 06:17:31,276 [ReplicationMonitor] INFO  container.ReplicationManager (ReplicationManager.java:sendCloseCommand(948)) - Sending close container command for container #2 to datanode 5c172e1d-997d-4dd3-baf9-9414c84d2cc3{ip: 172.17.0.2, host: 647233daa2c6, networkLocation: /default-rack, certSerialId: null, persistedOpState: ENTERING_MAINTENANCE, persistedOpStateExpiryEpochSec: 0}.
2020-12-17 06:17:31,276 [ReplicationMonitor] INFO  container.ReplicationManager (ReplicationManager.java:run(250)) - Replication Monitor Thread took 2 milliseconds for processing 4 containers.
2020-12-17 06:17:31,305 [DatanodeAdminManager-0] INFO  node.DatanodeAdminMonitorImpl (DatanodeAdminMonitorImpl.java:checkContainersReplicatedOnNode(297)) - 5c172e1d-997d-4dd3-baf9-9414c84d2cc3{ip: 172.17.0.2, host: 647233daa2c6, networkLocation: /default-rack, certSerialId: null, persistedOpState: ENTERING_MAINTENANCE, persistedOpStateExpiryEpochSec: 0} has 0 sufficientlyReplicated, 2 underReplicated and 0 unhealthy containers
2020-12-17 06:17:31,305 [DatanodeAdminManager-0] INFO  node.DatanodeAdminMonitorImpl (DatanodeAdminMonitorImpl.java:checkContainersReplicatedOnNode(297)) - 0e8fc707-3157-4ba9-8ca0-1e159f3dc0e9{ip: 172.17.0.2, host: 647233daa2c6, networkLocation: /default-rack, certSerialId: null, persistedOpState: ENTERING_MAINTENANCE, persistedOpStateExpiryEpochSec: 0} has 0 sufficientlyReplicated, 2 underReplicated and 0 unhealthy containers
2020-12-17 06:17:31,305 [DatanodeAdminManager-0] INFO  node.DatanodeAdminMonitorImpl (DatanodeAdminMonitorImpl.java:checkContainersReplicatedOnNode(297)) - 498f54dd-f545-4970-aaf6-8938e8aa224a{ip: 172.17.0.2, host: 647233daa2c6, networkLocation: /default-rack, certSerialId: null, persistedOpState: ENTERING_MAINTENANCE, persistedOpStateExpiryEpochSec: 0} has 0 sufficientlyReplicated, 2 underReplicated and 0 unhealthy containers
2020-12-17 06:17:31,305 [DatanodeAdminManager-0] INFO  node.DatanodeAdminMonitorImpl (DatanodeAdminMonitorImpl.java:run(136)) - There are 3 nodes tracked for decommission and maintenance. 0 pending nodes.
2020-12-17 06:17:32,276 [ReplicationMonitor] INFO  container.ReplicationManager (ReplicationManager.java:forceCloseContainer(633)) - Force closing container #1 with BCSID 40, which is in QUASI_CLOSED state.
2020-12-17 06:17:32,276 [ReplicationMonitor] INFO  container.ReplicationManager (ReplicationManager.java:sendCloseCommand(948)) - Sending close container command for container #1 to datanode 498f54dd-f545-4970-aaf6-8938e8aa224a{ip: 172.17.0.2, host: 647233daa2c6, networkLocation: /default-rack, certSerialId: null, persistedOpState: ENTERING_MAINTENANCE, persistedOpStateExpiryEpochSec: 0}.
2020-12-17 06:17:32,276 [ReplicationMonitor] INFO  container.ReplicationManager (ReplicationManager.java:sendCloseCommand(948)) - Sending close container command for container #1 to datanode 5c172e1d-997d-4dd3-baf9-9414c84d2cc3{ip: 172.17.0.2, host: 647233daa2c6, networkLocation: /default-rack, certSerialId: null, persistedOpState: ENTERING_MAINTENANCE, persistedOpStateExpiryEpochSec: 0}.
2020-12-17 06:17:32,276 [ReplicationMonitor] INFO  container.ReplicationManager (ReplicationManager.java:sendCloseCommand(948)) - Sending close container command for container #1 to datanode 0e8fc707-3157-4ba9-8ca0-1e159f3dc0e9{ip: 172.17.0.2, host: 647233daa2c6, networkLocation: /default-rack, certSerialId: null, persistedOpState: ENTERING_MAINTENANCE, persistedOpStateExpiryEpochSec: 0}.
2020-12-17 06:17:32,277 [ReplicationMonitor] INFO  container.ReplicationManager (ReplicationManager.java:forceCloseContainer(633)) - Force closing container #2 with BCSID 36, which is in QUASI_CLOSED state.
2020-12-17 06:17:32,277 [ReplicationMonitor] INFO  container.ReplicationManager (ReplicationManager.java:sendCloseCommand(948)) - Sending close container command for container #2 to datanode 0e8fc707-3157-4ba9-8ca0-1e159f3dc0e9{ip: 172.17.0.2, host: 647233daa2c6, networkLocation: /default-rack, certSerialId: null, persistedOpState: ENTERING_MAINTENANCE, persistedOpStateExpiryEpochSec: 0}.
2020-12-17 06:17:32,277 [ReplicationMonitor] INFO  container.ReplicationManager (ReplicationManager.java:sendCloseCommand(948)) - Sending close container command for container #2 to datanode 498f54dd-f545-4970-aaf6-8938e8aa224a{ip: 172.17.0.2, host: 647233daa2c6, networkLocation: /default-rack, certSerialId: null, persistedOpState: ENTERING_MAINTENANCE, persistedOpStateExpiryEpochSec: 0}.
2020-12-17 06:17:32,277 [ReplicationMonitor] INFO  container.ReplicationManager (ReplicationManager.java:sendCloseCommand(948)) - Sending close container command for container #2 to datanode 5c172e1d-997d-4dd3-baf9-9414c84d2cc3{ip: 172.17.0.2, host: 647233daa2c6, networkLocation: /default-rack, certSerialId: null, persistedOpState: ENTERING_MAINTENANCE, persistedOpStateExpiryEpochSec: 0}.
2020-12-17 06:17:32,277 [ReplicationMonitor] INFO  container.ReplicationManager (ReplicationManager.java:run(250)) - Replication Monitor Thread took 1 milliseconds for processing 4 containers.
2020-12-17 06:17:32,305 [DatanodeAdminManager-0] INFO  node.DatanodeAdminMonitorImpl (DatanodeAdminMonitorImpl.java:checkContainersReplicatedOnNode(297)) - 5c172e1d-997d-4dd3-baf9-9414c84d2cc3{ip: 172.17.0.2, host: 647233daa2c6, networkLocation: /default-rack, certSerialId: null, persistedOpState: ENTERING_MAINTENANCE, persistedOpStateExpiryEpochSec: 0} has 0 sufficientlyReplicated, 2 underReplicated and 0 unhealthy containers
2020-12-17 06:17:32,305 [DatanodeAdminManager-0] INFO  node.DatanodeAdminMonitorImpl (DatanodeAdminMonitorImpl.java:checkContainersReplicatedOnNode(297)) - 0e8fc707-3157-4ba9-8ca0-1e159f3dc0e9{ip: 172.17.0.2, host: 647233daa2c6, networkLocation: /default-rack, certSerialId: null, persistedOpState: ENTERING_MAINTENANCE, persistedOpStateExpiryEpochSec: 0} has 0 sufficientlyReplicated, 2 underReplicated and 0 unhealthy containers
2020-12-17 06:17:32,305 [DatanodeAdminManager-0] INFO  node.DatanodeAdminMonitorImpl (DatanodeAdminMonitorImpl.java:checkContainersReplicatedOnNode(297)) - 498f54dd-f545-4970-aaf6-8938e8aa224a{ip: 172.17.0.2, host: 647233daa2c6, networkLocation: /default-rack, certSerialId: null, persistedOpState: ENTERING_MAINTENANCE, persistedOpStateExpiryEpochSec: 0} has 0 sufficientlyReplicated, 2 underReplicated and 0 unhealthy containers
2020-12-17 06:17:32,305 [DatanodeAdminManager-0] INFO  node.DatanodeAdminMonitorImpl (DatanodeAdminMonitorImpl.java:run(136)) - There are 3 nodes tracked for decommission and maintenance. 0 pending nodes.
2020-12-17 06:17:33,277 [ReplicationMonitor] INFO  container.ReplicationManager (ReplicationManager.java:forceCloseContainer(633)) - Force closing container #1 with BCSID 40, which is in QUASI_CLOSED state.
2020-12-17 06:17:33,277 [ReplicationMonitor] INFO  container.ReplicationManager (ReplicationManager.java:sendCloseCommand(948)) - Sending close container command for container #1 to datanode 498f54dd-f545-4970-aaf6-8938e8aa224a{ip: 172.17.0.2, host: 647233daa2c6, networkLocation: /default-rack, certSerialId: null, persistedOpState: ENTERING_MAINTENANCE, persistedOpStateExpiryEpochSec: 0}.
2020-12-17 06:17:33,277 [ReplicationMonitor] INFO  container.ReplicationManager (ReplicationManager.java:sendCloseCommand(948)) - Sending close container command for container #1 to datanode 5c172e1d-997d-4dd3-baf9-9414c84d2cc3{ip: 172.17.0.2, host: 647233daa2c6, networkLocation: /default-rack, certSerialId: null, persistedOpState: ENTERING_MAINTENANCE, persistedOpStateExpiryEpochSec: 0}.
2020-12-17 06:17:33,277 [ReplicationMonitor] INFO  container.ReplicationManager (ReplicationManager.java:sendCloseCommand(948)) - Sending close container command for container #1 to datanode 0e8fc707-3157-4ba9-8ca0-1e159f3dc0e9{ip: 172.17.0.2, host: 647233daa2c6, networkLocation: /default-rack, certSerialId: null, persistedOpState: ENTERING_MAINTENANCE, persistedOpStateExpiryEpochSec: 0}.
2020-12-17 06:17:33,277 [ReplicationMonitor] INFO  container.ReplicationManager (ReplicationManager.java:forceCloseContainer(633)) - Force closing container #2 with BCSID 36, which is in QUASI_CLOSED state.
2020-12-17 06:17:33,277 [ReplicationMonitor] INFO  container.ReplicationManager (ReplicationManager.java:sendCloseCommand(948)) - Sending close container command for container #2 to datanode 0e8fc707-3157-4ba9-8ca0-1e159f3dc0e9{ip: 172.17.0.2, host: 647233daa2c6, networkLocation: /default-rack, certSerialId: null, persistedOpState: ENTERING_MAINTENANCE, persistedOpStateExpiryEpochSec: 0}.
2020-12-17 06:17:33,277 [ReplicationMonitor] INFO  container.ReplicationManager (ReplicationManager.java:sendCloseCommand(948)) - Sending close container command for container #2 to datanode 498f54dd-f545-4970-aaf6-8938e8aa224a{ip: 172.17.0.2, host: 647233daa2c6, networkLocation: /default-rack, certSerialId: null, persistedOpState: ENTERING_MAINTENANCE, persistedOpStateExpiryEpochSec: 0}.
2020-12-17 06:17:33,277 [ReplicationMonitor] INFO  container.ReplicationManager (ReplicationManager.java:sendCloseCommand(948)) - Sending close container command for container #2 to datanode 5c172e1d-997d-4dd3-baf9-9414c84d2cc3{ip: 172.17.0.2, host: 647233daa2c6, networkLocation: /default-rack, certSerialId: null, persistedOpState: ENTERING_MAINTENANCE, persistedOpStateExpiryEpochSec: 0}.
2020-12-17 06:17:33,278 [ReplicationMonitor] INFO  container.ReplicationManager (ReplicationManager.java:run(250)) - Replication Monitor Thread took 1 milliseconds for processing 4 containers.
2020-12-17 06:17:33,305 [DatanodeAdminManager-0] INFO  node.DatanodeAdminMonitorImpl (DatanodeAdminMonitorImpl.java:checkContainersReplicatedOnNode(297)) - 5c172e1d-997d-4dd3-baf9-9414c84d2cc3{ip: 172.17.0.2, host: 647233daa2c6, networkLocation: /default-rack, certSerialId: null, persistedOpState: ENTERING_MAINTENANCE, persistedOpStateExpiryEpochSec: 0} has 0 sufficientlyReplicated, 2 underReplicated and 0 unhealthy containers
2020-12-17 06:17:33,305 [DatanodeAdminManager-0] INFO  node.DatanodeAdminMonitorImpl (DatanodeAdminMonitorImpl.java:checkContainersReplicatedOnNode(297)) - 0e8fc707-3157-4ba9-8ca0-1e159f3dc0e9{ip: 172.17.0.2, host: 647233daa2c6, networkLocation: /default-rack, certSerialId: null, persistedOpState: ENTERING_MAINTENANCE, persistedOpStateExpiryEpochSec: 0} has 0 sufficientlyReplicated, 2 underReplicated and 0 unhealthy containers
2020-12-17 06:17:33,305 [DatanodeAdminManager-0] INFO  node.DatanodeAdminMonitorImpl (DatanodeAdminMonitorImpl.java:checkContainersReplicatedOnNode(297)) - 498f54dd-f545-4970-aaf6-8938e8aa224a{ip: 172.17.0.2, host: 647233daa2c6, networkLocation: /default-rack, certSerialId: null, persistedOpState: ENTERING_MAINTENANCE, persistedOpStateExpiryEpochSec: 0} has 0 sufficientlyReplicated, 2 underReplicated and 0 unhealthy containers
2020-12-17 06:17:33,305 [DatanodeAdminManager-0] INFO  node.DatanodeAdminMonitorImpl (DatanodeAdminMonitorImpl.java:run(136)) - There are 3 nodes tracked for decommission and maintenance. 0 pending nodes.
2020-12-17 06:17:34,117 [Command processor thread] INFO  keyvalue.KeyValueContainer (KeyValueContainer.java:flushAndSyncDB(388)) - Container 1 is synced with bcsId 40.
2020-12-17 06:17:34,117 [Command processor thread] INFO  keyvalue.KeyValueContainer (KeyValueContainer.java:flushAndSyncDB(388)) - Container 1 is synced with bcsId 40.
2020-12-17 06:17:34,126 [Command processor thread] INFO  keyvalue.KeyValueContainer (KeyValueContainer.java:flushAndSyncDB(388)) - Container 1 is synced with bcsId 40.
2020-12-17 06:17:34,126 [Command processor thread] INFO  keyvalue.KeyValueContainer (KeyValueContainer.java:flushAndSyncDB(388)) - Container 1 is synced with bcsId 40.
2020-12-17 06:17:34,135 [Command processor thread] INFO  keyvalue.KeyValueContainer (KeyValueContainer.java:flushAndSyncDB(388)) - Container 1 is synced with bcsId 40.
2020-12-17 06:17:34,135 [Command processor thread] INFO  keyvalue.KeyValueContainer (KeyValueContainer.java:flushAndSyncDB(388)) - Container 1 is synced with bcsId 40.
2020-12-17 06:17:34,278 [ReplicationMonitor] INFO  container.ReplicationManager (ReplicationManager.java:forceCloseContainer(633)) - Force closing container #1 with BCSID 40, which is in QUASI_CLOSED state.
2020-12-17 06:17:34,278 [ReplicationMonitor] INFO  container.ReplicationManager (ReplicationManager.java:sendCloseCommand(948)) - Sending close container command for container #1 to datanode 498f54dd-f545-4970-aaf6-8938e8aa224a{ip: 172.17.0.2, host: 647233daa2c6, networkLocation: /default-rack, certSerialId: null, persistedOpState: ENTERING_MAINTENANCE, persistedOpStateExpiryEpochSec: 0}.
2020-12-17 06:17:34,278 [ReplicationMonitor] INFO  container.ReplicationManager (ReplicationManager.java:sendCloseCommand(948)) - Sending close container command for container #1 to datanode 5c172e1d-997d-4dd3-baf9-9414c84d2cc3{ip: 172.17.0.2, host: 647233daa2c6, networkLocation: /default-rack, certSerialId: null, persistedOpState: ENTERING_MAINTENANCE, persistedOpStateExpiryEpochSec: 0}.
2020-12-17 06:17:34,278 [ReplicationMonitor] INFO  container.ReplicationManager (ReplicationManager.java:sendCloseCommand(948)) - Sending close container command for container #1 to datanode 0e8fc707-3157-4ba9-8ca0-1e159f3dc0e9{ip: 172.17.0.2, host: 647233daa2c6, networkLocation: /default-rack, certSerialId: null, persistedOpState: ENTERING_MAINTENANCE, persistedOpStateExpiryEpochSec: 0}.
2020-12-17 06:17:34,278 [ReplicationMonitor] INFO  container.ReplicationManager (ReplicationManager.java:forceCloseContainer(633)) - Force closing container #2 with BCSID 36, which is in QUASI_CLOSED state.
2020-12-17 06:17:34,278 [ReplicationMonitor] INFO  container.ReplicationManager (ReplicationManager.java:sendCloseCommand(948)) - Sending close container command for container #2 to datanode 0e8fc707-3157-4ba9-8ca0-1e159f3dc0e9{ip: 172.17.0.2, host: 647233daa2c6, networkLocation: /default-rack, certSerialId: null, persistedOpState: ENTERING_MAINTENANCE, persistedOpStateExpiryEpochSec: 0}.
2020-12-17 06:17:34,278 [ReplicationMonitor] INFO  container.ReplicationManager (ReplicationManager.java:sendCloseCommand(948)) - Sending close container command for container #2 to datanode 498f54dd-f545-4970-aaf6-8938e8aa224a{ip: 172.17.0.2, host: 647233daa2c6, networkLocation: /default-rack, certSerialId: null, persistedOpState: ENTERING_MAINTENANCE, persistedOpStateExpiryEpochSec: 0}.
2020-12-17 06:17:34,278 [ReplicationMonitor] INFO  container.ReplicationManager (ReplicationManager.java:sendCloseCommand(948)) - Sending close container command for container #2 to datanode 5c172e1d-997d-4dd3-baf9-9414c84d2cc3{ip: 172.17.0.2, host: 647233daa2c6, networkLocation: /default-rack, certSerialId: null, persistedOpState: ENTERING_MAINTENANCE, persistedOpStateExpiryEpochSec: 0}.
2020-12-17 06:17:34,279 [ReplicationMonitor] INFO  container.ReplicationManager (ReplicationManager.java:run(250)) - Replication Monitor Thread took 1 milliseconds for processing 4 containers.
2020-12-17 06:17:34,305 [DatanodeAdminManager-0] INFO  node.DatanodeAdminMonitorImpl (DatanodeAdminMonitorImpl.java:checkContainersReplicatedOnNode(297)) - 5c172e1d-997d-4dd3-baf9-9414c84d2cc3{ip: 172.17.0.2, host: 647233daa2c6, networkLocation: /default-rack, certSerialId: null, persistedOpState: ENTERING_MAINTENANCE, persistedOpStateExpiryEpochSec: 0} has 0 sufficientlyReplicated, 2 underReplicated and 0 unhealthy containers
2020-12-17 06:17:34,305 [DatanodeAdminManager-0] INFO  node.DatanodeAdminMonitorImpl (DatanodeAdminMonitorImpl.java:checkContainersReplicatedOnNode(297)) - 0e8fc707-3157-4ba9-8ca0-1e159f3dc0e9{ip: 172.17.0.2, host: 647233daa2c6, networkLocation: /default-rack, certSerialId: null, persistedOpState: ENTERING_MAINTENANCE, persistedOpStateExpiryEpochSec: 0} has 0 sufficientlyReplicated, 2 underReplicated and 0 unhealthy containers
2020-12-17 06:17:34,305 [DatanodeAdminManager-0] INFO  node.DatanodeAdminMonitorImpl (DatanodeAdminMonitorImpl.java:checkContainersReplicatedOnNode(297)) - 498f54dd-f545-4970-aaf6-8938e8aa224a{ip: 172.17.0.2, host: 647233daa2c6, networkLocation: /default-rack, certSerialId: null, persistedOpState: ENTERING_MAINTENANCE, persistedOpStateExpiryEpochSec: 0} has 0 sufficientlyReplicated, 2 underReplicated and 0 unhealthy containers
2020-12-17 06:17:34,305 [DatanodeAdminManager-0] INFO  node.DatanodeAdminMonitorImpl (DatanodeAdminMonitorImpl.java:run(136)) - There are 3 nodes tracked for decommission and maintenance. 0 pending nodes.
2020-12-17 06:17:34,465 [Command processor thread] INFO  keyvalue.KeyValueContainer (KeyValueContainer.java:close(326)) - Container 1 is closed with bcsId 40.
2020-12-17 06:17:34,465 [Command processor thread] INFO  keyvalue.KeyValueContainer (KeyValueContainer.java:close(326)) - Container 1 is closed with bcsId 40.
2020-12-17 06:17:34,465 [Command processor thread] INFO  keyvalue.KeyValueContainer (KeyValueContainer.java:flushAndSyncDB(388)) - Container 2 is synced with bcsId 36.
2020-12-17 06:17:34,465 [Command processor thread] INFO  keyvalue.KeyValueContainer (KeyValueContainer.java:flushAndSyncDB(388)) - Container 2 is synced with bcsId 36.
2020-12-17 06:17:34,465 [Command processor thread] INFO  keyvalue.KeyValueContainer (KeyValueContainer.java:flushAndSyncDB(388)) - Container 2 is synced with bcsId 36.
2020-12-17 06:17:34,465 [Command processor thread] INFO  keyvalue.KeyValueContainer (KeyValueContainer.java:flushAndSyncDB(388)) - Container 2 is synced with bcsId 36.
2020-12-17 06:17:34,466 [Command processor thread] INFO  keyvalue.KeyValueContainer (KeyValueContainer.java:close(326)) - Container 1 is closed with bcsId 40.
2020-12-17 06:17:34,466 [Command processor thread] INFO  keyvalue.KeyValueContainer (KeyValueContainer.java:flushAndSyncDB(388)) - Container 2 is synced with bcsId 36.
2020-12-17 06:17:34,466 [Command processor thread] INFO  keyvalue.KeyValueContainer (KeyValueContainer.java:flushAndSyncDB(388)) - Container 2 is synced with bcsId 36.
2020-12-17 06:17:34,467 [Command processor thread] INFO  keyvalue.KeyValueContainer (KeyValueContainer.java:close(326)) - Container 2 is closed with bcsId 36.
2020-12-17 06:17:34,467 [Command processor thread] INFO  keyvalue.KeyValueContainer (KeyValueContainer.java:close(326)) - Container 2 is closed with bcsId 36.
2020-12-17 06:17:34,469 [EventQueue-ContainerReportForContainerReportHandler] INFO  container.ContainerReportHandler (AbstractContainerReportHandler.java:updateContainerState(241)) - Moving container #1 to CLOSED state, datanode 498f54dd-f545-4970-aaf6-8938e8aa224a{ip: 172.17.0.2, host: 647233daa2c6, networkLocation: /default-rack, certSerialId: null, persistedOpState: ENTERING_MAINTENANCE, persistedOpStateExpiryEpochSec: 0} reported CLOSED replica.
2020-12-17 06:17:34,470 [Command processor thread] INFO  keyvalue.KeyValueContainer (KeyValueContainer.java:close(326)) - Container 2 is closed with bcsId 36.
2020-12-17 06:17:34,475 [EventQueue-IncrementalContainerReportForIncrementalContainerReportHandler] INFO  container.IncrementalContainerReportHandler (AbstractContainerReportHandler.java:updateContainerState(241)) - Moving container #2 to CLOSED state, datanode 5c172e1d-997d-4dd3-baf9-9414c84d2cc3{ip: 172.17.0.2, host: 647233daa2c6, networkLocation: /default-rack, certSerialId: null, persistedOpState: ENTERING_MAINTENANCE, persistedOpStateExpiryEpochSec: 0} reported CLOSED replica.
2020-12-17 06:17:35,279 [ReplicationMonitor] INFO  container.ReplicationManager (ReplicationManager.java:handleUnderReplicatedContainer(722)) - Container #1 is under replicated. Expected replica count is 3, but found 1.
2020-12-17 06:17:35,279 [ReplicationMonitor] INFO  container.ReplicationManager (ReplicationManager.java:sendReplicateCommand(970)) - Sending replicate container command for container #1 to datanode af686100-7e6c-4b70-9ed6-519c9a6108c4{ip: 172.17.0.2, host: 647233daa2c6, networkLocation: /default-rack, certSerialId: null, persistedOpState: IN_SERVICE, persistedOpStateExpiryEpochSec: 0}
2020-12-17 06:17:35,279 [ReplicationMonitor] INFO  container.ReplicationManager (ReplicationManager.java:sendReplicateCommand(970)) - Sending replicate container command for container #1 to datanode ebe706cb-1bab-4194-9c59-b1279774a307{ip: 172.17.0.2, host: 647233daa2c6, networkLocation: /default-rack, certSerialId: null, persistedOpState: IN_SERVICE, persistedOpStateExpiryEpochSec: 0}
2020-12-17 06:17:35,279 [ReplicationMonitor] INFO  container.ReplicationManager (ReplicationManager.java:handleUnderReplicatedContainer(722)) - Container #2 is under replicated. Expected replica count is 3, but found 1.
2020-12-17 06:17:35,279 [ReplicationMonitor] INFO  container.ReplicationManager (ReplicationManager.java:sendReplicateCommand(970)) - Sending replicate container command for container #2 to datanode ebe706cb-1bab-4194-9c59-b1279774a307{ip: 172.17.0.2, host: 647233daa2c6, networkLocation: /default-rack, certSerialId: null, persistedOpState: IN_SERVICE, persistedOpStateExpiryEpochSec: 0}
2020-12-17 06:17:35,279 [ReplicationMonitor] INFO  container.ReplicationManager (ReplicationManager.java:sendReplicateCommand(970)) - Sending replicate container command for container #2 to datanode 257b61ee-eb6d-48eb-bce8-7b671ec5e6a0{ip: 172.17.0.2, host: 647233daa2c6, networkLocation: /default-rack, certSerialId: null, persistedOpState: IN_SERVICE, persistedOpStateExpiryEpochSec: 0}
2020-12-17 06:17:35,279 [ReplicationMonitor] INFO  container.ReplicationManager (ReplicationManager.java:run(250)) - Replication Monitor Thread took 1 milliseconds for processing 4 containers.
2020-12-17 06:17:35,305 [DatanodeAdminManager-0] INFO  node.DatanodeAdminMonitorImpl (DatanodeAdminMonitorImpl.java:checkContainersReplicatedOnNode(297)) - 5c172e1d-997d-4dd3-baf9-9414c84d2cc3{ip: 172.17.0.2, host: 647233daa2c6, networkLocation: /default-rack, certSerialId: null, persistedOpState: ENTERING_MAINTENANCE, persistedOpStateExpiryEpochSec: 0} has 0 sufficientlyReplicated, 2 underReplicated and 0 unhealthy containers
2020-12-17 06:17:35,305 [DatanodeAdminManager-0] INFO  node.DatanodeAdminMonitorImpl (DatanodeAdminMonitorImpl.java:checkContainersReplicatedOnNode(297)) - 0e8fc707-3157-4ba9-8ca0-1e159f3dc0e9{ip: 172.17.0.2, host: 647233daa2c6, networkLocation: /default-rack, certSerialId: null, persistedOpState: ENTERING_MAINTENANCE, persistedOpStateExpiryEpochSec: 0} has 0 sufficientlyReplicated, 2 underReplicated and 0 unhealthy containers
2020-12-17 06:17:35,305 [DatanodeAdminManager-0] INFO  node.DatanodeAdminMonitorImpl (DatanodeAdminMonitorImpl.java:checkContainersReplicatedOnNode(297)) - 498f54dd-f545-4970-aaf6-8938e8aa224a{ip: 172.17.0.2, host: 647233daa2c6, networkLocation: /default-rack, certSerialId: null, persistedOpState: ENTERING_MAINTENANCE, persistedOpStateExpiryEpochSec: 0} has 0 sufficientlyReplicated, 2 underReplicated and 0 unhealthy containers
2020-12-17 06:17:35,305 [DatanodeAdminManager-0] INFO  node.DatanodeAdminMonitorImpl (DatanodeAdminMonitorImpl.java:run(136)) - There are 3 nodes tracked for decommission and maintenance. 0 pending nodes.
2020-12-17 06:17:36,280 [ReplicationMonitor] INFO  container.ReplicationManager (ReplicationManager.java:run(250)) - Replication Monitor Thread took 0 milliseconds for processing 4 containers.
2020-12-17 06:17:36,305 [DatanodeAdminManager-0] INFO  node.DatanodeAdminMonitorImpl (DatanodeAdminMonitorImpl.java:checkContainersReplicatedOnNode(297)) - 5c172e1d-997d-4dd3-baf9-9414c84d2cc3{ip: 172.17.0.2, host: 647233daa2c6, networkLocation: /default-rack, certSerialId: null, persistedOpState: ENTERING_MAINTENANCE, persistedOpStateExpiryEpochSec: 0} has 0 sufficientlyReplicated, 2 underReplicated and 0 unhealthy containers
2020-12-17 06:17:36,305 [DatanodeAdminManager-0] INFO  node.DatanodeAdminMonitorImpl (DatanodeAdminMonitorImpl.java:checkContainersReplicatedOnNode(297)) - 0e8fc707-3157-4ba9-8ca0-1e159f3dc0e9{ip: 172.17.0.2, host: 647233daa2c6, networkLocation: /default-rack, certSerialId: null, persistedOpState: ENTERING_MAINTENANCE, persistedOpStateExpiryEpochSec: 0} has 0 sufficientlyReplicated, 2 underReplicated and 0 unhealthy containers
2020-12-17 06:17:36,305 [DatanodeAdminManager-0] INFO  node.DatanodeAdminMonitorImpl (DatanodeAdminMonitorImpl.java:checkContainersReplicatedOnNode(297)) - 498f54dd-f545-4970-aaf6-8938e8aa224a{ip: 172.17.0.2, host: 647233daa2c6, networkLocation: /default-rack, certSerialId: null, persistedOpState: ENTERING_MAINTENANCE, persistedOpStateExpiryEpochSec: 0} has 0 sufficientlyReplicated, 2 underReplicated and 0 unhealthy containers
2020-12-17 06:17:36,305 [DatanodeAdminManager-0] INFO  node.DatanodeAdminMonitorImpl (DatanodeAdminMonitorImpl.java:run(136)) - There are 3 nodes tracked for decommission and maintenance. 0 pending nodes.
2020-12-17 06:17:37,252 [ContainerReplicationThread-0] INFO  replication.DownloadAndImportReplicator (DownloadAndImportReplicator.java:replicate(106)) - Starting replication of container 1 from [498f54dd-f545-4970-aaf6-8938e8aa224a{ip: 172.17.0.2, host: 647233daa2c6, networkLocation: /default-rack, certSerialId: null, persistedOpState: ENTERING_MAINTENANCE, persistedOpStateExpiryEpochSec: 0}, 5c172e1d-997d-4dd3-baf9-9414c84d2cc3{ip: 172.17.0.2, host: 647233daa2c6, networkLocation: /default-rack, certSerialId: null, persistedOpState: ENTERING_MAINTENANCE, persistedOpStateExpiryEpochSec: 0}, 0e8fc707-3157-4ba9-8ca0-1e159f3dc0e9{ip: 172.17.0.2, host: 647233daa2c6, networkLocation: /default-rack, certSerialId: null, persistedOpState: ENTERING_MAINTENANCE, persistedOpStateExpiryEpochSec: 0}]
2020-12-17 06:17:37,253 [ContainerReplicationThread-1] INFO  replication.DownloadAndImportReplicator (DownloadAndImportReplicator.java:replicate(106)) - Starting replication of container 2 from [0e8fc707-3157-4ba9-8ca0-1e159f3dc0e9{ip: 172.17.0.2, host: 647233daa2c6, networkLocation: /default-rack, certSerialId: null, persistedOpState: ENTERING_MAINTENANCE, persistedOpStateExpiryEpochSec: 0}, 498f54dd-f545-4970-aaf6-8938e8aa224a{ip: 172.17.0.2, host: 647233daa2c6, networkLocation: /default-rack, certSerialId: null, persistedOpState: ENTERING_MAINTENANCE, persistedOpStateExpiryEpochSec: 0}, 5c172e1d-997d-4dd3-baf9-9414c84d2cc3{ip: 172.17.0.2, host: 647233daa2c6, networkLocation: /default-rack, certSerialId: null, persistedOpState: ENTERING_MAINTENANCE, persistedOpStateExpiryEpochSec: 0}]
2020-12-17 06:17:37,257 [grpc-default-executor-3] INFO  replication.GrpcReplicationService (GrpcReplicationService.java:download(52)) - Streaming container data (1) to other datanode
2020-12-17 06:17:37,262 [grpc-default-executor-3] INFO  replication.GrpcOutputStream (GrpcOutputStream.java:close(104)) - Sent 10881 bytes for container 1
2020-12-17 06:17:37,263 [grpc-default-executor-5] INFO  replication.GrpcReplicationService (GrpcReplicationService.java:download(52)) - Streaming container data (2) to other datanode
2020-12-17 06:17:37,265 [ContainerReplicationThread-0] INFO  replication.DownloadAndImportReplicator (DownloadAndImportReplicator.java:replicate(106)) - Starting replication of container 1 from [498f54dd-f545-4970-aaf6-8938e8aa224a{ip: 172.17.0.2, host: 647233daa2c6, networkLocation: /default-rack, certSerialId: null, persistedOpState: ENTERING_MAINTENANCE, persistedOpStateExpiryEpochSec: 0}, 5c172e1d-997d-4dd3-baf9-9414c84d2cc3{ip: 172.17.0.2, host: 647233daa2c6, networkLocation: /default-rack, certSerialId: null, persistedOpState: ENTERING_MAINTENANCE, persistedOpStateExpiryEpochSec: 0}, 0e8fc707-3157-4ba9-8ca0-1e159f3dc0e9{ip: 172.17.0.2, host: 647233daa2c6, networkLocation: /default-rack, certSerialId: null, persistedOpState: ENTERING_MAINTENANCE, persistedOpStateExpiryEpochSec: 0}]
2020-12-17 06:17:37,270 [grpc-default-executor-2] INFO  replication.GrpcReplicationService (GrpcReplicationService.java:download(52)) - Streaming container data (1) to other datanode
2020-12-17 06:17:37,272 [grpc-default-executor-5] INFO  replication.GrpcOutputStream (GrpcOutputStream.java:close(104)) - Sent 10851 bytes for container 2
2020-12-17 06:17:37,273 [grpc-default-executor-3] INFO  replication.GrpcReplicationClient (GrpcReplicationClient.java:onCompleted(177)) - Container 1 is downloaded to /github/workspace/mnt/ozone/hadoop-ozone/integration-test/target/test-dir/MiniOzoneClusterImpl-b9d63ab2-cea4-44c4-9857-355e5256a975/datanode-4/data/replication/work/container-1.tar.gz
2020-12-17 06:17:37,276 [ContainerReplicationThread-0] INFO  replication.DownloadAndImportReplicator (DownloadAndImportReplicator.java:replicate(106)) - Starting replication of container 2 from [0e8fc707-3157-4ba9-8ca0-1e159f3dc0e9{ip: 172.17.0.2, host: 647233daa2c6, networkLocation: /default-rack, certSerialId: null, persistedOpState: ENTERING_MAINTENANCE, persistedOpStateExpiryEpochSec: 0}, 498f54dd-f545-4970-aaf6-8938e8aa224a{ip: 172.17.0.2, host: 647233daa2c6, networkLocation: /default-rack, certSerialId: null, persistedOpState: ENTERING_MAINTENANCE, persistedOpStateExpiryEpochSec: 0}, 5c172e1d-997d-4dd3-baf9-9414c84d2cc3{ip: 172.17.0.2, host: 647233daa2c6, networkLocation: /default-rack, certSerialId: null, persistedOpState: ENTERING_MAINTENANCE, persistedOpStateExpiryEpochSec: 0}]
2020-12-17 06:17:37,278 [grpc-default-executor-5] INFO  replication.GrpcReplicationClient (GrpcReplicationClient.java:onCompleted(177)) - Container 2 is downloaded to /github/workspace/mnt/ozone/hadoop-ozone/integration-test/target/test-dir/MiniOzoneClusterImpl-b9d63ab2-cea4-44c4-9857-355e5256a975/datanode-4/data/replication/work/container-2.tar.gz
2020-12-17 06:17:37,279 [ContainerReplicationThread-1] INFO  replication.DownloadAndImportReplicator (DownloadAndImportReplicator.java:replicate(117)) - Container 2 is downloaded, starting to import.
2020-12-17 06:17:37,279 [ContainerReplicationThread-0] INFO  replication.DownloadAndImportReplicator (DownloadAndImportReplicator.java:replicate(117)) - Container 1 is downloaded, starting to import.
2020-12-17 06:17:37,281 [ReplicationMonitor] INFO  container.ReplicationManager (ReplicationManager.java:run(250)) - Replication Monitor Thread took 1 milliseconds for processing 4 containers.
2020-12-17 06:17:37,285 [grpc-default-executor-5] INFO  replication.GrpcReplicationService (GrpcReplicationService.java:download(52)) - Streaming container data (2) to other datanode
2020-12-17 06:17:37,289 [grpc-default-executor-5] INFO  replication.GrpcOutputStream (GrpcOutputStream.java:close(104)) - Sent 10853 bytes for container 2
2020-12-17 06:17:37,292 [grpc-default-executor-5] INFO  replication.GrpcReplicationClient (GrpcReplicationClient.java:onCompleted(177)) - Container 2 is downloaded to /github/workspace/mnt/ozone/hadoop-ozone/integration-test/target/test-dir/MiniOzoneClusterImpl-b9d63ab2-cea4-44c4-9857-355e5256a975/datanode-3/data/replication/work/container-2.tar.gz
2020-12-17 06:17:37,293 [ContainerReplicationThread-0] INFO  replication.DownloadAndImportReplicator (DownloadAndImportReplicator.java:replicate(117)) - Container 2 is downloaded, starting to import.
2020-12-17 06:17:37,305 [DatanodeAdminManager-0] INFO  node.DatanodeAdminMonitorImpl (DatanodeAdminMonitorImpl.java:checkContainersReplicatedOnNode(297)) - 5c172e1d-997d-4dd3-baf9-9414c84d2cc3{ip: 172.17.0.2, host: 647233daa2c6, networkLocation: /default-rack, certSerialId: null, persistedOpState: ENTERING_MAINTENANCE, persistedOpStateExpiryEpochSec: 0} has 0 sufficientlyReplicated, 2 underReplicated and 0 unhealthy containers
2020-12-17 06:17:37,305 [DatanodeAdminManager-0] INFO  node.DatanodeAdminMonitorImpl (DatanodeAdminMonitorImpl.java:checkContainersReplicatedOnNode(297)) - 0e8fc707-3157-4ba9-8ca0-1e159f3dc0e9{ip: 172.17.0.2, host: 647233daa2c6, networkLocation: /default-rack, certSerialId: null, persistedOpState: ENTERING_MAINTENANCE, persistedOpStateExpiryEpochSec: 0} has 0 sufficientlyReplicated, 2 underReplicated and 0 unhealthy containers
2020-12-17 06:17:37,305 [DatanodeAdminManager-0] INFO  node.DatanodeAdminMonitorImpl (DatanodeAdminMonitorImpl.java:checkContainersReplicatedOnNode(297)) - 498f54dd-f545-4970-aaf6-8938e8aa224a{ip: 172.17.0.2, host: 647233daa2c6, networkLocation: /default-rack, certSerialId: null, persistedOpState: ENTERING_MAINTENANCE, persistedOpStateExpiryEpochSec: 0} has 0 sufficientlyReplicated, 2 underReplicated and 0 unhealthy containers
2020-12-17 06:17:37,305 [DatanodeAdminManager-0] INFO  node.DatanodeAdminMonitorImpl (DatanodeAdminMonitorImpl.java:run(136)) - There are 3 nodes tracked for decommission and maintenance. 0 pending nodes.
2020-12-17 06:17:37,308 [grpc-default-executor-2] INFO  replication.GrpcOutputStream (GrpcOutputStream.java:close(104)) - Sent 15059 bytes for container 1
2020-12-17 06:17:37,310 [ContainerReplicationThread-1] INFO  replication.DownloadAndImportReplicator (DownloadAndImportReplicator.java:replicate(120)) - Container 2 is replicated successfully
2020-12-17 06:17:37,310 [ContainerReplicationThread-1] INFO  replication.ReplicationSupervisor (ReplicationSupervisor.java:run(146)) - Container 2 is replicated.
2020-12-17 06:17:37,310 [ContainerReplicationThread-0] INFO  replication.DownloadAndImportReplicator (DownloadAndImportReplicator.java:replicate(120)) - Container 1 is replicated successfully
2020-12-17 06:17:37,310 [ContainerReplicationThread-0] INFO  replication.ReplicationSupervisor (ReplicationSupervisor.java:run(146)) - Container 1 is replicated.
2020-12-17 06:17:37,311 [grpc-default-executor-5] INFO  replication.GrpcReplicationClient (GrpcReplicationClient.java:onCompleted(177)) - Container 1 is downloaded to /github/workspace/mnt/ozone/hadoop-ozone/integration-test/target/test-dir/MiniOzoneClusterImpl-b9d63ab2-cea4-44c4-9857-355e5256a975/datanode-5/data/replication/work/container-1.tar.gz
2020-12-17 06:17:37,313 [ContainerReplicationThread-0] INFO  replication.DownloadAndImportReplicator (DownloadAndImportReplicator.java:replicate(117)) - Container 1 is downloaded, starting to import.
2020-12-17 06:17:37,322 [ContainerReplicationThread-0] INFO  replication.DownloadAndImportReplicator (DownloadAndImportReplicator.java:replicate(120)) - Container 2 is replicated successfully
2020-12-17 06:17:37,322 [ContainerReplicationThread-0] INFO  replication.ReplicationSupervisor (ReplicationSupervisor.java:run(146)) - Container 2 is replicated.
2020-12-17 06:17:37,328 [ContainerReplicationThread-0] INFO  replication.DownloadAndImportReplicator (DownloadAndImportReplicator.java:replicate(120)) - Container 1 is replicated successfully
2020-12-17 06:17:37,328 [ContainerReplicationThread-0] INFO  replication.ReplicationSupervisor (ReplicationSupervisor.java:run(146)) - Container 1 is replicated.
2020-12-17 06:17:38,281 [ReplicationMonitor] INFO  container.ReplicationManager (ReplicationManager.java:run(250)) - Replication Monitor Thread took 0 milliseconds for processing 4 containers.
2020-12-17 06:17:38,305 [DatanodeAdminManager-0] INFO  node.DatanodeAdminMonitorImpl (DatanodeAdminMonitorImpl.java:checkContainersReplicatedOnNode(297)) - 5c172e1d-997d-4dd3-baf9-9414c84d2cc3{ip: 172.17.0.2, host: 647233daa2c6, networkLocation: /default-rack, certSerialId: null, persistedOpState: ENTERING_MAINTENANCE, persistedOpStateExpiryEpochSec: 0} has 2 sufficientlyReplicated, 0 underReplicated and 0 unhealthy containers
2020-12-17 06:17:38,305 [DatanodeAdminManager-0] INFO  node.DatanodeAdminMonitorImpl (DatanodeAdminMonitorImpl.java:putIntoMaintenance(313)) - Datanode 5c172e1d-997d-4dd3-baf9-9414c84d2cc3{ip: 172.17.0.2, host: 647233daa2c6, networkLocation: /default-rack, certSerialId: null, persistedOpState: ENTERING_MAINTENANCE, persistedOpStateExpiryEpochSec: 0} has entered maintenance
2020-12-17 06:17:38,305 [DatanodeAdminManager-0] INFO  node.DatanodeAdminMonitorImpl (DatanodeAdminMonitorImpl.java:checkContainersReplicatedOnNode(297)) - 0e8fc707-3157-4ba9-8ca0-1e159f3dc0e9{ip: 172.17.0.2, host: 647233daa2c6, networkLocation: /default-rack, certSerialId: null, persistedOpState: ENTERING_MAINTENANCE, persistedOpStateExpiryEpochSec: 0} has 2 sufficientlyReplicated, 0 underReplicated and 0 unhealthy containers
2020-12-17 06:17:38,305 [DatanodeAdminManager-0] INFO  node.DatanodeAdminMonitorImpl (DatanodeAdminMonitorImpl.java:putIntoMaintenance(313)) - Datanode 0e8fc707-3157-4ba9-8ca0-1e159f3dc0e9{ip: 172.17.0.2, host: 647233daa2c6, networkLocation: /default-rack, certSerialId: null, persistedOpState: ENTERING_MAINTENANCE, persistedOpStateExpiryEpochSec: 0} has entered maintenance
2020-12-17 06:17:38,305 [DatanodeAdminManager-0] INFO  node.DatanodeAdminMonitorImpl (DatanodeAdminMonitorImpl.java:checkContainersReplicatedOnNode(297)) - 498f54dd-f545-4970-aaf6-8938e8aa224a{ip: 172.17.0.2, host: 647233daa2c6, networkLocation: /default-rack, certSerialId: null, persistedOpState: ENTERING_MAINTENANCE, persistedOpStateExpiryEpochSec: 0} has 2 sufficientlyReplicated, 0 underReplicated and 0 unhealthy containers
2020-12-17 06:17:38,305 [DatanodeAdminManager-0] INFO  node.DatanodeAdminMonitorImpl (DatanodeAdminMonitorImpl.java:putIntoMaintenance(313)) - Datanode 498f54dd-f545-4970-aaf6-8938e8aa224a{ip: 172.17.0.2, host: 647233daa2c6, networkLocation: /default-rack, certSerialId: null, persistedOpState: ENTERING_MAINTENANCE, persistedOpStateExpiryEpochSec: 0} has entered maintenance
2020-12-17 06:17:38,305 [DatanodeAdminManager-0] INFO  node.DatanodeAdminMonitorImpl (DatanodeAdminMonitorImpl.java:run(136)) - There are 3 nodes tracked for decommission and maintenance. 0 pending nodes.
2020-12-17 06:17:38,469 [IPC Server handler 16 on default port 40601] INFO  node.SCMNodeManager (SCMNodeManager.java:updateDatanodeOpState(419)) - Scheduling a command to update the operationalState persisted on the datanode as the reported value (ENTERING_MAINTENANCE, 0) does not match the value stored in SCM (IN_MAINTENANCE, 0)
2020-12-17 06:17:38,469 [IPC Server handler 18 on default port 40601] INFO  node.SCMNodeManager (SCMNodeManager.java:updateDatanodeOpState(419)) - Scheduling a command to update the operationalState persisted on the datanode as the reported value (ENTERING_MAINTENANCE, 0) does not match the value stored in SCM (IN_MAINTENANCE, 0)
2020-12-17 06:17:38,472 [IPC Server handler 19 on default port 40601] INFO  node.SCMNodeManager (SCMNodeManager.java:updateDatanodeOpState(419)) - Scheduling a command to update the operationalState persisted on the datanode as the reported value (ENTERING_MAINTENANCE, 0) does not match the value stored in SCM (IN_MAINTENANCE, 0)
2020-12-17 06:17:38,497 [Listener at 0.0.0.0/41535] INFO  ozone.MiniOzoneClusterImpl (MiniOzoneClusterImpl.java:shutdown(388)) - Shutting down the Mini Ozone Cluster
2020-12-17 06:17:38,497 [Listener at 0.0.0.0/41535] INFO  ozone.MiniOzoneClusterImpl (MiniOzoneClusterImpl.java:stop(403)) - Stopping the Mini Ozone Cluster
2020-12-17 06:17:38,497 [Listener at 0.0.0.0/41535] INFO  ozone.MiniOzoneClusterImpl (MiniOzoneClusterImpl.java:stopOM(485)) - Stopping the OzoneManager
2020-12-17 06:17:38,497 [Listener at 0.0.0.0/41535] INFO  ipc.Server (Server.java:stop(3359)) - Stopping server on 38219
2020-12-17 06:17:38,500 [Listener at 0.0.0.0/41535] INFO  ratis.OzoneManagerDoubleBuffer (OzoneManagerDoubleBuffer.java:stop(457)) - Stopping OMDoubleBuffer flush thread
2020-12-17 06:17:38,500 [IPC Server listener on 0] INFO  ipc.Server (Server.java:run(1330)) - Stopping IPC Server listener on 0
2020-12-17 06:17:38,501 [OMDoubleBufferFlushThread] INFO  ratis.OzoneManagerDoubleBuffer (OzoneManagerDoubleBuffer.java:flushTransactions(356)) - OMDoubleBuffer flush thread OMDoubleBufferFlushThread is interrupted and will exit. OMDoubleBufferFlushThread
2020-12-17 06:17:38,500 [IPC Server Responder] INFO  ipc.Server (Server.java:run(1465)) - Stopping IPC Server Responder
2020-12-17 06:17:38,504 [Listener at 0.0.0.0/41535] INFO  utils.BackgroundService (BackgroundService.java:shutdown(132)) - Shutting down service KeyDeletingService
2020-12-17 06:17:38,504 [Listener at 0.0.0.0/41535] INFO  handler.ContextHandler (ContextHandler.java:doStop(1154)) - Stopped o.e.j.w.WebAppContext@4bc06a3e{ozoneManager,/,null,STOPPED}{file:/github/workspace/mnt/ozone/hadoop-ozone/integration-test/target/test-classes/webapps/ozoneManager}
2020-12-17 06:17:38,505 [Listener at 0.0.0.0/41535] INFO  server.AbstractConnector (AbstractConnector.java:doStop(381)) - Stopped ServerConnector@607c77f4{HTTP/1.1, (http/1.1)}{0.0.0.0:0}
2020-12-17 06:17:38,505 [Listener at 0.0.0.0/41535] INFO  server.session (HouseKeeper.java:stopScavenging(149)) - node0 Stopped scavenging
2020-12-17 06:17:38,505 [Listener at 0.0.0.0/41535] INFO  handler.ContextHandler (ContextHandler.java:doStop(1154)) - Stopped o.e.j.s.ServletContextHandler@55e13772{static,/static,file:///github/workspace/mnt/ozone/hadoop-ozone/integration-test/target/test-classes/webapps/static,STOPPED}
2020-12-17 06:17:38,506 [Listener at 0.0.0.0/41535] INFO  handler.ContextHandler (ContextHandler.java:doStop(1154)) - Stopped o.e.j.s.ServletContextHandler@30ee00f6{logs,/logs,file:///github/workspace/mnt/ozone/hadoop-ozone/integration-test/target/log,STOPPED}
2020-12-17 06:17:38,507 [Listener at 0.0.0.0/41535] INFO  ozone.MiniOzoneClusterImpl (MiniOzoneClusterImpl.java:stopDatanodes(462)) - Stopping the HddsDatanodes
2020-12-17 06:17:39,258 [Datanode State Machine Thread - 0] INFO  statemachine.DatanodeStateMachine (DatanodeStateMachine.java:lambda$startDaemon$0(408)) - Ozone container server started.
2020-12-17 06:17:39,258 [ForkJoinPool.commonPool-worker-1] INFO  ozoneimpl.OzoneContainer (OzoneContainer.java:stop(257)) - Attempting to stop container services.
2020-12-17 06:17:39,259 [ForkJoinPool.commonPool-worker-1] INFO  impl.RaftServerProxy (RaftServerProxy.java:lambda$close$4(338)) - 0e8fc707-3157-4ba9-8ca0-1e159f3dc0e9: close
2020-12-17 06:17:39,259 [ForkJoinPool.commonPool-worker-1] INFO  server.GrpcService (GrpcService.java:closeImpl(184)) - 0e8fc707-3157-4ba9-8ca0-1e159f3dc0e9: shutdown server with port 43839 now
2020-12-17 06:17:39,260 [ForkJoinPool.commonPool-worker-1] INFO  server.GrpcService (GrpcService.java:closeImpl(193)) - 0e8fc707-3157-4ba9-8ca0-1e159f3dc0e9: shutdown server with port 43839 successfully
2020-12-17 06:17:39,266 [ForkJoinPool.commonPool-worker-1] INFO  utils.BackgroundService (BackgroundService.java:shutdown(132)) - Shutting down service BlockDeletingService
2020-12-17 06:17:39,267 [ForkJoinPool.commonPool-worker-1] INFO  statemachine.DatanodeStateMachine (DatanodeStateMachine.java:stopDaemon(461)) - Ozone container server stopped.
2020-12-17 06:17:39,276 [ForkJoinPool.commonPool-worker-1] INFO  handler.ContextHandler (ContextHandler.java:doStop(1154)) - Stopped o.e.j.w.WebAppContext@7fad58f8{hddsDatanode,/,null,STOPPED}{jar:file:/home/user/.m2/repository/org/apache/hadoop/hadoop-hdds-container-service/1.1.0-SNAPSHOT/hadoop-hdds-container-service-1.1.0-SNAPSHOT.jar!/webapps/hddsDatanode}
2020-12-17 06:17:39,277 [ForkJoinPool.commonPool-worker-1] INFO  server.AbstractConnector (AbstractConnector.java:doStop(381)) - Stopped ServerConnector@6a8c831d{HTTP/1.1, (http/1.1)}{0.0.0.0:0}
2020-12-17 06:17:39,277 [ForkJoinPool.commonPool-worker-1] INFO  server.session (HouseKeeper.java:stopScavenging(149)) - node0 Stopped scavenging
2020-12-17 06:17:39,277 [ForkJoinPool.commonPool-worker-1] INFO  handler.ContextHandler (ContextHandler.java:doStop(1154)) - Stopped o.e.j.s.ServletContextHandler@338e98f8{static,/static,jar:file:/home/user/.m2/repository/org/apache/hadoop/hadoop-hdds-container-service/1.1.0-SNAPSHOT/hadoop-hdds-container-service-1.1.0-SNAPSHOT.jar!/webapps/static,STOPPED}
2020-12-17 06:17:39,278 [ForkJoinPool.commonPool-worker-1] INFO  handler.ContextHandler (ContextHandler.java:doStop(1154)) - Stopped o.e.j.s.ServletContextHandler@545e2ebe{logs,/logs,file:///github/workspace/mnt/ozone/hadoop-ozone/integration-test/target/log,STOPPED}
2020-12-17 06:17:39,281 [ReplicationMonitor] INFO  container.ReplicationManager (ReplicationManager.java:handleUnderReplicatedContainer(722)) - Container #1 is under replicated. Expected replica count is 3, but found 2.
2020-12-17 06:17:39,281 [ReplicationMonitor] INFO  container.ReplicationManager (ReplicationManager.java:sendReplicateCommand(970)) - Sending replicate container command for container #1 to datanode 257b61ee-eb6d-48eb-bce8-7b671ec5e6a0{ip: 172.17.0.2, host: 647233daa2c6, networkLocation: /default-rack, certSerialId: null, persistedOpState: IN_SERVICE, persistedOpStateExpiryEpochSec: 0}
2020-12-17 06:17:39,281 [ReplicationMonitor] INFO  container.ReplicationManager (ReplicationManager.java:run(250)) - Replication Monitor Thread took 1 milliseconds for processing 4 containers.
2020-12-17 06:17:39,305 [DatanodeAdminManager-0] INFO  node.DatanodeAdminMonitorImpl (DatanodeAdminMonitorImpl.java:run(136)) - There are 3 nodes tracked for decommission and maintenance. 0 pending nodes.
2020-12-17 06:17:39,322 [Datanode State Machine Thread - 0] INFO  statemachine.DatanodeStateMachine (DatanodeStateMachine.java:lambda$startDaemon$0(408)) - Ozone container server started.
2020-12-17 06:17:39,469 [Datanode State Machine Thread - 0] INFO  statemachine.DatanodeStateMachine (DatanodeStateMachine.java:lambda$startDaemon$0(408)) - Ozone container server started.
2020-12-17 06:17:39,897 [Listener at 0.0.0.0/41535] INFO  ozoneimpl.OzoneContainer (OzoneContainer.java:stop(257)) - Attempting to stop container services.
2020-12-17 06:17:39,897 [Listener at 0.0.0.0/41535] INFO  impl.RaftServerProxy (RaftServerProxy.java:lambda$close$4(338)) - 257b61ee-eb6d-48eb-bce8-7b671ec5e6a0: close
2020-12-17 06:17:39,897 [Listener at 0.0.0.0/41535] INFO  impl.RaftServerImpl (RaftServerImpl.java:lambda$shutdown$3(328)) - 257b61ee-eb6d-48eb-bce8-7b671ec5e6a0@group-023009F6BFB2: shutdown
2020-12-17 06:17:39,898 [Listener at 0.0.0.0/41535] INFO  util.JmxRegister (JmxRegister.java:unregister(73)) - Successfully un-registered JMX Bean with object name Ratis:service=RaftServer,group=group-023009F6BFB2,id=257b61ee-eb6d-48eb-bce8-7b671ec5e6a0
2020-12-17 06:17:39,898 [Listener at 0.0.0.0/41535] INFO  impl.RoleInfo (RoleInfo.java:shutdownLeaderState(104)) - 257b61ee-eb6d-48eb-bce8-7b671ec5e6a0: shutdown 257b61ee-eb6d-48eb-bce8-7b671ec5e6a0@group-023009F6BFB2-LeaderState
2020-12-17 06:17:39,898 [Listener at 0.0.0.0/41535] INFO  impl.PendingRequests (PendingRequests.java:sendNotLeaderResponses(250)) - 257b61ee-eb6d-48eb-bce8-7b671ec5e6a0@group-023009F6BFB2-PendingRequests: sendNotLeaderResponses
2020-12-17 06:17:39,898 [Listener at 0.0.0.0/41535] INFO  metrics.RatisMetrics (RatisMetrics.java:unregister(43)) - Unregistering Metrics Registry : ratis.log_appender.257b61ee-eb6d-48eb-bce8-7b671ec5e6a0@group-023009F6BFB2
2020-12-17 06:17:39,898 [Listener at 0.0.0.0/41535] INFO  metrics.RatisMetrics (RatisMetrics.java:unregister(43)) - Unregistering Metrics Registry : ratis.server.257b61ee-eb6d-48eb-bce8-7b671ec5e6a0@group-023009F6BFB2
2020-12-17 06:17:39,900 [Listener at 0.0.0.0/41535] INFO  impl.StateMachineUpdater (StateMachineUpdater.java:stopAndJoin(147)) - 257b61ee-eb6d-48eb-bce8-7b671ec5e6a0@group-023009F6BFB2-StateMachineUpdater: set stopIndex = 0
2020-12-17 06:17:39,900 [257b61ee-eb6d-48eb-bce8-7b671ec5e6a0@group-023009F6BFB2-StateMachineUpdater] INFO  ratis.ContainerStateMachine (ContainerStateMachine.java:takeSnapshot(293)) - group-023009F6BFB2: Taking a snapshot at:(t:1, i:0) file /github/workspace/mnt/ozone/hadoop-ozone/integration-test/target/test-dir/MiniOzoneClusterImpl-b9d63ab2-cea4-44c4-9857-355e5256a975/datanode-3/data/ratis/c580aeca-e942-4d7b-9ad3-023009f6bfb2/sm/snapshot.1_0
2020-12-17 06:17:39,901 [257b61ee-eb6d-48eb-bce8-7b671ec5e6a0@group-023009F6BFB2-StateMachineUpdater] INFO  ratis.ContainerStateMachine (ContainerStateMachine.java:takeSnapshot(304)) - group-023009F6BFB2: Finished taking a snapshot at:(t:1, i:0) file:/github/workspace/mnt/ozone/hadoop-ozone/integration-test/target/test-dir/MiniOzoneClusterImpl-b9d63ab2-cea4-44c4-9857-355e5256a975/datanode-3/data/ratis/c580aeca-e942-4d7b-9ad3-023009f6bfb2/sm/snapshot.1_0 time:1
2020-12-17 06:17:39,901 [257b61ee-eb6d-48eb-bce8-7b671ec5e6a0@group-023009F6BFB2-StateMachineUpdater] INFO  impl.StateMachineUpdater (StateMachineUpdater.java:takeSnapshot(278)) - 257b61ee-eb6d-48eb-bce8-7b671ec5e6a0@group-023009F6BFB2-StateMachineUpdater: Took a snapshot at index 0
2020-12-17 06:17:39,901 [257b61ee-eb6d-48eb-bce8-7b671ec5e6a0@group-023009F6BFB2-StateMachineUpdater] INFO  impl.StateMachineUpdater (StateMachineUpdater.java:lambda$new$0(87)) - 257b61ee-eb6d-48eb-bce8-7b671ec5e6a0@group-023009F6BFB2-StateMachineUpdater: snapshotIndex: updateIncreasingly -1 -> 0
2020-12-17 06:17:39,901 [257b61ee-eb6d-48eb-bce8-7b671ec5e6a0@group-023009F6BFB2-StateMachineUpdater] INFO  metrics.RatisMetrics (RatisMetrics.java:unregister(43)) - Unregistering Metrics Registry : ratis.state_machine.257b61ee-eb6d-48eb-bce8-7b671ec5e6a0@group-023009F6BFB2
2020-12-17 06:17:39,902 [Listener at 0.0.0.0/41535] INFO  impl.RaftServerImpl (ServerState.java:close(406)) - 257b61ee-eb6d-48eb-bce8-7b671ec5e6a0@group-023009F6BFB2: closes. applyIndex: 0
2020-12-17 06:17:39,902 [257b61ee-eb6d-48eb-bce8-7b671ec5e6a0@group-023009F6BFB2-SegmentedRaftLogWorker] INFO  segmented.SegmentedRaftLogWorker (SegmentedRaftLogWorker.java:run(329)) - 257b61ee-eb6d-48eb-bce8-7b671ec5e6a0@group-023009F6BFB2-SegmentedRaftLogWorker was interrupted, exiting. There are 0 tasks remaining in the queue.
2020-12-17 06:17:39,902 [Listener at 0.0.0.0/41535] INFO  segmented.SegmentedRaftLogWorker (SegmentedRaftLogWorker.java:close(235)) - 257b61ee-eb6d-48eb-bce8-7b671ec5e6a0@group-023009F6BFB2-SegmentedRaftLogWorker close()
2020-12-17 06:17:39,903 [Listener at 0.0.0.0/41535] INFO  metrics.RatisMetrics (RatisMetrics.java:unregister(43)) - Unregistering Metrics Registry : ratis.log_worker.257b61ee-eb6d-48eb-bce8-7b671ec5e6a0@group-023009F6BFB2
2020-12-17 06:17:39,903 [Listener at 0.0.0.0/41535] INFO  metrics.RatisMetrics (RatisMetrics.java:unregister(43)) - Unregistering Metrics Registry : ratis.leader_election.257b61ee-eb6d-48eb-bce8-7b671ec5e6a0@group-023009F6BFB2
2020-12-17 06:17:39,904 [Listener at 0.0.0.0/41535] INFO  metrics.RatisMetrics (RatisMetrics.java:unregister(43)) - Unregistering Metrics Registry : ratis.server.257b61ee-eb6d-48eb-bce8-7b671ec5e6a0@group-023009F6BFB2
2020-12-17 06:17:39,904 [Listener at 0.0.0.0/41535] INFO  impl.RaftServerImpl (RaftServerImpl.java:lambda$shutdown$3(328)) - 257b61ee-eb6d-48eb-bce8-7b671ec5e6a0@group-41C1B0E789D6: shutdown
2020-12-17 06:17:39,904 [Listener at 0.0.0.0/41535] INFO  util.JmxRegister (JmxRegister.java:unregister(73)) - Successfully un-registered JMX Bean with object name Ratis:service=RaftServer,group=group-41C1B0E789D6,id=257b61ee-eb6d-48eb-bce8-7b671ec5e6a0
2020-12-17 06:17:39,904 [Listener at 0.0.0.0/41535] INFO  impl.RoleInfo (RoleInfo.java:shutdownFollowerState(121)) - 257b61ee-eb6d-48eb-bce8-7b671ec5e6a0: shutdown 257b61ee-eb6d-48eb-bce8-7b671ec5e6a0@group-41C1B0E789D6-FollowerState
2020-12-17 06:17:39,904 [Listener at 0.0.0.0/41535] INFO  impl.StateMachineUpdater (StateMachineUpdater.java:stopAndJoin(147)) - 257b61ee-eb6d-48eb-bce8-7b671ec5e6a0@group-41C1B0E789D6-StateMachineUpdater: set stopIndex = 34
2020-12-17 06:17:39,905 [Thread-5757] INFO  impl.FollowerState (FollowerState.java:run(137)) - 257b61ee-eb6d-48eb-bce8-7b671ec5e6a0@group-41C1B0E789D6-FollowerState was interrupted: {}
java.lang.InterruptedException: sleep interrupted
	at java.lang.Thread.sleep(Native Method)
	at org.apache.ratis.util.JavaUtils.sleep(JavaUtils.java:250)
	at org.apache.ratis.server.impl.FollowerState.run(FollowerState.java:116)
2020-12-17 06:17:39,905 [257b61ee-eb6d-48eb-bce8-7b671ec5e6a0@group-41C1B0E789D6-StateMachineUpdater] INFO  ratis.ContainerStateMachine (ContainerStateMachine.java:takeSnapshot(293)) - group-41C1B0E789D6: Taking a snapshot at:(t:1, i:34) file /github/workspace/mnt/ozone/hadoop-ozone/integration-test/target/test-dir/MiniOzoneClusterImpl-b9d63ab2-cea4-44c4-9857-355e5256a975/datanode-3/data/ratis/bb6cccf3-5cf6-4045-9dbb-41c1b0e789d6/sm/snapshot.1_34
2020-12-17 06:17:39,906 [257b61ee-eb6d-48eb-bce8-7b671ec5e6a0@group-41C1B0E789D6-StateMachineUpdater] INFO  ratis.ContainerStateMachine (ContainerStateMachine.java:takeSnapshot(304)) - group-41C1B0E789D6: Finished taking a snapshot at:(t:1, i:34) file:/github/workspace/mnt/ozone/hadoop-ozone/integration-test/target/test-dir/MiniOzoneClusterImpl-b9d63ab2-cea4-44c4-9857-355e5256a975/datanode-3/data/ratis/bb6cccf3-5cf6-4045-9dbb-41c1b0e789d6/sm/snapshot.1_34 time:0
2020-12-17 06:17:39,906 [257b61ee-eb6d-48eb-bce8-7b671ec5e6a0@group-41C1B0E789D6-StateMachineUpdater] INFO  impl.StateMachineUpdater (StateMachineUpdater.java:takeSnapshot(278)) - 257b61ee-eb6d-48eb-bce8-7b671ec5e6a0@group-41C1B0E789D6-StateMachineUpdater: Took a snapshot at index 34
2020-12-17 06:17:39,906 [257b61ee-eb6d-48eb-bce8-7b671ec5e6a0@group-41C1B0E789D6-StateMachineUpdater] INFO  impl.StateMachineUpdater (StateMachineUpdater.java:lambda$new$0(87)) - 257b61ee-eb6d-48eb-bce8-7b671ec5e6a0@group-41C1B0E789D6-StateMachineUpdater: snapshotIndex: updateIncreasingly -1 -> 34
2020-12-17 06:17:39,907 [257b61ee-eb6d-48eb-bce8-7b671ec5e6a0@group-41C1B0E789D6-StateMachineUpdater] INFO  metrics.RatisMetrics (RatisMetrics.java:unregister(43)) - Unregistering Metrics Registry : ratis.state_machine.257b61ee-eb6d-48eb-bce8-7b671ec5e6a0@group-41C1B0E789D6
2020-12-17 06:17:39,908 [Listener at 0.0.0.0/41535] INFO  impl.RaftServerImpl (ServerState.java:close(406)) - 257b61ee-eb6d-48eb-bce8-7b671ec5e6a0@group-41C1B0E789D6: closes. applyIndex: 34
2020-12-17 06:17:39,909 [257b61ee-eb6d-48eb-bce8-7b671ec5e6a0@group-41C1B0E789D6-SegmentedRaftLogWorker] INFO  segmented.SegmentedRaftLogWorker (SegmentedRaftLogWorker.java:run(329)) - 257b61ee-eb6d-48eb-bce8-7b671ec5e6a0@group-41C1B0E789D6-SegmentedRaftLogWorker was interrupted, exiting. There are 0 tasks remaining in the queue.
2020-12-17 06:17:39,909 [Listener at 0.0.0.0/41535] INFO  segmented.SegmentedRaftLogWorker (SegmentedRaftLogWorker.java:close(235)) - 257b61ee-eb6d-48eb-bce8-7b671ec5e6a0@group-41C1B0E789D6-SegmentedRaftLogWorker close()
2020-12-17 06:17:39,910 [Listener at 0.0.0.0/41535] INFO  metrics.RatisMetrics (RatisMetrics.java:unregister(43)) - Unregistering Metrics Registry : ratis.log_worker.257b61ee-eb6d-48eb-bce8-7b671ec5e6a0@group-41C1B0E789D6
2020-12-17 06:17:39,910 [Listener at 0.0.0.0/41535] INFO  metrics.RatisMetrics (RatisMetrics.java:unregister(43)) - Unregistering Metrics Registry : ratis.leader_election.257b61ee-eb6d-48eb-bce8-7b671ec5e6a0@group-41C1B0E789D6
2020-12-17 06:17:39,910 [Listener at 0.0.0.0/41535] INFO  metrics.RatisMetrics (RatisMetrics.java:unregister(43)) - Unregistering Metrics Registry : ratis.server.257b61ee-eb6d-48eb-bce8-7b671ec5e6a0@group-41C1B0E789D6
2020-12-17 06:17:39,910 [Listener at 0.0.0.0/41535] INFO  server.GrpcService (GrpcService.java:closeImpl(184)) - 257b61ee-eb6d-48eb-bce8-7b671ec5e6a0: shutdown server with port 37929 now
2020-12-17 06:17:39,913 [grpc-default-executor-2] WARN  server.GrpcServerProtocolService (LogUtils.java:warn(122)) - 257b61ee-eb6d-48eb-bce8-7b671ec5e6a0: installSnapshot onError, lastRequest: af686100-7e6c-4b70-9ed6-519c9a6108c4->257b61ee-eb6d-48eb-bce8-7b671ec5e6a0#590-t1, previous=(t:1, i:33), leaderCommit=32, initializing? false, entries: size=1, first=(t:1, i:34), METADATAENTRY(c:32): org.apache.ratis.thirdparty.io.grpc.StatusRuntimeException: CANCELLED: cancelled before receiving half close
2020-12-17 06:17:39,916 [Listener at 0.0.0.0/41535] INFO  server.GrpcService (GrpcService.java:closeImpl(193)) - 257b61ee-eb6d-48eb-bce8-7b671ec5e6a0: shutdown server with port 37929 successfully
2020-12-17 06:17:39,916 [grpc-default-executor-2] WARN  server.GrpcLogAppender (LogUtils.java:warn(122)) - af686100-7e6c-4b70-9ed6-519c9a6108c4@group-41C1B0E789D6->257b61ee-eb6d-48eb-bce8-7b671ec5e6a0-AppendLogResponseHandler: Failed appendEntries: org.apache.ratis.thirdparty.io.grpc.StatusRuntimeException: CANCELLED: HTTP/2 error code: CANCEL
Received Rst Stream
2020-12-17 06:17:39,917 [grpc-default-executor-2] INFO  impl.FollowerInfo (FollowerInfo.java:lambda$new$0(51)) - af686100-7e6c-4b70-9ed6-519c9a6108c4@group-41C1B0E789D6->257b61ee-eb6d-48eb-bce8-7b671ec5e6a0: nextIndex: updateUnconditionally 35 -> 34
2020-12-17 06:17:39,918 [grpc-default-executor-5] WARN  server.GrpcLogAppender (LogUtils.java:warn(122)) - af686100-7e6c-4b70-9ed6-519c9a6108c4@group-41C1B0E789D6->257b61ee-eb6d-48eb-bce8-7b671ec5e6a0-AppendLogResponseHandler: Failed appendEntries: org.apache.ratis.thirdparty.io.grpc.StatusRuntimeException: UNAVAILABLE: io exception
2020-12-17 06:17:39,919 [grpc-default-executor-5] INFO  impl.FollowerInfo (FollowerInfo.java:lambda$new$0(51)) - af686100-7e6c-4b70-9ed6-519c9a6108c4@group-41C1B0E789D6->257b61ee-eb6d-48eb-bce8-7b671ec5e6a0: nextIndex: updateUnconditionally 35 -> 34
2020-12-17 06:17:39,920 [Listener at 0.0.0.0/41535] INFO  utils.BackgroundService (BackgroundService.java:shutdown(132)) - Shutting down service BlockDeletingService
2020-12-17 06:17:39,921 [Listener at 0.0.0.0/41535] INFO  statemachine.DatanodeStateMachine (DatanodeStateMachine.java:stopDaemon(461)) - Ozone container server stopped.
2020-12-17 06:17:39,929 [Listener at 0.0.0.0/41535] INFO  handler.ContextHandler (ContextHandler.java:doStop(1154)) - Stopped o.e.j.w.WebAppContext@64bc291b{hddsDatanode,/,null,STOPPED}{jar:file:/home/user/.m2/repository/org/apache/hadoop/hadoop-hdds-container-service/1.1.0-SNAPSHOT/hadoop-hdds-container-service-1.1.0-SNAPSHOT.jar!/webapps/hddsDatanode}
2020-12-17 06:17:39,930 [Listener at 0.0.0.0/41535] INFO  server.AbstractConnector (AbstractConnector.java:doStop(381)) - Stopped ServerConnector@495e5dbc{HTTP/1.1, (http/1.1)}{0.0.0.0:0}
2020-12-17 06:17:39,930 [Listener at 0.0.0.0/41535] INFO  server.session (HouseKeeper.java:stopScavenging(149)) - node0 Stopped scavenging
2020-12-17 06:17:39,930 [Listener at 0.0.0.0/41535] INFO  handler.ContextHandler (ContextHandler.java:doStop(1154)) - Stopped o.e.j.s.ServletContextHandler@6266f63c{static,/static,jar:file:/home/user/.m2/repository/org/apache/hadoop/hadoop-hdds-container-service/1.1.0-SNAPSHOT/hadoop-hdds-container-service-1.1.0-SNAPSHOT.jar!/webapps/static,STOPPED}
2020-12-17 06:17:39,930 [Listener at 0.0.0.0/41535] INFO  handler.ContextHandler (ContextHandler.java:doStop(1154)) - Stopped o.e.j.s.ServletContextHandler@283b462d{logs,/logs,file:///github/workspace/mnt/ozone/hadoop-ozone/integration-test/target/log,STOPPED}
2020-12-17 06:17:40,282 [ReplicationMonitor] INFO  container.ReplicationManager (ReplicationManager.java:run(250)) - Replication Monitor Thread took 0 milliseconds for processing 4 containers.
2020-12-17 06:17:40,305 [DatanodeAdminManager-0] INFO  node.DatanodeAdminMonitorImpl (DatanodeAdminMonitorImpl.java:run(136)) - There are 3 nodes tracked for decommission and maintenance. 0 pending nodes.
2020-12-17 06:17:40,329 [Datanode State Machine Thread - 0] INFO  statemachine.DatanodeStateMachine (DatanodeStateMachine.java:lambda$startDaemon$0(408)) - Ozone container server started.
2020-12-17 06:17:40,525 [Listener at 0.0.0.0/41535] INFO  ozoneimpl.OzoneContainer (OzoneContainer.java:stop(257)) - Attempting to stop container services.
2020-12-17 06:17:40,525 [Listener at 0.0.0.0/41535] INFO  impl.RaftServerProxy (RaftServerProxy.java:lambda$close$4(338)) - af686100-7e6c-4b70-9ed6-519c9a6108c4: close
2020-12-17 06:17:40,525 [Listener at 0.0.0.0/41535] INFO  impl.RaftServerImpl (RaftServerImpl.java:lambda$shutdown$3(328)) - af686100-7e6c-4b70-9ed6-519c9a6108c4@group-500FCD4A5E49: shutdown
2020-12-17 06:17:40,525 [Listener at 0.0.0.0/41535] INFO  util.JmxRegister (JmxRegister.java:unregister(73)) - Successfully un-registered JMX Bean with object name Ratis:service=RaftServer,group=group-500FCD4A5E49,id=af686100-7e6c-4b70-9ed6-519c9a6108c4
2020-12-17 06:17:40,526 [Listener at 0.0.0.0/41535] INFO  impl.RoleInfo (RoleInfo.java:shutdownLeaderState(104)) - af686100-7e6c-4b70-9ed6-519c9a6108c4: shutdown af686100-7e6c-4b70-9ed6-519c9a6108c4@group-500FCD4A5E49-LeaderState
2020-12-17 06:17:40,526 [Listener at 0.0.0.0/41535] INFO  impl.PendingRequests (PendingRequests.java:sendNotLeaderResponses(250)) - af686100-7e6c-4b70-9ed6-519c9a6108c4@group-500FCD4A5E49-PendingRequests: sendNotLeaderResponses
2020-12-17 06:17:40,526 [Listener at 0.0.0.0/41535] INFO  metrics.RatisMetrics (RatisMetrics.java:unregister(43)) - Unregistering Metrics Registry : ratis.log_appender.af686100-7e6c-4b70-9ed6-519c9a6108c4@group-500FCD4A5E49
2020-12-17 06:17:40,526 [Listener at 0.0.0.0/41535] INFO  metrics.RatisMetrics (RatisMetrics.java:unregister(43)) - Unregistering Metrics Registry : ratis.server.af686100-7e6c-4b70-9ed6-519c9a6108c4@group-500FCD4A5E49
2020-12-17 06:17:40,528 [Listener at 0.0.0.0/41535] INFO  impl.StateMachineUpdater (StateMachineUpdater.java:stopAndJoin(147)) - af686100-7e6c-4b70-9ed6-519c9a6108c4@group-500FCD4A5E49-StateMachineUpdater: set stopIndex = 0
2020-12-17 06:17:40,528 [af686100-7e6c-4b70-9ed6-519c9a6108c4@group-500FCD4A5E49-StateMachineUpdater] INFO  ratis.ContainerStateMachine (ContainerStateMachine.java:takeSnapshot(293)) - group-500FCD4A5E49: Taking a snapshot at:(t:1, i:0) file /github/workspace/mnt/ozone/hadoop-ozone/integration-test/target/test-dir/MiniOzoneClusterImpl-b9d63ab2-cea4-44c4-9857-355e5256a975/datanode-5/data/ratis/cc6c1aff-968e-4c79-bcea-500fcd4a5e49/sm/snapshot.1_0
2020-12-17 06:17:40,529 [af686100-7e6c-4b70-9ed6-519c9a6108c4@group-500FCD4A5E49-StateMachineUpdater] INFO  ratis.ContainerStateMachine (ContainerStateMachine.java:takeSnapshot(304)) - group-500FCD4A5E49: Finished taking a snapshot at:(t:1, i:0) file:/github/workspace/mnt/ozone/hadoop-ozone/integration-test/target/test-dir/MiniOzoneClusterImpl-b9d63ab2-cea4-44c4-9857-355e5256a975/datanode-5/data/ratis/cc6c1aff-968e-4c79-bcea-500fcd4a5e49/sm/snapshot.1_0 time:1
2020-12-17 06:17:40,529 [af686100-7e6c-4b70-9ed6-519c9a6108c4@group-500FCD4A5E49-StateMachineUpdater] INFO  impl.StateMachineUpdater (StateMachineUpdater.java:takeSnapshot(278)) - af686100-7e6c-4b70-9ed6-519c9a6108c4@group-500FCD4A5E49-StateMachineUpdater: Took a snapshot at index 0
2020-12-17 06:17:40,529 [af686100-7e6c-4b70-9ed6-519c9a6108c4@group-500FCD4A5E49-StateMachineUpdater] INFO  impl.StateMachineUpdater (StateMachineUpdater.java:lambda$new$0(87)) - af686100-7e6c-4b70-9ed6-519c9a6108c4@group-500FCD4A5E49-StateMachineUpdater: snapshotIndex: updateIncreasingly -1 -> 0
2020-12-17 06:17:40,530 [af686100-7e6c-4b70-9ed6-519c9a6108c4@group-500FCD4A5E49-StateMachineUpdater] INFO  metrics.RatisMetrics (RatisMetrics.java:unregister(43)) - Unregistering Metrics Registry : ratis.state_machine.af686100-7e6c-4b70-9ed6-519c9a6108c4@group-500FCD4A5E49
2020-12-17 06:17:40,530 [Listener at 0.0.0.0/41535] INFO  impl.RaftServerImpl (ServerState.java:close(406)) - af686100-7e6c-4b70-9ed6-519c9a6108c4@group-500FCD4A5E49: closes. applyIndex: 0
2020-12-17 06:17:40,530 [af686100-7e6c-4b70-9ed6-519c9a6108c4@group-500FCD4A5E49-SegmentedRaftLogWorker] INFO  segmented.SegmentedRaftLogWorker (SegmentedRaftLogWorker.java:run(329)) - af686100-7e6c-4b70-9ed6-519c9a6108c4@group-500FCD4A5E49-SegmentedRaftLogWorker was interrupted, exiting. There are 0 tasks remaining in the queue.
2020-12-17 06:17:40,530 [Listener at 0.0.0.0/41535] INFO  segmented.SegmentedRaftLogWorker (SegmentedRaftLogWorker.java:close(235)) - af686100-7e6c-4b70-9ed6-519c9a6108c4@group-500FCD4A5E49-SegmentedRaftLogWorker close()
2020-12-17 06:17:40,533 [Listener at 0.0.0.0/41535] INFO  metrics.RatisMetrics (RatisMetrics.java:unregister(43)) - Unregistering Metrics Registry : ratis.log_worker.af686100-7e6c-4b70-9ed6-519c9a6108c4@group-500FCD4A5E49
2020-12-17 06:17:40,533 [Listener at 0.0.0.0/41535] INFO  metrics.RatisMetrics (RatisMetrics.java:unregister(43)) - Unregistering Metrics Registry : ratis.leader_election.af686100-7e6c-4b70-9ed6-519c9a6108c4@group-500FCD4A5E49
2020-12-17 06:17:40,533 [Listener at 0.0.0.0/41535] INFO  metrics.RatisMetrics (RatisMetrics.java:unregister(43)) - Unregistering Metrics Registry : ratis.server.af686100-7e6c-4b70-9ed6-519c9a6108c4@group-500FCD4A5E49
2020-12-17 06:17:40,533 [Listener at 0.0.0.0/41535] INFO  impl.RaftServerImpl (RaftServerImpl.java:lambda$shutdown$3(328)) - af686100-7e6c-4b70-9ed6-519c9a6108c4@group-41C1B0E789D6: shutdown
2020-12-17 06:17:40,534 [Listener at 0.0.0.0/41535] INFO  util.JmxRegister (JmxRegister.java:unregister(73)) - Successfully un-registered JMX Bean with object name Ratis:service=RaftServer,group=group-41C1B0E789D6,id=af686100-7e6c-4b70-9ed6-519c9a6108c4
2020-12-17 06:17:40,534 [Listener at 0.0.0.0/41535] INFO  impl.RoleInfo (RoleInfo.java:shutdownLeaderState(104)) - af686100-7e6c-4b70-9ed6-519c9a6108c4: shutdown af686100-7e6c-4b70-9ed6-519c9a6108c4@group-41C1B0E789D6-LeaderState
2020-12-17 06:17:40,534 [Listener at 0.0.0.0/41535] INFO  metrics.RatisMetrics (RatisMetrics.java:unregister(43)) - Unregistering Metrics Registry : ratis_grpc.log_appender.af686100-7e6c-4b70-9ed6-519c9a6108c4@group-41C1B0E789D6
2020-12-17 06:17:40,534 [Listener at 0.0.0.0/41535] INFO  metrics.RatisMetrics (RatisMetrics.java:unregister(43)) - Unregistering Metrics Registry : ratis_grpc.log_appender.af686100-7e6c-4b70-9ed6-519c9a6108c4@group-41C1B0E789D6
2020-12-17 06:17:40,534 [org.apache.ratis.server.impl.LogAppender$AppenderDaemon$$Lambda$479/1191349488@460f8249] WARN  server.GrpcLogAppender (GrpcLogAppender.java:mayWait(168)) - af686100-7e6c-4b70-9ed6-519c9a6108c4@group-41C1B0E789D6->257b61ee-eb6d-48eb-bce8-7b671ec5e6a0-GrpcLogAppender: Wait interrupted by java.lang.InterruptedException
2020-12-17 06:17:40,534 [org.apache.ratis.server.impl.LogAppender$AppenderDaemon$$Lambda$479/1191349488@9637980] WARN  server.GrpcLogAppender (GrpcLogAppender.java:mayWait(168)) - af686100-7e6c-4b70-9ed6-519c9a6108c4@group-41C1B0E789D6->ebe706cb-1bab-4194-9c59-b1279774a307-GrpcLogAppender: Wait interrupted by java.lang.InterruptedException
2020-12-17 06:17:40,534 [Listener at 0.0.0.0/41535] INFO  impl.PendingRequests (PendingRequests.java:sendNotLeaderResponses(250)) - af686100-7e6c-4b70-9ed6-519c9a6108c4@group-41C1B0E789D6-PendingRequests: sendNotLeaderResponses
2020-12-17 06:17:40,535 [grpc-default-executor-5] INFO  server.GrpcServerProtocolService (GrpcServerProtocolService.java:onCompleted(138)) - ebe706cb-1bab-4194-9c59-b1279774a307: Completed APPEND_ENTRIES, lastRequest: af686100-7e6c-4b70-9ed6-519c9a6108c4->ebe706cb-1bab-4194-9c59-b1279774a307#594-t1, previous=(t:1, i:33), leaderCommit=32, initializing? false, entries: size=1, first=(t:1, i:34), METADATAENTRY(c:32)
2020-12-17 06:17:40,536 [grpc-default-executor-2] INFO  server.GrpcLogAppender (GrpcLogAppender.java:onCompleted(337)) - af686100-7e6c-4b70-9ed6-519c9a6108c4@group-41C1B0E789D6->ebe706cb-1bab-4194-9c59-b1279774a307-AppendLogResponseHandler: follower responses appendEntries COMPLETED
2020-12-17 06:17:40,536 [grpc-default-executor-2] INFO  impl.FollowerInfo (FollowerInfo.java:lambda$new$0(51)) - af686100-7e6c-4b70-9ed6-519c9a6108c4@group-41C1B0E789D6->ebe706cb-1bab-4194-9c59-b1279774a307: nextIndex: updateUnconditionally 35 -> 34
2020-12-17 06:17:40,537 [Listener at 0.0.0.0/41535] INFO  metrics.RatisMetrics (RatisMetrics.java:unregister(43)) - Unregistering Metrics Registry : ratis.log_appender.af686100-7e6c-4b70-9ed6-519c9a6108c4@group-41C1B0E789D6
2020-12-17 06:17:40,538 [Listener at 0.0.0.0/41535] INFO  metrics.RatisMetrics (RatisMetrics.java:unregister(43)) - Unregistering Metrics Registry : ratis.server.af686100-7e6c-4b70-9ed6-519c9a6108c4@group-41C1B0E789D6
2020-12-17 06:17:40,539 [Listener at 0.0.0.0/41535] INFO  impl.StateMachineUpdater (StateMachineUpdater.java:stopAndJoin(147)) - af686100-7e6c-4b70-9ed6-519c9a6108c4@group-41C1B0E789D6-StateMachineUpdater: set stopIndex = 34
2020-12-17 06:17:40,540 [af686100-7e6c-4b70-9ed6-519c9a6108c4@group-41C1B0E789D6-StateMachineUpdater] INFO  ratis.ContainerStateMachine (ContainerStateMachine.java:takeSnapshot(293)) - group-41C1B0E789D6: Taking a snapshot at:(t:1, i:34) file /github/workspace/mnt/ozone/hadoop-ozone/integration-test/target/test-dir/MiniOzoneClusterImpl-b9d63ab2-cea4-44c4-9857-355e5256a975/datanode-5/data/ratis/bb6cccf3-5cf6-4045-9dbb-41c1b0e789d6/sm/snapshot.1_34
2020-12-17 06:17:40,541 [af686100-7e6c-4b70-9ed6-519c9a6108c4@group-41C1B0E789D6-StateMachineUpdater] INFO  ratis.ContainerStateMachine (ContainerStateMachine.java:takeSnapshot(304)) - group-41C1B0E789D6: Finished taking a snapshot at:(t:1, i:34) file:/github/workspace/mnt/ozone/hadoop-ozone/integration-test/target/test-dir/MiniOzoneClusterImpl-b9d63ab2-cea4-44c4-9857-355e5256a975/datanode-5/data/ratis/bb6cccf3-5cf6-4045-9dbb-41c1b0e789d6/sm/snapshot.1_34 time:1
2020-12-17 06:17:40,541 [af686100-7e6c-4b70-9ed6-519c9a6108c4@group-41C1B0E789D6-StateMachineUpdater] INFO  impl.StateMachineUpdater (StateMachineUpdater.java:takeSnapshot(278)) - af686100-7e6c-4b70-9ed6-519c9a6108c4@group-41C1B0E789D6-StateMachineUpdater: Took a snapshot at index 34
2020-12-17 06:17:40,541 [af686100-7e6c-4b70-9ed6-519c9a6108c4@group-41C1B0E789D6-StateMachineUpdater] INFO  impl.StateMachineUpdater (StateMachineUpdater.java:lambda$new$0(87)) - af686100-7e6c-4b70-9ed6-519c9a6108c4@group-41C1B0E789D6-StateMachineUpdater: snapshotIndex: updateIncreasingly -1 -> 34
2020-12-17 06:17:40,541 [af686100-7e6c-4b70-9ed6-519c9a6108c4@group-41C1B0E789D6-StateMachineUpdater] INFO  metrics.RatisMetrics (RatisMetrics.java:unregister(43)) - Unregistering Metrics Registry : ratis.state_machine.af686100-7e6c-4b70-9ed6-519c9a6108c4@group-41C1B0E789D6
2020-12-17 06:17:40,541 [Listener at 0.0.0.0/41535] INFO  impl.RaftServerImpl (ServerState.java:close(406)) - af686100-7e6c-4b70-9ed6-519c9a6108c4@group-41C1B0E789D6: closes. applyIndex: 34
2020-12-17 06:17:40,541 [af686100-7e6c-4b70-9ed6-519c9a6108c4@group-41C1B0E789D6-SegmentedRaftLogWorker] INFO  segmented.SegmentedRaftLogWorker (SegmentedRaftLogWorker.java:run(329)) - af686100-7e6c-4b70-9ed6-519c9a6108c4@group-41C1B0E789D6-SegmentedRaftLogWorker was interrupted, exiting. There are 0 tasks remaining in the queue.
2020-12-17 06:17:40,542 [Listener at 0.0.0.0/41535] INFO  segmented.SegmentedRaftLogWorker (SegmentedRaftLogWorker.java:close(235)) - af686100-7e6c-4b70-9ed6-519c9a6108c4@group-41C1B0E789D6-SegmentedRaftLogWorker close()
2020-12-17 06:17:40,542 [Listener at 0.0.0.0/41535] INFO  metrics.RatisMetrics (RatisMetrics.java:unregister(43)) - Unregistering Metrics Registry : ratis.log_worker.af686100-7e6c-4b70-9ed6-519c9a6108c4@group-41C1B0E789D6
2020-12-17 06:17:40,542 [Listener at 0.0.0.0/41535] INFO  metrics.RatisMetrics (RatisMetrics.java:unregister(43)) - Unregistering Metrics Registry : ratis.leader_election.af686100-7e6c-4b70-9ed6-519c9a6108c4@group-41C1B0E789D6
2020-12-17 06:17:40,542 [Listener at 0.0.0.0/41535] INFO  metrics.RatisMetrics (RatisMetrics.java:unregister(43)) - Unregistering Metrics Registry : ratis.server.af686100-7e6c-4b70-9ed6-519c9a6108c4@group-41C1B0E789D6
2020-12-17 06:17:40,542 [Listener at 0.0.0.0/41535] INFO  server.GrpcService (GrpcService.java:closeImpl(184)) - af686100-7e6c-4b70-9ed6-519c9a6108c4: shutdown server with port 44771 now
2020-12-17 06:17:40,543 [grpc-default-executor-5] WARN  client.GrpcClientProtocolService (LogUtils.java:warn(122)) - 1-UnorderedRequestStreamObserver1: onError: org.apache.ratis.thirdparty.io.grpc.StatusRuntimeException: CANCELLED: cancelled before receiving half close
2020-12-17 06:17:40,546 [Listener at 0.0.0.0/41535] INFO  server.GrpcService (GrpcService.java:closeImpl(193)) - af686100-7e6c-4b70-9ed6-519c9a6108c4: shutdown server with port 44771 successfully
2020-12-17 06:17:40,546 [Listener at 0.0.0.0/41535] INFO  utils.BackgroundService (BackgroundService.java:shutdown(132)) - Shutting down service BlockDeletingService
2020-12-17 06:17:40,548 [Listener at 0.0.0.0/41535] INFO  statemachine.DatanodeStateMachine (DatanodeStateMachine.java:stopDaemon(461)) - Ozone container server stopped.
2020-12-17 06:17:40,555 [Listener at 0.0.0.0/41535] INFO  handler.ContextHandler (ContextHandler.java:doStop(1154)) - Stopped o.e.j.w.WebAppContext@5b26d717{hddsDatanode,/,null,STOPPED}{jar:file:/home/user/.m2/repository/org/apache/hadoop/hadoop-hdds-container-service/1.1.0-SNAPSHOT/hadoop-hdds-container-service-1.1.0-SNAPSHOT.jar!/webapps/hddsDatanode}
2020-12-17 06:17:40,556 [Listener at 0.0.0.0/41535] INFO  server.AbstractConnector (AbstractConnector.java:doStop(381)) - Stopped ServerConnector@bda763e{HTTP/1.1, (http/1.1)}{0.0.0.0:0}
2020-12-17 06:17:40,556 [Listener at 0.0.0.0/41535] INFO  server.session (HouseKeeper.java:stopScavenging(149)) - node0 Stopped scavenging
2020-12-17 06:17:40,556 [Listener at 0.0.0.0/41535] INFO  handler.ContextHandler (ContextHandler.java:doStop(1154)) - Stopped o.e.j.s.ServletContextHandler@131b7eb9{static,/static,jar:file:/home/user/.m2/repository/org/apache/hadoop/hadoop-hdds-container-service/1.1.0-SNAPSHOT/hadoop-hdds-container-service-1.1.0-SNAPSHOT.jar!/webapps/static,STOPPED}
2020-12-17 06:17:40,556 [Listener at 0.0.0.0/41535] INFO  handler.ContextHandler (ContextHandler.java:doStop(1154)) - Stopped o.e.j.s.ServletContextHandler@2777b616{logs,/logs,file:///github/workspace/mnt/ozone/hadoop-ozone/integration-test/target/log,STOPPED}
2020-12-17 06:17:41,046 [ForkJoinPool.commonPool-worker-1] INFO  ozoneimpl.OzoneContainer (OzoneContainer.java:stop(257)) - Attempting to stop container services.
2020-12-17 06:17:41,046 [ForkJoinPool.commonPool-worker-1] INFO  impl.RaftServerProxy (RaftServerProxy.java:lambda$close$4(338)) - 5c172e1d-997d-4dd3-baf9-9414c84d2cc3: close
2020-12-17 06:17:41,046 [ForkJoinPool.commonPool-worker-1] INFO  server.GrpcService (GrpcService.java:closeImpl(184)) - 5c172e1d-997d-4dd3-baf9-9414c84d2cc3: shutdown server with port 45075 now
2020-12-17 06:17:41,047 [ForkJoinPool.commonPool-worker-1] INFO  server.GrpcService (GrpcService.java:closeImpl(193)) - 5c172e1d-997d-4dd3-baf9-9414c84d2cc3: shutdown server with port 45075 successfully
2020-12-17 06:17:41,049 [ForkJoinPool.commonPool-worker-1] INFO  utils.BackgroundService (BackgroundService.java:shutdown(132)) - Shutting down service BlockDeletingService
2020-12-17 06:17:41,050 [ForkJoinPool.commonPool-worker-1] INFO  statemachine.DatanodeStateMachine (DatanodeStateMachine.java:stopDaemon(461)) - Ozone container server stopped.
2020-12-17 06:17:41,059 [ForkJoinPool.commonPool-worker-1] INFO  handler.ContextHandler (ContextHandler.java:doStop(1154)) - Stopped o.e.j.w.WebAppContext@7e1e6f28{hddsDatanode,/,null,STOPPED}{jar:file:/home/user/.m2/repository/org/apache/hadoop/hadoop-hdds-container-service/1.1.0-SNAPSHOT/hadoop-hdds-container-service-1.1.0-SNAPSHOT.jar!/webapps/hddsDatanode}
2020-12-17 06:17:41,060 [ForkJoinPool.commonPool-worker-1] INFO  server.AbstractConnector (AbstractConnector.java:doStop(381)) - Stopped ServerConnector@54362745{HTTP/1.1, (http/1.1)}{0.0.0.0:0}
2020-12-17 06:17:41,061 [ForkJoinPool.commonPool-worker-1] INFO  server.session (HouseKeeper.java:stopScavenging(149)) - node0 Stopped scavenging
2020-12-17 06:17:41,061 [ForkJoinPool.commonPool-worker-1] INFO  handler.ContextHandler (ContextHandler.java:doStop(1154)) - Stopped o.e.j.s.ServletContextHandler@62cfb51a{static,/static,jar:file:/home/user/.m2/repository/org/apache/hadoop/hadoop-hdds-container-service/1.1.0-SNAPSHOT/hadoop-hdds-container-service-1.1.0-SNAPSHOT.jar!/webapps/static,STOPPED}
2020-12-17 06:17:41,062 [ForkJoinPool.commonPool-worker-1] INFO  handler.ContextHandler (ContextHandler.java:doStop(1154)) - Stopped o.e.j.s.ServletContextHandler@3073c879{logs,/logs,file:///github/workspace/mnt/ozone/hadoop-ozone/integration-test/target/log,STOPPED}
2020-12-17 06:17:41,282 [ReplicationMonitor] INFO  container.ReplicationManager (ReplicationManager.java:run(250)) - Replication Monitor Thread took 1 milliseconds for processing 4 containers.
2020-12-17 06:17:41,305 [DatanodeAdminManager-0] INFO  node.DatanodeAdminMonitorImpl (DatanodeAdminMonitorImpl.java:run(136)) - There are 3 nodes tracked for decommission and maintenance. 0 pending nodes.
2020-12-17 06:17:41,311 [Datanode State Machine Thread - 0] INFO  statemachine.DatanodeStateMachine (DatanodeStateMachine.java:lambda$startDaemon$0(408)) - Ozone container server started.
2020-12-17 06:17:41,421 [EventQueue-StaleNodeForStaleNodeHandler] INFO  node.StaleNodeHandler (StaleNodeHandler.java:onMessage(58)) - Datanode 257b61ee-eb6d-48eb-bce8-7b671ec5e6a0{ip: 172.17.0.2, host: 647233daa2c6, networkLocation: /default-rack, certSerialId: null, persistedOpState: IN_SERVICE, persistedOpStateExpiryEpochSec: 0} moved to stale state. Finalizing its pipelines [PipelineID=c580aeca-e942-4d7b-9ad3-023009f6bfb2, PipelineID=bb6cccf3-5cf6-4045-9dbb-41c1b0e789d6]
2020-12-17 06:17:41,421 [EventQueue-StaleNodeForStaleNodeHandler] INFO  pipeline.SCMPipelineManager (SCMPipelineManager.java:finalizeAndDestroyPipeline(482)) - Destroying pipeline:Pipeline[ Id: c580aeca-e942-4d7b-9ad3-023009f6bfb2, Nodes: 257b61ee-eb6d-48eb-bce8-7b671ec5e6a0{ip: 172.17.0.2, host: 647233daa2c6, networkLocation: /default-rack, certSerialId: null, persistedOpState: IN_SERVICE, persistedOpStateExpiryEpochSec: 0}, Type:RATIS, Factor:ONE, State:OPEN, leaderId:257b61ee-eb6d-48eb-bce8-7b671ec5e6a0, CreationTimestamp2020-12-17T06:17:26.299Z]
2020-12-17 06:17:41,421 [EventQueue-StaleNodeForStaleNodeHandler] INFO  pipeline.PipelineStateManager (PipelineStateManager.java:finalizePipeline(121)) - Pipeline Pipeline[ Id: c580aeca-e942-4d7b-9ad3-023009f6bfb2, Nodes: 257b61ee-eb6d-48eb-bce8-7b671ec5e6a0{ip: 172.17.0.2, host: 647233daa2c6, networkLocation: /default-rack, certSerialId: null, persistedOpState: IN_SERVICE, persistedOpStateExpiryEpochSec: 0}, Type:RATIS, Factor:ONE, State:CLOSED, leaderId:257b61ee-eb6d-48eb-bce8-7b671ec5e6a0, CreationTimestamp2020-12-17T06:17:26.299Z] moved to CLOSED state
2020-12-17 06:17:41,421 [EventQueue-StaleNodeForStaleNodeHandler] INFO  pipeline.SCMPipelineManager (SCMPipelineManager.java:finalizeAndDestroyPipeline(482)) - Destroying pipeline:Pipeline[ Id: bb6cccf3-5cf6-4045-9dbb-41c1b0e789d6, Nodes: 257b61ee-eb6d-48eb-bce8-7b671ec5e6a0{ip: 172.17.0.2, host: 647233daa2c6, networkLocation: /default-rack, certSerialId: null, persistedOpState: IN_SERVICE, persistedOpStateExpiryEpochSec: 0}af686100-7e6c-4b70-9ed6-519c9a6108c4{ip: 172.17.0.2, host: 647233daa2c6, networkLocation: /default-rack, certSerialId: null, persistedOpState: IN_SERVICE, persistedOpStateExpiryEpochSec: 0}ebe706cb-1bab-4194-9c59-b1279774a307{ip: 172.17.0.2, host: 647233daa2c6, networkLocation: /default-rack, certSerialId: null, persistedOpState: IN_SERVICE, persistedOpStateExpiryEpochSec: 0}, Type:RATIS, Factor:THREE, State:OPEN, leaderId:af686100-7e6c-4b70-9ed6-519c9a6108c4, CreationTimestamp2020-12-17T06:17:26.299Z]
2020-12-17 06:17:41,421 [EventQueue-StaleNodeForStaleNodeHandler] INFO  pipeline.PipelineStateManager (PipelineStateManager.java:finalizePipeline(121)) - Pipeline Pipeline[ Id: bb6cccf3-5cf6-4045-9dbb-41c1b0e789d6, Nodes: 257b61ee-eb6d-48eb-bce8-7b671ec5e6a0{ip: 172.17.0.2, host: 647233daa2c6, networkLocation: /default-rack, certSerialId: null, persistedOpState: IN_SERVICE, persistedOpStateExpiryEpochSec: 0}af686100-7e6c-4b70-9ed6-519c9a6108c4{ip: 172.17.0.2, host: 647233daa2c6, networkLocation: /default-rack, certSerialId: null, persistedOpState: IN_SERVICE, persistedOpStateExpiryEpochSec: 0}ebe706cb-1bab-4194-9c59-b1279774a307{ip: 172.17.0.2, host: 647233daa2c6, networkLocation: /default-rack, certSerialId: null, persistedOpState: IN_SERVICE, persistedOpStateExpiryEpochSec: 0}, Type:RATIS, Factor:THREE, State:CLOSED, leaderId:af686100-7e6c-4b70-9ed6-519c9a6108c4, CreationTimestamp2020-12-17T06:17:26.299Z] moved to CLOSED state
2020-12-17 06:17:41,424 [EventQueue-CloseContainerForCloseContainerEventHandler] INFO  container.CloseContainerEventHandler (CloseContainerEventHandler.java:onMessage(61)) - Close container Event triggered for container : #3
2020-12-17 06:17:41,424 [EventQueue-CloseContainerForCloseContainerEventHandler] INFO  container.CloseContainerEventHandler (CloseContainerEventHandler.java:onMessage(61)) - Close container Event triggered for container : #4
2020-12-17 06:17:41,469 [Datanode State Machine Thread - 0] INFO  statemachine.DatanodeStateMachine (DatanodeStateMachine.java:lambda$startDaemon$0(408)) - Ozone container server started.
2020-12-17 06:17:41,521 [EventQueue-StaleNodeForStaleNodeHandler] INFO  node.StaleNodeHandler (StaleNodeHandler.java:onMessage(58)) - Datanode 5c172e1d-997d-4dd3-baf9-9414c84d2cc3{ip: 172.17.0.2, host: 647233daa2c6, networkLocation: /default-rack, certSerialId: null, persistedOpState: ENTERING_MAINTENANCE, persistedOpStateExpiryEpochSec: 0} moved to stale state. Finalizing its pipelines []
2020-12-17 06:17:41,521 [EventQueue-StaleNodeForStaleNodeHandler] INFO  node.StaleNodeHandler (StaleNodeHandler.java:onMessage(58)) - Datanode 0e8fc707-3157-4ba9-8ca0-1e159f3dc0e9{ip: 172.17.0.2, host: 647233daa2c6, networkLocation: /default-rack, certSerialId: null, persistedOpState: ENTERING_MAINTENANCE, persistedOpStateExpiryEpochSec: 0} moved to stale state. Finalizing its pipelines []
2020-12-17 06:17:42,115 [ForkJoinPool.commonPool-worker-1] INFO  ozoneimpl.OzoneContainer (OzoneContainer.java:stop(257)) - Attempting to stop container services.
2020-12-17 06:17:42,115 [ForkJoinPool.commonPool-worker-1] INFO  impl.RaftServerProxy (RaftServerProxy.java:lambda$close$4(338)) - 498f54dd-f545-4970-aaf6-8938e8aa224a: close
2020-12-17 06:17:42,115 [ForkJoinPool.commonPool-worker-1] INFO  server.GrpcService (GrpcService.java:closeImpl(184)) - 498f54dd-f545-4970-aaf6-8938e8aa224a: shutdown server with port 38939 now
2020-12-17 06:17:42,117 [grpc-default-executor-2] WARN  client.GrpcClientProtocolService (LogUtils.java:warn(122)) - 1-UnorderedRequestStreamObserver1: onError: org.apache.ratis.thirdparty.io.grpc.StatusRuntimeException: CANCELLED: cancelled before receiving half close
2020-12-17 06:17:42,119 [ForkJoinPool.commonPool-worker-1] INFO  server.GrpcService (GrpcService.java:closeImpl(193)) - 498f54dd-f545-4970-aaf6-8938e8aa224a: shutdown server with port 38939 successfully
2020-12-17 06:17:42,125 [ForkJoinPool.commonPool-worker-1] INFO  utils.BackgroundService (BackgroundService.java:shutdown(132)) - Shutting down service BlockDeletingService
2020-12-17 06:17:42,127 [ForkJoinPool.commonPool-worker-1] INFO  statemachine.DatanodeStateMachine (DatanodeStateMachine.java:stopDaemon(461)) - Ozone container server stopped.
2020-12-17 06:17:42,135 [ForkJoinPool.commonPool-worker-1] INFO  handler.ContextHandler (ContextHandler.java:doStop(1154)) - Stopped o.e.j.w.WebAppContext@7cdc0d76{hddsDatanode,/,null,STOPPED}{jar:file:/home/user/.m2/repository/org/apache/hadoop/hadoop-hdds-container-service/1.1.0-SNAPSHOT/hadoop-hdds-container-service-1.1.0-SNAPSHOT.jar!/webapps/hddsDatanode}
2020-12-17 06:17:42,136 [ForkJoinPool.commonPool-worker-1] INFO  server.AbstractConnector (AbstractConnector.java:doStop(381)) - Stopped ServerConnector@e92cb3a{HTTP/1.1, (http/1.1)}{0.0.0.0:0}
2020-12-17 06:17:42,136 [ForkJoinPool.commonPool-worker-1] INFO  server.session (HouseKeeper.java:stopScavenging(149)) - node0 Stopped scavenging
2020-12-17 06:17:42,137 [ForkJoinPool.commonPool-worker-1] INFO  handler.ContextHandler (ContextHandler.java:doStop(1154)) - Stopped o.e.j.s.ServletContextHandler@7e811458{static,/static,jar:file:/home/user/.m2/repository/org/apache/hadoop/hadoop-hdds-container-service/1.1.0-SNAPSHOT/hadoop-hdds-container-service-1.1.0-SNAPSHOT.jar!/webapps/static,STOPPED}
2020-12-17 06:17:42,137 [ForkJoinPool.commonPool-worker-1] INFO  handler.ContextHandler (ContextHandler.java:doStop(1154)) - Stopped o.e.j.s.ServletContextHandler@4c225198{logs,/logs,file:///github/workspace/mnt/ozone/hadoop-ozone/integration-test/target/log,STOPPED}
2020-12-17 06:17:42,223 [Listener at 0.0.0.0/41535] INFO  ozoneimpl.OzoneContainer (OzoneContainer.java:stop(257)) - Attempting to stop container services.
2020-12-17 06:17:42,224 [Listener at 0.0.0.0/41535] INFO  impl.RaftServerProxy (RaftServerProxy.java:lambda$close$4(338)) - ebe706cb-1bab-4194-9c59-b1279774a307: close
2020-12-17 06:17:42,224 [Listener at 0.0.0.0/41535] INFO  impl.RaftServerImpl (RaftServerImpl.java:lambda$shutdown$3(328)) - ebe706cb-1bab-4194-9c59-b1279774a307@group-24DC147E2EB2: shutdown
2020-12-17 06:17:42,224 [Listener at 0.0.0.0/41535] INFO  util.JmxRegister (JmxRegister.java:unregister(73)) - Successfully un-registered JMX Bean with object name Ratis:service=RaftServer,group=group-24DC147E2EB2,id=ebe706cb-1bab-4194-9c59-b1279774a307
2020-12-17 06:17:42,224 [Listener at 0.0.0.0/41535] INFO  impl.RoleInfo (RoleInfo.java:shutdownLeaderState(104)) - ebe706cb-1bab-4194-9c59-b1279774a307: shutdown ebe706cb-1bab-4194-9c59-b1279774a307@group-24DC147E2EB2-LeaderState
2020-12-17 06:17:42,224 [Listener at 0.0.0.0/41535] INFO  impl.PendingRequests (PendingRequests.java:sendNotLeaderResponses(250)) - ebe706cb-1bab-4194-9c59-b1279774a307@group-24DC147E2EB2-PendingRequests: sendNotLeaderResponses
2020-12-17 06:17:42,224 [Listener at 0.0.0.0/41535] INFO  metrics.RatisMetrics (RatisMetrics.java:unregister(43)) - Unregistering Metrics Registry : ratis.log_appender.ebe706cb-1bab-4194-9c59-b1279774a307@group-24DC147E2EB2
2020-12-17 06:17:42,225 [Listener at 0.0.0.0/41535] INFO  metrics.RatisMetrics (RatisMetrics.java:unregister(43)) - Unregistering Metrics Registry : ratis.server.ebe706cb-1bab-4194-9c59-b1279774a307@group-24DC147E2EB2
2020-12-17 06:17:42,227 [ebe706cb-1bab-4194-9c59-b1279774a307@group-24DC147E2EB2-StateMachineUpdater] INFO  ratis.ContainerStateMachine (ContainerStateMachine.java:takeSnapshot(293)) - group-24DC147E2EB2: Taking a snapshot at:(t:1, i:0) file /github/workspace/mnt/ozone/hadoop-ozone/integration-test/target/test-dir/MiniOzoneClusterImpl-b9d63ab2-cea4-44c4-9857-355e5256a975/datanode-4/data/ratis/f7dc8530-5d59-4fc6-81e7-24dc147e2eb2/sm/snapshot.1_0
2020-12-17 06:17:42,227 [Listener at 0.0.0.0/41535] INFO  impl.StateMachineUpdater (StateMachineUpdater.java:stopAndJoin(147)) - ebe706cb-1bab-4194-9c59-b1279774a307@group-24DC147E2EB2-StateMachineUpdater: set stopIndex = 0
2020-12-17 06:17:42,228 [ebe706cb-1bab-4194-9c59-b1279774a307@group-24DC147E2EB2-StateMachineUpdater] INFO  ratis.ContainerStateMachine (ContainerStateMachine.java:takeSnapshot(304)) - group-24DC147E2EB2: Finished taking a snapshot at:(t:1, i:0) file:/github/workspace/mnt/ozone/hadoop-ozone/integration-test/target/test-dir/MiniOzoneClusterImpl-b9d63ab2-cea4-44c4-9857-355e5256a975/datanode-4/data/ratis/f7dc8530-5d59-4fc6-81e7-24dc147e2eb2/sm/snapshot.1_0 time:1
2020-12-17 06:17:42,228 [ebe706cb-1bab-4194-9c59-b1279774a307@group-24DC147E2EB2-StateMachineUpdater] INFO  impl.StateMachineUpdater (StateMachineUpdater.java:takeSnapshot(278)) - ebe706cb-1bab-4194-9c59-b1279774a307@group-24DC147E2EB2-StateMachineUpdater: Took a snapshot at index 0
2020-12-17 06:17:42,228 [ebe706cb-1bab-4194-9c59-b1279774a307@group-24DC147E2EB2-StateMachineUpdater] INFO  impl.StateMachineUpdater (StateMachineUpdater.java:lambda$new$0(87)) - ebe706cb-1bab-4194-9c59-b1279774a307@group-24DC147E2EB2-StateMachineUpdater: snapshotIndex: updateIncreasingly -1 -> 0
2020-12-17 06:17:42,229 [ebe706cb-1bab-4194-9c59-b1279774a307@group-24DC147E2EB2-StateMachineUpdater] INFO  metrics.RatisMetrics (RatisMetrics.java:unregister(43)) - Unregistering Metrics Registry : ratis.state_machine.ebe706cb-1bab-4194-9c59-b1279774a307@group-24DC147E2EB2
2020-12-17 06:17:42,229 [Listener at 0.0.0.0/41535] INFO  impl.RaftServerImpl (ServerState.java:close(406)) - ebe706cb-1bab-4194-9c59-b1279774a307@group-24DC147E2EB2: closes. applyIndex: 0
2020-12-17 06:17:42,229 [ebe706cb-1bab-4194-9c59-b1279774a307@group-24DC147E2EB2-SegmentedRaftLogWorker] INFO  segmented.SegmentedRaftLogWorker (SegmentedRaftLogWorker.java:run(329)) - ebe706cb-1bab-4194-9c59-b1279774a307@group-24DC147E2EB2-SegmentedRaftLogWorker was interrupted, exiting. There are 0 tasks remaining in the queue.
2020-12-17 06:17:42,229 [Listener at 0.0.0.0/41535] INFO  segmented.SegmentedRaftLogWorker (SegmentedRaftLogWorker.java:close(235)) - ebe706cb-1bab-4194-9c59-b1279774a307@group-24DC147E2EB2-SegmentedRaftLogWorker close()
2020-12-17 06:17:42,229 [Listener at 0.0.0.0/41535] INFO  metrics.RatisMetrics (RatisMetrics.java:unregister(43)) - Unregistering Metrics Registry : ratis.log_worker.ebe706cb-1bab-4194-9c59-b1279774a307@group-24DC147E2EB2
2020-12-17 06:17:42,230 [Listener at 0.0.0.0/41535] INFO  metrics.RatisMetrics (RatisMetrics.java:unregister(43)) - Unregistering Metrics Registry : ratis.leader_election.ebe706cb-1bab-4194-9c59-b1279774a307@group-24DC147E2EB2
2020-12-17 06:17:42,230 [Listener at 0.0.0.0/41535] INFO  metrics.RatisMetrics (RatisMetrics.java:unregister(43)) - Unregistering Metrics Registry : ratis.server.ebe706cb-1bab-4194-9c59-b1279774a307@group-24DC147E2EB2
2020-12-17 06:17:42,230 [Listener at 0.0.0.0/41535] INFO  impl.RaftServerImpl (RaftServerImpl.java:lambda$shutdown$3(328)) - ebe706cb-1bab-4194-9c59-b1279774a307@group-41C1B0E789D6: shutdown
2020-12-17 06:17:42,230 [Listener at 0.0.0.0/41535] INFO  util.JmxRegister (JmxRegister.java:unregister(73)) - Successfully un-registered JMX Bean with object name Ratis:service=RaftServer,group=group-41C1B0E789D6,id=ebe706cb-1bab-4194-9c59-b1279774a307
2020-12-17 06:17:42,230 [Listener at 0.0.0.0/41535] INFO  impl.RoleInfo (RoleInfo.java:shutdownFollowerState(121)) - ebe706cb-1bab-4194-9c59-b1279774a307: shutdown ebe706cb-1bab-4194-9c59-b1279774a307@group-41C1B0E789D6-FollowerState
2020-12-17 06:17:42,230 [Thread-5758] INFO  impl.FollowerState (FollowerState.java:run(137)) - ebe706cb-1bab-4194-9c59-b1279774a307@group-41C1B0E789D6-FollowerState was interrupted: {}
java.lang.InterruptedException: sleep interrupted
	at java.lang.Thread.sleep(Native Method)
	at org.apache.ratis.util.JavaUtils.sleep(JavaUtils.java:250)
	at org.apache.ratis.server.impl.FollowerState.run(FollowerState.java:116)
2020-12-17 06:17:42,230 [Listener at 0.0.0.0/41535] INFO  impl.StateMachineUpdater (StateMachineUpdater.java:stopAndJoin(147)) - ebe706cb-1bab-4194-9c59-b1279774a307@group-41C1B0E789D6-StateMachineUpdater: set stopIndex = 34
2020-12-17 06:17:42,231 [ebe706cb-1bab-4194-9c59-b1279774a307@group-41C1B0E789D6-StateMachineUpdater] INFO  ratis.ContainerStateMachine (ContainerStateMachine.java:takeSnapshot(293)) - group-41C1B0E789D6: Taking a snapshot at:(t:1, i:34) file /github/workspace/mnt/ozone/hadoop-ozone/integration-test/target/test-dir/MiniOzoneClusterImpl-b9d63ab2-cea4-44c4-9857-355e5256a975/datanode-4/data/ratis/bb6cccf3-5cf6-4045-9dbb-41c1b0e789d6/sm/snapshot.1_34
2020-12-17 06:17:42,232 [ebe706cb-1bab-4194-9c59-b1279774a307@group-41C1B0E789D6-StateMachineUpdater] INFO  ratis.ContainerStateMachine (ContainerStateMachine.java:takeSnapshot(304)) - group-41C1B0E789D6: Finished taking a snapshot at:(t:1, i:34) file:/github/workspace/mnt/ozone/hadoop-ozone/integration-test/target/test-dir/MiniOzoneClusterImpl-b9d63ab2-cea4-44c4-9857-355e5256a975/datanode-4/data/ratis/bb6cccf3-5cf6-4045-9dbb-41c1b0e789d6/sm/snapshot.1_34 time:1
2020-12-17 06:17:42,232 [ebe706cb-1bab-4194-9c59-b1279774a307@group-41C1B0E789D6-StateMachineUpdater] INFO  impl.StateMachineUpdater (StateMachineUpdater.java:takeSnapshot(278)) - ebe706cb-1bab-4194-9c59-b1279774a307@group-41C1B0E789D6-StateMachineUpdater: Took a snapshot at index 34
2020-12-17 06:17:42,232 [ebe706cb-1bab-4194-9c59-b1279774a307@group-41C1B0E789D6-StateMachineUpdater] INFO  impl.StateMachineUpdater (StateMachineUpdater.java:lambda$new$0(87)) - ebe706cb-1bab-4194-9c59-b1279774a307@group-41C1B0E789D6-StateMachineUpdater: snapshotIndex: updateIncreasingly -1 -> 34
2020-12-17 06:17:42,232 [ebe706cb-1bab-4194-9c59-b1279774a307@group-41C1B0E789D6-StateMachineUpdater] INFO  metrics.RatisMetrics (RatisMetrics.java:unregister(43)) - Unregistering Metrics Registry : ratis.state_machine.ebe706cb-1bab-4194-9c59-b1279774a307@group-41C1B0E789D6
2020-12-17 06:17:42,232 [Listener at 0.0.0.0/41535] INFO  impl.RaftServerImpl (ServerState.java:close(406)) - ebe706cb-1bab-4194-9c59-b1279774a307@group-41C1B0E789D6: closes. applyIndex: 34
2020-12-17 06:17:42,233 [ebe706cb-1bab-4194-9c59-b1279774a307@group-41C1B0E789D6-SegmentedRaftLogWorker] INFO  segmented.SegmentedRaftLogWorker (SegmentedRaftLogWorker.java:run(329)) - ebe706cb-1bab-4194-9c59-b1279774a307@group-41C1B0E789D6-SegmentedRaftLogWorker was interrupted, exiting. There are 0 tasks remaining in the queue.
2020-12-17 06:17:42,233 [Listener at 0.0.0.0/41535] INFO  segmented.SegmentedRaftLogWorker (SegmentedRaftLogWorker.java:close(235)) - ebe706cb-1bab-4194-9c59-b1279774a307@group-41C1B0E789D6-SegmentedRaftLogWorker close()
2020-12-17 06:17:42,233 [Listener at 0.0.0.0/41535] INFO  metrics.RatisMetrics (RatisMetrics.java:unregister(43)) - Unregistering Metrics Registry : ratis.log_worker.ebe706cb-1bab-4194-9c59-b1279774a307@group-41C1B0E789D6
2020-12-17 06:17:42,233 [Listener at 0.0.0.0/41535] INFO  metrics.RatisMetrics (RatisMetrics.java:unregister(43)) - Unregistering Metrics Registry : ratis.leader_election.ebe706cb-1bab-4194-9c59-b1279774a307@group-41C1B0E789D6
2020-12-17 06:17:42,233 [Listener at 0.0.0.0/41535] INFO  metrics.RatisMetrics (RatisMetrics.java:unregister(43)) - Unregistering Metrics Registry : ratis.server.ebe706cb-1bab-4194-9c59-b1279774a307@group-41C1B0E789D6
2020-12-17 06:17:42,233 [Listener at 0.0.0.0/41535] INFO  server.GrpcService (GrpcService.java:closeImpl(184)) - ebe706cb-1bab-4194-9c59-b1279774a307: shutdown server with port 39937 now
2020-12-17 06:17:42,234 [Listener at 0.0.0.0/41535] INFO  server.GrpcService (GrpcService.java:closeImpl(193)) - ebe706cb-1bab-4194-9c59-b1279774a307: shutdown server with port 39937 successfully
2020-12-17 06:17:42,234 [Listener at 0.0.0.0/41535] INFO  utils.BackgroundService (BackgroundService.java:shutdown(132)) - Shutting down service BlockDeletingService
2020-12-17 06:17:42,236 [Listener at 0.0.0.0/41535] INFO  statemachine.DatanodeStateMachine (DatanodeStateMachine.java:stopDaemon(461)) - Ozone container server stopped.
2020-12-17 06:17:42,249 [Listener at 0.0.0.0/41535] INFO  handler.ContextHandler (ContextHandler.java:doStop(1154)) - Stopped o.e.j.w.WebAppContext@76cb6b26{hddsDatanode,/,null,STOPPED}{jar:file:/home/user/.m2/repository/org/apache/hadoop/hadoop-hdds-container-service/1.1.0-SNAPSHOT/hadoop-hdds-container-service-1.1.0-SNAPSHOT.jar!/webapps/hddsDatanode}
2020-12-17 06:17:42,250 [Listener at 0.0.0.0/41535] INFO  server.AbstractConnector (AbstractConnector.java:doStop(381)) - Stopped ServerConnector@6797b494{HTTP/1.1, (http/1.1)}{0.0.0.0:0}
2020-12-17 06:17:42,250 [Listener at 0.0.0.0/41535] INFO  server.session (HouseKeeper.java:stopScavenging(149)) - node0 Stopped scavenging
2020-12-17 06:17:42,251 [Listener at 0.0.0.0/41535] INFO  handler.ContextHandler (ContextHandler.java:doStop(1154)) - Stopped o.e.j.s.ServletContextHandler@4fcb1a13{static,/static,jar:file:/home/user/.m2/repository/org/apache/hadoop/hadoop-hdds-container-service/1.1.0-SNAPSHOT/hadoop-hdds-container-service-1.1.0-SNAPSHOT.jar!/webapps/static,STOPPED}
2020-12-17 06:17:42,251 [Listener at 0.0.0.0/41535] INFO  handler.ContextHandler (ContextHandler.java:doStop(1154)) - Stopped o.e.j.s.ServletContextHandler@5330160{logs,/logs,file:///github/workspace/mnt/ozone/hadoop-ozone/integration-test/target/log,STOPPED}
2020-12-17 06:17:42,252 [Listener at 0.0.0.0/41535] INFO  ozone.MiniOzoneClusterImpl (MiniOzoneClusterImpl.java:stopSCM(477)) - Stopping the StorageContainerManager
2020-12-17 06:17:42,252 [Listener at 0.0.0.0/41535] INFO  server.StorageContainerManager (StorageContainerManager.java:stop(832)) - Stopping Replication Manager Service.
2020-12-17 06:17:42,252 [Listener at 0.0.0.0/41535] INFO  container.ReplicationManager (ReplicationManager.java:stop(227)) - Stopping Replication Monitor Thread.
2020-12-17 06:17:42,252 [Listener at 0.0.0.0/41535] INFO  server.StorageContainerManager (StorageContainerManager.java:stop(839)) - Stopping the Datanode Admin Monitor.
2020-12-17 06:17:42,252 [Listener at 0.0.0.0/41535] INFO  server.StorageContainerManager (StorageContainerManager.java:stop(846)) - Stopping Lease Manager of the command watchers
2020-12-17 06:17:42,252 [Listener at 0.0.0.0/41535] INFO  server.StorageContainerManager (StorageContainerManager.java:stop(853)) - Stopping datanode service RPC server
2020-12-17 06:17:42,252 [Listener at 0.0.0.0/41535] INFO  server.SCMDatanodeProtocolServer (SCMDatanodeProtocolServer.java:stop(369)) - Stopping the RPC server for DataNodes
2020-12-17 06:17:42,252 [Listener at 0.0.0.0/41535] INFO  ipc.Server (Server.java:stop(3359)) - Stopping server on 40601
2020-12-17 06:17:42,254 [IPC Server listener on 40601] INFO  ipc.Server (Server.java:run(1330)) - Stopping IPC Server listener on 40601
2020-12-17 06:17:42,259 [IPC Server Responder] INFO  ipc.Server (Server.java:run(1465)) - Stopping IPC Server Responder
2020-12-17 06:17:42,322 [SCM Heartbeat Processing Thread - 0] WARN  node.NodeStateManager (NodeStateManager.java:scheduleNextHealthCheck(688)) - Current Thread is interrupted, shutting down HB processing thread for Node Manager.
2020-12-17 06:17:42,322 [Listener at 0.0.0.0/41535] INFO  server.StorageContainerManager (StorageContainerManager.java:stop(861)) - Stopping block service RPC server
2020-12-17 06:17:42,322 [Listener at 0.0.0.0/41535] INFO  server.SCMBlockProtocolServer (SCMBlockProtocolServer.java:stop(159)) - Stopping the RPC server for Block Protocol
2020-12-17 06:17:42,322 [Listener at 0.0.0.0/41535] INFO  ipc.Server (Server.java:stop(3359)) - Stopping server on 42233
2020-12-17 06:17:42,324 [IPC Server Responder] INFO  ipc.Server (Server.java:run(1465)) - Stopping IPC Server Responder
2020-12-17 06:17:42,324 [Listener at 0.0.0.0/41535] INFO  server.StorageContainerManager (StorageContainerManager.java:stop(868)) - Stopping the StorageContainerLocationProtocol RPC server
2020-12-17 06:17:42,324 [Listener at 0.0.0.0/41535] INFO  server.SCMClientProtocolServer (SCMClientProtocolServer.java:stop(168)) - Stopping the RPC server for Client Protocol
2020-12-17 06:17:42,324 [Listener at 0.0.0.0/41535] INFO  ipc.Server (Server.java:stop(3359)) - Stopping server on 41535
2020-12-17 06:17:42,324 [IPC Server listener on 42233] INFO  ipc.Server (Server.java:run(1330)) - Stopping IPC Server listener on 42233
2020-12-17 06:17:42,325 [IPC Server listener on 41535] INFO  ipc.Server (Server.java:run(1330)) - Stopping IPC Server listener on 41535
2020-12-17 06:17:42,330 [IPC Server Responder] INFO  ipc.Server (Server.java:run(1465)) - Stopping IPC Server Responder
2020-12-17 06:17:42,330 [Listener at 0.0.0.0/41535] INFO  server.StorageContainerManager (StorageContainerManager.java:stop(875)) - Stopping Storage Container Manager HTTP server.
2020-12-17 06:17:42,331 [Listener at 0.0.0.0/41535] INFO  handler.ContextHandler (ContextHandler.java:doStop(1154)) - Stopped o.e.j.w.WebAppContext@4aab6203{scm,/,null,STOPPED}{file:/github/workspace/mnt/ozone/hadoop-ozone/integration-test/target/test-classes/webapps/scm}
2020-12-17 06:17:42,331 [Listener at 0.0.0.0/41535] INFO  server.AbstractConnector (AbstractConnector.java:doStop(381)) - Stopped ServerConnector@78941f94{HTTP/1.1, (http/1.1)}{0.0.0.0:36697}
2020-12-17 06:17:42,332 [Listener at 0.0.0.0/41535] INFO  server.session (HouseKeeper.java:stopScavenging(149)) - node0 Stopped scavenging
2020-12-17 06:17:42,332 [Listener at 0.0.0.0/41535] INFO  handler.ContextHandler (ContextHandler.java:doStop(1154)) - Stopped o.e.j.s.ServletContextHandler@55aa6fd0{static,/static,file:///github/workspace/mnt/ozone/hadoop-ozone/integration-test/target/test-classes/webapps/static,STOPPED}
2020-12-17 06:17:42,332 [Listener at 0.0.0.0/41535] INFO  handler.ContextHandler (ContextHandler.java:doStop(1154)) - Stopped o.e.j.s.ServletContextHandler@5b9b31e0{logs,/logs,file:///github/workspace/mnt/ozone/hadoop-ozone/integration-test/target/log,STOPPED}
2020-12-17 06:17:42,333 [Listener at 0.0.0.0/41535] INFO  server.StorageContainerManager (StorageContainerManager.java:stop(886)) - Stopping Block Manager Service.
2020-12-17 06:17:42,333 [Listener at 0.0.0.0/41535] INFO  utils.BackgroundService (BackgroundService.java:shutdown(132)) - Shutting down service SCMBlockDeletingService
2020-12-17 06:17:42,333 [Listener at 0.0.0.0/41535] INFO  utils.BackgroundService (BackgroundService.java:shutdown(132)) - Shutting down service SCMBlockDeletingService
2020-12-17 06:17:42,333 [Listener at 0.0.0.0/41535] INFO  server.StorageContainerManager (StorageContainerManager.java:stop(911)) - Stopping SCM Event Queue.
2020-12-17 06:17:42,335 [Listener at 0.0.0.0/41535] INFO  impl.MetricsSystemImpl (MetricsSystemImpl.java:stop(210)) - Stopping StorageContainerManager metrics system...
2020-12-17 06:17:42,337 [Listener at 0.0.0.0/41535] INFO  impl.MetricsSystemImpl (MetricsSystemImpl.java:stop(216)) - StorageContainerManager metrics system stopped.
]]></system-out>
    <system-err><![CDATA[Dec 17, 2020 6:17:15 AM org.apache.ratis.thirdparty.io.grpc.internal.ManagedChannelOrphanWrapper$ManagedChannelReference cleanQueue
SEVERE: *~*~*~ Channel ManagedChannelImpl{logId=577, target=172.17.0.2:34777} was not shutdown properly!!! ~*~*~*
    Make sure to call shutdown()/shutdownNow() and wait until awaitTermination() returns true.
java.lang.RuntimeException: ManagedChannel allocation site
	at org.apache.ratis.thirdparty.io.grpc.internal.ManagedChannelOrphanWrapper$ManagedChannelReference.<init>(ManagedChannelOrphanWrapper.java:93)
	at org.apache.ratis.thirdparty.io.grpc.internal.ManagedChannelOrphanWrapper.<init>(ManagedChannelOrphanWrapper.java:53)
	at org.apache.ratis.thirdparty.io.grpc.internal.ManagedChannelOrphanWrapper.<init>(ManagedChannelOrphanWrapper.java:44)
	at org.apache.ratis.thirdparty.io.grpc.internal.AbstractManagedChannelImplBuilder.build(AbstractManagedChannelImplBuilder.java:518)
	at org.apache.ratis.grpc.client.GrpcClientProtocolClient.<init>(GrpcClientProtocolClient.java:133)
	at org.apache.ratis.grpc.client.GrpcClientRpc.lambda$new$0(GrpcClientRpc.java:56)
	at org.apache.ratis.util.PeerProxyMap$PeerAndProxy.lambda$getProxy$0(PeerProxyMap.java:63)
	at org.apache.ratis.util.LifeCycle.startAndTransition(LifeCycle.java:222)
	at org.apache.ratis.util.PeerProxyMap$PeerAndProxy.getProxy(PeerProxyMap.java:62)
	at org.apache.ratis.util.PeerProxyMap.getProxy(PeerProxyMap.java:114)
	at org.apache.ratis.grpc.client.GrpcClientRpc.sendRequestAsync(GrpcClientRpc.java:67)
	at org.apache.ratis.client.impl.OrderedAsync.sendRequest(OrderedAsync.java:234)
	at org.apache.ratis.client.impl.OrderedAsync.sendRequestWithRetry(OrderedAsync.java:188)
	at org.apache.ratis.util.SlidingWindow$Client.sendOrDelayRequest(SlidingWindow.java:278)
	at org.apache.ratis.util.SlidingWindow$Client.submitNewRequest(SlidingWindow.java:257)
	at org.apache.ratis.client.impl.OrderedAsync.send(OrderedAsync.java:169)
	at org.apache.ratis.client.impl.OrderedAsync.newInstance(OrderedAsync.java:117)
	at org.apache.ratis.client.impl.RaftClientImpl.lambda$new$0(RaftClientImpl.java:154)
	at org.apache.ratis.util.MemoizedSupplier.get(MemoizedSupplier.java:62)
	at org.apache.ratis.client.impl.RaftClientImpl.getOrderedAsync(RaftClientImpl.java:206)
	at org.apache.ratis.client.impl.AsyncImpl.send(AsyncImpl.java:39)
	at org.apache.ratis.client.impl.AsyncImpl.send(AsyncImpl.java:44)
	at org.apache.hadoop.hdds.scm.XceiverClientRatis.lambda$sendRequestAsync$3(XceiverClientRatis.java:225)
	at org.apache.hadoop.hdds.tracing.TracingUtil.executeInNewSpan(TracingUtil.java:159)
	at org.apache.hadoop.hdds.scm.XceiverClientRatis.sendRequestAsync(XceiverClientRatis.java:210)
	at org.apache.hadoop.hdds.scm.XceiverClientRatis.sendCommandAsync(XceiverClientRatis.java:306)
	at org.apache.hadoop.hdds.scm.storage.ContainerProtocolCalls.writeChunkAsync(ContainerProtocolCalls.java:304)
	at org.apache.hadoop.hdds.scm.storage.BlockOutputStream.writeChunkToContainer(BlockOutputStream.java:665)
	at org.apache.hadoop.hdds.scm.storage.BlockOutputStream.writeChunk(BlockOutputStream.java:507)
	at org.apache.hadoop.hdds.scm.storage.BlockOutputStream.handleFlush(BlockOutputStream.java:521)
	at org.apache.hadoop.hdds.scm.storage.BlockOutputStream.close(BlockOutputStream.java:548)
	at org.apache.hadoop.ozone.client.io.BlockOutputStreamEntry.close(BlockOutputStreamEntry.java:129)
	at org.apache.hadoop.ozone.client.io.KeyOutputStream.handleStreamAction(KeyOutputStream.java:497)
	at org.apache.hadoop.ozone.client.io.KeyOutputStream.handleFlushOrClose(KeyOutputStream.java:471)
	at org.apache.hadoop.ozone.client.io.KeyOutputStream.close(KeyOutputStream.java:524)
	at org.apache.hadoop.ozone.client.io.OzoneOutputStream.close(OzoneOutputStream.java:60)
	at org.apache.hadoop.ozone.TestDataUtil.createKey(TestDataUtil.java:87)
	at org.apache.hadoop.ozone.scm.node.TestDecommissionAndMaintenance.generateData(TestDecommissionAndMaintenance.java:574)
	at org.apache.hadoop.ozone.scm.node.TestDecommissionAndMaintenance.testDecommissionedNodeCanBeRecommissioned(TestDecommissionAndMaintenance.java:275)
	at sun.reflect.NativeMethodAccessorImpl.invoke0(Native Method)
	at sun.reflect.NativeMethodAccessorImpl.invoke(NativeMethodAccessorImpl.java:62)
	at sun.reflect.DelegatingMethodAccessorImpl.invoke(DelegatingMethodAccessorImpl.java:43)
	at java.lang.reflect.Method.invoke(Method.java:498)
	at org.junit.runners.model.FrameworkMethod$1.runReflectiveCall(FrameworkMethod.java:47)
	at org.junit.internal.runners.model.ReflectiveCallable.run(ReflectiveCallable.java:12)
	at org.junit.runners.model.FrameworkMethod.invokeExplosively(FrameworkMethod.java:44)
	at org.junit.internal.runners.statements.InvokeMethod.evaluate(InvokeMethod.java:17)
	at org.junit.internal.runners.statements.RunBefores.evaluate(RunBefores.java:26)
	at org.junit.internal.runners.statements.RunAfters.evaluate(RunAfters.java:27)
	at org.junit.runners.ParentRunner.runLeaf(ParentRunner.java:271)
	at org.junit.runners.BlockJUnit4ClassRunner.runChild(BlockJUnit4ClassRunner.java:70)
	at org.junit.runners.BlockJUnit4ClassRunner.runChild(BlockJUnit4ClassRunner.java:50)
	at org.junit.runners.ParentRunner$3.run(ParentRunner.java:238)
	at org.junit.runners.ParentRunner$1.schedule(ParentRunner.java:63)
	at org.junit.runners.ParentRunner.runChildren(ParentRunner.java:236)
	at org.junit.runners.ParentRunner.access$000(ParentRunner.java:53)
	at org.junit.runners.ParentRunner$2.evaluate(ParentRunner.java:229)
	at org.junit.runners.ParentRunner.run(ParentRunner.java:309)
	at org.apache.maven.surefire.junit4.JUnit4Provider.execute(JUnit4Provider.java:365)
	at org.apache.maven.surefire.junit4.JUnit4Provider.executeWithRerun(JUnit4Provider.java:273)
	at org.apache.maven.surefire.junit4.JUnit4Provider.executeTestSet(JUnit4Provider.java:238)
	at org.apache.maven.surefire.junit4.JUnit4Provider.invoke(JUnit4Provider.java:159)
	at org.apache.maven.surefire.booter.ForkedBooter.invokeProviderInSameClassLoader(ForkedBooter.java:384)
	at org.apache.maven.surefire.booter.ForkedBooter.runSuitesInProcess(ForkedBooter.java:345)
	at org.apache.maven.surefire.booter.ForkedBooter.execute(ForkedBooter.java:126)
	at org.apache.maven.surefire.booter.ForkedBooter.main(ForkedBooter.java:418)

Dec 17, 2020 6:17:15 AM org.apache.ratis.thirdparty.io.grpc.internal.ManagedChannelOrphanWrapper$ManagedChannelReference cleanQueue
SEVERE: *~*~*~ Channel ManagedChannelImpl{logId=572, target=172.17.0.2:38851} was not shutdown properly!!! ~*~*~*
    Make sure to call shutdown()/shutdownNow() and wait until awaitTermination() returns true.
java.lang.RuntimeException: ManagedChannel allocation site
	at org.apache.ratis.thirdparty.io.grpc.internal.ManagedChannelOrphanWrapper$ManagedChannelReference.<init>(ManagedChannelOrphanWrapper.java:93)
	at org.apache.ratis.thirdparty.io.grpc.internal.ManagedChannelOrphanWrapper.<init>(ManagedChannelOrphanWrapper.java:53)
	at org.apache.ratis.thirdparty.io.grpc.internal.ManagedChannelOrphanWrapper.<init>(ManagedChannelOrphanWrapper.java:44)
	at org.apache.ratis.thirdparty.io.grpc.internal.AbstractManagedChannelImplBuilder.build(AbstractManagedChannelImplBuilder.java:518)
	at org.apache.ratis.grpc.client.GrpcClientProtocolClient.<init>(GrpcClientProtocolClient.java:133)
	at org.apache.ratis.grpc.client.GrpcClientRpc.lambda$new$0(GrpcClientRpc.java:56)
	at org.apache.ratis.util.PeerProxyMap$PeerAndProxy.lambda$getProxy$0(PeerProxyMap.java:63)
	at org.apache.ratis.util.LifeCycle.startAndTransition(LifeCycle.java:222)
	at org.apache.ratis.util.PeerProxyMap$PeerAndProxy.getProxy(PeerProxyMap.java:62)
	at org.apache.ratis.util.PeerProxyMap.getProxy(PeerProxyMap.java:114)
	at org.apache.ratis.grpc.client.GrpcClientRpc.sendRequestAsync(GrpcClientRpc.java:67)
	at org.apache.ratis.client.impl.OrderedAsync.sendRequest(OrderedAsync.java:234)
	at org.apache.ratis.client.impl.OrderedAsync.sendRequestWithRetry(OrderedAsync.java:188)
	at org.apache.ratis.util.SlidingWindow$Client.sendOrDelayRequest(SlidingWindow.java:278)
	at org.apache.ratis.util.SlidingWindow$Client.submitNewRequest(SlidingWindow.java:257)
	at org.apache.ratis.client.impl.OrderedAsync.send(OrderedAsync.java:169)
	at org.apache.ratis.client.impl.OrderedAsync.newInstance(OrderedAsync.java:117)
	at org.apache.ratis.client.impl.RaftClientImpl.lambda$new$0(RaftClientImpl.java:154)
	at org.apache.ratis.util.MemoizedSupplier.get(MemoizedSupplier.java:62)
	at org.apache.ratis.client.impl.RaftClientImpl.getOrderedAsync(RaftClientImpl.java:206)
	at org.apache.ratis.client.impl.AsyncImpl.send(AsyncImpl.java:39)
	at org.apache.ratis.client.impl.AsyncImpl.send(AsyncImpl.java:44)
	at org.apache.hadoop.hdds.scm.XceiverClientRatis.lambda$sendRequestAsync$3(XceiverClientRatis.java:225)
	at org.apache.hadoop.hdds.tracing.TracingUtil.executeInNewSpan(TracingUtil.java:159)
	at org.apache.hadoop.hdds.scm.XceiverClientRatis.sendRequestAsync(XceiverClientRatis.java:210)
	at org.apache.hadoop.hdds.scm.XceiverClientRatis.sendCommandAsync(XceiverClientRatis.java:306)
	at org.apache.hadoop.hdds.scm.storage.ContainerProtocolCalls.writeChunkAsync(ContainerProtocolCalls.java:304)
	at org.apache.hadoop.hdds.scm.storage.BlockOutputStream.writeChunkToContainer(BlockOutputStream.java:665)
	at org.apache.hadoop.hdds.scm.storage.BlockOutputStream.writeChunk(BlockOutputStream.java:507)
	at org.apache.hadoop.hdds.scm.storage.BlockOutputStream.handleFlush(BlockOutputStream.java:521)
	at org.apache.hadoop.hdds.scm.storage.BlockOutputStream.close(BlockOutputStream.java:548)
	at org.apache.hadoop.ozone.client.io.BlockOutputStreamEntry.close(BlockOutputStreamEntry.java:129)
	at org.apache.hadoop.ozone.client.io.KeyOutputStream.handleStreamAction(KeyOutputStream.java:497)
	at org.apache.hadoop.ozone.client.io.KeyOutputStream.handleFlushOrClose(KeyOutputStream.java:471)
	at org.apache.hadoop.ozone.client.io.KeyOutputStream.close(KeyOutputStream.java:524)
	at org.apache.hadoop.ozone.client.io.OzoneOutputStream.close(OzoneOutputStream.java:60)
	at org.apache.hadoop.ozone.TestDataUtil.createKey(TestDataUtil.java:87)
	at org.apache.hadoop.ozone.scm.node.TestDecommissionAndMaintenance.generateData(TestDecommissionAndMaintenance.java:574)
	at org.apache.hadoop.ozone.scm.node.TestDecommissionAndMaintenance.testDecommissionedNodeCanBeRecommissioned(TestDecommissionAndMaintenance.java:275)
	at sun.reflect.NativeMethodAccessorImpl.invoke0(Native Method)
	at sun.reflect.NativeMethodAccessorImpl.invoke(NativeMethodAccessorImpl.java:62)
	at sun.reflect.DelegatingMethodAccessorImpl.invoke(DelegatingMethodAccessorImpl.java:43)
	at java.lang.reflect.Method.invoke(Method.java:498)
	at org.junit.runners.model.FrameworkMethod$1.runReflectiveCall(FrameworkMethod.java:47)
	at org.junit.internal.runners.model.ReflectiveCallable.run(ReflectiveCallable.java:12)
	at org.junit.runners.model.FrameworkMethod.invokeExplosively(FrameworkMethod.java:44)
	at org.junit.internal.runners.statements.InvokeMethod.evaluate(InvokeMethod.java:17)
	at org.junit.internal.runners.statements.RunBefores.evaluate(RunBefores.java:26)
	at org.junit.internal.runners.statements.RunAfters.evaluate(RunAfters.java:27)
	at org.junit.runners.ParentRunner.runLeaf(ParentRunner.java:271)
	at org.junit.runners.BlockJUnit4ClassRunner.runChild(BlockJUnit4ClassRunner.java:70)
	at org.junit.runners.BlockJUnit4ClassRunner.runChild(BlockJUnit4ClassRunner.java:50)
	at org.junit.runners.ParentRunner$3.run(ParentRunner.java:238)
	at org.junit.runners.ParentRunner$1.schedule(ParentRunner.java:63)
	at org.junit.runners.ParentRunner.runChildren(ParentRunner.java:236)
	at org.junit.runners.ParentRunner.access$000(ParentRunner.java:53)
	at org.junit.runners.ParentRunner$2.evaluate(ParentRunner.java:229)
	at org.junit.runners.ParentRunner.run(ParentRunner.java:309)
	at org.apache.maven.surefire.junit4.JUnit4Provider.execute(JUnit4Provider.java:365)
	at org.apache.maven.surefire.junit4.JUnit4Provider.executeWithRerun(JUnit4Provider.java:273)
	at org.apache.maven.surefire.junit4.JUnit4Provider.executeTestSet(JUnit4Provider.java:238)
	at org.apache.maven.surefire.junit4.JUnit4Provider.invoke(JUnit4Provider.java:159)
	at org.apache.maven.surefire.booter.ForkedBooter.invokeProviderInSameClassLoader(ForkedBooter.java:384)
	at org.apache.maven.surefire.booter.ForkedBooter.runSuitesInProcess(ForkedBooter.java:345)
	at org.apache.maven.surefire.booter.ForkedBooter.execute(ForkedBooter.java:126)
	at org.apache.maven.surefire.booter.ForkedBooter.main(ForkedBooter.java:418)

]]></system-err>
  </testcase>
  <testcase name="testDecommissioningNodesCompleteDecommissionOnSCMRestart" classname="org.apache.hadoop.ozone.scm.node.TestDecommissionAndMaintenance" time="39.369"/>
</testsuite>