<?xml version="1.0" encoding="UTF-8"?>
<testsuite xmlns:xsi="http://www.w3.org/2001/XMLSchema-instance" xsi:noNamespaceSchemaLocation="https://maven.apache.org/surefire/maven-surefire-plugin/xsd/surefire-test-report-3.0.xsd" version="3.0" name="org.apache.hadoop.fs.ozone.TestOzoneFileSystem" time="393.144" tests="176" errors="0" skipped="0" failures="2">
  <properties>
    <property name="awt.toolkit" value="sun.awt.X11.XToolkit"/>
    <property name="file.encoding.pkg" value="sun.io"/>
    <property name="java.specification.version" value="1.8"/>
    <property name="sun.cpu.isalist" value=""/>
    <property name="sun.jnu.encoding" value="UTF-8"/>
    <property name="java.class.path" value="/home/runner/work/ozone/ozone/hadoop-ozone/integration-test/target/test-classes:/home/runner/work/ozone/ozone/hadoop-ozone/integration-test/target/classes:/home/runner/.m2/repository/org/apache/ozone/ozone-common/1.4.0-SNAPSHOT/ozone-common-1.4.0-SNAPSHOT.jar:/home/runner/.m2/repository/io/grpc/grpc-netty/1.51.1/grpc-netty-1.51.1.jar:/home/runner/.m2/repository/io/grpc/grpc-core/1.51.1/grpc-core-1.51.1.jar:/home/runner/.m2/repository/com/google/android/annotations/4.1.1.4/annotations-4.1.1.4.jar:/home/runner/.m2/repository/org/codehaus/mojo/animal-sniffer-annotations/1.21/animal-sniffer-annotations-1.21.jar:/home/runner/.m2/repository/com/google/errorprone/error_prone_annotations/2.2.0/error_prone_annotations-2.2.0.jar:/home/runner/.m2/repository/io/perfmark/perfmark-api/0.25.0/perfmark-api-0.25.0.jar:/home/runner/.m2/repository/io/netty/netty-codec-http2/4.1.94.Final/netty-codec-http2-4.1.94.Final.jar:/home/runner/.m2/repository/io/netty/netty-common/4.1.94.Final/netty-common-4.1.94.Final.jar:/home/runner/.m2/repository/io/netty/netty-buffer/4.1.94.Final/netty-buffer-4.1.94.Final.jar:/home/runner/.m2/repository/io/netty/netty-codec-http/4.1.94.Final/netty-codec-http-4.1.94.Final.jar:/home/runner/.m2/repository/io/netty/netty-handler-proxy/4.1.94.Final/netty-handler-proxy-4.1.94.Final.jar:/home/runner/.m2/repository/io/netty/netty-codec-socks/4.1.94.Final/netty-codec-socks-4.1.94.Final.jar:/home/runner/.m2/repository/io/netty/netty-tcnative-boringssl-static/2.0.61.Final/netty-tcnative-boringssl-static-2.0.61.Final.jar:/home/runner/.m2/repository/io/netty/netty-tcnative-classes/2.0.61.Final/netty-tcnative-classes-2.0.61.Final.jar:/home/runner/.m2/repository/io/netty/netty-tcnative-boringssl-static/2.0.61.Final/netty-tcnative-boringssl-static-2.0.61.Final-linux-x86_64.jar:/home/runner/.m2/repository/io/netty/netty-tcnative-boringssl-static/2.0.61.Final/netty-tcnative-boringssl-static-2.0.61.Final-linux-aarch_64.jar:/home/runner/.m2/repository/io/netty/netty-tcnative-boringssl-static/2.0.61.Final/netty-tcnative-boringssl-static-2.0.61.Final-osx-x86_64.jar:/home/runner/.m2/repository/io/netty/netty-tcnative-boringssl-static/2.0.61.Final/netty-tcnative-boringssl-static-2.0.61.Final-osx-aarch_64.jar:/home/runner/.m2/repository/io/netty/netty-tcnative-boringssl-static/2.0.61.Final/netty-tcnative-boringssl-static-2.0.61.Final-windows-x86_64.jar:/home/runner/.m2/repository/org/apache/commons/commons-compress/1.21/commons-compress-1.21.jar:/home/runner/.m2/repository/org/apache/ozone/hdds-common/1.4.0-SNAPSHOT/hdds-common-1.4.0-SNAPSHOT.jar:/home/runner/.m2/repository/org/apache/ozone/hdds-client/1.4.0-SNAPSHOT/hdds-client-1.4.0-SNAPSHOT.jar:/home/runner/.m2/repository/org/apache/ozone/ozone-interface-client/1.4.0-SNAPSHOT/ozone-interface-client-1.4.0-SNAPSHOT.jar:/home/runner/.m2/repository/org/apache/hadoop/hadoop-hdfs-client/3.3.6/hadoop-hdfs-client-3.3.6.jar:/home/runner/.m2/repository/com/squareup/okhttp3/okhttp/4.9.3/okhttp-4.9.3.jar:/home/runner/.m2/repository/com/squareup/okio/okio/3.4.0/okio-3.4.0.jar:/home/runner/.m2/repository/com/squareup/okio/okio-jvm/3.4.0/okio-jvm-3.4.0.jar:/home/runner/.m2/repository/org/jetbrains/kotlin/kotlin-stdlib-jdk8/1.8.0/kotlin-stdlib-jdk8-1.8.0.jar:/home/runner/.m2/repository/org/jetbrains/kotlin/kotlin-stdlib-jdk7/1.8.0/kotlin-stdlib-jdk7-1.8.0.jar:/home/runner/.m2/repository/org/jetbrains/kotlin/kotlin-stdlib-common/1.6.21/kotlin-stdlib-common-1.6.21.jar:/home/runner/.m2/repository/org/apache/ozone/hdds-test-utils/1.4.0-SNAPSHOT/hdds-test-utils-1.4.0-SNAPSHOT.jar:/home/runner/.m2/repository/com/google/guava/guava/32.0.0-jre/guava-32.0.0-jre.jar:/home/runner/.m2/repository/com/google/guava/failureaccess/1.0.1/failureaccess-1.0.1.jar:/home/runner/.m2/repository/com/google/guava/listenablefuture/9999.0-empty-to-avoid-conflict-with-guava/listenablefuture-9999.0-empty-to-avoid-conflict-with-guava.jar:/home/runner/.m2/repository/com/google/code/findbugs/jsr305/3.0.0/jsr305-3.0.0.jar:/home/runner/.m2/repository/org/checkerframework/checker-qual/3.33.0/checker-qual-3.33.0.jar:/home/runner/.m2/repository/com/google/j2objc/j2objc-annotations/2.8/j2objc-annotations-2.8.jar:/home/runner/.m2/repository/commons-io/commons-io/2.11.0/commons-io-2.11.0.jar:/home/runner/.m2/repository/commons-logging/commons-logging/1.2/commons-logging-1.2.jar:/home/runner/.m2/repository/ch/qos/reload4j/reload4j/1.2.22/reload4j-1.2.22.jar:/home/runner/.m2/repository/org/slf4j/slf4j-api/1.7.36/slf4j-api-1.7.36.jar:/home/runner/.m2/repository/org/apache/logging/log4j/log4j-api/2.17.1/log4j-api-2.17.1.jar:/home/runner/.m2/repository/org/apache/ozone/hdds-server-scm/1.4.0-SNAPSHOT/hdds-server-scm-1.4.0-SNAPSHOT.jar:/home/runner/.m2/repository/org/apache/ozone/hdds-container-service/1.4.0-SNAPSHOT/hdds-container-service-1.4.0-SNAPSHOT.jar:/home/runner/.m2/repository/org/apache/ozone/hdds-hadoop-dependency-server/1.4.0-SNAPSHOT/hdds-hadoop-dependency-server-1.4.0-SNAPSHOT.jar:/home/runner/.m2/repository/org/apache/hadoop/hadoop-hdfs/3.3.6/hadoop-hdfs-3.3.6.jar:/home/runner/.m2/repository/commons-daemon/commons-daemon/1.0.13/commons-daemon-1.0.13.jar:/home/runner/.m2/repository/org/apache/ozone/hdds-server-framework/1.4.0-SNAPSHOT/hdds-server-framework-1.4.0-SNAPSHOT.jar:/home/runner/.m2/repository/io/dropwizard/metrics/metrics-core/3.2.4/metrics-core-3.2.4.jar:/home/runner/.m2/repository/org/apache/commons/commons-text/1.10.0/commons-text-1.10.0.jar:/home/runner/.m2/repository/org/bouncycastle/bcprov-jdk15on/1.67/bcprov-jdk15on-1.67.jar:/home/runner/.m2/repository/com/google/protobuf/protobuf-java/2.5.0/protobuf-java-2.5.0.jar:/home/runner/.m2/repository/org/apache/ozone/hdds-server-framework/1.4.0-SNAPSHOT/hdds-server-framework-1.4.0-SNAPSHOT-tests.jar:/home/runner/.m2/repository/org/apache/ozone/hdds-interface-server/1.4.0-SNAPSHOT/hdds-interface-server-1.4.0-SNAPSHOT.jar:/home/runner/.m2/repository/org/apache/ozone/hdds-interface-admin/1.4.0-SNAPSHOT/hdds-interface-admin-1.4.0-SNAPSHOT.jar:/home/runner/.m2/repository/org/apache/ozone/hdds-managed-rocksdb/1.4.0-SNAPSHOT/hdds-managed-rocksdb-1.4.0-SNAPSHOT.jar:/home/runner/.m2/repository/org/rocksdb/rocksdbjni/7.7.3/rocksdbjni-7.7.3.jar:/home/runner/.m2/repository/org/slf4j/slf4j-reload4j/1.7.36/slf4j-reload4j-1.7.36.jar:/home/runner/.m2/repository/org/apache/commons/commons-configuration2/2.1.1/commons-configuration2-2.1.1.jar:/home/runner/.m2/repository/commons-fileupload/commons-fileupload/1.5/commons-fileupload-1.5.jar:/home/runner/.m2/repository/org/apache/logging/log4j/log4j-core/2.17.1/log4j-core-2.17.1.jar:/home/runner/.m2/repository/com/lmax/disruptor/3.4.2/disruptor-3.4.2.jar:/home/runner/.m2/repository/org/eclipse/jetty/jetty-util/9.4.51.v20230217/jetty-util-9.4.51.v20230217.jar:/home/runner/.m2/repository/org/eclipse/jetty/jetty-server/9.4.51.v20230217/jetty-server-9.4.51.v20230217.jar:/home/runner/.m2/repository/org/eclipse/jetty/jetty-http/9.4.51.v20230217/jetty-http-9.4.51.v20230217.jar:/home/runner/.m2/repository/org/eclipse/jetty/jetty-io/9.4.51.v20230217/jetty-io-9.4.51.v20230217.jar:/home/runner/.m2/repository/org/eclipse/jetty/jetty-servlet/9.4.51.v20230217/jetty-servlet-9.4.51.v20230217.jar:/home/runner/.m2/repository/org/eclipse/jetty/jetty-security/9.4.51.v20230217/jetty-security-9.4.51.v20230217.jar:/home/runner/.m2/repository/org/eclipse/jetty/jetty-util-ajax/9.4.51.v20230217/jetty-util-ajax-9.4.51.v20230217.jar:/home/runner/.m2/repository/org/eclipse/jetty/jetty-webapp/9.4.51.v20230217/jetty-webapp-9.4.51.v20230217.jar:/home/runner/.m2/repository/org/eclipse/jetty/jetty-xml/9.4.51.v20230217/jetty-xml-9.4.51.v20230217.jar:/home/runner/.m2/repository/org/apache/ratis/ratis-server/2.5.1/ratis-server-2.5.1.jar:/home/runner/.m2/repository/org/apache/ratis/ratis-thirdparty-misc/1.0.4/ratis-thirdparty-misc-1.0.4.jar:/home/runner/.m2/repository/org/apache/ratis/ratis-proto/2.5.1/ratis-proto-2.5.1.jar:/home/runner/.m2/repository/org/apache/ratis/ratis-common/2.5.1/ratis-common-2.5.1.jar:/home/runner/.m2/repository/org/apache/ratis/ratis-client/2.5.1/ratis-client-2.5.1.jar:/home/runner/.m2/repository/org/apache/ratis/ratis-server-api/2.5.1/ratis-server-api-2.5.1.jar:/home/runner/.m2/repository/org/apache/ratis/ratis-metrics/2.5.1/ratis-metrics-2.5.1.jar:/home/runner/.m2/repository/io/prometheus/simpleclient_dropwizard/0.7.0/simpleclient_dropwizard-0.7.0.jar:/home/runner/.m2/repository/io/prometheus/simpleclient/0.7.0/simpleclient-0.7.0.jar:/home/runner/.m2/repository/io/prometheus/simpleclient_common/0.7.0/simpleclient_common-0.7.0.jar:/home/runner/.m2/repository/com/fasterxml/jackson/datatype/jackson-datatype-jsr310/2.13.4/jackson-datatype-jsr310-2.13.4.jar:/home/runner/.m2/repository/com/fasterxml/jackson/core/jackson-core/2.13.4/jackson-core-2.13.4.jar:/home/runner/.m2/repository/com/github/spotbugs/spotbugs-annotations/3.1.12/spotbugs-annotations-3.1.12.jar:/home/runner/.m2/repository/org/apache/ozone/rocksdb-checkpoint-differ/1.4.0-SNAPSHOT/rocksdb-checkpoint-differ-1.4.0-SNAPSHOT.jar:/home/runner/.m2/repository/org/jgrapht/jgrapht-core/1.0.1/jgrapht-core-1.0.1.jar:/home/runner/.m2/repository/org/jgrapht/jgrapht-ext/1.0.1/jgrapht-ext-1.0.1.jar:/home/runner/.m2/repository/org/tinyjee/jgraphx/jgraphx/2.0.0.1/jgraphx-2.0.0.1.jar:/home/runner/.m2/repository/jgraph/jgraph/5.13.0.0/jgraph-5.13.0.0.jar:/home/runner/.m2/repository/org/antlr/antlr4-runtime/4.5.3/antlr4-runtime-4.5.3.jar:/home/runner/.m2/repository/org/awaitility/awaitility/4.2.0/awaitility-4.2.0.jar:/home/runner/.m2/repository/org/hamcrest/hamcrest/2.1/hamcrest-2.1.jar:/home/runner/.m2/repository/org/apache/ozone/ozone-manager/1.4.0-SNAPSHOT/ozone-manager-1.4.0-SNAPSHOT.jar:/home/runner/.m2/repository/org/aspectj/aspectjrt/1.9.7/aspectjrt-1.9.7.jar:/home/runner/.m2/repository/org/aspectj/aspectjweaver/1.9.7/aspectjweaver-1.9.7.jar:/home/runner/.m2/repository/org/apache/ozone/hdds-interface-client/1.4.0-SNAPSHOT/hdds-interface-client-1.4.0-SNAPSHOT.jar:/home/runner/.m2/repository/org/apache/hadoop/thirdparty/hadoop-shaded-protobuf_3_7/1.1.1/hadoop-shaded-protobuf_3_7-1.1.1.jar:/home/runner/.m2/repository/org/apache/ozone/ozone-interface-storage/1.4.0-SNAPSHOT/ozone-interface-storage-1.4.0-SNAPSHOT.jar:/home/runner/.m2/repository/org/reflections/reflections/0.9.11/reflections-0.9.11.jar:/home/runner/.m2/repository/com/sun/jersey/jersey-client/1.19/jersey-client-1.19.jar:/home/runner/.m2/repository/org/codehaus/jackson/jackson-core-asl/1.9.13/jackson-core-asl-1.9.13.jar:/home/runner/.m2/repository/org/codehaus/jackson/jackson-mapper-asl/1.9.13/jackson-mapper-asl-1.9.13.jar:/home/runner/.m2/repository/org/codehaus/jackson/jackson-jaxrs/1.9.13/jackson-jaxrs-1.9.13.jar:/home/runner/.m2/repository/org/apache/ranger/ranger-intg/2.3.0/ranger-intg-2.3.0.jar:/home/runner/.m2/repository/org/apache/ranger/ranger-plugins-common/2.3.0/ranger-plugins-common-2.3.0.jar:/home/runner/.m2/repository/commons-lang/commons-lang/2.6/commons-lang-2.6.jar:/home/runner/.m2/repository/org/apache/ranger/ranger-plugins-cred/2.3.0/ranger-plugins-cred-2.3.0.jar:/home/runner/.m2/repository/org/apache/ranger/ranger-plugins-audit/2.3.0/ranger-plugins-audit-2.3.0.jar:/home/runner/.m2/repository/org/eclipse/jetty/jetty-client/9.4.51.v20230217/jetty-client-9.4.51.v20230217.jar:/home/runner/.m2/repository/org/apache/httpcomponents/httpmime/4.5.6/httpmime-4.5.6.jar:/home/runner/.m2/repository/org/apache/httpcomponents/httpcore-nio/4.4.13/httpcore-nio-4.4.13.jar:/home/runner/.m2/repository/org/apache/httpcomponents/httpasyncclient/4.1.3/httpasyncclient-4.1.3.jar:/home/runner/.m2/repository/com/carrotsearch/hppc/0.8.0/hppc-0.8.0.jar:/home/runner/.m2/repository/org/apache/orc/orc-core/1.5.8/orc-core-1.5.8.jar:/home/runner/.m2/repository/net/java/dev/jna/jna/5.2.0/jna-5.2.0.jar:/home/runner/.m2/repository/net/java/dev/jna/jna-platform/5.2.0/jna-platform-5.2.0.jar:/home/runner/.m2/repository/com/kstruct/gethostname4j/0.0.2/gethostname4j-0.0.2.jar:/home/runner/.m2/repository/org/apache/ranger/ranger-plugin-classloader/2.3.0/ranger-plugin-classloader-2.3.0.jar:/home/runner/.m2/repository/org/apache/ozone/hdds-rocks-native/1.4.0-SNAPSHOT/hdds-rocks-native-1.4.0-SNAPSHOT.jar:/home/runner/.m2/repository/org/apache/hadoop/hadoop-minikdc/3.3.6/hadoop-minikdc-3.3.6.jar:/home/runner/.m2/repository/org/apache/kerby/kerb-simplekdc/1.0.1/kerb-simplekdc-1.0.1.jar:/home/runner/.m2/repository/org/apache/kerby/kerb-client/1.0.1/kerb-client-1.0.1.jar:/home/runner/.m2/repository/org/apache/kerby/kerby-config/1.0.1/kerby-config-1.0.1.jar:/home/runner/.m2/repository/org/apache/kerby/kerb-common/1.0.1/kerb-common-1.0.1.jar:/home/runner/.m2/repository/org/apache/kerby/kerb-crypto/1.0.1/kerb-crypto-1.0.1.jar:/home/runner/.m2/repository/org/apache/kerby/kerb-util/1.0.1/kerb-util-1.0.1.jar:/home/runner/.m2/repository/org/apache/kerby/token-provider/1.0.1/token-provider-1.0.1.jar:/home/runner/.m2/repository/org/apache/kerby/kerb-admin/1.0.1/kerb-admin-1.0.1.jar:/home/runner/.m2/repository/org/apache/kerby/kerb-server/1.0.1/kerb-server-1.0.1.jar:/home/runner/.m2/repository/org/apache/kerby/kerb-identity/1.0.1/kerb-identity-1.0.1.jar:/home/runner/.m2/repository/org/apache/kerby/kerby-xdr/1.0.1/kerby-xdr-1.0.1.jar:/home/runner/.m2/repository/org/apache/ozone/ozone-s3gateway/1.4.0-SNAPSHOT/ozone-s3gateway-1.4.0-SNAPSHOT.jar:/home/runner/.m2/repository/org/javassist/javassist/3.21.0-GA/javassist-3.21.0-GA.jar:/home/runner/.m2/repository/org/jboss/weld/servlet/weld-servlet-shaded/3.1.9.Final/weld-servlet-shaded-3.1.9.Final.jar:/home/runner/.m2/repository/org/glassfish/jersey/containers/jersey-container-servlet-core/2.34/jersey-container-servlet-core-2.34.jar:/home/runner/.m2/repository/org/glassfish/hk2/external/jakarta.inject/2.6.1/jakarta.inject-2.6.1.jar:/home/runner/.m2/repository/org/glassfish/jersey/core/jersey-common/2.34/jersey-common-2.34.jar:/home/runner/.m2/repository/jakarta/ws/rs/jakarta.ws.rs-api/2.1.6/jakarta.ws.rs-api-2.1.6.jar:/home/runner/.m2/repository/org/glassfish/jersey/ext/cdi/jersey-cdi1x/2.34/jersey-cdi1x-2.34.jar:/home/runner/.m2/repository/org/glassfish/jersey/inject/jersey-hk2/2.34/jersey-hk2-2.34.jar:/home/runner/.m2/repository/org/glassfish/hk2/hk2-locator/2.6.1/hk2-locator-2.6.1.jar:/home/runner/.m2/repository/org/glassfish/jersey/media/jersey-media-jaxb/2.34/jersey-media-jaxb-2.34.jar:/home/runner/.m2/repository/org/glassfish/hk2/osgi-resource-locator/1.0.3/osgi-resource-locator-1.0.3.jar:/home/runner/.m2/repository/org/glassfish/hk2/hk2-api/2.5.0/hk2-api-2.5.0.jar:/home/runner/.m2/repository/org/glassfish/hk2/hk2-utils/2.5.0/hk2-utils-2.5.0.jar:/home/runner/.m2/repository/org/glassfish/hk2/external/aopalliance-repackaged/2.5.0/aopalliance-repackaged-2.5.0.jar:/home/runner/.m2/repository/com/fasterxml/jackson/dataformat/jackson-dataformat-xml/2.13.4/jackson-dataformat-xml-2.13.4.jar:/home/runner/.m2/repository/org/codehaus/woodstox/stax2-api/4.2.1/stax2-api-4.2.1.jar:/home/runner/.m2/repository/com/fasterxml/woodstox/woodstox-core/5.4.0/woodstox-core-5.4.0.jar:/home/runner/.m2/repository/com/fasterxml/jackson/module/jackson-module-jaxb-annotations/2.13.4/jackson-module-jaxb-annotations-2.13.4.jar:/home/runner/.m2/repository/jakarta/xml/bind/jakarta.xml.bind-api/2.3.3/jakarta.xml.bind-api-2.3.3.jar:/home/runner/.m2/repository/jakarta/activation/jakarta.activation-api/1.2.2/jakarta.activation-api-1.2.2.jar:/home/runner/.m2/repository/javax/enterprise/cdi-api/2.0/cdi-api-2.0.jar:/home/runner/.m2/repository/javax/el/javax.el-api/3.0.0/javax.el-api-3.0.0.jar:/home/runner/.m2/repository/javax/interceptor/javax.interceptor-api/1.2/javax.interceptor-api-1.2.jar:/home/runner/.m2/repository/javax/inject/javax.inject/1/javax.inject-1.jar:/home/runner/.m2/repository/javax/xml/bind/jaxb-api/2.3.0/jaxb-api-2.3.0.jar:/home/runner/.m2/repository/org/glassfish/jaxb/jaxb-runtime/2.3.0.1/jaxb-runtime-2.3.0.1.jar:/home/runner/.m2/repository/org/glassfish/jaxb/jaxb-core/2.3.0.1/jaxb-core-2.3.0.1.jar:/home/runner/.m2/repository/org/glassfish/jaxb/txw2/2.3.0.1/txw2-2.3.0.1.jar:/home/runner/.m2/repository/com/sun/istack/istack-commons-runtime/3.0.5/istack-commons-runtime-3.0.5.jar:/home/runner/.m2/repository/org/jvnet/staxex/stax-ex/1.7.8/stax-ex-1.7.8.jar:/home/runner/.m2/repository/com/sun/xml/fastinfoset/FastInfoset/1.2.13/FastInfoset-1.2.13.jar:/home/runner/.m2/repository/javax/activation/activation/1.1.1/activation-1.1.1.jar:/home/runner/.m2/repository/io/grpc/grpc-protobuf/1.51.1/grpc-protobuf-1.51.1.jar:/home/runner/.m2/repository/com/google/api/grpc/proto-google-common-protos/2.9.0/proto-google-common-protos-2.9.0.jar:/home/runner/.m2/repository/io/grpc/grpc-protobuf-lite/1.51.1/grpc-protobuf-lite-1.51.1.jar:/home/runner/.m2/repository/io/grpc/grpc-stub/1.51.1/grpc-stub-1.51.1.jar:/home/runner/.m2/repository/io/netty/netty-transport/4.1.94.Final/netty-transport-4.1.94.Final.jar:/home/runner/.m2/repository/io/netty/netty-resolver/4.1.94.Final/netty-resolver-4.1.94.Final.jar:/home/runner/.m2/repository/org/apache/ozone/ozone-csi/1.4.0-SNAPSHOT/ozone-csi-1.4.0-SNAPSHOT.jar:/home/runner/.m2/repository/com/google/protobuf/protobuf-java-util/3.19.6/protobuf-java-util-3.19.6.jar:/home/runner/.m2/repository/com/google/code/gson/gson/2.9.0/gson-2.9.0.jar:/home/runner/.m2/repository/org/apache/ozone/hdds-config/1.4.0-SNAPSHOT/hdds-config-1.4.0-SNAPSHOT.jar:/home/runner/.m2/repository/io/netty/netty-transport-native-epoll/4.1.94.Final/netty-transport-native-epoll-4.1.94.Final-linux-x86_64.jar:/home/runner/.m2/repository/io/netty/netty-transport-classes-epoll/4.1.94.Final/netty-transport-classes-epoll-4.1.94.Final.jar:/home/runner/.m2/repository/io/netty/netty-transport-native-unix-common/4.1.94.Final/netty-transport-native-unix-common-4.1.94.Final.jar:/home/runner/.m2/repository/org/apache/ozone/ozone-recon/1.4.0-SNAPSHOT/ozone-recon-1.4.0-SNAPSHOT.jar:/home/runner/.m2/repository/org/apache/ozone/ozone-reconcodegen/1.4.0-SNAPSHOT/ozone-reconcodegen-1.4.0-SNAPSHOT.jar:/home/runner/.m2/repository/com/google/inject/guice/5.1.0/guice-5.1.0.jar:/home/runner/.m2/repository/aopalliance/aopalliance/1.0/aopalliance-1.0.jar:/home/runner/.m2/repository/com/google/inject/extensions/guice-assistedinject/5.1.0/guice-assistedinject-5.1.0.jar:/home/runner/.m2/repository/com/google/inject/extensions/guice-servlet/5.1.0/guice-servlet-5.1.0.jar:/home/runner/.m2/repository/org/glassfish/jersey/containers/jersey-container-servlet/2.34/jersey-container-servlet-2.34.jar:/home/runner/.m2/repository/org/glassfish/hk2/guice-bridge/2.5.0/guice-bridge-2.5.0.jar:/home/runner/.m2/repository/org/glassfish/jersey/core/jersey-server/2.34/jersey-server-2.34.jar:/home/runner/.m2/repository/org/glassfish/jersey/core/jersey-client/2.34/jersey-client-2.34.jar:/home/runner/.m2/repository/jakarta/annotation/jakarta.annotation-api/1.3.5/jakarta.annotation-api-1.3.5.jar:/home/runner/.m2/repository/jakarta/validation/jakarta.validation-api/2.0.2/jakarta.validation-api-2.0.2.jar:/home/runner/.m2/repository/org/glassfish/jersey/media/jersey-media-json-jackson/2.34/jersey-media-json-jackson-2.34.jar:/home/runner/.m2/repository/org/glassfish/jersey/ext/jersey-entity-filtering/2.34/jersey-entity-filtering-2.34.jar:/home/runner/.m2/repository/org/jooq/jooq/3.11.10/jooq-3.11.10.jar:/home/runner/.m2/repository/org/jooq/jooq-meta/3.11.10/jooq-meta-3.11.10.jar:/home/runner/.m2/repository/org/jooq/jooq-codegen/3.11.10/jooq-codegen-3.11.10.jar:/home/runner/.m2/repository/com/jolbox/bonecp/0.8.0.RELEASE/bonecp-0.8.0.RELEASE.jar:/home/runner/.m2/repository/org/apache/derby/derby/10.14.2.0/derby-10.14.2.0.jar:/home/runner/.m2/repository/org/xerial/sqlite-jdbc/3.41.2.2/sqlite-jdbc-3.41.2.2.jar:/home/runner/.m2/repository/org/springframework/spring-jdbc/5.3.27/spring-jdbc-5.3.27.jar:/home/runner/.m2/repository/org/springframework/spring-beans/5.3.27/spring-beans-5.3.27.jar:/home/runner/.m2/repository/org/springframework/spring-core/5.3.27/spring-core-5.3.27.jar:/home/runner/.m2/repository/org/springframework/spring-tx/5.3.27/spring-tx-5.3.27.jar:/home/runner/.m2/repository/org/apache/ozone/ozone-client/1.4.0-SNAPSHOT/ozone-client-1.4.0-SNAPSHOT.jar:/home/runner/.m2/repository/org/apache/ozone/hdds-erasurecode/1.4.0-SNAPSHOT/hdds-erasurecode-1.4.0-SNAPSHOT.jar:/home/runner/.m2/repository/org/apache/ozone/ozone-filesystem/1.4.0-SNAPSHOT/ozone-filesystem-1.4.0-SNAPSHOT.jar:/home/runner/.m2/repository/org/apache/ozone/ozone-filesystem-common/1.4.0-SNAPSHOT/ozone-filesystem-common-1.4.0-SNAPSHOT.jar:/home/runner/.m2/repository/org/apache/ozone/ozone-tools/1.4.0-SNAPSHOT/ozone-tools-1.4.0-SNAPSHOT.jar:/home/runner/.m2/repository/com/amazonaws/aws-java-sdk-core/1.12.261/aws-java-sdk-core-1.12.261.jar:/home/runner/.m2/repository/org/apache/httpcomponents/httpclient/4.5.13/httpclient-4.5.13.jar:/home/runner/.m2/repository/org/apache/httpcomponents/httpcore/4.4.13/httpcore-4.4.13.jar:/home/runner/.m2/repository/software/amazon/ion/ion-java/1.0.2/ion-java-1.0.2.jar:/home/runner/.m2/repository/com/fasterxml/jackson/dataformat/jackson-dataformat-cbor/2.13.4/jackson-dataformat-cbor-2.13.4.jar:/home/runner/.m2/repository/joda-time/joda-time/2.10.6/joda-time-2.10.6.jar:/home/runner/.m2/repository/com/amazonaws/aws-java-sdk-s3/1.12.261/aws-java-sdk-s3-1.12.261.jar:/home/runner/.m2/repository/com/amazonaws/aws-java-sdk-kms/1.12.261/aws-java-sdk-kms-1.12.261.jar:/home/runner/.m2/repository/com/amazonaws/jmespath-java/1.12.261/jmespath-java-1.12.261.jar:/home/runner/.m2/repository/org/kohsuke/metainf-services/metainf-services/1.8/metainf-services-1.8.jar:/home/runner/.m2/repository/org/apache/ozone/hdds-tools/1.4.0-SNAPSHOT/hdds-tools-1.4.0-SNAPSHOT.jar:/home/runner/.m2/repository/org/apache/ratis/ratis-tools/2.5.1/ratis-tools-2.5.1.jar:/home/runner/.m2/repository/commons-cli/commons-cli/1.2/commons-cli-1.2.jar:/home/runner/.m2/repository/org/apache/commons/commons-lang3/3.7/commons-lang3-3.7.jar:/home/runner/.m2/repository/org/apache/ozone/ozone-manager/1.4.0-SNAPSHOT/ozone-manager-1.4.0-SNAPSHOT-tests.jar:/home/runner/.m2/repository/org/apache/ozone/hdds-common/1.4.0-SNAPSHOT/hdds-common-1.4.0-SNAPSHOT-tests.jar:/home/runner/.m2/repository/org/apache/ozone/hdds-hadoop-dependency-client/1.4.0-SNAPSHOT/hdds-hadoop-dependency-client-1.4.0-SNAPSHOT.jar:/home/runner/.m2/repository/info/picocli/picocli/4.6.1/picocli-4.6.1.jar:/home/runner/.m2/repository/com/fasterxml/jackson/core/jackson-annotations/2.13.4/jackson-annotations-2.13.4.jar:/home/runner/.m2/repository/org/apache/ozone/hdds-annotation-processing/1.4.0-SNAPSHOT/hdds-annotation-processing-1.4.0-SNAPSHOT.jar:/home/runner/.m2/repository/javax/annotation/javax.annotation-api/1.2/javax.annotation-api-1.2.jar:/home/runner/.m2/repository/org/apache/ratis/ratis-netty/2.5.1/ratis-netty-2.5.1.jar:/home/runner/.m2/repository/org/apache/ratis/ratis-grpc/2.5.1/ratis-grpc-2.5.1.jar:/home/runner/.m2/repository/org/apache/commons/commons-pool2/2.6.0/commons-pool2-2.6.0.jar:/home/runner/.m2/repository/org/bouncycastle/bcpkix-jdk15on/1.67/bcpkix-jdk15on-1.67.jar:/home/runner/.m2/repository/commons-validator/commons-validator/1.6/commons-validator-1.6.jar:/home/runner/.m2/repository/commons-beanutils/commons-beanutils/1.9.4/commons-beanutils-1.9.4.jar:/home/runner/.m2/repository/commons-digester/commons-digester/1.8.1/commons-digester-1.8.1.jar:/home/runner/.m2/repository/commons-collections/commons-collections/3.2.2/commons-collections-3.2.2.jar:/home/runner/.m2/repository/io/jaegertracing/jaeger-client/1.6.0/jaeger-client-1.6.0.jar:/home/runner/.m2/repository/io/jaegertracing/jaeger-thrift/1.6.0/jaeger-thrift-1.6.0.jar:/home/runner/.m2/repository/org/apache/thrift/libthrift/0.14.1/libthrift-0.14.1.jar:/home/runner/.m2/repository/io/jaegertracing/jaeger-core/1.6.0/jaeger-core-1.6.0.jar:/home/runner/.m2/repository/io/jaegertracing/jaeger-tracerresolver/1.6.0/jaeger-tracerresolver-1.6.0.jar:/home/runner/.m2/repository/io/opentracing/contrib/opentracing-tracerresolver/0.1.8/opentracing-tracerresolver-0.1.8.jar:/home/runner/.m2/repository/org/jetbrains/kotlin/kotlin-stdlib/1.6.21/kotlin-stdlib-1.6.21.jar:/home/runner/.m2/repository/org/jetbrains/annotations/13.0/annotations-13.0.jar:/home/runner/.m2/repository/io/opentracing/opentracing-util/0.33.0/opentracing-util-0.33.0.jar:/home/runner/.m2/repository/io/opentracing/opentracing-api/0.33.0/opentracing-api-0.33.0.jar:/home/runner/.m2/repository/io/opentracing/opentracing-noop/0.33.0/opentracing-noop-0.33.0.jar:/home/runner/.m2/repository/org/yaml/snakeyaml/2.0/snakeyaml-2.0.jar:/home/runner/.m2/repository/io/grpc/grpc-api/1.51.1/grpc-api-1.51.1.jar:/home/runner/.m2/repository/io/grpc/grpc-context/1.51.1/grpc-context-1.51.1.jar:/home/runner/.m2/repository/junit/junit/4.13.1/junit-4.13.1.jar:/home/runner/.m2/repository/org/hamcrest/hamcrest-core/1.3/hamcrest-core-1.3.jar:/home/runner/.m2/repository/org/junit/jupiter/junit-jupiter-api/5.8.2/junit-jupiter-api-5.8.2.jar:/home/runner/.m2/repository/org/opentest4j/opentest4j/1.2.0/opentest4j-1.2.0.jar:/home/runner/.m2/repository/org/junit/platform/junit-platform-commons/1.8.2/junit-platform-commons-1.8.2.jar:/home/runner/.m2/repository/org/apiguardian/apiguardian-api/1.1.2/apiguardian-api-1.1.2.jar:/home/runner/.m2/repository/org/junit/jupiter/junit-jupiter-params/5.8.2/junit-jupiter-params-5.8.2.jar:/home/runner/.m2/repository/org/junit/jupiter/junit-jupiter-migrationsupport/5.8.2/junit-jupiter-migrationsupport-5.8.2.jar:/home/runner/.m2/repository/org/junit/jupiter/junit-jupiter-engine/5.8.2/junit-jupiter-engine-5.8.2.jar:/home/runner/.m2/repository/org/junit/platform/junit-platform-engine/1.8.2/junit-platform-engine-1.8.2.jar:/home/runner/.m2/repository/org/junit/vintage/junit-vintage-engine/5.8.2/junit-vintage-engine-5.8.2.jar:/home/runner/.m2/repository/org/junit/platform/junit-platform-launcher/1.8.2/junit-platform-launcher-1.8.2.jar:/home/runner/.m2/repository/org/mockito/mockito-core/3.5.9/mockito-core-3.5.9.jar:/home/runner/.m2/repository/net/bytebuddy/byte-buddy/1.10.13/byte-buddy-1.10.13.jar:/home/runner/.m2/repository/net/bytebuddy/byte-buddy-agent/1.10.13/byte-buddy-agent-1.10.13.jar:/home/runner/.m2/repository/org/objenesis/objenesis/1.0/objenesis-1.0.jar:/home/runner/.m2/repository/org/apache/hadoop/hadoop-kms/3.3.6/hadoop-kms-3.3.6.jar:/home/runner/.m2/repository/org/apache/hadoop/hadoop-auth/3.3.6/hadoop-auth-3.3.6.jar:/home/runner/.m2/repository/com/nimbusds/nimbus-jose-jwt/9.8.1/nimbus-jose-jwt-9.8.1.jar:/home/runner/.m2/repository/com/github/stephenc/jcip/jcip-annotations/1.0-1/jcip-annotations-1.0-1.jar:/home/runner/.m2/repository/org/apache/zookeeper/zookeeper/3.5.6/zookeeper-3.5.6.jar:/home/runner/.m2/repository/org/apache/zookeeper/zookeeper-jute/3.5.6/zookeeper-jute-3.5.6.jar:/home/runner/.m2/repository/org/apache/yetus/audience-annotations/0.5.0/audience-annotations-0.5.0.jar:/home/runner/.m2/repository/org/apache/curator/curator-framework/4.2.0/curator-framework-4.2.0.jar:/home/runner/.m2/repository/org/apache/hadoop/thirdparty/hadoop-shaded-guava/1.1.1/hadoop-shaded-guava-1.1.1.jar:/home/runner/.m2/repository/com/sun/jersey/jersey-core/1.19/jersey-core-1.19.jar:/home/runner/.m2/repository/javax/ws/rs/jsr311-api/1.1.1/jsr311-api-1.1.1.jar:/home/runner/.m2/repository/com/sun/jersey/jersey-server/1.19/jersey-server-1.19.jar:/home/runner/.m2/repository/javax/servlet/javax.servlet-api/3.1.0/javax.servlet-api-3.1.0.jar:/home/runner/.m2/repository/org/apache/hadoop/hadoop-common/3.3.6/hadoop-common-3.3.6.jar:/home/runner/.m2/repository/org/apache/commons/commons-math3/3.1.1/commons-math3-3.1.1.jar:/home/runner/.m2/repository/commons-net/commons-net/3.9.0/commons-net-3.9.0.jar:/home/runner/.m2/repository/com/sun/jersey/jersey-servlet/1.19/jersey-servlet-1.19.jar:/home/runner/.m2/repository/com/github/pjfanning/jersey-json/1.20/jersey-json-1.20.jar:/home/runner/.m2/repository/org/codehaus/jettison/jettison/1.1/jettison-1.1.jar:/home/runner/.m2/repository/com/sun/xml/bind/jaxb-impl/2.2.3-1/jaxb-impl-2.2.3-1.jar:/home/runner/.m2/repository/com/google/re2j/re2j/1.1/re2j-1.1.jar:/home/runner/.m2/repository/com/jcraft/jsch/0.1.54/jsch-0.1.54.jar:/home/runner/.m2/repository/org/apache/curator/curator-client/4.2.0/curator-client-4.2.0.jar:/home/runner/.m2/repository/org/apache/curator/curator-recipes/5.2.0/curator-recipes-5.2.0.jar:/home/runner/.m2/repository/org/apache/kerby/kerb-core/1.0.1/kerb-core-1.0.1.jar:/home/runner/.m2/repository/org/apache/kerby/kerby-pkix/1.0.1/kerby-pkix-1.0.1.jar:/home/runner/.m2/repository/org/apache/kerby/kerby-asn1/1.0.1/kerby-asn1-1.0.1.jar:/home/runner/.m2/repository/org/apache/kerby/kerby-util/1.0.1/kerby-util-1.0.1.jar:/home/runner/.m2/repository/dnsjava/dnsjava/2.1.7/dnsjava-2.1.7.jar:/home/runner/.m2/repository/org/xerial/snappy/snappy-java/1.1.8.2/snappy-java-1.1.8.2.jar:/home/runner/.m2/repository/com/fasterxml/jackson/core/jackson-databind/2.13.4.2/jackson-databind-2.13.4.2.jar:/home/runner/.m2/repository/org/apache/hadoop/hadoop-kms/3.3.6/hadoop-kms-3.3.6-tests.jar:/home/runner/.m2/repository/org/apache/ozone/hdds-server-scm/1.4.0-SNAPSHOT/hdds-server-scm-1.4.0-SNAPSHOT-tests.jar:/home/runner/.m2/repository/org/apache/ozone/hdds-container-service/1.4.0-SNAPSHOT/hdds-container-service-1.4.0-SNAPSHOT-tests.jar:/home/runner/.m2/repository/com/github/luben/zstd-jni/1.5.2-5/zstd-jni-1.5.2-5.jar:/home/runner/.m2/repository/commons-codec/commons-codec/1.15/commons-codec-1.15.jar:/home/runner/.m2/repository/io/netty/netty-codec/4.1.94.Final/netty-codec-4.1.94.Final.jar:/home/runner/.m2/repository/io/netty/netty-handler/4.1.94.Final/netty-handler-4.1.94.Final.jar:/home/runner/.m2/repository/org/apache/ozone/hdds-hadoop-dependency-test/1.4.0-SNAPSHOT/hdds-hadoop-dependency-test-1.4.0-SNAPSHOT.jar:/home/runner/.m2/repository/org/apache/hadoop/hadoop-common/3.3.6/hadoop-common-3.3.6-tests.jar:/home/runner/.m2/repository/org/apache/hadoop/hadoop-hdfs/3.3.6/hadoop-hdfs-3.3.6-tests.jar:/home/runner/.m2/repository/org/assertj/assertj-core/3.12.2/assertj-core-3.12.2.jar:/home/runner/.m2/repository/org/apache/hadoop/hadoop-distcp/3.3.6/hadoop-distcp-3.3.6.jar:/home/runner/.m2/repository/org/apache/hadoop/hadoop-mapreduce-client-jobclient/3.3.6/hadoop-mapreduce-client-jobclient-3.3.6.jar:/home/runner/.m2/repository/org/apache/hadoop/hadoop-mapreduce-client-common/3.3.6/hadoop-mapreduce-client-common-3.3.6.jar:/home/runner/.m2/repository/org/apache/hadoop/hadoop-yarn-common/3.3.6/hadoop-yarn-common-3.3.6.jar:/home/runner/.m2/repository/org/apache/hadoop/hadoop-yarn-api/3.3.6/hadoop-yarn-api-3.3.6.jar:/home/runner/.m2/repository/com/sun/jersey/contribs/jersey-guice/1.19/jersey-guice-1.19.jar:/home/runner/.m2/repository/com/fasterxml/jackson/jaxrs/jackson-jaxrs-json-provider/2.13.4/jackson-jaxrs-json-provider-2.13.4.jar:/home/runner/.m2/repository/com/fasterxml/jackson/jaxrs/jackson-jaxrs-base/2.13.4/jackson-jaxrs-base-2.13.4.jar:/home/runner/.m2/repository/org/apache/hadoop/hadoop-yarn-client/3.3.6/hadoop-yarn-client-3.3.6.jar:/home/runner/.m2/repository/org/eclipse/jetty/websocket/websocket-client/9.4.51.v20230217/websocket-client-9.4.51.v20230217.jar:/home/runner/.m2/repository/org/eclipse/jetty/websocket/websocket-common/9.4.51.v20230217/websocket-common-9.4.51.v20230217.jar:/home/runner/.m2/repository/org/eclipse/jetty/websocket/websocket-api/9.4.51.v20230217/websocket-api-9.4.51.v20230217.jar:/home/runner/.m2/repository/org/jline/jline/3.9.0/jline-3.9.0.jar:/home/runner/.m2/repository/org/apache/hadoop/hadoop-mapreduce-client-core/3.3.6/hadoop-mapreduce-client-core-3.3.6.jar:/home/runner/.m2/repository/org/apache/avro/avro/1.7.7/avro-1.7.7.jar:/home/runner/.m2/repository/com/thoughtworks/paranamer/paranamer/2.3/paranamer-2.3.jar:/home/runner/.m2/repository/org/apache/hadoop/hadoop-annotations/3.3.6/hadoop-annotations-3.3.6.jar:/usr/lib/jvm/temurin-8-jdk-amd64/jre/../lib/tools.jar:/home/runner/.m2/repository/io/netty/netty/3.10.6.Final/netty-3.10.6.Final.jar:/home/runner/.m2/repository/org/apache/hadoop/hadoop-distcp/3.3.6/hadoop-distcp-3.3.6-tests.jar:/home/runner/.m2/repository/org/slf4j/jul-to-slf4j/1.7.36/jul-to-slf4j-1.7.36.jar:"/>
    <property name="java.vm.vendor" value="Temurin"/>
    <property name="sun.arch.data.model" value="64"/>
    <property name="test.build.dir" value="/home/runner/work/ozone/ozone/hadoop-ozone/integration-test/target/test-dir"/>
    <property name="test.cache.data" value=""/>
    <property name="java.vendor.url" value="https://adoptium.net/"/>
    <property name="user.timezone" value="Etc/UTC"/>
    <property name="java.vm.specification.version" value="1.8"/>
    <property name="os.name" value="Linux"/>
    <property name="test.build.data" value="/home/runner/work/ozone/ozone/hadoop-ozone/integration-test/target/test-dir"/>
    <property name="sun.java.launcher" value="SUN_STANDARD"/>
    <property name="sun.boot.library.path" value="/usr/lib/jvm/temurin-8-jdk-amd64/jre/lib/amd64"/>
    <property name="sun.java.command" value="/home/runner/work/ozone/ozone/hadoop-ozone/integration-test/target/surefire/surefirebooter2763012057659243680.jar /home/runner/work/ozone/ozone/hadoop-ozone/integration-test/target/surefire 2023-08-25T10-56-01_651-jvmRun1 surefire7393986332899930497tmp surefire_211824153515214985392tmp"/>
    <property name="native.lib.tmp.dir" value="/tmp"/>
    <property name="surefire.test.class.path" value="/home/runner/work/ozone/ozone/hadoop-ozone/integration-test/target/test-classes:/home/runner/work/ozone/ozone/hadoop-ozone/integration-test/target/classes:/home/runner/.m2/repository/org/apache/ozone/ozone-common/1.4.0-SNAPSHOT/ozone-common-1.4.0-SNAPSHOT.jar:/home/runner/.m2/repository/io/grpc/grpc-netty/1.51.1/grpc-netty-1.51.1.jar:/home/runner/.m2/repository/io/grpc/grpc-core/1.51.1/grpc-core-1.51.1.jar:/home/runner/.m2/repository/com/google/android/annotations/4.1.1.4/annotations-4.1.1.4.jar:/home/runner/.m2/repository/org/codehaus/mojo/animal-sniffer-annotations/1.21/animal-sniffer-annotations-1.21.jar:/home/runner/.m2/repository/com/google/errorprone/error_prone_annotations/2.2.0/error_prone_annotations-2.2.0.jar:/home/runner/.m2/repository/io/perfmark/perfmark-api/0.25.0/perfmark-api-0.25.0.jar:/home/runner/.m2/repository/io/netty/netty-codec-http2/4.1.94.Final/netty-codec-http2-4.1.94.Final.jar:/home/runner/.m2/repository/io/netty/netty-common/4.1.94.Final/netty-common-4.1.94.Final.jar:/home/runner/.m2/repository/io/netty/netty-buffer/4.1.94.Final/netty-buffer-4.1.94.Final.jar:/home/runner/.m2/repository/io/netty/netty-codec-http/4.1.94.Final/netty-codec-http-4.1.94.Final.jar:/home/runner/.m2/repository/io/netty/netty-handler-proxy/4.1.94.Final/netty-handler-proxy-4.1.94.Final.jar:/home/runner/.m2/repository/io/netty/netty-codec-socks/4.1.94.Final/netty-codec-socks-4.1.94.Final.jar:/home/runner/.m2/repository/io/netty/netty-tcnative-boringssl-static/2.0.61.Final/netty-tcnative-boringssl-static-2.0.61.Final.jar:/home/runner/.m2/repository/io/netty/netty-tcnative-classes/2.0.61.Final/netty-tcnative-classes-2.0.61.Final.jar:/home/runner/.m2/repository/io/netty/netty-tcnative-boringssl-static/2.0.61.Final/netty-tcnative-boringssl-static-2.0.61.Final-linux-x86_64.jar:/home/runner/.m2/repository/io/netty/netty-tcnative-boringssl-static/2.0.61.Final/netty-tcnative-boringssl-static-2.0.61.Final-linux-aarch_64.jar:/home/runner/.m2/repository/io/netty/netty-tcnative-boringssl-static/2.0.61.Final/netty-tcnative-boringssl-static-2.0.61.Final-osx-x86_64.jar:/home/runner/.m2/repository/io/netty/netty-tcnative-boringssl-static/2.0.61.Final/netty-tcnative-boringssl-static-2.0.61.Final-osx-aarch_64.jar:/home/runner/.m2/repository/io/netty/netty-tcnative-boringssl-static/2.0.61.Final/netty-tcnative-boringssl-static-2.0.61.Final-windows-x86_64.jar:/home/runner/.m2/repository/org/apache/commons/commons-compress/1.21/commons-compress-1.21.jar:/home/runner/.m2/repository/org/apache/ozone/hdds-common/1.4.0-SNAPSHOT/hdds-common-1.4.0-SNAPSHOT.jar:/home/runner/.m2/repository/org/apache/ozone/hdds-client/1.4.0-SNAPSHOT/hdds-client-1.4.0-SNAPSHOT.jar:/home/runner/.m2/repository/org/apache/ozone/ozone-interface-client/1.4.0-SNAPSHOT/ozone-interface-client-1.4.0-SNAPSHOT.jar:/home/runner/.m2/repository/org/apache/hadoop/hadoop-hdfs-client/3.3.6/hadoop-hdfs-client-3.3.6.jar:/home/runner/.m2/repository/com/squareup/okhttp3/okhttp/4.9.3/okhttp-4.9.3.jar:/home/runner/.m2/repository/com/squareup/okio/okio/3.4.0/okio-3.4.0.jar:/home/runner/.m2/repository/com/squareup/okio/okio-jvm/3.4.0/okio-jvm-3.4.0.jar:/home/runner/.m2/repository/org/jetbrains/kotlin/kotlin-stdlib-jdk8/1.8.0/kotlin-stdlib-jdk8-1.8.0.jar:/home/runner/.m2/repository/org/jetbrains/kotlin/kotlin-stdlib-jdk7/1.8.0/kotlin-stdlib-jdk7-1.8.0.jar:/home/runner/.m2/repository/org/jetbrains/kotlin/kotlin-stdlib-common/1.6.21/kotlin-stdlib-common-1.6.21.jar:/home/runner/.m2/repository/org/apache/ozone/hdds-test-utils/1.4.0-SNAPSHOT/hdds-test-utils-1.4.0-SNAPSHOT.jar:/home/runner/.m2/repository/com/google/guava/guava/32.0.0-jre/guava-32.0.0-jre.jar:/home/runner/.m2/repository/com/google/guava/failureaccess/1.0.1/failureaccess-1.0.1.jar:/home/runner/.m2/repository/com/google/guava/listenablefuture/9999.0-empty-to-avoid-conflict-with-guava/listenablefuture-9999.0-empty-to-avoid-conflict-with-guava.jar:/home/runner/.m2/repository/com/google/code/findbugs/jsr305/3.0.0/jsr305-3.0.0.jar:/home/runner/.m2/repository/org/checkerframework/checker-qual/3.33.0/checker-qual-3.33.0.jar:/home/runner/.m2/repository/com/google/j2objc/j2objc-annotations/2.8/j2objc-annotations-2.8.jar:/home/runner/.m2/repository/commons-io/commons-io/2.11.0/commons-io-2.11.0.jar:/home/runner/.m2/repository/commons-logging/commons-logging/1.2/commons-logging-1.2.jar:/home/runner/.m2/repository/ch/qos/reload4j/reload4j/1.2.22/reload4j-1.2.22.jar:/home/runner/.m2/repository/org/slf4j/slf4j-api/1.7.36/slf4j-api-1.7.36.jar:/home/runner/.m2/repository/org/apache/logging/log4j/log4j-api/2.17.1/log4j-api-2.17.1.jar:/home/runner/.m2/repository/org/apache/ozone/hdds-server-scm/1.4.0-SNAPSHOT/hdds-server-scm-1.4.0-SNAPSHOT.jar:/home/runner/.m2/repository/org/apache/ozone/hdds-container-service/1.4.0-SNAPSHOT/hdds-container-service-1.4.0-SNAPSHOT.jar:/home/runner/.m2/repository/org/apache/ozone/hdds-hadoop-dependency-server/1.4.0-SNAPSHOT/hdds-hadoop-dependency-server-1.4.0-SNAPSHOT.jar:/home/runner/.m2/repository/org/apache/hadoop/hadoop-hdfs/3.3.6/hadoop-hdfs-3.3.6.jar:/home/runner/.m2/repository/commons-daemon/commons-daemon/1.0.13/commons-daemon-1.0.13.jar:/home/runner/.m2/repository/org/apache/ozone/hdds-server-framework/1.4.0-SNAPSHOT/hdds-server-framework-1.4.0-SNAPSHOT.jar:/home/runner/.m2/repository/io/dropwizard/metrics/metrics-core/3.2.4/metrics-core-3.2.4.jar:/home/runner/.m2/repository/org/apache/commons/commons-text/1.10.0/commons-text-1.10.0.jar:/home/runner/.m2/repository/org/bouncycastle/bcprov-jdk15on/1.67/bcprov-jdk15on-1.67.jar:/home/runner/.m2/repository/com/google/protobuf/protobuf-java/2.5.0/protobuf-java-2.5.0.jar:/home/runner/.m2/repository/org/apache/ozone/hdds-server-framework/1.4.0-SNAPSHOT/hdds-server-framework-1.4.0-SNAPSHOT-tests.jar:/home/runner/.m2/repository/org/apache/ozone/hdds-interface-server/1.4.0-SNAPSHOT/hdds-interface-server-1.4.0-SNAPSHOT.jar:/home/runner/.m2/repository/org/apache/ozone/hdds-interface-admin/1.4.0-SNAPSHOT/hdds-interface-admin-1.4.0-SNAPSHOT.jar:/home/runner/.m2/repository/org/apache/ozone/hdds-managed-rocksdb/1.4.0-SNAPSHOT/hdds-managed-rocksdb-1.4.0-SNAPSHOT.jar:/home/runner/.m2/repository/org/rocksdb/rocksdbjni/7.7.3/rocksdbjni-7.7.3.jar:/home/runner/.m2/repository/org/slf4j/slf4j-reload4j/1.7.36/slf4j-reload4j-1.7.36.jar:/home/runner/.m2/repository/org/apache/commons/commons-configuration2/2.1.1/commons-configuration2-2.1.1.jar:/home/runner/.m2/repository/commons-fileupload/commons-fileupload/1.5/commons-fileupload-1.5.jar:/home/runner/.m2/repository/org/apache/logging/log4j/log4j-core/2.17.1/log4j-core-2.17.1.jar:/home/runner/.m2/repository/com/lmax/disruptor/3.4.2/disruptor-3.4.2.jar:/home/runner/.m2/repository/org/eclipse/jetty/jetty-util/9.4.51.v20230217/jetty-util-9.4.51.v20230217.jar:/home/runner/.m2/repository/org/eclipse/jetty/jetty-server/9.4.51.v20230217/jetty-server-9.4.51.v20230217.jar:/home/runner/.m2/repository/org/eclipse/jetty/jetty-http/9.4.51.v20230217/jetty-http-9.4.51.v20230217.jar:/home/runner/.m2/repository/org/eclipse/jetty/jetty-io/9.4.51.v20230217/jetty-io-9.4.51.v20230217.jar:/home/runner/.m2/repository/org/eclipse/jetty/jetty-servlet/9.4.51.v20230217/jetty-servlet-9.4.51.v20230217.jar:/home/runner/.m2/repository/org/eclipse/jetty/jetty-security/9.4.51.v20230217/jetty-security-9.4.51.v20230217.jar:/home/runner/.m2/repository/org/eclipse/jetty/jetty-util-ajax/9.4.51.v20230217/jetty-util-ajax-9.4.51.v20230217.jar:/home/runner/.m2/repository/org/eclipse/jetty/jetty-webapp/9.4.51.v20230217/jetty-webapp-9.4.51.v20230217.jar:/home/runner/.m2/repository/org/eclipse/jetty/jetty-xml/9.4.51.v20230217/jetty-xml-9.4.51.v20230217.jar:/home/runner/.m2/repository/org/apache/ratis/ratis-server/2.5.1/ratis-server-2.5.1.jar:/home/runner/.m2/repository/org/apache/ratis/ratis-thirdparty-misc/1.0.4/ratis-thirdparty-misc-1.0.4.jar:/home/runner/.m2/repository/org/apache/ratis/ratis-proto/2.5.1/ratis-proto-2.5.1.jar:/home/runner/.m2/repository/org/apache/ratis/ratis-common/2.5.1/ratis-common-2.5.1.jar:/home/runner/.m2/repository/org/apache/ratis/ratis-client/2.5.1/ratis-client-2.5.1.jar:/home/runner/.m2/repository/org/apache/ratis/ratis-server-api/2.5.1/ratis-server-api-2.5.1.jar:/home/runner/.m2/repository/org/apache/ratis/ratis-metrics/2.5.1/ratis-metrics-2.5.1.jar:/home/runner/.m2/repository/io/prometheus/simpleclient_dropwizard/0.7.0/simpleclient_dropwizard-0.7.0.jar:/home/runner/.m2/repository/io/prometheus/simpleclient/0.7.0/simpleclient-0.7.0.jar:/home/runner/.m2/repository/io/prometheus/simpleclient_common/0.7.0/simpleclient_common-0.7.0.jar:/home/runner/.m2/repository/com/fasterxml/jackson/datatype/jackson-datatype-jsr310/2.13.4/jackson-datatype-jsr310-2.13.4.jar:/home/runner/.m2/repository/com/fasterxml/jackson/core/jackson-core/2.13.4/jackson-core-2.13.4.jar:/home/runner/.m2/repository/com/github/spotbugs/spotbugs-annotations/3.1.12/spotbugs-annotations-3.1.12.jar:/home/runner/.m2/repository/org/apache/ozone/rocksdb-checkpoint-differ/1.4.0-SNAPSHOT/rocksdb-checkpoint-differ-1.4.0-SNAPSHOT.jar:/home/runner/.m2/repository/org/jgrapht/jgrapht-core/1.0.1/jgrapht-core-1.0.1.jar:/home/runner/.m2/repository/org/jgrapht/jgrapht-ext/1.0.1/jgrapht-ext-1.0.1.jar:/home/runner/.m2/repository/org/tinyjee/jgraphx/jgraphx/2.0.0.1/jgraphx-2.0.0.1.jar:/home/runner/.m2/repository/jgraph/jgraph/5.13.0.0/jgraph-5.13.0.0.jar:/home/runner/.m2/repository/org/antlr/antlr4-runtime/4.5.3/antlr4-runtime-4.5.3.jar:/home/runner/.m2/repository/org/awaitility/awaitility/4.2.0/awaitility-4.2.0.jar:/home/runner/.m2/repository/org/hamcrest/hamcrest/2.1/hamcrest-2.1.jar:/home/runner/.m2/repository/org/apache/ozone/ozone-manager/1.4.0-SNAPSHOT/ozone-manager-1.4.0-SNAPSHOT.jar:/home/runner/.m2/repository/org/aspectj/aspectjrt/1.9.7/aspectjrt-1.9.7.jar:/home/runner/.m2/repository/org/aspectj/aspectjweaver/1.9.7/aspectjweaver-1.9.7.jar:/home/runner/.m2/repository/org/apache/ozone/hdds-interface-client/1.4.0-SNAPSHOT/hdds-interface-client-1.4.0-SNAPSHOT.jar:/home/runner/.m2/repository/org/apache/hadoop/thirdparty/hadoop-shaded-protobuf_3_7/1.1.1/hadoop-shaded-protobuf_3_7-1.1.1.jar:/home/runner/.m2/repository/org/apache/ozone/ozone-interface-storage/1.4.0-SNAPSHOT/ozone-interface-storage-1.4.0-SNAPSHOT.jar:/home/runner/.m2/repository/org/reflections/reflections/0.9.11/reflections-0.9.11.jar:/home/runner/.m2/repository/com/sun/jersey/jersey-client/1.19/jersey-client-1.19.jar:/home/runner/.m2/repository/org/codehaus/jackson/jackson-core-asl/1.9.13/jackson-core-asl-1.9.13.jar:/home/runner/.m2/repository/org/codehaus/jackson/jackson-mapper-asl/1.9.13/jackson-mapper-asl-1.9.13.jar:/home/runner/.m2/repository/org/codehaus/jackson/jackson-jaxrs/1.9.13/jackson-jaxrs-1.9.13.jar:/home/runner/.m2/repository/org/apache/ranger/ranger-intg/2.3.0/ranger-intg-2.3.0.jar:/home/runner/.m2/repository/org/apache/ranger/ranger-plugins-common/2.3.0/ranger-plugins-common-2.3.0.jar:/home/runner/.m2/repository/commons-lang/commons-lang/2.6/commons-lang-2.6.jar:/home/runner/.m2/repository/org/apache/ranger/ranger-plugins-cred/2.3.0/ranger-plugins-cred-2.3.0.jar:/home/runner/.m2/repository/org/apache/ranger/ranger-plugins-audit/2.3.0/ranger-plugins-audit-2.3.0.jar:/home/runner/.m2/repository/org/eclipse/jetty/jetty-client/9.4.51.v20230217/jetty-client-9.4.51.v20230217.jar:/home/runner/.m2/repository/org/apache/httpcomponents/httpmime/4.5.6/httpmime-4.5.6.jar:/home/runner/.m2/repository/org/apache/httpcomponents/httpcore-nio/4.4.13/httpcore-nio-4.4.13.jar:/home/runner/.m2/repository/org/apache/httpcomponents/httpasyncclient/4.1.3/httpasyncclient-4.1.3.jar:/home/runner/.m2/repository/com/carrotsearch/hppc/0.8.0/hppc-0.8.0.jar:/home/runner/.m2/repository/org/apache/orc/orc-core/1.5.8/orc-core-1.5.8.jar:/home/runner/.m2/repository/net/java/dev/jna/jna/5.2.0/jna-5.2.0.jar:/home/runner/.m2/repository/net/java/dev/jna/jna-platform/5.2.0/jna-platform-5.2.0.jar:/home/runner/.m2/repository/com/kstruct/gethostname4j/0.0.2/gethostname4j-0.0.2.jar:/home/runner/.m2/repository/org/apache/ranger/ranger-plugin-classloader/2.3.0/ranger-plugin-classloader-2.3.0.jar:/home/runner/.m2/repository/org/apache/ozone/hdds-rocks-native/1.4.0-SNAPSHOT/hdds-rocks-native-1.4.0-SNAPSHOT.jar:/home/runner/.m2/repository/org/apache/hadoop/hadoop-minikdc/3.3.6/hadoop-minikdc-3.3.6.jar:/home/runner/.m2/repository/org/apache/kerby/kerb-simplekdc/1.0.1/kerb-simplekdc-1.0.1.jar:/home/runner/.m2/repository/org/apache/kerby/kerb-client/1.0.1/kerb-client-1.0.1.jar:/home/runner/.m2/repository/org/apache/kerby/kerby-config/1.0.1/kerby-config-1.0.1.jar:/home/runner/.m2/repository/org/apache/kerby/kerb-common/1.0.1/kerb-common-1.0.1.jar:/home/runner/.m2/repository/org/apache/kerby/kerb-crypto/1.0.1/kerb-crypto-1.0.1.jar:/home/runner/.m2/repository/org/apache/kerby/kerb-util/1.0.1/kerb-util-1.0.1.jar:/home/runner/.m2/repository/org/apache/kerby/token-provider/1.0.1/token-provider-1.0.1.jar:/home/runner/.m2/repository/org/apache/kerby/kerb-admin/1.0.1/kerb-admin-1.0.1.jar:/home/runner/.m2/repository/org/apache/kerby/kerb-server/1.0.1/kerb-server-1.0.1.jar:/home/runner/.m2/repository/org/apache/kerby/kerb-identity/1.0.1/kerb-identity-1.0.1.jar:/home/runner/.m2/repository/org/apache/kerby/kerby-xdr/1.0.1/kerby-xdr-1.0.1.jar:/home/runner/.m2/repository/org/apache/ozone/ozone-s3gateway/1.4.0-SNAPSHOT/ozone-s3gateway-1.4.0-SNAPSHOT.jar:/home/runner/.m2/repository/org/javassist/javassist/3.21.0-GA/javassist-3.21.0-GA.jar:/home/runner/.m2/repository/org/jboss/weld/servlet/weld-servlet-shaded/3.1.9.Final/weld-servlet-shaded-3.1.9.Final.jar:/home/runner/.m2/repository/org/glassfish/jersey/containers/jersey-container-servlet-core/2.34/jersey-container-servlet-core-2.34.jar:/home/runner/.m2/repository/org/glassfish/hk2/external/jakarta.inject/2.6.1/jakarta.inject-2.6.1.jar:/home/runner/.m2/repository/org/glassfish/jersey/core/jersey-common/2.34/jersey-common-2.34.jar:/home/runner/.m2/repository/jakarta/ws/rs/jakarta.ws.rs-api/2.1.6/jakarta.ws.rs-api-2.1.6.jar:/home/runner/.m2/repository/org/glassfish/jersey/ext/cdi/jersey-cdi1x/2.34/jersey-cdi1x-2.34.jar:/home/runner/.m2/repository/org/glassfish/jersey/inject/jersey-hk2/2.34/jersey-hk2-2.34.jar:/home/runner/.m2/repository/org/glassfish/hk2/hk2-locator/2.6.1/hk2-locator-2.6.1.jar:/home/runner/.m2/repository/org/glassfish/jersey/media/jersey-media-jaxb/2.34/jersey-media-jaxb-2.34.jar:/home/runner/.m2/repository/org/glassfish/hk2/osgi-resource-locator/1.0.3/osgi-resource-locator-1.0.3.jar:/home/runner/.m2/repository/org/glassfish/hk2/hk2-api/2.5.0/hk2-api-2.5.0.jar:/home/runner/.m2/repository/org/glassfish/hk2/hk2-utils/2.5.0/hk2-utils-2.5.0.jar:/home/runner/.m2/repository/org/glassfish/hk2/external/aopalliance-repackaged/2.5.0/aopalliance-repackaged-2.5.0.jar:/home/runner/.m2/repository/com/fasterxml/jackson/dataformat/jackson-dataformat-xml/2.13.4/jackson-dataformat-xml-2.13.4.jar:/home/runner/.m2/repository/org/codehaus/woodstox/stax2-api/4.2.1/stax2-api-4.2.1.jar:/home/runner/.m2/repository/com/fasterxml/woodstox/woodstox-core/5.4.0/woodstox-core-5.4.0.jar:/home/runner/.m2/repository/com/fasterxml/jackson/module/jackson-module-jaxb-annotations/2.13.4/jackson-module-jaxb-annotations-2.13.4.jar:/home/runner/.m2/repository/jakarta/xml/bind/jakarta.xml.bind-api/2.3.3/jakarta.xml.bind-api-2.3.3.jar:/home/runner/.m2/repository/jakarta/activation/jakarta.activation-api/1.2.2/jakarta.activation-api-1.2.2.jar:/home/runner/.m2/repository/javax/enterprise/cdi-api/2.0/cdi-api-2.0.jar:/home/runner/.m2/repository/javax/el/javax.el-api/3.0.0/javax.el-api-3.0.0.jar:/home/runner/.m2/repository/javax/interceptor/javax.interceptor-api/1.2/javax.interceptor-api-1.2.jar:/home/runner/.m2/repository/javax/inject/javax.inject/1/javax.inject-1.jar:/home/runner/.m2/repository/javax/xml/bind/jaxb-api/2.3.0/jaxb-api-2.3.0.jar:/home/runner/.m2/repository/org/glassfish/jaxb/jaxb-runtime/2.3.0.1/jaxb-runtime-2.3.0.1.jar:/home/runner/.m2/repository/org/glassfish/jaxb/jaxb-core/2.3.0.1/jaxb-core-2.3.0.1.jar:/home/runner/.m2/repository/org/glassfish/jaxb/txw2/2.3.0.1/txw2-2.3.0.1.jar:/home/runner/.m2/repository/com/sun/istack/istack-commons-runtime/3.0.5/istack-commons-runtime-3.0.5.jar:/home/runner/.m2/repository/org/jvnet/staxex/stax-ex/1.7.8/stax-ex-1.7.8.jar:/home/runner/.m2/repository/com/sun/xml/fastinfoset/FastInfoset/1.2.13/FastInfoset-1.2.13.jar:/home/runner/.m2/repository/javax/activation/activation/1.1.1/activation-1.1.1.jar:/home/runner/.m2/repository/io/grpc/grpc-protobuf/1.51.1/grpc-protobuf-1.51.1.jar:/home/runner/.m2/repository/com/google/api/grpc/proto-google-common-protos/2.9.0/proto-google-common-protos-2.9.0.jar:/home/runner/.m2/repository/io/grpc/grpc-protobuf-lite/1.51.1/grpc-protobuf-lite-1.51.1.jar:/home/runner/.m2/repository/io/grpc/grpc-stub/1.51.1/grpc-stub-1.51.1.jar:/home/runner/.m2/repository/io/netty/netty-transport/4.1.94.Final/netty-transport-4.1.94.Final.jar:/home/runner/.m2/repository/io/netty/netty-resolver/4.1.94.Final/netty-resolver-4.1.94.Final.jar:/home/runner/.m2/repository/org/apache/ozone/ozone-csi/1.4.0-SNAPSHOT/ozone-csi-1.4.0-SNAPSHOT.jar:/home/runner/.m2/repository/com/google/protobuf/protobuf-java-util/3.19.6/protobuf-java-util-3.19.6.jar:/home/runner/.m2/repository/com/google/code/gson/gson/2.9.0/gson-2.9.0.jar:/home/runner/.m2/repository/org/apache/ozone/hdds-config/1.4.0-SNAPSHOT/hdds-config-1.4.0-SNAPSHOT.jar:/home/runner/.m2/repository/io/netty/netty-transport-native-epoll/4.1.94.Final/netty-transport-native-epoll-4.1.94.Final-linux-x86_64.jar:/home/runner/.m2/repository/io/netty/netty-transport-classes-epoll/4.1.94.Final/netty-transport-classes-epoll-4.1.94.Final.jar:/home/runner/.m2/repository/io/netty/netty-transport-native-unix-common/4.1.94.Final/netty-transport-native-unix-common-4.1.94.Final.jar:/home/runner/.m2/repository/org/apache/ozone/ozone-recon/1.4.0-SNAPSHOT/ozone-recon-1.4.0-SNAPSHOT.jar:/home/runner/.m2/repository/org/apache/ozone/ozone-reconcodegen/1.4.0-SNAPSHOT/ozone-reconcodegen-1.4.0-SNAPSHOT.jar:/home/runner/.m2/repository/com/google/inject/guice/5.1.0/guice-5.1.0.jar:/home/runner/.m2/repository/aopalliance/aopalliance/1.0/aopalliance-1.0.jar:/home/runner/.m2/repository/com/google/inject/extensions/guice-assistedinject/5.1.0/guice-assistedinject-5.1.0.jar:/home/runner/.m2/repository/com/google/inject/extensions/guice-servlet/5.1.0/guice-servlet-5.1.0.jar:/home/runner/.m2/repository/org/glassfish/jersey/containers/jersey-container-servlet/2.34/jersey-container-servlet-2.34.jar:/home/runner/.m2/repository/org/glassfish/hk2/guice-bridge/2.5.0/guice-bridge-2.5.0.jar:/home/runner/.m2/repository/org/glassfish/jersey/core/jersey-server/2.34/jersey-server-2.34.jar:/home/runner/.m2/repository/org/glassfish/jersey/core/jersey-client/2.34/jersey-client-2.34.jar:/home/runner/.m2/repository/jakarta/annotation/jakarta.annotation-api/1.3.5/jakarta.annotation-api-1.3.5.jar:/home/runner/.m2/repository/jakarta/validation/jakarta.validation-api/2.0.2/jakarta.validation-api-2.0.2.jar:/home/runner/.m2/repository/org/glassfish/jersey/media/jersey-media-json-jackson/2.34/jersey-media-json-jackson-2.34.jar:/home/runner/.m2/repository/org/glassfish/jersey/ext/jersey-entity-filtering/2.34/jersey-entity-filtering-2.34.jar:/home/runner/.m2/repository/org/jooq/jooq/3.11.10/jooq-3.11.10.jar:/home/runner/.m2/repository/org/jooq/jooq-meta/3.11.10/jooq-meta-3.11.10.jar:/home/runner/.m2/repository/org/jooq/jooq-codegen/3.11.10/jooq-codegen-3.11.10.jar:/home/runner/.m2/repository/com/jolbox/bonecp/0.8.0.RELEASE/bonecp-0.8.0.RELEASE.jar:/home/runner/.m2/repository/org/apache/derby/derby/10.14.2.0/derby-10.14.2.0.jar:/home/runner/.m2/repository/org/xerial/sqlite-jdbc/3.41.2.2/sqlite-jdbc-3.41.2.2.jar:/home/runner/.m2/repository/org/springframework/spring-jdbc/5.3.27/spring-jdbc-5.3.27.jar:/home/runner/.m2/repository/org/springframework/spring-beans/5.3.27/spring-beans-5.3.27.jar:/home/runner/.m2/repository/org/springframework/spring-core/5.3.27/spring-core-5.3.27.jar:/home/runner/.m2/repository/org/springframework/spring-tx/5.3.27/spring-tx-5.3.27.jar:/home/runner/.m2/repository/org/apache/ozone/ozone-client/1.4.0-SNAPSHOT/ozone-client-1.4.0-SNAPSHOT.jar:/home/runner/.m2/repository/org/apache/ozone/hdds-erasurecode/1.4.0-SNAPSHOT/hdds-erasurecode-1.4.0-SNAPSHOT.jar:/home/runner/.m2/repository/org/apache/ozone/ozone-filesystem/1.4.0-SNAPSHOT/ozone-filesystem-1.4.0-SNAPSHOT.jar:/home/runner/.m2/repository/org/apache/ozone/ozone-filesystem-common/1.4.0-SNAPSHOT/ozone-filesystem-common-1.4.0-SNAPSHOT.jar:/home/runner/.m2/repository/org/apache/ozone/ozone-tools/1.4.0-SNAPSHOT/ozone-tools-1.4.0-SNAPSHOT.jar:/home/runner/.m2/repository/com/amazonaws/aws-java-sdk-core/1.12.261/aws-java-sdk-core-1.12.261.jar:/home/runner/.m2/repository/org/apache/httpcomponents/httpclient/4.5.13/httpclient-4.5.13.jar:/home/runner/.m2/repository/org/apache/httpcomponents/httpcore/4.4.13/httpcore-4.4.13.jar:/home/runner/.m2/repository/software/amazon/ion/ion-java/1.0.2/ion-java-1.0.2.jar:/home/runner/.m2/repository/com/fasterxml/jackson/dataformat/jackson-dataformat-cbor/2.13.4/jackson-dataformat-cbor-2.13.4.jar:/home/runner/.m2/repository/joda-time/joda-time/2.10.6/joda-time-2.10.6.jar:/home/runner/.m2/repository/com/amazonaws/aws-java-sdk-s3/1.12.261/aws-java-sdk-s3-1.12.261.jar:/home/runner/.m2/repository/com/amazonaws/aws-java-sdk-kms/1.12.261/aws-java-sdk-kms-1.12.261.jar:/home/runner/.m2/repository/com/amazonaws/jmespath-java/1.12.261/jmespath-java-1.12.261.jar:/home/runner/.m2/repository/org/kohsuke/metainf-services/metainf-services/1.8/metainf-services-1.8.jar:/home/runner/.m2/repository/org/apache/ozone/hdds-tools/1.4.0-SNAPSHOT/hdds-tools-1.4.0-SNAPSHOT.jar:/home/runner/.m2/repository/org/apache/ratis/ratis-tools/2.5.1/ratis-tools-2.5.1.jar:/home/runner/.m2/repository/commons-cli/commons-cli/1.2/commons-cli-1.2.jar:/home/runner/.m2/repository/org/apache/commons/commons-lang3/3.7/commons-lang3-3.7.jar:/home/runner/.m2/repository/org/apache/ozone/ozone-manager/1.4.0-SNAPSHOT/ozone-manager-1.4.0-SNAPSHOT-tests.jar:/home/runner/.m2/repository/org/apache/ozone/hdds-common/1.4.0-SNAPSHOT/hdds-common-1.4.0-SNAPSHOT-tests.jar:/home/runner/.m2/repository/org/apache/ozone/hdds-hadoop-dependency-client/1.4.0-SNAPSHOT/hdds-hadoop-dependency-client-1.4.0-SNAPSHOT.jar:/home/runner/.m2/repository/info/picocli/picocli/4.6.1/picocli-4.6.1.jar:/home/runner/.m2/repository/com/fasterxml/jackson/core/jackson-annotations/2.13.4/jackson-annotations-2.13.4.jar:/home/runner/.m2/repository/org/apache/ozone/hdds-annotation-processing/1.4.0-SNAPSHOT/hdds-annotation-processing-1.4.0-SNAPSHOT.jar:/home/runner/.m2/repository/javax/annotation/javax.annotation-api/1.2/javax.annotation-api-1.2.jar:/home/runner/.m2/repository/org/apache/ratis/ratis-netty/2.5.1/ratis-netty-2.5.1.jar:/home/runner/.m2/repository/org/apache/ratis/ratis-grpc/2.5.1/ratis-grpc-2.5.1.jar:/home/runner/.m2/repository/org/apache/commons/commons-pool2/2.6.0/commons-pool2-2.6.0.jar:/home/runner/.m2/repository/org/bouncycastle/bcpkix-jdk15on/1.67/bcpkix-jdk15on-1.67.jar:/home/runner/.m2/repository/commons-validator/commons-validator/1.6/commons-validator-1.6.jar:/home/runner/.m2/repository/commons-beanutils/commons-beanutils/1.9.4/commons-beanutils-1.9.4.jar:/home/runner/.m2/repository/commons-digester/commons-digester/1.8.1/commons-digester-1.8.1.jar:/home/runner/.m2/repository/commons-collections/commons-collections/3.2.2/commons-collections-3.2.2.jar:/home/runner/.m2/repository/io/jaegertracing/jaeger-client/1.6.0/jaeger-client-1.6.0.jar:/home/runner/.m2/repository/io/jaegertracing/jaeger-thrift/1.6.0/jaeger-thrift-1.6.0.jar:/home/runner/.m2/repository/org/apache/thrift/libthrift/0.14.1/libthrift-0.14.1.jar:/home/runner/.m2/repository/io/jaegertracing/jaeger-core/1.6.0/jaeger-core-1.6.0.jar:/home/runner/.m2/repository/io/jaegertracing/jaeger-tracerresolver/1.6.0/jaeger-tracerresolver-1.6.0.jar:/home/runner/.m2/repository/io/opentracing/contrib/opentracing-tracerresolver/0.1.8/opentracing-tracerresolver-0.1.8.jar:/home/runner/.m2/repository/org/jetbrains/kotlin/kotlin-stdlib/1.6.21/kotlin-stdlib-1.6.21.jar:/home/runner/.m2/repository/org/jetbrains/annotations/13.0/annotations-13.0.jar:/home/runner/.m2/repository/io/opentracing/opentracing-util/0.33.0/opentracing-util-0.33.0.jar:/home/runner/.m2/repository/io/opentracing/opentracing-api/0.33.0/opentracing-api-0.33.0.jar:/home/runner/.m2/repository/io/opentracing/opentracing-noop/0.33.0/opentracing-noop-0.33.0.jar:/home/runner/.m2/repository/org/yaml/snakeyaml/2.0/snakeyaml-2.0.jar:/home/runner/.m2/repository/io/grpc/grpc-api/1.51.1/grpc-api-1.51.1.jar:/home/runner/.m2/repository/io/grpc/grpc-context/1.51.1/grpc-context-1.51.1.jar:/home/runner/.m2/repository/junit/junit/4.13.1/junit-4.13.1.jar:/home/runner/.m2/repository/org/hamcrest/hamcrest-core/1.3/hamcrest-core-1.3.jar:/home/runner/.m2/repository/org/junit/jupiter/junit-jupiter-api/5.8.2/junit-jupiter-api-5.8.2.jar:/home/runner/.m2/repository/org/opentest4j/opentest4j/1.2.0/opentest4j-1.2.0.jar:/home/runner/.m2/repository/org/junit/platform/junit-platform-commons/1.8.2/junit-platform-commons-1.8.2.jar:/home/runner/.m2/repository/org/apiguardian/apiguardian-api/1.1.2/apiguardian-api-1.1.2.jar:/home/runner/.m2/repository/org/junit/jupiter/junit-jupiter-params/5.8.2/junit-jupiter-params-5.8.2.jar:/home/runner/.m2/repository/org/junit/jupiter/junit-jupiter-migrationsupport/5.8.2/junit-jupiter-migrationsupport-5.8.2.jar:/home/runner/.m2/repository/org/junit/jupiter/junit-jupiter-engine/5.8.2/junit-jupiter-engine-5.8.2.jar:/home/runner/.m2/repository/org/junit/platform/junit-platform-engine/1.8.2/junit-platform-engine-1.8.2.jar:/home/runner/.m2/repository/org/junit/vintage/junit-vintage-engine/5.8.2/junit-vintage-engine-5.8.2.jar:/home/runner/.m2/repository/org/junit/platform/junit-platform-launcher/1.8.2/junit-platform-launcher-1.8.2.jar:/home/runner/.m2/repository/org/mockito/mockito-core/3.5.9/mockito-core-3.5.9.jar:/home/runner/.m2/repository/net/bytebuddy/byte-buddy/1.10.13/byte-buddy-1.10.13.jar:/home/runner/.m2/repository/net/bytebuddy/byte-buddy-agent/1.10.13/byte-buddy-agent-1.10.13.jar:/home/runner/.m2/repository/org/objenesis/objenesis/1.0/objenesis-1.0.jar:/home/runner/.m2/repository/org/apache/hadoop/hadoop-kms/3.3.6/hadoop-kms-3.3.6.jar:/home/runner/.m2/repository/org/apache/hadoop/hadoop-auth/3.3.6/hadoop-auth-3.3.6.jar:/home/runner/.m2/repository/com/nimbusds/nimbus-jose-jwt/9.8.1/nimbus-jose-jwt-9.8.1.jar:/home/runner/.m2/repository/com/github/stephenc/jcip/jcip-annotations/1.0-1/jcip-annotations-1.0-1.jar:/home/runner/.m2/repository/org/apache/zookeeper/zookeeper/3.5.6/zookeeper-3.5.6.jar:/home/runner/.m2/repository/org/apache/zookeeper/zookeeper-jute/3.5.6/zookeeper-jute-3.5.6.jar:/home/runner/.m2/repository/org/apache/yetus/audience-annotations/0.5.0/audience-annotations-0.5.0.jar:/home/runner/.m2/repository/org/apache/curator/curator-framework/4.2.0/curator-framework-4.2.0.jar:/home/runner/.m2/repository/org/apache/hadoop/thirdparty/hadoop-shaded-guava/1.1.1/hadoop-shaded-guava-1.1.1.jar:/home/runner/.m2/repository/com/sun/jersey/jersey-core/1.19/jersey-core-1.19.jar:/home/runner/.m2/repository/javax/ws/rs/jsr311-api/1.1.1/jsr311-api-1.1.1.jar:/home/runner/.m2/repository/com/sun/jersey/jersey-server/1.19/jersey-server-1.19.jar:/home/runner/.m2/repository/javax/servlet/javax.servlet-api/3.1.0/javax.servlet-api-3.1.0.jar:/home/runner/.m2/repository/org/apache/hadoop/hadoop-common/3.3.6/hadoop-common-3.3.6.jar:/home/runner/.m2/repository/org/apache/commons/commons-math3/3.1.1/commons-math3-3.1.1.jar:/home/runner/.m2/repository/commons-net/commons-net/3.9.0/commons-net-3.9.0.jar:/home/runner/.m2/repository/com/sun/jersey/jersey-servlet/1.19/jersey-servlet-1.19.jar:/home/runner/.m2/repository/com/github/pjfanning/jersey-json/1.20/jersey-json-1.20.jar:/home/runner/.m2/repository/org/codehaus/jettison/jettison/1.1/jettison-1.1.jar:/home/runner/.m2/repository/com/sun/xml/bind/jaxb-impl/2.2.3-1/jaxb-impl-2.2.3-1.jar:/home/runner/.m2/repository/com/google/re2j/re2j/1.1/re2j-1.1.jar:/home/runner/.m2/repository/com/jcraft/jsch/0.1.54/jsch-0.1.54.jar:/home/runner/.m2/repository/org/apache/curator/curator-client/4.2.0/curator-client-4.2.0.jar:/home/runner/.m2/repository/org/apache/curator/curator-recipes/5.2.0/curator-recipes-5.2.0.jar:/home/runner/.m2/repository/org/apache/kerby/kerb-core/1.0.1/kerb-core-1.0.1.jar:/home/runner/.m2/repository/org/apache/kerby/kerby-pkix/1.0.1/kerby-pkix-1.0.1.jar:/home/runner/.m2/repository/org/apache/kerby/kerby-asn1/1.0.1/kerby-asn1-1.0.1.jar:/home/runner/.m2/repository/org/apache/kerby/kerby-util/1.0.1/kerby-util-1.0.1.jar:/home/runner/.m2/repository/dnsjava/dnsjava/2.1.7/dnsjava-2.1.7.jar:/home/runner/.m2/repository/org/xerial/snappy/snappy-java/1.1.8.2/snappy-java-1.1.8.2.jar:/home/runner/.m2/repository/com/fasterxml/jackson/core/jackson-databind/2.13.4.2/jackson-databind-2.13.4.2.jar:/home/runner/.m2/repository/org/apache/hadoop/hadoop-kms/3.3.6/hadoop-kms-3.3.6-tests.jar:/home/runner/.m2/repository/org/apache/ozone/hdds-server-scm/1.4.0-SNAPSHOT/hdds-server-scm-1.4.0-SNAPSHOT-tests.jar:/home/runner/.m2/repository/org/apache/ozone/hdds-container-service/1.4.0-SNAPSHOT/hdds-container-service-1.4.0-SNAPSHOT-tests.jar:/home/runner/.m2/repository/com/github/luben/zstd-jni/1.5.2-5/zstd-jni-1.5.2-5.jar:/home/runner/.m2/repository/commons-codec/commons-codec/1.15/commons-codec-1.15.jar:/home/runner/.m2/repository/io/netty/netty-codec/4.1.94.Final/netty-codec-4.1.94.Final.jar:/home/runner/.m2/repository/io/netty/netty-handler/4.1.94.Final/netty-handler-4.1.94.Final.jar:/home/runner/.m2/repository/org/apache/ozone/hdds-hadoop-dependency-test/1.4.0-SNAPSHOT/hdds-hadoop-dependency-test-1.4.0-SNAPSHOT.jar:/home/runner/.m2/repository/org/apache/hadoop/hadoop-common/3.3.6/hadoop-common-3.3.6-tests.jar:/home/runner/.m2/repository/org/apache/hadoop/hadoop-hdfs/3.3.6/hadoop-hdfs-3.3.6-tests.jar:/home/runner/.m2/repository/org/assertj/assertj-core/3.12.2/assertj-core-3.12.2.jar:/home/runner/.m2/repository/org/apache/hadoop/hadoop-distcp/3.3.6/hadoop-distcp-3.3.6.jar:/home/runner/.m2/repository/org/apache/hadoop/hadoop-mapreduce-client-jobclient/3.3.6/hadoop-mapreduce-client-jobclient-3.3.6.jar:/home/runner/.m2/repository/org/apache/hadoop/hadoop-mapreduce-client-common/3.3.6/hadoop-mapreduce-client-common-3.3.6.jar:/home/runner/.m2/repository/org/apache/hadoop/hadoop-yarn-common/3.3.6/hadoop-yarn-common-3.3.6.jar:/home/runner/.m2/repository/org/apache/hadoop/hadoop-yarn-api/3.3.6/hadoop-yarn-api-3.3.6.jar:/home/runner/.m2/repository/com/sun/jersey/contribs/jersey-guice/1.19/jersey-guice-1.19.jar:/home/runner/.m2/repository/com/fasterxml/jackson/jaxrs/jackson-jaxrs-json-provider/2.13.4/jackson-jaxrs-json-provider-2.13.4.jar:/home/runner/.m2/repository/com/fasterxml/jackson/jaxrs/jackson-jaxrs-base/2.13.4/jackson-jaxrs-base-2.13.4.jar:/home/runner/.m2/repository/org/apache/hadoop/hadoop-yarn-client/3.3.6/hadoop-yarn-client-3.3.6.jar:/home/runner/.m2/repository/org/eclipse/jetty/websocket/websocket-client/9.4.51.v20230217/websocket-client-9.4.51.v20230217.jar:/home/runner/.m2/repository/org/eclipse/jetty/websocket/websocket-common/9.4.51.v20230217/websocket-common-9.4.51.v20230217.jar:/home/runner/.m2/repository/org/eclipse/jetty/websocket/websocket-api/9.4.51.v20230217/websocket-api-9.4.51.v20230217.jar:/home/runner/.m2/repository/org/jline/jline/3.9.0/jline-3.9.0.jar:/home/runner/.m2/repository/org/apache/hadoop/hadoop-mapreduce-client-core/3.3.6/hadoop-mapreduce-client-core-3.3.6.jar:/home/runner/.m2/repository/org/apache/avro/avro/1.7.7/avro-1.7.7.jar:/home/runner/.m2/repository/com/thoughtworks/paranamer/paranamer/2.3/paranamer-2.3.jar:/home/runner/.m2/repository/org/apache/hadoop/hadoop-annotations/3.3.6/hadoop-annotations-3.3.6.jar:/usr/lib/jvm/temurin-8-jdk-amd64/jre/../lib/tools.jar:/home/runner/.m2/repository/io/netty/netty/3.10.6.Final/netty-3.10.6.Final.jar:/home/runner/.m2/repository/org/apache/hadoop/hadoop-distcp/3.3.6/hadoop-distcp-3.3.6-tests.jar:/home/runner/.m2/repository/org/slf4j/jul-to-slf4j/1.7.36/jul-to-slf4j-1.7.36.jar:"/>
    <property name="sun.cpu.endian" value="little"/>
    <property name="user.home" value="/home/runner"/>
    <property name="user.language" value="en"/>
    <property name="java.specification.vendor" value="Oracle Corporation"/>
    <property name="java.home" value="/usr/lib/jvm/temurin-8-jdk-amd64/jre"/>
    <property name="java.security.krb5.conf" value="/home/runner/work/ozone/ozone/hadoop-ozone/integration-test/target/test-classes/krb5.conf"/>
    <property name="basedir" value="/home/runner/work/ozone/ozone/hadoop-ozone/integration-test"/>
    <property name="file.separator" value="/"/>
    <property name="line.separator" value="&#10;"/>
    <property name="java.vm.specification.vendor" value="Oracle Corporation"/>
    <property name="java.specification.name" value="Java Platform API Specification"/>
    <property name="java.awt.graphicsenv" value="sun.awt.X11GraphicsEnvironment"/>
    <property name="skip.installnpx" value="true"/>
    <property name="surefire.real.class.path" value="/home/runner/work/ozone/ozone/hadoop-ozone/integration-test/target/surefire/surefirebooter2763012057659243680.jar:/home/runner/.m2/repository/org/jacoco/org.jacoco.agent/0.8.5/org.jacoco.agent-0.8.5-runtime.jar"/>
    <property name="hadoop.log.dir" value="/home/runner/work/ozone/ozone/hadoop-ozone/integration-test/target/log"/>
    <property name="sun.boot.class.path" value="/usr/lib/jvm/temurin-8-jdk-amd64/jre/lib/resources.jar:/usr/lib/jvm/temurin-8-jdk-amd64/jre/lib/rt.jar:/usr/lib/jvm/temurin-8-jdk-amd64/jre/lib/sunrsasign.jar:/usr/lib/jvm/temurin-8-jdk-amd64/jre/lib/jsse.jar:/usr/lib/jvm/temurin-8-jdk-amd64/jre/lib/jce.jar:/usr/lib/jvm/temurin-8-jdk-amd64/jre/lib/charsets.jar:/usr/lib/jvm/temurin-8-jdk-amd64/jre/lib/jfr.jar:/usr/lib/jvm/temurin-8-jdk-amd64/jre/classes"/>
    <property name="sun.management.compiler" value="HotSpot 64-Bit Tiered Compilers"/>
    <property name="skip.npx" value="true"/>
    <property name="java.runtime.version" value="1.8.0_382-b05"/>
    <property name="java.net.preferIPv4Stack" value="true"/>
    <property name="user.name" value="runner"/>
    <property name="path.separator" value=":"/>
    <property name="java.security.egd" value="file:///dev/urandom"/>
    <property name="os.version" value="5.15.0-1042-azure"/>
    <property name="java.endorsed.dirs" value="/usr/lib/jvm/temurin-8-jdk-amd64/jre/lib/endorsed"/>
    <property name="java.runtime.name" value="OpenJDK Runtime Environment"/>
    <property name="file.encoding" value="UTF-8"/>
    <property name="java.vm.name" value="OpenJDK 64-Bit Server VM"/>
    <property name="test.build.webapps" value=""/>
    <property name="localRepository" value="/home/runner/.m2/repository"/>
    <property name="jetty.git.hash" value="b45c405e4544384de066f814ed42ae3dceacdd49"/>
    <property name="java.vendor.url.bug" value="https://github.com/adoptium/adoptium-support/issues"/>
    <property name="java.io.tmpdir" value="/tmp"/>
    <property name="require.test.libhadoop" value=""/>
    <property name="java.version" value="1.8.0_382"/>
    <property name="user.dir" value="/home/runner/work/ozone/ozone/hadoop-ozone/integration-test"/>
    <property name="os.arch" value="amd64"/>
    <property name="java.vm.specification.name" value="Java Virtual Machine Specification"/>
    <property name="test.build.classes" value="/home/runner/work/ozone/ozone/hadoop-ozone/integration-test/target/test-classes"/>
    <property name="java.awt.printerjob" value="sun.print.PSPrinterJob"/>
    <property name="sun.os.patch.level" value="unknown"/>
    <property name="org.apache.ratis.thirdparty.io.netty.allocator.useCacheForAllThreads" value="false"/>
    <property name="hadoop.tmp.dir" value="/home/runner/work/ozone/ozone/hadoop-ozone/integration-test/target/tmp"/>
    <property name="java.library.path" value="/usr/java/packages/lib/amd64:/usr/lib64:/lib64:/lib:/usr/lib"/>
    <property name="java.vm.info" value="mixed mode"/>
    <property name="java.vendor" value="Temurin"/>
    <property name="java.vm.version" value="25.382-b05"/>
    <property name="java.specification.maintenance.version" value="5"/>
    <property name="java.ext.dirs" value="/usr/lib/jvm/temurin-8-jdk-amd64/jre/lib/ext:/usr/java/packages/lib/ext"/>
    <property name="sun.io.unicode.encoding" value="UnicodeLittle"/>
    <property name="java.class.version" value="52.0"/>
  </properties>
  <testcase name="testGetTrashRoot" classname="TestOzoneFileSystem" time="26.069">
    <system-out><![CDATA[2023-08-25 11:32:31,774 [main] WARN  server.ServerUtils (ServerUtils.java:getScmDbDir(155)) - ozone.scm.db.dirs is not configured. We recommend adding this setting. Falling back to ozone.metadata.dirs instead.
2023-08-25 11:32:32,059 [main] INFO  reflections.Reflections (Reflections.java:scan(232)) - Reflections took 217 ms to scan 7 urls, producing 161 keys and 379 values 
2023-08-25 11:32:32,274 [main] WARN  server.ServerUtils (ServerUtils.java:getScmDbDir(155)) - ozone.scm.db.dirs is not configured. We recommend adding this setting. Falling back to ozone.metadata.dirs instead.
2023-08-25 11:32:32,280 [main] INFO  ha.SCMHANodeDetails (SCMHANodeDetails.java:loadSCMHAConfig(210)) - ServiceID for StorageContainerManager is null
2023-08-25 11:32:32,291 [main] WARN  ha.SCMHANodeDetails (SCMHANodeDetails.java:validateSCMHAConfig(183)) - Invalid config ozone.scm.ratis.enable. The config was not specified, but the default value true conflicts with the expected config value false. Falling back to the expected value. Current State of SCM: SCM is running in Non-HA without Ratis Ratis SCM -> Non Ratis SCM or Non HA SCM -> HA SCM is not supported
2023-08-25 11:32:32,293 [main] INFO  ha.SCMHANodeDetails (SCMHANodeDetails.java:loadSCMHAConfig(215)) - ozone.scm.default.service.id is not defined, falling back to ozone.scm.service.ids to find serviceID for StorageContainerManager if it is HA enabled cluster
2023-08-25 11:32:33,227 [main] WARN  utils.HAUtils (HAUtils.java:getMetaDir(339)) - ozone.scm.db.dirs is not configured. We recommend adding this setting. Falling back to ozone.metadata.dirs instead.
2023-08-25 11:32:33,398 [main] WARN  db.DBStoreBuilder (DBStoreBuilder.java:applyDBDefinition(166)) - ozone.scm.db.dirs is not configured. We recommend adding this setting. Falling back to ozone.metadata.dirs instead.
2023-08-25 11:32:33,729 [main] INFO  net.NodeSchemaLoader (NodeSchemaLoader.java:loadSchemaFromFile(129)) - Loading schema from [jar:file:/home/runner/.m2/repository/org/apache/ozone/hdds-common/1.4.0-SNAPSHOT/hdds-common-1.4.0-SNAPSHOT.jar!/network-topology-default.xml]
2023-08-25 11:32:33,732 [main] INFO  net.NodeSchemaLoader (NodeSchemaLoader.java:loadSchema(176)) - Loading network topology layer schema file
2023-08-25 11:32:33,799 [main] INFO  metrics.MetricRegistries (MetricRegistriesLoader.java:load(64)) - Loaded MetricRegistries class org.apache.ratis.metrics.impl.MetricRegistriesImpl
2023-08-25 11:32:33,818 [main] INFO  upgrade.AbstractLayoutVersionManager (AbstractLayoutVersionManager.java:init(83)) - Initializing Layout version manager with metadata layout = HADOOP_PRC_PORTS_IN_DATANODEDETAILS (version = 7), software layout = HADOOP_PRC_PORTS_IN_DATANODEDETAILS (version = 7)
2023-08-25 11:32:34,123 [main] INFO  ha.SequenceIdGenerator (SequenceIdGenerator.java:upgradeToSequenceId(365)) - upgrade localId to 111677748019200000
2023-08-25 11:32:34,130 [main] INFO  ha.SequenceIdGenerator (SequenceIdGenerator.java:upgradeToSequenceId(375)) - upgrade delTxnId to 0
2023-08-25 11:32:34,145 [main] INFO  ha.SequenceIdGenerator (SequenceIdGenerator.java:upgradeToSequenceId(392)) - upgrade containerId to 0
2023-08-25 11:32:34,150 [main] INFO  ha.SequenceIdGenerator (SequenceIdGenerator.java:upgradeToSequenceId(428)) - upgrade rootCertificateId to 1
2023-08-25 11:32:34,153 [main] INFO  ha.SequenceIdGenerator (SequenceIdGenerator.java:<init>(236)) - Init the HA SequenceIdGenerator.
2023-08-25 11:32:34,224 [main] WARN  server.ServerUtils (ServerUtils.java:sanitizeUserArgs(80)) - ozone.scm.stale.node.interval value = 300000 is larger than max = 100000 based on the key value of ozone.scm.heartbeat.thread.interval, reset to the max value 100000.
2023-08-25 11:32:34,225 [main] WARN  server.ServerUtils (ServerUtils.java:sanitizeUserArgs(80)) - ozone.scm.stale.node.interval value = 300000 is larger than max = 100000 based on the key value of ozone.scm.heartbeat.thread.interval, reset to the max value 100000.
2023-08-25 11:32:34,235 [main] INFO  node.SCMNodeManager (SCMNodeManager.java:<init>(157)) - Entering startup safe mode.
2023-08-25 11:32:34,270 [main] INFO  algorithms.ContainerPlacementPolicyFactory (ContainerPlacementPolicyFactory.java:getPolicyInternal(86)) - Create container placement policy of type org.apache.hadoop.hdds.scm.container.placement.algorithms.SCMContainerPlacementRackAware
2023-08-25 11:32:34,276 [main] INFO  algorithms.ContainerPlacementPolicyFactory (ContainerPlacementPolicyFactory.java:getPolicyInternal(86)) - Create container placement policy of type org.apache.hadoop.hdds.scm.container.placement.algorithms.SCMContainerPlacementRackScatter
2023-08-25 11:32:34,293 [main] INFO  pipeline.PipelineStateManagerImpl (PipelineStateManagerImpl.java:initialize(78)) - No pipeline exists in current db
2023-08-25 11:32:34,311 [main] INFO  algorithms.LeaderChoosePolicyFactory (LeaderChoosePolicyFactory.java:getPolicy(57)) - Create leader choose policy of type org.apache.hadoop.hdds.scm.pipeline.leader.choose.algorithms.MinLeaderCountChoosePolicy
2023-08-25 11:32:34,312 [main] INFO  algorithms.ContainerPlacementPolicyFactory (ContainerPlacementPolicyFactory.java:getPolicyInternal(86)) - Create container placement policy of type org.apache.hadoop.hdds.scm.container.placement.algorithms.SCMContainerPlacementRackScatter
2023-08-25 11:32:34,320 [main] INFO  ha.SCMServiceManager (SCMServiceManager.java:register(42)) - Registering service BackgroundPipelineCreator.
2023-08-25 11:32:34,321 [main] INFO  pipeline.BackgroundPipelineCreator (BackgroundPipelineCreator.java:start(124)) - Starting RatisPipelineUtilsThread.
2023-08-25 11:32:34,326 [main] INFO  BackgroundPipelineScrubber (BackgroundSCMService.java:start(68)) - Starting BackgroundPipelineScrubber Service.
2023-08-25 11:32:34,327 [main] INFO  ha.SCMServiceManager (SCMServiceManager.java:register(42)) - Registering service BackgroundPipelineScrubber.
2023-08-25 11:32:34,344 [main] INFO  ExpiredContainerReplicaOpScrubber (BackgroundSCMService.java:start(68)) - Starting ExpiredContainerReplicaOpScrubber Service.
2023-08-25 11:32:34,344 [main] INFO  ha.SCMServiceManager (SCMServiceManager.java:register(42)) - Registering service ExpiredContainerReplicaOpScrubber.
2023-08-25 11:32:34,387 [main] INFO  algorithms.PipelineChoosePolicyFactory (PipelineChoosePolicyFactory.java:createPipelineChoosePolicyFromClass(78)) - Create pipeline choose policy of type org.apache.hadoop.hdds.scm.pipeline.choose.algorithms.RandomPipelineChoosePolicy
2023-08-25 11:32:34,389 [main] INFO  algorithms.PipelineChoosePolicyFactory (PipelineChoosePolicyFactory.java:createPipelineChoosePolicyFromClass(78)) - Create pipeline choose policy of type org.apache.hadoop.hdds.scm.pipeline.choose.algorithms.RandomPipelineChoosePolicy
2023-08-25 11:32:34,426 [main] INFO  ha.SCMServiceManager (SCMServiceManager.java:register(42)) - Registering service SCMBlockDeletingService.
2023-08-25 11:32:34,529 [main] INFO  replication.ReplicationManager (ReplicationManager.java:start(291)) - Starting Replication Monitor Thread.
2023-08-25 11:32:34,534 [main] INFO  ha.SCMServiceManager (SCMServiceManager.java:register(42)) - Registering service ReplicationManager.
2023-08-25 11:32:34,549 [ReplicationMonitor] INFO  replication.ReplicationManager (ReplicationManager.java:processAll(365)) - Replication Manager is not ready to run until 3000ms after safemode exit
2023-08-25 11:32:34,554 [main] INFO  safemode.ContainerSafeModeRule (ContainerSafeModeRule.java:<init>(90)) - containers with one replica threshold count 0
2023-08-25 11:32:34,559 [main] INFO  safemode.HealthyPipelineSafeModeRule (HealthyPipelineSafeModeRule.java:initializeRule(169)) - Total pipeline count is 0, healthy pipeline threshold count is 1
2023-08-25 11:32:34,568 [main] INFO  safemode.OneReplicaPipelineSafeModeRule (OneReplicaPipelineSafeModeRule.java:initializeRule(180)) - Total pipeline count is 0, pipeline's with at least one datanode reported threshold count is 0
2023-08-25 11:32:34,624 [main] INFO  server.StorageContainerManager (StorageContainerManager.java:<init>(425)) - SCM start with adminUsers: [runner]
2023-08-25 11:32:35,097 [main] INFO  audit.AuditLogger (AuditLogger.java:refreshDebugCmdSet(126)) - Refresh DebugCmdSet for SCMAudit to [].
2023-08-25 11:32:35,145 [main] INFO  ipc.CallQueueManager (CallQueueManager.java:<init>(90)) - Using callQueue: class java.util.concurrent.LinkedBlockingQueue, queueCapacity: 2000, scheduler: class org.apache.hadoop.ipc.DefaultRpcScheduler, ipcBackoff: false.
2023-08-25 11:32:35,194 [main] INFO  ipc.Server (Server.java:<init>(1287)) - Listener at 0.0.0.0:15002
2023-08-25 11:32:35,199 [Socket Reader #1 for port 15002] INFO  ipc.Server (Server.java:run(1323)) - Starting Socket Reader #1 for port 15002
2023-08-25 11:32:35,277 [main] INFO  audit.AuditLogger (AuditLogger.java:refreshDebugCmdSet(126)) - Refresh DebugCmdSet for SCMAudit to [].
2023-08-25 11:32:35,284 [main] INFO  ipc.CallQueueManager (CallQueueManager.java:<init>(90)) - Using callQueue: class java.util.concurrent.LinkedBlockingQueue, queueCapacity: 2000, scheduler: class org.apache.hadoop.ipc.DefaultRpcScheduler, ipcBackoff: false.
2023-08-25 11:32:35,285 [main] INFO  ipc.Server (Server.java:<init>(1287)) - Listener at 0.0.0.0:15001
2023-08-25 11:32:35,285 [Socket Reader #1 for port 15001] INFO  ipc.Server (Server.java:run(1323)) - Starting Socket Reader #1 for port 15001
2023-08-25 11:32:35,333 [main] INFO  audit.AuditLogger (AuditLogger.java:refreshDebugCmdSet(126)) - Refresh DebugCmdSet for SCMAudit to [].
2023-08-25 11:32:35,347 [main] INFO  ipc.CallQueueManager (CallQueueManager.java:<init>(90)) - Using callQueue: class java.util.concurrent.LinkedBlockingQueue, queueCapacity: 2000, scheduler: class org.apache.hadoop.ipc.DefaultRpcScheduler, ipcBackoff: false.
2023-08-25 11:32:35,348 [main] INFO  ipc.Server (Server.java:<init>(1287)) - Listener at 0.0.0.0:15000
2023-08-25 11:32:35,350 [Socket Reader #1 for port 15000] INFO  ipc.Server (Server.java:run(1323)) - Starting Socket Reader #1 for port 15000
2023-08-25 11:32:35,432 [main] INFO  ha.SCMServiceManager (SCMServiceManager.java:register(42)) - Registering service ContainerBalancer.
2023-08-25 11:32:35,439 [main] INFO  server.StorageContainerManager (StorageContainerManager.java:<init>(438)) - 
Container Balancer status:
Key                            Value
Running                        false
Container Balancer Configuration values:
Key                                                Value
Threshold                                          10
Max Datanodes to Involve per Iteration(percent)    20
Max Size to Move per Iteration                     500GB
Max Size Entering Target per Iteration             26GB
Max Size Leaving Source per Iteration              26GB

2023-08-25 11:32:35,441 [main] INFO  ha.SCMContext (SCMContext.java:updateSafeModeStatus(228)) - Update SafeModeStatus from SafeModeStatus{safeModeStatus=true, preCheckPassed=false} to SafeModeStatus{safeModeStatus=true, preCheckPassed=false}.
2023-08-25 11:32:35,446 [main] INFO  server.StorageContainerManager (StorageContainerManager.java:start(1483)) - StorageContainerLocationProtocol RPC server is listening at /0.0.0.0:15000
2023-08-25 11:32:35,557 [main] WARN  impl.MetricsConfig (MetricsConfig.java:loadFirst(136)) - Cannot locate configuration: tried hadoop-metrics2-storagecontainermanager.properties,hadoop-metrics2.properties
2023-08-25 11:32:35,586 [main] INFO  impl.MetricsSystemImpl (MetricsSystemImpl.java:startTimer(378)) - Scheduled Metric snapshot period at 10 second(s).
2023-08-25 11:32:35,587 [main] INFO  impl.MetricsSystemImpl (MetricsSystemImpl.java:start(191)) - StorageContainerManager metrics system started
2023-08-25 11:32:35,944 [main] INFO  server.SCMClientProtocolServer (SCMClientProtocolServer.java:start(201)) - RPC server for Client  is listening at /0.0.0.0:15000
2023-08-25 11:32:35,945 [IPC Server Responder] INFO  ipc.Server (Server.java:run(1562)) - IPC Server Responder: starting
2023-08-25 11:32:35,961 [main] INFO  server.StorageContainerManager (StorageContainerManager.java:start(1496)) - ScmBlockLocationProtocol RPC server is listening at /0.0.0.0:15001
2023-08-25 11:32:35,946 [IPC Server listener on 15000] INFO  ipc.Server (Server.java:run(1402)) - IPC Server listener on 15000: starting
2023-08-25 11:32:35,978 [main] INFO  server.SCMBlockProtocolServer (SCMBlockProtocolServer.java:start(152)) - RPC server for Block Protocol is listening at /0.0.0.0:15001
2023-08-25 11:32:35,981 [IPC Server Responder] INFO  ipc.Server (Server.java:run(1562)) - IPC Server Responder: starting
2023-08-25 11:32:35,982 [IPC Server listener on 15001] INFO  ipc.Server (Server.java:run(1402)) - IPC Server listener on 15001: starting
2023-08-25 11:32:35,986 [main] INFO  server.SCMDatanodeProtocolServer (SCMDatanodeProtocolServer.java:start(193)) - ScmDatanodeProtocol RPC server for DataNodes is listening at /0.0.0.0:15002
2023-08-25 11:32:35,988 [IPC Server Responder] INFO  ipc.Server (Server.java:run(1562)) - IPC Server Responder: starting
2023-08-25 11:32:36,006 [IPC Server listener on 15002] INFO  ipc.Server (Server.java:run(1402)) - IPC Server listener on 15002: starting
2023-08-25 11:32:36,029 [JvmPauseMonitor0] INFO  util.JvmPauseMonitor (JvmPauseMonitor.java:run(103)) - JvmPauseMonitor-5e063070-8ab6-4624-892f-d04e662d3851: Started
2023-08-25 11:32:36,054 [main] INFO  http.BaseHttpServer (BaseHttpServer.java:newHttpServer2BuilderForOzone(224)) - Starting Web-server for scm at: http://0.0.0.0:15003
2023-08-25 11:32:36,054 [main] INFO  http.BaseHttpServer (BaseHttpServer.java:<init>(111)) - Hadoop Security Enabled: false Ozone Security Enabled: false Ozone HTTP Security Enabled: false 
2023-08-25 11:32:36,087 [main] INFO  util.log (Log.java:initialized(170)) - Logging initialized @6415ms to org.eclipse.jetty.util.log.Slf4jLog
2023-08-25 11:32:36,205 [main] WARN  server.AuthenticationFilter (AuthenticationFilter.java:constructSecretProvider(240)) - Unable to initialize FileSignerSecretProvider, falling back to use random secrets. Reason: Could not read signature secret file: /home/runner/hadoop-http-auth-signature-secret
2023-08-25 11:32:36,212 [main] INFO  http.HttpRequestLog (HttpRequestLog.java:getRequestLog(86)) - Http request log for http.requests.scm is not defined
2023-08-25 11:32:36,222 [main] INFO  http.HttpServer2 (HttpServer2.java:addGlobalFilter(1031)) - Added global filter 'safety' (class=org.apache.hadoop.hdds.server.http.HttpServer2$QuotingInputFilter)
2023-08-25 11:32:36,225 [main] INFO  http.HttpServer2 (HttpServer2.java:addFilter(1007)) - Added filter static_user_filter (class=org.apache.hadoop.http.lib.StaticUserWebFilter$StaticUserFilter) to context scm
2023-08-25 11:32:36,225 [main] INFO  http.HttpServer2 (HttpServer2.java:addFilter(1015)) - Added filter static_user_filter (class=org.apache.hadoop.http.lib.StaticUserWebFilter$StaticUserFilter) to context logs
2023-08-25 11:32:36,226 [main] INFO  http.HttpServer2 (HttpServer2.java:addFilter(1015)) - Added filter static_user_filter (class=org.apache.hadoop.http.lib.StaticUserWebFilter$StaticUserFilter) to context static
2023-08-25 11:32:36,272 [main] INFO  http.BaseHttpServer (BaseHttpServer.java:<init>(190)) - HTTP server of scm uses base directory /home/runner/work/ozone/ozone/hadoop-ozone/integration-test/target/test-dir/MiniOzoneClusterImpl-168be1a3-dcaf-40a9-aa5d-bf8b77a61b73/ozone-meta/webserver
2023-08-25 11:32:36,273 [main] INFO  http.HttpServer2 (HttpServer2.java:bindListener(1250)) - Jetty bound to port 15003
2023-08-25 11:32:36,275 [main] INFO  server.Server (Server.java:doStart(375)) - jetty-9.4.51.v20230217; built: 2023-02-17T08:19:37.309Z; git: b45c405e4544384de066f814ed42ae3dceacdd49; jvm 1.8.0_382-b05
2023-08-25 11:32:36,313 [main] INFO  server.session (DefaultSessionIdManager.java:doStart(334)) - DefaultSessionIdManager workerName=node0
2023-08-25 11:32:36,313 [main] INFO  server.session (DefaultSessionIdManager.java:doStart(339)) - No SessionScavenger set, using defaults
2023-08-25 11:32:36,315 [main] INFO  server.session (HouseKeeper.java:startScavenging(132)) - node0 Scavenging every 660000ms
2023-08-25 11:32:36,337 [main] INFO  handler.ContextHandler (ContextHandler.java:doStart(921)) - Started o.e.j.s.ServletContextHandler@67263db7{logs,/logs,file:///home/runner/work/ozone/ozone/hadoop-ozone/integration-test/target/log,AVAILABLE}
2023-08-25 11:32:36,341 [main] INFO  handler.ContextHandler (ContextHandler.java:doStart(921)) - Started o.e.j.s.ServletContextHandler@175c4ae5{static,/static,file:///home/runner/work/ozone/ozone/hadoop-ozone/integration-test/target/test-classes/webapps/static,AVAILABLE}
2023-08-25 11:32:36,408 [main] INFO  handler.ContextHandler (ContextHandler.java:doStart(921)) - Started o.e.j.w.WebAppContext@219c10c2{scm,/,file:///home/runner/work/ozone/ozone/hadoop-ozone/integration-test/target/test-classes/webapps/scm/,AVAILABLE}{file:/home/runner/work/ozone/ozone/hadoop-ozone/integration-test/target/test-classes/webapps/scm}
2023-08-25 11:32:36,422 [main] INFO  server.AbstractConnector (AbstractConnector.java:doStart(333)) - Started ServerConnector@744c16fb{HTTP/1.1, (http/1.1)}{0.0.0.0:15003}
2023-08-25 11:32:36,423 [main] INFO  server.Server (Server.java:doStart(415)) - Started @6752ms
2023-08-25 11:32:36,429 [main] INFO  impl.MetricsSinkAdapter (MetricsSinkAdapter.java:start(204)) - Sink prometheus started
2023-08-25 11:32:36,430 [main] INFO  impl.MetricsSystemImpl (MetricsSystemImpl.java:registerSink(305)) - Registered sink prometheus
2023-08-25 11:32:36,431 [main] INFO  http.BaseHttpServer (BaseHttpServer.java:updateConnectorAddress(344)) - HTTP server of scm listening at http://0.0.0.0:15003
2023-08-25 11:32:36,440 [main] WARN  server.ServerUtils (ServerUtils.java:getDBPath(311)) - ozone.om.db.dirs is not configured. We recommend adding this setting. Falling back to ozone.metadata.dirs instead.
2023-08-25 11:32:36,545 [main] INFO  audit.AuditLogger (AuditLogger.java:refreshDebugCmdSet(126)) - Refresh DebugCmdSet for OMAudit to [].
2023-08-25 11:32:36,651 [main] INFO  ha.OMHANodeDetails (OMHANodeDetails.java:loadOMHAConfig(115)) - ozone.om.internal.service.id is not defined, falling back to ozone.om.service.ids to find serviceID for OzoneManager if it is HA enabled cluster
2023-08-25 11:32:36,657 [main] INFO  ha.OMHANodeDetails (OMHANodeDetails.java:loadOMHAConfig(226)) - Configuration does not have ozone.om.address set. Falling back to the default OM address /127.0.0.1:15004
2023-08-25 11:32:36,657 [main] INFO  ha.OMHANodeDetails (OMHANodeDetails.java:getOMNodeDetailsForNonHA(254)) - OM Service ID is not set. Setting it to the default ID: omServiceIdDefault
2023-08-25 11:32:36,657 [main] INFO  ha.OMHANodeDetails (OMHANodeDetails.java:getOMNodeDetailsForNonHA(261)) - OM Node ID is not set. Setting it to the default ID: om1
2023-08-25 11:32:36,663 [main] WARN  server.ServerUtils (ServerUtils.java:getDBPath(311)) - ozone.om.db.dirs is not configured. We recommend adding this setting. Falling back to ozone.metadata.dirs instead.
2023-08-25 11:32:36,669 [main] INFO  upgrade.AbstractLayoutVersionManager (AbstractLayoutVersionManager.java:init(83)) - Initializing Layout version manager with metadata layout = QUOTA (version = 6), software layout = QUOTA (version = 6)
2023-08-25 11:32:36,791 [main] INFO  reflections.Reflections (Reflections.java:scan(232)) - Reflections took 117 ms to scan 2 urls, producing 188 keys and 512 values [using 2 cores]
2023-08-25 11:32:36,797 [main] INFO  upgrade.OMLayoutVersionManager (OMLayoutVersionManager.java:lambda$0(115)) - Skipping Upgrade Action QuotaRepairUpgradeAction since it has been finalized.
2023-08-25 11:32:36,799 [main] INFO  upgrade.OMLayoutVersionManager (OMLayoutVersionManager.java:lambda$0(115)) - Skipping Upgrade Action MockOmUpgradeAction since it has been finalized.
2023-08-25 11:32:36,802 [main] WARN  server.ServerUtils (ServerUtils.java:getDBPath(311)) - ozone.om.db.dirs is not configured. We recommend adding this setting. Falling back to ozone.metadata.dirs instead.
2023-08-25 11:32:37,047 [main] INFO  proxy.SCMBlockLocationFailoverProxyProvider (SCMBlockLocationFailoverProxyProvider.java:<init>(114)) - Created block location fail-over proxy with 1 nodes: [nodeId=scmNodeId,nodeAddress=/0.0.0.0:15001]
2023-08-25 11:32:37,091 [main] INFO  proxy.SCMBlockLocationFailoverProxyProvider (SCMBlockLocationFailoverProxyProvider.java:<init>(114)) - Created block location fail-over proxy with 1 nodes: [nodeId=scmNodeId,nodeAddress=/0.0.0.0:15001]
2023-08-25 11:32:37,408 [main] INFO  om.OzoneManager (OzoneManager.java:<init>(662)) - OM start with adminUsers: [runner]
2023-08-25 11:32:37,450 [main] WARN  server.ServerUtils (ServerUtils.java:getDBPath(311)) - ozone.om.db.dirs is not configured. We recommend adding this setting. Falling back to ozone.metadata.dirs instead.
2023-08-25 11:32:37,490 [main] INFO  helpers.OmKeyInfo (OmKeyInfo.java:getCodec(71)) - OmKeyInfo.getCodec ignorePipeline = true
2023-08-25 11:32:37,896 [main] INFO  om.OzoneManager (OzoneManager.java:instantiateServices(791)) - S3 Multi-Tenancy is disabled
2023-08-25 11:32:37,935 [main] INFO  om.OmSnapshotManager (OmSnapshotManager.java:<init>(175)) - Ozone filesystem snapshot feature is enabled.
2023-08-25 11:32:37,946 [main] WARN  server.ServerUtils (ServerUtils.java:getDBPath(311)) - ozone.om.snapshot.diff.db.dir is not configured. We recommend adding this setting. Falling back to ozone.metadata.dirs instead.
2023-08-25 11:32:38,015 [main] INFO  utils.NativeLibraryLoader (NativeLibraryLoader.java:loadLibrary(105)) - Loading Library: ozone_rocksdb_tools
2023-08-25 11:32:38,017 [main] INFO  snapshot.SnapshotDiffManager (SnapshotDiffManager.java:closeExecutorService(1720)) - Shutting down executorService: 'SstDumpToolExecutor'
2023-08-25 11:32:38,118 [main] INFO  om.OzoneManager (OzoneManager.java:addS3GVolumeToDB(4284)) - Created Volume s3v With Owner runner required for S3Gateway operations.
2023-08-25 11:32:38,201 [main] WARN  server.ServerUtils (ServerUtils.java:getDefaultRatisDirectory(323)) - Storage directory for Ratis is not configured. It is a good idea to map this to an SSD disk. Falling back to ozone.metadata.dirs
2023-08-25 11:32:38,202 [main] WARN  utils.OzoneManagerRatisUtils (OzoneManagerRatisUtils.java:getOMRatisSnapshotDirectory(461)) - ozone.om.ratis.snapshot.dir is not configured. Falling back to ozone.metadata.dirs config
2023-08-25 11:32:38,223 [main] WARN  server.ServerUtils (ServerUtils.java:getDefaultRatisDirectory(323)) - Storage directory for Ratis is not configured. It is a good idea to map this to an SSD disk. Falling back to ozone.metadata.dirs
2023-08-25 11:32:38,257 [main] INFO  ratis.OzoneManagerRatisServer (OzoneManagerRatisServer.java:<init>(163)) - Instantiating OM Ratis server with groupID: omServiceIdDefault and peers: localhost:15007
2023-08-25 11:32:38,270 [main] INFO  ratis.OzoneManagerStateMachine (OzoneManagerStateMachine.java:loadSnapshotInfoFromDB(687)) - LastAppliedIndex is set from TransactionInfo from OM DB as (t:0, i:~)
2023-08-25 11:32:38,387 [main] INFO  server.RaftServer (ConfUtils.java:logGet(46)) - raft.rpc.type = GRPC (default)
2023-08-25 11:32:38,401 [main] INFO  grpc.GrpcConfigKeys (ConfUtils.java:logFallback(53)) - raft.grpc.admin.host = null (fallback to raft.grpc.server.host)
2023-08-25 11:32:38,406 [main] INFO  grpc.GrpcConfigKeys (ConfUtils.java:logFallback(53)) - raft.grpc.admin.port = 15007 (fallback to raft.grpc.server.port)
2023-08-25 11:32:38,407 [main] INFO  grpc.GrpcConfigKeys (ConfUtils.java:logFallback(53)) - raft.grpc.client.host = null (fallback to raft.grpc.server.host)
2023-08-25 11:32:38,408 [main] INFO  grpc.GrpcConfigKeys (ConfUtils.java:logFallback(53)) - raft.grpc.client.port = 15007 (fallback to raft.grpc.server.port)
2023-08-25 11:32:38,411 [main] INFO  grpc.GrpcConfigKeys (ConfUtils.java:logGet(46)) - raft.grpc.server.host = null (default)
2023-08-25 11:32:38,412 [main] INFO  grpc.GrpcConfigKeys (ConfUtils.java:logGet(46)) - raft.grpc.server.port = 15007 (custom)
2023-08-25 11:32:38,413 [main] INFO  server.GrpcService (ConfUtils.java:logGet(46)) - raft.grpc.message.size.max = 33554432 (custom)
2023-08-25 11:32:38,415 [main] INFO  server.RaftServerConfigKeys (ConfUtils.java:logGet(46)) - raft.server.log.appender.buffer.byte-limit = 33554432 (custom)
2023-08-25 11:32:38,416 [main] INFO  server.GrpcService (ConfUtils.java:logGet(46)) - raft.grpc.flow.control.window = 1MB (=1048576) (default)
2023-08-25 11:32:38,417 [main] INFO  server.RaftServerConfigKeys (ConfUtils.java:logGet(46)) - raft.server.rpc.request.timeout = 3000ms (default)
2023-08-25 11:32:38,443 [main] INFO  grpc.GrpcConfigKeys (ConfUtils.java:logGet(46)) - raft.grpc.server.heartbeat.channel = true (default)
2023-08-25 11:32:38,450 [main] INFO  grpc.GrpcConfigKeys (ConfUtils.java:logGet(46)) - raft.grpc.server.async.request.thread.pool.cached = true (default)
2023-08-25 11:32:38,451 [main] INFO  grpc.GrpcConfigKeys (ConfUtils.java:logGet(46)) - raft.grpc.server.async.request.thread.pool.size = 32 (default)
2023-08-25 11:32:38,744 [main] INFO  impl.DataStreamServerImpl (ConfUtils.java:logGet(46)) - raft.datastream.type = DISABLED (default)
2023-08-25 11:32:38,748 [main] INFO  server.RaftServerConfigKeys (ConfUtils.java:logGet(46)) - raft.server.threadpool.proxy.cached = true (default)
2023-08-25 11:32:38,748 [main] INFO  server.RaftServerConfigKeys (ConfUtils.java:logGet(46)) - raft.server.threadpool.proxy.size = 0 (default)
2023-08-25 11:32:38,749 [main] INFO  server.RaftServerConfigKeys (ConfUtils.java:logGet(46)) - raft.server.rpc.slowness.timeout = 120s (custom)
2023-08-25 11:32:38,749 [main] INFO  server.RaftServerConfigKeys (ConfUtils.java:logGet(46)) - raft.server.leaderelection.leader.step-down.wait-time = 10s (default)
2023-08-25 11:32:38,751 [main] INFO  server.RaftServerConfigKeys (ConfUtils.java:logGet(46)) - raft.server.storage.dir = [/home/runner/work/ozone/ozone/hadoop-ozone/integration-test/target/test-dir/MiniOzoneClusterImpl-168be1a3-dcaf-40a9-aa5d-bf8b77a61b73/ozone-meta/ratis] (custom)
2023-08-25 11:32:38,760 [main] INFO  server.RaftServer (RaftServerProxy.java:addNew(98)) - om1: addNew group-C5BA1605619E:[om1|rpc:localhost:15007|priority:0|startupRole:FOLLOWER] returns group-C5BA1605619E:java.util.concurrent.CompletableFuture@d431f83[Not completed]
2023-08-25 11:32:38,760 [main] INFO  om.OzoneManager (OzoneManager.java:initializeRatisServer(2128)) - OzoneManager Ratis server initialized at port 15007
2023-08-25 11:32:39,004 [main] INFO  om.OzoneManager (OzoneManager.java:getRpcServer(1193)) - Creating RPC Server
2023-08-25 11:32:39,030 [om1-groupManagement] INFO  server.RaftServer$Division (RaftServerImpl.java:<init>(198)) - om1: new RaftServerImpl for group-C5BA1605619E:[om1|rpc:localhost:15007|priority:0|startupRole:FOLLOWER] with OzoneManagerStateMachine:uninitialized
2023-08-25 11:32:39,035 [om1-groupManagement] INFO  server.RaftServerConfigKeys (ConfUtils.java:logGet(46)) - raft.server.rpc.timeout.min = 1s (custom)
2023-08-25 11:32:39,040 [om1-groupManagement] INFO  server.RaftServerConfigKeys (ConfUtils.java:logGet(46)) - raft.server.rpc.timeout.max = 1200ms (custom)
2023-08-25 11:32:39,040 [om1-groupManagement] INFO  server.RaftServerConfigKeys (ConfUtils.java:logGet(46)) - raft.server.rpc.sleep.time = 25ms (default)
2023-08-25 11:32:39,040 [om1-groupManagement] INFO  server.RaftServerConfigKeys (ConfUtils.java:logGet(46)) - raft.server.rpc.slowness.timeout = 120s (custom)
2023-08-25 11:32:39,041 [om1-groupManagement] INFO  server.RaftServerConfigKeys (ConfUtils.java:logGet(46)) - raft.server.leaderelection.leader.step-down.wait-time = 10s (default)
2023-08-25 11:32:39,041 [om1-groupManagement] INFO  server.RaftServerConfigKeys (ConfUtils.java:logGet(46)) - raft.server.sleep.deviation.threshold = 300ms (default)
2023-08-25 11:32:39,050 [om1-groupManagement] INFO  server.RaftServer$Division (ServerState.java:<init>(120)) - om1@group-C5BA1605619E: ConfigurationManager, init=-1: peers:[om1|rpc:localhost:15007|priority:0|startupRole:FOLLOWER]|listeners:[], old=null, confs=<EMPTY_MAP>
2023-08-25 11:32:39,050 [om1-groupManagement] INFO  server.RaftServerConfigKeys (ConfUtils.java:logGet(46)) - raft.server.storage.dir = [/home/runner/work/ozone/ozone/hadoop-ozone/integration-test/target/test-dir/MiniOzoneClusterImpl-168be1a3-dcaf-40a9-aa5d-bf8b77a61b73/ozone-meta/ratis] (custom)
2023-08-25 11:32:39,084 [om1-groupManagement] INFO  server.RaftServerConfigKeys (ConfUtils.java:logGet(46)) - raft.server.log.corruption.policy = EXCEPTION (default)
2023-08-25 11:32:39,085 [om1-groupManagement] INFO  server.RaftServerConfigKeys (ConfUtils.java:logGet(46)) - raft.server.storage.free-space.min = 0MB (=0) (default)
2023-08-25 11:32:39,098 [om1-groupManagement] INFO  server.RaftServerConfigKeys (ConfUtils.java:logGet(46)) - raft.server.notification.no-leader.timeout = 120s (custom)
2023-08-25 11:32:39,104 [om1-groupManagement] INFO  server.RaftServerConfigKeys (ConfUtils.java:logGet(46)) - raft.server.read.timeout = 10s (default)
2023-08-25 11:32:39,133 [om1-groupManagement] INFO  server.RaftServerConfigKeys (ConfUtils.java:logGet(46)) - raft.server.retrycache.expirytime = 300s (custom)
2023-08-25 11:32:39,152 [om1-groupManagement] INFO  server.RaftServerConfigKeys (ConfUtils.java:logGet(46)) - raft.server.retrycache.statistics.expirytime = 100μs (default)
2023-08-25 11:32:39,221 [om1-groupManagement] INFO  server.RaftServerConfigKeys (ConfUtils.java:logGet(46)) - raft.server.read.option = DEFAULT (default)
2023-08-25 11:32:39,290 [om1-groupManagement] INFO  server.RaftServerConfigKeys (ConfUtils.java:logGet(46)) - raft.server.rpc.request.timeout = 3000ms (default)
2023-08-25 11:32:39,293 [om1-groupManagement] INFO  server.RaftServerConfigKeys (ConfUtils.java:logGet(46)) - raft.server.log.appender.install.snapshot.enabled = false (custom)
2023-08-25 11:32:39,310 [om1-groupManagement] INFO  server.RaftServerConfigKeys (ConfUtils.java:logGet(46)) - raft.server.threadpool.server.cached = true (default)
2023-08-25 11:32:39,311 [om1-groupManagement] INFO  server.RaftServerConfigKeys (ConfUtils.java:logGet(46)) - raft.server.threadpool.server.size = 0 (default)
2023-08-25 11:32:39,311 [om1-groupManagement] INFO  server.RaftServerConfigKeys (ConfUtils.java:logGet(46)) - raft.server.threadpool.client.cached = true (default)
2023-08-25 11:32:39,311 [om1-groupManagement] INFO  server.RaftServerConfigKeys (ConfUtils.java:logGet(46)) - raft.server.threadpool.client.size = 0 (default)
2023-08-25 11:32:40,007 [main] INFO  reflections.Reflections (Reflections.java:scan(232)) - Reflections took 884 ms to scan 19 urls, producing 70 keys and 5661 values [using 2 cores]
2023-08-25 11:32:40,246 [main] INFO  ipc.CallQueueManager (CallQueueManager.java:<init>(90)) - Using callQueue: class java.util.concurrent.LinkedBlockingQueue, queueCapacity: 2000, scheduler: class org.apache.hadoop.ipc.DefaultRpcScheduler, ipcBackoff: false.
2023-08-25 11:32:40,247 [main] INFO  ipc.Server (Server.java:<init>(1287)) - Listener at 127.0.0.1:15004
2023-08-25 11:32:40,248 [Socket Reader #1 for port 15004] INFO  ipc.Server (Server.java:run(1323)) - Starting Socket Reader #1 for port 15004
2023-08-25 11:32:40,295 [main] INFO  impl.MetricsSystemImpl (MetricsSystemImpl.java:init(158)) - OzoneManager metrics system started (again)
2023-08-25 11:32:40,314 [main] INFO  om.OzoneManager (OzoneManager.java:start(1613)) - OzoneManager RPC server is listening at localhost/127.0.0.1:15004
2023-08-25 11:32:40,314 [main] INFO  ratis.OzoneManagerRatisServer (OzoneManagerRatisServer.java:start(558)) - Starting OzoneManagerRatisServer om1 at port 15007
2023-08-25 11:32:40,319 [om1-impl-thread1] INFO  storage.RaftStorageDirectory (RaftStorageDirectoryImpl.java:analyzeStorage(137)) - The storage directory /home/runner/work/ozone/ozone/hadoop-ozone/integration-test/target/test-dir/MiniOzoneClusterImpl-168be1a3-dcaf-40a9-aa5d-bf8b77a61b73/ozone-meta/ratis/bf265839-605b-3f16-9796-c5ba1605619e does not exist. Creating ...
2023-08-25 11:32:40,326 [om1-impl-thread1] INFO  storage.RaftStorageDirectory (RaftStorageDirectoryImpl.java:tryLock(231)) - Lock on /home/runner/work/ozone/ozone/hadoop-ozone/integration-test/target/test-dir/MiniOzoneClusterImpl-168be1a3-dcaf-40a9-aa5d-bf8b77a61b73/ozone-meta/ratis/bf265839-605b-3f16-9796-c5ba1605619e/in_use.lock acquired by nodename 61563@fv-az508-118
2023-08-25 11:32:40,334 [om1-impl-thread1] INFO  storage.RaftStorage (RaftStorageImpl.java:format(96)) - Storage directory /home/runner/work/ozone/ozone/hadoop-ozone/integration-test/target/test-dir/MiniOzoneClusterImpl-168be1a3-dcaf-40a9-aa5d-bf8b77a61b73/ozone-meta/ratis/bf265839-605b-3f16-9796-c5ba1605619e has been successfully formatted.
2023-08-25 11:32:40,338 [om1-impl-thread1] INFO  server.RaftServerConfigKeys (ConfUtils.java:logGet(46)) - raft.server.log.use.memory = false (default)
2023-08-25 11:32:40,348 [om1-impl-thread1] INFO  server.RaftServerConfigKeys (ConfUtils.java:logGet(46)) - raft.server.log.purge.gap = 1000000 (custom)
2023-08-25 11:32:40,348 [om1-impl-thread1] INFO  server.RaftServerConfigKeys (ConfUtils.java:logGet(46)) - raft.server.log.appender.buffer.byte-limit = 33554432 (custom)
2023-08-25 11:32:40,350 [om1-impl-thread1] INFO  server.RaftServerConfigKeys (ConfUtils.java:logGet(46)) - raft.server.log.statemachine.data.read.timeout = 1000ms (default)
2023-08-25 11:32:40,351 [om1-impl-thread1] INFO  server.RaftServerConfigKeys (ConfUtils.java:logGet(46)) - raft.server.log.purge.preservation.log.num = 0 (default)
2023-08-25 11:32:40,354 [om1-impl-thread1] INFO  server.RaftServerConfigKeys (ConfUtils.java:logGet(46)) - raft.server.log.segment.size.max = 4194304 (custom)
2023-08-25 11:32:40,360 [om1-impl-thread1] INFO  server.RaftServerConfigKeys (ConfUtils.java:logGet(46)) - raft.server.log.segment.cache.num.max = 2 (custom)
2023-08-25 11:32:40,361 [om1-impl-thread1] INFO  server.RaftServerConfigKeys (ConfUtils.java:logGet(46)) - raft.server.log.segment.cache.size.max = 200MB (=209715200) (default)
2023-08-25 11:32:40,361 [om1-impl-thread1] INFO  server.RaftServerConfigKeys (ConfUtils.java:logGet(46)) - raft.server.log.appender.buffer.byte-limit = 33554432 (custom)
2023-08-25 11:32:40,368 [om1-impl-thread1] INFO  segmented.SegmentedRaftLogWorker (SegmentedRaftLogWorker.java:<init>(188)) - new om1@group-C5BA1605619E-SegmentedRaftLogWorker for RaftStorageImpl:Storage Directory /home/runner/work/ozone/ozone/hadoop-ozone/integration-test/target/test-dir/MiniOzoneClusterImpl-168be1a3-dcaf-40a9-aa5d-bf8b77a61b73/ozone-meta/ratis/bf265839-605b-3f16-9796-c5ba1605619e
2023-08-25 11:32:40,368 [om1-impl-thread1] INFO  server.RaftServerConfigKeys (ConfUtils.java:logGet(46)) - raft.server.log.queue.byte-limit = 64MB (=67108864) (default)
2023-08-25 11:32:40,369 [om1-impl-thread1] INFO  server.RaftServerConfigKeys (ConfUtils.java:logGet(46)) - raft.server.log.queue.element-limit = 4096 (default)
2023-08-25 11:32:40,370 [om1-impl-thread1] INFO  server.RaftServerConfigKeys (ConfUtils.java:logGet(46)) - raft.server.log.segment.size.max = 4194304 (custom)
2023-08-25 11:32:40,370 [om1-impl-thread1] INFO  server.RaftServerConfigKeys (ConfUtils.java:logGet(46)) - raft.server.log.preallocated.size = 4194304 (custom)
2023-08-25 11:32:40,371 [om1-impl-thread1] INFO  server.RaftServerConfigKeys (ConfUtils.java:logGet(46)) - raft.server.log.force.sync.num = 128 (default)
2023-08-25 11:32:40,372 [om1-impl-thread1] INFO  server.RaftServerConfigKeys (ConfUtils.java:logGet(46)) - raft.server.log.statemachine.data.sync = true (default)
2023-08-25 11:32:40,372 [om1-impl-thread1] INFO  server.RaftServerConfigKeys (ConfUtils.java:logGet(46)) - raft.server.log.statemachine.data.sync.timeout = 10s (default)
2023-08-25 11:32:40,372 [om1-impl-thread1] INFO  server.RaftServerConfigKeys (ConfUtils.java:logGet(46)) - raft.server.log.statemachine.data.sync.timeout.retry = -1 (default)
2023-08-25 11:32:40,384 [om1-impl-thread1] INFO  server.RaftServerConfigKeys (ConfUtils.java:logGet(46)) - raft.server.log.write.buffer.size = 64KB (=65536) (default)
2023-08-25 11:32:40,384 [om1-impl-thread1] INFO  server.RaftServerConfigKeys (ConfUtils.java:logGet(46)) - raft.server.log.appender.buffer.byte-limit = 33554432 (custom)
2023-08-25 11:32:40,425 [om1-impl-thread1] INFO  server.RaftServerConfigKeys (ConfUtils.java:logGet(46)) - raft.server.log.unsafe-flush.enabled = false (default)
2023-08-25 11:32:40,425 [om1-impl-thread1] INFO  server.RaftServerConfigKeys (ConfUtils.java:logGet(46)) - raft.server.log.async-flush.enabled = false (default)
2023-08-25 11:32:40,426 [om1-impl-thread1] INFO  server.RaftServerConfigKeys (ConfUtils.java:logGet(46)) - raft.server.log.statemachine.data.caching.enabled = false (default)
2023-08-25 11:32:40,435 [om1-impl-thread1] INFO  segmented.SegmentedRaftLogWorker (SegmentedRaftLogWorker.java:lambda$new$0(135)) - om1@group-C5BA1605619E-SegmentedRaftLogWorker: flushIndex: setUnconditionally 0 -> -1
2023-08-25 11:32:40,436 [om1-impl-thread1] INFO  segmented.SegmentedRaftLogWorker (SegmentedRaftLogWorker.java:lambda$new$0(135)) - om1@group-C5BA1605619E-SegmentedRaftLogWorker: safeCacheEvictIndex: setUnconditionally 0 -> -1
2023-08-25 11:32:40,439 [om1-impl-thread1] INFO  server.RaftServer$Division (RaftServerImpl.java:start(342)) - om1@group-C5BA1605619E: start as a follower, conf=-1: peers:[om1|rpc:localhost:15007|priority:0|startupRole:FOLLOWER]|listeners:[], old=null
2023-08-25 11:32:40,440 [om1-impl-thread1] INFO  server.RaftServer$Division (RaftServerImpl.java:setRole(329)) - om1@group-C5BA1605619E: changes role from      null to FOLLOWER at term 0 for startAsFollower
2023-08-25 11:32:40,443 [om1-impl-thread1] INFO  impl.RoleInfo (RoleInfo.java:updateAndGet(139)) - om1: start om1@group-C5BA1605619E-FollowerState
2023-08-25 11:32:40,444 [om1-impl-thread1] INFO  util.JmxRegister (JmxRegister.java:tryRegister(44)) - Successfully registered JMX Bean with object name Ratis:service=RaftServer,group=group-C5BA1605619E,id=om1
2023-08-25 11:32:40,448 [om1-impl-thread1] INFO  server.RaftServerConfigKeys (ConfUtils.java:logGet(46)) - raft.server.snapshot.auto.trigger.enabled = true (custom)
2023-08-25 11:32:40,449 [om1-impl-thread1] INFO  server.RaftServerConfigKeys (ConfUtils.java:logGet(46)) - raft.server.snapshot.auto.trigger.threshold = 400000 (default)
2023-08-25 11:32:40,449 [om1-impl-thread1] INFO  server.RaftServerConfigKeys (ConfUtils.java:logGet(46)) - raft.server.snapshot.retention.file.num = -1 (default)
2023-08-25 11:32:40,450 [om1-impl-thread1] INFO  server.RaftServerConfigKeys (ConfUtils.java:logGet(46)) - raft.server.log.purge.upto.snapshot.index = true (custom)
2023-08-25 11:32:40,450 [om1@group-C5BA1605619E-FollowerState] INFO  server.RaftServerConfigKeys (ConfUtils.java:logFallback(53)) - raft.server.rpc.first-election.timeout.min = 1s (fallback to raft.server.rpc.timeout.min)
2023-08-25 11:32:40,451 [om1@group-C5BA1605619E-FollowerState] INFO  server.RaftServerConfigKeys (ConfUtils.java:logFallback(53)) - raft.server.rpc.first-election.timeout.max = 1200ms (fallback to raft.server.rpc.timeout.max)
2023-08-25 11:32:40,455 [main] INFO  server.RaftServer (RaftServerProxy.java:startImpl(400)) - om1: start RPC server
2023-08-25 11:32:40,517 [main] INFO  server.GrpcService (GrpcService.java:startImpl(302)) - om1: GrpcService started, listening on 15007
2023-08-25 11:32:40,518 [main] INFO  om.OzoneManager (OzoneManager.java:start(1629)) - Version File has different layout version (6) than OM DB (null). That is expected if this OM has never been finalized to a newer layout version.
2023-08-25 11:32:40,521 [JvmPauseMonitor1] INFO  util.JvmPauseMonitor (JvmPauseMonitor.java:run(103)) - JvmPauseMonitor-om1: Started
2023-08-25 11:32:40,553 [main] INFO  http.BaseHttpServer (BaseHttpServer.java:newHttpServer2BuilderForOzone(224)) - Starting Web-server for ozoneManager at: http://0.0.0.0:15005
2023-08-25 11:32:40,553 [main] INFO  http.BaseHttpServer (BaseHttpServer.java:<init>(111)) - Hadoop Security Enabled: false Ozone Security Enabled: false Ozone HTTP Security Enabled: false 
2023-08-25 11:32:40,559 [main] WARN  server.AuthenticationFilter (AuthenticationFilter.java:constructSecretProvider(240)) - Unable to initialize FileSignerSecretProvider, falling back to use random secrets. Reason: Could not read signature secret file: /home/runner/hadoop-http-auth-signature-secret
2023-08-25 11:32:40,567 [main] INFO  http.HttpRequestLog (HttpRequestLog.java:getRequestLog(86)) - Http request log for http.requests.ozoneManager is not defined
2023-08-25 11:32:40,571 [main] INFO  http.HttpServer2 (HttpServer2.java:addGlobalFilter(1031)) - Added global filter 'safety' (class=org.apache.hadoop.hdds.server.http.HttpServer2$QuotingInputFilter)
2023-08-25 11:32:40,574 [main] INFO  http.HttpServer2 (HttpServer2.java:addFilter(1007)) - Added filter static_user_filter (class=org.apache.hadoop.http.lib.StaticUserWebFilter$StaticUserFilter) to context ozoneManager
2023-08-25 11:32:40,575 [main] INFO  http.HttpServer2 (HttpServer2.java:addFilter(1015)) - Added filter static_user_filter (class=org.apache.hadoop.http.lib.StaticUserWebFilter$StaticUserFilter) to context static
2023-08-25 11:32:40,575 [main] INFO  http.HttpServer2 (HttpServer2.java:addFilter(1015)) - Added filter static_user_filter (class=org.apache.hadoop.http.lib.StaticUserWebFilter$StaticUserFilter) to context logs
2023-08-25 11:32:40,578 [main] INFO  http.BaseHttpServer (BaseHttpServer.java:<init>(190)) - HTTP server of ozoneManager uses base directory /home/runner/work/ozone/ozone/hadoop-ozone/integration-test/target/test-dir/MiniOzoneClusterImpl-168be1a3-dcaf-40a9-aa5d-bf8b77a61b73/ozone-meta/webserver
2023-08-25 11:32:40,584 [main] INFO  http.HttpServer2 (HttpServer2.java:bindListener(1250)) - Jetty bound to port 15005
2023-08-25 11:32:40,585 [main] INFO  server.Server (Server.java:doStart(375)) - jetty-9.4.51.v20230217; built: 2023-02-17T08:19:37.309Z; git: b45c405e4544384de066f814ed42ae3dceacdd49; jvm 1.8.0_382-b05
2023-08-25 11:32:40,617 [main] INFO  server.session (DefaultSessionIdManager.java:doStart(334)) - DefaultSessionIdManager workerName=node0
2023-08-25 11:32:40,618 [main] INFO  server.session (DefaultSessionIdManager.java:doStart(339)) - No SessionScavenger set, using defaults
2023-08-25 11:32:40,618 [main] INFO  server.session (HouseKeeper.java:startScavenging(132)) - node0 Scavenging every 660000ms
2023-08-25 11:32:40,620 [main] INFO  handler.ContextHandler (ContextHandler.java:doStart(921)) - Started o.e.j.s.ServletContextHandler@a74d87b{logs,/logs,file:///home/runner/work/ozone/ozone/hadoop-ozone/integration-test/target/log,AVAILABLE}
2023-08-25 11:32:40,621 [main] INFO  handler.ContextHandler (ContextHandler.java:doStart(921)) - Started o.e.j.s.ServletContextHandler@6074ed28{static,/static,file:///home/runner/work/ozone/ozone/hadoop-ozone/integration-test/target/test-classes/webapps/static,AVAILABLE}
2023-08-25 11:32:40,633 [main] INFO  handler.ContextHandler (ContextHandler.java:doStart(921)) - Started o.e.j.w.WebAppContext@77b7cc64{ozoneManager,/,file:///home/runner/work/ozone/ozone/hadoop-ozone/integration-test/target/test-classes/webapps/ozoneManager/,AVAILABLE}{file:/home/runner/work/ozone/ozone/hadoop-ozone/integration-test/target/test-classes/webapps/ozoneManager}
2023-08-25 11:32:40,635 [main] INFO  server.AbstractConnector (AbstractConnector.java:doStart(333)) - Started ServerConnector@3dfbd145{HTTP/1.1, (http/1.1)}{0.0.0.0:15005}
2023-08-25 11:32:40,636 [main] INFO  server.Server (Server.java:doStart(415)) - Started @10964ms
2023-08-25 11:32:40,636 [main] WARN  impl.MetricsSystemImpl (MetricsSystemImpl.java:register(279)) - Sink prometheus already exists!
2023-08-25 11:32:40,637 [main] INFO  http.BaseHttpServer (BaseHttpServer.java:updateConnectorAddress(344)) - HTTP server of ozoneManager listening at http://0.0.0.0:15005
2023-08-25 11:32:40,640 [IPC Server Responder] INFO  ipc.Server (Server.java:run(1562)) - IPC Server Responder: starting
2023-08-25 11:32:40,641 [IPC Server listener on 15004] INFO  ipc.Server (Server.java:run(1402)) - IPC Server listener on 15004: starting
2023-08-25 11:32:40,699 [main] INFO  om.TrashPolicyOzone (TrashPolicyOzone.java:<init>(277)) - Ozone Manager trash configuration: Deletion interval = 0 minutes, Emptier interval = 0 minutes.
2023-08-25 11:32:40,924 [main] WARN  impl.MetricRegistriesImpl (MetricRegistriesImpl.java:addReporterRegistration(111)) - New reporters are added after registries were created. Some metrics will be missing from the reporter. Please add reporter before adding any new registry.
2023-08-25 11:32:40,925 [main] WARN  impl.MetricRegistriesImpl (MetricRegistriesImpl.java:addReporterRegistration(111)) - New reporters are added after registries were created. Some metrics will be missing from the reporter. Please add reporter before adding any new registry.
2023-08-25 11:32:40,925 [main] INFO  impl.MetricsSystemImpl (MetricsSystemImpl.java:init(158)) - HddsDatanode metrics system started (again)
2023-08-25 11:32:40,952 [main] INFO  ozone.HddsDatanodeService (HddsDatanodeService.java:start(237)) - HddsDatanodeService host:fv-az508-118.q1hezrx03woe3mvmfegnvhq0ah.dx.internal.cloudapp.net ip:10.1.0.52
2023-08-25 11:32:41,019 [main] INFO  upgrade.AbstractLayoutVersionManager (AbstractLayoutVersionManager.java:init(83)) - Initializing Layout version manager with metadata layout = HADOOP_PRC_PORTS_IN_DATANODEDETAILS (version = 7), software layout = HADOOP_PRC_PORTS_IN_DATANODEDETAILS (version = 7)
2023-08-25 11:32:41,024 [main] INFO  statemachine.DatanodeStateMachine (DatanodeStateMachine.java:getEndPointTaskThreadPoolSize(282)) - Datanode State Machine Task Thread Pool size 2
2023-08-25 11:32:41,119 [main] INFO  volume.HddsVolume (HddsVolume.java:<init>(126)) - Creating HddsVolume: /home/runner/work/ozone/ozone/hadoop-ozone/integration-test/target/test-dir/MiniOzoneClusterImpl-168be1a3-dcaf-40a9-aa5d-bf8b77a61b73/datanode-0/data-0/containers/hdds of storage type : DISK capacity : 9223372036854775807
2023-08-25 11:32:41,122 [main] INFO  volume.MutableVolumeSet (MutableVolumeSet.java:initializeVolumeSet(173)) - Added Volume : /home/runner/work/ozone/ozone/hadoop-ozone/integration-test/target/test-dir/MiniOzoneClusterImpl-168be1a3-dcaf-40a9-aa5d-bf8b77a61b73/datanode-0/data-0/containers/hdds to VolumeSet
2023-08-25 11:32:41,130 [main] INFO  volume.MutableVolumeSet (MutableVolumeSet.java:initializeVolumeSet(173)) - Added Volume : /home/runner/work/ozone/ozone/hadoop-ozone/integration-test/target/test-dir/MiniOzoneClusterImpl-168be1a3-dcaf-40a9-aa5d-bf8b77a61b73/datanode-0/data/ratis to VolumeSet
2023-08-25 11:32:41,148 [Thread-140] INFO  ozoneimpl.ContainerReader (ContainerReader.java:readVolume(177)) - Finish verifying containers on volume /home/runner/work/ozone/ozone/hadoop-ozone/integration-test/target/test-dir/MiniOzoneClusterImpl-168be1a3-dcaf-40a9-aa5d-bf8b77a61b73/datanode-0/data-0/containers/hdds
2023-08-25 11:32:41,149 [main] INFO  ozoneimpl.OzoneContainer (OzoneContainer.java:buildContainerSet(314)) - Build ContainerSet costs 0s
2023-08-25 11:32:41,220 [main] INFO  audit.AuditLogger (AuditLogger.java:refreshDebugCmdSet(126)) - Refresh DebugCmdSet for DNAudit to [].
2023-08-25 11:32:41,261 [main] INFO  server.RaftServer (ConfUtils.java:logGet(46)) - raft.rpc.type = GRPC (default)
2023-08-25 11:32:41,262 [main] INFO  grpc.GrpcConfigKeys (ConfUtils.java:logFallback(53)) - raft.grpc.admin.host = null (fallback to raft.grpc.server.host)
2023-08-25 11:32:41,265 [main] INFO  grpc.GrpcConfigKeys (ConfUtils.java:logGet(46)) - raft.grpc.admin.port = 15013 (custom)
2023-08-25 11:32:41,265 [main] INFO  grpc.GrpcConfigKeys (ConfUtils.java:logFallback(53)) - raft.grpc.client.host = null (fallback to raft.grpc.server.host)
2023-08-25 11:32:41,270 [main] INFO  grpc.GrpcConfigKeys (ConfUtils.java:logGet(46)) - raft.grpc.client.port = 15012 (custom)
2023-08-25 11:32:41,270 [main] INFO  grpc.GrpcConfigKeys (ConfUtils.java:logGet(46)) - raft.grpc.server.host = null (default)
2023-08-25 11:32:41,270 [main] INFO  grpc.GrpcConfigKeys (ConfUtils.java:logGet(46)) - raft.grpc.server.port = 15014 (custom)
2023-08-25 11:32:41,271 [main] INFO  server.GrpcService (ConfUtils.java:logGet(46)) - raft.grpc.message.size.max = 32MB (=33554432) (custom)
2023-08-25 11:32:41,272 [main] INFO  server.RaftServerConfigKeys (ConfUtils.java:logGet(46)) - raft.server.log.appender.buffer.byte-limit = 33554432 (custom)
2023-08-25 11:32:41,272 [main] INFO  server.GrpcService (ConfUtils.java:logGet(46)) - raft.grpc.flow.control.window = 5MB (=5242880) (custom)
2023-08-25 11:32:41,273 [main] INFO  server.RaftServerConfigKeys (ConfUtils.java:logGet(46)) - raft.server.rpc.request.timeout = 60s (custom)
2023-08-25 11:32:41,273 [main] INFO  grpc.GrpcConfigKeys (ConfUtils.java:logGet(46)) - raft.grpc.server.heartbeat.channel = true (default)
2023-08-25 11:32:41,273 [main] INFO  grpc.GrpcConfigKeys (ConfUtils.java:logGet(46)) - raft.grpc.server.async.request.thread.pool.cached = true (default)
2023-08-25 11:32:41,274 [main] INFO  grpc.GrpcConfigKeys (ConfUtils.java:logGet(46)) - raft.grpc.server.async.request.thread.pool.size = 32 (default)
2023-08-25 11:32:41,278 [main] INFO  impl.DataStreamServerImpl (ConfUtils.java:logGet(46)) - raft.datastream.type = NETTY (custom)
2023-08-25 11:32:41,290 [main] INFO  server.RaftServerConfigKeys (ConfUtils.java:logGet(46)) - raft.server.data-stream.async.request.thread.pool.cached = false (default)
2023-08-25 11:32:41,291 [main] INFO  server.RaftServerConfigKeys (ConfUtils.java:logGet(46)) - raft.server.data-stream.async.request.thread.pool.size = 20 (custom)
2023-08-25 11:32:41,292 [main] INFO  server.RaftServerConfigKeys (ConfUtils.java:logGet(46)) - raft.server.data-stream.async.write.thread.pool.size = 16 (default)
2023-08-25 11:32:41,294 [main] INFO  server.RaftServerConfigKeys (ConfUtils.java:logGet(46)) - raft.server.data-stream.client.pool.size = 10 (default)
2023-08-25 11:32:41,297 [main] INFO  netty.NettyConfigKeys$DataStream (ConfUtils.java:logGet(46)) - raft.netty.dataStream.server.use-epoll = false (default)
2023-08-25 11:32:41,298 [main] INFO  netty.NettyConfigKeys$DataStream (ConfUtils.java:logGet(46)) - raft.netty.dataStream.server.boss-group.size = 0 (default)
2023-08-25 11:32:41,306 [main] INFO  netty.NettyConfigKeys$DataStream (ConfUtils.java:logGet(46)) - raft.netty.dataStream.server.worker-group.size = 0 (default)
2023-08-25 11:32:41,318 [main] INFO  netty.NettyConfigKeys$DataStream (ConfUtils.java:logGet(46)) - raft.netty.dataStream.server.tls.conf = null (default)
2023-08-25 11:32:41,321 [main] INFO  netty.NettyConfigKeys$DataStream (ConfUtils.java:logGet(46)) - raft.netty.dataStream.host = null (default)
2023-08-25 11:32:41,321 [main] INFO  netty.NettyConfigKeys$DataStream (ConfUtils.java:logGet(46)) - raft.netty.dataStream.port = 15015 (custom)
2023-08-25 11:32:41,332 [main] INFO  server.RaftServerConfigKeys (ConfUtils.java:logGet(46)) - raft.server.threadpool.proxy.cached = true (default)
2023-08-25 11:32:41,333 [main] INFO  server.RaftServerConfigKeys (ConfUtils.java:logGet(46)) - raft.server.threadpool.proxy.size = 0 (default)
2023-08-25 11:32:41,333 [main] INFO  server.RaftServerConfigKeys (ConfUtils.java:logGet(46)) - raft.server.rpc.slowness.timeout = 300s (custom)
2023-08-25 11:32:41,333 [main] INFO  server.RaftServerConfigKeys (ConfUtils.java:logGet(46)) - raft.server.leaderelection.leader.step-down.wait-time = 10s (default)
2023-08-25 11:32:41,333 [main] INFO  server.RaftServerConfigKeys (ConfUtils.java:logGet(46)) - raft.server.storage.dir = [/home/runner/work/ozone/ozone/hadoop-ozone/integration-test/target/test-dir/MiniOzoneClusterImpl-168be1a3-dcaf-40a9-aa5d-bf8b77a61b73/datanode-0/data/ratis] (custom)
2023-08-25 11:32:41,338 [d411a2e9-f1e7-48ff-a207-5fb0a1d8b942-impl-thread1] INFO  server.RaftServer (RaftServerProxy.java:initGroupDir(258)) - d411a2e9-f1e7-48ff-a207-5fb0a1d8b942: found a subdirectory /home/runner/work/ozone/ozone/hadoop-ozone/integration-test/target/test-dir/MiniOzoneClusterImpl-168be1a3-dcaf-40a9-aa5d-bf8b77a61b73/datanode-0/data/ratis/tmp
2023-08-25 11:32:41,339 [d411a2e9-f1e7-48ff-a207-5fb0a1d8b942-impl-thread1] INFO  server.RaftServer (RaftServerProxy.java:initGroupDir(263)) - d411a2e9-f1e7-48ff-a207-5fb0a1d8b942: The directory /home/runner/work/ozone/ozone/hadoop-ozone/integration-test/target/test-dir/MiniOzoneClusterImpl-168be1a3-dcaf-40a9-aa5d-bf8b77a61b73/datanode-0/data/ratis/tmp is not a group directory; ignoring it. 
2023-08-25 11:32:41,342 [main] INFO  replication.ReplicationServer (ReplicationServer.java:<init>(81)) - Initializing replication server with thread count = 10
2023-08-25 11:32:41,365 [d411a2e9-f1e7-48ff-a207-5fb0a1d8b942-NettyServerStreamRpc-bossGroup--thread1] INFO  logging.LoggingHandler (AbstractInternalLogger.java:log(148)) - [id: 0xa88d3a93] REGISTERED
2023-08-25 11:32:41,366 [d411a2e9-f1e7-48ff-a207-5fb0a1d8b942-NettyServerStreamRpc-bossGroup--thread1] INFO  logging.LoggingHandler (AbstractInternalLogger.java:log(148)) - [id: 0xa88d3a93] BIND: 0.0.0.0/0.0.0.0:15015
2023-08-25 11:32:41,369 [d411a2e9-f1e7-48ff-a207-5fb0a1d8b942-NettyServerStreamRpc-bossGroup--thread1] INFO  logging.LoggingHandler (AbstractInternalLogger.java:log(148)) - [id: 0xa88d3a93, L:/0:0:0:0:0:0:0:0:15015] ACTIVE
2023-08-25 11:32:41,383 [main] INFO  server.XceiverServerGrpc (XceiverServerGrpc.java:<init>(132)) - GrpcServer channel type EpollServerSocketChannel
2023-08-25 11:32:41,443 [main] INFO  replication.ReplicationSupervisor (ReplicationSupervisor.java:build(155)) - Initializing replication supervisor with thread count = 10
2023-08-25 11:32:41,445 [main] INFO  replication.ReplicationSupervisor (ReplicationSupervisor.java:nodeStateUpdated(307)) - Node state updated to IN_SERVICE, scaling executor pool size to 10
2023-08-25 11:32:41,513 [main] INFO  http.BaseHttpServer (BaseHttpServer.java:newHttpServer2BuilderForOzone(224)) - Starting Web-server for hddsDatanode at: http://0.0.0.0:15009
2023-08-25 11:32:41,514 [main] INFO  http.BaseHttpServer (BaseHttpServer.java:<init>(111)) - Hadoop Security Enabled: false Ozone Security Enabled: false Ozone HTTP Security Enabled: false 
2023-08-25 11:32:41,517 [main] WARN  server.AuthenticationFilter (AuthenticationFilter.java:constructSecretProvider(240)) - Unable to initialize FileSignerSecretProvider, falling back to use random secrets. Reason: Could not read signature secret file: /home/runner/hadoop-http-auth-signature-secret
2023-08-25 11:32:41,518 [main] INFO  http.HttpRequestLog (HttpRequestLog.java:getRequestLog(86)) - Http request log for http.requests.hddsDatanode is not defined
2023-08-25 11:32:41,520 [main] INFO  http.HttpServer2 (HttpServer2.java:addGlobalFilter(1031)) - Added global filter 'safety' (class=org.apache.hadoop.hdds.server.http.HttpServer2$QuotingInputFilter)
2023-08-25 11:32:41,524 [main] INFO  http.HttpServer2 (HttpServer2.java:addFilter(1007)) - Added filter static_user_filter (class=org.apache.hadoop.http.lib.StaticUserWebFilter$StaticUserFilter) to context hddsDatanode
2023-08-25 11:32:41,524 [main] INFO  http.HttpServer2 (HttpServer2.java:addFilter(1015)) - Added filter static_user_filter (class=org.apache.hadoop.http.lib.StaticUserWebFilter$StaticUserFilter) to context static
2023-08-25 11:32:41,524 [main] INFO  http.HttpServer2 (HttpServer2.java:addFilter(1015)) - Added filter static_user_filter (class=org.apache.hadoop.http.lib.StaticUserWebFilter$StaticUserFilter) to context logs
2023-08-25 11:32:41,529 [main] INFO  http.BaseHttpServer (BaseHttpServer.java:<init>(190)) - HTTP server of hddsDatanode uses base directory /home/runner/work/ozone/ozone/hadoop-ozone/integration-test/target/test-dir/MiniOzoneClusterImpl-168be1a3-dcaf-40a9-aa5d-bf8b77a61b73/datanode-0/meta/webserver
2023-08-25 11:32:41,530 [main] INFO  http.HttpServer2 (HttpServer2.java:bindListener(1250)) - Jetty bound to port 15009
2023-08-25 11:32:41,530 [main] INFO  server.Server (Server.java:doStart(375)) - jetty-9.4.51.v20230217; built: 2023-02-17T08:19:37.309Z; git: b45c405e4544384de066f814ed42ae3dceacdd49; jvm 1.8.0_382-b05
2023-08-25 11:32:41,533 [main] INFO  server.session (DefaultSessionIdManager.java:doStart(334)) - DefaultSessionIdManager workerName=node0
2023-08-25 11:32:41,533 [main] INFO  server.session (DefaultSessionIdManager.java:doStart(339)) - No SessionScavenger set, using defaults
2023-08-25 11:32:41,533 [main] INFO  server.session (HouseKeeper.java:startScavenging(132)) - node0 Scavenging every 600000ms
2023-08-25 11:32:41,534 [main] INFO  handler.ContextHandler (ContextHandler.java:doStart(921)) - Started o.e.j.s.ServletContextHandler@43187052{logs,/logs,file:///home/runner/work/ozone/ozone/hadoop-ozone/integration-test/target/log,AVAILABLE}
2023-08-25 11:32:41,535 [main] INFO  handler.ContextHandler (ContextHandler.java:doStart(921)) - Started o.e.j.s.ServletContextHandler@33e159a5{static,/static,jar:file:/home/runner/.m2/repository/org/apache/ozone/hdds-container-service/1.4.0-SNAPSHOT/hdds-container-service-1.4.0-SNAPSHOT.jar!/webapps/static,AVAILABLE}
2023-08-25 11:32:41,602 [om1@group-C5BA1605619E-FollowerState] INFO  impl.FollowerState (FollowerState.java:run(143)) - om1@group-C5BA1605619E-FollowerState: change to CANDIDATE, lastRpcElapsedTime:1159272977ns, electionTimeout:1149ms
2023-08-25 11:32:41,603 [om1@group-C5BA1605619E-FollowerState] INFO  impl.RoleInfo (RoleInfo.java:shutdownFollowerState(110)) - om1: shutdown om1@group-C5BA1605619E-FollowerState
2023-08-25 11:32:41,604 [om1@group-C5BA1605619E-FollowerState] INFO  server.RaftServer$Division (RaftServerImpl.java:setRole(329)) - om1@group-C5BA1605619E: changes role from  FOLLOWER to CANDIDATE at term 0 for changeToCandidate
2023-08-25 11:32:41,609 [om1@group-C5BA1605619E-FollowerState] INFO  server.RaftServerConfigKeys (ConfUtils.java:logGet(46)) - raft.server.leaderelection.pre-vote = true (default)
2023-08-25 11:32:41,609 [om1@group-C5BA1605619E-FollowerState] INFO  impl.RoleInfo (RoleInfo.java:updateAndGet(139)) - om1: start om1@group-C5BA1605619E-LeaderElection1
2023-08-25 11:32:41,621 [om1@group-C5BA1605619E-LeaderElection1] INFO  impl.LeaderElection (LeaderElection.java:askForVotes(321)) - om1@group-C5BA1605619E-LeaderElection1 PRE_VOTE round 0: submit vote requests at term 0 for -1: peers:[om1|rpc:localhost:15007|priority:0|startupRole:FOLLOWER]|listeners:[], old=null
2023-08-25 11:32:41,622 [om1@group-C5BA1605619E-LeaderElection1] INFO  impl.LeaderElection (LeaderElection.java:askForVotes(323)) - om1@group-C5BA1605619E-LeaderElection1 PRE_VOTE round 0: result PASSED (term=0)
2023-08-25 11:32:41,625 [om1@group-C5BA1605619E-LeaderElection1] INFO  impl.LeaderElection (LeaderElection.java:askForVotes(321)) - om1@group-C5BA1605619E-LeaderElection1 ELECTION round 0: submit vote requests at term 1 for -1: peers:[om1|rpc:localhost:15007|priority:0|startupRole:FOLLOWER]|listeners:[], old=null
2023-08-25 11:32:41,626 [om1@group-C5BA1605619E-LeaderElection1] INFO  impl.LeaderElection (LeaderElection.java:askForVotes(323)) - om1@group-C5BA1605619E-LeaderElection1 ELECTION round 0: result PASSED (term=1)
2023-08-25 11:32:41,626 [om1@group-C5BA1605619E-LeaderElection1] INFO  impl.RoleInfo (RoleInfo.java:shutdownLeaderElection(130)) - om1: shutdown om1@group-C5BA1605619E-LeaderElection1
2023-08-25 11:32:41,628 [om1@group-C5BA1605619E-LeaderElection1] INFO  server.RaftServer$Division (RaftServerImpl.java:setRole(329)) - om1@group-C5BA1605619E: changes role from CANDIDATE to LEADER at term 1 for changeToLeader
2023-08-25 11:32:41,632 [om1@group-C5BA1605619E-LeaderElection1] INFO  server.RaftServer$Division (ServerState.java:setLeader(317)) - om1@group-C5BA1605619E: change Leader from null to om1 at term 1 for becomeLeader, leader elected after 2529ms
2023-08-25 11:32:41,657 [om1@group-C5BA1605619E-LeaderElection1] INFO  server.RaftServerConfigKeys (ConfUtils.java:logGet(46)) - raft.server.staging.catchup.gap = 1000 (default)
2023-08-25 11:32:41,672 [om1@group-C5BA1605619E-LeaderElection1] INFO  server.RaftServerConfigKeys (ConfUtils.java:logGet(46)) - raft.server.write.element-limit = 4096 (default)
2023-08-25 11:32:41,675 [om1@group-C5BA1605619E-LeaderElection1] INFO  server.RaftServerConfigKeys (ConfUtils.java:logGet(46)) - raft.server.write.byte-limit = 64MB (=67108864) (default)
2023-08-25 11:32:41,694 [om1@group-C5BA1605619E-LeaderElection1] INFO  server.RaftServerConfigKeys (ConfUtils.java:logGet(46)) - raft.server.watch.timeout = 10s (default)
2023-08-25 11:32:41,695 [om1@group-C5BA1605619E-LeaderElection1] INFO  server.RaftServerConfigKeys (ConfUtils.java:logGet(46)) - raft.server.watch.timeout.denomination = 1s (default)
2023-08-25 11:32:41,697 [om1@group-C5BA1605619E-LeaderElection1] INFO  server.RaftServerConfigKeys (ConfUtils.java:logGet(46)) - raft.server.watch.element-limit = 65536 (default)
2023-08-25 11:32:41,706 [om1@group-C5BA1605619E-LeaderElection1] INFO  server.RaftServerConfigKeys (ConfUtils.java:logGet(46)) - raft.server.write.element-limit = 4096 (default)
2023-08-25 11:32:41,710 [om1@group-C5BA1605619E-LeaderElection1] INFO  server.RaftServerConfigKeys (ConfUtils.java:logGet(46)) - raft.server.write.follower.gap.ratio.max = -1.0 (default)
2023-08-25 11:32:41,716 [om1@group-C5BA1605619E-LeaderElection1] INFO  impl.RoleInfo (RoleInfo.java:updateAndGet(139)) - om1: start om1@group-C5BA1605619E-LeaderStateImpl
2023-08-25 11:32:41,782 [om1@group-C5BA1605619E-LeaderElection1] INFO  segmented.SegmentedRaftLogWorker (SegmentedRaftLogWorker.java:startLogSegment(447)) - om1@group-C5BA1605619E-SegmentedRaftLogWorker: Starting segment from index:0
2023-08-25 11:32:41,863 [om1@group-C5BA1605619E-LeaderElection1] INFO  server.RaftServer$Division (ServerState.java:setRaftConf(434)) - om1@group-C5BA1605619E: set configuration 0: peers:[om1|rpc:localhost:15007|admin:|client:|dataStream:|priority:0|startupRole:FOLLOWER]|listeners:[], old=null
2023-08-25 11:32:41,921 [main] INFO  handler.ContextHandler (ContextHandler.java:doStart(921)) - Started o.e.j.w.WebAppContext@310332b3{hddsDatanode,/,file:///home/runner/work/ozone/ozone/hadoop-ozone/integration-test/target/test-dir/MiniOzoneClusterImpl-168be1a3-dcaf-40a9-aa5d-bf8b77a61b73/datanode-0/meta/webserver/jetty-0_0_0_0-15009-hdds-container-service-1_4_0-SNAPSHOT_jar-_-any-3530668137772694738/webapp/,AVAILABLE}{jar:file:/home/runner/.m2/repository/org/apache/ozone/hdds-container-service/1.4.0-SNAPSHOT/hdds-container-service-1.4.0-SNAPSHOT.jar!/webapps/hddsDatanode}
2023-08-25 11:32:41,923 [main] INFO  server.AbstractConnector (AbstractConnector.java:doStart(333)) - Started ServerConnector@1ebfb7b6{HTTP/1.1, (http/1.1)}{0.0.0.0:15009}
2023-08-25 11:32:41,923 [main] INFO  server.Server (Server.java:doStart(415)) - Started @12251ms
2023-08-25 11:32:41,923 [main] WARN  impl.MetricsSystemImpl (MetricsSystemImpl.java:register(279)) - Sink prometheus already exists!
2023-08-25 11:32:41,924 [main] INFO  http.BaseHttpServer (BaseHttpServer.java:updateConnectorAddress(344)) - HTTP server of hddsDatanode listening at http://0.0.0.0:15009
2023-08-25 11:32:41,929 [main] INFO  ipc.CallQueueManager (CallQueueManager.java:<init>(90)) - Using callQueue: class java.util.concurrent.LinkedBlockingQueue, queueCapacity: 100, scheduler: class org.apache.hadoop.ipc.DefaultRpcScheduler, ipcBackoff: false.
2023-08-25 11:32:41,930 [main] INFO  ipc.Server (Server.java:<init>(1287)) - Listener at 0.0.0.0:15010
2023-08-25 11:32:41,931 [Socket Reader #1 for port 15010] INFO  ipc.Server (Server.java:run(1323)) - Starting Socket Reader #1 for port 15010
2023-08-25 11:32:41,938 [main] INFO  ozone.HddsDatanodeService (HddsDatanodeService.java:start(315)) - Datanode start with admins: [runner]
2023-08-25 11:32:41,939 [main] INFO  ozone.HddsDatanodeClientProtocolServer (HddsDatanodeClientProtocolServer.java:start(72)) - RPC server for Client /0.0.0.0:15010
2023-08-25 11:32:41,939 [IPC Server Responder] INFO  ipc.Server (Server.java:run(1562)) - IPC Server Responder: starting
2023-08-25 11:32:41,941 [Datanode State Machine Daemon Thread] INFO  statemachine.DatanodeStateMachine (DatanodeStateMachine.java:lambda$startDaemon$0(538)) - Ozone container server started.
2023-08-25 11:32:41,943 [om1@group-C5BA1605619E-SegmentedRaftLogWorker] INFO  segmented.SegmentedRaftLogWorker (SegmentedRaftLogWorker.java:execute(651)) - om1@group-C5BA1605619E-SegmentedRaftLogWorker: created new log segment /home/runner/work/ozone/ozone/hadoop-ozone/integration-test/target/test-dir/MiniOzoneClusterImpl-168be1a3-dcaf-40a9-aa5d-bf8b77a61b73/ozone-meta/ratis/bf265839-605b-3f16-9796-c5ba1605619e/current/log_inprogress_0
2023-08-25 11:32:41,942 [IPC Server listener on 15010] INFO  ipc.Server (Server.java:run(1402)) - IPC Server listener on 15010: starting
2023-08-25 11:32:41,942 [main] WARN  impl.MetricRegistriesImpl (MetricRegistriesImpl.java:addReporterRegistration(111)) - New reporters are added after registries were created. Some metrics will be missing from the reporter. Please add reporter before adding any new registry.
2023-08-25 11:32:41,946 [main] WARN  impl.MetricRegistriesImpl (MetricRegistriesImpl.java:addReporterRegistration(111)) - New reporters are added after registries were created. Some metrics will be missing from the reporter. Please add reporter before adding any new registry.
2023-08-25 11:32:41,946 [main] INFO  impl.MetricsSystemImpl (MetricsSystemImpl.java:init(158)) - HddsDatanode metrics system started (again)
2023-08-25 11:32:41,983 [main] INFO  ozone.HddsDatanodeService (HddsDatanodeService.java:start(237)) - HddsDatanodeService host:fv-az508-118.q1hezrx03woe3mvmfegnvhq0ah.dx.internal.cloudapp.net ip:10.1.0.52
2023-08-25 11:32:42,045 [main] INFO  upgrade.AbstractLayoutVersionManager (AbstractLayoutVersionManager.java:init(83)) - Initializing Layout version manager with metadata layout = HADOOP_PRC_PORTS_IN_DATANODEDETAILS (version = 7), software layout = HADOOP_PRC_PORTS_IN_DATANODEDETAILS (version = 7)
2023-08-25 11:32:42,046 [main] INFO  statemachine.DatanodeStateMachine (DatanodeStateMachine.java:getEndPointTaskThreadPoolSize(282)) - Datanode State Machine Task Thread Pool size 2
2023-08-25 11:32:42,066 [main] INFO  volume.HddsVolume (HddsVolume.java:<init>(126)) - Creating HddsVolume: /home/runner/work/ozone/ozone/hadoop-ozone/integration-test/target/test-dir/MiniOzoneClusterImpl-168be1a3-dcaf-40a9-aa5d-bf8b77a61b73/datanode-1/data-0/containers/hdds of storage type : DISK capacity : 9223372036854775807
2023-08-25 11:32:42,066 [main] INFO  volume.MutableVolumeSet (MutableVolumeSet.java:initializeVolumeSet(173)) - Added Volume : /home/runner/work/ozone/ozone/hadoop-ozone/integration-test/target/test-dir/MiniOzoneClusterImpl-168be1a3-dcaf-40a9-aa5d-bf8b77a61b73/datanode-1/data-0/containers/hdds to VolumeSet
2023-08-25 11:32:42,071 [main] INFO  volume.MutableVolumeSet (MutableVolumeSet.java:initializeVolumeSet(173)) - Added Volume : /home/runner/work/ozone/ozone/hadoop-ozone/integration-test/target/test-dir/MiniOzoneClusterImpl-168be1a3-dcaf-40a9-aa5d-bf8b77a61b73/datanode-1/data/ratis to VolumeSet
2023-08-25 11:32:42,078 [Thread-159] INFO  ozoneimpl.ContainerReader (ContainerReader.java:readVolume(177)) - Finish verifying containers on volume /home/runner/work/ozone/ozone/hadoop-ozone/integration-test/target/test-dir/MiniOzoneClusterImpl-168be1a3-dcaf-40a9-aa5d-bf8b77a61b73/datanode-1/data-0/containers/hdds
2023-08-25 11:32:42,080 [main] INFO  ozoneimpl.OzoneContainer (OzoneContainer.java:buildContainerSet(314)) - Build ContainerSet costs 0s
2023-08-25 11:32:42,094 [main] INFO  server.RaftServer (ConfUtils.java:logGet(46)) - raft.rpc.type = GRPC (default)
2023-08-25 11:32:42,095 [main] INFO  grpc.GrpcConfigKeys (ConfUtils.java:logFallback(53)) - raft.grpc.admin.host = null (fallback to raft.grpc.server.host)
2023-08-25 11:32:42,095 [main] INFO  grpc.GrpcConfigKeys (ConfUtils.java:logGet(46)) - raft.grpc.admin.port = 15022 (custom)
2023-08-25 11:32:42,096 [main] INFO  grpc.GrpcConfigKeys (ConfUtils.java:logFallback(53)) - raft.grpc.client.host = null (fallback to raft.grpc.server.host)
2023-08-25 11:32:42,096 [main] INFO  grpc.GrpcConfigKeys (ConfUtils.java:logGet(46)) - raft.grpc.client.port = 15021 (custom)
2023-08-25 11:32:42,096 [main] INFO  grpc.GrpcConfigKeys (ConfUtils.java:logGet(46)) - raft.grpc.server.host = null (default)
2023-08-25 11:32:42,096 [main] INFO  grpc.GrpcConfigKeys (ConfUtils.java:logGet(46)) - raft.grpc.server.port = 15023 (custom)
2023-08-25 11:32:42,097 [main] INFO  server.GrpcService (ConfUtils.java:logGet(46)) - raft.grpc.message.size.max = 32MB (=33554432) (custom)
2023-08-25 11:32:42,097 [main] INFO  server.RaftServerConfigKeys (ConfUtils.java:logGet(46)) - raft.server.log.appender.buffer.byte-limit = 33554432 (custom)
2023-08-25 11:32:42,097 [main] INFO  server.GrpcService (ConfUtils.java:logGet(46)) - raft.grpc.flow.control.window = 5MB (=5242880) (custom)
2023-08-25 11:32:42,098 [main] INFO  server.RaftServerConfigKeys (ConfUtils.java:logGet(46)) - raft.server.rpc.request.timeout = 60s (custom)
2023-08-25 11:32:42,098 [main] INFO  grpc.GrpcConfigKeys (ConfUtils.java:logGet(46)) - raft.grpc.server.heartbeat.channel = true (default)
2023-08-25 11:32:42,098 [main] INFO  grpc.GrpcConfigKeys (ConfUtils.java:logGet(46)) - raft.grpc.server.async.request.thread.pool.cached = true (default)
2023-08-25 11:32:42,098 [main] INFO  grpc.GrpcConfigKeys (ConfUtils.java:logGet(46)) - raft.grpc.server.async.request.thread.pool.size = 32 (default)
2023-08-25 11:32:42,102 [main] INFO  impl.DataStreamServerImpl (ConfUtils.java:logGet(46)) - raft.datastream.type = NETTY (custom)
2023-08-25 11:32:42,103 [main] INFO  server.RaftServerConfigKeys (ConfUtils.java:logGet(46)) - raft.server.data-stream.async.request.thread.pool.cached = false (default)
2023-08-25 11:32:42,103 [main] INFO  server.RaftServerConfigKeys (ConfUtils.java:logGet(46)) - raft.server.data-stream.async.request.thread.pool.size = 20 (custom)
2023-08-25 11:32:42,104 [main] INFO  server.RaftServerConfigKeys (ConfUtils.java:logGet(46)) - raft.server.data-stream.async.write.thread.pool.size = 16 (default)
2023-08-25 11:32:42,105 [main] INFO  server.RaftServerConfigKeys (ConfUtils.java:logGet(46)) - raft.server.data-stream.client.pool.size = 10 (default)
2023-08-25 11:32:42,106 [main] INFO  netty.NettyConfigKeys$DataStream (ConfUtils.java:logGet(46)) - raft.netty.dataStream.server.use-epoll = false (default)
2023-08-25 11:32:42,106 [main] INFO  netty.NettyConfigKeys$DataStream (ConfUtils.java:logGet(46)) - raft.netty.dataStream.server.boss-group.size = 0 (default)
2023-08-25 11:32:42,106 [main] INFO  netty.NettyConfigKeys$DataStream (ConfUtils.java:logGet(46)) - raft.netty.dataStream.server.worker-group.size = 0 (default)
2023-08-25 11:32:42,107 [main] INFO  netty.NettyConfigKeys$DataStream (ConfUtils.java:logGet(46)) - raft.netty.dataStream.server.tls.conf = null (default)
2023-08-25 11:32:42,107 [main] INFO  netty.NettyConfigKeys$DataStream (ConfUtils.java:logGet(46)) - raft.netty.dataStream.host = null (default)
2023-08-25 11:32:42,108 [main] INFO  netty.NettyConfigKeys$DataStream (ConfUtils.java:logGet(46)) - raft.netty.dataStream.port = 15024 (custom)
2023-08-25 11:32:42,108 [main] INFO  server.RaftServerConfigKeys (ConfUtils.java:logGet(46)) - raft.server.threadpool.proxy.cached = true (default)
2023-08-25 11:32:42,109 [main] INFO  server.RaftServerConfigKeys (ConfUtils.java:logGet(46)) - raft.server.threadpool.proxy.size = 0 (default)
2023-08-25 11:32:42,109 [main] INFO  server.RaftServerConfigKeys (ConfUtils.java:logGet(46)) - raft.server.rpc.slowness.timeout = 300s (custom)
2023-08-25 11:32:42,109 [main] INFO  server.RaftServerConfigKeys (ConfUtils.java:logGet(46)) - raft.server.leaderelection.leader.step-down.wait-time = 10s (default)
2023-08-25 11:32:42,109 [main] INFO  server.RaftServerConfigKeys (ConfUtils.java:logGet(46)) - raft.server.storage.dir = [/home/runner/work/ozone/ozone/hadoop-ozone/integration-test/target/test-dir/MiniOzoneClusterImpl-168be1a3-dcaf-40a9-aa5d-bf8b77a61b73/datanode-1/data/ratis] (custom)
2023-08-25 11:32:42,119 [13d602e5-043f-4877-ab61-f2512eb11edb-NettyServerStreamRpc-bossGroup--thread1] INFO  logging.LoggingHandler (AbstractInternalLogger.java:log(148)) - [id: 0x17f2dfbc] REGISTERED
2023-08-25 11:32:42,119 [13d602e5-043f-4877-ab61-f2512eb11edb-NettyServerStreamRpc-bossGroup--thread1] INFO  logging.LoggingHandler (AbstractInternalLogger.java:log(148)) - [id: 0x17f2dfbc] BIND: 0.0.0.0/0.0.0.0:15024
2023-08-25 11:32:42,119 [13d602e5-043f-4877-ab61-f2512eb11edb-NettyServerStreamRpc-bossGroup--thread1] INFO  logging.LoggingHandler (AbstractInternalLogger.java:log(148)) - [id: 0x17f2dfbc, L:/0:0:0:0:0:0:0:0:15024] ACTIVE
2023-08-25 11:32:42,120 [13d602e5-043f-4877-ab61-f2512eb11edb-impl-thread1] INFO  server.RaftServer (RaftServerProxy.java:initGroupDir(258)) - 13d602e5-043f-4877-ab61-f2512eb11edb: found a subdirectory /home/runner/work/ozone/ozone/hadoop-ozone/integration-test/target/test-dir/MiniOzoneClusterImpl-168be1a3-dcaf-40a9-aa5d-bf8b77a61b73/datanode-1/data/ratis/tmp
2023-08-25 11:32:42,121 [13d602e5-043f-4877-ab61-f2512eb11edb-impl-thread1] INFO  server.RaftServer (RaftServerProxy.java:initGroupDir(263)) - 13d602e5-043f-4877-ab61-f2512eb11edb: The directory /home/runner/work/ozone/ozone/hadoop-ozone/integration-test/target/test-dir/MiniOzoneClusterImpl-168be1a3-dcaf-40a9-aa5d-bf8b77a61b73/datanode-1/data/ratis/tmp is not a group directory; ignoring it. 
2023-08-25 11:32:42,122 [main] INFO  replication.ReplicationServer (ReplicationServer.java:<init>(81)) - Initializing replication server with thread count = 10
2023-08-25 11:32:42,124 [main] INFO  server.XceiverServerGrpc (XceiverServerGrpc.java:<init>(132)) - GrpcServer channel type EpollServerSocketChannel
2023-08-25 11:32:42,130 [main] INFO  replication.ReplicationSupervisor (ReplicationSupervisor.java:build(155)) - Initializing replication supervisor with thread count = 10
2023-08-25 11:32:42,131 [main] INFO  replication.ReplicationSupervisor (ReplicationSupervisor.java:nodeStateUpdated(307)) - Node state updated to IN_SERVICE, scaling executor pool size to 10
2023-08-25 11:32:42,143 [main] INFO  http.BaseHttpServer (BaseHttpServer.java:newHttpServer2BuilderForOzone(224)) - Starting Web-server for hddsDatanode at: http://0.0.0.0:15018
2023-08-25 11:32:42,143 [main] INFO  http.BaseHttpServer (BaseHttpServer.java:<init>(111)) - Hadoop Security Enabled: false Ozone Security Enabled: false Ozone HTTP Security Enabled: false 
2023-08-25 11:32:42,145 [main] WARN  server.AuthenticationFilter (AuthenticationFilter.java:constructSecretProvider(240)) - Unable to initialize FileSignerSecretProvider, falling back to use random secrets. Reason: Could not read signature secret file: /home/runner/hadoop-http-auth-signature-secret
2023-08-25 11:32:42,147 [main] INFO  http.HttpRequestLog (HttpRequestLog.java:getRequestLog(86)) - Http request log for http.requests.hddsDatanode is not defined
2023-08-25 11:32:42,149 [main] INFO  http.HttpServer2 (HttpServer2.java:addGlobalFilter(1031)) - Added global filter 'safety' (class=org.apache.hadoop.hdds.server.http.HttpServer2$QuotingInputFilter)
2023-08-25 11:32:42,150 [main] INFO  http.HttpServer2 (HttpServer2.java:addFilter(1007)) - Added filter static_user_filter (class=org.apache.hadoop.http.lib.StaticUserWebFilter$StaticUserFilter) to context hddsDatanode
2023-08-25 11:32:42,150 [main] INFO  http.HttpServer2 (HttpServer2.java:addFilter(1015)) - Added filter static_user_filter (class=org.apache.hadoop.http.lib.StaticUserWebFilter$StaticUserFilter) to context static
2023-08-25 11:32:42,150 [main] INFO  http.HttpServer2 (HttpServer2.java:addFilter(1015)) - Added filter static_user_filter (class=org.apache.hadoop.http.lib.StaticUserWebFilter$StaticUserFilter) to context logs
2023-08-25 11:32:42,151 [main] INFO  http.BaseHttpServer (BaseHttpServer.java:<init>(190)) - HTTP server of hddsDatanode uses base directory /home/runner/work/ozone/ozone/hadoop-ozone/integration-test/target/test-dir/MiniOzoneClusterImpl-168be1a3-dcaf-40a9-aa5d-bf8b77a61b73/datanode-1/meta/webserver
2023-08-25 11:32:42,152 [main] INFO  http.HttpServer2 (HttpServer2.java:bindListener(1250)) - Jetty bound to port 15018
2023-08-25 11:32:42,152 [main] INFO  server.Server (Server.java:doStart(375)) - jetty-9.4.51.v20230217; built: 2023-02-17T08:19:37.309Z; git: b45c405e4544384de066f814ed42ae3dceacdd49; jvm 1.8.0_382-b05
2023-08-25 11:32:42,206 [main] INFO  server.session (DefaultSessionIdManager.java:doStart(334)) - DefaultSessionIdManager workerName=node0
2023-08-25 11:32:42,206 [main] INFO  server.session (DefaultSessionIdManager.java:doStart(339)) - No SessionScavenger set, using defaults
2023-08-25 11:32:42,207 [main] INFO  server.session (HouseKeeper.java:startScavenging(132)) - node0 Scavenging every 660000ms
2023-08-25 11:32:42,224 [main] INFO  handler.ContextHandler (ContextHandler.java:doStart(921)) - Started o.e.j.s.ServletContextHandler@4dd7d611{logs,/logs,file:///home/runner/work/ozone/ozone/hadoop-ozone/integration-test/target/log,AVAILABLE}
2023-08-25 11:32:42,225 [main] INFO  handler.ContextHandler (ContextHandler.java:doStart(921)) - Started o.e.j.s.ServletContextHandler@2c9d03ee{static,/static,jar:file:/home/runner/.m2/repository/org/apache/ozone/hdds-container-service/1.4.0-SNAPSHOT/hdds-container-service-1.4.0-SNAPSHOT.jar!/webapps/static,AVAILABLE}
2023-08-25 11:32:42,259 [om1@group-C5BA1605619E-StateMachineUpdater] INFO  ratis.OzoneManagerStateMachine (OzoneManagerStateMachine.java:notifyConfigurationChanged(202)) - Received Configuration change notification from Ratis. New Peer list:
[id: "om1"
address: "localhost:15007"
startupRole: FOLLOWER
]
2023-08-25 11:32:42,287 [Datanode State Machine Task Thread - 0] INFO  datanode.InitDatanodeState (InitDatanodeState.java:persistContainerDatanodeDetails(138)) - DatanodeDetails is persisted to /home/runner/work/ozone/ozone/hadoop-ozone/integration-test/target/test-dir/MiniOzoneClusterImpl-168be1a3-dcaf-40a9-aa5d-bf8b77a61b73/datanode-0/meta/datanode.id
2023-08-25 11:32:42,514 [main] INFO  handler.ContextHandler (ContextHandler.java:doStart(921)) - Started o.e.j.w.WebAppContext@6a964c56{hddsDatanode,/,file:///home/runner/work/ozone/ozone/hadoop-ozone/integration-test/target/test-dir/MiniOzoneClusterImpl-168be1a3-dcaf-40a9-aa5d-bf8b77a61b73/datanode-1/meta/webserver/jetty-0_0_0_0-15018-hdds-container-service-1_4_0-SNAPSHOT_jar-_-any-407739453218535193/webapp/,AVAILABLE}{jar:file:/home/runner/.m2/repository/org/apache/ozone/hdds-container-service/1.4.0-SNAPSHOT/hdds-container-service-1.4.0-SNAPSHOT.jar!/webapps/hddsDatanode}
2023-08-25 11:32:42,515 [main] INFO  server.AbstractConnector (AbstractConnector.java:doStart(333)) - Started ServerConnector@4e5ac0b4{HTTP/1.1, (http/1.1)}{0.0.0.0:15018}
2023-08-25 11:32:42,516 [main] INFO  server.Server (Server.java:doStart(415)) - Started @12844ms
2023-08-25 11:32:42,516 [main] WARN  impl.MetricsSystemImpl (MetricsSystemImpl.java:register(279)) - Sink prometheus already exists!
2023-08-25 11:32:42,517 [main] INFO  http.BaseHttpServer (BaseHttpServer.java:updateConnectorAddress(344)) - HTTP server of hddsDatanode listening at http://0.0.0.0:15018
2023-08-25 11:32:42,517 [main] INFO  ipc.CallQueueManager (CallQueueManager.java:<init>(90)) - Using callQueue: class java.util.concurrent.LinkedBlockingQueue, queueCapacity: 100, scheduler: class org.apache.hadoop.ipc.DefaultRpcScheduler, ipcBackoff: false.
2023-08-25 11:32:42,517 [main] INFO  ipc.Server (Server.java:<init>(1287)) - Listener at 0.0.0.0:15019
2023-08-25 11:32:42,522 [Socket Reader #1 for port 15019] INFO  ipc.Server (Server.java:run(1323)) - Starting Socket Reader #1 for port 15019
2023-08-25 11:32:42,542 [main] INFO  ozone.HddsDatanodeService (HddsDatanodeService.java:start(315)) - Datanode start with admins: [runner]
2023-08-25 11:32:42,543 [main] INFO  ozone.HddsDatanodeClientProtocolServer (HddsDatanodeClientProtocolServer.java:start(72)) - RPC server for Client /0.0.0.0:15019
2023-08-25 11:32:42,543 [IPC Server Responder] INFO  ipc.Server (Server.java:run(1562)) - IPC Server Responder: starting
2023-08-25 11:32:42,544 [IPC Server listener on 15019] INFO  ipc.Server (Server.java:run(1402)) - IPC Server listener on 15019: starting
2023-08-25 11:32:42,545 [main] WARN  impl.MetricRegistriesImpl (MetricRegistriesImpl.java:addReporterRegistration(111)) - New reporters are added after registries were created. Some metrics will be missing from the reporter. Please add reporter before adding any new registry.
2023-08-25 11:32:42,545 [main] WARN  impl.MetricRegistriesImpl (MetricRegistriesImpl.java:addReporterRegistration(111)) - New reporters are added after registries were created. Some metrics will be missing from the reporter. Please add reporter before adding any new registry.
2023-08-25 11:32:42,546 [main] INFO  impl.MetricsSystemImpl (MetricsSystemImpl.java:init(158)) - HddsDatanode metrics system started (again)
2023-08-25 11:32:42,557 [Datanode State Machine Daemon Thread] INFO  statemachine.DatanodeStateMachine (DatanodeStateMachine.java:lambda$startDaemon$0(538)) - Ozone container server started.
2023-08-25 11:32:42,562 [main] INFO  ozone.HddsDatanodeService (HddsDatanodeService.java:start(237)) - HddsDatanodeService host:fv-az508-118.q1hezrx03woe3mvmfegnvhq0ah.dx.internal.cloudapp.net ip:10.1.0.52
2023-08-25 11:32:42,585 [Datanode State Machine Task Thread - 0] INFO  datanode.InitDatanodeState (InitDatanodeState.java:persistContainerDatanodeDetails(138)) - DatanodeDetails is persisted to /home/runner/work/ozone/ozone/hadoop-ozone/integration-test/target/test-dir/MiniOzoneClusterImpl-168be1a3-dcaf-40a9-aa5d-bf8b77a61b73/datanode-1/meta/datanode.id
2023-08-25 11:32:42,602 [main] INFO  upgrade.AbstractLayoutVersionManager (AbstractLayoutVersionManager.java:init(83)) - Initializing Layout version manager with metadata layout = HADOOP_PRC_PORTS_IN_DATANODEDETAILS (version = 7), software layout = HADOOP_PRC_PORTS_IN_DATANODEDETAILS (version = 7)
2023-08-25 11:32:42,603 [main] INFO  statemachine.DatanodeStateMachine (DatanodeStateMachine.java:getEndPointTaskThreadPoolSize(282)) - Datanode State Machine Task Thread Pool size 2
2023-08-25 11:32:42,608 [main] INFO  volume.HddsVolume (HddsVolume.java:<init>(126)) - Creating HddsVolume: /home/runner/work/ozone/ozone/hadoop-ozone/integration-test/target/test-dir/MiniOzoneClusterImpl-168be1a3-dcaf-40a9-aa5d-bf8b77a61b73/datanode-2/data-0/containers/hdds of storage type : DISK capacity : 9223372036854775807
2023-08-25 11:32:42,609 [main] INFO  volume.MutableVolumeSet (MutableVolumeSet.java:initializeVolumeSet(173)) - Added Volume : /home/runner/work/ozone/ozone/hadoop-ozone/integration-test/target/test-dir/MiniOzoneClusterImpl-168be1a3-dcaf-40a9-aa5d-bf8b77a61b73/datanode-2/data-0/containers/hdds to VolumeSet
2023-08-25 11:32:42,611 [main] INFO  volume.MutableVolumeSet (MutableVolumeSet.java:initializeVolumeSet(173)) - Added Volume : /home/runner/work/ozone/ozone/hadoop-ozone/integration-test/target/test-dir/MiniOzoneClusterImpl-168be1a3-dcaf-40a9-aa5d-bf8b77a61b73/datanode-2/data/ratis to VolumeSet
2023-08-25 11:32:42,618 [Thread-176] INFO  ozoneimpl.ContainerReader (ContainerReader.java:readVolume(177)) - Finish verifying containers on volume /home/runner/work/ozone/ozone/hadoop-ozone/integration-test/target/test-dir/MiniOzoneClusterImpl-168be1a3-dcaf-40a9-aa5d-bf8b77a61b73/datanode-2/data-0/containers/hdds
2023-08-25 11:32:42,618 [main] INFO  ozoneimpl.OzoneContainer (OzoneContainer.java:buildContainerSet(314)) - Build ContainerSet costs 0s
2023-08-25 11:32:42,631 [main] INFO  server.RaftServer (ConfUtils.java:logGet(46)) - raft.rpc.type = GRPC (default)
2023-08-25 11:32:42,631 [main] INFO  grpc.GrpcConfigKeys (ConfUtils.java:logFallback(53)) - raft.grpc.admin.host = null (fallback to raft.grpc.server.host)
2023-08-25 11:32:42,631 [main] INFO  grpc.GrpcConfigKeys (ConfUtils.java:logGet(46)) - raft.grpc.admin.port = 15031 (custom)
2023-08-25 11:32:42,631 [main] INFO  grpc.GrpcConfigKeys (ConfUtils.java:logFallback(53)) - raft.grpc.client.host = null (fallback to raft.grpc.server.host)
2023-08-25 11:32:42,631 [main] INFO  grpc.GrpcConfigKeys (ConfUtils.java:logGet(46)) - raft.grpc.client.port = 15030 (custom)
2023-08-25 11:32:42,632 [main] INFO  grpc.GrpcConfigKeys (ConfUtils.java:logGet(46)) - raft.grpc.server.host = null (default)
2023-08-25 11:32:42,632 [main] INFO  grpc.GrpcConfigKeys (ConfUtils.java:logGet(46)) - raft.grpc.server.port = 15032 (custom)
2023-08-25 11:32:42,632 [main] INFO  server.GrpcService (ConfUtils.java:logGet(46)) - raft.grpc.message.size.max = 32MB (=33554432) (custom)
2023-08-25 11:32:42,632 [main] INFO  server.RaftServerConfigKeys (ConfUtils.java:logGet(46)) - raft.server.log.appender.buffer.byte-limit = 33554432 (custom)
2023-08-25 11:32:42,632 [main] INFO  server.GrpcService (ConfUtils.java:logGet(46)) - raft.grpc.flow.control.window = 5MB (=5242880) (custom)
2023-08-25 11:32:42,633 [main] INFO  server.RaftServerConfigKeys (ConfUtils.java:logGet(46)) - raft.server.rpc.request.timeout = 60s (custom)
2023-08-25 11:32:42,633 [main] INFO  grpc.GrpcConfigKeys (ConfUtils.java:logGet(46)) - raft.grpc.server.heartbeat.channel = true (default)
2023-08-25 11:32:42,633 [main] INFO  grpc.GrpcConfigKeys (ConfUtils.java:logGet(46)) - raft.grpc.server.async.request.thread.pool.cached = true (default)
2023-08-25 11:32:42,633 [main] INFO  grpc.GrpcConfigKeys (ConfUtils.java:logGet(46)) - raft.grpc.server.async.request.thread.pool.size = 32 (default)
2023-08-25 11:32:42,636 [main] INFO  impl.DataStreamServerImpl (ConfUtils.java:logGet(46)) - raft.datastream.type = NETTY (custom)
2023-08-25 11:32:42,637 [main] INFO  server.RaftServerConfigKeys (ConfUtils.java:logGet(46)) - raft.server.data-stream.async.request.thread.pool.cached = false (default)
2023-08-25 11:32:42,637 [main] INFO  server.RaftServerConfigKeys (ConfUtils.java:logGet(46)) - raft.server.data-stream.async.request.thread.pool.size = 20 (custom)
2023-08-25 11:32:42,637 [main] INFO  server.RaftServerConfigKeys (ConfUtils.java:logGet(46)) - raft.server.data-stream.async.write.thread.pool.size = 16 (default)
2023-08-25 11:32:42,637 [main] INFO  server.RaftServerConfigKeys (ConfUtils.java:logGet(46)) - raft.server.data-stream.client.pool.size = 10 (default)
2023-08-25 11:32:42,641 [main] INFO  netty.NettyConfigKeys$DataStream (ConfUtils.java:logGet(46)) - raft.netty.dataStream.server.use-epoll = false (default)
2023-08-25 11:32:42,641 [main] INFO  netty.NettyConfigKeys$DataStream (ConfUtils.java:logGet(46)) - raft.netty.dataStream.server.boss-group.size = 0 (default)
2023-08-25 11:32:42,643 [main] INFO  netty.NettyConfigKeys$DataStream (ConfUtils.java:logGet(46)) - raft.netty.dataStream.server.worker-group.size = 0 (default)
2023-08-25 11:32:42,644 [main] INFO  netty.NettyConfigKeys$DataStream (ConfUtils.java:logGet(46)) - raft.netty.dataStream.server.tls.conf = null (default)
2023-08-25 11:32:42,644 [main] INFO  netty.NettyConfigKeys$DataStream (ConfUtils.java:logGet(46)) - raft.netty.dataStream.host = null (default)
2023-08-25 11:32:42,644 [main] INFO  netty.NettyConfigKeys$DataStream (ConfUtils.java:logGet(46)) - raft.netty.dataStream.port = 15033 (custom)
2023-08-25 11:32:42,645 [main] INFO  server.RaftServerConfigKeys (ConfUtils.java:logGet(46)) - raft.server.threadpool.proxy.cached = true (default)
2023-08-25 11:32:42,646 [main] INFO  server.RaftServerConfigKeys (ConfUtils.java:logGet(46)) - raft.server.threadpool.proxy.size = 0 (default)
2023-08-25 11:32:42,646 [ead66fe0-0d51-45f6-a40c-8e2915dd9a2f-NettyServerStreamRpc-bossGroup--thread1] INFO  logging.LoggingHandler (AbstractInternalLogger.java:log(148)) - [id: 0xcb12791c] REGISTERED
2023-08-25 11:32:42,646 [main] INFO  server.RaftServerConfigKeys (ConfUtils.java:logGet(46)) - raft.server.rpc.slowness.timeout = 300s (custom)
2023-08-25 11:32:42,647 [ead66fe0-0d51-45f6-a40c-8e2915dd9a2f-NettyServerStreamRpc-bossGroup--thread1] INFO  logging.LoggingHandler (AbstractInternalLogger.java:log(148)) - [id: 0xcb12791c] BIND: 0.0.0.0/0.0.0.0:15033
2023-08-25 11:32:42,647 [main] INFO  server.RaftServerConfigKeys (ConfUtils.java:logGet(46)) - raft.server.leaderelection.leader.step-down.wait-time = 10s (default)
2023-08-25 11:32:42,647 [ead66fe0-0d51-45f6-a40c-8e2915dd9a2f-NettyServerStreamRpc-bossGroup--thread1] INFO  logging.LoggingHandler (AbstractInternalLogger.java:log(148)) - [id: 0xcb12791c, L:/0:0:0:0:0:0:0:0:15033] ACTIVE
2023-08-25 11:32:42,647 [main] INFO  server.RaftServerConfigKeys (ConfUtils.java:logGet(46)) - raft.server.storage.dir = [/home/runner/work/ozone/ozone/hadoop-ozone/integration-test/target/test-dir/MiniOzoneClusterImpl-168be1a3-dcaf-40a9-aa5d-bf8b77a61b73/datanode-2/data/ratis] (custom)
2023-08-25 11:32:42,648 [ead66fe0-0d51-45f6-a40c-8e2915dd9a2f-impl-thread1] INFO  server.RaftServer (RaftServerProxy.java:initGroupDir(258)) - ead66fe0-0d51-45f6-a40c-8e2915dd9a2f: found a subdirectory /home/runner/work/ozone/ozone/hadoop-ozone/integration-test/target/test-dir/MiniOzoneClusterImpl-168be1a3-dcaf-40a9-aa5d-bf8b77a61b73/datanode-2/data/ratis/tmp
2023-08-25 11:32:42,648 [ead66fe0-0d51-45f6-a40c-8e2915dd9a2f-impl-thread1] INFO  server.RaftServer (RaftServerProxy.java:initGroupDir(263)) - ead66fe0-0d51-45f6-a40c-8e2915dd9a2f: The directory /home/runner/work/ozone/ozone/hadoop-ozone/integration-test/target/test-dir/MiniOzoneClusterImpl-168be1a3-dcaf-40a9-aa5d-bf8b77a61b73/datanode-2/data/ratis/tmp is not a group directory; ignoring it. 
2023-08-25 11:32:42,648 [main] INFO  replication.ReplicationServer (ReplicationServer.java:<init>(81)) - Initializing replication server with thread count = 10
2023-08-25 11:32:42,650 [main] INFO  server.XceiverServerGrpc (XceiverServerGrpc.java:<init>(132)) - GrpcServer channel type EpollServerSocketChannel
2023-08-25 11:32:42,662 [main] INFO  replication.ReplicationSupervisor (ReplicationSupervisor.java:build(155)) - Initializing replication supervisor with thread count = 10
2023-08-25 11:32:42,662 [main] INFO  replication.ReplicationSupervisor (ReplicationSupervisor.java:nodeStateUpdated(307)) - Node state updated to IN_SERVICE, scaling executor pool size to 10
2023-08-25 11:32:42,677 [main] INFO  http.BaseHttpServer (BaseHttpServer.java:newHttpServer2BuilderForOzone(224)) - Starting Web-server for hddsDatanode at: http://0.0.0.0:15027
2023-08-25 11:32:42,677 [main] INFO  http.BaseHttpServer (BaseHttpServer.java:<init>(111)) - Hadoop Security Enabled: false Ozone Security Enabled: false Ozone HTTP Security Enabled: false 
2023-08-25 11:32:42,679 [main] WARN  server.AuthenticationFilter (AuthenticationFilter.java:constructSecretProvider(240)) - Unable to initialize FileSignerSecretProvider, falling back to use random secrets. Reason: Could not read signature secret file: /home/runner/hadoop-http-auth-signature-secret
2023-08-25 11:32:42,681 [main] INFO  http.HttpRequestLog (HttpRequestLog.java:getRequestLog(86)) - Http request log for http.requests.hddsDatanode is not defined
2023-08-25 11:32:42,682 [main] INFO  http.HttpServer2 (HttpServer2.java:addGlobalFilter(1031)) - Added global filter 'safety' (class=org.apache.hadoop.hdds.server.http.HttpServer2$QuotingInputFilter)
2023-08-25 11:32:42,684 [main] INFO  http.HttpServer2 (HttpServer2.java:addFilter(1007)) - Added filter static_user_filter (class=org.apache.hadoop.http.lib.StaticUserWebFilter$StaticUserFilter) to context hddsDatanode
2023-08-25 11:32:42,684 [main] INFO  http.HttpServer2 (HttpServer2.java:addFilter(1015)) - Added filter static_user_filter (class=org.apache.hadoop.http.lib.StaticUserWebFilter$StaticUserFilter) to context static
2023-08-25 11:32:42,684 [main] INFO  http.HttpServer2 (HttpServer2.java:addFilter(1015)) - Added filter static_user_filter (class=org.apache.hadoop.http.lib.StaticUserWebFilter$StaticUserFilter) to context logs
2023-08-25 11:32:42,687 [main] INFO  http.BaseHttpServer (BaseHttpServer.java:<init>(190)) - HTTP server of hddsDatanode uses base directory /home/runner/work/ozone/ozone/hadoop-ozone/integration-test/target/test-dir/MiniOzoneClusterImpl-168be1a3-dcaf-40a9-aa5d-bf8b77a61b73/datanode-2/meta/webserver
2023-08-25 11:32:42,687 [main] INFO  http.HttpServer2 (HttpServer2.java:bindListener(1250)) - Jetty bound to port 15027
2023-08-25 11:32:42,688 [main] INFO  server.Server (Server.java:doStart(375)) - jetty-9.4.51.v20230217; built: 2023-02-17T08:19:37.309Z; git: b45c405e4544384de066f814ed42ae3dceacdd49; jvm 1.8.0_382-b05
2023-08-25 11:32:42,692 [main] INFO  server.session (DefaultSessionIdManager.java:doStart(334)) - DefaultSessionIdManager workerName=node0
2023-08-25 11:32:42,692 [main] INFO  server.session (DefaultSessionIdManager.java:doStart(339)) - No SessionScavenger set, using defaults
2023-08-25 11:32:42,692 [main] INFO  server.session (HouseKeeper.java:startScavenging(132)) - node0 Scavenging every 660000ms
2023-08-25 11:32:42,697 [main] INFO  handler.ContextHandler (ContextHandler.java:doStart(921)) - Started o.e.j.s.ServletContextHandler@104474b0{logs,/logs,file:///home/runner/work/ozone/ozone/hadoop-ozone/integration-test/target/log,AVAILABLE}
2023-08-25 11:32:42,697 [main] INFO  handler.ContextHandler (ContextHandler.java:doStart(921)) - Started o.e.j.s.ServletContextHandler@28ff7c5c{static,/static,jar:file:/home/runner/.m2/repository/org/apache/ozone/hdds-container-service/1.4.0-SNAPSHOT/hdds-container-service-1.4.0-SNAPSHOT.jar!/webapps/static,AVAILABLE}
2023-08-25 11:32:42,987 [main] INFO  handler.ContextHandler (ContextHandler.java:doStart(921)) - Started o.e.j.w.WebAppContext@74b0f057{hddsDatanode,/,file:///home/runner/work/ozone/ozone/hadoop-ozone/integration-test/target/test-dir/MiniOzoneClusterImpl-168be1a3-dcaf-40a9-aa5d-bf8b77a61b73/datanode-2/meta/webserver/jetty-0_0_0_0-15027-hdds-container-service-1_4_0-SNAPSHOT_jar-_-any-2207607451857813907/webapp/,AVAILABLE}{jar:file:/home/runner/.m2/repository/org/apache/ozone/hdds-container-service/1.4.0-SNAPSHOT/hdds-container-service-1.4.0-SNAPSHOT.jar!/webapps/hddsDatanode}
2023-08-25 11:32:42,989 [main] INFO  server.AbstractConnector (AbstractConnector.java:doStart(333)) - Started ServerConnector@73fbe2ce{HTTP/1.1, (http/1.1)}{0.0.0.0:15027}
2023-08-25 11:32:42,989 [main] INFO  server.Server (Server.java:doStart(415)) - Started @13318ms
2023-08-25 11:32:42,989 [main] WARN  impl.MetricsSystemImpl (MetricsSystemImpl.java:register(279)) - Sink prometheus already exists!
2023-08-25 11:32:42,990 [main] INFO  http.BaseHttpServer (BaseHttpServer.java:updateConnectorAddress(344)) - HTTP server of hddsDatanode listening at http://0.0.0.0:15027
2023-08-25 11:32:42,990 [main] INFO  ipc.CallQueueManager (CallQueueManager.java:<init>(90)) - Using callQueue: class java.util.concurrent.LinkedBlockingQueue, queueCapacity: 100, scheduler: class org.apache.hadoop.ipc.DefaultRpcScheduler, ipcBackoff: false.
2023-08-25 11:32:42,991 [main] INFO  ipc.Server (Server.java:<init>(1287)) - Listener at 0.0.0.0:15028
2023-08-25 11:32:42,994 [Socket Reader #1 for port 15028] INFO  ipc.Server (Server.java:run(1323)) - Starting Socket Reader #1 for port 15028
2023-08-25 11:32:43,001 [main] INFO  ozone.HddsDatanodeService (HddsDatanodeService.java:start(315)) - Datanode start with admins: [runner]
2023-08-25 11:32:43,002 [main] INFO  ozone.HddsDatanodeClientProtocolServer (HddsDatanodeClientProtocolServer.java:start(72)) - RPC server for Client /0.0.0.0:15028
2023-08-25 11:32:43,002 [IPC Server Responder] INFO  ipc.Server (Server.java:run(1562)) - IPC Server Responder: starting
2023-08-25 11:32:43,003 [main] WARN  impl.MetricRegistriesImpl (MetricRegistriesImpl.java:addReporterRegistration(111)) - New reporters are added after registries were created. Some metrics will be missing from the reporter. Please add reporter before adding any new registry.
2023-08-25 11:32:43,003 [main] WARN  impl.MetricRegistriesImpl (MetricRegistriesImpl.java:addReporterRegistration(111)) - New reporters are added after registries were created. Some metrics will be missing from the reporter. Please add reporter before adding any new registry.
2023-08-25 11:32:43,003 [main] INFO  impl.MetricsSystemImpl (MetricsSystemImpl.java:init(158)) - HddsDatanode metrics system started (again)
2023-08-25 11:32:43,005 [Datanode State Machine Daemon Thread] INFO  statemachine.DatanodeStateMachine (DatanodeStateMachine.java:lambda$startDaemon$0(538)) - Ozone container server started.
2023-08-25 11:32:43,006 [IPC Server listener on 15028] INFO  ipc.Server (Server.java:run(1402)) - IPC Server listener on 15028: starting
2023-08-25 11:32:43,021 [main] INFO  ozone.HddsDatanodeService (HddsDatanodeService.java:start(237)) - HddsDatanodeService host:fv-az508-118.q1hezrx03woe3mvmfegnvhq0ah.dx.internal.cloudapp.net ip:10.1.0.52
2023-08-25 11:32:43,031 [Datanode State Machine Task Thread - 0] INFO  datanode.InitDatanodeState (InitDatanodeState.java:persistContainerDatanodeDetails(138)) - DatanodeDetails is persisted to /home/runner/work/ozone/ozone/hadoop-ozone/integration-test/target/test-dir/MiniOzoneClusterImpl-168be1a3-dcaf-40a9-aa5d-bf8b77a61b73/datanode-2/meta/datanode.id
2023-08-25 11:32:43,069 [main] INFO  upgrade.AbstractLayoutVersionManager (AbstractLayoutVersionManager.java:init(83)) - Initializing Layout version manager with metadata layout = HADOOP_PRC_PORTS_IN_DATANODEDETAILS (version = 7), software layout = HADOOP_PRC_PORTS_IN_DATANODEDETAILS (version = 7)
2023-08-25 11:32:43,071 [main] INFO  statemachine.DatanodeStateMachine (DatanodeStateMachine.java:getEndPointTaskThreadPoolSize(282)) - Datanode State Machine Task Thread Pool size 2
2023-08-25 11:32:43,073 [main] INFO  volume.HddsVolume (HddsVolume.java:<init>(126)) - Creating HddsVolume: /home/runner/work/ozone/ozone/hadoop-ozone/integration-test/target/test-dir/MiniOzoneClusterImpl-168be1a3-dcaf-40a9-aa5d-bf8b77a61b73/datanode-3/data-0/containers/hdds of storage type : DISK capacity : 9223372036854775807
2023-08-25 11:32:43,074 [main] INFO  volume.MutableVolumeSet (MutableVolumeSet.java:initializeVolumeSet(173)) - Added Volume : /home/runner/work/ozone/ozone/hadoop-ozone/integration-test/target/test-dir/MiniOzoneClusterImpl-168be1a3-dcaf-40a9-aa5d-bf8b77a61b73/datanode-3/data-0/containers/hdds to VolumeSet
2023-08-25 11:32:43,075 [main] INFO  volume.MutableVolumeSet (MutableVolumeSet.java:initializeVolumeSet(173)) - Added Volume : /home/runner/work/ozone/ozone/hadoop-ozone/integration-test/target/test-dir/MiniOzoneClusterImpl-168be1a3-dcaf-40a9-aa5d-bf8b77a61b73/datanode-3/data/ratis to VolumeSet
2023-08-25 11:32:43,076 [Thread-193] INFO  ozoneimpl.ContainerReader (ContainerReader.java:readVolume(177)) - Finish verifying containers on volume /home/runner/work/ozone/ozone/hadoop-ozone/integration-test/target/test-dir/MiniOzoneClusterImpl-168be1a3-dcaf-40a9-aa5d-bf8b77a61b73/datanode-3/data-0/containers/hdds
2023-08-25 11:32:43,076 [main] INFO  ozoneimpl.OzoneContainer (OzoneContainer.java:buildContainerSet(314)) - Build ContainerSet costs 0s
2023-08-25 11:32:43,081 [main] INFO  server.RaftServer (ConfUtils.java:logGet(46)) - raft.rpc.type = GRPC (default)
2023-08-25 11:32:43,081 [main] INFO  grpc.GrpcConfigKeys (ConfUtils.java:logFallback(53)) - raft.grpc.admin.host = null (fallback to raft.grpc.server.host)
2023-08-25 11:32:43,082 [main] INFO  grpc.GrpcConfigKeys (ConfUtils.java:logGet(46)) - raft.grpc.admin.port = 15040 (custom)
2023-08-25 11:32:43,082 [main] INFO  grpc.GrpcConfigKeys (ConfUtils.java:logFallback(53)) - raft.grpc.client.host = null (fallback to raft.grpc.server.host)
2023-08-25 11:32:43,082 [main] INFO  grpc.GrpcConfigKeys (ConfUtils.java:logGet(46)) - raft.grpc.client.port = 15039 (custom)
2023-08-25 11:32:43,082 [main] INFO  grpc.GrpcConfigKeys (ConfUtils.java:logGet(46)) - raft.grpc.server.host = null (default)
2023-08-25 11:32:43,082 [main] INFO  grpc.GrpcConfigKeys (ConfUtils.java:logGet(46)) - raft.grpc.server.port = 15041 (custom)
2023-08-25 11:32:43,082 [main] INFO  server.GrpcService (ConfUtils.java:logGet(46)) - raft.grpc.message.size.max = 32MB (=33554432) (custom)
2023-08-25 11:32:43,083 [main] INFO  server.RaftServerConfigKeys (ConfUtils.java:logGet(46)) - raft.server.log.appender.buffer.byte-limit = 33554432 (custom)
2023-08-25 11:32:43,083 [main] INFO  server.GrpcService (ConfUtils.java:logGet(46)) - raft.grpc.flow.control.window = 5MB (=5242880) (custom)
2023-08-25 11:32:43,083 [main] INFO  server.RaftServerConfigKeys (ConfUtils.java:logGet(46)) - raft.server.rpc.request.timeout = 60s (custom)
2023-08-25 11:32:43,084 [main] INFO  grpc.GrpcConfigKeys (ConfUtils.java:logGet(46)) - raft.grpc.server.heartbeat.channel = true (default)
2023-08-25 11:32:43,084 [main] INFO  grpc.GrpcConfigKeys (ConfUtils.java:logGet(46)) - raft.grpc.server.async.request.thread.pool.cached = true (default)
2023-08-25 11:32:43,084 [main] INFO  grpc.GrpcConfigKeys (ConfUtils.java:logGet(46)) - raft.grpc.server.async.request.thread.pool.size = 32 (default)
2023-08-25 11:32:43,088 [main] INFO  impl.DataStreamServerImpl (ConfUtils.java:logGet(46)) - raft.datastream.type = NETTY (custom)
2023-08-25 11:32:43,088 [main] INFO  server.RaftServerConfigKeys (ConfUtils.java:logGet(46)) - raft.server.data-stream.async.request.thread.pool.cached = false (default)
2023-08-25 11:32:43,088 [main] INFO  server.RaftServerConfigKeys (ConfUtils.java:logGet(46)) - raft.server.data-stream.async.request.thread.pool.size = 20 (custom)
2023-08-25 11:32:43,089 [main] INFO  server.RaftServerConfigKeys (ConfUtils.java:logGet(46)) - raft.server.data-stream.async.write.thread.pool.size = 16 (default)
2023-08-25 11:32:43,089 [main] INFO  server.RaftServerConfigKeys (ConfUtils.java:logGet(46)) - raft.server.data-stream.client.pool.size = 10 (default)
2023-08-25 11:32:43,089 [main] INFO  netty.NettyConfigKeys$DataStream (ConfUtils.java:logGet(46)) - raft.netty.dataStream.server.use-epoll = false (default)
2023-08-25 11:32:43,089 [main] INFO  netty.NettyConfigKeys$DataStream (ConfUtils.java:logGet(46)) - raft.netty.dataStream.server.boss-group.size = 0 (default)
2023-08-25 11:32:43,090 [main] INFO  netty.NettyConfigKeys$DataStream (ConfUtils.java:logGet(46)) - raft.netty.dataStream.server.worker-group.size = 0 (default)
2023-08-25 11:32:43,090 [main] INFO  netty.NettyConfigKeys$DataStream (ConfUtils.java:logGet(46)) - raft.netty.dataStream.server.tls.conf = null (default)
2023-08-25 11:32:43,091 [main] INFO  netty.NettyConfigKeys$DataStream (ConfUtils.java:logGet(46)) - raft.netty.dataStream.host = null (default)
2023-08-25 11:32:43,091 [main] INFO  netty.NettyConfigKeys$DataStream (ConfUtils.java:logGet(46)) - raft.netty.dataStream.port = 15042 (custom)
2023-08-25 11:32:43,091 [main] INFO  server.RaftServerConfigKeys (ConfUtils.java:logGet(46)) - raft.server.threadpool.proxy.cached = true (default)
2023-08-25 11:32:43,092 [main] INFO  server.RaftServerConfigKeys (ConfUtils.java:logGet(46)) - raft.server.threadpool.proxy.size = 0 (default)
2023-08-25 11:32:43,092 [main] INFO  server.RaftServerConfigKeys (ConfUtils.java:logGet(46)) - raft.server.rpc.slowness.timeout = 300s (custom)
2023-08-25 11:32:43,092 [main] INFO  server.RaftServerConfigKeys (ConfUtils.java:logGet(46)) - raft.server.leaderelection.leader.step-down.wait-time = 10s (default)
2023-08-25 11:32:43,092 [main] INFO  server.RaftServerConfigKeys (ConfUtils.java:logGet(46)) - raft.server.storage.dir = [/home/runner/work/ozone/ozone/hadoop-ozone/integration-test/target/test-dir/MiniOzoneClusterImpl-168be1a3-dcaf-40a9-aa5d-bf8b77a61b73/datanode-3/data/ratis] (custom)
2023-08-25 11:32:43,098 [4dcd1767-97a9-4f87-b8f8-fe0ca563ef05-NettyServerStreamRpc-bossGroup--thread1] INFO  logging.LoggingHandler (AbstractInternalLogger.java:log(148)) - [id: 0x015e50e7] REGISTERED
2023-08-25 11:32:43,099 [4dcd1767-97a9-4f87-b8f8-fe0ca563ef05-impl-thread1] INFO  server.RaftServer (RaftServerProxy.java:initGroupDir(258)) - 4dcd1767-97a9-4f87-b8f8-fe0ca563ef05: found a subdirectory /home/runner/work/ozone/ozone/hadoop-ozone/integration-test/target/test-dir/MiniOzoneClusterImpl-168be1a3-dcaf-40a9-aa5d-bf8b77a61b73/datanode-3/data/ratis/tmp
2023-08-25 11:32:43,099 [4dcd1767-97a9-4f87-b8f8-fe0ca563ef05-NettyServerStreamRpc-bossGroup--thread1] INFO  logging.LoggingHandler (AbstractInternalLogger.java:log(148)) - [id: 0x015e50e7] BIND: 0.0.0.0/0.0.0.0:15042
2023-08-25 11:32:43,099 [4dcd1767-97a9-4f87-b8f8-fe0ca563ef05-NettyServerStreamRpc-bossGroup--thread1] INFO  logging.LoggingHandler (AbstractInternalLogger.java:log(148)) - [id: 0x015e50e7, L:/0:0:0:0:0:0:0:0:15042] ACTIVE
2023-08-25 11:32:43,099 [4dcd1767-97a9-4f87-b8f8-fe0ca563ef05-impl-thread1] INFO  server.RaftServer (RaftServerProxy.java:initGroupDir(263)) - 4dcd1767-97a9-4f87-b8f8-fe0ca563ef05: The directory /home/runner/work/ozone/ozone/hadoop-ozone/integration-test/target/test-dir/MiniOzoneClusterImpl-168be1a3-dcaf-40a9-aa5d-bf8b77a61b73/datanode-3/data/ratis/tmp is not a group directory; ignoring it. 
2023-08-25 11:32:43,100 [main] INFO  replication.ReplicationServer (ReplicationServer.java:<init>(81)) - Initializing replication server with thread count = 10
2023-08-25 11:32:43,102 [main] INFO  server.XceiverServerGrpc (XceiverServerGrpc.java:<init>(132)) - GrpcServer channel type EpollServerSocketChannel
2023-08-25 11:32:43,104 [main] INFO  replication.ReplicationSupervisor (ReplicationSupervisor.java:build(155)) - Initializing replication supervisor with thread count = 10
2023-08-25 11:32:43,104 [main] INFO  replication.ReplicationSupervisor (ReplicationSupervisor.java:nodeStateUpdated(307)) - Node state updated to IN_SERVICE, scaling executor pool size to 10
2023-08-25 11:32:43,107 [main] INFO  http.BaseHttpServer (BaseHttpServer.java:newHttpServer2BuilderForOzone(224)) - Starting Web-server for hddsDatanode at: http://0.0.0.0:15036
2023-08-25 11:32:43,107 [main] INFO  http.BaseHttpServer (BaseHttpServer.java:<init>(111)) - Hadoop Security Enabled: false Ozone Security Enabled: false Ozone HTTP Security Enabled: false 
2023-08-25 11:32:43,109 [main] WARN  server.AuthenticationFilter (AuthenticationFilter.java:constructSecretProvider(240)) - Unable to initialize FileSignerSecretProvider, falling back to use random secrets. Reason: Could not read signature secret file: /home/runner/hadoop-http-auth-signature-secret
2023-08-25 11:32:43,117 [main] INFO  http.HttpRequestLog (HttpRequestLog.java:getRequestLog(86)) - Http request log for http.requests.hddsDatanode is not defined
2023-08-25 11:32:43,121 [main] INFO  http.HttpServer2 (HttpServer2.java:addGlobalFilter(1031)) - Added global filter 'safety' (class=org.apache.hadoop.hdds.server.http.HttpServer2$QuotingInputFilter)
2023-08-25 11:32:43,123 [main] INFO  http.HttpServer2 (HttpServer2.java:addFilter(1007)) - Added filter static_user_filter (class=org.apache.hadoop.http.lib.StaticUserWebFilter$StaticUserFilter) to context hddsDatanode
2023-08-25 11:32:43,123 [main] INFO  http.HttpServer2 (HttpServer2.java:addFilter(1015)) - Added filter static_user_filter (class=org.apache.hadoop.http.lib.StaticUserWebFilter$StaticUserFilter) to context static
2023-08-25 11:32:43,123 [main] INFO  http.HttpServer2 (HttpServer2.java:addFilter(1015)) - Added filter static_user_filter (class=org.apache.hadoop.http.lib.StaticUserWebFilter$StaticUserFilter) to context logs
2023-08-25 11:32:43,126 [main] INFO  http.BaseHttpServer (BaseHttpServer.java:<init>(190)) - HTTP server of hddsDatanode uses base directory /home/runner/work/ozone/ozone/hadoop-ozone/integration-test/target/test-dir/MiniOzoneClusterImpl-168be1a3-dcaf-40a9-aa5d-bf8b77a61b73/datanode-3/meta/webserver
2023-08-25 11:32:43,126 [main] INFO  http.HttpServer2 (HttpServer2.java:bindListener(1250)) - Jetty bound to port 15036
2023-08-25 11:32:43,126 [main] INFO  server.Server (Server.java:doStart(375)) - jetty-9.4.51.v20230217; built: 2023-02-17T08:19:37.309Z; git: b45c405e4544384de066f814ed42ae3dceacdd49; jvm 1.8.0_382-b05
2023-08-25 11:32:43,128 [main] INFO  server.session (DefaultSessionIdManager.java:doStart(334)) - DefaultSessionIdManager workerName=node0
2023-08-25 11:32:43,129 [main] INFO  server.session (DefaultSessionIdManager.java:doStart(339)) - No SessionScavenger set, using defaults
2023-08-25 11:32:43,129 [main] INFO  server.session (HouseKeeper.java:startScavenging(132)) - node0 Scavenging every 600000ms
2023-08-25 11:32:43,130 [main] INFO  handler.ContextHandler (ContextHandler.java:doStart(921)) - Started o.e.j.s.ServletContextHandler@7df809e5{logs,/logs,file:///home/runner/work/ozone/ozone/hadoop-ozone/integration-test/target/log,AVAILABLE}
2023-08-25 11:32:43,130 [main] INFO  handler.ContextHandler (ContextHandler.java:doStart(921)) - Started o.e.j.s.ServletContextHandler@79955687{static,/static,jar:file:/home/runner/.m2/repository/org/apache/ozone/hdds-container-service/1.4.0-SNAPSHOT/hdds-container-service-1.4.0-SNAPSHOT.jar!/webapps/static,AVAILABLE}
2023-08-25 11:32:43,382 [main] INFO  handler.ContextHandler (ContextHandler.java:doStart(921)) - Started o.e.j.w.WebAppContext@503c1b50{hddsDatanode,/,file:///home/runner/work/ozone/ozone/hadoop-ozone/integration-test/target/test-dir/MiniOzoneClusterImpl-168be1a3-dcaf-40a9-aa5d-bf8b77a61b73/datanode-3/meta/webserver/jetty-0_0_0_0-15036-hdds-container-service-1_4_0-SNAPSHOT_jar-_-any-2812371897510653515/webapp/,AVAILABLE}{jar:file:/home/runner/.m2/repository/org/apache/ozone/hdds-container-service/1.4.0-SNAPSHOT/hdds-container-service-1.4.0-SNAPSHOT.jar!/webapps/hddsDatanode}
2023-08-25 11:32:43,387 [main] INFO  server.AbstractConnector (AbstractConnector.java:doStart(333)) - Started ServerConnector@508b3f96{HTTP/1.1, (http/1.1)}{0.0.0.0:15036}
2023-08-25 11:32:43,387 [main] INFO  server.Server (Server.java:doStart(415)) - Started @13716ms
2023-08-25 11:32:43,387 [main] WARN  impl.MetricsSystemImpl (MetricsSystemImpl.java:register(279)) - Sink prometheus already exists!
2023-08-25 11:32:43,388 [main] INFO  http.BaseHttpServer (BaseHttpServer.java:updateConnectorAddress(344)) - HTTP server of hddsDatanode listening at http://0.0.0.0:15036
2023-08-25 11:32:43,389 [main] INFO  ipc.CallQueueManager (CallQueueManager.java:<init>(90)) - Using callQueue: class java.util.concurrent.LinkedBlockingQueue, queueCapacity: 100, scheduler: class org.apache.hadoop.ipc.DefaultRpcScheduler, ipcBackoff: false.
2023-08-25 11:32:43,389 [main] INFO  ipc.Server (Server.java:<init>(1287)) - Listener at 0.0.0.0:15037
2023-08-25 11:32:43,392 [Socket Reader #1 for port 15037] INFO  ipc.Server (Server.java:run(1323)) - Starting Socket Reader #1 for port 15037
2023-08-25 11:32:43,397 [main] INFO  ozone.HddsDatanodeService (HddsDatanodeService.java:start(315)) - Datanode start with admins: [runner]
2023-08-25 11:32:43,397 [main] INFO  ozone.HddsDatanodeClientProtocolServer (HddsDatanodeClientProtocolServer.java:start(72)) - RPC server for Client /0.0.0.0:15037
2023-08-25 11:32:43,397 [IPC Server Responder] INFO  ipc.Server (Server.java:run(1562)) - IPC Server Responder: starting
2023-08-25 11:32:43,402 [IPC Server listener on 15037] INFO  ipc.Server (Server.java:run(1402)) - IPC Server listener on 15037: starting
2023-08-25 11:32:43,402 [main] WARN  impl.MetricRegistriesImpl (MetricRegistriesImpl.java:addReporterRegistration(111)) - New reporters are added after registries were created. Some metrics will be missing from the reporter. Please add reporter before adding any new registry.
2023-08-25 11:32:43,403 [main] WARN  impl.MetricRegistriesImpl (MetricRegistriesImpl.java:addReporterRegistration(111)) - New reporters are added after registries were created. Some metrics will be missing from the reporter. Please add reporter before adding any new registry.
2023-08-25 11:32:43,402 [Datanode State Machine Daemon Thread] INFO  statemachine.DatanodeStateMachine (DatanodeStateMachine.java:lambda$startDaemon$0(538)) - Ozone container server started.
2023-08-25 11:32:43,403 [main] INFO  impl.MetricsSystemImpl (MetricsSystemImpl.java:init(158)) - HddsDatanode metrics system started (again)
2023-08-25 11:32:43,426 [main] INFO  ozone.HddsDatanodeService (HddsDatanodeService.java:start(237)) - HddsDatanodeService host:fv-az508-118.q1hezrx03woe3mvmfegnvhq0ah.dx.internal.cloudapp.net ip:10.1.0.52
2023-08-25 11:32:43,427 [Datanode State Machine Task Thread - 0] INFO  datanode.InitDatanodeState (InitDatanodeState.java:persistContainerDatanodeDetails(138)) - DatanodeDetails is persisted to /home/runner/work/ozone/ozone/hadoop-ozone/integration-test/target/test-dir/MiniOzoneClusterImpl-168be1a3-dcaf-40a9-aa5d-bf8b77a61b73/datanode-3/meta/datanode.id
2023-08-25 11:32:43,467 [main] INFO  upgrade.AbstractLayoutVersionManager (AbstractLayoutVersionManager.java:init(83)) - Initializing Layout version manager with metadata layout = HADOOP_PRC_PORTS_IN_DATANODEDETAILS (version = 7), software layout = HADOOP_PRC_PORTS_IN_DATANODEDETAILS (version = 7)
2023-08-25 11:32:43,468 [main] INFO  statemachine.DatanodeStateMachine (DatanodeStateMachine.java:getEndPointTaskThreadPoolSize(282)) - Datanode State Machine Task Thread Pool size 2
2023-08-25 11:32:43,470 [main] INFO  volume.HddsVolume (HddsVolume.java:<init>(126)) - Creating HddsVolume: /home/runner/work/ozone/ozone/hadoop-ozone/integration-test/target/test-dir/MiniOzoneClusterImpl-168be1a3-dcaf-40a9-aa5d-bf8b77a61b73/datanode-4/data-0/containers/hdds of storage type : DISK capacity : 9223372036854775807
2023-08-25 11:32:43,471 [main] INFO  volume.MutableVolumeSet (MutableVolumeSet.java:initializeVolumeSet(173)) - Added Volume : /home/runner/work/ozone/ozone/hadoop-ozone/integration-test/target/test-dir/MiniOzoneClusterImpl-168be1a3-dcaf-40a9-aa5d-bf8b77a61b73/datanode-4/data-0/containers/hdds to VolumeSet
2023-08-25 11:32:43,472 [main] INFO  volume.MutableVolumeSet (MutableVolumeSet.java:initializeVolumeSet(173)) - Added Volume : /home/runner/work/ozone/ozone/hadoop-ozone/integration-test/target/test-dir/MiniOzoneClusterImpl-168be1a3-dcaf-40a9-aa5d-bf8b77a61b73/datanode-4/data/ratis to VolumeSet
2023-08-25 11:32:43,473 [Thread-210] INFO  ozoneimpl.ContainerReader (ContainerReader.java:readVolume(177)) - Finish verifying containers on volume /home/runner/work/ozone/ozone/hadoop-ozone/integration-test/target/test-dir/MiniOzoneClusterImpl-168be1a3-dcaf-40a9-aa5d-bf8b77a61b73/datanode-4/data-0/containers/hdds
2023-08-25 11:32:43,474 [main] INFO  ozoneimpl.OzoneContainer (OzoneContainer.java:buildContainerSet(314)) - Build ContainerSet costs 0s
2023-08-25 11:32:43,478 [main] INFO  server.RaftServer (ConfUtils.java:logGet(46)) - raft.rpc.type = GRPC (default)
2023-08-25 11:32:43,478 [main] INFO  grpc.GrpcConfigKeys (ConfUtils.java:logFallback(53)) - raft.grpc.admin.host = null (fallback to raft.grpc.server.host)
2023-08-25 11:32:43,478 [main] INFO  grpc.GrpcConfigKeys (ConfUtils.java:logGet(46)) - raft.grpc.admin.port = 15049 (custom)
2023-08-25 11:32:43,478 [main] INFO  grpc.GrpcConfigKeys (ConfUtils.java:logFallback(53)) - raft.grpc.client.host = null (fallback to raft.grpc.server.host)
2023-08-25 11:32:43,479 [main] INFO  grpc.GrpcConfigKeys (ConfUtils.java:logGet(46)) - raft.grpc.client.port = 15048 (custom)
2023-08-25 11:32:43,479 [main] INFO  grpc.GrpcConfigKeys (ConfUtils.java:logGet(46)) - raft.grpc.server.host = null (default)
2023-08-25 11:32:43,479 [main] INFO  grpc.GrpcConfigKeys (ConfUtils.java:logGet(46)) - raft.grpc.server.port = 15050 (custom)
2023-08-25 11:32:43,479 [main] INFO  server.GrpcService (ConfUtils.java:logGet(46)) - raft.grpc.message.size.max = 32MB (=33554432) (custom)
2023-08-25 11:32:43,479 [main] INFO  server.RaftServerConfigKeys (ConfUtils.java:logGet(46)) - raft.server.log.appender.buffer.byte-limit = 33554432 (custom)
2023-08-25 11:32:43,479 [main] INFO  server.GrpcService (ConfUtils.java:logGet(46)) - raft.grpc.flow.control.window = 5MB (=5242880) (custom)
2023-08-25 11:32:43,480 [main] INFO  server.RaftServerConfigKeys (ConfUtils.java:logGet(46)) - raft.server.rpc.request.timeout = 60s (custom)
2023-08-25 11:32:43,480 [main] INFO  grpc.GrpcConfigKeys (ConfUtils.java:logGet(46)) - raft.grpc.server.heartbeat.channel = true (default)
2023-08-25 11:32:43,480 [main] INFO  grpc.GrpcConfigKeys (ConfUtils.java:logGet(46)) - raft.grpc.server.async.request.thread.pool.cached = true (default)
2023-08-25 11:32:43,480 [main] INFO  grpc.GrpcConfigKeys (ConfUtils.java:logGet(46)) - raft.grpc.server.async.request.thread.pool.size = 32 (default)
2023-08-25 11:32:43,486 [main] INFO  impl.DataStreamServerImpl (ConfUtils.java:logGet(46)) - raft.datastream.type = NETTY (custom)
2023-08-25 11:32:43,487 [main] INFO  server.RaftServerConfigKeys (ConfUtils.java:logGet(46)) - raft.server.data-stream.async.request.thread.pool.cached = false (default)
2023-08-25 11:32:43,487 [main] INFO  server.RaftServerConfigKeys (ConfUtils.java:logGet(46)) - raft.server.data-stream.async.request.thread.pool.size = 20 (custom)
2023-08-25 11:32:43,488 [main] INFO  server.RaftServerConfigKeys (ConfUtils.java:logGet(46)) - raft.server.data-stream.async.write.thread.pool.size = 16 (default)
2023-08-25 11:32:43,488 [main] INFO  server.RaftServerConfigKeys (ConfUtils.java:logGet(46)) - raft.server.data-stream.client.pool.size = 10 (default)
2023-08-25 11:32:43,488 [main] INFO  netty.NettyConfigKeys$DataStream (ConfUtils.java:logGet(46)) - raft.netty.dataStream.server.use-epoll = false (default)
2023-08-25 11:32:43,488 [main] INFO  netty.NettyConfigKeys$DataStream (ConfUtils.java:logGet(46)) - raft.netty.dataStream.server.boss-group.size = 0 (default)
2023-08-25 11:32:43,489 [main] INFO  netty.NettyConfigKeys$DataStream (ConfUtils.java:logGet(46)) - raft.netty.dataStream.server.worker-group.size = 0 (default)
2023-08-25 11:32:43,490 [main] INFO  netty.NettyConfigKeys$DataStream (ConfUtils.java:logGet(46)) - raft.netty.dataStream.server.tls.conf = null (default)
2023-08-25 11:32:43,490 [main] INFO  netty.NettyConfigKeys$DataStream (ConfUtils.java:logGet(46)) - raft.netty.dataStream.host = null (default)
2023-08-25 11:32:43,490 [main] INFO  netty.NettyConfigKeys$DataStream (ConfUtils.java:logGet(46)) - raft.netty.dataStream.port = 15051 (custom)
2023-08-25 11:32:43,491 [main] INFO  server.RaftServerConfigKeys (ConfUtils.java:logGet(46)) - raft.server.threadpool.proxy.cached = true (default)
2023-08-25 11:32:43,491 [main] INFO  server.RaftServerConfigKeys (ConfUtils.java:logGet(46)) - raft.server.threadpool.proxy.size = 0 (default)
2023-08-25 11:32:43,491 [main] INFO  server.RaftServerConfigKeys (ConfUtils.java:logGet(46)) - raft.server.rpc.slowness.timeout = 300s (custom)
2023-08-25 11:32:43,492 [main] INFO  server.RaftServerConfigKeys (ConfUtils.java:logGet(46)) - raft.server.leaderelection.leader.step-down.wait-time = 10s (default)
2023-08-25 11:32:43,492 [main] INFO  server.RaftServerConfigKeys (ConfUtils.java:logGet(46)) - raft.server.storage.dir = [/home/runner/work/ozone/ozone/hadoop-ozone/integration-test/target/test-dir/MiniOzoneClusterImpl-168be1a3-dcaf-40a9-aa5d-bf8b77a61b73/datanode-4/data/ratis] (custom)
2023-08-25 11:32:43,496 [af11e694-f31c-4d10-acc2-680f80b0911e-NettyServerStreamRpc-bossGroup--thread1] INFO  logging.LoggingHandler (AbstractInternalLogger.java:log(148)) - [id: 0x3af191f9] REGISTERED
2023-08-25 11:32:43,496 [af11e694-f31c-4d10-acc2-680f80b0911e-impl-thread1] INFO  server.RaftServer (RaftServerProxy.java:initGroupDir(258)) - af11e694-f31c-4d10-acc2-680f80b0911e: found a subdirectory /home/runner/work/ozone/ozone/hadoop-ozone/integration-test/target/test-dir/MiniOzoneClusterImpl-168be1a3-dcaf-40a9-aa5d-bf8b77a61b73/datanode-4/data/ratis/tmp
2023-08-25 11:32:43,496 [af11e694-f31c-4d10-acc2-680f80b0911e-NettyServerStreamRpc-bossGroup--thread1] INFO  logging.LoggingHandler (AbstractInternalLogger.java:log(148)) - [id: 0x3af191f9] BIND: 0.0.0.0/0.0.0.0:15051
2023-08-25 11:32:43,496 [af11e694-f31c-4d10-acc2-680f80b0911e-NettyServerStreamRpc-bossGroup--thread1] INFO  logging.LoggingHandler (AbstractInternalLogger.java:log(148)) - [id: 0x3af191f9, L:/0:0:0:0:0:0:0:0:15051] ACTIVE
2023-08-25 11:32:43,496 [af11e694-f31c-4d10-acc2-680f80b0911e-impl-thread1] INFO  server.RaftServer (RaftServerProxy.java:initGroupDir(263)) - af11e694-f31c-4d10-acc2-680f80b0911e: The directory /home/runner/work/ozone/ozone/hadoop-ozone/integration-test/target/test-dir/MiniOzoneClusterImpl-168be1a3-dcaf-40a9-aa5d-bf8b77a61b73/datanode-4/data/ratis/tmp is not a group directory; ignoring it. 
2023-08-25 11:32:43,498 [main] INFO  replication.ReplicationServer (ReplicationServer.java:<init>(81)) - Initializing replication server with thread count = 10
2023-08-25 11:32:43,503 [main] INFO  server.XceiverServerGrpc (XceiverServerGrpc.java:<init>(132)) - GrpcServer channel type EpollServerSocketChannel
2023-08-25 11:32:43,505 [main] INFO  replication.ReplicationSupervisor (ReplicationSupervisor.java:build(155)) - Initializing replication supervisor with thread count = 10
2023-08-25 11:32:43,506 [main] INFO  replication.ReplicationSupervisor (ReplicationSupervisor.java:nodeStateUpdated(307)) - Node state updated to IN_SERVICE, scaling executor pool size to 10
2023-08-25 11:32:43,509 [main] INFO  http.BaseHttpServer (BaseHttpServer.java:newHttpServer2BuilderForOzone(224)) - Starting Web-server for hddsDatanode at: http://0.0.0.0:15045
2023-08-25 11:32:43,509 [main] INFO  http.BaseHttpServer (BaseHttpServer.java:<init>(111)) - Hadoop Security Enabled: false Ozone Security Enabled: false Ozone HTTP Security Enabled: false 
2023-08-25 11:32:43,511 [main] WARN  server.AuthenticationFilter (AuthenticationFilter.java:constructSecretProvider(240)) - Unable to initialize FileSignerSecretProvider, falling back to use random secrets. Reason: Could not read signature secret file: /home/runner/hadoop-http-auth-signature-secret
2023-08-25 11:32:43,512 [main] INFO  http.HttpRequestLog (HttpRequestLog.java:getRequestLog(86)) - Http request log for http.requests.hddsDatanode is not defined
2023-08-25 11:32:43,513 [main] INFO  http.HttpServer2 (HttpServer2.java:addGlobalFilter(1031)) - Added global filter 'safety' (class=org.apache.hadoop.hdds.server.http.HttpServer2$QuotingInputFilter)
2023-08-25 11:32:43,514 [main] INFO  http.HttpServer2 (HttpServer2.java:addFilter(1007)) - Added filter static_user_filter (class=org.apache.hadoop.http.lib.StaticUserWebFilter$StaticUserFilter) to context hddsDatanode
2023-08-25 11:32:43,514 [main] INFO  http.HttpServer2 (HttpServer2.java:addFilter(1015)) - Added filter static_user_filter (class=org.apache.hadoop.http.lib.StaticUserWebFilter$StaticUserFilter) to context static
2023-08-25 11:32:43,515 [main] INFO  http.HttpServer2 (HttpServer2.java:addFilter(1015)) - Added filter static_user_filter (class=org.apache.hadoop.http.lib.StaticUserWebFilter$StaticUserFilter) to context logs
2023-08-25 11:32:43,515 [main] INFO  http.BaseHttpServer (BaseHttpServer.java:<init>(190)) - HTTP server of hddsDatanode uses base directory /home/runner/work/ozone/ozone/hadoop-ozone/integration-test/target/test-dir/MiniOzoneClusterImpl-168be1a3-dcaf-40a9-aa5d-bf8b77a61b73/datanode-4/meta/webserver
2023-08-25 11:32:43,516 [main] INFO  http.HttpServer2 (HttpServer2.java:bindListener(1250)) - Jetty bound to port 15045
2023-08-25 11:32:43,516 [main] INFO  server.Server (Server.java:doStart(375)) - jetty-9.4.51.v20230217; built: 2023-02-17T08:19:37.309Z; git: b45c405e4544384de066f814ed42ae3dceacdd49; jvm 1.8.0_382-b05
2023-08-25 11:32:43,518 [main] INFO  server.session (DefaultSessionIdManager.java:doStart(334)) - DefaultSessionIdManager workerName=node0
2023-08-25 11:32:43,518 [main] INFO  server.session (DefaultSessionIdManager.java:doStart(339)) - No SessionScavenger set, using defaults
2023-08-25 11:32:43,518 [main] INFO  server.session (HouseKeeper.java:startScavenging(132)) - node0 Scavenging every 660000ms
2023-08-25 11:32:43,520 [main] INFO  handler.ContextHandler (ContextHandler.java:doStart(921)) - Started o.e.j.s.ServletContextHandler@699b79c7{logs,/logs,file:///home/runner/work/ozone/ozone/hadoop-ozone/integration-test/target/log,AVAILABLE}
2023-08-25 11:32:43,520 [main] INFO  handler.ContextHandler (ContextHandler.java:doStart(921)) - Started o.e.j.s.ServletContextHandler@2bad9fbb{static,/static,jar:file:/home/runner/.m2/repository/org/apache/ozone/hdds-container-service/1.4.0-SNAPSHOT/hdds-container-service-1.4.0-SNAPSHOT.jar!/webapps/static,AVAILABLE}
2023-08-25 11:32:43,764 [main] INFO  handler.ContextHandler (ContextHandler.java:doStart(921)) - Started o.e.j.w.WebAppContext@1448372a{hddsDatanode,/,file:///home/runner/work/ozone/ozone/hadoop-ozone/integration-test/target/test-dir/MiniOzoneClusterImpl-168be1a3-dcaf-40a9-aa5d-bf8b77a61b73/datanode-4/meta/webserver/jetty-0_0_0_0-15045-hdds-container-service-1_4_0-SNAPSHOT_jar-_-any-2977964045197066370/webapp/,AVAILABLE}{jar:file:/home/runner/.m2/repository/org/apache/ozone/hdds-container-service/1.4.0-SNAPSHOT/hdds-container-service-1.4.0-SNAPSHOT.jar!/webapps/hddsDatanode}
2023-08-25 11:32:43,766 [main] INFO  server.AbstractConnector (AbstractConnector.java:doStart(333)) - Started ServerConnector@6ba8590d{HTTP/1.1, (http/1.1)}{0.0.0.0:15045}
2023-08-25 11:32:43,766 [main] INFO  server.Server (Server.java:doStart(415)) - Started @14095ms
2023-08-25 11:32:43,766 [main] WARN  impl.MetricsSystemImpl (MetricsSystemImpl.java:register(279)) - Sink prometheus already exists!
2023-08-25 11:32:43,768 [main] INFO  http.BaseHttpServer (BaseHttpServer.java:updateConnectorAddress(344)) - HTTP server of hddsDatanode listening at http://0.0.0.0:15045
2023-08-25 11:32:43,769 [main] INFO  ipc.CallQueueManager (CallQueueManager.java:<init>(90)) - Using callQueue: class java.util.concurrent.LinkedBlockingQueue, queueCapacity: 100, scheduler: class org.apache.hadoop.ipc.DefaultRpcScheduler, ipcBackoff: false.
2023-08-25 11:32:43,769 [main] INFO  ipc.Server (Server.java:<init>(1287)) - Listener at 0.0.0.0:15046
2023-08-25 11:32:43,770 [Socket Reader #1 for port 15046] INFO  ipc.Server (Server.java:run(1323)) - Starting Socket Reader #1 for port 15046
2023-08-25 11:32:43,780 [main] INFO  ozone.HddsDatanodeService (HddsDatanodeService.java:start(315)) - Datanode start with admins: [runner]
2023-08-25 11:32:43,780 [main] INFO  ozone.HddsDatanodeClientProtocolServer (HddsDatanodeClientProtocolServer.java:start(72)) - RPC server for Client /0.0.0.0:15046
2023-08-25 11:32:43,781 [IPC Server Responder] INFO  ipc.Server (Server.java:run(1562)) - IPC Server Responder: starting
2023-08-25 11:32:43,781 [IPC Server listener on 15046] INFO  ipc.Server (Server.java:run(1402)) - IPC Server listener on 15046: starting
2023-08-25 11:32:43,795 [main] INFO  ozone.MiniOzoneClusterImpl (MiniOzoneClusterImpl.java:lambda$waitForClusterToBeReady$0(224)) - Waiting for nodes to be ready. Got 0 of 5 DN Heartbeats.
2023-08-25 11:32:43,796 [main] INFO  ozone.MiniOzoneClusterImpl (MiniOzoneClusterImpl.java:lambda$waitForClusterToBeReady$0(227)) - Waiting for cluster to exit safe mode
2023-08-25 11:32:43,796 [main] INFO  ozone.MiniOzoneClusterImpl (MiniOzoneClusterImpl.java:lambda$waitForClusterToBeReady$0(229)) - SCM became leader
2023-08-25 11:32:43,794 [Datanode State Machine Daemon Thread] INFO  statemachine.DatanodeStateMachine (DatanodeStateMachine.java:lambda$startDaemon$0(538)) - Ozone container server started.
2023-08-25 11:32:43,808 [Datanode State Machine Task Thread - 0] INFO  datanode.InitDatanodeState (InitDatanodeState.java:persistContainerDatanodeDetails(138)) - DatanodeDetails is persisted to /home/runner/work/ozone/ozone/hadoop-ozone/integration-test/target/test-dir/MiniOzoneClusterImpl-168be1a3-dcaf-40a9-aa5d-bf8b77a61b73/datanode-4/meta/datanode.id
2023-08-25 11:32:44,165 [EndpointStateMachine task thread for /0.0.0.0:15002 - 0 ] INFO  utils.DatanodeStoreCache (DatanodeStoreCache.java:addDB(66)) - Added db /home/runner/work/ozone/ozone/hadoop-ozone/integration-test/target/test-dir/MiniOzoneClusterImpl-168be1a3-dcaf-40a9-aa5d-bf8b77a61b73/datanode-0/data-0/containers/hdds/168be1a3-dcaf-40a9-aa5d-bf8b77a61b73/DS-8440ed0c-5fd6-49ec-8079-baaad9370e06/container.db to cache
2023-08-25 11:32:44,166 [EndpointStateMachine task thread for /0.0.0.0:15002 - 0 ] INFO  volume.HddsVolume (HddsVolume.java:createDbStore(422)) - SchemaV3 db is created and loaded at /home/runner/work/ozone/ozone/hadoop-ozone/integration-test/target/test-dir/MiniOzoneClusterImpl-168be1a3-dcaf-40a9-aa5d-bf8b77a61b73/datanode-0/data-0/containers/hdds/168be1a3-dcaf-40a9-aa5d-bf8b77a61b73/DS-8440ed0c-5fd6-49ec-8079-baaad9370e06/container.db for volume DS-8440ed0c-5fd6-49ec-8079-baaad9370e06
2023-08-25 11:32:44,171 [EndpointStateMachine task thread for /0.0.0.0:15002 - 0 ] INFO  volume.ThrottledAsyncChecker (ThrottledAsyncChecker.java:schedule(141)) - Scheduling a check for /home/runner/work/ozone/ozone/hadoop-ozone/integration-test/target/test-dir/MiniOzoneClusterImpl-168be1a3-dcaf-40a9-aa5d-bf8b77a61b73/datanode-0/data-0/containers/hdds
2023-08-25 11:32:44,195 [EndpointStateMachine task thread for /0.0.0.0:15002 - 0 ] INFO  volume.StorageVolumeChecker (StorageVolumeChecker.java:checkAllVolumes(213)) - Scheduled health check for volume /home/runner/work/ozone/ozone/hadoop-ozone/integration-test/target/test-dir/MiniOzoneClusterImpl-168be1a3-dcaf-40a9-aa5d-bf8b77a61b73/datanode-0/data-0/containers/hdds
2023-08-25 11:32:44,198 [EndpointStateMachine task thread for /0.0.0.0:15002 - 0 ] INFO  volume.ThrottledAsyncChecker (ThrottledAsyncChecker.java:schedule(141)) - Scheduling a check for /home/runner/work/ozone/ozone/hadoop-ozone/integration-test/target/test-dir/MiniOzoneClusterImpl-168be1a3-dcaf-40a9-aa5d-bf8b77a61b73/datanode-0/data/ratis
2023-08-25 11:32:44,199 [EndpointStateMachine task thread for /0.0.0.0:15002 - 0 ] INFO  volume.StorageVolumeChecker (StorageVolumeChecker.java:checkAllVolumes(213)) - Scheduled health check for volume /home/runner/work/ozone/ozone/hadoop-ozone/integration-test/target/test-dir/MiniOzoneClusterImpl-168be1a3-dcaf-40a9-aa5d-bf8b77a61b73/datanode-0/data/ratis
2023-08-25 11:32:44,204 [EndpointStateMachine task thread for /0.0.0.0:15002 - 0 ] INFO  ozoneimpl.OzoneContainer (OzoneContainer.java:start(429)) - Attempting to start container services.
2023-08-25 11:32:44,209 [EndpointStateMachine task thread for /0.0.0.0:15002 - 0 ] INFO  ozoneimpl.OzoneContainer (OzoneContainer.java:startContainerScrub(325)) - Scheduled background container scanners and the on-demand container scanner have been disabled.
2023-08-25 11:32:44,212 [EndpointStateMachine task thread for /0.0.0.0:15002 - 0 ] INFO  replication.ReplicationServer (ReplicationServer.java:start(130)) - ReplicationServer is started using port 15016
2023-08-25 11:32:44,212 [EndpointStateMachine task thread for /0.0.0.0:15002 - 0 ] INFO  ratis.XceiverServerRatis (XceiverServerRatis.java:start(517)) - Starting XceiverServerRatis d411a2e9-f1e7-48ff-a207-5fb0a1d8b942
2023-08-25 11:32:44,213 [EndpointStateMachine task thread for /0.0.0.0:15002 - 0 ] INFO  server.RaftServer (RaftServerProxy.java:startImpl(400)) - d411a2e9-f1e7-48ff-a207-5fb0a1d8b942: start RPC server
2023-08-25 11:32:44,225 [EndpointStateMachine task thread for /0.0.0.0:15002 - 0 ] INFO  server.GrpcService (GrpcService.java:startImpl(302)) - d411a2e9-f1e7-48ff-a207-5fb0a1d8b942: GrpcService started, listening on 15012
2023-08-25 11:32:44,231 [EndpointStateMachine task thread for /0.0.0.0:15002 - 0 ] INFO  server.GrpcService (GrpcService.java:startImpl(302)) - d411a2e9-f1e7-48ff-a207-5fb0a1d8b942: GrpcService started, listening on 15014
2023-08-25 11:32:44,233 [EndpointStateMachine task thread for /0.0.0.0:15002 - 0 ] INFO  server.GrpcService (GrpcService.java:startImpl(302)) - d411a2e9-f1e7-48ff-a207-5fb0a1d8b942: GrpcService started, listening on 15013
2023-08-25 11:32:44,233 [JvmPauseMonitor2] INFO  util.JvmPauseMonitor (JvmPauseMonitor.java:run(103)) - JvmPauseMonitor-d411a2e9-f1e7-48ff-a207-5fb0a1d8b942: Started
2023-08-25 11:32:44,233 [EndpointStateMachine task thread for /0.0.0.0:15002 - 0 ] INFO  ratis.XceiverServerRatis (XceiverServerRatis.java:getRealPort(543)) - XceiverServerRatis d411a2e9-f1e7-48ff-a207-5fb0a1d8b942 is started using port 15012 for RATIS
2023-08-25 11:32:44,234 [EndpointStateMachine task thread for /0.0.0.0:15002 - 0 ] INFO  ratis.XceiverServerRatis (XceiverServerRatis.java:getRealPort(543)) - XceiverServerRatis d411a2e9-f1e7-48ff-a207-5fb0a1d8b942 is started using port 15013 for RATIS_ADMIN
2023-08-25 11:32:44,234 [EndpointStateMachine task thread for /0.0.0.0:15002 - 0 ] INFO  ratis.XceiverServerRatis (XceiverServerRatis.java:getRealPort(543)) - XceiverServerRatis d411a2e9-f1e7-48ff-a207-5fb0a1d8b942 is started using port 15014 for RATIS_SERVER
2023-08-25 11:32:44,234 [EndpointStateMachine task thread for /0.0.0.0:15002 - 0 ] INFO  ratis.XceiverServerRatis (XceiverServerRatis.java:getRealPort(543)) - XceiverServerRatis d411a2e9-f1e7-48ff-a207-5fb0a1d8b942 is started using port 15015 for RATIS_DATASTREAM
2023-08-25 11:32:44,247 [BlockDeletingService#0] INFO  interfaces.ContainerDeletionChoosingPolicyTemplate (ContainerDeletionChoosingPolicyTemplate.java:chooseContainerForBlockDeletion(85)) - Chosen 0/5000 blocks from 0 candidate containers.
2023-08-25 11:32:44,630 [EndpointStateMachine task thread for /0.0.0.0:15002 - 0 ] INFO  utils.DatanodeStoreCache (DatanodeStoreCache.java:addDB(66)) - Added db /home/runner/work/ozone/ozone/hadoop-ozone/integration-test/target/test-dir/MiniOzoneClusterImpl-168be1a3-dcaf-40a9-aa5d-bf8b77a61b73/datanode-1/data-0/containers/hdds/168be1a3-dcaf-40a9-aa5d-bf8b77a61b73/DS-a5a436db-e99e-4086-91f9-76253bb49aef/container.db to cache
2023-08-25 11:32:44,630 [EndpointStateMachine task thread for /0.0.0.0:15002 - 0 ] INFO  volume.HddsVolume (HddsVolume.java:createDbStore(422)) - SchemaV3 db is created and loaded at /home/runner/work/ozone/ozone/hadoop-ozone/integration-test/target/test-dir/MiniOzoneClusterImpl-168be1a3-dcaf-40a9-aa5d-bf8b77a61b73/datanode-1/data-0/containers/hdds/168be1a3-dcaf-40a9-aa5d-bf8b77a61b73/DS-a5a436db-e99e-4086-91f9-76253bb49aef/container.db for volume DS-a5a436db-e99e-4086-91f9-76253bb49aef
2023-08-25 11:32:44,632 [EndpointStateMachine task thread for /0.0.0.0:15002 - 0 ] INFO  volume.ThrottledAsyncChecker (ThrottledAsyncChecker.java:schedule(141)) - Scheduling a check for /home/runner/work/ozone/ozone/hadoop-ozone/integration-test/target/test-dir/MiniOzoneClusterImpl-168be1a3-dcaf-40a9-aa5d-bf8b77a61b73/datanode-1/data-0/containers/hdds
2023-08-25 11:32:44,634 [EndpointStateMachine task thread for /0.0.0.0:15002 - 0 ] INFO  volume.StorageVolumeChecker (StorageVolumeChecker.java:checkAllVolumes(213)) - Scheduled health check for volume /home/runner/work/ozone/ozone/hadoop-ozone/integration-test/target/test-dir/MiniOzoneClusterImpl-168be1a3-dcaf-40a9-aa5d-bf8b77a61b73/datanode-1/data-0/containers/hdds
2023-08-25 11:32:44,643 [EndpointStateMachine task thread for /0.0.0.0:15002 - 0 ] INFO  volume.ThrottledAsyncChecker (ThrottledAsyncChecker.java:schedule(141)) - Scheduling a check for /home/runner/work/ozone/ozone/hadoop-ozone/integration-test/target/test-dir/MiniOzoneClusterImpl-168be1a3-dcaf-40a9-aa5d-bf8b77a61b73/datanode-1/data/ratis
2023-08-25 11:32:44,644 [EndpointStateMachine task thread for /0.0.0.0:15002 - 0 ] INFO  volume.StorageVolumeChecker (StorageVolumeChecker.java:checkAllVolumes(213)) - Scheduled health check for volume /home/runner/work/ozone/ozone/hadoop-ozone/integration-test/target/test-dir/MiniOzoneClusterImpl-168be1a3-dcaf-40a9-aa5d-bf8b77a61b73/datanode-1/data/ratis
2023-08-25 11:32:44,645 [EndpointStateMachine task thread for /0.0.0.0:15002 - 0 ] INFO  ozoneimpl.OzoneContainer (OzoneContainer.java:start(429)) - Attempting to start container services.
2023-08-25 11:32:44,645 [EndpointStateMachine task thread for /0.0.0.0:15002 - 0 ] INFO  ozoneimpl.OzoneContainer (OzoneContainer.java:startContainerScrub(325)) - Scheduled background container scanners and the on-demand container scanner have been disabled.
2023-08-25 11:32:44,648 [EndpointStateMachine task thread for /0.0.0.0:15002 - 0 ] INFO  replication.ReplicationServer (ReplicationServer.java:start(130)) - ReplicationServer is started using port 15025
2023-08-25 11:32:44,648 [EndpointStateMachine task thread for /0.0.0.0:15002 - 0 ] INFO  ratis.XceiverServerRatis (XceiverServerRatis.java:start(517)) - Starting XceiverServerRatis 13d602e5-043f-4877-ab61-f2512eb11edb
2023-08-25 11:32:44,650 [EndpointStateMachine task thread for /0.0.0.0:15002 - 0 ] INFO  server.RaftServer (RaftServerProxy.java:startImpl(400)) - 13d602e5-043f-4877-ab61-f2512eb11edb: start RPC server
2023-08-25 11:32:44,659 [EndpointStateMachine task thread for /0.0.0.0:15002 - 0 ] INFO  server.GrpcService (GrpcService.java:startImpl(302)) - 13d602e5-043f-4877-ab61-f2512eb11edb: GrpcService started, listening on 15021
2023-08-25 11:32:44,660 [EndpointStateMachine task thread for /0.0.0.0:15002 - 0 ] INFO  server.GrpcService (GrpcService.java:startImpl(302)) - 13d602e5-043f-4877-ab61-f2512eb11edb: GrpcService started, listening on 15023
2023-08-25 11:32:44,663 [EndpointStateMachine task thread for /0.0.0.0:15002 - 0 ] INFO  server.GrpcService (GrpcService.java:startImpl(302)) - 13d602e5-043f-4877-ab61-f2512eb11edb: GrpcService started, listening on 15022
2023-08-25 11:32:44,664 [EndpointStateMachine task thread for /0.0.0.0:15002 - 0 ] INFO  ratis.XceiverServerRatis (XceiverServerRatis.java:getRealPort(543)) - XceiverServerRatis 13d602e5-043f-4877-ab61-f2512eb11edb is started using port 15021 for RATIS
2023-08-25 11:32:44,664 [EndpointStateMachine task thread for /0.0.0.0:15002 - 0 ] INFO  ratis.XceiverServerRatis (XceiverServerRatis.java:getRealPort(543)) - XceiverServerRatis 13d602e5-043f-4877-ab61-f2512eb11edb is started using port 15022 for RATIS_ADMIN
2023-08-25 11:32:44,664 [JvmPauseMonitor3] INFO  util.JvmPauseMonitor (JvmPauseMonitor.java:run(103)) - JvmPauseMonitor-13d602e5-043f-4877-ab61-f2512eb11edb: Started
2023-08-25 11:32:44,665 [EndpointStateMachine task thread for /0.0.0.0:15002 - 0 ] INFO  ratis.XceiverServerRatis (XceiverServerRatis.java:getRealPort(543)) - XceiverServerRatis 13d602e5-043f-4877-ab61-f2512eb11edb is started using port 15023 for RATIS_SERVER
2023-08-25 11:32:44,665 [EndpointStateMachine task thread for /0.0.0.0:15002 - 0 ] INFO  ratis.XceiverServerRatis (XceiverServerRatis.java:getRealPort(543)) - XceiverServerRatis 13d602e5-043f-4877-ab61-f2512eb11edb is started using port 15024 for RATIS_DATASTREAM
2023-08-25 11:32:44,691 [BlockDeletingService#0] INFO  interfaces.ContainerDeletionChoosingPolicyTemplate (ContainerDeletionChoosingPolicyTemplate.java:chooseContainerForBlockDeletion(85)) - Chosen 0/5000 blocks from 0 candidate containers.
2023-08-25 11:32:44,796 [main] INFO  ozone.MiniOzoneClusterImpl (MiniOzoneClusterImpl.java:lambda$waitForClusterToBeReady$0(224)) - Waiting for nodes to be ready. Got 0 of 5 DN Heartbeats.
2023-08-25 11:32:44,796 [main] INFO  ozone.MiniOzoneClusterImpl (MiniOzoneClusterImpl.java:lambda$waitForClusterToBeReady$0(227)) - Waiting for cluster to exit safe mode
2023-08-25 11:32:44,797 [main] INFO  ozone.MiniOzoneClusterImpl (MiniOzoneClusterImpl.java:lambda$waitForClusterToBeReady$0(229)) - SCM became leader
2023-08-25 11:32:45,090 [EndpointStateMachine task thread for /0.0.0.0:15002 - 0 ] INFO  utils.DatanodeStoreCache (DatanodeStoreCache.java:addDB(66)) - Added db /home/runner/work/ozone/ozone/hadoop-ozone/integration-test/target/test-dir/MiniOzoneClusterImpl-168be1a3-dcaf-40a9-aa5d-bf8b77a61b73/datanode-2/data-0/containers/hdds/168be1a3-dcaf-40a9-aa5d-bf8b77a61b73/DS-e2589b24-5687-45a3-a86f-99c8aae2d04e/container.db to cache
2023-08-25 11:32:45,090 [EndpointStateMachine task thread for /0.0.0.0:15002 - 0 ] INFO  volume.HddsVolume (HddsVolume.java:createDbStore(422)) - SchemaV3 db is created and loaded at /home/runner/work/ozone/ozone/hadoop-ozone/integration-test/target/test-dir/MiniOzoneClusterImpl-168be1a3-dcaf-40a9-aa5d-bf8b77a61b73/datanode-2/data-0/containers/hdds/168be1a3-dcaf-40a9-aa5d-bf8b77a61b73/DS-e2589b24-5687-45a3-a86f-99c8aae2d04e/container.db for volume DS-e2589b24-5687-45a3-a86f-99c8aae2d04e
2023-08-25 11:32:45,091 [EndpointStateMachine task thread for /0.0.0.0:15002 - 0 ] INFO  volume.ThrottledAsyncChecker (ThrottledAsyncChecker.java:schedule(141)) - Scheduling a check for /home/runner/work/ozone/ozone/hadoop-ozone/integration-test/target/test-dir/MiniOzoneClusterImpl-168be1a3-dcaf-40a9-aa5d-bf8b77a61b73/datanode-2/data-0/containers/hdds
2023-08-25 11:32:45,098 [EndpointStateMachine task thread for /0.0.0.0:15002 - 0 ] INFO  volume.StorageVolumeChecker (StorageVolumeChecker.java:checkAllVolumes(213)) - Scheduled health check for volume /home/runner/work/ozone/ozone/hadoop-ozone/integration-test/target/test-dir/MiniOzoneClusterImpl-168be1a3-dcaf-40a9-aa5d-bf8b77a61b73/datanode-2/data-0/containers/hdds
2023-08-25 11:32:45,101 [EndpointStateMachine task thread for /0.0.0.0:15002 - 0 ] INFO  volume.ThrottledAsyncChecker (ThrottledAsyncChecker.java:schedule(141)) - Scheduling a check for /home/runner/work/ozone/ozone/hadoop-ozone/integration-test/target/test-dir/MiniOzoneClusterImpl-168be1a3-dcaf-40a9-aa5d-bf8b77a61b73/datanode-2/data/ratis
2023-08-25 11:32:45,102 [EndpointStateMachine task thread for /0.0.0.0:15002 - 0 ] INFO  volume.StorageVolumeChecker (StorageVolumeChecker.java:checkAllVolumes(213)) - Scheduled health check for volume /home/runner/work/ozone/ozone/hadoop-ozone/integration-test/target/test-dir/MiniOzoneClusterImpl-168be1a3-dcaf-40a9-aa5d-bf8b77a61b73/datanode-2/data/ratis
2023-08-25 11:32:45,104 [EndpointStateMachine task thread for /0.0.0.0:15002 - 0 ] INFO  ozoneimpl.OzoneContainer (OzoneContainer.java:start(429)) - Attempting to start container services.
2023-08-25 11:32:45,104 [EndpointStateMachine task thread for /0.0.0.0:15002 - 0 ] INFO  ozoneimpl.OzoneContainer (OzoneContainer.java:startContainerScrub(325)) - Scheduled background container scanners and the on-demand container scanner have been disabled.
2023-08-25 11:32:45,106 [EndpointStateMachine task thread for /0.0.0.0:15002 - 0 ] INFO  replication.ReplicationServer (ReplicationServer.java:start(130)) - ReplicationServer is started using port 15034
2023-08-25 11:32:45,107 [EndpointStateMachine task thread for /0.0.0.0:15002 - 0 ] INFO  ratis.XceiverServerRatis (XceiverServerRatis.java:start(517)) - Starting XceiverServerRatis ead66fe0-0d51-45f6-a40c-8e2915dd9a2f
2023-08-25 11:32:45,110 [EndpointStateMachine task thread for /0.0.0.0:15002 - 0 ] INFO  server.RaftServer (RaftServerProxy.java:startImpl(400)) - ead66fe0-0d51-45f6-a40c-8e2915dd9a2f: start RPC server
2023-08-25 11:32:45,113 [EndpointStateMachine task thread for /0.0.0.0:15002 - 0 ] INFO  server.GrpcService (GrpcService.java:startImpl(302)) - ead66fe0-0d51-45f6-a40c-8e2915dd9a2f: GrpcService started, listening on 15030
2023-08-25 11:32:45,116 [EndpointStateMachine task thread for /0.0.0.0:15002 - 0 ] INFO  server.GrpcService (GrpcService.java:startImpl(302)) - ead66fe0-0d51-45f6-a40c-8e2915dd9a2f: GrpcService started, listening on 15032
2023-08-25 11:32:45,118 [EndpointStateMachine task thread for /0.0.0.0:15002 - 0 ] INFO  server.GrpcService (GrpcService.java:startImpl(302)) - ead66fe0-0d51-45f6-a40c-8e2915dd9a2f: GrpcService started, listening on 15031
2023-08-25 11:32:45,119 [EndpointStateMachine task thread for /0.0.0.0:15002 - 0 ] INFO  ratis.XceiverServerRatis (XceiverServerRatis.java:getRealPort(543)) - XceiverServerRatis ead66fe0-0d51-45f6-a40c-8e2915dd9a2f is started using port 15030 for RATIS
2023-08-25 11:32:45,119 [EndpointStateMachine task thread for /0.0.0.0:15002 - 0 ] INFO  ratis.XceiverServerRatis (XceiverServerRatis.java:getRealPort(543)) - XceiverServerRatis ead66fe0-0d51-45f6-a40c-8e2915dd9a2f is started using port 15031 for RATIS_ADMIN
2023-08-25 11:32:45,119 [EndpointStateMachine task thread for /0.0.0.0:15002 - 0 ] INFO  ratis.XceiverServerRatis (XceiverServerRatis.java:getRealPort(543)) - XceiverServerRatis ead66fe0-0d51-45f6-a40c-8e2915dd9a2f is started using port 15032 for RATIS_SERVER
2023-08-25 11:32:45,119 [EndpointStateMachine task thread for /0.0.0.0:15002 - 0 ] INFO  ratis.XceiverServerRatis (XceiverServerRatis.java:getRealPort(543)) - XceiverServerRatis ead66fe0-0d51-45f6-a40c-8e2915dd9a2f is started using port 15033 for RATIS_DATASTREAM
2023-08-25 11:32:45,119 [JvmPauseMonitor4] INFO  util.JvmPauseMonitor (JvmPauseMonitor.java:run(103)) - JvmPauseMonitor-ead66fe0-0d51-45f6-a40c-8e2915dd9a2f: Started
2023-08-25 11:32:45,135 [BlockDeletingService#0] INFO  interfaces.ContainerDeletionChoosingPolicyTemplate (ContainerDeletionChoosingPolicyTemplate.java:chooseContainerForBlockDeletion(85)) - Chosen 0/5000 blocks from 0 candidate containers.
2023-08-25 11:32:45,482 [EndpointStateMachine task thread for /0.0.0.0:15002 - 0 ] INFO  utils.DatanodeStoreCache (DatanodeStoreCache.java:addDB(66)) - Added db /home/runner/work/ozone/ozone/hadoop-ozone/integration-test/target/test-dir/MiniOzoneClusterImpl-168be1a3-dcaf-40a9-aa5d-bf8b77a61b73/datanode-3/data-0/containers/hdds/168be1a3-dcaf-40a9-aa5d-bf8b77a61b73/DS-4860fbaa-682d-4af8-8ef4-bdbbb91d6d9d/container.db to cache
2023-08-25 11:32:45,482 [EndpointStateMachine task thread for /0.0.0.0:15002 - 0 ] INFO  volume.HddsVolume (HddsVolume.java:createDbStore(422)) - SchemaV3 db is created and loaded at /home/runner/work/ozone/ozone/hadoop-ozone/integration-test/target/test-dir/MiniOzoneClusterImpl-168be1a3-dcaf-40a9-aa5d-bf8b77a61b73/datanode-3/data-0/containers/hdds/168be1a3-dcaf-40a9-aa5d-bf8b77a61b73/DS-4860fbaa-682d-4af8-8ef4-bdbbb91d6d9d/container.db for volume DS-4860fbaa-682d-4af8-8ef4-bdbbb91d6d9d
2023-08-25 11:32:45,485 [EndpointStateMachine task thread for /0.0.0.0:15002 - 0 ] INFO  volume.ThrottledAsyncChecker (ThrottledAsyncChecker.java:schedule(141)) - Scheduling a check for /home/runner/work/ozone/ozone/hadoop-ozone/integration-test/target/test-dir/MiniOzoneClusterImpl-168be1a3-dcaf-40a9-aa5d-bf8b77a61b73/datanode-3/data-0/containers/hdds
2023-08-25 11:32:45,486 [EndpointStateMachine task thread for /0.0.0.0:15002 - 0 ] INFO  volume.StorageVolumeChecker (StorageVolumeChecker.java:checkAllVolumes(213)) - Scheduled health check for volume /home/runner/work/ozone/ozone/hadoop-ozone/integration-test/target/test-dir/MiniOzoneClusterImpl-168be1a3-dcaf-40a9-aa5d-bf8b77a61b73/datanode-3/data-0/containers/hdds
2023-08-25 11:32:45,496 [EndpointStateMachine task thread for /0.0.0.0:15002 - 0 ] INFO  volume.ThrottledAsyncChecker (ThrottledAsyncChecker.java:schedule(141)) - Scheduling a check for /home/runner/work/ozone/ozone/hadoop-ozone/integration-test/target/test-dir/MiniOzoneClusterImpl-168be1a3-dcaf-40a9-aa5d-bf8b77a61b73/datanode-3/data/ratis
2023-08-25 11:32:45,497 [EndpointStateMachine task thread for /0.0.0.0:15002 - 0 ] INFO  volume.StorageVolumeChecker (StorageVolumeChecker.java:checkAllVolumes(213)) - Scheduled health check for volume /home/runner/work/ozone/ozone/hadoop-ozone/integration-test/target/test-dir/MiniOzoneClusterImpl-168be1a3-dcaf-40a9-aa5d-bf8b77a61b73/datanode-3/data/ratis
2023-08-25 11:32:45,499 [EndpointStateMachine task thread for /0.0.0.0:15002 - 0 ] INFO  ozoneimpl.OzoneContainer (OzoneContainer.java:start(429)) - Attempting to start container services.
2023-08-25 11:32:45,499 [EndpointStateMachine task thread for /0.0.0.0:15002 - 0 ] INFO  ozoneimpl.OzoneContainer (OzoneContainer.java:startContainerScrub(325)) - Scheduled background container scanners and the on-demand container scanner have been disabled.
2023-08-25 11:32:45,501 [EndpointStateMachine task thread for /0.0.0.0:15002 - 0 ] INFO  replication.ReplicationServer (ReplicationServer.java:start(130)) - ReplicationServer is started using port 15043
2023-08-25 11:32:45,501 [EndpointStateMachine task thread for /0.0.0.0:15002 - 0 ] INFO  ratis.XceiverServerRatis (XceiverServerRatis.java:start(517)) - Starting XceiverServerRatis 4dcd1767-97a9-4f87-b8f8-fe0ca563ef05
2023-08-25 11:32:45,503 [EndpointStateMachine task thread for /0.0.0.0:15002 - 0 ] INFO  server.RaftServer (RaftServerProxy.java:startImpl(400)) - 4dcd1767-97a9-4f87-b8f8-fe0ca563ef05: start RPC server
2023-08-25 11:32:45,506 [EndpointStateMachine task thread for /0.0.0.0:15002 - 0 ] INFO  server.GrpcService (GrpcService.java:startImpl(302)) - 4dcd1767-97a9-4f87-b8f8-fe0ca563ef05: GrpcService started, listening on 15039
2023-08-25 11:32:45,507 [EndpointStateMachine task thread for /0.0.0.0:15002 - 0 ] INFO  server.GrpcService (GrpcService.java:startImpl(302)) - 4dcd1767-97a9-4f87-b8f8-fe0ca563ef05: GrpcService started, listening on 15041
2023-08-25 11:32:45,514 [EndpointStateMachine task thread for /0.0.0.0:15002 - 0 ] INFO  server.GrpcService (GrpcService.java:startImpl(302)) - 4dcd1767-97a9-4f87-b8f8-fe0ca563ef05: GrpcService started, listening on 15040
2023-08-25 11:32:45,515 [JvmPauseMonitor5] INFO  util.JvmPauseMonitor (JvmPauseMonitor.java:run(103)) - JvmPauseMonitor-4dcd1767-97a9-4f87-b8f8-fe0ca563ef05: Started
2023-08-25 11:32:45,516 [EndpointStateMachine task thread for /0.0.0.0:15002 - 0 ] INFO  ratis.XceiverServerRatis (XceiverServerRatis.java:getRealPort(543)) - XceiverServerRatis 4dcd1767-97a9-4f87-b8f8-fe0ca563ef05 is started using port 15039 for RATIS
2023-08-25 11:32:45,516 [EndpointStateMachine task thread for /0.0.0.0:15002 - 0 ] INFO  ratis.XceiverServerRatis (XceiverServerRatis.java:getRealPort(543)) - XceiverServerRatis 4dcd1767-97a9-4f87-b8f8-fe0ca563ef05 is started using port 15040 for RATIS_ADMIN
2023-08-25 11:32:45,516 [EndpointStateMachine task thread for /0.0.0.0:15002 - 0 ] INFO  ratis.XceiverServerRatis (XceiverServerRatis.java:getRealPort(543)) - XceiverServerRatis 4dcd1767-97a9-4f87-b8f8-fe0ca563ef05 is started using port 15041 for RATIS_SERVER
2023-08-25 11:32:45,516 [EndpointStateMachine task thread for /0.0.0.0:15002 - 0 ] INFO  ratis.XceiverServerRatis (XceiverServerRatis.java:getRealPort(543)) - XceiverServerRatis 4dcd1767-97a9-4f87-b8f8-fe0ca563ef05 is started using port 15042 for RATIS_DATASTREAM
2023-08-25 11:32:45,523 [BlockDeletingService#0] INFO  interfaces.ContainerDeletionChoosingPolicyTemplate (ContainerDeletionChoosingPolicyTemplate.java:chooseContainerForBlockDeletion(85)) - Chosen 0/5000 blocks from 0 candidate containers.
2023-08-25 11:32:45,797 [main] INFO  ozone.MiniOzoneClusterImpl (MiniOzoneClusterImpl.java:lambda$waitForClusterToBeReady$0(224)) - Waiting for nodes to be ready. Got 0 of 5 DN Heartbeats.
2023-08-25 11:32:45,797 [main] INFO  ozone.MiniOzoneClusterImpl (MiniOzoneClusterImpl.java:lambda$waitForClusterToBeReady$0(227)) - Waiting for cluster to exit safe mode
2023-08-25 11:32:45,797 [main] INFO  ozone.MiniOzoneClusterImpl (MiniOzoneClusterImpl.java:lambda$waitForClusterToBeReady$0(229)) - SCM became leader
2023-08-25 11:32:45,866 [EndpointStateMachine task thread for /0.0.0.0:15002 - 0 ] INFO  utils.DatanodeStoreCache (DatanodeStoreCache.java:addDB(66)) - Added db /home/runner/work/ozone/ozone/hadoop-ozone/integration-test/target/test-dir/MiniOzoneClusterImpl-168be1a3-dcaf-40a9-aa5d-bf8b77a61b73/datanode-4/data-0/containers/hdds/168be1a3-dcaf-40a9-aa5d-bf8b77a61b73/DS-541d33aa-1b52-43f2-a970-19cf3954634d/container.db to cache
2023-08-25 11:32:45,867 [EndpointStateMachine task thread for /0.0.0.0:15002 - 0 ] INFO  volume.HddsVolume (HddsVolume.java:createDbStore(422)) - SchemaV3 db is created and loaded at /home/runner/work/ozone/ozone/hadoop-ozone/integration-test/target/test-dir/MiniOzoneClusterImpl-168be1a3-dcaf-40a9-aa5d-bf8b77a61b73/datanode-4/data-0/containers/hdds/168be1a3-dcaf-40a9-aa5d-bf8b77a61b73/DS-541d33aa-1b52-43f2-a970-19cf3954634d/container.db for volume DS-541d33aa-1b52-43f2-a970-19cf3954634d
2023-08-25 11:32:45,867 [EndpointStateMachine task thread for /0.0.0.0:15002 - 0 ] INFO  volume.ThrottledAsyncChecker (ThrottledAsyncChecker.java:schedule(141)) - Scheduling a check for /home/runner/work/ozone/ozone/hadoop-ozone/integration-test/target/test-dir/MiniOzoneClusterImpl-168be1a3-dcaf-40a9-aa5d-bf8b77a61b73/datanode-4/data-0/containers/hdds
2023-08-25 11:32:45,868 [EndpointStateMachine task thread for /0.0.0.0:15002 - 0 ] INFO  volume.StorageVolumeChecker (StorageVolumeChecker.java:checkAllVolumes(213)) - Scheduled health check for volume /home/runner/work/ozone/ozone/hadoop-ozone/integration-test/target/test-dir/MiniOzoneClusterImpl-168be1a3-dcaf-40a9-aa5d-bf8b77a61b73/datanode-4/data-0/containers/hdds
2023-08-25 11:32:45,871 [EndpointStateMachine task thread for /0.0.0.0:15002 - 0 ] INFO  volume.ThrottledAsyncChecker (ThrottledAsyncChecker.java:schedule(141)) - Scheduling a check for /home/runner/work/ozone/ozone/hadoop-ozone/integration-test/target/test-dir/MiniOzoneClusterImpl-168be1a3-dcaf-40a9-aa5d-bf8b77a61b73/datanode-4/data/ratis
2023-08-25 11:32:45,872 [EndpointStateMachine task thread for /0.0.0.0:15002 - 0 ] INFO  volume.StorageVolumeChecker (StorageVolumeChecker.java:checkAllVolumes(213)) - Scheduled health check for volume /home/runner/work/ozone/ozone/hadoop-ozone/integration-test/target/test-dir/MiniOzoneClusterImpl-168be1a3-dcaf-40a9-aa5d-bf8b77a61b73/datanode-4/data/ratis
2023-08-25 11:32:45,873 [EndpointStateMachine task thread for /0.0.0.0:15002 - 0 ] INFO  ozoneimpl.OzoneContainer (OzoneContainer.java:start(429)) - Attempting to start container services.
2023-08-25 11:32:45,874 [EndpointStateMachine task thread for /0.0.0.0:15002 - 0 ] INFO  ozoneimpl.OzoneContainer (OzoneContainer.java:startContainerScrub(325)) - Scheduled background container scanners and the on-demand container scanner have been disabled.
2023-08-25 11:32:45,875 [EndpointStateMachine task thread for /0.0.0.0:15002 - 0 ] INFO  replication.ReplicationServer (ReplicationServer.java:start(130)) - ReplicationServer is started using port 15052
2023-08-25 11:32:45,875 [EndpointStateMachine task thread for /0.0.0.0:15002 - 0 ] INFO  ratis.XceiverServerRatis (XceiverServerRatis.java:start(517)) - Starting XceiverServerRatis af11e694-f31c-4d10-acc2-680f80b0911e
2023-08-25 11:32:45,877 [EndpointStateMachine task thread for /0.0.0.0:15002 - 0 ] INFO  server.RaftServer (RaftServerProxy.java:startImpl(400)) - af11e694-f31c-4d10-acc2-680f80b0911e: start RPC server
2023-08-25 11:32:45,882 [EndpointStateMachine task thread for /0.0.0.0:15002 - 0 ] INFO  server.GrpcService (GrpcService.java:startImpl(302)) - af11e694-f31c-4d10-acc2-680f80b0911e: GrpcService started, listening on 15048
2023-08-25 11:32:45,883 [EndpointStateMachine task thread for /0.0.0.0:15002 - 0 ] INFO  server.GrpcService (GrpcService.java:startImpl(302)) - af11e694-f31c-4d10-acc2-680f80b0911e: GrpcService started, listening on 15050
2023-08-25 11:32:45,884 [EndpointStateMachine task thread for /0.0.0.0:15002 - 0 ] INFO  server.GrpcService (GrpcService.java:startImpl(302)) - af11e694-f31c-4d10-acc2-680f80b0911e: GrpcService started, listening on 15049
2023-08-25 11:32:45,884 [EndpointStateMachine task thread for /0.0.0.0:15002 - 0 ] INFO  ratis.XceiverServerRatis (XceiverServerRatis.java:getRealPort(543)) - XceiverServerRatis af11e694-f31c-4d10-acc2-680f80b0911e is started using port 15048 for RATIS
2023-08-25 11:32:45,884 [EndpointStateMachine task thread for /0.0.0.0:15002 - 0 ] INFO  ratis.XceiverServerRatis (XceiverServerRatis.java:getRealPort(543)) - XceiverServerRatis af11e694-f31c-4d10-acc2-680f80b0911e is started using port 15049 for RATIS_ADMIN
2023-08-25 11:32:45,885 [EndpointStateMachine task thread for /0.0.0.0:15002 - 0 ] INFO  ratis.XceiverServerRatis (XceiverServerRatis.java:getRealPort(543)) - XceiverServerRatis af11e694-f31c-4d10-acc2-680f80b0911e is started using port 15050 for RATIS_SERVER
2023-08-25 11:32:45,885 [EndpointStateMachine task thread for /0.0.0.0:15002 - 0 ] INFO  ratis.XceiverServerRatis (XceiverServerRatis.java:getRealPort(543)) - XceiverServerRatis af11e694-f31c-4d10-acc2-680f80b0911e is started using port 15051 for RATIS_DATASTREAM
2023-08-25 11:32:45,885 [JvmPauseMonitor6] INFO  util.JvmPauseMonitor (JvmPauseMonitor.java:run(103)) - JvmPauseMonitor-af11e694-f31c-4d10-acc2-680f80b0911e: Started
2023-08-25 11:32:45,892 [BlockDeletingService#0] INFO  interfaces.ContainerDeletionChoosingPolicyTemplate (ContainerDeletionChoosingPolicyTemplate.java:chooseContainerForBlockDeletion(85)) - Chosen 0/5000 blocks from 0 candidate containers.
2023-08-25 11:32:46,015 [IPC Server handler 8 on default port 15002] INFO  net.NetworkTopologyImpl (NetworkTopologyImpl.java:add(112)) - Added a new node: /default-rack/d411a2e9-f1e7-48ff-a207-5fb0a1d8b942
2023-08-25 11:32:46,019 [IPC Server handler 8 on default port 15002] INFO  node.SCMNodeManager (SCMNodeManager.java:register(405)) - Registered Data node : d411a2e9-f1e7-48ff-a207-5fb0a1d8b942{ip: 10.1.0.52, host: fv-az508-118.q1hezrx03woe3mvmfegnvhq0ah.dx.internal.cloudapp.net, ports: [HTTP=15009, CLIENT_RPC=15010, REPLICATION=15016, RATIS=15012, RATIS_ADMIN=15013, RATIS_SERVER=15014, RATIS_DATASTREAM=15015, STANDALONE=15011], networkLocation: /default-rack, certSerialId: null, persistedOpState: null, persistedOpStateExpiryEpochSec: 0}
2023-08-25 11:32:46,025 [EventQueue-NewNodeForNewNodeHandler] INFO  pipeline.BackgroundPipelineCreator (BackgroundPipelineCreator.java:notifyEventTriggered(277)) - trigger a one-shot run on RatisPipelineUtilsThread.
2023-08-25 11:32:46,048 [RatisPipelineUtilsThread - 0] INFO  pipeline.RatisPipelineProvider (RatisPipelineProvider.java:lambda$create$0(206)) - Sending CreatePipelineCommand for pipeline:PipelineID=f56cc53f-6313-4cec-9451-8a642a2690ea to datanode:d411a2e9-f1e7-48ff-a207-5fb0a1d8b942
2023-08-25 11:32:46,059 [EventQueue-NodeRegistrationContainerReportForDataNodeSafeModeRule] INFO  safemode.SCMSafeModeManager (DataNodeSafeModeRule.java:process(71)) - SCM in safe mode. 1 DataNodes registered, 3 required.
2023-08-25 11:32:46,060 [EventQueue-PipelineReportForOneReplicaPipelineSafeModeRule] INFO  safemode.SCMSafeModeManager (SCMSafeModeManager.java:validateSafeModeExitRules(200)) - AtleastOneDatanodeReportedRule rule is successfully validated
2023-08-25 11:32:46,065 [EventQueue-NodeRegistrationContainerReportForContainerSafeModeRule] INFO  safemode.SCMSafeModeManager (SCMSafeModeManager.java:validateSafeModeExitRules(200)) - ContainerSafeModeRule rule is successfully validated
2023-08-25 11:32:46,084 [RatisPipelineUtilsThread - 0] INFO  pipeline.BackgroundPipelineCreator (BackgroundPipelineCreator.java:createPipelines(233)) - Created new pipeline Pipeline[ Id: f56cc53f-6313-4cec-9451-8a642a2690ea, Nodes: d411a2e9-f1e7-48ff-a207-5fb0a1d8b942(fv-az508-118.q1hezrx03woe3mvmfegnvhq0ah.dx.internal.cloudapp.net/10.1.0.52), ReplicationConfig: RATIS/ONE, State:ALLOCATED, leaderId:, CreationTimestamp2023-08-25T11:32:46.046Z[Etc/UTC]]
2023-08-25 11:32:46,568 [IPC Server handler 1 on default port 15002] INFO  net.NetworkTopologyImpl (NetworkTopologyImpl.java:add(112)) - Added a new node: /default-rack/13d602e5-043f-4877-ab61-f2512eb11edb
2023-08-25 11:32:46,569 [IPC Server handler 1 on default port 15002] INFO  node.SCMNodeManager (SCMNodeManager.java:register(405)) - Registered Data node : 13d602e5-043f-4877-ab61-f2512eb11edb{ip: 10.1.0.52, host: fv-az508-118.q1hezrx03woe3mvmfegnvhq0ah.dx.internal.cloudapp.net, ports: [HTTP=15018, CLIENT_RPC=15019, REPLICATION=15025, RATIS=15021, RATIS_ADMIN=15022, RATIS_SERVER=15023, RATIS_DATASTREAM=15024, STANDALONE=15020], networkLocation: /default-rack, certSerialId: null, persistedOpState: null, persistedOpStateExpiryEpochSec: 0}
2023-08-25 11:32:46,570 [EventQueue-NodeRegistrationContainerReportForDataNodeSafeModeRule] INFO  safemode.SCMSafeModeManager (DataNodeSafeModeRule.java:process(71)) - SCM in safe mode. 2 DataNodes registered, 3 required.
2023-08-25 11:32:46,570 [EventQueue-NewNodeForNewNodeHandler] INFO  pipeline.BackgroundPipelineCreator (BackgroundPipelineCreator.java:notifyEventTriggered(277)) - trigger a one-shot run on RatisPipelineUtilsThread.
2023-08-25 11:32:46,572 [RatisPipelineUtilsThread - 0] INFO  pipeline.RatisPipelineProvider (RatisPipelineProvider.java:lambda$create$0(206)) - Sending CreatePipelineCommand for pipeline:PipelineID=9d1a06b2-6520-43aa-bf2b-bb58f65baa1b to datanode:13d602e5-043f-4877-ab61-f2512eb11edb
2023-08-25 11:32:46,573 [RatisPipelineUtilsThread - 0] INFO  pipeline.BackgroundPipelineCreator (BackgroundPipelineCreator.java:createPipelines(233)) - Created new pipeline Pipeline[ Id: 9d1a06b2-6520-43aa-bf2b-bb58f65baa1b, Nodes: 13d602e5-043f-4877-ab61-f2512eb11edb(fv-az508-118.q1hezrx03woe3mvmfegnvhq0ah.dx.internal.cloudapp.net/10.1.0.52), ReplicationConfig: RATIS/ONE, State:ALLOCATED, leaderId:, CreationTimestamp2023-08-25T11:32:46.572Z[Etc/UTC]]
2023-08-25 11:32:46,798 [main] INFO  ozone.MiniOzoneClusterImpl (MiniOzoneClusterImpl.java:lambda$waitForClusterToBeReady$0(224)) - Waiting for nodes to be ready. Got 2 of 5 DN Heartbeats.
2023-08-25 11:32:46,798 [main] INFO  ozone.MiniOzoneClusterImpl (MiniOzoneClusterImpl.java:lambda$waitForClusterToBeReady$0(227)) - Waiting for cluster to exit safe mode
2023-08-25 11:32:46,798 [main] INFO  ozone.MiniOzoneClusterImpl (MiniOzoneClusterImpl.java:lambda$waitForClusterToBeReady$0(229)) - SCM became leader
2023-08-25 11:32:47,026 [IPC Server handler 17 on default port 15002] INFO  net.NetworkTopologyImpl (NetworkTopologyImpl.java:add(112)) - Added a new node: /default-rack/ead66fe0-0d51-45f6-a40c-8e2915dd9a2f
2023-08-25 11:32:47,029 [IPC Server handler 17 on default port 15002] INFO  node.SCMNodeManager (SCMNodeManager.java:register(405)) - Registered Data node : ead66fe0-0d51-45f6-a40c-8e2915dd9a2f{ip: 10.1.0.52, host: fv-az508-118.q1hezrx03woe3mvmfegnvhq0ah.dx.internal.cloudapp.net, ports: [HTTP=15027, CLIENT_RPC=15028, REPLICATION=15034, RATIS=15030, RATIS_ADMIN=15031, RATIS_SERVER=15032, RATIS_DATASTREAM=15033, STANDALONE=15029], networkLocation: /default-rack, certSerialId: null, persistedOpState: null, persistedOpStateExpiryEpochSec: 0}
2023-08-25 11:32:47,029 [EventQueue-NewNodeForNewNodeHandler] INFO  pipeline.BackgroundPipelineCreator (BackgroundPipelineCreator.java:notifyEventTriggered(277)) - trigger a one-shot run on RatisPipelineUtilsThread.
2023-08-25 11:32:47,029 [EventQueue-NodeRegistrationContainerReportForDataNodeSafeModeRule] INFO  safemode.SCMSafeModeManager (DataNodeSafeModeRule.java:process(71)) - SCM in safe mode. 3 DataNodes registered, 3 required.
2023-08-25 11:32:47,031 [EventQueue-NodeRegistrationContainerReportForDataNodeSafeModeRule] INFO  safemode.SCMSafeModeManager (SCMSafeModeManager.java:validateSafeModeExitRules(200)) - DataNodeSafeModeRule rule is successfully validated
2023-08-25 11:32:47,031 [EventQueue-NodeRegistrationContainerReportForDataNodeSafeModeRule] INFO  safemode.SCMSafeModeManager (SCMSafeModeManager.java:completePreCheck(229)) - All SCM safe mode pre check rules have passed
2023-08-25 11:32:47,031 [EventQueue-NodeRegistrationContainerReportForDataNodeSafeModeRule] INFO  ha.SCMContext (SCMContext.java:updateSafeModeStatus(228)) - Update SafeModeStatus from SafeModeStatus{safeModeStatus=true, preCheckPassed=false} to SafeModeStatus{safeModeStatus=true, preCheckPassed=true}.
2023-08-25 11:32:47,031 [EventQueue-NodeRegistrationContainerReportForDataNodeSafeModeRule] INFO  pipeline.BackgroundPipelineCreator (BackgroundPipelineCreator.java:notifyEventTriggered(277)) - trigger a one-shot run on RatisPipelineUtilsThread.
2023-08-25 11:32:47,030 [RatisPipelineUtilsThread - 0] INFO  pipeline.RatisPipelineProvider (RatisPipelineProvider.java:lambda$create$0(206)) - Sending CreatePipelineCommand for pipeline:PipelineID=aec8e59a-cb47-43df-9b09-09316cb53eeb to datanode:ead66fe0-0d51-45f6-a40c-8e2915dd9a2f
2023-08-25 11:32:47,033 [RatisPipelineUtilsThread - 0] INFO  pipeline.BackgroundPipelineCreator (BackgroundPipelineCreator.java:createPipelines(233)) - Created new pipeline Pipeline[ Id: aec8e59a-cb47-43df-9b09-09316cb53eeb, Nodes: ead66fe0-0d51-45f6-a40c-8e2915dd9a2f(fv-az508-118.q1hezrx03woe3mvmfegnvhq0ah.dx.internal.cloudapp.net/10.1.0.52), ReplicationConfig: RATIS/ONE, State:ALLOCATED, leaderId:, CreationTimestamp2023-08-25T11:32:47.030Z[Etc/UTC]]
2023-08-25 11:32:47,039 [RatisPipelineUtilsThread - 0] INFO  pipeline.RatisPipelineProvider (RatisPipelineProvider.java:lambda$create$0(206)) - Sending CreatePipelineCommand for pipeline:PipelineID=bc177899-9391-40ce-8421-f23db3c01f23 to datanode:ead66fe0-0d51-45f6-a40c-8e2915dd9a2f
2023-08-25 11:32:47,039 [RatisPipelineUtilsThread - 0] INFO  pipeline.RatisPipelineProvider (RatisPipelineProvider.java:lambda$create$0(206)) - Sending CreatePipelineCommand for pipeline:PipelineID=bc177899-9391-40ce-8421-f23db3c01f23 to datanode:d411a2e9-f1e7-48ff-a207-5fb0a1d8b942
2023-08-25 11:32:47,039 [RatisPipelineUtilsThread - 0] INFO  pipeline.RatisPipelineProvider (RatisPipelineProvider.java:lambda$create$0(206)) - Sending CreatePipelineCommand for pipeline:PipelineID=bc177899-9391-40ce-8421-f23db3c01f23 to datanode:13d602e5-043f-4877-ab61-f2512eb11edb
2023-08-25 11:32:47,041 [RatisPipelineUtilsThread - 0] INFO  pipeline.BackgroundPipelineCreator (BackgroundPipelineCreator.java:createPipelines(233)) - Created new pipeline Pipeline[ Id: bc177899-9391-40ce-8421-f23db3c01f23, Nodes: ead66fe0-0d51-45f6-a40c-8e2915dd9a2f(fv-az508-118.q1hezrx03woe3mvmfegnvhq0ah.dx.internal.cloudapp.net/10.1.0.52)d411a2e9-f1e7-48ff-a207-5fb0a1d8b942(fv-az508-118.q1hezrx03woe3mvmfegnvhq0ah.dx.internal.cloudapp.net/10.1.0.52)13d602e5-043f-4877-ab61-f2512eb11edb(fv-az508-118.q1hezrx03woe3mvmfegnvhq0ah.dx.internal.cloudapp.net/10.1.0.52), ReplicationConfig: RATIS/THREE, State:ALLOCATED, leaderId:, CreationTimestamp2023-08-25T11:32:47.039Z[Etc/UTC]]
2023-08-25 11:32:47,043 [RatisPipelineUtilsThread - 0] INFO  pipeline.RatisPipelineProvider (RatisPipelineProvider.java:lambda$create$0(206)) - Sending CreatePipelineCommand for pipeline:PipelineID=48a8aa35-3969-4b40-9daf-2249ab9819a5 to datanode:13d602e5-043f-4877-ab61-f2512eb11edb
2023-08-25 11:32:47,043 [RatisPipelineUtilsThread - 0] INFO  pipeline.RatisPipelineProvider (RatisPipelineProvider.java:lambda$create$0(206)) - Sending CreatePipelineCommand for pipeline:PipelineID=48a8aa35-3969-4b40-9daf-2249ab9819a5 to datanode:ead66fe0-0d51-45f6-a40c-8e2915dd9a2f
2023-08-25 11:32:47,043 [RatisPipelineUtilsThread - 0] INFO  pipeline.RatisPipelineProvider (RatisPipelineProvider.java:lambda$create$0(206)) - Sending CreatePipelineCommand for pipeline:PipelineID=48a8aa35-3969-4b40-9daf-2249ab9819a5 to datanode:d411a2e9-f1e7-48ff-a207-5fb0a1d8b942
2023-08-25 11:32:47,045 [RatisPipelineUtilsThread - 0] INFO  pipeline.PipelineManagerImpl (PipelineManagerImpl.java:recordMetricsForPipeline(914)) - Pipeline: PipelineID=48a8aa35-3969-4b40-9daf-2249ab9819a5 contains same datanodes as previous pipelines: PipelineID=bc177899-9391-40ce-8421-f23db3c01f23 nodeIds: 13d602e5-043f-4877-ab61-f2512eb11edb, ead66fe0-0d51-45f6-a40c-8e2915dd9a2f, d411a2e9-f1e7-48ff-a207-5fb0a1d8b942
2023-08-25 11:32:47,045 [RatisPipelineUtilsThread - 0] INFO  pipeline.BackgroundPipelineCreator (BackgroundPipelineCreator.java:createPipelines(233)) - Created new pipeline Pipeline[ Id: 48a8aa35-3969-4b40-9daf-2249ab9819a5, Nodes: 13d602e5-043f-4877-ab61-f2512eb11edb(fv-az508-118.q1hezrx03woe3mvmfegnvhq0ah.dx.internal.cloudapp.net/10.1.0.52)ead66fe0-0d51-45f6-a40c-8e2915dd9a2f(fv-az508-118.q1hezrx03woe3mvmfegnvhq0ah.dx.internal.cloudapp.net/10.1.0.52)d411a2e9-f1e7-48ff-a207-5fb0a1d8b942(fv-az508-118.q1hezrx03woe3mvmfegnvhq0ah.dx.internal.cloudapp.net/10.1.0.52), ReplicationConfig: RATIS/THREE, State:ALLOCATED, leaderId:, CreationTimestamp2023-08-25T11:32:47.043Z[Etc/UTC]]
2023-08-25 11:32:47,045 [RatisPipelineUtilsThread - 0] WARN  pipeline.PipelinePlacementPolicy (PipelinePlacementPolicy.java:filterViableNodes(166)) - Pipeline creation failed due to no sufficient healthy datanodes. Required 3. Found 0. Excluded 3.
2023-08-25 11:32:47,046 [RatisPipelineUtilsThread - 0] WARN  pipeline.PipelinePlacementPolicy (PipelinePlacementPolicy.java:filterViableNodes(166)) - Pipeline creation failed due to no sufficient healthy datanodes. Required 3. Found 0. Excluded 3.
2023-08-25 11:32:47,417 [IPC Server handler 4 on default port 15002] INFO  net.NetworkTopologyImpl (NetworkTopologyImpl.java:add(112)) - Added a new node: /default-rack/4dcd1767-97a9-4f87-b8f8-fe0ca563ef05
2023-08-25 11:32:47,418 [IPC Server handler 4 on default port 15002] INFO  node.SCMNodeManager (SCMNodeManager.java:register(405)) - Registered Data node : 4dcd1767-97a9-4f87-b8f8-fe0ca563ef05{ip: 10.1.0.52, host: fv-az508-118.q1hezrx03woe3mvmfegnvhq0ah.dx.internal.cloudapp.net, ports: [HTTP=15036, CLIENT_RPC=15037, REPLICATION=15043, RATIS=15039, RATIS_ADMIN=15040, RATIS_SERVER=15041, RATIS_DATASTREAM=15042, STANDALONE=15038], networkLocation: /default-rack, certSerialId: null, persistedOpState: null, persistedOpStateExpiryEpochSec: 0}
2023-08-25 11:32:47,419 [EventQueue-NewNodeForNewNodeHandler] INFO  pipeline.BackgroundPipelineCreator (BackgroundPipelineCreator.java:notifyEventTriggered(277)) - trigger a one-shot run on RatisPipelineUtilsThread.
2023-08-25 11:32:47,421 [RatisPipelineUtilsThread - 0] INFO  pipeline.RatisPipelineProvider (RatisPipelineProvider.java:lambda$create$0(206)) - Sending CreatePipelineCommand for pipeline:PipelineID=b6fbd096-0fbb-4de9-9930-b4606a8fb28b to datanode:4dcd1767-97a9-4f87-b8f8-fe0ca563ef05
2023-08-25 11:32:47,423 [RatisPipelineUtilsThread - 0] INFO  pipeline.BackgroundPipelineCreator (BackgroundPipelineCreator.java:createPipelines(233)) - Created new pipeline Pipeline[ Id: b6fbd096-0fbb-4de9-9930-b4606a8fb28b, Nodes: 4dcd1767-97a9-4f87-b8f8-fe0ca563ef05(fv-az508-118.q1hezrx03woe3mvmfegnvhq0ah.dx.internal.cloudapp.net/10.1.0.52), ReplicationConfig: RATIS/ONE, State:ALLOCATED, leaderId:, CreationTimestamp2023-08-25T11:32:47.421Z[Etc/UTC]]
2023-08-25 11:32:47,424 [RatisPipelineUtilsThread - 0] WARN  pipeline.PipelinePlacementPolicy (PipelinePlacementPolicy.java:filterViableNodes(166)) - Pipeline creation failed due to no sufficient healthy datanodes. Required 3. Found 1. Excluded 3.
2023-08-25 11:32:47,799 [main] INFO  ozone.MiniOzoneClusterImpl (MiniOzoneClusterImpl.java:lambda$waitForClusterToBeReady$0(224)) - Waiting for nodes to be ready. Got 4 of 5 DN Heartbeats.
2023-08-25 11:32:47,799 [main] INFO  ozone.MiniOzoneClusterImpl (MiniOzoneClusterImpl.java:lambda$waitForClusterToBeReady$0(227)) - Waiting for cluster to exit safe mode
2023-08-25 11:32:47,799 [main] INFO  ozone.MiniOzoneClusterImpl (MiniOzoneClusterImpl.java:lambda$waitForClusterToBeReady$0(229)) - SCM became leader
2023-08-25 11:32:47,804 [IPC Server handler 3 on default port 15002] INFO  net.NetworkTopologyImpl (NetworkTopologyImpl.java:add(112)) - Added a new node: /default-rack/af11e694-f31c-4d10-acc2-680f80b0911e
2023-08-25 11:32:47,804 [IPC Server handler 3 on default port 15002] INFO  node.SCMNodeManager (SCMNodeManager.java:register(405)) - Registered Data node : af11e694-f31c-4d10-acc2-680f80b0911e{ip: 10.1.0.52, host: fv-az508-118.q1hezrx03woe3mvmfegnvhq0ah.dx.internal.cloudapp.net, ports: [HTTP=15045, CLIENT_RPC=15046, REPLICATION=15052, RATIS=15048, RATIS_ADMIN=15049, RATIS_SERVER=15050, RATIS_DATASTREAM=15051, STANDALONE=15047], networkLocation: /default-rack, certSerialId: null, persistedOpState: null, persistedOpStateExpiryEpochSec: 0}
2023-08-25 11:32:47,805 [EventQueue-NewNodeForNewNodeHandler] INFO  pipeline.BackgroundPipelineCreator (BackgroundPipelineCreator.java:notifyEventTriggered(277)) - trigger a one-shot run on RatisPipelineUtilsThread.
2023-08-25 11:32:47,806 [RatisPipelineUtilsThread - 0] INFO  pipeline.RatisPipelineProvider (RatisPipelineProvider.java:lambda$create$0(206)) - Sending CreatePipelineCommand for pipeline:PipelineID=575a8c2a-1b26-400a-9d0b-d422de6a4697 to datanode:af11e694-f31c-4d10-acc2-680f80b0911e
2023-08-25 11:32:47,808 [RatisPipelineUtilsThread - 0] INFO  pipeline.BackgroundPipelineCreator (BackgroundPipelineCreator.java:createPipelines(233)) - Created new pipeline Pipeline[ Id: 575a8c2a-1b26-400a-9d0b-d422de6a4697, Nodes: af11e694-f31c-4d10-acc2-680f80b0911e(fv-az508-118.q1hezrx03woe3mvmfegnvhq0ah.dx.internal.cloudapp.net/10.1.0.52), ReplicationConfig: RATIS/ONE, State:ALLOCATED, leaderId:, CreationTimestamp2023-08-25T11:32:47.806Z[Etc/UTC]]
2023-08-25 11:32:47,809 [RatisPipelineUtilsThread - 0] WARN  pipeline.PipelinePlacementPolicy (PipelinePlacementPolicy.java:filterViableNodes(166)) - Pipeline creation failed due to no sufficient healthy datanodes. Required 3. Found 2. Excluded 3.
2023-08-25 11:32:48,799 [main] INFO  ozone.MiniOzoneClusterImpl (MiniOzoneClusterImpl.java:lambda$waitForClusterToBeReady$0(224)) - Nodes are ready. Got 5 of 5 DN Heartbeats.
2023-08-25 11:32:48,800 [main] INFO  ozone.MiniOzoneClusterImpl (MiniOzoneClusterImpl.java:lambda$waitForClusterToBeReady$0(227)) - Waiting for cluster to exit safe mode
2023-08-25 11:32:48,800 [main] INFO  ozone.MiniOzoneClusterImpl (MiniOzoneClusterImpl.java:lambda$waitForClusterToBeReady$0(229)) - SCM became leader
2023-08-25 11:32:49,019 [PipelineCommandHandlerThread-0] INFO  server.RaftServer (RaftServerProxy.java:addNew(98)) - d411a2e9-f1e7-48ff-a207-5fb0a1d8b942: addNew group-8A642A2690EA:[d411a2e9-f1e7-48ff-a207-5fb0a1d8b942|rpc:10.1.0.52:15014|admin:10.1.0.52:15013|client:10.1.0.52:15012|dataStream:10.1.0.52:15015|priority:1|startupRole:FOLLOWER] returns group-8A642A2690EA:java.util.concurrent.CompletableFuture@1a22f7f[Not completed]
2023-08-25 11:32:49,045 [d411a2e9-f1e7-48ff-a207-5fb0a1d8b942-groupManagement] INFO  server.RaftServer$Division (RaftServerImpl.java:<init>(198)) - d411a2e9-f1e7-48ff-a207-5fb0a1d8b942: new RaftServerImpl for group-8A642A2690EA:[d411a2e9-f1e7-48ff-a207-5fb0a1d8b942|rpc:10.1.0.52:15014|admin:10.1.0.52:15013|client:10.1.0.52:15012|dataStream:10.1.0.52:15015|priority:1|startupRole:FOLLOWER] with ContainerStateMachine:uninitialized
2023-08-25 11:32:49,045 [d411a2e9-f1e7-48ff-a207-5fb0a1d8b942-groupManagement] INFO  server.RaftServerConfigKeys (ConfUtils.java:logGet(46)) - raft.server.rpc.timeout.min = 5s (custom)
2023-08-25 11:32:49,053 [d411a2e9-f1e7-48ff-a207-5fb0a1d8b942-groupManagement] INFO  server.RaftServerConfigKeys (ConfUtils.java:logGet(46)) - raft.server.rpc.timeout.max = 5200ms (custom)
2023-08-25 11:32:49,053 [d411a2e9-f1e7-48ff-a207-5fb0a1d8b942-groupManagement] INFO  server.RaftServerConfigKeys (ConfUtils.java:logGet(46)) - raft.server.rpc.sleep.time = 25ms (default)
2023-08-25 11:32:49,053 [d411a2e9-f1e7-48ff-a207-5fb0a1d8b942-groupManagement] INFO  server.RaftServerConfigKeys (ConfUtils.java:logGet(46)) - raft.server.rpc.slowness.timeout = 300s (custom)
2023-08-25 11:32:49,053 [d411a2e9-f1e7-48ff-a207-5fb0a1d8b942-groupManagement] INFO  server.RaftServerConfigKeys (ConfUtils.java:logGet(46)) - raft.server.leaderelection.leader.step-down.wait-time = 10s (default)
2023-08-25 11:32:49,053 [d411a2e9-f1e7-48ff-a207-5fb0a1d8b942-groupManagement] INFO  server.RaftServerConfigKeys (ConfUtils.java:logGet(46)) - raft.server.sleep.deviation.threshold = 300ms (default)
2023-08-25 11:32:49,054 [d411a2e9-f1e7-48ff-a207-5fb0a1d8b942-groupManagement] INFO  server.RaftServer$Division (ServerState.java:<init>(120)) - d411a2e9-f1e7-48ff-a207-5fb0a1d8b942@group-8A642A2690EA: ConfigurationManager, init=-1: peers:[d411a2e9-f1e7-48ff-a207-5fb0a1d8b942|rpc:10.1.0.52:15014|admin:10.1.0.52:15013|client:10.1.0.52:15012|dataStream:10.1.0.52:15015|priority:1|startupRole:FOLLOWER]|listeners:[], old=null, confs=<EMPTY_MAP>
2023-08-25 11:32:49,054 [d411a2e9-f1e7-48ff-a207-5fb0a1d8b942-groupManagement] INFO  server.RaftServerConfigKeys (ConfUtils.java:logGet(46)) - raft.server.storage.dir = [/home/runner/work/ozone/ozone/hadoop-ozone/integration-test/target/test-dir/MiniOzoneClusterImpl-168be1a3-dcaf-40a9-aa5d-bf8b77a61b73/datanode-0/data/ratis] (custom)
2023-08-25 11:32:49,054 [d411a2e9-f1e7-48ff-a207-5fb0a1d8b942-groupManagement] INFO  server.RaftServerConfigKeys (ConfUtils.java:logGet(46)) - raft.server.log.corruption.policy = EXCEPTION (default)
2023-08-25 11:32:49,054 [d411a2e9-f1e7-48ff-a207-5fb0a1d8b942-groupManagement] INFO  server.RaftServerConfigKeys (ConfUtils.java:logGet(46)) - raft.server.storage.free-space.min = 0MB (=0) (default)
2023-08-25 11:32:49,054 [d411a2e9-f1e7-48ff-a207-5fb0a1d8b942-groupManagement] INFO  server.RaftServerConfigKeys (ConfUtils.java:logGet(46)) - raft.server.notification.no-leader.timeout = 300s (custom)
2023-08-25 11:32:49,054 [d411a2e9-f1e7-48ff-a207-5fb0a1d8b942-groupManagement] INFO  server.RaftServerConfigKeys (ConfUtils.java:logGet(46)) - raft.server.read.timeout = 10s (default)
2023-08-25 11:32:49,055 [d411a2e9-f1e7-48ff-a207-5fb0a1d8b942-groupManagement] INFO  server.RaftServerConfigKeys (ConfUtils.java:logGet(46)) - raft.server.retrycache.expirytime = 600000ms (custom)
2023-08-25 11:32:49,055 [d411a2e9-f1e7-48ff-a207-5fb0a1d8b942-groupManagement] INFO  server.RaftServerConfigKeys (ConfUtils.java:logGet(46)) - raft.server.retrycache.statistics.expirytime = 100μs (default)
2023-08-25 11:32:49,055 [d411a2e9-f1e7-48ff-a207-5fb0a1d8b942-groupManagement] INFO  server.RaftServerConfigKeys (ConfUtils.java:logGet(46)) - raft.server.read.option = DEFAULT (default)
2023-08-25 11:32:49,059 [d411a2e9-f1e7-48ff-a207-5fb0a1d8b942-groupManagement] INFO  server.RaftServerConfigKeys (ConfUtils.java:logGet(46)) - raft.server.rpc.request.timeout = 60s (custom)
2023-08-25 11:32:49,060 [d411a2e9-f1e7-48ff-a207-5fb0a1d8b942-groupManagement] INFO  server.RaftServerConfigKeys (ConfUtils.java:logGet(46)) - raft.server.log.appender.install.snapshot.enabled = false (custom)
2023-08-25 11:32:49,060 [d411a2e9-f1e7-48ff-a207-5fb0a1d8b942-groupManagement] INFO  server.RaftServerConfigKeys (ConfUtils.java:logGet(46)) - raft.server.threadpool.server.cached = true (default)
2023-08-25 11:32:49,060 [d411a2e9-f1e7-48ff-a207-5fb0a1d8b942-groupManagement] INFO  server.RaftServerConfigKeys (ConfUtils.java:logGet(46)) - raft.server.threadpool.server.size = 0 (default)
2023-08-25 11:32:49,060 [d411a2e9-f1e7-48ff-a207-5fb0a1d8b942-groupManagement] INFO  server.RaftServerConfigKeys (ConfUtils.java:logGet(46)) - raft.server.threadpool.client.cached = true (default)
2023-08-25 11:32:49,060 [d411a2e9-f1e7-48ff-a207-5fb0a1d8b942-groupManagement] INFO  server.RaftServerConfigKeys (ConfUtils.java:logGet(46)) - raft.server.threadpool.client.size = 0 (default)
2023-08-25 11:32:49,060 [d411a2e9-f1e7-48ff-a207-5fb0a1d8b942-groupManagement] INFO  storage.RaftStorageDirectory (RaftStorageDirectoryImpl.java:analyzeStorage(137)) - The storage directory /home/runner/work/ozone/ozone/hadoop-ozone/integration-test/target/test-dir/MiniOzoneClusterImpl-168be1a3-dcaf-40a9-aa5d-bf8b77a61b73/datanode-0/data/ratis/f56cc53f-6313-4cec-9451-8a642a2690ea does not exist. Creating ...
2023-08-25 11:32:49,062 [d411a2e9-f1e7-48ff-a207-5fb0a1d8b942-groupManagement] INFO  storage.RaftStorageDirectory (RaftStorageDirectoryImpl.java:tryLock(231)) - Lock on /home/runner/work/ozone/ozone/hadoop-ozone/integration-test/target/test-dir/MiniOzoneClusterImpl-168be1a3-dcaf-40a9-aa5d-bf8b77a61b73/datanode-0/data/ratis/f56cc53f-6313-4cec-9451-8a642a2690ea/in_use.lock acquired by nodename 61563@fv-az508-118
2023-08-25 11:32:49,065 [d411a2e9-f1e7-48ff-a207-5fb0a1d8b942-groupManagement] INFO  storage.RaftStorage (RaftStorageImpl.java:format(96)) - Storage directory /home/runner/work/ozone/ozone/hadoop-ozone/integration-test/target/test-dir/MiniOzoneClusterImpl-168be1a3-dcaf-40a9-aa5d-bf8b77a61b73/datanode-0/data/ratis/f56cc53f-6313-4cec-9451-8a642a2690ea has been successfully formatted.
2023-08-25 11:32:49,071 [d411a2e9-f1e7-48ff-a207-5fb0a1d8b942-groupManagement] INFO  ratis.ContainerStateMachine (ContainerStateMachine.java:loadSnapshot(262)) - group-8A642A2690EA: The snapshot info is null. Setting the last applied indexto:(t:0, i:~)
2023-08-25 11:32:49,071 [d411a2e9-f1e7-48ff-a207-5fb0a1d8b942-groupManagement] INFO  server.RaftServerConfigKeys (ConfUtils.java:logGet(46)) - raft.server.log.use.memory = false (default)
2023-08-25 11:32:49,071 [d411a2e9-f1e7-48ff-a207-5fb0a1d8b942-groupManagement] INFO  server.RaftServerConfigKeys (ConfUtils.java:logGet(46)) - raft.server.log.purge.gap = 1000000 (custom)
2023-08-25 11:32:49,072 [d411a2e9-f1e7-48ff-a207-5fb0a1d8b942-groupManagement] INFO  server.RaftServerConfigKeys (ConfUtils.java:logGet(46)) - raft.server.log.appender.buffer.byte-limit = 33554432 (custom)
2023-08-25 11:32:49,072 [d411a2e9-f1e7-48ff-a207-5fb0a1d8b942-groupManagement] INFO  server.RaftServerConfigKeys (ConfUtils.java:logGet(46)) - raft.server.log.statemachine.data.read.timeout = 1000ms (default)
2023-08-25 11:32:49,072 [d411a2e9-f1e7-48ff-a207-5fb0a1d8b942-groupManagement] INFO  server.RaftServerConfigKeys (ConfUtils.java:logGet(46)) - raft.server.log.purge.preservation.log.num = 0 (default)
2023-08-25 11:32:49,072 [d411a2e9-f1e7-48ff-a207-5fb0a1d8b942-groupManagement] INFO  server.RaftServerConfigKeys (ConfUtils.java:logGet(46)) - raft.server.log.segment.size.max = 1048576 (custom)
2023-08-25 11:32:49,074 [d411a2e9-f1e7-48ff-a207-5fb0a1d8b942-groupManagement] INFO  server.RaftServerConfigKeys (ConfUtils.java:logGet(46)) - raft.server.log.segment.cache.num.max = 2 (custom)
2023-08-25 11:32:49,074 [d411a2e9-f1e7-48ff-a207-5fb0a1d8b942-groupManagement] INFO  server.RaftServerConfigKeys (ConfUtils.java:logGet(46)) - raft.server.log.segment.cache.size.max = 200MB (=209715200) (default)
2023-08-25 11:32:49,074 [d411a2e9-f1e7-48ff-a207-5fb0a1d8b942-groupManagement] INFO  server.RaftServerConfigKeys (ConfUtils.java:logGet(46)) - raft.server.log.appender.buffer.byte-limit = 33554432 (custom)
2023-08-25 11:32:49,074 [d411a2e9-f1e7-48ff-a207-5fb0a1d8b942-groupManagement] INFO  segmented.SegmentedRaftLogWorker (SegmentedRaftLogWorker.java:<init>(188)) - new d411a2e9-f1e7-48ff-a207-5fb0a1d8b942@group-8A642A2690EA-SegmentedRaftLogWorker for RaftStorageImpl:Storage Directory /home/runner/work/ozone/ozone/hadoop-ozone/integration-test/target/test-dir/MiniOzoneClusterImpl-168be1a3-dcaf-40a9-aa5d-bf8b77a61b73/datanode-0/data/ratis/f56cc53f-6313-4cec-9451-8a642a2690ea
2023-08-25 11:32:49,074 [d411a2e9-f1e7-48ff-a207-5fb0a1d8b942-groupManagement] INFO  server.RaftServerConfigKeys (ConfUtils.java:logGet(46)) - raft.server.log.queue.byte-limit = 4294967296 (custom)
2023-08-25 11:32:49,074 [d411a2e9-f1e7-48ff-a207-5fb0a1d8b942-groupManagement] INFO  server.RaftServerConfigKeys (ConfUtils.java:logGet(46)) - raft.server.log.queue.element-limit = 1024 (custom)
2023-08-25 11:32:49,074 [d411a2e9-f1e7-48ff-a207-5fb0a1d8b942-groupManagement] INFO  server.RaftServerConfigKeys (ConfUtils.java:logGet(46)) - raft.server.log.segment.size.max = 1048576 (custom)
2023-08-25 11:32:49,074 [d411a2e9-f1e7-48ff-a207-5fb0a1d8b942-groupManagement] INFO  server.RaftServerConfigKeys (ConfUtils.java:logGet(46)) - raft.server.log.preallocated.size = 16384 (custom)
2023-08-25 11:32:49,074 [d411a2e9-f1e7-48ff-a207-5fb0a1d8b942-groupManagement] INFO  server.RaftServerConfigKeys (ConfUtils.java:logGet(46)) - raft.server.log.force.sync.num = 128 (default)
2023-08-25 11:32:49,075 [d411a2e9-f1e7-48ff-a207-5fb0a1d8b942-groupManagement] INFO  server.RaftServerConfigKeys (ConfUtils.java:logGet(46)) - raft.server.log.statemachine.data.sync = true (default)
2023-08-25 11:32:49,075 [d411a2e9-f1e7-48ff-a207-5fb0a1d8b942-groupManagement] INFO  server.RaftServerConfigKeys (ConfUtils.java:logGet(46)) - raft.server.log.statemachine.data.sync.timeout = 10s (default)
2023-08-25 11:32:49,075 [d411a2e9-f1e7-48ff-a207-5fb0a1d8b942-groupManagement] INFO  server.RaftServerConfigKeys (ConfUtils.java:logGet(46)) - raft.server.log.statemachine.data.sync.timeout.retry = -1 (default)
2023-08-25 11:32:49,077 [d411a2e9-f1e7-48ff-a207-5fb0a1d8b942-groupManagement] INFO  server.RaftServerConfigKeys (ConfUtils.java:logGet(46)) - raft.server.log.write.buffer.size = 1048576 (custom)
2023-08-25 11:32:49,078 [d411a2e9-f1e7-48ff-a207-5fb0a1d8b942-groupManagement] INFO  server.RaftServerConfigKeys (ConfUtils.java:logGet(46)) - raft.server.log.appender.buffer.byte-limit = 33554432 (custom)
2023-08-25 11:32:49,085 [d411a2e9-f1e7-48ff-a207-5fb0a1d8b942-groupManagement] INFO  server.RaftServerConfigKeys (ConfUtils.java:logGet(46)) - raft.server.log.unsafe-flush.enabled = false (default)
2023-08-25 11:32:49,086 [d411a2e9-f1e7-48ff-a207-5fb0a1d8b942-groupManagement] INFO  server.RaftServerConfigKeys (ConfUtils.java:logGet(46)) - raft.server.log.async-flush.enabled = false (default)
2023-08-25 11:32:49,086 [d411a2e9-f1e7-48ff-a207-5fb0a1d8b942-groupManagement] INFO  server.RaftServerConfigKeys (ConfUtils.java:logGet(46)) - raft.server.log.statemachine.data.caching.enabled = true (custom)
2023-08-25 11:32:49,086 [d411a2e9-f1e7-48ff-a207-5fb0a1d8b942-groupManagement] INFO  segmented.SegmentedRaftLogWorker (SegmentedRaftLogWorker.java:lambda$new$0(135)) - d411a2e9-f1e7-48ff-a207-5fb0a1d8b942@group-8A642A2690EA-SegmentedRaftLogWorker: flushIndex: setUnconditionally 0 -> -1
2023-08-25 11:32:49,086 [d411a2e9-f1e7-48ff-a207-5fb0a1d8b942-groupManagement] INFO  segmented.SegmentedRaftLogWorker (SegmentedRaftLogWorker.java:lambda$new$0(135)) - d411a2e9-f1e7-48ff-a207-5fb0a1d8b942@group-8A642A2690EA-SegmentedRaftLogWorker: safeCacheEvictIndex: setUnconditionally 0 -> -1
2023-08-25 11:32:49,087 [d411a2e9-f1e7-48ff-a207-5fb0a1d8b942-groupManagement] INFO  server.RaftServer$Division (RaftServerImpl.java:start(342)) - d411a2e9-f1e7-48ff-a207-5fb0a1d8b942@group-8A642A2690EA: start as a follower, conf=-1: peers:[d411a2e9-f1e7-48ff-a207-5fb0a1d8b942|rpc:10.1.0.52:15014|admin:10.1.0.52:15013|client:10.1.0.52:15012|dataStream:10.1.0.52:15015|priority:1|startupRole:FOLLOWER]|listeners:[], old=null
2023-08-25 11:32:49,087 [d411a2e9-f1e7-48ff-a207-5fb0a1d8b942-groupManagement] INFO  server.RaftServer$Division (RaftServerImpl.java:setRole(329)) - d411a2e9-f1e7-48ff-a207-5fb0a1d8b942@group-8A642A2690EA: changes role from      null to FOLLOWER at term 0 for startAsFollower
2023-08-25 11:32:49,087 [d411a2e9-f1e7-48ff-a207-5fb0a1d8b942-groupManagement] INFO  impl.RoleInfo (RoleInfo.java:updateAndGet(139)) - d411a2e9-f1e7-48ff-a207-5fb0a1d8b942: start d411a2e9-f1e7-48ff-a207-5fb0a1d8b942@group-8A642A2690EA-FollowerState
2023-08-25 11:32:49,090 [d411a2e9-f1e7-48ff-a207-5fb0a1d8b942-groupManagement] INFO  util.JmxRegister (JmxRegister.java:tryRegister(44)) - Successfully registered JMX Bean with object name Ratis:service=RaftServer,group=group-8A642A2690EA,id=d411a2e9-f1e7-48ff-a207-5fb0a1d8b942
2023-08-25 11:32:49,090 [d411a2e9-f1e7-48ff-a207-5fb0a1d8b942-groupManagement] INFO  server.RaftServerConfigKeys (ConfUtils.java:logGet(46)) - raft.server.snapshot.auto.trigger.enabled = true (custom)
2023-08-25 11:32:49,090 [d411a2e9-f1e7-48ff-a207-5fb0a1d8b942-groupManagement] INFO  server.RaftServerConfigKeys (ConfUtils.java:logGet(46)) - raft.server.snapshot.auto.trigger.threshold = 10000 (custom)
2023-08-25 11:32:49,090 [d411a2e9-f1e7-48ff-a207-5fb0a1d8b942-groupManagement] INFO  server.RaftServerConfigKeys (ConfUtils.java:logGet(46)) - raft.server.snapshot.retention.file.num = 5 (custom)
2023-08-25 11:32:49,090 [d411a2e9-f1e7-48ff-a207-5fb0a1d8b942-groupManagement] INFO  server.RaftServerConfigKeys (ConfUtils.java:logGet(46)) - raft.server.log.purge.upto.snapshot.index = false (default)
2023-08-25 11:32:49,092 [d411a2e9-f1e7-48ff-a207-5fb0a1d8b942@group-8A642A2690EA-FollowerState] INFO  server.RaftServerConfigKeys (ConfUtils.java:logFallback(53)) - raft.server.rpc.first-election.timeout.min = 5s (fallback to raft.server.rpc.timeout.min)
2023-08-25 11:32:49,092 [d411a2e9-f1e7-48ff-a207-5fb0a1d8b942@group-8A642A2690EA-FollowerState] INFO  server.RaftServerConfigKeys (ConfUtils.java:logFallback(53)) - raft.server.rpc.first-election.timeout.max = 5200ms (fallback to raft.server.rpc.timeout.max)
2023-08-25 11:32:49,101 [PipelineCommandHandlerThread-0] INFO  ratis.XceiverServerRatis (XceiverServerRatis.java:addGroup(804)) - Created group PipelineID=f56cc53f-6313-4cec-9451-8a642a2690ea
2023-08-25 11:32:49,102 [PipelineCommandHandlerThread-0] INFO  commandhandler.CreatePipelineCommandHandler (CreatePipelineCommandHandler.java:lambda$handle$2(124)) - Created Pipeline RATIS ONE PipelineID=f56cc53f-6313-4cec-9451-8a642a2690ea.
2023-08-25 11:32:49,102 [PipelineCommandHandlerThread-0] INFO  server.RaftServer (RaftServerProxy.java:addNew(98)) - d411a2e9-f1e7-48ff-a207-5fb0a1d8b942: addNew group-F23DB3C01F23:[ead66fe0-0d51-45f6-a40c-8e2915dd9a2f|rpc:10.1.0.52:15032|admin:10.1.0.52:15031|client:10.1.0.52:15030|dataStream:10.1.0.52:15033|priority:0|startupRole:FOLLOWER, 13d602e5-043f-4877-ab61-f2512eb11edb|rpc:10.1.0.52:15023|admin:10.1.0.52:15022|client:10.1.0.52:15021|dataStream:10.1.0.52:15024|priority:1|startupRole:FOLLOWER, d411a2e9-f1e7-48ff-a207-5fb0a1d8b942|rpc:10.1.0.52:15014|admin:10.1.0.52:15013|client:10.1.0.52:15012|dataStream:10.1.0.52:15015|priority:0|startupRole:FOLLOWER] returns group-F23DB3C01F23:java.util.concurrent.CompletableFuture@75cc503c[Not completed]
2023-08-25 11:32:49,104 [d411a2e9-f1e7-48ff-a207-5fb0a1d8b942-groupManagement] INFO  server.RaftServer$Division (RaftServerImpl.java:<init>(198)) - d411a2e9-f1e7-48ff-a207-5fb0a1d8b942: new RaftServerImpl for group-F23DB3C01F23:[ead66fe0-0d51-45f6-a40c-8e2915dd9a2f|rpc:10.1.0.52:15032|admin:10.1.0.52:15031|client:10.1.0.52:15030|dataStream:10.1.0.52:15033|priority:0|startupRole:FOLLOWER, 13d602e5-043f-4877-ab61-f2512eb11edb|rpc:10.1.0.52:15023|admin:10.1.0.52:15022|client:10.1.0.52:15021|dataStream:10.1.0.52:15024|priority:1|startupRole:FOLLOWER, d411a2e9-f1e7-48ff-a207-5fb0a1d8b942|rpc:10.1.0.52:15014|admin:10.1.0.52:15013|client:10.1.0.52:15012|dataStream:10.1.0.52:15015|priority:0|startupRole:FOLLOWER] with ContainerStateMachine:uninitialized
2023-08-25 11:32:49,104 [d411a2e9-f1e7-48ff-a207-5fb0a1d8b942-groupManagement] INFO  server.RaftServerConfigKeys (ConfUtils.java:logGet(46)) - raft.server.rpc.timeout.min = 5s (custom)
2023-08-25 11:32:49,104 [d411a2e9-f1e7-48ff-a207-5fb0a1d8b942-groupManagement] INFO  server.RaftServerConfigKeys (ConfUtils.java:logGet(46)) - raft.server.rpc.timeout.max = 5200ms (custom)
2023-08-25 11:32:49,105 [d411a2e9-f1e7-48ff-a207-5fb0a1d8b942-groupManagement] INFO  server.RaftServerConfigKeys (ConfUtils.java:logGet(46)) - raft.server.rpc.sleep.time = 25ms (default)
2023-08-25 11:32:49,105 [d411a2e9-f1e7-48ff-a207-5fb0a1d8b942-groupManagement] INFO  server.RaftServerConfigKeys (ConfUtils.java:logGet(46)) - raft.server.rpc.slowness.timeout = 300s (custom)
2023-08-25 11:32:49,105 [d411a2e9-f1e7-48ff-a207-5fb0a1d8b942-groupManagement] INFO  server.RaftServerConfigKeys (ConfUtils.java:logGet(46)) - raft.server.leaderelection.leader.step-down.wait-time = 10s (default)
2023-08-25 11:32:49,105 [d411a2e9-f1e7-48ff-a207-5fb0a1d8b942-groupManagement] INFO  server.RaftServerConfigKeys (ConfUtils.java:logGet(46)) - raft.server.sleep.deviation.threshold = 300ms (default)
2023-08-25 11:32:49,105 [d411a2e9-f1e7-48ff-a207-5fb0a1d8b942-groupManagement] INFO  server.RaftServer$Division (ServerState.java:<init>(120)) - d411a2e9-f1e7-48ff-a207-5fb0a1d8b942@group-F23DB3C01F23: ConfigurationManager, init=-1: peers:[ead66fe0-0d51-45f6-a40c-8e2915dd9a2f|rpc:10.1.0.52:15032|admin:10.1.0.52:15031|client:10.1.0.52:15030|dataStream:10.1.0.52:15033|priority:0|startupRole:FOLLOWER, 13d602e5-043f-4877-ab61-f2512eb11edb|rpc:10.1.0.52:15023|admin:10.1.0.52:15022|client:10.1.0.52:15021|dataStream:10.1.0.52:15024|priority:1|startupRole:FOLLOWER, d411a2e9-f1e7-48ff-a207-5fb0a1d8b942|rpc:10.1.0.52:15014|admin:10.1.0.52:15013|client:10.1.0.52:15012|dataStream:10.1.0.52:15015|priority:0|startupRole:FOLLOWER]|listeners:[], old=null, confs=<EMPTY_MAP>
2023-08-25 11:32:49,105 [d411a2e9-f1e7-48ff-a207-5fb0a1d8b942-groupManagement] INFO  server.RaftServerConfigKeys (ConfUtils.java:logGet(46)) - raft.server.storage.dir = [/home/runner/work/ozone/ozone/hadoop-ozone/integration-test/target/test-dir/MiniOzoneClusterImpl-168be1a3-dcaf-40a9-aa5d-bf8b77a61b73/datanode-0/data/ratis] (custom)
2023-08-25 11:32:49,105 [d411a2e9-f1e7-48ff-a207-5fb0a1d8b942-groupManagement] INFO  server.RaftServerConfigKeys (ConfUtils.java:logGet(46)) - raft.server.log.corruption.policy = EXCEPTION (default)
2023-08-25 11:32:49,106 [d411a2e9-f1e7-48ff-a207-5fb0a1d8b942-groupManagement] INFO  server.RaftServerConfigKeys (ConfUtils.java:logGet(46)) - raft.server.storage.free-space.min = 0MB (=0) (default)
2023-08-25 11:32:49,109 [d411a2e9-f1e7-48ff-a207-5fb0a1d8b942-groupManagement] INFO  server.RaftServerConfigKeys (ConfUtils.java:logGet(46)) - raft.server.notification.no-leader.timeout = 300s (custom)
2023-08-25 11:32:49,109 [d411a2e9-f1e7-48ff-a207-5fb0a1d8b942-groupManagement] INFO  server.RaftServerConfigKeys (ConfUtils.java:logGet(46)) - raft.server.read.timeout = 10s (default)
2023-08-25 11:32:49,110 [d411a2e9-f1e7-48ff-a207-5fb0a1d8b942-groupManagement] INFO  server.RaftServerConfigKeys (ConfUtils.java:logGet(46)) - raft.server.retrycache.expirytime = 600000ms (custom)
2023-08-25 11:32:49,110 [d411a2e9-f1e7-48ff-a207-5fb0a1d8b942-groupManagement] INFO  server.RaftServerConfigKeys (ConfUtils.java:logGet(46)) - raft.server.retrycache.statistics.expirytime = 100μs (default)
2023-08-25 11:32:49,110 [d411a2e9-f1e7-48ff-a207-5fb0a1d8b942-groupManagement] INFO  server.RaftServerConfigKeys (ConfUtils.java:logGet(46)) - raft.server.read.option = DEFAULT (default)
2023-08-25 11:32:49,116 [EventQueue-PipelineReportForPipelineReportHandler] INFO  pipeline.PipelineReportHandler (PipelineReportHandler.java:processPipelineReport(136)) - Opened pipeline PipelineID=f56cc53f-6313-4cec-9451-8a642a2690ea
2023-08-25 11:32:49,119 [EventQueue-OpenPipelineForHealthyPipelineSafeModeRule] INFO  safemode.SCMSafeModeManager (HealthyPipelineSafeModeRule.java:process(137)) - SCM in safe mode. Healthy pipelines reported count is 0, required healthy pipeline reported count is 1
2023-08-25 11:32:49,124 [d411a2e9-f1e7-48ff-a207-5fb0a1d8b942-groupManagement] INFO  server.RaftServerConfigKeys (ConfUtils.java:logGet(46)) - raft.server.rpc.request.timeout = 60s (custom)
2023-08-25 11:32:49,124 [d411a2e9-f1e7-48ff-a207-5fb0a1d8b942-groupManagement] INFO  server.RaftServerConfigKeys (ConfUtils.java:logGet(46)) - raft.server.log.appender.install.snapshot.enabled = false (custom)
2023-08-25 11:32:49,125 [d411a2e9-f1e7-48ff-a207-5fb0a1d8b942-groupManagement] INFO  server.RaftServerConfigKeys (ConfUtils.java:logGet(46)) - raft.server.threadpool.server.cached = true (default)
2023-08-25 11:32:49,125 [d411a2e9-f1e7-48ff-a207-5fb0a1d8b942-groupManagement] INFO  server.RaftServerConfigKeys (ConfUtils.java:logGet(46)) - raft.server.threadpool.server.size = 0 (default)
2023-08-25 11:32:49,126 [d411a2e9-f1e7-48ff-a207-5fb0a1d8b942-groupManagement] INFO  server.RaftServerConfigKeys (ConfUtils.java:logGet(46)) - raft.server.threadpool.client.cached = true (default)
2023-08-25 11:32:49,126 [d411a2e9-f1e7-48ff-a207-5fb0a1d8b942-groupManagement] INFO  server.RaftServerConfigKeys (ConfUtils.java:logGet(46)) - raft.server.threadpool.client.size = 0 (default)
2023-08-25 11:32:49,126 [d411a2e9-f1e7-48ff-a207-5fb0a1d8b942-groupManagement] INFO  storage.RaftStorageDirectory (RaftStorageDirectoryImpl.java:analyzeStorage(137)) - The storage directory /home/runner/work/ozone/ozone/hadoop-ozone/integration-test/target/test-dir/MiniOzoneClusterImpl-168be1a3-dcaf-40a9-aa5d-bf8b77a61b73/datanode-0/data/ratis/bc177899-9391-40ce-8421-f23db3c01f23 does not exist. Creating ...
2023-08-25 11:32:49,129 [d411a2e9-f1e7-48ff-a207-5fb0a1d8b942-groupManagement] INFO  storage.RaftStorageDirectory (RaftStorageDirectoryImpl.java:tryLock(231)) - Lock on /home/runner/work/ozone/ozone/hadoop-ozone/integration-test/target/test-dir/MiniOzoneClusterImpl-168be1a3-dcaf-40a9-aa5d-bf8b77a61b73/datanode-0/data/ratis/bc177899-9391-40ce-8421-f23db3c01f23/in_use.lock acquired by nodename 61563@fv-az508-118
2023-08-25 11:32:49,132 [d411a2e9-f1e7-48ff-a207-5fb0a1d8b942-groupManagement] INFO  storage.RaftStorage (RaftStorageImpl.java:format(96)) - Storage directory /home/runner/work/ozone/ozone/hadoop-ozone/integration-test/target/test-dir/MiniOzoneClusterImpl-168be1a3-dcaf-40a9-aa5d-bf8b77a61b73/datanode-0/data/ratis/bc177899-9391-40ce-8421-f23db3c01f23 has been successfully formatted.
2023-08-25 11:32:49,132 [d411a2e9-f1e7-48ff-a207-5fb0a1d8b942-groupManagement] INFO  ratis.ContainerStateMachine (ContainerStateMachine.java:loadSnapshot(262)) - group-F23DB3C01F23: The snapshot info is null. Setting the last applied indexto:(t:0, i:~)
2023-08-25 11:32:49,133 [d411a2e9-f1e7-48ff-a207-5fb0a1d8b942-groupManagement] INFO  server.RaftServerConfigKeys (ConfUtils.java:logGet(46)) - raft.server.log.use.memory = false (default)
2023-08-25 11:32:49,135 [d411a2e9-f1e7-48ff-a207-5fb0a1d8b942-groupManagement] INFO  server.RaftServerConfigKeys (ConfUtils.java:logGet(46)) - raft.server.log.purge.gap = 1000000 (custom)
2023-08-25 11:32:49,135 [d411a2e9-f1e7-48ff-a207-5fb0a1d8b942-groupManagement] INFO  server.RaftServerConfigKeys (ConfUtils.java:logGet(46)) - raft.server.log.appender.buffer.byte-limit = 33554432 (custom)
2023-08-25 11:32:49,136 [EventQueue-OpenPipelineForHealthyPipelineSafeModeRule] INFO  safemode.SCMSafeModeManager (HealthyPipelineSafeModeRule.java:process(137)) - SCM in safe mode. Healthy pipelines reported count is 0, required healthy pipeline reported count is 1
2023-08-25 11:32:49,137 [d411a2e9-f1e7-48ff-a207-5fb0a1d8b942-groupManagement] INFO  server.RaftServerConfigKeys (ConfUtils.java:logGet(46)) - raft.server.log.statemachine.data.read.timeout = 1000ms (default)
2023-08-25 11:32:49,137 [d411a2e9-f1e7-48ff-a207-5fb0a1d8b942-groupManagement] INFO  server.RaftServerConfigKeys (ConfUtils.java:logGet(46)) - raft.server.log.purge.preservation.log.num = 0 (default)
2023-08-25 11:32:49,137 [d411a2e9-f1e7-48ff-a207-5fb0a1d8b942-groupManagement] INFO  server.RaftServerConfigKeys (ConfUtils.java:logGet(46)) - raft.server.log.segment.size.max = 1048576 (custom)
2023-08-25 11:32:49,139 [d411a2e9-f1e7-48ff-a207-5fb0a1d8b942-groupManagement] INFO  server.RaftServerConfigKeys (ConfUtils.java:logGet(46)) - raft.server.log.segment.cache.num.max = 2 (custom)
2023-08-25 11:32:49,139 [d411a2e9-f1e7-48ff-a207-5fb0a1d8b942-groupManagement] INFO  server.RaftServerConfigKeys (ConfUtils.java:logGet(46)) - raft.server.log.segment.cache.size.max = 200MB (=209715200) (default)
2023-08-25 11:32:49,139 [d411a2e9-f1e7-48ff-a207-5fb0a1d8b942-groupManagement] INFO  server.RaftServerConfigKeys (ConfUtils.java:logGet(46)) - raft.server.log.appender.buffer.byte-limit = 33554432 (custom)
2023-08-25 11:32:49,139 [d411a2e9-f1e7-48ff-a207-5fb0a1d8b942-groupManagement] INFO  segmented.SegmentedRaftLogWorker (SegmentedRaftLogWorker.java:<init>(188)) - new d411a2e9-f1e7-48ff-a207-5fb0a1d8b942@group-F23DB3C01F23-SegmentedRaftLogWorker for RaftStorageImpl:Storage Directory /home/runner/work/ozone/ozone/hadoop-ozone/integration-test/target/test-dir/MiniOzoneClusterImpl-168be1a3-dcaf-40a9-aa5d-bf8b77a61b73/datanode-0/data/ratis/bc177899-9391-40ce-8421-f23db3c01f23
2023-08-25 11:32:49,140 [d411a2e9-f1e7-48ff-a207-5fb0a1d8b942-groupManagement] INFO  server.RaftServerConfigKeys (ConfUtils.java:logGet(46)) - raft.server.log.queue.byte-limit = 4294967296 (custom)
2023-08-25 11:32:49,140 [d411a2e9-f1e7-48ff-a207-5fb0a1d8b942-groupManagement] INFO  server.RaftServerConfigKeys (ConfUtils.java:logGet(46)) - raft.server.log.queue.element-limit = 1024 (custom)
2023-08-25 11:32:49,140 [d411a2e9-f1e7-48ff-a207-5fb0a1d8b942-groupManagement] INFO  server.RaftServerConfigKeys (ConfUtils.java:logGet(46)) - raft.server.log.segment.size.max = 1048576 (custom)
2023-08-25 11:32:49,140 [d411a2e9-f1e7-48ff-a207-5fb0a1d8b942-groupManagement] INFO  server.RaftServerConfigKeys (ConfUtils.java:logGet(46)) - raft.server.log.preallocated.size = 16384 (custom)
2023-08-25 11:32:49,140 [d411a2e9-f1e7-48ff-a207-5fb0a1d8b942-groupManagement] INFO  server.RaftServerConfigKeys (ConfUtils.java:logGet(46)) - raft.server.log.force.sync.num = 128 (default)
2023-08-25 11:32:49,140 [d411a2e9-f1e7-48ff-a207-5fb0a1d8b942-groupManagement] INFO  server.RaftServerConfigKeys (ConfUtils.java:logGet(46)) - raft.server.log.statemachine.data.sync = true (default)
2023-08-25 11:32:49,140 [d411a2e9-f1e7-48ff-a207-5fb0a1d8b942-groupManagement] INFO  server.RaftServerConfigKeys (ConfUtils.java:logGet(46)) - raft.server.log.statemachine.data.sync.timeout = 10s (default)
2023-08-25 11:32:49,141 [d411a2e9-f1e7-48ff-a207-5fb0a1d8b942-groupManagement] INFO  server.RaftServerConfigKeys (ConfUtils.java:logGet(46)) - raft.server.log.statemachine.data.sync.timeout.retry = -1 (default)
2023-08-25 11:32:49,144 [d411a2e9-f1e7-48ff-a207-5fb0a1d8b942-groupManagement] INFO  server.RaftServerConfigKeys (ConfUtils.java:logGet(46)) - raft.server.log.write.buffer.size = 1048576 (custom)
2023-08-25 11:32:49,145 [d411a2e9-f1e7-48ff-a207-5fb0a1d8b942-groupManagement] INFO  server.RaftServerConfigKeys (ConfUtils.java:logGet(46)) - raft.server.log.appender.buffer.byte-limit = 33554432 (custom)
2023-08-25 11:32:49,153 [d411a2e9-f1e7-48ff-a207-5fb0a1d8b942-groupManagement] INFO  server.RaftServerConfigKeys (ConfUtils.java:logGet(46)) - raft.server.log.unsafe-flush.enabled = false (default)
2023-08-25 11:32:49,153 [d411a2e9-f1e7-48ff-a207-5fb0a1d8b942-groupManagement] INFO  server.RaftServerConfigKeys (ConfUtils.java:logGet(46)) - raft.server.log.async-flush.enabled = false (default)
2023-08-25 11:32:49,153 [d411a2e9-f1e7-48ff-a207-5fb0a1d8b942-groupManagement] INFO  server.RaftServerConfigKeys (ConfUtils.java:logGet(46)) - raft.server.log.statemachine.data.caching.enabled = true (custom)
2023-08-25 11:32:49,153 [d411a2e9-f1e7-48ff-a207-5fb0a1d8b942-groupManagement] INFO  segmented.SegmentedRaftLogWorker (SegmentedRaftLogWorker.java:lambda$new$0(135)) - d411a2e9-f1e7-48ff-a207-5fb0a1d8b942@group-F23DB3C01F23-SegmentedRaftLogWorker: flushIndex: setUnconditionally 0 -> -1
2023-08-25 11:32:49,154 [d411a2e9-f1e7-48ff-a207-5fb0a1d8b942-groupManagement] INFO  segmented.SegmentedRaftLogWorker (SegmentedRaftLogWorker.java:lambda$new$0(135)) - d411a2e9-f1e7-48ff-a207-5fb0a1d8b942@group-F23DB3C01F23-SegmentedRaftLogWorker: safeCacheEvictIndex: setUnconditionally 0 -> -1
2023-08-25 11:32:49,154 [d411a2e9-f1e7-48ff-a207-5fb0a1d8b942-groupManagement] INFO  server.RaftServer$Division (RaftServerImpl.java:start(342)) - d411a2e9-f1e7-48ff-a207-5fb0a1d8b942@group-F23DB3C01F23: start as a follower, conf=-1: peers:[ead66fe0-0d51-45f6-a40c-8e2915dd9a2f|rpc:10.1.0.52:15032|admin:10.1.0.52:15031|client:10.1.0.52:15030|dataStream:10.1.0.52:15033|priority:0|startupRole:FOLLOWER, 13d602e5-043f-4877-ab61-f2512eb11edb|rpc:10.1.0.52:15023|admin:10.1.0.52:15022|client:10.1.0.52:15021|dataStream:10.1.0.52:15024|priority:1|startupRole:FOLLOWER, d411a2e9-f1e7-48ff-a207-5fb0a1d8b942|rpc:10.1.0.52:15014|admin:10.1.0.52:15013|client:10.1.0.52:15012|dataStream:10.1.0.52:15015|priority:0|startupRole:FOLLOWER]|listeners:[], old=null
2023-08-25 11:32:49,154 [d411a2e9-f1e7-48ff-a207-5fb0a1d8b942-groupManagement] INFO  server.RaftServer$Division (RaftServerImpl.java:setRole(329)) - d411a2e9-f1e7-48ff-a207-5fb0a1d8b942@group-F23DB3C01F23: changes role from      null to FOLLOWER at term 0 for startAsFollower
2023-08-25 11:32:49,154 [d411a2e9-f1e7-48ff-a207-5fb0a1d8b942-groupManagement] INFO  impl.RoleInfo (RoleInfo.java:updateAndGet(139)) - d411a2e9-f1e7-48ff-a207-5fb0a1d8b942: start d411a2e9-f1e7-48ff-a207-5fb0a1d8b942@group-F23DB3C01F23-FollowerState
2023-08-25 11:32:49,155 [d411a2e9-f1e7-48ff-a207-5fb0a1d8b942@group-F23DB3C01F23-FollowerState] INFO  server.RaftServerConfigKeys (ConfUtils.java:logFallback(53)) - raft.server.rpc.first-election.timeout.min = 5s (fallback to raft.server.rpc.timeout.min)
2023-08-25 11:32:49,156 [d411a2e9-f1e7-48ff-a207-5fb0a1d8b942-groupManagement] INFO  util.JmxRegister (JmxRegister.java:tryRegister(44)) - Successfully registered JMX Bean with object name Ratis:service=RaftServer,group=group-F23DB3C01F23,id=d411a2e9-f1e7-48ff-a207-5fb0a1d8b942
2023-08-25 11:32:49,156 [d411a2e9-f1e7-48ff-a207-5fb0a1d8b942@group-F23DB3C01F23-FollowerState] INFO  server.RaftServerConfigKeys (ConfUtils.java:logFallback(53)) - raft.server.rpc.first-election.timeout.max = 5200ms (fallback to raft.server.rpc.timeout.max)
2023-08-25 11:32:49,156 [d411a2e9-f1e7-48ff-a207-5fb0a1d8b942-groupManagement] INFO  server.RaftServerConfigKeys (ConfUtils.java:logGet(46)) - raft.server.snapshot.auto.trigger.enabled = true (custom)
2023-08-25 11:32:49,159 [d411a2e9-f1e7-48ff-a207-5fb0a1d8b942-groupManagement] INFO  server.RaftServerConfigKeys (ConfUtils.java:logGet(46)) - raft.server.snapshot.auto.trigger.threshold = 10000 (custom)
2023-08-25 11:32:49,159 [d411a2e9-f1e7-48ff-a207-5fb0a1d8b942-groupManagement] INFO  server.RaftServerConfigKeys (ConfUtils.java:logGet(46)) - raft.server.snapshot.retention.file.num = 5 (custom)
2023-08-25 11:32:49,159 [d411a2e9-f1e7-48ff-a207-5fb0a1d8b942-groupManagement] INFO  server.RaftServerConfigKeys (ConfUtils.java:logGet(46)) - raft.server.log.purge.upto.snapshot.index = false (default)
2023-08-25 11:32:49,160 [PipelineCommandHandlerThread-0] INFO  ratis.XceiverServerRatis (XceiverServerRatis.java:addGroup(804)) - Created group PipelineID=bc177899-9391-40ce-8421-f23db3c01f23
2023-08-25 11:32:49,590 [PipelineCommandHandlerThread-0] INFO  server.RaftServer (RaftServerProxy.java:addNew(98)) - 13d602e5-043f-4877-ab61-f2512eb11edb: addNew group-BB58F65BAA1B:[13d602e5-043f-4877-ab61-f2512eb11edb|rpc:10.1.0.52:15023|admin:10.1.0.52:15022|client:10.1.0.52:15021|dataStream:10.1.0.52:15024|priority:1|startupRole:FOLLOWER] returns group-BB58F65BAA1B:java.util.concurrent.CompletableFuture@22a1550d[Not completed]
2023-08-25 11:32:49,600 [13d602e5-043f-4877-ab61-f2512eb11edb-groupManagement] INFO  server.RaftServer$Division (RaftServerImpl.java:<init>(198)) - 13d602e5-043f-4877-ab61-f2512eb11edb: new RaftServerImpl for group-BB58F65BAA1B:[13d602e5-043f-4877-ab61-f2512eb11edb|rpc:10.1.0.52:15023|admin:10.1.0.52:15022|client:10.1.0.52:15021|dataStream:10.1.0.52:15024|priority:1|startupRole:FOLLOWER] with ContainerStateMachine:uninitialized
2023-08-25 11:32:49,601 [13d602e5-043f-4877-ab61-f2512eb11edb-groupManagement] INFO  server.RaftServerConfigKeys (ConfUtils.java:logGet(46)) - raft.server.rpc.timeout.min = 5s (custom)
2023-08-25 11:32:49,601 [13d602e5-043f-4877-ab61-f2512eb11edb-groupManagement] INFO  server.RaftServerConfigKeys (ConfUtils.java:logGet(46)) - raft.server.rpc.timeout.max = 5200ms (custom)
2023-08-25 11:32:49,601 [13d602e5-043f-4877-ab61-f2512eb11edb-groupManagement] INFO  server.RaftServerConfigKeys (ConfUtils.java:logGet(46)) - raft.server.rpc.sleep.time = 25ms (default)
2023-08-25 11:32:49,601 [13d602e5-043f-4877-ab61-f2512eb11edb-groupManagement] INFO  server.RaftServerConfigKeys (ConfUtils.java:logGet(46)) - raft.server.rpc.slowness.timeout = 300s (custom)
2023-08-25 11:32:49,601 [13d602e5-043f-4877-ab61-f2512eb11edb-groupManagement] INFO  server.RaftServerConfigKeys (ConfUtils.java:logGet(46)) - raft.server.leaderelection.leader.step-down.wait-time = 10s (default)
2023-08-25 11:32:49,601 [13d602e5-043f-4877-ab61-f2512eb11edb-groupManagement] INFO  server.RaftServerConfigKeys (ConfUtils.java:logGet(46)) - raft.server.sleep.deviation.threshold = 300ms (default)
2023-08-25 11:32:49,601 [13d602e5-043f-4877-ab61-f2512eb11edb-groupManagement] INFO  server.RaftServer$Division (ServerState.java:<init>(120)) - 13d602e5-043f-4877-ab61-f2512eb11edb@group-BB58F65BAA1B: ConfigurationManager, init=-1: peers:[13d602e5-043f-4877-ab61-f2512eb11edb|rpc:10.1.0.52:15023|admin:10.1.0.52:15022|client:10.1.0.52:15021|dataStream:10.1.0.52:15024|priority:1|startupRole:FOLLOWER]|listeners:[], old=null, confs=<EMPTY_MAP>
2023-08-25 11:32:49,604 [13d602e5-043f-4877-ab61-f2512eb11edb-groupManagement] INFO  server.RaftServerConfigKeys (ConfUtils.java:logGet(46)) - raft.server.storage.dir = [/home/runner/work/ozone/ozone/hadoop-ozone/integration-test/target/test-dir/MiniOzoneClusterImpl-168be1a3-dcaf-40a9-aa5d-bf8b77a61b73/datanode-1/data/ratis] (custom)
2023-08-25 11:32:49,604 [13d602e5-043f-4877-ab61-f2512eb11edb-groupManagement] INFO  server.RaftServerConfigKeys (ConfUtils.java:logGet(46)) - raft.server.log.corruption.policy = EXCEPTION (default)
2023-08-25 11:32:49,604 [13d602e5-043f-4877-ab61-f2512eb11edb-groupManagement] INFO  server.RaftServerConfigKeys (ConfUtils.java:logGet(46)) - raft.server.storage.free-space.min = 0MB (=0) (default)
2023-08-25 11:32:49,605 [13d602e5-043f-4877-ab61-f2512eb11edb-groupManagement] INFO  server.RaftServerConfigKeys (ConfUtils.java:logGet(46)) - raft.server.notification.no-leader.timeout = 300s (custom)
2023-08-25 11:32:49,605 [13d602e5-043f-4877-ab61-f2512eb11edb-groupManagement] INFO  server.RaftServerConfigKeys (ConfUtils.java:logGet(46)) - raft.server.read.timeout = 10s (default)
2023-08-25 11:32:49,605 [13d602e5-043f-4877-ab61-f2512eb11edb-groupManagement] INFO  server.RaftServerConfigKeys (ConfUtils.java:logGet(46)) - raft.server.retrycache.expirytime = 600000ms (custom)
2023-08-25 11:32:49,605 [13d602e5-043f-4877-ab61-f2512eb11edb-groupManagement] INFO  server.RaftServerConfigKeys (ConfUtils.java:logGet(46)) - raft.server.retrycache.statistics.expirytime = 100μs (default)
2023-08-25 11:32:49,605 [13d602e5-043f-4877-ab61-f2512eb11edb-groupManagement] INFO  server.RaftServerConfigKeys (ConfUtils.java:logGet(46)) - raft.server.read.option = DEFAULT (default)
2023-08-25 11:32:49,614 [13d602e5-043f-4877-ab61-f2512eb11edb-groupManagement] INFO  server.RaftServerConfigKeys (ConfUtils.java:logGet(46)) - raft.server.rpc.request.timeout = 60s (custom)
2023-08-25 11:32:49,614 [13d602e5-043f-4877-ab61-f2512eb11edb-groupManagement] INFO  server.RaftServerConfigKeys (ConfUtils.java:logGet(46)) - raft.server.log.appender.install.snapshot.enabled = false (custom)
2023-08-25 11:32:49,614 [13d602e5-043f-4877-ab61-f2512eb11edb-groupManagement] INFO  server.RaftServerConfigKeys (ConfUtils.java:logGet(46)) - raft.server.threadpool.server.cached = true (default)
2023-08-25 11:32:49,614 [13d602e5-043f-4877-ab61-f2512eb11edb-groupManagement] INFO  server.RaftServerConfigKeys (ConfUtils.java:logGet(46)) - raft.server.threadpool.server.size = 0 (default)
2023-08-25 11:32:49,614 [13d602e5-043f-4877-ab61-f2512eb11edb-groupManagement] INFO  server.RaftServerConfigKeys (ConfUtils.java:logGet(46)) - raft.server.threadpool.client.cached = true (default)
2023-08-25 11:32:49,614 [13d602e5-043f-4877-ab61-f2512eb11edb-groupManagement] INFO  server.RaftServerConfigKeys (ConfUtils.java:logGet(46)) - raft.server.threadpool.client.size = 0 (default)
2023-08-25 11:32:49,614 [13d602e5-043f-4877-ab61-f2512eb11edb-groupManagement] INFO  storage.RaftStorageDirectory (RaftStorageDirectoryImpl.java:analyzeStorage(137)) - The storage directory /home/runner/work/ozone/ozone/hadoop-ozone/integration-test/target/test-dir/MiniOzoneClusterImpl-168be1a3-dcaf-40a9-aa5d-bf8b77a61b73/datanode-1/data/ratis/9d1a06b2-6520-43aa-bf2b-bb58f65baa1b does not exist. Creating ...
2023-08-25 11:32:49,621 [13d602e5-043f-4877-ab61-f2512eb11edb-groupManagement] INFO  storage.RaftStorageDirectory (RaftStorageDirectoryImpl.java:tryLock(231)) - Lock on /home/runner/work/ozone/ozone/hadoop-ozone/integration-test/target/test-dir/MiniOzoneClusterImpl-168be1a3-dcaf-40a9-aa5d-bf8b77a61b73/datanode-1/data/ratis/9d1a06b2-6520-43aa-bf2b-bb58f65baa1b/in_use.lock acquired by nodename 61563@fv-az508-118
2023-08-25 11:32:49,627 [13d602e5-043f-4877-ab61-f2512eb11edb-groupManagement] INFO  storage.RaftStorage (RaftStorageImpl.java:format(96)) - Storage directory /home/runner/work/ozone/ozone/hadoop-ozone/integration-test/target/test-dir/MiniOzoneClusterImpl-168be1a3-dcaf-40a9-aa5d-bf8b77a61b73/datanode-1/data/ratis/9d1a06b2-6520-43aa-bf2b-bb58f65baa1b has been successfully formatted.
2023-08-25 11:32:49,630 [13d602e5-043f-4877-ab61-f2512eb11edb-groupManagement] INFO  ratis.ContainerStateMachine (ContainerStateMachine.java:loadSnapshot(262)) - group-BB58F65BAA1B: The snapshot info is null. Setting the last applied indexto:(t:0, i:~)
2023-08-25 11:32:49,631 [13d602e5-043f-4877-ab61-f2512eb11edb-groupManagement] INFO  server.RaftServerConfigKeys (ConfUtils.java:logGet(46)) - raft.server.log.use.memory = false (default)
2023-08-25 11:32:49,631 [13d602e5-043f-4877-ab61-f2512eb11edb-groupManagement] INFO  server.RaftServerConfigKeys (ConfUtils.java:logGet(46)) - raft.server.log.purge.gap = 1000000 (custom)
2023-08-25 11:32:49,631 [13d602e5-043f-4877-ab61-f2512eb11edb-groupManagement] INFO  server.RaftServerConfigKeys (ConfUtils.java:logGet(46)) - raft.server.log.appender.buffer.byte-limit = 33554432 (custom)
2023-08-25 11:32:49,631 [13d602e5-043f-4877-ab61-f2512eb11edb-groupManagement] INFO  server.RaftServerConfigKeys (ConfUtils.java:logGet(46)) - raft.server.log.statemachine.data.read.timeout = 1000ms (default)
2023-08-25 11:32:49,631 [13d602e5-043f-4877-ab61-f2512eb11edb-groupManagement] INFO  server.RaftServerConfigKeys (ConfUtils.java:logGet(46)) - raft.server.log.purge.preservation.log.num = 0 (default)
2023-08-25 11:32:49,632 [13d602e5-043f-4877-ab61-f2512eb11edb-groupManagement] INFO  server.RaftServerConfigKeys (ConfUtils.java:logGet(46)) - raft.server.log.segment.size.max = 1048576 (custom)
2023-08-25 11:32:49,639 [EventQueue-PipelineReportForPipelineReportHandler] INFO  pipeline.PipelineReportHandler (PipelineReportHandler.java:processPipelineReport(136)) - Opened pipeline PipelineID=9d1a06b2-6520-43aa-bf2b-bb58f65baa1b
2023-08-25 11:32:49,639 [EventQueue-OpenPipelineForHealthyPipelineSafeModeRule] INFO  safemode.SCMSafeModeManager (HealthyPipelineSafeModeRule.java:process(137)) - SCM in safe mode. Healthy pipelines reported count is 0, required healthy pipeline reported count is 1
2023-08-25 11:32:49,641 [13d602e5-043f-4877-ab61-f2512eb11edb-groupManagement] INFO  server.RaftServerConfigKeys (ConfUtils.java:logGet(46)) - raft.server.log.segment.cache.num.max = 2 (custom)
2023-08-25 11:32:49,641 [13d602e5-043f-4877-ab61-f2512eb11edb-groupManagement] INFO  server.RaftServerConfigKeys (ConfUtils.java:logGet(46)) - raft.server.log.segment.cache.size.max = 200MB (=209715200) (default)
2023-08-25 11:32:49,641 [13d602e5-043f-4877-ab61-f2512eb11edb-groupManagement] INFO  server.RaftServerConfigKeys (ConfUtils.java:logGet(46)) - raft.server.log.appender.buffer.byte-limit = 33554432 (custom)
2023-08-25 11:32:49,641 [13d602e5-043f-4877-ab61-f2512eb11edb-groupManagement] INFO  segmented.SegmentedRaftLogWorker (SegmentedRaftLogWorker.java:<init>(188)) - new 13d602e5-043f-4877-ab61-f2512eb11edb@group-BB58F65BAA1B-SegmentedRaftLogWorker for RaftStorageImpl:Storage Directory /home/runner/work/ozone/ozone/hadoop-ozone/integration-test/target/test-dir/MiniOzoneClusterImpl-168be1a3-dcaf-40a9-aa5d-bf8b77a61b73/datanode-1/data/ratis/9d1a06b2-6520-43aa-bf2b-bb58f65baa1b
2023-08-25 11:32:49,642 [13d602e5-043f-4877-ab61-f2512eb11edb-groupManagement] INFO  server.RaftServerConfigKeys (ConfUtils.java:logGet(46)) - raft.server.log.queue.byte-limit = 4294967296 (custom)
2023-08-25 11:32:49,642 [13d602e5-043f-4877-ab61-f2512eb11edb-groupManagement] INFO  server.RaftServerConfigKeys (ConfUtils.java:logGet(46)) - raft.server.log.queue.element-limit = 1024 (custom)
2023-08-25 11:32:49,642 [13d602e5-043f-4877-ab61-f2512eb11edb-groupManagement] INFO  server.RaftServerConfigKeys (ConfUtils.java:logGet(46)) - raft.server.log.segment.size.max = 1048576 (custom)
2023-08-25 11:32:49,642 [13d602e5-043f-4877-ab61-f2512eb11edb-groupManagement] INFO  server.RaftServerConfigKeys (ConfUtils.java:logGet(46)) - raft.server.log.preallocated.size = 16384 (custom)
2023-08-25 11:32:49,642 [13d602e5-043f-4877-ab61-f2512eb11edb-groupManagement] INFO  server.RaftServerConfigKeys (ConfUtils.java:logGet(46)) - raft.server.log.force.sync.num = 128 (default)
2023-08-25 11:32:49,642 [13d602e5-043f-4877-ab61-f2512eb11edb-groupManagement] INFO  server.RaftServerConfigKeys (ConfUtils.java:logGet(46)) - raft.server.log.statemachine.data.sync = true (default)
2023-08-25 11:32:49,642 [13d602e5-043f-4877-ab61-f2512eb11edb-groupManagement] INFO  server.RaftServerConfigKeys (ConfUtils.java:logGet(46)) - raft.server.log.statemachine.data.sync.timeout = 10s (default)
2023-08-25 11:32:49,642 [13d602e5-043f-4877-ab61-f2512eb11edb-groupManagement] INFO  server.RaftServerConfigKeys (ConfUtils.java:logGet(46)) - raft.server.log.statemachine.data.sync.timeout.retry = -1 (default)
2023-08-25 11:32:49,646 [13d602e5-043f-4877-ab61-f2512eb11edb-groupManagement] INFO  server.RaftServerConfigKeys (ConfUtils.java:logGet(46)) - raft.server.log.write.buffer.size = 1048576 (custom)
2023-08-25 11:32:49,648 [13d602e5-043f-4877-ab61-f2512eb11edb-groupManagement] INFO  server.RaftServerConfigKeys (ConfUtils.java:logGet(46)) - raft.server.log.appender.buffer.byte-limit = 33554432 (custom)
2023-08-25 11:32:49,663 [13d602e5-043f-4877-ab61-f2512eb11edb-groupManagement] INFO  server.RaftServerConfigKeys (ConfUtils.java:logGet(46)) - raft.server.log.unsafe-flush.enabled = false (default)
2023-08-25 11:32:49,664 [13d602e5-043f-4877-ab61-f2512eb11edb-groupManagement] INFO  server.RaftServerConfigKeys (ConfUtils.java:logGet(46)) - raft.server.log.async-flush.enabled = false (default)
2023-08-25 11:32:49,664 [13d602e5-043f-4877-ab61-f2512eb11edb-groupManagement] INFO  server.RaftServerConfigKeys (ConfUtils.java:logGet(46)) - raft.server.log.statemachine.data.caching.enabled = true (custom)
2023-08-25 11:32:49,664 [13d602e5-043f-4877-ab61-f2512eb11edb-groupManagement] INFO  segmented.SegmentedRaftLogWorker (SegmentedRaftLogWorker.java:lambda$new$0(135)) - 13d602e5-043f-4877-ab61-f2512eb11edb@group-BB58F65BAA1B-SegmentedRaftLogWorker: flushIndex: setUnconditionally 0 -> -1
2023-08-25 11:32:49,665 [13d602e5-043f-4877-ab61-f2512eb11edb-groupManagement] INFO  segmented.SegmentedRaftLogWorker (SegmentedRaftLogWorker.java:lambda$new$0(135)) - 13d602e5-043f-4877-ab61-f2512eb11edb@group-BB58F65BAA1B-SegmentedRaftLogWorker: safeCacheEvictIndex: setUnconditionally 0 -> -1
2023-08-25 11:32:49,665 [13d602e5-043f-4877-ab61-f2512eb11edb-groupManagement] INFO  server.RaftServer$Division (RaftServerImpl.java:start(342)) - 13d602e5-043f-4877-ab61-f2512eb11edb@group-BB58F65BAA1B: start as a follower, conf=-1: peers:[13d602e5-043f-4877-ab61-f2512eb11edb|rpc:10.1.0.52:15023|admin:10.1.0.52:15022|client:10.1.0.52:15021|dataStream:10.1.0.52:15024|priority:1|startupRole:FOLLOWER]|listeners:[], old=null
2023-08-25 11:32:49,665 [13d602e5-043f-4877-ab61-f2512eb11edb-groupManagement] INFO  server.RaftServer$Division (RaftServerImpl.java:setRole(329)) - 13d602e5-043f-4877-ab61-f2512eb11edb@group-BB58F65BAA1B: changes role from      null to FOLLOWER at term 0 for startAsFollower
2023-08-25 11:32:49,666 [13d602e5-043f-4877-ab61-f2512eb11edb-groupManagement] INFO  impl.RoleInfo (RoleInfo.java:updateAndGet(139)) - 13d602e5-043f-4877-ab61-f2512eb11edb: start 13d602e5-043f-4877-ab61-f2512eb11edb@group-BB58F65BAA1B-FollowerState
2023-08-25 11:32:49,923 [main] INFO  ozone.MiniOzoneClusterImpl (MiniOzoneClusterImpl.java:lambda$waitForClusterToBeReady$0(224)) - Nodes are ready. Got 5 of 5 DN Heartbeats.
2023-08-25 11:32:49,923 [main] INFO  ozone.MiniOzoneClusterImpl (MiniOzoneClusterImpl.java:lambda$waitForClusterToBeReady$0(227)) - Waiting for cluster to exit safe mode
2023-08-25 11:32:49,923 [main] INFO  ozone.MiniOzoneClusterImpl (MiniOzoneClusterImpl.java:lambda$waitForClusterToBeReady$0(229)) - SCM became leader
2023-08-25 11:32:49,927 [JvmPauseMonitor2] WARN  util.JvmPauseMonitor (JvmPauseMonitor.java:detectPause(124)) - JvmPauseMonitor-d411a2e9-f1e7-48ff-a207-5fb0a1d8b942: Detected pause in JVM or host machine approximately 0.186s with 0.251s GC time.
GC pool 'PS MarkSweep' had collection(s): count=1 time=191ms
GC pool 'PS Scavenge' had collection(s): count=1 time=60ms
2023-08-25 11:32:49,928 [JvmPauseMonitor3] WARN  util.JvmPauseMonitor (JvmPauseMonitor.java:detectPause(124)) - JvmPauseMonitor-13d602e5-043f-4877-ab61-f2512eb11edb: Detected pause in JVM or host machine approximately 0.261s with 0.251s GC time.
GC pool 'PS MarkSweep' had collection(s): count=1 time=191ms
GC pool 'PS Scavenge' had collection(s): count=1 time=60ms
2023-08-25 11:32:49,927 [13d602e5-043f-4877-ab61-f2512eb11edb-groupManagement] INFO  util.JmxRegister (JmxRegister.java:tryRegister(44)) - Successfully registered JMX Bean with object name Ratis:service=RaftServer,group=group-BB58F65BAA1B,id=13d602e5-043f-4877-ab61-f2512eb11edb
2023-08-25 11:32:49,932 [13d602e5-043f-4877-ab61-f2512eb11edb-groupManagement] INFO  server.RaftServerConfigKeys (ConfUtils.java:logGet(46)) - raft.server.snapshot.auto.trigger.enabled = true (custom)
2023-08-25 11:32:49,932 [13d602e5-043f-4877-ab61-f2512eb11edb-groupManagement] INFO  server.RaftServerConfigKeys (ConfUtils.java:logGet(46)) - raft.server.snapshot.auto.trigger.threshold = 10000 (custom)
2023-08-25 11:32:49,932 [13d602e5-043f-4877-ab61-f2512eb11edb-groupManagement] INFO  server.RaftServerConfigKeys (ConfUtils.java:logGet(46)) - raft.server.snapshot.retention.file.num = 5 (custom)
2023-08-25 11:32:49,932 [13d602e5-043f-4877-ab61-f2512eb11edb-groupManagement] INFO  server.RaftServerConfigKeys (ConfUtils.java:logGet(46)) - raft.server.log.purge.upto.snapshot.index = false (default)
2023-08-25 11:32:49,928 [13d602e5-043f-4877-ab61-f2512eb11edb@group-BB58F65BAA1B-FollowerState] INFO  server.RaftServerConfigKeys (ConfUtils.java:logFallback(53)) - raft.server.rpc.first-election.timeout.min = 5s (fallback to raft.server.rpc.timeout.min)
2023-08-25 11:32:49,933 [13d602e5-043f-4877-ab61-f2512eb11edb@group-BB58F65BAA1B-FollowerState] INFO  server.RaftServerConfigKeys (ConfUtils.java:logFallback(53)) - raft.server.rpc.first-election.timeout.max = 5200ms (fallback to raft.server.rpc.timeout.max)
2023-08-25 11:32:49,937 [PipelineCommandHandlerThread-0] INFO  ratis.XceiverServerRatis (XceiverServerRatis.java:addGroup(804)) - Created group PipelineID=9d1a06b2-6520-43aa-bf2b-bb58f65baa1b
2023-08-25 11:32:49,940 [PipelineCommandHandlerThread-0] INFO  commandhandler.CreatePipelineCommandHandler (CreatePipelineCommandHandler.java:lambda$handle$2(124)) - Created Pipeline RATIS ONE PipelineID=9d1a06b2-6520-43aa-bf2b-bb58f65baa1b.
2023-08-25 11:32:49,941 [PipelineCommandHandlerThread-0] INFO  server.RaftServer (RaftServerProxy.java:addNew(98)) - 13d602e5-043f-4877-ab61-f2512eb11edb: addNew group-F23DB3C01F23:[ead66fe0-0d51-45f6-a40c-8e2915dd9a2f|rpc:10.1.0.52:15032|admin:10.1.0.52:15031|client:10.1.0.52:15030|dataStream:10.1.0.52:15033|priority:0|startupRole:FOLLOWER, 13d602e5-043f-4877-ab61-f2512eb11edb|rpc:10.1.0.52:15023|admin:10.1.0.52:15022|client:10.1.0.52:15021|dataStream:10.1.0.52:15024|priority:1|startupRole:FOLLOWER, d411a2e9-f1e7-48ff-a207-5fb0a1d8b942|rpc:10.1.0.52:15014|admin:10.1.0.52:15013|client:10.1.0.52:15012|dataStream:10.1.0.52:15015|priority:0|startupRole:FOLLOWER] returns group-F23DB3C01F23:java.util.concurrent.CompletableFuture@269ed581[Not completed]
2023-08-25 11:32:49,943 [13d602e5-043f-4877-ab61-f2512eb11edb-groupManagement] INFO  server.RaftServer$Division (RaftServerImpl.java:<init>(198)) - 13d602e5-043f-4877-ab61-f2512eb11edb: new RaftServerImpl for group-F23DB3C01F23:[ead66fe0-0d51-45f6-a40c-8e2915dd9a2f|rpc:10.1.0.52:15032|admin:10.1.0.52:15031|client:10.1.0.52:15030|dataStream:10.1.0.52:15033|priority:0|startupRole:FOLLOWER, 13d602e5-043f-4877-ab61-f2512eb11edb|rpc:10.1.0.52:15023|admin:10.1.0.52:15022|client:10.1.0.52:15021|dataStream:10.1.0.52:15024|priority:1|startupRole:FOLLOWER, d411a2e9-f1e7-48ff-a207-5fb0a1d8b942|rpc:10.1.0.52:15014|admin:10.1.0.52:15013|client:10.1.0.52:15012|dataStream:10.1.0.52:15015|priority:0|startupRole:FOLLOWER] with ContainerStateMachine:uninitialized
2023-08-25 11:32:49,943 [13d602e5-043f-4877-ab61-f2512eb11edb-groupManagement] INFO  server.RaftServerConfigKeys (ConfUtils.java:logGet(46)) - raft.server.rpc.timeout.min = 5s (custom)
2023-08-25 11:32:49,944 [13d602e5-043f-4877-ab61-f2512eb11edb-groupManagement] INFO  server.RaftServerConfigKeys (ConfUtils.java:logGet(46)) - raft.server.rpc.timeout.max = 5200ms (custom)
2023-08-25 11:32:49,945 [13d602e5-043f-4877-ab61-f2512eb11edb-groupManagement] INFO  server.RaftServerConfigKeys (ConfUtils.java:logGet(46)) - raft.server.rpc.sleep.time = 25ms (default)
2023-08-25 11:32:49,945 [13d602e5-043f-4877-ab61-f2512eb11edb-groupManagement] INFO  server.RaftServerConfigKeys (ConfUtils.java:logGet(46)) - raft.server.rpc.slowness.timeout = 300s (custom)
2023-08-25 11:32:49,946 [13d602e5-043f-4877-ab61-f2512eb11edb-groupManagement] INFO  server.RaftServerConfigKeys (ConfUtils.java:logGet(46)) - raft.server.leaderelection.leader.step-down.wait-time = 10s (default)
2023-08-25 11:32:49,946 [13d602e5-043f-4877-ab61-f2512eb11edb-groupManagement] INFO  server.RaftServerConfigKeys (ConfUtils.java:logGet(46)) - raft.server.sleep.deviation.threshold = 300ms (default)
2023-08-25 11:32:49,946 [13d602e5-043f-4877-ab61-f2512eb11edb-groupManagement] INFO  server.RaftServer$Division (ServerState.java:<init>(120)) - 13d602e5-043f-4877-ab61-f2512eb11edb@group-F23DB3C01F23: ConfigurationManager, init=-1: peers:[ead66fe0-0d51-45f6-a40c-8e2915dd9a2f|rpc:10.1.0.52:15032|admin:10.1.0.52:15031|client:10.1.0.52:15030|dataStream:10.1.0.52:15033|priority:0|startupRole:FOLLOWER, 13d602e5-043f-4877-ab61-f2512eb11edb|rpc:10.1.0.52:15023|admin:10.1.0.52:15022|client:10.1.0.52:15021|dataStream:10.1.0.52:15024|priority:1|startupRole:FOLLOWER, d411a2e9-f1e7-48ff-a207-5fb0a1d8b942|rpc:10.1.0.52:15014|admin:10.1.0.52:15013|client:10.1.0.52:15012|dataStream:10.1.0.52:15015|priority:0|startupRole:FOLLOWER]|listeners:[], old=null, confs=<EMPTY_MAP>
2023-08-25 11:32:49,946 [13d602e5-043f-4877-ab61-f2512eb11edb-groupManagement] INFO  server.RaftServerConfigKeys (ConfUtils.java:logGet(46)) - raft.server.storage.dir = [/home/runner/work/ozone/ozone/hadoop-ozone/integration-test/target/test-dir/MiniOzoneClusterImpl-168be1a3-dcaf-40a9-aa5d-bf8b77a61b73/datanode-1/data/ratis] (custom)
2023-08-25 11:32:49,947 [13d602e5-043f-4877-ab61-f2512eb11edb-groupManagement] INFO  server.RaftServerConfigKeys (ConfUtils.java:logGet(46)) - raft.server.log.corruption.policy = EXCEPTION (default)
2023-08-25 11:32:49,947 [13d602e5-043f-4877-ab61-f2512eb11edb-groupManagement] INFO  server.RaftServerConfigKeys (ConfUtils.java:logGet(46)) - raft.server.storage.free-space.min = 0MB (=0) (default)
2023-08-25 11:32:49,948 [13d602e5-043f-4877-ab61-f2512eb11edb-groupManagement] INFO  server.RaftServerConfigKeys (ConfUtils.java:logGet(46)) - raft.server.notification.no-leader.timeout = 300s (custom)
2023-08-25 11:32:49,948 [13d602e5-043f-4877-ab61-f2512eb11edb-groupManagement] INFO  server.RaftServerConfigKeys (ConfUtils.java:logGet(46)) - raft.server.read.timeout = 10s (default)
2023-08-25 11:32:49,948 [13d602e5-043f-4877-ab61-f2512eb11edb-groupManagement] INFO  server.RaftServerConfigKeys (ConfUtils.java:logGet(46)) - raft.server.retrycache.expirytime = 600000ms (custom)
2023-08-25 11:32:49,948 [13d602e5-043f-4877-ab61-f2512eb11edb-groupManagement] INFO  server.RaftServerConfigKeys (ConfUtils.java:logGet(46)) - raft.server.retrycache.statistics.expirytime = 100μs (default)
2023-08-25 11:32:49,949 [13d602e5-043f-4877-ab61-f2512eb11edb-groupManagement] INFO  server.RaftServerConfigKeys (ConfUtils.java:logGet(46)) - raft.server.read.option = DEFAULT (default)
2023-08-25 11:32:49,953 [13d602e5-043f-4877-ab61-f2512eb11edb-groupManagement] INFO  server.RaftServerConfigKeys (ConfUtils.java:logGet(46)) - raft.server.rpc.request.timeout = 60s (custom)
2023-08-25 11:32:49,955 [13d602e5-043f-4877-ab61-f2512eb11edb-groupManagement] INFO  server.RaftServerConfigKeys (ConfUtils.java:logGet(46)) - raft.server.log.appender.install.snapshot.enabled = false (custom)
2023-08-25 11:32:49,955 [13d602e5-043f-4877-ab61-f2512eb11edb-groupManagement] INFO  server.RaftServerConfigKeys (ConfUtils.java:logGet(46)) - raft.server.threadpool.server.cached = true (default)
2023-08-25 11:32:49,955 [13d602e5-043f-4877-ab61-f2512eb11edb-groupManagement] INFO  server.RaftServerConfigKeys (ConfUtils.java:logGet(46)) - raft.server.threadpool.server.size = 0 (default)
2023-08-25 11:32:49,955 [13d602e5-043f-4877-ab61-f2512eb11edb-groupManagement] INFO  server.RaftServerConfigKeys (ConfUtils.java:logGet(46)) - raft.server.threadpool.client.cached = true (default)
2023-08-25 11:32:49,955 [13d602e5-043f-4877-ab61-f2512eb11edb-groupManagement] INFO  server.RaftServerConfigKeys (ConfUtils.java:logGet(46)) - raft.server.threadpool.client.size = 0 (default)
2023-08-25 11:32:49,955 [13d602e5-043f-4877-ab61-f2512eb11edb-groupManagement] INFO  storage.RaftStorageDirectory (RaftStorageDirectoryImpl.java:analyzeStorage(137)) - The storage directory /home/runner/work/ozone/ozone/hadoop-ozone/integration-test/target/test-dir/MiniOzoneClusterImpl-168be1a3-dcaf-40a9-aa5d-bf8b77a61b73/datanode-1/data/ratis/bc177899-9391-40ce-8421-f23db3c01f23 does not exist. Creating ...
2023-08-25 11:32:49,958 [13d602e5-043f-4877-ab61-f2512eb11edb-groupManagement] INFO  storage.RaftStorageDirectory (RaftStorageDirectoryImpl.java:tryLock(231)) - Lock on /home/runner/work/ozone/ozone/hadoop-ozone/integration-test/target/test-dir/MiniOzoneClusterImpl-168be1a3-dcaf-40a9-aa5d-bf8b77a61b73/datanode-1/data/ratis/bc177899-9391-40ce-8421-f23db3c01f23/in_use.lock acquired by nodename 61563@fv-az508-118
2023-08-25 11:32:49,960 [13d602e5-043f-4877-ab61-f2512eb11edb-groupManagement] INFO  storage.RaftStorage (RaftStorageImpl.java:format(96)) - Storage directory /home/runner/work/ozone/ozone/hadoop-ozone/integration-test/target/test-dir/MiniOzoneClusterImpl-168be1a3-dcaf-40a9-aa5d-bf8b77a61b73/datanode-1/data/ratis/bc177899-9391-40ce-8421-f23db3c01f23 has been successfully formatted.
2023-08-25 11:32:49,964 [13d602e5-043f-4877-ab61-f2512eb11edb-groupManagement] INFO  ratis.ContainerStateMachine (ContainerStateMachine.java:loadSnapshot(262)) - group-F23DB3C01F23: The snapshot info is null. Setting the last applied indexto:(t:0, i:~)
2023-08-25 11:32:49,964 [13d602e5-043f-4877-ab61-f2512eb11edb-groupManagement] INFO  server.RaftServerConfigKeys (ConfUtils.java:logGet(46)) - raft.server.log.use.memory = false (default)
2023-08-25 11:32:49,964 [13d602e5-043f-4877-ab61-f2512eb11edb-groupManagement] INFO  server.RaftServerConfigKeys (ConfUtils.java:logGet(46)) - raft.server.log.purge.gap = 1000000 (custom)
2023-08-25 11:32:49,964 [13d602e5-043f-4877-ab61-f2512eb11edb-groupManagement] INFO  server.RaftServerConfigKeys (ConfUtils.java:logGet(46)) - raft.server.log.appender.buffer.byte-limit = 33554432 (custom)
2023-08-25 11:32:49,965 [13d602e5-043f-4877-ab61-f2512eb11edb-groupManagement] INFO  server.RaftServerConfigKeys (ConfUtils.java:logGet(46)) - raft.server.log.statemachine.data.read.timeout = 1000ms (default)
2023-08-25 11:32:49,965 [13d602e5-043f-4877-ab61-f2512eb11edb-groupManagement] INFO  server.RaftServerConfigKeys (ConfUtils.java:logGet(46)) - raft.server.log.purge.preservation.log.num = 0 (default)
2023-08-25 11:32:49,965 [EventQueue-OpenPipelineForHealthyPipelineSafeModeRule] INFO  safemode.SCMSafeModeManager (HealthyPipelineSafeModeRule.java:process(137)) - SCM in safe mode. Healthy pipelines reported count is 0, required healthy pipeline reported count is 1
2023-08-25 11:32:49,970 [13d602e5-043f-4877-ab61-f2512eb11edb-groupManagement] INFO  server.RaftServerConfigKeys (ConfUtils.java:logGet(46)) - raft.server.log.segment.size.max = 1048576 (custom)
2023-08-25 11:32:49,975 [13d602e5-043f-4877-ab61-f2512eb11edb-groupManagement] INFO  server.RaftServerConfigKeys (ConfUtils.java:logGet(46)) - raft.server.log.segment.cache.num.max = 2 (custom)
2023-08-25 11:32:49,975 [13d602e5-043f-4877-ab61-f2512eb11edb-groupManagement] INFO  server.RaftServerConfigKeys (ConfUtils.java:logGet(46)) - raft.server.log.segment.cache.size.max = 200MB (=209715200) (default)
2023-08-25 11:32:49,975 [13d602e5-043f-4877-ab61-f2512eb11edb-groupManagement] INFO  server.RaftServerConfigKeys (ConfUtils.java:logGet(46)) - raft.server.log.appender.buffer.byte-limit = 33554432 (custom)
2023-08-25 11:32:49,975 [13d602e5-043f-4877-ab61-f2512eb11edb-groupManagement] INFO  segmented.SegmentedRaftLogWorker (SegmentedRaftLogWorker.java:<init>(188)) - new 13d602e5-043f-4877-ab61-f2512eb11edb@group-F23DB3C01F23-SegmentedRaftLogWorker for RaftStorageImpl:Storage Directory /home/runner/work/ozone/ozone/hadoop-ozone/integration-test/target/test-dir/MiniOzoneClusterImpl-168be1a3-dcaf-40a9-aa5d-bf8b77a61b73/datanode-1/data/ratis/bc177899-9391-40ce-8421-f23db3c01f23
2023-08-25 11:32:49,977 [13d602e5-043f-4877-ab61-f2512eb11edb-groupManagement] INFO  server.RaftServerConfigKeys (ConfUtils.java:logGet(46)) - raft.server.log.queue.byte-limit = 4294967296 (custom)
2023-08-25 11:32:49,977 [13d602e5-043f-4877-ab61-f2512eb11edb-groupManagement] INFO  server.RaftServerConfigKeys (ConfUtils.java:logGet(46)) - raft.server.log.queue.element-limit = 1024 (custom)
2023-08-25 11:32:49,977 [13d602e5-043f-4877-ab61-f2512eb11edb-groupManagement] INFO  server.RaftServerConfigKeys (ConfUtils.java:logGet(46)) - raft.server.log.segment.size.max = 1048576 (custom)
2023-08-25 11:32:49,977 [13d602e5-043f-4877-ab61-f2512eb11edb-groupManagement] INFO  server.RaftServerConfigKeys (ConfUtils.java:logGet(46)) - raft.server.log.preallocated.size = 16384 (custom)
2023-08-25 11:32:49,977 [13d602e5-043f-4877-ab61-f2512eb11edb-groupManagement] INFO  server.RaftServerConfigKeys (ConfUtils.java:logGet(46)) - raft.server.log.force.sync.num = 128 (default)
2023-08-25 11:32:49,977 [13d602e5-043f-4877-ab61-f2512eb11edb-groupManagement] INFO  server.RaftServerConfigKeys (ConfUtils.java:logGet(46)) - raft.server.log.statemachine.data.sync = true (default)
2023-08-25 11:32:49,977 [13d602e5-043f-4877-ab61-f2512eb11edb-groupManagement] INFO  server.RaftServerConfigKeys (ConfUtils.java:logGet(46)) - raft.server.log.statemachine.data.sync.timeout = 10s (default)
2023-08-25 11:32:49,977 [13d602e5-043f-4877-ab61-f2512eb11edb-groupManagement] INFO  server.RaftServerConfigKeys (ConfUtils.java:logGet(46)) - raft.server.log.statemachine.data.sync.timeout.retry = -1 (default)
2023-08-25 11:32:49,987 [13d602e5-043f-4877-ab61-f2512eb11edb-groupManagement] INFO  server.RaftServerConfigKeys (ConfUtils.java:logGet(46)) - raft.server.log.write.buffer.size = 1048576 (custom)
2023-08-25 11:32:49,988 [13d602e5-043f-4877-ab61-f2512eb11edb-groupManagement] INFO  server.RaftServerConfigKeys (ConfUtils.java:logGet(46)) - raft.server.log.appender.buffer.byte-limit = 33554432 (custom)
2023-08-25 11:32:50,003 [13d602e5-043f-4877-ab61-f2512eb11edb-groupManagement] INFO  server.RaftServerConfigKeys (ConfUtils.java:logGet(46)) - raft.server.log.unsafe-flush.enabled = false (default)
2023-08-25 11:32:50,003 [13d602e5-043f-4877-ab61-f2512eb11edb-groupManagement] INFO  server.RaftServerConfigKeys (ConfUtils.java:logGet(46)) - raft.server.log.async-flush.enabled = false (default)
2023-08-25 11:32:50,004 [13d602e5-043f-4877-ab61-f2512eb11edb-groupManagement] INFO  server.RaftServerConfigKeys (ConfUtils.java:logGet(46)) - raft.server.log.statemachine.data.caching.enabled = true (custom)
2023-08-25 11:32:50,005 [13d602e5-043f-4877-ab61-f2512eb11edb-groupManagement] INFO  segmented.SegmentedRaftLogWorker (SegmentedRaftLogWorker.java:lambda$new$0(135)) - 13d602e5-043f-4877-ab61-f2512eb11edb@group-F23DB3C01F23-SegmentedRaftLogWorker: flushIndex: setUnconditionally 0 -> -1
2023-08-25 11:32:50,005 [13d602e5-043f-4877-ab61-f2512eb11edb-groupManagement] INFO  segmented.SegmentedRaftLogWorker (SegmentedRaftLogWorker.java:lambda$new$0(135)) - 13d602e5-043f-4877-ab61-f2512eb11edb@group-F23DB3C01F23-SegmentedRaftLogWorker: safeCacheEvictIndex: setUnconditionally 0 -> -1
2023-08-25 11:32:50,005 [13d602e5-043f-4877-ab61-f2512eb11edb-groupManagement] INFO  server.RaftServer$Division (RaftServerImpl.java:start(342)) - 13d602e5-043f-4877-ab61-f2512eb11edb@group-F23DB3C01F23: start as a follower, conf=-1: peers:[ead66fe0-0d51-45f6-a40c-8e2915dd9a2f|rpc:10.1.0.52:15032|admin:10.1.0.52:15031|client:10.1.0.52:15030|dataStream:10.1.0.52:15033|priority:0|startupRole:FOLLOWER, 13d602e5-043f-4877-ab61-f2512eb11edb|rpc:10.1.0.52:15023|admin:10.1.0.52:15022|client:10.1.0.52:15021|dataStream:10.1.0.52:15024|priority:1|startupRole:FOLLOWER, d411a2e9-f1e7-48ff-a207-5fb0a1d8b942|rpc:10.1.0.52:15014|admin:10.1.0.52:15013|client:10.1.0.52:15012|dataStream:10.1.0.52:15015|priority:0|startupRole:FOLLOWER]|listeners:[], old=null
2023-08-25 11:32:50,006 [13d602e5-043f-4877-ab61-f2512eb11edb-groupManagement] INFO  server.RaftServer$Division (RaftServerImpl.java:setRole(329)) - 13d602e5-043f-4877-ab61-f2512eb11edb@group-F23DB3C01F23: changes role from      null to FOLLOWER at term 0 for startAsFollower
2023-08-25 11:32:50,006 [13d602e5-043f-4877-ab61-f2512eb11edb-groupManagement] INFO  impl.RoleInfo (RoleInfo.java:updateAndGet(139)) - 13d602e5-043f-4877-ab61-f2512eb11edb: start 13d602e5-043f-4877-ab61-f2512eb11edb@group-F23DB3C01F23-FollowerState
2023-08-25 11:32:50,006 [13d602e5-043f-4877-ab61-f2512eb11edb-groupManagement] INFO  util.JmxRegister (JmxRegister.java:tryRegister(44)) - Successfully registered JMX Bean with object name Ratis:service=RaftServer,group=group-F23DB3C01F23,id=13d602e5-043f-4877-ab61-f2512eb11edb
2023-08-25 11:32:50,007 [13d602e5-043f-4877-ab61-f2512eb11edb-groupManagement] INFO  server.RaftServerConfigKeys (ConfUtils.java:logGet(46)) - raft.server.snapshot.auto.trigger.enabled = true (custom)
2023-08-25 11:32:50,007 [13d602e5-043f-4877-ab61-f2512eb11edb-groupManagement] INFO  server.RaftServerConfigKeys (ConfUtils.java:logGet(46)) - raft.server.snapshot.auto.trigger.threshold = 10000 (custom)
2023-08-25 11:32:50,007 [13d602e5-043f-4877-ab61-f2512eb11edb-groupManagement] INFO  server.RaftServerConfigKeys (ConfUtils.java:logGet(46)) - raft.server.snapshot.retention.file.num = 5 (custom)
2023-08-25 11:32:50,007 [13d602e5-043f-4877-ab61-f2512eb11edb-groupManagement] INFO  server.RaftServerConfigKeys (ConfUtils.java:logGet(46)) - raft.server.log.purge.upto.snapshot.index = false (default)
2023-08-25 11:32:50,008 [13d602e5-043f-4877-ab61-f2512eb11edb@group-F23DB3C01F23-FollowerState] INFO  server.RaftServerConfigKeys (ConfUtils.java:logFallback(53)) - raft.server.rpc.first-election.timeout.min = 5s (fallback to raft.server.rpc.timeout.min)
2023-08-25 11:32:50,014 [13d602e5-043f-4877-ab61-f2512eb11edb@group-F23DB3C01F23-FollowerState] INFO  server.RaftServerConfigKeys (ConfUtils.java:logFallback(53)) - raft.server.rpc.first-election.timeout.max = 5200ms (fallback to raft.server.rpc.timeout.max)
2023-08-25 11:32:50,015 [grpc-default-executor-0] INFO  server.RaftServer (RaftServerProxy.java:addNew(98)) - ead66fe0-0d51-45f6-a40c-8e2915dd9a2f: addNew group-F23DB3C01F23:[ead66fe0-0d51-45f6-a40c-8e2915dd9a2f|rpc:10.1.0.52:15032|admin:10.1.0.52:15031|client:10.1.0.52:15030|dataStream:10.1.0.52:15033|priority:0|startupRole:FOLLOWER, 13d602e5-043f-4877-ab61-f2512eb11edb|rpc:10.1.0.52:15023|admin:10.1.0.52:15022|client:10.1.0.52:15021|dataStream:10.1.0.52:15024|priority:1|startupRole:FOLLOWER, d411a2e9-f1e7-48ff-a207-5fb0a1d8b942|rpc:10.1.0.52:15014|admin:10.1.0.52:15013|client:10.1.0.52:15012|dataStream:10.1.0.52:15015|priority:0|startupRole:FOLLOWER] returns group-F23DB3C01F23:java.util.concurrent.CompletableFuture@11232abc[Not completed]
2023-08-25 11:32:50,018 [PipelineCommandHandlerThread-0] INFO  ratis.XceiverServerRatis (XceiverServerRatis.java:addGroup(804)) - Created group PipelineID=bc177899-9391-40ce-8421-f23db3c01f23
2023-08-25 11:32:50,031 [PipelineCommandHandlerThread-0] INFO  server.RaftServer (RaftServerProxy.java:addNew(98)) - ead66fe0-0d51-45f6-a40c-8e2915dd9a2f: addNew group-09316CB53EEB:[ead66fe0-0d51-45f6-a40c-8e2915dd9a2f|rpc:10.1.0.52:15032|admin:10.1.0.52:15031|client:10.1.0.52:15030|dataStream:10.1.0.52:15033|priority:1|startupRole:FOLLOWER] returns group-09316CB53EEB:java.util.concurrent.CompletableFuture@79e9084d[Not completed]
2023-08-25 11:32:50,044 [ead66fe0-0d51-45f6-a40c-8e2915dd9a2f-groupManagement] INFO  server.RaftServer$Division (RaftServerImpl.java:<init>(198)) - ead66fe0-0d51-45f6-a40c-8e2915dd9a2f: new RaftServerImpl for group-F23DB3C01F23:[ead66fe0-0d51-45f6-a40c-8e2915dd9a2f|rpc:10.1.0.52:15032|admin:10.1.0.52:15031|client:10.1.0.52:15030|dataStream:10.1.0.52:15033|priority:0|startupRole:FOLLOWER, 13d602e5-043f-4877-ab61-f2512eb11edb|rpc:10.1.0.52:15023|admin:10.1.0.52:15022|client:10.1.0.52:15021|dataStream:10.1.0.52:15024|priority:1|startupRole:FOLLOWER, d411a2e9-f1e7-48ff-a207-5fb0a1d8b942|rpc:10.1.0.52:15014|admin:10.1.0.52:15013|client:10.1.0.52:15012|dataStream:10.1.0.52:15015|priority:0|startupRole:FOLLOWER] with ContainerStateMachine:uninitialized
2023-08-25 11:32:50,044 [ead66fe0-0d51-45f6-a40c-8e2915dd9a2f-groupManagement] INFO  server.RaftServerConfigKeys (ConfUtils.java:logGet(46)) - raft.server.rpc.timeout.min = 5s (custom)
2023-08-25 11:32:50,044 [ead66fe0-0d51-45f6-a40c-8e2915dd9a2f-groupManagement] INFO  server.RaftServerConfigKeys (ConfUtils.java:logGet(46)) - raft.server.rpc.timeout.max = 5200ms (custom)
2023-08-25 11:32:50,044 [ead66fe0-0d51-45f6-a40c-8e2915dd9a2f-groupManagement] INFO  server.RaftServerConfigKeys (ConfUtils.java:logGet(46)) - raft.server.rpc.sleep.time = 25ms (default)
2023-08-25 11:32:50,044 [ead66fe0-0d51-45f6-a40c-8e2915dd9a2f-groupManagement] INFO  server.RaftServerConfigKeys (ConfUtils.java:logGet(46)) - raft.server.rpc.slowness.timeout = 300s (custom)
2023-08-25 11:32:50,044 [ead66fe0-0d51-45f6-a40c-8e2915dd9a2f-groupManagement] INFO  server.RaftServerConfigKeys (ConfUtils.java:logGet(46)) - raft.server.leaderelection.leader.step-down.wait-time = 10s (default)
2023-08-25 11:32:50,044 [ead66fe0-0d51-45f6-a40c-8e2915dd9a2f-groupManagement] INFO  server.RaftServerConfigKeys (ConfUtils.java:logGet(46)) - raft.server.sleep.deviation.threshold = 300ms (default)
2023-08-25 11:32:50,044 [ead66fe0-0d51-45f6-a40c-8e2915dd9a2f-groupManagement] INFO  server.RaftServer$Division (ServerState.java:<init>(120)) - ead66fe0-0d51-45f6-a40c-8e2915dd9a2f@group-F23DB3C01F23: ConfigurationManager, init=-1: peers:[ead66fe0-0d51-45f6-a40c-8e2915dd9a2f|rpc:10.1.0.52:15032|admin:10.1.0.52:15031|client:10.1.0.52:15030|dataStream:10.1.0.52:15033|priority:0|startupRole:FOLLOWER, 13d602e5-043f-4877-ab61-f2512eb11edb|rpc:10.1.0.52:15023|admin:10.1.0.52:15022|client:10.1.0.52:15021|dataStream:10.1.0.52:15024|priority:1|startupRole:FOLLOWER, d411a2e9-f1e7-48ff-a207-5fb0a1d8b942|rpc:10.1.0.52:15014|admin:10.1.0.52:15013|client:10.1.0.52:15012|dataStream:10.1.0.52:15015|priority:0|startupRole:FOLLOWER]|listeners:[], old=null, confs=<EMPTY_MAP>
2023-08-25 11:32:50,044 [ead66fe0-0d51-45f6-a40c-8e2915dd9a2f-groupManagement] INFO  server.RaftServerConfigKeys (ConfUtils.java:logGet(46)) - raft.server.storage.dir = [/home/runner/work/ozone/ozone/hadoop-ozone/integration-test/target/test-dir/MiniOzoneClusterImpl-168be1a3-dcaf-40a9-aa5d-bf8b77a61b73/datanode-2/data/ratis] (custom)
2023-08-25 11:32:50,045 [ead66fe0-0d51-45f6-a40c-8e2915dd9a2f-groupManagement] INFO  server.RaftServerConfigKeys (ConfUtils.java:logGet(46)) - raft.server.log.corruption.policy = EXCEPTION (default)
2023-08-25 11:32:50,045 [ead66fe0-0d51-45f6-a40c-8e2915dd9a2f-groupManagement] INFO  server.RaftServerConfigKeys (ConfUtils.java:logGet(46)) - raft.server.storage.free-space.min = 0MB (=0) (default)
2023-08-25 11:32:50,045 [ead66fe0-0d51-45f6-a40c-8e2915dd9a2f-groupManagement] INFO  server.RaftServerConfigKeys (ConfUtils.java:logGet(46)) - raft.server.notification.no-leader.timeout = 300s (custom)
2023-08-25 11:32:50,045 [ead66fe0-0d51-45f6-a40c-8e2915dd9a2f-groupManagement] INFO  server.RaftServerConfigKeys (ConfUtils.java:logGet(46)) - raft.server.read.timeout = 10s (default)
2023-08-25 11:32:50,045 [ead66fe0-0d51-45f6-a40c-8e2915dd9a2f-groupManagement] INFO  server.RaftServerConfigKeys (ConfUtils.java:logGet(46)) - raft.server.retrycache.expirytime = 600000ms (custom)
2023-08-25 11:32:50,045 [ead66fe0-0d51-45f6-a40c-8e2915dd9a2f-groupManagement] INFO  server.RaftServerConfigKeys (ConfUtils.java:logGet(46)) - raft.server.retrycache.statistics.expirytime = 100μs (default)
2023-08-25 11:32:50,049 [ead66fe0-0d51-45f6-a40c-8e2915dd9a2f-groupManagement] INFO  server.RaftServerConfigKeys (ConfUtils.java:logGet(46)) - raft.server.read.option = DEFAULT (default)
2023-08-25 11:32:50,065 [ead66fe0-0d51-45f6-a40c-8e2915dd9a2f-groupManagement] INFO  server.RaftServerConfigKeys (ConfUtils.java:logGet(46)) - raft.server.rpc.request.timeout = 60s (custom)
2023-08-25 11:32:50,066 [ead66fe0-0d51-45f6-a40c-8e2915dd9a2f-groupManagement] INFO  server.RaftServerConfigKeys (ConfUtils.java:logGet(46)) - raft.server.log.appender.install.snapshot.enabled = false (custom)
2023-08-25 11:32:50,066 [ead66fe0-0d51-45f6-a40c-8e2915dd9a2f-groupManagement] INFO  server.RaftServerConfigKeys (ConfUtils.java:logGet(46)) - raft.server.threadpool.server.cached = true (default)
2023-08-25 11:32:50,066 [ead66fe0-0d51-45f6-a40c-8e2915dd9a2f-groupManagement] INFO  server.RaftServerConfigKeys (ConfUtils.java:logGet(46)) - raft.server.threadpool.server.size = 0 (default)
2023-08-25 11:32:50,066 [ead66fe0-0d51-45f6-a40c-8e2915dd9a2f-groupManagement] INFO  server.RaftServerConfigKeys (ConfUtils.java:logGet(46)) - raft.server.threadpool.client.cached = true (default)
2023-08-25 11:32:50,068 [ead66fe0-0d51-45f6-a40c-8e2915dd9a2f-groupManagement] INFO  server.RaftServerConfigKeys (ConfUtils.java:logGet(46)) - raft.server.threadpool.client.size = 0 (default)
2023-08-25 11:32:50,074 [ead66fe0-0d51-45f6-a40c-8e2915dd9a2f-groupManagement] INFO  server.RaftServer$Division (RaftServerImpl.java:<init>(198)) - ead66fe0-0d51-45f6-a40c-8e2915dd9a2f: new RaftServerImpl for group-09316CB53EEB:[ead66fe0-0d51-45f6-a40c-8e2915dd9a2f|rpc:10.1.0.52:15032|admin:10.1.0.52:15031|client:10.1.0.52:15030|dataStream:10.1.0.52:15033|priority:1|startupRole:FOLLOWER] with ContainerStateMachine:uninitialized
2023-08-25 11:32:50,074 [ead66fe0-0d51-45f6-a40c-8e2915dd9a2f-groupManagement] INFO  server.RaftServerConfigKeys (ConfUtils.java:logGet(46)) - raft.server.rpc.timeout.min = 5s (custom)
2023-08-25 11:32:50,074 [ead66fe0-0d51-45f6-a40c-8e2915dd9a2f-groupManagement] INFO  server.RaftServerConfigKeys (ConfUtils.java:logGet(46)) - raft.server.rpc.timeout.max = 5200ms (custom)
2023-08-25 11:32:50,075 [ead66fe0-0d51-45f6-a40c-8e2915dd9a2f-groupManagement] INFO  server.RaftServerConfigKeys (ConfUtils.java:logGet(46)) - raft.server.rpc.sleep.time = 25ms (default)
2023-08-25 11:32:50,075 [ead66fe0-0d51-45f6-a40c-8e2915dd9a2f-groupManagement] INFO  server.RaftServerConfigKeys (ConfUtils.java:logGet(46)) - raft.server.rpc.slowness.timeout = 300s (custom)
2023-08-25 11:32:50,075 [ead66fe0-0d51-45f6-a40c-8e2915dd9a2f-groupManagement] INFO  server.RaftServerConfigKeys (ConfUtils.java:logGet(46)) - raft.server.leaderelection.leader.step-down.wait-time = 10s (default)
2023-08-25 11:32:50,075 [ead66fe0-0d51-45f6-a40c-8e2915dd9a2f-groupManagement] INFO  server.RaftServerConfigKeys (ConfUtils.java:logGet(46)) - raft.server.sleep.deviation.threshold = 300ms (default)
2023-08-25 11:32:50,075 [ead66fe0-0d51-45f6-a40c-8e2915dd9a2f-groupManagement] INFO  server.RaftServer$Division (ServerState.java:<init>(120)) - ead66fe0-0d51-45f6-a40c-8e2915dd9a2f@group-09316CB53EEB: ConfigurationManager, init=-1: peers:[ead66fe0-0d51-45f6-a40c-8e2915dd9a2f|rpc:10.1.0.52:15032|admin:10.1.0.52:15031|client:10.1.0.52:15030|dataStream:10.1.0.52:15033|priority:1|startupRole:FOLLOWER]|listeners:[], old=null, confs=<EMPTY_MAP>
2023-08-25 11:32:50,075 [ead66fe0-0d51-45f6-a40c-8e2915dd9a2f-groupManagement] INFO  server.RaftServerConfigKeys (ConfUtils.java:logGet(46)) - raft.server.storage.dir = [/home/runner/work/ozone/ozone/hadoop-ozone/integration-test/target/test-dir/MiniOzoneClusterImpl-168be1a3-dcaf-40a9-aa5d-bf8b77a61b73/datanode-2/data/ratis] (custom)
2023-08-25 11:32:50,075 [ead66fe0-0d51-45f6-a40c-8e2915dd9a2f-groupManagement] INFO  server.RaftServerConfigKeys (ConfUtils.java:logGet(46)) - raft.server.log.corruption.policy = EXCEPTION (default)
2023-08-25 11:32:50,075 [ead66fe0-0d51-45f6-a40c-8e2915dd9a2f-groupManagement] INFO  server.RaftServerConfigKeys (ConfUtils.java:logGet(46)) - raft.server.storage.free-space.min = 0MB (=0) (default)
2023-08-25 11:32:50,075 [ead66fe0-0d51-45f6-a40c-8e2915dd9a2f-groupManagement] INFO  server.RaftServerConfigKeys (ConfUtils.java:logGet(46)) - raft.server.notification.no-leader.timeout = 300s (custom)
2023-08-25 11:32:50,076 [ead66fe0-0d51-45f6-a40c-8e2915dd9a2f-groupManagement] INFO  server.RaftServerConfigKeys (ConfUtils.java:logGet(46)) - raft.server.read.timeout = 10s (default)
2023-08-25 11:32:50,076 [ead66fe0-0d51-45f6-a40c-8e2915dd9a2f-groupManagement] INFO  server.RaftServerConfigKeys (ConfUtils.java:logGet(46)) - raft.server.retrycache.expirytime = 600000ms (custom)
2023-08-25 11:32:50,076 [ead66fe0-0d51-45f6-a40c-8e2915dd9a2f-groupManagement] INFO  server.RaftServerConfigKeys (ConfUtils.java:logGet(46)) - raft.server.retrycache.statistics.expirytime = 100μs (default)
2023-08-25 11:32:50,076 [ead66fe0-0d51-45f6-a40c-8e2915dd9a2f-groupManagement] INFO  server.RaftServerConfigKeys (ConfUtils.java:logGet(46)) - raft.server.read.option = DEFAULT (default)
2023-08-25 11:32:50,078 [ead66fe0-0d51-45f6-a40c-8e2915dd9a2f-groupManagement] INFO  server.RaftServerConfigKeys (ConfUtils.java:logGet(46)) - raft.server.rpc.request.timeout = 60s (custom)
2023-08-25 11:32:50,078 [ead66fe0-0d51-45f6-a40c-8e2915dd9a2f-groupManagement] INFO  server.RaftServerConfigKeys (ConfUtils.java:logGet(46)) - raft.server.log.appender.install.snapshot.enabled = false (custom)
2023-08-25 11:32:50,078 [ead66fe0-0d51-45f6-a40c-8e2915dd9a2f-groupManagement] INFO  server.RaftServerConfigKeys (ConfUtils.java:logGet(46)) - raft.server.threadpool.server.cached = true (default)
2023-08-25 11:32:50,078 [ead66fe0-0d51-45f6-a40c-8e2915dd9a2f-groupManagement] INFO  server.RaftServerConfigKeys (ConfUtils.java:logGet(46)) - raft.server.threadpool.server.size = 0 (default)
2023-08-25 11:32:50,078 [ead66fe0-0d51-45f6-a40c-8e2915dd9a2f-groupManagement] INFO  server.RaftServerConfigKeys (ConfUtils.java:logGet(46)) - raft.server.threadpool.client.cached = true (default)
2023-08-25 11:32:50,078 [ead66fe0-0d51-45f6-a40c-8e2915dd9a2f-groupManagement] INFO  server.RaftServerConfigKeys (ConfUtils.java:logGet(46)) - raft.server.threadpool.client.size = 0 (default)
2023-08-25 11:32:50,078 [ead66fe0-0d51-45f6-a40c-8e2915dd9a2f-groupManagement] INFO  storage.RaftStorageDirectory (RaftStorageDirectoryImpl.java:analyzeStorage(137)) - The storage directory /home/runner/work/ozone/ozone/hadoop-ozone/integration-test/target/test-dir/MiniOzoneClusterImpl-168be1a3-dcaf-40a9-aa5d-bf8b77a61b73/datanode-2/data/ratis/bc177899-9391-40ce-8421-f23db3c01f23 does not exist. Creating ...
2023-08-25 11:32:50,084 [ead66fe0-0d51-45f6-a40c-8e2915dd9a2f-groupManagement] INFO  storage.RaftStorageDirectory (RaftStorageDirectoryImpl.java:tryLock(231)) - Lock on /home/runner/work/ozone/ozone/hadoop-ozone/integration-test/target/test-dir/MiniOzoneClusterImpl-168be1a3-dcaf-40a9-aa5d-bf8b77a61b73/datanode-2/data/ratis/bc177899-9391-40ce-8421-f23db3c01f23/in_use.lock acquired by nodename 61563@fv-az508-118
2023-08-25 11:32:50,087 [ead66fe0-0d51-45f6-a40c-8e2915dd9a2f-groupManagement] INFO  storage.RaftStorage (RaftStorageImpl.java:format(96)) - Storage directory /home/runner/work/ozone/ozone/hadoop-ozone/integration-test/target/test-dir/MiniOzoneClusterImpl-168be1a3-dcaf-40a9-aa5d-bf8b77a61b73/datanode-2/data/ratis/bc177899-9391-40ce-8421-f23db3c01f23 has been successfully formatted.
2023-08-25 11:32:50,088 [ead66fe0-0d51-45f6-a40c-8e2915dd9a2f-groupManagement] INFO  ratis.ContainerStateMachine (ContainerStateMachine.java:loadSnapshot(262)) - group-F23DB3C01F23: The snapshot info is null. Setting the last applied indexto:(t:0, i:~)
2023-08-25 11:32:50,089 [ead66fe0-0d51-45f6-a40c-8e2915dd9a2f-groupManagement] INFO  server.RaftServerConfigKeys (ConfUtils.java:logGet(46)) - raft.server.log.use.memory = false (default)
2023-08-25 11:32:50,089 [ead66fe0-0d51-45f6-a40c-8e2915dd9a2f-groupManagement] INFO  server.RaftServerConfigKeys (ConfUtils.java:logGet(46)) - raft.server.log.purge.gap = 1000000 (custom)
2023-08-25 11:32:50,089 [ead66fe0-0d51-45f6-a40c-8e2915dd9a2f-groupManagement] INFO  server.RaftServerConfigKeys (ConfUtils.java:logGet(46)) - raft.server.log.appender.buffer.byte-limit = 33554432 (custom)
2023-08-25 11:32:50,089 [ead66fe0-0d51-45f6-a40c-8e2915dd9a2f-groupManagement] INFO  server.RaftServerConfigKeys (ConfUtils.java:logGet(46)) - raft.server.log.statemachine.data.read.timeout = 1000ms (default)
2023-08-25 11:32:50,089 [ead66fe0-0d51-45f6-a40c-8e2915dd9a2f-groupManagement] INFO  server.RaftServerConfigKeys (ConfUtils.java:logGet(46)) - raft.server.log.purge.preservation.log.num = 0 (default)
2023-08-25 11:32:50,090 [ead66fe0-0d51-45f6-a40c-8e2915dd9a2f-groupManagement] INFO  server.RaftServerConfigKeys (ConfUtils.java:logGet(46)) - raft.server.log.segment.size.max = 1048576 (custom)
2023-08-25 11:32:50,091 [ead66fe0-0d51-45f6-a40c-8e2915dd9a2f-groupManagement] INFO  server.RaftServerConfigKeys (ConfUtils.java:logGet(46)) - raft.server.log.segment.cache.num.max = 2 (custom)
2023-08-25 11:32:50,092 [ead66fe0-0d51-45f6-a40c-8e2915dd9a2f-groupManagement] INFO  server.RaftServerConfigKeys (ConfUtils.java:logGet(46)) - raft.server.log.segment.cache.size.max = 200MB (=209715200) (default)
2023-08-25 11:32:50,092 [ead66fe0-0d51-45f6-a40c-8e2915dd9a2f-groupManagement] INFO  server.RaftServerConfigKeys (ConfUtils.java:logGet(46)) - raft.server.log.appender.buffer.byte-limit = 33554432 (custom)
2023-08-25 11:32:50,092 [ead66fe0-0d51-45f6-a40c-8e2915dd9a2f-groupManagement] INFO  segmented.SegmentedRaftLogWorker (SegmentedRaftLogWorker.java:<init>(188)) - new ead66fe0-0d51-45f6-a40c-8e2915dd9a2f@group-F23DB3C01F23-SegmentedRaftLogWorker for RaftStorageImpl:Storage Directory /home/runner/work/ozone/ozone/hadoop-ozone/integration-test/target/test-dir/MiniOzoneClusterImpl-168be1a3-dcaf-40a9-aa5d-bf8b77a61b73/datanode-2/data/ratis/bc177899-9391-40ce-8421-f23db3c01f23
2023-08-25 11:32:50,092 [ead66fe0-0d51-45f6-a40c-8e2915dd9a2f-groupManagement] INFO  server.RaftServerConfigKeys (ConfUtils.java:logGet(46)) - raft.server.log.queue.byte-limit = 4294967296 (custom)
2023-08-25 11:32:50,092 [EventQueue-PipelineReportForPipelineReportHandler] INFO  pipeline.PipelineReportHandler (PipelineReportHandler.java:processPipelineReport(136)) - Opened pipeline PipelineID=aec8e59a-cb47-43df-9b09-09316cb53eeb
2023-08-25 11:32:50,092 [ead66fe0-0d51-45f6-a40c-8e2915dd9a2f-groupManagement] INFO  server.RaftServerConfigKeys (ConfUtils.java:logGet(46)) - raft.server.log.queue.element-limit = 1024 (custom)
2023-08-25 11:32:50,098 [EventQueue-OpenPipelineForHealthyPipelineSafeModeRule] INFO  safemode.SCMSafeModeManager (HealthyPipelineSafeModeRule.java:process(137)) - SCM in safe mode. Healthy pipelines reported count is 0, required healthy pipeline reported count is 1
2023-08-25 11:32:50,098 [ead66fe0-0d51-45f6-a40c-8e2915dd9a2f-groupManagement] INFO  server.RaftServerConfigKeys (ConfUtils.java:logGet(46)) - raft.server.log.segment.size.max = 1048576 (custom)
2023-08-25 11:32:50,098 [ead66fe0-0d51-45f6-a40c-8e2915dd9a2f-groupManagement] INFO  server.RaftServerConfigKeys (ConfUtils.java:logGet(46)) - raft.server.log.preallocated.size = 16384 (custom)
2023-08-25 11:32:50,098 [ead66fe0-0d51-45f6-a40c-8e2915dd9a2f-groupManagement] INFO  server.RaftServerConfigKeys (ConfUtils.java:logGet(46)) - raft.server.log.force.sync.num = 128 (default)
2023-08-25 11:32:50,098 [ead66fe0-0d51-45f6-a40c-8e2915dd9a2f-groupManagement] INFO  server.RaftServerConfigKeys (ConfUtils.java:logGet(46)) - raft.server.log.statemachine.data.sync = true (default)
2023-08-25 11:32:50,098 [ead66fe0-0d51-45f6-a40c-8e2915dd9a2f-groupManagement] INFO  server.RaftServerConfigKeys (ConfUtils.java:logGet(46)) - raft.server.log.statemachine.data.sync.timeout = 10s (default)
2023-08-25 11:32:50,099 [ead66fe0-0d51-45f6-a40c-8e2915dd9a2f-groupManagement] INFO  server.RaftServerConfigKeys (ConfUtils.java:logGet(46)) - raft.server.log.statemachine.data.sync.timeout.retry = -1 (default)
2023-08-25 11:32:50,100 [ead66fe0-0d51-45f6-a40c-8e2915dd9a2f-groupManagement] INFO  server.RaftServerConfigKeys (ConfUtils.java:logGet(46)) - raft.server.log.write.buffer.size = 1048576 (custom)
2023-08-25 11:32:50,100 [ead66fe0-0d51-45f6-a40c-8e2915dd9a2f-groupManagement] INFO  server.RaftServerConfigKeys (ConfUtils.java:logGet(46)) - raft.server.log.appender.buffer.byte-limit = 33554432 (custom)
2023-08-25 11:32:50,112 [ead66fe0-0d51-45f6-a40c-8e2915dd9a2f-groupManagement] INFO  server.RaftServerConfigKeys (ConfUtils.java:logGet(46)) - raft.server.log.unsafe-flush.enabled = false (default)
2023-08-25 11:32:50,112 [ead66fe0-0d51-45f6-a40c-8e2915dd9a2f-groupManagement] INFO  server.RaftServerConfigKeys (ConfUtils.java:logGet(46)) - raft.server.log.async-flush.enabled = false (default)
2023-08-25 11:32:50,112 [ead66fe0-0d51-45f6-a40c-8e2915dd9a2f-groupManagement] INFO  server.RaftServerConfigKeys (ConfUtils.java:logGet(46)) - raft.server.log.statemachine.data.caching.enabled = true (custom)
2023-08-25 11:32:50,114 [ead66fe0-0d51-45f6-a40c-8e2915dd9a2f-groupManagement] INFO  segmented.SegmentedRaftLogWorker (SegmentedRaftLogWorker.java:lambda$new$0(135)) - ead66fe0-0d51-45f6-a40c-8e2915dd9a2f@group-F23DB3C01F23-SegmentedRaftLogWorker: flushIndex: setUnconditionally 0 -> -1
2023-08-25 11:32:50,114 [ead66fe0-0d51-45f6-a40c-8e2915dd9a2f-groupManagement] INFO  segmented.SegmentedRaftLogWorker (SegmentedRaftLogWorker.java:lambda$new$0(135)) - ead66fe0-0d51-45f6-a40c-8e2915dd9a2f@group-F23DB3C01F23-SegmentedRaftLogWorker: safeCacheEvictIndex: setUnconditionally 0 -> -1
2023-08-25 11:32:50,120 [ead66fe0-0d51-45f6-a40c-8e2915dd9a2f-groupManagement] INFO  server.RaftServer$Division (RaftServerImpl.java:start(342)) - ead66fe0-0d51-45f6-a40c-8e2915dd9a2f@group-F23DB3C01F23: start as a follower, conf=-1: peers:[ead66fe0-0d51-45f6-a40c-8e2915dd9a2f|rpc:10.1.0.52:15032|admin:10.1.0.52:15031|client:10.1.0.52:15030|dataStream:10.1.0.52:15033|priority:0|startupRole:FOLLOWER, 13d602e5-043f-4877-ab61-f2512eb11edb|rpc:10.1.0.52:15023|admin:10.1.0.52:15022|client:10.1.0.52:15021|dataStream:10.1.0.52:15024|priority:1|startupRole:FOLLOWER, d411a2e9-f1e7-48ff-a207-5fb0a1d8b942|rpc:10.1.0.52:15014|admin:10.1.0.52:15013|client:10.1.0.52:15012|dataStream:10.1.0.52:15015|priority:0|startupRole:FOLLOWER]|listeners:[], old=null
2023-08-25 11:32:50,121 [ead66fe0-0d51-45f6-a40c-8e2915dd9a2f-groupManagement] INFO  server.RaftServer$Division (RaftServerImpl.java:setRole(329)) - ead66fe0-0d51-45f6-a40c-8e2915dd9a2f@group-F23DB3C01F23: changes role from      null to FOLLOWER at term 0 for startAsFollower
2023-08-25 11:32:50,121 [ead66fe0-0d51-45f6-a40c-8e2915dd9a2f-groupManagement] INFO  impl.RoleInfo (RoleInfo.java:updateAndGet(139)) - ead66fe0-0d51-45f6-a40c-8e2915dd9a2f: start ead66fe0-0d51-45f6-a40c-8e2915dd9a2f@group-F23DB3C01F23-FollowerState
2023-08-25 11:32:50,124 [ead66fe0-0d51-45f6-a40c-8e2915dd9a2f-groupManagement] INFO  util.JmxRegister (JmxRegister.java:tryRegister(44)) - Successfully registered JMX Bean with object name Ratis:service=RaftServer,group=group-F23DB3C01F23,id=ead66fe0-0d51-45f6-a40c-8e2915dd9a2f
2023-08-25 11:32:50,125 [ead66fe0-0d51-45f6-a40c-8e2915dd9a2f-groupManagement] INFO  server.RaftServerConfigKeys (ConfUtils.java:logGet(46)) - raft.server.snapshot.auto.trigger.enabled = true (custom)
2023-08-25 11:32:50,125 [ead66fe0-0d51-45f6-a40c-8e2915dd9a2f-groupManagement] INFO  server.RaftServerConfigKeys (ConfUtils.java:logGet(46)) - raft.server.snapshot.auto.trigger.threshold = 10000 (custom)
2023-08-25 11:32:50,125 [ead66fe0-0d51-45f6-a40c-8e2915dd9a2f-groupManagement] INFO  server.RaftServerConfigKeys (ConfUtils.java:logGet(46)) - raft.server.snapshot.retention.file.num = 5 (custom)
2023-08-25 11:32:50,125 [ead66fe0-0d51-45f6-a40c-8e2915dd9a2f-groupManagement] INFO  server.RaftServerConfigKeys (ConfUtils.java:logGet(46)) - raft.server.log.purge.upto.snapshot.index = false (default)
2023-08-25 11:32:50,127 [ead66fe0-0d51-45f6-a40c-8e2915dd9a2f@group-F23DB3C01F23-FollowerState] INFO  server.RaftServerConfigKeys (ConfUtils.java:logFallback(53)) - raft.server.rpc.first-election.timeout.min = 5s (fallback to raft.server.rpc.timeout.min)
2023-08-25 11:32:50,128 [ead66fe0-0d51-45f6-a40c-8e2915dd9a2f-groupManagement] INFO  storage.RaftStorageDirectory (RaftStorageDirectoryImpl.java:analyzeStorage(137)) - The storage directory /home/runner/work/ozone/ozone/hadoop-ozone/integration-test/target/test-dir/MiniOzoneClusterImpl-168be1a3-dcaf-40a9-aa5d-bf8b77a61b73/datanode-2/data/ratis/aec8e59a-cb47-43df-9b09-09316cb53eeb does not exist. Creating ...
2023-08-25 11:32:50,131 [ead66fe0-0d51-45f6-a40c-8e2915dd9a2f@group-F23DB3C01F23-FollowerState] INFO  server.RaftServerConfigKeys (ConfUtils.java:logFallback(53)) - raft.server.rpc.first-election.timeout.max = 5200ms (fallback to raft.server.rpc.timeout.max)
2023-08-25 11:32:50,149 [ead66fe0-0d51-45f6-a40c-8e2915dd9a2f-groupManagement] INFO  storage.RaftStorageDirectory (RaftStorageDirectoryImpl.java:tryLock(231)) - Lock on /home/runner/work/ozone/ozone/hadoop-ozone/integration-test/target/test-dir/MiniOzoneClusterImpl-168be1a3-dcaf-40a9-aa5d-bf8b77a61b73/datanode-2/data/ratis/aec8e59a-cb47-43df-9b09-09316cb53eeb/in_use.lock acquired by nodename 61563@fv-az508-118
2023-08-25 11:32:50,154 [ead66fe0-0d51-45f6-a40c-8e2915dd9a2f-groupManagement] INFO  storage.RaftStorage (RaftStorageImpl.java:format(96)) - Storage directory /home/runner/work/ozone/ozone/hadoop-ozone/integration-test/target/test-dir/MiniOzoneClusterImpl-168be1a3-dcaf-40a9-aa5d-bf8b77a61b73/datanode-2/data/ratis/aec8e59a-cb47-43df-9b09-09316cb53eeb has been successfully formatted.
2023-08-25 11:32:50,155 [ead66fe0-0d51-45f6-a40c-8e2915dd9a2f-groupManagement] INFO  ratis.ContainerStateMachine (ContainerStateMachine.java:loadSnapshot(262)) - group-09316CB53EEB: The snapshot info is null. Setting the last applied indexto:(t:0, i:~)
2023-08-25 11:32:50,155 [ead66fe0-0d51-45f6-a40c-8e2915dd9a2f-groupManagement] INFO  server.RaftServerConfigKeys (ConfUtils.java:logGet(46)) - raft.server.log.use.memory = false (default)
2023-08-25 11:32:50,155 [ead66fe0-0d51-45f6-a40c-8e2915dd9a2f-groupManagement] INFO  server.RaftServerConfigKeys (ConfUtils.java:logGet(46)) - raft.server.log.purge.gap = 1000000 (custom)
2023-08-25 11:32:50,155 [ead66fe0-0d51-45f6-a40c-8e2915dd9a2f-groupManagement] INFO  server.RaftServerConfigKeys (ConfUtils.java:logGet(46)) - raft.server.log.appender.buffer.byte-limit = 33554432 (custom)
2023-08-25 11:32:50,155 [ead66fe0-0d51-45f6-a40c-8e2915dd9a2f-groupManagement] INFO  server.RaftServerConfigKeys (ConfUtils.java:logGet(46)) - raft.server.log.statemachine.data.read.timeout = 1000ms (default)
2023-08-25 11:32:50,155 [ead66fe0-0d51-45f6-a40c-8e2915dd9a2f-groupManagement] INFO  server.RaftServerConfigKeys (ConfUtils.java:logGet(46)) - raft.server.log.purge.preservation.log.num = 0 (default)
2023-08-25 11:32:50,156 [ead66fe0-0d51-45f6-a40c-8e2915dd9a2f-groupManagement] INFO  server.RaftServerConfigKeys (ConfUtils.java:logGet(46)) - raft.server.log.segment.size.max = 1048576 (custom)
2023-08-25 11:32:50,156 [ead66fe0-0d51-45f6-a40c-8e2915dd9a2f-groupManagement] INFO  server.RaftServerConfigKeys (ConfUtils.java:logGet(46)) - raft.server.log.segment.cache.num.max = 2 (custom)
2023-08-25 11:32:50,156 [ead66fe0-0d51-45f6-a40c-8e2915dd9a2f-groupManagement] INFO  server.RaftServerConfigKeys (ConfUtils.java:logGet(46)) - raft.server.log.segment.cache.size.max = 200MB (=209715200) (default)
2023-08-25 11:32:50,157 [ead66fe0-0d51-45f6-a40c-8e2915dd9a2f-groupManagement] INFO  server.RaftServerConfigKeys (ConfUtils.java:logGet(46)) - raft.server.log.appender.buffer.byte-limit = 33554432 (custom)
2023-08-25 11:32:50,157 [ead66fe0-0d51-45f6-a40c-8e2915dd9a2f-groupManagement] INFO  segmented.SegmentedRaftLogWorker (SegmentedRaftLogWorker.java:<init>(188)) - new ead66fe0-0d51-45f6-a40c-8e2915dd9a2f@group-09316CB53EEB-SegmentedRaftLogWorker for RaftStorageImpl:Storage Directory /home/runner/work/ozone/ozone/hadoop-ozone/integration-test/target/test-dir/MiniOzoneClusterImpl-168be1a3-dcaf-40a9-aa5d-bf8b77a61b73/datanode-2/data/ratis/aec8e59a-cb47-43df-9b09-09316cb53eeb
2023-08-25 11:32:50,157 [ead66fe0-0d51-45f6-a40c-8e2915dd9a2f-groupManagement] INFO  server.RaftServerConfigKeys (ConfUtils.java:logGet(46)) - raft.server.log.queue.byte-limit = 4294967296 (custom)
2023-08-25 11:32:50,157 [ead66fe0-0d51-45f6-a40c-8e2915dd9a2f-groupManagement] INFO  server.RaftServerConfigKeys (ConfUtils.java:logGet(46)) - raft.server.log.queue.element-limit = 1024 (custom)
2023-08-25 11:32:50,157 [ead66fe0-0d51-45f6-a40c-8e2915dd9a2f-groupManagement] INFO  server.RaftServerConfigKeys (ConfUtils.java:logGet(46)) - raft.server.log.segment.size.max = 1048576 (custom)
2023-08-25 11:32:50,157 [ead66fe0-0d51-45f6-a40c-8e2915dd9a2f-groupManagement] INFO  server.RaftServerConfigKeys (ConfUtils.java:logGet(46)) - raft.server.log.preallocated.size = 16384 (custom)
2023-08-25 11:32:50,157 [ead66fe0-0d51-45f6-a40c-8e2915dd9a2f-groupManagement] INFO  server.RaftServerConfigKeys (ConfUtils.java:logGet(46)) - raft.server.log.force.sync.num = 128 (default)
2023-08-25 11:32:50,157 [ead66fe0-0d51-45f6-a40c-8e2915dd9a2f-groupManagement] INFO  server.RaftServerConfigKeys (ConfUtils.java:logGet(46)) - raft.server.log.statemachine.data.sync = true (default)
2023-08-25 11:32:50,165 [ead66fe0-0d51-45f6-a40c-8e2915dd9a2f-groupManagement] INFO  server.RaftServerConfigKeys (ConfUtils.java:logGet(46)) - raft.server.log.statemachine.data.sync.timeout = 10s (default)
2023-08-25 11:32:50,165 [ead66fe0-0d51-45f6-a40c-8e2915dd9a2f-groupManagement] INFO  server.RaftServerConfigKeys (ConfUtils.java:logGet(46)) - raft.server.log.statemachine.data.sync.timeout.retry = -1 (default)
2023-08-25 11:32:50,170 [ead66fe0-0d51-45f6-a40c-8e2915dd9a2f-groupManagement] INFO  server.RaftServerConfigKeys (ConfUtils.java:logGet(46)) - raft.server.log.write.buffer.size = 1048576 (custom)
2023-08-25 11:32:50,170 [ead66fe0-0d51-45f6-a40c-8e2915dd9a2f-groupManagement] INFO  server.RaftServerConfigKeys (ConfUtils.java:logGet(46)) - raft.server.log.appender.buffer.byte-limit = 33554432 (custom)
2023-08-25 11:32:50,190 [EventQueue-OpenPipelineForHealthyPipelineSafeModeRule] INFO  safemode.SCMSafeModeManager (HealthyPipelineSafeModeRule.java:process(137)) - SCM in safe mode. Healthy pipelines reported count is 0, required healthy pipeline reported count is 1
2023-08-25 11:32:50,206 [ead66fe0-0d51-45f6-a40c-8e2915dd9a2f-groupManagement] INFO  server.RaftServerConfigKeys (ConfUtils.java:logGet(46)) - raft.server.log.unsafe-flush.enabled = false (default)
2023-08-25 11:32:50,206 [ead66fe0-0d51-45f6-a40c-8e2915dd9a2f-groupManagement] INFO  server.RaftServerConfigKeys (ConfUtils.java:logGet(46)) - raft.server.log.async-flush.enabled = false (default)
2023-08-25 11:32:50,206 [ead66fe0-0d51-45f6-a40c-8e2915dd9a2f-groupManagement] INFO  server.RaftServerConfigKeys (ConfUtils.java:logGet(46)) - raft.server.log.statemachine.data.caching.enabled = true (custom)
2023-08-25 11:32:50,206 [ead66fe0-0d51-45f6-a40c-8e2915dd9a2f-groupManagement] INFO  segmented.SegmentedRaftLogWorker (SegmentedRaftLogWorker.java:lambda$new$0(135)) - ead66fe0-0d51-45f6-a40c-8e2915dd9a2f@group-09316CB53EEB-SegmentedRaftLogWorker: flushIndex: setUnconditionally 0 -> -1
2023-08-25 11:32:50,206 [ead66fe0-0d51-45f6-a40c-8e2915dd9a2f-groupManagement] INFO  segmented.SegmentedRaftLogWorker (SegmentedRaftLogWorker.java:lambda$new$0(135)) - ead66fe0-0d51-45f6-a40c-8e2915dd9a2f@group-09316CB53EEB-SegmentedRaftLogWorker: safeCacheEvictIndex: setUnconditionally 0 -> -1
2023-08-25 11:32:50,211 [ead66fe0-0d51-45f6-a40c-8e2915dd9a2f-groupManagement] INFO  server.RaftServer$Division (RaftServerImpl.java:start(342)) - ead66fe0-0d51-45f6-a40c-8e2915dd9a2f@group-09316CB53EEB: start as a follower, conf=-1: peers:[ead66fe0-0d51-45f6-a40c-8e2915dd9a2f|rpc:10.1.0.52:15032|admin:10.1.0.52:15031|client:10.1.0.52:15030|dataStream:10.1.0.52:15033|priority:1|startupRole:FOLLOWER]|listeners:[], old=null
2023-08-25 11:32:50,211 [ead66fe0-0d51-45f6-a40c-8e2915dd9a2f-groupManagement] INFO  server.RaftServer$Division (RaftServerImpl.java:setRole(329)) - ead66fe0-0d51-45f6-a40c-8e2915dd9a2f@group-09316CB53EEB: changes role from      null to FOLLOWER at term 0 for startAsFollower
2023-08-25 11:32:50,211 [ead66fe0-0d51-45f6-a40c-8e2915dd9a2f-groupManagement] INFO  impl.RoleInfo (RoleInfo.java:updateAndGet(139)) - ead66fe0-0d51-45f6-a40c-8e2915dd9a2f: start ead66fe0-0d51-45f6-a40c-8e2915dd9a2f@group-09316CB53EEB-FollowerState
2023-08-25 11:32:50,214 [ead66fe0-0d51-45f6-a40c-8e2915dd9a2f-groupManagement] INFO  util.JmxRegister (JmxRegister.java:tryRegister(44)) - Successfully registered JMX Bean with object name Ratis:service=RaftServer,group=group-09316CB53EEB,id=ead66fe0-0d51-45f6-a40c-8e2915dd9a2f
2023-08-25 11:32:50,214 [ead66fe0-0d51-45f6-a40c-8e2915dd9a2f-groupManagement] INFO  server.RaftServerConfigKeys (ConfUtils.java:logGet(46)) - raft.server.snapshot.auto.trigger.enabled = true (custom)
2023-08-25 11:32:50,215 [ead66fe0-0d51-45f6-a40c-8e2915dd9a2f-groupManagement] INFO  server.RaftServerConfigKeys (ConfUtils.java:logGet(46)) - raft.server.snapshot.auto.trigger.threshold = 10000 (custom)
2023-08-25 11:32:50,215 [ead66fe0-0d51-45f6-a40c-8e2915dd9a2f-groupManagement] INFO  server.RaftServerConfigKeys (ConfUtils.java:logGet(46)) - raft.server.snapshot.retention.file.num = 5 (custom)
2023-08-25 11:32:50,215 [ead66fe0-0d51-45f6-a40c-8e2915dd9a2f-groupManagement] INFO  server.RaftServerConfigKeys (ConfUtils.java:logGet(46)) - raft.server.log.purge.upto.snapshot.index = false (default)
2023-08-25 11:32:50,215 [ead66fe0-0d51-45f6-a40c-8e2915dd9a2f@group-09316CB53EEB-FollowerState] INFO  server.RaftServerConfigKeys (ConfUtils.java:logFallback(53)) - raft.server.rpc.first-election.timeout.min = 5s (fallback to raft.server.rpc.timeout.min)
2023-08-25 11:32:50,215 [ead66fe0-0d51-45f6-a40c-8e2915dd9a2f@group-09316CB53EEB-FollowerState] INFO  server.RaftServerConfigKeys (ConfUtils.java:logFallback(53)) - raft.server.rpc.first-election.timeout.max = 5200ms (fallback to raft.server.rpc.timeout.max)
2023-08-25 11:32:50,221 [PipelineCommandHandlerThread-0] INFO  ratis.XceiverServerRatis (XceiverServerRatis.java:addGroup(804)) - Created group PipelineID=aec8e59a-cb47-43df-9b09-09316cb53eeb
2023-08-25 11:32:50,221 [PipelineCommandHandlerThread-0] INFO  commandhandler.CreatePipelineCommandHandler (CreatePipelineCommandHandler.java:lambda$handle$2(124)) - Created Pipeline RATIS ONE PipelineID=aec8e59a-cb47-43df-9b09-09316cb53eeb.
2023-08-25 11:32:50,222 [PipelineCommandHandlerThread-0] INFO  server.RaftServer (RaftServerProxy.java:addNew(98)) - ead66fe0-0d51-45f6-a40c-8e2915dd9a2f: addNew group-2249AB9819A5:[ead66fe0-0d51-45f6-a40c-8e2915dd9a2f|rpc:10.1.0.52:15032|admin:10.1.0.52:15031|client:10.1.0.52:15030|dataStream:10.1.0.52:15033|priority:1|startupRole:FOLLOWER, 13d602e5-043f-4877-ab61-f2512eb11edb|rpc:10.1.0.52:15023|admin:10.1.0.52:15022|client:10.1.0.52:15021|dataStream:10.1.0.52:15024|priority:0|startupRole:FOLLOWER, d411a2e9-f1e7-48ff-a207-5fb0a1d8b942|rpc:10.1.0.52:15014|admin:10.1.0.52:15013|client:10.1.0.52:15012|dataStream:10.1.0.52:15015|priority:0|startupRole:FOLLOWER] returns group-2249AB9819A5:java.util.concurrent.CompletableFuture@772ef900[Not completed]
2023-08-25 11:32:50,232 [ead66fe0-0d51-45f6-a40c-8e2915dd9a2f-groupManagement] INFO  server.RaftServer$Division (RaftServerImpl.java:<init>(198)) - ead66fe0-0d51-45f6-a40c-8e2915dd9a2f: new RaftServerImpl for group-2249AB9819A5:[ead66fe0-0d51-45f6-a40c-8e2915dd9a2f|rpc:10.1.0.52:15032|admin:10.1.0.52:15031|client:10.1.0.52:15030|dataStream:10.1.0.52:15033|priority:1|startupRole:FOLLOWER, 13d602e5-043f-4877-ab61-f2512eb11edb|rpc:10.1.0.52:15023|admin:10.1.0.52:15022|client:10.1.0.52:15021|dataStream:10.1.0.52:15024|priority:0|startupRole:FOLLOWER, d411a2e9-f1e7-48ff-a207-5fb0a1d8b942|rpc:10.1.0.52:15014|admin:10.1.0.52:15013|client:10.1.0.52:15012|dataStream:10.1.0.52:15015|priority:0|startupRole:FOLLOWER] with ContainerStateMachine:uninitialized
2023-08-25 11:32:50,232 [ead66fe0-0d51-45f6-a40c-8e2915dd9a2f-groupManagement] INFO  server.RaftServerConfigKeys (ConfUtils.java:logGet(46)) - raft.server.rpc.timeout.min = 5s (custom)
2023-08-25 11:32:50,232 [ead66fe0-0d51-45f6-a40c-8e2915dd9a2f-groupManagement] INFO  server.RaftServerConfigKeys (ConfUtils.java:logGet(46)) - raft.server.rpc.timeout.max = 5200ms (custom)
2023-08-25 11:32:50,232 [ead66fe0-0d51-45f6-a40c-8e2915dd9a2f-groupManagement] INFO  server.RaftServerConfigKeys (ConfUtils.java:logGet(46)) - raft.server.rpc.sleep.time = 25ms (default)
2023-08-25 11:32:50,232 [ead66fe0-0d51-45f6-a40c-8e2915dd9a2f-groupManagement] INFO  server.RaftServerConfigKeys (ConfUtils.java:logGet(46)) - raft.server.rpc.slowness.timeout = 300s (custom)
2023-08-25 11:32:50,232 [ead66fe0-0d51-45f6-a40c-8e2915dd9a2f-groupManagement] INFO  server.RaftServerConfigKeys (ConfUtils.java:logGet(46)) - raft.server.leaderelection.leader.step-down.wait-time = 10s (default)
2023-08-25 11:32:50,232 [ead66fe0-0d51-45f6-a40c-8e2915dd9a2f-groupManagement] INFO  server.RaftServerConfigKeys (ConfUtils.java:logGet(46)) - raft.server.sleep.deviation.threshold = 300ms (default)
2023-08-25 11:32:50,232 [ead66fe0-0d51-45f6-a40c-8e2915dd9a2f-groupManagement] INFO  server.RaftServer$Division (ServerState.java:<init>(120)) - ead66fe0-0d51-45f6-a40c-8e2915dd9a2f@group-2249AB9819A5: ConfigurationManager, init=-1: peers:[ead66fe0-0d51-45f6-a40c-8e2915dd9a2f|rpc:10.1.0.52:15032|admin:10.1.0.52:15031|client:10.1.0.52:15030|dataStream:10.1.0.52:15033|priority:1|startupRole:FOLLOWER, 13d602e5-043f-4877-ab61-f2512eb11edb|rpc:10.1.0.52:15023|admin:10.1.0.52:15022|client:10.1.0.52:15021|dataStream:10.1.0.52:15024|priority:0|startupRole:FOLLOWER, d411a2e9-f1e7-48ff-a207-5fb0a1d8b942|rpc:10.1.0.52:15014|admin:10.1.0.52:15013|client:10.1.0.52:15012|dataStream:10.1.0.52:15015|priority:0|startupRole:FOLLOWER]|listeners:[], old=null, confs=<EMPTY_MAP>
2023-08-25 11:32:50,232 [ead66fe0-0d51-45f6-a40c-8e2915dd9a2f-groupManagement] INFO  server.RaftServerConfigKeys (ConfUtils.java:logGet(46)) - raft.server.storage.dir = [/home/runner/work/ozone/ozone/hadoop-ozone/integration-test/target/test-dir/MiniOzoneClusterImpl-168be1a3-dcaf-40a9-aa5d-bf8b77a61b73/datanode-2/data/ratis] (custom)
2023-08-25 11:32:50,233 [ead66fe0-0d51-45f6-a40c-8e2915dd9a2f-groupManagement] INFO  server.RaftServerConfigKeys (ConfUtils.java:logGet(46)) - raft.server.log.corruption.policy = EXCEPTION (default)
2023-08-25 11:32:50,233 [ead66fe0-0d51-45f6-a40c-8e2915dd9a2f-groupManagement] INFO  server.RaftServerConfigKeys (ConfUtils.java:logGet(46)) - raft.server.storage.free-space.min = 0MB (=0) (default)
2023-08-25 11:32:50,233 [ead66fe0-0d51-45f6-a40c-8e2915dd9a2f-groupManagement] INFO  server.RaftServerConfigKeys (ConfUtils.java:logGet(46)) - raft.server.notification.no-leader.timeout = 300s (custom)
2023-08-25 11:32:50,233 [ead66fe0-0d51-45f6-a40c-8e2915dd9a2f-groupManagement] INFO  server.RaftServerConfigKeys (ConfUtils.java:logGet(46)) - raft.server.read.timeout = 10s (default)
2023-08-25 11:32:50,233 [ead66fe0-0d51-45f6-a40c-8e2915dd9a2f-groupManagement] INFO  server.RaftServerConfigKeys (ConfUtils.java:logGet(46)) - raft.server.retrycache.expirytime = 600000ms (custom)
2023-08-25 11:32:50,233 [ead66fe0-0d51-45f6-a40c-8e2915dd9a2f-groupManagement] INFO  server.RaftServerConfigKeys (ConfUtils.java:logGet(46)) - raft.server.retrycache.statistics.expirytime = 100μs (default)
2023-08-25 11:32:50,234 [ead66fe0-0d51-45f6-a40c-8e2915dd9a2f-groupManagement] INFO  server.RaftServerConfigKeys (ConfUtils.java:logGet(46)) - raft.server.read.option = DEFAULT (default)
2023-08-25 11:32:50,242 [ead66fe0-0d51-45f6-a40c-8e2915dd9a2f-groupManagement] INFO  server.RaftServerConfigKeys (ConfUtils.java:logGet(46)) - raft.server.rpc.request.timeout = 60s (custom)
2023-08-25 11:32:50,242 [ead66fe0-0d51-45f6-a40c-8e2915dd9a2f-groupManagement] INFO  server.RaftServerConfigKeys (ConfUtils.java:logGet(46)) - raft.server.log.appender.install.snapshot.enabled = false (custom)
2023-08-25 11:32:50,244 [ead66fe0-0d51-45f6-a40c-8e2915dd9a2f-groupManagement] INFO  server.RaftServerConfigKeys (ConfUtils.java:logGet(46)) - raft.server.threadpool.server.cached = true (default)
2023-08-25 11:32:50,244 [ead66fe0-0d51-45f6-a40c-8e2915dd9a2f-groupManagement] INFO  server.RaftServerConfigKeys (ConfUtils.java:logGet(46)) - raft.server.threadpool.server.size = 0 (default)
2023-08-25 11:32:50,244 [ead66fe0-0d51-45f6-a40c-8e2915dd9a2f-groupManagement] INFO  server.RaftServerConfigKeys (ConfUtils.java:logGet(46)) - raft.server.threadpool.client.cached = true (default)
2023-08-25 11:32:50,244 [ead66fe0-0d51-45f6-a40c-8e2915dd9a2f-groupManagement] INFO  server.RaftServerConfigKeys (ConfUtils.java:logGet(46)) - raft.server.threadpool.client.size = 0 (default)
2023-08-25 11:32:50,244 [ead66fe0-0d51-45f6-a40c-8e2915dd9a2f-groupManagement] INFO  storage.RaftStorageDirectory (RaftStorageDirectoryImpl.java:analyzeStorage(137)) - The storage directory /home/runner/work/ozone/ozone/hadoop-ozone/integration-test/target/test-dir/MiniOzoneClusterImpl-168be1a3-dcaf-40a9-aa5d-bf8b77a61b73/datanode-2/data/ratis/48a8aa35-3969-4b40-9daf-2249ab9819a5 does not exist. Creating ...
2023-08-25 11:32:50,247 [ead66fe0-0d51-45f6-a40c-8e2915dd9a2f-groupManagement] INFO  storage.RaftStorageDirectory (RaftStorageDirectoryImpl.java:tryLock(231)) - Lock on /home/runner/work/ozone/ozone/hadoop-ozone/integration-test/target/test-dir/MiniOzoneClusterImpl-168be1a3-dcaf-40a9-aa5d-bf8b77a61b73/datanode-2/data/ratis/48a8aa35-3969-4b40-9daf-2249ab9819a5/in_use.lock acquired by nodename 61563@fv-az508-118
2023-08-25 11:32:50,249 [ead66fe0-0d51-45f6-a40c-8e2915dd9a2f-groupManagement] INFO  storage.RaftStorage (RaftStorageImpl.java:format(96)) - Storage directory /home/runner/work/ozone/ozone/hadoop-ozone/integration-test/target/test-dir/MiniOzoneClusterImpl-168be1a3-dcaf-40a9-aa5d-bf8b77a61b73/datanode-2/data/ratis/48a8aa35-3969-4b40-9daf-2249ab9819a5 has been successfully formatted.
2023-08-25 11:32:50,249 [ead66fe0-0d51-45f6-a40c-8e2915dd9a2f-groupManagement] INFO  ratis.ContainerStateMachine (ContainerStateMachine.java:loadSnapshot(262)) - group-2249AB9819A5: The snapshot info is null. Setting the last applied indexto:(t:0, i:~)
2023-08-25 11:32:50,249 [ead66fe0-0d51-45f6-a40c-8e2915dd9a2f-groupManagement] INFO  server.RaftServerConfigKeys (ConfUtils.java:logGet(46)) - raft.server.log.use.memory = false (default)
2023-08-25 11:32:50,250 [ead66fe0-0d51-45f6-a40c-8e2915dd9a2f-groupManagement] INFO  server.RaftServerConfigKeys (ConfUtils.java:logGet(46)) - raft.server.log.purge.gap = 1000000 (custom)
2023-08-25 11:32:50,250 [ead66fe0-0d51-45f6-a40c-8e2915dd9a2f-groupManagement] INFO  server.RaftServerConfigKeys (ConfUtils.java:logGet(46)) - raft.server.log.appender.buffer.byte-limit = 33554432 (custom)
2023-08-25 11:32:50,250 [ead66fe0-0d51-45f6-a40c-8e2915dd9a2f-groupManagement] INFO  server.RaftServerConfigKeys (ConfUtils.java:logGet(46)) - raft.server.log.statemachine.data.read.timeout = 1000ms (default)
2023-08-25 11:32:50,250 [ead66fe0-0d51-45f6-a40c-8e2915dd9a2f-groupManagement] INFO  server.RaftServerConfigKeys (ConfUtils.java:logGet(46)) - raft.server.log.purge.preservation.log.num = 0 (default)
2023-08-25 11:32:50,251 [ead66fe0-0d51-45f6-a40c-8e2915dd9a2f-groupManagement] INFO  server.RaftServerConfigKeys (ConfUtils.java:logGet(46)) - raft.server.log.segment.size.max = 1048576 (custom)
2023-08-25 11:32:50,251 [ead66fe0-0d51-45f6-a40c-8e2915dd9a2f-groupManagement] INFO  server.RaftServerConfigKeys (ConfUtils.java:logGet(46)) - raft.server.log.segment.cache.num.max = 2 (custom)
2023-08-25 11:32:50,251 [ead66fe0-0d51-45f6-a40c-8e2915dd9a2f-groupManagement] INFO  server.RaftServerConfigKeys (ConfUtils.java:logGet(46)) - raft.server.log.segment.cache.size.max = 200MB (=209715200) (default)
2023-08-25 11:32:50,251 [ead66fe0-0d51-45f6-a40c-8e2915dd9a2f-groupManagement] INFO  server.RaftServerConfigKeys (ConfUtils.java:logGet(46)) - raft.server.log.appender.buffer.byte-limit = 33554432 (custom)
2023-08-25 11:32:50,251 [ead66fe0-0d51-45f6-a40c-8e2915dd9a2f-groupManagement] INFO  segmented.SegmentedRaftLogWorker (SegmentedRaftLogWorker.java:<init>(188)) - new ead66fe0-0d51-45f6-a40c-8e2915dd9a2f@group-2249AB9819A5-SegmentedRaftLogWorker for RaftStorageImpl:Storage Directory /home/runner/work/ozone/ozone/hadoop-ozone/integration-test/target/test-dir/MiniOzoneClusterImpl-168be1a3-dcaf-40a9-aa5d-bf8b77a61b73/datanode-2/data/ratis/48a8aa35-3969-4b40-9daf-2249ab9819a5
2023-08-25 11:32:50,253 [ead66fe0-0d51-45f6-a40c-8e2915dd9a2f-groupManagement] INFO  server.RaftServerConfigKeys (ConfUtils.java:logGet(46)) - raft.server.log.queue.byte-limit = 4294967296 (custom)
2023-08-25 11:32:50,253 [ead66fe0-0d51-45f6-a40c-8e2915dd9a2f-groupManagement] INFO  server.RaftServerConfigKeys (ConfUtils.java:logGet(46)) - raft.server.log.queue.element-limit = 1024 (custom)
2023-08-25 11:32:50,253 [ead66fe0-0d51-45f6-a40c-8e2915dd9a2f-groupManagement] INFO  server.RaftServerConfigKeys (ConfUtils.java:logGet(46)) - raft.server.log.segment.size.max = 1048576 (custom)
2023-08-25 11:32:50,253 [ead66fe0-0d51-45f6-a40c-8e2915dd9a2f-groupManagement] INFO  server.RaftServerConfigKeys (ConfUtils.java:logGet(46)) - raft.server.log.preallocated.size = 16384 (custom)
2023-08-25 11:32:50,253 [ead66fe0-0d51-45f6-a40c-8e2915dd9a2f-groupManagement] INFO  server.RaftServerConfigKeys (ConfUtils.java:logGet(46)) - raft.server.log.force.sync.num = 128 (default)
2023-08-25 11:32:50,253 [ead66fe0-0d51-45f6-a40c-8e2915dd9a2f-groupManagement] INFO  server.RaftServerConfigKeys (ConfUtils.java:logGet(46)) - raft.server.log.statemachine.data.sync = true (default)
2023-08-25 11:32:50,253 [ead66fe0-0d51-45f6-a40c-8e2915dd9a2f-groupManagement] INFO  server.RaftServerConfigKeys (ConfUtils.java:logGet(46)) - raft.server.log.statemachine.data.sync.timeout = 10s (default)
2023-08-25 11:32:50,253 [ead66fe0-0d51-45f6-a40c-8e2915dd9a2f-groupManagement] INFO  server.RaftServerConfigKeys (ConfUtils.java:logGet(46)) - raft.server.log.statemachine.data.sync.timeout.retry = -1 (default)
2023-08-25 11:32:50,255 [ead66fe0-0d51-45f6-a40c-8e2915dd9a2f-groupManagement] INFO  server.RaftServerConfigKeys (ConfUtils.java:logGet(46)) - raft.server.log.write.buffer.size = 1048576 (custom)
2023-08-25 11:32:50,255 [ead66fe0-0d51-45f6-a40c-8e2915dd9a2f-groupManagement] INFO  server.RaftServerConfigKeys (ConfUtils.java:logGet(46)) - raft.server.log.appender.buffer.byte-limit = 33554432 (custom)
2023-08-25 11:32:50,264 [ead66fe0-0d51-45f6-a40c-8e2915dd9a2f-groupManagement] INFO  server.RaftServerConfigKeys (ConfUtils.java:logGet(46)) - raft.server.log.unsafe-flush.enabled = false (default)
2023-08-25 11:32:50,264 [ead66fe0-0d51-45f6-a40c-8e2915dd9a2f-groupManagement] INFO  server.RaftServerConfigKeys (ConfUtils.java:logGet(46)) - raft.server.log.async-flush.enabled = false (default)
2023-08-25 11:32:50,264 [ead66fe0-0d51-45f6-a40c-8e2915dd9a2f-groupManagement] INFO  server.RaftServerConfigKeys (ConfUtils.java:logGet(46)) - raft.server.log.statemachine.data.caching.enabled = true (custom)
2023-08-25 11:32:50,264 [ead66fe0-0d51-45f6-a40c-8e2915dd9a2f-groupManagement] INFO  segmented.SegmentedRaftLogWorker (SegmentedRaftLogWorker.java:lambda$new$0(135)) - ead66fe0-0d51-45f6-a40c-8e2915dd9a2f@group-2249AB9819A5-SegmentedRaftLogWorker: flushIndex: setUnconditionally 0 -> -1
2023-08-25 11:32:50,264 [ead66fe0-0d51-45f6-a40c-8e2915dd9a2f-groupManagement] INFO  segmented.SegmentedRaftLogWorker (SegmentedRaftLogWorker.java:lambda$new$0(135)) - ead66fe0-0d51-45f6-a40c-8e2915dd9a2f@group-2249AB9819A5-SegmentedRaftLogWorker: safeCacheEvictIndex: setUnconditionally 0 -> -1
2023-08-25 11:32:50,272 [EventQueue-OpenPipelineForHealthyPipelineSafeModeRule] INFO  safemode.SCMSafeModeManager (HealthyPipelineSafeModeRule.java:process(137)) - SCM in safe mode. Healthy pipelines reported count is 0, required healthy pipeline reported count is 1
2023-08-25 11:32:50,276 [ead66fe0-0d51-45f6-a40c-8e2915dd9a2f-groupManagement] INFO  server.RaftServer$Division (RaftServerImpl.java:start(342)) - ead66fe0-0d51-45f6-a40c-8e2915dd9a2f@group-2249AB9819A5: start as a follower, conf=-1: peers:[ead66fe0-0d51-45f6-a40c-8e2915dd9a2f|rpc:10.1.0.52:15032|admin:10.1.0.52:15031|client:10.1.0.52:15030|dataStream:10.1.0.52:15033|priority:1|startupRole:FOLLOWER, 13d602e5-043f-4877-ab61-f2512eb11edb|rpc:10.1.0.52:15023|admin:10.1.0.52:15022|client:10.1.0.52:15021|dataStream:10.1.0.52:15024|priority:0|startupRole:FOLLOWER, d411a2e9-f1e7-48ff-a207-5fb0a1d8b942|rpc:10.1.0.52:15014|admin:10.1.0.52:15013|client:10.1.0.52:15012|dataStream:10.1.0.52:15015|priority:0|startupRole:FOLLOWER]|listeners:[], old=null
2023-08-25 11:32:50,293 [ead66fe0-0d51-45f6-a40c-8e2915dd9a2f-groupManagement] INFO  server.RaftServer$Division (RaftServerImpl.java:setRole(329)) - ead66fe0-0d51-45f6-a40c-8e2915dd9a2f@group-2249AB9819A5: changes role from      null to FOLLOWER at term 0 for startAsFollower
2023-08-25 11:32:50,293 [ead66fe0-0d51-45f6-a40c-8e2915dd9a2f-groupManagement] INFO  impl.RoleInfo (RoleInfo.java:updateAndGet(139)) - ead66fe0-0d51-45f6-a40c-8e2915dd9a2f: start ead66fe0-0d51-45f6-a40c-8e2915dd9a2f@group-2249AB9819A5-FollowerState
2023-08-25 11:32:50,293 [ead66fe0-0d51-45f6-a40c-8e2915dd9a2f-groupManagement] INFO  util.JmxRegister (JmxRegister.java:tryRegister(44)) - Successfully registered JMX Bean with object name Ratis:service=RaftServer,group=group-2249AB9819A5,id=ead66fe0-0d51-45f6-a40c-8e2915dd9a2f
2023-08-25 11:32:50,294 [ead66fe0-0d51-45f6-a40c-8e2915dd9a2f@group-2249AB9819A5-FollowerState] INFO  server.RaftServerConfigKeys (ConfUtils.java:logFallback(53)) - raft.server.rpc.first-election.timeout.min = 5s (fallback to raft.server.rpc.timeout.min)
2023-08-25 11:32:50,295 [ead66fe0-0d51-45f6-a40c-8e2915dd9a2f-groupManagement] INFO  server.RaftServerConfigKeys (ConfUtils.java:logGet(46)) - raft.server.snapshot.auto.trigger.enabled = true (custom)
2023-08-25 11:32:50,295 [ead66fe0-0d51-45f6-a40c-8e2915dd9a2f@group-2249AB9819A5-FollowerState] INFO  server.RaftServerConfigKeys (ConfUtils.java:logFallback(53)) - raft.server.rpc.first-election.timeout.max = 5200ms (fallback to raft.server.rpc.timeout.max)
2023-08-25 11:32:50,295 [ead66fe0-0d51-45f6-a40c-8e2915dd9a2f-groupManagement] INFO  server.RaftServerConfigKeys (ConfUtils.java:logGet(46)) - raft.server.snapshot.auto.trigger.threshold = 10000 (custom)
2023-08-25 11:32:50,295 [ead66fe0-0d51-45f6-a40c-8e2915dd9a2f-groupManagement] INFO  server.RaftServerConfigKeys (ConfUtils.java:logGet(46)) - raft.server.snapshot.retention.file.num = 5 (custom)
2023-08-25 11:32:50,295 [ead66fe0-0d51-45f6-a40c-8e2915dd9a2f-groupManagement] INFO  server.RaftServerConfigKeys (ConfUtils.java:logGet(46)) - raft.server.log.purge.upto.snapshot.index = false (default)
2023-08-25 11:32:50,296 [PipelineCommandHandlerThread-0] INFO  ratis.XceiverServerRatis (XceiverServerRatis.java:addGroup(804)) - Created group PipelineID=48a8aa35-3969-4b40-9daf-2249ab9819a5
2023-08-25 11:32:50,349 [grpc-default-executor-0] INFO  server.RaftServer (RaftServerProxy.java:addNew(98)) - 13d602e5-043f-4877-ab61-f2512eb11edb: addNew group-2249AB9819A5:[ead66fe0-0d51-45f6-a40c-8e2915dd9a2f|rpc:10.1.0.52:15032|admin:10.1.0.52:15031|client:10.1.0.52:15030|dataStream:10.1.0.52:15033|priority:1|startupRole:FOLLOWER, 13d602e5-043f-4877-ab61-f2512eb11edb|rpc:10.1.0.52:15023|admin:10.1.0.52:15022|client:10.1.0.52:15021|dataStream:10.1.0.52:15024|priority:0|startupRole:FOLLOWER, d411a2e9-f1e7-48ff-a207-5fb0a1d8b942|rpc:10.1.0.52:15014|admin:10.1.0.52:15013|client:10.1.0.52:15012|dataStream:10.1.0.52:15015|priority:0|startupRole:FOLLOWER] returns group-2249AB9819A5:java.util.concurrent.CompletableFuture@7979a94f[Not completed]
2023-08-25 11:32:50,366 [13d602e5-043f-4877-ab61-f2512eb11edb-groupManagement] INFO  server.RaftServer$Division (RaftServerImpl.java:<init>(198)) - 13d602e5-043f-4877-ab61-f2512eb11edb: new RaftServerImpl for group-2249AB9819A5:[ead66fe0-0d51-45f6-a40c-8e2915dd9a2f|rpc:10.1.0.52:15032|admin:10.1.0.52:15031|client:10.1.0.52:15030|dataStream:10.1.0.52:15033|priority:1|startupRole:FOLLOWER, 13d602e5-043f-4877-ab61-f2512eb11edb|rpc:10.1.0.52:15023|admin:10.1.0.52:15022|client:10.1.0.52:15021|dataStream:10.1.0.52:15024|priority:0|startupRole:FOLLOWER, d411a2e9-f1e7-48ff-a207-5fb0a1d8b942|rpc:10.1.0.52:15014|admin:10.1.0.52:15013|client:10.1.0.52:15012|dataStream:10.1.0.52:15015|priority:0|startupRole:FOLLOWER] with ContainerStateMachine:uninitialized
2023-08-25 11:32:50,366 [13d602e5-043f-4877-ab61-f2512eb11edb-groupManagement] INFO  server.RaftServerConfigKeys (ConfUtils.java:logGet(46)) - raft.server.rpc.timeout.min = 5s (custom)
2023-08-25 11:32:50,366 [13d602e5-043f-4877-ab61-f2512eb11edb-groupManagement] INFO  server.RaftServerConfigKeys (ConfUtils.java:logGet(46)) - raft.server.rpc.timeout.max = 5200ms (custom)
2023-08-25 11:32:50,367 [13d602e5-043f-4877-ab61-f2512eb11edb-groupManagement] INFO  server.RaftServerConfigKeys (ConfUtils.java:logGet(46)) - raft.server.rpc.sleep.time = 25ms (default)
2023-08-25 11:32:50,367 [13d602e5-043f-4877-ab61-f2512eb11edb-groupManagement] INFO  server.RaftServerConfigKeys (ConfUtils.java:logGet(46)) - raft.server.rpc.slowness.timeout = 300s (custom)
2023-08-25 11:32:50,367 [13d602e5-043f-4877-ab61-f2512eb11edb-groupManagement] INFO  server.RaftServerConfigKeys (ConfUtils.java:logGet(46)) - raft.server.leaderelection.leader.step-down.wait-time = 10s (default)
2023-08-25 11:32:50,367 [13d602e5-043f-4877-ab61-f2512eb11edb-groupManagement] INFO  server.RaftServerConfigKeys (ConfUtils.java:logGet(46)) - raft.server.sleep.deviation.threshold = 300ms (default)
2023-08-25 11:32:50,367 [13d602e5-043f-4877-ab61-f2512eb11edb-groupManagement] INFO  server.RaftServer$Division (ServerState.java:<init>(120)) - 13d602e5-043f-4877-ab61-f2512eb11edb@group-2249AB9819A5: ConfigurationManager, init=-1: peers:[ead66fe0-0d51-45f6-a40c-8e2915dd9a2f|rpc:10.1.0.52:15032|admin:10.1.0.52:15031|client:10.1.0.52:15030|dataStream:10.1.0.52:15033|priority:1|startupRole:FOLLOWER, 13d602e5-043f-4877-ab61-f2512eb11edb|rpc:10.1.0.52:15023|admin:10.1.0.52:15022|client:10.1.0.52:15021|dataStream:10.1.0.52:15024|priority:0|startupRole:FOLLOWER, d411a2e9-f1e7-48ff-a207-5fb0a1d8b942|rpc:10.1.0.52:15014|admin:10.1.0.52:15013|client:10.1.0.52:15012|dataStream:10.1.0.52:15015|priority:0|startupRole:FOLLOWER]|listeners:[], old=null, confs=<EMPTY_MAP>
2023-08-25 11:32:50,367 [13d602e5-043f-4877-ab61-f2512eb11edb-groupManagement] INFO  server.RaftServerConfigKeys (ConfUtils.java:logGet(46)) - raft.server.storage.dir = [/home/runner/work/ozone/ozone/hadoop-ozone/integration-test/target/test-dir/MiniOzoneClusterImpl-168be1a3-dcaf-40a9-aa5d-bf8b77a61b73/datanode-1/data/ratis] (custom)
2023-08-25 11:32:50,367 [13d602e5-043f-4877-ab61-f2512eb11edb-groupManagement] INFO  server.RaftServerConfigKeys (ConfUtils.java:logGet(46)) - raft.server.log.corruption.policy = EXCEPTION (default)
2023-08-25 11:32:50,367 [13d602e5-043f-4877-ab61-f2512eb11edb-groupManagement] INFO  server.RaftServerConfigKeys (ConfUtils.java:logGet(46)) - raft.server.storage.free-space.min = 0MB (=0) (default)
2023-08-25 11:32:50,369 [13d602e5-043f-4877-ab61-f2512eb11edb-groupManagement] INFO  server.RaftServerConfigKeys (ConfUtils.java:logGet(46)) - raft.server.notification.no-leader.timeout = 300s (custom)
2023-08-25 11:32:50,369 [13d602e5-043f-4877-ab61-f2512eb11edb-groupManagement] INFO  server.RaftServerConfigKeys (ConfUtils.java:logGet(46)) - raft.server.read.timeout = 10s (default)
2023-08-25 11:32:50,369 [13d602e5-043f-4877-ab61-f2512eb11edb-groupManagement] INFO  server.RaftServerConfigKeys (ConfUtils.java:logGet(46)) - raft.server.retrycache.expirytime = 600000ms (custom)
2023-08-25 11:32:50,369 [13d602e5-043f-4877-ab61-f2512eb11edb-groupManagement] INFO  server.RaftServerConfigKeys (ConfUtils.java:logGet(46)) - raft.server.retrycache.statistics.expirytime = 100μs (default)
2023-08-25 11:32:50,369 [13d602e5-043f-4877-ab61-f2512eb11edb-groupManagement] INFO  server.RaftServerConfigKeys (ConfUtils.java:logGet(46)) - raft.server.read.option = DEFAULT (default)
2023-08-25 11:32:50,382 [13d602e5-043f-4877-ab61-f2512eb11edb-groupManagement] INFO  server.RaftServerConfigKeys (ConfUtils.java:logGet(46)) - raft.server.rpc.request.timeout = 60s (custom)
2023-08-25 11:32:50,382 [13d602e5-043f-4877-ab61-f2512eb11edb-groupManagement] INFO  server.RaftServerConfigKeys (ConfUtils.java:logGet(46)) - raft.server.log.appender.install.snapshot.enabled = false (custom)
2023-08-25 11:32:50,382 [13d602e5-043f-4877-ab61-f2512eb11edb-groupManagement] INFO  server.RaftServerConfigKeys (ConfUtils.java:logGet(46)) - raft.server.threadpool.server.cached = true (default)
2023-08-25 11:32:50,383 [13d602e5-043f-4877-ab61-f2512eb11edb-groupManagement] INFO  server.RaftServerConfigKeys (ConfUtils.java:logGet(46)) - raft.server.threadpool.server.size = 0 (default)
2023-08-25 11:32:50,383 [13d602e5-043f-4877-ab61-f2512eb11edb-groupManagement] INFO  server.RaftServerConfigKeys (ConfUtils.java:logGet(46)) - raft.server.threadpool.client.cached = true (default)
2023-08-25 11:32:50,383 [13d602e5-043f-4877-ab61-f2512eb11edb-groupManagement] INFO  server.RaftServerConfigKeys (ConfUtils.java:logGet(46)) - raft.server.threadpool.client.size = 0 (default)
2023-08-25 11:32:50,383 [13d602e5-043f-4877-ab61-f2512eb11edb-groupManagement] INFO  storage.RaftStorageDirectory (RaftStorageDirectoryImpl.java:analyzeStorage(137)) - The storage directory /home/runner/work/ozone/ozone/hadoop-ozone/integration-test/target/test-dir/MiniOzoneClusterImpl-168be1a3-dcaf-40a9-aa5d-bf8b77a61b73/datanode-1/data/ratis/48a8aa35-3969-4b40-9daf-2249ab9819a5 does not exist. Creating ...
2023-08-25 11:32:50,388 [13d602e5-043f-4877-ab61-f2512eb11edb-groupManagement] INFO  storage.RaftStorageDirectory (RaftStorageDirectoryImpl.java:tryLock(231)) - Lock on /home/runner/work/ozone/ozone/hadoop-ozone/integration-test/target/test-dir/MiniOzoneClusterImpl-168be1a3-dcaf-40a9-aa5d-bf8b77a61b73/datanode-1/data/ratis/48a8aa35-3969-4b40-9daf-2249ab9819a5/in_use.lock acquired by nodename 61563@fv-az508-118
2023-08-25 11:32:50,403 [13d602e5-043f-4877-ab61-f2512eb11edb-groupManagement] INFO  storage.RaftStorage (RaftStorageImpl.java:format(96)) - Storage directory /home/runner/work/ozone/ozone/hadoop-ozone/integration-test/target/test-dir/MiniOzoneClusterImpl-168be1a3-dcaf-40a9-aa5d-bf8b77a61b73/datanode-1/data/ratis/48a8aa35-3969-4b40-9daf-2249ab9819a5 has been successfully formatted.
2023-08-25 11:32:50,404 [13d602e5-043f-4877-ab61-f2512eb11edb-groupManagement] INFO  ratis.ContainerStateMachine (ContainerStateMachine.java:loadSnapshot(262)) - group-2249AB9819A5: The snapshot info is null. Setting the last applied indexto:(t:0, i:~)
2023-08-25 11:32:50,404 [13d602e5-043f-4877-ab61-f2512eb11edb-groupManagement] INFO  server.RaftServerConfigKeys (ConfUtils.java:logGet(46)) - raft.server.log.use.memory = false (default)
2023-08-25 11:32:50,404 [13d602e5-043f-4877-ab61-f2512eb11edb-groupManagement] INFO  server.RaftServerConfigKeys (ConfUtils.java:logGet(46)) - raft.server.log.purge.gap = 1000000 (custom)
2023-08-25 11:32:50,404 [13d602e5-043f-4877-ab61-f2512eb11edb-groupManagement] INFO  server.RaftServerConfigKeys (ConfUtils.java:logGet(46)) - raft.server.log.appender.buffer.byte-limit = 33554432 (custom)
2023-08-25 11:32:50,405 [13d602e5-043f-4877-ab61-f2512eb11edb-groupManagement] INFO  server.RaftServerConfigKeys (ConfUtils.java:logGet(46)) - raft.server.log.statemachine.data.read.timeout = 1000ms (default)
2023-08-25 11:32:50,405 [13d602e5-043f-4877-ab61-f2512eb11edb-groupManagement] INFO  server.RaftServerConfigKeys (ConfUtils.java:logGet(46)) - raft.server.log.purge.preservation.log.num = 0 (default)
2023-08-25 11:32:50,405 [13d602e5-043f-4877-ab61-f2512eb11edb-groupManagement] INFO  server.RaftServerConfigKeys (ConfUtils.java:logGet(46)) - raft.server.log.segment.size.max = 1048576 (custom)
2023-08-25 11:32:50,406 [13d602e5-043f-4877-ab61-f2512eb11edb-groupManagement] INFO  server.RaftServerConfigKeys (ConfUtils.java:logGet(46)) - raft.server.log.segment.cache.num.max = 2 (custom)
2023-08-25 11:32:50,406 [13d602e5-043f-4877-ab61-f2512eb11edb-groupManagement] INFO  server.RaftServerConfigKeys (ConfUtils.java:logGet(46)) - raft.server.log.segment.cache.size.max = 200MB (=209715200) (default)
2023-08-25 11:32:50,407 [13d602e5-043f-4877-ab61-f2512eb11edb-groupManagement] INFO  server.RaftServerConfigKeys (ConfUtils.java:logGet(46)) - raft.server.log.appender.buffer.byte-limit = 33554432 (custom)
2023-08-25 11:32:50,407 [13d602e5-043f-4877-ab61-f2512eb11edb-groupManagement] INFO  segmented.SegmentedRaftLogWorker (SegmentedRaftLogWorker.java:<init>(188)) - new 13d602e5-043f-4877-ab61-f2512eb11edb@group-2249AB9819A5-SegmentedRaftLogWorker for RaftStorageImpl:Storage Directory /home/runner/work/ozone/ozone/hadoop-ozone/integration-test/target/test-dir/MiniOzoneClusterImpl-168be1a3-dcaf-40a9-aa5d-bf8b77a61b73/datanode-1/data/ratis/48a8aa35-3969-4b40-9daf-2249ab9819a5
2023-08-25 11:32:50,407 [13d602e5-043f-4877-ab61-f2512eb11edb-groupManagement] INFO  server.RaftServerConfigKeys (ConfUtils.java:logGet(46)) - raft.server.log.queue.byte-limit = 4294967296 (custom)
2023-08-25 11:32:50,407 [13d602e5-043f-4877-ab61-f2512eb11edb-groupManagement] INFO  server.RaftServerConfigKeys (ConfUtils.java:logGet(46)) - raft.server.log.queue.element-limit = 1024 (custom)
2023-08-25 11:32:50,407 [13d602e5-043f-4877-ab61-f2512eb11edb-groupManagement] INFO  server.RaftServerConfigKeys (ConfUtils.java:logGet(46)) - raft.server.log.segment.size.max = 1048576 (custom)
2023-08-25 11:32:50,407 [13d602e5-043f-4877-ab61-f2512eb11edb-groupManagement] INFO  server.RaftServerConfigKeys (ConfUtils.java:logGet(46)) - raft.server.log.preallocated.size = 16384 (custom)
2023-08-25 11:32:50,407 [13d602e5-043f-4877-ab61-f2512eb11edb-groupManagement] INFO  server.RaftServerConfigKeys (ConfUtils.java:logGet(46)) - raft.server.log.force.sync.num = 128 (default)
2023-08-25 11:32:50,407 [13d602e5-043f-4877-ab61-f2512eb11edb-groupManagement] INFO  server.RaftServerConfigKeys (ConfUtils.java:logGet(46)) - raft.server.log.statemachine.data.sync = true (default)
2023-08-25 11:32:50,407 [13d602e5-043f-4877-ab61-f2512eb11edb-groupManagement] INFO  server.RaftServerConfigKeys (ConfUtils.java:logGet(46)) - raft.server.log.statemachine.data.sync.timeout = 10s (default)
2023-08-25 11:32:50,407 [13d602e5-043f-4877-ab61-f2512eb11edb-groupManagement] INFO  server.RaftServerConfigKeys (ConfUtils.java:logGet(46)) - raft.server.log.statemachine.data.sync.timeout.retry = -1 (default)
2023-08-25 11:32:50,408 [13d602e5-043f-4877-ab61-f2512eb11edb-groupManagement] INFO  server.RaftServerConfigKeys (ConfUtils.java:logGet(46)) - raft.server.log.write.buffer.size = 1048576 (custom)
2023-08-25 11:32:50,409 [13d602e5-043f-4877-ab61-f2512eb11edb-groupManagement] INFO  server.RaftServerConfigKeys (ConfUtils.java:logGet(46)) - raft.server.log.appender.buffer.byte-limit = 33554432 (custom)
2023-08-25 11:32:50,420 [13d602e5-043f-4877-ab61-f2512eb11edb-groupManagement] INFO  server.RaftServerConfigKeys (ConfUtils.java:logGet(46)) - raft.server.log.unsafe-flush.enabled = false (default)
2023-08-25 11:32:50,421 [13d602e5-043f-4877-ab61-f2512eb11edb-groupManagement] INFO  server.RaftServerConfigKeys (ConfUtils.java:logGet(46)) - raft.server.log.async-flush.enabled = false (default)
2023-08-25 11:32:50,421 [13d602e5-043f-4877-ab61-f2512eb11edb-groupManagement] INFO  server.RaftServerConfigKeys (ConfUtils.java:logGet(46)) - raft.server.log.statemachine.data.caching.enabled = true (custom)
2023-08-25 11:32:50,421 [13d602e5-043f-4877-ab61-f2512eb11edb-groupManagement] INFO  segmented.SegmentedRaftLogWorker (SegmentedRaftLogWorker.java:lambda$new$0(135)) - 13d602e5-043f-4877-ab61-f2512eb11edb@group-2249AB9819A5-SegmentedRaftLogWorker: flushIndex: setUnconditionally 0 -> -1
2023-08-25 11:32:50,421 [13d602e5-043f-4877-ab61-f2512eb11edb-groupManagement] INFO  segmented.SegmentedRaftLogWorker (SegmentedRaftLogWorker.java:lambda$new$0(135)) - 13d602e5-043f-4877-ab61-f2512eb11edb@group-2249AB9819A5-SegmentedRaftLogWorker: safeCacheEvictIndex: setUnconditionally 0 -> -1
2023-08-25 11:32:50,422 [EventQueue-OpenPipelineForHealthyPipelineSafeModeRule] INFO  safemode.SCMSafeModeManager (HealthyPipelineSafeModeRule.java:process(137)) - SCM in safe mode. Healthy pipelines reported count is 0, required healthy pipeline reported count is 1
2023-08-25 11:32:50,426 [13d602e5-043f-4877-ab61-f2512eb11edb-groupManagement] INFO  server.RaftServer$Division (RaftServerImpl.java:start(342)) - 13d602e5-043f-4877-ab61-f2512eb11edb@group-2249AB9819A5: start as a follower, conf=-1: peers:[ead66fe0-0d51-45f6-a40c-8e2915dd9a2f|rpc:10.1.0.52:15032|admin:10.1.0.52:15031|client:10.1.0.52:15030|dataStream:10.1.0.52:15033|priority:1|startupRole:FOLLOWER, 13d602e5-043f-4877-ab61-f2512eb11edb|rpc:10.1.0.52:15023|admin:10.1.0.52:15022|client:10.1.0.52:15021|dataStream:10.1.0.52:15024|priority:0|startupRole:FOLLOWER, d411a2e9-f1e7-48ff-a207-5fb0a1d8b942|rpc:10.1.0.52:15014|admin:10.1.0.52:15013|client:10.1.0.52:15012|dataStream:10.1.0.52:15015|priority:0|startupRole:FOLLOWER]|listeners:[], old=null
2023-08-25 11:32:50,430 [13d602e5-043f-4877-ab61-f2512eb11edb-groupManagement] INFO  server.RaftServer$Division (RaftServerImpl.java:setRole(329)) - 13d602e5-043f-4877-ab61-f2512eb11edb@group-2249AB9819A5: changes role from      null to FOLLOWER at term 0 for startAsFollower
2023-08-25 11:32:50,425 [PipelineCommandHandlerThread-0] INFO  commandhandler.CreatePipelineCommandHandler (CreatePipelineCommandHandler.java:lambda$handle$2(124)) - Created Pipeline RATIS THREE PipelineID=bc177899-9391-40ce-8421-f23db3c01f23.
2023-08-25 11:32:50,434 [13d602e5-043f-4877-ab61-f2512eb11edb-groupManagement] INFO  impl.RoleInfo (RoleInfo.java:updateAndGet(139)) - 13d602e5-043f-4877-ab61-f2512eb11edb: start 13d602e5-043f-4877-ab61-f2512eb11edb@group-2249AB9819A5-FollowerState
2023-08-25 11:32:50,434 [PipelineCommandHandlerThread-0] INFO  server.RaftServer (RaftServerProxy.java:addNew(98)) - d411a2e9-f1e7-48ff-a207-5fb0a1d8b942: addNew group-2249AB9819A5:[ead66fe0-0d51-45f6-a40c-8e2915dd9a2f|rpc:10.1.0.52:15032|admin:10.1.0.52:15031|client:10.1.0.52:15030|dataStream:10.1.0.52:15033|priority:1|startupRole:FOLLOWER, 13d602e5-043f-4877-ab61-f2512eb11edb|rpc:10.1.0.52:15023|admin:10.1.0.52:15022|client:10.1.0.52:15021|dataStream:10.1.0.52:15024|priority:0|startupRole:FOLLOWER, d411a2e9-f1e7-48ff-a207-5fb0a1d8b942|rpc:10.1.0.52:15014|admin:10.1.0.52:15013|client:10.1.0.52:15012|dataStream:10.1.0.52:15015|priority:0|startupRole:FOLLOWER] returns group-2249AB9819A5:java.util.concurrent.CompletableFuture@497bb60f[Not completed]
2023-08-25 11:32:50,435 [13d602e5-043f-4877-ab61-f2512eb11edb@group-2249AB9819A5-FollowerState] INFO  server.RaftServerConfigKeys (ConfUtils.java:logFallback(53)) - raft.server.rpc.first-election.timeout.min = 5s (fallback to raft.server.rpc.timeout.min)
2023-08-25 11:32:50,435 [13d602e5-043f-4877-ab61-f2512eb11edb@group-2249AB9819A5-FollowerState] INFO  server.RaftServerConfigKeys (ConfUtils.java:logFallback(53)) - raft.server.rpc.first-election.timeout.max = 5200ms (fallback to raft.server.rpc.timeout.max)
2023-08-25 11:32:50,431 [PipelineCommandHandlerThread-0] INFO  server.RaftServer (RaftServerProxy.java:addNew(98)) - 4dcd1767-97a9-4f87-b8f8-fe0ca563ef05: addNew group-B4606A8FB28B:[4dcd1767-97a9-4f87-b8f8-fe0ca563ef05|rpc:10.1.0.52:15041|admin:10.1.0.52:15040|client:10.1.0.52:15039|dataStream:10.1.0.52:15042|priority:1|startupRole:FOLLOWER] returns group-B4606A8FB28B:java.util.concurrent.CompletableFuture@6b072a57[Not completed]
2023-08-25 11:32:50,436 [PipelineCommandHandlerThread-0] INFO  commandhandler.CreatePipelineCommandHandler (CreatePipelineCommandHandler.java:lambda$handle$2(124)) - Created Pipeline RATIS THREE PipelineID=bc177899-9391-40ce-8421-f23db3c01f23.
2023-08-25 11:32:50,434 [13d602e5-043f-4877-ab61-f2512eb11edb-groupManagement] INFO  util.JmxRegister (JmxRegister.java:tryRegister(44)) - Successfully registered JMX Bean with object name Ratis:service=RaftServer,group=group-2249AB9819A5,id=13d602e5-043f-4877-ab61-f2512eb11edb
2023-08-25 11:32:50,437 [13d602e5-043f-4877-ab61-f2512eb11edb-groupManagement] INFO  server.RaftServerConfigKeys (ConfUtils.java:logGet(46)) - raft.server.snapshot.auto.trigger.enabled = true (custom)
2023-08-25 11:32:50,437 [13d602e5-043f-4877-ab61-f2512eb11edb-groupManagement] INFO  server.RaftServerConfigKeys (ConfUtils.java:logGet(46)) - raft.server.snapshot.auto.trigger.threshold = 10000 (custom)
2023-08-25 11:32:50,437 [13d602e5-043f-4877-ab61-f2512eb11edb-groupManagement] INFO  server.RaftServerConfigKeys (ConfUtils.java:logGet(46)) - raft.server.snapshot.retention.file.num = 5 (custom)
2023-08-25 11:32:50,437 [13d602e5-043f-4877-ab61-f2512eb11edb-groupManagement] INFO  server.RaftServerConfigKeys (ConfUtils.java:logGet(46)) - raft.server.log.purge.upto.snapshot.index = false (default)
2023-08-25 11:32:50,441 [d411a2e9-f1e7-48ff-a207-5fb0a1d8b942-groupManagement] INFO  server.RaftServer$Division (RaftServerImpl.java:<init>(198)) - d411a2e9-f1e7-48ff-a207-5fb0a1d8b942: new RaftServerImpl for group-2249AB9819A5:[ead66fe0-0d51-45f6-a40c-8e2915dd9a2f|rpc:10.1.0.52:15032|admin:10.1.0.52:15031|client:10.1.0.52:15030|dataStream:10.1.0.52:15033|priority:1|startupRole:FOLLOWER, 13d602e5-043f-4877-ab61-f2512eb11edb|rpc:10.1.0.52:15023|admin:10.1.0.52:15022|client:10.1.0.52:15021|dataStream:10.1.0.52:15024|priority:0|startupRole:FOLLOWER, d411a2e9-f1e7-48ff-a207-5fb0a1d8b942|rpc:10.1.0.52:15014|admin:10.1.0.52:15013|client:10.1.0.52:15012|dataStream:10.1.0.52:15015|priority:0|startupRole:FOLLOWER] with ContainerStateMachine:uninitialized
2023-08-25 11:32:50,441 [d411a2e9-f1e7-48ff-a207-5fb0a1d8b942-groupManagement] INFO  server.RaftServerConfigKeys (ConfUtils.java:logGet(46)) - raft.server.rpc.timeout.min = 5s (custom)
2023-08-25 11:32:50,441 [d411a2e9-f1e7-48ff-a207-5fb0a1d8b942-groupManagement] INFO  server.RaftServerConfigKeys (ConfUtils.java:logGet(46)) - raft.server.rpc.timeout.max = 5200ms (custom)
2023-08-25 11:32:50,441 [d411a2e9-f1e7-48ff-a207-5fb0a1d8b942-groupManagement] INFO  server.RaftServerConfigKeys (ConfUtils.java:logGet(46)) - raft.server.rpc.sleep.time = 25ms (default)
2023-08-25 11:32:50,441 [d411a2e9-f1e7-48ff-a207-5fb0a1d8b942-groupManagement] INFO  server.RaftServerConfigKeys (ConfUtils.java:logGet(46)) - raft.server.rpc.slowness.timeout = 300s (custom)
2023-08-25 11:32:50,441 [d411a2e9-f1e7-48ff-a207-5fb0a1d8b942-groupManagement] INFO  server.RaftServerConfigKeys (ConfUtils.java:logGet(46)) - raft.server.leaderelection.leader.step-down.wait-time = 10s (default)
2023-08-25 11:32:50,441 [d411a2e9-f1e7-48ff-a207-5fb0a1d8b942-groupManagement] INFO  server.RaftServerConfigKeys (ConfUtils.java:logGet(46)) - raft.server.sleep.deviation.threshold = 300ms (default)
2023-08-25 11:32:50,442 [d411a2e9-f1e7-48ff-a207-5fb0a1d8b942-groupManagement] INFO  server.RaftServer$Division (ServerState.java:<init>(120)) - d411a2e9-f1e7-48ff-a207-5fb0a1d8b942@group-2249AB9819A5: ConfigurationManager, init=-1: peers:[ead66fe0-0d51-45f6-a40c-8e2915dd9a2f|rpc:10.1.0.52:15032|admin:10.1.0.52:15031|client:10.1.0.52:15030|dataStream:10.1.0.52:15033|priority:1|startupRole:FOLLOWER, 13d602e5-043f-4877-ab61-f2512eb11edb|rpc:10.1.0.52:15023|admin:10.1.0.52:15022|client:10.1.0.52:15021|dataStream:10.1.0.52:15024|priority:0|startupRole:FOLLOWER, d411a2e9-f1e7-48ff-a207-5fb0a1d8b942|rpc:10.1.0.52:15014|admin:10.1.0.52:15013|client:10.1.0.52:15012|dataStream:10.1.0.52:15015|priority:0|startupRole:FOLLOWER]|listeners:[], old=null, confs=<EMPTY_MAP>
2023-08-25 11:32:50,442 [d411a2e9-f1e7-48ff-a207-5fb0a1d8b942-groupManagement] INFO  server.RaftServerConfigKeys (ConfUtils.java:logGet(46)) - raft.server.storage.dir = [/home/runner/work/ozone/ozone/hadoop-ozone/integration-test/target/test-dir/MiniOzoneClusterImpl-168be1a3-dcaf-40a9-aa5d-bf8b77a61b73/datanode-0/data/ratis] (custom)
2023-08-25 11:32:50,442 [d411a2e9-f1e7-48ff-a207-5fb0a1d8b942-groupManagement] INFO  server.RaftServerConfigKeys (ConfUtils.java:logGet(46)) - raft.server.log.corruption.policy = EXCEPTION (default)
2023-08-25 11:32:50,442 [d411a2e9-f1e7-48ff-a207-5fb0a1d8b942-groupManagement] INFO  server.RaftServerConfigKeys (ConfUtils.java:logGet(46)) - raft.server.storage.free-space.min = 0MB (=0) (default)
2023-08-25 11:32:50,442 [d411a2e9-f1e7-48ff-a207-5fb0a1d8b942-groupManagement] INFO  server.RaftServerConfigKeys (ConfUtils.java:logGet(46)) - raft.server.notification.no-leader.timeout = 300s (custom)
2023-08-25 11:32:50,442 [d411a2e9-f1e7-48ff-a207-5fb0a1d8b942-groupManagement] INFO  server.RaftServerConfigKeys (ConfUtils.java:logGet(46)) - raft.server.read.timeout = 10s (default)
2023-08-25 11:32:50,442 [d411a2e9-f1e7-48ff-a207-5fb0a1d8b942-groupManagement] INFO  server.RaftServerConfigKeys (ConfUtils.java:logGet(46)) - raft.server.retrycache.expirytime = 600000ms (custom)
2023-08-25 11:32:50,442 [d411a2e9-f1e7-48ff-a207-5fb0a1d8b942-groupManagement] INFO  server.RaftServerConfigKeys (ConfUtils.java:logGet(46)) - raft.server.retrycache.statistics.expirytime = 100μs (default)
2023-08-25 11:32:50,442 [d411a2e9-f1e7-48ff-a207-5fb0a1d8b942-groupManagement] INFO  server.RaftServerConfigKeys (ConfUtils.java:logGet(46)) - raft.server.read.option = DEFAULT (default)
2023-08-25 11:32:50,444 [d411a2e9-f1e7-48ff-a207-5fb0a1d8b942-groupManagement] INFO  server.RaftServerConfigKeys (ConfUtils.java:logGet(46)) - raft.server.rpc.request.timeout = 60s (custom)
2023-08-25 11:32:50,444 [d411a2e9-f1e7-48ff-a207-5fb0a1d8b942-groupManagement] INFO  server.RaftServerConfigKeys (ConfUtils.java:logGet(46)) - raft.server.log.appender.install.snapshot.enabled = false (custom)
2023-08-25 11:32:50,444 [d411a2e9-f1e7-48ff-a207-5fb0a1d8b942-groupManagement] INFO  server.RaftServerConfigKeys (ConfUtils.java:logGet(46)) - raft.server.threadpool.server.cached = true (default)
2023-08-25 11:32:50,444 [d411a2e9-f1e7-48ff-a207-5fb0a1d8b942-groupManagement] INFO  server.RaftServerConfigKeys (ConfUtils.java:logGet(46)) - raft.server.threadpool.server.size = 0 (default)
2023-08-25 11:32:50,444 [d411a2e9-f1e7-48ff-a207-5fb0a1d8b942-groupManagement] INFO  server.RaftServerConfigKeys (ConfUtils.java:logGet(46)) - raft.server.threadpool.client.cached = true (default)
2023-08-25 11:32:50,444 [d411a2e9-f1e7-48ff-a207-5fb0a1d8b942-groupManagement] INFO  server.RaftServerConfigKeys (ConfUtils.java:logGet(46)) - raft.server.threadpool.client.size = 0 (default)
2023-08-25 11:32:50,444 [d411a2e9-f1e7-48ff-a207-5fb0a1d8b942-groupManagement] INFO  storage.RaftStorageDirectory (RaftStorageDirectoryImpl.java:analyzeStorage(137)) - The storage directory /home/runner/work/ozone/ozone/hadoop-ozone/integration-test/target/test-dir/MiniOzoneClusterImpl-168be1a3-dcaf-40a9-aa5d-bf8b77a61b73/datanode-0/data/ratis/48a8aa35-3969-4b40-9daf-2249ab9819a5 does not exist. Creating ...
2023-08-25 11:32:50,447 [4dcd1767-97a9-4f87-b8f8-fe0ca563ef05-groupManagement] INFO  server.RaftServer$Division (RaftServerImpl.java:<init>(198)) - 4dcd1767-97a9-4f87-b8f8-fe0ca563ef05: new RaftServerImpl for group-B4606A8FB28B:[4dcd1767-97a9-4f87-b8f8-fe0ca563ef05|rpc:10.1.0.52:15041|admin:10.1.0.52:15040|client:10.1.0.52:15039|dataStream:10.1.0.52:15042|priority:1|startupRole:FOLLOWER] with ContainerStateMachine:uninitialized
2023-08-25 11:32:50,450 [4dcd1767-97a9-4f87-b8f8-fe0ca563ef05-groupManagement] INFO  server.RaftServerConfigKeys (ConfUtils.java:logGet(46)) - raft.server.rpc.timeout.min = 5s (custom)
2023-08-25 11:32:50,450 [4dcd1767-97a9-4f87-b8f8-fe0ca563ef05-groupManagement] INFO  server.RaftServerConfigKeys (ConfUtils.java:logGet(46)) - raft.server.rpc.timeout.max = 5200ms (custom)
2023-08-25 11:32:50,450 [4dcd1767-97a9-4f87-b8f8-fe0ca563ef05-groupManagement] INFO  server.RaftServerConfigKeys (ConfUtils.java:logGet(46)) - raft.server.rpc.sleep.time = 25ms (default)
2023-08-25 11:32:50,450 [4dcd1767-97a9-4f87-b8f8-fe0ca563ef05-groupManagement] INFO  server.RaftServerConfigKeys (ConfUtils.java:logGet(46)) - raft.server.rpc.slowness.timeout = 300s (custom)
2023-08-25 11:32:50,450 [4dcd1767-97a9-4f87-b8f8-fe0ca563ef05-groupManagement] INFO  server.RaftServerConfigKeys (ConfUtils.java:logGet(46)) - raft.server.leaderelection.leader.step-down.wait-time = 10s (default)
2023-08-25 11:32:50,450 [4dcd1767-97a9-4f87-b8f8-fe0ca563ef05-groupManagement] INFO  server.RaftServerConfigKeys (ConfUtils.java:logGet(46)) - raft.server.sleep.deviation.threshold = 300ms (default)
2023-08-25 11:32:50,450 [4dcd1767-97a9-4f87-b8f8-fe0ca563ef05-groupManagement] INFO  server.RaftServer$Division (ServerState.java:<init>(120)) - 4dcd1767-97a9-4f87-b8f8-fe0ca563ef05@group-B4606A8FB28B: ConfigurationManager, init=-1: peers:[4dcd1767-97a9-4f87-b8f8-fe0ca563ef05|rpc:10.1.0.52:15041|admin:10.1.0.52:15040|client:10.1.0.52:15039|dataStream:10.1.0.52:15042|priority:1|startupRole:FOLLOWER]|listeners:[], old=null, confs=<EMPTY_MAP>
2023-08-25 11:32:50,450 [4dcd1767-97a9-4f87-b8f8-fe0ca563ef05-groupManagement] INFO  server.RaftServerConfigKeys (ConfUtils.java:logGet(46)) - raft.server.storage.dir = [/home/runner/work/ozone/ozone/hadoop-ozone/integration-test/target/test-dir/MiniOzoneClusterImpl-168be1a3-dcaf-40a9-aa5d-bf8b77a61b73/datanode-3/data/ratis] (custom)
2023-08-25 11:32:50,451 [4dcd1767-97a9-4f87-b8f8-fe0ca563ef05-groupManagement] INFO  server.RaftServerConfigKeys (ConfUtils.java:logGet(46)) - raft.server.log.corruption.policy = EXCEPTION (default)
2023-08-25 11:32:50,451 [4dcd1767-97a9-4f87-b8f8-fe0ca563ef05-groupManagement] INFO  server.RaftServerConfigKeys (ConfUtils.java:logGet(46)) - raft.server.storage.free-space.min = 0MB (=0) (default)
2023-08-25 11:32:50,451 [4dcd1767-97a9-4f87-b8f8-fe0ca563ef05-groupManagement] INFO  server.RaftServerConfigKeys (ConfUtils.java:logGet(46)) - raft.server.notification.no-leader.timeout = 300s (custom)
2023-08-25 11:32:50,451 [4dcd1767-97a9-4f87-b8f8-fe0ca563ef05-groupManagement] INFO  server.RaftServerConfigKeys (ConfUtils.java:logGet(46)) - raft.server.read.timeout = 10s (default)
2023-08-25 11:32:50,451 [4dcd1767-97a9-4f87-b8f8-fe0ca563ef05-groupManagement] INFO  server.RaftServerConfigKeys (ConfUtils.java:logGet(46)) - raft.server.retrycache.expirytime = 600000ms (custom)
2023-08-25 11:32:50,451 [4dcd1767-97a9-4f87-b8f8-fe0ca563ef05-groupManagement] INFO  server.RaftServerConfigKeys (ConfUtils.java:logGet(46)) - raft.server.retrycache.statistics.expirytime = 100μs (default)
2023-08-25 11:32:50,451 [4dcd1767-97a9-4f87-b8f8-fe0ca563ef05-groupManagement] INFO  server.RaftServerConfigKeys (ConfUtils.java:logGet(46)) - raft.server.read.option = DEFAULT (default)
2023-08-25 11:32:50,454 [4dcd1767-97a9-4f87-b8f8-fe0ca563ef05-groupManagement] INFO  server.RaftServerConfigKeys (ConfUtils.java:logGet(46)) - raft.server.rpc.request.timeout = 60s (custom)
2023-08-25 11:32:50,454 [d411a2e9-f1e7-48ff-a207-5fb0a1d8b942-groupManagement] INFO  storage.RaftStorageDirectory (RaftStorageDirectoryImpl.java:tryLock(231)) - Lock on /home/runner/work/ozone/ozone/hadoop-ozone/integration-test/target/test-dir/MiniOzoneClusterImpl-168be1a3-dcaf-40a9-aa5d-bf8b77a61b73/datanode-0/data/ratis/48a8aa35-3969-4b40-9daf-2249ab9819a5/in_use.lock acquired by nodename 61563@fv-az508-118
2023-08-25 11:32:50,455 [4dcd1767-97a9-4f87-b8f8-fe0ca563ef05-groupManagement] INFO  server.RaftServerConfigKeys (ConfUtils.java:logGet(46)) - raft.server.log.appender.install.snapshot.enabled = false (custom)
2023-08-25 11:32:50,455 [4dcd1767-97a9-4f87-b8f8-fe0ca563ef05-groupManagement] INFO  server.RaftServerConfigKeys (ConfUtils.java:logGet(46)) - raft.server.threadpool.server.cached = true (default)
2023-08-25 11:32:50,455 [4dcd1767-97a9-4f87-b8f8-fe0ca563ef05-groupManagement] INFO  server.RaftServerConfigKeys (ConfUtils.java:logGet(46)) - raft.server.threadpool.server.size = 0 (default)
2023-08-25 11:32:50,455 [4dcd1767-97a9-4f87-b8f8-fe0ca563ef05-groupManagement] INFO  server.RaftServerConfigKeys (ConfUtils.java:logGet(46)) - raft.server.threadpool.client.cached = true (default)
2023-08-25 11:32:50,455 [4dcd1767-97a9-4f87-b8f8-fe0ca563ef05-groupManagement] INFO  server.RaftServerConfigKeys (ConfUtils.java:logGet(46)) - raft.server.threadpool.client.size = 0 (default)
2023-08-25 11:32:50,455 [4dcd1767-97a9-4f87-b8f8-fe0ca563ef05-groupManagement] INFO  storage.RaftStorageDirectory (RaftStorageDirectoryImpl.java:analyzeStorage(137)) - The storage directory /home/runner/work/ozone/ozone/hadoop-ozone/integration-test/target/test-dir/MiniOzoneClusterImpl-168be1a3-dcaf-40a9-aa5d-bf8b77a61b73/datanode-3/data/ratis/b6fbd096-0fbb-4de9-9930-b4606a8fb28b does not exist. Creating ...
2023-08-25 11:32:50,456 [d411a2e9-f1e7-48ff-a207-5fb0a1d8b942-groupManagement] INFO  storage.RaftStorage (RaftStorageImpl.java:format(96)) - Storage directory /home/runner/work/ozone/ozone/hadoop-ozone/integration-test/target/test-dir/MiniOzoneClusterImpl-168be1a3-dcaf-40a9-aa5d-bf8b77a61b73/datanode-0/data/ratis/48a8aa35-3969-4b40-9daf-2249ab9819a5 has been successfully formatted.
2023-08-25 11:32:50,457 [d411a2e9-f1e7-48ff-a207-5fb0a1d8b942-groupManagement] INFO  ratis.ContainerStateMachine (ContainerStateMachine.java:loadSnapshot(262)) - group-2249AB9819A5: The snapshot info is null. Setting the last applied indexto:(t:0, i:~)
2023-08-25 11:32:50,457 [d411a2e9-f1e7-48ff-a207-5fb0a1d8b942-groupManagement] INFO  server.RaftServerConfigKeys (ConfUtils.java:logGet(46)) - raft.server.log.use.memory = false (default)
2023-08-25 11:32:50,457 [d411a2e9-f1e7-48ff-a207-5fb0a1d8b942-groupManagement] INFO  server.RaftServerConfigKeys (ConfUtils.java:logGet(46)) - raft.server.log.purge.gap = 1000000 (custom)
2023-08-25 11:32:50,458 [d411a2e9-f1e7-48ff-a207-5fb0a1d8b942-groupManagement] INFO  server.RaftServerConfigKeys (ConfUtils.java:logGet(46)) - raft.server.log.appender.buffer.byte-limit = 33554432 (custom)
2023-08-25 11:32:50,458 [d411a2e9-f1e7-48ff-a207-5fb0a1d8b942-groupManagement] INFO  server.RaftServerConfigKeys (ConfUtils.java:logGet(46)) - raft.server.log.statemachine.data.read.timeout = 1000ms (default)
2023-08-25 11:32:50,458 [d411a2e9-f1e7-48ff-a207-5fb0a1d8b942-groupManagement] INFO  server.RaftServerConfigKeys (ConfUtils.java:logGet(46)) - raft.server.log.purge.preservation.log.num = 0 (default)
2023-08-25 11:32:50,459 [d411a2e9-f1e7-48ff-a207-5fb0a1d8b942-groupManagement] INFO  server.RaftServerConfigKeys (ConfUtils.java:logGet(46)) - raft.server.log.segment.size.max = 1048576 (custom)
2023-08-25 11:32:50,471 [d411a2e9-f1e7-48ff-a207-5fb0a1d8b942-groupManagement] INFO  server.RaftServerConfigKeys (ConfUtils.java:logGet(46)) - raft.server.log.segment.cache.num.max = 2 (custom)
2023-08-25 11:32:50,471 [d411a2e9-f1e7-48ff-a207-5fb0a1d8b942-groupManagement] INFO  server.RaftServerConfigKeys (ConfUtils.java:logGet(46)) - raft.server.log.segment.cache.size.max = 200MB (=209715200) (default)
2023-08-25 11:32:50,471 [d411a2e9-f1e7-48ff-a207-5fb0a1d8b942-groupManagement] INFO  server.RaftServerConfigKeys (ConfUtils.java:logGet(46)) - raft.server.log.appender.buffer.byte-limit = 33554432 (custom)
2023-08-25 11:32:50,471 [d411a2e9-f1e7-48ff-a207-5fb0a1d8b942-groupManagement] INFO  segmented.SegmentedRaftLogWorker (SegmentedRaftLogWorker.java:<init>(188)) - new d411a2e9-f1e7-48ff-a207-5fb0a1d8b942@group-2249AB9819A5-SegmentedRaftLogWorker for RaftStorageImpl:Storage Directory /home/runner/work/ozone/ozone/hadoop-ozone/integration-test/target/test-dir/MiniOzoneClusterImpl-168be1a3-dcaf-40a9-aa5d-bf8b77a61b73/datanode-0/data/ratis/48a8aa35-3969-4b40-9daf-2249ab9819a5
2023-08-25 11:32:50,471 [d411a2e9-f1e7-48ff-a207-5fb0a1d8b942-groupManagement] INFO  server.RaftServerConfigKeys (ConfUtils.java:logGet(46)) - raft.server.log.queue.byte-limit = 4294967296 (custom)
2023-08-25 11:32:50,471 [d411a2e9-f1e7-48ff-a207-5fb0a1d8b942-groupManagement] INFO  server.RaftServerConfigKeys (ConfUtils.java:logGet(46)) - raft.server.log.queue.element-limit = 1024 (custom)
2023-08-25 11:32:50,471 [d411a2e9-f1e7-48ff-a207-5fb0a1d8b942-groupManagement] INFO  server.RaftServerConfigKeys (ConfUtils.java:logGet(46)) - raft.server.log.segment.size.max = 1048576 (custom)
2023-08-25 11:32:50,471 [d411a2e9-f1e7-48ff-a207-5fb0a1d8b942-groupManagement] INFO  server.RaftServerConfigKeys (ConfUtils.java:logGet(46)) - raft.server.log.preallocated.size = 16384 (custom)
2023-08-25 11:32:50,471 [d411a2e9-f1e7-48ff-a207-5fb0a1d8b942-groupManagement] INFO  server.RaftServerConfigKeys (ConfUtils.java:logGet(46)) - raft.server.log.force.sync.num = 128 (default)
2023-08-25 11:32:50,471 [d411a2e9-f1e7-48ff-a207-5fb0a1d8b942-groupManagement] INFO  server.RaftServerConfigKeys (ConfUtils.java:logGet(46)) - raft.server.log.statemachine.data.sync = true (default)
2023-08-25 11:32:50,471 [d411a2e9-f1e7-48ff-a207-5fb0a1d8b942-groupManagement] INFO  server.RaftServerConfigKeys (ConfUtils.java:logGet(46)) - raft.server.log.statemachine.data.sync.timeout = 10s (default)
2023-08-25 11:32:50,472 [d411a2e9-f1e7-48ff-a207-5fb0a1d8b942-groupManagement] INFO  server.RaftServerConfigKeys (ConfUtils.java:logGet(46)) - raft.server.log.statemachine.data.sync.timeout.retry = -1 (default)
2023-08-25 11:32:50,459 [4dcd1767-97a9-4f87-b8f8-fe0ca563ef05-groupManagement] INFO  storage.RaftStorageDirectory (RaftStorageDirectoryImpl.java:tryLock(231)) - Lock on /home/runner/work/ozone/ozone/hadoop-ozone/integration-test/target/test-dir/MiniOzoneClusterImpl-168be1a3-dcaf-40a9-aa5d-bf8b77a61b73/datanode-3/data/ratis/b6fbd096-0fbb-4de9-9930-b4606a8fb28b/in_use.lock acquired by nodename 61563@fv-az508-118
2023-08-25 11:32:50,464 [EventQueue-OpenPipelineForHealthyPipelineSafeModeRule] INFO  safemode.SCMSafeModeManager (HealthyPipelineSafeModeRule.java:process(137)) - SCM in safe mode. Healthy pipelines reported count is 0, required healthy pipeline reported count is 1
2023-08-25 11:32:50,477 [4dcd1767-97a9-4f87-b8f8-fe0ca563ef05-groupManagement] INFO  storage.RaftStorage (RaftStorageImpl.java:format(96)) - Storage directory /home/runner/work/ozone/ozone/hadoop-ozone/integration-test/target/test-dir/MiniOzoneClusterImpl-168be1a3-dcaf-40a9-aa5d-bf8b77a61b73/datanode-3/data/ratis/b6fbd096-0fbb-4de9-9930-b4606a8fb28b has been successfully formatted.
2023-08-25 11:32:50,479 [4dcd1767-97a9-4f87-b8f8-fe0ca563ef05-groupManagement] INFO  ratis.ContainerStateMachine (ContainerStateMachine.java:loadSnapshot(262)) - group-B4606A8FB28B: The snapshot info is null. Setting the last applied indexto:(t:0, i:~)
2023-08-25 11:32:50,479 [4dcd1767-97a9-4f87-b8f8-fe0ca563ef05-groupManagement] INFO  server.RaftServerConfigKeys (ConfUtils.java:logGet(46)) - raft.server.log.use.memory = false (default)
2023-08-25 11:32:50,479 [4dcd1767-97a9-4f87-b8f8-fe0ca563ef05-groupManagement] INFO  server.RaftServerConfigKeys (ConfUtils.java:logGet(46)) - raft.server.log.purge.gap = 1000000 (custom)
2023-08-25 11:32:50,479 [4dcd1767-97a9-4f87-b8f8-fe0ca563ef05-groupManagement] INFO  server.RaftServerConfigKeys (ConfUtils.java:logGet(46)) - raft.server.log.appender.buffer.byte-limit = 33554432 (custom)
2023-08-25 11:32:50,480 [4dcd1767-97a9-4f87-b8f8-fe0ca563ef05-groupManagement] INFO  server.RaftServerConfigKeys (ConfUtils.java:logGet(46)) - raft.server.log.statemachine.data.read.timeout = 1000ms (default)
2023-08-25 11:32:50,481 [4dcd1767-97a9-4f87-b8f8-fe0ca563ef05-groupManagement] INFO  server.RaftServerConfigKeys (ConfUtils.java:logGet(46)) - raft.server.log.purge.preservation.log.num = 0 (default)
2023-08-25 11:32:50,482 [4dcd1767-97a9-4f87-b8f8-fe0ca563ef05-groupManagement] INFO  server.RaftServerConfigKeys (ConfUtils.java:logGet(46)) - raft.server.log.segment.size.max = 1048576 (custom)
2023-08-25 11:32:50,483 [4dcd1767-97a9-4f87-b8f8-fe0ca563ef05-groupManagement] INFO  server.RaftServerConfigKeys (ConfUtils.java:logGet(46)) - raft.server.log.segment.cache.num.max = 2 (custom)
2023-08-25 11:32:50,483 [4dcd1767-97a9-4f87-b8f8-fe0ca563ef05-groupManagement] INFO  server.RaftServerConfigKeys (ConfUtils.java:logGet(46)) - raft.server.log.segment.cache.size.max = 200MB (=209715200) (default)
2023-08-25 11:32:50,483 [4dcd1767-97a9-4f87-b8f8-fe0ca563ef05-groupManagement] INFO  server.RaftServerConfigKeys (ConfUtils.java:logGet(46)) - raft.server.log.appender.buffer.byte-limit = 33554432 (custom)
2023-08-25 11:32:50,483 [4dcd1767-97a9-4f87-b8f8-fe0ca563ef05-groupManagement] INFO  segmented.SegmentedRaftLogWorker (SegmentedRaftLogWorker.java:<init>(188)) - new 4dcd1767-97a9-4f87-b8f8-fe0ca563ef05@group-B4606A8FB28B-SegmentedRaftLogWorker for RaftStorageImpl:Storage Directory /home/runner/work/ozone/ozone/hadoop-ozone/integration-test/target/test-dir/MiniOzoneClusterImpl-168be1a3-dcaf-40a9-aa5d-bf8b77a61b73/datanode-3/data/ratis/b6fbd096-0fbb-4de9-9930-b4606a8fb28b
2023-08-25 11:32:50,483 [4dcd1767-97a9-4f87-b8f8-fe0ca563ef05-groupManagement] INFO  server.RaftServerConfigKeys (ConfUtils.java:logGet(46)) - raft.server.log.queue.byte-limit = 4294967296 (custom)
2023-08-25 11:32:50,483 [4dcd1767-97a9-4f87-b8f8-fe0ca563ef05-groupManagement] INFO  server.RaftServerConfigKeys (ConfUtils.java:logGet(46)) - raft.server.log.queue.element-limit = 1024 (custom)
2023-08-25 11:32:50,483 [4dcd1767-97a9-4f87-b8f8-fe0ca563ef05-groupManagement] INFO  server.RaftServerConfigKeys (ConfUtils.java:logGet(46)) - raft.server.log.segment.size.max = 1048576 (custom)
2023-08-25 11:32:50,484 [4dcd1767-97a9-4f87-b8f8-fe0ca563ef05-groupManagement] INFO  server.RaftServerConfigKeys (ConfUtils.java:logGet(46)) - raft.server.log.preallocated.size = 16384 (custom)
2023-08-25 11:32:50,484 [4dcd1767-97a9-4f87-b8f8-fe0ca563ef05-groupManagement] INFO  server.RaftServerConfigKeys (ConfUtils.java:logGet(46)) - raft.server.log.force.sync.num = 128 (default)
2023-08-25 11:32:50,484 [EventQueue-PipelineReportForPipelineReportHandler] INFO  pipeline.PipelineReportHandler (PipelineReportHandler.java:processPipelineReport(136)) - Opened pipeline PipelineID=b6fbd096-0fbb-4de9-9930-b4606a8fb28b
2023-08-25 11:32:50,484 [EventQueue-OpenPipelineForHealthyPipelineSafeModeRule] INFO  safemode.SCMSafeModeManager (HealthyPipelineSafeModeRule.java:process(137)) - SCM in safe mode. Healthy pipelines reported count is 0, required healthy pipeline reported count is 1
2023-08-25 11:32:50,484 [4dcd1767-97a9-4f87-b8f8-fe0ca563ef05-groupManagement] INFO  server.RaftServerConfigKeys (ConfUtils.java:logGet(46)) - raft.server.log.statemachine.data.sync = true (default)
2023-08-25 11:32:50,485 [4dcd1767-97a9-4f87-b8f8-fe0ca563ef05-groupManagement] INFO  server.RaftServerConfigKeys (ConfUtils.java:logGet(46)) - raft.server.log.statemachine.data.sync.timeout = 10s (default)
2023-08-25 11:32:50,485 [4dcd1767-97a9-4f87-b8f8-fe0ca563ef05-groupManagement] INFO  server.RaftServerConfigKeys (ConfUtils.java:logGet(46)) - raft.server.log.statemachine.data.sync.timeout.retry = -1 (default)
2023-08-25 11:32:50,485 [d411a2e9-f1e7-48ff-a207-5fb0a1d8b942-groupManagement] INFO  server.RaftServerConfigKeys (ConfUtils.java:logGet(46)) - raft.server.log.write.buffer.size = 1048576 (custom)
2023-08-25 11:32:50,486 [4dcd1767-97a9-4f87-b8f8-fe0ca563ef05-groupManagement] INFO  server.RaftServerConfigKeys (ConfUtils.java:logGet(46)) - raft.server.log.write.buffer.size = 1048576 (custom)
2023-08-25 11:32:50,486 [d411a2e9-f1e7-48ff-a207-5fb0a1d8b942-groupManagement] INFO  server.RaftServerConfigKeys (ConfUtils.java:logGet(46)) - raft.server.log.appender.buffer.byte-limit = 33554432 (custom)
2023-08-25 11:32:50,488 [4dcd1767-97a9-4f87-b8f8-fe0ca563ef05-groupManagement] INFO  server.RaftServerConfigKeys (ConfUtils.java:logGet(46)) - raft.server.log.appender.buffer.byte-limit = 33554432 (custom)
2023-08-25 11:32:50,498 [d411a2e9-f1e7-48ff-a207-5fb0a1d8b942-groupManagement] INFO  server.RaftServerConfigKeys (ConfUtils.java:logGet(46)) - raft.server.log.unsafe-flush.enabled = false (default)
2023-08-25 11:32:50,499 [d411a2e9-f1e7-48ff-a207-5fb0a1d8b942-groupManagement] INFO  server.RaftServerConfigKeys (ConfUtils.java:logGet(46)) - raft.server.log.async-flush.enabled = false (default)
2023-08-25 11:32:50,499 [d411a2e9-f1e7-48ff-a207-5fb0a1d8b942-groupManagement] INFO  server.RaftServerConfigKeys (ConfUtils.java:logGet(46)) - raft.server.log.statemachine.data.caching.enabled = true (custom)
2023-08-25 11:32:50,499 [d411a2e9-f1e7-48ff-a207-5fb0a1d8b942-groupManagement] INFO  segmented.SegmentedRaftLogWorker (SegmentedRaftLogWorker.java:lambda$new$0(135)) - d411a2e9-f1e7-48ff-a207-5fb0a1d8b942@group-2249AB9819A5-SegmentedRaftLogWorker: flushIndex: setUnconditionally 0 -> -1
2023-08-25 11:32:50,500 [d411a2e9-f1e7-48ff-a207-5fb0a1d8b942-groupManagement] INFO  segmented.SegmentedRaftLogWorker (SegmentedRaftLogWorker.java:lambda$new$0(135)) - d411a2e9-f1e7-48ff-a207-5fb0a1d8b942@group-2249AB9819A5-SegmentedRaftLogWorker: safeCacheEvictIndex: setUnconditionally 0 -> -1
2023-08-25 11:32:50,502 [4dcd1767-97a9-4f87-b8f8-fe0ca563ef05-groupManagement] INFO  server.RaftServerConfigKeys (ConfUtils.java:logGet(46)) - raft.server.log.unsafe-flush.enabled = false (default)
2023-08-25 11:32:50,509 [4dcd1767-97a9-4f87-b8f8-fe0ca563ef05-groupManagement] INFO  server.RaftServerConfigKeys (ConfUtils.java:logGet(46)) - raft.server.log.async-flush.enabled = false (default)
2023-08-25 11:32:50,509 [4dcd1767-97a9-4f87-b8f8-fe0ca563ef05-groupManagement] INFO  server.RaftServerConfigKeys (ConfUtils.java:logGet(46)) - raft.server.log.statemachine.data.caching.enabled = true (custom)
2023-08-25 11:32:50,508 [d411a2e9-f1e7-48ff-a207-5fb0a1d8b942-groupManagement] INFO  server.RaftServer$Division (RaftServerImpl.java:start(342)) - d411a2e9-f1e7-48ff-a207-5fb0a1d8b942@group-2249AB9819A5: start as a follower, conf=-1: peers:[ead66fe0-0d51-45f6-a40c-8e2915dd9a2f|rpc:10.1.0.52:15032|admin:10.1.0.52:15031|client:10.1.0.52:15030|dataStream:10.1.0.52:15033|priority:1|startupRole:FOLLOWER, 13d602e5-043f-4877-ab61-f2512eb11edb|rpc:10.1.0.52:15023|admin:10.1.0.52:15022|client:10.1.0.52:15021|dataStream:10.1.0.52:15024|priority:0|startupRole:FOLLOWER, d411a2e9-f1e7-48ff-a207-5fb0a1d8b942|rpc:10.1.0.52:15014|admin:10.1.0.52:15013|client:10.1.0.52:15012|dataStream:10.1.0.52:15015|priority:0|startupRole:FOLLOWER]|listeners:[], old=null
2023-08-25 11:32:50,510 [4dcd1767-97a9-4f87-b8f8-fe0ca563ef05-groupManagement] INFO  segmented.SegmentedRaftLogWorker (SegmentedRaftLogWorker.java:lambda$new$0(135)) - 4dcd1767-97a9-4f87-b8f8-fe0ca563ef05@group-B4606A8FB28B-SegmentedRaftLogWorker: flushIndex: setUnconditionally 0 -> -1
2023-08-25 11:32:50,510 [d411a2e9-f1e7-48ff-a207-5fb0a1d8b942-groupManagement] INFO  server.RaftServer$Division (RaftServerImpl.java:setRole(329)) - d411a2e9-f1e7-48ff-a207-5fb0a1d8b942@group-2249AB9819A5: changes role from      null to FOLLOWER at term 0 for startAsFollower
2023-08-25 11:32:50,514 [d411a2e9-f1e7-48ff-a207-5fb0a1d8b942-groupManagement] INFO  impl.RoleInfo (RoleInfo.java:updateAndGet(139)) - d411a2e9-f1e7-48ff-a207-5fb0a1d8b942: start d411a2e9-f1e7-48ff-a207-5fb0a1d8b942@group-2249AB9819A5-FollowerState
2023-08-25 11:32:50,513 [4dcd1767-97a9-4f87-b8f8-fe0ca563ef05-groupManagement] INFO  segmented.SegmentedRaftLogWorker (SegmentedRaftLogWorker.java:lambda$new$0(135)) - 4dcd1767-97a9-4f87-b8f8-fe0ca563ef05@group-B4606A8FB28B-SegmentedRaftLogWorker: safeCacheEvictIndex: setUnconditionally 0 -> -1
2023-08-25 11:32:50,514 [d411a2e9-f1e7-48ff-a207-5fb0a1d8b942-groupManagement] INFO  util.JmxRegister (JmxRegister.java:tryRegister(44)) - Successfully registered JMX Bean with object name Ratis:service=RaftServer,group=group-2249AB9819A5,id=d411a2e9-f1e7-48ff-a207-5fb0a1d8b942
2023-08-25 11:32:50,514 [d411a2e9-f1e7-48ff-a207-5fb0a1d8b942-groupManagement] INFO  server.RaftServerConfigKeys (ConfUtils.java:logGet(46)) - raft.server.snapshot.auto.trigger.enabled = true (custom)
2023-08-25 11:32:50,515 [d411a2e9-f1e7-48ff-a207-5fb0a1d8b942-groupManagement] INFO  server.RaftServerConfigKeys (ConfUtils.java:logGet(46)) - raft.server.snapshot.auto.trigger.threshold = 10000 (custom)
2023-08-25 11:32:50,515 [d411a2e9-f1e7-48ff-a207-5fb0a1d8b942-groupManagement] INFO  server.RaftServerConfigKeys (ConfUtils.java:logGet(46)) - raft.server.snapshot.retention.file.num = 5 (custom)
2023-08-25 11:32:50,515 [d411a2e9-f1e7-48ff-a207-5fb0a1d8b942-groupManagement] INFO  server.RaftServerConfigKeys (ConfUtils.java:logGet(46)) - raft.server.log.purge.upto.snapshot.index = false (default)
2023-08-25 11:32:50,517 [d411a2e9-f1e7-48ff-a207-5fb0a1d8b942@group-2249AB9819A5-FollowerState] INFO  server.RaftServerConfigKeys (ConfUtils.java:logFallback(53)) - raft.server.rpc.first-election.timeout.min = 5s (fallback to raft.server.rpc.timeout.min)
2023-08-25 11:32:50,517 [d411a2e9-f1e7-48ff-a207-5fb0a1d8b942@group-2249AB9819A5-FollowerState] INFO  server.RaftServerConfigKeys (ConfUtils.java:logFallback(53)) - raft.server.rpc.first-election.timeout.max = 5200ms (fallback to raft.server.rpc.timeout.max)
2023-08-25 11:32:50,519 [PipelineCommandHandlerThread-0] INFO  ratis.XceiverServerRatis (XceiverServerRatis.java:addGroup(804)) - Created group PipelineID=48a8aa35-3969-4b40-9daf-2249ab9819a5
2023-08-25 11:32:50,526 [4dcd1767-97a9-4f87-b8f8-fe0ca563ef05-groupManagement] INFO  server.RaftServer$Division (RaftServerImpl.java:start(342)) - 4dcd1767-97a9-4f87-b8f8-fe0ca563ef05@group-B4606A8FB28B: start as a follower, conf=-1: peers:[4dcd1767-97a9-4f87-b8f8-fe0ca563ef05|rpc:10.1.0.52:15041|admin:10.1.0.52:15040|client:10.1.0.52:15039|dataStream:10.1.0.52:15042|priority:1|startupRole:FOLLOWER]|listeners:[], old=null
2023-08-25 11:32:50,526 [4dcd1767-97a9-4f87-b8f8-fe0ca563ef05-groupManagement] INFO  server.RaftServer$Division (RaftServerImpl.java:setRole(329)) - 4dcd1767-97a9-4f87-b8f8-fe0ca563ef05@group-B4606A8FB28B: changes role from      null to FOLLOWER at term 0 for startAsFollower
2023-08-25 11:32:50,526 [4dcd1767-97a9-4f87-b8f8-fe0ca563ef05-groupManagement] INFO  impl.RoleInfo (RoleInfo.java:updateAndGet(139)) - 4dcd1767-97a9-4f87-b8f8-fe0ca563ef05: start 4dcd1767-97a9-4f87-b8f8-fe0ca563ef05@group-B4606A8FB28B-FollowerState
2023-08-25 11:32:50,526 [4dcd1767-97a9-4f87-b8f8-fe0ca563ef05-groupManagement] INFO  util.JmxRegister (JmxRegister.java:tryRegister(44)) - Successfully registered JMX Bean with object name Ratis:service=RaftServer,group=group-B4606A8FB28B,id=4dcd1767-97a9-4f87-b8f8-fe0ca563ef05
2023-08-25 11:32:50,527 [4dcd1767-97a9-4f87-b8f8-fe0ca563ef05-groupManagement] INFO  server.RaftServerConfigKeys (ConfUtils.java:logGet(46)) - raft.server.snapshot.auto.trigger.enabled = true (custom)
2023-08-25 11:32:50,527 [4dcd1767-97a9-4f87-b8f8-fe0ca563ef05-groupManagement] INFO  server.RaftServerConfigKeys (ConfUtils.java:logGet(46)) - raft.server.snapshot.auto.trigger.threshold = 10000 (custom)
2023-08-25 11:32:50,527 [4dcd1767-97a9-4f87-b8f8-fe0ca563ef05-groupManagement] INFO  server.RaftServerConfigKeys (ConfUtils.java:logGet(46)) - raft.server.snapshot.retention.file.num = 5 (custom)
2023-08-25 11:32:50,527 [4dcd1767-97a9-4f87-b8f8-fe0ca563ef05-groupManagement] INFO  server.RaftServerConfigKeys (ConfUtils.java:logGet(46)) - raft.server.log.purge.upto.snapshot.index = false (default)
2023-08-25 11:32:50,528 [4dcd1767-97a9-4f87-b8f8-fe0ca563ef05@group-B4606A8FB28B-FollowerState] INFO  server.RaftServerConfigKeys (ConfUtils.java:logFallback(53)) - raft.server.rpc.first-election.timeout.min = 5s (fallback to raft.server.rpc.timeout.min)
2023-08-25 11:32:50,529 [4dcd1767-97a9-4f87-b8f8-fe0ca563ef05@group-B4606A8FB28B-FollowerState] INFO  server.RaftServerConfigKeys (ConfUtils.java:logFallback(53)) - raft.server.rpc.first-election.timeout.max = 5200ms (fallback to raft.server.rpc.timeout.max)
2023-08-25 11:32:50,531 [PipelineCommandHandlerThread-0] INFO  ratis.XceiverServerRatis (XceiverServerRatis.java:addGroup(804)) - Created group PipelineID=b6fbd096-0fbb-4de9-9930-b4606a8fb28b
2023-08-25 11:32:50,532 [PipelineCommandHandlerThread-0] INFO  commandhandler.CreatePipelineCommandHandler (CreatePipelineCommandHandler.java:lambda$handle$2(124)) - Created Pipeline RATIS ONE PipelineID=b6fbd096-0fbb-4de9-9930-b4606a8fb28b.
2023-08-25 11:32:50,590 [PipelineCommandHandlerThread-0] INFO  commandhandler.CreatePipelineCommandHandler (CreatePipelineCommandHandler.java:lambda$handle$2(124)) - Created Pipeline RATIS THREE PipelineID=48a8aa35-3969-4b40-9daf-2249ab9819a5.
2023-08-25 11:32:50,624 [PipelineCommandHandlerThread-0] INFO  commandhandler.CreatePipelineCommandHandler (CreatePipelineCommandHandler.java:lambda$handle$2(124)) - Created Pipeline RATIS THREE PipelineID=48a8aa35-3969-4b40-9daf-2249ab9819a5.
2023-08-25 11:32:50,803 [PipelineCommandHandlerThread-0] INFO  server.RaftServer (RaftServerProxy.java:addNew(98)) - af11e694-f31c-4d10-acc2-680f80b0911e: addNew group-D422DE6A4697:[af11e694-f31c-4d10-acc2-680f80b0911e|rpc:10.1.0.52:15050|admin:10.1.0.52:15049|client:10.1.0.52:15048|dataStream:10.1.0.52:15051|priority:1|startupRole:FOLLOWER] returns group-D422DE6A4697:java.util.concurrent.CompletableFuture@eae302b[Not completed]
2023-08-25 11:32:50,806 [af11e694-f31c-4d10-acc2-680f80b0911e-groupManagement] INFO  server.RaftServer$Division (RaftServerImpl.java:<init>(198)) - af11e694-f31c-4d10-acc2-680f80b0911e: new RaftServerImpl for group-D422DE6A4697:[af11e694-f31c-4d10-acc2-680f80b0911e|rpc:10.1.0.52:15050|admin:10.1.0.52:15049|client:10.1.0.52:15048|dataStream:10.1.0.52:15051|priority:1|startupRole:FOLLOWER] with ContainerStateMachine:uninitialized
2023-08-25 11:32:50,807 [af11e694-f31c-4d10-acc2-680f80b0911e-groupManagement] INFO  server.RaftServerConfigKeys (ConfUtils.java:logGet(46)) - raft.server.rpc.timeout.min = 5s (custom)
2023-08-25 11:32:50,807 [af11e694-f31c-4d10-acc2-680f80b0911e-groupManagement] INFO  server.RaftServerConfigKeys (ConfUtils.java:logGet(46)) - raft.server.rpc.timeout.max = 5200ms (custom)
2023-08-25 11:32:50,807 [af11e694-f31c-4d10-acc2-680f80b0911e-groupManagement] INFO  server.RaftServerConfigKeys (ConfUtils.java:logGet(46)) - raft.server.rpc.sleep.time = 25ms (default)
2023-08-25 11:32:50,807 [af11e694-f31c-4d10-acc2-680f80b0911e-groupManagement] INFO  server.RaftServerConfigKeys (ConfUtils.java:logGet(46)) - raft.server.rpc.slowness.timeout = 300s (custom)
2023-08-25 11:32:50,807 [af11e694-f31c-4d10-acc2-680f80b0911e-groupManagement] INFO  server.RaftServerConfigKeys (ConfUtils.java:logGet(46)) - raft.server.leaderelection.leader.step-down.wait-time = 10s (default)
2023-08-25 11:32:50,807 [af11e694-f31c-4d10-acc2-680f80b0911e-groupManagement] INFO  server.RaftServerConfigKeys (ConfUtils.java:logGet(46)) - raft.server.sleep.deviation.threshold = 300ms (default)
2023-08-25 11:32:50,807 [af11e694-f31c-4d10-acc2-680f80b0911e-groupManagement] INFO  server.RaftServer$Division (ServerState.java:<init>(120)) - af11e694-f31c-4d10-acc2-680f80b0911e@group-D422DE6A4697: ConfigurationManager, init=-1: peers:[af11e694-f31c-4d10-acc2-680f80b0911e|rpc:10.1.0.52:15050|admin:10.1.0.52:15049|client:10.1.0.52:15048|dataStream:10.1.0.52:15051|priority:1|startupRole:FOLLOWER]|listeners:[], old=null, confs=<EMPTY_MAP>
2023-08-25 11:32:50,807 [af11e694-f31c-4d10-acc2-680f80b0911e-groupManagement] INFO  server.RaftServerConfigKeys (ConfUtils.java:logGet(46)) - raft.server.storage.dir = [/home/runner/work/ozone/ozone/hadoop-ozone/integration-test/target/test-dir/MiniOzoneClusterImpl-168be1a3-dcaf-40a9-aa5d-bf8b77a61b73/datanode-4/data/ratis] (custom)
2023-08-25 11:32:50,807 [af11e694-f31c-4d10-acc2-680f80b0911e-groupManagement] INFO  server.RaftServerConfigKeys (ConfUtils.java:logGet(46)) - raft.server.log.corruption.policy = EXCEPTION (default)
2023-08-25 11:32:50,808 [af11e694-f31c-4d10-acc2-680f80b0911e-groupManagement] INFO  server.RaftServerConfigKeys (ConfUtils.java:logGet(46)) - raft.server.storage.free-space.min = 0MB (=0) (default)
2023-08-25 11:32:50,808 [af11e694-f31c-4d10-acc2-680f80b0911e-groupManagement] INFO  server.RaftServerConfigKeys (ConfUtils.java:logGet(46)) - raft.server.notification.no-leader.timeout = 300s (custom)
2023-08-25 11:32:50,808 [af11e694-f31c-4d10-acc2-680f80b0911e-groupManagement] INFO  server.RaftServerConfigKeys (ConfUtils.java:logGet(46)) - raft.server.read.timeout = 10s (default)
2023-08-25 11:32:50,808 [af11e694-f31c-4d10-acc2-680f80b0911e-groupManagement] INFO  server.RaftServerConfigKeys (ConfUtils.java:logGet(46)) - raft.server.retrycache.expirytime = 600000ms (custom)
2023-08-25 11:32:50,808 [af11e694-f31c-4d10-acc2-680f80b0911e-groupManagement] INFO  server.RaftServerConfigKeys (ConfUtils.java:logGet(46)) - raft.server.retrycache.statistics.expirytime = 100μs (default)
2023-08-25 11:32:50,808 [af11e694-f31c-4d10-acc2-680f80b0911e-groupManagement] INFO  server.RaftServerConfigKeys (ConfUtils.java:logGet(46)) - raft.server.read.option = DEFAULT (default)
2023-08-25 11:32:50,810 [af11e694-f31c-4d10-acc2-680f80b0911e-groupManagement] INFO  server.RaftServerConfigKeys (ConfUtils.java:logGet(46)) - raft.server.rpc.request.timeout = 60s (custom)
2023-08-25 11:32:50,810 [af11e694-f31c-4d10-acc2-680f80b0911e-groupManagement] INFO  server.RaftServerConfigKeys (ConfUtils.java:logGet(46)) - raft.server.log.appender.install.snapshot.enabled = false (custom)
2023-08-25 11:32:50,811 [af11e694-f31c-4d10-acc2-680f80b0911e-groupManagement] INFO  server.RaftServerConfigKeys (ConfUtils.java:logGet(46)) - raft.server.threadpool.server.cached = true (default)
2023-08-25 11:32:50,811 [af11e694-f31c-4d10-acc2-680f80b0911e-groupManagement] INFO  server.RaftServerConfigKeys (ConfUtils.java:logGet(46)) - raft.server.threadpool.server.size = 0 (default)
2023-08-25 11:32:50,811 [af11e694-f31c-4d10-acc2-680f80b0911e-groupManagement] INFO  server.RaftServerConfigKeys (ConfUtils.java:logGet(46)) - raft.server.threadpool.client.cached = true (default)
2023-08-25 11:32:50,811 [af11e694-f31c-4d10-acc2-680f80b0911e-groupManagement] INFO  server.RaftServerConfigKeys (ConfUtils.java:logGet(46)) - raft.server.threadpool.client.size = 0 (default)
2023-08-25 11:32:50,811 [af11e694-f31c-4d10-acc2-680f80b0911e-groupManagement] INFO  storage.RaftStorageDirectory (RaftStorageDirectoryImpl.java:analyzeStorage(137)) - The storage directory /home/runner/work/ozone/ozone/hadoop-ozone/integration-test/target/test-dir/MiniOzoneClusterImpl-168be1a3-dcaf-40a9-aa5d-bf8b77a61b73/datanode-4/data/ratis/575a8c2a-1b26-400a-9d0b-d422de6a4697 does not exist. Creating ...
2023-08-25 11:32:50,814 [af11e694-f31c-4d10-acc2-680f80b0911e-groupManagement] INFO  storage.RaftStorageDirectory (RaftStorageDirectoryImpl.java:tryLock(231)) - Lock on /home/runner/work/ozone/ozone/hadoop-ozone/integration-test/target/test-dir/MiniOzoneClusterImpl-168be1a3-dcaf-40a9-aa5d-bf8b77a61b73/datanode-4/data/ratis/575a8c2a-1b26-400a-9d0b-d422de6a4697/in_use.lock acquired by nodename 61563@fv-az508-118
2023-08-25 11:32:50,817 [af11e694-f31c-4d10-acc2-680f80b0911e-groupManagement] INFO  storage.RaftStorage (RaftStorageImpl.java:format(96)) - Storage directory /home/runner/work/ozone/ozone/hadoop-ozone/integration-test/target/test-dir/MiniOzoneClusterImpl-168be1a3-dcaf-40a9-aa5d-bf8b77a61b73/datanode-4/data/ratis/575a8c2a-1b26-400a-9d0b-d422de6a4697 has been successfully formatted.
2023-08-25 11:32:50,819 [af11e694-f31c-4d10-acc2-680f80b0911e-groupManagement] INFO  ratis.ContainerStateMachine (ContainerStateMachine.java:loadSnapshot(262)) - group-D422DE6A4697: The snapshot info is null. Setting the last applied indexto:(t:0, i:~)
2023-08-25 11:32:50,819 [af11e694-f31c-4d10-acc2-680f80b0911e-groupManagement] INFO  server.RaftServerConfigKeys (ConfUtils.java:logGet(46)) - raft.server.log.use.memory = false (default)
2023-08-25 11:32:50,819 [af11e694-f31c-4d10-acc2-680f80b0911e-groupManagement] INFO  server.RaftServerConfigKeys (ConfUtils.java:logGet(46)) - raft.server.log.purge.gap = 1000000 (custom)
2023-08-25 11:32:50,823 [EventQueue-PipelineReportForPipelineReportHandler] INFO  pipeline.PipelineReportHandler (PipelineReportHandler.java:processPipelineReport(136)) - Opened pipeline PipelineID=575a8c2a-1b26-400a-9d0b-d422de6a4697
2023-08-25 11:32:50,823 [EventQueue-OpenPipelineForHealthyPipelineSafeModeRule] INFO  safemode.SCMSafeModeManager (HealthyPipelineSafeModeRule.java:process(137)) - SCM in safe mode. Healthy pipelines reported count is 0, required healthy pipeline reported count is 1
2023-08-25 11:32:50,824 [af11e694-f31c-4d10-acc2-680f80b0911e-groupManagement] INFO  server.RaftServerConfigKeys (ConfUtils.java:logGet(46)) - raft.server.log.appender.buffer.byte-limit = 33554432 (custom)
2023-08-25 11:32:50,825 [af11e694-f31c-4d10-acc2-680f80b0911e-groupManagement] INFO  server.RaftServerConfigKeys (ConfUtils.java:logGet(46)) - raft.server.log.statemachine.data.read.timeout = 1000ms (default)
2023-08-25 11:32:50,825 [af11e694-f31c-4d10-acc2-680f80b0911e-groupManagement] INFO  server.RaftServerConfigKeys (ConfUtils.java:logGet(46)) - raft.server.log.purge.preservation.log.num = 0 (default)
2023-08-25 11:32:50,825 [af11e694-f31c-4d10-acc2-680f80b0911e-groupManagement] INFO  server.RaftServerConfigKeys (ConfUtils.java:logGet(46)) - raft.server.log.segment.size.max = 1048576 (custom)
2023-08-25 11:32:50,826 [af11e694-f31c-4d10-acc2-680f80b0911e-groupManagement] INFO  server.RaftServerConfigKeys (ConfUtils.java:logGet(46)) - raft.server.log.segment.cache.num.max = 2 (custom)
2023-08-25 11:32:50,826 [af11e694-f31c-4d10-acc2-680f80b0911e-groupManagement] INFO  server.RaftServerConfigKeys (ConfUtils.java:logGet(46)) - raft.server.log.segment.cache.size.max = 200MB (=209715200) (default)
2023-08-25 11:32:50,826 [af11e694-f31c-4d10-acc2-680f80b0911e-groupManagement] INFO  server.RaftServerConfigKeys (ConfUtils.java:logGet(46)) - raft.server.log.appender.buffer.byte-limit = 33554432 (custom)
2023-08-25 11:32:50,826 [af11e694-f31c-4d10-acc2-680f80b0911e-groupManagement] INFO  segmented.SegmentedRaftLogWorker (SegmentedRaftLogWorker.java:<init>(188)) - new af11e694-f31c-4d10-acc2-680f80b0911e@group-D422DE6A4697-SegmentedRaftLogWorker for RaftStorageImpl:Storage Directory /home/runner/work/ozone/ozone/hadoop-ozone/integration-test/target/test-dir/MiniOzoneClusterImpl-168be1a3-dcaf-40a9-aa5d-bf8b77a61b73/datanode-4/data/ratis/575a8c2a-1b26-400a-9d0b-d422de6a4697
2023-08-25 11:32:50,826 [af11e694-f31c-4d10-acc2-680f80b0911e-groupManagement] INFO  server.RaftServerConfigKeys (ConfUtils.java:logGet(46)) - raft.server.log.queue.byte-limit = 4294967296 (custom)
2023-08-25 11:32:50,826 [af11e694-f31c-4d10-acc2-680f80b0911e-groupManagement] INFO  server.RaftServerConfigKeys (ConfUtils.java:logGet(46)) - raft.server.log.queue.element-limit = 1024 (custom)
2023-08-25 11:32:50,827 [af11e694-f31c-4d10-acc2-680f80b0911e-groupManagement] INFO  server.RaftServerConfigKeys (ConfUtils.java:logGet(46)) - raft.server.log.segment.size.max = 1048576 (custom)
2023-08-25 11:32:50,827 [af11e694-f31c-4d10-acc2-680f80b0911e-groupManagement] INFO  server.RaftServerConfigKeys (ConfUtils.java:logGet(46)) - raft.server.log.preallocated.size = 16384 (custom)
2023-08-25 11:32:50,827 [af11e694-f31c-4d10-acc2-680f80b0911e-groupManagement] INFO  server.RaftServerConfigKeys (ConfUtils.java:logGet(46)) - raft.server.log.force.sync.num = 128 (default)
2023-08-25 11:32:50,827 [af11e694-f31c-4d10-acc2-680f80b0911e-groupManagement] INFO  server.RaftServerConfigKeys (ConfUtils.java:logGet(46)) - raft.server.log.statemachine.data.sync = true (default)
2023-08-25 11:32:50,827 [af11e694-f31c-4d10-acc2-680f80b0911e-groupManagement] INFO  server.RaftServerConfigKeys (ConfUtils.java:logGet(46)) - raft.server.log.statemachine.data.sync.timeout = 10s (default)
2023-08-25 11:32:50,828 [af11e694-f31c-4d10-acc2-680f80b0911e-groupManagement] INFO  server.RaftServerConfigKeys (ConfUtils.java:logGet(46)) - raft.server.log.statemachine.data.sync.timeout.retry = -1 (default)
2023-08-25 11:32:50,830 [af11e694-f31c-4d10-acc2-680f80b0911e-groupManagement] INFO  server.RaftServerConfigKeys (ConfUtils.java:logGet(46)) - raft.server.log.write.buffer.size = 1048576 (custom)
2023-08-25 11:32:50,831 [af11e694-f31c-4d10-acc2-680f80b0911e-groupManagement] INFO  server.RaftServerConfigKeys (ConfUtils.java:logGet(46)) - raft.server.log.appender.buffer.byte-limit = 33554432 (custom)
2023-08-25 11:32:50,838 [af11e694-f31c-4d10-acc2-680f80b0911e-groupManagement] INFO  server.RaftServerConfigKeys (ConfUtils.java:logGet(46)) - raft.server.log.unsafe-flush.enabled = false (default)
2023-08-25 11:32:50,838 [af11e694-f31c-4d10-acc2-680f80b0911e-groupManagement] INFO  server.RaftServerConfigKeys (ConfUtils.java:logGet(46)) - raft.server.log.async-flush.enabled = false (default)
2023-08-25 11:32:50,838 [af11e694-f31c-4d10-acc2-680f80b0911e-groupManagement] INFO  server.RaftServerConfigKeys (ConfUtils.java:logGet(46)) - raft.server.log.statemachine.data.caching.enabled = true (custom)
2023-08-25 11:32:50,838 [af11e694-f31c-4d10-acc2-680f80b0911e-groupManagement] INFO  segmented.SegmentedRaftLogWorker (SegmentedRaftLogWorker.java:lambda$new$0(135)) - af11e694-f31c-4d10-acc2-680f80b0911e@group-D422DE6A4697-SegmentedRaftLogWorker: flushIndex: setUnconditionally 0 -> -1
2023-08-25 11:32:50,838 [af11e694-f31c-4d10-acc2-680f80b0911e-groupManagement] INFO  segmented.SegmentedRaftLogWorker (SegmentedRaftLogWorker.java:lambda$new$0(135)) - af11e694-f31c-4d10-acc2-680f80b0911e@group-D422DE6A4697-SegmentedRaftLogWorker: safeCacheEvictIndex: setUnconditionally 0 -> -1
2023-08-25 11:32:50,839 [af11e694-f31c-4d10-acc2-680f80b0911e-groupManagement] INFO  server.RaftServer$Division (RaftServerImpl.java:start(342)) - af11e694-f31c-4d10-acc2-680f80b0911e@group-D422DE6A4697: start as a follower, conf=-1: peers:[af11e694-f31c-4d10-acc2-680f80b0911e|rpc:10.1.0.52:15050|admin:10.1.0.52:15049|client:10.1.0.52:15048|dataStream:10.1.0.52:15051|priority:1|startupRole:FOLLOWER]|listeners:[], old=null
2023-08-25 11:32:50,839 [af11e694-f31c-4d10-acc2-680f80b0911e-groupManagement] INFO  server.RaftServer$Division (RaftServerImpl.java:setRole(329)) - af11e694-f31c-4d10-acc2-680f80b0911e@group-D422DE6A4697: changes role from      null to FOLLOWER at term 0 for startAsFollower
2023-08-25 11:32:50,839 [af11e694-f31c-4d10-acc2-680f80b0911e-groupManagement] INFO  impl.RoleInfo (RoleInfo.java:updateAndGet(139)) - af11e694-f31c-4d10-acc2-680f80b0911e: start af11e694-f31c-4d10-acc2-680f80b0911e@group-D422DE6A4697-FollowerState
2023-08-25 11:32:50,841 [af11e694-f31c-4d10-acc2-680f80b0911e-groupManagement] INFO  util.JmxRegister (JmxRegister.java:tryRegister(44)) - Successfully registered JMX Bean with object name Ratis:service=RaftServer,group=group-D422DE6A4697,id=af11e694-f31c-4d10-acc2-680f80b0911e
2023-08-25 11:32:50,842 [af11e694-f31c-4d10-acc2-680f80b0911e-groupManagement] INFO  server.RaftServerConfigKeys (ConfUtils.java:logGet(46)) - raft.server.snapshot.auto.trigger.enabled = true (custom)
2023-08-25 11:32:50,842 [af11e694-f31c-4d10-acc2-680f80b0911e-groupManagement] INFO  server.RaftServerConfigKeys (ConfUtils.java:logGet(46)) - raft.server.snapshot.auto.trigger.threshold = 10000 (custom)
2023-08-25 11:32:50,842 [af11e694-f31c-4d10-acc2-680f80b0911e-groupManagement] INFO  server.RaftServerConfigKeys (ConfUtils.java:logGet(46)) - raft.server.snapshot.retention.file.num = 5 (custom)
2023-08-25 11:32:50,842 [af11e694-f31c-4d10-acc2-680f80b0911e-groupManagement] INFO  server.RaftServerConfigKeys (ConfUtils.java:logGet(46)) - raft.server.log.purge.upto.snapshot.index = false (default)
2023-08-25 11:32:50,842 [af11e694-f31c-4d10-acc2-680f80b0911e@group-D422DE6A4697-FollowerState] INFO  server.RaftServerConfigKeys (ConfUtils.java:logFallback(53)) - raft.server.rpc.first-election.timeout.min = 5s (fallback to raft.server.rpc.timeout.min)
2023-08-25 11:32:50,843 [af11e694-f31c-4d10-acc2-680f80b0911e@group-D422DE6A4697-FollowerState] INFO  server.RaftServerConfigKeys (ConfUtils.java:logFallback(53)) - raft.server.rpc.first-election.timeout.max = 5200ms (fallback to raft.server.rpc.timeout.max)
2023-08-25 11:32:50,845 [PipelineCommandHandlerThread-0] INFO  ratis.XceiverServerRatis (XceiverServerRatis.java:addGroup(804)) - Created group PipelineID=575a8c2a-1b26-400a-9d0b-d422de6a4697
2023-08-25 11:32:50,845 [PipelineCommandHandlerThread-0] INFO  commandhandler.CreatePipelineCommandHandler (CreatePipelineCommandHandler.java:lambda$handle$2(124)) - Created Pipeline RATIS ONE PipelineID=575a8c2a-1b26-400a-9d0b-d422de6a4697.
2023-08-25 11:32:50,923 [main] INFO  ozone.MiniOzoneClusterImpl (MiniOzoneClusterImpl.java:lambda$waitForClusterToBeReady$0(224)) - Nodes are ready. Got 5 of 5 DN Heartbeats.
2023-08-25 11:32:50,924 [main] INFO  ozone.MiniOzoneClusterImpl (MiniOzoneClusterImpl.java:lambda$waitForClusterToBeReady$0(227)) - Waiting for cluster to exit safe mode
2023-08-25 11:32:50,924 [main] INFO  ozone.MiniOzoneClusterImpl (MiniOzoneClusterImpl.java:lambda$waitForClusterToBeReady$0(229)) - SCM became leader
2023-08-25 11:32:51,924 [main] INFO  ozone.MiniOzoneClusterImpl (MiniOzoneClusterImpl.java:lambda$waitForClusterToBeReady$0(224)) - Nodes are ready. Got 5 of 5 DN Heartbeats.
2023-08-25 11:32:51,925 [main] INFO  ozone.MiniOzoneClusterImpl (MiniOzoneClusterImpl.java:lambda$waitForClusterToBeReady$0(227)) - Waiting for cluster to exit safe mode
2023-08-25 11:32:51,925 [main] INFO  ozone.MiniOzoneClusterImpl (MiniOzoneClusterImpl.java:lambda$waitForClusterToBeReady$0(229)) - SCM became leader
2023-08-25 11:32:52,925 [main] INFO  ozone.MiniOzoneClusterImpl (MiniOzoneClusterImpl.java:lambda$waitForClusterToBeReady$0(224)) - Nodes are ready. Got 5 of 5 DN Heartbeats.
2023-08-25 11:32:52,925 [main] INFO  ozone.MiniOzoneClusterImpl (MiniOzoneClusterImpl.java:lambda$waitForClusterToBeReady$0(227)) - Waiting for cluster to exit safe mode
2023-08-25 11:32:52,925 [main] INFO  ozone.MiniOzoneClusterImpl (MiniOzoneClusterImpl.java:lambda$waitForClusterToBeReady$0(229)) - SCM became leader
2023-08-25 11:32:53,926 [main] INFO  ozone.MiniOzoneClusterImpl (MiniOzoneClusterImpl.java:lambda$waitForClusterToBeReady$0(224)) - Nodes are ready. Got 5 of 5 DN Heartbeats.
2023-08-25 11:32:53,926 [main] INFO  ozone.MiniOzoneClusterImpl (MiniOzoneClusterImpl.java:lambda$waitForClusterToBeReady$0(227)) - Waiting for cluster to exit safe mode
2023-08-25 11:32:53,927 [main] INFO  ozone.MiniOzoneClusterImpl (MiniOzoneClusterImpl.java:lambda$waitForClusterToBeReady$0(229)) - SCM became leader
2023-08-25 11:32:54,267 [d411a2e9-f1e7-48ff-a207-5fb0a1d8b942@group-F23DB3C01F23-FollowerState] INFO  impl.FollowerState (FollowerState.java:run(143)) - d411a2e9-f1e7-48ff-a207-5fb0a1d8b942@group-F23DB3C01F23-FollowerState: change to CANDIDATE, lastRpcElapsedTime:5112302599ns, electionTimeout:5110ms
2023-08-25 11:32:54,267 [d411a2e9-f1e7-48ff-a207-5fb0a1d8b942@group-F23DB3C01F23-FollowerState] INFO  impl.RoleInfo (RoleInfo.java:shutdownFollowerState(110)) - d411a2e9-f1e7-48ff-a207-5fb0a1d8b942: shutdown d411a2e9-f1e7-48ff-a207-5fb0a1d8b942@group-F23DB3C01F23-FollowerState
2023-08-25 11:32:54,267 [d411a2e9-f1e7-48ff-a207-5fb0a1d8b942@group-F23DB3C01F23-FollowerState] INFO  server.RaftServer$Division (RaftServerImpl.java:setRole(329)) - d411a2e9-f1e7-48ff-a207-5fb0a1d8b942@group-F23DB3C01F23: changes role from  FOLLOWER to CANDIDATE at term 0 for changeToCandidate
2023-08-25 11:32:54,268 [d411a2e9-f1e7-48ff-a207-5fb0a1d8b942@group-F23DB3C01F23-FollowerState] INFO  server.RaftServerConfigKeys (ConfUtils.java:logGet(46)) - raft.server.leaderelection.pre-vote = true (default)
2023-08-25 11:32:54,269 [d411a2e9-f1e7-48ff-a207-5fb0a1d8b942@group-F23DB3C01F23-FollowerState] INFO  impl.RoleInfo (RoleInfo.java:updateAndGet(139)) - d411a2e9-f1e7-48ff-a207-5fb0a1d8b942: start d411a2e9-f1e7-48ff-a207-5fb0a1d8b942@group-F23DB3C01F23-LeaderElection2
2023-08-25 11:32:54,271 [d411a2e9-f1e7-48ff-a207-5fb0a1d8b942@group-F23DB3C01F23-LeaderElection2] INFO  impl.LeaderElection (LeaderElection.java:askForVotes(321)) - d411a2e9-f1e7-48ff-a207-5fb0a1d8b942@group-F23DB3C01F23-LeaderElection2 PRE_VOTE round 0: submit vote requests at term 0 for -1: peers:[ead66fe0-0d51-45f6-a40c-8e2915dd9a2f|rpc:10.1.0.52:15032|admin:10.1.0.52:15031|client:10.1.0.52:15030|dataStream:10.1.0.52:15033|priority:0|startupRole:FOLLOWER, 13d602e5-043f-4877-ab61-f2512eb11edb|rpc:10.1.0.52:15023|admin:10.1.0.52:15022|client:10.1.0.52:15021|dataStream:10.1.0.52:15024|priority:1|startupRole:FOLLOWER, d411a2e9-f1e7-48ff-a207-5fb0a1d8b942|rpc:10.1.0.52:15014|admin:10.1.0.52:15013|client:10.1.0.52:15012|dataStream:10.1.0.52:15015|priority:0|startupRole:FOLLOWER]|listeners:[], old=null
2023-08-25 11:32:54,278 [d411a2e9-f1e7-48ff-a207-5fb0a1d8b942@group-F23DB3C01F23-LeaderElection2] INFO  server.RaftServerConfigKeys (ConfUtils.java:logFallback(53)) - raft.server.rpc.first-election.timeout.min = 5s (fallback to raft.server.rpc.timeout.min)
2023-08-25 11:32:54,278 [d411a2e9-f1e7-48ff-a207-5fb0a1d8b942@group-F23DB3C01F23-LeaderElection2] INFO  server.RaftServerConfigKeys (ConfUtils.java:logFallback(53)) - raft.server.rpc.first-election.timeout.max = 5200ms (fallback to raft.server.rpc.timeout.max)
2023-08-25 11:32:54,279 [d411a2e9-f1e7-48ff-a207-5fb0a1d8b942@group-F23DB3C01F23-LeaderElection2-1] INFO  server.GrpcServerProtocolClient (GrpcServerProtocolClient.java:<init>(65)) - Build channel for ead66fe0-0d51-45f6-a40c-8e2915dd9a2f
2023-08-25 11:32:54,281 [d411a2e9-f1e7-48ff-a207-5fb0a1d8b942@group-F23DB3C01F23-LeaderElection2-2] INFO  server.GrpcServerProtocolClient (GrpcServerProtocolClient.java:<init>(65)) - Build channel for 13d602e5-043f-4877-ab61-f2512eb11edb
2023-08-25 11:32:54,292 [d411a2e9-f1e7-48ff-a207-5fb0a1d8b942@group-8A642A2690EA-FollowerState] INFO  impl.FollowerState (FollowerState.java:run(143)) - d411a2e9-f1e7-48ff-a207-5fb0a1d8b942@group-8A642A2690EA-FollowerState: change to CANDIDATE, lastRpcElapsedTime:5205175288ns, electionTimeout:5198ms
2023-08-25 11:32:54,293 [d411a2e9-f1e7-48ff-a207-5fb0a1d8b942@group-8A642A2690EA-FollowerState] INFO  impl.RoleInfo (RoleInfo.java:shutdownFollowerState(110)) - d411a2e9-f1e7-48ff-a207-5fb0a1d8b942: shutdown d411a2e9-f1e7-48ff-a207-5fb0a1d8b942@group-8A642A2690EA-FollowerState
2023-08-25 11:32:54,293 [d411a2e9-f1e7-48ff-a207-5fb0a1d8b942@group-8A642A2690EA-FollowerState] INFO  server.RaftServer$Division (RaftServerImpl.java:setRole(329)) - d411a2e9-f1e7-48ff-a207-5fb0a1d8b942@group-8A642A2690EA: changes role from  FOLLOWER to CANDIDATE at term 0 for changeToCandidate
2023-08-25 11:32:54,294 [d411a2e9-f1e7-48ff-a207-5fb0a1d8b942@group-8A642A2690EA-FollowerState] INFO  server.RaftServerConfigKeys (ConfUtils.java:logGet(46)) - raft.server.leaderelection.pre-vote = true (default)
2023-08-25 11:32:54,294 [d411a2e9-f1e7-48ff-a207-5fb0a1d8b942@group-8A642A2690EA-FollowerState] INFO  impl.RoleInfo (RoleInfo.java:updateAndGet(139)) - d411a2e9-f1e7-48ff-a207-5fb0a1d8b942: start d411a2e9-f1e7-48ff-a207-5fb0a1d8b942@group-8A642A2690EA-LeaderElection3
2023-08-25 11:32:54,313 [grpc-default-executor-0] INFO  server.RaftServer$Division (RaftServerImpl.java:requestVote(1302)) - 13d602e5-043f-4877-ab61-f2512eb11edb@group-F23DB3C01F23: receive requestVote(PRE_VOTE, d411a2e9-f1e7-48ff-a207-5fb0a1d8b942, group-F23DB3C01F23, 0, (t:0, i:0))
2023-08-25 11:32:54,316 [grpc-default-executor-0] INFO  impl.VoteContext (VoteContext.java:log(49)) - 13d602e5-043f-4877-ab61-f2512eb11edb@group-F23DB3C01F23-FOLLOWER: reject PRE_VOTE from d411a2e9-f1e7-48ff-a207-5fb0a1d8b942: our priority 1 > candidate's priority 0
2023-08-25 11:32:54,321 [grpc-default-executor-0] INFO  server.RaftServer$Division (RaftServerImpl.java:requestVote(1335)) - 13d602e5-043f-4877-ab61-f2512eb11edb@group-F23DB3C01F23 replies to PRE_VOTE vote request: d411a2e9-f1e7-48ff-a207-5fb0a1d8b942<-13d602e5-043f-4877-ab61-f2512eb11edb#0:FAIL-t0. Peer's state: 13d602e5-043f-4877-ab61-f2512eb11edb@group-F23DB3C01F23:t0, leader=null, voted=, raftlog=Memoized:13d602e5-043f-4877-ab61-f2512eb11edb@group-F23DB3C01F23-SegmentedRaftLog:OPENED:c-1, conf=-1: peers:[ead66fe0-0d51-45f6-a40c-8e2915dd9a2f|rpc:10.1.0.52:15032|admin:10.1.0.52:15031|client:10.1.0.52:15030|dataStream:10.1.0.52:15033|priority:0|startupRole:FOLLOWER, 13d602e5-043f-4877-ab61-f2512eb11edb|rpc:10.1.0.52:15023|admin:10.1.0.52:15022|client:10.1.0.52:15021|dataStream:10.1.0.52:15024|priority:1|startupRole:FOLLOWER, d411a2e9-f1e7-48ff-a207-5fb0a1d8b942|rpc:10.1.0.52:15014|admin:10.1.0.52:15013|client:10.1.0.52:15012|dataStream:10.1.0.52:15015|priority:0|startupRole:FOLLOWER]|listeners:[], old=null
2023-08-25 11:32:54,323 [d411a2e9-f1e7-48ff-a207-5fb0a1d8b942@group-8A642A2690EA-LeaderElection3] INFO  impl.LeaderElection (LeaderElection.java:askForVotes(321)) - d411a2e9-f1e7-48ff-a207-5fb0a1d8b942@group-8A642A2690EA-LeaderElection3 PRE_VOTE round 0: submit vote requests at term 0 for -1: peers:[d411a2e9-f1e7-48ff-a207-5fb0a1d8b942|rpc:10.1.0.52:15014|admin:10.1.0.52:15013|client:10.1.0.52:15012|dataStream:10.1.0.52:15015|priority:1|startupRole:FOLLOWER]|listeners:[], old=null
2023-08-25 11:32:54,330 [d411a2e9-f1e7-48ff-a207-5fb0a1d8b942@group-8A642A2690EA-LeaderElection3] INFO  impl.LeaderElection (LeaderElection.java:askForVotes(323)) - d411a2e9-f1e7-48ff-a207-5fb0a1d8b942@group-8A642A2690EA-LeaderElection3 PRE_VOTE round 0: result PASSED (term=0)
2023-08-25 11:32:54,335 [d411a2e9-f1e7-48ff-a207-5fb0a1d8b942@group-8A642A2690EA-LeaderElection3] INFO  impl.LeaderElection (LeaderElection.java:askForVotes(321)) - d411a2e9-f1e7-48ff-a207-5fb0a1d8b942@group-8A642A2690EA-LeaderElection3 ELECTION round 0: submit vote requests at term 1 for -1: peers:[d411a2e9-f1e7-48ff-a207-5fb0a1d8b942|rpc:10.1.0.52:15014|admin:10.1.0.52:15013|client:10.1.0.52:15012|dataStream:10.1.0.52:15015|priority:1|startupRole:FOLLOWER]|listeners:[], old=null
2023-08-25 11:32:54,335 [d411a2e9-f1e7-48ff-a207-5fb0a1d8b942@group-8A642A2690EA-LeaderElection3] INFO  impl.LeaderElection (LeaderElection.java:askForVotes(323)) - d411a2e9-f1e7-48ff-a207-5fb0a1d8b942@group-8A642A2690EA-LeaderElection3 ELECTION round 0: result PASSED (term=1)
2023-08-25 11:32:54,335 [d411a2e9-f1e7-48ff-a207-5fb0a1d8b942@group-8A642A2690EA-LeaderElection3] INFO  impl.RoleInfo (RoleInfo.java:shutdownLeaderElection(130)) - d411a2e9-f1e7-48ff-a207-5fb0a1d8b942: shutdown d411a2e9-f1e7-48ff-a207-5fb0a1d8b942@group-8A642A2690EA-LeaderElection3
2023-08-25 11:32:54,335 [d411a2e9-f1e7-48ff-a207-5fb0a1d8b942@group-8A642A2690EA-LeaderElection3] INFO  server.RaftServer$Division (RaftServerImpl.java:setRole(329)) - d411a2e9-f1e7-48ff-a207-5fb0a1d8b942@group-8A642A2690EA: changes role from CANDIDATE to LEADER at term 1 for changeToLeader
2023-08-25 11:32:54,336 [d411a2e9-f1e7-48ff-a207-5fb0a1d8b942@group-8A642A2690EA-LeaderElection3] INFO  ratis.XceiverServerRatis (XceiverServerRatis.java:handleLeaderChangedNotification(902)) - Leader change notification received for group: group-8A642A2690EA with new leaderId: d411a2e9-f1e7-48ff-a207-5fb0a1d8b942
2023-08-25 11:32:54,336 [d411a2e9-f1e7-48ff-a207-5fb0a1d8b942@group-8A642A2690EA-LeaderElection3] INFO  server.RaftServer$Division (ServerState.java:setLeader(317)) - d411a2e9-f1e7-48ff-a207-5fb0a1d8b942@group-8A642A2690EA: change Leader from null to d411a2e9-f1e7-48ff-a207-5fb0a1d8b942 at term 1 for becomeLeader, leader elected after 5281ms
2023-08-25 11:32:54,336 [d411a2e9-f1e7-48ff-a207-5fb0a1d8b942@group-8A642A2690EA-LeaderElection3] INFO  server.RaftServerConfigKeys (ConfUtils.java:logGet(46)) - raft.server.staging.catchup.gap = 1000 (default)
2023-08-25 11:32:54,337 [d411a2e9-f1e7-48ff-a207-5fb0a1d8b942@group-8A642A2690EA-LeaderElection3] INFO  server.RaftServerConfigKeys (ConfUtils.java:logGet(46)) - raft.server.write.element-limit = 1024 (custom)
2023-08-25 11:32:54,337 [d411a2e9-f1e7-48ff-a207-5fb0a1d8b942@group-8A642A2690EA-LeaderElection3] INFO  server.RaftServerConfigKeys (ConfUtils.java:logGet(46)) - raft.server.write.byte-limit = 1024 M (=1073741824) (custom)
2023-08-25 11:32:54,338 [d411a2e9-f1e7-48ff-a207-5fb0a1d8b942@group-8A642A2690EA-LeaderElection3] INFO  server.RaftServerConfigKeys (ConfUtils.java:logGet(46)) - raft.server.watch.timeout = 180s (custom)
2023-08-25 11:32:54,338 [d411a2e9-f1e7-48ff-a207-5fb0a1d8b942@group-8A642A2690EA-LeaderElection3] INFO  server.RaftServerConfigKeys (ConfUtils.java:logGet(46)) - raft.server.watch.timeout.denomination = 1s (default)
2023-08-25 11:32:54,338 [d411a2e9-f1e7-48ff-a207-5fb0a1d8b942@group-8A642A2690EA-LeaderElection3] INFO  server.RaftServerConfigKeys (ConfUtils.java:logGet(46)) - raft.server.watch.element-limit = 65536 (default)
2023-08-25 11:32:54,338 [d411a2e9-f1e7-48ff-a207-5fb0a1d8b942@group-8A642A2690EA-LeaderElection3] INFO  server.RaftServerConfigKeys (ConfUtils.java:logGet(46)) - raft.server.write.element-limit = 1024 (custom)
2023-08-25 11:32:54,338 [d411a2e9-f1e7-48ff-a207-5fb0a1d8b942@group-8A642A2690EA-LeaderElection3] INFO  server.RaftServerConfigKeys (ConfUtils.java:logGet(46)) - raft.server.write.follower.gap.ratio.max = -1.0 (default)
2023-08-25 11:32:54,338 [d411a2e9-f1e7-48ff-a207-5fb0a1d8b942@group-8A642A2690EA-LeaderElection3] INFO  impl.RoleInfo (RoleInfo.java:updateAndGet(139)) - d411a2e9-f1e7-48ff-a207-5fb0a1d8b942: start d411a2e9-f1e7-48ff-a207-5fb0a1d8b942@group-8A642A2690EA-LeaderStateImpl
2023-08-25 11:32:54,339 [d411a2e9-f1e7-48ff-a207-5fb0a1d8b942@group-8A642A2690EA-LeaderElection3] INFO  segmented.SegmentedRaftLogWorker (SegmentedRaftLogWorker.java:startLogSegment(447)) - d411a2e9-f1e7-48ff-a207-5fb0a1d8b942@group-8A642A2690EA-SegmentedRaftLogWorker: Starting segment from index:0
2023-08-25 11:32:54,339 [EventQueue-OpenPipelineForHealthyPipelineSafeModeRule] INFO  safemode.SCMSafeModeManager (HealthyPipelineSafeModeRule.java:process(137)) - SCM in safe mode. Healthy pipelines reported count is 0, required healthy pipeline reported count is 1
2023-08-25 11:32:54,341 [d411a2e9-f1e7-48ff-a207-5fb0a1d8b942@group-8A642A2690EA-SegmentedRaftLogWorker] INFO  segmented.SegmentedRaftLogWorker (SegmentedRaftLogWorker.java:execute(651)) - d411a2e9-f1e7-48ff-a207-5fb0a1d8b942@group-8A642A2690EA-SegmentedRaftLogWorker: created new log segment /home/runner/work/ozone/ozone/hadoop-ozone/integration-test/target/test-dir/MiniOzoneClusterImpl-168be1a3-dcaf-40a9-aa5d-bf8b77a61b73/datanode-0/data/ratis/f56cc53f-6313-4cec-9451-8a642a2690ea/current/log_inprogress_0
2023-08-25 11:32:54,344 [d411a2e9-f1e7-48ff-a207-5fb0a1d8b942@group-F23DB3C01F23-LeaderElection2] INFO  impl.LeaderElection (LeaderElection.java:logAndReturn(90)) - d411a2e9-f1e7-48ff-a207-5fb0a1d8b942@group-F23DB3C01F23-LeaderElection2: PRE_VOTE REJECTED received 1 response(s) and 0 exception(s):
2023-08-25 11:32:54,344 [d411a2e9-f1e7-48ff-a207-5fb0a1d8b942@group-F23DB3C01F23-LeaderElection2] INFO  impl.LeaderElection (LeaderElection.java:logAndReturn(94)) -   Response 0: d411a2e9-f1e7-48ff-a207-5fb0a1d8b942<-13d602e5-043f-4877-ab61-f2512eb11edb#0:FAIL-t0
2023-08-25 11:32:54,344 [d411a2e9-f1e7-48ff-a207-5fb0a1d8b942@group-F23DB3C01F23-LeaderElection2] INFO  impl.LeaderElection (LeaderElection.java:askForVotes(323)) - d411a2e9-f1e7-48ff-a207-5fb0a1d8b942@group-F23DB3C01F23-LeaderElection2 PRE_VOTE round 0: result REJECTED
2023-08-25 11:32:54,345 [d411a2e9-f1e7-48ff-a207-5fb0a1d8b942@group-F23DB3C01F23-LeaderElection2] INFO  server.RaftServer$Division (RaftServerImpl.java:setRole(329)) - d411a2e9-f1e7-48ff-a207-5fb0a1d8b942@group-F23DB3C01F23: changes role from CANDIDATE to FOLLOWER at term 0 for REJECTED
2023-08-25 11:32:54,345 [d411a2e9-f1e7-48ff-a207-5fb0a1d8b942@group-F23DB3C01F23-LeaderElection2] INFO  impl.RoleInfo (RoleInfo.java:shutdownLeaderElection(130)) - d411a2e9-f1e7-48ff-a207-5fb0a1d8b942: shutdown d411a2e9-f1e7-48ff-a207-5fb0a1d8b942@group-F23DB3C01F23-LeaderElection2
2023-08-25 11:32:54,345 [d411a2e9-f1e7-48ff-a207-5fb0a1d8b942@group-F23DB3C01F23-LeaderElection2] INFO  impl.RoleInfo (RoleInfo.java:updateAndGet(139)) - d411a2e9-f1e7-48ff-a207-5fb0a1d8b942: start d411a2e9-f1e7-48ff-a207-5fb0a1d8b942@group-F23DB3C01F23-FollowerState
2023-08-25 11:32:54,346 [d411a2e9-f1e7-48ff-a207-5fb0a1d8b942@group-8A642A2690EA-LeaderElection3] INFO  server.RaftServer$Division (ServerState.java:setRaftConf(434)) - d411a2e9-f1e7-48ff-a207-5fb0a1d8b942@group-8A642A2690EA: set configuration 0: peers:[d411a2e9-f1e7-48ff-a207-5fb0a1d8b942|rpc:10.1.0.52:15014|admin:10.1.0.52:15013|client:10.1.0.52:15012|dataStream:10.1.0.52:15015|priority:1|startupRole:FOLLOWER]|listeners:[], old=null
2023-08-25 11:32:54,362 [grpc-default-executor-0] INFO  server.RaftServer$Division (RaftServerImpl.java:requestVote(1302)) - ead66fe0-0d51-45f6-a40c-8e2915dd9a2f@group-F23DB3C01F23: receive requestVote(PRE_VOTE, d411a2e9-f1e7-48ff-a207-5fb0a1d8b942, group-F23DB3C01F23, 0, (t:0, i:0))
2023-08-25 11:32:54,363 [grpc-default-executor-0] INFO  impl.VoteContext (VoteContext.java:log(49)) - ead66fe0-0d51-45f6-a40c-8e2915dd9a2f@group-F23DB3C01F23-FOLLOWER: accept PRE_VOTE from d411a2e9-f1e7-48ff-a207-5fb0a1d8b942: our priority 0 <= candidate's priority 0
2023-08-25 11:32:54,365 [grpc-default-executor-0] INFO  server.RaftServer$Division (RaftServerImpl.java:requestVote(1335)) - ead66fe0-0d51-45f6-a40c-8e2915dd9a2f@group-F23DB3C01F23 replies to PRE_VOTE vote request: d411a2e9-f1e7-48ff-a207-5fb0a1d8b942<-ead66fe0-0d51-45f6-a40c-8e2915dd9a2f#0:OK-t0. Peer's state: ead66fe0-0d51-45f6-a40c-8e2915dd9a2f@group-F23DB3C01F23:t0, leader=null, voted=, raftlog=Memoized:ead66fe0-0d51-45f6-a40c-8e2915dd9a2f@group-F23DB3C01F23-SegmentedRaftLog:OPENED:c-1, conf=-1: peers:[ead66fe0-0d51-45f6-a40c-8e2915dd9a2f|rpc:10.1.0.52:15032|admin:10.1.0.52:15031|client:10.1.0.52:15030|dataStream:10.1.0.52:15033|priority:0|startupRole:FOLLOWER, 13d602e5-043f-4877-ab61-f2512eb11edb|rpc:10.1.0.52:15023|admin:10.1.0.52:15022|client:10.1.0.52:15021|dataStream:10.1.0.52:15024|priority:1|startupRole:FOLLOWER, d411a2e9-f1e7-48ff-a207-5fb0a1d8b942|rpc:10.1.0.52:15014|admin:10.1.0.52:15013|client:10.1.0.52:15012|dataStream:10.1.0.52:15015|priority:0|startupRole:FOLLOWER]|listeners:[], old=null
2023-08-25 11:32:54,927 [main] INFO  ozone.MiniOzoneClusterImpl (MiniOzoneClusterImpl.java:lambda$waitForClusterToBeReady$0(224)) - Nodes are ready. Got 5 of 5 DN Heartbeats.
2023-08-25 11:32:54,927 [main] INFO  ozone.MiniOzoneClusterImpl (MiniOzoneClusterImpl.java:lambda$waitForClusterToBeReady$0(227)) - Waiting for cluster to exit safe mode
2023-08-25 11:32:54,927 [main] INFO  ozone.MiniOzoneClusterImpl (MiniOzoneClusterImpl.java:lambda$waitForClusterToBeReady$0(229)) - SCM became leader
2023-08-25 11:32:54,959 [13d602e5-043f-4877-ab61-f2512eb11edb@group-BB58F65BAA1B-FollowerState] INFO  impl.FollowerState (FollowerState.java:run(143)) - 13d602e5-043f-4877-ab61-f2512eb11edb@group-BB58F65BAA1B-FollowerState: change to CANDIDATE, lastRpcElapsedTime:5293145473ns, electionTimeout:5025ms
2023-08-25 11:32:54,960 [13d602e5-043f-4877-ab61-f2512eb11edb@group-BB58F65BAA1B-FollowerState] INFO  impl.RoleInfo (RoleInfo.java:shutdownFollowerState(110)) - 13d602e5-043f-4877-ab61-f2512eb11edb: shutdown 13d602e5-043f-4877-ab61-f2512eb11edb@group-BB58F65BAA1B-FollowerState
2023-08-25 11:32:54,961 [13d602e5-043f-4877-ab61-f2512eb11edb@group-BB58F65BAA1B-FollowerState] INFO  server.RaftServer$Division (RaftServerImpl.java:setRole(329)) - 13d602e5-043f-4877-ab61-f2512eb11edb@group-BB58F65BAA1B: changes role from  FOLLOWER to CANDIDATE at term 0 for changeToCandidate
2023-08-25 11:32:54,963 [13d602e5-043f-4877-ab61-f2512eb11edb@group-BB58F65BAA1B-FollowerState] INFO  server.RaftServerConfigKeys (ConfUtils.java:logGet(46)) - raft.server.leaderelection.pre-vote = true (default)
2023-08-25 11:32:54,963 [13d602e5-043f-4877-ab61-f2512eb11edb@group-BB58F65BAA1B-FollowerState] INFO  impl.RoleInfo (RoleInfo.java:updateAndGet(139)) - 13d602e5-043f-4877-ab61-f2512eb11edb: start 13d602e5-043f-4877-ab61-f2512eb11edb@group-BB58F65BAA1B-LeaderElection4
2023-08-25 11:32:54,967 [13d602e5-043f-4877-ab61-f2512eb11edb@group-BB58F65BAA1B-LeaderElection4] INFO  impl.LeaderElection (LeaderElection.java:askForVotes(321)) - 13d602e5-043f-4877-ab61-f2512eb11edb@group-BB58F65BAA1B-LeaderElection4 PRE_VOTE round 0: submit vote requests at term 0 for -1: peers:[13d602e5-043f-4877-ab61-f2512eb11edb|rpc:10.1.0.52:15023|admin:10.1.0.52:15022|client:10.1.0.52:15021|dataStream:10.1.0.52:15024|priority:1|startupRole:FOLLOWER]|listeners:[], old=null
2023-08-25 11:32:54,967 [13d602e5-043f-4877-ab61-f2512eb11edb@group-BB58F65BAA1B-LeaderElection4] INFO  impl.LeaderElection (LeaderElection.java:askForVotes(323)) - 13d602e5-043f-4877-ab61-f2512eb11edb@group-BB58F65BAA1B-LeaderElection4 PRE_VOTE round 0: result PASSED (term=0)
2023-08-25 11:32:54,970 [13d602e5-043f-4877-ab61-f2512eb11edb@group-BB58F65BAA1B-LeaderElection4] INFO  impl.LeaderElection (LeaderElection.java:askForVotes(321)) - 13d602e5-043f-4877-ab61-f2512eb11edb@group-BB58F65BAA1B-LeaderElection4 ELECTION round 0: submit vote requests at term 1 for -1: peers:[13d602e5-043f-4877-ab61-f2512eb11edb|rpc:10.1.0.52:15023|admin:10.1.0.52:15022|client:10.1.0.52:15021|dataStream:10.1.0.52:15024|priority:1|startupRole:FOLLOWER]|listeners:[], old=null
2023-08-25 11:32:54,970 [13d602e5-043f-4877-ab61-f2512eb11edb@group-BB58F65BAA1B-LeaderElection4] INFO  impl.LeaderElection (LeaderElection.java:askForVotes(323)) - 13d602e5-043f-4877-ab61-f2512eb11edb@group-BB58F65BAA1B-LeaderElection4 ELECTION round 0: result PASSED (term=1)
2023-08-25 11:32:54,970 [13d602e5-043f-4877-ab61-f2512eb11edb@group-BB58F65BAA1B-LeaderElection4] INFO  impl.RoleInfo (RoleInfo.java:shutdownLeaderElection(130)) - 13d602e5-043f-4877-ab61-f2512eb11edb: shutdown 13d602e5-043f-4877-ab61-f2512eb11edb@group-BB58F65BAA1B-LeaderElection4
2023-08-25 11:32:54,970 [13d602e5-043f-4877-ab61-f2512eb11edb@group-BB58F65BAA1B-LeaderElection4] INFO  server.RaftServer$Division (RaftServerImpl.java:setRole(329)) - 13d602e5-043f-4877-ab61-f2512eb11edb@group-BB58F65BAA1B: changes role from CANDIDATE to LEADER at term 1 for changeToLeader
2023-08-25 11:32:54,970 [13d602e5-043f-4877-ab61-f2512eb11edb@group-BB58F65BAA1B-LeaderElection4] INFO  ratis.XceiverServerRatis (XceiverServerRatis.java:handleLeaderChangedNotification(902)) - Leader change notification received for group: group-BB58F65BAA1B with new leaderId: 13d602e5-043f-4877-ab61-f2512eb11edb
2023-08-25 11:32:54,970 [13d602e5-043f-4877-ab61-f2512eb11edb@group-BB58F65BAA1B-LeaderElection4] INFO  server.RaftServer$Division (ServerState.java:setLeader(317)) - 13d602e5-043f-4877-ab61-f2512eb11edb@group-BB58F65BAA1B: change Leader from null to 13d602e5-043f-4877-ab61-f2512eb11edb at term 1 for becomeLeader, leader elected after 5365ms
2023-08-25 11:32:54,970 [13d602e5-043f-4877-ab61-f2512eb11edb@group-BB58F65BAA1B-LeaderElection4] INFO  server.RaftServerConfigKeys (ConfUtils.java:logGet(46)) - raft.server.staging.catchup.gap = 1000 (default)
2023-08-25 11:32:54,971 [13d602e5-043f-4877-ab61-f2512eb11edb@group-BB58F65BAA1B-LeaderElection4] INFO  server.RaftServerConfigKeys (ConfUtils.java:logGet(46)) - raft.server.write.element-limit = 1024 (custom)
2023-08-25 11:32:54,971 [13d602e5-043f-4877-ab61-f2512eb11edb@group-BB58F65BAA1B-LeaderElection4] INFO  server.RaftServerConfigKeys (ConfUtils.java:logGet(46)) - raft.server.write.byte-limit = 1024 M (=1073741824) (custom)
2023-08-25 11:32:54,972 [EventQueue-OpenPipelineForHealthyPipelineSafeModeRule] INFO  safemode.SCMSafeModeManager (HealthyPipelineSafeModeRule.java:process(137)) - SCM in safe mode. Healthy pipelines reported count is 0, required healthy pipeline reported count is 1
2023-08-25 11:32:54,973 [13d602e5-043f-4877-ab61-f2512eb11edb@group-BB58F65BAA1B-LeaderElection4] INFO  server.RaftServerConfigKeys (ConfUtils.java:logGet(46)) - raft.server.watch.timeout = 180s (custom)
2023-08-25 11:32:54,973 [13d602e5-043f-4877-ab61-f2512eb11edb@group-BB58F65BAA1B-LeaderElection4] INFO  server.RaftServerConfigKeys (ConfUtils.java:logGet(46)) - raft.server.watch.timeout.denomination = 1s (default)
2023-08-25 11:32:54,973 [13d602e5-043f-4877-ab61-f2512eb11edb@group-BB58F65BAA1B-LeaderElection4] INFO  server.RaftServerConfigKeys (ConfUtils.java:logGet(46)) - raft.server.watch.element-limit = 65536 (default)
2023-08-25 11:32:54,973 [13d602e5-043f-4877-ab61-f2512eb11edb@group-BB58F65BAA1B-LeaderElection4] INFO  server.RaftServerConfigKeys (ConfUtils.java:logGet(46)) - raft.server.write.element-limit = 1024 (custom)
2023-08-25 11:32:54,973 [13d602e5-043f-4877-ab61-f2512eb11edb@group-BB58F65BAA1B-LeaderElection4] INFO  server.RaftServerConfigKeys (ConfUtils.java:logGet(46)) - raft.server.write.follower.gap.ratio.max = -1.0 (default)
2023-08-25 11:32:54,975 [13d602e5-043f-4877-ab61-f2512eb11edb@group-BB58F65BAA1B-LeaderElection4] INFO  impl.RoleInfo (RoleInfo.java:updateAndGet(139)) - 13d602e5-043f-4877-ab61-f2512eb11edb: start 13d602e5-043f-4877-ab61-f2512eb11edb@group-BB58F65BAA1B-LeaderStateImpl
2023-08-25 11:32:54,975 [13d602e5-043f-4877-ab61-f2512eb11edb@group-BB58F65BAA1B-LeaderElection4] INFO  segmented.SegmentedRaftLogWorker (SegmentedRaftLogWorker.java:startLogSegment(447)) - 13d602e5-043f-4877-ab61-f2512eb11edb@group-BB58F65BAA1B-SegmentedRaftLogWorker: Starting segment from index:0
2023-08-25 11:32:54,979 [13d602e5-043f-4877-ab61-f2512eb11edb@group-BB58F65BAA1B-LeaderElection4] INFO  server.RaftServer$Division (ServerState.java:setRaftConf(434)) - 13d602e5-043f-4877-ab61-f2512eb11edb@group-BB58F65BAA1B: set configuration 0: peers:[13d602e5-043f-4877-ab61-f2512eb11edb|rpc:10.1.0.52:15023|admin:10.1.0.52:15022|client:10.1.0.52:15021|dataStream:10.1.0.52:15024|priority:1|startupRole:FOLLOWER]|listeners:[], old=null
2023-08-25 11:32:54,982 [13d602e5-043f-4877-ab61-f2512eb11edb@group-BB58F65BAA1B-SegmentedRaftLogWorker] INFO  segmented.SegmentedRaftLogWorker (SegmentedRaftLogWorker.java:execute(651)) - 13d602e5-043f-4877-ab61-f2512eb11edb@group-BB58F65BAA1B-SegmentedRaftLogWorker: created new log segment /home/runner/work/ozone/ozone/hadoop-ozone/integration-test/target/test-dir/MiniOzoneClusterImpl-168be1a3-dcaf-40a9-aa5d-bf8b77a61b73/datanode-1/data/ratis/9d1a06b2-6520-43aa-bf2b-bb58f65baa1b/current/log_inprogress_0
2023-08-25 11:32:55,191 [ead66fe0-0d51-45f6-a40c-8e2915dd9a2f@group-F23DB3C01F23-FollowerState] INFO  server.RaftServerConfigKeys (ConfUtils.java:logFallback(53)) - raft.server.rpc.first-election.timeout.min = 5s (fallback to raft.server.rpc.timeout.min)
2023-08-25 11:32:55,192 [ead66fe0-0d51-45f6-a40c-8e2915dd9a2f@group-F23DB3C01F23-FollowerState] INFO  server.RaftServerConfigKeys (ConfUtils.java:logFallback(53)) - raft.server.rpc.first-election.timeout.max = 5200ms (fallback to raft.server.rpc.timeout.max)
2023-08-25 11:32:55,196 [13d602e5-043f-4877-ab61-f2512eb11edb@group-F23DB3C01F23-FollowerState] INFO  impl.FollowerState (FollowerState.java:run(143)) - 13d602e5-043f-4877-ab61-f2512eb11edb@group-F23DB3C01F23-FollowerState: change to CANDIDATE, lastRpcElapsedTime:5190377784ns, electionTimeout:5181ms
2023-08-25 11:32:55,197 [13d602e5-043f-4877-ab61-f2512eb11edb@group-F23DB3C01F23-FollowerState] INFO  impl.RoleInfo (RoleInfo.java:shutdownFollowerState(110)) - 13d602e5-043f-4877-ab61-f2512eb11edb: shutdown 13d602e5-043f-4877-ab61-f2512eb11edb@group-F23DB3C01F23-FollowerState
2023-08-25 11:32:55,197 [13d602e5-043f-4877-ab61-f2512eb11edb@group-F23DB3C01F23-FollowerState] INFO  server.RaftServer$Division (RaftServerImpl.java:setRole(329)) - 13d602e5-043f-4877-ab61-f2512eb11edb@group-F23DB3C01F23: changes role from  FOLLOWER to CANDIDATE at term 0 for changeToCandidate
2023-08-25 11:32:55,200 [13d602e5-043f-4877-ab61-f2512eb11edb@group-F23DB3C01F23-FollowerState] INFO  server.RaftServerConfigKeys (ConfUtils.java:logGet(46)) - raft.server.leaderelection.pre-vote = true (default)
2023-08-25 11:32:55,200 [13d602e5-043f-4877-ab61-f2512eb11edb@group-F23DB3C01F23-FollowerState] INFO  impl.RoleInfo (RoleInfo.java:updateAndGet(139)) - 13d602e5-043f-4877-ab61-f2512eb11edb: start 13d602e5-043f-4877-ab61-f2512eb11edb@group-F23DB3C01F23-LeaderElection5
2023-08-25 11:32:55,203 [13d602e5-043f-4877-ab61-f2512eb11edb@group-F23DB3C01F23-LeaderElection5] INFO  impl.LeaderElection (LeaderElection.java:askForVotes(321)) - 13d602e5-043f-4877-ab61-f2512eb11edb@group-F23DB3C01F23-LeaderElection5 PRE_VOTE round 0: submit vote requests at term 0 for -1: peers:[ead66fe0-0d51-45f6-a40c-8e2915dd9a2f|rpc:10.1.0.52:15032|admin:10.1.0.52:15031|client:10.1.0.52:15030|dataStream:10.1.0.52:15033|priority:0|startupRole:FOLLOWER, 13d602e5-043f-4877-ab61-f2512eb11edb|rpc:10.1.0.52:15023|admin:10.1.0.52:15022|client:10.1.0.52:15021|dataStream:10.1.0.52:15024|priority:1|startupRole:FOLLOWER, d411a2e9-f1e7-48ff-a207-5fb0a1d8b942|rpc:10.1.0.52:15014|admin:10.1.0.52:15013|client:10.1.0.52:15012|dataStream:10.1.0.52:15015|priority:0|startupRole:FOLLOWER]|listeners:[], old=null
2023-08-25 11:32:55,204 [13d602e5-043f-4877-ab61-f2512eb11edb@group-F23DB3C01F23-LeaderElection5] INFO  server.RaftServerConfigKeys (ConfUtils.java:logFallback(53)) - raft.server.rpc.first-election.timeout.min = 5s (fallback to raft.server.rpc.timeout.min)
2023-08-25 11:32:55,204 [13d602e5-043f-4877-ab61-f2512eb11edb@group-F23DB3C01F23-LeaderElection5-2] INFO  server.GrpcServerProtocolClient (GrpcServerProtocolClient.java:<init>(65)) - Build channel for d411a2e9-f1e7-48ff-a207-5fb0a1d8b942
2023-08-25 11:32:55,206 [13d602e5-043f-4877-ab61-f2512eb11edb@group-F23DB3C01F23-LeaderElection5-1] INFO  server.GrpcServerProtocolClient (GrpcServerProtocolClient.java:<init>(65)) - Build channel for ead66fe0-0d51-45f6-a40c-8e2915dd9a2f
2023-08-25 11:32:55,205 [13d602e5-043f-4877-ab61-f2512eb11edb@group-F23DB3C01F23-LeaderElection5] INFO  server.RaftServerConfigKeys (ConfUtils.java:logFallback(53)) - raft.server.rpc.first-election.timeout.max = 5200ms (fallback to raft.server.rpc.timeout.max)
2023-08-25 11:32:55,226 [grpc-default-executor-0] INFO  server.RaftServer$Division (RaftServerImpl.java:requestVote(1302)) - ead66fe0-0d51-45f6-a40c-8e2915dd9a2f@group-F23DB3C01F23: receive requestVote(PRE_VOTE, 13d602e5-043f-4877-ab61-f2512eb11edb, group-F23DB3C01F23, 0, (t:0, i:0))
2023-08-25 11:32:55,226 [grpc-default-executor-0] INFO  impl.VoteContext (VoteContext.java:log(49)) - ead66fe0-0d51-45f6-a40c-8e2915dd9a2f@group-F23DB3C01F23-FOLLOWER: accept PRE_VOTE from 13d602e5-043f-4877-ab61-f2512eb11edb: our priority 0 <= candidate's priority 1
2023-08-25 11:32:55,226 [grpc-default-executor-0] INFO  server.RaftServer$Division (RaftServerImpl.java:requestVote(1335)) - ead66fe0-0d51-45f6-a40c-8e2915dd9a2f@group-F23DB3C01F23 replies to PRE_VOTE vote request: 13d602e5-043f-4877-ab61-f2512eb11edb<-ead66fe0-0d51-45f6-a40c-8e2915dd9a2f#0:OK-t0. Peer's state: ead66fe0-0d51-45f6-a40c-8e2915dd9a2f@group-F23DB3C01F23:t0, leader=null, voted=, raftlog=Memoized:ead66fe0-0d51-45f6-a40c-8e2915dd9a2f@group-F23DB3C01F23-SegmentedRaftLog:OPENED:c-1, conf=-1: peers:[ead66fe0-0d51-45f6-a40c-8e2915dd9a2f|rpc:10.1.0.52:15032|admin:10.1.0.52:15031|client:10.1.0.52:15030|dataStream:10.1.0.52:15033|priority:0|startupRole:FOLLOWER, 13d602e5-043f-4877-ab61-f2512eb11edb|rpc:10.1.0.52:15023|admin:10.1.0.52:15022|client:10.1.0.52:15021|dataStream:10.1.0.52:15024|priority:1|startupRole:FOLLOWER, d411a2e9-f1e7-48ff-a207-5fb0a1d8b942|rpc:10.1.0.52:15014|admin:10.1.0.52:15013|client:10.1.0.52:15012|dataStream:10.1.0.52:15015|priority:0|startupRole:FOLLOWER]|listeners:[], old=null
2023-08-25 11:32:55,230 [13d602e5-043f-4877-ab61-f2512eb11edb@group-F23DB3C01F23-LeaderElection5] INFO  impl.LeaderElection (LeaderElection.java:logAndReturn(90)) - 13d602e5-043f-4877-ab61-f2512eb11edb@group-F23DB3C01F23-LeaderElection5: PRE_VOTE PASSED received 1 response(s) and 0 exception(s):
2023-08-25 11:32:55,230 [13d602e5-043f-4877-ab61-f2512eb11edb@group-F23DB3C01F23-LeaderElection5] INFO  impl.LeaderElection (LeaderElection.java:logAndReturn(94)) -   Response 0: 13d602e5-043f-4877-ab61-f2512eb11edb<-ead66fe0-0d51-45f6-a40c-8e2915dd9a2f#0:OK-t0
2023-08-25 11:32:55,230 [13d602e5-043f-4877-ab61-f2512eb11edb@group-F23DB3C01F23-LeaderElection5] INFO  impl.LeaderElection (LeaderElection.java:askForVotes(323)) - 13d602e5-043f-4877-ab61-f2512eb11edb@group-F23DB3C01F23-LeaderElection5 PRE_VOTE round 0: result PASSED
2023-08-25 11:32:55,232 [13d602e5-043f-4877-ab61-f2512eb11edb@group-F23DB3C01F23-LeaderElection5] INFO  impl.LeaderElection (LeaderElection.java:askForVotes(321)) - 13d602e5-043f-4877-ab61-f2512eb11edb@group-F23DB3C01F23-LeaderElection5 ELECTION round 0: submit vote requests at term 1 for -1: peers:[ead66fe0-0d51-45f6-a40c-8e2915dd9a2f|rpc:10.1.0.52:15032|admin:10.1.0.52:15031|client:10.1.0.52:15030|dataStream:10.1.0.52:15033|priority:0|startupRole:FOLLOWER, 13d602e5-043f-4877-ab61-f2512eb11edb|rpc:10.1.0.52:15023|admin:10.1.0.52:15022|client:10.1.0.52:15021|dataStream:10.1.0.52:15024|priority:1|startupRole:FOLLOWER, d411a2e9-f1e7-48ff-a207-5fb0a1d8b942|rpc:10.1.0.52:15014|admin:10.1.0.52:15013|client:10.1.0.52:15012|dataStream:10.1.0.52:15015|priority:0|startupRole:FOLLOWER]|listeners:[], old=null
2023-08-25 11:32:55,235 [13d602e5-043f-4877-ab61-f2512eb11edb@group-F23DB3C01F23-LeaderElection5] INFO  server.RaftServerConfigKeys (ConfUtils.java:logFallback(53)) - raft.server.rpc.first-election.timeout.min = 5s (fallback to raft.server.rpc.timeout.min)
2023-08-25 11:32:55,235 [13d602e5-043f-4877-ab61-f2512eb11edb@group-F23DB3C01F23-LeaderElection5] INFO  server.RaftServerConfigKeys (ConfUtils.java:logFallback(53)) - raft.server.rpc.first-election.timeout.max = 5200ms (fallback to raft.server.rpc.timeout.max)
2023-08-25 11:32:55,243 [grpc-default-executor-0] INFO  server.RaftServer$Division (RaftServerImpl.java:requestVote(1302)) - ead66fe0-0d51-45f6-a40c-8e2915dd9a2f@group-F23DB3C01F23: receive requestVote(ELECTION, 13d602e5-043f-4877-ab61-f2512eb11edb, group-F23DB3C01F23, 1, (t:0, i:0))
2023-08-25 11:32:55,245 [grpc-default-executor-0] INFO  impl.VoteContext (VoteContext.java:log(49)) - ead66fe0-0d51-45f6-a40c-8e2915dd9a2f@group-F23DB3C01F23-FOLLOWER: accept ELECTION from 13d602e5-043f-4877-ab61-f2512eb11edb: our priority 0 <= candidate's priority 1
2023-08-25 11:32:55,246 [grpc-default-executor-0] INFO  server.RaftServer$Division (RaftServerImpl.java:setRole(329)) - ead66fe0-0d51-45f6-a40c-8e2915dd9a2f@group-F23DB3C01F23: changes role from  FOLLOWER to FOLLOWER at term 1 for candidate:13d602e5-043f-4877-ab61-f2512eb11edb
2023-08-25 11:32:55,246 [grpc-default-executor-0] INFO  impl.RoleInfo (RoleInfo.java:shutdownFollowerState(110)) - ead66fe0-0d51-45f6-a40c-8e2915dd9a2f: shutdown ead66fe0-0d51-45f6-a40c-8e2915dd9a2f@group-F23DB3C01F23-FollowerState
2023-08-25 11:32:55,246 [grpc-default-executor-0] INFO  impl.RoleInfo (RoleInfo.java:updateAndGet(139)) - ead66fe0-0d51-45f6-a40c-8e2915dd9a2f: start ead66fe0-0d51-45f6-a40c-8e2915dd9a2f@group-F23DB3C01F23-FollowerState
2023-08-25 11:32:55,247 [ead66fe0-0d51-45f6-a40c-8e2915dd9a2f@group-F23DB3C01F23-FollowerState] INFO  impl.FollowerState (FollowerState.java:run(152)) - ead66fe0-0d51-45f6-a40c-8e2915dd9a2f@group-F23DB3C01F23-FollowerState was interrupted
2023-08-25 11:32:55,249 [grpc-default-executor-0] INFO  server.RaftServer$Division (RaftServerImpl.java:requestVote(1335)) - ead66fe0-0d51-45f6-a40c-8e2915dd9a2f@group-F23DB3C01F23 replies to ELECTION vote request: 13d602e5-043f-4877-ab61-f2512eb11edb<-ead66fe0-0d51-45f6-a40c-8e2915dd9a2f#0:OK-t1. Peer's state: ead66fe0-0d51-45f6-a40c-8e2915dd9a2f@group-F23DB3C01F23:t1, leader=null, voted=13d602e5-043f-4877-ab61-f2512eb11edb, raftlog=Memoized:ead66fe0-0d51-45f6-a40c-8e2915dd9a2f@group-F23DB3C01F23-SegmentedRaftLog:OPENED:c-1, conf=-1: peers:[ead66fe0-0d51-45f6-a40c-8e2915dd9a2f|rpc:10.1.0.52:15032|admin:10.1.0.52:15031|client:10.1.0.52:15030|dataStream:10.1.0.52:15033|priority:0|startupRole:FOLLOWER, 13d602e5-043f-4877-ab61-f2512eb11edb|rpc:10.1.0.52:15023|admin:10.1.0.52:15022|client:10.1.0.52:15021|dataStream:10.1.0.52:15024|priority:1|startupRole:FOLLOWER, d411a2e9-f1e7-48ff-a207-5fb0a1d8b942|rpc:10.1.0.52:15014|admin:10.1.0.52:15013|client:10.1.0.52:15012|dataStream:10.1.0.52:15015|priority:0|startupRole:FOLLOWER]|listeners:[], old=null
2023-08-25 11:32:55,252 [13d602e5-043f-4877-ab61-f2512eb11edb@group-F23DB3C01F23-LeaderElection5] INFO  impl.LeaderElection (LeaderElection.java:logAndReturn(90)) - 13d602e5-043f-4877-ab61-f2512eb11edb@group-F23DB3C01F23-LeaderElection5: ELECTION PASSED received 1 response(s) and 0 exception(s):
2023-08-25 11:32:55,252 [13d602e5-043f-4877-ab61-f2512eb11edb@group-F23DB3C01F23-LeaderElection5] INFO  impl.LeaderElection (LeaderElection.java:logAndReturn(94)) -   Response 0: 13d602e5-043f-4877-ab61-f2512eb11edb<-ead66fe0-0d51-45f6-a40c-8e2915dd9a2f#0:OK-t1
2023-08-25 11:32:55,252 [13d602e5-043f-4877-ab61-f2512eb11edb@group-F23DB3C01F23-LeaderElection5] INFO  impl.LeaderElection (LeaderElection.java:askForVotes(323)) - 13d602e5-043f-4877-ab61-f2512eb11edb@group-F23DB3C01F23-LeaderElection5 ELECTION round 0: result PASSED
2023-08-25 11:32:55,252 [13d602e5-043f-4877-ab61-f2512eb11edb@group-F23DB3C01F23-LeaderElection5] INFO  impl.RoleInfo (RoleInfo.java:shutdownLeaderElection(130)) - 13d602e5-043f-4877-ab61-f2512eb11edb: shutdown 13d602e5-043f-4877-ab61-f2512eb11edb@group-F23DB3C01F23-LeaderElection5
2023-08-25 11:32:55,252 [13d602e5-043f-4877-ab61-f2512eb11edb@group-F23DB3C01F23-LeaderElection5] INFO  server.RaftServer$Division (RaftServerImpl.java:setRole(329)) - 13d602e5-043f-4877-ab61-f2512eb11edb@group-F23DB3C01F23: changes role from CANDIDATE to LEADER at term 1 for changeToLeader
2023-08-25 11:32:55,252 [13d602e5-043f-4877-ab61-f2512eb11edb@group-F23DB3C01F23-LeaderElection5] INFO  ratis.XceiverServerRatis (XceiverServerRatis.java:handleLeaderChangedNotification(902)) - Leader change notification received for group: group-F23DB3C01F23 with new leaderId: 13d602e5-043f-4877-ab61-f2512eb11edb
2023-08-25 11:32:55,252 [13d602e5-043f-4877-ab61-f2512eb11edb@group-F23DB3C01F23-LeaderElection5] INFO  server.RaftServer$Division (ServerState.java:setLeader(317)) - 13d602e5-043f-4877-ab61-f2512eb11edb@group-F23DB3C01F23: change Leader from null to 13d602e5-043f-4877-ab61-f2512eb11edb at term 1 for becomeLeader, leader elected after 5304ms
2023-08-25 11:32:55,253 [13d602e5-043f-4877-ab61-f2512eb11edb@group-F23DB3C01F23-LeaderElection5] INFO  server.RaftServerConfigKeys (ConfUtils.java:logGet(46)) - raft.server.staging.catchup.gap = 1000 (default)
2023-08-25 11:32:55,253 [13d602e5-043f-4877-ab61-f2512eb11edb@group-F23DB3C01F23-LeaderElection5] INFO  server.RaftServerConfigKeys (ConfUtils.java:logGet(46)) - raft.server.write.element-limit = 1024 (custom)
2023-08-25 11:32:55,253 [13d602e5-043f-4877-ab61-f2512eb11edb@group-F23DB3C01F23-LeaderElection5] INFO  server.RaftServerConfigKeys (ConfUtils.java:logGet(46)) - raft.server.write.byte-limit = 1024 M (=1073741824) (custom)
2023-08-25 11:32:55,253 [13d602e5-043f-4877-ab61-f2512eb11edb@group-F23DB3C01F23-LeaderElection5] INFO  server.RaftServerConfigKeys (ConfUtils.java:logGet(46)) - raft.server.watch.timeout = 180s (custom)
2023-08-25 11:32:55,253 [13d602e5-043f-4877-ab61-f2512eb11edb@group-F23DB3C01F23-LeaderElection5] INFO  server.RaftServerConfigKeys (ConfUtils.java:logGet(46)) - raft.server.watch.timeout.denomination = 1s (default)
2023-08-25 11:32:55,253 [13d602e5-043f-4877-ab61-f2512eb11edb@group-F23DB3C01F23-LeaderElection5] INFO  server.RaftServerConfigKeys (ConfUtils.java:logGet(46)) - raft.server.watch.element-limit = 65536 (default)
2023-08-25 11:32:55,254 [13d602e5-043f-4877-ab61-f2512eb11edb@group-F23DB3C01F23-LeaderElection5] INFO  server.RaftServerConfigKeys (ConfUtils.java:logGet(46)) - raft.server.write.element-limit = 1024 (custom)
2023-08-25 11:32:55,254 [13d602e5-043f-4877-ab61-f2512eb11edb@group-F23DB3C01F23-LeaderElection5] INFO  server.RaftServerConfigKeys (ConfUtils.java:logGet(46)) - raft.server.write.follower.gap.ratio.max = -1.0 (default)
2023-08-25 11:32:55,258 [grpc-default-executor-2] INFO  server.RaftServer$Division (RaftServerImpl.java:requestVote(1302)) - d411a2e9-f1e7-48ff-a207-5fb0a1d8b942@group-F23DB3C01F23: receive requestVote(PRE_VOTE, 13d602e5-043f-4877-ab61-f2512eb11edb, group-F23DB3C01F23, 0, (t:0, i:0))
2023-08-25 11:32:55,263 [EventQueue-OpenPipelineForHealthyPipelineSafeModeRule] INFO  safemode.SCMSafeModeManager (HealthyPipelineSafeModeRule.java:process(137)) - SCM in safe mode. Healthy pipelines reported count is 0, required healthy pipeline reported count is 1
2023-08-25 11:32:55,263 [EventQueue-PipelineReportForPipelineReportHandler] INFO  pipeline.PipelineReportHandler (PipelineReportHandler.java:processPipelineReport(136)) - Opened pipeline PipelineID=bc177899-9391-40ce-8421-f23db3c01f23
2023-08-25 11:32:55,262 [grpc-default-executor-1] INFO  server.RaftServer$Division (RaftServerImpl.java:requestVote(1302)) - d411a2e9-f1e7-48ff-a207-5fb0a1d8b942@group-F23DB3C01F23: receive requestVote(ELECTION, 13d602e5-043f-4877-ab61-f2512eb11edb, group-F23DB3C01F23, 1, (t:0, i:0))
2023-08-25 11:32:55,264 [EventQueue-OpenPipelineForHealthyPipelineSafeModeRule] INFO  safemode.SCMSafeModeManager (HealthyPipelineSafeModeRule.java:process(137)) - SCM in safe mode. Healthy pipelines reported count is 1, required healthy pipeline reported count is 1
2023-08-25 11:32:55,265 [EventQueue-OpenPipelineForHealthyPipelineSafeModeRule] INFO  safemode.SCMSafeModeManager (SCMSafeModeManager.java:validateSafeModeExitRules(200)) - HealthyPipelineSafeModeRule rule is successfully validated
2023-08-25 11:32:55,265 [EventQueue-OpenPipelineForHealthyPipelineSafeModeRule] INFO  safemode.SCMSafeModeManager (SCMSafeModeManager.java:validateSafeModeExitRules(215)) - ScmSafeModeManager, all rules are successfully validated
2023-08-25 11:32:55,265 [EventQueue-OpenPipelineForHealthyPipelineSafeModeRule] INFO  safemode.SCMSafeModeManager (SCMSafeModeManager.java:exitSafeMode(244)) - SCM exiting safe mode.
2023-08-25 11:32:55,265 [EventQueue-OpenPipelineForHealthyPipelineSafeModeRule] INFO  ha.SCMContext (SCMContext.java:updateSafeModeStatus(228)) - Update SafeModeStatus from SafeModeStatus{safeModeStatus=true, preCheckPassed=true} to SafeModeStatus{safeModeStatus=false, preCheckPassed=true}.
2023-08-25 11:32:55,265 [EventQueue-OpenPipelineForHealthyPipelineSafeModeRule] INFO  pipeline.BackgroundPipelineCreator (BackgroundPipelineCreator.java:notifyStatusChanged(255)) - Service BackgroundPipelineCreator transitions to RUNNING.
2023-08-25 11:32:55,265 [EventQueue-OpenPipelineForHealthyPipelineSafeModeRule] INFO  BackgroundPipelineScrubber (BackgroundSCMService.java:notifyStatusChanged(82)) - Service BackgroundPipelineScrubber transitions to RUNNING.
2023-08-25 11:32:55,265 [EventQueue-OpenPipelineForHealthyPipelineSafeModeRule] INFO  ExpiredContainerReplicaOpScrubber (BackgroundSCMService.java:notifyStatusChanged(82)) - Service ExpiredContainerReplicaOpScrubber transitions to RUNNING.
2023-08-25 11:32:55,265 [EventQueue-OpenPipelineForHealthyPipelineSafeModeRule] INFO  replication.ReplicationManager (ReplicationManager.java:notifyStatusChanged(1370)) - Service ReplicationManager transitions to RUNNING.
2023-08-25 11:32:55,264 [grpc-default-executor-2] INFO  impl.VoteContext (VoteContext.java:log(49)) - d411a2e9-f1e7-48ff-a207-5fb0a1d8b942@group-F23DB3C01F23-FOLLOWER: accept PRE_VOTE from 13d602e5-043f-4877-ab61-f2512eb11edb: our priority 0 <= candidate's priority 1
2023-08-25 11:32:55,267 [grpc-default-executor-2] INFO  server.RaftServer$Division (RaftServerImpl.java:requestVote(1335)) - d411a2e9-f1e7-48ff-a207-5fb0a1d8b942@group-F23DB3C01F23 replies to PRE_VOTE vote request: 13d602e5-043f-4877-ab61-f2512eb11edb<-d411a2e9-f1e7-48ff-a207-5fb0a1d8b942#0:OK-t0. Peer's state: d411a2e9-f1e7-48ff-a207-5fb0a1d8b942@group-F23DB3C01F23:t0, leader=null, voted=, raftlog=Memoized:d411a2e9-f1e7-48ff-a207-5fb0a1d8b942@group-F23DB3C01F23-SegmentedRaftLog:OPENED:c-1, conf=-1: peers:[ead66fe0-0d51-45f6-a40c-8e2915dd9a2f|rpc:10.1.0.52:15032|admin:10.1.0.52:15031|client:10.1.0.52:15030|dataStream:10.1.0.52:15033|priority:0|startupRole:FOLLOWER, 13d602e5-043f-4877-ab61-f2512eb11edb|rpc:10.1.0.52:15023|admin:10.1.0.52:15022|client:10.1.0.52:15021|dataStream:10.1.0.52:15024|priority:1|startupRole:FOLLOWER, d411a2e9-f1e7-48ff-a207-5fb0a1d8b942|rpc:10.1.0.52:15014|admin:10.1.0.52:15013|client:10.1.0.52:15012|dataStream:10.1.0.52:15015|priority:0|startupRole:FOLLOWER]|listeners:[], old=null
2023-08-25 11:32:55,267 [grpc-default-executor-1] INFO  impl.VoteContext (VoteContext.java:log(49)) - d411a2e9-f1e7-48ff-a207-5fb0a1d8b942@group-F23DB3C01F23-FOLLOWER: accept ELECTION from 13d602e5-043f-4877-ab61-f2512eb11edb: our priority 0 <= candidate's priority 1
2023-08-25 11:32:55,267 [grpc-default-executor-1] INFO  server.RaftServer$Division (RaftServerImpl.java:setRole(329)) - d411a2e9-f1e7-48ff-a207-5fb0a1d8b942@group-F23DB3C01F23: changes role from  FOLLOWER to FOLLOWER at term 1 for candidate:13d602e5-043f-4877-ab61-f2512eb11edb
2023-08-25 11:32:55,268 [grpc-default-executor-1] INFO  impl.RoleInfo (RoleInfo.java:shutdownFollowerState(110)) - d411a2e9-f1e7-48ff-a207-5fb0a1d8b942: shutdown d411a2e9-f1e7-48ff-a207-5fb0a1d8b942@group-F23DB3C01F23-FollowerState
2023-08-25 11:32:55,268 [grpc-default-executor-1] INFO  impl.RoleInfo (RoleInfo.java:updateAndGet(139)) - d411a2e9-f1e7-48ff-a207-5fb0a1d8b942: start d411a2e9-f1e7-48ff-a207-5fb0a1d8b942@group-F23DB3C01F23-FollowerState
2023-08-25 11:32:55,268 [d411a2e9-f1e7-48ff-a207-5fb0a1d8b942@group-F23DB3C01F23-FollowerState] INFO  impl.FollowerState (FollowerState.java:run(152)) - d411a2e9-f1e7-48ff-a207-5fb0a1d8b942@group-F23DB3C01F23-FollowerState was interrupted
2023-08-25 11:32:55,274 [grpc-default-executor-1] INFO  server.RaftServer$Division (RaftServerImpl.java:requestVote(1335)) - d411a2e9-f1e7-48ff-a207-5fb0a1d8b942@group-F23DB3C01F23 replies to ELECTION vote request: 13d602e5-043f-4877-ab61-f2512eb11edb<-d411a2e9-f1e7-48ff-a207-5fb0a1d8b942#0:OK-t1. Peer's state: d411a2e9-f1e7-48ff-a207-5fb0a1d8b942@group-F23DB3C01F23:t1, leader=null, voted=13d602e5-043f-4877-ab61-f2512eb11edb, raftlog=Memoized:d411a2e9-f1e7-48ff-a207-5fb0a1d8b942@group-F23DB3C01F23-SegmentedRaftLog:OPENED:c-1, conf=-1: peers:[ead66fe0-0d51-45f6-a40c-8e2915dd9a2f|rpc:10.1.0.52:15032|admin:10.1.0.52:15031|client:10.1.0.52:15030|dataStream:10.1.0.52:15033|priority:0|startupRole:FOLLOWER, 13d602e5-043f-4877-ab61-f2512eb11edb|rpc:10.1.0.52:15023|admin:10.1.0.52:15022|client:10.1.0.52:15021|dataStream:10.1.0.52:15024|priority:1|startupRole:FOLLOWER, d411a2e9-f1e7-48ff-a207-5fb0a1d8b942|rpc:10.1.0.52:15014|admin:10.1.0.52:15013|client:10.1.0.52:15012|dataStream:10.1.0.52:15015|priority:0|startupRole:FOLLOWER]|listeners:[], old=null
2023-08-25 11:32:55,285 [EventQueue-OpenPipelineForHealthyPipelineSafeModeRule] WARN  balancer.ContainerBalancer (ContainerBalancer.java:shouldRun(134)) - Could not find persisted configuration for ContainerBalancer when checking if ContainerBalancer should run. ContainerBalancer should not run now.
2023-08-25 11:32:55,286 [13d602e5-043f-4877-ab61-f2512eb11edb@group-F23DB3C01F23-LeaderElection5] INFO  server.RaftServerConfigKeys (ConfUtils.java:logGet(46)) - raft.server.log.appender.snapshot.chunk.size.max = 16MB (=16777216) (default)
2023-08-25 11:32:55,287 [13d602e5-043f-4877-ab61-f2512eb11edb@group-F23DB3C01F23-LeaderElection5] INFO  server.RaftServerConfigKeys (ConfUtils.java:logGet(46)) - raft.server.log.appender.buffer.byte-limit = 33554432 (custom)
2023-08-25 11:32:55,287 [13d602e5-043f-4877-ab61-f2512eb11edb@group-F23DB3C01F23-LeaderElection5] INFO  server.RaftServerConfigKeys (ConfUtils.java:logGet(46)) - raft.server.log.appender.buffer.element-limit = 1 (custom)
2023-08-25 11:32:55,289 [13d602e5-043f-4877-ab61-f2512eb11edb@group-F23DB3C01F23-LeaderElection5] INFO  server.RaftServerConfigKeys (ConfUtils.java:logGet(46)) - raft.server.log.appender.wait-time.min = 10ms (default)
2023-08-25 11:32:55,290 [13d602e5-043f-4877-ab61-f2512eb11edb@group-F23DB3C01F23-LeaderElection5] INFO  grpc.GrpcConfigKeys (ConfUtils.java:logGet(46)) - raft.grpc.server.leader.outstanding.appends.max = 128 (default)
2023-08-25 11:32:55,290 [13d602e5-043f-4877-ab61-f2512eb11edb@group-F23DB3C01F23-LeaderElection5] INFO  server.RaftServerConfigKeys (ConfUtils.java:logGet(46)) - raft.server.rpc.request.timeout = 60s (custom)
2023-08-25 11:32:55,291 [13d602e5-043f-4877-ab61-f2512eb11edb@group-F23DB3C01F23-LeaderElection5] INFO  grpc.GrpcConfigKeys (ConfUtils.java:logGet(46)) - raft.grpc.server.install_snapshot.request.element-limit = 8 (default)
2023-08-25 11:32:55,291 [13d602e5-043f-4877-ab61-f2512eb11edb@group-F23DB3C01F23-LeaderElection5] INFO  grpc.GrpcConfigKeys (ConfUtils.java:logGet(46)) - raft.grpc.server.install_snapshot.request.timeout = 3000ms (default)
2023-08-25 11:32:55,291 [13d602e5-043f-4877-ab61-f2512eb11edb@group-F23DB3C01F23-LeaderElection5] INFO  server.RaftServerConfigKeys (ConfUtils.java:logGet(46)) - raft.server.log.appender.install.snapshot.enabled = false (custom)
2023-08-25 11:32:55,291 [13d602e5-043f-4877-ab61-f2512eb11edb@group-F23DB3C01F23-LeaderElection5] INFO  grpc.GrpcConfigKeys (ConfUtils.java:logGet(46)) - raft.grpc.server.heartbeat.channel = true (default)
2023-08-25 11:32:55,294 [13d602e5-043f-4877-ab61-f2512eb11edb@group-F23DB3C01F23-LeaderElection5] INFO  server.RaftServerConfigKeys (ConfUtils.java:logGet(46)) - raft.server.log.appender.snapshot.chunk.size.max = 16MB (=16777216) (default)
2023-08-25 11:32:55,294 [13d602e5-043f-4877-ab61-f2512eb11edb@group-F23DB3C01F23-LeaderElection5] INFO  server.RaftServerConfigKeys (ConfUtils.java:logGet(46)) - raft.server.log.appender.buffer.byte-limit = 33554432 (custom)
2023-08-25 11:32:55,294 [13d602e5-043f-4877-ab61-f2512eb11edb@group-F23DB3C01F23-LeaderElection5] INFO  server.RaftServerConfigKeys (ConfUtils.java:logGet(46)) - raft.server.log.appender.buffer.element-limit = 1 (custom)
2023-08-25 11:32:55,294 [13d602e5-043f-4877-ab61-f2512eb11edb@group-F23DB3C01F23-LeaderElection5] INFO  server.RaftServerConfigKeys (ConfUtils.java:logGet(46)) - raft.server.log.appender.wait-time.min = 10ms (default)
2023-08-25 11:32:55,294 [13d602e5-043f-4877-ab61-f2512eb11edb@group-F23DB3C01F23-LeaderElection5] INFO  grpc.GrpcConfigKeys (ConfUtils.java:logGet(46)) - raft.grpc.server.leader.outstanding.appends.max = 128 (default)
2023-08-25 11:32:55,294 [13d602e5-043f-4877-ab61-f2512eb11edb@group-F23DB3C01F23-LeaderElection5] INFO  server.RaftServerConfigKeys (ConfUtils.java:logGet(46)) - raft.server.rpc.request.timeout = 60s (custom)
2023-08-25 11:32:55,294 [13d602e5-043f-4877-ab61-f2512eb11edb@group-F23DB3C01F23-LeaderElection5] INFO  grpc.GrpcConfigKeys (ConfUtils.java:logGet(46)) - raft.grpc.server.install_snapshot.request.element-limit = 8 (default)
2023-08-25 11:32:55,295 [13d602e5-043f-4877-ab61-f2512eb11edb@group-F23DB3C01F23-LeaderElection5] INFO  grpc.GrpcConfigKeys (ConfUtils.java:logGet(46)) - raft.grpc.server.install_snapshot.request.timeout = 3000ms (default)
2023-08-25 11:32:55,295 [13d602e5-043f-4877-ab61-f2512eb11edb@group-F23DB3C01F23-LeaderElection5] INFO  server.RaftServerConfigKeys (ConfUtils.java:logGet(46)) - raft.server.log.appender.install.snapshot.enabled = false (custom)
2023-08-25 11:32:55,295 [13d602e5-043f-4877-ab61-f2512eb11edb@group-F23DB3C01F23-LeaderElection5] INFO  grpc.GrpcConfigKeys (ConfUtils.java:logGet(46)) - raft.grpc.server.heartbeat.channel = true (default)
2023-08-25 11:32:55,296 [13d602e5-043f-4877-ab61-f2512eb11edb@group-F23DB3C01F23-LeaderElection5] INFO  impl.RoleInfo (RoleInfo.java:updateAndGet(139)) - 13d602e5-043f-4877-ab61-f2512eb11edb: start 13d602e5-043f-4877-ab61-f2512eb11edb@group-F23DB3C01F23-LeaderStateImpl
2023-08-25 11:32:55,297 [13d602e5-043f-4877-ab61-f2512eb11edb@group-F23DB3C01F23-LeaderElection5] INFO  segmented.SegmentedRaftLogWorker (SegmentedRaftLogWorker.java:startLogSegment(447)) - 13d602e5-043f-4877-ab61-f2512eb11edb@group-F23DB3C01F23-SegmentedRaftLogWorker: Starting segment from index:0
2023-08-25 11:32:55,298 [13d602e5-043f-4877-ab61-f2512eb11edb@group-F23DB3C01F23-SegmentedRaftLogWorker] INFO  segmented.SegmentedRaftLogWorker (SegmentedRaftLogWorker.java:execute(651)) - 13d602e5-043f-4877-ab61-f2512eb11edb@group-F23DB3C01F23-SegmentedRaftLogWorker: created new log segment /home/runner/work/ozone/ozone/hadoop-ozone/integration-test/target/test-dir/MiniOzoneClusterImpl-168be1a3-dcaf-40a9-aa5d-bf8b77a61b73/datanode-1/data/ratis/bc177899-9391-40ce-8421-f23db3c01f23/current/log_inprogress_0
2023-08-25 11:32:55,310 [13d602e5-043f-4877-ab61-f2512eb11edb@group-F23DB3C01F23-LeaderElection5] INFO  server.RaftServer$Division (ServerState.java:setRaftConf(434)) - 13d602e5-043f-4877-ab61-f2512eb11edb@group-F23DB3C01F23: set configuration 0: peers:[ead66fe0-0d51-45f6-a40c-8e2915dd9a2f|rpc:10.1.0.52:15032|admin:10.1.0.52:15031|client:10.1.0.52:15030|dataStream:10.1.0.52:15033|priority:0|startupRole:FOLLOWER, 13d602e5-043f-4877-ab61-f2512eb11edb|rpc:10.1.0.52:15023|admin:10.1.0.52:15022|client:10.1.0.52:15021|dataStream:10.1.0.52:15024|priority:1|startupRole:FOLLOWER, d411a2e9-f1e7-48ff-a207-5fb0a1d8b942|rpc:10.1.0.52:15014|admin:10.1.0.52:15013|client:10.1.0.52:15012|dataStream:10.1.0.52:15015|priority:0|startupRole:FOLLOWER]|listeners:[], old=null
2023-08-25 11:32:55,356 [ead66fe0-0d51-45f6-a40c-8e2915dd9a2f@group-2249AB9819A5-FollowerState] INFO  impl.FollowerState (FollowerState.java:run(143)) - ead66fe0-0d51-45f6-a40c-8e2915dd9a2f@group-2249AB9819A5-FollowerState: change to CANDIDATE, lastRpcElapsedTime:5063035598ns, electionTimeout:5060ms
2023-08-25 11:32:55,356 [ead66fe0-0d51-45f6-a40c-8e2915dd9a2f@group-2249AB9819A5-FollowerState] INFO  impl.RoleInfo (RoleInfo.java:shutdownFollowerState(110)) - ead66fe0-0d51-45f6-a40c-8e2915dd9a2f: shutdown ead66fe0-0d51-45f6-a40c-8e2915dd9a2f@group-2249AB9819A5-FollowerState
2023-08-25 11:32:55,356 [ead66fe0-0d51-45f6-a40c-8e2915dd9a2f@group-2249AB9819A5-FollowerState] INFO  server.RaftServer$Division (RaftServerImpl.java:setRole(329)) - ead66fe0-0d51-45f6-a40c-8e2915dd9a2f@group-2249AB9819A5: changes role from  FOLLOWER to CANDIDATE at term 0 for changeToCandidate
2023-08-25 11:32:55,360 [ead66fe0-0d51-45f6-a40c-8e2915dd9a2f@group-2249AB9819A5-FollowerState] INFO  server.RaftServerConfigKeys (ConfUtils.java:logGet(46)) - raft.server.leaderelection.pre-vote = true (default)
2023-08-25 11:32:55,360 [ead66fe0-0d51-45f6-a40c-8e2915dd9a2f@group-2249AB9819A5-FollowerState] INFO  impl.RoleInfo (RoleInfo.java:updateAndGet(139)) - ead66fe0-0d51-45f6-a40c-8e2915dd9a2f: start ead66fe0-0d51-45f6-a40c-8e2915dd9a2f@group-2249AB9819A5-LeaderElection6
2023-08-25 11:32:55,377 [ead66fe0-0d51-45f6-a40c-8e2915dd9a2f@group-2249AB9819A5-LeaderElection6] INFO  impl.LeaderElection (LeaderElection.java:askForVotes(321)) - ead66fe0-0d51-45f6-a40c-8e2915dd9a2f@group-2249AB9819A5-LeaderElection6 PRE_VOTE round 0: submit vote requests at term 0 for -1: peers:[ead66fe0-0d51-45f6-a40c-8e2915dd9a2f|rpc:10.1.0.52:15032|admin:10.1.0.52:15031|client:10.1.0.52:15030|dataStream:10.1.0.52:15033|priority:1|startupRole:FOLLOWER, 13d602e5-043f-4877-ab61-f2512eb11edb|rpc:10.1.0.52:15023|admin:10.1.0.52:15022|client:10.1.0.52:15021|dataStream:10.1.0.52:15024|priority:0|startupRole:FOLLOWER, d411a2e9-f1e7-48ff-a207-5fb0a1d8b942|rpc:10.1.0.52:15014|admin:10.1.0.52:15013|client:10.1.0.52:15012|dataStream:10.1.0.52:15015|priority:0|startupRole:FOLLOWER]|listeners:[], old=null
2023-08-25 11:32:55,383 [ead66fe0-0d51-45f6-a40c-8e2915dd9a2f@group-2249AB9819A5-LeaderElection6-1] INFO  server.GrpcServerProtocolClient (GrpcServerProtocolClient.java:<init>(65)) - Build channel for 13d602e5-043f-4877-ab61-f2512eb11edb
2023-08-25 11:32:55,386 [ead66fe0-0d51-45f6-a40c-8e2915dd9a2f@group-2249AB9819A5-LeaderElection6] INFO  server.RaftServerConfigKeys (ConfUtils.java:logFallback(53)) - raft.server.rpc.first-election.timeout.min = 5s (fallback to raft.server.rpc.timeout.min)
2023-08-25 11:32:55,394 [ead66fe0-0d51-45f6-a40c-8e2915dd9a2f@group-2249AB9819A5-LeaderElection6] INFO  server.RaftServerConfigKeys (ConfUtils.java:logFallback(53)) - raft.server.rpc.first-election.timeout.max = 5200ms (fallback to raft.server.rpc.timeout.max)
2023-08-25 11:32:55,395 [ead66fe0-0d51-45f6-a40c-8e2915dd9a2f-server-thread2] INFO  ratis.XceiverServerRatis (XceiverServerRatis.java:handleLeaderChangedNotification(902)) - Leader change notification received for group: group-F23DB3C01F23 with new leaderId: 13d602e5-043f-4877-ab61-f2512eb11edb
2023-08-25 11:32:55,395 [ead66fe0-0d51-45f6-a40c-8e2915dd9a2f-server-thread2] INFO  server.RaftServer$Division (ServerState.java:setLeader(317)) - ead66fe0-0d51-45f6-a40c-8e2915dd9a2f@group-F23DB3C01F23: change Leader from null to 13d602e5-043f-4877-ab61-f2512eb11edb at term 1 for appendEntries, leader elected after 5350ms
2023-08-25 11:32:55,397 [ead66fe0-0d51-45f6-a40c-8e2915dd9a2f@group-2249AB9819A5-LeaderElection6-2] INFO  server.GrpcServerProtocolClient (GrpcServerProtocolClient.java:<init>(65)) - Build channel for d411a2e9-f1e7-48ff-a207-5fb0a1d8b942
2023-08-25 11:32:55,397 [d411a2e9-f1e7-48ff-a207-5fb0a1d8b942-server-thread1] INFO  ratis.XceiverServerRatis (XceiverServerRatis.java:handleLeaderChangedNotification(902)) - Leader change notification received for group: group-F23DB3C01F23 with new leaderId: 13d602e5-043f-4877-ab61-f2512eb11edb
2023-08-25 11:32:55,398 [d411a2e9-f1e7-48ff-a207-5fb0a1d8b942-server-thread1] INFO  server.RaftServer$Division (ServerState.java:setLeader(317)) - d411a2e9-f1e7-48ff-a207-5fb0a1d8b942@group-F23DB3C01F23: change Leader from null to 13d602e5-043f-4877-ab61-f2512eb11edb at term 1 for appendEntries, leader elected after 6288ms
2023-08-25 11:32:55,407 [ead66fe0-0d51-45f6-a40c-8e2915dd9a2f-server-thread2] INFO  server.RaftServer$Division (ServerState.java:setRaftConf(434)) - ead66fe0-0d51-45f6-a40c-8e2915dd9a2f@group-F23DB3C01F23: set configuration 0: peers:[ead66fe0-0d51-45f6-a40c-8e2915dd9a2f|rpc:10.1.0.52:15032|admin:10.1.0.52:15031|client:10.1.0.52:15030|dataStream:10.1.0.52:15033|priority:0|startupRole:FOLLOWER, 13d602e5-043f-4877-ab61-f2512eb11edb|rpc:10.1.0.52:15023|admin:10.1.0.52:15022|client:10.1.0.52:15021|dataStream:10.1.0.52:15024|priority:1|startupRole:FOLLOWER, d411a2e9-f1e7-48ff-a207-5fb0a1d8b942|rpc:10.1.0.52:15014|admin:10.1.0.52:15013|client:10.1.0.52:15012|dataStream:10.1.0.52:15015|priority:0|startupRole:FOLLOWER]|listeners:[], old=null
2023-08-25 11:32:55,407 [ead66fe0-0d51-45f6-a40c-8e2915dd9a2f-server-thread2] INFO  segmented.SegmentedRaftLogWorker (SegmentedRaftLogWorker.java:startLogSegment(447)) - ead66fe0-0d51-45f6-a40c-8e2915dd9a2f@group-F23DB3C01F23-SegmentedRaftLogWorker: Starting segment from index:0
2023-08-25 11:32:55,413 [ead66fe0-0d51-45f6-a40c-8e2915dd9a2f@group-09316CB53EEB-FollowerState] INFO  impl.FollowerState (FollowerState.java:run(143)) - ead66fe0-0d51-45f6-a40c-8e2915dd9a2f@group-09316CB53EEB-FollowerState: change to CANDIDATE, lastRpcElapsedTime:5202179281ns, electionTimeout:5197ms
2023-08-25 11:32:55,423 [d411a2e9-f1e7-48ff-a207-5fb0a1d8b942-server-thread2] INFO  server.RaftServer$Division (ServerState.java:setRaftConf(434)) - d411a2e9-f1e7-48ff-a207-5fb0a1d8b942@group-F23DB3C01F23: set configuration 0: peers:[ead66fe0-0d51-45f6-a40c-8e2915dd9a2f|rpc:10.1.0.52:15032|admin:10.1.0.52:15031|client:10.1.0.52:15030|dataStream:10.1.0.52:15033|priority:0|startupRole:FOLLOWER, 13d602e5-043f-4877-ab61-f2512eb11edb|rpc:10.1.0.52:15023|admin:10.1.0.52:15022|client:10.1.0.52:15021|dataStream:10.1.0.52:15024|priority:1|startupRole:FOLLOWER, d411a2e9-f1e7-48ff-a207-5fb0a1d8b942|rpc:10.1.0.52:15014|admin:10.1.0.52:15013|client:10.1.0.52:15012|dataStream:10.1.0.52:15015|priority:0|startupRole:FOLLOWER]|listeners:[], old=null
2023-08-25 11:32:55,423 [d411a2e9-f1e7-48ff-a207-5fb0a1d8b942-server-thread2] INFO  segmented.SegmentedRaftLogWorker (SegmentedRaftLogWorker.java:startLogSegment(447)) - d411a2e9-f1e7-48ff-a207-5fb0a1d8b942@group-F23DB3C01F23-SegmentedRaftLogWorker: Starting segment from index:0
2023-08-25 11:32:55,423 [ead66fe0-0d51-45f6-a40c-8e2915dd9a2f@group-09316CB53EEB-FollowerState] INFO  impl.RoleInfo (RoleInfo.java:shutdownFollowerState(110)) - ead66fe0-0d51-45f6-a40c-8e2915dd9a2f: shutdown ead66fe0-0d51-45f6-a40c-8e2915dd9a2f@group-09316CB53EEB-FollowerState
2023-08-25 11:32:55,428 [ead66fe0-0d51-45f6-a40c-8e2915dd9a2f@group-09316CB53EEB-FollowerState] INFO  server.RaftServer$Division (RaftServerImpl.java:setRole(329)) - ead66fe0-0d51-45f6-a40c-8e2915dd9a2f@group-09316CB53EEB: changes role from  FOLLOWER to CANDIDATE at term 0 for changeToCandidate
2023-08-25 11:32:55,427 [ead66fe0-0d51-45f6-a40c-8e2915dd9a2f@group-F23DB3C01F23-SegmentedRaftLogWorker] INFO  segmented.SegmentedRaftLogWorker (SegmentedRaftLogWorker.java:execute(651)) - ead66fe0-0d51-45f6-a40c-8e2915dd9a2f@group-F23DB3C01F23-SegmentedRaftLogWorker: created new log segment /home/runner/work/ozone/ozone/hadoop-ozone/integration-test/target/test-dir/MiniOzoneClusterImpl-168be1a3-dcaf-40a9-aa5d-bf8b77a61b73/datanode-2/data/ratis/bc177899-9391-40ce-8421-f23db3c01f23/current/log_inprogress_0
2023-08-25 11:32:55,430 [d411a2e9-f1e7-48ff-a207-5fb0a1d8b942@group-F23DB3C01F23-SegmentedRaftLogWorker] INFO  segmented.SegmentedRaftLogWorker (SegmentedRaftLogWorker.java:execute(651)) - d411a2e9-f1e7-48ff-a207-5fb0a1d8b942@group-F23DB3C01F23-SegmentedRaftLogWorker: created new log segment /home/runner/work/ozone/ozone/hadoop-ozone/integration-test/target/test-dir/MiniOzoneClusterImpl-168be1a3-dcaf-40a9-aa5d-bf8b77a61b73/datanode-0/data/ratis/bc177899-9391-40ce-8421-f23db3c01f23/current/log_inprogress_0
2023-08-25 11:32:55,428 [ead66fe0-0d51-45f6-a40c-8e2915dd9a2f@group-09316CB53EEB-FollowerState] INFO  server.RaftServerConfigKeys (ConfUtils.java:logGet(46)) - raft.server.leaderelection.pre-vote = true (default)
2023-08-25 11:32:55,431 [ead66fe0-0d51-45f6-a40c-8e2915dd9a2f@group-09316CB53EEB-FollowerState] INFO  impl.RoleInfo (RoleInfo.java:updateAndGet(139)) - ead66fe0-0d51-45f6-a40c-8e2915dd9a2f: start ead66fe0-0d51-45f6-a40c-8e2915dd9a2f@group-09316CB53EEB-LeaderElection7
2023-08-25 11:32:55,441 [ead66fe0-0d51-45f6-a40c-8e2915dd9a2f@group-09316CB53EEB-LeaderElection7] INFO  impl.LeaderElection (LeaderElection.java:askForVotes(321)) - ead66fe0-0d51-45f6-a40c-8e2915dd9a2f@group-09316CB53EEB-LeaderElection7 PRE_VOTE round 0: submit vote requests at term 0 for -1: peers:[ead66fe0-0d51-45f6-a40c-8e2915dd9a2f|rpc:10.1.0.52:15032|admin:10.1.0.52:15031|client:10.1.0.52:15030|dataStream:10.1.0.52:15033|priority:1|startupRole:FOLLOWER]|listeners:[], old=null
2023-08-25 11:32:55,441 [ead66fe0-0d51-45f6-a40c-8e2915dd9a2f@group-09316CB53EEB-LeaderElection7] INFO  impl.LeaderElection (LeaderElection.java:askForVotes(323)) - ead66fe0-0d51-45f6-a40c-8e2915dd9a2f@group-09316CB53EEB-LeaderElection7 PRE_VOTE round 0: result PASSED (term=0)
2023-08-25 11:32:55,445 [ead66fe0-0d51-45f6-a40c-8e2915dd9a2f@group-09316CB53EEB-LeaderElection7] INFO  impl.LeaderElection (LeaderElection.java:askForVotes(321)) - ead66fe0-0d51-45f6-a40c-8e2915dd9a2f@group-09316CB53EEB-LeaderElection7 ELECTION round 0: submit vote requests at term 1 for -1: peers:[ead66fe0-0d51-45f6-a40c-8e2915dd9a2f|rpc:10.1.0.52:15032|admin:10.1.0.52:15031|client:10.1.0.52:15030|dataStream:10.1.0.52:15033|priority:1|startupRole:FOLLOWER]|listeners:[], old=null
2023-08-25 11:32:55,445 [ead66fe0-0d51-45f6-a40c-8e2915dd9a2f@group-09316CB53EEB-LeaderElection7] INFO  impl.LeaderElection (LeaderElection.java:askForVotes(323)) - ead66fe0-0d51-45f6-a40c-8e2915dd9a2f@group-09316CB53EEB-LeaderElection7 ELECTION round 0: result PASSED (term=1)
2023-08-25 11:32:55,445 [ead66fe0-0d51-45f6-a40c-8e2915dd9a2f@group-09316CB53EEB-LeaderElection7] INFO  impl.RoleInfo (RoleInfo.java:shutdownLeaderElection(130)) - ead66fe0-0d51-45f6-a40c-8e2915dd9a2f: shutdown ead66fe0-0d51-45f6-a40c-8e2915dd9a2f@group-09316CB53EEB-LeaderElection7
2023-08-25 11:32:55,445 [ead66fe0-0d51-45f6-a40c-8e2915dd9a2f@group-09316CB53EEB-LeaderElection7] INFO  server.RaftServer$Division (RaftServerImpl.java:setRole(329)) - ead66fe0-0d51-45f6-a40c-8e2915dd9a2f@group-09316CB53EEB: changes role from CANDIDATE to LEADER at term 1 for changeToLeader
2023-08-25 11:32:55,445 [ead66fe0-0d51-45f6-a40c-8e2915dd9a2f@group-09316CB53EEB-LeaderElection7] INFO  ratis.XceiverServerRatis (XceiverServerRatis.java:handleLeaderChangedNotification(902)) - Leader change notification received for group: group-09316CB53EEB with new leaderId: ead66fe0-0d51-45f6-a40c-8e2915dd9a2f
2023-08-25 11:32:55,445 [ead66fe0-0d51-45f6-a40c-8e2915dd9a2f@group-09316CB53EEB-LeaderElection7] INFO  server.RaftServer$Division (ServerState.java:setLeader(317)) - ead66fe0-0d51-45f6-a40c-8e2915dd9a2f@group-09316CB53EEB: change Leader from null to ead66fe0-0d51-45f6-a40c-8e2915dd9a2f at term 1 for becomeLeader, leader elected after 5369ms
2023-08-25 11:32:55,445 [ead66fe0-0d51-45f6-a40c-8e2915dd9a2f@group-09316CB53EEB-LeaderElection7] INFO  server.RaftServerConfigKeys (ConfUtils.java:logGet(46)) - raft.server.staging.catchup.gap = 1000 (default)
2023-08-25 11:32:55,446 [ead66fe0-0d51-45f6-a40c-8e2915dd9a2f@group-09316CB53EEB-LeaderElection7] INFO  server.RaftServerConfigKeys (ConfUtils.java:logGet(46)) - raft.server.write.element-limit = 1024 (custom)
2023-08-25 11:32:55,446 [ead66fe0-0d51-45f6-a40c-8e2915dd9a2f@group-09316CB53EEB-LeaderElection7] INFO  server.RaftServerConfigKeys (ConfUtils.java:logGet(46)) - raft.server.write.byte-limit = 1024 M (=1073741824) (custom)
2023-08-25 11:32:55,446 [ead66fe0-0d51-45f6-a40c-8e2915dd9a2f@group-09316CB53EEB-LeaderElection7] INFO  server.RaftServerConfigKeys (ConfUtils.java:logGet(46)) - raft.server.watch.timeout = 180s (custom)
2023-08-25 11:32:55,446 [ead66fe0-0d51-45f6-a40c-8e2915dd9a2f@group-09316CB53EEB-LeaderElection7] INFO  server.RaftServerConfigKeys (ConfUtils.java:logGet(46)) - raft.server.watch.timeout.denomination = 1s (default)
2023-08-25 11:32:55,446 [ead66fe0-0d51-45f6-a40c-8e2915dd9a2f@group-09316CB53EEB-LeaderElection7] INFO  server.RaftServerConfigKeys (ConfUtils.java:logGet(46)) - raft.server.watch.element-limit = 65536 (default)
2023-08-25 11:32:55,446 [ead66fe0-0d51-45f6-a40c-8e2915dd9a2f@group-09316CB53EEB-LeaderElection7] INFO  server.RaftServerConfigKeys (ConfUtils.java:logGet(46)) - raft.server.write.element-limit = 1024 (custom)
2023-08-25 11:32:55,446 [ead66fe0-0d51-45f6-a40c-8e2915dd9a2f@group-09316CB53EEB-LeaderElection7] INFO  server.RaftServerConfigKeys (ConfUtils.java:logGet(46)) - raft.server.write.follower.gap.ratio.max = -1.0 (default)
2023-08-25 11:32:55,449 [13d602e5-043f-4877-ab61-f2512eb11edb@group-2249AB9819A5-FollowerState] INFO  impl.FollowerState (FollowerState.java:run(143)) - 13d602e5-043f-4877-ab61-f2512eb11edb@group-2249AB9819A5-FollowerState: change to CANDIDATE, lastRpcElapsedTime:5014927904ns, electionTimeout:5014ms
2023-08-25 11:32:55,449 [13d602e5-043f-4877-ab61-f2512eb11edb@group-2249AB9819A5-FollowerState] INFO  impl.RoleInfo (RoleInfo.java:shutdownFollowerState(110)) - 13d602e5-043f-4877-ab61-f2512eb11edb: shutdown 13d602e5-043f-4877-ab61-f2512eb11edb@group-2249AB9819A5-FollowerState
2023-08-25 11:32:55,449 [13d602e5-043f-4877-ab61-f2512eb11edb@group-2249AB9819A5-FollowerState] INFO  server.RaftServer$Division (RaftServerImpl.java:setRole(329)) - 13d602e5-043f-4877-ab61-f2512eb11edb@group-2249AB9819A5: changes role from  FOLLOWER to CANDIDATE at term 0 for changeToCandidate
2023-08-25 11:32:55,450 [13d602e5-043f-4877-ab61-f2512eb11edb@group-2249AB9819A5-FollowerState] INFO  server.RaftServerConfigKeys (ConfUtils.java:logGet(46)) - raft.server.leaderelection.pre-vote = true (default)
2023-08-25 11:32:55,450 [13d602e5-043f-4877-ab61-f2512eb11edb@group-2249AB9819A5-FollowerState] INFO  impl.RoleInfo (RoleInfo.java:updateAndGet(139)) - 13d602e5-043f-4877-ab61-f2512eb11edb: start 13d602e5-043f-4877-ab61-f2512eb11edb@group-2249AB9819A5-LeaderElection8
2023-08-25 11:32:55,451 [ead66fe0-0d51-45f6-a40c-8e2915dd9a2f@group-09316CB53EEB-LeaderElection7] INFO  impl.RoleInfo (RoleInfo.java:updateAndGet(139)) - ead66fe0-0d51-45f6-a40c-8e2915dd9a2f: start ead66fe0-0d51-45f6-a40c-8e2915dd9a2f@group-09316CB53EEB-LeaderStateImpl
2023-08-25 11:32:55,454 [ead66fe0-0d51-45f6-a40c-8e2915dd9a2f@group-09316CB53EEB-LeaderElection7] INFO  segmented.SegmentedRaftLogWorker (SegmentedRaftLogWorker.java:startLogSegment(447)) - ead66fe0-0d51-45f6-a40c-8e2915dd9a2f@group-09316CB53EEB-SegmentedRaftLogWorker: Starting segment from index:0
2023-08-25 11:32:55,459 [ead66fe0-0d51-45f6-a40c-8e2915dd9a2f@group-09316CB53EEB-SegmentedRaftLogWorker] INFO  segmented.SegmentedRaftLogWorker (SegmentedRaftLogWorker.java:execute(651)) - ead66fe0-0d51-45f6-a40c-8e2915dd9a2f@group-09316CB53EEB-SegmentedRaftLogWorker: created new log segment /home/runner/work/ozone/ozone/hadoop-ozone/integration-test/target/test-dir/MiniOzoneClusterImpl-168be1a3-dcaf-40a9-aa5d-bf8b77a61b73/datanode-2/data/ratis/aec8e59a-cb47-43df-9b09-09316cb53eeb/current/log_inprogress_0
2023-08-25 11:32:55,463 [grpc-default-executor-3] INFO  server.RaftServer$Division (RaftServerImpl.java:requestVote(1302)) - d411a2e9-f1e7-48ff-a207-5fb0a1d8b942@group-2249AB9819A5: receive requestVote(PRE_VOTE, ead66fe0-0d51-45f6-a40c-8e2915dd9a2f, group-2249AB9819A5, 0, (t:0, i:0))
2023-08-25 11:32:55,463 [grpc-default-executor-3] INFO  impl.VoteContext (VoteContext.java:log(49)) - d411a2e9-f1e7-48ff-a207-5fb0a1d8b942@group-2249AB9819A5-FOLLOWER: accept PRE_VOTE from ead66fe0-0d51-45f6-a40c-8e2915dd9a2f: our priority 0 <= candidate's priority 1
2023-08-25 11:32:55,463 [grpc-default-executor-3] INFO  server.RaftServer$Division (RaftServerImpl.java:requestVote(1335)) - d411a2e9-f1e7-48ff-a207-5fb0a1d8b942@group-2249AB9819A5 replies to PRE_VOTE vote request: ead66fe0-0d51-45f6-a40c-8e2915dd9a2f<-d411a2e9-f1e7-48ff-a207-5fb0a1d8b942#0:OK-t0. Peer's state: d411a2e9-f1e7-48ff-a207-5fb0a1d8b942@group-2249AB9819A5:t0, leader=null, voted=, raftlog=Memoized:d411a2e9-f1e7-48ff-a207-5fb0a1d8b942@group-2249AB9819A5-SegmentedRaftLog:OPENED:c-1, conf=-1: peers:[ead66fe0-0d51-45f6-a40c-8e2915dd9a2f|rpc:10.1.0.52:15032|admin:10.1.0.52:15031|client:10.1.0.52:15030|dataStream:10.1.0.52:15033|priority:1|startupRole:FOLLOWER, 13d602e5-043f-4877-ab61-f2512eb11edb|rpc:10.1.0.52:15023|admin:10.1.0.52:15022|client:10.1.0.52:15021|dataStream:10.1.0.52:15024|priority:0|startupRole:FOLLOWER, d411a2e9-f1e7-48ff-a207-5fb0a1d8b942|rpc:10.1.0.52:15014|admin:10.1.0.52:15013|client:10.1.0.52:15012|dataStream:10.1.0.52:15015|priority:0|startupRole:FOLLOWER]|listeners:[], old=null
2023-08-25 11:32:55,465 [13d602e5-043f-4877-ab61-f2512eb11edb@group-2249AB9819A5-LeaderElection8] INFO  impl.LeaderElection (LeaderElection.java:askForVotes(321)) - 13d602e5-043f-4877-ab61-f2512eb11edb@group-2249AB9819A5-LeaderElection8 PRE_VOTE round 0: submit vote requests at term 0 for -1: peers:[ead66fe0-0d51-45f6-a40c-8e2915dd9a2f|rpc:10.1.0.52:15032|admin:10.1.0.52:15031|client:10.1.0.52:15030|dataStream:10.1.0.52:15033|priority:1|startupRole:FOLLOWER, 13d602e5-043f-4877-ab61-f2512eb11edb|rpc:10.1.0.52:15023|admin:10.1.0.52:15022|client:10.1.0.52:15021|dataStream:10.1.0.52:15024|priority:0|startupRole:FOLLOWER, d411a2e9-f1e7-48ff-a207-5fb0a1d8b942|rpc:10.1.0.52:15014|admin:10.1.0.52:15013|client:10.1.0.52:15012|dataStream:10.1.0.52:15015|priority:0|startupRole:FOLLOWER]|listeners:[], old=null
2023-08-25 11:32:55,466 [13d602e5-043f-4877-ab61-f2512eb11edb@group-2249AB9819A5-LeaderElection8] INFO  server.RaftServerConfigKeys (ConfUtils.java:logFallback(53)) - raft.server.rpc.first-election.timeout.min = 5s (fallback to raft.server.rpc.timeout.min)
2023-08-25 11:32:55,466 [13d602e5-043f-4877-ab61-f2512eb11edb@group-2249AB9819A5-LeaderElection8] INFO  server.RaftServerConfigKeys (ConfUtils.java:logFallback(53)) - raft.server.rpc.first-election.timeout.max = 5200ms (fallback to raft.server.rpc.timeout.max)
2023-08-25 11:32:55,471 [ead66fe0-0d51-45f6-a40c-8e2915dd9a2f@group-2249AB9819A5-LeaderElection6] INFO  impl.LeaderElection (LeaderElection.java:logAndReturn(90)) - ead66fe0-0d51-45f6-a40c-8e2915dd9a2f@group-2249AB9819A5-LeaderElection6: PRE_VOTE PASSED received 1 response(s) and 0 exception(s):
2023-08-25 11:32:55,476 [ead66fe0-0d51-45f6-a40c-8e2915dd9a2f@group-2249AB9819A5-LeaderElection6] INFO  impl.LeaderElection (LeaderElection.java:logAndReturn(94)) -   Response 0: ead66fe0-0d51-45f6-a40c-8e2915dd9a2f<-d411a2e9-f1e7-48ff-a207-5fb0a1d8b942#0:OK-t0
2023-08-25 11:32:55,476 [ead66fe0-0d51-45f6-a40c-8e2915dd9a2f@group-2249AB9819A5-LeaderElection6] INFO  impl.LeaderElection (LeaderElection.java:askForVotes(323)) - ead66fe0-0d51-45f6-a40c-8e2915dd9a2f@group-2249AB9819A5-LeaderElection6 PRE_VOTE round 0: result PASSED
2023-08-25 11:32:55,476 [grpc-default-executor-5] INFO  server.RaftServer$Division (RaftServerImpl.java:requestVote(1302)) - ead66fe0-0d51-45f6-a40c-8e2915dd9a2f@group-2249AB9819A5: receive requestVote(PRE_VOTE, 13d602e5-043f-4877-ab61-f2512eb11edb, group-2249AB9819A5, 0, (t:0, i:0))
2023-08-25 11:32:55,476 [ead66fe0-0d51-45f6-a40c-8e2915dd9a2f@group-09316CB53EEB-LeaderElection7] INFO  server.RaftServer$Division (ServerState.java:setRaftConf(434)) - ead66fe0-0d51-45f6-a40c-8e2915dd9a2f@group-09316CB53EEB: set configuration 0: peers:[ead66fe0-0d51-45f6-a40c-8e2915dd9a2f|rpc:10.1.0.52:15032|admin:10.1.0.52:15031|client:10.1.0.52:15030|dataStream:10.1.0.52:15033|priority:1|startupRole:FOLLOWER]|listeners:[], old=null
2023-08-25 11:32:55,479 [ead66fe0-0d51-45f6-a40c-8e2915dd9a2f@group-2249AB9819A5-LeaderElection6] INFO  impl.LeaderElection (LeaderElection.java:askForVotes(321)) - ead66fe0-0d51-45f6-a40c-8e2915dd9a2f@group-2249AB9819A5-LeaderElection6 ELECTION round 0: submit vote requests at term 1 for -1: peers:[ead66fe0-0d51-45f6-a40c-8e2915dd9a2f|rpc:10.1.0.52:15032|admin:10.1.0.52:15031|client:10.1.0.52:15030|dataStream:10.1.0.52:15033|priority:1|startupRole:FOLLOWER, 13d602e5-043f-4877-ab61-f2512eb11edb|rpc:10.1.0.52:15023|admin:10.1.0.52:15022|client:10.1.0.52:15021|dataStream:10.1.0.52:15024|priority:0|startupRole:FOLLOWER, d411a2e9-f1e7-48ff-a207-5fb0a1d8b942|rpc:10.1.0.52:15014|admin:10.1.0.52:15013|client:10.1.0.52:15012|dataStream:10.1.0.52:15015|priority:0|startupRole:FOLLOWER]|listeners:[], old=null
2023-08-25 11:32:55,480 [grpc-default-executor-5] INFO  impl.VoteContext (VoteContext.java:log(49)) - ead66fe0-0d51-45f6-a40c-8e2915dd9a2f@group-2249AB9819A5-CANDIDATE: reject PRE_VOTE from 13d602e5-043f-4877-ab61-f2512eb11edb: our priority 1 > candidate's priority 0
2023-08-25 11:32:55,480 [grpc-default-executor-5] INFO  server.RaftServer$Division (RaftServerImpl.java:requestVote(1335)) - ead66fe0-0d51-45f6-a40c-8e2915dd9a2f@group-2249AB9819A5 replies to PRE_VOTE vote request: 13d602e5-043f-4877-ab61-f2512eb11edb<-ead66fe0-0d51-45f6-a40c-8e2915dd9a2f#0:FAIL-t1. Peer's state: ead66fe0-0d51-45f6-a40c-8e2915dd9a2f@group-2249AB9819A5:t1, leader=null, voted=ead66fe0-0d51-45f6-a40c-8e2915dd9a2f, raftlog=Memoized:ead66fe0-0d51-45f6-a40c-8e2915dd9a2f@group-2249AB9819A5-SegmentedRaftLog:OPENED:c-1, conf=-1: peers:[ead66fe0-0d51-45f6-a40c-8e2915dd9a2f|rpc:10.1.0.52:15032|admin:10.1.0.52:15031|client:10.1.0.52:15030|dataStream:10.1.0.52:15033|priority:1|startupRole:FOLLOWER, 13d602e5-043f-4877-ab61-f2512eb11edb|rpc:10.1.0.52:15023|admin:10.1.0.52:15022|client:10.1.0.52:15021|dataStream:10.1.0.52:15024|priority:0|startupRole:FOLLOWER, d411a2e9-f1e7-48ff-a207-5fb0a1d8b942|rpc:10.1.0.52:15014|admin:10.1.0.52:15013|client:10.1.0.52:15012|dataStream:10.1.0.52:15015|priority:0|startupRole:FOLLOWER]|listeners:[], old=null
2023-08-25 11:32:55,481 [grpc-default-executor-0] INFO  server.RaftServer$Division (RaftServerImpl.java:requestVote(1302)) - 13d602e5-043f-4877-ab61-f2512eb11edb@group-2249AB9819A5: receive requestVote(PRE_VOTE, ead66fe0-0d51-45f6-a40c-8e2915dd9a2f, group-2249AB9819A5, 0, (t:0, i:0))
2023-08-25 11:32:55,482 [grpc-default-executor-0] INFO  impl.VoteContext (VoteContext.java:log(49)) - 13d602e5-043f-4877-ab61-f2512eb11edb@group-2249AB9819A5-CANDIDATE: accept PRE_VOTE from ead66fe0-0d51-45f6-a40c-8e2915dd9a2f: our priority 0 <= candidate's priority 1
2023-08-25 11:32:55,482 [grpc-default-executor-0] INFO  server.RaftServer$Division (RaftServerImpl.java:requestVote(1335)) - 13d602e5-043f-4877-ab61-f2512eb11edb@group-2249AB9819A5 replies to PRE_VOTE vote request: ead66fe0-0d51-45f6-a40c-8e2915dd9a2f<-13d602e5-043f-4877-ab61-f2512eb11edb#0:OK-t0. Peer's state: 13d602e5-043f-4877-ab61-f2512eb11edb@group-2249AB9819A5:t0, leader=null, voted=, raftlog=Memoized:13d602e5-043f-4877-ab61-f2512eb11edb@group-2249AB9819A5-SegmentedRaftLog:OPENED:c-1, conf=-1: peers:[ead66fe0-0d51-45f6-a40c-8e2915dd9a2f|rpc:10.1.0.52:15032|admin:10.1.0.52:15031|client:10.1.0.52:15030|dataStream:10.1.0.52:15033|priority:1|startupRole:FOLLOWER, 13d602e5-043f-4877-ab61-f2512eb11edb|rpc:10.1.0.52:15023|admin:10.1.0.52:15022|client:10.1.0.52:15021|dataStream:10.1.0.52:15024|priority:0|startupRole:FOLLOWER, d411a2e9-f1e7-48ff-a207-5fb0a1d8b942|rpc:10.1.0.52:15014|admin:10.1.0.52:15013|client:10.1.0.52:15012|dataStream:10.1.0.52:15015|priority:0|startupRole:FOLLOWER]|listeners:[], old=null
2023-08-25 11:32:55,482 [ead66fe0-0d51-45f6-a40c-8e2915dd9a2f@group-2249AB9819A5-LeaderElection6] INFO  server.RaftServerConfigKeys (ConfUtils.java:logFallback(53)) - raft.server.rpc.first-election.timeout.min = 5s (fallback to raft.server.rpc.timeout.min)
2023-08-25 11:32:55,482 [ead66fe0-0d51-45f6-a40c-8e2915dd9a2f@group-2249AB9819A5-LeaderElection6] INFO  server.RaftServerConfigKeys (ConfUtils.java:logFallback(53)) - raft.server.rpc.first-election.timeout.max = 5200ms (fallback to raft.server.rpc.timeout.max)
2023-08-25 11:32:55,483 [grpc-default-executor-3] INFO  server.RaftServer$Division (RaftServerImpl.java:requestVote(1302)) - d411a2e9-f1e7-48ff-a207-5fb0a1d8b942@group-2249AB9819A5: receive requestVote(PRE_VOTE, 13d602e5-043f-4877-ab61-f2512eb11edb, group-2249AB9819A5, 0, (t:0, i:0))
2023-08-25 11:32:55,483 [grpc-default-executor-3] INFO  impl.VoteContext (VoteContext.java:log(49)) - d411a2e9-f1e7-48ff-a207-5fb0a1d8b942@group-2249AB9819A5-FOLLOWER: accept PRE_VOTE from 13d602e5-043f-4877-ab61-f2512eb11edb: our priority 0 <= candidate's priority 0
2023-08-25 11:32:55,483 [grpc-default-executor-3] INFO  server.RaftServer$Division (RaftServerImpl.java:requestVote(1335)) - d411a2e9-f1e7-48ff-a207-5fb0a1d8b942@group-2249AB9819A5 replies to PRE_VOTE vote request: 13d602e5-043f-4877-ab61-f2512eb11edb<-d411a2e9-f1e7-48ff-a207-5fb0a1d8b942#0:OK-t0. Peer's state: d411a2e9-f1e7-48ff-a207-5fb0a1d8b942@group-2249AB9819A5:t0, leader=null, voted=, raftlog=Memoized:d411a2e9-f1e7-48ff-a207-5fb0a1d8b942@group-2249AB9819A5-SegmentedRaftLog:OPENED:c-1, conf=-1: peers:[ead66fe0-0d51-45f6-a40c-8e2915dd9a2f|rpc:10.1.0.52:15032|admin:10.1.0.52:15031|client:10.1.0.52:15030|dataStream:10.1.0.52:15033|priority:1|startupRole:FOLLOWER, 13d602e5-043f-4877-ab61-f2512eb11edb|rpc:10.1.0.52:15023|admin:10.1.0.52:15022|client:10.1.0.52:15021|dataStream:10.1.0.52:15024|priority:0|startupRole:FOLLOWER, d411a2e9-f1e7-48ff-a207-5fb0a1d8b942|rpc:10.1.0.52:15014|admin:10.1.0.52:15013|client:10.1.0.52:15012|dataStream:10.1.0.52:15015|priority:0|startupRole:FOLLOWER]|listeners:[], old=null
2023-08-25 11:32:55,487 [13d602e5-043f-4877-ab61-f2512eb11edb@group-2249AB9819A5-LeaderElection8] INFO  impl.LeaderElection (LeaderElection.java:logAndReturn(90)) - 13d602e5-043f-4877-ab61-f2512eb11edb@group-2249AB9819A5-LeaderElection8: PRE_VOTE DISCOVERED_A_NEW_TERM (term=1) received 1 response(s) and 0 exception(s):
2023-08-25 11:32:55,487 [13d602e5-043f-4877-ab61-f2512eb11edb@group-2249AB9819A5-LeaderElection8] INFO  impl.LeaderElection (LeaderElection.java:logAndReturn(94)) -   Response 0: 13d602e5-043f-4877-ab61-f2512eb11edb<-ead66fe0-0d51-45f6-a40c-8e2915dd9a2f#0:FAIL-t1
2023-08-25 11:32:55,489 [13d602e5-043f-4877-ab61-f2512eb11edb@group-2249AB9819A5-LeaderElection8] INFO  impl.LeaderElection (LeaderElection.java:askForVotes(323)) - 13d602e5-043f-4877-ab61-f2512eb11edb@group-2249AB9819A5-LeaderElection8 PRE_VOTE round 0: result DISCOVERED_A_NEW_TERM (term=1)
2023-08-25 11:32:55,493 [grpc-default-executor-0] INFO  server.RaftServer$Division (RaftServerImpl.java:requestVote(1302)) - d411a2e9-f1e7-48ff-a207-5fb0a1d8b942@group-2249AB9819A5: receive requestVote(ELECTION, ead66fe0-0d51-45f6-a40c-8e2915dd9a2f, group-2249AB9819A5, 1, (t:0, i:0))
2023-08-25 11:32:55,492 [grpc-default-executor-3] INFO  server.RaftServer$Division (RaftServerImpl.java:requestVote(1302)) - 13d602e5-043f-4877-ab61-f2512eb11edb@group-2249AB9819A5: receive requestVote(ELECTION, ead66fe0-0d51-45f6-a40c-8e2915dd9a2f, group-2249AB9819A5, 1, (t:0, i:0))
2023-08-25 11:32:55,494 [13d602e5-043f-4877-ab61-f2512eb11edb@group-2249AB9819A5-LeaderElection8] INFO  server.RaftServer$Division (RaftServerImpl.java:setRole(329)) - 13d602e5-043f-4877-ab61-f2512eb11edb@group-2249AB9819A5: changes role from CANDIDATE to FOLLOWER at term 1 for DISCOVERED_A_NEW_TERM (term=1)
2023-08-25 11:32:55,494 [grpc-default-executor-0] INFO  impl.VoteContext (VoteContext.java:log(49)) - d411a2e9-f1e7-48ff-a207-5fb0a1d8b942@group-2249AB9819A5-FOLLOWER: accept ELECTION from ead66fe0-0d51-45f6-a40c-8e2915dd9a2f: our priority 0 <= candidate's priority 1
2023-08-25 11:32:55,497 [grpc-default-executor-0] INFO  server.RaftServer$Division (RaftServerImpl.java:setRole(329)) - d411a2e9-f1e7-48ff-a207-5fb0a1d8b942@group-2249AB9819A5: changes role from  FOLLOWER to FOLLOWER at term 1 for candidate:ead66fe0-0d51-45f6-a40c-8e2915dd9a2f
2023-08-25 11:32:55,497 [grpc-default-executor-0] INFO  impl.RoleInfo (RoleInfo.java:shutdownFollowerState(110)) - d411a2e9-f1e7-48ff-a207-5fb0a1d8b942: shutdown d411a2e9-f1e7-48ff-a207-5fb0a1d8b942@group-2249AB9819A5-FollowerState
2023-08-25 11:32:55,498 [d411a2e9-f1e7-48ff-a207-5fb0a1d8b942@group-2249AB9819A5-FollowerState] INFO  impl.FollowerState (FollowerState.java:run(152)) - d411a2e9-f1e7-48ff-a207-5fb0a1d8b942@group-2249AB9819A5-FollowerState was interrupted
2023-08-25 11:32:55,498 [13d602e5-043f-4877-ab61-f2512eb11edb@group-2249AB9819A5-LeaderElection8] INFO  impl.RoleInfo (RoleInfo.java:shutdownLeaderElection(130)) - 13d602e5-043f-4877-ab61-f2512eb11edb: shutdown 13d602e5-043f-4877-ab61-f2512eb11edb@group-2249AB9819A5-LeaderElection8
2023-08-25 11:32:55,498 [13d602e5-043f-4877-ab61-f2512eb11edb@group-2249AB9819A5-LeaderElection8] INFO  impl.RoleInfo (RoleInfo.java:updateAndGet(139)) - 13d602e5-043f-4877-ab61-f2512eb11edb: start 13d602e5-043f-4877-ab61-f2512eb11edb@group-2249AB9819A5-FollowerState
2023-08-25 11:32:55,500 [grpc-default-executor-0] INFO  impl.RoleInfo (RoleInfo.java:updateAndGet(139)) - d411a2e9-f1e7-48ff-a207-5fb0a1d8b942: start d411a2e9-f1e7-48ff-a207-5fb0a1d8b942@group-2249AB9819A5-FollowerState
2023-08-25 11:32:55,504 [grpc-default-executor-0] INFO  server.RaftServer$Division (RaftServerImpl.java:requestVote(1335)) - d411a2e9-f1e7-48ff-a207-5fb0a1d8b942@group-2249AB9819A5 replies to ELECTION vote request: ead66fe0-0d51-45f6-a40c-8e2915dd9a2f<-d411a2e9-f1e7-48ff-a207-5fb0a1d8b942#0:OK-t1. Peer's state: d411a2e9-f1e7-48ff-a207-5fb0a1d8b942@group-2249AB9819A5:t1, leader=null, voted=ead66fe0-0d51-45f6-a40c-8e2915dd9a2f, raftlog=Memoized:d411a2e9-f1e7-48ff-a207-5fb0a1d8b942@group-2249AB9819A5-SegmentedRaftLog:OPENED:c-1, conf=-1: peers:[ead66fe0-0d51-45f6-a40c-8e2915dd9a2f|rpc:10.1.0.52:15032|admin:10.1.0.52:15031|client:10.1.0.52:15030|dataStream:10.1.0.52:15033|priority:1|startupRole:FOLLOWER, 13d602e5-043f-4877-ab61-f2512eb11edb|rpc:10.1.0.52:15023|admin:10.1.0.52:15022|client:10.1.0.52:15021|dataStream:10.1.0.52:15024|priority:0|startupRole:FOLLOWER, d411a2e9-f1e7-48ff-a207-5fb0a1d8b942|rpc:10.1.0.52:15014|admin:10.1.0.52:15013|client:10.1.0.52:15012|dataStream:10.1.0.52:15015|priority:0|startupRole:FOLLOWER]|listeners:[], old=null
2023-08-25 11:32:55,509 [grpc-default-executor-3] INFO  impl.VoteContext (VoteContext.java:log(49)) - 13d602e5-043f-4877-ab61-f2512eb11edb@group-2249AB9819A5-FOLLOWER: accept ELECTION from ead66fe0-0d51-45f6-a40c-8e2915dd9a2f: our priority 0 <= candidate's priority 1
2023-08-25 11:32:55,510 [grpc-default-executor-3] INFO  server.RaftServer$Division (RaftServerImpl.java:setRole(329)) - 13d602e5-043f-4877-ab61-f2512eb11edb@group-2249AB9819A5: changes role from  FOLLOWER to FOLLOWER at term 1 for candidate:ead66fe0-0d51-45f6-a40c-8e2915dd9a2f
2023-08-25 11:32:55,510 [grpc-default-executor-3] INFO  impl.RoleInfo (RoleInfo.java:shutdownFollowerState(110)) - 13d602e5-043f-4877-ab61-f2512eb11edb: shutdown 13d602e5-043f-4877-ab61-f2512eb11edb@group-2249AB9819A5-FollowerState
2023-08-25 11:32:55,514 [13d602e5-043f-4877-ab61-f2512eb11edb@group-2249AB9819A5-FollowerState] INFO  impl.FollowerState (FollowerState.java:run(152)) - 13d602e5-043f-4877-ab61-f2512eb11edb@group-2249AB9819A5-FollowerState was interrupted
2023-08-25 11:32:55,515 [ead66fe0-0d51-45f6-a40c-8e2915dd9a2f@group-2249AB9819A5-LeaderElection6] INFO  impl.LeaderElection (LeaderElection.java:logAndReturn(90)) - ead66fe0-0d51-45f6-a40c-8e2915dd9a2f@group-2249AB9819A5-LeaderElection6: ELECTION PASSED received 1 response(s) and 0 exception(s):
2023-08-25 11:32:55,515 [grpc-default-executor-3] INFO  impl.RoleInfo (RoleInfo.java:updateAndGet(139)) - 13d602e5-043f-4877-ab61-f2512eb11edb: start 13d602e5-043f-4877-ab61-f2512eb11edb@group-2249AB9819A5-FollowerState
2023-08-25 11:32:55,515 [ead66fe0-0d51-45f6-a40c-8e2915dd9a2f@group-2249AB9819A5-LeaderElection6] INFO  impl.LeaderElection (LeaderElection.java:logAndReturn(94)) -   Response 0: ead66fe0-0d51-45f6-a40c-8e2915dd9a2f<-d411a2e9-f1e7-48ff-a207-5fb0a1d8b942#0:OK-t1
2023-08-25 11:32:55,516 [ead66fe0-0d51-45f6-a40c-8e2915dd9a2f@group-2249AB9819A5-LeaderElection6] INFO  impl.LeaderElection (LeaderElection.java:askForVotes(323)) - ead66fe0-0d51-45f6-a40c-8e2915dd9a2f@group-2249AB9819A5-LeaderElection6 ELECTION round 0: result PASSED
2023-08-25 11:32:55,516 [ead66fe0-0d51-45f6-a40c-8e2915dd9a2f@group-2249AB9819A5-LeaderElection6] INFO  impl.RoleInfo (RoleInfo.java:shutdownLeaderElection(130)) - ead66fe0-0d51-45f6-a40c-8e2915dd9a2f: shutdown ead66fe0-0d51-45f6-a40c-8e2915dd9a2f@group-2249AB9819A5-LeaderElection6
2023-08-25 11:32:55,516 [ead66fe0-0d51-45f6-a40c-8e2915dd9a2f@group-2249AB9819A5-LeaderElection6] INFO  server.RaftServer$Division (RaftServerImpl.java:setRole(329)) - ead66fe0-0d51-45f6-a40c-8e2915dd9a2f@group-2249AB9819A5: changes role from CANDIDATE to LEADER at term 1 for changeToLeader
2023-08-25 11:32:55,516 [ead66fe0-0d51-45f6-a40c-8e2915dd9a2f@group-2249AB9819A5-LeaderElection6] INFO  ratis.XceiverServerRatis (XceiverServerRatis.java:handleLeaderChangedNotification(902)) - Leader change notification received for group: group-2249AB9819A5 with new leaderId: ead66fe0-0d51-45f6-a40c-8e2915dd9a2f
2023-08-25 11:32:55,516 [ead66fe0-0d51-45f6-a40c-8e2915dd9a2f@group-2249AB9819A5-LeaderElection6] INFO  server.RaftServer$Division (ServerState.java:setLeader(317)) - ead66fe0-0d51-45f6-a40c-8e2915dd9a2f@group-2249AB9819A5: change Leader from null to ead66fe0-0d51-45f6-a40c-8e2915dd9a2f at term 1 for becomeLeader, leader elected after 5282ms
2023-08-25 11:32:55,516 [ead66fe0-0d51-45f6-a40c-8e2915dd9a2f@group-2249AB9819A5-LeaderElection6] INFO  server.RaftServerConfigKeys (ConfUtils.java:logGet(46)) - raft.server.staging.catchup.gap = 1000 (default)
2023-08-25 11:32:55,516 [ead66fe0-0d51-45f6-a40c-8e2915dd9a2f@group-2249AB9819A5-LeaderElection6] INFO  server.RaftServerConfigKeys (ConfUtils.java:logGet(46)) - raft.server.write.element-limit = 1024 (custom)
2023-08-25 11:32:55,517 [ead66fe0-0d51-45f6-a40c-8e2915dd9a2f@group-2249AB9819A5-LeaderElection6] INFO  server.RaftServerConfigKeys (ConfUtils.java:logGet(46)) - raft.server.write.byte-limit = 1024 M (=1073741824) (custom)
2023-08-25 11:32:55,517 [ead66fe0-0d51-45f6-a40c-8e2915dd9a2f@group-2249AB9819A5-LeaderElection6] INFO  server.RaftServerConfigKeys (ConfUtils.java:logGet(46)) - raft.server.watch.timeout = 180s (custom)
2023-08-25 11:32:55,519 [ead66fe0-0d51-45f6-a40c-8e2915dd9a2f@group-2249AB9819A5-LeaderElection6] INFO  server.RaftServerConfigKeys (ConfUtils.java:logGet(46)) - raft.server.watch.timeout.denomination = 1s (default)
2023-08-25 11:32:55,519 [ead66fe0-0d51-45f6-a40c-8e2915dd9a2f@group-2249AB9819A5-LeaderElection6] INFO  server.RaftServerConfigKeys (ConfUtils.java:logGet(46)) - raft.server.watch.element-limit = 65536 (default)
2023-08-25 11:32:55,519 [ead66fe0-0d51-45f6-a40c-8e2915dd9a2f@group-2249AB9819A5-LeaderElection6] INFO  server.RaftServerConfigKeys (ConfUtils.java:logGet(46)) - raft.server.write.element-limit = 1024 (custom)
2023-08-25 11:32:55,519 [ead66fe0-0d51-45f6-a40c-8e2915dd9a2f@group-2249AB9819A5-LeaderElection6] INFO  server.RaftServerConfigKeys (ConfUtils.java:logGet(46)) - raft.server.write.follower.gap.ratio.max = -1.0 (default)
2023-08-25 11:32:55,520 [ead66fe0-0d51-45f6-a40c-8e2915dd9a2f@group-2249AB9819A5-LeaderElection6] INFO  server.RaftServerConfigKeys (ConfUtils.java:logGet(46)) - raft.server.log.appender.snapshot.chunk.size.max = 16MB (=16777216) (default)
2023-08-25 11:32:55,520 [ead66fe0-0d51-45f6-a40c-8e2915dd9a2f@group-2249AB9819A5-LeaderElection6] INFO  server.RaftServerConfigKeys (ConfUtils.java:logGet(46)) - raft.server.log.appender.buffer.byte-limit = 33554432 (custom)
2023-08-25 11:32:55,520 [ead66fe0-0d51-45f6-a40c-8e2915dd9a2f@group-2249AB9819A5-LeaderElection6] INFO  server.RaftServerConfigKeys (ConfUtils.java:logGet(46)) - raft.server.log.appender.buffer.element-limit = 1 (custom)
2023-08-25 11:32:55,520 [ead66fe0-0d51-45f6-a40c-8e2915dd9a2f@group-2249AB9819A5-LeaderElection6] INFO  server.RaftServerConfigKeys (ConfUtils.java:logGet(46)) - raft.server.log.appender.wait-time.min = 10ms (default)
2023-08-25 11:32:55,518 [grpc-default-executor-3] INFO  server.RaftServer$Division (RaftServerImpl.java:requestVote(1335)) - 13d602e5-043f-4877-ab61-f2512eb11edb@group-2249AB9819A5 replies to ELECTION vote request: ead66fe0-0d51-45f6-a40c-8e2915dd9a2f<-13d602e5-043f-4877-ab61-f2512eb11edb#0:OK-t1. Peer's state: 13d602e5-043f-4877-ab61-f2512eb11edb@group-2249AB9819A5:t1, leader=null, voted=ead66fe0-0d51-45f6-a40c-8e2915dd9a2f, raftlog=Memoized:13d602e5-043f-4877-ab61-f2512eb11edb@group-2249AB9819A5-SegmentedRaftLog:OPENED:c-1, conf=-1: peers:[ead66fe0-0d51-45f6-a40c-8e2915dd9a2f|rpc:10.1.0.52:15032|admin:10.1.0.52:15031|client:10.1.0.52:15030|dataStream:10.1.0.52:15033|priority:1|startupRole:FOLLOWER, 13d602e5-043f-4877-ab61-f2512eb11edb|rpc:10.1.0.52:15023|admin:10.1.0.52:15022|client:10.1.0.52:15021|dataStream:10.1.0.52:15024|priority:0|startupRole:FOLLOWER, d411a2e9-f1e7-48ff-a207-5fb0a1d8b942|rpc:10.1.0.52:15014|admin:10.1.0.52:15013|client:10.1.0.52:15012|dataStream:10.1.0.52:15015|priority:0|startupRole:FOLLOWER]|listeners:[], old=null
2023-08-25 11:32:55,521 [EventQueue-PipelineReportForPipelineReportHandler] INFO  pipeline.PipelineReportHandler (PipelineReportHandler.java:processPipelineReport(136)) - Opened pipeline PipelineID=48a8aa35-3969-4b40-9daf-2249ab9819a5
2023-08-25 11:32:55,520 [ead66fe0-0d51-45f6-a40c-8e2915dd9a2f@group-2249AB9819A5-LeaderElection6] INFO  grpc.GrpcConfigKeys (ConfUtils.java:logGet(46)) - raft.grpc.server.leader.outstanding.appends.max = 128 (default)
2023-08-25 11:32:55,524 [ead66fe0-0d51-45f6-a40c-8e2915dd9a2f@group-2249AB9819A5-LeaderElection6] INFO  server.RaftServerConfigKeys (ConfUtils.java:logGet(46)) - raft.server.rpc.request.timeout = 60s (custom)
2023-08-25 11:32:55,524 [ead66fe0-0d51-45f6-a40c-8e2915dd9a2f@group-2249AB9819A5-LeaderElection6] INFO  grpc.GrpcConfigKeys (ConfUtils.java:logGet(46)) - raft.grpc.server.install_snapshot.request.element-limit = 8 (default)
2023-08-25 11:32:55,524 [ead66fe0-0d51-45f6-a40c-8e2915dd9a2f@group-2249AB9819A5-LeaderElection6] INFO  grpc.GrpcConfigKeys (ConfUtils.java:logGet(46)) - raft.grpc.server.install_snapshot.request.timeout = 3000ms (default)
2023-08-25 11:32:55,525 [ead66fe0-0d51-45f6-a40c-8e2915dd9a2f@group-2249AB9819A5-LeaderElection6] INFO  server.RaftServerConfigKeys (ConfUtils.java:logGet(46)) - raft.server.log.appender.install.snapshot.enabled = false (custom)
2023-08-25 11:32:55,525 [ead66fe0-0d51-45f6-a40c-8e2915dd9a2f@group-2249AB9819A5-LeaderElection6] INFO  grpc.GrpcConfigKeys (ConfUtils.java:logGet(46)) - raft.grpc.server.heartbeat.channel = true (default)
2023-08-25 11:32:55,526 [ead66fe0-0d51-45f6-a40c-8e2915dd9a2f@group-2249AB9819A5-LeaderElection6] INFO  server.RaftServerConfigKeys (ConfUtils.java:logGet(46)) - raft.server.log.appender.snapshot.chunk.size.max = 16MB (=16777216) (default)
2023-08-25 11:32:55,526 [ead66fe0-0d51-45f6-a40c-8e2915dd9a2f@group-2249AB9819A5-LeaderElection6] INFO  server.RaftServerConfigKeys (ConfUtils.java:logGet(46)) - raft.server.log.appender.buffer.byte-limit = 33554432 (custom)
2023-08-25 11:32:55,526 [ead66fe0-0d51-45f6-a40c-8e2915dd9a2f@group-2249AB9819A5-LeaderElection6] INFO  server.RaftServerConfigKeys (ConfUtils.java:logGet(46)) - raft.server.log.appender.buffer.element-limit = 1 (custom)
2023-08-25 11:32:55,526 [ead66fe0-0d51-45f6-a40c-8e2915dd9a2f@group-2249AB9819A5-LeaderElection6] INFO  server.RaftServerConfigKeys (ConfUtils.java:logGet(46)) - raft.server.log.appender.wait-time.min = 10ms (default)
2023-08-25 11:32:55,526 [ead66fe0-0d51-45f6-a40c-8e2915dd9a2f@group-2249AB9819A5-LeaderElection6] INFO  grpc.GrpcConfigKeys (ConfUtils.java:logGet(46)) - raft.grpc.server.leader.outstanding.appends.max = 128 (default)
2023-08-25 11:32:55,526 [ead66fe0-0d51-45f6-a40c-8e2915dd9a2f@group-2249AB9819A5-LeaderElection6] INFO  server.RaftServerConfigKeys (ConfUtils.java:logGet(46)) - raft.server.rpc.request.timeout = 60s (custom)
2023-08-25 11:32:55,526 [ead66fe0-0d51-45f6-a40c-8e2915dd9a2f@group-2249AB9819A5-LeaderElection6] INFO  grpc.GrpcConfigKeys (ConfUtils.java:logGet(46)) - raft.grpc.server.install_snapshot.request.element-limit = 8 (default)
2023-08-25 11:32:55,526 [ead66fe0-0d51-45f6-a40c-8e2915dd9a2f@group-2249AB9819A5-LeaderElection6] INFO  grpc.GrpcConfigKeys (ConfUtils.java:logGet(46)) - raft.grpc.server.install_snapshot.request.timeout = 3000ms (default)
2023-08-25 11:32:55,526 [ead66fe0-0d51-45f6-a40c-8e2915dd9a2f@group-2249AB9819A5-LeaderElection6] INFO  server.RaftServerConfigKeys (ConfUtils.java:logGet(46)) - raft.server.log.appender.install.snapshot.enabled = false (custom)
2023-08-25 11:32:55,526 [ead66fe0-0d51-45f6-a40c-8e2915dd9a2f@group-2249AB9819A5-LeaderElection6] INFO  grpc.GrpcConfigKeys (ConfUtils.java:logGet(46)) - raft.grpc.server.heartbeat.channel = true (default)
2023-08-25 11:32:55,527 [ead66fe0-0d51-45f6-a40c-8e2915dd9a2f@group-2249AB9819A5-LeaderElection6] INFO  impl.RoleInfo (RoleInfo.java:updateAndGet(139)) - ead66fe0-0d51-45f6-a40c-8e2915dd9a2f: start ead66fe0-0d51-45f6-a40c-8e2915dd9a2f@group-2249AB9819A5-LeaderStateImpl
2023-08-25 11:32:55,531 [ead66fe0-0d51-45f6-a40c-8e2915dd9a2f@group-2249AB9819A5-LeaderElection6] INFO  segmented.SegmentedRaftLogWorker (SegmentedRaftLogWorker.java:startLogSegment(447)) - ead66fe0-0d51-45f6-a40c-8e2915dd9a2f@group-2249AB9819A5-SegmentedRaftLogWorker: Starting segment from index:0
2023-08-25 11:32:55,536 [ead66fe0-0d51-45f6-a40c-8e2915dd9a2f@group-2249AB9819A5-SegmentedRaftLogWorker] INFO  segmented.SegmentedRaftLogWorker (SegmentedRaftLogWorker.java:execute(651)) - ead66fe0-0d51-45f6-a40c-8e2915dd9a2f@group-2249AB9819A5-SegmentedRaftLogWorker: created new log segment /home/runner/work/ozone/ozone/hadoop-ozone/integration-test/target/test-dir/MiniOzoneClusterImpl-168be1a3-dcaf-40a9-aa5d-bf8b77a61b73/datanode-2/data/ratis/48a8aa35-3969-4b40-9daf-2249ab9819a5/current/log_inprogress_0
2023-08-25 11:32:55,545 [4dcd1767-97a9-4f87-b8f8-fe0ca563ef05@group-B4606A8FB28B-FollowerState] INFO  impl.FollowerState (FollowerState.java:run(143)) - 4dcd1767-97a9-4f87-b8f8-fe0ca563ef05@group-B4606A8FB28B-FollowerState: change to CANDIDATE, lastRpcElapsedTime:5018692304ns, electionTimeout:5016ms
2023-08-25 11:32:55,545 [4dcd1767-97a9-4f87-b8f8-fe0ca563ef05@group-B4606A8FB28B-FollowerState] INFO  impl.RoleInfo (RoleInfo.java:shutdownFollowerState(110)) - 4dcd1767-97a9-4f87-b8f8-fe0ca563ef05: shutdown 4dcd1767-97a9-4f87-b8f8-fe0ca563ef05@group-B4606A8FB28B-FollowerState
2023-08-25 11:32:55,545 [4dcd1767-97a9-4f87-b8f8-fe0ca563ef05@group-B4606A8FB28B-FollowerState] INFO  server.RaftServer$Division (RaftServerImpl.java:setRole(329)) - 4dcd1767-97a9-4f87-b8f8-fe0ca563ef05@group-B4606A8FB28B: changes role from  FOLLOWER to CANDIDATE at term 0 for changeToCandidate
2023-08-25 11:32:55,547 [4dcd1767-97a9-4f87-b8f8-fe0ca563ef05@group-B4606A8FB28B-FollowerState] INFO  server.RaftServerConfigKeys (ConfUtils.java:logGet(46)) - raft.server.leaderelection.pre-vote = true (default)
2023-08-25 11:32:55,547 [4dcd1767-97a9-4f87-b8f8-fe0ca563ef05@group-B4606A8FB28B-FollowerState] INFO  impl.RoleInfo (RoleInfo.java:updateAndGet(139)) - 4dcd1767-97a9-4f87-b8f8-fe0ca563ef05: start 4dcd1767-97a9-4f87-b8f8-fe0ca563ef05@group-B4606A8FB28B-LeaderElection9
2023-08-25 11:32:55,549 [ead66fe0-0d51-45f6-a40c-8e2915dd9a2f@group-2249AB9819A5-LeaderElection6] INFO  server.RaftServer$Division (ServerState.java:setRaftConf(434)) - ead66fe0-0d51-45f6-a40c-8e2915dd9a2f@group-2249AB9819A5: set configuration 0: peers:[ead66fe0-0d51-45f6-a40c-8e2915dd9a2f|rpc:10.1.0.52:15032|admin:10.1.0.52:15031|client:10.1.0.52:15030|dataStream:10.1.0.52:15033|priority:1|startupRole:FOLLOWER, 13d602e5-043f-4877-ab61-f2512eb11edb|rpc:10.1.0.52:15023|admin:10.1.0.52:15022|client:10.1.0.52:15021|dataStream:10.1.0.52:15024|priority:0|startupRole:FOLLOWER, d411a2e9-f1e7-48ff-a207-5fb0a1d8b942|rpc:10.1.0.52:15014|admin:10.1.0.52:15013|client:10.1.0.52:15012|dataStream:10.1.0.52:15015|priority:0|startupRole:FOLLOWER]|listeners:[], old=null
2023-08-25 11:32:55,566 [4dcd1767-97a9-4f87-b8f8-fe0ca563ef05@group-B4606A8FB28B-LeaderElection9] INFO  impl.LeaderElection (LeaderElection.java:askForVotes(321)) - 4dcd1767-97a9-4f87-b8f8-fe0ca563ef05@group-B4606A8FB28B-LeaderElection9 PRE_VOTE round 0: submit vote requests at term 0 for -1: peers:[4dcd1767-97a9-4f87-b8f8-fe0ca563ef05|rpc:10.1.0.52:15041|admin:10.1.0.52:15040|client:10.1.0.52:15039|dataStream:10.1.0.52:15042|priority:1|startupRole:FOLLOWER]|listeners:[], old=null
2023-08-25 11:32:55,566 [4dcd1767-97a9-4f87-b8f8-fe0ca563ef05@group-B4606A8FB28B-LeaderElection9] INFO  impl.LeaderElection (LeaderElection.java:askForVotes(323)) - 4dcd1767-97a9-4f87-b8f8-fe0ca563ef05@group-B4606A8FB28B-LeaderElection9 PRE_VOTE round 0: result PASSED (term=0)
2023-08-25 11:32:55,570 [4dcd1767-97a9-4f87-b8f8-fe0ca563ef05@group-B4606A8FB28B-LeaderElection9] INFO  impl.LeaderElection (LeaderElection.java:askForVotes(321)) - 4dcd1767-97a9-4f87-b8f8-fe0ca563ef05@group-B4606A8FB28B-LeaderElection9 ELECTION round 0: submit vote requests at term 1 for -1: peers:[4dcd1767-97a9-4f87-b8f8-fe0ca563ef05|rpc:10.1.0.52:15041|admin:10.1.0.52:15040|client:10.1.0.52:15039|dataStream:10.1.0.52:15042|priority:1|startupRole:FOLLOWER]|listeners:[], old=null
2023-08-25 11:32:55,570 [4dcd1767-97a9-4f87-b8f8-fe0ca563ef05@group-B4606A8FB28B-LeaderElection9] INFO  impl.LeaderElection (LeaderElection.java:askForVotes(323)) - 4dcd1767-97a9-4f87-b8f8-fe0ca563ef05@group-B4606A8FB28B-LeaderElection9 ELECTION round 0: result PASSED (term=1)
2023-08-25 11:32:55,570 [4dcd1767-97a9-4f87-b8f8-fe0ca563ef05@group-B4606A8FB28B-LeaderElection9] INFO  impl.RoleInfo (RoleInfo.java:shutdownLeaderElection(130)) - 4dcd1767-97a9-4f87-b8f8-fe0ca563ef05: shutdown 4dcd1767-97a9-4f87-b8f8-fe0ca563ef05@group-B4606A8FB28B-LeaderElection9
2023-08-25 11:32:55,571 [4dcd1767-97a9-4f87-b8f8-fe0ca563ef05@group-B4606A8FB28B-LeaderElection9] INFO  server.RaftServer$Division (RaftServerImpl.java:setRole(329)) - 4dcd1767-97a9-4f87-b8f8-fe0ca563ef05@group-B4606A8FB28B: changes role from CANDIDATE to LEADER at term 1 for changeToLeader
2023-08-25 11:32:55,571 [4dcd1767-97a9-4f87-b8f8-fe0ca563ef05@group-B4606A8FB28B-LeaderElection9] INFO  ratis.XceiverServerRatis (XceiverServerRatis.java:handleLeaderChangedNotification(902)) - Leader change notification received for group: group-B4606A8FB28B with new leaderId: 4dcd1767-97a9-4f87-b8f8-fe0ca563ef05
2023-08-25 11:32:55,577 [4dcd1767-97a9-4f87-b8f8-fe0ca563ef05@group-B4606A8FB28B-LeaderElection9] INFO  server.RaftServer$Division (ServerState.java:setLeader(317)) - 4dcd1767-97a9-4f87-b8f8-fe0ca563ef05@group-B4606A8FB28B: change Leader from null to 4dcd1767-97a9-4f87-b8f8-fe0ca563ef05 at term 1 for becomeLeader, leader elected after 5119ms
2023-08-25 11:32:55,577 [4dcd1767-97a9-4f87-b8f8-fe0ca563ef05@group-B4606A8FB28B-LeaderElection9] INFO  server.RaftServerConfigKeys (ConfUtils.java:logGet(46)) - raft.server.staging.catchup.gap = 1000 (default)
2023-08-25 11:32:55,577 [4dcd1767-97a9-4f87-b8f8-fe0ca563ef05@group-B4606A8FB28B-LeaderElection9] INFO  server.RaftServerConfigKeys (ConfUtils.java:logGet(46)) - raft.server.write.element-limit = 1024 (custom)
2023-08-25 11:32:55,577 [4dcd1767-97a9-4f87-b8f8-fe0ca563ef05@group-B4606A8FB28B-LeaderElection9] INFO  server.RaftServerConfigKeys (ConfUtils.java:logGet(46)) - raft.server.write.byte-limit = 1024 M (=1073741824) (custom)
2023-08-25 11:32:55,578 [4dcd1767-97a9-4f87-b8f8-fe0ca563ef05@group-B4606A8FB28B-LeaderElection9] INFO  server.RaftServerConfigKeys (ConfUtils.java:logGet(46)) - raft.server.watch.timeout = 180s (custom)
2023-08-25 11:32:55,578 [4dcd1767-97a9-4f87-b8f8-fe0ca563ef05@group-B4606A8FB28B-LeaderElection9] INFO  server.RaftServerConfigKeys (ConfUtils.java:logGet(46)) - raft.server.watch.timeout.denomination = 1s (default)
2023-08-25 11:32:55,578 [4dcd1767-97a9-4f87-b8f8-fe0ca563ef05@group-B4606A8FB28B-LeaderElection9] INFO  server.RaftServerConfigKeys (ConfUtils.java:logGet(46)) - raft.server.watch.element-limit = 65536 (default)
2023-08-25 11:32:55,578 [4dcd1767-97a9-4f87-b8f8-fe0ca563ef05@group-B4606A8FB28B-LeaderElection9] INFO  server.RaftServerConfigKeys (ConfUtils.java:logGet(46)) - raft.server.write.element-limit = 1024 (custom)
2023-08-25 11:32:55,578 [4dcd1767-97a9-4f87-b8f8-fe0ca563ef05@group-B4606A8FB28B-LeaderElection9] INFO  server.RaftServerConfigKeys (ConfUtils.java:logGet(46)) - raft.server.write.follower.gap.ratio.max = -1.0 (default)
2023-08-25 11:32:55,579 [4dcd1767-97a9-4f87-b8f8-fe0ca563ef05@group-B4606A8FB28B-LeaderElection9] INFO  impl.RoleInfo (RoleInfo.java:updateAndGet(139)) - 4dcd1767-97a9-4f87-b8f8-fe0ca563ef05: start 4dcd1767-97a9-4f87-b8f8-fe0ca563ef05@group-B4606A8FB28B-LeaderStateImpl
2023-08-25 11:32:55,579 [4dcd1767-97a9-4f87-b8f8-fe0ca563ef05@group-B4606A8FB28B-LeaderElection9] INFO  segmented.SegmentedRaftLogWorker (SegmentedRaftLogWorker.java:startLogSegment(447)) - 4dcd1767-97a9-4f87-b8f8-fe0ca563ef05@group-B4606A8FB28B-SegmentedRaftLogWorker: Starting segment from index:0
2023-08-25 11:32:55,584 [d411a2e9-f1e7-48ff-a207-5fb0a1d8b942-server-thread1] INFO  ratis.XceiverServerRatis (XceiverServerRatis.java:handleLeaderChangedNotification(902)) - Leader change notification received for group: group-2249AB9819A5 with new leaderId: ead66fe0-0d51-45f6-a40c-8e2915dd9a2f
2023-08-25 11:32:55,584 [d411a2e9-f1e7-48ff-a207-5fb0a1d8b942-server-thread1] INFO  server.RaftServer$Division (ServerState.java:setLeader(317)) - d411a2e9-f1e7-48ff-a207-5fb0a1d8b942@group-2249AB9819A5: change Leader from null to ead66fe0-0d51-45f6-a40c-8e2915dd9a2f at term 1 for appendEntries, leader elected after 5141ms
2023-08-25 11:32:55,584 [4dcd1767-97a9-4f87-b8f8-fe0ca563ef05@group-B4606A8FB28B-SegmentedRaftLogWorker] INFO  segmented.SegmentedRaftLogWorker (SegmentedRaftLogWorker.java:execute(651)) - 4dcd1767-97a9-4f87-b8f8-fe0ca563ef05@group-B4606A8FB28B-SegmentedRaftLogWorker: created new log segment /home/runner/work/ozone/ozone/hadoop-ozone/integration-test/target/test-dir/MiniOzoneClusterImpl-168be1a3-dcaf-40a9-aa5d-bf8b77a61b73/datanode-3/data/ratis/b6fbd096-0fbb-4de9-9930-b4606a8fb28b/current/log_inprogress_0
2023-08-25 11:32:55,586 [13d602e5-043f-4877-ab61-f2512eb11edb-server-thread2] INFO  ratis.XceiverServerRatis (XceiverServerRatis.java:handleLeaderChangedNotification(902)) - Leader change notification received for group: group-2249AB9819A5 with new leaderId: ead66fe0-0d51-45f6-a40c-8e2915dd9a2f
2023-08-25 11:32:55,586 [13d602e5-043f-4877-ab61-f2512eb11edb-server-thread2] INFO  server.RaftServer$Division (ServerState.java:setLeader(317)) - 13d602e5-043f-4877-ab61-f2512eb11edb@group-2249AB9819A5: change Leader from null to ead66fe0-0d51-45f6-a40c-8e2915dd9a2f at term 1 for appendEntries, leader elected after 5217ms
2023-08-25 11:32:55,595 [4dcd1767-97a9-4f87-b8f8-fe0ca563ef05@group-B4606A8FB28B-LeaderElection9] INFO  server.RaftServer$Division (ServerState.java:setRaftConf(434)) - 4dcd1767-97a9-4f87-b8f8-fe0ca563ef05@group-B4606A8FB28B: set configuration 0: peers:[4dcd1767-97a9-4f87-b8f8-fe0ca563ef05|rpc:10.1.0.52:15041|admin:10.1.0.52:15040|client:10.1.0.52:15039|dataStream:10.1.0.52:15042|priority:1|startupRole:FOLLOWER]|listeners:[], old=null
2023-08-25 11:32:55,596 [13d602e5-043f-4877-ab61-f2512eb11edb-server-thread1] INFO  server.RaftServer$Division (ServerState.java:setRaftConf(434)) - 13d602e5-043f-4877-ab61-f2512eb11edb@group-2249AB9819A5: set configuration 0: peers:[ead66fe0-0d51-45f6-a40c-8e2915dd9a2f|rpc:10.1.0.52:15032|admin:10.1.0.52:15031|client:10.1.0.52:15030|dataStream:10.1.0.52:15033|priority:1|startupRole:FOLLOWER, 13d602e5-043f-4877-ab61-f2512eb11edb|rpc:10.1.0.52:15023|admin:10.1.0.52:15022|client:10.1.0.52:15021|dataStream:10.1.0.52:15024|priority:0|startupRole:FOLLOWER, d411a2e9-f1e7-48ff-a207-5fb0a1d8b942|rpc:10.1.0.52:15014|admin:10.1.0.52:15013|client:10.1.0.52:15012|dataStream:10.1.0.52:15015|priority:0|startupRole:FOLLOWER]|listeners:[], old=null
2023-08-25 11:32:55,596 [13d602e5-043f-4877-ab61-f2512eb11edb-server-thread1] INFO  segmented.SegmentedRaftLogWorker (SegmentedRaftLogWorker.java:startLogSegment(447)) - 13d602e5-043f-4877-ab61-f2512eb11edb@group-2249AB9819A5-SegmentedRaftLogWorker: Starting segment from index:0
2023-08-25 11:32:55,600 [13d602e5-043f-4877-ab61-f2512eb11edb@group-2249AB9819A5-SegmentedRaftLogWorker] INFO  segmented.SegmentedRaftLogWorker (SegmentedRaftLogWorker.java:execute(651)) - 13d602e5-043f-4877-ab61-f2512eb11edb@group-2249AB9819A5-SegmentedRaftLogWorker: created new log segment /home/runner/work/ozone/ozone/hadoop-ozone/integration-test/target/test-dir/MiniOzoneClusterImpl-168be1a3-dcaf-40a9-aa5d-bf8b77a61b73/datanode-1/data/ratis/48a8aa35-3969-4b40-9daf-2249ab9819a5/current/log_inprogress_0
2023-08-25 11:32:55,611 [d411a2e9-f1e7-48ff-a207-5fb0a1d8b942-server-thread2] INFO  server.RaftServer$Division (ServerState.java:setRaftConf(434)) - d411a2e9-f1e7-48ff-a207-5fb0a1d8b942@group-2249AB9819A5: set configuration 0: peers:[ead66fe0-0d51-45f6-a40c-8e2915dd9a2f|rpc:10.1.0.52:15032|admin:10.1.0.52:15031|client:10.1.0.52:15030|dataStream:10.1.0.52:15033|priority:1|startupRole:FOLLOWER, 13d602e5-043f-4877-ab61-f2512eb11edb|rpc:10.1.0.52:15023|admin:10.1.0.52:15022|client:10.1.0.52:15021|dataStream:10.1.0.52:15024|priority:0|startupRole:FOLLOWER, d411a2e9-f1e7-48ff-a207-5fb0a1d8b942|rpc:10.1.0.52:15014|admin:10.1.0.52:15013|client:10.1.0.52:15012|dataStream:10.1.0.52:15015|priority:0|startupRole:FOLLOWER]|listeners:[], old=null
2023-08-25 11:32:55,611 [d411a2e9-f1e7-48ff-a207-5fb0a1d8b942-server-thread2] INFO  segmented.SegmentedRaftLogWorker (SegmentedRaftLogWorker.java:startLogSegment(447)) - d411a2e9-f1e7-48ff-a207-5fb0a1d8b942@group-2249AB9819A5-SegmentedRaftLogWorker: Starting segment from index:0
2023-08-25 11:32:55,614 [d411a2e9-f1e7-48ff-a207-5fb0a1d8b942@group-2249AB9819A5-SegmentedRaftLogWorker] INFO  segmented.SegmentedRaftLogWorker (SegmentedRaftLogWorker.java:execute(651)) - d411a2e9-f1e7-48ff-a207-5fb0a1d8b942@group-2249AB9819A5-SegmentedRaftLogWorker: created new log segment /home/runner/work/ozone/ozone/hadoop-ozone/integration-test/target/test-dir/MiniOzoneClusterImpl-168be1a3-dcaf-40a9-aa5d-bf8b77a61b73/datanode-0/data/ratis/48a8aa35-3969-4b40-9daf-2249ab9819a5/current/log_inprogress_0
2023-08-25 11:32:55,922 [af11e694-f31c-4d10-acc2-680f80b0911e@group-D422DE6A4697-FollowerState] INFO  impl.FollowerState (FollowerState.java:run(143)) - af11e694-f31c-4d10-acc2-680f80b0911e@group-D422DE6A4697-FollowerState: change to CANDIDATE, lastRpcElapsedTime:5082911196ns, electionTimeout:5079ms
2023-08-25 11:32:55,922 [af11e694-f31c-4d10-acc2-680f80b0911e@group-D422DE6A4697-FollowerState] INFO  impl.RoleInfo (RoleInfo.java:shutdownFollowerState(110)) - af11e694-f31c-4d10-acc2-680f80b0911e: shutdown af11e694-f31c-4d10-acc2-680f80b0911e@group-D422DE6A4697-FollowerState
2023-08-25 11:32:55,922 [af11e694-f31c-4d10-acc2-680f80b0911e@group-D422DE6A4697-FollowerState] INFO  server.RaftServer$Division (RaftServerImpl.java:setRole(329)) - af11e694-f31c-4d10-acc2-680f80b0911e@group-D422DE6A4697: changes role from  FOLLOWER to CANDIDATE at term 0 for changeToCandidate
2023-08-25 11:32:55,923 [af11e694-f31c-4d10-acc2-680f80b0911e@group-D422DE6A4697-FollowerState] INFO  server.RaftServerConfigKeys (ConfUtils.java:logGet(46)) - raft.server.leaderelection.pre-vote = true (default)
2023-08-25 11:32:55,923 [af11e694-f31c-4d10-acc2-680f80b0911e@group-D422DE6A4697-FollowerState] INFO  impl.RoleInfo (RoleInfo.java:updateAndGet(139)) - af11e694-f31c-4d10-acc2-680f80b0911e: start af11e694-f31c-4d10-acc2-680f80b0911e@group-D422DE6A4697-LeaderElection10
2023-08-25 11:32:55,925 [af11e694-f31c-4d10-acc2-680f80b0911e@group-D422DE6A4697-LeaderElection10] INFO  impl.LeaderElection (LeaderElection.java:askForVotes(321)) - af11e694-f31c-4d10-acc2-680f80b0911e@group-D422DE6A4697-LeaderElection10 PRE_VOTE round 0: submit vote requests at term 0 for -1: peers:[af11e694-f31c-4d10-acc2-680f80b0911e|rpc:10.1.0.52:15050|admin:10.1.0.52:15049|client:10.1.0.52:15048|dataStream:10.1.0.52:15051|priority:1|startupRole:FOLLOWER]|listeners:[], old=null
2023-08-25 11:32:55,925 [af11e694-f31c-4d10-acc2-680f80b0911e@group-D422DE6A4697-LeaderElection10] INFO  impl.LeaderElection (LeaderElection.java:askForVotes(323)) - af11e694-f31c-4d10-acc2-680f80b0911e@group-D422DE6A4697-LeaderElection10 PRE_VOTE round 0: result PASSED (term=0)
2023-08-25 11:32:55,928 [main] INFO  ozone.MiniOzoneClusterImpl (MiniOzoneClusterImpl.java:lambda$waitForClusterToBeReady$0(224)) - Nodes are ready. Got 5 of 5 DN Heartbeats.
2023-08-25 11:32:55,928 [main] INFO  ozone.MiniOzoneClusterImpl (MiniOzoneClusterImpl.java:lambda$waitForClusterToBeReady$0(227)) - Cluster exits safe mode
2023-08-25 11:32:55,928 [main] INFO  ozone.MiniOzoneClusterImpl (MiniOzoneClusterImpl.java:lambda$waitForClusterToBeReady$0(229)) - SCM became leader
2023-08-25 11:32:55,935 [af11e694-f31c-4d10-acc2-680f80b0911e@group-D422DE6A4697-LeaderElection10] INFO  impl.LeaderElection (LeaderElection.java:askForVotes(321)) - af11e694-f31c-4d10-acc2-680f80b0911e@group-D422DE6A4697-LeaderElection10 ELECTION round 0: submit vote requests at term 1 for -1: peers:[af11e694-f31c-4d10-acc2-680f80b0911e|rpc:10.1.0.52:15050|admin:10.1.0.52:15049|client:10.1.0.52:15048|dataStream:10.1.0.52:15051|priority:1|startupRole:FOLLOWER]|listeners:[], old=null
2023-08-25 11:32:55,935 [af11e694-f31c-4d10-acc2-680f80b0911e@group-D422DE6A4697-LeaderElection10] INFO  impl.LeaderElection (LeaderElection.java:askForVotes(323)) - af11e694-f31c-4d10-acc2-680f80b0911e@group-D422DE6A4697-LeaderElection10 ELECTION round 0: result PASSED (term=1)
2023-08-25 11:32:55,935 [af11e694-f31c-4d10-acc2-680f80b0911e@group-D422DE6A4697-LeaderElection10] INFO  impl.RoleInfo (RoleInfo.java:shutdownLeaderElection(130)) - af11e694-f31c-4d10-acc2-680f80b0911e: shutdown af11e694-f31c-4d10-acc2-680f80b0911e@group-D422DE6A4697-LeaderElection10
2023-08-25 11:32:55,935 [af11e694-f31c-4d10-acc2-680f80b0911e@group-D422DE6A4697-LeaderElection10] INFO  server.RaftServer$Division (RaftServerImpl.java:setRole(329)) - af11e694-f31c-4d10-acc2-680f80b0911e@group-D422DE6A4697: changes role from CANDIDATE to LEADER at term 1 for changeToLeader
2023-08-25 11:32:55,935 [af11e694-f31c-4d10-acc2-680f80b0911e@group-D422DE6A4697-LeaderElection10] INFO  ratis.XceiverServerRatis (XceiverServerRatis.java:handleLeaderChangedNotification(902)) - Leader change notification received for group: group-D422DE6A4697 with new leaderId: af11e694-f31c-4d10-acc2-680f80b0911e
2023-08-25 11:32:55,935 [af11e694-f31c-4d10-acc2-680f80b0911e@group-D422DE6A4697-LeaderElection10] INFO  server.RaftServer$Division (ServerState.java:setLeader(317)) - af11e694-f31c-4d10-acc2-680f80b0911e@group-D422DE6A4697: change Leader from null to af11e694-f31c-4d10-acc2-680f80b0911e at term 1 for becomeLeader, leader elected after 5127ms
2023-08-25 11:32:55,936 [af11e694-f31c-4d10-acc2-680f80b0911e@group-D422DE6A4697-LeaderElection10] INFO  server.RaftServerConfigKeys (ConfUtils.java:logGet(46)) - raft.server.staging.catchup.gap = 1000 (default)
2023-08-25 11:32:55,937 [af11e694-f31c-4d10-acc2-680f80b0911e@group-D422DE6A4697-LeaderElection10] INFO  server.RaftServerConfigKeys (ConfUtils.java:logGet(46)) - raft.server.write.element-limit = 1024 (custom)
2023-08-25 11:32:55,937 [af11e694-f31c-4d10-acc2-680f80b0911e@group-D422DE6A4697-LeaderElection10] INFO  server.RaftServerConfigKeys (ConfUtils.java:logGet(46)) - raft.server.write.byte-limit = 1024 M (=1073741824) (custom)
2023-08-25 11:32:55,938 [af11e694-f31c-4d10-acc2-680f80b0911e@group-D422DE6A4697-LeaderElection10] INFO  server.RaftServerConfigKeys (ConfUtils.java:logGet(46)) - raft.server.watch.timeout = 180s (custom)
2023-08-25 11:32:55,938 [af11e694-f31c-4d10-acc2-680f80b0911e@group-D422DE6A4697-LeaderElection10] INFO  server.RaftServerConfigKeys (ConfUtils.java:logGet(46)) - raft.server.watch.timeout.denomination = 1s (default)
2023-08-25 11:32:55,939 [af11e694-f31c-4d10-acc2-680f80b0911e@group-D422DE6A4697-LeaderElection10] INFO  server.RaftServerConfigKeys (ConfUtils.java:logGet(46)) - raft.server.watch.element-limit = 65536 (default)
2023-08-25 11:32:55,939 [af11e694-f31c-4d10-acc2-680f80b0911e@group-D422DE6A4697-LeaderElection10] INFO  server.RaftServerConfigKeys (ConfUtils.java:logGet(46)) - raft.server.write.element-limit = 1024 (custom)
2023-08-25 11:32:55,939 [af11e694-f31c-4d10-acc2-680f80b0911e@group-D422DE6A4697-LeaderElection10] INFO  server.RaftServerConfigKeys (ConfUtils.java:logGet(46)) - raft.server.write.follower.gap.ratio.max = -1.0 (default)
2023-08-25 11:32:55,939 [af11e694-f31c-4d10-acc2-680f80b0911e@group-D422DE6A4697-LeaderElection10] INFO  impl.RoleInfo (RoleInfo.java:updateAndGet(139)) - af11e694-f31c-4d10-acc2-680f80b0911e: start af11e694-f31c-4d10-acc2-680f80b0911e@group-D422DE6A4697-LeaderStateImpl
2023-08-25 11:32:55,940 [af11e694-f31c-4d10-acc2-680f80b0911e@group-D422DE6A4697-LeaderElection10] INFO  segmented.SegmentedRaftLogWorker (SegmentedRaftLogWorker.java:startLogSegment(447)) - af11e694-f31c-4d10-acc2-680f80b0911e@group-D422DE6A4697-SegmentedRaftLogWorker: Starting segment from index:0
2023-08-25 11:32:55,943 [af11e694-f31c-4d10-acc2-680f80b0911e@group-D422DE6A4697-SegmentedRaftLogWorker] INFO  segmented.SegmentedRaftLogWorker (SegmentedRaftLogWorker.java:execute(651)) - af11e694-f31c-4d10-acc2-680f80b0911e@group-D422DE6A4697-SegmentedRaftLogWorker: created new log segment /home/runner/work/ozone/ozone/hadoop-ozone/integration-test/target/test-dir/MiniOzoneClusterImpl-168be1a3-dcaf-40a9-aa5d-bf8b77a61b73/datanode-4/data/ratis/575a8c2a-1b26-400a-9d0b-d422de6a4697/current/log_inprogress_0
2023-08-25 11:32:55,951 [af11e694-f31c-4d10-acc2-680f80b0911e@group-D422DE6A4697-LeaderElection10] INFO  server.RaftServer$Division (ServerState.java:setRaftConf(434)) - af11e694-f31c-4d10-acc2-680f80b0911e@group-D422DE6A4697: set configuration 0: peers:[af11e694-f31c-4d10-acc2-680f80b0911e|rpc:10.1.0.52:15050|admin:10.1.0.52:15049|client:10.1.0.52:15048|dataStream:10.1.0.52:15051|priority:1|startupRole:FOLLOWER]|listeners:[], old=null
2023-08-25 11:32:56,414 [JvmPauseMonitor4] WARN  util.JvmPauseMonitor (JvmPauseMonitor.java:detectPause(124)) - JvmPauseMonitor-ead66fe0-0d51-45f6-a40c-8e2915dd9a2f: Detected pause in JVM or host machine approximately 0.288s with 0.432s GC time.
GC pool 'PS MarkSweep' had collection(s): count=1 time=347ms
GC pool 'PS Scavenge' had collection(s): count=1 time=85ms
2023-08-25 11:32:56,414 [JvmPauseMonitor0] WARN  util.JvmPauseMonitor (JvmPauseMonitor.java:detectPause(124)) - JvmPauseMonitor-5e063070-8ab6-4624-892f-d04e662d3851: Detected pause in JVM or host machine approximately 0.349s with 0.432s GC time.
GC pool 'PS MarkSweep' had collection(s): count=1 time=347ms
GC pool 'PS Scavenge' had collection(s): count=1 time=85ms
2023-08-25 11:32:56,415 [JvmPauseMonitor1] WARN  util.JvmPauseMonitor (JvmPauseMonitor.java:detectPause(124)) - JvmPauseMonitor-om1: Detected pause in JVM or host machine approximately 0.381s with 0.432s GC time.
GC pool 'PS MarkSweep' had collection(s): count=1 time=347ms
GC pool 'PS Scavenge' had collection(s): count=1 time=85ms
2023-08-25 11:32:56,415 [JvmPauseMonitor5] WARN  util.JvmPauseMonitor (JvmPauseMonitor.java:detectPause(124)) - JvmPauseMonitor-4dcd1767-97a9-4f87-b8f8-fe0ca563ef05: Detected pause in JVM or host machine approximately 0.394s with 0.432s GC time.
GC pool 'PS MarkSweep' had collection(s): count=1 time=347ms
GC pool 'PS Scavenge' had collection(s): count=1 time=85ms
2023-08-25 11:32:57,034 [main] INFO  rpc.RpcClient (RpcClient.java:createVolume(461)) - Creating Volume: volume54121, with user89793 as owner and space quota set to -1 bytes, counts quota set to -1
2023-08-25 11:32:57,107 [OM StateMachine ApplyTransaction Thread - 0] INFO  volume.OMVolumeCreateRequest (OMVolumeCreateRequest.java:validateAndUpdateCache(196)) - created volume:volume54121 for user:user89793
2023-08-25 11:32:57,131 [main] INFO  rpc.RpcClient (RpcClient.java:createBucket(688)) - Creating Bucket: volume54121/bucket59518, with bucket layout LEGACY, runner as owner, Versioning false, Storage Type set to DISK and Encryption set to false, Replication Type set to server-side default replication type, Namespace Quota set to -1, Space Quota set to -1 
2023-08-25 11:32:57,164 [OM StateMachine ApplyTransaction Thread - 0] INFO  bucket.OMBucketCreateRequest (OMBucketCreateRequest.java:validateAndUpdateCache(270)) - created bucket: bucket59518 of layout LEGACY in volume: volume54121
]]></system-out>
  </testcase>
  <testcase name="testGetTrashRoot" classname="TestOzoneFileSystem" time="19.348">
    <system-out><![CDATA[2023-08-25 11:34:35,664 [main] INFO  ozone.MiniOzoneClusterImpl (MiniOzoneClusterImpl.java:shutdown(443)) - Shutting down the Mini Ozone Cluster
2023-08-25 11:34:35,665 [main] INFO  ozone.MiniOzoneClusterImpl (MiniOzoneClusterImpl.java:stop(460)) - Stopping the Mini Ozone Cluster
2023-08-25 11:34:35,665 [main] INFO  ozone.MiniOzoneClusterImpl (MiniOzoneClusterImpl.java:stopOM(551)) - Stopping the OzoneManager
2023-08-25 11:34:35,665 [main] INFO  om.OzoneManager (OzoneManager.java:stop(2187)) - om1[localhost:15004]: Stopping Ozone Manager
2023-08-25 11:34:35,666 [main] INFO  ipc.Server (Server.java:stop(3523)) - Stopping server on 15004
2023-08-25 11:34:35,676 [IPC Server listener on 15004] INFO  ipc.Server (Server.java:run(1434)) - Stopping IPC Server listener on 15004
2023-08-25 11:34:35,676 [IPC Server Responder] INFO  ipc.Server (Server.java:run(1567)) - Stopping IPC Server Responder
2023-08-25 11:34:35,681 [main] INFO  server.RaftServer (RaftServerProxy.java:lambda$close$6(416)) - om1: close
2023-08-25 11:34:35,686 [main] INFO  server.GrpcService (GrpcService.java:closeImpl(311)) - om1: shutdown server GrpcServerProtocolService now
2023-08-25 11:34:35,687 [om1-impl-thread2] INFO  server.RaftServer$Division (RaftServerImpl.java:lambda$close$4(466)) - om1@group-C5BA1605619E: shutdown
2023-08-25 11:34:35,687 [om1-impl-thread2] INFO  util.JmxRegister (JmxRegister.java:unregister(73)) - Successfully un-registered JMX Bean with object name Ratis:service=RaftServer,group=group-C5BA1605619E,id=om1
2023-08-25 11:34:35,688 [om1-impl-thread2] INFO  impl.RoleInfo (RoleInfo.java:shutdownLeaderState(93)) - om1: shutdown om1@group-C5BA1605619E-LeaderStateImpl
2023-08-25 11:34:35,690 [om1-impl-thread2] INFO  impl.PendingRequests (PendingRequests.java:sendNotLeaderResponses(289)) - om1@group-C5BA1605619E-PendingRequests: sendNotLeaderResponses
2023-08-25 11:34:35,709 [om1-impl-thread2] INFO  impl.StateMachineUpdater (StateMachineUpdater.java:stopAndJoin(155)) - om1@group-C5BA1605619E-StateMachineUpdater: set stopIndex = 37022
2023-08-25 11:34:35,710 [om1@group-C5BA1605619E-StateMachineUpdater] INFO  ratis.OzoneManagerStateMachine (OzoneManagerStateMachine.java:takeSnapshot(480)) - Current Snapshot Index (t:1, i:37022)
2023-08-25 11:34:35,714 [main] INFO  server.GrpcService (GrpcService.java:closeImpl(320)) - om1: shutdown server GrpcServerProtocolService successfully
2023-08-25 11:34:35,788 [om1@group-C5BA1605619E-StateMachineUpdater] INFO  impl.StateMachineUpdater (StateMachineUpdater.java:takeSnapshot(291)) - om1@group-C5BA1605619E-StateMachineUpdater: Took a snapshot at index 37022
2023-08-25 11:34:35,790 [om1@group-C5BA1605619E-StateMachineUpdater] INFO  impl.StateMachineUpdater (StateMachineUpdater.java:lambda$new$0(97)) - om1@group-C5BA1605619E-StateMachineUpdater: snapshotIndex: updateIncreasingly -1 -> 37022
2023-08-25 11:34:35,790 [om1@group-C5BA1605619E-StateMachineUpdater] INFO  ratis.OzoneManagerStateMachine (OzoneManagerStateMachine.java:close(534)) - StateMachine has shutdown. Shutdown OzoneManager if not already shutdown.
2023-08-25 11:34:35,790 [om1@group-C5BA1605619E-StateMachineUpdater] INFO  ratis.OzoneManagerDoubleBuffer (OzoneManagerDoubleBuffer.java:stopDaemon(551)) - Stopping OMDoubleBuffer flush thread
2023-08-25 11:34:35,790 [OMDoubleBufferFlushThread] INFO  ratis.OzoneManagerDoubleBuffer (OzoneManagerDoubleBuffer.java:canFlush(638)) - OMDoubleBuffer flush thread OMDoubleBufferFlushThread is interrupted and will exit.
2023-08-25 11:34:35,792 [om1-impl-thread2] INFO  server.RaftServer$Division (ServerState.java:close(472)) - om1@group-C5BA1605619E: closes. applyIndex: 37022
2023-08-25 11:34:36,642 [om1-impl-thread2] INFO  segmented.SegmentedRaftLogWorker (SegmentedRaftLogWorker.java:close(252)) - om1@group-C5BA1605619E-SegmentedRaftLogWorker close()
2023-08-25 11:34:36,644 [JvmPauseMonitor1] INFO  util.JvmPauseMonitor (JvmPauseMonitor.java:run(109)) - JvmPauseMonitor-om1: Stopped
2023-08-25 11:34:36,645 [main] INFO  ratis.OzoneManagerStateMachine (OzoneManagerStateMachine.java:close(534)) - StateMachine has shutdown. Shutdown OzoneManager if not already shutdown.
2023-08-25 11:34:36,645 [main] INFO  ratis.OzoneManagerDoubleBuffer (OzoneManagerDoubleBuffer.java:stopDaemon(560)) - OMDoubleBuffer flush thread is not running.
2023-08-25 11:34:36,646 [main] INFO  utils.BackgroundService (BackgroundService.java:shutdown(141)) - Shutting down service KeyDeletingService
2023-08-25 11:34:36,646 [main] INFO  utils.BackgroundService (BackgroundService.java:shutdown(141)) - Shutting down service KeyDeletingService
2023-08-25 11:34:36,647 [main] INFO  utils.BackgroundService (BackgroundService.java:shutdown(141)) - Shutting down service OpenKeyCleanupService
2023-08-25 11:34:36,647 [main] INFO  utils.BackgroundService (BackgroundService.java:shutdown(141)) - Shutting down service SstFilteringService
2023-08-25 11:34:36,647 [main] INFO  utils.BackgroundService (BackgroundService.java:shutdown(141)) - Shutting down service SnapshotDeletingService
2023-08-25 11:34:36,650 [main] INFO  handler.ContextHandler (ContextHandler.java:doStop(1159)) - Stopped o.e.j.w.WebAppContext@77b7cc64{ozoneManager,/,null,STOPPED}{file:/home/runner/work/ozone/ozone/hadoop-ozone/integration-test/target/test-classes/webapps/ozoneManager}
2023-08-25 11:34:36,654 [main] INFO  server.AbstractConnector (AbstractConnector.java:doStop(383)) - Stopped ServerConnector@3dfbd145{HTTP/1.1, (http/1.1)}{0.0.0.0:15005}
2023-08-25 11:34:36,654 [main] INFO  server.session (HouseKeeper.java:stopScavenging(149)) - node0 Stopped scavenging
2023-08-25 11:34:36,654 [main] INFO  handler.ContextHandler (ContextHandler.java:doStop(1159)) - Stopped o.e.j.s.ServletContextHandler@6074ed28{static,/static,file:///home/runner/work/ozone/ozone/hadoop-ozone/integration-test/target/test-classes/webapps/static,STOPPED}
2023-08-25 11:34:36,655 [main] INFO  handler.ContextHandler (ContextHandler.java:doStop(1159)) - Stopped o.e.j.s.ServletContextHandler@a74d87b{logs,/logs,file:///home/runner/work/ozone/ozone/hadoop-ozone/integration-test/target/log,STOPPED}
2023-08-25 11:34:36,659 [main] INFO  rocksdiff.RocksDBCheckpointDiffer (RocksDBCheckpointDiffer.java:close(340)) - Shutting down CompactionDagPruningService.
2023-08-25 11:34:36,659 [Trash Emptier] ERROR om.TrashPolicyOzone (TrashPolicyOzone.java:run(350)) - Error attempting to shutdown
java.lang.InterruptedException
	at java.util.concurrent.locks.AbstractQueuedSynchronizer$ConditionObject.awaitNanos(AbstractQueuedSynchronizer.java:2067)
	at java.util.concurrent.ThreadPoolExecutor.awaitTermination(ThreadPoolExecutor.java:1475)
	at org.apache.hadoop.ozone.om.TrashPolicyOzone$Emptier.run(TrashPolicyOzone.java:348)
	at java.lang.Thread.run(Thread.java:750)
2023-08-25 11:34:36,667 [main] INFO  snapshot.SnapshotDiffManager (SnapshotDiffManager.java:closeExecutorService(1720)) - Shutting down executorService: 'SnapDiffExecutor'
2023-08-25 11:34:36,667 [main] INFO  snapshot.SnapshotDiffManager (SnapshotDiffManager.java:closeExecutorService(1720)) - Shutting down executorService: 'SstDumpToolExecutor'
2023-08-25 11:34:36,668 [main] INFO  utils.BackgroundService (BackgroundService.java:shutdown(141)) - Shutting down service SnapshotDiffCleanupService
2023-08-25 11:34:36,670 [main] INFO  ozone.MiniOzoneClusterImpl (MiniOzoneClusterImpl.java:stopDatanodes(528)) - Stopping the HddsDatanodes
2023-08-25 11:34:36,679 [ForkJoinPool.commonPool-worker-0] INFO  ozoneimpl.OzoneContainer (OzoneContainer.java:stop(451)) - Attempting to stop container services.
2023-08-25 11:34:36,683 [ForkJoinPool.commonPool-worker-0] INFO  server.RaftServer (RaftServerProxy.java:lambda$close$6(416)) - 13d602e5-043f-4877-ab61-f2512eb11edb: close
2023-08-25 11:34:36,683 [13d602e5-043f-4877-ab61-f2512eb11edb-impl-thread2] INFO  server.RaftServer$Division (RaftServerImpl.java:lambda$close$4(466)) - 13d602e5-043f-4877-ab61-f2512eb11edb@group-BB58F65BAA1B: shutdown
2023-08-25 11:34:36,683 [13d602e5-043f-4877-ab61-f2512eb11edb-impl-thread2] INFO  util.JmxRegister (JmxRegister.java:unregister(73)) - Successfully un-registered JMX Bean with object name Ratis:service=RaftServer,group=group-BB58F65BAA1B,id=13d602e5-043f-4877-ab61-f2512eb11edb
2023-08-25 11:34:36,684 [13d602e5-043f-4877-ab61-f2512eb11edb-impl-thread2] INFO  impl.RoleInfo (RoleInfo.java:shutdownLeaderState(93)) - 13d602e5-043f-4877-ab61-f2512eb11edb: shutdown 13d602e5-043f-4877-ab61-f2512eb11edb@group-BB58F65BAA1B-LeaderStateImpl
2023-08-25 11:34:36,684 [13d602e5-043f-4877-ab61-f2512eb11edb-impl-thread3] INFO  server.RaftServer$Division (RaftServerImpl.java:lambda$close$4(466)) - 13d602e5-043f-4877-ab61-f2512eb11edb@group-F23DB3C01F23: shutdown
2023-08-25 11:34:36,684 [13d602e5-043f-4877-ab61-f2512eb11edb-impl-thread3] INFO  util.JmxRegister (JmxRegister.java:unregister(73)) - Successfully un-registered JMX Bean with object name Ratis:service=RaftServer,group=group-F23DB3C01F23,id=13d602e5-043f-4877-ab61-f2512eb11edb
2023-08-25 11:34:36,684 [13d602e5-043f-4877-ab61-f2512eb11edb-impl-thread3] INFO  impl.RoleInfo (RoleInfo.java:shutdownLeaderState(93)) - 13d602e5-043f-4877-ab61-f2512eb11edb: shutdown 13d602e5-043f-4877-ab61-f2512eb11edb@group-F23DB3C01F23-LeaderStateImpl
2023-08-25 11:34:36,692 [ForkJoinPool.commonPool-worker-0] INFO  server.GrpcService (GrpcService.java:closeImpl(311)) - 13d602e5-043f-4877-ab61-f2512eb11edb: shutdown server org.apache.ratis.grpc.server.GrpcClientProtocolService now
2023-08-25 11:34:36,694 [13d602e5-043f-4877-ab61-f2512eb11edb-impl-thread4] INFO  server.RaftServer$Division (RaftServerImpl.java:lambda$close$4(466)) - 13d602e5-043f-4877-ab61-f2512eb11edb@group-2249AB9819A5: shutdown
2023-08-25 11:34:36,694 [13d602e5-043f-4877-ab61-f2512eb11edb-impl-thread4] INFO  util.JmxRegister (JmxRegister.java:unregister(73)) - Successfully un-registered JMX Bean with object name Ratis:service=RaftServer,group=group-2249AB9819A5,id=13d602e5-043f-4877-ab61-f2512eb11edb
2023-08-25 11:34:36,699 [13d602e5-043f-4877-ab61-f2512eb11edb@group-F23DB3C01F23->ead66fe0-0d51-45f6-a40c-8e2915dd9a2f-GrpcLogAppender-LogAppenderDaemon] WARN  server.GrpcLogAppender (GrpcLogAppender.java:mayWait(199)) - 13d602e5-043f-4877-ab61-f2512eb11edb@group-F23DB3C01F23->ead66fe0-0d51-45f6-a40c-8e2915dd9a2f-GrpcLogAppender: Wait interrupted by java.lang.InterruptedException
2023-08-25 11:34:36,699 [main] INFO  ozoneimpl.OzoneContainer (OzoneContainer.java:stop(451)) - Attempting to stop container services.
2023-08-25 11:34:36,699 [13d602e5-043f-4877-ab61-f2512eb11edb@group-F23DB3C01F23->d411a2e9-f1e7-48ff-a207-5fb0a1d8b942-GrpcLogAppender-LogAppenderDaemon] WARN  server.GrpcLogAppender (GrpcLogAppender.java:mayWait(199)) - 13d602e5-043f-4877-ab61-f2512eb11edb@group-F23DB3C01F23->d411a2e9-f1e7-48ff-a207-5fb0a1d8b942-GrpcLogAppender: Wait interrupted by java.lang.InterruptedException
2023-08-25 11:34:36,699 [Thread-526] INFO  server.GrpcServerProtocolClient (GrpcServerProtocolClient.java:close(103)) - d411a2e9-f1e7-48ff-a207-5fb0a1d8b942 Close channels
2023-08-25 11:34:36,695 [13d602e5-043f-4877-ab61-f2512eb11edb-impl-thread3] INFO  impl.PendingRequests (PendingRequests.java:sendNotLeaderResponses(289)) - 13d602e5-043f-4877-ab61-f2512eb11edb@group-F23DB3C01F23-PendingRequests: sendNotLeaderResponses
2023-08-25 11:34:36,699 [Thread-524] INFO  server.GrpcServerProtocolClient (GrpcServerProtocolClient.java:close(103)) - ead66fe0-0d51-45f6-a40c-8e2915dd9a2f Close channels
2023-08-25 11:34:36,684 [13d602e5-043f-4877-ab61-f2512eb11edb-impl-thread2] INFO  impl.PendingRequests (PendingRequests.java:sendNotLeaderResponses(289)) - 13d602e5-043f-4877-ab61-f2512eb11edb@group-BB58F65BAA1B-PendingRequests: sendNotLeaderResponses
2023-08-25 11:34:36,707 [13d602e5-043f-4877-ab61-f2512eb11edb-impl-thread2] INFO  impl.StateMachineUpdater (StateMachineUpdater.java:stopAndJoin(155)) - 13d602e5-043f-4877-ab61-f2512eb11edb@group-BB58F65BAA1B-StateMachineUpdater: set stopIndex = 0
2023-08-25 11:34:36,707 [13d602e5-043f-4877-ab61-f2512eb11edb@group-BB58F65BAA1B-StateMachineUpdater] INFO  ratis.ContainerStateMachine (ContainerStateMachine.java:takeSnapshot(330)) - group-BB58F65BAA1B: Taking a snapshot at:(t:1, i:0) file /home/runner/work/ozone/ozone/hadoop-ozone/integration-test/target/test-dir/MiniOzoneClusterImpl-168be1a3-dcaf-40a9-aa5d-bf8b77a61b73/datanode-1/data/ratis/9d1a06b2-6520-43aa-bf2b-bb58f65baa1b/sm/snapshot.1_0
2023-08-25 11:34:36,708 [grpc-default-executor-6] INFO  server.GrpcServerProtocolService (GrpcServerProtocolService.java:onCompleted(155)) - ead66fe0-0d51-45f6-a40c-8e2915dd9a2f: Completed APPEND_ENTRIES, lastRequest: 13d602e5-043f-4877-ab61-f2512eb11edb->ead66fe0-0d51-45f6-a40c-8e2915dd9a2f#7-t1,previous=(t:1, i:3),leaderCommit=2,initializing? true,entries: size=1, first=(t:1, i:4), METADATAENTRY(c:2)
2023-08-25 11:34:36,708 [grpc-default-executor-6] INFO  server.GrpcServerProtocolService (GrpcServerProtocolService.java:lambda$onCompleted$5(157)) - ead66fe0-0d51-45f6-a40c-8e2915dd9a2f: Completed APPEND_ENTRIES, lastReply: null
2023-08-25 11:34:36,710 [grpc-default-executor-7] INFO  server.GrpcLogAppender (GrpcLogAppender.java:onCompleted(428)) - 13d602e5-043f-4877-ab61-f2512eb11edb@group-F23DB3C01F23->ead66fe0-0d51-45f6-a40c-8e2915dd9a2f-AppendLogResponseHandler: follower responses appendEntries COMPLETED
2023-08-25 11:34:36,710 [main] INFO  server.RaftServer (RaftServerProxy.java:lambda$close$6(416)) - ead66fe0-0d51-45f6-a40c-8e2915dd9a2f: close
2023-08-25 11:34:36,710 [grpc-default-executor-7] WARN  server.GrpcLogAppender (GrpcLogAppender.java:resetClient(137)) - 13d602e5-043f-4877-ab61-f2512eb11edb@group-F23DB3C01F23->ead66fe0-0d51-45f6-a40c-8e2915dd9a2f-GrpcLogAppender: Failed to getClient for ead66fe0-0d51-45f6-a40c-8e2915dd9a2f
org.apache.ratis.protocol.exceptions.AlreadyClosedException: 13d602e5-043f-4877-ab61-f2512eb11edb is already CLOSED
	at org.apache.ratis.util.PeerProxyMap$PeerAndProxy.getProxy(PeerProxyMap.java:61)
	at org.apache.ratis.util.PeerProxyMap.getProxy(PeerProxyMap.java:115)
	at org.apache.ratis.grpc.server.GrpcLogAppender.getClient(GrpcLogAppender.java:112)
	at org.apache.ratis.grpc.server.GrpcLogAppender.resetClient(GrpcLogAppender.java:117)
	at org.apache.ratis.grpc.server.GrpcLogAppender.access$500(GrpcLogAppender.java:56)
	at org.apache.ratis.grpc.server.GrpcLogAppender$AppendLogResponseHandler.onCompleted(GrpcLogAppender.java:429)
	at org.apache.ratis.thirdparty.io.grpc.stub.ClientCalls$StreamObserverToCallListenerAdapter.onClose(ClientCalls.java:485)
	at org.apache.ratis.thirdparty.io.grpc.internal.ClientCallImpl.closeObserver(ClientCallImpl.java:563)
	at org.apache.ratis.thirdparty.io.grpc.internal.ClientCallImpl.access$300(ClientCallImpl.java:70)
	at org.apache.ratis.thirdparty.io.grpc.internal.ClientCallImpl$ClientStreamListenerImpl$1StreamClosed.runInternal(ClientCallImpl.java:744)
	at org.apache.ratis.thirdparty.io.grpc.internal.ClientCallImpl$ClientStreamListenerImpl$1StreamClosed.runInContext(ClientCallImpl.java:723)
	at org.apache.ratis.thirdparty.io.grpc.internal.ContextRunnable.run(ContextRunnable.java:37)
	at org.apache.ratis.thirdparty.io.grpc.internal.SerializingExecutor.run(SerializingExecutor.java:133)
	at java.util.concurrent.ThreadPoolExecutor.runWorker(ThreadPoolExecutor.java:1149)
	at java.util.concurrent.ThreadPoolExecutor$Worker.run(ThreadPoolExecutor.java:624)
	at java.lang.Thread.run(Thread.java:750)
2023-08-25 11:34:36,704 [13d602e5-043f-4877-ab61-f2512eb11edb-impl-thread4] INFO  impl.RoleInfo (RoleInfo.java:shutdownFollowerState(110)) - 13d602e5-043f-4877-ab61-f2512eb11edb: shutdown 13d602e5-043f-4877-ab61-f2512eb11edb@group-2249AB9819A5-FollowerState
2023-08-25 11:34:36,710 [grpc-default-executor-6] INFO  server.GrpcServerProtocolService (GrpcServerProtocolService.java:onCompleted(155)) - d411a2e9-f1e7-48ff-a207-5fb0a1d8b942: Completed APPEND_ENTRIES, lastRequest: null
2023-08-25 11:34:36,716 [grpc-default-executor-6] INFO  server.GrpcServerProtocolService (GrpcServerProtocolService.java:lambda$onCompleted$5(157)) - d411a2e9-f1e7-48ff-a207-5fb0a1d8b942: Completed APPEND_ENTRIES, lastReply: serverReply {
  requestorId: "13d602e5-043f-4877-ab61-f2512eb11edb"
  replyId: "d411a2e9-f1e7-48ff-a207-5fb0a1d8b942"
  raftGroupId {
    id: "\274\027x\231\223\221@\316\204!\362=\263\300\037#"
  }
  callId: 47
  success: true
}
term: 1
nextIndex: 5
followerCommit: 4
matchIndex: 18446744073709551615
isHearbeat: true

2023-08-25 11:34:36,732 [ead66fe0-0d51-45f6-a40c-8e2915dd9a2f-impl-thread2] INFO  server.RaftServer$Division (RaftServerImpl.java:lambda$close$4(466)) - ead66fe0-0d51-45f6-a40c-8e2915dd9a2f@group-09316CB53EEB: shutdown
2023-08-25 11:34:36,733 [ead66fe0-0d51-45f6-a40c-8e2915dd9a2f-impl-thread2] INFO  util.JmxRegister (JmxRegister.java:unregister(73)) - Successfully un-registered JMX Bean with object name Ratis:service=RaftServer,group=group-09316CB53EEB,id=ead66fe0-0d51-45f6-a40c-8e2915dd9a2f
2023-08-25 11:34:36,733 [ead66fe0-0d51-45f6-a40c-8e2915dd9a2f-impl-thread2] INFO  impl.RoleInfo (RoleInfo.java:shutdownLeaderState(93)) - ead66fe0-0d51-45f6-a40c-8e2915dd9a2f: shutdown ead66fe0-0d51-45f6-a40c-8e2915dd9a2f@group-09316CB53EEB-LeaderStateImpl
2023-08-25 11:34:36,733 [ead66fe0-0d51-45f6-a40c-8e2915dd9a2f-impl-thread2] INFO  impl.PendingRequests (PendingRequests.java:sendNotLeaderResponses(289)) - ead66fe0-0d51-45f6-a40c-8e2915dd9a2f@group-09316CB53EEB-PendingRequests: sendNotLeaderResponses
2023-08-25 11:34:36,732 [ead66fe0-0d51-45f6-a40c-8e2915dd9a2f-impl-thread3] INFO  server.RaftServer$Division (RaftServerImpl.java:lambda$close$4(466)) - ead66fe0-0d51-45f6-a40c-8e2915dd9a2f@group-F23DB3C01F23: shutdown
2023-08-25 11:34:36,734 [ead66fe0-0d51-45f6-a40c-8e2915dd9a2f-impl-thread3] INFO  util.JmxRegister (JmxRegister.java:unregister(73)) - Successfully un-registered JMX Bean with object name Ratis:service=RaftServer,group=group-F23DB3C01F23,id=ead66fe0-0d51-45f6-a40c-8e2915dd9a2f
2023-08-25 11:34:36,734 [ead66fe0-0d51-45f6-a40c-8e2915dd9a2f-impl-thread3] INFO  impl.RoleInfo (RoleInfo.java:shutdownFollowerState(110)) - ead66fe0-0d51-45f6-a40c-8e2915dd9a2f: shutdown ead66fe0-0d51-45f6-a40c-8e2915dd9a2f@group-F23DB3C01F23-FollowerState
2023-08-25 11:34:36,735 [main] INFO  server.GrpcService (GrpcService.java:closeImpl(311)) - ead66fe0-0d51-45f6-a40c-8e2915dd9a2f: shutdown server org.apache.ratis.grpc.server.GrpcClientProtocolService now
2023-08-25 11:34:36,739 [13d602e5-043f-4877-ab61-f2512eb11edb-impl-thread4] INFO  impl.StateMachineUpdater (StateMachineUpdater.java:stopAndJoin(155)) - 13d602e5-043f-4877-ab61-f2512eb11edb@group-2249AB9819A5-StateMachineUpdater: set stopIndex = 28
2023-08-25 11:34:36,739 [13d602e5-043f-4877-ab61-f2512eb11edb@group-2249AB9819A5-StateMachineUpdater] INFO  ratis.ContainerStateMachine (ContainerStateMachine.java:takeSnapshot(330)) - group-2249AB9819A5: Taking a snapshot at:(t:1, i:28) file /home/runner/work/ozone/ozone/hadoop-ozone/integration-test/target/test-dir/MiniOzoneClusterImpl-168be1a3-dcaf-40a9-aa5d-bf8b77a61b73/datanode-1/data/ratis/48a8aa35-3969-4b40-9daf-2249ab9819a5/sm/snapshot.1_28
2023-08-25 11:34:36,711 [grpc-default-executor-5] INFO  server.GrpcServerProtocolService (GrpcServerProtocolService.java:onCompleted(155)) - ead66fe0-0d51-45f6-a40c-8e2915dd9a2f: Completed APPEND_ENTRIES, lastRequest: null
2023-08-25 11:34:36,740 [grpc-default-executor-5] INFO  server.GrpcServerProtocolService (GrpcServerProtocolService.java:lambda$onCompleted$5(157)) - ead66fe0-0d51-45f6-a40c-8e2915dd9a2f: Completed APPEND_ENTRIES, lastReply: serverReply {
  requestorId: "13d602e5-043f-4877-ab61-f2512eb11edb"
  replyId: "ead66fe0-0d51-45f6-a40c-8e2915dd9a2f"
  raftGroupId {
    id: "\274\027x\231\223\221@\316\204!\362=\263\300\037#"
  }
  callId: 49
  success: true
}
term: 1
nextIndex: 5
followerCommit: 4
matchIndex: 18446744073709551615
isHearbeat: true

2023-08-25 11:34:36,709 [grpc-default-executor-3] INFO  server.GrpcServerProtocolService (GrpcServerProtocolService.java:onCompleted(155)) - d411a2e9-f1e7-48ff-a207-5fb0a1d8b942: Completed APPEND_ENTRIES, lastRequest: 13d602e5-043f-4877-ab61-f2512eb11edb->d411a2e9-f1e7-48ff-a207-5fb0a1d8b942#7-t1,previous=(t:1, i:3),leaderCommit=2,initializing? true,entries: size=1, first=(t:1, i:4), METADATAENTRY(c:2)
2023-08-25 11:34:36,740 [grpc-default-executor-3] INFO  server.GrpcServerProtocolService (GrpcServerProtocolService.java:lambda$onCompleted$5(157)) - d411a2e9-f1e7-48ff-a207-5fb0a1d8b942: Completed APPEND_ENTRIES, lastReply: null
2023-08-25 11:34:36,740 [grpc-default-executor-7] INFO  server.GrpcLogAppender (GrpcLogAppender.java:onCompleted(428)) - 13d602e5-043f-4877-ab61-f2512eb11edb@group-F23DB3C01F23->d411a2e9-f1e7-48ff-a207-5fb0a1d8b942-AppendLogResponseHandler: follower responses appendEntries COMPLETED
2023-08-25 11:34:36,740 [grpc-default-executor-7] WARN  server.GrpcLogAppender (GrpcLogAppender.java:resetClient(137)) - 13d602e5-043f-4877-ab61-f2512eb11edb@group-F23DB3C01F23->d411a2e9-f1e7-48ff-a207-5fb0a1d8b942-GrpcLogAppender: Failed to getClient for d411a2e9-f1e7-48ff-a207-5fb0a1d8b942
org.apache.ratis.protocol.exceptions.AlreadyClosedException: 13d602e5-043f-4877-ab61-f2512eb11edb is already CLOSED
	at org.apache.ratis.util.PeerProxyMap$PeerAndProxy.getProxy(PeerProxyMap.java:61)
	at org.apache.ratis.util.PeerProxyMap.getProxy(PeerProxyMap.java:115)
	at org.apache.ratis.grpc.server.GrpcLogAppender.getClient(GrpcLogAppender.java:112)
	at org.apache.ratis.grpc.server.GrpcLogAppender.resetClient(GrpcLogAppender.java:117)
	at org.apache.ratis.grpc.server.GrpcLogAppender.access$500(GrpcLogAppender.java:56)
	at org.apache.ratis.grpc.server.GrpcLogAppender$AppendLogResponseHandler.onCompleted(GrpcLogAppender.java:429)
	at org.apache.ratis.thirdparty.io.grpc.stub.ClientCalls$StreamObserverToCallListenerAdapter.onClose(ClientCalls.java:485)
	at org.apache.ratis.thirdparty.io.grpc.internal.DelayedClientCall$DelayedListener$3.run(DelayedClientCall.java:471)
	at org.apache.ratis.thirdparty.io.grpc.internal.DelayedClientCall$DelayedListener.delayOrExecute(DelayedClientCall.java:435)
	at org.apache.ratis.thirdparty.io.grpc.internal.DelayedClientCall$DelayedListener.onClose(DelayedClientCall.java:468)
	at org.apache.ratis.thirdparty.io.grpc.internal.ClientCallImpl.closeObserver(ClientCallImpl.java:563)
	at org.apache.ratis.thirdparty.io.grpc.internal.ClientCallImpl.access$300(ClientCallImpl.java:70)
	at org.apache.ratis.thirdparty.io.grpc.internal.ClientCallImpl$ClientStreamListenerImpl$1StreamClosed.runInternal(ClientCallImpl.java:744)
	at org.apache.ratis.thirdparty.io.grpc.internal.ClientCallImpl$ClientStreamListenerImpl$1StreamClosed.runInContext(ClientCallImpl.java:723)
	at org.apache.ratis.thirdparty.io.grpc.internal.ContextRunnable.run(ContextRunnable.java:37)
	at org.apache.ratis.thirdparty.io.grpc.internal.SerializingExecutor.run(SerializingExecutor.java:133)
	at java.util.concurrent.ThreadPoolExecutor.runWorker(ThreadPoolExecutor.java:1149)
	at java.util.concurrent.ThreadPoolExecutor$Worker.run(ThreadPoolExecutor.java:624)
	at java.lang.Thread.run(Thread.java:750)
2023-08-25 11:34:36,739 [13d602e5-043f-4877-ab61-f2512eb11edb@group-2249AB9819A5-FollowerState] INFO  impl.FollowerState (FollowerState.java:run(152)) - 13d602e5-043f-4877-ab61-f2512eb11edb@group-2249AB9819A5-FollowerState was interrupted
2023-08-25 11:34:36,743 [grpc-default-executor-6] INFO  server.GrpcLogAppender (GrpcLogAppender.java:onCompleted(428)) - 13d602e5-043f-4877-ab61-f2512eb11edb@group-F23DB3C01F23->ead66fe0-0d51-45f6-a40c-8e2915dd9a2f-AppendLogResponseHandler: follower responses appendEntries COMPLETED
2023-08-25 11:34:36,743 [grpc-default-executor-6] WARN  server.GrpcLogAppender (GrpcLogAppender.java:resetClient(137)) - 13d602e5-043f-4877-ab61-f2512eb11edb@group-F23DB3C01F23->ead66fe0-0d51-45f6-a40c-8e2915dd9a2f-GrpcLogAppender: Failed to getClient for ead66fe0-0d51-45f6-a40c-8e2915dd9a2f
org.apache.ratis.protocol.exceptions.AlreadyClosedException: 13d602e5-043f-4877-ab61-f2512eb11edb is already CLOSED
	at org.apache.ratis.util.PeerProxyMap$PeerAndProxy.getProxy(PeerProxyMap.java:61)
	at org.apache.ratis.util.PeerProxyMap.getProxy(PeerProxyMap.java:115)
	at org.apache.ratis.grpc.server.GrpcLogAppender.getClient(GrpcLogAppender.java:112)
	at org.apache.ratis.grpc.server.GrpcLogAppender.resetClient(GrpcLogAppender.java:117)
	at org.apache.ratis.grpc.server.GrpcLogAppender.access$500(GrpcLogAppender.java:56)
	at org.apache.ratis.grpc.server.GrpcLogAppender$AppendLogResponseHandler.onCompleted(GrpcLogAppender.java:429)
	at org.apache.ratis.thirdparty.io.grpc.stub.ClientCalls$StreamObserverToCallListenerAdapter.onClose(ClientCalls.java:485)
	at org.apache.ratis.thirdparty.io.grpc.internal.ClientCallImpl.closeObserver(ClientCallImpl.java:563)
	at org.apache.ratis.thirdparty.io.grpc.internal.ClientCallImpl.access$300(ClientCallImpl.java:70)
	at org.apache.ratis.thirdparty.io.grpc.internal.ClientCallImpl$ClientStreamListenerImpl$1StreamClosed.runInternal(ClientCallImpl.java:744)
	at org.apache.ratis.thirdparty.io.grpc.internal.ClientCallImpl$ClientStreamListenerImpl$1StreamClosed.runInContext(ClientCallImpl.java:723)
	at org.apache.ratis.thirdparty.io.grpc.internal.ContextRunnable.run(ContextRunnable.java:37)
	at org.apache.ratis.thirdparty.io.grpc.internal.SerializingExecutor.run(SerializingExecutor.java:133)
	at java.util.concurrent.ThreadPoolExecutor.runWorker(ThreadPoolExecutor.java:1149)
	at java.util.concurrent.ThreadPoolExecutor$Worker.run(ThreadPoolExecutor.java:624)
	at java.lang.Thread.run(Thread.java:750)
2023-08-25 11:34:36,744 [ead66fe0-0d51-45f6-a40c-8e2915dd9a2f-impl-thread4] INFO  server.RaftServer$Division (RaftServerImpl.java:lambda$close$4(466)) - ead66fe0-0d51-45f6-a40c-8e2915dd9a2f@group-2249AB9819A5: shutdown
2023-08-25 11:34:36,745 [ead66fe0-0d51-45f6-a40c-8e2915dd9a2f-impl-thread4] INFO  util.JmxRegister (JmxRegister.java:unregister(73)) - Successfully un-registered JMX Bean with object name Ratis:service=RaftServer,group=group-2249AB9819A5,id=ead66fe0-0d51-45f6-a40c-8e2915dd9a2f
2023-08-25 11:34:36,745 [ead66fe0-0d51-45f6-a40c-8e2915dd9a2f-impl-thread4] INFO  impl.RoleInfo (RoleInfo.java:shutdownLeaderState(93)) - ead66fe0-0d51-45f6-a40c-8e2915dd9a2f: shutdown ead66fe0-0d51-45f6-a40c-8e2915dd9a2f@group-2249AB9819A5-LeaderStateImpl
2023-08-25 11:34:36,747 [grpc-default-executor-6] WARN  server.GrpcClientProtocolService (LogUtils.java:warn(122)) - 3-OrderedRequestStreamObserver3: onError: org.apache.ratis.thirdparty.io.grpc.StatusRuntimeException: CANCELLED: client cancelled
2023-08-25 11:34:36,753 [ead66fe0-0d51-45f6-a40c-8e2915dd9a2f-impl-thread3] INFO  impl.StateMachineUpdater (StateMachineUpdater.java:stopAndJoin(155)) - ead66fe0-0d51-45f6-a40c-8e2915dd9a2f@group-F23DB3C01F23-StateMachineUpdater: set stopIndex = 4
2023-08-25 11:34:36,753 [ead66fe0-0d51-45f6-a40c-8e2915dd9a2f@group-F23DB3C01F23-FollowerState] INFO  impl.FollowerState (FollowerState.java:run(152)) - ead66fe0-0d51-45f6-a40c-8e2915dd9a2f@group-F23DB3C01F23-FollowerState was interrupted
2023-08-25 11:34:36,753 [ead66fe0-0d51-45f6-a40c-8e2915dd9a2f@group-09316CB53EEB-StateMachineUpdater] INFO  ratis.ContainerStateMachine (ContainerStateMachine.java:takeSnapshot(330)) - group-09316CB53EEB: Taking a snapshot at:(t:1, i:0) file /home/runner/work/ozone/ozone/hadoop-ozone/integration-test/target/test-dir/MiniOzoneClusterImpl-168be1a3-dcaf-40a9-aa5d-bf8b77a61b73/datanode-2/data/ratis/aec8e59a-cb47-43df-9b09-09316cb53eeb/sm/snapshot.1_0
2023-08-25 11:34:36,753 [ead66fe0-0d51-45f6-a40c-8e2915dd9a2f-impl-thread2] INFO  impl.StateMachineUpdater (StateMachineUpdater.java:stopAndJoin(155)) - ead66fe0-0d51-45f6-a40c-8e2915dd9a2f@group-09316CB53EEB-StateMachineUpdater: set stopIndex = 0
2023-08-25 11:34:36,756 [ead66fe0-0d51-45f6-a40c-8e2915dd9a2f@group-2249AB9819A5->d411a2e9-f1e7-48ff-a207-5fb0a1d8b942-GrpcLogAppender-LogAppenderDaemon] WARN  server.GrpcLogAppender (GrpcLogAppender.java:mayWait(199)) - ead66fe0-0d51-45f6-a40c-8e2915dd9a2f@group-2249AB9819A5->d411a2e9-f1e7-48ff-a207-5fb0a1d8b942-GrpcLogAppender: Wait interrupted by java.lang.InterruptedException
2023-08-25 11:34:36,756 [ead66fe0-0d51-45f6-a40c-8e2915dd9a2f-impl-thread4] INFO  impl.PendingRequests (PendingRequests.java:sendNotLeaderResponses(289)) - ead66fe0-0d51-45f6-a40c-8e2915dd9a2f@group-2249AB9819A5-PendingRequests: sendNotLeaderResponses
2023-08-25 11:34:36,755 [13d602e5-043f-4877-ab61-f2512eb11edb@group-F23DB3C01F23-StateMachineUpdater] INFO  ratis.ContainerStateMachine (ContainerStateMachine.java:takeSnapshot(330)) - group-F23DB3C01F23: Taking a snapshot at:(t:1, i:4) file /home/runner/work/ozone/ozone/hadoop-ozone/integration-test/target/test-dir/MiniOzoneClusterImpl-168be1a3-dcaf-40a9-aa5d-bf8b77a61b73/datanode-1/data/ratis/bc177899-9391-40ce-8421-f23db3c01f23/sm/snapshot.1_4
2023-08-25 11:34:36,755 [13d602e5-043f-4877-ab61-f2512eb11edb-impl-thread3] INFO  impl.StateMachineUpdater (StateMachineUpdater.java:stopAndJoin(155)) - 13d602e5-043f-4877-ab61-f2512eb11edb@group-F23DB3C01F23-StateMachineUpdater: set stopIndex = 4
2023-08-25 11:34:36,757 [grpc-default-executor-8] INFO  server.GrpcLogAppender (GrpcLogAppender.java:onCompleted(428)) - 13d602e5-043f-4877-ab61-f2512eb11edb@group-F23DB3C01F23->d411a2e9-f1e7-48ff-a207-5fb0a1d8b942-AppendLogResponseHandler: follower responses appendEntries COMPLETED
2023-08-25 11:34:36,757 [grpc-default-executor-8] WARN  server.GrpcLogAppender (GrpcLogAppender.java:resetClient(137)) - 13d602e5-043f-4877-ab61-f2512eb11edb@group-F23DB3C01F23->d411a2e9-f1e7-48ff-a207-5fb0a1d8b942-GrpcLogAppender: Failed to getClient for d411a2e9-f1e7-48ff-a207-5fb0a1d8b942
org.apache.ratis.protocol.exceptions.AlreadyClosedException: 13d602e5-043f-4877-ab61-f2512eb11edb is already CLOSED
	at org.apache.ratis.util.PeerProxyMap$PeerAndProxy.getProxy(PeerProxyMap.java:61)
	at org.apache.ratis.util.PeerProxyMap.getProxy(PeerProxyMap.java:115)
	at org.apache.ratis.grpc.server.GrpcLogAppender.getClient(GrpcLogAppender.java:112)
	at org.apache.ratis.grpc.server.GrpcLogAppender.resetClient(GrpcLogAppender.java:117)
	at org.apache.ratis.grpc.server.GrpcLogAppender.access$500(GrpcLogAppender.java:56)
	at org.apache.ratis.grpc.server.GrpcLogAppender$AppendLogResponseHandler.onCompleted(GrpcLogAppender.java:429)
	at org.apache.ratis.thirdparty.io.grpc.stub.ClientCalls$StreamObserverToCallListenerAdapter.onClose(ClientCalls.java:485)
	at org.apache.ratis.thirdparty.io.grpc.internal.ClientCallImpl.closeObserver(ClientCallImpl.java:563)
	at org.apache.ratis.thirdparty.io.grpc.internal.ClientCallImpl.access$300(ClientCallImpl.java:70)
	at org.apache.ratis.thirdparty.io.grpc.internal.ClientCallImpl$ClientStreamListenerImpl$1StreamClosed.runInternal(ClientCallImpl.java:744)
	at org.apache.ratis.thirdparty.io.grpc.internal.ClientCallImpl$ClientStreamListenerImpl$1StreamClosed.runInContext(ClientCallImpl.java:723)
	at org.apache.ratis.thirdparty.io.grpc.internal.ContextRunnable.run(ContextRunnable.java:37)
	at org.apache.ratis.thirdparty.io.grpc.internal.SerializingExecutor.run(SerializingExecutor.java:133)
	at java.util.concurrent.ThreadPoolExecutor.runWorker(ThreadPoolExecutor.java:1149)
	at java.util.concurrent.ThreadPoolExecutor$Worker.run(ThreadPoolExecutor.java:624)
	at java.lang.Thread.run(Thread.java:750)
2023-08-25 11:34:36,762 [ForkJoinPool.commonPool-worker-1] INFO  ozoneimpl.OzoneContainer (OzoneContainer.java:stop(451)) - Attempting to stop container services.
2023-08-25 11:34:36,762 [ead66fe0-0d51-45f6-a40c-8e2915dd9a2f@group-F23DB3C01F23-StateMachineUpdater] INFO  ratis.ContainerStateMachine (ContainerStateMachine.java:takeSnapshot(330)) - group-F23DB3C01F23: Taking a snapshot at:(t:1, i:4) file /home/runner/work/ozone/ozone/hadoop-ozone/integration-test/target/test-dir/MiniOzoneClusterImpl-168be1a3-dcaf-40a9-aa5d-bf8b77a61b73/datanode-2/data/ratis/bc177899-9391-40ce-8421-f23db3c01f23/sm/snapshot.1_4
2023-08-25 11:34:36,766 [ForkJoinPool.commonPool-worker-1] INFO  server.RaftServer (RaftServerProxy.java:lambda$close$6(416)) - d411a2e9-f1e7-48ff-a207-5fb0a1d8b942: close
2023-08-25 11:34:36,761 [Thread-532] INFO  server.GrpcServerProtocolClient (GrpcServerProtocolClient.java:close(103)) - d411a2e9-f1e7-48ff-a207-5fb0a1d8b942 Close channels
2023-08-25 11:34:36,761 [grpc-default-executor-3] INFO  server.GrpcServerProtocolService (GrpcServerProtocolService.java:onCompleted(155)) - d411a2e9-f1e7-48ff-a207-5fb0a1d8b942: Completed APPEND_ENTRIES, lastRequest: null
2023-08-25 11:34:36,766 [grpc-default-executor-3] INFO  server.GrpcServerProtocolService (GrpcServerProtocolService.java:lambda$onCompleted$5(157)) - d411a2e9-f1e7-48ff-a207-5fb0a1d8b942: Completed APPEND_ENTRIES, lastReply: serverReply {
  requestorId: "ead66fe0-0d51-45f6-a40c-8e2915dd9a2f"
  replyId: "d411a2e9-f1e7-48ff-a207-5fb0a1d8b942"
  raftGroupId {
    id: "H\250\25259iK@\235\257\"I\253\230\031\245"
  }
  callId: 94
  success: true
}
term: 1
nextIndex: 27
followerCommit: 26
matchIndex: 18446744073709551615
isHearbeat: true

2023-08-25 11:34:36,767 [grpc-default-executor-6] INFO  server.GrpcLogAppender (GrpcLogAppender.java:onCompleted(428)) - ead66fe0-0d51-45f6-a40c-8e2915dd9a2f@group-2249AB9819A5->d411a2e9-f1e7-48ff-a207-5fb0a1d8b942-AppendLogResponseHandler: follower responses appendEntries COMPLETED
2023-08-25 11:34:36,767 [grpc-default-executor-6] WARN  server.GrpcLogAppender (GrpcLogAppender.java:resetClient(137)) - ead66fe0-0d51-45f6-a40c-8e2915dd9a2f@group-2249AB9819A5->d411a2e9-f1e7-48ff-a207-5fb0a1d8b942-GrpcLogAppender: Failed to getClient for d411a2e9-f1e7-48ff-a207-5fb0a1d8b942
org.apache.ratis.protocol.exceptions.AlreadyClosedException: ead66fe0-0d51-45f6-a40c-8e2915dd9a2f is already CLOSED
	at org.apache.ratis.util.PeerProxyMap$PeerAndProxy.getProxy(PeerProxyMap.java:61)
	at org.apache.ratis.util.PeerProxyMap.getProxy(PeerProxyMap.java:115)
	at org.apache.ratis.grpc.server.GrpcLogAppender.getClient(GrpcLogAppender.java:112)
	at org.apache.ratis.grpc.server.GrpcLogAppender.resetClient(GrpcLogAppender.java:117)
	at org.apache.ratis.grpc.server.GrpcLogAppender.access$500(GrpcLogAppender.java:56)
	at org.apache.ratis.grpc.server.GrpcLogAppender$AppendLogResponseHandler.onCompleted(GrpcLogAppender.java:429)
	at org.apache.ratis.thirdparty.io.grpc.stub.ClientCalls$StreamObserverToCallListenerAdapter.onClose(ClientCalls.java:485)
	at org.apache.ratis.thirdparty.io.grpc.internal.ClientCallImpl.closeObserver(ClientCallImpl.java:563)
	at org.apache.ratis.thirdparty.io.grpc.internal.ClientCallImpl.access$300(ClientCallImpl.java:70)
	at org.apache.ratis.thirdparty.io.grpc.internal.ClientCallImpl$ClientStreamListenerImpl$1StreamClosed.runInternal(ClientCallImpl.java:744)
	at org.apache.ratis.thirdparty.io.grpc.internal.ClientCallImpl$ClientStreamListenerImpl$1StreamClosed.runInContext(ClientCallImpl.java:723)
	at org.apache.ratis.thirdparty.io.grpc.internal.ContextRunnable.run(ContextRunnable.java:37)
	at org.apache.ratis.thirdparty.io.grpc.internal.SerializingExecutor.run(SerializingExecutor.java:133)
	at java.util.concurrent.ThreadPoolExecutor.runWorker(ThreadPoolExecutor.java:1149)
	at java.util.concurrent.ThreadPoolExecutor$Worker.run(ThreadPoolExecutor.java:624)
	at java.lang.Thread.run(Thread.java:750)
2023-08-25 11:34:36,760 [Thread-531] INFO  server.GrpcServerProtocolClient (GrpcServerProtocolClient.java:close(103)) - 13d602e5-043f-4877-ab61-f2512eb11edb Close channels
2023-08-25 11:34:36,748 [grpc-default-executor-7] WARN  server.GrpcClientProtocolService (LogUtils.java:warn(122)) - 4-UnorderedRequestStreamObserver4: onError: org.apache.ratis.thirdparty.io.grpc.StatusRuntimeException: CANCELLED: client cancelled
2023-08-25 11:34:36,759 [ead66fe0-0d51-45f6-a40c-8e2915dd9a2f@group-2249AB9819A5->13d602e5-043f-4877-ab61-f2512eb11edb-GrpcLogAppender-LogAppenderDaemon] WARN  server.GrpcLogAppender (GrpcLogAppender.java:mayWait(199)) - ead66fe0-0d51-45f6-a40c-8e2915dd9a2f@group-2249AB9819A5->13d602e5-043f-4877-ab61-f2512eb11edb-GrpcLogAppender: Wait interrupted by java.lang.InterruptedException
2023-08-25 11:34:36,769 [grpc-default-executor-7] INFO  server.GrpcServerProtocolService (GrpcServerProtocolService.java:onCompleted(155)) - 13d602e5-043f-4877-ab61-f2512eb11edb: Completed APPEND_ENTRIES, lastRequest: ead66fe0-0d51-45f6-a40c-8e2915dd9a2f->13d602e5-043f-4877-ab61-f2512eb11edb#102-t1,previous=(t:1, i:29),leaderCommit=28,initializing? true,entries: size=1, first=(t:1, i:30), METADATAENTRY(c:28)
2023-08-25 11:34:36,769 [grpc-default-executor-7] INFO  server.GrpcServerProtocolService (GrpcServerProtocolService.java:lambda$onCompleted$5(157)) - 13d602e5-043f-4877-ab61-f2512eb11edb: Completed APPEND_ENTRIES, lastReply: null
2023-08-25 11:34:36,769 [grpc-default-executor-7] INFO  server.GrpcLogAppender (GrpcLogAppender.java:onCompleted(428)) - ead66fe0-0d51-45f6-a40c-8e2915dd9a2f@group-2249AB9819A5->13d602e5-043f-4877-ab61-f2512eb11edb-AppendLogResponseHandler: follower responses appendEntries COMPLETED
2023-08-25 11:34:36,770 [grpc-default-executor-7] WARN  server.GrpcLogAppender (GrpcLogAppender.java:resetClient(137)) - ead66fe0-0d51-45f6-a40c-8e2915dd9a2f@group-2249AB9819A5->13d602e5-043f-4877-ab61-f2512eb11edb-GrpcLogAppender: Failed to getClient for 13d602e5-043f-4877-ab61-f2512eb11edb
org.apache.ratis.protocol.exceptions.AlreadyClosedException: ead66fe0-0d51-45f6-a40c-8e2915dd9a2f is already CLOSED
	at org.apache.ratis.util.PeerProxyMap$PeerAndProxy.getProxy(PeerProxyMap.java:61)
	at org.apache.ratis.util.PeerProxyMap.getProxy(PeerProxyMap.java:115)
	at org.apache.ratis.grpc.server.GrpcLogAppender.getClient(GrpcLogAppender.java:112)
	at org.apache.ratis.grpc.server.GrpcLogAppender.resetClient(GrpcLogAppender.java:117)
	at org.apache.ratis.grpc.server.GrpcLogAppender.access$500(GrpcLogAppender.java:56)
	at org.apache.ratis.grpc.server.GrpcLogAppender$AppendLogResponseHandler.onCompleted(GrpcLogAppender.java:429)
	at org.apache.ratis.thirdparty.io.grpc.stub.ClientCalls$StreamObserverToCallListenerAdapter.onClose(ClientCalls.java:485)
	at org.apache.ratis.thirdparty.io.grpc.internal.ClientCallImpl.closeObserver(ClientCallImpl.java:563)
	at org.apache.ratis.thirdparty.io.grpc.internal.ClientCallImpl.access$300(ClientCallImpl.java:70)
	at org.apache.ratis.thirdparty.io.grpc.internal.ClientCallImpl$ClientStreamListenerImpl$1StreamClosed.runInternal(ClientCallImpl.java:744)
	at org.apache.ratis.thirdparty.io.grpc.internal.ClientCallImpl$ClientStreamListenerImpl$1StreamClosed.runInContext(ClientCallImpl.java:723)
	at org.apache.ratis.thirdparty.io.grpc.internal.ContextRunnable.run(ContextRunnable.java:37)
	at org.apache.ratis.thirdparty.io.grpc.internal.SerializingExecutor.run(SerializingExecutor.java:133)
	at java.util.concurrent.ThreadPoolExecutor.runWorker(ThreadPoolExecutor.java:1149)
	at java.util.concurrent.ThreadPoolExecutor$Worker.run(ThreadPoolExecutor.java:624)
	at java.lang.Thread.run(Thread.java:750)
2023-08-25 11:34:36,770 [d411a2e9-f1e7-48ff-a207-5fb0a1d8b942-impl-thread2] INFO  server.RaftServer$Division (RaftServerImpl.java:lambda$close$4(466)) - d411a2e9-f1e7-48ff-a207-5fb0a1d8b942@group-8A642A2690EA: shutdown
2023-08-25 11:34:36,770 [d411a2e9-f1e7-48ff-a207-5fb0a1d8b942-impl-thread2] INFO  util.JmxRegister (JmxRegister.java:unregister(73)) - Successfully un-registered JMX Bean with object name Ratis:service=RaftServer,group=group-8A642A2690EA,id=d411a2e9-f1e7-48ff-a207-5fb0a1d8b942
2023-08-25 11:34:36,770 [d411a2e9-f1e7-48ff-a207-5fb0a1d8b942-impl-thread2] INFO  impl.RoleInfo (RoleInfo.java:shutdownLeaderState(93)) - d411a2e9-f1e7-48ff-a207-5fb0a1d8b942: shutdown d411a2e9-f1e7-48ff-a207-5fb0a1d8b942@group-8A642A2690EA-LeaderStateImpl
2023-08-25 11:34:36,770 [d411a2e9-f1e7-48ff-a207-5fb0a1d8b942-impl-thread2] INFO  impl.PendingRequests (PendingRequests.java:sendNotLeaderResponses(289)) - d411a2e9-f1e7-48ff-a207-5fb0a1d8b942@group-8A642A2690EA-PendingRequests: sendNotLeaderResponses
2023-08-25 11:34:36,771 [d411a2e9-f1e7-48ff-a207-5fb0a1d8b942-impl-thread3] INFO  server.RaftServer$Division (RaftServerImpl.java:lambda$close$4(466)) - d411a2e9-f1e7-48ff-a207-5fb0a1d8b942@group-F23DB3C01F23: shutdown
2023-08-25 11:34:36,771 [d411a2e9-f1e7-48ff-a207-5fb0a1d8b942@group-8A642A2690EA-StateMachineUpdater] INFO  ratis.ContainerStateMachine (ContainerStateMachine.java:takeSnapshot(330)) - group-8A642A2690EA: Taking a snapshot at:(t:1, i:0) file /home/runner/work/ozone/ozone/hadoop-ozone/integration-test/target/test-dir/MiniOzoneClusterImpl-168be1a3-dcaf-40a9-aa5d-bf8b77a61b73/datanode-0/data/ratis/f56cc53f-6313-4cec-9451-8a642a2690ea/sm/snapshot.1_0
2023-08-25 11:34:36,771 [d411a2e9-f1e7-48ff-a207-5fb0a1d8b942-impl-thread2] INFO  impl.StateMachineUpdater (StateMachineUpdater.java:stopAndJoin(155)) - d411a2e9-f1e7-48ff-a207-5fb0a1d8b942@group-8A642A2690EA-StateMachineUpdater: set stopIndex = 0
2023-08-25 11:34:36,771 [ForkJoinPool.commonPool-worker-1] INFO  server.GrpcService (GrpcService.java:closeImpl(311)) - d411a2e9-f1e7-48ff-a207-5fb0a1d8b942: shutdown server org.apache.ratis.grpc.server.GrpcClientProtocolService now
2023-08-25 11:34:36,771 [d411a2e9-f1e7-48ff-a207-5fb0a1d8b942-impl-thread3] INFO  util.JmxRegister (JmxRegister.java:unregister(73)) - Successfully un-registered JMX Bean with object name Ratis:service=RaftServer,group=group-F23DB3C01F23,id=d411a2e9-f1e7-48ff-a207-5fb0a1d8b942
2023-08-25 11:34:36,772 [d411a2e9-f1e7-48ff-a207-5fb0a1d8b942-impl-thread3] INFO  impl.RoleInfo (RoleInfo.java:shutdownFollowerState(110)) - d411a2e9-f1e7-48ff-a207-5fb0a1d8b942: shutdown d411a2e9-f1e7-48ff-a207-5fb0a1d8b942@group-F23DB3C01F23-FollowerState
2023-08-25 11:34:36,772 [d411a2e9-f1e7-48ff-a207-5fb0a1d8b942-impl-thread4] INFO  server.RaftServer$Division (RaftServerImpl.java:lambda$close$4(466)) - d411a2e9-f1e7-48ff-a207-5fb0a1d8b942@group-2249AB9819A5: shutdown
2023-08-25 11:34:36,772 [d411a2e9-f1e7-48ff-a207-5fb0a1d8b942-impl-thread4] INFO  util.JmxRegister (JmxRegister.java:unregister(73)) - Successfully un-registered JMX Bean with object name Ratis:service=RaftServer,group=group-2249AB9819A5,id=d411a2e9-f1e7-48ff-a207-5fb0a1d8b942
2023-08-25 11:34:36,772 [d411a2e9-f1e7-48ff-a207-5fb0a1d8b942-impl-thread4] INFO  impl.RoleInfo (RoleInfo.java:shutdownFollowerState(110)) - d411a2e9-f1e7-48ff-a207-5fb0a1d8b942: shutdown d411a2e9-f1e7-48ff-a207-5fb0a1d8b942@group-2249AB9819A5-FollowerState
2023-08-25 11:34:36,776 [d411a2e9-f1e7-48ff-a207-5fb0a1d8b942-impl-thread4] INFO  impl.StateMachineUpdater (StateMachineUpdater.java:stopAndJoin(155)) - d411a2e9-f1e7-48ff-a207-5fb0a1d8b942@group-2249AB9819A5-StateMachineUpdater: set stopIndex = 28
2023-08-25 11:34:36,776 [d411a2e9-f1e7-48ff-a207-5fb0a1d8b942@group-2249AB9819A5-FollowerState] INFO  impl.FollowerState (FollowerState.java:run(152)) - d411a2e9-f1e7-48ff-a207-5fb0a1d8b942@group-2249AB9819A5-FollowerState was interrupted
2023-08-25 11:34:36,776 [d411a2e9-f1e7-48ff-a207-5fb0a1d8b942-impl-thread3] INFO  impl.StateMachineUpdater (StateMachineUpdater.java:stopAndJoin(155)) - d411a2e9-f1e7-48ff-a207-5fb0a1d8b942@group-F23DB3C01F23-StateMachineUpdater: set stopIndex = 4
2023-08-25 11:34:36,779 [ead66fe0-0d51-45f6-a40c-8e2915dd9a2f-impl-thread4] INFO  impl.StateMachineUpdater (StateMachineUpdater.java:stopAndJoin(155)) - ead66fe0-0d51-45f6-a40c-8e2915dd9a2f@group-2249AB9819A5-StateMachineUpdater: set stopIndex = 30
2023-08-25 11:34:36,779 [ead66fe0-0d51-45f6-a40c-8e2915dd9a2f@group-2249AB9819A5-StateMachineUpdater] INFO  ratis.ContainerStateMachine (ContainerStateMachine.java:takeSnapshot(330)) - group-2249AB9819A5: Taking a snapshot at:(t:1, i:30) file /home/runner/work/ozone/ozone/hadoop-ozone/integration-test/target/test-dir/MiniOzoneClusterImpl-168be1a3-dcaf-40a9-aa5d-bf8b77a61b73/datanode-2/data/ratis/48a8aa35-3969-4b40-9daf-2249ab9819a5/sm/snapshot.1_30
2023-08-25 11:34:36,779 [d411a2e9-f1e7-48ff-a207-5fb0a1d8b942@group-F23DB3C01F23-StateMachineUpdater] INFO  ratis.ContainerStateMachine (ContainerStateMachine.java:takeSnapshot(330)) - group-F23DB3C01F23: Taking a snapshot at:(t:1, i:4) file /home/runner/work/ozone/ozone/hadoop-ozone/integration-test/target/test-dir/MiniOzoneClusterImpl-168be1a3-dcaf-40a9-aa5d-bf8b77a61b73/datanode-0/data/ratis/bc177899-9391-40ce-8421-f23db3c01f23/sm/snapshot.1_4
2023-08-25 11:34:36,780 [d411a2e9-f1e7-48ff-a207-5fb0a1d8b942@group-F23DB3C01F23-FollowerState] INFO  impl.FollowerState (FollowerState.java:run(152)) - d411a2e9-f1e7-48ff-a207-5fb0a1d8b942@group-F23DB3C01F23-FollowerState was interrupted
2023-08-25 11:34:36,780 [d411a2e9-f1e7-48ff-a207-5fb0a1d8b942@group-2249AB9819A5-StateMachineUpdater] INFO  ratis.ContainerStateMachine (ContainerStateMachine.java:takeSnapshot(330)) - group-2249AB9819A5: Taking a snapshot at:(t:1, i:28) file /home/runner/work/ozone/ozone/hadoop-ozone/integration-test/target/test-dir/MiniOzoneClusterImpl-168be1a3-dcaf-40a9-aa5d-bf8b77a61b73/datanode-0/data/ratis/48a8aa35-3969-4b40-9daf-2249ab9819a5/sm/snapshot.1_28
2023-08-25 11:34:36,787 [Thread-536] INFO  server.GrpcServerProtocolClient (GrpcServerProtocolClient.java:close(103)) - ead66fe0-0d51-45f6-a40c-8e2915dd9a2f Close channels
2023-08-25 11:34:36,787 [Thread-537] INFO  server.GrpcServerProtocolClient (GrpcServerProtocolClient.java:close(103)) - 13d602e5-043f-4877-ab61-f2512eb11edb Close channels
2023-08-25 11:34:36,789 [grpc-default-executor-3] INFO  server.GrpcServerProtocolService (GrpcServerProtocolService.java:onCompleted(155)) - 13d602e5-043f-4877-ab61-f2512eb11edb: Completed APPEND_ENTRIES, lastRequest: null
2023-08-25 11:34:36,791 [grpc-default-executor-3] INFO  server.GrpcServerProtocolService (GrpcServerProtocolService.java:lambda$onCompleted$5(157)) - 13d602e5-043f-4877-ab61-f2512eb11edb: Completed APPEND_ENTRIES, lastReply: serverReply {
  requestorId: "ead66fe0-0d51-45f6-a40c-8e2915dd9a2f"
  replyId: "13d602e5-043f-4877-ab61-f2512eb11edb"
  raftGroupId {
    id: "H\250\25259iK@\235\257\"I\253\230\031\245"
  }
  callId: 98
  success: true
}
term: 1
nextIndex: 27
followerCommit: 26
matchIndex: 18446744073709551615
isHearbeat: true

2023-08-25 11:34:36,789 [ForkJoinPool.commonPool-worker-0] INFO  server.GrpcService (GrpcService.java:closeImpl(320)) - 13d602e5-043f-4877-ab61-f2512eb11edb: shutdown server org.apache.ratis.grpc.server.GrpcClientProtocolService successfully
2023-08-25 11:34:36,791 [ForkJoinPool.commonPool-worker-0] INFO  server.GrpcService (GrpcService.java:closeImpl(311)) - 13d602e5-043f-4877-ab61-f2512eb11edb: shutdown server GrpcServerProtocolService now
2023-08-25 11:34:36,789 [grpc-default-executor-9] INFO  server.GrpcServerProtocolService (GrpcServerProtocolService.java:onCompleted(155)) - d411a2e9-f1e7-48ff-a207-5fb0a1d8b942: Completed APPEND_ENTRIES, lastRequest: ead66fe0-0d51-45f6-a40c-8e2915dd9a2f->d411a2e9-f1e7-48ff-a207-5fb0a1d8b942#98-t1,previous=(t:1, i:29),leaderCommit=28,initializing? true,entries: size=1, first=(t:1, i:30), METADATAENTRY(c:28)
2023-08-25 11:34:36,792 [grpc-default-executor-9] INFO  server.GrpcServerProtocolService (GrpcServerProtocolService.java:lambda$onCompleted$5(157)) - d411a2e9-f1e7-48ff-a207-5fb0a1d8b942: Completed APPEND_ENTRIES, lastReply: null
2023-08-25 11:34:36,799 [d411a2e9-f1e7-48ff-a207-5fb0a1d8b942@group-8A642A2690EA-StateMachineUpdater] INFO  ratis.ContainerStateMachine (ContainerStateMachine.java:takeSnapshot(341)) - group-8A642A2690EA: Finished taking a snapshot at:(t:1, i:0) file:/home/runner/work/ozone/ozone/hadoop-ozone/integration-test/target/test-dir/MiniOzoneClusterImpl-168be1a3-dcaf-40a9-aa5d-bf8b77a61b73/datanode-0/data/ratis/f56cc53f-6313-4cec-9451-8a642a2690ea/sm/snapshot.1_0 took: 28 ms
2023-08-25 11:34:36,799 [ead66fe0-0d51-45f6-a40c-8e2915dd9a2f@group-09316CB53EEB-StateMachineUpdater] INFO  ratis.ContainerStateMachine (ContainerStateMachine.java:takeSnapshot(341)) - group-09316CB53EEB: Finished taking a snapshot at:(t:1, i:0) file:/home/runner/work/ozone/ozone/hadoop-ozone/integration-test/target/test-dir/MiniOzoneClusterImpl-168be1a3-dcaf-40a9-aa5d-bf8b77a61b73/datanode-2/data/ratis/aec8e59a-cb47-43df-9b09-09316cb53eeb/sm/snapshot.1_0 took: 46 ms
2023-08-25 11:34:36,807 [ead66fe0-0d51-45f6-a40c-8e2915dd9a2f@group-09316CB53EEB-StateMachineUpdater] INFO  impl.StateMachineUpdater (StateMachineUpdater.java:takeSnapshot(291)) - ead66fe0-0d51-45f6-a40c-8e2915dd9a2f@group-09316CB53EEB-StateMachineUpdater: Took a snapshot at index 0
2023-08-25 11:34:36,807 [ead66fe0-0d51-45f6-a40c-8e2915dd9a2f@group-09316CB53EEB-StateMachineUpdater] INFO  impl.StateMachineUpdater (StateMachineUpdater.java:lambda$new$0(97)) - ead66fe0-0d51-45f6-a40c-8e2915dd9a2f@group-09316CB53EEB-StateMachineUpdater: snapshotIndex: updateIncreasingly -1 -> 0
2023-08-25 11:34:36,808 [13d602e5-043f-4877-ab61-f2512eb11edb@group-2249AB9819A5-StateMachineUpdater] INFO  ratis.ContainerStateMachine (ContainerStateMachine.java:takeSnapshot(341)) - group-2249AB9819A5: Finished taking a snapshot at:(t:1, i:28) file:/home/runner/work/ozone/ozone/hadoop-ozone/integration-test/target/test-dir/MiniOzoneClusterImpl-168be1a3-dcaf-40a9-aa5d-bf8b77a61b73/datanode-1/data/ratis/48a8aa35-3969-4b40-9daf-2249ab9819a5/sm/snapshot.1_28 took: 69 ms
2023-08-25 11:34:36,808 [13d602e5-043f-4877-ab61-f2512eb11edb@group-2249AB9819A5-StateMachineUpdater] INFO  impl.StateMachineUpdater (StateMachineUpdater.java:takeSnapshot(291)) - 13d602e5-043f-4877-ab61-f2512eb11edb@group-2249AB9819A5-StateMachineUpdater: Took a snapshot at index 28
2023-08-25 11:34:36,809 [13d602e5-043f-4877-ab61-f2512eb11edb@group-2249AB9819A5-StateMachineUpdater] INFO  impl.StateMachineUpdater (StateMachineUpdater.java:lambda$new$0(97)) - 13d602e5-043f-4877-ab61-f2512eb11edb@group-2249AB9819A5-StateMachineUpdater: snapshotIndex: updateIncreasingly -1 -> 28
2023-08-25 11:34:36,809 [d411a2e9-f1e7-48ff-a207-5fb0a1d8b942@group-F23DB3C01F23-StateMachineUpdater] INFO  ratis.ContainerStateMachine (ContainerStateMachine.java:takeSnapshot(341)) - group-F23DB3C01F23: Finished taking a snapshot at:(t:1, i:4) file:/home/runner/work/ozone/ozone/hadoop-ozone/integration-test/target/test-dir/MiniOzoneClusterImpl-168be1a3-dcaf-40a9-aa5d-bf8b77a61b73/datanode-0/data/ratis/bc177899-9391-40ce-8421-f23db3c01f23/sm/snapshot.1_4 took: 30 ms
2023-08-25 11:34:36,809 [ead66fe0-0d51-45f6-a40c-8e2915dd9a2f@group-2249AB9819A5-StateMachineUpdater] INFO  ratis.ContainerStateMachine (ContainerStateMachine.java:takeSnapshot(341)) - group-2249AB9819A5: Finished taking a snapshot at:(t:1, i:30) file:/home/runner/work/ozone/ozone/hadoop-ozone/integration-test/target/test-dir/MiniOzoneClusterImpl-168be1a3-dcaf-40a9-aa5d-bf8b77a61b73/datanode-2/data/ratis/48a8aa35-3969-4b40-9daf-2249ab9819a5/sm/snapshot.1_30 took: 30 ms
2023-08-25 11:34:36,809 [ead66fe0-0d51-45f6-a40c-8e2915dd9a2f@group-2249AB9819A5-StateMachineUpdater] INFO  impl.StateMachineUpdater (StateMachineUpdater.java:takeSnapshot(291)) - ead66fe0-0d51-45f6-a40c-8e2915dd9a2f@group-2249AB9819A5-StateMachineUpdater: Took a snapshot at index 30
2023-08-25 11:34:36,809 [ead66fe0-0d51-45f6-a40c-8e2915dd9a2f@group-2249AB9819A5-StateMachineUpdater] INFO  impl.StateMachineUpdater (StateMachineUpdater.java:lambda$new$0(97)) - ead66fe0-0d51-45f6-a40c-8e2915dd9a2f@group-2249AB9819A5-StateMachineUpdater: snapshotIndex: updateIncreasingly -1 -> 30
2023-08-25 11:34:36,809 [d411a2e9-f1e7-48ff-a207-5fb0a1d8b942@group-2249AB9819A5-StateMachineUpdater] INFO  ratis.ContainerStateMachine (ContainerStateMachine.java:takeSnapshot(341)) - group-2249AB9819A5: Finished taking a snapshot at:(t:1, i:28) file:/home/runner/work/ozone/ozone/hadoop-ozone/integration-test/target/test-dir/MiniOzoneClusterImpl-168be1a3-dcaf-40a9-aa5d-bf8b77a61b73/datanode-0/data/ratis/48a8aa35-3969-4b40-9daf-2249ab9819a5/sm/snapshot.1_28 took: 29 ms
2023-08-25 11:34:36,809 [13d602e5-043f-4877-ab61-f2512eb11edb@group-F23DB3C01F23-StateMachineUpdater] INFO  ratis.ContainerStateMachine (ContainerStateMachine.java:takeSnapshot(341)) - group-F23DB3C01F23: Finished taking a snapshot at:(t:1, i:4) file:/home/runner/work/ozone/ozone/hadoop-ozone/integration-test/target/test-dir/MiniOzoneClusterImpl-168be1a3-dcaf-40a9-aa5d-bf8b77a61b73/datanode-1/data/ratis/bc177899-9391-40ce-8421-f23db3c01f23/sm/snapshot.1_4 took: 53 ms
2023-08-25 11:34:36,810 [d411a2e9-f1e7-48ff-a207-5fb0a1d8b942@group-2249AB9819A5-StateMachineUpdater] INFO  impl.StateMachineUpdater (StateMachineUpdater.java:takeSnapshot(291)) - d411a2e9-f1e7-48ff-a207-5fb0a1d8b942@group-2249AB9819A5-StateMachineUpdater: Took a snapshot at index 28
2023-08-25 11:34:36,810 [d411a2e9-f1e7-48ff-a207-5fb0a1d8b942@group-2249AB9819A5-StateMachineUpdater] INFO  impl.StateMachineUpdater (StateMachineUpdater.java:lambda$new$0(97)) - d411a2e9-f1e7-48ff-a207-5fb0a1d8b942@group-2249AB9819A5-StateMachineUpdater: snapshotIndex: updateIncreasingly -1 -> 28
2023-08-25 11:34:36,810 [ead66fe0-0d51-45f6-a40c-8e2915dd9a2f@group-F23DB3C01F23-StateMachineUpdater] INFO  ratis.ContainerStateMachine (ContainerStateMachine.java:takeSnapshot(341)) - group-F23DB3C01F23: Finished taking a snapshot at:(t:1, i:4) file:/home/runner/work/ozone/ozone/hadoop-ozone/integration-test/target/test-dir/MiniOzoneClusterImpl-168be1a3-dcaf-40a9-aa5d-bf8b77a61b73/datanode-2/data/ratis/bc177899-9391-40ce-8421-f23db3c01f23/sm/snapshot.1_4 took: 48 ms
2023-08-25 11:34:36,810 [13d602e5-043f-4877-ab61-f2512eb11edb@group-BB58F65BAA1B-StateMachineUpdater] INFO  ratis.ContainerStateMachine (ContainerStateMachine.java:takeSnapshot(341)) - group-BB58F65BAA1B: Finished taking a snapshot at:(t:1, i:0) file:/home/runner/work/ozone/ozone/hadoop-ozone/integration-test/target/test-dir/MiniOzoneClusterImpl-168be1a3-dcaf-40a9-aa5d-bf8b77a61b73/datanode-1/data/ratis/9d1a06b2-6520-43aa-bf2b-bb58f65baa1b/sm/snapshot.1_0 took: 103 ms
2023-08-25 11:34:36,810 [ead66fe0-0d51-45f6-a40c-8e2915dd9a2f@group-F23DB3C01F23-StateMachineUpdater] INFO  impl.StateMachineUpdater (StateMachineUpdater.java:takeSnapshot(291)) - ead66fe0-0d51-45f6-a40c-8e2915dd9a2f@group-F23DB3C01F23-StateMachineUpdater: Took a snapshot at index 4
2023-08-25 11:34:36,810 [ead66fe0-0d51-45f6-a40c-8e2915dd9a2f@group-F23DB3C01F23-StateMachineUpdater] INFO  impl.StateMachineUpdater (StateMachineUpdater.java:lambda$new$0(97)) - ead66fe0-0d51-45f6-a40c-8e2915dd9a2f@group-F23DB3C01F23-StateMachineUpdater: snapshotIndex: updateIncreasingly -1 -> 4
2023-08-25 11:34:36,810 [d411a2e9-f1e7-48ff-a207-5fb0a1d8b942@group-F23DB3C01F23-StateMachineUpdater] INFO  impl.StateMachineUpdater (StateMachineUpdater.java:takeSnapshot(291)) - d411a2e9-f1e7-48ff-a207-5fb0a1d8b942@group-F23DB3C01F23-StateMachineUpdater: Took a snapshot at index 4
2023-08-25 11:34:36,810 [d411a2e9-f1e7-48ff-a207-5fb0a1d8b942@group-F23DB3C01F23-StateMachineUpdater] INFO  impl.StateMachineUpdater (StateMachineUpdater.java:lambda$new$0(97)) - d411a2e9-f1e7-48ff-a207-5fb0a1d8b942@group-F23DB3C01F23-StateMachineUpdater: snapshotIndex: updateIncreasingly -1 -> 4
2023-08-25 11:34:36,810 [13d602e5-043f-4877-ab61-f2512eb11edb@group-F23DB3C01F23-StateMachineUpdater] INFO  impl.StateMachineUpdater (StateMachineUpdater.java:takeSnapshot(291)) - 13d602e5-043f-4877-ab61-f2512eb11edb@group-F23DB3C01F23-StateMachineUpdater: Took a snapshot at index 4
2023-08-25 11:34:36,811 [13d602e5-043f-4877-ab61-f2512eb11edb@group-F23DB3C01F23-StateMachineUpdater] INFO  impl.StateMachineUpdater (StateMachineUpdater.java:lambda$new$0(97)) - 13d602e5-043f-4877-ab61-f2512eb11edb@group-F23DB3C01F23-StateMachineUpdater: snapshotIndex: updateIncreasingly -1 -> 4
2023-08-25 11:34:36,812 [ForkJoinPool.commonPool-worker-1] INFO  server.GrpcService (GrpcService.java:closeImpl(320)) - d411a2e9-f1e7-48ff-a207-5fb0a1d8b942: shutdown server org.apache.ratis.grpc.server.GrpcClientProtocolService successfully
2023-08-25 11:34:36,812 [ForkJoinPool.commonPool-worker-1] INFO  server.GrpcService (GrpcService.java:closeImpl(311)) - d411a2e9-f1e7-48ff-a207-5fb0a1d8b942: shutdown server GrpcServerProtocolService now
2023-08-25 11:34:36,810 [13d602e5-043f-4877-ab61-f2512eb11edb@group-BB58F65BAA1B-StateMachineUpdater] INFO  impl.StateMachineUpdater (StateMachineUpdater.java:takeSnapshot(291)) - 13d602e5-043f-4877-ab61-f2512eb11edb@group-BB58F65BAA1B-StateMachineUpdater: Took a snapshot at index 0
2023-08-25 11:34:36,813 [13d602e5-043f-4877-ab61-f2512eb11edb@group-BB58F65BAA1B-StateMachineUpdater] INFO  impl.StateMachineUpdater (StateMachineUpdater.java:lambda$new$0(97)) - 13d602e5-043f-4877-ab61-f2512eb11edb@group-BB58F65BAA1B-StateMachineUpdater: snapshotIndex: updateIncreasingly -1 -> 0
2023-08-25 11:34:36,823 [ForkJoinPool.commonPool-worker-0] INFO  server.GrpcService (GrpcService.java:closeImpl(320)) - 13d602e5-043f-4877-ab61-f2512eb11edb: shutdown server GrpcServerProtocolService successfully
2023-08-25 11:34:36,824 [ForkJoinPool.commonPool-worker-0] INFO  server.GrpcService (GrpcService.java:closeImpl(311)) - 13d602e5-043f-4877-ab61-f2512eb11edb: shutdown server org.apache.ratis.grpc.server.GrpcAdminProtocolService now
2023-08-25 11:34:36,824 [d411a2e9-f1e7-48ff-a207-5fb0a1d8b942@group-8A642A2690EA-StateMachineUpdater] INFO  impl.StateMachineUpdater (StateMachineUpdater.java:takeSnapshot(291)) - d411a2e9-f1e7-48ff-a207-5fb0a1d8b942@group-8A642A2690EA-StateMachineUpdater: Took a snapshot at index 0
2023-08-25 11:34:36,824 [d411a2e9-f1e7-48ff-a207-5fb0a1d8b942@group-8A642A2690EA-StateMachineUpdater] INFO  impl.StateMachineUpdater (StateMachineUpdater.java:lambda$new$0(97)) - d411a2e9-f1e7-48ff-a207-5fb0a1d8b942@group-8A642A2690EA-StateMachineUpdater: snapshotIndex: updateIncreasingly -1 -> 0
2023-08-25 11:34:36,825 [d411a2e9-f1e7-48ff-a207-5fb0a1d8b942-impl-thread2] INFO  server.RaftServer$Division (ServerState.java:close(472)) - d411a2e9-f1e7-48ff-a207-5fb0a1d8b942@group-8A642A2690EA: closes. applyIndex: 0
2023-08-25 11:34:36,825 [d411a2e9-f1e7-48ff-a207-5fb0a1d8b942-impl-thread3] INFO  server.RaftServer$Division (ServerState.java:close(472)) - d411a2e9-f1e7-48ff-a207-5fb0a1d8b942@group-F23DB3C01F23: closes. applyIndex: 4
2023-08-25 11:34:36,826 [13d602e5-043f-4877-ab61-f2512eb11edb-impl-thread4] INFO  server.RaftServer$Division (ServerState.java:close(472)) - 13d602e5-043f-4877-ab61-f2512eb11edb@group-2249AB9819A5: closes. applyIndex: 28
2023-08-25 11:34:36,826 [ead66fe0-0d51-45f6-a40c-8e2915dd9a2f-impl-thread3] INFO  server.RaftServer$Division (ServerState.java:close(472)) - ead66fe0-0d51-45f6-a40c-8e2915dd9a2f@group-F23DB3C01F23: closes. applyIndex: 4
2023-08-25 11:34:36,827 [ForkJoinPool.commonPool-worker-2] INFO  ozoneimpl.OzoneContainer (OzoneContainer.java:stop(451)) - Attempting to stop container services.
2023-08-25 11:34:36,828 [grpc-default-executor-3] INFO  server.GrpcLogAppender (GrpcLogAppender.java:onCompleted(428)) - ead66fe0-0d51-45f6-a40c-8e2915dd9a2f@group-2249AB9819A5->d411a2e9-f1e7-48ff-a207-5fb0a1d8b942-AppendLogResponseHandler: follower responses appendEntries COMPLETED
2023-08-25 11:34:36,828 [grpc-default-executor-3] WARN  server.GrpcLogAppender (GrpcLogAppender.java:resetClient(137)) - ead66fe0-0d51-45f6-a40c-8e2915dd9a2f@group-2249AB9819A5->d411a2e9-f1e7-48ff-a207-5fb0a1d8b942-GrpcLogAppender: Failed to getClient for d411a2e9-f1e7-48ff-a207-5fb0a1d8b942
org.apache.ratis.protocol.exceptions.AlreadyClosedException: ead66fe0-0d51-45f6-a40c-8e2915dd9a2f is already CLOSED
	at org.apache.ratis.util.PeerProxyMap$PeerAndProxy.getProxy(PeerProxyMap.java:61)
	at org.apache.ratis.util.PeerProxyMap.getProxy(PeerProxyMap.java:115)
	at org.apache.ratis.grpc.server.GrpcLogAppender.getClient(GrpcLogAppender.java:112)
	at org.apache.ratis.grpc.server.GrpcLogAppender.resetClient(GrpcLogAppender.java:117)
	at org.apache.ratis.grpc.server.GrpcLogAppender.access$500(GrpcLogAppender.java:56)
	at org.apache.ratis.grpc.server.GrpcLogAppender$AppendLogResponseHandler.onCompleted(GrpcLogAppender.java:429)
	at org.apache.ratis.thirdparty.io.grpc.stub.ClientCalls$StreamObserverToCallListenerAdapter.onClose(ClientCalls.java:485)
	at org.apache.ratis.thirdparty.io.grpc.internal.ClientCallImpl.closeObserver(ClientCallImpl.java:563)
	at org.apache.ratis.thirdparty.io.grpc.internal.ClientCallImpl.access$300(ClientCallImpl.java:70)
	at org.apache.ratis.thirdparty.io.grpc.internal.ClientCallImpl$ClientStreamListenerImpl$1StreamClosed.runInternal(ClientCallImpl.java:744)
	at org.apache.ratis.thirdparty.io.grpc.internal.ClientCallImpl$ClientStreamListenerImpl$1StreamClosed.runInContext(ClientCallImpl.java:723)
	at org.apache.ratis.thirdparty.io.grpc.internal.ContextRunnable.run(ContextRunnable.java:37)
	at org.apache.ratis.thirdparty.io.grpc.internal.SerializingExecutor.run(SerializingExecutor.java:133)
	at java.util.concurrent.ThreadPoolExecutor.runWorker(ThreadPoolExecutor.java:1149)
	at java.util.concurrent.ThreadPoolExecutor$Worker.run(ThreadPoolExecutor.java:624)
	at java.lang.Thread.run(Thread.java:750)
2023-08-25 11:34:36,829 [13d602e5-043f-4877-ab61-f2512eb11edb-impl-thread2] INFO  server.RaftServer$Division (ServerState.java:close(472)) - 13d602e5-043f-4877-ab61-f2512eb11edb@group-BB58F65BAA1B: closes. applyIndex: 0
2023-08-25 11:34:36,829 [ead66fe0-0d51-45f6-a40c-8e2915dd9a2f-impl-thread2] INFO  server.RaftServer$Division (ServerState.java:close(472)) - ead66fe0-0d51-45f6-a40c-8e2915dd9a2f@group-09316CB53EEB: closes. applyIndex: 0
2023-08-25 11:34:36,830 [grpc-default-executor-7] INFO  server.GrpcLogAppender (GrpcLogAppender.java:onCompleted(428)) - ead66fe0-0d51-45f6-a40c-8e2915dd9a2f@group-2249AB9819A5->13d602e5-043f-4877-ab61-f2512eb11edb-AppendLogResponseHandler: follower responses appendEntries COMPLETED
2023-08-25 11:34:36,830 [grpc-default-executor-7] WARN  server.GrpcLogAppender (GrpcLogAppender.java:resetClient(137)) - ead66fe0-0d51-45f6-a40c-8e2915dd9a2f@group-2249AB9819A5->13d602e5-043f-4877-ab61-f2512eb11edb-GrpcLogAppender: Failed to getClient for 13d602e5-043f-4877-ab61-f2512eb11edb
org.apache.ratis.protocol.exceptions.AlreadyClosedException: ead66fe0-0d51-45f6-a40c-8e2915dd9a2f is already CLOSED
	at org.apache.ratis.util.PeerProxyMap$PeerAndProxy.getProxy(PeerProxyMap.java:61)
	at org.apache.ratis.util.PeerProxyMap.getProxy(PeerProxyMap.java:115)
	at org.apache.ratis.grpc.server.GrpcLogAppender.getClient(GrpcLogAppender.java:112)
	at org.apache.ratis.grpc.server.GrpcLogAppender.resetClient(GrpcLogAppender.java:117)
	at org.apache.ratis.grpc.server.GrpcLogAppender.access$500(GrpcLogAppender.java:56)
	at org.apache.ratis.grpc.server.GrpcLogAppender$AppendLogResponseHandler.onCompleted(GrpcLogAppender.java:429)
	at org.apache.ratis.thirdparty.io.grpc.stub.ClientCalls$StreamObserverToCallListenerAdapter.onClose(ClientCalls.java:485)
	at org.apache.ratis.thirdparty.io.grpc.internal.ClientCallImpl.closeObserver(ClientCallImpl.java:563)
	at org.apache.ratis.thirdparty.io.grpc.internal.ClientCallImpl.access$300(ClientCallImpl.java:70)
	at org.apache.ratis.thirdparty.io.grpc.internal.ClientCallImpl$ClientStreamListenerImpl$1StreamClosed.runInternal(ClientCallImpl.java:744)
	at org.apache.ratis.thirdparty.io.grpc.internal.ClientCallImpl$ClientStreamListenerImpl$1StreamClosed.runInContext(ClientCallImpl.java:723)
	at org.apache.ratis.thirdparty.io.grpc.internal.ContextRunnable.run(ContextRunnable.java:37)
	at org.apache.ratis.thirdparty.io.grpc.internal.SerializingExecutor.run(SerializingExecutor.java:133)
	at java.util.concurrent.ThreadPoolExecutor.runWorker(ThreadPoolExecutor.java:1149)
	at java.util.concurrent.ThreadPoolExecutor$Worker.run(ThreadPoolExecutor.java:624)
	at java.lang.Thread.run(Thread.java:750)
2023-08-25 11:34:36,835 [ead66fe0-0d51-45f6-a40c-8e2915dd9a2f-impl-thread4] INFO  server.RaftServer$Division (ServerState.java:close(472)) - ead66fe0-0d51-45f6-a40c-8e2915dd9a2f@group-2249AB9819A5: closes. applyIndex: 30
2023-08-25 11:34:36,835 [ForkJoinPool.commonPool-worker-0] INFO  server.GrpcService (GrpcService.java:closeImpl(320)) - 13d602e5-043f-4877-ab61-f2512eb11edb: shutdown server org.apache.ratis.grpc.server.GrpcAdminProtocolService successfully
2023-08-25 11:34:36,836 [13d602e5-043f-4877-ab61-f2512eb11edb-impl-thread3] INFO  server.RaftServer$Division (ServerState.java:close(472)) - 13d602e5-043f-4877-ab61-f2512eb11edb@group-F23DB3C01F23: closes. applyIndex: 4
2023-08-25 11:34:36,836 [d411a2e9-f1e7-48ff-a207-5fb0a1d8b942-impl-thread4] INFO  server.RaftServer$Division (ServerState.java:close(472)) - d411a2e9-f1e7-48ff-a207-5fb0a1d8b942@group-2249AB9819A5: closes. applyIndex: 28
2023-08-25 11:34:36,837 [13d602e5-043f-4877-ab61-f2512eb11edb-NettyServerStreamRpc-bossGroup--thread1] INFO  logging.LoggingHandler (AbstractInternalLogger.java:log(148)) - [id: 0x17f2dfbc, L:/0:0:0:0:0:0:0:0:15024] CLOSE
2023-08-25 11:34:36,837 [13d602e5-043f-4877-ab61-f2512eb11edb-NettyServerStreamRpc-bossGroup--thread1] INFO  logging.LoggingHandler (AbstractInternalLogger.java:log(148)) - [id: 0x17f2dfbc, L:/0:0:0:0:0:0:0:0:15024] INACTIVE
2023-08-25 11:34:36,837 [13d602e5-043f-4877-ab61-f2512eb11edb-NettyServerStreamRpc-bossGroup--thread1] INFO  logging.LoggingHandler (AbstractInternalLogger.java:log(148)) - [id: 0x17f2dfbc, L:/0:0:0:0:0:0:0:0:15024] UNREGISTERED
2023-08-25 11:34:36,838 [main] INFO  server.GrpcService (GrpcService.java:closeImpl(320)) - ead66fe0-0d51-45f6-a40c-8e2915dd9a2f: shutdown server org.apache.ratis.grpc.server.GrpcClientProtocolService successfully
2023-08-25 11:34:36,838 [main] INFO  server.GrpcService (GrpcService.java:closeImpl(311)) - ead66fe0-0d51-45f6-a40c-8e2915dd9a2f: shutdown server GrpcServerProtocolService now
2023-08-25 11:34:36,838 [ForkJoinPool.commonPool-worker-2] INFO  server.RaftServer (RaftServerProxy.java:lambda$close$6(416)) - af11e694-f31c-4d10-acc2-680f80b0911e: close
2023-08-25 11:34:36,839 [ForkJoinPool.commonPool-worker-1] INFO  server.GrpcService (GrpcService.java:closeImpl(320)) - d411a2e9-f1e7-48ff-a207-5fb0a1d8b942: shutdown server GrpcServerProtocolService successfully
2023-08-25 11:34:36,840 [ForkJoinPool.commonPool-worker-1] INFO  server.GrpcService (GrpcService.java:closeImpl(311)) - d411a2e9-f1e7-48ff-a207-5fb0a1d8b942: shutdown server org.apache.ratis.grpc.server.GrpcAdminProtocolService now
2023-08-25 11:34:36,848 [ForkJoinPool.commonPool-worker-2] INFO  server.GrpcService (GrpcService.java:closeImpl(311)) - af11e694-f31c-4d10-acc2-680f80b0911e: shutdown server org.apache.ratis.grpc.server.GrpcClientProtocolService now
2023-08-25 11:34:36,850 [ForkJoinPool.commonPool-worker-2] INFO  server.GrpcService (GrpcService.java:closeImpl(320)) - af11e694-f31c-4d10-acc2-680f80b0911e: shutdown server org.apache.ratis.grpc.server.GrpcClientProtocolService successfully
2023-08-25 11:34:36,850 [ForkJoinPool.commonPool-worker-2] INFO  server.GrpcService (GrpcService.java:closeImpl(311)) - af11e694-f31c-4d10-acc2-680f80b0911e: shutdown server GrpcServerProtocolService now
2023-08-25 11:34:36,851 [af11e694-f31c-4d10-acc2-680f80b0911e-impl-thread2] INFO  server.RaftServer$Division (RaftServerImpl.java:lambda$close$4(466)) - af11e694-f31c-4d10-acc2-680f80b0911e@group-D422DE6A4697: shutdown
2023-08-25 11:34:36,851 [af11e694-f31c-4d10-acc2-680f80b0911e-impl-thread2] INFO  util.JmxRegister (JmxRegister.java:unregister(73)) - Successfully un-registered JMX Bean with object name Ratis:service=RaftServer,group=group-D422DE6A4697,id=af11e694-f31c-4d10-acc2-680f80b0911e
2023-08-25 11:34:36,851 [af11e694-f31c-4d10-acc2-680f80b0911e-impl-thread2] INFO  impl.RoleInfo (RoleInfo.java:shutdownLeaderState(93)) - af11e694-f31c-4d10-acc2-680f80b0911e: shutdown af11e694-f31c-4d10-acc2-680f80b0911e@group-D422DE6A4697-LeaderStateImpl
2023-08-25 11:34:36,851 [af11e694-f31c-4d10-acc2-680f80b0911e-impl-thread2] INFO  impl.PendingRequests (PendingRequests.java:sendNotLeaderResponses(289)) - af11e694-f31c-4d10-acc2-680f80b0911e@group-D422DE6A4697-PendingRequests: sendNotLeaderResponses
2023-08-25 11:34:36,852 [af11e694-f31c-4d10-acc2-680f80b0911e-impl-thread2] INFO  impl.StateMachineUpdater (StateMachineUpdater.java:stopAndJoin(155)) - af11e694-f31c-4d10-acc2-680f80b0911e@group-D422DE6A4697-StateMachineUpdater: set stopIndex = 0
2023-08-25 11:34:36,852 [main] INFO  server.GrpcService (GrpcService.java:closeImpl(320)) - ead66fe0-0d51-45f6-a40c-8e2915dd9a2f: shutdown server GrpcServerProtocolService successfully
2023-08-25 11:34:36,852 [main] INFO  server.GrpcService (GrpcService.java:closeImpl(311)) - ead66fe0-0d51-45f6-a40c-8e2915dd9a2f: shutdown server org.apache.ratis.grpc.server.GrpcAdminProtocolService now
2023-08-25 11:34:36,854 [af11e694-f31c-4d10-acc2-680f80b0911e@group-D422DE6A4697-StateMachineUpdater] INFO  ratis.ContainerStateMachine (ContainerStateMachine.java:takeSnapshot(330)) - group-D422DE6A4697: Taking a snapshot at:(t:1, i:0) file /home/runner/work/ozone/ozone/hadoop-ozone/integration-test/target/test-dir/MiniOzoneClusterImpl-168be1a3-dcaf-40a9-aa5d-bf8b77a61b73/datanode-4/data/ratis/575a8c2a-1b26-400a-9d0b-d422de6a4697/sm/snapshot.1_0
2023-08-25 11:34:36,854 [ForkJoinPool.commonPool-worker-1] INFO  server.GrpcService (GrpcService.java:closeImpl(320)) - d411a2e9-f1e7-48ff-a207-5fb0a1d8b942: shutdown server org.apache.ratis.grpc.server.GrpcAdminProtocolService successfully
2023-08-25 11:34:36,854 [d411a2e9-f1e7-48ff-a207-5fb0a1d8b942-NettyServerStreamRpc-bossGroup--thread1] INFO  logging.LoggingHandler (AbstractInternalLogger.java:log(148)) - [id: 0xa88d3a93, L:/0:0:0:0:0:0:0:0:15015] CLOSE
2023-08-25 11:34:36,855 [d411a2e9-f1e7-48ff-a207-5fb0a1d8b942-NettyServerStreamRpc-bossGroup--thread1] INFO  logging.LoggingHandler (AbstractInternalLogger.java:log(148)) - [id: 0xa88d3a93, L:/0:0:0:0:0:0:0:0:15015] INACTIVE
2023-08-25 11:34:36,855 [d411a2e9-f1e7-48ff-a207-5fb0a1d8b942-NettyServerStreamRpc-bossGroup--thread1] INFO  logging.LoggingHandler (AbstractInternalLogger.java:log(148)) - [id: 0xa88d3a93, L:/0:0:0:0:0:0:0:0:15015] UNREGISTERED
2023-08-25 11:34:36,857 [af11e694-f31c-4d10-acc2-680f80b0911e@group-D422DE6A4697-StateMachineUpdater] INFO  ratis.ContainerStateMachine (ContainerStateMachine.java:takeSnapshot(341)) - group-D422DE6A4697: Finished taking a snapshot at:(t:1, i:0) file:/home/runner/work/ozone/ozone/hadoop-ozone/integration-test/target/test-dir/MiniOzoneClusterImpl-168be1a3-dcaf-40a9-aa5d-bf8b77a61b73/datanode-4/data/ratis/575a8c2a-1b26-400a-9d0b-d422de6a4697/sm/snapshot.1_0 took: 3 ms
2023-08-25 11:34:36,857 [af11e694-f31c-4d10-acc2-680f80b0911e@group-D422DE6A4697-StateMachineUpdater] INFO  impl.StateMachineUpdater (StateMachineUpdater.java:takeSnapshot(291)) - af11e694-f31c-4d10-acc2-680f80b0911e@group-D422DE6A4697-StateMachineUpdater: Took a snapshot at index 0
2023-08-25 11:34:36,857 [af11e694-f31c-4d10-acc2-680f80b0911e@group-D422DE6A4697-StateMachineUpdater] INFO  impl.StateMachineUpdater (StateMachineUpdater.java:lambda$new$0(97)) - af11e694-f31c-4d10-acc2-680f80b0911e@group-D422DE6A4697-StateMachineUpdater: snapshotIndex: updateIncreasingly -1 -> 0
2023-08-25 11:34:36,857 [af11e694-f31c-4d10-acc2-680f80b0911e-impl-thread2] INFO  server.RaftServer$Division (ServerState.java:close(472)) - af11e694-f31c-4d10-acc2-680f80b0911e@group-D422DE6A4697: closes. applyIndex: 0
2023-08-25 11:34:36,862 [ForkJoinPool.commonPool-worker-2] INFO  server.GrpcService (GrpcService.java:closeImpl(320)) - af11e694-f31c-4d10-acc2-680f80b0911e: shutdown server GrpcServerProtocolService successfully
2023-08-25 11:34:36,863 [ForkJoinPool.commonPool-worker-2] INFO  server.GrpcService (GrpcService.java:closeImpl(311)) - af11e694-f31c-4d10-acc2-680f80b0911e: shutdown server org.apache.ratis.grpc.server.GrpcAdminProtocolService now
2023-08-25 11:34:36,866 [main] INFO  server.GrpcService (GrpcService.java:closeImpl(320)) - ead66fe0-0d51-45f6-a40c-8e2915dd9a2f: shutdown server org.apache.ratis.grpc.server.GrpcAdminProtocolService successfully
2023-08-25 11:34:36,870 [ead66fe0-0d51-45f6-a40c-8e2915dd9a2f-NettyServerStreamRpc-bossGroup--thread1] INFO  logging.LoggingHandler (AbstractInternalLogger.java:log(148)) - [id: 0xcb12791c, L:/0:0:0:0:0:0:0:0:15033] CLOSE
2023-08-25 11:34:36,870 [ForkJoinPool.commonPool-worker-2] INFO  server.GrpcService (GrpcService.java:closeImpl(320)) - af11e694-f31c-4d10-acc2-680f80b0911e: shutdown server org.apache.ratis.grpc.server.GrpcAdminProtocolService successfully
2023-08-25 11:34:36,870 [ead66fe0-0d51-45f6-a40c-8e2915dd9a2f-NettyServerStreamRpc-bossGroup--thread1] INFO  logging.LoggingHandler (AbstractInternalLogger.java:log(148)) - [id: 0xcb12791c, L:/0:0:0:0:0:0:0:0:15033] INACTIVE
2023-08-25 11:34:36,870 [af11e694-f31c-4d10-acc2-680f80b0911e-NettyServerStreamRpc-bossGroup--thread1] INFO  logging.LoggingHandler (AbstractInternalLogger.java:log(148)) - [id: 0x3af191f9, L:/0:0:0:0:0:0:0:0:15051] CLOSE
2023-08-25 11:34:36,870 [ead66fe0-0d51-45f6-a40c-8e2915dd9a2f-NettyServerStreamRpc-bossGroup--thread1] INFO  logging.LoggingHandler (AbstractInternalLogger.java:log(148)) - [id: 0xcb12791c, L:/0:0:0:0:0:0:0:0:15033] UNREGISTERED
2023-08-25 11:34:36,870 [af11e694-f31c-4d10-acc2-680f80b0911e-NettyServerStreamRpc-bossGroup--thread1] INFO  logging.LoggingHandler (AbstractInternalLogger.java:log(148)) - [id: 0x3af191f9, L:/0:0:0:0:0:0:0:0:15051] INACTIVE
2023-08-25 11:34:36,870 [af11e694-f31c-4d10-acc2-680f80b0911e-NettyServerStreamRpc-bossGroup--thread1] INFO  logging.LoggingHandler (AbstractInternalLogger.java:log(148)) - [id: 0x3af191f9, L:/0:0:0:0:0:0:0:0:15051] UNREGISTERED
2023-08-25 11:34:36,895 [ForkJoinPool.commonPool-worker-3] INFO  ozoneimpl.OzoneContainer (OzoneContainer.java:stop(451)) - Attempting to stop container services.
2023-08-25 11:34:36,898 [ForkJoinPool.commonPool-worker-3] INFO  server.RaftServer (RaftServerProxy.java:lambda$close$6(416)) - 4dcd1767-97a9-4f87-b8f8-fe0ca563ef05: close
2023-08-25 11:34:36,902 [ForkJoinPool.commonPool-worker-3] INFO  server.GrpcService (GrpcService.java:closeImpl(311)) - 4dcd1767-97a9-4f87-b8f8-fe0ca563ef05: shutdown server org.apache.ratis.grpc.server.GrpcClientProtocolService now
2023-08-25 11:34:36,902 [4dcd1767-97a9-4f87-b8f8-fe0ca563ef05-impl-thread2] INFO  server.RaftServer$Division (RaftServerImpl.java:lambda$close$4(466)) - 4dcd1767-97a9-4f87-b8f8-fe0ca563ef05@group-B4606A8FB28B: shutdown
2023-08-25 11:34:36,902 [4dcd1767-97a9-4f87-b8f8-fe0ca563ef05-impl-thread2] INFO  util.JmxRegister (JmxRegister.java:unregister(73)) - Successfully un-registered JMX Bean with object name Ratis:service=RaftServer,group=group-B4606A8FB28B,id=4dcd1767-97a9-4f87-b8f8-fe0ca563ef05
2023-08-25 11:34:36,902 [4dcd1767-97a9-4f87-b8f8-fe0ca563ef05-impl-thread2] INFO  impl.RoleInfo (RoleInfo.java:shutdownLeaderState(93)) - 4dcd1767-97a9-4f87-b8f8-fe0ca563ef05: shutdown 4dcd1767-97a9-4f87-b8f8-fe0ca563ef05@group-B4606A8FB28B-LeaderStateImpl
2023-08-25 11:34:36,903 [4dcd1767-97a9-4f87-b8f8-fe0ca563ef05-impl-thread2] INFO  impl.PendingRequests (PendingRequests.java:sendNotLeaderResponses(289)) - 4dcd1767-97a9-4f87-b8f8-fe0ca563ef05@group-B4606A8FB28B-PendingRequests: sendNotLeaderResponses
2023-08-25 11:34:36,906 [4dcd1767-97a9-4f87-b8f8-fe0ca563ef05@group-B4606A8FB28B-StateMachineUpdater] INFO  ratis.ContainerStateMachine (ContainerStateMachine.java:takeSnapshot(330)) - group-B4606A8FB28B: Taking a snapshot at:(t:1, i:0) file /home/runner/work/ozone/ozone/hadoop-ozone/integration-test/target/test-dir/MiniOzoneClusterImpl-168be1a3-dcaf-40a9-aa5d-bf8b77a61b73/datanode-3/data/ratis/b6fbd096-0fbb-4de9-9930-b4606a8fb28b/sm/snapshot.1_0
2023-08-25 11:34:36,906 [4dcd1767-97a9-4f87-b8f8-fe0ca563ef05-impl-thread2] INFO  impl.StateMachineUpdater (StateMachineUpdater.java:stopAndJoin(155)) - 4dcd1767-97a9-4f87-b8f8-fe0ca563ef05@group-B4606A8FB28B-StateMachineUpdater: set stopIndex = 0
2023-08-25 11:34:36,913 [4dcd1767-97a9-4f87-b8f8-fe0ca563ef05@group-B4606A8FB28B-StateMachineUpdater] INFO  ratis.ContainerStateMachine (ContainerStateMachine.java:takeSnapshot(341)) - group-B4606A8FB28B: Finished taking a snapshot at:(t:1, i:0) file:/home/runner/work/ozone/ozone/hadoop-ozone/integration-test/target/test-dir/MiniOzoneClusterImpl-168be1a3-dcaf-40a9-aa5d-bf8b77a61b73/datanode-3/data/ratis/b6fbd096-0fbb-4de9-9930-b4606a8fb28b/sm/snapshot.1_0 took: 7 ms
2023-08-25 11:34:36,914 [4dcd1767-97a9-4f87-b8f8-fe0ca563ef05@group-B4606A8FB28B-StateMachineUpdater] INFO  impl.StateMachineUpdater (StateMachineUpdater.java:takeSnapshot(291)) - 4dcd1767-97a9-4f87-b8f8-fe0ca563ef05@group-B4606A8FB28B-StateMachineUpdater: Took a snapshot at index 0
2023-08-25 11:34:36,914 [4dcd1767-97a9-4f87-b8f8-fe0ca563ef05@group-B4606A8FB28B-StateMachineUpdater] INFO  impl.StateMachineUpdater (StateMachineUpdater.java:lambda$new$0(97)) - 4dcd1767-97a9-4f87-b8f8-fe0ca563ef05@group-B4606A8FB28B-StateMachineUpdater: snapshotIndex: updateIncreasingly -1 -> 0
2023-08-25 11:34:36,914 [4dcd1767-97a9-4f87-b8f8-fe0ca563ef05-impl-thread2] INFO  server.RaftServer$Division (ServerState.java:close(472)) - 4dcd1767-97a9-4f87-b8f8-fe0ca563ef05@group-B4606A8FB28B: closes. applyIndex: 0
2023-08-25 11:34:36,918 [ForkJoinPool.commonPool-worker-3] INFO  server.GrpcService (GrpcService.java:closeImpl(320)) - 4dcd1767-97a9-4f87-b8f8-fe0ca563ef05: shutdown server org.apache.ratis.grpc.server.GrpcClientProtocolService successfully
2023-08-25 11:34:36,918 [ForkJoinPool.commonPool-worker-3] INFO  server.GrpcService (GrpcService.java:closeImpl(311)) - 4dcd1767-97a9-4f87-b8f8-fe0ca563ef05: shutdown server GrpcServerProtocolService now
2023-08-25 11:34:36,923 [ForkJoinPool.commonPool-worker-3] INFO  server.GrpcService (GrpcService.java:closeImpl(320)) - 4dcd1767-97a9-4f87-b8f8-fe0ca563ef05: shutdown server GrpcServerProtocolService successfully
2023-08-25 11:34:36,923 [ForkJoinPool.commonPool-worker-3] INFO  server.GrpcService (GrpcService.java:closeImpl(311)) - 4dcd1767-97a9-4f87-b8f8-fe0ca563ef05: shutdown server org.apache.ratis.grpc.server.GrpcAdminProtocolService now
2023-08-25 11:34:36,927 [ForkJoinPool.commonPool-worker-3] INFO  server.GrpcService (GrpcService.java:closeImpl(320)) - 4dcd1767-97a9-4f87-b8f8-fe0ca563ef05: shutdown server org.apache.ratis.grpc.server.GrpcAdminProtocolService successfully
2023-08-25 11:34:36,927 [4dcd1767-97a9-4f87-b8f8-fe0ca563ef05-NettyServerStreamRpc-bossGroup--thread1] INFO  logging.LoggingHandler (AbstractInternalLogger.java:log(148)) - [id: 0x015e50e7, L:/0:0:0:0:0:0:0:0:15042] CLOSE
2023-08-25 11:34:36,928 [4dcd1767-97a9-4f87-b8f8-fe0ca563ef05-NettyServerStreamRpc-bossGroup--thread1] INFO  logging.LoggingHandler (AbstractInternalLogger.java:log(148)) - [id: 0x015e50e7, L:/0:0:0:0:0:0:0:0:15042] INACTIVE
2023-08-25 11:34:36,928 [4dcd1767-97a9-4f87-b8f8-fe0ca563ef05-NettyServerStreamRpc-bossGroup--thread1] INFO  logging.LoggingHandler (AbstractInternalLogger.java:log(148)) - [id: 0x015e50e7, L:/0:0:0:0:0:0:0:0:15042] UNREGISTERED
2023-08-25 11:34:37,418 [af11e694-f31c-4d10-acc2-680f80b0911e-impl-thread2] INFO  segmented.SegmentedRaftLogWorker (SegmentedRaftLogWorker.java:close(252)) - af11e694-f31c-4d10-acc2-680f80b0911e@group-D422DE6A4697-SegmentedRaftLogWorker close()
2023-08-25 11:34:37,422 [ead66fe0-0d51-45f6-a40c-8e2915dd9a2f-impl-thread3] INFO  segmented.SegmentedRaftLogWorker (SegmentedRaftLogWorker.java:close(252)) - ead66fe0-0d51-45f6-a40c-8e2915dd9a2f@group-F23DB3C01F23-SegmentedRaftLogWorker close()
2023-08-25 11:34:37,423 [13d602e5-043f-4877-ab61-f2512eb11edb-impl-thread3] INFO  segmented.SegmentedRaftLogWorker (SegmentedRaftLogWorker.java:close(252)) - 13d602e5-043f-4877-ab61-f2512eb11edb@group-F23DB3C01F23-SegmentedRaftLogWorker close()
2023-08-25 11:34:37,425 [d411a2e9-f1e7-48ff-a207-5fb0a1d8b942-impl-thread3] INFO  segmented.SegmentedRaftLogWorker (SegmentedRaftLogWorker.java:close(252)) - d411a2e9-f1e7-48ff-a207-5fb0a1d8b942@group-F23DB3C01F23-SegmentedRaftLogWorker close()
2023-08-25 11:34:37,428 [JvmPauseMonitor6] INFO  util.JvmPauseMonitor (JvmPauseMonitor.java:run(109)) - JvmPauseMonitor-af11e694-f31c-4d10-acc2-680f80b0911e: Stopped
2023-08-25 11:34:37,541 [ead66fe0-0d51-45f6-a40c-8e2915dd9a2f-impl-thread4] INFO  segmented.SegmentedRaftLogWorker (SegmentedRaftLogWorker.java:close(252)) - ead66fe0-0d51-45f6-a40c-8e2915dd9a2f@group-2249AB9819A5-SegmentedRaftLogWorker close()
2023-08-25 11:34:37,561 [d411a2e9-f1e7-48ff-a207-5fb0a1d8b942-impl-thread4] INFO  segmented.SegmentedRaftLogWorker (SegmentedRaftLogWorker.java:close(252)) - d411a2e9-f1e7-48ff-a207-5fb0a1d8b942@group-2249AB9819A5-SegmentedRaftLogWorker close()
2023-08-25 11:34:37,562 [13d602e5-043f-4877-ab61-f2512eb11edb-impl-thread4] INFO  segmented.SegmentedRaftLogWorker (SegmentedRaftLogWorker.java:close(252)) - 13d602e5-043f-4877-ab61-f2512eb11edb@group-2249AB9819A5-SegmentedRaftLogWorker close()
2023-08-25 11:34:37,674 [ead66fe0-0d51-45f6-a40c-8e2915dd9a2f-impl-thread2] INFO  segmented.SegmentedRaftLogWorker (SegmentedRaftLogWorker.java:close(252)) - ead66fe0-0d51-45f6-a40c-8e2915dd9a2f@group-09316CB53EEB-SegmentedRaftLogWorker close()
2023-08-25 11:34:37,674 [d411a2e9-f1e7-48ff-a207-5fb0a1d8b942-impl-thread2] INFO  segmented.SegmentedRaftLogWorker (SegmentedRaftLogWorker.java:close(252)) - d411a2e9-f1e7-48ff-a207-5fb0a1d8b942@group-8A642A2690EA-SegmentedRaftLogWorker close()
2023-08-25 11:34:37,674 [13d602e5-043f-4877-ab61-f2512eb11edb-impl-thread2] INFO  segmented.SegmentedRaftLogWorker (SegmentedRaftLogWorker.java:close(252)) - 13d602e5-043f-4877-ab61-f2512eb11edb@group-BB58F65BAA1B-SegmentedRaftLogWorker close()
2023-08-25 11:34:37,676 [JvmPauseMonitor4] INFO  util.JvmPauseMonitor (JvmPauseMonitor.java:run(109)) - JvmPauseMonitor-ead66fe0-0d51-45f6-a40c-8e2915dd9a2f: Stopped
2023-08-25 11:34:37,677 [JvmPauseMonitor2] INFO  util.JvmPauseMonitor (JvmPauseMonitor.java:run(109)) - JvmPauseMonitor-d411a2e9-f1e7-48ff-a207-5fb0a1d8b942: Stopped
2023-08-25 11:34:37,678 [JvmPauseMonitor3] INFO  util.JvmPauseMonitor (JvmPauseMonitor.java:run(109)) - JvmPauseMonitor-13d602e5-043f-4877-ab61-f2512eb11edb: Stopped
2023-08-25 11:34:37,735 [4dcd1767-97a9-4f87-b8f8-fe0ca563ef05-impl-thread2] INFO  segmented.SegmentedRaftLogWorker (SegmentedRaftLogWorker.java:close(252)) - 4dcd1767-97a9-4f87-b8f8-fe0ca563ef05@group-B4606A8FB28B-SegmentedRaftLogWorker close()
2023-08-25 11:34:37,736 [JvmPauseMonitor5] INFO  util.JvmPauseMonitor (JvmPauseMonitor.java:run(109)) - JvmPauseMonitor-4dcd1767-97a9-4f87-b8f8-fe0ca563ef05: Stopped
2023-08-25 11:34:39,455 [ForkJoinPool.commonPool-worker-2] INFO  utils.DatanodeStoreCache (DatanodeStoreCache.java:shutdownCache(110)) - Skip clearing cache in mini cluster mode. Entries left: [/home/runner/work/ozone/ozone/hadoop-ozone/integration-test/target/test-dir/MiniOzoneClusterImpl-168be1a3-dcaf-40a9-aa5d-bf8b77a61b73/datanode-0/data-0/containers/hdds/168be1a3-dcaf-40a9-aa5d-bf8b77a61b73/DS-8440ed0c-5fd6-49ec-8079-baaad9370e06/container.db, /home/runner/work/ozone/ozone/hadoop-ozone/integration-test/target/test-dir/MiniOzoneClusterImpl-168be1a3-dcaf-40a9-aa5d-bf8b77a61b73/datanode-1/data-0/containers/hdds/168be1a3-dcaf-40a9-aa5d-bf8b77a61b73/DS-a5a436db-e99e-4086-91f9-76253bb49aef/container.db, /home/runner/work/ozone/ozone/hadoop-ozone/integration-test/target/test-dir/MiniOzoneClusterImpl-168be1a3-dcaf-40a9-aa5d-bf8b77a61b73/datanode-2/data-0/containers/hdds/168be1a3-dcaf-40a9-aa5d-bf8b77a61b73/DS-e2589b24-5687-45a3-a86f-99c8aae2d04e/container.db, /home/runner/work/ozone/ozone/hadoop-ozone/integration-test/target/test-dir/MiniOzoneClusterImpl-168be1a3-dcaf-40a9-aa5d-bf8b77a61b73/datanode-3/data-0/containers/hdds/168be1a3-dcaf-40a9-aa5d-bf8b77a61b73/DS-4860fbaa-682d-4af8-8ef4-bdbbb91d6d9d/container.db, /home/runner/work/ozone/ozone/hadoop-ozone/integration-test/target/test-dir/MiniOzoneClusterImpl-168be1a3-dcaf-40a9-aa5d-bf8b77a61b73/datanode-4/data-0/containers/hdds/168be1a3-dcaf-40a9-aa5d-bf8b77a61b73/DS-541d33aa-1b52-43f2-a970-19cf3954634d/container.db]
2023-08-25 11:34:39,464 [ForkJoinPool.commonPool-worker-2] INFO  utils.DatanodeStoreCache (DatanodeStoreCache.java:removeDB(104)) - Removed db /home/runner/work/ozone/ozone/hadoop-ozone/integration-test/target/test-dir/MiniOzoneClusterImpl-168be1a3-dcaf-40a9-aa5d-bf8b77a61b73/datanode-4/data-0/containers/hdds/168be1a3-dcaf-40a9-aa5d-bf8b77a61b73/DS-541d33aa-1b52-43f2-a970-19cf3954634d/container.db from cache
2023-08-25 11:34:39,464 [ForkJoinPool.commonPool-worker-2] INFO  volume.HddsVolume (HddsVolume.java:closeDbStore(453)) - SchemaV3 db is stopped at /home/runner/work/ozone/ozone/hadoop-ozone/integration-test/target/test-dir/MiniOzoneClusterImpl-168be1a3-dcaf-40a9-aa5d-bf8b77a61b73/datanode-4/data-0/containers/hdds/168be1a3-dcaf-40a9-aa5d-bf8b77a61b73/DS-541d33aa-1b52-43f2-a970-19cf3954634d/container.db for volume DS-541d33aa-1b52-43f2-a970-19cf3954634d
2023-08-25 11:34:39,467 [ForkJoinPool.commonPool-worker-2] INFO  utils.BackgroundService (BackgroundService.java:shutdown(141)) - Shutting down service BlockDeletingService
2023-08-25 11:34:39,468 [ForkJoinPool.commonPool-worker-2] INFO  utils.BackgroundService (BackgroundService.java:shutdown(141)) - Shutting down service StaleRecoveringContainerScrubbingService
2023-08-25 11:34:39,473 [ForkJoinPool.commonPool-worker-2] INFO  statemachine.DatanodeStateMachine (DatanodeStateMachine.java:stopDaemon(620)) - Ozone container server stopped.
2023-08-25 11:34:39,491 [ForkJoinPool.commonPool-worker-2] INFO  handler.ContextHandler (ContextHandler.java:doStop(1159)) - Stopped o.e.j.w.WebAppContext@1448372a{hddsDatanode,/,null,STOPPED}{jar:file:/home/runner/.m2/repository/org/apache/ozone/hdds-container-service/1.4.0-SNAPSHOT/hdds-container-service-1.4.0-SNAPSHOT.jar!/webapps/hddsDatanode}
2023-08-25 11:34:39,492 [ForkJoinPool.commonPool-worker-2] INFO  server.AbstractConnector (AbstractConnector.java:doStop(383)) - Stopped ServerConnector@6ba8590d{HTTP/1.1, (http/1.1)}{0.0.0.0:15045}
2023-08-25 11:34:39,493 [ForkJoinPool.commonPool-worker-2] INFO  server.session (HouseKeeper.java:stopScavenging(149)) - node0 Stopped scavenging
2023-08-25 11:34:39,494 [ForkJoinPool.commonPool-worker-2] INFO  handler.ContextHandler (ContextHandler.java:doStop(1159)) - Stopped o.e.j.s.ServletContextHandler@2bad9fbb{static,/static,jar:file:/home/runner/.m2/repository/org/apache/ozone/hdds-container-service/1.4.0-SNAPSHOT/hdds-container-service-1.4.0-SNAPSHOT.jar!/webapps/static,STOPPED}
2023-08-25 11:34:39,497 [ForkJoinPool.commonPool-worker-2] INFO  handler.ContextHandler (ContextHandler.java:doStop(1159)) - Stopped o.e.j.s.ServletContextHandler@699b79c7{logs,/logs,file:///home/runner/work/ozone/ozone/hadoop-ozone/integration-test/target/log,STOPPED}
2023-08-25 11:34:39,498 [ForkJoinPool.commonPool-worker-2] INFO  ozone.HddsDatanodeClientProtocolServer (HddsDatanodeClientProtocolServer.java:stop(78)) - Stopping the RPC server for Client Protocol
2023-08-25 11:34:39,499 [ForkJoinPool.commonPool-worker-2] INFO  ipc.Server (Server.java:stop(3523)) - Stopping server on 15046
2023-08-25 11:34:39,500 [IPC Server listener on 15046] INFO  ipc.Server (Server.java:run(1434)) - Stopping IPC Server listener on 15046
2023-08-25 11:34:39,500 [IPC Server Responder] INFO  ipc.Server (Server.java:run(1567)) - Stopping IPC Server Responder
2023-08-25 11:34:39,686 [main] INFO  utils.DatanodeStoreCache (DatanodeStoreCache.java:shutdownCache(110)) - Skip clearing cache in mini cluster mode. Entries left: [/home/runner/work/ozone/ozone/hadoop-ozone/integration-test/target/test-dir/MiniOzoneClusterImpl-168be1a3-dcaf-40a9-aa5d-bf8b77a61b73/datanode-0/data-0/containers/hdds/168be1a3-dcaf-40a9-aa5d-bf8b77a61b73/DS-8440ed0c-5fd6-49ec-8079-baaad9370e06/container.db, /home/runner/work/ozone/ozone/hadoop-ozone/integration-test/target/test-dir/MiniOzoneClusterImpl-168be1a3-dcaf-40a9-aa5d-bf8b77a61b73/datanode-1/data-0/containers/hdds/168be1a3-dcaf-40a9-aa5d-bf8b77a61b73/DS-a5a436db-e99e-4086-91f9-76253bb49aef/container.db, /home/runner/work/ozone/ozone/hadoop-ozone/integration-test/target/test-dir/MiniOzoneClusterImpl-168be1a3-dcaf-40a9-aa5d-bf8b77a61b73/datanode-2/data-0/containers/hdds/168be1a3-dcaf-40a9-aa5d-bf8b77a61b73/DS-e2589b24-5687-45a3-a86f-99c8aae2d04e/container.db, /home/runner/work/ozone/ozone/hadoop-ozone/integration-test/target/test-dir/MiniOzoneClusterImpl-168be1a3-dcaf-40a9-aa5d-bf8b77a61b73/datanode-3/data-0/containers/hdds/168be1a3-dcaf-40a9-aa5d-bf8b77a61b73/DS-4860fbaa-682d-4af8-8ef4-bdbbb91d6d9d/container.db]
2023-08-25 11:34:39,687 [ForkJoinPool.commonPool-worker-0] INFO  utils.DatanodeStoreCache (DatanodeStoreCache.java:shutdownCache(110)) - Skip clearing cache in mini cluster mode. Entries left: [/home/runner/work/ozone/ozone/hadoop-ozone/integration-test/target/test-dir/MiniOzoneClusterImpl-168be1a3-dcaf-40a9-aa5d-bf8b77a61b73/datanode-0/data-0/containers/hdds/168be1a3-dcaf-40a9-aa5d-bf8b77a61b73/DS-8440ed0c-5fd6-49ec-8079-baaad9370e06/container.db, /home/runner/work/ozone/ozone/hadoop-ozone/integration-test/target/test-dir/MiniOzoneClusterImpl-168be1a3-dcaf-40a9-aa5d-bf8b77a61b73/datanode-1/data-0/containers/hdds/168be1a3-dcaf-40a9-aa5d-bf8b77a61b73/DS-a5a436db-e99e-4086-91f9-76253bb49aef/container.db, /home/runner/work/ozone/ozone/hadoop-ozone/integration-test/target/test-dir/MiniOzoneClusterImpl-168be1a3-dcaf-40a9-aa5d-bf8b77a61b73/datanode-2/data-0/containers/hdds/168be1a3-dcaf-40a9-aa5d-bf8b77a61b73/DS-e2589b24-5687-45a3-a86f-99c8aae2d04e/container.db, /home/runner/work/ozone/ozone/hadoop-ozone/integration-test/target/test-dir/MiniOzoneClusterImpl-168be1a3-dcaf-40a9-aa5d-bf8b77a61b73/datanode-3/data-0/containers/hdds/168be1a3-dcaf-40a9-aa5d-bf8b77a61b73/DS-4860fbaa-682d-4af8-8ef4-bdbbb91d6d9d/container.db]
2023-08-25 11:34:39,689 [ForkJoinPool.commonPool-worker-0] INFO  utils.DatanodeStoreCache (DatanodeStoreCache.java:removeDB(104)) - Removed db /home/runner/work/ozone/ozone/hadoop-ozone/integration-test/target/test-dir/MiniOzoneClusterImpl-168be1a3-dcaf-40a9-aa5d-bf8b77a61b73/datanode-1/data-0/containers/hdds/168be1a3-dcaf-40a9-aa5d-bf8b77a61b73/DS-a5a436db-e99e-4086-91f9-76253bb49aef/container.db from cache
2023-08-25 11:34:39,690 [ForkJoinPool.commonPool-worker-0] INFO  volume.HddsVolume (HddsVolume.java:closeDbStore(453)) - SchemaV3 db is stopped at /home/runner/work/ozone/ozone/hadoop-ozone/integration-test/target/test-dir/MiniOzoneClusterImpl-168be1a3-dcaf-40a9-aa5d-bf8b77a61b73/datanode-1/data-0/containers/hdds/168be1a3-dcaf-40a9-aa5d-bf8b77a61b73/DS-a5a436db-e99e-4086-91f9-76253bb49aef/container.db for volume DS-a5a436db-e99e-4086-91f9-76253bb49aef
2023-08-25 11:34:39,690 [ForkJoinPool.commonPool-worker-0] INFO  utils.BackgroundService (BackgroundService.java:shutdown(141)) - Shutting down service BlockDeletingService
2023-08-25 11:34:39,691 [ForkJoinPool.commonPool-worker-1] INFO  utils.DatanodeStoreCache (DatanodeStoreCache.java:shutdownCache(110)) - Skip clearing cache in mini cluster mode. Entries left: [/home/runner/work/ozone/ozone/hadoop-ozone/integration-test/target/test-dir/MiniOzoneClusterImpl-168be1a3-dcaf-40a9-aa5d-bf8b77a61b73/datanode-0/data-0/containers/hdds/168be1a3-dcaf-40a9-aa5d-bf8b77a61b73/DS-8440ed0c-5fd6-49ec-8079-baaad9370e06/container.db, /home/runner/work/ozone/ozone/hadoop-ozone/integration-test/target/test-dir/MiniOzoneClusterImpl-168be1a3-dcaf-40a9-aa5d-bf8b77a61b73/datanode-2/data-0/containers/hdds/168be1a3-dcaf-40a9-aa5d-bf8b77a61b73/DS-e2589b24-5687-45a3-a86f-99c8aae2d04e/container.db, /home/runner/work/ozone/ozone/hadoop-ozone/integration-test/target/test-dir/MiniOzoneClusterImpl-168be1a3-dcaf-40a9-aa5d-bf8b77a61b73/datanode-3/data-0/containers/hdds/168be1a3-dcaf-40a9-aa5d-bf8b77a61b73/DS-4860fbaa-682d-4af8-8ef4-bdbbb91d6d9d/container.db]
2023-08-25 11:34:39,695 [ForkJoinPool.commonPool-worker-0] INFO  utils.BackgroundService (BackgroundService.java:shutdown(141)) - Shutting down service StaleRecoveringContainerScrubbingService
2023-08-25 11:34:39,696 [main] INFO  utils.DatanodeStoreCache (DatanodeStoreCache.java:removeDB(104)) - Removed db /home/runner/work/ozone/ozone/hadoop-ozone/integration-test/target/test-dir/MiniOzoneClusterImpl-168be1a3-dcaf-40a9-aa5d-bf8b77a61b73/datanode-2/data-0/containers/hdds/168be1a3-dcaf-40a9-aa5d-bf8b77a61b73/DS-e2589b24-5687-45a3-a86f-99c8aae2d04e/container.db from cache
2023-08-25 11:34:39,696 [main] INFO  volume.HddsVolume (HddsVolume.java:closeDbStore(453)) - SchemaV3 db is stopped at /home/runner/work/ozone/ozone/hadoop-ozone/integration-test/target/test-dir/MiniOzoneClusterImpl-168be1a3-dcaf-40a9-aa5d-bf8b77a61b73/datanode-2/data-0/containers/hdds/168be1a3-dcaf-40a9-aa5d-bf8b77a61b73/DS-e2589b24-5687-45a3-a86f-99c8aae2d04e/container.db for volume DS-e2589b24-5687-45a3-a86f-99c8aae2d04e
2023-08-25 11:34:39,696 [main] INFO  utils.BackgroundService (BackgroundService.java:shutdown(141)) - Shutting down service BlockDeletingService
2023-08-25 11:34:39,701 [ForkJoinPool.commonPool-worker-0] INFO  statemachine.DatanodeStateMachine (DatanodeStateMachine.java:stopDaemon(620)) - Ozone container server stopped.
2023-08-25 11:34:39,703 [ForkJoinPool.commonPool-worker-1] INFO  utils.DatanodeStoreCache (DatanodeStoreCache.java:removeDB(104)) - Removed db /home/runner/work/ozone/ozone/hadoop-ozone/integration-test/target/test-dir/MiniOzoneClusterImpl-168be1a3-dcaf-40a9-aa5d-bf8b77a61b73/datanode-0/data-0/containers/hdds/168be1a3-dcaf-40a9-aa5d-bf8b77a61b73/DS-8440ed0c-5fd6-49ec-8079-baaad9370e06/container.db from cache
2023-08-25 11:34:39,703 [ForkJoinPool.commonPool-worker-1] INFO  volume.HddsVolume (HddsVolume.java:closeDbStore(453)) - SchemaV3 db is stopped at /home/runner/work/ozone/ozone/hadoop-ozone/integration-test/target/test-dir/MiniOzoneClusterImpl-168be1a3-dcaf-40a9-aa5d-bf8b77a61b73/datanode-0/data-0/containers/hdds/168be1a3-dcaf-40a9-aa5d-bf8b77a61b73/DS-8440ed0c-5fd6-49ec-8079-baaad9370e06/container.db for volume DS-8440ed0c-5fd6-49ec-8079-baaad9370e06
2023-08-25 11:34:39,706 [main] INFO  utils.BackgroundService (BackgroundService.java:shutdown(141)) - Shutting down service StaleRecoveringContainerScrubbingService
2023-08-25 11:34:39,706 [ForkJoinPool.commonPool-worker-1] INFO  utils.BackgroundService (BackgroundService.java:shutdown(141)) - Shutting down service BlockDeletingService
2023-08-25 11:34:39,707 [ForkJoinPool.commonPool-worker-1] INFO  utils.BackgroundService (BackgroundService.java:shutdown(141)) - Shutting down service StaleRecoveringContainerScrubbingService
2023-08-25 11:34:39,707 [main] INFO  statemachine.DatanodeStateMachine (DatanodeStateMachine.java:stopDaemon(620)) - Ozone container server stopped.
2023-08-25 11:34:39,712 [ForkJoinPool.commonPool-worker-1] INFO  statemachine.DatanodeStateMachine (DatanodeStateMachine.java:stopDaemon(620)) - Ozone container server stopped.
2023-08-25 11:34:39,723 [ForkJoinPool.commonPool-worker-0] INFO  handler.ContextHandler (ContextHandler.java:doStop(1159)) - Stopped o.e.j.w.WebAppContext@6a964c56{hddsDatanode,/,null,STOPPED}{jar:file:/home/runner/.m2/repository/org/apache/ozone/hdds-container-service/1.4.0-SNAPSHOT/hdds-container-service-1.4.0-SNAPSHOT.jar!/webapps/hddsDatanode}
2023-08-25 11:34:39,724 [ForkJoinPool.commonPool-worker-0] INFO  server.AbstractConnector (AbstractConnector.java:doStop(383)) - Stopped ServerConnector@4e5ac0b4{HTTP/1.1, (http/1.1)}{0.0.0.0:15018}
2023-08-25 11:34:39,724 [ForkJoinPool.commonPool-worker-0] INFO  server.session (HouseKeeper.java:stopScavenging(149)) - node0 Stopped scavenging
2023-08-25 11:34:39,726 [ForkJoinPool.commonPool-worker-0] INFO  handler.ContextHandler (ContextHandler.java:doStop(1159)) - Stopped o.e.j.s.ServletContextHandler@2c9d03ee{static,/static,jar:file:/home/runner/.m2/repository/org/apache/ozone/hdds-container-service/1.4.0-SNAPSHOT/hdds-container-service-1.4.0-SNAPSHOT.jar!/webapps/static,STOPPED}
2023-08-25 11:34:39,728 [ForkJoinPool.commonPool-worker-0] INFO  handler.ContextHandler (ContextHandler.java:doStop(1159)) - Stopped o.e.j.s.ServletContextHandler@4dd7d611{logs,/logs,file:///home/runner/work/ozone/ozone/hadoop-ozone/integration-test/target/log,STOPPED}
2023-08-25 11:34:39,732 [ForkJoinPool.commonPool-worker-0] INFO  ozone.HddsDatanodeClientProtocolServer (HddsDatanodeClientProtocolServer.java:stop(78)) - Stopping the RPC server for Client Protocol
2023-08-25 11:34:39,734 [ForkJoinPool.commonPool-worker-0] INFO  ipc.Server (Server.java:stop(3523)) - Stopping server on 15019
2023-08-25 11:34:39,735 [IPC Server Responder] INFO  ipc.Server (Server.java:run(1567)) - Stopping IPC Server Responder
2023-08-25 11:34:39,736 [IPC Server listener on 15019] INFO  ipc.Server (Server.java:run(1434)) - Stopping IPC Server listener on 15019
2023-08-25 11:34:39,741 [ForkJoinPool.commonPool-worker-3] INFO  utils.DatanodeStoreCache (DatanodeStoreCache.java:shutdownCache(110)) - Skip clearing cache in mini cluster mode. Entries left: [/home/runner/work/ozone/ozone/hadoop-ozone/integration-test/target/test-dir/MiniOzoneClusterImpl-168be1a3-dcaf-40a9-aa5d-bf8b77a61b73/datanode-3/data-0/containers/hdds/168be1a3-dcaf-40a9-aa5d-bf8b77a61b73/DS-4860fbaa-682d-4af8-8ef4-bdbbb91d6d9d/container.db]
2023-08-25 11:34:39,743 [ForkJoinPool.commonPool-worker-3] INFO  utils.DatanodeStoreCache (DatanodeStoreCache.java:removeDB(104)) - Removed db /home/runner/work/ozone/ozone/hadoop-ozone/integration-test/target/test-dir/MiniOzoneClusterImpl-168be1a3-dcaf-40a9-aa5d-bf8b77a61b73/datanode-3/data-0/containers/hdds/168be1a3-dcaf-40a9-aa5d-bf8b77a61b73/DS-4860fbaa-682d-4af8-8ef4-bdbbb91d6d9d/container.db from cache
2023-08-25 11:34:39,743 [ForkJoinPool.commonPool-worker-3] INFO  volume.HddsVolume (HddsVolume.java:closeDbStore(453)) - SchemaV3 db is stopped at /home/runner/work/ozone/ozone/hadoop-ozone/integration-test/target/test-dir/MiniOzoneClusterImpl-168be1a3-dcaf-40a9-aa5d-bf8b77a61b73/datanode-3/data-0/containers/hdds/168be1a3-dcaf-40a9-aa5d-bf8b77a61b73/DS-4860fbaa-682d-4af8-8ef4-bdbbb91d6d9d/container.db for volume DS-4860fbaa-682d-4af8-8ef4-bdbbb91d6d9d
2023-08-25 11:34:39,744 [ForkJoinPool.commonPool-worker-3] INFO  utils.BackgroundService (BackgroundService.java:shutdown(141)) - Shutting down service BlockDeletingService
2023-08-25 11:34:39,745 [ForkJoinPool.commonPool-worker-3] INFO  utils.BackgroundService (BackgroundService.java:shutdown(141)) - Shutting down service StaleRecoveringContainerScrubbingService
2023-08-25 11:34:39,745 [ForkJoinPool.commonPool-worker-1] INFO  handler.ContextHandler (ContextHandler.java:doStop(1159)) - Stopped o.e.j.w.WebAppContext@310332b3{hddsDatanode,/,null,STOPPED}{jar:file:/home/runner/.m2/repository/org/apache/ozone/hdds-container-service/1.4.0-SNAPSHOT/hdds-container-service-1.4.0-SNAPSHOT.jar!/webapps/hddsDatanode}
2023-08-25 11:34:39,746 [ForkJoinPool.commonPool-worker-3] INFO  statemachine.DatanodeStateMachine (DatanodeStateMachine.java:stopDaemon(620)) - Ozone container server stopped.
2023-08-25 11:34:39,746 [ForkJoinPool.commonPool-worker-1] INFO  server.AbstractConnector (AbstractConnector.java:doStop(383)) - Stopped ServerConnector@1ebfb7b6{HTTP/1.1, (http/1.1)}{0.0.0.0:15009}
2023-08-25 11:34:39,748 [ForkJoinPool.commonPool-worker-1] INFO  server.session (HouseKeeper.java:stopScavenging(149)) - node0 Stopped scavenging
2023-08-25 11:34:39,749 [ForkJoinPool.commonPool-worker-1] INFO  handler.ContextHandler (ContextHandler.java:doStop(1159)) - Stopped o.e.j.s.ServletContextHandler@33e159a5{static,/static,jar:file:/home/runner/.m2/repository/org/apache/ozone/hdds-container-service/1.4.0-SNAPSHOT/hdds-container-service-1.4.0-SNAPSHOT.jar!/webapps/static,STOPPED}
2023-08-25 11:34:39,750 [ForkJoinPool.commonPool-worker-1] INFO  handler.ContextHandler (ContextHandler.java:doStop(1159)) - Stopped o.e.j.s.ServletContextHandler@43187052{logs,/logs,file:///home/runner/work/ozone/ozone/hadoop-ozone/integration-test/target/log,STOPPED}
2023-08-25 11:34:39,751 [ForkJoinPool.commonPool-worker-1] INFO  ozone.HddsDatanodeClientProtocolServer (HddsDatanodeClientProtocolServer.java:stop(78)) - Stopping the RPC server for Client Protocol
2023-08-25 11:34:39,752 [ForkJoinPool.commonPool-worker-1] INFO  ipc.Server (Server.java:stop(3523)) - Stopping server on 15010
2023-08-25 11:34:39,754 [IPC Server listener on 15010] INFO  ipc.Server (Server.java:run(1434)) - Stopping IPC Server listener on 15010
2023-08-25 11:34:39,754 [IPC Server Responder] INFO  ipc.Server (Server.java:run(1567)) - Stopping IPC Server Responder
2023-08-25 11:34:39,758 [main] INFO  handler.ContextHandler (ContextHandler.java:doStop(1159)) - Stopped o.e.j.w.WebAppContext@74b0f057{hddsDatanode,/,null,STOPPED}{jar:file:/home/runner/.m2/repository/org/apache/ozone/hdds-container-service/1.4.0-SNAPSHOT/hdds-container-service-1.4.0-SNAPSHOT.jar!/webapps/hddsDatanode}
2023-08-25 11:34:39,759 [main] INFO  server.AbstractConnector (AbstractConnector.java:doStop(383)) - Stopped ServerConnector@73fbe2ce{HTTP/1.1, (http/1.1)}{0.0.0.0:15027}
2023-08-25 11:34:39,760 [main] INFO  server.session (HouseKeeper.java:stopScavenging(149)) - node0 Stopped scavenging
2023-08-25 11:34:39,761 [main] INFO  handler.ContextHandler (ContextHandler.java:doStop(1159)) - Stopped o.e.j.s.ServletContextHandler@28ff7c5c{static,/static,jar:file:/home/runner/.m2/repository/org/apache/ozone/hdds-container-service/1.4.0-SNAPSHOT/hdds-container-service-1.4.0-SNAPSHOT.jar!/webapps/static,STOPPED}
2023-08-25 11:34:39,761 [main] INFO  handler.ContextHandler (ContextHandler.java:doStop(1159)) - Stopped o.e.j.s.ServletContextHandler@104474b0{logs,/logs,file:///home/runner/work/ozone/ozone/hadoop-ozone/integration-test/target/log,STOPPED}
2023-08-25 11:34:39,765 [main] INFO  ozone.HddsDatanodeClientProtocolServer (HddsDatanodeClientProtocolServer.java:stop(78)) - Stopping the RPC server for Client Protocol
2023-08-25 11:34:39,765 [main] INFO  ipc.Server (Server.java:stop(3523)) - Stopping server on 15028
2023-08-25 11:34:39,766 [IPC Server listener on 15028] INFO  ipc.Server (Server.java:run(1434)) - Stopping IPC Server listener on 15028
2023-08-25 11:34:39,767 [IPC Server Responder] INFO  ipc.Server (Server.java:run(1567)) - Stopping IPC Server Responder
2023-08-25 11:34:39,773 [ForkJoinPool.commonPool-worker-3] INFO  handler.ContextHandler (ContextHandler.java:doStop(1159)) - Stopped o.e.j.w.WebAppContext@503c1b50{hddsDatanode,/,null,STOPPED}{jar:file:/home/runner/.m2/repository/org/apache/ozone/hdds-container-service/1.4.0-SNAPSHOT/hdds-container-service-1.4.0-SNAPSHOT.jar!/webapps/hddsDatanode}
2023-08-25 11:34:39,774 [ForkJoinPool.commonPool-worker-3] INFO  server.AbstractConnector (AbstractConnector.java:doStop(383)) - Stopped ServerConnector@508b3f96{HTTP/1.1, (http/1.1)}{0.0.0.0:15036}
2023-08-25 11:34:39,774 [ForkJoinPool.commonPool-worker-3] INFO  server.session (HouseKeeper.java:stopScavenging(149)) - node0 Stopped scavenging
2023-08-25 11:34:39,775 [ForkJoinPool.commonPool-worker-3] INFO  handler.ContextHandler (ContextHandler.java:doStop(1159)) - Stopped o.e.j.s.ServletContextHandler@79955687{static,/static,jar:file:/home/runner/.m2/repository/org/apache/ozone/hdds-container-service/1.4.0-SNAPSHOT/hdds-container-service-1.4.0-SNAPSHOT.jar!/webapps/static,STOPPED}
2023-08-25 11:34:39,775 [ForkJoinPool.commonPool-worker-3] INFO  handler.ContextHandler (ContextHandler.java:doStop(1159)) - Stopped o.e.j.s.ServletContextHandler@7df809e5{logs,/logs,file:///home/runner/work/ozone/ozone/hadoop-ozone/integration-test/target/log,STOPPED}
2023-08-25 11:34:39,776 [ForkJoinPool.commonPool-worker-3] INFO  ozone.HddsDatanodeClientProtocolServer (HddsDatanodeClientProtocolServer.java:stop(78)) - Stopping the RPC server for Client Protocol
2023-08-25 11:34:39,777 [ForkJoinPool.commonPool-worker-3] INFO  ipc.Server (Server.java:stop(3523)) - Stopping server on 15037
2023-08-25 11:34:39,777 [IPC Server listener on 15037] INFO  ipc.Server (Server.java:run(1434)) - Stopping IPC Server listener on 15037
2023-08-25 11:34:39,777 [IPC Server Responder] INFO  ipc.Server (Server.java:run(1567)) - Stopping IPC Server Responder
2023-08-25 11:34:39,779 [main] INFO  ozone.MiniOzoneClusterImpl (MiniOzoneClusterImpl.java:stopSCM(543)) - Stopping the StorageContainerManager
2023-08-25 11:34:39,780 [main] INFO  server.StorageContainerManager (StorageContainerManager.java:stop(1591)) - Container Balancer is not running.
2023-08-25 11:34:39,780 [main] INFO  server.StorageContainerManager (StorageContainerManager.java:stopReplicationManager(1724)) - Stopping Replication Manager Service.
2023-08-25 11:34:39,780 [main] INFO  replication.ReplicationManager (ReplicationManager.java:stop(323)) - Stopping Replication Monitor Thread.
2023-08-25 11:34:39,780 [main] INFO  server.StorageContainerManager (StorageContainerManager.java:stop(1600)) - Stopping the Datanode Admin Monitor.
2023-08-25 11:34:39,780 [Over Replicated Processor] WARN  replication.UnhealthyReplicationProcessor (UnhealthyReplicationProcessor.java:run(180)) - Over Replicated Processor interrupted. Exiting...
2023-08-25 11:34:39,781 [main] INFO  server.StorageContainerManager (StorageContainerManager.java:stop(1607)) - Stopping datanode service RPC server
2023-08-25 11:34:39,781 [main] INFO  server.SCMDatanodeProtocolServer (SCMDatanodeProtocolServer.java:stop(424)) - Stopping the RPC server for DataNodes
2023-08-25 11:34:39,781 [main] INFO  ipc.Server (Server.java:stop(3523)) - Stopping server on 15002
2023-08-25 11:34:39,781 [ReplicationMonitor] INFO  replication.ReplicationManager (ReplicationManager.java:run(921)) - Replication Monitor Thread is stopped
2023-08-25 11:34:39,781 [Under Replicated Processor] WARN  replication.UnhealthyReplicationProcessor (UnhealthyReplicationProcessor.java:run(180)) - Under Replicated Processor interrupted. Exiting...
2023-08-25 11:34:39,784 [IPC Server listener on 15002] INFO  ipc.Server (Server.java:run(1434)) - Stopping IPC Server listener on 15002
2023-08-25 11:34:39,784 [IPC Server Responder] INFO  ipc.Server (Server.java:run(1567)) - Stopping IPC Server Responder
2023-08-25 11:34:39,854 [SCM Heartbeat Processing Thread - 0] WARN  node.NodeStateManager (NodeStateManager.java:scheduleNextHealthCheck(874)) - Current Thread is interrupted, shutting down HB processing thread for Node Manager.
2023-08-25 11:34:39,855 [main] INFO  server.StorageContainerManager (StorageContainerManager.java:stop(1615)) - Stopping block service RPC server
2023-08-25 11:34:39,855 [main] INFO  server.SCMBlockProtocolServer (SCMBlockProtocolServer.java:stop(161)) - Stopping the RPC server for Block Protocol
2023-08-25 11:34:39,855 [main] INFO  ipc.Server (Server.java:stop(3523)) - Stopping server on 15001
2023-08-25 11:34:39,857 [IPC Server Responder] INFO  ipc.Server (Server.java:run(1567)) - Stopping IPC Server Responder
2023-08-25 11:34:39,857 [IPC Server listener on 15001] INFO  ipc.Server (Server.java:run(1434)) - Stopping IPC Server listener on 15001
2023-08-25 11:34:39,859 [main] INFO  server.StorageContainerManager (StorageContainerManager.java:stop(1622)) - Stopping the StorageContainerLocationProtocol RPC server
2023-08-25 11:34:39,859 [main] INFO  server.SCMClientProtocolServer (SCMClientProtocolServer.java:stop(210)) - Stopping the RPC server for Client Protocol
2023-08-25 11:34:39,860 [main] INFO  ipc.Server (Server.java:stop(3523)) - Stopping server on 15000
2023-08-25 11:34:39,864 [IPC Server listener on 15000] INFO  ipc.Server (Server.java:run(1434)) - Stopping IPC Server listener on 15000
2023-08-25 11:34:39,865 [IPC Server Responder] INFO  ipc.Server (Server.java:run(1567)) - Stopping IPC Server Responder
2023-08-25 11:34:39,865 [main] INFO  server.StorageContainerManager (StorageContainerManager.java:stop(1629)) - Stopping Storage Container Manager HTTP server.
2023-08-25 11:34:39,866 [main] INFO  handler.ContextHandler (ContextHandler.java:doStop(1159)) - Stopped o.e.j.w.WebAppContext@219c10c2{scm,/,null,STOPPED}{file:/home/runner/work/ozone/ozone/hadoop-ozone/integration-test/target/test-classes/webapps/scm}
2023-08-25 11:34:39,867 [main] INFO  server.AbstractConnector (AbstractConnector.java:doStop(383)) - Stopped ServerConnector@744c16fb{HTTP/1.1, (http/1.1)}{0.0.0.0:15003}
2023-08-25 11:34:39,867 [main] INFO  server.session (HouseKeeper.java:stopScavenging(149)) - node0 Stopped scavenging
2023-08-25 11:34:39,869 [main] INFO  handler.ContextHandler (ContextHandler.java:doStop(1159)) - Stopped o.e.j.s.ServletContextHandler@175c4ae5{static,/static,file:///home/runner/work/ozone/ozone/hadoop-ozone/integration-test/target/test-classes/webapps/static,STOPPED}
2023-08-25 11:34:39,870 [main] INFO  handler.ContextHandler (ContextHandler.java:doStop(1159)) - Stopped o.e.j.s.ServletContextHandler@67263db7{logs,/logs,file:///home/runner/work/ozone/ozone/hadoop-ozone/integration-test/target/log,STOPPED}
2023-08-25 11:34:39,870 [main] INFO  server.StorageContainerManager (StorageContainerManager.java:stop(1637)) - Stopping SCM LayoutVersionManager Service.
2023-08-25 11:34:39,871 [main] INFO  server.StorageContainerManager (StorageContainerManager.java:stop(1649)) - Stopping Block Manager Service.
2023-08-25 11:34:39,871 [main] INFO  utils.BackgroundService (BackgroundService.java:shutdown(141)) - Shutting down service SCMBlockDeletingService
2023-08-25 11:34:39,871 [main] INFO  utils.BackgroundService (BackgroundService.java:shutdown(141)) - Shutting down service SCMBlockDeletingService
2023-08-25 11:34:39,872 [main] INFO  server.StorageContainerManager (StorageContainerManager.java:stop(1669)) - Stopping SCM Event Queue.
2023-08-25 11:34:39,875 [JvmPauseMonitor0] INFO  util.JvmPauseMonitor (JvmPauseMonitor.java:run(109)) - JvmPauseMonitor-5e063070-8ab6-4624-892f-d04e662d3851: Stopped
2023-08-25 11:34:39,876 [main] INFO  server.StorageContainerManager (StorageContainerManager.java:stop(1680)) - Stopping SCM HA services.
2023-08-25 11:34:39,876 [main] INFO  pipeline.BackgroundPipelineCreator (BackgroundPipelineCreator.java:stop(149)) - Stopping RatisPipelineUtilsThread.
2023-08-25 11:34:39,876 [RatisPipelineUtilsThread - 0] WARN  pipeline.BackgroundPipelineCreator (BackgroundPipelineCreator.java:run(180)) - RatisPipelineUtilsThread is interrupted.
2023-08-25 11:34:39,876 [main] INFO  BackgroundPipelineScrubber (BackgroundSCMService.java:stop(131)) - Stopping BackgroundPipelineScrubber Service.
2023-08-25 11:34:39,876 [BackgroundPipelineScrubberThread] WARN  BackgroundPipelineScrubber (BackgroundSCMService.java:run(115)) - BackgroundPipelineScrubber is interrupted, exit
2023-08-25 11:34:39,878 [main] INFO  impl.MetricsSystemImpl (MetricsSystemImpl.java:stop(210)) - Stopping XceiverClientMetrics metrics system...
2023-08-25 11:34:39,879 [prometheus] INFO  impl.MetricsSinkAdapter (MetricsSinkAdapter.java:publishMetricsFromQueue(141)) - prometheus thread interrupted.
2023-08-25 11:34:39,880 [main] INFO  impl.MetricsSystemImpl (MetricsSystemImpl.java:stop(216)) - XceiverClientMetrics metrics system stopped.
2023-08-25 11:34:39,880 [main] WARN  pipeline.BackgroundPipelineCreator (BackgroundPipelineCreator.java:stop(145)) - RatisPipelineUtilsThread is not running, just ignore.
2023-08-25 11:34:39,880 [main] INFO  BackgroundPipelineScrubber (BackgroundSCMService.java:stop(126)) - BackgroundPipelineScrubber Service is not running, skip stop.
2023-08-25 11:34:39,880 [ExpiredContainerReplicaOpScrubberThread] WARN  ExpiredContainerReplicaOpScrubber (BackgroundSCMService.java:run(115)) - ExpiredContainerReplicaOpScrubber is interrupted, exit
2023-08-25 11:34:39,881 [main] INFO  ExpiredContainerReplicaOpScrubber (BackgroundSCMService.java:stop(131)) - Stopping ExpiredContainerReplicaOpScrubber Service.
2023-08-25 11:34:39,881 [main] INFO  utils.BackgroundService (BackgroundService.java:shutdown(141)) - Shutting down service SCMBlockDeletingService
2023-08-25 11:34:39,882 [main] INFO  replication.ReplicationManager (ReplicationManager.java:stop(333)) - Replication Monitor Thread is not running.
2023-08-25 11:34:39,882 [main] WARN  balancer.ContainerBalancer (ContainerBalancer.java:stop(326)) - Cannot stop Container Balancer because it's not running or stopping
2023-08-25 11:34:39,882 [main] INFO  server.StorageContainerManager (StorageContainerManager.java:stop(1715)) - Stopping SCM MetadataStore.
2023-08-25 11:34:39,994 [main] WARN  server.ServerUtils (ServerUtils.java:getScmDbDir(155)) - ozone.scm.db.dirs is not configured. We recommend adding this setting. Falling back to ozone.metadata.dirs instead.
2023-08-25 11:34:39,999 [main] WARN  server.ServerUtils (ServerUtils.java:getScmDbDir(155)) - ozone.scm.db.dirs is not configured. We recommend adding this setting. Falling back to ozone.metadata.dirs instead.
2023-08-25 11:34:40,000 [main] INFO  ha.SCMHANodeDetails (SCMHANodeDetails.java:loadSCMHAConfig(210)) - ServiceID for StorageContainerManager is null
2023-08-25 11:34:40,003 [main] INFO  ha.SCMHANodeDetails (SCMHANodeDetails.java:loadSCMHAConfig(215)) - ozone.scm.default.service.id is not defined, falling back to ozone.scm.service.ids to find serviceID for StorageContainerManager if it is HA enabled cluster
2023-08-25 11:34:40,004 [main] WARN  utils.HAUtils (HAUtils.java:getMetaDir(339)) - ozone.scm.db.dirs is not configured. We recommend adding this setting. Falling back to ozone.metadata.dirs instead.
2023-08-25 11:34:40,004 [main] WARN  db.DBStoreBuilder (DBStoreBuilder.java:applyDBDefinition(166)) - ozone.scm.db.dirs is not configured. We recommend adding this setting. Falling back to ozone.metadata.dirs instead.
2023-08-25 11:34:40,163 [main] INFO  net.NodeSchemaLoader (NodeSchemaLoader.java:loadSchemaFromFile(129)) - Loading schema from [jar:file:/home/runner/.m2/repository/org/apache/ozone/hdds-common/1.4.0-SNAPSHOT/hdds-common-1.4.0-SNAPSHOT.jar!/network-topology-default.xml]
2023-08-25 11:34:40,163 [main] INFO  net.NodeSchemaLoader (NodeSchemaLoader.java:loadSchema(176)) - Loading network topology layer schema file
2023-08-25 11:34:40,166 [main] INFO  upgrade.AbstractLayoutVersionManager (AbstractLayoutVersionManager.java:init(83)) - Initializing Layout version manager with metadata layout = HADOOP_PRC_PORTS_IN_DATANODEDETAILS (version = 7), software layout = HADOOP_PRC_PORTS_IN_DATANODEDETAILS (version = 7)
2023-08-25 11:34:40,168 [main] INFO  ha.SequenceIdGenerator (SequenceIdGenerator.java:upgradeToSequenceId(365)) - upgrade localId to 111677748019200000
2023-08-25 11:34:40,170 [main] INFO  ha.SequenceIdGenerator (SequenceIdGenerator.java:upgradeToSequenceId(375)) - upgrade delTxnId to 0
2023-08-25 11:34:40,171 [main] INFO  ha.SequenceIdGenerator (SequenceIdGenerator.java:upgradeToSequenceId(392)) - upgrade containerId to 0
2023-08-25 11:34:40,172 [main] INFO  ha.SequenceIdGenerator (SequenceIdGenerator.java:upgradeToSequenceId(428)) - upgrade rootCertificateId to 1
2023-08-25 11:34:40,172 [main] INFO  ha.SequenceIdGenerator (SequenceIdGenerator.java:<init>(236)) - Init the HA SequenceIdGenerator.
2023-08-25 11:34:40,173 [main] WARN  server.ServerUtils (ServerUtils.java:sanitizeUserArgs(80)) - ozone.scm.stale.node.interval value = 300000 is larger than max = 100000 based on the key value of ozone.scm.heartbeat.thread.interval, reset to the max value 100000.
2023-08-25 11:34:40,173 [main] WARN  server.ServerUtils (ServerUtils.java:sanitizeUserArgs(80)) - ozone.scm.stale.node.interval value = 300000 is larger than max = 100000 based on the key value of ozone.scm.heartbeat.thread.interval, reset to the max value 100000.
2023-08-25 11:34:40,173 [main] INFO  node.SCMNodeManager (SCMNodeManager.java:<init>(157)) - Entering startup safe mode.
2023-08-25 11:34:40,174 [main] INFO  algorithms.ContainerPlacementPolicyFactory (ContainerPlacementPolicyFactory.java:getPolicyInternal(86)) - Create container placement policy of type org.apache.hadoop.hdds.scm.container.placement.algorithms.SCMContainerPlacementRackAware
2023-08-25 11:34:40,174 [main] INFO  algorithms.ContainerPlacementPolicyFactory (ContainerPlacementPolicyFactory.java:getPolicyInternal(86)) - Create container placement policy of type org.apache.hadoop.hdds.scm.container.placement.algorithms.SCMContainerPlacementRackScatter
2023-08-25 11:34:40,175 [main] INFO  pipeline.PipelineStateManagerImpl (PipelineStateManagerImpl.java:initialize(78)) - No pipeline exists in current db
2023-08-25 11:34:40,175 [main] INFO  algorithms.LeaderChoosePolicyFactory (LeaderChoosePolicyFactory.java:getPolicy(57)) - Create leader choose policy of type org.apache.hadoop.hdds.scm.pipeline.leader.choose.algorithms.MinLeaderCountChoosePolicy
2023-08-25 11:34:40,175 [main] INFO  algorithms.ContainerPlacementPolicyFactory (ContainerPlacementPolicyFactory.java:getPolicyInternal(86)) - Create container placement policy of type org.apache.hadoop.hdds.scm.container.placement.algorithms.SCMContainerPlacementRackScatter
2023-08-25 11:34:40,175 [main] INFO  ha.SCMServiceManager (SCMServiceManager.java:register(42)) - Registering service BackgroundPipelineCreator.
2023-08-25 11:34:40,176 [main] INFO  pipeline.BackgroundPipelineCreator (BackgroundPipelineCreator.java:start(124)) - Starting RatisPipelineUtilsThread.
2023-08-25 11:34:40,177 [main] INFO  BackgroundPipelineScrubber (BackgroundSCMService.java:start(68)) - Starting BackgroundPipelineScrubber Service.
2023-08-25 11:34:40,181 [main] INFO  ha.SCMServiceManager (SCMServiceManager.java:register(42)) - Registering service BackgroundPipelineScrubber.
2023-08-25 11:34:40,181 [main] INFO  ExpiredContainerReplicaOpScrubber (BackgroundSCMService.java:start(68)) - Starting ExpiredContainerReplicaOpScrubber Service.
2023-08-25 11:34:40,182 [main] INFO  ha.SCMServiceManager (SCMServiceManager.java:register(42)) - Registering service ExpiredContainerReplicaOpScrubber.
2023-08-25 11:34:40,183 [main] INFO  algorithms.PipelineChoosePolicyFactory (PipelineChoosePolicyFactory.java:createPipelineChoosePolicyFromClass(78)) - Create pipeline choose policy of type org.apache.hadoop.hdds.scm.pipeline.choose.algorithms.RandomPipelineChoosePolicy
2023-08-25 11:34:40,183 [main] INFO  algorithms.PipelineChoosePolicyFactory (PipelineChoosePolicyFactory.java:createPipelineChoosePolicyFromClass(78)) - Create pipeline choose policy of type org.apache.hadoop.hdds.scm.pipeline.choose.algorithms.RandomPipelineChoosePolicy
2023-08-25 11:34:40,183 [main] INFO  ha.SCMServiceManager (SCMServiceManager.java:register(42)) - Registering service SCMBlockDeletingService.
2023-08-25 11:34:40,184 [main] INFO  replication.ReplicationManager (ReplicationManager.java:start(291)) - Starting Replication Monitor Thread.
2023-08-25 11:34:40,185 [main] INFO  ha.SCMServiceManager (SCMServiceManager.java:register(42)) - Registering service ReplicationManager.
2023-08-25 11:34:40,185 [main] INFO  safemode.ContainerSafeModeRule (ContainerSafeModeRule.java:<init>(90)) - containers with one replica threshold count 0
2023-08-25 11:34:40,186 [main] INFO  safemode.HealthyPipelineSafeModeRule (HealthyPipelineSafeModeRule.java:initializeRule(169)) - Total pipeline count is 0, healthy pipeline threshold count is 1
2023-08-25 11:34:40,186 [main] INFO  safemode.OneReplicaPipelineSafeModeRule (OneReplicaPipelineSafeModeRule.java:initializeRule(180)) - Total pipeline count is 0, pipeline's with at least one datanode reported threshold count is 0
2023-08-25 11:34:40,187 [main] INFO  server.StorageContainerManager (StorageContainerManager.java:<init>(425)) - SCM start with adminUsers: [runner]
2023-08-25 11:34:40,187 [main] INFO  ipc.CallQueueManager (CallQueueManager.java:<init>(90)) - Using callQueue: class java.util.concurrent.LinkedBlockingQueue, queueCapacity: 2000, scheduler: class org.apache.hadoop.ipc.DefaultRpcScheduler, ipcBackoff: false.
2023-08-25 11:34:40,187 [main] INFO  ipc.Server (Server.java:<init>(1287)) - Listener at 0.0.0.0:15055
2023-08-25 11:34:40,188 [Socket Reader #1 for port 15055] INFO  ipc.Server (Server.java:run(1323)) - Starting Socket Reader #1 for port 15055
2023-08-25 11:34:40,198 [main] INFO  ipc.CallQueueManager (CallQueueManager.java:<init>(90)) - Using callQueue: class java.util.concurrent.LinkedBlockingQueue, queueCapacity: 2000, scheduler: class org.apache.hadoop.ipc.DefaultRpcScheduler, ipcBackoff: false.
2023-08-25 11:34:40,198 [main] INFO  ipc.Server (Server.java:<init>(1287)) - Listener at 0.0.0.0:15054
2023-08-25 11:34:40,205 [Socket Reader #1 for port 15054] INFO  ipc.Server (Server.java:run(1323)) - Starting Socket Reader #1 for port 15054
2023-08-25 11:34:40,210 [main] INFO  ipc.CallQueueManager (CallQueueManager.java:<init>(90)) - Using callQueue: class java.util.concurrent.LinkedBlockingQueue, queueCapacity: 2000, scheduler: class org.apache.hadoop.ipc.DefaultRpcScheduler, ipcBackoff: false.
2023-08-25 11:34:40,210 [main] INFO  ipc.Server (Server.java:<init>(1287)) - Listener at 0.0.0.0:15053
2023-08-25 11:34:40,213 [Socket Reader #1 for port 15053] INFO  ipc.Server (Server.java:run(1323)) - Starting Socket Reader #1 for port 15053
2023-08-25 11:34:40,228 [ReplicationMonitor] INFO  replication.ReplicationManager (ReplicationManager.java:processAll(365)) - Replication Manager is not ready to run until 3000ms after safemode exit
2023-08-25 11:34:40,231 [main] INFO  ha.SCMServiceManager (SCMServiceManager.java:register(42)) - Registering service ContainerBalancer.
2023-08-25 11:34:40,231 [main] INFO  server.StorageContainerManager (StorageContainerManager.java:<init>(438)) - 
Container Balancer status:
Key                            Value
Running                        false
Container Balancer Configuration values:
Key                                                Value
Threshold                                          10
Max Datanodes to Involve per Iteration(percent)    20
Max Size to Move per Iteration                     500GB
Max Size Entering Target per Iteration             26GB
Max Size Leaving Source per Iteration              26GB

2023-08-25 11:34:40,231 [main] INFO  ha.SCMContext (SCMContext.java:updateSafeModeStatus(228)) - Update SafeModeStatus from SafeModeStatus{safeModeStatus=true, preCheckPassed=false} to SafeModeStatus{safeModeStatus=true, preCheckPassed=false}.
2023-08-25 11:34:40,232 [main] INFO  server.StorageContainerManager (StorageContainerManager.java:start(1483)) - StorageContainerLocationProtocol RPC server is listening at /0.0.0.0:15053
2023-08-25 11:34:40,239 [main] WARN  impl.MetricsConfig (MetricsConfig.java:loadFirst(136)) - Cannot locate configuration: tried hadoop-metrics2-storagecontainermanager.properties,hadoop-metrics2.properties
2023-08-25 11:34:40,243 [main] INFO  impl.MetricsSystemImpl (MetricsSystemImpl.java:startTimer(378)) - Scheduled Metric snapshot period at 10 second(s).
2023-08-25 11:34:40,244 [main] INFO  impl.MetricsSystemImpl (MetricsSystemImpl.java:start(191)) - StorageContainerManager metrics system started
2023-08-25 11:34:40,284 [main] INFO  impl.MetricsSinkAdapter (MetricsSinkAdapter.java:start(204)) - Sink prometheus started
2023-08-25 11:34:40,285 [main] INFO  impl.MetricsSystemImpl (MetricsSystemImpl.java:registerSink(305)) - Registered sink prometheus
2023-08-25 11:34:40,303 [main] INFO  server.SCMClientProtocolServer (SCMClientProtocolServer.java:start(201)) - RPC server for Client  is listening at /0.0.0.0:15053
2023-08-25 11:34:40,305 [IPC Server Responder] INFO  ipc.Server (Server.java:run(1562)) - IPC Server Responder: starting
2023-08-25 11:34:40,337 [main] INFO  server.StorageContainerManager (StorageContainerManager.java:start(1496)) - ScmBlockLocationProtocol RPC server is listening at /0.0.0.0:15054
2023-08-25 11:34:40,337 [main] INFO  server.SCMBlockProtocolServer (SCMBlockProtocolServer.java:start(152)) - RPC server for Block Protocol is listening at /0.0.0.0:15054
2023-08-25 11:34:40,338 [IPC Server Responder] INFO  ipc.Server (Server.java:run(1562)) - IPC Server Responder: starting
2023-08-25 11:34:40,338 [IPC Server listener on 15054] INFO  ipc.Server (Server.java:run(1402)) - IPC Server listener on 15054: starting
2023-08-25 11:34:40,342 [main] INFO  server.SCMDatanodeProtocolServer (SCMDatanodeProtocolServer.java:start(193)) - ScmDatanodeProtocol RPC server for DataNodes is listening at /0.0.0.0:15055
2023-08-25 11:34:40,342 [IPC Server Responder] INFO  ipc.Server (Server.java:run(1562)) - IPC Server Responder: starting
2023-08-25 11:34:40,342 [IPC Server listener on 15055] INFO  ipc.Server (Server.java:run(1402)) - IPC Server listener on 15055: starting
2023-08-25 11:34:40,361 [IPC Server listener on 15053] INFO  ipc.Server (Server.java:run(1402)) - IPC Server listener on 15053: starting
2023-08-25 11:34:40,374 [main] INFO  http.BaseHttpServer (BaseHttpServer.java:newHttpServer2BuilderForOzone(224)) - Starting Web-server for scm at: http://0.0.0.0:15056
2023-08-25 11:34:40,374 [main] INFO  http.BaseHttpServer (BaseHttpServer.java:<init>(111)) - Hadoop Security Enabled: false Ozone Security Enabled: false Ozone HTTP Security Enabled: false 
2023-08-25 11:34:40,378 [JvmPauseMonitor7] INFO  util.JvmPauseMonitor (JvmPauseMonitor.java:run(103)) - JvmPauseMonitor-5bc38bfd-c239-4999-b08b-7d0fc76977be: Started
2023-08-25 11:34:40,380 [main] WARN  server.AuthenticationFilter (AuthenticationFilter.java:constructSecretProvider(240)) - Unable to initialize FileSignerSecretProvider, falling back to use random secrets. Reason: Could not read signature secret file: /home/runner/hadoop-http-auth-signature-secret
2023-08-25 11:34:40,381 [main] INFO  http.HttpRequestLog (HttpRequestLog.java:getRequestLog(86)) - Http request log for http.requests.scm is not defined
2023-08-25 11:34:40,383 [main] INFO  http.HttpServer2 (HttpServer2.java:addGlobalFilter(1031)) - Added global filter 'safety' (class=org.apache.hadoop.hdds.server.http.HttpServer2$QuotingInputFilter)
2023-08-25 11:34:40,384 [main] INFO  http.HttpServer2 (HttpServer2.java:addFilter(1007)) - Added filter static_user_filter (class=org.apache.hadoop.http.lib.StaticUserWebFilter$StaticUserFilter) to context scm
2023-08-25 11:34:40,384 [main] INFO  http.HttpServer2 (HttpServer2.java:addFilter(1015)) - Added filter static_user_filter (class=org.apache.hadoop.http.lib.StaticUserWebFilter$StaticUserFilter) to context static
2023-08-25 11:34:40,384 [main] INFO  http.HttpServer2 (HttpServer2.java:addFilter(1015)) - Added filter static_user_filter (class=org.apache.hadoop.http.lib.StaticUserWebFilter$StaticUserFilter) to context logs
2023-08-25 11:34:40,385 [main] INFO  http.BaseHttpServer (BaseHttpServer.java:<init>(190)) - HTTP server of scm uses base directory /home/runner/work/ozone/ozone/hadoop-ozone/integration-test/target/test-dir/MiniOzoneClusterImpl-36fc3352-0e59-45fd-a08b-0e99224ecb60/ozone-meta/webserver
2023-08-25 11:34:40,385 [main] INFO  http.HttpServer2 (HttpServer2.java:bindListener(1250)) - Jetty bound to port 15056
2023-08-25 11:34:40,386 [main] INFO  server.Server (Server.java:doStart(375)) - jetty-9.4.51.v20230217; built: 2023-02-17T08:19:37.309Z; git: b45c405e4544384de066f814ed42ae3dceacdd49; jvm 1.8.0_382-b05
2023-08-25 11:34:40,400 [main] INFO  server.session (DefaultSessionIdManager.java:doStart(334)) - DefaultSessionIdManager workerName=node0
2023-08-25 11:34:40,400 [main] INFO  server.session (DefaultSessionIdManager.java:doStart(339)) - No SessionScavenger set, using defaults
2023-08-25 11:34:40,400 [main] INFO  server.session (HouseKeeper.java:startScavenging(132)) - node0 Scavenging every 660000ms
2023-08-25 11:34:40,403 [main] INFO  handler.ContextHandler (ContextHandler.java:doStart(921)) - Started o.e.j.s.ServletContextHandler@1310272e{logs,/logs,file:///home/runner/work/ozone/ozone/hadoop-ozone/integration-test/target/log,AVAILABLE}
2023-08-25 11:34:40,404 [main] INFO  handler.ContextHandler (ContextHandler.java:doStart(921)) - Started o.e.j.s.ServletContextHandler@35b68b7a{static,/static,file:///home/runner/work/ozone/ozone/hadoop-ozone/integration-test/target/test-classes/webapps/static,AVAILABLE}
2023-08-25 11:34:40,416 [main] INFO  handler.ContextHandler (ContextHandler.java:doStart(921)) - Started o.e.j.w.WebAppContext@47875773{scm,/,file:///home/runner/work/ozone/ozone/hadoop-ozone/integration-test/target/test-classes/webapps/scm/,AVAILABLE}{file:/home/runner/work/ozone/ozone/hadoop-ozone/integration-test/target/test-classes/webapps/scm}
2023-08-25 11:34:40,418 [main] INFO  server.AbstractConnector (AbstractConnector.java:doStart(333)) - Started ServerConnector@38330aa{HTTP/1.1, (http/1.1)}{0.0.0.0:15056}
2023-08-25 11:34:40,418 [main] INFO  server.Server (Server.java:doStart(415)) - Started @130747ms
2023-08-25 11:34:40,418 [main] WARN  impl.MetricsSystemImpl (MetricsSystemImpl.java:register(279)) - Sink prometheus already exists!
2023-08-25 11:34:40,419 [main] INFO  http.BaseHttpServer (BaseHttpServer.java:updateConnectorAddress(344)) - HTTP server of scm listening at http://0.0.0.0:15056
2023-08-25 11:34:40,419 [main] WARN  server.ServerUtils (ServerUtils.java:getDBPath(311)) - ozone.om.db.dirs is not configured. We recommend adding this setting. Falling back to ozone.metadata.dirs instead.
2023-08-25 11:34:40,422 [main] INFO  ha.OMHANodeDetails (OMHANodeDetails.java:loadOMHAConfig(115)) - ozone.om.internal.service.id is not defined, falling back to ozone.om.service.ids to find serviceID for OzoneManager if it is HA enabled cluster
2023-08-25 11:34:40,423 [main] INFO  ha.OMHANodeDetails (OMHANodeDetails.java:loadOMHAConfig(226)) - Configuration does not have ozone.om.address set. Falling back to the default OM address /127.0.0.1:15057
2023-08-25 11:34:40,423 [main] INFO  ha.OMHANodeDetails (OMHANodeDetails.java:getOMNodeDetailsForNonHA(254)) - OM Service ID is not set. Setting it to the default ID: omServiceIdDefault
2023-08-25 11:34:40,423 [main] INFO  ha.OMHANodeDetails (OMHANodeDetails.java:getOMNodeDetailsForNonHA(261)) - OM Node ID is not set. Setting it to the default ID: om1
2023-08-25 11:34:40,423 [main] WARN  server.ServerUtils (ServerUtils.java:getDBPath(311)) - ozone.om.db.dirs is not configured. We recommend adding this setting. Falling back to ozone.metadata.dirs instead.
2023-08-25 11:34:40,427 [main] INFO  upgrade.AbstractLayoutVersionManager (AbstractLayoutVersionManager.java:init(83)) - Initializing Layout version manager with metadata layout = QUOTA (version = 6), software layout = QUOTA (version = 6)
2023-08-25 11:34:40,531 [main] INFO  reflections.Reflections (Reflections.java:scan(232)) - Reflections took 103 ms to scan 2 urls, producing 188 keys and 512 values [using 2 cores]
2023-08-25 11:34:40,532 [main] INFO  upgrade.OMLayoutVersionManager (OMLayoutVersionManager.java:lambda$0(115)) - Skipping Upgrade Action QuotaRepairUpgradeAction since it has been finalized.
2023-08-25 11:34:40,532 [main] INFO  upgrade.OMLayoutVersionManager (OMLayoutVersionManager.java:lambda$0(115)) - Skipping Upgrade Action MockOmUpgradeAction since it has been finalized.
2023-08-25 11:34:40,532 [main] WARN  server.ServerUtils (ServerUtils.java:getDBPath(311)) - ozone.om.db.dirs is not configured. We recommend adding this setting. Falling back to ozone.metadata.dirs instead.
2023-08-25 11:34:40,533 [main] INFO  proxy.SCMBlockLocationFailoverProxyProvider (SCMBlockLocationFailoverProxyProvider.java:<init>(114)) - Created block location fail-over proxy with 1 nodes: [nodeId=scmNodeId,nodeAddress=/0.0.0.0:15054]
2023-08-25 11:34:40,535 [main] INFO  proxy.SCMBlockLocationFailoverProxyProvider (SCMBlockLocationFailoverProxyProvider.java:<init>(114)) - Created block location fail-over proxy with 1 nodes: [nodeId=scmNodeId,nodeAddress=/0.0.0.0:15054]
2023-08-25 11:34:40,545 [main] INFO  om.OzoneManager (OzoneManager.java:<init>(662)) - OM start with adminUsers: [runner]
2023-08-25 11:34:40,546 [main] WARN  server.ServerUtils (ServerUtils.java:getDBPath(311)) - ozone.om.db.dirs is not configured. We recommend adding this setting. Falling back to ozone.metadata.dirs instead.
2023-08-25 11:34:40,548 [main] INFO  helpers.OmKeyInfo (OmKeyInfo.java:getCodec(71)) - OmKeyInfo.getCodec ignorePipeline = true
2023-08-25 11:34:40,845 [main] INFO  om.OzoneManager (OzoneManager.java:instantiateServices(791)) - S3 Multi-Tenancy is disabled
2023-08-25 11:34:40,846 [main] INFO  om.OmSnapshotManager (OmSnapshotManager.java:<init>(175)) - Ozone filesystem snapshot feature is enabled.
2023-08-25 11:34:40,846 [main] WARN  server.ServerUtils (ServerUtils.java:getDBPath(311)) - ozone.om.snapshot.diff.db.dir is not configured. We recommend adding this setting. Falling back to ozone.metadata.dirs instead.
2023-08-25 11:34:40,883 [main] INFO  snapshot.SnapshotDiffManager (SnapshotDiffManager.java:closeExecutorService(1720)) - Shutting down executorService: 'SstDumpToolExecutor'
2023-08-25 11:34:40,885 [main] INFO  om.OzoneManager (OzoneManager.java:addS3GVolumeToDB(4284)) - Created Volume s3v With Owner runner required for S3Gateway operations.
2023-08-25 11:34:40,885 [main] INFO  om.OzoneManager (OzoneManager.java:getRpcServer(1193)) - Creating RPC Server
2023-08-25 11:34:41,722 [main] INFO  reflections.Reflections (Reflections.java:scan(232)) - Reflections took 835 ms to scan 19 urls, producing 70 keys and 5661 values [using 2 cores]
2023-08-25 11:34:41,726 [main] INFO  ipc.CallQueueManager (CallQueueManager.java:<init>(90)) - Using callQueue: class java.util.concurrent.LinkedBlockingQueue, queueCapacity: 2000, scheduler: class org.apache.hadoop.ipc.DefaultRpcScheduler, ipcBackoff: false.
2023-08-25 11:34:41,726 [main] INFO  ipc.Server (Server.java:<init>(1287)) - Listener at 127.0.0.1:15057
2023-08-25 11:34:41,727 [Socket Reader #1 for port 15057] INFO  ipc.Server (Server.java:run(1323)) - Starting Socket Reader #1 for port 15057
2023-08-25 11:34:41,753 [main] INFO  impl.MetricsSystemImpl (MetricsSystemImpl.java:init(158)) - OzoneManager metrics system started (again)
2023-08-25 11:34:41,766 [main] INFO  om.OzoneManager (OzoneManager.java:start(1613)) - OzoneManager RPC server is listening at localhost/127.0.0.1:15057
2023-08-25 11:34:41,766 [main] INFO  om.OzoneManager (OzoneManager.java:start(1629)) - Version File has different layout version (6) than OM DB (null). That is expected if this OM has never been finalized to a newer layout version.
2023-08-25 11:34:41,778 [main] INFO  http.BaseHttpServer (BaseHttpServer.java:newHttpServer2BuilderForOzone(224)) - Starting Web-server for ozoneManager at: http://0.0.0.0:15058
2023-08-25 11:34:41,778 [main] INFO  http.BaseHttpServer (BaseHttpServer.java:<init>(111)) - Hadoop Security Enabled: false Ozone Security Enabled: false Ozone HTTP Security Enabled: false 
2023-08-25 11:34:41,785 [main] WARN  server.AuthenticationFilter (AuthenticationFilter.java:constructSecretProvider(240)) - Unable to initialize FileSignerSecretProvider, falling back to use random secrets. Reason: Could not read signature secret file: /home/runner/hadoop-http-auth-signature-secret
2023-08-25 11:34:41,786 [main] INFO  http.HttpRequestLog (HttpRequestLog.java:getRequestLog(86)) - Http request log for http.requests.ozoneManager is not defined
2023-08-25 11:34:41,789 [main] INFO  http.HttpServer2 (HttpServer2.java:addGlobalFilter(1031)) - Added global filter 'safety' (class=org.apache.hadoop.hdds.server.http.HttpServer2$QuotingInputFilter)
2023-08-25 11:34:41,790 [main] INFO  http.HttpServer2 (HttpServer2.java:addFilter(1007)) - Added filter static_user_filter (class=org.apache.hadoop.http.lib.StaticUserWebFilter$StaticUserFilter) to context ozoneManager
2023-08-25 11:34:41,790 [main] INFO  http.HttpServer2 (HttpServer2.java:addFilter(1015)) - Added filter static_user_filter (class=org.apache.hadoop.http.lib.StaticUserWebFilter$StaticUserFilter) to context static
2023-08-25 11:34:41,790 [main] INFO  http.HttpServer2 (HttpServer2.java:addFilter(1015)) - Added filter static_user_filter (class=org.apache.hadoop.http.lib.StaticUserWebFilter$StaticUserFilter) to context logs
2023-08-25 11:34:41,792 [main] INFO  http.BaseHttpServer (BaseHttpServer.java:<init>(190)) - HTTP server of ozoneManager uses base directory /home/runner/work/ozone/ozone/hadoop-ozone/integration-test/target/test-dir/MiniOzoneClusterImpl-36fc3352-0e59-45fd-a08b-0e99224ecb60/ozone-meta/webserver
2023-08-25 11:34:41,792 [main] INFO  http.HttpServer2 (HttpServer2.java:bindListener(1250)) - Jetty bound to port 15058
2023-08-25 11:34:41,792 [main] INFO  server.Server (Server.java:doStart(375)) - jetty-9.4.51.v20230217; built: 2023-02-17T08:19:37.309Z; git: b45c405e4544384de066f814ed42ae3dceacdd49; jvm 1.8.0_382-b05
2023-08-25 11:34:41,794 [main] INFO  server.session (DefaultSessionIdManager.java:doStart(334)) - DefaultSessionIdManager workerName=node0
2023-08-25 11:34:41,795 [main] INFO  server.session (DefaultSessionIdManager.java:doStart(339)) - No SessionScavenger set, using defaults
2023-08-25 11:34:41,795 [main] INFO  server.session (HouseKeeper.java:startScavenging(132)) - node0 Scavenging every 600000ms
2023-08-25 11:34:41,797 [main] INFO  handler.ContextHandler (ContextHandler.java:doStart(921)) - Started o.e.j.s.ServletContextHandler@4add90da{logs,/logs,file:///home/runner/work/ozone/ozone/hadoop-ozone/integration-test/target/log,AVAILABLE}
2023-08-25 11:34:41,797 [main] INFO  handler.ContextHandler (ContextHandler.java:doStart(921)) - Started o.e.j.s.ServletContextHandler@fb69974{static,/static,file:///home/runner/work/ozone/ozone/hadoop-ozone/integration-test/target/test-classes/webapps/static,AVAILABLE}
2023-08-25 11:34:41,806 [main] INFO  handler.ContextHandler (ContextHandler.java:doStart(921)) - Started o.e.j.w.WebAppContext@10673631{ozoneManager,/,file:///home/runner/work/ozone/ozone/hadoop-ozone/integration-test/target/test-classes/webapps/ozoneManager/,AVAILABLE}{file:/home/runner/work/ozone/ozone/hadoop-ozone/integration-test/target/test-classes/webapps/ozoneManager}
2023-08-25 11:34:41,808 [main] INFO  server.AbstractConnector (AbstractConnector.java:doStart(333)) - Started ServerConnector@19603da0{HTTP/1.1, (http/1.1)}{0.0.0.0:15058}
2023-08-25 11:34:41,808 [main] INFO  server.Server (Server.java:doStart(415)) - Started @132137ms
2023-08-25 11:34:41,808 [main] WARN  impl.MetricsSystemImpl (MetricsSystemImpl.java:register(279)) - Sink prometheus already exists!
2023-08-25 11:34:41,809 [main] INFO  http.BaseHttpServer (BaseHttpServer.java:updateConnectorAddress(344)) - HTTP server of ozoneManager listening at http://0.0.0.0:15058
2023-08-25 11:34:41,810 [IPC Server Responder] INFO  ipc.Server (Server.java:run(1562)) - IPC Server Responder: starting
2023-08-25 11:34:41,810 [IPC Server listener on 15057] INFO  ipc.Server (Server.java:run(1402)) - IPC Server listener on 15057: starting
2023-08-25 11:34:41,814 [main] INFO  om.TrashPolicyOzone (TrashPolicyOzone.java:<init>(277)) - Ozone Manager trash configuration: Deletion interval = 0 minutes, Emptier interval = 0 minutes.
2023-08-25 11:34:41,828 [JvmPauseMonitor8] INFO  util.JvmPauseMonitor (JvmPauseMonitor.java:run(103)) - JvmPauseMonitor-af434b9b-9868-4f0b-a99c-400bbb018126: Started
2023-08-25 11:34:41,853 [main] INFO  impl.MetricsSystemImpl (MetricsSystemImpl.java:init(158)) - HddsDatanode metrics system started (again)
2023-08-25 11:34:41,872 [main] INFO  ozone.HddsDatanodeService (HddsDatanodeService.java:start(237)) - HddsDatanodeService host:fv-az508-118.q1hezrx03woe3mvmfegnvhq0ah.dx.internal.cloudapp.net ip:10.1.0.52
2023-08-25 11:34:41,916 [main] INFO  upgrade.AbstractLayoutVersionManager (AbstractLayoutVersionManager.java:init(83)) - Initializing Layout version manager with metadata layout = HADOOP_PRC_PORTS_IN_DATANODEDETAILS (version = 7), software layout = HADOOP_PRC_PORTS_IN_DATANODEDETAILS (version = 7)
2023-08-25 11:34:41,917 [main] INFO  statemachine.DatanodeStateMachine (DatanodeStateMachine.java:getEndPointTaskThreadPoolSize(282)) - Datanode State Machine Task Thread Pool size 2
2023-08-25 11:34:41,919 [main] INFO  volume.HddsVolume (HddsVolume.java:<init>(126)) - Creating HddsVolume: /home/runner/work/ozone/ozone/hadoop-ozone/integration-test/target/test-dir/MiniOzoneClusterImpl-36fc3352-0e59-45fd-a08b-0e99224ecb60/datanode-0/data-0/containers/hdds of storage type : DISK capacity : 9223372036854775807
2023-08-25 11:34:41,919 [main] INFO  volume.MutableVolumeSet (MutableVolumeSet.java:initializeVolumeSet(173)) - Added Volume : /home/runner/work/ozone/ozone/hadoop-ozone/integration-test/target/test-dir/MiniOzoneClusterImpl-36fc3352-0e59-45fd-a08b-0e99224ecb60/datanode-0/data-0/containers/hdds to VolumeSet
2023-08-25 11:34:41,926 [main] INFO  volume.MutableVolumeSet (MutableVolumeSet.java:initializeVolumeSet(173)) - Added Volume : /home/runner/work/ozone/ozone/hadoop-ozone/integration-test/target/test-dir/MiniOzoneClusterImpl-36fc3352-0e59-45fd-a08b-0e99224ecb60/datanode-0/data/ratis to VolumeSet
2023-08-25 11:34:41,929 [Thread-792] INFO  ozoneimpl.ContainerReader (ContainerReader.java:readVolume(177)) - Finish verifying containers on volume /home/runner/work/ozone/ozone/hadoop-ozone/integration-test/target/test-dir/MiniOzoneClusterImpl-36fc3352-0e59-45fd-a08b-0e99224ecb60/datanode-0/data-0/containers/hdds
2023-08-25 11:34:41,930 [main] INFO  ozoneimpl.OzoneContainer (OzoneContainer.java:buildContainerSet(314)) - Build ContainerSet costs 0s
2023-08-25 11:34:41,935 [main] INFO  server.RaftServer (ConfUtils.java:logGet(46)) - raft.rpc.type = GRPC (default)
2023-08-25 11:34:41,935 [main] INFO  grpc.GrpcConfigKeys (ConfUtils.java:logFallback(53)) - raft.grpc.admin.host = null (fallback to raft.grpc.server.host)
2023-08-25 11:34:41,936 [main] INFO  grpc.GrpcConfigKeys (ConfUtils.java:logGet(46)) - raft.grpc.admin.port = 15066 (custom)
2023-08-25 11:34:41,936 [main] INFO  grpc.GrpcConfigKeys (ConfUtils.java:logFallback(53)) - raft.grpc.client.host = null (fallback to raft.grpc.server.host)
2023-08-25 11:34:41,936 [main] INFO  grpc.GrpcConfigKeys (ConfUtils.java:logGet(46)) - raft.grpc.client.port = 15065 (custom)
2023-08-25 11:34:41,936 [main] INFO  grpc.GrpcConfigKeys (ConfUtils.java:logGet(46)) - raft.grpc.server.host = null (default)
2023-08-25 11:34:41,936 [main] INFO  grpc.GrpcConfigKeys (ConfUtils.java:logGet(46)) - raft.grpc.server.port = 15067 (custom)
2023-08-25 11:34:41,936 [main] INFO  server.GrpcService (ConfUtils.java:logGet(46)) - raft.grpc.message.size.max = 32MB (=33554432) (custom)
2023-08-25 11:34:41,937 [main] INFO  server.RaftServerConfigKeys (ConfUtils.java:logGet(46)) - raft.server.log.appender.buffer.byte-limit = 33554432 (custom)
2023-08-25 11:34:41,937 [main] INFO  server.GrpcService (ConfUtils.java:logGet(46)) - raft.grpc.flow.control.window = 5MB (=5242880) (custom)
2023-08-25 11:34:41,937 [main] INFO  server.RaftServerConfigKeys (ConfUtils.java:logGet(46)) - raft.server.rpc.request.timeout = 60s (custom)
2023-08-25 11:34:41,937 [main] INFO  grpc.GrpcConfigKeys (ConfUtils.java:logGet(46)) - raft.grpc.server.heartbeat.channel = true (default)
2023-08-25 11:34:41,937 [main] INFO  grpc.GrpcConfigKeys (ConfUtils.java:logGet(46)) - raft.grpc.server.async.request.thread.pool.cached = true (default)
2023-08-25 11:34:41,937 [main] INFO  grpc.GrpcConfigKeys (ConfUtils.java:logGet(46)) - raft.grpc.server.async.request.thread.pool.size = 32 (default)
2023-08-25 11:34:41,941 [main] INFO  impl.DataStreamServerImpl (ConfUtils.java:logGet(46)) - raft.datastream.type = NETTY (custom)
2023-08-25 11:34:41,941 [main] INFO  server.RaftServerConfigKeys (ConfUtils.java:logGet(46)) - raft.server.data-stream.async.request.thread.pool.cached = false (default)
2023-08-25 11:34:41,941 [main] INFO  server.RaftServerConfigKeys (ConfUtils.java:logGet(46)) - raft.server.data-stream.async.request.thread.pool.size = 20 (custom)
2023-08-25 11:34:41,942 [main] INFO  server.RaftServerConfigKeys (ConfUtils.java:logGet(46)) - raft.server.data-stream.async.write.thread.pool.size = 16 (default)
2023-08-25 11:34:41,942 [main] INFO  server.RaftServerConfigKeys (ConfUtils.java:logGet(46)) - raft.server.data-stream.client.pool.size = 10 (default)
2023-08-25 11:34:41,942 [main] INFO  netty.NettyConfigKeys$DataStream (ConfUtils.java:logGet(46)) - raft.netty.dataStream.server.use-epoll = false (default)
2023-08-25 11:34:41,942 [main] INFO  netty.NettyConfigKeys$DataStream (ConfUtils.java:logGet(46)) - raft.netty.dataStream.server.boss-group.size = 0 (default)
2023-08-25 11:34:41,943 [main] INFO  netty.NettyConfigKeys$DataStream (ConfUtils.java:logGet(46)) - raft.netty.dataStream.server.worker-group.size = 0 (default)
2023-08-25 11:34:41,943 [main] INFO  netty.NettyConfigKeys$DataStream (ConfUtils.java:logGet(46)) - raft.netty.dataStream.server.tls.conf = null (default)
2023-08-25 11:34:41,943 [main] INFO  netty.NettyConfigKeys$DataStream (ConfUtils.java:logGet(46)) - raft.netty.dataStream.host = null (default)
2023-08-25 11:34:41,943 [main] INFO  netty.NettyConfigKeys$DataStream (ConfUtils.java:logGet(46)) - raft.netty.dataStream.port = 15068 (custom)
2023-08-25 11:34:41,944 [main] INFO  server.RaftServerConfigKeys (ConfUtils.java:logGet(46)) - raft.server.threadpool.proxy.cached = true (default)
2023-08-25 11:34:41,944 [main] INFO  server.RaftServerConfigKeys (ConfUtils.java:logGet(46)) - raft.server.threadpool.proxy.size = 0 (default)
2023-08-25 11:34:41,944 [main] INFO  server.RaftServerConfigKeys (ConfUtils.java:logGet(46)) - raft.server.rpc.slowness.timeout = 300s (custom)
2023-08-25 11:34:41,944 [16866294-0bab-4ae5-8da9-294ec4800f35-NettyServerStreamRpc-bossGroup--thread1] INFO  logging.LoggingHandler (AbstractInternalLogger.java:log(148)) - [id: 0xc76ab31d] REGISTERED
2023-08-25 11:34:41,945 [main] INFO  server.RaftServerConfigKeys (ConfUtils.java:logGet(46)) - raft.server.leaderelection.leader.step-down.wait-time = 10s (default)
2023-08-25 11:34:41,945 [16866294-0bab-4ae5-8da9-294ec4800f35-NettyServerStreamRpc-bossGroup--thread1] INFO  logging.LoggingHandler (AbstractInternalLogger.java:log(148)) - [id: 0xc76ab31d] BIND: 0.0.0.0/0.0.0.0:15068
2023-08-25 11:34:41,945 [main] INFO  server.RaftServerConfigKeys (ConfUtils.java:logGet(46)) - raft.server.storage.dir = [/home/runner/work/ozone/ozone/hadoop-ozone/integration-test/target/test-dir/MiniOzoneClusterImpl-36fc3352-0e59-45fd-a08b-0e99224ecb60/datanode-0/data/ratis] (custom)
2023-08-25 11:34:41,945 [16866294-0bab-4ae5-8da9-294ec4800f35-NettyServerStreamRpc-bossGroup--thread1] INFO  logging.LoggingHandler (AbstractInternalLogger.java:log(148)) - [id: 0xc76ab31d, L:/0:0:0:0:0:0:0:0:15068] ACTIVE
2023-08-25 11:34:41,946 [16866294-0bab-4ae5-8da9-294ec4800f35-impl-thread1] INFO  server.RaftServer (RaftServerProxy.java:initGroupDir(258)) - 16866294-0bab-4ae5-8da9-294ec4800f35: found a subdirectory /home/runner/work/ozone/ozone/hadoop-ozone/integration-test/target/test-dir/MiniOzoneClusterImpl-36fc3352-0e59-45fd-a08b-0e99224ecb60/datanode-0/data/ratis/tmp
2023-08-25 11:34:41,946 [16866294-0bab-4ae5-8da9-294ec4800f35-impl-thread1] INFO  server.RaftServer (RaftServerProxy.java:initGroupDir(263)) - 16866294-0bab-4ae5-8da9-294ec4800f35: The directory /home/runner/work/ozone/ozone/hadoop-ozone/integration-test/target/test-dir/MiniOzoneClusterImpl-36fc3352-0e59-45fd-a08b-0e99224ecb60/datanode-0/data/ratis/tmp is not a group directory; ignoring it. 
2023-08-25 11:34:41,946 [main] INFO  replication.ReplicationServer (ReplicationServer.java:<init>(81)) - Initializing replication server with thread count = 10
2023-08-25 11:34:41,947 [main] INFO  server.XceiverServerGrpc (XceiverServerGrpc.java:<init>(132)) - GrpcServer channel type EpollServerSocketChannel
2023-08-25 11:34:41,954 [main] INFO  replication.ReplicationSupervisor (ReplicationSupervisor.java:build(155)) - Initializing replication supervisor with thread count = 10
2023-08-25 11:34:41,954 [main] INFO  replication.ReplicationSupervisor (ReplicationSupervisor.java:nodeStateUpdated(307)) - Node state updated to IN_SERVICE, scaling executor pool size to 10
2023-08-25 11:34:41,960 [main] INFO  http.BaseHttpServer (BaseHttpServer.java:newHttpServer2BuilderForOzone(224)) - Starting Web-server for hddsDatanode at: http://0.0.0.0:15062
2023-08-25 11:34:41,960 [main] INFO  http.BaseHttpServer (BaseHttpServer.java:<init>(111)) - Hadoop Security Enabled: false Ozone Security Enabled: false Ozone HTTP Security Enabled: false 
2023-08-25 11:34:41,962 [main] WARN  server.AuthenticationFilter (AuthenticationFilter.java:constructSecretProvider(240)) - Unable to initialize FileSignerSecretProvider, falling back to use random secrets. Reason: Could not read signature secret file: /home/runner/hadoop-http-auth-signature-secret
2023-08-25 11:34:41,963 [main] INFO  http.HttpRequestLog (HttpRequestLog.java:getRequestLog(86)) - Http request log for http.requests.hddsDatanode is not defined
2023-08-25 11:34:41,966 [main] INFO  http.HttpServer2 (HttpServer2.java:addGlobalFilter(1031)) - Added global filter 'safety' (class=org.apache.hadoop.hdds.server.http.HttpServer2$QuotingInputFilter)
2023-08-25 11:34:41,966 [main] INFO  http.HttpServer2 (HttpServer2.java:addFilter(1007)) - Added filter static_user_filter (class=org.apache.hadoop.http.lib.StaticUserWebFilter$StaticUserFilter) to context hddsDatanode
2023-08-25 11:34:41,967 [main] INFO  http.HttpServer2 (HttpServer2.java:addFilter(1015)) - Added filter static_user_filter (class=org.apache.hadoop.http.lib.StaticUserWebFilter$StaticUserFilter) to context static
2023-08-25 11:34:41,967 [main] INFO  http.HttpServer2 (HttpServer2.java:addFilter(1015)) - Added filter static_user_filter (class=org.apache.hadoop.http.lib.StaticUserWebFilter$StaticUserFilter) to context logs
2023-08-25 11:34:41,967 [main] INFO  http.BaseHttpServer (BaseHttpServer.java:<init>(190)) - HTTP server of hddsDatanode uses base directory /home/runner/work/ozone/ozone/hadoop-ozone/integration-test/target/test-dir/MiniOzoneClusterImpl-36fc3352-0e59-45fd-a08b-0e99224ecb60/datanode-0/meta/webserver
2023-08-25 11:34:41,968 [main] INFO  http.HttpServer2 (HttpServer2.java:bindListener(1250)) - Jetty bound to port 15062
2023-08-25 11:34:41,968 [main] INFO  server.Server (Server.java:doStart(375)) - jetty-9.4.51.v20230217; built: 2023-02-17T08:19:37.309Z; git: b45c405e4544384de066f814ed42ae3dceacdd49; jvm 1.8.0_382-b05
2023-08-25 11:34:41,970 [main] INFO  server.session (DefaultSessionIdManager.java:doStart(334)) - DefaultSessionIdManager workerName=node0
2023-08-25 11:34:41,970 [main] INFO  server.session (DefaultSessionIdManager.java:doStart(339)) - No SessionScavenger set, using defaults
2023-08-25 11:34:41,970 [main] INFO  server.session (HouseKeeper.java:startScavenging(132)) - node0 Scavenging every 660000ms
2023-08-25 11:34:41,971 [main] INFO  handler.ContextHandler (ContextHandler.java:doStart(921)) - Started o.e.j.s.ServletContextHandler@495daa0{logs,/logs,file:///home/runner/work/ozone/ozone/hadoop-ozone/integration-test/target/log,AVAILABLE}
2023-08-25 11:34:41,972 [main] INFO  handler.ContextHandler (ContextHandler.java:doStart(921)) - Started o.e.j.s.ServletContextHandler@48e0f331{static,/static,jar:file:/home/runner/.m2/repository/org/apache/ozone/hdds-container-service/1.4.0-SNAPSHOT/hdds-container-service-1.4.0-SNAPSHOT.jar!/webapps/static,AVAILABLE}
2023-08-25 11:34:42,236 [main] INFO  handler.ContextHandler (ContextHandler.java:doStart(921)) - Started o.e.j.w.WebAppContext@530b9505{hddsDatanode,/,file:///home/runner/work/ozone/ozone/hadoop-ozone/integration-test/target/test-dir/MiniOzoneClusterImpl-36fc3352-0e59-45fd-a08b-0e99224ecb60/datanode-0/meta/webserver/jetty-0_0_0_0-15062-hdds-container-service-1_4_0-SNAPSHOT_jar-_-any-8585469681587988060/webapp/,AVAILABLE}{jar:file:/home/runner/.m2/repository/org/apache/ozone/hdds-container-service/1.4.0-SNAPSHOT/hdds-container-service-1.4.0-SNAPSHOT.jar!/webapps/hddsDatanode}
2023-08-25 11:34:42,238 [main] INFO  server.AbstractConnector (AbstractConnector.java:doStart(333)) - Started ServerConnector@7c571f9a{HTTP/1.1, (http/1.1)}{0.0.0.0:15062}
2023-08-25 11:34:42,238 [main] INFO  server.Server (Server.java:doStart(415)) - Started @132567ms
2023-08-25 11:34:42,238 [main] WARN  impl.MetricsSystemImpl (MetricsSystemImpl.java:register(279)) - Sink prometheus already exists!
2023-08-25 11:34:42,239 [main] INFO  http.BaseHttpServer (BaseHttpServer.java:updateConnectorAddress(344)) - HTTP server of hddsDatanode listening at http://0.0.0.0:15062
2023-08-25 11:34:42,240 [main] INFO  ipc.CallQueueManager (CallQueueManager.java:<init>(90)) - Using callQueue: class java.util.concurrent.LinkedBlockingQueue, queueCapacity: 100, scheduler: class org.apache.hadoop.ipc.DefaultRpcScheduler, ipcBackoff: false.
2023-08-25 11:34:42,240 [main] INFO  ipc.Server (Server.java:<init>(1287)) - Listener at 0.0.0.0:15063
2023-08-25 11:34:42,240 [Socket Reader #1 for port 15063] INFO  ipc.Server (Server.java:run(1323)) - Starting Socket Reader #1 for port 15063
2023-08-25 11:34:42,244 [main] INFO  ozone.HddsDatanodeService (HddsDatanodeService.java:start(315)) - Datanode start with admins: [runner]
2023-08-25 11:34:42,244 [main] INFO  ozone.HddsDatanodeClientProtocolServer (HddsDatanodeClientProtocolServer.java:start(72)) - RPC server for Client /0.0.0.0:15063
2023-08-25 11:34:42,244 [IPC Server Responder] INFO  ipc.Server (Server.java:run(1562)) - IPC Server Responder: starting
2023-08-25 11:34:42,245 [Datanode State Machine Daemon Thread] INFO  statemachine.DatanodeStateMachine (DatanodeStateMachine.java:lambda$startDaemon$0(538)) - Ozone container server started.
2023-08-25 11:34:42,245 [main] WARN  impl.MetricRegistriesImpl (MetricRegistriesImpl.java:addReporterRegistration(111)) - New reporters are added after registries were created. Some metrics will be missing from the reporter. Please add reporter before adding any new registry.
2023-08-25 11:34:42,245 [main] WARN  impl.MetricRegistriesImpl (MetricRegistriesImpl.java:addReporterRegistration(111)) - New reporters are added after registries were created. Some metrics will be missing from the reporter. Please add reporter before adding any new registry.
2023-08-25 11:34:42,245 [main] INFO  impl.MetricsSystemImpl (MetricsSystemImpl.java:init(158)) - HddsDatanode metrics system started (again)
2023-08-25 11:34:42,251 [IPC Server listener on 15063] INFO  ipc.Server (Server.java:run(1402)) - IPC Server listener on 15063: starting
2023-08-25 11:34:42,282 [Datanode State Machine Task Thread - 0] INFO  datanode.InitDatanodeState (InitDatanodeState.java:persistContainerDatanodeDetails(138)) - DatanodeDetails is persisted to /home/runner/work/ozone/ozone/hadoop-ozone/integration-test/target/test-dir/MiniOzoneClusterImpl-36fc3352-0e59-45fd-a08b-0e99224ecb60/datanode-0/meta/datanode.id
2023-08-25 11:34:42,288 [main] INFO  ozone.HddsDatanodeService (HddsDatanodeService.java:start(237)) - HddsDatanodeService host:fv-az508-118.q1hezrx03woe3mvmfegnvhq0ah.dx.internal.cloudapp.net ip:10.1.0.52
2023-08-25 11:34:42,338 [main] INFO  upgrade.AbstractLayoutVersionManager (AbstractLayoutVersionManager.java:init(83)) - Initializing Layout version manager with metadata layout = HADOOP_PRC_PORTS_IN_DATANODEDETAILS (version = 7), software layout = HADOOP_PRC_PORTS_IN_DATANODEDETAILS (version = 7)
2023-08-25 11:34:42,340 [main] INFO  statemachine.DatanodeStateMachine (DatanodeStateMachine.java:getEndPointTaskThreadPoolSize(282)) - Datanode State Machine Task Thread Pool size 2
2023-08-25 11:34:42,343 [main] INFO  volume.HddsVolume (HddsVolume.java:<init>(126)) - Creating HddsVolume: /home/runner/work/ozone/ozone/hadoop-ozone/integration-test/target/test-dir/MiniOzoneClusterImpl-36fc3352-0e59-45fd-a08b-0e99224ecb60/datanode-1/data-0/containers/hdds of storage type : DISK capacity : 9223372036854775807
2023-08-25 11:34:42,344 [main] INFO  volume.MutableVolumeSet (MutableVolumeSet.java:initializeVolumeSet(173)) - Added Volume : /home/runner/work/ozone/ozone/hadoop-ozone/integration-test/target/test-dir/MiniOzoneClusterImpl-36fc3352-0e59-45fd-a08b-0e99224ecb60/datanode-1/data-0/containers/hdds to VolumeSet
2023-08-25 11:34:42,346 [main] INFO  volume.MutableVolumeSet (MutableVolumeSet.java:initializeVolumeSet(173)) - Added Volume : /home/runner/work/ozone/ozone/hadoop-ozone/integration-test/target/test-dir/MiniOzoneClusterImpl-36fc3352-0e59-45fd-a08b-0e99224ecb60/datanode-1/data/ratis to VolumeSet
2023-08-25 11:34:42,348 [Thread-809] INFO  ozoneimpl.ContainerReader (ContainerReader.java:readVolume(177)) - Finish verifying containers on volume /home/runner/work/ozone/ozone/hadoop-ozone/integration-test/target/test-dir/MiniOzoneClusterImpl-36fc3352-0e59-45fd-a08b-0e99224ecb60/datanode-1/data-0/containers/hdds
2023-08-25 11:34:42,348 [main] INFO  ozoneimpl.OzoneContainer (OzoneContainer.java:buildContainerSet(314)) - Build ContainerSet costs 0s
2023-08-25 11:34:42,359 [main] INFO  server.RaftServer (ConfUtils.java:logGet(46)) - raft.rpc.type = GRPC (default)
2023-08-25 11:34:42,360 [main] INFO  grpc.GrpcConfigKeys (ConfUtils.java:logFallback(53)) - raft.grpc.admin.host = null (fallback to raft.grpc.server.host)
2023-08-25 11:34:42,362 [main] INFO  grpc.GrpcConfigKeys (ConfUtils.java:logGet(46)) - raft.grpc.admin.port = 15075 (custom)
2023-08-25 11:34:42,362 [main] INFO  grpc.GrpcConfigKeys (ConfUtils.java:logFallback(53)) - raft.grpc.client.host = null (fallback to raft.grpc.server.host)
2023-08-25 11:34:42,362 [main] INFO  grpc.GrpcConfigKeys (ConfUtils.java:logGet(46)) - raft.grpc.client.port = 15074 (custom)
2023-08-25 11:34:42,362 [main] INFO  grpc.GrpcConfigKeys (ConfUtils.java:logGet(46)) - raft.grpc.server.host = null (default)
2023-08-25 11:34:42,362 [main] INFO  grpc.GrpcConfigKeys (ConfUtils.java:logGet(46)) - raft.grpc.server.port = 15076 (custom)
2023-08-25 11:34:42,363 [main] INFO  server.GrpcService (ConfUtils.java:logGet(46)) - raft.grpc.message.size.max = 32MB (=33554432) (custom)
2023-08-25 11:34:42,363 [main] INFO  server.RaftServerConfigKeys (ConfUtils.java:logGet(46)) - raft.server.log.appender.buffer.byte-limit = 33554432 (custom)
2023-08-25 11:34:42,363 [main] INFO  server.GrpcService (ConfUtils.java:logGet(46)) - raft.grpc.flow.control.window = 5MB (=5242880) (custom)
2023-08-25 11:34:42,363 [main] INFO  server.RaftServerConfigKeys (ConfUtils.java:logGet(46)) - raft.server.rpc.request.timeout = 60s (custom)
2023-08-25 11:34:42,363 [main] INFO  grpc.GrpcConfigKeys (ConfUtils.java:logGet(46)) - raft.grpc.server.heartbeat.channel = true (default)
2023-08-25 11:34:42,363 [main] INFO  grpc.GrpcConfigKeys (ConfUtils.java:logGet(46)) - raft.grpc.server.async.request.thread.pool.cached = true (default)
2023-08-25 11:34:42,364 [main] INFO  grpc.GrpcConfigKeys (ConfUtils.java:logGet(46)) - raft.grpc.server.async.request.thread.pool.size = 32 (default)
2023-08-25 11:34:42,370 [main] INFO  impl.DataStreamServerImpl (ConfUtils.java:logGet(46)) - raft.datastream.type = NETTY (custom)
2023-08-25 11:34:42,371 [main] INFO  server.RaftServerConfigKeys (ConfUtils.java:logGet(46)) - raft.server.data-stream.async.request.thread.pool.cached = false (default)
2023-08-25 11:34:42,371 [main] INFO  server.RaftServerConfigKeys (ConfUtils.java:logGet(46)) - raft.server.data-stream.async.request.thread.pool.size = 20 (custom)
2023-08-25 11:34:42,371 [main] INFO  server.RaftServerConfigKeys (ConfUtils.java:logGet(46)) - raft.server.data-stream.async.write.thread.pool.size = 16 (default)
2023-08-25 11:34:42,371 [main] INFO  server.RaftServerConfigKeys (ConfUtils.java:logGet(46)) - raft.server.data-stream.client.pool.size = 10 (default)
2023-08-25 11:34:42,371 [main] INFO  netty.NettyConfigKeys$DataStream (ConfUtils.java:logGet(46)) - raft.netty.dataStream.server.use-epoll = false (default)
2023-08-25 11:34:42,372 [main] INFO  netty.NettyConfigKeys$DataStream (ConfUtils.java:logGet(46)) - raft.netty.dataStream.server.boss-group.size = 0 (default)
2023-08-25 11:34:42,374 [main] INFO  netty.NettyConfigKeys$DataStream (ConfUtils.java:logGet(46)) - raft.netty.dataStream.server.worker-group.size = 0 (default)
2023-08-25 11:34:42,374 [main] INFO  netty.NettyConfigKeys$DataStream (ConfUtils.java:logGet(46)) - raft.netty.dataStream.server.tls.conf = null (default)
2023-08-25 11:34:42,375 [main] INFO  netty.NettyConfigKeys$DataStream (ConfUtils.java:logGet(46)) - raft.netty.dataStream.host = null (default)
2023-08-25 11:34:42,375 [main] INFO  netty.NettyConfigKeys$DataStream (ConfUtils.java:logGet(46)) - raft.netty.dataStream.port = 15077 (custom)
2023-08-25 11:34:42,375 [main] INFO  server.RaftServerConfigKeys (ConfUtils.java:logGet(46)) - raft.server.threadpool.proxy.cached = true (default)
2023-08-25 11:34:42,376 [main] INFO  server.RaftServerConfigKeys (ConfUtils.java:logGet(46)) - raft.server.threadpool.proxy.size = 0 (default)
2023-08-25 11:34:42,376 [6fb87cf7-6010-4447-ac68-4b216325e026-NettyServerStreamRpc-bossGroup--thread1] INFO  logging.LoggingHandler (AbstractInternalLogger.java:log(148)) - [id: 0x81bad278] REGISTERED
2023-08-25 11:34:42,376 [main] INFO  server.RaftServerConfigKeys (ConfUtils.java:logGet(46)) - raft.server.rpc.slowness.timeout = 300s (custom)
2023-08-25 11:34:42,376 [6fb87cf7-6010-4447-ac68-4b216325e026-NettyServerStreamRpc-bossGroup--thread1] INFO  logging.LoggingHandler (AbstractInternalLogger.java:log(148)) - [id: 0x81bad278] BIND: 0.0.0.0/0.0.0.0:15077
2023-08-25 11:34:42,376 [main] INFO  server.RaftServerConfigKeys (ConfUtils.java:logGet(46)) - raft.server.leaderelection.leader.step-down.wait-time = 10s (default)
2023-08-25 11:34:42,376 [6fb87cf7-6010-4447-ac68-4b216325e026-NettyServerStreamRpc-bossGroup--thread1] INFO  logging.LoggingHandler (AbstractInternalLogger.java:log(148)) - [id: 0x81bad278, L:/0:0:0:0:0:0:0:0:15077] ACTIVE
2023-08-25 11:34:42,376 [main] INFO  server.RaftServerConfigKeys (ConfUtils.java:logGet(46)) - raft.server.storage.dir = [/home/runner/work/ozone/ozone/hadoop-ozone/integration-test/target/test-dir/MiniOzoneClusterImpl-36fc3352-0e59-45fd-a08b-0e99224ecb60/datanode-1/data/ratis] (custom)
2023-08-25 11:34:42,377 [6fb87cf7-6010-4447-ac68-4b216325e026-impl-thread1] INFO  server.RaftServer (RaftServerProxy.java:initGroupDir(258)) - 6fb87cf7-6010-4447-ac68-4b216325e026: found a subdirectory /home/runner/work/ozone/ozone/hadoop-ozone/integration-test/target/test-dir/MiniOzoneClusterImpl-36fc3352-0e59-45fd-a08b-0e99224ecb60/datanode-1/data/ratis/tmp
2023-08-25 11:34:42,377 [6fb87cf7-6010-4447-ac68-4b216325e026-impl-thread1] INFO  server.RaftServer (RaftServerProxy.java:initGroupDir(263)) - 6fb87cf7-6010-4447-ac68-4b216325e026: The directory /home/runner/work/ozone/ozone/hadoop-ozone/integration-test/target/test-dir/MiniOzoneClusterImpl-36fc3352-0e59-45fd-a08b-0e99224ecb60/datanode-1/data/ratis/tmp is not a group directory; ignoring it. 
2023-08-25 11:34:42,377 [main] INFO  replication.ReplicationServer (ReplicationServer.java:<init>(81)) - Initializing replication server with thread count = 10
2023-08-25 11:34:42,379 [main] INFO  server.XceiverServerGrpc (XceiverServerGrpc.java:<init>(132)) - GrpcServer channel type EpollServerSocketChannel
2023-08-25 11:34:42,384 [main] INFO  replication.ReplicationSupervisor (ReplicationSupervisor.java:build(155)) - Initializing replication supervisor with thread count = 10
2023-08-25 11:34:42,384 [main] INFO  replication.ReplicationSupervisor (ReplicationSupervisor.java:nodeStateUpdated(307)) - Node state updated to IN_SERVICE, scaling executor pool size to 10
2023-08-25 11:34:42,389 [main] INFO  http.BaseHttpServer (BaseHttpServer.java:newHttpServer2BuilderForOzone(224)) - Starting Web-server for hddsDatanode at: http://0.0.0.0:15071
2023-08-25 11:34:42,389 [main] INFO  http.BaseHttpServer (BaseHttpServer.java:<init>(111)) - Hadoop Security Enabled: false Ozone Security Enabled: false Ozone HTTP Security Enabled: false 
2023-08-25 11:34:42,391 [main] WARN  server.AuthenticationFilter (AuthenticationFilter.java:constructSecretProvider(240)) - Unable to initialize FileSignerSecretProvider, falling back to use random secrets. Reason: Could not read signature secret file: /home/runner/hadoop-http-auth-signature-secret
2023-08-25 11:34:42,392 [main] INFO  http.HttpRequestLog (HttpRequestLog.java:getRequestLog(86)) - Http request log for http.requests.hddsDatanode is not defined
2023-08-25 11:34:42,393 [main] INFO  http.HttpServer2 (HttpServer2.java:addGlobalFilter(1031)) - Added global filter 'safety' (class=org.apache.hadoop.hdds.server.http.HttpServer2$QuotingInputFilter)
2023-08-25 11:34:42,394 [main] INFO  http.HttpServer2 (HttpServer2.java:addFilter(1007)) - Added filter static_user_filter (class=org.apache.hadoop.http.lib.StaticUserWebFilter$StaticUserFilter) to context hddsDatanode
2023-08-25 11:34:42,394 [main] INFO  http.HttpServer2 (HttpServer2.java:addFilter(1015)) - Added filter static_user_filter (class=org.apache.hadoop.http.lib.StaticUserWebFilter$StaticUserFilter) to context logs
2023-08-25 11:34:42,394 [main] INFO  http.HttpServer2 (HttpServer2.java:addFilter(1015)) - Added filter static_user_filter (class=org.apache.hadoop.http.lib.StaticUserWebFilter$StaticUserFilter) to context static
2023-08-25 11:34:42,395 [main] INFO  http.BaseHttpServer (BaseHttpServer.java:<init>(190)) - HTTP server of hddsDatanode uses base directory /home/runner/work/ozone/ozone/hadoop-ozone/integration-test/target/test-dir/MiniOzoneClusterImpl-36fc3352-0e59-45fd-a08b-0e99224ecb60/datanode-1/meta/webserver
2023-08-25 11:34:42,397 [main] INFO  http.HttpServer2 (HttpServer2.java:bindListener(1250)) - Jetty bound to port 15071
2023-08-25 11:34:42,398 [main] INFO  server.Server (Server.java:doStart(375)) - jetty-9.4.51.v20230217; built: 2023-02-17T08:19:37.309Z; git: b45c405e4544384de066f814ed42ae3dceacdd49; jvm 1.8.0_382-b05
2023-08-25 11:34:42,400 [main] INFO  server.session (DefaultSessionIdManager.java:doStart(334)) - DefaultSessionIdManager workerName=node0
2023-08-25 11:34:42,401 [main] INFO  server.session (DefaultSessionIdManager.java:doStart(339)) - No SessionScavenger set, using defaults
2023-08-25 11:34:42,401 [main] INFO  server.session (HouseKeeper.java:startScavenging(132)) - node0 Scavenging every 600000ms
2023-08-25 11:34:42,403 [main] INFO  handler.ContextHandler (ContextHandler.java:doStart(921)) - Started o.e.j.s.ServletContextHandler@70e61ecb{logs,/logs,file:///home/runner/work/ozone/ozone/hadoop-ozone/integration-test/target/log,AVAILABLE}
2023-08-25 11:34:42,404 [main] INFO  handler.ContextHandler (ContextHandler.java:doStart(921)) - Started o.e.j.s.ServletContextHandler@35be20c3{static,/static,jar:file:/home/runner/.m2/repository/org/apache/ozone/hdds-container-service/1.4.0-SNAPSHOT/hdds-container-service-1.4.0-SNAPSHOT.jar!/webapps/static,AVAILABLE}
2023-08-25 11:34:42,662 [main] INFO  handler.ContextHandler (ContextHandler.java:doStart(921)) - Started o.e.j.w.WebAppContext@6d0abe5{hddsDatanode,/,file:///home/runner/work/ozone/ozone/hadoop-ozone/integration-test/target/test-dir/MiniOzoneClusterImpl-36fc3352-0e59-45fd-a08b-0e99224ecb60/datanode-1/meta/webserver/jetty-0_0_0_0-15071-hdds-container-service-1_4_0-SNAPSHOT_jar-_-any-2707069475213317871/webapp/,AVAILABLE}{jar:file:/home/runner/.m2/repository/org/apache/ozone/hdds-container-service/1.4.0-SNAPSHOT/hdds-container-service-1.4.0-SNAPSHOT.jar!/webapps/hddsDatanode}
2023-08-25 11:34:42,674 [main] INFO  server.AbstractConnector (AbstractConnector.java:doStart(333)) - Started ServerConnector@1131a7db{HTTP/1.1, (http/1.1)}{0.0.0.0:15071}
2023-08-25 11:34:42,674 [main] INFO  server.Server (Server.java:doStart(415)) - Started @133003ms
2023-08-25 11:34:42,674 [main] WARN  impl.MetricsSystemImpl (MetricsSystemImpl.java:register(279)) - Sink prometheus already exists!
2023-08-25 11:34:42,675 [main] INFO  http.BaseHttpServer (BaseHttpServer.java:updateConnectorAddress(344)) - HTTP server of hddsDatanode listening at http://0.0.0.0:15071
2023-08-25 11:34:42,676 [main] INFO  ipc.CallQueueManager (CallQueueManager.java:<init>(90)) - Using callQueue: class java.util.concurrent.LinkedBlockingQueue, queueCapacity: 100, scheduler: class org.apache.hadoop.ipc.DefaultRpcScheduler, ipcBackoff: false.
2023-08-25 11:34:42,676 [main] INFO  ipc.Server (Server.java:<init>(1287)) - Listener at 0.0.0.0:15072
2023-08-25 11:34:42,677 [Socket Reader #1 for port 15072] INFO  ipc.Server (Server.java:run(1323)) - Starting Socket Reader #1 for port 15072
2023-08-25 11:34:42,698 [main] INFO  ozone.HddsDatanodeService (HddsDatanodeService.java:start(315)) - Datanode start with admins: [runner]
2023-08-25 11:34:42,698 [main] INFO  ozone.HddsDatanodeClientProtocolServer (HddsDatanodeClientProtocolServer.java:start(72)) - RPC server for Client /0.0.0.0:15072
2023-08-25 11:34:42,700 [IPC Server Responder] INFO  ipc.Server (Server.java:run(1562)) - IPC Server Responder: starting
2023-08-25 11:34:42,700 [IPC Server listener on 15072] INFO  ipc.Server (Server.java:run(1402)) - IPC Server listener on 15072: starting
2023-08-25 11:34:42,707 [main] WARN  impl.MetricRegistriesImpl (MetricRegistriesImpl.java:addReporterRegistration(111)) - New reporters are added after registries were created. Some metrics will be missing from the reporter. Please add reporter before adding any new registry.
2023-08-25 11:34:42,707 [main] WARN  impl.MetricRegistriesImpl (MetricRegistriesImpl.java:addReporterRegistration(111)) - New reporters are added after registries were created. Some metrics will be missing from the reporter. Please add reporter before adding any new registry.
2023-08-25 11:34:42,707 [main] INFO  impl.MetricsSystemImpl (MetricsSystemImpl.java:init(158)) - HddsDatanode metrics system started (again)
2023-08-25 11:34:42,710 [Datanode State Machine Daemon Thread] INFO  statemachine.DatanodeStateMachine (DatanodeStateMachine.java:lambda$startDaemon$0(538)) - Ozone container server started.
2023-08-25 11:34:42,726 [main] INFO  ozone.HddsDatanodeService (HddsDatanodeService.java:start(237)) - HddsDatanodeService host:fv-az508-118.q1hezrx03woe3mvmfegnvhq0ah.dx.internal.cloudapp.net ip:10.1.0.52
2023-08-25 11:34:42,736 [Datanode State Machine Task Thread - 0] INFO  datanode.InitDatanodeState (InitDatanodeState.java:persistContainerDatanodeDetails(138)) - DatanodeDetails is persisted to /home/runner/work/ozone/ozone/hadoop-ozone/integration-test/target/test-dir/MiniOzoneClusterImpl-36fc3352-0e59-45fd-a08b-0e99224ecb60/datanode-1/meta/datanode.id
2023-08-25 11:34:42,769 [main] INFO  upgrade.AbstractLayoutVersionManager (AbstractLayoutVersionManager.java:init(83)) - Initializing Layout version manager with metadata layout = HADOOP_PRC_PORTS_IN_DATANODEDETAILS (version = 7), software layout = HADOOP_PRC_PORTS_IN_DATANODEDETAILS (version = 7)
2023-08-25 11:34:42,771 [main] INFO  statemachine.DatanodeStateMachine (DatanodeStateMachine.java:getEndPointTaskThreadPoolSize(282)) - Datanode State Machine Task Thread Pool size 2
2023-08-25 11:34:42,774 [main] INFO  volume.HddsVolume (HddsVolume.java:<init>(126)) - Creating HddsVolume: /home/runner/work/ozone/ozone/hadoop-ozone/integration-test/target/test-dir/MiniOzoneClusterImpl-36fc3352-0e59-45fd-a08b-0e99224ecb60/datanode-2/data-0/containers/hdds of storage type : DISK capacity : 9223372036854775807
2023-08-25 11:34:42,774 [main] INFO  volume.MutableVolumeSet (MutableVolumeSet.java:initializeVolumeSet(173)) - Added Volume : /home/runner/work/ozone/ozone/hadoop-ozone/integration-test/target/test-dir/MiniOzoneClusterImpl-36fc3352-0e59-45fd-a08b-0e99224ecb60/datanode-2/data-0/containers/hdds to VolumeSet
2023-08-25 11:34:42,779 [main] INFO  volume.MutableVolumeSet (MutableVolumeSet.java:initializeVolumeSet(173)) - Added Volume : /home/runner/work/ozone/ozone/hadoop-ozone/integration-test/target/test-dir/MiniOzoneClusterImpl-36fc3352-0e59-45fd-a08b-0e99224ecb60/datanode-2/data/ratis to VolumeSet
2023-08-25 11:34:42,782 [Thread-826] INFO  ozoneimpl.ContainerReader (ContainerReader.java:readVolume(177)) - Finish verifying containers on volume /home/runner/work/ozone/ozone/hadoop-ozone/integration-test/target/test-dir/MiniOzoneClusterImpl-36fc3352-0e59-45fd-a08b-0e99224ecb60/datanode-2/data-0/containers/hdds
2023-08-25 11:34:42,783 [main] INFO  ozoneimpl.OzoneContainer (OzoneContainer.java:buildContainerSet(314)) - Build ContainerSet costs 0s
2023-08-25 11:34:42,792 [main] INFO  server.RaftServer (ConfUtils.java:logGet(46)) - raft.rpc.type = GRPC (default)
2023-08-25 11:34:42,792 [main] INFO  grpc.GrpcConfigKeys (ConfUtils.java:logFallback(53)) - raft.grpc.admin.host = null (fallback to raft.grpc.server.host)
2023-08-25 11:34:42,792 [main] INFO  grpc.GrpcConfigKeys (ConfUtils.java:logGet(46)) - raft.grpc.admin.port = 15084 (custom)
2023-08-25 11:34:42,792 [main] INFO  grpc.GrpcConfigKeys (ConfUtils.java:logFallback(53)) - raft.grpc.client.host = null (fallback to raft.grpc.server.host)
2023-08-25 11:34:42,793 [main] INFO  grpc.GrpcConfigKeys (ConfUtils.java:logGet(46)) - raft.grpc.client.port = 15083 (custom)
2023-08-25 11:34:42,793 [main] INFO  grpc.GrpcConfigKeys (ConfUtils.java:logGet(46)) - raft.grpc.server.host = null (default)
2023-08-25 11:34:42,793 [main] INFO  grpc.GrpcConfigKeys (ConfUtils.java:logGet(46)) - raft.grpc.server.port = 15085 (custom)
2023-08-25 11:34:42,793 [main] INFO  server.GrpcService (ConfUtils.java:logGet(46)) - raft.grpc.message.size.max = 32MB (=33554432) (custom)
2023-08-25 11:34:42,793 [main] INFO  server.RaftServerConfigKeys (ConfUtils.java:logGet(46)) - raft.server.log.appender.buffer.byte-limit = 33554432 (custom)
2023-08-25 11:34:42,793 [main] INFO  server.GrpcService (ConfUtils.java:logGet(46)) - raft.grpc.flow.control.window = 5MB (=5242880) (custom)
2023-08-25 11:34:42,793 [main] INFO  server.RaftServerConfigKeys (ConfUtils.java:logGet(46)) - raft.server.rpc.request.timeout = 60s (custom)
2023-08-25 11:34:42,794 [main] INFO  grpc.GrpcConfigKeys (ConfUtils.java:logGet(46)) - raft.grpc.server.heartbeat.channel = true (default)
2023-08-25 11:34:42,794 [main] INFO  grpc.GrpcConfigKeys (ConfUtils.java:logGet(46)) - raft.grpc.server.async.request.thread.pool.cached = true (default)
2023-08-25 11:34:42,794 [main] INFO  grpc.GrpcConfigKeys (ConfUtils.java:logGet(46)) - raft.grpc.server.async.request.thread.pool.size = 32 (default)
2023-08-25 11:34:42,798 [main] INFO  impl.DataStreamServerImpl (ConfUtils.java:logGet(46)) - raft.datastream.type = NETTY (custom)
2023-08-25 11:34:42,798 [main] INFO  server.RaftServerConfigKeys (ConfUtils.java:logGet(46)) - raft.server.data-stream.async.request.thread.pool.cached = false (default)
2023-08-25 11:34:42,798 [main] INFO  server.RaftServerConfigKeys (ConfUtils.java:logGet(46)) - raft.server.data-stream.async.request.thread.pool.size = 20 (custom)
2023-08-25 11:34:42,798 [main] INFO  server.RaftServerConfigKeys (ConfUtils.java:logGet(46)) - raft.server.data-stream.async.write.thread.pool.size = 16 (default)
2023-08-25 11:34:42,799 [main] INFO  server.RaftServerConfigKeys (ConfUtils.java:logGet(46)) - raft.server.data-stream.client.pool.size = 10 (default)
2023-08-25 11:34:42,799 [main] INFO  netty.NettyConfigKeys$DataStream (ConfUtils.java:logGet(46)) - raft.netty.dataStream.server.use-epoll = false (default)
2023-08-25 11:34:42,799 [main] INFO  netty.NettyConfigKeys$DataStream (ConfUtils.java:logGet(46)) - raft.netty.dataStream.server.boss-group.size = 0 (default)
2023-08-25 11:34:42,799 [main] INFO  netty.NettyConfigKeys$DataStream (ConfUtils.java:logGet(46)) - raft.netty.dataStream.server.worker-group.size = 0 (default)
2023-08-25 11:34:42,800 [main] INFO  netty.NettyConfigKeys$DataStream (ConfUtils.java:logGet(46)) - raft.netty.dataStream.server.tls.conf = null (default)
2023-08-25 11:34:42,800 [main] INFO  netty.NettyConfigKeys$DataStream (ConfUtils.java:logGet(46)) - raft.netty.dataStream.host = null (default)
2023-08-25 11:34:42,800 [main] INFO  netty.NettyConfigKeys$DataStream (ConfUtils.java:logGet(46)) - raft.netty.dataStream.port = 15086 (custom)
2023-08-25 11:34:42,801 [main] INFO  server.RaftServerConfigKeys (ConfUtils.java:logGet(46)) - raft.server.threadpool.proxy.cached = true (default)
2023-08-25 11:34:42,801 [main] INFO  server.RaftServerConfigKeys (ConfUtils.java:logGet(46)) - raft.server.threadpool.proxy.size = 0 (default)
2023-08-25 11:34:42,801 [85c49798-3560-4dc9-a596-09ecbe4a8df4-NettyServerStreamRpc-bossGroup--thread1] INFO  logging.LoggingHandler (AbstractInternalLogger.java:log(148)) - [id: 0x4c07bcdd] REGISTERED
2023-08-25 11:34:42,802 [main] INFO  server.RaftServerConfigKeys (ConfUtils.java:logGet(46)) - raft.server.rpc.slowness.timeout = 300s (custom)
2023-08-25 11:34:42,802 [85c49798-3560-4dc9-a596-09ecbe4a8df4-NettyServerStreamRpc-bossGroup--thread1] INFO  logging.LoggingHandler (AbstractInternalLogger.java:log(148)) - [id: 0x4c07bcdd] BIND: 0.0.0.0/0.0.0.0:15086
2023-08-25 11:34:42,802 [main] INFO  server.RaftServerConfigKeys (ConfUtils.java:logGet(46)) - raft.server.leaderelection.leader.step-down.wait-time = 10s (default)
2023-08-25 11:34:42,802 [85c49798-3560-4dc9-a596-09ecbe4a8df4-NettyServerStreamRpc-bossGroup--thread1] INFO  logging.LoggingHandler (AbstractInternalLogger.java:log(148)) - [id: 0x4c07bcdd, L:/0:0:0:0:0:0:0:0:15086] ACTIVE
2023-08-25 11:34:42,802 [main] INFO  server.RaftServerConfigKeys (ConfUtils.java:logGet(46)) - raft.server.storage.dir = [/home/runner/work/ozone/ozone/hadoop-ozone/integration-test/target/test-dir/MiniOzoneClusterImpl-36fc3352-0e59-45fd-a08b-0e99224ecb60/datanode-2/data/ratis] (custom)
2023-08-25 11:34:42,803 [85c49798-3560-4dc9-a596-09ecbe4a8df4-impl-thread1] INFO  server.RaftServer (RaftServerProxy.java:initGroupDir(258)) - 85c49798-3560-4dc9-a596-09ecbe4a8df4: found a subdirectory /home/runner/work/ozone/ozone/hadoop-ozone/integration-test/target/test-dir/MiniOzoneClusterImpl-36fc3352-0e59-45fd-a08b-0e99224ecb60/datanode-2/data/ratis/tmp
2023-08-25 11:34:42,803 [85c49798-3560-4dc9-a596-09ecbe4a8df4-impl-thread1] INFO  server.RaftServer (RaftServerProxy.java:initGroupDir(263)) - 85c49798-3560-4dc9-a596-09ecbe4a8df4: The directory /home/runner/work/ozone/ozone/hadoop-ozone/integration-test/target/test-dir/MiniOzoneClusterImpl-36fc3352-0e59-45fd-a08b-0e99224ecb60/datanode-2/data/ratis/tmp is not a group directory; ignoring it. 
2023-08-25 11:34:42,803 [main] INFO  replication.ReplicationServer (ReplicationServer.java:<init>(81)) - Initializing replication server with thread count = 10
2023-08-25 11:34:42,806 [main] INFO  server.XceiverServerGrpc (XceiverServerGrpc.java:<init>(132)) - GrpcServer channel type EpollServerSocketChannel
2023-08-25 11:34:42,811 [main] INFO  replication.ReplicationSupervisor (ReplicationSupervisor.java:build(155)) - Initializing replication supervisor with thread count = 10
2023-08-25 11:34:42,811 [main] INFO  replication.ReplicationSupervisor (ReplicationSupervisor.java:nodeStateUpdated(307)) - Node state updated to IN_SERVICE, scaling executor pool size to 10
2023-08-25 11:34:42,823 [main] INFO  http.BaseHttpServer (BaseHttpServer.java:newHttpServer2BuilderForOzone(224)) - Starting Web-server for hddsDatanode at: http://0.0.0.0:15080
2023-08-25 11:34:42,823 [main] INFO  http.BaseHttpServer (BaseHttpServer.java:<init>(111)) - Hadoop Security Enabled: false Ozone Security Enabled: false Ozone HTTP Security Enabled: false 
2023-08-25 11:34:42,825 [main] WARN  server.AuthenticationFilter (AuthenticationFilter.java:constructSecretProvider(240)) - Unable to initialize FileSignerSecretProvider, falling back to use random secrets. Reason: Could not read signature secret file: /home/runner/hadoop-http-auth-signature-secret
2023-08-25 11:34:42,826 [main] INFO  http.HttpRequestLog (HttpRequestLog.java:getRequestLog(86)) - Http request log for http.requests.hddsDatanode is not defined
2023-08-25 11:34:42,827 [main] INFO  http.HttpServer2 (HttpServer2.java:addGlobalFilter(1031)) - Added global filter 'safety' (class=org.apache.hadoop.hdds.server.http.HttpServer2$QuotingInputFilter)
2023-08-25 11:34:42,828 [main] INFO  http.HttpServer2 (HttpServer2.java:addFilter(1007)) - Added filter static_user_filter (class=org.apache.hadoop.http.lib.StaticUserWebFilter$StaticUserFilter) to context hddsDatanode
2023-08-25 11:34:42,828 [main] INFO  http.HttpServer2 (HttpServer2.java:addFilter(1015)) - Added filter static_user_filter (class=org.apache.hadoop.http.lib.StaticUserWebFilter$StaticUserFilter) to context logs
2023-08-25 11:34:42,829 [main] INFO  http.HttpServer2 (HttpServer2.java:addFilter(1015)) - Added filter static_user_filter (class=org.apache.hadoop.http.lib.StaticUserWebFilter$StaticUserFilter) to context static
2023-08-25 11:34:42,829 [main] INFO  http.BaseHttpServer (BaseHttpServer.java:<init>(190)) - HTTP server of hddsDatanode uses base directory /home/runner/work/ozone/ozone/hadoop-ozone/integration-test/target/test-dir/MiniOzoneClusterImpl-36fc3352-0e59-45fd-a08b-0e99224ecb60/datanode-2/meta/webserver
2023-08-25 11:34:42,830 [main] INFO  http.HttpServer2 (HttpServer2.java:bindListener(1250)) - Jetty bound to port 15080
2023-08-25 11:34:42,830 [main] INFO  server.Server (Server.java:doStart(375)) - jetty-9.4.51.v20230217; built: 2023-02-17T08:19:37.309Z; git: b45c405e4544384de066f814ed42ae3dceacdd49; jvm 1.8.0_382-b05
2023-08-25 11:34:42,831 [main] INFO  server.session (DefaultSessionIdManager.java:doStart(334)) - DefaultSessionIdManager workerName=node0
2023-08-25 11:34:42,832 [main] INFO  server.session (DefaultSessionIdManager.java:doStart(339)) - No SessionScavenger set, using defaults
2023-08-25 11:34:42,832 [main] INFO  server.session (HouseKeeper.java:startScavenging(132)) - node0 Scavenging every 660000ms
2023-08-25 11:34:42,832 [main] INFO  handler.ContextHandler (ContextHandler.java:doStart(921)) - Started o.e.j.s.ServletContextHandler@35590829{logs,/logs,file:///home/runner/work/ozone/ozone/hadoop-ozone/integration-test/target/log,AVAILABLE}
2023-08-25 11:34:42,833 [main] INFO  handler.ContextHandler (ContextHandler.java:doStart(921)) - Started o.e.j.s.ServletContextHandler@4dd6bcc{static,/static,jar:file:/home/runner/.m2/repository/org/apache/ozone/hdds-container-service/1.4.0-SNAPSHOT/hdds-container-service-1.4.0-SNAPSHOT.jar!/webapps/static,AVAILABLE}
2023-08-25 11:34:43,085 [main] INFO  handler.ContextHandler (ContextHandler.java:doStart(921)) - Started o.e.j.w.WebAppContext@33714dd6{hddsDatanode,/,file:///home/runner/work/ozone/ozone/hadoop-ozone/integration-test/target/test-dir/MiniOzoneClusterImpl-36fc3352-0e59-45fd-a08b-0e99224ecb60/datanode-2/meta/webserver/jetty-0_0_0_0-15080-hdds-container-service-1_4_0-SNAPSHOT_jar-_-any-7863428892195105955/webapp/,AVAILABLE}{jar:file:/home/runner/.m2/repository/org/apache/ozone/hdds-container-service/1.4.0-SNAPSHOT/hdds-container-service-1.4.0-SNAPSHOT.jar!/webapps/hddsDatanode}
2023-08-25 11:34:43,087 [main] INFO  server.AbstractConnector (AbstractConnector.java:doStart(333)) - Started ServerConnector@491f7c62{HTTP/1.1, (http/1.1)}{0.0.0.0:15080}
2023-08-25 11:34:43,087 [main] INFO  server.Server (Server.java:doStart(415)) - Started @133415ms
2023-08-25 11:34:43,087 [main] WARN  impl.MetricsSystemImpl (MetricsSystemImpl.java:register(279)) - Sink prometheus already exists!
2023-08-25 11:34:43,088 [main] INFO  http.BaseHttpServer (BaseHttpServer.java:updateConnectorAddress(344)) - HTTP server of hddsDatanode listening at http://0.0.0.0:15080
2023-08-25 11:34:43,090 [main] INFO  ipc.CallQueueManager (CallQueueManager.java:<init>(90)) - Using callQueue: class java.util.concurrent.LinkedBlockingQueue, queueCapacity: 100, scheduler: class org.apache.hadoop.ipc.DefaultRpcScheduler, ipcBackoff: false.
2023-08-25 11:34:43,090 [main] INFO  ipc.Server (Server.java:<init>(1287)) - Listener at 0.0.0.0:15081
2023-08-25 11:34:43,094 [Socket Reader #1 for port 15081] INFO  ipc.Server (Server.java:run(1323)) - Starting Socket Reader #1 for port 15081
2023-08-25 11:34:43,097 [main] INFO  ozone.HddsDatanodeService (HddsDatanodeService.java:start(315)) - Datanode start with admins: [runner]
2023-08-25 11:34:43,097 [main] INFO  ozone.HddsDatanodeClientProtocolServer (HddsDatanodeClientProtocolServer.java:start(72)) - RPC server for Client /0.0.0.0:15081
2023-08-25 11:34:43,097 [IPC Server listener on 15081] INFO  ipc.Server (Server.java:run(1402)) - IPC Server listener on 15081: starting
2023-08-25 11:34:43,097 [IPC Server Responder] INFO  ipc.Server (Server.java:run(1562)) - IPC Server Responder: starting
2023-08-25 11:34:43,100 [Datanode State Machine Daemon Thread] INFO  statemachine.DatanodeStateMachine (DatanodeStateMachine.java:lambda$startDaemon$0(538)) - Ozone container server started.
2023-08-25 11:34:43,100 [main] WARN  impl.MetricRegistriesImpl (MetricRegistriesImpl.java:addReporterRegistration(111)) - New reporters are added after registries were created. Some metrics will be missing from the reporter. Please add reporter before adding any new registry.
2023-08-25 11:34:43,100 [main] WARN  impl.MetricRegistriesImpl (MetricRegistriesImpl.java:addReporterRegistration(111)) - New reporters are added after registries were created. Some metrics will be missing from the reporter. Please add reporter before adding any new registry.
2023-08-25 11:34:43,100 [main] INFO  impl.MetricsSystemImpl (MetricsSystemImpl.java:init(158)) - HddsDatanode metrics system started (again)
2023-08-25 11:34:43,117 [Datanode State Machine Task Thread - 0] INFO  datanode.InitDatanodeState (InitDatanodeState.java:persistContainerDatanodeDetails(138)) - DatanodeDetails is persisted to /home/runner/work/ozone/ozone/hadoop-ozone/integration-test/target/test-dir/MiniOzoneClusterImpl-36fc3352-0e59-45fd-a08b-0e99224ecb60/datanode-2/meta/datanode.id
2023-08-25 11:34:43,120 [main] INFO  ozone.HddsDatanodeService (HddsDatanodeService.java:start(237)) - HddsDatanodeService host:fv-az508-118.q1hezrx03woe3mvmfegnvhq0ah.dx.internal.cloudapp.net ip:10.1.0.52
2023-08-25 11:34:43,159 [main] INFO  upgrade.AbstractLayoutVersionManager (AbstractLayoutVersionManager.java:init(83)) - Initializing Layout version manager with metadata layout = HADOOP_PRC_PORTS_IN_DATANODEDETAILS (version = 7), software layout = HADOOP_PRC_PORTS_IN_DATANODEDETAILS (version = 7)
2023-08-25 11:34:43,161 [main] INFO  statemachine.DatanodeStateMachine (DatanodeStateMachine.java:getEndPointTaskThreadPoolSize(282)) - Datanode State Machine Task Thread Pool size 2
2023-08-25 11:34:43,169 [main] INFO  volume.HddsVolume (HddsVolume.java:<init>(126)) - Creating HddsVolume: /home/runner/work/ozone/ozone/hadoop-ozone/integration-test/target/test-dir/MiniOzoneClusterImpl-36fc3352-0e59-45fd-a08b-0e99224ecb60/datanode-3/data-0/containers/hdds of storage type : DISK capacity : 9223372036854775807
2023-08-25 11:34:43,169 [main] INFO  volume.MutableVolumeSet (MutableVolumeSet.java:initializeVolumeSet(173)) - Added Volume : /home/runner/work/ozone/ozone/hadoop-ozone/integration-test/target/test-dir/MiniOzoneClusterImpl-36fc3352-0e59-45fd-a08b-0e99224ecb60/datanode-3/data-0/containers/hdds to VolumeSet
2023-08-25 11:34:43,170 [main] INFO  volume.MutableVolumeSet (MutableVolumeSet.java:initializeVolumeSet(173)) - Added Volume : /home/runner/work/ozone/ozone/hadoop-ozone/integration-test/target/test-dir/MiniOzoneClusterImpl-36fc3352-0e59-45fd-a08b-0e99224ecb60/datanode-3/data/ratis to VolumeSet
2023-08-25 11:34:43,171 [Thread-843] INFO  ozoneimpl.ContainerReader (ContainerReader.java:readVolume(177)) - Finish verifying containers on volume /home/runner/work/ozone/ozone/hadoop-ozone/integration-test/target/test-dir/MiniOzoneClusterImpl-36fc3352-0e59-45fd-a08b-0e99224ecb60/datanode-3/data-0/containers/hdds
2023-08-25 11:34:43,171 [main] INFO  ozoneimpl.OzoneContainer (OzoneContainer.java:buildContainerSet(314)) - Build ContainerSet costs 0s
2023-08-25 11:34:43,175 [main] INFO  server.RaftServer (ConfUtils.java:logGet(46)) - raft.rpc.type = GRPC (default)
2023-08-25 11:34:43,175 [main] INFO  grpc.GrpcConfigKeys (ConfUtils.java:logFallback(53)) - raft.grpc.admin.host = null (fallback to raft.grpc.server.host)
2023-08-25 11:34:43,177 [main] INFO  grpc.GrpcConfigKeys (ConfUtils.java:logGet(46)) - raft.grpc.admin.port = 15093 (custom)
2023-08-25 11:34:43,177 [main] INFO  grpc.GrpcConfigKeys (ConfUtils.java:logFallback(53)) - raft.grpc.client.host = null (fallback to raft.grpc.server.host)
2023-08-25 11:34:43,177 [main] INFO  grpc.GrpcConfigKeys (ConfUtils.java:logGet(46)) - raft.grpc.client.port = 15092 (custom)
2023-08-25 11:34:43,178 [main] INFO  grpc.GrpcConfigKeys (ConfUtils.java:logGet(46)) - raft.grpc.server.host = null (default)
2023-08-25 11:34:43,178 [main] INFO  grpc.GrpcConfigKeys (ConfUtils.java:logGet(46)) - raft.grpc.server.port = 15094 (custom)
2023-08-25 11:34:43,178 [main] INFO  server.GrpcService (ConfUtils.java:logGet(46)) - raft.grpc.message.size.max = 32MB (=33554432) (custom)
2023-08-25 11:34:43,178 [main] INFO  server.RaftServerConfigKeys (ConfUtils.java:logGet(46)) - raft.server.log.appender.buffer.byte-limit = 33554432 (custom)
2023-08-25 11:34:43,178 [main] INFO  server.GrpcService (ConfUtils.java:logGet(46)) - raft.grpc.flow.control.window = 5MB (=5242880) (custom)
2023-08-25 11:34:43,178 [main] INFO  server.RaftServerConfigKeys (ConfUtils.java:logGet(46)) - raft.server.rpc.request.timeout = 60s (custom)
2023-08-25 11:34:43,179 [main] INFO  grpc.GrpcConfigKeys (ConfUtils.java:logGet(46)) - raft.grpc.server.heartbeat.channel = true (default)
2023-08-25 11:34:43,179 [main] INFO  grpc.GrpcConfigKeys (ConfUtils.java:logGet(46)) - raft.grpc.server.async.request.thread.pool.cached = true (default)
2023-08-25 11:34:43,179 [main] INFO  grpc.GrpcConfigKeys (ConfUtils.java:logGet(46)) - raft.grpc.server.async.request.thread.pool.size = 32 (default)
2023-08-25 11:34:43,182 [main] INFO  impl.DataStreamServerImpl (ConfUtils.java:logGet(46)) - raft.datastream.type = NETTY (custom)
2023-08-25 11:34:43,182 [main] INFO  server.RaftServerConfigKeys (ConfUtils.java:logGet(46)) - raft.server.data-stream.async.request.thread.pool.cached = false (default)
2023-08-25 11:34:43,183 [main] INFO  server.RaftServerConfigKeys (ConfUtils.java:logGet(46)) - raft.server.data-stream.async.request.thread.pool.size = 20 (custom)
2023-08-25 11:34:43,183 [main] INFO  server.RaftServerConfigKeys (ConfUtils.java:logGet(46)) - raft.server.data-stream.async.write.thread.pool.size = 16 (default)
2023-08-25 11:34:43,183 [main] INFO  server.RaftServerConfigKeys (ConfUtils.java:logGet(46)) - raft.server.data-stream.client.pool.size = 10 (default)
2023-08-25 11:34:43,183 [main] INFO  netty.NettyConfigKeys$DataStream (ConfUtils.java:logGet(46)) - raft.netty.dataStream.server.use-epoll = false (default)
2023-08-25 11:34:43,183 [main] INFO  netty.NettyConfigKeys$DataStream (ConfUtils.java:logGet(46)) - raft.netty.dataStream.server.boss-group.size = 0 (default)
2023-08-25 11:34:43,184 [main] INFO  netty.NettyConfigKeys$DataStream (ConfUtils.java:logGet(46)) - raft.netty.dataStream.server.worker-group.size = 0 (default)
2023-08-25 11:34:43,185 [main] INFO  netty.NettyConfigKeys$DataStream (ConfUtils.java:logGet(46)) - raft.netty.dataStream.server.tls.conf = null (default)
2023-08-25 11:34:43,185 [main] INFO  netty.NettyConfigKeys$DataStream (ConfUtils.java:logGet(46)) - raft.netty.dataStream.host = null (default)
2023-08-25 11:34:43,185 [main] INFO  netty.NettyConfigKeys$DataStream (ConfUtils.java:logGet(46)) - raft.netty.dataStream.port = 15095 (custom)
2023-08-25 11:34:43,185 [main] INFO  server.RaftServerConfigKeys (ConfUtils.java:logGet(46)) - raft.server.threadpool.proxy.cached = true (default)
2023-08-25 11:34:43,186 [main] INFO  server.RaftServerConfigKeys (ConfUtils.java:logGet(46)) - raft.server.threadpool.proxy.size = 0 (default)
2023-08-25 11:34:43,186 [be1f1661-cb08-42a9-9c55-aeb71fb92a9a-NettyServerStreamRpc-bossGroup--thread1] INFO  logging.LoggingHandler (AbstractInternalLogger.java:log(148)) - [id: 0xf9378069] REGISTERED
2023-08-25 11:34:43,186 [main] INFO  server.RaftServerConfigKeys (ConfUtils.java:logGet(46)) - raft.server.rpc.slowness.timeout = 300s (custom)
2023-08-25 11:34:43,186 [be1f1661-cb08-42a9-9c55-aeb71fb92a9a-NettyServerStreamRpc-bossGroup--thread1] INFO  logging.LoggingHandler (AbstractInternalLogger.java:log(148)) - [id: 0xf9378069] BIND: 0.0.0.0/0.0.0.0:15095
2023-08-25 11:34:43,186 [main] INFO  server.RaftServerConfigKeys (ConfUtils.java:logGet(46)) - raft.server.leaderelection.leader.step-down.wait-time = 10s (default)
2023-08-25 11:34:43,186 [be1f1661-cb08-42a9-9c55-aeb71fb92a9a-NettyServerStreamRpc-bossGroup--thread1] INFO  logging.LoggingHandler (AbstractInternalLogger.java:log(148)) - [id: 0xf9378069, L:/0:0:0:0:0:0:0:0:15095] ACTIVE
2023-08-25 11:34:43,186 [main] INFO  server.RaftServerConfigKeys (ConfUtils.java:logGet(46)) - raft.server.storage.dir = [/home/runner/work/ozone/ozone/hadoop-ozone/integration-test/target/test-dir/MiniOzoneClusterImpl-36fc3352-0e59-45fd-a08b-0e99224ecb60/datanode-3/data/ratis] (custom)
2023-08-25 11:34:43,187 [be1f1661-cb08-42a9-9c55-aeb71fb92a9a-impl-thread1] INFO  server.RaftServer (RaftServerProxy.java:initGroupDir(258)) - be1f1661-cb08-42a9-9c55-aeb71fb92a9a: found a subdirectory /home/runner/work/ozone/ozone/hadoop-ozone/integration-test/target/test-dir/MiniOzoneClusterImpl-36fc3352-0e59-45fd-a08b-0e99224ecb60/datanode-3/data/ratis/tmp
2023-08-25 11:34:43,187 [be1f1661-cb08-42a9-9c55-aeb71fb92a9a-impl-thread1] INFO  server.RaftServer (RaftServerProxy.java:initGroupDir(263)) - be1f1661-cb08-42a9-9c55-aeb71fb92a9a: The directory /home/runner/work/ozone/ozone/hadoop-ozone/integration-test/target/test-dir/MiniOzoneClusterImpl-36fc3352-0e59-45fd-a08b-0e99224ecb60/datanode-3/data/ratis/tmp is not a group directory; ignoring it. 
2023-08-25 11:34:43,189 [main] INFO  replication.ReplicationServer (ReplicationServer.java:<init>(81)) - Initializing replication server with thread count = 10
2023-08-25 11:34:43,191 [main] INFO  server.XceiverServerGrpc (XceiverServerGrpc.java:<init>(132)) - GrpcServer channel type EpollServerSocketChannel
2023-08-25 11:34:43,198 [main] INFO  replication.ReplicationSupervisor (ReplicationSupervisor.java:build(155)) - Initializing replication supervisor with thread count = 10
2023-08-25 11:34:43,198 [main] INFO  replication.ReplicationSupervisor (ReplicationSupervisor.java:nodeStateUpdated(307)) - Node state updated to IN_SERVICE, scaling executor pool size to 10
2023-08-25 11:34:43,203 [main] INFO  http.BaseHttpServer (BaseHttpServer.java:newHttpServer2BuilderForOzone(224)) - Starting Web-server for hddsDatanode at: http://0.0.0.0:15089
2023-08-25 11:34:43,203 [main] INFO  http.BaseHttpServer (BaseHttpServer.java:<init>(111)) - Hadoop Security Enabled: false Ozone Security Enabled: false Ozone HTTP Security Enabled: false 
2023-08-25 11:34:43,205 [main] WARN  server.AuthenticationFilter (AuthenticationFilter.java:constructSecretProvider(240)) - Unable to initialize FileSignerSecretProvider, falling back to use random secrets. Reason: Could not read signature secret file: /home/runner/hadoop-http-auth-signature-secret
2023-08-25 11:34:43,205 [main] INFO  http.HttpRequestLog (HttpRequestLog.java:getRequestLog(86)) - Http request log for http.requests.hddsDatanode is not defined
2023-08-25 11:34:43,207 [main] INFO  http.HttpServer2 (HttpServer2.java:addGlobalFilter(1031)) - Added global filter 'safety' (class=org.apache.hadoop.hdds.server.http.HttpServer2$QuotingInputFilter)
2023-08-25 11:34:43,208 [main] INFO  http.HttpServer2 (HttpServer2.java:addFilter(1007)) - Added filter static_user_filter (class=org.apache.hadoop.http.lib.StaticUserWebFilter$StaticUserFilter) to context hddsDatanode
2023-08-25 11:34:43,209 [main] INFO  http.HttpServer2 (HttpServer2.java:addFilter(1015)) - Added filter static_user_filter (class=org.apache.hadoop.http.lib.StaticUserWebFilter$StaticUserFilter) to context static
2023-08-25 11:34:43,209 [main] INFO  http.HttpServer2 (HttpServer2.java:addFilter(1015)) - Added filter static_user_filter (class=org.apache.hadoop.http.lib.StaticUserWebFilter$StaticUserFilter) to context logs
2023-08-25 11:34:43,210 [main] INFO  http.BaseHttpServer (BaseHttpServer.java:<init>(190)) - HTTP server of hddsDatanode uses base directory /home/runner/work/ozone/ozone/hadoop-ozone/integration-test/target/test-dir/MiniOzoneClusterImpl-36fc3352-0e59-45fd-a08b-0e99224ecb60/datanode-3/meta/webserver
2023-08-25 11:34:43,210 [main] INFO  http.HttpServer2 (HttpServer2.java:bindListener(1250)) - Jetty bound to port 15089
2023-08-25 11:34:43,210 [main] INFO  server.Server (Server.java:doStart(375)) - jetty-9.4.51.v20230217; built: 2023-02-17T08:19:37.309Z; git: b45c405e4544384de066f814ed42ae3dceacdd49; jvm 1.8.0_382-b05
2023-08-25 11:34:43,214 [main] INFO  server.session (DefaultSessionIdManager.java:doStart(334)) - DefaultSessionIdManager workerName=node0
2023-08-25 11:34:43,214 [main] INFO  server.session (DefaultSessionIdManager.java:doStart(339)) - No SessionScavenger set, using defaults
2023-08-25 11:34:43,214 [main] INFO  server.session (HouseKeeper.java:startScavenging(132)) - node0 Scavenging every 660000ms
2023-08-25 11:34:43,215 [main] INFO  handler.ContextHandler (ContextHandler.java:doStart(921)) - Started o.e.j.s.ServletContextHandler@4e55a242{logs,/logs,file:///home/runner/work/ozone/ozone/hadoop-ozone/integration-test/target/log,AVAILABLE}
2023-08-25 11:34:43,215 [main] INFO  handler.ContextHandler (ContextHandler.java:doStart(921)) - Started o.e.j.s.ServletContextHandler@6b1d0819{static,/static,jar:file:/home/runner/.m2/repository/org/apache/ozone/hdds-container-service/1.4.0-SNAPSHOT/hdds-container-service-1.4.0-SNAPSHOT.jar!/webapps/static,AVAILABLE}
2023-08-25 11:34:43,462 [main] INFO  handler.ContextHandler (ContextHandler.java:doStart(921)) - Started o.e.j.w.WebAppContext@6156e4cd{hddsDatanode,/,file:///home/runner/work/ozone/ozone/hadoop-ozone/integration-test/target/test-dir/MiniOzoneClusterImpl-36fc3352-0e59-45fd-a08b-0e99224ecb60/datanode-3/meta/webserver/jetty-0_0_0_0-15089-hdds-container-service-1_4_0-SNAPSHOT_jar-_-any-3520845297423052426/webapp/,AVAILABLE}{jar:file:/home/runner/.m2/repository/org/apache/ozone/hdds-container-service/1.4.0-SNAPSHOT/hdds-container-service-1.4.0-SNAPSHOT.jar!/webapps/hddsDatanode}
2023-08-25 11:34:43,464 [main] INFO  server.AbstractConnector (AbstractConnector.java:doStart(333)) - Started ServerConnector@2da588fd{HTTP/1.1, (http/1.1)}{0.0.0.0:15089}
2023-08-25 11:34:43,464 [main] INFO  server.Server (Server.java:doStart(415)) - Started @133793ms
2023-08-25 11:34:43,465 [main] WARN  impl.MetricsSystemImpl (MetricsSystemImpl.java:register(279)) - Sink prometheus already exists!
2023-08-25 11:34:43,465 [main] INFO  http.BaseHttpServer (BaseHttpServer.java:updateConnectorAddress(344)) - HTTP server of hddsDatanode listening at http://0.0.0.0:15089
2023-08-25 11:34:43,466 [main] INFO  ipc.CallQueueManager (CallQueueManager.java:<init>(90)) - Using callQueue: class java.util.concurrent.LinkedBlockingQueue, queueCapacity: 100, scheduler: class org.apache.hadoop.ipc.DefaultRpcScheduler, ipcBackoff: false.
2023-08-25 11:34:43,466 [main] INFO  ipc.Server (Server.java:<init>(1287)) - Listener at 0.0.0.0:15090
2023-08-25 11:34:43,470 [Socket Reader #1 for port 15090] INFO  ipc.Server (Server.java:run(1323)) - Starting Socket Reader #1 for port 15090
2023-08-25 11:34:43,472 [main] INFO  ozone.HddsDatanodeService (HddsDatanodeService.java:start(315)) - Datanode start with admins: [runner]
2023-08-25 11:34:43,472 [main] INFO  ozone.HddsDatanodeClientProtocolServer (HddsDatanodeClientProtocolServer.java:start(72)) - RPC server for Client /0.0.0.0:15090
2023-08-25 11:34:43,473 [IPC Server Responder] INFO  ipc.Server (Server.java:run(1562)) - IPC Server Responder: starting
2023-08-25 11:34:43,478 [IPC Server listener on 15090] INFO  ipc.Server (Server.java:run(1402)) - IPC Server listener on 15090: starting
2023-08-25 11:34:43,478 [main] WARN  impl.MetricRegistriesImpl (MetricRegistriesImpl.java:addReporterRegistration(111)) - New reporters are added after registries were created. Some metrics will be missing from the reporter. Please add reporter before adding any new registry.
2023-08-25 11:34:43,479 [main] WARN  impl.MetricRegistriesImpl (MetricRegistriesImpl.java:addReporterRegistration(111)) - New reporters are added after registries were created. Some metrics will be missing from the reporter. Please add reporter before adding any new registry.
2023-08-25 11:34:43,479 [main] INFO  impl.MetricsSystemImpl (MetricsSystemImpl.java:init(158)) - HddsDatanode metrics system started (again)
2023-08-25 11:34:43,478 [Datanode State Machine Daemon Thread] INFO  statemachine.DatanodeStateMachine (DatanodeStateMachine.java:lambda$startDaemon$0(538)) - Ozone container server started.
2023-08-25 11:34:43,497 [Datanode State Machine Task Thread - 0] INFO  datanode.InitDatanodeState (InitDatanodeState.java:persistContainerDatanodeDetails(138)) - DatanodeDetails is persisted to /home/runner/work/ozone/ozone/hadoop-ozone/integration-test/target/test-dir/MiniOzoneClusterImpl-36fc3352-0e59-45fd-a08b-0e99224ecb60/datanode-3/meta/datanode.id
2023-08-25 11:34:43,498 [main] INFO  ozone.HddsDatanodeService (HddsDatanodeService.java:start(237)) - HddsDatanodeService host:fv-az508-118.q1hezrx03woe3mvmfegnvhq0ah.dx.internal.cloudapp.net ip:10.1.0.52
2023-08-25 11:34:43,536 [main] INFO  upgrade.AbstractLayoutVersionManager (AbstractLayoutVersionManager.java:init(83)) - Initializing Layout version manager with metadata layout = HADOOP_PRC_PORTS_IN_DATANODEDETAILS (version = 7), software layout = HADOOP_PRC_PORTS_IN_DATANODEDETAILS (version = 7)
2023-08-25 11:34:43,538 [main] INFO  statemachine.DatanodeStateMachine (DatanodeStateMachine.java:getEndPointTaskThreadPoolSize(282)) - Datanode State Machine Task Thread Pool size 2
2023-08-25 11:34:43,539 [main] INFO  volume.HddsVolume (HddsVolume.java:<init>(126)) - Creating HddsVolume: /home/runner/work/ozone/ozone/hadoop-ozone/integration-test/target/test-dir/MiniOzoneClusterImpl-36fc3352-0e59-45fd-a08b-0e99224ecb60/datanode-4/data-0/containers/hdds of storage type : DISK capacity : 9223372036854775807
2023-08-25 11:34:43,540 [main] INFO  volume.MutableVolumeSet (MutableVolumeSet.java:initializeVolumeSet(173)) - Added Volume : /home/runner/work/ozone/ozone/hadoop-ozone/integration-test/target/test-dir/MiniOzoneClusterImpl-36fc3352-0e59-45fd-a08b-0e99224ecb60/datanode-4/data-0/containers/hdds to VolumeSet
2023-08-25 11:34:43,540 [main] INFO  volume.MutableVolumeSet (MutableVolumeSet.java:initializeVolumeSet(173)) - Added Volume : /home/runner/work/ozone/ozone/hadoop-ozone/integration-test/target/test-dir/MiniOzoneClusterImpl-36fc3352-0e59-45fd-a08b-0e99224ecb60/datanode-4/data/ratis to VolumeSet
2023-08-25 11:34:43,541 [Thread-860] INFO  ozoneimpl.ContainerReader (ContainerReader.java:readVolume(177)) - Finish verifying containers on volume /home/runner/work/ozone/ozone/hadoop-ozone/integration-test/target/test-dir/MiniOzoneClusterImpl-36fc3352-0e59-45fd-a08b-0e99224ecb60/datanode-4/data-0/containers/hdds
2023-08-25 11:34:43,541 [main] INFO  ozoneimpl.OzoneContainer (OzoneContainer.java:buildContainerSet(314)) - Build ContainerSet costs 0s
2023-08-25 11:34:43,545 [main] INFO  server.RaftServer (ConfUtils.java:logGet(46)) - raft.rpc.type = GRPC (default)
2023-08-25 11:34:43,545 [main] INFO  grpc.GrpcConfigKeys (ConfUtils.java:logFallback(53)) - raft.grpc.admin.host = null (fallback to raft.grpc.server.host)
2023-08-25 11:34:43,545 [main] INFO  grpc.GrpcConfigKeys (ConfUtils.java:logGet(46)) - raft.grpc.admin.port = 15102 (custom)
2023-08-25 11:34:43,545 [main] INFO  grpc.GrpcConfigKeys (ConfUtils.java:logFallback(53)) - raft.grpc.client.host = null (fallback to raft.grpc.server.host)
2023-08-25 11:34:43,546 [main] INFO  grpc.GrpcConfigKeys (ConfUtils.java:logGet(46)) - raft.grpc.client.port = 15101 (custom)
2023-08-25 11:34:43,546 [main] INFO  grpc.GrpcConfigKeys (ConfUtils.java:logGet(46)) - raft.grpc.server.host = null (default)
2023-08-25 11:34:43,546 [main] INFO  grpc.GrpcConfigKeys (ConfUtils.java:logGet(46)) - raft.grpc.server.port = 15103 (custom)
2023-08-25 11:34:43,546 [main] INFO  server.GrpcService (ConfUtils.java:logGet(46)) - raft.grpc.message.size.max = 32MB (=33554432) (custom)
2023-08-25 11:34:43,546 [main] INFO  server.RaftServerConfigKeys (ConfUtils.java:logGet(46)) - raft.server.log.appender.buffer.byte-limit = 33554432 (custom)
2023-08-25 11:34:43,546 [main] INFO  server.GrpcService (ConfUtils.java:logGet(46)) - raft.grpc.flow.control.window = 5MB (=5242880) (custom)
2023-08-25 11:34:43,546 [main] INFO  server.RaftServerConfigKeys (ConfUtils.java:logGet(46)) - raft.server.rpc.request.timeout = 60s (custom)
2023-08-25 11:34:43,547 [main] INFO  grpc.GrpcConfigKeys (ConfUtils.java:logGet(46)) - raft.grpc.server.heartbeat.channel = true (default)
2023-08-25 11:34:43,547 [main] INFO  grpc.GrpcConfigKeys (ConfUtils.java:logGet(46)) - raft.grpc.server.async.request.thread.pool.cached = true (default)
2023-08-25 11:34:43,547 [main] INFO  grpc.GrpcConfigKeys (ConfUtils.java:logGet(46)) - raft.grpc.server.async.request.thread.pool.size = 32 (default)
2023-08-25 11:34:43,550 [main] INFO  impl.DataStreamServerImpl (ConfUtils.java:logGet(46)) - raft.datastream.type = NETTY (custom)
2023-08-25 11:34:43,550 [main] INFO  server.RaftServerConfigKeys (ConfUtils.java:logGet(46)) - raft.server.data-stream.async.request.thread.pool.cached = false (default)
2023-08-25 11:34:43,550 [main] INFO  server.RaftServerConfigKeys (ConfUtils.java:logGet(46)) - raft.server.data-stream.async.request.thread.pool.size = 20 (custom)
2023-08-25 11:34:43,550 [main] INFO  server.RaftServerConfigKeys (ConfUtils.java:logGet(46)) - raft.server.data-stream.async.write.thread.pool.size = 16 (default)
2023-08-25 11:34:43,550 [main] INFO  server.RaftServerConfigKeys (ConfUtils.java:logGet(46)) - raft.server.data-stream.client.pool.size = 10 (default)
2023-08-25 11:34:43,551 [main] INFO  netty.NettyConfigKeys$DataStream (ConfUtils.java:logGet(46)) - raft.netty.dataStream.server.use-epoll = false (default)
2023-08-25 11:34:43,551 [main] INFO  netty.NettyConfigKeys$DataStream (ConfUtils.java:logGet(46)) - raft.netty.dataStream.server.boss-group.size = 0 (default)
2023-08-25 11:34:43,553 [main] INFO  netty.NettyConfigKeys$DataStream (ConfUtils.java:logGet(46)) - raft.netty.dataStream.server.worker-group.size = 0 (default)
2023-08-25 11:34:43,553 [main] INFO  netty.NettyConfigKeys$DataStream (ConfUtils.java:logGet(46)) - raft.netty.dataStream.server.tls.conf = null (default)
2023-08-25 11:34:43,553 [main] INFO  netty.NettyConfigKeys$DataStream (ConfUtils.java:logGet(46)) - raft.netty.dataStream.host = null (default)
2023-08-25 11:34:43,554 [main] INFO  netty.NettyConfigKeys$DataStream (ConfUtils.java:logGet(46)) - raft.netty.dataStream.port = 15104 (custom)
2023-08-25 11:34:43,554 [main] INFO  server.RaftServerConfigKeys (ConfUtils.java:logGet(46)) - raft.server.threadpool.proxy.cached = true (default)
2023-08-25 11:34:43,556 [main] INFO  server.RaftServerConfigKeys (ConfUtils.java:logGet(46)) - raft.server.threadpool.proxy.size = 0 (default)
2023-08-25 11:34:43,554 [3bcb9728-7d1d-45db-b3c3-ee1d25f73c3d-NettyServerStreamRpc-bossGroup--thread1] INFO  logging.LoggingHandler (AbstractInternalLogger.java:log(148)) - [id: 0x7525b511] REGISTERED
2023-08-25 11:34:43,557 [3bcb9728-7d1d-45db-b3c3-ee1d25f73c3d-NettyServerStreamRpc-bossGroup--thread1] INFO  logging.LoggingHandler (AbstractInternalLogger.java:log(148)) - [id: 0x7525b511] BIND: 0.0.0.0/0.0.0.0:15104
2023-08-25 11:34:43,557 [3bcb9728-7d1d-45db-b3c3-ee1d25f73c3d-NettyServerStreamRpc-bossGroup--thread1] INFO  logging.LoggingHandler (AbstractInternalLogger.java:log(148)) - [id: 0x7525b511, L:/0:0:0:0:0:0:0:0:15104] ACTIVE
2023-08-25 11:34:43,557 [main] INFO  server.RaftServerConfigKeys (ConfUtils.java:logGet(46)) - raft.server.rpc.slowness.timeout = 300s (custom)
2023-08-25 11:34:43,557 [main] INFO  server.RaftServerConfigKeys (ConfUtils.java:logGet(46)) - raft.server.leaderelection.leader.step-down.wait-time = 10s (default)
2023-08-25 11:34:43,558 [main] INFO  server.RaftServerConfigKeys (ConfUtils.java:logGet(46)) - raft.server.storage.dir = [/home/runner/work/ozone/ozone/hadoop-ozone/integration-test/target/test-dir/MiniOzoneClusterImpl-36fc3352-0e59-45fd-a08b-0e99224ecb60/datanode-4/data/ratis] (custom)
2023-08-25 11:34:43,558 [3bcb9728-7d1d-45db-b3c3-ee1d25f73c3d-impl-thread1] INFO  server.RaftServer (RaftServerProxy.java:initGroupDir(258)) - 3bcb9728-7d1d-45db-b3c3-ee1d25f73c3d: found a subdirectory /home/runner/work/ozone/ozone/hadoop-ozone/integration-test/target/test-dir/MiniOzoneClusterImpl-36fc3352-0e59-45fd-a08b-0e99224ecb60/datanode-4/data/ratis/tmp
2023-08-25 11:34:43,558 [3bcb9728-7d1d-45db-b3c3-ee1d25f73c3d-impl-thread1] INFO  server.RaftServer (RaftServerProxy.java:initGroupDir(263)) - 3bcb9728-7d1d-45db-b3c3-ee1d25f73c3d: The directory /home/runner/work/ozone/ozone/hadoop-ozone/integration-test/target/test-dir/MiniOzoneClusterImpl-36fc3352-0e59-45fd-a08b-0e99224ecb60/datanode-4/data/ratis/tmp is not a group directory; ignoring it. 
2023-08-25 11:34:43,559 [main] INFO  replication.ReplicationServer (ReplicationServer.java:<init>(81)) - Initializing replication server with thread count = 10
2023-08-25 11:34:43,561 [main] INFO  server.XceiverServerGrpc (XceiverServerGrpc.java:<init>(132)) - GrpcServer channel type EpollServerSocketChannel
2023-08-25 11:34:43,563 [main] INFO  replication.ReplicationSupervisor (ReplicationSupervisor.java:build(155)) - Initializing replication supervisor with thread count = 10
2023-08-25 11:34:43,563 [main] INFO  replication.ReplicationSupervisor (ReplicationSupervisor.java:nodeStateUpdated(307)) - Node state updated to IN_SERVICE, scaling executor pool size to 10
2023-08-25 11:34:43,568 [main] INFO  http.BaseHttpServer (BaseHttpServer.java:newHttpServer2BuilderForOzone(224)) - Starting Web-server for hddsDatanode at: http://0.0.0.0:15098
2023-08-25 11:34:43,568 [main] INFO  http.BaseHttpServer (BaseHttpServer.java:<init>(111)) - Hadoop Security Enabled: false Ozone Security Enabled: false Ozone HTTP Security Enabled: false 
2023-08-25 11:34:43,570 [main] WARN  server.AuthenticationFilter (AuthenticationFilter.java:constructSecretProvider(240)) - Unable to initialize FileSignerSecretProvider, falling back to use random secrets. Reason: Could not read signature secret file: /home/runner/hadoop-http-auth-signature-secret
2023-08-25 11:34:43,571 [main] INFO  http.HttpRequestLog (HttpRequestLog.java:getRequestLog(86)) - Http request log for http.requests.hddsDatanode is not defined
2023-08-25 11:34:43,573 [main] INFO  http.HttpServer2 (HttpServer2.java:addGlobalFilter(1031)) - Added global filter 'safety' (class=org.apache.hadoop.hdds.server.http.HttpServer2$QuotingInputFilter)
2023-08-25 11:34:43,574 [main] INFO  http.HttpServer2 (HttpServer2.java:addFilter(1007)) - Added filter static_user_filter (class=org.apache.hadoop.http.lib.StaticUserWebFilter$StaticUserFilter) to context hddsDatanode
2023-08-25 11:34:43,574 [main] INFO  http.HttpServer2 (HttpServer2.java:addFilter(1015)) - Added filter static_user_filter (class=org.apache.hadoop.http.lib.StaticUserWebFilter$StaticUserFilter) to context logs
2023-08-25 11:34:43,574 [main] INFO  http.HttpServer2 (HttpServer2.java:addFilter(1015)) - Added filter static_user_filter (class=org.apache.hadoop.http.lib.StaticUserWebFilter$StaticUserFilter) to context static
2023-08-25 11:34:43,575 [main] INFO  http.BaseHttpServer (BaseHttpServer.java:<init>(190)) - HTTP server of hddsDatanode uses base directory /home/runner/work/ozone/ozone/hadoop-ozone/integration-test/target/test-dir/MiniOzoneClusterImpl-36fc3352-0e59-45fd-a08b-0e99224ecb60/datanode-4/meta/webserver
2023-08-25 11:34:43,576 [main] INFO  http.HttpServer2 (HttpServer2.java:bindListener(1250)) - Jetty bound to port 15098
2023-08-25 11:34:43,576 [main] INFO  server.Server (Server.java:doStart(375)) - jetty-9.4.51.v20230217; built: 2023-02-17T08:19:37.309Z; git: b45c405e4544384de066f814ed42ae3dceacdd49; jvm 1.8.0_382-b05
2023-08-25 11:34:43,577 [main] INFO  server.session (DefaultSessionIdManager.java:doStart(334)) - DefaultSessionIdManager workerName=node0
2023-08-25 11:34:43,578 [main] INFO  server.session (DefaultSessionIdManager.java:doStart(339)) - No SessionScavenger set, using defaults
2023-08-25 11:34:43,578 [main] INFO  server.session (HouseKeeper.java:startScavenging(132)) - node0 Scavenging every 660000ms
2023-08-25 11:34:43,582 [main] INFO  handler.ContextHandler (ContextHandler.java:doStart(921)) - Started o.e.j.s.ServletContextHandler@3b53625{logs,/logs,file:///home/runner/work/ozone/ozone/hadoop-ozone/integration-test/target/log,AVAILABLE}
2023-08-25 11:34:43,582 [main] INFO  handler.ContextHandler (ContextHandler.java:doStart(921)) - Started o.e.j.s.ServletContextHandler@d81c848{static,/static,jar:file:/home/runner/.m2/repository/org/apache/ozone/hdds-container-service/1.4.0-SNAPSHOT/hdds-container-service-1.4.0-SNAPSHOT.jar!/webapps/static,AVAILABLE}
2023-08-25 11:34:43,838 [main] INFO  handler.ContextHandler (ContextHandler.java:doStart(921)) - Started o.e.j.w.WebAppContext@7220c0c8{hddsDatanode,/,file:///home/runner/work/ozone/ozone/hadoop-ozone/integration-test/target/test-dir/MiniOzoneClusterImpl-36fc3352-0e59-45fd-a08b-0e99224ecb60/datanode-4/meta/webserver/jetty-0_0_0_0-15098-hdds-container-service-1_4_0-SNAPSHOT_jar-_-any-5585759089536338357/webapp/,AVAILABLE}{jar:file:/home/runner/.m2/repository/org/apache/ozone/hdds-container-service/1.4.0-SNAPSHOT/hdds-container-service-1.4.0-SNAPSHOT.jar!/webapps/hddsDatanode}
2023-08-25 11:34:43,840 [main] INFO  server.AbstractConnector (AbstractConnector.java:doStart(333)) - Started ServerConnector@17ed8459{HTTP/1.1, (http/1.1)}{0.0.0.0:15098}
2023-08-25 11:34:43,841 [main] INFO  server.Server (Server.java:doStart(415)) - Started @134169ms
2023-08-25 11:34:43,841 [main] WARN  impl.MetricsSystemImpl (MetricsSystemImpl.java:register(279)) - Sink prometheus already exists!
2023-08-25 11:34:43,842 [main] INFO  http.BaseHttpServer (BaseHttpServer.java:updateConnectorAddress(344)) - HTTP server of hddsDatanode listening at http://0.0.0.0:15098
2023-08-25 11:34:43,842 [main] INFO  ipc.CallQueueManager (CallQueueManager.java:<init>(90)) - Using callQueue: class java.util.concurrent.LinkedBlockingQueue, queueCapacity: 100, scheduler: class org.apache.hadoop.ipc.DefaultRpcScheduler, ipcBackoff: false.
2023-08-25 11:34:43,842 [main] INFO  ipc.Server (Server.java:<init>(1287)) - Listener at 0.0.0.0:15099
2023-08-25 11:34:43,845 [main] INFO  ozone.HddsDatanodeService (HddsDatanodeService.java:start(315)) - Datanode start with admins: [runner]
2023-08-25 11:34:43,845 [main] INFO  ozone.HddsDatanodeClientProtocolServer (HddsDatanodeClientProtocolServer.java:start(72)) - RPC server for Client /0.0.0.0:15099
2023-08-25 11:34:43,845 [IPC Server Responder] INFO  ipc.Server (Server.java:run(1562)) - IPC Server Responder: starting
2023-08-25 11:34:43,846 [IPC Server listener on 15099] INFO  ipc.Server (Server.java:run(1402)) - IPC Server listener on 15099: starting
2023-08-25 11:34:43,850 [Datanode State Machine Daemon Thread] INFO  statemachine.DatanodeStateMachine (DatanodeStateMachine.java:lambda$startDaemon$0(538)) - Ozone container server started.
2023-08-25 11:34:43,850 [main] INFO  ozone.MiniOzoneClusterImpl (MiniOzoneClusterImpl.java:lambda$waitForClusterToBeReady$0(224)) - Waiting for nodes to be ready. Got 0 of 5 DN Heartbeats.
2023-08-25 11:34:43,851 [main] INFO  ozone.MiniOzoneClusterImpl (MiniOzoneClusterImpl.java:lambda$waitForClusterToBeReady$0(227)) - Waiting for cluster to exit safe mode
2023-08-25 11:34:43,851 [main] INFO  ozone.MiniOzoneClusterImpl (MiniOzoneClusterImpl.java:lambda$waitForClusterToBeReady$0(229)) - SCM became leader
2023-08-25 11:34:43,852 [Socket Reader #1 for port 15099] INFO  ipc.Server (Server.java:run(1323)) - Starting Socket Reader #1 for port 15099
2023-08-25 11:34:43,867 [Datanode State Machine Task Thread - 0] INFO  datanode.InitDatanodeState (InitDatanodeState.java:persistContainerDatanodeDetails(138)) - DatanodeDetails is persisted to /home/runner/work/ozone/ozone/hadoop-ozone/integration-test/target/test-dir/MiniOzoneClusterImpl-36fc3352-0e59-45fd-a08b-0e99224ecb60/datanode-4/meta/datanode.id
2023-08-25 11:34:44,328 [EndpointStateMachine task thread for /0.0.0.0:15055 - 0 ] INFO  utils.DatanodeStoreCache (DatanodeStoreCache.java:addDB(66)) - Added db /home/runner/work/ozone/ozone/hadoop-ozone/integration-test/target/test-dir/MiniOzoneClusterImpl-36fc3352-0e59-45fd-a08b-0e99224ecb60/datanode-0/data-0/containers/hdds/36fc3352-0e59-45fd-a08b-0e99224ecb60/DS-fca6eb99-54b1-4e57-88b5-dfc039c23e6a/container.db to cache
2023-08-25 11:34:44,330 [EndpointStateMachine task thread for /0.0.0.0:15055 - 0 ] INFO  volume.HddsVolume (HddsVolume.java:createDbStore(422)) - SchemaV3 db is created and loaded at /home/runner/work/ozone/ozone/hadoop-ozone/integration-test/target/test-dir/MiniOzoneClusterImpl-36fc3352-0e59-45fd-a08b-0e99224ecb60/datanode-0/data-0/containers/hdds/36fc3352-0e59-45fd-a08b-0e99224ecb60/DS-fca6eb99-54b1-4e57-88b5-dfc039c23e6a/container.db for volume DS-fca6eb99-54b1-4e57-88b5-dfc039c23e6a
2023-08-25 11:34:44,331 [EndpointStateMachine task thread for /0.0.0.0:15055 - 0 ] INFO  volume.ThrottledAsyncChecker (ThrottledAsyncChecker.java:schedule(141)) - Scheduling a check for /home/runner/work/ozone/ozone/hadoop-ozone/integration-test/target/test-dir/MiniOzoneClusterImpl-36fc3352-0e59-45fd-a08b-0e99224ecb60/datanode-0/data-0/containers/hdds
2023-08-25 11:34:44,335 [EndpointStateMachine task thread for /0.0.0.0:15055 - 0 ] INFO  volume.StorageVolumeChecker (StorageVolumeChecker.java:checkAllVolumes(213)) - Scheduled health check for volume /home/runner/work/ozone/ozone/hadoop-ozone/integration-test/target/test-dir/MiniOzoneClusterImpl-36fc3352-0e59-45fd-a08b-0e99224ecb60/datanode-0/data-0/containers/hdds
2023-08-25 11:34:44,340 [EndpointStateMachine task thread for /0.0.0.0:15055 - 0 ] INFO  volume.ThrottledAsyncChecker (ThrottledAsyncChecker.java:schedule(141)) - Scheduling a check for /home/runner/work/ozone/ozone/hadoop-ozone/integration-test/target/test-dir/MiniOzoneClusterImpl-36fc3352-0e59-45fd-a08b-0e99224ecb60/datanode-0/data/ratis
2023-08-25 11:34:44,341 [EndpointStateMachine task thread for /0.0.0.0:15055 - 0 ] INFO  volume.StorageVolumeChecker (StorageVolumeChecker.java:checkAllVolumes(213)) - Scheduled health check for volume /home/runner/work/ozone/ozone/hadoop-ozone/integration-test/target/test-dir/MiniOzoneClusterImpl-36fc3352-0e59-45fd-a08b-0e99224ecb60/datanode-0/data/ratis
2023-08-25 11:34:44,345 [EndpointStateMachine task thread for /0.0.0.0:15055 - 0 ] INFO  ozoneimpl.OzoneContainer (OzoneContainer.java:start(429)) - Attempting to start container services.
2023-08-25 11:34:44,345 [EndpointStateMachine task thread for /0.0.0.0:15055 - 0 ] INFO  ozoneimpl.OzoneContainer (OzoneContainer.java:startContainerScrub(325)) - Scheduled background container scanners and the on-demand container scanner have been disabled.
2023-08-25 11:34:44,350 [EndpointStateMachine task thread for /0.0.0.0:15055 - 0 ] INFO  replication.ReplicationServer (ReplicationServer.java:start(130)) - ReplicationServer is started using port 15069
2023-08-25 11:34:44,350 [EndpointStateMachine task thread for /0.0.0.0:15055 - 0 ] INFO  ratis.XceiverServerRatis (XceiverServerRatis.java:start(517)) - Starting XceiverServerRatis 16866294-0bab-4ae5-8da9-294ec4800f35
2023-08-25 11:34:44,351 [EndpointStateMachine task thread for /0.0.0.0:15055 - 0 ] INFO  server.RaftServer (RaftServerProxy.java:startImpl(400)) - 16866294-0bab-4ae5-8da9-294ec4800f35: start RPC server
2023-08-25 11:34:44,353 [EndpointStateMachine task thread for /0.0.0.0:15055 - 0 ] INFO  server.GrpcService (GrpcService.java:startImpl(302)) - 16866294-0bab-4ae5-8da9-294ec4800f35: GrpcService started, listening on 15065
2023-08-25 11:34:44,355 [EndpointStateMachine task thread for /0.0.0.0:15055 - 0 ] INFO  server.GrpcService (GrpcService.java:startImpl(302)) - 16866294-0bab-4ae5-8da9-294ec4800f35: GrpcService started, listening on 15067
2023-08-25 11:34:44,358 [EndpointStateMachine task thread for /0.0.0.0:15055 - 0 ] INFO  server.GrpcService (GrpcService.java:startImpl(302)) - 16866294-0bab-4ae5-8da9-294ec4800f35: GrpcService started, listening on 15066
2023-08-25 11:34:44,358 [EndpointStateMachine task thread for /0.0.0.0:15055 - 0 ] INFO  ratis.XceiverServerRatis (XceiverServerRatis.java:getRealPort(543)) - XceiverServerRatis 16866294-0bab-4ae5-8da9-294ec4800f35 is started using port 15065 for RATIS
2023-08-25 11:34:44,358 [JvmPauseMonitor9] INFO  util.JvmPauseMonitor (JvmPauseMonitor.java:run(103)) - JvmPauseMonitor-16866294-0bab-4ae5-8da9-294ec4800f35: Started
2023-08-25 11:34:44,358 [EndpointStateMachine task thread for /0.0.0.0:15055 - 0 ] INFO  ratis.XceiverServerRatis (XceiverServerRatis.java:getRealPort(543)) - XceiverServerRatis 16866294-0bab-4ae5-8da9-294ec4800f35 is started using port 15066 for RATIS_ADMIN
2023-08-25 11:34:44,358 [EndpointStateMachine task thread for /0.0.0.0:15055 - 0 ] INFO  ratis.XceiverServerRatis (XceiverServerRatis.java:getRealPort(543)) - XceiverServerRatis 16866294-0bab-4ae5-8da9-294ec4800f35 is started using port 15067 for RATIS_SERVER
2023-08-25 11:34:44,358 [EndpointStateMachine task thread for /0.0.0.0:15055 - 0 ] INFO  ratis.XceiverServerRatis (XceiverServerRatis.java:getRealPort(543)) - XceiverServerRatis 16866294-0bab-4ae5-8da9-294ec4800f35 is started using port 15068 for RATIS_DATASTREAM
2023-08-25 11:34:44,361 [BlockDeletingService#0] INFO  interfaces.ContainerDeletionChoosingPolicyTemplate (ContainerDeletionChoosingPolicyTemplate.java:chooseContainerForBlockDeletion(85)) - Chosen 0/5000 blocks from 0 candidate containers.
2023-08-25 11:34:44,795 [EndpointStateMachine task thread for /0.0.0.0:15055 - 0 ] INFO  utils.DatanodeStoreCache (DatanodeStoreCache.java:addDB(66)) - Added db /home/runner/work/ozone/ozone/hadoop-ozone/integration-test/target/test-dir/MiniOzoneClusterImpl-36fc3352-0e59-45fd-a08b-0e99224ecb60/datanode-1/data-0/containers/hdds/36fc3352-0e59-45fd-a08b-0e99224ecb60/DS-583f7082-9647-4147-a7af-4241f3815ab3/container.db to cache
2023-08-25 11:34:44,795 [EndpointStateMachine task thread for /0.0.0.0:15055 - 0 ] INFO  volume.HddsVolume (HddsVolume.java:createDbStore(422)) - SchemaV3 db is created and loaded at /home/runner/work/ozone/ozone/hadoop-ozone/integration-test/target/test-dir/MiniOzoneClusterImpl-36fc3352-0e59-45fd-a08b-0e99224ecb60/datanode-1/data-0/containers/hdds/36fc3352-0e59-45fd-a08b-0e99224ecb60/DS-583f7082-9647-4147-a7af-4241f3815ab3/container.db for volume DS-583f7082-9647-4147-a7af-4241f3815ab3
2023-08-25 11:34:44,796 [EndpointStateMachine task thread for /0.0.0.0:15055 - 0 ] INFO  volume.ThrottledAsyncChecker (ThrottledAsyncChecker.java:schedule(141)) - Scheduling a check for /home/runner/work/ozone/ozone/hadoop-ozone/integration-test/target/test-dir/MiniOzoneClusterImpl-36fc3352-0e59-45fd-a08b-0e99224ecb60/datanode-1/data-0/containers/hdds
2023-08-25 11:34:44,801 [EndpointStateMachine task thread for /0.0.0.0:15055 - 0 ] INFO  volume.StorageVolumeChecker (StorageVolumeChecker.java:checkAllVolumes(213)) - Scheduled health check for volume /home/runner/work/ozone/ozone/hadoop-ozone/integration-test/target/test-dir/MiniOzoneClusterImpl-36fc3352-0e59-45fd-a08b-0e99224ecb60/datanode-1/data-0/containers/hdds
2023-08-25 11:34:44,804 [EndpointStateMachine task thread for /0.0.0.0:15055 - 0 ] INFO  volume.ThrottledAsyncChecker (ThrottledAsyncChecker.java:schedule(141)) - Scheduling a check for /home/runner/work/ozone/ozone/hadoop-ozone/integration-test/target/test-dir/MiniOzoneClusterImpl-36fc3352-0e59-45fd-a08b-0e99224ecb60/datanode-1/data/ratis
2023-08-25 11:34:44,804 [EndpointStateMachine task thread for /0.0.0.0:15055 - 0 ] INFO  volume.StorageVolumeChecker (StorageVolumeChecker.java:checkAllVolumes(213)) - Scheduled health check for volume /home/runner/work/ozone/ozone/hadoop-ozone/integration-test/target/test-dir/MiniOzoneClusterImpl-36fc3352-0e59-45fd-a08b-0e99224ecb60/datanode-1/data/ratis
2023-08-25 11:34:44,809 [EndpointStateMachine task thread for /0.0.0.0:15055 - 0 ] INFO  ozoneimpl.OzoneContainer (OzoneContainer.java:start(429)) - Attempting to start container services.
2023-08-25 11:34:44,809 [EndpointStateMachine task thread for /0.0.0.0:15055 - 0 ] INFO  ozoneimpl.OzoneContainer (OzoneContainer.java:startContainerScrub(325)) - Scheduled background container scanners and the on-demand container scanner have been disabled.
2023-08-25 11:34:44,810 [EndpointStateMachine task thread for /0.0.0.0:15055 - 0 ] INFO  replication.ReplicationServer (ReplicationServer.java:start(130)) - ReplicationServer is started using port 15078
2023-08-25 11:34:44,810 [EndpointStateMachine task thread for /0.0.0.0:15055 - 0 ] INFO  ratis.XceiverServerRatis (XceiverServerRatis.java:start(517)) - Starting XceiverServerRatis 6fb87cf7-6010-4447-ac68-4b216325e026
2023-08-25 11:34:44,811 [EndpointStateMachine task thread for /0.0.0.0:15055 - 0 ] INFO  server.RaftServer (RaftServerProxy.java:startImpl(400)) - 6fb87cf7-6010-4447-ac68-4b216325e026: start RPC server
2023-08-25 11:34:44,812 [EndpointStateMachine task thread for /0.0.0.0:15055 - 0 ] INFO  server.GrpcService (GrpcService.java:startImpl(302)) - 6fb87cf7-6010-4447-ac68-4b216325e026: GrpcService started, listening on 15074
2023-08-25 11:34:44,813 [EndpointStateMachine task thread for /0.0.0.0:15055 - 0 ] INFO  server.GrpcService (GrpcService.java:startImpl(302)) - 6fb87cf7-6010-4447-ac68-4b216325e026: GrpcService started, listening on 15076
2023-08-25 11:34:44,816 [EndpointStateMachine task thread for /0.0.0.0:15055 - 0 ] INFO  server.GrpcService (GrpcService.java:startImpl(302)) - 6fb87cf7-6010-4447-ac68-4b216325e026: GrpcService started, listening on 15075
2023-08-25 11:34:44,817 [EndpointStateMachine task thread for /0.0.0.0:15055 - 0 ] INFO  ratis.XceiverServerRatis (XceiverServerRatis.java:getRealPort(543)) - XceiverServerRatis 6fb87cf7-6010-4447-ac68-4b216325e026 is started using port 15074 for RATIS
2023-08-25 11:34:44,817 [JvmPauseMonitor10] INFO  util.JvmPauseMonitor (JvmPauseMonitor.java:run(103)) - JvmPauseMonitor-6fb87cf7-6010-4447-ac68-4b216325e026: Started
2023-08-25 11:34:44,817 [EndpointStateMachine task thread for /0.0.0.0:15055 - 0 ] INFO  ratis.XceiverServerRatis (XceiverServerRatis.java:getRealPort(543)) - XceiverServerRatis 6fb87cf7-6010-4447-ac68-4b216325e026 is started using port 15075 for RATIS_ADMIN
2023-08-25 11:34:44,817 [EndpointStateMachine task thread for /0.0.0.0:15055 - 0 ] INFO  ratis.XceiverServerRatis (XceiverServerRatis.java:getRealPort(543)) - XceiverServerRatis 6fb87cf7-6010-4447-ac68-4b216325e026 is started using port 15076 for RATIS_SERVER
2023-08-25 11:34:44,817 [EndpointStateMachine task thread for /0.0.0.0:15055 - 0 ] INFO  ratis.XceiverServerRatis (XceiverServerRatis.java:getRealPort(543)) - XceiverServerRatis 6fb87cf7-6010-4447-ac68-4b216325e026 is started using port 15077 for RATIS_DATASTREAM
2023-08-25 11:34:44,819 [BlockDeletingService#0] INFO  interfaces.ContainerDeletionChoosingPolicyTemplate (ContainerDeletionChoosingPolicyTemplate.java:chooseContainerForBlockDeletion(85)) - Chosen 0/5000 blocks from 0 candidate containers.
2023-08-25 11:34:44,851 [main] INFO  ozone.MiniOzoneClusterImpl (MiniOzoneClusterImpl.java:lambda$waitForClusterToBeReady$0(224)) - Waiting for nodes to be ready. Got 0 of 5 DN Heartbeats.
2023-08-25 11:34:44,851 [main] INFO  ozone.MiniOzoneClusterImpl (MiniOzoneClusterImpl.java:lambda$waitForClusterToBeReady$0(227)) - Waiting for cluster to exit safe mode
2023-08-25 11:34:44,852 [main] INFO  ozone.MiniOzoneClusterImpl (MiniOzoneClusterImpl.java:lambda$waitForClusterToBeReady$0(229)) - SCM became leader
2023-08-25 11:34:45,176 [EndpointStateMachine task thread for /0.0.0.0:15055 - 0 ] INFO  utils.DatanodeStoreCache (DatanodeStoreCache.java:addDB(66)) - Added db /home/runner/work/ozone/ozone/hadoop-ozone/integration-test/target/test-dir/MiniOzoneClusterImpl-36fc3352-0e59-45fd-a08b-0e99224ecb60/datanode-2/data-0/containers/hdds/36fc3352-0e59-45fd-a08b-0e99224ecb60/DS-91d9a81c-745a-4c5c-9e1b-bbdfc5e0e683/container.db to cache
2023-08-25 11:34:45,177 [EndpointStateMachine task thread for /0.0.0.0:15055 - 0 ] INFO  volume.HddsVolume (HddsVolume.java:createDbStore(422)) - SchemaV3 db is created and loaded at /home/runner/work/ozone/ozone/hadoop-ozone/integration-test/target/test-dir/MiniOzoneClusterImpl-36fc3352-0e59-45fd-a08b-0e99224ecb60/datanode-2/data-0/containers/hdds/36fc3352-0e59-45fd-a08b-0e99224ecb60/DS-91d9a81c-745a-4c5c-9e1b-bbdfc5e0e683/container.db for volume DS-91d9a81c-745a-4c5c-9e1b-bbdfc5e0e683
2023-08-25 11:34:45,178 [EndpointStateMachine task thread for /0.0.0.0:15055 - 0 ] INFO  volume.ThrottledAsyncChecker (ThrottledAsyncChecker.java:schedule(141)) - Scheduling a check for /home/runner/work/ozone/ozone/hadoop-ozone/integration-test/target/test-dir/MiniOzoneClusterImpl-36fc3352-0e59-45fd-a08b-0e99224ecb60/datanode-2/data-0/containers/hdds
2023-08-25 11:34:45,179 [EndpointStateMachine task thread for /0.0.0.0:15055 - 0 ] INFO  volume.StorageVolumeChecker (StorageVolumeChecker.java:checkAllVolumes(213)) - Scheduled health check for volume /home/runner/work/ozone/ozone/hadoop-ozone/integration-test/target/test-dir/MiniOzoneClusterImpl-36fc3352-0e59-45fd-a08b-0e99224ecb60/datanode-2/data-0/containers/hdds
2023-08-25 11:34:45,182 [EndpointStateMachine task thread for /0.0.0.0:15055 - 0 ] INFO  volume.ThrottledAsyncChecker (ThrottledAsyncChecker.java:schedule(141)) - Scheduling a check for /home/runner/work/ozone/ozone/hadoop-ozone/integration-test/target/test-dir/MiniOzoneClusterImpl-36fc3352-0e59-45fd-a08b-0e99224ecb60/datanode-2/data/ratis
2023-08-25 11:34:45,182 [EndpointStateMachine task thread for /0.0.0.0:15055 - 0 ] INFO  volume.StorageVolumeChecker (StorageVolumeChecker.java:checkAllVolumes(213)) - Scheduled health check for volume /home/runner/work/ozone/ozone/hadoop-ozone/integration-test/target/test-dir/MiniOzoneClusterImpl-36fc3352-0e59-45fd-a08b-0e99224ecb60/datanode-2/data/ratis
2023-08-25 11:34:45,184 [EndpointStateMachine task thread for /0.0.0.0:15055 - 0 ] INFO  ozoneimpl.OzoneContainer (OzoneContainer.java:start(429)) - Attempting to start container services.
2023-08-25 11:34:45,184 [EndpointStateMachine task thread for /0.0.0.0:15055 - 0 ] INFO  ozoneimpl.OzoneContainer (OzoneContainer.java:startContainerScrub(325)) - Scheduled background container scanners and the on-demand container scanner have been disabled.
2023-08-25 11:34:45,185 [EndpointStateMachine task thread for /0.0.0.0:15055 - 0 ] INFO  replication.ReplicationServer (ReplicationServer.java:start(130)) - ReplicationServer is started using port 15087
2023-08-25 11:34:45,185 [EndpointStateMachine task thread for /0.0.0.0:15055 - 0 ] INFO  ratis.XceiverServerRatis (XceiverServerRatis.java:start(517)) - Starting XceiverServerRatis 85c49798-3560-4dc9-a596-09ecbe4a8df4
2023-08-25 11:34:45,186 [EndpointStateMachine task thread for /0.0.0.0:15055 - 0 ] INFO  server.RaftServer (RaftServerProxy.java:startImpl(400)) - 85c49798-3560-4dc9-a596-09ecbe4a8df4: start RPC server
2023-08-25 11:34:45,187 [EndpointStateMachine task thread for /0.0.0.0:15055 - 0 ] INFO  server.GrpcService (GrpcService.java:startImpl(302)) - 85c49798-3560-4dc9-a596-09ecbe4a8df4: GrpcService started, listening on 15083
2023-08-25 11:34:45,188 [EndpointStateMachine task thread for /0.0.0.0:15055 - 0 ] INFO  server.GrpcService (GrpcService.java:startImpl(302)) - 85c49798-3560-4dc9-a596-09ecbe4a8df4: GrpcService started, listening on 15085
2023-08-25 11:34:45,189 [EndpointStateMachine task thread for /0.0.0.0:15055 - 0 ] INFO  server.GrpcService (GrpcService.java:startImpl(302)) - 85c49798-3560-4dc9-a596-09ecbe4a8df4: GrpcService started, listening on 15084
2023-08-25 11:34:45,189 [EndpointStateMachine task thread for /0.0.0.0:15055 - 0 ] INFO  ratis.XceiverServerRatis (XceiverServerRatis.java:getRealPort(543)) - XceiverServerRatis 85c49798-3560-4dc9-a596-09ecbe4a8df4 is started using port 15083 for RATIS
2023-08-25 11:34:45,189 [EndpointStateMachine task thread for /0.0.0.0:15055 - 0 ] INFO  ratis.XceiverServerRatis (XceiverServerRatis.java:getRealPort(543)) - XceiverServerRatis 85c49798-3560-4dc9-a596-09ecbe4a8df4 is started using port 15084 for RATIS_ADMIN
2023-08-25 11:34:45,189 [EndpointStateMachine task thread for /0.0.0.0:15055 - 0 ] INFO  ratis.XceiverServerRatis (XceiverServerRatis.java:getRealPort(543)) - XceiverServerRatis 85c49798-3560-4dc9-a596-09ecbe4a8df4 is started using port 15085 for RATIS_SERVER
2023-08-25 11:34:45,189 [EndpointStateMachine task thread for /0.0.0.0:15055 - 0 ] INFO  ratis.XceiverServerRatis (XceiverServerRatis.java:getRealPort(543)) - XceiverServerRatis 85c49798-3560-4dc9-a596-09ecbe4a8df4 is started using port 15086 for RATIS_DATASTREAM
2023-08-25 11:34:45,189 [JvmPauseMonitor11] INFO  util.JvmPauseMonitor (JvmPauseMonitor.java:run(103)) - JvmPauseMonitor-85c49798-3560-4dc9-a596-09ecbe4a8df4: Started
2023-08-25 11:34:45,194 [BlockDeletingService#0] INFO  interfaces.ContainerDeletionChoosingPolicyTemplate (ContainerDeletionChoosingPolicyTemplate.java:chooseContainerForBlockDeletion(85)) - Chosen 0/5000 blocks from 0 candidate containers.
2023-08-25 11:34:45,539 [EndpointStateMachine task thread for /0.0.0.0:15055 - 0 ] INFO  utils.DatanodeStoreCache (DatanodeStoreCache.java:addDB(66)) - Added db /home/runner/work/ozone/ozone/hadoop-ozone/integration-test/target/test-dir/MiniOzoneClusterImpl-36fc3352-0e59-45fd-a08b-0e99224ecb60/datanode-3/data-0/containers/hdds/36fc3352-0e59-45fd-a08b-0e99224ecb60/DS-ca14dce8-12a0-47a9-9fcb-01c2c511bd2a/container.db to cache
2023-08-25 11:34:45,539 [EndpointStateMachine task thread for /0.0.0.0:15055 - 0 ] INFO  volume.HddsVolume (HddsVolume.java:createDbStore(422)) - SchemaV3 db is created and loaded at /home/runner/work/ozone/ozone/hadoop-ozone/integration-test/target/test-dir/MiniOzoneClusterImpl-36fc3352-0e59-45fd-a08b-0e99224ecb60/datanode-3/data-0/containers/hdds/36fc3352-0e59-45fd-a08b-0e99224ecb60/DS-ca14dce8-12a0-47a9-9fcb-01c2c511bd2a/container.db for volume DS-ca14dce8-12a0-47a9-9fcb-01c2c511bd2a
2023-08-25 11:34:45,540 [EndpointStateMachine task thread for /0.0.0.0:15055 - 0 ] INFO  volume.ThrottledAsyncChecker (ThrottledAsyncChecker.java:schedule(141)) - Scheduling a check for /home/runner/work/ozone/ozone/hadoop-ozone/integration-test/target/test-dir/MiniOzoneClusterImpl-36fc3352-0e59-45fd-a08b-0e99224ecb60/datanode-3/data-0/containers/hdds
2023-08-25 11:34:45,540 [EndpointStateMachine task thread for /0.0.0.0:15055 - 0 ] INFO  volume.StorageVolumeChecker (StorageVolumeChecker.java:checkAllVolumes(213)) - Scheduled health check for volume /home/runner/work/ozone/ozone/hadoop-ozone/integration-test/target/test-dir/MiniOzoneClusterImpl-36fc3352-0e59-45fd-a08b-0e99224ecb60/datanode-3/data-0/containers/hdds
2023-08-25 11:34:45,544 [EndpointStateMachine task thread for /0.0.0.0:15055 - 0 ] INFO  volume.ThrottledAsyncChecker (ThrottledAsyncChecker.java:schedule(141)) - Scheduling a check for /home/runner/work/ozone/ozone/hadoop-ozone/integration-test/target/test-dir/MiniOzoneClusterImpl-36fc3352-0e59-45fd-a08b-0e99224ecb60/datanode-3/data/ratis
2023-08-25 11:34:45,545 [EndpointStateMachine task thread for /0.0.0.0:15055 - 0 ] INFO  volume.StorageVolumeChecker (StorageVolumeChecker.java:checkAllVolumes(213)) - Scheduled health check for volume /home/runner/work/ozone/ozone/hadoop-ozone/integration-test/target/test-dir/MiniOzoneClusterImpl-36fc3352-0e59-45fd-a08b-0e99224ecb60/datanode-3/data/ratis
2023-08-25 11:34:45,546 [EndpointStateMachine task thread for /0.0.0.0:15055 - 0 ] INFO  ozoneimpl.OzoneContainer (OzoneContainer.java:start(429)) - Attempting to start container services.
2023-08-25 11:34:45,546 [EndpointStateMachine task thread for /0.0.0.0:15055 - 0 ] INFO  ozoneimpl.OzoneContainer (OzoneContainer.java:startContainerScrub(325)) - Scheduled background container scanners and the on-demand container scanner have been disabled.
2023-08-25 11:34:45,547 [EndpointStateMachine task thread for /0.0.0.0:15055 - 0 ] INFO  replication.ReplicationServer (ReplicationServer.java:start(130)) - ReplicationServer is started using port 15096
2023-08-25 11:34:45,548 [EndpointStateMachine task thread for /0.0.0.0:15055 - 0 ] INFO  ratis.XceiverServerRatis (XceiverServerRatis.java:start(517)) - Starting XceiverServerRatis be1f1661-cb08-42a9-9c55-aeb71fb92a9a
2023-08-25 11:34:45,548 [EndpointStateMachine task thread for /0.0.0.0:15055 - 0 ] INFO  server.RaftServer (RaftServerProxy.java:startImpl(400)) - be1f1661-cb08-42a9-9c55-aeb71fb92a9a: start RPC server
2023-08-25 11:34:45,549 [EndpointStateMachine task thread for /0.0.0.0:15055 - 0 ] INFO  server.GrpcService (GrpcService.java:startImpl(302)) - be1f1661-cb08-42a9-9c55-aeb71fb92a9a: GrpcService started, listening on 15092
2023-08-25 11:34:45,550 [EndpointStateMachine task thread for /0.0.0.0:15055 - 0 ] INFO  server.GrpcService (GrpcService.java:startImpl(302)) - be1f1661-cb08-42a9-9c55-aeb71fb92a9a: GrpcService started, listening on 15094
2023-08-25 11:34:45,553 [EndpointStateMachine task thread for /0.0.0.0:15055 - 0 ] INFO  server.GrpcService (GrpcService.java:startImpl(302)) - be1f1661-cb08-42a9-9c55-aeb71fb92a9a: GrpcService started, listening on 15093
2023-08-25 11:34:45,553 [EndpointStateMachine task thread for /0.0.0.0:15055 - 0 ] INFO  ratis.XceiverServerRatis (XceiverServerRatis.java:getRealPort(543)) - XceiverServerRatis be1f1661-cb08-42a9-9c55-aeb71fb92a9a is started using port 15092 for RATIS
2023-08-25 11:34:45,553 [EndpointStateMachine task thread for /0.0.0.0:15055 - 0 ] INFO  ratis.XceiverServerRatis (XceiverServerRatis.java:getRealPort(543)) - XceiverServerRatis be1f1661-cb08-42a9-9c55-aeb71fb92a9a is started using port 15093 for RATIS_ADMIN
2023-08-25 11:34:45,553 [JvmPauseMonitor12] INFO  util.JvmPauseMonitor (JvmPauseMonitor.java:run(103)) - JvmPauseMonitor-be1f1661-cb08-42a9-9c55-aeb71fb92a9a: Started
2023-08-25 11:34:45,553 [EndpointStateMachine task thread for /0.0.0.0:15055 - 0 ] INFO  ratis.XceiverServerRatis (XceiverServerRatis.java:getRealPort(543)) - XceiverServerRatis be1f1661-cb08-42a9-9c55-aeb71fb92a9a is started using port 15094 for RATIS_SERVER
2023-08-25 11:34:45,553 [EndpointStateMachine task thread for /0.0.0.0:15055 - 0 ] INFO  ratis.XceiverServerRatis (XceiverServerRatis.java:getRealPort(543)) - XceiverServerRatis be1f1661-cb08-42a9-9c55-aeb71fb92a9a is started using port 15095 for RATIS_DATASTREAM
2023-08-25 11:34:45,556 [BlockDeletingService#0] INFO  interfaces.ContainerDeletionChoosingPolicyTemplate (ContainerDeletionChoosingPolicyTemplate.java:chooseContainerForBlockDeletion(85)) - Chosen 0/5000 blocks from 0 candidate containers.
2023-08-25 11:34:45,852 [main] INFO  ozone.MiniOzoneClusterImpl (MiniOzoneClusterImpl.java:lambda$waitForClusterToBeReady$0(224)) - Waiting for nodes to be ready. Got 0 of 5 DN Heartbeats.
2023-08-25 11:34:45,852 [main] INFO  ozone.MiniOzoneClusterImpl (MiniOzoneClusterImpl.java:lambda$waitForClusterToBeReady$0(227)) - Waiting for cluster to exit safe mode
2023-08-25 11:34:45,852 [main] INFO  ozone.MiniOzoneClusterImpl (MiniOzoneClusterImpl.java:lambda$waitForClusterToBeReady$0(229)) - SCM became leader
2023-08-25 11:34:45,922 [EndpointStateMachine task thread for /0.0.0.0:15055 - 0 ] INFO  utils.DatanodeStoreCache (DatanodeStoreCache.java:addDB(66)) - Added db /home/runner/work/ozone/ozone/hadoop-ozone/integration-test/target/test-dir/MiniOzoneClusterImpl-36fc3352-0e59-45fd-a08b-0e99224ecb60/datanode-4/data-0/containers/hdds/36fc3352-0e59-45fd-a08b-0e99224ecb60/DS-80a493ab-9e3b-4c11-85ca-01a8ec5c949c/container.db to cache
2023-08-25 11:34:45,922 [EndpointStateMachine task thread for /0.0.0.0:15055 - 0 ] INFO  volume.HddsVolume (HddsVolume.java:createDbStore(422)) - SchemaV3 db is created and loaded at /home/runner/work/ozone/ozone/hadoop-ozone/integration-test/target/test-dir/MiniOzoneClusterImpl-36fc3352-0e59-45fd-a08b-0e99224ecb60/datanode-4/data-0/containers/hdds/36fc3352-0e59-45fd-a08b-0e99224ecb60/DS-80a493ab-9e3b-4c11-85ca-01a8ec5c949c/container.db for volume DS-80a493ab-9e3b-4c11-85ca-01a8ec5c949c
2023-08-25 11:34:45,923 [EndpointStateMachine task thread for /0.0.0.0:15055 - 0 ] INFO  volume.ThrottledAsyncChecker (ThrottledAsyncChecker.java:schedule(141)) - Scheduling a check for /home/runner/work/ozone/ozone/hadoop-ozone/integration-test/target/test-dir/MiniOzoneClusterImpl-36fc3352-0e59-45fd-a08b-0e99224ecb60/datanode-4/data-0/containers/hdds
2023-08-25 11:34:45,924 [EndpointStateMachine task thread for /0.0.0.0:15055 - 0 ] INFO  volume.StorageVolumeChecker (StorageVolumeChecker.java:checkAllVolumes(213)) - Scheduled health check for volume /home/runner/work/ozone/ozone/hadoop-ozone/integration-test/target/test-dir/MiniOzoneClusterImpl-36fc3352-0e59-45fd-a08b-0e99224ecb60/datanode-4/data-0/containers/hdds
2023-08-25 11:34:45,928 [EndpointStateMachine task thread for /0.0.0.0:15055 - 0 ] INFO  volume.ThrottledAsyncChecker (ThrottledAsyncChecker.java:schedule(141)) - Scheduling a check for /home/runner/work/ozone/ozone/hadoop-ozone/integration-test/target/test-dir/MiniOzoneClusterImpl-36fc3352-0e59-45fd-a08b-0e99224ecb60/datanode-4/data/ratis
2023-08-25 11:34:45,928 [EndpointStateMachine task thread for /0.0.0.0:15055 - 0 ] INFO  volume.StorageVolumeChecker (StorageVolumeChecker.java:checkAllVolumes(213)) - Scheduled health check for volume /home/runner/work/ozone/ozone/hadoop-ozone/integration-test/target/test-dir/MiniOzoneClusterImpl-36fc3352-0e59-45fd-a08b-0e99224ecb60/datanode-4/data/ratis
2023-08-25 11:34:45,930 [EndpointStateMachine task thread for /0.0.0.0:15055 - 0 ] INFO  ozoneimpl.OzoneContainer (OzoneContainer.java:start(429)) - Attempting to start container services.
2023-08-25 11:34:45,931 [EndpointStateMachine task thread for /0.0.0.0:15055 - 0 ] INFO  ozoneimpl.OzoneContainer (OzoneContainer.java:startContainerScrub(325)) - Scheduled background container scanners and the on-demand container scanner have been disabled.
2023-08-25 11:34:45,936 [EndpointStateMachine task thread for /0.0.0.0:15055 - 0 ] INFO  replication.ReplicationServer (ReplicationServer.java:start(130)) - ReplicationServer is started using port 15105
2023-08-25 11:34:45,936 [EndpointStateMachine task thread for /0.0.0.0:15055 - 0 ] INFO  ratis.XceiverServerRatis (XceiverServerRatis.java:start(517)) - Starting XceiverServerRatis 3bcb9728-7d1d-45db-b3c3-ee1d25f73c3d
2023-08-25 11:34:45,937 [EndpointStateMachine task thread for /0.0.0.0:15055 - 0 ] INFO  server.RaftServer (RaftServerProxy.java:startImpl(400)) - 3bcb9728-7d1d-45db-b3c3-ee1d25f73c3d: start RPC server
2023-08-25 11:34:45,940 [EndpointStateMachine task thread for /0.0.0.0:15055 - 0 ] INFO  server.GrpcService (GrpcService.java:startImpl(302)) - 3bcb9728-7d1d-45db-b3c3-ee1d25f73c3d: GrpcService started, listening on 15101
2023-08-25 11:34:45,941 [EndpointStateMachine task thread for /0.0.0.0:15055 - 0 ] INFO  server.GrpcService (GrpcService.java:startImpl(302)) - 3bcb9728-7d1d-45db-b3c3-ee1d25f73c3d: GrpcService started, listening on 15103
2023-08-25 11:34:45,942 [EndpointStateMachine task thread for /0.0.0.0:15055 - 0 ] INFO  server.GrpcService (GrpcService.java:startImpl(302)) - 3bcb9728-7d1d-45db-b3c3-ee1d25f73c3d: GrpcService started, listening on 15102
2023-08-25 11:34:45,943 [EndpointStateMachine task thread for /0.0.0.0:15055 - 0 ] INFO  ratis.XceiverServerRatis (XceiverServerRatis.java:getRealPort(543)) - XceiverServerRatis 3bcb9728-7d1d-45db-b3c3-ee1d25f73c3d is started using port 15101 for RATIS
2023-08-25 11:34:45,943 [JvmPauseMonitor13] INFO  util.JvmPauseMonitor (JvmPauseMonitor.java:run(103)) - JvmPauseMonitor-3bcb9728-7d1d-45db-b3c3-ee1d25f73c3d: Started
2023-08-25 11:34:45,943 [EndpointStateMachine task thread for /0.0.0.0:15055 - 0 ] INFO  ratis.XceiverServerRatis (XceiverServerRatis.java:getRealPort(543)) - XceiverServerRatis 3bcb9728-7d1d-45db-b3c3-ee1d25f73c3d is started using port 15102 for RATIS_ADMIN
2023-08-25 11:34:45,943 [EndpointStateMachine task thread for /0.0.0.0:15055 - 0 ] INFO  ratis.XceiverServerRatis (XceiverServerRatis.java:getRealPort(543)) - XceiverServerRatis 3bcb9728-7d1d-45db-b3c3-ee1d25f73c3d is started using port 15103 for RATIS_SERVER
2023-08-25 11:34:45,943 [EndpointStateMachine task thread for /0.0.0.0:15055 - 0 ] INFO  ratis.XceiverServerRatis (XceiverServerRatis.java:getRealPort(543)) - XceiverServerRatis 3bcb9728-7d1d-45db-b3c3-ee1d25f73c3d is started using port 15104 for RATIS_DATASTREAM
2023-08-25 11:34:45,948 [BlockDeletingService#0] INFO  interfaces.ContainerDeletionChoosingPolicyTemplate (ContainerDeletionChoosingPolicyTemplate.java:chooseContainerForBlockDeletion(85)) - Chosen 0/5000 blocks from 0 candidate containers.
2023-08-25 11:34:46,272 [IPC Server handler 3 on default port 15055] INFO  net.NetworkTopologyImpl (NetworkTopologyImpl.java:add(112)) - Added a new node: /default-rack/16866294-0bab-4ae5-8da9-294ec4800f35
2023-08-25 11:34:46,273 [IPC Server handler 3 on default port 15055] INFO  node.SCMNodeManager (SCMNodeManager.java:register(405)) - Registered Data node : 16866294-0bab-4ae5-8da9-294ec4800f35{ip: 10.1.0.52, host: fv-az508-118.q1hezrx03woe3mvmfegnvhq0ah.dx.internal.cloudapp.net, ports: [HTTP=15062, CLIENT_RPC=15063, REPLICATION=15069, RATIS=15065, RATIS_ADMIN=15066, RATIS_SERVER=15067, RATIS_DATASTREAM=15068, STANDALONE=15064], networkLocation: /default-rack, certSerialId: null, persistedOpState: null, persistedOpStateExpiryEpochSec: 0}
2023-08-25 11:34:46,276 [EventQueue-NewNodeForNewNodeHandler] INFO  pipeline.BackgroundPipelineCreator (BackgroundPipelineCreator.java:notifyEventTriggered(277)) - trigger a one-shot run on RatisPipelineUtilsThread.
2023-08-25 11:34:46,277 [EventQueue-NodeRegistrationContainerReportForDataNodeSafeModeRule] INFO  safemode.SCMSafeModeManager (DataNodeSafeModeRule.java:process(71)) - SCM in safe mode. 1 DataNodes registered, 3 required.
2023-08-25 11:34:46,277 [RatisPipelineUtilsThread - 0] INFO  pipeline.RatisPipelineProvider (RatisPipelineProvider.java:lambda$create$0(206)) - Sending CreatePipelineCommand for pipeline:PipelineID=492ed05f-04fa-4ed1-be93-786ca0948f63 to datanode:16866294-0bab-4ae5-8da9-294ec4800f35
2023-08-25 11:34:46,277 [EventQueue-NodeRegistrationContainerReportForContainerSafeModeRule] INFO  safemode.SCMSafeModeManager (SCMSafeModeManager.java:validateSafeModeExitRules(200)) - ContainerSafeModeRule rule is successfully validated
2023-08-25 11:34:46,278 [RatisPipelineUtilsThread - 0] INFO  pipeline.BackgroundPipelineCreator (BackgroundPipelineCreator.java:createPipelines(233)) - Created new pipeline Pipeline[ Id: 492ed05f-04fa-4ed1-be93-786ca0948f63, Nodes: 16866294-0bab-4ae5-8da9-294ec4800f35(fv-az508-118.q1hezrx03woe3mvmfegnvhq0ah.dx.internal.cloudapp.net/10.1.0.52), ReplicationConfig: RATIS/ONE, State:ALLOCATED, leaderId:, CreationTimestamp2023-08-25T11:34:46.277Z[Etc/UTC]]
2023-08-25 11:34:46,286 [EventQueue-PipelineReportForOneReplicaPipelineSafeModeRule] INFO  safemode.SCMSafeModeManager (SCMSafeModeManager.java:validateSafeModeExitRules(200)) - AtleastOneDatanodeReportedRule rule is successfully validated
2023-08-25 11:34:46,727 [IPC Server handler 1 on default port 15055] INFO  net.NetworkTopologyImpl (NetworkTopologyImpl.java:add(112)) - Added a new node: /default-rack/6fb87cf7-6010-4447-ac68-4b216325e026
2023-08-25 11:34:46,727 [IPC Server handler 1 on default port 15055] INFO  node.SCMNodeManager (SCMNodeManager.java:register(405)) - Registered Data node : 6fb87cf7-6010-4447-ac68-4b216325e026{ip: 10.1.0.52, host: fv-az508-118.q1hezrx03woe3mvmfegnvhq0ah.dx.internal.cloudapp.net, ports: [HTTP=15071, CLIENT_RPC=15072, REPLICATION=15078, RATIS=15074, RATIS_ADMIN=15075, RATIS_SERVER=15076, RATIS_DATASTREAM=15077, STANDALONE=15073], networkLocation: /default-rack, certSerialId: null, persistedOpState: null, persistedOpStateExpiryEpochSec: 0}
2023-08-25 11:34:46,729 [EventQueue-NodeRegistrationContainerReportForDataNodeSafeModeRule] INFO  safemode.SCMSafeModeManager (DataNodeSafeModeRule.java:process(71)) - SCM in safe mode. 2 DataNodes registered, 3 required.
2023-08-25 11:34:46,730 [EventQueue-NewNodeForNewNodeHandler] INFO  pipeline.BackgroundPipelineCreator (BackgroundPipelineCreator.java:notifyEventTriggered(277)) - trigger a one-shot run on RatisPipelineUtilsThread.
2023-08-25 11:34:46,731 [RatisPipelineUtilsThread - 0] INFO  pipeline.RatisPipelineProvider (RatisPipelineProvider.java:lambda$create$0(206)) - Sending CreatePipelineCommand for pipeline:PipelineID=0a02ccf8-7670-4ede-b292-19946e6547a9 to datanode:6fb87cf7-6010-4447-ac68-4b216325e026
2023-08-25 11:34:46,731 [RatisPipelineUtilsThread - 0] INFO  pipeline.BackgroundPipelineCreator (BackgroundPipelineCreator.java:createPipelines(233)) - Created new pipeline Pipeline[ Id: 0a02ccf8-7670-4ede-b292-19946e6547a9, Nodes: 6fb87cf7-6010-4447-ac68-4b216325e026(fv-az508-118.q1hezrx03woe3mvmfegnvhq0ah.dx.internal.cloudapp.net/10.1.0.52), ReplicationConfig: RATIS/ONE, State:ALLOCATED, leaderId:, CreationTimestamp2023-08-25T11:34:46.730Z[Etc/UTC]]
2023-08-25 11:34:46,853 [main] INFO  ozone.MiniOzoneClusterImpl (MiniOzoneClusterImpl.java:lambda$waitForClusterToBeReady$0(224)) - Waiting for nodes to be ready. Got 2 of 5 DN Heartbeats.
2023-08-25 11:34:46,853 [main] INFO  ozone.MiniOzoneClusterImpl (MiniOzoneClusterImpl.java:lambda$waitForClusterToBeReady$0(227)) - Waiting for cluster to exit safe mode
2023-08-25 11:34:46,853 [main] INFO  ozone.MiniOzoneClusterImpl (MiniOzoneClusterImpl.java:lambda$waitForClusterToBeReady$0(229)) - SCM became leader
2023-08-25 11:34:47,110 [IPC Server handler 3 on default port 15055] INFO  net.NetworkTopologyImpl (NetworkTopologyImpl.java:add(112)) - Added a new node: /default-rack/85c49798-3560-4dc9-a596-09ecbe4a8df4
2023-08-25 11:34:47,111 [IPC Server handler 3 on default port 15055] INFO  node.SCMNodeManager (SCMNodeManager.java:register(405)) - Registered Data node : 85c49798-3560-4dc9-a596-09ecbe4a8df4{ip: 10.1.0.52, host: fv-az508-118.q1hezrx03woe3mvmfegnvhq0ah.dx.internal.cloudapp.net, ports: [HTTP=15080, CLIENT_RPC=15081, REPLICATION=15087, RATIS=15083, RATIS_ADMIN=15084, RATIS_SERVER=15085, RATIS_DATASTREAM=15086, STANDALONE=15082], networkLocation: /default-rack, certSerialId: null, persistedOpState: null, persistedOpStateExpiryEpochSec: 0}
2023-08-25 11:34:47,112 [EventQueue-NodeRegistrationContainerReportForDataNodeSafeModeRule] INFO  safemode.SCMSafeModeManager (DataNodeSafeModeRule.java:process(71)) - SCM in safe mode. 3 DataNodes registered, 3 required.
2023-08-25 11:34:47,112 [EventQueue-NodeRegistrationContainerReportForDataNodeSafeModeRule] INFO  safemode.SCMSafeModeManager (SCMSafeModeManager.java:validateSafeModeExitRules(200)) - DataNodeSafeModeRule rule is successfully validated
2023-08-25 11:34:47,112 [EventQueue-NodeRegistrationContainerReportForDataNodeSafeModeRule] INFO  safemode.SCMSafeModeManager (SCMSafeModeManager.java:completePreCheck(229)) - All SCM safe mode pre check rules have passed
2023-08-25 11:34:47,112 [EventQueue-NodeRegistrationContainerReportForDataNodeSafeModeRule] INFO  ha.SCMContext (SCMContext.java:updateSafeModeStatus(228)) - Update SafeModeStatus from SafeModeStatus{safeModeStatus=true, preCheckPassed=false} to SafeModeStatus{safeModeStatus=true, preCheckPassed=true}.
2023-08-25 11:34:47,112 [EventQueue-NodeRegistrationContainerReportForDataNodeSafeModeRule] INFO  pipeline.BackgroundPipelineCreator (BackgroundPipelineCreator.java:notifyEventTriggered(277)) - trigger a one-shot run on RatisPipelineUtilsThread.
2023-08-25 11:34:47,116 [RatisPipelineUtilsThread - 0] INFO  pipeline.RatisPipelineProvider (RatisPipelineProvider.java:lambda$create$0(206)) - Sending CreatePipelineCommand for pipeline:PipelineID=3fcb97d6-b289-40e9-99cb-bd9b704d0b35 to datanode:85c49798-3560-4dc9-a596-09ecbe4a8df4
2023-08-25 11:34:47,117 [RatisPipelineUtilsThread - 0] INFO  pipeline.BackgroundPipelineCreator (BackgroundPipelineCreator.java:createPipelines(233)) - Created new pipeline Pipeline[ Id: 3fcb97d6-b289-40e9-99cb-bd9b704d0b35, Nodes: 85c49798-3560-4dc9-a596-09ecbe4a8df4(fv-az508-118.q1hezrx03woe3mvmfegnvhq0ah.dx.internal.cloudapp.net/10.1.0.52), ReplicationConfig: RATIS/ONE, State:ALLOCATED, leaderId:, CreationTimestamp2023-08-25T11:34:47.116Z[Etc/UTC]]
2023-08-25 11:34:47,116 [EventQueue-NewNodeForNewNodeHandler] INFO  pipeline.BackgroundPipelineCreator (BackgroundPipelineCreator.java:notifyEventTriggered(277)) - trigger a one-shot run on RatisPipelineUtilsThread.
2023-08-25 11:34:47,118 [RatisPipelineUtilsThread - 0] INFO  pipeline.RatisPipelineProvider (RatisPipelineProvider.java:lambda$create$0(206)) - Sending CreatePipelineCommand for pipeline:PipelineID=83bcb3aa-1d36-4ab4-b1d9-d8ccd606c082 to datanode:16866294-0bab-4ae5-8da9-294ec4800f35
2023-08-25 11:34:47,118 [RatisPipelineUtilsThread - 0] INFO  pipeline.RatisPipelineProvider (RatisPipelineProvider.java:lambda$create$0(206)) - Sending CreatePipelineCommand for pipeline:PipelineID=83bcb3aa-1d36-4ab4-b1d9-d8ccd606c082 to datanode:85c49798-3560-4dc9-a596-09ecbe4a8df4
2023-08-25 11:34:47,118 [RatisPipelineUtilsThread - 0] INFO  pipeline.RatisPipelineProvider (RatisPipelineProvider.java:lambda$create$0(206)) - Sending CreatePipelineCommand for pipeline:PipelineID=83bcb3aa-1d36-4ab4-b1d9-d8ccd606c082 to datanode:6fb87cf7-6010-4447-ac68-4b216325e026
2023-08-25 11:34:47,118 [RatisPipelineUtilsThread - 0] INFO  pipeline.BackgroundPipelineCreator (BackgroundPipelineCreator.java:createPipelines(233)) - Created new pipeline Pipeline[ Id: 83bcb3aa-1d36-4ab4-b1d9-d8ccd606c082, Nodes: 16866294-0bab-4ae5-8da9-294ec4800f35(fv-az508-118.q1hezrx03woe3mvmfegnvhq0ah.dx.internal.cloudapp.net/10.1.0.52)85c49798-3560-4dc9-a596-09ecbe4a8df4(fv-az508-118.q1hezrx03woe3mvmfegnvhq0ah.dx.internal.cloudapp.net/10.1.0.52)6fb87cf7-6010-4447-ac68-4b216325e026(fv-az508-118.q1hezrx03woe3mvmfegnvhq0ah.dx.internal.cloudapp.net/10.1.0.52), ReplicationConfig: RATIS/THREE, State:ALLOCATED, leaderId:, CreationTimestamp2023-08-25T11:34:47.118Z[Etc/UTC]]
2023-08-25 11:34:47,121 [RatisPipelineUtilsThread - 0] INFO  pipeline.RatisPipelineProvider (RatisPipelineProvider.java:lambda$create$0(206)) - Sending CreatePipelineCommand for pipeline:PipelineID=da625676-3909-44fd-8a2b-8c0c4e35ef52 to datanode:16866294-0bab-4ae5-8da9-294ec4800f35
2023-08-25 11:34:47,121 [RatisPipelineUtilsThread - 0] INFO  pipeline.RatisPipelineProvider (RatisPipelineProvider.java:lambda$create$0(206)) - Sending CreatePipelineCommand for pipeline:PipelineID=da625676-3909-44fd-8a2b-8c0c4e35ef52 to datanode:85c49798-3560-4dc9-a596-09ecbe4a8df4
2023-08-25 11:34:47,121 [RatisPipelineUtilsThread - 0] INFO  pipeline.RatisPipelineProvider (RatisPipelineProvider.java:lambda$create$0(206)) - Sending CreatePipelineCommand for pipeline:PipelineID=da625676-3909-44fd-8a2b-8c0c4e35ef52 to datanode:6fb87cf7-6010-4447-ac68-4b216325e026
2023-08-25 11:34:47,123 [RatisPipelineUtilsThread - 0] INFO  pipeline.PipelineManagerImpl (PipelineManagerImpl.java:recordMetricsForPipeline(914)) - Pipeline: PipelineID=da625676-3909-44fd-8a2b-8c0c4e35ef52 contains same datanodes as previous pipelines: PipelineID=83bcb3aa-1d36-4ab4-b1d9-d8ccd606c082 nodeIds: 16866294-0bab-4ae5-8da9-294ec4800f35, 85c49798-3560-4dc9-a596-09ecbe4a8df4, 6fb87cf7-6010-4447-ac68-4b216325e026
2023-08-25 11:34:47,123 [RatisPipelineUtilsThread - 0] INFO  pipeline.BackgroundPipelineCreator (BackgroundPipelineCreator.java:createPipelines(233)) - Created new pipeline Pipeline[ Id: da625676-3909-44fd-8a2b-8c0c4e35ef52, Nodes: 16866294-0bab-4ae5-8da9-294ec4800f35(fv-az508-118.q1hezrx03woe3mvmfegnvhq0ah.dx.internal.cloudapp.net/10.1.0.52)85c49798-3560-4dc9-a596-09ecbe4a8df4(fv-az508-118.q1hezrx03woe3mvmfegnvhq0ah.dx.internal.cloudapp.net/10.1.0.52)6fb87cf7-6010-4447-ac68-4b216325e026(fv-az508-118.q1hezrx03woe3mvmfegnvhq0ah.dx.internal.cloudapp.net/10.1.0.52), ReplicationConfig: RATIS/THREE, State:ALLOCATED, leaderId:, CreationTimestamp2023-08-25T11:34:47.121Z[Etc/UTC]]
2023-08-25 11:34:47,123 [RatisPipelineUtilsThread - 0] WARN  pipeline.PipelinePlacementPolicy (PipelinePlacementPolicy.java:filterViableNodes(166)) - Pipeline creation failed due to no sufficient healthy datanodes. Required 3. Found 0. Excluded 3.
2023-08-25 11:34:47,125 [RatisPipelineUtilsThread - 0] WARN  pipeline.PipelinePlacementPolicy (PipelinePlacementPolicy.java:filterViableNodes(166)) - Pipeline creation failed due to no sufficient healthy datanodes. Required 3. Found 0. Excluded 3.
2023-08-25 11:34:47,490 [IPC Server handler 0 on default port 15055] INFO  net.NetworkTopologyImpl (NetworkTopologyImpl.java:add(112)) - Added a new node: /default-rack/be1f1661-cb08-42a9-9c55-aeb71fb92a9a
2023-08-25 11:34:47,491 [IPC Server handler 0 on default port 15055] INFO  node.SCMNodeManager (SCMNodeManager.java:register(405)) - Registered Data node : be1f1661-cb08-42a9-9c55-aeb71fb92a9a{ip: 10.1.0.52, host: fv-az508-118.q1hezrx03woe3mvmfegnvhq0ah.dx.internal.cloudapp.net, ports: [HTTP=15089, CLIENT_RPC=15090, REPLICATION=15096, RATIS=15092, RATIS_ADMIN=15093, RATIS_SERVER=15094, RATIS_DATASTREAM=15095, STANDALONE=15091], networkLocation: /default-rack, certSerialId: null, persistedOpState: null, persistedOpStateExpiryEpochSec: 0}
2023-08-25 11:34:47,491 [EventQueue-NewNodeForNewNodeHandler] INFO  pipeline.BackgroundPipelineCreator (BackgroundPipelineCreator.java:notifyEventTriggered(277)) - trigger a one-shot run on RatisPipelineUtilsThread.
2023-08-25 11:34:47,492 [RatisPipelineUtilsThread - 0] INFO  pipeline.RatisPipelineProvider (RatisPipelineProvider.java:lambda$create$0(206)) - Sending CreatePipelineCommand for pipeline:PipelineID=5e96b9db-8150-42c2-8cbd-9952d11eaa9a to datanode:be1f1661-cb08-42a9-9c55-aeb71fb92a9a
2023-08-25 11:34:47,493 [RatisPipelineUtilsThread - 0] INFO  pipeline.BackgroundPipelineCreator (BackgroundPipelineCreator.java:createPipelines(233)) - Created new pipeline Pipeline[ Id: 5e96b9db-8150-42c2-8cbd-9952d11eaa9a, Nodes: be1f1661-cb08-42a9-9c55-aeb71fb92a9a(fv-az508-118.q1hezrx03woe3mvmfegnvhq0ah.dx.internal.cloudapp.net/10.1.0.52), ReplicationConfig: RATIS/ONE, State:ALLOCATED, leaderId:, CreationTimestamp2023-08-25T11:34:47.492Z[Etc/UTC]]
2023-08-25 11:34:47,493 [RatisPipelineUtilsThread - 0] WARN  pipeline.PipelinePlacementPolicy (PipelinePlacementPolicy.java:filterViableNodes(166)) - Pipeline creation failed due to no sufficient healthy datanodes. Required 3. Found 1. Excluded 3.
2023-08-25 11:34:47,853 [main] INFO  ozone.MiniOzoneClusterImpl (MiniOzoneClusterImpl.java:lambda$waitForClusterToBeReady$0(224)) - Waiting for nodes to be ready. Got 4 of 5 DN Heartbeats.
2023-08-25 11:34:47,854 [main] INFO  ozone.MiniOzoneClusterImpl (MiniOzoneClusterImpl.java:lambda$waitForClusterToBeReady$0(227)) - Waiting for cluster to exit safe mode
2023-08-25 11:34:47,854 [main] INFO  ozone.MiniOzoneClusterImpl (MiniOzoneClusterImpl.java:lambda$waitForClusterToBeReady$0(229)) - SCM became leader
2023-08-25 11:34:47,865 [IPC Server handler 3 on default port 15055] INFO  net.NetworkTopologyImpl (NetworkTopologyImpl.java:add(112)) - Added a new node: /default-rack/3bcb9728-7d1d-45db-b3c3-ee1d25f73c3d
2023-08-25 11:34:47,866 [IPC Server handler 3 on default port 15055] INFO  node.SCMNodeManager (SCMNodeManager.java:register(405)) - Registered Data node : 3bcb9728-7d1d-45db-b3c3-ee1d25f73c3d{ip: 10.1.0.52, host: fv-az508-118.q1hezrx03woe3mvmfegnvhq0ah.dx.internal.cloudapp.net, ports: [HTTP=15098, CLIENT_RPC=15099, REPLICATION=15105, RATIS=15101, RATIS_ADMIN=15102, RATIS_SERVER=15103, RATIS_DATASTREAM=15104, STANDALONE=15100], networkLocation: /default-rack, certSerialId: null, persistedOpState: null, persistedOpStateExpiryEpochSec: 0}
2023-08-25 11:34:47,866 [EventQueue-NewNodeForNewNodeHandler] INFO  pipeline.BackgroundPipelineCreator (BackgroundPipelineCreator.java:notifyEventTriggered(277)) - trigger a one-shot run on RatisPipelineUtilsThread.
2023-08-25 11:34:47,867 [RatisPipelineUtilsThread - 0] INFO  pipeline.RatisPipelineProvider (RatisPipelineProvider.java:lambda$create$0(206)) - Sending CreatePipelineCommand for pipeline:PipelineID=f2917375-887d-4bd3-b0fd-ca236cec735e to datanode:3bcb9728-7d1d-45db-b3c3-ee1d25f73c3d
2023-08-25 11:34:47,868 [RatisPipelineUtilsThread - 0] INFO  pipeline.BackgroundPipelineCreator (BackgroundPipelineCreator.java:createPipelines(233)) - Created new pipeline Pipeline[ Id: f2917375-887d-4bd3-b0fd-ca236cec735e, Nodes: 3bcb9728-7d1d-45db-b3c3-ee1d25f73c3d(fv-az508-118.q1hezrx03woe3mvmfegnvhq0ah.dx.internal.cloudapp.net/10.1.0.52), ReplicationConfig: RATIS/ONE, State:ALLOCATED, leaderId:, CreationTimestamp2023-08-25T11:34:47.867Z[Etc/UTC]]
2023-08-25 11:34:47,870 [RatisPipelineUtilsThread - 0] WARN  pipeline.PipelinePlacementPolicy (PipelinePlacementPolicy.java:filterViableNodes(166)) - Pipeline creation failed due to no sufficient healthy datanodes. Required 3. Found 2. Excluded 3.
2023-08-25 11:34:48,854 [main] INFO  ozone.MiniOzoneClusterImpl (MiniOzoneClusterImpl.java:lambda$waitForClusterToBeReady$0(224)) - Nodes are ready. Got 5 of 5 DN Heartbeats.
2023-08-25 11:34:48,854 [main] INFO  ozone.MiniOzoneClusterImpl (MiniOzoneClusterImpl.java:lambda$waitForClusterToBeReady$0(227)) - Waiting for cluster to exit safe mode
2023-08-25 11:34:48,854 [main] INFO  ozone.MiniOzoneClusterImpl (MiniOzoneClusterImpl.java:lambda$waitForClusterToBeReady$0(229)) - SCM became leader
2023-08-25 11:34:49,273 [PipelineCommandHandlerThread-0] INFO  server.RaftServer (RaftServerProxy.java:addNew(98)) - 16866294-0bab-4ae5-8da9-294ec4800f35: addNew group-786CA0948F63:[16866294-0bab-4ae5-8da9-294ec4800f35|rpc:10.1.0.52:15067|admin:10.1.0.52:15066|client:10.1.0.52:15065|dataStream:10.1.0.52:15068|priority:1|startupRole:FOLLOWER] returns group-786CA0948F63:java.util.concurrent.CompletableFuture@373acf91[Not completed]
2023-08-25 11:34:49,274 [16866294-0bab-4ae5-8da9-294ec4800f35-groupManagement] INFO  server.RaftServer$Division (RaftServerImpl.java:<init>(198)) - 16866294-0bab-4ae5-8da9-294ec4800f35: new RaftServerImpl for group-786CA0948F63:[16866294-0bab-4ae5-8da9-294ec4800f35|rpc:10.1.0.52:15067|admin:10.1.0.52:15066|client:10.1.0.52:15065|dataStream:10.1.0.52:15068|priority:1|startupRole:FOLLOWER] with ContainerStateMachine:uninitialized
2023-08-25 11:34:49,275 [16866294-0bab-4ae5-8da9-294ec4800f35-groupManagement] INFO  server.RaftServerConfigKeys (ConfUtils.java:logGet(46)) - raft.server.rpc.timeout.min = 5s (custom)
2023-08-25 11:34:49,275 [16866294-0bab-4ae5-8da9-294ec4800f35-groupManagement] INFO  server.RaftServerConfigKeys (ConfUtils.java:logGet(46)) - raft.server.rpc.timeout.max = 5200ms (custom)
2023-08-25 11:34:49,275 [16866294-0bab-4ae5-8da9-294ec4800f35-groupManagement] INFO  server.RaftServerConfigKeys (ConfUtils.java:logGet(46)) - raft.server.rpc.sleep.time = 25ms (default)
2023-08-25 11:34:49,275 [16866294-0bab-4ae5-8da9-294ec4800f35-groupManagement] INFO  server.RaftServerConfigKeys (ConfUtils.java:logGet(46)) - raft.server.rpc.slowness.timeout = 300s (custom)
2023-08-25 11:34:49,275 [16866294-0bab-4ae5-8da9-294ec4800f35-groupManagement] INFO  server.RaftServerConfigKeys (ConfUtils.java:logGet(46)) - raft.server.leaderelection.leader.step-down.wait-time = 10s (default)
2023-08-25 11:34:49,275 [16866294-0bab-4ae5-8da9-294ec4800f35-groupManagement] INFO  server.RaftServerConfigKeys (ConfUtils.java:logGet(46)) - raft.server.sleep.deviation.threshold = 300ms (default)
2023-08-25 11:34:49,275 [16866294-0bab-4ae5-8da9-294ec4800f35-groupManagement] INFO  server.RaftServer$Division (ServerState.java:<init>(120)) - 16866294-0bab-4ae5-8da9-294ec4800f35@group-786CA0948F63: ConfigurationManager, init=-1: peers:[16866294-0bab-4ae5-8da9-294ec4800f35|rpc:10.1.0.52:15067|admin:10.1.0.52:15066|client:10.1.0.52:15065|dataStream:10.1.0.52:15068|priority:1|startupRole:FOLLOWER]|listeners:[], old=null, confs=<EMPTY_MAP>
2023-08-25 11:34:49,275 [16866294-0bab-4ae5-8da9-294ec4800f35-groupManagement] INFO  server.RaftServerConfigKeys (ConfUtils.java:logGet(46)) - raft.server.storage.dir = [/home/runner/work/ozone/ozone/hadoop-ozone/integration-test/target/test-dir/MiniOzoneClusterImpl-36fc3352-0e59-45fd-a08b-0e99224ecb60/datanode-0/data/ratis] (custom)
2023-08-25 11:34:49,275 [16866294-0bab-4ae5-8da9-294ec4800f35-groupManagement] INFO  server.RaftServerConfigKeys (ConfUtils.java:logGet(46)) - raft.server.log.corruption.policy = EXCEPTION (default)
2023-08-25 11:34:49,275 [16866294-0bab-4ae5-8da9-294ec4800f35-groupManagement] INFO  server.RaftServerConfigKeys (ConfUtils.java:logGet(46)) - raft.server.storage.free-space.min = 0MB (=0) (default)
2023-08-25 11:34:49,276 [16866294-0bab-4ae5-8da9-294ec4800f35-groupManagement] INFO  server.RaftServerConfigKeys (ConfUtils.java:logGet(46)) - raft.server.notification.no-leader.timeout = 300s (custom)
2023-08-25 11:34:49,276 [16866294-0bab-4ae5-8da9-294ec4800f35-groupManagement] INFO  server.RaftServerConfigKeys (ConfUtils.java:logGet(46)) - raft.server.read.timeout = 10s (default)
2023-08-25 11:34:49,276 [16866294-0bab-4ae5-8da9-294ec4800f35-groupManagement] INFO  server.RaftServerConfigKeys (ConfUtils.java:logGet(46)) - raft.server.retrycache.expirytime = 600000ms (custom)
2023-08-25 11:34:49,276 [16866294-0bab-4ae5-8da9-294ec4800f35-groupManagement] INFO  server.RaftServerConfigKeys (ConfUtils.java:logGet(46)) - raft.server.retrycache.statistics.expirytime = 100μs (default)
2023-08-25 11:34:49,276 [16866294-0bab-4ae5-8da9-294ec4800f35-groupManagement] INFO  server.RaftServerConfigKeys (ConfUtils.java:logGet(46)) - raft.server.read.option = DEFAULT (default)
2023-08-25 11:34:49,277 [16866294-0bab-4ae5-8da9-294ec4800f35-groupManagement] INFO  server.RaftServerConfigKeys (ConfUtils.java:logGet(46)) - raft.server.rpc.request.timeout = 60s (custom)
2023-08-25 11:34:49,277 [16866294-0bab-4ae5-8da9-294ec4800f35-groupManagement] INFO  server.RaftServerConfigKeys (ConfUtils.java:logGet(46)) - raft.server.log.appender.install.snapshot.enabled = false (custom)
2023-08-25 11:34:49,277 [16866294-0bab-4ae5-8da9-294ec4800f35-groupManagement] INFO  server.RaftServerConfigKeys (ConfUtils.java:logGet(46)) - raft.server.threadpool.server.cached = true (default)
2023-08-25 11:34:49,277 [16866294-0bab-4ae5-8da9-294ec4800f35-groupManagement] INFO  server.RaftServerConfigKeys (ConfUtils.java:logGet(46)) - raft.server.threadpool.server.size = 0 (default)
2023-08-25 11:34:49,277 [16866294-0bab-4ae5-8da9-294ec4800f35-groupManagement] INFO  server.RaftServerConfigKeys (ConfUtils.java:logGet(46)) - raft.server.threadpool.client.cached = true (default)
2023-08-25 11:34:49,277 [16866294-0bab-4ae5-8da9-294ec4800f35-groupManagement] INFO  server.RaftServerConfigKeys (ConfUtils.java:logGet(46)) - raft.server.threadpool.client.size = 0 (default)
2023-08-25 11:34:49,278 [16866294-0bab-4ae5-8da9-294ec4800f35-groupManagement] INFO  storage.RaftStorageDirectory (RaftStorageDirectoryImpl.java:analyzeStorage(137)) - The storage directory /home/runner/work/ozone/ozone/hadoop-ozone/integration-test/target/test-dir/MiniOzoneClusterImpl-36fc3352-0e59-45fd-a08b-0e99224ecb60/datanode-0/data/ratis/492ed05f-04fa-4ed1-be93-786ca0948f63 does not exist. Creating ...
2023-08-25 11:34:49,280 [16866294-0bab-4ae5-8da9-294ec4800f35-groupManagement] INFO  storage.RaftStorageDirectory (RaftStorageDirectoryImpl.java:tryLock(231)) - Lock on /home/runner/work/ozone/ozone/hadoop-ozone/integration-test/target/test-dir/MiniOzoneClusterImpl-36fc3352-0e59-45fd-a08b-0e99224ecb60/datanode-0/data/ratis/492ed05f-04fa-4ed1-be93-786ca0948f63/in_use.lock acquired by nodename 61563@fv-az508-118
2023-08-25 11:34:49,281 [16866294-0bab-4ae5-8da9-294ec4800f35-groupManagement] INFO  storage.RaftStorage (RaftStorageImpl.java:format(96)) - Storage directory /home/runner/work/ozone/ozone/hadoop-ozone/integration-test/target/test-dir/MiniOzoneClusterImpl-36fc3352-0e59-45fd-a08b-0e99224ecb60/datanode-0/data/ratis/492ed05f-04fa-4ed1-be93-786ca0948f63 has been successfully formatted.
2023-08-25 11:34:49,283 [16866294-0bab-4ae5-8da9-294ec4800f35-groupManagement] INFO  ratis.ContainerStateMachine (ContainerStateMachine.java:loadSnapshot(262)) - group-786CA0948F63: The snapshot info is null. Setting the last applied indexto:(t:0, i:~)
2023-08-25 11:34:49,283 [16866294-0bab-4ae5-8da9-294ec4800f35-groupManagement] INFO  server.RaftServerConfigKeys (ConfUtils.java:logGet(46)) - raft.server.log.use.memory = false (default)
2023-08-25 11:34:49,284 [16866294-0bab-4ae5-8da9-294ec4800f35-groupManagement] INFO  server.RaftServerConfigKeys (ConfUtils.java:logGet(46)) - raft.server.log.purge.gap = 1000000 (custom)
2023-08-25 11:34:49,284 [16866294-0bab-4ae5-8da9-294ec4800f35-groupManagement] INFO  server.RaftServerConfigKeys (ConfUtils.java:logGet(46)) - raft.server.log.appender.buffer.byte-limit = 33554432 (custom)
2023-08-25 11:34:49,284 [16866294-0bab-4ae5-8da9-294ec4800f35-groupManagement] INFO  server.RaftServerConfigKeys (ConfUtils.java:logGet(46)) - raft.server.log.statemachine.data.read.timeout = 1000ms (default)
2023-08-25 11:34:49,284 [16866294-0bab-4ae5-8da9-294ec4800f35-groupManagement] INFO  server.RaftServerConfigKeys (ConfUtils.java:logGet(46)) - raft.server.log.purge.preservation.log.num = 0 (default)
2023-08-25 11:34:49,284 [16866294-0bab-4ae5-8da9-294ec4800f35-groupManagement] INFO  server.RaftServerConfigKeys (ConfUtils.java:logGet(46)) - raft.server.log.segment.size.max = 1048576 (custom)
2023-08-25 11:34:49,285 [16866294-0bab-4ae5-8da9-294ec4800f35-groupManagement] INFO  server.RaftServerConfigKeys (ConfUtils.java:logGet(46)) - raft.server.log.segment.cache.num.max = 2 (custom)
2023-08-25 11:34:49,285 [16866294-0bab-4ae5-8da9-294ec4800f35-groupManagement] INFO  server.RaftServerConfigKeys (ConfUtils.java:logGet(46)) - raft.server.log.segment.cache.size.max = 200MB (=209715200) (default)
2023-08-25 11:34:49,285 [16866294-0bab-4ae5-8da9-294ec4800f35-groupManagement] INFO  server.RaftServerConfigKeys (ConfUtils.java:logGet(46)) - raft.server.log.appender.buffer.byte-limit = 33554432 (custom)
2023-08-25 11:34:49,285 [16866294-0bab-4ae5-8da9-294ec4800f35-groupManagement] INFO  segmented.SegmentedRaftLogWorker (SegmentedRaftLogWorker.java:<init>(188)) - new 16866294-0bab-4ae5-8da9-294ec4800f35@group-786CA0948F63-SegmentedRaftLogWorker for RaftStorageImpl:Storage Directory /home/runner/work/ozone/ozone/hadoop-ozone/integration-test/target/test-dir/MiniOzoneClusterImpl-36fc3352-0e59-45fd-a08b-0e99224ecb60/datanode-0/data/ratis/492ed05f-04fa-4ed1-be93-786ca0948f63
2023-08-25 11:34:49,285 [16866294-0bab-4ae5-8da9-294ec4800f35-groupManagement] INFO  server.RaftServerConfigKeys (ConfUtils.java:logGet(46)) - raft.server.log.queue.byte-limit = 4294967296 (custom)
2023-08-25 11:34:49,285 [16866294-0bab-4ae5-8da9-294ec4800f35-groupManagement] INFO  server.RaftServerConfigKeys (ConfUtils.java:logGet(46)) - raft.server.log.queue.element-limit = 1024 (custom)
2023-08-25 11:34:49,285 [16866294-0bab-4ae5-8da9-294ec4800f35-groupManagement] INFO  server.RaftServerConfigKeys (ConfUtils.java:logGet(46)) - raft.server.log.segment.size.max = 1048576 (custom)
2023-08-25 11:34:49,285 [16866294-0bab-4ae5-8da9-294ec4800f35-groupManagement] INFO  server.RaftServerConfigKeys (ConfUtils.java:logGet(46)) - raft.server.log.preallocated.size = 16384 (custom)
2023-08-25 11:34:49,285 [16866294-0bab-4ae5-8da9-294ec4800f35-groupManagement] INFO  server.RaftServerConfigKeys (ConfUtils.java:logGet(46)) - raft.server.log.force.sync.num = 128 (default)
2023-08-25 11:34:49,285 [16866294-0bab-4ae5-8da9-294ec4800f35-groupManagement] INFO  server.RaftServerConfigKeys (ConfUtils.java:logGet(46)) - raft.server.log.statemachine.data.sync = true (default)
2023-08-25 11:34:49,285 [16866294-0bab-4ae5-8da9-294ec4800f35-groupManagement] INFO  server.RaftServerConfigKeys (ConfUtils.java:logGet(46)) - raft.server.log.statemachine.data.sync.timeout = 10s (default)
2023-08-25 11:34:49,286 [16866294-0bab-4ae5-8da9-294ec4800f35-groupManagement] INFO  server.RaftServerConfigKeys (ConfUtils.java:logGet(46)) - raft.server.log.statemachine.data.sync.timeout.retry = -1 (default)
2023-08-25 11:34:49,287 [16866294-0bab-4ae5-8da9-294ec4800f35-groupManagement] INFO  server.RaftServerConfigKeys (ConfUtils.java:logGet(46)) - raft.server.log.write.buffer.size = 1048576 (custom)
2023-08-25 11:34:49,288 [16866294-0bab-4ae5-8da9-294ec4800f35-groupManagement] INFO  server.RaftServerConfigKeys (ConfUtils.java:logGet(46)) - raft.server.log.appender.buffer.byte-limit = 33554432 (custom)
2023-08-25 11:34:49,285 [EventQueue-PipelineReportForPipelineReportHandler] INFO  pipeline.PipelineReportHandler (PipelineReportHandler.java:processPipelineReport(136)) - Opened pipeline PipelineID=492ed05f-04fa-4ed1-be93-786ca0948f63
2023-08-25 11:34:49,296 [16866294-0bab-4ae5-8da9-294ec4800f35-groupManagement] INFO  server.RaftServerConfigKeys (ConfUtils.java:logGet(46)) - raft.server.log.unsafe-flush.enabled = false (default)
2023-08-25 11:34:49,297 [16866294-0bab-4ae5-8da9-294ec4800f35-groupManagement] INFO  server.RaftServerConfigKeys (ConfUtils.java:logGet(46)) - raft.server.log.async-flush.enabled = false (default)
2023-08-25 11:34:49,297 [16866294-0bab-4ae5-8da9-294ec4800f35-groupManagement] INFO  server.RaftServerConfigKeys (ConfUtils.java:logGet(46)) - raft.server.log.statemachine.data.caching.enabled = true (custom)
2023-08-25 11:34:49,297 [16866294-0bab-4ae5-8da9-294ec4800f35-groupManagement] INFO  segmented.SegmentedRaftLogWorker (SegmentedRaftLogWorker.java:lambda$new$0(135)) - 16866294-0bab-4ae5-8da9-294ec4800f35@group-786CA0948F63-SegmentedRaftLogWorker: flushIndex: setUnconditionally 0 -> -1
2023-08-25 11:34:49,297 [16866294-0bab-4ae5-8da9-294ec4800f35-groupManagement] INFO  segmented.SegmentedRaftLogWorker (SegmentedRaftLogWorker.java:lambda$new$0(135)) - 16866294-0bab-4ae5-8da9-294ec4800f35@group-786CA0948F63-SegmentedRaftLogWorker: safeCacheEvictIndex: setUnconditionally 0 -> -1
2023-08-25 11:34:49,298 [16866294-0bab-4ae5-8da9-294ec4800f35-groupManagement] INFO  server.RaftServer$Division (RaftServerImpl.java:start(342)) - 16866294-0bab-4ae5-8da9-294ec4800f35@group-786CA0948F63: start as a follower, conf=-1: peers:[16866294-0bab-4ae5-8da9-294ec4800f35|rpc:10.1.0.52:15067|admin:10.1.0.52:15066|client:10.1.0.52:15065|dataStream:10.1.0.52:15068|priority:1|startupRole:FOLLOWER]|listeners:[], old=null
2023-08-25 11:34:49,298 [16866294-0bab-4ae5-8da9-294ec4800f35-groupManagement] INFO  server.RaftServer$Division (RaftServerImpl.java:setRole(329)) - 16866294-0bab-4ae5-8da9-294ec4800f35@group-786CA0948F63: changes role from      null to FOLLOWER at term 0 for startAsFollower
2023-08-25 11:34:49,298 [16866294-0bab-4ae5-8da9-294ec4800f35-groupManagement] INFO  impl.RoleInfo (RoleInfo.java:updateAndGet(139)) - 16866294-0bab-4ae5-8da9-294ec4800f35: start 16866294-0bab-4ae5-8da9-294ec4800f35@group-786CA0948F63-FollowerState
2023-08-25 11:34:49,299 [EventQueue-OpenPipelineForHealthyPipelineSafeModeRule] INFO  safemode.SCMSafeModeManager (HealthyPipelineSafeModeRule.java:process(137)) - SCM in safe mode. Healthy pipelines reported count is 0, required healthy pipeline reported count is 1
2023-08-25 11:34:49,299 [16866294-0bab-4ae5-8da9-294ec4800f35-groupManagement] INFO  util.JmxRegister (JmxRegister.java:tryRegister(44)) - Successfully registered JMX Bean with object name Ratis:service=RaftServer,group=group-786CA0948F63,id=16866294-0bab-4ae5-8da9-294ec4800f35
2023-08-25 11:34:49,299 [16866294-0bab-4ae5-8da9-294ec4800f35-groupManagement] INFO  server.RaftServerConfigKeys (ConfUtils.java:logGet(46)) - raft.server.snapshot.auto.trigger.enabled = true (custom)
2023-08-25 11:34:49,299 [16866294-0bab-4ae5-8da9-294ec4800f35-groupManagement] INFO  server.RaftServerConfigKeys (ConfUtils.java:logGet(46)) - raft.server.snapshot.auto.trigger.threshold = 10000 (custom)
2023-08-25 11:34:49,299 [16866294-0bab-4ae5-8da9-294ec4800f35-groupManagement] INFO  server.RaftServerConfigKeys (ConfUtils.java:logGet(46)) - raft.server.snapshot.retention.file.num = 5 (custom)
2023-08-25 11:34:49,299 [16866294-0bab-4ae5-8da9-294ec4800f35-groupManagement] INFO  server.RaftServerConfigKeys (ConfUtils.java:logGet(46)) - raft.server.log.purge.upto.snapshot.index = false (default)
2023-08-25 11:34:49,302 [PipelineCommandHandlerThread-0] INFO  ratis.XceiverServerRatis (XceiverServerRatis.java:addGroup(804)) - Created group PipelineID=492ed05f-04fa-4ed1-be93-786ca0948f63
2023-08-25 11:34:49,302 [PipelineCommandHandlerThread-0] INFO  commandhandler.CreatePipelineCommandHandler (CreatePipelineCommandHandler.java:lambda$handle$2(124)) - Created Pipeline RATIS ONE PipelineID=492ed05f-04fa-4ed1-be93-786ca0948f63.
2023-08-25 11:34:49,302 [PipelineCommandHandlerThread-0] INFO  server.RaftServer (RaftServerProxy.java:addNew(98)) - 16866294-0bab-4ae5-8da9-294ec4800f35: addNew group-D8CCD606C082:[16866294-0bab-4ae5-8da9-294ec4800f35|rpc:10.1.0.52:15067|admin:10.1.0.52:15066|client:10.1.0.52:15065|dataStream:10.1.0.52:15068|priority:0|startupRole:FOLLOWER, 6fb87cf7-6010-4447-ac68-4b216325e026|rpc:10.1.0.52:15076|admin:10.1.0.52:15075|client:10.1.0.52:15074|dataStream:10.1.0.52:15077|priority:0|startupRole:FOLLOWER, 85c49798-3560-4dc9-a596-09ecbe4a8df4|rpc:10.1.0.52:15085|admin:10.1.0.52:15084|client:10.1.0.52:15083|dataStream:10.1.0.52:15086|priority:1|startupRole:FOLLOWER] returns group-D8CCD606C082:java.util.concurrent.CompletableFuture@33055dae[Not completed]
2023-08-25 11:34:49,304 [16866294-0bab-4ae5-8da9-294ec4800f35-groupManagement] INFO  server.RaftServer$Division (RaftServerImpl.java:<init>(198)) - 16866294-0bab-4ae5-8da9-294ec4800f35: new RaftServerImpl for group-D8CCD606C082:[16866294-0bab-4ae5-8da9-294ec4800f35|rpc:10.1.0.52:15067|admin:10.1.0.52:15066|client:10.1.0.52:15065|dataStream:10.1.0.52:15068|priority:0|startupRole:FOLLOWER, 6fb87cf7-6010-4447-ac68-4b216325e026|rpc:10.1.0.52:15076|admin:10.1.0.52:15075|client:10.1.0.52:15074|dataStream:10.1.0.52:15077|priority:0|startupRole:FOLLOWER, 85c49798-3560-4dc9-a596-09ecbe4a8df4|rpc:10.1.0.52:15085|admin:10.1.0.52:15084|client:10.1.0.52:15083|dataStream:10.1.0.52:15086|priority:1|startupRole:FOLLOWER] with ContainerStateMachine:uninitialized
2023-08-25 11:34:49,304 [16866294-0bab-4ae5-8da9-294ec4800f35-groupManagement] INFO  server.RaftServerConfigKeys (ConfUtils.java:logGet(46)) - raft.server.rpc.timeout.min = 5s (custom)
2023-08-25 11:34:49,304 [16866294-0bab-4ae5-8da9-294ec4800f35-groupManagement] INFO  server.RaftServerConfigKeys (ConfUtils.java:logGet(46)) - raft.server.rpc.timeout.max = 5200ms (custom)
2023-08-25 11:34:49,304 [16866294-0bab-4ae5-8da9-294ec4800f35-groupManagement] INFO  server.RaftServerConfigKeys (ConfUtils.java:logGet(46)) - raft.server.rpc.sleep.time = 25ms (default)
2023-08-25 11:34:49,304 [16866294-0bab-4ae5-8da9-294ec4800f35-groupManagement] INFO  server.RaftServerConfigKeys (ConfUtils.java:logGet(46)) - raft.server.rpc.slowness.timeout = 300s (custom)
2023-08-25 11:34:49,304 [16866294-0bab-4ae5-8da9-294ec4800f35-groupManagement] INFO  server.RaftServerConfigKeys (ConfUtils.java:logGet(46)) - raft.server.leaderelection.leader.step-down.wait-time = 10s (default)
2023-08-25 11:34:49,304 [16866294-0bab-4ae5-8da9-294ec4800f35-groupManagement] INFO  server.RaftServerConfigKeys (ConfUtils.java:logGet(46)) - raft.server.sleep.deviation.threshold = 300ms (default)
2023-08-25 11:34:49,304 [16866294-0bab-4ae5-8da9-294ec4800f35-groupManagement] INFO  server.RaftServer$Division (ServerState.java:<init>(120)) - 16866294-0bab-4ae5-8da9-294ec4800f35@group-D8CCD606C082: ConfigurationManager, init=-1: peers:[16866294-0bab-4ae5-8da9-294ec4800f35|rpc:10.1.0.52:15067|admin:10.1.0.52:15066|client:10.1.0.52:15065|dataStream:10.1.0.52:15068|priority:0|startupRole:FOLLOWER, 6fb87cf7-6010-4447-ac68-4b216325e026|rpc:10.1.0.52:15076|admin:10.1.0.52:15075|client:10.1.0.52:15074|dataStream:10.1.0.52:15077|priority:0|startupRole:FOLLOWER, 85c49798-3560-4dc9-a596-09ecbe4a8df4|rpc:10.1.0.52:15085|admin:10.1.0.52:15084|client:10.1.0.52:15083|dataStream:10.1.0.52:15086|priority:1|startupRole:FOLLOWER]|listeners:[], old=null, confs=<EMPTY_MAP>
2023-08-25 11:34:49,304 [16866294-0bab-4ae5-8da9-294ec4800f35-groupManagement] INFO  server.RaftServerConfigKeys (ConfUtils.java:logGet(46)) - raft.server.storage.dir = [/home/runner/work/ozone/ozone/hadoop-ozone/integration-test/target/test-dir/MiniOzoneClusterImpl-36fc3352-0e59-45fd-a08b-0e99224ecb60/datanode-0/data/ratis] (custom)
2023-08-25 11:34:49,305 [16866294-0bab-4ae5-8da9-294ec4800f35-groupManagement] INFO  server.RaftServerConfigKeys (ConfUtils.java:logGet(46)) - raft.server.log.corruption.policy = EXCEPTION (default)
2023-08-25 11:34:49,305 [16866294-0bab-4ae5-8da9-294ec4800f35-groupManagement] INFO  server.RaftServerConfigKeys (ConfUtils.java:logGet(46)) - raft.server.storage.free-space.min = 0MB (=0) (default)
2023-08-25 11:34:49,305 [16866294-0bab-4ae5-8da9-294ec4800f35-groupManagement] INFO  server.RaftServerConfigKeys (ConfUtils.java:logGet(46)) - raft.server.notification.no-leader.timeout = 300s (custom)
2023-08-25 11:34:49,305 [16866294-0bab-4ae5-8da9-294ec4800f35-groupManagement] INFO  server.RaftServerConfigKeys (ConfUtils.java:logGet(46)) - raft.server.read.timeout = 10s (default)
2023-08-25 11:34:49,305 [16866294-0bab-4ae5-8da9-294ec4800f35-groupManagement] INFO  server.RaftServerConfigKeys (ConfUtils.java:logGet(46)) - raft.server.retrycache.expirytime = 600000ms (custom)
2023-08-25 11:34:49,305 [16866294-0bab-4ae5-8da9-294ec4800f35-groupManagement] INFO  server.RaftServerConfigKeys (ConfUtils.java:logGet(46)) - raft.server.retrycache.statistics.expirytime = 100μs (default)
2023-08-25 11:34:49,305 [16866294-0bab-4ae5-8da9-294ec4800f35-groupManagement] INFO  server.RaftServerConfigKeys (ConfUtils.java:logGet(46)) - raft.server.read.option = DEFAULT (default)
2023-08-25 11:34:49,306 [16866294-0bab-4ae5-8da9-294ec4800f35@group-786CA0948F63-FollowerState] INFO  server.RaftServerConfigKeys (ConfUtils.java:logFallback(53)) - raft.server.rpc.first-election.timeout.min = 5s (fallback to raft.server.rpc.timeout.min)
2023-08-25 11:34:49,306 [16866294-0bab-4ae5-8da9-294ec4800f35@group-786CA0948F63-FollowerState] INFO  server.RaftServerConfigKeys (ConfUtils.java:logFallback(53)) - raft.server.rpc.first-election.timeout.max = 5200ms (fallback to raft.server.rpc.timeout.max)
2023-08-25 11:34:49,307 [16866294-0bab-4ae5-8da9-294ec4800f35-groupManagement] INFO  server.RaftServerConfigKeys (ConfUtils.java:logGet(46)) - raft.server.rpc.request.timeout = 60s (custom)
2023-08-25 11:34:49,307 [16866294-0bab-4ae5-8da9-294ec4800f35-groupManagement] INFO  server.RaftServerConfigKeys (ConfUtils.java:logGet(46)) - raft.server.log.appender.install.snapshot.enabled = false (custom)
2023-08-25 11:34:49,307 [16866294-0bab-4ae5-8da9-294ec4800f35-groupManagement] INFO  server.RaftServerConfigKeys (ConfUtils.java:logGet(46)) - raft.server.threadpool.server.cached = true (default)
2023-08-25 11:34:49,307 [16866294-0bab-4ae5-8da9-294ec4800f35-groupManagement] INFO  server.RaftServerConfigKeys (ConfUtils.java:logGet(46)) - raft.server.threadpool.server.size = 0 (default)
2023-08-25 11:34:49,307 [16866294-0bab-4ae5-8da9-294ec4800f35-groupManagement] INFO  server.RaftServerConfigKeys (ConfUtils.java:logGet(46)) - raft.server.threadpool.client.cached = true (default)
2023-08-25 11:34:49,307 [16866294-0bab-4ae5-8da9-294ec4800f35-groupManagement] INFO  server.RaftServerConfigKeys (ConfUtils.java:logGet(46)) - raft.server.threadpool.client.size = 0 (default)
2023-08-25 11:34:49,307 [16866294-0bab-4ae5-8da9-294ec4800f35-groupManagement] INFO  storage.RaftStorageDirectory (RaftStorageDirectoryImpl.java:analyzeStorage(137)) - The storage directory /home/runner/work/ozone/ozone/hadoop-ozone/integration-test/target/test-dir/MiniOzoneClusterImpl-36fc3352-0e59-45fd-a08b-0e99224ecb60/datanode-0/data/ratis/83bcb3aa-1d36-4ab4-b1d9-d8ccd606c082 does not exist. Creating ...
2023-08-25 11:34:49,310 [16866294-0bab-4ae5-8da9-294ec4800f35-groupManagement] INFO  storage.RaftStorageDirectory (RaftStorageDirectoryImpl.java:tryLock(231)) - Lock on /home/runner/work/ozone/ozone/hadoop-ozone/integration-test/target/test-dir/MiniOzoneClusterImpl-36fc3352-0e59-45fd-a08b-0e99224ecb60/datanode-0/data/ratis/83bcb3aa-1d36-4ab4-b1d9-d8ccd606c082/in_use.lock acquired by nodename 61563@fv-az508-118
2023-08-25 11:34:49,312 [16866294-0bab-4ae5-8da9-294ec4800f35-groupManagement] INFO  storage.RaftStorage (RaftStorageImpl.java:format(96)) - Storage directory /home/runner/work/ozone/ozone/hadoop-ozone/integration-test/target/test-dir/MiniOzoneClusterImpl-36fc3352-0e59-45fd-a08b-0e99224ecb60/datanode-0/data/ratis/83bcb3aa-1d36-4ab4-b1d9-d8ccd606c082 has been successfully formatted.
2023-08-25 11:34:49,313 [16866294-0bab-4ae5-8da9-294ec4800f35-groupManagement] INFO  ratis.ContainerStateMachine (ContainerStateMachine.java:loadSnapshot(262)) - group-D8CCD606C082: The snapshot info is null. Setting the last applied indexto:(t:0, i:~)
2023-08-25 11:34:49,313 [16866294-0bab-4ae5-8da9-294ec4800f35-groupManagement] INFO  server.RaftServerConfigKeys (ConfUtils.java:logGet(46)) - raft.server.log.use.memory = false (default)
2023-08-25 11:34:49,313 [16866294-0bab-4ae5-8da9-294ec4800f35-groupManagement] INFO  server.RaftServerConfigKeys (ConfUtils.java:logGet(46)) - raft.server.log.purge.gap = 1000000 (custom)
2023-08-25 11:34:49,313 [16866294-0bab-4ae5-8da9-294ec4800f35-groupManagement] INFO  server.RaftServerConfigKeys (ConfUtils.java:logGet(46)) - raft.server.log.appender.buffer.byte-limit = 33554432 (custom)
2023-08-25 11:34:49,313 [16866294-0bab-4ae5-8da9-294ec4800f35-groupManagement] INFO  server.RaftServerConfigKeys (ConfUtils.java:logGet(46)) - raft.server.log.statemachine.data.read.timeout = 1000ms (default)
2023-08-25 11:34:49,314 [16866294-0bab-4ae5-8da9-294ec4800f35-groupManagement] INFO  server.RaftServerConfigKeys (ConfUtils.java:logGet(46)) - raft.server.log.purge.preservation.log.num = 0 (default)
2023-08-25 11:34:49,314 [16866294-0bab-4ae5-8da9-294ec4800f35-groupManagement] INFO  server.RaftServerConfigKeys (ConfUtils.java:logGet(46)) - raft.server.log.segment.size.max = 1048576 (custom)
2023-08-25 11:34:49,314 [16866294-0bab-4ae5-8da9-294ec4800f35-groupManagement] INFO  server.RaftServerConfigKeys (ConfUtils.java:logGet(46)) - raft.server.log.segment.cache.num.max = 2 (custom)
2023-08-25 11:34:49,314 [16866294-0bab-4ae5-8da9-294ec4800f35-groupManagement] INFO  server.RaftServerConfigKeys (ConfUtils.java:logGet(46)) - raft.server.log.segment.cache.size.max = 200MB (=209715200) (default)
2023-08-25 11:34:49,314 [16866294-0bab-4ae5-8da9-294ec4800f35-groupManagement] INFO  server.RaftServerConfigKeys (ConfUtils.java:logGet(46)) - raft.server.log.appender.buffer.byte-limit = 33554432 (custom)
2023-08-25 11:34:49,315 [16866294-0bab-4ae5-8da9-294ec4800f35-groupManagement] INFO  segmented.SegmentedRaftLogWorker (SegmentedRaftLogWorker.java:<init>(188)) - new 16866294-0bab-4ae5-8da9-294ec4800f35@group-D8CCD606C082-SegmentedRaftLogWorker for RaftStorageImpl:Storage Directory /home/runner/work/ozone/ozone/hadoop-ozone/integration-test/target/test-dir/MiniOzoneClusterImpl-36fc3352-0e59-45fd-a08b-0e99224ecb60/datanode-0/data/ratis/83bcb3aa-1d36-4ab4-b1d9-d8ccd606c082
2023-08-25 11:34:49,315 [16866294-0bab-4ae5-8da9-294ec4800f35-groupManagement] INFO  server.RaftServerConfigKeys (ConfUtils.java:logGet(46)) - raft.server.log.queue.byte-limit = 4294967296 (custom)
2023-08-25 11:34:49,315 [16866294-0bab-4ae5-8da9-294ec4800f35-groupManagement] INFO  server.RaftServerConfigKeys (ConfUtils.java:logGet(46)) - raft.server.log.queue.element-limit = 1024 (custom)
2023-08-25 11:34:49,315 [16866294-0bab-4ae5-8da9-294ec4800f35-groupManagement] INFO  server.RaftServerConfigKeys (ConfUtils.java:logGet(46)) - raft.server.log.segment.size.max = 1048576 (custom)
2023-08-25 11:34:49,315 [EventQueue-OpenPipelineForHealthyPipelineSafeModeRule] INFO  safemode.SCMSafeModeManager (HealthyPipelineSafeModeRule.java:process(137)) - SCM in safe mode. Healthy pipelines reported count is 0, required healthy pipeline reported count is 1
2023-08-25 11:34:49,315 [16866294-0bab-4ae5-8da9-294ec4800f35-groupManagement] INFO  server.RaftServerConfigKeys (ConfUtils.java:logGet(46)) - raft.server.log.preallocated.size = 16384 (custom)
2023-08-25 11:34:49,315 [16866294-0bab-4ae5-8da9-294ec4800f35-groupManagement] INFO  server.RaftServerConfigKeys (ConfUtils.java:logGet(46)) - raft.server.log.force.sync.num = 128 (default)
2023-08-25 11:34:49,315 [16866294-0bab-4ae5-8da9-294ec4800f35-groupManagement] INFO  server.RaftServerConfigKeys (ConfUtils.java:logGet(46)) - raft.server.log.statemachine.data.sync = true (default)
2023-08-25 11:34:49,315 [16866294-0bab-4ae5-8da9-294ec4800f35-groupManagement] INFO  server.RaftServerConfigKeys (ConfUtils.java:logGet(46)) - raft.server.log.statemachine.data.sync.timeout = 10s (default)
2023-08-25 11:34:49,315 [16866294-0bab-4ae5-8da9-294ec4800f35-groupManagement] INFO  server.RaftServerConfigKeys (ConfUtils.java:logGet(46)) - raft.server.log.statemachine.data.sync.timeout.retry = -1 (default)
2023-08-25 11:34:49,316 [16866294-0bab-4ae5-8da9-294ec4800f35-groupManagement] INFO  server.RaftServerConfigKeys (ConfUtils.java:logGet(46)) - raft.server.log.write.buffer.size = 1048576 (custom)
2023-08-25 11:34:49,316 [16866294-0bab-4ae5-8da9-294ec4800f35-groupManagement] INFO  server.RaftServerConfigKeys (ConfUtils.java:logGet(46)) - raft.server.log.appender.buffer.byte-limit = 33554432 (custom)
2023-08-25 11:34:49,324 [16866294-0bab-4ae5-8da9-294ec4800f35-groupManagement] INFO  server.RaftServerConfigKeys (ConfUtils.java:logGet(46)) - raft.server.log.unsafe-flush.enabled = false (default)
2023-08-25 11:34:49,324 [16866294-0bab-4ae5-8da9-294ec4800f35-groupManagement] INFO  server.RaftServerConfigKeys (ConfUtils.java:logGet(46)) - raft.server.log.async-flush.enabled = false (default)
2023-08-25 11:34:49,324 [16866294-0bab-4ae5-8da9-294ec4800f35-groupManagement] INFO  server.RaftServerConfigKeys (ConfUtils.java:logGet(46)) - raft.server.log.statemachine.data.caching.enabled = true (custom)
2023-08-25 11:34:49,326 [16866294-0bab-4ae5-8da9-294ec4800f35-groupManagement] INFO  segmented.SegmentedRaftLogWorker (SegmentedRaftLogWorker.java:lambda$new$0(135)) - 16866294-0bab-4ae5-8da9-294ec4800f35@group-D8CCD606C082-SegmentedRaftLogWorker: flushIndex: setUnconditionally 0 -> -1
2023-08-25 11:34:49,326 [16866294-0bab-4ae5-8da9-294ec4800f35-groupManagement] INFO  segmented.SegmentedRaftLogWorker (SegmentedRaftLogWorker.java:lambda$new$0(135)) - 16866294-0bab-4ae5-8da9-294ec4800f35@group-D8CCD606C082-SegmentedRaftLogWorker: safeCacheEvictIndex: setUnconditionally 0 -> -1
2023-08-25 11:34:49,326 [16866294-0bab-4ae5-8da9-294ec4800f35-groupManagement] INFO  server.RaftServer$Division (RaftServerImpl.java:start(342)) - 16866294-0bab-4ae5-8da9-294ec4800f35@group-D8CCD606C082: start as a follower, conf=-1: peers:[16866294-0bab-4ae5-8da9-294ec4800f35|rpc:10.1.0.52:15067|admin:10.1.0.52:15066|client:10.1.0.52:15065|dataStream:10.1.0.52:15068|priority:0|startupRole:FOLLOWER, 6fb87cf7-6010-4447-ac68-4b216325e026|rpc:10.1.0.52:15076|admin:10.1.0.52:15075|client:10.1.0.52:15074|dataStream:10.1.0.52:15077|priority:0|startupRole:FOLLOWER, 85c49798-3560-4dc9-a596-09ecbe4a8df4|rpc:10.1.0.52:15085|admin:10.1.0.52:15084|client:10.1.0.52:15083|dataStream:10.1.0.52:15086|priority:1|startupRole:FOLLOWER]|listeners:[], old=null
2023-08-25 11:34:49,327 [16866294-0bab-4ae5-8da9-294ec4800f35-groupManagement] INFO  server.RaftServer$Division (RaftServerImpl.java:setRole(329)) - 16866294-0bab-4ae5-8da9-294ec4800f35@group-D8CCD606C082: changes role from      null to FOLLOWER at term 0 for startAsFollower
2023-08-25 11:34:49,327 [16866294-0bab-4ae5-8da9-294ec4800f35-groupManagement] INFO  impl.RoleInfo (RoleInfo.java:updateAndGet(139)) - 16866294-0bab-4ae5-8da9-294ec4800f35: start 16866294-0bab-4ae5-8da9-294ec4800f35@group-D8CCD606C082-FollowerState
2023-08-25 11:34:49,331 [16866294-0bab-4ae5-8da9-294ec4800f35-groupManagement] INFO  util.JmxRegister (JmxRegister.java:tryRegister(44)) - Successfully registered JMX Bean with object name Ratis:service=RaftServer,group=group-D8CCD606C082,id=16866294-0bab-4ae5-8da9-294ec4800f35
2023-08-25 11:34:49,331 [16866294-0bab-4ae5-8da9-294ec4800f35-groupManagement] INFO  server.RaftServerConfigKeys (ConfUtils.java:logGet(46)) - raft.server.snapshot.auto.trigger.enabled = true (custom)
2023-08-25 11:34:49,331 [16866294-0bab-4ae5-8da9-294ec4800f35-groupManagement] INFO  server.RaftServerConfigKeys (ConfUtils.java:logGet(46)) - raft.server.snapshot.auto.trigger.threshold = 10000 (custom)
2023-08-25 11:34:49,331 [16866294-0bab-4ae5-8da9-294ec4800f35-groupManagement] INFO  server.RaftServerConfigKeys (ConfUtils.java:logGet(46)) - raft.server.snapshot.retention.file.num = 5 (custom)
2023-08-25 11:34:49,331 [16866294-0bab-4ae5-8da9-294ec4800f35-groupManagement] INFO  server.RaftServerConfigKeys (ConfUtils.java:logGet(46)) - raft.server.log.purge.upto.snapshot.index = false (default)
2023-08-25 11:34:49,332 [16866294-0bab-4ae5-8da9-294ec4800f35@group-D8CCD606C082-FollowerState] INFO  server.RaftServerConfigKeys (ConfUtils.java:logFallback(53)) - raft.server.rpc.first-election.timeout.min = 5s (fallback to raft.server.rpc.timeout.min)
2023-08-25 11:34:49,332 [16866294-0bab-4ae5-8da9-294ec4800f35@group-D8CCD606C082-FollowerState] INFO  server.RaftServerConfigKeys (ConfUtils.java:logFallback(53)) - raft.server.rpc.first-election.timeout.max = 5200ms (fallback to raft.server.rpc.timeout.max)
2023-08-25 11:34:49,332 [PipelineCommandHandlerThread-0] INFO  ratis.XceiverServerRatis (XceiverServerRatis.java:addGroup(804)) - Created group PipelineID=83bcb3aa-1d36-4ab4-b1d9-d8ccd606c082
2023-08-25 11:34:49,350 [grpc-default-executor-0] INFO  server.RaftServer (RaftServerProxy.java:addNew(98)) - 85c49798-3560-4dc9-a596-09ecbe4a8df4: addNew group-D8CCD606C082:[16866294-0bab-4ae5-8da9-294ec4800f35|rpc:10.1.0.52:15067|admin:10.1.0.52:15066|client:10.1.0.52:15065|dataStream:10.1.0.52:15068|priority:0|startupRole:FOLLOWER, 6fb87cf7-6010-4447-ac68-4b216325e026|rpc:10.1.0.52:15076|admin:10.1.0.52:15075|client:10.1.0.52:15074|dataStream:10.1.0.52:15077|priority:0|startupRole:FOLLOWER, 85c49798-3560-4dc9-a596-09ecbe4a8df4|rpc:10.1.0.52:15085|admin:10.1.0.52:15084|client:10.1.0.52:15083|dataStream:10.1.0.52:15086|priority:1|startupRole:FOLLOWER] returns group-D8CCD606C082:java.util.concurrent.CompletableFuture@4da8843[Not completed]
2023-08-25 11:34:49,351 [85c49798-3560-4dc9-a596-09ecbe4a8df4-groupManagement] INFO  server.RaftServer$Division (RaftServerImpl.java:<init>(198)) - 85c49798-3560-4dc9-a596-09ecbe4a8df4: new RaftServerImpl for group-D8CCD606C082:[16866294-0bab-4ae5-8da9-294ec4800f35|rpc:10.1.0.52:15067|admin:10.1.0.52:15066|client:10.1.0.52:15065|dataStream:10.1.0.52:15068|priority:0|startupRole:FOLLOWER, 6fb87cf7-6010-4447-ac68-4b216325e026|rpc:10.1.0.52:15076|admin:10.1.0.52:15075|client:10.1.0.52:15074|dataStream:10.1.0.52:15077|priority:0|startupRole:FOLLOWER, 85c49798-3560-4dc9-a596-09ecbe4a8df4|rpc:10.1.0.52:15085|admin:10.1.0.52:15084|client:10.1.0.52:15083|dataStream:10.1.0.52:15086|priority:1|startupRole:FOLLOWER] with ContainerStateMachine:uninitialized
2023-08-25 11:34:49,351 [85c49798-3560-4dc9-a596-09ecbe4a8df4-groupManagement] INFO  server.RaftServerConfigKeys (ConfUtils.java:logGet(46)) - raft.server.rpc.timeout.min = 5s (custom)
2023-08-25 11:34:49,351 [85c49798-3560-4dc9-a596-09ecbe4a8df4-groupManagement] INFO  server.RaftServerConfigKeys (ConfUtils.java:logGet(46)) - raft.server.rpc.timeout.max = 5200ms (custom)
2023-08-25 11:34:49,351 [85c49798-3560-4dc9-a596-09ecbe4a8df4-groupManagement] INFO  server.RaftServerConfigKeys (ConfUtils.java:logGet(46)) - raft.server.rpc.sleep.time = 25ms (default)
2023-08-25 11:34:49,352 [85c49798-3560-4dc9-a596-09ecbe4a8df4-groupManagement] INFO  server.RaftServerConfigKeys (ConfUtils.java:logGet(46)) - raft.server.rpc.slowness.timeout = 300s (custom)
2023-08-25 11:34:49,352 [85c49798-3560-4dc9-a596-09ecbe4a8df4-groupManagement] INFO  server.RaftServerConfigKeys (ConfUtils.java:logGet(46)) - raft.server.leaderelection.leader.step-down.wait-time = 10s (default)
2023-08-25 11:34:49,352 [85c49798-3560-4dc9-a596-09ecbe4a8df4-groupManagement] INFO  server.RaftServerConfigKeys (ConfUtils.java:logGet(46)) - raft.server.sleep.deviation.threshold = 300ms (default)
2023-08-25 11:34:49,352 [85c49798-3560-4dc9-a596-09ecbe4a8df4-groupManagement] INFO  server.RaftServer$Division (ServerState.java:<init>(120)) - 85c49798-3560-4dc9-a596-09ecbe4a8df4@group-D8CCD606C082: ConfigurationManager, init=-1: peers:[16866294-0bab-4ae5-8da9-294ec4800f35|rpc:10.1.0.52:15067|admin:10.1.0.52:15066|client:10.1.0.52:15065|dataStream:10.1.0.52:15068|priority:0|startupRole:FOLLOWER, 6fb87cf7-6010-4447-ac68-4b216325e026|rpc:10.1.0.52:15076|admin:10.1.0.52:15075|client:10.1.0.52:15074|dataStream:10.1.0.52:15077|priority:0|startupRole:FOLLOWER, 85c49798-3560-4dc9-a596-09ecbe4a8df4|rpc:10.1.0.52:15085|admin:10.1.0.52:15084|client:10.1.0.52:15083|dataStream:10.1.0.52:15086|priority:1|startupRole:FOLLOWER]|listeners:[], old=null, confs=<EMPTY_MAP>
2023-08-25 11:34:49,352 [85c49798-3560-4dc9-a596-09ecbe4a8df4-groupManagement] INFO  server.RaftServerConfigKeys (ConfUtils.java:logGet(46)) - raft.server.storage.dir = [/home/runner/work/ozone/ozone/hadoop-ozone/integration-test/target/test-dir/MiniOzoneClusterImpl-36fc3352-0e59-45fd-a08b-0e99224ecb60/datanode-2/data/ratis] (custom)
2023-08-25 11:34:49,352 [85c49798-3560-4dc9-a596-09ecbe4a8df4-groupManagement] INFO  server.RaftServerConfigKeys (ConfUtils.java:logGet(46)) - raft.server.log.corruption.policy = EXCEPTION (default)
2023-08-25 11:34:49,352 [85c49798-3560-4dc9-a596-09ecbe4a8df4-groupManagement] INFO  server.RaftServerConfigKeys (ConfUtils.java:logGet(46)) - raft.server.storage.free-space.min = 0MB (=0) (default)
2023-08-25 11:34:49,352 [85c49798-3560-4dc9-a596-09ecbe4a8df4-groupManagement] INFO  server.RaftServerConfigKeys (ConfUtils.java:logGet(46)) - raft.server.notification.no-leader.timeout = 300s (custom)
2023-08-25 11:34:49,352 [85c49798-3560-4dc9-a596-09ecbe4a8df4-groupManagement] INFO  server.RaftServerConfigKeys (ConfUtils.java:logGet(46)) - raft.server.read.timeout = 10s (default)
2023-08-25 11:34:49,352 [85c49798-3560-4dc9-a596-09ecbe4a8df4-groupManagement] INFO  server.RaftServerConfigKeys (ConfUtils.java:logGet(46)) - raft.server.retrycache.expirytime = 600000ms (custom)
2023-08-25 11:34:49,352 [85c49798-3560-4dc9-a596-09ecbe4a8df4-groupManagement] INFO  server.RaftServerConfigKeys (ConfUtils.java:logGet(46)) - raft.server.retrycache.statistics.expirytime = 100μs (default)
2023-08-25 11:34:49,353 [85c49798-3560-4dc9-a596-09ecbe4a8df4-groupManagement] INFO  server.RaftServerConfigKeys (ConfUtils.java:logGet(46)) - raft.server.read.option = DEFAULT (default)
2023-08-25 11:34:49,353 [85c49798-3560-4dc9-a596-09ecbe4a8df4-groupManagement] INFO  server.RaftServerConfigKeys (ConfUtils.java:logGet(46)) - raft.server.rpc.request.timeout = 60s (custom)
2023-08-25 11:34:49,354 [85c49798-3560-4dc9-a596-09ecbe4a8df4-groupManagement] INFO  server.RaftServerConfigKeys (ConfUtils.java:logGet(46)) - raft.server.log.appender.install.snapshot.enabled = false (custom)
2023-08-25 11:34:49,354 [85c49798-3560-4dc9-a596-09ecbe4a8df4-groupManagement] INFO  server.RaftServerConfigKeys (ConfUtils.java:logGet(46)) - raft.server.threadpool.server.cached = true (default)
2023-08-25 11:34:49,354 [85c49798-3560-4dc9-a596-09ecbe4a8df4-groupManagement] INFO  server.RaftServerConfigKeys (ConfUtils.java:logGet(46)) - raft.server.threadpool.server.size = 0 (default)
2023-08-25 11:34:49,354 [85c49798-3560-4dc9-a596-09ecbe4a8df4-groupManagement] INFO  server.RaftServerConfigKeys (ConfUtils.java:logGet(46)) - raft.server.threadpool.client.cached = true (default)
2023-08-25 11:34:49,354 [85c49798-3560-4dc9-a596-09ecbe4a8df4-groupManagement] INFO  server.RaftServerConfigKeys (ConfUtils.java:logGet(46)) - raft.server.threadpool.client.size = 0 (default)
2023-08-25 11:34:49,354 [85c49798-3560-4dc9-a596-09ecbe4a8df4-groupManagement] INFO  storage.RaftStorageDirectory (RaftStorageDirectoryImpl.java:analyzeStorage(137)) - The storage directory /home/runner/work/ozone/ozone/hadoop-ozone/integration-test/target/test-dir/MiniOzoneClusterImpl-36fc3352-0e59-45fd-a08b-0e99224ecb60/datanode-2/data/ratis/83bcb3aa-1d36-4ab4-b1d9-d8ccd606c082 does not exist. Creating ...
2023-08-25 11:34:49,356 [85c49798-3560-4dc9-a596-09ecbe4a8df4-groupManagement] INFO  storage.RaftStorageDirectory (RaftStorageDirectoryImpl.java:tryLock(231)) - Lock on /home/runner/work/ozone/ozone/hadoop-ozone/integration-test/target/test-dir/MiniOzoneClusterImpl-36fc3352-0e59-45fd-a08b-0e99224ecb60/datanode-2/data/ratis/83bcb3aa-1d36-4ab4-b1d9-d8ccd606c082/in_use.lock acquired by nodename 61563@fv-az508-118
2023-08-25 11:34:49,357 [85c49798-3560-4dc9-a596-09ecbe4a8df4-groupManagement] INFO  storage.RaftStorage (RaftStorageImpl.java:format(96)) - Storage directory /home/runner/work/ozone/ozone/hadoop-ozone/integration-test/target/test-dir/MiniOzoneClusterImpl-36fc3352-0e59-45fd-a08b-0e99224ecb60/datanode-2/data/ratis/83bcb3aa-1d36-4ab4-b1d9-d8ccd606c082 has been successfully formatted.
2023-08-25 11:34:49,358 [85c49798-3560-4dc9-a596-09ecbe4a8df4-groupManagement] INFO  ratis.ContainerStateMachine (ContainerStateMachine.java:loadSnapshot(262)) - group-D8CCD606C082: The snapshot info is null. Setting the last applied indexto:(t:0, i:~)
2023-08-25 11:34:49,358 [85c49798-3560-4dc9-a596-09ecbe4a8df4-groupManagement] INFO  server.RaftServerConfigKeys (ConfUtils.java:logGet(46)) - raft.server.log.use.memory = false (default)
2023-08-25 11:34:49,359 [85c49798-3560-4dc9-a596-09ecbe4a8df4-groupManagement] INFO  server.RaftServerConfigKeys (ConfUtils.java:logGet(46)) - raft.server.log.purge.gap = 1000000 (custom)
2023-08-25 11:34:49,359 [85c49798-3560-4dc9-a596-09ecbe4a8df4-groupManagement] INFO  server.RaftServerConfigKeys (ConfUtils.java:logGet(46)) - raft.server.log.appender.buffer.byte-limit = 33554432 (custom)
2023-08-25 11:34:49,359 [85c49798-3560-4dc9-a596-09ecbe4a8df4-groupManagement] INFO  server.RaftServerConfigKeys (ConfUtils.java:logGet(46)) - raft.server.log.statemachine.data.read.timeout = 1000ms (default)
2023-08-25 11:34:49,359 [85c49798-3560-4dc9-a596-09ecbe4a8df4-groupManagement] INFO  server.RaftServerConfigKeys (ConfUtils.java:logGet(46)) - raft.server.log.purge.preservation.log.num = 0 (default)
2023-08-25 11:34:49,359 [85c49798-3560-4dc9-a596-09ecbe4a8df4-groupManagement] INFO  server.RaftServerConfigKeys (ConfUtils.java:logGet(46)) - raft.server.log.segment.size.max = 1048576 (custom)
2023-08-25 11:34:49,360 [85c49798-3560-4dc9-a596-09ecbe4a8df4-groupManagement] INFO  server.RaftServerConfigKeys (ConfUtils.java:logGet(46)) - raft.server.log.segment.cache.num.max = 2 (custom)
2023-08-25 11:34:49,360 [85c49798-3560-4dc9-a596-09ecbe4a8df4-groupManagement] INFO  server.RaftServerConfigKeys (ConfUtils.java:logGet(46)) - raft.server.log.segment.cache.size.max = 200MB (=209715200) (default)
2023-08-25 11:34:49,360 [85c49798-3560-4dc9-a596-09ecbe4a8df4-groupManagement] INFO  server.RaftServerConfigKeys (ConfUtils.java:logGet(46)) - raft.server.log.appender.buffer.byte-limit = 33554432 (custom)
2023-08-25 11:34:49,360 [85c49798-3560-4dc9-a596-09ecbe4a8df4-groupManagement] INFO  segmented.SegmentedRaftLogWorker (SegmentedRaftLogWorker.java:<init>(188)) - new 85c49798-3560-4dc9-a596-09ecbe4a8df4@group-D8CCD606C082-SegmentedRaftLogWorker for RaftStorageImpl:Storage Directory /home/runner/work/ozone/ozone/hadoop-ozone/integration-test/target/test-dir/MiniOzoneClusterImpl-36fc3352-0e59-45fd-a08b-0e99224ecb60/datanode-2/data/ratis/83bcb3aa-1d36-4ab4-b1d9-d8ccd606c082
2023-08-25 11:34:49,360 [85c49798-3560-4dc9-a596-09ecbe4a8df4-groupManagement] INFO  server.RaftServerConfigKeys (ConfUtils.java:logGet(46)) - raft.server.log.queue.byte-limit = 4294967296 (custom)
2023-08-25 11:34:49,360 [85c49798-3560-4dc9-a596-09ecbe4a8df4-groupManagement] INFO  server.RaftServerConfigKeys (ConfUtils.java:logGet(46)) - raft.server.log.queue.element-limit = 1024 (custom)
2023-08-25 11:34:49,360 [85c49798-3560-4dc9-a596-09ecbe4a8df4-groupManagement] INFO  server.RaftServerConfigKeys (ConfUtils.java:logGet(46)) - raft.server.log.segment.size.max = 1048576 (custom)
2023-08-25 11:34:49,360 [85c49798-3560-4dc9-a596-09ecbe4a8df4-groupManagement] INFO  server.RaftServerConfigKeys (ConfUtils.java:logGet(46)) - raft.server.log.preallocated.size = 16384 (custom)
2023-08-25 11:34:49,360 [85c49798-3560-4dc9-a596-09ecbe4a8df4-groupManagement] INFO  server.RaftServerConfigKeys (ConfUtils.java:logGet(46)) - raft.server.log.force.sync.num = 128 (default)
2023-08-25 11:34:49,360 [85c49798-3560-4dc9-a596-09ecbe4a8df4-groupManagement] INFO  server.RaftServerConfigKeys (ConfUtils.java:logGet(46)) - raft.server.log.statemachine.data.sync = true (default)
2023-08-25 11:34:49,360 [85c49798-3560-4dc9-a596-09ecbe4a8df4-groupManagement] INFO  server.RaftServerConfigKeys (ConfUtils.java:logGet(46)) - raft.server.log.statemachine.data.sync.timeout = 10s (default)
2023-08-25 11:34:49,360 [85c49798-3560-4dc9-a596-09ecbe4a8df4-groupManagement] INFO  server.RaftServerConfigKeys (ConfUtils.java:logGet(46)) - raft.server.log.statemachine.data.sync.timeout.retry = -1 (default)
2023-08-25 11:34:49,361 [85c49798-3560-4dc9-a596-09ecbe4a8df4-groupManagement] INFO  server.RaftServerConfigKeys (ConfUtils.java:logGet(46)) - raft.server.log.write.buffer.size = 1048576 (custom)
2023-08-25 11:34:49,362 [85c49798-3560-4dc9-a596-09ecbe4a8df4-groupManagement] INFO  server.RaftServerConfigKeys (ConfUtils.java:logGet(46)) - raft.server.log.appender.buffer.byte-limit = 33554432 (custom)
2023-08-25 11:34:49,368 [85c49798-3560-4dc9-a596-09ecbe4a8df4-groupManagement] INFO  server.RaftServerConfigKeys (ConfUtils.java:logGet(46)) - raft.server.log.unsafe-flush.enabled = false (default)
2023-08-25 11:34:49,368 [85c49798-3560-4dc9-a596-09ecbe4a8df4-groupManagement] INFO  server.RaftServerConfigKeys (ConfUtils.java:logGet(46)) - raft.server.log.async-flush.enabled = false (default)
2023-08-25 11:34:49,368 [85c49798-3560-4dc9-a596-09ecbe4a8df4-groupManagement] INFO  server.RaftServerConfigKeys (ConfUtils.java:logGet(46)) - raft.server.log.statemachine.data.caching.enabled = true (custom)
2023-08-25 11:34:49,369 [85c49798-3560-4dc9-a596-09ecbe4a8df4-groupManagement] INFO  segmented.SegmentedRaftLogWorker (SegmentedRaftLogWorker.java:lambda$new$0(135)) - 85c49798-3560-4dc9-a596-09ecbe4a8df4@group-D8CCD606C082-SegmentedRaftLogWorker: flushIndex: setUnconditionally 0 -> -1
2023-08-25 11:34:49,369 [85c49798-3560-4dc9-a596-09ecbe4a8df4-groupManagement] INFO  segmented.SegmentedRaftLogWorker (SegmentedRaftLogWorker.java:lambda$new$0(135)) - 85c49798-3560-4dc9-a596-09ecbe4a8df4@group-D8CCD606C082-SegmentedRaftLogWorker: safeCacheEvictIndex: setUnconditionally 0 -> -1
2023-08-25 11:34:49,369 [85c49798-3560-4dc9-a596-09ecbe4a8df4-groupManagement] INFO  server.RaftServer$Division (RaftServerImpl.java:start(342)) - 85c49798-3560-4dc9-a596-09ecbe4a8df4@group-D8CCD606C082: start as a follower, conf=-1: peers:[16866294-0bab-4ae5-8da9-294ec4800f35|rpc:10.1.0.52:15067|admin:10.1.0.52:15066|client:10.1.0.52:15065|dataStream:10.1.0.52:15068|priority:0|startupRole:FOLLOWER, 6fb87cf7-6010-4447-ac68-4b216325e026|rpc:10.1.0.52:15076|admin:10.1.0.52:15075|client:10.1.0.52:15074|dataStream:10.1.0.52:15077|priority:0|startupRole:FOLLOWER, 85c49798-3560-4dc9-a596-09ecbe4a8df4|rpc:10.1.0.52:15085|admin:10.1.0.52:15084|client:10.1.0.52:15083|dataStream:10.1.0.52:15086|priority:1|startupRole:FOLLOWER]|listeners:[], old=null
2023-08-25 11:34:49,369 [85c49798-3560-4dc9-a596-09ecbe4a8df4-groupManagement] INFO  server.RaftServer$Division (RaftServerImpl.java:setRole(329)) - 85c49798-3560-4dc9-a596-09ecbe4a8df4@group-D8CCD606C082: changes role from      null to FOLLOWER at term 0 for startAsFollower
2023-08-25 11:34:49,369 [85c49798-3560-4dc9-a596-09ecbe4a8df4-groupManagement] INFO  impl.RoleInfo (RoleInfo.java:updateAndGet(139)) - 85c49798-3560-4dc9-a596-09ecbe4a8df4: start 85c49798-3560-4dc9-a596-09ecbe4a8df4@group-D8CCD606C082-FollowerState
2023-08-25 11:34:49,369 [85c49798-3560-4dc9-a596-09ecbe4a8df4@group-D8CCD606C082-FollowerState] INFO  server.RaftServerConfigKeys (ConfUtils.java:logFallback(53)) - raft.server.rpc.first-election.timeout.min = 5s (fallback to raft.server.rpc.timeout.min)
2023-08-25 11:34:49,370 [85c49798-3560-4dc9-a596-09ecbe4a8df4-groupManagement] INFO  util.JmxRegister (JmxRegister.java:tryRegister(44)) - Successfully registered JMX Bean with object name Ratis:service=RaftServer,group=group-D8CCD606C082,id=85c49798-3560-4dc9-a596-09ecbe4a8df4
2023-08-25 11:34:49,370 [85c49798-3560-4dc9-a596-09ecbe4a8df4@group-D8CCD606C082-FollowerState] INFO  server.RaftServerConfigKeys (ConfUtils.java:logFallback(53)) - raft.server.rpc.first-election.timeout.max = 5200ms (fallback to raft.server.rpc.timeout.max)
2023-08-25 11:34:49,370 [85c49798-3560-4dc9-a596-09ecbe4a8df4-groupManagement] INFO  server.RaftServerConfigKeys (ConfUtils.java:logGet(46)) - raft.server.snapshot.auto.trigger.enabled = true (custom)
2023-08-25 11:34:49,370 [85c49798-3560-4dc9-a596-09ecbe4a8df4-groupManagement] INFO  server.RaftServerConfigKeys (ConfUtils.java:logGet(46)) - raft.server.snapshot.auto.trigger.threshold = 10000 (custom)
2023-08-25 11:34:49,370 [85c49798-3560-4dc9-a596-09ecbe4a8df4-groupManagement] INFO  server.RaftServerConfigKeys (ConfUtils.java:logGet(46)) - raft.server.snapshot.retention.file.num = 5 (custom)
2023-08-25 11:34:49,370 [85c49798-3560-4dc9-a596-09ecbe4a8df4-groupManagement] INFO  server.RaftServerConfigKeys (ConfUtils.java:logGet(46)) - raft.server.log.purge.upto.snapshot.index = false (default)
2023-08-25 11:34:49,405 [grpc-default-executor-0] INFO  server.RaftServer (RaftServerProxy.java:addNew(98)) - 6fb87cf7-6010-4447-ac68-4b216325e026: addNew group-D8CCD606C082:[16866294-0bab-4ae5-8da9-294ec4800f35|rpc:10.1.0.52:15067|admin:10.1.0.52:15066|client:10.1.0.52:15065|dataStream:10.1.0.52:15068|priority:0|startupRole:FOLLOWER, 6fb87cf7-6010-4447-ac68-4b216325e026|rpc:10.1.0.52:15076|admin:10.1.0.52:15075|client:10.1.0.52:15074|dataStream:10.1.0.52:15077|priority:0|startupRole:FOLLOWER, 85c49798-3560-4dc9-a596-09ecbe4a8df4|rpc:10.1.0.52:15085|admin:10.1.0.52:15084|client:10.1.0.52:15083|dataStream:10.1.0.52:15086|priority:1|startupRole:FOLLOWER] returns group-D8CCD606C082:java.util.concurrent.CompletableFuture@1ce1e335[Not completed]
2023-08-25 11:34:49,409 [6fb87cf7-6010-4447-ac68-4b216325e026-groupManagement] INFO  server.RaftServer$Division (RaftServerImpl.java:<init>(198)) - 6fb87cf7-6010-4447-ac68-4b216325e026: new RaftServerImpl for group-D8CCD606C082:[16866294-0bab-4ae5-8da9-294ec4800f35|rpc:10.1.0.52:15067|admin:10.1.0.52:15066|client:10.1.0.52:15065|dataStream:10.1.0.52:15068|priority:0|startupRole:FOLLOWER, 6fb87cf7-6010-4447-ac68-4b216325e026|rpc:10.1.0.52:15076|admin:10.1.0.52:15075|client:10.1.0.52:15074|dataStream:10.1.0.52:15077|priority:0|startupRole:FOLLOWER, 85c49798-3560-4dc9-a596-09ecbe4a8df4|rpc:10.1.0.52:15085|admin:10.1.0.52:15084|client:10.1.0.52:15083|dataStream:10.1.0.52:15086|priority:1|startupRole:FOLLOWER] with ContainerStateMachine:uninitialized
2023-08-25 11:34:49,409 [6fb87cf7-6010-4447-ac68-4b216325e026-groupManagement] INFO  server.RaftServerConfigKeys (ConfUtils.java:logGet(46)) - raft.server.rpc.timeout.min = 5s (custom)
2023-08-25 11:34:49,409 [6fb87cf7-6010-4447-ac68-4b216325e026-groupManagement] INFO  server.RaftServerConfigKeys (ConfUtils.java:logGet(46)) - raft.server.rpc.timeout.max = 5200ms (custom)
2023-08-25 11:34:49,409 [6fb87cf7-6010-4447-ac68-4b216325e026-groupManagement] INFO  server.RaftServerConfigKeys (ConfUtils.java:logGet(46)) - raft.server.rpc.sleep.time = 25ms (default)
2023-08-25 11:34:49,409 [6fb87cf7-6010-4447-ac68-4b216325e026-groupManagement] INFO  server.RaftServerConfigKeys (ConfUtils.java:logGet(46)) - raft.server.rpc.slowness.timeout = 300s (custom)
2023-08-25 11:34:49,409 [6fb87cf7-6010-4447-ac68-4b216325e026-groupManagement] INFO  server.RaftServerConfigKeys (ConfUtils.java:logGet(46)) - raft.server.leaderelection.leader.step-down.wait-time = 10s (default)
2023-08-25 11:34:49,409 [6fb87cf7-6010-4447-ac68-4b216325e026-groupManagement] INFO  server.RaftServerConfigKeys (ConfUtils.java:logGet(46)) - raft.server.sleep.deviation.threshold = 300ms (default)
2023-08-25 11:34:49,409 [6fb87cf7-6010-4447-ac68-4b216325e026-groupManagement] INFO  server.RaftServer$Division (ServerState.java:<init>(120)) - 6fb87cf7-6010-4447-ac68-4b216325e026@group-D8CCD606C082: ConfigurationManager, init=-1: peers:[16866294-0bab-4ae5-8da9-294ec4800f35|rpc:10.1.0.52:15067|admin:10.1.0.52:15066|client:10.1.0.52:15065|dataStream:10.1.0.52:15068|priority:0|startupRole:FOLLOWER, 6fb87cf7-6010-4447-ac68-4b216325e026|rpc:10.1.0.52:15076|admin:10.1.0.52:15075|client:10.1.0.52:15074|dataStream:10.1.0.52:15077|priority:0|startupRole:FOLLOWER, 85c49798-3560-4dc9-a596-09ecbe4a8df4|rpc:10.1.0.52:15085|admin:10.1.0.52:15084|client:10.1.0.52:15083|dataStream:10.1.0.52:15086|priority:1|startupRole:FOLLOWER]|listeners:[], old=null, confs=<EMPTY_MAP>
2023-08-25 11:34:49,410 [6fb87cf7-6010-4447-ac68-4b216325e026-groupManagement] INFO  server.RaftServerConfigKeys (ConfUtils.java:logGet(46)) - raft.server.storage.dir = [/home/runner/work/ozone/ozone/hadoop-ozone/integration-test/target/test-dir/MiniOzoneClusterImpl-36fc3352-0e59-45fd-a08b-0e99224ecb60/datanode-1/data/ratis] (custom)
2023-08-25 11:34:49,410 [6fb87cf7-6010-4447-ac68-4b216325e026-groupManagement] INFO  server.RaftServerConfigKeys (ConfUtils.java:logGet(46)) - raft.server.log.corruption.policy = EXCEPTION (default)
2023-08-25 11:34:49,410 [6fb87cf7-6010-4447-ac68-4b216325e026-groupManagement] INFO  server.RaftServerConfigKeys (ConfUtils.java:logGet(46)) - raft.server.storage.free-space.min = 0MB (=0) (default)
2023-08-25 11:34:49,412 [6fb87cf7-6010-4447-ac68-4b216325e026-groupManagement] INFO  server.RaftServerConfigKeys (ConfUtils.java:logGet(46)) - raft.server.notification.no-leader.timeout = 300s (custom)
2023-08-25 11:34:49,412 [6fb87cf7-6010-4447-ac68-4b216325e026-groupManagement] INFO  server.RaftServerConfigKeys (ConfUtils.java:logGet(46)) - raft.server.read.timeout = 10s (default)
2023-08-25 11:34:49,412 [6fb87cf7-6010-4447-ac68-4b216325e026-groupManagement] INFO  server.RaftServerConfigKeys (ConfUtils.java:logGet(46)) - raft.server.retrycache.expirytime = 600000ms (custom)
2023-08-25 11:34:49,412 [6fb87cf7-6010-4447-ac68-4b216325e026-groupManagement] INFO  server.RaftServerConfigKeys (ConfUtils.java:logGet(46)) - raft.server.retrycache.statistics.expirytime = 100μs (default)
2023-08-25 11:34:49,412 [6fb87cf7-6010-4447-ac68-4b216325e026-groupManagement] INFO  server.RaftServerConfigKeys (ConfUtils.java:logGet(46)) - raft.server.read.option = DEFAULT (default)
2023-08-25 11:34:49,417 [6fb87cf7-6010-4447-ac68-4b216325e026-groupManagement] INFO  server.RaftServerConfigKeys (ConfUtils.java:logGet(46)) - raft.server.rpc.request.timeout = 60s (custom)
2023-08-25 11:34:49,417 [6fb87cf7-6010-4447-ac68-4b216325e026-groupManagement] INFO  server.RaftServerConfigKeys (ConfUtils.java:logGet(46)) - raft.server.log.appender.install.snapshot.enabled = false (custom)
2023-08-25 11:34:49,417 [6fb87cf7-6010-4447-ac68-4b216325e026-groupManagement] INFO  server.RaftServerConfigKeys (ConfUtils.java:logGet(46)) - raft.server.threadpool.server.cached = true (default)
2023-08-25 11:34:49,417 [6fb87cf7-6010-4447-ac68-4b216325e026-groupManagement] INFO  server.RaftServerConfigKeys (ConfUtils.java:logGet(46)) - raft.server.threadpool.server.size = 0 (default)
2023-08-25 11:34:49,417 [6fb87cf7-6010-4447-ac68-4b216325e026-groupManagement] INFO  server.RaftServerConfigKeys (ConfUtils.java:logGet(46)) - raft.server.threadpool.client.cached = true (default)
2023-08-25 11:34:49,417 [6fb87cf7-6010-4447-ac68-4b216325e026-groupManagement] INFO  server.RaftServerConfigKeys (ConfUtils.java:logGet(46)) - raft.server.threadpool.client.size = 0 (default)
2023-08-25 11:34:49,418 [6fb87cf7-6010-4447-ac68-4b216325e026-groupManagement] INFO  storage.RaftStorageDirectory (RaftStorageDirectoryImpl.java:analyzeStorage(137)) - The storage directory /home/runner/work/ozone/ozone/hadoop-ozone/integration-test/target/test-dir/MiniOzoneClusterImpl-36fc3352-0e59-45fd-a08b-0e99224ecb60/datanode-1/data/ratis/83bcb3aa-1d36-4ab4-b1d9-d8ccd606c082 does not exist. Creating ...
2023-08-25 11:34:49,420 [6fb87cf7-6010-4447-ac68-4b216325e026-groupManagement] INFO  storage.RaftStorageDirectory (RaftStorageDirectoryImpl.java:tryLock(231)) - Lock on /home/runner/work/ozone/ozone/hadoop-ozone/integration-test/target/test-dir/MiniOzoneClusterImpl-36fc3352-0e59-45fd-a08b-0e99224ecb60/datanode-1/data/ratis/83bcb3aa-1d36-4ab4-b1d9-d8ccd606c082/in_use.lock acquired by nodename 61563@fv-az508-118
2023-08-25 11:34:49,422 [6fb87cf7-6010-4447-ac68-4b216325e026-groupManagement] INFO  storage.RaftStorage (RaftStorageImpl.java:format(96)) - Storage directory /home/runner/work/ozone/ozone/hadoop-ozone/integration-test/target/test-dir/MiniOzoneClusterImpl-36fc3352-0e59-45fd-a08b-0e99224ecb60/datanode-1/data/ratis/83bcb3aa-1d36-4ab4-b1d9-d8ccd606c082 has been successfully formatted.
2023-08-25 11:34:49,424 [6fb87cf7-6010-4447-ac68-4b216325e026-groupManagement] INFO  ratis.ContainerStateMachine (ContainerStateMachine.java:loadSnapshot(262)) - group-D8CCD606C082: The snapshot info is null. Setting the last applied indexto:(t:0, i:~)
2023-08-25 11:34:49,424 [6fb87cf7-6010-4447-ac68-4b216325e026-groupManagement] INFO  server.RaftServerConfigKeys (ConfUtils.java:logGet(46)) - raft.server.log.use.memory = false (default)
2023-08-25 11:34:49,425 [6fb87cf7-6010-4447-ac68-4b216325e026-groupManagement] INFO  server.RaftServerConfigKeys (ConfUtils.java:logGet(46)) - raft.server.log.purge.gap = 1000000 (custom)
2023-08-25 11:34:49,425 [6fb87cf7-6010-4447-ac68-4b216325e026-groupManagement] INFO  server.RaftServerConfigKeys (ConfUtils.java:logGet(46)) - raft.server.log.appender.buffer.byte-limit = 33554432 (custom)
2023-08-25 11:34:49,425 [6fb87cf7-6010-4447-ac68-4b216325e026-groupManagement] INFO  server.RaftServerConfigKeys (ConfUtils.java:logGet(46)) - raft.server.log.statemachine.data.read.timeout = 1000ms (default)
2023-08-25 11:34:49,425 [6fb87cf7-6010-4447-ac68-4b216325e026-groupManagement] INFO  server.RaftServerConfigKeys (ConfUtils.java:logGet(46)) - raft.server.log.purge.preservation.log.num = 0 (default)
2023-08-25 11:34:49,425 [6fb87cf7-6010-4447-ac68-4b216325e026-groupManagement] INFO  server.RaftServerConfigKeys (ConfUtils.java:logGet(46)) - raft.server.log.segment.size.max = 1048576 (custom)
2023-08-25 11:34:49,426 [6fb87cf7-6010-4447-ac68-4b216325e026-groupManagement] INFO  server.RaftServerConfigKeys (ConfUtils.java:logGet(46)) - raft.server.log.segment.cache.num.max = 2 (custom)
2023-08-25 11:34:49,426 [6fb87cf7-6010-4447-ac68-4b216325e026-groupManagement] INFO  server.RaftServerConfigKeys (ConfUtils.java:logGet(46)) - raft.server.log.segment.cache.size.max = 200MB (=209715200) (default)
2023-08-25 11:34:49,426 [6fb87cf7-6010-4447-ac68-4b216325e026-groupManagement] INFO  server.RaftServerConfigKeys (ConfUtils.java:logGet(46)) - raft.server.log.appender.buffer.byte-limit = 33554432 (custom)
2023-08-25 11:34:49,426 [6fb87cf7-6010-4447-ac68-4b216325e026-groupManagement] INFO  segmented.SegmentedRaftLogWorker (SegmentedRaftLogWorker.java:<init>(188)) - new 6fb87cf7-6010-4447-ac68-4b216325e026@group-D8CCD606C082-SegmentedRaftLogWorker for RaftStorageImpl:Storage Directory /home/runner/work/ozone/ozone/hadoop-ozone/integration-test/target/test-dir/MiniOzoneClusterImpl-36fc3352-0e59-45fd-a08b-0e99224ecb60/datanode-1/data/ratis/83bcb3aa-1d36-4ab4-b1d9-d8ccd606c082
2023-08-25 11:34:49,426 [6fb87cf7-6010-4447-ac68-4b216325e026-groupManagement] INFO  server.RaftServerConfigKeys (ConfUtils.java:logGet(46)) - raft.server.log.queue.byte-limit = 4294967296 (custom)
2023-08-25 11:34:49,426 [6fb87cf7-6010-4447-ac68-4b216325e026-groupManagement] INFO  server.RaftServerConfigKeys (ConfUtils.java:logGet(46)) - raft.server.log.queue.element-limit = 1024 (custom)
2023-08-25 11:34:49,426 [6fb87cf7-6010-4447-ac68-4b216325e026-groupManagement] INFO  server.RaftServerConfigKeys (ConfUtils.java:logGet(46)) - raft.server.log.segment.size.max = 1048576 (custom)
2023-08-25 11:34:49,426 [6fb87cf7-6010-4447-ac68-4b216325e026-groupManagement] INFO  server.RaftServerConfigKeys (ConfUtils.java:logGet(46)) - raft.server.log.preallocated.size = 16384 (custom)
2023-08-25 11:34:49,426 [6fb87cf7-6010-4447-ac68-4b216325e026-groupManagement] INFO  server.RaftServerConfigKeys (ConfUtils.java:logGet(46)) - raft.server.log.force.sync.num = 128 (default)
2023-08-25 11:34:49,427 [6fb87cf7-6010-4447-ac68-4b216325e026-groupManagement] INFO  server.RaftServerConfigKeys (ConfUtils.java:logGet(46)) - raft.server.log.statemachine.data.sync = true (default)
2023-08-25 11:34:49,427 [6fb87cf7-6010-4447-ac68-4b216325e026-groupManagement] INFO  server.RaftServerConfigKeys (ConfUtils.java:logGet(46)) - raft.server.log.statemachine.data.sync.timeout = 10s (default)
2023-08-25 11:34:49,427 [6fb87cf7-6010-4447-ac68-4b216325e026-groupManagement] INFO  server.RaftServerConfigKeys (ConfUtils.java:logGet(46)) - raft.server.log.statemachine.data.sync.timeout.retry = -1 (default)
2023-08-25 11:34:49,427 [6fb87cf7-6010-4447-ac68-4b216325e026-groupManagement] INFO  server.RaftServerConfigKeys (ConfUtils.java:logGet(46)) - raft.server.log.write.buffer.size = 1048576 (custom)
2023-08-25 11:34:49,428 [6fb87cf7-6010-4447-ac68-4b216325e026-groupManagement] INFO  server.RaftServerConfigKeys (ConfUtils.java:logGet(46)) - raft.server.log.appender.buffer.byte-limit = 33554432 (custom)
2023-08-25 11:34:49,434 [6fb87cf7-6010-4447-ac68-4b216325e026-groupManagement] INFO  server.RaftServerConfigKeys (ConfUtils.java:logGet(46)) - raft.server.log.unsafe-flush.enabled = false (default)
2023-08-25 11:34:49,435 [6fb87cf7-6010-4447-ac68-4b216325e026-groupManagement] INFO  server.RaftServerConfigKeys (ConfUtils.java:logGet(46)) - raft.server.log.async-flush.enabled = false (default)
2023-08-25 11:34:49,435 [6fb87cf7-6010-4447-ac68-4b216325e026-groupManagement] INFO  server.RaftServerConfigKeys (ConfUtils.java:logGet(46)) - raft.server.log.statemachine.data.caching.enabled = true (custom)
2023-08-25 11:34:49,435 [6fb87cf7-6010-4447-ac68-4b216325e026-groupManagement] INFO  segmented.SegmentedRaftLogWorker (SegmentedRaftLogWorker.java:lambda$new$0(135)) - 6fb87cf7-6010-4447-ac68-4b216325e026@group-D8CCD606C082-SegmentedRaftLogWorker: flushIndex: setUnconditionally 0 -> -1
2023-08-25 11:34:49,435 [6fb87cf7-6010-4447-ac68-4b216325e026-groupManagement] INFO  segmented.SegmentedRaftLogWorker (SegmentedRaftLogWorker.java:lambda$new$0(135)) - 6fb87cf7-6010-4447-ac68-4b216325e026@group-D8CCD606C082-SegmentedRaftLogWorker: safeCacheEvictIndex: setUnconditionally 0 -> -1
2023-08-25 11:34:49,435 [6fb87cf7-6010-4447-ac68-4b216325e026-groupManagement] INFO  server.RaftServer$Division (RaftServerImpl.java:start(342)) - 6fb87cf7-6010-4447-ac68-4b216325e026@group-D8CCD606C082: start as a follower, conf=-1: peers:[16866294-0bab-4ae5-8da9-294ec4800f35|rpc:10.1.0.52:15067|admin:10.1.0.52:15066|client:10.1.0.52:15065|dataStream:10.1.0.52:15068|priority:0|startupRole:FOLLOWER, 6fb87cf7-6010-4447-ac68-4b216325e026|rpc:10.1.0.52:15076|admin:10.1.0.52:15075|client:10.1.0.52:15074|dataStream:10.1.0.52:15077|priority:0|startupRole:FOLLOWER, 85c49798-3560-4dc9-a596-09ecbe4a8df4|rpc:10.1.0.52:15085|admin:10.1.0.52:15084|client:10.1.0.52:15083|dataStream:10.1.0.52:15086|priority:1|startupRole:FOLLOWER]|listeners:[], old=null
2023-08-25 11:34:49,435 [6fb87cf7-6010-4447-ac68-4b216325e026-groupManagement] INFO  server.RaftServer$Division (RaftServerImpl.java:setRole(329)) - 6fb87cf7-6010-4447-ac68-4b216325e026@group-D8CCD606C082: changes role from      null to FOLLOWER at term 0 for startAsFollower
2023-08-25 11:34:49,436 [6fb87cf7-6010-4447-ac68-4b216325e026-groupManagement] INFO  impl.RoleInfo (RoleInfo.java:updateAndGet(139)) - 6fb87cf7-6010-4447-ac68-4b216325e026: start 6fb87cf7-6010-4447-ac68-4b216325e026@group-D8CCD606C082-FollowerState
2023-08-25 11:34:49,438 [6fb87cf7-6010-4447-ac68-4b216325e026-groupManagement] INFO  util.JmxRegister (JmxRegister.java:tryRegister(44)) - Successfully registered JMX Bean with object name Ratis:service=RaftServer,group=group-D8CCD606C082,id=6fb87cf7-6010-4447-ac68-4b216325e026
2023-08-25 11:34:49,438 [6fb87cf7-6010-4447-ac68-4b216325e026-groupManagement] INFO  server.RaftServerConfigKeys (ConfUtils.java:logGet(46)) - raft.server.snapshot.auto.trigger.enabled = true (custom)
2023-08-25 11:34:49,438 [6fb87cf7-6010-4447-ac68-4b216325e026-groupManagement] INFO  server.RaftServerConfigKeys (ConfUtils.java:logGet(46)) - raft.server.snapshot.auto.trigger.threshold = 10000 (custom)
2023-08-25 11:34:49,438 [6fb87cf7-6010-4447-ac68-4b216325e026@group-D8CCD606C082-FollowerState] INFO  server.RaftServerConfigKeys (ConfUtils.java:logFallback(53)) - raft.server.rpc.first-election.timeout.min = 5s (fallback to raft.server.rpc.timeout.min)
2023-08-25 11:34:49,438 [6fb87cf7-6010-4447-ac68-4b216325e026-groupManagement] INFO  server.RaftServerConfigKeys (ConfUtils.java:logGet(46)) - raft.server.snapshot.retention.file.num = 5 (custom)
2023-08-25 11:34:49,438 [6fb87cf7-6010-4447-ac68-4b216325e026@group-D8CCD606C082-FollowerState] INFO  server.RaftServerConfigKeys (ConfUtils.java:logFallback(53)) - raft.server.rpc.first-election.timeout.max = 5200ms (fallback to raft.server.rpc.timeout.max)
2023-08-25 11:34:49,438 [6fb87cf7-6010-4447-ac68-4b216325e026-groupManagement] INFO  server.RaftServerConfigKeys (ConfUtils.java:logGet(46)) - raft.server.log.purge.upto.snapshot.index = false (default)
2023-08-25 11:34:49,455 [PipelineCommandHandlerThread-0] INFO  commandhandler.CreatePipelineCommandHandler (CreatePipelineCommandHandler.java:lambda$handle$2(124)) - Created Pipeline RATIS THREE PipelineID=83bcb3aa-1d36-4ab4-b1d9-d8ccd606c082.
2023-08-25 11:34:49,455 [PipelineCommandHandlerThread-0] INFO  server.RaftServer (RaftServerProxy.java:addNew(98)) - 16866294-0bab-4ae5-8da9-294ec4800f35: addNew group-8C0C4E35EF52:[16866294-0bab-4ae5-8da9-294ec4800f35|rpc:10.1.0.52:15067|admin:10.1.0.52:15066|client:10.1.0.52:15065|dataStream:10.1.0.52:15068|priority:0|startupRole:FOLLOWER, 6fb87cf7-6010-4447-ac68-4b216325e026|rpc:10.1.0.52:15076|admin:10.1.0.52:15075|client:10.1.0.52:15074|dataStream:10.1.0.52:15077|priority:1|startupRole:FOLLOWER, 85c49798-3560-4dc9-a596-09ecbe4a8df4|rpc:10.1.0.52:15085|admin:10.1.0.52:15084|client:10.1.0.52:15083|dataStream:10.1.0.52:15086|priority:0|startupRole:FOLLOWER] returns group-8C0C4E35EF52:java.util.concurrent.CompletableFuture@14bd0438[Not completed]
2023-08-25 11:34:49,457 [16866294-0bab-4ae5-8da9-294ec4800f35-groupManagement] INFO  server.RaftServer$Division (RaftServerImpl.java:<init>(198)) - 16866294-0bab-4ae5-8da9-294ec4800f35: new RaftServerImpl for group-8C0C4E35EF52:[16866294-0bab-4ae5-8da9-294ec4800f35|rpc:10.1.0.52:15067|admin:10.1.0.52:15066|client:10.1.0.52:15065|dataStream:10.1.0.52:15068|priority:0|startupRole:FOLLOWER, 6fb87cf7-6010-4447-ac68-4b216325e026|rpc:10.1.0.52:15076|admin:10.1.0.52:15075|client:10.1.0.52:15074|dataStream:10.1.0.52:15077|priority:1|startupRole:FOLLOWER, 85c49798-3560-4dc9-a596-09ecbe4a8df4|rpc:10.1.0.52:15085|admin:10.1.0.52:15084|client:10.1.0.52:15083|dataStream:10.1.0.52:15086|priority:0|startupRole:FOLLOWER] with ContainerStateMachine:uninitialized
2023-08-25 11:34:49,457 [16866294-0bab-4ae5-8da9-294ec4800f35-groupManagement] INFO  server.RaftServerConfigKeys (ConfUtils.java:logGet(46)) - raft.server.rpc.timeout.min = 5s (custom)
2023-08-25 11:34:49,457 [16866294-0bab-4ae5-8da9-294ec4800f35-groupManagement] INFO  server.RaftServerConfigKeys (ConfUtils.java:logGet(46)) - raft.server.rpc.timeout.max = 5200ms (custom)
2023-08-25 11:34:49,457 [16866294-0bab-4ae5-8da9-294ec4800f35-groupManagement] INFO  server.RaftServerConfigKeys (ConfUtils.java:logGet(46)) - raft.server.rpc.sleep.time = 25ms (default)
2023-08-25 11:34:49,457 [16866294-0bab-4ae5-8da9-294ec4800f35-groupManagement] INFO  server.RaftServerConfigKeys (ConfUtils.java:logGet(46)) - raft.server.rpc.slowness.timeout = 300s (custom)
2023-08-25 11:34:49,457 [16866294-0bab-4ae5-8da9-294ec4800f35-groupManagement] INFO  server.RaftServerConfigKeys (ConfUtils.java:logGet(46)) - raft.server.leaderelection.leader.step-down.wait-time = 10s (default)
2023-08-25 11:34:49,457 [16866294-0bab-4ae5-8da9-294ec4800f35-groupManagement] INFO  server.RaftServerConfigKeys (ConfUtils.java:logGet(46)) - raft.server.sleep.deviation.threshold = 300ms (default)
2023-08-25 11:34:49,457 [16866294-0bab-4ae5-8da9-294ec4800f35-groupManagement] INFO  server.RaftServer$Division (ServerState.java:<init>(120)) - 16866294-0bab-4ae5-8da9-294ec4800f35@group-8C0C4E35EF52: ConfigurationManager, init=-1: peers:[16866294-0bab-4ae5-8da9-294ec4800f35|rpc:10.1.0.52:15067|admin:10.1.0.52:15066|client:10.1.0.52:15065|dataStream:10.1.0.52:15068|priority:0|startupRole:FOLLOWER, 6fb87cf7-6010-4447-ac68-4b216325e026|rpc:10.1.0.52:15076|admin:10.1.0.52:15075|client:10.1.0.52:15074|dataStream:10.1.0.52:15077|priority:1|startupRole:FOLLOWER, 85c49798-3560-4dc9-a596-09ecbe4a8df4|rpc:10.1.0.52:15085|admin:10.1.0.52:15084|client:10.1.0.52:15083|dataStream:10.1.0.52:15086|priority:0|startupRole:FOLLOWER]|listeners:[], old=null, confs=<EMPTY_MAP>
2023-08-25 11:34:49,458 [16866294-0bab-4ae5-8da9-294ec4800f35-groupManagement] INFO  server.RaftServerConfigKeys (ConfUtils.java:logGet(46)) - raft.server.storage.dir = [/home/runner/work/ozone/ozone/hadoop-ozone/integration-test/target/test-dir/MiniOzoneClusterImpl-36fc3352-0e59-45fd-a08b-0e99224ecb60/datanode-0/data/ratis] (custom)
2023-08-25 11:34:49,458 [16866294-0bab-4ae5-8da9-294ec4800f35-groupManagement] INFO  server.RaftServerConfigKeys (ConfUtils.java:logGet(46)) - raft.server.log.corruption.policy = EXCEPTION (default)
2023-08-25 11:34:49,458 [16866294-0bab-4ae5-8da9-294ec4800f35-groupManagement] INFO  server.RaftServerConfigKeys (ConfUtils.java:logGet(46)) - raft.server.storage.free-space.min = 0MB (=0) (default)
2023-08-25 11:34:49,458 [16866294-0bab-4ae5-8da9-294ec4800f35-groupManagement] INFO  server.RaftServerConfigKeys (ConfUtils.java:logGet(46)) - raft.server.notification.no-leader.timeout = 300s (custom)
2023-08-25 11:34:49,458 [16866294-0bab-4ae5-8da9-294ec4800f35-groupManagement] INFO  server.RaftServerConfigKeys (ConfUtils.java:logGet(46)) - raft.server.read.timeout = 10s (default)
2023-08-25 11:34:49,458 [16866294-0bab-4ae5-8da9-294ec4800f35-groupManagement] INFO  server.RaftServerConfigKeys (ConfUtils.java:logGet(46)) - raft.server.retrycache.expirytime = 600000ms (custom)
2023-08-25 11:34:49,458 [16866294-0bab-4ae5-8da9-294ec4800f35-groupManagement] INFO  server.RaftServerConfigKeys (ConfUtils.java:logGet(46)) - raft.server.retrycache.statistics.expirytime = 100μs (default)
2023-08-25 11:34:49,458 [16866294-0bab-4ae5-8da9-294ec4800f35-groupManagement] INFO  server.RaftServerConfigKeys (ConfUtils.java:logGet(46)) - raft.server.read.option = DEFAULT (default)
2023-08-25 11:34:49,459 [16866294-0bab-4ae5-8da9-294ec4800f35-groupManagement] INFO  server.RaftServerConfigKeys (ConfUtils.java:logGet(46)) - raft.server.rpc.request.timeout = 60s (custom)
2023-08-25 11:34:49,459 [16866294-0bab-4ae5-8da9-294ec4800f35-groupManagement] INFO  server.RaftServerConfigKeys (ConfUtils.java:logGet(46)) - raft.server.log.appender.install.snapshot.enabled = false (custom)
2023-08-25 11:34:49,459 [16866294-0bab-4ae5-8da9-294ec4800f35-groupManagement] INFO  server.RaftServerConfigKeys (ConfUtils.java:logGet(46)) - raft.server.threadpool.server.cached = true (default)
2023-08-25 11:34:49,459 [16866294-0bab-4ae5-8da9-294ec4800f35-groupManagement] INFO  server.RaftServerConfigKeys (ConfUtils.java:logGet(46)) - raft.server.threadpool.server.size = 0 (default)
2023-08-25 11:34:49,459 [16866294-0bab-4ae5-8da9-294ec4800f35-groupManagement] INFO  server.RaftServerConfigKeys (ConfUtils.java:logGet(46)) - raft.server.threadpool.client.cached = true (default)
2023-08-25 11:34:49,459 [16866294-0bab-4ae5-8da9-294ec4800f35-groupManagement] INFO  server.RaftServerConfigKeys (ConfUtils.java:logGet(46)) - raft.server.threadpool.client.size = 0 (default)
2023-08-25 11:34:49,459 [16866294-0bab-4ae5-8da9-294ec4800f35-groupManagement] INFO  storage.RaftStorageDirectory (RaftStorageDirectoryImpl.java:analyzeStorage(137)) - The storage directory /home/runner/work/ozone/ozone/hadoop-ozone/integration-test/target/test-dir/MiniOzoneClusterImpl-36fc3352-0e59-45fd-a08b-0e99224ecb60/datanode-0/data/ratis/da625676-3909-44fd-8a2b-8c0c4e35ef52 does not exist. Creating ...
2023-08-25 11:34:49,461 [16866294-0bab-4ae5-8da9-294ec4800f35-groupManagement] INFO  storage.RaftStorageDirectory (RaftStorageDirectoryImpl.java:tryLock(231)) - Lock on /home/runner/work/ozone/ozone/hadoop-ozone/integration-test/target/test-dir/MiniOzoneClusterImpl-36fc3352-0e59-45fd-a08b-0e99224ecb60/datanode-0/data/ratis/da625676-3909-44fd-8a2b-8c0c4e35ef52/in_use.lock acquired by nodename 61563@fv-az508-118
2023-08-25 11:34:49,464 [16866294-0bab-4ae5-8da9-294ec4800f35-groupManagement] INFO  storage.RaftStorage (RaftStorageImpl.java:format(96)) - Storage directory /home/runner/work/ozone/ozone/hadoop-ozone/integration-test/target/test-dir/MiniOzoneClusterImpl-36fc3352-0e59-45fd-a08b-0e99224ecb60/datanode-0/data/ratis/da625676-3909-44fd-8a2b-8c0c4e35ef52 has been successfully formatted.
2023-08-25 11:34:49,464 [16866294-0bab-4ae5-8da9-294ec4800f35-groupManagement] INFO  ratis.ContainerStateMachine (ContainerStateMachine.java:loadSnapshot(262)) - group-8C0C4E35EF52: The snapshot info is null. Setting the last applied indexto:(t:0, i:~)
2023-08-25 11:34:49,464 [16866294-0bab-4ae5-8da9-294ec4800f35-groupManagement] INFO  server.RaftServerConfigKeys (ConfUtils.java:logGet(46)) - raft.server.log.use.memory = false (default)
2023-08-25 11:34:49,465 [16866294-0bab-4ae5-8da9-294ec4800f35-groupManagement] INFO  server.RaftServerConfigKeys (ConfUtils.java:logGet(46)) - raft.server.log.purge.gap = 1000000 (custom)
2023-08-25 11:34:49,465 [EventQueue-OpenPipelineForHealthyPipelineSafeModeRule] INFO  safemode.SCMSafeModeManager (HealthyPipelineSafeModeRule.java:process(137)) - SCM in safe mode. Healthy pipelines reported count is 0, required healthy pipeline reported count is 1
2023-08-25 11:34:49,466 [16866294-0bab-4ae5-8da9-294ec4800f35-groupManagement] INFO  server.RaftServerConfigKeys (ConfUtils.java:logGet(46)) - raft.server.log.appender.buffer.byte-limit = 33554432 (custom)
2023-08-25 11:34:49,466 [16866294-0bab-4ae5-8da9-294ec4800f35-groupManagement] INFO  server.RaftServerConfigKeys (ConfUtils.java:logGet(46)) - raft.server.log.statemachine.data.read.timeout = 1000ms (default)
2023-08-25 11:34:49,466 [16866294-0bab-4ae5-8da9-294ec4800f35-groupManagement] INFO  server.RaftServerConfigKeys (ConfUtils.java:logGet(46)) - raft.server.log.purge.preservation.log.num = 0 (default)
2023-08-25 11:34:49,466 [16866294-0bab-4ae5-8da9-294ec4800f35-groupManagement] INFO  server.RaftServerConfigKeys (ConfUtils.java:logGet(46)) - raft.server.log.segment.size.max = 1048576 (custom)
2023-08-25 11:34:49,466 [16866294-0bab-4ae5-8da9-294ec4800f35-groupManagement] INFO  server.RaftServerConfigKeys (ConfUtils.java:logGet(46)) - raft.server.log.segment.cache.num.max = 2 (custom)
2023-08-25 11:34:49,467 [16866294-0bab-4ae5-8da9-294ec4800f35-groupManagement] INFO  server.RaftServerConfigKeys (ConfUtils.java:logGet(46)) - raft.server.log.segment.cache.size.max = 200MB (=209715200) (default)
2023-08-25 11:34:49,467 [16866294-0bab-4ae5-8da9-294ec4800f35-groupManagement] INFO  server.RaftServerConfigKeys (ConfUtils.java:logGet(46)) - raft.server.log.appender.buffer.byte-limit = 33554432 (custom)
2023-08-25 11:34:49,467 [16866294-0bab-4ae5-8da9-294ec4800f35-groupManagement] INFO  segmented.SegmentedRaftLogWorker (SegmentedRaftLogWorker.java:<init>(188)) - new 16866294-0bab-4ae5-8da9-294ec4800f35@group-8C0C4E35EF52-SegmentedRaftLogWorker for RaftStorageImpl:Storage Directory /home/runner/work/ozone/ozone/hadoop-ozone/integration-test/target/test-dir/MiniOzoneClusterImpl-36fc3352-0e59-45fd-a08b-0e99224ecb60/datanode-0/data/ratis/da625676-3909-44fd-8a2b-8c0c4e35ef52
2023-08-25 11:34:49,467 [16866294-0bab-4ae5-8da9-294ec4800f35-groupManagement] INFO  server.RaftServerConfigKeys (ConfUtils.java:logGet(46)) - raft.server.log.queue.byte-limit = 4294967296 (custom)
2023-08-25 11:34:49,467 [16866294-0bab-4ae5-8da9-294ec4800f35-groupManagement] INFO  server.RaftServerConfigKeys (ConfUtils.java:logGet(46)) - raft.server.log.queue.element-limit = 1024 (custom)
2023-08-25 11:34:49,467 [16866294-0bab-4ae5-8da9-294ec4800f35-groupManagement] INFO  server.RaftServerConfigKeys (ConfUtils.java:logGet(46)) - raft.server.log.segment.size.max = 1048576 (custom)
2023-08-25 11:34:49,467 [16866294-0bab-4ae5-8da9-294ec4800f35-groupManagement] INFO  server.RaftServerConfigKeys (ConfUtils.java:logGet(46)) - raft.server.log.preallocated.size = 16384 (custom)
2023-08-25 11:34:49,467 [16866294-0bab-4ae5-8da9-294ec4800f35-groupManagement] INFO  server.RaftServerConfigKeys (ConfUtils.java:logGet(46)) - raft.server.log.force.sync.num = 128 (default)
2023-08-25 11:34:49,467 [16866294-0bab-4ae5-8da9-294ec4800f35-groupManagement] INFO  server.RaftServerConfigKeys (ConfUtils.java:logGet(46)) - raft.server.log.statemachine.data.sync = true (default)
2023-08-25 11:34:49,467 [16866294-0bab-4ae5-8da9-294ec4800f35-groupManagement] INFO  server.RaftServerConfigKeys (ConfUtils.java:logGet(46)) - raft.server.log.statemachine.data.sync.timeout = 10s (default)
2023-08-25 11:34:49,467 [16866294-0bab-4ae5-8da9-294ec4800f35-groupManagement] INFO  server.RaftServerConfigKeys (ConfUtils.java:logGet(46)) - raft.server.log.statemachine.data.sync.timeout.retry = -1 (default)
2023-08-25 11:34:49,468 [16866294-0bab-4ae5-8da9-294ec4800f35-groupManagement] INFO  server.RaftServerConfigKeys (ConfUtils.java:logGet(46)) - raft.server.log.write.buffer.size = 1048576 (custom)
2023-08-25 11:34:49,468 [16866294-0bab-4ae5-8da9-294ec4800f35-groupManagement] INFO  server.RaftServerConfigKeys (ConfUtils.java:logGet(46)) - raft.server.log.appender.buffer.byte-limit = 33554432 (custom)
2023-08-25 11:34:49,475 [16866294-0bab-4ae5-8da9-294ec4800f35-groupManagement] INFO  server.RaftServerConfigKeys (ConfUtils.java:logGet(46)) - raft.server.log.unsafe-flush.enabled = false (default)
2023-08-25 11:34:49,475 [16866294-0bab-4ae5-8da9-294ec4800f35-groupManagement] INFO  server.RaftServerConfigKeys (ConfUtils.java:logGet(46)) - raft.server.log.async-flush.enabled = false (default)
2023-08-25 11:34:49,475 [16866294-0bab-4ae5-8da9-294ec4800f35-groupManagement] INFO  server.RaftServerConfigKeys (ConfUtils.java:logGet(46)) - raft.server.log.statemachine.data.caching.enabled = true (custom)
2023-08-25 11:34:49,475 [16866294-0bab-4ae5-8da9-294ec4800f35-groupManagement] INFO  segmented.SegmentedRaftLogWorker (SegmentedRaftLogWorker.java:lambda$new$0(135)) - 16866294-0bab-4ae5-8da9-294ec4800f35@group-8C0C4E35EF52-SegmentedRaftLogWorker: flushIndex: setUnconditionally 0 -> -1
2023-08-25 11:34:49,475 [16866294-0bab-4ae5-8da9-294ec4800f35-groupManagement] INFO  segmented.SegmentedRaftLogWorker (SegmentedRaftLogWorker.java:lambda$new$0(135)) - 16866294-0bab-4ae5-8da9-294ec4800f35@group-8C0C4E35EF52-SegmentedRaftLogWorker: safeCacheEvictIndex: setUnconditionally 0 -> -1
2023-08-25 11:34:49,476 [16866294-0bab-4ae5-8da9-294ec4800f35-groupManagement] INFO  server.RaftServer$Division (RaftServerImpl.java:start(342)) - 16866294-0bab-4ae5-8da9-294ec4800f35@group-8C0C4E35EF52: start as a follower, conf=-1: peers:[16866294-0bab-4ae5-8da9-294ec4800f35|rpc:10.1.0.52:15067|admin:10.1.0.52:15066|client:10.1.0.52:15065|dataStream:10.1.0.52:15068|priority:0|startupRole:FOLLOWER, 6fb87cf7-6010-4447-ac68-4b216325e026|rpc:10.1.0.52:15076|admin:10.1.0.52:15075|client:10.1.0.52:15074|dataStream:10.1.0.52:15077|priority:1|startupRole:FOLLOWER, 85c49798-3560-4dc9-a596-09ecbe4a8df4|rpc:10.1.0.52:15085|admin:10.1.0.52:15084|client:10.1.0.52:15083|dataStream:10.1.0.52:15086|priority:0|startupRole:FOLLOWER]|listeners:[], old=null
2023-08-25 11:34:49,476 [16866294-0bab-4ae5-8da9-294ec4800f35-groupManagement] INFO  server.RaftServer$Division (RaftServerImpl.java:setRole(329)) - 16866294-0bab-4ae5-8da9-294ec4800f35@group-8C0C4E35EF52: changes role from      null to FOLLOWER at term 0 for startAsFollower
2023-08-25 11:34:49,476 [16866294-0bab-4ae5-8da9-294ec4800f35-groupManagement] INFO  impl.RoleInfo (RoleInfo.java:updateAndGet(139)) - 16866294-0bab-4ae5-8da9-294ec4800f35: start 16866294-0bab-4ae5-8da9-294ec4800f35@group-8C0C4E35EF52-FollowerState
2023-08-25 11:34:49,481 [16866294-0bab-4ae5-8da9-294ec4800f35-groupManagement] INFO  util.JmxRegister (JmxRegister.java:tryRegister(44)) - Successfully registered JMX Bean with object name Ratis:service=RaftServer,group=group-8C0C4E35EF52,id=16866294-0bab-4ae5-8da9-294ec4800f35
2023-08-25 11:34:49,481 [16866294-0bab-4ae5-8da9-294ec4800f35-groupManagement] INFO  server.RaftServerConfigKeys (ConfUtils.java:logGet(46)) - raft.server.snapshot.auto.trigger.enabled = true (custom)
2023-08-25 11:34:49,481 [16866294-0bab-4ae5-8da9-294ec4800f35-groupManagement] INFO  server.RaftServerConfigKeys (ConfUtils.java:logGet(46)) - raft.server.snapshot.auto.trigger.threshold = 10000 (custom)
2023-08-25 11:34:49,481 [16866294-0bab-4ae5-8da9-294ec4800f35-groupManagement] INFO  server.RaftServerConfigKeys (ConfUtils.java:logGet(46)) - raft.server.snapshot.retention.file.num = 5 (custom)
2023-08-25 11:34:49,481 [16866294-0bab-4ae5-8da9-294ec4800f35-groupManagement] INFO  server.RaftServerConfigKeys (ConfUtils.java:logGet(46)) - raft.server.log.purge.upto.snapshot.index = false (default)
2023-08-25 11:34:49,482 [16866294-0bab-4ae5-8da9-294ec4800f35@group-8C0C4E35EF52-FollowerState] INFO  server.RaftServerConfigKeys (ConfUtils.java:logFallback(53)) - raft.server.rpc.first-election.timeout.min = 5s (fallback to raft.server.rpc.timeout.min)
2023-08-25 11:34:49,482 [16866294-0bab-4ae5-8da9-294ec4800f35@group-8C0C4E35EF52-FollowerState] INFO  server.RaftServerConfigKeys (ConfUtils.java:logFallback(53)) - raft.server.rpc.first-election.timeout.max = 5200ms (fallback to raft.server.rpc.timeout.max)
2023-08-25 11:34:49,482 [PipelineCommandHandlerThread-0] INFO  ratis.XceiverServerRatis (XceiverServerRatis.java:addGroup(804)) - Created group PipelineID=da625676-3909-44fd-8a2b-8c0c4e35ef52
2023-08-25 11:34:49,497 [grpc-default-executor-0] INFO  server.RaftServer (RaftServerProxy.java:addNew(98)) - 85c49798-3560-4dc9-a596-09ecbe4a8df4: addNew group-8C0C4E35EF52:[16866294-0bab-4ae5-8da9-294ec4800f35|rpc:10.1.0.52:15067|admin:10.1.0.52:15066|client:10.1.0.52:15065|dataStream:10.1.0.52:15068|priority:0|startupRole:FOLLOWER, 6fb87cf7-6010-4447-ac68-4b216325e026|rpc:10.1.0.52:15076|admin:10.1.0.52:15075|client:10.1.0.52:15074|dataStream:10.1.0.52:15077|priority:1|startupRole:FOLLOWER, 85c49798-3560-4dc9-a596-09ecbe4a8df4|rpc:10.1.0.52:15085|admin:10.1.0.52:15084|client:10.1.0.52:15083|dataStream:10.1.0.52:15086|priority:0|startupRole:FOLLOWER] returns group-8C0C4E35EF52:java.util.concurrent.CompletableFuture@762a81f0[Not completed]
2023-08-25 11:34:49,498 [85c49798-3560-4dc9-a596-09ecbe4a8df4-groupManagement] INFO  server.RaftServer$Division (RaftServerImpl.java:<init>(198)) - 85c49798-3560-4dc9-a596-09ecbe4a8df4: new RaftServerImpl for group-8C0C4E35EF52:[16866294-0bab-4ae5-8da9-294ec4800f35|rpc:10.1.0.52:15067|admin:10.1.0.52:15066|client:10.1.0.52:15065|dataStream:10.1.0.52:15068|priority:0|startupRole:FOLLOWER, 6fb87cf7-6010-4447-ac68-4b216325e026|rpc:10.1.0.52:15076|admin:10.1.0.52:15075|client:10.1.0.52:15074|dataStream:10.1.0.52:15077|priority:1|startupRole:FOLLOWER, 85c49798-3560-4dc9-a596-09ecbe4a8df4|rpc:10.1.0.52:15085|admin:10.1.0.52:15084|client:10.1.0.52:15083|dataStream:10.1.0.52:15086|priority:0|startupRole:FOLLOWER] with ContainerStateMachine:uninitialized
2023-08-25 11:34:49,498 [85c49798-3560-4dc9-a596-09ecbe4a8df4-groupManagement] INFO  server.RaftServerConfigKeys (ConfUtils.java:logGet(46)) - raft.server.rpc.timeout.min = 5s (custom)
2023-08-25 11:34:49,498 [85c49798-3560-4dc9-a596-09ecbe4a8df4-groupManagement] INFO  server.RaftServerConfigKeys (ConfUtils.java:logGet(46)) - raft.server.rpc.timeout.max = 5200ms (custom)
2023-08-25 11:34:49,498 [85c49798-3560-4dc9-a596-09ecbe4a8df4-groupManagement] INFO  server.RaftServerConfigKeys (ConfUtils.java:logGet(46)) - raft.server.rpc.sleep.time = 25ms (default)
2023-08-25 11:34:49,498 [85c49798-3560-4dc9-a596-09ecbe4a8df4-groupManagement] INFO  server.RaftServerConfigKeys (ConfUtils.java:logGet(46)) - raft.server.rpc.slowness.timeout = 300s (custom)
2023-08-25 11:34:49,498 [85c49798-3560-4dc9-a596-09ecbe4a8df4-groupManagement] INFO  server.RaftServerConfigKeys (ConfUtils.java:logGet(46)) - raft.server.leaderelection.leader.step-down.wait-time = 10s (default)
2023-08-25 11:34:49,498 [85c49798-3560-4dc9-a596-09ecbe4a8df4-groupManagement] INFO  server.RaftServerConfigKeys (ConfUtils.java:logGet(46)) - raft.server.sleep.deviation.threshold = 300ms (default)
2023-08-25 11:34:49,498 [85c49798-3560-4dc9-a596-09ecbe4a8df4-groupManagement] INFO  server.RaftServer$Division (ServerState.java:<init>(120)) - 85c49798-3560-4dc9-a596-09ecbe4a8df4@group-8C0C4E35EF52: ConfigurationManager, init=-1: peers:[16866294-0bab-4ae5-8da9-294ec4800f35|rpc:10.1.0.52:15067|admin:10.1.0.52:15066|client:10.1.0.52:15065|dataStream:10.1.0.52:15068|priority:0|startupRole:FOLLOWER, 6fb87cf7-6010-4447-ac68-4b216325e026|rpc:10.1.0.52:15076|admin:10.1.0.52:15075|client:10.1.0.52:15074|dataStream:10.1.0.52:15077|priority:1|startupRole:FOLLOWER, 85c49798-3560-4dc9-a596-09ecbe4a8df4|rpc:10.1.0.52:15085|admin:10.1.0.52:15084|client:10.1.0.52:15083|dataStream:10.1.0.52:15086|priority:0|startupRole:FOLLOWER]|listeners:[], old=null, confs=<EMPTY_MAP>
2023-08-25 11:34:49,498 [85c49798-3560-4dc9-a596-09ecbe4a8df4-groupManagement] INFO  server.RaftServerConfigKeys (ConfUtils.java:logGet(46)) - raft.server.storage.dir = [/home/runner/work/ozone/ozone/hadoop-ozone/integration-test/target/test-dir/MiniOzoneClusterImpl-36fc3352-0e59-45fd-a08b-0e99224ecb60/datanode-2/data/ratis] (custom)
2023-08-25 11:34:49,499 [85c49798-3560-4dc9-a596-09ecbe4a8df4-groupManagement] INFO  server.RaftServerConfigKeys (ConfUtils.java:logGet(46)) - raft.server.log.corruption.policy = EXCEPTION (default)
2023-08-25 11:34:49,499 [85c49798-3560-4dc9-a596-09ecbe4a8df4-groupManagement] INFO  server.RaftServerConfigKeys (ConfUtils.java:logGet(46)) - raft.server.storage.free-space.min = 0MB (=0) (default)
2023-08-25 11:34:49,499 [85c49798-3560-4dc9-a596-09ecbe4a8df4-groupManagement] INFO  server.RaftServerConfigKeys (ConfUtils.java:logGet(46)) - raft.server.notification.no-leader.timeout = 300s (custom)
2023-08-25 11:34:49,499 [85c49798-3560-4dc9-a596-09ecbe4a8df4-groupManagement] INFO  server.RaftServerConfigKeys (ConfUtils.java:logGet(46)) - raft.server.read.timeout = 10s (default)
2023-08-25 11:34:49,499 [85c49798-3560-4dc9-a596-09ecbe4a8df4-groupManagement] INFO  server.RaftServerConfigKeys (ConfUtils.java:logGet(46)) - raft.server.retrycache.expirytime = 600000ms (custom)
2023-08-25 11:34:49,499 [85c49798-3560-4dc9-a596-09ecbe4a8df4-groupManagement] INFO  server.RaftServerConfigKeys (ConfUtils.java:logGet(46)) - raft.server.retrycache.statistics.expirytime = 100μs (default)
2023-08-25 11:34:49,499 [85c49798-3560-4dc9-a596-09ecbe4a8df4-groupManagement] INFO  server.RaftServerConfigKeys (ConfUtils.java:logGet(46)) - raft.server.read.option = DEFAULT (default)
2023-08-25 11:34:49,500 [85c49798-3560-4dc9-a596-09ecbe4a8df4-groupManagement] INFO  server.RaftServerConfigKeys (ConfUtils.java:logGet(46)) - raft.server.rpc.request.timeout = 60s (custom)
2023-08-25 11:34:49,500 [85c49798-3560-4dc9-a596-09ecbe4a8df4-groupManagement] INFO  server.RaftServerConfigKeys (ConfUtils.java:logGet(46)) - raft.server.log.appender.install.snapshot.enabled = false (custom)
2023-08-25 11:34:49,500 [85c49798-3560-4dc9-a596-09ecbe4a8df4-groupManagement] INFO  server.RaftServerConfigKeys (ConfUtils.java:logGet(46)) - raft.server.threadpool.server.cached = true (default)
2023-08-25 11:34:49,500 [85c49798-3560-4dc9-a596-09ecbe4a8df4-groupManagement] INFO  server.RaftServerConfigKeys (ConfUtils.java:logGet(46)) - raft.server.threadpool.server.size = 0 (default)
2023-08-25 11:34:49,500 [85c49798-3560-4dc9-a596-09ecbe4a8df4-groupManagement] INFO  server.RaftServerConfigKeys (ConfUtils.java:logGet(46)) - raft.server.threadpool.client.cached = true (default)
2023-08-25 11:34:49,500 [85c49798-3560-4dc9-a596-09ecbe4a8df4-groupManagement] INFO  server.RaftServerConfigKeys (ConfUtils.java:logGet(46)) - raft.server.threadpool.client.size = 0 (default)
2023-08-25 11:34:49,501 [85c49798-3560-4dc9-a596-09ecbe4a8df4-groupManagement] INFO  storage.RaftStorageDirectory (RaftStorageDirectoryImpl.java:analyzeStorage(137)) - The storage directory /home/runner/work/ozone/ozone/hadoop-ozone/integration-test/target/test-dir/MiniOzoneClusterImpl-36fc3352-0e59-45fd-a08b-0e99224ecb60/datanode-2/data/ratis/da625676-3909-44fd-8a2b-8c0c4e35ef52 does not exist. Creating ...
2023-08-25 11:34:49,502 [85c49798-3560-4dc9-a596-09ecbe4a8df4-groupManagement] INFO  storage.RaftStorageDirectory (RaftStorageDirectoryImpl.java:tryLock(231)) - Lock on /home/runner/work/ozone/ozone/hadoop-ozone/integration-test/target/test-dir/MiniOzoneClusterImpl-36fc3352-0e59-45fd-a08b-0e99224ecb60/datanode-2/data/ratis/da625676-3909-44fd-8a2b-8c0c4e35ef52/in_use.lock acquired by nodename 61563@fv-az508-118
2023-08-25 11:34:49,504 [85c49798-3560-4dc9-a596-09ecbe4a8df4-groupManagement] INFO  storage.RaftStorage (RaftStorageImpl.java:format(96)) - Storage directory /home/runner/work/ozone/ozone/hadoop-ozone/integration-test/target/test-dir/MiniOzoneClusterImpl-36fc3352-0e59-45fd-a08b-0e99224ecb60/datanode-2/data/ratis/da625676-3909-44fd-8a2b-8c0c4e35ef52 has been successfully formatted.
2023-08-25 11:34:49,505 [85c49798-3560-4dc9-a596-09ecbe4a8df4-groupManagement] INFO  ratis.ContainerStateMachine (ContainerStateMachine.java:loadSnapshot(262)) - group-8C0C4E35EF52: The snapshot info is null. Setting the last applied indexto:(t:0, i:~)
2023-08-25 11:34:49,505 [85c49798-3560-4dc9-a596-09ecbe4a8df4-groupManagement] INFO  server.RaftServerConfigKeys (ConfUtils.java:logGet(46)) - raft.server.log.use.memory = false (default)
2023-08-25 11:34:49,506 [85c49798-3560-4dc9-a596-09ecbe4a8df4-groupManagement] INFO  server.RaftServerConfigKeys (ConfUtils.java:logGet(46)) - raft.server.log.purge.gap = 1000000 (custom)
2023-08-25 11:34:49,506 [85c49798-3560-4dc9-a596-09ecbe4a8df4-groupManagement] INFO  server.RaftServerConfigKeys (ConfUtils.java:logGet(46)) - raft.server.log.appender.buffer.byte-limit = 33554432 (custom)
2023-08-25 11:34:49,506 [85c49798-3560-4dc9-a596-09ecbe4a8df4-groupManagement] INFO  server.RaftServerConfigKeys (ConfUtils.java:logGet(46)) - raft.server.log.statemachine.data.read.timeout = 1000ms (default)
2023-08-25 11:34:49,506 [85c49798-3560-4dc9-a596-09ecbe4a8df4-groupManagement] INFO  server.RaftServerConfigKeys (ConfUtils.java:logGet(46)) - raft.server.log.purge.preservation.log.num = 0 (default)
2023-08-25 11:34:49,506 [85c49798-3560-4dc9-a596-09ecbe4a8df4-groupManagement] INFO  server.RaftServerConfigKeys (ConfUtils.java:logGet(46)) - raft.server.log.segment.size.max = 1048576 (custom)
2023-08-25 11:34:49,506 [85c49798-3560-4dc9-a596-09ecbe4a8df4-groupManagement] INFO  server.RaftServerConfigKeys (ConfUtils.java:logGet(46)) - raft.server.log.segment.cache.num.max = 2 (custom)
2023-08-25 11:34:49,507 [85c49798-3560-4dc9-a596-09ecbe4a8df4-groupManagement] INFO  server.RaftServerConfigKeys (ConfUtils.java:logGet(46)) - raft.server.log.segment.cache.size.max = 200MB (=209715200) (default)
2023-08-25 11:34:49,507 [85c49798-3560-4dc9-a596-09ecbe4a8df4-groupManagement] INFO  server.RaftServerConfigKeys (ConfUtils.java:logGet(46)) - raft.server.log.appender.buffer.byte-limit = 33554432 (custom)
2023-08-25 11:34:49,507 [85c49798-3560-4dc9-a596-09ecbe4a8df4-groupManagement] INFO  segmented.SegmentedRaftLogWorker (SegmentedRaftLogWorker.java:<init>(188)) - new 85c49798-3560-4dc9-a596-09ecbe4a8df4@group-8C0C4E35EF52-SegmentedRaftLogWorker for RaftStorageImpl:Storage Directory /home/runner/work/ozone/ozone/hadoop-ozone/integration-test/target/test-dir/MiniOzoneClusterImpl-36fc3352-0e59-45fd-a08b-0e99224ecb60/datanode-2/data/ratis/da625676-3909-44fd-8a2b-8c0c4e35ef52
2023-08-25 11:34:49,507 [85c49798-3560-4dc9-a596-09ecbe4a8df4-groupManagement] INFO  server.RaftServerConfigKeys (ConfUtils.java:logGet(46)) - raft.server.log.queue.byte-limit = 4294967296 (custom)
2023-08-25 11:34:49,507 [85c49798-3560-4dc9-a596-09ecbe4a8df4-groupManagement] INFO  server.RaftServerConfigKeys (ConfUtils.java:logGet(46)) - raft.server.log.queue.element-limit = 1024 (custom)
2023-08-25 11:34:49,507 [85c49798-3560-4dc9-a596-09ecbe4a8df4-groupManagement] INFO  server.RaftServerConfigKeys (ConfUtils.java:logGet(46)) - raft.server.log.segment.size.max = 1048576 (custom)
2023-08-25 11:34:49,507 [85c49798-3560-4dc9-a596-09ecbe4a8df4-groupManagement] INFO  server.RaftServerConfigKeys (ConfUtils.java:logGet(46)) - raft.server.log.preallocated.size = 16384 (custom)
2023-08-25 11:34:49,507 [85c49798-3560-4dc9-a596-09ecbe4a8df4-groupManagement] INFO  server.RaftServerConfigKeys (ConfUtils.java:logGet(46)) - raft.server.log.force.sync.num = 128 (default)
2023-08-25 11:34:49,508 [85c49798-3560-4dc9-a596-09ecbe4a8df4-groupManagement] INFO  server.RaftServerConfigKeys (ConfUtils.java:logGet(46)) - raft.server.log.statemachine.data.sync = true (default)
2023-08-25 11:34:49,508 [85c49798-3560-4dc9-a596-09ecbe4a8df4-groupManagement] INFO  server.RaftServerConfigKeys (ConfUtils.java:logGet(46)) - raft.server.log.statemachine.data.sync.timeout = 10s (default)
2023-08-25 11:34:49,508 [85c49798-3560-4dc9-a596-09ecbe4a8df4-groupManagement] INFO  server.RaftServerConfigKeys (ConfUtils.java:logGet(46)) - raft.server.log.statemachine.data.sync.timeout.retry = -1 (default)
2023-08-25 11:34:49,508 [85c49798-3560-4dc9-a596-09ecbe4a8df4-groupManagement] INFO  server.RaftServerConfigKeys (ConfUtils.java:logGet(46)) - raft.server.log.write.buffer.size = 1048576 (custom)
2023-08-25 11:34:49,509 [85c49798-3560-4dc9-a596-09ecbe4a8df4-groupManagement] INFO  server.RaftServerConfigKeys (ConfUtils.java:logGet(46)) - raft.server.log.appender.buffer.byte-limit = 33554432 (custom)
2023-08-25 11:34:49,515 [85c49798-3560-4dc9-a596-09ecbe4a8df4-groupManagement] INFO  server.RaftServerConfigKeys (ConfUtils.java:logGet(46)) - raft.server.log.unsafe-flush.enabled = false (default)
2023-08-25 11:34:49,515 [85c49798-3560-4dc9-a596-09ecbe4a8df4-groupManagement] INFO  server.RaftServerConfigKeys (ConfUtils.java:logGet(46)) - raft.server.log.async-flush.enabled = false (default)
2023-08-25 11:34:49,515 [85c49798-3560-4dc9-a596-09ecbe4a8df4-groupManagement] INFO  server.RaftServerConfigKeys (ConfUtils.java:logGet(46)) - raft.server.log.statemachine.data.caching.enabled = true (custom)
2023-08-25 11:34:49,515 [85c49798-3560-4dc9-a596-09ecbe4a8df4-groupManagement] INFO  segmented.SegmentedRaftLogWorker (SegmentedRaftLogWorker.java:lambda$new$0(135)) - 85c49798-3560-4dc9-a596-09ecbe4a8df4@group-8C0C4E35EF52-SegmentedRaftLogWorker: flushIndex: setUnconditionally 0 -> -1
2023-08-25 11:34:49,515 [85c49798-3560-4dc9-a596-09ecbe4a8df4-groupManagement] INFO  segmented.SegmentedRaftLogWorker (SegmentedRaftLogWorker.java:lambda$new$0(135)) - 85c49798-3560-4dc9-a596-09ecbe4a8df4@group-8C0C4E35EF52-SegmentedRaftLogWorker: safeCacheEvictIndex: setUnconditionally 0 -> -1
2023-08-25 11:34:49,516 [85c49798-3560-4dc9-a596-09ecbe4a8df4-groupManagement] INFO  server.RaftServer$Division (RaftServerImpl.java:start(342)) - 85c49798-3560-4dc9-a596-09ecbe4a8df4@group-8C0C4E35EF52: start as a follower, conf=-1: peers:[16866294-0bab-4ae5-8da9-294ec4800f35|rpc:10.1.0.52:15067|admin:10.1.0.52:15066|client:10.1.0.52:15065|dataStream:10.1.0.52:15068|priority:0|startupRole:FOLLOWER, 6fb87cf7-6010-4447-ac68-4b216325e026|rpc:10.1.0.52:15076|admin:10.1.0.52:15075|client:10.1.0.52:15074|dataStream:10.1.0.52:15077|priority:1|startupRole:FOLLOWER, 85c49798-3560-4dc9-a596-09ecbe4a8df4|rpc:10.1.0.52:15085|admin:10.1.0.52:15084|client:10.1.0.52:15083|dataStream:10.1.0.52:15086|priority:0|startupRole:FOLLOWER]|listeners:[], old=null
2023-08-25 11:34:49,516 [85c49798-3560-4dc9-a596-09ecbe4a8df4-groupManagement] INFO  server.RaftServer$Division (RaftServerImpl.java:setRole(329)) - 85c49798-3560-4dc9-a596-09ecbe4a8df4@group-8C0C4E35EF52: changes role from      null to FOLLOWER at term 0 for startAsFollower
2023-08-25 11:34:49,516 [85c49798-3560-4dc9-a596-09ecbe4a8df4-groupManagement] INFO  impl.RoleInfo (RoleInfo.java:updateAndGet(139)) - 85c49798-3560-4dc9-a596-09ecbe4a8df4: start 85c49798-3560-4dc9-a596-09ecbe4a8df4@group-8C0C4E35EF52-FollowerState
2023-08-25 11:34:49,516 [85c49798-3560-4dc9-a596-09ecbe4a8df4-groupManagement] INFO  util.JmxRegister (JmxRegister.java:tryRegister(44)) - Successfully registered JMX Bean with object name Ratis:service=RaftServer,group=group-8C0C4E35EF52,id=85c49798-3560-4dc9-a596-09ecbe4a8df4
2023-08-25 11:34:49,516 [85c49798-3560-4dc9-a596-09ecbe4a8df4-groupManagement] INFO  server.RaftServerConfigKeys (ConfUtils.java:logGet(46)) - raft.server.snapshot.auto.trigger.enabled = true (custom)
2023-08-25 11:34:49,516 [85c49798-3560-4dc9-a596-09ecbe4a8df4-groupManagement] INFO  server.RaftServerConfigKeys (ConfUtils.java:logGet(46)) - raft.server.snapshot.auto.trigger.threshold = 10000 (custom)
2023-08-25 11:34:49,516 [85c49798-3560-4dc9-a596-09ecbe4a8df4-groupManagement] INFO  server.RaftServerConfigKeys (ConfUtils.java:logGet(46)) - raft.server.snapshot.retention.file.num = 5 (custom)
2023-08-25 11:34:49,516 [85c49798-3560-4dc9-a596-09ecbe4a8df4-groupManagement] INFO  server.RaftServerConfigKeys (ConfUtils.java:logGet(46)) - raft.server.log.purge.upto.snapshot.index = false (default)
2023-08-25 11:34:49,517 [85c49798-3560-4dc9-a596-09ecbe4a8df4@group-8C0C4E35EF52-FollowerState] INFO  server.RaftServerConfigKeys (ConfUtils.java:logFallback(53)) - raft.server.rpc.first-election.timeout.min = 5s (fallback to raft.server.rpc.timeout.min)
2023-08-25 11:34:49,517 [85c49798-3560-4dc9-a596-09ecbe4a8df4@group-8C0C4E35EF52-FollowerState] INFO  server.RaftServerConfigKeys (ConfUtils.java:logFallback(53)) - raft.server.rpc.first-election.timeout.max = 5200ms (fallback to raft.server.rpc.timeout.max)
2023-08-25 11:34:49,555 [grpc-default-executor-0] INFO  server.RaftServer (RaftServerProxy.java:addNew(98)) - 6fb87cf7-6010-4447-ac68-4b216325e026: addNew group-8C0C4E35EF52:[16866294-0bab-4ae5-8da9-294ec4800f35|rpc:10.1.0.52:15067|admin:10.1.0.52:15066|client:10.1.0.52:15065|dataStream:10.1.0.52:15068|priority:0|startupRole:FOLLOWER, 6fb87cf7-6010-4447-ac68-4b216325e026|rpc:10.1.0.52:15076|admin:10.1.0.52:15075|client:10.1.0.52:15074|dataStream:10.1.0.52:15077|priority:1|startupRole:FOLLOWER, 85c49798-3560-4dc9-a596-09ecbe4a8df4|rpc:10.1.0.52:15085|admin:10.1.0.52:15084|client:10.1.0.52:15083|dataStream:10.1.0.52:15086|priority:0|startupRole:FOLLOWER] returns group-8C0C4E35EF52:java.util.concurrent.CompletableFuture@5f4f97f1[Not completed]
2023-08-25 11:34:49,556 [6fb87cf7-6010-4447-ac68-4b216325e026-groupManagement] INFO  server.RaftServer$Division (RaftServerImpl.java:<init>(198)) - 6fb87cf7-6010-4447-ac68-4b216325e026: new RaftServerImpl for group-8C0C4E35EF52:[16866294-0bab-4ae5-8da9-294ec4800f35|rpc:10.1.0.52:15067|admin:10.1.0.52:15066|client:10.1.0.52:15065|dataStream:10.1.0.52:15068|priority:0|startupRole:FOLLOWER, 6fb87cf7-6010-4447-ac68-4b216325e026|rpc:10.1.0.52:15076|admin:10.1.0.52:15075|client:10.1.0.52:15074|dataStream:10.1.0.52:15077|priority:1|startupRole:FOLLOWER, 85c49798-3560-4dc9-a596-09ecbe4a8df4|rpc:10.1.0.52:15085|admin:10.1.0.52:15084|client:10.1.0.52:15083|dataStream:10.1.0.52:15086|priority:0|startupRole:FOLLOWER] with ContainerStateMachine:uninitialized
2023-08-25 11:34:49,556 [6fb87cf7-6010-4447-ac68-4b216325e026-groupManagement] INFO  server.RaftServerConfigKeys (ConfUtils.java:logGet(46)) - raft.server.rpc.timeout.min = 5s (custom)
2023-08-25 11:34:49,557 [6fb87cf7-6010-4447-ac68-4b216325e026-groupManagement] INFO  server.RaftServerConfigKeys (ConfUtils.java:logGet(46)) - raft.server.rpc.timeout.max = 5200ms (custom)
2023-08-25 11:34:49,557 [6fb87cf7-6010-4447-ac68-4b216325e026-groupManagement] INFO  server.RaftServerConfigKeys (ConfUtils.java:logGet(46)) - raft.server.rpc.sleep.time = 25ms (default)
2023-08-25 11:34:49,557 [6fb87cf7-6010-4447-ac68-4b216325e026-groupManagement] INFO  server.RaftServerConfigKeys (ConfUtils.java:logGet(46)) - raft.server.rpc.slowness.timeout = 300s (custom)
2023-08-25 11:34:49,557 [6fb87cf7-6010-4447-ac68-4b216325e026-groupManagement] INFO  server.RaftServerConfigKeys (ConfUtils.java:logGet(46)) - raft.server.leaderelection.leader.step-down.wait-time = 10s (default)
2023-08-25 11:34:49,557 [6fb87cf7-6010-4447-ac68-4b216325e026-groupManagement] INFO  server.RaftServerConfigKeys (ConfUtils.java:logGet(46)) - raft.server.sleep.deviation.threshold = 300ms (default)
2023-08-25 11:34:49,557 [6fb87cf7-6010-4447-ac68-4b216325e026-groupManagement] INFO  server.RaftServer$Division (ServerState.java:<init>(120)) - 6fb87cf7-6010-4447-ac68-4b216325e026@group-8C0C4E35EF52: ConfigurationManager, init=-1: peers:[16866294-0bab-4ae5-8da9-294ec4800f35|rpc:10.1.0.52:15067|admin:10.1.0.52:15066|client:10.1.0.52:15065|dataStream:10.1.0.52:15068|priority:0|startupRole:FOLLOWER, 6fb87cf7-6010-4447-ac68-4b216325e026|rpc:10.1.0.52:15076|admin:10.1.0.52:15075|client:10.1.0.52:15074|dataStream:10.1.0.52:15077|priority:1|startupRole:FOLLOWER, 85c49798-3560-4dc9-a596-09ecbe4a8df4|rpc:10.1.0.52:15085|admin:10.1.0.52:15084|client:10.1.0.52:15083|dataStream:10.1.0.52:15086|priority:0|startupRole:FOLLOWER]|listeners:[], old=null, confs=<EMPTY_MAP>
2023-08-25 11:34:49,557 [6fb87cf7-6010-4447-ac68-4b216325e026-groupManagement] INFO  server.RaftServerConfigKeys (ConfUtils.java:logGet(46)) - raft.server.storage.dir = [/home/runner/work/ozone/ozone/hadoop-ozone/integration-test/target/test-dir/MiniOzoneClusterImpl-36fc3352-0e59-45fd-a08b-0e99224ecb60/datanode-1/data/ratis] (custom)
2023-08-25 11:34:49,557 [6fb87cf7-6010-4447-ac68-4b216325e026-groupManagement] INFO  server.RaftServerConfigKeys (ConfUtils.java:logGet(46)) - raft.server.log.corruption.policy = EXCEPTION (default)
2023-08-25 11:34:49,558 [6fb87cf7-6010-4447-ac68-4b216325e026-groupManagement] INFO  server.RaftServerConfigKeys (ConfUtils.java:logGet(46)) - raft.server.storage.free-space.min = 0MB (=0) (default)
2023-08-25 11:34:49,558 [6fb87cf7-6010-4447-ac68-4b216325e026-groupManagement] INFO  server.RaftServerConfigKeys (ConfUtils.java:logGet(46)) - raft.server.notification.no-leader.timeout = 300s (custom)
2023-08-25 11:34:49,558 [6fb87cf7-6010-4447-ac68-4b216325e026-groupManagement] INFO  server.RaftServerConfigKeys (ConfUtils.java:logGet(46)) - raft.server.read.timeout = 10s (default)
2023-08-25 11:34:49,558 [6fb87cf7-6010-4447-ac68-4b216325e026-groupManagement] INFO  server.RaftServerConfigKeys (ConfUtils.java:logGet(46)) - raft.server.retrycache.expirytime = 600000ms (custom)
2023-08-25 11:34:49,558 [6fb87cf7-6010-4447-ac68-4b216325e026-groupManagement] INFO  server.RaftServerConfigKeys (ConfUtils.java:logGet(46)) - raft.server.retrycache.statistics.expirytime = 100μs (default)
2023-08-25 11:34:49,558 [6fb87cf7-6010-4447-ac68-4b216325e026-groupManagement] INFO  server.RaftServerConfigKeys (ConfUtils.java:logGet(46)) - raft.server.read.option = DEFAULT (default)
2023-08-25 11:34:49,560 [6fb87cf7-6010-4447-ac68-4b216325e026-groupManagement] INFO  server.RaftServerConfigKeys (ConfUtils.java:logGet(46)) - raft.server.rpc.request.timeout = 60s (custom)
2023-08-25 11:34:49,560 [6fb87cf7-6010-4447-ac68-4b216325e026-groupManagement] INFO  server.RaftServerConfigKeys (ConfUtils.java:logGet(46)) - raft.server.log.appender.install.snapshot.enabled = false (custom)
2023-08-25 11:34:49,560 [6fb87cf7-6010-4447-ac68-4b216325e026-groupManagement] INFO  server.RaftServerConfigKeys (ConfUtils.java:logGet(46)) - raft.server.threadpool.server.cached = true (default)
2023-08-25 11:34:49,560 [6fb87cf7-6010-4447-ac68-4b216325e026-groupManagement] INFO  server.RaftServerConfigKeys (ConfUtils.java:logGet(46)) - raft.server.threadpool.server.size = 0 (default)
2023-08-25 11:34:49,560 [6fb87cf7-6010-4447-ac68-4b216325e026-groupManagement] INFO  server.RaftServerConfigKeys (ConfUtils.java:logGet(46)) - raft.server.threadpool.client.cached = true (default)
2023-08-25 11:34:49,560 [6fb87cf7-6010-4447-ac68-4b216325e026-groupManagement] INFO  server.RaftServerConfigKeys (ConfUtils.java:logGet(46)) - raft.server.threadpool.client.size = 0 (default)
2023-08-25 11:34:49,560 [6fb87cf7-6010-4447-ac68-4b216325e026-groupManagement] INFO  storage.RaftStorageDirectory (RaftStorageDirectoryImpl.java:analyzeStorage(137)) - The storage directory /home/runner/work/ozone/ozone/hadoop-ozone/integration-test/target/test-dir/MiniOzoneClusterImpl-36fc3352-0e59-45fd-a08b-0e99224ecb60/datanode-1/data/ratis/da625676-3909-44fd-8a2b-8c0c4e35ef52 does not exist. Creating ...
2023-08-25 11:34:49,563 [6fb87cf7-6010-4447-ac68-4b216325e026-groupManagement] INFO  storage.RaftStorageDirectory (RaftStorageDirectoryImpl.java:tryLock(231)) - Lock on /home/runner/work/ozone/ozone/hadoop-ozone/integration-test/target/test-dir/MiniOzoneClusterImpl-36fc3352-0e59-45fd-a08b-0e99224ecb60/datanode-1/data/ratis/da625676-3909-44fd-8a2b-8c0c4e35ef52/in_use.lock acquired by nodename 61563@fv-az508-118
2023-08-25 11:34:49,564 [6fb87cf7-6010-4447-ac68-4b216325e026-groupManagement] INFO  storage.RaftStorage (RaftStorageImpl.java:format(96)) - Storage directory /home/runner/work/ozone/ozone/hadoop-ozone/integration-test/target/test-dir/MiniOzoneClusterImpl-36fc3352-0e59-45fd-a08b-0e99224ecb60/datanode-1/data/ratis/da625676-3909-44fd-8a2b-8c0c4e35ef52 has been successfully formatted.
2023-08-25 11:34:49,565 [6fb87cf7-6010-4447-ac68-4b216325e026-groupManagement] INFO  ratis.ContainerStateMachine (ContainerStateMachine.java:loadSnapshot(262)) - group-8C0C4E35EF52: The snapshot info is null. Setting the last applied indexto:(t:0, i:~)
2023-08-25 11:34:49,566 [6fb87cf7-6010-4447-ac68-4b216325e026-groupManagement] INFO  server.RaftServerConfigKeys (ConfUtils.java:logGet(46)) - raft.server.log.use.memory = false (default)
2023-08-25 11:34:49,566 [6fb87cf7-6010-4447-ac68-4b216325e026-groupManagement] INFO  server.RaftServerConfigKeys (ConfUtils.java:logGet(46)) - raft.server.log.purge.gap = 1000000 (custom)
2023-08-25 11:34:49,566 [6fb87cf7-6010-4447-ac68-4b216325e026-groupManagement] INFO  server.RaftServerConfigKeys (ConfUtils.java:logGet(46)) - raft.server.log.appender.buffer.byte-limit = 33554432 (custom)
2023-08-25 11:34:49,566 [6fb87cf7-6010-4447-ac68-4b216325e026-groupManagement] INFO  server.RaftServerConfigKeys (ConfUtils.java:logGet(46)) - raft.server.log.statemachine.data.read.timeout = 1000ms (default)
2023-08-25 11:34:49,566 [6fb87cf7-6010-4447-ac68-4b216325e026-groupManagement] INFO  server.RaftServerConfigKeys (ConfUtils.java:logGet(46)) - raft.server.log.purge.preservation.log.num = 0 (default)
2023-08-25 11:34:49,567 [6fb87cf7-6010-4447-ac68-4b216325e026-groupManagement] INFO  server.RaftServerConfigKeys (ConfUtils.java:logGet(46)) - raft.server.log.segment.size.max = 1048576 (custom)
2023-08-25 11:34:49,567 [6fb87cf7-6010-4447-ac68-4b216325e026-groupManagement] INFO  server.RaftServerConfigKeys (ConfUtils.java:logGet(46)) - raft.server.log.segment.cache.num.max = 2 (custom)
2023-08-25 11:34:49,567 [6fb87cf7-6010-4447-ac68-4b216325e026-groupManagement] INFO  server.RaftServerConfigKeys (ConfUtils.java:logGet(46)) - raft.server.log.segment.cache.size.max = 200MB (=209715200) (default)
2023-08-25 11:34:49,567 [6fb87cf7-6010-4447-ac68-4b216325e026-groupManagement] INFO  server.RaftServerConfigKeys (ConfUtils.java:logGet(46)) - raft.server.log.appender.buffer.byte-limit = 33554432 (custom)
2023-08-25 11:34:49,567 [6fb87cf7-6010-4447-ac68-4b216325e026-groupManagement] INFO  segmented.SegmentedRaftLogWorker (SegmentedRaftLogWorker.java:<init>(188)) - new 6fb87cf7-6010-4447-ac68-4b216325e026@group-8C0C4E35EF52-SegmentedRaftLogWorker for RaftStorageImpl:Storage Directory /home/runner/work/ozone/ozone/hadoop-ozone/integration-test/target/test-dir/MiniOzoneClusterImpl-36fc3352-0e59-45fd-a08b-0e99224ecb60/datanode-1/data/ratis/da625676-3909-44fd-8a2b-8c0c4e35ef52
2023-08-25 11:34:49,567 [6fb87cf7-6010-4447-ac68-4b216325e026-groupManagement] INFO  server.RaftServerConfigKeys (ConfUtils.java:logGet(46)) - raft.server.log.queue.byte-limit = 4294967296 (custom)
2023-08-25 11:34:49,568 [6fb87cf7-6010-4447-ac68-4b216325e026-groupManagement] INFO  server.RaftServerConfigKeys (ConfUtils.java:logGet(46)) - raft.server.log.queue.element-limit = 1024 (custom)
2023-08-25 11:34:49,568 [6fb87cf7-6010-4447-ac68-4b216325e026-groupManagement] INFO  server.RaftServerConfigKeys (ConfUtils.java:logGet(46)) - raft.server.log.segment.size.max = 1048576 (custom)
2023-08-25 11:34:49,568 [6fb87cf7-6010-4447-ac68-4b216325e026-groupManagement] INFO  server.RaftServerConfigKeys (ConfUtils.java:logGet(46)) - raft.server.log.preallocated.size = 16384 (custom)
2023-08-25 11:34:49,568 [6fb87cf7-6010-4447-ac68-4b216325e026-groupManagement] INFO  server.RaftServerConfigKeys (ConfUtils.java:logGet(46)) - raft.server.log.force.sync.num = 128 (default)
2023-08-25 11:34:49,568 [6fb87cf7-6010-4447-ac68-4b216325e026-groupManagement] INFO  server.RaftServerConfigKeys (ConfUtils.java:logGet(46)) - raft.server.log.statemachine.data.sync = true (default)
2023-08-25 11:34:49,568 [6fb87cf7-6010-4447-ac68-4b216325e026-groupManagement] INFO  server.RaftServerConfigKeys (ConfUtils.java:logGet(46)) - raft.server.log.statemachine.data.sync.timeout = 10s (default)
2023-08-25 11:34:49,568 [6fb87cf7-6010-4447-ac68-4b216325e026-groupManagement] INFO  server.RaftServerConfigKeys (ConfUtils.java:logGet(46)) - raft.server.log.statemachine.data.sync.timeout.retry = -1 (default)
2023-08-25 11:34:49,569 [6fb87cf7-6010-4447-ac68-4b216325e026-groupManagement] INFO  server.RaftServerConfigKeys (ConfUtils.java:logGet(46)) - raft.server.log.write.buffer.size = 1048576 (custom)
2023-08-25 11:34:49,569 [6fb87cf7-6010-4447-ac68-4b216325e026-groupManagement] INFO  server.RaftServerConfigKeys (ConfUtils.java:logGet(46)) - raft.server.log.appender.buffer.byte-limit = 33554432 (custom)
2023-08-25 11:34:49,576 [6fb87cf7-6010-4447-ac68-4b216325e026-groupManagement] INFO  server.RaftServerConfigKeys (ConfUtils.java:logGet(46)) - raft.server.log.unsafe-flush.enabled = false (default)
2023-08-25 11:34:49,576 [6fb87cf7-6010-4447-ac68-4b216325e026-groupManagement] INFO  server.RaftServerConfigKeys (ConfUtils.java:logGet(46)) - raft.server.log.async-flush.enabled = false (default)
2023-08-25 11:34:49,576 [6fb87cf7-6010-4447-ac68-4b216325e026-groupManagement] INFO  server.RaftServerConfigKeys (ConfUtils.java:logGet(46)) - raft.server.log.statemachine.data.caching.enabled = true (custom)
2023-08-25 11:34:49,576 [6fb87cf7-6010-4447-ac68-4b216325e026-groupManagement] INFO  segmented.SegmentedRaftLogWorker (SegmentedRaftLogWorker.java:lambda$new$0(135)) - 6fb87cf7-6010-4447-ac68-4b216325e026@group-8C0C4E35EF52-SegmentedRaftLogWorker: flushIndex: setUnconditionally 0 -> -1
2023-08-25 11:34:49,576 [6fb87cf7-6010-4447-ac68-4b216325e026-groupManagement] INFO  segmented.SegmentedRaftLogWorker (SegmentedRaftLogWorker.java:lambda$new$0(135)) - 6fb87cf7-6010-4447-ac68-4b216325e026@group-8C0C4E35EF52-SegmentedRaftLogWorker: safeCacheEvictIndex: setUnconditionally 0 -> -1
2023-08-25 11:34:49,581 [6fb87cf7-6010-4447-ac68-4b216325e026-groupManagement] INFO  server.RaftServer$Division (RaftServerImpl.java:start(342)) - 6fb87cf7-6010-4447-ac68-4b216325e026@group-8C0C4E35EF52: start as a follower, conf=-1: peers:[16866294-0bab-4ae5-8da9-294ec4800f35|rpc:10.1.0.52:15067|admin:10.1.0.52:15066|client:10.1.0.52:15065|dataStream:10.1.0.52:15068|priority:0|startupRole:FOLLOWER, 6fb87cf7-6010-4447-ac68-4b216325e026|rpc:10.1.0.52:15076|admin:10.1.0.52:15075|client:10.1.0.52:15074|dataStream:10.1.0.52:15077|priority:1|startupRole:FOLLOWER, 85c49798-3560-4dc9-a596-09ecbe4a8df4|rpc:10.1.0.52:15085|admin:10.1.0.52:15084|client:10.1.0.52:15083|dataStream:10.1.0.52:15086|priority:0|startupRole:FOLLOWER]|listeners:[], old=null
2023-08-25 11:34:49,581 [6fb87cf7-6010-4447-ac68-4b216325e026-groupManagement] INFO  server.RaftServer$Division (RaftServerImpl.java:setRole(329)) - 6fb87cf7-6010-4447-ac68-4b216325e026@group-8C0C4E35EF52: changes role from      null to FOLLOWER at term 0 for startAsFollower
2023-08-25 11:34:49,581 [6fb87cf7-6010-4447-ac68-4b216325e026-groupManagement] INFO  impl.RoleInfo (RoleInfo.java:updateAndGet(139)) - 6fb87cf7-6010-4447-ac68-4b216325e026: start 6fb87cf7-6010-4447-ac68-4b216325e026@group-8C0C4E35EF52-FollowerState
2023-08-25 11:34:49,586 [6fb87cf7-6010-4447-ac68-4b216325e026-groupManagement] INFO  util.JmxRegister (JmxRegister.java:tryRegister(44)) - Successfully registered JMX Bean with object name Ratis:service=RaftServer,group=group-8C0C4E35EF52,id=6fb87cf7-6010-4447-ac68-4b216325e026
2023-08-25 11:34:49,586 [6fb87cf7-6010-4447-ac68-4b216325e026-groupManagement] INFO  server.RaftServerConfigKeys (ConfUtils.java:logGet(46)) - raft.server.snapshot.auto.trigger.enabled = true (custom)
2023-08-25 11:34:49,586 [6fb87cf7-6010-4447-ac68-4b216325e026-groupManagement] INFO  server.RaftServerConfigKeys (ConfUtils.java:logGet(46)) - raft.server.snapshot.auto.trigger.threshold = 10000 (custom)
2023-08-25 11:34:49,586 [6fb87cf7-6010-4447-ac68-4b216325e026-groupManagement] INFO  server.RaftServerConfigKeys (ConfUtils.java:logGet(46)) - raft.server.snapshot.retention.file.num = 5 (custom)
2023-08-25 11:34:49,586 [6fb87cf7-6010-4447-ac68-4b216325e026-groupManagement] INFO  server.RaftServerConfigKeys (ConfUtils.java:logGet(46)) - raft.server.log.purge.upto.snapshot.index = false (default)
2023-08-25 11:34:49,587 [6fb87cf7-6010-4447-ac68-4b216325e026@group-8C0C4E35EF52-FollowerState] INFO  server.RaftServerConfigKeys (ConfUtils.java:logFallback(53)) - raft.server.rpc.first-election.timeout.min = 5s (fallback to raft.server.rpc.timeout.min)
2023-08-25 11:34:49,587 [6fb87cf7-6010-4447-ac68-4b216325e026@group-8C0C4E35EF52-FollowerState] INFO  server.RaftServerConfigKeys (ConfUtils.java:logFallback(53)) - raft.server.rpc.first-election.timeout.max = 5200ms (fallback to raft.server.rpc.timeout.max)
2023-08-25 11:34:49,598 [PipelineCommandHandlerThread-0] INFO  commandhandler.CreatePipelineCommandHandler (CreatePipelineCommandHandler.java:lambda$handle$2(124)) - Created Pipeline RATIS THREE PipelineID=da625676-3909-44fd-8a2b-8c0c4e35ef52.
2023-08-25 11:34:49,726 [PipelineCommandHandlerThread-0] INFO  server.RaftServer (RaftServerProxy.java:addNew(98)) - 6fb87cf7-6010-4447-ac68-4b216325e026: addNew group-19946E6547A9:[6fb87cf7-6010-4447-ac68-4b216325e026|rpc:10.1.0.52:15076|admin:10.1.0.52:15075|client:10.1.0.52:15074|dataStream:10.1.0.52:15077|priority:1|startupRole:FOLLOWER] returns group-19946E6547A9:java.util.concurrent.CompletableFuture@7593b873[Not completed]
2023-08-25 11:34:49,728 [6fb87cf7-6010-4447-ac68-4b216325e026-groupManagement] INFO  server.RaftServer$Division (RaftServerImpl.java:<init>(198)) - 6fb87cf7-6010-4447-ac68-4b216325e026: new RaftServerImpl for group-19946E6547A9:[6fb87cf7-6010-4447-ac68-4b216325e026|rpc:10.1.0.52:15076|admin:10.1.0.52:15075|client:10.1.0.52:15074|dataStream:10.1.0.52:15077|priority:1|startupRole:FOLLOWER] with ContainerStateMachine:uninitialized
2023-08-25 11:34:49,728 [6fb87cf7-6010-4447-ac68-4b216325e026-groupManagement] INFO  server.RaftServerConfigKeys (ConfUtils.java:logGet(46)) - raft.server.rpc.timeout.min = 5s (custom)
2023-08-25 11:34:49,728 [6fb87cf7-6010-4447-ac68-4b216325e026-groupManagement] INFO  server.RaftServerConfigKeys (ConfUtils.java:logGet(46)) - raft.server.rpc.timeout.max = 5200ms (custom)
2023-08-25 11:34:49,728 [6fb87cf7-6010-4447-ac68-4b216325e026-groupManagement] INFO  server.RaftServerConfigKeys (ConfUtils.java:logGet(46)) - raft.server.rpc.sleep.time = 25ms (default)
2023-08-25 11:34:49,728 [6fb87cf7-6010-4447-ac68-4b216325e026-groupManagement] INFO  server.RaftServerConfigKeys (ConfUtils.java:logGet(46)) - raft.server.rpc.slowness.timeout = 300s (custom)
2023-08-25 11:34:49,728 [6fb87cf7-6010-4447-ac68-4b216325e026-groupManagement] INFO  server.RaftServerConfigKeys (ConfUtils.java:logGet(46)) - raft.server.leaderelection.leader.step-down.wait-time = 10s (default)
2023-08-25 11:34:49,728 [6fb87cf7-6010-4447-ac68-4b216325e026-groupManagement] INFO  server.RaftServerConfigKeys (ConfUtils.java:logGet(46)) - raft.server.sleep.deviation.threshold = 300ms (default)
2023-08-25 11:34:49,728 [6fb87cf7-6010-4447-ac68-4b216325e026-groupManagement] INFO  server.RaftServer$Division (ServerState.java:<init>(120)) - 6fb87cf7-6010-4447-ac68-4b216325e026@group-19946E6547A9: ConfigurationManager, init=-1: peers:[6fb87cf7-6010-4447-ac68-4b216325e026|rpc:10.1.0.52:15076|admin:10.1.0.52:15075|client:10.1.0.52:15074|dataStream:10.1.0.52:15077|priority:1|startupRole:FOLLOWER]|listeners:[], old=null, confs=<EMPTY_MAP>
2023-08-25 11:34:49,729 [6fb87cf7-6010-4447-ac68-4b216325e026-groupManagement] INFO  server.RaftServerConfigKeys (ConfUtils.java:logGet(46)) - raft.server.storage.dir = [/home/runner/work/ozone/ozone/hadoop-ozone/integration-test/target/test-dir/MiniOzoneClusterImpl-36fc3352-0e59-45fd-a08b-0e99224ecb60/datanode-1/data/ratis] (custom)
2023-08-25 11:34:49,729 [6fb87cf7-6010-4447-ac68-4b216325e026-groupManagement] INFO  server.RaftServerConfigKeys (ConfUtils.java:logGet(46)) - raft.server.log.corruption.policy = EXCEPTION (default)
2023-08-25 11:34:49,729 [6fb87cf7-6010-4447-ac68-4b216325e026-groupManagement] INFO  server.RaftServerConfigKeys (ConfUtils.java:logGet(46)) - raft.server.storage.free-space.min = 0MB (=0) (default)
2023-08-25 11:34:49,729 [6fb87cf7-6010-4447-ac68-4b216325e026-groupManagement] INFO  server.RaftServerConfigKeys (ConfUtils.java:logGet(46)) - raft.server.notification.no-leader.timeout = 300s (custom)
2023-08-25 11:34:49,729 [6fb87cf7-6010-4447-ac68-4b216325e026-groupManagement] INFO  server.RaftServerConfigKeys (ConfUtils.java:logGet(46)) - raft.server.read.timeout = 10s (default)
2023-08-25 11:34:49,729 [6fb87cf7-6010-4447-ac68-4b216325e026-groupManagement] INFO  server.RaftServerConfigKeys (ConfUtils.java:logGet(46)) - raft.server.retrycache.expirytime = 600000ms (custom)
2023-08-25 11:34:49,729 [6fb87cf7-6010-4447-ac68-4b216325e026-groupManagement] INFO  server.RaftServerConfigKeys (ConfUtils.java:logGet(46)) - raft.server.retrycache.statistics.expirytime = 100μs (default)
2023-08-25 11:34:49,729 [6fb87cf7-6010-4447-ac68-4b216325e026-groupManagement] INFO  server.RaftServerConfigKeys (ConfUtils.java:logGet(46)) - raft.server.read.option = DEFAULT (default)
2023-08-25 11:34:49,731 [6fb87cf7-6010-4447-ac68-4b216325e026-groupManagement] INFO  server.RaftServerConfigKeys (ConfUtils.java:logGet(46)) - raft.server.rpc.request.timeout = 60s (custom)
2023-08-25 11:34:49,731 [6fb87cf7-6010-4447-ac68-4b216325e026-groupManagement] INFO  server.RaftServerConfigKeys (ConfUtils.java:logGet(46)) - raft.server.log.appender.install.snapshot.enabled = false (custom)
2023-08-25 11:34:49,731 [6fb87cf7-6010-4447-ac68-4b216325e026-groupManagement] INFO  server.RaftServerConfigKeys (ConfUtils.java:logGet(46)) - raft.server.threadpool.server.cached = true (default)
2023-08-25 11:34:49,731 [6fb87cf7-6010-4447-ac68-4b216325e026-groupManagement] INFO  server.RaftServerConfigKeys (ConfUtils.java:logGet(46)) - raft.server.threadpool.server.size = 0 (default)
2023-08-25 11:34:49,731 [6fb87cf7-6010-4447-ac68-4b216325e026-groupManagement] INFO  server.RaftServerConfigKeys (ConfUtils.java:logGet(46)) - raft.server.threadpool.client.cached = true (default)
2023-08-25 11:34:49,731 [6fb87cf7-6010-4447-ac68-4b216325e026-groupManagement] INFO  server.RaftServerConfigKeys (ConfUtils.java:logGet(46)) - raft.server.threadpool.client.size = 0 (default)
2023-08-25 11:34:49,731 [6fb87cf7-6010-4447-ac68-4b216325e026-groupManagement] INFO  storage.RaftStorageDirectory (RaftStorageDirectoryImpl.java:analyzeStorage(137)) - The storage directory /home/runner/work/ozone/ozone/hadoop-ozone/integration-test/target/test-dir/MiniOzoneClusterImpl-36fc3352-0e59-45fd-a08b-0e99224ecb60/datanode-1/data/ratis/0a02ccf8-7670-4ede-b292-19946e6547a9 does not exist. Creating ...
2023-08-25 11:34:49,733 [6fb87cf7-6010-4447-ac68-4b216325e026-groupManagement] INFO  storage.RaftStorageDirectory (RaftStorageDirectoryImpl.java:tryLock(231)) - Lock on /home/runner/work/ozone/ozone/hadoop-ozone/integration-test/target/test-dir/MiniOzoneClusterImpl-36fc3352-0e59-45fd-a08b-0e99224ecb60/datanode-1/data/ratis/0a02ccf8-7670-4ede-b292-19946e6547a9/in_use.lock acquired by nodename 61563@fv-az508-118
2023-08-25 11:34:49,736 [6fb87cf7-6010-4447-ac68-4b216325e026-groupManagement] INFO  storage.RaftStorage (RaftStorageImpl.java:format(96)) - Storage directory /home/runner/work/ozone/ozone/hadoop-ozone/integration-test/target/test-dir/MiniOzoneClusterImpl-36fc3352-0e59-45fd-a08b-0e99224ecb60/datanode-1/data/ratis/0a02ccf8-7670-4ede-b292-19946e6547a9 has been successfully formatted.
2023-08-25 11:34:49,736 [6fb87cf7-6010-4447-ac68-4b216325e026-groupManagement] INFO  ratis.ContainerStateMachine (ContainerStateMachine.java:loadSnapshot(262)) - group-19946E6547A9: The snapshot info is null. Setting the last applied indexto:(t:0, i:~)
2023-08-25 11:34:49,736 [6fb87cf7-6010-4447-ac68-4b216325e026-groupManagement] INFO  server.RaftServerConfigKeys (ConfUtils.java:logGet(46)) - raft.server.log.use.memory = false (default)
2023-08-25 11:34:49,736 [6fb87cf7-6010-4447-ac68-4b216325e026-groupManagement] INFO  server.RaftServerConfigKeys (ConfUtils.java:logGet(46)) - raft.server.log.purge.gap = 1000000 (custom)
2023-08-25 11:34:49,737 [6fb87cf7-6010-4447-ac68-4b216325e026-groupManagement] INFO  server.RaftServerConfigKeys (ConfUtils.java:logGet(46)) - raft.server.log.appender.buffer.byte-limit = 33554432 (custom)
2023-08-25 11:34:49,737 [6fb87cf7-6010-4447-ac68-4b216325e026-groupManagement] INFO  server.RaftServerConfigKeys (ConfUtils.java:logGet(46)) - raft.server.log.statemachine.data.read.timeout = 1000ms (default)
2023-08-25 11:34:49,737 [6fb87cf7-6010-4447-ac68-4b216325e026-groupManagement] INFO  server.RaftServerConfigKeys (ConfUtils.java:logGet(46)) - raft.server.log.purge.preservation.log.num = 0 (default)
2023-08-25 11:34:49,738 [EventQueue-PipelineReportForPipelineReportHandler] INFO  pipeline.PipelineReportHandler (PipelineReportHandler.java:processPipelineReport(136)) - Opened pipeline PipelineID=0a02ccf8-7670-4ede-b292-19946e6547a9
2023-08-25 11:34:49,738 [EventQueue-OpenPipelineForHealthyPipelineSafeModeRule] INFO  safemode.SCMSafeModeManager (HealthyPipelineSafeModeRule.java:process(137)) - SCM in safe mode. Healthy pipelines reported count is 0, required healthy pipeline reported count is 1
2023-08-25 11:34:49,738 [6fb87cf7-6010-4447-ac68-4b216325e026-groupManagement] INFO  server.RaftServerConfigKeys (ConfUtils.java:logGet(46)) - raft.server.log.segment.size.max = 1048576 (custom)
2023-08-25 11:34:49,739 [6fb87cf7-6010-4447-ac68-4b216325e026-groupManagement] INFO  server.RaftServerConfigKeys (ConfUtils.java:logGet(46)) - raft.server.log.segment.cache.num.max = 2 (custom)
2023-08-25 11:34:49,739 [6fb87cf7-6010-4447-ac68-4b216325e026-groupManagement] INFO  server.RaftServerConfigKeys (ConfUtils.java:logGet(46)) - raft.server.log.segment.cache.size.max = 200MB (=209715200) (default)
2023-08-25 11:34:49,739 [6fb87cf7-6010-4447-ac68-4b216325e026-groupManagement] INFO  server.RaftServerConfigKeys (ConfUtils.java:logGet(46)) - raft.server.log.appender.buffer.byte-limit = 33554432 (custom)
2023-08-25 11:34:49,739 [6fb87cf7-6010-4447-ac68-4b216325e026-groupManagement] INFO  segmented.SegmentedRaftLogWorker (SegmentedRaftLogWorker.java:<init>(188)) - new 6fb87cf7-6010-4447-ac68-4b216325e026@group-19946E6547A9-SegmentedRaftLogWorker for RaftStorageImpl:Storage Directory /home/runner/work/ozone/ozone/hadoop-ozone/integration-test/target/test-dir/MiniOzoneClusterImpl-36fc3352-0e59-45fd-a08b-0e99224ecb60/datanode-1/data/ratis/0a02ccf8-7670-4ede-b292-19946e6547a9
2023-08-25 11:34:49,739 [6fb87cf7-6010-4447-ac68-4b216325e026-groupManagement] INFO  server.RaftServerConfigKeys (ConfUtils.java:logGet(46)) - raft.server.log.queue.byte-limit = 4294967296 (custom)
2023-08-25 11:34:49,739 [6fb87cf7-6010-4447-ac68-4b216325e026-groupManagement] INFO  server.RaftServerConfigKeys (ConfUtils.java:logGet(46)) - raft.server.log.queue.element-limit = 1024 (custom)
2023-08-25 11:34:49,739 [6fb87cf7-6010-4447-ac68-4b216325e026-groupManagement] INFO  server.RaftServerConfigKeys (ConfUtils.java:logGet(46)) - raft.server.log.segment.size.max = 1048576 (custom)
2023-08-25 11:34:49,739 [6fb87cf7-6010-4447-ac68-4b216325e026-groupManagement] INFO  server.RaftServerConfigKeys (ConfUtils.java:logGet(46)) - raft.server.log.preallocated.size = 16384 (custom)
2023-08-25 11:34:49,740 [6fb87cf7-6010-4447-ac68-4b216325e026-groupManagement] INFO  server.RaftServerConfigKeys (ConfUtils.java:logGet(46)) - raft.server.log.force.sync.num = 128 (default)
2023-08-25 11:34:49,740 [6fb87cf7-6010-4447-ac68-4b216325e026-groupManagement] INFO  server.RaftServerConfigKeys (ConfUtils.java:logGet(46)) - raft.server.log.statemachine.data.sync = true (default)
2023-08-25 11:34:49,740 [6fb87cf7-6010-4447-ac68-4b216325e026-groupManagement] INFO  server.RaftServerConfigKeys (ConfUtils.java:logGet(46)) - raft.server.log.statemachine.data.sync.timeout = 10s (default)
2023-08-25 11:34:49,740 [6fb87cf7-6010-4447-ac68-4b216325e026-groupManagement] INFO  server.RaftServerConfigKeys (ConfUtils.java:logGet(46)) - raft.server.log.statemachine.data.sync.timeout.retry = -1 (default)
2023-08-25 11:34:49,741 [6fb87cf7-6010-4447-ac68-4b216325e026-groupManagement] INFO  server.RaftServerConfigKeys (ConfUtils.java:logGet(46)) - raft.server.log.write.buffer.size = 1048576 (custom)
2023-08-25 11:34:49,741 [6fb87cf7-6010-4447-ac68-4b216325e026-groupManagement] INFO  server.RaftServerConfigKeys (ConfUtils.java:logGet(46)) - raft.server.log.appender.buffer.byte-limit = 33554432 (custom)
2023-08-25 11:34:49,754 [6fb87cf7-6010-4447-ac68-4b216325e026-groupManagement] INFO  server.RaftServerConfigKeys (ConfUtils.java:logGet(46)) - raft.server.log.unsafe-flush.enabled = false (default)
2023-08-25 11:34:49,754 [6fb87cf7-6010-4447-ac68-4b216325e026-groupManagement] INFO  server.RaftServerConfigKeys (ConfUtils.java:logGet(46)) - raft.server.log.async-flush.enabled = false (default)
2023-08-25 11:34:49,754 [6fb87cf7-6010-4447-ac68-4b216325e026-groupManagement] INFO  server.RaftServerConfigKeys (ConfUtils.java:logGet(46)) - raft.server.log.statemachine.data.caching.enabled = true (custom)
2023-08-25 11:34:49,754 [6fb87cf7-6010-4447-ac68-4b216325e026-groupManagement] INFO  segmented.SegmentedRaftLogWorker (SegmentedRaftLogWorker.java:lambda$new$0(135)) - 6fb87cf7-6010-4447-ac68-4b216325e026@group-19946E6547A9-SegmentedRaftLogWorker: flushIndex: setUnconditionally 0 -> -1
2023-08-25 11:34:49,754 [6fb87cf7-6010-4447-ac68-4b216325e026-groupManagement] INFO  segmented.SegmentedRaftLogWorker (SegmentedRaftLogWorker.java:lambda$new$0(135)) - 6fb87cf7-6010-4447-ac68-4b216325e026@group-19946E6547A9-SegmentedRaftLogWorker: safeCacheEvictIndex: setUnconditionally 0 -> -1
2023-08-25 11:34:49,755 [6fb87cf7-6010-4447-ac68-4b216325e026-groupManagement] INFO  server.RaftServer$Division (RaftServerImpl.java:start(342)) - 6fb87cf7-6010-4447-ac68-4b216325e026@group-19946E6547A9: start as a follower, conf=-1: peers:[6fb87cf7-6010-4447-ac68-4b216325e026|rpc:10.1.0.52:15076|admin:10.1.0.52:15075|client:10.1.0.52:15074|dataStream:10.1.0.52:15077|priority:1|startupRole:FOLLOWER]|listeners:[], old=null
2023-08-25 11:34:49,755 [6fb87cf7-6010-4447-ac68-4b216325e026-groupManagement] INFO  server.RaftServer$Division (RaftServerImpl.java:setRole(329)) - 6fb87cf7-6010-4447-ac68-4b216325e026@group-19946E6547A9: changes role from      null to FOLLOWER at term 0 for startAsFollower
2023-08-25 11:34:49,755 [6fb87cf7-6010-4447-ac68-4b216325e026-groupManagement] INFO  impl.RoleInfo (RoleInfo.java:updateAndGet(139)) - 6fb87cf7-6010-4447-ac68-4b216325e026: start 6fb87cf7-6010-4447-ac68-4b216325e026@group-19946E6547A9-FollowerState
2023-08-25 11:34:49,759 [6fb87cf7-6010-4447-ac68-4b216325e026-groupManagement] INFO  util.JmxRegister (JmxRegister.java:tryRegister(44)) - Successfully registered JMX Bean with object name Ratis:service=RaftServer,group=group-19946E6547A9,id=6fb87cf7-6010-4447-ac68-4b216325e026
2023-08-25 11:34:49,759 [6fb87cf7-6010-4447-ac68-4b216325e026-groupManagement] INFO  server.RaftServerConfigKeys (ConfUtils.java:logGet(46)) - raft.server.snapshot.auto.trigger.enabled = true (custom)
2023-08-25 11:34:49,759 [6fb87cf7-6010-4447-ac68-4b216325e026-groupManagement] INFO  server.RaftServerConfigKeys (ConfUtils.java:logGet(46)) - raft.server.snapshot.auto.trigger.threshold = 10000 (custom)
2023-08-25 11:34:49,759 [6fb87cf7-6010-4447-ac68-4b216325e026-groupManagement] INFO  server.RaftServerConfigKeys (ConfUtils.java:logGet(46)) - raft.server.snapshot.retention.file.num = 5 (custom)
2023-08-25 11:34:49,760 [6fb87cf7-6010-4447-ac68-4b216325e026-groupManagement] INFO  server.RaftServerConfigKeys (ConfUtils.java:logGet(46)) - raft.server.log.purge.upto.snapshot.index = false (default)
2023-08-25 11:34:49,760 [PipelineCommandHandlerThread-0] INFO  ratis.XceiverServerRatis (XceiverServerRatis.java:addGroup(804)) - Created group PipelineID=0a02ccf8-7670-4ede-b292-19946e6547a9
2023-08-25 11:34:49,760 [PipelineCommandHandlerThread-0] INFO  commandhandler.CreatePipelineCommandHandler (CreatePipelineCommandHandler.java:lambda$handle$2(124)) - Created Pipeline RATIS ONE PipelineID=0a02ccf8-7670-4ede-b292-19946e6547a9.
2023-08-25 11:34:49,761 [6fb87cf7-6010-4447-ac68-4b216325e026@group-19946E6547A9-FollowerState] INFO  server.RaftServerConfigKeys (ConfUtils.java:logFallback(53)) - raft.server.rpc.first-election.timeout.min = 5s (fallback to raft.server.rpc.timeout.min)
2023-08-25 11:34:49,761 [6fb87cf7-6010-4447-ac68-4b216325e026@group-19946E6547A9-FollowerState] INFO  server.RaftServerConfigKeys (ConfUtils.java:logFallback(53)) - raft.server.rpc.first-election.timeout.max = 5200ms (fallback to raft.server.rpc.timeout.max)
2023-08-25 11:34:49,855 [main] INFO  ozone.MiniOzoneClusterImpl (MiniOzoneClusterImpl.java:lambda$waitForClusterToBeReady$0(224)) - Nodes are ready. Got 5 of 5 DN Heartbeats.
2023-08-25 11:34:49,855 [main] INFO  ozone.MiniOzoneClusterImpl (MiniOzoneClusterImpl.java:lambda$waitForClusterToBeReady$0(227)) - Waiting for cluster to exit safe mode
2023-08-25 11:34:49,855 [main] INFO  ozone.MiniOzoneClusterImpl (MiniOzoneClusterImpl.java:lambda$waitForClusterToBeReady$0(229)) - SCM became leader
2023-08-25 11:34:50,110 [PipelineCommandHandlerThread-0] INFO  server.RaftServer (RaftServerProxy.java:addNew(98)) - 85c49798-3560-4dc9-a596-09ecbe4a8df4: addNew group-BD9B704D0B35:[85c49798-3560-4dc9-a596-09ecbe4a8df4|rpc:10.1.0.52:15085|admin:10.1.0.52:15084|client:10.1.0.52:15083|dataStream:10.1.0.52:15086|priority:1|startupRole:FOLLOWER] returns group-BD9B704D0B35:java.util.concurrent.CompletableFuture@47640259[Not completed]
2023-08-25 11:34:50,112 [85c49798-3560-4dc9-a596-09ecbe4a8df4-groupManagement] INFO  server.RaftServer$Division (RaftServerImpl.java:<init>(198)) - 85c49798-3560-4dc9-a596-09ecbe4a8df4: new RaftServerImpl for group-BD9B704D0B35:[85c49798-3560-4dc9-a596-09ecbe4a8df4|rpc:10.1.0.52:15085|admin:10.1.0.52:15084|client:10.1.0.52:15083|dataStream:10.1.0.52:15086|priority:1|startupRole:FOLLOWER] with ContainerStateMachine:uninitialized
2023-08-25 11:34:50,112 [85c49798-3560-4dc9-a596-09ecbe4a8df4-groupManagement] INFO  server.RaftServerConfigKeys (ConfUtils.java:logGet(46)) - raft.server.rpc.timeout.min = 5s (custom)
2023-08-25 11:34:50,112 [85c49798-3560-4dc9-a596-09ecbe4a8df4-groupManagement] INFO  server.RaftServerConfigKeys (ConfUtils.java:logGet(46)) - raft.server.rpc.timeout.max = 5200ms (custom)
2023-08-25 11:34:50,112 [85c49798-3560-4dc9-a596-09ecbe4a8df4-groupManagement] INFO  server.RaftServerConfigKeys (ConfUtils.java:logGet(46)) - raft.server.rpc.sleep.time = 25ms (default)
2023-08-25 11:34:50,112 [85c49798-3560-4dc9-a596-09ecbe4a8df4-groupManagement] INFO  server.RaftServerConfigKeys (ConfUtils.java:logGet(46)) - raft.server.rpc.slowness.timeout = 300s (custom)
2023-08-25 11:34:50,112 [85c49798-3560-4dc9-a596-09ecbe4a8df4-groupManagement] INFO  server.RaftServerConfigKeys (ConfUtils.java:logGet(46)) - raft.server.leaderelection.leader.step-down.wait-time = 10s (default)
2023-08-25 11:34:50,112 [85c49798-3560-4dc9-a596-09ecbe4a8df4-groupManagement] INFO  server.RaftServerConfigKeys (ConfUtils.java:logGet(46)) - raft.server.sleep.deviation.threshold = 300ms (default)
2023-08-25 11:34:50,112 [85c49798-3560-4dc9-a596-09ecbe4a8df4-groupManagement] INFO  server.RaftServer$Division (ServerState.java:<init>(120)) - 85c49798-3560-4dc9-a596-09ecbe4a8df4@group-BD9B704D0B35: ConfigurationManager, init=-1: peers:[85c49798-3560-4dc9-a596-09ecbe4a8df4|rpc:10.1.0.52:15085|admin:10.1.0.52:15084|client:10.1.0.52:15083|dataStream:10.1.0.52:15086|priority:1|startupRole:FOLLOWER]|listeners:[], old=null, confs=<EMPTY_MAP>
2023-08-25 11:34:50,112 [85c49798-3560-4dc9-a596-09ecbe4a8df4-groupManagement] INFO  server.RaftServerConfigKeys (ConfUtils.java:logGet(46)) - raft.server.storage.dir = [/home/runner/work/ozone/ozone/hadoop-ozone/integration-test/target/test-dir/MiniOzoneClusterImpl-36fc3352-0e59-45fd-a08b-0e99224ecb60/datanode-2/data/ratis] (custom)
2023-08-25 11:34:50,113 [85c49798-3560-4dc9-a596-09ecbe4a8df4-groupManagement] INFO  server.RaftServerConfigKeys (ConfUtils.java:logGet(46)) - raft.server.log.corruption.policy = EXCEPTION (default)
2023-08-25 11:34:50,113 [85c49798-3560-4dc9-a596-09ecbe4a8df4-groupManagement] INFO  server.RaftServerConfigKeys (ConfUtils.java:logGet(46)) - raft.server.storage.free-space.min = 0MB (=0) (default)
2023-08-25 11:34:50,113 [85c49798-3560-4dc9-a596-09ecbe4a8df4-groupManagement] INFO  server.RaftServerConfigKeys (ConfUtils.java:logGet(46)) - raft.server.notification.no-leader.timeout = 300s (custom)
2023-08-25 11:34:50,113 [85c49798-3560-4dc9-a596-09ecbe4a8df4-groupManagement] INFO  server.RaftServerConfigKeys (ConfUtils.java:logGet(46)) - raft.server.read.timeout = 10s (default)
2023-08-25 11:34:50,113 [85c49798-3560-4dc9-a596-09ecbe4a8df4-groupManagement] INFO  server.RaftServerConfigKeys (ConfUtils.java:logGet(46)) - raft.server.retrycache.expirytime = 600000ms (custom)
2023-08-25 11:34:50,113 [85c49798-3560-4dc9-a596-09ecbe4a8df4-groupManagement] INFO  server.RaftServerConfigKeys (ConfUtils.java:logGet(46)) - raft.server.retrycache.statistics.expirytime = 100μs (default)
2023-08-25 11:34:50,113 [85c49798-3560-4dc9-a596-09ecbe4a8df4-groupManagement] INFO  server.RaftServerConfigKeys (ConfUtils.java:logGet(46)) - raft.server.read.option = DEFAULT (default)
2023-08-25 11:34:50,114 [85c49798-3560-4dc9-a596-09ecbe4a8df4-groupManagement] INFO  server.RaftServerConfigKeys (ConfUtils.java:logGet(46)) - raft.server.rpc.request.timeout = 60s (custom)
2023-08-25 11:34:50,114 [85c49798-3560-4dc9-a596-09ecbe4a8df4-groupManagement] INFO  server.RaftServerConfigKeys (ConfUtils.java:logGet(46)) - raft.server.log.appender.install.snapshot.enabled = false (custom)
2023-08-25 11:34:50,114 [85c49798-3560-4dc9-a596-09ecbe4a8df4-groupManagement] INFO  server.RaftServerConfigKeys (ConfUtils.java:logGet(46)) - raft.server.threadpool.server.cached = true (default)
2023-08-25 11:34:50,114 [85c49798-3560-4dc9-a596-09ecbe4a8df4-groupManagement] INFO  server.RaftServerConfigKeys (ConfUtils.java:logGet(46)) - raft.server.threadpool.server.size = 0 (default)
2023-08-25 11:34:50,114 [85c49798-3560-4dc9-a596-09ecbe4a8df4-groupManagement] INFO  server.RaftServerConfigKeys (ConfUtils.java:logGet(46)) - raft.server.threadpool.client.cached = true (default)
2023-08-25 11:34:50,114 [85c49798-3560-4dc9-a596-09ecbe4a8df4-groupManagement] INFO  server.RaftServerConfigKeys (ConfUtils.java:logGet(46)) - raft.server.threadpool.client.size = 0 (default)
2023-08-25 11:34:50,115 [85c49798-3560-4dc9-a596-09ecbe4a8df4-groupManagement] INFO  storage.RaftStorageDirectory (RaftStorageDirectoryImpl.java:analyzeStorage(137)) - The storage directory /home/runner/work/ozone/ozone/hadoop-ozone/integration-test/target/test-dir/MiniOzoneClusterImpl-36fc3352-0e59-45fd-a08b-0e99224ecb60/datanode-2/data/ratis/3fcb97d6-b289-40e9-99cb-bd9b704d0b35 does not exist. Creating ...
2023-08-25 11:34:50,116 [85c49798-3560-4dc9-a596-09ecbe4a8df4-groupManagement] INFO  storage.RaftStorageDirectory (RaftStorageDirectoryImpl.java:tryLock(231)) - Lock on /home/runner/work/ozone/ozone/hadoop-ozone/integration-test/target/test-dir/MiniOzoneClusterImpl-36fc3352-0e59-45fd-a08b-0e99224ecb60/datanode-2/data/ratis/3fcb97d6-b289-40e9-99cb-bd9b704d0b35/in_use.lock acquired by nodename 61563@fv-az508-118
2023-08-25 11:34:50,119 [85c49798-3560-4dc9-a596-09ecbe4a8df4-groupManagement] INFO  storage.RaftStorage (RaftStorageImpl.java:format(96)) - Storage directory /home/runner/work/ozone/ozone/hadoop-ozone/integration-test/target/test-dir/MiniOzoneClusterImpl-36fc3352-0e59-45fd-a08b-0e99224ecb60/datanode-2/data/ratis/3fcb97d6-b289-40e9-99cb-bd9b704d0b35 has been successfully formatted.
2023-08-25 11:34:50,122 [85c49798-3560-4dc9-a596-09ecbe4a8df4-groupManagement] INFO  ratis.ContainerStateMachine (ContainerStateMachine.java:loadSnapshot(262)) - group-BD9B704D0B35: The snapshot info is null. Setting the last applied indexto:(t:0, i:~)
2023-08-25 11:34:50,122 [85c49798-3560-4dc9-a596-09ecbe4a8df4-groupManagement] INFO  server.RaftServerConfigKeys (ConfUtils.java:logGet(46)) - raft.server.log.use.memory = false (default)
2023-08-25 11:34:50,122 [85c49798-3560-4dc9-a596-09ecbe4a8df4-groupManagement] INFO  server.RaftServerConfigKeys (ConfUtils.java:logGet(46)) - raft.server.log.purge.gap = 1000000 (custom)
2023-08-25 11:34:50,124 [EventQueue-PipelineReportForPipelineReportHandler] INFO  pipeline.PipelineReportHandler (PipelineReportHandler.java:processPipelineReport(136)) - Opened pipeline PipelineID=3fcb97d6-b289-40e9-99cb-bd9b704d0b35
2023-08-25 11:34:50,125 [EventQueue-OpenPipelineForHealthyPipelineSafeModeRule] INFO  safemode.SCMSafeModeManager (HealthyPipelineSafeModeRule.java:process(137)) - SCM in safe mode. Healthy pipelines reported count is 0, required healthy pipeline reported count is 1
2023-08-25 11:34:50,125 [85c49798-3560-4dc9-a596-09ecbe4a8df4-groupManagement] INFO  server.RaftServerConfigKeys (ConfUtils.java:logGet(46)) - raft.server.log.appender.buffer.byte-limit = 33554432 (custom)
2023-08-25 11:34:50,125 [85c49798-3560-4dc9-a596-09ecbe4a8df4-groupManagement] INFO  server.RaftServerConfigKeys (ConfUtils.java:logGet(46)) - raft.server.log.statemachine.data.read.timeout = 1000ms (default)
2023-08-25 11:34:50,125 [85c49798-3560-4dc9-a596-09ecbe4a8df4-groupManagement] INFO  server.RaftServerConfigKeys (ConfUtils.java:logGet(46)) - raft.server.log.purge.preservation.log.num = 0 (default)
2023-08-25 11:34:50,125 [85c49798-3560-4dc9-a596-09ecbe4a8df4-groupManagement] INFO  server.RaftServerConfigKeys (ConfUtils.java:logGet(46)) - raft.server.log.segment.size.max = 1048576 (custom)
2023-08-25 11:34:50,126 [85c49798-3560-4dc9-a596-09ecbe4a8df4-groupManagement] INFO  server.RaftServerConfigKeys (ConfUtils.java:logGet(46)) - raft.server.log.segment.cache.num.max = 2 (custom)
2023-08-25 11:34:50,126 [85c49798-3560-4dc9-a596-09ecbe4a8df4-groupManagement] INFO  server.RaftServerConfigKeys (ConfUtils.java:logGet(46)) - raft.server.log.segment.cache.size.max = 200MB (=209715200) (default)
2023-08-25 11:34:50,126 [85c49798-3560-4dc9-a596-09ecbe4a8df4-groupManagement] INFO  server.RaftServerConfigKeys (ConfUtils.java:logGet(46)) - raft.server.log.appender.buffer.byte-limit = 33554432 (custom)
2023-08-25 11:34:50,126 [85c49798-3560-4dc9-a596-09ecbe4a8df4-groupManagement] INFO  segmented.SegmentedRaftLogWorker (SegmentedRaftLogWorker.java:<init>(188)) - new 85c49798-3560-4dc9-a596-09ecbe4a8df4@group-BD9B704D0B35-SegmentedRaftLogWorker for RaftStorageImpl:Storage Directory /home/runner/work/ozone/ozone/hadoop-ozone/integration-test/target/test-dir/MiniOzoneClusterImpl-36fc3352-0e59-45fd-a08b-0e99224ecb60/datanode-2/data/ratis/3fcb97d6-b289-40e9-99cb-bd9b704d0b35
2023-08-25 11:34:50,126 [85c49798-3560-4dc9-a596-09ecbe4a8df4-groupManagement] INFO  server.RaftServerConfigKeys (ConfUtils.java:logGet(46)) - raft.server.log.queue.byte-limit = 4294967296 (custom)
2023-08-25 11:34:50,126 [85c49798-3560-4dc9-a596-09ecbe4a8df4-groupManagement] INFO  server.RaftServerConfigKeys (ConfUtils.java:logGet(46)) - raft.server.log.queue.element-limit = 1024 (custom)
2023-08-25 11:34:50,126 [85c49798-3560-4dc9-a596-09ecbe4a8df4-groupManagement] INFO  server.RaftServerConfigKeys (ConfUtils.java:logGet(46)) - raft.server.log.segment.size.max = 1048576 (custom)
2023-08-25 11:34:50,126 [85c49798-3560-4dc9-a596-09ecbe4a8df4-groupManagement] INFO  server.RaftServerConfigKeys (ConfUtils.java:logGet(46)) - raft.server.log.preallocated.size = 16384 (custom)
2023-08-25 11:34:50,126 [85c49798-3560-4dc9-a596-09ecbe4a8df4-groupManagement] INFO  server.RaftServerConfigKeys (ConfUtils.java:logGet(46)) - raft.server.log.force.sync.num = 128 (default)
2023-08-25 11:34:50,127 [85c49798-3560-4dc9-a596-09ecbe4a8df4-groupManagement] INFO  server.RaftServerConfigKeys (ConfUtils.java:logGet(46)) - raft.server.log.statemachine.data.sync = true (default)
2023-08-25 11:34:50,127 [85c49798-3560-4dc9-a596-09ecbe4a8df4-groupManagement] INFO  server.RaftServerConfigKeys (ConfUtils.java:logGet(46)) - raft.server.log.statemachine.data.sync.timeout = 10s (default)
2023-08-25 11:34:50,127 [85c49798-3560-4dc9-a596-09ecbe4a8df4-groupManagement] INFO  server.RaftServerConfigKeys (ConfUtils.java:logGet(46)) - raft.server.log.statemachine.data.sync.timeout.retry = -1 (default)
2023-08-25 11:34:50,127 [85c49798-3560-4dc9-a596-09ecbe4a8df4-groupManagement] INFO  server.RaftServerConfigKeys (ConfUtils.java:logGet(46)) - raft.server.log.write.buffer.size = 1048576 (custom)
2023-08-25 11:34:50,128 [85c49798-3560-4dc9-a596-09ecbe4a8df4-groupManagement] INFO  server.RaftServerConfigKeys (ConfUtils.java:logGet(46)) - raft.server.log.appender.buffer.byte-limit = 33554432 (custom)
2023-08-25 11:34:50,140 [85c49798-3560-4dc9-a596-09ecbe4a8df4-groupManagement] INFO  server.RaftServerConfigKeys (ConfUtils.java:logGet(46)) - raft.server.log.unsafe-flush.enabled = false (default)
2023-08-25 11:34:50,141 [85c49798-3560-4dc9-a596-09ecbe4a8df4-groupManagement] INFO  server.RaftServerConfigKeys (ConfUtils.java:logGet(46)) - raft.server.log.async-flush.enabled = false (default)
2023-08-25 11:34:50,141 [85c49798-3560-4dc9-a596-09ecbe4a8df4-groupManagement] INFO  server.RaftServerConfigKeys (ConfUtils.java:logGet(46)) - raft.server.log.statemachine.data.caching.enabled = true (custom)
2023-08-25 11:34:50,141 [85c49798-3560-4dc9-a596-09ecbe4a8df4-groupManagement] INFO  segmented.SegmentedRaftLogWorker (SegmentedRaftLogWorker.java:lambda$new$0(135)) - 85c49798-3560-4dc9-a596-09ecbe4a8df4@group-BD9B704D0B35-SegmentedRaftLogWorker: flushIndex: setUnconditionally 0 -> -1
2023-08-25 11:34:50,141 [85c49798-3560-4dc9-a596-09ecbe4a8df4-groupManagement] INFO  segmented.SegmentedRaftLogWorker (SegmentedRaftLogWorker.java:lambda$new$0(135)) - 85c49798-3560-4dc9-a596-09ecbe4a8df4@group-BD9B704D0B35-SegmentedRaftLogWorker: safeCacheEvictIndex: setUnconditionally 0 -> -1
2023-08-25 11:34:50,142 [85c49798-3560-4dc9-a596-09ecbe4a8df4-groupManagement] INFO  server.RaftServer$Division (RaftServerImpl.java:start(342)) - 85c49798-3560-4dc9-a596-09ecbe4a8df4@group-BD9B704D0B35: start as a follower, conf=-1: peers:[85c49798-3560-4dc9-a596-09ecbe4a8df4|rpc:10.1.0.52:15085|admin:10.1.0.52:15084|client:10.1.0.52:15083|dataStream:10.1.0.52:15086|priority:1|startupRole:FOLLOWER]|listeners:[], old=null
2023-08-25 11:34:50,142 [85c49798-3560-4dc9-a596-09ecbe4a8df4-groupManagement] INFO  server.RaftServer$Division (RaftServerImpl.java:setRole(329)) - 85c49798-3560-4dc9-a596-09ecbe4a8df4@group-BD9B704D0B35: changes role from      null to FOLLOWER at term 0 for startAsFollower
2023-08-25 11:34:50,142 [85c49798-3560-4dc9-a596-09ecbe4a8df4-groupManagement] INFO  impl.RoleInfo (RoleInfo.java:updateAndGet(139)) - 85c49798-3560-4dc9-a596-09ecbe4a8df4: start 85c49798-3560-4dc9-a596-09ecbe4a8df4@group-BD9B704D0B35-FollowerState
2023-08-25 11:34:50,142 [85c49798-3560-4dc9-a596-09ecbe4a8df4@group-BD9B704D0B35-FollowerState] INFO  server.RaftServerConfigKeys (ConfUtils.java:logFallback(53)) - raft.server.rpc.first-election.timeout.min = 5s (fallback to raft.server.rpc.timeout.min)
2023-08-25 11:34:50,142 [85c49798-3560-4dc9-a596-09ecbe4a8df4-groupManagement] INFO  util.JmxRegister (JmxRegister.java:tryRegister(44)) - Successfully registered JMX Bean with object name Ratis:service=RaftServer,group=group-BD9B704D0B35,id=85c49798-3560-4dc9-a596-09ecbe4a8df4
2023-08-25 11:34:50,142 [85c49798-3560-4dc9-a596-09ecbe4a8df4-groupManagement] INFO  server.RaftServerConfigKeys (ConfUtils.java:logGet(46)) - raft.server.snapshot.auto.trigger.enabled = true (custom)
2023-08-25 11:34:50,142 [85c49798-3560-4dc9-a596-09ecbe4a8df4@group-BD9B704D0B35-FollowerState] INFO  server.RaftServerConfigKeys (ConfUtils.java:logFallback(53)) - raft.server.rpc.first-election.timeout.max = 5200ms (fallback to raft.server.rpc.timeout.max)
2023-08-25 11:34:50,142 [85c49798-3560-4dc9-a596-09ecbe4a8df4-groupManagement] INFO  server.RaftServerConfigKeys (ConfUtils.java:logGet(46)) - raft.server.snapshot.auto.trigger.threshold = 10000 (custom)
2023-08-25 11:34:50,143 [85c49798-3560-4dc9-a596-09ecbe4a8df4-groupManagement] INFO  server.RaftServerConfigKeys (ConfUtils.java:logGet(46)) - raft.server.snapshot.retention.file.num = 5 (custom)
2023-08-25 11:34:50,143 [85c49798-3560-4dc9-a596-09ecbe4a8df4-groupManagement] INFO  server.RaftServerConfigKeys (ConfUtils.java:logGet(46)) - raft.server.log.purge.upto.snapshot.index = false (default)
2023-08-25 11:34:50,143 [PipelineCommandHandlerThread-0] INFO  ratis.XceiverServerRatis (XceiverServerRatis.java:addGroup(804)) - Created group PipelineID=3fcb97d6-b289-40e9-99cb-bd9b704d0b35
2023-08-25 11:34:50,144 [PipelineCommandHandlerThread-0] INFO  commandhandler.CreatePipelineCommandHandler (CreatePipelineCommandHandler.java:lambda$handle$2(124)) - Created Pipeline RATIS ONE PipelineID=3fcb97d6-b289-40e9-99cb-bd9b704d0b35.
2023-08-25 11:34:50,907 [main] INFO  ozone.MiniOzoneClusterImpl (MiniOzoneClusterImpl.java:lambda$waitForClusterToBeReady$0(224)) - Nodes are ready. Got 5 of 5 DN Heartbeats.
2023-08-25 11:34:50,907 [main] INFO  ozone.MiniOzoneClusterImpl (MiniOzoneClusterImpl.java:lambda$waitForClusterToBeReady$0(227)) - Waiting for cluster to exit safe mode
2023-08-25 11:34:50,908 [main] INFO  ozone.MiniOzoneClusterImpl (MiniOzoneClusterImpl.java:lambda$waitForClusterToBeReady$0(229)) - SCM became leader
2023-08-25 11:34:50,908 [JvmPauseMonitor10] WARN  util.JvmPauseMonitor (JvmPauseMonitor.java:detectPause(124)) - JvmPauseMonitor-6fb87cf7-6010-4447-ac68-4b216325e026: Detected pause in JVM or host machine approximately 0.581s with 0.596s GC time.
GC pool 'PS MarkSweep' had collection(s): count=1 time=429ms
GC pool 'PS Scavenge' had collection(s): count=1 time=167ms
2023-08-25 11:34:50,908 [JvmPauseMonitor8] WARN  util.JvmPauseMonitor (JvmPauseMonitor.java:detectPause(124)) - JvmPauseMonitor-af434b9b-9868-4f0b-a99c-400bbb018126: Detected pause in JVM or host machine approximately 0.569s with 0.596s GC time.
GC pool 'PS MarkSweep' had collection(s): count=1 time=429ms
GC pool 'PS Scavenge' had collection(s): count=1 time=167ms
2023-08-25 11:34:50,909 [JvmPauseMonitor9] WARN  util.JvmPauseMonitor (JvmPauseMonitor.java:detectPause(124)) - JvmPauseMonitor-16866294-0bab-4ae5-8da9-294ec4800f35: Detected pause in JVM or host machine approximately 0.540s with 0.596s GC time.
GC pool 'PS MarkSweep' had collection(s): count=1 time=429ms
GC pool 'PS Scavenge' had collection(s): count=1 time=167ms
2023-08-25 11:34:50,909 [JvmPauseMonitor7] WARN  util.JvmPauseMonitor (JvmPauseMonitor.java:detectPause(124)) - JvmPauseMonitor-5bc38bfd-c239-4999-b08b-7d0fc76977be: Detected pause in JVM or host machine approximately 0.518s with 0.596s GC time.
GC pool 'PS MarkSweep' had collection(s): count=1 time=429ms
GC pool 'PS Scavenge' had collection(s): count=1 time=167ms
2023-08-25 11:34:50,909 [JvmPauseMonitor13] WARN  util.JvmPauseMonitor (JvmPauseMonitor.java:detectPause(124)) - JvmPauseMonitor-3bcb9728-7d1d-45db-b3c3-ee1d25f73c3d: Detected pause in JVM or host machine approximately 0.454s with 0.596s GC time.
GC pool 'PS MarkSweep' had collection(s): count=1 time=429ms
GC pool 'PS Scavenge' had collection(s): count=1 time=167ms
2023-08-25 11:34:50,909 [JvmPauseMonitor12] WARN  util.JvmPauseMonitor (JvmPauseMonitor.java:detectPause(124)) - JvmPauseMonitor-be1f1661-cb08-42a9-9c55-aeb71fb92a9a: Detected pause in JVM or host machine approximately 0.343s with 0.596s GC time.
GC pool 'PS MarkSweep' had collection(s): count=1 time=429ms
GC pool 'PS Scavenge' had collection(s): count=1 time=167ms
2023-08-25 11:34:50,909 [JvmPauseMonitor11] WARN  util.JvmPauseMonitor (JvmPauseMonitor.java:detectPause(124)) - JvmPauseMonitor-85c49798-3560-4dc9-a596-09ecbe4a8df4: Detected pause in JVM or host machine approximately 0.208s with 0.596s GC time.
GC pool 'PS MarkSweep' had collection(s): count=1 time=429ms
GC pool 'PS Scavenge' had collection(s): count=1 time=167ms
2023-08-25 11:34:50,930 [PipelineCommandHandlerThread-0] INFO  server.RaftServer (RaftServerProxy.java:addNew(98)) - be1f1661-cb08-42a9-9c55-aeb71fb92a9a: addNew group-9952D11EAA9A:[be1f1661-cb08-42a9-9c55-aeb71fb92a9a|rpc:10.1.0.52:15094|admin:10.1.0.52:15093|client:10.1.0.52:15092|dataStream:10.1.0.52:15095|priority:1|startupRole:FOLLOWER] returns group-9952D11EAA9A:java.util.concurrent.CompletableFuture@5e97f01b[Not completed]
2023-08-25 11:34:50,931 [PipelineCommandHandlerThread-0] INFO  server.RaftServer (RaftServerProxy.java:addNew(98)) - 3bcb9728-7d1d-45db-b3c3-ee1d25f73c3d: addNew group-CA236CEC735E:[3bcb9728-7d1d-45db-b3c3-ee1d25f73c3d|rpc:10.1.0.52:15103|admin:10.1.0.52:15102|client:10.1.0.52:15101|dataStream:10.1.0.52:15104|priority:1|startupRole:FOLLOWER] returns group-CA236CEC735E:java.util.concurrent.CompletableFuture@60a90440[Not completed]
2023-08-25 11:34:50,933 [be1f1661-cb08-42a9-9c55-aeb71fb92a9a-groupManagement] INFO  server.RaftServer$Division (RaftServerImpl.java:<init>(198)) - be1f1661-cb08-42a9-9c55-aeb71fb92a9a: new RaftServerImpl for group-9952D11EAA9A:[be1f1661-cb08-42a9-9c55-aeb71fb92a9a|rpc:10.1.0.52:15094|admin:10.1.0.52:15093|client:10.1.0.52:15092|dataStream:10.1.0.52:15095|priority:1|startupRole:FOLLOWER] with ContainerStateMachine:uninitialized
2023-08-25 11:34:50,933 [be1f1661-cb08-42a9-9c55-aeb71fb92a9a-groupManagement] INFO  server.RaftServerConfigKeys (ConfUtils.java:logGet(46)) - raft.server.rpc.timeout.min = 5s (custom)
2023-08-25 11:34:50,933 [be1f1661-cb08-42a9-9c55-aeb71fb92a9a-groupManagement] INFO  server.RaftServerConfigKeys (ConfUtils.java:logGet(46)) - raft.server.rpc.timeout.max = 5200ms (custom)
2023-08-25 11:34:50,933 [be1f1661-cb08-42a9-9c55-aeb71fb92a9a-groupManagement] INFO  server.RaftServerConfigKeys (ConfUtils.java:logGet(46)) - raft.server.rpc.sleep.time = 25ms (default)
2023-08-25 11:34:50,933 [be1f1661-cb08-42a9-9c55-aeb71fb92a9a-groupManagement] INFO  server.RaftServerConfigKeys (ConfUtils.java:logGet(46)) - raft.server.rpc.slowness.timeout = 300s (custom)
2023-08-25 11:34:50,933 [be1f1661-cb08-42a9-9c55-aeb71fb92a9a-groupManagement] INFO  server.RaftServerConfigKeys (ConfUtils.java:logGet(46)) - raft.server.leaderelection.leader.step-down.wait-time = 10s (default)
2023-08-25 11:34:50,933 [be1f1661-cb08-42a9-9c55-aeb71fb92a9a-groupManagement] INFO  server.RaftServerConfigKeys (ConfUtils.java:logGet(46)) - raft.server.sleep.deviation.threshold = 300ms (default)
2023-08-25 11:34:50,933 [be1f1661-cb08-42a9-9c55-aeb71fb92a9a-groupManagement] INFO  server.RaftServer$Division (ServerState.java:<init>(120)) - be1f1661-cb08-42a9-9c55-aeb71fb92a9a@group-9952D11EAA9A: ConfigurationManager, init=-1: peers:[be1f1661-cb08-42a9-9c55-aeb71fb92a9a|rpc:10.1.0.52:15094|admin:10.1.0.52:15093|client:10.1.0.52:15092|dataStream:10.1.0.52:15095|priority:1|startupRole:FOLLOWER]|listeners:[], old=null, confs=<EMPTY_MAP>
2023-08-25 11:34:50,934 [be1f1661-cb08-42a9-9c55-aeb71fb92a9a-groupManagement] INFO  server.RaftServerConfigKeys (ConfUtils.java:logGet(46)) - raft.server.storage.dir = [/home/runner/work/ozone/ozone/hadoop-ozone/integration-test/target/test-dir/MiniOzoneClusterImpl-36fc3352-0e59-45fd-a08b-0e99224ecb60/datanode-3/data/ratis] (custom)
2023-08-25 11:34:50,934 [be1f1661-cb08-42a9-9c55-aeb71fb92a9a-groupManagement] INFO  server.RaftServerConfigKeys (ConfUtils.java:logGet(46)) - raft.server.log.corruption.policy = EXCEPTION (default)
2023-08-25 11:34:50,934 [be1f1661-cb08-42a9-9c55-aeb71fb92a9a-groupManagement] INFO  server.RaftServerConfigKeys (ConfUtils.java:logGet(46)) - raft.server.storage.free-space.min = 0MB (=0) (default)
2023-08-25 11:34:50,934 [be1f1661-cb08-42a9-9c55-aeb71fb92a9a-groupManagement] INFO  server.RaftServerConfigKeys (ConfUtils.java:logGet(46)) - raft.server.notification.no-leader.timeout = 300s (custom)
2023-08-25 11:34:50,934 [be1f1661-cb08-42a9-9c55-aeb71fb92a9a-groupManagement] INFO  server.RaftServerConfigKeys (ConfUtils.java:logGet(46)) - raft.server.read.timeout = 10s (default)
2023-08-25 11:34:50,934 [be1f1661-cb08-42a9-9c55-aeb71fb92a9a-groupManagement] INFO  server.RaftServerConfigKeys (ConfUtils.java:logGet(46)) - raft.server.retrycache.expirytime = 600000ms (custom)
2023-08-25 11:34:50,934 [be1f1661-cb08-42a9-9c55-aeb71fb92a9a-groupManagement] INFO  server.RaftServerConfigKeys (ConfUtils.java:logGet(46)) - raft.server.retrycache.statistics.expirytime = 100μs (default)
2023-08-25 11:34:50,934 [be1f1661-cb08-42a9-9c55-aeb71fb92a9a-groupManagement] INFO  server.RaftServerConfigKeys (ConfUtils.java:logGet(46)) - raft.server.read.option = DEFAULT (default)
2023-08-25 11:34:50,935 [3bcb9728-7d1d-45db-b3c3-ee1d25f73c3d-groupManagement] INFO  server.RaftServer$Division (RaftServerImpl.java:<init>(198)) - 3bcb9728-7d1d-45db-b3c3-ee1d25f73c3d: new RaftServerImpl for group-CA236CEC735E:[3bcb9728-7d1d-45db-b3c3-ee1d25f73c3d|rpc:10.1.0.52:15103|admin:10.1.0.52:15102|client:10.1.0.52:15101|dataStream:10.1.0.52:15104|priority:1|startupRole:FOLLOWER] with ContainerStateMachine:uninitialized
2023-08-25 11:34:50,935 [3bcb9728-7d1d-45db-b3c3-ee1d25f73c3d-groupManagement] INFO  server.RaftServerConfigKeys (ConfUtils.java:logGet(46)) - raft.server.rpc.timeout.min = 5s (custom)
2023-08-25 11:34:50,935 [3bcb9728-7d1d-45db-b3c3-ee1d25f73c3d-groupManagement] INFO  server.RaftServerConfigKeys (ConfUtils.java:logGet(46)) - raft.server.rpc.timeout.max = 5200ms (custom)
2023-08-25 11:34:50,935 [3bcb9728-7d1d-45db-b3c3-ee1d25f73c3d-groupManagement] INFO  server.RaftServerConfigKeys (ConfUtils.java:logGet(46)) - raft.server.rpc.sleep.time = 25ms (default)
2023-08-25 11:34:50,935 [3bcb9728-7d1d-45db-b3c3-ee1d25f73c3d-groupManagement] INFO  server.RaftServerConfigKeys (ConfUtils.java:logGet(46)) - raft.server.rpc.slowness.timeout = 300s (custom)
2023-08-25 11:34:50,935 [3bcb9728-7d1d-45db-b3c3-ee1d25f73c3d-groupManagement] INFO  server.RaftServerConfigKeys (ConfUtils.java:logGet(46)) - raft.server.leaderelection.leader.step-down.wait-time = 10s (default)
2023-08-25 11:34:50,936 [3bcb9728-7d1d-45db-b3c3-ee1d25f73c3d-groupManagement] INFO  server.RaftServerConfigKeys (ConfUtils.java:logGet(46)) - raft.server.sleep.deviation.threshold = 300ms (default)
2023-08-25 11:34:50,936 [3bcb9728-7d1d-45db-b3c3-ee1d25f73c3d-groupManagement] INFO  server.RaftServer$Division (ServerState.java:<init>(120)) - 3bcb9728-7d1d-45db-b3c3-ee1d25f73c3d@group-CA236CEC735E: ConfigurationManager, init=-1: peers:[3bcb9728-7d1d-45db-b3c3-ee1d25f73c3d|rpc:10.1.0.52:15103|admin:10.1.0.52:15102|client:10.1.0.52:15101|dataStream:10.1.0.52:15104|priority:1|startupRole:FOLLOWER]|listeners:[], old=null, confs=<EMPTY_MAP>
2023-08-25 11:34:50,939 [3bcb9728-7d1d-45db-b3c3-ee1d25f73c3d-groupManagement] INFO  server.RaftServerConfigKeys (ConfUtils.java:logGet(46)) - raft.server.storage.dir = [/home/runner/work/ozone/ozone/hadoop-ozone/integration-test/target/test-dir/MiniOzoneClusterImpl-36fc3352-0e59-45fd-a08b-0e99224ecb60/datanode-4/data/ratis] (custom)
2023-08-25 11:34:50,939 [3bcb9728-7d1d-45db-b3c3-ee1d25f73c3d-groupManagement] INFO  server.RaftServerConfigKeys (ConfUtils.java:logGet(46)) - raft.server.log.corruption.policy = EXCEPTION (default)
2023-08-25 11:34:50,939 [3bcb9728-7d1d-45db-b3c3-ee1d25f73c3d-groupManagement] INFO  server.RaftServerConfigKeys (ConfUtils.java:logGet(46)) - raft.server.storage.free-space.min = 0MB (=0) (default)
2023-08-25 11:34:50,939 [3bcb9728-7d1d-45db-b3c3-ee1d25f73c3d-groupManagement] INFO  server.RaftServerConfigKeys (ConfUtils.java:logGet(46)) - raft.server.notification.no-leader.timeout = 300s (custom)
2023-08-25 11:34:50,939 [3bcb9728-7d1d-45db-b3c3-ee1d25f73c3d-groupManagement] INFO  server.RaftServerConfigKeys (ConfUtils.java:logGet(46)) - raft.server.read.timeout = 10s (default)
2023-08-25 11:34:50,939 [3bcb9728-7d1d-45db-b3c3-ee1d25f73c3d-groupManagement] INFO  server.RaftServerConfigKeys (ConfUtils.java:logGet(46)) - raft.server.retrycache.expirytime = 600000ms (custom)
2023-08-25 11:34:50,939 [3bcb9728-7d1d-45db-b3c3-ee1d25f73c3d-groupManagement] INFO  server.RaftServerConfigKeys (ConfUtils.java:logGet(46)) - raft.server.retrycache.statistics.expirytime = 100μs (default)
2023-08-25 11:34:50,940 [3bcb9728-7d1d-45db-b3c3-ee1d25f73c3d-groupManagement] INFO  server.RaftServerConfigKeys (ConfUtils.java:logGet(46)) - raft.server.read.option = DEFAULT (default)
2023-08-25 11:34:50,937 [be1f1661-cb08-42a9-9c55-aeb71fb92a9a-groupManagement] INFO  server.RaftServerConfigKeys (ConfUtils.java:logGet(46)) - raft.server.rpc.request.timeout = 60s (custom)
2023-08-25 11:34:50,940 [be1f1661-cb08-42a9-9c55-aeb71fb92a9a-groupManagement] INFO  server.RaftServerConfigKeys (ConfUtils.java:logGet(46)) - raft.server.log.appender.install.snapshot.enabled = false (custom)
2023-08-25 11:34:50,940 [be1f1661-cb08-42a9-9c55-aeb71fb92a9a-groupManagement] INFO  server.RaftServerConfigKeys (ConfUtils.java:logGet(46)) - raft.server.threadpool.server.cached = true (default)
2023-08-25 11:34:50,940 [be1f1661-cb08-42a9-9c55-aeb71fb92a9a-groupManagement] INFO  server.RaftServerConfigKeys (ConfUtils.java:logGet(46)) - raft.server.threadpool.server.size = 0 (default)
2023-08-25 11:34:50,941 [3bcb9728-7d1d-45db-b3c3-ee1d25f73c3d-groupManagement] INFO  server.RaftServerConfigKeys (ConfUtils.java:logGet(46)) - raft.server.rpc.request.timeout = 60s (custom)
2023-08-25 11:34:50,941 [3bcb9728-7d1d-45db-b3c3-ee1d25f73c3d-groupManagement] INFO  server.RaftServerConfigKeys (ConfUtils.java:logGet(46)) - raft.server.log.appender.install.snapshot.enabled = false (custom)
2023-08-25 11:34:50,941 [3bcb9728-7d1d-45db-b3c3-ee1d25f73c3d-groupManagement] INFO  server.RaftServerConfigKeys (ConfUtils.java:logGet(46)) - raft.server.threadpool.server.cached = true (default)
2023-08-25 11:34:50,941 [3bcb9728-7d1d-45db-b3c3-ee1d25f73c3d-groupManagement] INFO  server.RaftServerConfigKeys (ConfUtils.java:logGet(46)) - raft.server.threadpool.server.size = 0 (default)
2023-08-25 11:34:50,941 [be1f1661-cb08-42a9-9c55-aeb71fb92a9a-groupManagement] INFO  server.RaftServerConfigKeys (ConfUtils.java:logGet(46)) - raft.server.threadpool.client.cached = true (default)
2023-08-25 11:34:50,941 [be1f1661-cb08-42a9-9c55-aeb71fb92a9a-groupManagement] INFO  server.RaftServerConfigKeys (ConfUtils.java:logGet(46)) - raft.server.threadpool.client.size = 0 (default)
2023-08-25 11:34:50,942 [be1f1661-cb08-42a9-9c55-aeb71fb92a9a-groupManagement] INFO  storage.RaftStorageDirectory (RaftStorageDirectoryImpl.java:analyzeStorage(137)) - The storage directory /home/runner/work/ozone/ozone/hadoop-ozone/integration-test/target/test-dir/MiniOzoneClusterImpl-36fc3352-0e59-45fd-a08b-0e99224ecb60/datanode-3/data/ratis/5e96b9db-8150-42c2-8cbd-9952d11eaa9a does not exist. Creating ...
2023-08-25 11:34:50,943 [3bcb9728-7d1d-45db-b3c3-ee1d25f73c3d-groupManagement] INFO  server.RaftServerConfigKeys (ConfUtils.java:logGet(46)) - raft.server.threadpool.client.cached = true (default)
2023-08-25 11:34:50,943 [3bcb9728-7d1d-45db-b3c3-ee1d25f73c3d-groupManagement] INFO  server.RaftServerConfigKeys (ConfUtils.java:logGet(46)) - raft.server.threadpool.client.size = 0 (default)
2023-08-25 11:34:50,943 [be1f1661-cb08-42a9-9c55-aeb71fb92a9a-groupManagement] INFO  storage.RaftStorageDirectory (RaftStorageDirectoryImpl.java:tryLock(231)) - Lock on /home/runner/work/ozone/ozone/hadoop-ozone/integration-test/target/test-dir/MiniOzoneClusterImpl-36fc3352-0e59-45fd-a08b-0e99224ecb60/datanode-3/data/ratis/5e96b9db-8150-42c2-8cbd-9952d11eaa9a/in_use.lock acquired by nodename 61563@fv-az508-118
2023-08-25 11:34:50,944 [3bcb9728-7d1d-45db-b3c3-ee1d25f73c3d-groupManagement] INFO  storage.RaftStorageDirectory (RaftStorageDirectoryImpl.java:analyzeStorage(137)) - The storage directory /home/runner/work/ozone/ozone/hadoop-ozone/integration-test/target/test-dir/MiniOzoneClusterImpl-36fc3352-0e59-45fd-a08b-0e99224ecb60/datanode-4/data/ratis/f2917375-887d-4bd3-b0fd-ca236cec735e does not exist. Creating ...
2023-08-25 11:34:50,946 [be1f1661-cb08-42a9-9c55-aeb71fb92a9a-groupManagement] INFO  storage.RaftStorage (RaftStorageImpl.java:format(96)) - Storage directory /home/runner/work/ozone/ozone/hadoop-ozone/integration-test/target/test-dir/MiniOzoneClusterImpl-36fc3352-0e59-45fd-a08b-0e99224ecb60/datanode-3/data/ratis/5e96b9db-8150-42c2-8cbd-9952d11eaa9a has been successfully formatted.
2023-08-25 11:34:50,946 [3bcb9728-7d1d-45db-b3c3-ee1d25f73c3d-groupManagement] INFO  storage.RaftStorageDirectory (RaftStorageDirectoryImpl.java:tryLock(231)) - Lock on /home/runner/work/ozone/ozone/hadoop-ozone/integration-test/target/test-dir/MiniOzoneClusterImpl-36fc3352-0e59-45fd-a08b-0e99224ecb60/datanode-4/data/ratis/f2917375-887d-4bd3-b0fd-ca236cec735e/in_use.lock acquired by nodename 61563@fv-az508-118
2023-08-25 11:34:50,949 [3bcb9728-7d1d-45db-b3c3-ee1d25f73c3d-groupManagement] INFO  storage.RaftStorage (RaftStorageImpl.java:format(96)) - Storage directory /home/runner/work/ozone/ozone/hadoop-ozone/integration-test/target/test-dir/MiniOzoneClusterImpl-36fc3352-0e59-45fd-a08b-0e99224ecb60/datanode-4/data/ratis/f2917375-887d-4bd3-b0fd-ca236cec735e has been successfully formatted.
2023-08-25 11:34:50,957 [be1f1661-cb08-42a9-9c55-aeb71fb92a9a-groupManagement] INFO  ratis.ContainerStateMachine (ContainerStateMachine.java:loadSnapshot(262)) - group-9952D11EAA9A: The snapshot info is null. Setting the last applied indexto:(t:0, i:~)
2023-08-25 11:34:50,958 [be1f1661-cb08-42a9-9c55-aeb71fb92a9a-groupManagement] INFO  server.RaftServerConfigKeys (ConfUtils.java:logGet(46)) - raft.server.log.use.memory = false (default)
2023-08-25 11:34:50,957 [3bcb9728-7d1d-45db-b3c3-ee1d25f73c3d-groupManagement] INFO  ratis.ContainerStateMachine (ContainerStateMachine.java:loadSnapshot(262)) - group-CA236CEC735E: The snapshot info is null. Setting the last applied indexto:(t:0, i:~)
2023-08-25 11:34:50,959 [EventQueue-PipelineReportForPipelineReportHandler] INFO  pipeline.PipelineReportHandler (PipelineReportHandler.java:processPipelineReport(136)) - Opened pipeline PipelineID=5e96b9db-8150-42c2-8cbd-9952d11eaa9a
2023-08-25 11:34:50,961 [3bcb9728-7d1d-45db-b3c3-ee1d25f73c3d-groupManagement] INFO  server.RaftServerConfigKeys (ConfUtils.java:logGet(46)) - raft.server.log.use.memory = false (default)
2023-08-25 11:34:50,962 [3bcb9728-7d1d-45db-b3c3-ee1d25f73c3d-groupManagement] INFO  server.RaftServerConfigKeys (ConfUtils.java:logGet(46)) - raft.server.log.purge.gap = 1000000 (custom)
2023-08-25 11:34:50,962 [3bcb9728-7d1d-45db-b3c3-ee1d25f73c3d-groupManagement] INFO  server.RaftServerConfigKeys (ConfUtils.java:logGet(46)) - raft.server.log.appender.buffer.byte-limit = 33554432 (custom)
2023-08-25 11:34:50,962 [EventQueue-PipelineReportForPipelineReportHandler] INFO  pipeline.PipelineReportHandler (PipelineReportHandler.java:processPipelineReport(136)) - Opened pipeline PipelineID=f2917375-887d-4bd3-b0fd-ca236cec735e
2023-08-25 11:34:50,962 [3bcb9728-7d1d-45db-b3c3-ee1d25f73c3d-groupManagement] INFO  server.RaftServerConfigKeys (ConfUtils.java:logGet(46)) - raft.server.log.statemachine.data.read.timeout = 1000ms (default)
2023-08-25 11:34:50,962 [EventQueue-OpenPipelineForHealthyPipelineSafeModeRule] INFO  safemode.SCMSafeModeManager (HealthyPipelineSafeModeRule.java:process(137)) - SCM in safe mode. Healthy pipelines reported count is 0, required healthy pipeline reported count is 1
2023-08-25 11:34:50,962 [3bcb9728-7d1d-45db-b3c3-ee1d25f73c3d-groupManagement] INFO  server.RaftServerConfigKeys (ConfUtils.java:logGet(46)) - raft.server.log.purge.preservation.log.num = 0 (default)
2023-08-25 11:34:50,962 [EventQueue-OpenPipelineForHealthyPipelineSafeModeRule] INFO  safemode.SCMSafeModeManager (HealthyPipelineSafeModeRule.java:process(137)) - SCM in safe mode. Healthy pipelines reported count is 0, required healthy pipeline reported count is 1
2023-08-25 11:34:50,962 [be1f1661-cb08-42a9-9c55-aeb71fb92a9a-groupManagement] INFO  server.RaftServerConfigKeys (ConfUtils.java:logGet(46)) - raft.server.log.purge.gap = 1000000 (custom)
2023-08-25 11:34:50,962 [be1f1661-cb08-42a9-9c55-aeb71fb92a9a-groupManagement] INFO  server.RaftServerConfigKeys (ConfUtils.java:logGet(46)) - raft.server.log.appender.buffer.byte-limit = 33554432 (custom)
2023-08-25 11:34:50,962 [3bcb9728-7d1d-45db-b3c3-ee1d25f73c3d-groupManagement] INFO  server.RaftServerConfigKeys (ConfUtils.java:logGet(46)) - raft.server.log.segment.size.max = 1048576 (custom)
2023-08-25 11:34:50,963 [3bcb9728-7d1d-45db-b3c3-ee1d25f73c3d-groupManagement] INFO  server.RaftServerConfigKeys (ConfUtils.java:logGet(46)) - raft.server.log.segment.cache.num.max = 2 (custom)
2023-08-25 11:34:50,963 [3bcb9728-7d1d-45db-b3c3-ee1d25f73c3d-groupManagement] INFO  server.RaftServerConfigKeys (ConfUtils.java:logGet(46)) - raft.server.log.segment.cache.size.max = 200MB (=209715200) (default)
2023-08-25 11:34:50,963 [3bcb9728-7d1d-45db-b3c3-ee1d25f73c3d-groupManagement] INFO  server.RaftServerConfigKeys (ConfUtils.java:logGet(46)) - raft.server.log.appender.buffer.byte-limit = 33554432 (custom)
2023-08-25 11:34:50,963 [3bcb9728-7d1d-45db-b3c3-ee1d25f73c3d-groupManagement] INFO  segmented.SegmentedRaftLogWorker (SegmentedRaftLogWorker.java:<init>(188)) - new 3bcb9728-7d1d-45db-b3c3-ee1d25f73c3d@group-CA236CEC735E-SegmentedRaftLogWorker for RaftStorageImpl:Storage Directory /home/runner/work/ozone/ozone/hadoop-ozone/integration-test/target/test-dir/MiniOzoneClusterImpl-36fc3352-0e59-45fd-a08b-0e99224ecb60/datanode-4/data/ratis/f2917375-887d-4bd3-b0fd-ca236cec735e
2023-08-25 11:34:50,963 [3bcb9728-7d1d-45db-b3c3-ee1d25f73c3d-groupManagement] INFO  server.RaftServerConfigKeys (ConfUtils.java:logGet(46)) - raft.server.log.queue.byte-limit = 4294967296 (custom)
2023-08-25 11:34:50,963 [3bcb9728-7d1d-45db-b3c3-ee1d25f73c3d-groupManagement] INFO  server.RaftServerConfigKeys (ConfUtils.java:logGet(46)) - raft.server.log.queue.element-limit = 1024 (custom)
2023-08-25 11:34:50,963 [3bcb9728-7d1d-45db-b3c3-ee1d25f73c3d-groupManagement] INFO  server.RaftServerConfigKeys (ConfUtils.java:logGet(46)) - raft.server.log.segment.size.max = 1048576 (custom)
2023-08-25 11:34:50,963 [3bcb9728-7d1d-45db-b3c3-ee1d25f73c3d-groupManagement] INFO  server.RaftServerConfigKeys (ConfUtils.java:logGet(46)) - raft.server.log.preallocated.size = 16384 (custom)
2023-08-25 11:34:50,964 [3bcb9728-7d1d-45db-b3c3-ee1d25f73c3d-groupManagement] INFO  server.RaftServerConfigKeys (ConfUtils.java:logGet(46)) - raft.server.log.force.sync.num = 128 (default)
2023-08-25 11:34:50,964 [3bcb9728-7d1d-45db-b3c3-ee1d25f73c3d-groupManagement] INFO  server.RaftServerConfigKeys (ConfUtils.java:logGet(46)) - raft.server.log.statemachine.data.sync = true (default)
2023-08-25 11:34:50,964 [3bcb9728-7d1d-45db-b3c3-ee1d25f73c3d-groupManagement] INFO  server.RaftServerConfigKeys (ConfUtils.java:logGet(46)) - raft.server.log.statemachine.data.sync.timeout = 10s (default)
2023-08-25 11:34:50,964 [3bcb9728-7d1d-45db-b3c3-ee1d25f73c3d-groupManagement] INFO  server.RaftServerConfigKeys (ConfUtils.java:logGet(46)) - raft.server.log.statemachine.data.sync.timeout.retry = -1 (default)
2023-08-25 11:34:50,965 [3bcb9728-7d1d-45db-b3c3-ee1d25f73c3d-groupManagement] INFO  server.RaftServerConfigKeys (ConfUtils.java:logGet(46)) - raft.server.log.write.buffer.size = 1048576 (custom)
2023-08-25 11:34:50,966 [3bcb9728-7d1d-45db-b3c3-ee1d25f73c3d-groupManagement] INFO  server.RaftServerConfigKeys (ConfUtils.java:logGet(46)) - raft.server.log.appender.buffer.byte-limit = 33554432 (custom)
2023-08-25 11:34:50,963 [be1f1661-cb08-42a9-9c55-aeb71fb92a9a-groupManagement] INFO  server.RaftServerConfigKeys (ConfUtils.java:logGet(46)) - raft.server.log.statemachine.data.read.timeout = 1000ms (default)
2023-08-25 11:34:50,969 [be1f1661-cb08-42a9-9c55-aeb71fb92a9a-groupManagement] INFO  server.RaftServerConfigKeys (ConfUtils.java:logGet(46)) - raft.server.log.purge.preservation.log.num = 0 (default)
2023-08-25 11:34:50,970 [be1f1661-cb08-42a9-9c55-aeb71fb92a9a-groupManagement] INFO  server.RaftServerConfigKeys (ConfUtils.java:logGet(46)) - raft.server.log.segment.size.max = 1048576 (custom)
2023-08-25 11:34:50,970 [be1f1661-cb08-42a9-9c55-aeb71fb92a9a-groupManagement] INFO  server.RaftServerConfigKeys (ConfUtils.java:logGet(46)) - raft.server.log.segment.cache.num.max = 2 (custom)
2023-08-25 11:34:50,970 [be1f1661-cb08-42a9-9c55-aeb71fb92a9a-groupManagement] INFO  server.RaftServerConfigKeys (ConfUtils.java:logGet(46)) - raft.server.log.segment.cache.size.max = 200MB (=209715200) (default)
2023-08-25 11:34:50,970 [be1f1661-cb08-42a9-9c55-aeb71fb92a9a-groupManagement] INFO  server.RaftServerConfigKeys (ConfUtils.java:logGet(46)) - raft.server.log.appender.buffer.byte-limit = 33554432 (custom)
2023-08-25 11:34:50,970 [be1f1661-cb08-42a9-9c55-aeb71fb92a9a-groupManagement] INFO  segmented.SegmentedRaftLogWorker (SegmentedRaftLogWorker.java:<init>(188)) - new be1f1661-cb08-42a9-9c55-aeb71fb92a9a@group-9952D11EAA9A-SegmentedRaftLogWorker for RaftStorageImpl:Storage Directory /home/runner/work/ozone/ozone/hadoop-ozone/integration-test/target/test-dir/MiniOzoneClusterImpl-36fc3352-0e59-45fd-a08b-0e99224ecb60/datanode-3/data/ratis/5e96b9db-8150-42c2-8cbd-9952d11eaa9a
2023-08-25 11:34:50,970 [be1f1661-cb08-42a9-9c55-aeb71fb92a9a-groupManagement] INFO  server.RaftServerConfigKeys (ConfUtils.java:logGet(46)) - raft.server.log.queue.byte-limit = 4294967296 (custom)
2023-08-25 11:34:50,970 [be1f1661-cb08-42a9-9c55-aeb71fb92a9a-groupManagement] INFO  server.RaftServerConfigKeys (ConfUtils.java:logGet(46)) - raft.server.log.queue.element-limit = 1024 (custom)
2023-08-25 11:34:50,970 [be1f1661-cb08-42a9-9c55-aeb71fb92a9a-groupManagement] INFO  server.RaftServerConfigKeys (ConfUtils.java:logGet(46)) - raft.server.log.segment.size.max = 1048576 (custom)
2023-08-25 11:34:50,970 [be1f1661-cb08-42a9-9c55-aeb71fb92a9a-groupManagement] INFO  server.RaftServerConfigKeys (ConfUtils.java:logGet(46)) - raft.server.log.preallocated.size = 16384 (custom)
2023-08-25 11:34:50,970 [be1f1661-cb08-42a9-9c55-aeb71fb92a9a-groupManagement] INFO  server.RaftServerConfigKeys (ConfUtils.java:logGet(46)) - raft.server.log.force.sync.num = 128 (default)
2023-08-25 11:34:50,971 [be1f1661-cb08-42a9-9c55-aeb71fb92a9a-groupManagement] INFO  server.RaftServerConfigKeys (ConfUtils.java:logGet(46)) - raft.server.log.statemachine.data.sync = true (default)
2023-08-25 11:34:50,971 [be1f1661-cb08-42a9-9c55-aeb71fb92a9a-groupManagement] INFO  server.RaftServerConfigKeys (ConfUtils.java:logGet(46)) - raft.server.log.statemachine.data.sync.timeout = 10s (default)
2023-08-25 11:34:50,971 [be1f1661-cb08-42a9-9c55-aeb71fb92a9a-groupManagement] INFO  server.RaftServerConfigKeys (ConfUtils.java:logGet(46)) - raft.server.log.statemachine.data.sync.timeout.retry = -1 (default)
2023-08-25 11:34:50,971 [be1f1661-cb08-42a9-9c55-aeb71fb92a9a-groupManagement] INFO  server.RaftServerConfigKeys (ConfUtils.java:logGet(46)) - raft.server.log.write.buffer.size = 1048576 (custom)
2023-08-25 11:34:50,972 [be1f1661-cb08-42a9-9c55-aeb71fb92a9a-groupManagement] INFO  server.RaftServerConfigKeys (ConfUtils.java:logGet(46)) - raft.server.log.appender.buffer.byte-limit = 33554432 (custom)
2023-08-25 11:34:50,976 [3bcb9728-7d1d-45db-b3c3-ee1d25f73c3d-groupManagement] INFO  server.RaftServerConfigKeys (ConfUtils.java:logGet(46)) - raft.server.log.unsafe-flush.enabled = false (default)
2023-08-25 11:34:50,978 [3bcb9728-7d1d-45db-b3c3-ee1d25f73c3d-groupManagement] INFO  server.RaftServerConfigKeys (ConfUtils.java:logGet(46)) - raft.server.log.async-flush.enabled = false (default)
2023-08-25 11:34:50,978 [3bcb9728-7d1d-45db-b3c3-ee1d25f73c3d-groupManagement] INFO  server.RaftServerConfigKeys (ConfUtils.java:logGet(46)) - raft.server.log.statemachine.data.caching.enabled = true (custom)
2023-08-25 11:34:50,978 [3bcb9728-7d1d-45db-b3c3-ee1d25f73c3d-groupManagement] INFO  segmented.SegmentedRaftLogWorker (SegmentedRaftLogWorker.java:lambda$new$0(135)) - 3bcb9728-7d1d-45db-b3c3-ee1d25f73c3d@group-CA236CEC735E-SegmentedRaftLogWorker: flushIndex: setUnconditionally 0 -> -1
2023-08-25 11:34:50,978 [3bcb9728-7d1d-45db-b3c3-ee1d25f73c3d-groupManagement] INFO  segmented.SegmentedRaftLogWorker (SegmentedRaftLogWorker.java:lambda$new$0(135)) - 3bcb9728-7d1d-45db-b3c3-ee1d25f73c3d@group-CA236CEC735E-SegmentedRaftLogWorker: safeCacheEvictIndex: setUnconditionally 0 -> -1
2023-08-25 11:34:50,982 [be1f1661-cb08-42a9-9c55-aeb71fb92a9a-groupManagement] INFO  server.RaftServerConfigKeys (ConfUtils.java:logGet(46)) - raft.server.log.unsafe-flush.enabled = false (default)
2023-08-25 11:34:50,982 [be1f1661-cb08-42a9-9c55-aeb71fb92a9a-groupManagement] INFO  server.RaftServerConfigKeys (ConfUtils.java:logGet(46)) - raft.server.log.async-flush.enabled = false (default)
2023-08-25 11:34:50,982 [be1f1661-cb08-42a9-9c55-aeb71fb92a9a-groupManagement] INFO  server.RaftServerConfigKeys (ConfUtils.java:logGet(46)) - raft.server.log.statemachine.data.caching.enabled = true (custom)
2023-08-25 11:34:50,982 [be1f1661-cb08-42a9-9c55-aeb71fb92a9a-groupManagement] INFO  segmented.SegmentedRaftLogWorker (SegmentedRaftLogWorker.java:lambda$new$0(135)) - be1f1661-cb08-42a9-9c55-aeb71fb92a9a@group-9952D11EAA9A-SegmentedRaftLogWorker: flushIndex: setUnconditionally 0 -> -1
2023-08-25 11:34:50,982 [be1f1661-cb08-42a9-9c55-aeb71fb92a9a-groupManagement] INFO  segmented.SegmentedRaftLogWorker (SegmentedRaftLogWorker.java:lambda$new$0(135)) - be1f1661-cb08-42a9-9c55-aeb71fb92a9a@group-9952D11EAA9A-SegmentedRaftLogWorker: safeCacheEvictIndex: setUnconditionally 0 -> -1
2023-08-25 11:34:50,983 [3bcb9728-7d1d-45db-b3c3-ee1d25f73c3d-groupManagement] INFO  server.RaftServer$Division (RaftServerImpl.java:start(342)) - 3bcb9728-7d1d-45db-b3c3-ee1d25f73c3d@group-CA236CEC735E: start as a follower, conf=-1: peers:[3bcb9728-7d1d-45db-b3c3-ee1d25f73c3d|rpc:10.1.0.52:15103|admin:10.1.0.52:15102|client:10.1.0.52:15101|dataStream:10.1.0.52:15104|priority:1|startupRole:FOLLOWER]|listeners:[], old=null
2023-08-25 11:34:50,983 [3bcb9728-7d1d-45db-b3c3-ee1d25f73c3d-groupManagement] INFO  server.RaftServer$Division (RaftServerImpl.java:setRole(329)) - 3bcb9728-7d1d-45db-b3c3-ee1d25f73c3d@group-CA236CEC735E: changes role from      null to FOLLOWER at term 0 for startAsFollower
2023-08-25 11:34:50,989 [3bcb9728-7d1d-45db-b3c3-ee1d25f73c3d-groupManagement] INFO  impl.RoleInfo (RoleInfo.java:updateAndGet(139)) - 3bcb9728-7d1d-45db-b3c3-ee1d25f73c3d: start 3bcb9728-7d1d-45db-b3c3-ee1d25f73c3d@group-CA236CEC735E-FollowerState
2023-08-25 11:34:50,989 [be1f1661-cb08-42a9-9c55-aeb71fb92a9a-groupManagement] INFO  server.RaftServer$Division (RaftServerImpl.java:start(342)) - be1f1661-cb08-42a9-9c55-aeb71fb92a9a@group-9952D11EAA9A: start as a follower, conf=-1: peers:[be1f1661-cb08-42a9-9c55-aeb71fb92a9a|rpc:10.1.0.52:15094|admin:10.1.0.52:15093|client:10.1.0.52:15092|dataStream:10.1.0.52:15095|priority:1|startupRole:FOLLOWER]|listeners:[], old=null
2023-08-25 11:34:50,989 [be1f1661-cb08-42a9-9c55-aeb71fb92a9a-groupManagement] INFO  server.RaftServer$Division (RaftServerImpl.java:setRole(329)) - be1f1661-cb08-42a9-9c55-aeb71fb92a9a@group-9952D11EAA9A: changes role from      null to FOLLOWER at term 0 for startAsFollower
2023-08-25 11:34:50,993 [be1f1661-cb08-42a9-9c55-aeb71fb92a9a-groupManagement] INFO  impl.RoleInfo (RoleInfo.java:updateAndGet(139)) - be1f1661-cb08-42a9-9c55-aeb71fb92a9a: start be1f1661-cb08-42a9-9c55-aeb71fb92a9a@group-9952D11EAA9A-FollowerState
2023-08-25 11:34:50,993 [3bcb9728-7d1d-45db-b3c3-ee1d25f73c3d-groupManagement] INFO  util.JmxRegister (JmxRegister.java:tryRegister(44)) - Successfully registered JMX Bean with object name Ratis:service=RaftServer,group=group-CA236CEC735E,id=3bcb9728-7d1d-45db-b3c3-ee1d25f73c3d
2023-08-25 11:34:50,993 [3bcb9728-7d1d-45db-b3c3-ee1d25f73c3d-groupManagement] INFO  server.RaftServerConfigKeys (ConfUtils.java:logGet(46)) - raft.server.snapshot.auto.trigger.enabled = true (custom)
2023-08-25 11:34:50,993 [3bcb9728-7d1d-45db-b3c3-ee1d25f73c3d-groupManagement] INFO  server.RaftServerConfigKeys (ConfUtils.java:logGet(46)) - raft.server.snapshot.auto.trigger.threshold = 10000 (custom)
2023-08-25 11:34:50,993 [3bcb9728-7d1d-45db-b3c3-ee1d25f73c3d-groupManagement] INFO  server.RaftServerConfigKeys (ConfUtils.java:logGet(46)) - raft.server.snapshot.retention.file.num = 5 (custom)
2023-08-25 11:34:50,993 [3bcb9728-7d1d-45db-b3c3-ee1d25f73c3d-groupManagement] INFO  server.RaftServerConfigKeys (ConfUtils.java:logGet(46)) - raft.server.log.purge.upto.snapshot.index = false (default)
2023-08-25 11:34:50,993 [3bcb9728-7d1d-45db-b3c3-ee1d25f73c3d@group-CA236CEC735E-FollowerState] INFO  server.RaftServerConfigKeys (ConfUtils.java:logFallback(53)) - raft.server.rpc.first-election.timeout.min = 5s (fallback to raft.server.rpc.timeout.min)
2023-08-25 11:34:50,994 [3bcb9728-7d1d-45db-b3c3-ee1d25f73c3d@group-CA236CEC735E-FollowerState] INFO  server.RaftServerConfigKeys (ConfUtils.java:logFallback(53)) - raft.server.rpc.first-election.timeout.max = 5200ms (fallback to raft.server.rpc.timeout.max)
2023-08-25 11:34:50,998 [be1f1661-cb08-42a9-9c55-aeb71fb92a9a-groupManagement] INFO  util.JmxRegister (JmxRegister.java:tryRegister(44)) - Successfully registered JMX Bean with object name Ratis:service=RaftServer,group=group-9952D11EAA9A,id=be1f1661-cb08-42a9-9c55-aeb71fb92a9a
2023-08-25 11:34:50,998 [be1f1661-cb08-42a9-9c55-aeb71fb92a9a-groupManagement] INFO  server.RaftServerConfigKeys (ConfUtils.java:logGet(46)) - raft.server.snapshot.auto.trigger.enabled = true (custom)
2023-08-25 11:34:50,998 [be1f1661-cb08-42a9-9c55-aeb71fb92a9a-groupManagement] INFO  server.RaftServerConfigKeys (ConfUtils.java:logGet(46)) - raft.server.snapshot.auto.trigger.threshold = 10000 (custom)
2023-08-25 11:34:50,998 [be1f1661-cb08-42a9-9c55-aeb71fb92a9a-groupManagement] INFO  server.RaftServerConfigKeys (ConfUtils.java:logGet(46)) - raft.server.snapshot.retention.file.num = 5 (custom)
2023-08-25 11:34:50,998 [be1f1661-cb08-42a9-9c55-aeb71fb92a9a-groupManagement] INFO  server.RaftServerConfigKeys (ConfUtils.java:logGet(46)) - raft.server.log.purge.upto.snapshot.index = false (default)
2023-08-25 11:34:50,999 [be1f1661-cb08-42a9-9c55-aeb71fb92a9a@group-9952D11EAA9A-FollowerState] INFO  server.RaftServerConfigKeys (ConfUtils.java:logFallback(53)) - raft.server.rpc.first-election.timeout.min = 5s (fallback to raft.server.rpc.timeout.min)
2023-08-25 11:34:50,999 [be1f1661-cb08-42a9-9c55-aeb71fb92a9a@group-9952D11EAA9A-FollowerState] INFO  server.RaftServerConfigKeys (ConfUtils.java:logFallback(53)) - raft.server.rpc.first-election.timeout.max = 5200ms (fallback to raft.server.rpc.timeout.max)
2023-08-25 11:34:51,002 [PipelineCommandHandlerThread-0] INFO  ratis.XceiverServerRatis (XceiverServerRatis.java:addGroup(804)) - Created group PipelineID=5e96b9db-8150-42c2-8cbd-9952d11eaa9a
2023-08-25 11:34:51,002 [PipelineCommandHandlerThread-0] INFO  commandhandler.CreatePipelineCommandHandler (CreatePipelineCommandHandler.java:lambda$handle$2(124)) - Created Pipeline RATIS ONE PipelineID=5e96b9db-8150-42c2-8cbd-9952d11eaa9a.
2023-08-25 11:34:51,002 [PipelineCommandHandlerThread-0] INFO  ratis.XceiverServerRatis (XceiverServerRatis.java:addGroup(804)) - Created group PipelineID=f2917375-887d-4bd3-b0fd-ca236cec735e
2023-08-25 11:34:51,002 [PipelineCommandHandlerThread-0] INFO  commandhandler.CreatePipelineCommandHandler (CreatePipelineCommandHandler.java:lambda$handle$2(124)) - Created Pipeline RATIS ONE PipelineID=f2917375-887d-4bd3-b0fd-ca236cec735e.
2023-08-25 11:34:51,908 [main] INFO  ozone.MiniOzoneClusterImpl (MiniOzoneClusterImpl.java:lambda$waitForClusterToBeReady$0(224)) - Nodes are ready. Got 5 of 5 DN Heartbeats.
2023-08-25 11:34:51,908 [main] INFO  ozone.MiniOzoneClusterImpl (MiniOzoneClusterImpl.java:lambda$waitForClusterToBeReady$0(227)) - Waiting for cluster to exit safe mode
2023-08-25 11:34:51,908 [main] INFO  ozone.MiniOzoneClusterImpl (MiniOzoneClusterImpl.java:lambda$waitForClusterToBeReady$0(229)) - SCM became leader
2023-08-25 11:34:52,909 [main] INFO  ozone.MiniOzoneClusterImpl (MiniOzoneClusterImpl.java:lambda$waitForClusterToBeReady$0(224)) - Nodes are ready. Got 5 of 5 DN Heartbeats.
2023-08-25 11:34:52,909 [main] INFO  ozone.MiniOzoneClusterImpl (MiniOzoneClusterImpl.java:lambda$waitForClusterToBeReady$0(227)) - Waiting for cluster to exit safe mode
2023-08-25 11:34:52,910 [main] INFO  ozone.MiniOzoneClusterImpl (MiniOzoneClusterImpl.java:lambda$waitForClusterToBeReady$0(229)) - SCM became leader
2023-08-25 11:34:53,910 [main] INFO  ozone.MiniOzoneClusterImpl (MiniOzoneClusterImpl.java:lambda$waitForClusterToBeReady$0(224)) - Nodes are ready. Got 5 of 5 DN Heartbeats.
2023-08-25 11:34:53,910 [main] INFO  ozone.MiniOzoneClusterImpl (MiniOzoneClusterImpl.java:lambda$waitForClusterToBeReady$0(227)) - Waiting for cluster to exit safe mode
2023-08-25 11:34:53,910 [main] INFO  ozone.MiniOzoneClusterImpl (MiniOzoneClusterImpl.java:lambda$waitForClusterToBeReady$0(229)) - SCM became leader
2023-08-25 11:34:54,436 [85c49798-3560-4dc9-a596-09ecbe4a8df4@group-D8CCD606C082-FollowerState] INFO  impl.FollowerState (FollowerState.java:run(143)) - 85c49798-3560-4dc9-a596-09ecbe4a8df4@group-D8CCD606C082-FollowerState: change to CANDIDATE, lastRpcElapsedTime:5066759583ns, electionTimeout:5066ms
2023-08-25 11:34:54,436 [16866294-0bab-4ae5-8da9-294ec4800f35@group-D8CCD606C082-FollowerState] INFO  impl.FollowerState (FollowerState.java:run(143)) - 16866294-0bab-4ae5-8da9-294ec4800f35@group-D8CCD606C082-FollowerState: change to CANDIDATE, lastRpcElapsedTime:5109266579ns, electionTimeout:5104ms
2023-08-25 11:34:54,436 [85c49798-3560-4dc9-a596-09ecbe4a8df4@group-D8CCD606C082-FollowerState] INFO  impl.RoleInfo (RoleInfo.java:shutdownFollowerState(110)) - 85c49798-3560-4dc9-a596-09ecbe4a8df4: shutdown 85c49798-3560-4dc9-a596-09ecbe4a8df4@group-D8CCD606C082-FollowerState
2023-08-25 11:34:54,436 [16866294-0bab-4ae5-8da9-294ec4800f35@group-D8CCD606C082-FollowerState] INFO  impl.RoleInfo (RoleInfo.java:shutdownFollowerState(110)) - 16866294-0bab-4ae5-8da9-294ec4800f35: shutdown 16866294-0bab-4ae5-8da9-294ec4800f35@group-D8CCD606C082-FollowerState
2023-08-25 11:34:54,437 [85c49798-3560-4dc9-a596-09ecbe4a8df4@group-D8CCD606C082-FollowerState] INFO  server.RaftServer$Division (RaftServerImpl.java:setRole(329)) - 85c49798-3560-4dc9-a596-09ecbe4a8df4@group-D8CCD606C082: changes role from  FOLLOWER to CANDIDATE at term 0 for changeToCandidate
2023-08-25 11:34:54,437 [16866294-0bab-4ae5-8da9-294ec4800f35@group-D8CCD606C082-FollowerState] INFO  server.RaftServer$Division (RaftServerImpl.java:setRole(329)) - 16866294-0bab-4ae5-8da9-294ec4800f35@group-D8CCD606C082: changes role from  FOLLOWER to CANDIDATE at term 0 for changeToCandidate
2023-08-25 11:34:54,437 [85c49798-3560-4dc9-a596-09ecbe4a8df4@group-D8CCD606C082-FollowerState] INFO  server.RaftServerConfigKeys (ConfUtils.java:logGet(46)) - raft.server.leaderelection.pre-vote = true (default)
2023-08-25 11:34:54,437 [16866294-0bab-4ae5-8da9-294ec4800f35@group-D8CCD606C082-FollowerState] INFO  server.RaftServerConfigKeys (ConfUtils.java:logGet(46)) - raft.server.leaderelection.pre-vote = true (default)
2023-08-25 11:34:54,437 [16866294-0bab-4ae5-8da9-294ec4800f35@group-D8CCD606C082-FollowerState] INFO  impl.RoleInfo (RoleInfo.java:updateAndGet(139)) - 16866294-0bab-4ae5-8da9-294ec4800f35: start 16866294-0bab-4ae5-8da9-294ec4800f35@group-D8CCD606C082-LeaderElection12
2023-08-25 11:34:54,437 [85c49798-3560-4dc9-a596-09ecbe4a8df4@group-D8CCD606C082-FollowerState] INFO  impl.RoleInfo (RoleInfo.java:updateAndGet(139)) - 85c49798-3560-4dc9-a596-09ecbe4a8df4: start 85c49798-3560-4dc9-a596-09ecbe4a8df4@group-D8CCD606C082-LeaderElection11
2023-08-25 11:34:54,446 [16866294-0bab-4ae5-8da9-294ec4800f35@group-D8CCD606C082-LeaderElection12] INFO  impl.LeaderElection (LeaderElection.java:askForVotes(321)) - 16866294-0bab-4ae5-8da9-294ec4800f35@group-D8CCD606C082-LeaderElection12 PRE_VOTE round 0: submit vote requests at term 0 for -1: peers:[16866294-0bab-4ae5-8da9-294ec4800f35|rpc:10.1.0.52:15067|admin:10.1.0.52:15066|client:10.1.0.52:15065|dataStream:10.1.0.52:15068|priority:0|startupRole:FOLLOWER, 6fb87cf7-6010-4447-ac68-4b216325e026|rpc:10.1.0.52:15076|admin:10.1.0.52:15075|client:10.1.0.52:15074|dataStream:10.1.0.52:15077|priority:0|startupRole:FOLLOWER, 85c49798-3560-4dc9-a596-09ecbe4a8df4|rpc:10.1.0.52:15085|admin:10.1.0.52:15084|client:10.1.0.52:15083|dataStream:10.1.0.52:15086|priority:1|startupRole:FOLLOWER]|listeners:[], old=null
2023-08-25 11:34:54,447 [85c49798-3560-4dc9-a596-09ecbe4a8df4@group-D8CCD606C082-LeaderElection11] INFO  impl.LeaderElection (LeaderElection.java:askForVotes(321)) - 85c49798-3560-4dc9-a596-09ecbe4a8df4@group-D8CCD606C082-LeaderElection11 PRE_VOTE round 0: submit vote requests at term 0 for -1: peers:[16866294-0bab-4ae5-8da9-294ec4800f35|rpc:10.1.0.52:15067|admin:10.1.0.52:15066|client:10.1.0.52:15065|dataStream:10.1.0.52:15068|priority:0|startupRole:FOLLOWER, 6fb87cf7-6010-4447-ac68-4b216325e026|rpc:10.1.0.52:15076|admin:10.1.0.52:15075|client:10.1.0.52:15074|dataStream:10.1.0.52:15077|priority:0|startupRole:FOLLOWER, 85c49798-3560-4dc9-a596-09ecbe4a8df4|rpc:10.1.0.52:15085|admin:10.1.0.52:15084|client:10.1.0.52:15083|dataStream:10.1.0.52:15086|priority:1|startupRole:FOLLOWER]|listeners:[], old=null
2023-08-25 11:34:54,448 [16866294-0bab-4ae5-8da9-294ec4800f35@group-D8CCD606C082-LeaderElection12-1] INFO  server.GrpcServerProtocolClient (GrpcServerProtocolClient.java:<init>(65)) - Build channel for 6fb87cf7-6010-4447-ac68-4b216325e026
2023-08-25 11:34:54,450 [85c49798-3560-4dc9-a596-09ecbe4a8df4@group-D8CCD606C082-LeaderElection11-1] INFO  server.GrpcServerProtocolClient (GrpcServerProtocolClient.java:<init>(65)) - Build channel for 16866294-0bab-4ae5-8da9-294ec4800f35
2023-08-25 11:34:54,451 [85c49798-3560-4dc9-a596-09ecbe4a8df4@group-D8CCD606C082-LeaderElection11] INFO  server.RaftServerConfigKeys (ConfUtils.java:logFallback(53)) - raft.server.rpc.first-election.timeout.min = 5s (fallback to raft.server.rpc.timeout.min)
2023-08-25 11:34:54,451 [85c49798-3560-4dc9-a596-09ecbe4a8df4@group-D8CCD606C082-LeaderElection11] INFO  server.RaftServerConfigKeys (ConfUtils.java:logFallback(53)) - raft.server.rpc.first-election.timeout.max = 5200ms (fallback to raft.server.rpc.timeout.max)
2023-08-25 11:34:54,459 [16866294-0bab-4ae5-8da9-294ec4800f35@group-D8CCD606C082-LeaderElection12] INFO  server.RaftServerConfigKeys (ConfUtils.java:logFallback(53)) - raft.server.rpc.first-election.timeout.min = 5s (fallback to raft.server.rpc.timeout.min)
2023-08-25 11:34:54,459 [16866294-0bab-4ae5-8da9-294ec4800f35@group-D8CCD606C082-LeaderElection12] INFO  server.RaftServerConfigKeys (ConfUtils.java:logFallback(53)) - raft.server.rpc.first-election.timeout.max = 5200ms (fallback to raft.server.rpc.timeout.max)
2023-08-25 11:34:54,463 [grpc-default-executor-0] INFO  server.RaftServer$Division (RaftServerImpl.java:requestVote(1302)) - 16866294-0bab-4ae5-8da9-294ec4800f35@group-D8CCD606C082: receive requestVote(PRE_VOTE, 85c49798-3560-4dc9-a596-09ecbe4a8df4, group-D8CCD606C082, 0, (t:0, i:0))
2023-08-25 11:34:54,463 [grpc-default-executor-0] INFO  impl.VoteContext (VoteContext.java:log(49)) - 16866294-0bab-4ae5-8da9-294ec4800f35@group-D8CCD606C082-CANDIDATE: accept PRE_VOTE from 85c49798-3560-4dc9-a596-09ecbe4a8df4: our priority 0 <= candidate's priority 1
2023-08-25 11:34:54,463 [grpc-default-executor-0] INFO  server.RaftServer$Division (RaftServerImpl.java:requestVote(1335)) - 16866294-0bab-4ae5-8da9-294ec4800f35@group-D8CCD606C082 replies to PRE_VOTE vote request: 85c49798-3560-4dc9-a596-09ecbe4a8df4<-16866294-0bab-4ae5-8da9-294ec4800f35#0:OK-t0. Peer's state: 16866294-0bab-4ae5-8da9-294ec4800f35@group-D8CCD606C082:t0, leader=null, voted=, raftlog=Memoized:16866294-0bab-4ae5-8da9-294ec4800f35@group-D8CCD606C082-SegmentedRaftLog:OPENED:c-1, conf=-1: peers:[16866294-0bab-4ae5-8da9-294ec4800f35|rpc:10.1.0.52:15067|admin:10.1.0.52:15066|client:10.1.0.52:15065|dataStream:10.1.0.52:15068|priority:0|startupRole:FOLLOWER, 6fb87cf7-6010-4447-ac68-4b216325e026|rpc:10.1.0.52:15076|admin:10.1.0.52:15075|client:10.1.0.52:15074|dataStream:10.1.0.52:15077|priority:0|startupRole:FOLLOWER, 85c49798-3560-4dc9-a596-09ecbe4a8df4|rpc:10.1.0.52:15085|admin:10.1.0.52:15084|client:10.1.0.52:15083|dataStream:10.1.0.52:15086|priority:1|startupRole:FOLLOWER]|listeners:[], old=null
2023-08-25 11:34:54,464 [16866294-0bab-4ae5-8da9-294ec4800f35@group-D8CCD606C082-LeaderElection12-2] INFO  server.GrpcServerProtocolClient (GrpcServerProtocolClient.java:<init>(65)) - Build channel for 85c49798-3560-4dc9-a596-09ecbe4a8df4
2023-08-25 11:34:54,465 [85c49798-3560-4dc9-a596-09ecbe4a8df4@group-D8CCD606C082-LeaderElection11-2] INFO  server.GrpcServerProtocolClient (GrpcServerProtocolClient.java:<init>(65)) - Build channel for 6fb87cf7-6010-4447-ac68-4b216325e026
2023-08-25 11:34:54,467 [85c49798-3560-4dc9-a596-09ecbe4a8df4@group-D8CCD606C082-LeaderElection11] INFO  impl.LeaderElection (LeaderElection.java:logAndReturn(90)) - 85c49798-3560-4dc9-a596-09ecbe4a8df4@group-D8CCD606C082-LeaderElection11: PRE_VOTE PASSED received 1 response(s) and 0 exception(s):
2023-08-25 11:34:54,467 [85c49798-3560-4dc9-a596-09ecbe4a8df4@group-D8CCD606C082-LeaderElection11] INFO  impl.LeaderElection (LeaderElection.java:logAndReturn(94)) -   Response 0: 85c49798-3560-4dc9-a596-09ecbe4a8df4<-16866294-0bab-4ae5-8da9-294ec4800f35#0:OK-t0
2023-08-25 11:34:54,467 [85c49798-3560-4dc9-a596-09ecbe4a8df4@group-D8CCD606C082-LeaderElection11] INFO  impl.LeaderElection (LeaderElection.java:askForVotes(323)) - 85c49798-3560-4dc9-a596-09ecbe4a8df4@group-D8CCD606C082-LeaderElection11 PRE_VOTE round 0: result PASSED
2023-08-25 11:34:54,471 [85c49798-3560-4dc9-a596-09ecbe4a8df4@group-D8CCD606C082-LeaderElection11] INFO  impl.LeaderElection (LeaderElection.java:askForVotes(321)) - 85c49798-3560-4dc9-a596-09ecbe4a8df4@group-D8CCD606C082-LeaderElection11 ELECTION round 0: submit vote requests at term 1 for -1: peers:[16866294-0bab-4ae5-8da9-294ec4800f35|rpc:10.1.0.52:15067|admin:10.1.0.52:15066|client:10.1.0.52:15065|dataStream:10.1.0.52:15068|priority:0|startupRole:FOLLOWER, 6fb87cf7-6010-4447-ac68-4b216325e026|rpc:10.1.0.52:15076|admin:10.1.0.52:15075|client:10.1.0.52:15074|dataStream:10.1.0.52:15077|priority:0|startupRole:FOLLOWER, 85c49798-3560-4dc9-a596-09ecbe4a8df4|rpc:10.1.0.52:15085|admin:10.1.0.52:15084|client:10.1.0.52:15083|dataStream:10.1.0.52:15086|priority:1|startupRole:FOLLOWER]|listeners:[], old=null
2023-08-25 11:34:54,471 [grpc-default-executor-0] INFO  server.RaftServer$Division (RaftServerImpl.java:requestVote(1302)) - 6fb87cf7-6010-4447-ac68-4b216325e026@group-D8CCD606C082: receive requestVote(PRE_VOTE, 16866294-0bab-4ae5-8da9-294ec4800f35, group-D8CCD606C082, 0, (t:0, i:0))
2023-08-25 11:34:54,472 [grpc-default-executor-0] INFO  impl.VoteContext (VoteContext.java:log(49)) - 6fb87cf7-6010-4447-ac68-4b216325e026@group-D8CCD606C082-FOLLOWER: accept PRE_VOTE from 16866294-0bab-4ae5-8da9-294ec4800f35: our priority 0 <= candidate's priority 0
2023-08-25 11:34:54,472 [grpc-default-executor-0] INFO  server.RaftServer$Division (RaftServerImpl.java:requestVote(1335)) - 6fb87cf7-6010-4447-ac68-4b216325e026@group-D8CCD606C082 replies to PRE_VOTE vote request: 16866294-0bab-4ae5-8da9-294ec4800f35<-6fb87cf7-6010-4447-ac68-4b216325e026#0:OK-t0. Peer's state: 6fb87cf7-6010-4447-ac68-4b216325e026@group-D8CCD606C082:t0, leader=null, voted=, raftlog=Memoized:6fb87cf7-6010-4447-ac68-4b216325e026@group-D8CCD606C082-SegmentedRaftLog:OPENED:c-1, conf=-1: peers:[16866294-0bab-4ae5-8da9-294ec4800f35|rpc:10.1.0.52:15067|admin:10.1.0.52:15066|client:10.1.0.52:15065|dataStream:10.1.0.52:15068|priority:0|startupRole:FOLLOWER, 6fb87cf7-6010-4447-ac68-4b216325e026|rpc:10.1.0.52:15076|admin:10.1.0.52:15075|client:10.1.0.52:15074|dataStream:10.1.0.52:15077|priority:0|startupRole:FOLLOWER, 85c49798-3560-4dc9-a596-09ecbe4a8df4|rpc:10.1.0.52:15085|admin:10.1.0.52:15084|client:10.1.0.52:15083|dataStream:10.1.0.52:15086|priority:1|startupRole:FOLLOWER]|listeners:[], old=null
2023-08-25 11:34:54,473 [85c49798-3560-4dc9-a596-09ecbe4a8df4@group-D8CCD606C082-LeaderElection11] INFO  server.RaftServerConfigKeys (ConfUtils.java:logFallback(53)) - raft.server.rpc.first-election.timeout.min = 5s (fallback to raft.server.rpc.timeout.min)
2023-08-25 11:34:54,473 [85c49798-3560-4dc9-a596-09ecbe4a8df4@group-D8CCD606C082-LeaderElection11] INFO  server.RaftServerConfigKeys (ConfUtils.java:logFallback(53)) - raft.server.rpc.first-election.timeout.max = 5200ms (fallback to raft.server.rpc.timeout.max)
2023-08-25 11:34:54,481 [16866294-0bab-4ae5-8da9-294ec4800f35@group-786CA0948F63-FollowerState] INFO  impl.FollowerState (FollowerState.java:run(143)) - 16866294-0bab-4ae5-8da9-294ec4800f35@group-786CA0948F63-FollowerState: change to CANDIDATE, lastRpcElapsedTime:5183509671ns, electionTimeout:5175ms
2023-08-25 11:34:54,481 [16866294-0bab-4ae5-8da9-294ec4800f35@group-786CA0948F63-FollowerState] INFO  impl.RoleInfo (RoleInfo.java:shutdownFollowerState(110)) - 16866294-0bab-4ae5-8da9-294ec4800f35: shutdown 16866294-0bab-4ae5-8da9-294ec4800f35@group-786CA0948F63-FollowerState
2023-08-25 11:34:54,482 [16866294-0bab-4ae5-8da9-294ec4800f35@group-786CA0948F63-FollowerState] INFO  server.RaftServer$Division (RaftServerImpl.java:setRole(329)) - 16866294-0bab-4ae5-8da9-294ec4800f35@group-786CA0948F63: changes role from  FOLLOWER to CANDIDATE at term 0 for changeToCandidate
2023-08-25 11:34:54,482 [16866294-0bab-4ae5-8da9-294ec4800f35@group-786CA0948F63-FollowerState] INFO  server.RaftServerConfigKeys (ConfUtils.java:logGet(46)) - raft.server.leaderelection.pre-vote = true (default)
2023-08-25 11:34:54,482 [16866294-0bab-4ae5-8da9-294ec4800f35@group-786CA0948F63-FollowerState] INFO  impl.RoleInfo (RoleInfo.java:updateAndGet(139)) - 16866294-0bab-4ae5-8da9-294ec4800f35: start 16866294-0bab-4ae5-8da9-294ec4800f35@group-786CA0948F63-LeaderElection13
2023-08-25 11:34:54,489 [16866294-0bab-4ae5-8da9-294ec4800f35@group-786CA0948F63-LeaderElection13] INFO  impl.LeaderElection (LeaderElection.java:askForVotes(321)) - 16866294-0bab-4ae5-8da9-294ec4800f35@group-786CA0948F63-LeaderElection13 PRE_VOTE round 0: submit vote requests at term 0 for -1: peers:[16866294-0bab-4ae5-8da9-294ec4800f35|rpc:10.1.0.52:15067|admin:10.1.0.52:15066|client:10.1.0.52:15065|dataStream:10.1.0.52:15068|priority:1|startupRole:FOLLOWER]|listeners:[], old=null
2023-08-25 11:34:54,489 [grpc-default-executor-0] INFO  server.RaftServer$Division (RaftServerImpl.java:requestVote(1302)) - 16866294-0bab-4ae5-8da9-294ec4800f35@group-D8CCD606C082: receive requestVote(ELECTION, 85c49798-3560-4dc9-a596-09ecbe4a8df4, group-D8CCD606C082, 1, (t:0, i:0))
2023-08-25 11:34:54,489 [16866294-0bab-4ae5-8da9-294ec4800f35@group-786CA0948F63-LeaderElection13] INFO  impl.LeaderElection (LeaderElection.java:askForVotes(323)) - 16866294-0bab-4ae5-8da9-294ec4800f35@group-786CA0948F63-LeaderElection13 PRE_VOTE round 0: result PASSED (term=0)
2023-08-25 11:34:54,489 [grpc-default-executor-0] INFO  impl.VoteContext (VoteContext.java:log(49)) - 16866294-0bab-4ae5-8da9-294ec4800f35@group-D8CCD606C082-CANDIDATE: accept ELECTION from 85c49798-3560-4dc9-a596-09ecbe4a8df4: our priority 0 <= candidate's priority 1
2023-08-25 11:34:54,489 [grpc-default-executor-0] INFO  server.RaftServer$Division (RaftServerImpl.java:setRole(329)) - 16866294-0bab-4ae5-8da9-294ec4800f35@group-D8CCD606C082: changes role from CANDIDATE to FOLLOWER at term 1 for candidate:85c49798-3560-4dc9-a596-09ecbe4a8df4
2023-08-25 11:34:54,489 [grpc-default-executor-0] INFO  impl.RoleInfo (RoleInfo.java:shutdownLeaderElection(130)) - 16866294-0bab-4ae5-8da9-294ec4800f35: shutdown 16866294-0bab-4ae5-8da9-294ec4800f35@group-D8CCD606C082-LeaderElection12
2023-08-25 11:34:54,490 [grpc-default-executor-0] INFO  impl.RoleInfo (RoleInfo.java:updateAndGet(139)) - 16866294-0bab-4ae5-8da9-294ec4800f35: start 16866294-0bab-4ae5-8da9-294ec4800f35@group-D8CCD606C082-FollowerState
2023-08-25 11:34:54,492 [16866294-0bab-4ae5-8da9-294ec4800f35@group-786CA0948F63-LeaderElection13] INFO  impl.LeaderElection (LeaderElection.java:askForVotes(321)) - 16866294-0bab-4ae5-8da9-294ec4800f35@group-786CA0948F63-LeaderElection13 ELECTION round 0: submit vote requests at term 1 for -1: peers:[16866294-0bab-4ae5-8da9-294ec4800f35|rpc:10.1.0.52:15067|admin:10.1.0.52:15066|client:10.1.0.52:15065|dataStream:10.1.0.52:15068|priority:1|startupRole:FOLLOWER]|listeners:[], old=null
2023-08-25 11:34:54,492 [16866294-0bab-4ae5-8da9-294ec4800f35@group-786CA0948F63-LeaderElection13] INFO  impl.LeaderElection (LeaderElection.java:askForVotes(323)) - 16866294-0bab-4ae5-8da9-294ec4800f35@group-786CA0948F63-LeaderElection13 ELECTION round 0: result PASSED (term=1)
2023-08-25 11:34:54,492 [16866294-0bab-4ae5-8da9-294ec4800f35@group-786CA0948F63-LeaderElection13] INFO  impl.RoleInfo (RoleInfo.java:shutdownLeaderElection(130)) - 16866294-0bab-4ae5-8da9-294ec4800f35: shutdown 16866294-0bab-4ae5-8da9-294ec4800f35@group-786CA0948F63-LeaderElection13
2023-08-25 11:34:54,492 [16866294-0bab-4ae5-8da9-294ec4800f35@group-786CA0948F63-LeaderElection13] INFO  server.RaftServer$Division (RaftServerImpl.java:setRole(329)) - 16866294-0bab-4ae5-8da9-294ec4800f35@group-786CA0948F63: changes role from CANDIDATE to LEADER at term 1 for changeToLeader
2023-08-25 11:34:54,493 [16866294-0bab-4ae5-8da9-294ec4800f35@group-786CA0948F63-LeaderElection13] INFO  ratis.XceiverServerRatis (XceiverServerRatis.java:handleLeaderChangedNotification(902)) - Leader change notification received for group: group-786CA0948F63 with new leaderId: 16866294-0bab-4ae5-8da9-294ec4800f35
2023-08-25 11:34:54,493 [16866294-0bab-4ae5-8da9-294ec4800f35@group-786CA0948F63-LeaderElection13] INFO  server.RaftServer$Division (ServerState.java:setLeader(317)) - 16866294-0bab-4ae5-8da9-294ec4800f35@group-786CA0948F63: change Leader from null to 16866294-0bab-4ae5-8da9-294ec4800f35 at term 1 for becomeLeader, leader elected after 5216ms
2023-08-25 11:34:54,493 [16866294-0bab-4ae5-8da9-294ec4800f35@group-786CA0948F63-LeaderElection13] INFO  server.RaftServerConfigKeys (ConfUtils.java:logGet(46)) - raft.server.staging.catchup.gap = 1000 (default)
2023-08-25 11:34:54,493 [16866294-0bab-4ae5-8da9-294ec4800f35@group-786CA0948F63-LeaderElection13] INFO  server.RaftServerConfigKeys (ConfUtils.java:logGet(46)) - raft.server.write.element-limit = 1024 (custom)
2023-08-25 11:34:54,493 [16866294-0bab-4ae5-8da9-294ec4800f35@group-786CA0948F63-LeaderElection13] INFO  server.RaftServerConfigKeys (ConfUtils.java:logGet(46)) - raft.server.write.byte-limit = 1024 M (=1073741824) (custom)
2023-08-25 11:34:54,494 [16866294-0bab-4ae5-8da9-294ec4800f35@group-786CA0948F63-LeaderElection13] INFO  server.RaftServerConfigKeys (ConfUtils.java:logGet(46)) - raft.server.watch.timeout = 180s (custom)
2023-08-25 11:34:54,494 [16866294-0bab-4ae5-8da9-294ec4800f35@group-786CA0948F63-LeaderElection13] INFO  server.RaftServerConfigKeys (ConfUtils.java:logGet(46)) - raft.server.watch.timeout.denomination = 1s (default)
2023-08-25 11:34:54,494 [16866294-0bab-4ae5-8da9-294ec4800f35@group-786CA0948F63-LeaderElection13] INFO  server.RaftServerConfigKeys (ConfUtils.java:logGet(46)) - raft.server.watch.element-limit = 65536 (default)
2023-08-25 11:34:54,494 [16866294-0bab-4ae5-8da9-294ec4800f35@group-786CA0948F63-LeaderElection13] INFO  server.RaftServerConfigKeys (ConfUtils.java:logGet(46)) - raft.server.write.element-limit = 1024 (custom)
2023-08-25 11:34:54,494 [16866294-0bab-4ae5-8da9-294ec4800f35@group-786CA0948F63-LeaderElection13] INFO  server.RaftServerConfigKeys (ConfUtils.java:logGet(46)) - raft.server.write.follower.gap.ratio.max = -1.0 (default)
2023-08-25 11:34:54,494 [16866294-0bab-4ae5-8da9-294ec4800f35@group-786CA0948F63-LeaderElection13] INFO  impl.RoleInfo (RoleInfo.java:updateAndGet(139)) - 16866294-0bab-4ae5-8da9-294ec4800f35: start 16866294-0bab-4ae5-8da9-294ec4800f35@group-786CA0948F63-LeaderStateImpl
2023-08-25 11:34:54,495 [16866294-0bab-4ae5-8da9-294ec4800f35@group-786CA0948F63-LeaderElection13] INFO  segmented.SegmentedRaftLogWorker (SegmentedRaftLogWorker.java:startLogSegment(447)) - 16866294-0bab-4ae5-8da9-294ec4800f35@group-786CA0948F63-SegmentedRaftLogWorker: Starting segment from index:0
2023-08-25 11:34:54,496 [grpc-default-executor-0] INFO  server.RaftServer$Division (RaftServerImpl.java:requestVote(1335)) - 16866294-0bab-4ae5-8da9-294ec4800f35@group-D8CCD606C082 replies to ELECTION vote request: 85c49798-3560-4dc9-a596-09ecbe4a8df4<-16866294-0bab-4ae5-8da9-294ec4800f35#0:OK-t1. Peer's state: 16866294-0bab-4ae5-8da9-294ec4800f35@group-D8CCD606C082:t1, leader=null, voted=85c49798-3560-4dc9-a596-09ecbe4a8df4, raftlog=Memoized:16866294-0bab-4ae5-8da9-294ec4800f35@group-D8CCD606C082-SegmentedRaftLog:OPENED:c-1, conf=-1: peers:[16866294-0bab-4ae5-8da9-294ec4800f35|rpc:10.1.0.52:15067|admin:10.1.0.52:15066|client:10.1.0.52:15065|dataStream:10.1.0.52:15068|priority:0|startupRole:FOLLOWER, 6fb87cf7-6010-4447-ac68-4b216325e026|rpc:10.1.0.52:15076|admin:10.1.0.52:15075|client:10.1.0.52:15074|dataStream:10.1.0.52:15077|priority:0|startupRole:FOLLOWER, 85c49798-3560-4dc9-a596-09ecbe4a8df4|rpc:10.1.0.52:15085|admin:10.1.0.52:15084|client:10.1.0.52:15083|dataStream:10.1.0.52:15086|priority:1|startupRole:FOLLOWER]|listeners:[], old=null
2023-08-25 11:34:54,496 [EventQueue-OpenPipelineForHealthyPipelineSafeModeRule] INFO  safemode.SCMSafeModeManager (HealthyPipelineSafeModeRule.java:process(137)) - SCM in safe mode. Healthy pipelines reported count is 0, required healthy pipeline reported count is 1
2023-08-25 11:34:54,498 [85c49798-3560-4dc9-a596-09ecbe4a8df4@group-D8CCD606C082-LeaderElection11] INFO  impl.LeaderElection (LeaderElection.java:logAndReturn(90)) - 85c49798-3560-4dc9-a596-09ecbe4a8df4@group-D8CCD606C082-LeaderElection11: ELECTION PASSED received 1 response(s) and 0 exception(s):
2023-08-25 11:34:54,498 [85c49798-3560-4dc9-a596-09ecbe4a8df4@group-D8CCD606C082-LeaderElection11] INFO  impl.LeaderElection (LeaderElection.java:logAndReturn(94)) -   Response 0: 85c49798-3560-4dc9-a596-09ecbe4a8df4<-16866294-0bab-4ae5-8da9-294ec4800f35#0:OK-t1
2023-08-25 11:34:54,498 [85c49798-3560-4dc9-a596-09ecbe4a8df4@group-D8CCD606C082-LeaderElection11] INFO  impl.LeaderElection (LeaderElection.java:askForVotes(323)) - 85c49798-3560-4dc9-a596-09ecbe4a8df4@group-D8CCD606C082-LeaderElection11 ELECTION round 0: result PASSED
2023-08-25 11:34:54,498 [85c49798-3560-4dc9-a596-09ecbe4a8df4@group-D8CCD606C082-LeaderElection11] INFO  impl.RoleInfo (RoleInfo.java:shutdownLeaderElection(130)) - 85c49798-3560-4dc9-a596-09ecbe4a8df4: shutdown 85c49798-3560-4dc9-a596-09ecbe4a8df4@group-D8CCD606C082-LeaderElection11
2023-08-25 11:34:54,498 [85c49798-3560-4dc9-a596-09ecbe4a8df4@group-D8CCD606C082-LeaderElection11] INFO  server.RaftServer$Division (RaftServerImpl.java:setRole(329)) - 85c49798-3560-4dc9-a596-09ecbe4a8df4@group-D8CCD606C082: changes role from CANDIDATE to LEADER at term 1 for changeToLeader
2023-08-25 11:34:54,498 [85c49798-3560-4dc9-a596-09ecbe4a8df4@group-D8CCD606C082-LeaderElection11] INFO  ratis.XceiverServerRatis (XceiverServerRatis.java:handleLeaderChangedNotification(902)) - Leader change notification received for group: group-D8CCD606C082 with new leaderId: 85c49798-3560-4dc9-a596-09ecbe4a8df4
2023-08-25 11:34:54,498 [85c49798-3560-4dc9-a596-09ecbe4a8df4@group-D8CCD606C082-LeaderElection11] INFO  server.RaftServer$Division (ServerState.java:setLeader(317)) - 85c49798-3560-4dc9-a596-09ecbe4a8df4@group-D8CCD606C082: change Leader from null to 85c49798-3560-4dc9-a596-09ecbe4a8df4 at term 1 for becomeLeader, leader elected after 5146ms
2023-08-25 11:34:54,499 [85c49798-3560-4dc9-a596-09ecbe4a8df4@group-D8CCD606C082-LeaderElection11] INFO  server.RaftServerConfigKeys (ConfUtils.java:logGet(46)) - raft.server.staging.catchup.gap = 1000 (default)
2023-08-25 11:34:54,499 [85c49798-3560-4dc9-a596-09ecbe4a8df4@group-D8CCD606C082-LeaderElection11] INFO  server.RaftServerConfigKeys (ConfUtils.java:logGet(46)) - raft.server.write.element-limit = 1024 (custom)
2023-08-25 11:34:54,499 [85c49798-3560-4dc9-a596-09ecbe4a8df4@group-D8CCD606C082-LeaderElection11] INFO  server.RaftServerConfigKeys (ConfUtils.java:logGet(46)) - raft.server.write.byte-limit = 1024 M (=1073741824) (custom)
2023-08-25 11:34:54,499 [16866294-0bab-4ae5-8da9-294ec4800f35@group-786CA0948F63-SegmentedRaftLogWorker] INFO  segmented.SegmentedRaftLogWorker (SegmentedRaftLogWorker.java:execute(651)) - 16866294-0bab-4ae5-8da9-294ec4800f35@group-786CA0948F63-SegmentedRaftLogWorker: created new log segment /home/runner/work/ozone/ozone/hadoop-ozone/integration-test/target/test-dir/MiniOzoneClusterImpl-36fc3352-0e59-45fd-a08b-0e99224ecb60/datanode-0/data/ratis/492ed05f-04fa-4ed1-be93-786ca0948f63/current/log_inprogress_0
2023-08-25 11:34:54,500 [85c49798-3560-4dc9-a596-09ecbe4a8df4@group-D8CCD606C082-LeaderElection11] INFO  server.RaftServerConfigKeys (ConfUtils.java:logGet(46)) - raft.server.watch.timeout = 180s (custom)
2023-08-25 11:34:54,500 [85c49798-3560-4dc9-a596-09ecbe4a8df4@group-D8CCD606C082-LeaderElection11] INFO  server.RaftServerConfigKeys (ConfUtils.java:logGet(46)) - raft.server.watch.timeout.denomination = 1s (default)
2023-08-25 11:34:54,500 [85c49798-3560-4dc9-a596-09ecbe4a8df4@group-D8CCD606C082-LeaderElection11] INFO  server.RaftServerConfigKeys (ConfUtils.java:logGet(46)) - raft.server.watch.element-limit = 65536 (default)
2023-08-25 11:34:54,500 [85c49798-3560-4dc9-a596-09ecbe4a8df4@group-D8CCD606C082-LeaderElection11] INFO  server.RaftServerConfigKeys (ConfUtils.java:logGet(46)) - raft.server.write.element-limit = 1024 (custom)
2023-08-25 11:34:54,500 [85c49798-3560-4dc9-a596-09ecbe4a8df4@group-D8CCD606C082-LeaderElection11] INFO  server.RaftServerConfigKeys (ConfUtils.java:logGet(46)) - raft.server.write.follower.gap.ratio.max = -1.0 (default)
2023-08-25 11:34:54,501 [85c49798-3560-4dc9-a596-09ecbe4a8df4@group-D8CCD606C082-LeaderElection11] INFO  server.RaftServerConfigKeys (ConfUtils.java:logGet(46)) - raft.server.log.appender.snapshot.chunk.size.max = 16MB (=16777216) (default)
2023-08-25 11:34:54,501 [85c49798-3560-4dc9-a596-09ecbe4a8df4@group-D8CCD606C082-LeaderElection11] INFO  server.RaftServerConfigKeys (ConfUtils.java:logGet(46)) - raft.server.log.appender.buffer.byte-limit = 33554432 (custom)
2023-08-25 11:34:54,501 [85c49798-3560-4dc9-a596-09ecbe4a8df4@group-D8CCD606C082-LeaderElection11] INFO  server.RaftServerConfigKeys (ConfUtils.java:logGet(46)) - raft.server.log.appender.buffer.element-limit = 1 (custom)
2023-08-25 11:34:54,501 [85c49798-3560-4dc9-a596-09ecbe4a8df4@group-D8CCD606C082-LeaderElection11] INFO  server.RaftServerConfigKeys (ConfUtils.java:logGet(46)) - raft.server.log.appender.wait-time.min = 10ms (default)
2023-08-25 11:34:54,501 [85c49798-3560-4dc9-a596-09ecbe4a8df4@group-D8CCD606C082-LeaderElection11] INFO  grpc.GrpcConfigKeys (ConfUtils.java:logGet(46)) - raft.grpc.server.leader.outstanding.appends.max = 128 (default)
2023-08-25 11:34:54,501 [EventQueue-PipelineReportForPipelineReportHandler] INFO  pipeline.PipelineReportHandler (PipelineReportHandler.java:processPipelineReport(136)) - Opened pipeline PipelineID=83bcb3aa-1d36-4ab4-b1d9-d8ccd606c082
2023-08-25 11:34:54,502 [85c49798-3560-4dc9-a596-09ecbe4a8df4@group-D8CCD606C082-LeaderElection11] INFO  server.RaftServerConfigKeys (ConfUtils.java:logGet(46)) - raft.server.rpc.request.timeout = 60s (custom)
2023-08-25 11:34:54,502 [EventQueue-OpenPipelineForHealthyPipelineSafeModeRule] INFO  safemode.SCMSafeModeManager (HealthyPipelineSafeModeRule.java:process(137)) - SCM in safe mode. Healthy pipelines reported count is 1, required healthy pipeline reported count is 1
2023-08-25 11:34:54,502 [EventQueue-OpenPipelineForHealthyPipelineSafeModeRule] INFO  safemode.SCMSafeModeManager (SCMSafeModeManager.java:validateSafeModeExitRules(200)) - HealthyPipelineSafeModeRule rule is successfully validated
2023-08-25 11:34:54,502 [85c49798-3560-4dc9-a596-09ecbe4a8df4@group-D8CCD606C082-LeaderElection11] INFO  grpc.GrpcConfigKeys (ConfUtils.java:logGet(46)) - raft.grpc.server.install_snapshot.request.element-limit = 8 (default)
2023-08-25 11:34:54,502 [EventQueue-OpenPipelineForHealthyPipelineSafeModeRule] INFO  safemode.SCMSafeModeManager (SCMSafeModeManager.java:validateSafeModeExitRules(215)) - ScmSafeModeManager, all rules are successfully validated
2023-08-25 11:34:54,502 [EventQueue-OpenPipelineForHealthyPipelineSafeModeRule] INFO  safemode.SCMSafeModeManager (SCMSafeModeManager.java:exitSafeMode(244)) - SCM exiting safe mode.
2023-08-25 11:34:54,502 [85c49798-3560-4dc9-a596-09ecbe4a8df4@group-D8CCD606C082-LeaderElection11] INFO  grpc.GrpcConfigKeys (ConfUtils.java:logGet(46)) - raft.grpc.server.install_snapshot.request.timeout = 3000ms (default)
2023-08-25 11:34:54,502 [EventQueue-OpenPipelineForHealthyPipelineSafeModeRule] INFO  ha.SCMContext (SCMContext.java:updateSafeModeStatus(228)) - Update SafeModeStatus from SafeModeStatus{safeModeStatus=true, preCheckPassed=true} to SafeModeStatus{safeModeStatus=false, preCheckPassed=true}.
2023-08-25 11:34:54,508 [85c49798-3560-4dc9-a596-09ecbe4a8df4@group-D8CCD606C082-LeaderElection11] INFO  server.RaftServerConfigKeys (ConfUtils.java:logGet(46)) - raft.server.log.appender.install.snapshot.enabled = false (custom)
2023-08-25 11:34:54,508 [EventQueue-OpenPipelineForHealthyPipelineSafeModeRule] INFO  pipeline.BackgroundPipelineCreator (BackgroundPipelineCreator.java:notifyStatusChanged(255)) - Service BackgroundPipelineCreator transitions to RUNNING.
2023-08-25 11:34:54,508 [85c49798-3560-4dc9-a596-09ecbe4a8df4@group-D8CCD606C082-LeaderElection11] INFO  grpc.GrpcConfigKeys (ConfUtils.java:logGet(46)) - raft.grpc.server.heartbeat.channel = true (default)
2023-08-25 11:34:54,508 [EventQueue-OpenPipelineForHealthyPipelineSafeModeRule] INFO  BackgroundPipelineScrubber (BackgroundSCMService.java:notifyStatusChanged(82)) - Service BackgroundPipelineScrubber transitions to RUNNING.
2023-08-25 11:34:54,509 [EventQueue-OpenPipelineForHealthyPipelineSafeModeRule] INFO  ExpiredContainerReplicaOpScrubber (BackgroundSCMService.java:notifyStatusChanged(82)) - Service ExpiredContainerReplicaOpScrubber transitions to RUNNING.
2023-08-25 11:34:54,509 [EventQueue-OpenPipelineForHealthyPipelineSafeModeRule] INFO  replication.ReplicationManager (ReplicationManager.java:notifyStatusChanged(1370)) - Service ReplicationManager transitions to RUNNING.
2023-08-25 11:34:54,509 [85c49798-3560-4dc9-a596-09ecbe4a8df4@group-D8CCD606C082-LeaderElection11] INFO  server.RaftServerConfigKeys (ConfUtils.java:logGet(46)) - raft.server.log.appender.snapshot.chunk.size.max = 16MB (=16777216) (default)
2023-08-25 11:34:54,509 [85c49798-3560-4dc9-a596-09ecbe4a8df4@group-D8CCD606C082-LeaderElection11] INFO  server.RaftServerConfigKeys (ConfUtils.java:logGet(46)) - raft.server.log.appender.buffer.byte-limit = 33554432 (custom)
2023-08-25 11:34:54,509 [85c49798-3560-4dc9-a596-09ecbe4a8df4@group-D8CCD606C082-LeaderElection11] INFO  server.RaftServerConfigKeys (ConfUtils.java:logGet(46)) - raft.server.log.appender.buffer.element-limit = 1 (custom)
2023-08-25 11:34:54,509 [85c49798-3560-4dc9-a596-09ecbe4a8df4@group-D8CCD606C082-LeaderElection11] INFO  server.RaftServerConfigKeys (ConfUtils.java:logGet(46)) - raft.server.log.appender.wait-time.min = 10ms (default)
2023-08-25 11:34:54,510 [85c49798-3560-4dc9-a596-09ecbe4a8df4@group-D8CCD606C082-LeaderElection11] INFO  grpc.GrpcConfigKeys (ConfUtils.java:logGet(46)) - raft.grpc.server.leader.outstanding.appends.max = 128 (default)
2023-08-25 11:34:54,510 [85c49798-3560-4dc9-a596-09ecbe4a8df4@group-D8CCD606C082-LeaderElection11] INFO  server.RaftServerConfigKeys (ConfUtils.java:logGet(46)) - raft.server.rpc.request.timeout = 60s (custom)
2023-08-25 11:34:54,510 [85c49798-3560-4dc9-a596-09ecbe4a8df4@group-D8CCD606C082-LeaderElection11] INFO  grpc.GrpcConfigKeys (ConfUtils.java:logGet(46)) - raft.grpc.server.install_snapshot.request.element-limit = 8 (default)
2023-08-25 11:34:54,510 [85c49798-3560-4dc9-a596-09ecbe4a8df4@group-D8CCD606C082-LeaderElection11] INFO  grpc.GrpcConfigKeys (ConfUtils.java:logGet(46)) - raft.grpc.server.install_snapshot.request.timeout = 3000ms (default)
2023-08-25 11:34:54,510 [85c49798-3560-4dc9-a596-09ecbe4a8df4@group-D8CCD606C082-LeaderElection11] INFO  server.RaftServerConfigKeys (ConfUtils.java:logGet(46)) - raft.server.log.appender.install.snapshot.enabled = false (custom)
2023-08-25 11:34:54,510 [85c49798-3560-4dc9-a596-09ecbe4a8df4@group-D8CCD606C082-LeaderElection11] INFO  grpc.GrpcConfigKeys (ConfUtils.java:logGet(46)) - raft.grpc.server.heartbeat.channel = true (default)
2023-08-25 11:34:54,510 [85c49798-3560-4dc9-a596-09ecbe4a8df4@group-D8CCD606C082-LeaderElection11] INFO  impl.RoleInfo (RoleInfo.java:updateAndGet(139)) - 85c49798-3560-4dc9-a596-09ecbe4a8df4: start 85c49798-3560-4dc9-a596-09ecbe4a8df4@group-D8CCD606C082-LeaderStateImpl
2023-08-25 11:34:54,511 [grpc-default-executor-2] INFO  server.RaftServer$Division (RaftServerImpl.java:requestVote(1302)) - 85c49798-3560-4dc9-a596-09ecbe4a8df4@group-D8CCD606C082: receive requestVote(PRE_VOTE, 16866294-0bab-4ae5-8da9-294ec4800f35, group-D8CCD606C082, 0, (t:0, i:0))
2023-08-25 11:34:54,512 [16866294-0bab-4ae5-8da9-294ec4800f35@group-786CA0948F63-LeaderElection13] INFO  server.RaftServer$Division (ServerState.java:setRaftConf(434)) - 16866294-0bab-4ae5-8da9-294ec4800f35@group-786CA0948F63: set configuration 0: peers:[16866294-0bab-4ae5-8da9-294ec4800f35|rpc:10.1.0.52:15067|admin:10.1.0.52:15066|client:10.1.0.52:15065|dataStream:10.1.0.52:15068|priority:1|startupRole:FOLLOWER]|listeners:[], old=null
2023-08-25 11:34:54,516 [85c49798-3560-4dc9-a596-09ecbe4a8df4@group-D8CCD606C082-LeaderElection11] INFO  segmented.SegmentedRaftLogWorker (SegmentedRaftLogWorker.java:startLogSegment(447)) - 85c49798-3560-4dc9-a596-09ecbe4a8df4@group-D8CCD606C082-SegmentedRaftLogWorker: Starting segment from index:0
2023-08-25 11:34:54,520 [85c49798-3560-4dc9-a596-09ecbe4a8df4@group-D8CCD606C082-SegmentedRaftLogWorker] INFO  segmented.SegmentedRaftLogWorker (SegmentedRaftLogWorker.java:execute(651)) - 85c49798-3560-4dc9-a596-09ecbe4a8df4@group-D8CCD606C082-SegmentedRaftLogWorker: created new log segment /home/runner/work/ozone/ozone/hadoop-ozone/integration-test/target/test-dir/MiniOzoneClusterImpl-36fc3352-0e59-45fd-a08b-0e99224ecb60/datanode-2/data/ratis/83bcb3aa-1d36-4ab4-b1d9-d8ccd606c082/current/log_inprogress_0
2023-08-25 11:34:54,525 [grpc-default-executor-0] INFO  server.RaftServer$Division (RaftServerImpl.java:requestVote(1302)) - 6fb87cf7-6010-4447-ac68-4b216325e026@group-D8CCD606C082: receive requestVote(ELECTION, 85c49798-3560-4dc9-a596-09ecbe4a8df4, group-D8CCD606C082, 1, (t:0, i:0))
2023-08-25 11:34:54,509 [EventQueue-OpenPipelineForHealthyPipelineSafeModeRule] WARN  balancer.ContainerBalancer (ContainerBalancer.java:shouldRun(134)) - Could not find persisted configuration for ContainerBalancer when checking if ContainerBalancer should run. ContainerBalancer should not run now.
2023-08-25 11:34:54,525 [grpc-default-executor-1] INFO  server.RaftServer$Division (RaftServerImpl.java:requestVote(1302)) - 6fb87cf7-6010-4447-ac68-4b216325e026@group-D8CCD606C082: receive requestVote(PRE_VOTE, 85c49798-3560-4dc9-a596-09ecbe4a8df4, group-D8CCD606C082, 0, (t:0, i:0))
2023-08-25 11:34:54,534 [grpc-default-executor-0] INFO  impl.VoteContext (VoteContext.java:log(49)) - 6fb87cf7-6010-4447-ac68-4b216325e026@group-D8CCD606C082-FOLLOWER: accept ELECTION from 85c49798-3560-4dc9-a596-09ecbe4a8df4: our priority 0 <= candidate's priority 1
2023-08-25 11:34:54,534 [grpc-default-executor-0] INFO  server.RaftServer$Division (RaftServerImpl.java:setRole(329)) - 6fb87cf7-6010-4447-ac68-4b216325e026@group-D8CCD606C082: changes role from  FOLLOWER to FOLLOWER at term 1 for candidate:85c49798-3560-4dc9-a596-09ecbe4a8df4
2023-08-25 11:34:54,534 [grpc-default-executor-0] INFO  impl.RoleInfo (RoleInfo.java:shutdownFollowerState(110)) - 6fb87cf7-6010-4447-ac68-4b216325e026: shutdown 6fb87cf7-6010-4447-ac68-4b216325e026@group-D8CCD606C082-FollowerState
2023-08-25 11:34:54,534 [grpc-default-executor-0] INFO  impl.RoleInfo (RoleInfo.java:updateAndGet(139)) - 6fb87cf7-6010-4447-ac68-4b216325e026: start 6fb87cf7-6010-4447-ac68-4b216325e026@group-D8CCD606C082-FollowerState
2023-08-25 11:34:54,534 [85c49798-3560-4dc9-a596-09ecbe4a8df4@group-D8CCD606C082-LeaderElection11] INFO  server.RaftServer$Division (ServerState.java:setRaftConf(434)) - 85c49798-3560-4dc9-a596-09ecbe4a8df4@group-D8CCD606C082: set configuration 0: peers:[16866294-0bab-4ae5-8da9-294ec4800f35|rpc:10.1.0.52:15067|admin:10.1.0.52:15066|client:10.1.0.52:15065|dataStream:10.1.0.52:15068|priority:0|startupRole:FOLLOWER, 6fb87cf7-6010-4447-ac68-4b216325e026|rpc:10.1.0.52:15076|admin:10.1.0.52:15075|client:10.1.0.52:15074|dataStream:10.1.0.52:15077|priority:0|startupRole:FOLLOWER, 85c49798-3560-4dc9-a596-09ecbe4a8df4|rpc:10.1.0.52:15085|admin:10.1.0.52:15084|client:10.1.0.52:15083|dataStream:10.1.0.52:15086|priority:1|startupRole:FOLLOWER]|listeners:[], old=null
2023-08-25 11:34:54,535 [6fb87cf7-6010-4447-ac68-4b216325e026@group-D8CCD606C082-FollowerState] INFO  impl.FollowerState (FollowerState.java:run(152)) - 6fb87cf7-6010-4447-ac68-4b216325e026@group-D8CCD606C082-FollowerState was interrupted
2023-08-25 11:34:54,535 [grpc-default-executor-2] INFO  impl.VoteContext (VoteContext.java:log(49)) - 85c49798-3560-4dc9-a596-09ecbe4a8df4@group-D8CCD606C082-LEADER: reject PRE_VOTE from 16866294-0bab-4ae5-8da9-294ec4800f35: this server is the leader and still has leadership
2023-08-25 11:34:54,536 [grpc-default-executor-2] INFO  server.RaftServer$Division (RaftServerImpl.java:requestVote(1335)) - 85c49798-3560-4dc9-a596-09ecbe4a8df4@group-D8CCD606C082 replies to PRE_VOTE vote request: 16866294-0bab-4ae5-8da9-294ec4800f35<-85c49798-3560-4dc9-a596-09ecbe4a8df4#0:FAIL-t1. Peer's state: 85c49798-3560-4dc9-a596-09ecbe4a8df4@group-D8CCD606C082:t1, leader=85c49798-3560-4dc9-a596-09ecbe4a8df4, voted=85c49798-3560-4dc9-a596-09ecbe4a8df4, raftlog=Memoized:85c49798-3560-4dc9-a596-09ecbe4a8df4@group-D8CCD606C082-SegmentedRaftLog:OPENED:c-1, conf=0: peers:[16866294-0bab-4ae5-8da9-294ec4800f35|rpc:10.1.0.52:15067|admin:10.1.0.52:15066|client:10.1.0.52:15065|dataStream:10.1.0.52:15068|priority:0|startupRole:FOLLOWER, 6fb87cf7-6010-4447-ac68-4b216325e026|rpc:10.1.0.52:15076|admin:10.1.0.52:15075|client:10.1.0.52:15074|dataStream:10.1.0.52:15077|priority:0|startupRole:FOLLOWER, 85c49798-3560-4dc9-a596-09ecbe4a8df4|rpc:10.1.0.52:15085|admin:10.1.0.52:15084|client:10.1.0.52:15083|dataStream:10.1.0.52:15086|priority:1|startupRole:FOLLOWER]|listeners:[], old=null
2023-08-25 11:34:54,543 [85c49798-3560-4dc9-a596-09ecbe4a8df4@group-8C0C4E35EF52-FollowerState] INFO  impl.FollowerState (FollowerState.java:run(143)) - 85c49798-3560-4dc9-a596-09ecbe4a8df4@group-8C0C4E35EF52-FollowerState: change to CANDIDATE, lastRpcElapsedTime:5027761887ns, electionTimeout:5025ms
2023-08-25 11:34:54,543 [16866294-0bab-4ae5-8da9-294ec4800f35@group-D8CCD606C082-LeaderElection12] INFO  impl.LeaderElection (LeaderElection.java:logAndReturn(90)) - 16866294-0bab-4ae5-8da9-294ec4800f35@group-D8CCD606C082-LeaderElection12: PRE_VOTE DISCOVERED_A_NEW_TERM (term=1) received 2 response(s) and 0 exception(s):
2023-08-25 11:34:54,544 [16866294-0bab-4ae5-8da9-294ec4800f35@group-D8CCD606C082-LeaderElection12] INFO  impl.LeaderElection (LeaderElection.java:logAndReturn(94)) -   Response 0: 16866294-0bab-4ae5-8da9-294ec4800f35<-6fb87cf7-6010-4447-ac68-4b216325e026#0:OK-t0
2023-08-25 11:34:54,544 [16866294-0bab-4ae5-8da9-294ec4800f35@group-D8CCD606C082-LeaderElection12] INFO  impl.LeaderElection (LeaderElection.java:logAndReturn(94)) -   Response 1: 16866294-0bab-4ae5-8da9-294ec4800f35<-85c49798-3560-4dc9-a596-09ecbe4a8df4#0:FAIL-t1
2023-08-25 11:34:54,544 [16866294-0bab-4ae5-8da9-294ec4800f35@group-D8CCD606C082-LeaderElection12] INFO  impl.LeaderElection (LeaderElection.java:askForVotes(323)) - 16866294-0bab-4ae5-8da9-294ec4800f35@group-D8CCD606C082-LeaderElection12 PRE_VOTE round 0: result DISCOVERED_A_NEW_TERM (term=1)
2023-08-25 11:34:54,544 [85c49798-3560-4dc9-a596-09ecbe4a8df4@group-8C0C4E35EF52-FollowerState] INFO  impl.RoleInfo (RoleInfo.java:shutdownFollowerState(110)) - 85c49798-3560-4dc9-a596-09ecbe4a8df4: shutdown 85c49798-3560-4dc9-a596-09ecbe4a8df4@group-8C0C4E35EF52-FollowerState
2023-08-25 11:34:54,544 [85c49798-3560-4dc9-a596-09ecbe4a8df4@group-8C0C4E35EF52-FollowerState] INFO  server.RaftServer$Division (RaftServerImpl.java:setRole(329)) - 85c49798-3560-4dc9-a596-09ecbe4a8df4@group-8C0C4E35EF52: changes role from  FOLLOWER to CANDIDATE at term 0 for changeToCandidate
2023-08-25 11:34:54,544 [85c49798-3560-4dc9-a596-09ecbe4a8df4@group-8C0C4E35EF52-FollowerState] INFO  server.RaftServerConfigKeys (ConfUtils.java:logGet(46)) - raft.server.leaderelection.pre-vote = true (default)
2023-08-25 11:34:54,544 [85c49798-3560-4dc9-a596-09ecbe4a8df4@group-8C0C4E35EF52-FollowerState] INFO  impl.RoleInfo (RoleInfo.java:updateAndGet(139)) - 85c49798-3560-4dc9-a596-09ecbe4a8df4: start 85c49798-3560-4dc9-a596-09ecbe4a8df4@group-8C0C4E35EF52-LeaderElection14
2023-08-25 11:34:54,548 [grpc-default-executor-0] INFO  server.RaftServer$Division (RaftServerImpl.java:requestVote(1335)) - 6fb87cf7-6010-4447-ac68-4b216325e026@group-D8CCD606C082 replies to ELECTION vote request: 85c49798-3560-4dc9-a596-09ecbe4a8df4<-6fb87cf7-6010-4447-ac68-4b216325e026#0:OK-t1. Peer's state: 6fb87cf7-6010-4447-ac68-4b216325e026@group-D8CCD606C082:t1, leader=null, voted=85c49798-3560-4dc9-a596-09ecbe4a8df4, raftlog=Memoized:6fb87cf7-6010-4447-ac68-4b216325e026@group-D8CCD606C082-SegmentedRaftLog:OPENED:c-1, conf=-1: peers:[16866294-0bab-4ae5-8da9-294ec4800f35|rpc:10.1.0.52:15067|admin:10.1.0.52:15066|client:10.1.0.52:15065|dataStream:10.1.0.52:15068|priority:0|startupRole:FOLLOWER, 6fb87cf7-6010-4447-ac68-4b216325e026|rpc:10.1.0.52:15076|admin:10.1.0.52:15075|client:10.1.0.52:15074|dataStream:10.1.0.52:15077|priority:0|startupRole:FOLLOWER, 85c49798-3560-4dc9-a596-09ecbe4a8df4|rpc:10.1.0.52:15085|admin:10.1.0.52:15084|client:10.1.0.52:15083|dataStream:10.1.0.52:15086|priority:1|startupRole:FOLLOWER]|listeners:[], old=null
2023-08-25 11:34:54,549 [grpc-default-executor-1] INFO  impl.VoteContext (VoteContext.java:log(49)) - 6fb87cf7-6010-4447-ac68-4b216325e026@group-D8CCD606C082-FOLLOWER: accept PRE_VOTE from 85c49798-3560-4dc9-a596-09ecbe4a8df4: our priority 0 <= candidate's priority 1
2023-08-25 11:34:54,549 [grpc-default-executor-1] INFO  server.RaftServer$Division (RaftServerImpl.java:requestVote(1335)) - 6fb87cf7-6010-4447-ac68-4b216325e026@group-D8CCD606C082 replies to PRE_VOTE vote request: 85c49798-3560-4dc9-a596-09ecbe4a8df4<-6fb87cf7-6010-4447-ac68-4b216325e026#0:OK-t1. Peer's state: 6fb87cf7-6010-4447-ac68-4b216325e026@group-D8CCD606C082:t1, leader=null, voted=85c49798-3560-4dc9-a596-09ecbe4a8df4, raftlog=Memoized:6fb87cf7-6010-4447-ac68-4b216325e026@group-D8CCD606C082-SegmentedRaftLog:OPENED:c-1, conf=-1: peers:[16866294-0bab-4ae5-8da9-294ec4800f35|rpc:10.1.0.52:15067|admin:10.1.0.52:15066|client:10.1.0.52:15065|dataStream:10.1.0.52:15068|priority:0|startupRole:FOLLOWER, 6fb87cf7-6010-4447-ac68-4b216325e026|rpc:10.1.0.52:15076|admin:10.1.0.52:15075|client:10.1.0.52:15074|dataStream:10.1.0.52:15077|priority:0|startupRole:FOLLOWER, 85c49798-3560-4dc9-a596-09ecbe4a8df4|rpc:10.1.0.52:15085|admin:10.1.0.52:15084|client:10.1.0.52:15083|dataStream:10.1.0.52:15086|priority:1|startupRole:FOLLOWER]|listeners:[], old=null
2023-08-25 11:34:54,554 [85c49798-3560-4dc9-a596-09ecbe4a8df4@group-8C0C4E35EF52-LeaderElection14] INFO  impl.LeaderElection (LeaderElection.java:askForVotes(321)) - 85c49798-3560-4dc9-a596-09ecbe4a8df4@group-8C0C4E35EF52-LeaderElection14 PRE_VOTE round 0: submit vote requests at term 0 for -1: peers:[16866294-0bab-4ae5-8da9-294ec4800f35|rpc:10.1.0.52:15067|admin:10.1.0.52:15066|client:10.1.0.52:15065|dataStream:10.1.0.52:15068|priority:0|startupRole:FOLLOWER, 6fb87cf7-6010-4447-ac68-4b216325e026|rpc:10.1.0.52:15076|admin:10.1.0.52:15075|client:10.1.0.52:15074|dataStream:10.1.0.52:15077|priority:1|startupRole:FOLLOWER, 85c49798-3560-4dc9-a596-09ecbe4a8df4|rpc:10.1.0.52:15085|admin:10.1.0.52:15084|client:10.1.0.52:15083|dataStream:10.1.0.52:15086|priority:0|startupRole:FOLLOWER]|listeners:[], old=null
2023-08-25 11:34:54,555 [6fb87cf7-6010-4447-ac68-4b216325e026-server-thread1] INFO  ratis.XceiverServerRatis (XceiverServerRatis.java:handleLeaderChangedNotification(902)) - Leader change notification received for group: group-D8CCD606C082 with new leaderId: 85c49798-3560-4dc9-a596-09ecbe4a8df4
2023-08-25 11:34:54,555 [6fb87cf7-6010-4447-ac68-4b216325e026-server-thread1] INFO  server.RaftServer$Division (ServerState.java:setLeader(317)) - 6fb87cf7-6010-4447-ac68-4b216325e026@group-D8CCD606C082: change Leader from null to 85c49798-3560-4dc9-a596-09ecbe4a8df4 at term 1 for appendEntries, leader elected after 5142ms
2023-08-25 11:34:54,562 [6fb87cf7-6010-4447-ac68-4b216325e026-server-thread1] INFO  server.RaftServer$Division (ServerState.java:setRaftConf(434)) - 6fb87cf7-6010-4447-ac68-4b216325e026@group-D8CCD606C082: set configuration 0: peers:[16866294-0bab-4ae5-8da9-294ec4800f35|rpc:10.1.0.52:15067|admin:10.1.0.52:15066|client:10.1.0.52:15065|dataStream:10.1.0.52:15068|priority:0|startupRole:FOLLOWER, 6fb87cf7-6010-4447-ac68-4b216325e026|rpc:10.1.0.52:15076|admin:10.1.0.52:15075|client:10.1.0.52:15074|dataStream:10.1.0.52:15077|priority:0|startupRole:FOLLOWER, 85c49798-3560-4dc9-a596-09ecbe4a8df4|rpc:10.1.0.52:15085|admin:10.1.0.52:15084|client:10.1.0.52:15083|dataStream:10.1.0.52:15086|priority:1|startupRole:FOLLOWER]|listeners:[], old=null
2023-08-25 11:34:54,563 [6fb87cf7-6010-4447-ac68-4b216325e026-server-thread1] INFO  segmented.SegmentedRaftLogWorker (SegmentedRaftLogWorker.java:startLogSegment(447)) - 6fb87cf7-6010-4447-ac68-4b216325e026@group-D8CCD606C082-SegmentedRaftLogWorker: Starting segment from index:0
2023-08-25 11:34:54,567 [6fb87cf7-6010-4447-ac68-4b216325e026@group-D8CCD606C082-SegmentedRaftLogWorker] INFO  segmented.SegmentedRaftLogWorker (SegmentedRaftLogWorker.java:execute(651)) - 6fb87cf7-6010-4447-ac68-4b216325e026@group-D8CCD606C082-SegmentedRaftLogWorker: created new log segment /home/runner/work/ozone/ozone/hadoop-ozone/integration-test/target/test-dir/MiniOzoneClusterImpl-36fc3352-0e59-45fd-a08b-0e99224ecb60/datanode-1/data/ratis/83bcb3aa-1d36-4ab4-b1d9-d8ccd606c082/current/log_inprogress_0
2023-08-25 11:34:54,569 [85c49798-3560-4dc9-a596-09ecbe4a8df4@group-8C0C4E35EF52-LeaderElection14] INFO  server.RaftServerConfigKeys (ConfUtils.java:logFallback(53)) - raft.server.rpc.first-election.timeout.min = 5s (fallback to raft.server.rpc.timeout.min)
2023-08-25 11:34:54,569 [85c49798-3560-4dc9-a596-09ecbe4a8df4@group-8C0C4E35EF52-LeaderElection14] INFO  server.RaftServerConfigKeys (ConfUtils.java:logFallback(53)) - raft.server.rpc.first-election.timeout.max = 5200ms (fallback to raft.server.rpc.timeout.max)
2023-08-25 11:34:54,582 [grpc-default-executor-2] INFO  server.RaftServer$Division (RaftServerImpl.java:requestVote(1302)) - 16866294-0bab-4ae5-8da9-294ec4800f35@group-8C0C4E35EF52: receive requestVote(PRE_VOTE, 85c49798-3560-4dc9-a596-09ecbe4a8df4, group-8C0C4E35EF52, 0, (t:0, i:0))
2023-08-25 11:34:54,582 [grpc-default-executor-2] INFO  impl.VoteContext (VoteContext.java:log(49)) - 16866294-0bab-4ae5-8da9-294ec4800f35@group-8C0C4E35EF52-FOLLOWER: accept PRE_VOTE from 85c49798-3560-4dc9-a596-09ecbe4a8df4: our priority 0 <= candidate's priority 0
2023-08-25 11:34:54,582 [grpc-default-executor-2] INFO  server.RaftServer$Division (RaftServerImpl.java:requestVote(1335)) - 16866294-0bab-4ae5-8da9-294ec4800f35@group-8C0C4E35EF52 replies to PRE_VOTE vote request: 85c49798-3560-4dc9-a596-09ecbe4a8df4<-16866294-0bab-4ae5-8da9-294ec4800f35#0:OK-t0. Peer's state: 16866294-0bab-4ae5-8da9-294ec4800f35@group-8C0C4E35EF52:t0, leader=null, voted=, raftlog=Memoized:16866294-0bab-4ae5-8da9-294ec4800f35@group-8C0C4E35EF52-SegmentedRaftLog:OPENED:c-1, conf=-1: peers:[16866294-0bab-4ae5-8da9-294ec4800f35|rpc:10.1.0.52:15067|admin:10.1.0.52:15066|client:10.1.0.52:15065|dataStream:10.1.0.52:15068|priority:0|startupRole:FOLLOWER, 6fb87cf7-6010-4447-ac68-4b216325e026|rpc:10.1.0.52:15076|admin:10.1.0.52:15075|client:10.1.0.52:15074|dataStream:10.1.0.52:15077|priority:1|startupRole:FOLLOWER, 85c49798-3560-4dc9-a596-09ecbe4a8df4|rpc:10.1.0.52:15085|admin:10.1.0.52:15084|client:10.1.0.52:15083|dataStream:10.1.0.52:15086|priority:0|startupRole:FOLLOWER]|listeners:[], old=null
2023-08-25 11:34:54,591 [16866294-0bab-4ae5-8da9-294ec4800f35-server-thread2] INFO  ratis.XceiverServerRatis (XceiverServerRatis.java:handleLeaderChangedNotification(902)) - Leader change notification received for group: group-D8CCD606C082 with new leaderId: 85c49798-3560-4dc9-a596-09ecbe4a8df4
2023-08-25 11:34:54,591 [16866294-0bab-4ae5-8da9-294ec4800f35-server-thread2] INFO  server.RaftServer$Division (ServerState.java:setLeader(317)) - 16866294-0bab-4ae5-8da9-294ec4800f35@group-D8CCD606C082: change Leader from null to 85c49798-3560-4dc9-a596-09ecbe4a8df4 at term 1 for appendEntries, leader elected after 5286ms
2023-08-25 11:34:54,599 [16866294-0bab-4ae5-8da9-294ec4800f35@group-8C0C4E35EF52-FollowerState] INFO  server.RaftServerConfigKeys (ConfUtils.java:logFallback(53)) - raft.server.rpc.first-election.timeout.min = 5s (fallback to raft.server.rpc.timeout.min)
2023-08-25 11:34:54,599 [16866294-0bab-4ae5-8da9-294ec4800f35@group-8C0C4E35EF52-FollowerState] INFO  server.RaftServerConfigKeys (ConfUtils.java:logFallback(53)) - raft.server.rpc.first-election.timeout.max = 5200ms (fallback to raft.server.rpc.timeout.max)
2023-08-25 11:34:54,616 [grpc-default-executor-8] INFO  server.RaftServer$Division (RaftServerImpl.java:requestVote(1302)) - 6fb87cf7-6010-4447-ac68-4b216325e026@group-8C0C4E35EF52: receive requestVote(PRE_VOTE, 85c49798-3560-4dc9-a596-09ecbe4a8df4, group-8C0C4E35EF52, 0, (t:0, i:0))
2023-08-25 11:34:54,616 [grpc-default-executor-8] INFO  impl.VoteContext (VoteContext.java:log(49)) - 6fb87cf7-6010-4447-ac68-4b216325e026@group-8C0C4E35EF52-FOLLOWER: reject PRE_VOTE from 85c49798-3560-4dc9-a596-09ecbe4a8df4: our priority 1 > candidate's priority 0
2023-08-25 11:34:54,616 [grpc-default-executor-8] INFO  server.RaftServer$Division (RaftServerImpl.java:requestVote(1335)) - 6fb87cf7-6010-4447-ac68-4b216325e026@group-8C0C4E35EF52 replies to PRE_VOTE vote request: 85c49798-3560-4dc9-a596-09ecbe4a8df4<-6fb87cf7-6010-4447-ac68-4b216325e026#0:FAIL-t0. Peer's state: 6fb87cf7-6010-4447-ac68-4b216325e026@group-8C0C4E35EF52:t0, leader=null, voted=, raftlog=Memoized:6fb87cf7-6010-4447-ac68-4b216325e026@group-8C0C4E35EF52-SegmentedRaftLog:OPENED:c-1, conf=-1: peers:[16866294-0bab-4ae5-8da9-294ec4800f35|rpc:10.1.0.52:15067|admin:10.1.0.52:15066|client:10.1.0.52:15065|dataStream:10.1.0.52:15068|priority:0|startupRole:FOLLOWER, 6fb87cf7-6010-4447-ac68-4b216325e026|rpc:10.1.0.52:15076|admin:10.1.0.52:15075|client:10.1.0.52:15074|dataStream:10.1.0.52:15077|priority:1|startupRole:FOLLOWER, 85c49798-3560-4dc9-a596-09ecbe4a8df4|rpc:10.1.0.52:15085|admin:10.1.0.52:15084|client:10.1.0.52:15083|dataStream:10.1.0.52:15086|priority:0|startupRole:FOLLOWER]|listeners:[], old=null
2023-08-25 11:34:54,616 [16866294-0bab-4ae5-8da9-294ec4800f35-server-thread1] INFO  server.RaftServer$Division (ServerState.java:setRaftConf(434)) - 16866294-0bab-4ae5-8da9-294ec4800f35@group-D8CCD606C082: set configuration 0: peers:[16866294-0bab-4ae5-8da9-294ec4800f35|rpc:10.1.0.52:15067|admin:10.1.0.52:15066|client:10.1.0.52:15065|dataStream:10.1.0.52:15068|priority:0|startupRole:FOLLOWER, 6fb87cf7-6010-4447-ac68-4b216325e026|rpc:10.1.0.52:15076|admin:10.1.0.52:15075|client:10.1.0.52:15074|dataStream:10.1.0.52:15077|priority:0|startupRole:FOLLOWER, 85c49798-3560-4dc9-a596-09ecbe4a8df4|rpc:10.1.0.52:15085|admin:10.1.0.52:15084|client:10.1.0.52:15083|dataStream:10.1.0.52:15086|priority:1|startupRole:FOLLOWER]|listeners:[], old=null
2023-08-25 11:34:54,617 [16866294-0bab-4ae5-8da9-294ec4800f35-server-thread1] INFO  segmented.SegmentedRaftLogWorker (SegmentedRaftLogWorker.java:startLogSegment(447)) - 16866294-0bab-4ae5-8da9-294ec4800f35@group-D8CCD606C082-SegmentedRaftLogWorker: Starting segment from index:0
2023-08-25 11:34:54,618 [85c49798-3560-4dc9-a596-09ecbe4a8df4@group-8C0C4E35EF52-LeaderElection14] INFO  impl.LeaderElection (LeaderElection.java:logAndReturn(90)) - 85c49798-3560-4dc9-a596-09ecbe4a8df4@group-8C0C4E35EF52-LeaderElection14: PRE_VOTE REJECTED received 2 response(s) and 0 exception(s):
2023-08-25 11:34:54,618 [85c49798-3560-4dc9-a596-09ecbe4a8df4@group-8C0C4E35EF52-LeaderElection14] INFO  impl.LeaderElection (LeaderElection.java:logAndReturn(94)) -   Response 0: 85c49798-3560-4dc9-a596-09ecbe4a8df4<-16866294-0bab-4ae5-8da9-294ec4800f35#0:OK-t0
2023-08-25 11:34:54,618 [85c49798-3560-4dc9-a596-09ecbe4a8df4@group-8C0C4E35EF52-LeaderElection14] INFO  impl.LeaderElection (LeaderElection.java:logAndReturn(94)) -   Response 1: 85c49798-3560-4dc9-a596-09ecbe4a8df4<-6fb87cf7-6010-4447-ac68-4b216325e026#0:FAIL-t0
2023-08-25 11:34:54,618 [85c49798-3560-4dc9-a596-09ecbe4a8df4@group-8C0C4E35EF52-LeaderElection14] INFO  impl.LeaderElection (LeaderElection.java:askForVotes(323)) - 85c49798-3560-4dc9-a596-09ecbe4a8df4@group-8C0C4E35EF52-LeaderElection14 PRE_VOTE round 0: result REJECTED
2023-08-25 11:34:54,619 [85c49798-3560-4dc9-a596-09ecbe4a8df4@group-8C0C4E35EF52-LeaderElection14] INFO  server.RaftServer$Division (RaftServerImpl.java:setRole(329)) - 85c49798-3560-4dc9-a596-09ecbe4a8df4@group-8C0C4E35EF52: changes role from CANDIDATE to FOLLOWER at term 0 for REJECTED
2023-08-25 11:34:54,619 [85c49798-3560-4dc9-a596-09ecbe4a8df4@group-8C0C4E35EF52-LeaderElection14] INFO  impl.RoleInfo (RoleInfo.java:shutdownLeaderElection(130)) - 85c49798-3560-4dc9-a596-09ecbe4a8df4: shutdown 85c49798-3560-4dc9-a596-09ecbe4a8df4@group-8C0C4E35EF52-LeaderElection14
2023-08-25 11:34:54,619 [85c49798-3560-4dc9-a596-09ecbe4a8df4@group-8C0C4E35EF52-LeaderElection14] INFO  impl.RoleInfo (RoleInfo.java:updateAndGet(139)) - 85c49798-3560-4dc9-a596-09ecbe4a8df4: start 85c49798-3560-4dc9-a596-09ecbe4a8df4@group-8C0C4E35EF52-FollowerState
2023-08-25 11:34:54,619 [16866294-0bab-4ae5-8da9-294ec4800f35@group-D8CCD606C082-SegmentedRaftLogWorker] INFO  segmented.SegmentedRaftLogWorker (SegmentedRaftLogWorker.java:execute(651)) - 16866294-0bab-4ae5-8da9-294ec4800f35@group-D8CCD606C082-SegmentedRaftLogWorker: created new log segment /home/runner/work/ozone/ozone/hadoop-ozone/integration-test/target/test-dir/MiniOzoneClusterImpl-36fc3352-0e59-45fd-a08b-0e99224ecb60/datanode-0/data/ratis/83bcb3aa-1d36-4ab4-b1d9-d8ccd606c082/current/log_inprogress_0
2023-08-25 11:34:54,636 [6fb87cf7-6010-4447-ac68-4b216325e026@group-8C0C4E35EF52-FollowerState] INFO  impl.FollowerState (FollowerState.java:run(143)) - 6fb87cf7-6010-4447-ac68-4b216325e026@group-8C0C4E35EF52-FollowerState: change to CANDIDATE, lastRpcElapsedTime:5054568983ns, electionTimeout:5048ms
2023-08-25 11:34:54,636 [6fb87cf7-6010-4447-ac68-4b216325e026@group-8C0C4E35EF52-FollowerState] INFO  impl.RoleInfo (RoleInfo.java:shutdownFollowerState(110)) - 6fb87cf7-6010-4447-ac68-4b216325e026: shutdown 6fb87cf7-6010-4447-ac68-4b216325e026@group-8C0C4E35EF52-FollowerState
2023-08-25 11:34:54,636 [6fb87cf7-6010-4447-ac68-4b216325e026@group-8C0C4E35EF52-FollowerState] INFO  server.RaftServer$Division (RaftServerImpl.java:setRole(329)) - 6fb87cf7-6010-4447-ac68-4b216325e026@group-8C0C4E35EF52: changes role from  FOLLOWER to CANDIDATE at term 0 for changeToCandidate
2023-08-25 11:34:54,637 [6fb87cf7-6010-4447-ac68-4b216325e026@group-8C0C4E35EF52-FollowerState] INFO  server.RaftServerConfigKeys (ConfUtils.java:logGet(46)) - raft.server.leaderelection.pre-vote = true (default)
2023-08-25 11:34:54,637 [6fb87cf7-6010-4447-ac68-4b216325e026@group-8C0C4E35EF52-FollowerState] INFO  impl.RoleInfo (RoleInfo.java:updateAndGet(139)) - 6fb87cf7-6010-4447-ac68-4b216325e026: start 6fb87cf7-6010-4447-ac68-4b216325e026@group-8C0C4E35EF52-LeaderElection15
2023-08-25 11:34:54,643 [6fb87cf7-6010-4447-ac68-4b216325e026@group-8C0C4E35EF52-LeaderElection15] INFO  impl.LeaderElection (LeaderElection.java:askForVotes(321)) - 6fb87cf7-6010-4447-ac68-4b216325e026@group-8C0C4E35EF52-LeaderElection15 PRE_VOTE round 0: submit vote requests at term 0 for -1: peers:[16866294-0bab-4ae5-8da9-294ec4800f35|rpc:10.1.0.52:15067|admin:10.1.0.52:15066|client:10.1.0.52:15065|dataStream:10.1.0.52:15068|priority:0|startupRole:FOLLOWER, 6fb87cf7-6010-4447-ac68-4b216325e026|rpc:10.1.0.52:15076|admin:10.1.0.52:15075|client:10.1.0.52:15074|dataStream:10.1.0.52:15077|priority:1|startupRole:FOLLOWER, 85c49798-3560-4dc9-a596-09ecbe4a8df4|rpc:10.1.0.52:15085|admin:10.1.0.52:15084|client:10.1.0.52:15083|dataStream:10.1.0.52:15086|priority:0|startupRole:FOLLOWER]|listeners:[], old=null
2023-08-25 11:34:54,644 [6fb87cf7-6010-4447-ac68-4b216325e026@group-8C0C4E35EF52-LeaderElection15-1] INFO  server.GrpcServerProtocolClient (GrpcServerProtocolClient.java:<init>(65)) - Build channel for 16866294-0bab-4ae5-8da9-294ec4800f35
2023-08-25 11:34:54,658 [6fb87cf7-6010-4447-ac68-4b216325e026@group-8C0C4E35EF52-LeaderElection15] INFO  server.RaftServerConfigKeys (ConfUtils.java:logFallback(53)) - raft.server.rpc.first-election.timeout.min = 5s (fallback to raft.server.rpc.timeout.min)
2023-08-25 11:34:54,658 [6fb87cf7-6010-4447-ac68-4b216325e026@group-8C0C4E35EF52-LeaderElection15] INFO  server.RaftServerConfigKeys (ConfUtils.java:logFallback(53)) - raft.server.rpc.first-election.timeout.max = 5200ms (fallback to raft.server.rpc.timeout.max)
2023-08-25 11:34:54,660 [6fb87cf7-6010-4447-ac68-4b216325e026@group-8C0C4E35EF52-LeaderElection15-2] INFO  server.GrpcServerProtocolClient (GrpcServerProtocolClient.java:<init>(65)) - Build channel for 85c49798-3560-4dc9-a596-09ecbe4a8df4
2023-08-25 11:34:54,662 [grpc-default-executor-2] INFO  server.RaftServer$Division (RaftServerImpl.java:requestVote(1302)) - 16866294-0bab-4ae5-8da9-294ec4800f35@group-8C0C4E35EF52: receive requestVote(PRE_VOTE, 6fb87cf7-6010-4447-ac68-4b216325e026, group-8C0C4E35EF52, 0, (t:0, i:0))
2023-08-25 11:34:54,662 [grpc-default-executor-2] INFO  impl.VoteContext (VoteContext.java:log(49)) - 16866294-0bab-4ae5-8da9-294ec4800f35@group-8C0C4E35EF52-FOLLOWER: accept PRE_VOTE from 6fb87cf7-6010-4447-ac68-4b216325e026: our priority 0 <= candidate's priority 1
2023-08-25 11:34:54,662 [grpc-default-executor-2] INFO  server.RaftServer$Division (RaftServerImpl.java:requestVote(1335)) - 16866294-0bab-4ae5-8da9-294ec4800f35@group-8C0C4E35EF52 replies to PRE_VOTE vote request: 6fb87cf7-6010-4447-ac68-4b216325e026<-16866294-0bab-4ae5-8da9-294ec4800f35#0:OK-t0. Peer's state: 16866294-0bab-4ae5-8da9-294ec4800f35@group-8C0C4E35EF52:t0, leader=null, voted=, raftlog=Memoized:16866294-0bab-4ae5-8da9-294ec4800f35@group-8C0C4E35EF52-SegmentedRaftLog:OPENED:c-1, conf=-1: peers:[16866294-0bab-4ae5-8da9-294ec4800f35|rpc:10.1.0.52:15067|admin:10.1.0.52:15066|client:10.1.0.52:15065|dataStream:10.1.0.52:15068|priority:0|startupRole:FOLLOWER, 6fb87cf7-6010-4447-ac68-4b216325e026|rpc:10.1.0.52:15076|admin:10.1.0.52:15075|client:10.1.0.52:15074|dataStream:10.1.0.52:15077|priority:1|startupRole:FOLLOWER, 85c49798-3560-4dc9-a596-09ecbe4a8df4|rpc:10.1.0.52:15085|admin:10.1.0.52:15084|client:10.1.0.52:15083|dataStream:10.1.0.52:15086|priority:0|startupRole:FOLLOWER]|listeners:[], old=null
2023-08-25 11:34:54,668 [6fb87cf7-6010-4447-ac68-4b216325e026@group-8C0C4E35EF52-LeaderElection15] INFO  impl.LeaderElection (LeaderElection.java:logAndReturn(90)) - 6fb87cf7-6010-4447-ac68-4b216325e026@group-8C0C4E35EF52-LeaderElection15: PRE_VOTE PASSED received 1 response(s) and 0 exception(s):
2023-08-25 11:34:54,668 [6fb87cf7-6010-4447-ac68-4b216325e026@group-8C0C4E35EF52-LeaderElection15] INFO  impl.LeaderElection (LeaderElection.java:logAndReturn(94)) -   Response 0: 6fb87cf7-6010-4447-ac68-4b216325e026<-16866294-0bab-4ae5-8da9-294ec4800f35#0:OK-t0
2023-08-25 11:34:54,668 [6fb87cf7-6010-4447-ac68-4b216325e026@group-8C0C4E35EF52-LeaderElection15] INFO  impl.LeaderElection (LeaderElection.java:askForVotes(323)) - 6fb87cf7-6010-4447-ac68-4b216325e026@group-8C0C4E35EF52-LeaderElection15 PRE_VOTE round 0: result PASSED
2023-08-25 11:34:54,672 [6fb87cf7-6010-4447-ac68-4b216325e026@group-8C0C4E35EF52-LeaderElection15] INFO  impl.LeaderElection (LeaderElection.java:askForVotes(321)) - 6fb87cf7-6010-4447-ac68-4b216325e026@group-8C0C4E35EF52-LeaderElection15 ELECTION round 0: submit vote requests at term 1 for -1: peers:[16866294-0bab-4ae5-8da9-294ec4800f35|rpc:10.1.0.52:15067|admin:10.1.0.52:15066|client:10.1.0.52:15065|dataStream:10.1.0.52:15068|priority:0|startupRole:FOLLOWER, 6fb87cf7-6010-4447-ac68-4b216325e026|rpc:10.1.0.52:15076|admin:10.1.0.52:15075|client:10.1.0.52:15074|dataStream:10.1.0.52:15077|priority:1|startupRole:FOLLOWER, 85c49798-3560-4dc9-a596-09ecbe4a8df4|rpc:10.1.0.52:15085|admin:10.1.0.52:15084|client:10.1.0.52:15083|dataStream:10.1.0.52:15086|priority:0|startupRole:FOLLOWER]|listeners:[], old=null
2023-08-25 11:34:54,674 [6fb87cf7-6010-4447-ac68-4b216325e026@group-8C0C4E35EF52-LeaderElection15] INFO  server.RaftServerConfigKeys (ConfUtils.java:logFallback(53)) - raft.server.rpc.first-election.timeout.min = 5s (fallback to raft.server.rpc.timeout.min)
2023-08-25 11:34:54,674 [6fb87cf7-6010-4447-ac68-4b216325e026@group-8C0C4E35EF52-LeaderElection15] INFO  server.RaftServerConfigKeys (ConfUtils.java:logFallback(53)) - raft.server.rpc.first-election.timeout.max = 5200ms (fallback to raft.server.rpc.timeout.max)
2023-08-25 11:34:54,684 [grpc-default-executor-2] INFO  server.RaftServer$Division (RaftServerImpl.java:requestVote(1302)) - 85c49798-3560-4dc9-a596-09ecbe4a8df4@group-8C0C4E35EF52: receive requestVote(ELECTION, 6fb87cf7-6010-4447-ac68-4b216325e026, group-8C0C4E35EF52, 1, (t:0, i:0))
2023-08-25 11:34:54,684 [grpc-default-executor-2] INFO  impl.VoteContext (VoteContext.java:log(49)) - 85c49798-3560-4dc9-a596-09ecbe4a8df4@group-8C0C4E35EF52-FOLLOWER: accept ELECTION from 6fb87cf7-6010-4447-ac68-4b216325e026: our priority 0 <= candidate's priority 1
2023-08-25 11:34:54,684 [grpc-default-executor-2] INFO  server.RaftServer$Division (RaftServerImpl.java:setRole(329)) - 85c49798-3560-4dc9-a596-09ecbe4a8df4@group-8C0C4E35EF52: changes role from  FOLLOWER to FOLLOWER at term 1 for candidate:6fb87cf7-6010-4447-ac68-4b216325e026
2023-08-25 11:34:54,684 [grpc-default-executor-2] INFO  impl.RoleInfo (RoleInfo.java:shutdownFollowerState(110)) - 85c49798-3560-4dc9-a596-09ecbe4a8df4: shutdown 85c49798-3560-4dc9-a596-09ecbe4a8df4@group-8C0C4E35EF52-FollowerState
2023-08-25 11:34:54,684 [grpc-default-executor-2] INFO  impl.RoleInfo (RoleInfo.java:updateAndGet(139)) - 85c49798-3560-4dc9-a596-09ecbe4a8df4: start 85c49798-3560-4dc9-a596-09ecbe4a8df4@group-8C0C4E35EF52-FollowerState
2023-08-25 11:34:54,684 [85c49798-3560-4dc9-a596-09ecbe4a8df4@group-8C0C4E35EF52-FollowerState] INFO  impl.FollowerState (FollowerState.java:run(152)) - 85c49798-3560-4dc9-a596-09ecbe4a8df4@group-8C0C4E35EF52-FollowerState was interrupted
2023-08-25 11:34:54,686 [grpc-default-executor-4] INFO  server.RaftServer$Division (RaftServerImpl.java:requestVote(1302)) - 85c49798-3560-4dc9-a596-09ecbe4a8df4@group-8C0C4E35EF52: receive requestVote(PRE_VOTE, 6fb87cf7-6010-4447-ac68-4b216325e026, group-8C0C4E35EF52, 0, (t:0, i:0))
2023-08-25 11:34:54,693 [grpc-default-executor-6] INFO  server.RaftServer$Division (RaftServerImpl.java:requestVote(1302)) - 16866294-0bab-4ae5-8da9-294ec4800f35@group-8C0C4E35EF52: receive requestVote(ELECTION, 6fb87cf7-6010-4447-ac68-4b216325e026, group-8C0C4E35EF52, 1, (t:0, i:0))
2023-08-25 11:34:54,693 [grpc-default-executor-6] INFO  impl.VoteContext (VoteContext.java:log(49)) - 16866294-0bab-4ae5-8da9-294ec4800f35@group-8C0C4E35EF52-FOLLOWER: accept ELECTION from 6fb87cf7-6010-4447-ac68-4b216325e026: our priority 0 <= candidate's priority 1
2023-08-25 11:34:54,693 [grpc-default-executor-6] INFO  server.RaftServer$Division (RaftServerImpl.java:setRole(329)) - 16866294-0bab-4ae5-8da9-294ec4800f35@group-8C0C4E35EF52: changes role from  FOLLOWER to FOLLOWER at term 1 for candidate:6fb87cf7-6010-4447-ac68-4b216325e026
2023-08-25 11:34:54,693 [grpc-default-executor-6] INFO  impl.RoleInfo (RoleInfo.java:shutdownFollowerState(110)) - 16866294-0bab-4ae5-8da9-294ec4800f35: shutdown 16866294-0bab-4ae5-8da9-294ec4800f35@group-8C0C4E35EF52-FollowerState
2023-08-25 11:34:54,693 [grpc-default-executor-6] INFO  impl.RoleInfo (RoleInfo.java:updateAndGet(139)) - 16866294-0bab-4ae5-8da9-294ec4800f35: start 16866294-0bab-4ae5-8da9-294ec4800f35@group-8C0C4E35EF52-FollowerState
2023-08-25 11:34:54,693 [16866294-0bab-4ae5-8da9-294ec4800f35@group-8C0C4E35EF52-FollowerState] INFO  impl.FollowerState (FollowerState.java:run(152)) - 16866294-0bab-4ae5-8da9-294ec4800f35@group-8C0C4E35EF52-FollowerState was interrupted
2023-08-25 11:34:54,694 [grpc-default-executor-2] INFO  server.RaftServer$Division (RaftServerImpl.java:requestVote(1335)) - 85c49798-3560-4dc9-a596-09ecbe4a8df4@group-8C0C4E35EF52 replies to ELECTION vote request: 6fb87cf7-6010-4447-ac68-4b216325e026<-85c49798-3560-4dc9-a596-09ecbe4a8df4#0:OK-t1. Peer's state: 85c49798-3560-4dc9-a596-09ecbe4a8df4@group-8C0C4E35EF52:t1, leader=null, voted=6fb87cf7-6010-4447-ac68-4b216325e026, raftlog=Memoized:85c49798-3560-4dc9-a596-09ecbe4a8df4@group-8C0C4E35EF52-SegmentedRaftLog:OPENED:c-1, conf=-1: peers:[16866294-0bab-4ae5-8da9-294ec4800f35|rpc:10.1.0.52:15067|admin:10.1.0.52:15066|client:10.1.0.52:15065|dataStream:10.1.0.52:15068|priority:0|startupRole:FOLLOWER, 6fb87cf7-6010-4447-ac68-4b216325e026|rpc:10.1.0.52:15076|admin:10.1.0.52:15075|client:10.1.0.52:15074|dataStream:10.1.0.52:15077|priority:1|startupRole:FOLLOWER, 85c49798-3560-4dc9-a596-09ecbe4a8df4|rpc:10.1.0.52:15085|admin:10.1.0.52:15084|client:10.1.0.52:15083|dataStream:10.1.0.52:15086|priority:0|startupRole:FOLLOWER]|listeners:[], old=null
2023-08-25 11:34:54,695 [grpc-default-executor-4] INFO  impl.VoteContext (VoteContext.java:log(49)) - 85c49798-3560-4dc9-a596-09ecbe4a8df4@group-8C0C4E35EF52-FOLLOWER: accept PRE_VOTE from 6fb87cf7-6010-4447-ac68-4b216325e026: our priority 0 <= candidate's priority 1
2023-08-25 11:34:54,695 [grpc-default-executor-4] INFO  server.RaftServer$Division (RaftServerImpl.java:requestVote(1335)) - 85c49798-3560-4dc9-a596-09ecbe4a8df4@group-8C0C4E35EF52 replies to PRE_VOTE vote request: 6fb87cf7-6010-4447-ac68-4b216325e026<-85c49798-3560-4dc9-a596-09ecbe4a8df4#0:OK-t1. Peer's state: 85c49798-3560-4dc9-a596-09ecbe4a8df4@group-8C0C4E35EF52:t1, leader=null, voted=6fb87cf7-6010-4447-ac68-4b216325e026, raftlog=Memoized:85c49798-3560-4dc9-a596-09ecbe4a8df4@group-8C0C4E35EF52-SegmentedRaftLog:OPENED:c-1, conf=-1: peers:[16866294-0bab-4ae5-8da9-294ec4800f35|rpc:10.1.0.52:15067|admin:10.1.0.52:15066|client:10.1.0.52:15065|dataStream:10.1.0.52:15068|priority:0|startupRole:FOLLOWER, 6fb87cf7-6010-4447-ac68-4b216325e026|rpc:10.1.0.52:15076|admin:10.1.0.52:15075|client:10.1.0.52:15074|dataStream:10.1.0.52:15077|priority:1|startupRole:FOLLOWER, 85c49798-3560-4dc9-a596-09ecbe4a8df4|rpc:10.1.0.52:15085|admin:10.1.0.52:15084|client:10.1.0.52:15083|dataStream:10.1.0.52:15086|priority:0|startupRole:FOLLOWER]|listeners:[], old=null
2023-08-25 11:34:54,705 [grpc-default-executor-6] INFO  server.RaftServer$Division (RaftServerImpl.java:requestVote(1335)) - 16866294-0bab-4ae5-8da9-294ec4800f35@group-8C0C4E35EF52 replies to ELECTION vote request: 6fb87cf7-6010-4447-ac68-4b216325e026<-16866294-0bab-4ae5-8da9-294ec4800f35#0:OK-t1. Peer's state: 16866294-0bab-4ae5-8da9-294ec4800f35@group-8C0C4E35EF52:t1, leader=null, voted=6fb87cf7-6010-4447-ac68-4b216325e026, raftlog=Memoized:16866294-0bab-4ae5-8da9-294ec4800f35@group-8C0C4E35EF52-SegmentedRaftLog:OPENED:c-1, conf=-1: peers:[16866294-0bab-4ae5-8da9-294ec4800f35|rpc:10.1.0.52:15067|admin:10.1.0.52:15066|client:10.1.0.52:15065|dataStream:10.1.0.52:15068|priority:0|startupRole:FOLLOWER, 6fb87cf7-6010-4447-ac68-4b216325e026|rpc:10.1.0.52:15076|admin:10.1.0.52:15075|client:10.1.0.52:15074|dataStream:10.1.0.52:15077|priority:1|startupRole:FOLLOWER, 85c49798-3560-4dc9-a596-09ecbe4a8df4|rpc:10.1.0.52:15085|admin:10.1.0.52:15084|client:10.1.0.52:15083|dataStream:10.1.0.52:15086|priority:0|startupRole:FOLLOWER]|listeners:[], old=null
2023-08-25 11:34:54,707 [6fb87cf7-6010-4447-ac68-4b216325e026@group-8C0C4E35EF52-LeaderElection15] INFO  impl.LeaderElection (LeaderElection.java:logAndReturn(90)) - 6fb87cf7-6010-4447-ac68-4b216325e026@group-8C0C4E35EF52-LeaderElection15: ELECTION PASSED received 1 response(s) and 0 exception(s):
2023-08-25 11:34:54,707 [6fb87cf7-6010-4447-ac68-4b216325e026@group-8C0C4E35EF52-LeaderElection15] INFO  impl.LeaderElection (LeaderElection.java:logAndReturn(94)) -   Response 0: 6fb87cf7-6010-4447-ac68-4b216325e026<-85c49798-3560-4dc9-a596-09ecbe4a8df4#0:OK-t1
2023-08-25 11:34:54,707 [6fb87cf7-6010-4447-ac68-4b216325e026@group-8C0C4E35EF52-LeaderElection15] INFO  impl.LeaderElection (LeaderElection.java:askForVotes(323)) - 6fb87cf7-6010-4447-ac68-4b216325e026@group-8C0C4E35EF52-LeaderElection15 ELECTION round 0: result PASSED
2023-08-25 11:34:54,707 [6fb87cf7-6010-4447-ac68-4b216325e026@group-8C0C4E35EF52-LeaderElection15] INFO  impl.RoleInfo (RoleInfo.java:shutdownLeaderElection(130)) - 6fb87cf7-6010-4447-ac68-4b216325e026: shutdown 6fb87cf7-6010-4447-ac68-4b216325e026@group-8C0C4E35EF52-LeaderElection15
2023-08-25 11:34:54,707 [6fb87cf7-6010-4447-ac68-4b216325e026@group-8C0C4E35EF52-LeaderElection15] INFO  server.RaftServer$Division (RaftServerImpl.java:setRole(329)) - 6fb87cf7-6010-4447-ac68-4b216325e026@group-8C0C4E35EF52: changes role from CANDIDATE to LEADER at term 1 for changeToLeader
2023-08-25 11:34:54,707 [6fb87cf7-6010-4447-ac68-4b216325e026@group-8C0C4E35EF52-LeaderElection15] INFO  ratis.XceiverServerRatis (XceiverServerRatis.java:handleLeaderChangedNotification(902)) - Leader change notification received for group: group-8C0C4E35EF52 with new leaderId: 6fb87cf7-6010-4447-ac68-4b216325e026
2023-08-25 11:34:54,707 [6fb87cf7-6010-4447-ac68-4b216325e026@group-8C0C4E35EF52-LeaderElection15] INFO  server.RaftServer$Division (ServerState.java:setLeader(317)) - 6fb87cf7-6010-4447-ac68-4b216325e026@group-8C0C4E35EF52: change Leader from null to 6fb87cf7-6010-4447-ac68-4b216325e026 at term 1 for becomeLeader, leader elected after 5149ms
2023-08-25 11:34:54,707 [6fb87cf7-6010-4447-ac68-4b216325e026@group-8C0C4E35EF52-LeaderElection15] INFO  server.RaftServerConfigKeys (ConfUtils.java:logGet(46)) - raft.server.staging.catchup.gap = 1000 (default)
2023-08-25 11:34:54,708 [6fb87cf7-6010-4447-ac68-4b216325e026@group-8C0C4E35EF52-LeaderElection15] INFO  server.RaftServerConfigKeys (ConfUtils.java:logGet(46)) - raft.server.write.element-limit = 1024 (custom)
2023-08-25 11:34:54,708 [6fb87cf7-6010-4447-ac68-4b216325e026@group-8C0C4E35EF52-LeaderElection15] INFO  server.RaftServerConfigKeys (ConfUtils.java:logGet(46)) - raft.server.write.byte-limit = 1024 M (=1073741824) (custom)
2023-08-25 11:34:54,708 [6fb87cf7-6010-4447-ac68-4b216325e026@group-8C0C4E35EF52-LeaderElection15] INFO  server.RaftServerConfigKeys (ConfUtils.java:logGet(46)) - raft.server.watch.timeout = 180s (custom)
2023-08-25 11:34:54,708 [6fb87cf7-6010-4447-ac68-4b216325e026@group-8C0C4E35EF52-LeaderElection15] INFO  server.RaftServerConfigKeys (ConfUtils.java:logGet(46)) - raft.server.watch.timeout.denomination = 1s (default)
2023-08-25 11:34:54,708 [6fb87cf7-6010-4447-ac68-4b216325e026@group-8C0C4E35EF52-LeaderElection15] INFO  server.RaftServerConfigKeys (ConfUtils.java:logGet(46)) - raft.server.watch.element-limit = 65536 (default)
2023-08-25 11:34:54,708 [6fb87cf7-6010-4447-ac68-4b216325e026@group-8C0C4E35EF52-LeaderElection15] INFO  server.RaftServerConfigKeys (ConfUtils.java:logGet(46)) - raft.server.write.element-limit = 1024 (custom)
2023-08-25 11:34:54,708 [6fb87cf7-6010-4447-ac68-4b216325e026@group-8C0C4E35EF52-LeaderElection15] INFO  server.RaftServerConfigKeys (ConfUtils.java:logGet(46)) - raft.server.write.follower.gap.ratio.max = -1.0 (default)
2023-08-25 11:34:54,709 [6fb87cf7-6010-4447-ac68-4b216325e026@group-8C0C4E35EF52-LeaderElection15] INFO  server.RaftServerConfigKeys (ConfUtils.java:logGet(46)) - raft.server.log.appender.snapshot.chunk.size.max = 16MB (=16777216) (default)
2023-08-25 11:34:54,709 [6fb87cf7-6010-4447-ac68-4b216325e026@group-8C0C4E35EF52-LeaderElection15] INFO  server.RaftServerConfigKeys (ConfUtils.java:logGet(46)) - raft.server.log.appender.buffer.byte-limit = 33554432 (custom)
2023-08-25 11:34:54,710 [6fb87cf7-6010-4447-ac68-4b216325e026@group-8C0C4E35EF52-LeaderElection15] INFO  server.RaftServerConfigKeys (ConfUtils.java:logGet(46)) - raft.server.log.appender.buffer.element-limit = 1 (custom)
2023-08-25 11:34:54,711 [6fb87cf7-6010-4447-ac68-4b216325e026@group-8C0C4E35EF52-LeaderElection15] INFO  server.RaftServerConfigKeys (ConfUtils.java:logGet(46)) - raft.server.log.appender.wait-time.min = 10ms (default)
2023-08-25 11:34:54,711 [6fb87cf7-6010-4447-ac68-4b216325e026@group-8C0C4E35EF52-LeaderElection15] INFO  grpc.GrpcConfigKeys (ConfUtils.java:logGet(46)) - raft.grpc.server.leader.outstanding.appends.max = 128 (default)
2023-08-25 11:34:54,711 [6fb87cf7-6010-4447-ac68-4b216325e026@group-8C0C4E35EF52-LeaderElection15] INFO  server.RaftServerConfigKeys (ConfUtils.java:logGet(46)) - raft.server.rpc.request.timeout = 60s (custom)
2023-08-25 11:34:54,711 [6fb87cf7-6010-4447-ac68-4b216325e026@group-8C0C4E35EF52-LeaderElection15] INFO  grpc.GrpcConfigKeys (ConfUtils.java:logGet(46)) - raft.grpc.server.install_snapshot.request.element-limit = 8 (default)
2023-08-25 11:34:54,711 [6fb87cf7-6010-4447-ac68-4b216325e026@group-8C0C4E35EF52-LeaderElection15] INFO  grpc.GrpcConfigKeys (ConfUtils.java:logGet(46)) - raft.grpc.server.install_snapshot.request.timeout = 3000ms (default)
2023-08-25 11:34:54,711 [6fb87cf7-6010-4447-ac68-4b216325e026@group-8C0C4E35EF52-LeaderElection15] INFO  server.RaftServerConfigKeys (ConfUtils.java:logGet(46)) - raft.server.log.appender.install.snapshot.enabled = false (custom)
2023-08-25 11:34:54,711 [6fb87cf7-6010-4447-ac68-4b216325e026@group-8C0C4E35EF52-LeaderElection15] INFO  grpc.GrpcConfigKeys (ConfUtils.java:logGet(46)) - raft.grpc.server.heartbeat.channel = true (default)
2023-08-25 11:34:54,712 [6fb87cf7-6010-4447-ac68-4b216325e026@group-8C0C4E35EF52-LeaderElection15] INFO  server.RaftServerConfigKeys (ConfUtils.java:logGet(46)) - raft.server.log.appender.snapshot.chunk.size.max = 16MB (=16777216) (default)
2023-08-25 11:34:54,712 [6fb87cf7-6010-4447-ac68-4b216325e026@group-8C0C4E35EF52-LeaderElection15] INFO  server.RaftServerConfigKeys (ConfUtils.java:logGet(46)) - raft.server.log.appender.buffer.byte-limit = 33554432 (custom)
2023-08-25 11:34:54,712 [6fb87cf7-6010-4447-ac68-4b216325e026@group-8C0C4E35EF52-LeaderElection15] INFO  server.RaftServerConfigKeys (ConfUtils.java:logGet(46)) - raft.server.log.appender.buffer.element-limit = 1 (custom)
2023-08-25 11:34:54,712 [6fb87cf7-6010-4447-ac68-4b216325e026@group-8C0C4E35EF52-LeaderElection15] INFO  server.RaftServerConfigKeys (ConfUtils.java:logGet(46)) - raft.server.log.appender.wait-time.min = 10ms (default)
2023-08-25 11:34:54,713 [6fb87cf7-6010-4447-ac68-4b216325e026@group-8C0C4E35EF52-LeaderElection15] INFO  grpc.GrpcConfigKeys (ConfUtils.java:logGet(46)) - raft.grpc.server.leader.outstanding.appends.max = 128 (default)
2023-08-25 11:34:54,713 [6fb87cf7-6010-4447-ac68-4b216325e026@group-8C0C4E35EF52-LeaderElection15] INFO  server.RaftServerConfigKeys (ConfUtils.java:logGet(46)) - raft.server.rpc.request.timeout = 60s (custom)
2023-08-25 11:34:54,713 [6fb87cf7-6010-4447-ac68-4b216325e026@group-8C0C4E35EF52-LeaderElection15] INFO  grpc.GrpcConfigKeys (ConfUtils.java:logGet(46)) - raft.grpc.server.install_snapshot.request.element-limit = 8 (default)
2023-08-25 11:34:54,713 [6fb87cf7-6010-4447-ac68-4b216325e026@group-8C0C4E35EF52-LeaderElection15] INFO  grpc.GrpcConfigKeys (ConfUtils.java:logGet(46)) - raft.grpc.server.install_snapshot.request.timeout = 3000ms (default)
2023-08-25 11:34:54,713 [6fb87cf7-6010-4447-ac68-4b216325e026@group-8C0C4E35EF52-LeaderElection15] INFO  server.RaftServerConfigKeys (ConfUtils.java:logGet(46)) - raft.server.log.appender.install.snapshot.enabled = false (custom)
2023-08-25 11:34:54,713 [6fb87cf7-6010-4447-ac68-4b216325e026@group-8C0C4E35EF52-LeaderElection15] INFO  grpc.GrpcConfigKeys (ConfUtils.java:logGet(46)) - raft.grpc.server.heartbeat.channel = true (default)
2023-08-25 11:34:54,713 [6fb87cf7-6010-4447-ac68-4b216325e026@group-8C0C4E35EF52-LeaderElection15] INFO  impl.RoleInfo (RoleInfo.java:updateAndGet(139)) - 6fb87cf7-6010-4447-ac68-4b216325e026: start 6fb87cf7-6010-4447-ac68-4b216325e026@group-8C0C4E35EF52-LeaderStateImpl
2023-08-25 11:34:54,713 [EventQueue-PipelineReportForPipelineReportHandler] INFO  pipeline.PipelineReportHandler (PipelineReportHandler.java:processPipelineReport(136)) - Opened pipeline PipelineID=da625676-3909-44fd-8a2b-8c0c4e35ef52
2023-08-25 11:34:54,713 [6fb87cf7-6010-4447-ac68-4b216325e026@group-8C0C4E35EF52-LeaderElection15] INFO  segmented.SegmentedRaftLogWorker (SegmentedRaftLogWorker.java:startLogSegment(447)) - 6fb87cf7-6010-4447-ac68-4b216325e026@group-8C0C4E35EF52-SegmentedRaftLogWorker: Starting segment from index:0
2023-08-25 11:34:54,717 [6fb87cf7-6010-4447-ac68-4b216325e026@group-8C0C4E35EF52-SegmentedRaftLogWorker] INFO  segmented.SegmentedRaftLogWorker (SegmentedRaftLogWorker.java:execute(651)) - 6fb87cf7-6010-4447-ac68-4b216325e026@group-8C0C4E35EF52-SegmentedRaftLogWorker: created new log segment /home/runner/work/ozone/ozone/hadoop-ozone/integration-test/target/test-dir/MiniOzoneClusterImpl-36fc3352-0e59-45fd-a08b-0e99224ecb60/datanode-1/data/ratis/da625676-3909-44fd-8a2b-8c0c4e35ef52/current/log_inprogress_0
2023-08-25 11:34:54,723 [6fb87cf7-6010-4447-ac68-4b216325e026@group-8C0C4E35EF52-LeaderElection15] INFO  server.RaftServer$Division (ServerState.java:setRaftConf(434)) - 6fb87cf7-6010-4447-ac68-4b216325e026@group-8C0C4E35EF52: set configuration 0: peers:[16866294-0bab-4ae5-8da9-294ec4800f35|rpc:10.1.0.52:15067|admin:10.1.0.52:15066|client:10.1.0.52:15065|dataStream:10.1.0.52:15068|priority:0|startupRole:FOLLOWER, 6fb87cf7-6010-4447-ac68-4b216325e026|rpc:10.1.0.52:15076|admin:10.1.0.52:15075|client:10.1.0.52:15074|dataStream:10.1.0.52:15077|priority:1|startupRole:FOLLOWER, 85c49798-3560-4dc9-a596-09ecbe4a8df4|rpc:10.1.0.52:15085|admin:10.1.0.52:15084|client:10.1.0.52:15083|dataStream:10.1.0.52:15086|priority:0|startupRole:FOLLOWER]|listeners:[], old=null
2023-08-25 11:34:54,743 [85c49798-3560-4dc9-a596-09ecbe4a8df4-server-thread1] INFO  ratis.XceiverServerRatis (XceiverServerRatis.java:handleLeaderChangedNotification(902)) - Leader change notification received for group: group-8C0C4E35EF52 with new leaderId: 6fb87cf7-6010-4447-ac68-4b216325e026
2023-08-25 11:34:54,743 [85c49798-3560-4dc9-a596-09ecbe4a8df4-server-thread1] INFO  server.RaftServer$Division (ServerState.java:setLeader(317)) - 85c49798-3560-4dc9-a596-09ecbe4a8df4@group-8C0C4E35EF52: change Leader from null to 6fb87cf7-6010-4447-ac68-4b216325e026 at term 1 for appendEntries, leader elected after 5243ms
2023-08-25 11:34:54,766 [16866294-0bab-4ae5-8da9-294ec4800f35-server-thread1] INFO  ratis.XceiverServerRatis (XceiverServerRatis.java:handleLeaderChangedNotification(902)) - Leader change notification received for group: group-8C0C4E35EF52 with new leaderId: 6fb87cf7-6010-4447-ac68-4b216325e026
2023-08-25 11:34:54,766 [16866294-0bab-4ae5-8da9-294ec4800f35-server-thread1] INFO  server.RaftServer$Division (ServerState.java:setLeader(317)) - 16866294-0bab-4ae5-8da9-294ec4800f35@group-8C0C4E35EF52: change Leader from null to 6fb87cf7-6010-4447-ac68-4b216325e026 at term 1 for appendEntries, leader elected after 5308ms
2023-08-25 11:34:54,777 [85c49798-3560-4dc9-a596-09ecbe4a8df4-server-thread3] INFO  server.RaftServer$Division (ServerState.java:setRaftConf(434)) - 85c49798-3560-4dc9-a596-09ecbe4a8df4@group-8C0C4E35EF52: set configuration 0: peers:[16866294-0bab-4ae5-8da9-294ec4800f35|rpc:10.1.0.52:15067|admin:10.1.0.52:15066|client:10.1.0.52:15065|dataStream:10.1.0.52:15068|priority:0|startupRole:FOLLOWER, 6fb87cf7-6010-4447-ac68-4b216325e026|rpc:10.1.0.52:15076|admin:10.1.0.52:15075|client:10.1.0.52:15074|dataStream:10.1.0.52:15077|priority:1|startupRole:FOLLOWER, 85c49798-3560-4dc9-a596-09ecbe4a8df4|rpc:10.1.0.52:15085|admin:10.1.0.52:15084|client:10.1.0.52:15083|dataStream:10.1.0.52:15086|priority:0|startupRole:FOLLOWER]|listeners:[], old=null
2023-08-25 11:34:54,778 [85c49798-3560-4dc9-a596-09ecbe4a8df4-server-thread3] INFO  segmented.SegmentedRaftLogWorker (SegmentedRaftLogWorker.java:startLogSegment(447)) - 85c49798-3560-4dc9-a596-09ecbe4a8df4@group-8C0C4E35EF52-SegmentedRaftLogWorker: Starting segment from index:0
2023-08-25 11:34:54,779 [16866294-0bab-4ae5-8da9-294ec4800f35-server-thread2] INFO  server.RaftServer$Division (ServerState.java:setRaftConf(434)) - 16866294-0bab-4ae5-8da9-294ec4800f35@group-8C0C4E35EF52: set configuration 0: peers:[16866294-0bab-4ae5-8da9-294ec4800f35|rpc:10.1.0.52:15067|admin:10.1.0.52:15066|client:10.1.0.52:15065|dataStream:10.1.0.52:15068|priority:0|startupRole:FOLLOWER, 6fb87cf7-6010-4447-ac68-4b216325e026|rpc:10.1.0.52:15076|admin:10.1.0.52:15075|client:10.1.0.52:15074|dataStream:10.1.0.52:15077|priority:1|startupRole:FOLLOWER, 85c49798-3560-4dc9-a596-09ecbe4a8df4|rpc:10.1.0.52:15085|admin:10.1.0.52:15084|client:10.1.0.52:15083|dataStream:10.1.0.52:15086|priority:0|startupRole:FOLLOWER]|listeners:[], old=null
2023-08-25 11:34:54,779 [16866294-0bab-4ae5-8da9-294ec4800f35-server-thread2] INFO  segmented.SegmentedRaftLogWorker (SegmentedRaftLogWorker.java:startLogSegment(447)) - 16866294-0bab-4ae5-8da9-294ec4800f35@group-8C0C4E35EF52-SegmentedRaftLogWorker: Starting segment from index:0
2023-08-25 11:34:54,781 [85c49798-3560-4dc9-a596-09ecbe4a8df4@group-8C0C4E35EF52-SegmentedRaftLogWorker] INFO  segmented.SegmentedRaftLogWorker (SegmentedRaftLogWorker.java:execute(651)) - 85c49798-3560-4dc9-a596-09ecbe4a8df4@group-8C0C4E35EF52-SegmentedRaftLogWorker: created new log segment /home/runner/work/ozone/ozone/hadoop-ozone/integration-test/target/test-dir/MiniOzoneClusterImpl-36fc3352-0e59-45fd-a08b-0e99224ecb60/datanode-2/data/ratis/da625676-3909-44fd-8a2b-8c0c4e35ef52/current/log_inprogress_0
2023-08-25 11:34:54,782 [16866294-0bab-4ae5-8da9-294ec4800f35@group-8C0C4E35EF52-SegmentedRaftLogWorker] INFO  segmented.SegmentedRaftLogWorker (SegmentedRaftLogWorker.java:execute(651)) - 16866294-0bab-4ae5-8da9-294ec4800f35@group-8C0C4E35EF52-SegmentedRaftLogWorker: created new log segment /home/runner/work/ozone/ozone/hadoop-ozone/integration-test/target/test-dir/MiniOzoneClusterImpl-36fc3352-0e59-45fd-a08b-0e99224ecb60/datanode-0/data/ratis/da625676-3909-44fd-8a2b-8c0c4e35ef52/current/log_inprogress_0
2023-08-25 11:34:54,905 [6fb87cf7-6010-4447-ac68-4b216325e026@group-19946E6547A9-FollowerState] INFO  impl.FollowerState (FollowerState.java:run(143)) - 6fb87cf7-6010-4447-ac68-4b216325e026@group-19946E6547A9-FollowerState: change to CANDIDATE, lastRpcElapsedTime:5150432074ns, electionTimeout:5144ms
2023-08-25 11:34:54,906 [6fb87cf7-6010-4447-ac68-4b216325e026@group-19946E6547A9-FollowerState] INFO  impl.RoleInfo (RoleInfo.java:shutdownFollowerState(110)) - 6fb87cf7-6010-4447-ac68-4b216325e026: shutdown 6fb87cf7-6010-4447-ac68-4b216325e026@group-19946E6547A9-FollowerState
2023-08-25 11:34:54,906 [6fb87cf7-6010-4447-ac68-4b216325e026@group-19946E6547A9-FollowerState] INFO  server.RaftServer$Division (RaftServerImpl.java:setRole(329)) - 6fb87cf7-6010-4447-ac68-4b216325e026@group-19946E6547A9: changes role from  FOLLOWER to CANDIDATE at term 0 for changeToCandidate
2023-08-25 11:34:54,906 [6fb87cf7-6010-4447-ac68-4b216325e026@group-19946E6547A9-FollowerState] INFO  server.RaftServerConfigKeys (ConfUtils.java:logGet(46)) - raft.server.leaderelection.pre-vote = true (default)
2023-08-25 11:34:54,906 [6fb87cf7-6010-4447-ac68-4b216325e026@group-19946E6547A9-FollowerState] INFO  impl.RoleInfo (RoleInfo.java:updateAndGet(139)) - 6fb87cf7-6010-4447-ac68-4b216325e026: start 6fb87cf7-6010-4447-ac68-4b216325e026@group-19946E6547A9-LeaderElection16
2023-08-25 11:34:54,911 [6fb87cf7-6010-4447-ac68-4b216325e026@group-19946E6547A9-LeaderElection16] INFO  impl.LeaderElection (LeaderElection.java:askForVotes(321)) - 6fb87cf7-6010-4447-ac68-4b216325e026@group-19946E6547A9-LeaderElection16 PRE_VOTE round 0: submit vote requests at term 0 for -1: peers:[6fb87cf7-6010-4447-ac68-4b216325e026|rpc:10.1.0.52:15076|admin:10.1.0.52:15075|client:10.1.0.52:15074|dataStream:10.1.0.52:15077|priority:1|startupRole:FOLLOWER]|listeners:[], old=null
2023-08-25 11:34:54,911 [6fb87cf7-6010-4447-ac68-4b216325e026@group-19946E6547A9-LeaderElection16] INFO  impl.LeaderElection (LeaderElection.java:askForVotes(323)) - 6fb87cf7-6010-4447-ac68-4b216325e026@group-19946E6547A9-LeaderElection16 PRE_VOTE round 0: result PASSED (term=0)
2023-08-25 11:34:54,911 [main] INFO  ozone.MiniOzoneClusterImpl (MiniOzoneClusterImpl.java:lambda$waitForClusterToBeReady$0(224)) - Nodes are ready. Got 5 of 5 DN Heartbeats.
2023-08-25 11:34:54,911 [main] INFO  ozone.MiniOzoneClusterImpl (MiniOzoneClusterImpl.java:lambda$waitForClusterToBeReady$0(227)) - Cluster exits safe mode
2023-08-25 11:34:54,911 [main] INFO  ozone.MiniOzoneClusterImpl (MiniOzoneClusterImpl.java:lambda$waitForClusterToBeReady$0(229)) - SCM became leader
2023-08-25 11:34:54,927 [6fb87cf7-6010-4447-ac68-4b216325e026@group-19946E6547A9-LeaderElection16] INFO  impl.LeaderElection (LeaderElection.java:askForVotes(321)) - 6fb87cf7-6010-4447-ac68-4b216325e026@group-19946E6547A9-LeaderElection16 ELECTION round 0: submit vote requests at term 1 for -1: peers:[6fb87cf7-6010-4447-ac68-4b216325e026|rpc:10.1.0.52:15076|admin:10.1.0.52:15075|client:10.1.0.52:15074|dataStream:10.1.0.52:15077|priority:1|startupRole:FOLLOWER]|listeners:[], old=null
2023-08-25 11:34:54,927 [6fb87cf7-6010-4447-ac68-4b216325e026@group-19946E6547A9-LeaderElection16] INFO  impl.LeaderElection (LeaderElection.java:askForVotes(323)) - 6fb87cf7-6010-4447-ac68-4b216325e026@group-19946E6547A9-LeaderElection16 ELECTION round 0: result PASSED (term=1)
2023-08-25 11:34:54,927 [6fb87cf7-6010-4447-ac68-4b216325e026@group-19946E6547A9-LeaderElection16] INFO  impl.RoleInfo (RoleInfo.java:shutdownLeaderElection(130)) - 6fb87cf7-6010-4447-ac68-4b216325e026: shutdown 6fb87cf7-6010-4447-ac68-4b216325e026@group-19946E6547A9-LeaderElection16
2023-08-25 11:34:54,928 [6fb87cf7-6010-4447-ac68-4b216325e026@group-19946E6547A9-LeaderElection16] INFO  server.RaftServer$Division (RaftServerImpl.java:setRole(329)) - 6fb87cf7-6010-4447-ac68-4b216325e026@group-19946E6547A9: changes role from CANDIDATE to LEADER at term 1 for changeToLeader
2023-08-25 11:34:54,928 [6fb87cf7-6010-4447-ac68-4b216325e026@group-19946E6547A9-LeaderElection16] INFO  ratis.XceiverServerRatis (XceiverServerRatis.java:handleLeaderChangedNotification(902)) - Leader change notification received for group: group-19946E6547A9 with new leaderId: 6fb87cf7-6010-4447-ac68-4b216325e026
2023-08-25 11:34:54,928 [6fb87cf7-6010-4447-ac68-4b216325e026@group-19946E6547A9-LeaderElection16] INFO  server.RaftServer$Division (ServerState.java:setLeader(317)) - 6fb87cf7-6010-4447-ac68-4b216325e026@group-19946E6547A9: change Leader from null to 6fb87cf7-6010-4447-ac68-4b216325e026 at term 1 for becomeLeader, leader elected after 5198ms
2023-08-25 11:34:54,928 [6fb87cf7-6010-4447-ac68-4b216325e026@group-19946E6547A9-LeaderElection16] INFO  server.RaftServerConfigKeys (ConfUtils.java:logGet(46)) - raft.server.staging.catchup.gap = 1000 (default)
2023-08-25 11:34:54,928 [6fb87cf7-6010-4447-ac68-4b216325e026@group-19946E6547A9-LeaderElection16] INFO  server.RaftServerConfigKeys (ConfUtils.java:logGet(46)) - raft.server.write.element-limit = 1024 (custom)
2023-08-25 11:34:54,929 [6fb87cf7-6010-4447-ac68-4b216325e026@group-19946E6547A9-LeaderElection16] INFO  server.RaftServerConfigKeys (ConfUtils.java:logGet(46)) - raft.server.write.byte-limit = 1024 M (=1073741824) (custom)
2023-08-25 11:34:54,930 [6fb87cf7-6010-4447-ac68-4b216325e026@group-19946E6547A9-LeaderElection16] INFO  server.RaftServerConfigKeys (ConfUtils.java:logGet(46)) - raft.server.watch.timeout = 180s (custom)
2023-08-25 11:34:54,930 [6fb87cf7-6010-4447-ac68-4b216325e026@group-19946E6547A9-LeaderElection16] INFO  server.RaftServerConfigKeys (ConfUtils.java:logGet(46)) - raft.server.watch.timeout.denomination = 1s (default)
2023-08-25 11:34:54,930 [6fb87cf7-6010-4447-ac68-4b216325e026@group-19946E6547A9-LeaderElection16] INFO  server.RaftServerConfigKeys (ConfUtils.java:logGet(46)) - raft.server.watch.element-limit = 65536 (default)
2023-08-25 11:34:54,930 [6fb87cf7-6010-4447-ac68-4b216325e026@group-19946E6547A9-LeaderElection16] INFO  server.RaftServerConfigKeys (ConfUtils.java:logGet(46)) - raft.server.write.element-limit = 1024 (custom)
2023-08-25 11:34:54,930 [6fb87cf7-6010-4447-ac68-4b216325e026@group-19946E6547A9-LeaderElection16] INFO  server.RaftServerConfigKeys (ConfUtils.java:logGet(46)) - raft.server.write.follower.gap.ratio.max = -1.0 (default)
2023-08-25 11:34:54,930 [6fb87cf7-6010-4447-ac68-4b216325e026@group-19946E6547A9-LeaderElection16] INFO  impl.RoleInfo (RoleInfo.java:updateAndGet(139)) - 6fb87cf7-6010-4447-ac68-4b216325e026: start 6fb87cf7-6010-4447-ac68-4b216325e026@group-19946E6547A9-LeaderStateImpl
2023-08-25 11:34:54,930 [6fb87cf7-6010-4447-ac68-4b216325e026@group-19946E6547A9-LeaderElection16] INFO  segmented.SegmentedRaftLogWorker (SegmentedRaftLogWorker.java:startLogSegment(447)) - 6fb87cf7-6010-4447-ac68-4b216325e026@group-19946E6547A9-SegmentedRaftLogWorker: Starting segment from index:0
2023-08-25 11:34:54,932 [6fb87cf7-6010-4447-ac68-4b216325e026@group-19946E6547A9-SegmentedRaftLogWorker] INFO  segmented.SegmentedRaftLogWorker (SegmentedRaftLogWorker.java:execute(651)) - 6fb87cf7-6010-4447-ac68-4b216325e026@group-19946E6547A9-SegmentedRaftLogWorker: created new log segment /home/runner/work/ozone/ozone/hadoop-ozone/integration-test/target/test-dir/MiniOzoneClusterImpl-36fc3352-0e59-45fd-a08b-0e99224ecb60/datanode-1/data/ratis/0a02ccf8-7670-4ede-b292-19946e6547a9/current/log_inprogress_0
2023-08-25 11:34:54,941 [6fb87cf7-6010-4447-ac68-4b216325e026@group-19946E6547A9-LeaderElection16] INFO  server.RaftServer$Division (ServerState.java:setRaftConf(434)) - 6fb87cf7-6010-4447-ac68-4b216325e026@group-19946E6547A9: set configuration 0: peers:[6fb87cf7-6010-4447-ac68-4b216325e026|rpc:10.1.0.52:15076|admin:10.1.0.52:15075|client:10.1.0.52:15074|dataStream:10.1.0.52:15077|priority:1|startupRole:FOLLOWER]|listeners:[], old=null
2023-08-25 11:34:54,944 [main] INFO  rpc.RpcClient (RpcClient.java:createVolume(461)) - Creating Volume: volume67780, with user40278 as owner and space quota set to -1 bytes, counts quota set to -1
2023-08-25 11:34:54,947 [IPC Server handler 0 on default port 15057] INFO  volume.OMVolumeCreateRequest (OMVolumeCreateRequest.java:validateAndUpdateCache(196)) - created volume:volume67780 for user:user40278
2023-08-25 11:34:54,966 [main] INFO  rpc.RpcClient (RpcClient.java:createBucket(688)) - Creating Bucket: volume67780/bucket36604, with bucket layout LEGACY, runner as owner, Versioning false, Storage Type set to DISK and Encryption set to false, Replication Type set to server-side default replication type, Namespace Quota set to -1, Space Quota set to -1 
2023-08-25 11:34:54,970 [IPC Server handler 16 on default port 15057] INFO  bucket.OMBucketCreateRequest (OMBucketCreateRequest.java:validateAndUpdateCache(270)) - created bucket: bucket36604 of layout LEGACY in volume: volume67780
]]></system-out>
  </testcase>
  <testcase name="testGetTrashRoot" classname="TestOzoneFileSystem" time="17.984">
    <system-out><![CDATA[2023-08-25 11:36:02,053 [main] INFO  ozone.MiniOzoneClusterImpl (MiniOzoneClusterImpl.java:shutdown(443)) - Shutting down the Mini Ozone Cluster
2023-08-25 11:36:02,054 [main] INFO  ozone.MiniOzoneClusterImpl (MiniOzoneClusterImpl.java:stop(460)) - Stopping the Mini Ozone Cluster
2023-08-25 11:36:02,054 [main] INFO  ozone.MiniOzoneClusterImpl (MiniOzoneClusterImpl.java:stopOM(551)) - Stopping the OzoneManager
2023-08-25 11:36:02,054 [main] INFO  om.OzoneManager (OzoneManager.java:stop(2187)) - om1[localhost:15057]: Stopping Ozone Manager
2023-08-25 11:36:02,054 [main] INFO  ipc.Server (Server.java:stop(3523)) - Stopping server on 15057
2023-08-25 11:36:02,059 [IPC Server listener on 15057] INFO  ipc.Server (Server.java:run(1434)) - Stopping IPC Server listener on 15057
2023-08-25 11:36:02,059 [main] INFO  ratis.OzoneManagerDoubleBuffer (OzoneManagerDoubleBuffer.java:stopDaemon(551)) - Stopping OMDoubleBuffer flush thread
2023-08-25 11:36:02,059 [IPC Server Responder] INFO  ipc.Server (Server.java:run(1567)) - Stopping IPC Server Responder
2023-08-25 11:36:02,059 [OMDoubleBufferFlushThread] INFO  ratis.OzoneManagerDoubleBuffer (OzoneManagerDoubleBuffer.java:canFlush(638)) - OMDoubleBuffer flush thread OMDoubleBufferFlushThread is interrupted and will exit.
2023-08-25 11:36:02,060 [main] INFO  utils.BackgroundService (BackgroundService.java:shutdown(141)) - Shutting down service KeyDeletingService
2023-08-25 11:36:02,060 [main] INFO  utils.BackgroundService (BackgroundService.java:shutdown(141)) - Shutting down service KeyDeletingService
2023-08-25 11:36:02,064 [main] INFO  utils.BackgroundService (BackgroundService.java:shutdown(141)) - Shutting down service OpenKeyCleanupService
2023-08-25 11:36:02,065 [main] INFO  utils.BackgroundService (BackgroundService.java:shutdown(141)) - Shutting down service SstFilteringService
2023-08-25 11:36:02,065 [main] INFO  utils.BackgroundService (BackgroundService.java:shutdown(141)) - Shutting down service SnapshotDeletingService
2023-08-25 11:36:02,068 [main] INFO  handler.ContextHandler (ContextHandler.java:doStop(1159)) - Stopped o.e.j.w.WebAppContext@10673631{ozoneManager,/,null,STOPPED}{file:/home/runner/work/ozone/ozone/hadoop-ozone/integration-test/target/test-classes/webapps/ozoneManager}
2023-08-25 11:36:02,069 [main] INFO  server.AbstractConnector (AbstractConnector.java:doStop(383)) - Stopped ServerConnector@19603da0{HTTP/1.1, (http/1.1)}{0.0.0.0:15058}
2023-08-25 11:36:02,069 [main] INFO  server.session (HouseKeeper.java:stopScavenging(149)) - node0 Stopped scavenging
2023-08-25 11:36:02,069 [main] INFO  handler.ContextHandler (ContextHandler.java:doStop(1159)) - Stopped o.e.j.s.ServletContextHandler@fb69974{static,/static,file:///home/runner/work/ozone/ozone/hadoop-ozone/integration-test/target/test-classes/webapps/static,STOPPED}
2023-08-25 11:36:02,070 [main] INFO  handler.ContextHandler (ContextHandler.java:doStop(1159)) - Stopped o.e.j.s.ServletContextHandler@4add90da{logs,/logs,file:///home/runner/work/ozone/ozone/hadoop-ozone/integration-test/target/log,STOPPED}
2023-08-25 11:36:02,071 [main] INFO  rocksdiff.RocksDBCheckpointDiffer (RocksDBCheckpointDiffer.java:close(340)) - Shutting down CompactionDagPruningService.
2023-08-25 11:36:02,071 [Trash Emptier] ERROR om.TrashPolicyOzone (TrashPolicyOzone.java:run(350)) - Error attempting to shutdown
java.lang.InterruptedException
	at java.util.concurrent.locks.AbstractQueuedSynchronizer$ConditionObject.awaitNanos(AbstractQueuedSynchronizer.java:2067)
	at java.util.concurrent.ThreadPoolExecutor.awaitTermination(ThreadPoolExecutor.java:1475)
	at org.apache.hadoop.ozone.om.TrashPolicyOzone$Emptier.run(TrashPolicyOzone.java:348)
	at java.lang.Thread.run(Thread.java:750)
2023-08-25 11:36:02,076 [main] INFO  snapshot.SnapshotDiffManager (SnapshotDiffManager.java:closeExecutorService(1720)) - Shutting down executorService: 'SnapDiffExecutor'
2023-08-25 11:36:02,076 [main] INFO  snapshot.SnapshotDiffManager (SnapshotDiffManager.java:closeExecutorService(1720)) - Shutting down executorService: 'SstDumpToolExecutor'
2023-08-25 11:36:02,077 [main] INFO  utils.BackgroundService (BackgroundService.java:shutdown(141)) - Shutting down service SnapshotDiffCleanupService
2023-08-25 11:36:02,078 [JvmPauseMonitor8] INFO  util.JvmPauseMonitor (JvmPauseMonitor.java:run(109)) - JvmPauseMonitor-af434b9b-9868-4f0b-a99c-400bbb018126: Stopped
2023-08-25 11:36:02,078 [main] INFO  ozone.MiniOzoneClusterImpl (MiniOzoneClusterImpl.java:stopDatanodes(528)) - Stopping the HddsDatanodes
2023-08-25 11:36:02,089 [ForkJoinPool.commonPool-worker-3] INFO  ozoneimpl.OzoneContainer (OzoneContainer.java:stop(451)) - Attempting to stop container services.
2023-08-25 11:36:02,091 [main] INFO  ozoneimpl.OzoneContainer (OzoneContainer.java:stop(451)) - Attempting to stop container services.
2023-08-25 11:36:02,092 [main] INFO  server.RaftServer (RaftServerProxy.java:lambda$close$6(416)) - 85c49798-3560-4dc9-a596-09ecbe4a8df4: close
2023-08-25 11:36:02,092 [ForkJoinPool.commonPool-worker-3] INFO  server.RaftServer (RaftServerProxy.java:lambda$close$6(416)) - 6fb87cf7-6010-4447-ac68-4b216325e026: close
2023-08-25 11:36:02,092 [85c49798-3560-4dc9-a596-09ecbe4a8df4-impl-thread2] INFO  server.RaftServer$Division (RaftServerImpl.java:lambda$close$4(466)) - 85c49798-3560-4dc9-a596-09ecbe4a8df4@group-8C0C4E35EF52: shutdown
2023-08-25 11:36:02,093 [6fb87cf7-6010-4447-ac68-4b216325e026-impl-thread2] INFO  server.RaftServer$Division (RaftServerImpl.java:lambda$close$4(466)) - 6fb87cf7-6010-4447-ac68-4b216325e026@group-8C0C4E35EF52: shutdown
2023-08-25 11:36:02,093 [85c49798-3560-4dc9-a596-09ecbe4a8df4-impl-thread2] INFO  util.JmxRegister (JmxRegister.java:unregister(73)) - Successfully un-registered JMX Bean with object name Ratis:service=RaftServer,group=group-8C0C4E35EF52,id=85c49798-3560-4dc9-a596-09ecbe4a8df4
2023-08-25 11:36:02,093 [85c49798-3560-4dc9-a596-09ecbe4a8df4-impl-thread2] INFO  impl.RoleInfo (RoleInfo.java:shutdownFollowerState(110)) - 85c49798-3560-4dc9-a596-09ecbe4a8df4: shutdown 85c49798-3560-4dc9-a596-09ecbe4a8df4@group-8C0C4E35EF52-FollowerState
2023-08-25 11:36:02,093 [6fb87cf7-6010-4447-ac68-4b216325e026-impl-thread2] INFO  util.JmxRegister (JmxRegister.java:unregister(73)) - Successfully un-registered JMX Bean with object name Ratis:service=RaftServer,group=group-8C0C4E35EF52,id=6fb87cf7-6010-4447-ac68-4b216325e026
2023-08-25 11:36:02,093 [6fb87cf7-6010-4447-ac68-4b216325e026-impl-thread2] INFO  impl.RoleInfo (RoleInfo.java:shutdownLeaderState(93)) - 6fb87cf7-6010-4447-ac68-4b216325e026: shutdown 6fb87cf7-6010-4447-ac68-4b216325e026@group-8C0C4E35EF52-LeaderStateImpl
2023-08-25 11:36:02,093 [6fb87cf7-6010-4447-ac68-4b216325e026-impl-thread3] INFO  server.RaftServer$Division (RaftServerImpl.java:lambda$close$4(466)) - 6fb87cf7-6010-4447-ac68-4b216325e026@group-D8CCD606C082: shutdown
2023-08-25 11:36:02,093 [6fb87cf7-6010-4447-ac68-4b216325e026-impl-thread3] INFO  util.JmxRegister (JmxRegister.java:unregister(73)) - Successfully un-registered JMX Bean with object name Ratis:service=RaftServer,group=group-D8CCD606C082,id=6fb87cf7-6010-4447-ac68-4b216325e026
2023-08-25 11:36:02,093 [6fb87cf7-6010-4447-ac68-4b216325e026-impl-thread3] INFO  impl.RoleInfo (RoleInfo.java:shutdownFollowerState(110)) - 6fb87cf7-6010-4447-ac68-4b216325e026: shutdown 6fb87cf7-6010-4447-ac68-4b216325e026@group-D8CCD606C082-FollowerState
2023-08-25 11:36:02,093 [ForkJoinPool.commonPool-worker-3] INFO  server.GrpcService (GrpcService.java:closeImpl(311)) - 6fb87cf7-6010-4447-ac68-4b216325e026: shutdown server org.apache.ratis.grpc.server.GrpcClientProtocolService now
2023-08-25 11:36:02,094 [85c49798-3560-4dc9-a596-09ecbe4a8df4-impl-thread3] INFO  server.RaftServer$Division (RaftServerImpl.java:lambda$close$4(466)) - 85c49798-3560-4dc9-a596-09ecbe4a8df4@group-D8CCD606C082: shutdown
2023-08-25 11:36:02,094 [85c49798-3560-4dc9-a596-09ecbe4a8df4-impl-thread3] INFO  util.JmxRegister (JmxRegister.java:unregister(73)) - Successfully un-registered JMX Bean with object name Ratis:service=RaftServer,group=group-D8CCD606C082,id=85c49798-3560-4dc9-a596-09ecbe4a8df4
2023-08-25 11:36:02,094 [6fb87cf7-6010-4447-ac68-4b216325e026-impl-thread4] INFO  server.RaftServer$Division (RaftServerImpl.java:lambda$close$4(466)) - 6fb87cf7-6010-4447-ac68-4b216325e026@group-19946E6547A9: shutdown
2023-08-25 11:36:02,104 [6fb87cf7-6010-4447-ac68-4b216325e026@group-D8CCD606C082-StateMachineUpdater] INFO  ratis.ContainerStateMachine (ContainerStateMachine.java:takeSnapshot(330)) - group-D8CCD606C082: Taking a snapshot at:(t:1, i:28) file /home/runner/work/ozone/ozone/hadoop-ozone/integration-test/target/test-dir/MiniOzoneClusterImpl-36fc3352-0e59-45fd-a08b-0e99224ecb60/datanode-1/data/ratis/83bcb3aa-1d36-4ab4-b1d9-d8ccd606c082/sm/snapshot.1_28
2023-08-25 11:36:02,104 [grpc-default-executor-1] WARN  server.GrpcClientProtocolService (LogUtils.java:warn(122)) - 0-OrderedRequestStreamObserver0: onError: org.apache.ratis.thirdparty.io.grpc.StatusRuntimeException: CANCELLED: client cancelled
2023-08-25 11:36:02,099 [6fb87cf7-6010-4447-ac68-4b216325e026-impl-thread3] INFO  impl.StateMachineUpdater (StateMachineUpdater.java:stopAndJoin(155)) - 6fb87cf7-6010-4447-ac68-4b216325e026@group-D8CCD606C082-StateMachineUpdater: set stopIndex = 28
2023-08-25 11:36:02,095 [6fb87cf7-6010-4447-ac68-4b216325e026@group-8C0C4E35EF52->85c49798-3560-4dc9-a596-09ecbe4a8df4-GrpcLogAppender-LogAppenderDaemon] WARN  server.GrpcLogAppender (GrpcLogAppender.java:mayWait(199)) - 6fb87cf7-6010-4447-ac68-4b216325e026@group-8C0C4E35EF52->85c49798-3560-4dc9-a596-09ecbe4a8df4-GrpcLogAppender: Wait interrupted by java.lang.InterruptedException
2023-08-25 11:36:02,095 [6fb87cf7-6010-4447-ac68-4b216325e026-impl-thread2] INFO  impl.PendingRequests (PendingRequests.java:sendNotLeaderResponses(289)) - 6fb87cf7-6010-4447-ac68-4b216325e026@group-8C0C4E35EF52-PendingRequests: sendNotLeaderResponses
2023-08-25 11:36:02,095 [85c49798-3560-4dc9-a596-09ecbe4a8df4@group-8C0C4E35EF52-StateMachineUpdater] INFO  ratis.ContainerStateMachine (ContainerStateMachine.java:takeSnapshot(330)) - group-8C0C4E35EF52: Taking a snapshot at:(t:1, i:2) file /home/runner/work/ozone/ozone/hadoop-ozone/integration-test/target/test-dir/MiniOzoneClusterImpl-36fc3352-0e59-45fd-a08b-0e99224ecb60/datanode-2/data/ratis/da625676-3909-44fd-8a2b-8c0c4e35ef52/sm/snapshot.1_2
2023-08-25 11:36:02,094 [85c49798-3560-4dc9-a596-09ecbe4a8df4@group-8C0C4E35EF52-FollowerState] INFO  impl.FollowerState (FollowerState.java:run(152)) - 85c49798-3560-4dc9-a596-09ecbe4a8df4@group-8C0C4E35EF52-FollowerState was interrupted
2023-08-25 11:36:02,094 [6fb87cf7-6010-4447-ac68-4b216325e026@group-8C0C4E35EF52->16866294-0bab-4ae5-8da9-294ec4800f35-GrpcLogAppender-LogAppenderDaemon] WARN  server.GrpcLogAppender (GrpcLogAppender.java:mayWait(199)) - 6fb87cf7-6010-4447-ac68-4b216325e026@group-8C0C4E35EF52->16866294-0bab-4ae5-8da9-294ec4800f35-GrpcLogAppender: Wait interrupted by java.lang.InterruptedException
2023-08-25 11:36:02,094 [85c49798-3560-4dc9-a596-09ecbe4a8df4-impl-thread2] INFO  impl.StateMachineUpdater (StateMachineUpdater.java:stopAndJoin(155)) - 85c49798-3560-4dc9-a596-09ecbe4a8df4@group-8C0C4E35EF52-StateMachineUpdater: set stopIndex = 2
2023-08-25 11:36:02,094 [85c49798-3560-4dc9-a596-09ecbe4a8df4-impl-thread4] INFO  server.RaftServer$Division (RaftServerImpl.java:lambda$close$4(466)) - 85c49798-3560-4dc9-a596-09ecbe4a8df4@group-BD9B704D0B35: shutdown
2023-08-25 11:36:02,094 [6fb87cf7-6010-4447-ac68-4b216325e026@group-D8CCD606C082-FollowerState] INFO  impl.FollowerState (FollowerState.java:run(152)) - 6fb87cf7-6010-4447-ac68-4b216325e026@group-D8CCD606C082-FollowerState was interrupted
2023-08-25 11:36:02,094 [main] INFO  server.GrpcService (GrpcService.java:closeImpl(311)) - 85c49798-3560-4dc9-a596-09ecbe4a8df4: shutdown server org.apache.ratis.grpc.server.GrpcClientProtocolService now
2023-08-25 11:36:02,094 [85c49798-3560-4dc9-a596-09ecbe4a8df4-impl-thread3] INFO  impl.RoleInfo (RoleInfo.java:shutdownLeaderState(93)) - 85c49798-3560-4dc9-a596-09ecbe4a8df4: shutdown 85c49798-3560-4dc9-a596-09ecbe4a8df4@group-D8CCD606C082-LeaderStateImpl
2023-08-25 11:36:02,108 [85c49798-3560-4dc9-a596-09ecbe4a8df4@group-8C0C4E35EF52-StateMachineUpdater] INFO  ratis.ContainerStateMachine (ContainerStateMachine.java:takeSnapshot(341)) - group-8C0C4E35EF52: Finished taking a snapshot at:(t:1, i:2) file:/home/runner/work/ozone/ozone/hadoop-ozone/integration-test/target/test-dir/MiniOzoneClusterImpl-36fc3352-0e59-45fd-a08b-0e99224ecb60/datanode-2/data/ratis/da625676-3909-44fd-8a2b-8c0c4e35ef52/sm/snapshot.1_2 took: 14 ms
2023-08-25 11:36:02,108 [85c49798-3560-4dc9-a596-09ecbe4a8df4-impl-thread4] INFO  util.JmxRegister (JmxRegister.java:unregister(73)) - Successfully un-registered JMX Bean with object name Ratis:service=RaftServer,group=group-BD9B704D0B35,id=85c49798-3560-4dc9-a596-09ecbe4a8df4
2023-08-25 11:36:02,109 [85c49798-3560-4dc9-a596-09ecbe4a8df4@group-8C0C4E35EF52-StateMachineUpdater] INFO  impl.StateMachineUpdater (StateMachineUpdater.java:takeSnapshot(291)) - 85c49798-3560-4dc9-a596-09ecbe4a8df4@group-8C0C4E35EF52-StateMachineUpdater: Took a snapshot at index 2
2023-08-25 11:36:02,109 [85c49798-3560-4dc9-a596-09ecbe4a8df4-impl-thread4] INFO  impl.RoleInfo (RoleInfo.java:shutdownLeaderState(93)) - 85c49798-3560-4dc9-a596-09ecbe4a8df4: shutdown 85c49798-3560-4dc9-a596-09ecbe4a8df4@group-BD9B704D0B35-LeaderStateImpl
2023-08-25 11:36:02,109 [85c49798-3560-4dc9-a596-09ecbe4a8df4-impl-thread4] INFO  impl.PendingRequests (PendingRequests.java:sendNotLeaderResponses(289)) - 85c49798-3560-4dc9-a596-09ecbe4a8df4@group-BD9B704D0B35-PendingRequests: sendNotLeaderResponses
2023-08-25 11:36:02,109 [85c49798-3560-4dc9-a596-09ecbe4a8df4-impl-thread4] INFO  impl.StateMachineUpdater (StateMachineUpdater.java:stopAndJoin(155)) - 85c49798-3560-4dc9-a596-09ecbe4a8df4@group-BD9B704D0B35-StateMachineUpdater: set stopIndex = 0
2023-08-25 11:36:02,107 [6fb87cf7-6010-4447-ac68-4b216325e026@group-D8CCD606C082-StateMachineUpdater] INFO  ratis.ContainerStateMachine (ContainerStateMachine.java:takeSnapshot(341)) - group-D8CCD606C082: Finished taking a snapshot at:(t:1, i:28) file:/home/runner/work/ozone/ozone/hadoop-ozone/integration-test/target/test-dir/MiniOzoneClusterImpl-36fc3352-0e59-45fd-a08b-0e99224ecb60/datanode-1/data/ratis/83bcb3aa-1d36-4ab4-b1d9-d8ccd606c082/sm/snapshot.1_28 took: 4 ms
2023-08-25 11:36:02,110 [85c49798-3560-4dc9-a596-09ecbe4a8df4@group-BD9B704D0B35-StateMachineUpdater] INFO  ratis.ContainerStateMachine (ContainerStateMachine.java:takeSnapshot(330)) - group-BD9B704D0B35: Taking a snapshot at:(t:1, i:0) file /home/runner/work/ozone/ozone/hadoop-ozone/integration-test/target/test-dir/MiniOzoneClusterImpl-36fc3352-0e59-45fd-a08b-0e99224ecb60/datanode-2/data/ratis/3fcb97d6-b289-40e9-99cb-bd9b704d0b35/sm/snapshot.1_0
2023-08-25 11:36:02,110 [6fb87cf7-6010-4447-ac68-4b216325e026@group-D8CCD606C082-StateMachineUpdater] INFO  impl.StateMachineUpdater (StateMachineUpdater.java:takeSnapshot(291)) - 6fb87cf7-6010-4447-ac68-4b216325e026@group-D8CCD606C082-StateMachineUpdater: Took a snapshot at index 28
2023-08-25 11:36:02,105 [6fb87cf7-6010-4447-ac68-4b216325e026-impl-thread4] INFO  util.JmxRegister (JmxRegister.java:unregister(73)) - Successfully un-registered JMX Bean with object name Ratis:service=RaftServer,group=group-19946E6547A9,id=6fb87cf7-6010-4447-ac68-4b216325e026
2023-08-25 11:36:02,110 [6fb87cf7-6010-4447-ac68-4b216325e026@group-D8CCD606C082-StateMachineUpdater] INFO  impl.StateMachineUpdater (StateMachineUpdater.java:lambda$new$0(97)) - 6fb87cf7-6010-4447-ac68-4b216325e026@group-D8CCD606C082-StateMachineUpdater: snapshotIndex: updateIncreasingly -1 -> 28
2023-08-25 11:36:02,109 [85c49798-3560-4dc9-a596-09ecbe4a8df4@group-8C0C4E35EF52-StateMachineUpdater] INFO  impl.StateMachineUpdater (StateMachineUpdater.java:lambda$new$0(97)) - 85c49798-3560-4dc9-a596-09ecbe4a8df4@group-8C0C4E35EF52-StateMachineUpdater: snapshotIndex: updateIncreasingly -1 -> 2
2023-08-25 11:36:02,110 [6fb87cf7-6010-4447-ac68-4b216325e026-impl-thread4] INFO  impl.RoleInfo (RoleInfo.java:shutdownLeaderState(93)) - 6fb87cf7-6010-4447-ac68-4b216325e026: shutdown 6fb87cf7-6010-4447-ac68-4b216325e026@group-19946E6547A9-LeaderStateImpl
2023-08-25 11:36:02,110 [6fb87cf7-6010-4447-ac68-4b216325e026-impl-thread4] INFO  impl.PendingRequests (PendingRequests.java:sendNotLeaderResponses(289)) - 6fb87cf7-6010-4447-ac68-4b216325e026@group-19946E6547A9-PendingRequests: sendNotLeaderResponses
2023-08-25 11:36:02,112 [85c49798-3560-4dc9-a596-09ecbe4a8df4@group-BD9B704D0B35-StateMachineUpdater] INFO  ratis.ContainerStateMachine (ContainerStateMachine.java:takeSnapshot(341)) - group-BD9B704D0B35: Finished taking a snapshot at:(t:1, i:0) file:/home/runner/work/ozone/ozone/hadoop-ozone/integration-test/target/test-dir/MiniOzoneClusterImpl-36fc3352-0e59-45fd-a08b-0e99224ecb60/datanode-2/data/ratis/3fcb97d6-b289-40e9-99cb-bd9b704d0b35/sm/snapshot.1_0 took: 2 ms
2023-08-25 11:36:02,112 [85c49798-3560-4dc9-a596-09ecbe4a8df4@group-BD9B704D0B35-StateMachineUpdater] INFO  impl.StateMachineUpdater (StateMachineUpdater.java:takeSnapshot(291)) - 85c49798-3560-4dc9-a596-09ecbe4a8df4@group-BD9B704D0B35-StateMachineUpdater: Took a snapshot at index 0
2023-08-25 11:36:02,112 [85c49798-3560-4dc9-a596-09ecbe4a8df4@group-BD9B704D0B35-StateMachineUpdater] INFO  impl.StateMachineUpdater (StateMachineUpdater.java:lambda$new$0(97)) - 85c49798-3560-4dc9-a596-09ecbe4a8df4@group-BD9B704D0B35-StateMachineUpdater: snapshotIndex: updateIncreasingly -1 -> 0
2023-08-25 11:36:02,113 [6fb87cf7-6010-4447-ac68-4b216325e026-impl-thread4] INFO  impl.StateMachineUpdater (StateMachineUpdater.java:stopAndJoin(155)) - 6fb87cf7-6010-4447-ac68-4b216325e026@group-19946E6547A9-StateMachineUpdater: set stopIndex = 0
2023-08-25 11:36:02,114 [grpc-default-executor-6] INFO  server.GrpcServerProtocolService (GrpcServerProtocolService.java:onCompleted(155)) - 85c49798-3560-4dc9-a596-09ecbe4a8df4: Completed APPEND_ENTRIES, lastRequest: null
2023-08-25 11:36:02,115 [grpc-default-executor-6] INFO  server.GrpcServerProtocolService (GrpcServerProtocolService.java:lambda$onCompleted$5(157)) - 85c49798-3560-4dc9-a596-09ecbe4a8df4: Completed APPEND_ENTRIES, lastReply: serverReply {
  requestorId: "6fb87cf7-6010-4447-ac68-4b216325e026"
  replyId: "85c49798-3560-4dc9-a596-09ecbe4a8df4"
  raftGroupId {
    id: "\332bVv9\tD\375\212+\214\fN5\357R"
  }
  callId: 30
  success: true
}
term: 1
nextIndex: 1
matchIndex: 18446744073709551615
isHearbeat: true

2023-08-25 11:36:02,115 [grpc-default-executor-9] WARN  server.GrpcClientProtocolService (LogUtils.java:warn(122)) - 1-UnorderedRequestStreamObserver1: onError: org.apache.ratis.thirdparty.io.grpc.StatusRuntimeException: CANCELLED: client cancelled
2023-08-25 11:36:02,117 [6fb87cf7-6010-4447-ac68-4b216325e026@group-19946E6547A9-StateMachineUpdater] INFO  ratis.ContainerStateMachine (ContainerStateMachine.java:takeSnapshot(330)) - group-19946E6547A9: Taking a snapshot at:(t:1, i:0) file /home/runner/work/ozone/ozone/hadoop-ozone/integration-test/target/test-dir/MiniOzoneClusterImpl-36fc3352-0e59-45fd-a08b-0e99224ecb60/datanode-1/data/ratis/0a02ccf8-7670-4ede-b292-19946e6547a9/sm/snapshot.1_0
2023-08-25 11:36:02,118 [grpc-default-executor-9] INFO  server.GrpcServerProtocolService (GrpcServerProtocolService.java:onCompleted(155)) - 16866294-0bab-4ae5-8da9-294ec4800f35: Completed APPEND_ENTRIES, lastRequest: 6fb87cf7-6010-4447-ac68-4b216325e026->16866294-0bab-4ae5-8da9-294ec4800f35#32-t1,previous=(t:1, i:3),leaderCommit=2,initializing? true,entries: size=1, first=(t:1, i:4), METADATAENTRY(c:2)
2023-08-25 11:36:02,118 [grpc-default-executor-9] INFO  server.GrpcServerProtocolService (GrpcServerProtocolService.java:lambda$onCompleted$5(157)) - 16866294-0bab-4ae5-8da9-294ec4800f35: Completed APPEND_ENTRIES, lastReply: null
2023-08-25 11:36:02,118 [6fb87cf7-6010-4447-ac68-4b216325e026@group-19946E6547A9-StateMachineUpdater] INFO  ratis.ContainerStateMachine (ContainerStateMachine.java:takeSnapshot(341)) - group-19946E6547A9: Finished taking a snapshot at:(t:1, i:0) file:/home/runner/work/ozone/ozone/hadoop-ozone/integration-test/target/test-dir/MiniOzoneClusterImpl-36fc3352-0e59-45fd-a08b-0e99224ecb60/datanode-1/data/ratis/0a02ccf8-7670-4ede-b292-19946e6547a9/sm/snapshot.1_0 took: 1 ms
2023-08-25 11:36:02,119 [6fb87cf7-6010-4447-ac68-4b216325e026@group-19946E6547A9-StateMachineUpdater] INFO  impl.StateMachineUpdater (StateMachineUpdater.java:takeSnapshot(291)) - 6fb87cf7-6010-4447-ac68-4b216325e026@group-19946E6547A9-StateMachineUpdater: Took a snapshot at index 0
2023-08-25 11:36:02,119 [6fb87cf7-6010-4447-ac68-4b216325e026@group-19946E6547A9-StateMachineUpdater] INFO  impl.StateMachineUpdater (StateMachineUpdater.java:lambda$new$0(97)) - 6fb87cf7-6010-4447-ac68-4b216325e026@group-19946E6547A9-StateMachineUpdater: snapshotIndex: updateIncreasingly -1 -> 0
2023-08-25 11:36:02,120 [grpc-default-executor-10] INFO  server.GrpcServerProtocolService (GrpcServerProtocolService.java:onCompleted(155)) - 16866294-0bab-4ae5-8da9-294ec4800f35: Completed APPEND_ENTRIES, lastRequest: null
2023-08-25 11:36:02,120 [grpc-default-executor-10] INFO  server.GrpcServerProtocolService (GrpcServerProtocolService.java:lambda$onCompleted$5(157)) - 16866294-0bab-4ae5-8da9-294ec4800f35: Completed APPEND_ENTRIES, lastReply: serverReply {
  requestorId: "6fb87cf7-6010-4447-ac68-4b216325e026"
  replyId: "16866294-0bab-4ae5-8da9-294ec4800f35"
  raftGroupId {
    id: "\332bVv9\tD\375\212+\214\fN5\357R"
  }
  callId: 28
  success: true
}
term: 1
nextIndex: 1
matchIndex: 18446744073709551615
isHearbeat: true

2023-08-25 11:36:02,122 [85c49798-3560-4dc9-a596-09ecbe4a8df4-impl-thread3] INFO  impl.PendingRequests (PendingRequests.java:sendNotLeaderResponses(289)) - 85c49798-3560-4dc9-a596-09ecbe4a8df4@group-D8CCD606C082-PendingRequests: sendNotLeaderResponses
2023-08-25 11:36:02,122 [85c49798-3560-4dc9-a596-09ecbe4a8df4@group-D8CCD606C082->16866294-0bab-4ae5-8da9-294ec4800f35-GrpcLogAppender-LogAppenderDaemon] WARN  server.GrpcLogAppender (GrpcLogAppender.java:mayWait(199)) - 85c49798-3560-4dc9-a596-09ecbe4a8df4@group-D8CCD606C082->16866294-0bab-4ae5-8da9-294ec4800f35-GrpcLogAppender: Wait interrupted by java.lang.InterruptedException
2023-08-25 11:36:02,122 [85c49798-3560-4dc9-a596-09ecbe4a8df4@group-D8CCD606C082->6fb87cf7-6010-4447-ac68-4b216325e026-GrpcLogAppender-LogAppenderDaemon] WARN  server.GrpcLogAppender (GrpcLogAppender.java:mayWait(199)) - 85c49798-3560-4dc9-a596-09ecbe4a8df4@group-D8CCD606C082->6fb87cf7-6010-4447-ac68-4b216325e026-GrpcLogAppender: Wait interrupted by java.lang.InterruptedException
2023-08-25 11:36:02,125 [Thread-1055] INFO  server.GrpcServerProtocolClient (GrpcServerProtocolClient.java:close(103)) - 16866294-0bab-4ae5-8da9-294ec4800f35 Close channels
2023-08-25 11:36:02,125 [Thread-1057] INFO  server.GrpcServerProtocolClient (GrpcServerProtocolClient.java:close(103)) - 85c49798-3560-4dc9-a596-09ecbe4a8df4 Close channels
2023-08-25 11:36:02,126 [grpc-default-executor-9] INFO  server.GrpcServerProtocolService (GrpcServerProtocolService.java:onCompleted(155)) - 85c49798-3560-4dc9-a596-09ecbe4a8df4: Completed APPEND_ENTRIES, lastRequest: 6fb87cf7-6010-4447-ac68-4b216325e026->85c49798-3560-4dc9-a596-09ecbe4a8df4#34-t1,previous=(t:1, i:3),leaderCommit=2,initializing? true,entries: size=1, first=(t:1, i:4), METADATAENTRY(c:2)
2023-08-25 11:36:02,126 [grpc-default-executor-9] INFO  server.GrpcServerProtocolService (GrpcServerProtocolService.java:lambda$onCompleted$5(157)) - 85c49798-3560-4dc9-a596-09ecbe4a8df4: Completed APPEND_ENTRIES, lastReply: null
2023-08-25 11:36:02,129 [85c49798-3560-4dc9-a596-09ecbe4a8df4-impl-thread2] INFO  server.RaftServer$Division (ServerState.java:close(472)) - 85c49798-3560-4dc9-a596-09ecbe4a8df4@group-8C0C4E35EF52: closes. applyIndex: 2
2023-08-25 11:36:02,129 [6fb87cf7-6010-4447-ac68-4b216325e026-impl-thread3] INFO  server.RaftServer$Division (ServerState.java:close(472)) - 6fb87cf7-6010-4447-ac68-4b216325e026@group-D8CCD606C082: closes. applyIndex: 28
2023-08-25 11:36:02,130 [85c49798-3560-4dc9-a596-09ecbe4a8df4-impl-thread4] INFO  server.RaftServer$Division (ServerState.java:close(472)) - 85c49798-3560-4dc9-a596-09ecbe4a8df4@group-BD9B704D0B35: closes. applyIndex: 0
2023-08-25 11:36:02,130 [grpc-default-executor-11] INFO  server.GrpcLogAppender (GrpcLogAppender.java:onCompleted(428)) - 6fb87cf7-6010-4447-ac68-4b216325e026@group-8C0C4E35EF52->85c49798-3560-4dc9-a596-09ecbe4a8df4-AppendLogResponseHandler: follower responses appendEntries COMPLETED
2023-08-25 11:36:02,130 [grpc-default-executor-11] WARN  server.GrpcLogAppender (GrpcLogAppender.java:resetClient(137)) - 6fb87cf7-6010-4447-ac68-4b216325e026@group-8C0C4E35EF52->85c49798-3560-4dc9-a596-09ecbe4a8df4-GrpcLogAppender: Failed to getClient for 85c49798-3560-4dc9-a596-09ecbe4a8df4
org.apache.ratis.protocol.exceptions.AlreadyClosedException: 6fb87cf7-6010-4447-ac68-4b216325e026 is already CLOSED
	at org.apache.ratis.util.PeerProxyMap$PeerAndProxy.getProxy(PeerProxyMap.java:61)
	at org.apache.ratis.util.PeerProxyMap.getProxy(PeerProxyMap.java:115)
	at org.apache.ratis.grpc.server.GrpcLogAppender.getClient(GrpcLogAppender.java:112)
	at org.apache.ratis.grpc.server.GrpcLogAppender.resetClient(GrpcLogAppender.java:117)
	at org.apache.ratis.grpc.server.GrpcLogAppender.access$500(GrpcLogAppender.java:56)
	at org.apache.ratis.grpc.server.GrpcLogAppender$AppendLogResponseHandler.onCompleted(GrpcLogAppender.java:429)
	at org.apache.ratis.thirdparty.io.grpc.stub.ClientCalls$StreamObserverToCallListenerAdapter.onClose(ClientCalls.java:485)
	at org.apache.ratis.thirdparty.io.grpc.internal.DelayedClientCall$DelayedListener$3.run(DelayedClientCall.java:471)
	at org.apache.ratis.thirdparty.io.grpc.internal.DelayedClientCall$DelayedListener.delayOrExecute(DelayedClientCall.java:435)
	at org.apache.ratis.thirdparty.io.grpc.internal.DelayedClientCall$DelayedListener.onClose(DelayedClientCall.java:468)
	at org.apache.ratis.thirdparty.io.grpc.internal.ClientCallImpl.closeObserver(ClientCallImpl.java:563)
	at org.apache.ratis.thirdparty.io.grpc.internal.ClientCallImpl.access$300(ClientCallImpl.java:70)
	at org.apache.ratis.thirdparty.io.grpc.internal.ClientCallImpl$ClientStreamListenerImpl$1StreamClosed.runInternal(ClientCallImpl.java:744)
	at org.apache.ratis.thirdparty.io.grpc.internal.ClientCallImpl$ClientStreamListenerImpl$1StreamClosed.runInContext(ClientCallImpl.java:723)
	at org.apache.ratis.thirdparty.io.grpc.internal.ContextRunnable.run(ContextRunnable.java:37)
	at org.apache.ratis.thirdparty.io.grpc.internal.SerializingExecutor.run(SerializingExecutor.java:133)
	at java.util.concurrent.ThreadPoolExecutor.runWorker(ThreadPoolExecutor.java:1149)
	at java.util.concurrent.ThreadPoolExecutor$Worker.run(ThreadPoolExecutor.java:624)
	at java.lang.Thread.run(Thread.java:750)
2023-08-25 11:36:02,130 [6fb87cf7-6010-4447-ac68-4b216325e026-impl-thread4] INFO  server.RaftServer$Division (ServerState.java:close(472)) - 6fb87cf7-6010-4447-ac68-4b216325e026@group-19946E6547A9: closes. applyIndex: 0
2023-08-25 11:36:02,138 [Thread-1058] INFO  server.GrpcServerProtocolClient (GrpcServerProtocolClient.java:close(103)) - 16866294-0bab-4ae5-8da9-294ec4800f35 Close channels
2023-08-25 11:36:02,148 [grpc-default-executor-2] INFO  server.GrpcServerProtocolService (GrpcServerProtocolService.java:onCompleted(155)) - 16866294-0bab-4ae5-8da9-294ec4800f35: Completed APPEND_ENTRIES, lastRequest: 85c49798-3560-4dc9-a596-09ecbe4a8df4->16866294-0bab-4ae5-8da9-294ec4800f35#70-t1,previous=(t:1, i:27),leaderCommit=26,initializing? true,entries: size=1, first=(t:1, i:28), METADATAENTRY(c:26)
2023-08-25 11:36:02,150 [grpc-default-executor-2] INFO  server.GrpcServerProtocolService (GrpcServerProtocolService.java:lambda$onCompleted$5(157)) - 16866294-0bab-4ae5-8da9-294ec4800f35: Completed APPEND_ENTRIES, lastReply: null
2023-08-25 11:36:02,148 [grpc-default-executor-6] INFO  server.GrpcServerProtocolService (GrpcServerProtocolService.java:onCompleted(155)) - 6fb87cf7-6010-4447-ac68-4b216325e026: Completed APPEND_ENTRIES, lastRequest: null
2023-08-25 11:36:02,150 [grpc-default-executor-6] INFO  server.GrpcServerProtocolService (GrpcServerProtocolService.java:lambda$onCompleted$5(157)) - 6fb87cf7-6010-4447-ac68-4b216325e026: Completed APPEND_ENTRIES, lastReply: serverReply {
  requestorId: "85c49798-3560-4dc9-a596-09ecbe4a8df4"
  replyId: "6fb87cf7-6010-4447-ac68-4b216325e026"
  raftGroupId {
    id: "\203\274\263\252\0356J\264\261\331\330\314\326\006\300\202"
  }
  callId: 73
  success: true
}
term: 1
nextIndex: 29
followerCommit: 28
matchIndex: 18446744073709551615
isHearbeat: true

2023-08-25 11:36:02,148 [grpc-default-executor-10] INFO  server.GrpcServerProtocolService (GrpcServerProtocolService.java:onCompleted(155)) - 6fb87cf7-6010-4447-ac68-4b216325e026: Completed APPEND_ENTRIES, lastRequest: 85c49798-3560-4dc9-a596-09ecbe4a8df4->6fb87cf7-6010-4447-ac68-4b216325e026#66-t1,previous=(t:1, i:27),leaderCommit=27,initializing? true,entries: size=1, first=(t:1, i:28), METADATAENTRY(c:26)
2023-08-25 11:36:02,150 [grpc-default-executor-10] INFO  server.GrpcServerProtocolService (GrpcServerProtocolService.java:lambda$onCompleted$5(157)) - 6fb87cf7-6010-4447-ac68-4b216325e026: Completed APPEND_ENTRIES, lastReply: null
2023-08-25 11:36:02,147 [grpc-default-executor-12] INFO  server.GrpcServerProtocolService (GrpcServerProtocolService.java:onCompleted(155)) - 16866294-0bab-4ae5-8da9-294ec4800f35: Completed APPEND_ENTRIES, lastRequest: null
2023-08-25 11:36:02,151 [grpc-default-executor-2] INFO  server.GrpcLogAppender (GrpcLogAppender.java:onCompleted(428)) - 6fb87cf7-6010-4447-ac68-4b216325e026@group-8C0C4E35EF52->85c49798-3560-4dc9-a596-09ecbe4a8df4-AppendLogResponseHandler: follower responses appendEntries COMPLETED
2023-08-25 11:36:02,151 [grpc-default-executor-2] WARN  server.GrpcLogAppender (GrpcLogAppender.java:resetClient(137)) - 6fb87cf7-6010-4447-ac68-4b216325e026@group-8C0C4E35EF52->85c49798-3560-4dc9-a596-09ecbe4a8df4-GrpcLogAppender: Failed to getClient for 85c49798-3560-4dc9-a596-09ecbe4a8df4
org.apache.ratis.protocol.exceptions.AlreadyClosedException: 6fb87cf7-6010-4447-ac68-4b216325e026 is already CLOSED
	at org.apache.ratis.util.PeerProxyMap$PeerAndProxy.getProxy(PeerProxyMap.java:61)
	at org.apache.ratis.util.PeerProxyMap.getProxy(PeerProxyMap.java:115)
	at org.apache.ratis.grpc.server.GrpcLogAppender.getClient(GrpcLogAppender.java:112)
	at org.apache.ratis.grpc.server.GrpcLogAppender.resetClient(GrpcLogAppender.java:117)
	at org.apache.ratis.grpc.server.GrpcLogAppender.access$500(GrpcLogAppender.java:56)
	at org.apache.ratis.grpc.server.GrpcLogAppender$AppendLogResponseHandler.onCompleted(GrpcLogAppender.java:429)
	at org.apache.ratis.thirdparty.io.grpc.stub.ClientCalls$StreamObserverToCallListenerAdapter.onClose(ClientCalls.java:485)
	at org.apache.ratis.thirdparty.io.grpc.internal.ClientCallImpl.closeObserver(ClientCallImpl.java:563)
	at org.apache.ratis.thirdparty.io.grpc.internal.ClientCallImpl.access$300(ClientCallImpl.java:70)
	at org.apache.ratis.thirdparty.io.grpc.internal.ClientCallImpl$ClientStreamListenerImpl$1StreamClosed.runInternal(ClientCallImpl.java:744)
	at org.apache.ratis.thirdparty.io.grpc.internal.ClientCallImpl$ClientStreamListenerImpl$1StreamClosed.runInContext(ClientCallImpl.java:723)
	at org.apache.ratis.thirdparty.io.grpc.internal.ContextRunnable.run(ContextRunnable.java:37)
	at org.apache.ratis.thirdparty.io.grpc.internal.SerializingExecutor.run(SerializingExecutor.java:133)
	at java.util.concurrent.ThreadPoolExecutor.runWorker(ThreadPoolExecutor.java:1149)
	at java.util.concurrent.ThreadPoolExecutor$Worker.run(ThreadPoolExecutor.java:624)
	at java.lang.Thread.run(Thread.java:750)
2023-08-25 11:36:02,145 [grpc-default-executor-11] INFO  server.GrpcLogAppender (GrpcLogAppender.java:onCompleted(428)) - 6fb87cf7-6010-4447-ac68-4b216325e026@group-8C0C4E35EF52->16866294-0bab-4ae5-8da9-294ec4800f35-AppendLogResponseHandler: follower responses appendEntries COMPLETED
2023-08-25 11:36:02,151 [grpc-default-executor-11] WARN  server.GrpcLogAppender (GrpcLogAppender.java:resetClient(137)) - 6fb87cf7-6010-4447-ac68-4b216325e026@group-8C0C4E35EF52->16866294-0bab-4ae5-8da9-294ec4800f35-GrpcLogAppender: Failed to getClient for 16866294-0bab-4ae5-8da9-294ec4800f35
org.apache.ratis.protocol.exceptions.AlreadyClosedException: 6fb87cf7-6010-4447-ac68-4b216325e026 is already CLOSED
	at org.apache.ratis.util.PeerProxyMap$PeerAndProxy.getProxy(PeerProxyMap.java:61)
	at org.apache.ratis.util.PeerProxyMap.getProxy(PeerProxyMap.java:115)
	at org.apache.ratis.grpc.server.GrpcLogAppender.getClient(GrpcLogAppender.java:112)
	at org.apache.ratis.grpc.server.GrpcLogAppender.resetClient(GrpcLogAppender.java:117)
	at org.apache.ratis.grpc.server.GrpcLogAppender.access$500(GrpcLogAppender.java:56)
	at org.apache.ratis.grpc.server.GrpcLogAppender$AppendLogResponseHandler.onCompleted(GrpcLogAppender.java:429)
	at org.apache.ratis.thirdparty.io.grpc.stub.ClientCalls$StreamObserverToCallListenerAdapter.onClose(ClientCalls.java:485)
	at org.apache.ratis.thirdparty.io.grpc.internal.ClientCallImpl.closeObserver(ClientCallImpl.java:563)
	at org.apache.ratis.thirdparty.io.grpc.internal.ClientCallImpl.access$300(ClientCallImpl.java:70)
	at org.apache.ratis.thirdparty.io.grpc.internal.ClientCallImpl$ClientStreamListenerImpl$1StreamClosed.runInternal(ClientCallImpl.java:744)
	at org.apache.ratis.thirdparty.io.grpc.internal.ClientCallImpl$ClientStreamListenerImpl$1StreamClosed.runInContext(ClientCallImpl.java:723)
	at org.apache.ratis.thirdparty.io.grpc.internal.ContextRunnable.run(ContextRunnable.java:37)
	at org.apache.ratis.thirdparty.io.grpc.internal.SerializingExecutor.run(SerializingExecutor.java:133)
	at java.util.concurrent.ThreadPoolExecutor.runWorker(ThreadPoolExecutor.java:1149)
	at java.util.concurrent.ThreadPoolExecutor$Worker.run(ThreadPoolExecutor.java:624)
	at java.lang.Thread.run(Thread.java:750)
2023-08-25 11:36:02,152 [ForkJoinPool.commonPool-worker-0] INFO  ozoneimpl.OzoneContainer (OzoneContainer.java:stop(451)) - Attempting to stop container services.
2023-08-25 11:36:02,152 [grpc-default-executor-13] INFO  server.GrpcLogAppender (GrpcLogAppender.java:onCompleted(428)) - 6fb87cf7-6010-4447-ac68-4b216325e026@group-8C0C4E35EF52->16866294-0bab-4ae5-8da9-294ec4800f35-AppendLogResponseHandler: follower responses appendEntries COMPLETED
2023-08-25 11:36:02,152 [grpc-default-executor-13] WARN  server.GrpcLogAppender (GrpcLogAppender.java:resetClient(137)) - 6fb87cf7-6010-4447-ac68-4b216325e026@group-8C0C4E35EF52->16866294-0bab-4ae5-8da9-294ec4800f35-GrpcLogAppender: Failed to getClient for 16866294-0bab-4ae5-8da9-294ec4800f35
org.apache.ratis.protocol.exceptions.AlreadyClosedException: 6fb87cf7-6010-4447-ac68-4b216325e026 is already CLOSED
	at org.apache.ratis.util.PeerProxyMap$PeerAndProxy.getProxy(PeerProxyMap.java:61)
	at org.apache.ratis.util.PeerProxyMap.getProxy(PeerProxyMap.java:115)
	at org.apache.ratis.grpc.server.GrpcLogAppender.getClient(GrpcLogAppender.java:112)
	at org.apache.ratis.grpc.server.GrpcLogAppender.resetClient(GrpcLogAppender.java:117)
	at org.apache.ratis.grpc.server.GrpcLogAppender.access$500(GrpcLogAppender.java:56)
	at org.apache.ratis.grpc.server.GrpcLogAppender$AppendLogResponseHandler.onCompleted(GrpcLogAppender.java:429)
	at org.apache.ratis.thirdparty.io.grpc.stub.ClientCalls$StreamObserverToCallListenerAdapter.onClose(ClientCalls.java:485)
	at org.apache.ratis.thirdparty.io.grpc.internal.ClientCallImpl.closeObserver(ClientCallImpl.java:563)
	at org.apache.ratis.thirdparty.io.grpc.internal.ClientCallImpl.access$300(ClientCallImpl.java:70)
	at org.apache.ratis.thirdparty.io.grpc.internal.ClientCallImpl$ClientStreamListenerImpl$1StreamClosed.runInternal(ClientCallImpl.java:744)
	at org.apache.ratis.thirdparty.io.grpc.internal.ClientCallImpl$ClientStreamListenerImpl$1StreamClosed.runInContext(ClientCallImpl.java:723)
	at org.apache.ratis.thirdparty.io.grpc.internal.ContextRunnable.run(ContextRunnable.java:37)
	at org.apache.ratis.thirdparty.io.grpc.internal.SerializingExecutor.run(SerializingExecutor.java:133)
	at java.util.concurrent.ThreadPoolExecutor.runWorker(ThreadPoolExecutor.java:1149)
	at java.util.concurrent.ThreadPoolExecutor$Worker.run(ThreadPoolExecutor.java:624)
	at java.lang.Thread.run(Thread.java:750)
2023-08-25 11:36:02,155 [grpc-default-executor-12] INFO  server.GrpcServerProtocolService (GrpcServerProtocolService.java:lambda$onCompleted$5(157)) - 16866294-0bab-4ae5-8da9-294ec4800f35: Completed APPEND_ENTRIES, lastReply: serverReply {
  requestorId: "85c49798-3560-4dc9-a596-09ecbe4a8df4"
  replyId: "16866294-0bab-4ae5-8da9-294ec4800f35"
  raftGroupId {
    id: "\203\274\263\252\0356J\264\261\331\330\314\326\006\300\202"
  }
  callId: 76
  success: true
}
term: 1
nextIndex: 29
followerCommit: 28
matchIndex: 18446744073709551615
isHearbeat: true

2023-08-25 11:36:02,145 [Thread-1059] INFO  server.GrpcServerProtocolClient (GrpcServerProtocolClient.java:close(103)) - 6fb87cf7-6010-4447-ac68-4b216325e026 Close channels
2023-08-25 11:36:02,145 [6fb87cf7-6010-4447-ac68-4b216325e026-impl-thread4] INFO  segmented.SegmentedRaftLogWorker (SegmentedRaftLogWorker.java:close(252)) - 6fb87cf7-6010-4447-ac68-4b216325e026@group-19946E6547A9-SegmentedRaftLogWorker close()
2023-08-25 11:36:02,142 [6fb87cf7-6010-4447-ac68-4b216325e026@group-8C0C4E35EF52-StateMachineUpdater] INFO  ratis.ContainerStateMachine (ContainerStateMachine.java:takeSnapshot(330)) - group-8C0C4E35EF52: Taking a snapshot at:(t:1, i:4) file /home/runner/work/ozone/ozone/hadoop-ozone/integration-test/target/test-dir/MiniOzoneClusterImpl-36fc3352-0e59-45fd-a08b-0e99224ecb60/datanode-1/data/ratis/da625676-3909-44fd-8a2b-8c0c4e35ef52/sm/snapshot.1_4
2023-08-25 11:36:02,142 [85c49798-3560-4dc9-a596-09ecbe4a8df4@group-D8CCD606C082-StateMachineUpdater] INFO  ratis.ContainerStateMachine (ContainerStateMachine.java:takeSnapshot(330)) - group-D8CCD606C082: Taking a snapshot at:(t:1, i:28) file /home/runner/work/ozone/ozone/hadoop-ozone/integration-test/target/test-dir/MiniOzoneClusterImpl-36fc3352-0e59-45fd-a08b-0e99224ecb60/datanode-2/data/ratis/83bcb3aa-1d36-4ab4-b1d9-d8ccd606c082/sm/snapshot.1_28
2023-08-25 11:36:02,142 [6fb87cf7-6010-4447-ac68-4b216325e026-impl-thread2] INFO  impl.StateMachineUpdater (StateMachineUpdater.java:stopAndJoin(155)) - 6fb87cf7-6010-4447-ac68-4b216325e026@group-8C0C4E35EF52-StateMachineUpdater: set stopIndex = 4
2023-08-25 11:36:02,142 [85c49798-3560-4dc9-a596-09ecbe4a8df4-impl-thread3] INFO  impl.StateMachineUpdater (StateMachineUpdater.java:stopAndJoin(155)) - 85c49798-3560-4dc9-a596-09ecbe4a8df4@group-D8CCD606C082-StateMachineUpdater: set stopIndex = 28
2023-08-25 11:36:02,152 [ForkJoinPool.commonPool-worker-0] INFO  server.RaftServer (RaftServerProxy.java:lambda$close$6(416)) - 16866294-0bab-4ae5-8da9-294ec4800f35: close
2023-08-25 11:36:02,157 [6fb87cf7-6010-4447-ac68-4b216325e026@group-8C0C4E35EF52-StateMachineUpdater] INFO  ratis.ContainerStateMachine (ContainerStateMachine.java:takeSnapshot(341)) - group-8C0C4E35EF52: Finished taking a snapshot at:(t:1, i:4) file:/home/runner/work/ozone/ozone/hadoop-ozone/integration-test/target/test-dir/MiniOzoneClusterImpl-36fc3352-0e59-45fd-a08b-0e99224ecb60/datanode-1/data/ratis/da625676-3909-44fd-8a2b-8c0c4e35ef52/sm/snapshot.1_4 took: 15 ms
2023-08-25 11:36:02,158 [6fb87cf7-6010-4447-ac68-4b216325e026@group-8C0C4E35EF52-StateMachineUpdater] INFO  impl.StateMachineUpdater (StateMachineUpdater.java:takeSnapshot(291)) - 6fb87cf7-6010-4447-ac68-4b216325e026@group-8C0C4E35EF52-StateMachineUpdater: Took a snapshot at index 4
2023-08-25 11:36:02,158 [6fb87cf7-6010-4447-ac68-4b216325e026@group-8C0C4E35EF52-StateMachineUpdater] INFO  impl.StateMachineUpdater (StateMachineUpdater.java:lambda$new$0(97)) - 6fb87cf7-6010-4447-ac68-4b216325e026@group-8C0C4E35EF52-StateMachineUpdater: snapshotIndex: updateIncreasingly -1 -> 4
2023-08-25 11:36:02,158 [6fb87cf7-6010-4447-ac68-4b216325e026-impl-thread2] INFO  server.RaftServer$Division (ServerState.java:close(472)) - 6fb87cf7-6010-4447-ac68-4b216325e026@group-8C0C4E35EF52: closes. applyIndex: 4
2023-08-25 11:36:02,158 [16866294-0bab-4ae5-8da9-294ec4800f35-impl-thread2] INFO  server.RaftServer$Division (RaftServerImpl.java:lambda$close$4(466)) - 16866294-0bab-4ae5-8da9-294ec4800f35@group-8C0C4E35EF52: shutdown
2023-08-25 11:36:02,159 [85c49798-3560-4dc9-a596-09ecbe4a8df4@group-D8CCD606C082-StateMachineUpdater] INFO  ratis.ContainerStateMachine (ContainerStateMachine.java:takeSnapshot(341)) - group-D8CCD606C082: Finished taking a snapshot at:(t:1, i:28) file:/home/runner/work/ozone/ozone/hadoop-ozone/integration-test/target/test-dir/MiniOzoneClusterImpl-36fc3352-0e59-45fd-a08b-0e99224ecb60/datanode-2/data/ratis/83bcb3aa-1d36-4ab4-b1d9-d8ccd606c082/sm/snapshot.1_28 took: 17 ms
2023-08-25 11:36:02,159 [85c49798-3560-4dc9-a596-09ecbe4a8df4@group-D8CCD606C082-StateMachineUpdater] INFO  impl.StateMachineUpdater (StateMachineUpdater.java:takeSnapshot(291)) - 85c49798-3560-4dc9-a596-09ecbe4a8df4@group-D8CCD606C082-StateMachineUpdater: Took a snapshot at index 28
2023-08-25 11:36:02,159 [85c49798-3560-4dc9-a596-09ecbe4a8df4@group-D8CCD606C082-StateMachineUpdater] INFO  impl.StateMachineUpdater (StateMachineUpdater.java:lambda$new$0(97)) - 85c49798-3560-4dc9-a596-09ecbe4a8df4@group-D8CCD606C082-StateMachineUpdater: snapshotIndex: updateIncreasingly -1 -> 28
2023-08-25 11:36:02,159 [16866294-0bab-4ae5-8da9-294ec4800f35-impl-thread2] INFO  util.JmxRegister (JmxRegister.java:unregister(73)) - Successfully un-registered JMX Bean with object name Ratis:service=RaftServer,group=group-8C0C4E35EF52,id=16866294-0bab-4ae5-8da9-294ec4800f35
2023-08-25 11:36:02,159 [16866294-0bab-4ae5-8da9-294ec4800f35-impl-thread2] INFO  impl.RoleInfo (RoleInfo.java:shutdownFollowerState(110)) - 16866294-0bab-4ae5-8da9-294ec4800f35: shutdown 16866294-0bab-4ae5-8da9-294ec4800f35@group-8C0C4E35EF52-FollowerState
2023-08-25 11:36:02,161 [16866294-0bab-4ae5-8da9-294ec4800f35-impl-thread3] INFO  server.RaftServer$Division (RaftServerImpl.java:lambda$close$4(466)) - 16866294-0bab-4ae5-8da9-294ec4800f35@group-786CA0948F63: shutdown
2023-08-25 11:36:02,162 [16866294-0bab-4ae5-8da9-294ec4800f35-impl-thread3] INFO  util.JmxRegister (JmxRegister.java:unregister(73)) - Successfully un-registered JMX Bean with object name Ratis:service=RaftServer,group=group-786CA0948F63,id=16866294-0bab-4ae5-8da9-294ec4800f35
2023-08-25 11:36:02,162 [16866294-0bab-4ae5-8da9-294ec4800f35-impl-thread3] INFO  impl.RoleInfo (RoleInfo.java:shutdownLeaderState(93)) - 16866294-0bab-4ae5-8da9-294ec4800f35: shutdown 16866294-0bab-4ae5-8da9-294ec4800f35@group-786CA0948F63-LeaderStateImpl
2023-08-25 11:36:02,162 [16866294-0bab-4ae5-8da9-294ec4800f35-impl-thread3] INFO  impl.PendingRequests (PendingRequests.java:sendNotLeaderResponses(289)) - 16866294-0bab-4ae5-8da9-294ec4800f35@group-786CA0948F63-PendingRequests: sendNotLeaderResponses
2023-08-25 11:36:02,162 [16866294-0bab-4ae5-8da9-294ec4800f35-impl-thread3] INFO  impl.StateMachineUpdater (StateMachineUpdater.java:stopAndJoin(155)) - 16866294-0bab-4ae5-8da9-294ec4800f35@group-786CA0948F63-StateMachineUpdater: set stopIndex = 0
2023-08-25 11:36:02,162 [16866294-0bab-4ae5-8da9-294ec4800f35@group-786CA0948F63-StateMachineUpdater] INFO  ratis.ContainerStateMachine (ContainerStateMachine.java:takeSnapshot(330)) - group-786CA0948F63: Taking a snapshot at:(t:1, i:0) file /home/runner/work/ozone/ozone/hadoop-ozone/integration-test/target/test-dir/MiniOzoneClusterImpl-36fc3352-0e59-45fd-a08b-0e99224ecb60/datanode-0/data/ratis/492ed05f-04fa-4ed1-be93-786ca0948f63/sm/snapshot.1_0
2023-08-25 11:36:02,164 [16866294-0bab-4ae5-8da9-294ec4800f35@group-786CA0948F63-StateMachineUpdater] INFO  ratis.ContainerStateMachine (ContainerStateMachine.java:takeSnapshot(341)) - group-786CA0948F63: Finished taking a snapshot at:(t:1, i:0) file:/home/runner/work/ozone/ozone/hadoop-ozone/integration-test/target/test-dir/MiniOzoneClusterImpl-36fc3352-0e59-45fd-a08b-0e99224ecb60/datanode-0/data/ratis/492ed05f-04fa-4ed1-be93-786ca0948f63/sm/snapshot.1_0 took: 3 ms
2023-08-25 11:36:02,165 [16866294-0bab-4ae5-8da9-294ec4800f35@group-786CA0948F63-StateMachineUpdater] INFO  impl.StateMachineUpdater (StateMachineUpdater.java:takeSnapshot(291)) - 16866294-0bab-4ae5-8da9-294ec4800f35@group-786CA0948F63-StateMachineUpdater: Took a snapshot at index 0
2023-08-25 11:36:02,165 [16866294-0bab-4ae5-8da9-294ec4800f35@group-786CA0948F63-StateMachineUpdater] INFO  impl.StateMachineUpdater (StateMachineUpdater.java:lambda$new$0(97)) - 16866294-0bab-4ae5-8da9-294ec4800f35@group-786CA0948F63-StateMachineUpdater: snapshotIndex: updateIncreasingly -1 -> 0
2023-08-25 11:36:02,165 [16866294-0bab-4ae5-8da9-294ec4800f35-impl-thread3] INFO  server.RaftServer$Division (ServerState.java:close(472)) - 16866294-0bab-4ae5-8da9-294ec4800f35@group-786CA0948F63: closes. applyIndex: 0
2023-08-25 11:36:02,167 [ForkJoinPool.commonPool-worker-0] INFO  server.GrpcService (GrpcService.java:closeImpl(311)) - 16866294-0bab-4ae5-8da9-294ec4800f35: shutdown server org.apache.ratis.grpc.server.GrpcClientProtocolService now
2023-08-25 11:36:02,168 [16866294-0bab-4ae5-8da9-294ec4800f35-impl-thread4] INFO  server.RaftServer$Division (RaftServerImpl.java:lambda$close$4(466)) - 16866294-0bab-4ae5-8da9-294ec4800f35@group-D8CCD606C082: shutdown
2023-08-25 11:36:02,168 [16866294-0bab-4ae5-8da9-294ec4800f35-impl-thread4] INFO  util.JmxRegister (JmxRegister.java:unregister(73)) - Successfully un-registered JMX Bean with object name Ratis:service=RaftServer,group=group-D8CCD606C082,id=16866294-0bab-4ae5-8da9-294ec4800f35
2023-08-25 11:36:02,168 [16866294-0bab-4ae5-8da9-294ec4800f35-impl-thread4] INFO  impl.RoleInfo (RoleInfo.java:shutdownFollowerState(110)) - 16866294-0bab-4ae5-8da9-294ec4800f35: shutdown 16866294-0bab-4ae5-8da9-294ec4800f35@group-D8CCD606C082-FollowerState
2023-08-25 11:36:02,187 [16866294-0bab-4ae5-8da9-294ec4800f35-impl-thread2] INFO  impl.StateMachineUpdater (StateMachineUpdater.java:stopAndJoin(155)) - 16866294-0bab-4ae5-8da9-294ec4800f35@group-8C0C4E35EF52-StateMachineUpdater: set stopIndex = 2
2023-08-25 11:36:02,188 [16866294-0bab-4ae5-8da9-294ec4800f35@group-8C0C4E35EF52-StateMachineUpdater] INFO  ratis.ContainerStateMachine (ContainerStateMachine.java:takeSnapshot(330)) - group-8C0C4E35EF52: Taking a snapshot at:(t:1, i:2) file /home/runner/work/ozone/ozone/hadoop-ozone/integration-test/target/test-dir/MiniOzoneClusterImpl-36fc3352-0e59-45fd-a08b-0e99224ecb60/datanode-0/data/ratis/da625676-3909-44fd-8a2b-8c0c4e35ef52/sm/snapshot.1_2
2023-08-25 11:36:02,189 [85c49798-3560-4dc9-a596-09ecbe4a8df4-impl-thread3] INFO  server.RaftServer$Division (ServerState.java:close(472)) - 85c49798-3560-4dc9-a596-09ecbe4a8df4@group-D8CCD606C082: closes. applyIndex: 28
2023-08-25 11:36:02,189 [grpc-default-executor-10] INFO  server.GrpcLogAppender (GrpcLogAppender.java:onCompleted(428)) - 85c49798-3560-4dc9-a596-09ecbe4a8df4@group-D8CCD606C082->16866294-0bab-4ae5-8da9-294ec4800f35-AppendLogResponseHandler: follower responses appendEntries COMPLETED
2023-08-25 11:36:02,189 [grpc-default-executor-10] WARN  server.GrpcLogAppender (GrpcLogAppender.java:resetClient(137)) - 85c49798-3560-4dc9-a596-09ecbe4a8df4@group-D8CCD606C082->16866294-0bab-4ae5-8da9-294ec4800f35-GrpcLogAppender: Failed to getClient for 16866294-0bab-4ae5-8da9-294ec4800f35
org.apache.ratis.protocol.exceptions.AlreadyClosedException: 85c49798-3560-4dc9-a596-09ecbe4a8df4 is already CLOSED
	at org.apache.ratis.util.PeerProxyMap$PeerAndProxy.getProxy(PeerProxyMap.java:61)
	at org.apache.ratis.util.PeerProxyMap.getProxy(PeerProxyMap.java:115)
	at org.apache.ratis.grpc.server.GrpcLogAppender.getClient(GrpcLogAppender.java:112)
	at org.apache.ratis.grpc.server.GrpcLogAppender.resetClient(GrpcLogAppender.java:117)
	at org.apache.ratis.grpc.server.GrpcLogAppender.access$500(GrpcLogAppender.java:56)
	at org.apache.ratis.grpc.server.GrpcLogAppender$AppendLogResponseHandler.onCompleted(GrpcLogAppender.java:429)
	at org.apache.ratis.thirdparty.io.grpc.stub.ClientCalls$StreamObserverToCallListenerAdapter.onClose(ClientCalls.java:485)
	at org.apache.ratis.thirdparty.io.grpc.internal.ClientCallImpl.closeObserver(ClientCallImpl.java:563)
	at org.apache.ratis.thirdparty.io.grpc.internal.ClientCallImpl.access$300(ClientCallImpl.java:70)
	at org.apache.ratis.thirdparty.io.grpc.internal.ClientCallImpl$ClientStreamListenerImpl$1StreamClosed.runInternal(ClientCallImpl.java:744)
	at org.apache.ratis.thirdparty.io.grpc.internal.ClientCallImpl$ClientStreamListenerImpl$1StreamClosed.runInContext(ClientCallImpl.java:723)
	at org.apache.ratis.thirdparty.io.grpc.internal.ContextRunnable.run(ContextRunnable.java:37)
	at org.apache.ratis.thirdparty.io.grpc.internal.SerializingExecutor.run(SerializingExecutor.java:133)
	at java.util.concurrent.ThreadPoolExecutor.runWorker(ThreadPoolExecutor.java:1149)
	at java.util.concurrent.ThreadPoolExecutor$Worker.run(ThreadPoolExecutor.java:624)
	at java.lang.Thread.run(Thread.java:750)
2023-08-25 11:36:02,187 [16866294-0bab-4ae5-8da9-294ec4800f35@group-8C0C4E35EF52-FollowerState] INFO  impl.FollowerState (FollowerState.java:run(152)) - 16866294-0bab-4ae5-8da9-294ec4800f35@group-8C0C4E35EF52-FollowerState was interrupted
2023-08-25 11:36:02,190 [grpc-default-executor-10] INFO  server.GrpcLogAppender (GrpcLogAppender.java:onCompleted(428)) - 85c49798-3560-4dc9-a596-09ecbe4a8df4@group-D8CCD606C082->6fb87cf7-6010-4447-ac68-4b216325e026-AppendLogResponseHandler: follower responses appendEntries COMPLETED
2023-08-25 11:36:02,190 [grpc-default-executor-10] WARN  server.GrpcLogAppender (GrpcLogAppender.java:resetClient(137)) - 85c49798-3560-4dc9-a596-09ecbe4a8df4@group-D8CCD606C082->6fb87cf7-6010-4447-ac68-4b216325e026-GrpcLogAppender: Failed to getClient for 6fb87cf7-6010-4447-ac68-4b216325e026
org.apache.ratis.protocol.exceptions.AlreadyClosedException: 85c49798-3560-4dc9-a596-09ecbe4a8df4 is already CLOSED
	at org.apache.ratis.util.PeerProxyMap$PeerAndProxy.getProxy(PeerProxyMap.java:61)
	at org.apache.ratis.util.PeerProxyMap.getProxy(PeerProxyMap.java:115)
	at org.apache.ratis.grpc.server.GrpcLogAppender.getClient(GrpcLogAppender.java:112)
	at org.apache.ratis.grpc.server.GrpcLogAppender.resetClient(GrpcLogAppender.java:117)
	at org.apache.ratis.grpc.server.GrpcLogAppender.access$500(GrpcLogAppender.java:56)
	at org.apache.ratis.grpc.server.GrpcLogAppender$AppendLogResponseHandler.onCompleted(GrpcLogAppender.java:429)
	at org.apache.ratis.thirdparty.io.grpc.stub.ClientCalls$StreamObserverToCallListenerAdapter.onClose(ClientCalls.java:485)
	at org.apache.ratis.thirdparty.io.grpc.internal.DelayedClientCall$DelayedListener$3.run(DelayedClientCall.java:471)
	at org.apache.ratis.thirdparty.io.grpc.internal.DelayedClientCall$DelayedListener.delayOrExecute(DelayedClientCall.java:435)
	at org.apache.ratis.thirdparty.io.grpc.internal.DelayedClientCall$DelayedListener.onClose(DelayedClientCall.java:468)
	at org.apache.ratis.thirdparty.io.grpc.internal.ClientCallImpl.closeObserver(ClientCallImpl.java:563)
	at org.apache.ratis.thirdparty.io.grpc.internal.ClientCallImpl.access$300(ClientCallImpl.java:70)
	at org.apache.ratis.thirdparty.io.grpc.internal.ClientCallImpl$ClientStreamListenerImpl$1StreamClosed.runInternal(ClientCallImpl.java:744)
	at org.apache.ratis.thirdparty.io.grpc.internal.ClientCallImpl$ClientStreamListenerImpl$1StreamClosed.runInContext(ClientCallImpl.java:723)
	at org.apache.ratis.thirdparty.io.grpc.internal.ContextRunnable.run(ContextRunnable.java:37)
	at org.apache.ratis.thirdparty.io.grpc.internal.SerializingExecutor.run(SerializingExecutor.java:133)
	at java.util.concurrent.ThreadPoolExecutor.runWorker(ThreadPoolExecutor.java:1149)
	at java.util.concurrent.ThreadPoolExecutor$Worker.run(ThreadPoolExecutor.java:624)
	at java.lang.Thread.run(Thread.java:750)
2023-08-25 11:36:02,190 [grpc-default-executor-2] INFO  server.GrpcLogAppender (GrpcLogAppender.java:onCompleted(428)) - 85c49798-3560-4dc9-a596-09ecbe4a8df4@group-D8CCD606C082->6fb87cf7-6010-4447-ac68-4b216325e026-AppendLogResponseHandler: follower responses appendEntries COMPLETED
2023-08-25 11:36:02,190 [grpc-default-executor-2] WARN  server.GrpcLogAppender (GrpcLogAppender.java:resetClient(137)) - 85c49798-3560-4dc9-a596-09ecbe4a8df4@group-D8CCD606C082->6fb87cf7-6010-4447-ac68-4b216325e026-GrpcLogAppender: Failed to getClient for 6fb87cf7-6010-4447-ac68-4b216325e026
org.apache.ratis.protocol.exceptions.AlreadyClosedException: 85c49798-3560-4dc9-a596-09ecbe4a8df4 is already CLOSED
	at org.apache.ratis.util.PeerProxyMap$PeerAndProxy.getProxy(PeerProxyMap.java:61)
	at org.apache.ratis.util.PeerProxyMap.getProxy(PeerProxyMap.java:115)
	at org.apache.ratis.grpc.server.GrpcLogAppender.getClient(GrpcLogAppender.java:112)
	at org.apache.ratis.grpc.server.GrpcLogAppender.resetClient(GrpcLogAppender.java:117)
	at org.apache.ratis.grpc.server.GrpcLogAppender.access$500(GrpcLogAppender.java:56)
	at org.apache.ratis.grpc.server.GrpcLogAppender$AppendLogResponseHandler.onCompleted(GrpcLogAppender.java:429)
	at org.apache.ratis.thirdparty.io.grpc.stub.ClientCalls$StreamObserverToCallListenerAdapter.onClose(ClientCalls.java:485)
	at org.apache.ratis.thirdparty.io.grpc.internal.ClientCallImpl.closeObserver(ClientCallImpl.java:563)
	at org.apache.ratis.thirdparty.io.grpc.internal.ClientCallImpl.access$300(ClientCallImpl.java:70)
	at org.apache.ratis.thirdparty.io.grpc.internal.ClientCallImpl$ClientStreamListenerImpl$1StreamClosed.runInternal(ClientCallImpl.java:744)
	at org.apache.ratis.thirdparty.io.grpc.internal.ClientCallImpl$ClientStreamListenerImpl$1StreamClosed.runInContext(ClientCallImpl.java:723)
	at org.apache.ratis.thirdparty.io.grpc.internal.ContextRunnable.run(ContextRunnable.java:37)
	at org.apache.ratis.thirdparty.io.grpc.internal.SerializingExecutor.run(SerializingExecutor.java:133)
	at java.util.concurrent.ThreadPoolExecutor.runWorker(ThreadPoolExecutor.java:1149)
	at java.util.concurrent.ThreadPoolExecutor$Worker.run(ThreadPoolExecutor.java:624)
	at java.lang.Thread.run(Thread.java:750)
2023-08-25 11:36:02,191 [Thread-1065] INFO  server.GrpcServerProtocolClient (GrpcServerProtocolClient.java:close(103)) - 6fb87cf7-6010-4447-ac68-4b216325e026 Close channels
2023-08-25 11:36:02,191 [ForkJoinPool.commonPool-worker-3] INFO  server.GrpcService (GrpcService.java:closeImpl(320)) - 6fb87cf7-6010-4447-ac68-4b216325e026: shutdown server org.apache.ratis.grpc.server.GrpcClientProtocolService successfully
2023-08-25 11:36:02,196 [ForkJoinPool.commonPool-worker-3] INFO  server.GrpcService (GrpcService.java:closeImpl(311)) - 6fb87cf7-6010-4447-ac68-4b216325e026: shutdown server GrpcServerProtocolService now
2023-08-25 11:36:02,195 [grpc-default-executor-13] INFO  server.GrpcLogAppender (GrpcLogAppender.java:onCompleted(428)) - 85c49798-3560-4dc9-a596-09ecbe4a8df4@group-D8CCD606C082->16866294-0bab-4ae5-8da9-294ec4800f35-AppendLogResponseHandler: follower responses appendEntries COMPLETED
2023-08-25 11:36:02,196 [grpc-default-executor-13] WARN  server.GrpcLogAppender (GrpcLogAppender.java:resetClient(137)) - 85c49798-3560-4dc9-a596-09ecbe4a8df4@group-D8CCD606C082->16866294-0bab-4ae5-8da9-294ec4800f35-GrpcLogAppender: Failed to getClient for 16866294-0bab-4ae5-8da9-294ec4800f35
org.apache.ratis.protocol.exceptions.AlreadyClosedException: 85c49798-3560-4dc9-a596-09ecbe4a8df4 is already CLOSED
	at org.apache.ratis.util.PeerProxyMap$PeerAndProxy.getProxy(PeerProxyMap.java:61)
	at org.apache.ratis.util.PeerProxyMap.getProxy(PeerProxyMap.java:115)
	at org.apache.ratis.grpc.server.GrpcLogAppender.getClient(GrpcLogAppender.java:112)
	at org.apache.ratis.grpc.server.GrpcLogAppender.resetClient(GrpcLogAppender.java:117)
	at org.apache.ratis.grpc.server.GrpcLogAppender.access$500(GrpcLogAppender.java:56)
	at org.apache.ratis.grpc.server.GrpcLogAppender$AppendLogResponseHandler.onCompleted(GrpcLogAppender.java:429)
	at org.apache.ratis.thirdparty.io.grpc.stub.ClientCalls$StreamObserverToCallListenerAdapter.onClose(ClientCalls.java:485)
	at org.apache.ratis.thirdparty.io.grpc.internal.DelayedClientCall$DelayedListener$3.run(DelayedClientCall.java:471)
	at org.apache.ratis.thirdparty.io.grpc.internal.DelayedClientCall$DelayedListener.delayOrExecute(DelayedClientCall.java:435)
	at org.apache.ratis.thirdparty.io.grpc.internal.DelayedClientCall$DelayedListener.onClose(DelayedClientCall.java:468)
	at org.apache.ratis.thirdparty.io.grpc.internal.ClientCallImpl.closeObserver(ClientCallImpl.java:563)
	at org.apache.ratis.thirdparty.io.grpc.internal.ClientCallImpl.access$300(ClientCallImpl.java:70)
	at org.apache.ratis.thirdparty.io.grpc.internal.ClientCallImpl$ClientStreamListenerImpl$1StreamClosed.runInternal(ClientCallImpl.java:744)
	at org.apache.ratis.thirdparty.io.grpc.internal.ClientCallImpl$ClientStreamListenerImpl$1StreamClosed.runInContext(ClientCallImpl.java:723)
	at org.apache.ratis.thirdparty.io.grpc.internal.ContextRunnable.run(ContextRunnable.java:37)
	at org.apache.ratis.thirdparty.io.grpc.internal.SerializingExecutor.run(SerializingExecutor.java:133)
	at java.util.concurrent.ThreadPoolExecutor.runWorker(ThreadPoolExecutor.java:1149)
	at java.util.concurrent.ThreadPoolExecutor$Worker.run(ThreadPoolExecutor.java:624)
	at java.lang.Thread.run(Thread.java:750)
2023-08-25 11:36:02,195 [16866294-0bab-4ae5-8da9-294ec4800f35@group-D8CCD606C082-StateMachineUpdater] INFO  ratis.ContainerStateMachine (ContainerStateMachine.java:takeSnapshot(330)) - group-D8CCD606C082: Taking a snapshot at:(t:1, i:28) file /home/runner/work/ozone/ozone/hadoop-ozone/integration-test/target/test-dir/MiniOzoneClusterImpl-36fc3352-0e59-45fd-a08b-0e99224ecb60/datanode-0/data/ratis/83bcb3aa-1d36-4ab4-b1d9-d8ccd606c082/sm/snapshot.1_28
2023-08-25 11:36:02,195 [16866294-0bab-4ae5-8da9-294ec4800f35@group-D8CCD606C082-FollowerState] INFO  impl.FollowerState (FollowerState.java:run(152)) - 16866294-0bab-4ae5-8da9-294ec4800f35@group-D8CCD606C082-FollowerState was interrupted
2023-08-25 11:36:02,195 [16866294-0bab-4ae5-8da9-294ec4800f35-impl-thread4] INFO  impl.StateMachineUpdater (StateMachineUpdater.java:stopAndJoin(155)) - 16866294-0bab-4ae5-8da9-294ec4800f35@group-D8CCD606C082-StateMachineUpdater: set stopIndex = 28
2023-08-25 11:36:02,198 [16866294-0bab-4ae5-8da9-294ec4800f35@group-D8CCD606C082-StateMachineUpdater] INFO  ratis.ContainerStateMachine (ContainerStateMachine.java:takeSnapshot(341)) - group-D8CCD606C082: Finished taking a snapshot at:(t:1, i:28) file:/home/runner/work/ozone/ozone/hadoop-ozone/integration-test/target/test-dir/MiniOzoneClusterImpl-36fc3352-0e59-45fd-a08b-0e99224ecb60/datanode-0/data/ratis/83bcb3aa-1d36-4ab4-b1d9-d8ccd606c082/sm/snapshot.1_28 took: 4 ms
2023-08-25 11:36:02,199 [16866294-0bab-4ae5-8da9-294ec4800f35@group-D8CCD606C082-StateMachineUpdater] INFO  impl.StateMachineUpdater (StateMachineUpdater.java:takeSnapshot(291)) - 16866294-0bab-4ae5-8da9-294ec4800f35@group-D8CCD606C082-StateMachineUpdater: Took a snapshot at index 28
2023-08-25 11:36:02,199 [16866294-0bab-4ae5-8da9-294ec4800f35@group-D8CCD606C082-StateMachineUpdater] INFO  impl.StateMachineUpdater (StateMachineUpdater.java:lambda$new$0(97)) - 16866294-0bab-4ae5-8da9-294ec4800f35@group-D8CCD606C082-StateMachineUpdater: snapshotIndex: updateIncreasingly -1 -> 28
2023-08-25 11:36:02,205 [16866294-0bab-4ae5-8da9-294ec4800f35@group-8C0C4E35EF52-StateMachineUpdater] INFO  ratis.ContainerStateMachine (ContainerStateMachine.java:takeSnapshot(341)) - group-8C0C4E35EF52: Finished taking a snapshot at:(t:1, i:2) file:/home/runner/work/ozone/ozone/hadoop-ozone/integration-test/target/test-dir/MiniOzoneClusterImpl-36fc3352-0e59-45fd-a08b-0e99224ecb60/datanode-0/data/ratis/da625676-3909-44fd-8a2b-8c0c4e35ef52/sm/snapshot.1_2 took: 17 ms
2023-08-25 11:36:02,206 [16866294-0bab-4ae5-8da9-294ec4800f35@group-8C0C4E35EF52-StateMachineUpdater] INFO  impl.StateMachineUpdater (StateMachineUpdater.java:takeSnapshot(291)) - 16866294-0bab-4ae5-8da9-294ec4800f35@group-8C0C4E35EF52-StateMachineUpdater: Took a snapshot at index 2
2023-08-25 11:36:02,206 [16866294-0bab-4ae5-8da9-294ec4800f35@group-8C0C4E35EF52-StateMachineUpdater] INFO  impl.StateMachineUpdater (StateMachineUpdater.java:lambda$new$0(97)) - 16866294-0bab-4ae5-8da9-294ec4800f35@group-8C0C4E35EF52-StateMachineUpdater: snapshotIndex: updateIncreasingly -1 -> 2
2023-08-25 11:36:02,223 [Thread-1066] INFO  server.GrpcServerProtocolClient (GrpcServerProtocolClient.java:close(103)) - 85c49798-3560-4dc9-a596-09ecbe4a8df4 Close channels
2023-08-25 11:36:02,230 [16866294-0bab-4ae5-8da9-294ec4800f35-impl-thread2] INFO  server.RaftServer$Division (ServerState.java:close(472)) - 16866294-0bab-4ae5-8da9-294ec4800f35@group-8C0C4E35EF52: closes. applyIndex: 2
2023-08-25 11:36:02,230 [ForkJoinPool.commonPool-worker-3] INFO  server.GrpcService (GrpcService.java:closeImpl(320)) - 6fb87cf7-6010-4447-ac68-4b216325e026: shutdown server GrpcServerProtocolService successfully
2023-08-25 11:36:02,230 [ForkJoinPool.commonPool-worker-3] INFO  server.GrpcService (GrpcService.java:closeImpl(311)) - 6fb87cf7-6010-4447-ac68-4b216325e026: shutdown server org.apache.ratis.grpc.server.GrpcAdminProtocolService now
2023-08-25 11:36:02,230 [16866294-0bab-4ae5-8da9-294ec4800f35-impl-thread4] INFO  server.RaftServer$Division (ServerState.java:close(472)) - 16866294-0bab-4ae5-8da9-294ec4800f35@group-D8CCD606C082: closes. applyIndex: 28
2023-08-25 11:36:02,242 [ForkJoinPool.commonPool-worker-1] INFO  ozoneimpl.OzoneContainer (OzoneContainer.java:stop(451)) - Attempting to stop container services.
2023-08-25 11:36:02,242 [ForkJoinPool.commonPool-worker-3] INFO  server.GrpcService (GrpcService.java:closeImpl(320)) - 6fb87cf7-6010-4447-ac68-4b216325e026: shutdown server org.apache.ratis.grpc.server.GrpcAdminProtocolService successfully
2023-08-25 11:36:02,243 [main] INFO  server.GrpcService (GrpcService.java:closeImpl(320)) - 85c49798-3560-4dc9-a596-09ecbe4a8df4: shutdown server org.apache.ratis.grpc.server.GrpcClientProtocolService successfully
2023-08-25 11:36:02,243 [main] INFO  server.GrpcService (GrpcService.java:closeImpl(311)) - 85c49798-3560-4dc9-a596-09ecbe4a8df4: shutdown server GrpcServerProtocolService now
2023-08-25 11:36:02,243 [ForkJoinPool.commonPool-worker-1] INFO  server.RaftServer (RaftServerProxy.java:lambda$close$6(416)) - 3bcb9728-7d1d-45db-b3c3-ee1d25f73c3d: close
2023-08-25 11:36:02,244 [ForkJoinPool.commonPool-worker-0] INFO  server.GrpcService (GrpcService.java:closeImpl(320)) - 16866294-0bab-4ae5-8da9-294ec4800f35: shutdown server org.apache.ratis.grpc.server.GrpcClientProtocolService successfully
2023-08-25 11:36:02,245 [ForkJoinPool.commonPool-worker-0] INFO  server.GrpcService (GrpcService.java:closeImpl(311)) - 16866294-0bab-4ae5-8da9-294ec4800f35: shutdown server GrpcServerProtocolService now
2023-08-25 11:36:02,245 [ForkJoinPool.commonPool-worker-1] INFO  server.GrpcService (GrpcService.java:closeImpl(311)) - 3bcb9728-7d1d-45db-b3c3-ee1d25f73c3d: shutdown server org.apache.ratis.grpc.server.GrpcClientProtocolService now
2023-08-25 11:36:02,245 [3bcb9728-7d1d-45db-b3c3-ee1d25f73c3d-impl-thread2] INFO  server.RaftServer$Division (RaftServerImpl.java:lambda$close$4(466)) - 3bcb9728-7d1d-45db-b3c3-ee1d25f73c3d@group-CA236CEC735E: shutdown
2023-08-25 11:36:02,245 [3bcb9728-7d1d-45db-b3c3-ee1d25f73c3d-impl-thread2] INFO  util.JmxRegister (JmxRegister.java:unregister(73)) - Successfully un-registered JMX Bean with object name Ratis:service=RaftServer,group=group-CA236CEC735E,id=3bcb9728-7d1d-45db-b3c3-ee1d25f73c3d
2023-08-25 11:36:02,245 [3bcb9728-7d1d-45db-b3c3-ee1d25f73c3d-impl-thread2] INFO  impl.RoleInfo (RoleInfo.java:shutdownLeaderState(93)) - 3bcb9728-7d1d-45db-b3c3-ee1d25f73c3d: shutdown 3bcb9728-7d1d-45db-b3c3-ee1d25f73c3d@group-CA236CEC735E-LeaderStateImpl
2023-08-25 11:36:02,245 [6fb87cf7-6010-4447-ac68-4b216325e026-NettyServerStreamRpc-bossGroup--thread1] INFO  logging.LoggingHandler (AbstractInternalLogger.java:log(148)) - [id: 0x81bad278, L:/0:0:0:0:0:0:0:0:15077] CLOSE
2023-08-25 11:36:02,246 [3bcb9728-7d1d-45db-b3c3-ee1d25f73c3d-impl-thread2] INFO  impl.PendingRequests (PendingRequests.java:sendNotLeaderResponses(289)) - 3bcb9728-7d1d-45db-b3c3-ee1d25f73c3d@group-CA236CEC735E-PendingRequests: sendNotLeaderResponses
2023-08-25 11:36:02,246 [6fb87cf7-6010-4447-ac68-4b216325e026-NettyServerStreamRpc-bossGroup--thread1] INFO  logging.LoggingHandler (AbstractInternalLogger.java:log(148)) - [id: 0x81bad278, L:/0:0:0:0:0:0:0:0:15077] INACTIVE
2023-08-25 11:36:02,246 [6fb87cf7-6010-4447-ac68-4b216325e026-NettyServerStreamRpc-bossGroup--thread1] INFO  logging.LoggingHandler (AbstractInternalLogger.java:log(148)) - [id: 0x81bad278, L:/0:0:0:0:0:0:0:0:15077] UNREGISTERED
2023-08-25 11:36:02,248 [3bcb9728-7d1d-45db-b3c3-ee1d25f73c3d@group-CA236CEC735E-StateMachineUpdater] INFO  ratis.ContainerStateMachine (ContainerStateMachine.java:takeSnapshot(330)) - group-CA236CEC735E: Taking a snapshot at:(t:1, i:0) file /home/runner/work/ozone/ozone/hadoop-ozone/integration-test/target/test-dir/MiniOzoneClusterImpl-36fc3352-0e59-45fd-a08b-0e99224ecb60/datanode-4/data/ratis/f2917375-887d-4bd3-b0fd-ca236cec735e/sm/snapshot.1_0
2023-08-25 11:36:02,249 [3bcb9728-7d1d-45db-b3c3-ee1d25f73c3d-impl-thread2] INFO  impl.StateMachineUpdater (StateMachineUpdater.java:stopAndJoin(155)) - 3bcb9728-7d1d-45db-b3c3-ee1d25f73c3d@group-CA236CEC735E-StateMachineUpdater: set stopIndex = 0
2023-08-25 11:36:02,254 [ForkJoinPool.commonPool-worker-0] INFO  server.GrpcService (GrpcService.java:closeImpl(320)) - 16866294-0bab-4ae5-8da9-294ec4800f35: shutdown server GrpcServerProtocolService successfully
2023-08-25 11:36:02,254 [ForkJoinPool.commonPool-worker-0] INFO  server.GrpcService (GrpcService.java:closeImpl(311)) - 16866294-0bab-4ae5-8da9-294ec4800f35: shutdown server org.apache.ratis.grpc.server.GrpcAdminProtocolService now
2023-08-25 11:36:02,258 [ForkJoinPool.commonPool-worker-1] INFO  server.GrpcService (GrpcService.java:closeImpl(320)) - 3bcb9728-7d1d-45db-b3c3-ee1d25f73c3d: shutdown server org.apache.ratis.grpc.server.GrpcClientProtocolService successfully
2023-08-25 11:36:02,259 [ForkJoinPool.commonPool-worker-1] INFO  server.GrpcService (GrpcService.java:closeImpl(311)) - 3bcb9728-7d1d-45db-b3c3-ee1d25f73c3d: shutdown server GrpcServerProtocolService now
2023-08-25 11:36:02,270 [3bcb9728-7d1d-45db-b3c3-ee1d25f73c3d@group-CA236CEC735E-StateMachineUpdater] INFO  ratis.ContainerStateMachine (ContainerStateMachine.java:takeSnapshot(341)) - group-CA236CEC735E: Finished taking a snapshot at:(t:1, i:0) file:/home/runner/work/ozone/ozone/hadoop-ozone/integration-test/target/test-dir/MiniOzoneClusterImpl-36fc3352-0e59-45fd-a08b-0e99224ecb60/datanode-4/data/ratis/f2917375-887d-4bd3-b0fd-ca236cec735e/sm/snapshot.1_0 took: 21 ms
2023-08-25 11:36:02,270 [3bcb9728-7d1d-45db-b3c3-ee1d25f73c3d@group-CA236CEC735E-StateMachineUpdater] INFO  impl.StateMachineUpdater (StateMachineUpdater.java:takeSnapshot(291)) - 3bcb9728-7d1d-45db-b3c3-ee1d25f73c3d@group-CA236CEC735E-StateMachineUpdater: Took a snapshot at index 0
2023-08-25 11:36:02,270 [3bcb9728-7d1d-45db-b3c3-ee1d25f73c3d@group-CA236CEC735E-StateMachineUpdater] INFO  impl.StateMachineUpdater (StateMachineUpdater.java:lambda$new$0(97)) - 3bcb9728-7d1d-45db-b3c3-ee1d25f73c3d@group-CA236CEC735E-StateMachineUpdater: snapshotIndex: updateIncreasingly -1 -> 0
2023-08-25 11:36:02,270 [3bcb9728-7d1d-45db-b3c3-ee1d25f73c3d-impl-thread2] INFO  server.RaftServer$Division (ServerState.java:close(472)) - 3bcb9728-7d1d-45db-b3c3-ee1d25f73c3d@group-CA236CEC735E: closes. applyIndex: 0
2023-08-25 11:36:02,272 [main] INFO  server.GrpcService (GrpcService.java:closeImpl(320)) - 85c49798-3560-4dc9-a596-09ecbe4a8df4: shutdown server GrpcServerProtocolService successfully
2023-08-25 11:36:02,273 [main] INFO  server.GrpcService (GrpcService.java:closeImpl(311)) - 85c49798-3560-4dc9-a596-09ecbe4a8df4: shutdown server org.apache.ratis.grpc.server.GrpcAdminProtocolService now
2023-08-25 11:36:02,274 [ForkJoinPool.commonPool-worker-1] INFO  server.GrpcService (GrpcService.java:closeImpl(320)) - 3bcb9728-7d1d-45db-b3c3-ee1d25f73c3d: shutdown server GrpcServerProtocolService successfully
2023-08-25 11:36:02,274 [ForkJoinPool.commonPool-worker-1] INFO  server.GrpcService (GrpcService.java:closeImpl(311)) - 3bcb9728-7d1d-45db-b3c3-ee1d25f73c3d: shutdown server org.apache.ratis.grpc.server.GrpcAdminProtocolService now
2023-08-25 11:36:02,275 [ForkJoinPool.commonPool-worker-0] INFO  server.GrpcService (GrpcService.java:closeImpl(320)) - 16866294-0bab-4ae5-8da9-294ec4800f35: shutdown server org.apache.ratis.grpc.server.GrpcAdminProtocolService successfully
2023-08-25 11:36:02,276 [16866294-0bab-4ae5-8da9-294ec4800f35-NettyServerStreamRpc-bossGroup--thread1] INFO  logging.LoggingHandler (AbstractInternalLogger.java:log(148)) - [id: 0xc76ab31d, L:/0:0:0:0:0:0:0:0:15068] CLOSE
2023-08-25 11:36:02,276 [16866294-0bab-4ae5-8da9-294ec4800f35-NettyServerStreamRpc-bossGroup--thread1] INFO  logging.LoggingHandler (AbstractInternalLogger.java:log(148)) - [id: 0xc76ab31d, L:/0:0:0:0:0:0:0:0:15068] INACTIVE
2023-08-25 11:36:02,276 [16866294-0bab-4ae5-8da9-294ec4800f35-NettyServerStreamRpc-bossGroup--thread1] INFO  logging.LoggingHandler (AbstractInternalLogger.java:log(148)) - [id: 0xc76ab31d, L:/0:0:0:0:0:0:0:0:15068] UNREGISTERED
2023-08-25 11:36:02,285 [main] INFO  server.GrpcService (GrpcService.java:closeImpl(320)) - 85c49798-3560-4dc9-a596-09ecbe4a8df4: shutdown server org.apache.ratis.grpc.server.GrpcAdminProtocolService successfully
2023-08-25 11:36:02,286 [ForkJoinPool.commonPool-worker-1] INFO  server.GrpcService (GrpcService.java:closeImpl(320)) - 3bcb9728-7d1d-45db-b3c3-ee1d25f73c3d: shutdown server org.apache.ratis.grpc.server.GrpcAdminProtocolService successfully
2023-08-25 11:36:02,286 [3bcb9728-7d1d-45db-b3c3-ee1d25f73c3d-NettyServerStreamRpc-bossGroup--thread1] INFO  logging.LoggingHandler (AbstractInternalLogger.java:log(148)) - [id: 0x7525b511, L:/0:0:0:0:0:0:0:0:15104] CLOSE
2023-08-25 11:36:02,287 [3bcb9728-7d1d-45db-b3c3-ee1d25f73c3d-NettyServerStreamRpc-bossGroup--thread1] INFO  logging.LoggingHandler (AbstractInternalLogger.java:log(148)) - [id: 0x7525b511, L:/0:0:0:0:0:0:0:0:15104] INACTIVE
2023-08-25 11:36:02,287 [3bcb9728-7d1d-45db-b3c3-ee1d25f73c3d-NettyServerStreamRpc-bossGroup--thread1] INFO  logging.LoggingHandler (AbstractInternalLogger.java:log(148)) - [id: 0x7525b511, L:/0:0:0:0:0:0:0:0:15104] UNREGISTERED
2023-08-25 11:36:02,299 [85c49798-3560-4dc9-a596-09ecbe4a8df4-NettyServerStreamRpc-bossGroup--thread1] INFO  logging.LoggingHandler (AbstractInternalLogger.java:log(148)) - [id: 0x4c07bcdd, L:/0:0:0:0:0:0:0:0:15086] CLOSE
2023-08-25 11:36:02,300 [85c49798-3560-4dc9-a596-09ecbe4a8df4-NettyServerStreamRpc-bossGroup--thread1] INFO  logging.LoggingHandler (AbstractInternalLogger.java:log(148)) - [id: 0x4c07bcdd, L:/0:0:0:0:0:0:0:0:15086] INACTIVE
2023-08-25 11:36:02,300 [85c49798-3560-4dc9-a596-09ecbe4a8df4-NettyServerStreamRpc-bossGroup--thread1] INFO  logging.LoggingHandler (AbstractInternalLogger.java:log(148)) - [id: 0x4c07bcdd, L:/0:0:0:0:0:0:0:0:15086] UNREGISTERED
2023-08-25 11:36:02,313 [ForkJoinPool.commonPool-worker-2] INFO  ozoneimpl.OzoneContainer (OzoneContainer.java:stop(451)) - Attempting to stop container services.
2023-08-25 11:36:02,314 [ForkJoinPool.commonPool-worker-2] INFO  server.RaftServer (RaftServerProxy.java:lambda$close$6(416)) - be1f1661-cb08-42a9-9c55-aeb71fb92a9a: close
2023-08-25 11:36:02,314 [ForkJoinPool.commonPool-worker-2] INFO  server.GrpcService (GrpcService.java:closeImpl(311)) - be1f1661-cb08-42a9-9c55-aeb71fb92a9a: shutdown server org.apache.ratis.grpc.server.GrpcClientProtocolService now
2023-08-25 11:36:02,315 [be1f1661-cb08-42a9-9c55-aeb71fb92a9a-impl-thread2] INFO  server.RaftServer$Division (RaftServerImpl.java:lambda$close$4(466)) - be1f1661-cb08-42a9-9c55-aeb71fb92a9a@group-9952D11EAA9A: shutdown
2023-08-25 11:36:02,315 [be1f1661-cb08-42a9-9c55-aeb71fb92a9a-impl-thread2] INFO  util.JmxRegister (JmxRegister.java:unregister(73)) - Successfully un-registered JMX Bean with object name Ratis:service=RaftServer,group=group-9952D11EAA9A,id=be1f1661-cb08-42a9-9c55-aeb71fb92a9a
2023-08-25 11:36:02,315 [be1f1661-cb08-42a9-9c55-aeb71fb92a9a-impl-thread2] INFO  impl.RoleInfo (RoleInfo.java:shutdownLeaderState(93)) - be1f1661-cb08-42a9-9c55-aeb71fb92a9a: shutdown be1f1661-cb08-42a9-9c55-aeb71fb92a9a@group-9952D11EAA9A-LeaderStateImpl
2023-08-25 11:36:02,316 [be1f1661-cb08-42a9-9c55-aeb71fb92a9a-impl-thread2] INFO  impl.PendingRequests (PendingRequests.java:sendNotLeaderResponses(289)) - be1f1661-cb08-42a9-9c55-aeb71fb92a9a@group-9952D11EAA9A-PendingRequests: sendNotLeaderResponses
2023-08-25 11:36:02,316 [be1f1661-cb08-42a9-9c55-aeb71fb92a9a-impl-thread2] INFO  impl.StateMachineUpdater (StateMachineUpdater.java:stopAndJoin(155)) - be1f1661-cb08-42a9-9c55-aeb71fb92a9a@group-9952D11EAA9A-StateMachineUpdater: set stopIndex = 0
2023-08-25 11:36:02,316 [be1f1661-cb08-42a9-9c55-aeb71fb92a9a@group-9952D11EAA9A-StateMachineUpdater] INFO  ratis.ContainerStateMachine (ContainerStateMachine.java:takeSnapshot(330)) - group-9952D11EAA9A: Taking a snapshot at:(t:1, i:0) file /home/runner/work/ozone/ozone/hadoop-ozone/integration-test/target/test-dir/MiniOzoneClusterImpl-36fc3352-0e59-45fd-a08b-0e99224ecb60/datanode-3/data/ratis/5e96b9db-8150-42c2-8cbd-9952d11eaa9a/sm/snapshot.1_0
2023-08-25 11:36:02,317 [be1f1661-cb08-42a9-9c55-aeb71fb92a9a@group-9952D11EAA9A-StateMachineUpdater] INFO  ratis.ContainerStateMachine (ContainerStateMachine.java:takeSnapshot(341)) - group-9952D11EAA9A: Finished taking a snapshot at:(t:1, i:0) file:/home/runner/work/ozone/ozone/hadoop-ozone/integration-test/target/test-dir/MiniOzoneClusterImpl-36fc3352-0e59-45fd-a08b-0e99224ecb60/datanode-3/data/ratis/5e96b9db-8150-42c2-8cbd-9952d11eaa9a/sm/snapshot.1_0 took: 1 ms
2023-08-25 11:36:02,318 [be1f1661-cb08-42a9-9c55-aeb71fb92a9a@group-9952D11EAA9A-StateMachineUpdater] INFO  impl.StateMachineUpdater (StateMachineUpdater.java:takeSnapshot(291)) - be1f1661-cb08-42a9-9c55-aeb71fb92a9a@group-9952D11EAA9A-StateMachineUpdater: Took a snapshot at index 0
2023-08-25 11:36:02,318 [be1f1661-cb08-42a9-9c55-aeb71fb92a9a@group-9952D11EAA9A-StateMachineUpdater] INFO  impl.StateMachineUpdater (StateMachineUpdater.java:lambda$new$0(97)) - be1f1661-cb08-42a9-9c55-aeb71fb92a9a@group-9952D11EAA9A-StateMachineUpdater: snapshotIndex: updateIncreasingly -1 -> 0
2023-08-25 11:36:02,318 [be1f1661-cb08-42a9-9c55-aeb71fb92a9a-impl-thread2] INFO  server.RaftServer$Division (ServerState.java:close(472)) - be1f1661-cb08-42a9-9c55-aeb71fb92a9a@group-9952D11EAA9A: closes. applyIndex: 0
2023-08-25 11:36:02,320 [ForkJoinPool.commonPool-worker-2] INFO  server.GrpcService (GrpcService.java:closeImpl(320)) - be1f1661-cb08-42a9-9c55-aeb71fb92a9a: shutdown server org.apache.ratis.grpc.server.GrpcClientProtocolService successfully
2023-08-25 11:36:02,320 [ForkJoinPool.commonPool-worker-2] INFO  server.GrpcService (GrpcService.java:closeImpl(311)) - be1f1661-cb08-42a9-9c55-aeb71fb92a9a: shutdown server GrpcServerProtocolService now
2023-08-25 11:36:02,330 [ForkJoinPool.commonPool-worker-2] INFO  server.GrpcService (GrpcService.java:closeImpl(320)) - be1f1661-cb08-42a9-9c55-aeb71fb92a9a: shutdown server GrpcServerProtocolService successfully
2023-08-25 11:36:02,330 [ForkJoinPool.commonPool-worker-2] INFO  server.GrpcService (GrpcService.java:closeImpl(311)) - be1f1661-cb08-42a9-9c55-aeb71fb92a9a: shutdown server org.apache.ratis.grpc.server.GrpcAdminProtocolService now
2023-08-25 11:36:02,335 [ForkJoinPool.commonPool-worker-2] INFO  server.GrpcService (GrpcService.java:closeImpl(320)) - be1f1661-cb08-42a9-9c55-aeb71fb92a9a: shutdown server org.apache.ratis.grpc.server.GrpcAdminProtocolService successfully
2023-08-25 11:36:02,335 [be1f1661-cb08-42a9-9c55-aeb71fb92a9a-NettyServerStreamRpc-bossGroup--thread1] INFO  logging.LoggingHandler (AbstractInternalLogger.java:log(148)) - [id: 0xf9378069, L:/0:0:0:0:0:0:0:0:15095] CLOSE
2023-08-25 11:36:02,335 [be1f1661-cb08-42a9-9c55-aeb71fb92a9a-NettyServerStreamRpc-bossGroup--thread1] INFO  logging.LoggingHandler (AbstractInternalLogger.java:log(148)) - [id: 0xf9378069, L:/0:0:0:0:0:0:0:0:15095] INACTIVE
2023-08-25 11:36:02,336 [be1f1661-cb08-42a9-9c55-aeb71fb92a9a-NettyServerStreamRpc-bossGroup--thread1] INFO  logging.LoggingHandler (AbstractInternalLogger.java:log(148)) - [id: 0xf9378069, L:/0:0:0:0:0:0:0:0:15095] UNREGISTERED
2023-08-25 11:36:02,472 [85c49798-3560-4dc9-a596-09ecbe4a8df4-impl-thread4] INFO  segmented.SegmentedRaftLogWorker (SegmentedRaftLogWorker.java:close(252)) - 85c49798-3560-4dc9-a596-09ecbe4a8df4@group-BD9B704D0B35-SegmentedRaftLogWorker close()
2023-08-25 11:36:02,890 [16866294-0bab-4ae5-8da9-294ec4800f35-impl-thread3] INFO  segmented.SegmentedRaftLogWorker (SegmentedRaftLogWorker.java:close(252)) - 16866294-0bab-4ae5-8da9-294ec4800f35@group-786CA0948F63-SegmentedRaftLogWorker close()
2023-08-25 11:36:02,970 [6fb87cf7-6010-4447-ac68-4b216325e026-impl-thread2] INFO  segmented.SegmentedRaftLogWorker (SegmentedRaftLogWorker.java:close(252)) - 6fb87cf7-6010-4447-ac68-4b216325e026@group-8C0C4E35EF52-SegmentedRaftLogWorker close()
2023-08-25 11:36:02,985 [16866294-0bab-4ae5-8da9-294ec4800f35-impl-thread2] INFO  segmented.SegmentedRaftLogWorker (SegmentedRaftLogWorker.java:close(252)) - 16866294-0bab-4ae5-8da9-294ec4800f35@group-8C0C4E35EF52-SegmentedRaftLogWorker close()
2023-08-25 11:36:02,985 [85c49798-3560-4dc9-a596-09ecbe4a8df4-impl-thread2] INFO  segmented.SegmentedRaftLogWorker (SegmentedRaftLogWorker.java:close(252)) - 85c49798-3560-4dc9-a596-09ecbe4a8df4@group-8C0C4E35EF52-SegmentedRaftLogWorker close()
2023-08-25 11:36:03,044 [85c49798-3560-4dc9-a596-09ecbe4a8df4-impl-thread3] INFO  segmented.SegmentedRaftLogWorker (SegmentedRaftLogWorker.java:close(252)) - 85c49798-3560-4dc9-a596-09ecbe4a8df4@group-D8CCD606C082-SegmentedRaftLogWorker close()
2023-08-25 11:36:03,048 [JvmPauseMonitor11] INFO  util.JvmPauseMonitor (JvmPauseMonitor.java:run(109)) - JvmPauseMonitor-85c49798-3560-4dc9-a596-09ecbe4a8df4: Stopped
2023-08-25 11:36:03,071 [6fb87cf7-6010-4447-ac68-4b216325e026-impl-thread3] INFO  segmented.SegmentedRaftLogWorker (SegmentedRaftLogWorker.java:close(252)) - 6fb87cf7-6010-4447-ac68-4b216325e026@group-D8CCD606C082-SegmentedRaftLogWorker close()
2023-08-25 11:36:03,071 [16866294-0bab-4ae5-8da9-294ec4800f35-impl-thread4] INFO  segmented.SegmentedRaftLogWorker (SegmentedRaftLogWorker.java:close(252)) - 16866294-0bab-4ae5-8da9-294ec4800f35@group-D8CCD606C082-SegmentedRaftLogWorker close()
2023-08-25 11:36:03,075 [JvmPauseMonitor9] INFO  util.JvmPauseMonitor (JvmPauseMonitor.java:run(109)) - JvmPauseMonitor-16866294-0bab-4ae5-8da9-294ec4800f35: Stopped
2023-08-25 11:36:03,076 [JvmPauseMonitor10] INFO  util.JvmPauseMonitor (JvmPauseMonitor.java:run(109)) - JvmPauseMonitor-6fb87cf7-6010-4447-ac68-4b216325e026: Stopped
2023-08-25 11:36:03,147 [be1f1661-cb08-42a9-9c55-aeb71fb92a9a-impl-thread2] INFO  segmented.SegmentedRaftLogWorker (SegmentedRaftLogWorker.java:close(252)) - be1f1661-cb08-42a9-9c55-aeb71fb92a9a@group-9952D11EAA9A-SegmentedRaftLogWorker close()
2023-08-25 11:36:03,151 [JvmPauseMonitor12] INFO  util.JvmPauseMonitor (JvmPauseMonitor.java:run(109)) - JvmPauseMonitor-be1f1661-cb08-42a9-9c55-aeb71fb92a9a: Stopped
2023-08-25 11:36:03,154 [3bcb9728-7d1d-45db-b3c3-ee1d25f73c3d-impl-thread2] INFO  segmented.SegmentedRaftLogWorker (SegmentedRaftLogWorker.java:close(252)) - 3bcb9728-7d1d-45db-b3c3-ee1d25f73c3d@group-CA236CEC735E-SegmentedRaftLogWorker close()
2023-08-25 11:36:03,155 [JvmPauseMonitor13] INFO  util.JvmPauseMonitor (JvmPauseMonitor.java:run(109)) - JvmPauseMonitor-3bcb9728-7d1d-45db-b3c3-ee1d25f73c3d: Stopped
2023-08-25 11:36:05,053 [main] INFO  utils.DatanodeStoreCache (DatanodeStoreCache.java:shutdownCache(110)) - Skip clearing cache in mini cluster mode. Entries left: [/home/runner/work/ozone/ozone/hadoop-ozone/integration-test/target/test-dir/MiniOzoneClusterImpl-36fc3352-0e59-45fd-a08b-0e99224ecb60/datanode-0/data-0/containers/hdds/36fc3352-0e59-45fd-a08b-0e99224ecb60/DS-fca6eb99-54b1-4e57-88b5-dfc039c23e6a/container.db, /home/runner/work/ozone/ozone/hadoop-ozone/integration-test/target/test-dir/MiniOzoneClusterImpl-36fc3352-0e59-45fd-a08b-0e99224ecb60/datanode-1/data-0/containers/hdds/36fc3352-0e59-45fd-a08b-0e99224ecb60/DS-583f7082-9647-4147-a7af-4241f3815ab3/container.db, /home/runner/work/ozone/ozone/hadoop-ozone/integration-test/target/test-dir/MiniOzoneClusterImpl-36fc3352-0e59-45fd-a08b-0e99224ecb60/datanode-2/data-0/containers/hdds/36fc3352-0e59-45fd-a08b-0e99224ecb60/DS-91d9a81c-745a-4c5c-9e1b-bbdfc5e0e683/container.db, /home/runner/work/ozone/ozone/hadoop-ozone/integration-test/target/test-dir/MiniOzoneClusterImpl-36fc3352-0e59-45fd-a08b-0e99224ecb60/datanode-3/data-0/containers/hdds/36fc3352-0e59-45fd-a08b-0e99224ecb60/DS-ca14dce8-12a0-47a9-9fcb-01c2c511bd2a/container.db, /home/runner/work/ozone/ozone/hadoop-ozone/integration-test/target/test-dir/MiniOzoneClusterImpl-36fc3352-0e59-45fd-a08b-0e99224ecb60/datanode-4/data-0/containers/hdds/36fc3352-0e59-45fd-a08b-0e99224ecb60/DS-80a493ab-9e3b-4c11-85ca-01a8ec5c949c/container.db]
2023-08-25 11:36:05,058 [main] INFO  utils.DatanodeStoreCache (DatanodeStoreCache.java:removeDB(104)) - Removed db /home/runner/work/ozone/ozone/hadoop-ozone/integration-test/target/test-dir/MiniOzoneClusterImpl-36fc3352-0e59-45fd-a08b-0e99224ecb60/datanode-2/data-0/containers/hdds/36fc3352-0e59-45fd-a08b-0e99224ecb60/DS-91d9a81c-745a-4c5c-9e1b-bbdfc5e0e683/container.db from cache
2023-08-25 11:36:05,058 [main] INFO  volume.HddsVolume (HddsVolume.java:closeDbStore(453)) - SchemaV3 db is stopped at /home/runner/work/ozone/ozone/hadoop-ozone/integration-test/target/test-dir/MiniOzoneClusterImpl-36fc3352-0e59-45fd-a08b-0e99224ecb60/datanode-2/data-0/containers/hdds/36fc3352-0e59-45fd-a08b-0e99224ecb60/DS-91d9a81c-745a-4c5c-9e1b-bbdfc5e0e683/container.db for volume DS-91d9a81c-745a-4c5c-9e1b-bbdfc5e0e683
2023-08-25 11:36:05,058 [main] INFO  utils.BackgroundService (BackgroundService.java:shutdown(141)) - Shutting down service BlockDeletingService
2023-08-25 11:36:05,059 [main] INFO  utils.BackgroundService (BackgroundService.java:shutdown(141)) - Shutting down service StaleRecoveringContainerScrubbingService
2023-08-25 11:36:05,062 [main] INFO  statemachine.DatanodeStateMachine (DatanodeStateMachine.java:stopDaemon(620)) - Ozone container server stopped.
2023-08-25 11:36:05,079 [main] INFO  handler.ContextHandler (ContextHandler.java:doStop(1159)) - Stopped o.e.j.w.WebAppContext@33714dd6{hddsDatanode,/,null,STOPPED}{jar:file:/home/runner/.m2/repository/org/apache/ozone/hdds-container-service/1.4.0-SNAPSHOT/hdds-container-service-1.4.0-SNAPSHOT.jar!/webapps/hddsDatanode}
2023-08-25 11:36:05,080 [ForkJoinPool.commonPool-worker-3] INFO  utils.DatanodeStoreCache (DatanodeStoreCache.java:shutdownCache(110)) - Skip clearing cache in mini cluster mode. Entries left: [/home/runner/work/ozone/ozone/hadoop-ozone/integration-test/target/test-dir/MiniOzoneClusterImpl-36fc3352-0e59-45fd-a08b-0e99224ecb60/datanode-0/data-0/containers/hdds/36fc3352-0e59-45fd-a08b-0e99224ecb60/DS-fca6eb99-54b1-4e57-88b5-dfc039c23e6a/container.db, /home/runner/work/ozone/ozone/hadoop-ozone/integration-test/target/test-dir/MiniOzoneClusterImpl-36fc3352-0e59-45fd-a08b-0e99224ecb60/datanode-1/data-0/containers/hdds/36fc3352-0e59-45fd-a08b-0e99224ecb60/DS-583f7082-9647-4147-a7af-4241f3815ab3/container.db, /home/runner/work/ozone/ozone/hadoop-ozone/integration-test/target/test-dir/MiniOzoneClusterImpl-36fc3352-0e59-45fd-a08b-0e99224ecb60/datanode-3/data-0/containers/hdds/36fc3352-0e59-45fd-a08b-0e99224ecb60/DS-ca14dce8-12a0-47a9-9fcb-01c2c511bd2a/container.db, /home/runner/work/ozone/ozone/hadoop-ozone/integration-test/target/test-dir/MiniOzoneClusterImpl-36fc3352-0e59-45fd-a08b-0e99224ecb60/datanode-4/data-0/containers/hdds/36fc3352-0e59-45fd-a08b-0e99224ecb60/DS-80a493ab-9e3b-4c11-85ca-01a8ec5c949c/container.db]
2023-08-25 11:36:05,080 [ForkJoinPool.commonPool-worker-0] INFO  utils.DatanodeStoreCache (DatanodeStoreCache.java:shutdownCache(110)) - Skip clearing cache in mini cluster mode. Entries left: [/home/runner/work/ozone/ozone/hadoop-ozone/integration-test/target/test-dir/MiniOzoneClusterImpl-36fc3352-0e59-45fd-a08b-0e99224ecb60/datanode-0/data-0/containers/hdds/36fc3352-0e59-45fd-a08b-0e99224ecb60/DS-fca6eb99-54b1-4e57-88b5-dfc039c23e6a/container.db, /home/runner/work/ozone/ozone/hadoop-ozone/integration-test/target/test-dir/MiniOzoneClusterImpl-36fc3352-0e59-45fd-a08b-0e99224ecb60/datanode-1/data-0/containers/hdds/36fc3352-0e59-45fd-a08b-0e99224ecb60/DS-583f7082-9647-4147-a7af-4241f3815ab3/container.db, /home/runner/work/ozone/ozone/hadoop-ozone/integration-test/target/test-dir/MiniOzoneClusterImpl-36fc3352-0e59-45fd-a08b-0e99224ecb60/datanode-3/data-0/containers/hdds/36fc3352-0e59-45fd-a08b-0e99224ecb60/DS-ca14dce8-12a0-47a9-9fcb-01c2c511bd2a/container.db, /home/runner/work/ozone/ozone/hadoop-ozone/integration-test/target/test-dir/MiniOzoneClusterImpl-36fc3352-0e59-45fd-a08b-0e99224ecb60/datanode-4/data-0/containers/hdds/36fc3352-0e59-45fd-a08b-0e99224ecb60/DS-80a493ab-9e3b-4c11-85ca-01a8ec5c949c/container.db]
2023-08-25 11:36:05,085 [main] INFO  server.AbstractConnector (AbstractConnector.java:doStop(383)) - Stopped ServerConnector@491f7c62{HTTP/1.1, (http/1.1)}{0.0.0.0:15080}
2023-08-25 11:36:05,085 [main] INFO  server.session (HouseKeeper.java:stopScavenging(149)) - node0 Stopped scavenging
2023-08-25 11:36:05,085 [main] INFO  handler.ContextHandler (ContextHandler.java:doStop(1159)) - Stopped o.e.j.s.ServletContextHandler@4dd6bcc{static,/static,jar:file:/home/runner/.m2/repository/org/apache/ozone/hdds-container-service/1.4.0-SNAPSHOT/hdds-container-service-1.4.0-SNAPSHOT.jar!/webapps/static,STOPPED}
2023-08-25 11:36:05,086 [main] INFO  handler.ContextHandler (ContextHandler.java:doStop(1159)) - Stopped o.e.j.s.ServletContextHandler@35590829{logs,/logs,file:///home/runner/work/ozone/ozone/hadoop-ozone/integration-test/target/log,STOPPED}
2023-08-25 11:36:05,093 [ForkJoinPool.commonPool-worker-3] INFO  utils.DatanodeStoreCache (DatanodeStoreCache.java:removeDB(104)) - Removed db /home/runner/work/ozone/ozone/hadoop-ozone/integration-test/target/test-dir/MiniOzoneClusterImpl-36fc3352-0e59-45fd-a08b-0e99224ecb60/datanode-1/data-0/containers/hdds/36fc3352-0e59-45fd-a08b-0e99224ecb60/DS-583f7082-9647-4147-a7af-4241f3815ab3/container.db from cache
2023-08-25 11:36:05,093 [ForkJoinPool.commonPool-worker-3] INFO  volume.HddsVolume (HddsVolume.java:closeDbStore(453)) - SchemaV3 db is stopped at /home/runner/work/ozone/ozone/hadoop-ozone/integration-test/target/test-dir/MiniOzoneClusterImpl-36fc3352-0e59-45fd-a08b-0e99224ecb60/datanode-1/data-0/containers/hdds/36fc3352-0e59-45fd-a08b-0e99224ecb60/DS-583f7082-9647-4147-a7af-4241f3815ab3/container.db for volume DS-583f7082-9647-4147-a7af-4241f3815ab3
2023-08-25 11:36:05,095 [ForkJoinPool.commonPool-worker-0] INFO  utils.DatanodeStoreCache (DatanodeStoreCache.java:removeDB(104)) - Removed db /home/runner/work/ozone/ozone/hadoop-ozone/integration-test/target/test-dir/MiniOzoneClusterImpl-36fc3352-0e59-45fd-a08b-0e99224ecb60/datanode-0/data-0/containers/hdds/36fc3352-0e59-45fd-a08b-0e99224ecb60/DS-fca6eb99-54b1-4e57-88b5-dfc039c23e6a/container.db from cache
2023-08-25 11:36:05,096 [ForkJoinPool.commonPool-worker-0] INFO  volume.HddsVolume (HddsVolume.java:closeDbStore(453)) - SchemaV3 db is stopped at /home/runner/work/ozone/ozone/hadoop-ozone/integration-test/target/test-dir/MiniOzoneClusterImpl-36fc3352-0e59-45fd-a08b-0e99224ecb60/datanode-0/data-0/containers/hdds/36fc3352-0e59-45fd-a08b-0e99224ecb60/DS-fca6eb99-54b1-4e57-88b5-dfc039c23e6a/container.db for volume DS-fca6eb99-54b1-4e57-88b5-dfc039c23e6a
2023-08-25 11:36:05,096 [main] INFO  ozone.HddsDatanodeClientProtocolServer (HddsDatanodeClientProtocolServer.java:stop(78)) - Stopping the RPC server for Client Protocol
2023-08-25 11:36:05,097 [main] INFO  ipc.Server (Server.java:stop(3523)) - Stopping server on 15081
2023-08-25 11:36:05,097 [ForkJoinPool.commonPool-worker-0] INFO  utils.BackgroundService (BackgroundService.java:shutdown(141)) - Shutting down service BlockDeletingService
2023-08-25 11:36:05,097 [ForkJoinPool.commonPool-worker-3] INFO  utils.BackgroundService (BackgroundService.java:shutdown(141)) - Shutting down service BlockDeletingService
2023-08-25 11:36:05,098 [ForkJoinPool.commonPool-worker-3] INFO  utils.BackgroundService (BackgroundService.java:shutdown(141)) - Shutting down service StaleRecoveringContainerScrubbingService
2023-08-25 11:36:05,099 [ForkJoinPool.commonPool-worker-0] INFO  utils.BackgroundService (BackgroundService.java:shutdown(141)) - Shutting down service StaleRecoveringContainerScrubbingService
2023-08-25 11:36:05,100 [ForkJoinPool.commonPool-worker-3] INFO  statemachine.DatanodeStateMachine (DatanodeStateMachine.java:stopDaemon(620)) - Ozone container server stopped.
2023-08-25 11:36:05,107 [ForkJoinPool.commonPool-worker-0] INFO  statemachine.DatanodeStateMachine (DatanodeStateMachine.java:stopDaemon(620)) - Ozone container server stopped.
2023-08-25 11:36:05,107 [IPC Server listener on 15081] INFO  ipc.Server (Server.java:run(1434)) - Stopping IPC Server listener on 15081
2023-08-25 11:36:05,107 [IPC Server Responder] INFO  ipc.Server (Server.java:run(1567)) - Stopping IPC Server Responder
2023-08-25 11:36:05,126 [ForkJoinPool.commonPool-worker-0] INFO  handler.ContextHandler (ContextHandler.java:doStop(1159)) - Stopped o.e.j.w.WebAppContext@530b9505{hddsDatanode,/,null,STOPPED}{jar:file:/home/runner/.m2/repository/org/apache/ozone/hdds-container-service/1.4.0-SNAPSHOT/hdds-container-service-1.4.0-SNAPSHOT.jar!/webapps/hddsDatanode}
2023-08-25 11:36:05,126 [ForkJoinPool.commonPool-worker-0] INFO  server.AbstractConnector (AbstractConnector.java:doStop(383)) - Stopped ServerConnector@7c571f9a{HTTP/1.1, (http/1.1)}{0.0.0.0:15062}
2023-08-25 11:36:05,126 [ForkJoinPool.commonPool-worker-0] INFO  server.session (HouseKeeper.java:stopScavenging(149)) - node0 Stopped scavenging
2023-08-25 11:36:05,127 [ForkJoinPool.commonPool-worker-0] INFO  handler.ContextHandler (ContextHandler.java:doStop(1159)) - Stopped o.e.j.s.ServletContextHandler@48e0f331{static,/static,jar:file:/home/runner/.m2/repository/org/apache/ozone/hdds-container-service/1.4.0-SNAPSHOT/hdds-container-service-1.4.0-SNAPSHOT.jar!/webapps/static,STOPPED}
2023-08-25 11:36:05,129 [ForkJoinPool.commonPool-worker-0] INFO  handler.ContextHandler (ContextHandler.java:doStop(1159)) - Stopped o.e.j.s.ServletContextHandler@495daa0{logs,/logs,file:///home/runner/work/ozone/ozone/hadoop-ozone/integration-test/target/log,STOPPED}
2023-08-25 11:36:05,130 [ForkJoinPool.commonPool-worker-0] INFO  ozone.HddsDatanodeClientProtocolServer (HddsDatanodeClientProtocolServer.java:stop(78)) - Stopping the RPC server for Client Protocol
2023-08-25 11:36:05,134 [ForkJoinPool.commonPool-worker-0] INFO  ipc.Server (Server.java:stop(3523)) - Stopping server on 15063
2023-08-25 11:36:05,135 [IPC Server Responder] INFO  ipc.Server (Server.java:run(1567)) - Stopping IPC Server Responder
2023-08-25 11:36:05,135 [IPC Server listener on 15063] INFO  ipc.Server (Server.java:run(1434)) - Stopping IPC Server listener on 15063
2023-08-25 11:36:05,147 [ForkJoinPool.commonPool-worker-3] INFO  handler.ContextHandler (ContextHandler.java:doStop(1159)) - Stopped o.e.j.w.WebAppContext@6d0abe5{hddsDatanode,/,null,STOPPED}{jar:file:/home/runner/.m2/repository/org/apache/ozone/hdds-container-service/1.4.0-SNAPSHOT/hdds-container-service-1.4.0-SNAPSHOT.jar!/webapps/hddsDatanode}
2023-08-25 11:36:05,148 [ForkJoinPool.commonPool-worker-3] INFO  server.AbstractConnector (AbstractConnector.java:doStop(383)) - Stopped ServerConnector@1131a7db{HTTP/1.1, (http/1.1)}{0.0.0.0:15071}
2023-08-25 11:36:05,148 [ForkJoinPool.commonPool-worker-3] INFO  server.session (HouseKeeper.java:stopScavenging(149)) - node0 Stopped scavenging
2023-08-25 11:36:05,149 [ForkJoinPool.commonPool-worker-3] INFO  handler.ContextHandler (ContextHandler.java:doStop(1159)) - Stopped o.e.j.s.ServletContextHandler@35be20c3{static,/static,jar:file:/home/runner/.m2/repository/org/apache/ozone/hdds-container-service/1.4.0-SNAPSHOT/hdds-container-service-1.4.0-SNAPSHOT.jar!/webapps/static,STOPPED}
2023-08-25 11:36:05,150 [ForkJoinPool.commonPool-worker-3] INFO  handler.ContextHandler (ContextHandler.java:doStop(1159)) - Stopped o.e.j.s.ServletContextHandler@70e61ecb{logs,/logs,file:///home/runner/work/ozone/ozone/hadoop-ozone/integration-test/target/log,STOPPED}
2023-08-25 11:36:05,151 [ForkJoinPool.commonPool-worker-3] INFO  ozone.HddsDatanodeClientProtocolServer (HddsDatanodeClientProtocolServer.java:stop(78)) - Stopping the RPC server for Client Protocol
2023-08-25 11:36:05,151 [ForkJoinPool.commonPool-worker-3] INFO  ipc.Server (Server.java:stop(3523)) - Stopping server on 15072
2023-08-25 11:36:05,151 [IPC Server listener on 15072] INFO  ipc.Server (Server.java:run(1434)) - Stopping IPC Server listener on 15072
2023-08-25 11:36:05,153 [IPC Server Responder] INFO  ipc.Server (Server.java:run(1567)) - Stopping IPC Server Responder
2023-08-25 11:36:05,162 [ForkJoinPool.commonPool-worker-1] INFO  utils.DatanodeStoreCache (DatanodeStoreCache.java:shutdownCache(110)) - Skip clearing cache in mini cluster mode. Entries left: [/home/runner/work/ozone/ozone/hadoop-ozone/integration-test/target/test-dir/MiniOzoneClusterImpl-36fc3352-0e59-45fd-a08b-0e99224ecb60/datanode-3/data-0/containers/hdds/36fc3352-0e59-45fd-a08b-0e99224ecb60/DS-ca14dce8-12a0-47a9-9fcb-01c2c511bd2a/container.db, /home/runner/work/ozone/ozone/hadoop-ozone/integration-test/target/test-dir/MiniOzoneClusterImpl-36fc3352-0e59-45fd-a08b-0e99224ecb60/datanode-4/data-0/containers/hdds/36fc3352-0e59-45fd-a08b-0e99224ecb60/DS-80a493ab-9e3b-4c11-85ca-01a8ec5c949c/container.db]
2023-08-25 11:36:05,162 [ForkJoinPool.commonPool-worker-2] INFO  utils.DatanodeStoreCache (DatanodeStoreCache.java:shutdownCache(110)) - Skip clearing cache in mini cluster mode. Entries left: [/home/runner/work/ozone/ozone/hadoop-ozone/integration-test/target/test-dir/MiniOzoneClusterImpl-36fc3352-0e59-45fd-a08b-0e99224ecb60/datanode-3/data-0/containers/hdds/36fc3352-0e59-45fd-a08b-0e99224ecb60/DS-ca14dce8-12a0-47a9-9fcb-01c2c511bd2a/container.db, /home/runner/work/ozone/ozone/hadoop-ozone/integration-test/target/test-dir/MiniOzoneClusterImpl-36fc3352-0e59-45fd-a08b-0e99224ecb60/datanode-4/data-0/containers/hdds/36fc3352-0e59-45fd-a08b-0e99224ecb60/DS-80a493ab-9e3b-4c11-85ca-01a8ec5c949c/container.db]
2023-08-25 11:36:05,164 [ForkJoinPool.commonPool-worker-1] INFO  utils.DatanodeStoreCache (DatanodeStoreCache.java:removeDB(104)) - Removed db /home/runner/work/ozone/ozone/hadoop-ozone/integration-test/target/test-dir/MiniOzoneClusterImpl-36fc3352-0e59-45fd-a08b-0e99224ecb60/datanode-4/data-0/containers/hdds/36fc3352-0e59-45fd-a08b-0e99224ecb60/DS-80a493ab-9e3b-4c11-85ca-01a8ec5c949c/container.db from cache
2023-08-25 11:36:05,164 [ForkJoinPool.commonPool-worker-1] INFO  volume.HddsVolume (HddsVolume.java:closeDbStore(453)) - SchemaV3 db is stopped at /home/runner/work/ozone/ozone/hadoop-ozone/integration-test/target/test-dir/MiniOzoneClusterImpl-36fc3352-0e59-45fd-a08b-0e99224ecb60/datanode-4/data-0/containers/hdds/36fc3352-0e59-45fd-a08b-0e99224ecb60/DS-80a493ab-9e3b-4c11-85ca-01a8ec5c949c/container.db for volume DS-80a493ab-9e3b-4c11-85ca-01a8ec5c949c
2023-08-25 11:36:05,165 [ForkJoinPool.commonPool-worker-2] INFO  utils.DatanodeStoreCache (DatanodeStoreCache.java:removeDB(104)) - Removed db /home/runner/work/ozone/ozone/hadoop-ozone/integration-test/target/test-dir/MiniOzoneClusterImpl-36fc3352-0e59-45fd-a08b-0e99224ecb60/datanode-3/data-0/containers/hdds/36fc3352-0e59-45fd-a08b-0e99224ecb60/DS-ca14dce8-12a0-47a9-9fcb-01c2c511bd2a/container.db from cache
2023-08-25 11:36:05,165 [ForkJoinPool.commonPool-worker-2] INFO  volume.HddsVolume (HddsVolume.java:closeDbStore(453)) - SchemaV3 db is stopped at /home/runner/work/ozone/ozone/hadoop-ozone/integration-test/target/test-dir/MiniOzoneClusterImpl-36fc3352-0e59-45fd-a08b-0e99224ecb60/datanode-3/data-0/containers/hdds/36fc3352-0e59-45fd-a08b-0e99224ecb60/DS-ca14dce8-12a0-47a9-9fcb-01c2c511bd2a/container.db for volume DS-ca14dce8-12a0-47a9-9fcb-01c2c511bd2a
2023-08-25 11:36:05,167 [ForkJoinPool.commonPool-worker-1] INFO  utils.BackgroundService (BackgroundService.java:shutdown(141)) - Shutting down service BlockDeletingService
2023-08-25 11:36:05,167 [ForkJoinPool.commonPool-worker-2] INFO  utils.BackgroundService (BackgroundService.java:shutdown(141)) - Shutting down service BlockDeletingService
2023-08-25 11:36:05,168 [ForkJoinPool.commonPool-worker-2] INFO  utils.BackgroundService (BackgroundService.java:shutdown(141)) - Shutting down service StaleRecoveringContainerScrubbingService
2023-08-25 11:36:05,168 [ForkJoinPool.commonPool-worker-1] INFO  utils.BackgroundService (BackgroundService.java:shutdown(141)) - Shutting down service StaleRecoveringContainerScrubbingService
2023-08-25 11:36:05,169 [ForkJoinPool.commonPool-worker-2] INFO  statemachine.DatanodeStateMachine (DatanodeStateMachine.java:stopDaemon(620)) - Ozone container server stopped.
2023-08-25 11:36:05,170 [ForkJoinPool.commonPool-worker-1] INFO  statemachine.DatanodeStateMachine (DatanodeStateMachine.java:stopDaemon(620)) - Ozone container server stopped.
2023-08-25 11:36:05,197 [ForkJoinPool.commonPool-worker-2] INFO  handler.ContextHandler (ContextHandler.java:doStop(1159)) - Stopped o.e.j.w.WebAppContext@6156e4cd{hddsDatanode,/,null,STOPPED}{jar:file:/home/runner/.m2/repository/org/apache/ozone/hdds-container-service/1.4.0-SNAPSHOT/hdds-container-service-1.4.0-SNAPSHOT.jar!/webapps/hddsDatanode}
2023-08-25 11:36:05,198 [ForkJoinPool.commonPool-worker-2] INFO  server.AbstractConnector (AbstractConnector.java:doStop(383)) - Stopped ServerConnector@2da588fd{HTTP/1.1, (http/1.1)}{0.0.0.0:15089}
2023-08-25 11:36:05,198 [ForkJoinPool.commonPool-worker-2] INFO  server.session (HouseKeeper.java:stopScavenging(149)) - node0 Stopped scavenging
2023-08-25 11:36:05,198 [ForkJoinPool.commonPool-worker-2] INFO  handler.ContextHandler (ContextHandler.java:doStop(1159)) - Stopped o.e.j.s.ServletContextHandler@6b1d0819{static,/static,jar:file:/home/runner/.m2/repository/org/apache/ozone/hdds-container-service/1.4.0-SNAPSHOT/hdds-container-service-1.4.0-SNAPSHOT.jar!/webapps/static,STOPPED}
2023-08-25 11:36:05,199 [ForkJoinPool.commonPool-worker-2] INFO  handler.ContextHandler (ContextHandler.java:doStop(1159)) - Stopped o.e.j.s.ServletContextHandler@4e55a242{logs,/logs,file:///home/runner/work/ozone/ozone/hadoop-ozone/integration-test/target/log,STOPPED}
2023-08-25 11:36:05,200 [ForkJoinPool.commonPool-worker-2] INFO  ozone.HddsDatanodeClientProtocolServer (HddsDatanodeClientProtocolServer.java:stop(78)) - Stopping the RPC server for Client Protocol
2023-08-25 11:36:05,200 [ForkJoinPool.commonPool-worker-2] INFO  ipc.Server (Server.java:stop(3523)) - Stopping server on 15090
2023-08-25 11:36:05,201 [IPC Server Responder] INFO  ipc.Server (Server.java:run(1567)) - Stopping IPC Server Responder
2023-08-25 11:36:05,202 [IPC Server listener on 15090] INFO  ipc.Server (Server.java:run(1434)) - Stopping IPC Server listener on 15090
2023-08-25 11:36:05,204 [ForkJoinPool.commonPool-worker-1] INFO  handler.ContextHandler (ContextHandler.java:doStop(1159)) - Stopped o.e.j.w.WebAppContext@7220c0c8{hddsDatanode,/,null,STOPPED}{jar:file:/home/runner/.m2/repository/org/apache/ozone/hdds-container-service/1.4.0-SNAPSHOT/hdds-container-service-1.4.0-SNAPSHOT.jar!/webapps/hddsDatanode}
2023-08-25 11:36:05,206 [ForkJoinPool.commonPool-worker-1] INFO  server.AbstractConnector (AbstractConnector.java:doStop(383)) - Stopped ServerConnector@17ed8459{HTTP/1.1, (http/1.1)}{0.0.0.0:15098}
2023-08-25 11:36:05,207 [ForkJoinPool.commonPool-worker-1] INFO  server.session (HouseKeeper.java:stopScavenging(149)) - node0 Stopped scavenging
2023-08-25 11:36:05,207 [ForkJoinPool.commonPool-worker-1] INFO  handler.ContextHandler (ContextHandler.java:doStop(1159)) - Stopped o.e.j.s.ServletContextHandler@d81c848{static,/static,jar:file:/home/runner/.m2/repository/org/apache/ozone/hdds-container-service/1.4.0-SNAPSHOT/hdds-container-service-1.4.0-SNAPSHOT.jar!/webapps/static,STOPPED}
2023-08-25 11:36:05,207 [ForkJoinPool.commonPool-worker-1] INFO  handler.ContextHandler (ContextHandler.java:doStop(1159)) - Stopped o.e.j.s.ServletContextHandler@3b53625{logs,/logs,file:///home/runner/work/ozone/ozone/hadoop-ozone/integration-test/target/log,STOPPED}
2023-08-25 11:36:05,209 [ForkJoinPool.commonPool-worker-1] INFO  ozone.HddsDatanodeClientProtocolServer (HddsDatanodeClientProtocolServer.java:stop(78)) - Stopping the RPC server for Client Protocol
2023-08-25 11:36:05,210 [ForkJoinPool.commonPool-worker-1] INFO  ipc.Server (Server.java:stop(3523)) - Stopping server on 15099
2023-08-25 11:36:05,210 [IPC Server listener on 15099] INFO  ipc.Server (Server.java:run(1434)) - Stopping IPC Server listener on 15099
2023-08-25 11:36:05,213 [IPC Server Responder] INFO  ipc.Server (Server.java:run(1567)) - Stopping IPC Server Responder
2023-08-25 11:36:05,214 [main] INFO  ozone.MiniOzoneClusterImpl (MiniOzoneClusterImpl.java:stopSCM(543)) - Stopping the StorageContainerManager
2023-08-25 11:36:05,215 [main] INFO  server.StorageContainerManager (StorageContainerManager.java:stop(1591)) - Container Balancer is not running.
2023-08-25 11:36:05,215 [main] INFO  server.StorageContainerManager (StorageContainerManager.java:stopReplicationManager(1724)) - Stopping Replication Manager Service.
2023-08-25 11:36:05,216 [main] INFO  replication.ReplicationManager (ReplicationManager.java:stop(323)) - Stopping Replication Monitor Thread.
2023-08-25 11:36:05,216 [main] INFO  server.StorageContainerManager (StorageContainerManager.java:stop(1600)) - Stopping the Datanode Admin Monitor.
2023-08-25 11:36:05,216 [main] INFO  server.StorageContainerManager (StorageContainerManager.java:stop(1607)) - Stopping datanode service RPC server
2023-08-25 11:36:05,216 [main] INFO  server.SCMDatanodeProtocolServer (SCMDatanodeProtocolServer.java:stop(424)) - Stopping the RPC server for DataNodes
2023-08-25 11:36:05,216 [main] INFO  ipc.Server (Server.java:stop(3523)) - Stopping server on 15055
2023-08-25 11:36:05,216 [Under Replicated Processor] WARN  replication.UnhealthyReplicationProcessor (UnhealthyReplicationProcessor.java:run(180)) - Under Replicated Processor interrupted. Exiting...
2023-08-25 11:36:05,217 [Over Replicated Processor] WARN  replication.UnhealthyReplicationProcessor (UnhealthyReplicationProcessor.java:run(180)) - Over Replicated Processor interrupted. Exiting...
2023-08-25 11:36:05,217 [ReplicationMonitor] INFO  replication.ReplicationManager (ReplicationManager.java:run(921)) - Replication Monitor Thread is stopped
2023-08-25 11:36:05,219 [IPC Server listener on 15055] INFO  ipc.Server (Server.java:run(1434)) - Stopping IPC Server listener on 15055
2023-08-25 11:36:05,220 [IPC Server Responder] INFO  ipc.Server (Server.java:run(1567)) - Stopping IPC Server Responder
2023-08-25 11:36:05,298 [SCM Heartbeat Processing Thread - 0] WARN  node.NodeStateManager (NodeStateManager.java:scheduleNextHealthCheck(874)) - Current Thread is interrupted, shutting down HB processing thread for Node Manager.
2023-08-25 11:36:05,298 [main] INFO  server.StorageContainerManager (StorageContainerManager.java:stop(1615)) - Stopping block service RPC server
2023-08-25 11:36:05,298 [main] INFO  server.SCMBlockProtocolServer (SCMBlockProtocolServer.java:stop(161)) - Stopping the RPC server for Block Protocol
2023-08-25 11:36:05,298 [main] INFO  ipc.Server (Server.java:stop(3523)) - Stopping server on 15054
2023-08-25 11:36:05,302 [IPC Server Responder] INFO  ipc.Server (Server.java:run(1567)) - Stopping IPC Server Responder
2023-08-25 11:36:05,302 [main] INFO  server.StorageContainerManager (StorageContainerManager.java:stop(1622)) - Stopping the StorageContainerLocationProtocol RPC server
2023-08-25 11:36:05,302 [IPC Server listener on 15054] INFO  ipc.Server (Server.java:run(1434)) - Stopping IPC Server listener on 15054
2023-08-25 11:36:05,303 [main] INFO  server.SCMClientProtocolServer (SCMClientProtocolServer.java:stop(210)) - Stopping the RPC server for Client Protocol
2023-08-25 11:36:05,303 [main] INFO  ipc.Server (Server.java:stop(3523)) - Stopping server on 15053
2023-08-25 11:36:05,310 [IPC Server Responder] INFO  ipc.Server (Server.java:run(1567)) - Stopping IPC Server Responder
2023-08-25 11:36:05,310 [IPC Server listener on 15053] INFO  ipc.Server (Server.java:run(1434)) - Stopping IPC Server listener on 15053
2023-08-25 11:36:05,311 [main] INFO  server.StorageContainerManager (StorageContainerManager.java:stop(1629)) - Stopping Storage Container Manager HTTP server.
2023-08-25 11:36:05,312 [main] INFO  handler.ContextHandler (ContextHandler.java:doStop(1159)) - Stopped o.e.j.w.WebAppContext@47875773{scm,/,null,STOPPED}{file:/home/runner/work/ozone/ozone/hadoop-ozone/integration-test/target/test-classes/webapps/scm}
2023-08-25 11:36:05,313 [main] INFO  server.AbstractConnector (AbstractConnector.java:doStop(383)) - Stopped ServerConnector@38330aa{HTTP/1.1, (http/1.1)}{0.0.0.0:15056}
2023-08-25 11:36:05,313 [main] INFO  server.session (HouseKeeper.java:stopScavenging(149)) - node0 Stopped scavenging
2023-08-25 11:36:05,314 [main] INFO  handler.ContextHandler (ContextHandler.java:doStop(1159)) - Stopped o.e.j.s.ServletContextHandler@35b68b7a{static,/static,file:///home/runner/work/ozone/ozone/hadoop-ozone/integration-test/target/test-classes/webapps/static,STOPPED}
2023-08-25 11:36:05,314 [main] INFO  handler.ContextHandler (ContextHandler.java:doStop(1159)) - Stopped o.e.j.s.ServletContextHandler@1310272e{logs,/logs,file:///home/runner/work/ozone/ozone/hadoop-ozone/integration-test/target/log,STOPPED}
2023-08-25 11:36:05,315 [main] INFO  server.StorageContainerManager (StorageContainerManager.java:stop(1637)) - Stopping SCM LayoutVersionManager Service.
2023-08-25 11:36:05,315 [main] INFO  server.StorageContainerManager (StorageContainerManager.java:stop(1649)) - Stopping Block Manager Service.
2023-08-25 11:36:05,316 [main] INFO  utils.BackgroundService (BackgroundService.java:shutdown(141)) - Shutting down service SCMBlockDeletingService
2023-08-25 11:36:05,316 [main] INFO  utils.BackgroundService (BackgroundService.java:shutdown(141)) - Shutting down service SCMBlockDeletingService
2023-08-25 11:36:05,316 [main] INFO  server.StorageContainerManager (StorageContainerManager.java:stop(1669)) - Stopping SCM Event Queue.
2023-08-25 11:36:05,321 [JvmPauseMonitor7] INFO  util.JvmPauseMonitor (JvmPauseMonitor.java:run(109)) - JvmPauseMonitor-5bc38bfd-c239-4999-b08b-7d0fc76977be: Stopped
2023-08-25 11:36:05,322 [main] INFO  server.StorageContainerManager (StorageContainerManager.java:stop(1680)) - Stopping SCM HA services.
2023-08-25 11:36:05,322 [main] INFO  pipeline.BackgroundPipelineCreator (BackgroundPipelineCreator.java:stop(149)) - Stopping RatisPipelineUtilsThread.
2023-08-25 11:36:05,322 [RatisPipelineUtilsThread - 0] WARN  pipeline.BackgroundPipelineCreator (BackgroundPipelineCreator.java:run(180)) - RatisPipelineUtilsThread is interrupted.
2023-08-25 11:36:05,322 [main] INFO  BackgroundPipelineScrubber (BackgroundSCMService.java:stop(131)) - Stopping BackgroundPipelineScrubber Service.
2023-08-25 11:36:05,322 [BackgroundPipelineScrubberThread] WARN  BackgroundPipelineScrubber (BackgroundSCMService.java:run(115)) - BackgroundPipelineScrubber is interrupted, exit
2023-08-25 11:36:05,323 [main] INFO  impl.MetricsSystemImpl (MetricsSystemImpl.java:stop(210)) - Stopping HddsDatanode metrics system...
2023-08-25 11:36:05,328 [prometheus] INFO  impl.MetricsSinkAdapter (MetricsSinkAdapter.java:publishMetricsFromQueue(141)) - prometheus thread interrupted.
2023-08-25 11:36:05,328 [main] INFO  impl.MetricsSystemImpl (MetricsSystemImpl.java:stop(216)) - HddsDatanode metrics system stopped.
2023-08-25 11:36:05,328 [main] WARN  pipeline.BackgroundPipelineCreator (BackgroundPipelineCreator.java:stop(145)) - RatisPipelineUtilsThread is not running, just ignore.
2023-08-25 11:36:05,329 [main] INFO  BackgroundPipelineScrubber (BackgroundSCMService.java:stop(126)) - BackgroundPipelineScrubber Service is not running, skip stop.
2023-08-25 11:36:05,329 [main] INFO  ExpiredContainerReplicaOpScrubber (BackgroundSCMService.java:stop(131)) - Stopping ExpiredContainerReplicaOpScrubber Service.
2023-08-25 11:36:05,329 [main] INFO  utils.BackgroundService (BackgroundService.java:shutdown(141)) - Shutting down service SCMBlockDeletingService
2023-08-25 11:36:05,329 [ExpiredContainerReplicaOpScrubberThread] WARN  ExpiredContainerReplicaOpScrubber (BackgroundSCMService.java:run(115)) - ExpiredContainerReplicaOpScrubber is interrupted, exit
2023-08-25 11:36:05,329 [main] INFO  replication.ReplicationManager (ReplicationManager.java:stop(333)) - Replication Monitor Thread is not running.
2023-08-25 11:36:05,329 [main] WARN  balancer.ContainerBalancer (ContainerBalancer.java:stop(326)) - Cannot stop Container Balancer because it's not running or stopping
2023-08-25 11:36:05,330 [main] INFO  server.StorageContainerManager (StorageContainerManager.java:stop(1715)) - Stopping SCM MetadataStore.
2023-08-25 11:36:05,438 [main] WARN  server.ServerUtils (ServerUtils.java:getScmDbDir(155)) - ozone.scm.db.dirs is not configured. We recommend adding this setting. Falling back to ozone.metadata.dirs instead.
2023-08-25 11:36:05,443 [main] WARN  server.ServerUtils (ServerUtils.java:getScmDbDir(155)) - ozone.scm.db.dirs is not configured. We recommend adding this setting. Falling back to ozone.metadata.dirs instead.
2023-08-25 11:36:05,443 [main] INFO  ha.SCMHANodeDetails (SCMHANodeDetails.java:loadSCMHAConfig(210)) - ServiceID for StorageContainerManager is null
2023-08-25 11:36:05,443 [main] INFO  ha.SCMHANodeDetails (SCMHANodeDetails.java:loadSCMHAConfig(215)) - ozone.scm.default.service.id is not defined, falling back to ozone.scm.service.ids to find serviceID for StorageContainerManager if it is HA enabled cluster
2023-08-25 11:36:05,444 [main] WARN  utils.HAUtils (HAUtils.java:getMetaDir(339)) - ozone.scm.db.dirs is not configured. We recommend adding this setting. Falling back to ozone.metadata.dirs instead.
2023-08-25 11:36:05,444 [main] WARN  db.DBStoreBuilder (DBStoreBuilder.java:applyDBDefinition(166)) - ozone.scm.db.dirs is not configured. We recommend adding this setting. Falling back to ozone.metadata.dirs instead.
2023-08-25 11:36:05,604 [main] INFO  net.NodeSchemaLoader (NodeSchemaLoader.java:loadSchemaFromFile(129)) - Loading schema from [jar:file:/home/runner/.m2/repository/org/apache/ozone/hdds-common/1.4.0-SNAPSHOT/hdds-common-1.4.0-SNAPSHOT.jar!/network-topology-default.xml]
2023-08-25 11:36:05,605 [main] INFO  net.NodeSchemaLoader (NodeSchemaLoader.java:loadSchema(176)) - Loading network topology layer schema file
2023-08-25 11:36:05,611 [main] INFO  upgrade.AbstractLayoutVersionManager (AbstractLayoutVersionManager.java:init(83)) - Initializing Layout version manager with metadata layout = HADOOP_PRC_PORTS_IN_DATANODEDETAILS (version = 7), software layout = HADOOP_PRC_PORTS_IN_DATANODEDETAILS (version = 7)
2023-08-25 11:36:05,613 [main] INFO  ha.SequenceIdGenerator (SequenceIdGenerator.java:upgradeToSequenceId(365)) - upgrade localId to 111677748019200000
2023-08-25 11:36:05,615 [main] INFO  ha.SequenceIdGenerator (SequenceIdGenerator.java:upgradeToSequenceId(375)) - upgrade delTxnId to 0
2023-08-25 11:36:05,616 [main] INFO  ha.SequenceIdGenerator (SequenceIdGenerator.java:upgradeToSequenceId(392)) - upgrade containerId to 0
2023-08-25 11:36:05,617 [main] INFO  ha.SequenceIdGenerator (SequenceIdGenerator.java:upgradeToSequenceId(428)) - upgrade rootCertificateId to 1
2023-08-25 11:36:05,618 [main] INFO  ha.SequenceIdGenerator (SequenceIdGenerator.java:<init>(236)) - Init the HA SequenceIdGenerator.
2023-08-25 11:36:05,618 [main] WARN  server.ServerUtils (ServerUtils.java:sanitizeUserArgs(80)) - ozone.scm.stale.node.interval value = 300000 is larger than max = 100000 based on the key value of ozone.scm.heartbeat.thread.interval, reset to the max value 100000.
2023-08-25 11:36:05,619 [main] WARN  server.ServerUtils (ServerUtils.java:sanitizeUserArgs(80)) - ozone.scm.stale.node.interval value = 300000 is larger than max = 100000 based on the key value of ozone.scm.heartbeat.thread.interval, reset to the max value 100000.
2023-08-25 11:36:05,619 [main] INFO  node.SCMNodeManager (SCMNodeManager.java:<init>(157)) - Entering startup safe mode.
2023-08-25 11:36:05,619 [main] INFO  algorithms.ContainerPlacementPolicyFactory (ContainerPlacementPolicyFactory.java:getPolicyInternal(86)) - Create container placement policy of type org.apache.hadoop.hdds.scm.container.placement.algorithms.SCMContainerPlacementRackAware
2023-08-25 11:36:05,620 [main] INFO  algorithms.ContainerPlacementPolicyFactory (ContainerPlacementPolicyFactory.java:getPolicyInternal(86)) - Create container placement policy of type org.apache.hadoop.hdds.scm.container.placement.algorithms.SCMContainerPlacementRackScatter
2023-08-25 11:36:05,620 [main] INFO  pipeline.PipelineStateManagerImpl (PipelineStateManagerImpl.java:initialize(78)) - No pipeline exists in current db
2023-08-25 11:36:05,620 [main] INFO  algorithms.LeaderChoosePolicyFactory (LeaderChoosePolicyFactory.java:getPolicy(57)) - Create leader choose policy of type org.apache.hadoop.hdds.scm.pipeline.leader.choose.algorithms.MinLeaderCountChoosePolicy
2023-08-25 11:36:05,620 [main] INFO  algorithms.ContainerPlacementPolicyFactory (ContainerPlacementPolicyFactory.java:getPolicyInternal(86)) - Create container placement policy of type org.apache.hadoop.hdds.scm.container.placement.algorithms.SCMContainerPlacementRackScatter
2023-08-25 11:36:05,621 [main] INFO  ha.SCMServiceManager (SCMServiceManager.java:register(42)) - Registering service BackgroundPipelineCreator.
2023-08-25 11:36:05,621 [main] INFO  pipeline.BackgroundPipelineCreator (BackgroundPipelineCreator.java:start(124)) - Starting RatisPipelineUtilsThread.
2023-08-25 11:36:05,622 [main] INFO  BackgroundPipelineScrubber (BackgroundSCMService.java:start(68)) - Starting BackgroundPipelineScrubber Service.
2023-08-25 11:36:05,622 [main] INFO  ha.SCMServiceManager (SCMServiceManager.java:register(42)) - Registering service BackgroundPipelineScrubber.
2023-08-25 11:36:05,622 [main] INFO  ExpiredContainerReplicaOpScrubber (BackgroundSCMService.java:start(68)) - Starting ExpiredContainerReplicaOpScrubber Service.
2023-08-25 11:36:05,623 [main] INFO  ha.SCMServiceManager (SCMServiceManager.java:register(42)) - Registering service ExpiredContainerReplicaOpScrubber.
2023-08-25 11:36:05,624 [main] INFO  algorithms.PipelineChoosePolicyFactory (PipelineChoosePolicyFactory.java:createPipelineChoosePolicyFromClass(78)) - Create pipeline choose policy of type org.apache.hadoop.hdds.scm.pipeline.choose.algorithms.RandomPipelineChoosePolicy
2023-08-25 11:36:05,624 [main] INFO  algorithms.PipelineChoosePolicyFactory (PipelineChoosePolicyFactory.java:createPipelineChoosePolicyFromClass(78)) - Create pipeline choose policy of type org.apache.hadoop.hdds.scm.pipeline.choose.algorithms.RandomPipelineChoosePolicy
2023-08-25 11:36:05,625 [main] INFO  ha.SCMServiceManager (SCMServiceManager.java:register(42)) - Registering service SCMBlockDeletingService.
2023-08-25 11:36:05,626 [main] INFO  replication.ReplicationManager (ReplicationManager.java:start(291)) - Starting Replication Monitor Thread.
2023-08-25 11:36:05,627 [main] INFO  ha.SCMServiceManager (SCMServiceManager.java:register(42)) - Registering service ReplicationManager.
2023-08-25 11:36:05,627 [ReplicationMonitor] INFO  replication.ReplicationManager (ReplicationManager.java:processAll(365)) - Replication Manager is not ready to run until 3000ms after safemode exit
2023-08-25 11:36:05,628 [main] INFO  safemode.ContainerSafeModeRule (ContainerSafeModeRule.java:<init>(90)) - containers with one replica threshold count 0
2023-08-25 11:36:05,628 [main] INFO  safemode.HealthyPipelineSafeModeRule (HealthyPipelineSafeModeRule.java:initializeRule(169)) - Total pipeline count is 0, healthy pipeline threshold count is 1
2023-08-25 11:36:05,628 [main] INFO  safemode.OneReplicaPipelineSafeModeRule (OneReplicaPipelineSafeModeRule.java:initializeRule(180)) - Total pipeline count is 0, pipeline's with at least one datanode reported threshold count is 0
2023-08-25 11:36:05,629 [main] INFO  server.StorageContainerManager (StorageContainerManager.java:<init>(425)) - SCM start with adminUsers: [runner]
2023-08-25 11:36:05,629 [main] INFO  ipc.CallQueueManager (CallQueueManager.java:<init>(90)) - Using callQueue: class java.util.concurrent.LinkedBlockingQueue, queueCapacity: 2000, scheduler: class org.apache.hadoop.ipc.DefaultRpcScheduler, ipcBackoff: false.
2023-08-25 11:36:05,630 [main] INFO  ipc.Server (Server.java:<init>(1287)) - Listener at 0.0.0.0:15108
2023-08-25 11:36:05,630 [Socket Reader #1 for port 15108] INFO  ipc.Server (Server.java:run(1323)) - Starting Socket Reader #1 for port 15108
2023-08-25 11:36:05,634 [main] INFO  ipc.CallQueueManager (CallQueueManager.java:<init>(90)) - Using callQueue: class java.util.concurrent.LinkedBlockingQueue, queueCapacity: 2000, scheduler: class org.apache.hadoop.ipc.DefaultRpcScheduler, ipcBackoff: false.
2023-08-25 11:36:05,634 [main] INFO  ipc.Server (Server.java:<init>(1287)) - Listener at 0.0.0.0:15107
2023-08-25 11:36:05,635 [Socket Reader #1 for port 15107] INFO  ipc.Server (Server.java:run(1323)) - Starting Socket Reader #1 for port 15107
2023-08-25 11:36:05,637 [main] INFO  ipc.CallQueueManager (CallQueueManager.java:<init>(90)) - Using callQueue: class java.util.concurrent.LinkedBlockingQueue, queueCapacity: 2000, scheduler: class org.apache.hadoop.ipc.DefaultRpcScheduler, ipcBackoff: false.
2023-08-25 11:36:05,637 [main] INFO  ipc.Server (Server.java:<init>(1287)) - Listener at 0.0.0.0:15106
2023-08-25 11:36:05,638 [Socket Reader #1 for port 15106] INFO  ipc.Server (Server.java:run(1323)) - Starting Socket Reader #1 for port 15106
2023-08-25 11:36:05,643 [main] INFO  ha.SCMServiceManager (SCMServiceManager.java:register(42)) - Registering service ContainerBalancer.
2023-08-25 11:36:05,644 [main] INFO  server.StorageContainerManager (StorageContainerManager.java:<init>(438)) - 
Container Balancer status:
Key                            Value
Running                        false
Container Balancer Configuration values:
Key                                                Value
Threshold                                          10
Max Datanodes to Involve per Iteration(percent)    20
Max Size to Move per Iteration                     500GB
Max Size Entering Target per Iteration             26GB
Max Size Leaving Source per Iteration              26GB

2023-08-25 11:36:05,644 [main] INFO  ha.SCMContext (SCMContext.java:updateSafeModeStatus(228)) - Update SafeModeStatus from SafeModeStatus{safeModeStatus=true, preCheckPassed=false} to SafeModeStatus{safeModeStatus=true, preCheckPassed=false}.
2023-08-25 11:36:05,644 [main] INFO  server.StorageContainerManager (StorageContainerManager.java:start(1483)) - StorageContainerLocationProtocol RPC server is listening at /0.0.0.0:15106
2023-08-25 11:36:05,647 [main] WARN  impl.MetricsConfig (MetricsConfig.java:loadFirst(136)) - Cannot locate configuration: tried hadoop-metrics2-storagecontainermanager.properties,hadoop-metrics2.properties
2023-08-25 11:36:05,654 [main] INFO  impl.MetricsSystemImpl (MetricsSystemImpl.java:startTimer(378)) - Scheduled Metric snapshot period at 10 second(s).
2023-08-25 11:36:05,654 [main] INFO  impl.MetricsSystemImpl (MetricsSystemImpl.java:start(191)) - StorageContainerManager metrics system started
2023-08-25 11:36:05,667 [main] INFO  impl.MetricsSinkAdapter (MetricsSinkAdapter.java:start(204)) - Sink prometheus started
2023-08-25 11:36:05,667 [main] INFO  impl.MetricsSystemImpl (MetricsSystemImpl.java:registerSink(305)) - Registered sink prometheus
2023-08-25 11:36:05,703 [main] INFO  server.SCMClientProtocolServer (SCMClientProtocolServer.java:start(201)) - RPC server for Client  is listening at /0.0.0.0:15106
2023-08-25 11:36:05,703 [IPC Server Responder] INFO  ipc.Server (Server.java:run(1562)) - IPC Server Responder: starting
2023-08-25 11:36:05,704 [IPC Server listener on 15106] INFO  ipc.Server (Server.java:run(1402)) - IPC Server listener on 15106: starting
2023-08-25 11:36:05,715 [main] INFO  server.StorageContainerManager (StorageContainerManager.java:start(1496)) - ScmBlockLocationProtocol RPC server is listening at /0.0.0.0:15107
2023-08-25 11:36:05,715 [main] INFO  server.SCMBlockProtocolServer (SCMBlockProtocolServer.java:start(152)) - RPC server for Block Protocol is listening at /0.0.0.0:15107
2023-08-25 11:36:05,716 [IPC Server Responder] INFO  ipc.Server (Server.java:run(1562)) - IPC Server Responder: starting
2023-08-25 11:36:05,716 [IPC Server listener on 15107] INFO  ipc.Server (Server.java:run(1402)) - IPC Server listener on 15107: starting
2023-08-25 11:36:05,728 [main] INFO  server.SCMDatanodeProtocolServer (SCMDatanodeProtocolServer.java:start(193)) - ScmDatanodeProtocol RPC server for DataNodes is listening at /0.0.0.0:15108
2023-08-25 11:36:05,733 [IPC Server Responder] INFO  ipc.Server (Server.java:run(1562)) - IPC Server Responder: starting
2023-08-25 11:36:05,733 [IPC Server listener on 15108] INFO  ipc.Server (Server.java:run(1402)) - IPC Server listener on 15108: starting
2023-08-25 11:36:05,743 [JvmPauseMonitor14] INFO  util.JvmPauseMonitor (JvmPauseMonitor.java:run(103)) - JvmPauseMonitor-bc895f60-0dbd-4365-8a5d-9bcc0d75fa5c: Started
2023-08-25 11:36:05,744 [main] INFO  http.BaseHttpServer (BaseHttpServer.java:newHttpServer2BuilderForOzone(224)) - Starting Web-server for scm at: http://0.0.0.0:15109
2023-08-25 11:36:05,744 [main] INFO  http.BaseHttpServer (BaseHttpServer.java:<init>(111)) - Hadoop Security Enabled: false Ozone Security Enabled: false Ozone HTTP Security Enabled: false 
2023-08-25 11:36:05,746 [main] WARN  server.AuthenticationFilter (AuthenticationFilter.java:constructSecretProvider(240)) - Unable to initialize FileSignerSecretProvider, falling back to use random secrets. Reason: Could not read signature secret file: /home/runner/hadoop-http-auth-signature-secret
2023-08-25 11:36:05,747 [main] INFO  http.HttpRequestLog (HttpRequestLog.java:getRequestLog(86)) - Http request log for http.requests.scm is not defined
2023-08-25 11:36:05,748 [main] INFO  http.HttpServer2 (HttpServer2.java:addGlobalFilter(1031)) - Added global filter 'safety' (class=org.apache.hadoop.hdds.server.http.HttpServer2$QuotingInputFilter)
2023-08-25 11:36:05,749 [main] INFO  http.HttpServer2 (HttpServer2.java:addFilter(1007)) - Added filter static_user_filter (class=org.apache.hadoop.http.lib.StaticUserWebFilter$StaticUserFilter) to context scm
2023-08-25 11:36:05,749 [main] INFO  http.HttpServer2 (HttpServer2.java:addFilter(1015)) - Added filter static_user_filter (class=org.apache.hadoop.http.lib.StaticUserWebFilter$StaticUserFilter) to context logs
2023-08-25 11:36:05,750 [main] INFO  http.HttpServer2 (HttpServer2.java:addFilter(1015)) - Added filter static_user_filter (class=org.apache.hadoop.http.lib.StaticUserWebFilter$StaticUserFilter) to context static
2023-08-25 11:36:05,752 [main] INFO  http.BaseHttpServer (BaseHttpServer.java:<init>(190)) - HTTP server of scm uses base directory /home/runner/work/ozone/ozone/hadoop-ozone/integration-test/target/test-dir/MiniOzoneClusterImpl-9e80f0e6-d3ce-4c33-b1a3-32fa2c9dea98/ozone-meta/webserver
2023-08-25 11:36:05,752 [main] INFO  http.HttpServer2 (HttpServer2.java:bindListener(1250)) - Jetty bound to port 15109
2023-08-25 11:36:05,752 [main] INFO  server.Server (Server.java:doStart(375)) - jetty-9.4.51.v20230217; built: 2023-02-17T08:19:37.309Z; git: b45c405e4544384de066f814ed42ae3dceacdd49; jvm 1.8.0_382-b05
2023-08-25 11:36:05,758 [main] INFO  server.session (DefaultSessionIdManager.java:doStart(334)) - DefaultSessionIdManager workerName=node0
2023-08-25 11:36:05,758 [main] INFO  server.session (DefaultSessionIdManager.java:doStart(339)) - No SessionScavenger set, using defaults
2023-08-25 11:36:05,759 [main] INFO  server.session (HouseKeeper.java:startScavenging(132)) - node0 Scavenging every 600000ms
2023-08-25 11:36:05,760 [main] INFO  handler.ContextHandler (ContextHandler.java:doStart(921)) - Started o.e.j.s.ServletContextHandler@3b7e34af{logs,/logs,file:///home/runner/work/ozone/ozone/hadoop-ozone/integration-test/target/log,AVAILABLE}
2023-08-25 11:36:05,760 [main] INFO  handler.ContextHandler (ContextHandler.java:doStart(921)) - Started o.e.j.s.ServletContextHandler@733b45cf{static,/static,file:///home/runner/work/ozone/ozone/hadoop-ozone/integration-test/target/test-classes/webapps/static,AVAILABLE}
2023-08-25 11:36:05,770 [main] INFO  handler.ContextHandler (ContextHandler.java:doStart(921)) - Started o.e.j.w.WebAppContext@3bea96e2{scm,/,file:///home/runner/work/ozone/ozone/hadoop-ozone/integration-test/target/test-classes/webapps/scm/,AVAILABLE}{file:/home/runner/work/ozone/ozone/hadoop-ozone/integration-test/target/test-classes/webapps/scm}
2023-08-25 11:36:05,771 [main] INFO  server.AbstractConnector (AbstractConnector.java:doStart(333)) - Started ServerConnector@1abeae00{HTTP/1.1, (http/1.1)}{0.0.0.0:15109}
2023-08-25 11:36:05,772 [main] INFO  server.Server (Server.java:doStart(415)) - Started @216100ms
2023-08-25 11:36:05,772 [main] WARN  impl.MetricsSystemImpl (MetricsSystemImpl.java:register(279)) - Sink prometheus already exists!
2023-08-25 11:36:05,773 [main] INFO  http.BaseHttpServer (BaseHttpServer.java:updateConnectorAddress(344)) - HTTP server of scm listening at http://0.0.0.0:15109
2023-08-25 11:36:05,774 [main] WARN  server.ServerUtils (ServerUtils.java:getDBPath(311)) - ozone.om.db.dirs is not configured. We recommend adding this setting. Falling back to ozone.metadata.dirs instead.
2023-08-25 11:36:05,778 [main] INFO  ha.OMHANodeDetails (OMHANodeDetails.java:loadOMHAConfig(115)) - ozone.om.internal.service.id is not defined, falling back to ozone.om.service.ids to find serviceID for OzoneManager if it is HA enabled cluster
2023-08-25 11:36:05,778 [main] INFO  ha.OMHANodeDetails (OMHANodeDetails.java:loadOMHAConfig(226)) - Configuration does not have ozone.om.address set. Falling back to the default OM address /127.0.0.1:15110
2023-08-25 11:36:05,779 [main] INFO  ha.OMHANodeDetails (OMHANodeDetails.java:getOMNodeDetailsForNonHA(254)) - OM Service ID is not set. Setting it to the default ID: omServiceIdDefault
2023-08-25 11:36:05,779 [main] INFO  ha.OMHANodeDetails (OMHANodeDetails.java:getOMNodeDetailsForNonHA(261)) - OM Node ID is not set. Setting it to the default ID: om1
2023-08-25 11:36:05,779 [main] WARN  server.ServerUtils (ServerUtils.java:getDBPath(311)) - ozone.om.db.dirs is not configured. We recommend adding this setting. Falling back to ozone.metadata.dirs instead.
2023-08-25 11:36:05,781 [main] INFO  upgrade.AbstractLayoutVersionManager (AbstractLayoutVersionManager.java:init(83)) - Initializing Layout version manager with metadata layout = QUOTA (version = 6), software layout = QUOTA (version = 6)
2023-08-25 11:36:05,886 [main] INFO  reflections.Reflections (Reflections.java:scan(232)) - Reflections took 104 ms to scan 2 urls, producing 188 keys and 512 values [using 2 cores]
2023-08-25 11:36:05,886 [main] INFO  upgrade.OMLayoutVersionManager (OMLayoutVersionManager.java:lambda$0(115)) - Skipping Upgrade Action QuotaRepairUpgradeAction since it has been finalized.
2023-08-25 11:36:05,887 [main] INFO  upgrade.OMLayoutVersionManager (OMLayoutVersionManager.java:lambda$0(115)) - Skipping Upgrade Action MockOmUpgradeAction since it has been finalized.
2023-08-25 11:36:05,887 [main] WARN  server.ServerUtils (ServerUtils.java:getDBPath(311)) - ozone.om.db.dirs is not configured. We recommend adding this setting. Falling back to ozone.metadata.dirs instead.
2023-08-25 11:36:05,888 [main] INFO  proxy.SCMBlockLocationFailoverProxyProvider (SCMBlockLocationFailoverProxyProvider.java:<init>(114)) - Created block location fail-over proxy with 1 nodes: [nodeId=scmNodeId,nodeAddress=/0.0.0.0:15107]
2023-08-25 11:36:05,890 [main] INFO  proxy.SCMBlockLocationFailoverProxyProvider (SCMBlockLocationFailoverProxyProvider.java:<init>(114)) - Created block location fail-over proxy with 1 nodes: [nodeId=scmNodeId,nodeAddress=/0.0.0.0:15107]
2023-08-25 11:36:05,902 [main] INFO  om.OzoneManager (OzoneManager.java:<init>(662)) - OM start with adminUsers: [runner]
2023-08-25 11:36:05,903 [main] WARN  server.ServerUtils (ServerUtils.java:getDBPath(311)) - ozone.om.db.dirs is not configured. We recommend adding this setting. Falling back to ozone.metadata.dirs instead.
2023-08-25 11:36:05,903 [main] INFO  helpers.OmKeyInfo (OmKeyInfo.java:getCodec(71)) - OmKeyInfo.getCodec ignorePipeline = true
2023-08-25 11:36:06,174 [main] INFO  om.OzoneManager (OzoneManager.java:instantiateServices(791)) - S3 Multi-Tenancy is disabled
2023-08-25 11:36:06,174 [main] INFO  om.OmSnapshotManager (OmSnapshotManager.java:<init>(175)) - Ozone filesystem snapshot feature is enabled.
2023-08-25 11:36:06,175 [main] WARN  server.ServerUtils (ServerUtils.java:getDBPath(311)) - ozone.om.snapshot.diff.db.dir is not configured. We recommend adding this setting. Falling back to ozone.metadata.dirs instead.
2023-08-25 11:36:06,214 [main] INFO  snapshot.SnapshotDiffManager (SnapshotDiffManager.java:closeExecutorService(1720)) - Shutting down executorService: 'SstDumpToolExecutor'
2023-08-25 11:36:06,216 [main] INFO  om.OzoneManager (OzoneManager.java:addS3GVolumeToDB(4284)) - Created Volume s3v With Owner runner required for S3Gateway operations.
2023-08-25 11:36:06,216 [main] WARN  server.ServerUtils (ServerUtils.java:getDefaultRatisDirectory(323)) - Storage directory for Ratis is not configured. It is a good idea to map this to an SSD disk. Falling back to ozone.metadata.dirs
2023-08-25 11:36:06,216 [main] WARN  utils.OzoneManagerRatisUtils (OzoneManagerRatisUtils.java:getOMRatisSnapshotDirectory(461)) - ozone.om.ratis.snapshot.dir is not configured. Falling back to ozone.metadata.dirs config
2023-08-25 11:36:06,217 [main] WARN  server.ServerUtils (ServerUtils.java:getDefaultRatisDirectory(323)) - Storage directory for Ratis is not configured. It is a good idea to map this to an SSD disk. Falling back to ozone.metadata.dirs
2023-08-25 11:36:06,218 [main] INFO  ratis.OzoneManagerRatisServer (OzoneManagerRatisServer.java:<init>(163)) - Instantiating OM Ratis server with groupID: omServiceIdDefault and peers: localhost:15113
2023-08-25 11:36:06,219 [main] INFO  ratis.OzoneManagerStateMachine (OzoneManagerStateMachine.java:loadSnapshotInfoFromDB(687)) - LastAppliedIndex is set from TransactionInfo from OM DB as (t:0, i:~)
2023-08-25 11:36:06,219 [main] INFO  server.RaftServer (ConfUtils.java:logGet(46)) - raft.rpc.type = GRPC (default)
2023-08-25 11:36:06,219 [main] INFO  grpc.GrpcConfigKeys (ConfUtils.java:logFallback(53)) - raft.grpc.admin.host = null (fallback to raft.grpc.server.host)
2023-08-25 11:36:06,219 [main] INFO  grpc.GrpcConfigKeys (ConfUtils.java:logFallback(53)) - raft.grpc.admin.port = 15113 (fallback to raft.grpc.server.port)
2023-08-25 11:36:06,220 [main] INFO  grpc.GrpcConfigKeys (ConfUtils.java:logFallback(53)) - raft.grpc.client.host = null (fallback to raft.grpc.server.host)
2023-08-25 11:36:06,220 [main] INFO  grpc.GrpcConfigKeys (ConfUtils.java:logFallback(53)) - raft.grpc.client.port = 15113 (fallback to raft.grpc.server.port)
2023-08-25 11:36:06,220 [main] INFO  grpc.GrpcConfigKeys (ConfUtils.java:logGet(46)) - raft.grpc.server.host = null (default)
2023-08-25 11:36:06,220 [main] INFO  grpc.GrpcConfigKeys (ConfUtils.java:logGet(46)) - raft.grpc.server.port = 15113 (custom)
2023-08-25 11:36:06,220 [main] INFO  server.GrpcService (ConfUtils.java:logGet(46)) - raft.grpc.message.size.max = 33554432 (custom)
2023-08-25 11:36:06,220 [main] INFO  server.RaftServerConfigKeys (ConfUtils.java:logGet(46)) - raft.server.log.appender.buffer.byte-limit = 33554432 (custom)
2023-08-25 11:36:06,220 [main] INFO  server.GrpcService (ConfUtils.java:logGet(46)) - raft.grpc.flow.control.window = 1MB (=1048576) (default)
2023-08-25 11:36:06,221 [main] INFO  server.RaftServerConfigKeys (ConfUtils.java:logGet(46)) - raft.server.rpc.request.timeout = 3000ms (default)
2023-08-25 11:36:06,221 [main] INFO  grpc.GrpcConfigKeys (ConfUtils.java:logGet(46)) - raft.grpc.server.heartbeat.channel = true (default)
2023-08-25 11:36:06,221 [main] INFO  grpc.GrpcConfigKeys (ConfUtils.java:logGet(46)) - raft.grpc.server.async.request.thread.pool.cached = true (default)
2023-08-25 11:36:06,221 [main] INFO  grpc.GrpcConfigKeys (ConfUtils.java:logGet(46)) - raft.grpc.server.async.request.thread.pool.size = 32 (default)
2023-08-25 11:36:06,223 [main] INFO  impl.DataStreamServerImpl (ConfUtils.java:logGet(46)) - raft.datastream.type = DISABLED (default)
2023-08-25 11:36:06,223 [main] INFO  server.RaftServerConfigKeys (ConfUtils.java:logGet(46)) - raft.server.threadpool.proxy.cached = true (default)
2023-08-25 11:36:06,223 [main] INFO  server.RaftServerConfigKeys (ConfUtils.java:logGet(46)) - raft.server.threadpool.proxy.size = 0 (default)
2023-08-25 11:36:06,223 [main] INFO  server.RaftServerConfigKeys (ConfUtils.java:logGet(46)) - raft.server.rpc.slowness.timeout = 120s (custom)
2023-08-25 11:36:06,223 [main] INFO  server.RaftServerConfigKeys (ConfUtils.java:logGet(46)) - raft.server.leaderelection.leader.step-down.wait-time = 10s (default)
2023-08-25 11:36:06,224 [main] INFO  server.RaftServerConfigKeys (ConfUtils.java:logGet(46)) - raft.server.storage.dir = [/home/runner/work/ozone/ozone/hadoop-ozone/integration-test/target/test-dir/MiniOzoneClusterImpl-9e80f0e6-d3ce-4c33-b1a3-32fa2c9dea98/ozone-meta/ratis] (custom)
2023-08-25 11:36:06,225 [main] INFO  server.RaftServer (RaftServerProxy.java:addNew(98)) - om1: addNew group-C5BA1605619E:[om1|rpc:localhost:15113|priority:0|startupRole:FOLLOWER] returns group-C5BA1605619E:java.util.concurrent.CompletableFuture@20a0dbfa[Not completed]
2023-08-25 11:36:06,225 [main] INFO  om.OzoneManager (OzoneManager.java:initializeRatisServer(2128)) - OzoneManager Ratis server initialized at port 15113
2023-08-25 11:36:06,225 [om1-groupManagement] INFO  server.RaftServer$Division (RaftServerImpl.java:<init>(198)) - om1: new RaftServerImpl for group-C5BA1605619E:[om1|rpc:localhost:15113|priority:0|startupRole:FOLLOWER] with OzoneManagerStateMachine:uninitialized
2023-08-25 11:36:06,225 [main] INFO  om.OzoneManager (OzoneManager.java:getRpcServer(1193)) - Creating RPC Server
2023-08-25 11:36:06,225 [om1-groupManagement] INFO  server.RaftServerConfigKeys (ConfUtils.java:logGet(46)) - raft.server.rpc.timeout.min = 1s (custom)
2023-08-25 11:36:06,225 [om1-groupManagement] INFO  server.RaftServerConfigKeys (ConfUtils.java:logGet(46)) - raft.server.rpc.timeout.max = 1200ms (custom)
2023-08-25 11:36:06,225 [om1-groupManagement] INFO  server.RaftServerConfigKeys (ConfUtils.java:logGet(46)) - raft.server.rpc.sleep.time = 25ms (default)
2023-08-25 11:36:06,225 [om1-groupManagement] INFO  server.RaftServerConfigKeys (ConfUtils.java:logGet(46)) - raft.server.rpc.slowness.timeout = 120s (custom)
2023-08-25 11:36:06,226 [om1-groupManagement] INFO  server.RaftServerConfigKeys (ConfUtils.java:logGet(46)) - raft.server.leaderelection.leader.step-down.wait-time = 10s (default)
2023-08-25 11:36:06,226 [om1-groupManagement] INFO  server.RaftServerConfigKeys (ConfUtils.java:logGet(46)) - raft.server.sleep.deviation.threshold = 300ms (default)
2023-08-25 11:36:06,226 [om1-groupManagement] INFO  server.RaftServer$Division (ServerState.java:<init>(120)) - om1@group-C5BA1605619E: ConfigurationManager, init=-1: peers:[om1|rpc:localhost:15113|priority:0|startupRole:FOLLOWER]|listeners:[], old=null, confs=<EMPTY_MAP>
2023-08-25 11:36:06,228 [om1-groupManagement] INFO  server.RaftServerConfigKeys (ConfUtils.java:logGet(46)) - raft.server.storage.dir = [/home/runner/work/ozone/ozone/hadoop-ozone/integration-test/target/test-dir/MiniOzoneClusterImpl-9e80f0e6-d3ce-4c33-b1a3-32fa2c9dea98/ozone-meta/ratis] (custom)
2023-08-25 11:36:06,228 [om1-groupManagement] INFO  server.RaftServerConfigKeys (ConfUtils.java:logGet(46)) - raft.server.log.corruption.policy = EXCEPTION (default)
2023-08-25 11:36:06,228 [om1-groupManagement] INFO  server.RaftServerConfigKeys (ConfUtils.java:logGet(46)) - raft.server.storage.free-space.min = 0MB (=0) (default)
2023-08-25 11:36:06,229 [om1-groupManagement] INFO  server.RaftServerConfigKeys (ConfUtils.java:logGet(46)) - raft.server.notification.no-leader.timeout = 120s (custom)
2023-08-25 11:36:06,230 [om1-groupManagement] INFO  server.RaftServerConfigKeys (ConfUtils.java:logGet(46)) - raft.server.read.timeout = 10s (default)
2023-08-25 11:36:06,230 [om1-groupManagement] INFO  server.RaftServerConfigKeys (ConfUtils.java:logGet(46)) - raft.server.retrycache.expirytime = 300s (custom)
2023-08-25 11:36:06,230 [om1-groupManagement] INFO  server.RaftServerConfigKeys (ConfUtils.java:logGet(46)) - raft.server.retrycache.statistics.expirytime = 100μs (default)
2023-08-25 11:36:06,230 [om1-groupManagement] INFO  server.RaftServerConfigKeys (ConfUtils.java:logGet(46)) - raft.server.read.option = DEFAULT (default)
2023-08-25 11:36:06,230 [om1-groupManagement] INFO  server.RaftServerConfigKeys (ConfUtils.java:logGet(46)) - raft.server.rpc.request.timeout = 3000ms (default)
2023-08-25 11:36:06,230 [om1-groupManagement] INFO  server.RaftServerConfigKeys (ConfUtils.java:logGet(46)) - raft.server.log.appender.install.snapshot.enabled = false (custom)
2023-08-25 11:36:06,231 [om1-groupManagement] INFO  server.RaftServerConfigKeys (ConfUtils.java:logGet(46)) - raft.server.threadpool.server.cached = true (default)
2023-08-25 11:36:06,231 [om1-groupManagement] INFO  server.RaftServerConfigKeys (ConfUtils.java:logGet(46)) - raft.server.threadpool.server.size = 0 (default)
2023-08-25 11:36:06,231 [om1-groupManagement] INFO  server.RaftServerConfigKeys (ConfUtils.java:logGet(46)) - raft.server.threadpool.client.cached = true (default)
2023-08-25 11:36:06,231 [om1-groupManagement] INFO  server.RaftServerConfigKeys (ConfUtils.java:logGet(46)) - raft.server.threadpool.client.size = 0 (default)
2023-08-25 11:36:06,725 [main] INFO  reflections.Reflections (Reflections.java:scan(232)) - Reflections took 499 ms to scan 19 urls, producing 70 keys and 5661 values [using 2 cores]
2023-08-25 11:36:06,727 [main] INFO  ipc.CallQueueManager (CallQueueManager.java:<init>(90)) - Using callQueue: class java.util.concurrent.LinkedBlockingQueue, queueCapacity: 2000, scheduler: class org.apache.hadoop.ipc.DefaultRpcScheduler, ipcBackoff: false.
2023-08-25 11:36:06,727 [main] INFO  ipc.Server (Server.java:<init>(1287)) - Listener at 127.0.0.1:15110
2023-08-25 11:36:06,730 [Socket Reader #1 for port 15110] INFO  ipc.Server (Server.java:run(1323)) - Starting Socket Reader #1 for port 15110
2023-08-25 11:36:06,757 [main] INFO  impl.MetricsSystemImpl (MetricsSystemImpl.java:init(158)) - OzoneManager metrics system started (again)
2023-08-25 11:36:06,777 [main] INFO  om.OzoneManager (OzoneManager.java:start(1613)) - OzoneManager RPC server is listening at localhost/127.0.0.1:15110
2023-08-25 11:36:06,778 [main] INFO  ratis.OzoneManagerRatisServer (OzoneManagerRatisServer.java:start(558)) - Starting OzoneManagerRatisServer om1 at port 15113
2023-08-25 11:36:06,778 [om1-impl-thread1] INFO  storage.RaftStorageDirectory (RaftStorageDirectoryImpl.java:analyzeStorage(137)) - The storage directory /home/runner/work/ozone/ozone/hadoop-ozone/integration-test/target/test-dir/MiniOzoneClusterImpl-9e80f0e6-d3ce-4c33-b1a3-32fa2c9dea98/ozone-meta/ratis/bf265839-605b-3f16-9796-c5ba1605619e does not exist. Creating ...
2023-08-25 11:36:06,781 [om1-impl-thread1] INFO  storage.RaftStorageDirectory (RaftStorageDirectoryImpl.java:tryLock(231)) - Lock on /home/runner/work/ozone/ozone/hadoop-ozone/integration-test/target/test-dir/MiniOzoneClusterImpl-9e80f0e6-d3ce-4c33-b1a3-32fa2c9dea98/ozone-meta/ratis/bf265839-605b-3f16-9796-c5ba1605619e/in_use.lock acquired by nodename 61563@fv-az508-118
2023-08-25 11:36:06,783 [om1-impl-thread1] INFO  storage.RaftStorage (RaftStorageImpl.java:format(96)) - Storage directory /home/runner/work/ozone/ozone/hadoop-ozone/integration-test/target/test-dir/MiniOzoneClusterImpl-9e80f0e6-d3ce-4c33-b1a3-32fa2c9dea98/ozone-meta/ratis/bf265839-605b-3f16-9796-c5ba1605619e has been successfully formatted.
2023-08-25 11:36:06,784 [om1-impl-thread1] INFO  server.RaftServerConfigKeys (ConfUtils.java:logGet(46)) - raft.server.log.use.memory = false (default)
2023-08-25 11:36:06,784 [om1-impl-thread1] INFO  server.RaftServerConfigKeys (ConfUtils.java:logGet(46)) - raft.server.log.purge.gap = 1000000 (custom)
2023-08-25 11:36:06,784 [om1-impl-thread1] INFO  server.RaftServerConfigKeys (ConfUtils.java:logGet(46)) - raft.server.log.appender.buffer.byte-limit = 33554432 (custom)
2023-08-25 11:36:06,784 [om1-impl-thread1] INFO  server.RaftServerConfigKeys (ConfUtils.java:logGet(46)) - raft.server.log.statemachine.data.read.timeout = 1000ms (default)
2023-08-25 11:36:06,784 [om1-impl-thread1] INFO  server.RaftServerConfigKeys (ConfUtils.java:logGet(46)) - raft.server.log.purge.preservation.log.num = 0 (default)
2023-08-25 11:36:06,784 [om1-impl-thread1] INFO  server.RaftServerConfigKeys (ConfUtils.java:logGet(46)) - raft.server.log.segment.size.max = 4194304 (custom)
2023-08-25 11:36:06,784 [om1-impl-thread1] INFO  server.RaftServerConfigKeys (ConfUtils.java:logGet(46)) - raft.server.log.segment.cache.num.max = 2 (custom)
2023-08-25 11:36:06,784 [om1-impl-thread1] INFO  server.RaftServerConfigKeys (ConfUtils.java:logGet(46)) - raft.server.log.segment.cache.size.max = 200MB (=209715200) (default)
2023-08-25 11:36:06,785 [om1-impl-thread1] INFO  server.RaftServerConfigKeys (ConfUtils.java:logGet(46)) - raft.server.log.appender.buffer.byte-limit = 33554432 (custom)
2023-08-25 11:36:06,785 [om1-impl-thread1] INFO  segmented.SegmentedRaftLogWorker (SegmentedRaftLogWorker.java:<init>(188)) - new om1@group-C5BA1605619E-SegmentedRaftLogWorker for RaftStorageImpl:Storage Directory /home/runner/work/ozone/ozone/hadoop-ozone/integration-test/target/test-dir/MiniOzoneClusterImpl-9e80f0e6-d3ce-4c33-b1a3-32fa2c9dea98/ozone-meta/ratis/bf265839-605b-3f16-9796-c5ba1605619e
2023-08-25 11:36:06,785 [om1-impl-thread1] INFO  server.RaftServerConfigKeys (ConfUtils.java:logGet(46)) - raft.server.log.queue.byte-limit = 64MB (=67108864) (default)
2023-08-25 11:36:06,785 [om1-impl-thread1] INFO  server.RaftServerConfigKeys (ConfUtils.java:logGet(46)) - raft.server.log.queue.element-limit = 4096 (default)
2023-08-25 11:36:06,785 [om1-impl-thread1] INFO  server.RaftServerConfigKeys (ConfUtils.java:logGet(46)) - raft.server.log.segment.size.max = 4194304 (custom)
2023-08-25 11:36:06,785 [om1-impl-thread1] INFO  server.RaftServerConfigKeys (ConfUtils.java:logGet(46)) - raft.server.log.preallocated.size = 4194304 (custom)
2023-08-25 11:36:06,785 [om1-impl-thread1] INFO  server.RaftServerConfigKeys (ConfUtils.java:logGet(46)) - raft.server.log.force.sync.num = 128 (default)
2023-08-25 11:36:06,785 [om1-impl-thread1] INFO  server.RaftServerConfigKeys (ConfUtils.java:logGet(46)) - raft.server.log.statemachine.data.sync = true (default)
2023-08-25 11:36:06,785 [om1-impl-thread1] INFO  server.RaftServerConfigKeys (ConfUtils.java:logGet(46)) - raft.server.log.statemachine.data.sync.timeout = 10s (default)
2023-08-25 11:36:06,785 [om1-impl-thread1] INFO  server.RaftServerConfigKeys (ConfUtils.java:logGet(46)) - raft.server.log.statemachine.data.sync.timeout.retry = -1 (default)
2023-08-25 11:36:06,785 [om1-impl-thread1] INFO  server.RaftServerConfigKeys (ConfUtils.java:logGet(46)) - raft.server.log.write.buffer.size = 64KB (=65536) (default)
2023-08-25 11:36:06,785 [om1-impl-thread1] INFO  server.RaftServerConfigKeys (ConfUtils.java:logGet(46)) - raft.server.log.appender.buffer.byte-limit = 33554432 (custom)
2023-08-25 11:36:06,793 [om1-impl-thread1] INFO  server.RaftServerConfigKeys (ConfUtils.java:logGet(46)) - raft.server.log.unsafe-flush.enabled = false (default)
2023-08-25 11:36:06,793 [om1-impl-thread1] INFO  server.RaftServerConfigKeys (ConfUtils.java:logGet(46)) - raft.server.log.async-flush.enabled = false (default)
2023-08-25 11:36:06,793 [om1-impl-thread1] INFO  server.RaftServerConfigKeys (ConfUtils.java:logGet(46)) - raft.server.log.statemachine.data.caching.enabled = false (default)
2023-08-25 11:36:06,793 [om1-impl-thread1] INFO  segmented.SegmentedRaftLogWorker (SegmentedRaftLogWorker.java:lambda$new$0(135)) - om1@group-C5BA1605619E-SegmentedRaftLogWorker: flushIndex: setUnconditionally 0 -> -1
2023-08-25 11:36:06,793 [om1-impl-thread1] INFO  segmented.SegmentedRaftLogWorker (SegmentedRaftLogWorker.java:lambda$new$0(135)) - om1@group-C5BA1605619E-SegmentedRaftLogWorker: safeCacheEvictIndex: setUnconditionally 0 -> -1
2023-08-25 11:36:06,794 [om1-impl-thread1] INFO  server.RaftServer$Division (RaftServerImpl.java:start(342)) - om1@group-C5BA1605619E: start as a follower, conf=-1: peers:[om1|rpc:localhost:15113|priority:0|startupRole:FOLLOWER]|listeners:[], old=null
2023-08-25 11:36:06,794 [om1-impl-thread1] INFO  server.RaftServer$Division (RaftServerImpl.java:setRole(329)) - om1@group-C5BA1605619E: changes role from      null to FOLLOWER at term 0 for startAsFollower
2023-08-25 11:36:06,794 [om1-impl-thread1] INFO  impl.RoleInfo (RoleInfo.java:updateAndGet(139)) - om1: start om1@group-C5BA1605619E-FollowerState
2023-08-25 11:36:06,794 [om1@group-C5BA1605619E-FollowerState] INFO  server.RaftServerConfigKeys (ConfUtils.java:logFallback(53)) - raft.server.rpc.first-election.timeout.min = 1s (fallback to raft.server.rpc.timeout.min)
2023-08-25 11:36:06,794 [om1-impl-thread1] INFO  util.JmxRegister (JmxRegister.java:tryRegister(44)) - Successfully registered JMX Bean with object name Ratis:service=RaftServer,group=group-C5BA1605619E,id=om1
2023-08-25 11:36:06,794 [om1@group-C5BA1605619E-FollowerState] INFO  server.RaftServerConfigKeys (ConfUtils.java:logFallback(53)) - raft.server.rpc.first-election.timeout.max = 1200ms (fallback to raft.server.rpc.timeout.max)
2023-08-25 11:36:06,795 [om1-impl-thread1] INFO  server.RaftServerConfigKeys (ConfUtils.java:logGet(46)) - raft.server.snapshot.auto.trigger.enabled = true (custom)
2023-08-25 11:36:06,795 [om1-impl-thread1] INFO  server.RaftServerConfigKeys (ConfUtils.java:logGet(46)) - raft.server.snapshot.auto.trigger.threshold = 400000 (default)
2023-08-25 11:36:06,795 [om1-impl-thread1] INFO  server.RaftServerConfigKeys (ConfUtils.java:logGet(46)) - raft.server.snapshot.retention.file.num = -1 (default)
2023-08-25 11:36:06,795 [om1-impl-thread1] INFO  server.RaftServerConfigKeys (ConfUtils.java:logGet(46)) - raft.server.log.purge.upto.snapshot.index = true (custom)
2023-08-25 11:36:06,795 [main] INFO  server.RaftServer (RaftServerProxy.java:startImpl(400)) - om1: start RPC server
2023-08-25 11:36:06,798 [main] INFO  server.GrpcService (GrpcService.java:startImpl(302)) - om1: GrpcService started, listening on 15113
2023-08-25 11:36:06,799 [JvmPauseMonitor15] INFO  util.JvmPauseMonitor (JvmPauseMonitor.java:run(103)) - JvmPauseMonitor-om1: Started
2023-08-25 11:36:06,799 [main] INFO  om.OzoneManager (OzoneManager.java:start(1629)) - Version File has different layout version (6) than OM DB (null). That is expected if this OM has never been finalized to a newer layout version.
2023-08-25 11:36:06,802 [main] INFO  http.BaseHttpServer (BaseHttpServer.java:newHttpServer2BuilderForOzone(224)) - Starting Web-server for ozoneManager at: http://0.0.0.0:15111
2023-08-25 11:36:06,803 [main] INFO  http.BaseHttpServer (BaseHttpServer.java:<init>(111)) - Hadoop Security Enabled: false Ozone Security Enabled: false Ozone HTTP Security Enabled: false 
2023-08-25 11:36:06,806 [main] WARN  server.AuthenticationFilter (AuthenticationFilter.java:constructSecretProvider(240)) - Unable to initialize FileSignerSecretProvider, falling back to use random secrets. Reason: Could not read signature secret file: /home/runner/hadoop-http-auth-signature-secret
2023-08-25 11:36:06,806 [main] INFO  http.HttpRequestLog (HttpRequestLog.java:getRequestLog(86)) - Http request log for http.requests.ozoneManager is not defined
2023-08-25 11:36:06,808 [main] INFO  http.HttpServer2 (HttpServer2.java:addGlobalFilter(1031)) - Added global filter 'safety' (class=org.apache.hadoop.hdds.server.http.HttpServer2$QuotingInputFilter)
2023-08-25 11:36:06,809 [main] INFO  http.HttpServer2 (HttpServer2.java:addFilter(1007)) - Added filter static_user_filter (class=org.apache.hadoop.http.lib.StaticUserWebFilter$StaticUserFilter) to context ozoneManager
2023-08-25 11:36:06,809 [main] INFO  http.HttpServer2 (HttpServer2.java:addFilter(1015)) - Added filter static_user_filter (class=org.apache.hadoop.http.lib.StaticUserWebFilter$StaticUserFilter) to context static
2023-08-25 11:36:06,809 [main] INFO  http.HttpServer2 (HttpServer2.java:addFilter(1015)) - Added filter static_user_filter (class=org.apache.hadoop.http.lib.StaticUserWebFilter$StaticUserFilter) to context logs
2023-08-25 11:36:06,810 [main] INFO  http.BaseHttpServer (BaseHttpServer.java:<init>(190)) - HTTP server of ozoneManager uses base directory /home/runner/work/ozone/ozone/hadoop-ozone/integration-test/target/test-dir/MiniOzoneClusterImpl-9e80f0e6-d3ce-4c33-b1a3-32fa2c9dea98/ozone-meta/webserver
2023-08-25 11:36:06,811 [main] INFO  http.HttpServer2 (HttpServer2.java:bindListener(1250)) - Jetty bound to port 15111
2023-08-25 11:36:06,811 [main] INFO  server.Server (Server.java:doStart(375)) - jetty-9.4.51.v20230217; built: 2023-02-17T08:19:37.309Z; git: b45c405e4544384de066f814ed42ae3dceacdd49; jvm 1.8.0_382-b05
2023-08-25 11:36:06,813 [main] INFO  server.session (DefaultSessionIdManager.java:doStart(334)) - DefaultSessionIdManager workerName=node0
2023-08-25 11:36:06,814 [main] INFO  server.session (DefaultSessionIdManager.java:doStart(339)) - No SessionScavenger set, using defaults
2023-08-25 11:36:06,814 [main] INFO  server.session (HouseKeeper.java:startScavenging(132)) - node0 Scavenging every 660000ms
2023-08-25 11:36:06,815 [main] INFO  handler.ContextHandler (ContextHandler.java:doStart(921)) - Started o.e.j.s.ServletContextHandler@194904a4{logs,/logs,file:///home/runner/work/ozone/ozone/hadoop-ozone/integration-test/target/log,AVAILABLE}
2023-08-25 11:36:06,816 [main] INFO  handler.ContextHandler (ContextHandler.java:doStart(921)) - Started o.e.j.s.ServletContextHandler@e1d21f5{static,/static,file:///home/runner/work/ozone/ozone/hadoop-ozone/integration-test/target/test-classes/webapps/static,AVAILABLE}
2023-08-25 11:36:06,827 [main] INFO  handler.ContextHandler (ContextHandler.java:doStart(921)) - Started o.e.j.w.WebAppContext@7df7fef2{ozoneManager,/,file:///home/runner/work/ozone/ozone/hadoop-ozone/integration-test/target/test-classes/webapps/ozoneManager/,AVAILABLE}{file:/home/runner/work/ozone/ozone/hadoop-ozone/integration-test/target/test-classes/webapps/ozoneManager}
2023-08-25 11:36:06,828 [main] INFO  server.AbstractConnector (AbstractConnector.java:doStart(333)) - Started ServerConnector@33e3a1a9{HTTP/1.1, (http/1.1)}{0.0.0.0:15111}
2023-08-25 11:36:06,829 [main] INFO  server.Server (Server.java:doStart(415)) - Started @217157ms
2023-08-25 11:36:06,829 [main] WARN  impl.MetricsSystemImpl (MetricsSystemImpl.java:register(279)) - Sink prometheus already exists!
2023-08-25 11:36:06,830 [main] INFO  http.BaseHttpServer (BaseHttpServer.java:updateConnectorAddress(344)) - HTTP server of ozoneManager listening at http://0.0.0.0:15111
2023-08-25 11:36:06,830 [IPC Server Responder] INFO  ipc.Server (Server.java:run(1562)) - IPC Server Responder: starting
2023-08-25 11:36:06,834 [IPC Server listener on 15110] INFO  ipc.Server (Server.java:run(1402)) - IPC Server listener on 15110: starting
2023-08-25 11:36:06,879 [main] INFO  om.TrashPolicyOzone (TrashPolicyOzone.java:<init>(277)) - Ozone Manager trash configuration: Deletion interval = 0 minutes, Emptier interval = 0 minutes.
2023-08-25 11:36:06,904 [main] WARN  impl.MetricRegistriesImpl (MetricRegistriesImpl.java:addReporterRegistration(111)) - New reporters are added after registries were created. Some metrics will be missing from the reporter. Please add reporter before adding any new registry.
2023-08-25 11:36:06,904 [main] WARN  impl.MetricRegistriesImpl (MetricRegistriesImpl.java:addReporterRegistration(111)) - New reporters are added after registries were created. Some metrics will be missing from the reporter. Please add reporter before adding any new registry.
2023-08-25 11:36:06,905 [main] INFO  impl.MetricsSystemImpl (MetricsSystemImpl.java:init(158)) - HddsDatanode metrics system started (again)
2023-08-25 11:36:06,919 [main] INFO  ozone.HddsDatanodeService (HddsDatanodeService.java:start(237)) - HddsDatanodeService host:fv-az508-118.q1hezrx03woe3mvmfegnvhq0ah.dx.internal.cloudapp.net ip:10.1.0.52
2023-08-25 11:36:06,956 [main] INFO  upgrade.AbstractLayoutVersionManager (AbstractLayoutVersionManager.java:init(83)) - Initializing Layout version manager with metadata layout = HADOOP_PRC_PORTS_IN_DATANODEDETAILS (version = 7), software layout = HADOOP_PRC_PORTS_IN_DATANODEDETAILS (version = 7)
2023-08-25 11:36:06,957 [main] INFO  statemachine.DatanodeStateMachine (DatanodeStateMachine.java:getEndPointTaskThreadPoolSize(282)) - Datanode State Machine Task Thread Pool size 2
2023-08-25 11:36:06,963 [main] INFO  volume.HddsVolume (HddsVolume.java:<init>(126)) - Creating HddsVolume: /home/runner/work/ozone/ozone/hadoop-ozone/integration-test/target/test-dir/MiniOzoneClusterImpl-9e80f0e6-d3ce-4c33-b1a3-32fa2c9dea98/datanode-0/data-0/containers/hdds of storage type : DISK capacity : 9223372036854775807
2023-08-25 11:36:06,963 [main] INFO  volume.MutableVolumeSet (MutableVolumeSet.java:initializeVolumeSet(173)) - Added Volume : /home/runner/work/ozone/ozone/hadoop-ozone/integration-test/target/test-dir/MiniOzoneClusterImpl-9e80f0e6-d3ce-4c33-b1a3-32fa2c9dea98/datanode-0/data-0/containers/hdds to VolumeSet
2023-08-25 11:36:06,964 [main] INFO  volume.MutableVolumeSet (MutableVolumeSet.java:initializeVolumeSet(173)) - Added Volume : /home/runner/work/ozone/ozone/hadoop-ozone/integration-test/target/test-dir/MiniOzoneClusterImpl-9e80f0e6-d3ce-4c33-b1a3-32fa2c9dea98/datanode-0/data/ratis to VolumeSet
2023-08-25 11:36:06,965 [Thread-1325] INFO  ozoneimpl.ContainerReader (ContainerReader.java:readVolume(177)) - Finish verifying containers on volume /home/runner/work/ozone/ozone/hadoop-ozone/integration-test/target/test-dir/MiniOzoneClusterImpl-9e80f0e6-d3ce-4c33-b1a3-32fa2c9dea98/datanode-0/data-0/containers/hdds
2023-08-25 11:36:06,965 [main] INFO  ozoneimpl.OzoneContainer (OzoneContainer.java:buildContainerSet(314)) - Build ContainerSet costs 0s
2023-08-25 11:36:06,967 [main] INFO  server.RaftServer (ConfUtils.java:logGet(46)) - raft.rpc.type = GRPC (default)
2023-08-25 11:36:06,967 [main] INFO  grpc.GrpcConfigKeys (ConfUtils.java:logFallback(53)) - raft.grpc.admin.host = null (fallback to raft.grpc.server.host)
2023-08-25 11:36:06,968 [main] INFO  grpc.GrpcConfigKeys (ConfUtils.java:logGet(46)) - raft.grpc.admin.port = 15119 (custom)
2023-08-25 11:36:06,968 [main] INFO  grpc.GrpcConfigKeys (ConfUtils.java:logFallback(53)) - raft.grpc.client.host = null (fallback to raft.grpc.server.host)
2023-08-25 11:36:06,968 [main] INFO  grpc.GrpcConfigKeys (ConfUtils.java:logGet(46)) - raft.grpc.client.port = 15118 (custom)
2023-08-25 11:36:06,968 [main] INFO  grpc.GrpcConfigKeys (ConfUtils.java:logGet(46)) - raft.grpc.server.host = null (default)
2023-08-25 11:36:06,968 [main] INFO  grpc.GrpcConfigKeys (ConfUtils.java:logGet(46)) - raft.grpc.server.port = 15120 (custom)
2023-08-25 11:36:06,968 [main] INFO  server.GrpcService (ConfUtils.java:logGet(46)) - raft.grpc.message.size.max = 32MB (=33554432) (custom)
2023-08-25 11:36:06,969 [main] INFO  server.RaftServerConfigKeys (ConfUtils.java:logGet(46)) - raft.server.log.appender.buffer.byte-limit = 33554432 (custom)
2023-08-25 11:36:06,969 [main] INFO  server.GrpcService (ConfUtils.java:logGet(46)) - raft.grpc.flow.control.window = 5MB (=5242880) (custom)
2023-08-25 11:36:06,969 [main] INFO  server.RaftServerConfigKeys (ConfUtils.java:logGet(46)) - raft.server.rpc.request.timeout = 60s (custom)
2023-08-25 11:36:06,969 [main] INFO  grpc.GrpcConfigKeys (ConfUtils.java:logGet(46)) - raft.grpc.server.heartbeat.channel = true (default)
2023-08-25 11:36:06,969 [main] INFO  grpc.GrpcConfigKeys (ConfUtils.java:logGet(46)) - raft.grpc.server.async.request.thread.pool.cached = true (default)
2023-08-25 11:36:06,970 [main] INFO  grpc.GrpcConfigKeys (ConfUtils.java:logGet(46)) - raft.grpc.server.async.request.thread.pool.size = 32 (default)
2023-08-25 11:36:06,973 [main] INFO  impl.DataStreamServerImpl (ConfUtils.java:logGet(46)) - raft.datastream.type = NETTY (custom)
2023-08-25 11:36:06,973 [main] INFO  server.RaftServerConfigKeys (ConfUtils.java:logGet(46)) - raft.server.data-stream.async.request.thread.pool.cached = false (default)
2023-08-25 11:36:06,974 [main] INFO  server.RaftServerConfigKeys (ConfUtils.java:logGet(46)) - raft.server.data-stream.async.request.thread.pool.size = 20 (custom)
2023-08-25 11:36:06,974 [main] INFO  server.RaftServerConfigKeys (ConfUtils.java:logGet(46)) - raft.server.data-stream.async.write.thread.pool.size = 16 (default)
2023-08-25 11:36:06,974 [main] INFO  server.RaftServerConfigKeys (ConfUtils.java:logGet(46)) - raft.server.data-stream.client.pool.size = 10 (default)
2023-08-25 11:36:06,974 [main] INFO  netty.NettyConfigKeys$DataStream (ConfUtils.java:logGet(46)) - raft.netty.dataStream.server.use-epoll = false (default)
2023-08-25 11:36:06,974 [main] INFO  netty.NettyConfigKeys$DataStream (ConfUtils.java:logGet(46)) - raft.netty.dataStream.server.boss-group.size = 0 (default)
2023-08-25 11:36:06,975 [main] INFO  netty.NettyConfigKeys$DataStream (ConfUtils.java:logGet(46)) - raft.netty.dataStream.server.worker-group.size = 0 (default)
2023-08-25 11:36:06,975 [main] INFO  netty.NettyConfigKeys$DataStream (ConfUtils.java:logGet(46)) - raft.netty.dataStream.server.tls.conf = null (default)
2023-08-25 11:36:06,976 [main] INFO  netty.NettyConfigKeys$DataStream (ConfUtils.java:logGet(46)) - raft.netty.dataStream.host = null (default)
2023-08-25 11:36:06,976 [main] INFO  netty.NettyConfigKeys$DataStream (ConfUtils.java:logGet(46)) - raft.netty.dataStream.port = 15121 (custom)
2023-08-25 11:36:06,976 [main] INFO  server.RaftServerConfigKeys (ConfUtils.java:logGet(46)) - raft.server.threadpool.proxy.cached = true (default)
2023-08-25 11:36:06,976 [main] INFO  server.RaftServerConfigKeys (ConfUtils.java:logGet(46)) - raft.server.threadpool.proxy.size = 0 (default)
2023-08-25 11:36:06,977 [main] INFO  server.RaftServerConfigKeys (ConfUtils.java:logGet(46)) - raft.server.rpc.slowness.timeout = 300s (custom)
2023-08-25 11:36:06,977 [main] INFO  server.RaftServerConfigKeys (ConfUtils.java:logGet(46)) - raft.server.leaderelection.leader.step-down.wait-time = 10s (default)
2023-08-25 11:36:06,977 [main] INFO  server.RaftServerConfigKeys (ConfUtils.java:logGet(46)) - raft.server.storage.dir = [/home/runner/work/ozone/ozone/hadoop-ozone/integration-test/target/test-dir/MiniOzoneClusterImpl-9e80f0e6-d3ce-4c33-b1a3-32fa2c9dea98/datanode-0/data/ratis] (custom)
2023-08-25 11:36:06,978 [41c35b0f-7d09-466e-a425-34196dd2af10-impl-thread1] INFO  server.RaftServer (RaftServerProxy.java:initGroupDir(258)) - 41c35b0f-7d09-466e-a425-34196dd2af10: found a subdirectory /home/runner/work/ozone/ozone/hadoop-ozone/integration-test/target/test-dir/MiniOzoneClusterImpl-9e80f0e6-d3ce-4c33-b1a3-32fa2c9dea98/datanode-0/data/ratis/tmp
2023-08-25 11:36:06,978 [41c35b0f-7d09-466e-a425-34196dd2af10-NettyServerStreamRpc-bossGroup--thread1] INFO  logging.LoggingHandler (AbstractInternalLogger.java:log(148)) - [id: 0xeeef0fa5] REGISTERED
2023-08-25 11:36:06,978 [41c35b0f-7d09-466e-a425-34196dd2af10-impl-thread1] INFO  server.RaftServer (RaftServerProxy.java:initGroupDir(263)) - 41c35b0f-7d09-466e-a425-34196dd2af10: The directory /home/runner/work/ozone/ozone/hadoop-ozone/integration-test/target/test-dir/MiniOzoneClusterImpl-9e80f0e6-d3ce-4c33-b1a3-32fa2c9dea98/datanode-0/data/ratis/tmp is not a group directory; ignoring it. 
2023-08-25 11:36:06,978 [41c35b0f-7d09-466e-a425-34196dd2af10-NettyServerStreamRpc-bossGroup--thread1] INFO  logging.LoggingHandler (AbstractInternalLogger.java:log(148)) - [id: 0xeeef0fa5] BIND: 0.0.0.0/0.0.0.0:15121
2023-08-25 11:36:06,978 [main] INFO  replication.ReplicationServer (ReplicationServer.java:<init>(81)) - Initializing replication server with thread count = 10
2023-08-25 11:36:06,979 [main] INFO  server.XceiverServerGrpc (XceiverServerGrpc.java:<init>(132)) - GrpcServer channel type EpollServerSocketChannel
2023-08-25 11:36:06,980 [41c35b0f-7d09-466e-a425-34196dd2af10-NettyServerStreamRpc-bossGroup--thread1] INFO  logging.LoggingHandler (AbstractInternalLogger.java:log(148)) - [id: 0xeeef0fa5, L:/0:0:0:0:0:0:0:0:15121] ACTIVE
2023-08-25 11:36:06,981 [main] INFO  replication.ReplicationSupervisor (ReplicationSupervisor.java:build(155)) - Initializing replication supervisor with thread count = 10
2023-08-25 11:36:06,981 [main] INFO  replication.ReplicationSupervisor (ReplicationSupervisor.java:nodeStateUpdated(307)) - Node state updated to IN_SERVICE, scaling executor pool size to 10
2023-08-25 11:36:06,983 [main] INFO  http.BaseHttpServer (BaseHttpServer.java:newHttpServer2BuilderForOzone(224)) - Starting Web-server for hddsDatanode at: http://0.0.0.0:15115
2023-08-25 11:36:06,983 [main] INFO  http.BaseHttpServer (BaseHttpServer.java:<init>(111)) - Hadoop Security Enabled: false Ozone Security Enabled: false Ozone HTTP Security Enabled: false 
2023-08-25 11:36:06,985 [main] WARN  server.AuthenticationFilter (AuthenticationFilter.java:constructSecretProvider(240)) - Unable to initialize FileSignerSecretProvider, falling back to use random secrets. Reason: Could not read signature secret file: /home/runner/hadoop-http-auth-signature-secret
2023-08-25 11:36:06,985 [main] INFO  http.HttpRequestLog (HttpRequestLog.java:getRequestLog(86)) - Http request log for http.requests.hddsDatanode is not defined
2023-08-25 11:36:06,989 [main] INFO  http.HttpServer2 (HttpServer2.java:addGlobalFilter(1031)) - Added global filter 'safety' (class=org.apache.hadoop.hdds.server.http.HttpServer2$QuotingInputFilter)
2023-08-25 11:36:06,989 [main] INFO  http.HttpServer2 (HttpServer2.java:addFilter(1007)) - Added filter static_user_filter (class=org.apache.hadoop.http.lib.StaticUserWebFilter$StaticUserFilter) to context hddsDatanode
2023-08-25 11:36:06,989 [main] INFO  http.HttpServer2 (HttpServer2.java:addFilter(1015)) - Added filter static_user_filter (class=org.apache.hadoop.http.lib.StaticUserWebFilter$StaticUserFilter) to context static
2023-08-25 11:36:06,993 [main] INFO  http.HttpServer2 (HttpServer2.java:addFilter(1015)) - Added filter static_user_filter (class=org.apache.hadoop.http.lib.StaticUserWebFilter$StaticUserFilter) to context logs
2023-08-25 11:36:06,998 [main] INFO  http.BaseHttpServer (BaseHttpServer.java:<init>(190)) - HTTP server of hddsDatanode uses base directory /home/runner/work/ozone/ozone/hadoop-ozone/integration-test/target/test-dir/MiniOzoneClusterImpl-9e80f0e6-d3ce-4c33-b1a3-32fa2c9dea98/datanode-0/meta/webserver
2023-08-25 11:36:06,998 [main] INFO  http.HttpServer2 (HttpServer2.java:bindListener(1250)) - Jetty bound to port 15115
2023-08-25 11:36:06,999 [main] INFO  server.Server (Server.java:doStart(375)) - jetty-9.4.51.v20230217; built: 2023-02-17T08:19:37.309Z; git: b45c405e4544384de066f814ed42ae3dceacdd49; jvm 1.8.0_382-b05
2023-08-25 11:36:07,002 [main] INFO  server.session (DefaultSessionIdManager.java:doStart(334)) - DefaultSessionIdManager workerName=node0
2023-08-25 11:36:07,002 [main] INFO  server.session (DefaultSessionIdManager.java:doStart(339)) - No SessionScavenger set, using defaults
2023-08-25 11:36:07,002 [main] INFO  server.session (HouseKeeper.java:startScavenging(132)) - node0 Scavenging every 660000ms
2023-08-25 11:36:07,004 [main] INFO  handler.ContextHandler (ContextHandler.java:doStart(921)) - Started o.e.j.s.ServletContextHandler@48b36b5d{logs,/logs,file:///home/runner/work/ozone/ozone/hadoop-ozone/integration-test/target/log,AVAILABLE}
2023-08-25 11:36:07,005 [main] INFO  handler.ContextHandler (ContextHandler.java:doStart(921)) - Started o.e.j.s.ServletContextHandler@2a563463{static,/static,jar:file:/home/runner/.m2/repository/org/apache/ozone/hdds-container-service/1.4.0-SNAPSHOT/hdds-container-service-1.4.0-SNAPSHOT.jar!/webapps/static,AVAILABLE}
2023-08-25 11:36:07,255 [main] INFO  handler.ContextHandler (ContextHandler.java:doStart(921)) - Started o.e.j.w.WebAppContext@54fc62a9{hddsDatanode,/,file:///home/runner/work/ozone/ozone/hadoop-ozone/integration-test/target/test-dir/MiniOzoneClusterImpl-9e80f0e6-d3ce-4c33-b1a3-32fa2c9dea98/datanode-0/meta/webserver/jetty-0_0_0_0-15115-hdds-container-service-1_4_0-SNAPSHOT_jar-_-any-3521393086300416088/webapp/,AVAILABLE}{jar:file:/home/runner/.m2/repository/org/apache/ozone/hdds-container-service/1.4.0-SNAPSHOT/hdds-container-service-1.4.0-SNAPSHOT.jar!/webapps/hddsDatanode}
2023-08-25 11:36:07,257 [main] INFO  server.AbstractConnector (AbstractConnector.java:doStart(333)) - Started ServerConnector@15280370{HTTP/1.1, (http/1.1)}{0.0.0.0:15115}
2023-08-25 11:36:07,257 [main] INFO  server.Server (Server.java:doStart(415)) - Started @217586ms
2023-08-25 11:36:07,257 [main] WARN  impl.MetricsSystemImpl (MetricsSystemImpl.java:register(279)) - Sink prometheus already exists!
2023-08-25 11:36:07,258 [main] INFO  http.BaseHttpServer (BaseHttpServer.java:updateConnectorAddress(344)) - HTTP server of hddsDatanode listening at http://0.0.0.0:15115
2023-08-25 11:36:07,258 [main] INFO  ipc.CallQueueManager (CallQueueManager.java:<init>(90)) - Using callQueue: class java.util.concurrent.LinkedBlockingQueue, queueCapacity: 100, scheduler: class org.apache.hadoop.ipc.DefaultRpcScheduler, ipcBackoff: false.
2023-08-25 11:36:07,259 [main] INFO  ipc.Server (Server.java:<init>(1287)) - Listener at 0.0.0.0:15116
2023-08-25 11:36:07,261 [Socket Reader #1 for port 15116] INFO  ipc.Server (Server.java:run(1323)) - Starting Socket Reader #1 for port 15116
2023-08-25 11:36:07,267 [main] INFO  ozone.HddsDatanodeService (HddsDatanodeService.java:start(315)) - Datanode start with admins: [runner]
2023-08-25 11:36:07,267 [main] INFO  ozone.HddsDatanodeClientProtocolServer (HddsDatanodeClientProtocolServer.java:start(72)) - RPC server for Client /0.0.0.0:15116
2023-08-25 11:36:07,268 [IPC Server Responder] INFO  ipc.Server (Server.java:run(1562)) - IPC Server Responder: starting
2023-08-25 11:36:07,274 [IPC Server listener on 15116] INFO  ipc.Server (Server.java:run(1402)) - IPC Server listener on 15116: starting
2023-08-25 11:36:07,275 [main] WARN  impl.MetricRegistriesImpl (MetricRegistriesImpl.java:addReporterRegistration(111)) - New reporters are added after registries were created. Some metrics will be missing from the reporter. Please add reporter before adding any new registry.
2023-08-25 11:36:07,275 [main] WARN  impl.MetricRegistriesImpl (MetricRegistriesImpl.java:addReporterRegistration(111)) - New reporters are added after registries were created. Some metrics will be missing from the reporter. Please add reporter before adding any new registry.
2023-08-25 11:36:07,275 [main] INFO  impl.MetricsSystemImpl (MetricsSystemImpl.java:init(158)) - HddsDatanode metrics system started (again)
2023-08-25 11:36:07,297 [Datanode State Machine Daemon Thread] INFO  statemachine.DatanodeStateMachine (DatanodeStateMachine.java:lambda$startDaemon$0(538)) - Ozone container server started.
2023-08-25 11:36:07,312 [main] INFO  ozone.HddsDatanodeService (HddsDatanodeService.java:start(237)) - HddsDatanodeService host:fv-az508-118.q1hezrx03woe3mvmfegnvhq0ah.dx.internal.cloudapp.net ip:10.1.0.52
2023-08-25 11:36:07,326 [Datanode State Machine Task Thread - 0] INFO  datanode.InitDatanodeState (InitDatanodeState.java:persistContainerDatanodeDetails(138)) - DatanodeDetails is persisted to /home/runner/work/ozone/ozone/hadoop-ozone/integration-test/target/test-dir/MiniOzoneClusterImpl-9e80f0e6-d3ce-4c33-b1a3-32fa2c9dea98/datanode-0/meta/datanode.id
2023-08-25 11:36:07,353 [main] INFO  upgrade.AbstractLayoutVersionManager (AbstractLayoutVersionManager.java:init(83)) - Initializing Layout version manager with metadata layout = HADOOP_PRC_PORTS_IN_DATANODEDETAILS (version = 7), software layout = HADOOP_PRC_PORTS_IN_DATANODEDETAILS (version = 7)
2023-08-25 11:36:07,355 [main] INFO  statemachine.DatanodeStateMachine (DatanodeStateMachine.java:getEndPointTaskThreadPoolSize(282)) - Datanode State Machine Task Thread Pool size 2
2023-08-25 11:36:07,358 [main] INFO  volume.HddsVolume (HddsVolume.java:<init>(126)) - Creating HddsVolume: /home/runner/work/ozone/ozone/hadoop-ozone/integration-test/target/test-dir/MiniOzoneClusterImpl-9e80f0e6-d3ce-4c33-b1a3-32fa2c9dea98/datanode-1/data-0/containers/hdds of storage type : DISK capacity : 9223372036854775807
2023-08-25 11:36:07,358 [main] INFO  volume.MutableVolumeSet (MutableVolumeSet.java:initializeVolumeSet(173)) - Added Volume : /home/runner/work/ozone/ozone/hadoop-ozone/integration-test/target/test-dir/MiniOzoneClusterImpl-9e80f0e6-d3ce-4c33-b1a3-32fa2c9dea98/datanode-1/data-0/containers/hdds to VolumeSet
2023-08-25 11:36:07,359 [main] INFO  volume.MutableVolumeSet (MutableVolumeSet.java:initializeVolumeSet(173)) - Added Volume : /home/runner/work/ozone/ozone/hadoop-ozone/integration-test/target/test-dir/MiniOzoneClusterImpl-9e80f0e6-d3ce-4c33-b1a3-32fa2c9dea98/datanode-1/data/ratis to VolumeSet
2023-08-25 11:36:07,359 [Thread-1342] INFO  ozoneimpl.ContainerReader (ContainerReader.java:readVolume(177)) - Finish verifying containers on volume /home/runner/work/ozone/ozone/hadoop-ozone/integration-test/target/test-dir/MiniOzoneClusterImpl-9e80f0e6-d3ce-4c33-b1a3-32fa2c9dea98/datanode-1/data-0/containers/hdds
2023-08-25 11:36:07,360 [main] INFO  ozoneimpl.OzoneContainer (OzoneContainer.java:buildContainerSet(314)) - Build ContainerSet costs 0s
2023-08-25 11:36:07,362 [main] INFO  server.RaftServer (ConfUtils.java:logGet(46)) - raft.rpc.type = GRPC (default)
2023-08-25 11:36:07,362 [main] INFO  grpc.GrpcConfigKeys (ConfUtils.java:logFallback(53)) - raft.grpc.admin.host = null (fallback to raft.grpc.server.host)
2023-08-25 11:36:07,362 [main] INFO  grpc.GrpcConfigKeys (ConfUtils.java:logGet(46)) - raft.grpc.admin.port = 15128 (custom)
2023-08-25 11:36:07,363 [main] INFO  grpc.GrpcConfigKeys (ConfUtils.java:logFallback(53)) - raft.grpc.client.host = null (fallback to raft.grpc.server.host)
2023-08-25 11:36:07,363 [main] INFO  grpc.GrpcConfigKeys (ConfUtils.java:logGet(46)) - raft.grpc.client.port = 15127 (custom)
2023-08-25 11:36:07,363 [main] INFO  grpc.GrpcConfigKeys (ConfUtils.java:logGet(46)) - raft.grpc.server.host = null (default)
2023-08-25 11:36:07,363 [main] INFO  grpc.GrpcConfigKeys (ConfUtils.java:logGet(46)) - raft.grpc.server.port = 15129 (custom)
2023-08-25 11:36:07,363 [main] INFO  server.GrpcService (ConfUtils.java:logGet(46)) - raft.grpc.message.size.max = 32MB (=33554432) (custom)
2023-08-25 11:36:07,363 [main] INFO  server.RaftServerConfigKeys (ConfUtils.java:logGet(46)) - raft.server.log.appender.buffer.byte-limit = 33554432 (custom)
2023-08-25 11:36:07,363 [main] INFO  server.GrpcService (ConfUtils.java:logGet(46)) - raft.grpc.flow.control.window = 5MB (=5242880) (custom)
2023-08-25 11:36:07,364 [main] INFO  server.RaftServerConfigKeys (ConfUtils.java:logGet(46)) - raft.server.rpc.request.timeout = 60s (custom)
2023-08-25 11:36:07,364 [main] INFO  grpc.GrpcConfigKeys (ConfUtils.java:logGet(46)) - raft.grpc.server.heartbeat.channel = true (default)
2023-08-25 11:36:07,364 [main] INFO  grpc.GrpcConfigKeys (ConfUtils.java:logGet(46)) - raft.grpc.server.async.request.thread.pool.cached = true (default)
2023-08-25 11:36:07,364 [main] INFO  grpc.GrpcConfigKeys (ConfUtils.java:logGet(46)) - raft.grpc.server.async.request.thread.pool.size = 32 (default)
2023-08-25 11:36:07,372 [main] INFO  impl.DataStreamServerImpl (ConfUtils.java:logGet(46)) - raft.datastream.type = NETTY (custom)
2023-08-25 11:36:07,372 [main] INFO  server.RaftServerConfigKeys (ConfUtils.java:logGet(46)) - raft.server.data-stream.async.request.thread.pool.cached = false (default)
2023-08-25 11:36:07,372 [main] INFO  server.RaftServerConfigKeys (ConfUtils.java:logGet(46)) - raft.server.data-stream.async.request.thread.pool.size = 20 (custom)
2023-08-25 11:36:07,372 [main] INFO  server.RaftServerConfigKeys (ConfUtils.java:logGet(46)) - raft.server.data-stream.async.write.thread.pool.size = 16 (default)
2023-08-25 11:36:07,372 [main] INFO  server.RaftServerConfigKeys (ConfUtils.java:logGet(46)) - raft.server.data-stream.client.pool.size = 10 (default)
2023-08-25 11:36:07,373 [main] INFO  netty.NettyConfigKeys$DataStream (ConfUtils.java:logGet(46)) - raft.netty.dataStream.server.use-epoll = false (default)
2023-08-25 11:36:07,373 [main] INFO  netty.NettyConfigKeys$DataStream (ConfUtils.java:logGet(46)) - raft.netty.dataStream.server.boss-group.size = 0 (default)
2023-08-25 11:36:07,373 [main] INFO  netty.NettyConfigKeys$DataStream (ConfUtils.java:logGet(46)) - raft.netty.dataStream.server.worker-group.size = 0 (default)
2023-08-25 11:36:07,374 [main] INFO  netty.NettyConfigKeys$DataStream (ConfUtils.java:logGet(46)) - raft.netty.dataStream.server.tls.conf = null (default)
2023-08-25 11:36:07,374 [main] INFO  netty.NettyConfigKeys$DataStream (ConfUtils.java:logGet(46)) - raft.netty.dataStream.host = null (default)
2023-08-25 11:36:07,374 [main] INFO  netty.NettyConfigKeys$DataStream (ConfUtils.java:logGet(46)) - raft.netty.dataStream.port = 15130 (custom)
2023-08-25 11:36:07,376 [main] INFO  server.RaftServerConfigKeys (ConfUtils.java:logGet(46)) - raft.server.threadpool.proxy.cached = true (default)
2023-08-25 11:36:07,376 [main] INFO  server.RaftServerConfigKeys (ConfUtils.java:logGet(46)) - raft.server.threadpool.proxy.size = 0 (default)
2023-08-25 11:36:07,376 [main] INFO  server.RaftServerConfigKeys (ConfUtils.java:logGet(46)) - raft.server.rpc.slowness.timeout = 300s (custom)
2023-08-25 11:36:07,377 [main] INFO  server.RaftServerConfigKeys (ConfUtils.java:logGet(46)) - raft.server.leaderelection.leader.step-down.wait-time = 10s (default)
2023-08-25 11:36:07,377 [main] INFO  server.RaftServerConfigKeys (ConfUtils.java:logGet(46)) - raft.server.storage.dir = [/home/runner/work/ozone/ozone/hadoop-ozone/integration-test/target/test-dir/MiniOzoneClusterImpl-9e80f0e6-d3ce-4c33-b1a3-32fa2c9dea98/datanode-1/data/ratis] (custom)
2023-08-25 11:36:07,377 [b4d41a5a-7f8b-4359-a921-685918a3749b-impl-thread1] INFO  server.RaftServer (RaftServerProxy.java:initGroupDir(258)) - b4d41a5a-7f8b-4359-a921-685918a3749b: found a subdirectory /home/runner/work/ozone/ozone/hadoop-ozone/integration-test/target/test-dir/MiniOzoneClusterImpl-9e80f0e6-d3ce-4c33-b1a3-32fa2c9dea98/datanode-1/data/ratis/tmp
2023-08-25 11:36:07,378 [b4d41a5a-7f8b-4359-a921-685918a3749b-impl-thread1] INFO  server.RaftServer (RaftServerProxy.java:initGroupDir(263)) - b4d41a5a-7f8b-4359-a921-685918a3749b: The directory /home/runner/work/ozone/ozone/hadoop-ozone/integration-test/target/test-dir/MiniOzoneClusterImpl-9e80f0e6-d3ce-4c33-b1a3-32fa2c9dea98/datanode-1/data/ratis/tmp is not a group directory; ignoring it. 
2023-08-25 11:36:07,378 [main] INFO  replication.ReplicationServer (ReplicationServer.java:<init>(81)) - Initializing replication server with thread count = 10
2023-08-25 11:36:07,379 [main] INFO  server.XceiverServerGrpc (XceiverServerGrpc.java:<init>(132)) - GrpcServer channel type EpollServerSocketChannel
2023-08-25 11:36:07,381 [main] INFO  replication.ReplicationSupervisor (ReplicationSupervisor.java:build(155)) - Initializing replication supervisor with thread count = 10
2023-08-25 11:36:07,381 [main] INFO  replication.ReplicationSupervisor (ReplicationSupervisor.java:nodeStateUpdated(307)) - Node state updated to IN_SERVICE, scaling executor pool size to 10
2023-08-25 11:36:07,383 [main] INFO  http.BaseHttpServer (BaseHttpServer.java:newHttpServer2BuilderForOzone(224)) - Starting Web-server for hddsDatanode at: http://0.0.0.0:15124
2023-08-25 11:36:07,383 [main] INFO  http.BaseHttpServer (BaseHttpServer.java:<init>(111)) - Hadoop Security Enabled: false Ozone Security Enabled: false Ozone HTTP Security Enabled: false 
2023-08-25 11:36:07,385 [main] WARN  server.AuthenticationFilter (AuthenticationFilter.java:constructSecretProvider(240)) - Unable to initialize FileSignerSecretProvider, falling back to use random secrets. Reason: Could not read signature secret file: /home/runner/hadoop-http-auth-signature-secret
2023-08-25 11:36:07,385 [main] INFO  http.HttpRequestLog (HttpRequestLog.java:getRequestLog(86)) - Http request log for http.requests.hddsDatanode is not defined
2023-08-25 11:36:07,387 [main] INFO  http.HttpServer2 (HttpServer2.java:addGlobalFilter(1031)) - Added global filter 'safety' (class=org.apache.hadoop.hdds.server.http.HttpServer2$QuotingInputFilter)
2023-08-25 11:36:07,387 [main] INFO  http.HttpServer2 (HttpServer2.java:addFilter(1007)) - Added filter static_user_filter (class=org.apache.hadoop.http.lib.StaticUserWebFilter$StaticUserFilter) to context hddsDatanode
2023-08-25 11:36:07,387 [main] INFO  http.HttpServer2 (HttpServer2.java:addFilter(1015)) - Added filter static_user_filter (class=org.apache.hadoop.http.lib.StaticUserWebFilter$StaticUserFilter) to context logs
2023-08-25 11:36:07,388 [main] INFO  http.HttpServer2 (HttpServer2.java:addFilter(1015)) - Added filter static_user_filter (class=org.apache.hadoop.http.lib.StaticUserWebFilter$StaticUserFilter) to context static
2023-08-25 11:36:07,388 [main] INFO  http.BaseHttpServer (BaseHttpServer.java:<init>(190)) - HTTP server of hddsDatanode uses base directory /home/runner/work/ozone/ozone/hadoop-ozone/integration-test/target/test-dir/MiniOzoneClusterImpl-9e80f0e6-d3ce-4c33-b1a3-32fa2c9dea98/datanode-1/meta/webserver
2023-08-25 11:36:07,389 [main] INFO  http.HttpServer2 (HttpServer2.java:bindListener(1250)) - Jetty bound to port 15124
2023-08-25 11:36:07,389 [b4d41a5a-7f8b-4359-a921-685918a3749b-NettyServerStreamRpc-bossGroup--thread1] INFO  logging.LoggingHandler (AbstractInternalLogger.java:log(148)) - [id: 0x59dfc671] REGISTERED
2023-08-25 11:36:07,389 [main] INFO  server.Server (Server.java:doStart(375)) - jetty-9.4.51.v20230217; built: 2023-02-17T08:19:37.309Z; git: b45c405e4544384de066f814ed42ae3dceacdd49; jvm 1.8.0_382-b05
2023-08-25 11:36:07,390 [b4d41a5a-7f8b-4359-a921-685918a3749b-NettyServerStreamRpc-bossGroup--thread1] INFO  logging.LoggingHandler (AbstractInternalLogger.java:log(148)) - [id: 0x59dfc671] BIND: 0.0.0.0/0.0.0.0:15130
2023-08-25 11:36:07,393 [main] INFO  server.session (DefaultSessionIdManager.java:doStart(334)) - DefaultSessionIdManager workerName=node0
2023-08-25 11:36:07,396 [main] INFO  server.session (DefaultSessionIdManager.java:doStart(339)) - No SessionScavenger set, using defaults
2023-08-25 11:36:07,397 [main] INFO  server.session (HouseKeeper.java:startScavenging(132)) - node0 Scavenging every 600000ms
2023-08-25 11:36:07,398 [main] INFO  handler.ContextHandler (ContextHandler.java:doStart(921)) - Started o.e.j.s.ServletContextHandler@6b874125{logs,/logs,file:///home/runner/work/ozone/ozone/hadoop-ozone/integration-test/target/log,AVAILABLE}
2023-08-25 11:36:07,398 [main] INFO  handler.ContextHandler (ContextHandler.java:doStart(921)) - Started o.e.j.s.ServletContextHandler@7d001f48{static,/static,jar:file:/home/runner/.m2/repository/org/apache/ozone/hdds-container-service/1.4.0-SNAPSHOT/hdds-container-service-1.4.0-SNAPSHOT.jar!/webapps/static,AVAILABLE}
2023-08-25 11:36:07,401 [b4d41a5a-7f8b-4359-a921-685918a3749b-NettyServerStreamRpc-bossGroup--thread1] INFO  logging.LoggingHandler (AbstractInternalLogger.java:log(148)) - [id: 0x59dfc671, L:/0:0:0:0:0:0:0:0:15130] ACTIVE
2023-08-25 11:36:07,775 [main] INFO  handler.ContextHandler (ContextHandler.java:doStart(921)) - Started o.e.j.w.WebAppContext@35007ef{hddsDatanode,/,file:///home/runner/work/ozone/ozone/hadoop-ozone/integration-test/target/test-dir/MiniOzoneClusterImpl-9e80f0e6-d3ce-4c33-b1a3-32fa2c9dea98/datanode-1/meta/webserver/jetty-0_0_0_0-15124-hdds-container-service-1_4_0-SNAPSHOT_jar-_-any-8840293266019997694/webapp/,AVAILABLE}{jar:file:/home/runner/.m2/repository/org/apache/ozone/hdds-container-service/1.4.0-SNAPSHOT/hdds-container-service-1.4.0-SNAPSHOT.jar!/webapps/hddsDatanode}
2023-08-25 11:36:07,776 [main] INFO  server.AbstractConnector (AbstractConnector.java:doStart(333)) - Started ServerConnector@72c0e83e{HTTP/1.1, (http/1.1)}{0.0.0.0:15124}
2023-08-25 11:36:07,776 [main] INFO  server.Server (Server.java:doStart(415)) - Started @218105ms
2023-08-25 11:36:07,776 [main] WARN  impl.MetricsSystemImpl (MetricsSystemImpl.java:register(279)) - Sink prometheus already exists!
2023-08-25 11:36:07,777 [main] INFO  http.BaseHttpServer (BaseHttpServer.java:updateConnectorAddress(344)) - HTTP server of hddsDatanode listening at http://0.0.0.0:15124
2023-08-25 11:36:07,777 [main] INFO  ipc.CallQueueManager (CallQueueManager.java:<init>(90)) - Using callQueue: class java.util.concurrent.LinkedBlockingQueue, queueCapacity: 100, scheduler: class org.apache.hadoop.ipc.DefaultRpcScheduler, ipcBackoff: false.
2023-08-25 11:36:07,778 [main] INFO  ipc.Server (Server.java:<init>(1287)) - Listener at 0.0.0.0:15125
2023-08-25 11:36:07,778 [Socket Reader #1 for port 15125] INFO  ipc.Server (Server.java:run(1323)) - Starting Socket Reader #1 for port 15125
2023-08-25 11:36:07,783 [main] INFO  ozone.HddsDatanodeService (HddsDatanodeService.java:start(315)) - Datanode start with admins: [runner]
2023-08-25 11:36:07,784 [main] INFO  ozone.HddsDatanodeClientProtocolServer (HddsDatanodeClientProtocolServer.java:start(72)) - RPC server for Client /0.0.0.0:15125
2023-08-25 11:36:07,784 [IPC Server Responder] INFO  ipc.Server (Server.java:run(1562)) - IPC Server Responder: starting
2023-08-25 11:36:07,784 [Datanode State Machine Daemon Thread] INFO  statemachine.DatanodeStateMachine (DatanodeStateMachine.java:lambda$startDaemon$0(538)) - Ozone container server started.
2023-08-25 11:36:07,784 [main] WARN  impl.MetricRegistriesImpl (MetricRegistriesImpl.java:addReporterRegistration(111)) - New reporters are added after registries were created. Some metrics will be missing from the reporter. Please add reporter before adding any new registry.
2023-08-25 11:36:07,785 [main] WARN  impl.MetricRegistriesImpl (MetricRegistriesImpl.java:addReporterRegistration(111)) - New reporters are added after registries were created. Some metrics will be missing from the reporter. Please add reporter before adding any new registry.
2023-08-25 11:36:07,785 [main] INFO  impl.MetricsSystemImpl (MetricsSystemImpl.java:init(158)) - HddsDatanode metrics system started (again)
2023-08-25 11:36:07,789 [IPC Server listener on 15125] INFO  ipc.Server (Server.java:run(1402)) - IPC Server listener on 15125: starting
2023-08-25 11:36:07,800 [Datanode State Machine Task Thread - 0] INFO  datanode.InitDatanodeState (InitDatanodeState.java:persistContainerDatanodeDetails(138)) - DatanodeDetails is persisted to /home/runner/work/ozone/ozone/hadoop-ozone/integration-test/target/test-dir/MiniOzoneClusterImpl-9e80f0e6-d3ce-4c33-b1a3-32fa2c9dea98/datanode-1/meta/datanode.id
2023-08-25 11:36:07,806 [main] INFO  ozone.HddsDatanodeService (HddsDatanodeService.java:start(237)) - HddsDatanodeService host:fv-az508-118.q1hezrx03woe3mvmfegnvhq0ah.dx.internal.cloudapp.net ip:10.1.0.52
2023-08-25 11:36:07,829 [om1@group-C5BA1605619E-FollowerState] INFO  impl.FollowerState (FollowerState.java:run(143)) - om1@group-C5BA1605619E-FollowerState: change to CANDIDATE, lastRpcElapsedTime:1034784940ns, electionTimeout:1034ms
2023-08-25 11:36:07,829 [om1@group-C5BA1605619E-FollowerState] INFO  impl.RoleInfo (RoleInfo.java:shutdownFollowerState(110)) - om1: shutdown om1@group-C5BA1605619E-FollowerState
2023-08-25 11:36:07,829 [om1@group-C5BA1605619E-FollowerState] INFO  server.RaftServer$Division (RaftServerImpl.java:setRole(329)) - om1@group-C5BA1605619E: changes role from  FOLLOWER to CANDIDATE at term 0 for changeToCandidate
2023-08-25 11:36:07,829 [om1@group-C5BA1605619E-FollowerState] INFO  server.RaftServerConfigKeys (ConfUtils.java:logGet(46)) - raft.server.leaderelection.pre-vote = true (default)
2023-08-25 11:36:07,829 [om1@group-C5BA1605619E-FollowerState] INFO  impl.RoleInfo (RoleInfo.java:updateAndGet(139)) - om1: start om1@group-C5BA1605619E-LeaderElection20
2023-08-25 11:36:07,839 [om1@group-C5BA1605619E-LeaderElection20] INFO  impl.LeaderElection (LeaderElection.java:askForVotes(321)) - om1@group-C5BA1605619E-LeaderElection20 PRE_VOTE round 0: submit vote requests at term 0 for -1: peers:[om1|rpc:localhost:15113|priority:0|startupRole:FOLLOWER]|listeners:[], old=null
2023-08-25 11:36:07,839 [om1@group-C5BA1605619E-LeaderElection20] INFO  impl.LeaderElection (LeaderElection.java:askForVotes(323)) - om1@group-C5BA1605619E-LeaderElection20 PRE_VOTE round 0: result PASSED (term=0)
2023-08-25 11:36:07,842 [om1@group-C5BA1605619E-LeaderElection20] INFO  impl.LeaderElection (LeaderElection.java:askForVotes(321)) - om1@group-C5BA1605619E-LeaderElection20 ELECTION round 0: submit vote requests at term 1 for -1: peers:[om1|rpc:localhost:15113|priority:0|startupRole:FOLLOWER]|listeners:[], old=null
2023-08-25 11:36:07,842 [om1@group-C5BA1605619E-LeaderElection20] INFO  impl.LeaderElection (LeaderElection.java:askForVotes(323)) - om1@group-C5BA1605619E-LeaderElection20 ELECTION round 0: result PASSED (term=1)
2023-08-25 11:36:07,842 [om1@group-C5BA1605619E-LeaderElection20] INFO  impl.RoleInfo (RoleInfo.java:shutdownLeaderElection(130)) - om1: shutdown om1@group-C5BA1605619E-LeaderElection20
2023-08-25 11:36:07,842 [om1@group-C5BA1605619E-LeaderElection20] INFO  server.RaftServer$Division (RaftServerImpl.java:setRole(329)) - om1@group-C5BA1605619E: changes role from CANDIDATE to LEADER at term 1 for changeToLeader
2023-08-25 11:36:07,843 [om1@group-C5BA1605619E-LeaderElection20] INFO  server.RaftServer$Division (ServerState.java:setLeader(317)) - om1@group-C5BA1605619E: change Leader from null to om1 at term 1 for becomeLeader, leader elected after 1612ms
2023-08-25 11:36:07,843 [om1@group-C5BA1605619E-LeaderElection20] INFO  server.RaftServerConfigKeys (ConfUtils.java:logGet(46)) - raft.server.staging.catchup.gap = 1000 (default)
2023-08-25 11:36:07,843 [om1@group-C5BA1605619E-LeaderElection20] INFO  server.RaftServerConfigKeys (ConfUtils.java:logGet(46)) - raft.server.write.element-limit = 4096 (default)
2023-08-25 11:36:07,843 [om1@group-C5BA1605619E-LeaderElection20] INFO  server.RaftServerConfigKeys (ConfUtils.java:logGet(46)) - raft.server.write.byte-limit = 64MB (=67108864) (default)
2023-08-25 11:36:07,843 [om1@group-C5BA1605619E-LeaderElection20] INFO  server.RaftServerConfigKeys (ConfUtils.java:logGet(46)) - raft.server.watch.timeout = 10s (default)
2023-08-25 11:36:07,843 [om1@group-C5BA1605619E-LeaderElection20] INFO  server.RaftServerConfigKeys (ConfUtils.java:logGet(46)) - raft.server.watch.timeout.denomination = 1s (default)
2023-08-25 11:36:07,843 [om1@group-C5BA1605619E-LeaderElection20] INFO  server.RaftServerConfigKeys (ConfUtils.java:logGet(46)) - raft.server.watch.element-limit = 65536 (default)
2023-08-25 11:36:07,843 [om1@group-C5BA1605619E-LeaderElection20] INFO  server.RaftServerConfigKeys (ConfUtils.java:logGet(46)) - raft.server.write.element-limit = 4096 (default)
2023-08-25 11:36:07,844 [om1@group-C5BA1605619E-LeaderElection20] INFO  server.RaftServerConfigKeys (ConfUtils.java:logGet(46)) - raft.server.write.follower.gap.ratio.max = -1.0 (default)
2023-08-25 11:36:07,844 [main] INFO  upgrade.AbstractLayoutVersionManager (AbstractLayoutVersionManager.java:init(83)) - Initializing Layout version manager with metadata layout = HADOOP_PRC_PORTS_IN_DATANODEDETAILS (version = 7), software layout = HADOOP_PRC_PORTS_IN_DATANODEDETAILS (version = 7)
2023-08-25 11:36:07,844 [om1@group-C5BA1605619E-LeaderElection20] INFO  impl.RoleInfo (RoleInfo.java:updateAndGet(139)) - om1: start om1@group-C5BA1605619E-LeaderStateImpl
2023-08-25 11:36:07,844 [om1@group-C5BA1605619E-LeaderElection20] INFO  segmented.SegmentedRaftLogWorker (SegmentedRaftLogWorker.java:startLogSegment(447)) - om1@group-C5BA1605619E-SegmentedRaftLogWorker: Starting segment from index:0
2023-08-25 11:36:07,846 [main] INFO  statemachine.DatanodeStateMachine (DatanodeStateMachine.java:getEndPointTaskThreadPoolSize(282)) - Datanode State Machine Task Thread Pool size 2
2023-08-25 11:36:07,847 [main] INFO  volume.HddsVolume (HddsVolume.java:<init>(126)) - Creating HddsVolume: /home/runner/work/ozone/ozone/hadoop-ozone/integration-test/target/test-dir/MiniOzoneClusterImpl-9e80f0e6-d3ce-4c33-b1a3-32fa2c9dea98/datanode-2/data-0/containers/hdds of storage type : DISK capacity : 9223372036854775807
2023-08-25 11:36:07,848 [main] INFO  volume.MutableVolumeSet (MutableVolumeSet.java:initializeVolumeSet(173)) - Added Volume : /home/runner/work/ozone/ozone/hadoop-ozone/integration-test/target/test-dir/MiniOzoneClusterImpl-9e80f0e6-d3ce-4c33-b1a3-32fa2c9dea98/datanode-2/data-0/containers/hdds to VolumeSet
2023-08-25 11:36:07,849 [main] INFO  volume.MutableVolumeSet (MutableVolumeSet.java:initializeVolumeSet(173)) - Added Volume : /home/runner/work/ozone/ozone/hadoop-ozone/integration-test/target/test-dir/MiniOzoneClusterImpl-9e80f0e6-d3ce-4c33-b1a3-32fa2c9dea98/datanode-2/data/ratis to VolumeSet
2023-08-25 11:36:07,856 [Thread-1361] INFO  ozoneimpl.ContainerReader (ContainerReader.java:readVolume(177)) - Finish verifying containers on volume /home/runner/work/ozone/ozone/hadoop-ozone/integration-test/target/test-dir/MiniOzoneClusterImpl-9e80f0e6-d3ce-4c33-b1a3-32fa2c9dea98/datanode-2/data-0/containers/hdds
2023-08-25 11:36:07,858 [om1@group-C5BA1605619E-LeaderElection20] INFO  server.RaftServer$Division (ServerState.java:setRaftConf(434)) - om1@group-C5BA1605619E: set configuration 0: peers:[om1|rpc:localhost:15113|admin:|client:|dataStream:|priority:0|startupRole:FOLLOWER]|listeners:[], old=null
2023-08-25 11:36:07,858 [main] INFO  ozoneimpl.OzoneContainer (OzoneContainer.java:buildContainerSet(314)) - Build ContainerSet costs 0s
2023-08-25 11:36:07,864 [main] INFO  server.RaftServer (ConfUtils.java:logGet(46)) - raft.rpc.type = GRPC (default)
2023-08-25 11:36:07,864 [om1@group-C5BA1605619E-SegmentedRaftLogWorker] INFO  segmented.SegmentedRaftLogWorker (SegmentedRaftLogWorker.java:execute(651)) - om1@group-C5BA1605619E-SegmentedRaftLogWorker: created new log segment /home/runner/work/ozone/ozone/hadoop-ozone/integration-test/target/test-dir/MiniOzoneClusterImpl-9e80f0e6-d3ce-4c33-b1a3-32fa2c9dea98/ozone-meta/ratis/bf265839-605b-3f16-9796-c5ba1605619e/current/log_inprogress_0
2023-08-25 11:36:07,864 [main] INFO  grpc.GrpcConfigKeys (ConfUtils.java:logFallback(53)) - raft.grpc.admin.host = null (fallback to raft.grpc.server.host)
2023-08-25 11:36:07,864 [main] INFO  grpc.GrpcConfigKeys (ConfUtils.java:logGet(46)) - raft.grpc.admin.port = 15137 (custom)
2023-08-25 11:36:07,864 [main] INFO  grpc.GrpcConfigKeys (ConfUtils.java:logFallback(53)) - raft.grpc.client.host = null (fallback to raft.grpc.server.host)
2023-08-25 11:36:07,864 [main] INFO  grpc.GrpcConfigKeys (ConfUtils.java:logGet(46)) - raft.grpc.client.port = 15136 (custom)
2023-08-25 11:36:07,865 [main] INFO  grpc.GrpcConfigKeys (ConfUtils.java:logGet(46)) - raft.grpc.server.host = null (default)
2023-08-25 11:36:07,865 [main] INFO  grpc.GrpcConfigKeys (ConfUtils.java:logGet(46)) - raft.grpc.server.port = 15138 (custom)
2023-08-25 11:36:07,865 [main] INFO  server.GrpcService (ConfUtils.java:logGet(46)) - raft.grpc.message.size.max = 32MB (=33554432) (custom)
2023-08-25 11:36:07,865 [main] INFO  server.RaftServerConfigKeys (ConfUtils.java:logGet(46)) - raft.server.log.appender.buffer.byte-limit = 33554432 (custom)
2023-08-25 11:36:07,865 [main] INFO  server.GrpcService (ConfUtils.java:logGet(46)) - raft.grpc.flow.control.window = 5MB (=5242880) (custom)
2023-08-25 11:36:07,867 [main] INFO  server.RaftServerConfigKeys (ConfUtils.java:logGet(46)) - raft.server.rpc.request.timeout = 60s (custom)
2023-08-25 11:36:07,867 [main] INFO  grpc.GrpcConfigKeys (ConfUtils.java:logGet(46)) - raft.grpc.server.heartbeat.channel = true (default)
2023-08-25 11:36:07,867 [main] INFO  grpc.GrpcConfigKeys (ConfUtils.java:logGet(46)) - raft.grpc.server.async.request.thread.pool.cached = true (default)
2023-08-25 11:36:07,869 [om1@group-C5BA1605619E-StateMachineUpdater] INFO  ratis.OzoneManagerStateMachine (OzoneManagerStateMachine.java:notifyConfigurationChanged(202)) - Received Configuration change notification from Ratis. New Peer list:
[id: "om1"
address: "localhost:15113"
startupRole: FOLLOWER
]
2023-08-25 11:36:07,870 [main] INFO  grpc.GrpcConfigKeys (ConfUtils.java:logGet(46)) - raft.grpc.server.async.request.thread.pool.size = 32 (default)
2023-08-25 11:36:07,874 [main] INFO  impl.DataStreamServerImpl (ConfUtils.java:logGet(46)) - raft.datastream.type = NETTY (custom)
2023-08-25 11:36:07,874 [main] INFO  server.RaftServerConfigKeys (ConfUtils.java:logGet(46)) - raft.server.data-stream.async.request.thread.pool.cached = false (default)
2023-08-25 11:36:07,874 [main] INFO  server.RaftServerConfigKeys (ConfUtils.java:logGet(46)) - raft.server.data-stream.async.request.thread.pool.size = 20 (custom)
2023-08-25 11:36:07,875 [main] INFO  server.RaftServerConfigKeys (ConfUtils.java:logGet(46)) - raft.server.data-stream.async.write.thread.pool.size = 16 (default)
2023-08-25 11:36:07,877 [main] INFO  server.RaftServerConfigKeys (ConfUtils.java:logGet(46)) - raft.server.data-stream.client.pool.size = 10 (default)
2023-08-25 11:36:07,877 [main] INFO  netty.NettyConfigKeys$DataStream (ConfUtils.java:logGet(46)) - raft.netty.dataStream.server.use-epoll = false (default)
2023-08-25 11:36:07,877 [main] INFO  netty.NettyConfigKeys$DataStream (ConfUtils.java:logGet(46)) - raft.netty.dataStream.server.boss-group.size = 0 (default)
2023-08-25 11:36:07,878 [main] INFO  netty.NettyConfigKeys$DataStream (ConfUtils.java:logGet(46)) - raft.netty.dataStream.server.worker-group.size = 0 (default)
2023-08-25 11:36:07,879 [main] INFO  netty.NettyConfigKeys$DataStream (ConfUtils.java:logGet(46)) - raft.netty.dataStream.server.tls.conf = null (default)
2023-08-25 11:36:07,879 [main] INFO  netty.NettyConfigKeys$DataStream (ConfUtils.java:logGet(46)) - raft.netty.dataStream.host = null (default)
2023-08-25 11:36:07,879 [main] INFO  netty.NettyConfigKeys$DataStream (ConfUtils.java:logGet(46)) - raft.netty.dataStream.port = 15139 (custom)
2023-08-25 11:36:07,881 [main] INFO  server.RaftServerConfigKeys (ConfUtils.java:logGet(46)) - raft.server.threadpool.proxy.cached = true (default)
2023-08-25 11:36:07,881 [main] INFO  server.RaftServerConfigKeys (ConfUtils.java:logGet(46)) - raft.server.threadpool.proxy.size = 0 (default)
2023-08-25 11:36:07,882 [c6e0d301-09b2-4368-8fbf-181ce26f0a67-NettyServerStreamRpc-bossGroup--thread1] INFO  logging.LoggingHandler (AbstractInternalLogger.java:log(148)) - [id: 0xc636644d] REGISTERED
2023-08-25 11:36:07,884 [c6e0d301-09b2-4368-8fbf-181ce26f0a67-NettyServerStreamRpc-bossGroup--thread1] INFO  logging.LoggingHandler (AbstractInternalLogger.java:log(148)) - [id: 0xc636644d] BIND: 0.0.0.0/0.0.0.0:15139
2023-08-25 11:36:07,884 [c6e0d301-09b2-4368-8fbf-181ce26f0a67-NettyServerStreamRpc-bossGroup--thread1] INFO  logging.LoggingHandler (AbstractInternalLogger.java:log(148)) - [id: 0xc636644d, L:/0:0:0:0:0:0:0:0:15139] ACTIVE
2023-08-25 11:36:07,882 [main] INFO  server.RaftServerConfigKeys (ConfUtils.java:logGet(46)) - raft.server.rpc.slowness.timeout = 300s (custom)
2023-08-25 11:36:07,885 [main] INFO  server.RaftServerConfigKeys (ConfUtils.java:logGet(46)) - raft.server.leaderelection.leader.step-down.wait-time = 10s (default)
2023-08-25 11:36:07,885 [main] INFO  server.RaftServerConfigKeys (ConfUtils.java:logGet(46)) - raft.server.storage.dir = [/home/runner/work/ozone/ozone/hadoop-ozone/integration-test/target/test-dir/MiniOzoneClusterImpl-9e80f0e6-d3ce-4c33-b1a3-32fa2c9dea98/datanode-2/data/ratis] (custom)
2023-08-25 11:36:07,886 [c6e0d301-09b2-4368-8fbf-181ce26f0a67-impl-thread1] INFO  server.RaftServer (RaftServerProxy.java:initGroupDir(258)) - c6e0d301-09b2-4368-8fbf-181ce26f0a67: found a subdirectory /home/runner/work/ozone/ozone/hadoop-ozone/integration-test/target/test-dir/MiniOzoneClusterImpl-9e80f0e6-d3ce-4c33-b1a3-32fa2c9dea98/datanode-2/data/ratis/tmp
2023-08-25 11:36:07,886 [c6e0d301-09b2-4368-8fbf-181ce26f0a67-impl-thread1] INFO  server.RaftServer (RaftServerProxy.java:initGroupDir(263)) - c6e0d301-09b2-4368-8fbf-181ce26f0a67: The directory /home/runner/work/ozone/ozone/hadoop-ozone/integration-test/target/test-dir/MiniOzoneClusterImpl-9e80f0e6-d3ce-4c33-b1a3-32fa2c9dea98/datanode-2/data/ratis/tmp is not a group directory; ignoring it. 
2023-08-25 11:36:07,886 [main] INFO  replication.ReplicationServer (ReplicationServer.java:<init>(81)) - Initializing replication server with thread count = 10
2023-08-25 11:36:07,888 [main] INFO  server.XceiverServerGrpc (XceiverServerGrpc.java:<init>(132)) - GrpcServer channel type EpollServerSocketChannel
2023-08-25 11:36:07,891 [main] INFO  replication.ReplicationSupervisor (ReplicationSupervisor.java:build(155)) - Initializing replication supervisor with thread count = 10
2023-08-25 11:36:07,891 [main] INFO  replication.ReplicationSupervisor (ReplicationSupervisor.java:nodeStateUpdated(307)) - Node state updated to IN_SERVICE, scaling executor pool size to 10
2023-08-25 11:36:07,895 [main] INFO  http.BaseHttpServer (BaseHttpServer.java:newHttpServer2BuilderForOzone(224)) - Starting Web-server for hddsDatanode at: http://0.0.0.0:15133
2023-08-25 11:36:07,895 [main] INFO  http.BaseHttpServer (BaseHttpServer.java:<init>(111)) - Hadoop Security Enabled: false Ozone Security Enabled: false Ozone HTTP Security Enabled: false 
2023-08-25 11:36:07,896 [main] WARN  server.AuthenticationFilter (AuthenticationFilter.java:constructSecretProvider(240)) - Unable to initialize FileSignerSecretProvider, falling back to use random secrets. Reason: Could not read signature secret file: /home/runner/hadoop-http-auth-signature-secret
2023-08-25 11:36:07,900 [main] INFO  http.HttpRequestLog (HttpRequestLog.java:getRequestLog(86)) - Http request log for http.requests.hddsDatanode is not defined
2023-08-25 11:36:07,902 [main] INFO  http.HttpServer2 (HttpServer2.java:addGlobalFilter(1031)) - Added global filter 'safety' (class=org.apache.hadoop.hdds.server.http.HttpServer2$QuotingInputFilter)
2023-08-25 11:36:07,902 [main] INFO  http.HttpServer2 (HttpServer2.java:addFilter(1007)) - Added filter static_user_filter (class=org.apache.hadoop.http.lib.StaticUserWebFilter$StaticUserFilter) to context hddsDatanode
2023-08-25 11:36:07,903 [main] INFO  http.HttpServer2 (HttpServer2.java:addFilter(1015)) - Added filter static_user_filter (class=org.apache.hadoop.http.lib.StaticUserWebFilter$StaticUserFilter) to context logs
2023-08-25 11:36:07,903 [main] INFO  http.HttpServer2 (HttpServer2.java:addFilter(1015)) - Added filter static_user_filter (class=org.apache.hadoop.http.lib.StaticUserWebFilter$StaticUserFilter) to context static
2023-08-25 11:36:07,903 [main] INFO  http.BaseHttpServer (BaseHttpServer.java:<init>(190)) - HTTP server of hddsDatanode uses base directory /home/runner/work/ozone/ozone/hadoop-ozone/integration-test/target/test-dir/MiniOzoneClusterImpl-9e80f0e6-d3ce-4c33-b1a3-32fa2c9dea98/datanode-2/meta/webserver
2023-08-25 11:36:07,904 [main] INFO  http.HttpServer2 (HttpServer2.java:bindListener(1250)) - Jetty bound to port 15133
2023-08-25 11:36:07,904 [main] INFO  server.Server (Server.java:doStart(375)) - jetty-9.4.51.v20230217; built: 2023-02-17T08:19:37.309Z; git: b45c405e4544384de066f814ed42ae3dceacdd49; jvm 1.8.0_382-b05
2023-08-25 11:36:07,906 [main] INFO  server.session (DefaultSessionIdManager.java:doStart(334)) - DefaultSessionIdManager workerName=node0
2023-08-25 11:36:07,907 [main] INFO  server.session (DefaultSessionIdManager.java:doStart(339)) - No SessionScavenger set, using defaults
2023-08-25 11:36:07,907 [main] INFO  server.session (HouseKeeper.java:startScavenging(132)) - node0 Scavenging every 600000ms
2023-08-25 11:36:07,907 [main] INFO  handler.ContextHandler (ContextHandler.java:doStart(921)) - Started o.e.j.s.ServletContextHandler@364cf84e{logs,/logs,file:///home/runner/work/ozone/ozone/hadoop-ozone/integration-test/target/log,AVAILABLE}
2023-08-25 11:36:07,908 [main] INFO  handler.ContextHandler (ContextHandler.java:doStart(921)) - Started o.e.j.s.ServletContextHandler@38cc8baa{static,/static,jar:file:/home/runner/.m2/repository/org/apache/ozone/hdds-container-service/1.4.0-SNAPSHOT/hdds-container-service-1.4.0-SNAPSHOT.jar!/webapps/static,AVAILABLE}
2023-08-25 11:36:08,171 [main] INFO  handler.ContextHandler (ContextHandler.java:doStart(921)) - Started o.e.j.w.WebAppContext@7c6ff21b{hddsDatanode,/,file:///home/runner/work/ozone/ozone/hadoop-ozone/integration-test/target/test-dir/MiniOzoneClusterImpl-9e80f0e6-d3ce-4c33-b1a3-32fa2c9dea98/datanode-2/meta/webserver/jetty-0_0_0_0-15133-hdds-container-service-1_4_0-SNAPSHOT_jar-_-any-9121213532724184269/webapp/,AVAILABLE}{jar:file:/home/runner/.m2/repository/org/apache/ozone/hdds-container-service/1.4.0-SNAPSHOT/hdds-container-service-1.4.0-SNAPSHOT.jar!/webapps/hddsDatanode}
2023-08-25 11:36:08,173 [main] INFO  server.AbstractConnector (AbstractConnector.java:doStart(333)) - Started ServerConnector@76bbb392{HTTP/1.1, (http/1.1)}{0.0.0.0:15133}
2023-08-25 11:36:08,174 [main] INFO  server.Server (Server.java:doStart(415)) - Started @218502ms
2023-08-25 11:36:08,174 [main] WARN  impl.MetricsSystemImpl (MetricsSystemImpl.java:register(279)) - Sink prometheus already exists!
2023-08-25 11:36:08,175 [main] INFO  http.BaseHttpServer (BaseHttpServer.java:updateConnectorAddress(344)) - HTTP server of hddsDatanode listening at http://0.0.0.0:15133
2023-08-25 11:36:08,175 [main] INFO  ipc.CallQueueManager (CallQueueManager.java:<init>(90)) - Using callQueue: class java.util.concurrent.LinkedBlockingQueue, queueCapacity: 100, scheduler: class org.apache.hadoop.ipc.DefaultRpcScheduler, ipcBackoff: false.
2023-08-25 11:36:08,175 [main] INFO  ipc.Server (Server.java:<init>(1287)) - Listener at 0.0.0.0:15134
2023-08-25 11:36:08,176 [Socket Reader #1 for port 15134] INFO  ipc.Server (Server.java:run(1323)) - Starting Socket Reader #1 for port 15134
2023-08-25 11:36:08,180 [main] INFO  ozone.HddsDatanodeService (HddsDatanodeService.java:start(315)) - Datanode start with admins: [runner]
2023-08-25 11:36:08,180 [main] INFO  ozone.HddsDatanodeClientProtocolServer (HddsDatanodeClientProtocolServer.java:start(72)) - RPC server for Client /0.0.0.0:15134
2023-08-25 11:36:08,181 [IPC Server Responder] INFO  ipc.Server (Server.java:run(1562)) - IPC Server Responder: starting
2023-08-25 11:36:08,181 [IPC Server listener on 15134] INFO  ipc.Server (Server.java:run(1402)) - IPC Server listener on 15134: starting
2023-08-25 11:36:08,183 [Datanode State Machine Daemon Thread] INFO  statemachine.DatanodeStateMachine (DatanodeStateMachine.java:lambda$startDaemon$0(538)) - Ozone container server started.
2023-08-25 11:36:08,183 [main] WARN  impl.MetricRegistriesImpl (MetricRegistriesImpl.java:addReporterRegistration(111)) - New reporters are added after registries were created. Some metrics will be missing from the reporter. Please add reporter before adding any new registry.
2023-08-25 11:36:08,186 [main] WARN  impl.MetricRegistriesImpl (MetricRegistriesImpl.java:addReporterRegistration(111)) - New reporters are added after registries were created. Some metrics will be missing from the reporter. Please add reporter before adding any new registry.
2023-08-25 11:36:08,186 [main] INFO  impl.MetricsSystemImpl (MetricsSystemImpl.java:init(158)) - HddsDatanode metrics system started (again)
2023-08-25 11:36:08,201 [main] INFO  ozone.HddsDatanodeService (HddsDatanodeService.java:start(237)) - HddsDatanodeService host:fv-az508-118.q1hezrx03woe3mvmfegnvhq0ah.dx.internal.cloudapp.net ip:10.1.0.52
2023-08-25 11:36:08,213 [Datanode State Machine Task Thread - 0] INFO  datanode.InitDatanodeState (InitDatanodeState.java:persistContainerDatanodeDetails(138)) - DatanodeDetails is persisted to /home/runner/work/ozone/ozone/hadoop-ozone/integration-test/target/test-dir/MiniOzoneClusterImpl-9e80f0e6-d3ce-4c33-b1a3-32fa2c9dea98/datanode-2/meta/datanode.id
2023-08-25 11:36:08,241 [main] INFO  upgrade.AbstractLayoutVersionManager (AbstractLayoutVersionManager.java:init(83)) - Initializing Layout version manager with metadata layout = HADOOP_PRC_PORTS_IN_DATANODEDETAILS (version = 7), software layout = HADOOP_PRC_PORTS_IN_DATANODEDETAILS (version = 7)
2023-08-25 11:36:08,242 [main] INFO  statemachine.DatanodeStateMachine (DatanodeStateMachine.java:getEndPointTaskThreadPoolSize(282)) - Datanode State Machine Task Thread Pool size 2
2023-08-25 11:36:08,244 [main] INFO  volume.HddsVolume (HddsVolume.java:<init>(126)) - Creating HddsVolume: /home/runner/work/ozone/ozone/hadoop-ozone/integration-test/target/test-dir/MiniOzoneClusterImpl-9e80f0e6-d3ce-4c33-b1a3-32fa2c9dea98/datanode-3/data-0/containers/hdds of storage type : DISK capacity : 9223372036854775807
2023-08-25 11:36:08,244 [main] INFO  volume.MutableVolumeSet (MutableVolumeSet.java:initializeVolumeSet(173)) - Added Volume : /home/runner/work/ozone/ozone/hadoop-ozone/integration-test/target/test-dir/MiniOzoneClusterImpl-9e80f0e6-d3ce-4c33-b1a3-32fa2c9dea98/datanode-3/data-0/containers/hdds to VolumeSet
2023-08-25 11:36:08,245 [main] INFO  volume.MutableVolumeSet (MutableVolumeSet.java:initializeVolumeSet(173)) - Added Volume : /home/runner/work/ozone/ozone/hadoop-ozone/integration-test/target/test-dir/MiniOzoneClusterImpl-9e80f0e6-d3ce-4c33-b1a3-32fa2c9dea98/datanode-3/data/ratis to VolumeSet
2023-08-25 11:36:08,246 [Thread-1378] INFO  ozoneimpl.ContainerReader (ContainerReader.java:readVolume(177)) - Finish verifying containers on volume /home/runner/work/ozone/ozone/hadoop-ozone/integration-test/target/test-dir/MiniOzoneClusterImpl-9e80f0e6-d3ce-4c33-b1a3-32fa2c9dea98/datanode-3/data-0/containers/hdds
2023-08-25 11:36:08,246 [main] INFO  ozoneimpl.OzoneContainer (OzoneContainer.java:buildContainerSet(314)) - Build ContainerSet costs 0s
2023-08-25 11:36:08,248 [main] INFO  server.RaftServer (ConfUtils.java:logGet(46)) - raft.rpc.type = GRPC (default)
2023-08-25 11:36:08,248 [main] INFO  grpc.GrpcConfigKeys (ConfUtils.java:logFallback(53)) - raft.grpc.admin.host = null (fallback to raft.grpc.server.host)
2023-08-25 11:36:08,249 [main] INFO  grpc.GrpcConfigKeys (ConfUtils.java:logGet(46)) - raft.grpc.admin.port = 15146 (custom)
2023-08-25 11:36:08,249 [main] INFO  grpc.GrpcConfigKeys (ConfUtils.java:logFallback(53)) - raft.grpc.client.host = null (fallback to raft.grpc.server.host)
2023-08-25 11:36:08,249 [main] INFO  grpc.GrpcConfigKeys (ConfUtils.java:logGet(46)) - raft.grpc.client.port = 15145 (custom)
2023-08-25 11:36:08,249 [main] INFO  grpc.GrpcConfigKeys (ConfUtils.java:logGet(46)) - raft.grpc.server.host = null (default)
2023-08-25 11:36:08,249 [main] INFO  grpc.GrpcConfigKeys (ConfUtils.java:logGet(46)) - raft.grpc.server.port = 15147 (custom)
2023-08-25 11:36:08,249 [main] INFO  server.GrpcService (ConfUtils.java:logGet(46)) - raft.grpc.message.size.max = 32MB (=33554432) (custom)
2023-08-25 11:36:08,249 [main] INFO  server.RaftServerConfigKeys (ConfUtils.java:logGet(46)) - raft.server.log.appender.buffer.byte-limit = 33554432 (custom)
2023-08-25 11:36:08,250 [main] INFO  server.GrpcService (ConfUtils.java:logGet(46)) - raft.grpc.flow.control.window = 5MB (=5242880) (custom)
2023-08-25 11:36:08,250 [main] INFO  server.RaftServerConfigKeys (ConfUtils.java:logGet(46)) - raft.server.rpc.request.timeout = 60s (custom)
2023-08-25 11:36:08,250 [main] INFO  grpc.GrpcConfigKeys (ConfUtils.java:logGet(46)) - raft.grpc.server.heartbeat.channel = true (default)
2023-08-25 11:36:08,250 [main] INFO  grpc.GrpcConfigKeys (ConfUtils.java:logGet(46)) - raft.grpc.server.async.request.thread.pool.cached = true (default)
2023-08-25 11:36:08,250 [main] INFO  grpc.GrpcConfigKeys (ConfUtils.java:logGet(46)) - raft.grpc.server.async.request.thread.pool.size = 32 (default)
2023-08-25 11:36:08,253 [main] INFO  impl.DataStreamServerImpl (ConfUtils.java:logGet(46)) - raft.datastream.type = NETTY (custom)
2023-08-25 11:36:08,254 [main] INFO  server.RaftServerConfigKeys (ConfUtils.java:logGet(46)) - raft.server.data-stream.async.request.thread.pool.cached = false (default)
2023-08-25 11:36:08,254 [main] INFO  server.RaftServerConfigKeys (ConfUtils.java:logGet(46)) - raft.server.data-stream.async.request.thread.pool.size = 20 (custom)
2023-08-25 11:36:08,255 [main] INFO  server.RaftServerConfigKeys (ConfUtils.java:logGet(46)) - raft.server.data-stream.async.write.thread.pool.size = 16 (default)
2023-08-25 11:36:08,255 [main] INFO  server.RaftServerConfigKeys (ConfUtils.java:logGet(46)) - raft.server.data-stream.client.pool.size = 10 (default)
2023-08-25 11:36:08,255 [main] INFO  netty.NettyConfigKeys$DataStream (ConfUtils.java:logGet(46)) - raft.netty.dataStream.server.use-epoll = false (default)
2023-08-25 11:36:08,255 [main] INFO  netty.NettyConfigKeys$DataStream (ConfUtils.java:logGet(46)) - raft.netty.dataStream.server.boss-group.size = 0 (default)
2023-08-25 11:36:08,255 [main] INFO  netty.NettyConfigKeys$DataStream (ConfUtils.java:logGet(46)) - raft.netty.dataStream.server.worker-group.size = 0 (default)
2023-08-25 11:36:08,256 [main] INFO  netty.NettyConfigKeys$DataStream (ConfUtils.java:logGet(46)) - raft.netty.dataStream.server.tls.conf = null (default)
2023-08-25 11:36:08,256 [main] INFO  netty.NettyConfigKeys$DataStream (ConfUtils.java:logGet(46)) - raft.netty.dataStream.host = null (default)
2023-08-25 11:36:08,256 [main] INFO  netty.NettyConfigKeys$DataStream (ConfUtils.java:logGet(46)) - raft.netty.dataStream.port = 15148 (custom)
2023-08-25 11:36:08,257 [main] INFO  server.RaftServerConfigKeys (ConfUtils.java:logGet(46)) - raft.server.threadpool.proxy.cached = true (default)
2023-08-25 11:36:08,257 [main] INFO  server.RaftServerConfigKeys (ConfUtils.java:logGet(46)) - raft.server.threadpool.proxy.size = 0 (default)
2023-08-25 11:36:08,257 [main] INFO  server.RaftServerConfigKeys (ConfUtils.java:logGet(46)) - raft.server.rpc.slowness.timeout = 300s (custom)
2023-08-25 11:36:08,257 [main] INFO  server.RaftServerConfigKeys (ConfUtils.java:logGet(46)) - raft.server.leaderelection.leader.step-down.wait-time = 10s (default)
2023-08-25 11:36:08,257 [main] INFO  server.RaftServerConfigKeys (ConfUtils.java:logGet(46)) - raft.server.storage.dir = [/home/runner/work/ozone/ozone/hadoop-ozone/integration-test/target/test-dir/MiniOzoneClusterImpl-9e80f0e6-d3ce-4c33-b1a3-32fa2c9dea98/datanode-3/data/ratis] (custom)
2023-08-25 11:36:08,258 [8d6e1dbb-3941-4a04-b7a8-0c911dee3672-impl-thread1] INFO  server.RaftServer (RaftServerProxy.java:initGroupDir(258)) - 8d6e1dbb-3941-4a04-b7a8-0c911dee3672: found a subdirectory /home/runner/work/ozone/ozone/hadoop-ozone/integration-test/target/test-dir/MiniOzoneClusterImpl-9e80f0e6-d3ce-4c33-b1a3-32fa2c9dea98/datanode-3/data/ratis/tmp
2023-08-25 11:36:08,258 [8d6e1dbb-3941-4a04-b7a8-0c911dee3672-NettyServerStreamRpc-bossGroup--thread1] INFO  logging.LoggingHandler (AbstractInternalLogger.java:log(148)) - [id: 0x1d49da55] REGISTERED
2023-08-25 11:36:08,258 [8d6e1dbb-3941-4a04-b7a8-0c911dee3672-NettyServerStreamRpc-bossGroup--thread1] INFO  logging.LoggingHandler (AbstractInternalLogger.java:log(148)) - [id: 0x1d49da55] BIND: 0.0.0.0/0.0.0.0:15148
2023-08-25 11:36:08,259 [8d6e1dbb-3941-4a04-b7a8-0c911dee3672-NettyServerStreamRpc-bossGroup--thread1] INFO  logging.LoggingHandler (AbstractInternalLogger.java:log(148)) - [id: 0x1d49da55, L:/0:0:0:0:0:0:0:0:15148] ACTIVE
2023-08-25 11:36:08,259 [8d6e1dbb-3941-4a04-b7a8-0c911dee3672-impl-thread1] INFO  server.RaftServer (RaftServerProxy.java:initGroupDir(263)) - 8d6e1dbb-3941-4a04-b7a8-0c911dee3672: The directory /home/runner/work/ozone/ozone/hadoop-ozone/integration-test/target/test-dir/MiniOzoneClusterImpl-9e80f0e6-d3ce-4c33-b1a3-32fa2c9dea98/datanode-3/data/ratis/tmp is not a group directory; ignoring it. 
2023-08-25 11:36:08,259 [main] INFO  replication.ReplicationServer (ReplicationServer.java:<init>(81)) - Initializing replication server with thread count = 10
2023-08-25 11:36:08,261 [main] INFO  server.XceiverServerGrpc (XceiverServerGrpc.java:<init>(132)) - GrpcServer channel type EpollServerSocketChannel
2023-08-25 11:36:08,263 [main] INFO  replication.ReplicationSupervisor (ReplicationSupervisor.java:build(155)) - Initializing replication supervisor with thread count = 10
2023-08-25 11:36:08,263 [main] INFO  replication.ReplicationSupervisor (ReplicationSupervisor.java:nodeStateUpdated(307)) - Node state updated to IN_SERVICE, scaling executor pool size to 10
2023-08-25 11:36:08,267 [main] INFO  http.BaseHttpServer (BaseHttpServer.java:newHttpServer2BuilderForOzone(224)) - Starting Web-server for hddsDatanode at: http://0.0.0.0:15142
2023-08-25 11:36:08,267 [main] INFO  http.BaseHttpServer (BaseHttpServer.java:<init>(111)) - Hadoop Security Enabled: false Ozone Security Enabled: false Ozone HTTP Security Enabled: false 
2023-08-25 11:36:08,272 [main] WARN  server.AuthenticationFilter (AuthenticationFilter.java:constructSecretProvider(240)) - Unable to initialize FileSignerSecretProvider, falling back to use random secrets. Reason: Could not read signature secret file: /home/runner/hadoop-http-auth-signature-secret
2023-08-25 11:36:08,274 [main] INFO  http.HttpRequestLog (HttpRequestLog.java:getRequestLog(86)) - Http request log for http.requests.hddsDatanode is not defined
2023-08-25 11:36:08,275 [main] INFO  http.HttpServer2 (HttpServer2.java:addGlobalFilter(1031)) - Added global filter 'safety' (class=org.apache.hadoop.hdds.server.http.HttpServer2$QuotingInputFilter)
2023-08-25 11:36:08,276 [main] INFO  http.HttpServer2 (HttpServer2.java:addFilter(1007)) - Added filter static_user_filter (class=org.apache.hadoop.http.lib.StaticUserWebFilter$StaticUserFilter) to context hddsDatanode
2023-08-25 11:36:08,276 [main] INFO  http.HttpServer2 (HttpServer2.java:addFilter(1015)) - Added filter static_user_filter (class=org.apache.hadoop.http.lib.StaticUserWebFilter$StaticUserFilter) to context logs
2023-08-25 11:36:08,276 [main] INFO  http.HttpServer2 (HttpServer2.java:addFilter(1015)) - Added filter static_user_filter (class=org.apache.hadoop.http.lib.StaticUserWebFilter$StaticUserFilter) to context static
2023-08-25 11:36:08,277 [main] INFO  http.BaseHttpServer (BaseHttpServer.java:<init>(190)) - HTTP server of hddsDatanode uses base directory /home/runner/work/ozone/ozone/hadoop-ozone/integration-test/target/test-dir/MiniOzoneClusterImpl-9e80f0e6-d3ce-4c33-b1a3-32fa2c9dea98/datanode-3/meta/webserver
2023-08-25 11:36:08,277 [main] INFO  http.HttpServer2 (HttpServer2.java:bindListener(1250)) - Jetty bound to port 15142
2023-08-25 11:36:08,277 [main] INFO  server.Server (Server.java:doStart(375)) - jetty-9.4.51.v20230217; built: 2023-02-17T08:19:37.309Z; git: b45c405e4544384de066f814ed42ae3dceacdd49; jvm 1.8.0_382-b05
2023-08-25 11:36:08,279 [main] INFO  server.session (DefaultSessionIdManager.java:doStart(334)) - DefaultSessionIdManager workerName=node0
2023-08-25 11:36:08,279 [main] INFO  server.session (DefaultSessionIdManager.java:doStart(339)) - No SessionScavenger set, using defaults
2023-08-25 11:36:08,281 [main] INFO  server.session (HouseKeeper.java:startScavenging(132)) - node0 Scavenging every 600000ms
2023-08-25 11:36:08,282 [main] INFO  handler.ContextHandler (ContextHandler.java:doStart(921)) - Started o.e.j.s.ServletContextHandler@443ca53a{logs,/logs,file:///home/runner/work/ozone/ozone/hadoop-ozone/integration-test/target/log,AVAILABLE}
2023-08-25 11:36:08,283 [main] INFO  handler.ContextHandler (ContextHandler.java:doStart(921)) - Started o.e.j.s.ServletContextHandler@2c76c4f{static,/static,jar:file:/home/runner/.m2/repository/org/apache/ozone/hdds-container-service/1.4.0-SNAPSHOT/hdds-container-service-1.4.0-SNAPSHOT.jar!/webapps/static,AVAILABLE}
2023-08-25 11:36:08,547 [main] INFO  handler.ContextHandler (ContextHandler.java:doStart(921)) - Started o.e.j.w.WebAppContext@6f6e50ce{hddsDatanode,/,file:///home/runner/work/ozone/ozone/hadoop-ozone/integration-test/target/test-dir/MiniOzoneClusterImpl-9e80f0e6-d3ce-4c33-b1a3-32fa2c9dea98/datanode-3/meta/webserver/jetty-0_0_0_0-15142-hdds-container-service-1_4_0-SNAPSHOT_jar-_-any-6970725655270551251/webapp/,AVAILABLE}{jar:file:/home/runner/.m2/repository/org/apache/ozone/hdds-container-service/1.4.0-SNAPSHOT/hdds-container-service-1.4.0-SNAPSHOT.jar!/webapps/hddsDatanode}
2023-08-25 11:36:08,552 [main] INFO  server.AbstractConnector (AbstractConnector.java:doStart(333)) - Started ServerConnector@3454f039{HTTP/1.1, (http/1.1)}{0.0.0.0:15142}
2023-08-25 11:36:08,552 [main] INFO  server.Server (Server.java:doStart(415)) - Started @218880ms
2023-08-25 11:36:08,552 [main] WARN  impl.MetricsSystemImpl (MetricsSystemImpl.java:register(279)) - Sink prometheus already exists!
2023-08-25 11:36:08,553 [main] INFO  http.BaseHttpServer (BaseHttpServer.java:updateConnectorAddress(344)) - HTTP server of hddsDatanode listening at http://0.0.0.0:15142
2023-08-25 11:36:08,553 [main] INFO  ipc.CallQueueManager (CallQueueManager.java:<init>(90)) - Using callQueue: class java.util.concurrent.LinkedBlockingQueue, queueCapacity: 100, scheduler: class org.apache.hadoop.ipc.DefaultRpcScheduler, ipcBackoff: false.
2023-08-25 11:36:08,554 [main] INFO  ipc.Server (Server.java:<init>(1287)) - Listener at 0.0.0.0:15143
2023-08-25 11:36:08,554 [Socket Reader #1 for port 15143] INFO  ipc.Server (Server.java:run(1323)) - Starting Socket Reader #1 for port 15143
2023-08-25 11:36:08,561 [main] INFO  ozone.HddsDatanodeService (HddsDatanodeService.java:start(315)) - Datanode start with admins: [runner]
2023-08-25 11:36:08,561 [main] INFO  ozone.HddsDatanodeClientProtocolServer (HddsDatanodeClientProtocolServer.java:start(72)) - RPC server for Client /0.0.0.0:15143
2023-08-25 11:36:08,561 [IPC Server Responder] INFO  ipc.Server (Server.java:run(1562)) - IPC Server Responder: starting
2023-08-25 11:36:08,561 [IPC Server listener on 15143] INFO  ipc.Server (Server.java:run(1402)) - IPC Server listener on 15143: starting
2023-08-25 11:36:08,562 [Datanode State Machine Daemon Thread] INFO  statemachine.DatanodeStateMachine (DatanodeStateMachine.java:lambda$startDaemon$0(538)) - Ozone container server started.
2023-08-25 11:36:08,562 [main] WARN  impl.MetricRegistriesImpl (MetricRegistriesImpl.java:addReporterRegistration(111)) - New reporters are added after registries were created. Some metrics will be missing from the reporter. Please add reporter before adding any new registry.
2023-08-25 11:36:08,563 [main] WARN  impl.MetricRegistriesImpl (MetricRegistriesImpl.java:addReporterRegistration(111)) - New reporters are added after registries were created. Some metrics will be missing from the reporter. Please add reporter before adding any new registry.
2023-08-25 11:36:08,563 [main] INFO  impl.MetricsSystemImpl (MetricsSystemImpl.java:init(158)) - HddsDatanode metrics system started (again)
2023-08-25 11:36:08,579 [main] INFO  ozone.HddsDatanodeService (HddsDatanodeService.java:start(237)) - HddsDatanodeService host:fv-az508-118.q1hezrx03woe3mvmfegnvhq0ah.dx.internal.cloudapp.net ip:10.1.0.52
2023-08-25 11:36:08,589 [Datanode State Machine Task Thread - 0] INFO  datanode.InitDatanodeState (InitDatanodeState.java:persistContainerDatanodeDetails(138)) - DatanodeDetails is persisted to /home/runner/work/ozone/ozone/hadoop-ozone/integration-test/target/test-dir/MiniOzoneClusterImpl-9e80f0e6-d3ce-4c33-b1a3-32fa2c9dea98/datanode-3/meta/datanode.id
2023-08-25 11:36:08,622 [main] INFO  upgrade.AbstractLayoutVersionManager (AbstractLayoutVersionManager.java:init(83)) - Initializing Layout version manager with metadata layout = HADOOP_PRC_PORTS_IN_DATANODEDETAILS (version = 7), software layout = HADOOP_PRC_PORTS_IN_DATANODEDETAILS (version = 7)
2023-08-25 11:36:08,623 [main] INFO  statemachine.DatanodeStateMachine (DatanodeStateMachine.java:getEndPointTaskThreadPoolSize(282)) - Datanode State Machine Task Thread Pool size 2
2023-08-25 11:36:08,625 [main] INFO  volume.HddsVolume (HddsVolume.java:<init>(126)) - Creating HddsVolume: /home/runner/work/ozone/ozone/hadoop-ozone/integration-test/target/test-dir/MiniOzoneClusterImpl-9e80f0e6-d3ce-4c33-b1a3-32fa2c9dea98/datanode-4/data-0/containers/hdds of storage type : DISK capacity : 9223372036854775807
2023-08-25 11:36:08,625 [main] INFO  volume.MutableVolumeSet (MutableVolumeSet.java:initializeVolumeSet(173)) - Added Volume : /home/runner/work/ozone/ozone/hadoop-ozone/integration-test/target/test-dir/MiniOzoneClusterImpl-9e80f0e6-d3ce-4c33-b1a3-32fa2c9dea98/datanode-4/data-0/containers/hdds to VolumeSet
2023-08-25 11:36:08,626 [main] INFO  volume.MutableVolumeSet (MutableVolumeSet.java:initializeVolumeSet(173)) - Added Volume : /home/runner/work/ozone/ozone/hadoop-ozone/integration-test/target/test-dir/MiniOzoneClusterImpl-9e80f0e6-d3ce-4c33-b1a3-32fa2c9dea98/datanode-4/data/ratis to VolumeSet
2023-08-25 11:36:08,627 [Thread-1395] INFO  ozoneimpl.ContainerReader (ContainerReader.java:readVolume(177)) - Finish verifying containers on volume /home/runner/work/ozone/ozone/hadoop-ozone/integration-test/target/test-dir/MiniOzoneClusterImpl-9e80f0e6-d3ce-4c33-b1a3-32fa2c9dea98/datanode-4/data-0/containers/hdds
2023-08-25 11:36:08,627 [main] INFO  ozoneimpl.OzoneContainer (OzoneContainer.java:buildContainerSet(314)) - Build ContainerSet costs 0s
2023-08-25 11:36:08,629 [main] INFO  server.RaftServer (ConfUtils.java:logGet(46)) - raft.rpc.type = GRPC (default)
2023-08-25 11:36:08,629 [main] INFO  grpc.GrpcConfigKeys (ConfUtils.java:logFallback(53)) - raft.grpc.admin.host = null (fallback to raft.grpc.server.host)
2023-08-25 11:36:08,629 [main] INFO  grpc.GrpcConfigKeys (ConfUtils.java:logGet(46)) - raft.grpc.admin.port = 15155 (custom)
2023-08-25 11:36:08,629 [main] INFO  grpc.GrpcConfigKeys (ConfUtils.java:logFallback(53)) - raft.grpc.client.host = null (fallback to raft.grpc.server.host)
2023-08-25 11:36:08,630 [main] INFO  grpc.GrpcConfigKeys (ConfUtils.java:logGet(46)) - raft.grpc.client.port = 15154 (custom)
2023-08-25 11:36:08,630 [main] INFO  grpc.GrpcConfigKeys (ConfUtils.java:logGet(46)) - raft.grpc.server.host = null (default)
2023-08-25 11:36:08,630 [main] INFO  grpc.GrpcConfigKeys (ConfUtils.java:logGet(46)) - raft.grpc.server.port = 15156 (custom)
2023-08-25 11:36:08,630 [main] INFO  server.GrpcService (ConfUtils.java:logGet(46)) - raft.grpc.message.size.max = 32MB (=33554432) (custom)
2023-08-25 11:36:08,630 [main] INFO  server.RaftServerConfigKeys (ConfUtils.java:logGet(46)) - raft.server.log.appender.buffer.byte-limit = 33554432 (custom)
2023-08-25 11:36:08,630 [main] INFO  server.GrpcService (ConfUtils.java:logGet(46)) - raft.grpc.flow.control.window = 5MB (=5242880) (custom)
2023-08-25 11:36:08,630 [main] INFO  server.RaftServerConfigKeys (ConfUtils.java:logGet(46)) - raft.server.rpc.request.timeout = 60s (custom)
2023-08-25 11:36:08,631 [main] INFO  grpc.GrpcConfigKeys (ConfUtils.java:logGet(46)) - raft.grpc.server.heartbeat.channel = true (default)
2023-08-25 11:36:08,631 [main] INFO  grpc.GrpcConfigKeys (ConfUtils.java:logGet(46)) - raft.grpc.server.async.request.thread.pool.cached = true (default)
2023-08-25 11:36:08,631 [main] INFO  grpc.GrpcConfigKeys (ConfUtils.java:logGet(46)) - raft.grpc.server.async.request.thread.pool.size = 32 (default)
2023-08-25 11:36:08,634 [main] INFO  impl.DataStreamServerImpl (ConfUtils.java:logGet(46)) - raft.datastream.type = NETTY (custom)
2023-08-25 11:36:08,635 [main] INFO  server.RaftServerConfigKeys (ConfUtils.java:logGet(46)) - raft.server.data-stream.async.request.thread.pool.cached = false (default)
2023-08-25 11:36:08,635 [main] INFO  server.RaftServerConfigKeys (ConfUtils.java:logGet(46)) - raft.server.data-stream.async.request.thread.pool.size = 20 (custom)
2023-08-25 11:36:08,635 [main] INFO  server.RaftServerConfigKeys (ConfUtils.java:logGet(46)) - raft.server.data-stream.async.write.thread.pool.size = 16 (default)
2023-08-25 11:36:08,635 [main] INFO  server.RaftServerConfigKeys (ConfUtils.java:logGet(46)) - raft.server.data-stream.client.pool.size = 10 (default)
2023-08-25 11:36:08,635 [main] INFO  netty.NettyConfigKeys$DataStream (ConfUtils.java:logGet(46)) - raft.netty.dataStream.server.use-epoll = false (default)
2023-08-25 11:36:08,635 [main] INFO  netty.NettyConfigKeys$DataStream (ConfUtils.java:logGet(46)) - raft.netty.dataStream.server.boss-group.size = 0 (default)
2023-08-25 11:36:08,636 [main] INFO  netty.NettyConfigKeys$DataStream (ConfUtils.java:logGet(46)) - raft.netty.dataStream.server.worker-group.size = 0 (default)
2023-08-25 11:36:08,637 [main] INFO  netty.NettyConfigKeys$DataStream (ConfUtils.java:logGet(46)) - raft.netty.dataStream.server.tls.conf = null (default)
2023-08-25 11:36:08,637 [main] INFO  netty.NettyConfigKeys$DataStream (ConfUtils.java:logGet(46)) - raft.netty.dataStream.host = null (default)
2023-08-25 11:36:08,637 [main] INFO  netty.NettyConfigKeys$DataStream (ConfUtils.java:logGet(46)) - raft.netty.dataStream.port = 15157 (custom)
2023-08-25 11:36:08,637 [main] INFO  server.RaftServerConfigKeys (ConfUtils.java:logGet(46)) - raft.server.threadpool.proxy.cached = true (default)
2023-08-25 11:36:08,638 [main] INFO  server.RaftServerConfigKeys (ConfUtils.java:logGet(46)) - raft.server.threadpool.proxy.size = 0 (default)
2023-08-25 11:36:08,638 [main] INFO  server.RaftServerConfigKeys (ConfUtils.java:logGet(46)) - raft.server.rpc.slowness.timeout = 300s (custom)
2023-08-25 11:36:08,638 [main] INFO  server.RaftServerConfigKeys (ConfUtils.java:logGet(46)) - raft.server.leaderelection.leader.step-down.wait-time = 10s (default)
2023-08-25 11:36:08,638 [main] INFO  server.RaftServerConfigKeys (ConfUtils.java:logGet(46)) - raft.server.storage.dir = [/home/runner/work/ozone/ozone/hadoop-ozone/integration-test/target/test-dir/MiniOzoneClusterImpl-9e80f0e6-d3ce-4c33-b1a3-32fa2c9dea98/datanode-4/data/ratis] (custom)
2023-08-25 11:36:08,639 [b7348800-7ece-44e4-b1a8-355cecb1b7f9-NettyServerStreamRpc-bossGroup--thread1] INFO  logging.LoggingHandler (AbstractInternalLogger.java:log(148)) - [id: 0x0c84e6fa] REGISTERED
2023-08-25 11:36:08,639 [b7348800-7ece-44e4-b1a8-355cecb1b7f9-NettyServerStreamRpc-bossGroup--thread1] INFO  logging.LoggingHandler (AbstractInternalLogger.java:log(148)) - [id: 0x0c84e6fa] BIND: 0.0.0.0/0.0.0.0:15157
2023-08-25 11:36:08,639 [b7348800-7ece-44e4-b1a8-355cecb1b7f9-NettyServerStreamRpc-bossGroup--thread1] INFO  logging.LoggingHandler (AbstractInternalLogger.java:log(148)) - [id: 0x0c84e6fa, L:/0:0:0:0:0:0:0:0:15157] ACTIVE
2023-08-25 11:36:08,639 [b7348800-7ece-44e4-b1a8-355cecb1b7f9-impl-thread1] INFO  server.RaftServer (RaftServerProxy.java:initGroupDir(258)) - b7348800-7ece-44e4-b1a8-355cecb1b7f9: found a subdirectory /home/runner/work/ozone/ozone/hadoop-ozone/integration-test/target/test-dir/MiniOzoneClusterImpl-9e80f0e6-d3ce-4c33-b1a3-32fa2c9dea98/datanode-4/data/ratis/tmp
2023-08-25 11:36:08,639 [b7348800-7ece-44e4-b1a8-355cecb1b7f9-impl-thread1] INFO  server.RaftServer (RaftServerProxy.java:initGroupDir(263)) - b7348800-7ece-44e4-b1a8-355cecb1b7f9: The directory /home/runner/work/ozone/ozone/hadoop-ozone/integration-test/target/test-dir/MiniOzoneClusterImpl-9e80f0e6-d3ce-4c33-b1a3-32fa2c9dea98/datanode-4/data/ratis/tmp is not a group directory; ignoring it. 
2023-08-25 11:36:08,640 [main] INFO  replication.ReplicationServer (ReplicationServer.java:<init>(81)) - Initializing replication server with thread count = 10
2023-08-25 11:36:08,641 [main] INFO  server.XceiverServerGrpc (XceiverServerGrpc.java:<init>(132)) - GrpcServer channel type EpollServerSocketChannel
2023-08-25 11:36:08,642 [main] INFO  replication.ReplicationSupervisor (ReplicationSupervisor.java:build(155)) - Initializing replication supervisor with thread count = 10
2023-08-25 11:36:08,643 [main] INFO  replication.ReplicationSupervisor (ReplicationSupervisor.java:nodeStateUpdated(307)) - Node state updated to IN_SERVICE, scaling executor pool size to 10
2023-08-25 11:36:08,645 [main] INFO  http.BaseHttpServer (BaseHttpServer.java:newHttpServer2BuilderForOzone(224)) - Starting Web-server for hddsDatanode at: http://0.0.0.0:15151
2023-08-25 11:36:08,645 [main] INFO  http.BaseHttpServer (BaseHttpServer.java:<init>(111)) - Hadoop Security Enabled: false Ozone Security Enabled: false Ozone HTTP Security Enabled: false 
2023-08-25 11:36:08,646 [main] WARN  server.AuthenticationFilter (AuthenticationFilter.java:constructSecretProvider(240)) - Unable to initialize FileSignerSecretProvider, falling back to use random secrets. Reason: Could not read signature secret file: /home/runner/hadoop-http-auth-signature-secret
2023-08-25 11:36:08,652 [main] INFO  http.HttpRequestLog (HttpRequestLog.java:getRequestLog(86)) - Http request log for http.requests.hddsDatanode is not defined
2023-08-25 11:36:08,653 [main] INFO  http.HttpServer2 (HttpServer2.java:addGlobalFilter(1031)) - Added global filter 'safety' (class=org.apache.hadoop.hdds.server.http.HttpServer2$QuotingInputFilter)
2023-08-25 11:36:08,654 [main] INFO  http.HttpServer2 (HttpServer2.java:addFilter(1007)) - Added filter static_user_filter (class=org.apache.hadoop.http.lib.StaticUserWebFilter$StaticUserFilter) to context hddsDatanode
2023-08-25 11:36:08,654 [main] INFO  http.HttpServer2 (HttpServer2.java:addFilter(1015)) - Added filter static_user_filter (class=org.apache.hadoop.http.lib.StaticUserWebFilter$StaticUserFilter) to context static
2023-08-25 11:36:08,654 [main] INFO  http.HttpServer2 (HttpServer2.java:addFilter(1015)) - Added filter static_user_filter (class=org.apache.hadoop.http.lib.StaticUserWebFilter$StaticUserFilter) to context logs
2023-08-25 11:36:08,655 [main] INFO  http.BaseHttpServer (BaseHttpServer.java:<init>(190)) - HTTP server of hddsDatanode uses base directory /home/runner/work/ozone/ozone/hadoop-ozone/integration-test/target/test-dir/MiniOzoneClusterImpl-9e80f0e6-d3ce-4c33-b1a3-32fa2c9dea98/datanode-4/meta/webserver
2023-08-25 11:36:08,655 [main] INFO  http.HttpServer2 (HttpServer2.java:bindListener(1250)) - Jetty bound to port 15151
2023-08-25 11:36:08,656 [main] INFO  server.Server (Server.java:doStart(375)) - jetty-9.4.51.v20230217; built: 2023-02-17T08:19:37.309Z; git: b45c405e4544384de066f814ed42ae3dceacdd49; jvm 1.8.0_382-b05
2023-08-25 11:36:08,661 [main] INFO  server.session (DefaultSessionIdManager.java:doStart(334)) - DefaultSessionIdManager workerName=node0
2023-08-25 11:36:08,661 [main] INFO  server.session (DefaultSessionIdManager.java:doStart(339)) - No SessionScavenger set, using defaults
2023-08-25 11:36:08,662 [main] INFO  server.session (HouseKeeper.java:startScavenging(132)) - node0 Scavenging every 660000ms
2023-08-25 11:36:08,663 [main] INFO  handler.ContextHandler (ContextHandler.java:doStart(921)) - Started o.e.j.s.ServletContextHandler@1a64f46b{logs,/logs,file:///home/runner/work/ozone/ozone/hadoop-ozone/integration-test/target/log,AVAILABLE}
2023-08-25 11:36:08,663 [main] INFO  handler.ContextHandler (ContextHandler.java:doStart(921)) - Started o.e.j.s.ServletContextHandler@7afcc9e6{static,/static,jar:file:/home/runner/.m2/repository/org/apache/ozone/hdds-container-service/1.4.0-SNAPSHOT/hdds-container-service-1.4.0-SNAPSHOT.jar!/webapps/static,AVAILABLE}
2023-08-25 11:36:08,916 [main] INFO  handler.ContextHandler (ContextHandler.java:doStart(921)) - Started o.e.j.w.WebAppContext@5addd523{hddsDatanode,/,file:///home/runner/work/ozone/ozone/hadoop-ozone/integration-test/target/test-dir/MiniOzoneClusterImpl-9e80f0e6-d3ce-4c33-b1a3-32fa2c9dea98/datanode-4/meta/webserver/jetty-0_0_0_0-15151-hdds-container-service-1_4_0-SNAPSHOT_jar-_-any-8246713788948944433/webapp/,AVAILABLE}{jar:file:/home/runner/.m2/repository/org/apache/ozone/hdds-container-service/1.4.0-SNAPSHOT/hdds-container-service-1.4.0-SNAPSHOT.jar!/webapps/hddsDatanode}
2023-08-25 11:36:08,918 [main] INFO  server.AbstractConnector (AbstractConnector.java:doStart(333)) - Started ServerConnector@658ccbb8{HTTP/1.1, (http/1.1)}{0.0.0.0:15151}
2023-08-25 11:36:08,918 [main] INFO  server.Server (Server.java:doStart(415)) - Started @219247ms
2023-08-25 11:36:08,918 [main] WARN  impl.MetricsSystemImpl (MetricsSystemImpl.java:register(279)) - Sink prometheus already exists!
2023-08-25 11:36:08,919 [main] INFO  http.BaseHttpServer (BaseHttpServer.java:updateConnectorAddress(344)) - HTTP server of hddsDatanode listening at http://0.0.0.0:15151
2023-08-25 11:36:08,919 [main] INFO  ipc.CallQueueManager (CallQueueManager.java:<init>(90)) - Using callQueue: class java.util.concurrent.LinkedBlockingQueue, queueCapacity: 100, scheduler: class org.apache.hadoop.ipc.DefaultRpcScheduler, ipcBackoff: false.
2023-08-25 11:36:08,920 [main] INFO  ipc.Server (Server.java:<init>(1287)) - Listener at 0.0.0.0:15152
2023-08-25 11:36:08,920 [Socket Reader #1 for port 15152] INFO  ipc.Server (Server.java:run(1323)) - Starting Socket Reader #1 for port 15152
2023-08-25 11:36:08,922 [main] INFO  ozone.HddsDatanodeService (HddsDatanodeService.java:start(315)) - Datanode start with admins: [runner]
2023-08-25 11:36:08,923 [main] INFO  ozone.HddsDatanodeClientProtocolServer (HddsDatanodeClientProtocolServer.java:start(72)) - RPC server for Client /0.0.0.0:15152
2023-08-25 11:36:08,923 [IPC Server Responder] INFO  ipc.Server (Server.java:run(1562)) - IPC Server Responder: starting
2023-08-25 11:36:08,931 [IPC Server listener on 15152] INFO  ipc.Server (Server.java:run(1402)) - IPC Server listener on 15152: starting
2023-08-25 11:36:08,931 [main] INFO  ozone.MiniOzoneClusterImpl (MiniOzoneClusterImpl.java:lambda$waitForClusterToBeReady$0(224)) - Waiting for nodes to be ready. Got 0 of 5 DN Heartbeats.
2023-08-25 11:36:08,931 [Datanode State Machine Daemon Thread] INFO  statemachine.DatanodeStateMachine (DatanodeStateMachine.java:lambda$startDaemon$0(538)) - Ozone container server started.
2023-08-25 11:36:08,932 [main] INFO  ozone.MiniOzoneClusterImpl (MiniOzoneClusterImpl.java:lambda$waitForClusterToBeReady$0(227)) - Waiting for cluster to exit safe mode
2023-08-25 11:36:08,934 [main] INFO  ozone.MiniOzoneClusterImpl (MiniOzoneClusterImpl.java:lambda$waitForClusterToBeReady$0(229)) - SCM became leader
2023-08-25 11:36:08,940 [Datanode State Machine Task Thread - 0] INFO  datanode.InitDatanodeState (InitDatanodeState.java:persistContainerDatanodeDetails(138)) - DatanodeDetails is persisted to /home/runner/work/ozone/ozone/hadoop-ozone/integration-test/target/test-dir/MiniOzoneClusterImpl-9e80f0e6-d3ce-4c33-b1a3-32fa2c9dea98/datanode-4/meta/datanode.id
2023-08-25 11:36:09,385 [EndpointStateMachine task thread for /0.0.0.0:15108 - 0 ] INFO  utils.DatanodeStoreCache (DatanodeStoreCache.java:addDB(66)) - Added db /home/runner/work/ozone/ozone/hadoop-ozone/integration-test/target/test-dir/MiniOzoneClusterImpl-9e80f0e6-d3ce-4c33-b1a3-32fa2c9dea98/datanode-0/data-0/containers/hdds/9e80f0e6-d3ce-4c33-b1a3-32fa2c9dea98/DS-6cdf2459-b79d-4ab3-ac81-d1336cd36dcf/container.db to cache
2023-08-25 11:36:09,385 [EndpointStateMachine task thread for /0.0.0.0:15108 - 0 ] INFO  volume.HddsVolume (HddsVolume.java:createDbStore(422)) - SchemaV3 db is created and loaded at /home/runner/work/ozone/ozone/hadoop-ozone/integration-test/target/test-dir/MiniOzoneClusterImpl-9e80f0e6-d3ce-4c33-b1a3-32fa2c9dea98/datanode-0/data-0/containers/hdds/9e80f0e6-d3ce-4c33-b1a3-32fa2c9dea98/DS-6cdf2459-b79d-4ab3-ac81-d1336cd36dcf/container.db for volume DS-6cdf2459-b79d-4ab3-ac81-d1336cd36dcf
2023-08-25 11:36:09,386 [EndpointStateMachine task thread for /0.0.0.0:15108 - 0 ] INFO  volume.ThrottledAsyncChecker (ThrottledAsyncChecker.java:schedule(141)) - Scheduling a check for /home/runner/work/ozone/ozone/hadoop-ozone/integration-test/target/test-dir/MiniOzoneClusterImpl-9e80f0e6-d3ce-4c33-b1a3-32fa2c9dea98/datanode-0/data-0/containers/hdds
2023-08-25 11:36:09,386 [EndpointStateMachine task thread for /0.0.0.0:15108 - 0 ] INFO  volume.StorageVolumeChecker (StorageVolumeChecker.java:checkAllVolumes(213)) - Scheduled health check for volume /home/runner/work/ozone/ozone/hadoop-ozone/integration-test/target/test-dir/MiniOzoneClusterImpl-9e80f0e6-d3ce-4c33-b1a3-32fa2c9dea98/datanode-0/data-0/containers/hdds
2023-08-25 11:36:09,390 [EndpointStateMachine task thread for /0.0.0.0:15108 - 0 ] INFO  volume.ThrottledAsyncChecker (ThrottledAsyncChecker.java:schedule(141)) - Scheduling a check for /home/runner/work/ozone/ozone/hadoop-ozone/integration-test/target/test-dir/MiniOzoneClusterImpl-9e80f0e6-d3ce-4c33-b1a3-32fa2c9dea98/datanode-0/data/ratis
2023-08-25 11:36:09,390 [EndpointStateMachine task thread for /0.0.0.0:15108 - 0 ] INFO  volume.StorageVolumeChecker (StorageVolumeChecker.java:checkAllVolumes(213)) - Scheduled health check for volume /home/runner/work/ozone/ozone/hadoop-ozone/integration-test/target/test-dir/MiniOzoneClusterImpl-9e80f0e6-d3ce-4c33-b1a3-32fa2c9dea98/datanode-0/data/ratis
2023-08-25 11:36:09,392 [EndpointStateMachine task thread for /0.0.0.0:15108 - 0 ] INFO  ozoneimpl.OzoneContainer (OzoneContainer.java:start(429)) - Attempting to start container services.
2023-08-25 11:36:09,392 [EndpointStateMachine task thread for /0.0.0.0:15108 - 0 ] INFO  ozoneimpl.OzoneContainer (OzoneContainer.java:startContainerScrub(325)) - Scheduled background container scanners and the on-demand container scanner have been disabled.
2023-08-25 11:36:09,393 [EndpointStateMachine task thread for /0.0.0.0:15108 - 0 ] INFO  replication.ReplicationServer (ReplicationServer.java:start(130)) - ReplicationServer is started using port 15122
2023-08-25 11:36:09,393 [EndpointStateMachine task thread for /0.0.0.0:15108 - 0 ] INFO  ratis.XceiverServerRatis (XceiverServerRatis.java:start(517)) - Starting XceiverServerRatis 41c35b0f-7d09-466e-a425-34196dd2af10
2023-08-25 11:36:09,394 [EndpointStateMachine task thread for /0.0.0.0:15108 - 0 ] INFO  server.RaftServer (RaftServerProxy.java:startImpl(400)) - 41c35b0f-7d09-466e-a425-34196dd2af10: start RPC server
2023-08-25 11:36:09,395 [EndpointStateMachine task thread for /0.0.0.0:15108 - 0 ] INFO  server.GrpcService (GrpcService.java:startImpl(302)) - 41c35b0f-7d09-466e-a425-34196dd2af10: GrpcService started, listening on 15118
2023-08-25 11:36:09,399 [EndpointStateMachine task thread for /0.0.0.0:15108 - 0 ] INFO  server.GrpcService (GrpcService.java:startImpl(302)) - 41c35b0f-7d09-466e-a425-34196dd2af10: GrpcService started, listening on 15120
2023-08-25 11:36:09,400 [EndpointStateMachine task thread for /0.0.0.0:15108 - 0 ] INFO  server.GrpcService (GrpcService.java:startImpl(302)) - 41c35b0f-7d09-466e-a425-34196dd2af10: GrpcService started, listening on 15119
2023-08-25 11:36:09,400 [EndpointStateMachine task thread for /0.0.0.0:15108 - 0 ] INFO  ratis.XceiverServerRatis (XceiverServerRatis.java:getRealPort(543)) - XceiverServerRatis 41c35b0f-7d09-466e-a425-34196dd2af10 is started using port 15118 for RATIS
2023-08-25 11:36:09,400 [EndpointStateMachine task thread for /0.0.0.0:15108 - 0 ] INFO  ratis.XceiverServerRatis (XceiverServerRatis.java:getRealPort(543)) - XceiverServerRatis 41c35b0f-7d09-466e-a425-34196dd2af10 is started using port 15119 for RATIS_ADMIN
2023-08-25 11:36:09,400 [JvmPauseMonitor16] INFO  util.JvmPauseMonitor (JvmPauseMonitor.java:run(103)) - JvmPauseMonitor-41c35b0f-7d09-466e-a425-34196dd2af10: Started
2023-08-25 11:36:09,400 [EndpointStateMachine task thread for /0.0.0.0:15108 - 0 ] INFO  ratis.XceiverServerRatis (XceiverServerRatis.java:getRealPort(543)) - XceiverServerRatis 41c35b0f-7d09-466e-a425-34196dd2af10 is started using port 15120 for RATIS_SERVER
2023-08-25 11:36:09,401 [EndpointStateMachine task thread for /0.0.0.0:15108 - 0 ] INFO  ratis.XceiverServerRatis (XceiverServerRatis.java:getRealPort(543)) - XceiverServerRatis 41c35b0f-7d09-466e-a425-34196dd2af10 is started using port 15121 for RATIS_DATASTREAM
2023-08-25 11:36:09,403 [BlockDeletingService#0] INFO  interfaces.ContainerDeletionChoosingPolicyTemplate (ContainerDeletionChoosingPolicyTemplate.java:chooseContainerForBlockDeletion(85)) - Chosen 0/5000 blocks from 0 candidate containers.
2023-08-25 11:36:09,857 [EndpointStateMachine task thread for /0.0.0.0:15108 - 0 ] INFO  utils.DatanodeStoreCache (DatanodeStoreCache.java:addDB(66)) - Added db /home/runner/work/ozone/ozone/hadoop-ozone/integration-test/target/test-dir/MiniOzoneClusterImpl-9e80f0e6-d3ce-4c33-b1a3-32fa2c9dea98/datanode-1/data-0/containers/hdds/9e80f0e6-d3ce-4c33-b1a3-32fa2c9dea98/DS-c6e69af6-9d65-46cb-950a-727afcaf9d6f/container.db to cache
2023-08-25 11:36:09,857 [EndpointStateMachine task thread for /0.0.0.0:15108 - 0 ] INFO  volume.HddsVolume (HddsVolume.java:createDbStore(422)) - SchemaV3 db is created and loaded at /home/runner/work/ozone/ozone/hadoop-ozone/integration-test/target/test-dir/MiniOzoneClusterImpl-9e80f0e6-d3ce-4c33-b1a3-32fa2c9dea98/datanode-1/data-0/containers/hdds/9e80f0e6-d3ce-4c33-b1a3-32fa2c9dea98/DS-c6e69af6-9d65-46cb-950a-727afcaf9d6f/container.db for volume DS-c6e69af6-9d65-46cb-950a-727afcaf9d6f
2023-08-25 11:36:09,860 [EndpointStateMachine task thread for /0.0.0.0:15108 - 0 ] INFO  volume.ThrottledAsyncChecker (ThrottledAsyncChecker.java:schedule(141)) - Scheduling a check for /home/runner/work/ozone/ozone/hadoop-ozone/integration-test/target/test-dir/MiniOzoneClusterImpl-9e80f0e6-d3ce-4c33-b1a3-32fa2c9dea98/datanode-1/data-0/containers/hdds
2023-08-25 11:36:09,860 [EndpointStateMachine task thread for /0.0.0.0:15108 - 0 ] INFO  volume.StorageVolumeChecker (StorageVolumeChecker.java:checkAllVolumes(213)) - Scheduled health check for volume /home/runner/work/ozone/ozone/hadoop-ozone/integration-test/target/test-dir/MiniOzoneClusterImpl-9e80f0e6-d3ce-4c33-b1a3-32fa2c9dea98/datanode-1/data-0/containers/hdds
2023-08-25 11:36:09,863 [EndpointStateMachine task thread for /0.0.0.0:15108 - 0 ] INFO  volume.ThrottledAsyncChecker (ThrottledAsyncChecker.java:schedule(141)) - Scheduling a check for /home/runner/work/ozone/ozone/hadoop-ozone/integration-test/target/test-dir/MiniOzoneClusterImpl-9e80f0e6-d3ce-4c33-b1a3-32fa2c9dea98/datanode-1/data/ratis
2023-08-25 11:36:09,863 [EndpointStateMachine task thread for /0.0.0.0:15108 - 0 ] INFO  volume.StorageVolumeChecker (StorageVolumeChecker.java:checkAllVolumes(213)) - Scheduled health check for volume /home/runner/work/ozone/ozone/hadoop-ozone/integration-test/target/test-dir/MiniOzoneClusterImpl-9e80f0e6-d3ce-4c33-b1a3-32fa2c9dea98/datanode-1/data/ratis
2023-08-25 11:36:09,865 [EndpointStateMachine task thread for /0.0.0.0:15108 - 0 ] INFO  ozoneimpl.OzoneContainer (OzoneContainer.java:start(429)) - Attempting to start container services.
2023-08-25 11:36:09,865 [EndpointStateMachine task thread for /0.0.0.0:15108 - 0 ] INFO  ozoneimpl.OzoneContainer (OzoneContainer.java:startContainerScrub(325)) - Scheduled background container scanners and the on-demand container scanner have been disabled.
2023-08-25 11:36:09,866 [EndpointStateMachine task thread for /0.0.0.0:15108 - 0 ] INFO  replication.ReplicationServer (ReplicationServer.java:start(130)) - ReplicationServer is started using port 15131
2023-08-25 11:36:09,866 [EndpointStateMachine task thread for /0.0.0.0:15108 - 0 ] INFO  ratis.XceiverServerRatis (XceiverServerRatis.java:start(517)) - Starting XceiverServerRatis b4d41a5a-7f8b-4359-a921-685918a3749b
2023-08-25 11:36:09,870 [EndpointStateMachine task thread for /0.0.0.0:15108 - 0 ] INFO  server.RaftServer (RaftServerProxy.java:startImpl(400)) - b4d41a5a-7f8b-4359-a921-685918a3749b: start RPC server
2023-08-25 11:36:09,871 [EndpointStateMachine task thread for /0.0.0.0:15108 - 0 ] INFO  server.GrpcService (GrpcService.java:startImpl(302)) - b4d41a5a-7f8b-4359-a921-685918a3749b: GrpcService started, listening on 15127
2023-08-25 11:36:09,875 [EndpointStateMachine task thread for /0.0.0.0:15108 - 0 ] INFO  server.GrpcService (GrpcService.java:startImpl(302)) - b4d41a5a-7f8b-4359-a921-685918a3749b: GrpcService started, listening on 15129
2023-08-25 11:36:09,881 [EndpointStateMachine task thread for /0.0.0.0:15108 - 0 ] INFO  server.GrpcService (GrpcService.java:startImpl(302)) - b4d41a5a-7f8b-4359-a921-685918a3749b: GrpcService started, listening on 15128
2023-08-25 11:36:09,881 [EndpointStateMachine task thread for /0.0.0.0:15108 - 0 ] INFO  ratis.XceiverServerRatis (XceiverServerRatis.java:getRealPort(543)) - XceiverServerRatis b4d41a5a-7f8b-4359-a921-685918a3749b is started using port 15127 for RATIS
2023-08-25 11:36:09,881 [EndpointStateMachine task thread for /0.0.0.0:15108 - 0 ] INFO  ratis.XceiverServerRatis (XceiverServerRatis.java:getRealPort(543)) - XceiverServerRatis b4d41a5a-7f8b-4359-a921-685918a3749b is started using port 15128 for RATIS_ADMIN
2023-08-25 11:36:09,881 [EndpointStateMachine task thread for /0.0.0.0:15108 - 0 ] INFO  ratis.XceiverServerRatis (XceiverServerRatis.java:getRealPort(543)) - XceiverServerRatis b4d41a5a-7f8b-4359-a921-685918a3749b is started using port 15129 for RATIS_SERVER
2023-08-25 11:36:09,881 [EndpointStateMachine task thread for /0.0.0.0:15108 - 0 ] INFO  ratis.XceiverServerRatis (XceiverServerRatis.java:getRealPort(543)) - XceiverServerRatis b4d41a5a-7f8b-4359-a921-685918a3749b is started using port 15130 for RATIS_DATASTREAM
2023-08-25 11:36:09,882 [JvmPauseMonitor17] INFO  util.JvmPauseMonitor (JvmPauseMonitor.java:run(103)) - JvmPauseMonitor-b4d41a5a-7f8b-4359-a921-685918a3749b: Started
2023-08-25 11:36:09,890 [BlockDeletingService#0] INFO  interfaces.ContainerDeletionChoosingPolicyTemplate (ContainerDeletionChoosingPolicyTemplate.java:chooseContainerForBlockDeletion(85)) - Chosen 0/5000 blocks from 0 candidate containers.
2023-08-25 11:36:09,934 [main] INFO  ozone.MiniOzoneClusterImpl (MiniOzoneClusterImpl.java:lambda$waitForClusterToBeReady$0(224)) - Waiting for nodes to be ready. Got 0 of 5 DN Heartbeats.
2023-08-25 11:36:09,935 [main] INFO  ozone.MiniOzoneClusterImpl (MiniOzoneClusterImpl.java:lambda$waitForClusterToBeReady$0(227)) - Waiting for cluster to exit safe mode
2023-08-25 11:36:09,935 [main] INFO  ozone.MiniOzoneClusterImpl (MiniOzoneClusterImpl.java:lambda$waitForClusterToBeReady$0(229)) - SCM became leader
2023-08-25 11:36:10,264 [EndpointStateMachine task thread for /0.0.0.0:15108 - 0 ] INFO  utils.DatanodeStoreCache (DatanodeStoreCache.java:addDB(66)) - Added db /home/runner/work/ozone/ozone/hadoop-ozone/integration-test/target/test-dir/MiniOzoneClusterImpl-9e80f0e6-d3ce-4c33-b1a3-32fa2c9dea98/datanode-2/data-0/containers/hdds/9e80f0e6-d3ce-4c33-b1a3-32fa2c9dea98/DS-6317d18c-d13f-4c59-93cb-234c67b24114/container.db to cache
2023-08-25 11:36:10,264 [EndpointStateMachine task thread for /0.0.0.0:15108 - 0 ] INFO  volume.HddsVolume (HddsVolume.java:createDbStore(422)) - SchemaV3 db is created and loaded at /home/runner/work/ozone/ozone/hadoop-ozone/integration-test/target/test-dir/MiniOzoneClusterImpl-9e80f0e6-d3ce-4c33-b1a3-32fa2c9dea98/datanode-2/data-0/containers/hdds/9e80f0e6-d3ce-4c33-b1a3-32fa2c9dea98/DS-6317d18c-d13f-4c59-93cb-234c67b24114/container.db for volume DS-6317d18c-d13f-4c59-93cb-234c67b24114
2023-08-25 11:36:10,265 [EndpointStateMachine task thread for /0.0.0.0:15108 - 0 ] INFO  volume.ThrottledAsyncChecker (ThrottledAsyncChecker.java:schedule(141)) - Scheduling a check for /home/runner/work/ozone/ozone/hadoop-ozone/integration-test/target/test-dir/MiniOzoneClusterImpl-9e80f0e6-d3ce-4c33-b1a3-32fa2c9dea98/datanode-2/data-0/containers/hdds
2023-08-25 11:36:10,266 [EndpointStateMachine task thread for /0.0.0.0:15108 - 0 ] INFO  volume.StorageVolumeChecker (StorageVolumeChecker.java:checkAllVolumes(213)) - Scheduled health check for volume /home/runner/work/ozone/ozone/hadoop-ozone/integration-test/target/test-dir/MiniOzoneClusterImpl-9e80f0e6-d3ce-4c33-b1a3-32fa2c9dea98/datanode-2/data-0/containers/hdds
2023-08-25 11:36:10,270 [EndpointStateMachine task thread for /0.0.0.0:15108 - 0 ] INFO  volume.ThrottledAsyncChecker (ThrottledAsyncChecker.java:schedule(141)) - Scheduling a check for /home/runner/work/ozone/ozone/hadoop-ozone/integration-test/target/test-dir/MiniOzoneClusterImpl-9e80f0e6-d3ce-4c33-b1a3-32fa2c9dea98/datanode-2/data/ratis
2023-08-25 11:36:10,270 [EndpointStateMachine task thread for /0.0.0.0:15108 - 0 ] INFO  volume.StorageVolumeChecker (StorageVolumeChecker.java:checkAllVolumes(213)) - Scheduled health check for volume /home/runner/work/ozone/ozone/hadoop-ozone/integration-test/target/test-dir/MiniOzoneClusterImpl-9e80f0e6-d3ce-4c33-b1a3-32fa2c9dea98/datanode-2/data/ratis
2023-08-25 11:36:10,273 [EndpointStateMachine task thread for /0.0.0.0:15108 - 0 ] INFO  ozoneimpl.OzoneContainer (OzoneContainer.java:start(429)) - Attempting to start container services.
2023-08-25 11:36:10,273 [EndpointStateMachine task thread for /0.0.0.0:15108 - 0 ] INFO  ozoneimpl.OzoneContainer (OzoneContainer.java:startContainerScrub(325)) - Scheduled background container scanners and the on-demand container scanner have been disabled.
2023-08-25 11:36:10,275 [EndpointStateMachine task thread for /0.0.0.0:15108 - 0 ] INFO  replication.ReplicationServer (ReplicationServer.java:start(130)) - ReplicationServer is started using port 15140
2023-08-25 11:36:10,275 [EndpointStateMachine task thread for /0.0.0.0:15108 - 0 ] INFO  ratis.XceiverServerRatis (XceiverServerRatis.java:start(517)) - Starting XceiverServerRatis c6e0d301-09b2-4368-8fbf-181ce26f0a67
2023-08-25 11:36:10,277 [EndpointStateMachine task thread for /0.0.0.0:15108 - 0 ] INFO  server.RaftServer (RaftServerProxy.java:startImpl(400)) - c6e0d301-09b2-4368-8fbf-181ce26f0a67: start RPC server
2023-08-25 11:36:10,279 [EndpointStateMachine task thread for /0.0.0.0:15108 - 0 ] INFO  server.GrpcService (GrpcService.java:startImpl(302)) - c6e0d301-09b2-4368-8fbf-181ce26f0a67: GrpcService started, listening on 15136
2023-08-25 11:36:10,281 [EndpointStateMachine task thread for /0.0.0.0:15108 - 0 ] INFO  server.GrpcService (GrpcService.java:startImpl(302)) - c6e0d301-09b2-4368-8fbf-181ce26f0a67: GrpcService started, listening on 15138
2023-08-25 11:36:10,286 [EndpointStateMachine task thread for /0.0.0.0:15108 - 0 ] INFO  server.GrpcService (GrpcService.java:startImpl(302)) - c6e0d301-09b2-4368-8fbf-181ce26f0a67: GrpcService started, listening on 15137
2023-08-25 11:36:10,287 [EndpointStateMachine task thread for /0.0.0.0:15108 - 0 ] INFO  ratis.XceiverServerRatis (XceiverServerRatis.java:getRealPort(543)) - XceiverServerRatis c6e0d301-09b2-4368-8fbf-181ce26f0a67 is started using port 15136 for RATIS
2023-08-25 11:36:10,287 [JvmPauseMonitor18] INFO  util.JvmPauseMonitor (JvmPauseMonitor.java:run(103)) - JvmPauseMonitor-c6e0d301-09b2-4368-8fbf-181ce26f0a67: Started
2023-08-25 11:36:10,287 [EndpointStateMachine task thread for /0.0.0.0:15108 - 0 ] INFO  ratis.XceiverServerRatis (XceiverServerRatis.java:getRealPort(543)) - XceiverServerRatis c6e0d301-09b2-4368-8fbf-181ce26f0a67 is started using port 15137 for RATIS_ADMIN
2023-08-25 11:36:10,287 [EndpointStateMachine task thread for /0.0.0.0:15108 - 0 ] INFO  ratis.XceiverServerRatis (XceiverServerRatis.java:getRealPort(543)) - XceiverServerRatis c6e0d301-09b2-4368-8fbf-181ce26f0a67 is started using port 15138 for RATIS_SERVER
2023-08-25 11:36:10,287 [EndpointStateMachine task thread for /0.0.0.0:15108 - 0 ] INFO  ratis.XceiverServerRatis (XceiverServerRatis.java:getRealPort(543)) - XceiverServerRatis c6e0d301-09b2-4368-8fbf-181ce26f0a67 is started using port 15139 for RATIS_DATASTREAM
2023-08-25 11:36:10,289 [BlockDeletingService#0] INFO  interfaces.ContainerDeletionChoosingPolicyTemplate (ContainerDeletionChoosingPolicyTemplate.java:chooseContainerForBlockDeletion(85)) - Chosen 0/5000 blocks from 0 candidate containers.
2023-08-25 11:36:10,633 [EndpointStateMachine task thread for /0.0.0.0:15108 - 0 ] INFO  utils.DatanodeStoreCache (DatanodeStoreCache.java:addDB(66)) - Added db /home/runner/work/ozone/ozone/hadoop-ozone/integration-test/target/test-dir/MiniOzoneClusterImpl-9e80f0e6-d3ce-4c33-b1a3-32fa2c9dea98/datanode-3/data-0/containers/hdds/9e80f0e6-d3ce-4c33-b1a3-32fa2c9dea98/DS-7a5159cd-6f20-4157-98c7-9a643002451c/container.db to cache
2023-08-25 11:36:10,633 [EndpointStateMachine task thread for /0.0.0.0:15108 - 0 ] INFO  volume.HddsVolume (HddsVolume.java:createDbStore(422)) - SchemaV3 db is created and loaded at /home/runner/work/ozone/ozone/hadoop-ozone/integration-test/target/test-dir/MiniOzoneClusterImpl-9e80f0e6-d3ce-4c33-b1a3-32fa2c9dea98/datanode-3/data-0/containers/hdds/9e80f0e6-d3ce-4c33-b1a3-32fa2c9dea98/DS-7a5159cd-6f20-4157-98c7-9a643002451c/container.db for volume DS-7a5159cd-6f20-4157-98c7-9a643002451c
2023-08-25 11:36:10,634 [EndpointStateMachine task thread for /0.0.0.0:15108 - 0 ] INFO  volume.ThrottledAsyncChecker (ThrottledAsyncChecker.java:schedule(141)) - Scheduling a check for /home/runner/work/ozone/ozone/hadoop-ozone/integration-test/target/test-dir/MiniOzoneClusterImpl-9e80f0e6-d3ce-4c33-b1a3-32fa2c9dea98/datanode-3/data-0/containers/hdds
2023-08-25 11:36:10,635 [EndpointStateMachine task thread for /0.0.0.0:15108 - 0 ] INFO  volume.StorageVolumeChecker (StorageVolumeChecker.java:checkAllVolumes(213)) - Scheduled health check for volume /home/runner/work/ozone/ozone/hadoop-ozone/integration-test/target/test-dir/MiniOzoneClusterImpl-9e80f0e6-d3ce-4c33-b1a3-32fa2c9dea98/datanode-3/data-0/containers/hdds
2023-08-25 11:36:10,638 [EndpointStateMachine task thread for /0.0.0.0:15108 - 0 ] INFO  volume.ThrottledAsyncChecker (ThrottledAsyncChecker.java:schedule(141)) - Scheduling a check for /home/runner/work/ozone/ozone/hadoop-ozone/integration-test/target/test-dir/MiniOzoneClusterImpl-9e80f0e6-d3ce-4c33-b1a3-32fa2c9dea98/datanode-3/data/ratis
2023-08-25 11:36:10,638 [EndpointStateMachine task thread for /0.0.0.0:15108 - 0 ] INFO  volume.StorageVolumeChecker (StorageVolumeChecker.java:checkAllVolumes(213)) - Scheduled health check for volume /home/runner/work/ozone/ozone/hadoop-ozone/integration-test/target/test-dir/MiniOzoneClusterImpl-9e80f0e6-d3ce-4c33-b1a3-32fa2c9dea98/datanode-3/data/ratis
2023-08-25 11:36:10,640 [EndpointStateMachine task thread for /0.0.0.0:15108 - 0 ] INFO  ozoneimpl.OzoneContainer (OzoneContainer.java:start(429)) - Attempting to start container services.
2023-08-25 11:36:10,641 [EndpointStateMachine task thread for /0.0.0.0:15108 - 0 ] INFO  ozoneimpl.OzoneContainer (OzoneContainer.java:startContainerScrub(325)) - Scheduled background container scanners and the on-demand container scanner have been disabled.
2023-08-25 11:36:10,644 [EndpointStateMachine task thread for /0.0.0.0:15108 - 0 ] INFO  replication.ReplicationServer (ReplicationServer.java:start(130)) - ReplicationServer is started using port 15149
2023-08-25 11:36:10,644 [EndpointStateMachine task thread for /0.0.0.0:15108 - 0 ] INFO  ratis.XceiverServerRatis (XceiverServerRatis.java:start(517)) - Starting XceiverServerRatis 8d6e1dbb-3941-4a04-b7a8-0c911dee3672
2023-08-25 11:36:10,644 [EndpointStateMachine task thread for /0.0.0.0:15108 - 0 ] INFO  server.RaftServer (RaftServerProxy.java:startImpl(400)) - 8d6e1dbb-3941-4a04-b7a8-0c911dee3672: start RPC server
2023-08-25 11:36:10,646 [EndpointStateMachine task thread for /0.0.0.0:15108 - 0 ] INFO  server.GrpcService (GrpcService.java:startImpl(302)) - 8d6e1dbb-3941-4a04-b7a8-0c911dee3672: GrpcService started, listening on 15145
2023-08-25 11:36:10,652 [EndpointStateMachine task thread for /0.0.0.0:15108 - 0 ] INFO  server.GrpcService (GrpcService.java:startImpl(302)) - 8d6e1dbb-3941-4a04-b7a8-0c911dee3672: GrpcService started, listening on 15147
2023-08-25 11:36:10,653 [EndpointStateMachine task thread for /0.0.0.0:15108 - 0 ] INFO  server.GrpcService (GrpcService.java:startImpl(302)) - 8d6e1dbb-3941-4a04-b7a8-0c911dee3672: GrpcService started, listening on 15146
2023-08-25 11:36:10,653 [EndpointStateMachine task thread for /0.0.0.0:15108 - 0 ] INFO  ratis.XceiverServerRatis (XceiverServerRatis.java:getRealPort(543)) - XceiverServerRatis 8d6e1dbb-3941-4a04-b7a8-0c911dee3672 is started using port 15145 for RATIS
2023-08-25 11:36:10,653 [JvmPauseMonitor19] INFO  util.JvmPauseMonitor (JvmPauseMonitor.java:run(103)) - JvmPauseMonitor-8d6e1dbb-3941-4a04-b7a8-0c911dee3672: Started
2023-08-25 11:36:10,653 [EndpointStateMachine task thread for /0.0.0.0:15108 - 0 ] INFO  ratis.XceiverServerRatis (XceiverServerRatis.java:getRealPort(543)) - XceiverServerRatis 8d6e1dbb-3941-4a04-b7a8-0c911dee3672 is started using port 15146 for RATIS_ADMIN
2023-08-25 11:36:10,654 [EndpointStateMachine task thread for /0.0.0.0:15108 - 0 ] INFO  ratis.XceiverServerRatis (XceiverServerRatis.java:getRealPort(543)) - XceiverServerRatis 8d6e1dbb-3941-4a04-b7a8-0c911dee3672 is started using port 15147 for RATIS_SERVER
2023-08-25 11:36:10,654 [EndpointStateMachine task thread for /0.0.0.0:15108 - 0 ] INFO  ratis.XceiverServerRatis (XceiverServerRatis.java:getRealPort(543)) - XceiverServerRatis 8d6e1dbb-3941-4a04-b7a8-0c911dee3672 is started using port 15148 for RATIS_DATASTREAM
2023-08-25 11:36:10,656 [BlockDeletingService#0] INFO  interfaces.ContainerDeletionChoosingPolicyTemplate (ContainerDeletionChoosingPolicyTemplate.java:chooseContainerForBlockDeletion(85)) - Chosen 0/5000 blocks from 0 candidate containers.
2023-08-25 11:36:10,935 [main] INFO  ozone.MiniOzoneClusterImpl (MiniOzoneClusterImpl.java:lambda$waitForClusterToBeReady$0(224)) - Waiting for nodes to be ready. Got 0 of 5 DN Heartbeats.
2023-08-25 11:36:10,935 [main] INFO  ozone.MiniOzoneClusterImpl (MiniOzoneClusterImpl.java:lambda$waitForClusterToBeReady$0(227)) - Waiting for cluster to exit safe mode
2023-08-25 11:36:10,935 [main] INFO  ozone.MiniOzoneClusterImpl (MiniOzoneClusterImpl.java:lambda$waitForClusterToBeReady$0(229)) - SCM became leader
2023-08-25 11:36:10,990 [EndpointStateMachine task thread for /0.0.0.0:15108 - 0 ] INFO  utils.DatanodeStoreCache (DatanodeStoreCache.java:addDB(66)) - Added db /home/runner/work/ozone/ozone/hadoop-ozone/integration-test/target/test-dir/MiniOzoneClusterImpl-9e80f0e6-d3ce-4c33-b1a3-32fa2c9dea98/datanode-4/data-0/containers/hdds/9e80f0e6-d3ce-4c33-b1a3-32fa2c9dea98/DS-2487a60d-17d1-4880-8a26-0d686f399176/container.db to cache
2023-08-25 11:36:10,990 [EndpointStateMachine task thread for /0.0.0.0:15108 - 0 ] INFO  volume.HddsVolume (HddsVolume.java:createDbStore(422)) - SchemaV3 db is created and loaded at /home/runner/work/ozone/ozone/hadoop-ozone/integration-test/target/test-dir/MiniOzoneClusterImpl-9e80f0e6-d3ce-4c33-b1a3-32fa2c9dea98/datanode-4/data-0/containers/hdds/9e80f0e6-d3ce-4c33-b1a3-32fa2c9dea98/DS-2487a60d-17d1-4880-8a26-0d686f399176/container.db for volume DS-2487a60d-17d1-4880-8a26-0d686f399176
2023-08-25 11:36:10,991 [EndpointStateMachine task thread for /0.0.0.0:15108 - 0 ] INFO  volume.ThrottledAsyncChecker (ThrottledAsyncChecker.java:schedule(141)) - Scheduling a check for /home/runner/work/ozone/ozone/hadoop-ozone/integration-test/target/test-dir/MiniOzoneClusterImpl-9e80f0e6-d3ce-4c33-b1a3-32fa2c9dea98/datanode-4/data-0/containers/hdds
2023-08-25 11:36:10,991 [EndpointStateMachine task thread for /0.0.0.0:15108 - 0 ] INFO  volume.StorageVolumeChecker (StorageVolumeChecker.java:checkAllVolumes(213)) - Scheduled health check for volume /home/runner/work/ozone/ozone/hadoop-ozone/integration-test/target/test-dir/MiniOzoneClusterImpl-9e80f0e6-d3ce-4c33-b1a3-32fa2c9dea98/datanode-4/data-0/containers/hdds
2023-08-25 11:36:10,995 [EndpointStateMachine task thread for /0.0.0.0:15108 - 0 ] INFO  volume.ThrottledAsyncChecker (ThrottledAsyncChecker.java:schedule(141)) - Scheduling a check for /home/runner/work/ozone/ozone/hadoop-ozone/integration-test/target/test-dir/MiniOzoneClusterImpl-9e80f0e6-d3ce-4c33-b1a3-32fa2c9dea98/datanode-4/data/ratis
2023-08-25 11:36:10,995 [EndpointStateMachine task thread for /0.0.0.0:15108 - 0 ] INFO  volume.StorageVolumeChecker (StorageVolumeChecker.java:checkAllVolumes(213)) - Scheduled health check for volume /home/runner/work/ozone/ozone/hadoop-ozone/integration-test/target/test-dir/MiniOzoneClusterImpl-9e80f0e6-d3ce-4c33-b1a3-32fa2c9dea98/datanode-4/data/ratis
2023-08-25 11:36:10,997 [EndpointStateMachine task thread for /0.0.0.0:15108 - 0 ] INFO  ozoneimpl.OzoneContainer (OzoneContainer.java:start(429)) - Attempting to start container services.
2023-08-25 11:36:10,998 [EndpointStateMachine task thread for /0.0.0.0:15108 - 0 ] INFO  ozoneimpl.OzoneContainer (OzoneContainer.java:startContainerScrub(325)) - Scheduled background container scanners and the on-demand container scanner have been disabled.
2023-08-25 11:36:10,999 [EndpointStateMachine task thread for /0.0.0.0:15108 - 0 ] INFO  replication.ReplicationServer (ReplicationServer.java:start(130)) - ReplicationServer is started using port 15158
2023-08-25 11:36:11,000 [EndpointStateMachine task thread for /0.0.0.0:15108 - 0 ] INFO  ratis.XceiverServerRatis (XceiverServerRatis.java:start(517)) - Starting XceiverServerRatis b7348800-7ece-44e4-b1a8-355cecb1b7f9
2023-08-25 11:36:11,000 [EndpointStateMachine task thread for /0.0.0.0:15108 - 0 ] INFO  server.RaftServer (RaftServerProxy.java:startImpl(400)) - b7348800-7ece-44e4-b1a8-355cecb1b7f9: start RPC server
2023-08-25 11:36:11,002 [EndpointStateMachine task thread for /0.0.0.0:15108 - 0 ] INFO  server.GrpcService (GrpcService.java:startImpl(302)) - b7348800-7ece-44e4-b1a8-355cecb1b7f9: GrpcService started, listening on 15154
2023-08-25 11:36:11,003 [EndpointStateMachine task thread for /0.0.0.0:15108 - 0 ] INFO  server.GrpcService (GrpcService.java:startImpl(302)) - b7348800-7ece-44e4-b1a8-355cecb1b7f9: GrpcService started, listening on 15156
2023-08-25 11:36:11,006 [EndpointStateMachine task thread for /0.0.0.0:15108 - 0 ] INFO  server.GrpcService (GrpcService.java:startImpl(302)) - b7348800-7ece-44e4-b1a8-355cecb1b7f9: GrpcService started, listening on 15155
2023-08-25 11:36:11,006 [EndpointStateMachine task thread for /0.0.0.0:15108 - 0 ] INFO  ratis.XceiverServerRatis (XceiverServerRatis.java:getRealPort(543)) - XceiverServerRatis b7348800-7ece-44e4-b1a8-355cecb1b7f9 is started using port 15154 for RATIS
2023-08-25 11:36:11,006 [EndpointStateMachine task thread for /0.0.0.0:15108 - 0 ] INFO  ratis.XceiverServerRatis (XceiverServerRatis.java:getRealPort(543)) - XceiverServerRatis b7348800-7ece-44e4-b1a8-355cecb1b7f9 is started using port 15155 for RATIS_ADMIN
2023-08-25 11:36:11,006 [EndpointStateMachine task thread for /0.0.0.0:15108 - 0 ] INFO  ratis.XceiverServerRatis (XceiverServerRatis.java:getRealPort(543)) - XceiverServerRatis b7348800-7ece-44e4-b1a8-355cecb1b7f9 is started using port 15156 for RATIS_SERVER
2023-08-25 11:36:11,006 [JvmPauseMonitor20] INFO  util.JvmPauseMonitor (JvmPauseMonitor.java:run(103)) - JvmPauseMonitor-b7348800-7ece-44e4-b1a8-355cecb1b7f9: Started
2023-08-25 11:36:11,006 [EndpointStateMachine task thread for /0.0.0.0:15108 - 0 ] INFO  ratis.XceiverServerRatis (XceiverServerRatis.java:getRealPort(543)) - XceiverServerRatis b7348800-7ece-44e4-b1a8-355cecb1b7f9 is started using port 15157 for RATIS_DATASTREAM
2023-08-25 11:36:11,009 [BlockDeletingService#0] INFO  interfaces.ContainerDeletionChoosingPolicyTemplate (ContainerDeletionChoosingPolicyTemplate.java:chooseContainerForBlockDeletion(85)) - Chosen 0/5000 blocks from 0 candidate containers.
2023-08-25 11:36:11,315 [IPC Server handler 0 on default port 15108] INFO  net.NetworkTopologyImpl (NetworkTopologyImpl.java:add(112)) - Added a new node: /default-rack/41c35b0f-7d09-466e-a425-34196dd2af10
2023-08-25 11:36:11,316 [IPC Server handler 0 on default port 15108] INFO  node.SCMNodeManager (SCMNodeManager.java:register(405)) - Registered Data node : 41c35b0f-7d09-466e-a425-34196dd2af10{ip: 10.1.0.52, host: fv-az508-118.q1hezrx03woe3mvmfegnvhq0ah.dx.internal.cloudapp.net, ports: [HTTP=15115, CLIENT_RPC=15116, REPLICATION=15122, RATIS=15118, RATIS_ADMIN=15119, RATIS_SERVER=15120, RATIS_DATASTREAM=15121, STANDALONE=15117], networkLocation: /default-rack, certSerialId: null, persistedOpState: null, persistedOpStateExpiryEpochSec: 0}
2023-08-25 11:36:11,319 [EventQueue-NodeRegistrationContainerReportForDataNodeSafeModeRule] INFO  safemode.SCMSafeModeManager (DataNodeSafeModeRule.java:process(71)) - SCM in safe mode. 1 DataNodes registered, 3 required.
2023-08-25 11:36:11,319 [EventQueue-NodeRegistrationContainerReportForContainerSafeModeRule] INFO  safemode.SCMSafeModeManager (SCMSafeModeManager.java:validateSafeModeExitRules(200)) - ContainerSafeModeRule rule is successfully validated
2023-08-25 11:36:11,322 [EventQueue-NewNodeForNewNodeHandler] INFO  pipeline.BackgroundPipelineCreator (BackgroundPipelineCreator.java:notifyEventTriggered(277)) - trigger a one-shot run on RatisPipelineUtilsThread.
2023-08-25 11:36:11,323 [RatisPipelineUtilsThread - 0] INFO  pipeline.RatisPipelineProvider (RatisPipelineProvider.java:lambda$create$0(206)) - Sending CreatePipelineCommand for pipeline:PipelineID=1499a42b-8f08-48f1-b12c-4fd54eb9c075 to datanode:41c35b0f-7d09-466e-a425-34196dd2af10
2023-08-25 11:36:11,324 [RatisPipelineUtilsThread - 0] INFO  pipeline.BackgroundPipelineCreator (BackgroundPipelineCreator.java:createPipelines(233)) - Created new pipeline Pipeline[ Id: 1499a42b-8f08-48f1-b12c-4fd54eb9c075, Nodes: 41c35b0f-7d09-466e-a425-34196dd2af10(fv-az508-118.q1hezrx03woe3mvmfegnvhq0ah.dx.internal.cloudapp.net/10.1.0.52), ReplicationConfig: RATIS/ONE, State:ALLOCATED, leaderId:, CreationTimestamp2023-08-25T11:36:11.322Z[Etc/UTC]]
2023-08-25 11:36:11,331 [EventQueue-PipelineReportForOneReplicaPipelineSafeModeRule] INFO  safemode.SCMSafeModeManager (SCMSafeModeManager.java:validateSafeModeExitRules(200)) - AtleastOneDatanodeReportedRule rule is successfully validated
2023-08-25 11:36:11,797 [IPC Server handler 1 on default port 15108] INFO  net.NetworkTopologyImpl (NetworkTopologyImpl.java:add(112)) - Added a new node: /default-rack/b4d41a5a-7f8b-4359-a921-685918a3749b
2023-08-25 11:36:11,798 [IPC Server handler 1 on default port 15108] INFO  node.SCMNodeManager (SCMNodeManager.java:register(405)) - Registered Data node : b4d41a5a-7f8b-4359-a921-685918a3749b{ip: 10.1.0.52, host: fv-az508-118.q1hezrx03woe3mvmfegnvhq0ah.dx.internal.cloudapp.net, ports: [HTTP=15124, CLIENT_RPC=15125, REPLICATION=15131, RATIS=15127, RATIS_ADMIN=15128, RATIS_SERVER=15129, RATIS_DATASTREAM=15130, STANDALONE=15126], networkLocation: /default-rack, certSerialId: null, persistedOpState: null, persistedOpStateExpiryEpochSec: 0}
2023-08-25 11:36:11,800 [EventQueue-NodeRegistrationContainerReportForDataNodeSafeModeRule] INFO  safemode.SCMSafeModeManager (DataNodeSafeModeRule.java:process(71)) - SCM in safe mode. 2 DataNodes registered, 3 required.
2023-08-25 11:36:11,801 [EventQueue-NewNodeForNewNodeHandler] INFO  pipeline.BackgroundPipelineCreator (BackgroundPipelineCreator.java:notifyEventTriggered(277)) - trigger a one-shot run on RatisPipelineUtilsThread.
2023-08-25 11:36:11,802 [RatisPipelineUtilsThread - 0] INFO  pipeline.RatisPipelineProvider (RatisPipelineProvider.java:lambda$create$0(206)) - Sending CreatePipelineCommand for pipeline:PipelineID=a8a4249f-8f13-45f9-9e73-94a36f0bec2f to datanode:b4d41a5a-7f8b-4359-a921-685918a3749b
2023-08-25 11:36:11,802 [RatisPipelineUtilsThread - 0] INFO  pipeline.BackgroundPipelineCreator (BackgroundPipelineCreator.java:createPipelines(233)) - Created new pipeline Pipeline[ Id: a8a4249f-8f13-45f9-9e73-94a36f0bec2f, Nodes: b4d41a5a-7f8b-4359-a921-685918a3749b(fv-az508-118.q1hezrx03woe3mvmfegnvhq0ah.dx.internal.cloudapp.net/10.1.0.52), ReplicationConfig: RATIS/ONE, State:ALLOCATED, leaderId:, CreationTimestamp2023-08-25T11:36:11.801Z[Etc/UTC]]
2023-08-25 11:36:11,936 [main] INFO  ozone.MiniOzoneClusterImpl (MiniOzoneClusterImpl.java:lambda$waitForClusterToBeReady$0(224)) - Waiting for nodes to be ready. Got 2 of 5 DN Heartbeats.
2023-08-25 11:36:11,936 [main] INFO  ozone.MiniOzoneClusterImpl (MiniOzoneClusterImpl.java:lambda$waitForClusterToBeReady$0(227)) - Waiting for cluster to exit safe mode
2023-08-25 11:36:11,936 [main] INFO  ozone.MiniOzoneClusterImpl (MiniOzoneClusterImpl.java:lambda$waitForClusterToBeReady$0(229)) - SCM became leader
2023-08-25 11:36:12,205 [IPC Server handler 0 on default port 15108] INFO  net.NetworkTopologyImpl (NetworkTopologyImpl.java:add(112)) - Added a new node: /default-rack/c6e0d301-09b2-4368-8fbf-181ce26f0a67
2023-08-25 11:36:12,205 [IPC Server handler 0 on default port 15108] INFO  node.SCMNodeManager (SCMNodeManager.java:register(405)) - Registered Data node : c6e0d301-09b2-4368-8fbf-181ce26f0a67{ip: 10.1.0.52, host: fv-az508-118.q1hezrx03woe3mvmfegnvhq0ah.dx.internal.cloudapp.net, ports: [HTTP=15133, CLIENT_RPC=15134, REPLICATION=15140, RATIS=15136, RATIS_ADMIN=15137, RATIS_SERVER=15138, RATIS_DATASTREAM=15139, STANDALONE=15135], networkLocation: /default-rack, certSerialId: null, persistedOpState: null, persistedOpStateExpiryEpochSec: 0}
2023-08-25 11:36:12,206 [EventQueue-NewNodeForNewNodeHandler] INFO  pipeline.BackgroundPipelineCreator (BackgroundPipelineCreator.java:notifyEventTriggered(277)) - trigger a one-shot run on RatisPipelineUtilsThread.
2023-08-25 11:36:12,208 [EventQueue-NodeRegistrationContainerReportForDataNodeSafeModeRule] INFO  safemode.SCMSafeModeManager (DataNodeSafeModeRule.java:process(71)) - SCM in safe mode. 3 DataNodes registered, 3 required.
2023-08-25 11:36:12,208 [EventQueue-NodeRegistrationContainerReportForDataNodeSafeModeRule] INFO  safemode.SCMSafeModeManager (SCMSafeModeManager.java:validateSafeModeExitRules(200)) - DataNodeSafeModeRule rule is successfully validated
2023-08-25 11:36:12,208 [EventQueue-NodeRegistrationContainerReportForDataNodeSafeModeRule] INFO  safemode.SCMSafeModeManager (SCMSafeModeManager.java:completePreCheck(229)) - All SCM safe mode pre check rules have passed
2023-08-25 11:36:12,208 [EventQueue-NodeRegistrationContainerReportForDataNodeSafeModeRule] INFO  ha.SCMContext (SCMContext.java:updateSafeModeStatus(228)) - Update SafeModeStatus from SafeModeStatus{safeModeStatus=true, preCheckPassed=false} to SafeModeStatus{safeModeStatus=true, preCheckPassed=true}.
2023-08-25 11:36:12,208 [EventQueue-NodeRegistrationContainerReportForDataNodeSafeModeRule] INFO  pipeline.BackgroundPipelineCreator (BackgroundPipelineCreator.java:notifyEventTriggered(277)) - trigger a one-shot run on RatisPipelineUtilsThread.
2023-08-25 11:36:12,209 [RatisPipelineUtilsThread - 0] INFO  pipeline.RatisPipelineProvider (RatisPipelineProvider.java:lambda$create$0(206)) - Sending CreatePipelineCommand for pipeline:PipelineID=4c7807a5-b094-45b1-8d1f-39bb1a7f149e to datanode:c6e0d301-09b2-4368-8fbf-181ce26f0a67
2023-08-25 11:36:12,210 [RatisPipelineUtilsThread - 0] INFO  pipeline.BackgroundPipelineCreator (BackgroundPipelineCreator.java:createPipelines(233)) - Created new pipeline Pipeline[ Id: 4c7807a5-b094-45b1-8d1f-39bb1a7f149e, Nodes: c6e0d301-09b2-4368-8fbf-181ce26f0a67(fv-az508-118.q1hezrx03woe3mvmfegnvhq0ah.dx.internal.cloudapp.net/10.1.0.52), ReplicationConfig: RATIS/ONE, State:ALLOCATED, leaderId:, CreationTimestamp2023-08-25T11:36:12.209Z[Etc/UTC]]
2023-08-25 11:36:12,210 [RatisPipelineUtilsThread - 0] INFO  pipeline.RatisPipelineProvider (RatisPipelineProvider.java:lambda$create$0(206)) - Sending CreatePipelineCommand for pipeline:PipelineID=8d62c634-b253-40da-84de-6ecddacb944f to datanode:c6e0d301-09b2-4368-8fbf-181ce26f0a67
2023-08-25 11:36:12,210 [RatisPipelineUtilsThread - 0] INFO  pipeline.RatisPipelineProvider (RatisPipelineProvider.java:lambda$create$0(206)) - Sending CreatePipelineCommand for pipeline:PipelineID=8d62c634-b253-40da-84de-6ecddacb944f to datanode:41c35b0f-7d09-466e-a425-34196dd2af10
2023-08-25 11:36:12,210 [RatisPipelineUtilsThread - 0] INFO  pipeline.RatisPipelineProvider (RatisPipelineProvider.java:lambda$create$0(206)) - Sending CreatePipelineCommand for pipeline:PipelineID=8d62c634-b253-40da-84de-6ecddacb944f to datanode:b4d41a5a-7f8b-4359-a921-685918a3749b
2023-08-25 11:36:12,211 [RatisPipelineUtilsThread - 0] INFO  pipeline.BackgroundPipelineCreator (BackgroundPipelineCreator.java:createPipelines(233)) - Created new pipeline Pipeline[ Id: 8d62c634-b253-40da-84de-6ecddacb944f, Nodes: c6e0d301-09b2-4368-8fbf-181ce26f0a67(fv-az508-118.q1hezrx03woe3mvmfegnvhq0ah.dx.internal.cloudapp.net/10.1.0.52)41c35b0f-7d09-466e-a425-34196dd2af10(fv-az508-118.q1hezrx03woe3mvmfegnvhq0ah.dx.internal.cloudapp.net/10.1.0.52)b4d41a5a-7f8b-4359-a921-685918a3749b(fv-az508-118.q1hezrx03woe3mvmfegnvhq0ah.dx.internal.cloudapp.net/10.1.0.52), ReplicationConfig: RATIS/THREE, State:ALLOCATED, leaderId:, CreationTimestamp2023-08-25T11:36:12.210Z[Etc/UTC]]
2023-08-25 11:36:12,212 [RatisPipelineUtilsThread - 0] INFO  pipeline.RatisPipelineProvider (RatisPipelineProvider.java:lambda$create$0(206)) - Sending CreatePipelineCommand for pipeline:PipelineID=cb516a08-dd33-47ff-9430-f80fa185a2bb to datanode:b4d41a5a-7f8b-4359-a921-685918a3749b
2023-08-25 11:36:12,212 [RatisPipelineUtilsThread - 0] INFO  pipeline.RatisPipelineProvider (RatisPipelineProvider.java:lambda$create$0(206)) - Sending CreatePipelineCommand for pipeline:PipelineID=cb516a08-dd33-47ff-9430-f80fa185a2bb to datanode:c6e0d301-09b2-4368-8fbf-181ce26f0a67
2023-08-25 11:36:12,212 [RatisPipelineUtilsThread - 0] INFO  pipeline.RatisPipelineProvider (RatisPipelineProvider.java:lambda$create$0(206)) - Sending CreatePipelineCommand for pipeline:PipelineID=cb516a08-dd33-47ff-9430-f80fa185a2bb to datanode:41c35b0f-7d09-466e-a425-34196dd2af10
2023-08-25 11:36:12,212 [RatisPipelineUtilsThread - 0] INFO  pipeline.PipelineManagerImpl (PipelineManagerImpl.java:recordMetricsForPipeline(914)) - Pipeline: PipelineID=cb516a08-dd33-47ff-9430-f80fa185a2bb contains same datanodes as previous pipelines: PipelineID=8d62c634-b253-40da-84de-6ecddacb944f nodeIds: b4d41a5a-7f8b-4359-a921-685918a3749b, c6e0d301-09b2-4368-8fbf-181ce26f0a67, 41c35b0f-7d09-466e-a425-34196dd2af10
2023-08-25 11:36:12,213 [RatisPipelineUtilsThread - 0] INFO  pipeline.BackgroundPipelineCreator (BackgroundPipelineCreator.java:createPipelines(233)) - Created new pipeline Pipeline[ Id: cb516a08-dd33-47ff-9430-f80fa185a2bb, Nodes: b4d41a5a-7f8b-4359-a921-685918a3749b(fv-az508-118.q1hezrx03woe3mvmfegnvhq0ah.dx.internal.cloudapp.net/10.1.0.52)c6e0d301-09b2-4368-8fbf-181ce26f0a67(fv-az508-118.q1hezrx03woe3mvmfegnvhq0ah.dx.internal.cloudapp.net/10.1.0.52)41c35b0f-7d09-466e-a425-34196dd2af10(fv-az508-118.q1hezrx03woe3mvmfegnvhq0ah.dx.internal.cloudapp.net/10.1.0.52), ReplicationConfig: RATIS/THREE, State:ALLOCATED, leaderId:, CreationTimestamp2023-08-25T11:36:12.212Z[Etc/UTC]]
2023-08-25 11:36:12,213 [RatisPipelineUtilsThread - 0] WARN  pipeline.PipelinePlacementPolicy (PipelinePlacementPolicy.java:filterViableNodes(166)) - Pipeline creation failed due to no sufficient healthy datanodes. Required 3. Found 0. Excluded 3.
2023-08-25 11:36:12,215 [RatisPipelineUtilsThread - 0] WARN  pipeline.PipelinePlacementPolicy (PipelinePlacementPolicy.java:filterViableNodes(166)) - Pipeline creation failed due to no sufficient healthy datanodes. Required 3. Found 0. Excluded 3.
2023-08-25 11:36:12,581 [IPC Server handler 3 on default port 15108] INFO  net.NetworkTopologyImpl (NetworkTopologyImpl.java:add(112)) - Added a new node: /default-rack/8d6e1dbb-3941-4a04-b7a8-0c911dee3672
2023-08-25 11:36:12,581 [IPC Server handler 3 on default port 15108] INFO  node.SCMNodeManager (SCMNodeManager.java:register(405)) - Registered Data node : 8d6e1dbb-3941-4a04-b7a8-0c911dee3672{ip: 10.1.0.52, host: fv-az508-118.q1hezrx03woe3mvmfegnvhq0ah.dx.internal.cloudapp.net, ports: [HTTP=15142, CLIENT_RPC=15143, REPLICATION=15149, RATIS=15145, RATIS_ADMIN=15146, RATIS_SERVER=15147, RATIS_DATASTREAM=15148, STANDALONE=15144], networkLocation: /default-rack, certSerialId: null, persistedOpState: null, persistedOpStateExpiryEpochSec: 0}
2023-08-25 11:36:12,582 [EventQueue-NewNodeForNewNodeHandler] INFO  pipeline.BackgroundPipelineCreator (BackgroundPipelineCreator.java:notifyEventTriggered(277)) - trigger a one-shot run on RatisPipelineUtilsThread.
2023-08-25 11:36:12,584 [RatisPipelineUtilsThread - 0] INFO  pipeline.RatisPipelineProvider (RatisPipelineProvider.java:lambda$create$0(206)) - Sending CreatePipelineCommand for pipeline:PipelineID=32710029-dcf2-487e-8bba-dcc22c7e2ed5 to datanode:8d6e1dbb-3941-4a04-b7a8-0c911dee3672
2023-08-25 11:36:12,584 [RatisPipelineUtilsThread - 0] INFO  pipeline.BackgroundPipelineCreator (BackgroundPipelineCreator.java:createPipelines(233)) - Created new pipeline Pipeline[ Id: 32710029-dcf2-487e-8bba-dcc22c7e2ed5, Nodes: 8d6e1dbb-3941-4a04-b7a8-0c911dee3672(fv-az508-118.q1hezrx03woe3mvmfegnvhq0ah.dx.internal.cloudapp.net/10.1.0.52), ReplicationConfig: RATIS/ONE, State:ALLOCATED, leaderId:, CreationTimestamp2023-08-25T11:36:12.584Z[Etc/UTC]]
2023-08-25 11:36:12,585 [RatisPipelineUtilsThread - 0] WARN  pipeline.PipelinePlacementPolicy (PipelinePlacementPolicy.java:filterViableNodes(166)) - Pipeline creation failed due to no sufficient healthy datanodes. Required 3. Found 1. Excluded 3.
2023-08-25 11:36:12,936 [main] INFO  ozone.MiniOzoneClusterImpl (MiniOzoneClusterImpl.java:lambda$waitForClusterToBeReady$0(224)) - Waiting for nodes to be ready. Got 4 of 5 DN Heartbeats.
2023-08-25 11:36:12,937 [main] INFO  ozone.MiniOzoneClusterImpl (MiniOzoneClusterImpl.java:lambda$waitForClusterToBeReady$0(227)) - Waiting for cluster to exit safe mode
2023-08-25 11:36:12,937 [main] INFO  ozone.MiniOzoneClusterImpl (MiniOzoneClusterImpl.java:lambda$waitForClusterToBeReady$0(229)) - SCM became leader
2023-08-25 11:36:12,939 [IPC Server handler 0 on default port 15108] INFO  net.NetworkTopologyImpl (NetworkTopologyImpl.java:add(112)) - Added a new node: /default-rack/b7348800-7ece-44e4-b1a8-355cecb1b7f9
2023-08-25 11:36:12,940 [IPC Server handler 0 on default port 15108] INFO  node.SCMNodeManager (SCMNodeManager.java:register(405)) - Registered Data node : b7348800-7ece-44e4-b1a8-355cecb1b7f9{ip: 10.1.0.52, host: fv-az508-118.q1hezrx03woe3mvmfegnvhq0ah.dx.internal.cloudapp.net, ports: [HTTP=15151, CLIENT_RPC=15152, REPLICATION=15158, RATIS=15154, RATIS_ADMIN=15155, RATIS_SERVER=15156, RATIS_DATASTREAM=15157, STANDALONE=15153], networkLocation: /default-rack, certSerialId: null, persistedOpState: null, persistedOpStateExpiryEpochSec: 0}
2023-08-25 11:36:12,940 [EventQueue-NewNodeForNewNodeHandler] INFO  pipeline.BackgroundPipelineCreator (BackgroundPipelineCreator.java:notifyEventTriggered(277)) - trigger a one-shot run on RatisPipelineUtilsThread.
2023-08-25 11:36:12,940 [RatisPipelineUtilsThread - 0] INFO  pipeline.RatisPipelineProvider (RatisPipelineProvider.java:lambda$create$0(206)) - Sending CreatePipelineCommand for pipeline:PipelineID=8f1f7c5f-c7e0-466b-b992-472dee4d08b4 to datanode:b7348800-7ece-44e4-b1a8-355cecb1b7f9
2023-08-25 11:36:12,941 [RatisPipelineUtilsThread - 0] INFO  pipeline.BackgroundPipelineCreator (BackgroundPipelineCreator.java:createPipelines(233)) - Created new pipeline Pipeline[ Id: 8f1f7c5f-c7e0-466b-b992-472dee4d08b4, Nodes: b7348800-7ece-44e4-b1a8-355cecb1b7f9(fv-az508-118.q1hezrx03woe3mvmfegnvhq0ah.dx.internal.cloudapp.net/10.1.0.52), ReplicationConfig: RATIS/ONE, State:ALLOCATED, leaderId:, CreationTimestamp2023-08-25T11:36:12.940Z[Etc/UTC]]
2023-08-25 11:36:12,942 [RatisPipelineUtilsThread - 0] WARN  pipeline.PipelinePlacementPolicy (PipelinePlacementPolicy.java:filterViableNodes(166)) - Pipeline creation failed due to no sufficient healthy datanodes. Required 3. Found 2. Excluded 3.
2023-08-25 11:36:13,938 [main] INFO  ozone.MiniOzoneClusterImpl (MiniOzoneClusterImpl.java:lambda$waitForClusterToBeReady$0(224)) - Nodes are ready. Got 5 of 5 DN Heartbeats.
2023-08-25 11:36:13,938 [main] INFO  ozone.MiniOzoneClusterImpl (MiniOzoneClusterImpl.java:lambda$waitForClusterToBeReady$0(227)) - Waiting for cluster to exit safe mode
2023-08-25 11:36:13,938 [main] INFO  ozone.MiniOzoneClusterImpl (MiniOzoneClusterImpl.java:lambda$waitForClusterToBeReady$0(229)) - SCM became leader
2023-08-25 11:36:14,317 [PipelineCommandHandlerThread-0] INFO  server.RaftServer (RaftServerProxy.java:addNew(98)) - 41c35b0f-7d09-466e-a425-34196dd2af10: addNew group-4FD54EB9C075:[41c35b0f-7d09-466e-a425-34196dd2af10|rpc:10.1.0.52:15120|admin:10.1.0.52:15119|client:10.1.0.52:15118|dataStream:10.1.0.52:15121|priority:1|startupRole:FOLLOWER] returns group-4FD54EB9C075:java.util.concurrent.CompletableFuture@7e47d39d[Not completed]
2023-08-25 11:36:14,318 [41c35b0f-7d09-466e-a425-34196dd2af10-groupManagement] INFO  server.RaftServer$Division (RaftServerImpl.java:<init>(198)) - 41c35b0f-7d09-466e-a425-34196dd2af10: new RaftServerImpl for group-4FD54EB9C075:[41c35b0f-7d09-466e-a425-34196dd2af10|rpc:10.1.0.52:15120|admin:10.1.0.52:15119|client:10.1.0.52:15118|dataStream:10.1.0.52:15121|priority:1|startupRole:FOLLOWER] with ContainerStateMachine:uninitialized
2023-08-25 11:36:14,318 [41c35b0f-7d09-466e-a425-34196dd2af10-groupManagement] INFO  server.RaftServerConfigKeys (ConfUtils.java:logGet(46)) - raft.server.rpc.timeout.min = 5s (custom)
2023-08-25 11:36:14,318 [41c35b0f-7d09-466e-a425-34196dd2af10-groupManagement] INFO  server.RaftServerConfigKeys (ConfUtils.java:logGet(46)) - raft.server.rpc.timeout.max = 5200ms (custom)
2023-08-25 11:36:14,318 [41c35b0f-7d09-466e-a425-34196dd2af10-groupManagement] INFO  server.RaftServerConfigKeys (ConfUtils.java:logGet(46)) - raft.server.rpc.sleep.time = 25ms (default)
2023-08-25 11:36:14,318 [41c35b0f-7d09-466e-a425-34196dd2af10-groupManagement] INFO  server.RaftServerConfigKeys (ConfUtils.java:logGet(46)) - raft.server.rpc.slowness.timeout = 300s (custom)
2023-08-25 11:36:14,318 [41c35b0f-7d09-466e-a425-34196dd2af10-groupManagement] INFO  server.RaftServerConfigKeys (ConfUtils.java:logGet(46)) - raft.server.leaderelection.leader.step-down.wait-time = 10s (default)
2023-08-25 11:36:14,318 [41c35b0f-7d09-466e-a425-34196dd2af10-groupManagement] INFO  server.RaftServerConfigKeys (ConfUtils.java:logGet(46)) - raft.server.sleep.deviation.threshold = 300ms (default)
2023-08-25 11:36:14,318 [41c35b0f-7d09-466e-a425-34196dd2af10-groupManagement] INFO  server.RaftServer$Division (ServerState.java:<init>(120)) - 41c35b0f-7d09-466e-a425-34196dd2af10@group-4FD54EB9C075: ConfigurationManager, init=-1: peers:[41c35b0f-7d09-466e-a425-34196dd2af10|rpc:10.1.0.52:15120|admin:10.1.0.52:15119|client:10.1.0.52:15118|dataStream:10.1.0.52:15121|priority:1|startupRole:FOLLOWER]|listeners:[], old=null, confs=<EMPTY_MAP>
2023-08-25 11:36:14,318 [41c35b0f-7d09-466e-a425-34196dd2af10-groupManagement] INFO  server.RaftServerConfigKeys (ConfUtils.java:logGet(46)) - raft.server.storage.dir = [/home/runner/work/ozone/ozone/hadoop-ozone/integration-test/target/test-dir/MiniOzoneClusterImpl-9e80f0e6-d3ce-4c33-b1a3-32fa2c9dea98/datanode-0/data/ratis] (custom)
2023-08-25 11:36:14,319 [41c35b0f-7d09-466e-a425-34196dd2af10-groupManagement] INFO  server.RaftServerConfigKeys (ConfUtils.java:logGet(46)) - raft.server.log.corruption.policy = EXCEPTION (default)
2023-08-25 11:36:14,319 [41c35b0f-7d09-466e-a425-34196dd2af10-groupManagement] INFO  server.RaftServerConfigKeys (ConfUtils.java:logGet(46)) - raft.server.storage.free-space.min = 0MB (=0) (default)
2023-08-25 11:36:14,319 [41c35b0f-7d09-466e-a425-34196dd2af10-groupManagement] INFO  server.RaftServerConfigKeys (ConfUtils.java:logGet(46)) - raft.server.notification.no-leader.timeout = 300s (custom)
2023-08-25 11:36:14,319 [41c35b0f-7d09-466e-a425-34196dd2af10-groupManagement] INFO  server.RaftServerConfigKeys (ConfUtils.java:logGet(46)) - raft.server.read.timeout = 10s (default)
2023-08-25 11:36:14,319 [41c35b0f-7d09-466e-a425-34196dd2af10-groupManagement] INFO  server.RaftServerConfigKeys (ConfUtils.java:logGet(46)) - raft.server.retrycache.expirytime = 600000ms (custom)
2023-08-25 11:36:14,319 [41c35b0f-7d09-466e-a425-34196dd2af10-groupManagement] INFO  server.RaftServerConfigKeys (ConfUtils.java:logGet(46)) - raft.server.retrycache.statistics.expirytime = 100μs (default)
2023-08-25 11:36:14,319 [41c35b0f-7d09-466e-a425-34196dd2af10-groupManagement] INFO  server.RaftServerConfigKeys (ConfUtils.java:logGet(46)) - raft.server.read.option = DEFAULT (default)
2023-08-25 11:36:14,320 [41c35b0f-7d09-466e-a425-34196dd2af10-groupManagement] INFO  server.RaftServerConfigKeys (ConfUtils.java:logGet(46)) - raft.server.rpc.request.timeout = 60s (custom)
2023-08-25 11:36:14,320 [41c35b0f-7d09-466e-a425-34196dd2af10-groupManagement] INFO  server.RaftServerConfigKeys (ConfUtils.java:logGet(46)) - raft.server.log.appender.install.snapshot.enabled = false (custom)
2023-08-25 11:36:14,320 [41c35b0f-7d09-466e-a425-34196dd2af10-groupManagement] INFO  server.RaftServerConfigKeys (ConfUtils.java:logGet(46)) - raft.server.threadpool.server.cached = true (default)
2023-08-25 11:36:14,320 [41c35b0f-7d09-466e-a425-34196dd2af10-groupManagement] INFO  server.RaftServerConfigKeys (ConfUtils.java:logGet(46)) - raft.server.threadpool.server.size = 0 (default)
2023-08-25 11:36:14,321 [41c35b0f-7d09-466e-a425-34196dd2af10-groupManagement] INFO  server.RaftServerConfigKeys (ConfUtils.java:logGet(46)) - raft.server.threadpool.client.cached = true (default)
2023-08-25 11:36:14,321 [41c35b0f-7d09-466e-a425-34196dd2af10-groupManagement] INFO  server.RaftServerConfigKeys (ConfUtils.java:logGet(46)) - raft.server.threadpool.client.size = 0 (default)
2023-08-25 11:36:14,321 [41c35b0f-7d09-466e-a425-34196dd2af10-groupManagement] INFO  storage.RaftStorageDirectory (RaftStorageDirectoryImpl.java:analyzeStorage(137)) - The storage directory /home/runner/work/ozone/ozone/hadoop-ozone/integration-test/target/test-dir/MiniOzoneClusterImpl-9e80f0e6-d3ce-4c33-b1a3-32fa2c9dea98/datanode-0/data/ratis/1499a42b-8f08-48f1-b12c-4fd54eb9c075 does not exist. Creating ...
2023-08-25 11:36:14,323 [41c35b0f-7d09-466e-a425-34196dd2af10-groupManagement] INFO  storage.RaftStorageDirectory (RaftStorageDirectoryImpl.java:tryLock(231)) - Lock on /home/runner/work/ozone/ozone/hadoop-ozone/integration-test/target/test-dir/MiniOzoneClusterImpl-9e80f0e6-d3ce-4c33-b1a3-32fa2c9dea98/datanode-0/data/ratis/1499a42b-8f08-48f1-b12c-4fd54eb9c075/in_use.lock acquired by nodename 61563@fv-az508-118
2023-08-25 11:36:14,325 [41c35b0f-7d09-466e-a425-34196dd2af10-groupManagement] INFO  storage.RaftStorage (RaftStorageImpl.java:format(96)) - Storage directory /home/runner/work/ozone/ozone/hadoop-ozone/integration-test/target/test-dir/MiniOzoneClusterImpl-9e80f0e6-d3ce-4c33-b1a3-32fa2c9dea98/datanode-0/data/ratis/1499a42b-8f08-48f1-b12c-4fd54eb9c075 has been successfully formatted.
2023-08-25 11:36:14,328 [41c35b0f-7d09-466e-a425-34196dd2af10-groupManagement] INFO  ratis.ContainerStateMachine (ContainerStateMachine.java:loadSnapshot(262)) - group-4FD54EB9C075: The snapshot info is null. Setting the last applied indexto:(t:0, i:~)
2023-08-25 11:36:14,329 [41c35b0f-7d09-466e-a425-34196dd2af10-groupManagement] INFO  server.RaftServerConfigKeys (ConfUtils.java:logGet(46)) - raft.server.log.use.memory = false (default)
2023-08-25 11:36:14,329 [41c35b0f-7d09-466e-a425-34196dd2af10-groupManagement] INFO  server.RaftServerConfigKeys (ConfUtils.java:logGet(46)) - raft.server.log.purge.gap = 1000000 (custom)
2023-08-25 11:36:14,329 [41c35b0f-7d09-466e-a425-34196dd2af10-groupManagement] INFO  server.RaftServerConfigKeys (ConfUtils.java:logGet(46)) - raft.server.log.appender.buffer.byte-limit = 33554432 (custom)
2023-08-25 11:36:14,329 [41c35b0f-7d09-466e-a425-34196dd2af10-groupManagement] INFO  server.RaftServerConfigKeys (ConfUtils.java:logGet(46)) - raft.server.log.statemachine.data.read.timeout = 1000ms (default)
2023-08-25 11:36:14,329 [41c35b0f-7d09-466e-a425-34196dd2af10-groupManagement] INFO  server.RaftServerConfigKeys (ConfUtils.java:logGet(46)) - raft.server.log.purge.preservation.log.num = 0 (default)
2023-08-25 11:36:14,329 [EventQueue-PipelineReportForPipelineReportHandler] INFO  pipeline.PipelineReportHandler (PipelineReportHandler.java:processPipelineReport(136)) - Opened pipeline PipelineID=1499a42b-8f08-48f1-b12c-4fd54eb9c075
2023-08-25 11:36:14,330 [41c35b0f-7d09-466e-a425-34196dd2af10-groupManagement] INFO  server.RaftServerConfigKeys (ConfUtils.java:logGet(46)) - raft.server.log.segment.size.max = 1048576 (custom)
2023-08-25 11:36:14,332 [41c35b0f-7d09-466e-a425-34196dd2af10-groupManagement] INFO  server.RaftServerConfigKeys (ConfUtils.java:logGet(46)) - raft.server.log.segment.cache.num.max = 2 (custom)
2023-08-25 11:36:14,332 [41c35b0f-7d09-466e-a425-34196dd2af10-groupManagement] INFO  server.RaftServerConfigKeys (ConfUtils.java:logGet(46)) - raft.server.log.segment.cache.size.max = 200MB (=209715200) (default)
2023-08-25 11:36:14,332 [41c35b0f-7d09-466e-a425-34196dd2af10-groupManagement] INFO  server.RaftServerConfigKeys (ConfUtils.java:logGet(46)) - raft.server.log.appender.buffer.byte-limit = 33554432 (custom)
2023-08-25 11:36:14,332 [41c35b0f-7d09-466e-a425-34196dd2af10-groupManagement] INFO  segmented.SegmentedRaftLogWorker (SegmentedRaftLogWorker.java:<init>(188)) - new 41c35b0f-7d09-466e-a425-34196dd2af10@group-4FD54EB9C075-SegmentedRaftLogWorker for RaftStorageImpl:Storage Directory /home/runner/work/ozone/ozone/hadoop-ozone/integration-test/target/test-dir/MiniOzoneClusterImpl-9e80f0e6-d3ce-4c33-b1a3-32fa2c9dea98/datanode-0/data/ratis/1499a42b-8f08-48f1-b12c-4fd54eb9c075
2023-08-25 11:36:14,332 [41c35b0f-7d09-466e-a425-34196dd2af10-groupManagement] INFO  server.RaftServerConfigKeys (ConfUtils.java:logGet(46)) - raft.server.log.queue.byte-limit = 4294967296 (custom)
2023-08-25 11:36:14,332 [41c35b0f-7d09-466e-a425-34196dd2af10-groupManagement] INFO  server.RaftServerConfigKeys (ConfUtils.java:logGet(46)) - raft.server.log.queue.element-limit = 1024 (custom)
2023-08-25 11:36:14,332 [41c35b0f-7d09-466e-a425-34196dd2af10-groupManagement] INFO  server.RaftServerConfigKeys (ConfUtils.java:logGet(46)) - raft.server.log.segment.size.max = 1048576 (custom)
2023-08-25 11:36:14,332 [41c35b0f-7d09-466e-a425-34196dd2af10-groupManagement] INFO  server.RaftServerConfigKeys (ConfUtils.java:logGet(46)) - raft.server.log.preallocated.size = 16384 (custom)
2023-08-25 11:36:14,332 [41c35b0f-7d09-466e-a425-34196dd2af10-groupManagement] INFO  server.RaftServerConfigKeys (ConfUtils.java:logGet(46)) - raft.server.log.force.sync.num = 128 (default)
2023-08-25 11:36:14,332 [41c35b0f-7d09-466e-a425-34196dd2af10-groupManagement] INFO  server.RaftServerConfigKeys (ConfUtils.java:logGet(46)) - raft.server.log.statemachine.data.sync = true (default)
2023-08-25 11:36:14,332 [41c35b0f-7d09-466e-a425-34196dd2af10-groupManagement] INFO  server.RaftServerConfigKeys (ConfUtils.java:logGet(46)) - raft.server.log.statemachine.data.sync.timeout = 10s (default)
2023-08-25 11:36:14,332 [41c35b0f-7d09-466e-a425-34196dd2af10-groupManagement] INFO  server.RaftServerConfigKeys (ConfUtils.java:logGet(46)) - raft.server.log.statemachine.data.sync.timeout.retry = -1 (default)
2023-08-25 11:36:14,333 [41c35b0f-7d09-466e-a425-34196dd2af10-groupManagement] INFO  server.RaftServerConfigKeys (ConfUtils.java:logGet(46)) - raft.server.log.write.buffer.size = 1048576 (custom)
2023-08-25 11:36:14,334 [41c35b0f-7d09-466e-a425-34196dd2af10-groupManagement] INFO  server.RaftServerConfigKeys (ConfUtils.java:logGet(46)) - raft.server.log.appender.buffer.byte-limit = 33554432 (custom)
2023-08-25 11:36:14,343 [41c35b0f-7d09-466e-a425-34196dd2af10-groupManagement] INFO  server.RaftServerConfigKeys (ConfUtils.java:logGet(46)) - raft.server.log.unsafe-flush.enabled = false (default)
2023-08-25 11:36:14,343 [EventQueue-OpenPipelineForHealthyPipelineSafeModeRule] INFO  safemode.SCMSafeModeManager (HealthyPipelineSafeModeRule.java:process(137)) - SCM in safe mode. Healthy pipelines reported count is 0, required healthy pipeline reported count is 1
2023-08-25 11:36:14,343 [41c35b0f-7d09-466e-a425-34196dd2af10-groupManagement] INFO  server.RaftServerConfigKeys (ConfUtils.java:logGet(46)) - raft.server.log.async-flush.enabled = false (default)
2023-08-25 11:36:14,345 [41c35b0f-7d09-466e-a425-34196dd2af10-groupManagement] INFO  server.RaftServerConfigKeys (ConfUtils.java:logGet(46)) - raft.server.log.statemachine.data.caching.enabled = true (custom)
2023-08-25 11:36:14,346 [41c35b0f-7d09-466e-a425-34196dd2af10-groupManagement] INFO  segmented.SegmentedRaftLogWorker (SegmentedRaftLogWorker.java:lambda$new$0(135)) - 41c35b0f-7d09-466e-a425-34196dd2af10@group-4FD54EB9C075-SegmentedRaftLogWorker: flushIndex: setUnconditionally 0 -> -1
2023-08-25 11:36:14,346 [41c35b0f-7d09-466e-a425-34196dd2af10-groupManagement] INFO  segmented.SegmentedRaftLogWorker (SegmentedRaftLogWorker.java:lambda$new$0(135)) - 41c35b0f-7d09-466e-a425-34196dd2af10@group-4FD54EB9C075-SegmentedRaftLogWorker: safeCacheEvictIndex: setUnconditionally 0 -> -1
2023-08-25 11:36:14,349 [41c35b0f-7d09-466e-a425-34196dd2af10-groupManagement] INFO  server.RaftServer$Division (RaftServerImpl.java:start(342)) - 41c35b0f-7d09-466e-a425-34196dd2af10@group-4FD54EB9C075: start as a follower, conf=-1: peers:[41c35b0f-7d09-466e-a425-34196dd2af10|rpc:10.1.0.52:15120|admin:10.1.0.52:15119|client:10.1.0.52:15118|dataStream:10.1.0.52:15121|priority:1|startupRole:FOLLOWER]|listeners:[], old=null
2023-08-25 11:36:14,349 [41c35b0f-7d09-466e-a425-34196dd2af10-groupManagement] INFO  server.RaftServer$Division (RaftServerImpl.java:setRole(329)) - 41c35b0f-7d09-466e-a425-34196dd2af10@group-4FD54EB9C075: changes role from      null to FOLLOWER at term 0 for startAsFollower
2023-08-25 11:36:14,350 [41c35b0f-7d09-466e-a425-34196dd2af10-groupManagement] INFO  impl.RoleInfo (RoleInfo.java:updateAndGet(139)) - 41c35b0f-7d09-466e-a425-34196dd2af10: start 41c35b0f-7d09-466e-a425-34196dd2af10@group-4FD54EB9C075-FollowerState
2023-08-25 11:36:14,353 [41c35b0f-7d09-466e-a425-34196dd2af10-groupManagement] INFO  util.JmxRegister (JmxRegister.java:tryRegister(44)) - Successfully registered JMX Bean with object name Ratis:service=RaftServer,group=group-4FD54EB9C075,id=41c35b0f-7d09-466e-a425-34196dd2af10
2023-08-25 11:36:14,354 [41c35b0f-7d09-466e-a425-34196dd2af10-groupManagement] INFO  server.RaftServerConfigKeys (ConfUtils.java:logGet(46)) - raft.server.snapshot.auto.trigger.enabled = true (custom)
2023-08-25 11:36:14,354 [41c35b0f-7d09-466e-a425-34196dd2af10-groupManagement] INFO  server.RaftServerConfigKeys (ConfUtils.java:logGet(46)) - raft.server.snapshot.auto.trigger.threshold = 10000 (custom)
2023-08-25 11:36:14,354 [41c35b0f-7d09-466e-a425-34196dd2af10-groupManagement] INFO  server.RaftServerConfigKeys (ConfUtils.java:logGet(46)) - raft.server.snapshot.retention.file.num = 5 (custom)
2023-08-25 11:36:14,354 [41c35b0f-7d09-466e-a425-34196dd2af10-groupManagement] INFO  server.RaftServerConfigKeys (ConfUtils.java:logGet(46)) - raft.server.log.purge.upto.snapshot.index = false (default)
2023-08-25 11:36:14,355 [41c35b0f-7d09-466e-a425-34196dd2af10@group-4FD54EB9C075-FollowerState] INFO  server.RaftServerConfigKeys (ConfUtils.java:logFallback(53)) - raft.server.rpc.first-election.timeout.min = 5s (fallback to raft.server.rpc.timeout.min)
2023-08-25 11:36:14,355 [41c35b0f-7d09-466e-a425-34196dd2af10@group-4FD54EB9C075-FollowerState] INFO  server.RaftServerConfigKeys (ConfUtils.java:logFallback(53)) - raft.server.rpc.first-election.timeout.max = 5200ms (fallback to raft.server.rpc.timeout.max)
2023-08-25 11:36:14,357 [PipelineCommandHandlerThread-0] INFO  ratis.XceiverServerRatis (XceiverServerRatis.java:addGroup(804)) - Created group PipelineID=1499a42b-8f08-48f1-b12c-4fd54eb9c075
2023-08-25 11:36:14,358 [PipelineCommandHandlerThread-0] INFO  commandhandler.CreatePipelineCommandHandler (CreatePipelineCommandHandler.java:lambda$handle$2(124)) - Created Pipeline RATIS ONE PipelineID=1499a42b-8f08-48f1-b12c-4fd54eb9c075.
2023-08-25 11:36:14,358 [PipelineCommandHandlerThread-0] INFO  server.RaftServer (RaftServerProxy.java:addNew(98)) - 41c35b0f-7d09-466e-a425-34196dd2af10: addNew group-6ECDDACB944F:[c6e0d301-09b2-4368-8fbf-181ce26f0a67|rpc:10.1.0.52:15138|admin:10.1.0.52:15137|client:10.1.0.52:15136|dataStream:10.1.0.52:15139|priority:1|startupRole:FOLLOWER, 41c35b0f-7d09-466e-a425-34196dd2af10|rpc:10.1.0.52:15120|admin:10.1.0.52:15119|client:10.1.0.52:15118|dataStream:10.1.0.52:15121|priority:0|startupRole:FOLLOWER, b4d41a5a-7f8b-4359-a921-685918a3749b|rpc:10.1.0.52:15129|admin:10.1.0.52:15128|client:10.1.0.52:15127|dataStream:10.1.0.52:15130|priority:0|startupRole:FOLLOWER] returns group-6ECDDACB944F:java.util.concurrent.CompletableFuture@7a78588d[Not completed]
2023-08-25 11:36:14,359 [41c35b0f-7d09-466e-a425-34196dd2af10-groupManagement] INFO  server.RaftServer$Division (RaftServerImpl.java:<init>(198)) - 41c35b0f-7d09-466e-a425-34196dd2af10: new RaftServerImpl for group-6ECDDACB944F:[c6e0d301-09b2-4368-8fbf-181ce26f0a67|rpc:10.1.0.52:15138|admin:10.1.0.52:15137|client:10.1.0.52:15136|dataStream:10.1.0.52:15139|priority:1|startupRole:FOLLOWER, 41c35b0f-7d09-466e-a425-34196dd2af10|rpc:10.1.0.52:15120|admin:10.1.0.52:15119|client:10.1.0.52:15118|dataStream:10.1.0.52:15121|priority:0|startupRole:FOLLOWER, b4d41a5a-7f8b-4359-a921-685918a3749b|rpc:10.1.0.52:15129|admin:10.1.0.52:15128|client:10.1.0.52:15127|dataStream:10.1.0.52:15130|priority:0|startupRole:FOLLOWER] with ContainerStateMachine:uninitialized
2023-08-25 11:36:14,359 [41c35b0f-7d09-466e-a425-34196dd2af10-groupManagement] INFO  server.RaftServerConfigKeys (ConfUtils.java:logGet(46)) - raft.server.rpc.timeout.min = 5s (custom)
2023-08-25 11:36:14,359 [41c35b0f-7d09-466e-a425-34196dd2af10-groupManagement] INFO  server.RaftServerConfigKeys (ConfUtils.java:logGet(46)) - raft.server.rpc.timeout.max = 5200ms (custom)
2023-08-25 11:36:14,359 [41c35b0f-7d09-466e-a425-34196dd2af10-groupManagement] INFO  server.RaftServerConfigKeys (ConfUtils.java:logGet(46)) - raft.server.rpc.sleep.time = 25ms (default)
2023-08-25 11:36:14,359 [41c35b0f-7d09-466e-a425-34196dd2af10-groupManagement] INFO  server.RaftServerConfigKeys (ConfUtils.java:logGet(46)) - raft.server.rpc.slowness.timeout = 300s (custom)
2023-08-25 11:36:14,359 [41c35b0f-7d09-466e-a425-34196dd2af10-groupManagement] INFO  server.RaftServerConfigKeys (ConfUtils.java:logGet(46)) - raft.server.leaderelection.leader.step-down.wait-time = 10s (default)
2023-08-25 11:36:14,359 [41c35b0f-7d09-466e-a425-34196dd2af10-groupManagement] INFO  server.RaftServerConfigKeys (ConfUtils.java:logGet(46)) - raft.server.sleep.deviation.threshold = 300ms (default)
2023-08-25 11:36:14,359 [41c35b0f-7d09-466e-a425-34196dd2af10-groupManagement] INFO  server.RaftServer$Division (ServerState.java:<init>(120)) - 41c35b0f-7d09-466e-a425-34196dd2af10@group-6ECDDACB944F: ConfigurationManager, init=-1: peers:[c6e0d301-09b2-4368-8fbf-181ce26f0a67|rpc:10.1.0.52:15138|admin:10.1.0.52:15137|client:10.1.0.52:15136|dataStream:10.1.0.52:15139|priority:1|startupRole:FOLLOWER, 41c35b0f-7d09-466e-a425-34196dd2af10|rpc:10.1.0.52:15120|admin:10.1.0.52:15119|client:10.1.0.52:15118|dataStream:10.1.0.52:15121|priority:0|startupRole:FOLLOWER, b4d41a5a-7f8b-4359-a921-685918a3749b|rpc:10.1.0.52:15129|admin:10.1.0.52:15128|client:10.1.0.52:15127|dataStream:10.1.0.52:15130|priority:0|startupRole:FOLLOWER]|listeners:[], old=null, confs=<EMPTY_MAP>
2023-08-25 11:36:14,360 [41c35b0f-7d09-466e-a425-34196dd2af10-groupManagement] INFO  server.RaftServerConfigKeys (ConfUtils.java:logGet(46)) - raft.server.storage.dir = [/home/runner/work/ozone/ozone/hadoop-ozone/integration-test/target/test-dir/MiniOzoneClusterImpl-9e80f0e6-d3ce-4c33-b1a3-32fa2c9dea98/datanode-0/data/ratis] (custom)
2023-08-25 11:36:14,360 [41c35b0f-7d09-466e-a425-34196dd2af10-groupManagement] INFO  server.RaftServerConfigKeys (ConfUtils.java:logGet(46)) - raft.server.log.corruption.policy = EXCEPTION (default)
2023-08-25 11:36:14,360 [41c35b0f-7d09-466e-a425-34196dd2af10-groupManagement] INFO  server.RaftServerConfigKeys (ConfUtils.java:logGet(46)) - raft.server.storage.free-space.min = 0MB (=0) (default)
2023-08-25 11:36:14,361 [41c35b0f-7d09-466e-a425-34196dd2af10-groupManagement] INFO  server.RaftServerConfigKeys (ConfUtils.java:logGet(46)) - raft.server.notification.no-leader.timeout = 300s (custom)
2023-08-25 11:36:14,361 [41c35b0f-7d09-466e-a425-34196dd2af10-groupManagement] INFO  server.RaftServerConfigKeys (ConfUtils.java:logGet(46)) - raft.server.read.timeout = 10s (default)
2023-08-25 11:36:14,361 [41c35b0f-7d09-466e-a425-34196dd2af10-groupManagement] INFO  server.RaftServerConfigKeys (ConfUtils.java:logGet(46)) - raft.server.retrycache.expirytime = 600000ms (custom)
2023-08-25 11:36:14,361 [41c35b0f-7d09-466e-a425-34196dd2af10-groupManagement] INFO  server.RaftServerConfigKeys (ConfUtils.java:logGet(46)) - raft.server.retrycache.statistics.expirytime = 100μs (default)
2023-08-25 11:36:14,361 [41c35b0f-7d09-466e-a425-34196dd2af10-groupManagement] INFO  server.RaftServerConfigKeys (ConfUtils.java:logGet(46)) - raft.server.read.option = DEFAULT (default)
2023-08-25 11:36:14,362 [41c35b0f-7d09-466e-a425-34196dd2af10-groupManagement] INFO  server.RaftServerConfigKeys (ConfUtils.java:logGet(46)) - raft.server.rpc.request.timeout = 60s (custom)
2023-08-25 11:36:14,362 [41c35b0f-7d09-466e-a425-34196dd2af10-groupManagement] INFO  server.RaftServerConfigKeys (ConfUtils.java:logGet(46)) - raft.server.log.appender.install.snapshot.enabled = false (custom)
2023-08-25 11:36:14,362 [41c35b0f-7d09-466e-a425-34196dd2af10-groupManagement] INFO  server.RaftServerConfigKeys (ConfUtils.java:logGet(46)) - raft.server.threadpool.server.cached = true (default)
2023-08-25 11:36:14,362 [41c35b0f-7d09-466e-a425-34196dd2af10-groupManagement] INFO  server.RaftServerConfigKeys (ConfUtils.java:logGet(46)) - raft.server.threadpool.server.size = 0 (default)
2023-08-25 11:36:14,362 [41c35b0f-7d09-466e-a425-34196dd2af10-groupManagement] INFO  server.RaftServerConfigKeys (ConfUtils.java:logGet(46)) - raft.server.threadpool.client.cached = true (default)
2023-08-25 11:36:14,362 [41c35b0f-7d09-466e-a425-34196dd2af10-groupManagement] INFO  server.RaftServerConfigKeys (ConfUtils.java:logGet(46)) - raft.server.threadpool.client.size = 0 (default)
2023-08-25 11:36:14,362 [41c35b0f-7d09-466e-a425-34196dd2af10-groupManagement] INFO  storage.RaftStorageDirectory (RaftStorageDirectoryImpl.java:analyzeStorage(137)) - The storage directory /home/runner/work/ozone/ozone/hadoop-ozone/integration-test/target/test-dir/MiniOzoneClusterImpl-9e80f0e6-d3ce-4c33-b1a3-32fa2c9dea98/datanode-0/data/ratis/8d62c634-b253-40da-84de-6ecddacb944f does not exist. Creating ...
2023-08-25 11:36:14,364 [41c35b0f-7d09-466e-a425-34196dd2af10-groupManagement] INFO  storage.RaftStorageDirectory (RaftStorageDirectoryImpl.java:tryLock(231)) - Lock on /home/runner/work/ozone/ozone/hadoop-ozone/integration-test/target/test-dir/MiniOzoneClusterImpl-9e80f0e6-d3ce-4c33-b1a3-32fa2c9dea98/datanode-0/data/ratis/8d62c634-b253-40da-84de-6ecddacb944f/in_use.lock acquired by nodename 61563@fv-az508-118
2023-08-25 11:36:14,365 [41c35b0f-7d09-466e-a425-34196dd2af10-groupManagement] INFO  storage.RaftStorage (RaftStorageImpl.java:format(96)) - Storage directory /home/runner/work/ozone/ozone/hadoop-ozone/integration-test/target/test-dir/MiniOzoneClusterImpl-9e80f0e6-d3ce-4c33-b1a3-32fa2c9dea98/datanode-0/data/ratis/8d62c634-b253-40da-84de-6ecddacb944f has been successfully formatted.
2023-08-25 11:36:14,367 [41c35b0f-7d09-466e-a425-34196dd2af10-groupManagement] INFO  ratis.ContainerStateMachine (ContainerStateMachine.java:loadSnapshot(262)) - group-6ECDDACB944F: The snapshot info is null. Setting the last applied indexto:(t:0, i:~)
2023-08-25 11:36:14,367 [41c35b0f-7d09-466e-a425-34196dd2af10-groupManagement] INFO  server.RaftServerConfigKeys (ConfUtils.java:logGet(46)) - raft.server.log.use.memory = false (default)
2023-08-25 11:36:14,367 [41c35b0f-7d09-466e-a425-34196dd2af10-groupManagement] INFO  server.RaftServerConfigKeys (ConfUtils.java:logGet(46)) - raft.server.log.purge.gap = 1000000 (custom)
2023-08-25 11:36:14,367 [41c35b0f-7d09-466e-a425-34196dd2af10-groupManagement] INFO  server.RaftServerConfigKeys (ConfUtils.java:logGet(46)) - raft.server.log.appender.buffer.byte-limit = 33554432 (custom)
2023-08-25 11:36:14,367 [41c35b0f-7d09-466e-a425-34196dd2af10-groupManagement] INFO  server.RaftServerConfigKeys (ConfUtils.java:logGet(46)) - raft.server.log.statemachine.data.read.timeout = 1000ms (default)
2023-08-25 11:36:14,368 [41c35b0f-7d09-466e-a425-34196dd2af10-groupManagement] INFO  server.RaftServerConfigKeys (ConfUtils.java:logGet(46)) - raft.server.log.purge.preservation.log.num = 0 (default)
2023-08-25 11:36:14,368 [EventQueue-OpenPipelineForHealthyPipelineSafeModeRule] INFO  safemode.SCMSafeModeManager (HealthyPipelineSafeModeRule.java:process(137)) - SCM in safe mode. Healthy pipelines reported count is 0, required healthy pipeline reported count is 1
2023-08-25 11:36:14,369 [41c35b0f-7d09-466e-a425-34196dd2af10-groupManagement] INFO  server.RaftServerConfigKeys (ConfUtils.java:logGet(46)) - raft.server.log.segment.size.max = 1048576 (custom)
2023-08-25 11:36:14,369 [41c35b0f-7d09-466e-a425-34196dd2af10-groupManagement] INFO  server.RaftServerConfigKeys (ConfUtils.java:logGet(46)) - raft.server.log.segment.cache.num.max = 2 (custom)
2023-08-25 11:36:14,369 [41c35b0f-7d09-466e-a425-34196dd2af10-groupManagement] INFO  server.RaftServerConfigKeys (ConfUtils.java:logGet(46)) - raft.server.log.segment.cache.size.max = 200MB (=209715200) (default)
2023-08-25 11:36:14,369 [41c35b0f-7d09-466e-a425-34196dd2af10-groupManagement] INFO  server.RaftServerConfigKeys (ConfUtils.java:logGet(46)) - raft.server.log.appender.buffer.byte-limit = 33554432 (custom)
2023-08-25 11:36:14,369 [41c35b0f-7d09-466e-a425-34196dd2af10-groupManagement] INFO  segmented.SegmentedRaftLogWorker (SegmentedRaftLogWorker.java:<init>(188)) - new 41c35b0f-7d09-466e-a425-34196dd2af10@group-6ECDDACB944F-SegmentedRaftLogWorker for RaftStorageImpl:Storage Directory /home/runner/work/ozone/ozone/hadoop-ozone/integration-test/target/test-dir/MiniOzoneClusterImpl-9e80f0e6-d3ce-4c33-b1a3-32fa2c9dea98/datanode-0/data/ratis/8d62c634-b253-40da-84de-6ecddacb944f
2023-08-25 11:36:14,369 [41c35b0f-7d09-466e-a425-34196dd2af10-groupManagement] INFO  server.RaftServerConfigKeys (ConfUtils.java:logGet(46)) - raft.server.log.queue.byte-limit = 4294967296 (custom)
2023-08-25 11:36:14,369 [41c35b0f-7d09-466e-a425-34196dd2af10-groupManagement] INFO  server.RaftServerConfigKeys (ConfUtils.java:logGet(46)) - raft.server.log.queue.element-limit = 1024 (custom)
2023-08-25 11:36:14,370 [41c35b0f-7d09-466e-a425-34196dd2af10-groupManagement] INFO  server.RaftServerConfigKeys (ConfUtils.java:logGet(46)) - raft.server.log.segment.size.max = 1048576 (custom)
2023-08-25 11:36:14,370 [41c35b0f-7d09-466e-a425-34196dd2af10-groupManagement] INFO  server.RaftServerConfigKeys (ConfUtils.java:logGet(46)) - raft.server.log.preallocated.size = 16384 (custom)
2023-08-25 11:36:14,370 [41c35b0f-7d09-466e-a425-34196dd2af10-groupManagement] INFO  server.RaftServerConfigKeys (ConfUtils.java:logGet(46)) - raft.server.log.force.sync.num = 128 (default)
2023-08-25 11:36:14,370 [41c35b0f-7d09-466e-a425-34196dd2af10-groupManagement] INFO  server.RaftServerConfigKeys (ConfUtils.java:logGet(46)) - raft.server.log.statemachine.data.sync = true (default)
2023-08-25 11:36:14,370 [41c35b0f-7d09-466e-a425-34196dd2af10-groupManagement] INFO  server.RaftServerConfigKeys (ConfUtils.java:logGet(46)) - raft.server.log.statemachine.data.sync.timeout = 10s (default)
2023-08-25 11:36:14,370 [41c35b0f-7d09-466e-a425-34196dd2af10-groupManagement] INFO  server.RaftServerConfigKeys (ConfUtils.java:logGet(46)) - raft.server.log.statemachine.data.sync.timeout.retry = -1 (default)
2023-08-25 11:36:14,371 [41c35b0f-7d09-466e-a425-34196dd2af10-groupManagement] INFO  server.RaftServerConfigKeys (ConfUtils.java:logGet(46)) - raft.server.log.write.buffer.size = 1048576 (custom)
2023-08-25 11:36:14,371 [41c35b0f-7d09-466e-a425-34196dd2af10-groupManagement] INFO  server.RaftServerConfigKeys (ConfUtils.java:logGet(46)) - raft.server.log.appender.buffer.byte-limit = 33554432 (custom)
2023-08-25 11:36:14,378 [41c35b0f-7d09-466e-a425-34196dd2af10-groupManagement] INFO  server.RaftServerConfigKeys (ConfUtils.java:logGet(46)) - raft.server.log.unsafe-flush.enabled = false (default)
2023-08-25 11:36:14,378 [41c35b0f-7d09-466e-a425-34196dd2af10-groupManagement] INFO  server.RaftServerConfigKeys (ConfUtils.java:logGet(46)) - raft.server.log.async-flush.enabled = false (default)
2023-08-25 11:36:14,378 [41c35b0f-7d09-466e-a425-34196dd2af10-groupManagement] INFO  server.RaftServerConfigKeys (ConfUtils.java:logGet(46)) - raft.server.log.statemachine.data.caching.enabled = true (custom)
2023-08-25 11:36:14,378 [41c35b0f-7d09-466e-a425-34196dd2af10-groupManagement] INFO  segmented.SegmentedRaftLogWorker (SegmentedRaftLogWorker.java:lambda$new$0(135)) - 41c35b0f-7d09-466e-a425-34196dd2af10@group-6ECDDACB944F-SegmentedRaftLogWorker: flushIndex: setUnconditionally 0 -> -1
2023-08-25 11:36:14,378 [41c35b0f-7d09-466e-a425-34196dd2af10-groupManagement] INFO  segmented.SegmentedRaftLogWorker (SegmentedRaftLogWorker.java:lambda$new$0(135)) - 41c35b0f-7d09-466e-a425-34196dd2af10@group-6ECDDACB944F-SegmentedRaftLogWorker: safeCacheEvictIndex: setUnconditionally 0 -> -1
2023-08-25 11:36:14,381 [41c35b0f-7d09-466e-a425-34196dd2af10-groupManagement] INFO  server.RaftServer$Division (RaftServerImpl.java:start(342)) - 41c35b0f-7d09-466e-a425-34196dd2af10@group-6ECDDACB944F: start as a follower, conf=-1: peers:[c6e0d301-09b2-4368-8fbf-181ce26f0a67|rpc:10.1.0.52:15138|admin:10.1.0.52:15137|client:10.1.0.52:15136|dataStream:10.1.0.52:15139|priority:1|startupRole:FOLLOWER, 41c35b0f-7d09-466e-a425-34196dd2af10|rpc:10.1.0.52:15120|admin:10.1.0.52:15119|client:10.1.0.52:15118|dataStream:10.1.0.52:15121|priority:0|startupRole:FOLLOWER, b4d41a5a-7f8b-4359-a921-685918a3749b|rpc:10.1.0.52:15129|admin:10.1.0.52:15128|client:10.1.0.52:15127|dataStream:10.1.0.52:15130|priority:0|startupRole:FOLLOWER]|listeners:[], old=null
2023-08-25 11:36:14,382 [41c35b0f-7d09-466e-a425-34196dd2af10-groupManagement] INFO  server.RaftServer$Division (RaftServerImpl.java:setRole(329)) - 41c35b0f-7d09-466e-a425-34196dd2af10@group-6ECDDACB944F: changes role from      null to FOLLOWER at term 0 for startAsFollower
2023-08-25 11:36:14,382 [41c35b0f-7d09-466e-a425-34196dd2af10-groupManagement] INFO  impl.RoleInfo (RoleInfo.java:updateAndGet(139)) - 41c35b0f-7d09-466e-a425-34196dd2af10: start 41c35b0f-7d09-466e-a425-34196dd2af10@group-6ECDDACB944F-FollowerState
2023-08-25 11:36:14,400 [41c35b0f-7d09-466e-a425-34196dd2af10-groupManagement] INFO  util.JmxRegister (JmxRegister.java:tryRegister(44)) - Successfully registered JMX Bean with object name Ratis:service=RaftServer,group=group-6ECDDACB944F,id=41c35b0f-7d09-466e-a425-34196dd2af10
2023-08-25 11:36:14,400 [41c35b0f-7d09-466e-a425-34196dd2af10-groupManagement] INFO  server.RaftServerConfigKeys (ConfUtils.java:logGet(46)) - raft.server.snapshot.auto.trigger.enabled = true (custom)
2023-08-25 11:36:14,400 [41c35b0f-7d09-466e-a425-34196dd2af10-groupManagement] INFO  server.RaftServerConfigKeys (ConfUtils.java:logGet(46)) - raft.server.snapshot.auto.trigger.threshold = 10000 (custom)
2023-08-25 11:36:14,400 [41c35b0f-7d09-466e-a425-34196dd2af10-groupManagement] INFO  server.RaftServerConfigKeys (ConfUtils.java:logGet(46)) - raft.server.snapshot.retention.file.num = 5 (custom)
2023-08-25 11:36:14,400 [41c35b0f-7d09-466e-a425-34196dd2af10-groupManagement] INFO  server.RaftServerConfigKeys (ConfUtils.java:logGet(46)) - raft.server.log.purge.upto.snapshot.index = false (default)
2023-08-25 11:36:14,401 [41c35b0f-7d09-466e-a425-34196dd2af10@group-6ECDDACB944F-FollowerState] INFO  server.RaftServerConfigKeys (ConfUtils.java:logFallback(53)) - raft.server.rpc.first-election.timeout.min = 5s (fallback to raft.server.rpc.timeout.min)
2023-08-25 11:36:14,401 [41c35b0f-7d09-466e-a425-34196dd2af10@group-6ECDDACB944F-FollowerState] INFO  server.RaftServerConfigKeys (ConfUtils.java:logFallback(53)) - raft.server.rpc.first-election.timeout.max = 5200ms (fallback to raft.server.rpc.timeout.max)
2023-08-25 11:36:14,404 [PipelineCommandHandlerThread-0] INFO  ratis.XceiverServerRatis (XceiverServerRatis.java:addGroup(804)) - Created group PipelineID=8d62c634-b253-40da-84de-6ecddacb944f
2023-08-25 11:36:14,417 [grpc-default-executor-0] INFO  server.RaftServer (RaftServerProxy.java:addNew(98)) - c6e0d301-09b2-4368-8fbf-181ce26f0a67: addNew group-6ECDDACB944F:[c6e0d301-09b2-4368-8fbf-181ce26f0a67|rpc:10.1.0.52:15138|admin:10.1.0.52:15137|client:10.1.0.52:15136|dataStream:10.1.0.52:15139|priority:1|startupRole:FOLLOWER, 41c35b0f-7d09-466e-a425-34196dd2af10|rpc:10.1.0.52:15120|admin:10.1.0.52:15119|client:10.1.0.52:15118|dataStream:10.1.0.52:15121|priority:0|startupRole:FOLLOWER, b4d41a5a-7f8b-4359-a921-685918a3749b|rpc:10.1.0.52:15129|admin:10.1.0.52:15128|client:10.1.0.52:15127|dataStream:10.1.0.52:15130|priority:0|startupRole:FOLLOWER] returns group-6ECDDACB944F:java.util.concurrent.CompletableFuture@6fedc8c8[Not completed]
2023-08-25 11:36:14,418 [c6e0d301-09b2-4368-8fbf-181ce26f0a67-groupManagement] INFO  server.RaftServer$Division (RaftServerImpl.java:<init>(198)) - c6e0d301-09b2-4368-8fbf-181ce26f0a67: new RaftServerImpl for group-6ECDDACB944F:[c6e0d301-09b2-4368-8fbf-181ce26f0a67|rpc:10.1.0.52:15138|admin:10.1.0.52:15137|client:10.1.0.52:15136|dataStream:10.1.0.52:15139|priority:1|startupRole:FOLLOWER, 41c35b0f-7d09-466e-a425-34196dd2af10|rpc:10.1.0.52:15120|admin:10.1.0.52:15119|client:10.1.0.52:15118|dataStream:10.1.0.52:15121|priority:0|startupRole:FOLLOWER, b4d41a5a-7f8b-4359-a921-685918a3749b|rpc:10.1.0.52:15129|admin:10.1.0.52:15128|client:10.1.0.52:15127|dataStream:10.1.0.52:15130|priority:0|startupRole:FOLLOWER] with ContainerStateMachine:uninitialized
2023-08-25 11:36:14,418 [c6e0d301-09b2-4368-8fbf-181ce26f0a67-groupManagement] INFO  server.RaftServerConfigKeys (ConfUtils.java:logGet(46)) - raft.server.rpc.timeout.min = 5s (custom)
2023-08-25 11:36:14,418 [c6e0d301-09b2-4368-8fbf-181ce26f0a67-groupManagement] INFO  server.RaftServerConfigKeys (ConfUtils.java:logGet(46)) - raft.server.rpc.timeout.max = 5200ms (custom)
2023-08-25 11:36:14,418 [c6e0d301-09b2-4368-8fbf-181ce26f0a67-groupManagement] INFO  server.RaftServerConfigKeys (ConfUtils.java:logGet(46)) - raft.server.rpc.sleep.time = 25ms (default)
2023-08-25 11:36:14,419 [c6e0d301-09b2-4368-8fbf-181ce26f0a67-groupManagement] INFO  server.RaftServerConfigKeys (ConfUtils.java:logGet(46)) - raft.server.rpc.slowness.timeout = 300s (custom)
2023-08-25 11:36:14,419 [c6e0d301-09b2-4368-8fbf-181ce26f0a67-groupManagement] INFO  server.RaftServerConfigKeys (ConfUtils.java:logGet(46)) - raft.server.leaderelection.leader.step-down.wait-time = 10s (default)
2023-08-25 11:36:14,419 [c6e0d301-09b2-4368-8fbf-181ce26f0a67-groupManagement] INFO  server.RaftServerConfigKeys (ConfUtils.java:logGet(46)) - raft.server.sleep.deviation.threshold = 300ms (default)
2023-08-25 11:36:14,419 [c6e0d301-09b2-4368-8fbf-181ce26f0a67-groupManagement] INFO  server.RaftServer$Division (ServerState.java:<init>(120)) - c6e0d301-09b2-4368-8fbf-181ce26f0a67@group-6ECDDACB944F: ConfigurationManager, init=-1: peers:[c6e0d301-09b2-4368-8fbf-181ce26f0a67|rpc:10.1.0.52:15138|admin:10.1.0.52:15137|client:10.1.0.52:15136|dataStream:10.1.0.52:15139|priority:1|startupRole:FOLLOWER, 41c35b0f-7d09-466e-a425-34196dd2af10|rpc:10.1.0.52:15120|admin:10.1.0.52:15119|client:10.1.0.52:15118|dataStream:10.1.0.52:15121|priority:0|startupRole:FOLLOWER, b4d41a5a-7f8b-4359-a921-685918a3749b|rpc:10.1.0.52:15129|admin:10.1.0.52:15128|client:10.1.0.52:15127|dataStream:10.1.0.52:15130|priority:0|startupRole:FOLLOWER]|listeners:[], old=null, confs=<EMPTY_MAP>
2023-08-25 11:36:14,419 [c6e0d301-09b2-4368-8fbf-181ce26f0a67-groupManagement] INFO  server.RaftServerConfigKeys (ConfUtils.java:logGet(46)) - raft.server.storage.dir = [/home/runner/work/ozone/ozone/hadoop-ozone/integration-test/target/test-dir/MiniOzoneClusterImpl-9e80f0e6-d3ce-4c33-b1a3-32fa2c9dea98/datanode-2/data/ratis] (custom)
2023-08-25 11:36:14,419 [c6e0d301-09b2-4368-8fbf-181ce26f0a67-groupManagement] INFO  server.RaftServerConfigKeys (ConfUtils.java:logGet(46)) - raft.server.log.corruption.policy = EXCEPTION (default)
2023-08-25 11:36:14,419 [c6e0d301-09b2-4368-8fbf-181ce26f0a67-groupManagement] INFO  server.RaftServerConfigKeys (ConfUtils.java:logGet(46)) - raft.server.storage.free-space.min = 0MB (=0) (default)
2023-08-25 11:36:14,419 [c6e0d301-09b2-4368-8fbf-181ce26f0a67-groupManagement] INFO  server.RaftServerConfigKeys (ConfUtils.java:logGet(46)) - raft.server.notification.no-leader.timeout = 300s (custom)
2023-08-25 11:36:14,419 [c6e0d301-09b2-4368-8fbf-181ce26f0a67-groupManagement] INFO  server.RaftServerConfigKeys (ConfUtils.java:logGet(46)) - raft.server.read.timeout = 10s (default)
2023-08-25 11:36:14,419 [c6e0d301-09b2-4368-8fbf-181ce26f0a67-groupManagement] INFO  server.RaftServerConfigKeys (ConfUtils.java:logGet(46)) - raft.server.retrycache.expirytime = 600000ms (custom)
2023-08-25 11:36:14,419 [c6e0d301-09b2-4368-8fbf-181ce26f0a67-groupManagement] INFO  server.RaftServerConfigKeys (ConfUtils.java:logGet(46)) - raft.server.retrycache.statistics.expirytime = 100μs (default)
2023-08-25 11:36:14,419 [c6e0d301-09b2-4368-8fbf-181ce26f0a67-groupManagement] INFO  server.RaftServerConfigKeys (ConfUtils.java:logGet(46)) - raft.server.read.option = DEFAULT (default)
2023-08-25 11:36:14,420 [c6e0d301-09b2-4368-8fbf-181ce26f0a67-groupManagement] INFO  server.RaftServerConfigKeys (ConfUtils.java:logGet(46)) - raft.server.rpc.request.timeout = 60s (custom)
2023-08-25 11:36:14,421 [c6e0d301-09b2-4368-8fbf-181ce26f0a67-groupManagement] INFO  server.RaftServerConfigKeys (ConfUtils.java:logGet(46)) - raft.server.log.appender.install.snapshot.enabled = false (custom)
2023-08-25 11:36:14,421 [c6e0d301-09b2-4368-8fbf-181ce26f0a67-groupManagement] INFO  server.RaftServerConfigKeys (ConfUtils.java:logGet(46)) - raft.server.threadpool.server.cached = true (default)
2023-08-25 11:36:14,421 [c6e0d301-09b2-4368-8fbf-181ce26f0a67-groupManagement] INFO  server.RaftServerConfigKeys (ConfUtils.java:logGet(46)) - raft.server.threadpool.server.size = 0 (default)
2023-08-25 11:36:14,421 [c6e0d301-09b2-4368-8fbf-181ce26f0a67-groupManagement] INFO  server.RaftServerConfigKeys (ConfUtils.java:logGet(46)) - raft.server.threadpool.client.cached = true (default)
2023-08-25 11:36:14,421 [c6e0d301-09b2-4368-8fbf-181ce26f0a67-groupManagement] INFO  server.RaftServerConfigKeys (ConfUtils.java:logGet(46)) - raft.server.threadpool.client.size = 0 (default)
2023-08-25 11:36:14,421 [c6e0d301-09b2-4368-8fbf-181ce26f0a67-groupManagement] INFO  storage.RaftStorageDirectory (RaftStorageDirectoryImpl.java:analyzeStorage(137)) - The storage directory /home/runner/work/ozone/ozone/hadoop-ozone/integration-test/target/test-dir/MiniOzoneClusterImpl-9e80f0e6-d3ce-4c33-b1a3-32fa2c9dea98/datanode-2/data/ratis/8d62c634-b253-40da-84de-6ecddacb944f does not exist. Creating ...
2023-08-25 11:36:14,423 [c6e0d301-09b2-4368-8fbf-181ce26f0a67-groupManagement] INFO  storage.RaftStorageDirectory (RaftStorageDirectoryImpl.java:tryLock(231)) - Lock on /home/runner/work/ozone/ozone/hadoop-ozone/integration-test/target/test-dir/MiniOzoneClusterImpl-9e80f0e6-d3ce-4c33-b1a3-32fa2c9dea98/datanode-2/data/ratis/8d62c634-b253-40da-84de-6ecddacb944f/in_use.lock acquired by nodename 61563@fv-az508-118
2023-08-25 11:36:14,425 [c6e0d301-09b2-4368-8fbf-181ce26f0a67-groupManagement] INFO  storage.RaftStorage (RaftStorageImpl.java:format(96)) - Storage directory /home/runner/work/ozone/ozone/hadoop-ozone/integration-test/target/test-dir/MiniOzoneClusterImpl-9e80f0e6-d3ce-4c33-b1a3-32fa2c9dea98/datanode-2/data/ratis/8d62c634-b253-40da-84de-6ecddacb944f has been successfully formatted.
2023-08-25 11:36:14,427 [c6e0d301-09b2-4368-8fbf-181ce26f0a67-groupManagement] INFO  ratis.ContainerStateMachine (ContainerStateMachine.java:loadSnapshot(262)) - group-6ECDDACB944F: The snapshot info is null. Setting the last applied indexto:(t:0, i:~)
2023-08-25 11:36:14,427 [c6e0d301-09b2-4368-8fbf-181ce26f0a67-groupManagement] INFO  server.RaftServerConfigKeys (ConfUtils.java:logGet(46)) - raft.server.log.use.memory = false (default)
2023-08-25 11:36:14,427 [c6e0d301-09b2-4368-8fbf-181ce26f0a67-groupManagement] INFO  server.RaftServerConfigKeys (ConfUtils.java:logGet(46)) - raft.server.log.purge.gap = 1000000 (custom)
2023-08-25 11:36:14,427 [c6e0d301-09b2-4368-8fbf-181ce26f0a67-groupManagement] INFO  server.RaftServerConfigKeys (ConfUtils.java:logGet(46)) - raft.server.log.appender.buffer.byte-limit = 33554432 (custom)
2023-08-25 11:36:14,427 [c6e0d301-09b2-4368-8fbf-181ce26f0a67-groupManagement] INFO  server.RaftServerConfigKeys (ConfUtils.java:logGet(46)) - raft.server.log.statemachine.data.read.timeout = 1000ms (default)
2023-08-25 11:36:14,428 [c6e0d301-09b2-4368-8fbf-181ce26f0a67-groupManagement] INFO  server.RaftServerConfigKeys (ConfUtils.java:logGet(46)) - raft.server.log.purge.preservation.log.num = 0 (default)
2023-08-25 11:36:14,428 [c6e0d301-09b2-4368-8fbf-181ce26f0a67-groupManagement] INFO  server.RaftServerConfigKeys (ConfUtils.java:logGet(46)) - raft.server.log.segment.size.max = 1048576 (custom)
2023-08-25 11:36:14,428 [c6e0d301-09b2-4368-8fbf-181ce26f0a67-groupManagement] INFO  server.RaftServerConfigKeys (ConfUtils.java:logGet(46)) - raft.server.log.segment.cache.num.max = 2 (custom)
2023-08-25 11:36:14,428 [c6e0d301-09b2-4368-8fbf-181ce26f0a67-groupManagement] INFO  server.RaftServerConfigKeys (ConfUtils.java:logGet(46)) - raft.server.log.segment.cache.size.max = 200MB (=209715200) (default)
2023-08-25 11:36:14,428 [c6e0d301-09b2-4368-8fbf-181ce26f0a67-groupManagement] INFO  server.RaftServerConfigKeys (ConfUtils.java:logGet(46)) - raft.server.log.appender.buffer.byte-limit = 33554432 (custom)
2023-08-25 11:36:14,428 [c6e0d301-09b2-4368-8fbf-181ce26f0a67-groupManagement] INFO  segmented.SegmentedRaftLogWorker (SegmentedRaftLogWorker.java:<init>(188)) - new c6e0d301-09b2-4368-8fbf-181ce26f0a67@group-6ECDDACB944F-SegmentedRaftLogWorker for RaftStorageImpl:Storage Directory /home/runner/work/ozone/ozone/hadoop-ozone/integration-test/target/test-dir/MiniOzoneClusterImpl-9e80f0e6-d3ce-4c33-b1a3-32fa2c9dea98/datanode-2/data/ratis/8d62c634-b253-40da-84de-6ecddacb944f
2023-08-25 11:36:14,428 [c6e0d301-09b2-4368-8fbf-181ce26f0a67-groupManagement] INFO  server.RaftServerConfigKeys (ConfUtils.java:logGet(46)) - raft.server.log.queue.byte-limit = 4294967296 (custom)
2023-08-25 11:36:14,429 [c6e0d301-09b2-4368-8fbf-181ce26f0a67-groupManagement] INFO  server.RaftServerConfigKeys (ConfUtils.java:logGet(46)) - raft.server.log.queue.element-limit = 1024 (custom)
2023-08-25 11:36:14,429 [c6e0d301-09b2-4368-8fbf-181ce26f0a67-groupManagement] INFO  server.RaftServerConfigKeys (ConfUtils.java:logGet(46)) - raft.server.log.segment.size.max = 1048576 (custom)
2023-08-25 11:36:14,429 [c6e0d301-09b2-4368-8fbf-181ce26f0a67-groupManagement] INFO  server.RaftServerConfigKeys (ConfUtils.java:logGet(46)) - raft.server.log.preallocated.size = 16384 (custom)
2023-08-25 11:36:14,429 [c6e0d301-09b2-4368-8fbf-181ce26f0a67-groupManagement] INFO  server.RaftServerConfigKeys (ConfUtils.java:logGet(46)) - raft.server.log.force.sync.num = 128 (default)
2023-08-25 11:36:14,429 [c6e0d301-09b2-4368-8fbf-181ce26f0a67-groupManagement] INFO  server.RaftServerConfigKeys (ConfUtils.java:logGet(46)) - raft.server.log.statemachine.data.sync = true (default)
2023-08-25 11:36:14,429 [c6e0d301-09b2-4368-8fbf-181ce26f0a67-groupManagement] INFO  server.RaftServerConfigKeys (ConfUtils.java:logGet(46)) - raft.server.log.statemachine.data.sync.timeout = 10s (default)
2023-08-25 11:36:14,429 [c6e0d301-09b2-4368-8fbf-181ce26f0a67-groupManagement] INFO  server.RaftServerConfigKeys (ConfUtils.java:logGet(46)) - raft.server.log.statemachine.data.sync.timeout.retry = -1 (default)
2023-08-25 11:36:14,430 [c6e0d301-09b2-4368-8fbf-181ce26f0a67-groupManagement] INFO  server.RaftServerConfigKeys (ConfUtils.java:logGet(46)) - raft.server.log.write.buffer.size = 1048576 (custom)
2023-08-25 11:36:14,430 [c6e0d301-09b2-4368-8fbf-181ce26f0a67-groupManagement] INFO  server.RaftServerConfigKeys (ConfUtils.java:logGet(46)) - raft.server.log.appender.buffer.byte-limit = 33554432 (custom)
2023-08-25 11:36:14,441 [c6e0d301-09b2-4368-8fbf-181ce26f0a67-groupManagement] INFO  server.RaftServerConfigKeys (ConfUtils.java:logGet(46)) - raft.server.log.unsafe-flush.enabled = false (default)
2023-08-25 11:36:14,442 [c6e0d301-09b2-4368-8fbf-181ce26f0a67-groupManagement] INFO  server.RaftServerConfigKeys (ConfUtils.java:logGet(46)) - raft.server.log.async-flush.enabled = false (default)
2023-08-25 11:36:14,442 [c6e0d301-09b2-4368-8fbf-181ce26f0a67-groupManagement] INFO  server.RaftServerConfigKeys (ConfUtils.java:logGet(46)) - raft.server.log.statemachine.data.caching.enabled = true (custom)
2023-08-25 11:36:14,442 [c6e0d301-09b2-4368-8fbf-181ce26f0a67-groupManagement] INFO  segmented.SegmentedRaftLogWorker (SegmentedRaftLogWorker.java:lambda$new$0(135)) - c6e0d301-09b2-4368-8fbf-181ce26f0a67@group-6ECDDACB944F-SegmentedRaftLogWorker: flushIndex: setUnconditionally 0 -> -1
2023-08-25 11:36:14,442 [c6e0d301-09b2-4368-8fbf-181ce26f0a67-groupManagement] INFO  segmented.SegmentedRaftLogWorker (SegmentedRaftLogWorker.java:lambda$new$0(135)) - c6e0d301-09b2-4368-8fbf-181ce26f0a67@group-6ECDDACB944F-SegmentedRaftLogWorker: safeCacheEvictIndex: setUnconditionally 0 -> -1
2023-08-25 11:36:14,445 [c6e0d301-09b2-4368-8fbf-181ce26f0a67-groupManagement] INFO  server.RaftServer$Division (RaftServerImpl.java:start(342)) - c6e0d301-09b2-4368-8fbf-181ce26f0a67@group-6ECDDACB944F: start as a follower, conf=-1: peers:[c6e0d301-09b2-4368-8fbf-181ce26f0a67|rpc:10.1.0.52:15138|admin:10.1.0.52:15137|client:10.1.0.52:15136|dataStream:10.1.0.52:15139|priority:1|startupRole:FOLLOWER, 41c35b0f-7d09-466e-a425-34196dd2af10|rpc:10.1.0.52:15120|admin:10.1.0.52:15119|client:10.1.0.52:15118|dataStream:10.1.0.52:15121|priority:0|startupRole:FOLLOWER, b4d41a5a-7f8b-4359-a921-685918a3749b|rpc:10.1.0.52:15129|admin:10.1.0.52:15128|client:10.1.0.52:15127|dataStream:10.1.0.52:15130|priority:0|startupRole:FOLLOWER]|listeners:[], old=null
2023-08-25 11:36:14,445 [c6e0d301-09b2-4368-8fbf-181ce26f0a67-groupManagement] INFO  server.RaftServer$Division (RaftServerImpl.java:setRole(329)) - c6e0d301-09b2-4368-8fbf-181ce26f0a67@group-6ECDDACB944F: changes role from      null to FOLLOWER at term 0 for startAsFollower
2023-08-25 11:36:14,446 [c6e0d301-09b2-4368-8fbf-181ce26f0a67-groupManagement] INFO  impl.RoleInfo (RoleInfo.java:updateAndGet(139)) - c6e0d301-09b2-4368-8fbf-181ce26f0a67: start c6e0d301-09b2-4368-8fbf-181ce26f0a67@group-6ECDDACB944F-FollowerState
2023-08-25 11:36:14,450 [c6e0d301-09b2-4368-8fbf-181ce26f0a67-groupManagement] INFO  util.JmxRegister (JmxRegister.java:tryRegister(44)) - Successfully registered JMX Bean with object name Ratis:service=RaftServer,group=group-6ECDDACB944F,id=c6e0d301-09b2-4368-8fbf-181ce26f0a67
2023-08-25 11:36:14,450 [c6e0d301-09b2-4368-8fbf-181ce26f0a67-groupManagement] INFO  server.RaftServerConfigKeys (ConfUtils.java:logGet(46)) - raft.server.snapshot.auto.trigger.enabled = true (custom)
2023-08-25 11:36:14,451 [c6e0d301-09b2-4368-8fbf-181ce26f0a67-groupManagement] INFO  server.RaftServerConfigKeys (ConfUtils.java:logGet(46)) - raft.server.snapshot.auto.trigger.threshold = 10000 (custom)
2023-08-25 11:36:14,451 [c6e0d301-09b2-4368-8fbf-181ce26f0a67-groupManagement] INFO  server.RaftServerConfigKeys (ConfUtils.java:logGet(46)) - raft.server.snapshot.retention.file.num = 5 (custom)
2023-08-25 11:36:14,451 [c6e0d301-09b2-4368-8fbf-181ce26f0a67-groupManagement] INFO  server.RaftServerConfigKeys (ConfUtils.java:logGet(46)) - raft.server.log.purge.upto.snapshot.index = false (default)
2023-08-25 11:36:14,452 [c6e0d301-09b2-4368-8fbf-181ce26f0a67@group-6ECDDACB944F-FollowerState] INFO  server.RaftServerConfigKeys (ConfUtils.java:logFallback(53)) - raft.server.rpc.first-election.timeout.min = 5s (fallback to raft.server.rpc.timeout.min)
2023-08-25 11:36:14,452 [c6e0d301-09b2-4368-8fbf-181ce26f0a67@group-6ECDDACB944F-FollowerState] INFO  server.RaftServerConfigKeys (ConfUtils.java:logFallback(53)) - raft.server.rpc.first-election.timeout.max = 5200ms (fallback to raft.server.rpc.timeout.max)
2023-08-25 11:36:14,482 [grpc-default-executor-0] INFO  server.RaftServer (RaftServerProxy.java:addNew(98)) - b4d41a5a-7f8b-4359-a921-685918a3749b: addNew group-6ECDDACB944F:[c6e0d301-09b2-4368-8fbf-181ce26f0a67|rpc:10.1.0.52:15138|admin:10.1.0.52:15137|client:10.1.0.52:15136|dataStream:10.1.0.52:15139|priority:1|startupRole:FOLLOWER, 41c35b0f-7d09-466e-a425-34196dd2af10|rpc:10.1.0.52:15120|admin:10.1.0.52:15119|client:10.1.0.52:15118|dataStream:10.1.0.52:15121|priority:0|startupRole:FOLLOWER, b4d41a5a-7f8b-4359-a921-685918a3749b|rpc:10.1.0.52:15129|admin:10.1.0.52:15128|client:10.1.0.52:15127|dataStream:10.1.0.52:15130|priority:0|startupRole:FOLLOWER] returns group-6ECDDACB944F:java.util.concurrent.CompletableFuture@2d9bf9ee[Not completed]
2023-08-25 11:36:14,489 [b4d41a5a-7f8b-4359-a921-685918a3749b-groupManagement] INFO  server.RaftServer$Division (RaftServerImpl.java:<init>(198)) - b4d41a5a-7f8b-4359-a921-685918a3749b: new RaftServerImpl for group-6ECDDACB944F:[c6e0d301-09b2-4368-8fbf-181ce26f0a67|rpc:10.1.0.52:15138|admin:10.1.0.52:15137|client:10.1.0.52:15136|dataStream:10.1.0.52:15139|priority:1|startupRole:FOLLOWER, 41c35b0f-7d09-466e-a425-34196dd2af10|rpc:10.1.0.52:15120|admin:10.1.0.52:15119|client:10.1.0.52:15118|dataStream:10.1.0.52:15121|priority:0|startupRole:FOLLOWER, b4d41a5a-7f8b-4359-a921-685918a3749b|rpc:10.1.0.52:15129|admin:10.1.0.52:15128|client:10.1.0.52:15127|dataStream:10.1.0.52:15130|priority:0|startupRole:FOLLOWER] with ContainerStateMachine:uninitialized
2023-08-25 11:36:14,489 [b4d41a5a-7f8b-4359-a921-685918a3749b-groupManagement] INFO  server.RaftServerConfigKeys (ConfUtils.java:logGet(46)) - raft.server.rpc.timeout.min = 5s (custom)
2023-08-25 11:36:14,489 [b4d41a5a-7f8b-4359-a921-685918a3749b-groupManagement] INFO  server.RaftServerConfigKeys (ConfUtils.java:logGet(46)) - raft.server.rpc.timeout.max = 5200ms (custom)
2023-08-25 11:36:14,490 [b4d41a5a-7f8b-4359-a921-685918a3749b-groupManagement] INFO  server.RaftServerConfigKeys (ConfUtils.java:logGet(46)) - raft.server.rpc.sleep.time = 25ms (default)
2023-08-25 11:36:14,490 [b4d41a5a-7f8b-4359-a921-685918a3749b-groupManagement] INFO  server.RaftServerConfigKeys (ConfUtils.java:logGet(46)) - raft.server.rpc.slowness.timeout = 300s (custom)
2023-08-25 11:36:14,490 [b4d41a5a-7f8b-4359-a921-685918a3749b-groupManagement] INFO  server.RaftServerConfigKeys (ConfUtils.java:logGet(46)) - raft.server.leaderelection.leader.step-down.wait-time = 10s (default)
2023-08-25 11:36:14,491 [b4d41a5a-7f8b-4359-a921-685918a3749b-groupManagement] INFO  server.RaftServerConfigKeys (ConfUtils.java:logGet(46)) - raft.server.sleep.deviation.threshold = 300ms (default)
2023-08-25 11:36:14,491 [b4d41a5a-7f8b-4359-a921-685918a3749b-groupManagement] INFO  server.RaftServer$Division (ServerState.java:<init>(120)) - b4d41a5a-7f8b-4359-a921-685918a3749b@group-6ECDDACB944F: ConfigurationManager, init=-1: peers:[c6e0d301-09b2-4368-8fbf-181ce26f0a67|rpc:10.1.0.52:15138|admin:10.1.0.52:15137|client:10.1.0.52:15136|dataStream:10.1.0.52:15139|priority:1|startupRole:FOLLOWER, 41c35b0f-7d09-466e-a425-34196dd2af10|rpc:10.1.0.52:15120|admin:10.1.0.52:15119|client:10.1.0.52:15118|dataStream:10.1.0.52:15121|priority:0|startupRole:FOLLOWER, b4d41a5a-7f8b-4359-a921-685918a3749b|rpc:10.1.0.52:15129|admin:10.1.0.52:15128|client:10.1.0.52:15127|dataStream:10.1.0.52:15130|priority:0|startupRole:FOLLOWER]|listeners:[], old=null, confs=<EMPTY_MAP>
2023-08-25 11:36:14,491 [b4d41a5a-7f8b-4359-a921-685918a3749b-groupManagement] INFO  server.RaftServerConfigKeys (ConfUtils.java:logGet(46)) - raft.server.storage.dir = [/home/runner/work/ozone/ozone/hadoop-ozone/integration-test/target/test-dir/MiniOzoneClusterImpl-9e80f0e6-d3ce-4c33-b1a3-32fa2c9dea98/datanode-1/data/ratis] (custom)
2023-08-25 11:36:14,491 [b4d41a5a-7f8b-4359-a921-685918a3749b-groupManagement] INFO  server.RaftServerConfigKeys (ConfUtils.java:logGet(46)) - raft.server.log.corruption.policy = EXCEPTION (default)
2023-08-25 11:36:14,492 [b4d41a5a-7f8b-4359-a921-685918a3749b-groupManagement] INFO  server.RaftServerConfigKeys (ConfUtils.java:logGet(46)) - raft.server.storage.free-space.min = 0MB (=0) (default)
2023-08-25 11:36:14,492 [b4d41a5a-7f8b-4359-a921-685918a3749b-groupManagement] INFO  server.RaftServerConfigKeys (ConfUtils.java:logGet(46)) - raft.server.notification.no-leader.timeout = 300s (custom)
2023-08-25 11:36:14,492 [b4d41a5a-7f8b-4359-a921-685918a3749b-groupManagement] INFO  server.RaftServerConfigKeys (ConfUtils.java:logGet(46)) - raft.server.read.timeout = 10s (default)
2023-08-25 11:36:14,492 [b4d41a5a-7f8b-4359-a921-685918a3749b-groupManagement] INFO  server.RaftServerConfigKeys (ConfUtils.java:logGet(46)) - raft.server.retrycache.expirytime = 600000ms (custom)
2023-08-25 11:36:14,492 [b4d41a5a-7f8b-4359-a921-685918a3749b-groupManagement] INFO  server.RaftServerConfigKeys (ConfUtils.java:logGet(46)) - raft.server.retrycache.statistics.expirytime = 100μs (default)
2023-08-25 11:36:14,493 [b4d41a5a-7f8b-4359-a921-685918a3749b-groupManagement] INFO  server.RaftServerConfigKeys (ConfUtils.java:logGet(46)) - raft.server.read.option = DEFAULT (default)
2023-08-25 11:36:14,496 [b4d41a5a-7f8b-4359-a921-685918a3749b-groupManagement] INFO  server.RaftServerConfigKeys (ConfUtils.java:logGet(46)) - raft.server.rpc.request.timeout = 60s (custom)
2023-08-25 11:36:14,496 [b4d41a5a-7f8b-4359-a921-685918a3749b-groupManagement] INFO  server.RaftServerConfigKeys (ConfUtils.java:logGet(46)) - raft.server.log.appender.install.snapshot.enabled = false (custom)
2023-08-25 11:36:14,497 [b4d41a5a-7f8b-4359-a921-685918a3749b-groupManagement] INFO  server.RaftServerConfigKeys (ConfUtils.java:logGet(46)) - raft.server.threadpool.server.cached = true (default)
2023-08-25 11:36:14,497 [b4d41a5a-7f8b-4359-a921-685918a3749b-groupManagement] INFO  server.RaftServerConfigKeys (ConfUtils.java:logGet(46)) - raft.server.threadpool.server.size = 0 (default)
2023-08-25 11:36:14,497 [b4d41a5a-7f8b-4359-a921-685918a3749b-groupManagement] INFO  server.RaftServerConfigKeys (ConfUtils.java:logGet(46)) - raft.server.threadpool.client.cached = true (default)
2023-08-25 11:36:14,497 [b4d41a5a-7f8b-4359-a921-685918a3749b-groupManagement] INFO  server.RaftServerConfigKeys (ConfUtils.java:logGet(46)) - raft.server.threadpool.client.size = 0 (default)
2023-08-25 11:36:14,497 [b4d41a5a-7f8b-4359-a921-685918a3749b-groupManagement] INFO  storage.RaftStorageDirectory (RaftStorageDirectoryImpl.java:analyzeStorage(137)) - The storage directory /home/runner/work/ozone/ozone/hadoop-ozone/integration-test/target/test-dir/MiniOzoneClusterImpl-9e80f0e6-d3ce-4c33-b1a3-32fa2c9dea98/datanode-1/data/ratis/8d62c634-b253-40da-84de-6ecddacb944f does not exist. Creating ...
2023-08-25 11:36:14,500 [b4d41a5a-7f8b-4359-a921-685918a3749b-groupManagement] INFO  storage.RaftStorageDirectory (RaftStorageDirectoryImpl.java:tryLock(231)) - Lock on /home/runner/work/ozone/ozone/hadoop-ozone/integration-test/target/test-dir/MiniOzoneClusterImpl-9e80f0e6-d3ce-4c33-b1a3-32fa2c9dea98/datanode-1/data/ratis/8d62c634-b253-40da-84de-6ecddacb944f/in_use.lock acquired by nodename 61563@fv-az508-118
2023-08-25 11:36:14,502 [b4d41a5a-7f8b-4359-a921-685918a3749b-groupManagement] INFO  storage.RaftStorage (RaftStorageImpl.java:format(96)) - Storage directory /home/runner/work/ozone/ozone/hadoop-ozone/integration-test/target/test-dir/MiniOzoneClusterImpl-9e80f0e6-d3ce-4c33-b1a3-32fa2c9dea98/datanode-1/data/ratis/8d62c634-b253-40da-84de-6ecddacb944f has been successfully formatted.
2023-08-25 11:36:14,504 [b4d41a5a-7f8b-4359-a921-685918a3749b-groupManagement] INFO  ratis.ContainerStateMachine (ContainerStateMachine.java:loadSnapshot(262)) - group-6ECDDACB944F: The snapshot info is null. Setting the last applied indexto:(t:0, i:~)
2023-08-25 11:36:14,504 [b4d41a5a-7f8b-4359-a921-685918a3749b-groupManagement] INFO  server.RaftServerConfigKeys (ConfUtils.java:logGet(46)) - raft.server.log.use.memory = false (default)
2023-08-25 11:36:14,504 [b4d41a5a-7f8b-4359-a921-685918a3749b-groupManagement] INFO  server.RaftServerConfigKeys (ConfUtils.java:logGet(46)) - raft.server.log.purge.gap = 1000000 (custom)
2023-08-25 11:36:14,504 [b4d41a5a-7f8b-4359-a921-685918a3749b-groupManagement] INFO  server.RaftServerConfigKeys (ConfUtils.java:logGet(46)) - raft.server.log.appender.buffer.byte-limit = 33554432 (custom)
2023-08-25 11:36:14,505 [b4d41a5a-7f8b-4359-a921-685918a3749b-groupManagement] INFO  server.RaftServerConfigKeys (ConfUtils.java:logGet(46)) - raft.server.log.statemachine.data.read.timeout = 1000ms (default)
2023-08-25 11:36:14,505 [b4d41a5a-7f8b-4359-a921-685918a3749b-groupManagement] INFO  server.RaftServerConfigKeys (ConfUtils.java:logGet(46)) - raft.server.log.purge.preservation.log.num = 0 (default)
2023-08-25 11:36:14,505 [b4d41a5a-7f8b-4359-a921-685918a3749b-groupManagement] INFO  server.RaftServerConfigKeys (ConfUtils.java:logGet(46)) - raft.server.log.segment.size.max = 1048576 (custom)
2023-08-25 11:36:14,506 [b4d41a5a-7f8b-4359-a921-685918a3749b-groupManagement] INFO  server.RaftServerConfigKeys (ConfUtils.java:logGet(46)) - raft.server.log.segment.cache.num.max = 2 (custom)
2023-08-25 11:36:14,506 [b4d41a5a-7f8b-4359-a921-685918a3749b-groupManagement] INFO  server.RaftServerConfigKeys (ConfUtils.java:logGet(46)) - raft.server.log.segment.cache.size.max = 200MB (=209715200) (default)
2023-08-25 11:36:14,506 [b4d41a5a-7f8b-4359-a921-685918a3749b-groupManagement] INFO  server.RaftServerConfigKeys (ConfUtils.java:logGet(46)) - raft.server.log.appender.buffer.byte-limit = 33554432 (custom)
2023-08-25 11:36:14,506 [b4d41a5a-7f8b-4359-a921-685918a3749b-groupManagement] INFO  segmented.SegmentedRaftLogWorker (SegmentedRaftLogWorker.java:<init>(188)) - new b4d41a5a-7f8b-4359-a921-685918a3749b@group-6ECDDACB944F-SegmentedRaftLogWorker for RaftStorageImpl:Storage Directory /home/runner/work/ozone/ozone/hadoop-ozone/integration-test/target/test-dir/MiniOzoneClusterImpl-9e80f0e6-d3ce-4c33-b1a3-32fa2c9dea98/datanode-1/data/ratis/8d62c634-b253-40da-84de-6ecddacb944f
2023-08-25 11:36:14,506 [b4d41a5a-7f8b-4359-a921-685918a3749b-groupManagement] INFO  server.RaftServerConfigKeys (ConfUtils.java:logGet(46)) - raft.server.log.queue.byte-limit = 4294967296 (custom)
2023-08-25 11:36:14,506 [b4d41a5a-7f8b-4359-a921-685918a3749b-groupManagement] INFO  server.RaftServerConfigKeys (ConfUtils.java:logGet(46)) - raft.server.log.queue.element-limit = 1024 (custom)
2023-08-25 11:36:14,506 [b4d41a5a-7f8b-4359-a921-685918a3749b-groupManagement] INFO  server.RaftServerConfigKeys (ConfUtils.java:logGet(46)) - raft.server.log.segment.size.max = 1048576 (custom)
2023-08-25 11:36:14,506 [b4d41a5a-7f8b-4359-a921-685918a3749b-groupManagement] INFO  server.RaftServerConfigKeys (ConfUtils.java:logGet(46)) - raft.server.log.preallocated.size = 16384 (custom)
2023-08-25 11:36:14,506 [b4d41a5a-7f8b-4359-a921-685918a3749b-groupManagement] INFO  server.RaftServerConfigKeys (ConfUtils.java:logGet(46)) - raft.server.log.force.sync.num = 128 (default)
2023-08-25 11:36:14,506 [b4d41a5a-7f8b-4359-a921-685918a3749b-groupManagement] INFO  server.RaftServerConfigKeys (ConfUtils.java:logGet(46)) - raft.server.log.statemachine.data.sync = true (default)
2023-08-25 11:36:14,506 [b4d41a5a-7f8b-4359-a921-685918a3749b-groupManagement] INFO  server.RaftServerConfigKeys (ConfUtils.java:logGet(46)) - raft.server.log.statemachine.data.sync.timeout = 10s (default)
2023-08-25 11:36:14,506 [b4d41a5a-7f8b-4359-a921-685918a3749b-groupManagement] INFO  server.RaftServerConfigKeys (ConfUtils.java:logGet(46)) - raft.server.log.statemachine.data.sync.timeout.retry = -1 (default)
2023-08-25 11:36:14,507 [b4d41a5a-7f8b-4359-a921-685918a3749b-groupManagement] INFO  server.RaftServerConfigKeys (ConfUtils.java:logGet(46)) - raft.server.log.write.buffer.size = 1048576 (custom)
2023-08-25 11:36:14,507 [b4d41a5a-7f8b-4359-a921-685918a3749b-groupManagement] INFO  server.RaftServerConfigKeys (ConfUtils.java:logGet(46)) - raft.server.log.appender.buffer.byte-limit = 33554432 (custom)
2023-08-25 11:36:14,514 [b4d41a5a-7f8b-4359-a921-685918a3749b-groupManagement] INFO  server.RaftServerConfigKeys (ConfUtils.java:logGet(46)) - raft.server.log.unsafe-flush.enabled = false (default)
2023-08-25 11:36:14,514 [b4d41a5a-7f8b-4359-a921-685918a3749b-groupManagement] INFO  server.RaftServerConfigKeys (ConfUtils.java:logGet(46)) - raft.server.log.async-flush.enabled = false (default)
2023-08-25 11:36:14,514 [b4d41a5a-7f8b-4359-a921-685918a3749b-groupManagement] INFO  server.RaftServerConfigKeys (ConfUtils.java:logGet(46)) - raft.server.log.statemachine.data.caching.enabled = true (custom)
2023-08-25 11:36:14,515 [b4d41a5a-7f8b-4359-a921-685918a3749b-groupManagement] INFO  segmented.SegmentedRaftLogWorker (SegmentedRaftLogWorker.java:lambda$new$0(135)) - b4d41a5a-7f8b-4359-a921-685918a3749b@group-6ECDDACB944F-SegmentedRaftLogWorker: flushIndex: setUnconditionally 0 -> -1
2023-08-25 11:36:14,515 [b4d41a5a-7f8b-4359-a921-685918a3749b-groupManagement] INFO  segmented.SegmentedRaftLogWorker (SegmentedRaftLogWorker.java:lambda$new$0(135)) - b4d41a5a-7f8b-4359-a921-685918a3749b@group-6ECDDACB944F-SegmentedRaftLogWorker: safeCacheEvictIndex: setUnconditionally 0 -> -1
2023-08-25 11:36:14,515 [b4d41a5a-7f8b-4359-a921-685918a3749b-groupManagement] INFO  server.RaftServer$Division (RaftServerImpl.java:start(342)) - b4d41a5a-7f8b-4359-a921-685918a3749b@group-6ECDDACB944F: start as a follower, conf=-1: peers:[c6e0d301-09b2-4368-8fbf-181ce26f0a67|rpc:10.1.0.52:15138|admin:10.1.0.52:15137|client:10.1.0.52:15136|dataStream:10.1.0.52:15139|priority:1|startupRole:FOLLOWER, 41c35b0f-7d09-466e-a425-34196dd2af10|rpc:10.1.0.52:15120|admin:10.1.0.52:15119|client:10.1.0.52:15118|dataStream:10.1.0.52:15121|priority:0|startupRole:FOLLOWER, b4d41a5a-7f8b-4359-a921-685918a3749b|rpc:10.1.0.52:15129|admin:10.1.0.52:15128|client:10.1.0.52:15127|dataStream:10.1.0.52:15130|priority:0|startupRole:FOLLOWER]|listeners:[], old=null
2023-08-25 11:36:14,515 [b4d41a5a-7f8b-4359-a921-685918a3749b-groupManagement] INFO  server.RaftServer$Division (RaftServerImpl.java:setRole(329)) - b4d41a5a-7f8b-4359-a921-685918a3749b@group-6ECDDACB944F: changes role from      null to FOLLOWER at term 0 for startAsFollower
2023-08-25 11:36:14,515 [b4d41a5a-7f8b-4359-a921-685918a3749b-groupManagement] INFO  impl.RoleInfo (RoleInfo.java:updateAndGet(139)) - b4d41a5a-7f8b-4359-a921-685918a3749b: start b4d41a5a-7f8b-4359-a921-685918a3749b@group-6ECDDACB944F-FollowerState
2023-08-25 11:36:14,517 [b4d41a5a-7f8b-4359-a921-685918a3749b-groupManagement] INFO  util.JmxRegister (JmxRegister.java:tryRegister(44)) - Successfully registered JMX Bean with object name Ratis:service=RaftServer,group=group-6ECDDACB944F,id=b4d41a5a-7f8b-4359-a921-685918a3749b
2023-08-25 11:36:14,517 [b4d41a5a-7f8b-4359-a921-685918a3749b-groupManagement] INFO  server.RaftServerConfigKeys (ConfUtils.java:logGet(46)) - raft.server.snapshot.auto.trigger.enabled = true (custom)
2023-08-25 11:36:14,518 [b4d41a5a-7f8b-4359-a921-685918a3749b-groupManagement] INFO  server.RaftServerConfigKeys (ConfUtils.java:logGet(46)) - raft.server.snapshot.auto.trigger.threshold = 10000 (custom)
2023-08-25 11:36:14,518 [b4d41a5a-7f8b-4359-a921-685918a3749b-groupManagement] INFO  server.RaftServerConfigKeys (ConfUtils.java:logGet(46)) - raft.server.snapshot.retention.file.num = 5 (custom)
2023-08-25 11:36:14,518 [b4d41a5a-7f8b-4359-a921-685918a3749b-groupManagement] INFO  server.RaftServerConfigKeys (ConfUtils.java:logGet(46)) - raft.server.log.purge.upto.snapshot.index = false (default)
2023-08-25 11:36:14,518 [b4d41a5a-7f8b-4359-a921-685918a3749b@group-6ECDDACB944F-FollowerState] INFO  server.RaftServerConfigKeys (ConfUtils.java:logFallback(53)) - raft.server.rpc.first-election.timeout.min = 5s (fallback to raft.server.rpc.timeout.min)
2023-08-25 11:36:14,518 [b4d41a5a-7f8b-4359-a921-685918a3749b@group-6ECDDACB944F-FollowerState] INFO  server.RaftServerConfigKeys (ConfUtils.java:logFallback(53)) - raft.server.rpc.first-election.timeout.max = 5200ms (fallback to raft.server.rpc.timeout.max)
2023-08-25 11:36:14,549 [PipelineCommandHandlerThread-0] INFO  commandhandler.CreatePipelineCommandHandler (CreatePipelineCommandHandler.java:lambda$handle$2(124)) - Created Pipeline RATIS THREE PipelineID=8d62c634-b253-40da-84de-6ecddacb944f.
2023-08-25 11:36:14,550 [PipelineCommandHandlerThread-0] INFO  server.RaftServer (RaftServerProxy.java:addNew(98)) - 41c35b0f-7d09-466e-a425-34196dd2af10: addNew group-F80FA185A2BB:[c6e0d301-09b2-4368-8fbf-181ce26f0a67|rpc:10.1.0.52:15138|admin:10.1.0.52:15137|client:10.1.0.52:15136|dataStream:10.1.0.52:15139|priority:0|startupRole:FOLLOWER, 41c35b0f-7d09-466e-a425-34196dd2af10|rpc:10.1.0.52:15120|admin:10.1.0.52:15119|client:10.1.0.52:15118|dataStream:10.1.0.52:15121|priority:1|startupRole:FOLLOWER, b4d41a5a-7f8b-4359-a921-685918a3749b|rpc:10.1.0.52:15129|admin:10.1.0.52:15128|client:10.1.0.52:15127|dataStream:10.1.0.52:15130|priority:0|startupRole:FOLLOWER] returns group-F80FA185A2BB:java.util.concurrent.CompletableFuture@9e8647f[Not completed]
2023-08-25 11:36:14,551 [41c35b0f-7d09-466e-a425-34196dd2af10-groupManagement] INFO  server.RaftServer$Division (RaftServerImpl.java:<init>(198)) - 41c35b0f-7d09-466e-a425-34196dd2af10: new RaftServerImpl for group-F80FA185A2BB:[c6e0d301-09b2-4368-8fbf-181ce26f0a67|rpc:10.1.0.52:15138|admin:10.1.0.52:15137|client:10.1.0.52:15136|dataStream:10.1.0.52:15139|priority:0|startupRole:FOLLOWER, 41c35b0f-7d09-466e-a425-34196dd2af10|rpc:10.1.0.52:15120|admin:10.1.0.52:15119|client:10.1.0.52:15118|dataStream:10.1.0.52:15121|priority:1|startupRole:FOLLOWER, b4d41a5a-7f8b-4359-a921-685918a3749b|rpc:10.1.0.52:15129|admin:10.1.0.52:15128|client:10.1.0.52:15127|dataStream:10.1.0.52:15130|priority:0|startupRole:FOLLOWER] with ContainerStateMachine:uninitialized
2023-08-25 11:36:14,551 [41c35b0f-7d09-466e-a425-34196dd2af10-groupManagement] INFO  server.RaftServerConfigKeys (ConfUtils.java:logGet(46)) - raft.server.rpc.timeout.min = 5s (custom)
2023-08-25 11:36:14,551 [41c35b0f-7d09-466e-a425-34196dd2af10-groupManagement] INFO  server.RaftServerConfigKeys (ConfUtils.java:logGet(46)) - raft.server.rpc.timeout.max = 5200ms (custom)
2023-08-25 11:36:14,551 [41c35b0f-7d09-466e-a425-34196dd2af10-groupManagement] INFO  server.RaftServerConfigKeys (ConfUtils.java:logGet(46)) - raft.server.rpc.sleep.time = 25ms (default)
2023-08-25 11:36:14,551 [41c35b0f-7d09-466e-a425-34196dd2af10-groupManagement] INFO  server.RaftServerConfigKeys (ConfUtils.java:logGet(46)) - raft.server.rpc.slowness.timeout = 300s (custom)
2023-08-25 11:36:14,551 [41c35b0f-7d09-466e-a425-34196dd2af10-groupManagement] INFO  server.RaftServerConfigKeys (ConfUtils.java:logGet(46)) - raft.server.leaderelection.leader.step-down.wait-time = 10s (default)
2023-08-25 11:36:14,551 [41c35b0f-7d09-466e-a425-34196dd2af10-groupManagement] INFO  server.RaftServerConfigKeys (ConfUtils.java:logGet(46)) - raft.server.sleep.deviation.threshold = 300ms (default)
2023-08-25 11:36:14,551 [41c35b0f-7d09-466e-a425-34196dd2af10-groupManagement] INFO  server.RaftServer$Division (ServerState.java:<init>(120)) - 41c35b0f-7d09-466e-a425-34196dd2af10@group-F80FA185A2BB: ConfigurationManager, init=-1: peers:[c6e0d301-09b2-4368-8fbf-181ce26f0a67|rpc:10.1.0.52:15138|admin:10.1.0.52:15137|client:10.1.0.52:15136|dataStream:10.1.0.52:15139|priority:0|startupRole:FOLLOWER, 41c35b0f-7d09-466e-a425-34196dd2af10|rpc:10.1.0.52:15120|admin:10.1.0.52:15119|client:10.1.0.52:15118|dataStream:10.1.0.52:15121|priority:1|startupRole:FOLLOWER, b4d41a5a-7f8b-4359-a921-685918a3749b|rpc:10.1.0.52:15129|admin:10.1.0.52:15128|client:10.1.0.52:15127|dataStream:10.1.0.52:15130|priority:0|startupRole:FOLLOWER]|listeners:[], old=null, confs=<EMPTY_MAP>
2023-08-25 11:36:14,552 [41c35b0f-7d09-466e-a425-34196dd2af10-groupManagement] INFO  server.RaftServerConfigKeys (ConfUtils.java:logGet(46)) - raft.server.storage.dir = [/home/runner/work/ozone/ozone/hadoop-ozone/integration-test/target/test-dir/MiniOzoneClusterImpl-9e80f0e6-d3ce-4c33-b1a3-32fa2c9dea98/datanode-0/data/ratis] (custom)
2023-08-25 11:36:14,552 [41c35b0f-7d09-466e-a425-34196dd2af10-groupManagement] INFO  server.RaftServerConfigKeys (ConfUtils.java:logGet(46)) - raft.server.log.corruption.policy = EXCEPTION (default)
2023-08-25 11:36:14,552 [41c35b0f-7d09-466e-a425-34196dd2af10-groupManagement] INFO  server.RaftServerConfigKeys (ConfUtils.java:logGet(46)) - raft.server.storage.free-space.min = 0MB (=0) (default)
2023-08-25 11:36:14,552 [41c35b0f-7d09-466e-a425-34196dd2af10-groupManagement] INFO  server.RaftServerConfigKeys (ConfUtils.java:logGet(46)) - raft.server.notification.no-leader.timeout = 300s (custom)
2023-08-25 11:36:14,552 [41c35b0f-7d09-466e-a425-34196dd2af10-groupManagement] INFO  server.RaftServerConfigKeys (ConfUtils.java:logGet(46)) - raft.server.read.timeout = 10s (default)
2023-08-25 11:36:14,552 [41c35b0f-7d09-466e-a425-34196dd2af10-groupManagement] INFO  server.RaftServerConfigKeys (ConfUtils.java:logGet(46)) - raft.server.retrycache.expirytime = 600000ms (custom)
2023-08-25 11:36:14,552 [41c35b0f-7d09-466e-a425-34196dd2af10-groupManagement] INFO  server.RaftServerConfigKeys (ConfUtils.java:logGet(46)) - raft.server.retrycache.statistics.expirytime = 100μs (default)
2023-08-25 11:36:14,552 [41c35b0f-7d09-466e-a425-34196dd2af10-groupManagement] INFO  server.RaftServerConfigKeys (ConfUtils.java:logGet(46)) - raft.server.read.option = DEFAULT (default)
2023-08-25 11:36:14,555 [41c35b0f-7d09-466e-a425-34196dd2af10-groupManagement] INFO  server.RaftServerConfigKeys (ConfUtils.java:logGet(46)) - raft.server.rpc.request.timeout = 60s (custom)
2023-08-25 11:36:14,556 [41c35b0f-7d09-466e-a425-34196dd2af10-groupManagement] INFO  server.RaftServerConfigKeys (ConfUtils.java:logGet(46)) - raft.server.log.appender.install.snapshot.enabled = false (custom)
2023-08-25 11:36:14,556 [41c35b0f-7d09-466e-a425-34196dd2af10-groupManagement] INFO  server.RaftServerConfigKeys (ConfUtils.java:logGet(46)) - raft.server.threadpool.server.cached = true (default)
2023-08-25 11:36:14,556 [41c35b0f-7d09-466e-a425-34196dd2af10-groupManagement] INFO  server.RaftServerConfigKeys (ConfUtils.java:logGet(46)) - raft.server.threadpool.server.size = 0 (default)
2023-08-25 11:36:14,556 [41c35b0f-7d09-466e-a425-34196dd2af10-groupManagement] INFO  server.RaftServerConfigKeys (ConfUtils.java:logGet(46)) - raft.server.threadpool.client.cached = true (default)
2023-08-25 11:36:14,556 [41c35b0f-7d09-466e-a425-34196dd2af10-groupManagement] INFO  server.RaftServerConfigKeys (ConfUtils.java:logGet(46)) - raft.server.threadpool.client.size = 0 (default)
2023-08-25 11:36:14,556 [41c35b0f-7d09-466e-a425-34196dd2af10-groupManagement] INFO  storage.RaftStorageDirectory (RaftStorageDirectoryImpl.java:analyzeStorage(137)) - The storage directory /home/runner/work/ozone/ozone/hadoop-ozone/integration-test/target/test-dir/MiniOzoneClusterImpl-9e80f0e6-d3ce-4c33-b1a3-32fa2c9dea98/datanode-0/data/ratis/cb516a08-dd33-47ff-9430-f80fa185a2bb does not exist. Creating ...
2023-08-25 11:36:14,558 [41c35b0f-7d09-466e-a425-34196dd2af10-groupManagement] INFO  storage.RaftStorageDirectory (RaftStorageDirectoryImpl.java:tryLock(231)) - Lock on /home/runner/work/ozone/ozone/hadoop-ozone/integration-test/target/test-dir/MiniOzoneClusterImpl-9e80f0e6-d3ce-4c33-b1a3-32fa2c9dea98/datanode-0/data/ratis/cb516a08-dd33-47ff-9430-f80fa185a2bb/in_use.lock acquired by nodename 61563@fv-az508-118
2023-08-25 11:36:14,559 [41c35b0f-7d09-466e-a425-34196dd2af10-groupManagement] INFO  storage.RaftStorage (RaftStorageImpl.java:format(96)) - Storage directory /home/runner/work/ozone/ozone/hadoop-ozone/integration-test/target/test-dir/MiniOzoneClusterImpl-9e80f0e6-d3ce-4c33-b1a3-32fa2c9dea98/datanode-0/data/ratis/cb516a08-dd33-47ff-9430-f80fa185a2bb has been successfully formatted.
2023-08-25 11:36:14,560 [41c35b0f-7d09-466e-a425-34196dd2af10-groupManagement] INFO  ratis.ContainerStateMachine (ContainerStateMachine.java:loadSnapshot(262)) - group-F80FA185A2BB: The snapshot info is null. Setting the last applied indexto:(t:0, i:~)
2023-08-25 11:36:14,560 [41c35b0f-7d09-466e-a425-34196dd2af10-groupManagement] INFO  server.RaftServerConfigKeys (ConfUtils.java:logGet(46)) - raft.server.log.use.memory = false (default)
2023-08-25 11:36:14,560 [41c35b0f-7d09-466e-a425-34196dd2af10-groupManagement] INFO  server.RaftServerConfigKeys (ConfUtils.java:logGet(46)) - raft.server.log.purge.gap = 1000000 (custom)
2023-08-25 11:36:14,560 [41c35b0f-7d09-466e-a425-34196dd2af10-groupManagement] INFO  server.RaftServerConfigKeys (ConfUtils.java:logGet(46)) - raft.server.log.appender.buffer.byte-limit = 33554432 (custom)
2023-08-25 11:36:14,560 [41c35b0f-7d09-466e-a425-34196dd2af10-groupManagement] INFO  server.RaftServerConfigKeys (ConfUtils.java:logGet(46)) - raft.server.log.statemachine.data.read.timeout = 1000ms (default)
2023-08-25 11:36:14,560 [41c35b0f-7d09-466e-a425-34196dd2af10-groupManagement] INFO  server.RaftServerConfigKeys (ConfUtils.java:logGet(46)) - raft.server.log.purge.preservation.log.num = 0 (default)
2023-08-25 11:36:14,561 [41c35b0f-7d09-466e-a425-34196dd2af10-groupManagement] INFO  server.RaftServerConfigKeys (ConfUtils.java:logGet(46)) - raft.server.log.segment.size.max = 1048576 (custom)
2023-08-25 11:36:14,562 [EventQueue-OpenPipelineForHealthyPipelineSafeModeRule] INFO  safemode.SCMSafeModeManager (HealthyPipelineSafeModeRule.java:process(137)) - SCM in safe mode. Healthy pipelines reported count is 0, required healthy pipeline reported count is 1
2023-08-25 11:36:14,563 [41c35b0f-7d09-466e-a425-34196dd2af10-groupManagement] INFO  server.RaftServerConfigKeys (ConfUtils.java:logGet(46)) - raft.server.log.segment.cache.num.max = 2 (custom)
2023-08-25 11:36:14,563 [41c35b0f-7d09-466e-a425-34196dd2af10-groupManagement] INFO  server.RaftServerConfigKeys (ConfUtils.java:logGet(46)) - raft.server.log.segment.cache.size.max = 200MB (=209715200) (default)
2023-08-25 11:36:14,563 [41c35b0f-7d09-466e-a425-34196dd2af10-groupManagement] INFO  server.RaftServerConfigKeys (ConfUtils.java:logGet(46)) - raft.server.log.appender.buffer.byte-limit = 33554432 (custom)
2023-08-25 11:36:14,563 [41c35b0f-7d09-466e-a425-34196dd2af10-groupManagement] INFO  segmented.SegmentedRaftLogWorker (SegmentedRaftLogWorker.java:<init>(188)) - new 41c35b0f-7d09-466e-a425-34196dd2af10@group-F80FA185A2BB-SegmentedRaftLogWorker for RaftStorageImpl:Storage Directory /home/runner/work/ozone/ozone/hadoop-ozone/integration-test/target/test-dir/MiniOzoneClusterImpl-9e80f0e6-d3ce-4c33-b1a3-32fa2c9dea98/datanode-0/data/ratis/cb516a08-dd33-47ff-9430-f80fa185a2bb
2023-08-25 11:36:14,563 [41c35b0f-7d09-466e-a425-34196dd2af10-groupManagement] INFO  server.RaftServerConfigKeys (ConfUtils.java:logGet(46)) - raft.server.log.queue.byte-limit = 4294967296 (custom)
2023-08-25 11:36:14,563 [41c35b0f-7d09-466e-a425-34196dd2af10-groupManagement] INFO  server.RaftServerConfigKeys (ConfUtils.java:logGet(46)) - raft.server.log.queue.element-limit = 1024 (custom)
2023-08-25 11:36:14,563 [41c35b0f-7d09-466e-a425-34196dd2af10-groupManagement] INFO  server.RaftServerConfigKeys (ConfUtils.java:logGet(46)) - raft.server.log.segment.size.max = 1048576 (custom)
2023-08-25 11:36:14,563 [41c35b0f-7d09-466e-a425-34196dd2af10-groupManagement] INFO  server.RaftServerConfigKeys (ConfUtils.java:logGet(46)) - raft.server.log.preallocated.size = 16384 (custom)
2023-08-25 11:36:14,563 [41c35b0f-7d09-466e-a425-34196dd2af10-groupManagement] INFO  server.RaftServerConfigKeys (ConfUtils.java:logGet(46)) - raft.server.log.force.sync.num = 128 (default)
2023-08-25 11:36:14,563 [41c35b0f-7d09-466e-a425-34196dd2af10-groupManagement] INFO  server.RaftServerConfigKeys (ConfUtils.java:logGet(46)) - raft.server.log.statemachine.data.sync = true (default)
2023-08-25 11:36:14,563 [41c35b0f-7d09-466e-a425-34196dd2af10-groupManagement] INFO  server.RaftServerConfigKeys (ConfUtils.java:logGet(46)) - raft.server.log.statemachine.data.sync.timeout = 10s (default)
2023-08-25 11:36:14,563 [41c35b0f-7d09-466e-a425-34196dd2af10-groupManagement] INFO  server.RaftServerConfigKeys (ConfUtils.java:logGet(46)) - raft.server.log.statemachine.data.sync.timeout.retry = -1 (default)
2023-08-25 11:36:14,564 [41c35b0f-7d09-466e-a425-34196dd2af10-groupManagement] INFO  server.RaftServerConfigKeys (ConfUtils.java:logGet(46)) - raft.server.log.write.buffer.size = 1048576 (custom)
2023-08-25 11:36:14,564 [41c35b0f-7d09-466e-a425-34196dd2af10-groupManagement] INFO  server.RaftServerConfigKeys (ConfUtils.java:logGet(46)) - raft.server.log.appender.buffer.byte-limit = 33554432 (custom)
2023-08-25 11:36:14,572 [41c35b0f-7d09-466e-a425-34196dd2af10-groupManagement] INFO  server.RaftServerConfigKeys (ConfUtils.java:logGet(46)) - raft.server.log.unsafe-flush.enabled = false (default)
2023-08-25 11:36:14,572 [41c35b0f-7d09-466e-a425-34196dd2af10-groupManagement] INFO  server.RaftServerConfigKeys (ConfUtils.java:logGet(46)) - raft.server.log.async-flush.enabled = false (default)
2023-08-25 11:36:14,572 [41c35b0f-7d09-466e-a425-34196dd2af10-groupManagement] INFO  server.RaftServerConfigKeys (ConfUtils.java:logGet(46)) - raft.server.log.statemachine.data.caching.enabled = true (custom)
2023-08-25 11:36:14,572 [41c35b0f-7d09-466e-a425-34196dd2af10-groupManagement] INFO  segmented.SegmentedRaftLogWorker (SegmentedRaftLogWorker.java:lambda$new$0(135)) - 41c35b0f-7d09-466e-a425-34196dd2af10@group-F80FA185A2BB-SegmentedRaftLogWorker: flushIndex: setUnconditionally 0 -> -1
2023-08-25 11:36:14,572 [41c35b0f-7d09-466e-a425-34196dd2af10-groupManagement] INFO  segmented.SegmentedRaftLogWorker (SegmentedRaftLogWorker.java:lambda$new$0(135)) - 41c35b0f-7d09-466e-a425-34196dd2af10@group-F80FA185A2BB-SegmentedRaftLogWorker: safeCacheEvictIndex: setUnconditionally 0 -> -1
2023-08-25 11:36:14,573 [41c35b0f-7d09-466e-a425-34196dd2af10-groupManagement] INFO  server.RaftServer$Division (RaftServerImpl.java:start(342)) - 41c35b0f-7d09-466e-a425-34196dd2af10@group-F80FA185A2BB: start as a follower, conf=-1: peers:[c6e0d301-09b2-4368-8fbf-181ce26f0a67|rpc:10.1.0.52:15138|admin:10.1.0.52:15137|client:10.1.0.52:15136|dataStream:10.1.0.52:15139|priority:0|startupRole:FOLLOWER, 41c35b0f-7d09-466e-a425-34196dd2af10|rpc:10.1.0.52:15120|admin:10.1.0.52:15119|client:10.1.0.52:15118|dataStream:10.1.0.52:15121|priority:1|startupRole:FOLLOWER, b4d41a5a-7f8b-4359-a921-685918a3749b|rpc:10.1.0.52:15129|admin:10.1.0.52:15128|client:10.1.0.52:15127|dataStream:10.1.0.52:15130|priority:0|startupRole:FOLLOWER]|listeners:[], old=null
2023-08-25 11:36:14,573 [41c35b0f-7d09-466e-a425-34196dd2af10-groupManagement] INFO  server.RaftServer$Division (RaftServerImpl.java:setRole(329)) - 41c35b0f-7d09-466e-a425-34196dd2af10@group-F80FA185A2BB: changes role from      null to FOLLOWER at term 0 for startAsFollower
2023-08-25 11:36:14,573 [41c35b0f-7d09-466e-a425-34196dd2af10-groupManagement] INFO  impl.RoleInfo (RoleInfo.java:updateAndGet(139)) - 41c35b0f-7d09-466e-a425-34196dd2af10: start 41c35b0f-7d09-466e-a425-34196dd2af10@group-F80FA185A2BB-FollowerState
2023-08-25 11:36:14,573 [41c35b0f-7d09-466e-a425-34196dd2af10-groupManagement] INFO  util.JmxRegister (JmxRegister.java:tryRegister(44)) - Successfully registered JMX Bean with object name Ratis:service=RaftServer,group=group-F80FA185A2BB,id=41c35b0f-7d09-466e-a425-34196dd2af10
2023-08-25 11:36:14,574 [41c35b0f-7d09-466e-a425-34196dd2af10-groupManagement] INFO  server.RaftServerConfigKeys (ConfUtils.java:logGet(46)) - raft.server.snapshot.auto.trigger.enabled = true (custom)
2023-08-25 11:36:14,574 [41c35b0f-7d09-466e-a425-34196dd2af10-groupManagement] INFO  server.RaftServerConfigKeys (ConfUtils.java:logGet(46)) - raft.server.snapshot.auto.trigger.threshold = 10000 (custom)
2023-08-25 11:36:14,574 [41c35b0f-7d09-466e-a425-34196dd2af10-groupManagement] INFO  server.RaftServerConfigKeys (ConfUtils.java:logGet(46)) - raft.server.snapshot.retention.file.num = 5 (custom)
2023-08-25 11:36:14,574 [41c35b0f-7d09-466e-a425-34196dd2af10-groupManagement] INFO  server.RaftServerConfigKeys (ConfUtils.java:logGet(46)) - raft.server.log.purge.upto.snapshot.index = false (default)
2023-08-25 11:36:14,574 [41c35b0f-7d09-466e-a425-34196dd2af10@group-F80FA185A2BB-FollowerState] INFO  server.RaftServerConfigKeys (ConfUtils.java:logFallback(53)) - raft.server.rpc.first-election.timeout.min = 5s (fallback to raft.server.rpc.timeout.min)
2023-08-25 11:36:14,575 [41c35b0f-7d09-466e-a425-34196dd2af10@group-F80FA185A2BB-FollowerState] INFO  server.RaftServerConfigKeys (ConfUtils.java:logFallback(53)) - raft.server.rpc.first-election.timeout.max = 5200ms (fallback to raft.server.rpc.timeout.max)
2023-08-25 11:36:14,578 [PipelineCommandHandlerThread-0] INFO  ratis.XceiverServerRatis (XceiverServerRatis.java:addGroup(804)) - Created group PipelineID=cb516a08-dd33-47ff-9430-f80fa185a2bb
2023-08-25 11:36:14,593 [grpc-default-executor-0] INFO  server.RaftServer (RaftServerProxy.java:addNew(98)) - b4d41a5a-7f8b-4359-a921-685918a3749b: addNew group-F80FA185A2BB:[c6e0d301-09b2-4368-8fbf-181ce26f0a67|rpc:10.1.0.52:15138|admin:10.1.0.52:15137|client:10.1.0.52:15136|dataStream:10.1.0.52:15139|priority:0|startupRole:FOLLOWER, 41c35b0f-7d09-466e-a425-34196dd2af10|rpc:10.1.0.52:15120|admin:10.1.0.52:15119|client:10.1.0.52:15118|dataStream:10.1.0.52:15121|priority:1|startupRole:FOLLOWER, b4d41a5a-7f8b-4359-a921-685918a3749b|rpc:10.1.0.52:15129|admin:10.1.0.52:15128|client:10.1.0.52:15127|dataStream:10.1.0.52:15130|priority:0|startupRole:FOLLOWER] returns group-F80FA185A2BB:java.util.concurrent.CompletableFuture@6d95ab2b[Not completed]
2023-08-25 11:36:14,594 [b4d41a5a-7f8b-4359-a921-685918a3749b-groupManagement] INFO  server.RaftServer$Division (RaftServerImpl.java:<init>(198)) - b4d41a5a-7f8b-4359-a921-685918a3749b: new RaftServerImpl for group-F80FA185A2BB:[c6e0d301-09b2-4368-8fbf-181ce26f0a67|rpc:10.1.0.52:15138|admin:10.1.0.52:15137|client:10.1.0.52:15136|dataStream:10.1.0.52:15139|priority:0|startupRole:FOLLOWER, 41c35b0f-7d09-466e-a425-34196dd2af10|rpc:10.1.0.52:15120|admin:10.1.0.52:15119|client:10.1.0.52:15118|dataStream:10.1.0.52:15121|priority:1|startupRole:FOLLOWER, b4d41a5a-7f8b-4359-a921-685918a3749b|rpc:10.1.0.52:15129|admin:10.1.0.52:15128|client:10.1.0.52:15127|dataStream:10.1.0.52:15130|priority:0|startupRole:FOLLOWER] with ContainerStateMachine:uninitialized
2023-08-25 11:36:14,595 [b4d41a5a-7f8b-4359-a921-685918a3749b-groupManagement] INFO  server.RaftServerConfigKeys (ConfUtils.java:logGet(46)) - raft.server.rpc.timeout.min = 5s (custom)
2023-08-25 11:36:14,595 [b4d41a5a-7f8b-4359-a921-685918a3749b-groupManagement] INFO  server.RaftServerConfigKeys (ConfUtils.java:logGet(46)) - raft.server.rpc.timeout.max = 5200ms (custom)
2023-08-25 11:36:14,595 [b4d41a5a-7f8b-4359-a921-685918a3749b-groupManagement] INFO  server.RaftServerConfigKeys (ConfUtils.java:logGet(46)) - raft.server.rpc.sleep.time = 25ms (default)
2023-08-25 11:36:14,595 [b4d41a5a-7f8b-4359-a921-685918a3749b-groupManagement] INFO  server.RaftServerConfigKeys (ConfUtils.java:logGet(46)) - raft.server.rpc.slowness.timeout = 300s (custom)
2023-08-25 11:36:14,595 [b4d41a5a-7f8b-4359-a921-685918a3749b-groupManagement] INFO  server.RaftServerConfigKeys (ConfUtils.java:logGet(46)) - raft.server.leaderelection.leader.step-down.wait-time = 10s (default)
2023-08-25 11:36:14,595 [b4d41a5a-7f8b-4359-a921-685918a3749b-groupManagement] INFO  server.RaftServerConfigKeys (ConfUtils.java:logGet(46)) - raft.server.sleep.deviation.threshold = 300ms (default)
2023-08-25 11:36:14,595 [b4d41a5a-7f8b-4359-a921-685918a3749b-groupManagement] INFO  server.RaftServer$Division (ServerState.java:<init>(120)) - b4d41a5a-7f8b-4359-a921-685918a3749b@group-F80FA185A2BB: ConfigurationManager, init=-1: peers:[c6e0d301-09b2-4368-8fbf-181ce26f0a67|rpc:10.1.0.52:15138|admin:10.1.0.52:15137|client:10.1.0.52:15136|dataStream:10.1.0.52:15139|priority:0|startupRole:FOLLOWER, 41c35b0f-7d09-466e-a425-34196dd2af10|rpc:10.1.0.52:15120|admin:10.1.0.52:15119|client:10.1.0.52:15118|dataStream:10.1.0.52:15121|priority:1|startupRole:FOLLOWER, b4d41a5a-7f8b-4359-a921-685918a3749b|rpc:10.1.0.52:15129|admin:10.1.0.52:15128|client:10.1.0.52:15127|dataStream:10.1.0.52:15130|priority:0|startupRole:FOLLOWER]|listeners:[], old=null, confs=<EMPTY_MAP>
2023-08-25 11:36:14,595 [b4d41a5a-7f8b-4359-a921-685918a3749b-groupManagement] INFO  server.RaftServerConfigKeys (ConfUtils.java:logGet(46)) - raft.server.storage.dir = [/home/runner/work/ozone/ozone/hadoop-ozone/integration-test/target/test-dir/MiniOzoneClusterImpl-9e80f0e6-d3ce-4c33-b1a3-32fa2c9dea98/datanode-1/data/ratis] (custom)
2023-08-25 11:36:14,595 [b4d41a5a-7f8b-4359-a921-685918a3749b-groupManagement] INFO  server.RaftServerConfigKeys (ConfUtils.java:logGet(46)) - raft.server.log.corruption.policy = EXCEPTION (default)
2023-08-25 11:36:14,595 [b4d41a5a-7f8b-4359-a921-685918a3749b-groupManagement] INFO  server.RaftServerConfigKeys (ConfUtils.java:logGet(46)) - raft.server.storage.free-space.min = 0MB (=0) (default)
2023-08-25 11:36:14,595 [b4d41a5a-7f8b-4359-a921-685918a3749b-groupManagement] INFO  server.RaftServerConfigKeys (ConfUtils.java:logGet(46)) - raft.server.notification.no-leader.timeout = 300s (custom)
2023-08-25 11:36:14,595 [b4d41a5a-7f8b-4359-a921-685918a3749b-groupManagement] INFO  server.RaftServerConfigKeys (ConfUtils.java:logGet(46)) - raft.server.read.timeout = 10s (default)
2023-08-25 11:36:14,596 [b4d41a5a-7f8b-4359-a921-685918a3749b-groupManagement] INFO  server.RaftServerConfigKeys (ConfUtils.java:logGet(46)) - raft.server.retrycache.expirytime = 600000ms (custom)
2023-08-25 11:36:14,596 [b4d41a5a-7f8b-4359-a921-685918a3749b-groupManagement] INFO  server.RaftServerConfigKeys (ConfUtils.java:logGet(46)) - raft.server.retrycache.statistics.expirytime = 100μs (default)
2023-08-25 11:36:14,596 [b4d41a5a-7f8b-4359-a921-685918a3749b-groupManagement] INFO  server.RaftServerConfigKeys (ConfUtils.java:logGet(46)) - raft.server.read.option = DEFAULT (default)
2023-08-25 11:36:14,597 [b4d41a5a-7f8b-4359-a921-685918a3749b-groupManagement] INFO  server.RaftServerConfigKeys (ConfUtils.java:logGet(46)) - raft.server.rpc.request.timeout = 60s (custom)
2023-08-25 11:36:14,597 [b4d41a5a-7f8b-4359-a921-685918a3749b-groupManagement] INFO  server.RaftServerConfigKeys (ConfUtils.java:logGet(46)) - raft.server.log.appender.install.snapshot.enabled = false (custom)
2023-08-25 11:36:14,597 [b4d41a5a-7f8b-4359-a921-685918a3749b-groupManagement] INFO  server.RaftServerConfigKeys (ConfUtils.java:logGet(46)) - raft.server.threadpool.server.cached = true (default)
2023-08-25 11:36:14,597 [b4d41a5a-7f8b-4359-a921-685918a3749b-groupManagement] INFO  server.RaftServerConfigKeys (ConfUtils.java:logGet(46)) - raft.server.threadpool.server.size = 0 (default)
2023-08-25 11:36:14,597 [b4d41a5a-7f8b-4359-a921-685918a3749b-groupManagement] INFO  server.RaftServerConfigKeys (ConfUtils.java:logGet(46)) - raft.server.threadpool.client.cached = true (default)
2023-08-25 11:36:14,597 [b4d41a5a-7f8b-4359-a921-685918a3749b-groupManagement] INFO  server.RaftServerConfigKeys (ConfUtils.java:logGet(46)) - raft.server.threadpool.client.size = 0 (default)
2023-08-25 11:36:14,597 [b4d41a5a-7f8b-4359-a921-685918a3749b-groupManagement] INFO  storage.RaftStorageDirectory (RaftStorageDirectoryImpl.java:analyzeStorage(137)) - The storage directory /home/runner/work/ozone/ozone/hadoop-ozone/integration-test/target/test-dir/MiniOzoneClusterImpl-9e80f0e6-d3ce-4c33-b1a3-32fa2c9dea98/datanode-1/data/ratis/cb516a08-dd33-47ff-9430-f80fa185a2bb does not exist. Creating ...
2023-08-25 11:36:14,598 [b4d41a5a-7f8b-4359-a921-685918a3749b-groupManagement] INFO  storage.RaftStorageDirectory (RaftStorageDirectoryImpl.java:tryLock(231)) - Lock on /home/runner/work/ozone/ozone/hadoop-ozone/integration-test/target/test-dir/MiniOzoneClusterImpl-9e80f0e6-d3ce-4c33-b1a3-32fa2c9dea98/datanode-1/data/ratis/cb516a08-dd33-47ff-9430-f80fa185a2bb/in_use.lock acquired by nodename 61563@fv-az508-118
2023-08-25 11:36:14,601 [b4d41a5a-7f8b-4359-a921-685918a3749b-groupManagement] INFO  storage.RaftStorage (RaftStorageImpl.java:format(96)) - Storage directory /home/runner/work/ozone/ozone/hadoop-ozone/integration-test/target/test-dir/MiniOzoneClusterImpl-9e80f0e6-d3ce-4c33-b1a3-32fa2c9dea98/datanode-1/data/ratis/cb516a08-dd33-47ff-9430-f80fa185a2bb has been successfully formatted.
2023-08-25 11:36:14,602 [b4d41a5a-7f8b-4359-a921-685918a3749b-groupManagement] INFO  ratis.ContainerStateMachine (ContainerStateMachine.java:loadSnapshot(262)) - group-F80FA185A2BB: The snapshot info is null. Setting the last applied indexto:(t:0, i:~)
2023-08-25 11:36:14,602 [b4d41a5a-7f8b-4359-a921-685918a3749b-groupManagement] INFO  server.RaftServerConfigKeys (ConfUtils.java:logGet(46)) - raft.server.log.use.memory = false (default)
2023-08-25 11:36:14,602 [b4d41a5a-7f8b-4359-a921-685918a3749b-groupManagement] INFO  server.RaftServerConfigKeys (ConfUtils.java:logGet(46)) - raft.server.log.purge.gap = 1000000 (custom)
2023-08-25 11:36:14,602 [b4d41a5a-7f8b-4359-a921-685918a3749b-groupManagement] INFO  server.RaftServerConfigKeys (ConfUtils.java:logGet(46)) - raft.server.log.appender.buffer.byte-limit = 33554432 (custom)
2023-08-25 11:36:14,602 [b4d41a5a-7f8b-4359-a921-685918a3749b-groupManagement] INFO  server.RaftServerConfigKeys (ConfUtils.java:logGet(46)) - raft.server.log.statemachine.data.read.timeout = 1000ms (default)
2023-08-25 11:36:14,602 [b4d41a5a-7f8b-4359-a921-685918a3749b-groupManagement] INFO  server.RaftServerConfigKeys (ConfUtils.java:logGet(46)) - raft.server.log.purge.preservation.log.num = 0 (default)
2023-08-25 11:36:14,602 [b4d41a5a-7f8b-4359-a921-685918a3749b-groupManagement] INFO  server.RaftServerConfigKeys (ConfUtils.java:logGet(46)) - raft.server.log.segment.size.max = 1048576 (custom)
2023-08-25 11:36:14,603 [b4d41a5a-7f8b-4359-a921-685918a3749b-groupManagement] INFO  server.RaftServerConfigKeys (ConfUtils.java:logGet(46)) - raft.server.log.segment.cache.num.max = 2 (custom)
2023-08-25 11:36:14,603 [b4d41a5a-7f8b-4359-a921-685918a3749b-groupManagement] INFO  server.RaftServerConfigKeys (ConfUtils.java:logGet(46)) - raft.server.log.segment.cache.size.max = 200MB (=209715200) (default)
2023-08-25 11:36:14,603 [b4d41a5a-7f8b-4359-a921-685918a3749b-groupManagement] INFO  server.RaftServerConfigKeys (ConfUtils.java:logGet(46)) - raft.server.log.appender.buffer.byte-limit = 33554432 (custom)
2023-08-25 11:36:14,603 [b4d41a5a-7f8b-4359-a921-685918a3749b-groupManagement] INFO  segmented.SegmentedRaftLogWorker (SegmentedRaftLogWorker.java:<init>(188)) - new b4d41a5a-7f8b-4359-a921-685918a3749b@group-F80FA185A2BB-SegmentedRaftLogWorker for RaftStorageImpl:Storage Directory /home/runner/work/ozone/ozone/hadoop-ozone/integration-test/target/test-dir/MiniOzoneClusterImpl-9e80f0e6-d3ce-4c33-b1a3-32fa2c9dea98/datanode-1/data/ratis/cb516a08-dd33-47ff-9430-f80fa185a2bb
2023-08-25 11:36:14,603 [b4d41a5a-7f8b-4359-a921-685918a3749b-groupManagement] INFO  server.RaftServerConfigKeys (ConfUtils.java:logGet(46)) - raft.server.log.queue.byte-limit = 4294967296 (custom)
2023-08-25 11:36:14,603 [b4d41a5a-7f8b-4359-a921-685918a3749b-groupManagement] INFO  server.RaftServerConfigKeys (ConfUtils.java:logGet(46)) - raft.server.log.queue.element-limit = 1024 (custom)
2023-08-25 11:36:14,603 [b4d41a5a-7f8b-4359-a921-685918a3749b-groupManagement] INFO  server.RaftServerConfigKeys (ConfUtils.java:logGet(46)) - raft.server.log.segment.size.max = 1048576 (custom)
2023-08-25 11:36:14,603 [b4d41a5a-7f8b-4359-a921-685918a3749b-groupManagement] INFO  server.RaftServerConfigKeys (ConfUtils.java:logGet(46)) - raft.server.log.preallocated.size = 16384 (custom)
2023-08-25 11:36:14,604 [b4d41a5a-7f8b-4359-a921-685918a3749b-groupManagement] INFO  server.RaftServerConfigKeys (ConfUtils.java:logGet(46)) - raft.server.log.force.sync.num = 128 (default)
2023-08-25 11:36:14,604 [b4d41a5a-7f8b-4359-a921-685918a3749b-groupManagement] INFO  server.RaftServerConfigKeys (ConfUtils.java:logGet(46)) - raft.server.log.statemachine.data.sync = true (default)
2023-08-25 11:36:14,604 [b4d41a5a-7f8b-4359-a921-685918a3749b-groupManagement] INFO  server.RaftServerConfigKeys (ConfUtils.java:logGet(46)) - raft.server.log.statemachine.data.sync.timeout = 10s (default)
2023-08-25 11:36:14,604 [b4d41a5a-7f8b-4359-a921-685918a3749b-groupManagement] INFO  server.RaftServerConfigKeys (ConfUtils.java:logGet(46)) - raft.server.log.statemachine.data.sync.timeout.retry = -1 (default)
2023-08-25 11:36:14,604 [b4d41a5a-7f8b-4359-a921-685918a3749b-groupManagement] INFO  server.RaftServerConfigKeys (ConfUtils.java:logGet(46)) - raft.server.log.write.buffer.size = 1048576 (custom)
2023-08-25 11:36:14,605 [b4d41a5a-7f8b-4359-a921-685918a3749b-groupManagement] INFO  server.RaftServerConfigKeys (ConfUtils.java:logGet(46)) - raft.server.log.appender.buffer.byte-limit = 33554432 (custom)
2023-08-25 11:36:14,612 [b4d41a5a-7f8b-4359-a921-685918a3749b-groupManagement] INFO  server.RaftServerConfigKeys (ConfUtils.java:logGet(46)) - raft.server.log.unsafe-flush.enabled = false (default)
2023-08-25 11:36:14,612 [b4d41a5a-7f8b-4359-a921-685918a3749b-groupManagement] INFO  server.RaftServerConfigKeys (ConfUtils.java:logGet(46)) - raft.server.log.async-flush.enabled = false (default)
2023-08-25 11:36:14,612 [b4d41a5a-7f8b-4359-a921-685918a3749b-groupManagement] INFO  server.RaftServerConfigKeys (ConfUtils.java:logGet(46)) - raft.server.log.statemachine.data.caching.enabled = true (custom)
2023-08-25 11:36:14,612 [b4d41a5a-7f8b-4359-a921-685918a3749b-groupManagement] INFO  segmented.SegmentedRaftLogWorker (SegmentedRaftLogWorker.java:lambda$new$0(135)) - b4d41a5a-7f8b-4359-a921-685918a3749b@group-F80FA185A2BB-SegmentedRaftLogWorker: flushIndex: setUnconditionally 0 -> -1
2023-08-25 11:36:14,613 [b4d41a5a-7f8b-4359-a921-685918a3749b-groupManagement] INFO  segmented.SegmentedRaftLogWorker (SegmentedRaftLogWorker.java:lambda$new$0(135)) - b4d41a5a-7f8b-4359-a921-685918a3749b@group-F80FA185A2BB-SegmentedRaftLogWorker: safeCacheEvictIndex: setUnconditionally 0 -> -1
2023-08-25 11:36:14,613 [b4d41a5a-7f8b-4359-a921-685918a3749b-groupManagement] INFO  server.RaftServer$Division (RaftServerImpl.java:start(342)) - b4d41a5a-7f8b-4359-a921-685918a3749b@group-F80FA185A2BB: start as a follower, conf=-1: peers:[c6e0d301-09b2-4368-8fbf-181ce26f0a67|rpc:10.1.0.52:15138|admin:10.1.0.52:15137|client:10.1.0.52:15136|dataStream:10.1.0.52:15139|priority:0|startupRole:FOLLOWER, 41c35b0f-7d09-466e-a425-34196dd2af10|rpc:10.1.0.52:15120|admin:10.1.0.52:15119|client:10.1.0.52:15118|dataStream:10.1.0.52:15121|priority:1|startupRole:FOLLOWER, b4d41a5a-7f8b-4359-a921-685918a3749b|rpc:10.1.0.52:15129|admin:10.1.0.52:15128|client:10.1.0.52:15127|dataStream:10.1.0.52:15130|priority:0|startupRole:FOLLOWER]|listeners:[], old=null
2023-08-25 11:36:14,613 [b4d41a5a-7f8b-4359-a921-685918a3749b-groupManagement] INFO  server.RaftServer$Division (RaftServerImpl.java:setRole(329)) - b4d41a5a-7f8b-4359-a921-685918a3749b@group-F80FA185A2BB: changes role from      null to FOLLOWER at term 0 for startAsFollower
2023-08-25 11:36:14,613 [b4d41a5a-7f8b-4359-a921-685918a3749b-groupManagement] INFO  impl.RoleInfo (RoleInfo.java:updateAndGet(139)) - b4d41a5a-7f8b-4359-a921-685918a3749b: start b4d41a5a-7f8b-4359-a921-685918a3749b@group-F80FA185A2BB-FollowerState
2023-08-25 11:36:14,613 [b4d41a5a-7f8b-4359-a921-685918a3749b-groupManagement] INFO  util.JmxRegister (JmxRegister.java:tryRegister(44)) - Successfully registered JMX Bean with object name Ratis:service=RaftServer,group=group-F80FA185A2BB,id=b4d41a5a-7f8b-4359-a921-685918a3749b
2023-08-25 11:36:14,614 [b4d41a5a-7f8b-4359-a921-685918a3749b-groupManagement] INFO  server.RaftServerConfigKeys (ConfUtils.java:logGet(46)) - raft.server.snapshot.auto.trigger.enabled = true (custom)
2023-08-25 11:36:14,614 [b4d41a5a-7f8b-4359-a921-685918a3749b-groupManagement] INFO  server.RaftServerConfigKeys (ConfUtils.java:logGet(46)) - raft.server.snapshot.auto.trigger.threshold = 10000 (custom)
2023-08-25 11:36:14,614 [b4d41a5a-7f8b-4359-a921-685918a3749b-groupManagement] INFO  server.RaftServerConfigKeys (ConfUtils.java:logGet(46)) - raft.server.snapshot.retention.file.num = 5 (custom)
2023-08-25 11:36:14,614 [b4d41a5a-7f8b-4359-a921-685918a3749b-groupManagement] INFO  server.RaftServerConfigKeys (ConfUtils.java:logGet(46)) - raft.server.log.purge.upto.snapshot.index = false (default)
2023-08-25 11:36:14,615 [b4d41a5a-7f8b-4359-a921-685918a3749b@group-F80FA185A2BB-FollowerState] INFO  server.RaftServerConfigKeys (ConfUtils.java:logFallback(53)) - raft.server.rpc.first-election.timeout.min = 5s (fallback to raft.server.rpc.timeout.min)
2023-08-25 11:36:14,615 [b4d41a5a-7f8b-4359-a921-685918a3749b@group-F80FA185A2BB-FollowerState] INFO  server.RaftServerConfigKeys (ConfUtils.java:logFallback(53)) - raft.server.rpc.first-election.timeout.max = 5200ms (fallback to raft.server.rpc.timeout.max)
2023-08-25 11:36:14,637 [grpc-default-executor-0] INFO  server.RaftServer (RaftServerProxy.java:addNew(98)) - c6e0d301-09b2-4368-8fbf-181ce26f0a67: addNew group-F80FA185A2BB:[c6e0d301-09b2-4368-8fbf-181ce26f0a67|rpc:10.1.0.52:15138|admin:10.1.0.52:15137|client:10.1.0.52:15136|dataStream:10.1.0.52:15139|priority:0|startupRole:FOLLOWER, 41c35b0f-7d09-466e-a425-34196dd2af10|rpc:10.1.0.52:15120|admin:10.1.0.52:15119|client:10.1.0.52:15118|dataStream:10.1.0.52:15121|priority:1|startupRole:FOLLOWER, b4d41a5a-7f8b-4359-a921-685918a3749b|rpc:10.1.0.52:15129|admin:10.1.0.52:15128|client:10.1.0.52:15127|dataStream:10.1.0.52:15130|priority:0|startupRole:FOLLOWER] returns group-F80FA185A2BB:java.util.concurrent.CompletableFuture@62751512[Not completed]
2023-08-25 11:36:14,638 [c6e0d301-09b2-4368-8fbf-181ce26f0a67-groupManagement] INFO  server.RaftServer$Division (RaftServerImpl.java:<init>(198)) - c6e0d301-09b2-4368-8fbf-181ce26f0a67: new RaftServerImpl for group-F80FA185A2BB:[c6e0d301-09b2-4368-8fbf-181ce26f0a67|rpc:10.1.0.52:15138|admin:10.1.0.52:15137|client:10.1.0.52:15136|dataStream:10.1.0.52:15139|priority:0|startupRole:FOLLOWER, 41c35b0f-7d09-466e-a425-34196dd2af10|rpc:10.1.0.52:15120|admin:10.1.0.52:15119|client:10.1.0.52:15118|dataStream:10.1.0.52:15121|priority:1|startupRole:FOLLOWER, b4d41a5a-7f8b-4359-a921-685918a3749b|rpc:10.1.0.52:15129|admin:10.1.0.52:15128|client:10.1.0.52:15127|dataStream:10.1.0.52:15130|priority:0|startupRole:FOLLOWER] with ContainerStateMachine:uninitialized
2023-08-25 11:36:14,638 [c6e0d301-09b2-4368-8fbf-181ce26f0a67-groupManagement] INFO  server.RaftServerConfigKeys (ConfUtils.java:logGet(46)) - raft.server.rpc.timeout.min = 5s (custom)
2023-08-25 11:36:14,638 [c6e0d301-09b2-4368-8fbf-181ce26f0a67-groupManagement] INFO  server.RaftServerConfigKeys (ConfUtils.java:logGet(46)) - raft.server.rpc.timeout.max = 5200ms (custom)
2023-08-25 11:36:14,638 [c6e0d301-09b2-4368-8fbf-181ce26f0a67-groupManagement] INFO  server.RaftServerConfigKeys (ConfUtils.java:logGet(46)) - raft.server.rpc.sleep.time = 25ms (default)
2023-08-25 11:36:14,638 [c6e0d301-09b2-4368-8fbf-181ce26f0a67-groupManagement] INFO  server.RaftServerConfigKeys (ConfUtils.java:logGet(46)) - raft.server.rpc.slowness.timeout = 300s (custom)
2023-08-25 11:36:14,638 [c6e0d301-09b2-4368-8fbf-181ce26f0a67-groupManagement] INFO  server.RaftServerConfigKeys (ConfUtils.java:logGet(46)) - raft.server.leaderelection.leader.step-down.wait-time = 10s (default)
2023-08-25 11:36:14,638 [c6e0d301-09b2-4368-8fbf-181ce26f0a67-groupManagement] INFO  server.RaftServerConfigKeys (ConfUtils.java:logGet(46)) - raft.server.sleep.deviation.threshold = 300ms (default)
2023-08-25 11:36:14,638 [c6e0d301-09b2-4368-8fbf-181ce26f0a67-groupManagement] INFO  server.RaftServer$Division (ServerState.java:<init>(120)) - c6e0d301-09b2-4368-8fbf-181ce26f0a67@group-F80FA185A2BB: ConfigurationManager, init=-1: peers:[c6e0d301-09b2-4368-8fbf-181ce26f0a67|rpc:10.1.0.52:15138|admin:10.1.0.52:15137|client:10.1.0.52:15136|dataStream:10.1.0.52:15139|priority:0|startupRole:FOLLOWER, 41c35b0f-7d09-466e-a425-34196dd2af10|rpc:10.1.0.52:15120|admin:10.1.0.52:15119|client:10.1.0.52:15118|dataStream:10.1.0.52:15121|priority:1|startupRole:FOLLOWER, b4d41a5a-7f8b-4359-a921-685918a3749b|rpc:10.1.0.52:15129|admin:10.1.0.52:15128|client:10.1.0.52:15127|dataStream:10.1.0.52:15130|priority:0|startupRole:FOLLOWER]|listeners:[], old=null, confs=<EMPTY_MAP>
2023-08-25 11:36:14,638 [c6e0d301-09b2-4368-8fbf-181ce26f0a67-groupManagement] INFO  server.RaftServerConfigKeys (ConfUtils.java:logGet(46)) - raft.server.storage.dir = [/home/runner/work/ozone/ozone/hadoop-ozone/integration-test/target/test-dir/MiniOzoneClusterImpl-9e80f0e6-d3ce-4c33-b1a3-32fa2c9dea98/datanode-2/data/ratis] (custom)
2023-08-25 11:36:14,639 [c6e0d301-09b2-4368-8fbf-181ce26f0a67-groupManagement] INFO  server.RaftServerConfigKeys (ConfUtils.java:logGet(46)) - raft.server.log.corruption.policy = EXCEPTION (default)
2023-08-25 11:36:14,639 [c6e0d301-09b2-4368-8fbf-181ce26f0a67-groupManagement] INFO  server.RaftServerConfigKeys (ConfUtils.java:logGet(46)) - raft.server.storage.free-space.min = 0MB (=0) (default)
2023-08-25 11:36:14,639 [c6e0d301-09b2-4368-8fbf-181ce26f0a67-groupManagement] INFO  server.RaftServerConfigKeys (ConfUtils.java:logGet(46)) - raft.server.notification.no-leader.timeout = 300s (custom)
2023-08-25 11:36:14,639 [c6e0d301-09b2-4368-8fbf-181ce26f0a67-groupManagement] INFO  server.RaftServerConfigKeys (ConfUtils.java:logGet(46)) - raft.server.read.timeout = 10s (default)
2023-08-25 11:36:14,639 [c6e0d301-09b2-4368-8fbf-181ce26f0a67-groupManagement] INFO  server.RaftServerConfigKeys (ConfUtils.java:logGet(46)) - raft.server.retrycache.expirytime = 600000ms (custom)
2023-08-25 11:36:14,639 [c6e0d301-09b2-4368-8fbf-181ce26f0a67-groupManagement] INFO  server.RaftServerConfigKeys (ConfUtils.java:logGet(46)) - raft.server.retrycache.statistics.expirytime = 100μs (default)
2023-08-25 11:36:14,639 [c6e0d301-09b2-4368-8fbf-181ce26f0a67-groupManagement] INFO  server.RaftServerConfigKeys (ConfUtils.java:logGet(46)) - raft.server.read.option = DEFAULT (default)
2023-08-25 11:36:14,640 [c6e0d301-09b2-4368-8fbf-181ce26f0a67-groupManagement] INFO  server.RaftServerConfigKeys (ConfUtils.java:logGet(46)) - raft.server.rpc.request.timeout = 60s (custom)
2023-08-25 11:36:14,640 [c6e0d301-09b2-4368-8fbf-181ce26f0a67-groupManagement] INFO  server.RaftServerConfigKeys (ConfUtils.java:logGet(46)) - raft.server.log.appender.install.snapshot.enabled = false (custom)
2023-08-25 11:36:14,640 [c6e0d301-09b2-4368-8fbf-181ce26f0a67-groupManagement] INFO  server.RaftServerConfigKeys (ConfUtils.java:logGet(46)) - raft.server.threadpool.server.cached = true (default)
2023-08-25 11:36:14,640 [c6e0d301-09b2-4368-8fbf-181ce26f0a67-groupManagement] INFO  server.RaftServerConfigKeys (ConfUtils.java:logGet(46)) - raft.server.threadpool.server.size = 0 (default)
2023-08-25 11:36:14,640 [c6e0d301-09b2-4368-8fbf-181ce26f0a67-groupManagement] INFO  server.RaftServerConfigKeys (ConfUtils.java:logGet(46)) - raft.server.threadpool.client.cached = true (default)
2023-08-25 11:36:14,640 [c6e0d301-09b2-4368-8fbf-181ce26f0a67-groupManagement] INFO  server.RaftServerConfigKeys (ConfUtils.java:logGet(46)) - raft.server.threadpool.client.size = 0 (default)
2023-08-25 11:36:14,641 [c6e0d301-09b2-4368-8fbf-181ce26f0a67-groupManagement] INFO  storage.RaftStorageDirectory (RaftStorageDirectoryImpl.java:analyzeStorage(137)) - The storage directory /home/runner/work/ozone/ozone/hadoop-ozone/integration-test/target/test-dir/MiniOzoneClusterImpl-9e80f0e6-d3ce-4c33-b1a3-32fa2c9dea98/datanode-2/data/ratis/cb516a08-dd33-47ff-9430-f80fa185a2bb does not exist. Creating ...
2023-08-25 11:36:14,642 [c6e0d301-09b2-4368-8fbf-181ce26f0a67-groupManagement] INFO  storage.RaftStorageDirectory (RaftStorageDirectoryImpl.java:tryLock(231)) - Lock on /home/runner/work/ozone/ozone/hadoop-ozone/integration-test/target/test-dir/MiniOzoneClusterImpl-9e80f0e6-d3ce-4c33-b1a3-32fa2c9dea98/datanode-2/data/ratis/cb516a08-dd33-47ff-9430-f80fa185a2bb/in_use.lock acquired by nodename 61563@fv-az508-118
2023-08-25 11:36:14,645 [c6e0d301-09b2-4368-8fbf-181ce26f0a67-groupManagement] INFO  storage.RaftStorage (RaftStorageImpl.java:format(96)) - Storage directory /home/runner/work/ozone/ozone/hadoop-ozone/integration-test/target/test-dir/MiniOzoneClusterImpl-9e80f0e6-d3ce-4c33-b1a3-32fa2c9dea98/datanode-2/data/ratis/cb516a08-dd33-47ff-9430-f80fa185a2bb has been successfully formatted.
2023-08-25 11:36:14,645 [c6e0d301-09b2-4368-8fbf-181ce26f0a67-groupManagement] INFO  ratis.ContainerStateMachine (ContainerStateMachine.java:loadSnapshot(262)) - group-F80FA185A2BB: The snapshot info is null. Setting the last applied indexto:(t:0, i:~)
2023-08-25 11:36:14,646 [c6e0d301-09b2-4368-8fbf-181ce26f0a67-groupManagement] INFO  server.RaftServerConfigKeys (ConfUtils.java:logGet(46)) - raft.server.log.use.memory = false (default)
2023-08-25 11:36:14,647 [c6e0d301-09b2-4368-8fbf-181ce26f0a67-groupManagement] INFO  server.RaftServerConfigKeys (ConfUtils.java:logGet(46)) - raft.server.log.purge.gap = 1000000 (custom)
2023-08-25 11:36:14,647 [c6e0d301-09b2-4368-8fbf-181ce26f0a67-groupManagement] INFO  server.RaftServerConfigKeys (ConfUtils.java:logGet(46)) - raft.server.log.appender.buffer.byte-limit = 33554432 (custom)
2023-08-25 11:36:14,647 [c6e0d301-09b2-4368-8fbf-181ce26f0a67-groupManagement] INFO  server.RaftServerConfigKeys (ConfUtils.java:logGet(46)) - raft.server.log.statemachine.data.read.timeout = 1000ms (default)
2023-08-25 11:36:14,647 [c6e0d301-09b2-4368-8fbf-181ce26f0a67-groupManagement] INFO  server.RaftServerConfigKeys (ConfUtils.java:logGet(46)) - raft.server.log.purge.preservation.log.num = 0 (default)
2023-08-25 11:36:14,647 [c6e0d301-09b2-4368-8fbf-181ce26f0a67-groupManagement] INFO  server.RaftServerConfigKeys (ConfUtils.java:logGet(46)) - raft.server.log.segment.size.max = 1048576 (custom)
2023-08-25 11:36:14,647 [c6e0d301-09b2-4368-8fbf-181ce26f0a67-groupManagement] INFO  server.RaftServerConfigKeys (ConfUtils.java:logGet(46)) - raft.server.log.segment.cache.num.max = 2 (custom)
2023-08-25 11:36:14,647 [c6e0d301-09b2-4368-8fbf-181ce26f0a67-groupManagement] INFO  server.RaftServerConfigKeys (ConfUtils.java:logGet(46)) - raft.server.log.segment.cache.size.max = 200MB (=209715200) (default)
2023-08-25 11:36:14,648 [c6e0d301-09b2-4368-8fbf-181ce26f0a67-groupManagement] INFO  server.RaftServerConfigKeys (ConfUtils.java:logGet(46)) - raft.server.log.appender.buffer.byte-limit = 33554432 (custom)
2023-08-25 11:36:14,648 [c6e0d301-09b2-4368-8fbf-181ce26f0a67-groupManagement] INFO  segmented.SegmentedRaftLogWorker (SegmentedRaftLogWorker.java:<init>(188)) - new c6e0d301-09b2-4368-8fbf-181ce26f0a67@group-F80FA185A2BB-SegmentedRaftLogWorker for RaftStorageImpl:Storage Directory /home/runner/work/ozone/ozone/hadoop-ozone/integration-test/target/test-dir/MiniOzoneClusterImpl-9e80f0e6-d3ce-4c33-b1a3-32fa2c9dea98/datanode-2/data/ratis/cb516a08-dd33-47ff-9430-f80fa185a2bb
2023-08-25 11:36:14,648 [c6e0d301-09b2-4368-8fbf-181ce26f0a67-groupManagement] INFO  server.RaftServerConfigKeys (ConfUtils.java:logGet(46)) - raft.server.log.queue.byte-limit = 4294967296 (custom)
2023-08-25 11:36:14,648 [c6e0d301-09b2-4368-8fbf-181ce26f0a67-groupManagement] INFO  server.RaftServerConfigKeys (ConfUtils.java:logGet(46)) - raft.server.log.queue.element-limit = 1024 (custom)
2023-08-25 11:36:14,648 [c6e0d301-09b2-4368-8fbf-181ce26f0a67-groupManagement] INFO  server.RaftServerConfigKeys (ConfUtils.java:logGet(46)) - raft.server.log.segment.size.max = 1048576 (custom)
2023-08-25 11:36:14,648 [c6e0d301-09b2-4368-8fbf-181ce26f0a67-groupManagement] INFO  server.RaftServerConfigKeys (ConfUtils.java:logGet(46)) - raft.server.log.preallocated.size = 16384 (custom)
2023-08-25 11:36:14,648 [c6e0d301-09b2-4368-8fbf-181ce26f0a67-groupManagement] INFO  server.RaftServerConfigKeys (ConfUtils.java:logGet(46)) - raft.server.log.force.sync.num = 128 (default)
2023-08-25 11:36:14,648 [c6e0d301-09b2-4368-8fbf-181ce26f0a67-groupManagement] INFO  server.RaftServerConfigKeys (ConfUtils.java:logGet(46)) - raft.server.log.statemachine.data.sync = true (default)
2023-08-25 11:36:14,648 [c6e0d301-09b2-4368-8fbf-181ce26f0a67-groupManagement] INFO  server.RaftServerConfigKeys (ConfUtils.java:logGet(46)) - raft.server.log.statemachine.data.sync.timeout = 10s (default)
2023-08-25 11:36:14,648 [c6e0d301-09b2-4368-8fbf-181ce26f0a67-groupManagement] INFO  server.RaftServerConfigKeys (ConfUtils.java:logGet(46)) - raft.server.log.statemachine.data.sync.timeout.retry = -1 (default)
2023-08-25 11:36:14,649 [c6e0d301-09b2-4368-8fbf-181ce26f0a67-groupManagement] INFO  server.RaftServerConfigKeys (ConfUtils.java:logGet(46)) - raft.server.log.write.buffer.size = 1048576 (custom)
2023-08-25 11:36:14,649 [c6e0d301-09b2-4368-8fbf-181ce26f0a67-groupManagement] INFO  server.RaftServerConfigKeys (ConfUtils.java:logGet(46)) - raft.server.log.appender.buffer.byte-limit = 33554432 (custom)
2023-08-25 11:36:14,656 [c6e0d301-09b2-4368-8fbf-181ce26f0a67-groupManagement] INFO  server.RaftServerConfigKeys (ConfUtils.java:logGet(46)) - raft.server.log.unsafe-flush.enabled = false (default)
2023-08-25 11:36:14,656 [c6e0d301-09b2-4368-8fbf-181ce26f0a67-groupManagement] INFO  server.RaftServerConfigKeys (ConfUtils.java:logGet(46)) - raft.server.log.async-flush.enabled = false (default)
2023-08-25 11:36:14,656 [c6e0d301-09b2-4368-8fbf-181ce26f0a67-groupManagement] INFO  server.RaftServerConfigKeys (ConfUtils.java:logGet(46)) - raft.server.log.statemachine.data.caching.enabled = true (custom)
2023-08-25 11:36:14,656 [c6e0d301-09b2-4368-8fbf-181ce26f0a67-groupManagement] INFO  segmented.SegmentedRaftLogWorker (SegmentedRaftLogWorker.java:lambda$new$0(135)) - c6e0d301-09b2-4368-8fbf-181ce26f0a67@group-F80FA185A2BB-SegmentedRaftLogWorker: flushIndex: setUnconditionally 0 -> -1
2023-08-25 11:36:14,656 [c6e0d301-09b2-4368-8fbf-181ce26f0a67-groupManagement] INFO  segmented.SegmentedRaftLogWorker (SegmentedRaftLogWorker.java:lambda$new$0(135)) - c6e0d301-09b2-4368-8fbf-181ce26f0a67@group-F80FA185A2BB-SegmentedRaftLogWorker: safeCacheEvictIndex: setUnconditionally 0 -> -1
2023-08-25 11:36:14,657 [c6e0d301-09b2-4368-8fbf-181ce26f0a67-groupManagement] INFO  server.RaftServer$Division (RaftServerImpl.java:start(342)) - c6e0d301-09b2-4368-8fbf-181ce26f0a67@group-F80FA185A2BB: start as a follower, conf=-1: peers:[c6e0d301-09b2-4368-8fbf-181ce26f0a67|rpc:10.1.0.52:15138|admin:10.1.0.52:15137|client:10.1.0.52:15136|dataStream:10.1.0.52:15139|priority:0|startupRole:FOLLOWER, 41c35b0f-7d09-466e-a425-34196dd2af10|rpc:10.1.0.52:15120|admin:10.1.0.52:15119|client:10.1.0.52:15118|dataStream:10.1.0.52:15121|priority:1|startupRole:FOLLOWER, b4d41a5a-7f8b-4359-a921-685918a3749b|rpc:10.1.0.52:15129|admin:10.1.0.52:15128|client:10.1.0.52:15127|dataStream:10.1.0.52:15130|priority:0|startupRole:FOLLOWER]|listeners:[], old=null
2023-08-25 11:36:14,657 [c6e0d301-09b2-4368-8fbf-181ce26f0a67-groupManagement] INFO  server.RaftServer$Division (RaftServerImpl.java:setRole(329)) - c6e0d301-09b2-4368-8fbf-181ce26f0a67@group-F80FA185A2BB: changes role from      null to FOLLOWER at term 0 for startAsFollower
2023-08-25 11:36:14,657 [c6e0d301-09b2-4368-8fbf-181ce26f0a67-groupManagement] INFO  impl.RoleInfo (RoleInfo.java:updateAndGet(139)) - c6e0d301-09b2-4368-8fbf-181ce26f0a67: start c6e0d301-09b2-4368-8fbf-181ce26f0a67@group-F80FA185A2BB-FollowerState
2023-08-25 11:36:14,662 [c6e0d301-09b2-4368-8fbf-181ce26f0a67-groupManagement] INFO  util.JmxRegister (JmxRegister.java:tryRegister(44)) - Successfully registered JMX Bean with object name Ratis:service=RaftServer,group=group-F80FA185A2BB,id=c6e0d301-09b2-4368-8fbf-181ce26f0a67
2023-08-25 11:36:14,662 [c6e0d301-09b2-4368-8fbf-181ce26f0a67-groupManagement] INFO  server.RaftServerConfigKeys (ConfUtils.java:logGet(46)) - raft.server.snapshot.auto.trigger.enabled = true (custom)
2023-08-25 11:36:14,662 [c6e0d301-09b2-4368-8fbf-181ce26f0a67-groupManagement] INFO  server.RaftServerConfigKeys (ConfUtils.java:logGet(46)) - raft.server.snapshot.auto.trigger.threshold = 10000 (custom)
2023-08-25 11:36:14,662 [c6e0d301-09b2-4368-8fbf-181ce26f0a67-groupManagement] INFO  server.RaftServerConfigKeys (ConfUtils.java:logGet(46)) - raft.server.snapshot.retention.file.num = 5 (custom)
2023-08-25 11:36:14,663 [c6e0d301-09b2-4368-8fbf-181ce26f0a67-groupManagement] INFO  server.RaftServerConfigKeys (ConfUtils.java:logGet(46)) - raft.server.log.purge.upto.snapshot.index = false (default)
2023-08-25 11:36:14,663 [c6e0d301-09b2-4368-8fbf-181ce26f0a67@group-F80FA185A2BB-FollowerState] INFO  server.RaftServerConfigKeys (ConfUtils.java:logFallback(53)) - raft.server.rpc.first-election.timeout.min = 5s (fallback to raft.server.rpc.timeout.min)
2023-08-25 11:36:14,663 [c6e0d301-09b2-4368-8fbf-181ce26f0a67@group-F80FA185A2BB-FollowerState] INFO  server.RaftServerConfigKeys (ConfUtils.java:logFallback(53)) - raft.server.rpc.first-election.timeout.max = 5200ms (fallback to raft.server.rpc.timeout.max)
2023-08-25 11:36:14,674 [PipelineCommandHandlerThread-0] INFO  commandhandler.CreatePipelineCommandHandler (CreatePipelineCommandHandler.java:lambda$handle$2(124)) - Created Pipeline RATIS THREE PipelineID=cb516a08-dd33-47ff-9430-f80fa185a2bb.
2023-08-25 11:36:14,794 [PipelineCommandHandlerThread-0] INFO  server.RaftServer (RaftServerProxy.java:addNew(98)) - b4d41a5a-7f8b-4359-a921-685918a3749b: addNew group-94A36F0BEC2F:[b4d41a5a-7f8b-4359-a921-685918a3749b|rpc:10.1.0.52:15129|admin:10.1.0.52:15128|client:10.1.0.52:15127|dataStream:10.1.0.52:15130|priority:1|startupRole:FOLLOWER] returns group-94A36F0BEC2F:java.util.concurrent.CompletableFuture@56421753[Not completed]
2023-08-25 11:36:14,795 [b4d41a5a-7f8b-4359-a921-685918a3749b-groupManagement] INFO  server.RaftServer$Division (RaftServerImpl.java:<init>(198)) - b4d41a5a-7f8b-4359-a921-685918a3749b: new RaftServerImpl for group-94A36F0BEC2F:[b4d41a5a-7f8b-4359-a921-685918a3749b|rpc:10.1.0.52:15129|admin:10.1.0.52:15128|client:10.1.0.52:15127|dataStream:10.1.0.52:15130|priority:1|startupRole:FOLLOWER] with ContainerStateMachine:uninitialized
2023-08-25 11:36:14,796 [b4d41a5a-7f8b-4359-a921-685918a3749b-groupManagement] INFO  server.RaftServerConfigKeys (ConfUtils.java:logGet(46)) - raft.server.rpc.timeout.min = 5s (custom)
2023-08-25 11:36:14,796 [b4d41a5a-7f8b-4359-a921-685918a3749b-groupManagement] INFO  server.RaftServerConfigKeys (ConfUtils.java:logGet(46)) - raft.server.rpc.timeout.max = 5200ms (custom)
2023-08-25 11:36:14,796 [b4d41a5a-7f8b-4359-a921-685918a3749b-groupManagement] INFO  server.RaftServerConfigKeys (ConfUtils.java:logGet(46)) - raft.server.rpc.sleep.time = 25ms (default)
2023-08-25 11:36:14,796 [b4d41a5a-7f8b-4359-a921-685918a3749b-groupManagement] INFO  server.RaftServerConfigKeys (ConfUtils.java:logGet(46)) - raft.server.rpc.slowness.timeout = 300s (custom)
2023-08-25 11:36:14,796 [b4d41a5a-7f8b-4359-a921-685918a3749b-groupManagement] INFO  server.RaftServerConfigKeys (ConfUtils.java:logGet(46)) - raft.server.leaderelection.leader.step-down.wait-time = 10s (default)
2023-08-25 11:36:14,796 [b4d41a5a-7f8b-4359-a921-685918a3749b-groupManagement] INFO  server.RaftServerConfigKeys (ConfUtils.java:logGet(46)) - raft.server.sleep.deviation.threshold = 300ms (default)
2023-08-25 11:36:14,796 [b4d41a5a-7f8b-4359-a921-685918a3749b-groupManagement] INFO  server.RaftServer$Division (ServerState.java:<init>(120)) - b4d41a5a-7f8b-4359-a921-685918a3749b@group-94A36F0BEC2F: ConfigurationManager, init=-1: peers:[b4d41a5a-7f8b-4359-a921-685918a3749b|rpc:10.1.0.52:15129|admin:10.1.0.52:15128|client:10.1.0.52:15127|dataStream:10.1.0.52:15130|priority:1|startupRole:FOLLOWER]|listeners:[], old=null, confs=<EMPTY_MAP>
2023-08-25 11:36:14,796 [b4d41a5a-7f8b-4359-a921-685918a3749b-groupManagement] INFO  server.RaftServerConfigKeys (ConfUtils.java:logGet(46)) - raft.server.storage.dir = [/home/runner/work/ozone/ozone/hadoop-ozone/integration-test/target/test-dir/MiniOzoneClusterImpl-9e80f0e6-d3ce-4c33-b1a3-32fa2c9dea98/datanode-1/data/ratis] (custom)
2023-08-25 11:36:14,796 [b4d41a5a-7f8b-4359-a921-685918a3749b-groupManagement] INFO  server.RaftServerConfigKeys (ConfUtils.java:logGet(46)) - raft.server.log.corruption.policy = EXCEPTION (default)
2023-08-25 11:36:14,796 [b4d41a5a-7f8b-4359-a921-685918a3749b-groupManagement] INFO  server.RaftServerConfigKeys (ConfUtils.java:logGet(46)) - raft.server.storage.free-space.min = 0MB (=0) (default)
2023-08-25 11:36:14,796 [b4d41a5a-7f8b-4359-a921-685918a3749b-groupManagement] INFO  server.RaftServerConfigKeys (ConfUtils.java:logGet(46)) - raft.server.notification.no-leader.timeout = 300s (custom)
2023-08-25 11:36:14,796 [b4d41a5a-7f8b-4359-a921-685918a3749b-groupManagement] INFO  server.RaftServerConfigKeys (ConfUtils.java:logGet(46)) - raft.server.read.timeout = 10s (default)
2023-08-25 11:36:14,797 [b4d41a5a-7f8b-4359-a921-685918a3749b-groupManagement] INFO  server.RaftServerConfigKeys (ConfUtils.java:logGet(46)) - raft.server.retrycache.expirytime = 600000ms (custom)
2023-08-25 11:36:14,797 [b4d41a5a-7f8b-4359-a921-685918a3749b-groupManagement] INFO  server.RaftServerConfigKeys (ConfUtils.java:logGet(46)) - raft.server.retrycache.statistics.expirytime = 100μs (default)
2023-08-25 11:36:14,797 [b4d41a5a-7f8b-4359-a921-685918a3749b-groupManagement] INFO  server.RaftServerConfigKeys (ConfUtils.java:logGet(46)) - raft.server.read.option = DEFAULT (default)
2023-08-25 11:36:14,798 [b4d41a5a-7f8b-4359-a921-685918a3749b-groupManagement] INFO  server.RaftServerConfigKeys (ConfUtils.java:logGet(46)) - raft.server.rpc.request.timeout = 60s (custom)
2023-08-25 11:36:14,798 [b4d41a5a-7f8b-4359-a921-685918a3749b-groupManagement] INFO  server.RaftServerConfigKeys (ConfUtils.java:logGet(46)) - raft.server.log.appender.install.snapshot.enabled = false (custom)
2023-08-25 11:36:14,798 [b4d41a5a-7f8b-4359-a921-685918a3749b-groupManagement] INFO  server.RaftServerConfigKeys (ConfUtils.java:logGet(46)) - raft.server.threadpool.server.cached = true (default)
2023-08-25 11:36:14,798 [b4d41a5a-7f8b-4359-a921-685918a3749b-groupManagement] INFO  server.RaftServerConfigKeys (ConfUtils.java:logGet(46)) - raft.server.threadpool.server.size = 0 (default)
2023-08-25 11:36:14,798 [b4d41a5a-7f8b-4359-a921-685918a3749b-groupManagement] INFO  server.RaftServerConfigKeys (ConfUtils.java:logGet(46)) - raft.server.threadpool.client.cached = true (default)
2023-08-25 11:36:14,798 [b4d41a5a-7f8b-4359-a921-685918a3749b-groupManagement] INFO  server.RaftServerConfigKeys (ConfUtils.java:logGet(46)) - raft.server.threadpool.client.size = 0 (default)
2023-08-25 11:36:14,798 [b4d41a5a-7f8b-4359-a921-685918a3749b-groupManagement] INFO  storage.RaftStorageDirectory (RaftStorageDirectoryImpl.java:analyzeStorage(137)) - The storage directory /home/runner/work/ozone/ozone/hadoop-ozone/integration-test/target/test-dir/MiniOzoneClusterImpl-9e80f0e6-d3ce-4c33-b1a3-32fa2c9dea98/datanode-1/data/ratis/a8a4249f-8f13-45f9-9e73-94a36f0bec2f does not exist. Creating ...
2023-08-25 11:36:14,800 [b4d41a5a-7f8b-4359-a921-685918a3749b-groupManagement] INFO  storage.RaftStorageDirectory (RaftStorageDirectoryImpl.java:tryLock(231)) - Lock on /home/runner/work/ozone/ozone/hadoop-ozone/integration-test/target/test-dir/MiniOzoneClusterImpl-9e80f0e6-d3ce-4c33-b1a3-32fa2c9dea98/datanode-1/data/ratis/a8a4249f-8f13-45f9-9e73-94a36f0bec2f/in_use.lock acquired by nodename 61563@fv-az508-118
2023-08-25 11:36:14,802 [b4d41a5a-7f8b-4359-a921-685918a3749b-groupManagement] INFO  storage.RaftStorage (RaftStorageImpl.java:format(96)) - Storage directory /home/runner/work/ozone/ozone/hadoop-ozone/integration-test/target/test-dir/MiniOzoneClusterImpl-9e80f0e6-d3ce-4c33-b1a3-32fa2c9dea98/datanode-1/data/ratis/a8a4249f-8f13-45f9-9e73-94a36f0bec2f has been successfully formatted.
2023-08-25 11:36:14,804 [EventQueue-PipelineReportForPipelineReportHandler] INFO  pipeline.PipelineReportHandler (PipelineReportHandler.java:processPipelineReport(136)) - Opened pipeline PipelineID=a8a4249f-8f13-45f9-9e73-94a36f0bec2f
2023-08-25 11:36:14,804 [EventQueue-OpenPipelineForHealthyPipelineSafeModeRule] INFO  safemode.SCMSafeModeManager (HealthyPipelineSafeModeRule.java:process(137)) - SCM in safe mode. Healthy pipelines reported count is 0, required healthy pipeline reported count is 1
2023-08-25 11:36:14,804 [b4d41a5a-7f8b-4359-a921-685918a3749b-groupManagement] INFO  ratis.ContainerStateMachine (ContainerStateMachine.java:loadSnapshot(262)) - group-94A36F0BEC2F: The snapshot info is null. Setting the last applied indexto:(t:0, i:~)
2023-08-25 11:36:14,804 [b4d41a5a-7f8b-4359-a921-685918a3749b-groupManagement] INFO  server.RaftServerConfigKeys (ConfUtils.java:logGet(46)) - raft.server.log.use.memory = false (default)
2023-08-25 11:36:14,804 [b4d41a5a-7f8b-4359-a921-685918a3749b-groupManagement] INFO  server.RaftServerConfigKeys (ConfUtils.java:logGet(46)) - raft.server.log.purge.gap = 1000000 (custom)
2023-08-25 11:36:14,804 [b4d41a5a-7f8b-4359-a921-685918a3749b-groupManagement] INFO  server.RaftServerConfigKeys (ConfUtils.java:logGet(46)) - raft.server.log.appender.buffer.byte-limit = 33554432 (custom)
2023-08-25 11:36:14,804 [b4d41a5a-7f8b-4359-a921-685918a3749b-groupManagement] INFO  server.RaftServerConfigKeys (ConfUtils.java:logGet(46)) - raft.server.log.statemachine.data.read.timeout = 1000ms (default)
2023-08-25 11:36:14,804 [b4d41a5a-7f8b-4359-a921-685918a3749b-groupManagement] INFO  server.RaftServerConfigKeys (ConfUtils.java:logGet(46)) - raft.server.log.purge.preservation.log.num = 0 (default)
2023-08-25 11:36:14,804 [b4d41a5a-7f8b-4359-a921-685918a3749b-groupManagement] INFO  server.RaftServerConfigKeys (ConfUtils.java:logGet(46)) - raft.server.log.segment.size.max = 1048576 (custom)
2023-08-25 11:36:14,805 [b4d41a5a-7f8b-4359-a921-685918a3749b-groupManagement] INFO  server.RaftServerConfigKeys (ConfUtils.java:logGet(46)) - raft.server.log.segment.cache.num.max = 2 (custom)
2023-08-25 11:36:14,805 [b4d41a5a-7f8b-4359-a921-685918a3749b-groupManagement] INFO  server.RaftServerConfigKeys (ConfUtils.java:logGet(46)) - raft.server.log.segment.cache.size.max = 200MB (=209715200) (default)
2023-08-25 11:36:14,805 [b4d41a5a-7f8b-4359-a921-685918a3749b-groupManagement] INFO  server.RaftServerConfigKeys (ConfUtils.java:logGet(46)) - raft.server.log.appender.buffer.byte-limit = 33554432 (custom)
2023-08-25 11:36:14,805 [b4d41a5a-7f8b-4359-a921-685918a3749b-groupManagement] INFO  segmented.SegmentedRaftLogWorker (SegmentedRaftLogWorker.java:<init>(188)) - new b4d41a5a-7f8b-4359-a921-685918a3749b@group-94A36F0BEC2F-SegmentedRaftLogWorker for RaftStorageImpl:Storage Directory /home/runner/work/ozone/ozone/hadoop-ozone/integration-test/target/test-dir/MiniOzoneClusterImpl-9e80f0e6-d3ce-4c33-b1a3-32fa2c9dea98/datanode-1/data/ratis/a8a4249f-8f13-45f9-9e73-94a36f0bec2f
2023-08-25 11:36:14,805 [b4d41a5a-7f8b-4359-a921-685918a3749b-groupManagement] INFO  server.RaftServerConfigKeys (ConfUtils.java:logGet(46)) - raft.server.log.queue.byte-limit = 4294967296 (custom)
2023-08-25 11:36:14,805 [b4d41a5a-7f8b-4359-a921-685918a3749b-groupManagement] INFO  server.RaftServerConfigKeys (ConfUtils.java:logGet(46)) - raft.server.log.queue.element-limit = 1024 (custom)
2023-08-25 11:36:14,805 [b4d41a5a-7f8b-4359-a921-685918a3749b-groupManagement] INFO  server.RaftServerConfigKeys (ConfUtils.java:logGet(46)) - raft.server.log.segment.size.max = 1048576 (custom)
2023-08-25 11:36:14,805 [b4d41a5a-7f8b-4359-a921-685918a3749b-groupManagement] INFO  server.RaftServerConfigKeys (ConfUtils.java:logGet(46)) - raft.server.log.preallocated.size = 16384 (custom)
2023-08-25 11:36:14,805 [b4d41a5a-7f8b-4359-a921-685918a3749b-groupManagement] INFO  server.RaftServerConfigKeys (ConfUtils.java:logGet(46)) - raft.server.log.force.sync.num = 128 (default)
2023-08-25 11:36:14,805 [b4d41a5a-7f8b-4359-a921-685918a3749b-groupManagement] INFO  server.RaftServerConfigKeys (ConfUtils.java:logGet(46)) - raft.server.log.statemachine.data.sync = true (default)
2023-08-25 11:36:14,805 [b4d41a5a-7f8b-4359-a921-685918a3749b-groupManagement] INFO  server.RaftServerConfigKeys (ConfUtils.java:logGet(46)) - raft.server.log.statemachine.data.sync.timeout = 10s (default)
2023-08-25 11:36:14,806 [b4d41a5a-7f8b-4359-a921-685918a3749b-groupManagement] INFO  server.RaftServerConfigKeys (ConfUtils.java:logGet(46)) - raft.server.log.statemachine.data.sync.timeout.retry = -1 (default)
2023-08-25 11:36:14,806 [b4d41a5a-7f8b-4359-a921-685918a3749b-groupManagement] INFO  server.RaftServerConfigKeys (ConfUtils.java:logGet(46)) - raft.server.log.write.buffer.size = 1048576 (custom)
2023-08-25 11:36:14,806 [b4d41a5a-7f8b-4359-a921-685918a3749b-groupManagement] INFO  server.RaftServerConfigKeys (ConfUtils.java:logGet(46)) - raft.server.log.appender.buffer.byte-limit = 33554432 (custom)
2023-08-25 11:36:14,813 [b4d41a5a-7f8b-4359-a921-685918a3749b-groupManagement] INFO  server.RaftServerConfigKeys (ConfUtils.java:logGet(46)) - raft.server.log.unsafe-flush.enabled = false (default)
2023-08-25 11:36:14,814 [b4d41a5a-7f8b-4359-a921-685918a3749b-groupManagement] INFO  server.RaftServerConfigKeys (ConfUtils.java:logGet(46)) - raft.server.log.async-flush.enabled = false (default)
2023-08-25 11:36:14,814 [b4d41a5a-7f8b-4359-a921-685918a3749b-groupManagement] INFO  server.RaftServerConfigKeys (ConfUtils.java:logGet(46)) - raft.server.log.statemachine.data.caching.enabled = true (custom)
2023-08-25 11:36:14,814 [b4d41a5a-7f8b-4359-a921-685918a3749b-groupManagement] INFO  segmented.SegmentedRaftLogWorker (SegmentedRaftLogWorker.java:lambda$new$0(135)) - b4d41a5a-7f8b-4359-a921-685918a3749b@group-94A36F0BEC2F-SegmentedRaftLogWorker: flushIndex: setUnconditionally 0 -> -1
2023-08-25 11:36:14,814 [b4d41a5a-7f8b-4359-a921-685918a3749b-groupManagement] INFO  segmented.SegmentedRaftLogWorker (SegmentedRaftLogWorker.java:lambda$new$0(135)) - b4d41a5a-7f8b-4359-a921-685918a3749b@group-94A36F0BEC2F-SegmentedRaftLogWorker: safeCacheEvictIndex: setUnconditionally 0 -> -1
2023-08-25 11:36:14,814 [b4d41a5a-7f8b-4359-a921-685918a3749b-groupManagement] INFO  server.RaftServer$Division (RaftServerImpl.java:start(342)) - b4d41a5a-7f8b-4359-a921-685918a3749b@group-94A36F0BEC2F: start as a follower, conf=-1: peers:[b4d41a5a-7f8b-4359-a921-685918a3749b|rpc:10.1.0.52:15129|admin:10.1.0.52:15128|client:10.1.0.52:15127|dataStream:10.1.0.52:15130|priority:1|startupRole:FOLLOWER]|listeners:[], old=null
2023-08-25 11:36:14,815 [b4d41a5a-7f8b-4359-a921-685918a3749b-groupManagement] INFO  server.RaftServer$Division (RaftServerImpl.java:setRole(329)) - b4d41a5a-7f8b-4359-a921-685918a3749b@group-94A36F0BEC2F: changes role from      null to FOLLOWER at term 0 for startAsFollower
2023-08-25 11:36:14,815 [b4d41a5a-7f8b-4359-a921-685918a3749b-groupManagement] INFO  impl.RoleInfo (RoleInfo.java:updateAndGet(139)) - b4d41a5a-7f8b-4359-a921-685918a3749b: start b4d41a5a-7f8b-4359-a921-685918a3749b@group-94A36F0BEC2F-FollowerState
2023-08-25 11:36:14,815 [b4d41a5a-7f8b-4359-a921-685918a3749b@group-94A36F0BEC2F-FollowerState] INFO  server.RaftServerConfigKeys (ConfUtils.java:logFallback(53)) - raft.server.rpc.first-election.timeout.min = 5s (fallback to raft.server.rpc.timeout.min)
2023-08-25 11:36:14,815 [b4d41a5a-7f8b-4359-a921-685918a3749b-groupManagement] INFO  util.JmxRegister (JmxRegister.java:tryRegister(44)) - Successfully registered JMX Bean with object name Ratis:service=RaftServer,group=group-94A36F0BEC2F,id=b4d41a5a-7f8b-4359-a921-685918a3749b
2023-08-25 11:36:14,815 [b4d41a5a-7f8b-4359-a921-685918a3749b@group-94A36F0BEC2F-FollowerState] INFO  server.RaftServerConfigKeys (ConfUtils.java:logFallback(53)) - raft.server.rpc.first-election.timeout.max = 5200ms (fallback to raft.server.rpc.timeout.max)
2023-08-25 11:36:14,815 [b4d41a5a-7f8b-4359-a921-685918a3749b-groupManagement] INFO  server.RaftServerConfigKeys (ConfUtils.java:logGet(46)) - raft.server.snapshot.auto.trigger.enabled = true (custom)
2023-08-25 11:36:14,816 [b4d41a5a-7f8b-4359-a921-685918a3749b-groupManagement] INFO  server.RaftServerConfigKeys (ConfUtils.java:logGet(46)) - raft.server.snapshot.auto.trigger.threshold = 10000 (custom)
2023-08-25 11:36:14,816 [b4d41a5a-7f8b-4359-a921-685918a3749b-groupManagement] INFO  server.RaftServerConfigKeys (ConfUtils.java:logGet(46)) - raft.server.snapshot.retention.file.num = 5 (custom)
2023-08-25 11:36:14,816 [b4d41a5a-7f8b-4359-a921-685918a3749b-groupManagement] INFO  server.RaftServerConfigKeys (ConfUtils.java:logGet(46)) - raft.server.log.purge.upto.snapshot.index = false (default)
2023-08-25 11:36:14,816 [PipelineCommandHandlerThread-0] INFO  ratis.XceiverServerRatis (XceiverServerRatis.java:addGroup(804)) - Created group PipelineID=a8a4249f-8f13-45f9-9e73-94a36f0bec2f
2023-08-25 11:36:14,816 [PipelineCommandHandlerThread-0] INFO  commandhandler.CreatePipelineCommandHandler (CreatePipelineCommandHandler.java:lambda$handle$2(124)) - Created Pipeline RATIS ONE PipelineID=a8a4249f-8f13-45f9-9e73-94a36f0bec2f.
2023-08-25 11:36:14,938 [main] INFO  ozone.MiniOzoneClusterImpl (MiniOzoneClusterImpl.java:lambda$waitForClusterToBeReady$0(224)) - Nodes are ready. Got 5 of 5 DN Heartbeats.
2023-08-25 11:36:14,939 [main] INFO  ozone.MiniOzoneClusterImpl (MiniOzoneClusterImpl.java:lambda$waitForClusterToBeReady$0(227)) - Waiting for cluster to exit safe mode
2023-08-25 11:36:14,939 [main] INFO  ozone.MiniOzoneClusterImpl (MiniOzoneClusterImpl.java:lambda$waitForClusterToBeReady$0(229)) - SCM became leader
2023-08-25 11:36:15,204 [PipelineCommandHandlerThread-0] INFO  server.RaftServer (RaftServerProxy.java:addNew(98)) - c6e0d301-09b2-4368-8fbf-181ce26f0a67: addNew group-39BB1A7F149E:[c6e0d301-09b2-4368-8fbf-181ce26f0a67|rpc:10.1.0.52:15138|admin:10.1.0.52:15137|client:10.1.0.52:15136|dataStream:10.1.0.52:15139|priority:1|startupRole:FOLLOWER] returns group-39BB1A7F149E:java.util.concurrent.CompletableFuture@743cd739[Not completed]
2023-08-25 11:36:15,204 [c6e0d301-09b2-4368-8fbf-181ce26f0a67-groupManagement] INFO  server.RaftServer$Division (RaftServerImpl.java:<init>(198)) - c6e0d301-09b2-4368-8fbf-181ce26f0a67: new RaftServerImpl for group-39BB1A7F149E:[c6e0d301-09b2-4368-8fbf-181ce26f0a67|rpc:10.1.0.52:15138|admin:10.1.0.52:15137|client:10.1.0.52:15136|dataStream:10.1.0.52:15139|priority:1|startupRole:FOLLOWER] with ContainerStateMachine:uninitialized
2023-08-25 11:36:15,205 [c6e0d301-09b2-4368-8fbf-181ce26f0a67-groupManagement] INFO  server.RaftServerConfigKeys (ConfUtils.java:logGet(46)) - raft.server.rpc.timeout.min = 5s (custom)
2023-08-25 11:36:15,205 [c6e0d301-09b2-4368-8fbf-181ce26f0a67-groupManagement] INFO  server.RaftServerConfigKeys (ConfUtils.java:logGet(46)) - raft.server.rpc.timeout.max = 5200ms (custom)
2023-08-25 11:36:15,205 [c6e0d301-09b2-4368-8fbf-181ce26f0a67-groupManagement] INFO  server.RaftServerConfigKeys (ConfUtils.java:logGet(46)) - raft.server.rpc.sleep.time = 25ms (default)
2023-08-25 11:36:15,205 [c6e0d301-09b2-4368-8fbf-181ce26f0a67-groupManagement] INFO  server.RaftServerConfigKeys (ConfUtils.java:logGet(46)) - raft.server.rpc.slowness.timeout = 300s (custom)
2023-08-25 11:36:15,205 [c6e0d301-09b2-4368-8fbf-181ce26f0a67-groupManagement] INFO  server.RaftServerConfigKeys (ConfUtils.java:logGet(46)) - raft.server.leaderelection.leader.step-down.wait-time = 10s (default)
2023-08-25 11:36:15,205 [c6e0d301-09b2-4368-8fbf-181ce26f0a67-groupManagement] INFO  server.RaftServerConfigKeys (ConfUtils.java:logGet(46)) - raft.server.sleep.deviation.threshold = 300ms (default)
2023-08-25 11:36:15,205 [c6e0d301-09b2-4368-8fbf-181ce26f0a67-groupManagement] INFO  server.RaftServer$Division (ServerState.java:<init>(120)) - c6e0d301-09b2-4368-8fbf-181ce26f0a67@group-39BB1A7F149E: ConfigurationManager, init=-1: peers:[c6e0d301-09b2-4368-8fbf-181ce26f0a67|rpc:10.1.0.52:15138|admin:10.1.0.52:15137|client:10.1.0.52:15136|dataStream:10.1.0.52:15139|priority:1|startupRole:FOLLOWER]|listeners:[], old=null, confs=<EMPTY_MAP>
2023-08-25 11:36:15,205 [c6e0d301-09b2-4368-8fbf-181ce26f0a67-groupManagement] INFO  server.RaftServerConfigKeys (ConfUtils.java:logGet(46)) - raft.server.storage.dir = [/home/runner/work/ozone/ozone/hadoop-ozone/integration-test/target/test-dir/MiniOzoneClusterImpl-9e80f0e6-d3ce-4c33-b1a3-32fa2c9dea98/datanode-2/data/ratis] (custom)
2023-08-25 11:36:15,205 [c6e0d301-09b2-4368-8fbf-181ce26f0a67-groupManagement] INFO  server.RaftServerConfigKeys (ConfUtils.java:logGet(46)) - raft.server.log.corruption.policy = EXCEPTION (default)
2023-08-25 11:36:15,205 [c6e0d301-09b2-4368-8fbf-181ce26f0a67-groupManagement] INFO  server.RaftServerConfigKeys (ConfUtils.java:logGet(46)) - raft.server.storage.free-space.min = 0MB (=0) (default)
2023-08-25 11:36:15,205 [c6e0d301-09b2-4368-8fbf-181ce26f0a67-groupManagement] INFO  server.RaftServerConfigKeys (ConfUtils.java:logGet(46)) - raft.server.notification.no-leader.timeout = 300s (custom)
2023-08-25 11:36:15,206 [c6e0d301-09b2-4368-8fbf-181ce26f0a67-groupManagement] INFO  server.RaftServerConfigKeys (ConfUtils.java:logGet(46)) - raft.server.read.timeout = 10s (default)
2023-08-25 11:36:15,206 [c6e0d301-09b2-4368-8fbf-181ce26f0a67-groupManagement] INFO  server.RaftServerConfigKeys (ConfUtils.java:logGet(46)) - raft.server.retrycache.expirytime = 600000ms (custom)
2023-08-25 11:36:15,206 [c6e0d301-09b2-4368-8fbf-181ce26f0a67-groupManagement] INFO  server.RaftServerConfigKeys (ConfUtils.java:logGet(46)) - raft.server.retrycache.statistics.expirytime = 100μs (default)
2023-08-25 11:36:15,206 [c6e0d301-09b2-4368-8fbf-181ce26f0a67-groupManagement] INFO  server.RaftServerConfigKeys (ConfUtils.java:logGet(46)) - raft.server.read.option = DEFAULT (default)
2023-08-25 11:36:15,207 [c6e0d301-09b2-4368-8fbf-181ce26f0a67-groupManagement] INFO  server.RaftServerConfigKeys (ConfUtils.java:logGet(46)) - raft.server.rpc.request.timeout = 60s (custom)
2023-08-25 11:36:15,207 [c6e0d301-09b2-4368-8fbf-181ce26f0a67-groupManagement] INFO  server.RaftServerConfigKeys (ConfUtils.java:logGet(46)) - raft.server.log.appender.install.snapshot.enabled = false (custom)
2023-08-25 11:36:15,207 [c6e0d301-09b2-4368-8fbf-181ce26f0a67-groupManagement] INFO  server.RaftServerConfigKeys (ConfUtils.java:logGet(46)) - raft.server.threadpool.server.cached = true (default)
2023-08-25 11:36:15,207 [c6e0d301-09b2-4368-8fbf-181ce26f0a67-groupManagement] INFO  server.RaftServerConfigKeys (ConfUtils.java:logGet(46)) - raft.server.threadpool.server.size = 0 (default)
2023-08-25 11:36:15,207 [c6e0d301-09b2-4368-8fbf-181ce26f0a67-groupManagement] INFO  server.RaftServerConfigKeys (ConfUtils.java:logGet(46)) - raft.server.threadpool.client.cached = true (default)
2023-08-25 11:36:15,207 [c6e0d301-09b2-4368-8fbf-181ce26f0a67-groupManagement] INFO  server.RaftServerConfigKeys (ConfUtils.java:logGet(46)) - raft.server.threadpool.client.size = 0 (default)
2023-08-25 11:36:15,208 [c6e0d301-09b2-4368-8fbf-181ce26f0a67-groupManagement] INFO  storage.RaftStorageDirectory (RaftStorageDirectoryImpl.java:analyzeStorage(137)) - The storage directory /home/runner/work/ozone/ozone/hadoop-ozone/integration-test/target/test-dir/MiniOzoneClusterImpl-9e80f0e6-d3ce-4c33-b1a3-32fa2c9dea98/datanode-2/data/ratis/4c7807a5-b094-45b1-8d1f-39bb1a7f149e does not exist. Creating ...
2023-08-25 11:36:15,212 [c6e0d301-09b2-4368-8fbf-181ce26f0a67-groupManagement] INFO  storage.RaftStorageDirectory (RaftStorageDirectoryImpl.java:tryLock(231)) - Lock on /home/runner/work/ozone/ozone/hadoop-ozone/integration-test/target/test-dir/MiniOzoneClusterImpl-9e80f0e6-d3ce-4c33-b1a3-32fa2c9dea98/datanode-2/data/ratis/4c7807a5-b094-45b1-8d1f-39bb1a7f149e/in_use.lock acquired by nodename 61563@fv-az508-118
2023-08-25 11:36:15,214 [c6e0d301-09b2-4368-8fbf-181ce26f0a67-groupManagement] INFO  storage.RaftStorage (RaftStorageImpl.java:format(96)) - Storage directory /home/runner/work/ozone/ozone/hadoop-ozone/integration-test/target/test-dir/MiniOzoneClusterImpl-9e80f0e6-d3ce-4c33-b1a3-32fa2c9dea98/datanode-2/data/ratis/4c7807a5-b094-45b1-8d1f-39bb1a7f149e has been successfully formatted.
2023-08-25 11:36:15,214 [c6e0d301-09b2-4368-8fbf-181ce26f0a67-groupManagement] INFO  ratis.ContainerStateMachine (ContainerStateMachine.java:loadSnapshot(262)) - group-39BB1A7F149E: The snapshot info is null. Setting the last applied indexto:(t:0, i:~)
2023-08-25 11:36:15,215 [c6e0d301-09b2-4368-8fbf-181ce26f0a67-groupManagement] INFO  server.RaftServerConfigKeys (ConfUtils.java:logGet(46)) - raft.server.log.use.memory = false (default)
2023-08-25 11:36:15,215 [c6e0d301-09b2-4368-8fbf-181ce26f0a67-groupManagement] INFO  server.RaftServerConfigKeys (ConfUtils.java:logGet(46)) - raft.server.log.purge.gap = 1000000 (custom)
2023-08-25 11:36:15,215 [c6e0d301-09b2-4368-8fbf-181ce26f0a67-groupManagement] INFO  server.RaftServerConfigKeys (ConfUtils.java:logGet(46)) - raft.server.log.appender.buffer.byte-limit = 33554432 (custom)
2023-08-25 11:36:15,216 [EventQueue-PipelineReportForPipelineReportHandler] INFO  pipeline.PipelineReportHandler (PipelineReportHandler.java:processPipelineReport(136)) - Opened pipeline PipelineID=4c7807a5-b094-45b1-8d1f-39bb1a7f149e
2023-08-25 11:36:15,216 [EventQueue-OpenPipelineForHealthyPipelineSafeModeRule] INFO  safemode.SCMSafeModeManager (HealthyPipelineSafeModeRule.java:process(137)) - SCM in safe mode. Healthy pipelines reported count is 0, required healthy pipeline reported count is 1
2023-08-25 11:36:15,216 [c6e0d301-09b2-4368-8fbf-181ce26f0a67-groupManagement] INFO  server.RaftServerConfigKeys (ConfUtils.java:logGet(46)) - raft.server.log.statemachine.data.read.timeout = 1000ms (default)
2023-08-25 11:36:15,216 [c6e0d301-09b2-4368-8fbf-181ce26f0a67-groupManagement] INFO  server.RaftServerConfigKeys (ConfUtils.java:logGet(46)) - raft.server.log.purge.preservation.log.num = 0 (default)
2023-08-25 11:36:15,217 [c6e0d301-09b2-4368-8fbf-181ce26f0a67-groupManagement] INFO  server.RaftServerConfigKeys (ConfUtils.java:logGet(46)) - raft.server.log.segment.size.max = 1048576 (custom)
2023-08-25 11:36:15,217 [c6e0d301-09b2-4368-8fbf-181ce26f0a67-groupManagement] INFO  server.RaftServerConfigKeys (ConfUtils.java:logGet(46)) - raft.server.log.segment.cache.num.max = 2 (custom)
2023-08-25 11:36:15,217 [c6e0d301-09b2-4368-8fbf-181ce26f0a67-groupManagement] INFO  server.RaftServerConfigKeys (ConfUtils.java:logGet(46)) - raft.server.log.segment.cache.size.max = 200MB (=209715200) (default)
2023-08-25 11:36:15,217 [c6e0d301-09b2-4368-8fbf-181ce26f0a67-groupManagement] INFO  server.RaftServerConfigKeys (ConfUtils.java:logGet(46)) - raft.server.log.appender.buffer.byte-limit = 33554432 (custom)
2023-08-25 11:36:15,217 [c6e0d301-09b2-4368-8fbf-181ce26f0a67-groupManagement] INFO  segmented.SegmentedRaftLogWorker (SegmentedRaftLogWorker.java:<init>(188)) - new c6e0d301-09b2-4368-8fbf-181ce26f0a67@group-39BB1A7F149E-SegmentedRaftLogWorker for RaftStorageImpl:Storage Directory /home/runner/work/ozone/ozone/hadoop-ozone/integration-test/target/test-dir/MiniOzoneClusterImpl-9e80f0e6-d3ce-4c33-b1a3-32fa2c9dea98/datanode-2/data/ratis/4c7807a5-b094-45b1-8d1f-39bb1a7f149e
2023-08-25 11:36:15,217 [c6e0d301-09b2-4368-8fbf-181ce26f0a67-groupManagement] INFO  server.RaftServerConfigKeys (ConfUtils.java:logGet(46)) - raft.server.log.queue.byte-limit = 4294967296 (custom)
2023-08-25 11:36:15,217 [c6e0d301-09b2-4368-8fbf-181ce26f0a67-groupManagement] INFO  server.RaftServerConfigKeys (ConfUtils.java:logGet(46)) - raft.server.log.queue.element-limit = 1024 (custom)
2023-08-25 11:36:15,217 [c6e0d301-09b2-4368-8fbf-181ce26f0a67-groupManagement] INFO  server.RaftServerConfigKeys (ConfUtils.java:logGet(46)) - raft.server.log.segment.size.max = 1048576 (custom)
2023-08-25 11:36:15,217 [c6e0d301-09b2-4368-8fbf-181ce26f0a67-groupManagement] INFO  server.RaftServerConfigKeys (ConfUtils.java:logGet(46)) - raft.server.log.preallocated.size = 16384 (custom)
2023-08-25 11:36:15,217 [c6e0d301-09b2-4368-8fbf-181ce26f0a67-groupManagement] INFO  server.RaftServerConfigKeys (ConfUtils.java:logGet(46)) - raft.server.log.force.sync.num = 128 (default)
2023-08-25 11:36:15,218 [c6e0d301-09b2-4368-8fbf-181ce26f0a67-groupManagement] INFO  server.RaftServerConfigKeys (ConfUtils.java:logGet(46)) - raft.server.log.statemachine.data.sync = true (default)
2023-08-25 11:36:15,218 [c6e0d301-09b2-4368-8fbf-181ce26f0a67-groupManagement] INFO  server.RaftServerConfigKeys (ConfUtils.java:logGet(46)) - raft.server.log.statemachine.data.sync.timeout = 10s (default)
2023-08-25 11:36:15,218 [c6e0d301-09b2-4368-8fbf-181ce26f0a67-groupManagement] INFO  server.RaftServerConfigKeys (ConfUtils.java:logGet(46)) - raft.server.log.statemachine.data.sync.timeout.retry = -1 (default)
2023-08-25 11:36:15,218 [c6e0d301-09b2-4368-8fbf-181ce26f0a67-groupManagement] INFO  server.RaftServerConfigKeys (ConfUtils.java:logGet(46)) - raft.server.log.write.buffer.size = 1048576 (custom)
2023-08-25 11:36:15,219 [c6e0d301-09b2-4368-8fbf-181ce26f0a67-groupManagement] INFO  server.RaftServerConfigKeys (ConfUtils.java:logGet(46)) - raft.server.log.appender.buffer.byte-limit = 33554432 (custom)
2023-08-25 11:36:15,225 [c6e0d301-09b2-4368-8fbf-181ce26f0a67-groupManagement] INFO  server.RaftServerConfigKeys (ConfUtils.java:logGet(46)) - raft.server.log.unsafe-flush.enabled = false (default)
2023-08-25 11:36:15,225 [c6e0d301-09b2-4368-8fbf-181ce26f0a67-groupManagement] INFO  server.RaftServerConfigKeys (ConfUtils.java:logGet(46)) - raft.server.log.async-flush.enabled = false (default)
2023-08-25 11:36:15,225 [c6e0d301-09b2-4368-8fbf-181ce26f0a67-groupManagement] INFO  server.RaftServerConfigKeys (ConfUtils.java:logGet(46)) - raft.server.log.statemachine.data.caching.enabled = true (custom)
2023-08-25 11:36:15,225 [c6e0d301-09b2-4368-8fbf-181ce26f0a67-groupManagement] INFO  segmented.SegmentedRaftLogWorker (SegmentedRaftLogWorker.java:lambda$new$0(135)) - c6e0d301-09b2-4368-8fbf-181ce26f0a67@group-39BB1A7F149E-SegmentedRaftLogWorker: flushIndex: setUnconditionally 0 -> -1
2023-08-25 11:36:15,225 [c6e0d301-09b2-4368-8fbf-181ce26f0a67-groupManagement] INFO  segmented.SegmentedRaftLogWorker (SegmentedRaftLogWorker.java:lambda$new$0(135)) - c6e0d301-09b2-4368-8fbf-181ce26f0a67@group-39BB1A7F149E-SegmentedRaftLogWorker: safeCacheEvictIndex: setUnconditionally 0 -> -1
2023-08-25 11:36:15,226 [c6e0d301-09b2-4368-8fbf-181ce26f0a67-groupManagement] INFO  server.RaftServer$Division (RaftServerImpl.java:start(342)) - c6e0d301-09b2-4368-8fbf-181ce26f0a67@group-39BB1A7F149E: start as a follower, conf=-1: peers:[c6e0d301-09b2-4368-8fbf-181ce26f0a67|rpc:10.1.0.52:15138|admin:10.1.0.52:15137|client:10.1.0.52:15136|dataStream:10.1.0.52:15139|priority:1|startupRole:FOLLOWER]|listeners:[], old=null
2023-08-25 11:36:15,226 [c6e0d301-09b2-4368-8fbf-181ce26f0a67-groupManagement] INFO  server.RaftServer$Division (RaftServerImpl.java:setRole(329)) - c6e0d301-09b2-4368-8fbf-181ce26f0a67@group-39BB1A7F149E: changes role from      null to FOLLOWER at term 0 for startAsFollower
2023-08-25 11:36:15,226 [c6e0d301-09b2-4368-8fbf-181ce26f0a67-groupManagement] INFO  impl.RoleInfo (RoleInfo.java:updateAndGet(139)) - c6e0d301-09b2-4368-8fbf-181ce26f0a67: start c6e0d301-09b2-4368-8fbf-181ce26f0a67@group-39BB1A7F149E-FollowerState
2023-08-25 11:36:15,226 [c6e0d301-09b2-4368-8fbf-181ce26f0a67@group-39BB1A7F149E-FollowerState] INFO  server.RaftServerConfigKeys (ConfUtils.java:logFallback(53)) - raft.server.rpc.first-election.timeout.min = 5s (fallback to raft.server.rpc.timeout.min)
2023-08-25 11:36:15,226 [c6e0d301-09b2-4368-8fbf-181ce26f0a67-groupManagement] INFO  util.JmxRegister (JmxRegister.java:tryRegister(44)) - Successfully registered JMX Bean with object name Ratis:service=RaftServer,group=group-39BB1A7F149E,id=c6e0d301-09b2-4368-8fbf-181ce26f0a67
2023-08-25 11:36:15,226 [c6e0d301-09b2-4368-8fbf-181ce26f0a67@group-39BB1A7F149E-FollowerState] INFO  server.RaftServerConfigKeys (ConfUtils.java:logFallback(53)) - raft.server.rpc.first-election.timeout.max = 5200ms (fallback to raft.server.rpc.timeout.max)
2023-08-25 11:36:15,226 [c6e0d301-09b2-4368-8fbf-181ce26f0a67-groupManagement] INFO  server.RaftServerConfigKeys (ConfUtils.java:logGet(46)) - raft.server.snapshot.auto.trigger.enabled = true (custom)
2023-08-25 11:36:15,227 [c6e0d301-09b2-4368-8fbf-181ce26f0a67-groupManagement] INFO  server.RaftServerConfigKeys (ConfUtils.java:logGet(46)) - raft.server.snapshot.auto.trigger.threshold = 10000 (custom)
2023-08-25 11:36:15,227 [c6e0d301-09b2-4368-8fbf-181ce26f0a67-groupManagement] INFO  server.RaftServerConfigKeys (ConfUtils.java:logGet(46)) - raft.server.snapshot.retention.file.num = 5 (custom)
2023-08-25 11:36:15,227 [c6e0d301-09b2-4368-8fbf-181ce26f0a67-groupManagement] INFO  server.RaftServerConfigKeys (ConfUtils.java:logGet(46)) - raft.server.log.purge.upto.snapshot.index = false (default)
2023-08-25 11:36:15,230 [PipelineCommandHandlerThread-0] INFO  ratis.XceiverServerRatis (XceiverServerRatis.java:addGroup(804)) - Created group PipelineID=4c7807a5-b094-45b1-8d1f-39bb1a7f149e
2023-08-25 11:36:15,230 [PipelineCommandHandlerThread-0] INFO  commandhandler.CreatePipelineCommandHandler (CreatePipelineCommandHandler.java:lambda$handle$2(124)) - Created Pipeline RATIS ONE PipelineID=4c7807a5-b094-45b1-8d1f-39bb1a7f149e.
2023-08-25 11:36:15,582 [PipelineCommandHandlerThread-0] INFO  server.RaftServer (RaftServerProxy.java:addNew(98)) - 8d6e1dbb-3941-4a04-b7a8-0c911dee3672: addNew group-DCC22C7E2ED5:[8d6e1dbb-3941-4a04-b7a8-0c911dee3672|rpc:10.1.0.52:15147|admin:10.1.0.52:15146|client:10.1.0.52:15145|dataStream:10.1.0.52:15148|priority:1|startupRole:FOLLOWER] returns group-DCC22C7E2ED5:java.util.concurrent.CompletableFuture@7728cf25[Not completed]
2023-08-25 11:36:15,584 [8d6e1dbb-3941-4a04-b7a8-0c911dee3672-groupManagement] INFO  server.RaftServer$Division (RaftServerImpl.java:<init>(198)) - 8d6e1dbb-3941-4a04-b7a8-0c911dee3672: new RaftServerImpl for group-DCC22C7E2ED5:[8d6e1dbb-3941-4a04-b7a8-0c911dee3672|rpc:10.1.0.52:15147|admin:10.1.0.52:15146|client:10.1.0.52:15145|dataStream:10.1.0.52:15148|priority:1|startupRole:FOLLOWER] with ContainerStateMachine:uninitialized
2023-08-25 11:36:15,584 [8d6e1dbb-3941-4a04-b7a8-0c911dee3672-groupManagement] INFO  server.RaftServerConfigKeys (ConfUtils.java:logGet(46)) - raft.server.rpc.timeout.min = 5s (custom)
2023-08-25 11:36:15,584 [8d6e1dbb-3941-4a04-b7a8-0c911dee3672-groupManagement] INFO  server.RaftServerConfigKeys (ConfUtils.java:logGet(46)) - raft.server.rpc.timeout.max = 5200ms (custom)
2023-08-25 11:36:15,584 [8d6e1dbb-3941-4a04-b7a8-0c911dee3672-groupManagement] INFO  server.RaftServerConfigKeys (ConfUtils.java:logGet(46)) - raft.server.rpc.sleep.time = 25ms (default)
2023-08-25 11:36:15,584 [8d6e1dbb-3941-4a04-b7a8-0c911dee3672-groupManagement] INFO  server.RaftServerConfigKeys (ConfUtils.java:logGet(46)) - raft.server.rpc.slowness.timeout = 300s (custom)
2023-08-25 11:36:15,584 [8d6e1dbb-3941-4a04-b7a8-0c911dee3672-groupManagement] INFO  server.RaftServerConfigKeys (ConfUtils.java:logGet(46)) - raft.server.leaderelection.leader.step-down.wait-time = 10s (default)
2023-08-25 11:36:15,584 [8d6e1dbb-3941-4a04-b7a8-0c911dee3672-groupManagement] INFO  server.RaftServerConfigKeys (ConfUtils.java:logGet(46)) - raft.server.sleep.deviation.threshold = 300ms (default)
2023-08-25 11:36:15,584 [8d6e1dbb-3941-4a04-b7a8-0c911dee3672-groupManagement] INFO  server.RaftServer$Division (ServerState.java:<init>(120)) - 8d6e1dbb-3941-4a04-b7a8-0c911dee3672@group-DCC22C7E2ED5: ConfigurationManager, init=-1: peers:[8d6e1dbb-3941-4a04-b7a8-0c911dee3672|rpc:10.1.0.52:15147|admin:10.1.0.52:15146|client:10.1.0.52:15145|dataStream:10.1.0.52:15148|priority:1|startupRole:FOLLOWER]|listeners:[], old=null, confs=<EMPTY_MAP>
2023-08-25 11:36:15,584 [8d6e1dbb-3941-4a04-b7a8-0c911dee3672-groupManagement] INFO  server.RaftServerConfigKeys (ConfUtils.java:logGet(46)) - raft.server.storage.dir = [/home/runner/work/ozone/ozone/hadoop-ozone/integration-test/target/test-dir/MiniOzoneClusterImpl-9e80f0e6-d3ce-4c33-b1a3-32fa2c9dea98/datanode-3/data/ratis] (custom)
2023-08-25 11:36:15,585 [8d6e1dbb-3941-4a04-b7a8-0c911dee3672-groupManagement] INFO  server.RaftServerConfigKeys (ConfUtils.java:logGet(46)) - raft.server.log.corruption.policy = EXCEPTION (default)
2023-08-25 11:36:15,585 [8d6e1dbb-3941-4a04-b7a8-0c911dee3672-groupManagement] INFO  server.RaftServerConfigKeys (ConfUtils.java:logGet(46)) - raft.server.storage.free-space.min = 0MB (=0) (default)
2023-08-25 11:36:15,585 [8d6e1dbb-3941-4a04-b7a8-0c911dee3672-groupManagement] INFO  server.RaftServerConfigKeys (ConfUtils.java:logGet(46)) - raft.server.notification.no-leader.timeout = 300s (custom)
2023-08-25 11:36:15,585 [8d6e1dbb-3941-4a04-b7a8-0c911dee3672-groupManagement] INFO  server.RaftServerConfigKeys (ConfUtils.java:logGet(46)) - raft.server.read.timeout = 10s (default)
2023-08-25 11:36:15,585 [8d6e1dbb-3941-4a04-b7a8-0c911dee3672-groupManagement] INFO  server.RaftServerConfigKeys (ConfUtils.java:logGet(46)) - raft.server.retrycache.expirytime = 600000ms (custom)
2023-08-25 11:36:15,585 [8d6e1dbb-3941-4a04-b7a8-0c911dee3672-groupManagement] INFO  server.RaftServerConfigKeys (ConfUtils.java:logGet(46)) - raft.server.retrycache.statistics.expirytime = 100μs (default)
2023-08-25 11:36:15,585 [8d6e1dbb-3941-4a04-b7a8-0c911dee3672-groupManagement] INFO  server.RaftServerConfigKeys (ConfUtils.java:logGet(46)) - raft.server.read.option = DEFAULT (default)
2023-08-25 11:36:15,586 [8d6e1dbb-3941-4a04-b7a8-0c911dee3672-groupManagement] INFO  server.RaftServerConfigKeys (ConfUtils.java:logGet(46)) - raft.server.rpc.request.timeout = 60s (custom)
2023-08-25 11:36:15,586 [8d6e1dbb-3941-4a04-b7a8-0c911dee3672-groupManagement] INFO  server.RaftServerConfigKeys (ConfUtils.java:logGet(46)) - raft.server.log.appender.install.snapshot.enabled = false (custom)
2023-08-25 11:36:15,586 [8d6e1dbb-3941-4a04-b7a8-0c911dee3672-groupManagement] INFO  server.RaftServerConfigKeys (ConfUtils.java:logGet(46)) - raft.server.threadpool.server.cached = true (default)
2023-08-25 11:36:15,586 [8d6e1dbb-3941-4a04-b7a8-0c911dee3672-groupManagement] INFO  server.RaftServerConfigKeys (ConfUtils.java:logGet(46)) - raft.server.threadpool.server.size = 0 (default)
2023-08-25 11:36:15,586 [8d6e1dbb-3941-4a04-b7a8-0c911dee3672-groupManagement] INFO  server.RaftServerConfigKeys (ConfUtils.java:logGet(46)) - raft.server.threadpool.client.cached = true (default)
2023-08-25 11:36:15,586 [8d6e1dbb-3941-4a04-b7a8-0c911dee3672-groupManagement] INFO  server.RaftServerConfigKeys (ConfUtils.java:logGet(46)) - raft.server.threadpool.client.size = 0 (default)
2023-08-25 11:36:15,587 [8d6e1dbb-3941-4a04-b7a8-0c911dee3672-groupManagement] INFO  storage.RaftStorageDirectory (RaftStorageDirectoryImpl.java:analyzeStorage(137)) - The storage directory /home/runner/work/ozone/ozone/hadoop-ozone/integration-test/target/test-dir/MiniOzoneClusterImpl-9e80f0e6-d3ce-4c33-b1a3-32fa2c9dea98/datanode-3/data/ratis/32710029-dcf2-487e-8bba-dcc22c7e2ed5 does not exist. Creating ...
2023-08-25 11:36:15,588 [8d6e1dbb-3941-4a04-b7a8-0c911dee3672-groupManagement] INFO  storage.RaftStorageDirectory (RaftStorageDirectoryImpl.java:tryLock(231)) - Lock on /home/runner/work/ozone/ozone/hadoop-ozone/integration-test/target/test-dir/MiniOzoneClusterImpl-9e80f0e6-d3ce-4c33-b1a3-32fa2c9dea98/datanode-3/data/ratis/32710029-dcf2-487e-8bba-dcc22c7e2ed5/in_use.lock acquired by nodename 61563@fv-az508-118
2023-08-25 11:36:15,590 [8d6e1dbb-3941-4a04-b7a8-0c911dee3672-groupManagement] INFO  storage.RaftStorage (RaftStorageImpl.java:format(96)) - Storage directory /home/runner/work/ozone/ozone/hadoop-ozone/integration-test/target/test-dir/MiniOzoneClusterImpl-9e80f0e6-d3ce-4c33-b1a3-32fa2c9dea98/datanode-3/data/ratis/32710029-dcf2-487e-8bba-dcc22c7e2ed5 has been successfully formatted.
2023-08-25 11:36:15,592 [8d6e1dbb-3941-4a04-b7a8-0c911dee3672-groupManagement] INFO  ratis.ContainerStateMachine (ContainerStateMachine.java:loadSnapshot(262)) - group-DCC22C7E2ED5: The snapshot info is null. Setting the last applied indexto:(t:0, i:~)
2023-08-25 11:36:15,592 [8d6e1dbb-3941-4a04-b7a8-0c911dee3672-groupManagement] INFO  server.RaftServerConfigKeys (ConfUtils.java:logGet(46)) - raft.server.log.use.memory = false (default)
2023-08-25 11:36:15,592 [8d6e1dbb-3941-4a04-b7a8-0c911dee3672-groupManagement] INFO  server.RaftServerConfigKeys (ConfUtils.java:logGet(46)) - raft.server.log.purge.gap = 1000000 (custom)
2023-08-25 11:36:15,593 [EventQueue-PipelineReportForPipelineReportHandler] INFO  pipeline.PipelineReportHandler (PipelineReportHandler.java:processPipelineReport(136)) - Opened pipeline PipelineID=32710029-dcf2-487e-8bba-dcc22c7e2ed5
2023-08-25 11:36:15,593 [8d6e1dbb-3941-4a04-b7a8-0c911dee3672-groupManagement] INFO  server.RaftServerConfigKeys (ConfUtils.java:logGet(46)) - raft.server.log.appender.buffer.byte-limit = 33554432 (custom)
2023-08-25 11:36:15,593 [EventQueue-OpenPipelineForHealthyPipelineSafeModeRule] INFO  safemode.SCMSafeModeManager (HealthyPipelineSafeModeRule.java:process(137)) - SCM in safe mode. Healthy pipelines reported count is 0, required healthy pipeline reported count is 1
2023-08-25 11:36:15,593 [8d6e1dbb-3941-4a04-b7a8-0c911dee3672-groupManagement] INFO  server.RaftServerConfigKeys (ConfUtils.java:logGet(46)) - raft.server.log.statemachine.data.read.timeout = 1000ms (default)
2023-08-25 11:36:15,594 [8d6e1dbb-3941-4a04-b7a8-0c911dee3672-groupManagement] INFO  server.RaftServerConfigKeys (ConfUtils.java:logGet(46)) - raft.server.log.purge.preservation.log.num = 0 (default)
2023-08-25 11:36:15,594 [8d6e1dbb-3941-4a04-b7a8-0c911dee3672-groupManagement] INFO  server.RaftServerConfigKeys (ConfUtils.java:logGet(46)) - raft.server.log.segment.size.max = 1048576 (custom)
2023-08-25 11:36:15,594 [8d6e1dbb-3941-4a04-b7a8-0c911dee3672-groupManagement] INFO  server.RaftServerConfigKeys (ConfUtils.java:logGet(46)) - raft.server.log.segment.cache.num.max = 2 (custom)
2023-08-25 11:36:15,594 [8d6e1dbb-3941-4a04-b7a8-0c911dee3672-groupManagement] INFO  server.RaftServerConfigKeys (ConfUtils.java:logGet(46)) - raft.server.log.segment.cache.size.max = 200MB (=209715200) (default)
2023-08-25 11:36:15,594 [8d6e1dbb-3941-4a04-b7a8-0c911dee3672-groupManagement] INFO  server.RaftServerConfigKeys (ConfUtils.java:logGet(46)) - raft.server.log.appender.buffer.byte-limit = 33554432 (custom)
2023-08-25 11:36:15,594 [8d6e1dbb-3941-4a04-b7a8-0c911dee3672-groupManagement] INFO  segmented.SegmentedRaftLogWorker (SegmentedRaftLogWorker.java:<init>(188)) - new 8d6e1dbb-3941-4a04-b7a8-0c911dee3672@group-DCC22C7E2ED5-SegmentedRaftLogWorker for RaftStorageImpl:Storage Directory /home/runner/work/ozone/ozone/hadoop-ozone/integration-test/target/test-dir/MiniOzoneClusterImpl-9e80f0e6-d3ce-4c33-b1a3-32fa2c9dea98/datanode-3/data/ratis/32710029-dcf2-487e-8bba-dcc22c7e2ed5
2023-08-25 11:36:15,595 [8d6e1dbb-3941-4a04-b7a8-0c911dee3672-groupManagement] INFO  server.RaftServerConfigKeys (ConfUtils.java:logGet(46)) - raft.server.log.queue.byte-limit = 4294967296 (custom)
2023-08-25 11:36:15,595 [8d6e1dbb-3941-4a04-b7a8-0c911dee3672-groupManagement] INFO  server.RaftServerConfigKeys (ConfUtils.java:logGet(46)) - raft.server.log.queue.element-limit = 1024 (custom)
2023-08-25 11:36:15,595 [8d6e1dbb-3941-4a04-b7a8-0c911dee3672-groupManagement] INFO  server.RaftServerConfigKeys (ConfUtils.java:logGet(46)) - raft.server.log.segment.size.max = 1048576 (custom)
2023-08-25 11:36:15,595 [8d6e1dbb-3941-4a04-b7a8-0c911dee3672-groupManagement] INFO  server.RaftServerConfigKeys (ConfUtils.java:logGet(46)) - raft.server.log.preallocated.size = 16384 (custom)
2023-08-25 11:36:15,595 [8d6e1dbb-3941-4a04-b7a8-0c911dee3672-groupManagement] INFO  server.RaftServerConfigKeys (ConfUtils.java:logGet(46)) - raft.server.log.force.sync.num = 128 (default)
2023-08-25 11:36:15,595 [8d6e1dbb-3941-4a04-b7a8-0c911dee3672-groupManagement] INFO  server.RaftServerConfigKeys (ConfUtils.java:logGet(46)) - raft.server.log.statemachine.data.sync = true (default)
2023-08-25 11:36:15,595 [8d6e1dbb-3941-4a04-b7a8-0c911dee3672-groupManagement] INFO  server.RaftServerConfigKeys (ConfUtils.java:logGet(46)) - raft.server.log.statemachine.data.sync.timeout = 10s (default)
2023-08-25 11:36:15,595 [8d6e1dbb-3941-4a04-b7a8-0c911dee3672-groupManagement] INFO  server.RaftServerConfigKeys (ConfUtils.java:logGet(46)) - raft.server.log.statemachine.data.sync.timeout.retry = -1 (default)
2023-08-25 11:36:15,596 [8d6e1dbb-3941-4a04-b7a8-0c911dee3672-groupManagement] INFO  server.RaftServerConfigKeys (ConfUtils.java:logGet(46)) - raft.server.log.write.buffer.size = 1048576 (custom)
2023-08-25 11:36:15,596 [8d6e1dbb-3941-4a04-b7a8-0c911dee3672-groupManagement] INFO  server.RaftServerConfigKeys (ConfUtils.java:logGet(46)) - raft.server.log.appender.buffer.byte-limit = 33554432 (custom)
2023-08-25 11:36:15,603 [8d6e1dbb-3941-4a04-b7a8-0c911dee3672-groupManagement] INFO  server.RaftServerConfigKeys (ConfUtils.java:logGet(46)) - raft.server.log.unsafe-flush.enabled = false (default)
2023-08-25 11:36:15,603 [8d6e1dbb-3941-4a04-b7a8-0c911dee3672-groupManagement] INFO  server.RaftServerConfigKeys (ConfUtils.java:logGet(46)) - raft.server.log.async-flush.enabled = false (default)
2023-08-25 11:36:15,603 [8d6e1dbb-3941-4a04-b7a8-0c911dee3672-groupManagement] INFO  server.RaftServerConfigKeys (ConfUtils.java:logGet(46)) - raft.server.log.statemachine.data.caching.enabled = true (custom)
2023-08-25 11:36:15,603 [8d6e1dbb-3941-4a04-b7a8-0c911dee3672-groupManagement] INFO  segmented.SegmentedRaftLogWorker (SegmentedRaftLogWorker.java:lambda$new$0(135)) - 8d6e1dbb-3941-4a04-b7a8-0c911dee3672@group-DCC22C7E2ED5-SegmentedRaftLogWorker: flushIndex: setUnconditionally 0 -> -1
2023-08-25 11:36:15,603 [8d6e1dbb-3941-4a04-b7a8-0c911dee3672-groupManagement] INFO  segmented.SegmentedRaftLogWorker (SegmentedRaftLogWorker.java:lambda$new$0(135)) - 8d6e1dbb-3941-4a04-b7a8-0c911dee3672@group-DCC22C7E2ED5-SegmentedRaftLogWorker: safeCacheEvictIndex: setUnconditionally 0 -> -1
2023-08-25 11:36:15,604 [8d6e1dbb-3941-4a04-b7a8-0c911dee3672-groupManagement] INFO  server.RaftServer$Division (RaftServerImpl.java:start(342)) - 8d6e1dbb-3941-4a04-b7a8-0c911dee3672@group-DCC22C7E2ED5: start as a follower, conf=-1: peers:[8d6e1dbb-3941-4a04-b7a8-0c911dee3672|rpc:10.1.0.52:15147|admin:10.1.0.52:15146|client:10.1.0.52:15145|dataStream:10.1.0.52:15148|priority:1|startupRole:FOLLOWER]|listeners:[], old=null
2023-08-25 11:36:15,604 [8d6e1dbb-3941-4a04-b7a8-0c911dee3672-groupManagement] INFO  server.RaftServer$Division (RaftServerImpl.java:setRole(329)) - 8d6e1dbb-3941-4a04-b7a8-0c911dee3672@group-DCC22C7E2ED5: changes role from      null to FOLLOWER at term 0 for startAsFollower
2023-08-25 11:36:15,604 [8d6e1dbb-3941-4a04-b7a8-0c911dee3672-groupManagement] INFO  impl.RoleInfo (RoleInfo.java:updateAndGet(139)) - 8d6e1dbb-3941-4a04-b7a8-0c911dee3672: start 8d6e1dbb-3941-4a04-b7a8-0c911dee3672@group-DCC22C7E2ED5-FollowerState
2023-08-25 11:36:15,606 [8d6e1dbb-3941-4a04-b7a8-0c911dee3672-groupManagement] INFO  util.JmxRegister (JmxRegister.java:tryRegister(44)) - Successfully registered JMX Bean with object name Ratis:service=RaftServer,group=group-DCC22C7E2ED5,id=8d6e1dbb-3941-4a04-b7a8-0c911dee3672
2023-08-25 11:36:15,606 [8d6e1dbb-3941-4a04-b7a8-0c911dee3672-groupManagement] INFO  server.RaftServerConfigKeys (ConfUtils.java:logGet(46)) - raft.server.snapshot.auto.trigger.enabled = true (custom)
2023-08-25 11:36:15,606 [8d6e1dbb-3941-4a04-b7a8-0c911dee3672-groupManagement] INFO  server.RaftServerConfigKeys (ConfUtils.java:logGet(46)) - raft.server.snapshot.auto.trigger.threshold = 10000 (custom)
2023-08-25 11:36:15,606 [8d6e1dbb-3941-4a04-b7a8-0c911dee3672-groupManagement] INFO  server.RaftServerConfigKeys (ConfUtils.java:logGet(46)) - raft.server.snapshot.retention.file.num = 5 (custom)
2023-08-25 11:36:15,606 [8d6e1dbb-3941-4a04-b7a8-0c911dee3672-groupManagement] INFO  server.RaftServerConfigKeys (ConfUtils.java:logGet(46)) - raft.server.log.purge.upto.snapshot.index = false (default)
2023-08-25 11:36:15,607 [PipelineCommandHandlerThread-0] INFO  ratis.XceiverServerRatis (XceiverServerRatis.java:addGroup(804)) - Created group PipelineID=32710029-dcf2-487e-8bba-dcc22c7e2ed5
2023-08-25 11:36:15,607 [PipelineCommandHandlerThread-0] INFO  commandhandler.CreatePipelineCommandHandler (CreatePipelineCommandHandler.java:lambda$handle$2(124)) - Created Pipeline RATIS ONE PipelineID=32710029-dcf2-487e-8bba-dcc22c7e2ed5.
2023-08-25 11:36:15,607 [8d6e1dbb-3941-4a04-b7a8-0c911dee3672@group-DCC22C7E2ED5-FollowerState] INFO  server.RaftServerConfigKeys (ConfUtils.java:logFallback(53)) - raft.server.rpc.first-election.timeout.min = 5s (fallback to raft.server.rpc.timeout.min)
2023-08-25 11:36:15,607 [8d6e1dbb-3941-4a04-b7a8-0c911dee3672@group-DCC22C7E2ED5-FollowerState] INFO  server.RaftServerConfigKeys (ConfUtils.java:logFallback(53)) - raft.server.rpc.first-election.timeout.max = 5200ms (fallback to raft.server.rpc.timeout.max)
2023-08-25 11:36:15,940 [main] INFO  ozone.MiniOzoneClusterImpl (MiniOzoneClusterImpl.java:lambda$waitForClusterToBeReady$0(224)) - Nodes are ready. Got 5 of 5 DN Heartbeats.
2023-08-25 11:36:15,941 [main] INFO  ozone.MiniOzoneClusterImpl (MiniOzoneClusterImpl.java:lambda$waitForClusterToBeReady$0(227)) - Waiting for cluster to exit safe mode
2023-08-25 11:36:15,941 [main] INFO  ozone.MiniOzoneClusterImpl (MiniOzoneClusterImpl.java:lambda$waitForClusterToBeReady$0(229)) - SCM became leader
2023-08-25 11:36:15,941 [PipelineCommandHandlerThread-0] INFO  server.RaftServer (RaftServerProxy.java:addNew(98)) - b7348800-7ece-44e4-b1a8-355cecb1b7f9: addNew group-472DEE4D08B4:[b7348800-7ece-44e4-b1a8-355cecb1b7f9|rpc:10.1.0.52:15156|admin:10.1.0.52:15155|client:10.1.0.52:15154|dataStream:10.1.0.52:15157|priority:1|startupRole:FOLLOWER] returns group-472DEE4D08B4:java.util.concurrent.CompletableFuture@7eea02f8[Not completed]
2023-08-25 11:36:15,943 [b7348800-7ece-44e4-b1a8-355cecb1b7f9-groupManagement] INFO  server.RaftServer$Division (RaftServerImpl.java:<init>(198)) - b7348800-7ece-44e4-b1a8-355cecb1b7f9: new RaftServerImpl for group-472DEE4D08B4:[b7348800-7ece-44e4-b1a8-355cecb1b7f9|rpc:10.1.0.52:15156|admin:10.1.0.52:15155|client:10.1.0.52:15154|dataStream:10.1.0.52:15157|priority:1|startupRole:FOLLOWER] with ContainerStateMachine:uninitialized
2023-08-25 11:36:15,943 [b7348800-7ece-44e4-b1a8-355cecb1b7f9-groupManagement] INFO  server.RaftServerConfigKeys (ConfUtils.java:logGet(46)) - raft.server.rpc.timeout.min = 5s (custom)
2023-08-25 11:36:15,943 [b7348800-7ece-44e4-b1a8-355cecb1b7f9-groupManagement] INFO  server.RaftServerConfigKeys (ConfUtils.java:logGet(46)) - raft.server.rpc.timeout.max = 5200ms (custom)
2023-08-25 11:36:15,943 [b7348800-7ece-44e4-b1a8-355cecb1b7f9-groupManagement] INFO  server.RaftServerConfigKeys (ConfUtils.java:logGet(46)) - raft.server.rpc.sleep.time = 25ms (default)
2023-08-25 11:36:15,943 [b7348800-7ece-44e4-b1a8-355cecb1b7f9-groupManagement] INFO  server.RaftServerConfigKeys (ConfUtils.java:logGet(46)) - raft.server.rpc.slowness.timeout = 300s (custom)
2023-08-25 11:36:15,943 [b7348800-7ece-44e4-b1a8-355cecb1b7f9-groupManagement] INFO  server.RaftServerConfigKeys (ConfUtils.java:logGet(46)) - raft.server.leaderelection.leader.step-down.wait-time = 10s (default)
2023-08-25 11:36:15,943 [b7348800-7ece-44e4-b1a8-355cecb1b7f9-groupManagement] INFO  server.RaftServerConfigKeys (ConfUtils.java:logGet(46)) - raft.server.sleep.deviation.threshold = 300ms (default)
2023-08-25 11:36:15,943 [b7348800-7ece-44e4-b1a8-355cecb1b7f9-groupManagement] INFO  server.RaftServer$Division (ServerState.java:<init>(120)) - b7348800-7ece-44e4-b1a8-355cecb1b7f9@group-472DEE4D08B4: ConfigurationManager, init=-1: peers:[b7348800-7ece-44e4-b1a8-355cecb1b7f9|rpc:10.1.0.52:15156|admin:10.1.0.52:15155|client:10.1.0.52:15154|dataStream:10.1.0.52:15157|priority:1|startupRole:FOLLOWER]|listeners:[], old=null, confs=<EMPTY_MAP>
2023-08-25 11:36:15,943 [b7348800-7ece-44e4-b1a8-355cecb1b7f9-groupManagement] INFO  server.RaftServerConfigKeys (ConfUtils.java:logGet(46)) - raft.server.storage.dir = [/home/runner/work/ozone/ozone/hadoop-ozone/integration-test/target/test-dir/MiniOzoneClusterImpl-9e80f0e6-d3ce-4c33-b1a3-32fa2c9dea98/datanode-4/data/ratis] (custom)
2023-08-25 11:36:15,944 [b7348800-7ece-44e4-b1a8-355cecb1b7f9-groupManagement] INFO  server.RaftServerConfigKeys (ConfUtils.java:logGet(46)) - raft.server.log.corruption.policy = EXCEPTION (default)
2023-08-25 11:36:15,944 [b7348800-7ece-44e4-b1a8-355cecb1b7f9-groupManagement] INFO  server.RaftServerConfigKeys (ConfUtils.java:logGet(46)) - raft.server.storage.free-space.min = 0MB (=0) (default)
2023-08-25 11:36:15,944 [b7348800-7ece-44e4-b1a8-355cecb1b7f9-groupManagement] INFO  server.RaftServerConfigKeys (ConfUtils.java:logGet(46)) - raft.server.notification.no-leader.timeout = 300s (custom)
2023-08-25 11:36:15,944 [b7348800-7ece-44e4-b1a8-355cecb1b7f9-groupManagement] INFO  server.RaftServerConfigKeys (ConfUtils.java:logGet(46)) - raft.server.read.timeout = 10s (default)
2023-08-25 11:36:15,944 [b7348800-7ece-44e4-b1a8-355cecb1b7f9-groupManagement] INFO  server.RaftServerConfigKeys (ConfUtils.java:logGet(46)) - raft.server.retrycache.expirytime = 600000ms (custom)
2023-08-25 11:36:15,944 [b7348800-7ece-44e4-b1a8-355cecb1b7f9-groupManagement] INFO  server.RaftServerConfigKeys (ConfUtils.java:logGet(46)) - raft.server.retrycache.statistics.expirytime = 100μs (default)
2023-08-25 11:36:15,944 [b7348800-7ece-44e4-b1a8-355cecb1b7f9-groupManagement] INFO  server.RaftServerConfigKeys (ConfUtils.java:logGet(46)) - raft.server.read.option = DEFAULT (default)
2023-08-25 11:36:15,945 [b7348800-7ece-44e4-b1a8-355cecb1b7f9-groupManagement] INFO  server.RaftServerConfigKeys (ConfUtils.java:logGet(46)) - raft.server.rpc.request.timeout = 60s (custom)
2023-08-25 11:36:15,945 [b7348800-7ece-44e4-b1a8-355cecb1b7f9-groupManagement] INFO  server.RaftServerConfigKeys (ConfUtils.java:logGet(46)) - raft.server.log.appender.install.snapshot.enabled = false (custom)
2023-08-25 11:36:15,945 [b7348800-7ece-44e4-b1a8-355cecb1b7f9-groupManagement] INFO  server.RaftServerConfigKeys (ConfUtils.java:logGet(46)) - raft.server.threadpool.server.cached = true (default)
2023-08-25 11:36:15,945 [b7348800-7ece-44e4-b1a8-355cecb1b7f9-groupManagement] INFO  server.RaftServerConfigKeys (ConfUtils.java:logGet(46)) - raft.server.threadpool.server.size = 0 (default)
2023-08-25 11:36:15,945 [b7348800-7ece-44e4-b1a8-355cecb1b7f9-groupManagement] INFO  server.RaftServerConfigKeys (ConfUtils.java:logGet(46)) - raft.server.threadpool.client.cached = true (default)
2023-08-25 11:36:15,946 [b7348800-7ece-44e4-b1a8-355cecb1b7f9-groupManagement] INFO  server.RaftServerConfigKeys (ConfUtils.java:logGet(46)) - raft.server.threadpool.client.size = 0 (default)
2023-08-25 11:36:15,946 [b7348800-7ece-44e4-b1a8-355cecb1b7f9-groupManagement] INFO  storage.RaftStorageDirectory (RaftStorageDirectoryImpl.java:analyzeStorage(137)) - The storage directory /home/runner/work/ozone/ozone/hadoop-ozone/integration-test/target/test-dir/MiniOzoneClusterImpl-9e80f0e6-d3ce-4c33-b1a3-32fa2c9dea98/datanode-4/data/ratis/8f1f7c5f-c7e0-466b-b992-472dee4d08b4 does not exist. Creating ...
2023-08-25 11:36:15,947 [b7348800-7ece-44e4-b1a8-355cecb1b7f9-groupManagement] INFO  storage.RaftStorageDirectory (RaftStorageDirectoryImpl.java:tryLock(231)) - Lock on /home/runner/work/ozone/ozone/hadoop-ozone/integration-test/target/test-dir/MiniOzoneClusterImpl-9e80f0e6-d3ce-4c33-b1a3-32fa2c9dea98/datanode-4/data/ratis/8f1f7c5f-c7e0-466b-b992-472dee4d08b4/in_use.lock acquired by nodename 61563@fv-az508-118
2023-08-25 11:36:15,950 [b7348800-7ece-44e4-b1a8-355cecb1b7f9-groupManagement] INFO  storage.RaftStorage (RaftStorageImpl.java:format(96)) - Storage directory /home/runner/work/ozone/ozone/hadoop-ozone/integration-test/target/test-dir/MiniOzoneClusterImpl-9e80f0e6-d3ce-4c33-b1a3-32fa2c9dea98/datanode-4/data/ratis/8f1f7c5f-c7e0-466b-b992-472dee4d08b4 has been successfully formatted.
2023-08-25 11:36:15,952 [b7348800-7ece-44e4-b1a8-355cecb1b7f9-groupManagement] INFO  ratis.ContainerStateMachine (ContainerStateMachine.java:loadSnapshot(262)) - group-472DEE4D08B4: The snapshot info is null. Setting the last applied indexto:(t:0, i:~)
2023-08-25 11:36:15,952 [b7348800-7ece-44e4-b1a8-355cecb1b7f9-groupManagement] INFO  server.RaftServerConfigKeys (ConfUtils.java:logGet(46)) - raft.server.log.use.memory = false (default)
2023-08-25 11:36:15,952 [b7348800-7ece-44e4-b1a8-355cecb1b7f9-groupManagement] INFO  server.RaftServerConfigKeys (ConfUtils.java:logGet(46)) - raft.server.log.purge.gap = 1000000 (custom)
2023-08-25 11:36:15,953 [EventQueue-PipelineReportForPipelineReportHandler] INFO  pipeline.PipelineReportHandler (PipelineReportHandler.java:processPipelineReport(136)) - Opened pipeline PipelineID=8f1f7c5f-c7e0-466b-b992-472dee4d08b4
2023-08-25 11:36:15,953 [EventQueue-OpenPipelineForHealthyPipelineSafeModeRule] INFO  safemode.SCMSafeModeManager (HealthyPipelineSafeModeRule.java:process(137)) - SCM in safe mode. Healthy pipelines reported count is 0, required healthy pipeline reported count is 1
2023-08-25 11:36:15,953 [b7348800-7ece-44e4-b1a8-355cecb1b7f9-groupManagement] INFO  server.RaftServerConfigKeys (ConfUtils.java:logGet(46)) - raft.server.log.appender.buffer.byte-limit = 33554432 (custom)
2023-08-25 11:36:15,954 [b7348800-7ece-44e4-b1a8-355cecb1b7f9-groupManagement] INFO  server.RaftServerConfigKeys (ConfUtils.java:logGet(46)) - raft.server.log.statemachine.data.read.timeout = 1000ms (default)
2023-08-25 11:36:15,954 [b7348800-7ece-44e4-b1a8-355cecb1b7f9-groupManagement] INFO  server.RaftServerConfigKeys (ConfUtils.java:logGet(46)) - raft.server.log.purge.preservation.log.num = 0 (default)
2023-08-25 11:36:15,954 [b7348800-7ece-44e4-b1a8-355cecb1b7f9-groupManagement] INFO  server.RaftServerConfigKeys (ConfUtils.java:logGet(46)) - raft.server.log.segment.size.max = 1048576 (custom)
2023-08-25 11:36:15,954 [b7348800-7ece-44e4-b1a8-355cecb1b7f9-groupManagement] INFO  server.RaftServerConfigKeys (ConfUtils.java:logGet(46)) - raft.server.log.segment.cache.num.max = 2 (custom)
2023-08-25 11:36:15,954 [b7348800-7ece-44e4-b1a8-355cecb1b7f9-groupManagement] INFO  server.RaftServerConfigKeys (ConfUtils.java:logGet(46)) - raft.server.log.segment.cache.size.max = 200MB (=209715200) (default)
2023-08-25 11:36:15,954 [b7348800-7ece-44e4-b1a8-355cecb1b7f9-groupManagement] INFO  server.RaftServerConfigKeys (ConfUtils.java:logGet(46)) - raft.server.log.appender.buffer.byte-limit = 33554432 (custom)
2023-08-25 11:36:15,954 [b7348800-7ece-44e4-b1a8-355cecb1b7f9-groupManagement] INFO  segmented.SegmentedRaftLogWorker (SegmentedRaftLogWorker.java:<init>(188)) - new b7348800-7ece-44e4-b1a8-355cecb1b7f9@group-472DEE4D08B4-SegmentedRaftLogWorker for RaftStorageImpl:Storage Directory /home/runner/work/ozone/ozone/hadoop-ozone/integration-test/target/test-dir/MiniOzoneClusterImpl-9e80f0e6-d3ce-4c33-b1a3-32fa2c9dea98/datanode-4/data/ratis/8f1f7c5f-c7e0-466b-b992-472dee4d08b4
2023-08-25 11:36:15,954 [b7348800-7ece-44e4-b1a8-355cecb1b7f9-groupManagement] INFO  server.RaftServerConfigKeys (ConfUtils.java:logGet(46)) - raft.server.log.queue.byte-limit = 4294967296 (custom)
2023-08-25 11:36:15,955 [b7348800-7ece-44e4-b1a8-355cecb1b7f9-groupManagement] INFO  server.RaftServerConfigKeys (ConfUtils.java:logGet(46)) - raft.server.log.queue.element-limit = 1024 (custom)
2023-08-25 11:36:15,955 [b7348800-7ece-44e4-b1a8-355cecb1b7f9-groupManagement] INFO  server.RaftServerConfigKeys (ConfUtils.java:logGet(46)) - raft.server.log.segment.size.max = 1048576 (custom)
2023-08-25 11:36:15,955 [b7348800-7ece-44e4-b1a8-355cecb1b7f9-groupManagement] INFO  server.RaftServerConfigKeys (ConfUtils.java:logGet(46)) - raft.server.log.preallocated.size = 16384 (custom)
2023-08-25 11:36:15,955 [b7348800-7ece-44e4-b1a8-355cecb1b7f9-groupManagement] INFO  server.RaftServerConfigKeys (ConfUtils.java:logGet(46)) - raft.server.log.force.sync.num = 128 (default)
2023-08-25 11:36:15,955 [b7348800-7ece-44e4-b1a8-355cecb1b7f9-groupManagement] INFO  server.RaftServerConfigKeys (ConfUtils.java:logGet(46)) - raft.server.log.statemachine.data.sync = true (default)
2023-08-25 11:36:15,955 [b7348800-7ece-44e4-b1a8-355cecb1b7f9-groupManagement] INFO  server.RaftServerConfigKeys (ConfUtils.java:logGet(46)) - raft.server.log.statemachine.data.sync.timeout = 10s (default)
2023-08-25 11:36:15,955 [b7348800-7ece-44e4-b1a8-355cecb1b7f9-groupManagement] INFO  server.RaftServerConfigKeys (ConfUtils.java:logGet(46)) - raft.server.log.statemachine.data.sync.timeout.retry = -1 (default)
2023-08-25 11:36:15,956 [b7348800-7ece-44e4-b1a8-355cecb1b7f9-groupManagement] INFO  server.RaftServerConfigKeys (ConfUtils.java:logGet(46)) - raft.server.log.write.buffer.size = 1048576 (custom)
2023-08-25 11:36:15,956 [b7348800-7ece-44e4-b1a8-355cecb1b7f9-groupManagement] INFO  server.RaftServerConfigKeys (ConfUtils.java:logGet(46)) - raft.server.log.appender.buffer.byte-limit = 33554432 (custom)
2023-08-25 11:36:15,963 [b7348800-7ece-44e4-b1a8-355cecb1b7f9-groupManagement] INFO  server.RaftServerConfigKeys (ConfUtils.java:logGet(46)) - raft.server.log.unsafe-flush.enabled = false (default)
2023-08-25 11:36:15,963 [b7348800-7ece-44e4-b1a8-355cecb1b7f9-groupManagement] INFO  server.RaftServerConfigKeys (ConfUtils.java:logGet(46)) - raft.server.log.async-flush.enabled = false (default)
2023-08-25 11:36:15,963 [b7348800-7ece-44e4-b1a8-355cecb1b7f9-groupManagement] INFO  server.RaftServerConfigKeys (ConfUtils.java:logGet(46)) - raft.server.log.statemachine.data.caching.enabled = true (custom)
2023-08-25 11:36:15,964 [b7348800-7ece-44e4-b1a8-355cecb1b7f9-groupManagement] INFO  segmented.SegmentedRaftLogWorker (SegmentedRaftLogWorker.java:lambda$new$0(135)) - b7348800-7ece-44e4-b1a8-355cecb1b7f9@group-472DEE4D08B4-SegmentedRaftLogWorker: flushIndex: setUnconditionally 0 -> -1
2023-08-25 11:36:15,964 [b7348800-7ece-44e4-b1a8-355cecb1b7f9-groupManagement] INFO  segmented.SegmentedRaftLogWorker (SegmentedRaftLogWorker.java:lambda$new$0(135)) - b7348800-7ece-44e4-b1a8-355cecb1b7f9@group-472DEE4D08B4-SegmentedRaftLogWorker: safeCacheEvictIndex: setUnconditionally 0 -> -1
2023-08-25 11:36:15,971 [b7348800-7ece-44e4-b1a8-355cecb1b7f9-groupManagement] INFO  server.RaftServer$Division (RaftServerImpl.java:start(342)) - b7348800-7ece-44e4-b1a8-355cecb1b7f9@group-472DEE4D08B4: start as a follower, conf=-1: peers:[b7348800-7ece-44e4-b1a8-355cecb1b7f9|rpc:10.1.0.52:15156|admin:10.1.0.52:15155|client:10.1.0.52:15154|dataStream:10.1.0.52:15157|priority:1|startupRole:FOLLOWER]|listeners:[], old=null
2023-08-25 11:36:15,971 [b7348800-7ece-44e4-b1a8-355cecb1b7f9-groupManagement] INFO  server.RaftServer$Division (RaftServerImpl.java:setRole(329)) - b7348800-7ece-44e4-b1a8-355cecb1b7f9@group-472DEE4D08B4: changes role from      null to FOLLOWER at term 0 for startAsFollower
2023-08-25 11:36:15,971 [b7348800-7ece-44e4-b1a8-355cecb1b7f9-groupManagement] INFO  impl.RoleInfo (RoleInfo.java:updateAndGet(139)) - b7348800-7ece-44e4-b1a8-355cecb1b7f9: start b7348800-7ece-44e4-b1a8-355cecb1b7f9@group-472DEE4D08B4-FollowerState
2023-08-25 11:36:15,972 [b7348800-7ece-44e4-b1a8-355cecb1b7f9-groupManagement] INFO  util.JmxRegister (JmxRegister.java:tryRegister(44)) - Successfully registered JMX Bean with object name Ratis:service=RaftServer,group=group-472DEE4D08B4,id=b7348800-7ece-44e4-b1a8-355cecb1b7f9
2023-08-25 11:36:15,972 [b7348800-7ece-44e4-b1a8-355cecb1b7f9-groupManagement] INFO  server.RaftServerConfigKeys (ConfUtils.java:logGet(46)) - raft.server.snapshot.auto.trigger.enabled = true (custom)
2023-08-25 11:36:15,972 [b7348800-7ece-44e4-b1a8-355cecb1b7f9-groupManagement] INFO  server.RaftServerConfigKeys (ConfUtils.java:logGet(46)) - raft.server.snapshot.auto.trigger.threshold = 10000 (custom)
2023-08-25 11:36:15,972 [b7348800-7ece-44e4-b1a8-355cecb1b7f9-groupManagement] INFO  server.RaftServerConfigKeys (ConfUtils.java:logGet(46)) - raft.server.snapshot.retention.file.num = 5 (custom)
2023-08-25 11:36:15,972 [b7348800-7ece-44e4-b1a8-355cecb1b7f9-groupManagement] INFO  server.RaftServerConfigKeys (ConfUtils.java:logGet(46)) - raft.server.log.purge.upto.snapshot.index = false (default)
2023-08-25 11:36:15,974 [b7348800-7ece-44e4-b1a8-355cecb1b7f9@group-472DEE4D08B4-FollowerState] INFO  server.RaftServerConfigKeys (ConfUtils.java:logFallback(53)) - raft.server.rpc.first-election.timeout.min = 5s (fallback to raft.server.rpc.timeout.min)
2023-08-25 11:36:15,974 [b7348800-7ece-44e4-b1a8-355cecb1b7f9@group-472DEE4D08B4-FollowerState] INFO  server.RaftServerConfigKeys (ConfUtils.java:logFallback(53)) - raft.server.rpc.first-election.timeout.max = 5200ms (fallback to raft.server.rpc.timeout.max)
2023-08-25 11:36:15,976 [PipelineCommandHandlerThread-0] INFO  ratis.XceiverServerRatis (XceiverServerRatis.java:addGroup(804)) - Created group PipelineID=8f1f7c5f-c7e0-466b-b992-472dee4d08b4
2023-08-25 11:36:15,976 [PipelineCommandHandlerThread-0] INFO  commandhandler.CreatePipelineCommandHandler (CreatePipelineCommandHandler.java:lambda$handle$2(124)) - Created Pipeline RATIS ONE PipelineID=8f1f7c5f-c7e0-466b-b992-472dee4d08b4.
2023-08-25 11:36:16,941 [main] INFO  ozone.MiniOzoneClusterImpl (MiniOzoneClusterImpl.java:lambda$waitForClusterToBeReady$0(224)) - Nodes are ready. Got 5 of 5 DN Heartbeats.
2023-08-25 11:36:16,942 [main] INFO  ozone.MiniOzoneClusterImpl (MiniOzoneClusterImpl.java:lambda$waitForClusterToBeReady$0(227)) - Waiting for cluster to exit safe mode
2023-08-25 11:36:16,942 [main] INFO  ozone.MiniOzoneClusterImpl (MiniOzoneClusterImpl.java:lambda$waitForClusterToBeReady$0(229)) - SCM became leader
2023-08-25 11:36:17,942 [main] INFO  ozone.MiniOzoneClusterImpl (MiniOzoneClusterImpl.java:lambda$waitForClusterToBeReady$0(224)) - Nodes are ready. Got 5 of 5 DN Heartbeats.
2023-08-25 11:36:17,942 [main] INFO  ozone.MiniOzoneClusterImpl (MiniOzoneClusterImpl.java:lambda$waitForClusterToBeReady$0(227)) - Waiting for cluster to exit safe mode
2023-08-25 11:36:17,942 [main] INFO  ozone.MiniOzoneClusterImpl (MiniOzoneClusterImpl.java:lambda$waitForClusterToBeReady$0(229)) - SCM became leader
2023-08-25 11:36:18,943 [main] INFO  ozone.MiniOzoneClusterImpl (MiniOzoneClusterImpl.java:lambda$waitForClusterToBeReady$0(224)) - Nodes are ready. Got 5 of 5 DN Heartbeats.
2023-08-25 11:36:18,943 [main] INFO  ozone.MiniOzoneClusterImpl (MiniOzoneClusterImpl.java:lambda$waitForClusterToBeReady$0(227)) - Waiting for cluster to exit safe mode
2023-08-25 11:36:18,943 [main] INFO  ozone.MiniOzoneClusterImpl (MiniOzoneClusterImpl.java:lambda$waitForClusterToBeReady$0(229)) - SCM became leader
2023-08-25 11:36:19,452 [41c35b0f-7d09-466e-a425-34196dd2af10@group-4FD54EB9C075-FollowerState] INFO  impl.FollowerState (FollowerState.java:run(143)) - 41c35b0f-7d09-466e-a425-34196dd2af10@group-4FD54EB9C075-FollowerState: change to CANDIDATE, lastRpcElapsedTime:5102452211ns, electionTimeout:5097ms
2023-08-25 11:36:19,453 [41c35b0f-7d09-466e-a425-34196dd2af10@group-4FD54EB9C075-FollowerState] INFO  impl.RoleInfo (RoleInfo.java:shutdownFollowerState(110)) - 41c35b0f-7d09-466e-a425-34196dd2af10: shutdown 41c35b0f-7d09-466e-a425-34196dd2af10@group-4FD54EB9C075-FollowerState
2023-08-25 11:36:19,453 [41c35b0f-7d09-466e-a425-34196dd2af10@group-4FD54EB9C075-FollowerState] INFO  server.RaftServer$Division (RaftServerImpl.java:setRole(329)) - 41c35b0f-7d09-466e-a425-34196dd2af10@group-4FD54EB9C075: changes role from  FOLLOWER to CANDIDATE at term 0 for changeToCandidate
2023-08-25 11:36:19,453 [41c35b0f-7d09-466e-a425-34196dd2af10@group-4FD54EB9C075-FollowerState] INFO  server.RaftServerConfigKeys (ConfUtils.java:logGet(46)) - raft.server.leaderelection.pre-vote = true (default)
2023-08-25 11:36:19,453 [41c35b0f-7d09-466e-a425-34196dd2af10@group-4FD54EB9C075-FollowerState] INFO  impl.RoleInfo (RoleInfo.java:updateAndGet(139)) - 41c35b0f-7d09-466e-a425-34196dd2af10: start 41c35b0f-7d09-466e-a425-34196dd2af10@group-4FD54EB9C075-LeaderElection21
2023-08-25 11:36:19,465 [41c35b0f-7d09-466e-a425-34196dd2af10@group-4FD54EB9C075-LeaderElection21] INFO  impl.LeaderElection (LeaderElection.java:askForVotes(321)) - 41c35b0f-7d09-466e-a425-34196dd2af10@group-4FD54EB9C075-LeaderElection21 PRE_VOTE round 0: submit vote requests at term 0 for -1: peers:[41c35b0f-7d09-466e-a425-34196dd2af10|rpc:10.1.0.52:15120|admin:10.1.0.52:15119|client:10.1.0.52:15118|dataStream:10.1.0.52:15121|priority:1|startupRole:FOLLOWER]|listeners:[], old=null
2023-08-25 11:36:19,465 [41c35b0f-7d09-466e-a425-34196dd2af10@group-4FD54EB9C075-LeaderElection21] INFO  impl.LeaderElection (LeaderElection.java:askForVotes(323)) - 41c35b0f-7d09-466e-a425-34196dd2af10@group-4FD54EB9C075-LeaderElection21 PRE_VOTE round 0: result PASSED (term=0)
2023-08-25 11:36:19,471 [41c35b0f-7d09-466e-a425-34196dd2af10@group-4FD54EB9C075-LeaderElection21] INFO  impl.LeaderElection (LeaderElection.java:askForVotes(321)) - 41c35b0f-7d09-466e-a425-34196dd2af10@group-4FD54EB9C075-LeaderElection21 ELECTION round 0: submit vote requests at term 1 for -1: peers:[41c35b0f-7d09-466e-a425-34196dd2af10|rpc:10.1.0.52:15120|admin:10.1.0.52:15119|client:10.1.0.52:15118|dataStream:10.1.0.52:15121|priority:1|startupRole:FOLLOWER]|listeners:[], old=null
2023-08-25 11:36:19,471 [41c35b0f-7d09-466e-a425-34196dd2af10@group-4FD54EB9C075-LeaderElection21] INFO  impl.LeaderElection (LeaderElection.java:askForVotes(323)) - 41c35b0f-7d09-466e-a425-34196dd2af10@group-4FD54EB9C075-LeaderElection21 ELECTION round 0: result PASSED (term=1)
2023-08-25 11:36:19,471 [41c35b0f-7d09-466e-a425-34196dd2af10@group-4FD54EB9C075-LeaderElection21] INFO  impl.RoleInfo (RoleInfo.java:shutdownLeaderElection(130)) - 41c35b0f-7d09-466e-a425-34196dd2af10: shutdown 41c35b0f-7d09-466e-a425-34196dd2af10@group-4FD54EB9C075-LeaderElection21
2023-08-25 11:36:19,472 [41c35b0f-7d09-466e-a425-34196dd2af10@group-4FD54EB9C075-LeaderElection21] INFO  server.RaftServer$Division (RaftServerImpl.java:setRole(329)) - 41c35b0f-7d09-466e-a425-34196dd2af10@group-4FD54EB9C075: changes role from CANDIDATE to LEADER at term 1 for changeToLeader
2023-08-25 11:36:19,472 [41c35b0f-7d09-466e-a425-34196dd2af10@group-4FD54EB9C075-LeaderElection21] INFO  ratis.XceiverServerRatis (XceiverServerRatis.java:handleLeaderChangedNotification(902)) - Leader change notification received for group: group-4FD54EB9C075 with new leaderId: 41c35b0f-7d09-466e-a425-34196dd2af10
2023-08-25 11:36:19,472 [41c35b0f-7d09-466e-a425-34196dd2af10@group-4FD54EB9C075-LeaderElection21] INFO  server.RaftServer$Division (ServerState.java:setLeader(317)) - 41c35b0f-7d09-466e-a425-34196dd2af10@group-4FD54EB9C075: change Leader from null to 41c35b0f-7d09-466e-a425-34196dd2af10 at term 1 for becomeLeader, leader elected after 5152ms
2023-08-25 11:36:19,472 [41c35b0f-7d09-466e-a425-34196dd2af10@group-4FD54EB9C075-LeaderElection21] INFO  server.RaftServerConfigKeys (ConfUtils.java:logGet(46)) - raft.server.staging.catchup.gap = 1000 (default)
2023-08-25 11:36:19,473 [41c35b0f-7d09-466e-a425-34196dd2af10@group-4FD54EB9C075-LeaderElection21] INFO  server.RaftServerConfigKeys (ConfUtils.java:logGet(46)) - raft.server.write.element-limit = 1024 (custom)
2023-08-25 11:36:19,473 [41c35b0f-7d09-466e-a425-34196dd2af10@group-4FD54EB9C075-LeaderElection21] INFO  server.RaftServerConfigKeys (ConfUtils.java:logGet(46)) - raft.server.write.byte-limit = 1024 M (=1073741824) (custom)
2023-08-25 11:36:19,473 [EventQueue-OpenPipelineForHealthyPipelineSafeModeRule] INFO  safemode.SCMSafeModeManager (HealthyPipelineSafeModeRule.java:process(137)) - SCM in safe mode. Healthy pipelines reported count is 0, required healthy pipeline reported count is 1
2023-08-25 11:36:19,473 [41c35b0f-7d09-466e-a425-34196dd2af10@group-4FD54EB9C075-LeaderElection21] INFO  server.RaftServerConfigKeys (ConfUtils.java:logGet(46)) - raft.server.watch.timeout = 180s (custom)
2023-08-25 11:36:19,473 [41c35b0f-7d09-466e-a425-34196dd2af10@group-4FD54EB9C075-LeaderElection21] INFO  server.RaftServerConfigKeys (ConfUtils.java:logGet(46)) - raft.server.watch.timeout.denomination = 1s (default)
2023-08-25 11:36:19,474 [41c35b0f-7d09-466e-a425-34196dd2af10@group-4FD54EB9C075-LeaderElection21] INFO  server.RaftServerConfigKeys (ConfUtils.java:logGet(46)) - raft.server.watch.element-limit = 65536 (default)
2023-08-25 11:36:19,474 [41c35b0f-7d09-466e-a425-34196dd2af10@group-4FD54EB9C075-LeaderElection21] INFO  server.RaftServerConfigKeys (ConfUtils.java:logGet(46)) - raft.server.write.element-limit = 1024 (custom)
2023-08-25 11:36:19,474 [41c35b0f-7d09-466e-a425-34196dd2af10@group-4FD54EB9C075-LeaderElection21] INFO  server.RaftServerConfigKeys (ConfUtils.java:logGet(46)) - raft.server.write.follower.gap.ratio.max = -1.0 (default)
2023-08-25 11:36:19,474 [41c35b0f-7d09-466e-a425-34196dd2af10@group-4FD54EB9C075-LeaderElection21] INFO  impl.RoleInfo (RoleInfo.java:updateAndGet(139)) - 41c35b0f-7d09-466e-a425-34196dd2af10: start 41c35b0f-7d09-466e-a425-34196dd2af10@group-4FD54EB9C075-LeaderStateImpl
2023-08-25 11:36:19,474 [41c35b0f-7d09-466e-a425-34196dd2af10@group-4FD54EB9C075-LeaderElection21] INFO  segmented.SegmentedRaftLogWorker (SegmentedRaftLogWorker.java:startLogSegment(447)) - 41c35b0f-7d09-466e-a425-34196dd2af10@group-4FD54EB9C075-SegmentedRaftLogWorker: Starting segment from index:0
2023-08-25 11:36:19,482 [41c35b0f-7d09-466e-a425-34196dd2af10@group-4FD54EB9C075-LeaderElection21] INFO  server.RaftServer$Division (ServerState.java:setRaftConf(434)) - 41c35b0f-7d09-466e-a425-34196dd2af10@group-4FD54EB9C075: set configuration 0: peers:[41c35b0f-7d09-466e-a425-34196dd2af10|rpc:10.1.0.52:15120|admin:10.1.0.52:15119|client:10.1.0.52:15118|dataStream:10.1.0.52:15121|priority:1|startupRole:FOLLOWER]|listeners:[], old=null
2023-08-25 11:36:19,482 [41c35b0f-7d09-466e-a425-34196dd2af10@group-6ECDDACB944F-FollowerState] INFO  impl.FollowerState (FollowerState.java:run(143)) - 41c35b0f-7d09-466e-a425-34196dd2af10@group-6ECDDACB944F-FollowerState: change to CANDIDATE, lastRpcElapsedTime:5100608711ns, electionTimeout:5078ms
2023-08-25 11:36:19,484 [41c35b0f-7d09-466e-a425-34196dd2af10@group-6ECDDACB944F-FollowerState] INFO  impl.RoleInfo (RoleInfo.java:shutdownFollowerState(110)) - 41c35b0f-7d09-466e-a425-34196dd2af10: shutdown 41c35b0f-7d09-466e-a425-34196dd2af10@group-6ECDDACB944F-FollowerState
2023-08-25 11:36:19,484 [41c35b0f-7d09-466e-a425-34196dd2af10@group-6ECDDACB944F-FollowerState] INFO  server.RaftServer$Division (RaftServerImpl.java:setRole(329)) - 41c35b0f-7d09-466e-a425-34196dd2af10@group-6ECDDACB944F: changes role from  FOLLOWER to CANDIDATE at term 0 for changeToCandidate
2023-08-25 11:36:19,485 [41c35b0f-7d09-466e-a425-34196dd2af10@group-6ECDDACB944F-FollowerState] INFO  server.RaftServerConfigKeys (ConfUtils.java:logGet(46)) - raft.server.leaderelection.pre-vote = true (default)
2023-08-25 11:36:19,485 [41c35b0f-7d09-466e-a425-34196dd2af10@group-6ECDDACB944F-FollowerState] INFO  impl.RoleInfo (RoleInfo.java:updateAndGet(139)) - 41c35b0f-7d09-466e-a425-34196dd2af10: start 41c35b0f-7d09-466e-a425-34196dd2af10@group-6ECDDACB944F-LeaderElection22
2023-08-25 11:36:19,490 [41c35b0f-7d09-466e-a425-34196dd2af10@group-4FD54EB9C075-SegmentedRaftLogWorker] INFO  segmented.SegmentedRaftLogWorker (SegmentedRaftLogWorker.java:execute(651)) - 41c35b0f-7d09-466e-a425-34196dd2af10@group-4FD54EB9C075-SegmentedRaftLogWorker: created new log segment /home/runner/work/ozone/ozone/hadoop-ozone/integration-test/target/test-dir/MiniOzoneClusterImpl-9e80f0e6-d3ce-4c33-b1a3-32fa2c9dea98/datanode-0/data/ratis/1499a42b-8f08-48f1-b12c-4fd54eb9c075/current/log_inprogress_0
2023-08-25 11:36:19,492 [41c35b0f-7d09-466e-a425-34196dd2af10@group-6ECDDACB944F-LeaderElection22] INFO  impl.LeaderElection (LeaderElection.java:askForVotes(321)) - 41c35b0f-7d09-466e-a425-34196dd2af10@group-6ECDDACB944F-LeaderElection22 PRE_VOTE round 0: submit vote requests at term 0 for -1: peers:[c6e0d301-09b2-4368-8fbf-181ce26f0a67|rpc:10.1.0.52:15138|admin:10.1.0.52:15137|client:10.1.0.52:15136|dataStream:10.1.0.52:15139|priority:1|startupRole:FOLLOWER, 41c35b0f-7d09-466e-a425-34196dd2af10|rpc:10.1.0.52:15120|admin:10.1.0.52:15119|client:10.1.0.52:15118|dataStream:10.1.0.52:15121|priority:0|startupRole:FOLLOWER, b4d41a5a-7f8b-4359-a921-685918a3749b|rpc:10.1.0.52:15129|admin:10.1.0.52:15128|client:10.1.0.52:15127|dataStream:10.1.0.52:15130|priority:0|startupRole:FOLLOWER]|listeners:[], old=null
2023-08-25 11:36:19,492 [41c35b0f-7d09-466e-a425-34196dd2af10@group-6ECDDACB944F-LeaderElection22] INFO  server.RaftServerConfigKeys (ConfUtils.java:logFallback(53)) - raft.server.rpc.first-election.timeout.min = 5s (fallback to raft.server.rpc.timeout.min)
2023-08-25 11:36:19,492 [41c35b0f-7d09-466e-a425-34196dd2af10@group-6ECDDACB944F-LeaderElection22-1] INFO  server.GrpcServerProtocolClient (GrpcServerProtocolClient.java:<init>(65)) - Build channel for c6e0d301-09b2-4368-8fbf-181ce26f0a67
2023-08-25 11:36:19,492 [41c35b0f-7d09-466e-a425-34196dd2af10@group-6ECDDACB944F-LeaderElection22] INFO  server.RaftServerConfigKeys (ConfUtils.java:logFallback(53)) - raft.server.rpc.first-election.timeout.max = 5200ms (fallback to raft.server.rpc.timeout.max)
2023-08-25 11:36:19,493 [41c35b0f-7d09-466e-a425-34196dd2af10@group-6ECDDACB944F-LeaderElection22-2] INFO  server.GrpcServerProtocolClient (GrpcServerProtocolClient.java:<init>(65)) - Build channel for b4d41a5a-7f8b-4359-a921-685918a3749b
2023-08-25 11:36:19,506 [grpc-default-executor-0] INFO  server.RaftServer$Division (RaftServerImpl.java:requestVote(1302)) - c6e0d301-09b2-4368-8fbf-181ce26f0a67@group-6ECDDACB944F: receive requestVote(PRE_VOTE, 41c35b0f-7d09-466e-a425-34196dd2af10, group-6ECDDACB944F, 0, (t:0, i:0))
2023-08-25 11:36:19,506 [grpc-default-executor-0] INFO  impl.VoteContext (VoteContext.java:log(49)) - c6e0d301-09b2-4368-8fbf-181ce26f0a67@group-6ECDDACB944F-FOLLOWER: reject PRE_VOTE from 41c35b0f-7d09-466e-a425-34196dd2af10: our priority 1 > candidate's priority 0
2023-08-25 11:36:19,506 [grpc-default-executor-0] INFO  server.RaftServer$Division (RaftServerImpl.java:requestVote(1335)) - c6e0d301-09b2-4368-8fbf-181ce26f0a67@group-6ECDDACB944F replies to PRE_VOTE vote request: 41c35b0f-7d09-466e-a425-34196dd2af10<-c6e0d301-09b2-4368-8fbf-181ce26f0a67#0:FAIL-t0. Peer's state: c6e0d301-09b2-4368-8fbf-181ce26f0a67@group-6ECDDACB944F:t0, leader=null, voted=, raftlog=Memoized:c6e0d301-09b2-4368-8fbf-181ce26f0a67@group-6ECDDACB944F-SegmentedRaftLog:OPENED:c-1, conf=-1: peers:[c6e0d301-09b2-4368-8fbf-181ce26f0a67|rpc:10.1.0.52:15138|admin:10.1.0.52:15137|client:10.1.0.52:15136|dataStream:10.1.0.52:15139|priority:1|startupRole:FOLLOWER, 41c35b0f-7d09-466e-a425-34196dd2af10|rpc:10.1.0.52:15120|admin:10.1.0.52:15119|client:10.1.0.52:15118|dataStream:10.1.0.52:15121|priority:0|startupRole:FOLLOWER, b4d41a5a-7f8b-4359-a921-685918a3749b|rpc:10.1.0.52:15129|admin:10.1.0.52:15128|client:10.1.0.52:15127|dataStream:10.1.0.52:15130|priority:0|startupRole:FOLLOWER]|listeners:[], old=null
2023-08-25 11:36:19,513 [41c35b0f-7d09-466e-a425-34196dd2af10@group-6ECDDACB944F-LeaderElection22] INFO  impl.LeaderElection (LeaderElection.java:logAndReturn(90)) - 41c35b0f-7d09-466e-a425-34196dd2af10@group-6ECDDACB944F-LeaderElection22: PRE_VOTE REJECTED received 1 response(s) and 0 exception(s):
2023-08-25 11:36:19,513 [41c35b0f-7d09-466e-a425-34196dd2af10@group-6ECDDACB944F-LeaderElection22] INFO  impl.LeaderElection (LeaderElection.java:logAndReturn(94)) -   Response 0: 41c35b0f-7d09-466e-a425-34196dd2af10<-c6e0d301-09b2-4368-8fbf-181ce26f0a67#0:FAIL-t0
2023-08-25 11:36:19,513 [41c35b0f-7d09-466e-a425-34196dd2af10@group-6ECDDACB944F-LeaderElection22] INFO  impl.LeaderElection (LeaderElection.java:askForVotes(323)) - 41c35b0f-7d09-466e-a425-34196dd2af10@group-6ECDDACB944F-LeaderElection22 PRE_VOTE round 0: result REJECTED
2023-08-25 11:36:19,514 [41c35b0f-7d09-466e-a425-34196dd2af10@group-6ECDDACB944F-LeaderElection22] INFO  server.RaftServer$Division (RaftServerImpl.java:setRole(329)) - 41c35b0f-7d09-466e-a425-34196dd2af10@group-6ECDDACB944F: changes role from CANDIDATE to FOLLOWER at term 0 for REJECTED
2023-08-25 11:36:19,514 [41c35b0f-7d09-466e-a425-34196dd2af10@group-6ECDDACB944F-LeaderElection22] INFO  impl.RoleInfo (RoleInfo.java:shutdownLeaderElection(130)) - 41c35b0f-7d09-466e-a425-34196dd2af10: shutdown 41c35b0f-7d09-466e-a425-34196dd2af10@group-6ECDDACB944F-LeaderElection22
2023-08-25 11:36:19,515 [41c35b0f-7d09-466e-a425-34196dd2af10@group-6ECDDACB944F-LeaderElection22] INFO  impl.RoleInfo (RoleInfo.java:updateAndGet(139)) - 41c35b0f-7d09-466e-a425-34196dd2af10: start 41c35b0f-7d09-466e-a425-34196dd2af10@group-6ECDDACB944F-FollowerState
2023-08-25 11:36:19,514 [grpc-default-executor-1] INFO  server.RaftServer$Division (RaftServerImpl.java:requestVote(1302)) - b4d41a5a-7f8b-4359-a921-685918a3749b@group-6ECDDACB944F: receive requestVote(PRE_VOTE, 41c35b0f-7d09-466e-a425-34196dd2af10, group-6ECDDACB944F, 0, (t:0, i:0))
2023-08-25 11:36:19,516 [grpc-default-executor-1] INFO  impl.VoteContext (VoteContext.java:log(49)) - b4d41a5a-7f8b-4359-a921-685918a3749b@group-6ECDDACB944F-FOLLOWER: accept PRE_VOTE from 41c35b0f-7d09-466e-a425-34196dd2af10: our priority 0 <= candidate's priority 0
2023-08-25 11:36:19,516 [grpc-default-executor-1] INFO  server.RaftServer$Division (RaftServerImpl.java:requestVote(1335)) - b4d41a5a-7f8b-4359-a921-685918a3749b@group-6ECDDACB944F replies to PRE_VOTE vote request: 41c35b0f-7d09-466e-a425-34196dd2af10<-b4d41a5a-7f8b-4359-a921-685918a3749b#0:OK-t0. Peer's state: b4d41a5a-7f8b-4359-a921-685918a3749b@group-6ECDDACB944F:t0, leader=null, voted=, raftlog=Memoized:b4d41a5a-7f8b-4359-a921-685918a3749b@group-6ECDDACB944F-SegmentedRaftLog:OPENED:c-1, conf=-1: peers:[c6e0d301-09b2-4368-8fbf-181ce26f0a67|rpc:10.1.0.52:15138|admin:10.1.0.52:15137|client:10.1.0.52:15136|dataStream:10.1.0.52:15139|priority:1|startupRole:FOLLOWER, 41c35b0f-7d09-466e-a425-34196dd2af10|rpc:10.1.0.52:15120|admin:10.1.0.52:15119|client:10.1.0.52:15118|dataStream:10.1.0.52:15121|priority:0|startupRole:FOLLOWER, b4d41a5a-7f8b-4359-a921-685918a3749b|rpc:10.1.0.52:15129|admin:10.1.0.52:15128|client:10.1.0.52:15127|dataStream:10.1.0.52:15130|priority:0|startupRole:FOLLOWER]|listeners:[], old=null
2023-08-25 11:36:19,586 [b4d41a5a-7f8b-4359-a921-685918a3749b@group-6ECDDACB944F-FollowerState] INFO  server.RaftServerConfigKeys (ConfUtils.java:logFallback(53)) - raft.server.rpc.first-election.timeout.min = 5s (fallback to raft.server.rpc.timeout.min)
2023-08-25 11:36:19,586 [b4d41a5a-7f8b-4359-a921-685918a3749b@group-6ECDDACB944F-FollowerState] INFO  server.RaftServerConfigKeys (ConfUtils.java:logFallback(53)) - raft.server.rpc.first-election.timeout.max = 5200ms (fallback to raft.server.rpc.timeout.max)
2023-08-25 11:36:19,610 [c6e0d301-09b2-4368-8fbf-181ce26f0a67@group-6ECDDACB944F-FollowerState] INFO  impl.FollowerState (FollowerState.java:run(143)) - c6e0d301-09b2-4368-8fbf-181ce26f0a67@group-6ECDDACB944F-FollowerState: change to CANDIDATE, lastRpcElapsedTime:5164852897ns, electionTimeout:5157ms
2023-08-25 11:36:19,611 [c6e0d301-09b2-4368-8fbf-181ce26f0a67@group-6ECDDACB944F-FollowerState] INFO  impl.RoleInfo (RoleInfo.java:shutdownFollowerState(110)) - c6e0d301-09b2-4368-8fbf-181ce26f0a67: shutdown c6e0d301-09b2-4368-8fbf-181ce26f0a67@group-6ECDDACB944F-FollowerState
2023-08-25 11:36:19,611 [c6e0d301-09b2-4368-8fbf-181ce26f0a67@group-6ECDDACB944F-FollowerState] INFO  server.RaftServer$Division (RaftServerImpl.java:setRole(329)) - c6e0d301-09b2-4368-8fbf-181ce26f0a67@group-6ECDDACB944F: changes role from  FOLLOWER to CANDIDATE at term 0 for changeToCandidate
2023-08-25 11:36:19,611 [c6e0d301-09b2-4368-8fbf-181ce26f0a67@group-6ECDDACB944F-FollowerState] INFO  server.RaftServerConfigKeys (ConfUtils.java:logGet(46)) - raft.server.leaderelection.pre-vote = true (default)
2023-08-25 11:36:19,611 [c6e0d301-09b2-4368-8fbf-181ce26f0a67@group-6ECDDACB944F-FollowerState] INFO  impl.RoleInfo (RoleInfo.java:updateAndGet(139)) - c6e0d301-09b2-4368-8fbf-181ce26f0a67: start c6e0d301-09b2-4368-8fbf-181ce26f0a67@group-6ECDDACB944F-LeaderElection23
2023-08-25 11:36:19,612 [c6e0d301-09b2-4368-8fbf-181ce26f0a67@group-6ECDDACB944F-LeaderElection23] INFO  impl.LeaderElection (LeaderElection.java:askForVotes(321)) - c6e0d301-09b2-4368-8fbf-181ce26f0a67@group-6ECDDACB944F-LeaderElection23 PRE_VOTE round 0: submit vote requests at term 0 for -1: peers:[c6e0d301-09b2-4368-8fbf-181ce26f0a67|rpc:10.1.0.52:15138|admin:10.1.0.52:15137|client:10.1.0.52:15136|dataStream:10.1.0.52:15139|priority:1|startupRole:FOLLOWER, 41c35b0f-7d09-466e-a425-34196dd2af10|rpc:10.1.0.52:15120|admin:10.1.0.52:15119|client:10.1.0.52:15118|dataStream:10.1.0.52:15121|priority:0|startupRole:FOLLOWER, b4d41a5a-7f8b-4359-a921-685918a3749b|rpc:10.1.0.52:15129|admin:10.1.0.52:15128|client:10.1.0.52:15127|dataStream:10.1.0.52:15130|priority:0|startupRole:FOLLOWER]|listeners:[], old=null
2023-08-25 11:36:19,613 [c6e0d301-09b2-4368-8fbf-181ce26f0a67@group-6ECDDACB944F-LeaderElection23] INFO  server.RaftServerConfigKeys (ConfUtils.java:logFallback(53)) - raft.server.rpc.first-election.timeout.min = 5s (fallback to raft.server.rpc.timeout.min)
2023-08-25 11:36:19,613 [c6e0d301-09b2-4368-8fbf-181ce26f0a67@group-6ECDDACB944F-LeaderElection23-1] INFO  server.GrpcServerProtocolClient (GrpcServerProtocolClient.java:<init>(65)) - Build channel for 41c35b0f-7d09-466e-a425-34196dd2af10
2023-08-25 11:36:19,613 [c6e0d301-09b2-4368-8fbf-181ce26f0a67@group-6ECDDACB944F-LeaderElection23-2] INFO  server.GrpcServerProtocolClient (GrpcServerProtocolClient.java:<init>(65)) - Build channel for b4d41a5a-7f8b-4359-a921-685918a3749b
2023-08-25 11:36:19,613 [c6e0d301-09b2-4368-8fbf-181ce26f0a67@group-6ECDDACB944F-LeaderElection23] INFO  server.RaftServerConfigKeys (ConfUtils.java:logFallback(53)) - raft.server.rpc.first-election.timeout.max = 5200ms (fallback to raft.server.rpc.timeout.max)
2023-08-25 11:36:19,626 [grpc-default-executor-1] INFO  server.RaftServer$Division (RaftServerImpl.java:requestVote(1302)) - 41c35b0f-7d09-466e-a425-34196dd2af10@group-6ECDDACB944F: receive requestVote(PRE_VOTE, c6e0d301-09b2-4368-8fbf-181ce26f0a67, group-6ECDDACB944F, 0, (t:0, i:0))
2023-08-25 11:36:19,626 [grpc-default-executor-1] INFO  impl.VoteContext (VoteContext.java:log(49)) - 41c35b0f-7d09-466e-a425-34196dd2af10@group-6ECDDACB944F-FOLLOWER: accept PRE_VOTE from c6e0d301-09b2-4368-8fbf-181ce26f0a67: our priority 0 <= candidate's priority 1
2023-08-25 11:36:19,627 [grpc-default-executor-1] INFO  server.RaftServer$Division (RaftServerImpl.java:requestVote(1335)) - 41c35b0f-7d09-466e-a425-34196dd2af10@group-6ECDDACB944F replies to PRE_VOTE vote request: c6e0d301-09b2-4368-8fbf-181ce26f0a67<-41c35b0f-7d09-466e-a425-34196dd2af10#0:OK-t0. Peer's state: 41c35b0f-7d09-466e-a425-34196dd2af10@group-6ECDDACB944F:t0, leader=null, voted=, raftlog=Memoized:41c35b0f-7d09-466e-a425-34196dd2af10@group-6ECDDACB944F-SegmentedRaftLog:OPENED:c-1, conf=-1: peers:[c6e0d301-09b2-4368-8fbf-181ce26f0a67|rpc:10.1.0.52:15138|admin:10.1.0.52:15137|client:10.1.0.52:15136|dataStream:10.1.0.52:15139|priority:1|startupRole:FOLLOWER, 41c35b0f-7d09-466e-a425-34196dd2af10|rpc:10.1.0.52:15120|admin:10.1.0.52:15119|client:10.1.0.52:15118|dataStream:10.1.0.52:15121|priority:0|startupRole:FOLLOWER, b4d41a5a-7f8b-4359-a921-685918a3749b|rpc:10.1.0.52:15129|admin:10.1.0.52:15128|client:10.1.0.52:15127|dataStream:10.1.0.52:15130|priority:0|startupRole:FOLLOWER]|listeners:[], old=null
2023-08-25 11:36:19,629 [c6e0d301-09b2-4368-8fbf-181ce26f0a67@group-6ECDDACB944F-LeaderElection23] INFO  impl.LeaderElection (LeaderElection.java:logAndReturn(90)) - c6e0d301-09b2-4368-8fbf-181ce26f0a67@group-6ECDDACB944F-LeaderElection23: PRE_VOTE PASSED received 1 response(s) and 0 exception(s):
2023-08-25 11:36:19,629 [c6e0d301-09b2-4368-8fbf-181ce26f0a67@group-6ECDDACB944F-LeaderElection23] INFO  impl.LeaderElection (LeaderElection.java:logAndReturn(94)) -   Response 0: c6e0d301-09b2-4368-8fbf-181ce26f0a67<-41c35b0f-7d09-466e-a425-34196dd2af10#0:OK-t0
2023-08-25 11:36:19,629 [c6e0d301-09b2-4368-8fbf-181ce26f0a67@group-6ECDDACB944F-LeaderElection23] INFO  impl.LeaderElection (LeaderElection.java:askForVotes(323)) - c6e0d301-09b2-4368-8fbf-181ce26f0a67@group-6ECDDACB944F-LeaderElection23 PRE_VOTE round 0: result PASSED
2023-08-25 11:36:19,631 [c6e0d301-09b2-4368-8fbf-181ce26f0a67@group-6ECDDACB944F-LeaderElection23] INFO  impl.LeaderElection (LeaderElection.java:askForVotes(321)) - c6e0d301-09b2-4368-8fbf-181ce26f0a67@group-6ECDDACB944F-LeaderElection23 ELECTION round 0: submit vote requests at term 1 for -1: peers:[c6e0d301-09b2-4368-8fbf-181ce26f0a67|rpc:10.1.0.52:15138|admin:10.1.0.52:15137|client:10.1.0.52:15136|dataStream:10.1.0.52:15139|priority:1|startupRole:FOLLOWER, 41c35b0f-7d09-466e-a425-34196dd2af10|rpc:10.1.0.52:15120|admin:10.1.0.52:15119|client:10.1.0.52:15118|dataStream:10.1.0.52:15121|priority:0|startupRole:FOLLOWER, b4d41a5a-7f8b-4359-a921-685918a3749b|rpc:10.1.0.52:15129|admin:10.1.0.52:15128|client:10.1.0.52:15127|dataStream:10.1.0.52:15130|priority:0|startupRole:FOLLOWER]|listeners:[], old=null
2023-08-25 11:36:19,633 [grpc-default-executor-1] INFO  server.RaftServer$Division (RaftServerImpl.java:requestVote(1302)) - b4d41a5a-7f8b-4359-a921-685918a3749b@group-6ECDDACB944F: receive requestVote(PRE_VOTE, c6e0d301-09b2-4368-8fbf-181ce26f0a67, group-6ECDDACB944F, 0, (t:0, i:0))
2023-08-25 11:36:19,633 [grpc-default-executor-1] INFO  impl.VoteContext (VoteContext.java:log(49)) - b4d41a5a-7f8b-4359-a921-685918a3749b@group-6ECDDACB944F-FOLLOWER: accept PRE_VOTE from c6e0d301-09b2-4368-8fbf-181ce26f0a67: our priority 0 <= candidate's priority 1
2023-08-25 11:36:19,633 [grpc-default-executor-1] INFO  server.RaftServer$Division (RaftServerImpl.java:requestVote(1335)) - b4d41a5a-7f8b-4359-a921-685918a3749b@group-6ECDDACB944F replies to PRE_VOTE vote request: c6e0d301-09b2-4368-8fbf-181ce26f0a67<-b4d41a5a-7f8b-4359-a921-685918a3749b#0:OK-t0. Peer's state: b4d41a5a-7f8b-4359-a921-685918a3749b@group-6ECDDACB944F:t0, leader=null, voted=, raftlog=Memoized:b4d41a5a-7f8b-4359-a921-685918a3749b@group-6ECDDACB944F-SegmentedRaftLog:OPENED:c-1, conf=-1: peers:[c6e0d301-09b2-4368-8fbf-181ce26f0a67|rpc:10.1.0.52:15138|admin:10.1.0.52:15137|client:10.1.0.52:15136|dataStream:10.1.0.52:15139|priority:1|startupRole:FOLLOWER, 41c35b0f-7d09-466e-a425-34196dd2af10|rpc:10.1.0.52:15120|admin:10.1.0.52:15119|client:10.1.0.52:15118|dataStream:10.1.0.52:15121|priority:0|startupRole:FOLLOWER, b4d41a5a-7f8b-4359-a921-685918a3749b|rpc:10.1.0.52:15129|admin:10.1.0.52:15128|client:10.1.0.52:15127|dataStream:10.1.0.52:15130|priority:0|startupRole:FOLLOWER]|listeners:[], old=null
2023-08-25 11:36:19,637 [c6e0d301-09b2-4368-8fbf-181ce26f0a67@group-6ECDDACB944F-LeaderElection23] INFO  server.RaftServerConfigKeys (ConfUtils.java:logFallback(53)) - raft.server.rpc.first-election.timeout.min = 5s (fallback to raft.server.rpc.timeout.min)
2023-08-25 11:36:19,638 [grpc-default-executor-1] INFO  server.RaftServer$Division (RaftServerImpl.java:requestVote(1302)) - 41c35b0f-7d09-466e-a425-34196dd2af10@group-6ECDDACB944F: receive requestVote(ELECTION, c6e0d301-09b2-4368-8fbf-181ce26f0a67, group-6ECDDACB944F, 1, (t:0, i:0))
2023-08-25 11:36:19,638 [c6e0d301-09b2-4368-8fbf-181ce26f0a67@group-6ECDDACB944F-LeaderElection23] INFO  server.RaftServerConfigKeys (ConfUtils.java:logFallback(53)) - raft.server.rpc.first-election.timeout.max = 5200ms (fallback to raft.server.rpc.timeout.max)
2023-08-25 11:36:19,638 [grpc-default-executor-1] INFO  impl.VoteContext (VoteContext.java:log(49)) - 41c35b0f-7d09-466e-a425-34196dd2af10@group-6ECDDACB944F-FOLLOWER: accept ELECTION from c6e0d301-09b2-4368-8fbf-181ce26f0a67: our priority 0 <= candidate's priority 1
2023-08-25 11:36:19,638 [grpc-default-executor-1] INFO  server.RaftServer$Division (RaftServerImpl.java:setRole(329)) - 41c35b0f-7d09-466e-a425-34196dd2af10@group-6ECDDACB944F: changes role from  FOLLOWER to FOLLOWER at term 1 for candidate:c6e0d301-09b2-4368-8fbf-181ce26f0a67
2023-08-25 11:36:19,638 [grpc-default-executor-1] INFO  impl.RoleInfo (RoleInfo.java:shutdownFollowerState(110)) - 41c35b0f-7d09-466e-a425-34196dd2af10: shutdown 41c35b0f-7d09-466e-a425-34196dd2af10@group-6ECDDACB944F-FollowerState
2023-08-25 11:36:19,638 [grpc-default-executor-1] INFO  impl.RoleInfo (RoleInfo.java:updateAndGet(139)) - 41c35b0f-7d09-466e-a425-34196dd2af10: start 41c35b0f-7d09-466e-a425-34196dd2af10@group-6ECDDACB944F-FollowerState
2023-08-25 11:36:19,638 [41c35b0f-7d09-466e-a425-34196dd2af10@group-6ECDDACB944F-FollowerState] INFO  impl.FollowerState (FollowerState.java:run(152)) - 41c35b0f-7d09-466e-a425-34196dd2af10@group-6ECDDACB944F-FollowerState was interrupted
2023-08-25 11:36:19,647 [grpc-default-executor-1] INFO  server.RaftServer$Division (RaftServerImpl.java:requestVote(1335)) - 41c35b0f-7d09-466e-a425-34196dd2af10@group-6ECDDACB944F replies to ELECTION vote request: c6e0d301-09b2-4368-8fbf-181ce26f0a67<-41c35b0f-7d09-466e-a425-34196dd2af10#0:OK-t1. Peer's state: 41c35b0f-7d09-466e-a425-34196dd2af10@group-6ECDDACB944F:t1, leader=null, voted=c6e0d301-09b2-4368-8fbf-181ce26f0a67, raftlog=Memoized:41c35b0f-7d09-466e-a425-34196dd2af10@group-6ECDDACB944F-SegmentedRaftLog:OPENED:c-1, conf=-1: peers:[c6e0d301-09b2-4368-8fbf-181ce26f0a67|rpc:10.1.0.52:15138|admin:10.1.0.52:15137|client:10.1.0.52:15136|dataStream:10.1.0.52:15139|priority:1|startupRole:FOLLOWER, 41c35b0f-7d09-466e-a425-34196dd2af10|rpc:10.1.0.52:15120|admin:10.1.0.52:15119|client:10.1.0.52:15118|dataStream:10.1.0.52:15121|priority:0|startupRole:FOLLOWER, b4d41a5a-7f8b-4359-a921-685918a3749b|rpc:10.1.0.52:15129|admin:10.1.0.52:15128|client:10.1.0.52:15127|dataStream:10.1.0.52:15130|priority:0|startupRole:FOLLOWER]|listeners:[], old=null
2023-08-25 11:36:19,648 [c6e0d301-09b2-4368-8fbf-181ce26f0a67@group-6ECDDACB944F-LeaderElection23] INFO  impl.LeaderElection (LeaderElection.java:logAndReturn(90)) - c6e0d301-09b2-4368-8fbf-181ce26f0a67@group-6ECDDACB944F-LeaderElection23: ELECTION PASSED received 1 response(s) and 0 exception(s):
2023-08-25 11:36:19,648 [c6e0d301-09b2-4368-8fbf-181ce26f0a67@group-6ECDDACB944F-LeaderElection23] INFO  impl.LeaderElection (LeaderElection.java:logAndReturn(94)) -   Response 0: c6e0d301-09b2-4368-8fbf-181ce26f0a67<-41c35b0f-7d09-466e-a425-34196dd2af10#0:OK-t1
2023-08-25 11:36:19,648 [c6e0d301-09b2-4368-8fbf-181ce26f0a67@group-6ECDDACB944F-LeaderElection23] INFO  impl.LeaderElection (LeaderElection.java:askForVotes(323)) - c6e0d301-09b2-4368-8fbf-181ce26f0a67@group-6ECDDACB944F-LeaderElection23 ELECTION round 0: result PASSED
2023-08-25 11:36:19,648 [c6e0d301-09b2-4368-8fbf-181ce26f0a67@group-6ECDDACB944F-LeaderElection23] INFO  impl.RoleInfo (RoleInfo.java:shutdownLeaderElection(130)) - c6e0d301-09b2-4368-8fbf-181ce26f0a67: shutdown c6e0d301-09b2-4368-8fbf-181ce26f0a67@group-6ECDDACB944F-LeaderElection23
2023-08-25 11:36:19,650 [c6e0d301-09b2-4368-8fbf-181ce26f0a67@group-6ECDDACB944F-LeaderElection23] INFO  server.RaftServer$Division (RaftServerImpl.java:setRole(329)) - c6e0d301-09b2-4368-8fbf-181ce26f0a67@group-6ECDDACB944F: changes role from CANDIDATE to LEADER at term 1 for changeToLeader
2023-08-25 11:36:19,650 [c6e0d301-09b2-4368-8fbf-181ce26f0a67@group-6ECDDACB944F-LeaderElection23] INFO  ratis.XceiverServerRatis (XceiverServerRatis.java:handleLeaderChangedNotification(902)) - Leader change notification received for group: group-6ECDDACB944F with new leaderId: c6e0d301-09b2-4368-8fbf-181ce26f0a67
2023-08-25 11:36:19,650 [c6e0d301-09b2-4368-8fbf-181ce26f0a67@group-6ECDDACB944F-LeaderElection23] INFO  server.RaftServer$Division (ServerState.java:setLeader(317)) - c6e0d301-09b2-4368-8fbf-181ce26f0a67@group-6ECDDACB944F: change Leader from null to c6e0d301-09b2-4368-8fbf-181ce26f0a67 at term 1 for becomeLeader, leader elected after 5230ms
2023-08-25 11:36:19,650 [c6e0d301-09b2-4368-8fbf-181ce26f0a67@group-6ECDDACB944F-LeaderElection23] INFO  server.RaftServerConfigKeys (ConfUtils.java:logGet(46)) - raft.server.staging.catchup.gap = 1000 (default)
2023-08-25 11:36:19,650 [c6e0d301-09b2-4368-8fbf-181ce26f0a67@group-6ECDDACB944F-LeaderElection23] INFO  server.RaftServerConfigKeys (ConfUtils.java:logGet(46)) - raft.server.write.element-limit = 1024 (custom)
2023-08-25 11:36:19,650 [c6e0d301-09b2-4368-8fbf-181ce26f0a67@group-6ECDDACB944F-LeaderElection23] INFO  server.RaftServerConfigKeys (ConfUtils.java:logGet(46)) - raft.server.write.byte-limit = 1024 M (=1073741824) (custom)
2023-08-25 11:36:19,650 [grpc-default-executor-0] INFO  server.RaftServer$Division (RaftServerImpl.java:requestVote(1302)) - b4d41a5a-7f8b-4359-a921-685918a3749b@group-6ECDDACB944F: receive requestVote(ELECTION, c6e0d301-09b2-4368-8fbf-181ce26f0a67, group-6ECDDACB944F, 1, (t:0, i:0))
2023-08-25 11:36:19,651 [grpc-default-executor-0] INFO  impl.VoteContext (VoteContext.java:log(49)) - b4d41a5a-7f8b-4359-a921-685918a3749b@group-6ECDDACB944F-FOLLOWER: accept ELECTION from c6e0d301-09b2-4368-8fbf-181ce26f0a67: our priority 0 <= candidate's priority 1
2023-08-25 11:36:19,651 [grpc-default-executor-0] INFO  server.RaftServer$Division (RaftServerImpl.java:setRole(329)) - b4d41a5a-7f8b-4359-a921-685918a3749b@group-6ECDDACB944F: changes role from  FOLLOWER to FOLLOWER at term 1 for candidate:c6e0d301-09b2-4368-8fbf-181ce26f0a67
2023-08-25 11:36:19,651 [grpc-default-executor-0] INFO  impl.RoleInfo (RoleInfo.java:shutdownFollowerState(110)) - b4d41a5a-7f8b-4359-a921-685918a3749b: shutdown b4d41a5a-7f8b-4359-a921-685918a3749b@group-6ECDDACB944F-FollowerState
2023-08-25 11:36:19,651 [grpc-default-executor-0] INFO  impl.RoleInfo (RoleInfo.java:updateAndGet(139)) - b4d41a5a-7f8b-4359-a921-685918a3749b: start b4d41a5a-7f8b-4359-a921-685918a3749b@group-6ECDDACB944F-FollowerState
2023-08-25 11:36:19,651 [b4d41a5a-7f8b-4359-a921-685918a3749b@group-6ECDDACB944F-FollowerState] INFO  impl.FollowerState (FollowerState.java:run(152)) - b4d41a5a-7f8b-4359-a921-685918a3749b@group-6ECDDACB944F-FollowerState was interrupted
2023-08-25 11:36:19,652 [EventQueue-PipelineReportForPipelineReportHandler] INFO  pipeline.PipelineReportHandler (PipelineReportHandler.java:processPipelineReport(136)) - Opened pipeline PipelineID=8d62c634-b253-40da-84de-6ecddacb944f
2023-08-25 11:36:19,654 [grpc-default-executor-0] INFO  server.RaftServer$Division (RaftServerImpl.java:requestVote(1335)) - b4d41a5a-7f8b-4359-a921-685918a3749b@group-6ECDDACB944F replies to ELECTION vote request: c6e0d301-09b2-4368-8fbf-181ce26f0a67<-b4d41a5a-7f8b-4359-a921-685918a3749b#0:OK-t1. Peer's state: b4d41a5a-7f8b-4359-a921-685918a3749b@group-6ECDDACB944F:t1, leader=null, voted=c6e0d301-09b2-4368-8fbf-181ce26f0a67, raftlog=Memoized:b4d41a5a-7f8b-4359-a921-685918a3749b@group-6ECDDACB944F-SegmentedRaftLog:OPENED:c-1, conf=-1: peers:[c6e0d301-09b2-4368-8fbf-181ce26f0a67|rpc:10.1.0.52:15138|admin:10.1.0.52:15137|client:10.1.0.52:15136|dataStream:10.1.0.52:15139|priority:1|startupRole:FOLLOWER, 41c35b0f-7d09-466e-a425-34196dd2af10|rpc:10.1.0.52:15120|admin:10.1.0.52:15119|client:10.1.0.52:15118|dataStream:10.1.0.52:15121|priority:0|startupRole:FOLLOWER, b4d41a5a-7f8b-4359-a921-685918a3749b|rpc:10.1.0.52:15129|admin:10.1.0.52:15128|client:10.1.0.52:15127|dataStream:10.1.0.52:15130|priority:0|startupRole:FOLLOWER]|listeners:[], old=null
2023-08-25 11:36:19,655 [c6e0d301-09b2-4368-8fbf-181ce26f0a67@group-6ECDDACB944F-LeaderElection23] INFO  server.RaftServerConfigKeys (ConfUtils.java:logGet(46)) - raft.server.watch.timeout = 180s (custom)
2023-08-25 11:36:19,655 [c6e0d301-09b2-4368-8fbf-181ce26f0a67@group-6ECDDACB944F-LeaderElection23] INFO  server.RaftServerConfigKeys (ConfUtils.java:logGet(46)) - raft.server.watch.timeout.denomination = 1s (default)
2023-08-25 11:36:19,655 [c6e0d301-09b2-4368-8fbf-181ce26f0a67@group-6ECDDACB944F-LeaderElection23] INFO  server.RaftServerConfigKeys (ConfUtils.java:logGet(46)) - raft.server.watch.element-limit = 65536 (default)
2023-08-25 11:36:19,655 [c6e0d301-09b2-4368-8fbf-181ce26f0a67@group-6ECDDACB944F-LeaderElection23] INFO  server.RaftServerConfigKeys (ConfUtils.java:logGet(46)) - raft.server.write.element-limit = 1024 (custom)
2023-08-25 11:36:19,655 [c6e0d301-09b2-4368-8fbf-181ce26f0a67@group-6ECDDACB944F-LeaderElection23] INFO  server.RaftServerConfigKeys (ConfUtils.java:logGet(46)) - raft.server.write.follower.gap.ratio.max = -1.0 (default)
2023-08-25 11:36:19,655 [EventQueue-OpenPipelineForHealthyPipelineSafeModeRule] INFO  safemode.SCMSafeModeManager (HealthyPipelineSafeModeRule.java:process(137)) - SCM in safe mode. Healthy pipelines reported count is 1, required healthy pipeline reported count is 1
2023-08-25 11:36:19,655 [EventQueue-OpenPipelineForHealthyPipelineSafeModeRule] INFO  safemode.SCMSafeModeManager (SCMSafeModeManager.java:validateSafeModeExitRules(200)) - HealthyPipelineSafeModeRule rule is successfully validated
2023-08-25 11:36:19,655 [EventQueue-OpenPipelineForHealthyPipelineSafeModeRule] INFO  safemode.SCMSafeModeManager (SCMSafeModeManager.java:validateSafeModeExitRules(215)) - ScmSafeModeManager, all rules are successfully validated
2023-08-25 11:36:19,655 [EventQueue-OpenPipelineForHealthyPipelineSafeModeRule] INFO  safemode.SCMSafeModeManager (SCMSafeModeManager.java:exitSafeMode(244)) - SCM exiting safe mode.
2023-08-25 11:36:19,655 [EventQueue-OpenPipelineForHealthyPipelineSafeModeRule] INFO  ha.SCMContext (SCMContext.java:updateSafeModeStatus(228)) - Update SafeModeStatus from SafeModeStatus{safeModeStatus=true, preCheckPassed=true} to SafeModeStatus{safeModeStatus=false, preCheckPassed=true}.
2023-08-25 11:36:19,656 [EventQueue-OpenPipelineForHealthyPipelineSafeModeRule] INFO  pipeline.BackgroundPipelineCreator (BackgroundPipelineCreator.java:notifyStatusChanged(255)) - Service BackgroundPipelineCreator transitions to RUNNING.
2023-08-25 11:36:19,656 [c6e0d301-09b2-4368-8fbf-181ce26f0a67@group-6ECDDACB944F-LeaderElection23] INFO  server.RaftServerConfigKeys (ConfUtils.java:logGet(46)) - raft.server.log.appender.snapshot.chunk.size.max = 16MB (=16777216) (default)
2023-08-25 11:36:19,656 [EventQueue-OpenPipelineForHealthyPipelineSafeModeRule] INFO  BackgroundPipelineScrubber (BackgroundSCMService.java:notifyStatusChanged(82)) - Service BackgroundPipelineScrubber transitions to RUNNING.
2023-08-25 11:36:19,656 [c6e0d301-09b2-4368-8fbf-181ce26f0a67@group-6ECDDACB944F-LeaderElection23] INFO  server.RaftServerConfigKeys (ConfUtils.java:logGet(46)) - raft.server.log.appender.buffer.byte-limit = 33554432 (custom)
2023-08-25 11:36:19,656 [EventQueue-OpenPipelineForHealthyPipelineSafeModeRule] INFO  ExpiredContainerReplicaOpScrubber (BackgroundSCMService.java:notifyStatusChanged(82)) - Service ExpiredContainerReplicaOpScrubber transitions to RUNNING.
2023-08-25 11:36:19,656 [EventQueue-OpenPipelineForHealthyPipelineSafeModeRule] INFO  replication.ReplicationManager (ReplicationManager.java:notifyStatusChanged(1370)) - Service ReplicationManager transitions to RUNNING.
2023-08-25 11:36:19,656 [EventQueue-OpenPipelineForHealthyPipelineSafeModeRule] WARN  balancer.ContainerBalancer (ContainerBalancer.java:shouldRun(134)) - Could not find persisted configuration for ContainerBalancer when checking if ContainerBalancer should run. ContainerBalancer should not run now.
2023-08-25 11:36:19,656 [c6e0d301-09b2-4368-8fbf-181ce26f0a67@group-6ECDDACB944F-LeaderElection23] INFO  server.RaftServerConfigKeys (ConfUtils.java:logGet(46)) - raft.server.log.appender.buffer.element-limit = 1 (custom)
2023-08-25 11:36:19,662 [c6e0d301-09b2-4368-8fbf-181ce26f0a67@group-6ECDDACB944F-LeaderElection23] INFO  server.RaftServerConfigKeys (ConfUtils.java:logGet(46)) - raft.server.log.appender.wait-time.min = 10ms (default)
2023-08-25 11:36:19,662 [c6e0d301-09b2-4368-8fbf-181ce26f0a67@group-6ECDDACB944F-LeaderElection23] INFO  grpc.GrpcConfigKeys (ConfUtils.java:logGet(46)) - raft.grpc.server.leader.outstanding.appends.max = 128 (default)
2023-08-25 11:36:19,662 [c6e0d301-09b2-4368-8fbf-181ce26f0a67@group-6ECDDACB944F-LeaderElection23] INFO  server.RaftServerConfigKeys (ConfUtils.java:logGet(46)) - raft.server.rpc.request.timeout = 60s (custom)
2023-08-25 11:36:19,662 [c6e0d301-09b2-4368-8fbf-181ce26f0a67@group-6ECDDACB944F-LeaderElection23] INFO  grpc.GrpcConfigKeys (ConfUtils.java:logGet(46)) - raft.grpc.server.install_snapshot.request.element-limit = 8 (default)
2023-08-25 11:36:19,662 [c6e0d301-09b2-4368-8fbf-181ce26f0a67@group-6ECDDACB944F-LeaderElection23] INFO  grpc.GrpcConfigKeys (ConfUtils.java:logGet(46)) - raft.grpc.server.install_snapshot.request.timeout = 3000ms (default)
2023-08-25 11:36:19,662 [c6e0d301-09b2-4368-8fbf-181ce26f0a67@group-6ECDDACB944F-LeaderElection23] INFO  server.RaftServerConfigKeys (ConfUtils.java:logGet(46)) - raft.server.log.appender.install.snapshot.enabled = false (custom)
2023-08-25 11:36:19,662 [c6e0d301-09b2-4368-8fbf-181ce26f0a67@group-6ECDDACB944F-LeaderElection23] INFO  grpc.GrpcConfigKeys (ConfUtils.java:logGet(46)) - raft.grpc.server.heartbeat.channel = true (default)
2023-08-25 11:36:19,663 [c6e0d301-09b2-4368-8fbf-181ce26f0a67@group-6ECDDACB944F-LeaderElection23] INFO  server.RaftServerConfigKeys (ConfUtils.java:logGet(46)) - raft.server.log.appender.snapshot.chunk.size.max = 16MB (=16777216) (default)
2023-08-25 11:36:19,663 [c6e0d301-09b2-4368-8fbf-181ce26f0a67@group-6ECDDACB944F-LeaderElection23] INFO  server.RaftServerConfigKeys (ConfUtils.java:logGet(46)) - raft.server.log.appender.buffer.byte-limit = 33554432 (custom)
2023-08-25 11:36:19,663 [c6e0d301-09b2-4368-8fbf-181ce26f0a67@group-6ECDDACB944F-LeaderElection23] INFO  server.RaftServerConfigKeys (ConfUtils.java:logGet(46)) - raft.server.log.appender.buffer.element-limit = 1 (custom)
2023-08-25 11:36:19,663 [c6e0d301-09b2-4368-8fbf-181ce26f0a67@group-6ECDDACB944F-LeaderElection23] INFO  server.RaftServerConfigKeys (ConfUtils.java:logGet(46)) - raft.server.log.appender.wait-time.min = 10ms (default)
2023-08-25 11:36:19,663 [c6e0d301-09b2-4368-8fbf-181ce26f0a67@group-6ECDDACB944F-LeaderElection23] INFO  grpc.GrpcConfigKeys (ConfUtils.java:logGet(46)) - raft.grpc.server.leader.outstanding.appends.max = 128 (default)
2023-08-25 11:36:19,663 [c6e0d301-09b2-4368-8fbf-181ce26f0a67@group-6ECDDACB944F-LeaderElection23] INFO  server.RaftServerConfigKeys (ConfUtils.java:logGet(46)) - raft.server.rpc.request.timeout = 60s (custom)
2023-08-25 11:36:19,663 [c6e0d301-09b2-4368-8fbf-181ce26f0a67@group-6ECDDACB944F-LeaderElection23] INFO  grpc.GrpcConfigKeys (ConfUtils.java:logGet(46)) - raft.grpc.server.install_snapshot.request.element-limit = 8 (default)
2023-08-25 11:36:19,669 [c6e0d301-09b2-4368-8fbf-181ce26f0a67@group-6ECDDACB944F-LeaderElection23] INFO  grpc.GrpcConfigKeys (ConfUtils.java:logGet(46)) - raft.grpc.server.install_snapshot.request.timeout = 3000ms (default)
2023-08-25 11:36:19,669 [c6e0d301-09b2-4368-8fbf-181ce26f0a67@group-6ECDDACB944F-LeaderElection23] INFO  server.RaftServerConfigKeys (ConfUtils.java:logGet(46)) - raft.server.log.appender.install.snapshot.enabled = false (custom)
2023-08-25 11:36:19,669 [c6e0d301-09b2-4368-8fbf-181ce26f0a67@group-6ECDDACB944F-LeaderElection23] INFO  grpc.GrpcConfigKeys (ConfUtils.java:logGet(46)) - raft.grpc.server.heartbeat.channel = true (default)
2023-08-25 11:36:19,670 [c6e0d301-09b2-4368-8fbf-181ce26f0a67@group-6ECDDACB944F-LeaderElection23] INFO  impl.RoleInfo (RoleInfo.java:updateAndGet(139)) - c6e0d301-09b2-4368-8fbf-181ce26f0a67: start c6e0d301-09b2-4368-8fbf-181ce26f0a67@group-6ECDDACB944F-LeaderStateImpl
2023-08-25 11:36:19,670 [c6e0d301-09b2-4368-8fbf-181ce26f0a67@group-6ECDDACB944F-LeaderElection23] INFO  segmented.SegmentedRaftLogWorker (SegmentedRaftLogWorker.java:startLogSegment(447)) - c6e0d301-09b2-4368-8fbf-181ce26f0a67@group-6ECDDACB944F-SegmentedRaftLogWorker: Starting segment from index:0
2023-08-25 11:36:19,673 [c6e0d301-09b2-4368-8fbf-181ce26f0a67@group-6ECDDACB944F-SegmentedRaftLogWorker] INFO  segmented.SegmentedRaftLogWorker (SegmentedRaftLogWorker.java:execute(651)) - c6e0d301-09b2-4368-8fbf-181ce26f0a67@group-6ECDDACB944F-SegmentedRaftLogWorker: created new log segment /home/runner/work/ozone/ozone/hadoop-ozone/integration-test/target/test-dir/MiniOzoneClusterImpl-9e80f0e6-d3ce-4c33-b1a3-32fa2c9dea98/datanode-2/data/ratis/8d62c634-b253-40da-84de-6ecddacb944f/current/log_inprogress_0
2023-08-25 11:36:19,678 [c6e0d301-09b2-4368-8fbf-181ce26f0a67@group-6ECDDACB944F-LeaderElection23] INFO  server.RaftServer$Division (ServerState.java:setRaftConf(434)) - c6e0d301-09b2-4368-8fbf-181ce26f0a67@group-6ECDDACB944F: set configuration 0: peers:[c6e0d301-09b2-4368-8fbf-181ce26f0a67|rpc:10.1.0.52:15138|admin:10.1.0.52:15137|client:10.1.0.52:15136|dataStream:10.1.0.52:15139|priority:1|startupRole:FOLLOWER, 41c35b0f-7d09-466e-a425-34196dd2af10|rpc:10.1.0.52:15120|admin:10.1.0.52:15119|client:10.1.0.52:15118|dataStream:10.1.0.52:15121|priority:0|startupRole:FOLLOWER, b4d41a5a-7f8b-4359-a921-685918a3749b|rpc:10.1.0.52:15129|admin:10.1.0.52:15128|client:10.1.0.52:15127|dataStream:10.1.0.52:15130|priority:0|startupRole:FOLLOWER]|listeners:[], old=null
2023-08-25 11:36:19,695 [c6e0d301-09b2-4368-8fbf-181ce26f0a67@group-F80FA185A2BB-FollowerState] INFO  impl.FollowerState (FollowerState.java:run(143)) - c6e0d301-09b2-4368-8fbf-181ce26f0a67@group-F80FA185A2BB-FollowerState: change to CANDIDATE, lastRpcElapsedTime:5037772828ns, electionTimeout:5031ms
2023-08-25 11:36:19,695 [c6e0d301-09b2-4368-8fbf-181ce26f0a67@group-F80FA185A2BB-FollowerState] INFO  impl.RoleInfo (RoleInfo.java:shutdownFollowerState(110)) - c6e0d301-09b2-4368-8fbf-181ce26f0a67: shutdown c6e0d301-09b2-4368-8fbf-181ce26f0a67@group-F80FA185A2BB-FollowerState
2023-08-25 11:36:19,695 [c6e0d301-09b2-4368-8fbf-181ce26f0a67@group-F80FA185A2BB-FollowerState] INFO  server.RaftServer$Division (RaftServerImpl.java:setRole(329)) - c6e0d301-09b2-4368-8fbf-181ce26f0a67@group-F80FA185A2BB: changes role from  FOLLOWER to CANDIDATE at term 0 for changeToCandidate
2023-08-25 11:36:19,695 [c6e0d301-09b2-4368-8fbf-181ce26f0a67@group-F80FA185A2BB-FollowerState] INFO  server.RaftServerConfigKeys (ConfUtils.java:logGet(46)) - raft.server.leaderelection.pre-vote = true (default)
2023-08-25 11:36:19,695 [c6e0d301-09b2-4368-8fbf-181ce26f0a67@group-F80FA185A2BB-FollowerState] INFO  impl.RoleInfo (RoleInfo.java:updateAndGet(139)) - c6e0d301-09b2-4368-8fbf-181ce26f0a67: start c6e0d301-09b2-4368-8fbf-181ce26f0a67@group-F80FA185A2BB-LeaderElection24
2023-08-25 11:36:19,696 [41c35b0f-7d09-466e-a425-34196dd2af10-server-thread1] INFO  ratis.XceiverServerRatis (XceiverServerRatis.java:handleLeaderChangedNotification(902)) - Leader change notification received for group: group-6ECDDACB944F with new leaderId: c6e0d301-09b2-4368-8fbf-181ce26f0a67
2023-08-25 11:36:19,696 [41c35b0f-7d09-466e-a425-34196dd2af10-server-thread1] INFO  server.RaftServer$Division (ServerState.java:setLeader(317)) - 41c35b0f-7d09-466e-a425-34196dd2af10@group-6ECDDACB944F: change Leader from null to c6e0d301-09b2-4368-8fbf-181ce26f0a67 at term 1 for appendEntries, leader elected after 5335ms
2023-08-25 11:36:19,708 [c6e0d301-09b2-4368-8fbf-181ce26f0a67@group-F80FA185A2BB-LeaderElection24] INFO  impl.LeaderElection (LeaderElection.java:askForVotes(321)) - c6e0d301-09b2-4368-8fbf-181ce26f0a67@group-F80FA185A2BB-LeaderElection24 PRE_VOTE round 0: submit vote requests at term 0 for -1: peers:[c6e0d301-09b2-4368-8fbf-181ce26f0a67|rpc:10.1.0.52:15138|admin:10.1.0.52:15137|client:10.1.0.52:15136|dataStream:10.1.0.52:15139|priority:0|startupRole:FOLLOWER, 41c35b0f-7d09-466e-a425-34196dd2af10|rpc:10.1.0.52:15120|admin:10.1.0.52:15119|client:10.1.0.52:15118|dataStream:10.1.0.52:15121|priority:1|startupRole:FOLLOWER, b4d41a5a-7f8b-4359-a921-685918a3749b|rpc:10.1.0.52:15129|admin:10.1.0.52:15128|client:10.1.0.52:15127|dataStream:10.1.0.52:15130|priority:0|startupRole:FOLLOWER]|listeners:[], old=null
2023-08-25 11:36:19,708 [41c35b0f-7d09-466e-a425-34196dd2af10-server-thread3] INFO  server.RaftServer$Division (ServerState.java:setRaftConf(434)) - 41c35b0f-7d09-466e-a425-34196dd2af10@group-6ECDDACB944F: set configuration 0: peers:[c6e0d301-09b2-4368-8fbf-181ce26f0a67|rpc:10.1.0.52:15138|admin:10.1.0.52:15137|client:10.1.0.52:15136|dataStream:10.1.0.52:15139|priority:1|startupRole:FOLLOWER, 41c35b0f-7d09-466e-a425-34196dd2af10|rpc:10.1.0.52:15120|admin:10.1.0.52:15119|client:10.1.0.52:15118|dataStream:10.1.0.52:15121|priority:0|startupRole:FOLLOWER, b4d41a5a-7f8b-4359-a921-685918a3749b|rpc:10.1.0.52:15129|admin:10.1.0.52:15128|client:10.1.0.52:15127|dataStream:10.1.0.52:15130|priority:0|startupRole:FOLLOWER]|listeners:[], old=null
2023-08-25 11:36:19,709 [41c35b0f-7d09-466e-a425-34196dd2af10-server-thread3] INFO  segmented.SegmentedRaftLogWorker (SegmentedRaftLogWorker.java:startLogSegment(447)) - 41c35b0f-7d09-466e-a425-34196dd2af10@group-6ECDDACB944F-SegmentedRaftLogWorker: Starting segment from index:0
2023-08-25 11:36:19,713 [c6e0d301-09b2-4368-8fbf-181ce26f0a67@group-F80FA185A2BB-LeaderElection24] INFO  server.RaftServerConfigKeys (ConfUtils.java:logFallback(53)) - raft.server.rpc.first-election.timeout.min = 5s (fallback to raft.server.rpc.timeout.min)
2023-08-25 11:36:19,713 [c6e0d301-09b2-4368-8fbf-181ce26f0a67@group-F80FA185A2BB-LeaderElection24] INFO  server.RaftServerConfigKeys (ConfUtils.java:logFallback(53)) - raft.server.rpc.first-election.timeout.max = 5200ms (fallback to raft.server.rpc.timeout.max)
2023-08-25 11:36:19,720 [grpc-default-executor-1] INFO  server.RaftServer$Division (RaftServerImpl.java:requestVote(1302)) - 41c35b0f-7d09-466e-a425-34196dd2af10@group-F80FA185A2BB: receive requestVote(PRE_VOTE, c6e0d301-09b2-4368-8fbf-181ce26f0a67, group-F80FA185A2BB, 0, (t:0, i:0))
2023-08-25 11:36:19,721 [grpc-default-executor-1] INFO  impl.VoteContext (VoteContext.java:log(49)) - 41c35b0f-7d09-466e-a425-34196dd2af10@group-F80FA185A2BB-FOLLOWER: reject PRE_VOTE from c6e0d301-09b2-4368-8fbf-181ce26f0a67: our priority 1 > candidate's priority 0
2023-08-25 11:36:19,721 [grpc-default-executor-1] INFO  server.RaftServer$Division (RaftServerImpl.java:requestVote(1335)) - 41c35b0f-7d09-466e-a425-34196dd2af10@group-F80FA185A2BB replies to PRE_VOTE vote request: c6e0d301-09b2-4368-8fbf-181ce26f0a67<-41c35b0f-7d09-466e-a425-34196dd2af10#0:FAIL-t0. Peer's state: 41c35b0f-7d09-466e-a425-34196dd2af10@group-F80FA185A2BB:t0, leader=null, voted=, raftlog=Memoized:41c35b0f-7d09-466e-a425-34196dd2af10@group-F80FA185A2BB-SegmentedRaftLog:OPENED:c-1, conf=-1: peers:[c6e0d301-09b2-4368-8fbf-181ce26f0a67|rpc:10.1.0.52:15138|admin:10.1.0.52:15137|client:10.1.0.52:15136|dataStream:10.1.0.52:15139|priority:0|startupRole:FOLLOWER, 41c35b0f-7d09-466e-a425-34196dd2af10|rpc:10.1.0.52:15120|admin:10.1.0.52:15119|client:10.1.0.52:15118|dataStream:10.1.0.52:15121|priority:1|startupRole:FOLLOWER, b4d41a5a-7f8b-4359-a921-685918a3749b|rpc:10.1.0.52:15129|admin:10.1.0.52:15128|client:10.1.0.52:15127|dataStream:10.1.0.52:15130|priority:0|startupRole:FOLLOWER]|listeners:[], old=null
2023-08-25 11:36:19,723 [41c35b0f-7d09-466e-a425-34196dd2af10@group-6ECDDACB944F-SegmentedRaftLogWorker] INFO  segmented.SegmentedRaftLogWorker (SegmentedRaftLogWorker.java:execute(651)) - 41c35b0f-7d09-466e-a425-34196dd2af10@group-6ECDDACB944F-SegmentedRaftLogWorker: created new log segment /home/runner/work/ozone/ozone/hadoop-ozone/integration-test/target/test-dir/MiniOzoneClusterImpl-9e80f0e6-d3ce-4c33-b1a3-32fa2c9dea98/datanode-0/data/ratis/8d62c634-b253-40da-84de-6ecddacb944f/current/log_inprogress_0
2023-08-25 11:36:19,723 [c6e0d301-09b2-4368-8fbf-181ce26f0a67@group-F80FA185A2BB-LeaderElection24] INFO  impl.LeaderElection (LeaderElection.java:logAndReturn(90)) - c6e0d301-09b2-4368-8fbf-181ce26f0a67@group-F80FA185A2BB-LeaderElection24: PRE_VOTE REJECTED received 1 response(s) and 0 exception(s):
2023-08-25 11:36:19,723 [c6e0d301-09b2-4368-8fbf-181ce26f0a67@group-F80FA185A2BB-LeaderElection24] INFO  impl.LeaderElection (LeaderElection.java:logAndReturn(94)) -   Response 0: c6e0d301-09b2-4368-8fbf-181ce26f0a67<-41c35b0f-7d09-466e-a425-34196dd2af10#0:FAIL-t0
2023-08-25 11:36:19,723 [c6e0d301-09b2-4368-8fbf-181ce26f0a67@group-F80FA185A2BB-LeaderElection24] INFO  impl.LeaderElection (LeaderElection.java:askForVotes(323)) - c6e0d301-09b2-4368-8fbf-181ce26f0a67@group-F80FA185A2BB-LeaderElection24 PRE_VOTE round 0: result REJECTED
2023-08-25 11:36:19,723 [c6e0d301-09b2-4368-8fbf-181ce26f0a67@group-F80FA185A2BB-LeaderElection24] INFO  server.RaftServer$Division (RaftServerImpl.java:setRole(329)) - c6e0d301-09b2-4368-8fbf-181ce26f0a67@group-F80FA185A2BB: changes role from CANDIDATE to FOLLOWER at term 0 for REJECTED
2023-08-25 11:36:19,723 [c6e0d301-09b2-4368-8fbf-181ce26f0a67@group-F80FA185A2BB-LeaderElection24] INFO  impl.RoleInfo (RoleInfo.java:shutdownLeaderElection(130)) - c6e0d301-09b2-4368-8fbf-181ce26f0a67: shutdown c6e0d301-09b2-4368-8fbf-181ce26f0a67@group-F80FA185A2BB-LeaderElection24
2023-08-25 11:36:19,723 [c6e0d301-09b2-4368-8fbf-181ce26f0a67@group-F80FA185A2BB-LeaderElection24] INFO  impl.RoleInfo (RoleInfo.java:updateAndGet(139)) - c6e0d301-09b2-4368-8fbf-181ce26f0a67: start c6e0d301-09b2-4368-8fbf-181ce26f0a67@group-F80FA185A2BB-FollowerState
2023-08-25 11:36:19,734 [41c35b0f-7d09-466e-a425-34196dd2af10@group-F80FA185A2BB-FollowerState] INFO  impl.FollowerState (FollowerState.java:run(143)) - 41c35b0f-7d09-466e-a425-34196dd2af10@group-F80FA185A2BB-FollowerState: change to CANDIDATE, lastRpcElapsedTime:5160669299ns, electionTimeout:5153ms
2023-08-25 11:36:19,734 [41c35b0f-7d09-466e-a425-34196dd2af10@group-F80FA185A2BB-FollowerState] INFO  impl.RoleInfo (RoleInfo.java:shutdownFollowerState(110)) - 41c35b0f-7d09-466e-a425-34196dd2af10: shutdown 41c35b0f-7d09-466e-a425-34196dd2af10@group-F80FA185A2BB-FollowerState
2023-08-25 11:36:19,734 [41c35b0f-7d09-466e-a425-34196dd2af10@group-F80FA185A2BB-FollowerState] INFO  server.RaftServer$Division (RaftServerImpl.java:setRole(329)) - 41c35b0f-7d09-466e-a425-34196dd2af10@group-F80FA185A2BB: changes role from  FOLLOWER to CANDIDATE at term 0 for changeToCandidate
2023-08-25 11:36:19,734 [grpc-default-executor-2] INFO  server.RaftServer$Division (RaftServerImpl.java:requestVote(1302)) - b4d41a5a-7f8b-4359-a921-685918a3749b@group-F80FA185A2BB: receive requestVote(PRE_VOTE, c6e0d301-09b2-4368-8fbf-181ce26f0a67, group-F80FA185A2BB, 0, (t:0, i:0))
2023-08-25 11:36:19,734 [grpc-default-executor-2] INFO  impl.VoteContext (VoteContext.java:log(49)) - b4d41a5a-7f8b-4359-a921-685918a3749b@group-F80FA185A2BB-FOLLOWER: accept PRE_VOTE from c6e0d301-09b2-4368-8fbf-181ce26f0a67: our priority 0 <= candidate's priority 0
2023-08-25 11:36:19,734 [grpc-default-executor-2] INFO  server.RaftServer$Division (RaftServerImpl.java:requestVote(1335)) - b4d41a5a-7f8b-4359-a921-685918a3749b@group-F80FA185A2BB replies to PRE_VOTE vote request: c6e0d301-09b2-4368-8fbf-181ce26f0a67<-b4d41a5a-7f8b-4359-a921-685918a3749b#0:OK-t0. Peer's state: b4d41a5a-7f8b-4359-a921-685918a3749b@group-F80FA185A2BB:t0, leader=null, voted=, raftlog=Memoized:b4d41a5a-7f8b-4359-a921-685918a3749b@group-F80FA185A2BB-SegmentedRaftLog:OPENED:c-1, conf=-1: peers:[c6e0d301-09b2-4368-8fbf-181ce26f0a67|rpc:10.1.0.52:15138|admin:10.1.0.52:15137|client:10.1.0.52:15136|dataStream:10.1.0.52:15139|priority:0|startupRole:FOLLOWER, 41c35b0f-7d09-466e-a425-34196dd2af10|rpc:10.1.0.52:15120|admin:10.1.0.52:15119|client:10.1.0.52:15118|dataStream:10.1.0.52:15121|priority:1|startupRole:FOLLOWER, b4d41a5a-7f8b-4359-a921-685918a3749b|rpc:10.1.0.52:15129|admin:10.1.0.52:15128|client:10.1.0.52:15127|dataStream:10.1.0.52:15130|priority:0|startupRole:FOLLOWER]|listeners:[], old=null
2023-08-25 11:36:19,736 [41c35b0f-7d09-466e-a425-34196dd2af10@group-F80FA185A2BB-FollowerState] INFO  server.RaftServerConfigKeys (ConfUtils.java:logGet(46)) - raft.server.leaderelection.pre-vote = true (default)
2023-08-25 11:36:19,736 [41c35b0f-7d09-466e-a425-34196dd2af10@group-F80FA185A2BB-FollowerState] INFO  impl.RoleInfo (RoleInfo.java:updateAndGet(139)) - 41c35b0f-7d09-466e-a425-34196dd2af10: start 41c35b0f-7d09-466e-a425-34196dd2af10@group-F80FA185A2BB-LeaderElection25
2023-08-25 11:36:19,737 [b4d41a5a-7f8b-4359-a921-685918a3749b-server-thread1] INFO  ratis.XceiverServerRatis (XceiverServerRatis.java:handleLeaderChangedNotification(902)) - Leader change notification received for group: group-6ECDDACB944F with new leaderId: c6e0d301-09b2-4368-8fbf-181ce26f0a67
2023-08-25 11:36:19,737 [b4d41a5a-7f8b-4359-a921-685918a3749b-server-thread1] INFO  server.RaftServer$Division (ServerState.java:setLeader(317)) - b4d41a5a-7f8b-4359-a921-685918a3749b@group-6ECDDACB944F: change Leader from null to c6e0d301-09b2-4368-8fbf-181ce26f0a67 at term 1 for appendEntries, leader elected after 5245ms
2023-08-25 11:36:19,737 [41c35b0f-7d09-466e-a425-34196dd2af10@group-F80FA185A2BB-LeaderElection25] INFO  impl.LeaderElection (LeaderElection.java:askForVotes(321)) - 41c35b0f-7d09-466e-a425-34196dd2af10@group-F80FA185A2BB-LeaderElection25 PRE_VOTE round 0: submit vote requests at term 0 for -1: peers:[c6e0d301-09b2-4368-8fbf-181ce26f0a67|rpc:10.1.0.52:15138|admin:10.1.0.52:15137|client:10.1.0.52:15136|dataStream:10.1.0.52:15139|priority:0|startupRole:FOLLOWER, 41c35b0f-7d09-466e-a425-34196dd2af10|rpc:10.1.0.52:15120|admin:10.1.0.52:15119|client:10.1.0.52:15118|dataStream:10.1.0.52:15121|priority:1|startupRole:FOLLOWER, b4d41a5a-7f8b-4359-a921-685918a3749b|rpc:10.1.0.52:15129|admin:10.1.0.52:15128|client:10.1.0.52:15127|dataStream:10.1.0.52:15130|priority:0|startupRole:FOLLOWER]|listeners:[], old=null
2023-08-25 11:36:19,743 [b4d41a5a-7f8b-4359-a921-685918a3749b-server-thread1] INFO  server.RaftServer$Division (ServerState.java:setRaftConf(434)) - b4d41a5a-7f8b-4359-a921-685918a3749b@group-6ECDDACB944F: set configuration 0: peers:[c6e0d301-09b2-4368-8fbf-181ce26f0a67|rpc:10.1.0.52:15138|admin:10.1.0.52:15137|client:10.1.0.52:15136|dataStream:10.1.0.52:15139|priority:1|startupRole:FOLLOWER, 41c35b0f-7d09-466e-a425-34196dd2af10|rpc:10.1.0.52:15120|admin:10.1.0.52:15119|client:10.1.0.52:15118|dataStream:10.1.0.52:15121|priority:0|startupRole:FOLLOWER, b4d41a5a-7f8b-4359-a921-685918a3749b|rpc:10.1.0.52:15129|admin:10.1.0.52:15128|client:10.1.0.52:15127|dataStream:10.1.0.52:15130|priority:0|startupRole:FOLLOWER]|listeners:[], old=null
2023-08-25 11:36:19,743 [b4d41a5a-7f8b-4359-a921-685918a3749b-server-thread1] INFO  segmented.SegmentedRaftLogWorker (SegmentedRaftLogWorker.java:startLogSegment(447)) - b4d41a5a-7f8b-4359-a921-685918a3749b@group-6ECDDACB944F-SegmentedRaftLogWorker: Starting segment from index:0
2023-08-25 11:36:19,744 [41c35b0f-7d09-466e-a425-34196dd2af10@group-F80FA185A2BB-LeaderElection25] INFO  server.RaftServerConfigKeys (ConfUtils.java:logFallback(53)) - raft.server.rpc.first-election.timeout.min = 5s (fallback to raft.server.rpc.timeout.min)
2023-08-25 11:36:19,744 [41c35b0f-7d09-466e-a425-34196dd2af10@group-F80FA185A2BB-LeaderElection25] INFO  server.RaftServerConfigKeys (ConfUtils.java:logFallback(53)) - raft.server.rpc.first-election.timeout.max = 5200ms (fallback to raft.server.rpc.timeout.max)
2023-08-25 11:36:19,750 [grpc-default-executor-2] INFO  server.RaftServer$Division (RaftServerImpl.java:requestVote(1302)) - c6e0d301-09b2-4368-8fbf-181ce26f0a67@group-F80FA185A2BB: receive requestVote(PRE_VOTE, 41c35b0f-7d09-466e-a425-34196dd2af10, group-F80FA185A2BB, 0, (t:0, i:0))
2023-08-25 11:36:19,751 [grpc-default-executor-2] INFO  impl.VoteContext (VoteContext.java:log(49)) - c6e0d301-09b2-4368-8fbf-181ce26f0a67@group-F80FA185A2BB-FOLLOWER: accept PRE_VOTE from 41c35b0f-7d09-466e-a425-34196dd2af10: our priority 0 <= candidate's priority 1
2023-08-25 11:36:19,751 [grpc-default-executor-2] INFO  server.RaftServer$Division (RaftServerImpl.java:requestVote(1335)) - c6e0d301-09b2-4368-8fbf-181ce26f0a67@group-F80FA185A2BB replies to PRE_VOTE vote request: 41c35b0f-7d09-466e-a425-34196dd2af10<-c6e0d301-09b2-4368-8fbf-181ce26f0a67#0:OK-t0. Peer's state: c6e0d301-09b2-4368-8fbf-181ce26f0a67@group-F80FA185A2BB:t0, leader=null, voted=, raftlog=Memoized:c6e0d301-09b2-4368-8fbf-181ce26f0a67@group-F80FA185A2BB-SegmentedRaftLog:OPENED:c-1, conf=-1: peers:[c6e0d301-09b2-4368-8fbf-181ce26f0a67|rpc:10.1.0.52:15138|admin:10.1.0.52:15137|client:10.1.0.52:15136|dataStream:10.1.0.52:15139|priority:0|startupRole:FOLLOWER, 41c35b0f-7d09-466e-a425-34196dd2af10|rpc:10.1.0.52:15120|admin:10.1.0.52:15119|client:10.1.0.52:15118|dataStream:10.1.0.52:15121|priority:1|startupRole:FOLLOWER, b4d41a5a-7f8b-4359-a921-685918a3749b|rpc:10.1.0.52:15129|admin:10.1.0.52:15128|client:10.1.0.52:15127|dataStream:10.1.0.52:15130|priority:0|startupRole:FOLLOWER]|listeners:[], old=null
2023-08-25 11:36:19,760 [b4d41a5a-7f8b-4359-a921-685918a3749b@group-6ECDDACB944F-SegmentedRaftLogWorker] INFO  segmented.SegmentedRaftLogWorker (SegmentedRaftLogWorker.java:execute(651)) - b4d41a5a-7f8b-4359-a921-685918a3749b@group-6ECDDACB944F-SegmentedRaftLogWorker: created new log segment /home/runner/work/ozone/ozone/hadoop-ozone/integration-test/target/test-dir/MiniOzoneClusterImpl-9e80f0e6-d3ce-4c33-b1a3-32fa2c9dea98/datanode-1/data/ratis/8d62c634-b253-40da-84de-6ecddacb944f/current/log_inprogress_0
2023-08-25 11:36:19,762 [grpc-default-executor-2] INFO  server.RaftServer$Division (RaftServerImpl.java:requestVote(1302)) - b4d41a5a-7f8b-4359-a921-685918a3749b@group-F80FA185A2BB: receive requestVote(PRE_VOTE, 41c35b0f-7d09-466e-a425-34196dd2af10, group-F80FA185A2BB, 0, (t:0, i:0))
2023-08-25 11:36:19,762 [41c35b0f-7d09-466e-a425-34196dd2af10@group-F80FA185A2BB-LeaderElection25] INFO  impl.LeaderElection (LeaderElection.java:logAndReturn(90)) - 41c35b0f-7d09-466e-a425-34196dd2af10@group-F80FA185A2BB-LeaderElection25: PRE_VOTE PASSED received 1 response(s) and 0 exception(s):
2023-08-25 11:36:19,762 [grpc-default-executor-2] INFO  impl.VoteContext (VoteContext.java:log(49)) - b4d41a5a-7f8b-4359-a921-685918a3749b@group-F80FA185A2BB-FOLLOWER: accept PRE_VOTE from 41c35b0f-7d09-466e-a425-34196dd2af10: our priority 0 <= candidate's priority 1
2023-08-25 11:36:19,762 [41c35b0f-7d09-466e-a425-34196dd2af10@group-F80FA185A2BB-LeaderElection25] INFO  impl.LeaderElection (LeaderElection.java:logAndReturn(94)) -   Response 0: 41c35b0f-7d09-466e-a425-34196dd2af10<-c6e0d301-09b2-4368-8fbf-181ce26f0a67#0:OK-t0
2023-08-25 11:36:19,762 [grpc-default-executor-2] INFO  server.RaftServer$Division (RaftServerImpl.java:requestVote(1335)) - b4d41a5a-7f8b-4359-a921-685918a3749b@group-F80FA185A2BB replies to PRE_VOTE vote request: 41c35b0f-7d09-466e-a425-34196dd2af10<-b4d41a5a-7f8b-4359-a921-685918a3749b#0:OK-t0. Peer's state: b4d41a5a-7f8b-4359-a921-685918a3749b@group-F80FA185A2BB:t0, leader=null, voted=, raftlog=Memoized:b4d41a5a-7f8b-4359-a921-685918a3749b@group-F80FA185A2BB-SegmentedRaftLog:OPENED:c-1, conf=-1: peers:[c6e0d301-09b2-4368-8fbf-181ce26f0a67|rpc:10.1.0.52:15138|admin:10.1.0.52:15137|client:10.1.0.52:15136|dataStream:10.1.0.52:15139|priority:0|startupRole:FOLLOWER, 41c35b0f-7d09-466e-a425-34196dd2af10|rpc:10.1.0.52:15120|admin:10.1.0.52:15119|client:10.1.0.52:15118|dataStream:10.1.0.52:15121|priority:1|startupRole:FOLLOWER, b4d41a5a-7f8b-4359-a921-685918a3749b|rpc:10.1.0.52:15129|admin:10.1.0.52:15128|client:10.1.0.52:15127|dataStream:10.1.0.52:15130|priority:0|startupRole:FOLLOWER]|listeners:[], old=null
2023-08-25 11:36:19,762 [41c35b0f-7d09-466e-a425-34196dd2af10@group-F80FA185A2BB-LeaderElection25] INFO  impl.LeaderElection (LeaderElection.java:askForVotes(323)) - 41c35b0f-7d09-466e-a425-34196dd2af10@group-F80FA185A2BB-LeaderElection25 PRE_VOTE round 0: result PASSED
2023-08-25 11:36:19,769 [41c35b0f-7d09-466e-a425-34196dd2af10@group-F80FA185A2BB-LeaderElection25] INFO  impl.LeaderElection (LeaderElection.java:askForVotes(321)) - 41c35b0f-7d09-466e-a425-34196dd2af10@group-F80FA185A2BB-LeaderElection25 ELECTION round 0: submit vote requests at term 1 for -1: peers:[c6e0d301-09b2-4368-8fbf-181ce26f0a67|rpc:10.1.0.52:15138|admin:10.1.0.52:15137|client:10.1.0.52:15136|dataStream:10.1.0.52:15139|priority:0|startupRole:FOLLOWER, 41c35b0f-7d09-466e-a425-34196dd2af10|rpc:10.1.0.52:15120|admin:10.1.0.52:15119|client:10.1.0.52:15118|dataStream:10.1.0.52:15121|priority:1|startupRole:FOLLOWER, b4d41a5a-7f8b-4359-a921-685918a3749b|rpc:10.1.0.52:15129|admin:10.1.0.52:15128|client:10.1.0.52:15127|dataStream:10.1.0.52:15130|priority:0|startupRole:FOLLOWER]|listeners:[], old=null
2023-08-25 11:36:19,774 [b4d41a5a-7f8b-4359-a921-685918a3749b@group-F80FA185A2BB-FollowerState] INFO  server.RaftServerConfigKeys (ConfUtils.java:logFallback(53)) - raft.server.rpc.first-election.timeout.min = 5s (fallback to raft.server.rpc.timeout.min)
2023-08-25 11:36:19,774 [b4d41a5a-7f8b-4359-a921-685918a3749b@group-F80FA185A2BB-FollowerState] INFO  server.RaftServerConfigKeys (ConfUtils.java:logFallback(53)) - raft.server.rpc.first-election.timeout.max = 5200ms (fallback to raft.server.rpc.timeout.max)
2023-08-25 11:36:19,775 [41c35b0f-7d09-466e-a425-34196dd2af10@group-F80FA185A2BB-LeaderElection25] INFO  server.RaftServerConfigKeys (ConfUtils.java:logFallback(53)) - raft.server.rpc.first-election.timeout.min = 5s (fallback to raft.server.rpc.timeout.min)
2023-08-25 11:36:19,775 [41c35b0f-7d09-466e-a425-34196dd2af10@group-F80FA185A2BB-LeaderElection25] INFO  server.RaftServerConfigKeys (ConfUtils.java:logFallback(53)) - raft.server.rpc.first-election.timeout.max = 5200ms (fallback to raft.server.rpc.timeout.max)
2023-08-25 11:36:19,778 [grpc-default-executor-2] INFO  server.RaftServer$Division (RaftServerImpl.java:requestVote(1302)) - c6e0d301-09b2-4368-8fbf-181ce26f0a67@group-F80FA185A2BB: receive requestVote(ELECTION, 41c35b0f-7d09-466e-a425-34196dd2af10, group-F80FA185A2BB, 1, (t:0, i:0))
2023-08-25 11:36:19,778 [grpc-default-executor-3] INFO  server.RaftServer$Division (RaftServerImpl.java:requestVote(1302)) - b4d41a5a-7f8b-4359-a921-685918a3749b@group-F80FA185A2BB: receive requestVote(ELECTION, 41c35b0f-7d09-466e-a425-34196dd2af10, group-F80FA185A2BB, 1, (t:0, i:0))
2023-08-25 11:36:19,778 [grpc-default-executor-2] INFO  impl.VoteContext (VoteContext.java:log(49)) - c6e0d301-09b2-4368-8fbf-181ce26f0a67@group-F80FA185A2BB-FOLLOWER: accept ELECTION from 41c35b0f-7d09-466e-a425-34196dd2af10: our priority 0 <= candidate's priority 1
2023-08-25 11:36:19,778 [grpc-default-executor-3] INFO  impl.VoteContext (VoteContext.java:log(49)) - b4d41a5a-7f8b-4359-a921-685918a3749b@group-F80FA185A2BB-FOLLOWER: accept ELECTION from 41c35b0f-7d09-466e-a425-34196dd2af10: our priority 0 <= candidate's priority 1
2023-08-25 11:36:19,779 [grpc-default-executor-2] INFO  server.RaftServer$Division (RaftServerImpl.java:setRole(329)) - c6e0d301-09b2-4368-8fbf-181ce26f0a67@group-F80FA185A2BB: changes role from  FOLLOWER to FOLLOWER at term 1 for candidate:41c35b0f-7d09-466e-a425-34196dd2af10
2023-08-25 11:36:19,779 [grpc-default-executor-3] INFO  server.RaftServer$Division (RaftServerImpl.java:setRole(329)) - b4d41a5a-7f8b-4359-a921-685918a3749b@group-F80FA185A2BB: changes role from  FOLLOWER to FOLLOWER at term 1 for candidate:41c35b0f-7d09-466e-a425-34196dd2af10
2023-08-25 11:36:19,779 [grpc-default-executor-2] INFO  impl.RoleInfo (RoleInfo.java:shutdownFollowerState(110)) - c6e0d301-09b2-4368-8fbf-181ce26f0a67: shutdown c6e0d301-09b2-4368-8fbf-181ce26f0a67@group-F80FA185A2BB-FollowerState
2023-08-25 11:36:19,779 [grpc-default-executor-3] INFO  impl.RoleInfo (RoleInfo.java:shutdownFollowerState(110)) - b4d41a5a-7f8b-4359-a921-685918a3749b: shutdown b4d41a5a-7f8b-4359-a921-685918a3749b@group-F80FA185A2BB-FollowerState
2023-08-25 11:36:19,779 [grpc-default-executor-2] INFO  impl.RoleInfo (RoleInfo.java:updateAndGet(139)) - c6e0d301-09b2-4368-8fbf-181ce26f0a67: start c6e0d301-09b2-4368-8fbf-181ce26f0a67@group-F80FA185A2BB-FollowerState
2023-08-25 11:36:19,779 [c6e0d301-09b2-4368-8fbf-181ce26f0a67@group-F80FA185A2BB-FollowerState] INFO  impl.FollowerState (FollowerState.java:run(152)) - c6e0d301-09b2-4368-8fbf-181ce26f0a67@group-F80FA185A2BB-FollowerState was interrupted
2023-08-25 11:36:19,779 [b4d41a5a-7f8b-4359-a921-685918a3749b@group-F80FA185A2BB-FollowerState] INFO  impl.FollowerState (FollowerState.java:run(152)) - b4d41a5a-7f8b-4359-a921-685918a3749b@group-F80FA185A2BB-FollowerState was interrupted
2023-08-25 11:36:19,779 [grpc-default-executor-3] INFO  impl.RoleInfo (RoleInfo.java:updateAndGet(139)) - b4d41a5a-7f8b-4359-a921-685918a3749b: start b4d41a5a-7f8b-4359-a921-685918a3749b@group-F80FA185A2BB-FollowerState
2023-08-25 11:36:19,782 [grpc-default-executor-3] INFO  server.RaftServer$Division (RaftServerImpl.java:requestVote(1335)) - b4d41a5a-7f8b-4359-a921-685918a3749b@group-F80FA185A2BB replies to ELECTION vote request: 41c35b0f-7d09-466e-a425-34196dd2af10<-b4d41a5a-7f8b-4359-a921-685918a3749b#0:OK-t1. Peer's state: b4d41a5a-7f8b-4359-a921-685918a3749b@group-F80FA185A2BB:t1, leader=null, voted=41c35b0f-7d09-466e-a425-34196dd2af10, raftlog=Memoized:b4d41a5a-7f8b-4359-a921-685918a3749b@group-F80FA185A2BB-SegmentedRaftLog:OPENED:c-1, conf=-1: peers:[c6e0d301-09b2-4368-8fbf-181ce26f0a67|rpc:10.1.0.52:15138|admin:10.1.0.52:15137|client:10.1.0.52:15136|dataStream:10.1.0.52:15139|priority:0|startupRole:FOLLOWER, 41c35b0f-7d09-466e-a425-34196dd2af10|rpc:10.1.0.52:15120|admin:10.1.0.52:15119|client:10.1.0.52:15118|dataStream:10.1.0.52:15121|priority:1|startupRole:FOLLOWER, b4d41a5a-7f8b-4359-a921-685918a3749b|rpc:10.1.0.52:15129|admin:10.1.0.52:15128|client:10.1.0.52:15127|dataStream:10.1.0.52:15130|priority:0|startupRole:FOLLOWER]|listeners:[], old=null
2023-08-25 11:36:19,783 [41c35b0f-7d09-466e-a425-34196dd2af10@group-F80FA185A2BB-LeaderElection25] INFO  impl.LeaderElection (LeaderElection.java:logAndReturn(90)) - 41c35b0f-7d09-466e-a425-34196dd2af10@group-F80FA185A2BB-LeaderElection25: ELECTION PASSED received 1 response(s) and 0 exception(s):
2023-08-25 11:36:19,783 [41c35b0f-7d09-466e-a425-34196dd2af10@group-F80FA185A2BB-LeaderElection25] INFO  impl.LeaderElection (LeaderElection.java:logAndReturn(94)) -   Response 0: 41c35b0f-7d09-466e-a425-34196dd2af10<-b4d41a5a-7f8b-4359-a921-685918a3749b#0:OK-t1
2023-08-25 11:36:19,783 [41c35b0f-7d09-466e-a425-34196dd2af10@group-F80FA185A2BB-LeaderElection25] INFO  impl.LeaderElection (LeaderElection.java:askForVotes(323)) - 41c35b0f-7d09-466e-a425-34196dd2af10@group-F80FA185A2BB-LeaderElection25 ELECTION round 0: result PASSED
2023-08-25 11:36:19,783 [41c35b0f-7d09-466e-a425-34196dd2af10@group-F80FA185A2BB-LeaderElection25] INFO  impl.RoleInfo (RoleInfo.java:shutdownLeaderElection(130)) - 41c35b0f-7d09-466e-a425-34196dd2af10: shutdown 41c35b0f-7d09-466e-a425-34196dd2af10@group-F80FA185A2BB-LeaderElection25
2023-08-25 11:36:19,783 [41c35b0f-7d09-466e-a425-34196dd2af10@group-F80FA185A2BB-LeaderElection25] INFO  server.RaftServer$Division (RaftServerImpl.java:setRole(329)) - 41c35b0f-7d09-466e-a425-34196dd2af10@group-F80FA185A2BB: changes role from CANDIDATE to LEADER at term 1 for changeToLeader
2023-08-25 11:36:19,783 [41c35b0f-7d09-466e-a425-34196dd2af10@group-F80FA185A2BB-LeaderElection25] INFO  ratis.XceiverServerRatis (XceiverServerRatis.java:handleLeaderChangedNotification(902)) - Leader change notification received for group: group-F80FA185A2BB with new leaderId: 41c35b0f-7d09-466e-a425-34196dd2af10
2023-08-25 11:36:19,783 [41c35b0f-7d09-466e-a425-34196dd2af10@group-F80FA185A2BB-LeaderElection25] INFO  server.RaftServer$Division (ServerState.java:setLeader(317)) - 41c35b0f-7d09-466e-a425-34196dd2af10@group-F80FA185A2BB: change Leader from null to 41c35b0f-7d09-466e-a425-34196dd2af10 at term 1 for becomeLeader, leader elected after 5231ms
2023-08-25 11:36:19,784 [41c35b0f-7d09-466e-a425-34196dd2af10@group-F80FA185A2BB-LeaderElection25] INFO  server.RaftServerConfigKeys (ConfUtils.java:logGet(46)) - raft.server.staging.catchup.gap = 1000 (default)
2023-08-25 11:36:19,784 [41c35b0f-7d09-466e-a425-34196dd2af10@group-F80FA185A2BB-LeaderElection25] INFO  server.RaftServerConfigKeys (ConfUtils.java:logGet(46)) - raft.server.write.element-limit = 1024 (custom)
2023-08-25 11:36:19,784 [41c35b0f-7d09-466e-a425-34196dd2af10@group-F80FA185A2BB-LeaderElection25] INFO  server.RaftServerConfigKeys (ConfUtils.java:logGet(46)) - raft.server.write.byte-limit = 1024 M (=1073741824) (custom)
2023-08-25 11:36:19,786 [41c35b0f-7d09-466e-a425-34196dd2af10@group-F80FA185A2BB-LeaderElection25] INFO  server.RaftServerConfigKeys (ConfUtils.java:logGet(46)) - raft.server.watch.timeout = 180s (custom)
2023-08-25 11:36:19,786 [41c35b0f-7d09-466e-a425-34196dd2af10@group-F80FA185A2BB-LeaderElection25] INFO  server.RaftServerConfigKeys (ConfUtils.java:logGet(46)) - raft.server.watch.timeout.denomination = 1s (default)
2023-08-25 11:36:19,786 [41c35b0f-7d09-466e-a425-34196dd2af10@group-F80FA185A2BB-LeaderElection25] INFO  server.RaftServerConfigKeys (ConfUtils.java:logGet(46)) - raft.server.watch.element-limit = 65536 (default)
2023-08-25 11:36:19,787 [41c35b0f-7d09-466e-a425-34196dd2af10@group-F80FA185A2BB-LeaderElection25] INFO  server.RaftServerConfigKeys (ConfUtils.java:logGet(46)) - raft.server.write.element-limit = 1024 (custom)
2023-08-25 11:36:19,787 [41c35b0f-7d09-466e-a425-34196dd2af10@group-F80FA185A2BB-LeaderElection25] INFO  server.RaftServerConfigKeys (ConfUtils.java:logGet(46)) - raft.server.write.follower.gap.ratio.max = -1.0 (default)
2023-08-25 11:36:19,787 [41c35b0f-7d09-466e-a425-34196dd2af10@group-F80FA185A2BB-LeaderElection25] INFO  server.RaftServerConfigKeys (ConfUtils.java:logGet(46)) - raft.server.log.appender.snapshot.chunk.size.max = 16MB (=16777216) (default)
2023-08-25 11:36:19,787 [41c35b0f-7d09-466e-a425-34196dd2af10@group-F80FA185A2BB-LeaderElection25] INFO  server.RaftServerConfigKeys (ConfUtils.java:logGet(46)) - raft.server.log.appender.buffer.byte-limit = 33554432 (custom)
2023-08-25 11:36:19,787 [41c35b0f-7d09-466e-a425-34196dd2af10@group-F80FA185A2BB-LeaderElection25] INFO  server.RaftServerConfigKeys (ConfUtils.java:logGet(46)) - raft.server.log.appender.buffer.element-limit = 1 (custom)
2023-08-25 11:36:19,787 [41c35b0f-7d09-466e-a425-34196dd2af10@group-F80FA185A2BB-LeaderElection25] INFO  server.RaftServerConfigKeys (ConfUtils.java:logGet(46)) - raft.server.log.appender.wait-time.min = 10ms (default)
2023-08-25 11:36:19,787 [41c35b0f-7d09-466e-a425-34196dd2af10@group-F80FA185A2BB-LeaderElection25] INFO  grpc.GrpcConfigKeys (ConfUtils.java:logGet(46)) - raft.grpc.server.leader.outstanding.appends.max = 128 (default)
2023-08-25 11:36:19,787 [41c35b0f-7d09-466e-a425-34196dd2af10@group-F80FA185A2BB-LeaderElection25] INFO  server.RaftServerConfigKeys (ConfUtils.java:logGet(46)) - raft.server.rpc.request.timeout = 60s (custom)
2023-08-25 11:36:19,788 [41c35b0f-7d09-466e-a425-34196dd2af10@group-F80FA185A2BB-LeaderElection25] INFO  grpc.GrpcConfigKeys (ConfUtils.java:logGet(46)) - raft.grpc.server.install_snapshot.request.element-limit = 8 (default)
2023-08-25 11:36:19,788 [41c35b0f-7d09-466e-a425-34196dd2af10@group-F80FA185A2BB-LeaderElection25] INFO  grpc.GrpcConfigKeys (ConfUtils.java:logGet(46)) - raft.grpc.server.install_snapshot.request.timeout = 3000ms (default)
2023-08-25 11:36:19,788 [41c35b0f-7d09-466e-a425-34196dd2af10@group-F80FA185A2BB-LeaderElection25] INFO  server.RaftServerConfigKeys (ConfUtils.java:logGet(46)) - raft.server.log.appender.install.snapshot.enabled = false (custom)
2023-08-25 11:36:19,788 [41c35b0f-7d09-466e-a425-34196dd2af10@group-F80FA185A2BB-LeaderElection25] INFO  grpc.GrpcConfigKeys (ConfUtils.java:logGet(46)) - raft.grpc.server.heartbeat.channel = true (default)
2023-08-25 11:36:19,788 [41c35b0f-7d09-466e-a425-34196dd2af10@group-F80FA185A2BB-LeaderElection25] INFO  server.RaftServerConfigKeys (ConfUtils.java:logGet(46)) - raft.server.log.appender.snapshot.chunk.size.max = 16MB (=16777216) (default)
2023-08-25 11:36:19,788 [41c35b0f-7d09-466e-a425-34196dd2af10@group-F80FA185A2BB-LeaderElection25] INFO  server.RaftServerConfigKeys (ConfUtils.java:logGet(46)) - raft.server.log.appender.buffer.byte-limit = 33554432 (custom)
2023-08-25 11:36:19,788 [41c35b0f-7d09-466e-a425-34196dd2af10@group-F80FA185A2BB-LeaderElection25] INFO  server.RaftServerConfigKeys (ConfUtils.java:logGet(46)) - raft.server.log.appender.buffer.element-limit = 1 (custom)
2023-08-25 11:36:19,788 [41c35b0f-7d09-466e-a425-34196dd2af10@group-F80FA185A2BB-LeaderElection25] INFO  server.RaftServerConfigKeys (ConfUtils.java:logGet(46)) - raft.server.log.appender.wait-time.min = 10ms (default)
2023-08-25 11:36:19,789 [41c35b0f-7d09-466e-a425-34196dd2af10@group-F80FA185A2BB-LeaderElection25] INFO  grpc.GrpcConfigKeys (ConfUtils.java:logGet(46)) - raft.grpc.server.leader.outstanding.appends.max = 128 (default)
2023-08-25 11:36:19,789 [41c35b0f-7d09-466e-a425-34196dd2af10@group-F80FA185A2BB-LeaderElection25] INFO  server.RaftServerConfigKeys (ConfUtils.java:logGet(46)) - raft.server.rpc.request.timeout = 60s (custom)
2023-08-25 11:36:19,789 [41c35b0f-7d09-466e-a425-34196dd2af10@group-F80FA185A2BB-LeaderElection25] INFO  grpc.GrpcConfigKeys (ConfUtils.java:logGet(46)) - raft.grpc.server.install_snapshot.request.element-limit = 8 (default)
2023-08-25 11:36:19,789 [41c35b0f-7d09-466e-a425-34196dd2af10@group-F80FA185A2BB-LeaderElection25] INFO  grpc.GrpcConfigKeys (ConfUtils.java:logGet(46)) - raft.grpc.server.install_snapshot.request.timeout = 3000ms (default)
2023-08-25 11:36:19,789 [41c35b0f-7d09-466e-a425-34196dd2af10@group-F80FA185A2BB-LeaderElection25] INFO  server.RaftServerConfigKeys (ConfUtils.java:logGet(46)) - raft.server.log.appender.install.snapshot.enabled = false (custom)
2023-08-25 11:36:19,789 [41c35b0f-7d09-466e-a425-34196dd2af10@group-F80FA185A2BB-LeaderElection25] INFO  grpc.GrpcConfigKeys (ConfUtils.java:logGet(46)) - raft.grpc.server.heartbeat.channel = true (default)
2023-08-25 11:36:19,789 [41c35b0f-7d09-466e-a425-34196dd2af10@group-F80FA185A2BB-LeaderElection25] INFO  impl.RoleInfo (RoleInfo.java:updateAndGet(139)) - 41c35b0f-7d09-466e-a425-34196dd2af10: start 41c35b0f-7d09-466e-a425-34196dd2af10@group-F80FA185A2BB-LeaderStateImpl
2023-08-25 11:36:19,789 [41c35b0f-7d09-466e-a425-34196dd2af10@group-F80FA185A2BB-LeaderElection25] INFO  segmented.SegmentedRaftLogWorker (SegmentedRaftLogWorker.java:startLogSegment(447)) - 41c35b0f-7d09-466e-a425-34196dd2af10@group-F80FA185A2BB-SegmentedRaftLogWorker: Starting segment from index:0
2023-08-25 11:36:19,789 [grpc-default-executor-2] INFO  server.RaftServer$Division (RaftServerImpl.java:requestVote(1335)) - c6e0d301-09b2-4368-8fbf-181ce26f0a67@group-F80FA185A2BB replies to ELECTION vote request: 41c35b0f-7d09-466e-a425-34196dd2af10<-c6e0d301-09b2-4368-8fbf-181ce26f0a67#0:OK-t1. Peer's state: c6e0d301-09b2-4368-8fbf-181ce26f0a67@group-F80FA185A2BB:t1, leader=null, voted=41c35b0f-7d09-466e-a425-34196dd2af10, raftlog=Memoized:c6e0d301-09b2-4368-8fbf-181ce26f0a67@group-F80FA185A2BB-SegmentedRaftLog:OPENED:c-1, conf=-1: peers:[c6e0d301-09b2-4368-8fbf-181ce26f0a67|rpc:10.1.0.52:15138|admin:10.1.0.52:15137|client:10.1.0.52:15136|dataStream:10.1.0.52:15139|priority:0|startupRole:FOLLOWER, 41c35b0f-7d09-466e-a425-34196dd2af10|rpc:10.1.0.52:15120|admin:10.1.0.52:15119|client:10.1.0.52:15118|dataStream:10.1.0.52:15121|priority:1|startupRole:FOLLOWER, b4d41a5a-7f8b-4359-a921-685918a3749b|rpc:10.1.0.52:15129|admin:10.1.0.52:15128|client:10.1.0.52:15127|dataStream:10.1.0.52:15130|priority:0|startupRole:FOLLOWER]|listeners:[], old=null
2023-08-25 11:36:19,792 [41c35b0f-7d09-466e-a425-34196dd2af10@group-F80FA185A2BB-SegmentedRaftLogWorker] INFO  segmented.SegmentedRaftLogWorker (SegmentedRaftLogWorker.java:execute(651)) - 41c35b0f-7d09-466e-a425-34196dd2af10@group-F80FA185A2BB-SegmentedRaftLogWorker: created new log segment /home/runner/work/ozone/ozone/hadoop-ozone/integration-test/target/test-dir/MiniOzoneClusterImpl-9e80f0e6-d3ce-4c33-b1a3-32fa2c9dea98/datanode-0/data/ratis/cb516a08-dd33-47ff-9430-f80fa185a2bb/current/log_inprogress_0
2023-08-25 11:36:19,794 [EventQueue-PipelineReportForPipelineReportHandler] INFO  pipeline.PipelineReportHandler (PipelineReportHandler.java:processPipelineReport(136)) - Opened pipeline PipelineID=cb516a08-dd33-47ff-9430-f80fa185a2bb
2023-08-25 11:36:19,799 [41c35b0f-7d09-466e-a425-34196dd2af10@group-F80FA185A2BB-LeaderElection25] INFO  server.RaftServer$Division (ServerState.java:setRaftConf(434)) - 41c35b0f-7d09-466e-a425-34196dd2af10@group-F80FA185A2BB: set configuration 0: peers:[c6e0d301-09b2-4368-8fbf-181ce26f0a67|rpc:10.1.0.52:15138|admin:10.1.0.52:15137|client:10.1.0.52:15136|dataStream:10.1.0.52:15139|priority:0|startupRole:FOLLOWER, 41c35b0f-7d09-466e-a425-34196dd2af10|rpc:10.1.0.52:15120|admin:10.1.0.52:15119|client:10.1.0.52:15118|dataStream:10.1.0.52:15121|priority:1|startupRole:FOLLOWER, b4d41a5a-7f8b-4359-a921-685918a3749b|rpc:10.1.0.52:15129|admin:10.1.0.52:15128|client:10.1.0.52:15127|dataStream:10.1.0.52:15130|priority:0|startupRole:FOLLOWER]|listeners:[], old=null
2023-08-25 11:36:19,811 [b4d41a5a-7f8b-4359-a921-685918a3749b-server-thread2] INFO  ratis.XceiverServerRatis (XceiverServerRatis.java:handleLeaderChangedNotification(902)) - Leader change notification received for group: group-F80FA185A2BB with new leaderId: 41c35b0f-7d09-466e-a425-34196dd2af10
2023-08-25 11:36:19,811 [b4d41a5a-7f8b-4359-a921-685918a3749b-server-thread2] INFO  server.RaftServer$Division (ServerState.java:setLeader(317)) - b4d41a5a-7f8b-4359-a921-685918a3749b@group-F80FA185A2BB: change Leader from null to 41c35b0f-7d09-466e-a425-34196dd2af10 at term 1 for appendEntries, leader elected after 5215ms
2023-08-25 11:36:19,819 [b4d41a5a-7f8b-4359-a921-685918a3749b-server-thread2] INFO  server.RaftServer$Division (ServerState.java:setRaftConf(434)) - b4d41a5a-7f8b-4359-a921-685918a3749b@group-F80FA185A2BB: set configuration 0: peers:[c6e0d301-09b2-4368-8fbf-181ce26f0a67|rpc:10.1.0.52:15138|admin:10.1.0.52:15137|client:10.1.0.52:15136|dataStream:10.1.0.52:15139|priority:0|startupRole:FOLLOWER, 41c35b0f-7d09-466e-a425-34196dd2af10|rpc:10.1.0.52:15120|admin:10.1.0.52:15119|client:10.1.0.52:15118|dataStream:10.1.0.52:15121|priority:1|startupRole:FOLLOWER, b4d41a5a-7f8b-4359-a921-685918a3749b|rpc:10.1.0.52:15129|admin:10.1.0.52:15128|client:10.1.0.52:15127|dataStream:10.1.0.52:15130|priority:0|startupRole:FOLLOWER]|listeners:[], old=null
2023-08-25 11:36:19,819 [b4d41a5a-7f8b-4359-a921-685918a3749b-server-thread2] INFO  segmented.SegmentedRaftLogWorker (SegmentedRaftLogWorker.java:startLogSegment(447)) - b4d41a5a-7f8b-4359-a921-685918a3749b@group-F80FA185A2BB-SegmentedRaftLogWorker: Starting segment from index:0
2023-08-25 11:36:19,821 [b4d41a5a-7f8b-4359-a921-685918a3749b@group-F80FA185A2BB-SegmentedRaftLogWorker] INFO  segmented.SegmentedRaftLogWorker (SegmentedRaftLogWorker.java:execute(651)) - b4d41a5a-7f8b-4359-a921-685918a3749b@group-F80FA185A2BB-SegmentedRaftLogWorker: created new log segment /home/runner/work/ozone/ozone/hadoop-ozone/integration-test/target/test-dir/MiniOzoneClusterImpl-9e80f0e6-d3ce-4c33-b1a3-32fa2c9dea98/datanode-1/data/ratis/cb516a08-dd33-47ff-9430-f80fa185a2bb/current/log_inprogress_0
2023-08-25 11:36:19,827 [c6e0d301-09b2-4368-8fbf-181ce26f0a67-server-thread2] INFO  ratis.XceiverServerRatis (XceiverServerRatis.java:handleLeaderChangedNotification(902)) - Leader change notification received for group: group-F80FA185A2BB with new leaderId: 41c35b0f-7d09-466e-a425-34196dd2af10
2023-08-25 11:36:19,827 [c6e0d301-09b2-4368-8fbf-181ce26f0a67-server-thread2] INFO  server.RaftServer$Division (ServerState.java:setLeader(317)) - c6e0d301-09b2-4368-8fbf-181ce26f0a67@group-F80FA185A2BB: change Leader from null to 41c35b0f-7d09-466e-a425-34196dd2af10 at term 1 for appendEntries, leader elected after 5187ms
2023-08-25 11:36:19,829 [c6e0d301-09b2-4368-8fbf-181ce26f0a67-server-thread2] INFO  server.RaftServer$Division (ServerState.java:setRaftConf(434)) - c6e0d301-09b2-4368-8fbf-181ce26f0a67@group-F80FA185A2BB: set configuration 0: peers:[c6e0d301-09b2-4368-8fbf-181ce26f0a67|rpc:10.1.0.52:15138|admin:10.1.0.52:15137|client:10.1.0.52:15136|dataStream:10.1.0.52:15139|priority:0|startupRole:FOLLOWER, 41c35b0f-7d09-466e-a425-34196dd2af10|rpc:10.1.0.52:15120|admin:10.1.0.52:15119|client:10.1.0.52:15118|dataStream:10.1.0.52:15121|priority:1|startupRole:FOLLOWER, b4d41a5a-7f8b-4359-a921-685918a3749b|rpc:10.1.0.52:15129|admin:10.1.0.52:15128|client:10.1.0.52:15127|dataStream:10.1.0.52:15130|priority:0|startupRole:FOLLOWER]|listeners:[], old=null
2023-08-25 11:36:19,829 [c6e0d301-09b2-4368-8fbf-181ce26f0a67-server-thread2] INFO  segmented.SegmentedRaftLogWorker (SegmentedRaftLogWorker.java:startLogSegment(447)) - c6e0d301-09b2-4368-8fbf-181ce26f0a67@group-F80FA185A2BB-SegmentedRaftLogWorker: Starting segment from index:0
2023-08-25 11:36:19,833 [c6e0d301-09b2-4368-8fbf-181ce26f0a67@group-F80FA185A2BB-SegmentedRaftLogWorker] INFO  segmented.SegmentedRaftLogWorker (SegmentedRaftLogWorker.java:execute(651)) - c6e0d301-09b2-4368-8fbf-181ce26f0a67@group-F80FA185A2BB-SegmentedRaftLogWorker: created new log segment /home/runner/work/ozone/ozone/hadoop-ozone/integration-test/target/test-dir/MiniOzoneClusterImpl-9e80f0e6-d3ce-4c33-b1a3-32fa2c9dea98/datanode-2/data/ratis/cb516a08-dd33-47ff-9430-f80fa185a2bb/current/log_inprogress_0
2023-08-25 11:36:19,943 [main] INFO  ozone.MiniOzoneClusterImpl (MiniOzoneClusterImpl.java:lambda$waitForClusterToBeReady$0(224)) - Nodes are ready. Got 5 of 5 DN Heartbeats.
2023-08-25 11:36:19,944 [main] INFO  ozone.MiniOzoneClusterImpl (MiniOzoneClusterImpl.java:lambda$waitForClusterToBeReady$0(227)) - Cluster exits safe mode
2023-08-25 11:36:19,944 [main] INFO  ozone.MiniOzoneClusterImpl (MiniOzoneClusterImpl.java:lambda$waitForClusterToBeReady$0(229)) - SCM became leader
2023-08-25 11:36:19,959 [b4d41a5a-7f8b-4359-a921-685918a3749b@group-94A36F0BEC2F-FollowerState] INFO  impl.FollowerState (FollowerState.java:run(143)) - b4d41a5a-7f8b-4359-a921-685918a3749b@group-94A36F0BEC2F-FollowerState: change to CANDIDATE, lastRpcElapsedTime:5144001905ns, electionTimeout:5143ms
2023-08-25 11:36:19,959 [b4d41a5a-7f8b-4359-a921-685918a3749b@group-94A36F0BEC2F-FollowerState] INFO  impl.RoleInfo (RoleInfo.java:shutdownFollowerState(110)) - b4d41a5a-7f8b-4359-a921-685918a3749b: shutdown b4d41a5a-7f8b-4359-a921-685918a3749b@group-94A36F0BEC2F-FollowerState
2023-08-25 11:36:19,959 [b4d41a5a-7f8b-4359-a921-685918a3749b@group-94A36F0BEC2F-FollowerState] INFO  server.RaftServer$Division (RaftServerImpl.java:setRole(329)) - b4d41a5a-7f8b-4359-a921-685918a3749b@group-94A36F0BEC2F: changes role from  FOLLOWER to CANDIDATE at term 0 for changeToCandidate
2023-08-25 11:36:19,959 [b4d41a5a-7f8b-4359-a921-685918a3749b@group-94A36F0BEC2F-FollowerState] INFO  server.RaftServerConfigKeys (ConfUtils.java:logGet(46)) - raft.server.leaderelection.pre-vote = true (default)
2023-08-25 11:36:19,959 [b4d41a5a-7f8b-4359-a921-685918a3749b@group-94A36F0BEC2F-FollowerState] INFO  impl.RoleInfo (RoleInfo.java:updateAndGet(139)) - b4d41a5a-7f8b-4359-a921-685918a3749b: start b4d41a5a-7f8b-4359-a921-685918a3749b@group-94A36F0BEC2F-LeaderElection26
2023-08-25 11:36:19,976 [b4d41a5a-7f8b-4359-a921-685918a3749b@group-94A36F0BEC2F-LeaderElection26] INFO  impl.LeaderElection (LeaderElection.java:askForVotes(321)) - b4d41a5a-7f8b-4359-a921-685918a3749b@group-94A36F0BEC2F-LeaderElection26 PRE_VOTE round 0: submit vote requests at term 0 for -1: peers:[b4d41a5a-7f8b-4359-a921-685918a3749b|rpc:10.1.0.52:15129|admin:10.1.0.52:15128|client:10.1.0.52:15127|dataStream:10.1.0.52:15130|priority:1|startupRole:FOLLOWER]|listeners:[], old=null
2023-08-25 11:36:19,977 [b4d41a5a-7f8b-4359-a921-685918a3749b@group-94A36F0BEC2F-LeaderElection26] INFO  impl.LeaderElection (LeaderElection.java:askForVotes(323)) - b4d41a5a-7f8b-4359-a921-685918a3749b@group-94A36F0BEC2F-LeaderElection26 PRE_VOTE round 0: result PASSED (term=0)
2023-08-25 11:36:19,979 [b4d41a5a-7f8b-4359-a921-685918a3749b@group-94A36F0BEC2F-LeaderElection26] INFO  impl.LeaderElection (LeaderElection.java:askForVotes(321)) - b4d41a5a-7f8b-4359-a921-685918a3749b@group-94A36F0BEC2F-LeaderElection26 ELECTION round 0: submit vote requests at term 1 for -1: peers:[b4d41a5a-7f8b-4359-a921-685918a3749b|rpc:10.1.0.52:15129|admin:10.1.0.52:15128|client:10.1.0.52:15127|dataStream:10.1.0.52:15130|priority:1|startupRole:FOLLOWER]|listeners:[], old=null
2023-08-25 11:36:19,979 [b4d41a5a-7f8b-4359-a921-685918a3749b@group-94A36F0BEC2F-LeaderElection26] INFO  impl.LeaderElection (LeaderElection.java:askForVotes(323)) - b4d41a5a-7f8b-4359-a921-685918a3749b@group-94A36F0BEC2F-LeaderElection26 ELECTION round 0: result PASSED (term=1)
2023-08-25 11:36:19,979 [b4d41a5a-7f8b-4359-a921-685918a3749b@group-94A36F0BEC2F-LeaderElection26] INFO  impl.RoleInfo (RoleInfo.java:shutdownLeaderElection(130)) - b4d41a5a-7f8b-4359-a921-685918a3749b: shutdown b4d41a5a-7f8b-4359-a921-685918a3749b@group-94A36F0BEC2F-LeaderElection26
2023-08-25 11:36:19,979 [b4d41a5a-7f8b-4359-a921-685918a3749b@group-94A36F0BEC2F-LeaderElection26] INFO  server.RaftServer$Division (RaftServerImpl.java:setRole(329)) - b4d41a5a-7f8b-4359-a921-685918a3749b@group-94A36F0BEC2F: changes role from CANDIDATE to LEADER at term 1 for changeToLeader
2023-08-25 11:36:19,979 [b4d41a5a-7f8b-4359-a921-685918a3749b@group-94A36F0BEC2F-LeaderElection26] INFO  ratis.XceiverServerRatis (XceiverServerRatis.java:handleLeaderChangedNotification(902)) - Leader change notification received for group: group-94A36F0BEC2F with new leaderId: b4d41a5a-7f8b-4359-a921-685918a3749b
2023-08-25 11:36:19,980 [b4d41a5a-7f8b-4359-a921-685918a3749b@group-94A36F0BEC2F-LeaderElection26] INFO  server.RaftServer$Division (ServerState.java:setLeader(317)) - b4d41a5a-7f8b-4359-a921-685918a3749b@group-94A36F0BEC2F: change Leader from null to b4d41a5a-7f8b-4359-a921-685918a3749b at term 1 for becomeLeader, leader elected after 5182ms
2023-08-25 11:36:19,981 [b4d41a5a-7f8b-4359-a921-685918a3749b@group-94A36F0BEC2F-LeaderElection26] INFO  server.RaftServerConfigKeys (ConfUtils.java:logGet(46)) - raft.server.staging.catchup.gap = 1000 (default)
2023-08-25 11:36:19,981 [b4d41a5a-7f8b-4359-a921-685918a3749b@group-94A36F0BEC2F-LeaderElection26] INFO  server.RaftServerConfigKeys (ConfUtils.java:logGet(46)) - raft.server.write.element-limit = 1024 (custom)
2023-08-25 11:36:19,981 [b4d41a5a-7f8b-4359-a921-685918a3749b@group-94A36F0BEC2F-LeaderElection26] INFO  server.RaftServerConfigKeys (ConfUtils.java:logGet(46)) - raft.server.write.byte-limit = 1024 M (=1073741824) (custom)
2023-08-25 11:36:19,981 [b4d41a5a-7f8b-4359-a921-685918a3749b@group-94A36F0BEC2F-LeaderElection26] INFO  server.RaftServerConfigKeys (ConfUtils.java:logGet(46)) - raft.server.watch.timeout = 180s (custom)
2023-08-25 11:36:19,981 [b4d41a5a-7f8b-4359-a921-685918a3749b@group-94A36F0BEC2F-LeaderElection26] INFO  server.RaftServerConfigKeys (ConfUtils.java:logGet(46)) - raft.server.watch.timeout.denomination = 1s (default)
2023-08-25 11:36:19,981 [b4d41a5a-7f8b-4359-a921-685918a3749b@group-94A36F0BEC2F-LeaderElection26] INFO  server.RaftServerConfigKeys (ConfUtils.java:logGet(46)) - raft.server.watch.element-limit = 65536 (default)
2023-08-25 11:36:19,981 [b4d41a5a-7f8b-4359-a921-685918a3749b@group-94A36F0BEC2F-LeaderElection26] INFO  server.RaftServerConfigKeys (ConfUtils.java:logGet(46)) - raft.server.write.element-limit = 1024 (custom)
2023-08-25 11:36:19,982 [b4d41a5a-7f8b-4359-a921-685918a3749b@group-94A36F0BEC2F-LeaderElection26] INFO  server.RaftServerConfigKeys (ConfUtils.java:logGet(46)) - raft.server.write.follower.gap.ratio.max = -1.0 (default)
2023-08-25 11:36:19,982 [b4d41a5a-7f8b-4359-a921-685918a3749b@group-94A36F0BEC2F-LeaderElection26] INFO  impl.RoleInfo (RoleInfo.java:updateAndGet(139)) - b4d41a5a-7f8b-4359-a921-685918a3749b: start b4d41a5a-7f8b-4359-a921-685918a3749b@group-94A36F0BEC2F-LeaderStateImpl
2023-08-25 11:36:19,982 [b4d41a5a-7f8b-4359-a921-685918a3749b@group-94A36F0BEC2F-LeaderElection26] INFO  segmented.SegmentedRaftLogWorker (SegmentedRaftLogWorker.java:startLogSegment(447)) - b4d41a5a-7f8b-4359-a921-685918a3749b@group-94A36F0BEC2F-SegmentedRaftLogWorker: Starting segment from index:0
2023-08-25 11:36:19,987 [main] INFO  rpc.RpcClient (RpcClient.java:createVolume(461)) - Creating Volume: volume79256, with user25399 as owner and space quota set to -1 bytes, counts quota set to -1
2023-08-25 11:36:19,988 [b4d41a5a-7f8b-4359-a921-685918a3749b@group-94A36F0BEC2F-LeaderElection26] INFO  server.RaftServer$Division (ServerState.java:setRaftConf(434)) - b4d41a5a-7f8b-4359-a921-685918a3749b@group-94A36F0BEC2F: set configuration 0: peers:[b4d41a5a-7f8b-4359-a921-685918a3749b|rpc:10.1.0.52:15129|admin:10.1.0.52:15128|client:10.1.0.52:15127|dataStream:10.1.0.52:15130|priority:1|startupRole:FOLLOWER]|listeners:[], old=null
2023-08-25 11:36:19,994 [b4d41a5a-7f8b-4359-a921-685918a3749b@group-94A36F0BEC2F-SegmentedRaftLogWorker] INFO  segmented.SegmentedRaftLogWorker (SegmentedRaftLogWorker.java:execute(651)) - b4d41a5a-7f8b-4359-a921-685918a3749b@group-94A36F0BEC2F-SegmentedRaftLogWorker: created new log segment /home/runner/work/ozone/ozone/hadoop-ozone/integration-test/target/test-dir/MiniOzoneClusterImpl-9e80f0e6-d3ce-4c33-b1a3-32fa2c9dea98/datanode-1/data/ratis/a8a4249f-8f13-45f9-9e73-94a36f0bec2f/current/log_inprogress_0
2023-08-25 11:36:19,999 [OM StateMachine ApplyTransaction Thread - 0] INFO  volume.OMVolumeCreateRequest (OMVolumeCreateRequest.java:validateAndUpdateCache(196)) - created volume:volume79256 for user:user25399
2023-08-25 11:36:20,004 [main] INFO  rpc.RpcClient (RpcClient.java:createBucket(688)) - Creating Bucket: volume79256/bucket28461, with bucket layout LEGACY, runner as owner, Versioning false, Storage Type set to DISK and Encryption set to false, Replication Type set to server-side default replication type, Namespace Quota set to -1, Space Quota set to -1 
2023-08-25 11:36:20,006 [OM StateMachine ApplyTransaction Thread - 0] INFO  bucket.OMBucketCreateRequest (OMBucketCreateRequest.java:validateAndUpdateCache(270)) - created bucket: bucket28461 of layout LEGACY in volume: volume79256
]]></system-out>
  </testcase>
  <testcase name="testGetTrashRoot" classname="TestOzoneFileSystem" time="18.912">
    <system-out><![CDATA[2023-08-25 11:37:37,343 [main] INFO  ozone.MiniOzoneClusterImpl (MiniOzoneClusterImpl.java:shutdown(443)) - Shutting down the Mini Ozone Cluster
2023-08-25 11:37:37,344 [main] INFO  ozone.MiniOzoneClusterImpl (MiniOzoneClusterImpl.java:stop(460)) - Stopping the Mini Ozone Cluster
2023-08-25 11:37:37,344 [main] INFO  ozone.MiniOzoneClusterImpl (MiniOzoneClusterImpl.java:stopOM(551)) - Stopping the OzoneManager
2023-08-25 11:37:37,344 [main] INFO  om.OzoneManager (OzoneManager.java:stop(2187)) - om1[localhost:15110]: Stopping Ozone Manager
2023-08-25 11:37:37,344 [main] INFO  ipc.Server (Server.java:stop(3523)) - Stopping server on 15110
2023-08-25 11:37:37,349 [IPC Server listener on 15110] INFO  ipc.Server (Server.java:run(1434)) - Stopping IPC Server listener on 15110
2023-08-25 11:37:37,349 [IPC Server Responder] INFO  ipc.Server (Server.java:run(1567)) - Stopping IPC Server Responder
2023-08-25 11:37:37,351 [main] INFO  server.RaftServer (RaftServerProxy.java:lambda$close$6(416)) - om1: close
2023-08-25 11:37:37,352 [main] INFO  server.GrpcService (GrpcService.java:closeImpl(311)) - om1: shutdown server GrpcServerProtocolService now
2023-08-25 11:37:37,352 [om1-impl-thread2] INFO  server.RaftServer$Division (RaftServerImpl.java:lambda$close$4(466)) - om1@group-C5BA1605619E: shutdown
2023-08-25 11:37:37,353 [om1-impl-thread2] INFO  util.JmxRegister (JmxRegister.java:unregister(73)) - Successfully un-registered JMX Bean with object name Ratis:service=RaftServer,group=group-C5BA1605619E,id=om1
2023-08-25 11:37:37,353 [om1-impl-thread2] INFO  impl.RoleInfo (RoleInfo.java:shutdownLeaderState(93)) - om1: shutdown om1@group-C5BA1605619E-LeaderStateImpl
2023-08-25 11:37:37,353 [om1-impl-thread2] INFO  impl.PendingRequests (PendingRequests.java:sendNotLeaderResponses(289)) - om1@group-C5BA1605619E-PendingRequests: sendNotLeaderResponses
2023-08-25 11:37:37,360 [main] INFO  server.GrpcService (GrpcService.java:closeImpl(320)) - om1: shutdown server GrpcServerProtocolService successfully
2023-08-25 11:37:37,364 [om1@group-C5BA1605619E-StateMachineUpdater] INFO  ratis.OzoneManagerStateMachine (OzoneManagerStateMachine.java:takeSnapshot(480)) - Current Snapshot Index (t:1, i:37017)
2023-08-25 11:37:37,364 [om1-impl-thread2] INFO  impl.StateMachineUpdater (StateMachineUpdater.java:stopAndJoin(155)) - om1@group-C5BA1605619E-StateMachineUpdater: set stopIndex = 37017
2023-08-25 11:37:37,425 [om1@group-C5BA1605619E-StateMachineUpdater] INFO  impl.StateMachineUpdater (StateMachineUpdater.java:takeSnapshot(291)) - om1@group-C5BA1605619E-StateMachineUpdater: Took a snapshot at index 37017
2023-08-25 11:37:37,425 [om1@group-C5BA1605619E-StateMachineUpdater] INFO  impl.StateMachineUpdater (StateMachineUpdater.java:lambda$new$0(97)) - om1@group-C5BA1605619E-StateMachineUpdater: snapshotIndex: updateIncreasingly -1 -> 37017
2023-08-25 11:37:37,425 [om1@group-C5BA1605619E-StateMachineUpdater] INFO  ratis.OzoneManagerStateMachine (OzoneManagerStateMachine.java:close(534)) - StateMachine has shutdown. Shutdown OzoneManager if not already shutdown.
2023-08-25 11:37:37,425 [om1@group-C5BA1605619E-StateMachineUpdater] INFO  ratis.OzoneManagerDoubleBuffer (OzoneManagerDoubleBuffer.java:stopDaemon(551)) - Stopping OMDoubleBuffer flush thread
2023-08-25 11:37:37,425 [OMDoubleBufferFlushThread] INFO  ratis.OzoneManagerDoubleBuffer (OzoneManagerDoubleBuffer.java:canFlush(638)) - OMDoubleBuffer flush thread OMDoubleBufferFlushThread is interrupted and will exit.
2023-08-25 11:37:37,428 [om1-impl-thread2] INFO  server.RaftServer$Division (ServerState.java:close(472)) - om1@group-C5BA1605619E: closes. applyIndex: 37017
2023-08-25 11:37:38,343 [om1-impl-thread2] INFO  segmented.SegmentedRaftLogWorker (SegmentedRaftLogWorker.java:close(252)) - om1@group-C5BA1605619E-SegmentedRaftLogWorker close()
2023-08-25 11:37:38,345 [JvmPauseMonitor15] INFO  util.JvmPauseMonitor (JvmPauseMonitor.java:run(109)) - JvmPauseMonitor-om1: Stopped
2023-08-25 11:37:38,345 [main] INFO  ratis.OzoneManagerStateMachine (OzoneManagerStateMachine.java:close(534)) - StateMachine has shutdown. Shutdown OzoneManager if not already shutdown.
2023-08-25 11:37:38,345 [main] INFO  ratis.OzoneManagerDoubleBuffer (OzoneManagerDoubleBuffer.java:stopDaemon(560)) - OMDoubleBuffer flush thread is not running.
2023-08-25 11:37:38,346 [main] INFO  utils.BackgroundService (BackgroundService.java:shutdown(141)) - Shutting down service KeyDeletingService
2023-08-25 11:37:38,346 [main] INFO  utils.BackgroundService (BackgroundService.java:shutdown(141)) - Shutting down service KeyDeletingService
2023-08-25 11:37:38,346 [main] INFO  utils.BackgroundService (BackgroundService.java:shutdown(141)) - Shutting down service OpenKeyCleanupService
2023-08-25 11:37:38,347 [main] INFO  utils.BackgroundService (BackgroundService.java:shutdown(141)) - Shutting down service SstFilteringService
2023-08-25 11:37:38,347 [main] INFO  utils.BackgroundService (BackgroundService.java:shutdown(141)) - Shutting down service SnapshotDeletingService
2023-08-25 11:37:38,348 [main] INFO  handler.ContextHandler (ContextHandler.java:doStop(1159)) - Stopped o.e.j.w.WebAppContext@7df7fef2{ozoneManager,/,null,STOPPED}{file:/home/runner/work/ozone/ozone/hadoop-ozone/integration-test/target/test-classes/webapps/ozoneManager}
2023-08-25 11:37:38,349 [main] INFO  server.AbstractConnector (AbstractConnector.java:doStop(383)) - Stopped ServerConnector@33e3a1a9{HTTP/1.1, (http/1.1)}{0.0.0.0:15111}
2023-08-25 11:37:38,349 [main] INFO  server.session (HouseKeeper.java:stopScavenging(149)) - node0 Stopped scavenging
2023-08-25 11:37:38,349 [main] INFO  handler.ContextHandler (ContextHandler.java:doStop(1159)) - Stopped o.e.j.s.ServletContextHandler@e1d21f5{static,/static,file:///home/runner/work/ozone/ozone/hadoop-ozone/integration-test/target/test-classes/webapps/static,STOPPED}
2023-08-25 11:37:38,349 [main] INFO  handler.ContextHandler (ContextHandler.java:doStop(1159)) - Stopped o.e.j.s.ServletContextHandler@194904a4{logs,/logs,file:///home/runner/work/ozone/ozone/hadoop-ozone/integration-test/target/log,STOPPED}
2023-08-25 11:37:38,351 [main] INFO  rocksdiff.RocksDBCheckpointDiffer (RocksDBCheckpointDiffer.java:close(340)) - Shutting down CompactionDagPruningService.
2023-08-25 11:37:38,351 [Trash Emptier] ERROR om.TrashPolicyOzone (TrashPolicyOzone.java:run(350)) - Error attempting to shutdown
java.lang.InterruptedException
	at java.util.concurrent.locks.AbstractQueuedSynchronizer$ConditionObject.awaitNanos(AbstractQueuedSynchronizer.java:2067)
	at java.util.concurrent.ThreadPoolExecutor.awaitTermination(ThreadPoolExecutor.java:1475)
	at org.apache.hadoop.ozone.om.TrashPolicyOzone$Emptier.run(TrashPolicyOzone.java:348)
	at java.lang.Thread.run(Thread.java:750)
2023-08-25 11:37:38,355 [main] INFO  snapshot.SnapshotDiffManager (SnapshotDiffManager.java:closeExecutorService(1720)) - Shutting down executorService: 'SnapDiffExecutor'
2023-08-25 11:37:38,355 [main] INFO  snapshot.SnapshotDiffManager (SnapshotDiffManager.java:closeExecutorService(1720)) - Shutting down executorService: 'SstDumpToolExecutor'
2023-08-25 11:37:38,355 [main] INFO  utils.BackgroundService (BackgroundService.java:shutdown(141)) - Shutting down service SnapshotDiffCleanupService
2023-08-25 11:37:38,356 [main] INFO  ozone.MiniOzoneClusterImpl (MiniOzoneClusterImpl.java:stopDatanodes(528)) - Stopping the HddsDatanodes
2023-08-25 11:37:38,360 [ForkJoinPool.commonPool-worker-2] INFO  ozoneimpl.OzoneContainer (OzoneContainer.java:stop(451)) - Attempting to stop container services.
2023-08-25 11:37:38,361 [ForkJoinPool.commonPool-worker-2] INFO  server.RaftServer (RaftServerProxy.java:lambda$close$6(416)) - b4d41a5a-7f8b-4359-a921-685918a3749b: close
2023-08-25 11:37:38,361 [main] INFO  ozoneimpl.OzoneContainer (OzoneContainer.java:stop(451)) - Attempting to stop container services.
2023-08-25 11:37:38,361 [b4d41a5a-7f8b-4359-a921-685918a3749b-impl-thread2] INFO  server.RaftServer$Division (RaftServerImpl.java:lambda$close$4(466)) - b4d41a5a-7f8b-4359-a921-685918a3749b@group-F80FA185A2BB: shutdown
2023-08-25 11:37:38,361 [b4d41a5a-7f8b-4359-a921-685918a3749b-impl-thread2] INFO  util.JmxRegister (JmxRegister.java:unregister(73)) - Successfully un-registered JMX Bean with object name Ratis:service=RaftServer,group=group-F80FA185A2BB,id=b4d41a5a-7f8b-4359-a921-685918a3749b
2023-08-25 11:37:38,362 [b4d41a5a-7f8b-4359-a921-685918a3749b-impl-thread2] INFO  impl.RoleInfo (RoleInfo.java:shutdownFollowerState(110)) - b4d41a5a-7f8b-4359-a921-685918a3749b: shutdown b4d41a5a-7f8b-4359-a921-685918a3749b@group-F80FA185A2BB-FollowerState
2023-08-25 11:37:38,362 [b4d41a5a-7f8b-4359-a921-685918a3749b-impl-thread2] INFO  impl.StateMachineUpdater (StateMachineUpdater.java:stopAndJoin(155)) - b4d41a5a-7f8b-4359-a921-685918a3749b@group-F80FA185A2BB-StateMachineUpdater: set stopIndex = 22
2023-08-25 11:37:38,362 [b4d41a5a-7f8b-4359-a921-685918a3749b-impl-thread3] INFO  server.RaftServer$Division (RaftServerImpl.java:lambda$close$4(466)) - b4d41a5a-7f8b-4359-a921-685918a3749b@group-94A36F0BEC2F: shutdown
2023-08-25 11:37:38,362 [b4d41a5a-7f8b-4359-a921-685918a3749b@group-F80FA185A2BB-FollowerState] INFO  impl.FollowerState (FollowerState.java:run(152)) - b4d41a5a-7f8b-4359-a921-685918a3749b@group-F80FA185A2BB-FollowerState was interrupted
2023-08-25 11:37:38,362 [b4d41a5a-7f8b-4359-a921-685918a3749b-impl-thread3] INFO  util.JmxRegister (JmxRegister.java:unregister(73)) - Successfully un-registered JMX Bean with object name Ratis:service=RaftServer,group=group-94A36F0BEC2F,id=b4d41a5a-7f8b-4359-a921-685918a3749b
2023-08-25 11:37:38,363 [b4d41a5a-7f8b-4359-a921-685918a3749b-impl-thread3] INFO  impl.RoleInfo (RoleInfo.java:shutdownLeaderState(93)) - b4d41a5a-7f8b-4359-a921-685918a3749b: shutdown b4d41a5a-7f8b-4359-a921-685918a3749b@group-94A36F0BEC2F-LeaderStateImpl
2023-08-25 11:37:38,364 [ForkJoinPool.commonPool-worker-2] INFO  server.GrpcService (GrpcService.java:closeImpl(311)) - b4d41a5a-7f8b-4359-a921-685918a3749b: shutdown server org.apache.ratis.grpc.server.GrpcClientProtocolService now
2023-08-25 11:37:38,364 [b4d41a5a-7f8b-4359-a921-685918a3749b-impl-thread3] INFO  impl.PendingRequests (PendingRequests.java:sendNotLeaderResponses(289)) - b4d41a5a-7f8b-4359-a921-685918a3749b@group-94A36F0BEC2F-PendingRequests: sendNotLeaderResponses
2023-08-25 11:37:38,363 [main] INFO  server.RaftServer (RaftServerProxy.java:lambda$close$6(416)) - c6e0d301-09b2-4368-8fbf-181ce26f0a67: close
2023-08-25 11:37:38,362 [b4d41a5a-7f8b-4359-a921-685918a3749b@group-F80FA185A2BB-StateMachineUpdater] INFO  ratis.ContainerStateMachine (ContainerStateMachine.java:takeSnapshot(330)) - group-F80FA185A2BB: Taking a snapshot at:(t:1, i:22) file /home/runner/work/ozone/ozone/hadoop-ozone/integration-test/target/test-dir/MiniOzoneClusterImpl-9e80f0e6-d3ce-4c33-b1a3-32fa2c9dea98/datanode-1/data/ratis/cb516a08-dd33-47ff-9430-f80fa185a2bb/sm/snapshot.1_22
2023-08-25 11:37:38,366 [b4d41a5a-7f8b-4359-a921-685918a3749b-impl-thread3] INFO  impl.StateMachineUpdater (StateMachineUpdater.java:stopAndJoin(155)) - b4d41a5a-7f8b-4359-a921-685918a3749b@group-94A36F0BEC2F-StateMachineUpdater: set stopIndex = 0
2023-08-25 11:37:38,364 [b4d41a5a-7f8b-4359-a921-685918a3749b@group-94A36F0BEC2F-StateMachineUpdater] INFO  ratis.ContainerStateMachine (ContainerStateMachine.java:takeSnapshot(330)) - group-94A36F0BEC2F: Taking a snapshot at:(t:1, i:0) file /home/runner/work/ozone/ozone/hadoop-ozone/integration-test/target/test-dir/MiniOzoneClusterImpl-9e80f0e6-d3ce-4c33-b1a3-32fa2c9dea98/datanode-1/data/ratis/a8a4249f-8f13-45f9-9e73-94a36f0bec2f/sm/snapshot.1_0
2023-08-25 11:37:38,367 [b4d41a5a-7f8b-4359-a921-685918a3749b-impl-thread4] INFO  server.RaftServer$Division (RaftServerImpl.java:lambda$close$4(466)) - b4d41a5a-7f8b-4359-a921-685918a3749b@group-6ECDDACB944F: shutdown
2023-08-25 11:37:38,367 [b4d41a5a-7f8b-4359-a921-685918a3749b-impl-thread4] INFO  util.JmxRegister (JmxRegister.java:unregister(73)) - Successfully un-registered JMX Bean with object name Ratis:service=RaftServer,group=group-6ECDDACB944F,id=b4d41a5a-7f8b-4359-a921-685918a3749b
2023-08-25 11:37:38,367 [b4d41a5a-7f8b-4359-a921-685918a3749b-impl-thread4] INFO  impl.RoleInfo (RoleInfo.java:shutdownFollowerState(110)) - b4d41a5a-7f8b-4359-a921-685918a3749b: shutdown b4d41a5a-7f8b-4359-a921-685918a3749b@group-6ECDDACB944F-FollowerState
2023-08-25 11:37:38,367 [b4d41a5a-7f8b-4359-a921-685918a3749b@group-94A36F0BEC2F-StateMachineUpdater] INFO  ratis.ContainerStateMachine (ContainerStateMachine.java:takeSnapshot(341)) - group-94A36F0BEC2F: Finished taking a snapshot at:(t:1, i:0) file:/home/runner/work/ozone/ozone/hadoop-ozone/integration-test/target/test-dir/MiniOzoneClusterImpl-9e80f0e6-d3ce-4c33-b1a3-32fa2c9dea98/datanode-1/data/ratis/a8a4249f-8f13-45f9-9e73-94a36f0bec2f/sm/snapshot.1_0 took: 4 ms
2023-08-25 11:37:38,368 [b4d41a5a-7f8b-4359-a921-685918a3749b@group-94A36F0BEC2F-StateMachineUpdater] INFO  impl.StateMachineUpdater (StateMachineUpdater.java:takeSnapshot(291)) - b4d41a5a-7f8b-4359-a921-685918a3749b@group-94A36F0BEC2F-StateMachineUpdater: Took a snapshot at index 0
2023-08-25 11:37:38,368 [b4d41a5a-7f8b-4359-a921-685918a3749b@group-94A36F0BEC2F-StateMachineUpdater] INFO  impl.StateMachineUpdater (StateMachineUpdater.java:lambda$new$0(97)) - b4d41a5a-7f8b-4359-a921-685918a3749b@group-94A36F0BEC2F-StateMachineUpdater: snapshotIndex: updateIncreasingly -1 -> 0
2023-08-25 11:37:38,368 [b4d41a5a-7f8b-4359-a921-685918a3749b-impl-thread3] INFO  server.RaftServer$Division (ServerState.java:close(472)) - b4d41a5a-7f8b-4359-a921-685918a3749b@group-94A36F0BEC2F: closes. applyIndex: 0
2023-08-25 11:37:38,368 [ForkJoinPool.commonPool-worker-2] INFO  server.GrpcService (GrpcService.java:closeImpl(320)) - b4d41a5a-7f8b-4359-a921-685918a3749b: shutdown server org.apache.ratis.grpc.server.GrpcClientProtocolService successfully
2023-08-25 11:37:38,369 [ForkJoinPool.commonPool-worker-2] INFO  server.GrpcService (GrpcService.java:closeImpl(311)) - b4d41a5a-7f8b-4359-a921-685918a3749b: shutdown server GrpcServerProtocolService now
2023-08-25 11:37:38,369 [b4d41a5a-7f8b-4359-a921-685918a3749b@group-6ECDDACB944F-FollowerState] INFO  impl.FollowerState (FollowerState.java:run(152)) - b4d41a5a-7f8b-4359-a921-685918a3749b@group-6ECDDACB944F-FollowerState was interrupted
2023-08-25 11:37:38,373 [c6e0d301-09b2-4368-8fbf-181ce26f0a67-impl-thread2] INFO  server.RaftServer$Division (RaftServerImpl.java:lambda$close$4(466)) - c6e0d301-09b2-4368-8fbf-181ce26f0a67@group-F80FA185A2BB: shutdown
2023-08-25 11:37:38,373 [c6e0d301-09b2-4368-8fbf-181ce26f0a67-impl-thread2] INFO  util.JmxRegister (JmxRegister.java:unregister(73)) - Successfully un-registered JMX Bean with object name Ratis:service=RaftServer,group=group-F80FA185A2BB,id=c6e0d301-09b2-4368-8fbf-181ce26f0a67
2023-08-25 11:37:38,373 [c6e0d301-09b2-4368-8fbf-181ce26f0a67-impl-thread2] INFO  impl.RoleInfo (RoleInfo.java:shutdownFollowerState(110)) - c6e0d301-09b2-4368-8fbf-181ce26f0a67: shutdown c6e0d301-09b2-4368-8fbf-181ce26f0a67@group-F80FA185A2BB-FollowerState
2023-08-25 11:37:38,374 [main] INFO  server.GrpcService (GrpcService.java:closeImpl(311)) - c6e0d301-09b2-4368-8fbf-181ce26f0a67: shutdown server org.apache.ratis.grpc.server.GrpcClientProtocolService now
2023-08-25 11:37:38,374 [b4d41a5a-7f8b-4359-a921-685918a3749b@group-6ECDDACB944F-StateMachineUpdater] INFO  ratis.ContainerStateMachine (ContainerStateMachine.java:takeSnapshot(330)) - group-6ECDDACB944F: Taking a snapshot at:(t:1, i:9) file /home/runner/work/ozone/ozone/hadoop-ozone/integration-test/target/test-dir/MiniOzoneClusterImpl-9e80f0e6-d3ce-4c33-b1a3-32fa2c9dea98/datanode-1/data/ratis/8d62c634-b253-40da-84de-6ecddacb944f/sm/snapshot.1_9
2023-08-25 11:37:38,375 [b4d41a5a-7f8b-4359-a921-685918a3749b@group-F80FA185A2BB-StateMachineUpdater] INFO  ratis.ContainerStateMachine (ContainerStateMachine.java:takeSnapshot(341)) - group-F80FA185A2BB: Finished taking a snapshot at:(t:1, i:22) file:/home/runner/work/ozone/ozone/hadoop-ozone/integration-test/target/test-dir/MiniOzoneClusterImpl-9e80f0e6-d3ce-4c33-b1a3-32fa2c9dea98/datanode-1/data/ratis/cb516a08-dd33-47ff-9430-f80fa185a2bb/sm/snapshot.1_22 took: 13 ms
2023-08-25 11:37:38,376 [c6e0d301-09b2-4368-8fbf-181ce26f0a67-impl-thread4] INFO  server.RaftServer$Division (RaftServerImpl.java:lambda$close$4(466)) - c6e0d301-09b2-4368-8fbf-181ce26f0a67@group-39BB1A7F149E: shutdown
2023-08-25 11:37:38,377 [c6e0d301-09b2-4368-8fbf-181ce26f0a67-impl-thread4] INFO  util.JmxRegister (JmxRegister.java:unregister(73)) - Successfully un-registered JMX Bean with object name Ratis:service=RaftServer,group=group-39BB1A7F149E,id=c6e0d301-09b2-4368-8fbf-181ce26f0a67
2023-08-25 11:37:38,377 [c6e0d301-09b2-4368-8fbf-181ce26f0a67-impl-thread4] INFO  impl.RoleInfo (RoleInfo.java:shutdownLeaderState(93)) - c6e0d301-09b2-4368-8fbf-181ce26f0a67: shutdown c6e0d301-09b2-4368-8fbf-181ce26f0a67@group-39BB1A7F149E-LeaderStateImpl
2023-08-25 11:37:38,377 [c6e0d301-09b2-4368-8fbf-181ce26f0a67-impl-thread4] INFO  impl.PendingRequests (PendingRequests.java:sendNotLeaderResponses(289)) - c6e0d301-09b2-4368-8fbf-181ce26f0a67@group-39BB1A7F149E-PendingRequests: sendNotLeaderResponses
2023-08-25 11:37:38,377 [c6e0d301-09b2-4368-8fbf-181ce26f0a67-impl-thread4] INFO  impl.StateMachineUpdater (StateMachineUpdater.java:stopAndJoin(155)) - c6e0d301-09b2-4368-8fbf-181ce26f0a67@group-39BB1A7F149E-StateMachineUpdater: set stopIndex = 0
2023-08-25 11:37:38,378 [c6e0d301-09b2-4368-8fbf-181ce26f0a67@group-39BB1A7F149E-StateMachineUpdater] INFO  ratis.ContainerStateMachine (ContainerStateMachine.java:takeSnapshot(330)) - group-39BB1A7F149E: Taking a snapshot at:(t:1, i:0) file /home/runner/work/ozone/ozone/hadoop-ozone/integration-test/target/test-dir/MiniOzoneClusterImpl-9e80f0e6-d3ce-4c33-b1a3-32fa2c9dea98/datanode-2/data/ratis/4c7807a5-b094-45b1-8d1f-39bb1a7f149e/sm/snapshot.1_0
2023-08-25 11:37:38,374 [b4d41a5a-7f8b-4359-a921-685918a3749b-impl-thread4] INFO  impl.StateMachineUpdater (StateMachineUpdater.java:stopAndJoin(155)) - b4d41a5a-7f8b-4359-a921-685918a3749b@group-6ECDDACB944F-StateMachineUpdater: set stopIndex = 9
2023-08-25 11:37:38,381 [b4d41a5a-7f8b-4359-a921-685918a3749b@group-F80FA185A2BB-StateMachineUpdater] INFO  impl.StateMachineUpdater (StateMachineUpdater.java:takeSnapshot(291)) - b4d41a5a-7f8b-4359-a921-685918a3749b@group-F80FA185A2BB-StateMachineUpdater: Took a snapshot at index 22
2023-08-25 11:37:38,381 [b4d41a5a-7f8b-4359-a921-685918a3749b@group-F80FA185A2BB-StateMachineUpdater] INFO  impl.StateMachineUpdater (StateMachineUpdater.java:lambda$new$0(97)) - b4d41a5a-7f8b-4359-a921-685918a3749b@group-F80FA185A2BB-StateMachineUpdater: snapshotIndex: updateIncreasingly -1 -> 22
2023-08-25 11:37:38,381 [grpc-default-executor-0] WARN  server.GrpcServerProtocolService (LogUtils.java:warn(122)) - b4d41a5a-7f8b-4359-a921-685918a3749b: APPEND_ENTRIES onError, lastRequest: 41c35b0f-7d09-466e-a425-34196dd2af10->b4d41a5a-7f8b-4359-a921-685918a3749b#60-t1,previous=(t:1, i:21),leaderCommit=20,initializing? true,entries: size=1, first=(t:1, i:22), METADATAENTRY(c:20): org.apache.ratis.thirdparty.io.grpc.StatusRuntimeException: CANCELLED: client cancelled
2023-08-25 11:37:38,381 [c6e0d301-09b2-4368-8fbf-181ce26f0a67@group-39BB1A7F149E-StateMachineUpdater] INFO  ratis.ContainerStateMachine (ContainerStateMachine.java:takeSnapshot(341)) - group-39BB1A7F149E: Finished taking a snapshot at:(t:1, i:0) file:/home/runner/work/ozone/ozone/hadoop-ozone/integration-test/target/test-dir/MiniOzoneClusterImpl-9e80f0e6-d3ce-4c33-b1a3-32fa2c9dea98/datanode-2/data/ratis/4c7807a5-b094-45b1-8d1f-39bb1a7f149e/sm/snapshot.1_0 took: 3 ms
2023-08-25 11:37:38,381 [c6e0d301-09b2-4368-8fbf-181ce26f0a67@group-39BB1A7F149E-StateMachineUpdater] INFO  impl.StateMachineUpdater (StateMachineUpdater.java:takeSnapshot(291)) - c6e0d301-09b2-4368-8fbf-181ce26f0a67@group-39BB1A7F149E-StateMachineUpdater: Took a snapshot at index 0
2023-08-25 11:37:38,381 [c6e0d301-09b2-4368-8fbf-181ce26f0a67@group-39BB1A7F149E-StateMachineUpdater] INFO  impl.StateMachineUpdater (StateMachineUpdater.java:lambda$new$0(97)) - c6e0d301-09b2-4368-8fbf-181ce26f0a67@group-39BB1A7F149E-StateMachineUpdater: snapshotIndex: updateIncreasingly -1 -> 0
2023-08-25 11:37:38,384 [c6e0d301-09b2-4368-8fbf-181ce26f0a67-impl-thread4] INFO  server.RaftServer$Division (ServerState.java:close(472)) - c6e0d301-09b2-4368-8fbf-181ce26f0a67@group-39BB1A7F149E: closes. applyIndex: 0
2023-08-25 11:37:38,384 [grpc-default-executor-0] WARN  server.GrpcServerProtocolService (LogUtils.java:warn(122)) - b4d41a5a-7f8b-4359-a921-685918a3749b: APPEND_ENTRIES onError, lastRequest: c6e0d301-09b2-4368-8fbf-181ce26f0a67->b4d41a5a-7f8b-4359-a921-685918a3749b#50-t1,previous=(t:1, i:10),leaderCommit=9,initializing? true,entries: size=1, first=(t:1, i:11), METADATAENTRY(c:9): org.apache.ratis.thirdparty.io.grpc.StatusRuntimeException: CANCELLED: client cancelled
2023-08-25 11:37:38,384 [grpc-default-executor-2] WARN  server.GrpcClientProtocolService (LogUtils.java:warn(122)) - 1-OrderedRequestStreamObserver1: onError: org.apache.ratis.thirdparty.io.grpc.StatusRuntimeException: CANCELLED: client cancelled
2023-08-25 11:37:38,384 [c6e0d301-09b2-4368-8fbf-181ce26f0a67-impl-thread3] INFO  server.RaftServer$Division (RaftServerImpl.java:lambda$close$4(466)) - c6e0d301-09b2-4368-8fbf-181ce26f0a67@group-6ECDDACB944F: shutdown
2023-08-25 11:37:38,399 [c6e0d301-09b2-4368-8fbf-181ce26f0a67-impl-thread3] INFO  util.JmxRegister (JmxRegister.java:unregister(73)) - Successfully un-registered JMX Bean with object name Ratis:service=RaftServer,group=group-6ECDDACB944F,id=c6e0d301-09b2-4368-8fbf-181ce26f0a67
2023-08-25 11:37:38,400 [c6e0d301-09b2-4368-8fbf-181ce26f0a67-impl-thread3] INFO  impl.RoleInfo (RoleInfo.java:shutdownLeaderState(93)) - c6e0d301-09b2-4368-8fbf-181ce26f0a67: shutdown c6e0d301-09b2-4368-8fbf-181ce26f0a67@group-6ECDDACB944F-LeaderStateImpl
2023-08-25 11:37:38,400 [c6e0d301-09b2-4368-8fbf-181ce26f0a67-impl-thread3] INFO  impl.PendingRequests (PendingRequests.java:sendNotLeaderResponses(289)) - c6e0d301-09b2-4368-8fbf-181ce26f0a67@group-6ECDDACB944F-PendingRequests: sendNotLeaderResponses
2023-08-25 11:37:38,383 [ForkJoinPool.commonPool-worker-3] INFO  ozoneimpl.OzoneContainer (OzoneContainer.java:stop(451)) - Attempting to stop container services.
2023-08-25 11:37:38,383 [c6e0d301-09b2-4368-8fbf-181ce26f0a67@group-F80FA185A2BB-StateMachineUpdater] INFO  ratis.ContainerStateMachine (ContainerStateMachine.java:takeSnapshot(330)) - group-F80FA185A2BB: Taking a snapshot at:(t:1, i:22) file /home/runner/work/ozone/ozone/hadoop-ozone/integration-test/target/test-dir/MiniOzoneClusterImpl-9e80f0e6-d3ce-4c33-b1a3-32fa2c9dea98/datanode-2/data/ratis/cb516a08-dd33-47ff-9430-f80fa185a2bb/sm/snapshot.1_22
2023-08-25 11:37:38,402 [c6e0d301-09b2-4368-8fbf-181ce26f0a67@group-6ECDDACB944F->b4d41a5a-7f8b-4359-a921-685918a3749b-GrpcLogAppender-LogAppenderDaemon] WARN  server.GrpcLogAppender (GrpcLogAppender.java:mayWait(199)) - c6e0d301-09b2-4368-8fbf-181ce26f0a67@group-6ECDDACB944F->b4d41a5a-7f8b-4359-a921-685918a3749b-GrpcLogAppender: Wait interrupted by java.lang.InterruptedException
2023-08-25 11:37:38,402 [c6e0d301-09b2-4368-8fbf-181ce26f0a67@group-6ECDDACB944F->41c35b0f-7d09-466e-a425-34196dd2af10-GrpcLogAppender-LogAppenderDaemon] WARN  server.GrpcLogAppender (GrpcLogAppender.java:mayWait(199)) - c6e0d301-09b2-4368-8fbf-181ce26f0a67@group-6ECDDACB944F->41c35b0f-7d09-466e-a425-34196dd2af10-GrpcLogAppender: Wait interrupted by java.lang.InterruptedException
2023-08-25 11:37:38,383 [Thread-1694] INFO  server.GrpcServerProtocolClient (GrpcServerProtocolClient.java:close(103)) - b4d41a5a-7f8b-4359-a921-685918a3749b Close channels
2023-08-25 11:37:38,383 [c6e0d301-09b2-4368-8fbf-181ce26f0a67@group-F80FA185A2BB-FollowerState] INFO  impl.FollowerState (FollowerState.java:run(152)) - c6e0d301-09b2-4368-8fbf-181ce26f0a67@group-F80FA185A2BB-FollowerState was interrupted
2023-08-25 11:37:38,383 [c6e0d301-09b2-4368-8fbf-181ce26f0a67-impl-thread2] INFO  impl.StateMachineUpdater (StateMachineUpdater.java:stopAndJoin(155)) - c6e0d301-09b2-4368-8fbf-181ce26f0a67@group-F80FA185A2BB-StateMachineUpdater: set stopIndex = 22
2023-08-25 11:37:38,381 [b4d41a5a-7f8b-4359-a921-685918a3749b@group-6ECDDACB944F-StateMachineUpdater] INFO  ratis.ContainerStateMachine (ContainerStateMachine.java:takeSnapshot(341)) - group-6ECDDACB944F: Finished taking a snapshot at:(t:1, i:9) file:/home/runner/work/ozone/ozone/hadoop-ozone/integration-test/target/test-dir/MiniOzoneClusterImpl-9e80f0e6-d3ce-4c33-b1a3-32fa2c9dea98/datanode-1/data/ratis/8d62c634-b253-40da-84de-6ecddacb944f/sm/snapshot.1_9 took: 7 ms
2023-08-25 11:37:38,403 [b4d41a5a-7f8b-4359-a921-685918a3749b@group-6ECDDACB944F-StateMachineUpdater] INFO  impl.StateMachineUpdater (StateMachineUpdater.java:takeSnapshot(291)) - b4d41a5a-7f8b-4359-a921-685918a3749b@group-6ECDDACB944F-StateMachineUpdater: Took a snapshot at index 9
2023-08-25 11:37:38,403 [b4d41a5a-7f8b-4359-a921-685918a3749b@group-6ECDDACB944F-StateMachineUpdater] INFO  impl.StateMachineUpdater (StateMachineUpdater.java:lambda$new$0(97)) - b4d41a5a-7f8b-4359-a921-685918a3749b@group-6ECDDACB944F-StateMachineUpdater: snapshotIndex: updateIncreasingly -1 -> 9
2023-08-25 11:37:38,403 [grpc-default-executor-3] WARN  server.GrpcServerProtocolService (LogUtils.java:warn(122)) - b4d41a5a-7f8b-4359-a921-685918a3749b: APPEND_ENTRIES onError, lastRequest: null: org.apache.ratis.thirdparty.io.grpc.StatusRuntimeException: CANCELLED: client cancelled
2023-08-25 11:37:38,403 [c6e0d301-09b2-4368-8fbf-181ce26f0a67@group-F80FA185A2BB-StateMachineUpdater] INFO  ratis.ContainerStateMachine (ContainerStateMachine.java:takeSnapshot(341)) - group-F80FA185A2BB: Finished taking a snapshot at:(t:1, i:22) file:/home/runner/work/ozone/ozone/hadoop-ozone/integration-test/target/test-dir/MiniOzoneClusterImpl-9e80f0e6-d3ce-4c33-b1a3-32fa2c9dea98/datanode-2/data/ratis/cb516a08-dd33-47ff-9430-f80fa185a2bb/sm/snapshot.1_22 took: 20 ms
2023-08-25 11:37:38,397 [grpc-default-executor-5] WARN  server.GrpcServerProtocolService (LogUtils.java:warn(122)) - b4d41a5a-7f8b-4359-a921-685918a3749b: APPEND_ENTRIES onError, lastRequest: null: org.apache.ratis.thirdparty.io.grpc.StatusRuntimeException: CANCELLED: client cancelled
2023-08-25 11:37:38,404 [c6e0d301-09b2-4368-8fbf-181ce26f0a67@group-F80FA185A2BB-StateMachineUpdater] INFO  impl.StateMachineUpdater (StateMachineUpdater.java:takeSnapshot(291)) - c6e0d301-09b2-4368-8fbf-181ce26f0a67@group-F80FA185A2BB-StateMachineUpdater: Took a snapshot at index 22
2023-08-25 11:37:38,404 [c6e0d301-09b2-4368-8fbf-181ce26f0a67@group-F80FA185A2BB-StateMachineUpdater] INFO  impl.StateMachineUpdater (StateMachineUpdater.java:lambda$new$0(97)) - c6e0d301-09b2-4368-8fbf-181ce26f0a67@group-F80FA185A2BB-StateMachineUpdater: snapshotIndex: updateIncreasingly -1 -> 22
2023-08-25 11:37:38,397 [grpc-default-executor-2] WARN  server.GrpcLogAppender (LogUtils.java:warn(122)) - c6e0d301-09b2-4368-8fbf-181ce26f0a67@group-6ECDDACB944F->b4d41a5a-7f8b-4359-a921-685918a3749b-AppendLogResponseHandler: Failed appendEntries: org.apache.ratis.thirdparty.io.grpc.StatusRuntimeException: CANCELLED: RST_STREAM closed stream. HTTP/2 error code: CANCEL
2023-08-25 11:37:38,387 [Thread-1693] INFO  server.GrpcServerProtocolClient (GrpcServerProtocolClient.java:close(103)) - 41c35b0f-7d09-466e-a425-34196dd2af10 Close channels
2023-08-25 11:37:38,395 [grpc-default-executor-0] WARN  server.GrpcLogAppender (LogUtils.java:warn(122)) - 41c35b0f-7d09-466e-a425-34196dd2af10@group-F80FA185A2BB->b4d41a5a-7f8b-4359-a921-685918a3749b-AppendLogResponseHandler: Failed appendEntries: org.apache.ratis.thirdparty.io.grpc.StatusRuntimeException: CANCELLED: RST_STREAM closed stream. HTTP/2 error code: CANCEL
2023-08-25 11:37:38,394 [ForkJoinPool.commonPool-worker-2] INFO  server.GrpcService (GrpcService.java:closeImpl(320)) - b4d41a5a-7f8b-4359-a921-685918a3749b: shutdown server GrpcServerProtocolService successfully
2023-08-25 11:37:38,405 [ForkJoinPool.commonPool-worker-2] INFO  server.GrpcService (GrpcService.java:closeImpl(311)) - b4d41a5a-7f8b-4359-a921-685918a3749b: shutdown server org.apache.ratis.grpc.server.GrpcAdminProtocolService now
2023-08-25 11:37:38,389 [b4d41a5a-7f8b-4359-a921-685918a3749b-impl-thread2] INFO  server.RaftServer$Division (ServerState.java:close(472)) - b4d41a5a-7f8b-4359-a921-685918a3749b@group-F80FA185A2BB: closes. applyIndex: 22
2023-08-25 11:37:38,409 [grpc-default-executor-0] INFO  leader.FollowerInfo (FollowerInfoImpl.java:lambda$new$0(52)) - 41c35b0f-7d09-466e-a425-34196dd2af10@group-F80FA185A2BB->b4d41a5a-7f8b-4359-a921-685918a3749b: decreaseNextIndex nextIndex: updateUnconditionally 23 -> 22
2023-08-25 11:37:38,409 [grpc-default-executor-8] WARN  server.GrpcLogAppender (LogUtils.java:warn(122)) - 41c35b0f-7d09-466e-a425-34196dd2af10@group-F80FA185A2BB->b4d41a5a-7f8b-4359-a921-685918a3749b-AppendLogResponseHandler: Failed appendEntries: org.apache.ratis.thirdparty.io.grpc.StatusRuntimeException: CANCELLED: RST_STREAM closed stream. HTTP/2 error code: CANCEL
2023-08-25 11:37:38,410 [grpc-default-executor-7] WARN  server.GrpcClientProtocolService (LogUtils.java:warn(122)) - 2-UnorderedRequestStreamObserver2: onError: org.apache.ratis.thirdparty.io.grpc.StatusRuntimeException: CANCELLED: client cancelled
2023-08-25 11:37:38,420 [grpc-default-executor-2] WARN  server.GrpcLogAppender (GrpcLogAppender.java:resetClient(137)) - c6e0d301-09b2-4368-8fbf-181ce26f0a67@group-6ECDDACB944F->b4d41a5a-7f8b-4359-a921-685918a3749b-GrpcLogAppender: Failed to getClient for b4d41a5a-7f8b-4359-a921-685918a3749b
org.apache.ratis.protocol.exceptions.AlreadyClosedException: c6e0d301-09b2-4368-8fbf-181ce26f0a67 is already CLOSED
	at org.apache.ratis.util.PeerProxyMap$PeerAndProxy.getProxy(PeerProxyMap.java:61)
	at org.apache.ratis.util.PeerProxyMap.getProxy(PeerProxyMap.java:115)
	at org.apache.ratis.grpc.server.GrpcLogAppender.getClient(GrpcLogAppender.java:112)
	at org.apache.ratis.grpc.server.GrpcLogAppender.resetClient(GrpcLogAppender.java:117)
	at org.apache.ratis.grpc.server.GrpcLogAppender.access$500(GrpcLogAppender.java:56)
	at org.apache.ratis.grpc.server.GrpcLogAppender$AppendLogResponseHandler.onError(GrpcLogAppender.java:423)
	at org.apache.ratis.thirdparty.io.grpc.stub.ClientCalls$StreamObserverToCallListenerAdapter.onClose(ClientCalls.java:487)
	at org.apache.ratis.thirdparty.io.grpc.internal.ClientCallImpl.closeObserver(ClientCallImpl.java:563)
	at org.apache.ratis.thirdparty.io.grpc.internal.ClientCallImpl.access$300(ClientCallImpl.java:70)
	at org.apache.ratis.thirdparty.io.grpc.internal.ClientCallImpl$ClientStreamListenerImpl$1StreamClosed.runInternal(ClientCallImpl.java:744)
	at org.apache.ratis.thirdparty.io.grpc.internal.ClientCallImpl$ClientStreamListenerImpl$1StreamClosed.runInContext(ClientCallImpl.java:723)
	at org.apache.ratis.thirdparty.io.grpc.internal.ContextRunnable.run(ContextRunnable.java:37)
	at org.apache.ratis.thirdparty.io.grpc.internal.SerializingExecutor.run(SerializingExecutor.java:133)
	at java.util.concurrent.ThreadPoolExecutor.runWorker(ThreadPoolExecutor.java:1149)
	at java.util.concurrent.ThreadPoolExecutor$Worker.run(ThreadPoolExecutor.java:624)
	at java.lang.Thread.run(Thread.java:750)
2023-08-25 11:37:38,410 [grpc-default-executor-8] INFO  leader.FollowerInfo (FollowerInfoImpl.java:lambda$new$0(52)) - 41c35b0f-7d09-466e-a425-34196dd2af10@group-F80FA185A2BB->b4d41a5a-7f8b-4359-a921-685918a3749b: decreaseNextIndex nextIndex: updateUnconditionally 22 -> 21
2023-08-25 11:37:38,421 [grpc-default-executor-8] INFO  server.GrpcServerProtocolService (GrpcServerProtocolService.java:onCompleted(155)) - 41c35b0f-7d09-466e-a425-34196dd2af10: Completed APPEND_ENTRIES, lastRequest: null
2023-08-25 11:37:38,423 [grpc-default-executor-9] INFO  server.GrpcLogAppender (GrpcLogAppender.java:onError(417)) - c6e0d301-09b2-4368-8fbf-181ce26f0a67@group-6ECDDACB944F->b4d41a5a-7f8b-4359-a921-685918a3749b-GrpcLogAppender is already stopped
2023-08-25 11:37:38,423 [c6e0d301-09b2-4368-8fbf-181ce26f0a67@group-6ECDDACB944F-StateMachineUpdater] INFO  ratis.ContainerStateMachine (ContainerStateMachine.java:takeSnapshot(330)) - group-6ECDDACB944F: Taking a snapshot at:(t:1, i:11) file /home/runner/work/ozone/ozone/hadoop-ozone/integration-test/target/test-dir/MiniOzoneClusterImpl-9e80f0e6-d3ce-4c33-b1a3-32fa2c9dea98/datanode-2/data/ratis/8d62c634-b253-40da-84de-6ecddacb944f/sm/snapshot.1_11
2023-08-25 11:37:38,423 [c6e0d301-09b2-4368-8fbf-181ce26f0a67-impl-thread3] INFO  impl.StateMachineUpdater (StateMachineUpdater.java:stopAndJoin(155)) - c6e0d301-09b2-4368-8fbf-181ce26f0a67@group-6ECDDACB944F-StateMachineUpdater: set stopIndex = 11
2023-08-25 11:37:38,424 [ForkJoinPool.commonPool-worker-3] INFO  server.RaftServer (RaftServerProxy.java:lambda$close$6(416)) - 41c35b0f-7d09-466e-a425-34196dd2af10: close
2023-08-25 11:37:38,425 [c6e0d301-09b2-4368-8fbf-181ce26f0a67-impl-thread2] INFO  server.RaftServer$Division (ServerState.java:close(472)) - c6e0d301-09b2-4368-8fbf-181ce26f0a67@group-F80FA185A2BB: closes. applyIndex: 22
2023-08-25 11:37:38,425 [c6e0d301-09b2-4368-8fbf-181ce26f0a67@group-6ECDDACB944F-StateMachineUpdater] INFO  ratis.ContainerStateMachine (ContainerStateMachine.java:takeSnapshot(341)) - group-6ECDDACB944F: Finished taking a snapshot at:(t:1, i:11) file:/home/runner/work/ozone/ozone/hadoop-ozone/integration-test/target/test-dir/MiniOzoneClusterImpl-9e80f0e6-d3ce-4c33-b1a3-32fa2c9dea98/datanode-2/data/ratis/8d62c634-b253-40da-84de-6ecddacb944f/sm/snapshot.1_11 took: 2 ms
2023-08-25 11:37:38,425 [c6e0d301-09b2-4368-8fbf-181ce26f0a67@group-6ECDDACB944F-StateMachineUpdater] INFO  impl.StateMachineUpdater (StateMachineUpdater.java:takeSnapshot(291)) - c6e0d301-09b2-4368-8fbf-181ce26f0a67@group-6ECDDACB944F-StateMachineUpdater: Took a snapshot at index 11
2023-08-25 11:37:38,425 [c6e0d301-09b2-4368-8fbf-181ce26f0a67@group-6ECDDACB944F-StateMachineUpdater] INFO  impl.StateMachineUpdater (StateMachineUpdater.java:lambda$new$0(97)) - c6e0d301-09b2-4368-8fbf-181ce26f0a67@group-6ECDDACB944F-StateMachineUpdater: snapshotIndex: updateIncreasingly -1 -> 11
2023-08-25 11:37:38,427 [ForkJoinPool.commonPool-worker-2] INFO  server.GrpcService (GrpcService.java:closeImpl(320)) - b4d41a5a-7f8b-4359-a921-685918a3749b: shutdown server org.apache.ratis.grpc.server.GrpcAdminProtocolService successfully
2023-08-25 11:37:38,427 [b4d41a5a-7f8b-4359-a921-685918a3749b-NettyServerStreamRpc-bossGroup--thread1] INFO  logging.LoggingHandler (AbstractInternalLogger.java:log(148)) - [id: 0x59dfc671, L:/0:0:0:0:0:0:0:0:15130] CLOSE
2023-08-25 11:37:38,427 [b4d41a5a-7f8b-4359-a921-685918a3749b-NettyServerStreamRpc-bossGroup--thread1] INFO  logging.LoggingHandler (AbstractInternalLogger.java:log(148)) - [id: 0x59dfc671, L:/0:0:0:0:0:0:0:0:15130] INACTIVE
2023-08-25 11:37:38,427 [b4d41a5a-7f8b-4359-a921-685918a3749b-NettyServerStreamRpc-bossGroup--thread1] INFO  logging.LoggingHandler (AbstractInternalLogger.java:log(148)) - [id: 0x59dfc671, L:/0:0:0:0:0:0:0:0:15130] UNREGISTERED
2023-08-25 11:37:38,429 [41c35b0f-7d09-466e-a425-34196dd2af10-impl-thread2] INFO  server.RaftServer$Division (RaftServerImpl.java:lambda$close$4(466)) - 41c35b0f-7d09-466e-a425-34196dd2af10@group-F80FA185A2BB: shutdown
2023-08-25 11:37:38,429 [41c35b0f-7d09-466e-a425-34196dd2af10-impl-thread2] INFO  util.JmxRegister (JmxRegister.java:unregister(73)) - Successfully un-registered JMX Bean with object name Ratis:service=RaftServer,group=group-F80FA185A2BB,id=41c35b0f-7d09-466e-a425-34196dd2af10
2023-08-25 11:37:38,430 [41c35b0f-7d09-466e-a425-34196dd2af10-impl-thread2] INFO  impl.RoleInfo (RoleInfo.java:shutdownLeaderState(93)) - 41c35b0f-7d09-466e-a425-34196dd2af10: shutdown 41c35b0f-7d09-466e-a425-34196dd2af10@group-F80FA185A2BB-LeaderStateImpl
2023-08-25 11:37:38,432 [41c35b0f-7d09-466e-a425-34196dd2af10-impl-thread3] INFO  server.RaftServer$Division (RaftServerImpl.java:lambda$close$4(466)) - 41c35b0f-7d09-466e-a425-34196dd2af10@group-6ECDDACB944F: shutdown
2023-08-25 11:37:38,432 [41c35b0f-7d09-466e-a425-34196dd2af10-impl-thread3] INFO  util.JmxRegister (JmxRegister.java:unregister(73)) - Successfully un-registered JMX Bean with object name Ratis:service=RaftServer,group=group-6ECDDACB944F,id=41c35b0f-7d09-466e-a425-34196dd2af10
2023-08-25 11:37:38,432 [41c35b0f-7d09-466e-a425-34196dd2af10-impl-thread3] INFO  impl.RoleInfo (RoleInfo.java:shutdownFollowerState(110)) - 41c35b0f-7d09-466e-a425-34196dd2af10: shutdown 41c35b0f-7d09-466e-a425-34196dd2af10@group-6ECDDACB944F-FollowerState
2023-08-25 11:37:38,432 [ForkJoinPool.commonPool-worker-3] INFO  server.GrpcService (GrpcService.java:closeImpl(311)) - 41c35b0f-7d09-466e-a425-34196dd2af10: shutdown server org.apache.ratis.grpc.server.GrpcClientProtocolService now
2023-08-25 11:37:38,438 [grpc-default-executor-7] INFO  server.GrpcServerProtocolService (GrpcServerProtocolService.java:onCompleted(155)) - 41c35b0f-7d09-466e-a425-34196dd2af10: Completed APPEND_ENTRIES, lastRequest: c6e0d301-09b2-4368-8fbf-181ce26f0a67->41c35b0f-7d09-466e-a425-34196dd2af10#50-t1,previous=(t:1, i:10),leaderCommit=9,initializing? true,entries: size=1, first=(t:1, i:11), METADATAENTRY(c:9)
2023-08-25 11:37:38,438 [grpc-default-executor-7] INFO  server.GrpcServerProtocolService (GrpcServerProtocolService.java:lambda$onCompleted$5(157)) - 41c35b0f-7d09-466e-a425-34196dd2af10: Completed APPEND_ENTRIES, lastReply: null
2023-08-25 11:37:38,439 [41c35b0f-7d09-466e-a425-34196dd2af10-impl-thread4] INFO  server.RaftServer$Division (RaftServerImpl.java:lambda$close$4(466)) - 41c35b0f-7d09-466e-a425-34196dd2af10@group-4FD54EB9C075: shutdown
2023-08-25 11:37:38,439 [b4d41a5a-7f8b-4359-a921-685918a3749b-impl-thread4] INFO  server.RaftServer$Division (ServerState.java:close(472)) - b4d41a5a-7f8b-4359-a921-685918a3749b@group-6ECDDACB944F: closes. applyIndex: 9
2023-08-25 11:37:38,439 [grpc-default-executor-8] INFO  server.GrpcServerProtocolService (GrpcServerProtocolService.java:lambda$onCompleted$5(157)) - 41c35b0f-7d09-466e-a425-34196dd2af10: Completed APPEND_ENTRIES, lastReply: serverReply {
  requestorId: "c6e0d301-09b2-4368-8fbf-181ce26f0a67"
  replyId: "41c35b0f-7d09-466e-a425-34196dd2af10"
  raftGroupId {
    id: "\215b\3064\262S@\332\204\336n\315\332\313\224O"
  }
  callId: 46
  success: true
}
term: 1
nextIndex: 8
followerCommit: 7
matchIndex: 18446744073709551615
isHearbeat: true

2023-08-25 11:37:38,440 [41c35b0f-7d09-466e-a425-34196dd2af10-impl-thread4] INFO  util.JmxRegister (JmxRegister.java:unregister(73)) - Successfully un-registered JMX Bean with object name Ratis:service=RaftServer,group=group-4FD54EB9C075,id=41c35b0f-7d09-466e-a425-34196dd2af10
2023-08-25 11:37:38,440 [41c35b0f-7d09-466e-a425-34196dd2af10-impl-thread4] INFO  impl.RoleInfo (RoleInfo.java:shutdownLeaderState(93)) - 41c35b0f-7d09-466e-a425-34196dd2af10: shutdown 41c35b0f-7d09-466e-a425-34196dd2af10@group-4FD54EB9C075-LeaderStateImpl
2023-08-25 11:37:38,440 [41c35b0f-7d09-466e-a425-34196dd2af10-impl-thread4] INFO  impl.PendingRequests (PendingRequests.java:sendNotLeaderResponses(289)) - 41c35b0f-7d09-466e-a425-34196dd2af10@group-4FD54EB9C075-PendingRequests: sendNotLeaderResponses
2023-08-25 11:37:38,440 [41c35b0f-7d09-466e-a425-34196dd2af10-impl-thread4] INFO  impl.StateMachineUpdater (StateMachineUpdater.java:stopAndJoin(155)) - 41c35b0f-7d09-466e-a425-34196dd2af10@group-4FD54EB9C075-StateMachineUpdater: set stopIndex = 0
2023-08-25 11:37:38,440 [41c35b0f-7d09-466e-a425-34196dd2af10@group-4FD54EB9C075-StateMachineUpdater] INFO  ratis.ContainerStateMachine (ContainerStateMachine.java:takeSnapshot(330)) - group-4FD54EB9C075: Taking a snapshot at:(t:1, i:0) file /home/runner/work/ozone/ozone/hadoop-ozone/integration-test/target/test-dir/MiniOzoneClusterImpl-9e80f0e6-d3ce-4c33-b1a3-32fa2c9dea98/datanode-0/data/ratis/1499a42b-8f08-48f1-b12c-4fd54eb9c075/sm/snapshot.1_0
2023-08-25 11:37:38,441 [grpc-default-executor-5] INFO  server.GrpcLogAppender (GrpcLogAppender.java:onCompleted(428)) - c6e0d301-09b2-4368-8fbf-181ce26f0a67@group-6ECDDACB944F->41c35b0f-7d09-466e-a425-34196dd2af10-AppendLogResponseHandler: follower responses appendEntries COMPLETED
2023-08-25 11:37:38,442 [41c35b0f-7d09-466e-a425-34196dd2af10@group-4FD54EB9C075-StateMachineUpdater] INFO  ratis.ContainerStateMachine (ContainerStateMachine.java:takeSnapshot(341)) - group-4FD54EB9C075: Finished taking a snapshot at:(t:1, i:0) file:/home/runner/work/ozone/ozone/hadoop-ozone/integration-test/target/test-dir/MiniOzoneClusterImpl-9e80f0e6-d3ce-4c33-b1a3-32fa2c9dea98/datanode-0/data/ratis/1499a42b-8f08-48f1-b12c-4fd54eb9c075/sm/snapshot.1_0 took: 1 ms
2023-08-25 11:37:38,442 [41c35b0f-7d09-466e-a425-34196dd2af10@group-4FD54EB9C075-StateMachineUpdater] INFO  impl.StateMachineUpdater (StateMachineUpdater.java:takeSnapshot(291)) - 41c35b0f-7d09-466e-a425-34196dd2af10@group-4FD54EB9C075-StateMachineUpdater: Took a snapshot at index 0
2023-08-25 11:37:38,442 [41c35b0f-7d09-466e-a425-34196dd2af10@group-4FD54EB9C075-StateMachineUpdater] INFO  impl.StateMachineUpdater (StateMachineUpdater.java:lambda$new$0(97)) - 41c35b0f-7d09-466e-a425-34196dd2af10@group-4FD54EB9C075-StateMachineUpdater: snapshotIndex: updateIncreasingly -1 -> 0
2023-08-25 11:37:38,443 [41c35b0f-7d09-466e-a425-34196dd2af10-impl-thread4] INFO  server.RaftServer$Division (ServerState.java:close(472)) - 41c35b0f-7d09-466e-a425-34196dd2af10@group-4FD54EB9C075: closes. applyIndex: 0
2023-08-25 11:37:38,446 [Thread-1702] INFO  server.GrpcServerProtocolClient (GrpcServerProtocolClient.java:close(103)) - c6e0d301-09b2-4368-8fbf-181ce26f0a67 Close channels
2023-08-25 11:37:38,447 [41c35b0f-7d09-466e-a425-34196dd2af10-impl-thread3] INFO  impl.StateMachineUpdater (StateMachineUpdater.java:stopAndJoin(155)) - 41c35b0f-7d09-466e-a425-34196dd2af10@group-6ECDDACB944F-StateMachineUpdater: set stopIndex = 9
2023-08-25 11:37:38,447 [41c35b0f-7d09-466e-a425-34196dd2af10@group-6ECDDACB944F-FollowerState] INFO  impl.FollowerState (FollowerState.java:run(152)) - 41c35b0f-7d09-466e-a425-34196dd2af10@group-6ECDDACB944F-FollowerState was interrupted
2023-08-25 11:37:38,447 [41c35b0f-7d09-466e-a425-34196dd2af10@group-6ECDDACB944F-StateMachineUpdater] INFO  ratis.ContainerStateMachine (ContainerStateMachine.java:takeSnapshot(330)) - group-6ECDDACB944F: Taking a snapshot at:(t:1, i:9) file /home/runner/work/ozone/ozone/hadoop-ozone/integration-test/target/test-dir/MiniOzoneClusterImpl-9e80f0e6-d3ce-4c33-b1a3-32fa2c9dea98/datanode-0/data/ratis/8d62c634-b253-40da-84de-6ecddacb944f/sm/snapshot.1_9
2023-08-25 11:37:38,447 [41c35b0f-7d09-466e-a425-34196dd2af10@group-F80FA185A2BB->c6e0d301-09b2-4368-8fbf-181ce26f0a67-GrpcLogAppender-LogAppenderDaemon] WARN  server.GrpcLogAppender (GrpcLogAppender.java:mayWait(199)) - 41c35b0f-7d09-466e-a425-34196dd2af10@group-F80FA185A2BB->c6e0d301-09b2-4368-8fbf-181ce26f0a67-GrpcLogAppender: Wait interrupted by java.lang.InterruptedException
2023-08-25 11:37:38,447 [41c35b0f-7d09-466e-a425-34196dd2af10@group-F80FA185A2BB->b4d41a5a-7f8b-4359-a921-685918a3749b-GrpcLogAppender-LogAppenderDaemon] WARN  server.GrpcLogAppender (GrpcLogAppender.java:mayWait(199)) - 41c35b0f-7d09-466e-a425-34196dd2af10@group-F80FA185A2BB->b4d41a5a-7f8b-4359-a921-685918a3749b-GrpcLogAppender: Wait interrupted by java.lang.InterruptedException
2023-08-25 11:37:38,447 [41c35b0f-7d09-466e-a425-34196dd2af10-impl-thread2] INFO  impl.PendingRequests (PendingRequests.java:sendNotLeaderResponses(289)) - 41c35b0f-7d09-466e-a425-34196dd2af10@group-F80FA185A2BB-PendingRequests: sendNotLeaderResponses
2023-08-25 11:37:38,448 [Thread-1704] INFO  server.GrpcServerProtocolClient (GrpcServerProtocolClient.java:close(103)) - b4d41a5a-7f8b-4359-a921-685918a3749b Close channels
2023-08-25 11:37:38,451 [41c35b0f-7d09-466e-a425-34196dd2af10@group-6ECDDACB944F-StateMachineUpdater] INFO  ratis.ContainerStateMachine (ContainerStateMachine.java:takeSnapshot(341)) - group-6ECDDACB944F: Finished taking a snapshot at:(t:1, i:9) file:/home/runner/work/ozone/ozone/hadoop-ozone/integration-test/target/test-dir/MiniOzoneClusterImpl-9e80f0e6-d3ce-4c33-b1a3-32fa2c9dea98/datanode-0/data/ratis/8d62c634-b253-40da-84de-6ecddacb944f/sm/snapshot.1_9 took: 4 ms
2023-08-25 11:37:38,451 [41c35b0f-7d09-466e-a425-34196dd2af10@group-6ECDDACB944F-StateMachineUpdater] INFO  impl.StateMachineUpdater (StateMachineUpdater.java:takeSnapshot(291)) - 41c35b0f-7d09-466e-a425-34196dd2af10@group-6ECDDACB944F-StateMachineUpdater: Took a snapshot at index 9
2023-08-25 11:37:38,451 [41c35b0f-7d09-466e-a425-34196dd2af10@group-6ECDDACB944F-StateMachineUpdater] INFO  impl.StateMachineUpdater (StateMachineUpdater.java:lambda$new$0(97)) - 41c35b0f-7d09-466e-a425-34196dd2af10@group-6ECDDACB944F-StateMachineUpdater: snapshotIndex: updateIncreasingly -1 -> 9
2023-08-25 11:37:38,456 [c6e0d301-09b2-4368-8fbf-181ce26f0a67-impl-thread3] INFO  server.RaftServer$Division (ServerState.java:close(472)) - c6e0d301-09b2-4368-8fbf-181ce26f0a67@group-6ECDDACB944F: closes. applyIndex: 11
2023-08-25 11:37:38,457 [41c35b0f-7d09-466e-a425-34196dd2af10-impl-thread3] INFO  server.RaftServer$Division (ServerState.java:close(472)) - 41c35b0f-7d09-466e-a425-34196dd2af10@group-6ECDDACB944F: closes. applyIndex: 9
2023-08-25 11:37:38,467 [grpc-default-executor-10] INFO  server.GrpcLogAppender (GrpcLogAppender.java:onCompleted(428)) - c6e0d301-09b2-4368-8fbf-181ce26f0a67@group-6ECDDACB944F->41c35b0f-7d09-466e-a425-34196dd2af10-AppendLogResponseHandler: follower responses appendEntries COMPLETED
2023-08-25 11:37:38,469 [grpc-default-executor-5] WARN  server.GrpcLogAppender (GrpcLogAppender.java:resetClient(137)) - c6e0d301-09b2-4368-8fbf-181ce26f0a67@group-6ECDDACB944F->41c35b0f-7d09-466e-a425-34196dd2af10-GrpcLogAppender: Failed to getClient for 41c35b0f-7d09-466e-a425-34196dd2af10
org.apache.ratis.protocol.exceptions.AlreadyClosedException: c6e0d301-09b2-4368-8fbf-181ce26f0a67 is already CLOSED
	at org.apache.ratis.util.PeerProxyMap$PeerAndProxy.getProxy(PeerProxyMap.java:61)
	at org.apache.ratis.util.PeerProxyMap.getProxy(PeerProxyMap.java:115)
	at org.apache.ratis.grpc.server.GrpcLogAppender.getClient(GrpcLogAppender.java:112)
	at org.apache.ratis.grpc.server.GrpcLogAppender.resetClient(GrpcLogAppender.java:117)
	at org.apache.ratis.grpc.server.GrpcLogAppender.access$500(GrpcLogAppender.java:56)
	at org.apache.ratis.grpc.server.GrpcLogAppender$AppendLogResponseHandler.onCompleted(GrpcLogAppender.java:429)
	at org.apache.ratis.thirdparty.io.grpc.stub.ClientCalls$StreamObserverToCallListenerAdapter.onClose(ClientCalls.java:485)
	at org.apache.ratis.thirdparty.io.grpc.internal.ClientCallImpl.closeObserver(ClientCallImpl.java:563)
	at org.apache.ratis.thirdparty.io.grpc.internal.ClientCallImpl.access$300(ClientCallImpl.java:70)
	at org.apache.ratis.thirdparty.io.grpc.internal.ClientCallImpl$ClientStreamListenerImpl$1StreamClosed.runInternal(ClientCallImpl.java:744)
	at org.apache.ratis.thirdparty.io.grpc.internal.ClientCallImpl$ClientStreamListenerImpl$1StreamClosed.runInContext(ClientCallImpl.java:723)
	at org.apache.ratis.thirdparty.io.grpc.internal.ContextRunnable.run(ContextRunnable.java:37)
	at org.apache.ratis.thirdparty.io.grpc.internal.SerializingExecutor.run(SerializingExecutor.java:133)
	at java.util.concurrent.ThreadPoolExecutor.runWorker(ThreadPoolExecutor.java:1149)
	at java.util.concurrent.ThreadPoolExecutor$Worker.run(ThreadPoolExecutor.java:624)
	at java.lang.Thread.run(Thread.java:750)
2023-08-25 11:37:38,470 [grpc-default-executor-10] WARN  server.GrpcLogAppender (GrpcLogAppender.java:resetClient(137)) - c6e0d301-09b2-4368-8fbf-181ce26f0a67@group-6ECDDACB944F->41c35b0f-7d09-466e-a425-34196dd2af10-GrpcLogAppender: Failed to getClient for 41c35b0f-7d09-466e-a425-34196dd2af10
org.apache.ratis.protocol.exceptions.AlreadyClosedException: c6e0d301-09b2-4368-8fbf-181ce26f0a67 is already CLOSED
	at org.apache.ratis.util.PeerProxyMap$PeerAndProxy.getProxy(PeerProxyMap.java:61)
	at org.apache.ratis.util.PeerProxyMap.getProxy(PeerProxyMap.java:115)
	at org.apache.ratis.grpc.server.GrpcLogAppender.getClient(GrpcLogAppender.java:112)
	at org.apache.ratis.grpc.server.GrpcLogAppender.resetClient(GrpcLogAppender.java:117)
	at org.apache.ratis.grpc.server.GrpcLogAppender.access$500(GrpcLogAppender.java:56)
	at org.apache.ratis.grpc.server.GrpcLogAppender$AppendLogResponseHandler.onCompleted(GrpcLogAppender.java:429)
	at org.apache.ratis.thirdparty.io.grpc.stub.ClientCalls$StreamObserverToCallListenerAdapter.onClose(ClientCalls.java:485)
	at org.apache.ratis.thirdparty.io.grpc.internal.ClientCallImpl.closeObserver(ClientCallImpl.java:563)
	at org.apache.ratis.thirdparty.io.grpc.internal.ClientCallImpl.access$300(ClientCallImpl.java:70)
	at org.apache.ratis.thirdparty.io.grpc.internal.ClientCallImpl$ClientStreamListenerImpl$1StreamClosed.runInternal(ClientCallImpl.java:744)
	at org.apache.ratis.thirdparty.io.grpc.internal.ClientCallImpl$ClientStreamListenerImpl$1StreamClosed.runInContext(ClientCallImpl.java:723)
	at org.apache.ratis.thirdparty.io.grpc.internal.ContextRunnable.run(ContextRunnable.java:37)
	at org.apache.ratis.thirdparty.io.grpc.internal.SerializingExecutor.run(SerializingExecutor.java:133)
	at java.util.concurrent.ThreadPoolExecutor.runWorker(ThreadPoolExecutor.java:1149)
	at java.util.concurrent.ThreadPoolExecutor$Worker.run(ThreadPoolExecutor.java:624)
	at java.lang.Thread.run(Thread.java:750)
2023-08-25 11:37:38,475 [grpc-default-executor-10] INFO  server.GrpcServerProtocolService (GrpcServerProtocolService.java:onCompleted(155)) - c6e0d301-09b2-4368-8fbf-181ce26f0a67: Completed APPEND_ENTRIES, lastRequest: null
2023-08-25 11:37:38,476 [grpc-default-executor-10] INFO  server.GrpcServerProtocolService (GrpcServerProtocolService.java:lambda$onCompleted$5(157)) - c6e0d301-09b2-4368-8fbf-181ce26f0a67: Completed APPEND_ENTRIES, lastReply: serverReply {
  requestorId: "41c35b0f-7d09-466e-a425-34196dd2af10"
  replyId: "c6e0d301-09b2-4368-8fbf-181ce26f0a67"
  raftGroupId {
    id: "\313Qj\b\3353G\377\2240\370\017\241\205\242\273"
  }
  callId: 70
  success: true
}
term: 1
nextIndex: 23
followerCommit: 22
matchIndex: 18446744073709551615
isHearbeat: true

2023-08-25 11:37:38,483 [grpc-default-executor-5] INFO  server.GrpcLogAppender (GrpcLogAppender.java:onCompleted(428)) - 41c35b0f-7d09-466e-a425-34196dd2af10@group-F80FA185A2BB->c6e0d301-09b2-4368-8fbf-181ce26f0a67-AppendLogResponseHandler: follower responses appendEntries COMPLETED
2023-08-25 11:37:38,483 [grpc-default-executor-5] WARN  server.GrpcLogAppender (GrpcLogAppender.java:resetClient(137)) - 41c35b0f-7d09-466e-a425-34196dd2af10@group-F80FA185A2BB->c6e0d301-09b2-4368-8fbf-181ce26f0a67-GrpcLogAppender: Failed to getClient for c6e0d301-09b2-4368-8fbf-181ce26f0a67
org.apache.ratis.protocol.exceptions.AlreadyClosedException: 41c35b0f-7d09-466e-a425-34196dd2af10 is already CLOSED
	at org.apache.ratis.util.PeerProxyMap$PeerAndProxy.getProxy(PeerProxyMap.java:61)
	at org.apache.ratis.util.PeerProxyMap.getProxy(PeerProxyMap.java:115)
	at org.apache.ratis.grpc.server.GrpcLogAppender.getClient(GrpcLogAppender.java:112)
	at org.apache.ratis.grpc.server.GrpcLogAppender.resetClient(GrpcLogAppender.java:117)
	at org.apache.ratis.grpc.server.GrpcLogAppender.access$500(GrpcLogAppender.java:56)
	at org.apache.ratis.grpc.server.GrpcLogAppender$AppendLogResponseHandler.onCompleted(GrpcLogAppender.java:429)
	at org.apache.ratis.thirdparty.io.grpc.stub.ClientCalls$StreamObserverToCallListenerAdapter.onClose(ClientCalls.java:485)
	at org.apache.ratis.thirdparty.io.grpc.internal.DelayedClientCall$DelayedListener$3.run(DelayedClientCall.java:471)
	at org.apache.ratis.thirdparty.io.grpc.internal.DelayedClientCall$DelayedListener.delayOrExecute(DelayedClientCall.java:435)
	at org.apache.ratis.thirdparty.io.grpc.internal.DelayedClientCall$DelayedListener.onClose(DelayedClientCall.java:468)
	at org.apache.ratis.thirdparty.io.grpc.internal.ClientCallImpl.closeObserver(ClientCallImpl.java:563)
	at org.apache.ratis.thirdparty.io.grpc.internal.ClientCallImpl.access$300(ClientCallImpl.java:70)
	at org.apache.ratis.thirdparty.io.grpc.internal.ClientCallImpl$ClientStreamListenerImpl$1StreamClosed.runInternal(ClientCallImpl.java:744)
	at org.apache.ratis.thirdparty.io.grpc.internal.ClientCallImpl$ClientStreamListenerImpl$1StreamClosed.runInContext(ClientCallImpl.java:723)
	at org.apache.ratis.thirdparty.io.grpc.internal.ContextRunnable.run(ContextRunnable.java:37)
	at org.apache.ratis.thirdparty.io.grpc.internal.SerializingExecutor.run(SerializingExecutor.java:133)
	at java.util.concurrent.ThreadPoolExecutor.runWorker(ThreadPoolExecutor.java:1149)
	at java.util.concurrent.ThreadPoolExecutor$Worker.run(ThreadPoolExecutor.java:624)
	at java.lang.Thread.run(Thread.java:750)
2023-08-25 11:37:38,486 [grpc-default-executor-8] INFO  server.GrpcServerProtocolService (GrpcServerProtocolService.java:onCompleted(155)) - c6e0d301-09b2-4368-8fbf-181ce26f0a67: Completed APPEND_ENTRIES, lastRequest: 41c35b0f-7d09-466e-a425-34196dd2af10->c6e0d301-09b2-4368-8fbf-181ce26f0a67#60-t1,previous=(t:1, i:21),leaderCommit=21,initializing? true,entries: size=1, first=(t:1, i:22), METADATAENTRY(c:20)
2023-08-25 11:37:38,486 [grpc-default-executor-8] INFO  server.GrpcServerProtocolService (GrpcServerProtocolService.java:lambda$onCompleted$5(157)) - c6e0d301-09b2-4368-8fbf-181ce26f0a67: Completed APPEND_ENTRIES, lastReply: null
2023-08-25 11:37:38,489 [ForkJoinPool.commonPool-worker-0] INFO  ozoneimpl.OzoneContainer (OzoneContainer.java:stop(451)) - Attempting to stop container services.
2023-08-25 11:37:38,489 [41c35b0f-7d09-466e-a425-34196dd2af10-impl-thread2] INFO  impl.StateMachineUpdater (StateMachineUpdater.java:stopAndJoin(155)) - 41c35b0f-7d09-466e-a425-34196dd2af10@group-F80FA185A2BB-StateMachineUpdater: set stopIndex = 22
2023-08-25 11:37:38,489 [main] INFO  server.GrpcService (GrpcService.java:closeImpl(320)) - c6e0d301-09b2-4368-8fbf-181ce26f0a67: shutdown server org.apache.ratis.grpc.server.GrpcClientProtocolService successfully
2023-08-25 11:37:38,490 [main] INFO  server.GrpcService (GrpcService.java:closeImpl(311)) - c6e0d301-09b2-4368-8fbf-181ce26f0a67: shutdown server GrpcServerProtocolService now
2023-08-25 11:37:38,490 [ForkJoinPool.commonPool-worker-0] INFO  server.RaftServer (RaftServerProxy.java:lambda$close$6(416)) - b7348800-7ece-44e4-b1a8-355cecb1b7f9: close
2023-08-25 11:37:38,491 [ForkJoinPool.commonPool-worker-3] INFO  server.GrpcService (GrpcService.java:closeImpl(320)) - 41c35b0f-7d09-466e-a425-34196dd2af10: shutdown server org.apache.ratis.grpc.server.GrpcClientProtocolService successfully
2023-08-25 11:37:38,491 [grpc-default-executor-5] INFO  server.GrpcLogAppender (GrpcLogAppender.java:onCompleted(428)) - 41c35b0f-7d09-466e-a425-34196dd2af10@group-F80FA185A2BB->c6e0d301-09b2-4368-8fbf-181ce26f0a67-AppendLogResponseHandler: follower responses appendEntries COMPLETED
2023-08-25 11:37:38,491 [grpc-default-executor-5] WARN  server.GrpcLogAppender (GrpcLogAppender.java:resetClient(137)) - 41c35b0f-7d09-466e-a425-34196dd2af10@group-F80FA185A2BB->c6e0d301-09b2-4368-8fbf-181ce26f0a67-GrpcLogAppender: Failed to getClient for c6e0d301-09b2-4368-8fbf-181ce26f0a67
org.apache.ratis.protocol.exceptions.AlreadyClosedException: 41c35b0f-7d09-466e-a425-34196dd2af10 is already CLOSED
	at org.apache.ratis.util.PeerProxyMap$PeerAndProxy.getProxy(PeerProxyMap.java:61)
	at org.apache.ratis.util.PeerProxyMap.getProxy(PeerProxyMap.java:115)
	at org.apache.ratis.grpc.server.GrpcLogAppender.getClient(GrpcLogAppender.java:112)
	at org.apache.ratis.grpc.server.GrpcLogAppender.resetClient(GrpcLogAppender.java:117)
	at org.apache.ratis.grpc.server.GrpcLogAppender.access$500(GrpcLogAppender.java:56)
	at org.apache.ratis.grpc.server.GrpcLogAppender$AppendLogResponseHandler.onCompleted(GrpcLogAppender.java:429)
	at org.apache.ratis.thirdparty.io.grpc.stub.ClientCalls$StreamObserverToCallListenerAdapter.onClose(ClientCalls.java:485)
	at org.apache.ratis.thirdparty.io.grpc.internal.ClientCallImpl.closeObserver(ClientCallImpl.java:563)
	at org.apache.ratis.thirdparty.io.grpc.internal.ClientCallImpl.access$300(ClientCallImpl.java:70)
	at org.apache.ratis.thirdparty.io.grpc.internal.ClientCallImpl$ClientStreamListenerImpl$1StreamClosed.runInternal(ClientCallImpl.java:744)
	at org.apache.ratis.thirdparty.io.grpc.internal.ClientCallImpl$ClientStreamListenerImpl$1StreamClosed.runInContext(ClientCallImpl.java:723)
	at org.apache.ratis.thirdparty.io.grpc.internal.ContextRunnable.run(ContextRunnable.java:37)
	at org.apache.ratis.thirdparty.io.grpc.internal.SerializingExecutor.run(SerializingExecutor.java:133)
	at java.util.concurrent.ThreadPoolExecutor.runWorker(ThreadPoolExecutor.java:1149)
	at java.util.concurrent.ThreadPoolExecutor$Worker.run(ThreadPoolExecutor.java:624)
	at java.lang.Thread.run(Thread.java:750)
2023-08-25 11:37:38,489 [41c35b0f-7d09-466e-a425-34196dd2af10@group-F80FA185A2BB-StateMachineUpdater] INFO  ratis.ContainerStateMachine (ContainerStateMachine.java:takeSnapshot(330)) - group-F80FA185A2BB: Taking a snapshot at:(t:1, i:22) file /home/runner/work/ozone/ozone/hadoop-ozone/integration-test/target/test-dir/MiniOzoneClusterImpl-9e80f0e6-d3ce-4c33-b1a3-32fa2c9dea98/datanode-0/data/ratis/cb516a08-dd33-47ff-9430-f80fa185a2bb/sm/snapshot.1_22
2023-08-25 11:37:38,491 [ForkJoinPool.commonPool-worker-3] INFO  server.GrpcService (GrpcService.java:closeImpl(311)) - 41c35b0f-7d09-466e-a425-34196dd2af10: shutdown server GrpcServerProtocolService now
2023-08-25 11:37:38,493 [41c35b0f-7d09-466e-a425-34196dd2af10@group-F80FA185A2BB-StateMachineUpdater] INFO  ratis.ContainerStateMachine (ContainerStateMachine.java:takeSnapshot(341)) - group-F80FA185A2BB: Finished taking a snapshot at:(t:1, i:22) file:/home/runner/work/ozone/ozone/hadoop-ozone/integration-test/target/test-dir/MiniOzoneClusterImpl-9e80f0e6-d3ce-4c33-b1a3-32fa2c9dea98/datanode-0/data/ratis/cb516a08-dd33-47ff-9430-f80fa185a2bb/sm/snapshot.1_22 took: 4 ms
2023-08-25 11:37:38,493 [41c35b0f-7d09-466e-a425-34196dd2af10@group-F80FA185A2BB-StateMachineUpdater] INFO  impl.StateMachineUpdater (StateMachineUpdater.java:takeSnapshot(291)) - 41c35b0f-7d09-466e-a425-34196dd2af10@group-F80FA185A2BB-StateMachineUpdater: Took a snapshot at index 22
2023-08-25 11:37:38,493 [41c35b0f-7d09-466e-a425-34196dd2af10@group-F80FA185A2BB-StateMachineUpdater] INFO  impl.StateMachineUpdater (StateMachineUpdater.java:lambda$new$0(97)) - 41c35b0f-7d09-466e-a425-34196dd2af10@group-F80FA185A2BB-StateMachineUpdater: snapshotIndex: updateIncreasingly -1 -> 22
2023-08-25 11:37:38,495 [ForkJoinPool.commonPool-worker-0] INFO  server.GrpcService (GrpcService.java:closeImpl(311)) - b7348800-7ece-44e4-b1a8-355cecb1b7f9: shutdown server org.apache.ratis.grpc.server.GrpcClientProtocolService now
2023-08-25 11:37:38,496 [41c35b0f-7d09-466e-a425-34196dd2af10-impl-thread2] INFO  server.RaftServer$Division (ServerState.java:close(472)) - 41c35b0f-7d09-466e-a425-34196dd2af10@group-F80FA185A2BB: closes. applyIndex: 22
2023-08-25 11:37:38,496 [b7348800-7ece-44e4-b1a8-355cecb1b7f9-impl-thread2] INFO  server.RaftServer$Division (RaftServerImpl.java:lambda$close$4(466)) - b7348800-7ece-44e4-b1a8-355cecb1b7f9@group-472DEE4D08B4: shutdown
2023-08-25 11:37:38,496 [b7348800-7ece-44e4-b1a8-355cecb1b7f9-impl-thread2] INFO  util.JmxRegister (JmxRegister.java:unregister(73)) - Successfully un-registered JMX Bean with object name Ratis:service=RaftServer,group=group-472DEE4D08B4,id=b7348800-7ece-44e4-b1a8-355cecb1b7f9
2023-08-25 11:37:38,497 [b7348800-7ece-44e4-b1a8-355cecb1b7f9-impl-thread2] INFO  impl.RoleInfo (RoleInfo.java:shutdownLeaderState(93)) - b7348800-7ece-44e4-b1a8-355cecb1b7f9: shutdown b7348800-7ece-44e4-b1a8-355cecb1b7f9@group-472DEE4D08B4-LeaderStateImpl
2023-08-25 11:37:38,497 [b7348800-7ece-44e4-b1a8-355cecb1b7f9-impl-thread2] INFO  impl.PendingRequests (PendingRequests.java:sendNotLeaderResponses(289)) - b7348800-7ece-44e4-b1a8-355cecb1b7f9@group-472DEE4D08B4-PendingRequests: sendNotLeaderResponses
2023-08-25 11:37:38,497 [b7348800-7ece-44e4-b1a8-355cecb1b7f9-impl-thread2] INFO  impl.StateMachineUpdater (StateMachineUpdater.java:stopAndJoin(155)) - b7348800-7ece-44e4-b1a8-355cecb1b7f9@group-472DEE4D08B4-StateMachineUpdater: set stopIndex = 0
2023-08-25 11:37:38,497 [b7348800-7ece-44e4-b1a8-355cecb1b7f9@group-472DEE4D08B4-StateMachineUpdater] INFO  ratis.ContainerStateMachine (ContainerStateMachine.java:takeSnapshot(330)) - group-472DEE4D08B4: Taking a snapshot at:(t:1, i:0) file /home/runner/work/ozone/ozone/hadoop-ozone/integration-test/target/test-dir/MiniOzoneClusterImpl-9e80f0e6-d3ce-4c33-b1a3-32fa2c9dea98/datanode-4/data/ratis/8f1f7c5f-c7e0-466b-b992-472dee4d08b4/sm/snapshot.1_0
2023-08-25 11:37:38,506 [b7348800-7ece-44e4-b1a8-355cecb1b7f9@group-472DEE4D08B4-StateMachineUpdater] INFO  ratis.ContainerStateMachine (ContainerStateMachine.java:takeSnapshot(341)) - group-472DEE4D08B4: Finished taking a snapshot at:(t:1, i:0) file:/home/runner/work/ozone/ozone/hadoop-ozone/integration-test/target/test-dir/MiniOzoneClusterImpl-9e80f0e6-d3ce-4c33-b1a3-32fa2c9dea98/datanode-4/data/ratis/8f1f7c5f-c7e0-466b-b992-472dee4d08b4/sm/snapshot.1_0 took: 10 ms
2023-08-25 11:37:38,507 [b7348800-7ece-44e4-b1a8-355cecb1b7f9@group-472DEE4D08B4-StateMachineUpdater] INFO  impl.StateMachineUpdater (StateMachineUpdater.java:takeSnapshot(291)) - b7348800-7ece-44e4-b1a8-355cecb1b7f9@group-472DEE4D08B4-StateMachineUpdater: Took a snapshot at index 0
2023-08-25 11:37:38,507 [b7348800-7ece-44e4-b1a8-355cecb1b7f9@group-472DEE4D08B4-StateMachineUpdater] INFO  impl.StateMachineUpdater (StateMachineUpdater.java:lambda$new$0(97)) - b7348800-7ece-44e4-b1a8-355cecb1b7f9@group-472DEE4D08B4-StateMachineUpdater: snapshotIndex: updateIncreasingly -1 -> 0
2023-08-25 11:37:38,507 [b7348800-7ece-44e4-b1a8-355cecb1b7f9-impl-thread2] INFO  server.RaftServer$Division (ServerState.java:close(472)) - b7348800-7ece-44e4-b1a8-355cecb1b7f9@group-472DEE4D08B4: closes. applyIndex: 0
2023-08-25 11:37:38,507 [ForkJoinPool.commonPool-worker-0] INFO  server.GrpcService (GrpcService.java:closeImpl(320)) - b7348800-7ece-44e4-b1a8-355cecb1b7f9: shutdown server org.apache.ratis.grpc.server.GrpcClientProtocolService successfully
2023-08-25 11:37:38,508 [ForkJoinPool.commonPool-worker-0] INFO  server.GrpcService (GrpcService.java:closeImpl(311)) - b7348800-7ece-44e4-b1a8-355cecb1b7f9: shutdown server GrpcServerProtocolService now
2023-08-25 11:37:38,509 [main] INFO  server.GrpcService (GrpcService.java:closeImpl(320)) - c6e0d301-09b2-4368-8fbf-181ce26f0a67: shutdown server GrpcServerProtocolService successfully
2023-08-25 11:37:38,510 [main] INFO  server.GrpcService (GrpcService.java:closeImpl(311)) - c6e0d301-09b2-4368-8fbf-181ce26f0a67: shutdown server org.apache.ratis.grpc.server.GrpcAdminProtocolService now
2023-08-25 11:37:38,510 [ForkJoinPool.commonPool-worker-3] INFO  server.GrpcService (GrpcService.java:closeImpl(320)) - 41c35b0f-7d09-466e-a425-34196dd2af10: shutdown server GrpcServerProtocolService successfully
2023-08-25 11:37:38,510 [ForkJoinPool.commonPool-worker-3] INFO  server.GrpcService (GrpcService.java:closeImpl(311)) - 41c35b0f-7d09-466e-a425-34196dd2af10: shutdown server org.apache.ratis.grpc.server.GrpcAdminProtocolService now
2023-08-25 11:37:38,514 [ForkJoinPool.commonPool-worker-0] INFO  server.GrpcService (GrpcService.java:closeImpl(320)) - b7348800-7ece-44e4-b1a8-355cecb1b7f9: shutdown server GrpcServerProtocolService successfully
2023-08-25 11:37:38,514 [ForkJoinPool.commonPool-worker-0] INFO  server.GrpcService (GrpcService.java:closeImpl(311)) - b7348800-7ece-44e4-b1a8-355cecb1b7f9: shutdown server org.apache.ratis.grpc.server.GrpcAdminProtocolService now
2023-08-25 11:37:38,515 [ForkJoinPool.commonPool-worker-3] INFO  server.GrpcService (GrpcService.java:closeImpl(320)) - 41c35b0f-7d09-466e-a425-34196dd2af10: shutdown server org.apache.ratis.grpc.server.GrpcAdminProtocolService successfully
2023-08-25 11:37:38,517 [41c35b0f-7d09-466e-a425-34196dd2af10-NettyServerStreamRpc-bossGroup--thread1] INFO  logging.LoggingHandler (AbstractInternalLogger.java:log(148)) - [id: 0xeeef0fa5, L:/0:0:0:0:0:0:0:0:15121] CLOSE
2023-08-25 11:37:38,523 [main] INFO  server.GrpcService (GrpcService.java:closeImpl(320)) - c6e0d301-09b2-4368-8fbf-181ce26f0a67: shutdown server org.apache.ratis.grpc.server.GrpcAdminProtocolService successfully
2023-08-25 11:37:38,524 [c6e0d301-09b2-4368-8fbf-181ce26f0a67-NettyServerStreamRpc-bossGroup--thread1] INFO  logging.LoggingHandler (AbstractInternalLogger.java:log(148)) - [id: 0xc636644d, L:/0:0:0:0:0:0:0:0:15139] CLOSE
2023-08-25 11:37:38,524 [c6e0d301-09b2-4368-8fbf-181ce26f0a67-NettyServerStreamRpc-bossGroup--thread1] INFO  logging.LoggingHandler (AbstractInternalLogger.java:log(148)) - [id: 0xc636644d, L:/0:0:0:0:0:0:0:0:15139] INACTIVE
2023-08-25 11:37:38,524 [c6e0d301-09b2-4368-8fbf-181ce26f0a67-NettyServerStreamRpc-bossGroup--thread1] INFO  logging.LoggingHandler (AbstractInternalLogger.java:log(148)) - [id: 0xc636644d, L:/0:0:0:0:0:0:0:0:15139] UNREGISTERED
2023-08-25 11:37:38,525 [ForkJoinPool.commonPool-worker-0] INFO  server.GrpcService (GrpcService.java:closeImpl(320)) - b7348800-7ece-44e4-b1a8-355cecb1b7f9: shutdown server org.apache.ratis.grpc.server.GrpcAdminProtocolService successfully
2023-08-25 11:37:38,525 [41c35b0f-7d09-466e-a425-34196dd2af10-NettyServerStreamRpc-bossGroup--thread1] INFO  logging.LoggingHandler (AbstractInternalLogger.java:log(148)) - [id: 0xeeef0fa5, L:/0:0:0:0:0:0:0:0:15121] INACTIVE
2023-08-25 11:37:38,525 [41c35b0f-7d09-466e-a425-34196dd2af10-NettyServerStreamRpc-bossGroup--thread1] INFO  logging.LoggingHandler (AbstractInternalLogger.java:log(148)) - [id: 0xeeef0fa5, L:/0:0:0:0:0:0:0:0:15121] UNREGISTERED
2023-08-25 11:37:38,525 [b7348800-7ece-44e4-b1a8-355cecb1b7f9-NettyServerStreamRpc-bossGroup--thread1] INFO  logging.LoggingHandler (AbstractInternalLogger.java:log(148)) - [id: 0x0c84e6fa, L:/0:0:0:0:0:0:0:0:15157] CLOSE
2023-08-25 11:37:38,525 [b7348800-7ece-44e4-b1a8-355cecb1b7f9-NettyServerStreamRpc-bossGroup--thread1] INFO  logging.LoggingHandler (AbstractInternalLogger.java:log(148)) - [id: 0x0c84e6fa, L:/0:0:0:0:0:0:0:0:15157] INACTIVE
2023-08-25 11:37:38,525 [b7348800-7ece-44e4-b1a8-355cecb1b7f9-NettyServerStreamRpc-bossGroup--thread1] INFO  logging.LoggingHandler (AbstractInternalLogger.java:log(148)) - [id: 0x0c84e6fa, L:/0:0:0:0:0:0:0:0:15157] UNREGISTERED
2023-08-25 11:37:38,532 [ForkJoinPool.commonPool-worker-1] INFO  ozoneimpl.OzoneContainer (OzoneContainer.java:stop(451)) - Attempting to stop container services.
2023-08-25 11:37:38,535 [ForkJoinPool.commonPool-worker-1] INFO  server.RaftServer (RaftServerProxy.java:lambda$close$6(416)) - 8d6e1dbb-3941-4a04-b7a8-0c911dee3672: close
2023-08-25 11:37:38,536 [ForkJoinPool.commonPool-worker-1] INFO  server.GrpcService (GrpcService.java:closeImpl(311)) - 8d6e1dbb-3941-4a04-b7a8-0c911dee3672: shutdown server org.apache.ratis.grpc.server.GrpcClientProtocolService now
2023-08-25 11:37:38,536 [8d6e1dbb-3941-4a04-b7a8-0c911dee3672-impl-thread2] INFO  server.RaftServer$Division (RaftServerImpl.java:lambda$close$4(466)) - 8d6e1dbb-3941-4a04-b7a8-0c911dee3672@group-DCC22C7E2ED5: shutdown
2023-08-25 11:37:38,537 [8d6e1dbb-3941-4a04-b7a8-0c911dee3672-impl-thread2] INFO  util.JmxRegister (JmxRegister.java:unregister(73)) - Successfully un-registered JMX Bean with object name Ratis:service=RaftServer,group=group-DCC22C7E2ED5,id=8d6e1dbb-3941-4a04-b7a8-0c911dee3672
2023-08-25 11:37:38,537 [8d6e1dbb-3941-4a04-b7a8-0c911dee3672-impl-thread2] INFO  impl.RoleInfo (RoleInfo.java:shutdownLeaderState(93)) - 8d6e1dbb-3941-4a04-b7a8-0c911dee3672: shutdown 8d6e1dbb-3941-4a04-b7a8-0c911dee3672@group-DCC22C7E2ED5-LeaderStateImpl
2023-08-25 11:37:38,537 [8d6e1dbb-3941-4a04-b7a8-0c911dee3672-impl-thread2] INFO  impl.PendingRequests (PendingRequests.java:sendNotLeaderResponses(289)) - 8d6e1dbb-3941-4a04-b7a8-0c911dee3672@group-DCC22C7E2ED5-PendingRequests: sendNotLeaderResponses
2023-08-25 11:37:38,537 [8d6e1dbb-3941-4a04-b7a8-0c911dee3672@group-DCC22C7E2ED5-StateMachineUpdater] INFO  ratis.ContainerStateMachine (ContainerStateMachine.java:takeSnapshot(330)) - group-DCC22C7E2ED5: Taking a snapshot at:(t:1, i:0) file /home/runner/work/ozone/ozone/hadoop-ozone/integration-test/target/test-dir/MiniOzoneClusterImpl-9e80f0e6-d3ce-4c33-b1a3-32fa2c9dea98/datanode-3/data/ratis/32710029-dcf2-487e-8bba-dcc22c7e2ed5/sm/snapshot.1_0
2023-08-25 11:37:38,538 [8d6e1dbb-3941-4a04-b7a8-0c911dee3672-impl-thread2] INFO  impl.StateMachineUpdater (StateMachineUpdater.java:stopAndJoin(155)) - 8d6e1dbb-3941-4a04-b7a8-0c911dee3672@group-DCC22C7E2ED5-StateMachineUpdater: set stopIndex = 0
2023-08-25 11:37:38,538 [8d6e1dbb-3941-4a04-b7a8-0c911dee3672@group-DCC22C7E2ED5-StateMachineUpdater] INFO  ratis.ContainerStateMachine (ContainerStateMachine.java:takeSnapshot(341)) - group-DCC22C7E2ED5: Finished taking a snapshot at:(t:1, i:0) file:/home/runner/work/ozone/ozone/hadoop-ozone/integration-test/target/test-dir/MiniOzoneClusterImpl-9e80f0e6-d3ce-4c33-b1a3-32fa2c9dea98/datanode-3/data/ratis/32710029-dcf2-487e-8bba-dcc22c7e2ed5/sm/snapshot.1_0 took: 1 ms
2023-08-25 11:37:38,538 [8d6e1dbb-3941-4a04-b7a8-0c911dee3672@group-DCC22C7E2ED5-StateMachineUpdater] INFO  impl.StateMachineUpdater (StateMachineUpdater.java:takeSnapshot(291)) - 8d6e1dbb-3941-4a04-b7a8-0c911dee3672@group-DCC22C7E2ED5-StateMachineUpdater: Took a snapshot at index 0
2023-08-25 11:37:38,538 [8d6e1dbb-3941-4a04-b7a8-0c911dee3672@group-DCC22C7E2ED5-StateMachineUpdater] INFO  impl.StateMachineUpdater (StateMachineUpdater.java:lambda$new$0(97)) - 8d6e1dbb-3941-4a04-b7a8-0c911dee3672@group-DCC22C7E2ED5-StateMachineUpdater: snapshotIndex: updateIncreasingly -1 -> 0
2023-08-25 11:37:38,539 [8d6e1dbb-3941-4a04-b7a8-0c911dee3672-impl-thread2] INFO  server.RaftServer$Division (ServerState.java:close(472)) - 8d6e1dbb-3941-4a04-b7a8-0c911dee3672@group-DCC22C7E2ED5: closes. applyIndex: 0
2023-08-25 11:37:38,539 [ForkJoinPool.commonPool-worker-1] INFO  server.GrpcService (GrpcService.java:closeImpl(320)) - 8d6e1dbb-3941-4a04-b7a8-0c911dee3672: shutdown server org.apache.ratis.grpc.server.GrpcClientProtocolService successfully
2023-08-25 11:37:38,539 [ForkJoinPool.commonPool-worker-1] INFO  server.GrpcService (GrpcService.java:closeImpl(311)) - 8d6e1dbb-3941-4a04-b7a8-0c911dee3672: shutdown server GrpcServerProtocolService now
2023-08-25 11:37:38,548 [ForkJoinPool.commonPool-worker-1] INFO  server.GrpcService (GrpcService.java:closeImpl(320)) - 8d6e1dbb-3941-4a04-b7a8-0c911dee3672: shutdown server GrpcServerProtocolService successfully
2023-08-25 11:37:38,548 [ForkJoinPool.commonPool-worker-1] INFO  server.GrpcService (GrpcService.java:closeImpl(311)) - 8d6e1dbb-3941-4a04-b7a8-0c911dee3672: shutdown server org.apache.ratis.grpc.server.GrpcAdminProtocolService now
2023-08-25 11:37:38,551 [ForkJoinPool.commonPool-worker-1] INFO  server.GrpcService (GrpcService.java:closeImpl(320)) - 8d6e1dbb-3941-4a04-b7a8-0c911dee3672: shutdown server org.apache.ratis.grpc.server.GrpcAdminProtocolService successfully
2023-08-25 11:37:38,551 [8d6e1dbb-3941-4a04-b7a8-0c911dee3672-NettyServerStreamRpc-bossGroup--thread1] INFO  logging.LoggingHandler (AbstractInternalLogger.java:log(148)) - [id: 0x1d49da55, L:/0:0:0:0:0:0:0:0:15148] CLOSE
2023-08-25 11:37:38,551 [8d6e1dbb-3941-4a04-b7a8-0c911dee3672-NettyServerStreamRpc-bossGroup--thread1] INFO  logging.LoggingHandler (AbstractInternalLogger.java:log(148)) - [id: 0x1d49da55, L:/0:0:0:0:0:0:0:0:15148] INACTIVE
2023-08-25 11:37:38,551 [8d6e1dbb-3941-4a04-b7a8-0c911dee3672-NettyServerStreamRpc-bossGroup--thread1] INFO  logging.LoggingHandler (AbstractInternalLogger.java:log(148)) - [id: 0x1d49da55, L:/0:0:0:0:0:0:0:0:15148] UNREGISTERED
2023-08-25 11:37:38,627 [41c35b0f-7d09-466e-a425-34196dd2af10-impl-thread2] INFO  segmented.SegmentedRaftLogWorker (SegmentedRaftLogWorker.java:close(252)) - 41c35b0f-7d09-466e-a425-34196dd2af10@group-F80FA185A2BB-SegmentedRaftLogWorker close()
2023-08-25 11:37:38,646 [b4d41a5a-7f8b-4359-a921-685918a3749b-impl-thread2] INFO  segmented.SegmentedRaftLogWorker (SegmentedRaftLogWorker.java:close(252)) - b4d41a5a-7f8b-4359-a921-685918a3749b@group-F80FA185A2BB-SegmentedRaftLogWorker close()
2023-08-25 11:37:38,652 [c6e0d301-09b2-4368-8fbf-181ce26f0a67-impl-thread2] INFO  segmented.SegmentedRaftLogWorker (SegmentedRaftLogWorker.java:close(252)) - c6e0d301-09b2-4368-8fbf-181ce26f0a67@group-F80FA185A2BB-SegmentedRaftLogWorker close()
2023-08-25 11:37:38,767 [8d6e1dbb-3941-4a04-b7a8-0c911dee3672-impl-thread2] INFO  segmented.SegmentedRaftLogWorker (SegmentedRaftLogWorker.java:close(252)) - 8d6e1dbb-3941-4a04-b7a8-0c911dee3672@group-DCC22C7E2ED5-SegmentedRaftLogWorker close()
2023-08-25 11:37:38,767 [41c35b0f-7d09-466e-a425-34196dd2af10-impl-thread4] INFO  segmented.SegmentedRaftLogWorker (SegmentedRaftLogWorker.java:close(252)) - 41c35b0f-7d09-466e-a425-34196dd2af10@group-4FD54EB9C075-SegmentedRaftLogWorker close()
2023-08-25 11:37:38,772 [JvmPauseMonitor19] INFO  util.JvmPauseMonitor (JvmPauseMonitor.java:run(109)) - JvmPauseMonitor-8d6e1dbb-3941-4a04-b7a8-0c911dee3672: Stopped
2023-08-25 11:37:38,785 [b7348800-7ece-44e4-b1a8-355cecb1b7f9-impl-thread2] INFO  segmented.SegmentedRaftLogWorker (SegmentedRaftLogWorker.java:close(252)) - b7348800-7ece-44e4-b1a8-355cecb1b7f9@group-472DEE4D08B4-SegmentedRaftLogWorker close()
2023-08-25 11:37:38,788 [JvmPauseMonitor20] INFO  util.JvmPauseMonitor (JvmPauseMonitor.java:run(109)) - JvmPauseMonitor-b7348800-7ece-44e4-b1a8-355cecb1b7f9: Stopped
2023-08-25 11:37:38,793 [c6e0d301-09b2-4368-8fbf-181ce26f0a67-impl-thread4] INFO  segmented.SegmentedRaftLogWorker (SegmentedRaftLogWorker.java:close(252)) - c6e0d301-09b2-4368-8fbf-181ce26f0a67@group-39BB1A7F149E-SegmentedRaftLogWorker close()
2023-08-25 11:37:39,040 [b4d41a5a-7f8b-4359-a921-685918a3749b-impl-thread3] INFO  segmented.SegmentedRaftLogWorker (SegmentedRaftLogWorker.java:close(252)) - b4d41a5a-7f8b-4359-a921-685918a3749b@group-94A36F0BEC2F-SegmentedRaftLogWorker close()
2023-08-25 11:37:39,260 [c6e0d301-09b2-4368-8fbf-181ce26f0a67-impl-thread3] INFO  segmented.SegmentedRaftLogWorker (SegmentedRaftLogWorker.java:close(252)) - c6e0d301-09b2-4368-8fbf-181ce26f0a67@group-6ECDDACB944F-SegmentedRaftLogWorker close()
2023-08-25 11:37:39,262 [JvmPauseMonitor18] INFO  util.JvmPauseMonitor (JvmPauseMonitor.java:run(109)) - JvmPauseMonitor-c6e0d301-09b2-4368-8fbf-181ce26f0a67: Stopped
2023-08-25 11:37:39,280 [41c35b0f-7d09-466e-a425-34196dd2af10-impl-thread3] INFO  segmented.SegmentedRaftLogWorker (SegmentedRaftLogWorker.java:close(252)) - 41c35b0f-7d09-466e-a425-34196dd2af10@group-6ECDDACB944F-SegmentedRaftLogWorker close()
2023-08-25 11:37:39,282 [b4d41a5a-7f8b-4359-a921-685918a3749b-impl-thread4] INFO  segmented.SegmentedRaftLogWorker (SegmentedRaftLogWorker.java:close(252)) - b4d41a5a-7f8b-4359-a921-685918a3749b@group-6ECDDACB944F-SegmentedRaftLogWorker close()
2023-08-25 11:37:39,284 [JvmPauseMonitor17] INFO  util.JvmPauseMonitor (JvmPauseMonitor.java:run(109)) - JvmPauseMonitor-b4d41a5a-7f8b-4359-a921-685918a3749b: Stopped
2023-08-25 11:37:39,285 [JvmPauseMonitor16] INFO  util.JvmPauseMonitor (JvmPauseMonitor.java:run(109)) - JvmPauseMonitor-41c35b0f-7d09-466e-a425-34196dd2af10: Stopped
2023-08-25 11:37:40,783 [ForkJoinPool.commonPool-worker-1] INFO  utils.DatanodeStoreCache (DatanodeStoreCache.java:shutdownCache(110)) - Skip clearing cache in mini cluster mode. Entries left: [/home/runner/work/ozone/ozone/hadoop-ozone/integration-test/target/test-dir/MiniOzoneClusterImpl-9e80f0e6-d3ce-4c33-b1a3-32fa2c9dea98/datanode-0/data-0/containers/hdds/9e80f0e6-d3ce-4c33-b1a3-32fa2c9dea98/DS-6cdf2459-b79d-4ab3-ac81-d1336cd36dcf/container.db, /home/runner/work/ozone/ozone/hadoop-ozone/integration-test/target/test-dir/MiniOzoneClusterImpl-9e80f0e6-d3ce-4c33-b1a3-32fa2c9dea98/datanode-1/data-0/containers/hdds/9e80f0e6-d3ce-4c33-b1a3-32fa2c9dea98/DS-c6e69af6-9d65-46cb-950a-727afcaf9d6f/container.db, /home/runner/work/ozone/ozone/hadoop-ozone/integration-test/target/test-dir/MiniOzoneClusterImpl-9e80f0e6-d3ce-4c33-b1a3-32fa2c9dea98/datanode-2/data-0/containers/hdds/9e80f0e6-d3ce-4c33-b1a3-32fa2c9dea98/DS-6317d18c-d13f-4c59-93cb-234c67b24114/container.db, /home/runner/work/ozone/ozone/hadoop-ozone/integration-test/target/test-dir/MiniOzoneClusterImpl-9e80f0e6-d3ce-4c33-b1a3-32fa2c9dea98/datanode-3/data-0/containers/hdds/9e80f0e6-d3ce-4c33-b1a3-32fa2c9dea98/DS-7a5159cd-6f20-4157-98c7-9a643002451c/container.db, /home/runner/work/ozone/ozone/hadoop-ozone/integration-test/target/test-dir/MiniOzoneClusterImpl-9e80f0e6-d3ce-4c33-b1a3-32fa2c9dea98/datanode-4/data-0/containers/hdds/9e80f0e6-d3ce-4c33-b1a3-32fa2c9dea98/DS-2487a60d-17d1-4880-8a26-0d686f399176/container.db]
2023-08-25 11:37:40,792 [ForkJoinPool.commonPool-worker-1] INFO  utils.DatanodeStoreCache (DatanodeStoreCache.java:removeDB(104)) - Removed db /home/runner/work/ozone/ozone/hadoop-ozone/integration-test/target/test-dir/MiniOzoneClusterImpl-9e80f0e6-d3ce-4c33-b1a3-32fa2c9dea98/datanode-3/data-0/containers/hdds/9e80f0e6-d3ce-4c33-b1a3-32fa2c9dea98/DS-7a5159cd-6f20-4157-98c7-9a643002451c/container.db from cache
2023-08-25 11:37:40,793 [ForkJoinPool.commonPool-worker-1] INFO  volume.HddsVolume (HddsVolume.java:closeDbStore(453)) - SchemaV3 db is stopped at /home/runner/work/ozone/ozone/hadoop-ozone/integration-test/target/test-dir/MiniOzoneClusterImpl-9e80f0e6-d3ce-4c33-b1a3-32fa2c9dea98/datanode-3/data-0/containers/hdds/9e80f0e6-d3ce-4c33-b1a3-32fa2c9dea98/DS-7a5159cd-6f20-4157-98c7-9a643002451c/container.db for volume DS-7a5159cd-6f20-4157-98c7-9a643002451c
2023-08-25 11:37:40,793 [ForkJoinPool.commonPool-worker-0] INFO  utils.DatanodeStoreCache (DatanodeStoreCache.java:shutdownCache(110)) - Skip clearing cache in mini cluster mode. Entries left: [/home/runner/work/ozone/ozone/hadoop-ozone/integration-test/target/test-dir/MiniOzoneClusterImpl-9e80f0e6-d3ce-4c33-b1a3-32fa2c9dea98/datanode-0/data-0/containers/hdds/9e80f0e6-d3ce-4c33-b1a3-32fa2c9dea98/DS-6cdf2459-b79d-4ab3-ac81-d1336cd36dcf/container.db, /home/runner/work/ozone/ozone/hadoop-ozone/integration-test/target/test-dir/MiniOzoneClusterImpl-9e80f0e6-d3ce-4c33-b1a3-32fa2c9dea98/datanode-1/data-0/containers/hdds/9e80f0e6-d3ce-4c33-b1a3-32fa2c9dea98/DS-c6e69af6-9d65-46cb-950a-727afcaf9d6f/container.db, /home/runner/work/ozone/ozone/hadoop-ozone/integration-test/target/test-dir/MiniOzoneClusterImpl-9e80f0e6-d3ce-4c33-b1a3-32fa2c9dea98/datanode-2/data-0/containers/hdds/9e80f0e6-d3ce-4c33-b1a3-32fa2c9dea98/DS-6317d18c-d13f-4c59-93cb-234c67b24114/container.db, /home/runner/work/ozone/ozone/hadoop-ozone/integration-test/target/test-dir/MiniOzoneClusterImpl-9e80f0e6-d3ce-4c33-b1a3-32fa2c9dea98/datanode-4/data-0/containers/hdds/9e80f0e6-d3ce-4c33-b1a3-32fa2c9dea98/DS-2487a60d-17d1-4880-8a26-0d686f399176/container.db]
2023-08-25 11:37:40,794 [ForkJoinPool.commonPool-worker-1] INFO  utils.BackgroundService (BackgroundService.java:shutdown(141)) - Shutting down service BlockDeletingService
2023-08-25 11:37:40,797 [ForkJoinPool.commonPool-worker-0] INFO  utils.DatanodeStoreCache (DatanodeStoreCache.java:removeDB(104)) - Removed db /home/runner/work/ozone/ozone/hadoop-ozone/integration-test/target/test-dir/MiniOzoneClusterImpl-9e80f0e6-d3ce-4c33-b1a3-32fa2c9dea98/datanode-4/data-0/containers/hdds/9e80f0e6-d3ce-4c33-b1a3-32fa2c9dea98/DS-2487a60d-17d1-4880-8a26-0d686f399176/container.db from cache
2023-08-25 11:37:40,797 [ForkJoinPool.commonPool-worker-0] INFO  volume.HddsVolume (HddsVolume.java:closeDbStore(453)) - SchemaV3 db is stopped at /home/runner/work/ozone/ozone/hadoop-ozone/integration-test/target/test-dir/MiniOzoneClusterImpl-9e80f0e6-d3ce-4c33-b1a3-32fa2c9dea98/datanode-4/data-0/containers/hdds/9e80f0e6-d3ce-4c33-b1a3-32fa2c9dea98/DS-2487a60d-17d1-4880-8a26-0d686f399176/container.db for volume DS-2487a60d-17d1-4880-8a26-0d686f399176
2023-08-25 11:37:40,799 [ForkJoinPool.commonPool-worker-0] INFO  utils.BackgroundService (BackgroundService.java:shutdown(141)) - Shutting down service BlockDeletingService
2023-08-25 11:37:40,800 [ForkJoinPool.commonPool-worker-0] INFO  utils.BackgroundService (BackgroundService.java:shutdown(141)) - Shutting down service StaleRecoveringContainerScrubbingService
2023-08-25 11:37:40,800 [ForkJoinPool.commonPool-worker-1] INFO  utils.BackgroundService (BackgroundService.java:shutdown(141)) - Shutting down service StaleRecoveringContainerScrubbingService
2023-08-25 11:37:40,804 [ForkJoinPool.commonPool-worker-1] INFO  statemachine.DatanodeStateMachine (DatanodeStateMachine.java:stopDaemon(620)) - Ozone container server stopped.
2023-08-25 11:37:40,804 [ForkJoinPool.commonPool-worker-0] INFO  statemachine.DatanodeStateMachine (DatanodeStateMachine.java:stopDaemon(620)) - Ozone container server stopped.
2023-08-25 11:37:40,824 [ForkJoinPool.commonPool-worker-0] INFO  handler.ContextHandler (ContextHandler.java:doStop(1159)) - Stopped o.e.j.w.WebAppContext@5addd523{hddsDatanode,/,null,STOPPED}{jar:file:/home/runner/.m2/repository/org/apache/ozone/hdds-container-service/1.4.0-SNAPSHOT/hdds-container-service-1.4.0-SNAPSHOT.jar!/webapps/hddsDatanode}
2023-08-25 11:37:40,826 [ForkJoinPool.commonPool-worker-1] INFO  handler.ContextHandler (ContextHandler.java:doStop(1159)) - Stopped o.e.j.w.WebAppContext@6f6e50ce{hddsDatanode,/,null,STOPPED}{jar:file:/home/runner/.m2/repository/org/apache/ozone/hdds-container-service/1.4.0-SNAPSHOT/hdds-container-service-1.4.0-SNAPSHOT.jar!/webapps/hddsDatanode}
2023-08-25 11:37:40,826 [ForkJoinPool.commonPool-worker-1] INFO  server.AbstractConnector (AbstractConnector.java:doStop(383)) - Stopped ServerConnector@3454f039{HTTP/1.1, (http/1.1)}{0.0.0.0:15142}
2023-08-25 11:37:40,826 [ForkJoinPool.commonPool-worker-0] INFO  server.AbstractConnector (AbstractConnector.java:doStop(383)) - Stopped ServerConnector@658ccbb8{HTTP/1.1, (http/1.1)}{0.0.0.0:15151}
2023-08-25 11:37:40,826 [ForkJoinPool.commonPool-worker-1] INFO  server.session (HouseKeeper.java:stopScavenging(149)) - node0 Stopped scavenging
2023-08-25 11:37:40,826 [ForkJoinPool.commonPool-worker-0] INFO  server.session (HouseKeeper.java:stopScavenging(149)) - node0 Stopped scavenging
2023-08-25 11:37:40,828 [ForkJoinPool.commonPool-worker-1] INFO  handler.ContextHandler (ContextHandler.java:doStop(1159)) - Stopped o.e.j.s.ServletContextHandler@2c76c4f{static,/static,jar:file:/home/runner/.m2/repository/org/apache/ozone/hdds-container-service/1.4.0-SNAPSHOT/hdds-container-service-1.4.0-SNAPSHOT.jar!/webapps/static,STOPPED}
2023-08-25 11:37:40,828 [ForkJoinPool.commonPool-worker-0] INFO  handler.ContextHandler (ContextHandler.java:doStop(1159)) - Stopped o.e.j.s.ServletContextHandler@7afcc9e6{static,/static,jar:file:/home/runner/.m2/repository/org/apache/ozone/hdds-container-service/1.4.0-SNAPSHOT/hdds-container-service-1.4.0-SNAPSHOT.jar!/webapps/static,STOPPED}
2023-08-25 11:37:40,829 [ForkJoinPool.commonPool-worker-1] INFO  handler.ContextHandler (ContextHandler.java:doStop(1159)) - Stopped o.e.j.s.ServletContextHandler@443ca53a{logs,/logs,file:///home/runner/work/ozone/ozone/hadoop-ozone/integration-test/target/log,STOPPED}
2023-08-25 11:37:40,830 [ForkJoinPool.commonPool-worker-0] INFO  handler.ContextHandler (ContextHandler.java:doStop(1159)) - Stopped o.e.j.s.ServletContextHandler@1a64f46b{logs,/logs,file:///home/runner/work/ozone/ozone/hadoop-ozone/integration-test/target/log,STOPPED}
2023-08-25 11:37:40,831 [ForkJoinPool.commonPool-worker-0] INFO  ozone.HddsDatanodeClientProtocolServer (HddsDatanodeClientProtocolServer.java:stop(78)) - Stopping the RPC server for Client Protocol
2023-08-25 11:37:40,840 [ForkJoinPool.commonPool-worker-1] INFO  ozone.HddsDatanodeClientProtocolServer (HddsDatanodeClientProtocolServer.java:stop(78)) - Stopping the RPC server for Client Protocol
2023-08-25 11:37:40,840 [ForkJoinPool.commonPool-worker-0] INFO  ipc.Server (Server.java:stop(3523)) - Stopping server on 15152
2023-08-25 11:37:40,840 [ForkJoinPool.commonPool-worker-1] INFO  ipc.Server (Server.java:stop(3523)) - Stopping server on 15143
2023-08-25 11:37:40,840 [IPC Server listener on 15143] INFO  ipc.Server (Server.java:run(1434)) - Stopping IPC Server listener on 15143
2023-08-25 11:37:40,841 [IPC Server Responder] INFO  ipc.Server (Server.java:run(1567)) - Stopping IPC Server Responder
2023-08-25 11:37:40,841 [IPC Server Responder] INFO  ipc.Server (Server.java:run(1567)) - Stopping IPC Server Responder
2023-08-25 11:37:40,843 [IPC Server listener on 15152] INFO  ipc.Server (Server.java:run(1434)) - Stopping IPC Server listener on 15152
2023-08-25 11:37:41,268 [main] INFO  utils.DatanodeStoreCache (DatanodeStoreCache.java:shutdownCache(110)) - Skip clearing cache in mini cluster mode. Entries left: [/home/runner/work/ozone/ozone/hadoop-ozone/integration-test/target/test-dir/MiniOzoneClusterImpl-9e80f0e6-d3ce-4c33-b1a3-32fa2c9dea98/datanode-0/data-0/containers/hdds/9e80f0e6-d3ce-4c33-b1a3-32fa2c9dea98/DS-6cdf2459-b79d-4ab3-ac81-d1336cd36dcf/container.db, /home/runner/work/ozone/ozone/hadoop-ozone/integration-test/target/test-dir/MiniOzoneClusterImpl-9e80f0e6-d3ce-4c33-b1a3-32fa2c9dea98/datanode-1/data-0/containers/hdds/9e80f0e6-d3ce-4c33-b1a3-32fa2c9dea98/DS-c6e69af6-9d65-46cb-950a-727afcaf9d6f/container.db, /home/runner/work/ozone/ozone/hadoop-ozone/integration-test/target/test-dir/MiniOzoneClusterImpl-9e80f0e6-d3ce-4c33-b1a3-32fa2c9dea98/datanode-2/data-0/containers/hdds/9e80f0e6-d3ce-4c33-b1a3-32fa2c9dea98/DS-6317d18c-d13f-4c59-93cb-234c67b24114/container.db]
2023-08-25 11:37:41,270 [main] INFO  utils.DatanodeStoreCache (DatanodeStoreCache.java:removeDB(104)) - Removed db /home/runner/work/ozone/ozone/hadoop-ozone/integration-test/target/test-dir/MiniOzoneClusterImpl-9e80f0e6-d3ce-4c33-b1a3-32fa2c9dea98/datanode-2/data-0/containers/hdds/9e80f0e6-d3ce-4c33-b1a3-32fa2c9dea98/DS-6317d18c-d13f-4c59-93cb-234c67b24114/container.db from cache
2023-08-25 11:37:41,270 [main] INFO  volume.HddsVolume (HddsVolume.java:closeDbStore(453)) - SchemaV3 db is stopped at /home/runner/work/ozone/ozone/hadoop-ozone/integration-test/target/test-dir/MiniOzoneClusterImpl-9e80f0e6-d3ce-4c33-b1a3-32fa2c9dea98/datanode-2/data-0/containers/hdds/9e80f0e6-d3ce-4c33-b1a3-32fa2c9dea98/DS-6317d18c-d13f-4c59-93cb-234c67b24114/container.db for volume DS-6317d18c-d13f-4c59-93cb-234c67b24114
2023-08-25 11:37:41,270 [main] INFO  utils.BackgroundService (BackgroundService.java:shutdown(141)) - Shutting down service BlockDeletingService
2023-08-25 11:37:41,271 [main] INFO  utils.BackgroundService (BackgroundService.java:shutdown(141)) - Shutting down service StaleRecoveringContainerScrubbingService
2023-08-25 11:37:41,272 [main] INFO  statemachine.DatanodeStateMachine (DatanodeStateMachine.java:stopDaemon(620)) - Ozone container server stopped.
2023-08-25 11:37:41,286 [main] INFO  handler.ContextHandler (ContextHandler.java:doStop(1159)) - Stopped o.e.j.w.WebAppContext@7c6ff21b{hddsDatanode,/,null,STOPPED}{jar:file:/home/runner/.m2/repository/org/apache/ozone/hdds-container-service/1.4.0-SNAPSHOT/hdds-container-service-1.4.0-SNAPSHOT.jar!/webapps/hddsDatanode}
2023-08-25 11:37:41,286 [main] INFO  server.AbstractConnector (AbstractConnector.java:doStop(383)) - Stopped ServerConnector@76bbb392{HTTP/1.1, (http/1.1)}{0.0.0.0:15133}
2023-08-25 11:37:41,287 [main] INFO  server.session (HouseKeeper.java:stopScavenging(149)) - node0 Stopped scavenging
2023-08-25 11:37:41,287 [main] INFO  handler.ContextHandler (ContextHandler.java:doStop(1159)) - Stopped o.e.j.s.ServletContextHandler@38cc8baa{static,/static,jar:file:/home/runner/.m2/repository/org/apache/ozone/hdds-container-service/1.4.0-SNAPSHOT/hdds-container-service-1.4.0-SNAPSHOT.jar!/webapps/static,STOPPED}
2023-08-25 11:37:41,287 [main] INFO  handler.ContextHandler (ContextHandler.java:doStop(1159)) - Stopped o.e.j.s.ServletContextHandler@364cf84e{logs,/logs,file:///home/runner/work/ozone/ozone/hadoop-ozone/integration-test/target/log,STOPPED}
2023-08-25 11:37:41,288 [main] INFO  ozone.HddsDatanodeClientProtocolServer (HddsDatanodeClientProtocolServer.java:stop(78)) - Stopping the RPC server for Client Protocol
2023-08-25 11:37:41,288 [main] INFO  ipc.Server (Server.java:stop(3523)) - Stopping server on 15134
2023-08-25 11:37:41,289 [IPC Server Responder] INFO  ipc.Server (Server.java:run(1567)) - Stopping IPC Server Responder
2023-08-25 11:37:41,290 [IPC Server listener on 15134] INFO  ipc.Server (Server.java:run(1434)) - Stopping IPC Server listener on 15134
2023-08-25 11:37:41,292 [ForkJoinPool.commonPool-worker-2] INFO  utils.DatanodeStoreCache (DatanodeStoreCache.java:shutdownCache(110)) - Skip clearing cache in mini cluster mode. Entries left: [/home/runner/work/ozone/ozone/hadoop-ozone/integration-test/target/test-dir/MiniOzoneClusterImpl-9e80f0e6-d3ce-4c33-b1a3-32fa2c9dea98/datanode-0/data-0/containers/hdds/9e80f0e6-d3ce-4c33-b1a3-32fa2c9dea98/DS-6cdf2459-b79d-4ab3-ac81-d1336cd36dcf/container.db, /home/runner/work/ozone/ozone/hadoop-ozone/integration-test/target/test-dir/MiniOzoneClusterImpl-9e80f0e6-d3ce-4c33-b1a3-32fa2c9dea98/datanode-1/data-0/containers/hdds/9e80f0e6-d3ce-4c33-b1a3-32fa2c9dea98/DS-c6e69af6-9d65-46cb-950a-727afcaf9d6f/container.db]
2023-08-25 11:37:41,293 [ForkJoinPool.commonPool-worker-2] INFO  utils.DatanodeStoreCache (DatanodeStoreCache.java:removeDB(104)) - Removed db /home/runner/work/ozone/ozone/hadoop-ozone/integration-test/target/test-dir/MiniOzoneClusterImpl-9e80f0e6-d3ce-4c33-b1a3-32fa2c9dea98/datanode-1/data-0/containers/hdds/9e80f0e6-d3ce-4c33-b1a3-32fa2c9dea98/DS-c6e69af6-9d65-46cb-950a-727afcaf9d6f/container.db from cache
2023-08-25 11:37:41,293 [ForkJoinPool.commonPool-worker-2] INFO  volume.HddsVolume (HddsVolume.java:closeDbStore(453)) - SchemaV3 db is stopped at /home/runner/work/ozone/ozone/hadoop-ozone/integration-test/target/test-dir/MiniOzoneClusterImpl-9e80f0e6-d3ce-4c33-b1a3-32fa2c9dea98/datanode-1/data-0/containers/hdds/9e80f0e6-d3ce-4c33-b1a3-32fa2c9dea98/DS-c6e69af6-9d65-46cb-950a-727afcaf9d6f/container.db for volume DS-c6e69af6-9d65-46cb-950a-727afcaf9d6f
2023-08-25 11:37:41,294 [ForkJoinPool.commonPool-worker-2] INFO  utils.BackgroundService (BackgroundService.java:shutdown(141)) - Shutting down service BlockDeletingService
2023-08-25 11:37:41,295 [ForkJoinPool.commonPool-worker-2] INFO  utils.BackgroundService (BackgroundService.java:shutdown(141)) - Shutting down service StaleRecoveringContainerScrubbingService
2023-08-25 11:37:41,295 [ForkJoinPool.commonPool-worker-3] INFO  utils.DatanodeStoreCache (DatanodeStoreCache.java:shutdownCache(110)) - Skip clearing cache in mini cluster mode. Entries left: [/home/runner/work/ozone/ozone/hadoop-ozone/integration-test/target/test-dir/MiniOzoneClusterImpl-9e80f0e6-d3ce-4c33-b1a3-32fa2c9dea98/datanode-0/data-0/containers/hdds/9e80f0e6-d3ce-4c33-b1a3-32fa2c9dea98/DS-6cdf2459-b79d-4ab3-ac81-d1336cd36dcf/container.db]
2023-08-25 11:37:41,297 [ForkJoinPool.commonPool-worker-3] INFO  utils.DatanodeStoreCache (DatanodeStoreCache.java:removeDB(104)) - Removed db /home/runner/work/ozone/ozone/hadoop-ozone/integration-test/target/test-dir/MiniOzoneClusterImpl-9e80f0e6-d3ce-4c33-b1a3-32fa2c9dea98/datanode-0/data-0/containers/hdds/9e80f0e6-d3ce-4c33-b1a3-32fa2c9dea98/DS-6cdf2459-b79d-4ab3-ac81-d1336cd36dcf/container.db from cache
2023-08-25 11:37:41,297 [ForkJoinPool.commonPool-worker-3] INFO  volume.HddsVolume (HddsVolume.java:closeDbStore(453)) - SchemaV3 db is stopped at /home/runner/work/ozone/ozone/hadoop-ozone/integration-test/target/test-dir/MiniOzoneClusterImpl-9e80f0e6-d3ce-4c33-b1a3-32fa2c9dea98/datanode-0/data-0/containers/hdds/9e80f0e6-d3ce-4c33-b1a3-32fa2c9dea98/DS-6cdf2459-b79d-4ab3-ac81-d1336cd36dcf/container.db for volume DS-6cdf2459-b79d-4ab3-ac81-d1336cd36dcf
2023-08-25 11:37:41,297 [ForkJoinPool.commonPool-worker-3] INFO  utils.BackgroundService (BackgroundService.java:shutdown(141)) - Shutting down service BlockDeletingService
2023-08-25 11:37:41,297 [ForkJoinPool.commonPool-worker-2] INFO  statemachine.DatanodeStateMachine (DatanodeStateMachine.java:stopDaemon(620)) - Ozone container server stopped.
2023-08-25 11:37:41,298 [ForkJoinPool.commonPool-worker-3] INFO  utils.BackgroundService (BackgroundService.java:shutdown(141)) - Shutting down service StaleRecoveringContainerScrubbingService
2023-08-25 11:37:41,298 [ForkJoinPool.commonPool-worker-3] INFO  statemachine.DatanodeStateMachine (DatanodeStateMachine.java:stopDaemon(620)) - Ozone container server stopped.
2023-08-25 11:37:41,324 [ForkJoinPool.commonPool-worker-2] INFO  handler.ContextHandler (ContextHandler.java:doStop(1159)) - Stopped o.e.j.w.WebAppContext@35007ef{hddsDatanode,/,null,STOPPED}{jar:file:/home/runner/.m2/repository/org/apache/ozone/hdds-container-service/1.4.0-SNAPSHOT/hdds-container-service-1.4.0-SNAPSHOT.jar!/webapps/hddsDatanode}
2023-08-25 11:37:41,327 [ForkJoinPool.commonPool-worker-3] INFO  handler.ContextHandler (ContextHandler.java:doStop(1159)) - Stopped o.e.j.w.WebAppContext@54fc62a9{hddsDatanode,/,null,STOPPED}{jar:file:/home/runner/.m2/repository/org/apache/ozone/hdds-container-service/1.4.0-SNAPSHOT/hdds-container-service-1.4.0-SNAPSHOT.jar!/webapps/hddsDatanode}
2023-08-25 11:37:41,327 [ForkJoinPool.commonPool-worker-2] INFO  server.AbstractConnector (AbstractConnector.java:doStop(383)) - Stopped ServerConnector@72c0e83e{HTTP/1.1, (http/1.1)}{0.0.0.0:15124}
2023-08-25 11:37:41,327 [ForkJoinPool.commonPool-worker-3] INFO  server.AbstractConnector (AbstractConnector.java:doStop(383)) - Stopped ServerConnector@15280370{HTTP/1.1, (http/1.1)}{0.0.0.0:15115}
2023-08-25 11:37:41,327 [ForkJoinPool.commonPool-worker-2] INFO  server.session (HouseKeeper.java:stopScavenging(149)) - node0 Stopped scavenging
2023-08-25 11:37:41,327 [ForkJoinPool.commonPool-worker-3] INFO  server.session (HouseKeeper.java:stopScavenging(149)) - node0 Stopped scavenging
2023-08-25 11:37:41,329 [ForkJoinPool.commonPool-worker-3] INFO  handler.ContextHandler (ContextHandler.java:doStop(1159)) - Stopped o.e.j.s.ServletContextHandler@2a563463{static,/static,jar:file:/home/runner/.m2/repository/org/apache/ozone/hdds-container-service/1.4.0-SNAPSHOT/hdds-container-service-1.4.0-SNAPSHOT.jar!/webapps/static,STOPPED}
2023-08-25 11:37:41,330 [ForkJoinPool.commonPool-worker-2] INFO  handler.ContextHandler (ContextHandler.java:doStop(1159)) - Stopped o.e.j.s.ServletContextHandler@7d001f48{static,/static,jar:file:/home/runner/.m2/repository/org/apache/ozone/hdds-container-service/1.4.0-SNAPSHOT/hdds-container-service-1.4.0-SNAPSHOT.jar!/webapps/static,STOPPED}
2023-08-25 11:37:41,330 [ForkJoinPool.commonPool-worker-3] INFO  handler.ContextHandler (ContextHandler.java:doStop(1159)) - Stopped o.e.j.s.ServletContextHandler@48b36b5d{logs,/logs,file:///home/runner/work/ozone/ozone/hadoop-ozone/integration-test/target/log,STOPPED}
2023-08-25 11:37:41,331 [ForkJoinPool.commonPool-worker-2] INFO  handler.ContextHandler (ContextHandler.java:doStop(1159)) - Stopped o.e.j.s.ServletContextHandler@6b874125{logs,/logs,file:///home/runner/work/ozone/ozone/hadoop-ozone/integration-test/target/log,STOPPED}
2023-08-25 11:37:41,332 [ForkJoinPool.commonPool-worker-2] INFO  ozone.HddsDatanodeClientProtocolServer (HddsDatanodeClientProtocolServer.java:stop(78)) - Stopping the RPC server for Client Protocol
2023-08-25 11:37:41,332 [ForkJoinPool.commonPool-worker-2] INFO  ipc.Server (Server.java:stop(3523)) - Stopping server on 15125
2023-08-25 11:37:41,334 [IPC Server Responder] INFO  ipc.Server (Server.java:run(1567)) - Stopping IPC Server Responder
2023-08-25 11:37:41,334 [IPC Server listener on 15125] INFO  ipc.Server (Server.java:run(1434)) - Stopping IPC Server listener on 15125
2023-08-25 11:37:41,336 [ForkJoinPool.commonPool-worker-3] INFO  ozone.HddsDatanodeClientProtocolServer (HddsDatanodeClientProtocolServer.java:stop(78)) - Stopping the RPC server for Client Protocol
2023-08-25 11:37:41,336 [ForkJoinPool.commonPool-worker-3] INFO  ipc.Server (Server.java:stop(3523)) - Stopping server on 15116
2023-08-25 11:37:41,337 [IPC Server listener on 15116] INFO  ipc.Server (Server.java:run(1434)) - Stopping IPC Server listener on 15116
2023-08-25 11:37:41,337 [IPC Server Responder] INFO  ipc.Server (Server.java:run(1567)) - Stopping IPC Server Responder
2023-08-25 11:37:41,339 [main] INFO  ozone.MiniOzoneClusterImpl (MiniOzoneClusterImpl.java:stopSCM(543)) - Stopping the StorageContainerManager
2023-08-25 11:37:41,339 [main] INFO  server.StorageContainerManager (StorageContainerManager.java:stop(1591)) - Container Balancer is not running.
2023-08-25 11:37:41,340 [main] INFO  server.StorageContainerManager (StorageContainerManager.java:stopReplicationManager(1724)) - Stopping Replication Manager Service.
2023-08-25 11:37:41,340 [main] INFO  replication.ReplicationManager (ReplicationManager.java:stop(323)) - Stopping Replication Monitor Thread.
2023-08-25 11:37:41,340 [main] INFO  server.StorageContainerManager (StorageContainerManager.java:stop(1600)) - Stopping the Datanode Admin Monitor.
2023-08-25 11:37:41,340 [Under Replicated Processor] WARN  replication.UnhealthyReplicationProcessor (UnhealthyReplicationProcessor.java:run(180)) - Under Replicated Processor interrupted. Exiting...
2023-08-25 11:37:41,340 [main] INFO  server.StorageContainerManager (StorageContainerManager.java:stop(1607)) - Stopping datanode service RPC server
2023-08-25 11:37:41,340 [main] INFO  server.SCMDatanodeProtocolServer (SCMDatanodeProtocolServer.java:stop(424)) - Stopping the RPC server for DataNodes
2023-08-25 11:37:41,340 [main] INFO  ipc.Server (Server.java:stop(3523)) - Stopping server on 15108
2023-08-25 11:37:41,340 [Over Replicated Processor] WARN  replication.UnhealthyReplicationProcessor (UnhealthyReplicationProcessor.java:run(180)) - Over Replicated Processor interrupted. Exiting...
2023-08-25 11:37:41,341 [ReplicationMonitor] INFO  replication.ReplicationManager (ReplicationManager.java:run(921)) - Replication Monitor Thread is stopped
2023-08-25 11:37:41,343 [IPC Server Responder] INFO  ipc.Server (Server.java:run(1567)) - Stopping IPC Server Responder
2023-08-25 11:37:41,343 [IPC Server listener on 15108] INFO  ipc.Server (Server.java:run(1434)) - Stopping IPC Server listener on 15108
2023-08-25 11:37:41,374 [SCM Heartbeat Processing Thread - 0] WARN  node.NodeStateManager (NodeStateManager.java:scheduleNextHealthCheck(874)) - Current Thread is interrupted, shutting down HB processing thread for Node Manager.
2023-08-25 11:37:41,374 [main] INFO  server.StorageContainerManager (StorageContainerManager.java:stop(1615)) - Stopping block service RPC server
2023-08-25 11:37:41,374 [main] INFO  server.SCMBlockProtocolServer (SCMBlockProtocolServer.java:stop(161)) - Stopping the RPC server for Block Protocol
2023-08-25 11:37:41,374 [main] INFO  ipc.Server (Server.java:stop(3523)) - Stopping server on 15107
2023-08-25 11:37:41,377 [IPC Server Responder] INFO  ipc.Server (Server.java:run(1567)) - Stopping IPC Server Responder
2023-08-25 11:37:41,378 [IPC Server listener on 15107] INFO  ipc.Server (Server.java:run(1434)) - Stopping IPC Server listener on 15107
2023-08-25 11:37:41,380 [main] INFO  server.StorageContainerManager (StorageContainerManager.java:stop(1622)) - Stopping the StorageContainerLocationProtocol RPC server
2023-08-25 11:37:41,380 [main] INFO  server.SCMClientProtocolServer (SCMClientProtocolServer.java:stop(210)) - Stopping the RPC server for Client Protocol
2023-08-25 11:37:41,380 [main] INFO  ipc.Server (Server.java:stop(3523)) - Stopping server on 15106
2023-08-25 11:37:41,382 [IPC Server listener on 15106] INFO  ipc.Server (Server.java:run(1434)) - Stopping IPC Server listener on 15106
2023-08-25 11:37:41,384 [IPC Server Responder] INFO  ipc.Server (Server.java:run(1567)) - Stopping IPC Server Responder
2023-08-25 11:37:41,384 [main] INFO  server.StorageContainerManager (StorageContainerManager.java:stop(1629)) - Stopping Storage Container Manager HTTP server.
2023-08-25 11:37:41,385 [main] INFO  handler.ContextHandler (ContextHandler.java:doStop(1159)) - Stopped o.e.j.w.WebAppContext@3bea96e2{scm,/,null,STOPPED}{file:/home/runner/work/ozone/ozone/hadoop-ozone/integration-test/target/test-classes/webapps/scm}
2023-08-25 11:37:41,388 [main] INFO  server.AbstractConnector (AbstractConnector.java:doStop(383)) - Stopped ServerConnector@1abeae00{HTTP/1.1, (http/1.1)}{0.0.0.0:15109}
2023-08-25 11:37:41,388 [main] INFO  server.session (HouseKeeper.java:stopScavenging(149)) - node0 Stopped scavenging
2023-08-25 11:37:41,389 [main] INFO  handler.ContextHandler (ContextHandler.java:doStop(1159)) - Stopped o.e.j.s.ServletContextHandler@733b45cf{static,/static,file:///home/runner/work/ozone/ozone/hadoop-ozone/integration-test/target/test-classes/webapps/static,STOPPED}
2023-08-25 11:37:41,389 [main] INFO  handler.ContextHandler (ContextHandler.java:doStop(1159)) - Stopped o.e.j.s.ServletContextHandler@3b7e34af{logs,/logs,file:///home/runner/work/ozone/ozone/hadoop-ozone/integration-test/target/log,STOPPED}
2023-08-25 11:37:41,390 [main] INFO  server.StorageContainerManager (StorageContainerManager.java:stop(1637)) - Stopping SCM LayoutVersionManager Service.
2023-08-25 11:37:41,390 [main] INFO  server.StorageContainerManager (StorageContainerManager.java:stop(1649)) - Stopping Block Manager Service.
2023-08-25 11:37:41,390 [main] INFO  utils.BackgroundService (BackgroundService.java:shutdown(141)) - Shutting down service SCMBlockDeletingService
2023-08-25 11:37:41,390 [main] INFO  utils.BackgroundService (BackgroundService.java:shutdown(141)) - Shutting down service SCMBlockDeletingService
2023-08-25 11:37:41,391 [main] INFO  server.StorageContainerManager (StorageContainerManager.java:stop(1669)) - Stopping SCM Event Queue.
2023-08-25 11:37:41,392 [JvmPauseMonitor14] INFO  util.JvmPauseMonitor (JvmPauseMonitor.java:run(109)) - JvmPauseMonitor-bc895f60-0dbd-4365-8a5d-9bcc0d75fa5c: Stopped
2023-08-25 11:37:41,392 [main] INFO  server.StorageContainerManager (StorageContainerManager.java:stop(1680)) - Stopping SCM HA services.
2023-08-25 11:37:41,392 [main] INFO  pipeline.BackgroundPipelineCreator (BackgroundPipelineCreator.java:stop(149)) - Stopping RatisPipelineUtilsThread.
2023-08-25 11:37:41,392 [RatisPipelineUtilsThread - 0] WARN  pipeline.BackgroundPipelineCreator (BackgroundPipelineCreator.java:run(180)) - RatisPipelineUtilsThread is interrupted.
2023-08-25 11:37:41,393 [BackgroundPipelineScrubberThread] WARN  BackgroundPipelineScrubber (BackgroundSCMService.java:run(115)) - BackgroundPipelineScrubber is interrupted, exit
2023-08-25 11:37:41,393 [main] INFO  BackgroundPipelineScrubber (BackgroundSCMService.java:stop(131)) - Stopping BackgroundPipelineScrubber Service.
2023-08-25 11:37:41,393 [main] INFO  impl.MetricsSystemImpl (MetricsSystemImpl.java:stop(210)) - Stopping HddsDatanode metrics system...
2023-08-25 11:37:41,398 [prometheus] INFO  impl.MetricsSinkAdapter (MetricsSinkAdapter.java:publishMetricsFromQueue(141)) - prometheus thread interrupted.
2023-08-25 11:37:41,399 [main] INFO  impl.MetricsSystemImpl (MetricsSystemImpl.java:stop(216)) - HddsDatanode metrics system stopped.
2023-08-25 11:37:41,399 [main] WARN  pipeline.BackgroundPipelineCreator (BackgroundPipelineCreator.java:stop(145)) - RatisPipelineUtilsThread is not running, just ignore.
2023-08-25 11:37:41,399 [main] INFO  BackgroundPipelineScrubber (BackgroundSCMService.java:stop(126)) - BackgroundPipelineScrubber Service is not running, skip stop.
2023-08-25 11:37:41,399 [main] INFO  ExpiredContainerReplicaOpScrubber (BackgroundSCMService.java:stop(131)) - Stopping ExpiredContainerReplicaOpScrubber Service.
2023-08-25 11:37:41,399 [main] INFO  utils.BackgroundService (BackgroundService.java:shutdown(141)) - Shutting down service SCMBlockDeletingService
2023-08-25 11:37:41,399 [main] INFO  replication.ReplicationManager (ReplicationManager.java:stop(333)) - Replication Monitor Thread is not running.
2023-08-25 11:37:41,400 [ExpiredContainerReplicaOpScrubberThread] WARN  ExpiredContainerReplicaOpScrubber (BackgroundSCMService.java:run(115)) - ExpiredContainerReplicaOpScrubber is interrupted, exit
2023-08-25 11:37:41,400 [main] WARN  balancer.ContainerBalancer (ContainerBalancer.java:stop(326)) - Cannot stop Container Balancer because it's not running or stopping
2023-08-25 11:37:41,400 [main] INFO  server.StorageContainerManager (StorageContainerManager.java:stop(1715)) - Stopping SCM MetadataStore.
2023-08-25 11:37:41,400 [Lease Manager-LeaseManager#LeaseMonitor] WARN  lease.LeaseManager (LeaseManager.java:run(272)) - Lease manager is interrupted. Shutting down...
java.lang.InterruptedException
	at java.util.concurrent.locks.AbstractQueuedSynchronizer.doAcquireSharedNanos(AbstractQueuedSynchronizer.java:1039)
	at java.util.concurrent.locks.AbstractQueuedSynchronizer.tryAcquireSharedNanos(AbstractQueuedSynchronizer.java:1328)
	at java.util.concurrent.Semaphore.tryAcquire(Semaphore.java:409)
	at org.apache.hadoop.ozone.lease.LeaseManager$LeaseMonitor.run(LeaseManager.java:270)
	at java.lang.Thread.run(Thread.java:750)
2023-08-25 11:37:41,490 [main] WARN  server.ServerUtils (ServerUtils.java:getScmDbDir(155)) - ozone.scm.db.dirs is not configured. We recommend adding this setting. Falling back to ozone.metadata.dirs instead.
2023-08-25 11:37:41,495 [main] WARN  server.ServerUtils (ServerUtils.java:getScmDbDir(155)) - ozone.scm.db.dirs is not configured. We recommend adding this setting. Falling back to ozone.metadata.dirs instead.
2023-08-25 11:37:41,496 [main] INFO  ha.SCMHANodeDetails (SCMHANodeDetails.java:loadSCMHAConfig(210)) - ServiceID for StorageContainerManager is null
2023-08-25 11:37:41,496 [main] INFO  ha.SCMHANodeDetails (SCMHANodeDetails.java:loadSCMHAConfig(215)) - ozone.scm.default.service.id is not defined, falling back to ozone.scm.service.ids to find serviceID for StorageContainerManager if it is HA enabled cluster
2023-08-25 11:37:41,496 [main] WARN  utils.HAUtils (HAUtils.java:getMetaDir(339)) - ozone.scm.db.dirs is not configured. We recommend adding this setting. Falling back to ozone.metadata.dirs instead.
2023-08-25 11:37:41,497 [main] WARN  db.DBStoreBuilder (DBStoreBuilder.java:applyDBDefinition(166)) - ozone.scm.db.dirs is not configured. We recommend adding this setting. Falling back to ozone.metadata.dirs instead.
2023-08-25 11:37:41,671 [main] INFO  net.NodeSchemaLoader (NodeSchemaLoader.java:loadSchemaFromFile(129)) - Loading schema from [jar:file:/home/runner/.m2/repository/org/apache/ozone/hdds-common/1.4.0-SNAPSHOT/hdds-common-1.4.0-SNAPSHOT.jar!/network-topology-default.xml]
2023-08-25 11:37:41,671 [main] INFO  net.NodeSchemaLoader (NodeSchemaLoader.java:loadSchema(176)) - Loading network topology layer schema file
2023-08-25 11:37:41,678 [main] INFO  upgrade.AbstractLayoutVersionManager (AbstractLayoutVersionManager.java:init(83)) - Initializing Layout version manager with metadata layout = HADOOP_PRC_PORTS_IN_DATANODEDETAILS (version = 7), software layout = HADOOP_PRC_PORTS_IN_DATANODEDETAILS (version = 7)
2023-08-25 11:37:41,680 [main] INFO  ha.SequenceIdGenerator (SequenceIdGenerator.java:upgradeToSequenceId(365)) - upgrade localId to 111677748019200000
2023-08-25 11:37:41,683 [main] INFO  ha.SequenceIdGenerator (SequenceIdGenerator.java:upgradeToSequenceId(375)) - upgrade delTxnId to 0
2023-08-25 11:37:41,684 [main] INFO  ha.SequenceIdGenerator (SequenceIdGenerator.java:upgradeToSequenceId(392)) - upgrade containerId to 0
2023-08-25 11:37:41,684 [main] INFO  ha.SequenceIdGenerator (SequenceIdGenerator.java:upgradeToSequenceId(428)) - upgrade rootCertificateId to 1
2023-08-25 11:37:41,685 [main] INFO  ha.SequenceIdGenerator (SequenceIdGenerator.java:<init>(236)) - Init the HA SequenceIdGenerator.
2023-08-25 11:37:41,685 [main] WARN  server.ServerUtils (ServerUtils.java:sanitizeUserArgs(80)) - ozone.scm.stale.node.interval value = 300000 is larger than max = 100000 based on the key value of ozone.scm.heartbeat.thread.interval, reset to the max value 100000.
2023-08-25 11:37:41,685 [main] WARN  server.ServerUtils (ServerUtils.java:sanitizeUserArgs(80)) - ozone.scm.stale.node.interval value = 300000 is larger than max = 100000 based on the key value of ozone.scm.heartbeat.thread.interval, reset to the max value 100000.
2023-08-25 11:37:41,686 [main] INFO  node.SCMNodeManager (SCMNodeManager.java:<init>(157)) - Entering startup safe mode.
2023-08-25 11:37:41,686 [main] INFO  algorithms.ContainerPlacementPolicyFactory (ContainerPlacementPolicyFactory.java:getPolicyInternal(86)) - Create container placement policy of type org.apache.hadoop.hdds.scm.container.placement.algorithms.SCMContainerPlacementRackAware
2023-08-25 11:37:41,686 [main] INFO  algorithms.ContainerPlacementPolicyFactory (ContainerPlacementPolicyFactory.java:getPolicyInternal(86)) - Create container placement policy of type org.apache.hadoop.hdds.scm.container.placement.algorithms.SCMContainerPlacementRackScatter
2023-08-25 11:37:41,687 [main] INFO  pipeline.PipelineStateManagerImpl (PipelineStateManagerImpl.java:initialize(78)) - No pipeline exists in current db
2023-08-25 11:37:41,687 [main] INFO  algorithms.LeaderChoosePolicyFactory (LeaderChoosePolicyFactory.java:getPolicy(57)) - Create leader choose policy of type org.apache.hadoop.hdds.scm.pipeline.leader.choose.algorithms.MinLeaderCountChoosePolicy
2023-08-25 11:37:41,687 [main] INFO  algorithms.ContainerPlacementPolicyFactory (ContainerPlacementPolicyFactory.java:getPolicyInternal(86)) - Create container placement policy of type org.apache.hadoop.hdds.scm.container.placement.algorithms.SCMContainerPlacementRackScatter
2023-08-25 11:37:41,687 [main] INFO  ha.SCMServiceManager (SCMServiceManager.java:register(42)) - Registering service BackgroundPipelineCreator.
2023-08-25 11:37:41,688 [main] INFO  pipeline.BackgroundPipelineCreator (BackgroundPipelineCreator.java:start(124)) - Starting RatisPipelineUtilsThread.
2023-08-25 11:37:41,688 [main] INFO  BackgroundPipelineScrubber (BackgroundSCMService.java:start(68)) - Starting BackgroundPipelineScrubber Service.
2023-08-25 11:37:41,688 [main] INFO  ha.SCMServiceManager (SCMServiceManager.java:register(42)) - Registering service BackgroundPipelineScrubber.
2023-08-25 11:37:41,688 [main] INFO  ExpiredContainerReplicaOpScrubber (BackgroundSCMService.java:start(68)) - Starting ExpiredContainerReplicaOpScrubber Service.
2023-08-25 11:37:41,689 [main] INFO  ha.SCMServiceManager (SCMServiceManager.java:register(42)) - Registering service ExpiredContainerReplicaOpScrubber.
2023-08-25 11:37:41,690 [main] INFO  algorithms.PipelineChoosePolicyFactory (PipelineChoosePolicyFactory.java:createPipelineChoosePolicyFromClass(78)) - Create pipeline choose policy of type org.apache.hadoop.hdds.scm.pipeline.choose.algorithms.RandomPipelineChoosePolicy
2023-08-25 11:37:41,690 [main] INFO  algorithms.PipelineChoosePolicyFactory (PipelineChoosePolicyFactory.java:createPipelineChoosePolicyFromClass(78)) - Create pipeline choose policy of type org.apache.hadoop.hdds.scm.pipeline.choose.algorithms.RandomPipelineChoosePolicy
2023-08-25 11:37:41,690 [main] INFO  ha.SCMServiceManager (SCMServiceManager.java:register(42)) - Registering service SCMBlockDeletingService.
2023-08-25 11:37:41,691 [main] INFO  replication.ReplicationManager (ReplicationManager.java:start(291)) - Starting Replication Monitor Thread.
2023-08-25 11:37:41,692 [main] INFO  ha.SCMServiceManager (SCMServiceManager.java:register(42)) - Registering service ReplicationManager.
2023-08-25 11:37:41,692 [main] INFO  safemode.ContainerSafeModeRule (ContainerSafeModeRule.java:<init>(90)) - containers with one replica threshold count 0
2023-08-25 11:37:41,692 [main] INFO  safemode.HealthyPipelineSafeModeRule (HealthyPipelineSafeModeRule.java:initializeRule(169)) - Total pipeline count is 0, healthy pipeline threshold count is 1
2023-08-25 11:37:41,693 [main] INFO  safemode.OneReplicaPipelineSafeModeRule (OneReplicaPipelineSafeModeRule.java:initializeRule(180)) - Total pipeline count is 0, pipeline's with at least one datanode reported threshold count is 0
2023-08-25 11:37:41,693 [main] INFO  server.StorageContainerManager (StorageContainerManager.java:<init>(425)) - SCM start with adminUsers: [runner]
2023-08-25 11:37:41,693 [main] INFO  ipc.CallQueueManager (CallQueueManager.java:<init>(90)) - Using callQueue: class java.util.concurrent.LinkedBlockingQueue, queueCapacity: 2000, scheduler: class org.apache.hadoop.ipc.DefaultRpcScheduler, ipcBackoff: false.
2023-08-25 11:37:41,694 [main] INFO  ipc.Server (Server.java:<init>(1287)) - Listener at 0.0.0.0:15161
2023-08-25 11:37:41,696 [ReplicationMonitor] INFO  replication.ReplicationManager (ReplicationManager.java:processAll(365)) - Replication Manager is not ready to run until 3000ms after safemode exit
2023-08-25 11:37:41,697 [Socket Reader #1 for port 15161] INFO  ipc.Server (Server.java:run(1323)) - Starting Socket Reader #1 for port 15161
2023-08-25 11:37:41,697 [main] INFO  ipc.CallQueueManager (CallQueueManager.java:<init>(90)) - Using callQueue: class java.util.concurrent.LinkedBlockingQueue, queueCapacity: 2000, scheduler: class org.apache.hadoop.ipc.DefaultRpcScheduler, ipcBackoff: false.
2023-08-25 11:37:41,698 [main] INFO  ipc.Server (Server.java:<init>(1287)) - Listener at 0.0.0.0:15160
2023-08-25 11:37:41,698 [Socket Reader #1 for port 15160] INFO  ipc.Server (Server.java:run(1323)) - Starting Socket Reader #1 for port 15160
2023-08-25 11:37:41,701 [main] INFO  ipc.CallQueueManager (CallQueueManager.java:<init>(90)) - Using callQueue: class java.util.concurrent.LinkedBlockingQueue, queueCapacity: 2000, scheduler: class org.apache.hadoop.ipc.DefaultRpcScheduler, ipcBackoff: false.
2023-08-25 11:37:41,702 [main] INFO  ipc.Server (Server.java:<init>(1287)) - Listener at 0.0.0.0:15159
2023-08-25 11:37:41,702 [Socket Reader #1 for port 15159] INFO  ipc.Server (Server.java:run(1323)) - Starting Socket Reader #1 for port 15159
2023-08-25 11:37:41,708 [main] INFO  ha.SCMServiceManager (SCMServiceManager.java:register(42)) - Registering service ContainerBalancer.
2023-08-25 11:37:41,708 [main] INFO  server.StorageContainerManager (StorageContainerManager.java:<init>(438)) - 
Container Balancer status:
Key                            Value
Running                        false
Container Balancer Configuration values:
Key                                                Value
Threshold                                          10
Max Datanodes to Involve per Iteration(percent)    20
Max Size to Move per Iteration                     500GB
Max Size Entering Target per Iteration             26GB
Max Size Leaving Source per Iteration              26GB

2023-08-25 11:37:41,708 [main] INFO  ha.SCMContext (SCMContext.java:updateSafeModeStatus(228)) - Update SafeModeStatus from SafeModeStatus{safeModeStatus=true, preCheckPassed=false} to SafeModeStatus{safeModeStatus=true, preCheckPassed=false}.
2023-08-25 11:37:41,709 [main] INFO  server.StorageContainerManager (StorageContainerManager.java:start(1483)) - StorageContainerLocationProtocol RPC server is listening at /0.0.0.0:15159
2023-08-25 11:37:41,711 [main] WARN  impl.MetricsConfig (MetricsConfig.java:loadFirst(136)) - Cannot locate configuration: tried hadoop-metrics2-storagecontainermanager.properties,hadoop-metrics2.properties
2023-08-25 11:37:41,711 [main] INFO  impl.MetricsSystemImpl (MetricsSystemImpl.java:startTimer(378)) - Scheduled Metric snapshot period at 10 second(s).
2023-08-25 11:37:41,711 [main] INFO  impl.MetricsSystemImpl (MetricsSystemImpl.java:start(191)) - StorageContainerManager metrics system started
2023-08-25 11:37:41,723 [main] INFO  impl.MetricsSinkAdapter (MetricsSinkAdapter.java:start(204)) - Sink prometheus started
2023-08-25 11:37:41,723 [main] INFO  impl.MetricsSystemImpl (MetricsSystemImpl.java:registerSink(305)) - Registered sink prometheus
2023-08-25 11:37:41,757 [main] INFO  server.SCMClientProtocolServer (SCMClientProtocolServer.java:start(201)) - RPC server for Client  is listening at /0.0.0.0:15159
2023-08-25 11:37:41,761 [IPC Server Responder] INFO  ipc.Server (Server.java:run(1562)) - IPC Server Responder: starting
2023-08-25 11:37:41,850 [main] INFO  server.StorageContainerManager (StorageContainerManager.java:start(1496)) - ScmBlockLocationProtocol RPC server is listening at /0.0.0.0:15160
2023-08-25 11:37:41,850 [main] INFO  server.SCMBlockProtocolServer (SCMBlockProtocolServer.java:start(152)) - RPC server for Block Protocol is listening at /0.0.0.0:15160
2023-08-25 11:37:41,851 [IPC Server Responder] INFO  ipc.Server (Server.java:run(1562)) - IPC Server Responder: starting
2023-08-25 11:37:41,851 [IPC Server listener on 15160] INFO  ipc.Server (Server.java:run(1402)) - IPC Server listener on 15160: starting
2023-08-25 11:37:41,852 [IPC Server listener on 15159] INFO  ipc.Server (Server.java:run(1402)) - IPC Server listener on 15159: starting
2023-08-25 11:37:41,878 [main] INFO  server.SCMDatanodeProtocolServer (SCMDatanodeProtocolServer.java:start(193)) - ScmDatanodeProtocol RPC server for DataNodes is listening at /0.0.0.0:15161
2023-08-25 11:37:41,885 [IPC Server Responder] INFO  ipc.Server (Server.java:run(1562)) - IPC Server Responder: starting
2023-08-25 11:37:41,886 [IPC Server listener on 15161] INFO  ipc.Server (Server.java:run(1402)) - IPC Server listener on 15161: starting
2023-08-25 11:37:41,961 [main] INFO  http.BaseHttpServer (BaseHttpServer.java:newHttpServer2BuilderForOzone(224)) - Starting Web-server for scm at: http://0.0.0.0:15162
2023-08-25 11:37:41,961 [JvmPauseMonitor21] INFO  util.JvmPauseMonitor (JvmPauseMonitor.java:run(103)) - JvmPauseMonitor-ea836a79-b654-4d23-a9c3-914f0a98739c: Started
2023-08-25 11:37:41,961 [main] INFO  http.BaseHttpServer (BaseHttpServer.java:<init>(111)) - Hadoop Security Enabled: false Ozone Security Enabled: false Ozone HTTP Security Enabled: false 
2023-08-25 11:37:41,964 [main] WARN  server.AuthenticationFilter (AuthenticationFilter.java:constructSecretProvider(240)) - Unable to initialize FileSignerSecretProvider, falling back to use random secrets. Reason: Could not read signature secret file: /home/runner/hadoop-http-auth-signature-secret
2023-08-25 11:37:41,965 [main] INFO  http.HttpRequestLog (HttpRequestLog.java:getRequestLog(86)) - Http request log for http.requests.scm is not defined
2023-08-25 11:37:41,966 [main] INFO  http.HttpServer2 (HttpServer2.java:addGlobalFilter(1031)) - Added global filter 'safety' (class=org.apache.hadoop.hdds.server.http.HttpServer2$QuotingInputFilter)
2023-08-25 11:37:41,967 [main] INFO  http.HttpServer2 (HttpServer2.java:addFilter(1007)) - Added filter static_user_filter (class=org.apache.hadoop.http.lib.StaticUserWebFilter$StaticUserFilter) to context scm
2023-08-25 11:37:41,967 [main] INFO  http.HttpServer2 (HttpServer2.java:addFilter(1015)) - Added filter static_user_filter (class=org.apache.hadoop.http.lib.StaticUserWebFilter$StaticUserFilter) to context logs
2023-08-25 11:37:41,967 [main] INFO  http.HttpServer2 (HttpServer2.java:addFilter(1015)) - Added filter static_user_filter (class=org.apache.hadoop.http.lib.StaticUserWebFilter$StaticUserFilter) to context static
2023-08-25 11:37:41,968 [main] INFO  http.BaseHttpServer (BaseHttpServer.java:<init>(190)) - HTTP server of scm uses base directory /home/runner/work/ozone/ozone/hadoop-ozone/integration-test/target/test-dir/MiniOzoneClusterImpl-e63a8ec6-da9e-4c95-a9d5-015e34518cdf/ozone-meta/webserver
2023-08-25 11:37:41,968 [main] INFO  http.HttpServer2 (HttpServer2.java:bindListener(1250)) - Jetty bound to port 15162
2023-08-25 11:37:41,968 [main] INFO  server.Server (Server.java:doStart(375)) - jetty-9.4.51.v20230217; built: 2023-02-17T08:19:37.309Z; git: b45c405e4544384de066f814ed42ae3dceacdd49; jvm 1.8.0_382-b05
2023-08-25 11:37:41,970 [main] INFO  server.session (DefaultSessionIdManager.java:doStart(334)) - DefaultSessionIdManager workerName=node0
2023-08-25 11:37:41,970 [main] INFO  server.session (DefaultSessionIdManager.java:doStart(339)) - No SessionScavenger set, using defaults
2023-08-25 11:37:41,970 [main] INFO  server.session (HouseKeeper.java:startScavenging(132)) - node0 Scavenging every 660000ms
2023-08-25 11:37:41,971 [main] INFO  handler.ContextHandler (ContextHandler.java:doStart(921)) - Started o.e.j.s.ServletContextHandler@7635c841{logs,/logs,file:///home/runner/work/ozone/ozone/hadoop-ozone/integration-test/target/log,AVAILABLE}
2023-08-25 11:37:41,971 [main] INFO  handler.ContextHandler (ContextHandler.java:doStart(921)) - Started o.e.j.s.ServletContextHandler@b9ab6c3{static,/static,file:///home/runner/work/ozone/ozone/hadoop-ozone/integration-test/target/test-classes/webapps/static,AVAILABLE}
2023-08-25 11:37:41,974 [main] INFO  handler.ContextHandler (ContextHandler.java:doStart(921)) - Started o.e.j.w.WebAppContext@149317fd{scm,/,file:///home/runner/work/ozone/ozone/hadoop-ozone/integration-test/target/test-classes/webapps/scm/,AVAILABLE}{file:/home/runner/work/ozone/ozone/hadoop-ozone/integration-test/target/test-classes/webapps/scm}
2023-08-25 11:37:41,976 [main] INFO  server.AbstractConnector (AbstractConnector.java:doStart(333)) - Started ServerConnector@73c21415{HTTP/1.1, (http/1.1)}{0.0.0.0:15162}
2023-08-25 11:37:41,976 [main] INFO  server.Server (Server.java:doStart(415)) - Started @312304ms
2023-08-25 11:37:41,976 [main] WARN  impl.MetricsSystemImpl (MetricsSystemImpl.java:register(279)) - Sink prometheus already exists!
2023-08-25 11:37:41,977 [main] INFO  http.BaseHttpServer (BaseHttpServer.java:updateConnectorAddress(344)) - HTTP server of scm listening at http://0.0.0.0:15162
2023-08-25 11:37:41,977 [main] WARN  server.ServerUtils (ServerUtils.java:getDBPath(311)) - ozone.om.db.dirs is not configured. We recommend adding this setting. Falling back to ozone.metadata.dirs instead.
2023-08-25 11:37:41,979 [main] INFO  ha.OMHANodeDetails (OMHANodeDetails.java:loadOMHAConfig(115)) - ozone.om.internal.service.id is not defined, falling back to ozone.om.service.ids to find serviceID for OzoneManager if it is HA enabled cluster
2023-08-25 11:37:41,979 [main] INFO  ha.OMHANodeDetails (OMHANodeDetails.java:loadOMHAConfig(226)) - Configuration does not have ozone.om.address set. Falling back to the default OM address /127.0.0.1:15163
2023-08-25 11:37:41,979 [main] INFO  ha.OMHANodeDetails (OMHANodeDetails.java:getOMNodeDetailsForNonHA(254)) - OM Service ID is not set. Setting it to the default ID: omServiceIdDefault
2023-08-25 11:37:41,979 [main] INFO  ha.OMHANodeDetails (OMHANodeDetails.java:getOMNodeDetailsForNonHA(261)) - OM Node ID is not set. Setting it to the default ID: om1
2023-08-25 11:37:41,980 [main] WARN  server.ServerUtils (ServerUtils.java:getDBPath(311)) - ozone.om.db.dirs is not configured. We recommend adding this setting. Falling back to ozone.metadata.dirs instead.
2023-08-25 11:37:41,982 [main] INFO  upgrade.AbstractLayoutVersionManager (AbstractLayoutVersionManager.java:init(83)) - Initializing Layout version manager with metadata layout = QUOTA (version = 6), software layout = QUOTA (version = 6)
2023-08-25 11:37:42,080 [main] INFO  reflections.Reflections (Reflections.java:scan(232)) - Reflections took 96 ms to scan 2 urls, producing 188 keys and 512 values [using 2 cores]
2023-08-25 11:37:42,081 [main] INFO  upgrade.OMLayoutVersionManager (OMLayoutVersionManager.java:lambda$0(115)) - Skipping Upgrade Action QuotaRepairUpgradeAction since it has been finalized.
2023-08-25 11:37:42,081 [main] INFO  upgrade.OMLayoutVersionManager (OMLayoutVersionManager.java:lambda$0(115)) - Skipping Upgrade Action MockOmUpgradeAction since it has been finalized.
2023-08-25 11:37:42,081 [main] WARN  server.ServerUtils (ServerUtils.java:getDBPath(311)) - ozone.om.db.dirs is not configured. We recommend adding this setting. Falling back to ozone.metadata.dirs instead.
2023-08-25 11:37:42,082 [main] INFO  proxy.SCMBlockLocationFailoverProxyProvider (SCMBlockLocationFailoverProxyProvider.java:<init>(114)) - Created block location fail-over proxy with 1 nodes: [nodeId=scmNodeId,nodeAddress=/0.0.0.0:15160]
2023-08-25 11:37:42,083 [main] INFO  proxy.SCMBlockLocationFailoverProxyProvider (SCMBlockLocationFailoverProxyProvider.java:<init>(114)) - Created block location fail-over proxy with 1 nodes: [nodeId=scmNodeId,nodeAddress=/0.0.0.0:15160]
2023-08-25 11:37:42,095 [main] INFO  om.OzoneManager (OzoneManager.java:<init>(662)) - OM start with adminUsers: [runner]
2023-08-25 11:37:42,096 [main] WARN  server.ServerUtils (ServerUtils.java:getDBPath(311)) - ozone.om.db.dirs is not configured. We recommend adding this setting. Falling back to ozone.metadata.dirs instead.
2023-08-25 11:37:42,097 [main] INFO  helpers.OmKeyInfo (OmKeyInfo.java:getCodec(71)) - OmKeyInfo.getCodec ignorePipeline = true
2023-08-25 11:37:42,406 [main] INFO  om.OzoneManager (OzoneManager.java:instantiateServices(791)) - S3 Multi-Tenancy is disabled
2023-08-25 11:37:42,406 [main] INFO  om.OmSnapshotManager (OmSnapshotManager.java:<init>(175)) - Ozone filesystem snapshot feature is enabled.
2023-08-25 11:37:42,407 [main] WARN  server.ServerUtils (ServerUtils.java:getDBPath(311)) - ozone.om.snapshot.diff.db.dir is not configured. We recommend adding this setting. Falling back to ozone.metadata.dirs instead.
2023-08-25 11:37:42,441 [main] INFO  snapshot.SnapshotDiffManager (SnapshotDiffManager.java:closeExecutorService(1720)) - Shutting down executorService: 'SstDumpToolExecutor'
2023-08-25 11:37:42,483 [main] INFO  om.OzoneManager (OzoneManager.java:addS3GVolumeToDB(4284)) - Created Volume s3v With Owner runner required for S3Gateway operations.
2023-08-25 11:37:42,483 [main] INFO  om.OzoneManager (OzoneManager.java:getRpcServer(1193)) - Creating RPC Server
2023-08-25 11:37:43,044 [main] INFO  reflections.Reflections (Reflections.java:scan(232)) - Reflections took 559 ms to scan 19 urls, producing 70 keys and 5661 values [using 2 cores]
2023-08-25 11:37:43,046 [main] INFO  ipc.CallQueueManager (CallQueueManager.java:<init>(90)) - Using callQueue: class java.util.concurrent.LinkedBlockingQueue, queueCapacity: 2000, scheduler: class org.apache.hadoop.ipc.DefaultRpcScheduler, ipcBackoff: false.
2023-08-25 11:37:43,046 [main] INFO  ipc.Server (Server.java:<init>(1287)) - Listener at 127.0.0.1:15163
2023-08-25 11:37:43,048 [Socket Reader #1 for port 15163] INFO  ipc.Server (Server.java:run(1323)) - Starting Socket Reader #1 for port 15163
2023-08-25 11:37:43,076 [main] INFO  impl.MetricsSystemImpl (MetricsSystemImpl.java:init(158)) - OzoneManager metrics system started (again)
2023-08-25 11:37:43,087 [main] INFO  om.OzoneManager (OzoneManager.java:start(1613)) - OzoneManager RPC server is listening at localhost/127.0.0.1:15163
2023-08-25 11:37:43,088 [main] INFO  om.OzoneManager (OzoneManager.java:start(1629)) - Version File has different layout version (6) than OM DB (null). That is expected if this OM has never been finalized to a newer layout version.
2023-08-25 11:37:43,091 [main] INFO  http.BaseHttpServer (BaseHttpServer.java:newHttpServer2BuilderForOzone(224)) - Starting Web-server for ozoneManager at: http://0.0.0.0:15164
2023-08-25 11:37:43,091 [main] INFO  http.BaseHttpServer (BaseHttpServer.java:<init>(111)) - Hadoop Security Enabled: false Ozone Security Enabled: false Ozone HTTP Security Enabled: false 
2023-08-25 11:37:43,093 [main] WARN  server.AuthenticationFilter (AuthenticationFilter.java:constructSecretProvider(240)) - Unable to initialize FileSignerSecretProvider, falling back to use random secrets. Reason: Could not read signature secret file: /home/runner/hadoop-http-auth-signature-secret
2023-08-25 11:37:43,093 [main] INFO  http.HttpRequestLog (HttpRequestLog.java:getRequestLog(86)) - Http request log for http.requests.ozoneManager is not defined
2023-08-25 11:37:43,094 [main] INFO  http.HttpServer2 (HttpServer2.java:addGlobalFilter(1031)) - Added global filter 'safety' (class=org.apache.hadoop.hdds.server.http.HttpServer2$QuotingInputFilter)
2023-08-25 11:37:43,095 [main] INFO  http.HttpServer2 (HttpServer2.java:addFilter(1007)) - Added filter static_user_filter (class=org.apache.hadoop.http.lib.StaticUserWebFilter$StaticUserFilter) to context ozoneManager
2023-08-25 11:37:43,095 [main] INFO  http.HttpServer2 (HttpServer2.java:addFilter(1015)) - Added filter static_user_filter (class=org.apache.hadoop.http.lib.StaticUserWebFilter$StaticUserFilter) to context static
2023-08-25 11:37:43,095 [main] INFO  http.HttpServer2 (HttpServer2.java:addFilter(1015)) - Added filter static_user_filter (class=org.apache.hadoop.http.lib.StaticUserWebFilter$StaticUserFilter) to context logs
2023-08-25 11:37:43,096 [main] INFO  http.BaseHttpServer (BaseHttpServer.java:<init>(190)) - HTTP server of ozoneManager uses base directory /home/runner/work/ozone/ozone/hadoop-ozone/integration-test/target/test-dir/MiniOzoneClusterImpl-e63a8ec6-da9e-4c95-a9d5-015e34518cdf/ozone-meta/webserver
2023-08-25 11:37:43,096 [main] INFO  http.HttpServer2 (HttpServer2.java:bindListener(1250)) - Jetty bound to port 15164
2023-08-25 11:37:43,096 [main] INFO  server.Server (Server.java:doStart(375)) - jetty-9.4.51.v20230217; built: 2023-02-17T08:19:37.309Z; git: b45c405e4544384de066f814ed42ae3dceacdd49; jvm 1.8.0_382-b05
2023-08-25 11:37:43,097 [main] INFO  server.session (DefaultSessionIdManager.java:doStart(334)) - DefaultSessionIdManager workerName=node0
2023-08-25 11:37:43,098 [main] INFO  server.session (DefaultSessionIdManager.java:doStart(339)) - No SessionScavenger set, using defaults
2023-08-25 11:37:43,098 [main] INFO  server.session (HouseKeeper.java:startScavenging(132)) - node0 Scavenging every 660000ms
2023-08-25 11:37:43,099 [main] INFO  handler.ContextHandler (ContextHandler.java:doStart(921)) - Started o.e.j.s.ServletContextHandler@58c33a7c{logs,/logs,file:///home/runner/work/ozone/ozone/hadoop-ozone/integration-test/target/log,AVAILABLE}
2023-08-25 11:37:43,099 [main] INFO  handler.ContextHandler (ContextHandler.java:doStart(921)) - Started o.e.j.s.ServletContextHandler@37aafdc6{static,/static,file:///home/runner/work/ozone/ozone/hadoop-ozone/integration-test/target/test-classes/webapps/static,AVAILABLE}
2023-08-25 11:37:43,102 [main] INFO  handler.ContextHandler (ContextHandler.java:doStart(921)) - Started o.e.j.w.WebAppContext@32d40e8d{ozoneManager,/,file:///home/runner/work/ozone/ozone/hadoop-ozone/integration-test/target/test-classes/webapps/ozoneManager/,AVAILABLE}{file:/home/runner/work/ozone/ozone/hadoop-ozone/integration-test/target/test-classes/webapps/ozoneManager}
2023-08-25 11:37:43,104 [main] INFO  server.AbstractConnector (AbstractConnector.java:doStart(333)) - Started ServerConnector@6391ef13{HTTP/1.1, (http/1.1)}{0.0.0.0:15164}
2023-08-25 11:37:43,104 [main] INFO  server.Server (Server.java:doStart(415)) - Started @313432ms
2023-08-25 11:37:43,104 [main] WARN  impl.MetricsSystemImpl (MetricsSystemImpl.java:register(279)) - Sink prometheus already exists!
2023-08-25 11:37:43,105 [main] INFO  http.BaseHttpServer (BaseHttpServer.java:updateConnectorAddress(344)) - HTTP server of ozoneManager listening at http://0.0.0.0:15164
2023-08-25 11:37:43,105 [IPC Server Responder] INFO  ipc.Server (Server.java:run(1562)) - IPC Server Responder: starting
2023-08-25 11:37:43,105 [IPC Server listener on 15163] INFO  ipc.Server (Server.java:run(1402)) - IPC Server listener on 15163: starting
2023-08-25 11:37:43,108 [main] INFO  om.TrashPolicyOzone (TrashPolicyOzone.java:<init>(277)) - Ozone Manager trash configuration: Deletion interval = 0 minutes, Emptier interval = 0 minutes.
2023-08-25 11:37:43,109 [JvmPauseMonitor22] INFO  util.JvmPauseMonitor (JvmPauseMonitor.java:run(103)) - JvmPauseMonitor-33a53b6b-473e-42da-96b3-96e2bb6444f2: Started
2023-08-25 11:37:43,135 [main] INFO  impl.MetricsSystemImpl (MetricsSystemImpl.java:init(158)) - HddsDatanode metrics system started (again)
2023-08-25 11:37:43,152 [main] INFO  ozone.HddsDatanodeService (HddsDatanodeService.java:start(237)) - HddsDatanodeService host:fv-az508-118.q1hezrx03woe3mvmfegnvhq0ah.dx.internal.cloudapp.net ip:10.1.0.52
2023-08-25 11:37:43,190 [main] INFO  upgrade.AbstractLayoutVersionManager (AbstractLayoutVersionManager.java:init(83)) - Initializing Layout version manager with metadata layout = HADOOP_PRC_PORTS_IN_DATANODEDETAILS (version = 7), software layout = HADOOP_PRC_PORTS_IN_DATANODEDETAILS (version = 7)
2023-08-25 11:37:43,191 [main] INFO  statemachine.DatanodeStateMachine (DatanodeStateMachine.java:getEndPointTaskThreadPoolSize(282)) - Datanode State Machine Task Thread Pool size 2
2023-08-25 11:37:43,194 [main] INFO  volume.HddsVolume (HddsVolume.java:<init>(126)) - Creating HddsVolume: /home/runner/work/ozone/ozone/hadoop-ozone/integration-test/target/test-dir/MiniOzoneClusterImpl-e63a8ec6-da9e-4c95-a9d5-015e34518cdf/datanode-0/data-0/containers/hdds of storage type : DISK capacity : 9223372036854775807
2023-08-25 11:37:43,194 [main] INFO  volume.MutableVolumeSet (MutableVolumeSet.java:initializeVolumeSet(173)) - Added Volume : /home/runner/work/ozone/ozone/hadoop-ozone/integration-test/target/test-dir/MiniOzoneClusterImpl-e63a8ec6-da9e-4c95-a9d5-015e34518cdf/datanode-0/data-0/containers/hdds to VolumeSet
2023-08-25 11:37:43,195 [main] INFO  volume.MutableVolumeSet (MutableVolumeSet.java:initializeVolumeSet(173)) - Added Volume : /home/runner/work/ozone/ozone/hadoop-ozone/integration-test/target/test-dir/MiniOzoneClusterImpl-e63a8ec6-da9e-4c95-a9d5-015e34518cdf/datanode-0/data/ratis to VolumeSet
2023-08-25 11:37:43,196 [Thread-1952] INFO  ozoneimpl.ContainerReader (ContainerReader.java:readVolume(177)) - Finish verifying containers on volume /home/runner/work/ozone/ozone/hadoop-ozone/integration-test/target/test-dir/MiniOzoneClusterImpl-e63a8ec6-da9e-4c95-a9d5-015e34518cdf/datanode-0/data-0/containers/hdds
2023-08-25 11:37:43,196 [main] INFO  ozoneimpl.OzoneContainer (OzoneContainer.java:buildContainerSet(314)) - Build ContainerSet costs 0s
2023-08-25 11:37:43,199 [main] INFO  server.RaftServer (ConfUtils.java:logGet(46)) - raft.rpc.type = GRPC (default)
2023-08-25 11:37:43,199 [main] INFO  grpc.GrpcConfigKeys (ConfUtils.java:logFallback(53)) - raft.grpc.admin.host = null (fallback to raft.grpc.server.host)
2023-08-25 11:37:43,199 [main] INFO  grpc.GrpcConfigKeys (ConfUtils.java:logGet(46)) - raft.grpc.admin.port = 15172 (custom)
2023-08-25 11:37:43,199 [main] INFO  grpc.GrpcConfigKeys (ConfUtils.java:logFallback(53)) - raft.grpc.client.host = null (fallback to raft.grpc.server.host)
2023-08-25 11:37:43,199 [main] INFO  grpc.GrpcConfigKeys (ConfUtils.java:logGet(46)) - raft.grpc.client.port = 15171 (custom)
2023-08-25 11:37:43,200 [main] INFO  grpc.GrpcConfigKeys (ConfUtils.java:logGet(46)) - raft.grpc.server.host = null (default)
2023-08-25 11:37:43,200 [main] INFO  grpc.GrpcConfigKeys (ConfUtils.java:logGet(46)) - raft.grpc.server.port = 15173 (custom)
2023-08-25 11:37:43,200 [main] INFO  server.GrpcService (ConfUtils.java:logGet(46)) - raft.grpc.message.size.max = 32MB (=33554432) (custom)
2023-08-25 11:37:43,200 [main] INFO  server.RaftServerConfigKeys (ConfUtils.java:logGet(46)) - raft.server.log.appender.buffer.byte-limit = 33554432 (custom)
2023-08-25 11:37:43,200 [main] INFO  server.GrpcService (ConfUtils.java:logGet(46)) - raft.grpc.flow.control.window = 5MB (=5242880) (custom)
2023-08-25 11:37:43,200 [main] INFO  server.RaftServerConfigKeys (ConfUtils.java:logGet(46)) - raft.server.rpc.request.timeout = 60s (custom)
2023-08-25 11:37:43,201 [main] INFO  grpc.GrpcConfigKeys (ConfUtils.java:logGet(46)) - raft.grpc.server.heartbeat.channel = true (default)
2023-08-25 11:37:43,201 [main] INFO  grpc.GrpcConfigKeys (ConfUtils.java:logGet(46)) - raft.grpc.server.async.request.thread.pool.cached = true (default)
2023-08-25 11:37:43,201 [main] INFO  grpc.GrpcConfigKeys (ConfUtils.java:logGet(46)) - raft.grpc.server.async.request.thread.pool.size = 32 (default)
2023-08-25 11:37:43,208 [main] INFO  impl.DataStreamServerImpl (ConfUtils.java:logGet(46)) - raft.datastream.type = NETTY (custom)
2023-08-25 11:37:43,209 [main] INFO  server.RaftServerConfigKeys (ConfUtils.java:logGet(46)) - raft.server.data-stream.async.request.thread.pool.cached = false (default)
2023-08-25 11:37:43,209 [main] INFO  server.RaftServerConfigKeys (ConfUtils.java:logGet(46)) - raft.server.data-stream.async.request.thread.pool.size = 20 (custom)
2023-08-25 11:37:43,209 [main] INFO  server.RaftServerConfigKeys (ConfUtils.java:logGet(46)) - raft.server.data-stream.async.write.thread.pool.size = 16 (default)
2023-08-25 11:37:43,209 [main] INFO  server.RaftServerConfigKeys (ConfUtils.java:logGet(46)) - raft.server.data-stream.client.pool.size = 10 (default)
2023-08-25 11:37:43,210 [main] INFO  netty.NettyConfigKeys$DataStream (ConfUtils.java:logGet(46)) - raft.netty.dataStream.server.use-epoll = false (default)
2023-08-25 11:37:43,210 [main] INFO  netty.NettyConfigKeys$DataStream (ConfUtils.java:logGet(46)) - raft.netty.dataStream.server.boss-group.size = 0 (default)
2023-08-25 11:37:43,211 [main] INFO  netty.NettyConfigKeys$DataStream (ConfUtils.java:logGet(46)) - raft.netty.dataStream.server.worker-group.size = 0 (default)
2023-08-25 11:37:43,212 [main] INFO  netty.NettyConfigKeys$DataStream (ConfUtils.java:logGet(46)) - raft.netty.dataStream.server.tls.conf = null (default)
2023-08-25 11:37:43,212 [main] INFO  netty.NettyConfigKeys$DataStream (ConfUtils.java:logGet(46)) - raft.netty.dataStream.host = null (default)
2023-08-25 11:37:43,212 [main] INFO  netty.NettyConfigKeys$DataStream (ConfUtils.java:logGet(46)) - raft.netty.dataStream.port = 15174 (custom)
2023-08-25 11:37:43,213 [main] INFO  server.RaftServerConfigKeys (ConfUtils.java:logGet(46)) - raft.server.threadpool.proxy.cached = true (default)
2023-08-25 11:37:43,214 [main] INFO  server.RaftServerConfigKeys (ConfUtils.java:logGet(46)) - raft.server.threadpool.proxy.size = 0 (default)
2023-08-25 11:37:43,214 [40eb42f8-08cb-4edc-9c90-450b1ff1d9e5-NettyServerStreamRpc-bossGroup--thread1] INFO  logging.LoggingHandler (AbstractInternalLogger.java:log(148)) - [id: 0xfc8f21e5] REGISTERED
2023-08-25 11:37:43,214 [main] INFO  server.RaftServerConfigKeys (ConfUtils.java:logGet(46)) - raft.server.rpc.slowness.timeout = 300s (custom)
2023-08-25 11:37:43,214 [40eb42f8-08cb-4edc-9c90-450b1ff1d9e5-NettyServerStreamRpc-bossGroup--thread1] INFO  logging.LoggingHandler (AbstractInternalLogger.java:log(148)) - [id: 0xfc8f21e5] BIND: 0.0.0.0/0.0.0.0:15174
2023-08-25 11:37:43,214 [main] INFO  server.RaftServerConfigKeys (ConfUtils.java:logGet(46)) - raft.server.leaderelection.leader.step-down.wait-time = 10s (default)
2023-08-25 11:37:43,214 [40eb42f8-08cb-4edc-9c90-450b1ff1d9e5-NettyServerStreamRpc-bossGroup--thread1] INFO  logging.LoggingHandler (AbstractInternalLogger.java:log(148)) - [id: 0xfc8f21e5, L:/0:0:0:0:0:0:0:0:15174] ACTIVE
2023-08-25 11:37:43,215 [main] INFO  server.RaftServerConfigKeys (ConfUtils.java:logGet(46)) - raft.server.storage.dir = [/home/runner/work/ozone/ozone/hadoop-ozone/integration-test/target/test-dir/MiniOzoneClusterImpl-e63a8ec6-da9e-4c95-a9d5-015e34518cdf/datanode-0/data/ratis] (custom)
2023-08-25 11:37:43,215 [40eb42f8-08cb-4edc-9c90-450b1ff1d9e5-impl-thread1] INFO  server.RaftServer (RaftServerProxy.java:initGroupDir(258)) - 40eb42f8-08cb-4edc-9c90-450b1ff1d9e5: found a subdirectory /home/runner/work/ozone/ozone/hadoop-ozone/integration-test/target/test-dir/MiniOzoneClusterImpl-e63a8ec6-da9e-4c95-a9d5-015e34518cdf/datanode-0/data/ratis/tmp
2023-08-25 11:37:43,215 [40eb42f8-08cb-4edc-9c90-450b1ff1d9e5-impl-thread1] INFO  server.RaftServer (RaftServerProxy.java:initGroupDir(263)) - 40eb42f8-08cb-4edc-9c90-450b1ff1d9e5: The directory /home/runner/work/ozone/ozone/hadoop-ozone/integration-test/target/test-dir/MiniOzoneClusterImpl-e63a8ec6-da9e-4c95-a9d5-015e34518cdf/datanode-0/data/ratis/tmp is not a group directory; ignoring it. 
2023-08-25 11:37:43,215 [main] INFO  replication.ReplicationServer (ReplicationServer.java:<init>(81)) - Initializing replication server with thread count = 10
2023-08-25 11:37:43,217 [main] INFO  server.XceiverServerGrpc (XceiverServerGrpc.java:<init>(132)) - GrpcServer channel type EpollServerSocketChannel
2023-08-25 11:37:43,219 [main] INFO  replication.ReplicationSupervisor (ReplicationSupervisor.java:build(155)) - Initializing replication supervisor with thread count = 10
2023-08-25 11:37:43,220 [main] INFO  replication.ReplicationSupervisor (ReplicationSupervisor.java:nodeStateUpdated(307)) - Node state updated to IN_SERVICE, scaling executor pool size to 10
2023-08-25 11:37:43,225 [main] INFO  http.BaseHttpServer (BaseHttpServer.java:newHttpServer2BuilderForOzone(224)) - Starting Web-server for hddsDatanode at: http://0.0.0.0:15168
2023-08-25 11:37:43,225 [main] INFO  http.BaseHttpServer (BaseHttpServer.java:<init>(111)) - Hadoop Security Enabled: false Ozone Security Enabled: false Ozone HTTP Security Enabled: false 
2023-08-25 11:37:43,228 [main] WARN  server.AuthenticationFilter (AuthenticationFilter.java:constructSecretProvider(240)) - Unable to initialize FileSignerSecretProvider, falling back to use random secrets. Reason: Could not read signature secret file: /home/runner/hadoop-http-auth-signature-secret
2023-08-25 11:37:43,229 [main] INFO  http.HttpRequestLog (HttpRequestLog.java:getRequestLog(86)) - Http request log for http.requests.hddsDatanode is not defined
2023-08-25 11:37:43,231 [main] INFO  http.HttpServer2 (HttpServer2.java:addGlobalFilter(1031)) - Added global filter 'safety' (class=org.apache.hadoop.hdds.server.http.HttpServer2$QuotingInputFilter)
2023-08-25 11:37:43,232 [main] INFO  http.HttpServer2 (HttpServer2.java:addFilter(1007)) - Added filter static_user_filter (class=org.apache.hadoop.http.lib.StaticUserWebFilter$StaticUserFilter) to context hddsDatanode
2023-08-25 11:37:43,232 [main] INFO  http.HttpServer2 (HttpServer2.java:addFilter(1015)) - Added filter static_user_filter (class=org.apache.hadoop.http.lib.StaticUserWebFilter$StaticUserFilter) to context static
2023-08-25 11:37:43,232 [main] INFO  http.HttpServer2 (HttpServer2.java:addFilter(1015)) - Added filter static_user_filter (class=org.apache.hadoop.http.lib.StaticUserWebFilter$StaticUserFilter) to context logs
2023-08-25 11:37:43,236 [main] INFO  http.BaseHttpServer (BaseHttpServer.java:<init>(190)) - HTTP server of hddsDatanode uses base directory /home/runner/work/ozone/ozone/hadoop-ozone/integration-test/target/test-dir/MiniOzoneClusterImpl-e63a8ec6-da9e-4c95-a9d5-015e34518cdf/datanode-0/meta/webserver
2023-08-25 11:37:43,236 [main] INFO  http.HttpServer2 (HttpServer2.java:bindListener(1250)) - Jetty bound to port 15168
2023-08-25 11:37:43,236 [main] INFO  server.Server (Server.java:doStart(375)) - jetty-9.4.51.v20230217; built: 2023-02-17T08:19:37.309Z; git: b45c405e4544384de066f814ed42ae3dceacdd49; jvm 1.8.0_382-b05
2023-08-25 11:37:43,238 [main] INFO  server.session (DefaultSessionIdManager.java:doStart(334)) - DefaultSessionIdManager workerName=node0
2023-08-25 11:37:43,238 [main] INFO  server.session (DefaultSessionIdManager.java:doStart(339)) - No SessionScavenger set, using defaults
2023-08-25 11:37:43,239 [main] INFO  server.session (HouseKeeper.java:startScavenging(132)) - node0 Scavenging every 660000ms
2023-08-25 11:37:43,239 [main] INFO  handler.ContextHandler (ContextHandler.java:doStart(921)) - Started o.e.j.s.ServletContextHandler@213ce8e2{logs,/logs,file:///home/runner/work/ozone/ozone/hadoop-ozone/integration-test/target/log,AVAILABLE}
2023-08-25 11:37:43,242 [main] INFO  handler.ContextHandler (ContextHandler.java:doStart(921)) - Started o.e.j.s.ServletContextHandler@59b80558{static,/static,jar:file:/home/runner/.m2/repository/org/apache/ozone/hdds-container-service/1.4.0-SNAPSHOT/hdds-container-service-1.4.0-SNAPSHOT.jar!/webapps/static,AVAILABLE}
2023-08-25 11:37:43,513 [main] INFO  handler.ContextHandler (ContextHandler.java:doStart(921)) - Started o.e.j.w.WebAppContext@50c8b73{hddsDatanode,/,file:///home/runner/work/ozone/ozone/hadoop-ozone/integration-test/target/test-dir/MiniOzoneClusterImpl-e63a8ec6-da9e-4c95-a9d5-015e34518cdf/datanode-0/meta/webserver/jetty-0_0_0_0-15168-hdds-container-service-1_4_0-SNAPSHOT_jar-_-any-1696662645088673411/webapp/,AVAILABLE}{jar:file:/home/runner/.m2/repository/org/apache/ozone/hdds-container-service/1.4.0-SNAPSHOT/hdds-container-service-1.4.0-SNAPSHOT.jar!/webapps/hddsDatanode}
2023-08-25 11:37:43,515 [main] INFO  server.AbstractConnector (AbstractConnector.java:doStart(333)) - Started ServerConnector@5bb9b328{HTTP/1.1, (http/1.1)}{0.0.0.0:15168}
2023-08-25 11:37:43,515 [main] INFO  server.Server (Server.java:doStart(415)) - Started @313843ms
2023-08-25 11:37:43,515 [main] WARN  impl.MetricsSystemImpl (MetricsSystemImpl.java:register(279)) - Sink prometheus already exists!
2023-08-25 11:37:43,516 [main] INFO  http.BaseHttpServer (BaseHttpServer.java:updateConnectorAddress(344)) - HTTP server of hddsDatanode listening at http://0.0.0.0:15168
2023-08-25 11:37:43,516 [main] INFO  ipc.CallQueueManager (CallQueueManager.java:<init>(90)) - Using callQueue: class java.util.concurrent.LinkedBlockingQueue, queueCapacity: 100, scheduler: class org.apache.hadoop.ipc.DefaultRpcScheduler, ipcBackoff: false.
2023-08-25 11:37:43,516 [main] INFO  ipc.Server (Server.java:<init>(1287)) - Listener at 0.0.0.0:15169
2023-08-25 11:37:43,517 [Socket Reader #1 for port 15169] INFO  ipc.Server (Server.java:run(1323)) - Starting Socket Reader #1 for port 15169
2023-08-25 11:37:43,521 [main] INFO  ozone.HddsDatanodeService (HddsDatanodeService.java:start(315)) - Datanode start with admins: [runner]
2023-08-25 11:37:43,521 [main] INFO  ozone.HddsDatanodeClientProtocolServer (HddsDatanodeClientProtocolServer.java:start(72)) - RPC server for Client /0.0.0.0:15169
2023-08-25 11:37:43,522 [IPC Server Responder] INFO  ipc.Server (Server.java:run(1562)) - IPC Server Responder: starting
2023-08-25 11:37:43,526 [Datanode State Machine Daemon Thread] INFO  statemachine.DatanodeStateMachine (DatanodeStateMachine.java:lambda$startDaemon$0(538)) - Ozone container server started.
2023-08-25 11:37:43,526 [main] WARN  impl.MetricRegistriesImpl (MetricRegistriesImpl.java:addReporterRegistration(111)) - New reporters are added after registries were created. Some metrics will be missing from the reporter. Please add reporter before adding any new registry.
2023-08-25 11:37:43,527 [main] WARN  impl.MetricRegistriesImpl (MetricRegistriesImpl.java:addReporterRegistration(111)) - New reporters are added after registries were created. Some metrics will be missing from the reporter. Please add reporter before adding any new registry.
2023-08-25 11:37:43,527 [main] INFO  impl.MetricsSystemImpl (MetricsSystemImpl.java:init(158)) - HddsDatanode metrics system started (again)
2023-08-25 11:37:43,527 [IPC Server listener on 15169] INFO  ipc.Server (Server.java:run(1402)) - IPC Server listener on 15169: starting
2023-08-25 11:37:43,550 [main] INFO  ozone.HddsDatanodeService (HddsDatanodeService.java:start(237)) - HddsDatanodeService host:fv-az508-118.q1hezrx03woe3mvmfegnvhq0ah.dx.internal.cloudapp.net ip:10.1.0.52
2023-08-25 11:37:43,576 [Datanode State Machine Task Thread - 0] INFO  datanode.InitDatanodeState (InitDatanodeState.java:persistContainerDatanodeDetails(138)) - DatanodeDetails is persisted to /home/runner/work/ozone/ozone/hadoop-ozone/integration-test/target/test-dir/MiniOzoneClusterImpl-e63a8ec6-da9e-4c95-a9d5-015e34518cdf/datanode-0/meta/datanode.id
2023-08-25 11:37:43,599 [main] INFO  upgrade.AbstractLayoutVersionManager (AbstractLayoutVersionManager.java:init(83)) - Initializing Layout version manager with metadata layout = HADOOP_PRC_PORTS_IN_DATANODEDETAILS (version = 7), software layout = HADOOP_PRC_PORTS_IN_DATANODEDETAILS (version = 7)
2023-08-25 11:37:43,599 [main] INFO  statemachine.DatanodeStateMachine (DatanodeStateMachine.java:getEndPointTaskThreadPoolSize(282)) - Datanode State Machine Task Thread Pool size 2
2023-08-25 11:37:43,601 [main] INFO  volume.HddsVolume (HddsVolume.java:<init>(126)) - Creating HddsVolume: /home/runner/work/ozone/ozone/hadoop-ozone/integration-test/target/test-dir/MiniOzoneClusterImpl-e63a8ec6-da9e-4c95-a9d5-015e34518cdf/datanode-1/data-0/containers/hdds of storage type : DISK capacity : 9223372036854775807
2023-08-25 11:37:43,601 [main] INFO  volume.MutableVolumeSet (MutableVolumeSet.java:initializeVolumeSet(173)) - Added Volume : /home/runner/work/ozone/ozone/hadoop-ozone/integration-test/target/test-dir/MiniOzoneClusterImpl-e63a8ec6-da9e-4c95-a9d5-015e34518cdf/datanode-1/data-0/containers/hdds to VolumeSet
2023-08-25 11:37:43,602 [main] INFO  volume.MutableVolumeSet (MutableVolumeSet.java:initializeVolumeSet(173)) - Added Volume : /home/runner/work/ozone/ozone/hadoop-ozone/integration-test/target/test-dir/MiniOzoneClusterImpl-e63a8ec6-da9e-4c95-a9d5-015e34518cdf/datanode-1/data/ratis to VolumeSet
2023-08-25 11:37:43,604 [Thread-1969] INFO  ozoneimpl.ContainerReader (ContainerReader.java:readVolume(177)) - Finish verifying containers on volume /home/runner/work/ozone/ozone/hadoop-ozone/integration-test/target/test-dir/MiniOzoneClusterImpl-e63a8ec6-da9e-4c95-a9d5-015e34518cdf/datanode-1/data-0/containers/hdds
2023-08-25 11:37:43,604 [main] INFO  ozoneimpl.OzoneContainer (OzoneContainer.java:buildContainerSet(314)) - Build ContainerSet costs 0s
2023-08-25 11:37:43,606 [main] INFO  server.RaftServer (ConfUtils.java:logGet(46)) - raft.rpc.type = GRPC (default)
2023-08-25 11:37:43,607 [main] INFO  grpc.GrpcConfigKeys (ConfUtils.java:logFallback(53)) - raft.grpc.admin.host = null (fallback to raft.grpc.server.host)
2023-08-25 11:37:43,607 [main] INFO  grpc.GrpcConfigKeys (ConfUtils.java:logGet(46)) - raft.grpc.admin.port = 15181 (custom)
2023-08-25 11:37:43,607 [main] INFO  grpc.GrpcConfigKeys (ConfUtils.java:logFallback(53)) - raft.grpc.client.host = null (fallback to raft.grpc.server.host)
2023-08-25 11:37:43,607 [main] INFO  grpc.GrpcConfigKeys (ConfUtils.java:logGet(46)) - raft.grpc.client.port = 15180 (custom)
2023-08-25 11:37:43,607 [main] INFO  grpc.GrpcConfigKeys (ConfUtils.java:logGet(46)) - raft.grpc.server.host = null (default)
2023-08-25 11:37:43,607 [main] INFO  grpc.GrpcConfigKeys (ConfUtils.java:logGet(46)) - raft.grpc.server.port = 15182 (custom)
2023-08-25 11:37:43,607 [main] INFO  server.GrpcService (ConfUtils.java:logGet(46)) - raft.grpc.message.size.max = 32MB (=33554432) (custom)
2023-08-25 11:37:43,607 [main] INFO  server.RaftServerConfigKeys (ConfUtils.java:logGet(46)) - raft.server.log.appender.buffer.byte-limit = 33554432 (custom)
2023-08-25 11:37:43,608 [main] INFO  server.GrpcService (ConfUtils.java:logGet(46)) - raft.grpc.flow.control.window = 5MB (=5242880) (custom)
2023-08-25 11:37:43,608 [main] INFO  server.RaftServerConfigKeys (ConfUtils.java:logGet(46)) - raft.server.rpc.request.timeout = 60s (custom)
2023-08-25 11:37:43,608 [main] INFO  grpc.GrpcConfigKeys (ConfUtils.java:logGet(46)) - raft.grpc.server.heartbeat.channel = true (default)
2023-08-25 11:37:43,608 [main] INFO  grpc.GrpcConfigKeys (ConfUtils.java:logGet(46)) - raft.grpc.server.async.request.thread.pool.cached = true (default)
2023-08-25 11:37:43,608 [main] INFO  grpc.GrpcConfigKeys (ConfUtils.java:logGet(46)) - raft.grpc.server.async.request.thread.pool.size = 32 (default)
2023-08-25 11:37:43,612 [main] INFO  impl.DataStreamServerImpl (ConfUtils.java:logGet(46)) - raft.datastream.type = NETTY (custom)
2023-08-25 11:37:43,612 [main] INFO  server.RaftServerConfigKeys (ConfUtils.java:logGet(46)) - raft.server.data-stream.async.request.thread.pool.cached = false (default)
2023-08-25 11:37:43,612 [main] INFO  server.RaftServerConfigKeys (ConfUtils.java:logGet(46)) - raft.server.data-stream.async.request.thread.pool.size = 20 (custom)
2023-08-25 11:37:43,612 [main] INFO  server.RaftServerConfigKeys (ConfUtils.java:logGet(46)) - raft.server.data-stream.async.write.thread.pool.size = 16 (default)
2023-08-25 11:37:43,612 [main] INFO  server.RaftServerConfigKeys (ConfUtils.java:logGet(46)) - raft.server.data-stream.client.pool.size = 10 (default)
2023-08-25 11:37:43,613 [main] INFO  netty.NettyConfigKeys$DataStream (ConfUtils.java:logGet(46)) - raft.netty.dataStream.server.use-epoll = false (default)
2023-08-25 11:37:43,613 [main] INFO  netty.NettyConfigKeys$DataStream (ConfUtils.java:logGet(46)) - raft.netty.dataStream.server.boss-group.size = 0 (default)
2023-08-25 11:37:43,613 [main] INFO  netty.NettyConfigKeys$DataStream (ConfUtils.java:logGet(46)) - raft.netty.dataStream.server.worker-group.size = 0 (default)
2023-08-25 11:37:43,614 [main] INFO  netty.NettyConfigKeys$DataStream (ConfUtils.java:logGet(46)) - raft.netty.dataStream.server.tls.conf = null (default)
2023-08-25 11:37:43,614 [main] INFO  netty.NettyConfigKeys$DataStream (ConfUtils.java:logGet(46)) - raft.netty.dataStream.host = null (default)
2023-08-25 11:37:43,614 [main] INFO  netty.NettyConfigKeys$DataStream (ConfUtils.java:logGet(46)) - raft.netty.dataStream.port = 15183 (custom)
2023-08-25 11:37:43,615 [main] INFO  server.RaftServerConfigKeys (ConfUtils.java:logGet(46)) - raft.server.threadpool.proxy.cached = true (default)
2023-08-25 11:37:43,615 [main] INFO  server.RaftServerConfigKeys (ConfUtils.java:logGet(46)) - raft.server.threadpool.proxy.size = 0 (default)
2023-08-25 11:37:43,615 [main] INFO  server.RaftServerConfigKeys (ConfUtils.java:logGet(46)) - raft.server.rpc.slowness.timeout = 300s (custom)
2023-08-25 11:37:43,615 [main] INFO  server.RaftServerConfigKeys (ConfUtils.java:logGet(46)) - raft.server.leaderelection.leader.step-down.wait-time = 10s (default)
2023-08-25 11:37:43,615 [main] INFO  server.RaftServerConfigKeys (ConfUtils.java:logGet(46)) - raft.server.storage.dir = [/home/runner/work/ozone/ozone/hadoop-ozone/integration-test/target/test-dir/MiniOzoneClusterImpl-e63a8ec6-da9e-4c95-a9d5-015e34518cdf/datanode-1/data/ratis] (custom)
2023-08-25 11:37:43,616 [c88c3db0-6d18-4a8e-bc96-216262cb4b87-NettyServerStreamRpc-bossGroup--thread1] INFO  logging.LoggingHandler (AbstractInternalLogger.java:log(148)) - [id: 0xc2a91a3f] REGISTERED
2023-08-25 11:37:43,616 [c88c3db0-6d18-4a8e-bc96-216262cb4b87-NettyServerStreamRpc-bossGroup--thread1] INFO  logging.LoggingHandler (AbstractInternalLogger.java:log(148)) - [id: 0xc2a91a3f] BIND: 0.0.0.0/0.0.0.0:15183
2023-08-25 11:37:43,617 [c88c3db0-6d18-4a8e-bc96-216262cb4b87-NettyServerStreamRpc-bossGroup--thread1] INFO  logging.LoggingHandler (AbstractInternalLogger.java:log(148)) - [id: 0xc2a91a3f, L:/0:0:0:0:0:0:0:0:15183] ACTIVE
2023-08-25 11:37:43,618 [c88c3db0-6d18-4a8e-bc96-216262cb4b87-impl-thread1] INFO  server.RaftServer (RaftServerProxy.java:initGroupDir(258)) - c88c3db0-6d18-4a8e-bc96-216262cb4b87: found a subdirectory /home/runner/work/ozone/ozone/hadoop-ozone/integration-test/target/test-dir/MiniOzoneClusterImpl-e63a8ec6-da9e-4c95-a9d5-015e34518cdf/datanode-1/data/ratis/tmp
2023-08-25 11:37:43,618 [c88c3db0-6d18-4a8e-bc96-216262cb4b87-impl-thread1] INFO  server.RaftServer (RaftServerProxy.java:initGroupDir(263)) - c88c3db0-6d18-4a8e-bc96-216262cb4b87: The directory /home/runner/work/ozone/ozone/hadoop-ozone/integration-test/target/test-dir/MiniOzoneClusterImpl-e63a8ec6-da9e-4c95-a9d5-015e34518cdf/datanode-1/data/ratis/tmp is not a group directory; ignoring it. 
2023-08-25 11:37:43,618 [main] INFO  replication.ReplicationServer (ReplicationServer.java:<init>(81)) - Initializing replication server with thread count = 10
2023-08-25 11:37:43,619 [main] INFO  server.XceiverServerGrpc (XceiverServerGrpc.java:<init>(132)) - GrpcServer channel type EpollServerSocketChannel
2023-08-25 11:37:43,621 [main] INFO  replication.ReplicationSupervisor (ReplicationSupervisor.java:build(155)) - Initializing replication supervisor with thread count = 10
2023-08-25 11:37:43,621 [main] INFO  replication.ReplicationSupervisor (ReplicationSupervisor.java:nodeStateUpdated(307)) - Node state updated to IN_SERVICE, scaling executor pool size to 10
2023-08-25 11:37:43,623 [main] INFO  http.BaseHttpServer (BaseHttpServer.java:newHttpServer2BuilderForOzone(224)) - Starting Web-server for hddsDatanode at: http://0.0.0.0:15177
2023-08-25 11:37:43,624 [main] INFO  http.BaseHttpServer (BaseHttpServer.java:<init>(111)) - Hadoop Security Enabled: false Ozone Security Enabled: false Ozone HTTP Security Enabled: false 
2023-08-25 11:37:43,625 [main] WARN  server.AuthenticationFilter (AuthenticationFilter.java:constructSecretProvider(240)) - Unable to initialize FileSignerSecretProvider, falling back to use random secrets. Reason: Could not read signature secret file: /home/runner/hadoop-http-auth-signature-secret
2023-08-25 11:37:43,629 [main] INFO  http.HttpRequestLog (HttpRequestLog.java:getRequestLog(86)) - Http request log for http.requests.hddsDatanode is not defined
2023-08-25 11:37:43,630 [main] INFO  http.HttpServer2 (HttpServer2.java:addGlobalFilter(1031)) - Added global filter 'safety' (class=org.apache.hadoop.hdds.server.http.HttpServer2$QuotingInputFilter)
2023-08-25 11:37:43,631 [main] INFO  http.HttpServer2 (HttpServer2.java:addFilter(1007)) - Added filter static_user_filter (class=org.apache.hadoop.http.lib.StaticUserWebFilter$StaticUserFilter) to context hddsDatanode
2023-08-25 11:37:43,631 [main] INFO  http.HttpServer2 (HttpServer2.java:addFilter(1015)) - Added filter static_user_filter (class=org.apache.hadoop.http.lib.StaticUserWebFilter$StaticUserFilter) to context logs
2023-08-25 11:37:43,631 [main] INFO  http.HttpServer2 (HttpServer2.java:addFilter(1015)) - Added filter static_user_filter (class=org.apache.hadoop.http.lib.StaticUserWebFilter$StaticUserFilter) to context static
2023-08-25 11:37:43,632 [main] INFO  http.BaseHttpServer (BaseHttpServer.java:<init>(190)) - HTTP server of hddsDatanode uses base directory /home/runner/work/ozone/ozone/hadoop-ozone/integration-test/target/test-dir/MiniOzoneClusterImpl-e63a8ec6-da9e-4c95-a9d5-015e34518cdf/datanode-1/meta/webserver
2023-08-25 11:37:43,632 [main] INFO  http.HttpServer2 (HttpServer2.java:bindListener(1250)) - Jetty bound to port 15177
2023-08-25 11:37:43,633 [main] INFO  server.Server (Server.java:doStart(375)) - jetty-9.4.51.v20230217; built: 2023-02-17T08:19:37.309Z; git: b45c405e4544384de066f814ed42ae3dceacdd49; jvm 1.8.0_382-b05
2023-08-25 11:37:43,634 [main] INFO  server.session (DefaultSessionIdManager.java:doStart(334)) - DefaultSessionIdManager workerName=node0
2023-08-25 11:37:43,634 [main] INFO  server.session (DefaultSessionIdManager.java:doStart(339)) - No SessionScavenger set, using defaults
2023-08-25 11:37:43,635 [main] INFO  server.session (HouseKeeper.java:startScavenging(132)) - node0 Scavenging every 600000ms
2023-08-25 11:37:43,636 [main] INFO  handler.ContextHandler (ContextHandler.java:doStart(921)) - Started o.e.j.s.ServletContextHandler@3679b68f{logs,/logs,file:///home/runner/work/ozone/ozone/hadoop-ozone/integration-test/target/log,AVAILABLE}
2023-08-25 11:37:43,636 [main] INFO  handler.ContextHandler (ContextHandler.java:doStart(921)) - Started o.e.j.s.ServletContextHandler@1b97e5ef{static,/static,jar:file:/home/runner/.m2/repository/org/apache/ozone/hdds-container-service/1.4.0-SNAPSHOT/hdds-container-service-1.4.0-SNAPSHOT.jar!/webapps/static,AVAILABLE}
2023-08-25 11:37:43,991 [main] INFO  handler.ContextHandler (ContextHandler.java:doStart(921)) - Started o.e.j.w.WebAppContext@2ba637ae{hddsDatanode,/,file:///home/runner/work/ozone/ozone/hadoop-ozone/integration-test/target/test-dir/MiniOzoneClusterImpl-e63a8ec6-da9e-4c95-a9d5-015e34518cdf/datanode-1/meta/webserver/jetty-0_0_0_0-15177-hdds-container-service-1_4_0-SNAPSHOT_jar-_-any-2345297936178536817/webapp/,AVAILABLE}{jar:file:/home/runner/.m2/repository/org/apache/ozone/hdds-container-service/1.4.0-SNAPSHOT/hdds-container-service-1.4.0-SNAPSHOT.jar!/webapps/hddsDatanode}
2023-08-25 11:37:43,993 [main] INFO  server.AbstractConnector (AbstractConnector.java:doStart(333)) - Started ServerConnector@1789e253{HTTP/1.1, (http/1.1)}{0.0.0.0:15177}
2023-08-25 11:37:43,993 [main] INFO  server.Server (Server.java:doStart(415)) - Started @314322ms
2023-08-25 11:37:43,994 [main] WARN  impl.MetricsSystemImpl (MetricsSystemImpl.java:register(279)) - Sink prometheus already exists!
2023-08-25 11:37:43,994 [main] INFO  http.BaseHttpServer (BaseHttpServer.java:updateConnectorAddress(344)) - HTTP server of hddsDatanode listening at http://0.0.0.0:15177
2023-08-25 11:37:43,995 [main] INFO  ipc.CallQueueManager (CallQueueManager.java:<init>(90)) - Using callQueue: class java.util.concurrent.LinkedBlockingQueue, queueCapacity: 100, scheduler: class org.apache.hadoop.ipc.DefaultRpcScheduler, ipcBackoff: false.
2023-08-25 11:37:43,995 [main] INFO  ipc.Server (Server.java:<init>(1287)) - Listener at 0.0.0.0:15178
2023-08-25 11:37:43,996 [Socket Reader #1 for port 15178] INFO  ipc.Server (Server.java:run(1323)) - Starting Socket Reader #1 for port 15178
2023-08-25 11:37:43,998 [main] INFO  ozone.HddsDatanodeService (HddsDatanodeService.java:start(315)) - Datanode start with admins: [runner]
2023-08-25 11:37:43,998 [main] INFO  ozone.HddsDatanodeClientProtocolServer (HddsDatanodeClientProtocolServer.java:start(72)) - RPC server for Client /0.0.0.0:15178
2023-08-25 11:37:43,998 [IPC Server Responder] INFO  ipc.Server (Server.java:run(1562)) - IPC Server Responder: starting
2023-08-25 11:37:44,000 [IPC Server listener on 15178] INFO  ipc.Server (Server.java:run(1402)) - IPC Server listener on 15178: starting
2023-08-25 11:37:44,003 [main] WARN  impl.MetricRegistriesImpl (MetricRegistriesImpl.java:addReporterRegistration(111)) - New reporters are added after registries were created. Some metrics will be missing from the reporter. Please add reporter before adding any new registry.
2023-08-25 11:37:44,003 [main] WARN  impl.MetricRegistriesImpl (MetricRegistriesImpl.java:addReporterRegistration(111)) - New reporters are added after registries were created. Some metrics will be missing from the reporter. Please add reporter before adding any new registry.
2023-08-25 11:37:44,003 [main] INFO  impl.MetricsSystemImpl (MetricsSystemImpl.java:init(158)) - HddsDatanode metrics system started (again)
2023-08-25 11:37:44,006 [Datanode State Machine Daemon Thread] INFO  statemachine.DatanodeStateMachine (DatanodeStateMachine.java:lambda$startDaemon$0(538)) - Ozone container server started.
2023-08-25 11:37:44,019 [Datanode State Machine Task Thread - 0] INFO  datanode.InitDatanodeState (InitDatanodeState.java:persistContainerDatanodeDetails(138)) - DatanodeDetails is persisted to /home/runner/work/ozone/ozone/hadoop-ozone/integration-test/target/test-dir/MiniOzoneClusterImpl-e63a8ec6-da9e-4c95-a9d5-015e34518cdf/datanode-1/meta/datanode.id
2023-08-25 11:37:44,021 [main] INFO  ozone.HddsDatanodeService (HddsDatanodeService.java:start(237)) - HddsDatanodeService host:fv-az508-118.q1hezrx03woe3mvmfegnvhq0ah.dx.internal.cloudapp.net ip:10.1.0.52
2023-08-25 11:37:44,058 [main] INFO  upgrade.AbstractLayoutVersionManager (AbstractLayoutVersionManager.java:init(83)) - Initializing Layout version manager with metadata layout = HADOOP_PRC_PORTS_IN_DATANODEDETAILS (version = 7), software layout = HADOOP_PRC_PORTS_IN_DATANODEDETAILS (version = 7)
2023-08-25 11:37:44,058 [main] INFO  statemachine.DatanodeStateMachine (DatanodeStateMachine.java:getEndPointTaskThreadPoolSize(282)) - Datanode State Machine Task Thread Pool size 2
2023-08-25 11:37:44,060 [main] INFO  volume.HddsVolume (HddsVolume.java:<init>(126)) - Creating HddsVolume: /home/runner/work/ozone/ozone/hadoop-ozone/integration-test/target/test-dir/MiniOzoneClusterImpl-e63a8ec6-da9e-4c95-a9d5-015e34518cdf/datanode-2/data-0/containers/hdds of storage type : DISK capacity : 9223372036854775807
2023-08-25 11:37:44,060 [main] INFO  volume.MutableVolumeSet (MutableVolumeSet.java:initializeVolumeSet(173)) - Added Volume : /home/runner/work/ozone/ozone/hadoop-ozone/integration-test/target/test-dir/MiniOzoneClusterImpl-e63a8ec6-da9e-4c95-a9d5-015e34518cdf/datanode-2/data-0/containers/hdds to VolumeSet
2023-08-25 11:37:44,061 [main] INFO  volume.MutableVolumeSet (MutableVolumeSet.java:initializeVolumeSet(173)) - Added Volume : /home/runner/work/ozone/ozone/hadoop-ozone/integration-test/target/test-dir/MiniOzoneClusterImpl-e63a8ec6-da9e-4c95-a9d5-015e34518cdf/datanode-2/data/ratis to VolumeSet
2023-08-25 11:37:44,062 [Thread-1986] INFO  ozoneimpl.ContainerReader (ContainerReader.java:readVolume(177)) - Finish verifying containers on volume /home/runner/work/ozone/ozone/hadoop-ozone/integration-test/target/test-dir/MiniOzoneClusterImpl-e63a8ec6-da9e-4c95-a9d5-015e34518cdf/datanode-2/data-0/containers/hdds
2023-08-25 11:37:44,062 [main] INFO  ozoneimpl.OzoneContainer (OzoneContainer.java:buildContainerSet(314)) - Build ContainerSet costs 0s
2023-08-25 11:37:44,067 [main] INFO  server.RaftServer (ConfUtils.java:logGet(46)) - raft.rpc.type = GRPC (default)
2023-08-25 11:37:44,067 [main] INFO  grpc.GrpcConfigKeys (ConfUtils.java:logFallback(53)) - raft.grpc.admin.host = null (fallback to raft.grpc.server.host)
2023-08-25 11:37:44,067 [main] INFO  grpc.GrpcConfigKeys (ConfUtils.java:logGet(46)) - raft.grpc.admin.port = 15190 (custom)
2023-08-25 11:37:44,070 [main] INFO  grpc.GrpcConfigKeys (ConfUtils.java:logFallback(53)) - raft.grpc.client.host = null (fallback to raft.grpc.server.host)
2023-08-25 11:37:44,070 [main] INFO  grpc.GrpcConfigKeys (ConfUtils.java:logGet(46)) - raft.grpc.client.port = 15189 (custom)
2023-08-25 11:37:44,071 [main] INFO  grpc.GrpcConfigKeys (ConfUtils.java:logGet(46)) - raft.grpc.server.host = null (default)
2023-08-25 11:37:44,071 [main] INFO  grpc.GrpcConfigKeys (ConfUtils.java:logGet(46)) - raft.grpc.server.port = 15191 (custom)
2023-08-25 11:37:44,071 [main] INFO  server.GrpcService (ConfUtils.java:logGet(46)) - raft.grpc.message.size.max = 32MB (=33554432) (custom)
2023-08-25 11:37:44,071 [main] INFO  server.RaftServerConfigKeys (ConfUtils.java:logGet(46)) - raft.server.log.appender.buffer.byte-limit = 33554432 (custom)
2023-08-25 11:37:44,071 [main] INFO  server.GrpcService (ConfUtils.java:logGet(46)) - raft.grpc.flow.control.window = 5MB (=5242880) (custom)
2023-08-25 11:37:44,073 [main] INFO  server.RaftServerConfigKeys (ConfUtils.java:logGet(46)) - raft.server.rpc.request.timeout = 60s (custom)
2023-08-25 11:37:44,073 [main] INFO  grpc.GrpcConfigKeys (ConfUtils.java:logGet(46)) - raft.grpc.server.heartbeat.channel = true (default)
2023-08-25 11:37:44,073 [main] INFO  grpc.GrpcConfigKeys (ConfUtils.java:logGet(46)) - raft.grpc.server.async.request.thread.pool.cached = true (default)
2023-08-25 11:37:44,073 [main] INFO  grpc.GrpcConfigKeys (ConfUtils.java:logGet(46)) - raft.grpc.server.async.request.thread.pool.size = 32 (default)
2023-08-25 11:37:44,079 [main] INFO  impl.DataStreamServerImpl (ConfUtils.java:logGet(46)) - raft.datastream.type = NETTY (custom)
2023-08-25 11:37:44,079 [main] INFO  server.RaftServerConfigKeys (ConfUtils.java:logGet(46)) - raft.server.data-stream.async.request.thread.pool.cached = false (default)
2023-08-25 11:37:44,079 [main] INFO  server.RaftServerConfigKeys (ConfUtils.java:logGet(46)) - raft.server.data-stream.async.request.thread.pool.size = 20 (custom)
2023-08-25 11:37:44,079 [main] INFO  server.RaftServerConfigKeys (ConfUtils.java:logGet(46)) - raft.server.data-stream.async.write.thread.pool.size = 16 (default)
2023-08-25 11:37:44,080 [main] INFO  server.RaftServerConfigKeys (ConfUtils.java:logGet(46)) - raft.server.data-stream.client.pool.size = 10 (default)
2023-08-25 11:37:44,080 [main] INFO  netty.NettyConfigKeys$DataStream (ConfUtils.java:logGet(46)) - raft.netty.dataStream.server.use-epoll = false (default)
2023-08-25 11:37:44,080 [main] INFO  netty.NettyConfigKeys$DataStream (ConfUtils.java:logGet(46)) - raft.netty.dataStream.server.boss-group.size = 0 (default)
2023-08-25 11:37:44,080 [main] INFO  netty.NettyConfigKeys$DataStream (ConfUtils.java:logGet(46)) - raft.netty.dataStream.server.worker-group.size = 0 (default)
2023-08-25 11:37:44,081 [main] INFO  netty.NettyConfigKeys$DataStream (ConfUtils.java:logGet(46)) - raft.netty.dataStream.server.tls.conf = null (default)
2023-08-25 11:37:44,081 [main] INFO  netty.NettyConfigKeys$DataStream (ConfUtils.java:logGet(46)) - raft.netty.dataStream.host = null (default)
2023-08-25 11:37:44,081 [main] INFO  netty.NettyConfigKeys$DataStream (ConfUtils.java:logGet(46)) - raft.netty.dataStream.port = 15192 (custom)
2023-08-25 11:37:44,084 [main] INFO  server.RaftServerConfigKeys (ConfUtils.java:logGet(46)) - raft.server.threadpool.proxy.cached = true (default)
2023-08-25 11:37:44,084 [main] INFO  server.RaftServerConfigKeys (ConfUtils.java:logGet(46)) - raft.server.threadpool.proxy.size = 0 (default)
2023-08-25 11:37:44,085 [main] INFO  server.RaftServerConfigKeys (ConfUtils.java:logGet(46)) - raft.server.rpc.slowness.timeout = 300s (custom)
2023-08-25 11:37:44,085 [main] INFO  server.RaftServerConfigKeys (ConfUtils.java:logGet(46)) - raft.server.leaderelection.leader.step-down.wait-time = 10s (default)
2023-08-25 11:37:44,085 [main] INFO  server.RaftServerConfigKeys (ConfUtils.java:logGet(46)) - raft.server.storage.dir = [/home/runner/work/ozone/ozone/hadoop-ozone/integration-test/target/test-dir/MiniOzoneClusterImpl-e63a8ec6-da9e-4c95-a9d5-015e34518cdf/datanode-2/data/ratis] (custom)
2023-08-25 11:37:44,087 [f8b5371a-a27d-49bd-9775-6107617962eb-NettyServerStreamRpc-bossGroup--thread1] INFO  logging.LoggingHandler (AbstractInternalLogger.java:log(148)) - [id: 0x344f03a1] REGISTERED
2023-08-25 11:37:44,087 [f8b5371a-a27d-49bd-9775-6107617962eb-NettyServerStreamRpc-bossGroup--thread1] INFO  logging.LoggingHandler (AbstractInternalLogger.java:log(148)) - [id: 0x344f03a1] BIND: 0.0.0.0/0.0.0.0:15192
2023-08-25 11:37:44,087 [f8b5371a-a27d-49bd-9775-6107617962eb-NettyServerStreamRpc-bossGroup--thread1] INFO  logging.LoggingHandler (AbstractInternalLogger.java:log(148)) - [id: 0x344f03a1, L:/0:0:0:0:0:0:0:0:15192] ACTIVE
2023-08-25 11:37:44,088 [f8b5371a-a27d-49bd-9775-6107617962eb-impl-thread1] INFO  server.RaftServer (RaftServerProxy.java:initGroupDir(258)) - f8b5371a-a27d-49bd-9775-6107617962eb: found a subdirectory /home/runner/work/ozone/ozone/hadoop-ozone/integration-test/target/test-dir/MiniOzoneClusterImpl-e63a8ec6-da9e-4c95-a9d5-015e34518cdf/datanode-2/data/ratis/tmp
2023-08-25 11:37:44,088 [f8b5371a-a27d-49bd-9775-6107617962eb-impl-thread1] INFO  server.RaftServer (RaftServerProxy.java:initGroupDir(263)) - f8b5371a-a27d-49bd-9775-6107617962eb: The directory /home/runner/work/ozone/ozone/hadoop-ozone/integration-test/target/test-dir/MiniOzoneClusterImpl-e63a8ec6-da9e-4c95-a9d5-015e34518cdf/datanode-2/data/ratis/tmp is not a group directory; ignoring it. 
2023-08-25 11:37:44,088 [main] INFO  replication.ReplicationServer (ReplicationServer.java:<init>(81)) - Initializing replication server with thread count = 10
2023-08-25 11:37:44,090 [main] INFO  server.XceiverServerGrpc (XceiverServerGrpc.java:<init>(132)) - GrpcServer channel type EpollServerSocketChannel
2023-08-25 11:37:44,091 [main] INFO  replication.ReplicationSupervisor (ReplicationSupervisor.java:build(155)) - Initializing replication supervisor with thread count = 10
2023-08-25 11:37:44,092 [main] INFO  replication.ReplicationSupervisor (ReplicationSupervisor.java:nodeStateUpdated(307)) - Node state updated to IN_SERVICE, scaling executor pool size to 10
2023-08-25 11:37:44,094 [main] INFO  http.BaseHttpServer (BaseHttpServer.java:newHttpServer2BuilderForOzone(224)) - Starting Web-server for hddsDatanode at: http://0.0.0.0:15186
2023-08-25 11:37:44,094 [main] INFO  http.BaseHttpServer (BaseHttpServer.java:<init>(111)) - Hadoop Security Enabled: false Ozone Security Enabled: false Ozone HTTP Security Enabled: false 
2023-08-25 11:37:44,095 [main] WARN  server.AuthenticationFilter (AuthenticationFilter.java:constructSecretProvider(240)) - Unable to initialize FileSignerSecretProvider, falling back to use random secrets. Reason: Could not read signature secret file: /home/runner/hadoop-http-auth-signature-secret
2023-08-25 11:37:44,101 [main] INFO  http.HttpRequestLog (HttpRequestLog.java:getRequestLog(86)) - Http request log for http.requests.hddsDatanode is not defined
2023-08-25 11:37:44,103 [main] INFO  http.HttpServer2 (HttpServer2.java:addGlobalFilter(1031)) - Added global filter 'safety' (class=org.apache.hadoop.hdds.server.http.HttpServer2$QuotingInputFilter)
2023-08-25 11:37:44,103 [main] INFO  http.HttpServer2 (HttpServer2.java:addFilter(1007)) - Added filter static_user_filter (class=org.apache.hadoop.http.lib.StaticUserWebFilter$StaticUserFilter) to context hddsDatanode
2023-08-25 11:37:44,104 [main] INFO  http.HttpServer2 (HttpServer2.java:addFilter(1015)) - Added filter static_user_filter (class=org.apache.hadoop.http.lib.StaticUserWebFilter$StaticUserFilter) to context logs
2023-08-25 11:37:44,104 [main] INFO  http.HttpServer2 (HttpServer2.java:addFilter(1015)) - Added filter static_user_filter (class=org.apache.hadoop.http.lib.StaticUserWebFilter$StaticUserFilter) to context static
2023-08-25 11:37:44,104 [main] INFO  http.BaseHttpServer (BaseHttpServer.java:<init>(190)) - HTTP server of hddsDatanode uses base directory /home/runner/work/ozone/ozone/hadoop-ozone/integration-test/target/test-dir/MiniOzoneClusterImpl-e63a8ec6-da9e-4c95-a9d5-015e34518cdf/datanode-2/meta/webserver
2023-08-25 11:37:44,105 [main] INFO  http.HttpServer2 (HttpServer2.java:bindListener(1250)) - Jetty bound to port 15186
2023-08-25 11:37:44,105 [main] INFO  server.Server (Server.java:doStart(375)) - jetty-9.4.51.v20230217; built: 2023-02-17T08:19:37.309Z; git: b45c405e4544384de066f814ed42ae3dceacdd49; jvm 1.8.0_382-b05
2023-08-25 11:37:44,119 [main] INFO  server.session (DefaultSessionIdManager.java:doStart(334)) - DefaultSessionIdManager workerName=node0
2023-08-25 11:37:44,119 [main] INFO  server.session (DefaultSessionIdManager.java:doStart(339)) - No SessionScavenger set, using defaults
2023-08-25 11:37:44,120 [main] INFO  server.session (HouseKeeper.java:startScavenging(132)) - node0 Scavenging every 600000ms
2023-08-25 11:37:44,125 [main] INFO  handler.ContextHandler (ContextHandler.java:doStart(921)) - Started o.e.j.s.ServletContextHandler@cf3dce6{logs,/logs,file:///home/runner/work/ozone/ozone/hadoop-ozone/integration-test/target/log,AVAILABLE}
2023-08-25 11:37:44,125 [main] INFO  handler.ContextHandler (ContextHandler.java:doStart(921)) - Started o.e.j.s.ServletContextHandler@324de6a2{static,/static,jar:file:/home/runner/.m2/repository/org/apache/ozone/hdds-container-service/1.4.0-SNAPSHOT/hdds-container-service-1.4.0-SNAPSHOT.jar!/webapps/static,AVAILABLE}
2023-08-25 11:37:44,367 [main] INFO  handler.ContextHandler (ContextHandler.java:doStart(921)) - Started o.e.j.w.WebAppContext@39f202da{hddsDatanode,/,file:///home/runner/work/ozone/ozone/hadoop-ozone/integration-test/target/test-dir/MiniOzoneClusterImpl-e63a8ec6-da9e-4c95-a9d5-015e34518cdf/datanode-2/meta/webserver/jetty-0_0_0_0-15186-hdds-container-service-1_4_0-SNAPSHOT_jar-_-any-3692614758514511707/webapp/,AVAILABLE}{jar:file:/home/runner/.m2/repository/org/apache/ozone/hdds-container-service/1.4.0-SNAPSHOT/hdds-container-service-1.4.0-SNAPSHOT.jar!/webapps/hddsDatanode}
2023-08-25 11:37:44,369 [main] INFO  server.AbstractConnector (AbstractConnector.java:doStart(333)) - Started ServerConnector@53f6fa17{HTTP/1.1, (http/1.1)}{0.0.0.0:15186}
2023-08-25 11:37:44,369 [main] INFO  server.Server (Server.java:doStart(415)) - Started @314697ms
2023-08-25 11:37:44,369 [main] WARN  impl.MetricsSystemImpl (MetricsSystemImpl.java:register(279)) - Sink prometheus already exists!
2023-08-25 11:37:44,370 [main] INFO  http.BaseHttpServer (BaseHttpServer.java:updateConnectorAddress(344)) - HTTP server of hddsDatanode listening at http://0.0.0.0:15186
2023-08-25 11:37:44,371 [main] INFO  ipc.CallQueueManager (CallQueueManager.java:<init>(90)) - Using callQueue: class java.util.concurrent.LinkedBlockingQueue, queueCapacity: 100, scheduler: class org.apache.hadoop.ipc.DefaultRpcScheduler, ipcBackoff: false.
2023-08-25 11:37:44,371 [main] INFO  ipc.Server (Server.java:<init>(1287)) - Listener at 0.0.0.0:15187
2023-08-25 11:37:44,372 [Socket Reader #1 for port 15187] INFO  ipc.Server (Server.java:run(1323)) - Starting Socket Reader #1 for port 15187
2023-08-25 11:37:44,378 [main] INFO  ozone.HddsDatanodeService (HddsDatanodeService.java:start(315)) - Datanode start with admins: [runner]
2023-08-25 11:37:44,379 [main] INFO  ozone.HddsDatanodeClientProtocolServer (HddsDatanodeClientProtocolServer.java:start(72)) - RPC server for Client /0.0.0.0:15187
2023-08-25 11:37:44,379 [IPC Server listener on 15187] INFO  ipc.Server (Server.java:run(1402)) - IPC Server listener on 15187: starting
2023-08-25 11:37:44,382 [Datanode State Machine Daemon Thread] INFO  statemachine.DatanodeStateMachine (DatanodeStateMachine.java:lambda$startDaemon$0(538)) - Ozone container server started.
2023-08-25 11:37:44,382 [main] WARN  impl.MetricRegistriesImpl (MetricRegistriesImpl.java:addReporterRegistration(111)) - New reporters are added after registries were created. Some metrics will be missing from the reporter. Please add reporter before adding any new registry.
2023-08-25 11:37:44,383 [main] WARN  impl.MetricRegistriesImpl (MetricRegistriesImpl.java:addReporterRegistration(111)) - New reporters are added after registries were created. Some metrics will be missing from the reporter. Please add reporter before adding any new registry.
2023-08-25 11:37:44,383 [main] INFO  impl.MetricsSystemImpl (MetricsSystemImpl.java:init(158)) - HddsDatanode metrics system started (again)
2023-08-25 11:37:44,385 [IPC Server Responder] INFO  ipc.Server (Server.java:run(1562)) - IPC Server Responder: starting
2023-08-25 11:37:44,407 [Datanode State Machine Task Thread - 0] INFO  datanode.InitDatanodeState (InitDatanodeState.java:persistContainerDatanodeDetails(138)) - DatanodeDetails is persisted to /home/runner/work/ozone/ozone/hadoop-ozone/integration-test/target/test-dir/MiniOzoneClusterImpl-e63a8ec6-da9e-4c95-a9d5-015e34518cdf/datanode-2/meta/datanode.id
2023-08-25 11:37:44,411 [main] INFO  ozone.HddsDatanodeService (HddsDatanodeService.java:start(237)) - HddsDatanodeService host:fv-az508-118.q1hezrx03woe3mvmfegnvhq0ah.dx.internal.cloudapp.net ip:10.1.0.52
2023-08-25 11:37:44,442 [main] INFO  upgrade.AbstractLayoutVersionManager (AbstractLayoutVersionManager.java:init(83)) - Initializing Layout version manager with metadata layout = HADOOP_PRC_PORTS_IN_DATANODEDETAILS (version = 7), software layout = HADOOP_PRC_PORTS_IN_DATANODEDETAILS (version = 7)
2023-08-25 11:37:44,442 [main] INFO  statemachine.DatanodeStateMachine (DatanodeStateMachine.java:getEndPointTaskThreadPoolSize(282)) - Datanode State Machine Task Thread Pool size 2
2023-08-25 11:37:44,447 [main] INFO  volume.HddsVolume (HddsVolume.java:<init>(126)) - Creating HddsVolume: /home/runner/work/ozone/ozone/hadoop-ozone/integration-test/target/test-dir/MiniOzoneClusterImpl-e63a8ec6-da9e-4c95-a9d5-015e34518cdf/datanode-3/data-0/containers/hdds of storage type : DISK capacity : 9223372036854775807
2023-08-25 11:37:44,447 [main] INFO  volume.MutableVolumeSet (MutableVolumeSet.java:initializeVolumeSet(173)) - Added Volume : /home/runner/work/ozone/ozone/hadoop-ozone/integration-test/target/test-dir/MiniOzoneClusterImpl-e63a8ec6-da9e-4c95-a9d5-015e34518cdf/datanode-3/data-0/containers/hdds to VolumeSet
2023-08-25 11:37:44,448 [main] INFO  volume.MutableVolumeSet (MutableVolumeSet.java:initializeVolumeSet(173)) - Added Volume : /home/runner/work/ozone/ozone/hadoop-ozone/integration-test/target/test-dir/MiniOzoneClusterImpl-e63a8ec6-da9e-4c95-a9d5-015e34518cdf/datanode-3/data/ratis to VolumeSet
2023-08-25 11:37:44,448 [Thread-2003] INFO  ozoneimpl.ContainerReader (ContainerReader.java:readVolume(177)) - Finish verifying containers on volume /home/runner/work/ozone/ozone/hadoop-ozone/integration-test/target/test-dir/MiniOzoneClusterImpl-e63a8ec6-da9e-4c95-a9d5-015e34518cdf/datanode-3/data-0/containers/hdds
2023-08-25 11:37:44,449 [main] INFO  ozoneimpl.OzoneContainer (OzoneContainer.java:buildContainerSet(314)) - Build ContainerSet costs 0s
2023-08-25 11:37:44,453 [main] INFO  server.RaftServer (ConfUtils.java:logGet(46)) - raft.rpc.type = GRPC (default)
2023-08-25 11:37:44,453 [main] INFO  grpc.GrpcConfigKeys (ConfUtils.java:logFallback(53)) - raft.grpc.admin.host = null (fallback to raft.grpc.server.host)
2023-08-25 11:37:44,453 [main] INFO  grpc.GrpcConfigKeys (ConfUtils.java:logGet(46)) - raft.grpc.admin.port = 15199 (custom)
2023-08-25 11:37:44,453 [main] INFO  grpc.GrpcConfigKeys (ConfUtils.java:logFallback(53)) - raft.grpc.client.host = null (fallback to raft.grpc.server.host)
2023-08-25 11:37:44,453 [main] INFO  grpc.GrpcConfigKeys (ConfUtils.java:logGet(46)) - raft.grpc.client.port = 15198 (custom)
2023-08-25 11:37:44,453 [main] INFO  grpc.GrpcConfigKeys (ConfUtils.java:logGet(46)) - raft.grpc.server.host = null (default)
2023-08-25 11:37:44,454 [main] INFO  grpc.GrpcConfigKeys (ConfUtils.java:logGet(46)) - raft.grpc.server.port = 15200 (custom)
2023-08-25 11:37:44,454 [main] INFO  server.GrpcService (ConfUtils.java:logGet(46)) - raft.grpc.message.size.max = 32MB (=33554432) (custom)
2023-08-25 11:37:44,454 [main] INFO  server.RaftServerConfigKeys (ConfUtils.java:logGet(46)) - raft.server.log.appender.buffer.byte-limit = 33554432 (custom)
2023-08-25 11:37:44,454 [main] INFO  server.GrpcService (ConfUtils.java:logGet(46)) - raft.grpc.flow.control.window = 5MB (=5242880) (custom)
2023-08-25 11:37:44,454 [main] INFO  server.RaftServerConfigKeys (ConfUtils.java:logGet(46)) - raft.server.rpc.request.timeout = 60s (custom)
2023-08-25 11:37:44,454 [main] INFO  grpc.GrpcConfigKeys (ConfUtils.java:logGet(46)) - raft.grpc.server.heartbeat.channel = true (default)
2023-08-25 11:37:44,455 [main] INFO  grpc.GrpcConfigKeys (ConfUtils.java:logGet(46)) - raft.grpc.server.async.request.thread.pool.cached = true (default)
2023-08-25 11:37:44,455 [main] INFO  grpc.GrpcConfigKeys (ConfUtils.java:logGet(46)) - raft.grpc.server.async.request.thread.pool.size = 32 (default)
2023-08-25 11:37:44,458 [main] INFO  impl.DataStreamServerImpl (ConfUtils.java:logGet(46)) - raft.datastream.type = NETTY (custom)
2023-08-25 11:37:44,458 [main] INFO  server.RaftServerConfigKeys (ConfUtils.java:logGet(46)) - raft.server.data-stream.async.request.thread.pool.cached = false (default)
2023-08-25 11:37:44,458 [main] INFO  server.RaftServerConfigKeys (ConfUtils.java:logGet(46)) - raft.server.data-stream.async.request.thread.pool.size = 20 (custom)
2023-08-25 11:37:44,458 [main] INFO  server.RaftServerConfigKeys (ConfUtils.java:logGet(46)) - raft.server.data-stream.async.write.thread.pool.size = 16 (default)
2023-08-25 11:37:44,459 [main] INFO  server.RaftServerConfigKeys (ConfUtils.java:logGet(46)) - raft.server.data-stream.client.pool.size = 10 (default)
2023-08-25 11:37:44,459 [main] INFO  netty.NettyConfigKeys$DataStream (ConfUtils.java:logGet(46)) - raft.netty.dataStream.server.use-epoll = false (default)
2023-08-25 11:37:44,459 [main] INFO  netty.NettyConfigKeys$DataStream (ConfUtils.java:logGet(46)) - raft.netty.dataStream.server.boss-group.size = 0 (default)
2023-08-25 11:37:44,459 [main] INFO  netty.NettyConfigKeys$DataStream (ConfUtils.java:logGet(46)) - raft.netty.dataStream.server.worker-group.size = 0 (default)
2023-08-25 11:37:44,460 [main] INFO  netty.NettyConfigKeys$DataStream (ConfUtils.java:logGet(46)) - raft.netty.dataStream.server.tls.conf = null (default)
2023-08-25 11:37:44,460 [main] INFO  netty.NettyConfigKeys$DataStream (ConfUtils.java:logGet(46)) - raft.netty.dataStream.host = null (default)
2023-08-25 11:37:44,460 [main] INFO  netty.NettyConfigKeys$DataStream (ConfUtils.java:logGet(46)) - raft.netty.dataStream.port = 15201 (custom)
2023-08-25 11:37:44,461 [main] INFO  server.RaftServerConfigKeys (ConfUtils.java:logGet(46)) - raft.server.threadpool.proxy.cached = true (default)
2023-08-25 11:37:44,461 [main] INFO  server.RaftServerConfigKeys (ConfUtils.java:logGet(46)) - raft.server.threadpool.proxy.size = 0 (default)
2023-08-25 11:37:44,461 [main] INFO  server.RaftServerConfigKeys (ConfUtils.java:logGet(46)) - raft.server.rpc.slowness.timeout = 300s (custom)
2023-08-25 11:37:44,461 [addc2b6a-cfc9-4bfb-8a1c-15b9de9495ff-NettyServerStreamRpc-bossGroup--thread1] INFO  logging.LoggingHandler (AbstractInternalLogger.java:log(148)) - [id: 0x3ed17305] REGISTERED
2023-08-25 11:37:44,461 [main] INFO  server.RaftServerConfigKeys (ConfUtils.java:logGet(46)) - raft.server.leaderelection.leader.step-down.wait-time = 10s (default)
2023-08-25 11:37:44,461 [addc2b6a-cfc9-4bfb-8a1c-15b9de9495ff-NettyServerStreamRpc-bossGroup--thread1] INFO  logging.LoggingHandler (AbstractInternalLogger.java:log(148)) - [id: 0x3ed17305] BIND: 0.0.0.0/0.0.0.0:15201
2023-08-25 11:37:44,462 [main] INFO  server.RaftServerConfigKeys (ConfUtils.java:logGet(46)) - raft.server.storage.dir = [/home/runner/work/ozone/ozone/hadoop-ozone/integration-test/target/test-dir/MiniOzoneClusterImpl-e63a8ec6-da9e-4c95-a9d5-015e34518cdf/datanode-3/data/ratis] (custom)
2023-08-25 11:37:44,462 [addc2b6a-cfc9-4bfb-8a1c-15b9de9495ff-NettyServerStreamRpc-bossGroup--thread1] INFO  logging.LoggingHandler (AbstractInternalLogger.java:log(148)) - [id: 0x3ed17305, L:/0:0:0:0:0:0:0:0:15201] ACTIVE
2023-08-25 11:37:44,462 [addc2b6a-cfc9-4bfb-8a1c-15b9de9495ff-impl-thread1] INFO  server.RaftServer (RaftServerProxy.java:initGroupDir(258)) - addc2b6a-cfc9-4bfb-8a1c-15b9de9495ff: found a subdirectory /home/runner/work/ozone/ozone/hadoop-ozone/integration-test/target/test-dir/MiniOzoneClusterImpl-e63a8ec6-da9e-4c95-a9d5-015e34518cdf/datanode-3/data/ratis/tmp
2023-08-25 11:37:44,462 [addc2b6a-cfc9-4bfb-8a1c-15b9de9495ff-impl-thread1] INFO  server.RaftServer (RaftServerProxy.java:initGroupDir(263)) - addc2b6a-cfc9-4bfb-8a1c-15b9de9495ff: The directory /home/runner/work/ozone/ozone/hadoop-ozone/integration-test/target/test-dir/MiniOzoneClusterImpl-e63a8ec6-da9e-4c95-a9d5-015e34518cdf/datanode-3/data/ratis/tmp is not a group directory; ignoring it. 
2023-08-25 11:37:44,463 [main] INFO  replication.ReplicationServer (ReplicationServer.java:<init>(81)) - Initializing replication server with thread count = 10
2023-08-25 11:37:44,464 [main] INFO  server.XceiverServerGrpc (XceiverServerGrpc.java:<init>(132)) - GrpcServer channel type EpollServerSocketChannel
2023-08-25 11:37:44,466 [main] INFO  replication.ReplicationSupervisor (ReplicationSupervisor.java:build(155)) - Initializing replication supervisor with thread count = 10
2023-08-25 11:37:44,466 [main] INFO  replication.ReplicationSupervisor (ReplicationSupervisor.java:nodeStateUpdated(307)) - Node state updated to IN_SERVICE, scaling executor pool size to 10
2023-08-25 11:37:44,468 [main] INFO  http.BaseHttpServer (BaseHttpServer.java:newHttpServer2BuilderForOzone(224)) - Starting Web-server for hddsDatanode at: http://0.0.0.0:15195
2023-08-25 11:37:44,469 [main] INFO  http.BaseHttpServer (BaseHttpServer.java:<init>(111)) - Hadoop Security Enabled: false Ozone Security Enabled: false Ozone HTTP Security Enabled: false 
2023-08-25 11:37:44,471 [main] WARN  server.AuthenticationFilter (AuthenticationFilter.java:constructSecretProvider(240)) - Unable to initialize FileSignerSecretProvider, falling back to use random secrets. Reason: Could not read signature secret file: /home/runner/hadoop-http-auth-signature-secret
2023-08-25 11:37:44,471 [main] INFO  http.HttpRequestLog (HttpRequestLog.java:getRequestLog(86)) - Http request log for http.requests.hddsDatanode is not defined
2023-08-25 11:37:44,472 [main] INFO  http.HttpServer2 (HttpServer2.java:addGlobalFilter(1031)) - Added global filter 'safety' (class=org.apache.hadoop.hdds.server.http.HttpServer2$QuotingInputFilter)
2023-08-25 11:37:44,473 [main] INFO  http.HttpServer2 (HttpServer2.java:addFilter(1007)) - Added filter static_user_filter (class=org.apache.hadoop.http.lib.StaticUserWebFilter$StaticUserFilter) to context hddsDatanode
2023-08-25 11:37:44,473 [main] INFO  http.HttpServer2 (HttpServer2.java:addFilter(1015)) - Added filter static_user_filter (class=org.apache.hadoop.http.lib.StaticUserWebFilter$StaticUserFilter) to context logs
2023-08-25 11:37:44,473 [main] INFO  http.HttpServer2 (HttpServer2.java:addFilter(1015)) - Added filter static_user_filter (class=org.apache.hadoop.http.lib.StaticUserWebFilter$StaticUserFilter) to context static
2023-08-25 11:37:44,474 [main] INFO  http.BaseHttpServer (BaseHttpServer.java:<init>(190)) - HTTP server of hddsDatanode uses base directory /home/runner/work/ozone/ozone/hadoop-ozone/integration-test/target/test-dir/MiniOzoneClusterImpl-e63a8ec6-da9e-4c95-a9d5-015e34518cdf/datanode-3/meta/webserver
2023-08-25 11:37:44,474 [main] INFO  http.HttpServer2 (HttpServer2.java:bindListener(1250)) - Jetty bound to port 15195
2023-08-25 11:37:44,474 [main] INFO  server.Server (Server.java:doStart(375)) - jetty-9.4.51.v20230217; built: 2023-02-17T08:19:37.309Z; git: b45c405e4544384de066f814ed42ae3dceacdd49; jvm 1.8.0_382-b05
2023-08-25 11:37:44,478 [main] INFO  server.session (DefaultSessionIdManager.java:doStart(334)) - DefaultSessionIdManager workerName=node0
2023-08-25 11:37:44,478 [main] INFO  server.session (DefaultSessionIdManager.java:doStart(339)) - No SessionScavenger set, using defaults
2023-08-25 11:37:44,478 [main] INFO  server.session (HouseKeeper.java:startScavenging(132)) - node0 Scavenging every 660000ms
2023-08-25 11:37:44,479 [main] INFO  handler.ContextHandler (ContextHandler.java:doStart(921)) - Started o.e.j.s.ServletContextHandler@7e332f69{logs,/logs,file:///home/runner/work/ozone/ozone/hadoop-ozone/integration-test/target/log,AVAILABLE}
2023-08-25 11:37:44,479 [main] INFO  handler.ContextHandler (ContextHandler.java:doStart(921)) - Started o.e.j.s.ServletContextHandler@2289ee66{static,/static,jar:file:/home/runner/.m2/repository/org/apache/ozone/hdds-container-service/1.4.0-SNAPSHOT/hdds-container-service-1.4.0-SNAPSHOT.jar!/webapps/static,AVAILABLE}
2023-08-25 11:37:44,730 [main] INFO  handler.ContextHandler (ContextHandler.java:doStart(921)) - Started o.e.j.w.WebAppContext@22f67246{hddsDatanode,/,file:///home/runner/work/ozone/ozone/hadoop-ozone/integration-test/target/test-dir/MiniOzoneClusterImpl-e63a8ec6-da9e-4c95-a9d5-015e34518cdf/datanode-3/meta/webserver/jetty-0_0_0_0-15195-hdds-container-service-1_4_0-SNAPSHOT_jar-_-any-2167242317118788536/webapp/,AVAILABLE}{jar:file:/home/runner/.m2/repository/org/apache/ozone/hdds-container-service/1.4.0-SNAPSHOT/hdds-container-service-1.4.0-SNAPSHOT.jar!/webapps/hddsDatanode}
2023-08-25 11:37:44,732 [main] INFO  server.AbstractConnector (AbstractConnector.java:doStart(333)) - Started ServerConnector@352ae819{HTTP/1.1, (http/1.1)}{0.0.0.0:15195}
2023-08-25 11:37:44,732 [main] INFO  server.Server (Server.java:doStart(415)) - Started @315061ms
2023-08-25 11:37:44,732 [main] WARN  impl.MetricsSystemImpl (MetricsSystemImpl.java:register(279)) - Sink prometheus already exists!
2023-08-25 11:37:44,733 [main] INFO  http.BaseHttpServer (BaseHttpServer.java:updateConnectorAddress(344)) - HTTP server of hddsDatanode listening at http://0.0.0.0:15195
2023-08-25 11:37:44,733 [main] INFO  ipc.CallQueueManager (CallQueueManager.java:<init>(90)) - Using callQueue: class java.util.concurrent.LinkedBlockingQueue, queueCapacity: 100, scheduler: class org.apache.hadoop.ipc.DefaultRpcScheduler, ipcBackoff: false.
2023-08-25 11:37:44,734 [main] INFO  ipc.Server (Server.java:<init>(1287)) - Listener at 0.0.0.0:15196
2023-08-25 11:37:44,742 [Socket Reader #1 for port 15196] INFO  ipc.Server (Server.java:run(1323)) - Starting Socket Reader #1 for port 15196
2023-08-25 11:37:44,746 [main] INFO  ozone.HddsDatanodeService (HddsDatanodeService.java:start(315)) - Datanode start with admins: [runner]
2023-08-25 11:37:44,746 [main] INFO  ozone.HddsDatanodeClientProtocolServer (HddsDatanodeClientProtocolServer.java:start(72)) - RPC server for Client /0.0.0.0:15196
2023-08-25 11:37:44,746 [IPC Server Responder] INFO  ipc.Server (Server.java:run(1562)) - IPC Server Responder: starting
2023-08-25 11:37:44,746 [IPC Server listener on 15196] INFO  ipc.Server (Server.java:run(1402)) - IPC Server listener on 15196: starting
2023-08-25 11:37:44,747 [main] WARN  impl.MetricRegistriesImpl (MetricRegistriesImpl.java:addReporterRegistration(111)) - New reporters are added after registries were created. Some metrics will be missing from the reporter. Please add reporter before adding any new registry.
2023-08-25 11:37:44,747 [main] WARN  impl.MetricRegistriesImpl (MetricRegistriesImpl.java:addReporterRegistration(111)) - New reporters are added after registries were created. Some metrics will be missing from the reporter. Please add reporter before adding any new registry.
2023-08-25 11:37:44,747 [main] INFO  impl.MetricsSystemImpl (MetricsSystemImpl.java:init(158)) - HddsDatanode metrics system started (again)
2023-08-25 11:37:44,760 [Datanode State Machine Daemon Thread] INFO  statemachine.DatanodeStateMachine (DatanodeStateMachine.java:lambda$startDaemon$0(538)) - Ozone container server started.
2023-08-25 11:37:44,773 [Datanode State Machine Task Thread - 0] INFO  datanode.InitDatanodeState (InitDatanodeState.java:persistContainerDatanodeDetails(138)) - DatanodeDetails is persisted to /home/runner/work/ozone/ozone/hadoop-ozone/integration-test/target/test-dir/MiniOzoneClusterImpl-e63a8ec6-da9e-4c95-a9d5-015e34518cdf/datanode-3/meta/datanode.id
2023-08-25 11:37:44,773 [main] INFO  ozone.HddsDatanodeService (HddsDatanodeService.java:start(237)) - HddsDatanodeService host:fv-az508-118.q1hezrx03woe3mvmfegnvhq0ah.dx.internal.cloudapp.net ip:10.1.0.52
2023-08-25 11:37:44,815 [main] INFO  upgrade.AbstractLayoutVersionManager (AbstractLayoutVersionManager.java:init(83)) - Initializing Layout version manager with metadata layout = HADOOP_PRC_PORTS_IN_DATANODEDETAILS (version = 7), software layout = HADOOP_PRC_PORTS_IN_DATANODEDETAILS (version = 7)
2023-08-25 11:37:44,818 [main] INFO  statemachine.DatanodeStateMachine (DatanodeStateMachine.java:getEndPointTaskThreadPoolSize(282)) - Datanode State Machine Task Thread Pool size 2
2023-08-25 11:37:44,819 [main] INFO  volume.HddsVolume (HddsVolume.java:<init>(126)) - Creating HddsVolume: /home/runner/work/ozone/ozone/hadoop-ozone/integration-test/target/test-dir/MiniOzoneClusterImpl-e63a8ec6-da9e-4c95-a9d5-015e34518cdf/datanode-4/data-0/containers/hdds of storage type : DISK capacity : 9223372036854775807
2023-08-25 11:37:44,819 [main] INFO  volume.MutableVolumeSet (MutableVolumeSet.java:initializeVolumeSet(173)) - Added Volume : /home/runner/work/ozone/ozone/hadoop-ozone/integration-test/target/test-dir/MiniOzoneClusterImpl-e63a8ec6-da9e-4c95-a9d5-015e34518cdf/datanode-4/data-0/containers/hdds to VolumeSet
2023-08-25 11:37:44,820 [main] INFO  volume.MutableVolumeSet (MutableVolumeSet.java:initializeVolumeSet(173)) - Added Volume : /home/runner/work/ozone/ozone/hadoop-ozone/integration-test/target/test-dir/MiniOzoneClusterImpl-e63a8ec6-da9e-4c95-a9d5-015e34518cdf/datanode-4/data/ratis to VolumeSet
2023-08-25 11:37:44,821 [Thread-2020] INFO  ozoneimpl.ContainerReader (ContainerReader.java:readVolume(177)) - Finish verifying containers on volume /home/runner/work/ozone/ozone/hadoop-ozone/integration-test/target/test-dir/MiniOzoneClusterImpl-e63a8ec6-da9e-4c95-a9d5-015e34518cdf/datanode-4/data-0/containers/hdds
2023-08-25 11:37:44,821 [main] INFO  ozoneimpl.OzoneContainer (OzoneContainer.java:buildContainerSet(314)) - Build ContainerSet costs 0s
2023-08-25 11:37:44,823 [main] INFO  server.RaftServer (ConfUtils.java:logGet(46)) - raft.rpc.type = GRPC (default)
2023-08-25 11:37:44,823 [main] INFO  grpc.GrpcConfigKeys (ConfUtils.java:logFallback(53)) - raft.grpc.admin.host = null (fallback to raft.grpc.server.host)
2023-08-25 11:37:44,823 [main] INFO  grpc.GrpcConfigKeys (ConfUtils.java:logGet(46)) - raft.grpc.admin.port = 15208 (custom)
2023-08-25 11:37:44,823 [main] INFO  grpc.GrpcConfigKeys (ConfUtils.java:logFallback(53)) - raft.grpc.client.host = null (fallback to raft.grpc.server.host)
2023-08-25 11:37:44,823 [main] INFO  grpc.GrpcConfigKeys (ConfUtils.java:logGet(46)) - raft.grpc.client.port = 15207 (custom)
2023-08-25 11:37:44,824 [main] INFO  grpc.GrpcConfigKeys (ConfUtils.java:logGet(46)) - raft.grpc.server.host = null (default)
2023-08-25 11:37:44,824 [main] INFO  grpc.GrpcConfigKeys (ConfUtils.java:logGet(46)) - raft.grpc.server.port = 15209 (custom)
2023-08-25 11:37:44,824 [main] INFO  server.GrpcService (ConfUtils.java:logGet(46)) - raft.grpc.message.size.max = 32MB (=33554432) (custom)
2023-08-25 11:37:44,824 [main] INFO  server.RaftServerConfigKeys (ConfUtils.java:logGet(46)) - raft.server.log.appender.buffer.byte-limit = 33554432 (custom)
2023-08-25 11:37:44,824 [main] INFO  server.GrpcService (ConfUtils.java:logGet(46)) - raft.grpc.flow.control.window = 5MB (=5242880) (custom)
2023-08-25 11:37:44,824 [main] INFO  server.RaftServerConfigKeys (ConfUtils.java:logGet(46)) - raft.server.rpc.request.timeout = 60s (custom)
2023-08-25 11:37:44,824 [main] INFO  grpc.GrpcConfigKeys (ConfUtils.java:logGet(46)) - raft.grpc.server.heartbeat.channel = true (default)
2023-08-25 11:37:44,824 [main] INFO  grpc.GrpcConfigKeys (ConfUtils.java:logGet(46)) - raft.grpc.server.async.request.thread.pool.cached = true (default)
2023-08-25 11:37:44,825 [main] INFO  grpc.GrpcConfigKeys (ConfUtils.java:logGet(46)) - raft.grpc.server.async.request.thread.pool.size = 32 (default)
2023-08-25 11:37:44,832 [main] INFO  impl.DataStreamServerImpl (ConfUtils.java:logGet(46)) - raft.datastream.type = NETTY (custom)
2023-08-25 11:37:44,832 [main] INFO  server.RaftServerConfigKeys (ConfUtils.java:logGet(46)) - raft.server.data-stream.async.request.thread.pool.cached = false (default)
2023-08-25 11:37:44,833 [main] INFO  server.RaftServerConfigKeys (ConfUtils.java:logGet(46)) - raft.server.data-stream.async.request.thread.pool.size = 20 (custom)
2023-08-25 11:37:44,833 [main] INFO  server.RaftServerConfigKeys (ConfUtils.java:logGet(46)) - raft.server.data-stream.async.write.thread.pool.size = 16 (default)
2023-08-25 11:37:44,833 [main] INFO  server.RaftServerConfigKeys (ConfUtils.java:logGet(46)) - raft.server.data-stream.client.pool.size = 10 (default)
2023-08-25 11:37:44,833 [main] INFO  netty.NettyConfigKeys$DataStream (ConfUtils.java:logGet(46)) - raft.netty.dataStream.server.use-epoll = false (default)
2023-08-25 11:37:44,833 [main] INFO  netty.NettyConfigKeys$DataStream (ConfUtils.java:logGet(46)) - raft.netty.dataStream.server.boss-group.size = 0 (default)
2023-08-25 11:37:44,834 [main] INFO  netty.NettyConfigKeys$DataStream (ConfUtils.java:logGet(46)) - raft.netty.dataStream.server.worker-group.size = 0 (default)
2023-08-25 11:37:44,834 [main] INFO  netty.NettyConfigKeys$DataStream (ConfUtils.java:logGet(46)) - raft.netty.dataStream.server.tls.conf = null (default)
2023-08-25 11:37:44,835 [main] INFO  netty.NettyConfigKeys$DataStream (ConfUtils.java:logGet(46)) - raft.netty.dataStream.host = null (default)
2023-08-25 11:37:44,835 [main] INFO  netty.NettyConfigKeys$DataStream (ConfUtils.java:logGet(46)) - raft.netty.dataStream.port = 15210 (custom)
2023-08-25 11:37:44,835 [main] INFO  server.RaftServerConfigKeys (ConfUtils.java:logGet(46)) - raft.server.threadpool.proxy.cached = true (default)
2023-08-25 11:37:44,835 [main] INFO  server.RaftServerConfigKeys (ConfUtils.java:logGet(46)) - raft.server.threadpool.proxy.size = 0 (default)
2023-08-25 11:37:44,835 [main] INFO  server.RaftServerConfigKeys (ConfUtils.java:logGet(46)) - raft.server.rpc.slowness.timeout = 300s (custom)
2023-08-25 11:37:44,836 [main] INFO  server.RaftServerConfigKeys (ConfUtils.java:logGet(46)) - raft.server.leaderelection.leader.step-down.wait-time = 10s (default)
2023-08-25 11:37:44,836 [main] INFO  server.RaftServerConfigKeys (ConfUtils.java:logGet(46)) - raft.server.storage.dir = [/home/runner/work/ozone/ozone/hadoop-ozone/integration-test/target/test-dir/MiniOzoneClusterImpl-e63a8ec6-da9e-4c95-a9d5-015e34518cdf/datanode-4/data/ratis] (custom)
2023-08-25 11:37:44,839 [502f6022-a881-4b45-8d31-6accf0fa9572-impl-thread1] INFO  server.RaftServer (RaftServerProxy.java:initGroupDir(258)) - 502f6022-a881-4b45-8d31-6accf0fa9572: found a subdirectory /home/runner/work/ozone/ozone/hadoop-ozone/integration-test/target/test-dir/MiniOzoneClusterImpl-e63a8ec6-da9e-4c95-a9d5-015e34518cdf/datanode-4/data/ratis/tmp
2023-08-25 11:37:44,839 [502f6022-a881-4b45-8d31-6accf0fa9572-impl-thread1] INFO  server.RaftServer (RaftServerProxy.java:initGroupDir(263)) - 502f6022-a881-4b45-8d31-6accf0fa9572: The directory /home/runner/work/ozone/ozone/hadoop-ozone/integration-test/target/test-dir/MiniOzoneClusterImpl-e63a8ec6-da9e-4c95-a9d5-015e34518cdf/datanode-4/data/ratis/tmp is not a group directory; ignoring it. 
2023-08-25 11:37:44,839 [main] INFO  replication.ReplicationServer (ReplicationServer.java:<init>(81)) - Initializing replication server with thread count = 10
2023-08-25 11:37:44,840 [main] INFO  server.XceiverServerGrpc (XceiverServerGrpc.java:<init>(132)) - GrpcServer channel type EpollServerSocketChannel
2023-08-25 11:37:44,841 [502f6022-a881-4b45-8d31-6accf0fa9572-NettyServerStreamRpc-bossGroup--thread1] INFO  logging.LoggingHandler (AbstractInternalLogger.java:log(148)) - [id: 0x6ec1d7bf] REGISTERED
2023-08-25 11:37:44,841 [502f6022-a881-4b45-8d31-6accf0fa9572-NettyServerStreamRpc-bossGroup--thread1] INFO  logging.LoggingHandler (AbstractInternalLogger.java:log(148)) - [id: 0x6ec1d7bf] BIND: 0.0.0.0/0.0.0.0:15210
2023-08-25 11:37:44,842 [main] INFO  replication.ReplicationSupervisor (ReplicationSupervisor.java:build(155)) - Initializing replication supervisor with thread count = 10
2023-08-25 11:37:44,844 [main] INFO  replication.ReplicationSupervisor (ReplicationSupervisor.java:nodeStateUpdated(307)) - Node state updated to IN_SERVICE, scaling executor pool size to 10
2023-08-25 11:37:44,844 [502f6022-a881-4b45-8d31-6accf0fa9572-NettyServerStreamRpc-bossGroup--thread1] INFO  logging.LoggingHandler (AbstractInternalLogger.java:log(148)) - [id: 0x6ec1d7bf, L:/0:0:0:0:0:0:0:0:15210] ACTIVE
2023-08-25 11:37:44,847 [main] INFO  http.BaseHttpServer (BaseHttpServer.java:newHttpServer2BuilderForOzone(224)) - Starting Web-server for hddsDatanode at: http://0.0.0.0:15204
2023-08-25 11:37:44,847 [main] INFO  http.BaseHttpServer (BaseHttpServer.java:<init>(111)) - Hadoop Security Enabled: false Ozone Security Enabled: false Ozone HTTP Security Enabled: false 
2023-08-25 11:37:44,849 [main] WARN  server.AuthenticationFilter (AuthenticationFilter.java:constructSecretProvider(240)) - Unable to initialize FileSignerSecretProvider, falling back to use random secrets. Reason: Could not read signature secret file: /home/runner/hadoop-http-auth-signature-secret
2023-08-25 11:37:44,850 [main] INFO  http.HttpRequestLog (HttpRequestLog.java:getRequestLog(86)) - Http request log for http.requests.hddsDatanode is not defined
2023-08-25 11:37:44,851 [main] INFO  http.HttpServer2 (HttpServer2.java:addGlobalFilter(1031)) - Added global filter 'safety' (class=org.apache.hadoop.hdds.server.http.HttpServer2$QuotingInputFilter)
2023-08-25 11:37:44,851 [main] INFO  http.HttpServer2 (HttpServer2.java:addFilter(1007)) - Added filter static_user_filter (class=org.apache.hadoop.http.lib.StaticUserWebFilter$StaticUserFilter) to context hddsDatanode
2023-08-25 11:37:44,851 [main] INFO  http.HttpServer2 (HttpServer2.java:addFilter(1015)) - Added filter static_user_filter (class=org.apache.hadoop.http.lib.StaticUserWebFilter$StaticUserFilter) to context static
2023-08-25 11:37:44,852 [main] INFO  http.HttpServer2 (HttpServer2.java:addFilter(1015)) - Added filter static_user_filter (class=org.apache.hadoop.http.lib.StaticUserWebFilter$StaticUserFilter) to context logs
2023-08-25 11:37:44,852 [main] INFO  http.BaseHttpServer (BaseHttpServer.java:<init>(190)) - HTTP server of hddsDatanode uses base directory /home/runner/work/ozone/ozone/hadoop-ozone/integration-test/target/test-dir/MiniOzoneClusterImpl-e63a8ec6-da9e-4c95-a9d5-015e34518cdf/datanode-4/meta/webserver
2023-08-25 11:37:44,852 [main] INFO  http.HttpServer2 (HttpServer2.java:bindListener(1250)) - Jetty bound to port 15204
2023-08-25 11:37:44,853 [main] INFO  server.Server (Server.java:doStart(375)) - jetty-9.4.51.v20230217; built: 2023-02-17T08:19:37.309Z; git: b45c405e4544384de066f814ed42ae3dceacdd49; jvm 1.8.0_382-b05
2023-08-25 11:37:44,854 [main] INFO  server.session (DefaultSessionIdManager.java:doStart(334)) - DefaultSessionIdManager workerName=node0
2023-08-25 11:37:44,855 [main] INFO  server.session (DefaultSessionIdManager.java:doStart(339)) - No SessionScavenger set, using defaults
2023-08-25 11:37:44,855 [main] INFO  server.session (HouseKeeper.java:startScavenging(132)) - node0 Scavenging every 600000ms
2023-08-25 11:37:44,856 [main] INFO  handler.ContextHandler (ContextHandler.java:doStart(921)) - Started o.e.j.s.ServletContextHandler@7ae12dcf{logs,/logs,file:///home/runner/work/ozone/ozone/hadoop-ozone/integration-test/target/log,AVAILABLE}
2023-08-25 11:37:44,856 [main] INFO  handler.ContextHandler (ContextHandler.java:doStart(921)) - Started o.e.j.s.ServletContextHandler@11ec61b1{static,/static,jar:file:/home/runner/.m2/repository/org/apache/ozone/hdds-container-service/1.4.0-SNAPSHOT/hdds-container-service-1.4.0-SNAPSHOT.jar!/webapps/static,AVAILABLE}
2023-08-25 11:37:45,138 [main] INFO  handler.ContextHandler (ContextHandler.java:doStart(921)) - Started o.e.j.w.WebAppContext@6ace6e05{hddsDatanode,/,file:///home/runner/work/ozone/ozone/hadoop-ozone/integration-test/target/test-dir/MiniOzoneClusterImpl-e63a8ec6-da9e-4c95-a9d5-015e34518cdf/datanode-4/meta/webserver/jetty-0_0_0_0-15204-hdds-container-service-1_4_0-SNAPSHOT_jar-_-any-3443875108026911098/webapp/,AVAILABLE}{jar:file:/home/runner/.m2/repository/org/apache/ozone/hdds-container-service/1.4.0-SNAPSHOT/hdds-container-service-1.4.0-SNAPSHOT.jar!/webapps/hddsDatanode}
2023-08-25 11:37:45,140 [main] INFO  server.AbstractConnector (AbstractConnector.java:doStart(333)) - Started ServerConnector@19a40e15{HTTP/1.1, (http/1.1)}{0.0.0.0:15204}
2023-08-25 11:37:45,141 [main] INFO  server.Server (Server.java:doStart(415)) - Started @315469ms
2023-08-25 11:37:45,141 [main] WARN  impl.MetricsSystemImpl (MetricsSystemImpl.java:register(279)) - Sink prometheus already exists!
2023-08-25 11:37:45,142 [main] INFO  http.BaseHttpServer (BaseHttpServer.java:updateConnectorAddress(344)) - HTTP server of hddsDatanode listening at http://0.0.0.0:15204
2023-08-25 11:37:45,142 [main] INFO  ipc.CallQueueManager (CallQueueManager.java:<init>(90)) - Using callQueue: class java.util.concurrent.LinkedBlockingQueue, queueCapacity: 100, scheduler: class org.apache.hadoop.ipc.DefaultRpcScheduler, ipcBackoff: false.
2023-08-25 11:37:45,143 [main] INFO  ipc.Server (Server.java:<init>(1287)) - Listener at 0.0.0.0:15205
2023-08-25 11:37:45,143 [Socket Reader #1 for port 15205] INFO  ipc.Server (Server.java:run(1323)) - Starting Socket Reader #1 for port 15205
2023-08-25 11:37:45,153 [main] INFO  ozone.HddsDatanodeService (HddsDatanodeService.java:start(315)) - Datanode start with admins: [runner]
2023-08-25 11:37:45,153 [main] INFO  ozone.HddsDatanodeClientProtocolServer (HddsDatanodeClientProtocolServer.java:start(72)) - RPC server for Client /0.0.0.0:15205
2023-08-25 11:37:45,153 [IPC Server Responder] INFO  ipc.Server (Server.java:run(1562)) - IPC Server Responder: starting
2023-08-25 11:37:45,154 [Datanode State Machine Daemon Thread] INFO  statemachine.DatanodeStateMachine (DatanodeStateMachine.java:lambda$startDaemon$0(538)) - Ozone container server started.
2023-08-25 11:37:45,154 [main] INFO  ozone.MiniOzoneClusterImpl (MiniOzoneClusterImpl.java:lambda$waitForClusterToBeReady$0(224)) - Waiting for nodes to be ready. Got 0 of 5 DN Heartbeats.
2023-08-25 11:37:45,154 [main] INFO  ozone.MiniOzoneClusterImpl (MiniOzoneClusterImpl.java:lambda$waitForClusterToBeReady$0(227)) - Waiting for cluster to exit safe mode
2023-08-25 11:37:45,154 [main] INFO  ozone.MiniOzoneClusterImpl (MiniOzoneClusterImpl.java:lambda$waitForClusterToBeReady$0(229)) - SCM became leader
2023-08-25 11:37:45,154 [IPC Server listener on 15205] INFO  ipc.Server (Server.java:run(1402)) - IPC Server listener on 15205: starting
2023-08-25 11:37:45,164 [Datanode State Machine Task Thread - 0] INFO  datanode.InitDatanodeState (InitDatanodeState.java:persistContainerDatanodeDetails(138)) - DatanodeDetails is persisted to /home/runner/work/ozone/ozone/hadoop-ozone/integration-test/target/test-dir/MiniOzoneClusterImpl-e63a8ec6-da9e-4c95-a9d5-015e34518cdf/datanode-4/meta/datanode.id
2023-08-25 11:37:45,607 [EndpointStateMachine task thread for /0.0.0.0:15161 - 0 ] INFO  utils.DatanodeStoreCache (DatanodeStoreCache.java:addDB(66)) - Added db /home/runner/work/ozone/ozone/hadoop-ozone/integration-test/target/test-dir/MiniOzoneClusterImpl-e63a8ec6-da9e-4c95-a9d5-015e34518cdf/datanode-0/data-0/containers/hdds/e63a8ec6-da9e-4c95-a9d5-015e34518cdf/DS-2b03e6b7-5ce8-44b2-a4b7-617dad2fd86e/container.db to cache
2023-08-25 11:37:45,607 [EndpointStateMachine task thread for /0.0.0.0:15161 - 0 ] INFO  volume.HddsVolume (HddsVolume.java:createDbStore(422)) - SchemaV3 db is created and loaded at /home/runner/work/ozone/ozone/hadoop-ozone/integration-test/target/test-dir/MiniOzoneClusterImpl-e63a8ec6-da9e-4c95-a9d5-015e34518cdf/datanode-0/data-0/containers/hdds/e63a8ec6-da9e-4c95-a9d5-015e34518cdf/DS-2b03e6b7-5ce8-44b2-a4b7-617dad2fd86e/container.db for volume DS-2b03e6b7-5ce8-44b2-a4b7-617dad2fd86e
2023-08-25 11:37:45,608 [EndpointStateMachine task thread for /0.0.0.0:15161 - 0 ] INFO  volume.ThrottledAsyncChecker (ThrottledAsyncChecker.java:schedule(141)) - Scheduling a check for /home/runner/work/ozone/ozone/hadoop-ozone/integration-test/target/test-dir/MiniOzoneClusterImpl-e63a8ec6-da9e-4c95-a9d5-015e34518cdf/datanode-0/data-0/containers/hdds
2023-08-25 11:37:45,609 [EndpointStateMachine task thread for /0.0.0.0:15161 - 0 ] INFO  volume.StorageVolumeChecker (StorageVolumeChecker.java:checkAllVolumes(213)) - Scheduled health check for volume /home/runner/work/ozone/ozone/hadoop-ozone/integration-test/target/test-dir/MiniOzoneClusterImpl-e63a8ec6-da9e-4c95-a9d5-015e34518cdf/datanode-0/data-0/containers/hdds
2023-08-25 11:37:45,612 [EndpointStateMachine task thread for /0.0.0.0:15161 - 0 ] INFO  volume.ThrottledAsyncChecker (ThrottledAsyncChecker.java:schedule(141)) - Scheduling a check for /home/runner/work/ozone/ozone/hadoop-ozone/integration-test/target/test-dir/MiniOzoneClusterImpl-e63a8ec6-da9e-4c95-a9d5-015e34518cdf/datanode-0/data/ratis
2023-08-25 11:37:45,612 [EndpointStateMachine task thread for /0.0.0.0:15161 - 0 ] INFO  volume.StorageVolumeChecker (StorageVolumeChecker.java:checkAllVolumes(213)) - Scheduled health check for volume /home/runner/work/ozone/ozone/hadoop-ozone/integration-test/target/test-dir/MiniOzoneClusterImpl-e63a8ec6-da9e-4c95-a9d5-015e34518cdf/datanode-0/data/ratis
2023-08-25 11:37:45,614 [EndpointStateMachine task thread for /0.0.0.0:15161 - 0 ] INFO  ozoneimpl.OzoneContainer (OzoneContainer.java:start(429)) - Attempting to start container services.
2023-08-25 11:37:45,617 [EndpointStateMachine task thread for /0.0.0.0:15161 - 0 ] INFO  ozoneimpl.OzoneContainer (OzoneContainer.java:startContainerScrub(325)) - Scheduled background container scanners and the on-demand container scanner have been disabled.
2023-08-25 11:37:45,619 [EndpointStateMachine task thread for /0.0.0.0:15161 - 0 ] INFO  replication.ReplicationServer (ReplicationServer.java:start(130)) - ReplicationServer is started using port 15175
2023-08-25 11:37:45,619 [EndpointStateMachine task thread for /0.0.0.0:15161 - 0 ] INFO  ratis.XceiverServerRatis (XceiverServerRatis.java:start(517)) - Starting XceiverServerRatis 40eb42f8-08cb-4edc-9c90-450b1ff1d9e5
2023-08-25 11:37:45,620 [EndpointStateMachine task thread for /0.0.0.0:15161 - 0 ] INFO  server.RaftServer (RaftServerProxy.java:startImpl(400)) - 40eb42f8-08cb-4edc-9c90-450b1ff1d9e5: start RPC server
2023-08-25 11:37:45,622 [EndpointStateMachine task thread for /0.0.0.0:15161 - 0 ] INFO  server.GrpcService (GrpcService.java:startImpl(302)) - 40eb42f8-08cb-4edc-9c90-450b1ff1d9e5: GrpcService started, listening on 15171
2023-08-25 11:37:45,623 [EndpointStateMachine task thread for /0.0.0.0:15161 - 0 ] INFO  server.GrpcService (GrpcService.java:startImpl(302)) - 40eb42f8-08cb-4edc-9c90-450b1ff1d9e5: GrpcService started, listening on 15173
2023-08-25 11:37:45,626 [EndpointStateMachine task thread for /0.0.0.0:15161 - 0 ] INFO  server.GrpcService (GrpcService.java:startImpl(302)) - 40eb42f8-08cb-4edc-9c90-450b1ff1d9e5: GrpcService started, listening on 15172
2023-08-25 11:37:45,628 [EndpointStateMachine task thread for /0.0.0.0:15161 - 0 ] INFO  ratis.XceiverServerRatis (XceiverServerRatis.java:getRealPort(543)) - XceiverServerRatis 40eb42f8-08cb-4edc-9c90-450b1ff1d9e5 is started using port 15171 for RATIS
2023-08-25 11:37:45,628 [JvmPauseMonitor23] INFO  util.JvmPauseMonitor (JvmPauseMonitor.java:run(103)) - JvmPauseMonitor-40eb42f8-08cb-4edc-9c90-450b1ff1d9e5: Started
2023-08-25 11:37:45,628 [EndpointStateMachine task thread for /0.0.0.0:15161 - 0 ] INFO  ratis.XceiverServerRatis (XceiverServerRatis.java:getRealPort(543)) - XceiverServerRatis 40eb42f8-08cb-4edc-9c90-450b1ff1d9e5 is started using port 15172 for RATIS_ADMIN
2023-08-25 11:37:45,628 [EndpointStateMachine task thread for /0.0.0.0:15161 - 0 ] INFO  ratis.XceiverServerRatis (XceiverServerRatis.java:getRealPort(543)) - XceiverServerRatis 40eb42f8-08cb-4edc-9c90-450b1ff1d9e5 is started using port 15173 for RATIS_SERVER
2023-08-25 11:37:45,628 [EndpointStateMachine task thread for /0.0.0.0:15161 - 0 ] INFO  ratis.XceiverServerRatis (XceiverServerRatis.java:getRealPort(543)) - XceiverServerRatis 40eb42f8-08cb-4edc-9c90-450b1ff1d9e5 is started using port 15174 for RATIS_DATASTREAM
2023-08-25 11:37:45,631 [BlockDeletingService#0] INFO  interfaces.ContainerDeletionChoosingPolicyTemplate (ContainerDeletionChoosingPolicyTemplate.java:chooseContainerForBlockDeletion(85)) - Chosen 0/5000 blocks from 0 candidate containers.
2023-08-25 11:37:46,064 [EndpointStateMachine task thread for /0.0.0.0:15161 - 0 ] INFO  utils.DatanodeStoreCache (DatanodeStoreCache.java:addDB(66)) - Added db /home/runner/work/ozone/ozone/hadoop-ozone/integration-test/target/test-dir/MiniOzoneClusterImpl-e63a8ec6-da9e-4c95-a9d5-015e34518cdf/datanode-1/data-0/containers/hdds/e63a8ec6-da9e-4c95-a9d5-015e34518cdf/DS-993950c5-eb4c-48e1-b9c9-763d8958e051/container.db to cache
2023-08-25 11:37:46,064 [EndpointStateMachine task thread for /0.0.0.0:15161 - 0 ] INFO  volume.HddsVolume (HddsVolume.java:createDbStore(422)) - SchemaV3 db is created and loaded at /home/runner/work/ozone/ozone/hadoop-ozone/integration-test/target/test-dir/MiniOzoneClusterImpl-e63a8ec6-da9e-4c95-a9d5-015e34518cdf/datanode-1/data-0/containers/hdds/e63a8ec6-da9e-4c95-a9d5-015e34518cdf/DS-993950c5-eb4c-48e1-b9c9-763d8958e051/container.db for volume DS-993950c5-eb4c-48e1-b9c9-763d8958e051
2023-08-25 11:37:46,077 [EndpointStateMachine task thread for /0.0.0.0:15161 - 0 ] INFO  volume.ThrottledAsyncChecker (ThrottledAsyncChecker.java:schedule(141)) - Scheduling a check for /home/runner/work/ozone/ozone/hadoop-ozone/integration-test/target/test-dir/MiniOzoneClusterImpl-e63a8ec6-da9e-4c95-a9d5-015e34518cdf/datanode-1/data-0/containers/hdds
2023-08-25 11:37:46,086 [EndpointStateMachine task thread for /0.0.0.0:15161 - 0 ] INFO  volume.StorageVolumeChecker (StorageVolumeChecker.java:checkAllVolumes(213)) - Scheduled health check for volume /home/runner/work/ozone/ozone/hadoop-ozone/integration-test/target/test-dir/MiniOzoneClusterImpl-e63a8ec6-da9e-4c95-a9d5-015e34518cdf/datanode-1/data-0/containers/hdds
2023-08-25 11:37:46,095 [EndpointStateMachine task thread for /0.0.0.0:15161 - 0 ] INFO  volume.ThrottledAsyncChecker (ThrottledAsyncChecker.java:schedule(141)) - Scheduling a check for /home/runner/work/ozone/ozone/hadoop-ozone/integration-test/target/test-dir/MiniOzoneClusterImpl-e63a8ec6-da9e-4c95-a9d5-015e34518cdf/datanode-1/data/ratis
2023-08-25 11:37:46,095 [EndpointStateMachine task thread for /0.0.0.0:15161 - 0 ] INFO  volume.StorageVolumeChecker (StorageVolumeChecker.java:checkAllVolumes(213)) - Scheduled health check for volume /home/runner/work/ozone/ozone/hadoop-ozone/integration-test/target/test-dir/MiniOzoneClusterImpl-e63a8ec6-da9e-4c95-a9d5-015e34518cdf/datanode-1/data/ratis
2023-08-25 11:37:46,097 [EndpointStateMachine task thread for /0.0.0.0:15161 - 0 ] INFO  ozoneimpl.OzoneContainer (OzoneContainer.java:start(429)) - Attempting to start container services.
2023-08-25 11:37:46,097 [EndpointStateMachine task thread for /0.0.0.0:15161 - 0 ] INFO  ozoneimpl.OzoneContainer (OzoneContainer.java:startContainerScrub(325)) - Scheduled background container scanners and the on-demand container scanner have been disabled.
2023-08-25 11:37:46,099 [EndpointStateMachine task thread for /0.0.0.0:15161 - 0 ] INFO  replication.ReplicationServer (ReplicationServer.java:start(130)) - ReplicationServer is started using port 15184
2023-08-25 11:37:46,099 [EndpointStateMachine task thread for /0.0.0.0:15161 - 0 ] INFO  ratis.XceiverServerRatis (XceiverServerRatis.java:start(517)) - Starting XceiverServerRatis c88c3db0-6d18-4a8e-bc96-216262cb4b87
2023-08-25 11:37:46,100 [EndpointStateMachine task thread for /0.0.0.0:15161 - 0 ] INFO  server.RaftServer (RaftServerProxy.java:startImpl(400)) - c88c3db0-6d18-4a8e-bc96-216262cb4b87: start RPC server
2023-08-25 11:37:46,102 [EndpointStateMachine task thread for /0.0.0.0:15161 - 0 ] INFO  server.GrpcService (GrpcService.java:startImpl(302)) - c88c3db0-6d18-4a8e-bc96-216262cb4b87: GrpcService started, listening on 15180
2023-08-25 11:37:46,109 [EndpointStateMachine task thread for /0.0.0.0:15161 - 0 ] INFO  server.GrpcService (GrpcService.java:startImpl(302)) - c88c3db0-6d18-4a8e-bc96-216262cb4b87: GrpcService started, listening on 15182
2023-08-25 11:37:46,110 [EndpointStateMachine task thread for /0.0.0.0:15161 - 0 ] INFO  server.GrpcService (GrpcService.java:startImpl(302)) - c88c3db0-6d18-4a8e-bc96-216262cb4b87: GrpcService started, listening on 15181
2023-08-25 11:37:46,110 [EndpointStateMachine task thread for /0.0.0.0:15161 - 0 ] INFO  ratis.XceiverServerRatis (XceiverServerRatis.java:getRealPort(543)) - XceiverServerRatis c88c3db0-6d18-4a8e-bc96-216262cb4b87 is started using port 15180 for RATIS
2023-08-25 11:37:46,110 [EndpointStateMachine task thread for /0.0.0.0:15161 - 0 ] INFO  ratis.XceiverServerRatis (XceiverServerRatis.java:getRealPort(543)) - XceiverServerRatis c88c3db0-6d18-4a8e-bc96-216262cb4b87 is started using port 15181 for RATIS_ADMIN
2023-08-25 11:37:46,110 [EndpointStateMachine task thread for /0.0.0.0:15161 - 0 ] INFO  ratis.XceiverServerRatis (XceiverServerRatis.java:getRealPort(543)) - XceiverServerRatis c88c3db0-6d18-4a8e-bc96-216262cb4b87 is started using port 15182 for RATIS_SERVER
2023-08-25 11:37:46,110 [JvmPauseMonitor24] INFO  util.JvmPauseMonitor (JvmPauseMonitor.java:run(103)) - JvmPauseMonitor-c88c3db0-6d18-4a8e-bc96-216262cb4b87: Started
2023-08-25 11:37:46,110 [EndpointStateMachine task thread for /0.0.0.0:15161 - 0 ] INFO  ratis.XceiverServerRatis (XceiverServerRatis.java:getRealPort(543)) - XceiverServerRatis c88c3db0-6d18-4a8e-bc96-216262cb4b87 is started using port 15183 for RATIS_DATASTREAM
2023-08-25 11:37:46,117 [BlockDeletingService#0] INFO  interfaces.ContainerDeletionChoosingPolicyTemplate (ContainerDeletionChoosingPolicyTemplate.java:chooseContainerForBlockDeletion(85)) - Chosen 0/5000 blocks from 0 candidate containers.
2023-08-25 11:37:46,154 [main] INFO  ozone.MiniOzoneClusterImpl (MiniOzoneClusterImpl.java:lambda$waitForClusterToBeReady$0(224)) - Waiting for nodes to be ready. Got 0 of 5 DN Heartbeats.
2023-08-25 11:37:46,154 [main] INFO  ozone.MiniOzoneClusterImpl (MiniOzoneClusterImpl.java:lambda$waitForClusterToBeReady$0(227)) - Waiting for cluster to exit safe mode
2023-08-25 11:37:46,154 [main] INFO  ozone.MiniOzoneClusterImpl (MiniOzoneClusterImpl.java:lambda$waitForClusterToBeReady$0(229)) - SCM became leader
2023-08-25 11:37:46,452 [EndpointStateMachine task thread for /0.0.0.0:15161 - 0 ] INFO  utils.DatanodeStoreCache (DatanodeStoreCache.java:addDB(66)) - Added db /home/runner/work/ozone/ozone/hadoop-ozone/integration-test/target/test-dir/MiniOzoneClusterImpl-e63a8ec6-da9e-4c95-a9d5-015e34518cdf/datanode-2/data-0/containers/hdds/e63a8ec6-da9e-4c95-a9d5-015e34518cdf/DS-8f347489-77f1-4697-bca8-b0b4c7e97610/container.db to cache
2023-08-25 11:37:46,452 [EndpointStateMachine task thread for /0.0.0.0:15161 - 0 ] INFO  volume.HddsVolume (HddsVolume.java:createDbStore(422)) - SchemaV3 db is created and loaded at /home/runner/work/ozone/ozone/hadoop-ozone/integration-test/target/test-dir/MiniOzoneClusterImpl-e63a8ec6-da9e-4c95-a9d5-015e34518cdf/datanode-2/data-0/containers/hdds/e63a8ec6-da9e-4c95-a9d5-015e34518cdf/DS-8f347489-77f1-4697-bca8-b0b4c7e97610/container.db for volume DS-8f347489-77f1-4697-bca8-b0b4c7e97610
2023-08-25 11:37:46,453 [EndpointStateMachine task thread for /0.0.0.0:15161 - 0 ] INFO  volume.ThrottledAsyncChecker (ThrottledAsyncChecker.java:schedule(141)) - Scheduling a check for /home/runner/work/ozone/ozone/hadoop-ozone/integration-test/target/test-dir/MiniOzoneClusterImpl-e63a8ec6-da9e-4c95-a9d5-015e34518cdf/datanode-2/data-0/containers/hdds
2023-08-25 11:37:46,457 [EndpointStateMachine task thread for /0.0.0.0:15161 - 0 ] INFO  volume.StorageVolumeChecker (StorageVolumeChecker.java:checkAllVolumes(213)) - Scheduled health check for volume /home/runner/work/ozone/ozone/hadoop-ozone/integration-test/target/test-dir/MiniOzoneClusterImpl-e63a8ec6-da9e-4c95-a9d5-015e34518cdf/datanode-2/data-0/containers/hdds
2023-08-25 11:37:46,462 [EndpointStateMachine task thread for /0.0.0.0:15161 - 0 ] INFO  volume.ThrottledAsyncChecker (ThrottledAsyncChecker.java:schedule(141)) - Scheduling a check for /home/runner/work/ozone/ozone/hadoop-ozone/integration-test/target/test-dir/MiniOzoneClusterImpl-e63a8ec6-da9e-4c95-a9d5-015e34518cdf/datanode-2/data/ratis
2023-08-25 11:37:46,462 [EndpointStateMachine task thread for /0.0.0.0:15161 - 0 ] INFO  volume.StorageVolumeChecker (StorageVolumeChecker.java:checkAllVolumes(213)) - Scheduled health check for volume /home/runner/work/ozone/ozone/hadoop-ozone/integration-test/target/test-dir/MiniOzoneClusterImpl-e63a8ec6-da9e-4c95-a9d5-015e34518cdf/datanode-2/data/ratis
2023-08-25 11:37:46,464 [EndpointStateMachine task thread for /0.0.0.0:15161 - 0 ] INFO  ozoneimpl.OzoneContainer (OzoneContainer.java:start(429)) - Attempting to start container services.
2023-08-25 11:37:46,465 [EndpointStateMachine task thread for /0.0.0.0:15161 - 0 ] INFO  ozoneimpl.OzoneContainer (OzoneContainer.java:startContainerScrub(325)) - Scheduled background container scanners and the on-demand container scanner have been disabled.
2023-08-25 11:37:46,466 [EndpointStateMachine task thread for /0.0.0.0:15161 - 0 ] INFO  replication.ReplicationServer (ReplicationServer.java:start(130)) - ReplicationServer is started using port 15193
2023-08-25 11:37:46,466 [EndpointStateMachine task thread for /0.0.0.0:15161 - 0 ] INFO  ratis.XceiverServerRatis (XceiverServerRatis.java:start(517)) - Starting XceiverServerRatis f8b5371a-a27d-49bd-9775-6107617962eb
2023-08-25 11:37:46,467 [EndpointStateMachine task thread for /0.0.0.0:15161 - 0 ] INFO  server.RaftServer (RaftServerProxy.java:startImpl(400)) - f8b5371a-a27d-49bd-9775-6107617962eb: start RPC server
2023-08-25 11:37:46,468 [EndpointStateMachine task thread for /0.0.0.0:15161 - 0 ] INFO  server.GrpcService (GrpcService.java:startImpl(302)) - f8b5371a-a27d-49bd-9775-6107617962eb: GrpcService started, listening on 15189
2023-08-25 11:37:46,469 [EndpointStateMachine task thread for /0.0.0.0:15161 - 0 ] INFO  server.GrpcService (GrpcService.java:startImpl(302)) - f8b5371a-a27d-49bd-9775-6107617962eb: GrpcService started, listening on 15191
2023-08-25 11:37:46,470 [EndpointStateMachine task thread for /0.0.0.0:15161 - 0 ] INFO  server.GrpcService (GrpcService.java:startImpl(302)) - f8b5371a-a27d-49bd-9775-6107617962eb: GrpcService started, listening on 15190
2023-08-25 11:37:46,470 [EndpointStateMachine task thread for /0.0.0.0:15161 - 0 ] INFO  ratis.XceiverServerRatis (XceiverServerRatis.java:getRealPort(543)) - XceiverServerRatis f8b5371a-a27d-49bd-9775-6107617962eb is started using port 15189 for RATIS
2023-08-25 11:37:46,470 [EndpointStateMachine task thread for /0.0.0.0:15161 - 0 ] INFO  ratis.XceiverServerRatis (XceiverServerRatis.java:getRealPort(543)) - XceiverServerRatis f8b5371a-a27d-49bd-9775-6107617962eb is started using port 15190 for RATIS_ADMIN
2023-08-25 11:37:46,470 [EndpointStateMachine task thread for /0.0.0.0:15161 - 0 ] INFO  ratis.XceiverServerRatis (XceiverServerRatis.java:getRealPort(543)) - XceiverServerRatis f8b5371a-a27d-49bd-9775-6107617962eb is started using port 15191 for RATIS_SERVER
2023-08-25 11:37:46,470 [JvmPauseMonitor25] INFO  util.JvmPauseMonitor (JvmPauseMonitor.java:run(103)) - JvmPauseMonitor-f8b5371a-a27d-49bd-9775-6107617962eb: Started
2023-08-25 11:37:46,470 [EndpointStateMachine task thread for /0.0.0.0:15161 - 0 ] INFO  ratis.XceiverServerRatis (XceiverServerRatis.java:getRealPort(543)) - XceiverServerRatis f8b5371a-a27d-49bd-9775-6107617962eb is started using port 15192 for RATIS_DATASTREAM
2023-08-25 11:37:46,475 [BlockDeletingService#0] INFO  interfaces.ContainerDeletionChoosingPolicyTemplate (ContainerDeletionChoosingPolicyTemplate.java:chooseContainerForBlockDeletion(85)) - Chosen 0/5000 blocks from 0 candidate containers.
2023-08-25 11:37:46,818 [EndpointStateMachine task thread for /0.0.0.0:15161 - 0 ] INFO  utils.DatanodeStoreCache (DatanodeStoreCache.java:addDB(66)) - Added db /home/runner/work/ozone/ozone/hadoop-ozone/integration-test/target/test-dir/MiniOzoneClusterImpl-e63a8ec6-da9e-4c95-a9d5-015e34518cdf/datanode-3/data-0/containers/hdds/e63a8ec6-da9e-4c95-a9d5-015e34518cdf/DS-77824a5c-6ea3-4a25-922c-a79619c6d392/container.db to cache
2023-08-25 11:37:46,818 [EndpointStateMachine task thread for /0.0.0.0:15161 - 0 ] INFO  volume.HddsVolume (HddsVolume.java:createDbStore(422)) - SchemaV3 db is created and loaded at /home/runner/work/ozone/ozone/hadoop-ozone/integration-test/target/test-dir/MiniOzoneClusterImpl-e63a8ec6-da9e-4c95-a9d5-015e34518cdf/datanode-3/data-0/containers/hdds/e63a8ec6-da9e-4c95-a9d5-015e34518cdf/DS-77824a5c-6ea3-4a25-922c-a79619c6d392/container.db for volume DS-77824a5c-6ea3-4a25-922c-a79619c6d392
2023-08-25 11:37:46,820 [EndpointStateMachine task thread for /0.0.0.0:15161 - 0 ] INFO  volume.ThrottledAsyncChecker (ThrottledAsyncChecker.java:schedule(141)) - Scheduling a check for /home/runner/work/ozone/ozone/hadoop-ozone/integration-test/target/test-dir/MiniOzoneClusterImpl-e63a8ec6-da9e-4c95-a9d5-015e34518cdf/datanode-3/data-0/containers/hdds
2023-08-25 11:37:46,820 [EndpointStateMachine task thread for /0.0.0.0:15161 - 0 ] INFO  volume.StorageVolumeChecker (StorageVolumeChecker.java:checkAllVolumes(213)) - Scheduled health check for volume /home/runner/work/ozone/ozone/hadoop-ozone/integration-test/target/test-dir/MiniOzoneClusterImpl-e63a8ec6-da9e-4c95-a9d5-015e34518cdf/datanode-3/data-0/containers/hdds
2023-08-25 11:37:46,825 [EndpointStateMachine task thread for /0.0.0.0:15161 - 0 ] INFO  volume.ThrottledAsyncChecker (ThrottledAsyncChecker.java:schedule(141)) - Scheduling a check for /home/runner/work/ozone/ozone/hadoop-ozone/integration-test/target/test-dir/MiniOzoneClusterImpl-e63a8ec6-da9e-4c95-a9d5-015e34518cdf/datanode-3/data/ratis
2023-08-25 11:37:46,825 [EndpointStateMachine task thread for /0.0.0.0:15161 - 0 ] INFO  volume.StorageVolumeChecker (StorageVolumeChecker.java:checkAllVolumes(213)) - Scheduled health check for volume /home/runner/work/ozone/ozone/hadoop-ozone/integration-test/target/test-dir/MiniOzoneClusterImpl-e63a8ec6-da9e-4c95-a9d5-015e34518cdf/datanode-3/data/ratis
2023-08-25 11:37:46,826 [EndpointStateMachine task thread for /0.0.0.0:15161 - 0 ] INFO  ozoneimpl.OzoneContainer (OzoneContainer.java:start(429)) - Attempting to start container services.
2023-08-25 11:37:46,827 [EndpointStateMachine task thread for /0.0.0.0:15161 - 0 ] INFO  ozoneimpl.OzoneContainer (OzoneContainer.java:startContainerScrub(325)) - Scheduled background container scanners and the on-demand container scanner have been disabled.
2023-08-25 11:37:46,828 [EndpointStateMachine task thread for /0.0.0.0:15161 - 0 ] INFO  replication.ReplicationServer (ReplicationServer.java:start(130)) - ReplicationServer is started using port 15202
2023-08-25 11:37:46,828 [EndpointStateMachine task thread for /0.0.0.0:15161 - 0 ] INFO  ratis.XceiverServerRatis (XceiverServerRatis.java:start(517)) - Starting XceiverServerRatis addc2b6a-cfc9-4bfb-8a1c-15b9de9495ff
2023-08-25 11:37:46,829 [EndpointStateMachine task thread for /0.0.0.0:15161 - 0 ] INFO  server.RaftServer (RaftServerProxy.java:startImpl(400)) - addc2b6a-cfc9-4bfb-8a1c-15b9de9495ff: start RPC server
2023-08-25 11:37:46,830 [EndpointStateMachine task thread for /0.0.0.0:15161 - 0 ] INFO  server.GrpcService (GrpcService.java:startImpl(302)) - addc2b6a-cfc9-4bfb-8a1c-15b9de9495ff: GrpcService started, listening on 15198
2023-08-25 11:37:46,831 [EndpointStateMachine task thread for /0.0.0.0:15161 - 0 ] INFO  server.GrpcService (GrpcService.java:startImpl(302)) - addc2b6a-cfc9-4bfb-8a1c-15b9de9495ff: GrpcService started, listening on 15200
2023-08-25 11:37:46,836 [EndpointStateMachine task thread for /0.0.0.0:15161 - 0 ] INFO  server.GrpcService (GrpcService.java:startImpl(302)) - addc2b6a-cfc9-4bfb-8a1c-15b9de9495ff: GrpcService started, listening on 15199
2023-08-25 11:37:46,836 [EndpointStateMachine task thread for /0.0.0.0:15161 - 0 ] INFO  ratis.XceiverServerRatis (XceiverServerRatis.java:getRealPort(543)) - XceiverServerRatis addc2b6a-cfc9-4bfb-8a1c-15b9de9495ff is started using port 15198 for RATIS
2023-08-25 11:37:46,836 [EndpointStateMachine task thread for /0.0.0.0:15161 - 0 ] INFO  ratis.XceiverServerRatis (XceiverServerRatis.java:getRealPort(543)) - XceiverServerRatis addc2b6a-cfc9-4bfb-8a1c-15b9de9495ff is started using port 15199 for RATIS_ADMIN
2023-08-25 11:37:46,836 [EndpointStateMachine task thread for /0.0.0.0:15161 - 0 ] INFO  ratis.XceiverServerRatis (XceiverServerRatis.java:getRealPort(543)) - XceiverServerRatis addc2b6a-cfc9-4bfb-8a1c-15b9de9495ff is started using port 15200 for RATIS_SERVER
2023-08-25 11:37:46,836 [EndpointStateMachine task thread for /0.0.0.0:15161 - 0 ] INFO  ratis.XceiverServerRatis (XceiverServerRatis.java:getRealPort(543)) - XceiverServerRatis addc2b6a-cfc9-4bfb-8a1c-15b9de9495ff is started using port 15201 for RATIS_DATASTREAM
2023-08-25 11:37:46,836 [JvmPauseMonitor26] INFO  util.JvmPauseMonitor (JvmPauseMonitor.java:run(103)) - JvmPauseMonitor-addc2b6a-cfc9-4bfb-8a1c-15b9de9495ff: Started
2023-08-25 11:37:46,845 [BlockDeletingService#0] INFO  interfaces.ContainerDeletionChoosingPolicyTemplate (ContainerDeletionChoosingPolicyTemplate.java:chooseContainerForBlockDeletion(85)) - Chosen 0/5000 blocks from 0 candidate containers.
2023-08-25 11:37:47,155 [main] INFO  ozone.MiniOzoneClusterImpl (MiniOzoneClusterImpl.java:lambda$waitForClusterToBeReady$0(224)) - Waiting for nodes to be ready. Got 0 of 5 DN Heartbeats.
2023-08-25 11:37:47,155 [main] INFO  ozone.MiniOzoneClusterImpl (MiniOzoneClusterImpl.java:lambda$waitForClusterToBeReady$0(227)) - Waiting for cluster to exit safe mode
2023-08-25 11:37:47,155 [main] INFO  ozone.MiniOzoneClusterImpl (MiniOzoneClusterImpl.java:lambda$waitForClusterToBeReady$0(229)) - SCM became leader
2023-08-25 11:37:47,206 [EndpointStateMachine task thread for /0.0.0.0:15161 - 0 ] INFO  utils.DatanodeStoreCache (DatanodeStoreCache.java:addDB(66)) - Added db /home/runner/work/ozone/ozone/hadoop-ozone/integration-test/target/test-dir/MiniOzoneClusterImpl-e63a8ec6-da9e-4c95-a9d5-015e34518cdf/datanode-4/data-0/containers/hdds/e63a8ec6-da9e-4c95-a9d5-015e34518cdf/DS-b6d07427-40ca-4ef3-a87a-1584a3d730fe/container.db to cache
2023-08-25 11:37:47,206 [EndpointStateMachine task thread for /0.0.0.0:15161 - 0 ] INFO  volume.HddsVolume (HddsVolume.java:createDbStore(422)) - SchemaV3 db is created and loaded at /home/runner/work/ozone/ozone/hadoop-ozone/integration-test/target/test-dir/MiniOzoneClusterImpl-e63a8ec6-da9e-4c95-a9d5-015e34518cdf/datanode-4/data-0/containers/hdds/e63a8ec6-da9e-4c95-a9d5-015e34518cdf/DS-b6d07427-40ca-4ef3-a87a-1584a3d730fe/container.db for volume DS-b6d07427-40ca-4ef3-a87a-1584a3d730fe
2023-08-25 11:37:47,207 [EndpointStateMachine task thread for /0.0.0.0:15161 - 0 ] INFO  volume.ThrottledAsyncChecker (ThrottledAsyncChecker.java:schedule(141)) - Scheduling a check for /home/runner/work/ozone/ozone/hadoop-ozone/integration-test/target/test-dir/MiniOzoneClusterImpl-e63a8ec6-da9e-4c95-a9d5-015e34518cdf/datanode-4/data-0/containers/hdds
2023-08-25 11:37:47,207 [EndpointStateMachine task thread for /0.0.0.0:15161 - 0 ] INFO  volume.StorageVolumeChecker (StorageVolumeChecker.java:checkAllVolumes(213)) - Scheduled health check for volume /home/runner/work/ozone/ozone/hadoop-ozone/integration-test/target/test-dir/MiniOzoneClusterImpl-e63a8ec6-da9e-4c95-a9d5-015e34518cdf/datanode-4/data-0/containers/hdds
2023-08-25 11:37:47,212 [EndpointStateMachine task thread for /0.0.0.0:15161 - 0 ] INFO  volume.ThrottledAsyncChecker (ThrottledAsyncChecker.java:schedule(141)) - Scheduling a check for /home/runner/work/ozone/ozone/hadoop-ozone/integration-test/target/test-dir/MiniOzoneClusterImpl-e63a8ec6-da9e-4c95-a9d5-015e34518cdf/datanode-4/data/ratis
2023-08-25 11:37:47,212 [EndpointStateMachine task thread for /0.0.0.0:15161 - 0 ] INFO  volume.StorageVolumeChecker (StorageVolumeChecker.java:checkAllVolumes(213)) - Scheduled health check for volume /home/runner/work/ozone/ozone/hadoop-ozone/integration-test/target/test-dir/MiniOzoneClusterImpl-e63a8ec6-da9e-4c95-a9d5-015e34518cdf/datanode-4/data/ratis
2023-08-25 11:37:47,214 [EndpointStateMachine task thread for /0.0.0.0:15161 - 0 ] INFO  ozoneimpl.OzoneContainer (OzoneContainer.java:start(429)) - Attempting to start container services.
2023-08-25 11:37:47,214 [EndpointStateMachine task thread for /0.0.0.0:15161 - 0 ] INFO  ozoneimpl.OzoneContainer (OzoneContainer.java:startContainerScrub(325)) - Scheduled background container scanners and the on-demand container scanner have been disabled.
2023-08-25 11:37:47,215 [EndpointStateMachine task thread for /0.0.0.0:15161 - 0 ] INFO  replication.ReplicationServer (ReplicationServer.java:start(130)) - ReplicationServer is started using port 15211
2023-08-25 11:37:47,216 [EndpointStateMachine task thread for /0.0.0.0:15161 - 0 ] INFO  ratis.XceiverServerRatis (XceiverServerRatis.java:start(517)) - Starting XceiverServerRatis 502f6022-a881-4b45-8d31-6accf0fa9572
2023-08-25 11:37:47,217 [EndpointStateMachine task thread for /0.0.0.0:15161 - 0 ] INFO  server.RaftServer (RaftServerProxy.java:startImpl(400)) - 502f6022-a881-4b45-8d31-6accf0fa9572: start RPC server
2023-08-25 11:37:47,218 [EndpointStateMachine task thread for /0.0.0.0:15161 - 0 ] INFO  server.GrpcService (GrpcService.java:startImpl(302)) - 502f6022-a881-4b45-8d31-6accf0fa9572: GrpcService started, listening on 15207
2023-08-25 11:37:47,219 [EndpointStateMachine task thread for /0.0.0.0:15161 - 0 ] INFO  server.GrpcService (GrpcService.java:startImpl(302)) - 502f6022-a881-4b45-8d31-6accf0fa9572: GrpcService started, listening on 15209
2023-08-25 11:37:47,222 [EndpointStateMachine task thread for /0.0.0.0:15161 - 0 ] INFO  server.GrpcService (GrpcService.java:startImpl(302)) - 502f6022-a881-4b45-8d31-6accf0fa9572: GrpcService started, listening on 15208
2023-08-25 11:37:47,222 [EndpointStateMachine task thread for /0.0.0.0:15161 - 0 ] INFO  ratis.XceiverServerRatis (XceiverServerRatis.java:getRealPort(543)) - XceiverServerRatis 502f6022-a881-4b45-8d31-6accf0fa9572 is started using port 15207 for RATIS
2023-08-25 11:37:47,222 [EndpointStateMachine task thread for /0.0.0.0:15161 - 0 ] INFO  ratis.XceiverServerRatis (XceiverServerRatis.java:getRealPort(543)) - XceiverServerRatis 502f6022-a881-4b45-8d31-6accf0fa9572 is started using port 15208 for RATIS_ADMIN
2023-08-25 11:37:47,222 [JvmPauseMonitor27] INFO  util.JvmPauseMonitor (JvmPauseMonitor.java:run(103)) - JvmPauseMonitor-502f6022-a881-4b45-8d31-6accf0fa9572: Started
2023-08-25 11:37:47,222 [EndpointStateMachine task thread for /0.0.0.0:15161 - 0 ] INFO  ratis.XceiverServerRatis (XceiverServerRatis.java:getRealPort(543)) - XceiverServerRatis 502f6022-a881-4b45-8d31-6accf0fa9572 is started using port 15209 for RATIS_SERVER
2023-08-25 11:37:47,223 [EndpointStateMachine task thread for /0.0.0.0:15161 - 0 ] INFO  ratis.XceiverServerRatis (XceiverServerRatis.java:getRealPort(543)) - XceiverServerRatis 502f6022-a881-4b45-8d31-6accf0fa9572 is started using port 15210 for RATIS_DATASTREAM
2023-08-25 11:37:47,226 [BlockDeletingService#0] INFO  interfaces.ContainerDeletionChoosingPolicyTemplate (ContainerDeletionChoosingPolicyTemplate.java:chooseContainerForBlockDeletion(85)) - Chosen 0/5000 blocks from 0 candidate containers.
2023-08-25 11:37:47,551 [IPC Server handler 5 on default port 15161] INFO  net.NetworkTopologyImpl (NetworkTopologyImpl.java:add(112)) - Added a new node: /default-rack/40eb42f8-08cb-4edc-9c90-450b1ff1d9e5
2023-08-25 11:37:47,551 [IPC Server handler 5 on default port 15161] INFO  node.SCMNodeManager (SCMNodeManager.java:register(405)) - Registered Data node : 40eb42f8-08cb-4edc-9c90-450b1ff1d9e5{ip: 10.1.0.52, host: fv-az508-118.q1hezrx03woe3mvmfegnvhq0ah.dx.internal.cloudapp.net, ports: [HTTP=15168, CLIENT_RPC=15169, REPLICATION=15175, RATIS=15171, RATIS_ADMIN=15172, RATIS_SERVER=15173, RATIS_DATASTREAM=15174, STANDALONE=15170], networkLocation: /default-rack, certSerialId: null, persistedOpState: null, persistedOpStateExpiryEpochSec: 0}
2023-08-25 11:37:47,565 [EventQueue-NodeRegistrationContainerReportForDataNodeSafeModeRule] INFO  safemode.SCMSafeModeManager (DataNodeSafeModeRule.java:process(71)) - SCM in safe mode. 1 DataNodes registered, 3 required.
2023-08-25 11:37:47,574 [EventQueue-NewNodeForNewNodeHandler] INFO  pipeline.BackgroundPipelineCreator (BackgroundPipelineCreator.java:notifyEventTriggered(277)) - trigger a one-shot run on RatisPipelineUtilsThread.
2023-08-25 11:37:47,574 [EventQueue-PipelineReportForOneReplicaPipelineSafeModeRule] INFO  safemode.SCMSafeModeManager (SCMSafeModeManager.java:validateSafeModeExitRules(200)) - AtleastOneDatanodeReportedRule rule is successfully validated
2023-08-25 11:37:47,575 [RatisPipelineUtilsThread - 0] INFO  pipeline.RatisPipelineProvider (RatisPipelineProvider.java:lambda$create$0(206)) - Sending CreatePipelineCommand for pipeline:PipelineID=d1d156a1-bb0f-4348-8faa-14240d4c7027 to datanode:40eb42f8-08cb-4edc-9c90-450b1ff1d9e5
2023-08-25 11:37:47,576 [RatisPipelineUtilsThread - 0] INFO  pipeline.BackgroundPipelineCreator (BackgroundPipelineCreator.java:createPipelines(233)) - Created new pipeline Pipeline[ Id: d1d156a1-bb0f-4348-8faa-14240d4c7027, Nodes: 40eb42f8-08cb-4edc-9c90-450b1ff1d9e5(fv-az508-118.q1hezrx03woe3mvmfegnvhq0ah.dx.internal.cloudapp.net/10.1.0.52), ReplicationConfig: RATIS/ONE, State:ALLOCATED, leaderId:, CreationTimestamp2023-08-25T11:37:47.575Z[Etc/UTC]]
2023-08-25 11:37:47,577 [EventQueue-NodeRegistrationContainerReportForContainerSafeModeRule] INFO  safemode.SCMSafeModeManager (SCMSafeModeManager.java:validateSafeModeExitRules(200)) - ContainerSafeModeRule rule is successfully validated
2023-08-25 11:37:48,011 [IPC Server handler 10 on default port 15161] INFO  net.NetworkTopologyImpl (NetworkTopologyImpl.java:add(112)) - Added a new node: /default-rack/c88c3db0-6d18-4a8e-bc96-216262cb4b87
2023-08-25 11:37:48,011 [IPC Server handler 10 on default port 15161] INFO  node.SCMNodeManager (SCMNodeManager.java:register(405)) - Registered Data node : c88c3db0-6d18-4a8e-bc96-216262cb4b87{ip: 10.1.0.52, host: fv-az508-118.q1hezrx03woe3mvmfegnvhq0ah.dx.internal.cloudapp.net, ports: [HTTP=15177, CLIENT_RPC=15178, REPLICATION=15184, RATIS=15180, RATIS_ADMIN=15181, RATIS_SERVER=15182, RATIS_DATASTREAM=15183, STANDALONE=15179], networkLocation: /default-rack, certSerialId: null, persistedOpState: null, persistedOpStateExpiryEpochSec: 0}
2023-08-25 11:37:48,013 [EventQueue-NodeRegistrationContainerReportForDataNodeSafeModeRule] INFO  safemode.SCMSafeModeManager (DataNodeSafeModeRule.java:process(71)) - SCM in safe mode. 2 DataNodes registered, 3 required.
2023-08-25 11:37:48,014 [EventQueue-NewNodeForNewNodeHandler] INFO  pipeline.BackgroundPipelineCreator (BackgroundPipelineCreator.java:notifyEventTriggered(277)) - trigger a one-shot run on RatisPipelineUtilsThread.
2023-08-25 11:37:48,014 [RatisPipelineUtilsThread - 0] INFO  pipeline.RatisPipelineProvider (RatisPipelineProvider.java:lambda$create$0(206)) - Sending CreatePipelineCommand for pipeline:PipelineID=4a596211-b6fa-4d5e-a831-c4dbef51deab to datanode:c88c3db0-6d18-4a8e-bc96-216262cb4b87
2023-08-25 11:37:48,015 [RatisPipelineUtilsThread - 0] INFO  pipeline.BackgroundPipelineCreator (BackgroundPipelineCreator.java:createPipelines(233)) - Created new pipeline Pipeline[ Id: 4a596211-b6fa-4d5e-a831-c4dbef51deab, Nodes: c88c3db0-6d18-4a8e-bc96-216262cb4b87(fv-az508-118.q1hezrx03woe3mvmfegnvhq0ah.dx.internal.cloudapp.net/10.1.0.52), ReplicationConfig: RATIS/ONE, State:ALLOCATED, leaderId:, CreationTimestamp2023-08-25T11:37:48.014Z[Etc/UTC]]
2023-08-25 11:37:48,155 [main] INFO  ozone.MiniOzoneClusterImpl (MiniOzoneClusterImpl.java:lambda$waitForClusterToBeReady$0(224)) - Waiting for nodes to be ready. Got 2 of 5 DN Heartbeats.
2023-08-25 11:37:48,156 [main] INFO  ozone.MiniOzoneClusterImpl (MiniOzoneClusterImpl.java:lambda$waitForClusterToBeReady$0(227)) - Waiting for cluster to exit safe mode
2023-08-25 11:37:48,156 [main] INFO  ozone.MiniOzoneClusterImpl (MiniOzoneClusterImpl.java:lambda$waitForClusterToBeReady$0(229)) - SCM became leader
2023-08-25 11:37:48,407 [IPC Server handler 5 on default port 15161] INFO  net.NetworkTopologyImpl (NetworkTopologyImpl.java:add(112)) - Added a new node: /default-rack/f8b5371a-a27d-49bd-9775-6107617962eb
2023-08-25 11:37:48,407 [IPC Server handler 5 on default port 15161] INFO  node.SCMNodeManager (SCMNodeManager.java:register(405)) - Registered Data node : f8b5371a-a27d-49bd-9775-6107617962eb{ip: 10.1.0.52, host: fv-az508-118.q1hezrx03woe3mvmfegnvhq0ah.dx.internal.cloudapp.net, ports: [HTTP=15186, CLIENT_RPC=15187, REPLICATION=15193, RATIS=15189, RATIS_ADMIN=15190, RATIS_SERVER=15191, RATIS_DATASTREAM=15192, STANDALONE=15188], networkLocation: /default-rack, certSerialId: null, persistedOpState: null, persistedOpStateExpiryEpochSec: 0}
2023-08-25 11:37:48,408 [EventQueue-NewNodeForNewNodeHandler] INFO  pipeline.BackgroundPipelineCreator (BackgroundPipelineCreator.java:notifyEventTriggered(277)) - trigger a one-shot run on RatisPipelineUtilsThread.
2023-08-25 11:37:48,408 [EventQueue-NodeRegistrationContainerReportForDataNodeSafeModeRule] INFO  safemode.SCMSafeModeManager (DataNodeSafeModeRule.java:process(71)) - SCM in safe mode. 3 DataNodes registered, 3 required.
2023-08-25 11:37:48,408 [EventQueue-NodeRegistrationContainerReportForDataNodeSafeModeRule] INFO  safemode.SCMSafeModeManager (SCMSafeModeManager.java:validateSafeModeExitRules(200)) - DataNodeSafeModeRule rule is successfully validated
2023-08-25 11:37:48,408 [EventQueue-NodeRegistrationContainerReportForDataNodeSafeModeRule] INFO  safemode.SCMSafeModeManager (SCMSafeModeManager.java:completePreCheck(229)) - All SCM safe mode pre check rules have passed
2023-08-25 11:37:48,408 [EventQueue-NodeRegistrationContainerReportForDataNodeSafeModeRule] INFO  ha.SCMContext (SCMContext.java:updateSafeModeStatus(228)) - Update SafeModeStatus from SafeModeStatus{safeModeStatus=true, preCheckPassed=false} to SafeModeStatus{safeModeStatus=true, preCheckPassed=true}.
2023-08-25 11:37:48,408 [EventQueue-NodeRegistrationContainerReportForDataNodeSafeModeRule] INFO  pipeline.BackgroundPipelineCreator (BackgroundPipelineCreator.java:notifyEventTriggered(277)) - trigger a one-shot run on RatisPipelineUtilsThread.
2023-08-25 11:37:48,409 [RatisPipelineUtilsThread - 0] INFO  pipeline.RatisPipelineProvider (RatisPipelineProvider.java:lambda$create$0(206)) - Sending CreatePipelineCommand for pipeline:PipelineID=ec091f4b-bbe4-4c00-97cc-c7d8f09d5413 to datanode:f8b5371a-a27d-49bd-9775-6107617962eb
2023-08-25 11:37:48,409 [RatisPipelineUtilsThread - 0] INFO  pipeline.BackgroundPipelineCreator (BackgroundPipelineCreator.java:createPipelines(233)) - Created new pipeline Pipeline[ Id: ec091f4b-bbe4-4c00-97cc-c7d8f09d5413, Nodes: f8b5371a-a27d-49bd-9775-6107617962eb(fv-az508-118.q1hezrx03woe3mvmfegnvhq0ah.dx.internal.cloudapp.net/10.1.0.52), ReplicationConfig: RATIS/ONE, State:ALLOCATED, leaderId:, CreationTimestamp2023-08-25T11:37:48.409Z[Etc/UTC]]
2023-08-25 11:37:48,410 [RatisPipelineUtilsThread - 0] INFO  pipeline.RatisPipelineProvider (RatisPipelineProvider.java:lambda$create$0(206)) - Sending CreatePipelineCommand for pipeline:PipelineID=5c2102be-7156-46ef-b194-e22cf1986947 to datanode:c88c3db0-6d18-4a8e-bc96-216262cb4b87
2023-08-25 11:37:48,410 [RatisPipelineUtilsThread - 0] INFO  pipeline.RatisPipelineProvider (RatisPipelineProvider.java:lambda$create$0(206)) - Sending CreatePipelineCommand for pipeline:PipelineID=5c2102be-7156-46ef-b194-e22cf1986947 to datanode:f8b5371a-a27d-49bd-9775-6107617962eb
2023-08-25 11:37:48,410 [RatisPipelineUtilsThread - 0] INFO  pipeline.RatisPipelineProvider (RatisPipelineProvider.java:lambda$create$0(206)) - Sending CreatePipelineCommand for pipeline:PipelineID=5c2102be-7156-46ef-b194-e22cf1986947 to datanode:40eb42f8-08cb-4edc-9c90-450b1ff1d9e5
2023-08-25 11:37:48,410 [RatisPipelineUtilsThread - 0] INFO  pipeline.BackgroundPipelineCreator (BackgroundPipelineCreator.java:createPipelines(233)) - Created new pipeline Pipeline[ Id: 5c2102be-7156-46ef-b194-e22cf1986947, Nodes: c88c3db0-6d18-4a8e-bc96-216262cb4b87(fv-az508-118.q1hezrx03woe3mvmfegnvhq0ah.dx.internal.cloudapp.net/10.1.0.52)f8b5371a-a27d-49bd-9775-6107617962eb(fv-az508-118.q1hezrx03woe3mvmfegnvhq0ah.dx.internal.cloudapp.net/10.1.0.52)40eb42f8-08cb-4edc-9c90-450b1ff1d9e5(fv-az508-118.q1hezrx03woe3mvmfegnvhq0ah.dx.internal.cloudapp.net/10.1.0.52), ReplicationConfig: RATIS/THREE, State:ALLOCATED, leaderId:, CreationTimestamp2023-08-25T11:37:48.410Z[Etc/UTC]]
2023-08-25 11:37:48,411 [RatisPipelineUtilsThread - 0] INFO  pipeline.RatisPipelineProvider (RatisPipelineProvider.java:lambda$create$0(206)) - Sending CreatePipelineCommand for pipeline:PipelineID=2431aa5b-ab2c-43c9-82eb-14a24c3c79be to datanode:40eb42f8-08cb-4edc-9c90-450b1ff1d9e5
2023-08-25 11:37:48,411 [RatisPipelineUtilsThread - 0] INFO  pipeline.RatisPipelineProvider (RatisPipelineProvider.java:lambda$create$0(206)) - Sending CreatePipelineCommand for pipeline:PipelineID=2431aa5b-ab2c-43c9-82eb-14a24c3c79be to datanode:c88c3db0-6d18-4a8e-bc96-216262cb4b87
2023-08-25 11:37:48,411 [RatisPipelineUtilsThread - 0] INFO  pipeline.RatisPipelineProvider (RatisPipelineProvider.java:lambda$create$0(206)) - Sending CreatePipelineCommand for pipeline:PipelineID=2431aa5b-ab2c-43c9-82eb-14a24c3c79be to datanode:f8b5371a-a27d-49bd-9775-6107617962eb
2023-08-25 11:37:48,411 [RatisPipelineUtilsThread - 0] INFO  pipeline.PipelineManagerImpl (PipelineManagerImpl.java:recordMetricsForPipeline(914)) - Pipeline: PipelineID=2431aa5b-ab2c-43c9-82eb-14a24c3c79be contains same datanodes as previous pipelines: PipelineID=5c2102be-7156-46ef-b194-e22cf1986947 nodeIds: 40eb42f8-08cb-4edc-9c90-450b1ff1d9e5, c88c3db0-6d18-4a8e-bc96-216262cb4b87, f8b5371a-a27d-49bd-9775-6107617962eb
2023-08-25 11:37:48,411 [RatisPipelineUtilsThread - 0] INFO  pipeline.BackgroundPipelineCreator (BackgroundPipelineCreator.java:createPipelines(233)) - Created new pipeline Pipeline[ Id: 2431aa5b-ab2c-43c9-82eb-14a24c3c79be, Nodes: 40eb42f8-08cb-4edc-9c90-450b1ff1d9e5(fv-az508-118.q1hezrx03woe3mvmfegnvhq0ah.dx.internal.cloudapp.net/10.1.0.52)c88c3db0-6d18-4a8e-bc96-216262cb4b87(fv-az508-118.q1hezrx03woe3mvmfegnvhq0ah.dx.internal.cloudapp.net/10.1.0.52)f8b5371a-a27d-49bd-9775-6107617962eb(fv-az508-118.q1hezrx03woe3mvmfegnvhq0ah.dx.internal.cloudapp.net/10.1.0.52), ReplicationConfig: RATIS/THREE, State:ALLOCATED, leaderId:, CreationTimestamp2023-08-25T11:37:48.411Z[Etc/UTC]]
2023-08-25 11:37:48,411 [RatisPipelineUtilsThread - 0] WARN  pipeline.PipelinePlacementPolicy (PipelinePlacementPolicy.java:filterViableNodes(166)) - Pipeline creation failed due to no sufficient healthy datanodes. Required 3. Found 0. Excluded 3.
2023-08-25 11:37:48,767 [IPC Server handler 7 on default port 15161] INFO  net.NetworkTopologyImpl (NetworkTopologyImpl.java:add(112)) - Added a new node: /default-rack/addc2b6a-cfc9-4bfb-8a1c-15b9de9495ff
2023-08-25 11:37:48,767 [IPC Server handler 7 on default port 15161] INFO  node.SCMNodeManager (SCMNodeManager.java:register(405)) - Registered Data node : addc2b6a-cfc9-4bfb-8a1c-15b9de9495ff{ip: 10.1.0.52, host: fv-az508-118.q1hezrx03woe3mvmfegnvhq0ah.dx.internal.cloudapp.net, ports: [HTTP=15195, CLIENT_RPC=15196, REPLICATION=15202, RATIS=15198, RATIS_ADMIN=15199, RATIS_SERVER=15200, RATIS_DATASTREAM=15201, STANDALONE=15197], networkLocation: /default-rack, certSerialId: null, persistedOpState: null, persistedOpStateExpiryEpochSec: 0}
2023-08-25 11:37:48,769 [EventQueue-NewNodeForNewNodeHandler] INFO  pipeline.BackgroundPipelineCreator (BackgroundPipelineCreator.java:notifyEventTriggered(277)) - trigger a one-shot run on RatisPipelineUtilsThread.
2023-08-25 11:37:48,770 [RatisPipelineUtilsThread - 0] INFO  pipeline.RatisPipelineProvider (RatisPipelineProvider.java:lambda$create$0(206)) - Sending CreatePipelineCommand for pipeline:PipelineID=6c1ee142-a7c7-44de-abc6-ae72181016e2 to datanode:addc2b6a-cfc9-4bfb-8a1c-15b9de9495ff
2023-08-25 11:37:48,770 [RatisPipelineUtilsThread - 0] INFO  pipeline.BackgroundPipelineCreator (BackgroundPipelineCreator.java:createPipelines(233)) - Created new pipeline Pipeline[ Id: 6c1ee142-a7c7-44de-abc6-ae72181016e2, Nodes: addc2b6a-cfc9-4bfb-8a1c-15b9de9495ff(fv-az508-118.q1hezrx03woe3mvmfegnvhq0ah.dx.internal.cloudapp.net/10.1.0.52), ReplicationConfig: RATIS/ONE, State:ALLOCATED, leaderId:, CreationTimestamp2023-08-25T11:37:48.770Z[Etc/UTC]]
2023-08-25 11:37:48,771 [RatisPipelineUtilsThread - 0] WARN  pipeline.PipelinePlacementPolicy (PipelinePlacementPolicy.java:filterViableNodes(166)) - Pipeline creation failed due to no sufficient healthy datanodes. Required 3. Found 1. Excluded 3.
2023-08-25 11:37:49,156 [main] INFO  ozone.MiniOzoneClusterImpl (MiniOzoneClusterImpl.java:lambda$waitForClusterToBeReady$0(224)) - Waiting for nodes to be ready. Got 4 of 5 DN Heartbeats.
2023-08-25 11:37:49,156 [main] INFO  ozone.MiniOzoneClusterImpl (MiniOzoneClusterImpl.java:lambda$waitForClusterToBeReady$0(227)) - Waiting for cluster to exit safe mode
2023-08-25 11:37:49,156 [main] INFO  ozone.MiniOzoneClusterImpl (MiniOzoneClusterImpl.java:lambda$waitForClusterToBeReady$0(229)) - SCM became leader
2023-08-25 11:37:49,162 [IPC Server handler 9 on default port 15161] INFO  net.NetworkTopologyImpl (NetworkTopologyImpl.java:add(112)) - Added a new node: /default-rack/502f6022-a881-4b45-8d31-6accf0fa9572
2023-08-25 11:37:49,162 [IPC Server handler 9 on default port 15161] INFO  node.SCMNodeManager (SCMNodeManager.java:register(405)) - Registered Data node : 502f6022-a881-4b45-8d31-6accf0fa9572{ip: 10.1.0.52, host: fv-az508-118.q1hezrx03woe3mvmfegnvhq0ah.dx.internal.cloudapp.net, ports: [HTTP=15204, CLIENT_RPC=15205, REPLICATION=15211, RATIS=15207, RATIS_ADMIN=15208, RATIS_SERVER=15209, RATIS_DATASTREAM=15210, STANDALONE=15206], networkLocation: /default-rack, certSerialId: null, persistedOpState: null, persistedOpStateExpiryEpochSec: 0}
2023-08-25 11:37:49,162 [EventQueue-NewNodeForNewNodeHandler] INFO  pipeline.BackgroundPipelineCreator (BackgroundPipelineCreator.java:notifyEventTriggered(277)) - trigger a one-shot run on RatisPipelineUtilsThread.
2023-08-25 11:37:49,163 [RatisPipelineUtilsThread - 0] INFO  pipeline.RatisPipelineProvider (RatisPipelineProvider.java:lambda$create$0(206)) - Sending CreatePipelineCommand for pipeline:PipelineID=4174db21-9d27-4da0-9171-26e3f09c9a82 to datanode:502f6022-a881-4b45-8d31-6accf0fa9572
2023-08-25 11:37:49,163 [RatisPipelineUtilsThread - 0] INFO  pipeline.BackgroundPipelineCreator (BackgroundPipelineCreator.java:createPipelines(233)) - Created new pipeline Pipeline[ Id: 4174db21-9d27-4da0-9171-26e3f09c9a82, Nodes: 502f6022-a881-4b45-8d31-6accf0fa9572(fv-az508-118.q1hezrx03woe3mvmfegnvhq0ah.dx.internal.cloudapp.net/10.1.0.52), ReplicationConfig: RATIS/ONE, State:ALLOCATED, leaderId:, CreationTimestamp2023-08-25T11:37:49.163Z[Etc/UTC]]
2023-08-25 11:37:49,164 [RatisPipelineUtilsThread - 0] WARN  pipeline.PipelinePlacementPolicy (PipelinePlacementPolicy.java:filterViableNodes(166)) - Pipeline creation failed due to no sufficient healthy datanodes. Required 3. Found 2. Excluded 3.
2023-08-25 11:37:50,157 [main] INFO  ozone.MiniOzoneClusterImpl (MiniOzoneClusterImpl.java:lambda$waitForClusterToBeReady$0(224)) - Nodes are ready. Got 5 of 5 DN Heartbeats.
2023-08-25 11:37:50,157 [main] INFO  ozone.MiniOzoneClusterImpl (MiniOzoneClusterImpl.java:lambda$waitForClusterToBeReady$0(227)) - Waiting for cluster to exit safe mode
2023-08-25 11:37:50,157 [main] INFO  ozone.MiniOzoneClusterImpl (MiniOzoneClusterImpl.java:lambda$waitForClusterToBeReady$0(229)) - SCM became leader
2023-08-25 11:37:50,553 [PipelineCommandHandlerThread-0] INFO  server.RaftServer (RaftServerProxy.java:addNew(98)) - 40eb42f8-08cb-4edc-9c90-450b1ff1d9e5: addNew group-14240D4C7027:[40eb42f8-08cb-4edc-9c90-450b1ff1d9e5|rpc:10.1.0.52:15173|admin:10.1.0.52:15172|client:10.1.0.52:15171|dataStream:10.1.0.52:15174|priority:1|startupRole:FOLLOWER] returns group-14240D4C7027:java.util.concurrent.CompletableFuture@6073e5d2[Not completed]
2023-08-25 11:37:50,554 [40eb42f8-08cb-4edc-9c90-450b1ff1d9e5-groupManagement] INFO  server.RaftServer$Division (RaftServerImpl.java:<init>(198)) - 40eb42f8-08cb-4edc-9c90-450b1ff1d9e5: new RaftServerImpl for group-14240D4C7027:[40eb42f8-08cb-4edc-9c90-450b1ff1d9e5|rpc:10.1.0.52:15173|admin:10.1.0.52:15172|client:10.1.0.52:15171|dataStream:10.1.0.52:15174|priority:1|startupRole:FOLLOWER] with ContainerStateMachine:uninitialized
2023-08-25 11:37:50,554 [40eb42f8-08cb-4edc-9c90-450b1ff1d9e5-groupManagement] INFO  server.RaftServerConfigKeys (ConfUtils.java:logGet(46)) - raft.server.rpc.timeout.min = 5s (custom)
2023-08-25 11:37:50,554 [40eb42f8-08cb-4edc-9c90-450b1ff1d9e5-groupManagement] INFO  server.RaftServerConfigKeys (ConfUtils.java:logGet(46)) - raft.server.rpc.timeout.max = 5200ms (custom)
2023-08-25 11:37:50,554 [40eb42f8-08cb-4edc-9c90-450b1ff1d9e5-groupManagement] INFO  server.RaftServerConfigKeys (ConfUtils.java:logGet(46)) - raft.server.rpc.sleep.time = 25ms (default)
2023-08-25 11:37:50,554 [40eb42f8-08cb-4edc-9c90-450b1ff1d9e5-groupManagement] INFO  server.RaftServerConfigKeys (ConfUtils.java:logGet(46)) - raft.server.rpc.slowness.timeout = 300s (custom)
2023-08-25 11:37:50,554 [40eb42f8-08cb-4edc-9c90-450b1ff1d9e5-groupManagement] INFO  server.RaftServerConfigKeys (ConfUtils.java:logGet(46)) - raft.server.leaderelection.leader.step-down.wait-time = 10s (default)
2023-08-25 11:37:50,554 [40eb42f8-08cb-4edc-9c90-450b1ff1d9e5-groupManagement] INFO  server.RaftServerConfigKeys (ConfUtils.java:logGet(46)) - raft.server.sleep.deviation.threshold = 300ms (default)
2023-08-25 11:37:50,554 [40eb42f8-08cb-4edc-9c90-450b1ff1d9e5-groupManagement] INFO  server.RaftServer$Division (ServerState.java:<init>(120)) - 40eb42f8-08cb-4edc-9c90-450b1ff1d9e5@group-14240D4C7027: ConfigurationManager, init=-1: peers:[40eb42f8-08cb-4edc-9c90-450b1ff1d9e5|rpc:10.1.0.52:15173|admin:10.1.0.52:15172|client:10.1.0.52:15171|dataStream:10.1.0.52:15174|priority:1|startupRole:FOLLOWER]|listeners:[], old=null, confs=<EMPTY_MAP>
2023-08-25 11:37:50,554 [40eb42f8-08cb-4edc-9c90-450b1ff1d9e5-groupManagement] INFO  server.RaftServerConfigKeys (ConfUtils.java:logGet(46)) - raft.server.storage.dir = [/home/runner/work/ozone/ozone/hadoop-ozone/integration-test/target/test-dir/MiniOzoneClusterImpl-e63a8ec6-da9e-4c95-a9d5-015e34518cdf/datanode-0/data/ratis] (custom)
2023-08-25 11:37:50,555 [40eb42f8-08cb-4edc-9c90-450b1ff1d9e5-groupManagement] INFO  server.RaftServerConfigKeys (ConfUtils.java:logGet(46)) - raft.server.log.corruption.policy = EXCEPTION (default)
2023-08-25 11:37:50,555 [40eb42f8-08cb-4edc-9c90-450b1ff1d9e5-groupManagement] INFO  server.RaftServerConfigKeys (ConfUtils.java:logGet(46)) - raft.server.storage.free-space.min = 0MB (=0) (default)
2023-08-25 11:37:50,555 [40eb42f8-08cb-4edc-9c90-450b1ff1d9e5-groupManagement] INFO  server.RaftServerConfigKeys (ConfUtils.java:logGet(46)) - raft.server.notification.no-leader.timeout = 300s (custom)
2023-08-25 11:37:50,555 [40eb42f8-08cb-4edc-9c90-450b1ff1d9e5-groupManagement] INFO  server.RaftServerConfigKeys (ConfUtils.java:logGet(46)) - raft.server.read.timeout = 10s (default)
2023-08-25 11:37:50,555 [40eb42f8-08cb-4edc-9c90-450b1ff1d9e5-groupManagement] INFO  server.RaftServerConfigKeys (ConfUtils.java:logGet(46)) - raft.server.retrycache.expirytime = 600000ms (custom)
2023-08-25 11:37:50,555 [40eb42f8-08cb-4edc-9c90-450b1ff1d9e5-groupManagement] INFO  server.RaftServerConfigKeys (ConfUtils.java:logGet(46)) - raft.server.retrycache.statistics.expirytime = 100μs (default)
2023-08-25 11:37:50,555 [40eb42f8-08cb-4edc-9c90-450b1ff1d9e5-groupManagement] INFO  server.RaftServerConfigKeys (ConfUtils.java:logGet(46)) - raft.server.read.option = DEFAULT (default)
2023-08-25 11:37:50,556 [40eb42f8-08cb-4edc-9c90-450b1ff1d9e5-groupManagement] INFO  server.RaftServerConfigKeys (ConfUtils.java:logGet(46)) - raft.server.rpc.request.timeout = 60s (custom)
2023-08-25 11:37:50,556 [40eb42f8-08cb-4edc-9c90-450b1ff1d9e5-groupManagement] INFO  server.RaftServerConfigKeys (ConfUtils.java:logGet(46)) - raft.server.log.appender.install.snapshot.enabled = false (custom)
2023-08-25 11:37:50,556 [40eb42f8-08cb-4edc-9c90-450b1ff1d9e5-groupManagement] INFO  server.RaftServerConfigKeys (ConfUtils.java:logGet(46)) - raft.server.threadpool.server.cached = true (default)
2023-08-25 11:37:50,556 [40eb42f8-08cb-4edc-9c90-450b1ff1d9e5-groupManagement] INFO  server.RaftServerConfigKeys (ConfUtils.java:logGet(46)) - raft.server.threadpool.server.size = 0 (default)
2023-08-25 11:37:50,556 [40eb42f8-08cb-4edc-9c90-450b1ff1d9e5-groupManagement] INFO  server.RaftServerConfigKeys (ConfUtils.java:logGet(46)) - raft.server.threadpool.client.cached = true (default)
2023-08-25 11:37:50,556 [40eb42f8-08cb-4edc-9c90-450b1ff1d9e5-groupManagement] INFO  server.RaftServerConfigKeys (ConfUtils.java:logGet(46)) - raft.server.threadpool.client.size = 0 (default)
2023-08-25 11:37:50,556 [40eb42f8-08cb-4edc-9c90-450b1ff1d9e5-groupManagement] INFO  storage.RaftStorageDirectory (RaftStorageDirectoryImpl.java:analyzeStorage(137)) - The storage directory /home/runner/work/ozone/ozone/hadoop-ozone/integration-test/target/test-dir/MiniOzoneClusterImpl-e63a8ec6-da9e-4c95-a9d5-015e34518cdf/datanode-0/data/ratis/d1d156a1-bb0f-4348-8faa-14240d4c7027 does not exist. Creating ...
2023-08-25 11:37:50,559 [40eb42f8-08cb-4edc-9c90-450b1ff1d9e5-groupManagement] INFO  storage.RaftStorageDirectory (RaftStorageDirectoryImpl.java:tryLock(231)) - Lock on /home/runner/work/ozone/ozone/hadoop-ozone/integration-test/target/test-dir/MiniOzoneClusterImpl-e63a8ec6-da9e-4c95-a9d5-015e34518cdf/datanode-0/data/ratis/d1d156a1-bb0f-4348-8faa-14240d4c7027/in_use.lock acquired by nodename 61563@fv-az508-118
2023-08-25 11:37:50,561 [40eb42f8-08cb-4edc-9c90-450b1ff1d9e5-groupManagement] INFO  storage.RaftStorage (RaftStorageImpl.java:format(96)) - Storage directory /home/runner/work/ozone/ozone/hadoop-ozone/integration-test/target/test-dir/MiniOzoneClusterImpl-e63a8ec6-da9e-4c95-a9d5-015e34518cdf/datanode-0/data/ratis/d1d156a1-bb0f-4348-8faa-14240d4c7027 has been successfully formatted.
2023-08-25 11:37:50,563 [40eb42f8-08cb-4edc-9c90-450b1ff1d9e5-groupManagement] INFO  ratis.ContainerStateMachine (ContainerStateMachine.java:loadSnapshot(262)) - group-14240D4C7027: The snapshot info is null. Setting the last applied indexto:(t:0, i:~)
2023-08-25 11:37:50,563 [40eb42f8-08cb-4edc-9c90-450b1ff1d9e5-groupManagement] INFO  server.RaftServerConfigKeys (ConfUtils.java:logGet(46)) - raft.server.log.use.memory = false (default)
2023-08-25 11:37:50,563 [40eb42f8-08cb-4edc-9c90-450b1ff1d9e5-groupManagement] INFO  server.RaftServerConfigKeys (ConfUtils.java:logGet(46)) - raft.server.log.purge.gap = 1000000 (custom)
2023-08-25 11:37:50,563 [40eb42f8-08cb-4edc-9c90-450b1ff1d9e5-groupManagement] INFO  server.RaftServerConfigKeys (ConfUtils.java:logGet(46)) - raft.server.log.appender.buffer.byte-limit = 33554432 (custom)
2023-08-25 11:37:50,563 [40eb42f8-08cb-4edc-9c90-450b1ff1d9e5-groupManagement] INFO  server.RaftServerConfigKeys (ConfUtils.java:logGet(46)) - raft.server.log.statemachine.data.read.timeout = 1000ms (default)
2023-08-25 11:37:50,563 [40eb42f8-08cb-4edc-9c90-450b1ff1d9e5-groupManagement] INFO  server.RaftServerConfigKeys (ConfUtils.java:logGet(46)) - raft.server.log.purge.preservation.log.num = 0 (default)
2023-08-25 11:37:50,564 [40eb42f8-08cb-4edc-9c90-450b1ff1d9e5-groupManagement] INFO  server.RaftServerConfigKeys (ConfUtils.java:logGet(46)) - raft.server.log.segment.size.max = 1048576 (custom)
2023-08-25 11:37:50,564 [40eb42f8-08cb-4edc-9c90-450b1ff1d9e5-groupManagement] INFO  server.RaftServerConfigKeys (ConfUtils.java:logGet(46)) - raft.server.log.segment.cache.num.max = 2 (custom)
2023-08-25 11:37:50,564 [40eb42f8-08cb-4edc-9c90-450b1ff1d9e5-groupManagement] INFO  server.RaftServerConfigKeys (ConfUtils.java:logGet(46)) - raft.server.log.segment.cache.size.max = 200MB (=209715200) (default)
2023-08-25 11:37:50,564 [40eb42f8-08cb-4edc-9c90-450b1ff1d9e5-groupManagement] INFO  server.RaftServerConfigKeys (ConfUtils.java:logGet(46)) - raft.server.log.appender.buffer.byte-limit = 33554432 (custom)
2023-08-25 11:37:50,564 [40eb42f8-08cb-4edc-9c90-450b1ff1d9e5-groupManagement] INFO  segmented.SegmentedRaftLogWorker (SegmentedRaftLogWorker.java:<init>(188)) - new 40eb42f8-08cb-4edc-9c90-450b1ff1d9e5@group-14240D4C7027-SegmentedRaftLogWorker for RaftStorageImpl:Storage Directory /home/runner/work/ozone/ozone/hadoop-ozone/integration-test/target/test-dir/MiniOzoneClusterImpl-e63a8ec6-da9e-4c95-a9d5-015e34518cdf/datanode-0/data/ratis/d1d156a1-bb0f-4348-8faa-14240d4c7027
2023-08-25 11:37:50,564 [40eb42f8-08cb-4edc-9c90-450b1ff1d9e5-groupManagement] INFO  server.RaftServerConfigKeys (ConfUtils.java:logGet(46)) - raft.server.log.queue.byte-limit = 4294967296 (custom)
2023-08-25 11:37:50,564 [40eb42f8-08cb-4edc-9c90-450b1ff1d9e5-groupManagement] INFO  server.RaftServerConfigKeys (ConfUtils.java:logGet(46)) - raft.server.log.queue.element-limit = 1024 (custom)
2023-08-25 11:37:50,564 [40eb42f8-08cb-4edc-9c90-450b1ff1d9e5-groupManagement] INFO  server.RaftServerConfigKeys (ConfUtils.java:logGet(46)) - raft.server.log.segment.size.max = 1048576 (custom)
2023-08-25 11:37:50,564 [40eb42f8-08cb-4edc-9c90-450b1ff1d9e5-groupManagement] INFO  server.RaftServerConfigKeys (ConfUtils.java:logGet(46)) - raft.server.log.preallocated.size = 16384 (custom)
2023-08-25 11:37:50,565 [40eb42f8-08cb-4edc-9c90-450b1ff1d9e5-groupManagement] INFO  server.RaftServerConfigKeys (ConfUtils.java:logGet(46)) - raft.server.log.force.sync.num = 128 (default)
2023-08-25 11:37:50,565 [EventQueue-PipelineReportForPipelineReportHandler] INFO  pipeline.PipelineReportHandler (PipelineReportHandler.java:processPipelineReport(136)) - Opened pipeline PipelineID=d1d156a1-bb0f-4348-8faa-14240d4c7027
2023-08-25 11:37:50,565 [40eb42f8-08cb-4edc-9c90-450b1ff1d9e5-groupManagement] INFO  server.RaftServerConfigKeys (ConfUtils.java:logGet(46)) - raft.server.log.statemachine.data.sync = true (default)
2023-08-25 11:37:50,565 [40eb42f8-08cb-4edc-9c90-450b1ff1d9e5-groupManagement] INFO  server.RaftServerConfigKeys (ConfUtils.java:logGet(46)) - raft.server.log.statemachine.data.sync.timeout = 10s (default)
2023-08-25 11:37:50,565 [40eb42f8-08cb-4edc-9c90-450b1ff1d9e5-groupManagement] INFO  server.RaftServerConfigKeys (ConfUtils.java:logGet(46)) - raft.server.log.statemachine.data.sync.timeout.retry = -1 (default)
2023-08-25 11:37:50,566 [40eb42f8-08cb-4edc-9c90-450b1ff1d9e5-groupManagement] INFO  server.RaftServerConfigKeys (ConfUtils.java:logGet(46)) - raft.server.log.write.buffer.size = 1048576 (custom)
2023-08-25 11:37:50,568 [EventQueue-OpenPipelineForHealthyPipelineSafeModeRule] INFO  safemode.SCMSafeModeManager (HealthyPipelineSafeModeRule.java:process(137)) - SCM in safe mode. Healthy pipelines reported count is 0, required healthy pipeline reported count is 1
2023-08-25 11:37:50,568 [40eb42f8-08cb-4edc-9c90-450b1ff1d9e5-groupManagement] INFO  server.RaftServerConfigKeys (ConfUtils.java:logGet(46)) - raft.server.log.appender.buffer.byte-limit = 33554432 (custom)
2023-08-25 11:37:50,575 [40eb42f8-08cb-4edc-9c90-450b1ff1d9e5-groupManagement] INFO  server.RaftServerConfigKeys (ConfUtils.java:logGet(46)) - raft.server.log.unsafe-flush.enabled = false (default)
2023-08-25 11:37:50,575 [40eb42f8-08cb-4edc-9c90-450b1ff1d9e5-groupManagement] INFO  server.RaftServerConfigKeys (ConfUtils.java:logGet(46)) - raft.server.log.async-flush.enabled = false (default)
2023-08-25 11:37:50,576 [40eb42f8-08cb-4edc-9c90-450b1ff1d9e5-groupManagement] INFO  server.RaftServerConfigKeys (ConfUtils.java:logGet(46)) - raft.server.log.statemachine.data.caching.enabled = true (custom)
2023-08-25 11:37:50,576 [40eb42f8-08cb-4edc-9c90-450b1ff1d9e5-groupManagement] INFO  segmented.SegmentedRaftLogWorker (SegmentedRaftLogWorker.java:lambda$new$0(135)) - 40eb42f8-08cb-4edc-9c90-450b1ff1d9e5@group-14240D4C7027-SegmentedRaftLogWorker: flushIndex: setUnconditionally 0 -> -1
2023-08-25 11:37:50,576 [40eb42f8-08cb-4edc-9c90-450b1ff1d9e5-groupManagement] INFO  segmented.SegmentedRaftLogWorker (SegmentedRaftLogWorker.java:lambda$new$0(135)) - 40eb42f8-08cb-4edc-9c90-450b1ff1d9e5@group-14240D4C7027-SegmentedRaftLogWorker: safeCacheEvictIndex: setUnconditionally 0 -> -1
2023-08-25 11:37:50,576 [40eb42f8-08cb-4edc-9c90-450b1ff1d9e5-groupManagement] INFO  server.RaftServer$Division (RaftServerImpl.java:start(342)) - 40eb42f8-08cb-4edc-9c90-450b1ff1d9e5@group-14240D4C7027: start as a follower, conf=-1: peers:[40eb42f8-08cb-4edc-9c90-450b1ff1d9e5|rpc:10.1.0.52:15173|admin:10.1.0.52:15172|client:10.1.0.52:15171|dataStream:10.1.0.52:15174|priority:1|startupRole:FOLLOWER]|listeners:[], old=null
2023-08-25 11:37:50,576 [40eb42f8-08cb-4edc-9c90-450b1ff1d9e5-groupManagement] INFO  server.RaftServer$Division (RaftServerImpl.java:setRole(329)) - 40eb42f8-08cb-4edc-9c90-450b1ff1d9e5@group-14240D4C7027: changes role from      null to FOLLOWER at term 0 for startAsFollower
2023-08-25 11:37:50,577 [40eb42f8-08cb-4edc-9c90-450b1ff1d9e5-groupManagement] INFO  impl.RoleInfo (RoleInfo.java:updateAndGet(139)) - 40eb42f8-08cb-4edc-9c90-450b1ff1d9e5: start 40eb42f8-08cb-4edc-9c90-450b1ff1d9e5@group-14240D4C7027-FollowerState
2023-08-25 11:37:50,577 [40eb42f8-08cb-4edc-9c90-450b1ff1d9e5-groupManagement] INFO  util.JmxRegister (JmxRegister.java:tryRegister(44)) - Successfully registered JMX Bean with object name Ratis:service=RaftServer,group=group-14240D4C7027,id=40eb42f8-08cb-4edc-9c90-450b1ff1d9e5
2023-08-25 11:37:50,577 [40eb42f8-08cb-4edc-9c90-450b1ff1d9e5-groupManagement] INFO  server.RaftServerConfigKeys (ConfUtils.java:logGet(46)) - raft.server.snapshot.auto.trigger.enabled = true (custom)
2023-08-25 11:37:50,577 [40eb42f8-08cb-4edc-9c90-450b1ff1d9e5-groupManagement] INFO  server.RaftServerConfigKeys (ConfUtils.java:logGet(46)) - raft.server.snapshot.auto.trigger.threshold = 10000 (custom)
2023-08-25 11:37:50,577 [40eb42f8-08cb-4edc-9c90-450b1ff1d9e5-groupManagement] INFO  server.RaftServerConfigKeys (ConfUtils.java:logGet(46)) - raft.server.snapshot.retention.file.num = 5 (custom)
2023-08-25 11:37:50,577 [40eb42f8-08cb-4edc-9c90-450b1ff1d9e5-groupManagement] INFO  server.RaftServerConfigKeys (ConfUtils.java:logGet(46)) - raft.server.log.purge.upto.snapshot.index = false (default)
2023-08-25 11:37:50,578 [PipelineCommandHandlerThread-0] INFO  ratis.XceiverServerRatis (XceiverServerRatis.java:addGroup(804)) - Created group PipelineID=d1d156a1-bb0f-4348-8faa-14240d4c7027
2023-08-25 11:37:50,578 [40eb42f8-08cb-4edc-9c90-450b1ff1d9e5@group-14240D4C7027-FollowerState] INFO  server.RaftServerConfigKeys (ConfUtils.java:logFallback(53)) - raft.server.rpc.first-election.timeout.min = 5s (fallback to raft.server.rpc.timeout.min)
2023-08-25 11:37:50,578 [PipelineCommandHandlerThread-0] INFO  commandhandler.CreatePipelineCommandHandler (CreatePipelineCommandHandler.java:lambda$handle$2(124)) - Created Pipeline RATIS ONE PipelineID=d1d156a1-bb0f-4348-8faa-14240d4c7027.
2023-08-25 11:37:50,578 [PipelineCommandHandlerThread-0] INFO  server.RaftServer (RaftServerProxy.java:addNew(98)) - 40eb42f8-08cb-4edc-9c90-450b1ff1d9e5: addNew group-E22CF1986947:[f8b5371a-a27d-49bd-9775-6107617962eb|rpc:10.1.0.52:15191|admin:10.1.0.52:15190|client:10.1.0.52:15189|dataStream:10.1.0.52:15192|priority:0|startupRole:FOLLOWER, 40eb42f8-08cb-4edc-9c90-450b1ff1d9e5|rpc:10.1.0.52:15173|admin:10.1.0.52:15172|client:10.1.0.52:15171|dataStream:10.1.0.52:15174|priority:0|startupRole:FOLLOWER, c88c3db0-6d18-4a8e-bc96-216262cb4b87|rpc:10.1.0.52:15182|admin:10.1.0.52:15181|client:10.1.0.52:15180|dataStream:10.1.0.52:15183|priority:1|startupRole:FOLLOWER] returns group-E22CF1986947:java.util.concurrent.CompletableFuture@644c7d04[Not completed]
2023-08-25 11:37:50,580 [40eb42f8-08cb-4edc-9c90-450b1ff1d9e5-groupManagement] INFO  server.RaftServer$Division (RaftServerImpl.java:<init>(198)) - 40eb42f8-08cb-4edc-9c90-450b1ff1d9e5: new RaftServerImpl for group-E22CF1986947:[f8b5371a-a27d-49bd-9775-6107617962eb|rpc:10.1.0.52:15191|admin:10.1.0.52:15190|client:10.1.0.52:15189|dataStream:10.1.0.52:15192|priority:0|startupRole:FOLLOWER, 40eb42f8-08cb-4edc-9c90-450b1ff1d9e5|rpc:10.1.0.52:15173|admin:10.1.0.52:15172|client:10.1.0.52:15171|dataStream:10.1.0.52:15174|priority:0|startupRole:FOLLOWER, c88c3db0-6d18-4a8e-bc96-216262cb4b87|rpc:10.1.0.52:15182|admin:10.1.0.52:15181|client:10.1.0.52:15180|dataStream:10.1.0.52:15183|priority:1|startupRole:FOLLOWER] with ContainerStateMachine:uninitialized
2023-08-25 11:37:50,580 [40eb42f8-08cb-4edc-9c90-450b1ff1d9e5-groupManagement] INFO  server.RaftServerConfigKeys (ConfUtils.java:logGet(46)) - raft.server.rpc.timeout.min = 5s (custom)
2023-08-25 11:37:50,580 [40eb42f8-08cb-4edc-9c90-450b1ff1d9e5-groupManagement] INFO  server.RaftServerConfigKeys (ConfUtils.java:logGet(46)) - raft.server.rpc.timeout.max = 5200ms (custom)
2023-08-25 11:37:50,580 [40eb42f8-08cb-4edc-9c90-450b1ff1d9e5-groupManagement] INFO  server.RaftServerConfigKeys (ConfUtils.java:logGet(46)) - raft.server.rpc.sleep.time = 25ms (default)
2023-08-25 11:37:50,580 [40eb42f8-08cb-4edc-9c90-450b1ff1d9e5-groupManagement] INFO  server.RaftServerConfigKeys (ConfUtils.java:logGet(46)) - raft.server.rpc.slowness.timeout = 300s (custom)
2023-08-25 11:37:50,580 [40eb42f8-08cb-4edc-9c90-450b1ff1d9e5-groupManagement] INFO  server.RaftServerConfigKeys (ConfUtils.java:logGet(46)) - raft.server.leaderelection.leader.step-down.wait-time = 10s (default)
2023-08-25 11:37:50,580 [40eb42f8-08cb-4edc-9c90-450b1ff1d9e5-groupManagement] INFO  server.RaftServerConfigKeys (ConfUtils.java:logGet(46)) - raft.server.sleep.deviation.threshold = 300ms (default)
2023-08-25 11:37:50,580 [40eb42f8-08cb-4edc-9c90-450b1ff1d9e5-groupManagement] INFO  server.RaftServer$Division (ServerState.java:<init>(120)) - 40eb42f8-08cb-4edc-9c90-450b1ff1d9e5@group-E22CF1986947: ConfigurationManager, init=-1: peers:[f8b5371a-a27d-49bd-9775-6107617962eb|rpc:10.1.0.52:15191|admin:10.1.0.52:15190|client:10.1.0.52:15189|dataStream:10.1.0.52:15192|priority:0|startupRole:FOLLOWER, 40eb42f8-08cb-4edc-9c90-450b1ff1d9e5|rpc:10.1.0.52:15173|admin:10.1.0.52:15172|client:10.1.0.52:15171|dataStream:10.1.0.52:15174|priority:0|startupRole:FOLLOWER, c88c3db0-6d18-4a8e-bc96-216262cb4b87|rpc:10.1.0.52:15182|admin:10.1.0.52:15181|client:10.1.0.52:15180|dataStream:10.1.0.52:15183|priority:1|startupRole:FOLLOWER]|listeners:[], old=null, confs=<EMPTY_MAP>
2023-08-25 11:37:50,580 [40eb42f8-08cb-4edc-9c90-450b1ff1d9e5-groupManagement] INFO  server.RaftServerConfigKeys (ConfUtils.java:logGet(46)) - raft.server.storage.dir = [/home/runner/work/ozone/ozone/hadoop-ozone/integration-test/target/test-dir/MiniOzoneClusterImpl-e63a8ec6-da9e-4c95-a9d5-015e34518cdf/datanode-0/data/ratis] (custom)
2023-08-25 11:37:50,580 [40eb42f8-08cb-4edc-9c90-450b1ff1d9e5-groupManagement] INFO  server.RaftServerConfigKeys (ConfUtils.java:logGet(46)) - raft.server.log.corruption.policy = EXCEPTION (default)
2023-08-25 11:37:50,580 [40eb42f8-08cb-4edc-9c90-450b1ff1d9e5-groupManagement] INFO  server.RaftServerConfigKeys (ConfUtils.java:logGet(46)) - raft.server.storage.free-space.min = 0MB (=0) (default)
2023-08-25 11:37:50,580 [40eb42f8-08cb-4edc-9c90-450b1ff1d9e5-groupManagement] INFO  server.RaftServerConfigKeys (ConfUtils.java:logGet(46)) - raft.server.notification.no-leader.timeout = 300s (custom)
2023-08-25 11:37:50,580 [40eb42f8-08cb-4edc-9c90-450b1ff1d9e5-groupManagement] INFO  server.RaftServerConfigKeys (ConfUtils.java:logGet(46)) - raft.server.read.timeout = 10s (default)
2023-08-25 11:37:50,580 [40eb42f8-08cb-4edc-9c90-450b1ff1d9e5-groupManagement] INFO  server.RaftServerConfigKeys (ConfUtils.java:logGet(46)) - raft.server.retrycache.expirytime = 600000ms (custom)
2023-08-25 11:37:50,581 [40eb42f8-08cb-4edc-9c90-450b1ff1d9e5-groupManagement] INFO  server.RaftServerConfigKeys (ConfUtils.java:logGet(46)) - raft.server.retrycache.statistics.expirytime = 100μs (default)
2023-08-25 11:37:50,581 [40eb42f8-08cb-4edc-9c90-450b1ff1d9e5-groupManagement] INFO  server.RaftServerConfigKeys (ConfUtils.java:logGet(46)) - raft.server.read.option = DEFAULT (default)
2023-08-25 11:37:50,581 [40eb42f8-08cb-4edc-9c90-450b1ff1d9e5-groupManagement] INFO  server.RaftServerConfigKeys (ConfUtils.java:logGet(46)) - raft.server.rpc.request.timeout = 60s (custom)
2023-08-25 11:37:50,581 [40eb42f8-08cb-4edc-9c90-450b1ff1d9e5-groupManagement] INFO  server.RaftServerConfigKeys (ConfUtils.java:logGet(46)) - raft.server.log.appender.install.snapshot.enabled = false (custom)
2023-08-25 11:37:50,582 [40eb42f8-08cb-4edc-9c90-450b1ff1d9e5-groupManagement] INFO  server.RaftServerConfigKeys (ConfUtils.java:logGet(46)) - raft.server.threadpool.server.cached = true (default)
2023-08-25 11:37:50,582 [40eb42f8-08cb-4edc-9c90-450b1ff1d9e5-groupManagement] INFO  server.RaftServerConfigKeys (ConfUtils.java:logGet(46)) - raft.server.threadpool.server.size = 0 (default)
2023-08-25 11:37:50,582 [40eb42f8-08cb-4edc-9c90-450b1ff1d9e5-groupManagement] INFO  server.RaftServerConfigKeys (ConfUtils.java:logGet(46)) - raft.server.threadpool.client.cached = true (default)
2023-08-25 11:37:50,582 [40eb42f8-08cb-4edc-9c90-450b1ff1d9e5-groupManagement] INFO  server.RaftServerConfigKeys (ConfUtils.java:logGet(46)) - raft.server.threadpool.client.size = 0 (default)
2023-08-25 11:37:50,584 [40eb42f8-08cb-4edc-9c90-450b1ff1d9e5-groupManagement] INFO  storage.RaftStorageDirectory (RaftStorageDirectoryImpl.java:analyzeStorage(137)) - The storage directory /home/runner/work/ozone/ozone/hadoop-ozone/integration-test/target/test-dir/MiniOzoneClusterImpl-e63a8ec6-da9e-4c95-a9d5-015e34518cdf/datanode-0/data/ratis/5c2102be-7156-46ef-b194-e22cf1986947 does not exist. Creating ...
2023-08-25 11:37:50,585 [40eb42f8-08cb-4edc-9c90-450b1ff1d9e5@group-14240D4C7027-FollowerState] INFO  server.RaftServerConfigKeys (ConfUtils.java:logFallback(53)) - raft.server.rpc.first-election.timeout.max = 5200ms (fallback to raft.server.rpc.timeout.max)
2023-08-25 11:37:50,586 [40eb42f8-08cb-4edc-9c90-450b1ff1d9e5-groupManagement] INFO  storage.RaftStorageDirectory (RaftStorageDirectoryImpl.java:tryLock(231)) - Lock on /home/runner/work/ozone/ozone/hadoop-ozone/integration-test/target/test-dir/MiniOzoneClusterImpl-e63a8ec6-da9e-4c95-a9d5-015e34518cdf/datanode-0/data/ratis/5c2102be-7156-46ef-b194-e22cf1986947/in_use.lock acquired by nodename 61563@fv-az508-118
2023-08-25 11:37:50,589 [40eb42f8-08cb-4edc-9c90-450b1ff1d9e5-groupManagement] INFO  storage.RaftStorage (RaftStorageImpl.java:format(96)) - Storage directory /home/runner/work/ozone/ozone/hadoop-ozone/integration-test/target/test-dir/MiniOzoneClusterImpl-e63a8ec6-da9e-4c95-a9d5-015e34518cdf/datanode-0/data/ratis/5c2102be-7156-46ef-b194-e22cf1986947 has been successfully formatted.
2023-08-25 11:37:50,591 [40eb42f8-08cb-4edc-9c90-450b1ff1d9e5-groupManagement] INFO  ratis.ContainerStateMachine (ContainerStateMachine.java:loadSnapshot(262)) - group-E22CF1986947: The snapshot info is null. Setting the last applied indexto:(t:0, i:~)
2023-08-25 11:37:50,591 [40eb42f8-08cb-4edc-9c90-450b1ff1d9e5-groupManagement] INFO  server.RaftServerConfigKeys (ConfUtils.java:logGet(46)) - raft.server.log.use.memory = false (default)
2023-08-25 11:37:50,591 [40eb42f8-08cb-4edc-9c90-450b1ff1d9e5-groupManagement] INFO  server.RaftServerConfigKeys (ConfUtils.java:logGet(46)) - raft.server.log.purge.gap = 1000000 (custom)
2023-08-25 11:37:50,591 [40eb42f8-08cb-4edc-9c90-450b1ff1d9e5-groupManagement] INFO  server.RaftServerConfigKeys (ConfUtils.java:logGet(46)) - raft.server.log.appender.buffer.byte-limit = 33554432 (custom)
2023-08-25 11:37:50,591 [40eb42f8-08cb-4edc-9c90-450b1ff1d9e5-groupManagement] INFO  server.RaftServerConfigKeys (ConfUtils.java:logGet(46)) - raft.server.log.statemachine.data.read.timeout = 1000ms (default)
2023-08-25 11:37:50,591 [EventQueue-OpenPipelineForHealthyPipelineSafeModeRule] INFO  safemode.SCMSafeModeManager (HealthyPipelineSafeModeRule.java:process(137)) - SCM in safe mode. Healthy pipelines reported count is 0, required healthy pipeline reported count is 1
2023-08-25 11:37:50,591 [40eb42f8-08cb-4edc-9c90-450b1ff1d9e5-groupManagement] INFO  server.RaftServerConfigKeys (ConfUtils.java:logGet(46)) - raft.server.log.purge.preservation.log.num = 0 (default)
2023-08-25 11:37:50,592 [40eb42f8-08cb-4edc-9c90-450b1ff1d9e5-groupManagement] INFO  server.RaftServerConfigKeys (ConfUtils.java:logGet(46)) - raft.server.log.segment.size.max = 1048576 (custom)
2023-08-25 11:37:50,592 [40eb42f8-08cb-4edc-9c90-450b1ff1d9e5-groupManagement] INFO  server.RaftServerConfigKeys (ConfUtils.java:logGet(46)) - raft.server.log.segment.cache.num.max = 2 (custom)
2023-08-25 11:37:50,592 [40eb42f8-08cb-4edc-9c90-450b1ff1d9e5-groupManagement] INFO  server.RaftServerConfigKeys (ConfUtils.java:logGet(46)) - raft.server.log.segment.cache.size.max = 200MB (=209715200) (default)
2023-08-25 11:37:50,592 [40eb42f8-08cb-4edc-9c90-450b1ff1d9e5-groupManagement] INFO  server.RaftServerConfigKeys (ConfUtils.java:logGet(46)) - raft.server.log.appender.buffer.byte-limit = 33554432 (custom)
2023-08-25 11:37:50,592 [40eb42f8-08cb-4edc-9c90-450b1ff1d9e5-groupManagement] INFO  segmented.SegmentedRaftLogWorker (SegmentedRaftLogWorker.java:<init>(188)) - new 40eb42f8-08cb-4edc-9c90-450b1ff1d9e5@group-E22CF1986947-SegmentedRaftLogWorker for RaftStorageImpl:Storage Directory /home/runner/work/ozone/ozone/hadoop-ozone/integration-test/target/test-dir/MiniOzoneClusterImpl-e63a8ec6-da9e-4c95-a9d5-015e34518cdf/datanode-0/data/ratis/5c2102be-7156-46ef-b194-e22cf1986947
2023-08-25 11:37:50,592 [40eb42f8-08cb-4edc-9c90-450b1ff1d9e5-groupManagement] INFO  server.RaftServerConfigKeys (ConfUtils.java:logGet(46)) - raft.server.log.queue.byte-limit = 4294967296 (custom)
2023-08-25 11:37:50,592 [40eb42f8-08cb-4edc-9c90-450b1ff1d9e5-groupManagement] INFO  server.RaftServerConfigKeys (ConfUtils.java:logGet(46)) - raft.server.log.queue.element-limit = 1024 (custom)
2023-08-25 11:37:50,592 [40eb42f8-08cb-4edc-9c90-450b1ff1d9e5-groupManagement] INFO  server.RaftServerConfigKeys (ConfUtils.java:logGet(46)) - raft.server.log.segment.size.max = 1048576 (custom)
2023-08-25 11:37:50,592 [40eb42f8-08cb-4edc-9c90-450b1ff1d9e5-groupManagement] INFO  server.RaftServerConfigKeys (ConfUtils.java:logGet(46)) - raft.server.log.preallocated.size = 16384 (custom)
2023-08-25 11:37:50,592 [40eb42f8-08cb-4edc-9c90-450b1ff1d9e5-groupManagement] INFO  server.RaftServerConfigKeys (ConfUtils.java:logGet(46)) - raft.server.log.force.sync.num = 128 (default)
2023-08-25 11:37:50,592 [40eb42f8-08cb-4edc-9c90-450b1ff1d9e5-groupManagement] INFO  server.RaftServerConfigKeys (ConfUtils.java:logGet(46)) - raft.server.log.statemachine.data.sync = true (default)
2023-08-25 11:37:50,593 [40eb42f8-08cb-4edc-9c90-450b1ff1d9e5-groupManagement] INFO  server.RaftServerConfigKeys (ConfUtils.java:logGet(46)) - raft.server.log.statemachine.data.sync.timeout = 10s (default)
2023-08-25 11:37:50,593 [40eb42f8-08cb-4edc-9c90-450b1ff1d9e5-groupManagement] INFO  server.RaftServerConfigKeys (ConfUtils.java:logGet(46)) - raft.server.log.statemachine.data.sync.timeout.retry = -1 (default)
2023-08-25 11:37:50,593 [40eb42f8-08cb-4edc-9c90-450b1ff1d9e5-groupManagement] INFO  server.RaftServerConfigKeys (ConfUtils.java:logGet(46)) - raft.server.log.write.buffer.size = 1048576 (custom)
2023-08-25 11:37:50,594 [40eb42f8-08cb-4edc-9c90-450b1ff1d9e5-groupManagement] INFO  server.RaftServerConfigKeys (ConfUtils.java:logGet(46)) - raft.server.log.appender.buffer.byte-limit = 33554432 (custom)
2023-08-25 11:37:50,602 [40eb42f8-08cb-4edc-9c90-450b1ff1d9e5-groupManagement] INFO  server.RaftServerConfigKeys (ConfUtils.java:logGet(46)) - raft.server.log.unsafe-flush.enabled = false (default)
2023-08-25 11:37:50,602 [40eb42f8-08cb-4edc-9c90-450b1ff1d9e5-groupManagement] INFO  server.RaftServerConfigKeys (ConfUtils.java:logGet(46)) - raft.server.log.async-flush.enabled = false (default)
2023-08-25 11:37:50,602 [40eb42f8-08cb-4edc-9c90-450b1ff1d9e5-groupManagement] INFO  server.RaftServerConfigKeys (ConfUtils.java:logGet(46)) - raft.server.log.statemachine.data.caching.enabled = true (custom)
2023-08-25 11:37:50,602 [40eb42f8-08cb-4edc-9c90-450b1ff1d9e5-groupManagement] INFO  segmented.SegmentedRaftLogWorker (SegmentedRaftLogWorker.java:lambda$new$0(135)) - 40eb42f8-08cb-4edc-9c90-450b1ff1d9e5@group-E22CF1986947-SegmentedRaftLogWorker: flushIndex: setUnconditionally 0 -> -1
2023-08-25 11:37:50,602 [40eb42f8-08cb-4edc-9c90-450b1ff1d9e5-groupManagement] INFO  segmented.SegmentedRaftLogWorker (SegmentedRaftLogWorker.java:lambda$new$0(135)) - 40eb42f8-08cb-4edc-9c90-450b1ff1d9e5@group-E22CF1986947-SegmentedRaftLogWorker: safeCacheEvictIndex: setUnconditionally 0 -> -1
2023-08-25 11:37:50,603 [40eb42f8-08cb-4edc-9c90-450b1ff1d9e5-groupManagement] INFO  server.RaftServer$Division (RaftServerImpl.java:start(342)) - 40eb42f8-08cb-4edc-9c90-450b1ff1d9e5@group-E22CF1986947: start as a follower, conf=-1: peers:[f8b5371a-a27d-49bd-9775-6107617962eb|rpc:10.1.0.52:15191|admin:10.1.0.52:15190|client:10.1.0.52:15189|dataStream:10.1.0.52:15192|priority:0|startupRole:FOLLOWER, 40eb42f8-08cb-4edc-9c90-450b1ff1d9e5|rpc:10.1.0.52:15173|admin:10.1.0.52:15172|client:10.1.0.52:15171|dataStream:10.1.0.52:15174|priority:0|startupRole:FOLLOWER, c88c3db0-6d18-4a8e-bc96-216262cb4b87|rpc:10.1.0.52:15182|admin:10.1.0.52:15181|client:10.1.0.52:15180|dataStream:10.1.0.52:15183|priority:1|startupRole:FOLLOWER]|listeners:[], old=null
2023-08-25 11:37:50,603 [40eb42f8-08cb-4edc-9c90-450b1ff1d9e5-groupManagement] INFO  server.RaftServer$Division (RaftServerImpl.java:setRole(329)) - 40eb42f8-08cb-4edc-9c90-450b1ff1d9e5@group-E22CF1986947: changes role from      null to FOLLOWER at term 0 for startAsFollower
2023-08-25 11:37:50,603 [40eb42f8-08cb-4edc-9c90-450b1ff1d9e5-groupManagement] INFO  impl.RoleInfo (RoleInfo.java:updateAndGet(139)) - 40eb42f8-08cb-4edc-9c90-450b1ff1d9e5: start 40eb42f8-08cb-4edc-9c90-450b1ff1d9e5@group-E22CF1986947-FollowerState
2023-08-25 11:37:50,603 [40eb42f8-08cb-4edc-9c90-450b1ff1d9e5-groupManagement] INFO  util.JmxRegister (JmxRegister.java:tryRegister(44)) - Successfully registered JMX Bean with object name Ratis:service=RaftServer,group=group-E22CF1986947,id=40eb42f8-08cb-4edc-9c90-450b1ff1d9e5
2023-08-25 11:37:50,603 [40eb42f8-08cb-4edc-9c90-450b1ff1d9e5-groupManagement] INFO  server.RaftServerConfigKeys (ConfUtils.java:logGet(46)) - raft.server.snapshot.auto.trigger.enabled = true (custom)
2023-08-25 11:37:50,603 [40eb42f8-08cb-4edc-9c90-450b1ff1d9e5-groupManagement] INFO  server.RaftServerConfigKeys (ConfUtils.java:logGet(46)) - raft.server.snapshot.auto.trigger.threshold = 10000 (custom)
2023-08-25 11:37:50,604 [40eb42f8-08cb-4edc-9c90-450b1ff1d9e5-groupManagement] INFO  server.RaftServerConfigKeys (ConfUtils.java:logGet(46)) - raft.server.snapshot.retention.file.num = 5 (custom)
2023-08-25 11:37:50,604 [40eb42f8-08cb-4edc-9c90-450b1ff1d9e5-groupManagement] INFO  server.RaftServerConfigKeys (ConfUtils.java:logGet(46)) - raft.server.log.purge.upto.snapshot.index = false (default)
2023-08-25 11:37:50,603 [40eb42f8-08cb-4edc-9c90-450b1ff1d9e5@group-E22CF1986947-FollowerState] INFO  server.RaftServerConfigKeys (ConfUtils.java:logFallback(53)) - raft.server.rpc.first-election.timeout.min = 5s (fallback to raft.server.rpc.timeout.min)
2023-08-25 11:37:50,604 [40eb42f8-08cb-4edc-9c90-450b1ff1d9e5@group-E22CF1986947-FollowerState] INFO  server.RaftServerConfigKeys (ConfUtils.java:logFallback(53)) - raft.server.rpc.first-election.timeout.max = 5200ms (fallback to raft.server.rpc.timeout.max)
2023-08-25 11:37:50,605 [PipelineCommandHandlerThread-0] INFO  ratis.XceiverServerRatis (XceiverServerRatis.java:addGroup(804)) - Created group PipelineID=5c2102be-7156-46ef-b194-e22cf1986947
2023-08-25 11:37:50,622 [grpc-default-executor-0] INFO  server.RaftServer (RaftServerProxy.java:addNew(98)) - c88c3db0-6d18-4a8e-bc96-216262cb4b87: addNew group-E22CF1986947:[f8b5371a-a27d-49bd-9775-6107617962eb|rpc:10.1.0.52:15191|admin:10.1.0.52:15190|client:10.1.0.52:15189|dataStream:10.1.0.52:15192|priority:0|startupRole:FOLLOWER, 40eb42f8-08cb-4edc-9c90-450b1ff1d9e5|rpc:10.1.0.52:15173|admin:10.1.0.52:15172|client:10.1.0.52:15171|dataStream:10.1.0.52:15174|priority:0|startupRole:FOLLOWER, c88c3db0-6d18-4a8e-bc96-216262cb4b87|rpc:10.1.0.52:15182|admin:10.1.0.52:15181|client:10.1.0.52:15180|dataStream:10.1.0.52:15183|priority:1|startupRole:FOLLOWER] returns group-E22CF1986947:java.util.concurrent.CompletableFuture@229dd1fa[Not completed]
2023-08-25 11:37:50,623 [c88c3db0-6d18-4a8e-bc96-216262cb4b87-groupManagement] INFO  server.RaftServer$Division (RaftServerImpl.java:<init>(198)) - c88c3db0-6d18-4a8e-bc96-216262cb4b87: new RaftServerImpl for group-E22CF1986947:[f8b5371a-a27d-49bd-9775-6107617962eb|rpc:10.1.0.52:15191|admin:10.1.0.52:15190|client:10.1.0.52:15189|dataStream:10.1.0.52:15192|priority:0|startupRole:FOLLOWER, 40eb42f8-08cb-4edc-9c90-450b1ff1d9e5|rpc:10.1.0.52:15173|admin:10.1.0.52:15172|client:10.1.0.52:15171|dataStream:10.1.0.52:15174|priority:0|startupRole:FOLLOWER, c88c3db0-6d18-4a8e-bc96-216262cb4b87|rpc:10.1.0.52:15182|admin:10.1.0.52:15181|client:10.1.0.52:15180|dataStream:10.1.0.52:15183|priority:1|startupRole:FOLLOWER] with ContainerStateMachine:uninitialized
2023-08-25 11:37:50,623 [c88c3db0-6d18-4a8e-bc96-216262cb4b87-groupManagement] INFO  server.RaftServerConfigKeys (ConfUtils.java:logGet(46)) - raft.server.rpc.timeout.min = 5s (custom)
2023-08-25 11:37:50,623 [c88c3db0-6d18-4a8e-bc96-216262cb4b87-groupManagement] INFO  server.RaftServerConfigKeys (ConfUtils.java:logGet(46)) - raft.server.rpc.timeout.max = 5200ms (custom)
2023-08-25 11:37:50,623 [c88c3db0-6d18-4a8e-bc96-216262cb4b87-groupManagement] INFO  server.RaftServerConfigKeys (ConfUtils.java:logGet(46)) - raft.server.rpc.sleep.time = 25ms (default)
2023-08-25 11:37:50,623 [c88c3db0-6d18-4a8e-bc96-216262cb4b87-groupManagement] INFO  server.RaftServerConfigKeys (ConfUtils.java:logGet(46)) - raft.server.rpc.slowness.timeout = 300s (custom)
2023-08-25 11:37:50,624 [c88c3db0-6d18-4a8e-bc96-216262cb4b87-groupManagement] INFO  server.RaftServerConfigKeys (ConfUtils.java:logGet(46)) - raft.server.leaderelection.leader.step-down.wait-time = 10s (default)
2023-08-25 11:37:50,624 [c88c3db0-6d18-4a8e-bc96-216262cb4b87-groupManagement] INFO  server.RaftServerConfigKeys (ConfUtils.java:logGet(46)) - raft.server.sleep.deviation.threshold = 300ms (default)
2023-08-25 11:37:50,624 [c88c3db0-6d18-4a8e-bc96-216262cb4b87-groupManagement] INFO  server.RaftServer$Division (ServerState.java:<init>(120)) - c88c3db0-6d18-4a8e-bc96-216262cb4b87@group-E22CF1986947: ConfigurationManager, init=-1: peers:[f8b5371a-a27d-49bd-9775-6107617962eb|rpc:10.1.0.52:15191|admin:10.1.0.52:15190|client:10.1.0.52:15189|dataStream:10.1.0.52:15192|priority:0|startupRole:FOLLOWER, 40eb42f8-08cb-4edc-9c90-450b1ff1d9e5|rpc:10.1.0.52:15173|admin:10.1.0.52:15172|client:10.1.0.52:15171|dataStream:10.1.0.52:15174|priority:0|startupRole:FOLLOWER, c88c3db0-6d18-4a8e-bc96-216262cb4b87|rpc:10.1.0.52:15182|admin:10.1.0.52:15181|client:10.1.0.52:15180|dataStream:10.1.0.52:15183|priority:1|startupRole:FOLLOWER]|listeners:[], old=null, confs=<EMPTY_MAP>
2023-08-25 11:37:50,624 [c88c3db0-6d18-4a8e-bc96-216262cb4b87-groupManagement] INFO  server.RaftServerConfigKeys (ConfUtils.java:logGet(46)) - raft.server.storage.dir = [/home/runner/work/ozone/ozone/hadoop-ozone/integration-test/target/test-dir/MiniOzoneClusterImpl-e63a8ec6-da9e-4c95-a9d5-015e34518cdf/datanode-1/data/ratis] (custom)
2023-08-25 11:37:50,624 [c88c3db0-6d18-4a8e-bc96-216262cb4b87-groupManagement] INFO  server.RaftServerConfigKeys (ConfUtils.java:logGet(46)) - raft.server.log.corruption.policy = EXCEPTION (default)
2023-08-25 11:37:50,625 [c88c3db0-6d18-4a8e-bc96-216262cb4b87-groupManagement] INFO  server.RaftServerConfigKeys (ConfUtils.java:logGet(46)) - raft.server.storage.free-space.min = 0MB (=0) (default)
2023-08-25 11:37:50,625 [c88c3db0-6d18-4a8e-bc96-216262cb4b87-groupManagement] INFO  server.RaftServerConfigKeys (ConfUtils.java:logGet(46)) - raft.server.notification.no-leader.timeout = 300s (custom)
2023-08-25 11:37:50,625 [c88c3db0-6d18-4a8e-bc96-216262cb4b87-groupManagement] INFO  server.RaftServerConfigKeys (ConfUtils.java:logGet(46)) - raft.server.read.timeout = 10s (default)
2023-08-25 11:37:50,625 [c88c3db0-6d18-4a8e-bc96-216262cb4b87-groupManagement] INFO  server.RaftServerConfigKeys (ConfUtils.java:logGet(46)) - raft.server.retrycache.expirytime = 600000ms (custom)
2023-08-25 11:37:50,625 [c88c3db0-6d18-4a8e-bc96-216262cb4b87-groupManagement] INFO  server.RaftServerConfigKeys (ConfUtils.java:logGet(46)) - raft.server.retrycache.statistics.expirytime = 100μs (default)
2023-08-25 11:37:50,625 [c88c3db0-6d18-4a8e-bc96-216262cb4b87-groupManagement] INFO  server.RaftServerConfigKeys (ConfUtils.java:logGet(46)) - raft.server.read.option = DEFAULT (default)
2023-08-25 11:37:50,629 [c88c3db0-6d18-4a8e-bc96-216262cb4b87-groupManagement] INFO  server.RaftServerConfigKeys (ConfUtils.java:logGet(46)) - raft.server.rpc.request.timeout = 60s (custom)
2023-08-25 11:37:50,630 [c88c3db0-6d18-4a8e-bc96-216262cb4b87-groupManagement] INFO  server.RaftServerConfigKeys (ConfUtils.java:logGet(46)) - raft.server.log.appender.install.snapshot.enabled = false (custom)
2023-08-25 11:37:50,630 [c88c3db0-6d18-4a8e-bc96-216262cb4b87-groupManagement] INFO  server.RaftServerConfigKeys (ConfUtils.java:logGet(46)) - raft.server.threadpool.server.cached = true (default)
2023-08-25 11:37:50,630 [c88c3db0-6d18-4a8e-bc96-216262cb4b87-groupManagement] INFO  server.RaftServerConfigKeys (ConfUtils.java:logGet(46)) - raft.server.threadpool.server.size = 0 (default)
2023-08-25 11:37:50,630 [c88c3db0-6d18-4a8e-bc96-216262cb4b87-groupManagement] INFO  server.RaftServerConfigKeys (ConfUtils.java:logGet(46)) - raft.server.threadpool.client.cached = true (default)
2023-08-25 11:37:50,630 [c88c3db0-6d18-4a8e-bc96-216262cb4b87-groupManagement] INFO  server.RaftServerConfigKeys (ConfUtils.java:logGet(46)) - raft.server.threadpool.client.size = 0 (default)
2023-08-25 11:37:50,630 [c88c3db0-6d18-4a8e-bc96-216262cb4b87-groupManagement] INFO  storage.RaftStorageDirectory (RaftStorageDirectoryImpl.java:analyzeStorage(137)) - The storage directory /home/runner/work/ozone/ozone/hadoop-ozone/integration-test/target/test-dir/MiniOzoneClusterImpl-e63a8ec6-da9e-4c95-a9d5-015e34518cdf/datanode-1/data/ratis/5c2102be-7156-46ef-b194-e22cf1986947 does not exist. Creating ...
2023-08-25 11:37:50,632 [c88c3db0-6d18-4a8e-bc96-216262cb4b87-groupManagement] INFO  storage.RaftStorageDirectory (RaftStorageDirectoryImpl.java:tryLock(231)) - Lock on /home/runner/work/ozone/ozone/hadoop-ozone/integration-test/target/test-dir/MiniOzoneClusterImpl-e63a8ec6-da9e-4c95-a9d5-015e34518cdf/datanode-1/data/ratis/5c2102be-7156-46ef-b194-e22cf1986947/in_use.lock acquired by nodename 61563@fv-az508-118
2023-08-25 11:37:50,634 [c88c3db0-6d18-4a8e-bc96-216262cb4b87-groupManagement] INFO  storage.RaftStorage (RaftStorageImpl.java:format(96)) - Storage directory /home/runner/work/ozone/ozone/hadoop-ozone/integration-test/target/test-dir/MiniOzoneClusterImpl-e63a8ec6-da9e-4c95-a9d5-015e34518cdf/datanode-1/data/ratis/5c2102be-7156-46ef-b194-e22cf1986947 has been successfully formatted.
2023-08-25 11:37:50,640 [c88c3db0-6d18-4a8e-bc96-216262cb4b87-groupManagement] INFO  ratis.ContainerStateMachine (ContainerStateMachine.java:loadSnapshot(262)) - group-E22CF1986947: The snapshot info is null. Setting the last applied indexto:(t:0, i:~)
2023-08-25 11:37:50,640 [c88c3db0-6d18-4a8e-bc96-216262cb4b87-groupManagement] INFO  server.RaftServerConfigKeys (ConfUtils.java:logGet(46)) - raft.server.log.use.memory = false (default)
2023-08-25 11:37:50,641 [c88c3db0-6d18-4a8e-bc96-216262cb4b87-groupManagement] INFO  server.RaftServerConfigKeys (ConfUtils.java:logGet(46)) - raft.server.log.purge.gap = 1000000 (custom)
2023-08-25 11:37:50,641 [c88c3db0-6d18-4a8e-bc96-216262cb4b87-groupManagement] INFO  server.RaftServerConfigKeys (ConfUtils.java:logGet(46)) - raft.server.log.appender.buffer.byte-limit = 33554432 (custom)
2023-08-25 11:37:50,641 [c88c3db0-6d18-4a8e-bc96-216262cb4b87-groupManagement] INFO  server.RaftServerConfigKeys (ConfUtils.java:logGet(46)) - raft.server.log.statemachine.data.read.timeout = 1000ms (default)
2023-08-25 11:37:50,641 [c88c3db0-6d18-4a8e-bc96-216262cb4b87-groupManagement] INFO  server.RaftServerConfigKeys (ConfUtils.java:logGet(46)) - raft.server.log.purge.preservation.log.num = 0 (default)
2023-08-25 11:37:50,641 [c88c3db0-6d18-4a8e-bc96-216262cb4b87-groupManagement] INFO  server.RaftServerConfigKeys (ConfUtils.java:logGet(46)) - raft.server.log.segment.size.max = 1048576 (custom)
2023-08-25 11:37:50,641 [c88c3db0-6d18-4a8e-bc96-216262cb4b87-groupManagement] INFO  server.RaftServerConfigKeys (ConfUtils.java:logGet(46)) - raft.server.log.segment.cache.num.max = 2 (custom)
2023-08-25 11:37:50,641 [c88c3db0-6d18-4a8e-bc96-216262cb4b87-groupManagement] INFO  server.RaftServerConfigKeys (ConfUtils.java:logGet(46)) - raft.server.log.segment.cache.size.max = 200MB (=209715200) (default)
2023-08-25 11:37:50,641 [c88c3db0-6d18-4a8e-bc96-216262cb4b87-groupManagement] INFO  server.RaftServerConfigKeys (ConfUtils.java:logGet(46)) - raft.server.log.appender.buffer.byte-limit = 33554432 (custom)
2023-08-25 11:37:50,642 [c88c3db0-6d18-4a8e-bc96-216262cb4b87-groupManagement] INFO  segmented.SegmentedRaftLogWorker (SegmentedRaftLogWorker.java:<init>(188)) - new c88c3db0-6d18-4a8e-bc96-216262cb4b87@group-E22CF1986947-SegmentedRaftLogWorker for RaftStorageImpl:Storage Directory /home/runner/work/ozone/ozone/hadoop-ozone/integration-test/target/test-dir/MiniOzoneClusterImpl-e63a8ec6-da9e-4c95-a9d5-015e34518cdf/datanode-1/data/ratis/5c2102be-7156-46ef-b194-e22cf1986947
2023-08-25 11:37:50,643 [c88c3db0-6d18-4a8e-bc96-216262cb4b87-groupManagement] INFO  server.RaftServerConfigKeys (ConfUtils.java:logGet(46)) - raft.server.log.queue.byte-limit = 4294967296 (custom)
2023-08-25 11:37:50,643 [c88c3db0-6d18-4a8e-bc96-216262cb4b87-groupManagement] INFO  server.RaftServerConfigKeys (ConfUtils.java:logGet(46)) - raft.server.log.queue.element-limit = 1024 (custom)
2023-08-25 11:37:50,643 [c88c3db0-6d18-4a8e-bc96-216262cb4b87-groupManagement] INFO  server.RaftServerConfigKeys (ConfUtils.java:logGet(46)) - raft.server.log.segment.size.max = 1048576 (custom)
2023-08-25 11:37:50,643 [c88c3db0-6d18-4a8e-bc96-216262cb4b87-groupManagement] INFO  server.RaftServerConfigKeys (ConfUtils.java:logGet(46)) - raft.server.log.preallocated.size = 16384 (custom)
2023-08-25 11:37:50,643 [c88c3db0-6d18-4a8e-bc96-216262cb4b87-groupManagement] INFO  server.RaftServerConfigKeys (ConfUtils.java:logGet(46)) - raft.server.log.force.sync.num = 128 (default)
2023-08-25 11:37:50,643 [c88c3db0-6d18-4a8e-bc96-216262cb4b87-groupManagement] INFO  server.RaftServerConfigKeys (ConfUtils.java:logGet(46)) - raft.server.log.statemachine.data.sync = true (default)
2023-08-25 11:37:50,643 [c88c3db0-6d18-4a8e-bc96-216262cb4b87-groupManagement] INFO  server.RaftServerConfigKeys (ConfUtils.java:logGet(46)) - raft.server.log.statemachine.data.sync.timeout = 10s (default)
2023-08-25 11:37:50,643 [c88c3db0-6d18-4a8e-bc96-216262cb4b87-groupManagement] INFO  server.RaftServerConfigKeys (ConfUtils.java:logGet(46)) - raft.server.log.statemachine.data.sync.timeout.retry = -1 (default)
2023-08-25 11:37:50,644 [c88c3db0-6d18-4a8e-bc96-216262cb4b87-groupManagement] INFO  server.RaftServerConfigKeys (ConfUtils.java:logGet(46)) - raft.server.log.write.buffer.size = 1048576 (custom)
2023-08-25 11:37:50,646 [c88c3db0-6d18-4a8e-bc96-216262cb4b87-groupManagement] INFO  server.RaftServerConfigKeys (ConfUtils.java:logGet(46)) - raft.server.log.appender.buffer.byte-limit = 33554432 (custom)
2023-08-25 11:37:50,659 [c88c3db0-6d18-4a8e-bc96-216262cb4b87-groupManagement] INFO  server.RaftServerConfigKeys (ConfUtils.java:logGet(46)) - raft.server.log.unsafe-flush.enabled = false (default)
2023-08-25 11:37:50,659 [c88c3db0-6d18-4a8e-bc96-216262cb4b87-groupManagement] INFO  server.RaftServerConfigKeys (ConfUtils.java:logGet(46)) - raft.server.log.async-flush.enabled = false (default)
2023-08-25 11:37:50,659 [c88c3db0-6d18-4a8e-bc96-216262cb4b87-groupManagement] INFO  server.RaftServerConfigKeys (ConfUtils.java:logGet(46)) - raft.server.log.statemachine.data.caching.enabled = true (custom)
2023-08-25 11:37:50,659 [c88c3db0-6d18-4a8e-bc96-216262cb4b87-groupManagement] INFO  segmented.SegmentedRaftLogWorker (SegmentedRaftLogWorker.java:lambda$new$0(135)) - c88c3db0-6d18-4a8e-bc96-216262cb4b87@group-E22CF1986947-SegmentedRaftLogWorker: flushIndex: setUnconditionally 0 -> -1
2023-08-25 11:37:50,659 [c88c3db0-6d18-4a8e-bc96-216262cb4b87-groupManagement] INFO  segmented.SegmentedRaftLogWorker (SegmentedRaftLogWorker.java:lambda$new$0(135)) - c88c3db0-6d18-4a8e-bc96-216262cb4b87@group-E22CF1986947-SegmentedRaftLogWorker: safeCacheEvictIndex: setUnconditionally 0 -> -1
2023-08-25 11:37:50,661 [c88c3db0-6d18-4a8e-bc96-216262cb4b87-groupManagement] INFO  server.RaftServer$Division (RaftServerImpl.java:start(342)) - c88c3db0-6d18-4a8e-bc96-216262cb4b87@group-E22CF1986947: start as a follower, conf=-1: peers:[f8b5371a-a27d-49bd-9775-6107617962eb|rpc:10.1.0.52:15191|admin:10.1.0.52:15190|client:10.1.0.52:15189|dataStream:10.1.0.52:15192|priority:0|startupRole:FOLLOWER, 40eb42f8-08cb-4edc-9c90-450b1ff1d9e5|rpc:10.1.0.52:15173|admin:10.1.0.52:15172|client:10.1.0.52:15171|dataStream:10.1.0.52:15174|priority:0|startupRole:FOLLOWER, c88c3db0-6d18-4a8e-bc96-216262cb4b87|rpc:10.1.0.52:15182|admin:10.1.0.52:15181|client:10.1.0.52:15180|dataStream:10.1.0.52:15183|priority:1|startupRole:FOLLOWER]|listeners:[], old=null
2023-08-25 11:37:50,661 [c88c3db0-6d18-4a8e-bc96-216262cb4b87-groupManagement] INFO  server.RaftServer$Division (RaftServerImpl.java:setRole(329)) - c88c3db0-6d18-4a8e-bc96-216262cb4b87@group-E22CF1986947: changes role from      null to FOLLOWER at term 0 for startAsFollower
2023-08-25 11:37:50,661 [c88c3db0-6d18-4a8e-bc96-216262cb4b87-groupManagement] INFO  impl.RoleInfo (RoleInfo.java:updateAndGet(139)) - c88c3db0-6d18-4a8e-bc96-216262cb4b87: start c88c3db0-6d18-4a8e-bc96-216262cb4b87@group-E22CF1986947-FollowerState
2023-08-25 11:37:50,664 [c88c3db0-6d18-4a8e-bc96-216262cb4b87-groupManagement] INFO  util.JmxRegister (JmxRegister.java:tryRegister(44)) - Successfully registered JMX Bean with object name Ratis:service=RaftServer,group=group-E22CF1986947,id=c88c3db0-6d18-4a8e-bc96-216262cb4b87
2023-08-25 11:37:50,665 [c88c3db0-6d18-4a8e-bc96-216262cb4b87-groupManagement] INFO  server.RaftServerConfigKeys (ConfUtils.java:logGet(46)) - raft.server.snapshot.auto.trigger.enabled = true (custom)
2023-08-25 11:37:50,665 [c88c3db0-6d18-4a8e-bc96-216262cb4b87-groupManagement] INFO  server.RaftServerConfigKeys (ConfUtils.java:logGet(46)) - raft.server.snapshot.auto.trigger.threshold = 10000 (custom)
2023-08-25 11:37:50,665 [c88c3db0-6d18-4a8e-bc96-216262cb4b87-groupManagement] INFO  server.RaftServerConfigKeys (ConfUtils.java:logGet(46)) - raft.server.snapshot.retention.file.num = 5 (custom)
2023-08-25 11:37:50,665 [c88c3db0-6d18-4a8e-bc96-216262cb4b87-groupManagement] INFO  server.RaftServerConfigKeys (ConfUtils.java:logGet(46)) - raft.server.log.purge.upto.snapshot.index = false (default)
2023-08-25 11:37:50,665 [c88c3db0-6d18-4a8e-bc96-216262cb4b87@group-E22CF1986947-FollowerState] INFO  server.RaftServerConfigKeys (ConfUtils.java:logFallback(53)) - raft.server.rpc.first-election.timeout.min = 5s (fallback to raft.server.rpc.timeout.min)
2023-08-25 11:37:50,665 [c88c3db0-6d18-4a8e-bc96-216262cb4b87@group-E22CF1986947-FollowerState] INFO  server.RaftServerConfigKeys (ConfUtils.java:logFallback(53)) - raft.server.rpc.first-election.timeout.max = 5200ms (fallback to raft.server.rpc.timeout.max)
2023-08-25 11:37:50,698 [grpc-default-executor-0] INFO  server.RaftServer (RaftServerProxy.java:addNew(98)) - f8b5371a-a27d-49bd-9775-6107617962eb: addNew group-E22CF1986947:[f8b5371a-a27d-49bd-9775-6107617962eb|rpc:10.1.0.52:15191|admin:10.1.0.52:15190|client:10.1.0.52:15189|dataStream:10.1.0.52:15192|priority:0|startupRole:FOLLOWER, 40eb42f8-08cb-4edc-9c90-450b1ff1d9e5|rpc:10.1.0.52:15173|admin:10.1.0.52:15172|client:10.1.0.52:15171|dataStream:10.1.0.52:15174|priority:0|startupRole:FOLLOWER, c88c3db0-6d18-4a8e-bc96-216262cb4b87|rpc:10.1.0.52:15182|admin:10.1.0.52:15181|client:10.1.0.52:15180|dataStream:10.1.0.52:15183|priority:1|startupRole:FOLLOWER] returns group-E22CF1986947:java.util.concurrent.CompletableFuture@18bb0156[Not completed]
2023-08-25 11:37:50,699 [f8b5371a-a27d-49bd-9775-6107617962eb-groupManagement] INFO  server.RaftServer$Division (RaftServerImpl.java:<init>(198)) - f8b5371a-a27d-49bd-9775-6107617962eb: new RaftServerImpl for group-E22CF1986947:[f8b5371a-a27d-49bd-9775-6107617962eb|rpc:10.1.0.52:15191|admin:10.1.0.52:15190|client:10.1.0.52:15189|dataStream:10.1.0.52:15192|priority:0|startupRole:FOLLOWER, 40eb42f8-08cb-4edc-9c90-450b1ff1d9e5|rpc:10.1.0.52:15173|admin:10.1.0.52:15172|client:10.1.0.52:15171|dataStream:10.1.0.52:15174|priority:0|startupRole:FOLLOWER, c88c3db0-6d18-4a8e-bc96-216262cb4b87|rpc:10.1.0.52:15182|admin:10.1.0.52:15181|client:10.1.0.52:15180|dataStream:10.1.0.52:15183|priority:1|startupRole:FOLLOWER] with ContainerStateMachine:uninitialized
2023-08-25 11:37:50,699 [f8b5371a-a27d-49bd-9775-6107617962eb-groupManagement] INFO  server.RaftServerConfigKeys (ConfUtils.java:logGet(46)) - raft.server.rpc.timeout.min = 5s (custom)
2023-08-25 11:37:50,699 [f8b5371a-a27d-49bd-9775-6107617962eb-groupManagement] INFO  server.RaftServerConfigKeys (ConfUtils.java:logGet(46)) - raft.server.rpc.timeout.max = 5200ms (custom)
2023-08-25 11:37:50,699 [f8b5371a-a27d-49bd-9775-6107617962eb-groupManagement] INFO  server.RaftServerConfigKeys (ConfUtils.java:logGet(46)) - raft.server.rpc.sleep.time = 25ms (default)
2023-08-25 11:37:50,699 [f8b5371a-a27d-49bd-9775-6107617962eb-groupManagement] INFO  server.RaftServerConfigKeys (ConfUtils.java:logGet(46)) - raft.server.rpc.slowness.timeout = 300s (custom)
2023-08-25 11:37:50,700 [f8b5371a-a27d-49bd-9775-6107617962eb-groupManagement] INFO  server.RaftServerConfigKeys (ConfUtils.java:logGet(46)) - raft.server.leaderelection.leader.step-down.wait-time = 10s (default)
2023-08-25 11:37:50,700 [f8b5371a-a27d-49bd-9775-6107617962eb-groupManagement] INFO  server.RaftServerConfigKeys (ConfUtils.java:logGet(46)) - raft.server.sleep.deviation.threshold = 300ms (default)
2023-08-25 11:37:50,700 [f8b5371a-a27d-49bd-9775-6107617962eb-groupManagement] INFO  server.RaftServer$Division (ServerState.java:<init>(120)) - f8b5371a-a27d-49bd-9775-6107617962eb@group-E22CF1986947: ConfigurationManager, init=-1: peers:[f8b5371a-a27d-49bd-9775-6107617962eb|rpc:10.1.0.52:15191|admin:10.1.0.52:15190|client:10.1.0.52:15189|dataStream:10.1.0.52:15192|priority:0|startupRole:FOLLOWER, 40eb42f8-08cb-4edc-9c90-450b1ff1d9e5|rpc:10.1.0.52:15173|admin:10.1.0.52:15172|client:10.1.0.52:15171|dataStream:10.1.0.52:15174|priority:0|startupRole:FOLLOWER, c88c3db0-6d18-4a8e-bc96-216262cb4b87|rpc:10.1.0.52:15182|admin:10.1.0.52:15181|client:10.1.0.52:15180|dataStream:10.1.0.52:15183|priority:1|startupRole:FOLLOWER]|listeners:[], old=null, confs=<EMPTY_MAP>
2023-08-25 11:37:50,700 [f8b5371a-a27d-49bd-9775-6107617962eb-groupManagement] INFO  server.RaftServerConfigKeys (ConfUtils.java:logGet(46)) - raft.server.storage.dir = [/home/runner/work/ozone/ozone/hadoop-ozone/integration-test/target/test-dir/MiniOzoneClusterImpl-e63a8ec6-da9e-4c95-a9d5-015e34518cdf/datanode-2/data/ratis] (custom)
2023-08-25 11:37:50,700 [f8b5371a-a27d-49bd-9775-6107617962eb-groupManagement] INFO  server.RaftServerConfigKeys (ConfUtils.java:logGet(46)) - raft.server.log.corruption.policy = EXCEPTION (default)
2023-08-25 11:37:50,700 [f8b5371a-a27d-49bd-9775-6107617962eb-groupManagement] INFO  server.RaftServerConfigKeys (ConfUtils.java:logGet(46)) - raft.server.storage.free-space.min = 0MB (=0) (default)
2023-08-25 11:37:50,700 [f8b5371a-a27d-49bd-9775-6107617962eb-groupManagement] INFO  server.RaftServerConfigKeys (ConfUtils.java:logGet(46)) - raft.server.notification.no-leader.timeout = 300s (custom)
2023-08-25 11:37:50,700 [f8b5371a-a27d-49bd-9775-6107617962eb-groupManagement] INFO  server.RaftServerConfigKeys (ConfUtils.java:logGet(46)) - raft.server.read.timeout = 10s (default)
2023-08-25 11:37:50,700 [f8b5371a-a27d-49bd-9775-6107617962eb-groupManagement] INFO  server.RaftServerConfigKeys (ConfUtils.java:logGet(46)) - raft.server.retrycache.expirytime = 600000ms (custom)
2023-08-25 11:37:50,700 [f8b5371a-a27d-49bd-9775-6107617962eb-groupManagement] INFO  server.RaftServerConfigKeys (ConfUtils.java:logGet(46)) - raft.server.retrycache.statistics.expirytime = 100μs (default)
2023-08-25 11:37:50,700 [f8b5371a-a27d-49bd-9775-6107617962eb-groupManagement] INFO  server.RaftServerConfigKeys (ConfUtils.java:logGet(46)) - raft.server.read.option = DEFAULT (default)
2023-08-25 11:37:50,701 [f8b5371a-a27d-49bd-9775-6107617962eb-groupManagement] INFO  server.RaftServerConfigKeys (ConfUtils.java:logGet(46)) - raft.server.rpc.request.timeout = 60s (custom)
2023-08-25 11:37:50,701 [f8b5371a-a27d-49bd-9775-6107617962eb-groupManagement] INFO  server.RaftServerConfigKeys (ConfUtils.java:logGet(46)) - raft.server.log.appender.install.snapshot.enabled = false (custom)
2023-08-25 11:37:50,701 [f8b5371a-a27d-49bd-9775-6107617962eb-groupManagement] INFO  server.RaftServerConfigKeys (ConfUtils.java:logGet(46)) - raft.server.threadpool.server.cached = true (default)
2023-08-25 11:37:50,701 [f8b5371a-a27d-49bd-9775-6107617962eb-groupManagement] INFO  server.RaftServerConfigKeys (ConfUtils.java:logGet(46)) - raft.server.threadpool.server.size = 0 (default)
2023-08-25 11:37:50,701 [f8b5371a-a27d-49bd-9775-6107617962eb-groupManagement] INFO  server.RaftServerConfigKeys (ConfUtils.java:logGet(46)) - raft.server.threadpool.client.cached = true (default)
2023-08-25 11:37:50,701 [f8b5371a-a27d-49bd-9775-6107617962eb-groupManagement] INFO  server.RaftServerConfigKeys (ConfUtils.java:logGet(46)) - raft.server.threadpool.client.size = 0 (default)
2023-08-25 11:37:50,701 [f8b5371a-a27d-49bd-9775-6107617962eb-groupManagement] INFO  storage.RaftStorageDirectory (RaftStorageDirectoryImpl.java:analyzeStorage(137)) - The storage directory /home/runner/work/ozone/ozone/hadoop-ozone/integration-test/target/test-dir/MiniOzoneClusterImpl-e63a8ec6-da9e-4c95-a9d5-015e34518cdf/datanode-2/data/ratis/5c2102be-7156-46ef-b194-e22cf1986947 does not exist. Creating ...
2023-08-25 11:37:50,703 [f8b5371a-a27d-49bd-9775-6107617962eb-groupManagement] INFO  storage.RaftStorageDirectory (RaftStorageDirectoryImpl.java:tryLock(231)) - Lock on /home/runner/work/ozone/ozone/hadoop-ozone/integration-test/target/test-dir/MiniOzoneClusterImpl-e63a8ec6-da9e-4c95-a9d5-015e34518cdf/datanode-2/data/ratis/5c2102be-7156-46ef-b194-e22cf1986947/in_use.lock acquired by nodename 61563@fv-az508-118
2023-08-25 11:37:50,705 [f8b5371a-a27d-49bd-9775-6107617962eb-groupManagement] INFO  storage.RaftStorage (RaftStorageImpl.java:format(96)) - Storage directory /home/runner/work/ozone/ozone/hadoop-ozone/integration-test/target/test-dir/MiniOzoneClusterImpl-e63a8ec6-da9e-4c95-a9d5-015e34518cdf/datanode-2/data/ratis/5c2102be-7156-46ef-b194-e22cf1986947 has been successfully formatted.
2023-08-25 11:37:50,706 [f8b5371a-a27d-49bd-9775-6107617962eb-groupManagement] INFO  ratis.ContainerStateMachine (ContainerStateMachine.java:loadSnapshot(262)) - group-E22CF1986947: The snapshot info is null. Setting the last applied indexto:(t:0, i:~)
2023-08-25 11:37:50,707 [f8b5371a-a27d-49bd-9775-6107617962eb-groupManagement] INFO  server.RaftServerConfigKeys (ConfUtils.java:logGet(46)) - raft.server.log.use.memory = false (default)
2023-08-25 11:37:50,708 [f8b5371a-a27d-49bd-9775-6107617962eb-groupManagement] INFO  server.RaftServerConfigKeys (ConfUtils.java:logGet(46)) - raft.server.log.purge.gap = 1000000 (custom)
2023-08-25 11:37:50,708 [f8b5371a-a27d-49bd-9775-6107617962eb-groupManagement] INFO  server.RaftServerConfigKeys (ConfUtils.java:logGet(46)) - raft.server.log.appender.buffer.byte-limit = 33554432 (custom)
2023-08-25 11:37:50,708 [f8b5371a-a27d-49bd-9775-6107617962eb-groupManagement] INFO  server.RaftServerConfigKeys (ConfUtils.java:logGet(46)) - raft.server.log.statemachine.data.read.timeout = 1000ms (default)
2023-08-25 11:37:50,708 [f8b5371a-a27d-49bd-9775-6107617962eb-groupManagement] INFO  server.RaftServerConfigKeys (ConfUtils.java:logGet(46)) - raft.server.log.purge.preservation.log.num = 0 (default)
2023-08-25 11:37:50,708 [f8b5371a-a27d-49bd-9775-6107617962eb-groupManagement] INFO  server.RaftServerConfigKeys (ConfUtils.java:logGet(46)) - raft.server.log.segment.size.max = 1048576 (custom)
2023-08-25 11:37:50,708 [f8b5371a-a27d-49bd-9775-6107617962eb-groupManagement] INFO  server.RaftServerConfigKeys (ConfUtils.java:logGet(46)) - raft.server.log.segment.cache.num.max = 2 (custom)
2023-08-25 11:37:50,708 [f8b5371a-a27d-49bd-9775-6107617962eb-groupManagement] INFO  server.RaftServerConfigKeys (ConfUtils.java:logGet(46)) - raft.server.log.segment.cache.size.max = 200MB (=209715200) (default)
2023-08-25 11:37:50,708 [f8b5371a-a27d-49bd-9775-6107617962eb-groupManagement] INFO  server.RaftServerConfigKeys (ConfUtils.java:logGet(46)) - raft.server.log.appender.buffer.byte-limit = 33554432 (custom)
2023-08-25 11:37:50,708 [f8b5371a-a27d-49bd-9775-6107617962eb-groupManagement] INFO  segmented.SegmentedRaftLogWorker (SegmentedRaftLogWorker.java:<init>(188)) - new f8b5371a-a27d-49bd-9775-6107617962eb@group-E22CF1986947-SegmentedRaftLogWorker for RaftStorageImpl:Storage Directory /home/runner/work/ozone/ozone/hadoop-ozone/integration-test/target/test-dir/MiniOzoneClusterImpl-e63a8ec6-da9e-4c95-a9d5-015e34518cdf/datanode-2/data/ratis/5c2102be-7156-46ef-b194-e22cf1986947
2023-08-25 11:37:50,708 [f8b5371a-a27d-49bd-9775-6107617962eb-groupManagement] INFO  server.RaftServerConfigKeys (ConfUtils.java:logGet(46)) - raft.server.log.queue.byte-limit = 4294967296 (custom)
2023-08-25 11:37:50,708 [f8b5371a-a27d-49bd-9775-6107617962eb-groupManagement] INFO  server.RaftServerConfigKeys (ConfUtils.java:logGet(46)) - raft.server.log.queue.element-limit = 1024 (custom)
2023-08-25 11:37:50,709 [f8b5371a-a27d-49bd-9775-6107617962eb-groupManagement] INFO  server.RaftServerConfigKeys (ConfUtils.java:logGet(46)) - raft.server.log.segment.size.max = 1048576 (custom)
2023-08-25 11:37:50,709 [f8b5371a-a27d-49bd-9775-6107617962eb-groupManagement] INFO  server.RaftServerConfigKeys (ConfUtils.java:logGet(46)) - raft.server.log.preallocated.size = 16384 (custom)
2023-08-25 11:37:50,709 [f8b5371a-a27d-49bd-9775-6107617962eb-groupManagement] INFO  server.RaftServerConfigKeys (ConfUtils.java:logGet(46)) - raft.server.log.force.sync.num = 128 (default)
2023-08-25 11:37:50,709 [f8b5371a-a27d-49bd-9775-6107617962eb-groupManagement] INFO  server.RaftServerConfigKeys (ConfUtils.java:logGet(46)) - raft.server.log.statemachine.data.sync = true (default)
2023-08-25 11:37:50,709 [f8b5371a-a27d-49bd-9775-6107617962eb-groupManagement] INFO  server.RaftServerConfigKeys (ConfUtils.java:logGet(46)) - raft.server.log.statemachine.data.sync.timeout = 10s (default)
2023-08-25 11:37:50,709 [f8b5371a-a27d-49bd-9775-6107617962eb-groupManagement] INFO  server.RaftServerConfigKeys (ConfUtils.java:logGet(46)) - raft.server.log.statemachine.data.sync.timeout.retry = -1 (default)
2023-08-25 11:37:50,709 [f8b5371a-a27d-49bd-9775-6107617962eb-groupManagement] INFO  server.RaftServerConfigKeys (ConfUtils.java:logGet(46)) - raft.server.log.write.buffer.size = 1048576 (custom)
2023-08-25 11:37:50,710 [f8b5371a-a27d-49bd-9775-6107617962eb-groupManagement] INFO  server.RaftServerConfigKeys (ConfUtils.java:logGet(46)) - raft.server.log.appender.buffer.byte-limit = 33554432 (custom)
2023-08-25 11:37:50,717 [f8b5371a-a27d-49bd-9775-6107617962eb-groupManagement] INFO  server.RaftServerConfigKeys (ConfUtils.java:logGet(46)) - raft.server.log.unsafe-flush.enabled = false (default)
2023-08-25 11:37:50,717 [f8b5371a-a27d-49bd-9775-6107617962eb-groupManagement] INFO  server.RaftServerConfigKeys (ConfUtils.java:logGet(46)) - raft.server.log.async-flush.enabled = false (default)
2023-08-25 11:37:50,717 [f8b5371a-a27d-49bd-9775-6107617962eb-groupManagement] INFO  server.RaftServerConfigKeys (ConfUtils.java:logGet(46)) - raft.server.log.statemachine.data.caching.enabled = true (custom)
2023-08-25 11:37:50,718 [f8b5371a-a27d-49bd-9775-6107617962eb-groupManagement] INFO  segmented.SegmentedRaftLogWorker (SegmentedRaftLogWorker.java:lambda$new$0(135)) - f8b5371a-a27d-49bd-9775-6107617962eb@group-E22CF1986947-SegmentedRaftLogWorker: flushIndex: setUnconditionally 0 -> -1
2023-08-25 11:37:50,718 [f8b5371a-a27d-49bd-9775-6107617962eb-groupManagement] INFO  segmented.SegmentedRaftLogWorker (SegmentedRaftLogWorker.java:lambda$new$0(135)) - f8b5371a-a27d-49bd-9775-6107617962eb@group-E22CF1986947-SegmentedRaftLogWorker: safeCacheEvictIndex: setUnconditionally 0 -> -1
2023-08-25 11:37:50,718 [f8b5371a-a27d-49bd-9775-6107617962eb-groupManagement] INFO  server.RaftServer$Division (RaftServerImpl.java:start(342)) - f8b5371a-a27d-49bd-9775-6107617962eb@group-E22CF1986947: start as a follower, conf=-1: peers:[f8b5371a-a27d-49bd-9775-6107617962eb|rpc:10.1.0.52:15191|admin:10.1.0.52:15190|client:10.1.0.52:15189|dataStream:10.1.0.52:15192|priority:0|startupRole:FOLLOWER, 40eb42f8-08cb-4edc-9c90-450b1ff1d9e5|rpc:10.1.0.52:15173|admin:10.1.0.52:15172|client:10.1.0.52:15171|dataStream:10.1.0.52:15174|priority:0|startupRole:FOLLOWER, c88c3db0-6d18-4a8e-bc96-216262cb4b87|rpc:10.1.0.52:15182|admin:10.1.0.52:15181|client:10.1.0.52:15180|dataStream:10.1.0.52:15183|priority:1|startupRole:FOLLOWER]|listeners:[], old=null
2023-08-25 11:37:50,718 [f8b5371a-a27d-49bd-9775-6107617962eb-groupManagement] INFO  server.RaftServer$Division (RaftServerImpl.java:setRole(329)) - f8b5371a-a27d-49bd-9775-6107617962eb@group-E22CF1986947: changes role from      null to FOLLOWER at term 0 for startAsFollower
2023-08-25 11:37:50,718 [f8b5371a-a27d-49bd-9775-6107617962eb-groupManagement] INFO  impl.RoleInfo (RoleInfo.java:updateAndGet(139)) - f8b5371a-a27d-49bd-9775-6107617962eb: start f8b5371a-a27d-49bd-9775-6107617962eb@group-E22CF1986947-FollowerState
2023-08-25 11:37:50,723 [f8b5371a-a27d-49bd-9775-6107617962eb-groupManagement] INFO  util.JmxRegister (JmxRegister.java:tryRegister(44)) - Successfully registered JMX Bean with object name Ratis:service=RaftServer,group=group-E22CF1986947,id=f8b5371a-a27d-49bd-9775-6107617962eb
2023-08-25 11:37:50,723 [f8b5371a-a27d-49bd-9775-6107617962eb-groupManagement] INFO  server.RaftServerConfigKeys (ConfUtils.java:logGet(46)) - raft.server.snapshot.auto.trigger.enabled = true (custom)
2023-08-25 11:37:50,724 [f8b5371a-a27d-49bd-9775-6107617962eb-groupManagement] INFO  server.RaftServerConfigKeys (ConfUtils.java:logGet(46)) - raft.server.snapshot.auto.trigger.threshold = 10000 (custom)
2023-08-25 11:37:50,724 [f8b5371a-a27d-49bd-9775-6107617962eb@group-E22CF1986947-FollowerState] INFO  server.RaftServerConfigKeys (ConfUtils.java:logFallback(53)) - raft.server.rpc.first-election.timeout.min = 5s (fallback to raft.server.rpc.timeout.min)
2023-08-25 11:37:50,724 [f8b5371a-a27d-49bd-9775-6107617962eb-groupManagement] INFO  server.RaftServerConfigKeys (ConfUtils.java:logGet(46)) - raft.server.snapshot.retention.file.num = 5 (custom)
2023-08-25 11:37:50,724 [f8b5371a-a27d-49bd-9775-6107617962eb-groupManagement] INFO  server.RaftServerConfigKeys (ConfUtils.java:logGet(46)) - raft.server.log.purge.upto.snapshot.index = false (default)
2023-08-25 11:37:50,724 [f8b5371a-a27d-49bd-9775-6107617962eb@group-E22CF1986947-FollowerState] INFO  server.RaftServerConfigKeys (ConfUtils.java:logFallback(53)) - raft.server.rpc.first-election.timeout.max = 5200ms (fallback to raft.server.rpc.timeout.max)
2023-08-25 11:37:50,740 [PipelineCommandHandlerThread-0] INFO  commandhandler.CreatePipelineCommandHandler (CreatePipelineCommandHandler.java:lambda$handle$2(124)) - Created Pipeline RATIS THREE PipelineID=5c2102be-7156-46ef-b194-e22cf1986947.
2023-08-25 11:37:50,740 [PipelineCommandHandlerThread-0] INFO  server.RaftServer (RaftServerProxy.java:addNew(98)) - 40eb42f8-08cb-4edc-9c90-450b1ff1d9e5: addNew group-14A24C3C79BE:[f8b5371a-a27d-49bd-9775-6107617962eb|rpc:10.1.0.52:15191|admin:10.1.0.52:15190|client:10.1.0.52:15189|dataStream:10.1.0.52:15192|priority:0|startupRole:FOLLOWER, 40eb42f8-08cb-4edc-9c90-450b1ff1d9e5|rpc:10.1.0.52:15173|admin:10.1.0.52:15172|client:10.1.0.52:15171|dataStream:10.1.0.52:15174|priority:1|startupRole:FOLLOWER, c88c3db0-6d18-4a8e-bc96-216262cb4b87|rpc:10.1.0.52:15182|admin:10.1.0.52:15181|client:10.1.0.52:15180|dataStream:10.1.0.52:15183|priority:0|startupRole:FOLLOWER] returns group-14A24C3C79BE:java.util.concurrent.CompletableFuture@40e90102[Not completed]
2023-08-25 11:37:50,741 [40eb42f8-08cb-4edc-9c90-450b1ff1d9e5-groupManagement] INFO  server.RaftServer$Division (RaftServerImpl.java:<init>(198)) - 40eb42f8-08cb-4edc-9c90-450b1ff1d9e5: new RaftServerImpl for group-14A24C3C79BE:[f8b5371a-a27d-49bd-9775-6107617962eb|rpc:10.1.0.52:15191|admin:10.1.0.52:15190|client:10.1.0.52:15189|dataStream:10.1.0.52:15192|priority:0|startupRole:FOLLOWER, 40eb42f8-08cb-4edc-9c90-450b1ff1d9e5|rpc:10.1.0.52:15173|admin:10.1.0.52:15172|client:10.1.0.52:15171|dataStream:10.1.0.52:15174|priority:1|startupRole:FOLLOWER, c88c3db0-6d18-4a8e-bc96-216262cb4b87|rpc:10.1.0.52:15182|admin:10.1.0.52:15181|client:10.1.0.52:15180|dataStream:10.1.0.52:15183|priority:0|startupRole:FOLLOWER] with ContainerStateMachine:uninitialized
2023-08-25 11:37:50,741 [40eb42f8-08cb-4edc-9c90-450b1ff1d9e5-groupManagement] INFO  server.RaftServerConfigKeys (ConfUtils.java:logGet(46)) - raft.server.rpc.timeout.min = 5s (custom)
2023-08-25 11:37:50,741 [40eb42f8-08cb-4edc-9c90-450b1ff1d9e5-groupManagement] INFO  server.RaftServerConfigKeys (ConfUtils.java:logGet(46)) - raft.server.rpc.timeout.max = 5200ms (custom)
2023-08-25 11:37:50,741 [40eb42f8-08cb-4edc-9c90-450b1ff1d9e5-groupManagement] INFO  server.RaftServerConfigKeys (ConfUtils.java:logGet(46)) - raft.server.rpc.sleep.time = 25ms (default)
2023-08-25 11:37:50,741 [40eb42f8-08cb-4edc-9c90-450b1ff1d9e5-groupManagement] INFO  server.RaftServerConfigKeys (ConfUtils.java:logGet(46)) - raft.server.rpc.slowness.timeout = 300s (custom)
2023-08-25 11:37:50,741 [40eb42f8-08cb-4edc-9c90-450b1ff1d9e5-groupManagement] INFO  server.RaftServerConfigKeys (ConfUtils.java:logGet(46)) - raft.server.leaderelection.leader.step-down.wait-time = 10s (default)
2023-08-25 11:37:50,741 [40eb42f8-08cb-4edc-9c90-450b1ff1d9e5-groupManagement] INFO  server.RaftServerConfigKeys (ConfUtils.java:logGet(46)) - raft.server.sleep.deviation.threshold = 300ms (default)
2023-08-25 11:37:50,741 [40eb42f8-08cb-4edc-9c90-450b1ff1d9e5-groupManagement] INFO  server.RaftServer$Division (ServerState.java:<init>(120)) - 40eb42f8-08cb-4edc-9c90-450b1ff1d9e5@group-14A24C3C79BE: ConfigurationManager, init=-1: peers:[f8b5371a-a27d-49bd-9775-6107617962eb|rpc:10.1.0.52:15191|admin:10.1.0.52:15190|client:10.1.0.52:15189|dataStream:10.1.0.52:15192|priority:0|startupRole:FOLLOWER, 40eb42f8-08cb-4edc-9c90-450b1ff1d9e5|rpc:10.1.0.52:15173|admin:10.1.0.52:15172|client:10.1.0.52:15171|dataStream:10.1.0.52:15174|priority:1|startupRole:FOLLOWER, c88c3db0-6d18-4a8e-bc96-216262cb4b87|rpc:10.1.0.52:15182|admin:10.1.0.52:15181|client:10.1.0.52:15180|dataStream:10.1.0.52:15183|priority:0|startupRole:FOLLOWER]|listeners:[], old=null, confs=<EMPTY_MAP>
2023-08-25 11:37:50,741 [40eb42f8-08cb-4edc-9c90-450b1ff1d9e5-groupManagement] INFO  server.RaftServerConfigKeys (ConfUtils.java:logGet(46)) - raft.server.storage.dir = [/home/runner/work/ozone/ozone/hadoop-ozone/integration-test/target/test-dir/MiniOzoneClusterImpl-e63a8ec6-da9e-4c95-a9d5-015e34518cdf/datanode-0/data/ratis] (custom)
2023-08-25 11:37:50,742 [40eb42f8-08cb-4edc-9c90-450b1ff1d9e5-groupManagement] INFO  server.RaftServerConfigKeys (ConfUtils.java:logGet(46)) - raft.server.log.corruption.policy = EXCEPTION (default)
2023-08-25 11:37:50,742 [40eb42f8-08cb-4edc-9c90-450b1ff1d9e5-groupManagement] INFO  server.RaftServerConfigKeys (ConfUtils.java:logGet(46)) - raft.server.storage.free-space.min = 0MB (=0) (default)
2023-08-25 11:37:50,742 [40eb42f8-08cb-4edc-9c90-450b1ff1d9e5-groupManagement] INFO  server.RaftServerConfigKeys (ConfUtils.java:logGet(46)) - raft.server.notification.no-leader.timeout = 300s (custom)
2023-08-25 11:37:50,742 [40eb42f8-08cb-4edc-9c90-450b1ff1d9e5-groupManagement] INFO  server.RaftServerConfigKeys (ConfUtils.java:logGet(46)) - raft.server.read.timeout = 10s (default)
2023-08-25 11:37:50,742 [40eb42f8-08cb-4edc-9c90-450b1ff1d9e5-groupManagement] INFO  server.RaftServerConfigKeys (ConfUtils.java:logGet(46)) - raft.server.retrycache.expirytime = 600000ms (custom)
2023-08-25 11:37:50,742 [40eb42f8-08cb-4edc-9c90-450b1ff1d9e5-groupManagement] INFO  server.RaftServerConfigKeys (ConfUtils.java:logGet(46)) - raft.server.retrycache.statistics.expirytime = 100μs (default)
2023-08-25 11:37:50,742 [40eb42f8-08cb-4edc-9c90-450b1ff1d9e5-groupManagement] INFO  server.RaftServerConfigKeys (ConfUtils.java:logGet(46)) - raft.server.read.option = DEFAULT (default)
2023-08-25 11:37:50,743 [40eb42f8-08cb-4edc-9c90-450b1ff1d9e5-groupManagement] INFO  server.RaftServerConfigKeys (ConfUtils.java:logGet(46)) - raft.server.rpc.request.timeout = 60s (custom)
2023-08-25 11:37:50,743 [40eb42f8-08cb-4edc-9c90-450b1ff1d9e5-groupManagement] INFO  server.RaftServerConfigKeys (ConfUtils.java:logGet(46)) - raft.server.log.appender.install.snapshot.enabled = false (custom)
2023-08-25 11:37:50,743 [40eb42f8-08cb-4edc-9c90-450b1ff1d9e5-groupManagement] INFO  server.RaftServerConfigKeys (ConfUtils.java:logGet(46)) - raft.server.threadpool.server.cached = true (default)
2023-08-25 11:37:50,743 [40eb42f8-08cb-4edc-9c90-450b1ff1d9e5-groupManagement] INFO  server.RaftServerConfigKeys (ConfUtils.java:logGet(46)) - raft.server.threadpool.server.size = 0 (default)
2023-08-25 11:37:50,743 [40eb42f8-08cb-4edc-9c90-450b1ff1d9e5-groupManagement] INFO  server.RaftServerConfigKeys (ConfUtils.java:logGet(46)) - raft.server.threadpool.client.cached = true (default)
2023-08-25 11:37:50,743 [40eb42f8-08cb-4edc-9c90-450b1ff1d9e5-groupManagement] INFO  server.RaftServerConfigKeys (ConfUtils.java:logGet(46)) - raft.server.threadpool.client.size = 0 (default)
2023-08-25 11:37:50,743 [40eb42f8-08cb-4edc-9c90-450b1ff1d9e5-groupManagement] INFO  storage.RaftStorageDirectory (RaftStorageDirectoryImpl.java:analyzeStorage(137)) - The storage directory /home/runner/work/ozone/ozone/hadoop-ozone/integration-test/target/test-dir/MiniOzoneClusterImpl-e63a8ec6-da9e-4c95-a9d5-015e34518cdf/datanode-0/data/ratis/2431aa5b-ab2c-43c9-82eb-14a24c3c79be does not exist. Creating ...
2023-08-25 11:37:50,745 [40eb42f8-08cb-4edc-9c90-450b1ff1d9e5-groupManagement] INFO  storage.RaftStorageDirectory (RaftStorageDirectoryImpl.java:tryLock(231)) - Lock on /home/runner/work/ozone/ozone/hadoop-ozone/integration-test/target/test-dir/MiniOzoneClusterImpl-e63a8ec6-da9e-4c95-a9d5-015e34518cdf/datanode-0/data/ratis/2431aa5b-ab2c-43c9-82eb-14a24c3c79be/in_use.lock acquired by nodename 61563@fv-az508-118
2023-08-25 11:37:50,748 [40eb42f8-08cb-4edc-9c90-450b1ff1d9e5-groupManagement] INFO  storage.RaftStorage (RaftStorageImpl.java:format(96)) - Storage directory /home/runner/work/ozone/ozone/hadoop-ozone/integration-test/target/test-dir/MiniOzoneClusterImpl-e63a8ec6-da9e-4c95-a9d5-015e34518cdf/datanode-0/data/ratis/2431aa5b-ab2c-43c9-82eb-14a24c3c79be has been successfully formatted.
2023-08-25 11:37:50,749 [EventQueue-OpenPipelineForHealthyPipelineSafeModeRule] INFO  safemode.SCMSafeModeManager (HealthyPipelineSafeModeRule.java:process(137)) - SCM in safe mode. Healthy pipelines reported count is 0, required healthy pipeline reported count is 1
2023-08-25 11:37:50,750 [40eb42f8-08cb-4edc-9c90-450b1ff1d9e5-groupManagement] INFO  ratis.ContainerStateMachine (ContainerStateMachine.java:loadSnapshot(262)) - group-14A24C3C79BE: The snapshot info is null. Setting the last applied indexto:(t:0, i:~)
2023-08-25 11:37:50,750 [40eb42f8-08cb-4edc-9c90-450b1ff1d9e5-groupManagement] INFO  server.RaftServerConfigKeys (ConfUtils.java:logGet(46)) - raft.server.log.use.memory = false (default)
2023-08-25 11:37:50,750 [40eb42f8-08cb-4edc-9c90-450b1ff1d9e5-groupManagement] INFO  server.RaftServerConfigKeys (ConfUtils.java:logGet(46)) - raft.server.log.purge.gap = 1000000 (custom)
2023-08-25 11:37:50,750 [40eb42f8-08cb-4edc-9c90-450b1ff1d9e5-groupManagement] INFO  server.RaftServerConfigKeys (ConfUtils.java:logGet(46)) - raft.server.log.appender.buffer.byte-limit = 33554432 (custom)
2023-08-25 11:37:50,750 [40eb42f8-08cb-4edc-9c90-450b1ff1d9e5-groupManagement] INFO  server.RaftServerConfigKeys (ConfUtils.java:logGet(46)) - raft.server.log.statemachine.data.read.timeout = 1000ms (default)
2023-08-25 11:37:50,750 [40eb42f8-08cb-4edc-9c90-450b1ff1d9e5-groupManagement] INFO  server.RaftServerConfigKeys (ConfUtils.java:logGet(46)) - raft.server.log.purge.preservation.log.num = 0 (default)
2023-08-25 11:37:50,750 [40eb42f8-08cb-4edc-9c90-450b1ff1d9e5-groupManagement] INFO  server.RaftServerConfigKeys (ConfUtils.java:logGet(46)) - raft.server.log.segment.size.max = 1048576 (custom)
2023-08-25 11:37:50,751 [40eb42f8-08cb-4edc-9c90-450b1ff1d9e5-groupManagement] INFO  server.RaftServerConfigKeys (ConfUtils.java:logGet(46)) - raft.server.log.segment.cache.num.max = 2 (custom)
2023-08-25 11:37:50,751 [40eb42f8-08cb-4edc-9c90-450b1ff1d9e5-groupManagement] INFO  server.RaftServerConfigKeys (ConfUtils.java:logGet(46)) - raft.server.log.segment.cache.size.max = 200MB (=209715200) (default)
2023-08-25 11:37:50,751 [40eb42f8-08cb-4edc-9c90-450b1ff1d9e5-groupManagement] INFO  server.RaftServerConfigKeys (ConfUtils.java:logGet(46)) - raft.server.log.appender.buffer.byte-limit = 33554432 (custom)
2023-08-25 11:37:50,751 [40eb42f8-08cb-4edc-9c90-450b1ff1d9e5-groupManagement] INFO  segmented.SegmentedRaftLogWorker (SegmentedRaftLogWorker.java:<init>(188)) - new 40eb42f8-08cb-4edc-9c90-450b1ff1d9e5@group-14A24C3C79BE-SegmentedRaftLogWorker for RaftStorageImpl:Storage Directory /home/runner/work/ozone/ozone/hadoop-ozone/integration-test/target/test-dir/MiniOzoneClusterImpl-e63a8ec6-da9e-4c95-a9d5-015e34518cdf/datanode-0/data/ratis/2431aa5b-ab2c-43c9-82eb-14a24c3c79be
2023-08-25 11:37:50,751 [40eb42f8-08cb-4edc-9c90-450b1ff1d9e5-groupManagement] INFO  server.RaftServerConfigKeys (ConfUtils.java:logGet(46)) - raft.server.log.queue.byte-limit = 4294967296 (custom)
2023-08-25 11:37:50,751 [40eb42f8-08cb-4edc-9c90-450b1ff1d9e5-groupManagement] INFO  server.RaftServerConfigKeys (ConfUtils.java:logGet(46)) - raft.server.log.queue.element-limit = 1024 (custom)
2023-08-25 11:37:50,751 [40eb42f8-08cb-4edc-9c90-450b1ff1d9e5-groupManagement] INFO  server.RaftServerConfigKeys (ConfUtils.java:logGet(46)) - raft.server.log.segment.size.max = 1048576 (custom)
2023-08-25 11:37:50,751 [40eb42f8-08cb-4edc-9c90-450b1ff1d9e5-groupManagement] INFO  server.RaftServerConfigKeys (ConfUtils.java:logGet(46)) - raft.server.log.preallocated.size = 16384 (custom)
2023-08-25 11:37:50,751 [40eb42f8-08cb-4edc-9c90-450b1ff1d9e5-groupManagement] INFO  server.RaftServerConfigKeys (ConfUtils.java:logGet(46)) - raft.server.log.force.sync.num = 128 (default)
2023-08-25 11:37:50,751 [40eb42f8-08cb-4edc-9c90-450b1ff1d9e5-groupManagement] INFO  server.RaftServerConfigKeys (ConfUtils.java:logGet(46)) - raft.server.log.statemachine.data.sync = true (default)
2023-08-25 11:37:50,751 [40eb42f8-08cb-4edc-9c90-450b1ff1d9e5-groupManagement] INFO  server.RaftServerConfigKeys (ConfUtils.java:logGet(46)) - raft.server.log.statemachine.data.sync.timeout = 10s (default)
2023-08-25 11:37:50,751 [40eb42f8-08cb-4edc-9c90-450b1ff1d9e5-groupManagement] INFO  server.RaftServerConfigKeys (ConfUtils.java:logGet(46)) - raft.server.log.statemachine.data.sync.timeout.retry = -1 (default)
2023-08-25 11:37:50,752 [40eb42f8-08cb-4edc-9c90-450b1ff1d9e5-groupManagement] INFO  server.RaftServerConfigKeys (ConfUtils.java:logGet(46)) - raft.server.log.write.buffer.size = 1048576 (custom)
2023-08-25 11:37:50,753 [40eb42f8-08cb-4edc-9c90-450b1ff1d9e5-groupManagement] INFO  server.RaftServerConfigKeys (ConfUtils.java:logGet(46)) - raft.server.log.appender.buffer.byte-limit = 33554432 (custom)
2023-08-25 11:37:50,759 [40eb42f8-08cb-4edc-9c90-450b1ff1d9e5-groupManagement] INFO  server.RaftServerConfigKeys (ConfUtils.java:logGet(46)) - raft.server.log.unsafe-flush.enabled = false (default)
2023-08-25 11:37:50,760 [40eb42f8-08cb-4edc-9c90-450b1ff1d9e5-groupManagement] INFO  server.RaftServerConfigKeys (ConfUtils.java:logGet(46)) - raft.server.log.async-flush.enabled = false (default)
2023-08-25 11:37:50,760 [40eb42f8-08cb-4edc-9c90-450b1ff1d9e5-groupManagement] INFO  server.RaftServerConfigKeys (ConfUtils.java:logGet(46)) - raft.server.log.statemachine.data.caching.enabled = true (custom)
2023-08-25 11:37:50,760 [40eb42f8-08cb-4edc-9c90-450b1ff1d9e5-groupManagement] INFO  segmented.SegmentedRaftLogWorker (SegmentedRaftLogWorker.java:lambda$new$0(135)) - 40eb42f8-08cb-4edc-9c90-450b1ff1d9e5@group-14A24C3C79BE-SegmentedRaftLogWorker: flushIndex: setUnconditionally 0 -> -1
2023-08-25 11:37:50,760 [40eb42f8-08cb-4edc-9c90-450b1ff1d9e5-groupManagement] INFO  segmented.SegmentedRaftLogWorker (SegmentedRaftLogWorker.java:lambda$new$0(135)) - 40eb42f8-08cb-4edc-9c90-450b1ff1d9e5@group-14A24C3C79BE-SegmentedRaftLogWorker: safeCacheEvictIndex: setUnconditionally 0 -> -1
2023-08-25 11:37:50,760 [40eb42f8-08cb-4edc-9c90-450b1ff1d9e5-groupManagement] INFO  server.RaftServer$Division (RaftServerImpl.java:start(342)) - 40eb42f8-08cb-4edc-9c90-450b1ff1d9e5@group-14A24C3C79BE: start as a follower, conf=-1: peers:[f8b5371a-a27d-49bd-9775-6107617962eb|rpc:10.1.0.52:15191|admin:10.1.0.52:15190|client:10.1.0.52:15189|dataStream:10.1.0.52:15192|priority:0|startupRole:FOLLOWER, 40eb42f8-08cb-4edc-9c90-450b1ff1d9e5|rpc:10.1.0.52:15173|admin:10.1.0.52:15172|client:10.1.0.52:15171|dataStream:10.1.0.52:15174|priority:1|startupRole:FOLLOWER, c88c3db0-6d18-4a8e-bc96-216262cb4b87|rpc:10.1.0.52:15182|admin:10.1.0.52:15181|client:10.1.0.52:15180|dataStream:10.1.0.52:15183|priority:0|startupRole:FOLLOWER]|listeners:[], old=null
2023-08-25 11:37:50,760 [40eb42f8-08cb-4edc-9c90-450b1ff1d9e5-groupManagement] INFO  server.RaftServer$Division (RaftServerImpl.java:setRole(329)) - 40eb42f8-08cb-4edc-9c90-450b1ff1d9e5@group-14A24C3C79BE: changes role from      null to FOLLOWER at term 0 for startAsFollower
2023-08-25 11:37:50,761 [40eb42f8-08cb-4edc-9c90-450b1ff1d9e5-groupManagement] INFO  impl.RoleInfo (RoleInfo.java:updateAndGet(139)) - 40eb42f8-08cb-4edc-9c90-450b1ff1d9e5: start 40eb42f8-08cb-4edc-9c90-450b1ff1d9e5@group-14A24C3C79BE-FollowerState
2023-08-25 11:37:50,761 [40eb42f8-08cb-4edc-9c90-450b1ff1d9e5-groupManagement] INFO  util.JmxRegister (JmxRegister.java:tryRegister(44)) - Successfully registered JMX Bean with object name Ratis:service=RaftServer,group=group-14A24C3C79BE,id=40eb42f8-08cb-4edc-9c90-450b1ff1d9e5
2023-08-25 11:37:50,761 [40eb42f8-08cb-4edc-9c90-450b1ff1d9e5-groupManagement] INFO  server.RaftServerConfigKeys (ConfUtils.java:logGet(46)) - raft.server.snapshot.auto.trigger.enabled = true (custom)
2023-08-25 11:37:50,762 [40eb42f8-08cb-4edc-9c90-450b1ff1d9e5-groupManagement] INFO  server.RaftServerConfigKeys (ConfUtils.java:logGet(46)) - raft.server.snapshot.auto.trigger.threshold = 10000 (custom)
2023-08-25 11:37:50,762 [40eb42f8-08cb-4edc-9c90-450b1ff1d9e5-groupManagement] INFO  server.RaftServerConfigKeys (ConfUtils.java:logGet(46)) - raft.server.snapshot.retention.file.num = 5 (custom)
2023-08-25 11:37:50,762 [40eb42f8-08cb-4edc-9c90-450b1ff1d9e5-groupManagement] INFO  server.RaftServerConfigKeys (ConfUtils.java:logGet(46)) - raft.server.log.purge.upto.snapshot.index = false (default)
2023-08-25 11:37:50,762 [40eb42f8-08cb-4edc-9c90-450b1ff1d9e5@group-14A24C3C79BE-FollowerState] INFO  server.RaftServerConfigKeys (ConfUtils.java:logFallback(53)) - raft.server.rpc.first-election.timeout.min = 5s (fallback to raft.server.rpc.timeout.min)
2023-08-25 11:37:50,762 [40eb42f8-08cb-4edc-9c90-450b1ff1d9e5@group-14A24C3C79BE-FollowerState] INFO  server.RaftServerConfigKeys (ConfUtils.java:logFallback(53)) - raft.server.rpc.first-election.timeout.max = 5200ms (fallback to raft.server.rpc.timeout.max)
2023-08-25 11:37:50,764 [PipelineCommandHandlerThread-0] INFO  ratis.XceiverServerRatis (XceiverServerRatis.java:addGroup(804)) - Created group PipelineID=2431aa5b-ab2c-43c9-82eb-14a24c3c79be
2023-08-25 11:37:50,775 [grpc-default-executor-0] INFO  server.RaftServer (RaftServerProxy.java:addNew(98)) - c88c3db0-6d18-4a8e-bc96-216262cb4b87: addNew group-14A24C3C79BE:[f8b5371a-a27d-49bd-9775-6107617962eb|rpc:10.1.0.52:15191|admin:10.1.0.52:15190|client:10.1.0.52:15189|dataStream:10.1.0.52:15192|priority:0|startupRole:FOLLOWER, 40eb42f8-08cb-4edc-9c90-450b1ff1d9e5|rpc:10.1.0.52:15173|admin:10.1.0.52:15172|client:10.1.0.52:15171|dataStream:10.1.0.52:15174|priority:1|startupRole:FOLLOWER, c88c3db0-6d18-4a8e-bc96-216262cb4b87|rpc:10.1.0.52:15182|admin:10.1.0.52:15181|client:10.1.0.52:15180|dataStream:10.1.0.52:15183|priority:0|startupRole:FOLLOWER] returns group-14A24C3C79BE:java.util.concurrent.CompletableFuture@3ff5724b[Not completed]
2023-08-25 11:37:50,776 [c88c3db0-6d18-4a8e-bc96-216262cb4b87-groupManagement] INFO  server.RaftServer$Division (RaftServerImpl.java:<init>(198)) - c88c3db0-6d18-4a8e-bc96-216262cb4b87: new RaftServerImpl for group-14A24C3C79BE:[f8b5371a-a27d-49bd-9775-6107617962eb|rpc:10.1.0.52:15191|admin:10.1.0.52:15190|client:10.1.0.52:15189|dataStream:10.1.0.52:15192|priority:0|startupRole:FOLLOWER, 40eb42f8-08cb-4edc-9c90-450b1ff1d9e5|rpc:10.1.0.52:15173|admin:10.1.0.52:15172|client:10.1.0.52:15171|dataStream:10.1.0.52:15174|priority:1|startupRole:FOLLOWER, c88c3db0-6d18-4a8e-bc96-216262cb4b87|rpc:10.1.0.52:15182|admin:10.1.0.52:15181|client:10.1.0.52:15180|dataStream:10.1.0.52:15183|priority:0|startupRole:FOLLOWER] with ContainerStateMachine:uninitialized
2023-08-25 11:37:50,776 [c88c3db0-6d18-4a8e-bc96-216262cb4b87-groupManagement] INFO  server.RaftServerConfigKeys (ConfUtils.java:logGet(46)) - raft.server.rpc.timeout.min = 5s (custom)
2023-08-25 11:37:50,776 [c88c3db0-6d18-4a8e-bc96-216262cb4b87-groupManagement] INFO  server.RaftServerConfigKeys (ConfUtils.java:logGet(46)) - raft.server.rpc.timeout.max = 5200ms (custom)
2023-08-25 11:37:50,776 [c88c3db0-6d18-4a8e-bc96-216262cb4b87-groupManagement] INFO  server.RaftServerConfigKeys (ConfUtils.java:logGet(46)) - raft.server.rpc.sleep.time = 25ms (default)
2023-08-25 11:37:50,776 [c88c3db0-6d18-4a8e-bc96-216262cb4b87-groupManagement] INFO  server.RaftServerConfigKeys (ConfUtils.java:logGet(46)) - raft.server.rpc.slowness.timeout = 300s (custom)
2023-08-25 11:37:50,776 [c88c3db0-6d18-4a8e-bc96-216262cb4b87-groupManagement] INFO  server.RaftServerConfigKeys (ConfUtils.java:logGet(46)) - raft.server.leaderelection.leader.step-down.wait-time = 10s (default)
2023-08-25 11:37:50,776 [c88c3db0-6d18-4a8e-bc96-216262cb4b87-groupManagement] INFO  server.RaftServerConfigKeys (ConfUtils.java:logGet(46)) - raft.server.sleep.deviation.threshold = 300ms (default)
2023-08-25 11:37:50,776 [c88c3db0-6d18-4a8e-bc96-216262cb4b87-groupManagement] INFO  server.RaftServer$Division (ServerState.java:<init>(120)) - c88c3db0-6d18-4a8e-bc96-216262cb4b87@group-14A24C3C79BE: ConfigurationManager, init=-1: peers:[f8b5371a-a27d-49bd-9775-6107617962eb|rpc:10.1.0.52:15191|admin:10.1.0.52:15190|client:10.1.0.52:15189|dataStream:10.1.0.52:15192|priority:0|startupRole:FOLLOWER, 40eb42f8-08cb-4edc-9c90-450b1ff1d9e5|rpc:10.1.0.52:15173|admin:10.1.0.52:15172|client:10.1.0.52:15171|dataStream:10.1.0.52:15174|priority:1|startupRole:FOLLOWER, c88c3db0-6d18-4a8e-bc96-216262cb4b87|rpc:10.1.0.52:15182|admin:10.1.0.52:15181|client:10.1.0.52:15180|dataStream:10.1.0.52:15183|priority:0|startupRole:FOLLOWER]|listeners:[], old=null, confs=<EMPTY_MAP>
2023-08-25 11:37:50,776 [c88c3db0-6d18-4a8e-bc96-216262cb4b87-groupManagement] INFO  server.RaftServerConfigKeys (ConfUtils.java:logGet(46)) - raft.server.storage.dir = [/home/runner/work/ozone/ozone/hadoop-ozone/integration-test/target/test-dir/MiniOzoneClusterImpl-e63a8ec6-da9e-4c95-a9d5-015e34518cdf/datanode-1/data/ratis] (custom)
2023-08-25 11:37:50,776 [c88c3db0-6d18-4a8e-bc96-216262cb4b87-groupManagement] INFO  server.RaftServerConfigKeys (ConfUtils.java:logGet(46)) - raft.server.log.corruption.policy = EXCEPTION (default)
2023-08-25 11:37:50,777 [c88c3db0-6d18-4a8e-bc96-216262cb4b87-groupManagement] INFO  server.RaftServerConfigKeys (ConfUtils.java:logGet(46)) - raft.server.storage.free-space.min = 0MB (=0) (default)
2023-08-25 11:37:50,777 [c88c3db0-6d18-4a8e-bc96-216262cb4b87-groupManagement] INFO  server.RaftServerConfigKeys (ConfUtils.java:logGet(46)) - raft.server.notification.no-leader.timeout = 300s (custom)
2023-08-25 11:37:50,777 [c88c3db0-6d18-4a8e-bc96-216262cb4b87-groupManagement] INFO  server.RaftServerConfigKeys (ConfUtils.java:logGet(46)) - raft.server.read.timeout = 10s (default)
2023-08-25 11:37:50,777 [c88c3db0-6d18-4a8e-bc96-216262cb4b87-groupManagement] INFO  server.RaftServerConfigKeys (ConfUtils.java:logGet(46)) - raft.server.retrycache.expirytime = 600000ms (custom)
2023-08-25 11:37:50,777 [c88c3db0-6d18-4a8e-bc96-216262cb4b87-groupManagement] INFO  server.RaftServerConfigKeys (ConfUtils.java:logGet(46)) - raft.server.retrycache.statistics.expirytime = 100μs (default)
2023-08-25 11:37:50,777 [c88c3db0-6d18-4a8e-bc96-216262cb4b87-groupManagement] INFO  server.RaftServerConfigKeys (ConfUtils.java:logGet(46)) - raft.server.read.option = DEFAULT (default)
2023-08-25 11:37:50,778 [c88c3db0-6d18-4a8e-bc96-216262cb4b87-groupManagement] INFO  server.RaftServerConfigKeys (ConfUtils.java:logGet(46)) - raft.server.rpc.request.timeout = 60s (custom)
2023-08-25 11:37:50,778 [c88c3db0-6d18-4a8e-bc96-216262cb4b87-groupManagement] INFO  server.RaftServerConfigKeys (ConfUtils.java:logGet(46)) - raft.server.log.appender.install.snapshot.enabled = false (custom)
2023-08-25 11:37:50,778 [c88c3db0-6d18-4a8e-bc96-216262cb4b87-groupManagement] INFO  server.RaftServerConfigKeys (ConfUtils.java:logGet(46)) - raft.server.threadpool.server.cached = true (default)
2023-08-25 11:37:50,778 [c88c3db0-6d18-4a8e-bc96-216262cb4b87-groupManagement] INFO  server.RaftServerConfigKeys (ConfUtils.java:logGet(46)) - raft.server.threadpool.server.size = 0 (default)
2023-08-25 11:37:50,778 [c88c3db0-6d18-4a8e-bc96-216262cb4b87-groupManagement] INFO  server.RaftServerConfigKeys (ConfUtils.java:logGet(46)) - raft.server.threadpool.client.cached = true (default)
2023-08-25 11:37:50,778 [c88c3db0-6d18-4a8e-bc96-216262cb4b87-groupManagement] INFO  server.RaftServerConfigKeys (ConfUtils.java:logGet(46)) - raft.server.threadpool.client.size = 0 (default)
2023-08-25 11:37:50,778 [c88c3db0-6d18-4a8e-bc96-216262cb4b87-groupManagement] INFO  storage.RaftStorageDirectory (RaftStorageDirectoryImpl.java:analyzeStorage(137)) - The storage directory /home/runner/work/ozone/ozone/hadoop-ozone/integration-test/target/test-dir/MiniOzoneClusterImpl-e63a8ec6-da9e-4c95-a9d5-015e34518cdf/datanode-1/data/ratis/2431aa5b-ab2c-43c9-82eb-14a24c3c79be does not exist. Creating ...
2023-08-25 11:37:50,782 [c88c3db0-6d18-4a8e-bc96-216262cb4b87-groupManagement] INFO  storage.RaftStorageDirectory (RaftStorageDirectoryImpl.java:tryLock(231)) - Lock on /home/runner/work/ozone/ozone/hadoop-ozone/integration-test/target/test-dir/MiniOzoneClusterImpl-e63a8ec6-da9e-4c95-a9d5-015e34518cdf/datanode-1/data/ratis/2431aa5b-ab2c-43c9-82eb-14a24c3c79be/in_use.lock acquired by nodename 61563@fv-az508-118
2023-08-25 11:37:50,784 [c88c3db0-6d18-4a8e-bc96-216262cb4b87-groupManagement] INFO  storage.RaftStorage (RaftStorageImpl.java:format(96)) - Storage directory /home/runner/work/ozone/ozone/hadoop-ozone/integration-test/target/test-dir/MiniOzoneClusterImpl-e63a8ec6-da9e-4c95-a9d5-015e34518cdf/datanode-1/data/ratis/2431aa5b-ab2c-43c9-82eb-14a24c3c79be has been successfully formatted.
2023-08-25 11:37:50,785 [c88c3db0-6d18-4a8e-bc96-216262cb4b87-groupManagement] INFO  ratis.ContainerStateMachine (ContainerStateMachine.java:loadSnapshot(262)) - group-14A24C3C79BE: The snapshot info is null. Setting the last applied indexto:(t:0, i:~)
2023-08-25 11:37:50,785 [c88c3db0-6d18-4a8e-bc96-216262cb4b87-groupManagement] INFO  server.RaftServerConfigKeys (ConfUtils.java:logGet(46)) - raft.server.log.use.memory = false (default)
2023-08-25 11:37:50,785 [c88c3db0-6d18-4a8e-bc96-216262cb4b87-groupManagement] INFO  server.RaftServerConfigKeys (ConfUtils.java:logGet(46)) - raft.server.log.purge.gap = 1000000 (custom)
2023-08-25 11:37:50,785 [c88c3db0-6d18-4a8e-bc96-216262cb4b87-groupManagement] INFO  server.RaftServerConfigKeys (ConfUtils.java:logGet(46)) - raft.server.log.appender.buffer.byte-limit = 33554432 (custom)
2023-08-25 11:37:50,785 [c88c3db0-6d18-4a8e-bc96-216262cb4b87-groupManagement] INFO  server.RaftServerConfigKeys (ConfUtils.java:logGet(46)) - raft.server.log.statemachine.data.read.timeout = 1000ms (default)
2023-08-25 11:37:50,785 [c88c3db0-6d18-4a8e-bc96-216262cb4b87-groupManagement] INFO  server.RaftServerConfigKeys (ConfUtils.java:logGet(46)) - raft.server.log.purge.preservation.log.num = 0 (default)
2023-08-25 11:37:50,786 [c88c3db0-6d18-4a8e-bc96-216262cb4b87-groupManagement] INFO  server.RaftServerConfigKeys (ConfUtils.java:logGet(46)) - raft.server.log.segment.size.max = 1048576 (custom)
2023-08-25 11:37:50,786 [c88c3db0-6d18-4a8e-bc96-216262cb4b87-groupManagement] INFO  server.RaftServerConfigKeys (ConfUtils.java:logGet(46)) - raft.server.log.segment.cache.num.max = 2 (custom)
2023-08-25 11:37:50,786 [c88c3db0-6d18-4a8e-bc96-216262cb4b87-groupManagement] INFO  server.RaftServerConfigKeys (ConfUtils.java:logGet(46)) - raft.server.log.segment.cache.size.max = 200MB (=209715200) (default)
2023-08-25 11:37:50,786 [c88c3db0-6d18-4a8e-bc96-216262cb4b87-groupManagement] INFO  server.RaftServerConfigKeys (ConfUtils.java:logGet(46)) - raft.server.log.appender.buffer.byte-limit = 33554432 (custom)
2023-08-25 11:37:50,786 [c88c3db0-6d18-4a8e-bc96-216262cb4b87-groupManagement] INFO  segmented.SegmentedRaftLogWorker (SegmentedRaftLogWorker.java:<init>(188)) - new c88c3db0-6d18-4a8e-bc96-216262cb4b87@group-14A24C3C79BE-SegmentedRaftLogWorker for RaftStorageImpl:Storage Directory /home/runner/work/ozone/ozone/hadoop-ozone/integration-test/target/test-dir/MiniOzoneClusterImpl-e63a8ec6-da9e-4c95-a9d5-015e34518cdf/datanode-1/data/ratis/2431aa5b-ab2c-43c9-82eb-14a24c3c79be
2023-08-25 11:37:50,786 [c88c3db0-6d18-4a8e-bc96-216262cb4b87-groupManagement] INFO  server.RaftServerConfigKeys (ConfUtils.java:logGet(46)) - raft.server.log.queue.byte-limit = 4294967296 (custom)
2023-08-25 11:37:50,786 [c88c3db0-6d18-4a8e-bc96-216262cb4b87-groupManagement] INFO  server.RaftServerConfigKeys (ConfUtils.java:logGet(46)) - raft.server.log.queue.element-limit = 1024 (custom)
2023-08-25 11:37:50,786 [c88c3db0-6d18-4a8e-bc96-216262cb4b87-groupManagement] INFO  server.RaftServerConfigKeys (ConfUtils.java:logGet(46)) - raft.server.log.segment.size.max = 1048576 (custom)
2023-08-25 11:37:50,786 [c88c3db0-6d18-4a8e-bc96-216262cb4b87-groupManagement] INFO  server.RaftServerConfigKeys (ConfUtils.java:logGet(46)) - raft.server.log.preallocated.size = 16384 (custom)
2023-08-25 11:37:50,786 [c88c3db0-6d18-4a8e-bc96-216262cb4b87-groupManagement] INFO  server.RaftServerConfigKeys (ConfUtils.java:logGet(46)) - raft.server.log.force.sync.num = 128 (default)
2023-08-25 11:37:50,786 [c88c3db0-6d18-4a8e-bc96-216262cb4b87-groupManagement] INFO  server.RaftServerConfigKeys (ConfUtils.java:logGet(46)) - raft.server.log.statemachine.data.sync = true (default)
2023-08-25 11:37:50,786 [c88c3db0-6d18-4a8e-bc96-216262cb4b87-groupManagement] INFO  server.RaftServerConfigKeys (ConfUtils.java:logGet(46)) - raft.server.log.statemachine.data.sync.timeout = 10s (default)
2023-08-25 11:37:50,786 [c88c3db0-6d18-4a8e-bc96-216262cb4b87-groupManagement] INFO  server.RaftServerConfigKeys (ConfUtils.java:logGet(46)) - raft.server.log.statemachine.data.sync.timeout.retry = -1 (default)
2023-08-25 11:37:50,787 [c88c3db0-6d18-4a8e-bc96-216262cb4b87-groupManagement] INFO  server.RaftServerConfigKeys (ConfUtils.java:logGet(46)) - raft.server.log.write.buffer.size = 1048576 (custom)
2023-08-25 11:37:50,788 [c88c3db0-6d18-4a8e-bc96-216262cb4b87-groupManagement] INFO  server.RaftServerConfigKeys (ConfUtils.java:logGet(46)) - raft.server.log.appender.buffer.byte-limit = 33554432 (custom)
2023-08-25 11:37:50,794 [c88c3db0-6d18-4a8e-bc96-216262cb4b87-groupManagement] INFO  server.RaftServerConfigKeys (ConfUtils.java:logGet(46)) - raft.server.log.unsafe-flush.enabled = false (default)
2023-08-25 11:37:50,794 [c88c3db0-6d18-4a8e-bc96-216262cb4b87-groupManagement] INFO  server.RaftServerConfigKeys (ConfUtils.java:logGet(46)) - raft.server.log.async-flush.enabled = false (default)
2023-08-25 11:37:50,794 [c88c3db0-6d18-4a8e-bc96-216262cb4b87-groupManagement] INFO  server.RaftServerConfigKeys (ConfUtils.java:logGet(46)) - raft.server.log.statemachine.data.caching.enabled = true (custom)
2023-08-25 11:37:50,794 [c88c3db0-6d18-4a8e-bc96-216262cb4b87-groupManagement] INFO  segmented.SegmentedRaftLogWorker (SegmentedRaftLogWorker.java:lambda$new$0(135)) - c88c3db0-6d18-4a8e-bc96-216262cb4b87@group-14A24C3C79BE-SegmentedRaftLogWorker: flushIndex: setUnconditionally 0 -> -1
2023-08-25 11:37:50,794 [c88c3db0-6d18-4a8e-bc96-216262cb4b87-groupManagement] INFO  segmented.SegmentedRaftLogWorker (SegmentedRaftLogWorker.java:lambda$new$0(135)) - c88c3db0-6d18-4a8e-bc96-216262cb4b87@group-14A24C3C79BE-SegmentedRaftLogWorker: safeCacheEvictIndex: setUnconditionally 0 -> -1
2023-08-25 11:37:50,795 [c88c3db0-6d18-4a8e-bc96-216262cb4b87-groupManagement] INFO  server.RaftServer$Division (RaftServerImpl.java:start(342)) - c88c3db0-6d18-4a8e-bc96-216262cb4b87@group-14A24C3C79BE: start as a follower, conf=-1: peers:[f8b5371a-a27d-49bd-9775-6107617962eb|rpc:10.1.0.52:15191|admin:10.1.0.52:15190|client:10.1.0.52:15189|dataStream:10.1.0.52:15192|priority:0|startupRole:FOLLOWER, 40eb42f8-08cb-4edc-9c90-450b1ff1d9e5|rpc:10.1.0.52:15173|admin:10.1.0.52:15172|client:10.1.0.52:15171|dataStream:10.1.0.52:15174|priority:1|startupRole:FOLLOWER, c88c3db0-6d18-4a8e-bc96-216262cb4b87|rpc:10.1.0.52:15182|admin:10.1.0.52:15181|client:10.1.0.52:15180|dataStream:10.1.0.52:15183|priority:0|startupRole:FOLLOWER]|listeners:[], old=null
2023-08-25 11:37:50,795 [c88c3db0-6d18-4a8e-bc96-216262cb4b87-groupManagement] INFO  server.RaftServer$Division (RaftServerImpl.java:setRole(329)) - c88c3db0-6d18-4a8e-bc96-216262cb4b87@group-14A24C3C79BE: changes role from      null to FOLLOWER at term 0 for startAsFollower
2023-08-25 11:37:50,795 [c88c3db0-6d18-4a8e-bc96-216262cb4b87-groupManagement] INFO  impl.RoleInfo (RoleInfo.java:updateAndGet(139)) - c88c3db0-6d18-4a8e-bc96-216262cb4b87: start c88c3db0-6d18-4a8e-bc96-216262cb4b87@group-14A24C3C79BE-FollowerState
2023-08-25 11:37:50,795 [c88c3db0-6d18-4a8e-bc96-216262cb4b87-groupManagement] INFO  util.JmxRegister (JmxRegister.java:tryRegister(44)) - Successfully registered JMX Bean with object name Ratis:service=RaftServer,group=group-14A24C3C79BE,id=c88c3db0-6d18-4a8e-bc96-216262cb4b87
2023-08-25 11:37:50,795 [c88c3db0-6d18-4a8e-bc96-216262cb4b87-groupManagement] INFO  server.RaftServerConfigKeys (ConfUtils.java:logGet(46)) - raft.server.snapshot.auto.trigger.enabled = true (custom)
2023-08-25 11:37:50,795 [c88c3db0-6d18-4a8e-bc96-216262cb4b87-groupManagement] INFO  server.RaftServerConfigKeys (ConfUtils.java:logGet(46)) - raft.server.snapshot.auto.trigger.threshold = 10000 (custom)
2023-08-25 11:37:50,796 [c88c3db0-6d18-4a8e-bc96-216262cb4b87-groupManagement] INFO  server.RaftServerConfigKeys (ConfUtils.java:logGet(46)) - raft.server.snapshot.retention.file.num = 5 (custom)
2023-08-25 11:37:50,796 [c88c3db0-6d18-4a8e-bc96-216262cb4b87-groupManagement] INFO  server.RaftServerConfigKeys (ConfUtils.java:logGet(46)) - raft.server.log.purge.upto.snapshot.index = false (default)
2023-08-25 11:37:50,796 [c88c3db0-6d18-4a8e-bc96-216262cb4b87@group-14A24C3C79BE-FollowerState] INFO  server.RaftServerConfigKeys (ConfUtils.java:logFallback(53)) - raft.server.rpc.first-election.timeout.min = 5s (fallback to raft.server.rpc.timeout.min)
2023-08-25 11:37:50,796 [c88c3db0-6d18-4a8e-bc96-216262cb4b87@group-14A24C3C79BE-FollowerState] INFO  server.RaftServerConfigKeys (ConfUtils.java:logFallback(53)) - raft.server.rpc.first-election.timeout.max = 5200ms (fallback to raft.server.rpc.timeout.max)
2023-08-25 11:37:50,831 [grpc-default-executor-0] INFO  server.RaftServer (RaftServerProxy.java:addNew(98)) - f8b5371a-a27d-49bd-9775-6107617962eb: addNew group-14A24C3C79BE:[f8b5371a-a27d-49bd-9775-6107617962eb|rpc:10.1.0.52:15191|admin:10.1.0.52:15190|client:10.1.0.52:15189|dataStream:10.1.0.52:15192|priority:0|startupRole:FOLLOWER, 40eb42f8-08cb-4edc-9c90-450b1ff1d9e5|rpc:10.1.0.52:15173|admin:10.1.0.52:15172|client:10.1.0.52:15171|dataStream:10.1.0.52:15174|priority:1|startupRole:FOLLOWER, c88c3db0-6d18-4a8e-bc96-216262cb4b87|rpc:10.1.0.52:15182|admin:10.1.0.52:15181|client:10.1.0.52:15180|dataStream:10.1.0.52:15183|priority:0|startupRole:FOLLOWER] returns group-14A24C3C79BE:java.util.concurrent.CompletableFuture@51747005[Not completed]
2023-08-25 11:37:50,832 [f8b5371a-a27d-49bd-9775-6107617962eb-groupManagement] INFO  server.RaftServer$Division (RaftServerImpl.java:<init>(198)) - f8b5371a-a27d-49bd-9775-6107617962eb: new RaftServerImpl for group-14A24C3C79BE:[f8b5371a-a27d-49bd-9775-6107617962eb|rpc:10.1.0.52:15191|admin:10.1.0.52:15190|client:10.1.0.52:15189|dataStream:10.1.0.52:15192|priority:0|startupRole:FOLLOWER, 40eb42f8-08cb-4edc-9c90-450b1ff1d9e5|rpc:10.1.0.52:15173|admin:10.1.0.52:15172|client:10.1.0.52:15171|dataStream:10.1.0.52:15174|priority:1|startupRole:FOLLOWER, c88c3db0-6d18-4a8e-bc96-216262cb4b87|rpc:10.1.0.52:15182|admin:10.1.0.52:15181|client:10.1.0.52:15180|dataStream:10.1.0.52:15183|priority:0|startupRole:FOLLOWER] with ContainerStateMachine:uninitialized
2023-08-25 11:37:50,832 [f8b5371a-a27d-49bd-9775-6107617962eb-groupManagement] INFO  server.RaftServerConfigKeys (ConfUtils.java:logGet(46)) - raft.server.rpc.timeout.min = 5s (custom)
2023-08-25 11:37:50,832 [f8b5371a-a27d-49bd-9775-6107617962eb-groupManagement] INFO  server.RaftServerConfigKeys (ConfUtils.java:logGet(46)) - raft.server.rpc.timeout.max = 5200ms (custom)
2023-08-25 11:37:50,832 [f8b5371a-a27d-49bd-9775-6107617962eb-groupManagement] INFO  server.RaftServerConfigKeys (ConfUtils.java:logGet(46)) - raft.server.rpc.sleep.time = 25ms (default)
2023-08-25 11:37:50,832 [f8b5371a-a27d-49bd-9775-6107617962eb-groupManagement] INFO  server.RaftServerConfigKeys (ConfUtils.java:logGet(46)) - raft.server.rpc.slowness.timeout = 300s (custom)
2023-08-25 11:37:50,833 [f8b5371a-a27d-49bd-9775-6107617962eb-groupManagement] INFO  server.RaftServerConfigKeys (ConfUtils.java:logGet(46)) - raft.server.leaderelection.leader.step-down.wait-time = 10s (default)
2023-08-25 11:37:50,833 [f8b5371a-a27d-49bd-9775-6107617962eb-groupManagement] INFO  server.RaftServerConfigKeys (ConfUtils.java:logGet(46)) - raft.server.sleep.deviation.threshold = 300ms (default)
2023-08-25 11:37:50,833 [f8b5371a-a27d-49bd-9775-6107617962eb-groupManagement] INFO  server.RaftServer$Division (ServerState.java:<init>(120)) - f8b5371a-a27d-49bd-9775-6107617962eb@group-14A24C3C79BE: ConfigurationManager, init=-1: peers:[f8b5371a-a27d-49bd-9775-6107617962eb|rpc:10.1.0.52:15191|admin:10.1.0.52:15190|client:10.1.0.52:15189|dataStream:10.1.0.52:15192|priority:0|startupRole:FOLLOWER, 40eb42f8-08cb-4edc-9c90-450b1ff1d9e5|rpc:10.1.0.52:15173|admin:10.1.0.52:15172|client:10.1.0.52:15171|dataStream:10.1.0.52:15174|priority:1|startupRole:FOLLOWER, c88c3db0-6d18-4a8e-bc96-216262cb4b87|rpc:10.1.0.52:15182|admin:10.1.0.52:15181|client:10.1.0.52:15180|dataStream:10.1.0.52:15183|priority:0|startupRole:FOLLOWER]|listeners:[], old=null, confs=<EMPTY_MAP>
2023-08-25 11:37:50,833 [f8b5371a-a27d-49bd-9775-6107617962eb-groupManagement] INFO  server.RaftServerConfigKeys (ConfUtils.java:logGet(46)) - raft.server.storage.dir = [/home/runner/work/ozone/ozone/hadoop-ozone/integration-test/target/test-dir/MiniOzoneClusterImpl-e63a8ec6-da9e-4c95-a9d5-015e34518cdf/datanode-2/data/ratis] (custom)
2023-08-25 11:37:50,833 [f8b5371a-a27d-49bd-9775-6107617962eb-groupManagement] INFO  server.RaftServerConfigKeys (ConfUtils.java:logGet(46)) - raft.server.log.corruption.policy = EXCEPTION (default)
2023-08-25 11:37:50,833 [f8b5371a-a27d-49bd-9775-6107617962eb-groupManagement] INFO  server.RaftServerConfigKeys (ConfUtils.java:logGet(46)) - raft.server.storage.free-space.min = 0MB (=0) (default)
2023-08-25 11:37:50,833 [f8b5371a-a27d-49bd-9775-6107617962eb-groupManagement] INFO  server.RaftServerConfigKeys (ConfUtils.java:logGet(46)) - raft.server.notification.no-leader.timeout = 300s (custom)
2023-08-25 11:37:50,833 [f8b5371a-a27d-49bd-9775-6107617962eb-groupManagement] INFO  server.RaftServerConfigKeys (ConfUtils.java:logGet(46)) - raft.server.read.timeout = 10s (default)
2023-08-25 11:37:50,833 [f8b5371a-a27d-49bd-9775-6107617962eb-groupManagement] INFO  server.RaftServerConfigKeys (ConfUtils.java:logGet(46)) - raft.server.retrycache.expirytime = 600000ms (custom)
2023-08-25 11:37:50,833 [f8b5371a-a27d-49bd-9775-6107617962eb-groupManagement] INFO  server.RaftServerConfigKeys (ConfUtils.java:logGet(46)) - raft.server.retrycache.statistics.expirytime = 100μs (default)
2023-08-25 11:37:50,833 [f8b5371a-a27d-49bd-9775-6107617962eb-groupManagement] INFO  server.RaftServerConfigKeys (ConfUtils.java:logGet(46)) - raft.server.read.option = DEFAULT (default)
2023-08-25 11:37:50,834 [f8b5371a-a27d-49bd-9775-6107617962eb-groupManagement] INFO  server.RaftServerConfigKeys (ConfUtils.java:logGet(46)) - raft.server.rpc.request.timeout = 60s (custom)
2023-08-25 11:37:50,834 [f8b5371a-a27d-49bd-9775-6107617962eb-groupManagement] INFO  server.RaftServerConfigKeys (ConfUtils.java:logGet(46)) - raft.server.log.appender.install.snapshot.enabled = false (custom)
2023-08-25 11:37:50,834 [f8b5371a-a27d-49bd-9775-6107617962eb-groupManagement] INFO  server.RaftServerConfigKeys (ConfUtils.java:logGet(46)) - raft.server.threadpool.server.cached = true (default)
2023-08-25 11:37:50,834 [f8b5371a-a27d-49bd-9775-6107617962eb-groupManagement] INFO  server.RaftServerConfigKeys (ConfUtils.java:logGet(46)) - raft.server.threadpool.server.size = 0 (default)
2023-08-25 11:37:50,834 [f8b5371a-a27d-49bd-9775-6107617962eb-groupManagement] INFO  server.RaftServerConfigKeys (ConfUtils.java:logGet(46)) - raft.server.threadpool.client.cached = true (default)
2023-08-25 11:37:50,834 [f8b5371a-a27d-49bd-9775-6107617962eb-groupManagement] INFO  server.RaftServerConfigKeys (ConfUtils.java:logGet(46)) - raft.server.threadpool.client.size = 0 (default)
2023-08-25 11:37:50,834 [f8b5371a-a27d-49bd-9775-6107617962eb-groupManagement] INFO  storage.RaftStorageDirectory (RaftStorageDirectoryImpl.java:analyzeStorage(137)) - The storage directory /home/runner/work/ozone/ozone/hadoop-ozone/integration-test/target/test-dir/MiniOzoneClusterImpl-e63a8ec6-da9e-4c95-a9d5-015e34518cdf/datanode-2/data/ratis/2431aa5b-ab2c-43c9-82eb-14a24c3c79be does not exist. Creating ...
2023-08-25 11:37:50,836 [f8b5371a-a27d-49bd-9775-6107617962eb-groupManagement] INFO  storage.RaftStorageDirectory (RaftStorageDirectoryImpl.java:tryLock(231)) - Lock on /home/runner/work/ozone/ozone/hadoop-ozone/integration-test/target/test-dir/MiniOzoneClusterImpl-e63a8ec6-da9e-4c95-a9d5-015e34518cdf/datanode-2/data/ratis/2431aa5b-ab2c-43c9-82eb-14a24c3c79be/in_use.lock acquired by nodename 61563@fv-az508-118
2023-08-25 11:37:50,838 [f8b5371a-a27d-49bd-9775-6107617962eb-groupManagement] INFO  storage.RaftStorage (RaftStorageImpl.java:format(96)) - Storage directory /home/runner/work/ozone/ozone/hadoop-ozone/integration-test/target/test-dir/MiniOzoneClusterImpl-e63a8ec6-da9e-4c95-a9d5-015e34518cdf/datanode-2/data/ratis/2431aa5b-ab2c-43c9-82eb-14a24c3c79be has been successfully formatted.
2023-08-25 11:37:50,838 [f8b5371a-a27d-49bd-9775-6107617962eb-groupManagement] INFO  ratis.ContainerStateMachine (ContainerStateMachine.java:loadSnapshot(262)) - group-14A24C3C79BE: The snapshot info is null. Setting the last applied indexto:(t:0, i:~)
2023-08-25 11:37:50,841 [f8b5371a-a27d-49bd-9775-6107617962eb-groupManagement] INFO  server.RaftServerConfigKeys (ConfUtils.java:logGet(46)) - raft.server.log.use.memory = false (default)
2023-08-25 11:37:50,841 [f8b5371a-a27d-49bd-9775-6107617962eb-groupManagement] INFO  server.RaftServerConfigKeys (ConfUtils.java:logGet(46)) - raft.server.log.purge.gap = 1000000 (custom)
2023-08-25 11:37:50,841 [f8b5371a-a27d-49bd-9775-6107617962eb-groupManagement] INFO  server.RaftServerConfigKeys (ConfUtils.java:logGet(46)) - raft.server.log.appender.buffer.byte-limit = 33554432 (custom)
2023-08-25 11:37:50,841 [f8b5371a-a27d-49bd-9775-6107617962eb-groupManagement] INFO  server.RaftServerConfigKeys (ConfUtils.java:logGet(46)) - raft.server.log.statemachine.data.read.timeout = 1000ms (default)
2023-08-25 11:37:50,841 [f8b5371a-a27d-49bd-9775-6107617962eb-groupManagement] INFO  server.RaftServerConfigKeys (ConfUtils.java:logGet(46)) - raft.server.log.purge.preservation.log.num = 0 (default)
2023-08-25 11:37:50,841 [f8b5371a-a27d-49bd-9775-6107617962eb-groupManagement] INFO  server.RaftServerConfigKeys (ConfUtils.java:logGet(46)) - raft.server.log.segment.size.max = 1048576 (custom)
2023-08-25 11:37:50,841 [f8b5371a-a27d-49bd-9775-6107617962eb-groupManagement] INFO  server.RaftServerConfigKeys (ConfUtils.java:logGet(46)) - raft.server.log.segment.cache.num.max = 2 (custom)
2023-08-25 11:37:50,841 [f8b5371a-a27d-49bd-9775-6107617962eb-groupManagement] INFO  server.RaftServerConfigKeys (ConfUtils.java:logGet(46)) - raft.server.log.segment.cache.size.max = 200MB (=209715200) (default)
2023-08-25 11:37:50,842 [f8b5371a-a27d-49bd-9775-6107617962eb-groupManagement] INFO  server.RaftServerConfigKeys (ConfUtils.java:logGet(46)) - raft.server.log.appender.buffer.byte-limit = 33554432 (custom)
2023-08-25 11:37:50,842 [f8b5371a-a27d-49bd-9775-6107617962eb-groupManagement] INFO  segmented.SegmentedRaftLogWorker (SegmentedRaftLogWorker.java:<init>(188)) - new f8b5371a-a27d-49bd-9775-6107617962eb@group-14A24C3C79BE-SegmentedRaftLogWorker for RaftStorageImpl:Storage Directory /home/runner/work/ozone/ozone/hadoop-ozone/integration-test/target/test-dir/MiniOzoneClusterImpl-e63a8ec6-da9e-4c95-a9d5-015e34518cdf/datanode-2/data/ratis/2431aa5b-ab2c-43c9-82eb-14a24c3c79be
2023-08-25 11:37:50,842 [f8b5371a-a27d-49bd-9775-6107617962eb-groupManagement] INFO  server.RaftServerConfigKeys (ConfUtils.java:logGet(46)) - raft.server.log.queue.byte-limit = 4294967296 (custom)
2023-08-25 11:37:50,842 [f8b5371a-a27d-49bd-9775-6107617962eb-groupManagement] INFO  server.RaftServerConfigKeys (ConfUtils.java:logGet(46)) - raft.server.log.queue.element-limit = 1024 (custom)
2023-08-25 11:37:50,842 [f8b5371a-a27d-49bd-9775-6107617962eb-groupManagement] INFO  server.RaftServerConfigKeys (ConfUtils.java:logGet(46)) - raft.server.log.segment.size.max = 1048576 (custom)
2023-08-25 11:37:50,842 [f8b5371a-a27d-49bd-9775-6107617962eb-groupManagement] INFO  server.RaftServerConfigKeys (ConfUtils.java:logGet(46)) - raft.server.log.preallocated.size = 16384 (custom)
2023-08-25 11:37:50,842 [f8b5371a-a27d-49bd-9775-6107617962eb-groupManagement] INFO  server.RaftServerConfigKeys (ConfUtils.java:logGet(46)) - raft.server.log.force.sync.num = 128 (default)
2023-08-25 11:37:50,842 [f8b5371a-a27d-49bd-9775-6107617962eb-groupManagement] INFO  server.RaftServerConfigKeys (ConfUtils.java:logGet(46)) - raft.server.log.statemachine.data.sync = true (default)
2023-08-25 11:37:50,842 [f8b5371a-a27d-49bd-9775-6107617962eb-groupManagement] INFO  server.RaftServerConfigKeys (ConfUtils.java:logGet(46)) - raft.server.log.statemachine.data.sync.timeout = 10s (default)
2023-08-25 11:37:50,842 [f8b5371a-a27d-49bd-9775-6107617962eb-groupManagement] INFO  server.RaftServerConfigKeys (ConfUtils.java:logGet(46)) - raft.server.log.statemachine.data.sync.timeout.retry = -1 (default)
2023-08-25 11:37:50,842 [f8b5371a-a27d-49bd-9775-6107617962eb-groupManagement] INFO  server.RaftServerConfigKeys (ConfUtils.java:logGet(46)) - raft.server.log.write.buffer.size = 1048576 (custom)
2023-08-25 11:37:50,843 [f8b5371a-a27d-49bd-9775-6107617962eb-groupManagement] INFO  server.RaftServerConfigKeys (ConfUtils.java:logGet(46)) - raft.server.log.appender.buffer.byte-limit = 33554432 (custom)
2023-08-25 11:37:50,850 [f8b5371a-a27d-49bd-9775-6107617962eb-groupManagement] INFO  server.RaftServerConfigKeys (ConfUtils.java:logGet(46)) - raft.server.log.unsafe-flush.enabled = false (default)
2023-08-25 11:37:50,850 [f8b5371a-a27d-49bd-9775-6107617962eb-groupManagement] INFO  server.RaftServerConfigKeys (ConfUtils.java:logGet(46)) - raft.server.log.async-flush.enabled = false (default)
2023-08-25 11:37:50,850 [f8b5371a-a27d-49bd-9775-6107617962eb-groupManagement] INFO  server.RaftServerConfigKeys (ConfUtils.java:logGet(46)) - raft.server.log.statemachine.data.caching.enabled = true (custom)
2023-08-25 11:37:50,850 [f8b5371a-a27d-49bd-9775-6107617962eb-groupManagement] INFO  segmented.SegmentedRaftLogWorker (SegmentedRaftLogWorker.java:lambda$new$0(135)) - f8b5371a-a27d-49bd-9775-6107617962eb@group-14A24C3C79BE-SegmentedRaftLogWorker: flushIndex: setUnconditionally 0 -> -1
2023-08-25 11:37:50,850 [f8b5371a-a27d-49bd-9775-6107617962eb-groupManagement] INFO  segmented.SegmentedRaftLogWorker (SegmentedRaftLogWorker.java:lambda$new$0(135)) - f8b5371a-a27d-49bd-9775-6107617962eb@group-14A24C3C79BE-SegmentedRaftLogWorker: safeCacheEvictIndex: setUnconditionally 0 -> -1
2023-08-25 11:37:50,851 [f8b5371a-a27d-49bd-9775-6107617962eb-groupManagement] INFO  server.RaftServer$Division (RaftServerImpl.java:start(342)) - f8b5371a-a27d-49bd-9775-6107617962eb@group-14A24C3C79BE: start as a follower, conf=-1: peers:[f8b5371a-a27d-49bd-9775-6107617962eb|rpc:10.1.0.52:15191|admin:10.1.0.52:15190|client:10.1.0.52:15189|dataStream:10.1.0.52:15192|priority:0|startupRole:FOLLOWER, 40eb42f8-08cb-4edc-9c90-450b1ff1d9e5|rpc:10.1.0.52:15173|admin:10.1.0.52:15172|client:10.1.0.52:15171|dataStream:10.1.0.52:15174|priority:1|startupRole:FOLLOWER, c88c3db0-6d18-4a8e-bc96-216262cb4b87|rpc:10.1.0.52:15182|admin:10.1.0.52:15181|client:10.1.0.52:15180|dataStream:10.1.0.52:15183|priority:0|startupRole:FOLLOWER]|listeners:[], old=null
2023-08-25 11:37:50,851 [f8b5371a-a27d-49bd-9775-6107617962eb-groupManagement] INFO  server.RaftServer$Division (RaftServerImpl.java:setRole(329)) - f8b5371a-a27d-49bd-9775-6107617962eb@group-14A24C3C79BE: changes role from      null to FOLLOWER at term 0 for startAsFollower
2023-08-25 11:37:50,851 [f8b5371a-a27d-49bd-9775-6107617962eb-groupManagement] INFO  impl.RoleInfo (RoleInfo.java:updateAndGet(139)) - f8b5371a-a27d-49bd-9775-6107617962eb: start f8b5371a-a27d-49bd-9775-6107617962eb@group-14A24C3C79BE-FollowerState
2023-08-25 11:37:50,851 [f8b5371a-a27d-49bd-9775-6107617962eb-groupManagement] INFO  util.JmxRegister (JmxRegister.java:tryRegister(44)) - Successfully registered JMX Bean with object name Ratis:service=RaftServer,group=group-14A24C3C79BE,id=f8b5371a-a27d-49bd-9775-6107617962eb
2023-08-25 11:37:50,851 [f8b5371a-a27d-49bd-9775-6107617962eb-groupManagement] INFO  server.RaftServerConfigKeys (ConfUtils.java:logGet(46)) - raft.server.snapshot.auto.trigger.enabled = true (custom)
2023-08-25 11:37:50,851 [f8b5371a-a27d-49bd-9775-6107617962eb-groupManagement] INFO  server.RaftServerConfigKeys (ConfUtils.java:logGet(46)) - raft.server.snapshot.auto.trigger.threshold = 10000 (custom)
2023-08-25 11:37:50,851 [f8b5371a-a27d-49bd-9775-6107617962eb-groupManagement] INFO  server.RaftServerConfigKeys (ConfUtils.java:logGet(46)) - raft.server.snapshot.retention.file.num = 5 (custom)
2023-08-25 11:37:50,851 [f8b5371a-a27d-49bd-9775-6107617962eb-groupManagement] INFO  server.RaftServerConfigKeys (ConfUtils.java:logGet(46)) - raft.server.log.purge.upto.snapshot.index = false (default)
2023-08-25 11:37:50,852 [f8b5371a-a27d-49bd-9775-6107617962eb@group-14A24C3C79BE-FollowerState] INFO  server.RaftServerConfigKeys (ConfUtils.java:logFallback(53)) - raft.server.rpc.first-election.timeout.min = 5s (fallback to raft.server.rpc.timeout.min)
2023-08-25 11:37:50,852 [f8b5371a-a27d-49bd-9775-6107617962eb@group-14A24C3C79BE-FollowerState] INFO  server.RaftServerConfigKeys (ConfUtils.java:logFallback(53)) - raft.server.rpc.first-election.timeout.max = 5200ms (fallback to raft.server.rpc.timeout.max)
2023-08-25 11:37:50,868 [PipelineCommandHandlerThread-0] INFO  commandhandler.CreatePipelineCommandHandler (CreatePipelineCommandHandler.java:lambda$handle$2(124)) - Created Pipeline RATIS THREE PipelineID=2431aa5b-ab2c-43c9-82eb-14a24c3c79be.
2023-08-25 11:37:51,011 [PipelineCommandHandlerThread-0] INFO  server.RaftServer (RaftServerProxy.java:addNew(98)) - c88c3db0-6d18-4a8e-bc96-216262cb4b87: addNew group-C4DBEF51DEAB:[c88c3db0-6d18-4a8e-bc96-216262cb4b87|rpc:10.1.0.52:15182|admin:10.1.0.52:15181|client:10.1.0.52:15180|dataStream:10.1.0.52:15183|priority:1|startupRole:FOLLOWER] returns group-C4DBEF51DEAB:java.util.concurrent.CompletableFuture@3dde4a81[Not completed]
2023-08-25 11:37:51,012 [c88c3db0-6d18-4a8e-bc96-216262cb4b87-groupManagement] INFO  server.RaftServer$Division (RaftServerImpl.java:<init>(198)) - c88c3db0-6d18-4a8e-bc96-216262cb4b87: new RaftServerImpl for group-C4DBEF51DEAB:[c88c3db0-6d18-4a8e-bc96-216262cb4b87|rpc:10.1.0.52:15182|admin:10.1.0.52:15181|client:10.1.0.52:15180|dataStream:10.1.0.52:15183|priority:1|startupRole:FOLLOWER] with ContainerStateMachine:uninitialized
2023-08-25 11:37:51,012 [c88c3db0-6d18-4a8e-bc96-216262cb4b87-groupManagement] INFO  server.RaftServerConfigKeys (ConfUtils.java:logGet(46)) - raft.server.rpc.timeout.min = 5s (custom)
2023-08-25 11:37:51,012 [c88c3db0-6d18-4a8e-bc96-216262cb4b87-groupManagement] INFO  server.RaftServerConfigKeys (ConfUtils.java:logGet(46)) - raft.server.rpc.timeout.max = 5200ms (custom)
2023-08-25 11:37:51,012 [c88c3db0-6d18-4a8e-bc96-216262cb4b87-groupManagement] INFO  server.RaftServerConfigKeys (ConfUtils.java:logGet(46)) - raft.server.rpc.sleep.time = 25ms (default)
2023-08-25 11:37:51,012 [c88c3db0-6d18-4a8e-bc96-216262cb4b87-groupManagement] INFO  server.RaftServerConfigKeys (ConfUtils.java:logGet(46)) - raft.server.rpc.slowness.timeout = 300s (custom)
2023-08-25 11:37:51,012 [c88c3db0-6d18-4a8e-bc96-216262cb4b87-groupManagement] INFO  server.RaftServerConfigKeys (ConfUtils.java:logGet(46)) - raft.server.leaderelection.leader.step-down.wait-time = 10s (default)
2023-08-25 11:37:51,012 [c88c3db0-6d18-4a8e-bc96-216262cb4b87-groupManagement] INFO  server.RaftServerConfigKeys (ConfUtils.java:logGet(46)) - raft.server.sleep.deviation.threshold = 300ms (default)
2023-08-25 11:37:51,012 [c88c3db0-6d18-4a8e-bc96-216262cb4b87-groupManagement] INFO  server.RaftServer$Division (ServerState.java:<init>(120)) - c88c3db0-6d18-4a8e-bc96-216262cb4b87@group-C4DBEF51DEAB: ConfigurationManager, init=-1: peers:[c88c3db0-6d18-4a8e-bc96-216262cb4b87|rpc:10.1.0.52:15182|admin:10.1.0.52:15181|client:10.1.0.52:15180|dataStream:10.1.0.52:15183|priority:1|startupRole:FOLLOWER]|listeners:[], old=null, confs=<EMPTY_MAP>
2023-08-25 11:37:51,012 [c88c3db0-6d18-4a8e-bc96-216262cb4b87-groupManagement] INFO  server.RaftServerConfigKeys (ConfUtils.java:logGet(46)) - raft.server.storage.dir = [/home/runner/work/ozone/ozone/hadoop-ozone/integration-test/target/test-dir/MiniOzoneClusterImpl-e63a8ec6-da9e-4c95-a9d5-015e34518cdf/datanode-1/data/ratis] (custom)
2023-08-25 11:37:51,013 [c88c3db0-6d18-4a8e-bc96-216262cb4b87-groupManagement] INFO  server.RaftServerConfigKeys (ConfUtils.java:logGet(46)) - raft.server.log.corruption.policy = EXCEPTION (default)
2023-08-25 11:37:51,013 [c88c3db0-6d18-4a8e-bc96-216262cb4b87-groupManagement] INFO  server.RaftServerConfigKeys (ConfUtils.java:logGet(46)) - raft.server.storage.free-space.min = 0MB (=0) (default)
2023-08-25 11:37:51,013 [c88c3db0-6d18-4a8e-bc96-216262cb4b87-groupManagement] INFO  server.RaftServerConfigKeys (ConfUtils.java:logGet(46)) - raft.server.notification.no-leader.timeout = 300s (custom)
2023-08-25 11:37:51,013 [c88c3db0-6d18-4a8e-bc96-216262cb4b87-groupManagement] INFO  server.RaftServerConfigKeys (ConfUtils.java:logGet(46)) - raft.server.read.timeout = 10s (default)
2023-08-25 11:37:51,013 [c88c3db0-6d18-4a8e-bc96-216262cb4b87-groupManagement] INFO  server.RaftServerConfigKeys (ConfUtils.java:logGet(46)) - raft.server.retrycache.expirytime = 600000ms (custom)
2023-08-25 11:37:51,013 [c88c3db0-6d18-4a8e-bc96-216262cb4b87-groupManagement] INFO  server.RaftServerConfigKeys (ConfUtils.java:logGet(46)) - raft.server.retrycache.statistics.expirytime = 100μs (default)
2023-08-25 11:37:51,013 [c88c3db0-6d18-4a8e-bc96-216262cb4b87-groupManagement] INFO  server.RaftServerConfigKeys (ConfUtils.java:logGet(46)) - raft.server.read.option = DEFAULT (default)
2023-08-25 11:37:51,014 [c88c3db0-6d18-4a8e-bc96-216262cb4b87-groupManagement] INFO  server.RaftServerConfigKeys (ConfUtils.java:logGet(46)) - raft.server.rpc.request.timeout = 60s (custom)
2023-08-25 11:37:51,014 [c88c3db0-6d18-4a8e-bc96-216262cb4b87-groupManagement] INFO  server.RaftServerConfigKeys (ConfUtils.java:logGet(46)) - raft.server.log.appender.install.snapshot.enabled = false (custom)
2023-08-25 11:37:51,014 [c88c3db0-6d18-4a8e-bc96-216262cb4b87-groupManagement] INFO  server.RaftServerConfigKeys (ConfUtils.java:logGet(46)) - raft.server.threadpool.server.cached = true (default)
2023-08-25 11:37:51,014 [c88c3db0-6d18-4a8e-bc96-216262cb4b87-groupManagement] INFO  server.RaftServerConfigKeys (ConfUtils.java:logGet(46)) - raft.server.threadpool.server.size = 0 (default)
2023-08-25 11:37:51,014 [c88c3db0-6d18-4a8e-bc96-216262cb4b87-groupManagement] INFO  server.RaftServerConfigKeys (ConfUtils.java:logGet(46)) - raft.server.threadpool.client.cached = true (default)
2023-08-25 11:37:51,014 [c88c3db0-6d18-4a8e-bc96-216262cb4b87-groupManagement] INFO  server.RaftServerConfigKeys (ConfUtils.java:logGet(46)) - raft.server.threadpool.client.size = 0 (default)
2023-08-25 11:37:51,014 [c88c3db0-6d18-4a8e-bc96-216262cb4b87-groupManagement] INFO  storage.RaftStorageDirectory (RaftStorageDirectoryImpl.java:analyzeStorage(137)) - The storage directory /home/runner/work/ozone/ozone/hadoop-ozone/integration-test/target/test-dir/MiniOzoneClusterImpl-e63a8ec6-da9e-4c95-a9d5-015e34518cdf/datanode-1/data/ratis/4a596211-b6fa-4d5e-a831-c4dbef51deab does not exist. Creating ...
2023-08-25 11:37:51,017 [c88c3db0-6d18-4a8e-bc96-216262cb4b87-groupManagement] INFO  storage.RaftStorageDirectory (RaftStorageDirectoryImpl.java:tryLock(231)) - Lock on /home/runner/work/ozone/ozone/hadoop-ozone/integration-test/target/test-dir/MiniOzoneClusterImpl-e63a8ec6-da9e-4c95-a9d5-015e34518cdf/datanode-1/data/ratis/4a596211-b6fa-4d5e-a831-c4dbef51deab/in_use.lock acquired by nodename 61563@fv-az508-118
2023-08-25 11:37:51,018 [c88c3db0-6d18-4a8e-bc96-216262cb4b87-groupManagement] INFO  storage.RaftStorage (RaftStorageImpl.java:format(96)) - Storage directory /home/runner/work/ozone/ozone/hadoop-ozone/integration-test/target/test-dir/MiniOzoneClusterImpl-e63a8ec6-da9e-4c95-a9d5-015e34518cdf/datanode-1/data/ratis/4a596211-b6fa-4d5e-a831-c4dbef51deab has been successfully formatted.
2023-08-25 11:37:51,019 [c88c3db0-6d18-4a8e-bc96-216262cb4b87-groupManagement] INFO  ratis.ContainerStateMachine (ContainerStateMachine.java:loadSnapshot(262)) - group-C4DBEF51DEAB: The snapshot info is null. Setting the last applied indexto:(t:0, i:~)
2023-08-25 11:37:51,019 [c88c3db0-6d18-4a8e-bc96-216262cb4b87-groupManagement] INFO  server.RaftServerConfigKeys (ConfUtils.java:logGet(46)) - raft.server.log.use.memory = false (default)
2023-08-25 11:37:51,019 [c88c3db0-6d18-4a8e-bc96-216262cb4b87-groupManagement] INFO  server.RaftServerConfigKeys (ConfUtils.java:logGet(46)) - raft.server.log.purge.gap = 1000000 (custom)
2023-08-25 11:37:51,019 [c88c3db0-6d18-4a8e-bc96-216262cb4b87-groupManagement] INFO  server.RaftServerConfigKeys (ConfUtils.java:logGet(46)) - raft.server.log.appender.buffer.byte-limit = 33554432 (custom)
2023-08-25 11:37:51,019 [c88c3db0-6d18-4a8e-bc96-216262cb4b87-groupManagement] INFO  server.RaftServerConfigKeys (ConfUtils.java:logGet(46)) - raft.server.log.statemachine.data.read.timeout = 1000ms (default)
2023-08-25 11:37:51,020 [c88c3db0-6d18-4a8e-bc96-216262cb4b87-groupManagement] INFO  server.RaftServerConfigKeys (ConfUtils.java:logGet(46)) - raft.server.log.purge.preservation.log.num = 0 (default)
2023-08-25 11:37:51,020 [c88c3db0-6d18-4a8e-bc96-216262cb4b87-groupManagement] INFO  server.RaftServerConfigKeys (ConfUtils.java:logGet(46)) - raft.server.log.segment.size.max = 1048576 (custom)
2023-08-25 11:37:51,020 [c88c3db0-6d18-4a8e-bc96-216262cb4b87-groupManagement] INFO  server.RaftServerConfigKeys (ConfUtils.java:logGet(46)) - raft.server.log.segment.cache.num.max = 2 (custom)
2023-08-25 11:37:51,020 [c88c3db0-6d18-4a8e-bc96-216262cb4b87-groupManagement] INFO  server.RaftServerConfigKeys (ConfUtils.java:logGet(46)) - raft.server.log.segment.cache.size.max = 200MB (=209715200) (default)
2023-08-25 11:37:51,021 [EventQueue-PipelineReportForPipelineReportHandler] INFO  pipeline.PipelineReportHandler (PipelineReportHandler.java:processPipelineReport(136)) - Opened pipeline PipelineID=4a596211-b6fa-4d5e-a831-c4dbef51deab
2023-08-25 11:37:51,021 [EventQueue-OpenPipelineForHealthyPipelineSafeModeRule] INFO  safemode.SCMSafeModeManager (HealthyPipelineSafeModeRule.java:process(137)) - SCM in safe mode. Healthy pipelines reported count is 0, required healthy pipeline reported count is 1
2023-08-25 11:37:51,022 [c88c3db0-6d18-4a8e-bc96-216262cb4b87-groupManagement] INFO  server.RaftServerConfigKeys (ConfUtils.java:logGet(46)) - raft.server.log.appender.buffer.byte-limit = 33554432 (custom)
2023-08-25 11:37:51,022 [c88c3db0-6d18-4a8e-bc96-216262cb4b87-groupManagement] INFO  segmented.SegmentedRaftLogWorker (SegmentedRaftLogWorker.java:<init>(188)) - new c88c3db0-6d18-4a8e-bc96-216262cb4b87@group-C4DBEF51DEAB-SegmentedRaftLogWorker for RaftStorageImpl:Storage Directory /home/runner/work/ozone/ozone/hadoop-ozone/integration-test/target/test-dir/MiniOzoneClusterImpl-e63a8ec6-da9e-4c95-a9d5-015e34518cdf/datanode-1/data/ratis/4a596211-b6fa-4d5e-a831-c4dbef51deab
2023-08-25 11:37:51,022 [c88c3db0-6d18-4a8e-bc96-216262cb4b87-groupManagement] INFO  server.RaftServerConfigKeys (ConfUtils.java:logGet(46)) - raft.server.log.queue.byte-limit = 4294967296 (custom)
2023-08-25 11:37:51,022 [c88c3db0-6d18-4a8e-bc96-216262cb4b87-groupManagement] INFO  server.RaftServerConfigKeys (ConfUtils.java:logGet(46)) - raft.server.log.queue.element-limit = 1024 (custom)
2023-08-25 11:37:51,022 [c88c3db0-6d18-4a8e-bc96-216262cb4b87-groupManagement] INFO  server.RaftServerConfigKeys (ConfUtils.java:logGet(46)) - raft.server.log.segment.size.max = 1048576 (custom)
2023-08-25 11:37:51,022 [c88c3db0-6d18-4a8e-bc96-216262cb4b87-groupManagement] INFO  server.RaftServerConfigKeys (ConfUtils.java:logGet(46)) - raft.server.log.preallocated.size = 16384 (custom)
2023-08-25 11:37:51,023 [c88c3db0-6d18-4a8e-bc96-216262cb4b87-groupManagement] INFO  server.RaftServerConfigKeys (ConfUtils.java:logGet(46)) - raft.server.log.force.sync.num = 128 (default)
2023-08-25 11:37:51,023 [c88c3db0-6d18-4a8e-bc96-216262cb4b87-groupManagement] INFO  server.RaftServerConfigKeys (ConfUtils.java:logGet(46)) - raft.server.log.statemachine.data.sync = true (default)
2023-08-25 11:37:51,023 [c88c3db0-6d18-4a8e-bc96-216262cb4b87-groupManagement] INFO  server.RaftServerConfigKeys (ConfUtils.java:logGet(46)) - raft.server.log.statemachine.data.sync.timeout = 10s (default)
2023-08-25 11:37:51,023 [c88c3db0-6d18-4a8e-bc96-216262cb4b87-groupManagement] INFO  server.RaftServerConfigKeys (ConfUtils.java:logGet(46)) - raft.server.log.statemachine.data.sync.timeout.retry = -1 (default)
2023-08-25 11:37:51,023 [c88c3db0-6d18-4a8e-bc96-216262cb4b87-groupManagement] INFO  server.RaftServerConfigKeys (ConfUtils.java:logGet(46)) - raft.server.log.write.buffer.size = 1048576 (custom)
2023-08-25 11:37:51,027 [c88c3db0-6d18-4a8e-bc96-216262cb4b87-groupManagement] INFO  server.RaftServerConfigKeys (ConfUtils.java:logGet(46)) - raft.server.log.appender.buffer.byte-limit = 33554432 (custom)
2023-08-25 11:37:51,033 [c88c3db0-6d18-4a8e-bc96-216262cb4b87-groupManagement] INFO  server.RaftServerConfigKeys (ConfUtils.java:logGet(46)) - raft.server.log.unsafe-flush.enabled = false (default)
2023-08-25 11:37:51,033 [c88c3db0-6d18-4a8e-bc96-216262cb4b87-groupManagement] INFO  server.RaftServerConfigKeys (ConfUtils.java:logGet(46)) - raft.server.log.async-flush.enabled = false (default)
2023-08-25 11:37:51,033 [c88c3db0-6d18-4a8e-bc96-216262cb4b87-groupManagement] INFO  server.RaftServerConfigKeys (ConfUtils.java:logGet(46)) - raft.server.log.statemachine.data.caching.enabled = true (custom)
2023-08-25 11:37:51,034 [c88c3db0-6d18-4a8e-bc96-216262cb4b87-groupManagement] INFO  segmented.SegmentedRaftLogWorker (SegmentedRaftLogWorker.java:lambda$new$0(135)) - c88c3db0-6d18-4a8e-bc96-216262cb4b87@group-C4DBEF51DEAB-SegmentedRaftLogWorker: flushIndex: setUnconditionally 0 -> -1
2023-08-25 11:37:51,034 [c88c3db0-6d18-4a8e-bc96-216262cb4b87-groupManagement] INFO  segmented.SegmentedRaftLogWorker (SegmentedRaftLogWorker.java:lambda$new$0(135)) - c88c3db0-6d18-4a8e-bc96-216262cb4b87@group-C4DBEF51DEAB-SegmentedRaftLogWorker: safeCacheEvictIndex: setUnconditionally 0 -> -1
2023-08-25 11:37:51,034 [c88c3db0-6d18-4a8e-bc96-216262cb4b87-groupManagement] INFO  server.RaftServer$Division (RaftServerImpl.java:start(342)) - c88c3db0-6d18-4a8e-bc96-216262cb4b87@group-C4DBEF51DEAB: start as a follower, conf=-1: peers:[c88c3db0-6d18-4a8e-bc96-216262cb4b87|rpc:10.1.0.52:15182|admin:10.1.0.52:15181|client:10.1.0.52:15180|dataStream:10.1.0.52:15183|priority:1|startupRole:FOLLOWER]|listeners:[], old=null
2023-08-25 11:37:51,034 [c88c3db0-6d18-4a8e-bc96-216262cb4b87-groupManagement] INFO  server.RaftServer$Division (RaftServerImpl.java:setRole(329)) - c88c3db0-6d18-4a8e-bc96-216262cb4b87@group-C4DBEF51DEAB: changes role from      null to FOLLOWER at term 0 for startAsFollower
2023-08-25 11:37:51,034 [c88c3db0-6d18-4a8e-bc96-216262cb4b87-groupManagement] INFO  impl.RoleInfo (RoleInfo.java:updateAndGet(139)) - c88c3db0-6d18-4a8e-bc96-216262cb4b87: start c88c3db0-6d18-4a8e-bc96-216262cb4b87@group-C4DBEF51DEAB-FollowerState
2023-08-25 11:37:51,035 [c88c3db0-6d18-4a8e-bc96-216262cb4b87@group-C4DBEF51DEAB-FollowerState] INFO  server.RaftServerConfigKeys (ConfUtils.java:logFallback(53)) - raft.server.rpc.first-election.timeout.min = 5s (fallback to raft.server.rpc.timeout.min)
2023-08-25 11:37:51,042 [c88c3db0-6d18-4a8e-bc96-216262cb4b87@group-C4DBEF51DEAB-FollowerState] INFO  server.RaftServerConfigKeys (ConfUtils.java:logFallback(53)) - raft.server.rpc.first-election.timeout.max = 5200ms (fallback to raft.server.rpc.timeout.max)
2023-08-25 11:37:51,042 [c88c3db0-6d18-4a8e-bc96-216262cb4b87-groupManagement] INFO  util.JmxRegister (JmxRegister.java:tryRegister(44)) - Successfully registered JMX Bean with object name Ratis:service=RaftServer,group=group-C4DBEF51DEAB,id=c88c3db0-6d18-4a8e-bc96-216262cb4b87
2023-08-25 11:37:51,042 [c88c3db0-6d18-4a8e-bc96-216262cb4b87-groupManagement] INFO  server.RaftServerConfigKeys (ConfUtils.java:logGet(46)) - raft.server.snapshot.auto.trigger.enabled = true (custom)
2023-08-25 11:37:51,042 [c88c3db0-6d18-4a8e-bc96-216262cb4b87-groupManagement] INFO  server.RaftServerConfigKeys (ConfUtils.java:logGet(46)) - raft.server.snapshot.auto.trigger.threshold = 10000 (custom)
2023-08-25 11:37:51,042 [c88c3db0-6d18-4a8e-bc96-216262cb4b87-groupManagement] INFO  server.RaftServerConfigKeys (ConfUtils.java:logGet(46)) - raft.server.snapshot.retention.file.num = 5 (custom)
2023-08-25 11:37:51,042 [c88c3db0-6d18-4a8e-bc96-216262cb4b87-groupManagement] INFO  server.RaftServerConfigKeys (ConfUtils.java:logGet(46)) - raft.server.log.purge.upto.snapshot.index = false (default)
2023-08-25 11:37:51,043 [PipelineCommandHandlerThread-0] INFO  ratis.XceiverServerRatis (XceiverServerRatis.java:addGroup(804)) - Created group PipelineID=4a596211-b6fa-4d5e-a831-c4dbef51deab
2023-08-25 11:37:51,043 [PipelineCommandHandlerThread-0] INFO  commandhandler.CreatePipelineCommandHandler (CreatePipelineCommandHandler.java:lambda$handle$2(124)) - Created Pipeline RATIS ONE PipelineID=4a596211-b6fa-4d5e-a831-c4dbef51deab.
2023-08-25 11:37:51,157 [main] INFO  ozone.MiniOzoneClusterImpl (MiniOzoneClusterImpl.java:lambda$waitForClusterToBeReady$0(224)) - Nodes are ready. Got 5 of 5 DN Heartbeats.
2023-08-25 11:37:51,158 [main] INFO  ozone.MiniOzoneClusterImpl (MiniOzoneClusterImpl.java:lambda$waitForClusterToBeReady$0(227)) - Waiting for cluster to exit safe mode
2023-08-25 11:37:51,158 [main] INFO  ozone.MiniOzoneClusterImpl (MiniOzoneClusterImpl.java:lambda$waitForClusterToBeReady$0(229)) - SCM became leader
2023-08-25 11:37:51,406 [PipelineCommandHandlerThread-0] INFO  server.RaftServer (RaftServerProxy.java:addNew(98)) - f8b5371a-a27d-49bd-9775-6107617962eb: addNew group-C7D8F09D5413:[f8b5371a-a27d-49bd-9775-6107617962eb|rpc:10.1.0.52:15191|admin:10.1.0.52:15190|client:10.1.0.52:15189|dataStream:10.1.0.52:15192|priority:1|startupRole:FOLLOWER] returns group-C7D8F09D5413:java.util.concurrent.CompletableFuture@7fed4127[Not completed]
2023-08-25 11:37:51,407 [f8b5371a-a27d-49bd-9775-6107617962eb-groupManagement] INFO  server.RaftServer$Division (RaftServerImpl.java:<init>(198)) - f8b5371a-a27d-49bd-9775-6107617962eb: new RaftServerImpl for group-C7D8F09D5413:[f8b5371a-a27d-49bd-9775-6107617962eb|rpc:10.1.0.52:15191|admin:10.1.0.52:15190|client:10.1.0.52:15189|dataStream:10.1.0.52:15192|priority:1|startupRole:FOLLOWER] with ContainerStateMachine:uninitialized
2023-08-25 11:37:51,407 [f8b5371a-a27d-49bd-9775-6107617962eb-groupManagement] INFO  server.RaftServerConfigKeys (ConfUtils.java:logGet(46)) - raft.server.rpc.timeout.min = 5s (custom)
2023-08-25 11:37:51,407 [f8b5371a-a27d-49bd-9775-6107617962eb-groupManagement] INFO  server.RaftServerConfigKeys (ConfUtils.java:logGet(46)) - raft.server.rpc.timeout.max = 5200ms (custom)
2023-08-25 11:37:51,407 [f8b5371a-a27d-49bd-9775-6107617962eb-groupManagement] INFO  server.RaftServerConfigKeys (ConfUtils.java:logGet(46)) - raft.server.rpc.sleep.time = 25ms (default)
2023-08-25 11:37:51,407 [f8b5371a-a27d-49bd-9775-6107617962eb-groupManagement] INFO  server.RaftServerConfigKeys (ConfUtils.java:logGet(46)) - raft.server.rpc.slowness.timeout = 300s (custom)
2023-08-25 11:37:51,407 [f8b5371a-a27d-49bd-9775-6107617962eb-groupManagement] INFO  server.RaftServerConfigKeys (ConfUtils.java:logGet(46)) - raft.server.leaderelection.leader.step-down.wait-time = 10s (default)
2023-08-25 11:37:51,407 [f8b5371a-a27d-49bd-9775-6107617962eb-groupManagement] INFO  server.RaftServerConfigKeys (ConfUtils.java:logGet(46)) - raft.server.sleep.deviation.threshold = 300ms (default)
2023-08-25 11:37:51,408 [f8b5371a-a27d-49bd-9775-6107617962eb-groupManagement] INFO  server.RaftServer$Division (ServerState.java:<init>(120)) - f8b5371a-a27d-49bd-9775-6107617962eb@group-C7D8F09D5413: ConfigurationManager, init=-1: peers:[f8b5371a-a27d-49bd-9775-6107617962eb|rpc:10.1.0.52:15191|admin:10.1.0.52:15190|client:10.1.0.52:15189|dataStream:10.1.0.52:15192|priority:1|startupRole:FOLLOWER]|listeners:[], old=null, confs=<EMPTY_MAP>
2023-08-25 11:37:51,408 [f8b5371a-a27d-49bd-9775-6107617962eb-groupManagement] INFO  server.RaftServerConfigKeys (ConfUtils.java:logGet(46)) - raft.server.storage.dir = [/home/runner/work/ozone/ozone/hadoop-ozone/integration-test/target/test-dir/MiniOzoneClusterImpl-e63a8ec6-da9e-4c95-a9d5-015e34518cdf/datanode-2/data/ratis] (custom)
2023-08-25 11:37:51,408 [f8b5371a-a27d-49bd-9775-6107617962eb-groupManagement] INFO  server.RaftServerConfigKeys (ConfUtils.java:logGet(46)) - raft.server.log.corruption.policy = EXCEPTION (default)
2023-08-25 11:37:51,408 [f8b5371a-a27d-49bd-9775-6107617962eb-groupManagement] INFO  server.RaftServerConfigKeys (ConfUtils.java:logGet(46)) - raft.server.storage.free-space.min = 0MB (=0) (default)
2023-08-25 11:37:51,408 [f8b5371a-a27d-49bd-9775-6107617962eb-groupManagement] INFO  server.RaftServerConfigKeys (ConfUtils.java:logGet(46)) - raft.server.notification.no-leader.timeout = 300s (custom)
2023-08-25 11:37:51,408 [f8b5371a-a27d-49bd-9775-6107617962eb-groupManagement] INFO  server.RaftServerConfigKeys (ConfUtils.java:logGet(46)) - raft.server.read.timeout = 10s (default)
2023-08-25 11:37:51,408 [f8b5371a-a27d-49bd-9775-6107617962eb-groupManagement] INFO  server.RaftServerConfigKeys (ConfUtils.java:logGet(46)) - raft.server.retrycache.expirytime = 600000ms (custom)
2023-08-25 11:37:51,408 [f8b5371a-a27d-49bd-9775-6107617962eb-groupManagement] INFO  server.RaftServerConfigKeys (ConfUtils.java:logGet(46)) - raft.server.retrycache.statistics.expirytime = 100μs (default)
2023-08-25 11:37:51,408 [f8b5371a-a27d-49bd-9775-6107617962eb-groupManagement] INFO  server.RaftServerConfigKeys (ConfUtils.java:logGet(46)) - raft.server.read.option = DEFAULT (default)
2023-08-25 11:37:51,409 [f8b5371a-a27d-49bd-9775-6107617962eb-groupManagement] INFO  server.RaftServerConfigKeys (ConfUtils.java:logGet(46)) - raft.server.rpc.request.timeout = 60s (custom)
2023-08-25 11:37:51,409 [f8b5371a-a27d-49bd-9775-6107617962eb-groupManagement] INFO  server.RaftServerConfigKeys (ConfUtils.java:logGet(46)) - raft.server.log.appender.install.snapshot.enabled = false (custom)
2023-08-25 11:37:51,409 [f8b5371a-a27d-49bd-9775-6107617962eb-groupManagement] INFO  server.RaftServerConfigKeys (ConfUtils.java:logGet(46)) - raft.server.threadpool.server.cached = true (default)
2023-08-25 11:37:51,409 [f8b5371a-a27d-49bd-9775-6107617962eb-groupManagement] INFO  server.RaftServerConfigKeys (ConfUtils.java:logGet(46)) - raft.server.threadpool.server.size = 0 (default)
2023-08-25 11:37:51,409 [f8b5371a-a27d-49bd-9775-6107617962eb-groupManagement] INFO  server.RaftServerConfigKeys (ConfUtils.java:logGet(46)) - raft.server.threadpool.client.cached = true (default)
2023-08-25 11:37:51,409 [f8b5371a-a27d-49bd-9775-6107617962eb-groupManagement] INFO  server.RaftServerConfigKeys (ConfUtils.java:logGet(46)) - raft.server.threadpool.client.size = 0 (default)
2023-08-25 11:37:51,409 [f8b5371a-a27d-49bd-9775-6107617962eb-groupManagement] INFO  storage.RaftStorageDirectory (RaftStorageDirectoryImpl.java:analyzeStorage(137)) - The storage directory /home/runner/work/ozone/ozone/hadoop-ozone/integration-test/target/test-dir/MiniOzoneClusterImpl-e63a8ec6-da9e-4c95-a9d5-015e34518cdf/datanode-2/data/ratis/ec091f4b-bbe4-4c00-97cc-c7d8f09d5413 does not exist. Creating ...
2023-08-25 11:37:51,411 [f8b5371a-a27d-49bd-9775-6107617962eb-groupManagement] INFO  storage.RaftStorageDirectory (RaftStorageDirectoryImpl.java:tryLock(231)) - Lock on /home/runner/work/ozone/ozone/hadoop-ozone/integration-test/target/test-dir/MiniOzoneClusterImpl-e63a8ec6-da9e-4c95-a9d5-015e34518cdf/datanode-2/data/ratis/ec091f4b-bbe4-4c00-97cc-c7d8f09d5413/in_use.lock acquired by nodename 61563@fv-az508-118
2023-08-25 11:37:51,413 [f8b5371a-a27d-49bd-9775-6107617962eb-groupManagement] INFO  storage.RaftStorage (RaftStorageImpl.java:format(96)) - Storage directory /home/runner/work/ozone/ozone/hadoop-ozone/integration-test/target/test-dir/MiniOzoneClusterImpl-e63a8ec6-da9e-4c95-a9d5-015e34518cdf/datanode-2/data/ratis/ec091f4b-bbe4-4c00-97cc-c7d8f09d5413 has been successfully formatted.
2023-08-25 11:37:51,413 [f8b5371a-a27d-49bd-9775-6107617962eb-groupManagement] INFO  ratis.ContainerStateMachine (ContainerStateMachine.java:loadSnapshot(262)) - group-C7D8F09D5413: The snapshot info is null. Setting the last applied indexto:(t:0, i:~)
2023-08-25 11:37:51,413 [f8b5371a-a27d-49bd-9775-6107617962eb-groupManagement] INFO  server.RaftServerConfigKeys (ConfUtils.java:logGet(46)) - raft.server.log.use.memory = false (default)
2023-08-25 11:37:51,413 [f8b5371a-a27d-49bd-9775-6107617962eb-groupManagement] INFO  server.RaftServerConfigKeys (ConfUtils.java:logGet(46)) - raft.server.log.purge.gap = 1000000 (custom)
2023-08-25 11:37:51,414 [f8b5371a-a27d-49bd-9775-6107617962eb-groupManagement] INFO  server.RaftServerConfigKeys (ConfUtils.java:logGet(46)) - raft.server.log.appender.buffer.byte-limit = 33554432 (custom)
2023-08-25 11:37:51,414 [f8b5371a-a27d-49bd-9775-6107617962eb-groupManagement] INFO  server.RaftServerConfigKeys (ConfUtils.java:logGet(46)) - raft.server.log.statemachine.data.read.timeout = 1000ms (default)
2023-08-25 11:37:51,414 [f8b5371a-a27d-49bd-9775-6107617962eb-groupManagement] INFO  server.RaftServerConfigKeys (ConfUtils.java:logGet(46)) - raft.server.log.purge.preservation.log.num = 0 (default)
2023-08-25 11:37:51,414 [f8b5371a-a27d-49bd-9775-6107617962eb-groupManagement] INFO  server.RaftServerConfigKeys (ConfUtils.java:logGet(46)) - raft.server.log.segment.size.max = 1048576 (custom)
2023-08-25 11:37:51,414 [f8b5371a-a27d-49bd-9775-6107617962eb-groupManagement] INFO  server.RaftServerConfigKeys (ConfUtils.java:logGet(46)) - raft.server.log.segment.cache.num.max = 2 (custom)
2023-08-25 11:37:51,414 [f8b5371a-a27d-49bd-9775-6107617962eb-groupManagement] INFO  server.RaftServerConfigKeys (ConfUtils.java:logGet(46)) - raft.server.log.segment.cache.size.max = 200MB (=209715200) (default)
2023-08-25 11:37:51,414 [f8b5371a-a27d-49bd-9775-6107617962eb-groupManagement] INFO  server.RaftServerConfigKeys (ConfUtils.java:logGet(46)) - raft.server.log.appender.buffer.byte-limit = 33554432 (custom)
2023-08-25 11:37:51,414 [f8b5371a-a27d-49bd-9775-6107617962eb-groupManagement] INFO  segmented.SegmentedRaftLogWorker (SegmentedRaftLogWorker.java:<init>(188)) - new f8b5371a-a27d-49bd-9775-6107617962eb@group-C7D8F09D5413-SegmentedRaftLogWorker for RaftStorageImpl:Storage Directory /home/runner/work/ozone/ozone/hadoop-ozone/integration-test/target/test-dir/MiniOzoneClusterImpl-e63a8ec6-da9e-4c95-a9d5-015e34518cdf/datanode-2/data/ratis/ec091f4b-bbe4-4c00-97cc-c7d8f09d5413
2023-08-25 11:37:51,414 [f8b5371a-a27d-49bd-9775-6107617962eb-groupManagement] INFO  server.RaftServerConfigKeys (ConfUtils.java:logGet(46)) - raft.server.log.queue.byte-limit = 4294967296 (custom)
2023-08-25 11:37:51,415 [f8b5371a-a27d-49bd-9775-6107617962eb-groupManagement] INFO  server.RaftServerConfigKeys (ConfUtils.java:logGet(46)) - raft.server.log.queue.element-limit = 1024 (custom)
2023-08-25 11:37:51,415 [f8b5371a-a27d-49bd-9775-6107617962eb-groupManagement] INFO  server.RaftServerConfigKeys (ConfUtils.java:logGet(46)) - raft.server.log.segment.size.max = 1048576 (custom)
2023-08-25 11:37:51,415 [f8b5371a-a27d-49bd-9775-6107617962eb-groupManagement] INFO  server.RaftServerConfigKeys (ConfUtils.java:logGet(46)) - raft.server.log.preallocated.size = 16384 (custom)
2023-08-25 11:37:51,415 [EventQueue-PipelineReportForPipelineReportHandler] INFO  pipeline.PipelineReportHandler (PipelineReportHandler.java:processPipelineReport(136)) - Opened pipeline PipelineID=ec091f4b-bbe4-4c00-97cc-c7d8f09d5413
2023-08-25 11:37:51,415 [EventQueue-OpenPipelineForHealthyPipelineSafeModeRule] INFO  safemode.SCMSafeModeManager (HealthyPipelineSafeModeRule.java:process(137)) - SCM in safe mode. Healthy pipelines reported count is 0, required healthy pipeline reported count is 1
2023-08-25 11:37:51,415 [f8b5371a-a27d-49bd-9775-6107617962eb-groupManagement] INFO  server.RaftServerConfigKeys (ConfUtils.java:logGet(46)) - raft.server.log.force.sync.num = 128 (default)
2023-08-25 11:37:51,415 [f8b5371a-a27d-49bd-9775-6107617962eb-groupManagement] INFO  server.RaftServerConfigKeys (ConfUtils.java:logGet(46)) - raft.server.log.statemachine.data.sync = true (default)
2023-08-25 11:37:51,415 [f8b5371a-a27d-49bd-9775-6107617962eb-groupManagement] INFO  server.RaftServerConfigKeys (ConfUtils.java:logGet(46)) - raft.server.log.statemachine.data.sync.timeout = 10s (default)
2023-08-25 11:37:51,415 [f8b5371a-a27d-49bd-9775-6107617962eb-groupManagement] INFO  server.RaftServerConfigKeys (ConfUtils.java:logGet(46)) - raft.server.log.statemachine.data.sync.timeout.retry = -1 (default)
2023-08-25 11:37:51,415 [f8b5371a-a27d-49bd-9775-6107617962eb-groupManagement] INFO  server.RaftServerConfigKeys (ConfUtils.java:logGet(46)) - raft.server.log.write.buffer.size = 1048576 (custom)
2023-08-25 11:37:51,416 [f8b5371a-a27d-49bd-9775-6107617962eb-groupManagement] INFO  server.RaftServerConfigKeys (ConfUtils.java:logGet(46)) - raft.server.log.appender.buffer.byte-limit = 33554432 (custom)
2023-08-25 11:37:51,423 [f8b5371a-a27d-49bd-9775-6107617962eb-groupManagement] INFO  server.RaftServerConfigKeys (ConfUtils.java:logGet(46)) - raft.server.log.unsafe-flush.enabled = false (default)
2023-08-25 11:37:51,423 [f8b5371a-a27d-49bd-9775-6107617962eb-groupManagement] INFO  server.RaftServerConfigKeys (ConfUtils.java:logGet(46)) - raft.server.log.async-flush.enabled = false (default)
2023-08-25 11:37:51,423 [f8b5371a-a27d-49bd-9775-6107617962eb-groupManagement] INFO  server.RaftServerConfigKeys (ConfUtils.java:logGet(46)) - raft.server.log.statemachine.data.caching.enabled = true (custom)
2023-08-25 11:37:51,424 [f8b5371a-a27d-49bd-9775-6107617962eb-groupManagement] INFO  segmented.SegmentedRaftLogWorker (SegmentedRaftLogWorker.java:lambda$new$0(135)) - f8b5371a-a27d-49bd-9775-6107617962eb@group-C7D8F09D5413-SegmentedRaftLogWorker: flushIndex: setUnconditionally 0 -> -1
2023-08-25 11:37:51,424 [f8b5371a-a27d-49bd-9775-6107617962eb-groupManagement] INFO  segmented.SegmentedRaftLogWorker (SegmentedRaftLogWorker.java:lambda$new$0(135)) - f8b5371a-a27d-49bd-9775-6107617962eb@group-C7D8F09D5413-SegmentedRaftLogWorker: safeCacheEvictIndex: setUnconditionally 0 -> -1
2023-08-25 11:37:51,424 [f8b5371a-a27d-49bd-9775-6107617962eb-groupManagement] INFO  server.RaftServer$Division (RaftServerImpl.java:start(342)) - f8b5371a-a27d-49bd-9775-6107617962eb@group-C7D8F09D5413: start as a follower, conf=-1: peers:[f8b5371a-a27d-49bd-9775-6107617962eb|rpc:10.1.0.52:15191|admin:10.1.0.52:15190|client:10.1.0.52:15189|dataStream:10.1.0.52:15192|priority:1|startupRole:FOLLOWER]|listeners:[], old=null
2023-08-25 11:37:51,424 [f8b5371a-a27d-49bd-9775-6107617962eb-groupManagement] INFO  server.RaftServer$Division (RaftServerImpl.java:setRole(329)) - f8b5371a-a27d-49bd-9775-6107617962eb@group-C7D8F09D5413: changes role from      null to FOLLOWER at term 0 for startAsFollower
2023-08-25 11:37:51,425 [f8b5371a-a27d-49bd-9775-6107617962eb-groupManagement] INFO  impl.RoleInfo (RoleInfo.java:updateAndGet(139)) - f8b5371a-a27d-49bd-9775-6107617962eb: start f8b5371a-a27d-49bd-9775-6107617962eb@group-C7D8F09D5413-FollowerState
2023-08-25 11:37:51,425 [f8b5371a-a27d-49bd-9775-6107617962eb-groupManagement] INFO  util.JmxRegister (JmxRegister.java:tryRegister(44)) - Successfully registered JMX Bean with object name Ratis:service=RaftServer,group=group-C7D8F09D5413,id=f8b5371a-a27d-49bd-9775-6107617962eb
2023-08-25 11:37:51,425 [f8b5371a-a27d-49bd-9775-6107617962eb@group-C7D8F09D5413-FollowerState] INFO  server.RaftServerConfigKeys (ConfUtils.java:logFallback(53)) - raft.server.rpc.first-election.timeout.min = 5s (fallback to raft.server.rpc.timeout.min)
2023-08-25 11:37:51,425 [f8b5371a-a27d-49bd-9775-6107617962eb-groupManagement] INFO  server.RaftServerConfigKeys (ConfUtils.java:logGet(46)) - raft.server.snapshot.auto.trigger.enabled = true (custom)
2023-08-25 11:37:51,425 [f8b5371a-a27d-49bd-9775-6107617962eb@group-C7D8F09D5413-FollowerState] INFO  server.RaftServerConfigKeys (ConfUtils.java:logFallback(53)) - raft.server.rpc.first-election.timeout.max = 5200ms (fallback to raft.server.rpc.timeout.max)
2023-08-25 11:37:51,425 [f8b5371a-a27d-49bd-9775-6107617962eb-groupManagement] INFO  server.RaftServerConfigKeys (ConfUtils.java:logGet(46)) - raft.server.snapshot.auto.trigger.threshold = 10000 (custom)
2023-08-25 11:37:51,425 [f8b5371a-a27d-49bd-9775-6107617962eb-groupManagement] INFO  server.RaftServerConfigKeys (ConfUtils.java:logGet(46)) - raft.server.snapshot.retention.file.num = 5 (custom)
2023-08-25 11:37:51,425 [f8b5371a-a27d-49bd-9775-6107617962eb-groupManagement] INFO  server.RaftServerConfigKeys (ConfUtils.java:logGet(46)) - raft.server.log.purge.upto.snapshot.index = false (default)
2023-08-25 11:37:51,426 [PipelineCommandHandlerThread-0] INFO  ratis.XceiverServerRatis (XceiverServerRatis.java:addGroup(804)) - Created group PipelineID=ec091f4b-bbe4-4c00-97cc-c7d8f09d5413
2023-08-25 11:37:51,426 [PipelineCommandHandlerThread-0] INFO  commandhandler.CreatePipelineCommandHandler (CreatePipelineCommandHandler.java:lambda$handle$2(124)) - Created Pipeline RATIS ONE PipelineID=ec091f4b-bbe4-4c00-97cc-c7d8f09d5413.
2023-08-25 11:37:51,774 [PipelineCommandHandlerThread-0] INFO  server.RaftServer (RaftServerProxy.java:addNew(98)) - addc2b6a-cfc9-4bfb-8a1c-15b9de9495ff: addNew group-AE72181016E2:[addc2b6a-cfc9-4bfb-8a1c-15b9de9495ff|rpc:10.1.0.52:15200|admin:10.1.0.52:15199|client:10.1.0.52:15198|dataStream:10.1.0.52:15201|priority:1|startupRole:FOLLOWER] returns group-AE72181016E2:java.util.concurrent.CompletableFuture@74377742[Not completed]
2023-08-25 11:37:51,775 [addc2b6a-cfc9-4bfb-8a1c-15b9de9495ff-groupManagement] INFO  server.RaftServer$Division (RaftServerImpl.java:<init>(198)) - addc2b6a-cfc9-4bfb-8a1c-15b9de9495ff: new RaftServerImpl for group-AE72181016E2:[addc2b6a-cfc9-4bfb-8a1c-15b9de9495ff|rpc:10.1.0.52:15200|admin:10.1.0.52:15199|client:10.1.0.52:15198|dataStream:10.1.0.52:15201|priority:1|startupRole:FOLLOWER] with ContainerStateMachine:uninitialized
2023-08-25 11:37:51,775 [addc2b6a-cfc9-4bfb-8a1c-15b9de9495ff-groupManagement] INFO  server.RaftServerConfigKeys (ConfUtils.java:logGet(46)) - raft.server.rpc.timeout.min = 5s (custom)
2023-08-25 11:37:51,775 [addc2b6a-cfc9-4bfb-8a1c-15b9de9495ff-groupManagement] INFO  server.RaftServerConfigKeys (ConfUtils.java:logGet(46)) - raft.server.rpc.timeout.max = 5200ms (custom)
2023-08-25 11:37:51,775 [addc2b6a-cfc9-4bfb-8a1c-15b9de9495ff-groupManagement] INFO  server.RaftServerConfigKeys (ConfUtils.java:logGet(46)) - raft.server.rpc.sleep.time = 25ms (default)
2023-08-25 11:37:51,775 [addc2b6a-cfc9-4bfb-8a1c-15b9de9495ff-groupManagement] INFO  server.RaftServerConfigKeys (ConfUtils.java:logGet(46)) - raft.server.rpc.slowness.timeout = 300s (custom)
2023-08-25 11:37:51,775 [addc2b6a-cfc9-4bfb-8a1c-15b9de9495ff-groupManagement] INFO  server.RaftServerConfigKeys (ConfUtils.java:logGet(46)) - raft.server.leaderelection.leader.step-down.wait-time = 10s (default)
2023-08-25 11:37:51,775 [addc2b6a-cfc9-4bfb-8a1c-15b9de9495ff-groupManagement] INFO  server.RaftServerConfigKeys (ConfUtils.java:logGet(46)) - raft.server.sleep.deviation.threshold = 300ms (default)
2023-08-25 11:37:51,775 [addc2b6a-cfc9-4bfb-8a1c-15b9de9495ff-groupManagement] INFO  server.RaftServer$Division (ServerState.java:<init>(120)) - addc2b6a-cfc9-4bfb-8a1c-15b9de9495ff@group-AE72181016E2: ConfigurationManager, init=-1: peers:[addc2b6a-cfc9-4bfb-8a1c-15b9de9495ff|rpc:10.1.0.52:15200|admin:10.1.0.52:15199|client:10.1.0.52:15198|dataStream:10.1.0.52:15201|priority:1|startupRole:FOLLOWER]|listeners:[], old=null, confs=<EMPTY_MAP>
2023-08-25 11:37:51,775 [addc2b6a-cfc9-4bfb-8a1c-15b9de9495ff-groupManagement] INFO  server.RaftServerConfigKeys (ConfUtils.java:logGet(46)) - raft.server.storage.dir = [/home/runner/work/ozone/ozone/hadoop-ozone/integration-test/target/test-dir/MiniOzoneClusterImpl-e63a8ec6-da9e-4c95-a9d5-015e34518cdf/datanode-3/data/ratis] (custom)
2023-08-25 11:37:51,776 [addc2b6a-cfc9-4bfb-8a1c-15b9de9495ff-groupManagement] INFO  server.RaftServerConfigKeys (ConfUtils.java:logGet(46)) - raft.server.log.corruption.policy = EXCEPTION (default)
2023-08-25 11:37:51,776 [addc2b6a-cfc9-4bfb-8a1c-15b9de9495ff-groupManagement] INFO  server.RaftServerConfigKeys (ConfUtils.java:logGet(46)) - raft.server.storage.free-space.min = 0MB (=0) (default)
2023-08-25 11:37:51,776 [addc2b6a-cfc9-4bfb-8a1c-15b9de9495ff-groupManagement] INFO  server.RaftServerConfigKeys (ConfUtils.java:logGet(46)) - raft.server.notification.no-leader.timeout = 300s (custom)
2023-08-25 11:37:51,776 [addc2b6a-cfc9-4bfb-8a1c-15b9de9495ff-groupManagement] INFO  server.RaftServerConfigKeys (ConfUtils.java:logGet(46)) - raft.server.read.timeout = 10s (default)
2023-08-25 11:37:51,776 [addc2b6a-cfc9-4bfb-8a1c-15b9de9495ff-groupManagement] INFO  server.RaftServerConfigKeys (ConfUtils.java:logGet(46)) - raft.server.retrycache.expirytime = 600000ms (custom)
2023-08-25 11:37:51,776 [addc2b6a-cfc9-4bfb-8a1c-15b9de9495ff-groupManagement] INFO  server.RaftServerConfigKeys (ConfUtils.java:logGet(46)) - raft.server.retrycache.statistics.expirytime = 100μs (default)
2023-08-25 11:37:51,776 [addc2b6a-cfc9-4bfb-8a1c-15b9de9495ff-groupManagement] INFO  server.RaftServerConfigKeys (ConfUtils.java:logGet(46)) - raft.server.read.option = DEFAULT (default)
2023-08-25 11:37:51,777 [addc2b6a-cfc9-4bfb-8a1c-15b9de9495ff-groupManagement] INFO  server.RaftServerConfigKeys (ConfUtils.java:logGet(46)) - raft.server.rpc.request.timeout = 60s (custom)
2023-08-25 11:37:51,777 [addc2b6a-cfc9-4bfb-8a1c-15b9de9495ff-groupManagement] INFO  server.RaftServerConfigKeys (ConfUtils.java:logGet(46)) - raft.server.log.appender.install.snapshot.enabled = false (custom)
2023-08-25 11:37:51,777 [addc2b6a-cfc9-4bfb-8a1c-15b9de9495ff-groupManagement] INFO  server.RaftServerConfigKeys (ConfUtils.java:logGet(46)) - raft.server.threadpool.server.cached = true (default)
2023-08-25 11:37:51,777 [addc2b6a-cfc9-4bfb-8a1c-15b9de9495ff-groupManagement] INFO  server.RaftServerConfigKeys (ConfUtils.java:logGet(46)) - raft.server.threadpool.server.size = 0 (default)
2023-08-25 11:37:51,777 [addc2b6a-cfc9-4bfb-8a1c-15b9de9495ff-groupManagement] INFO  server.RaftServerConfigKeys (ConfUtils.java:logGet(46)) - raft.server.threadpool.client.cached = true (default)
2023-08-25 11:37:51,777 [addc2b6a-cfc9-4bfb-8a1c-15b9de9495ff-groupManagement] INFO  server.RaftServerConfigKeys (ConfUtils.java:logGet(46)) - raft.server.threadpool.client.size = 0 (default)
2023-08-25 11:37:51,777 [addc2b6a-cfc9-4bfb-8a1c-15b9de9495ff-groupManagement] INFO  storage.RaftStorageDirectory (RaftStorageDirectoryImpl.java:analyzeStorage(137)) - The storage directory /home/runner/work/ozone/ozone/hadoop-ozone/integration-test/target/test-dir/MiniOzoneClusterImpl-e63a8ec6-da9e-4c95-a9d5-015e34518cdf/datanode-3/data/ratis/6c1ee142-a7c7-44de-abc6-ae72181016e2 does not exist. Creating ...
2023-08-25 11:37:51,779 [addc2b6a-cfc9-4bfb-8a1c-15b9de9495ff-groupManagement] INFO  storage.RaftStorageDirectory (RaftStorageDirectoryImpl.java:tryLock(231)) - Lock on /home/runner/work/ozone/ozone/hadoop-ozone/integration-test/target/test-dir/MiniOzoneClusterImpl-e63a8ec6-da9e-4c95-a9d5-015e34518cdf/datanode-3/data/ratis/6c1ee142-a7c7-44de-abc6-ae72181016e2/in_use.lock acquired by nodename 61563@fv-az508-118
2023-08-25 11:37:51,784 [addc2b6a-cfc9-4bfb-8a1c-15b9de9495ff-groupManagement] INFO  storage.RaftStorage (RaftStorageImpl.java:format(96)) - Storage directory /home/runner/work/ozone/ozone/hadoop-ozone/integration-test/target/test-dir/MiniOzoneClusterImpl-e63a8ec6-da9e-4c95-a9d5-015e34518cdf/datanode-3/data/ratis/6c1ee142-a7c7-44de-abc6-ae72181016e2 has been successfully formatted.
2023-08-25 11:37:51,786 [addc2b6a-cfc9-4bfb-8a1c-15b9de9495ff-groupManagement] INFO  ratis.ContainerStateMachine (ContainerStateMachine.java:loadSnapshot(262)) - group-AE72181016E2: The snapshot info is null. Setting the last applied indexto:(t:0, i:~)
2023-08-25 11:37:51,786 [addc2b6a-cfc9-4bfb-8a1c-15b9de9495ff-groupManagement] INFO  server.RaftServerConfigKeys (ConfUtils.java:logGet(46)) - raft.server.log.use.memory = false (default)
2023-08-25 11:37:51,786 [addc2b6a-cfc9-4bfb-8a1c-15b9de9495ff-groupManagement] INFO  server.RaftServerConfigKeys (ConfUtils.java:logGet(46)) - raft.server.log.purge.gap = 1000000 (custom)
2023-08-25 11:37:51,786 [addc2b6a-cfc9-4bfb-8a1c-15b9de9495ff-groupManagement] INFO  server.RaftServerConfigKeys (ConfUtils.java:logGet(46)) - raft.server.log.appender.buffer.byte-limit = 33554432 (custom)
2023-08-25 11:37:51,786 [addc2b6a-cfc9-4bfb-8a1c-15b9de9495ff-groupManagement] INFO  server.RaftServerConfigKeys (ConfUtils.java:logGet(46)) - raft.server.log.statemachine.data.read.timeout = 1000ms (default)
2023-08-25 11:37:51,786 [addc2b6a-cfc9-4bfb-8a1c-15b9de9495ff-groupManagement] INFO  server.RaftServerConfigKeys (ConfUtils.java:logGet(46)) - raft.server.log.purge.preservation.log.num = 0 (default)
2023-08-25 11:37:51,787 [addc2b6a-cfc9-4bfb-8a1c-15b9de9495ff-groupManagement] INFO  server.RaftServerConfigKeys (ConfUtils.java:logGet(46)) - raft.server.log.segment.size.max = 1048576 (custom)
2023-08-25 11:37:51,787 [addc2b6a-cfc9-4bfb-8a1c-15b9de9495ff-groupManagement] INFO  server.RaftServerConfigKeys (ConfUtils.java:logGet(46)) - raft.server.log.segment.cache.num.max = 2 (custom)
2023-08-25 11:37:51,787 [addc2b6a-cfc9-4bfb-8a1c-15b9de9495ff-groupManagement] INFO  server.RaftServerConfigKeys (ConfUtils.java:logGet(46)) - raft.server.log.segment.cache.size.max = 200MB (=209715200) (default)
2023-08-25 11:37:51,787 [addc2b6a-cfc9-4bfb-8a1c-15b9de9495ff-groupManagement] INFO  server.RaftServerConfigKeys (ConfUtils.java:logGet(46)) - raft.server.log.appender.buffer.byte-limit = 33554432 (custom)
2023-08-25 11:37:51,787 [EventQueue-PipelineReportForPipelineReportHandler] INFO  pipeline.PipelineReportHandler (PipelineReportHandler.java:processPipelineReport(136)) - Opened pipeline PipelineID=6c1ee142-a7c7-44de-abc6-ae72181016e2
2023-08-25 11:37:51,787 [addc2b6a-cfc9-4bfb-8a1c-15b9de9495ff-groupManagement] INFO  segmented.SegmentedRaftLogWorker (SegmentedRaftLogWorker.java:<init>(188)) - new addc2b6a-cfc9-4bfb-8a1c-15b9de9495ff@group-AE72181016E2-SegmentedRaftLogWorker for RaftStorageImpl:Storage Directory /home/runner/work/ozone/ozone/hadoop-ozone/integration-test/target/test-dir/MiniOzoneClusterImpl-e63a8ec6-da9e-4c95-a9d5-015e34518cdf/datanode-3/data/ratis/6c1ee142-a7c7-44de-abc6-ae72181016e2
2023-08-25 11:37:51,787 [addc2b6a-cfc9-4bfb-8a1c-15b9de9495ff-groupManagement] INFO  server.RaftServerConfigKeys (ConfUtils.java:logGet(46)) - raft.server.log.queue.byte-limit = 4294967296 (custom)
2023-08-25 11:37:51,787 [addc2b6a-cfc9-4bfb-8a1c-15b9de9495ff-groupManagement] INFO  server.RaftServerConfigKeys (ConfUtils.java:logGet(46)) - raft.server.log.queue.element-limit = 1024 (custom)
2023-08-25 11:37:51,787 [EventQueue-OpenPipelineForHealthyPipelineSafeModeRule] INFO  safemode.SCMSafeModeManager (HealthyPipelineSafeModeRule.java:process(137)) - SCM in safe mode. Healthy pipelines reported count is 0, required healthy pipeline reported count is 1
2023-08-25 11:37:51,787 [addc2b6a-cfc9-4bfb-8a1c-15b9de9495ff-groupManagement] INFO  server.RaftServerConfigKeys (ConfUtils.java:logGet(46)) - raft.server.log.segment.size.max = 1048576 (custom)
2023-08-25 11:37:51,788 [addc2b6a-cfc9-4bfb-8a1c-15b9de9495ff-groupManagement] INFO  server.RaftServerConfigKeys (ConfUtils.java:logGet(46)) - raft.server.log.preallocated.size = 16384 (custom)
2023-08-25 11:37:51,788 [addc2b6a-cfc9-4bfb-8a1c-15b9de9495ff-groupManagement] INFO  server.RaftServerConfigKeys (ConfUtils.java:logGet(46)) - raft.server.log.force.sync.num = 128 (default)
2023-08-25 11:37:51,788 [addc2b6a-cfc9-4bfb-8a1c-15b9de9495ff-groupManagement] INFO  server.RaftServerConfigKeys (ConfUtils.java:logGet(46)) - raft.server.log.statemachine.data.sync = true (default)
2023-08-25 11:37:51,788 [addc2b6a-cfc9-4bfb-8a1c-15b9de9495ff-groupManagement] INFO  server.RaftServerConfigKeys (ConfUtils.java:logGet(46)) - raft.server.log.statemachine.data.sync.timeout = 10s (default)
2023-08-25 11:37:51,788 [addc2b6a-cfc9-4bfb-8a1c-15b9de9495ff-groupManagement] INFO  server.RaftServerConfigKeys (ConfUtils.java:logGet(46)) - raft.server.log.statemachine.data.sync.timeout.retry = -1 (default)
2023-08-25 11:37:51,792 [addc2b6a-cfc9-4bfb-8a1c-15b9de9495ff-groupManagement] INFO  server.RaftServerConfigKeys (ConfUtils.java:logGet(46)) - raft.server.log.write.buffer.size = 1048576 (custom)
2023-08-25 11:37:51,792 [addc2b6a-cfc9-4bfb-8a1c-15b9de9495ff-groupManagement] INFO  server.RaftServerConfigKeys (ConfUtils.java:logGet(46)) - raft.server.log.appender.buffer.byte-limit = 33554432 (custom)
2023-08-25 11:37:51,799 [addc2b6a-cfc9-4bfb-8a1c-15b9de9495ff-groupManagement] INFO  server.RaftServerConfigKeys (ConfUtils.java:logGet(46)) - raft.server.log.unsafe-flush.enabled = false (default)
2023-08-25 11:37:51,799 [addc2b6a-cfc9-4bfb-8a1c-15b9de9495ff-groupManagement] INFO  server.RaftServerConfigKeys (ConfUtils.java:logGet(46)) - raft.server.log.async-flush.enabled = false (default)
2023-08-25 11:37:51,799 [addc2b6a-cfc9-4bfb-8a1c-15b9de9495ff-groupManagement] INFO  server.RaftServerConfigKeys (ConfUtils.java:logGet(46)) - raft.server.log.statemachine.data.caching.enabled = true (custom)
2023-08-25 11:37:51,800 [addc2b6a-cfc9-4bfb-8a1c-15b9de9495ff-groupManagement] INFO  segmented.SegmentedRaftLogWorker (SegmentedRaftLogWorker.java:lambda$new$0(135)) - addc2b6a-cfc9-4bfb-8a1c-15b9de9495ff@group-AE72181016E2-SegmentedRaftLogWorker: flushIndex: setUnconditionally 0 -> -1
2023-08-25 11:37:51,800 [addc2b6a-cfc9-4bfb-8a1c-15b9de9495ff-groupManagement] INFO  segmented.SegmentedRaftLogWorker (SegmentedRaftLogWorker.java:lambda$new$0(135)) - addc2b6a-cfc9-4bfb-8a1c-15b9de9495ff@group-AE72181016E2-SegmentedRaftLogWorker: safeCacheEvictIndex: setUnconditionally 0 -> -1
2023-08-25 11:37:51,805 [addc2b6a-cfc9-4bfb-8a1c-15b9de9495ff-groupManagement] INFO  server.RaftServer$Division (RaftServerImpl.java:start(342)) - addc2b6a-cfc9-4bfb-8a1c-15b9de9495ff@group-AE72181016E2: start as a follower, conf=-1: peers:[addc2b6a-cfc9-4bfb-8a1c-15b9de9495ff|rpc:10.1.0.52:15200|admin:10.1.0.52:15199|client:10.1.0.52:15198|dataStream:10.1.0.52:15201|priority:1|startupRole:FOLLOWER]|listeners:[], old=null
2023-08-25 11:37:51,805 [addc2b6a-cfc9-4bfb-8a1c-15b9de9495ff-groupManagement] INFO  server.RaftServer$Division (RaftServerImpl.java:setRole(329)) - addc2b6a-cfc9-4bfb-8a1c-15b9de9495ff@group-AE72181016E2: changes role from      null to FOLLOWER at term 0 for startAsFollower
2023-08-25 11:37:51,806 [addc2b6a-cfc9-4bfb-8a1c-15b9de9495ff-groupManagement] INFO  impl.RoleInfo (RoleInfo.java:updateAndGet(139)) - addc2b6a-cfc9-4bfb-8a1c-15b9de9495ff: start addc2b6a-cfc9-4bfb-8a1c-15b9de9495ff@group-AE72181016E2-FollowerState
2023-08-25 11:37:51,810 [addc2b6a-cfc9-4bfb-8a1c-15b9de9495ff-groupManagement] INFO  util.JmxRegister (JmxRegister.java:tryRegister(44)) - Successfully registered JMX Bean with object name Ratis:service=RaftServer,group=group-AE72181016E2,id=addc2b6a-cfc9-4bfb-8a1c-15b9de9495ff
2023-08-25 11:37:51,810 [addc2b6a-cfc9-4bfb-8a1c-15b9de9495ff-groupManagement] INFO  server.RaftServerConfigKeys (ConfUtils.java:logGet(46)) - raft.server.snapshot.auto.trigger.enabled = true (custom)
2023-08-25 11:37:51,810 [addc2b6a-cfc9-4bfb-8a1c-15b9de9495ff-groupManagement] INFO  server.RaftServerConfigKeys (ConfUtils.java:logGet(46)) - raft.server.snapshot.auto.trigger.threshold = 10000 (custom)
2023-08-25 11:37:51,810 [addc2b6a-cfc9-4bfb-8a1c-15b9de9495ff-groupManagement] INFO  server.RaftServerConfigKeys (ConfUtils.java:logGet(46)) - raft.server.snapshot.retention.file.num = 5 (custom)
2023-08-25 11:37:51,810 [addc2b6a-cfc9-4bfb-8a1c-15b9de9495ff-groupManagement] INFO  server.RaftServerConfigKeys (ConfUtils.java:logGet(46)) - raft.server.log.purge.upto.snapshot.index = false (default)
2023-08-25 11:37:51,813 [PipelineCommandHandlerThread-0] INFO  ratis.XceiverServerRatis (XceiverServerRatis.java:addGroup(804)) - Created group PipelineID=6c1ee142-a7c7-44de-abc6-ae72181016e2
2023-08-25 11:37:51,813 [PipelineCommandHandlerThread-0] INFO  commandhandler.CreatePipelineCommandHandler (CreatePipelineCommandHandler.java:lambda$handle$2(124)) - Created Pipeline RATIS ONE PipelineID=6c1ee142-a7c7-44de-abc6-ae72181016e2.
2023-08-25 11:37:51,811 [addc2b6a-cfc9-4bfb-8a1c-15b9de9495ff@group-AE72181016E2-FollowerState] INFO  server.RaftServerConfigKeys (ConfUtils.java:logFallback(53)) - raft.server.rpc.first-election.timeout.min = 5s (fallback to raft.server.rpc.timeout.min)
2023-08-25 11:37:51,813 [addc2b6a-cfc9-4bfb-8a1c-15b9de9495ff@group-AE72181016E2-FollowerState] INFO  server.RaftServerConfigKeys (ConfUtils.java:logFallback(53)) - raft.server.rpc.first-election.timeout.max = 5200ms (fallback to raft.server.rpc.timeout.max)
2023-08-25 11:37:52,158 [main] INFO  ozone.MiniOzoneClusterImpl (MiniOzoneClusterImpl.java:lambda$waitForClusterToBeReady$0(224)) - Nodes are ready. Got 5 of 5 DN Heartbeats.
2023-08-25 11:37:52,158 [main] INFO  ozone.MiniOzoneClusterImpl (MiniOzoneClusterImpl.java:lambda$waitForClusterToBeReady$0(227)) - Waiting for cluster to exit safe mode
2023-08-25 11:37:52,159 [main] INFO  ozone.MiniOzoneClusterImpl (MiniOzoneClusterImpl.java:lambda$waitForClusterToBeReady$0(229)) - SCM became leader
2023-08-25 11:37:52,166 [PipelineCommandHandlerThread-0] INFO  server.RaftServer (RaftServerProxy.java:addNew(98)) - 502f6022-a881-4b45-8d31-6accf0fa9572: addNew group-26E3F09C9A82:[502f6022-a881-4b45-8d31-6accf0fa9572|rpc:10.1.0.52:15209|admin:10.1.0.52:15208|client:10.1.0.52:15207|dataStream:10.1.0.52:15210|priority:1|startupRole:FOLLOWER] returns group-26E3F09C9A82:java.util.concurrent.CompletableFuture@2b3aeeef[Not completed]
2023-08-25 11:37:52,167 [502f6022-a881-4b45-8d31-6accf0fa9572-groupManagement] INFO  server.RaftServer$Division (RaftServerImpl.java:<init>(198)) - 502f6022-a881-4b45-8d31-6accf0fa9572: new RaftServerImpl for group-26E3F09C9A82:[502f6022-a881-4b45-8d31-6accf0fa9572|rpc:10.1.0.52:15209|admin:10.1.0.52:15208|client:10.1.0.52:15207|dataStream:10.1.0.52:15210|priority:1|startupRole:FOLLOWER] with ContainerStateMachine:uninitialized
2023-08-25 11:37:52,167 [502f6022-a881-4b45-8d31-6accf0fa9572-groupManagement] INFO  server.RaftServerConfigKeys (ConfUtils.java:logGet(46)) - raft.server.rpc.timeout.min = 5s (custom)
2023-08-25 11:37:52,167 [502f6022-a881-4b45-8d31-6accf0fa9572-groupManagement] INFO  server.RaftServerConfigKeys (ConfUtils.java:logGet(46)) - raft.server.rpc.timeout.max = 5200ms (custom)
2023-08-25 11:37:52,168 [502f6022-a881-4b45-8d31-6accf0fa9572-groupManagement] INFO  server.RaftServerConfigKeys (ConfUtils.java:logGet(46)) - raft.server.rpc.sleep.time = 25ms (default)
2023-08-25 11:37:52,168 [502f6022-a881-4b45-8d31-6accf0fa9572-groupManagement] INFO  server.RaftServerConfigKeys (ConfUtils.java:logGet(46)) - raft.server.rpc.slowness.timeout = 300s (custom)
2023-08-25 11:37:52,168 [502f6022-a881-4b45-8d31-6accf0fa9572-groupManagement] INFO  server.RaftServerConfigKeys (ConfUtils.java:logGet(46)) - raft.server.leaderelection.leader.step-down.wait-time = 10s (default)
2023-08-25 11:37:52,168 [502f6022-a881-4b45-8d31-6accf0fa9572-groupManagement] INFO  server.RaftServerConfigKeys (ConfUtils.java:logGet(46)) - raft.server.sleep.deviation.threshold = 300ms (default)
2023-08-25 11:37:52,168 [502f6022-a881-4b45-8d31-6accf0fa9572-groupManagement] INFO  server.RaftServer$Division (ServerState.java:<init>(120)) - 502f6022-a881-4b45-8d31-6accf0fa9572@group-26E3F09C9A82: ConfigurationManager, init=-1: peers:[502f6022-a881-4b45-8d31-6accf0fa9572|rpc:10.1.0.52:15209|admin:10.1.0.52:15208|client:10.1.0.52:15207|dataStream:10.1.0.52:15210|priority:1|startupRole:FOLLOWER]|listeners:[], old=null, confs=<EMPTY_MAP>
2023-08-25 11:37:52,168 [502f6022-a881-4b45-8d31-6accf0fa9572-groupManagement] INFO  server.RaftServerConfigKeys (ConfUtils.java:logGet(46)) - raft.server.storage.dir = [/home/runner/work/ozone/ozone/hadoop-ozone/integration-test/target/test-dir/MiniOzoneClusterImpl-e63a8ec6-da9e-4c95-a9d5-015e34518cdf/datanode-4/data/ratis] (custom)
2023-08-25 11:37:52,168 [502f6022-a881-4b45-8d31-6accf0fa9572-groupManagement] INFO  server.RaftServerConfigKeys (ConfUtils.java:logGet(46)) - raft.server.log.corruption.policy = EXCEPTION (default)
2023-08-25 11:37:52,168 [502f6022-a881-4b45-8d31-6accf0fa9572-groupManagement] INFO  server.RaftServerConfigKeys (ConfUtils.java:logGet(46)) - raft.server.storage.free-space.min = 0MB (=0) (default)
2023-08-25 11:37:52,168 [502f6022-a881-4b45-8d31-6accf0fa9572-groupManagement] INFO  server.RaftServerConfigKeys (ConfUtils.java:logGet(46)) - raft.server.notification.no-leader.timeout = 300s (custom)
2023-08-25 11:37:52,168 [502f6022-a881-4b45-8d31-6accf0fa9572-groupManagement] INFO  server.RaftServerConfigKeys (ConfUtils.java:logGet(46)) - raft.server.read.timeout = 10s (default)
2023-08-25 11:37:52,168 [502f6022-a881-4b45-8d31-6accf0fa9572-groupManagement] INFO  server.RaftServerConfigKeys (ConfUtils.java:logGet(46)) - raft.server.retrycache.expirytime = 600000ms (custom)
2023-08-25 11:37:52,168 [502f6022-a881-4b45-8d31-6accf0fa9572-groupManagement] INFO  server.RaftServerConfigKeys (ConfUtils.java:logGet(46)) - raft.server.retrycache.statistics.expirytime = 100μs (default)
2023-08-25 11:37:52,169 [502f6022-a881-4b45-8d31-6accf0fa9572-groupManagement] INFO  server.RaftServerConfigKeys (ConfUtils.java:logGet(46)) - raft.server.read.option = DEFAULT (default)
2023-08-25 11:37:52,169 [502f6022-a881-4b45-8d31-6accf0fa9572-groupManagement] INFO  server.RaftServerConfigKeys (ConfUtils.java:logGet(46)) - raft.server.rpc.request.timeout = 60s (custom)
2023-08-25 11:37:52,169 [502f6022-a881-4b45-8d31-6accf0fa9572-groupManagement] INFO  server.RaftServerConfigKeys (ConfUtils.java:logGet(46)) - raft.server.log.appender.install.snapshot.enabled = false (custom)
2023-08-25 11:37:52,169 [502f6022-a881-4b45-8d31-6accf0fa9572-groupManagement] INFO  server.RaftServerConfigKeys (ConfUtils.java:logGet(46)) - raft.server.threadpool.server.cached = true (default)
2023-08-25 11:37:52,169 [502f6022-a881-4b45-8d31-6accf0fa9572-groupManagement] INFO  server.RaftServerConfigKeys (ConfUtils.java:logGet(46)) - raft.server.threadpool.server.size = 0 (default)
2023-08-25 11:37:52,169 [502f6022-a881-4b45-8d31-6accf0fa9572-groupManagement] INFO  server.RaftServerConfigKeys (ConfUtils.java:logGet(46)) - raft.server.threadpool.client.cached = true (default)
2023-08-25 11:37:52,169 [502f6022-a881-4b45-8d31-6accf0fa9572-groupManagement] INFO  server.RaftServerConfigKeys (ConfUtils.java:logGet(46)) - raft.server.threadpool.client.size = 0 (default)
2023-08-25 11:37:52,170 [502f6022-a881-4b45-8d31-6accf0fa9572-groupManagement] INFO  storage.RaftStorageDirectory (RaftStorageDirectoryImpl.java:analyzeStorage(137)) - The storage directory /home/runner/work/ozone/ozone/hadoop-ozone/integration-test/target/test-dir/MiniOzoneClusterImpl-e63a8ec6-da9e-4c95-a9d5-015e34518cdf/datanode-4/data/ratis/4174db21-9d27-4da0-9171-26e3f09c9a82 does not exist. Creating ...
2023-08-25 11:37:52,171 [502f6022-a881-4b45-8d31-6accf0fa9572-groupManagement] INFO  storage.RaftStorageDirectory (RaftStorageDirectoryImpl.java:tryLock(231)) - Lock on /home/runner/work/ozone/ozone/hadoop-ozone/integration-test/target/test-dir/MiniOzoneClusterImpl-e63a8ec6-da9e-4c95-a9d5-015e34518cdf/datanode-4/data/ratis/4174db21-9d27-4da0-9171-26e3f09c9a82/in_use.lock acquired by nodename 61563@fv-az508-118
2023-08-25 11:37:52,173 [502f6022-a881-4b45-8d31-6accf0fa9572-groupManagement] INFO  storage.RaftStorage (RaftStorageImpl.java:format(96)) - Storage directory /home/runner/work/ozone/ozone/hadoop-ozone/integration-test/target/test-dir/MiniOzoneClusterImpl-e63a8ec6-da9e-4c95-a9d5-015e34518cdf/datanode-4/data/ratis/4174db21-9d27-4da0-9171-26e3f09c9a82 has been successfully formatted.
2023-08-25 11:37:52,178 [502f6022-a881-4b45-8d31-6accf0fa9572-groupManagement] INFO  ratis.ContainerStateMachine (ContainerStateMachine.java:loadSnapshot(262)) - group-26E3F09C9A82: The snapshot info is null. Setting the last applied indexto:(t:0, i:~)
2023-08-25 11:37:52,179 [502f6022-a881-4b45-8d31-6accf0fa9572-groupManagement] INFO  server.RaftServerConfigKeys (ConfUtils.java:logGet(46)) - raft.server.log.use.memory = false (default)
2023-08-25 11:37:52,179 [502f6022-a881-4b45-8d31-6accf0fa9572-groupManagement] INFO  server.RaftServerConfigKeys (ConfUtils.java:logGet(46)) - raft.server.log.purge.gap = 1000000 (custom)
2023-08-25 11:37:52,179 [502f6022-a881-4b45-8d31-6accf0fa9572-groupManagement] INFO  server.RaftServerConfigKeys (ConfUtils.java:logGet(46)) - raft.server.log.appender.buffer.byte-limit = 33554432 (custom)
2023-08-25 11:37:52,179 [502f6022-a881-4b45-8d31-6accf0fa9572-groupManagement] INFO  server.RaftServerConfigKeys (ConfUtils.java:logGet(46)) - raft.server.log.statemachine.data.read.timeout = 1000ms (default)
2023-08-25 11:37:52,179 [502f6022-a881-4b45-8d31-6accf0fa9572-groupManagement] INFO  server.RaftServerConfigKeys (ConfUtils.java:logGet(46)) - raft.server.log.purge.preservation.log.num = 0 (default)
2023-08-25 11:37:52,179 [502f6022-a881-4b45-8d31-6accf0fa9572-groupManagement] INFO  server.RaftServerConfigKeys (ConfUtils.java:logGet(46)) - raft.server.log.segment.size.max = 1048576 (custom)
2023-08-25 11:37:52,179 [502f6022-a881-4b45-8d31-6accf0fa9572-groupManagement] INFO  server.RaftServerConfigKeys (ConfUtils.java:logGet(46)) - raft.server.log.segment.cache.num.max = 2 (custom)
2023-08-25 11:37:52,180 [EventQueue-PipelineReportForPipelineReportHandler] INFO  pipeline.PipelineReportHandler (PipelineReportHandler.java:processPipelineReport(136)) - Opened pipeline PipelineID=4174db21-9d27-4da0-9171-26e3f09c9a82
2023-08-25 11:37:52,180 [502f6022-a881-4b45-8d31-6accf0fa9572-groupManagement] INFO  server.RaftServerConfigKeys (ConfUtils.java:logGet(46)) - raft.server.log.segment.cache.size.max = 200MB (=209715200) (default)
2023-08-25 11:37:52,180 [EventQueue-OpenPipelineForHealthyPipelineSafeModeRule] INFO  safemode.SCMSafeModeManager (HealthyPipelineSafeModeRule.java:process(137)) - SCM in safe mode. Healthy pipelines reported count is 0, required healthy pipeline reported count is 1
2023-08-25 11:37:52,180 [502f6022-a881-4b45-8d31-6accf0fa9572-groupManagement] INFO  server.RaftServerConfigKeys (ConfUtils.java:logGet(46)) - raft.server.log.appender.buffer.byte-limit = 33554432 (custom)
2023-08-25 11:37:52,180 [502f6022-a881-4b45-8d31-6accf0fa9572-groupManagement] INFO  segmented.SegmentedRaftLogWorker (SegmentedRaftLogWorker.java:<init>(188)) - new 502f6022-a881-4b45-8d31-6accf0fa9572@group-26E3F09C9A82-SegmentedRaftLogWorker for RaftStorageImpl:Storage Directory /home/runner/work/ozone/ozone/hadoop-ozone/integration-test/target/test-dir/MiniOzoneClusterImpl-e63a8ec6-da9e-4c95-a9d5-015e34518cdf/datanode-4/data/ratis/4174db21-9d27-4da0-9171-26e3f09c9a82
2023-08-25 11:37:52,180 [502f6022-a881-4b45-8d31-6accf0fa9572-groupManagement] INFO  server.RaftServerConfigKeys (ConfUtils.java:logGet(46)) - raft.server.log.queue.byte-limit = 4294967296 (custom)
2023-08-25 11:37:52,180 [502f6022-a881-4b45-8d31-6accf0fa9572-groupManagement] INFO  server.RaftServerConfigKeys (ConfUtils.java:logGet(46)) - raft.server.log.queue.element-limit = 1024 (custom)
2023-08-25 11:37:52,180 [502f6022-a881-4b45-8d31-6accf0fa9572-groupManagement] INFO  server.RaftServerConfigKeys (ConfUtils.java:logGet(46)) - raft.server.log.segment.size.max = 1048576 (custom)
2023-08-25 11:37:52,180 [502f6022-a881-4b45-8d31-6accf0fa9572-groupManagement] INFO  server.RaftServerConfigKeys (ConfUtils.java:logGet(46)) - raft.server.log.preallocated.size = 16384 (custom)
2023-08-25 11:37:52,180 [502f6022-a881-4b45-8d31-6accf0fa9572-groupManagement] INFO  server.RaftServerConfigKeys (ConfUtils.java:logGet(46)) - raft.server.log.force.sync.num = 128 (default)
2023-08-25 11:37:52,180 [502f6022-a881-4b45-8d31-6accf0fa9572-groupManagement] INFO  server.RaftServerConfigKeys (ConfUtils.java:logGet(46)) - raft.server.log.statemachine.data.sync = true (default)
2023-08-25 11:37:52,180 [502f6022-a881-4b45-8d31-6accf0fa9572-groupManagement] INFO  server.RaftServerConfigKeys (ConfUtils.java:logGet(46)) - raft.server.log.statemachine.data.sync.timeout = 10s (default)
2023-08-25 11:37:52,181 [502f6022-a881-4b45-8d31-6accf0fa9572-groupManagement] INFO  server.RaftServerConfigKeys (ConfUtils.java:logGet(46)) - raft.server.log.statemachine.data.sync.timeout.retry = -1 (default)
2023-08-25 11:37:52,181 [502f6022-a881-4b45-8d31-6accf0fa9572-groupManagement] INFO  server.RaftServerConfigKeys (ConfUtils.java:logGet(46)) - raft.server.log.write.buffer.size = 1048576 (custom)
2023-08-25 11:37:52,181 [502f6022-a881-4b45-8d31-6accf0fa9572-groupManagement] INFO  server.RaftServerConfigKeys (ConfUtils.java:logGet(46)) - raft.server.log.appender.buffer.byte-limit = 33554432 (custom)
2023-08-25 11:37:52,188 [502f6022-a881-4b45-8d31-6accf0fa9572-groupManagement] INFO  server.RaftServerConfigKeys (ConfUtils.java:logGet(46)) - raft.server.log.unsafe-flush.enabled = false (default)
2023-08-25 11:37:52,188 [502f6022-a881-4b45-8d31-6accf0fa9572-groupManagement] INFO  server.RaftServerConfigKeys (ConfUtils.java:logGet(46)) - raft.server.log.async-flush.enabled = false (default)
2023-08-25 11:37:52,188 [502f6022-a881-4b45-8d31-6accf0fa9572-groupManagement] INFO  server.RaftServerConfigKeys (ConfUtils.java:logGet(46)) - raft.server.log.statemachine.data.caching.enabled = true (custom)
2023-08-25 11:37:52,188 [502f6022-a881-4b45-8d31-6accf0fa9572-groupManagement] INFO  segmented.SegmentedRaftLogWorker (SegmentedRaftLogWorker.java:lambda$new$0(135)) - 502f6022-a881-4b45-8d31-6accf0fa9572@group-26E3F09C9A82-SegmentedRaftLogWorker: flushIndex: setUnconditionally 0 -> -1
2023-08-25 11:37:52,188 [502f6022-a881-4b45-8d31-6accf0fa9572-groupManagement] INFO  segmented.SegmentedRaftLogWorker (SegmentedRaftLogWorker.java:lambda$new$0(135)) - 502f6022-a881-4b45-8d31-6accf0fa9572@group-26E3F09C9A82-SegmentedRaftLogWorker: safeCacheEvictIndex: setUnconditionally 0 -> -1
2023-08-25 11:37:52,189 [502f6022-a881-4b45-8d31-6accf0fa9572-groupManagement] INFO  server.RaftServer$Division (RaftServerImpl.java:start(342)) - 502f6022-a881-4b45-8d31-6accf0fa9572@group-26E3F09C9A82: start as a follower, conf=-1: peers:[502f6022-a881-4b45-8d31-6accf0fa9572|rpc:10.1.0.52:15209|admin:10.1.0.52:15208|client:10.1.0.52:15207|dataStream:10.1.0.52:15210|priority:1|startupRole:FOLLOWER]|listeners:[], old=null
2023-08-25 11:37:52,189 [502f6022-a881-4b45-8d31-6accf0fa9572-groupManagement] INFO  server.RaftServer$Division (RaftServerImpl.java:setRole(329)) - 502f6022-a881-4b45-8d31-6accf0fa9572@group-26E3F09C9A82: changes role from      null to FOLLOWER at term 0 for startAsFollower
2023-08-25 11:37:52,189 [502f6022-a881-4b45-8d31-6accf0fa9572-groupManagement] INFO  impl.RoleInfo (RoleInfo.java:updateAndGet(139)) - 502f6022-a881-4b45-8d31-6accf0fa9572: start 502f6022-a881-4b45-8d31-6accf0fa9572@group-26E3F09C9A82-FollowerState
2023-08-25 11:37:52,189 [502f6022-a881-4b45-8d31-6accf0fa9572-groupManagement] INFO  util.JmxRegister (JmxRegister.java:tryRegister(44)) - Successfully registered JMX Bean with object name Ratis:service=RaftServer,group=group-26E3F09C9A82,id=502f6022-a881-4b45-8d31-6accf0fa9572
2023-08-25 11:37:52,189 [502f6022-a881-4b45-8d31-6accf0fa9572@group-26E3F09C9A82-FollowerState] INFO  server.RaftServerConfigKeys (ConfUtils.java:logFallback(53)) - raft.server.rpc.first-election.timeout.min = 5s (fallback to raft.server.rpc.timeout.min)
2023-08-25 11:37:52,189 [502f6022-a881-4b45-8d31-6accf0fa9572-groupManagement] INFO  server.RaftServerConfigKeys (ConfUtils.java:logGet(46)) - raft.server.snapshot.auto.trigger.enabled = true (custom)
2023-08-25 11:37:52,189 [502f6022-a881-4b45-8d31-6accf0fa9572@group-26E3F09C9A82-FollowerState] INFO  server.RaftServerConfigKeys (ConfUtils.java:logFallback(53)) - raft.server.rpc.first-election.timeout.max = 5200ms (fallback to raft.server.rpc.timeout.max)
2023-08-25 11:37:52,189 [502f6022-a881-4b45-8d31-6accf0fa9572-groupManagement] INFO  server.RaftServerConfigKeys (ConfUtils.java:logGet(46)) - raft.server.snapshot.auto.trigger.threshold = 10000 (custom)
2023-08-25 11:37:52,189 [502f6022-a881-4b45-8d31-6accf0fa9572-groupManagement] INFO  server.RaftServerConfigKeys (ConfUtils.java:logGet(46)) - raft.server.snapshot.retention.file.num = 5 (custom)
2023-08-25 11:37:52,189 [502f6022-a881-4b45-8d31-6accf0fa9572-groupManagement] INFO  server.RaftServerConfigKeys (ConfUtils.java:logGet(46)) - raft.server.log.purge.upto.snapshot.index = false (default)
2023-08-25 11:37:52,190 [PipelineCommandHandlerThread-0] INFO  ratis.XceiverServerRatis (XceiverServerRatis.java:addGroup(804)) - Created group PipelineID=4174db21-9d27-4da0-9171-26e3f09c9a82
2023-08-25 11:37:52,190 [PipelineCommandHandlerThread-0] INFO  commandhandler.CreatePipelineCommandHandler (CreatePipelineCommandHandler.java:lambda$handle$2(124)) - Created Pipeline RATIS ONE PipelineID=4174db21-9d27-4da0-9171-26e3f09c9a82.
2023-08-25 11:37:53,159 [main] INFO  ozone.MiniOzoneClusterImpl (MiniOzoneClusterImpl.java:lambda$waitForClusterToBeReady$0(224)) - Nodes are ready. Got 5 of 5 DN Heartbeats.
2023-08-25 11:37:53,159 [main] INFO  ozone.MiniOzoneClusterImpl (MiniOzoneClusterImpl.java:lambda$waitForClusterToBeReady$0(227)) - Waiting for cluster to exit safe mode
2023-08-25 11:37:53,159 [main] INFO  ozone.MiniOzoneClusterImpl (MiniOzoneClusterImpl.java:lambda$waitForClusterToBeReady$0(229)) - SCM became leader
2023-08-25 11:37:54,160 [main] INFO  ozone.MiniOzoneClusterImpl (MiniOzoneClusterImpl.java:lambda$waitForClusterToBeReady$0(224)) - Nodes are ready. Got 5 of 5 DN Heartbeats.
2023-08-25 11:37:54,160 [main] INFO  ozone.MiniOzoneClusterImpl (MiniOzoneClusterImpl.java:lambda$waitForClusterToBeReady$0(227)) - Waiting for cluster to exit safe mode
2023-08-25 11:37:54,160 [main] INFO  ozone.MiniOzoneClusterImpl (MiniOzoneClusterImpl.java:lambda$waitForClusterToBeReady$0(229)) - SCM became leader
2023-08-25 11:37:55,160 [main] INFO  ozone.MiniOzoneClusterImpl (MiniOzoneClusterImpl.java:lambda$waitForClusterToBeReady$0(224)) - Nodes are ready. Got 5 of 5 DN Heartbeats.
2023-08-25 11:37:55,160 [main] INFO  ozone.MiniOzoneClusterImpl (MiniOzoneClusterImpl.java:lambda$waitForClusterToBeReady$0(227)) - Waiting for cluster to exit safe mode
2023-08-25 11:37:55,161 [main] INFO  ozone.MiniOzoneClusterImpl (MiniOzoneClusterImpl.java:lambda$waitForClusterToBeReady$0(229)) - SCM became leader
2023-08-25 11:37:55,671 [40eb42f8-08cb-4edc-9c90-450b1ff1d9e5@group-E22CF1986947-FollowerState] INFO  impl.FollowerState (FollowerState.java:run(143)) - 40eb42f8-08cb-4edc-9c90-450b1ff1d9e5@group-E22CF1986947-FollowerState: change to CANDIDATE, lastRpcElapsedTime:5067738576ns, electionTimeout:5066ms
2023-08-25 11:37:55,671 [40eb42f8-08cb-4edc-9c90-450b1ff1d9e5@group-E22CF1986947-FollowerState] INFO  impl.RoleInfo (RoleInfo.java:shutdownFollowerState(110)) - 40eb42f8-08cb-4edc-9c90-450b1ff1d9e5: shutdown 40eb42f8-08cb-4edc-9c90-450b1ff1d9e5@group-E22CF1986947-FollowerState
2023-08-25 11:37:55,671 [40eb42f8-08cb-4edc-9c90-450b1ff1d9e5@group-E22CF1986947-FollowerState] INFO  server.RaftServer$Division (RaftServerImpl.java:setRole(329)) - 40eb42f8-08cb-4edc-9c90-450b1ff1d9e5@group-E22CF1986947: changes role from  FOLLOWER to CANDIDATE at term 0 for changeToCandidate
2023-08-25 11:37:55,671 [40eb42f8-08cb-4edc-9c90-450b1ff1d9e5@group-E22CF1986947-FollowerState] INFO  server.RaftServerConfigKeys (ConfUtils.java:logGet(46)) - raft.server.leaderelection.pre-vote = true (default)
2023-08-25 11:37:55,671 [40eb42f8-08cb-4edc-9c90-450b1ff1d9e5@group-E22CF1986947-FollowerState] INFO  impl.RoleInfo (RoleInfo.java:updateAndGet(139)) - 40eb42f8-08cb-4edc-9c90-450b1ff1d9e5: start 40eb42f8-08cb-4edc-9c90-450b1ff1d9e5@group-E22CF1986947-LeaderElection30
2023-08-25 11:37:55,674 [40eb42f8-08cb-4edc-9c90-450b1ff1d9e5@group-E22CF1986947-LeaderElection30] INFO  impl.LeaderElection (LeaderElection.java:askForVotes(321)) - 40eb42f8-08cb-4edc-9c90-450b1ff1d9e5@group-E22CF1986947-LeaderElection30 PRE_VOTE round 0: submit vote requests at term 0 for -1: peers:[f8b5371a-a27d-49bd-9775-6107617962eb|rpc:10.1.0.52:15191|admin:10.1.0.52:15190|client:10.1.0.52:15189|dataStream:10.1.0.52:15192|priority:0|startupRole:FOLLOWER, 40eb42f8-08cb-4edc-9c90-450b1ff1d9e5|rpc:10.1.0.52:15173|admin:10.1.0.52:15172|client:10.1.0.52:15171|dataStream:10.1.0.52:15174|priority:0|startupRole:FOLLOWER, c88c3db0-6d18-4a8e-bc96-216262cb4b87|rpc:10.1.0.52:15182|admin:10.1.0.52:15181|client:10.1.0.52:15180|dataStream:10.1.0.52:15183|priority:1|startupRole:FOLLOWER]|listeners:[], old=null
2023-08-25 11:37:55,674 [40eb42f8-08cb-4edc-9c90-450b1ff1d9e5@group-E22CF1986947-LeaderElection30-1] INFO  server.GrpcServerProtocolClient (GrpcServerProtocolClient.java:<init>(65)) - Build channel for f8b5371a-a27d-49bd-9775-6107617962eb
2023-08-25 11:37:55,675 [40eb42f8-08cb-4edc-9c90-450b1ff1d9e5@group-E22CF1986947-LeaderElection30] INFO  server.RaftServerConfigKeys (ConfUtils.java:logFallback(53)) - raft.server.rpc.first-election.timeout.min = 5s (fallback to raft.server.rpc.timeout.min)
2023-08-25 11:37:55,675 [40eb42f8-08cb-4edc-9c90-450b1ff1d9e5@group-E22CF1986947-LeaderElection30] INFO  server.RaftServerConfigKeys (ConfUtils.java:logFallback(53)) - raft.server.rpc.first-election.timeout.max = 5200ms (fallback to raft.server.rpc.timeout.max)
2023-08-25 11:37:55,675 [40eb42f8-08cb-4edc-9c90-450b1ff1d9e5@group-E22CF1986947-LeaderElection30-2] INFO  server.GrpcServerProtocolClient (GrpcServerProtocolClient.java:<init>(65)) - Build channel for c88c3db0-6d18-4a8e-bc96-216262cb4b87
2023-08-25 11:37:55,687 [grpc-default-executor-0] INFO  server.RaftServer$Division (RaftServerImpl.java:requestVote(1302)) - c88c3db0-6d18-4a8e-bc96-216262cb4b87@group-E22CF1986947: receive requestVote(PRE_VOTE, 40eb42f8-08cb-4edc-9c90-450b1ff1d9e5, group-E22CF1986947, 0, (t:0, i:0))
2023-08-25 11:37:55,687 [grpc-default-executor-0] INFO  impl.VoteContext (VoteContext.java:log(49)) - c88c3db0-6d18-4a8e-bc96-216262cb4b87@group-E22CF1986947-FOLLOWER: reject PRE_VOTE from 40eb42f8-08cb-4edc-9c90-450b1ff1d9e5: our priority 1 > candidate's priority 0
2023-08-25 11:37:55,687 [grpc-default-executor-0] INFO  server.RaftServer$Division (RaftServerImpl.java:requestVote(1335)) - c88c3db0-6d18-4a8e-bc96-216262cb4b87@group-E22CF1986947 replies to PRE_VOTE vote request: 40eb42f8-08cb-4edc-9c90-450b1ff1d9e5<-c88c3db0-6d18-4a8e-bc96-216262cb4b87#0:FAIL-t0. Peer's state: c88c3db0-6d18-4a8e-bc96-216262cb4b87@group-E22CF1986947:t0, leader=null, voted=, raftlog=Memoized:c88c3db0-6d18-4a8e-bc96-216262cb4b87@group-E22CF1986947-SegmentedRaftLog:OPENED:c-1, conf=-1: peers:[f8b5371a-a27d-49bd-9775-6107617962eb|rpc:10.1.0.52:15191|admin:10.1.0.52:15190|client:10.1.0.52:15189|dataStream:10.1.0.52:15192|priority:0|startupRole:FOLLOWER, 40eb42f8-08cb-4edc-9c90-450b1ff1d9e5|rpc:10.1.0.52:15173|admin:10.1.0.52:15172|client:10.1.0.52:15171|dataStream:10.1.0.52:15174|priority:0|startupRole:FOLLOWER, c88c3db0-6d18-4a8e-bc96-216262cb4b87|rpc:10.1.0.52:15182|admin:10.1.0.52:15181|client:10.1.0.52:15180|dataStream:10.1.0.52:15183|priority:1|startupRole:FOLLOWER]|listeners:[], old=null
2023-08-25 11:37:55,689 [40eb42f8-08cb-4edc-9c90-450b1ff1d9e5@group-E22CF1986947-LeaderElection30] INFO  impl.LeaderElection (LeaderElection.java:logAndReturn(90)) - 40eb42f8-08cb-4edc-9c90-450b1ff1d9e5@group-E22CF1986947-LeaderElection30: PRE_VOTE REJECTED received 1 response(s) and 0 exception(s):
2023-08-25 11:37:55,689 [40eb42f8-08cb-4edc-9c90-450b1ff1d9e5@group-E22CF1986947-LeaderElection30] INFO  impl.LeaderElection (LeaderElection.java:logAndReturn(94)) -   Response 0: 40eb42f8-08cb-4edc-9c90-450b1ff1d9e5<-c88c3db0-6d18-4a8e-bc96-216262cb4b87#0:FAIL-t0
2023-08-25 11:37:55,689 [40eb42f8-08cb-4edc-9c90-450b1ff1d9e5@group-E22CF1986947-LeaderElection30] INFO  impl.LeaderElection (LeaderElection.java:askForVotes(323)) - 40eb42f8-08cb-4edc-9c90-450b1ff1d9e5@group-E22CF1986947-LeaderElection30 PRE_VOTE round 0: result REJECTED
2023-08-25 11:37:55,689 [40eb42f8-08cb-4edc-9c90-450b1ff1d9e5@group-E22CF1986947-LeaderElection30] INFO  server.RaftServer$Division (RaftServerImpl.java:setRole(329)) - 40eb42f8-08cb-4edc-9c90-450b1ff1d9e5@group-E22CF1986947: changes role from CANDIDATE to FOLLOWER at term 0 for REJECTED
2023-08-25 11:37:55,690 [40eb42f8-08cb-4edc-9c90-450b1ff1d9e5@group-E22CF1986947-LeaderElection30] INFO  impl.RoleInfo (RoleInfo.java:shutdownLeaderElection(130)) - 40eb42f8-08cb-4edc-9c90-450b1ff1d9e5: shutdown 40eb42f8-08cb-4edc-9c90-450b1ff1d9e5@group-E22CF1986947-LeaderElection30
2023-08-25 11:37:55,690 [40eb42f8-08cb-4edc-9c90-450b1ff1d9e5@group-E22CF1986947-LeaderElection30] INFO  impl.RoleInfo (RoleInfo.java:updateAndGet(139)) - 40eb42f8-08cb-4edc-9c90-450b1ff1d9e5: start 40eb42f8-08cb-4edc-9c90-450b1ff1d9e5@group-E22CF1986947-FollowerState
2023-08-25 11:37:55,696 [grpc-default-executor-0] INFO  server.RaftServer$Division (RaftServerImpl.java:requestVote(1302)) - f8b5371a-a27d-49bd-9775-6107617962eb@group-E22CF1986947: receive requestVote(PRE_VOTE, 40eb42f8-08cb-4edc-9c90-450b1ff1d9e5, group-E22CF1986947, 0, (t:0, i:0))
2023-08-25 11:37:55,697 [grpc-default-executor-0] INFO  impl.VoteContext (VoteContext.java:log(49)) - f8b5371a-a27d-49bd-9775-6107617962eb@group-E22CF1986947-FOLLOWER: accept PRE_VOTE from 40eb42f8-08cb-4edc-9c90-450b1ff1d9e5: our priority 0 <= candidate's priority 0
2023-08-25 11:37:55,697 [grpc-default-executor-0] INFO  server.RaftServer$Division (RaftServerImpl.java:requestVote(1335)) - f8b5371a-a27d-49bd-9775-6107617962eb@group-E22CF1986947 replies to PRE_VOTE vote request: 40eb42f8-08cb-4edc-9c90-450b1ff1d9e5<-f8b5371a-a27d-49bd-9775-6107617962eb#0:OK-t0. Peer's state: f8b5371a-a27d-49bd-9775-6107617962eb@group-E22CF1986947:t0, leader=null, voted=, raftlog=Memoized:f8b5371a-a27d-49bd-9775-6107617962eb@group-E22CF1986947-SegmentedRaftLog:OPENED:c-1, conf=-1: peers:[f8b5371a-a27d-49bd-9775-6107617962eb|rpc:10.1.0.52:15191|admin:10.1.0.52:15190|client:10.1.0.52:15189|dataStream:10.1.0.52:15192|priority:0|startupRole:FOLLOWER, 40eb42f8-08cb-4edc-9c90-450b1ff1d9e5|rpc:10.1.0.52:15173|admin:10.1.0.52:15172|client:10.1.0.52:15171|dataStream:10.1.0.52:15174|priority:0|startupRole:FOLLOWER, c88c3db0-6d18-4a8e-bc96-216262cb4b87|rpc:10.1.0.52:15182|admin:10.1.0.52:15181|client:10.1.0.52:15180|dataStream:10.1.0.52:15183|priority:1|startupRole:FOLLOWER]|listeners:[], old=null
2023-08-25 11:37:55,703 [40eb42f8-08cb-4edc-9c90-450b1ff1d9e5@group-14240D4C7027-FollowerState] INFO  impl.FollowerState (FollowerState.java:run(143)) - 40eb42f8-08cb-4edc-9c90-450b1ff1d9e5@group-14240D4C7027-FollowerState: change to CANDIDATE, lastRpcElapsedTime:5126759463ns, electionTimeout:5117ms
2023-08-25 11:37:55,704 [40eb42f8-08cb-4edc-9c90-450b1ff1d9e5@group-14240D4C7027-FollowerState] INFO  impl.RoleInfo (RoleInfo.java:shutdownFollowerState(110)) - 40eb42f8-08cb-4edc-9c90-450b1ff1d9e5: shutdown 40eb42f8-08cb-4edc-9c90-450b1ff1d9e5@group-14240D4C7027-FollowerState
2023-08-25 11:37:55,704 [40eb42f8-08cb-4edc-9c90-450b1ff1d9e5@group-14240D4C7027-FollowerState] INFO  server.RaftServer$Division (RaftServerImpl.java:setRole(329)) - 40eb42f8-08cb-4edc-9c90-450b1ff1d9e5@group-14240D4C7027: changes role from  FOLLOWER to CANDIDATE at term 0 for changeToCandidate
2023-08-25 11:37:55,704 [40eb42f8-08cb-4edc-9c90-450b1ff1d9e5@group-14240D4C7027-FollowerState] INFO  server.RaftServerConfigKeys (ConfUtils.java:logGet(46)) - raft.server.leaderelection.pre-vote = true (default)
2023-08-25 11:37:55,704 [40eb42f8-08cb-4edc-9c90-450b1ff1d9e5@group-14240D4C7027-FollowerState] INFO  impl.RoleInfo (RoleInfo.java:updateAndGet(139)) - 40eb42f8-08cb-4edc-9c90-450b1ff1d9e5: start 40eb42f8-08cb-4edc-9c90-450b1ff1d9e5@group-14240D4C7027-LeaderElection31
2023-08-25 11:37:55,709 [40eb42f8-08cb-4edc-9c90-450b1ff1d9e5@group-14240D4C7027-LeaderElection31] INFO  impl.LeaderElection (LeaderElection.java:askForVotes(321)) - 40eb42f8-08cb-4edc-9c90-450b1ff1d9e5@group-14240D4C7027-LeaderElection31 PRE_VOTE round 0: submit vote requests at term 0 for -1: peers:[40eb42f8-08cb-4edc-9c90-450b1ff1d9e5|rpc:10.1.0.52:15173|admin:10.1.0.52:15172|client:10.1.0.52:15171|dataStream:10.1.0.52:15174|priority:1|startupRole:FOLLOWER]|listeners:[], old=null
2023-08-25 11:37:55,709 [40eb42f8-08cb-4edc-9c90-450b1ff1d9e5@group-14240D4C7027-LeaderElection31] INFO  impl.LeaderElection (LeaderElection.java:askForVotes(323)) - 40eb42f8-08cb-4edc-9c90-450b1ff1d9e5@group-14240D4C7027-LeaderElection31 PRE_VOTE round 0: result PASSED (term=0)
2023-08-25 11:37:55,711 [40eb42f8-08cb-4edc-9c90-450b1ff1d9e5@group-14240D4C7027-LeaderElection31] INFO  impl.LeaderElection (LeaderElection.java:askForVotes(321)) - 40eb42f8-08cb-4edc-9c90-450b1ff1d9e5@group-14240D4C7027-LeaderElection31 ELECTION round 0: submit vote requests at term 1 for -1: peers:[40eb42f8-08cb-4edc-9c90-450b1ff1d9e5|rpc:10.1.0.52:15173|admin:10.1.0.52:15172|client:10.1.0.52:15171|dataStream:10.1.0.52:15174|priority:1|startupRole:FOLLOWER]|listeners:[], old=null
2023-08-25 11:37:55,711 [40eb42f8-08cb-4edc-9c90-450b1ff1d9e5@group-14240D4C7027-LeaderElection31] INFO  impl.LeaderElection (LeaderElection.java:askForVotes(323)) - 40eb42f8-08cb-4edc-9c90-450b1ff1d9e5@group-14240D4C7027-LeaderElection31 ELECTION round 0: result PASSED (term=1)
2023-08-25 11:37:55,711 [40eb42f8-08cb-4edc-9c90-450b1ff1d9e5@group-14240D4C7027-LeaderElection31] INFO  impl.RoleInfo (RoleInfo.java:shutdownLeaderElection(130)) - 40eb42f8-08cb-4edc-9c90-450b1ff1d9e5: shutdown 40eb42f8-08cb-4edc-9c90-450b1ff1d9e5@group-14240D4C7027-LeaderElection31
2023-08-25 11:37:55,711 [40eb42f8-08cb-4edc-9c90-450b1ff1d9e5@group-14240D4C7027-LeaderElection31] INFO  server.RaftServer$Division (RaftServerImpl.java:setRole(329)) - 40eb42f8-08cb-4edc-9c90-450b1ff1d9e5@group-14240D4C7027: changes role from CANDIDATE to LEADER at term 1 for changeToLeader
2023-08-25 11:37:55,711 [40eb42f8-08cb-4edc-9c90-450b1ff1d9e5@group-14240D4C7027-LeaderElection31] INFO  ratis.XceiverServerRatis (XceiverServerRatis.java:handleLeaderChangedNotification(902)) - Leader change notification received for group: group-14240D4C7027 with new leaderId: 40eb42f8-08cb-4edc-9c90-450b1ff1d9e5
2023-08-25 11:37:55,712 [40eb42f8-08cb-4edc-9c90-450b1ff1d9e5@group-14240D4C7027-LeaderElection31] INFO  server.RaftServer$Division (ServerState.java:setLeader(317)) - 40eb42f8-08cb-4edc-9c90-450b1ff1d9e5@group-14240D4C7027: change Leader from null to 40eb42f8-08cb-4edc-9c90-450b1ff1d9e5 at term 1 for becomeLeader, leader elected after 5156ms
2023-08-25 11:37:55,712 [40eb42f8-08cb-4edc-9c90-450b1ff1d9e5@group-14240D4C7027-LeaderElection31] INFO  server.RaftServerConfigKeys (ConfUtils.java:logGet(46)) - raft.server.staging.catchup.gap = 1000 (default)
2023-08-25 11:37:55,712 [40eb42f8-08cb-4edc-9c90-450b1ff1d9e5@group-14240D4C7027-LeaderElection31] INFO  server.RaftServerConfigKeys (ConfUtils.java:logGet(46)) - raft.server.write.element-limit = 1024 (custom)
2023-08-25 11:37:55,712 [EventQueue-OpenPipelineForHealthyPipelineSafeModeRule] INFO  safemode.SCMSafeModeManager (HealthyPipelineSafeModeRule.java:process(137)) - SCM in safe mode. Healthy pipelines reported count is 0, required healthy pipeline reported count is 1
2023-08-25 11:37:55,713 [40eb42f8-08cb-4edc-9c90-450b1ff1d9e5@group-14240D4C7027-LeaderElection31] INFO  server.RaftServerConfigKeys (ConfUtils.java:logGet(46)) - raft.server.write.byte-limit = 1024 M (=1073741824) (custom)
2023-08-25 11:37:55,713 [40eb42f8-08cb-4edc-9c90-450b1ff1d9e5@group-14240D4C7027-LeaderElection31] INFO  server.RaftServerConfigKeys (ConfUtils.java:logGet(46)) - raft.server.watch.timeout = 180s (custom)
2023-08-25 11:37:55,713 [40eb42f8-08cb-4edc-9c90-450b1ff1d9e5@group-14240D4C7027-LeaderElection31] INFO  server.RaftServerConfigKeys (ConfUtils.java:logGet(46)) - raft.server.watch.timeout.denomination = 1s (default)
2023-08-25 11:37:55,713 [40eb42f8-08cb-4edc-9c90-450b1ff1d9e5@group-14240D4C7027-LeaderElection31] INFO  server.RaftServerConfigKeys (ConfUtils.java:logGet(46)) - raft.server.watch.element-limit = 65536 (default)
2023-08-25 11:37:55,713 [40eb42f8-08cb-4edc-9c90-450b1ff1d9e5@group-14240D4C7027-LeaderElection31] INFO  server.RaftServerConfigKeys (ConfUtils.java:logGet(46)) - raft.server.write.element-limit = 1024 (custom)
2023-08-25 11:37:55,713 [40eb42f8-08cb-4edc-9c90-450b1ff1d9e5@group-14240D4C7027-LeaderElection31] INFO  server.RaftServerConfigKeys (ConfUtils.java:logGet(46)) - raft.server.write.follower.gap.ratio.max = -1.0 (default)
2023-08-25 11:37:55,713 [40eb42f8-08cb-4edc-9c90-450b1ff1d9e5@group-14240D4C7027-LeaderElection31] INFO  impl.RoleInfo (RoleInfo.java:updateAndGet(139)) - 40eb42f8-08cb-4edc-9c90-450b1ff1d9e5: start 40eb42f8-08cb-4edc-9c90-450b1ff1d9e5@group-14240D4C7027-LeaderStateImpl
2023-08-25 11:37:55,714 [40eb42f8-08cb-4edc-9c90-450b1ff1d9e5@group-14240D4C7027-LeaderElection31] INFO  segmented.SegmentedRaftLogWorker (SegmentedRaftLogWorker.java:startLogSegment(447)) - 40eb42f8-08cb-4edc-9c90-450b1ff1d9e5@group-14240D4C7027-SegmentedRaftLogWorker: Starting segment from index:0
2023-08-25 11:37:55,716 [40eb42f8-08cb-4edc-9c90-450b1ff1d9e5@group-14240D4C7027-SegmentedRaftLogWorker] INFO  segmented.SegmentedRaftLogWorker (SegmentedRaftLogWorker.java:execute(651)) - 40eb42f8-08cb-4edc-9c90-450b1ff1d9e5@group-14240D4C7027-SegmentedRaftLogWorker: created new log segment /home/runner/work/ozone/ozone/hadoop-ozone/integration-test/target/test-dir/MiniOzoneClusterImpl-e63a8ec6-da9e-4c95-a9d5-015e34518cdf/datanode-0/data/ratis/d1d156a1-bb0f-4348-8faa-14240d4c7027/current/log_inprogress_0
2023-08-25 11:37:55,716 [40eb42f8-08cb-4edc-9c90-450b1ff1d9e5@group-14240D4C7027-LeaderElection31] INFO  server.RaftServer$Division (ServerState.java:setRaftConf(434)) - 40eb42f8-08cb-4edc-9c90-450b1ff1d9e5@group-14240D4C7027: set configuration 0: peers:[40eb42f8-08cb-4edc-9c90-450b1ff1d9e5|rpc:10.1.0.52:15173|admin:10.1.0.52:15172|client:10.1.0.52:15171|dataStream:10.1.0.52:15174|priority:1|startupRole:FOLLOWER]|listeners:[], old=null
2023-08-25 11:37:55,746 [f8b5371a-a27d-49bd-9775-6107617962eb@group-E22CF1986947-FollowerState] INFO  server.RaftServerConfigKeys (ConfUtils.java:logFallback(53)) - raft.server.rpc.first-election.timeout.min = 5s (fallback to raft.server.rpc.timeout.min)
2023-08-25 11:37:55,746 [f8b5371a-a27d-49bd-9775-6107617962eb@group-E22CF1986947-FollowerState] INFO  server.RaftServerConfigKeys (ConfUtils.java:logFallback(53)) - raft.server.rpc.first-election.timeout.max = 5200ms (fallback to raft.server.rpc.timeout.max)
2023-08-25 11:37:55,809 [c88c3db0-6d18-4a8e-bc96-216262cb4b87@group-E22CF1986947-FollowerState] INFO  impl.FollowerState (FollowerState.java:run(143)) - c88c3db0-6d18-4a8e-bc96-216262cb4b87@group-E22CF1986947-FollowerState: change to CANDIDATE, lastRpcElapsedTime:5147808361ns, electionTimeout:5141ms
2023-08-25 11:37:55,810 [c88c3db0-6d18-4a8e-bc96-216262cb4b87@group-E22CF1986947-FollowerState] INFO  impl.RoleInfo (RoleInfo.java:shutdownFollowerState(110)) - c88c3db0-6d18-4a8e-bc96-216262cb4b87: shutdown c88c3db0-6d18-4a8e-bc96-216262cb4b87@group-E22CF1986947-FollowerState
2023-08-25 11:37:55,810 [c88c3db0-6d18-4a8e-bc96-216262cb4b87@group-E22CF1986947-FollowerState] INFO  server.RaftServer$Division (RaftServerImpl.java:setRole(329)) - c88c3db0-6d18-4a8e-bc96-216262cb4b87@group-E22CF1986947: changes role from  FOLLOWER to CANDIDATE at term 0 for changeToCandidate
2023-08-25 11:37:55,810 [c88c3db0-6d18-4a8e-bc96-216262cb4b87@group-E22CF1986947-FollowerState] INFO  server.RaftServerConfigKeys (ConfUtils.java:logGet(46)) - raft.server.leaderelection.pre-vote = true (default)
2023-08-25 11:37:55,810 [c88c3db0-6d18-4a8e-bc96-216262cb4b87@group-E22CF1986947-FollowerState] INFO  impl.RoleInfo (RoleInfo.java:updateAndGet(139)) - c88c3db0-6d18-4a8e-bc96-216262cb4b87: start c88c3db0-6d18-4a8e-bc96-216262cb4b87@group-E22CF1986947-LeaderElection32
2023-08-25 11:37:55,811 [c88c3db0-6d18-4a8e-bc96-216262cb4b87@group-E22CF1986947-LeaderElection32] INFO  impl.LeaderElection (LeaderElection.java:askForVotes(321)) - c88c3db0-6d18-4a8e-bc96-216262cb4b87@group-E22CF1986947-LeaderElection32 PRE_VOTE round 0: submit vote requests at term 0 for -1: peers:[f8b5371a-a27d-49bd-9775-6107617962eb|rpc:10.1.0.52:15191|admin:10.1.0.52:15190|client:10.1.0.52:15189|dataStream:10.1.0.52:15192|priority:0|startupRole:FOLLOWER, 40eb42f8-08cb-4edc-9c90-450b1ff1d9e5|rpc:10.1.0.52:15173|admin:10.1.0.52:15172|client:10.1.0.52:15171|dataStream:10.1.0.52:15174|priority:0|startupRole:FOLLOWER, c88c3db0-6d18-4a8e-bc96-216262cb4b87|rpc:10.1.0.52:15182|admin:10.1.0.52:15181|client:10.1.0.52:15180|dataStream:10.1.0.52:15183|priority:1|startupRole:FOLLOWER]|listeners:[], old=null
2023-08-25 11:37:55,812 [c88c3db0-6d18-4a8e-bc96-216262cb4b87@group-E22CF1986947-LeaderElection32] INFO  server.RaftServerConfigKeys (ConfUtils.java:logFallback(53)) - raft.server.rpc.first-election.timeout.min = 5s (fallback to raft.server.rpc.timeout.min)
2023-08-25 11:37:55,812 [c88c3db0-6d18-4a8e-bc96-216262cb4b87@group-E22CF1986947-LeaderElection32-1] INFO  server.GrpcServerProtocolClient (GrpcServerProtocolClient.java:<init>(65)) - Build channel for f8b5371a-a27d-49bd-9775-6107617962eb
2023-08-25 11:37:55,812 [c88c3db0-6d18-4a8e-bc96-216262cb4b87@group-E22CF1986947-LeaderElection32] INFO  server.RaftServerConfigKeys (ConfUtils.java:logFallback(53)) - raft.server.rpc.first-election.timeout.max = 5200ms (fallback to raft.server.rpc.timeout.max)
2023-08-25 11:37:55,812 [c88c3db0-6d18-4a8e-bc96-216262cb4b87@group-E22CF1986947-LeaderElection32-2] INFO  server.GrpcServerProtocolClient (GrpcServerProtocolClient.java:<init>(65)) - Build channel for 40eb42f8-08cb-4edc-9c90-450b1ff1d9e5
2023-08-25 11:37:55,828 [grpc-default-executor-0] INFO  server.RaftServer$Division (RaftServerImpl.java:requestVote(1302)) - 40eb42f8-08cb-4edc-9c90-450b1ff1d9e5@group-E22CF1986947: receive requestVote(PRE_VOTE, c88c3db0-6d18-4a8e-bc96-216262cb4b87, group-E22CF1986947, 0, (t:0, i:0))
2023-08-25 11:37:55,829 [grpc-default-executor-1] INFO  server.RaftServer$Division (RaftServerImpl.java:requestVote(1302)) - f8b5371a-a27d-49bd-9775-6107617962eb@group-E22CF1986947: receive requestVote(PRE_VOTE, c88c3db0-6d18-4a8e-bc96-216262cb4b87, group-E22CF1986947, 0, (t:0, i:0))
2023-08-25 11:37:55,829 [grpc-default-executor-0] INFO  impl.VoteContext (VoteContext.java:log(49)) - 40eb42f8-08cb-4edc-9c90-450b1ff1d9e5@group-E22CF1986947-FOLLOWER: accept PRE_VOTE from c88c3db0-6d18-4a8e-bc96-216262cb4b87: our priority 0 <= candidate's priority 1
2023-08-25 11:37:55,829 [grpc-default-executor-1] INFO  impl.VoteContext (VoteContext.java:log(49)) - f8b5371a-a27d-49bd-9775-6107617962eb@group-E22CF1986947-FOLLOWER: accept PRE_VOTE from c88c3db0-6d18-4a8e-bc96-216262cb4b87: our priority 0 <= candidate's priority 1
2023-08-25 11:37:55,829 [grpc-default-executor-0] INFO  server.RaftServer$Division (RaftServerImpl.java:requestVote(1335)) - 40eb42f8-08cb-4edc-9c90-450b1ff1d9e5@group-E22CF1986947 replies to PRE_VOTE vote request: c88c3db0-6d18-4a8e-bc96-216262cb4b87<-40eb42f8-08cb-4edc-9c90-450b1ff1d9e5#0:OK-t0. Peer's state: 40eb42f8-08cb-4edc-9c90-450b1ff1d9e5@group-E22CF1986947:t0, leader=null, voted=, raftlog=Memoized:40eb42f8-08cb-4edc-9c90-450b1ff1d9e5@group-E22CF1986947-SegmentedRaftLog:OPENED:c-1, conf=-1: peers:[f8b5371a-a27d-49bd-9775-6107617962eb|rpc:10.1.0.52:15191|admin:10.1.0.52:15190|client:10.1.0.52:15189|dataStream:10.1.0.52:15192|priority:0|startupRole:FOLLOWER, 40eb42f8-08cb-4edc-9c90-450b1ff1d9e5|rpc:10.1.0.52:15173|admin:10.1.0.52:15172|client:10.1.0.52:15171|dataStream:10.1.0.52:15174|priority:0|startupRole:FOLLOWER, c88c3db0-6d18-4a8e-bc96-216262cb4b87|rpc:10.1.0.52:15182|admin:10.1.0.52:15181|client:10.1.0.52:15180|dataStream:10.1.0.52:15183|priority:1|startupRole:FOLLOWER]|listeners:[], old=null
2023-08-25 11:37:55,829 [grpc-default-executor-1] INFO  server.RaftServer$Division (RaftServerImpl.java:requestVote(1335)) - f8b5371a-a27d-49bd-9775-6107617962eb@group-E22CF1986947 replies to PRE_VOTE vote request: c88c3db0-6d18-4a8e-bc96-216262cb4b87<-f8b5371a-a27d-49bd-9775-6107617962eb#0:OK-t0. Peer's state: f8b5371a-a27d-49bd-9775-6107617962eb@group-E22CF1986947:t0, leader=null, voted=, raftlog=Memoized:f8b5371a-a27d-49bd-9775-6107617962eb@group-E22CF1986947-SegmentedRaftLog:OPENED:c-1, conf=-1: peers:[f8b5371a-a27d-49bd-9775-6107617962eb|rpc:10.1.0.52:15191|admin:10.1.0.52:15190|client:10.1.0.52:15189|dataStream:10.1.0.52:15192|priority:0|startupRole:FOLLOWER, 40eb42f8-08cb-4edc-9c90-450b1ff1d9e5|rpc:10.1.0.52:15173|admin:10.1.0.52:15172|client:10.1.0.52:15171|dataStream:10.1.0.52:15174|priority:0|startupRole:FOLLOWER, c88c3db0-6d18-4a8e-bc96-216262cb4b87|rpc:10.1.0.52:15182|admin:10.1.0.52:15181|client:10.1.0.52:15180|dataStream:10.1.0.52:15183|priority:1|startupRole:FOLLOWER]|listeners:[], old=null
2023-08-25 11:37:55,831 [c88c3db0-6d18-4a8e-bc96-216262cb4b87@group-E22CF1986947-LeaderElection32] INFO  impl.LeaderElection (LeaderElection.java:logAndReturn(90)) - c88c3db0-6d18-4a8e-bc96-216262cb4b87@group-E22CF1986947-LeaderElection32: PRE_VOTE PASSED received 1 response(s) and 0 exception(s):
2023-08-25 11:37:55,832 [c88c3db0-6d18-4a8e-bc96-216262cb4b87@group-E22CF1986947-LeaderElection32] INFO  impl.LeaderElection (LeaderElection.java:logAndReturn(94)) -   Response 0: c88c3db0-6d18-4a8e-bc96-216262cb4b87<-f8b5371a-a27d-49bd-9775-6107617962eb#0:OK-t0
2023-08-25 11:37:55,832 [c88c3db0-6d18-4a8e-bc96-216262cb4b87@group-E22CF1986947-LeaderElection32] INFO  impl.LeaderElection (LeaderElection.java:askForVotes(323)) - c88c3db0-6d18-4a8e-bc96-216262cb4b87@group-E22CF1986947-LeaderElection32 PRE_VOTE round 0: result PASSED
2023-08-25 11:37:55,834 [c88c3db0-6d18-4a8e-bc96-216262cb4b87@group-E22CF1986947-LeaderElection32] INFO  impl.LeaderElection (LeaderElection.java:askForVotes(321)) - c88c3db0-6d18-4a8e-bc96-216262cb4b87@group-E22CF1986947-LeaderElection32 ELECTION round 0: submit vote requests at term 1 for -1: peers:[f8b5371a-a27d-49bd-9775-6107617962eb|rpc:10.1.0.52:15191|admin:10.1.0.52:15190|client:10.1.0.52:15189|dataStream:10.1.0.52:15192|priority:0|startupRole:FOLLOWER, 40eb42f8-08cb-4edc-9c90-450b1ff1d9e5|rpc:10.1.0.52:15173|admin:10.1.0.52:15172|client:10.1.0.52:15171|dataStream:10.1.0.52:15174|priority:0|startupRole:FOLLOWER, c88c3db0-6d18-4a8e-bc96-216262cb4b87|rpc:10.1.0.52:15182|admin:10.1.0.52:15181|client:10.1.0.52:15180|dataStream:10.1.0.52:15183|priority:1|startupRole:FOLLOWER]|listeners:[], old=null
2023-08-25 11:37:55,837 [c88c3db0-6d18-4a8e-bc96-216262cb4b87@group-E22CF1986947-LeaderElection32] INFO  server.RaftServerConfigKeys (ConfUtils.java:logFallback(53)) - raft.server.rpc.first-election.timeout.min = 5s (fallback to raft.server.rpc.timeout.min)
2023-08-25 11:37:55,837 [c88c3db0-6d18-4a8e-bc96-216262cb4b87@group-E22CF1986947-LeaderElection32] INFO  server.RaftServerConfigKeys (ConfUtils.java:logFallback(53)) - raft.server.rpc.first-election.timeout.max = 5200ms (fallback to raft.server.rpc.timeout.max)
2023-08-25 11:37:55,843 [grpc-default-executor-1] INFO  server.RaftServer$Division (RaftServerImpl.java:requestVote(1302)) - f8b5371a-a27d-49bd-9775-6107617962eb@group-E22CF1986947: receive requestVote(ELECTION, c88c3db0-6d18-4a8e-bc96-216262cb4b87, group-E22CF1986947, 1, (t:0, i:0))
2023-08-25 11:37:55,843 [grpc-default-executor-1] INFO  impl.VoteContext (VoteContext.java:log(49)) - f8b5371a-a27d-49bd-9775-6107617962eb@group-E22CF1986947-FOLLOWER: accept ELECTION from c88c3db0-6d18-4a8e-bc96-216262cb4b87: our priority 0 <= candidate's priority 1
2023-08-25 11:37:55,843 [grpc-default-executor-1] INFO  server.RaftServer$Division (RaftServerImpl.java:setRole(329)) - f8b5371a-a27d-49bd-9775-6107617962eb@group-E22CF1986947: changes role from  FOLLOWER to FOLLOWER at term 1 for candidate:c88c3db0-6d18-4a8e-bc96-216262cb4b87
2023-08-25 11:37:55,843 [grpc-default-executor-1] INFO  impl.RoleInfo (RoleInfo.java:shutdownFollowerState(110)) - f8b5371a-a27d-49bd-9775-6107617962eb: shutdown f8b5371a-a27d-49bd-9775-6107617962eb@group-E22CF1986947-FollowerState
2023-08-25 11:37:55,843 [f8b5371a-a27d-49bd-9775-6107617962eb@group-E22CF1986947-FollowerState] INFO  impl.FollowerState (FollowerState.java:run(152)) - f8b5371a-a27d-49bd-9775-6107617962eb@group-E22CF1986947-FollowerState was interrupted
2023-08-25 11:37:55,843 [grpc-default-executor-1] INFO  impl.RoleInfo (RoleInfo.java:updateAndGet(139)) - f8b5371a-a27d-49bd-9775-6107617962eb: start f8b5371a-a27d-49bd-9775-6107617962eb@group-E22CF1986947-FollowerState
2023-08-25 11:37:55,849 [grpc-default-executor-0] INFO  server.RaftServer$Division (RaftServerImpl.java:requestVote(1302)) - 40eb42f8-08cb-4edc-9c90-450b1ff1d9e5@group-E22CF1986947: receive requestVote(ELECTION, c88c3db0-6d18-4a8e-bc96-216262cb4b87, group-E22CF1986947, 1, (t:0, i:0))
2023-08-25 11:37:55,849 [grpc-default-executor-0] INFO  impl.VoteContext (VoteContext.java:log(49)) - 40eb42f8-08cb-4edc-9c90-450b1ff1d9e5@group-E22CF1986947-FOLLOWER: accept ELECTION from c88c3db0-6d18-4a8e-bc96-216262cb4b87: our priority 0 <= candidate's priority 1
2023-08-25 11:37:55,849 [grpc-default-executor-0] INFO  server.RaftServer$Division (RaftServerImpl.java:setRole(329)) - 40eb42f8-08cb-4edc-9c90-450b1ff1d9e5@group-E22CF1986947: changes role from  FOLLOWER to FOLLOWER at term 1 for candidate:c88c3db0-6d18-4a8e-bc96-216262cb4b87
2023-08-25 11:37:55,849 [grpc-default-executor-0] INFO  impl.RoleInfo (RoleInfo.java:shutdownFollowerState(110)) - 40eb42f8-08cb-4edc-9c90-450b1ff1d9e5: shutdown 40eb42f8-08cb-4edc-9c90-450b1ff1d9e5@group-E22CF1986947-FollowerState
2023-08-25 11:37:55,849 [grpc-default-executor-0] INFO  impl.RoleInfo (RoleInfo.java:updateAndGet(139)) - 40eb42f8-08cb-4edc-9c90-450b1ff1d9e5: start 40eb42f8-08cb-4edc-9c90-450b1ff1d9e5@group-E22CF1986947-FollowerState
2023-08-25 11:37:55,850 [40eb42f8-08cb-4edc-9c90-450b1ff1d9e5@group-E22CF1986947-FollowerState] INFO  impl.FollowerState (FollowerState.java:run(152)) - 40eb42f8-08cb-4edc-9c90-450b1ff1d9e5@group-E22CF1986947-FollowerState was interrupted
2023-08-25 11:37:55,850 [grpc-default-executor-1] INFO  server.RaftServer$Division (RaftServerImpl.java:requestVote(1335)) - f8b5371a-a27d-49bd-9775-6107617962eb@group-E22CF1986947 replies to ELECTION vote request: c88c3db0-6d18-4a8e-bc96-216262cb4b87<-f8b5371a-a27d-49bd-9775-6107617962eb#0:OK-t1. Peer's state: f8b5371a-a27d-49bd-9775-6107617962eb@group-E22CF1986947:t1, leader=null, voted=c88c3db0-6d18-4a8e-bc96-216262cb4b87, raftlog=Memoized:f8b5371a-a27d-49bd-9775-6107617962eb@group-E22CF1986947-SegmentedRaftLog:OPENED:c-1, conf=-1: peers:[f8b5371a-a27d-49bd-9775-6107617962eb|rpc:10.1.0.52:15191|admin:10.1.0.52:15190|client:10.1.0.52:15189|dataStream:10.1.0.52:15192|priority:0|startupRole:FOLLOWER, 40eb42f8-08cb-4edc-9c90-450b1ff1d9e5|rpc:10.1.0.52:15173|admin:10.1.0.52:15172|client:10.1.0.52:15171|dataStream:10.1.0.52:15174|priority:0|startupRole:FOLLOWER, c88c3db0-6d18-4a8e-bc96-216262cb4b87|rpc:10.1.0.52:15182|admin:10.1.0.52:15181|client:10.1.0.52:15180|dataStream:10.1.0.52:15183|priority:1|startupRole:FOLLOWER]|listeners:[], old=null
2023-08-25 11:37:55,853 [c88c3db0-6d18-4a8e-bc96-216262cb4b87@group-E22CF1986947-LeaderElection32] INFO  impl.LeaderElection (LeaderElection.java:logAndReturn(90)) - c88c3db0-6d18-4a8e-bc96-216262cb4b87@group-E22CF1986947-LeaderElection32: ELECTION PASSED received 1 response(s) and 0 exception(s):
2023-08-25 11:37:55,853 [c88c3db0-6d18-4a8e-bc96-216262cb4b87@group-E22CF1986947-LeaderElection32] INFO  impl.LeaderElection (LeaderElection.java:logAndReturn(94)) -   Response 0: c88c3db0-6d18-4a8e-bc96-216262cb4b87<-f8b5371a-a27d-49bd-9775-6107617962eb#0:OK-t1
2023-08-25 11:37:55,853 [grpc-default-executor-0] INFO  server.RaftServer$Division (RaftServerImpl.java:requestVote(1335)) - 40eb42f8-08cb-4edc-9c90-450b1ff1d9e5@group-E22CF1986947 replies to ELECTION vote request: c88c3db0-6d18-4a8e-bc96-216262cb4b87<-40eb42f8-08cb-4edc-9c90-450b1ff1d9e5#0:OK-t1. Peer's state: 40eb42f8-08cb-4edc-9c90-450b1ff1d9e5@group-E22CF1986947:t1, leader=null, voted=c88c3db0-6d18-4a8e-bc96-216262cb4b87, raftlog=Memoized:40eb42f8-08cb-4edc-9c90-450b1ff1d9e5@group-E22CF1986947-SegmentedRaftLog:OPENED:c-1, conf=-1: peers:[f8b5371a-a27d-49bd-9775-6107617962eb|rpc:10.1.0.52:15191|admin:10.1.0.52:15190|client:10.1.0.52:15189|dataStream:10.1.0.52:15192|priority:0|startupRole:FOLLOWER, 40eb42f8-08cb-4edc-9c90-450b1ff1d9e5|rpc:10.1.0.52:15173|admin:10.1.0.52:15172|client:10.1.0.52:15171|dataStream:10.1.0.52:15174|priority:0|startupRole:FOLLOWER, c88c3db0-6d18-4a8e-bc96-216262cb4b87|rpc:10.1.0.52:15182|admin:10.1.0.52:15181|client:10.1.0.52:15180|dataStream:10.1.0.52:15183|priority:1|startupRole:FOLLOWER]|listeners:[], old=null
2023-08-25 11:37:55,853 [c88c3db0-6d18-4a8e-bc96-216262cb4b87@group-E22CF1986947-LeaderElection32] INFO  impl.LeaderElection (LeaderElection.java:askForVotes(323)) - c88c3db0-6d18-4a8e-bc96-216262cb4b87@group-E22CF1986947-LeaderElection32 ELECTION round 0: result PASSED
2023-08-25 11:37:55,853 [c88c3db0-6d18-4a8e-bc96-216262cb4b87@group-E22CF1986947-LeaderElection32] INFO  impl.RoleInfo (RoleInfo.java:shutdownLeaderElection(130)) - c88c3db0-6d18-4a8e-bc96-216262cb4b87: shutdown c88c3db0-6d18-4a8e-bc96-216262cb4b87@group-E22CF1986947-LeaderElection32
2023-08-25 11:37:55,853 [c88c3db0-6d18-4a8e-bc96-216262cb4b87@group-E22CF1986947-LeaderElection32] INFO  server.RaftServer$Division (RaftServerImpl.java:setRole(329)) - c88c3db0-6d18-4a8e-bc96-216262cb4b87@group-E22CF1986947: changes role from CANDIDATE to LEADER at term 1 for changeToLeader
2023-08-25 11:37:55,853 [c88c3db0-6d18-4a8e-bc96-216262cb4b87@group-E22CF1986947-LeaderElection32] INFO  ratis.XceiverServerRatis (XceiverServerRatis.java:handleLeaderChangedNotification(902)) - Leader change notification received for group: group-E22CF1986947 with new leaderId: c88c3db0-6d18-4a8e-bc96-216262cb4b87
2023-08-25 11:37:55,854 [c88c3db0-6d18-4a8e-bc96-216262cb4b87@group-E22CF1986947-LeaderElection32] INFO  server.RaftServer$Division (ServerState.java:setLeader(317)) - c88c3db0-6d18-4a8e-bc96-216262cb4b87@group-E22CF1986947: change Leader from null to c88c3db0-6d18-4a8e-bc96-216262cb4b87 at term 1 for becomeLeader, leader elected after 5228ms
2023-08-25 11:37:55,854 [c88c3db0-6d18-4a8e-bc96-216262cb4b87@group-E22CF1986947-LeaderElection32] INFO  server.RaftServerConfigKeys (ConfUtils.java:logGet(46)) - raft.server.staging.catchup.gap = 1000 (default)
2023-08-25 11:37:55,854 [c88c3db0-6d18-4a8e-bc96-216262cb4b87@group-E22CF1986947-LeaderElection32] INFO  server.RaftServerConfigKeys (ConfUtils.java:logGet(46)) - raft.server.write.element-limit = 1024 (custom)
2023-08-25 11:37:55,854 [c88c3db0-6d18-4a8e-bc96-216262cb4b87@group-E22CF1986947-LeaderElection32] INFO  server.RaftServerConfigKeys (ConfUtils.java:logGet(46)) - raft.server.write.byte-limit = 1024 M (=1073741824) (custom)
2023-08-25 11:37:55,855 [c88c3db0-6d18-4a8e-bc96-216262cb4b87@group-E22CF1986947-LeaderElection32] INFO  server.RaftServerConfigKeys (ConfUtils.java:logGet(46)) - raft.server.watch.timeout = 180s (custom)
2023-08-25 11:37:55,855 [c88c3db0-6d18-4a8e-bc96-216262cb4b87@group-E22CF1986947-LeaderElection32] INFO  server.RaftServerConfigKeys (ConfUtils.java:logGet(46)) - raft.server.watch.timeout.denomination = 1s (default)
2023-08-25 11:37:55,855 [c88c3db0-6d18-4a8e-bc96-216262cb4b87@group-E22CF1986947-LeaderElection32] INFO  server.RaftServerConfigKeys (ConfUtils.java:logGet(46)) - raft.server.watch.element-limit = 65536 (default)
2023-08-25 11:37:55,855 [c88c3db0-6d18-4a8e-bc96-216262cb4b87@group-E22CF1986947-LeaderElection32] INFO  server.RaftServerConfigKeys (ConfUtils.java:logGet(46)) - raft.server.write.element-limit = 1024 (custom)
2023-08-25 11:37:55,855 [c88c3db0-6d18-4a8e-bc96-216262cb4b87@group-E22CF1986947-LeaderElection32] INFO  server.RaftServerConfigKeys (ConfUtils.java:logGet(46)) - raft.server.write.follower.gap.ratio.max = -1.0 (default)
2023-08-25 11:37:55,856 [c88c3db0-6d18-4a8e-bc96-216262cb4b87@group-E22CF1986947-LeaderElection32] INFO  server.RaftServerConfigKeys (ConfUtils.java:logGet(46)) - raft.server.log.appender.snapshot.chunk.size.max = 16MB (=16777216) (default)
2023-08-25 11:37:55,856 [c88c3db0-6d18-4a8e-bc96-216262cb4b87@group-E22CF1986947-LeaderElection32] INFO  server.RaftServerConfigKeys (ConfUtils.java:logGet(46)) - raft.server.log.appender.buffer.byte-limit = 33554432 (custom)
2023-08-25 11:37:55,856 [c88c3db0-6d18-4a8e-bc96-216262cb4b87@group-E22CF1986947-LeaderElection32] INFO  server.RaftServerConfigKeys (ConfUtils.java:logGet(46)) - raft.server.log.appender.buffer.element-limit = 1 (custom)
2023-08-25 11:37:55,856 [c88c3db0-6d18-4a8e-bc96-216262cb4b87@group-E22CF1986947-LeaderElection32] INFO  server.RaftServerConfigKeys (ConfUtils.java:logGet(46)) - raft.server.log.appender.wait-time.min = 10ms (default)
2023-08-25 11:37:55,856 [c88c3db0-6d18-4a8e-bc96-216262cb4b87@group-E22CF1986947-LeaderElection32] INFO  grpc.GrpcConfigKeys (ConfUtils.java:logGet(46)) - raft.grpc.server.leader.outstanding.appends.max = 128 (default)
2023-08-25 11:37:55,856 [c88c3db0-6d18-4a8e-bc96-216262cb4b87@group-E22CF1986947-LeaderElection32] INFO  server.RaftServerConfigKeys (ConfUtils.java:logGet(46)) - raft.server.rpc.request.timeout = 60s (custom)
2023-08-25 11:37:55,856 [c88c3db0-6d18-4a8e-bc96-216262cb4b87@group-E22CF1986947-LeaderElection32] INFO  grpc.GrpcConfigKeys (ConfUtils.java:logGet(46)) - raft.grpc.server.install_snapshot.request.element-limit = 8 (default)
2023-08-25 11:37:55,856 [c88c3db0-6d18-4a8e-bc96-216262cb4b87@group-E22CF1986947-LeaderElection32] INFO  grpc.GrpcConfigKeys (ConfUtils.java:logGet(46)) - raft.grpc.server.install_snapshot.request.timeout = 3000ms (default)
2023-08-25 11:37:55,856 [c88c3db0-6d18-4a8e-bc96-216262cb4b87@group-E22CF1986947-LeaderElection32] INFO  server.RaftServerConfigKeys (ConfUtils.java:logGet(46)) - raft.server.log.appender.install.snapshot.enabled = false (custom)
2023-08-25 11:37:55,856 [c88c3db0-6d18-4a8e-bc96-216262cb4b87@group-E22CF1986947-LeaderElection32] INFO  grpc.GrpcConfigKeys (ConfUtils.java:logGet(46)) - raft.grpc.server.heartbeat.channel = true (default)
2023-08-25 11:37:55,857 [c88c3db0-6d18-4a8e-bc96-216262cb4b87@group-E22CF1986947-LeaderElection32] INFO  server.RaftServerConfigKeys (ConfUtils.java:logGet(46)) - raft.server.log.appender.snapshot.chunk.size.max = 16MB (=16777216) (default)
2023-08-25 11:37:55,857 [c88c3db0-6d18-4a8e-bc96-216262cb4b87@group-E22CF1986947-LeaderElection32] INFO  server.RaftServerConfigKeys (ConfUtils.java:logGet(46)) - raft.server.log.appender.buffer.byte-limit = 33554432 (custom)
2023-08-25 11:37:55,857 [c88c3db0-6d18-4a8e-bc96-216262cb4b87@group-E22CF1986947-LeaderElection32] INFO  server.RaftServerConfigKeys (ConfUtils.java:logGet(46)) - raft.server.log.appender.buffer.element-limit = 1 (custom)
2023-08-25 11:37:55,857 [c88c3db0-6d18-4a8e-bc96-216262cb4b87@group-E22CF1986947-LeaderElection32] INFO  server.RaftServerConfigKeys (ConfUtils.java:logGet(46)) - raft.server.log.appender.wait-time.min = 10ms (default)
2023-08-25 11:37:55,857 [c88c3db0-6d18-4a8e-bc96-216262cb4b87@group-E22CF1986947-LeaderElection32] INFO  grpc.GrpcConfigKeys (ConfUtils.java:logGet(46)) - raft.grpc.server.leader.outstanding.appends.max = 128 (default)
2023-08-25 11:37:55,857 [c88c3db0-6d18-4a8e-bc96-216262cb4b87@group-E22CF1986947-LeaderElection32] INFO  server.RaftServerConfigKeys (ConfUtils.java:logGet(46)) - raft.server.rpc.request.timeout = 60s (custom)
2023-08-25 11:37:55,857 [c88c3db0-6d18-4a8e-bc96-216262cb4b87@group-E22CF1986947-LeaderElection32] INFO  grpc.GrpcConfigKeys (ConfUtils.java:logGet(46)) - raft.grpc.server.install_snapshot.request.element-limit = 8 (default)
2023-08-25 11:37:55,857 [c88c3db0-6d18-4a8e-bc96-216262cb4b87@group-E22CF1986947-LeaderElection32] INFO  grpc.GrpcConfigKeys (ConfUtils.java:logGet(46)) - raft.grpc.server.install_snapshot.request.timeout = 3000ms (default)
2023-08-25 11:37:55,858 [c88c3db0-6d18-4a8e-bc96-216262cb4b87@group-E22CF1986947-LeaderElection32] INFO  server.RaftServerConfigKeys (ConfUtils.java:logGet(46)) - raft.server.log.appender.install.snapshot.enabled = false (custom)
2023-08-25 11:37:55,858 [c88c3db0-6d18-4a8e-bc96-216262cb4b87@group-E22CF1986947-LeaderElection32] INFO  grpc.GrpcConfigKeys (ConfUtils.java:logGet(46)) - raft.grpc.server.heartbeat.channel = true (default)
2023-08-25 11:37:55,858 [c88c3db0-6d18-4a8e-bc96-216262cb4b87@group-E22CF1986947-LeaderElection32] INFO  impl.RoleInfo (RoleInfo.java:updateAndGet(139)) - c88c3db0-6d18-4a8e-bc96-216262cb4b87: start c88c3db0-6d18-4a8e-bc96-216262cb4b87@group-E22CF1986947-LeaderStateImpl
2023-08-25 11:37:55,858 [c88c3db0-6d18-4a8e-bc96-216262cb4b87@group-E22CF1986947-LeaderElection32] INFO  segmented.SegmentedRaftLogWorker (SegmentedRaftLogWorker.java:startLogSegment(447)) - c88c3db0-6d18-4a8e-bc96-216262cb4b87@group-E22CF1986947-SegmentedRaftLogWorker: Starting segment from index:0
2023-08-25 11:37:55,860 [c88c3db0-6d18-4a8e-bc96-216262cb4b87@group-E22CF1986947-SegmentedRaftLogWorker] INFO  segmented.SegmentedRaftLogWorker (SegmentedRaftLogWorker.java:execute(651)) - c88c3db0-6d18-4a8e-bc96-216262cb4b87@group-E22CF1986947-SegmentedRaftLogWorker: created new log segment /home/runner/work/ozone/ozone/hadoop-ozone/integration-test/target/test-dir/MiniOzoneClusterImpl-e63a8ec6-da9e-4c95-a9d5-015e34518cdf/datanode-1/data/ratis/5c2102be-7156-46ef-b194-e22cf1986947/current/log_inprogress_0
2023-08-25 11:37:55,860 [40eb42f8-08cb-4edc-9c90-450b1ff1d9e5@group-14A24C3C79BE-FollowerState] INFO  impl.FollowerState (FollowerState.java:run(143)) - 40eb42f8-08cb-4edc-9c90-450b1ff1d9e5@group-14A24C3C79BE-FollowerState: change to CANDIDATE, lastRpcElapsedTime:5099948565ns, electionTimeout:5098ms
2023-08-25 11:37:55,866 [c88c3db0-6d18-4a8e-bc96-216262cb4b87@group-E22CF1986947-LeaderElection32] INFO  server.RaftServer$Division (ServerState.java:setRaftConf(434)) - c88c3db0-6d18-4a8e-bc96-216262cb4b87@group-E22CF1986947: set configuration 0: peers:[f8b5371a-a27d-49bd-9775-6107617962eb|rpc:10.1.0.52:15191|admin:10.1.0.52:15190|client:10.1.0.52:15189|dataStream:10.1.0.52:15192|priority:0|startupRole:FOLLOWER, 40eb42f8-08cb-4edc-9c90-450b1ff1d9e5|rpc:10.1.0.52:15173|admin:10.1.0.52:15172|client:10.1.0.52:15171|dataStream:10.1.0.52:15174|priority:0|startupRole:FOLLOWER, c88c3db0-6d18-4a8e-bc96-216262cb4b87|rpc:10.1.0.52:15182|admin:10.1.0.52:15181|client:10.1.0.52:15180|dataStream:10.1.0.52:15183|priority:1|startupRole:FOLLOWER]|listeners:[], old=null
2023-08-25 11:37:55,867 [EventQueue-PipelineReportForPipelineReportHandler] INFO  pipeline.PipelineReportHandler (PipelineReportHandler.java:processPipelineReport(136)) - Opened pipeline PipelineID=5c2102be-7156-46ef-b194-e22cf1986947
2023-08-25 11:37:55,867 [EventQueue-OpenPipelineForHealthyPipelineSafeModeRule] INFO  safemode.SCMSafeModeManager (HealthyPipelineSafeModeRule.java:process(137)) - SCM in safe mode. Healthy pipelines reported count is 1, required healthy pipeline reported count is 1
2023-08-25 11:37:55,867 [EventQueue-OpenPipelineForHealthyPipelineSafeModeRule] INFO  safemode.SCMSafeModeManager (SCMSafeModeManager.java:validateSafeModeExitRules(200)) - HealthyPipelineSafeModeRule rule is successfully validated
2023-08-25 11:37:55,867 [EventQueue-OpenPipelineForHealthyPipelineSafeModeRule] INFO  safemode.SCMSafeModeManager (SCMSafeModeManager.java:validateSafeModeExitRules(215)) - ScmSafeModeManager, all rules are successfully validated
2023-08-25 11:37:55,867 [EventQueue-OpenPipelineForHealthyPipelineSafeModeRule] INFO  safemode.SCMSafeModeManager (SCMSafeModeManager.java:exitSafeMode(244)) - SCM exiting safe mode.
2023-08-25 11:37:55,867 [EventQueue-OpenPipelineForHealthyPipelineSafeModeRule] INFO  ha.SCMContext (SCMContext.java:updateSafeModeStatus(228)) - Update SafeModeStatus from SafeModeStatus{safeModeStatus=true, preCheckPassed=true} to SafeModeStatus{safeModeStatus=false, preCheckPassed=true}.
2023-08-25 11:37:55,867 [EventQueue-OpenPipelineForHealthyPipelineSafeModeRule] INFO  pipeline.BackgroundPipelineCreator (BackgroundPipelineCreator.java:notifyStatusChanged(255)) - Service BackgroundPipelineCreator transitions to RUNNING.
2023-08-25 11:37:55,867 [EventQueue-OpenPipelineForHealthyPipelineSafeModeRule] INFO  BackgroundPipelineScrubber (BackgroundSCMService.java:notifyStatusChanged(82)) - Service BackgroundPipelineScrubber transitions to RUNNING.
2023-08-25 11:37:55,867 [EventQueue-OpenPipelineForHealthyPipelineSafeModeRule] INFO  ExpiredContainerReplicaOpScrubber (BackgroundSCMService.java:notifyStatusChanged(82)) - Service ExpiredContainerReplicaOpScrubber transitions to RUNNING.
2023-08-25 11:37:55,867 [EventQueue-OpenPipelineForHealthyPipelineSafeModeRule] INFO  replication.ReplicationManager (ReplicationManager.java:notifyStatusChanged(1370)) - Service ReplicationManager transitions to RUNNING.
2023-08-25 11:37:55,868 [EventQueue-OpenPipelineForHealthyPipelineSafeModeRule] WARN  balancer.ContainerBalancer (ContainerBalancer.java:shouldRun(134)) - Could not find persisted configuration for ContainerBalancer when checking if ContainerBalancer should run. ContainerBalancer should not run now.
2023-08-25 11:37:55,871 [40eb42f8-08cb-4edc-9c90-450b1ff1d9e5@group-14A24C3C79BE-FollowerState] INFO  impl.RoleInfo (RoleInfo.java:shutdownFollowerState(110)) - 40eb42f8-08cb-4edc-9c90-450b1ff1d9e5: shutdown 40eb42f8-08cb-4edc-9c90-450b1ff1d9e5@group-14A24C3C79BE-FollowerState
2023-08-25 11:37:55,871 [40eb42f8-08cb-4edc-9c90-450b1ff1d9e5@group-14A24C3C79BE-FollowerState] INFO  server.RaftServer$Division (RaftServerImpl.java:setRole(329)) - 40eb42f8-08cb-4edc-9c90-450b1ff1d9e5@group-14A24C3C79BE: changes role from  FOLLOWER to CANDIDATE at term 0 for changeToCandidate
2023-08-25 11:37:55,871 [40eb42f8-08cb-4edc-9c90-450b1ff1d9e5@group-14A24C3C79BE-FollowerState] INFO  server.RaftServerConfigKeys (ConfUtils.java:logGet(46)) - raft.server.leaderelection.pre-vote = true (default)
2023-08-25 11:37:55,871 [40eb42f8-08cb-4edc-9c90-450b1ff1d9e5@group-14A24C3C79BE-FollowerState] INFO  impl.RoleInfo (RoleInfo.java:updateAndGet(139)) - 40eb42f8-08cb-4edc-9c90-450b1ff1d9e5: start 40eb42f8-08cb-4edc-9c90-450b1ff1d9e5@group-14A24C3C79BE-LeaderElection33
2023-08-25 11:37:55,879 [f8b5371a-a27d-49bd-9775-6107617962eb-server-thread1] INFO  ratis.XceiverServerRatis (XceiverServerRatis.java:handleLeaderChangedNotification(902)) - Leader change notification received for group: group-E22CF1986947 with new leaderId: c88c3db0-6d18-4a8e-bc96-216262cb4b87
2023-08-25 11:37:55,880 [f8b5371a-a27d-49bd-9775-6107617962eb-server-thread1] INFO  server.RaftServer$Division (ServerState.java:setLeader(317)) - f8b5371a-a27d-49bd-9775-6107617962eb@group-E22CF1986947: change Leader from null to c88c3db0-6d18-4a8e-bc96-216262cb4b87 at term 1 for appendEntries, leader elected after 5179ms
2023-08-25 11:37:55,882 [40eb42f8-08cb-4edc-9c90-450b1ff1d9e5@group-14A24C3C79BE-LeaderElection33] INFO  impl.LeaderElection (LeaderElection.java:askForVotes(321)) - 40eb42f8-08cb-4edc-9c90-450b1ff1d9e5@group-14A24C3C79BE-LeaderElection33 PRE_VOTE round 0: submit vote requests at term 0 for -1: peers:[f8b5371a-a27d-49bd-9775-6107617962eb|rpc:10.1.0.52:15191|admin:10.1.0.52:15190|client:10.1.0.52:15189|dataStream:10.1.0.52:15192|priority:0|startupRole:FOLLOWER, 40eb42f8-08cb-4edc-9c90-450b1ff1d9e5|rpc:10.1.0.52:15173|admin:10.1.0.52:15172|client:10.1.0.52:15171|dataStream:10.1.0.52:15174|priority:1|startupRole:FOLLOWER, c88c3db0-6d18-4a8e-bc96-216262cb4b87|rpc:10.1.0.52:15182|admin:10.1.0.52:15181|client:10.1.0.52:15180|dataStream:10.1.0.52:15183|priority:0|startupRole:FOLLOWER]|listeners:[], old=null
2023-08-25 11:37:55,884 [f8b5371a-a27d-49bd-9775-6107617962eb-server-thread3] INFO  server.RaftServer$Division (ServerState.java:setRaftConf(434)) - f8b5371a-a27d-49bd-9775-6107617962eb@group-E22CF1986947: set configuration 0: peers:[f8b5371a-a27d-49bd-9775-6107617962eb|rpc:10.1.0.52:15191|admin:10.1.0.52:15190|client:10.1.0.52:15189|dataStream:10.1.0.52:15192|priority:0|startupRole:FOLLOWER, 40eb42f8-08cb-4edc-9c90-450b1ff1d9e5|rpc:10.1.0.52:15173|admin:10.1.0.52:15172|client:10.1.0.52:15171|dataStream:10.1.0.52:15174|priority:0|startupRole:FOLLOWER, c88c3db0-6d18-4a8e-bc96-216262cb4b87|rpc:10.1.0.52:15182|admin:10.1.0.52:15181|client:10.1.0.52:15180|dataStream:10.1.0.52:15183|priority:1|startupRole:FOLLOWER]|listeners:[], old=null
2023-08-25 11:37:55,884 [f8b5371a-a27d-49bd-9775-6107617962eb-server-thread3] INFO  segmented.SegmentedRaftLogWorker (SegmentedRaftLogWorker.java:startLogSegment(447)) - f8b5371a-a27d-49bd-9775-6107617962eb@group-E22CF1986947-SegmentedRaftLogWorker: Starting segment from index:0
2023-08-25 11:37:55,897 [40eb42f8-08cb-4edc-9c90-450b1ff1d9e5@group-14A24C3C79BE-LeaderElection33] INFO  server.RaftServerConfigKeys (ConfUtils.java:logFallback(53)) - raft.server.rpc.first-election.timeout.min = 5s (fallback to raft.server.rpc.timeout.min)
2023-08-25 11:37:55,897 [40eb42f8-08cb-4edc-9c90-450b1ff1d9e5@group-14A24C3C79BE-LeaderElection33] INFO  server.RaftServerConfigKeys (ConfUtils.java:logFallback(53)) - raft.server.rpc.first-election.timeout.max = 5200ms (fallback to raft.server.rpc.timeout.max)
2023-08-25 11:37:55,915 [grpc-default-executor-5] INFO  server.RaftServer$Division (RaftServerImpl.java:requestVote(1302)) - f8b5371a-a27d-49bd-9775-6107617962eb@group-14A24C3C79BE: receive requestVote(PRE_VOTE, 40eb42f8-08cb-4edc-9c90-450b1ff1d9e5, group-14A24C3C79BE, 0, (t:0, i:0))
2023-08-25 11:37:55,915 [grpc-default-executor-5] INFO  impl.VoteContext (VoteContext.java:log(49)) - f8b5371a-a27d-49bd-9775-6107617962eb@group-14A24C3C79BE-FOLLOWER: accept PRE_VOTE from 40eb42f8-08cb-4edc-9c90-450b1ff1d9e5: our priority 0 <= candidate's priority 1
2023-08-25 11:37:55,916 [grpc-default-executor-5] INFO  server.RaftServer$Division (RaftServerImpl.java:requestVote(1335)) - f8b5371a-a27d-49bd-9775-6107617962eb@group-14A24C3C79BE replies to PRE_VOTE vote request: 40eb42f8-08cb-4edc-9c90-450b1ff1d9e5<-f8b5371a-a27d-49bd-9775-6107617962eb#0:OK-t0. Peer's state: f8b5371a-a27d-49bd-9775-6107617962eb@group-14A24C3C79BE:t0, leader=null, voted=, raftlog=Memoized:f8b5371a-a27d-49bd-9775-6107617962eb@group-14A24C3C79BE-SegmentedRaftLog:OPENED:c-1, conf=-1: peers:[f8b5371a-a27d-49bd-9775-6107617962eb|rpc:10.1.0.52:15191|admin:10.1.0.52:15190|client:10.1.0.52:15189|dataStream:10.1.0.52:15192|priority:0|startupRole:FOLLOWER, 40eb42f8-08cb-4edc-9c90-450b1ff1d9e5|rpc:10.1.0.52:15173|admin:10.1.0.52:15172|client:10.1.0.52:15171|dataStream:10.1.0.52:15174|priority:1|startupRole:FOLLOWER, c88c3db0-6d18-4a8e-bc96-216262cb4b87|rpc:10.1.0.52:15182|admin:10.1.0.52:15181|client:10.1.0.52:15180|dataStream:10.1.0.52:15183|priority:0|startupRole:FOLLOWER]|listeners:[], old=null
2023-08-25 11:37:55,916 [40eb42f8-08cb-4edc-9c90-450b1ff1d9e5-server-thread1] INFO  ratis.XceiverServerRatis (XceiverServerRatis.java:handleLeaderChangedNotification(902)) - Leader change notification received for group: group-E22CF1986947 with new leaderId: c88c3db0-6d18-4a8e-bc96-216262cb4b87
2023-08-25 11:37:55,916 [40eb42f8-08cb-4edc-9c90-450b1ff1d9e5-server-thread1] INFO  server.RaftServer$Division (ServerState.java:setLeader(317)) - 40eb42f8-08cb-4edc-9c90-450b1ff1d9e5@group-E22CF1986947: change Leader from null to c88c3db0-6d18-4a8e-bc96-216262cb4b87 at term 1 for appendEntries, leader elected after 5335ms
2023-08-25 11:37:55,919 [f8b5371a-a27d-49bd-9775-6107617962eb@group-E22CF1986947-SegmentedRaftLogWorker] INFO  segmented.SegmentedRaftLogWorker (SegmentedRaftLogWorker.java:execute(651)) - f8b5371a-a27d-49bd-9775-6107617962eb@group-E22CF1986947-SegmentedRaftLogWorker: created new log segment /home/runner/work/ozone/ozone/hadoop-ozone/integration-test/target/test-dir/MiniOzoneClusterImpl-e63a8ec6-da9e-4c95-a9d5-015e34518cdf/datanode-2/data/ratis/5c2102be-7156-46ef-b194-e22cf1986947/current/log_inprogress_0
2023-08-25 11:37:55,922 [40eb42f8-08cb-4edc-9c90-450b1ff1d9e5@group-14A24C3C79BE-LeaderElection33] INFO  impl.LeaderElection (LeaderElection.java:logAndReturn(90)) - 40eb42f8-08cb-4edc-9c90-450b1ff1d9e5@group-14A24C3C79BE-LeaderElection33: PRE_VOTE PASSED received 1 response(s) and 0 exception(s):
2023-08-25 11:37:55,922 [40eb42f8-08cb-4edc-9c90-450b1ff1d9e5@group-14A24C3C79BE-LeaderElection33] INFO  impl.LeaderElection (LeaderElection.java:logAndReturn(94)) -   Response 0: 40eb42f8-08cb-4edc-9c90-450b1ff1d9e5<-f8b5371a-a27d-49bd-9775-6107617962eb#0:OK-t0
2023-08-25 11:37:55,922 [40eb42f8-08cb-4edc-9c90-450b1ff1d9e5@group-14A24C3C79BE-LeaderElection33] INFO  impl.LeaderElection (LeaderElection.java:askForVotes(323)) - 40eb42f8-08cb-4edc-9c90-450b1ff1d9e5@group-14A24C3C79BE-LeaderElection33 PRE_VOTE round 0: result PASSED
2023-08-25 11:37:55,925 [grpc-default-executor-3] INFO  server.RaftServer$Division (RaftServerImpl.java:requestVote(1302)) - c88c3db0-6d18-4a8e-bc96-216262cb4b87@group-14A24C3C79BE: receive requestVote(PRE_VOTE, 40eb42f8-08cb-4edc-9c90-450b1ff1d9e5, group-14A24C3C79BE, 0, (t:0, i:0))
2023-08-25 11:37:55,925 [grpc-default-executor-3] INFO  impl.VoteContext (VoteContext.java:log(49)) - c88c3db0-6d18-4a8e-bc96-216262cb4b87@group-14A24C3C79BE-FOLLOWER: accept PRE_VOTE from 40eb42f8-08cb-4edc-9c90-450b1ff1d9e5: our priority 0 <= candidate's priority 1
2023-08-25 11:37:55,925 [40eb42f8-08cb-4edc-9c90-450b1ff1d9e5@group-14A24C3C79BE-LeaderElection33] INFO  impl.LeaderElection (LeaderElection.java:askForVotes(321)) - 40eb42f8-08cb-4edc-9c90-450b1ff1d9e5@group-14A24C3C79BE-LeaderElection33 ELECTION round 0: submit vote requests at term 1 for -1: peers:[f8b5371a-a27d-49bd-9775-6107617962eb|rpc:10.1.0.52:15191|admin:10.1.0.52:15190|client:10.1.0.52:15189|dataStream:10.1.0.52:15192|priority:0|startupRole:FOLLOWER, 40eb42f8-08cb-4edc-9c90-450b1ff1d9e5|rpc:10.1.0.52:15173|admin:10.1.0.52:15172|client:10.1.0.52:15171|dataStream:10.1.0.52:15174|priority:1|startupRole:FOLLOWER, c88c3db0-6d18-4a8e-bc96-216262cb4b87|rpc:10.1.0.52:15182|admin:10.1.0.52:15181|client:10.1.0.52:15180|dataStream:10.1.0.52:15183|priority:0|startupRole:FOLLOWER]|listeners:[], old=null
2023-08-25 11:37:55,925 [grpc-default-executor-3] INFO  server.RaftServer$Division (RaftServerImpl.java:requestVote(1335)) - c88c3db0-6d18-4a8e-bc96-216262cb4b87@group-14A24C3C79BE replies to PRE_VOTE vote request: 40eb42f8-08cb-4edc-9c90-450b1ff1d9e5<-c88c3db0-6d18-4a8e-bc96-216262cb4b87#0:OK-t0. Peer's state: c88c3db0-6d18-4a8e-bc96-216262cb4b87@group-14A24C3C79BE:t0, leader=null, voted=, raftlog=Memoized:c88c3db0-6d18-4a8e-bc96-216262cb4b87@group-14A24C3C79BE-SegmentedRaftLog:OPENED:c-1, conf=-1: peers:[f8b5371a-a27d-49bd-9775-6107617962eb|rpc:10.1.0.52:15191|admin:10.1.0.52:15190|client:10.1.0.52:15189|dataStream:10.1.0.52:15192|priority:0|startupRole:FOLLOWER, 40eb42f8-08cb-4edc-9c90-450b1ff1d9e5|rpc:10.1.0.52:15173|admin:10.1.0.52:15172|client:10.1.0.52:15171|dataStream:10.1.0.52:15174|priority:1|startupRole:FOLLOWER, c88c3db0-6d18-4a8e-bc96-216262cb4b87|rpc:10.1.0.52:15182|admin:10.1.0.52:15181|client:10.1.0.52:15180|dataStream:10.1.0.52:15183|priority:0|startupRole:FOLLOWER]|listeners:[], old=null
2023-08-25 11:37:55,926 [40eb42f8-08cb-4edc-9c90-450b1ff1d9e5-server-thread2] INFO  server.RaftServer$Division (ServerState.java:setRaftConf(434)) - 40eb42f8-08cb-4edc-9c90-450b1ff1d9e5@group-E22CF1986947: set configuration 0: peers:[f8b5371a-a27d-49bd-9775-6107617962eb|rpc:10.1.0.52:15191|admin:10.1.0.52:15190|client:10.1.0.52:15189|dataStream:10.1.0.52:15192|priority:0|startupRole:FOLLOWER, 40eb42f8-08cb-4edc-9c90-450b1ff1d9e5|rpc:10.1.0.52:15173|admin:10.1.0.52:15172|client:10.1.0.52:15171|dataStream:10.1.0.52:15174|priority:0|startupRole:FOLLOWER, c88c3db0-6d18-4a8e-bc96-216262cb4b87|rpc:10.1.0.52:15182|admin:10.1.0.52:15181|client:10.1.0.52:15180|dataStream:10.1.0.52:15183|priority:1|startupRole:FOLLOWER]|listeners:[], old=null
2023-08-25 11:37:55,926 [40eb42f8-08cb-4edc-9c90-450b1ff1d9e5-server-thread2] INFO  segmented.SegmentedRaftLogWorker (SegmentedRaftLogWorker.java:startLogSegment(447)) - 40eb42f8-08cb-4edc-9c90-450b1ff1d9e5@group-E22CF1986947-SegmentedRaftLogWorker: Starting segment from index:0
2023-08-25 11:37:55,926 [40eb42f8-08cb-4edc-9c90-450b1ff1d9e5@group-14A24C3C79BE-LeaderElection33] INFO  server.RaftServerConfigKeys (ConfUtils.java:logFallback(53)) - raft.server.rpc.first-election.timeout.min = 5s (fallback to raft.server.rpc.timeout.min)
2023-08-25 11:37:55,926 [40eb42f8-08cb-4edc-9c90-450b1ff1d9e5@group-14A24C3C79BE-LeaderElection33] INFO  server.RaftServerConfigKeys (ConfUtils.java:logFallback(53)) - raft.server.rpc.first-election.timeout.max = 5200ms (fallback to raft.server.rpc.timeout.max)
2023-08-25 11:37:55,932 [40eb42f8-08cb-4edc-9c90-450b1ff1d9e5@group-E22CF1986947-SegmentedRaftLogWorker] INFO  segmented.SegmentedRaftLogWorker (SegmentedRaftLogWorker.java:execute(651)) - 40eb42f8-08cb-4edc-9c90-450b1ff1d9e5@group-E22CF1986947-SegmentedRaftLogWorker: created new log segment /home/runner/work/ozone/ozone/hadoop-ozone/integration-test/target/test-dir/MiniOzoneClusterImpl-e63a8ec6-da9e-4c95-a9d5-015e34518cdf/datanode-0/data/ratis/5c2102be-7156-46ef-b194-e22cf1986947/current/log_inprogress_0
2023-08-25 11:37:55,936 [grpc-default-executor-0] INFO  server.RaftServer$Division (RaftServerImpl.java:requestVote(1302)) - f8b5371a-a27d-49bd-9775-6107617962eb@group-14A24C3C79BE: receive requestVote(ELECTION, 40eb42f8-08cb-4edc-9c90-450b1ff1d9e5, group-14A24C3C79BE, 1, (t:0, i:0))
2023-08-25 11:37:55,936 [grpc-default-executor-5] INFO  server.RaftServer$Division (RaftServerImpl.java:requestVote(1302)) - c88c3db0-6d18-4a8e-bc96-216262cb4b87@group-14A24C3C79BE: receive requestVote(ELECTION, 40eb42f8-08cb-4edc-9c90-450b1ff1d9e5, group-14A24C3C79BE, 1, (t:0, i:0))
2023-08-25 11:37:55,938 [grpc-default-executor-0] INFO  impl.VoteContext (VoteContext.java:log(49)) - f8b5371a-a27d-49bd-9775-6107617962eb@group-14A24C3C79BE-FOLLOWER: accept ELECTION from 40eb42f8-08cb-4edc-9c90-450b1ff1d9e5: our priority 0 <= candidate's priority 1
2023-08-25 11:37:55,939 [grpc-default-executor-5] INFO  impl.VoteContext (VoteContext.java:log(49)) - c88c3db0-6d18-4a8e-bc96-216262cb4b87@group-14A24C3C79BE-FOLLOWER: accept ELECTION from 40eb42f8-08cb-4edc-9c90-450b1ff1d9e5: our priority 0 <= candidate's priority 1
2023-08-25 11:37:55,939 [grpc-default-executor-0] INFO  server.RaftServer$Division (RaftServerImpl.java:setRole(329)) - f8b5371a-a27d-49bd-9775-6107617962eb@group-14A24C3C79BE: changes role from  FOLLOWER to FOLLOWER at term 1 for candidate:40eb42f8-08cb-4edc-9c90-450b1ff1d9e5
2023-08-25 11:37:55,939 [grpc-default-executor-5] INFO  server.RaftServer$Division (RaftServerImpl.java:setRole(329)) - c88c3db0-6d18-4a8e-bc96-216262cb4b87@group-14A24C3C79BE: changes role from  FOLLOWER to FOLLOWER at term 1 for candidate:40eb42f8-08cb-4edc-9c90-450b1ff1d9e5
2023-08-25 11:37:55,939 [grpc-default-executor-5] INFO  impl.RoleInfo (RoleInfo.java:shutdownFollowerState(110)) - c88c3db0-6d18-4a8e-bc96-216262cb4b87: shutdown c88c3db0-6d18-4a8e-bc96-216262cb4b87@group-14A24C3C79BE-FollowerState
2023-08-25 11:37:55,939 [grpc-default-executor-0] INFO  impl.RoleInfo (RoleInfo.java:shutdownFollowerState(110)) - f8b5371a-a27d-49bd-9775-6107617962eb: shutdown f8b5371a-a27d-49bd-9775-6107617962eb@group-14A24C3C79BE-FollowerState
2023-08-25 11:37:55,939 [grpc-default-executor-5] INFO  impl.RoleInfo (RoleInfo.java:updateAndGet(139)) - c88c3db0-6d18-4a8e-bc96-216262cb4b87: start c88c3db0-6d18-4a8e-bc96-216262cb4b87@group-14A24C3C79BE-FollowerState
2023-08-25 11:37:55,939 [grpc-default-executor-0] INFO  impl.RoleInfo (RoleInfo.java:updateAndGet(139)) - f8b5371a-a27d-49bd-9775-6107617962eb: start f8b5371a-a27d-49bd-9775-6107617962eb@group-14A24C3C79BE-FollowerState
2023-08-25 11:37:55,940 [c88c3db0-6d18-4a8e-bc96-216262cb4b87@group-14A24C3C79BE-FollowerState] INFO  impl.FollowerState (FollowerState.java:run(152)) - c88c3db0-6d18-4a8e-bc96-216262cb4b87@group-14A24C3C79BE-FollowerState was interrupted
2023-08-25 11:37:55,940 [f8b5371a-a27d-49bd-9775-6107617962eb@group-14A24C3C79BE-FollowerState] INFO  impl.FollowerState (FollowerState.java:run(152)) - f8b5371a-a27d-49bd-9775-6107617962eb@group-14A24C3C79BE-FollowerState was interrupted
2023-08-25 11:37:55,943 [grpc-default-executor-5] INFO  server.RaftServer$Division (RaftServerImpl.java:requestVote(1335)) - c88c3db0-6d18-4a8e-bc96-216262cb4b87@group-14A24C3C79BE replies to ELECTION vote request: 40eb42f8-08cb-4edc-9c90-450b1ff1d9e5<-c88c3db0-6d18-4a8e-bc96-216262cb4b87#0:OK-t1. Peer's state: c88c3db0-6d18-4a8e-bc96-216262cb4b87@group-14A24C3C79BE:t1, leader=null, voted=40eb42f8-08cb-4edc-9c90-450b1ff1d9e5, raftlog=Memoized:c88c3db0-6d18-4a8e-bc96-216262cb4b87@group-14A24C3C79BE-SegmentedRaftLog:OPENED:c-1, conf=-1: peers:[f8b5371a-a27d-49bd-9775-6107617962eb|rpc:10.1.0.52:15191|admin:10.1.0.52:15190|client:10.1.0.52:15189|dataStream:10.1.0.52:15192|priority:0|startupRole:FOLLOWER, 40eb42f8-08cb-4edc-9c90-450b1ff1d9e5|rpc:10.1.0.52:15173|admin:10.1.0.52:15172|client:10.1.0.52:15171|dataStream:10.1.0.52:15174|priority:1|startupRole:FOLLOWER, c88c3db0-6d18-4a8e-bc96-216262cb4b87|rpc:10.1.0.52:15182|admin:10.1.0.52:15181|client:10.1.0.52:15180|dataStream:10.1.0.52:15183|priority:0|startupRole:FOLLOWER]|listeners:[], old=null
2023-08-25 11:37:55,944 [40eb42f8-08cb-4edc-9c90-450b1ff1d9e5@group-14A24C3C79BE-LeaderElection33] INFO  impl.LeaderElection (LeaderElection.java:logAndReturn(90)) - 40eb42f8-08cb-4edc-9c90-450b1ff1d9e5@group-14A24C3C79BE-LeaderElection33: ELECTION PASSED received 1 response(s) and 0 exception(s):
2023-08-25 11:37:55,944 [40eb42f8-08cb-4edc-9c90-450b1ff1d9e5@group-14A24C3C79BE-LeaderElection33] INFO  impl.LeaderElection (LeaderElection.java:logAndReturn(94)) -   Response 0: 40eb42f8-08cb-4edc-9c90-450b1ff1d9e5<-c88c3db0-6d18-4a8e-bc96-216262cb4b87#0:OK-t1
2023-08-25 11:37:55,944 [40eb42f8-08cb-4edc-9c90-450b1ff1d9e5@group-14A24C3C79BE-LeaderElection33] INFO  impl.LeaderElection (LeaderElection.java:askForVotes(323)) - 40eb42f8-08cb-4edc-9c90-450b1ff1d9e5@group-14A24C3C79BE-LeaderElection33 ELECTION round 0: result PASSED
2023-08-25 11:37:55,944 [40eb42f8-08cb-4edc-9c90-450b1ff1d9e5@group-14A24C3C79BE-LeaderElection33] INFO  impl.RoleInfo (RoleInfo.java:shutdownLeaderElection(130)) - 40eb42f8-08cb-4edc-9c90-450b1ff1d9e5: shutdown 40eb42f8-08cb-4edc-9c90-450b1ff1d9e5@group-14A24C3C79BE-LeaderElection33
2023-08-25 11:37:55,944 [40eb42f8-08cb-4edc-9c90-450b1ff1d9e5@group-14A24C3C79BE-LeaderElection33] INFO  server.RaftServer$Division (RaftServerImpl.java:setRole(329)) - 40eb42f8-08cb-4edc-9c90-450b1ff1d9e5@group-14A24C3C79BE: changes role from CANDIDATE to LEADER at term 1 for changeToLeader
2023-08-25 11:37:55,943 [grpc-default-executor-0] INFO  server.RaftServer$Division (RaftServerImpl.java:requestVote(1335)) - f8b5371a-a27d-49bd-9775-6107617962eb@group-14A24C3C79BE replies to ELECTION vote request: 40eb42f8-08cb-4edc-9c90-450b1ff1d9e5<-f8b5371a-a27d-49bd-9775-6107617962eb#0:OK-t1. Peer's state: f8b5371a-a27d-49bd-9775-6107617962eb@group-14A24C3C79BE:t1, leader=null, voted=40eb42f8-08cb-4edc-9c90-450b1ff1d9e5, raftlog=Memoized:f8b5371a-a27d-49bd-9775-6107617962eb@group-14A24C3C79BE-SegmentedRaftLog:OPENED:c-1, conf=-1: peers:[f8b5371a-a27d-49bd-9775-6107617962eb|rpc:10.1.0.52:15191|admin:10.1.0.52:15190|client:10.1.0.52:15189|dataStream:10.1.0.52:15192|priority:0|startupRole:FOLLOWER, 40eb42f8-08cb-4edc-9c90-450b1ff1d9e5|rpc:10.1.0.52:15173|admin:10.1.0.52:15172|client:10.1.0.52:15171|dataStream:10.1.0.52:15174|priority:1|startupRole:FOLLOWER, c88c3db0-6d18-4a8e-bc96-216262cb4b87|rpc:10.1.0.52:15182|admin:10.1.0.52:15181|client:10.1.0.52:15180|dataStream:10.1.0.52:15183|priority:0|startupRole:FOLLOWER]|listeners:[], old=null
2023-08-25 11:37:55,944 [40eb42f8-08cb-4edc-9c90-450b1ff1d9e5@group-14A24C3C79BE-LeaderElection33] INFO  ratis.XceiverServerRatis (XceiverServerRatis.java:handleLeaderChangedNotification(902)) - Leader change notification received for group: group-14A24C3C79BE with new leaderId: 40eb42f8-08cb-4edc-9c90-450b1ff1d9e5
2023-08-25 11:37:55,945 [40eb42f8-08cb-4edc-9c90-450b1ff1d9e5@group-14A24C3C79BE-LeaderElection33] INFO  server.RaftServer$Division (ServerState.java:setLeader(317)) - 40eb42f8-08cb-4edc-9c90-450b1ff1d9e5@group-14A24C3C79BE: change Leader from null to 40eb42f8-08cb-4edc-9c90-450b1ff1d9e5 at term 1 for becomeLeader, leader elected after 5202ms
2023-08-25 11:37:55,945 [40eb42f8-08cb-4edc-9c90-450b1ff1d9e5@group-14A24C3C79BE-LeaderElection33] INFO  server.RaftServerConfigKeys (ConfUtils.java:logGet(46)) - raft.server.staging.catchup.gap = 1000 (default)
2023-08-25 11:37:55,946 [40eb42f8-08cb-4edc-9c90-450b1ff1d9e5@group-14A24C3C79BE-LeaderElection33] INFO  server.RaftServerConfigKeys (ConfUtils.java:logGet(46)) - raft.server.write.element-limit = 1024 (custom)
2023-08-25 11:37:55,946 [40eb42f8-08cb-4edc-9c90-450b1ff1d9e5@group-14A24C3C79BE-LeaderElection33] INFO  server.RaftServerConfigKeys (ConfUtils.java:logGet(46)) - raft.server.write.byte-limit = 1024 M (=1073741824) (custom)
2023-08-25 11:37:55,947 [40eb42f8-08cb-4edc-9c90-450b1ff1d9e5@group-14A24C3C79BE-LeaderElection33] INFO  server.RaftServerConfigKeys (ConfUtils.java:logGet(46)) - raft.server.watch.timeout = 180s (custom)
2023-08-25 11:37:55,947 [40eb42f8-08cb-4edc-9c90-450b1ff1d9e5@group-14A24C3C79BE-LeaderElection33] INFO  server.RaftServerConfigKeys (ConfUtils.java:logGet(46)) - raft.server.watch.timeout.denomination = 1s (default)
2023-08-25 11:37:55,947 [40eb42f8-08cb-4edc-9c90-450b1ff1d9e5@group-14A24C3C79BE-LeaderElection33] INFO  server.RaftServerConfigKeys (ConfUtils.java:logGet(46)) - raft.server.watch.element-limit = 65536 (default)
2023-08-25 11:37:55,947 [40eb42f8-08cb-4edc-9c90-450b1ff1d9e5@group-14A24C3C79BE-LeaderElection33] INFO  server.RaftServerConfigKeys (ConfUtils.java:logGet(46)) - raft.server.write.element-limit = 1024 (custom)
2023-08-25 11:37:55,947 [40eb42f8-08cb-4edc-9c90-450b1ff1d9e5@group-14A24C3C79BE-LeaderElection33] INFO  server.RaftServerConfigKeys (ConfUtils.java:logGet(46)) - raft.server.write.follower.gap.ratio.max = -1.0 (default)
2023-08-25 11:37:55,948 [40eb42f8-08cb-4edc-9c90-450b1ff1d9e5@group-14A24C3C79BE-LeaderElection33] INFO  server.RaftServerConfigKeys (ConfUtils.java:logGet(46)) - raft.server.log.appender.snapshot.chunk.size.max = 16MB (=16777216) (default)
2023-08-25 11:37:55,948 [40eb42f8-08cb-4edc-9c90-450b1ff1d9e5@group-14A24C3C79BE-LeaderElection33] INFO  server.RaftServerConfigKeys (ConfUtils.java:logGet(46)) - raft.server.log.appender.buffer.byte-limit = 33554432 (custom)
2023-08-25 11:37:55,948 [40eb42f8-08cb-4edc-9c90-450b1ff1d9e5@group-14A24C3C79BE-LeaderElection33] INFO  server.RaftServerConfigKeys (ConfUtils.java:logGet(46)) - raft.server.log.appender.buffer.element-limit = 1 (custom)
2023-08-25 11:37:55,948 [40eb42f8-08cb-4edc-9c90-450b1ff1d9e5@group-14A24C3C79BE-LeaderElection33] INFO  server.RaftServerConfigKeys (ConfUtils.java:logGet(46)) - raft.server.log.appender.wait-time.min = 10ms (default)
2023-08-25 11:37:55,948 [40eb42f8-08cb-4edc-9c90-450b1ff1d9e5@group-14A24C3C79BE-LeaderElection33] INFO  grpc.GrpcConfigKeys (ConfUtils.java:logGet(46)) - raft.grpc.server.leader.outstanding.appends.max = 128 (default)
2023-08-25 11:37:55,949 [40eb42f8-08cb-4edc-9c90-450b1ff1d9e5@group-14A24C3C79BE-LeaderElection33] INFO  server.RaftServerConfigKeys (ConfUtils.java:logGet(46)) - raft.server.rpc.request.timeout = 60s (custom)
2023-08-25 11:37:55,949 [40eb42f8-08cb-4edc-9c90-450b1ff1d9e5@group-14A24C3C79BE-LeaderElection33] INFO  grpc.GrpcConfigKeys (ConfUtils.java:logGet(46)) - raft.grpc.server.install_snapshot.request.element-limit = 8 (default)
2023-08-25 11:37:55,949 [40eb42f8-08cb-4edc-9c90-450b1ff1d9e5@group-14A24C3C79BE-LeaderElection33] INFO  grpc.GrpcConfigKeys (ConfUtils.java:logGet(46)) - raft.grpc.server.install_snapshot.request.timeout = 3000ms (default)
2023-08-25 11:37:55,949 [40eb42f8-08cb-4edc-9c90-450b1ff1d9e5@group-14A24C3C79BE-LeaderElection33] INFO  server.RaftServerConfigKeys (ConfUtils.java:logGet(46)) - raft.server.log.appender.install.snapshot.enabled = false (custom)
2023-08-25 11:37:55,949 [40eb42f8-08cb-4edc-9c90-450b1ff1d9e5@group-14A24C3C79BE-LeaderElection33] INFO  grpc.GrpcConfigKeys (ConfUtils.java:logGet(46)) - raft.grpc.server.heartbeat.channel = true (default)
2023-08-25 11:37:55,950 [EventQueue-PipelineReportForPipelineReportHandler] INFO  pipeline.PipelineReportHandler (PipelineReportHandler.java:processPipelineReport(136)) - Opened pipeline PipelineID=2431aa5b-ab2c-43c9-82eb-14a24c3c79be
2023-08-25 11:37:55,951 [40eb42f8-08cb-4edc-9c90-450b1ff1d9e5@group-14A24C3C79BE-LeaderElection33] INFO  server.RaftServerConfigKeys (ConfUtils.java:logGet(46)) - raft.server.log.appender.snapshot.chunk.size.max = 16MB (=16777216) (default)
2023-08-25 11:37:55,952 [40eb42f8-08cb-4edc-9c90-450b1ff1d9e5@group-14A24C3C79BE-LeaderElection33] INFO  server.RaftServerConfigKeys (ConfUtils.java:logGet(46)) - raft.server.log.appender.buffer.byte-limit = 33554432 (custom)
2023-08-25 11:37:55,952 [40eb42f8-08cb-4edc-9c90-450b1ff1d9e5@group-14A24C3C79BE-LeaderElection33] INFO  server.RaftServerConfigKeys (ConfUtils.java:logGet(46)) - raft.server.log.appender.buffer.element-limit = 1 (custom)
2023-08-25 11:37:55,952 [40eb42f8-08cb-4edc-9c90-450b1ff1d9e5@group-14A24C3C79BE-LeaderElection33] INFO  server.RaftServerConfigKeys (ConfUtils.java:logGet(46)) - raft.server.log.appender.wait-time.min = 10ms (default)
2023-08-25 11:37:55,952 [40eb42f8-08cb-4edc-9c90-450b1ff1d9e5@group-14A24C3C79BE-LeaderElection33] INFO  grpc.GrpcConfigKeys (ConfUtils.java:logGet(46)) - raft.grpc.server.leader.outstanding.appends.max = 128 (default)
2023-08-25 11:37:55,952 [40eb42f8-08cb-4edc-9c90-450b1ff1d9e5@group-14A24C3C79BE-LeaderElection33] INFO  server.RaftServerConfigKeys (ConfUtils.java:logGet(46)) - raft.server.rpc.request.timeout = 60s (custom)
2023-08-25 11:37:55,952 [40eb42f8-08cb-4edc-9c90-450b1ff1d9e5@group-14A24C3C79BE-LeaderElection33] INFO  grpc.GrpcConfigKeys (ConfUtils.java:logGet(46)) - raft.grpc.server.install_snapshot.request.element-limit = 8 (default)
2023-08-25 11:37:55,952 [40eb42f8-08cb-4edc-9c90-450b1ff1d9e5@group-14A24C3C79BE-LeaderElection33] INFO  grpc.GrpcConfigKeys (ConfUtils.java:logGet(46)) - raft.grpc.server.install_snapshot.request.timeout = 3000ms (default)
2023-08-25 11:37:55,952 [40eb42f8-08cb-4edc-9c90-450b1ff1d9e5@group-14A24C3C79BE-LeaderElection33] INFO  server.RaftServerConfigKeys (ConfUtils.java:logGet(46)) - raft.server.log.appender.install.snapshot.enabled = false (custom)
2023-08-25 11:37:55,952 [40eb42f8-08cb-4edc-9c90-450b1ff1d9e5@group-14A24C3C79BE-LeaderElection33] INFO  grpc.GrpcConfigKeys (ConfUtils.java:logGet(46)) - raft.grpc.server.heartbeat.channel = true (default)
2023-08-25 11:37:55,953 [40eb42f8-08cb-4edc-9c90-450b1ff1d9e5@group-14A24C3C79BE-LeaderElection33] INFO  impl.RoleInfo (RoleInfo.java:updateAndGet(139)) - 40eb42f8-08cb-4edc-9c90-450b1ff1d9e5: start 40eb42f8-08cb-4edc-9c90-450b1ff1d9e5@group-14A24C3C79BE-LeaderStateImpl
2023-08-25 11:37:55,953 [40eb42f8-08cb-4edc-9c90-450b1ff1d9e5@group-14A24C3C79BE-LeaderElection33] INFO  segmented.SegmentedRaftLogWorker (SegmentedRaftLogWorker.java:startLogSegment(447)) - 40eb42f8-08cb-4edc-9c90-450b1ff1d9e5@group-14A24C3C79BE-SegmentedRaftLogWorker: Starting segment from index:0
2023-08-25 11:37:55,958 [40eb42f8-08cb-4edc-9c90-450b1ff1d9e5@group-14A24C3C79BE-LeaderElection33] INFO  server.RaftServer$Division (ServerState.java:setRaftConf(434)) - 40eb42f8-08cb-4edc-9c90-450b1ff1d9e5@group-14A24C3C79BE: set configuration 0: peers:[f8b5371a-a27d-49bd-9775-6107617962eb|rpc:10.1.0.52:15191|admin:10.1.0.52:15190|client:10.1.0.52:15189|dataStream:10.1.0.52:15192|priority:0|startupRole:FOLLOWER, 40eb42f8-08cb-4edc-9c90-450b1ff1d9e5|rpc:10.1.0.52:15173|admin:10.1.0.52:15172|client:10.1.0.52:15171|dataStream:10.1.0.52:15174|priority:1|startupRole:FOLLOWER, c88c3db0-6d18-4a8e-bc96-216262cb4b87|rpc:10.1.0.52:15182|admin:10.1.0.52:15181|client:10.1.0.52:15180|dataStream:10.1.0.52:15183|priority:0|startupRole:FOLLOWER]|listeners:[], old=null
2023-08-25 11:37:55,959 [40eb42f8-08cb-4edc-9c90-450b1ff1d9e5@group-14A24C3C79BE-SegmentedRaftLogWorker] INFO  segmented.SegmentedRaftLogWorker (SegmentedRaftLogWorker.java:execute(651)) - 40eb42f8-08cb-4edc-9c90-450b1ff1d9e5@group-14A24C3C79BE-SegmentedRaftLogWorker: created new log segment /home/runner/work/ozone/ozone/hadoop-ozone/integration-test/target/test-dir/MiniOzoneClusterImpl-e63a8ec6-da9e-4c95-a9d5-015e34518cdf/datanode-0/data/ratis/2431aa5b-ab2c-43c9-82eb-14a24c3c79be/current/log_inprogress_0
2023-08-25 11:37:55,976 [f8b5371a-a27d-49bd-9775-6107617962eb-server-thread1] INFO  ratis.XceiverServerRatis (XceiverServerRatis.java:handleLeaderChangedNotification(902)) - Leader change notification received for group: group-14A24C3C79BE with new leaderId: 40eb42f8-08cb-4edc-9c90-450b1ff1d9e5
2023-08-25 11:37:55,976 [f8b5371a-a27d-49bd-9775-6107617962eb-server-thread1] INFO  server.RaftServer$Division (ServerState.java:setLeader(317)) - f8b5371a-a27d-49bd-9775-6107617962eb@group-14A24C3C79BE: change Leader from null to 40eb42f8-08cb-4edc-9c90-450b1ff1d9e5 at term 1 for appendEntries, leader elected after 5143ms
2023-08-25 11:37:55,978 [c88c3db0-6d18-4a8e-bc96-216262cb4b87-server-thread1] INFO  ratis.XceiverServerRatis (XceiverServerRatis.java:handleLeaderChangedNotification(902)) - Leader change notification received for group: group-14A24C3C79BE with new leaderId: 40eb42f8-08cb-4edc-9c90-450b1ff1d9e5
2023-08-25 11:37:55,978 [c88c3db0-6d18-4a8e-bc96-216262cb4b87-server-thread1] INFO  server.RaftServer$Division (ServerState.java:setLeader(317)) - c88c3db0-6d18-4a8e-bc96-216262cb4b87@group-14A24C3C79BE: change Leader from null to 40eb42f8-08cb-4edc-9c90-450b1ff1d9e5 at term 1 for appendEntries, leader elected after 5201ms
2023-08-25 11:37:55,981 [f8b5371a-a27d-49bd-9775-6107617962eb-server-thread3] INFO  server.RaftServer$Division (ServerState.java:setRaftConf(434)) - f8b5371a-a27d-49bd-9775-6107617962eb@group-14A24C3C79BE: set configuration 0: peers:[f8b5371a-a27d-49bd-9775-6107617962eb|rpc:10.1.0.52:15191|admin:10.1.0.52:15190|client:10.1.0.52:15189|dataStream:10.1.0.52:15192|priority:0|startupRole:FOLLOWER, 40eb42f8-08cb-4edc-9c90-450b1ff1d9e5|rpc:10.1.0.52:15173|admin:10.1.0.52:15172|client:10.1.0.52:15171|dataStream:10.1.0.52:15174|priority:1|startupRole:FOLLOWER, c88c3db0-6d18-4a8e-bc96-216262cb4b87|rpc:10.1.0.52:15182|admin:10.1.0.52:15181|client:10.1.0.52:15180|dataStream:10.1.0.52:15183|priority:0|startupRole:FOLLOWER]|listeners:[], old=null
2023-08-25 11:37:55,981 [c88c3db0-6d18-4a8e-bc96-216262cb4b87-server-thread1] INFO  server.RaftServer$Division (ServerState.java:setRaftConf(434)) - c88c3db0-6d18-4a8e-bc96-216262cb4b87@group-14A24C3C79BE: set configuration 0: peers:[f8b5371a-a27d-49bd-9775-6107617962eb|rpc:10.1.0.52:15191|admin:10.1.0.52:15190|client:10.1.0.52:15189|dataStream:10.1.0.52:15192|priority:0|startupRole:FOLLOWER, 40eb42f8-08cb-4edc-9c90-450b1ff1d9e5|rpc:10.1.0.52:15173|admin:10.1.0.52:15172|client:10.1.0.52:15171|dataStream:10.1.0.52:15174|priority:1|startupRole:FOLLOWER, c88c3db0-6d18-4a8e-bc96-216262cb4b87|rpc:10.1.0.52:15182|admin:10.1.0.52:15181|client:10.1.0.52:15180|dataStream:10.1.0.52:15183|priority:0|startupRole:FOLLOWER]|listeners:[], old=null
2023-08-25 11:37:55,981 [f8b5371a-a27d-49bd-9775-6107617962eb-server-thread3] INFO  segmented.SegmentedRaftLogWorker (SegmentedRaftLogWorker.java:startLogSegment(447)) - f8b5371a-a27d-49bd-9775-6107617962eb@group-14A24C3C79BE-SegmentedRaftLogWorker: Starting segment from index:0
2023-08-25 11:37:55,981 [c88c3db0-6d18-4a8e-bc96-216262cb4b87-server-thread1] INFO  segmented.SegmentedRaftLogWorker (SegmentedRaftLogWorker.java:startLogSegment(447)) - c88c3db0-6d18-4a8e-bc96-216262cb4b87@group-14A24C3C79BE-SegmentedRaftLogWorker: Starting segment from index:0
2023-08-25 11:37:55,983 [f8b5371a-a27d-49bd-9775-6107617962eb@group-14A24C3C79BE-SegmentedRaftLogWorker] INFO  segmented.SegmentedRaftLogWorker (SegmentedRaftLogWorker.java:execute(651)) - f8b5371a-a27d-49bd-9775-6107617962eb@group-14A24C3C79BE-SegmentedRaftLogWorker: created new log segment /home/runner/work/ozone/ozone/hadoop-ozone/integration-test/target/test-dir/MiniOzoneClusterImpl-e63a8ec6-da9e-4c95-a9d5-015e34518cdf/datanode-2/data/ratis/2431aa5b-ab2c-43c9-82eb-14a24c3c79be/current/log_inprogress_0
2023-08-25 11:37:55,984 [c88c3db0-6d18-4a8e-bc96-216262cb4b87@group-14A24C3C79BE-SegmentedRaftLogWorker] INFO  segmented.SegmentedRaftLogWorker (SegmentedRaftLogWorker.java:execute(651)) - c88c3db0-6d18-4a8e-bc96-216262cb4b87@group-14A24C3C79BE-SegmentedRaftLogWorker: created new log segment /home/runner/work/ozone/ozone/hadoop-ozone/integration-test/target/test-dir/MiniOzoneClusterImpl-e63a8ec6-da9e-4c95-a9d5-015e34518cdf/datanode-1/data/ratis/2431aa5b-ab2c-43c9-82eb-14a24c3c79be/current/log_inprogress_0
2023-08-25 11:37:56,155 [c88c3db0-6d18-4a8e-bc96-216262cb4b87@group-C4DBEF51DEAB-FollowerState] INFO  impl.FollowerState (FollowerState.java:run(143)) - c88c3db0-6d18-4a8e-bc96-216262cb4b87@group-C4DBEF51DEAB-FollowerState: change to CANDIDATE, lastRpcElapsedTime:5121249733ns, electionTimeout:5113ms
2023-08-25 11:37:56,156 [c88c3db0-6d18-4a8e-bc96-216262cb4b87@group-C4DBEF51DEAB-FollowerState] INFO  impl.RoleInfo (RoleInfo.java:shutdownFollowerState(110)) - c88c3db0-6d18-4a8e-bc96-216262cb4b87: shutdown c88c3db0-6d18-4a8e-bc96-216262cb4b87@group-C4DBEF51DEAB-FollowerState
2023-08-25 11:37:56,156 [c88c3db0-6d18-4a8e-bc96-216262cb4b87@group-C4DBEF51DEAB-FollowerState] INFO  server.RaftServer$Division (RaftServerImpl.java:setRole(329)) - c88c3db0-6d18-4a8e-bc96-216262cb4b87@group-C4DBEF51DEAB: changes role from  FOLLOWER to CANDIDATE at term 0 for changeToCandidate
2023-08-25 11:37:56,156 [c88c3db0-6d18-4a8e-bc96-216262cb4b87@group-C4DBEF51DEAB-FollowerState] INFO  server.RaftServerConfigKeys (ConfUtils.java:logGet(46)) - raft.server.leaderelection.pre-vote = true (default)
2023-08-25 11:37:56,156 [c88c3db0-6d18-4a8e-bc96-216262cb4b87@group-C4DBEF51DEAB-FollowerState] INFO  impl.RoleInfo (RoleInfo.java:updateAndGet(139)) - c88c3db0-6d18-4a8e-bc96-216262cb4b87: start c88c3db0-6d18-4a8e-bc96-216262cb4b87@group-C4DBEF51DEAB-LeaderElection34
2023-08-25 11:37:56,162 [main] INFO  ozone.MiniOzoneClusterImpl (MiniOzoneClusterImpl.java:lambda$waitForClusterToBeReady$0(224)) - Nodes are ready. Got 5 of 5 DN Heartbeats.
2023-08-25 11:37:56,162 [main] INFO  ozone.MiniOzoneClusterImpl (MiniOzoneClusterImpl.java:lambda$waitForClusterToBeReady$0(227)) - Cluster exits safe mode
2023-08-25 11:37:56,162 [main] INFO  ozone.MiniOzoneClusterImpl (MiniOzoneClusterImpl.java:lambda$waitForClusterToBeReady$0(229)) - SCM became leader
2023-08-25 11:37:56,165 [c88c3db0-6d18-4a8e-bc96-216262cb4b87@group-C4DBEF51DEAB-LeaderElection34] INFO  impl.LeaderElection (LeaderElection.java:askForVotes(321)) - c88c3db0-6d18-4a8e-bc96-216262cb4b87@group-C4DBEF51DEAB-LeaderElection34 PRE_VOTE round 0: submit vote requests at term 0 for -1: peers:[c88c3db0-6d18-4a8e-bc96-216262cb4b87|rpc:10.1.0.52:15182|admin:10.1.0.52:15181|client:10.1.0.52:15180|dataStream:10.1.0.52:15183|priority:1|startupRole:FOLLOWER]|listeners:[], old=null
2023-08-25 11:37:56,165 [c88c3db0-6d18-4a8e-bc96-216262cb4b87@group-C4DBEF51DEAB-LeaderElection34] INFO  impl.LeaderElection (LeaderElection.java:askForVotes(323)) - c88c3db0-6d18-4a8e-bc96-216262cb4b87@group-C4DBEF51DEAB-LeaderElection34 PRE_VOTE round 0: result PASSED (term=0)
2023-08-25 11:37:56,167 [c88c3db0-6d18-4a8e-bc96-216262cb4b87@group-C4DBEF51DEAB-LeaderElection34] INFO  impl.LeaderElection (LeaderElection.java:askForVotes(321)) - c88c3db0-6d18-4a8e-bc96-216262cb4b87@group-C4DBEF51DEAB-LeaderElection34 ELECTION round 0: submit vote requests at term 1 for -1: peers:[c88c3db0-6d18-4a8e-bc96-216262cb4b87|rpc:10.1.0.52:15182|admin:10.1.0.52:15181|client:10.1.0.52:15180|dataStream:10.1.0.52:15183|priority:1|startupRole:FOLLOWER]|listeners:[], old=null
2023-08-25 11:37:56,167 [c88c3db0-6d18-4a8e-bc96-216262cb4b87@group-C4DBEF51DEAB-LeaderElection34] INFO  impl.LeaderElection (LeaderElection.java:askForVotes(323)) - c88c3db0-6d18-4a8e-bc96-216262cb4b87@group-C4DBEF51DEAB-LeaderElection34 ELECTION round 0: result PASSED (term=1)
2023-08-25 11:37:56,167 [c88c3db0-6d18-4a8e-bc96-216262cb4b87@group-C4DBEF51DEAB-LeaderElection34] INFO  impl.RoleInfo (RoleInfo.java:shutdownLeaderElection(130)) - c88c3db0-6d18-4a8e-bc96-216262cb4b87: shutdown c88c3db0-6d18-4a8e-bc96-216262cb4b87@group-C4DBEF51DEAB-LeaderElection34
2023-08-25 11:37:56,167 [c88c3db0-6d18-4a8e-bc96-216262cb4b87@group-C4DBEF51DEAB-LeaderElection34] INFO  server.RaftServer$Division (RaftServerImpl.java:setRole(329)) - c88c3db0-6d18-4a8e-bc96-216262cb4b87@group-C4DBEF51DEAB: changes role from CANDIDATE to LEADER at term 1 for changeToLeader
2023-08-25 11:37:56,168 [c88c3db0-6d18-4a8e-bc96-216262cb4b87@group-C4DBEF51DEAB-LeaderElection34] INFO  ratis.XceiverServerRatis (XceiverServerRatis.java:handleLeaderChangedNotification(902)) - Leader change notification received for group: group-C4DBEF51DEAB with new leaderId: c88c3db0-6d18-4a8e-bc96-216262cb4b87
2023-08-25 11:37:56,168 [c88c3db0-6d18-4a8e-bc96-216262cb4b87@group-C4DBEF51DEAB-LeaderElection34] INFO  server.RaftServer$Division (ServerState.java:setLeader(317)) - c88c3db0-6d18-4a8e-bc96-216262cb4b87@group-C4DBEF51DEAB: change Leader from null to c88c3db0-6d18-4a8e-bc96-216262cb4b87 at term 1 for becomeLeader, leader elected after 5154ms
2023-08-25 11:37:56,168 [c88c3db0-6d18-4a8e-bc96-216262cb4b87@group-C4DBEF51DEAB-LeaderElection34] INFO  server.RaftServerConfigKeys (ConfUtils.java:logGet(46)) - raft.server.staging.catchup.gap = 1000 (default)
2023-08-25 11:37:56,168 [c88c3db0-6d18-4a8e-bc96-216262cb4b87@group-C4DBEF51DEAB-LeaderElection34] INFO  server.RaftServerConfigKeys (ConfUtils.java:logGet(46)) - raft.server.write.element-limit = 1024 (custom)
2023-08-25 11:37:56,169 [c88c3db0-6d18-4a8e-bc96-216262cb4b87@group-C4DBEF51DEAB-LeaderElection34] INFO  server.RaftServerConfigKeys (ConfUtils.java:logGet(46)) - raft.server.write.byte-limit = 1024 M (=1073741824) (custom)
2023-08-25 11:37:56,169 [c88c3db0-6d18-4a8e-bc96-216262cb4b87@group-C4DBEF51DEAB-LeaderElection34] INFO  server.RaftServerConfigKeys (ConfUtils.java:logGet(46)) - raft.server.watch.timeout = 180s (custom)
2023-08-25 11:37:56,169 [c88c3db0-6d18-4a8e-bc96-216262cb4b87@group-C4DBEF51DEAB-LeaderElection34] INFO  server.RaftServerConfigKeys (ConfUtils.java:logGet(46)) - raft.server.watch.timeout.denomination = 1s (default)
2023-08-25 11:37:56,169 [c88c3db0-6d18-4a8e-bc96-216262cb4b87@group-C4DBEF51DEAB-LeaderElection34] INFO  server.RaftServerConfigKeys (ConfUtils.java:logGet(46)) - raft.server.watch.element-limit = 65536 (default)
2023-08-25 11:37:56,178 [c88c3db0-6d18-4a8e-bc96-216262cb4b87@group-C4DBEF51DEAB-LeaderElection34] INFO  server.RaftServerConfigKeys (ConfUtils.java:logGet(46)) - raft.server.write.element-limit = 1024 (custom)
2023-08-25 11:37:56,179 [c88c3db0-6d18-4a8e-bc96-216262cb4b87@group-C4DBEF51DEAB-LeaderElection34] INFO  server.RaftServerConfigKeys (ConfUtils.java:logGet(46)) - raft.server.write.follower.gap.ratio.max = -1.0 (default)
2023-08-25 11:37:56,179 [c88c3db0-6d18-4a8e-bc96-216262cb4b87@group-C4DBEF51DEAB-LeaderElection34] INFO  impl.RoleInfo (RoleInfo.java:updateAndGet(139)) - c88c3db0-6d18-4a8e-bc96-216262cb4b87: start c88c3db0-6d18-4a8e-bc96-216262cb4b87@group-C4DBEF51DEAB-LeaderStateImpl
2023-08-25 11:37:56,179 [c88c3db0-6d18-4a8e-bc96-216262cb4b87@group-C4DBEF51DEAB-LeaderElection34] INFO  segmented.SegmentedRaftLogWorker (SegmentedRaftLogWorker.java:startLogSegment(447)) - c88c3db0-6d18-4a8e-bc96-216262cb4b87@group-C4DBEF51DEAB-SegmentedRaftLogWorker: Starting segment from index:0
2023-08-25 11:37:56,181 [c88c3db0-6d18-4a8e-bc96-216262cb4b87@group-C4DBEF51DEAB-SegmentedRaftLogWorker] INFO  segmented.SegmentedRaftLogWorker (SegmentedRaftLogWorker.java:execute(651)) - c88c3db0-6d18-4a8e-bc96-216262cb4b87@group-C4DBEF51DEAB-SegmentedRaftLogWorker: created new log segment /home/runner/work/ozone/ozone/hadoop-ozone/integration-test/target/test-dir/MiniOzoneClusterImpl-e63a8ec6-da9e-4c95-a9d5-015e34518cdf/datanode-1/data/ratis/4a596211-b6fa-4d5e-a831-c4dbef51deab/current/log_inprogress_0
2023-08-25 11:37:56,185 [c88c3db0-6d18-4a8e-bc96-216262cb4b87@group-C4DBEF51DEAB-LeaderElection34] INFO  server.RaftServer$Division (ServerState.java:setRaftConf(434)) - c88c3db0-6d18-4a8e-bc96-216262cb4b87@group-C4DBEF51DEAB: set configuration 0: peers:[c88c3db0-6d18-4a8e-bc96-216262cb4b87|rpc:10.1.0.52:15182|admin:10.1.0.52:15181|client:10.1.0.52:15180|dataStream:10.1.0.52:15183|priority:1|startupRole:FOLLOWER]|listeners:[], old=null
2023-08-25 11:37:56,209 [main] INFO  rpc.RpcClient (RpcClient.java:createVolume(461)) - Creating Volume: volume45503, with user24020 as owner and space quota set to -1 bytes, counts quota set to -1
2023-08-25 11:37:56,212 [IPC Server handler 15 on default port 15163] INFO  volume.OMVolumeCreateRequest (OMVolumeCreateRequest.java:validateAndUpdateCache(196)) - created volume:volume45503 for user:user24020
2023-08-25 11:37:56,228 [main] INFO  rpc.RpcClient (RpcClient.java:createBucket(688)) - Creating Bucket: volume45503/bucket29530, with bucket layout LEGACY, runner as owner, Versioning false, Storage Type set to DISK and Encryption set to false, Replication Type set to server-side default replication type, Namespace Quota set to -1, Space Quota set to -1 
2023-08-25 11:37:56,231 [IPC Server handler 17 on default port 15163] INFO  bucket.OMBucketCreateRequest (OMBucketCreateRequest.java:validateAndUpdateCache(270)) - created bucket: bucket29530 of layout LEGACY in volume: volume45503
]]></system-out>
  </testcase>
  <testcase name="testSeekOnFileLength" classname="TestOzoneFileSystem" time="1.119">
    <system-out><![CDATA[2023-08-25 11:32:57,508 [IPC Server handler 3 on default port 15001] INFO  ha.SequenceIdGenerator (SequenceIdGenerator.java:getNextId(140)) - Allocate a batch for containerId, change lastId from 0 to 1000.
2023-08-25 11:32:57,521 [IPC Server handler 3 on default port 15001] WARN  ha.SequenceIdGenerator (SequenceIdGenerator.java:allocateBatch(253)) - Failed to allocate a batch for localId, expected lastId is 0, actual lastId is 111677748019200000.
2023-08-25 11:32:57,521 [IPC Server handler 3 on default port 15001] INFO  ha.SequenceIdGenerator (SequenceIdGenerator.java:getNextId(140)) - Allocate a batch for localId, change lastId from 111677748019200000 to 111677748019201000.
2023-08-25 11:32:57,668 [Time-limited test] INFO  impl.MetricsSystemImpl (MetricsSystemImpl.java:init(158)) - XceiverClientMetrics metrics system started (again)
2023-08-25 11:32:57,669 [Time-limited test] INFO  lib.Interns (Interns.java:removeEldestEntry(50)) - Metrics intern cache overflow at 2011 for MetricsSystem={MetricsSystem=MetricsInfoImpl{name=MetricsSystem, description=MetricsSystem}, MetricsSystem record=MetricsInfoImpl{name=MetricsSystem, description=MetricsSystem record}}
2023-08-25 11:32:58,432 [IPC Server handler 3 on default port 15001] WARN  node.SCMNodeManager (SCMNodeManager.java:getNodesByAddress(1373)) - Cannot find node for address 127.0.0.1
11:32:58.483 [IPC Server handler 10 on default port 15004] ERROR OMAudit - user=runner | ip=127.0.0.1 | op=READ_KEY {volume=volume54121, bucket=bucket59518, key=file_notexist, dataSize=0, replicationConfig=null} | ret=FAILURE
org.apache.hadoop.ozone.om.exceptions.OMException: Key:file_notexist not found
	at org.apache.hadoop.ozone.om.KeyManagerImpl.readKeyInfo(KeyManagerImpl.java:427) ~[ozone-manager-1.4.0-SNAPSHOT.jar:?]
	at org.apache.hadoop.ozone.om.KeyManagerImpl.lambda$9(KeyManagerImpl.java:1931) ~[ozone-manager-1.4.0-SNAPSHOT.jar:?]
	at org.apache.hadoop.util.MetricUtil.captureLatencyNs(MetricUtil.java:39) ~[hdds-common-1.4.0-SNAPSHOT.jar:?]
	at org.apache.hadoop.ozone.om.KeyManagerImpl.getKeyInfo(KeyManagerImpl.java:1929) ~[ozone-manager-1.4.0-SNAPSHOT.jar:?]
	at org.apache.hadoop.ozone.om.OmMetadataReader.getKeyInfo(OmMetadataReader.java:185) ~[ozone-manager-1.4.0-SNAPSHOT.jar:?]
	at org.apache.hadoop.ozone.om.OzoneManager.getKeyInfo(OzoneManager.java:2810) ~[ozone-manager-1.4.0-SNAPSHOT.jar:?]
	at org.apache.hadoop.ozone.protocolPB.OzoneManagerRequestHandler.getKeyInfo(OzoneManagerRequestHandler.java:587) ~[ozone-manager-1.4.0-SNAPSHOT.jar:?]
	at org.apache.hadoop.ozone.protocolPB.OzoneManagerRequestHandler.handleReadRequest(OzoneManagerRequestHandler.java:306) ~[ozone-manager-1.4.0-SNAPSHOT.jar:?]
	at org.apache.hadoop.ozone.protocolPB.OzoneManagerProtocolServerSideTranslatorPB.submitReadRequestToOM(OzoneManagerProtocolServerSideTranslatorPB.java:225) ~[ozone-manager-1.4.0-SNAPSHOT.jar:?]
	at org.apache.hadoop.ozone.protocolPB.OzoneManagerProtocolServerSideTranslatorPB.processRequest(OzoneManagerProtocolServerSideTranslatorPB.java:179) ~[ozone-manager-1.4.0-SNAPSHOT.jar:?]
	at org.apache.hadoop.hdds.server.OzoneProtocolMessageDispatcher.processRequest(OzoneProtocolMessageDispatcher.java:87) [hdds-server-framework-1.4.0-SNAPSHOT.jar:?]
	at org.apache.hadoop.ozone.protocolPB.OzoneManagerProtocolServerSideTranslatorPB.submitRequest(OzoneManagerProtocolServerSideTranslatorPB.java:148) [ozone-manager-1.4.0-SNAPSHOT.jar:?]
	at org.apache.hadoop.ozone.protocol.proto.OzoneManagerProtocolProtos$OzoneManagerService$2.callBlockingMethod(OzoneManagerProtocolProtos.java) [ozone-interface-client-1.4.0-SNAPSHOT.jar:?]
	at org.apache.hadoop.ipc.ProtobufRpcEngine$Server.processCall(ProtobufRpcEngine.java:484) [hadoop-common-3.3.6.jar:?]
	at org.apache.hadoop.ipc.ProtobufRpcEngine2$Server$ProtoBufRpcInvoker.call(ProtobufRpcEngine2.java:595) [hadoop-common-3.3.6.jar:?]
	at org.apache.hadoop.ipc.ProtobufRpcEngine2$Server$ProtoBufRpcInvoker.call(ProtobufRpcEngine2.java:573) [hadoop-common-3.3.6.jar:?]
	at org.apache.hadoop.ipc.RPC$Server.call(RPC.java:1227) [hadoop-common-3.3.6.jar:?]
	at org.apache.hadoop.ipc.Server$RpcCall.run(Server.java:1094) [hadoop-common-3.3.6.jar:?]
	at org.apache.hadoop.ipc.Server$RpcCall.run(Server.java:1017) [hadoop-common-3.3.6.jar:?]
	at java.security.AccessController.doPrivileged(Native Method) ~[?:1.8.0_382]
	at javax.security.auth.Subject.doAs(Subject.java:422) [?:1.8.0_382]
	at org.apache.hadoop.security.UserGroupInformation.doAs(UserGroupInformation.java:1899) [hadoop-common-3.3.6.jar:?]
	at org.apache.hadoop.ipc.Server$Handler.run(Server.java:3048) [hadoop-common-3.3.6.jar:?]
]]></system-out>
  </testcase>
  <testcase name="testSeekOnFileLength" classname="TestOzoneFileSystem" time="0.195">
    <system-out><![CDATA[2023-08-25 11:34:55,021 [IPC Server handler 0 on default port 15054] INFO  ha.SequenceIdGenerator (SequenceIdGenerator.java:getNextId(140)) - Allocate a batch for containerId, change lastId from 0 to 1000.
2023-08-25 11:34:55,022 [IPC Server handler 0 on default port 15054] WARN  ha.SequenceIdGenerator (SequenceIdGenerator.java:allocateBatch(253)) - Failed to allocate a batch for localId, expected lastId is 0, actual lastId is 111677748019200000.
2023-08-25 11:34:55,022 [IPC Server handler 0 on default port 15054] INFO  ha.SequenceIdGenerator (SequenceIdGenerator.java:getNextId(140)) - Allocate a batch for localId, change lastId from 111677748019200000 to 111677748019201000.
2023-08-25 11:34:55,172 [IPC Server handler 1 on default port 15054] WARN  node.SCMNodeManager (SCMNodeManager.java:getNodesByAddress(1373)) - Cannot find node for address 127.0.0.1
11:34:55.179 [IPC Server handler 4 on default port 15057] ERROR OMAudit - user=runner | ip=127.0.0.1 | op=READ_KEY {volume=volume67780, bucket=bucket36604, key=file_notexist, dataSize=0, replicationConfig=null} | ret=FAILURE
org.apache.hadoop.ozone.om.exceptions.OMException: Key:file_notexist not found
	at org.apache.hadoop.ozone.om.KeyManagerImpl.readKeyInfo(KeyManagerImpl.java:427) ~[ozone-manager-1.4.0-SNAPSHOT.jar:?]
	at org.apache.hadoop.ozone.om.KeyManagerImpl.lambda$9(KeyManagerImpl.java:1931) ~[ozone-manager-1.4.0-SNAPSHOT.jar:?]
	at org.apache.hadoop.util.MetricUtil.captureLatencyNs(MetricUtil.java:39) ~[hdds-common-1.4.0-SNAPSHOT.jar:?]
	at org.apache.hadoop.ozone.om.KeyManagerImpl.getKeyInfo(KeyManagerImpl.java:1929) ~[ozone-manager-1.4.0-SNAPSHOT.jar:?]
	at org.apache.hadoop.ozone.om.OmMetadataReader.getKeyInfo(OmMetadataReader.java:185) ~[ozone-manager-1.4.0-SNAPSHOT.jar:?]
	at org.apache.hadoop.ozone.om.OzoneManager.getKeyInfo(OzoneManager.java:2810) ~[ozone-manager-1.4.0-SNAPSHOT.jar:?]
	at org.apache.hadoop.ozone.protocolPB.OzoneManagerRequestHandler.getKeyInfo(OzoneManagerRequestHandler.java:587) ~[ozone-manager-1.4.0-SNAPSHOT.jar:?]
	at org.apache.hadoop.ozone.protocolPB.OzoneManagerRequestHandler.handleReadRequest(OzoneManagerRequestHandler.java:306) ~[ozone-manager-1.4.0-SNAPSHOT.jar:?]
	at org.apache.hadoop.ozone.protocolPB.OzoneManagerProtocolServerSideTranslatorPB.submitRequestDirectlyToOM(OzoneManagerProtocolServerSideTranslatorPB.java:274) ~[ozone-manager-1.4.0-SNAPSHOT.jar:?]
	at org.apache.hadoop.ozone.protocolPB.OzoneManagerProtocolServerSideTranslatorPB.processRequest(OzoneManagerProtocolServerSideTranslatorPB.java:175) ~[ozone-manager-1.4.0-SNAPSHOT.jar:?]
	at org.apache.hadoop.hdds.server.OzoneProtocolMessageDispatcher.processRequest(OzoneProtocolMessageDispatcher.java:87) [hdds-server-framework-1.4.0-SNAPSHOT.jar:?]
	at org.apache.hadoop.ozone.protocolPB.OzoneManagerProtocolServerSideTranslatorPB.submitRequest(OzoneManagerProtocolServerSideTranslatorPB.java:148) [ozone-manager-1.4.0-SNAPSHOT.jar:?]
	at org.apache.hadoop.ozone.protocol.proto.OzoneManagerProtocolProtos$OzoneManagerService$2.callBlockingMethod(OzoneManagerProtocolProtos.java) [ozone-interface-client-1.4.0-SNAPSHOT.jar:?]
	at org.apache.hadoop.ipc.ProtobufRpcEngine$Server.processCall(ProtobufRpcEngine.java:484) [hadoop-common-3.3.6.jar:?]
	at org.apache.hadoop.ipc.ProtobufRpcEngine2$Server$ProtoBufRpcInvoker.call(ProtobufRpcEngine2.java:595) [hadoop-common-3.3.6.jar:?]
	at org.apache.hadoop.ipc.ProtobufRpcEngine2$Server$ProtoBufRpcInvoker.call(ProtobufRpcEngine2.java:573) [hadoop-common-3.3.6.jar:?]
	at org.apache.hadoop.ipc.RPC$Server.call(RPC.java:1227) [hadoop-common-3.3.6.jar:?]
	at org.apache.hadoop.ipc.Server$RpcCall.run(Server.java:1094) [hadoop-common-3.3.6.jar:?]
	at org.apache.hadoop.ipc.Server$RpcCall.run(Server.java:1017) [hadoop-common-3.3.6.jar:?]
	at java.security.AccessController.doPrivileged(Native Method) ~[?:1.8.0_382]
	at javax.security.auth.Subject.doAs(Subject.java:422) [?:1.8.0_382]
	at org.apache.hadoop.security.UserGroupInformation.doAs(UserGroupInformation.java:1899) [hadoop-common-3.3.6.jar:?]
	at org.apache.hadoop.ipc.Server$Handler.run(Server.java:3048) [hadoop-common-3.3.6.jar:?]
]]></system-out>
  </testcase>
  <testcase name="testSeekOnFileLength" classname="TestOzoneFileSystem" time="0.193">
    <system-out><![CDATA[2023-08-25 11:36:20,049 [IPC Server handler 9 on default port 15107] INFO  ha.SequenceIdGenerator (SequenceIdGenerator.java:getNextId(140)) - Allocate a batch for containerId, change lastId from 0 to 1000.
2023-08-25 11:36:20,050 [IPC Server handler 9 on default port 15107] WARN  ha.SequenceIdGenerator (SequenceIdGenerator.java:allocateBatch(253)) - Failed to allocate a batch for localId, expected lastId is 0, actual lastId is 111677748019200000.
2023-08-25 11:36:20,050 [IPC Server handler 9 on default port 15107] INFO  ha.SequenceIdGenerator (SequenceIdGenerator.java:getNextId(140)) - Allocate a batch for localId, change lastId from 111677748019200000 to 111677748019201000.
2023-08-25 11:36:20,207 [IPC Server handler 7 on default port 15107] WARN  node.SCMNodeManager (SCMNodeManager.java:getNodesByAddress(1373)) - Cannot find node for address 127.0.0.1
11:36:20.217 [IPC Server handler 18 on default port 15110] ERROR OMAudit - user=runner | ip=127.0.0.1 | op=READ_KEY {volume=volume79256, bucket=bucket28461, key=file_notexist, dataSize=0, replicationConfig=null} | ret=FAILURE
org.apache.hadoop.ozone.om.exceptions.OMException: Key:file_notexist not found
	at org.apache.hadoop.ozone.om.KeyManagerImpl.readKeyInfo(KeyManagerImpl.java:427) ~[ozone-manager-1.4.0-SNAPSHOT.jar:?]
	at org.apache.hadoop.ozone.om.KeyManagerImpl.lambda$9(KeyManagerImpl.java:1931) ~[ozone-manager-1.4.0-SNAPSHOT.jar:?]
	at org.apache.hadoop.util.MetricUtil.captureLatencyNs(MetricUtil.java:39) ~[hdds-common-1.4.0-SNAPSHOT.jar:?]
	at org.apache.hadoop.ozone.om.KeyManagerImpl.getKeyInfo(KeyManagerImpl.java:1929) ~[ozone-manager-1.4.0-SNAPSHOT.jar:?]
	at org.apache.hadoop.ozone.om.OmMetadataReader.getKeyInfo(OmMetadataReader.java:185) ~[ozone-manager-1.4.0-SNAPSHOT.jar:?]
	at org.apache.hadoop.ozone.om.OzoneManager.getKeyInfo(OzoneManager.java:2810) ~[ozone-manager-1.4.0-SNAPSHOT.jar:?]
	at org.apache.hadoop.ozone.protocolPB.OzoneManagerRequestHandler.getKeyInfo(OzoneManagerRequestHandler.java:587) ~[ozone-manager-1.4.0-SNAPSHOT.jar:?]
	at org.apache.hadoop.ozone.protocolPB.OzoneManagerRequestHandler.handleReadRequest(OzoneManagerRequestHandler.java:306) ~[ozone-manager-1.4.0-SNAPSHOT.jar:?]
	at org.apache.hadoop.ozone.protocolPB.OzoneManagerProtocolServerSideTranslatorPB.submitReadRequestToOM(OzoneManagerProtocolServerSideTranslatorPB.java:225) ~[ozone-manager-1.4.0-SNAPSHOT.jar:?]
	at org.apache.hadoop.ozone.protocolPB.OzoneManagerProtocolServerSideTranslatorPB.processRequest(OzoneManagerProtocolServerSideTranslatorPB.java:179) ~[ozone-manager-1.4.0-SNAPSHOT.jar:?]
	at org.apache.hadoop.hdds.server.OzoneProtocolMessageDispatcher.processRequest(OzoneProtocolMessageDispatcher.java:87) [hdds-server-framework-1.4.0-SNAPSHOT.jar:?]
	at org.apache.hadoop.ozone.protocolPB.OzoneManagerProtocolServerSideTranslatorPB.submitRequest(OzoneManagerProtocolServerSideTranslatorPB.java:148) [ozone-manager-1.4.0-SNAPSHOT.jar:?]
	at org.apache.hadoop.ozone.protocol.proto.OzoneManagerProtocolProtos$OzoneManagerService$2.callBlockingMethod(OzoneManagerProtocolProtos.java) [ozone-interface-client-1.4.0-SNAPSHOT.jar:?]
	at org.apache.hadoop.ipc.ProtobufRpcEngine$Server.processCall(ProtobufRpcEngine.java:484) [hadoop-common-3.3.6.jar:?]
	at org.apache.hadoop.ipc.ProtobufRpcEngine2$Server$ProtoBufRpcInvoker.call(ProtobufRpcEngine2.java:595) [hadoop-common-3.3.6.jar:?]
	at org.apache.hadoop.ipc.ProtobufRpcEngine2$Server$ProtoBufRpcInvoker.call(ProtobufRpcEngine2.java:573) [hadoop-common-3.3.6.jar:?]
	at org.apache.hadoop.ipc.RPC$Server.call(RPC.java:1227) [hadoop-common-3.3.6.jar:?]
	at org.apache.hadoop.ipc.Server$RpcCall.run(Server.java:1094) [hadoop-common-3.3.6.jar:?]
	at org.apache.hadoop.ipc.Server$RpcCall.run(Server.java:1017) [hadoop-common-3.3.6.jar:?]
	at java.security.AccessController.doPrivileged(Native Method) ~[?:1.8.0_382]
	at javax.security.auth.Subject.doAs(Subject.java:422) [?:1.8.0_382]
	at org.apache.hadoop.security.UserGroupInformation.doAs(UserGroupInformation.java:1899) [hadoop-common-3.3.6.jar:?]
	at org.apache.hadoop.ipc.Server$Handler.run(Server.java:3048) [hadoop-common-3.3.6.jar:?]
]]></system-out>
  </testcase>
  <testcase name="testSeekOnFileLength" classname="TestOzoneFileSystem" time="0.142">
    <system-out><![CDATA[2023-08-25 11:37:56,267 [IPC Server handler 19 on default port 15160] INFO  ha.SequenceIdGenerator (SequenceIdGenerator.java:getNextId(140)) - Allocate a batch for containerId, change lastId from 0 to 1000.
2023-08-25 11:37:56,267 [IPC Server handler 19 on default port 15160] WARN  ha.SequenceIdGenerator (SequenceIdGenerator.java:allocateBatch(253)) - Failed to allocate a batch for localId, expected lastId is 0, actual lastId is 111677748019200000.
2023-08-25 11:37:56,268 [IPC Server handler 19 on default port 15160] INFO  ha.SequenceIdGenerator (SequenceIdGenerator.java:getNextId(140)) - Allocate a batch for localId, change lastId from 111677748019200000 to 111677748019201000.
2023-08-25 11:37:56,385 [IPC Server handler 17 on default port 15160] WARN  node.SCMNodeManager (SCMNodeManager.java:getNodesByAddress(1373)) - Cannot find node for address 127.0.0.1
11:37:56.392 [IPC Server handler 3 on default port 15163] ERROR OMAudit - user=runner | ip=127.0.0.1 | op=READ_KEY {volume=volume45503, bucket=bucket29530, key=file_notexist, dataSize=0, replicationConfig=null} | ret=FAILURE
org.apache.hadoop.ozone.om.exceptions.OMException: Key:file_notexist not found
	at org.apache.hadoop.ozone.om.KeyManagerImpl.readKeyInfo(KeyManagerImpl.java:427) ~[ozone-manager-1.4.0-SNAPSHOT.jar:?]
	at org.apache.hadoop.ozone.om.KeyManagerImpl.lambda$9(KeyManagerImpl.java:1931) ~[ozone-manager-1.4.0-SNAPSHOT.jar:?]
	at org.apache.hadoop.util.MetricUtil.captureLatencyNs(MetricUtil.java:39) ~[hdds-common-1.4.0-SNAPSHOT.jar:?]
	at org.apache.hadoop.ozone.om.KeyManagerImpl.getKeyInfo(KeyManagerImpl.java:1929) ~[ozone-manager-1.4.0-SNAPSHOT.jar:?]
	at org.apache.hadoop.ozone.om.OmMetadataReader.getKeyInfo(OmMetadataReader.java:185) ~[ozone-manager-1.4.0-SNAPSHOT.jar:?]
	at org.apache.hadoop.ozone.om.OzoneManager.getKeyInfo(OzoneManager.java:2810) ~[ozone-manager-1.4.0-SNAPSHOT.jar:?]
	at org.apache.hadoop.ozone.protocolPB.OzoneManagerRequestHandler.getKeyInfo(OzoneManagerRequestHandler.java:587) ~[ozone-manager-1.4.0-SNAPSHOT.jar:?]
	at org.apache.hadoop.ozone.protocolPB.OzoneManagerRequestHandler.handleReadRequest(OzoneManagerRequestHandler.java:306) ~[ozone-manager-1.4.0-SNAPSHOT.jar:?]
	at org.apache.hadoop.ozone.protocolPB.OzoneManagerProtocolServerSideTranslatorPB.submitRequestDirectlyToOM(OzoneManagerProtocolServerSideTranslatorPB.java:274) ~[ozone-manager-1.4.0-SNAPSHOT.jar:?]
	at org.apache.hadoop.ozone.protocolPB.OzoneManagerProtocolServerSideTranslatorPB.processRequest(OzoneManagerProtocolServerSideTranslatorPB.java:175) ~[ozone-manager-1.4.0-SNAPSHOT.jar:?]
	at org.apache.hadoop.hdds.server.OzoneProtocolMessageDispatcher.processRequest(OzoneProtocolMessageDispatcher.java:87) [hdds-server-framework-1.4.0-SNAPSHOT.jar:?]
	at org.apache.hadoop.ozone.protocolPB.OzoneManagerProtocolServerSideTranslatorPB.submitRequest(OzoneManagerProtocolServerSideTranslatorPB.java:148) [ozone-manager-1.4.0-SNAPSHOT.jar:?]
	at org.apache.hadoop.ozone.protocol.proto.OzoneManagerProtocolProtos$OzoneManagerService$2.callBlockingMethod(OzoneManagerProtocolProtos.java) [ozone-interface-client-1.4.0-SNAPSHOT.jar:?]
	at org.apache.hadoop.ipc.ProtobufRpcEngine$Server.processCall(ProtobufRpcEngine.java:484) [hadoop-common-3.3.6.jar:?]
	at org.apache.hadoop.ipc.ProtobufRpcEngine2$Server$ProtoBufRpcInvoker.call(ProtobufRpcEngine2.java:595) [hadoop-common-3.3.6.jar:?]
	at org.apache.hadoop.ipc.ProtobufRpcEngine2$Server$ProtoBufRpcInvoker.call(ProtobufRpcEngine2.java:573) [hadoop-common-3.3.6.jar:?]
	at org.apache.hadoop.ipc.RPC$Server.call(RPC.java:1227) [hadoop-common-3.3.6.jar:?]
	at org.apache.hadoop.ipc.Server$RpcCall.run(Server.java:1094) [hadoop-common-3.3.6.jar:?]
	at org.apache.hadoop.ipc.Server$RpcCall.run(Server.java:1017) [hadoop-common-3.3.6.jar:?]
	at java.security.AccessController.doPrivileged(Native Method) ~[?:1.8.0_382]
	at javax.security.auth.Subject.doAs(Subject.java:422) [?:1.8.0_382]
	at org.apache.hadoop.security.UserGroupInformation.doAs(UserGroupInformation.java:1899) [hadoop-common-3.3.6.jar:?]
	at org.apache.hadoop.ipc.Server$Handler.run(Server.java:3048) [hadoop-common-3.3.6.jar:?]
]]></system-out>
  </testcase>
  <testcase name="testRenameFile" classname="TestOzoneFileSystem" time="0.202">
    <system-out><![CDATA[11:32:58.597 [IPC Server handler 18 on default port 15004] ERROR OMAudit - user=runner | ip=127.0.0.1 | op=GET_FILE_STATUS {volume=volume54121, bucket=bucket59518, key=root/file1, dataSize=0, replicationConfig=null} | ret=FAILURE
org.apache.hadoop.ozone.om.exceptions.OMException: Unable to get file status: volume: volume54121 bucket: bucket59518 key: root/file1
	at org.apache.hadoop.ozone.om.KeyManagerImpl.getOzoneFileStatus(KeyManagerImpl.java:1195) ~[ozone-manager-1.4.0-SNAPSHOT.jar:?]
	at org.apache.hadoop.ozone.om.KeyManagerImpl.getFileStatus(KeyManagerImpl.java:1113) ~[ozone-manager-1.4.0-SNAPSHOT.jar:?]
	at org.apache.hadoop.ozone.om.OmMetadataReader.getFileStatus(OmMetadataReader.java:262) ~[ozone-manager-1.4.0-SNAPSHOT.jar:?]
	at org.apache.hadoop.ozone.om.OzoneManager.getFileStatus(OzoneManager.java:3513) ~[ozone-manager-1.4.0-SNAPSHOT.jar:?]
	at org.apache.hadoop.ozone.protocolPB.OzoneManagerRequestHandler.getOzoneFileStatus(OzoneManagerRequestHandler.java:973) ~[ozone-manager-1.4.0-SNAPSHOT.jar:?]
	at org.apache.hadoop.ozone.protocolPB.OzoneManagerRequestHandler.handleReadRequest(OzoneManagerRequestHandler.java:252) ~[ozone-manager-1.4.0-SNAPSHOT.jar:?]
	at org.apache.hadoop.ozone.protocolPB.OzoneManagerProtocolServerSideTranslatorPB.submitReadRequestToOM(OzoneManagerProtocolServerSideTranslatorPB.java:225) ~[ozone-manager-1.4.0-SNAPSHOT.jar:?]
	at org.apache.hadoop.ozone.protocolPB.OzoneManagerProtocolServerSideTranslatorPB.processRequest(OzoneManagerProtocolServerSideTranslatorPB.java:179) ~[ozone-manager-1.4.0-SNAPSHOT.jar:?]
	at org.apache.hadoop.hdds.server.OzoneProtocolMessageDispatcher.processRequest(OzoneProtocolMessageDispatcher.java:87) [hdds-server-framework-1.4.0-SNAPSHOT.jar:?]
	at org.apache.hadoop.ozone.protocolPB.OzoneManagerProtocolServerSideTranslatorPB.submitRequest(OzoneManagerProtocolServerSideTranslatorPB.java:148) [ozone-manager-1.4.0-SNAPSHOT.jar:?]
	at org.apache.hadoop.ozone.protocol.proto.OzoneManagerProtocolProtos$OzoneManagerService$2.callBlockingMethod(OzoneManagerProtocolProtos.java) [ozone-interface-client-1.4.0-SNAPSHOT.jar:?]
	at org.apache.hadoop.ipc.ProtobufRpcEngine$Server.processCall(ProtobufRpcEngine.java:484) [hadoop-common-3.3.6.jar:?]
	at org.apache.hadoop.ipc.ProtobufRpcEngine2$Server$ProtoBufRpcInvoker.call(ProtobufRpcEngine2.java:595) [hadoop-common-3.3.6.jar:?]
	at org.apache.hadoop.ipc.ProtobufRpcEngine2$Server$ProtoBufRpcInvoker.call(ProtobufRpcEngine2.java:573) [hadoop-common-3.3.6.jar:?]
	at org.apache.hadoop.ipc.RPC$Server.call(RPC.java:1227) [hadoop-common-3.3.6.jar:?]
	at org.apache.hadoop.ipc.Server$RpcCall.run(Server.java:1094) [hadoop-common-3.3.6.jar:?]
	at org.apache.hadoop.ipc.Server$RpcCall.run(Server.java:1017) [hadoop-common-3.3.6.jar:?]
	at java.security.AccessController.doPrivileged(Native Method) ~[?:1.8.0_382]
	at javax.security.auth.Subject.doAs(Subject.java:422) [?:1.8.0_382]
	at org.apache.hadoop.security.UserGroupInformation.doAs(UserGroupInformation.java:1899) [hadoop-common-3.3.6.jar:?]
	at org.apache.hadoop.ipc.Server$Handler.run(Server.java:3048) [hadoop-common-3.3.6.jar:?]
]]></system-out>
  </testcase>
  <testcase name="testRenameFile" classname="TestOzoneFileSystem" time="0.051">
    <system-out><![CDATA[11:34:55.206 [IPC Server handler 16 on default port 15057] ERROR OMAudit - user=runner | ip=127.0.0.1 | op=GET_FILE_STATUS {volume=volume67780, bucket=bucket36604, key=root/file1, dataSize=0, replicationConfig=null} | ret=FAILURE
org.apache.hadoop.ozone.om.exceptions.OMException: Unable to get file status: volume: volume67780 bucket: bucket36604 key: root/file1
	at org.apache.hadoop.ozone.om.KeyManagerImpl.getOzoneFileStatus(KeyManagerImpl.java:1195) ~[ozone-manager-1.4.0-SNAPSHOT.jar:?]
	at org.apache.hadoop.ozone.om.KeyManagerImpl.getFileStatus(KeyManagerImpl.java:1113) ~[ozone-manager-1.4.0-SNAPSHOT.jar:?]
	at org.apache.hadoop.ozone.om.OmMetadataReader.getFileStatus(OmMetadataReader.java:262) ~[ozone-manager-1.4.0-SNAPSHOT.jar:?]
	at org.apache.hadoop.ozone.om.OzoneManager.getFileStatus(OzoneManager.java:3513) ~[ozone-manager-1.4.0-SNAPSHOT.jar:?]
	at org.apache.hadoop.ozone.protocolPB.OzoneManagerRequestHandler.getOzoneFileStatus(OzoneManagerRequestHandler.java:973) ~[ozone-manager-1.4.0-SNAPSHOT.jar:?]
	at org.apache.hadoop.ozone.protocolPB.OzoneManagerRequestHandler.handleReadRequest(OzoneManagerRequestHandler.java:252) ~[ozone-manager-1.4.0-SNAPSHOT.jar:?]
	at org.apache.hadoop.ozone.protocolPB.OzoneManagerProtocolServerSideTranslatorPB.submitRequestDirectlyToOM(OzoneManagerProtocolServerSideTranslatorPB.java:274) ~[ozone-manager-1.4.0-SNAPSHOT.jar:?]
	at org.apache.hadoop.ozone.protocolPB.OzoneManagerProtocolServerSideTranslatorPB.processRequest(OzoneManagerProtocolServerSideTranslatorPB.java:175) ~[ozone-manager-1.4.0-SNAPSHOT.jar:?]
	at org.apache.hadoop.hdds.server.OzoneProtocolMessageDispatcher.processRequest(OzoneProtocolMessageDispatcher.java:87) [hdds-server-framework-1.4.0-SNAPSHOT.jar:?]
	at org.apache.hadoop.ozone.protocolPB.OzoneManagerProtocolServerSideTranslatorPB.submitRequest(OzoneManagerProtocolServerSideTranslatorPB.java:148) [ozone-manager-1.4.0-SNAPSHOT.jar:?]
	at org.apache.hadoop.ozone.protocol.proto.OzoneManagerProtocolProtos$OzoneManagerService$2.callBlockingMethod(OzoneManagerProtocolProtos.java) [ozone-interface-client-1.4.0-SNAPSHOT.jar:?]
	at org.apache.hadoop.ipc.ProtobufRpcEngine$Server.processCall(ProtobufRpcEngine.java:484) [hadoop-common-3.3.6.jar:?]
	at org.apache.hadoop.ipc.ProtobufRpcEngine2$Server$ProtoBufRpcInvoker.call(ProtobufRpcEngine2.java:595) [hadoop-common-3.3.6.jar:?]
	at org.apache.hadoop.ipc.ProtobufRpcEngine2$Server$ProtoBufRpcInvoker.call(ProtobufRpcEngine2.java:573) [hadoop-common-3.3.6.jar:?]
	at org.apache.hadoop.ipc.RPC$Server.call(RPC.java:1227) [hadoop-common-3.3.6.jar:?]
	at org.apache.hadoop.ipc.Server$RpcCall.run(Server.java:1094) [hadoop-common-3.3.6.jar:?]
	at org.apache.hadoop.ipc.Server$RpcCall.run(Server.java:1017) [hadoop-common-3.3.6.jar:?]
	at java.security.AccessController.doPrivileged(Native Method) ~[?:1.8.0_382]
	at javax.security.auth.Subject.doAs(Subject.java:422) [?:1.8.0_382]
	at org.apache.hadoop.security.UserGroupInformation.doAs(UserGroupInformation.java:1899) [hadoop-common-3.3.6.jar:?]
	at org.apache.hadoop.ipc.Server$Handler.run(Server.java:3048) [hadoop-common-3.3.6.jar:?]
]]></system-out>
  </testcase>
  <testcase name="testRenameFile" classname="TestOzoneFileSystem" time="0.071">
    <system-out><![CDATA[2023-08-25 11:36:20,237 [c6e0d301-09b2-4368-8fbf-181ce26f0a67@group-39BB1A7F149E-FollowerState] INFO  impl.FollowerState (FollowerState.java:run(143)) - c6e0d301-09b2-4368-8fbf-181ce26f0a67@group-39BB1A7F149E-FollowerState: change to CANDIDATE, lastRpcElapsedTime:5011166038ns, electionTimeout:5010ms
2023-08-25 11:36:20,237 [c6e0d301-09b2-4368-8fbf-181ce26f0a67@group-39BB1A7F149E-FollowerState] INFO  impl.RoleInfo (RoleInfo.java:shutdownFollowerState(110)) - c6e0d301-09b2-4368-8fbf-181ce26f0a67: shutdown c6e0d301-09b2-4368-8fbf-181ce26f0a67@group-39BB1A7F149E-FollowerState
2023-08-25 11:36:20,237 [c6e0d301-09b2-4368-8fbf-181ce26f0a67@group-39BB1A7F149E-FollowerState] INFO  server.RaftServer$Division (RaftServerImpl.java:setRole(329)) - c6e0d301-09b2-4368-8fbf-181ce26f0a67@group-39BB1A7F149E: changes role from  FOLLOWER to CANDIDATE at term 0 for changeToCandidate
2023-08-25 11:36:20,237 [c6e0d301-09b2-4368-8fbf-181ce26f0a67@group-39BB1A7F149E-FollowerState] INFO  server.RaftServerConfigKeys (ConfUtils.java:logGet(46)) - raft.server.leaderelection.pre-vote = true (default)
2023-08-25 11:36:20,238 [c6e0d301-09b2-4368-8fbf-181ce26f0a67@group-39BB1A7F149E-FollowerState] INFO  impl.RoleInfo (RoleInfo.java:updateAndGet(139)) - c6e0d301-09b2-4368-8fbf-181ce26f0a67: start c6e0d301-09b2-4368-8fbf-181ce26f0a67@group-39BB1A7F149E-LeaderElection27
2023-08-25 11:36:20,260 [c6e0d301-09b2-4368-8fbf-181ce26f0a67@group-39BB1A7F149E-LeaderElection27] INFO  impl.LeaderElection (LeaderElection.java:askForVotes(321)) - c6e0d301-09b2-4368-8fbf-181ce26f0a67@group-39BB1A7F149E-LeaderElection27 PRE_VOTE round 0: submit vote requests at term 0 for -1: peers:[c6e0d301-09b2-4368-8fbf-181ce26f0a67|rpc:10.1.0.52:15138|admin:10.1.0.52:15137|client:10.1.0.52:15136|dataStream:10.1.0.52:15139|priority:1|startupRole:FOLLOWER]|listeners:[], old=null
2023-08-25 11:36:20,260 [c6e0d301-09b2-4368-8fbf-181ce26f0a67@group-39BB1A7F149E-LeaderElection27] INFO  impl.LeaderElection (LeaderElection.java:askForVotes(323)) - c6e0d301-09b2-4368-8fbf-181ce26f0a67@group-39BB1A7F149E-LeaderElection27 PRE_VOTE round 0: result PASSED (term=0)
2023-08-25 11:36:20,263 [c6e0d301-09b2-4368-8fbf-181ce26f0a67@group-39BB1A7F149E-LeaderElection27] INFO  impl.LeaderElection (LeaderElection.java:askForVotes(321)) - c6e0d301-09b2-4368-8fbf-181ce26f0a67@group-39BB1A7F149E-LeaderElection27 ELECTION round 0: submit vote requests at term 1 for -1: peers:[c6e0d301-09b2-4368-8fbf-181ce26f0a67|rpc:10.1.0.52:15138|admin:10.1.0.52:15137|client:10.1.0.52:15136|dataStream:10.1.0.52:15139|priority:1|startupRole:FOLLOWER]|listeners:[], old=null
2023-08-25 11:36:20,264 [c6e0d301-09b2-4368-8fbf-181ce26f0a67@group-39BB1A7F149E-LeaderElection27] INFO  impl.LeaderElection (LeaderElection.java:askForVotes(323)) - c6e0d301-09b2-4368-8fbf-181ce26f0a67@group-39BB1A7F149E-LeaderElection27 ELECTION round 0: result PASSED (term=1)
11:36:20.263 [IPC Server handler 5 on default port 15110] ERROR OMAudit - user=runner | ip=127.0.0.1 | op=GET_FILE_STATUS {volume=volume79256, bucket=bucket28461, key=root/file1, dataSize=0, replicationConfig=null} | ret=FAILURE
org.apache.hadoop.ozone.om.exceptions.OMException: Unable to get file status: volume: volume79256 bucket: bucket28461 key: root/file1
	at org.apache.hadoop.ozone.om.KeyManagerImpl.getOzoneFileStatus(KeyManagerImpl.java:1195) ~[ozone-manager-1.4.0-SNAPSHOT.jar:?]
	at org.apache.hadoop.ozone.om.KeyManagerImpl.getFileStatus(KeyManagerImpl.java:1113) ~[ozone-manager-1.4.0-SNAPSHOT.jar:?]
	at org.apache.hadoop.ozone.om.OmMetadataReader.getFileStatus(OmMetadataReader.java:262) ~[ozone-manager-1.4.0-SNAPSHOT.jar:?]
	at org.apache.hadoop.ozone.om.OzoneManager.getFileStatus(OzoneManager.java:3513) ~[ozone-manager-1.4.0-SNAPSHOT.jar:?]
	at org.apache.hadoop.ozone.protocolPB.OzoneManagerRequestHandler.getOzoneFileStatus(OzoneManagerRequestHandler.java:973) ~[ozone-manager-1.4.0-SNAPSHOT.jar:?]
	at org.apache.hadoop.ozone.protocolPB.OzoneManagerRequestHandler.handleReadRequest(OzoneManagerRequestHandler.java:252) ~[ozone-manager-1.4.0-SNAPSHOT.jar:?]
	at org.apache.hadoop.ozone.protocolPB.OzoneManagerProtocolServerSideTranslatorPB.submitReadRequestToOM(OzoneManagerProtocolServerSideTranslatorPB.java:225) ~[ozone-manager-1.4.0-SNAPSHOT.jar:?]
	at org.apache.hadoop.ozone.protocolPB.OzoneManagerProtocolServerSideTranslatorPB.processRequest(OzoneManagerProtocolServerSideTranslatorPB.java:179) ~[ozone-manager-1.4.0-SNAPSHOT.jar:?]
	at org.apache.hadoop.hdds.server.OzoneProtocolMessageDispatcher.processRequest(OzoneProtocolMessageDispatcher.java:87) [hdds-server-framework-1.4.0-SNAPSHOT.jar:?]
	at org.apache.hadoop.ozone.protocolPB.OzoneManagerProtocolServerSideTranslatorPB.submitRequest(OzoneManagerProtocolServerSideTranslatorPB.java:148) [ozone-manager-1.4.0-SNAPSHOT.jar:?]
	at org.apache.hadoop.ozone.protocol.proto.OzoneManagerProtocolProtos$OzoneManagerService$2.callBlockingMethod(OzoneManagerProtocolProtos.java) [ozone-interface-client-1.4.0-SNAPSHOT.jar:?]
	at org.apache.hadoop.ipc.ProtobufRpcEngine$Server.processCall(ProtobufRpcEngine.java:484) [hadoop-common-3.3.6.jar:?]
	at org.apache.hadoop.ipc.ProtobufRpcEngine2$Server$ProtoBufRpcInvoker.call(ProtobufRpcEngine2.java:595) [hadoop-common-3.3.6.jar:?]
	at org.apache.hadoop.ipc.ProtobufRpcEngine2$Server$ProtoBufRpcInvoker.call(ProtobufRpcEngine2.java:573) [hadoop-common-3.3.6.jar:?]
	at org.apache.hadoop.ipc.RPC$Server.call(RPC.java:1227) [hadoop-common-3.3.6.jar:?]
	at org.apache.hadoop.ipc.Server$RpcCall.run(Server.java:1094) [hadoop-common-3.3.6.jar:?]
	at org.apache.hadoop.ipc.Server$RpcCall.run(Server.java:1017) [hadoop-common-3.3.6.jar:?]
	at java.security.AccessController.doPrivileged(Native Method) ~[?:1.8.0_382]
	at javax.security.auth.Subject.doAs(Subject.java:422) [?:1.8.0_382]
	at org.apache.hadoop.security.UserGroupInformation.doAs(UserGroupInformation.java:1899) [hadoop-common-3.3.6.jar:?]
	at org.apache.hadoop.ipc.Server$Handler.run(Server.java:3048) [hadoop-common-3.3.6.jar:?]
2023-08-25 11:36:20,264 [c6e0d301-09b2-4368-8fbf-181ce26f0a67@group-39BB1A7F149E-LeaderElection27] INFO  impl.RoleInfo (RoleInfo.java:shutdownLeaderElection(130)) - c6e0d301-09b2-4368-8fbf-181ce26f0a67: shutdown c6e0d301-09b2-4368-8fbf-181ce26f0a67@group-39BB1A7F149E-LeaderElection27
2023-08-25 11:36:20,264 [c6e0d301-09b2-4368-8fbf-181ce26f0a67@group-39BB1A7F149E-LeaderElection27] INFO  server.RaftServer$Division (RaftServerImpl.java:setRole(329)) - c6e0d301-09b2-4368-8fbf-181ce26f0a67@group-39BB1A7F149E: changes role from CANDIDATE to LEADER at term 1 for changeToLeader
2023-08-25 11:36:20,264 [c6e0d301-09b2-4368-8fbf-181ce26f0a67@group-39BB1A7F149E-LeaderElection27] INFO  ratis.XceiverServerRatis (XceiverServerRatis.java:handleLeaderChangedNotification(902)) - Leader change notification received for group: group-39BB1A7F149E with new leaderId: c6e0d301-09b2-4368-8fbf-181ce26f0a67
2023-08-25 11:36:20,264 [c6e0d301-09b2-4368-8fbf-181ce26f0a67@group-39BB1A7F149E-LeaderElection27] INFO  server.RaftServer$Division (ServerState.java:setLeader(317)) - c6e0d301-09b2-4368-8fbf-181ce26f0a67@group-39BB1A7F149E: change Leader from null to c6e0d301-09b2-4368-8fbf-181ce26f0a67 at term 1 for becomeLeader, leader elected after 5058ms
2023-08-25 11:36:20,265 [c6e0d301-09b2-4368-8fbf-181ce26f0a67@group-39BB1A7F149E-LeaderElection27] INFO  server.RaftServerConfigKeys (ConfUtils.java:logGet(46)) - raft.server.staging.catchup.gap = 1000 (default)
2023-08-25 11:36:20,267 [c6e0d301-09b2-4368-8fbf-181ce26f0a67@group-39BB1A7F149E-LeaderElection27] INFO  server.RaftServerConfigKeys (ConfUtils.java:logGet(46)) - raft.server.write.element-limit = 1024 (custom)
2023-08-25 11:36:20,267 [c6e0d301-09b2-4368-8fbf-181ce26f0a67@group-39BB1A7F149E-LeaderElection27] INFO  server.RaftServerConfigKeys (ConfUtils.java:logGet(46)) - raft.server.write.byte-limit = 1024 M (=1073741824) (custom)
2023-08-25 11:36:20,267 [c6e0d301-09b2-4368-8fbf-181ce26f0a67@group-39BB1A7F149E-LeaderElection27] INFO  server.RaftServerConfigKeys (ConfUtils.java:logGet(46)) - raft.server.watch.timeout = 180s (custom)
2023-08-25 11:36:20,267 [c6e0d301-09b2-4368-8fbf-181ce26f0a67@group-39BB1A7F149E-LeaderElection27] INFO  server.RaftServerConfigKeys (ConfUtils.java:logGet(46)) - raft.server.watch.timeout.denomination = 1s (default)
2023-08-25 11:36:20,267 [c6e0d301-09b2-4368-8fbf-181ce26f0a67@group-39BB1A7F149E-LeaderElection27] INFO  server.RaftServerConfigKeys (ConfUtils.java:logGet(46)) - raft.server.watch.element-limit = 65536 (default)
2023-08-25 11:36:20,267 [c6e0d301-09b2-4368-8fbf-181ce26f0a67@group-39BB1A7F149E-LeaderElection27] INFO  server.RaftServerConfigKeys (ConfUtils.java:logGet(46)) - raft.server.write.element-limit = 1024 (custom)
2023-08-25 11:36:20,269 [c6e0d301-09b2-4368-8fbf-181ce26f0a67@group-39BB1A7F149E-LeaderElection27] INFO  server.RaftServerConfigKeys (ConfUtils.java:logGet(46)) - raft.server.write.follower.gap.ratio.max = -1.0 (default)
2023-08-25 11:36:20,269 [c6e0d301-09b2-4368-8fbf-181ce26f0a67@group-39BB1A7F149E-LeaderElection27] INFO  impl.RoleInfo (RoleInfo.java:updateAndGet(139)) - c6e0d301-09b2-4368-8fbf-181ce26f0a67: start c6e0d301-09b2-4368-8fbf-181ce26f0a67@group-39BB1A7F149E-LeaderStateImpl
2023-08-25 11:36:20,274 [c6e0d301-09b2-4368-8fbf-181ce26f0a67@group-39BB1A7F149E-LeaderElection27] INFO  segmented.SegmentedRaftLogWorker (SegmentedRaftLogWorker.java:startLogSegment(447)) - c6e0d301-09b2-4368-8fbf-181ce26f0a67@group-39BB1A7F149E-SegmentedRaftLogWorker: Starting segment from index:0
2023-08-25 11:36:20,277 [c6e0d301-09b2-4368-8fbf-181ce26f0a67@group-39BB1A7F149E-SegmentedRaftLogWorker] INFO  segmented.SegmentedRaftLogWorker (SegmentedRaftLogWorker.java:execute(651)) - c6e0d301-09b2-4368-8fbf-181ce26f0a67@group-39BB1A7F149E-SegmentedRaftLogWorker: created new log segment /home/runner/work/ozone/ozone/hadoop-ozone/integration-test/target/test-dir/MiniOzoneClusterImpl-9e80f0e6-d3ce-4c33-b1a3-32fa2c9dea98/datanode-2/data/ratis/4c7807a5-b094-45b1-8d1f-39bb1a7f149e/current/log_inprogress_0
2023-08-25 11:36:20,291 [c6e0d301-09b2-4368-8fbf-181ce26f0a67@group-39BB1A7F149E-LeaderElection27] INFO  server.RaftServer$Division (ServerState.java:setRaftConf(434)) - c6e0d301-09b2-4368-8fbf-181ce26f0a67@group-39BB1A7F149E: set configuration 0: peers:[c6e0d301-09b2-4368-8fbf-181ce26f0a67|rpc:10.1.0.52:15138|admin:10.1.0.52:15137|client:10.1.0.52:15136|dataStream:10.1.0.52:15139|priority:1|startupRole:FOLLOWER]|listeners:[], old=null
]]></system-out>
  </testcase>
  <testcase name="testRenameFile" classname="TestOzoneFileSystem" time="0.033">
    <system-out><![CDATA[11:37:56.408 [IPC Server handler 17 on default port 15163] ERROR OMAudit - user=runner | ip=127.0.0.1 | op=GET_FILE_STATUS {volume=volume45503, bucket=bucket29530, key=root/file1, dataSize=0, replicationConfig=null} | ret=FAILURE
org.apache.hadoop.ozone.om.exceptions.OMException: Unable to get file status: volume: volume45503 bucket: bucket29530 key: root/file1
	at org.apache.hadoop.ozone.om.KeyManagerImpl.getOzoneFileStatus(KeyManagerImpl.java:1195) ~[ozone-manager-1.4.0-SNAPSHOT.jar:?]
	at org.apache.hadoop.ozone.om.KeyManagerImpl.getFileStatus(KeyManagerImpl.java:1113) ~[ozone-manager-1.4.0-SNAPSHOT.jar:?]
	at org.apache.hadoop.ozone.om.OmMetadataReader.getFileStatus(OmMetadataReader.java:262) ~[ozone-manager-1.4.0-SNAPSHOT.jar:?]
	at org.apache.hadoop.ozone.om.OzoneManager.getFileStatus(OzoneManager.java:3513) ~[ozone-manager-1.4.0-SNAPSHOT.jar:?]
	at org.apache.hadoop.ozone.protocolPB.OzoneManagerRequestHandler.getOzoneFileStatus(OzoneManagerRequestHandler.java:973) ~[ozone-manager-1.4.0-SNAPSHOT.jar:?]
	at org.apache.hadoop.ozone.protocolPB.OzoneManagerRequestHandler.handleReadRequest(OzoneManagerRequestHandler.java:252) ~[ozone-manager-1.4.0-SNAPSHOT.jar:?]
	at org.apache.hadoop.ozone.protocolPB.OzoneManagerProtocolServerSideTranslatorPB.submitRequestDirectlyToOM(OzoneManagerProtocolServerSideTranslatorPB.java:274) ~[ozone-manager-1.4.0-SNAPSHOT.jar:?]
	at org.apache.hadoop.ozone.protocolPB.OzoneManagerProtocolServerSideTranslatorPB.processRequest(OzoneManagerProtocolServerSideTranslatorPB.java:175) ~[ozone-manager-1.4.0-SNAPSHOT.jar:?]
	at org.apache.hadoop.hdds.server.OzoneProtocolMessageDispatcher.processRequest(OzoneProtocolMessageDispatcher.java:87) [hdds-server-framework-1.4.0-SNAPSHOT.jar:?]
	at org.apache.hadoop.ozone.protocolPB.OzoneManagerProtocolServerSideTranslatorPB.submitRequest(OzoneManagerProtocolServerSideTranslatorPB.java:148) [ozone-manager-1.4.0-SNAPSHOT.jar:?]
	at org.apache.hadoop.ozone.protocol.proto.OzoneManagerProtocolProtos$OzoneManagerService$2.callBlockingMethod(OzoneManagerProtocolProtos.java) [ozone-interface-client-1.4.0-SNAPSHOT.jar:?]
	at org.apache.hadoop.ipc.ProtobufRpcEngine$Server.processCall(ProtobufRpcEngine.java:484) [hadoop-common-3.3.6.jar:?]
	at org.apache.hadoop.ipc.ProtobufRpcEngine2$Server$ProtoBufRpcInvoker.call(ProtobufRpcEngine2.java:595) [hadoop-common-3.3.6.jar:?]
	at org.apache.hadoop.ipc.ProtobufRpcEngine2$Server$ProtoBufRpcInvoker.call(ProtobufRpcEngine2.java:573) [hadoop-common-3.3.6.jar:?]
	at org.apache.hadoop.ipc.RPC$Server.call(RPC.java:1227) [hadoop-common-3.3.6.jar:?]
	at org.apache.hadoop.ipc.Server$RpcCall.run(Server.java:1094) [hadoop-common-3.3.6.jar:?]
	at org.apache.hadoop.ipc.Server$RpcCall.run(Server.java:1017) [hadoop-common-3.3.6.jar:?]
	at java.security.AccessController.doPrivileged(Native Method) ~[?:1.8.0_382]
	at javax.security.auth.Subject.doAs(Subject.java:422) [?:1.8.0_382]
	at org.apache.hadoop.security.UserGroupInformation.doAs(UserGroupInformation.java:1899) [hadoop-common-3.3.6.jar:?]
	at org.apache.hadoop.ipc.Server$Handler.run(Server.java:3048) [hadoop-common-3.3.6.jar:?]
]]></system-out>
  </testcase>
  <testcase name="testRenameDir" classname="TestOzoneFileSystem" time="0.1">
    <system-out><![CDATA[2023-08-25 11:32:58,759 [Time-limited test] INFO  ozone.TestOzoneFileSystem (TestOzoneFileSystem.java:testRenameDir(1435)) - Created dir o3fs://bucket59518.volume54121/root_dir/dir1/sub_dir1
2023-08-25 11:32:58,759 [Time-limited test] INFO  ozone.TestOzoneFileSystem (TestOzoneFileSystem.java:testRenameDir(1436)) - Will move o3fs://bucket59518.volume54121/root_dir/dir1 to o3fs://bucket59518.volume54121/root_dir/dir1.renamed
11:32:58.764 [IPC Server handler 9 on default port 15004] ERROR OMAudit - user=runner | ip=127.0.0.1 | op=GET_FILE_STATUS {volume=volume54121, bucket=bucket59518, key=root_dir/dir1.renamed, dataSize=0, replicationConfig=null} | ret=FAILURE
org.apache.hadoop.ozone.om.exceptions.OMException: Unable to get file status: volume: volume54121 bucket: bucket59518 key: root_dir/dir1.renamed
	at org.apache.hadoop.ozone.om.KeyManagerImpl.getOzoneFileStatus(KeyManagerImpl.java:1195) ~[ozone-manager-1.4.0-SNAPSHOT.jar:?]
	at org.apache.hadoop.ozone.om.KeyManagerImpl.getFileStatus(KeyManagerImpl.java:1113) ~[ozone-manager-1.4.0-SNAPSHOT.jar:?]
	at org.apache.hadoop.ozone.om.OmMetadataReader.getFileStatus(OmMetadataReader.java:262) ~[ozone-manager-1.4.0-SNAPSHOT.jar:?]
	at org.apache.hadoop.ozone.om.OzoneManager.getFileStatus(OzoneManager.java:3513) ~[ozone-manager-1.4.0-SNAPSHOT.jar:?]
	at org.apache.hadoop.ozone.protocolPB.OzoneManagerRequestHandler.getOzoneFileStatus(OzoneManagerRequestHandler.java:973) ~[ozone-manager-1.4.0-SNAPSHOT.jar:?]
	at org.apache.hadoop.ozone.protocolPB.OzoneManagerRequestHandler.handleReadRequest(OzoneManagerRequestHandler.java:252) ~[ozone-manager-1.4.0-SNAPSHOT.jar:?]
	at org.apache.hadoop.ozone.protocolPB.OzoneManagerProtocolServerSideTranslatorPB.submitReadRequestToOM(OzoneManagerProtocolServerSideTranslatorPB.java:225) ~[ozone-manager-1.4.0-SNAPSHOT.jar:?]
	at org.apache.hadoop.ozone.protocolPB.OzoneManagerProtocolServerSideTranslatorPB.processRequest(OzoneManagerProtocolServerSideTranslatorPB.java:179) ~[ozone-manager-1.4.0-SNAPSHOT.jar:?]
	at org.apache.hadoop.hdds.server.OzoneProtocolMessageDispatcher.processRequest(OzoneProtocolMessageDispatcher.java:87) [hdds-server-framework-1.4.0-SNAPSHOT.jar:?]
	at org.apache.hadoop.ozone.protocolPB.OzoneManagerProtocolServerSideTranslatorPB.submitRequest(OzoneManagerProtocolServerSideTranslatorPB.java:148) [ozone-manager-1.4.0-SNAPSHOT.jar:?]
	at org.apache.hadoop.ozone.protocol.proto.OzoneManagerProtocolProtos$OzoneManagerService$2.callBlockingMethod(OzoneManagerProtocolProtos.java) [ozone-interface-client-1.4.0-SNAPSHOT.jar:?]
	at org.apache.hadoop.ipc.ProtobufRpcEngine$Server.processCall(ProtobufRpcEngine.java:484) [hadoop-common-3.3.6.jar:?]
	at org.apache.hadoop.ipc.ProtobufRpcEngine2$Server$ProtoBufRpcInvoker.call(ProtobufRpcEngine2.java:595) [hadoop-common-3.3.6.jar:?]
	at org.apache.hadoop.ipc.ProtobufRpcEngine2$Server$ProtoBufRpcInvoker.call(ProtobufRpcEngine2.java:573) [hadoop-common-3.3.6.jar:?]
	at org.apache.hadoop.ipc.RPC$Server.call(RPC.java:1227) [hadoop-common-3.3.6.jar:?]
	at org.apache.hadoop.ipc.Server$RpcCall.run(Server.java:1094) [hadoop-common-3.3.6.jar:?]
	at org.apache.hadoop.ipc.Server$RpcCall.run(Server.java:1017) [hadoop-common-3.3.6.jar:?]
	at java.security.AccessController.doPrivileged(Native Method) ~[?:1.8.0_382]
	at javax.security.auth.Subject.doAs(Subject.java:422) [?:1.8.0_382]
	at org.apache.hadoop.security.UserGroupInformation.doAs(UserGroupInformation.java:1899) [hadoop-common-3.3.6.jar:?]
	at org.apache.hadoop.ipc.Server$Handler.run(Server.java:3048) [hadoop-common-3.3.6.jar:?]
]]></system-out>
  </testcase>
  <testcase name="testRenameDir" classname="TestOzoneFileSystem" time="0.027">
    <system-out><![CDATA[2023-08-25 11:34:55,247 [Time-limited test] INFO  ozone.TestOzoneFileSystem (TestOzoneFileSystem.java:testRenameDir(1435)) - Created dir o3fs://bucket36604.volume67780/root_dir/dir1/sub_dir1
2023-08-25 11:34:55,248 [Time-limited test] INFO  ozone.TestOzoneFileSystem (TestOzoneFileSystem.java:testRenameDir(1436)) - Will move o3fs://bucket36604.volume67780/root_dir/dir1 to o3fs://bucket36604.volume67780/root_dir/dir1.renamed
11:34:55.249 [IPC Server handler 18 on default port 15057] ERROR OMAudit - user=runner | ip=127.0.0.1 | op=GET_FILE_STATUS {volume=volume67780, bucket=bucket36604, key=root_dir/dir1.renamed, dataSize=0, replicationConfig=null} | ret=FAILURE
org.apache.hadoop.ozone.om.exceptions.OMException: Unable to get file status: volume: volume67780 bucket: bucket36604 key: root_dir/dir1.renamed
	at org.apache.hadoop.ozone.om.KeyManagerImpl.getOzoneFileStatus(KeyManagerImpl.java:1195) ~[ozone-manager-1.4.0-SNAPSHOT.jar:?]
	at org.apache.hadoop.ozone.om.KeyManagerImpl.getFileStatus(KeyManagerImpl.java:1113) ~[ozone-manager-1.4.0-SNAPSHOT.jar:?]
	at org.apache.hadoop.ozone.om.OmMetadataReader.getFileStatus(OmMetadataReader.java:262) ~[ozone-manager-1.4.0-SNAPSHOT.jar:?]
	at org.apache.hadoop.ozone.om.OzoneManager.getFileStatus(OzoneManager.java:3513) ~[ozone-manager-1.4.0-SNAPSHOT.jar:?]
	at org.apache.hadoop.ozone.protocolPB.OzoneManagerRequestHandler.getOzoneFileStatus(OzoneManagerRequestHandler.java:973) ~[ozone-manager-1.4.0-SNAPSHOT.jar:?]
	at org.apache.hadoop.ozone.protocolPB.OzoneManagerRequestHandler.handleReadRequest(OzoneManagerRequestHandler.java:252) ~[ozone-manager-1.4.0-SNAPSHOT.jar:?]
	at org.apache.hadoop.ozone.protocolPB.OzoneManagerProtocolServerSideTranslatorPB.submitRequestDirectlyToOM(OzoneManagerProtocolServerSideTranslatorPB.java:274) ~[ozone-manager-1.4.0-SNAPSHOT.jar:?]
	at org.apache.hadoop.ozone.protocolPB.OzoneManagerProtocolServerSideTranslatorPB.processRequest(OzoneManagerProtocolServerSideTranslatorPB.java:175) ~[ozone-manager-1.4.0-SNAPSHOT.jar:?]
	at org.apache.hadoop.hdds.server.OzoneProtocolMessageDispatcher.processRequest(OzoneProtocolMessageDispatcher.java:87) [hdds-server-framework-1.4.0-SNAPSHOT.jar:?]
	at org.apache.hadoop.ozone.protocolPB.OzoneManagerProtocolServerSideTranslatorPB.submitRequest(OzoneManagerProtocolServerSideTranslatorPB.java:148) [ozone-manager-1.4.0-SNAPSHOT.jar:?]
	at org.apache.hadoop.ozone.protocol.proto.OzoneManagerProtocolProtos$OzoneManagerService$2.callBlockingMethod(OzoneManagerProtocolProtos.java) [ozone-interface-client-1.4.0-SNAPSHOT.jar:?]
	at org.apache.hadoop.ipc.ProtobufRpcEngine$Server.processCall(ProtobufRpcEngine.java:484) [hadoop-common-3.3.6.jar:?]
	at org.apache.hadoop.ipc.ProtobufRpcEngine2$Server$ProtoBufRpcInvoker.call(ProtobufRpcEngine2.java:595) [hadoop-common-3.3.6.jar:?]
	at org.apache.hadoop.ipc.ProtobufRpcEngine2$Server$ProtoBufRpcInvoker.call(ProtobufRpcEngine2.java:573) [hadoop-common-3.3.6.jar:?]
	at org.apache.hadoop.ipc.RPC$Server.call(RPC.java:1227) [hadoop-common-3.3.6.jar:?]
	at org.apache.hadoop.ipc.Server$RpcCall.run(Server.java:1094) [hadoop-common-3.3.6.jar:?]
	at org.apache.hadoop.ipc.Server$RpcCall.run(Server.java:1017) [hadoop-common-3.3.6.jar:?]
	at java.security.AccessController.doPrivileged(Native Method) ~[?:1.8.0_382]
	at javax.security.auth.Subject.doAs(Subject.java:422) [?:1.8.0_382]
	at org.apache.hadoop.security.UserGroupInformation.doAs(UserGroupInformation.java:1899) [hadoop-common-3.3.6.jar:?]
	at org.apache.hadoop.ipc.Server$Handler.run(Server.java:3048) [hadoop-common-3.3.6.jar:?]
2023-08-25 11:34:55,258 [85c49798-3560-4dc9-a596-09ecbe4a8df4@group-BD9B704D0B35-FollowerState] INFO  impl.FollowerState (FollowerState.java:run(143)) - 85c49798-3560-4dc9-a596-09ecbe4a8df4@group-BD9B704D0B35-FollowerState: change to CANDIDATE, lastRpcElapsedTime:5115807376ns, electionTimeout:5115ms
2023-08-25 11:34:55,258 [85c49798-3560-4dc9-a596-09ecbe4a8df4@group-BD9B704D0B35-FollowerState] INFO  impl.RoleInfo (RoleInfo.java:shutdownFollowerState(110)) - 85c49798-3560-4dc9-a596-09ecbe4a8df4: shutdown 85c49798-3560-4dc9-a596-09ecbe4a8df4@group-BD9B704D0B35-FollowerState
2023-08-25 11:34:55,258 [85c49798-3560-4dc9-a596-09ecbe4a8df4@group-BD9B704D0B35-FollowerState] INFO  server.RaftServer$Division (RaftServerImpl.java:setRole(329)) - 85c49798-3560-4dc9-a596-09ecbe4a8df4@group-BD9B704D0B35: changes role from  FOLLOWER to CANDIDATE at term 0 for changeToCandidate
2023-08-25 11:34:55,258 [85c49798-3560-4dc9-a596-09ecbe4a8df4@group-BD9B704D0B35-FollowerState] INFO  server.RaftServerConfigKeys (ConfUtils.java:logGet(46)) - raft.server.leaderelection.pre-vote = true (default)
2023-08-25 11:34:55,258 [85c49798-3560-4dc9-a596-09ecbe4a8df4@group-BD9B704D0B35-FollowerState] INFO  impl.RoleInfo (RoleInfo.java:updateAndGet(139)) - 85c49798-3560-4dc9-a596-09ecbe4a8df4: start 85c49798-3560-4dc9-a596-09ecbe4a8df4@group-BD9B704D0B35-LeaderElection17
2023-08-25 11:34:55,267 [85c49798-3560-4dc9-a596-09ecbe4a8df4@group-BD9B704D0B35-LeaderElection17] INFO  impl.LeaderElection (LeaderElection.java:askForVotes(321)) - 85c49798-3560-4dc9-a596-09ecbe4a8df4@group-BD9B704D0B35-LeaderElection17 PRE_VOTE round 0: submit vote requests at term 0 for -1: peers:[85c49798-3560-4dc9-a596-09ecbe4a8df4|rpc:10.1.0.52:15085|admin:10.1.0.52:15084|client:10.1.0.52:15083|dataStream:10.1.0.52:15086|priority:1|startupRole:FOLLOWER]|listeners:[], old=null
2023-08-25 11:34:55,267 [85c49798-3560-4dc9-a596-09ecbe4a8df4@group-BD9B704D0B35-LeaderElection17] INFO  impl.LeaderElection (LeaderElection.java:askForVotes(323)) - 85c49798-3560-4dc9-a596-09ecbe4a8df4@group-BD9B704D0B35-LeaderElection17 PRE_VOTE round 0: result PASSED (term=0)
2023-08-25 11:34:55,270 [85c49798-3560-4dc9-a596-09ecbe4a8df4@group-BD9B704D0B35-LeaderElection17] INFO  impl.LeaderElection (LeaderElection.java:askForVotes(321)) - 85c49798-3560-4dc9-a596-09ecbe4a8df4@group-BD9B704D0B35-LeaderElection17 ELECTION round 0: submit vote requests at term 1 for -1: peers:[85c49798-3560-4dc9-a596-09ecbe4a8df4|rpc:10.1.0.52:15085|admin:10.1.0.52:15084|client:10.1.0.52:15083|dataStream:10.1.0.52:15086|priority:1|startupRole:FOLLOWER]|listeners:[], old=null
2023-08-25 11:34:55,270 [85c49798-3560-4dc9-a596-09ecbe4a8df4@group-BD9B704D0B35-LeaderElection17] INFO  impl.LeaderElection (LeaderElection.java:askForVotes(323)) - 85c49798-3560-4dc9-a596-09ecbe4a8df4@group-BD9B704D0B35-LeaderElection17 ELECTION round 0: result PASSED (term=1)
2023-08-25 11:34:55,270 [85c49798-3560-4dc9-a596-09ecbe4a8df4@group-BD9B704D0B35-LeaderElection17] INFO  impl.RoleInfo (RoleInfo.java:shutdownLeaderElection(130)) - 85c49798-3560-4dc9-a596-09ecbe4a8df4: shutdown 85c49798-3560-4dc9-a596-09ecbe4a8df4@group-BD9B704D0B35-LeaderElection17
2023-08-25 11:34:55,270 [85c49798-3560-4dc9-a596-09ecbe4a8df4@group-BD9B704D0B35-LeaderElection17] INFO  server.RaftServer$Division (RaftServerImpl.java:setRole(329)) - 85c49798-3560-4dc9-a596-09ecbe4a8df4@group-BD9B704D0B35: changes role from CANDIDATE to LEADER at term 1 for changeToLeader
2023-08-25 11:34:55,271 [85c49798-3560-4dc9-a596-09ecbe4a8df4@group-BD9B704D0B35-LeaderElection17] INFO  ratis.XceiverServerRatis (XceiverServerRatis.java:handleLeaderChangedNotification(902)) - Leader change notification received for group: group-BD9B704D0B35 with new leaderId: 85c49798-3560-4dc9-a596-09ecbe4a8df4
2023-08-25 11:34:55,271 [85c49798-3560-4dc9-a596-09ecbe4a8df4@group-BD9B704D0B35-LeaderElection17] INFO  server.RaftServer$Division (ServerState.java:setLeader(317)) - 85c49798-3560-4dc9-a596-09ecbe4a8df4@group-BD9B704D0B35: change Leader from null to 85c49798-3560-4dc9-a596-09ecbe4a8df4 at term 1 for becomeLeader, leader elected after 5157ms
]]></system-out>
  </testcase>
  <testcase name="testRenameDir" classname="TestOzoneFileSystem" time="0.03">
    <system-out><![CDATA[2023-08-25 11:36:20,304 [Time-limited test] INFO  ozone.TestOzoneFileSystem (TestOzoneFileSystem.java:testRenameDir(1435)) - Created dir o3fs://bucket28461.volume79256/root_dir/dir1/sub_dir1
2023-08-25 11:36:20,305 [Time-limited test] INFO  ozone.TestOzoneFileSystem (TestOzoneFileSystem.java:testRenameDir(1436)) - Will move o3fs://bucket28461.volume79256/root_dir/dir1 to o3fs://bucket28461.volume79256/root_dir/dir1.renamed
11:36:20.307 [IPC Server handler 10 on default port 15110] ERROR OMAudit - user=runner | ip=127.0.0.1 | op=GET_FILE_STATUS {volume=volume79256, bucket=bucket28461, key=root_dir/dir1.renamed, dataSize=0, replicationConfig=null} | ret=FAILURE
org.apache.hadoop.ozone.om.exceptions.OMException: Unable to get file status: volume: volume79256 bucket: bucket28461 key: root_dir/dir1.renamed
	at org.apache.hadoop.ozone.om.KeyManagerImpl.getOzoneFileStatus(KeyManagerImpl.java:1195) ~[ozone-manager-1.4.0-SNAPSHOT.jar:?]
	at org.apache.hadoop.ozone.om.KeyManagerImpl.getFileStatus(KeyManagerImpl.java:1113) ~[ozone-manager-1.4.0-SNAPSHOT.jar:?]
	at org.apache.hadoop.ozone.om.OmMetadataReader.getFileStatus(OmMetadataReader.java:262) ~[ozone-manager-1.4.0-SNAPSHOT.jar:?]
	at org.apache.hadoop.ozone.om.OzoneManager.getFileStatus(OzoneManager.java:3513) ~[ozone-manager-1.4.0-SNAPSHOT.jar:?]
	at org.apache.hadoop.ozone.protocolPB.OzoneManagerRequestHandler.getOzoneFileStatus(OzoneManagerRequestHandler.java:973) ~[ozone-manager-1.4.0-SNAPSHOT.jar:?]
	at org.apache.hadoop.ozone.protocolPB.OzoneManagerRequestHandler.handleReadRequest(OzoneManagerRequestHandler.java:252) ~[ozone-manager-1.4.0-SNAPSHOT.jar:?]
	at org.apache.hadoop.ozone.protocolPB.OzoneManagerProtocolServerSideTranslatorPB.submitReadRequestToOM(OzoneManagerProtocolServerSideTranslatorPB.java:225) ~[ozone-manager-1.4.0-SNAPSHOT.jar:?]
	at org.apache.hadoop.ozone.protocolPB.OzoneManagerProtocolServerSideTranslatorPB.processRequest(OzoneManagerProtocolServerSideTranslatorPB.java:179) ~[ozone-manager-1.4.0-SNAPSHOT.jar:?]
	at org.apache.hadoop.hdds.server.OzoneProtocolMessageDispatcher.processRequest(OzoneProtocolMessageDispatcher.java:87) [hdds-server-framework-1.4.0-SNAPSHOT.jar:?]
	at org.apache.hadoop.ozone.protocolPB.OzoneManagerProtocolServerSideTranslatorPB.submitRequest(OzoneManagerProtocolServerSideTranslatorPB.java:148) [ozone-manager-1.4.0-SNAPSHOT.jar:?]
	at org.apache.hadoop.ozone.protocol.proto.OzoneManagerProtocolProtos$OzoneManagerService$2.callBlockingMethod(OzoneManagerProtocolProtos.java) [ozone-interface-client-1.4.0-SNAPSHOT.jar:?]
	at org.apache.hadoop.ipc.ProtobufRpcEngine$Server.processCall(ProtobufRpcEngine.java:484) [hadoop-common-3.3.6.jar:?]
	at org.apache.hadoop.ipc.ProtobufRpcEngine2$Server$ProtoBufRpcInvoker.call(ProtobufRpcEngine2.java:595) [hadoop-common-3.3.6.jar:?]
	at org.apache.hadoop.ipc.ProtobufRpcEngine2$Server$ProtoBufRpcInvoker.call(ProtobufRpcEngine2.java:573) [hadoop-common-3.3.6.jar:?]
	at org.apache.hadoop.ipc.RPC$Server.call(RPC.java:1227) [hadoop-common-3.3.6.jar:?]
	at org.apache.hadoop.ipc.Server$RpcCall.run(Server.java:1094) [hadoop-common-3.3.6.jar:?]
	at org.apache.hadoop.ipc.Server$RpcCall.run(Server.java:1017) [hadoop-common-3.3.6.jar:?]
	at java.security.AccessController.doPrivileged(Native Method) ~[?:1.8.0_382]
	at javax.security.auth.Subject.doAs(Subject.java:422) [?:1.8.0_382]
	at org.apache.hadoop.security.UserGroupInformation.doAs(UserGroupInformation.java:1899) [hadoop-common-3.3.6.jar:?]
	at org.apache.hadoop.ipc.Server$Handler.run(Server.java:3048) [hadoop-common-3.3.6.jar:?]
]]></system-out>
  </testcase>
  <testcase name="testRenameDir" classname="TestOzoneFileSystem" time="0.024">
    <system-out><![CDATA[2023-08-25 11:37:56,433 [Time-limited test] INFO  ozone.TestOzoneFileSystem (TestOzoneFileSystem.java:testRenameDir(1435)) - Created dir o3fs://bucket29530.volume45503/root_dir/dir1/sub_dir1
2023-08-25 11:37:56,433 [Time-limited test] INFO  ozone.TestOzoneFileSystem (TestOzoneFileSystem.java:testRenameDir(1436)) - Will move o3fs://bucket29530.volume45503/root_dir/dir1 to o3fs://bucket29530.volume45503/root_dir/dir1.renamed
11:37:56.435 [IPC Server handler 9 on default port 15163] ERROR OMAudit - user=runner | ip=127.0.0.1 | op=GET_FILE_STATUS {volume=volume45503, bucket=bucket29530, key=root_dir/dir1.renamed, dataSize=0, replicationConfig=null} | ret=FAILURE
org.apache.hadoop.ozone.om.exceptions.OMException: Unable to get file status: volume: volume45503 bucket: bucket29530 key: root_dir/dir1.renamed
	at org.apache.hadoop.ozone.om.KeyManagerImpl.getOzoneFileStatus(KeyManagerImpl.java:1195) ~[ozone-manager-1.4.0-SNAPSHOT.jar:?]
	at org.apache.hadoop.ozone.om.KeyManagerImpl.getFileStatus(KeyManagerImpl.java:1113) ~[ozone-manager-1.4.0-SNAPSHOT.jar:?]
	at org.apache.hadoop.ozone.om.OmMetadataReader.getFileStatus(OmMetadataReader.java:262) ~[ozone-manager-1.4.0-SNAPSHOT.jar:?]
	at org.apache.hadoop.ozone.om.OzoneManager.getFileStatus(OzoneManager.java:3513) ~[ozone-manager-1.4.0-SNAPSHOT.jar:?]
	at org.apache.hadoop.ozone.protocolPB.OzoneManagerRequestHandler.getOzoneFileStatus(OzoneManagerRequestHandler.java:973) ~[ozone-manager-1.4.0-SNAPSHOT.jar:?]
	at org.apache.hadoop.ozone.protocolPB.OzoneManagerRequestHandler.handleReadRequest(OzoneManagerRequestHandler.java:252) ~[ozone-manager-1.4.0-SNAPSHOT.jar:?]
	at org.apache.hadoop.ozone.protocolPB.OzoneManagerProtocolServerSideTranslatorPB.submitRequestDirectlyToOM(OzoneManagerProtocolServerSideTranslatorPB.java:274) ~[ozone-manager-1.4.0-SNAPSHOT.jar:?]
	at org.apache.hadoop.ozone.protocolPB.OzoneManagerProtocolServerSideTranslatorPB.processRequest(OzoneManagerProtocolServerSideTranslatorPB.java:175) ~[ozone-manager-1.4.0-SNAPSHOT.jar:?]
	at org.apache.hadoop.hdds.server.OzoneProtocolMessageDispatcher.processRequest(OzoneProtocolMessageDispatcher.java:87) [hdds-server-framework-1.4.0-SNAPSHOT.jar:?]
	at org.apache.hadoop.ozone.protocolPB.OzoneManagerProtocolServerSideTranslatorPB.submitRequest(OzoneManagerProtocolServerSideTranslatorPB.java:148) [ozone-manager-1.4.0-SNAPSHOT.jar:?]
	at org.apache.hadoop.ozone.protocol.proto.OzoneManagerProtocolProtos$OzoneManagerService$2.callBlockingMethod(OzoneManagerProtocolProtos.java) [ozone-interface-client-1.4.0-SNAPSHOT.jar:?]
	at org.apache.hadoop.ipc.ProtobufRpcEngine$Server.processCall(ProtobufRpcEngine.java:484) [hadoop-common-3.3.6.jar:?]
	at org.apache.hadoop.ipc.ProtobufRpcEngine2$Server$ProtoBufRpcInvoker.call(ProtobufRpcEngine2.java:595) [hadoop-common-3.3.6.jar:?]
	at org.apache.hadoop.ipc.ProtobufRpcEngine2$Server$ProtoBufRpcInvoker.call(ProtobufRpcEngine2.java:573) [hadoop-common-3.3.6.jar:?]
	at org.apache.hadoop.ipc.RPC$Server.call(RPC.java:1227) [hadoop-common-3.3.6.jar:?]
	at org.apache.hadoop.ipc.Server$RpcCall.run(Server.java:1094) [hadoop-common-3.3.6.jar:?]
	at org.apache.hadoop.ipc.Server$RpcCall.run(Server.java:1017) [hadoop-common-3.3.6.jar:?]
	at java.security.AccessController.doPrivileged(Native Method) ~[?:1.8.0_382]
	at javax.security.auth.Subject.doAs(Subject.java:422) [?:1.8.0_382]
	at org.apache.hadoop.security.UserGroupInformation.doAs(UserGroupInformation.java:1899) [hadoop-common-3.3.6.jar:?]
	at org.apache.hadoop.ipc.Server$Handler.run(Server.java:3048) [hadoop-common-3.3.6.jar:?]
]]></system-out>
  </testcase>
  <testcase name="testListStatusIteratorOnSubDirs" classname="TestOzoneFileSystem" time="0.131"/>
  <testcase name="testListStatusIteratorOnSubDirs" classname="TestOzoneFileSystem" time="0.036">
    <system-out><![CDATA[2023-08-25 11:34:55,271 [85c49798-3560-4dc9-a596-09ecbe4a8df4@group-BD9B704D0B35-LeaderElection17] INFO  server.RaftServerConfigKeys (ConfUtils.java:logGet(46)) - raft.server.staging.catchup.gap = 1000 (default)
2023-08-25 11:34:55,271 [85c49798-3560-4dc9-a596-09ecbe4a8df4@group-BD9B704D0B35-LeaderElection17] INFO  server.RaftServerConfigKeys (ConfUtils.java:logGet(46)) - raft.server.write.element-limit = 1024 (custom)
2023-08-25 11:34:55,272 [85c49798-3560-4dc9-a596-09ecbe4a8df4@group-BD9B704D0B35-LeaderElection17] INFO  server.RaftServerConfigKeys (ConfUtils.java:logGet(46)) - raft.server.write.byte-limit = 1024 M (=1073741824) (custom)
2023-08-25 11:34:55,272 [85c49798-3560-4dc9-a596-09ecbe4a8df4@group-BD9B704D0B35-LeaderElection17] INFO  server.RaftServerConfigKeys (ConfUtils.java:logGet(46)) - raft.server.watch.timeout = 180s (custom)
2023-08-25 11:34:55,272 [85c49798-3560-4dc9-a596-09ecbe4a8df4@group-BD9B704D0B35-LeaderElection17] INFO  server.RaftServerConfigKeys (ConfUtils.java:logGet(46)) - raft.server.watch.timeout.denomination = 1s (default)
2023-08-25 11:34:55,272 [85c49798-3560-4dc9-a596-09ecbe4a8df4@group-BD9B704D0B35-LeaderElection17] INFO  server.RaftServerConfigKeys (ConfUtils.java:logGet(46)) - raft.server.watch.element-limit = 65536 (default)
2023-08-25 11:34:55,272 [85c49798-3560-4dc9-a596-09ecbe4a8df4@group-BD9B704D0B35-LeaderElection17] INFO  server.RaftServerConfigKeys (ConfUtils.java:logGet(46)) - raft.server.write.element-limit = 1024 (custom)
2023-08-25 11:34:55,272 [85c49798-3560-4dc9-a596-09ecbe4a8df4@group-BD9B704D0B35-LeaderElection17] INFO  server.RaftServerConfigKeys (ConfUtils.java:logGet(46)) - raft.server.write.follower.gap.ratio.max = -1.0 (default)
2023-08-25 11:34:55,272 [85c49798-3560-4dc9-a596-09ecbe4a8df4@group-BD9B704D0B35-LeaderElection17] INFO  impl.RoleInfo (RoleInfo.java:updateAndGet(139)) - 85c49798-3560-4dc9-a596-09ecbe4a8df4: start 85c49798-3560-4dc9-a596-09ecbe4a8df4@group-BD9B704D0B35-LeaderStateImpl
2023-08-25 11:34:55,274 [85c49798-3560-4dc9-a596-09ecbe4a8df4@group-BD9B704D0B35-LeaderElection17] INFO  segmented.SegmentedRaftLogWorker (SegmentedRaftLogWorker.java:startLogSegment(447)) - 85c49798-3560-4dc9-a596-09ecbe4a8df4@group-BD9B704D0B35-SegmentedRaftLogWorker: Starting segment from index:0
2023-08-25 11:34:55,276 [85c49798-3560-4dc9-a596-09ecbe4a8df4@group-BD9B704D0B35-SegmentedRaftLogWorker] INFO  segmented.SegmentedRaftLogWorker (SegmentedRaftLogWorker.java:execute(651)) - 85c49798-3560-4dc9-a596-09ecbe4a8df4@group-BD9B704D0B35-SegmentedRaftLogWorker: created new log segment /home/runner/work/ozone/ozone/hadoop-ozone/integration-test/target/test-dir/MiniOzoneClusterImpl-36fc3352-0e59-45fd-a08b-0e99224ecb60/datanode-2/data/ratis/3fcb97d6-b289-40e9-99cb-bd9b704d0b35/current/log_inprogress_0
2023-08-25 11:34:55,284 [85c49798-3560-4dc9-a596-09ecbe4a8df4@group-BD9B704D0B35-LeaderElection17] INFO  server.RaftServer$Division (ServerState.java:setRaftConf(434)) - 85c49798-3560-4dc9-a596-09ecbe4a8df4@group-BD9B704D0B35: set configuration 0: peers:[85c49798-3560-4dc9-a596-09ecbe4a8df4|rpc:10.1.0.52:15085|admin:10.1.0.52:15084|client:10.1.0.52:15083|dataStream:10.1.0.52:15086|priority:1|startupRole:FOLLOWER]|listeners:[], old=null
]]></system-out>
  </testcase>
  <testcase name="testListStatusIteratorOnSubDirs" classname="TestOzoneFileSystem" time="0.025"/>
  <testcase name="testListStatusIteratorOnSubDirs" classname="TestOzoneFileSystem" time="0.026"/>
  <testcase name="testAllocateMoreThanOneBlock" classname="TestOzoneFileSystem" time="0.763">
    <system-out><![CDATA[2023-08-25 11:32:59,708 [IPC Server handler 4 on default port 15001] WARN  node.SCMNodeManager (SCMNodeManager.java:getNodesByAddress(1373)) - Cannot find node for address 127.0.0.1
]]></system-out>
  </testcase>
  <testcase name="testAllocateMoreThanOneBlock" classname="TestOzoneFileSystem" time="0.374">
    <system-out><![CDATA[2023-08-25 11:34:55,671 [IPC Server handler 5 on default port 15054] WARN  node.SCMNodeManager (SCMNodeManager.java:getNodesByAddress(1373)) - Cannot find node for address 127.0.0.1
]]></system-out>
  </testcase>
  <testcase name="testAllocateMoreThanOneBlock" classname="TestOzoneFileSystem" time="0.421">
    <system-out><![CDATA[2023-08-25 11:36:20,631 [8d6e1dbb-3941-4a04-b7a8-0c911dee3672@group-DCC22C7E2ED5-FollowerState] INFO  impl.FollowerState (FollowerState.java:run(143)) - 8d6e1dbb-3941-4a04-b7a8-0c911dee3672@group-DCC22C7E2ED5-FollowerState: change to CANDIDATE, lastRpcElapsedTime:5026657738ns, electionTimeout:5023ms
2023-08-25 11:36:20,631 [8d6e1dbb-3941-4a04-b7a8-0c911dee3672@group-DCC22C7E2ED5-FollowerState] INFO  impl.RoleInfo (RoleInfo.java:shutdownFollowerState(110)) - 8d6e1dbb-3941-4a04-b7a8-0c911dee3672: shutdown 8d6e1dbb-3941-4a04-b7a8-0c911dee3672@group-DCC22C7E2ED5-FollowerState
2023-08-25 11:36:20,631 [8d6e1dbb-3941-4a04-b7a8-0c911dee3672@group-DCC22C7E2ED5-FollowerState] INFO  server.RaftServer$Division (RaftServerImpl.java:setRole(329)) - 8d6e1dbb-3941-4a04-b7a8-0c911dee3672@group-DCC22C7E2ED5: changes role from  FOLLOWER to CANDIDATE at term 0 for changeToCandidate
2023-08-25 11:36:20,631 [8d6e1dbb-3941-4a04-b7a8-0c911dee3672@group-DCC22C7E2ED5-FollowerState] INFO  server.RaftServerConfigKeys (ConfUtils.java:logGet(46)) - raft.server.leaderelection.pre-vote = true (default)
2023-08-25 11:36:20,631 [8d6e1dbb-3941-4a04-b7a8-0c911dee3672@group-DCC22C7E2ED5-FollowerState] INFO  impl.RoleInfo (RoleInfo.java:updateAndGet(139)) - 8d6e1dbb-3941-4a04-b7a8-0c911dee3672: start 8d6e1dbb-3941-4a04-b7a8-0c911dee3672@group-DCC22C7E2ED5-LeaderElection28
2023-08-25 11:36:20,647 [8d6e1dbb-3941-4a04-b7a8-0c911dee3672@group-DCC22C7E2ED5-LeaderElection28] INFO  impl.LeaderElection (LeaderElection.java:askForVotes(321)) - 8d6e1dbb-3941-4a04-b7a8-0c911dee3672@group-DCC22C7E2ED5-LeaderElection28 PRE_VOTE round 0: submit vote requests at term 0 for -1: peers:[8d6e1dbb-3941-4a04-b7a8-0c911dee3672|rpc:10.1.0.52:15147|admin:10.1.0.52:15146|client:10.1.0.52:15145|dataStream:10.1.0.52:15148|priority:1|startupRole:FOLLOWER]|listeners:[], old=null
2023-08-25 11:36:20,647 [8d6e1dbb-3941-4a04-b7a8-0c911dee3672@group-DCC22C7E2ED5-LeaderElection28] INFO  impl.LeaderElection (LeaderElection.java:askForVotes(323)) - 8d6e1dbb-3941-4a04-b7a8-0c911dee3672@group-DCC22C7E2ED5-LeaderElection28 PRE_VOTE round 0: result PASSED (term=0)
2023-08-25 11:36:20,653 [8d6e1dbb-3941-4a04-b7a8-0c911dee3672@group-DCC22C7E2ED5-LeaderElection28] INFO  impl.LeaderElection (LeaderElection.java:askForVotes(321)) - 8d6e1dbb-3941-4a04-b7a8-0c911dee3672@group-DCC22C7E2ED5-LeaderElection28 ELECTION round 0: submit vote requests at term 1 for -1: peers:[8d6e1dbb-3941-4a04-b7a8-0c911dee3672|rpc:10.1.0.52:15147|admin:10.1.0.52:15146|client:10.1.0.52:15145|dataStream:10.1.0.52:15148|priority:1|startupRole:FOLLOWER]|listeners:[], old=null
2023-08-25 11:36:20,653 [8d6e1dbb-3941-4a04-b7a8-0c911dee3672@group-DCC22C7E2ED5-LeaderElection28] INFO  impl.LeaderElection (LeaderElection.java:askForVotes(323)) - 8d6e1dbb-3941-4a04-b7a8-0c911dee3672@group-DCC22C7E2ED5-LeaderElection28 ELECTION round 0: result PASSED (term=1)
2023-08-25 11:36:20,653 [8d6e1dbb-3941-4a04-b7a8-0c911dee3672@group-DCC22C7E2ED5-LeaderElection28] INFO  impl.RoleInfo (RoleInfo.java:shutdownLeaderElection(130)) - 8d6e1dbb-3941-4a04-b7a8-0c911dee3672: shutdown 8d6e1dbb-3941-4a04-b7a8-0c911dee3672@group-DCC22C7E2ED5-LeaderElection28
2023-08-25 11:36:20,653 [8d6e1dbb-3941-4a04-b7a8-0c911dee3672@group-DCC22C7E2ED5-LeaderElection28] INFO  server.RaftServer$Division (RaftServerImpl.java:setRole(329)) - 8d6e1dbb-3941-4a04-b7a8-0c911dee3672@group-DCC22C7E2ED5: changes role from CANDIDATE to LEADER at term 1 for changeToLeader
2023-08-25 11:36:20,653 [8d6e1dbb-3941-4a04-b7a8-0c911dee3672@group-DCC22C7E2ED5-LeaderElection28] INFO  ratis.XceiverServerRatis (XceiverServerRatis.java:handleLeaderChangedNotification(902)) - Leader change notification received for group: group-DCC22C7E2ED5 with new leaderId: 8d6e1dbb-3941-4a04-b7a8-0c911dee3672
2023-08-25 11:36:20,665 [8d6e1dbb-3941-4a04-b7a8-0c911dee3672@group-DCC22C7E2ED5-LeaderElection28] INFO  server.RaftServer$Division (ServerState.java:setLeader(317)) - 8d6e1dbb-3941-4a04-b7a8-0c911dee3672@group-DCC22C7E2ED5: change Leader from null to 8d6e1dbb-3941-4a04-b7a8-0c911dee3672 at term 1 for becomeLeader, leader elected after 5068ms
2023-08-25 11:36:20,665 [8d6e1dbb-3941-4a04-b7a8-0c911dee3672@group-DCC22C7E2ED5-LeaderElection28] INFO  server.RaftServerConfigKeys (ConfUtils.java:logGet(46)) - raft.server.staging.catchup.gap = 1000 (default)
2023-08-25 11:36:20,666 [8d6e1dbb-3941-4a04-b7a8-0c911dee3672@group-DCC22C7E2ED5-LeaderElection28] INFO  server.RaftServerConfigKeys (ConfUtils.java:logGet(46)) - raft.server.write.element-limit = 1024 (custom)
2023-08-25 11:36:20,666 [8d6e1dbb-3941-4a04-b7a8-0c911dee3672@group-DCC22C7E2ED5-LeaderElection28] INFO  server.RaftServerConfigKeys (ConfUtils.java:logGet(46)) - raft.server.write.byte-limit = 1024 M (=1073741824) (custom)
2023-08-25 11:36:20,666 [8d6e1dbb-3941-4a04-b7a8-0c911dee3672@group-DCC22C7E2ED5-LeaderElection28] INFO  server.RaftServerConfigKeys (ConfUtils.java:logGet(46)) - raft.server.watch.timeout = 180s (custom)
2023-08-25 11:36:20,666 [8d6e1dbb-3941-4a04-b7a8-0c911dee3672@group-DCC22C7E2ED5-LeaderElection28] INFO  server.RaftServerConfigKeys (ConfUtils.java:logGet(46)) - raft.server.watch.timeout.denomination = 1s (default)
2023-08-25 11:36:20,666 [8d6e1dbb-3941-4a04-b7a8-0c911dee3672@group-DCC22C7E2ED5-LeaderElection28] INFO  server.RaftServerConfigKeys (ConfUtils.java:logGet(46)) - raft.server.watch.element-limit = 65536 (default)
2023-08-25 11:36:20,666 [8d6e1dbb-3941-4a04-b7a8-0c911dee3672@group-DCC22C7E2ED5-LeaderElection28] INFO  server.RaftServerConfigKeys (ConfUtils.java:logGet(46)) - raft.server.write.element-limit = 1024 (custom)
2023-08-25 11:36:20,666 [8d6e1dbb-3941-4a04-b7a8-0c911dee3672@group-DCC22C7E2ED5-LeaderElection28] INFO  server.RaftServerConfigKeys (ConfUtils.java:logGet(46)) - raft.server.write.follower.gap.ratio.max = -1.0 (default)
2023-08-25 11:36:20,666 [8d6e1dbb-3941-4a04-b7a8-0c911dee3672@group-DCC22C7E2ED5-LeaderElection28] INFO  impl.RoleInfo (RoleInfo.java:updateAndGet(139)) - 8d6e1dbb-3941-4a04-b7a8-0c911dee3672: start 8d6e1dbb-3941-4a04-b7a8-0c911dee3672@group-DCC22C7E2ED5-LeaderStateImpl
2023-08-25 11:36:20,667 [8d6e1dbb-3941-4a04-b7a8-0c911dee3672@group-DCC22C7E2ED5-LeaderElection28] INFO  segmented.SegmentedRaftLogWorker (SegmentedRaftLogWorker.java:startLogSegment(447)) - 8d6e1dbb-3941-4a04-b7a8-0c911dee3672@group-DCC22C7E2ED5-SegmentedRaftLogWorker: Starting segment from index:0
2023-08-25 11:36:20,669 [8d6e1dbb-3941-4a04-b7a8-0c911dee3672@group-DCC22C7E2ED5-SegmentedRaftLogWorker] INFO  segmented.SegmentedRaftLogWorker (SegmentedRaftLogWorker.java:execute(651)) - 8d6e1dbb-3941-4a04-b7a8-0c911dee3672@group-DCC22C7E2ED5-SegmentedRaftLogWorker: created new log segment /home/runner/work/ozone/ozone/hadoop-ozone/integration-test/target/test-dir/MiniOzoneClusterImpl-9e80f0e6-d3ce-4c33-b1a3-32fa2c9dea98/datanode-3/data/ratis/32710029-dcf2-487e-8bba-dcc22c7e2ed5/current/log_inprogress_0
2023-08-25 11:36:20,673 [8d6e1dbb-3941-4a04-b7a8-0c911dee3672@group-DCC22C7E2ED5-LeaderElection28] INFO  server.RaftServer$Division (ServerState.java:setRaftConf(434)) - 8d6e1dbb-3941-4a04-b7a8-0c911dee3672@group-DCC22C7E2ED5: set configuration 0: peers:[8d6e1dbb-3941-4a04-b7a8-0c911dee3672|rpc:10.1.0.52:15147|admin:10.1.0.52:15146|client:10.1.0.52:15145|dataStream:10.1.0.52:15148|priority:1|startupRole:FOLLOWER]|listeners:[], old=null
2023-08-25 11:36:20,752 [IPC Server handler 0 on default port 15107] WARN  node.SCMNodeManager (SCMNodeManager.java:getNodesByAddress(1373)) - Cannot find node for address 127.0.0.1
]]></system-out>
  </testcase>
  <testcase name="testAllocateMoreThanOneBlock" classname="TestOzoneFileSystem" time="0.312">
    <system-out><![CDATA[2023-08-25 11:37:56,505 [f8b5371a-a27d-49bd-9775-6107617962eb@group-C7D8F09D5413-FollowerState] INFO  impl.FollowerState (FollowerState.java:run(143)) - f8b5371a-a27d-49bd-9775-6107617962eb@group-C7D8F09D5413-FollowerState: change to CANDIDATE, lastRpcElapsedTime:5080714141ns, electionTimeout:5080ms
2023-08-25 11:37:56,505 [f8b5371a-a27d-49bd-9775-6107617962eb@group-C7D8F09D5413-FollowerState] INFO  impl.RoleInfo (RoleInfo.java:shutdownFollowerState(110)) - f8b5371a-a27d-49bd-9775-6107617962eb: shutdown f8b5371a-a27d-49bd-9775-6107617962eb@group-C7D8F09D5413-FollowerState
2023-08-25 11:37:56,506 [f8b5371a-a27d-49bd-9775-6107617962eb@group-C7D8F09D5413-FollowerState] INFO  server.RaftServer$Division (RaftServerImpl.java:setRole(329)) - f8b5371a-a27d-49bd-9775-6107617962eb@group-C7D8F09D5413: changes role from  FOLLOWER to CANDIDATE at term 0 for changeToCandidate
2023-08-25 11:37:56,506 [f8b5371a-a27d-49bd-9775-6107617962eb@group-C7D8F09D5413-FollowerState] INFO  server.RaftServerConfigKeys (ConfUtils.java:logGet(46)) - raft.server.leaderelection.pre-vote = true (default)
2023-08-25 11:37:56,506 [f8b5371a-a27d-49bd-9775-6107617962eb@group-C7D8F09D5413-FollowerState] INFO  impl.RoleInfo (RoleInfo.java:updateAndGet(139)) - f8b5371a-a27d-49bd-9775-6107617962eb: start f8b5371a-a27d-49bd-9775-6107617962eb@group-C7D8F09D5413-LeaderElection35
2023-08-25 11:37:56,544 [f8b5371a-a27d-49bd-9775-6107617962eb@group-C7D8F09D5413-LeaderElection35] INFO  impl.LeaderElection (LeaderElection.java:askForVotes(321)) - f8b5371a-a27d-49bd-9775-6107617962eb@group-C7D8F09D5413-LeaderElection35 PRE_VOTE round 0: submit vote requests at term 0 for -1: peers:[f8b5371a-a27d-49bd-9775-6107617962eb|rpc:10.1.0.52:15191|admin:10.1.0.52:15190|client:10.1.0.52:15189|dataStream:10.1.0.52:15192|priority:1|startupRole:FOLLOWER]|listeners:[], old=null
2023-08-25 11:37:56,544 [f8b5371a-a27d-49bd-9775-6107617962eb@group-C7D8F09D5413-LeaderElection35] INFO  impl.LeaderElection (LeaderElection.java:askForVotes(323)) - f8b5371a-a27d-49bd-9775-6107617962eb@group-C7D8F09D5413-LeaderElection35 PRE_VOTE round 0: result PASSED (term=0)
2023-08-25 11:37:56,547 [f8b5371a-a27d-49bd-9775-6107617962eb@group-C7D8F09D5413-LeaderElection35] INFO  impl.LeaderElection (LeaderElection.java:askForVotes(321)) - f8b5371a-a27d-49bd-9775-6107617962eb@group-C7D8F09D5413-LeaderElection35 ELECTION round 0: submit vote requests at term 1 for -1: peers:[f8b5371a-a27d-49bd-9775-6107617962eb|rpc:10.1.0.52:15191|admin:10.1.0.52:15190|client:10.1.0.52:15189|dataStream:10.1.0.52:15192|priority:1|startupRole:FOLLOWER]|listeners:[], old=null
2023-08-25 11:37:56,547 [f8b5371a-a27d-49bd-9775-6107617962eb@group-C7D8F09D5413-LeaderElection35] INFO  impl.LeaderElection (LeaderElection.java:askForVotes(323)) - f8b5371a-a27d-49bd-9775-6107617962eb@group-C7D8F09D5413-LeaderElection35 ELECTION round 0: result PASSED (term=1)
2023-08-25 11:37:56,547 [f8b5371a-a27d-49bd-9775-6107617962eb@group-C7D8F09D5413-LeaderElection35] INFO  impl.RoleInfo (RoleInfo.java:shutdownLeaderElection(130)) - f8b5371a-a27d-49bd-9775-6107617962eb: shutdown f8b5371a-a27d-49bd-9775-6107617962eb@group-C7D8F09D5413-LeaderElection35
2023-08-25 11:37:56,547 [f8b5371a-a27d-49bd-9775-6107617962eb@group-C7D8F09D5413-LeaderElection35] INFO  server.RaftServer$Division (RaftServerImpl.java:setRole(329)) - f8b5371a-a27d-49bd-9775-6107617962eb@group-C7D8F09D5413: changes role from CANDIDATE to LEADER at term 1 for changeToLeader
2023-08-25 11:37:56,547 [f8b5371a-a27d-49bd-9775-6107617962eb@group-C7D8F09D5413-LeaderElection35] INFO  ratis.XceiverServerRatis (XceiverServerRatis.java:handleLeaderChangedNotification(902)) - Leader change notification received for group: group-C7D8F09D5413 with new leaderId: f8b5371a-a27d-49bd-9775-6107617962eb
2023-08-25 11:37:56,549 [f8b5371a-a27d-49bd-9775-6107617962eb@group-C7D8F09D5413-LeaderElection35] INFO  server.RaftServer$Division (ServerState.java:setLeader(317)) - f8b5371a-a27d-49bd-9775-6107617962eb@group-C7D8F09D5413: change Leader from null to f8b5371a-a27d-49bd-9775-6107617962eb at term 1 for becomeLeader, leader elected after 5138ms
2023-08-25 11:37:56,549 [f8b5371a-a27d-49bd-9775-6107617962eb@group-C7D8F09D5413-LeaderElection35] INFO  server.RaftServerConfigKeys (ConfUtils.java:logGet(46)) - raft.server.staging.catchup.gap = 1000 (default)
2023-08-25 11:37:56,549 [f8b5371a-a27d-49bd-9775-6107617962eb@group-C7D8F09D5413-LeaderElection35] INFO  server.RaftServerConfigKeys (ConfUtils.java:logGet(46)) - raft.server.write.element-limit = 1024 (custom)
2023-08-25 11:37:56,549 [f8b5371a-a27d-49bd-9775-6107617962eb@group-C7D8F09D5413-LeaderElection35] INFO  server.RaftServerConfigKeys (ConfUtils.java:logGet(46)) - raft.server.write.byte-limit = 1024 M (=1073741824) (custom)
2023-08-25 11:37:56,549 [f8b5371a-a27d-49bd-9775-6107617962eb@group-C7D8F09D5413-LeaderElection35] INFO  server.RaftServerConfigKeys (ConfUtils.java:logGet(46)) - raft.server.watch.timeout = 180s (custom)
2023-08-25 11:37:56,549 [f8b5371a-a27d-49bd-9775-6107617962eb@group-C7D8F09D5413-LeaderElection35] INFO  server.RaftServerConfigKeys (ConfUtils.java:logGet(46)) - raft.server.watch.timeout.denomination = 1s (default)
2023-08-25 11:37:56,549 [f8b5371a-a27d-49bd-9775-6107617962eb@group-C7D8F09D5413-LeaderElection35] INFO  server.RaftServerConfigKeys (ConfUtils.java:logGet(46)) - raft.server.watch.element-limit = 65536 (default)
2023-08-25 11:37:56,550 [f8b5371a-a27d-49bd-9775-6107617962eb@group-C7D8F09D5413-LeaderElection35] INFO  server.RaftServerConfigKeys (ConfUtils.java:logGet(46)) - raft.server.write.element-limit = 1024 (custom)
2023-08-25 11:37:56,550 [f8b5371a-a27d-49bd-9775-6107617962eb@group-C7D8F09D5413-LeaderElection35] INFO  server.RaftServerConfigKeys (ConfUtils.java:logGet(46)) - raft.server.write.follower.gap.ratio.max = -1.0 (default)
2023-08-25 11:37:56,550 [f8b5371a-a27d-49bd-9775-6107617962eb@group-C7D8F09D5413-LeaderElection35] INFO  impl.RoleInfo (RoleInfo.java:updateAndGet(139)) - f8b5371a-a27d-49bd-9775-6107617962eb: start f8b5371a-a27d-49bd-9775-6107617962eb@group-C7D8F09D5413-LeaderStateImpl
2023-08-25 11:37:56,550 [f8b5371a-a27d-49bd-9775-6107617962eb@group-C7D8F09D5413-LeaderElection35] INFO  segmented.SegmentedRaftLogWorker (SegmentedRaftLogWorker.java:startLogSegment(447)) - f8b5371a-a27d-49bd-9775-6107617962eb@group-C7D8F09D5413-SegmentedRaftLogWorker: Starting segment from index:0
2023-08-25 11:37:56,551 [f8b5371a-a27d-49bd-9775-6107617962eb@group-C7D8F09D5413-LeaderElection35] INFO  server.RaftServer$Division (ServerState.java:setRaftConf(434)) - f8b5371a-a27d-49bd-9775-6107617962eb@group-C7D8F09D5413: set configuration 0: peers:[f8b5371a-a27d-49bd-9775-6107617962eb|rpc:10.1.0.52:15191|admin:10.1.0.52:15190|client:10.1.0.52:15189|dataStream:10.1.0.52:15192|priority:1|startupRole:FOLLOWER]|listeners:[], old=null
2023-08-25 11:37:56,552 [f8b5371a-a27d-49bd-9775-6107617962eb@group-C7D8F09D5413-SegmentedRaftLogWorker] INFO  segmented.SegmentedRaftLogWorker (SegmentedRaftLogWorker.java:execute(651)) - f8b5371a-a27d-49bd-9775-6107617962eb@group-C7D8F09D5413-SegmentedRaftLogWorker: created new log segment /home/runner/work/ozone/ozone/hadoop-ozone/integration-test/target/test-dir/MiniOzoneClusterImpl-e63a8ec6-da9e-4c95-a9d5-015e34518cdf/datanode-2/data/ratis/ec091f4b-bbe4-4c00-97cc-c7d8f09d5413/current/log_inprogress_0
2023-08-25 11:37:56,786 [IPC Server handler 12 on default port 15160] WARN  node.SCMNodeManager (SCMNodeManager.java:getNodesByAddress(1373)) - Cannot find node for address 127.0.0.1
]]></system-out>
  </testcase>
  <testcase name="testRenameToExistingDir" classname="TestOzoneFileSystem" time="0.098">
    <system-out><![CDATA[11:32:59.774 [IPC Server handler 7 on default port 15004] ERROR OMAudit - user=runner | ip=127.0.0.1 | op=LIST_STATUS {volume=volume54121, bucket=bucket59518, key=b/a, dataSize=0, replicationConfig=null} | ret=FAILURE
org.apache.hadoop.ozone.om.exceptions.OMException: Unable to get file status: volume: volume54121 bucket: bucket59518 key: b/a
	at org.apache.hadoop.ozone.om.KeyManagerImpl.getOzoneFileStatus(KeyManagerImpl.java:1195) ~[ozone-manager-1.4.0-SNAPSHOT.jar:?]
	at org.apache.hadoop.ozone.om.KeyManagerImpl.getFileStatus(KeyManagerImpl.java:1113) ~[ozone-manager-1.4.0-SNAPSHOT.jar:?]
	at org.apache.hadoop.ozone.om.KeyManagerImpl.listStatus(KeyManagerImpl.java:1505) ~[ozone-manager-1.4.0-SNAPSHOT.jar:?]
	at org.apache.hadoop.ozone.om.OmMetadataReader.listStatus(OmMetadataReader.java:235) ~[ozone-manager-1.4.0-SNAPSHOT.jar:?]
	at org.apache.hadoop.ozone.om.OzoneManager.listStatus(OzoneManager.java:3543) ~[ozone-manager-1.4.0-SNAPSHOT.jar:?]
	at org.apache.hadoop.ozone.protocolPB.OzoneManagerRequestHandler.listStatus(OzoneManagerRequestHandler.java:1145) ~[ozone-manager-1.4.0-SNAPSHOT.jar:?]
	at org.apache.hadoop.ozone.protocolPB.OzoneManagerRequestHandler.handleReadRequest(OzoneManagerRequestHandler.java:263) ~[ozone-manager-1.4.0-SNAPSHOT.jar:?]
	at org.apache.hadoop.ozone.protocolPB.OzoneManagerProtocolServerSideTranslatorPB.submitReadRequestToOM(OzoneManagerProtocolServerSideTranslatorPB.java:225) ~[ozone-manager-1.4.0-SNAPSHOT.jar:?]
	at org.apache.hadoop.ozone.protocolPB.OzoneManagerProtocolServerSideTranslatorPB.processRequest(OzoneManagerProtocolServerSideTranslatorPB.java:179) ~[ozone-manager-1.4.0-SNAPSHOT.jar:?]
	at org.apache.hadoop.hdds.server.OzoneProtocolMessageDispatcher.processRequest(OzoneProtocolMessageDispatcher.java:87) [hdds-server-framework-1.4.0-SNAPSHOT.jar:?]
	at org.apache.hadoop.ozone.protocolPB.OzoneManagerProtocolServerSideTranslatorPB.submitRequest(OzoneManagerProtocolServerSideTranslatorPB.java:148) [ozone-manager-1.4.0-SNAPSHOT.jar:?]
	at org.apache.hadoop.ozone.protocol.proto.OzoneManagerProtocolProtos$OzoneManagerService$2.callBlockingMethod(OzoneManagerProtocolProtos.java) [ozone-interface-client-1.4.0-SNAPSHOT.jar:?]
	at org.apache.hadoop.ipc.ProtobufRpcEngine$Server.processCall(ProtobufRpcEngine.java:484) [hadoop-common-3.3.6.jar:?]
	at org.apache.hadoop.ipc.ProtobufRpcEngine2$Server$ProtoBufRpcInvoker.call(ProtobufRpcEngine2.java:595) [hadoop-common-3.3.6.jar:?]
	at org.apache.hadoop.ipc.ProtobufRpcEngine2$Server$ProtoBufRpcInvoker.call(ProtobufRpcEngine2.java:573) [hadoop-common-3.3.6.jar:?]
	at org.apache.hadoop.ipc.RPC$Server.call(RPC.java:1227) [hadoop-common-3.3.6.jar:?]
	at org.apache.hadoop.ipc.Server$RpcCall.run(Server.java:1094) [hadoop-common-3.3.6.jar:?]
	at org.apache.hadoop.ipc.Server$RpcCall.run(Server.java:1017) [hadoop-common-3.3.6.jar:?]
	at java.security.AccessController.doPrivileged(Native Method) ~[?:1.8.0_382]
	at javax.security.auth.Subject.doAs(Subject.java:422) [?:1.8.0_382]
	at org.apache.hadoop.security.UserGroupInformation.doAs(UserGroupInformation.java:1899) [hadoop-common-3.3.6.jar:?]
	at org.apache.hadoop.ipc.Server$Handler.run(Server.java:3048) [hadoop-common-3.3.6.jar:?]
]]></system-out>
  </testcase>
  <testcase name="testRenameToExistingDir" classname="TestOzoneFileSystem" time="0.037">
    <system-out><![CDATA[11:34:55.698 [IPC Server handler 14 on default port 15057] ERROR OMAudit - user=runner | ip=127.0.0.1 | op=LIST_STATUS {volume=volume67780, bucket=bucket36604, key=b/a, dataSize=0, replicationConfig=null} | ret=FAILURE
org.apache.hadoop.ozone.om.exceptions.OMException: Unable to get file status: volume: volume67780 bucket: bucket36604 key: b/a
	at org.apache.hadoop.ozone.om.KeyManagerImpl.getOzoneFileStatus(KeyManagerImpl.java:1195) ~[ozone-manager-1.4.0-SNAPSHOT.jar:?]
	at org.apache.hadoop.ozone.om.KeyManagerImpl.getFileStatus(KeyManagerImpl.java:1113) ~[ozone-manager-1.4.0-SNAPSHOT.jar:?]
	at org.apache.hadoop.ozone.om.KeyManagerImpl.listStatus(KeyManagerImpl.java:1505) ~[ozone-manager-1.4.0-SNAPSHOT.jar:?]
	at org.apache.hadoop.ozone.om.OmMetadataReader.listStatus(OmMetadataReader.java:235) ~[ozone-manager-1.4.0-SNAPSHOT.jar:?]
	at org.apache.hadoop.ozone.om.OzoneManager.listStatus(OzoneManager.java:3543) ~[ozone-manager-1.4.0-SNAPSHOT.jar:?]
	at org.apache.hadoop.ozone.protocolPB.OzoneManagerRequestHandler.listStatus(OzoneManagerRequestHandler.java:1145) ~[ozone-manager-1.4.0-SNAPSHOT.jar:?]
	at org.apache.hadoop.ozone.protocolPB.OzoneManagerRequestHandler.handleReadRequest(OzoneManagerRequestHandler.java:263) ~[ozone-manager-1.4.0-SNAPSHOT.jar:?]
	at org.apache.hadoop.ozone.protocolPB.OzoneManagerProtocolServerSideTranslatorPB.submitRequestDirectlyToOM(OzoneManagerProtocolServerSideTranslatorPB.java:274) ~[ozone-manager-1.4.0-SNAPSHOT.jar:?]
	at org.apache.hadoop.ozone.protocolPB.OzoneManagerProtocolServerSideTranslatorPB.processRequest(OzoneManagerProtocolServerSideTranslatorPB.java:175) ~[ozone-manager-1.4.0-SNAPSHOT.jar:?]
	at org.apache.hadoop.hdds.server.OzoneProtocolMessageDispatcher.processRequest(OzoneProtocolMessageDispatcher.java:87) [hdds-server-framework-1.4.0-SNAPSHOT.jar:?]
	at org.apache.hadoop.ozone.protocolPB.OzoneManagerProtocolServerSideTranslatorPB.submitRequest(OzoneManagerProtocolServerSideTranslatorPB.java:148) [ozone-manager-1.4.0-SNAPSHOT.jar:?]
	at org.apache.hadoop.ozone.protocol.proto.OzoneManagerProtocolProtos$OzoneManagerService$2.callBlockingMethod(OzoneManagerProtocolProtos.java) [ozone-interface-client-1.4.0-SNAPSHOT.jar:?]
	at org.apache.hadoop.ipc.ProtobufRpcEngine$Server.processCall(ProtobufRpcEngine.java:484) [hadoop-common-3.3.6.jar:?]
	at org.apache.hadoop.ipc.ProtobufRpcEngine2$Server$ProtoBufRpcInvoker.call(ProtobufRpcEngine2.java:595) [hadoop-common-3.3.6.jar:?]
	at org.apache.hadoop.ipc.ProtobufRpcEngine2$Server$ProtoBufRpcInvoker.call(ProtobufRpcEngine2.java:573) [hadoop-common-3.3.6.jar:?]
	at org.apache.hadoop.ipc.RPC$Server.call(RPC.java:1227) [hadoop-common-3.3.6.jar:?]
	at org.apache.hadoop.ipc.Server$RpcCall.run(Server.java:1094) [hadoop-common-3.3.6.jar:?]
	at org.apache.hadoop.ipc.Server$RpcCall.run(Server.java:1017) [hadoop-common-3.3.6.jar:?]
	at java.security.AccessController.doPrivileged(Native Method) ~[?:1.8.0_382]
	at javax.security.auth.Subject.doAs(Subject.java:422) [?:1.8.0_382]
	at org.apache.hadoop.security.UserGroupInformation.doAs(UserGroupInformation.java:1899) [hadoop-common-3.3.6.jar:?]
	at org.apache.hadoop.ipc.Server$Handler.run(Server.java:3048) [hadoop-common-3.3.6.jar:?]
]]></system-out>
  </testcase>
  <testcase name="testRenameToExistingDir" classname="TestOzoneFileSystem" time="0.029">
    <system-out><![CDATA[11:36:20.789 [IPC Server handler 19 on default port 15110] ERROR OMAudit - user=runner | ip=127.0.0.1 | op=LIST_STATUS {volume=volume79256, bucket=bucket28461, key=b/a, dataSize=0, replicationConfig=null} | ret=FAILURE
org.apache.hadoop.ozone.om.exceptions.OMException: Unable to get file status: volume: volume79256 bucket: bucket28461 key: b/a
	at org.apache.hadoop.ozone.om.KeyManagerImpl.getOzoneFileStatus(KeyManagerImpl.java:1195) ~[ozone-manager-1.4.0-SNAPSHOT.jar:?]
	at org.apache.hadoop.ozone.om.KeyManagerImpl.getFileStatus(KeyManagerImpl.java:1113) ~[ozone-manager-1.4.0-SNAPSHOT.jar:?]
	at org.apache.hadoop.ozone.om.KeyManagerImpl.listStatus(KeyManagerImpl.java:1505) ~[ozone-manager-1.4.0-SNAPSHOT.jar:?]
	at org.apache.hadoop.ozone.om.OmMetadataReader.listStatus(OmMetadataReader.java:235) ~[ozone-manager-1.4.0-SNAPSHOT.jar:?]
	at org.apache.hadoop.ozone.om.OzoneManager.listStatus(OzoneManager.java:3543) ~[ozone-manager-1.4.0-SNAPSHOT.jar:?]
	at org.apache.hadoop.ozone.protocolPB.OzoneManagerRequestHandler.listStatus(OzoneManagerRequestHandler.java:1145) ~[ozone-manager-1.4.0-SNAPSHOT.jar:?]
	at org.apache.hadoop.ozone.protocolPB.OzoneManagerRequestHandler.handleReadRequest(OzoneManagerRequestHandler.java:263) ~[ozone-manager-1.4.0-SNAPSHOT.jar:?]
	at org.apache.hadoop.ozone.protocolPB.OzoneManagerProtocolServerSideTranslatorPB.submitReadRequestToOM(OzoneManagerProtocolServerSideTranslatorPB.java:225) ~[ozone-manager-1.4.0-SNAPSHOT.jar:?]
	at org.apache.hadoop.ozone.protocolPB.OzoneManagerProtocolServerSideTranslatorPB.processRequest(OzoneManagerProtocolServerSideTranslatorPB.java:179) ~[ozone-manager-1.4.0-SNAPSHOT.jar:?]
	at org.apache.hadoop.hdds.server.OzoneProtocolMessageDispatcher.processRequest(OzoneProtocolMessageDispatcher.java:87) [hdds-server-framework-1.4.0-SNAPSHOT.jar:?]
	at org.apache.hadoop.ozone.protocolPB.OzoneManagerProtocolServerSideTranslatorPB.submitRequest(OzoneManagerProtocolServerSideTranslatorPB.java:148) [ozone-manager-1.4.0-SNAPSHOT.jar:?]
	at org.apache.hadoop.ozone.protocol.proto.OzoneManagerProtocolProtos$OzoneManagerService$2.callBlockingMethod(OzoneManagerProtocolProtos.java) [ozone-interface-client-1.4.0-SNAPSHOT.jar:?]
	at org.apache.hadoop.ipc.ProtobufRpcEngine$Server.processCall(ProtobufRpcEngine.java:484) [hadoop-common-3.3.6.jar:?]
	at org.apache.hadoop.ipc.ProtobufRpcEngine2$Server$ProtoBufRpcInvoker.call(ProtobufRpcEngine2.java:595) [hadoop-common-3.3.6.jar:?]
	at org.apache.hadoop.ipc.ProtobufRpcEngine2$Server$ProtoBufRpcInvoker.call(ProtobufRpcEngine2.java:573) [hadoop-common-3.3.6.jar:?]
	at org.apache.hadoop.ipc.RPC$Server.call(RPC.java:1227) [hadoop-common-3.3.6.jar:?]
	at org.apache.hadoop.ipc.Server$RpcCall.run(Server.java:1094) [hadoop-common-3.3.6.jar:?]
	at org.apache.hadoop.ipc.Server$RpcCall.run(Server.java:1017) [hadoop-common-3.3.6.jar:?]
	at java.security.AccessController.doPrivileged(Native Method) ~[?:1.8.0_382]
	at javax.security.auth.Subject.doAs(Subject.java:422) [?:1.8.0_382]
	at org.apache.hadoop.security.UserGroupInformation.doAs(UserGroupInformation.java:1899) [hadoop-common-3.3.6.jar:?]
	at org.apache.hadoop.ipc.Server$Handler.run(Server.java:3048) [hadoop-common-3.3.6.jar:?]
]]></system-out>
  </testcase>
  <testcase name="testRenameToExistingDir" classname="TestOzoneFileSystem" time="0.019">
    <system-out><![CDATA[11:37:56.802 [IPC Server handler 2 on default port 15163] ERROR OMAudit - user=runner | ip=127.0.0.1 | op=LIST_STATUS {volume=volume45503, bucket=bucket29530, key=b/a, dataSize=0, replicationConfig=null} | ret=FAILURE
org.apache.hadoop.ozone.om.exceptions.OMException: Unable to get file status: volume: volume45503 bucket: bucket29530 key: b/a
	at org.apache.hadoop.ozone.om.KeyManagerImpl.getOzoneFileStatus(KeyManagerImpl.java:1195) ~[ozone-manager-1.4.0-SNAPSHOT.jar:?]
	at org.apache.hadoop.ozone.om.KeyManagerImpl.getFileStatus(KeyManagerImpl.java:1113) ~[ozone-manager-1.4.0-SNAPSHOT.jar:?]
	at org.apache.hadoop.ozone.om.KeyManagerImpl.listStatus(KeyManagerImpl.java:1505) ~[ozone-manager-1.4.0-SNAPSHOT.jar:?]
	at org.apache.hadoop.ozone.om.OmMetadataReader.listStatus(OmMetadataReader.java:235) ~[ozone-manager-1.4.0-SNAPSHOT.jar:?]
	at org.apache.hadoop.ozone.om.OzoneManager.listStatus(OzoneManager.java:3543) ~[ozone-manager-1.4.0-SNAPSHOT.jar:?]
	at org.apache.hadoop.ozone.protocolPB.OzoneManagerRequestHandler.listStatus(OzoneManagerRequestHandler.java:1145) ~[ozone-manager-1.4.0-SNAPSHOT.jar:?]
	at org.apache.hadoop.ozone.protocolPB.OzoneManagerRequestHandler.handleReadRequest(OzoneManagerRequestHandler.java:263) ~[ozone-manager-1.4.0-SNAPSHOT.jar:?]
	at org.apache.hadoop.ozone.protocolPB.OzoneManagerProtocolServerSideTranslatorPB.submitRequestDirectlyToOM(OzoneManagerProtocolServerSideTranslatorPB.java:274) ~[ozone-manager-1.4.0-SNAPSHOT.jar:?]
	at org.apache.hadoop.ozone.protocolPB.OzoneManagerProtocolServerSideTranslatorPB.processRequest(OzoneManagerProtocolServerSideTranslatorPB.java:175) ~[ozone-manager-1.4.0-SNAPSHOT.jar:?]
	at org.apache.hadoop.hdds.server.OzoneProtocolMessageDispatcher.processRequest(OzoneProtocolMessageDispatcher.java:87) [hdds-server-framework-1.4.0-SNAPSHOT.jar:?]
	at org.apache.hadoop.ozone.protocolPB.OzoneManagerProtocolServerSideTranslatorPB.submitRequest(OzoneManagerProtocolServerSideTranslatorPB.java:148) [ozone-manager-1.4.0-SNAPSHOT.jar:?]
	at org.apache.hadoop.ozone.protocol.proto.OzoneManagerProtocolProtos$OzoneManagerService$2.callBlockingMethod(OzoneManagerProtocolProtos.java) [ozone-interface-client-1.4.0-SNAPSHOT.jar:?]
	at org.apache.hadoop.ipc.ProtobufRpcEngine$Server.processCall(ProtobufRpcEngine.java:484) [hadoop-common-3.3.6.jar:?]
	at org.apache.hadoop.ipc.ProtobufRpcEngine2$Server$ProtoBufRpcInvoker.call(ProtobufRpcEngine2.java:595) [hadoop-common-3.3.6.jar:?]
	at org.apache.hadoop.ipc.ProtobufRpcEngine2$Server$ProtoBufRpcInvoker.call(ProtobufRpcEngine2.java:573) [hadoop-common-3.3.6.jar:?]
	at org.apache.hadoop.ipc.RPC$Server.call(RPC.java:1227) [hadoop-common-3.3.6.jar:?]
	at org.apache.hadoop.ipc.Server$RpcCall.run(Server.java:1094) [hadoop-common-3.3.6.jar:?]
	at org.apache.hadoop.ipc.Server$RpcCall.run(Server.java:1017) [hadoop-common-3.3.6.jar:?]
	at java.security.AccessController.doPrivileged(Native Method) ~[?:1.8.0_382]
	at javax.security.auth.Subject.doAs(Subject.java:422) [?:1.8.0_382]
	at org.apache.hadoop.security.UserGroupInformation.doAs(UserGroupInformation.java:1899) [hadoop-common-3.3.6.jar:?]
	at org.apache.hadoop.ipc.Server$Handler.run(Server.java:3048) [hadoop-common-3.3.6.jar:?]
]]></system-out>
  </testcase>
  <testcase name="testRenameDirToItsOwnSubDir" classname="TestOzoneFileSystem" time="0.047">
    <system-out><![CDATA[2023-08-25 11:32:59,853 [Time-limited test] INFO  ozone.TestOzoneFileSystem (TestOzoneFileSystem.java:testRenameDirToItsOwnSubDir(1174)) - Created dir1 o3fs://bucket59518.volume54121/root/dir1/sub_dir1
2023-08-25 11:32:59,853 [Time-limited test] INFO  ozone.TestOzoneFileSystem (TestOzoneFileSystem.java:testRenameDirToItsOwnSubDir(1177)) - Rename op-> source:o3fs://bucket59518.volume54121/root to destin:o3fs://bucket59518.volume54121/root/dir1/sub_dir1
]]></system-out>
  </testcase>
  <testcase name="testRenameDirToItsOwnSubDir" classname="TestOzoneFileSystem" time="0.014">
    <system-out><![CDATA[2023-08-25 11:34:55,724 [Time-limited test] INFO  ozone.TestOzoneFileSystem (TestOzoneFileSystem.java:testRenameDirToItsOwnSubDir(1174)) - Created dir1 o3fs://bucket36604.volume67780/root/dir1/sub_dir1
2023-08-25 11:34:55,724 [Time-limited test] INFO  ozone.TestOzoneFileSystem (TestOzoneFileSystem.java:testRenameDirToItsOwnSubDir(1177)) - Rename op-> source:o3fs://bucket36604.volume67780/root to destin:o3fs://bucket36604.volume67780/root/dir1/sub_dir1
]]></system-out>
  </testcase>
  <testcase name="testRenameDirToItsOwnSubDir" classname="TestOzoneFileSystem" time="0.014">
    <system-out><![CDATA[2023-08-25 11:36:20,811 [Time-limited test] INFO  ozone.TestOzoneFileSystem (TestOzoneFileSystem.java:testRenameDirToItsOwnSubDir(1174)) - Created dir1 o3fs://bucket28461.volume79256/root/dir1/sub_dir1
2023-08-25 11:36:20,811 [Time-limited test] INFO  ozone.TestOzoneFileSystem (TestOzoneFileSystem.java:testRenameDirToItsOwnSubDir(1177)) - Rename op-> source:o3fs://bucket28461.volume79256/root to destin:o3fs://bucket28461.volume79256/root/dir1/sub_dir1
]]></system-out>
  </testcase>
  <testcase name="testRenameDirToItsOwnSubDir" classname="TestOzoneFileSystem" time="0.011">
    <system-out><![CDATA[2023-08-25 11:37:56,818 [Time-limited test] INFO  ozone.TestOzoneFileSystem (TestOzoneFileSystem.java:testRenameDirToItsOwnSubDir(1174)) - Created dir1 o3fs://bucket29530.volume45503/root/dir1/sub_dir1
2023-08-25 11:37:56,818 [Time-limited test] INFO  ozone.TestOzoneFileSystem (TestOzoneFileSystem.java:testRenameDirToItsOwnSubDir(1177)) - Rename op-> source:o3fs://bucket29530.volume45503/root to destin:o3fs://bucket29530.volume45503/root/dir1/sub_dir1
]]></system-out>
  </testcase>
  <testcase name="testGetDirectoryModificationTime" classname="TestOzoneFileSystem" time="0.288"/>
  <testcase name="testGetDirectoryModificationTime" classname="TestOzoneFileSystem" time="0.15"/>
  <testcase name="testGetDirectoryModificationTime" classname="TestOzoneFileSystem" time="0.135"/>
  <testcase name="testGetDirectoryModificationTime" classname="TestOzoneFileSystem" time="0.127"/>
  <testcase name="testOzoneFsServiceLoader" classname="TestOzoneFileSystem" time="0.011"/>
  <testcase name="testOzoneFsServiceLoader" classname="TestOzoneFileSystem" time="0.005"/>
  <testcase name="testOzoneFsServiceLoader" classname="TestOzoneFileSystem" time="0.002"/>
  <testcase name="testOzoneFsServiceLoader" classname="TestOzoneFileSystem" time="0.002"/>
  <testcase name="testTrash" classname="TestOzoneFileSystem" time="5.127">
    <system-out><![CDATA[11:33:00.223 [IPC Server handler 3 on default port 15004] ERROR OMAudit - user=runner | ip=127.0.0.1 | op=GET_FILE_STATUS {volume=volume54121, bucket=bucket59518, key=.Trash/runner/Current/testKey2, dataSize=0, replicationConfig=null} | ret=FAILURE
org.apache.hadoop.ozone.om.exceptions.OMException: Unable to get file status: volume: volume54121 bucket: bucket59518 key: .Trash/runner/Current/testKey2
	at org.apache.hadoop.ozone.om.KeyManagerImpl.getOzoneFileStatus(KeyManagerImpl.java:1195) ~[ozone-manager-1.4.0-SNAPSHOT.jar:?]
	at org.apache.hadoop.ozone.om.KeyManagerImpl.getFileStatus(KeyManagerImpl.java:1113) ~[ozone-manager-1.4.0-SNAPSHOT.jar:?]
	at org.apache.hadoop.ozone.om.OmMetadataReader.getFileStatus(OmMetadataReader.java:262) ~[ozone-manager-1.4.0-SNAPSHOT.jar:?]
	at org.apache.hadoop.ozone.om.OzoneManager.getFileStatus(OzoneManager.java:3513) ~[ozone-manager-1.4.0-SNAPSHOT.jar:?]
	at org.apache.hadoop.ozone.protocolPB.OzoneManagerRequestHandler.getOzoneFileStatus(OzoneManagerRequestHandler.java:973) ~[ozone-manager-1.4.0-SNAPSHOT.jar:?]
	at org.apache.hadoop.ozone.protocolPB.OzoneManagerRequestHandler.handleReadRequest(OzoneManagerRequestHandler.java:252) ~[ozone-manager-1.4.0-SNAPSHOT.jar:?]
	at org.apache.hadoop.ozone.protocolPB.OzoneManagerProtocolServerSideTranslatorPB.submitReadRequestToOM(OzoneManagerProtocolServerSideTranslatorPB.java:225) ~[ozone-manager-1.4.0-SNAPSHOT.jar:?]
	at org.apache.hadoop.ozone.protocolPB.OzoneManagerProtocolServerSideTranslatorPB.processRequest(OzoneManagerProtocolServerSideTranslatorPB.java:179) ~[ozone-manager-1.4.0-SNAPSHOT.jar:?]
	at org.apache.hadoop.hdds.server.OzoneProtocolMessageDispatcher.processRequest(OzoneProtocolMessageDispatcher.java:87) [hdds-server-framework-1.4.0-SNAPSHOT.jar:?]
	at org.apache.hadoop.ozone.protocolPB.OzoneManagerProtocolServerSideTranslatorPB.submitRequest(OzoneManagerProtocolServerSideTranslatorPB.java:148) [ozone-manager-1.4.0-SNAPSHOT.jar:?]
	at org.apache.hadoop.ozone.protocol.proto.OzoneManagerProtocolProtos$OzoneManagerService$2.callBlockingMethod(OzoneManagerProtocolProtos.java) [ozone-interface-client-1.4.0-SNAPSHOT.jar:?]
	at org.apache.hadoop.ipc.ProtobufRpcEngine$Server.processCall(ProtobufRpcEngine.java:484) [hadoop-common-3.3.6.jar:?]
	at org.apache.hadoop.ipc.ProtobufRpcEngine2$Server$ProtoBufRpcInvoker.call(ProtobufRpcEngine2.java:595) [hadoop-common-3.3.6.jar:?]
	at org.apache.hadoop.ipc.ProtobufRpcEngine2$Server$ProtoBufRpcInvoker.call(ProtobufRpcEngine2.java:573) [hadoop-common-3.3.6.jar:?]
	at org.apache.hadoop.ipc.RPC$Server.call(RPC.java:1227) [hadoop-common-3.3.6.jar:?]
	at org.apache.hadoop.ipc.Server$RpcCall.run(Server.java:1094) [hadoop-common-3.3.6.jar:?]
	at org.apache.hadoop.ipc.Server$RpcCall.run(Server.java:1017) [hadoop-common-3.3.6.jar:?]
	at java.security.AccessController.doPrivileged(Native Method) ~[?:1.8.0_382]
	at javax.security.auth.Subject.doAs(Subject.java:422) [?:1.8.0_382]
	at org.apache.hadoop.security.UserGroupInformation.doAs(UserGroupInformation.java:1899) [hadoop-common-3.3.6.jar:?]
	at org.apache.hadoop.ipc.Server$Handler.run(Server.java:3048) [hadoop-common-3.3.6.jar:?]
11:33:00.230 [IPC Server handler 5 on default port 15004] ERROR OMAudit - user=runner | ip=127.0.0.1 | op=GET_FILE_STATUS {volume=volume54121, bucket=bucket59518, key=.Trash/runner/Current/testKey2, dataSize=0, replicationConfig=null} | ret=FAILURE
org.apache.hadoop.ozone.om.exceptions.OMException: Unable to get file status: volume: volume54121 bucket: bucket59518 key: .Trash/runner/Current/testKey2
	at org.apache.hadoop.ozone.om.KeyManagerImpl.getOzoneFileStatus(KeyManagerImpl.java:1195) ~[ozone-manager-1.4.0-SNAPSHOT.jar:?]
	at org.apache.hadoop.ozone.om.KeyManagerImpl.getFileStatus(KeyManagerImpl.java:1113) ~[ozone-manager-1.4.0-SNAPSHOT.jar:?]
	at org.apache.hadoop.ozone.om.OmMetadataReader.getFileStatus(OmMetadataReader.java:262) ~[ozone-manager-1.4.0-SNAPSHOT.jar:?]
	at org.apache.hadoop.ozone.om.OzoneManager.getFileStatus(OzoneManager.java:3513) ~[ozone-manager-1.4.0-SNAPSHOT.jar:?]
	at org.apache.hadoop.ozone.protocolPB.OzoneManagerRequestHandler.getOzoneFileStatus(OzoneManagerRequestHandler.java:973) ~[ozone-manager-1.4.0-SNAPSHOT.jar:?]
	at org.apache.hadoop.ozone.protocolPB.OzoneManagerRequestHandler.handleReadRequest(OzoneManagerRequestHandler.java:252) ~[ozone-manager-1.4.0-SNAPSHOT.jar:?]
	at org.apache.hadoop.ozone.protocolPB.OzoneManagerProtocolServerSideTranslatorPB.submitReadRequestToOM(OzoneManagerProtocolServerSideTranslatorPB.java:225) ~[ozone-manager-1.4.0-SNAPSHOT.jar:?]
	at org.apache.hadoop.ozone.protocolPB.OzoneManagerProtocolServerSideTranslatorPB.processRequest(OzoneManagerProtocolServerSideTranslatorPB.java:179) ~[ozone-manager-1.4.0-SNAPSHOT.jar:?]
	at org.apache.hadoop.hdds.server.OzoneProtocolMessageDispatcher.processRequest(OzoneProtocolMessageDispatcher.java:87) [hdds-server-framework-1.4.0-SNAPSHOT.jar:?]
	at org.apache.hadoop.ozone.protocolPB.OzoneManagerProtocolServerSideTranslatorPB.submitRequest(OzoneManagerProtocolServerSideTranslatorPB.java:148) [ozone-manager-1.4.0-SNAPSHOT.jar:?]
	at org.apache.hadoop.ozone.protocol.proto.OzoneManagerProtocolProtos$OzoneManagerService$2.callBlockingMethod(OzoneManagerProtocolProtos.java) [ozone-interface-client-1.4.0-SNAPSHOT.jar:?]
	at org.apache.hadoop.ipc.ProtobufRpcEngine$Server.processCall(ProtobufRpcEngine.java:484) [hadoop-common-3.3.6.jar:?]
	at org.apache.hadoop.ipc.ProtobufRpcEngine2$Server$ProtoBufRpcInvoker.call(ProtobufRpcEngine2.java:595) [hadoop-common-3.3.6.jar:?]
	at org.apache.hadoop.ipc.ProtobufRpcEngine2$Server$ProtoBufRpcInvoker.call(ProtobufRpcEngine2.java:573) [hadoop-common-3.3.6.jar:?]
	at org.apache.hadoop.ipc.RPC$Server.call(RPC.java:1227) [hadoop-common-3.3.6.jar:?]
	at org.apache.hadoop.ipc.Server$RpcCall.run(Server.java:1094) [hadoop-common-3.3.6.jar:?]
	at org.apache.hadoop.ipc.Server$RpcCall.run(Server.java:1017) [hadoop-common-3.3.6.jar:?]
	at java.security.AccessController.doPrivileged(Native Method) ~[?:1.8.0_382]
	at javax.security.auth.Subject.doAs(Subject.java:422) [?:1.8.0_382]
	at org.apache.hadoop.security.UserGroupInformation.doAs(UserGroupInformation.java:1899) [hadoop-common-3.3.6.jar:?]
	at org.apache.hadoop.ipc.Server$Handler.run(Server.java:3048) [hadoop-common-3.3.6.jar:?]
2023-08-25 11:33:00,247 [Time-limited test] INFO  om.TrashPolicyOzone (TrashPolicyOzone.java:moveToTrash(209)) - Moved: '/testKey2' to trash at: /.Trash/runner/Current/testKey2
11:33:02.260 [IPC Server handler 2 on default port 15004] ERROR OMAudit - user=runner | ip=127.0.0.1 | op=GET_FILE_STATUS {volume=volume54121, bucket=bucket59518, key=.Trash/runner/Current/testKey2, dataSize=0, replicationConfig=null} | ret=FAILURE
org.apache.hadoop.ozone.om.exceptions.OMException: Unable to get file status: volume: volume54121 bucket: bucket59518 key: .Trash/runner/Current/testKey2
	at org.apache.hadoop.ozone.om.KeyManagerImpl.getOzoneFileStatus(KeyManagerImpl.java:1195) ~[ozone-manager-1.4.0-SNAPSHOT.jar:?]
	at org.apache.hadoop.ozone.om.KeyManagerImpl.getFileStatus(KeyManagerImpl.java:1113) ~[ozone-manager-1.4.0-SNAPSHOT.jar:?]
	at org.apache.hadoop.ozone.om.OmMetadataReader.getFileStatus(OmMetadataReader.java:262) ~[ozone-manager-1.4.0-SNAPSHOT.jar:?]
	at org.apache.hadoop.ozone.om.OzoneManager.getFileStatus(OzoneManager.java:3513) ~[ozone-manager-1.4.0-SNAPSHOT.jar:?]
	at org.apache.hadoop.ozone.protocolPB.OzoneManagerRequestHandler.getOzoneFileStatus(OzoneManagerRequestHandler.java:973) ~[ozone-manager-1.4.0-SNAPSHOT.jar:?]
	at org.apache.hadoop.ozone.protocolPB.OzoneManagerRequestHandler.handleReadRequest(OzoneManagerRequestHandler.java:252) ~[ozone-manager-1.4.0-SNAPSHOT.jar:?]
	at org.apache.hadoop.ozone.protocolPB.OzoneManagerProtocolServerSideTranslatorPB.submitReadRequestToOM(OzoneManagerProtocolServerSideTranslatorPB.java:225) ~[ozone-manager-1.4.0-SNAPSHOT.jar:?]
	at org.apache.hadoop.ozone.protocolPB.OzoneManagerProtocolServerSideTranslatorPB.processRequest(OzoneManagerProtocolServerSideTranslatorPB.java:179) ~[ozone-manager-1.4.0-SNAPSHOT.jar:?]
	at org.apache.hadoop.hdds.server.OzoneProtocolMessageDispatcher.processRequest(OzoneProtocolMessageDispatcher.java:87) [hdds-server-framework-1.4.0-SNAPSHOT.jar:?]
	at org.apache.hadoop.ozone.protocolPB.OzoneManagerProtocolServerSideTranslatorPB.submitRequest(OzoneManagerProtocolServerSideTranslatorPB.java:148) [ozone-manager-1.4.0-SNAPSHOT.jar:?]
	at org.apache.hadoop.ozone.protocol.proto.OzoneManagerProtocolProtos$OzoneManagerService$2.callBlockingMethod(OzoneManagerProtocolProtos.java) [ozone-interface-client-1.4.0-SNAPSHOT.jar:?]
	at org.apache.hadoop.ipc.ProtobufRpcEngine$Server.processCall(ProtobufRpcEngine.java:484) [hadoop-common-3.3.6.jar:?]
	at org.apache.hadoop.ipc.ProtobufRpcEngine2$Server$ProtoBufRpcInvoker.call(ProtobufRpcEngine2.java:595) [hadoop-common-3.3.6.jar:?]
	at org.apache.hadoop.ipc.ProtobufRpcEngine2$Server$ProtoBufRpcInvoker.call(ProtobufRpcEngine2.java:573) [hadoop-common-3.3.6.jar:?]
	at org.apache.hadoop.ipc.RPC$Server.call(RPC.java:1227) [hadoop-common-3.3.6.jar:?]
	at org.apache.hadoop.ipc.Server$RpcCall.run(Server.java:1094) [hadoop-common-3.3.6.jar:?]
	at org.apache.hadoop.ipc.Server$RpcCall.run(Server.java:1017) [hadoop-common-3.3.6.jar:?]
	at java.security.AccessController.doPrivileged(Native Method) ~[?:1.8.0_382]
	at javax.security.auth.Subject.doAs(Subject.java:422) [?:1.8.0_382]
	at org.apache.hadoop.security.UserGroupInformation.doAs(UserGroupInformation.java:1899) [hadoop-common-3.3.6.jar:?]
	at org.apache.hadoop.ipc.Server$Handler.run(Server.java:3048) [hadoop-common-3.3.6.jar:?]
]]></system-out>
  </testcase>
  <testcase name="testTrash" classname="TestOzoneFileSystem" time="5.058">
    <system-out><![CDATA[11:34:55.909 [IPC Server handler 17 on default port 15057] ERROR OMAudit - user=runner | ip=127.0.0.1 | op=GET_FILE_STATUS {volume=volume67780, bucket=bucket36604, key=.Trash/runner/Current/testKey2, dataSize=0, replicationConfig=null} | ret=FAILURE
org.apache.hadoop.ozone.om.exceptions.OMException: Unable to get file status: volume: volume67780 bucket: bucket36604 key: .Trash/runner/Current/testKey2
	at org.apache.hadoop.ozone.om.KeyManagerImpl.getOzoneFileStatus(KeyManagerImpl.java:1195) ~[ozone-manager-1.4.0-SNAPSHOT.jar:?]
	at org.apache.hadoop.ozone.om.KeyManagerImpl.getFileStatus(KeyManagerImpl.java:1113) ~[ozone-manager-1.4.0-SNAPSHOT.jar:?]
	at org.apache.hadoop.ozone.om.OmMetadataReader.getFileStatus(OmMetadataReader.java:262) ~[ozone-manager-1.4.0-SNAPSHOT.jar:?]
	at org.apache.hadoop.ozone.om.OzoneManager.getFileStatus(OzoneManager.java:3513) ~[ozone-manager-1.4.0-SNAPSHOT.jar:?]
	at org.apache.hadoop.ozone.protocolPB.OzoneManagerRequestHandler.getOzoneFileStatus(OzoneManagerRequestHandler.java:973) ~[ozone-manager-1.4.0-SNAPSHOT.jar:?]
	at org.apache.hadoop.ozone.protocolPB.OzoneManagerRequestHandler.handleReadRequest(OzoneManagerRequestHandler.java:252) ~[ozone-manager-1.4.0-SNAPSHOT.jar:?]
	at org.apache.hadoop.ozone.protocolPB.OzoneManagerProtocolServerSideTranslatorPB.submitRequestDirectlyToOM(OzoneManagerProtocolServerSideTranslatorPB.java:274) ~[ozone-manager-1.4.0-SNAPSHOT.jar:?]
	at org.apache.hadoop.ozone.protocolPB.OzoneManagerProtocolServerSideTranslatorPB.processRequest(OzoneManagerProtocolServerSideTranslatorPB.java:175) ~[ozone-manager-1.4.0-SNAPSHOT.jar:?]
	at org.apache.hadoop.hdds.server.OzoneProtocolMessageDispatcher.processRequest(OzoneProtocolMessageDispatcher.java:87) [hdds-server-framework-1.4.0-SNAPSHOT.jar:?]
	at org.apache.hadoop.ozone.protocolPB.OzoneManagerProtocolServerSideTranslatorPB.submitRequest(OzoneManagerProtocolServerSideTranslatorPB.java:148) [ozone-manager-1.4.0-SNAPSHOT.jar:?]
	at org.apache.hadoop.ozone.protocol.proto.OzoneManagerProtocolProtos$OzoneManagerService$2.callBlockingMethod(OzoneManagerProtocolProtos.java) [ozone-interface-client-1.4.0-SNAPSHOT.jar:?]
	at org.apache.hadoop.ipc.ProtobufRpcEngine$Server.processCall(ProtobufRpcEngine.java:484) [hadoop-common-3.3.6.jar:?]
	at org.apache.hadoop.ipc.ProtobufRpcEngine2$Server$ProtoBufRpcInvoker.call(ProtobufRpcEngine2.java:595) [hadoop-common-3.3.6.jar:?]
	at org.apache.hadoop.ipc.ProtobufRpcEngine2$Server$ProtoBufRpcInvoker.call(ProtobufRpcEngine2.java:573) [hadoop-common-3.3.6.jar:?]
	at org.apache.hadoop.ipc.RPC$Server.call(RPC.java:1227) [hadoop-common-3.3.6.jar:?]
	at org.apache.hadoop.ipc.Server$RpcCall.run(Server.java:1094) [hadoop-common-3.3.6.jar:?]
	at org.apache.hadoop.ipc.Server$RpcCall.run(Server.java:1017) [hadoop-common-3.3.6.jar:?]
	at java.security.AccessController.doPrivileged(Native Method) ~[?:1.8.0_382]
	at javax.security.auth.Subject.doAs(Subject.java:422) [?:1.8.0_382]
	at org.apache.hadoop.security.UserGroupInformation.doAs(UserGroupInformation.java:1899) [hadoop-common-3.3.6.jar:?]
	at org.apache.hadoop.ipc.Server$Handler.run(Server.java:3048) [hadoop-common-3.3.6.jar:?]
11:34:55.912 [IPC Server handler 19 on default port 15057] ERROR OMAudit - user=runner | ip=127.0.0.1 | op=GET_FILE_STATUS {volume=volume67780, bucket=bucket36604, key=.Trash/runner/Current/testKey2, dataSize=0, replicationConfig=null} | ret=FAILURE
org.apache.hadoop.ozone.om.exceptions.OMException: Unable to get file status: volume: volume67780 bucket: bucket36604 key: .Trash/runner/Current/testKey2
	at org.apache.hadoop.ozone.om.KeyManagerImpl.getOzoneFileStatus(KeyManagerImpl.java:1195) ~[ozone-manager-1.4.0-SNAPSHOT.jar:?]
	at org.apache.hadoop.ozone.om.KeyManagerImpl.getFileStatus(KeyManagerImpl.java:1113) ~[ozone-manager-1.4.0-SNAPSHOT.jar:?]
	at org.apache.hadoop.ozone.om.OmMetadataReader.getFileStatus(OmMetadataReader.java:262) ~[ozone-manager-1.4.0-SNAPSHOT.jar:?]
	at org.apache.hadoop.ozone.om.OzoneManager.getFileStatus(OzoneManager.java:3513) ~[ozone-manager-1.4.0-SNAPSHOT.jar:?]
	at org.apache.hadoop.ozone.protocolPB.OzoneManagerRequestHandler.getOzoneFileStatus(OzoneManagerRequestHandler.java:973) ~[ozone-manager-1.4.0-SNAPSHOT.jar:?]
	at org.apache.hadoop.ozone.protocolPB.OzoneManagerRequestHandler.handleReadRequest(OzoneManagerRequestHandler.java:252) ~[ozone-manager-1.4.0-SNAPSHOT.jar:?]
	at org.apache.hadoop.ozone.protocolPB.OzoneManagerProtocolServerSideTranslatorPB.submitRequestDirectlyToOM(OzoneManagerProtocolServerSideTranslatorPB.java:274) ~[ozone-manager-1.4.0-SNAPSHOT.jar:?]
	at org.apache.hadoop.ozone.protocolPB.OzoneManagerProtocolServerSideTranslatorPB.processRequest(OzoneManagerProtocolServerSideTranslatorPB.java:175) ~[ozone-manager-1.4.0-SNAPSHOT.jar:?]
	at org.apache.hadoop.hdds.server.OzoneProtocolMessageDispatcher.processRequest(OzoneProtocolMessageDispatcher.java:87) [hdds-server-framework-1.4.0-SNAPSHOT.jar:?]
	at org.apache.hadoop.ozone.protocolPB.OzoneManagerProtocolServerSideTranslatorPB.submitRequest(OzoneManagerProtocolServerSideTranslatorPB.java:148) [ozone-manager-1.4.0-SNAPSHOT.jar:?]
	at org.apache.hadoop.ozone.protocol.proto.OzoneManagerProtocolProtos$OzoneManagerService$2.callBlockingMethod(OzoneManagerProtocolProtos.java) [ozone-interface-client-1.4.0-SNAPSHOT.jar:?]
	at org.apache.hadoop.ipc.ProtobufRpcEngine$Server.processCall(ProtobufRpcEngine.java:484) [hadoop-common-3.3.6.jar:?]
	at org.apache.hadoop.ipc.ProtobufRpcEngine2$Server$ProtoBufRpcInvoker.call(ProtobufRpcEngine2.java:595) [hadoop-common-3.3.6.jar:?]
	at org.apache.hadoop.ipc.ProtobufRpcEngine2$Server$ProtoBufRpcInvoker.call(ProtobufRpcEngine2.java:573) [hadoop-common-3.3.6.jar:?]
	at org.apache.hadoop.ipc.RPC$Server.call(RPC.java:1227) [hadoop-common-3.3.6.jar:?]
	at org.apache.hadoop.ipc.Server$RpcCall.run(Server.java:1094) [hadoop-common-3.3.6.jar:?]
	at org.apache.hadoop.ipc.Server$RpcCall.run(Server.java:1017) [hadoop-common-3.3.6.jar:?]
	at java.security.AccessController.doPrivileged(Native Method) ~[?:1.8.0_382]
	at javax.security.auth.Subject.doAs(Subject.java:422) [?:1.8.0_382]
	at org.apache.hadoop.security.UserGroupInformation.doAs(UserGroupInformation.java:1899) [hadoop-common-3.3.6.jar:?]
	at org.apache.hadoop.ipc.Server$Handler.run(Server.java:3048) [hadoop-common-3.3.6.jar:?]
2023-08-25 11:34:55,917 [Time-limited test] INFO  om.TrashPolicyOzone (TrashPolicyOzone.java:moveToTrash(209)) - Moved: '/testKey2' to trash at: /.Trash/runner/Current/testKey2
2023-08-25 11:34:56,055 [be1f1661-cb08-42a9-9c55-aeb71fb92a9a@group-9952D11EAA9A-FollowerState] INFO  impl.FollowerState (FollowerState.java:run(143)) - be1f1661-cb08-42a9-9c55-aeb71fb92a9a@group-9952D11EAA9A-FollowerState: change to CANDIDATE, lastRpcElapsedTime:5062553481ns, electionTimeout:5056ms
2023-08-25 11:34:56,056 [be1f1661-cb08-42a9-9c55-aeb71fb92a9a@group-9952D11EAA9A-FollowerState] INFO  impl.RoleInfo (RoleInfo.java:shutdownFollowerState(110)) - be1f1661-cb08-42a9-9c55-aeb71fb92a9a: shutdown be1f1661-cb08-42a9-9c55-aeb71fb92a9a@group-9952D11EAA9A-FollowerState
2023-08-25 11:34:56,056 [be1f1661-cb08-42a9-9c55-aeb71fb92a9a@group-9952D11EAA9A-FollowerState] INFO  server.RaftServer$Division (RaftServerImpl.java:setRole(329)) - be1f1661-cb08-42a9-9c55-aeb71fb92a9a@group-9952D11EAA9A: changes role from  FOLLOWER to CANDIDATE at term 0 for changeToCandidate
2023-08-25 11:34:56,056 [be1f1661-cb08-42a9-9c55-aeb71fb92a9a@group-9952D11EAA9A-FollowerState] INFO  server.RaftServerConfigKeys (ConfUtils.java:logGet(46)) - raft.server.leaderelection.pre-vote = true (default)
2023-08-25 11:34:56,056 [be1f1661-cb08-42a9-9c55-aeb71fb92a9a@group-9952D11EAA9A-FollowerState] INFO  impl.RoleInfo (RoleInfo.java:updateAndGet(139)) - be1f1661-cb08-42a9-9c55-aeb71fb92a9a: start be1f1661-cb08-42a9-9c55-aeb71fb92a9a@group-9952D11EAA9A-LeaderElection18
2023-08-25 11:34:56,058 [be1f1661-cb08-42a9-9c55-aeb71fb92a9a@group-9952D11EAA9A-LeaderElection18] INFO  impl.LeaderElection (LeaderElection.java:askForVotes(321)) - be1f1661-cb08-42a9-9c55-aeb71fb92a9a@group-9952D11EAA9A-LeaderElection18 PRE_VOTE round 0: submit vote requests at term 0 for -1: peers:[be1f1661-cb08-42a9-9c55-aeb71fb92a9a|rpc:10.1.0.52:15094|admin:10.1.0.52:15093|client:10.1.0.52:15092|dataStream:10.1.0.52:15095|priority:1|startupRole:FOLLOWER]|listeners:[], old=null
2023-08-25 11:34:56,059 [be1f1661-cb08-42a9-9c55-aeb71fb92a9a@group-9952D11EAA9A-LeaderElection18] INFO  impl.LeaderElection (LeaderElection.java:askForVotes(323)) - be1f1661-cb08-42a9-9c55-aeb71fb92a9a@group-9952D11EAA9A-LeaderElection18 PRE_VOTE round 0: result PASSED (term=0)
2023-08-25 11:34:56,061 [be1f1661-cb08-42a9-9c55-aeb71fb92a9a@group-9952D11EAA9A-LeaderElection18] INFO  impl.LeaderElection (LeaderElection.java:askForVotes(321)) - be1f1661-cb08-42a9-9c55-aeb71fb92a9a@group-9952D11EAA9A-LeaderElection18 ELECTION round 0: submit vote requests at term 1 for -1: peers:[be1f1661-cb08-42a9-9c55-aeb71fb92a9a|rpc:10.1.0.52:15094|admin:10.1.0.52:15093|client:10.1.0.52:15092|dataStream:10.1.0.52:15095|priority:1|startupRole:FOLLOWER]|listeners:[], old=null
2023-08-25 11:34:56,061 [be1f1661-cb08-42a9-9c55-aeb71fb92a9a@group-9952D11EAA9A-LeaderElection18] INFO  impl.LeaderElection (LeaderElection.java:askForVotes(323)) - be1f1661-cb08-42a9-9c55-aeb71fb92a9a@group-9952D11EAA9A-LeaderElection18 ELECTION round 0: result PASSED (term=1)
2023-08-25 11:34:56,061 [be1f1661-cb08-42a9-9c55-aeb71fb92a9a@group-9952D11EAA9A-LeaderElection18] INFO  impl.RoleInfo (RoleInfo.java:shutdownLeaderElection(130)) - be1f1661-cb08-42a9-9c55-aeb71fb92a9a: shutdown be1f1661-cb08-42a9-9c55-aeb71fb92a9a@group-9952D11EAA9A-LeaderElection18
2023-08-25 11:34:56,061 [be1f1661-cb08-42a9-9c55-aeb71fb92a9a@group-9952D11EAA9A-LeaderElection18] INFO  server.RaftServer$Division (RaftServerImpl.java:setRole(329)) - be1f1661-cb08-42a9-9c55-aeb71fb92a9a@group-9952D11EAA9A: changes role from CANDIDATE to LEADER at term 1 for changeToLeader
2023-08-25 11:34:56,061 [be1f1661-cb08-42a9-9c55-aeb71fb92a9a@group-9952D11EAA9A-LeaderElection18] INFO  ratis.XceiverServerRatis (XceiverServerRatis.java:handleLeaderChangedNotification(902)) - Leader change notification received for group: group-9952D11EAA9A with new leaderId: be1f1661-cb08-42a9-9c55-aeb71fb92a9a
2023-08-25 11:34:56,062 [be1f1661-cb08-42a9-9c55-aeb71fb92a9a@group-9952D11EAA9A-LeaderElection18] INFO  server.RaftServer$Division (ServerState.java:setLeader(317)) - be1f1661-cb08-42a9-9c55-aeb71fb92a9a@group-9952D11EAA9A: change Leader from null to be1f1661-cb08-42a9-9c55-aeb71fb92a9a at term 1 for becomeLeader, leader elected after 5127ms
2023-08-25 11:34:56,062 [be1f1661-cb08-42a9-9c55-aeb71fb92a9a@group-9952D11EAA9A-LeaderElection18] INFO  server.RaftServerConfigKeys (ConfUtils.java:logGet(46)) - raft.server.staging.catchup.gap = 1000 (default)
2023-08-25 11:34:56,062 [be1f1661-cb08-42a9-9c55-aeb71fb92a9a@group-9952D11EAA9A-LeaderElection18] INFO  server.RaftServerConfigKeys (ConfUtils.java:logGet(46)) - raft.server.write.element-limit = 1024 (custom)
2023-08-25 11:34:56,062 [be1f1661-cb08-42a9-9c55-aeb71fb92a9a@group-9952D11EAA9A-LeaderElection18] INFO  server.RaftServerConfigKeys (ConfUtils.java:logGet(46)) - raft.server.write.byte-limit = 1024 M (=1073741824) (custom)
2023-08-25 11:34:56,063 [be1f1661-cb08-42a9-9c55-aeb71fb92a9a@group-9952D11EAA9A-LeaderElection18] INFO  server.RaftServerConfigKeys (ConfUtils.java:logGet(46)) - raft.server.watch.timeout = 180s (custom)
2023-08-25 11:34:56,063 [be1f1661-cb08-42a9-9c55-aeb71fb92a9a@group-9952D11EAA9A-LeaderElection18] INFO  server.RaftServerConfigKeys (ConfUtils.java:logGet(46)) - raft.server.watch.timeout.denomination = 1s (default)
2023-08-25 11:34:56,063 [be1f1661-cb08-42a9-9c55-aeb71fb92a9a@group-9952D11EAA9A-LeaderElection18] INFO  server.RaftServerConfigKeys (ConfUtils.java:logGet(46)) - raft.server.watch.element-limit = 65536 (default)
2023-08-25 11:34:56,063 [be1f1661-cb08-42a9-9c55-aeb71fb92a9a@group-9952D11EAA9A-LeaderElection18] INFO  server.RaftServerConfigKeys (ConfUtils.java:logGet(46)) - raft.server.write.element-limit = 1024 (custom)
2023-08-25 11:34:56,063 [be1f1661-cb08-42a9-9c55-aeb71fb92a9a@group-9952D11EAA9A-LeaderElection18] INFO  server.RaftServerConfigKeys (ConfUtils.java:logGet(46)) - raft.server.write.follower.gap.ratio.max = -1.0 (default)
2023-08-25 11:34:56,063 [be1f1661-cb08-42a9-9c55-aeb71fb92a9a@group-9952D11EAA9A-LeaderElection18] INFO  impl.RoleInfo (RoleInfo.java:updateAndGet(139)) - be1f1661-cb08-42a9-9c55-aeb71fb92a9a: start be1f1661-cb08-42a9-9c55-aeb71fb92a9a@group-9952D11EAA9A-LeaderStateImpl
2023-08-25 11:34:56,064 [be1f1661-cb08-42a9-9c55-aeb71fb92a9a@group-9952D11EAA9A-LeaderElection18] INFO  segmented.SegmentedRaftLogWorker (SegmentedRaftLogWorker.java:startLogSegment(447)) - be1f1661-cb08-42a9-9c55-aeb71fb92a9a@group-9952D11EAA9A-SegmentedRaftLogWorker: Starting segment from index:0
2023-08-25 11:34:56,064 [be1f1661-cb08-42a9-9c55-aeb71fb92a9a@group-9952D11EAA9A-LeaderElection18] INFO  server.RaftServer$Division (ServerState.java:setRaftConf(434)) - be1f1661-cb08-42a9-9c55-aeb71fb92a9a@group-9952D11EAA9A: set configuration 0: peers:[be1f1661-cb08-42a9-9c55-aeb71fb92a9a|rpc:10.1.0.52:15094|admin:10.1.0.52:15093|client:10.1.0.52:15092|dataStream:10.1.0.52:15095|priority:1|startupRole:FOLLOWER]|listeners:[], old=null
2023-08-25 11:34:56,072 [be1f1661-cb08-42a9-9c55-aeb71fb92a9a@group-9952D11EAA9A-SegmentedRaftLogWorker] INFO  segmented.SegmentedRaftLogWorker (SegmentedRaftLogWorker.java:execute(651)) - be1f1661-cb08-42a9-9c55-aeb71fb92a9a@group-9952D11EAA9A-SegmentedRaftLogWorker: created new log segment /home/runner/work/ozone/ozone/hadoop-ozone/integration-test/target/test-dir/MiniOzoneClusterImpl-36fc3352-0e59-45fd-a08b-0e99224ecb60/datanode-3/data/ratis/5e96b9db-8150-42c2-8cbd-9952d11eaa9a/current/log_inprogress_0
2023-08-25 11:34:56,119 [3bcb9728-7d1d-45db-b3c3-ee1d25f73c3d@group-CA236CEC735E-FollowerState] INFO  impl.FollowerState (FollowerState.java:run(143)) - 3bcb9728-7d1d-45db-b3c3-ee1d25f73c3d@group-CA236CEC735E-FollowerState: change to CANDIDATE, lastRpcElapsedTime:5129434174ns, electionTimeout:5125ms
2023-08-25 11:34:56,119 [3bcb9728-7d1d-45db-b3c3-ee1d25f73c3d@group-CA236CEC735E-FollowerState] INFO  impl.RoleInfo (RoleInfo.java:shutdownFollowerState(110)) - 3bcb9728-7d1d-45db-b3c3-ee1d25f73c3d: shutdown 3bcb9728-7d1d-45db-b3c3-ee1d25f73c3d@group-CA236CEC735E-FollowerState
2023-08-25 11:34:56,119 [3bcb9728-7d1d-45db-b3c3-ee1d25f73c3d@group-CA236CEC735E-FollowerState] INFO  server.RaftServer$Division (RaftServerImpl.java:setRole(329)) - 3bcb9728-7d1d-45db-b3c3-ee1d25f73c3d@group-CA236CEC735E: changes role from  FOLLOWER to CANDIDATE at term 0 for changeToCandidate
2023-08-25 11:34:56,119 [3bcb9728-7d1d-45db-b3c3-ee1d25f73c3d@group-CA236CEC735E-FollowerState] INFO  server.RaftServerConfigKeys (ConfUtils.java:logGet(46)) - raft.server.leaderelection.pre-vote = true (default)
2023-08-25 11:34:56,119 [3bcb9728-7d1d-45db-b3c3-ee1d25f73c3d@group-CA236CEC735E-FollowerState] INFO  impl.RoleInfo (RoleInfo.java:updateAndGet(139)) - 3bcb9728-7d1d-45db-b3c3-ee1d25f73c3d: start 3bcb9728-7d1d-45db-b3c3-ee1d25f73c3d@group-CA236CEC735E-LeaderElection19
2023-08-25 11:34:56,122 [3bcb9728-7d1d-45db-b3c3-ee1d25f73c3d@group-CA236CEC735E-LeaderElection19] INFO  impl.LeaderElection (LeaderElection.java:askForVotes(321)) - 3bcb9728-7d1d-45db-b3c3-ee1d25f73c3d@group-CA236CEC735E-LeaderElection19 PRE_VOTE round 0: submit vote requests at term 0 for -1: peers:[3bcb9728-7d1d-45db-b3c3-ee1d25f73c3d|rpc:10.1.0.52:15103|admin:10.1.0.52:15102|client:10.1.0.52:15101|dataStream:10.1.0.52:15104|priority:1|startupRole:FOLLOWER]|listeners:[], old=null
2023-08-25 11:34:56,122 [3bcb9728-7d1d-45db-b3c3-ee1d25f73c3d@group-CA236CEC735E-LeaderElection19] INFO  impl.LeaderElection (LeaderElection.java:askForVotes(323)) - 3bcb9728-7d1d-45db-b3c3-ee1d25f73c3d@group-CA236CEC735E-LeaderElection19 PRE_VOTE round 0: result PASSED (term=0)
2023-08-25 11:34:56,124 [3bcb9728-7d1d-45db-b3c3-ee1d25f73c3d@group-CA236CEC735E-LeaderElection19] INFO  impl.LeaderElection (LeaderElection.java:askForVotes(321)) - 3bcb9728-7d1d-45db-b3c3-ee1d25f73c3d@group-CA236CEC735E-LeaderElection19 ELECTION round 0: submit vote requests at term 1 for -1: peers:[3bcb9728-7d1d-45db-b3c3-ee1d25f73c3d|rpc:10.1.0.52:15103|admin:10.1.0.52:15102|client:10.1.0.52:15101|dataStream:10.1.0.52:15104|priority:1|startupRole:FOLLOWER]|listeners:[], old=null
2023-08-25 11:34:56,124 [3bcb9728-7d1d-45db-b3c3-ee1d25f73c3d@group-CA236CEC735E-LeaderElection19] INFO  impl.LeaderElection (LeaderElection.java:askForVotes(323)) - 3bcb9728-7d1d-45db-b3c3-ee1d25f73c3d@group-CA236CEC735E-LeaderElection19 ELECTION round 0: result PASSED (term=1)
2023-08-25 11:34:56,124 [3bcb9728-7d1d-45db-b3c3-ee1d25f73c3d@group-CA236CEC735E-LeaderElection19] INFO  impl.RoleInfo (RoleInfo.java:shutdownLeaderElection(130)) - 3bcb9728-7d1d-45db-b3c3-ee1d25f73c3d: shutdown 3bcb9728-7d1d-45db-b3c3-ee1d25f73c3d@group-CA236CEC735E-LeaderElection19
2023-08-25 11:34:56,124 [3bcb9728-7d1d-45db-b3c3-ee1d25f73c3d@group-CA236CEC735E-LeaderElection19] INFO  server.RaftServer$Division (RaftServerImpl.java:setRole(329)) - 3bcb9728-7d1d-45db-b3c3-ee1d25f73c3d@group-CA236CEC735E: changes role from CANDIDATE to LEADER at term 1 for changeToLeader
2023-08-25 11:34:56,124 [3bcb9728-7d1d-45db-b3c3-ee1d25f73c3d@group-CA236CEC735E-LeaderElection19] INFO  ratis.XceiverServerRatis (XceiverServerRatis.java:handleLeaderChangedNotification(902)) - Leader change notification received for group: group-CA236CEC735E with new leaderId: 3bcb9728-7d1d-45db-b3c3-ee1d25f73c3d
2023-08-25 11:34:56,125 [3bcb9728-7d1d-45db-b3c3-ee1d25f73c3d@group-CA236CEC735E-LeaderElection19] INFO  server.RaftServer$Division (ServerState.java:setLeader(317)) - 3bcb9728-7d1d-45db-b3c3-ee1d25f73c3d@group-CA236CEC735E: change Leader from null to 3bcb9728-7d1d-45db-b3c3-ee1d25f73c3d at term 1 for becomeLeader, leader elected after 5185ms
2023-08-25 11:34:56,125 [3bcb9728-7d1d-45db-b3c3-ee1d25f73c3d@group-CA236CEC735E-LeaderElection19] INFO  server.RaftServerConfigKeys (ConfUtils.java:logGet(46)) - raft.server.staging.catchup.gap = 1000 (default)
2023-08-25 11:34:56,125 [3bcb9728-7d1d-45db-b3c3-ee1d25f73c3d@group-CA236CEC735E-LeaderElection19] INFO  server.RaftServerConfigKeys (ConfUtils.java:logGet(46)) - raft.server.write.element-limit = 1024 (custom)
2023-08-25 11:34:56,125 [3bcb9728-7d1d-45db-b3c3-ee1d25f73c3d@group-CA236CEC735E-LeaderElection19] INFO  server.RaftServerConfigKeys (ConfUtils.java:logGet(46)) - raft.server.write.byte-limit = 1024 M (=1073741824) (custom)
2023-08-25 11:34:56,125 [3bcb9728-7d1d-45db-b3c3-ee1d25f73c3d@group-CA236CEC735E-LeaderElection19] INFO  server.RaftServerConfigKeys (ConfUtils.java:logGet(46)) - raft.server.watch.timeout = 180s (custom)
2023-08-25 11:34:56,126 [3bcb9728-7d1d-45db-b3c3-ee1d25f73c3d@group-CA236CEC735E-LeaderElection19] INFO  server.RaftServerConfigKeys (ConfUtils.java:logGet(46)) - raft.server.watch.timeout.denomination = 1s (default)
2023-08-25 11:34:56,126 [3bcb9728-7d1d-45db-b3c3-ee1d25f73c3d@group-CA236CEC735E-LeaderElection19] INFO  server.RaftServerConfigKeys (ConfUtils.java:logGet(46)) - raft.server.watch.element-limit = 65536 (default)
2023-08-25 11:34:56,126 [3bcb9728-7d1d-45db-b3c3-ee1d25f73c3d@group-CA236CEC735E-LeaderElection19] INFO  server.RaftServerConfigKeys (ConfUtils.java:logGet(46)) - raft.server.write.element-limit = 1024 (custom)
2023-08-25 11:34:56,126 [3bcb9728-7d1d-45db-b3c3-ee1d25f73c3d@group-CA236CEC735E-LeaderElection19] INFO  server.RaftServerConfigKeys (ConfUtils.java:logGet(46)) - raft.server.write.follower.gap.ratio.max = -1.0 (default)
2023-08-25 11:34:56,126 [3bcb9728-7d1d-45db-b3c3-ee1d25f73c3d@group-CA236CEC735E-LeaderElection19] INFO  impl.RoleInfo (RoleInfo.java:updateAndGet(139)) - 3bcb9728-7d1d-45db-b3c3-ee1d25f73c3d: start 3bcb9728-7d1d-45db-b3c3-ee1d25f73c3d@group-CA236CEC735E-LeaderStateImpl
2023-08-25 11:34:56,127 [3bcb9728-7d1d-45db-b3c3-ee1d25f73c3d@group-CA236CEC735E-LeaderElection19] INFO  segmented.SegmentedRaftLogWorker (SegmentedRaftLogWorker.java:startLogSegment(447)) - 3bcb9728-7d1d-45db-b3c3-ee1d25f73c3d@group-CA236CEC735E-SegmentedRaftLogWorker: Starting segment from index:0
2023-08-25 11:34:56,127 [3bcb9728-7d1d-45db-b3c3-ee1d25f73c3d@group-CA236CEC735E-LeaderElection19] INFO  server.RaftServer$Division (ServerState.java:setRaftConf(434)) - 3bcb9728-7d1d-45db-b3c3-ee1d25f73c3d@group-CA236CEC735E: set configuration 0: peers:[3bcb9728-7d1d-45db-b3c3-ee1d25f73c3d|rpc:10.1.0.52:15103|admin:10.1.0.52:15102|client:10.1.0.52:15101|dataStream:10.1.0.52:15104|priority:1|startupRole:FOLLOWER]|listeners:[], old=null
2023-08-25 11:34:56,132 [3bcb9728-7d1d-45db-b3c3-ee1d25f73c3d@group-CA236CEC735E-SegmentedRaftLogWorker] INFO  segmented.SegmentedRaftLogWorker (SegmentedRaftLogWorker.java:execute(651)) - 3bcb9728-7d1d-45db-b3c3-ee1d25f73c3d@group-CA236CEC735E-SegmentedRaftLogWorker: created new log segment /home/runner/work/ozone/ozone/hadoop-ozone/integration-test/target/test-dir/MiniOzoneClusterImpl-36fc3352-0e59-45fd-a08b-0e99224ecb60/datanode-4/data/ratis/f2917375-887d-4bd3-b0fd-ca236cec735e/current/log_inprogress_0
11:34:57.922 [IPC Server handler 6 on default port 15057] ERROR OMAudit - user=runner | ip=127.0.0.1 | op=GET_FILE_STATUS {volume=volume67780, bucket=bucket36604, key=.Trash/runner/Current/testKey2, dataSize=0, replicationConfig=null} | ret=FAILURE
org.apache.hadoop.ozone.om.exceptions.OMException: Unable to get file status: volume: volume67780 bucket: bucket36604 key: .Trash/runner/Current/testKey2
	at org.apache.hadoop.ozone.om.KeyManagerImpl.getOzoneFileStatus(KeyManagerImpl.java:1195) ~[ozone-manager-1.4.0-SNAPSHOT.jar:?]
	at org.apache.hadoop.ozone.om.KeyManagerImpl.getFileStatus(KeyManagerImpl.java:1113) ~[ozone-manager-1.4.0-SNAPSHOT.jar:?]
	at org.apache.hadoop.ozone.om.OmMetadataReader.getFileStatus(OmMetadataReader.java:262) ~[ozone-manager-1.4.0-SNAPSHOT.jar:?]
	at org.apache.hadoop.ozone.om.OzoneManager.getFileStatus(OzoneManager.java:3513) ~[ozone-manager-1.4.0-SNAPSHOT.jar:?]
	at org.apache.hadoop.ozone.protocolPB.OzoneManagerRequestHandler.getOzoneFileStatus(OzoneManagerRequestHandler.java:973) ~[ozone-manager-1.4.0-SNAPSHOT.jar:?]
	at org.apache.hadoop.ozone.protocolPB.OzoneManagerRequestHandler.handleReadRequest(OzoneManagerRequestHandler.java:252) ~[ozone-manager-1.4.0-SNAPSHOT.jar:?]
	at org.apache.hadoop.ozone.protocolPB.OzoneManagerProtocolServerSideTranslatorPB.submitRequestDirectlyToOM(OzoneManagerProtocolServerSideTranslatorPB.java:274) ~[ozone-manager-1.4.0-SNAPSHOT.jar:?]
	at org.apache.hadoop.ozone.protocolPB.OzoneManagerProtocolServerSideTranslatorPB.processRequest(OzoneManagerProtocolServerSideTranslatorPB.java:175) ~[ozone-manager-1.4.0-SNAPSHOT.jar:?]
	at org.apache.hadoop.hdds.server.OzoneProtocolMessageDispatcher.processRequest(OzoneProtocolMessageDispatcher.java:87) [hdds-server-framework-1.4.0-SNAPSHOT.jar:?]
	at org.apache.hadoop.ozone.protocolPB.OzoneManagerProtocolServerSideTranslatorPB.submitRequest(OzoneManagerProtocolServerSideTranslatorPB.java:148) [ozone-manager-1.4.0-SNAPSHOT.jar:?]
	at org.apache.hadoop.ozone.protocol.proto.OzoneManagerProtocolProtos$OzoneManagerService$2.callBlockingMethod(OzoneManagerProtocolProtos.java) [ozone-interface-client-1.4.0-SNAPSHOT.jar:?]
	at org.apache.hadoop.ipc.ProtobufRpcEngine$Server.processCall(ProtobufRpcEngine.java:484) [hadoop-common-3.3.6.jar:?]
	at org.apache.hadoop.ipc.ProtobufRpcEngine2$Server$ProtoBufRpcInvoker.call(ProtobufRpcEngine2.java:595) [hadoop-common-3.3.6.jar:?]
	at org.apache.hadoop.ipc.ProtobufRpcEngine2$Server$ProtoBufRpcInvoker.call(ProtobufRpcEngine2.java:573) [hadoop-common-3.3.6.jar:?]
	at org.apache.hadoop.ipc.RPC$Server.call(RPC.java:1227) [hadoop-common-3.3.6.jar:?]
	at org.apache.hadoop.ipc.Server$RpcCall.run(Server.java:1094) [hadoop-common-3.3.6.jar:?]
	at org.apache.hadoop.ipc.Server$RpcCall.run(Server.java:1017) [hadoop-common-3.3.6.jar:?]
	at java.security.AccessController.doPrivileged(Native Method) ~[?:1.8.0_382]
	at javax.security.auth.Subject.doAs(Subject.java:422) [?:1.8.0_382]
	at org.apache.hadoop.security.UserGroupInformation.doAs(UserGroupInformation.java:1899) [hadoop-common-3.3.6.jar:?]
	at org.apache.hadoop.ipc.Server$Handler.run(Server.java:3048) [hadoop-common-3.3.6.jar:?]
]]></system-out>
  </testcase>
  <testcase name="testTrash" classname="TestOzoneFileSystem" time="4.058">
    <system-out><![CDATA[11:36:20.981 [IPC Server handler 8 on default port 15110] ERROR OMAudit - user=runner | ip=127.0.0.1 | op=GET_FILE_STATUS {volume=volume79256, bucket=bucket28461, key=.Trash/runner/Current/testKey2, dataSize=0, replicationConfig=null} | ret=FAILURE
org.apache.hadoop.ozone.om.exceptions.OMException: Unable to get file status: volume: volume79256 bucket: bucket28461 key: .Trash/runner/Current/testKey2
	at org.apache.hadoop.ozone.om.KeyManagerImpl.getOzoneFileStatus(KeyManagerImpl.java:1195) ~[ozone-manager-1.4.0-SNAPSHOT.jar:?]
	at org.apache.hadoop.ozone.om.KeyManagerImpl.getFileStatus(KeyManagerImpl.java:1113) ~[ozone-manager-1.4.0-SNAPSHOT.jar:?]
	at org.apache.hadoop.ozone.om.OmMetadataReader.getFileStatus(OmMetadataReader.java:262) ~[ozone-manager-1.4.0-SNAPSHOT.jar:?]
	at org.apache.hadoop.ozone.om.OzoneManager.getFileStatus(OzoneManager.java:3513) ~[ozone-manager-1.4.0-SNAPSHOT.jar:?]
	at org.apache.hadoop.ozone.protocolPB.OzoneManagerRequestHandler.getOzoneFileStatus(OzoneManagerRequestHandler.java:973) ~[ozone-manager-1.4.0-SNAPSHOT.jar:?]
	at org.apache.hadoop.ozone.protocolPB.OzoneManagerRequestHandler.handleReadRequest(OzoneManagerRequestHandler.java:252) ~[ozone-manager-1.4.0-SNAPSHOT.jar:?]
	at org.apache.hadoop.ozone.protocolPB.OzoneManagerProtocolServerSideTranslatorPB.submitReadRequestToOM(OzoneManagerProtocolServerSideTranslatorPB.java:225) ~[ozone-manager-1.4.0-SNAPSHOT.jar:?]
	at org.apache.hadoop.ozone.protocolPB.OzoneManagerProtocolServerSideTranslatorPB.processRequest(OzoneManagerProtocolServerSideTranslatorPB.java:179) ~[ozone-manager-1.4.0-SNAPSHOT.jar:?]
	at org.apache.hadoop.hdds.server.OzoneProtocolMessageDispatcher.processRequest(OzoneProtocolMessageDispatcher.java:87) [hdds-server-framework-1.4.0-SNAPSHOT.jar:?]
	at org.apache.hadoop.ozone.protocolPB.OzoneManagerProtocolServerSideTranslatorPB.submitRequest(OzoneManagerProtocolServerSideTranslatorPB.java:148) [ozone-manager-1.4.0-SNAPSHOT.jar:?]
	at org.apache.hadoop.ozone.protocol.proto.OzoneManagerProtocolProtos$OzoneManagerService$2.callBlockingMethod(OzoneManagerProtocolProtos.java) [ozone-interface-client-1.4.0-SNAPSHOT.jar:?]
	at org.apache.hadoop.ipc.ProtobufRpcEngine$Server.processCall(ProtobufRpcEngine.java:484) [hadoop-common-3.3.6.jar:?]
	at org.apache.hadoop.ipc.ProtobufRpcEngine2$Server$ProtoBufRpcInvoker.call(ProtobufRpcEngine2.java:595) [hadoop-common-3.3.6.jar:?]
	at org.apache.hadoop.ipc.ProtobufRpcEngine2$Server$ProtoBufRpcInvoker.call(ProtobufRpcEngine2.java:573) [hadoop-common-3.3.6.jar:?]
	at org.apache.hadoop.ipc.RPC$Server.call(RPC.java:1227) [hadoop-common-3.3.6.jar:?]
	at org.apache.hadoop.ipc.Server$RpcCall.run(Server.java:1094) [hadoop-common-3.3.6.jar:?]
	at org.apache.hadoop.ipc.Server$RpcCall.run(Server.java:1017) [hadoop-common-3.3.6.jar:?]
	at java.security.AccessController.doPrivileged(Native Method) ~[?:1.8.0_382]
	at javax.security.auth.Subject.doAs(Subject.java:422) [?:1.8.0_382]
	at org.apache.hadoop.security.UserGroupInformation.doAs(UserGroupInformation.java:1899) [hadoop-common-3.3.6.jar:?]
	at org.apache.hadoop.ipc.Server$Handler.run(Server.java:3048) [hadoop-common-3.3.6.jar:?]
11:36:20.984 [IPC Server handler 11 on default port 15110] ERROR OMAudit - user=runner | ip=127.0.0.1 | op=GET_FILE_STATUS {volume=volume79256, bucket=bucket28461, key=.Trash/runner/Current/testKey2, dataSize=0, replicationConfig=null} | ret=FAILURE
org.apache.hadoop.ozone.om.exceptions.OMException: Unable to get file status: volume: volume79256 bucket: bucket28461 key: .Trash/runner/Current/testKey2
	at org.apache.hadoop.ozone.om.KeyManagerImpl.getOzoneFileStatus(KeyManagerImpl.java:1195) ~[ozone-manager-1.4.0-SNAPSHOT.jar:?]
	at org.apache.hadoop.ozone.om.KeyManagerImpl.getFileStatus(KeyManagerImpl.java:1113) ~[ozone-manager-1.4.0-SNAPSHOT.jar:?]
	at org.apache.hadoop.ozone.om.OmMetadataReader.getFileStatus(OmMetadataReader.java:262) ~[ozone-manager-1.4.0-SNAPSHOT.jar:?]
	at org.apache.hadoop.ozone.om.OzoneManager.getFileStatus(OzoneManager.java:3513) ~[ozone-manager-1.4.0-SNAPSHOT.jar:?]
	at org.apache.hadoop.ozone.protocolPB.OzoneManagerRequestHandler.getOzoneFileStatus(OzoneManagerRequestHandler.java:973) ~[ozone-manager-1.4.0-SNAPSHOT.jar:?]
	at org.apache.hadoop.ozone.protocolPB.OzoneManagerRequestHandler.handleReadRequest(OzoneManagerRequestHandler.java:252) ~[ozone-manager-1.4.0-SNAPSHOT.jar:?]
	at org.apache.hadoop.ozone.protocolPB.OzoneManagerProtocolServerSideTranslatorPB.submitReadRequestToOM(OzoneManagerProtocolServerSideTranslatorPB.java:225) ~[ozone-manager-1.4.0-SNAPSHOT.jar:?]
	at org.apache.hadoop.ozone.protocolPB.OzoneManagerProtocolServerSideTranslatorPB.processRequest(OzoneManagerProtocolServerSideTranslatorPB.java:179) ~[ozone-manager-1.4.0-SNAPSHOT.jar:?]
	at org.apache.hadoop.hdds.server.OzoneProtocolMessageDispatcher.processRequest(OzoneProtocolMessageDispatcher.java:87) [hdds-server-framework-1.4.0-SNAPSHOT.jar:?]
	at org.apache.hadoop.ozone.protocolPB.OzoneManagerProtocolServerSideTranslatorPB.submitRequest(OzoneManagerProtocolServerSideTranslatorPB.java:148) [ozone-manager-1.4.0-SNAPSHOT.jar:?]
	at org.apache.hadoop.ozone.protocol.proto.OzoneManagerProtocolProtos$OzoneManagerService$2.callBlockingMethod(OzoneManagerProtocolProtos.java) [ozone-interface-client-1.4.0-SNAPSHOT.jar:?]
	at org.apache.hadoop.ipc.ProtobufRpcEngine$Server.processCall(ProtobufRpcEngine.java:484) [hadoop-common-3.3.6.jar:?]
	at org.apache.hadoop.ipc.ProtobufRpcEngine2$Server$ProtoBufRpcInvoker.call(ProtobufRpcEngine2.java:595) [hadoop-common-3.3.6.jar:?]
	at org.apache.hadoop.ipc.ProtobufRpcEngine2$Server$ProtoBufRpcInvoker.call(ProtobufRpcEngine2.java:573) [hadoop-common-3.3.6.jar:?]
	at org.apache.hadoop.ipc.RPC$Server.call(RPC.java:1227) [hadoop-common-3.3.6.jar:?]
	at org.apache.hadoop.ipc.Server$RpcCall.run(Server.java:1094) [hadoop-common-3.3.6.jar:?]
	at org.apache.hadoop.ipc.Server$RpcCall.run(Server.java:1017) [hadoop-common-3.3.6.jar:?]
	at java.security.AccessController.doPrivileged(Native Method) ~[?:1.8.0_382]
	at javax.security.auth.Subject.doAs(Subject.java:422) [?:1.8.0_382]
	at org.apache.hadoop.security.UserGroupInformation.doAs(UserGroupInformation.java:1899) [hadoop-common-3.3.6.jar:?]
	at org.apache.hadoop.ipc.Server$Handler.run(Server.java:3048) [hadoop-common-3.3.6.jar:?]
2023-08-25 11:36:20,990 [Time-limited test] INFO  om.TrashPolicyOzone (TrashPolicyOzone.java:moveToTrash(209)) - Moved: '/testKey2' to trash at: /.Trash/runner/Current/testKey2
2023-08-25 11:36:21,129 [b7348800-7ece-44e4-b1a8-355cecb1b7f9@group-472DEE4D08B4-FollowerState] INFO  impl.FollowerState (FollowerState.java:run(143)) - b7348800-7ece-44e4-b1a8-355cecb1b7f9@group-472DEE4D08B4-FollowerState: change to CANDIDATE, lastRpcElapsedTime:5158005411ns, electionTimeout:5155ms
2023-08-25 11:36:21,130 [b7348800-7ece-44e4-b1a8-355cecb1b7f9@group-472DEE4D08B4-FollowerState] INFO  impl.RoleInfo (RoleInfo.java:shutdownFollowerState(110)) - b7348800-7ece-44e4-b1a8-355cecb1b7f9: shutdown b7348800-7ece-44e4-b1a8-355cecb1b7f9@group-472DEE4D08B4-FollowerState
2023-08-25 11:36:21,130 [b7348800-7ece-44e4-b1a8-355cecb1b7f9@group-472DEE4D08B4-FollowerState] INFO  server.RaftServer$Division (RaftServerImpl.java:setRole(329)) - b7348800-7ece-44e4-b1a8-355cecb1b7f9@group-472DEE4D08B4: changes role from  FOLLOWER to CANDIDATE at term 0 for changeToCandidate
2023-08-25 11:36:21,130 [b7348800-7ece-44e4-b1a8-355cecb1b7f9@group-472DEE4D08B4-FollowerState] INFO  server.RaftServerConfigKeys (ConfUtils.java:logGet(46)) - raft.server.leaderelection.pre-vote = true (default)
2023-08-25 11:36:21,130 [b7348800-7ece-44e4-b1a8-355cecb1b7f9@group-472DEE4D08B4-FollowerState] INFO  impl.RoleInfo (RoleInfo.java:updateAndGet(139)) - b7348800-7ece-44e4-b1a8-355cecb1b7f9: start b7348800-7ece-44e4-b1a8-355cecb1b7f9@group-472DEE4D08B4-LeaderElection29
2023-08-25 11:36:21,133 [b7348800-7ece-44e4-b1a8-355cecb1b7f9@group-472DEE4D08B4-LeaderElection29] INFO  impl.LeaderElection (LeaderElection.java:askForVotes(321)) - b7348800-7ece-44e4-b1a8-355cecb1b7f9@group-472DEE4D08B4-LeaderElection29 PRE_VOTE round 0: submit vote requests at term 0 for -1: peers:[b7348800-7ece-44e4-b1a8-355cecb1b7f9|rpc:10.1.0.52:15156|admin:10.1.0.52:15155|client:10.1.0.52:15154|dataStream:10.1.0.52:15157|priority:1|startupRole:FOLLOWER]|listeners:[], old=null
2023-08-25 11:36:21,133 [b7348800-7ece-44e4-b1a8-355cecb1b7f9@group-472DEE4D08B4-LeaderElection29] INFO  impl.LeaderElection (LeaderElection.java:askForVotes(323)) - b7348800-7ece-44e4-b1a8-355cecb1b7f9@group-472DEE4D08B4-LeaderElection29 PRE_VOTE round 0: result PASSED (term=0)
2023-08-25 11:36:21,136 [b7348800-7ece-44e4-b1a8-355cecb1b7f9@group-472DEE4D08B4-LeaderElection29] INFO  impl.LeaderElection (LeaderElection.java:askForVotes(321)) - b7348800-7ece-44e4-b1a8-355cecb1b7f9@group-472DEE4D08B4-LeaderElection29 ELECTION round 0: submit vote requests at term 1 for -1: peers:[b7348800-7ece-44e4-b1a8-355cecb1b7f9|rpc:10.1.0.52:15156|admin:10.1.0.52:15155|client:10.1.0.52:15154|dataStream:10.1.0.52:15157|priority:1|startupRole:FOLLOWER]|listeners:[], old=null
2023-08-25 11:36:21,136 [b7348800-7ece-44e4-b1a8-355cecb1b7f9@group-472DEE4D08B4-LeaderElection29] INFO  impl.LeaderElection (LeaderElection.java:askForVotes(323)) - b7348800-7ece-44e4-b1a8-355cecb1b7f9@group-472DEE4D08B4-LeaderElection29 ELECTION round 0: result PASSED (term=1)
2023-08-25 11:36:21,136 [b7348800-7ece-44e4-b1a8-355cecb1b7f9@group-472DEE4D08B4-LeaderElection29] INFO  impl.RoleInfo (RoleInfo.java:shutdownLeaderElection(130)) - b7348800-7ece-44e4-b1a8-355cecb1b7f9: shutdown b7348800-7ece-44e4-b1a8-355cecb1b7f9@group-472DEE4D08B4-LeaderElection29
2023-08-25 11:36:21,136 [b7348800-7ece-44e4-b1a8-355cecb1b7f9@group-472DEE4D08B4-LeaderElection29] INFO  server.RaftServer$Division (RaftServerImpl.java:setRole(329)) - b7348800-7ece-44e4-b1a8-355cecb1b7f9@group-472DEE4D08B4: changes role from CANDIDATE to LEADER at term 1 for changeToLeader
2023-08-25 11:36:21,136 [b7348800-7ece-44e4-b1a8-355cecb1b7f9@group-472DEE4D08B4-LeaderElection29] INFO  ratis.XceiverServerRatis (XceiverServerRatis.java:handleLeaderChangedNotification(902)) - Leader change notification received for group: group-472DEE4D08B4 with new leaderId: b7348800-7ece-44e4-b1a8-355cecb1b7f9
2023-08-25 11:36:21,137 [b7348800-7ece-44e4-b1a8-355cecb1b7f9@group-472DEE4D08B4-LeaderElection29] INFO  server.RaftServer$Division (ServerState.java:setLeader(317)) - b7348800-7ece-44e4-b1a8-355cecb1b7f9@group-472DEE4D08B4: change Leader from null to b7348800-7ece-44e4-b1a8-355cecb1b7f9 at term 1 for becomeLeader, leader elected after 5192ms
2023-08-25 11:36:21,137 [b7348800-7ece-44e4-b1a8-355cecb1b7f9@group-472DEE4D08B4-LeaderElection29] INFO  server.RaftServerConfigKeys (ConfUtils.java:logGet(46)) - raft.server.staging.catchup.gap = 1000 (default)
2023-08-25 11:36:21,137 [b7348800-7ece-44e4-b1a8-355cecb1b7f9@group-472DEE4D08B4-LeaderElection29] INFO  server.RaftServerConfigKeys (ConfUtils.java:logGet(46)) - raft.server.write.element-limit = 1024 (custom)
2023-08-25 11:36:21,138 [b7348800-7ece-44e4-b1a8-355cecb1b7f9@group-472DEE4D08B4-LeaderElection29] INFO  server.RaftServerConfigKeys (ConfUtils.java:logGet(46)) - raft.server.write.byte-limit = 1024 M (=1073741824) (custom)
2023-08-25 11:36:21,138 [b7348800-7ece-44e4-b1a8-355cecb1b7f9@group-472DEE4D08B4-LeaderElection29] INFO  server.RaftServerConfigKeys (ConfUtils.java:logGet(46)) - raft.server.watch.timeout = 180s (custom)
2023-08-25 11:36:21,138 [b7348800-7ece-44e4-b1a8-355cecb1b7f9@group-472DEE4D08B4-LeaderElection29] INFO  server.RaftServerConfigKeys (ConfUtils.java:logGet(46)) - raft.server.watch.timeout.denomination = 1s (default)
2023-08-25 11:36:21,138 [b7348800-7ece-44e4-b1a8-355cecb1b7f9@group-472DEE4D08B4-LeaderElection29] INFO  server.RaftServerConfigKeys (ConfUtils.java:logGet(46)) - raft.server.watch.element-limit = 65536 (default)
2023-08-25 11:36:21,138 [b7348800-7ece-44e4-b1a8-355cecb1b7f9@group-472DEE4D08B4-LeaderElection29] INFO  server.RaftServerConfigKeys (ConfUtils.java:logGet(46)) - raft.server.write.element-limit = 1024 (custom)
2023-08-25 11:36:21,138 [b7348800-7ece-44e4-b1a8-355cecb1b7f9@group-472DEE4D08B4-LeaderElection29] INFO  server.RaftServerConfigKeys (ConfUtils.java:logGet(46)) - raft.server.write.follower.gap.ratio.max = -1.0 (default)
2023-08-25 11:36:21,138 [b7348800-7ece-44e4-b1a8-355cecb1b7f9@group-472DEE4D08B4-LeaderElection29] INFO  impl.RoleInfo (RoleInfo.java:updateAndGet(139)) - b7348800-7ece-44e4-b1a8-355cecb1b7f9: start b7348800-7ece-44e4-b1a8-355cecb1b7f9@group-472DEE4D08B4-LeaderStateImpl
2023-08-25 11:36:21,139 [b7348800-7ece-44e4-b1a8-355cecb1b7f9@group-472DEE4D08B4-LeaderElection29] INFO  segmented.SegmentedRaftLogWorker (SegmentedRaftLogWorker.java:startLogSegment(447)) - b7348800-7ece-44e4-b1a8-355cecb1b7f9@group-472DEE4D08B4-SegmentedRaftLogWorker: Starting segment from index:0
2023-08-25 11:36:21,142 [b7348800-7ece-44e4-b1a8-355cecb1b7f9@group-472DEE4D08B4-LeaderElection29] INFO  server.RaftServer$Division (ServerState.java:setRaftConf(434)) - b7348800-7ece-44e4-b1a8-355cecb1b7f9@group-472DEE4D08B4: set configuration 0: peers:[b7348800-7ece-44e4-b1a8-355cecb1b7f9|rpc:10.1.0.52:15156|admin:10.1.0.52:15155|client:10.1.0.52:15154|dataStream:10.1.0.52:15157|priority:1|startupRole:FOLLOWER]|listeners:[], old=null
2023-08-25 11:36:21,145 [b7348800-7ece-44e4-b1a8-355cecb1b7f9@group-472DEE4D08B4-SegmentedRaftLogWorker] INFO  segmented.SegmentedRaftLogWorker (SegmentedRaftLogWorker.java:execute(651)) - b7348800-7ece-44e4-b1a8-355cecb1b7f9@group-472DEE4D08B4-SegmentedRaftLogWorker: created new log segment /home/runner/work/ozone/ozone/hadoop-ozone/integration-test/target/test-dir/MiniOzoneClusterImpl-9e80f0e6-d3ce-4c33-b1a3-32fa2c9dea98/datanode-4/data/ratis/8f1f7c5f-c7e0-466b-b992-472dee4d08b4/current/log_inprogress_0
11:36:21.992 [IPC Server handler 17 on default port 15110] ERROR OMAudit - user=runner | ip=127.0.0.1 | op=GET_FILE_STATUS {volume=volume79256, bucket=bucket28461, key=.Trash/runner/Current/testKey2, dataSize=0, replicationConfig=null} | ret=FAILURE
org.apache.hadoop.ozone.om.exceptions.OMException: Unable to get file status: volume: volume79256 bucket: bucket28461 key: .Trash/runner/Current/testKey2
	at org.apache.hadoop.ozone.om.KeyManagerImpl.getOzoneFileStatus(KeyManagerImpl.java:1195) ~[ozone-manager-1.4.0-SNAPSHOT.jar:?]
	at org.apache.hadoop.ozone.om.KeyManagerImpl.getFileStatus(KeyManagerImpl.java:1113) ~[ozone-manager-1.4.0-SNAPSHOT.jar:?]
	at org.apache.hadoop.ozone.om.OmMetadataReader.getFileStatus(OmMetadataReader.java:262) ~[ozone-manager-1.4.0-SNAPSHOT.jar:?]
	at org.apache.hadoop.ozone.om.OzoneManager.getFileStatus(OzoneManager.java:3513) ~[ozone-manager-1.4.0-SNAPSHOT.jar:?]
	at org.apache.hadoop.ozone.protocolPB.OzoneManagerRequestHandler.getOzoneFileStatus(OzoneManagerRequestHandler.java:973) ~[ozone-manager-1.4.0-SNAPSHOT.jar:?]
	at org.apache.hadoop.ozone.protocolPB.OzoneManagerRequestHandler.handleReadRequest(OzoneManagerRequestHandler.java:252) ~[ozone-manager-1.4.0-SNAPSHOT.jar:?]
	at org.apache.hadoop.ozone.protocolPB.OzoneManagerProtocolServerSideTranslatorPB.submitReadRequestToOM(OzoneManagerProtocolServerSideTranslatorPB.java:225) ~[ozone-manager-1.4.0-SNAPSHOT.jar:?]
	at org.apache.hadoop.ozone.protocolPB.OzoneManagerProtocolServerSideTranslatorPB.processRequest(OzoneManagerProtocolServerSideTranslatorPB.java:179) ~[ozone-manager-1.4.0-SNAPSHOT.jar:?]
	at org.apache.hadoop.hdds.server.OzoneProtocolMessageDispatcher.processRequest(OzoneProtocolMessageDispatcher.java:87) [hdds-server-framework-1.4.0-SNAPSHOT.jar:?]
	at org.apache.hadoop.ozone.protocolPB.OzoneManagerProtocolServerSideTranslatorPB.submitRequest(OzoneManagerProtocolServerSideTranslatorPB.java:148) [ozone-manager-1.4.0-SNAPSHOT.jar:?]
	at org.apache.hadoop.ozone.protocol.proto.OzoneManagerProtocolProtos$OzoneManagerService$2.callBlockingMethod(OzoneManagerProtocolProtos.java) [ozone-interface-client-1.4.0-SNAPSHOT.jar:?]
	at org.apache.hadoop.ipc.ProtobufRpcEngine$Server.processCall(ProtobufRpcEngine.java:484) [hadoop-common-3.3.6.jar:?]
	at org.apache.hadoop.ipc.ProtobufRpcEngine2$Server$ProtoBufRpcInvoker.call(ProtobufRpcEngine2.java:595) [hadoop-common-3.3.6.jar:?]
	at org.apache.hadoop.ipc.ProtobufRpcEngine2$Server$ProtoBufRpcInvoker.call(ProtobufRpcEngine2.java:573) [hadoop-common-3.3.6.jar:?]
	at org.apache.hadoop.ipc.RPC$Server.call(RPC.java:1227) [hadoop-common-3.3.6.jar:?]
	at org.apache.hadoop.ipc.Server$RpcCall.run(Server.java:1094) [hadoop-common-3.3.6.jar:?]
	at org.apache.hadoop.ipc.Server$RpcCall.run(Server.java:1017) [hadoop-common-3.3.6.jar:?]
	at java.security.AccessController.doPrivileged(Native Method) ~[?:1.8.0_382]
	at javax.security.auth.Subject.doAs(Subject.java:422) [?:1.8.0_382]
	at org.apache.hadoop.security.UserGroupInformation.doAs(UserGroupInformation.java:1899) [hadoop-common-3.3.6.jar:?]
	at org.apache.hadoop.ipc.Server$Handler.run(Server.java:3048) [hadoop-common-3.3.6.jar:?]
]]></system-out>
  </testcase>
  <testcase name="testTrash" classname="TestOzoneFileSystem" time="4.035">
    <system-out><![CDATA[11:37:56.964 [IPC Server handler 12 on default port 15163] ERROR OMAudit - user=runner | ip=127.0.0.1 | op=GET_FILE_STATUS {volume=volume45503, bucket=bucket29530, key=.Trash/runner/Current/testKey2, dataSize=0, replicationConfig=null} | ret=FAILURE
org.apache.hadoop.ozone.om.exceptions.OMException: Unable to get file status: volume: volume45503 bucket: bucket29530 key: .Trash/runner/Current/testKey2
	at org.apache.hadoop.ozone.om.KeyManagerImpl.getOzoneFileStatus(KeyManagerImpl.java:1195) ~[ozone-manager-1.4.0-SNAPSHOT.jar:?]
	at org.apache.hadoop.ozone.om.KeyManagerImpl.getFileStatus(KeyManagerImpl.java:1113) ~[ozone-manager-1.4.0-SNAPSHOT.jar:?]
	at org.apache.hadoop.ozone.om.OmMetadataReader.getFileStatus(OmMetadataReader.java:262) ~[ozone-manager-1.4.0-SNAPSHOT.jar:?]
	at org.apache.hadoop.ozone.om.OzoneManager.getFileStatus(OzoneManager.java:3513) ~[ozone-manager-1.4.0-SNAPSHOT.jar:?]
	at org.apache.hadoop.ozone.protocolPB.OzoneManagerRequestHandler.getOzoneFileStatus(OzoneManagerRequestHandler.java:973) ~[ozone-manager-1.4.0-SNAPSHOT.jar:?]
	at org.apache.hadoop.ozone.protocolPB.OzoneManagerRequestHandler.handleReadRequest(OzoneManagerRequestHandler.java:252) ~[ozone-manager-1.4.0-SNAPSHOT.jar:?]
	at org.apache.hadoop.ozone.protocolPB.OzoneManagerProtocolServerSideTranslatorPB.submitRequestDirectlyToOM(OzoneManagerProtocolServerSideTranslatorPB.java:274) ~[ozone-manager-1.4.0-SNAPSHOT.jar:?]
	at org.apache.hadoop.ozone.protocolPB.OzoneManagerProtocolServerSideTranslatorPB.processRequest(OzoneManagerProtocolServerSideTranslatorPB.java:175) ~[ozone-manager-1.4.0-SNAPSHOT.jar:?]
	at org.apache.hadoop.hdds.server.OzoneProtocolMessageDispatcher.processRequest(OzoneProtocolMessageDispatcher.java:87) [hdds-server-framework-1.4.0-SNAPSHOT.jar:?]
	at org.apache.hadoop.ozone.protocolPB.OzoneManagerProtocolServerSideTranslatorPB.submitRequest(OzoneManagerProtocolServerSideTranslatorPB.java:148) [ozone-manager-1.4.0-SNAPSHOT.jar:?]
	at org.apache.hadoop.ozone.protocol.proto.OzoneManagerProtocolProtos$OzoneManagerService$2.callBlockingMethod(OzoneManagerProtocolProtos.java) [ozone-interface-client-1.4.0-SNAPSHOT.jar:?]
	at org.apache.hadoop.ipc.ProtobufRpcEngine$Server.processCall(ProtobufRpcEngine.java:484) [hadoop-common-3.3.6.jar:?]
	at org.apache.hadoop.ipc.ProtobufRpcEngine2$Server$ProtoBufRpcInvoker.call(ProtobufRpcEngine2.java:595) [hadoop-common-3.3.6.jar:?]
	at org.apache.hadoop.ipc.ProtobufRpcEngine2$Server$ProtoBufRpcInvoker.call(ProtobufRpcEngine2.java:573) [hadoop-common-3.3.6.jar:?]
	at org.apache.hadoop.ipc.RPC$Server.call(RPC.java:1227) [hadoop-common-3.3.6.jar:?]
	at org.apache.hadoop.ipc.Server$RpcCall.run(Server.java:1094) [hadoop-common-3.3.6.jar:?]
	at org.apache.hadoop.ipc.Server$RpcCall.run(Server.java:1017) [hadoop-common-3.3.6.jar:?]
	at java.security.AccessController.doPrivileged(Native Method) ~[?:1.8.0_382]
	at javax.security.auth.Subject.doAs(Subject.java:422) [?:1.8.0_382]
	at org.apache.hadoop.security.UserGroupInformation.doAs(UserGroupInformation.java:1899) [hadoop-common-3.3.6.jar:?]
	at org.apache.hadoop.ipc.Server$Handler.run(Server.java:3048) [hadoop-common-3.3.6.jar:?]
11:37:56.966 [IPC Server handler 7 on default port 15163] ERROR OMAudit - user=runner | ip=127.0.0.1 | op=GET_FILE_STATUS {volume=volume45503, bucket=bucket29530, key=.Trash/runner/Current/testKey2, dataSize=0, replicationConfig=null} | ret=FAILURE
org.apache.hadoop.ozone.om.exceptions.OMException: Unable to get file status: volume: volume45503 bucket: bucket29530 key: .Trash/runner/Current/testKey2
	at org.apache.hadoop.ozone.om.KeyManagerImpl.getOzoneFileStatus(KeyManagerImpl.java:1195) ~[ozone-manager-1.4.0-SNAPSHOT.jar:?]
	at org.apache.hadoop.ozone.om.KeyManagerImpl.getFileStatus(KeyManagerImpl.java:1113) ~[ozone-manager-1.4.0-SNAPSHOT.jar:?]
	at org.apache.hadoop.ozone.om.OmMetadataReader.getFileStatus(OmMetadataReader.java:262) ~[ozone-manager-1.4.0-SNAPSHOT.jar:?]
	at org.apache.hadoop.ozone.om.OzoneManager.getFileStatus(OzoneManager.java:3513) ~[ozone-manager-1.4.0-SNAPSHOT.jar:?]
	at org.apache.hadoop.ozone.protocolPB.OzoneManagerRequestHandler.getOzoneFileStatus(OzoneManagerRequestHandler.java:973) ~[ozone-manager-1.4.0-SNAPSHOT.jar:?]
	at org.apache.hadoop.ozone.protocolPB.OzoneManagerRequestHandler.handleReadRequest(OzoneManagerRequestHandler.java:252) ~[ozone-manager-1.4.0-SNAPSHOT.jar:?]
	at org.apache.hadoop.ozone.protocolPB.OzoneManagerProtocolServerSideTranslatorPB.submitRequestDirectlyToOM(OzoneManagerProtocolServerSideTranslatorPB.java:274) ~[ozone-manager-1.4.0-SNAPSHOT.jar:?]
	at org.apache.hadoop.ozone.protocolPB.OzoneManagerProtocolServerSideTranslatorPB.processRequest(OzoneManagerProtocolServerSideTranslatorPB.java:175) ~[ozone-manager-1.4.0-SNAPSHOT.jar:?]
	at org.apache.hadoop.hdds.server.OzoneProtocolMessageDispatcher.processRequest(OzoneProtocolMessageDispatcher.java:87) [hdds-server-framework-1.4.0-SNAPSHOT.jar:?]
	at org.apache.hadoop.ozone.protocolPB.OzoneManagerProtocolServerSideTranslatorPB.submitRequest(OzoneManagerProtocolServerSideTranslatorPB.java:148) [ozone-manager-1.4.0-SNAPSHOT.jar:?]
	at org.apache.hadoop.ozone.protocol.proto.OzoneManagerProtocolProtos$OzoneManagerService$2.callBlockingMethod(OzoneManagerProtocolProtos.java) [ozone-interface-client-1.4.0-SNAPSHOT.jar:?]
	at org.apache.hadoop.ipc.ProtobufRpcEngine$Server.processCall(ProtobufRpcEngine.java:484) [hadoop-common-3.3.6.jar:?]
	at org.apache.hadoop.ipc.ProtobufRpcEngine2$Server$ProtoBufRpcInvoker.call(ProtobufRpcEngine2.java:595) [hadoop-common-3.3.6.jar:?]
	at org.apache.hadoop.ipc.ProtobufRpcEngine2$Server$ProtoBufRpcInvoker.call(ProtobufRpcEngine2.java:573) [hadoop-common-3.3.6.jar:?]
	at org.apache.hadoop.ipc.RPC$Server.call(RPC.java:1227) [hadoop-common-3.3.6.jar:?]
	at org.apache.hadoop.ipc.Server$RpcCall.run(Server.java:1094) [hadoop-common-3.3.6.jar:?]
	at org.apache.hadoop.ipc.Server$RpcCall.run(Server.java:1017) [hadoop-common-3.3.6.jar:?]
	at java.security.AccessController.doPrivileged(Native Method) ~[?:1.8.0_382]
	at javax.security.auth.Subject.doAs(Subject.java:422) [?:1.8.0_382]
	at org.apache.hadoop.security.UserGroupInformation.doAs(UserGroupInformation.java:1899) [hadoop-common-3.3.6.jar:?]
	at org.apache.hadoop.ipc.Server$Handler.run(Server.java:3048) [hadoop-common-3.3.6.jar:?]
2023-08-25 11:37:56,970 [Time-limited test] INFO  om.TrashPolicyOzone (TrashPolicyOzone.java:moveToTrash(209)) - Moved: '/testKey2' to trash at: /.Trash/runner/Current/testKey2
2023-08-25 11:37:57,006 [addc2b6a-cfc9-4bfb-8a1c-15b9de9495ff@group-AE72181016E2-FollowerState] INFO  impl.FollowerState (FollowerState.java:run(143)) - addc2b6a-cfc9-4bfb-8a1c-15b9de9495ff@group-AE72181016E2-FollowerState: change to CANDIDATE, lastRpcElapsedTime:5200422115ns, electionTimeout:5193ms
2023-08-25 11:37:57,006 [addc2b6a-cfc9-4bfb-8a1c-15b9de9495ff@group-AE72181016E2-FollowerState] INFO  impl.RoleInfo (RoleInfo.java:shutdownFollowerState(110)) - addc2b6a-cfc9-4bfb-8a1c-15b9de9495ff: shutdown addc2b6a-cfc9-4bfb-8a1c-15b9de9495ff@group-AE72181016E2-FollowerState
2023-08-25 11:37:57,006 [addc2b6a-cfc9-4bfb-8a1c-15b9de9495ff@group-AE72181016E2-FollowerState] INFO  server.RaftServer$Division (RaftServerImpl.java:setRole(329)) - addc2b6a-cfc9-4bfb-8a1c-15b9de9495ff@group-AE72181016E2: changes role from  FOLLOWER to CANDIDATE at term 0 for changeToCandidate
2023-08-25 11:37:57,006 [addc2b6a-cfc9-4bfb-8a1c-15b9de9495ff@group-AE72181016E2-FollowerState] INFO  server.RaftServerConfigKeys (ConfUtils.java:logGet(46)) - raft.server.leaderelection.pre-vote = true (default)
2023-08-25 11:37:57,006 [addc2b6a-cfc9-4bfb-8a1c-15b9de9495ff@group-AE72181016E2-FollowerState] INFO  impl.RoleInfo (RoleInfo.java:updateAndGet(139)) - addc2b6a-cfc9-4bfb-8a1c-15b9de9495ff: start addc2b6a-cfc9-4bfb-8a1c-15b9de9495ff@group-AE72181016E2-LeaderElection36
2023-08-25 11:37:57,009 [addc2b6a-cfc9-4bfb-8a1c-15b9de9495ff@group-AE72181016E2-LeaderElection36] INFO  impl.LeaderElection (LeaderElection.java:askForVotes(321)) - addc2b6a-cfc9-4bfb-8a1c-15b9de9495ff@group-AE72181016E2-LeaderElection36 PRE_VOTE round 0: submit vote requests at term 0 for -1: peers:[addc2b6a-cfc9-4bfb-8a1c-15b9de9495ff|rpc:10.1.0.52:15200|admin:10.1.0.52:15199|client:10.1.0.52:15198|dataStream:10.1.0.52:15201|priority:1|startupRole:FOLLOWER]|listeners:[], old=null
2023-08-25 11:37:57,009 [addc2b6a-cfc9-4bfb-8a1c-15b9de9495ff@group-AE72181016E2-LeaderElection36] INFO  impl.LeaderElection (LeaderElection.java:askForVotes(323)) - addc2b6a-cfc9-4bfb-8a1c-15b9de9495ff@group-AE72181016E2-LeaderElection36 PRE_VOTE round 0: result PASSED (term=0)
2023-08-25 11:37:57,012 [addc2b6a-cfc9-4bfb-8a1c-15b9de9495ff@group-AE72181016E2-LeaderElection36] INFO  impl.LeaderElection (LeaderElection.java:askForVotes(321)) - addc2b6a-cfc9-4bfb-8a1c-15b9de9495ff@group-AE72181016E2-LeaderElection36 ELECTION round 0: submit vote requests at term 1 for -1: peers:[addc2b6a-cfc9-4bfb-8a1c-15b9de9495ff|rpc:10.1.0.52:15200|admin:10.1.0.52:15199|client:10.1.0.52:15198|dataStream:10.1.0.52:15201|priority:1|startupRole:FOLLOWER]|listeners:[], old=null
2023-08-25 11:37:57,012 [addc2b6a-cfc9-4bfb-8a1c-15b9de9495ff@group-AE72181016E2-LeaderElection36] INFO  impl.LeaderElection (LeaderElection.java:askForVotes(323)) - addc2b6a-cfc9-4bfb-8a1c-15b9de9495ff@group-AE72181016E2-LeaderElection36 ELECTION round 0: result PASSED (term=1)
2023-08-25 11:37:57,012 [addc2b6a-cfc9-4bfb-8a1c-15b9de9495ff@group-AE72181016E2-LeaderElection36] INFO  impl.RoleInfo (RoleInfo.java:shutdownLeaderElection(130)) - addc2b6a-cfc9-4bfb-8a1c-15b9de9495ff: shutdown addc2b6a-cfc9-4bfb-8a1c-15b9de9495ff@group-AE72181016E2-LeaderElection36
2023-08-25 11:37:57,012 [addc2b6a-cfc9-4bfb-8a1c-15b9de9495ff@group-AE72181016E2-LeaderElection36] INFO  server.RaftServer$Division (RaftServerImpl.java:setRole(329)) - addc2b6a-cfc9-4bfb-8a1c-15b9de9495ff@group-AE72181016E2: changes role from CANDIDATE to LEADER at term 1 for changeToLeader
2023-08-25 11:37:57,012 [addc2b6a-cfc9-4bfb-8a1c-15b9de9495ff@group-AE72181016E2-LeaderElection36] INFO  ratis.XceiverServerRatis (XceiverServerRatis.java:handleLeaderChangedNotification(902)) - Leader change notification received for group: group-AE72181016E2 with new leaderId: addc2b6a-cfc9-4bfb-8a1c-15b9de9495ff
2023-08-25 11:37:57,012 [addc2b6a-cfc9-4bfb-8a1c-15b9de9495ff@group-AE72181016E2-LeaderElection36] INFO  server.RaftServer$Division (ServerState.java:setLeader(317)) - addc2b6a-cfc9-4bfb-8a1c-15b9de9495ff@group-AE72181016E2: change Leader from null to addc2b6a-cfc9-4bfb-8a1c-15b9de9495ff at term 1 for becomeLeader, leader elected after 5235ms
2023-08-25 11:37:57,012 [addc2b6a-cfc9-4bfb-8a1c-15b9de9495ff@group-AE72181016E2-LeaderElection36] INFO  server.RaftServerConfigKeys (ConfUtils.java:logGet(46)) - raft.server.staging.catchup.gap = 1000 (default)
2023-08-25 11:37:57,012 [addc2b6a-cfc9-4bfb-8a1c-15b9de9495ff@group-AE72181016E2-LeaderElection36] INFO  server.RaftServerConfigKeys (ConfUtils.java:logGet(46)) - raft.server.write.element-limit = 1024 (custom)
2023-08-25 11:37:57,012 [addc2b6a-cfc9-4bfb-8a1c-15b9de9495ff@group-AE72181016E2-LeaderElection36] INFO  server.RaftServerConfigKeys (ConfUtils.java:logGet(46)) - raft.server.write.byte-limit = 1024 M (=1073741824) (custom)
2023-08-25 11:37:57,013 [addc2b6a-cfc9-4bfb-8a1c-15b9de9495ff@group-AE72181016E2-LeaderElection36] INFO  server.RaftServerConfigKeys (ConfUtils.java:logGet(46)) - raft.server.watch.timeout = 180s (custom)
2023-08-25 11:37:57,013 [addc2b6a-cfc9-4bfb-8a1c-15b9de9495ff@group-AE72181016E2-LeaderElection36] INFO  server.RaftServerConfigKeys (ConfUtils.java:logGet(46)) - raft.server.watch.timeout.denomination = 1s (default)
2023-08-25 11:37:57,013 [addc2b6a-cfc9-4bfb-8a1c-15b9de9495ff@group-AE72181016E2-LeaderElection36] INFO  server.RaftServerConfigKeys (ConfUtils.java:logGet(46)) - raft.server.watch.element-limit = 65536 (default)
2023-08-25 11:37:57,013 [addc2b6a-cfc9-4bfb-8a1c-15b9de9495ff@group-AE72181016E2-LeaderElection36] INFO  server.RaftServerConfigKeys (ConfUtils.java:logGet(46)) - raft.server.write.element-limit = 1024 (custom)
2023-08-25 11:37:57,013 [addc2b6a-cfc9-4bfb-8a1c-15b9de9495ff@group-AE72181016E2-LeaderElection36] INFO  server.RaftServerConfigKeys (ConfUtils.java:logGet(46)) - raft.server.write.follower.gap.ratio.max = -1.0 (default)
2023-08-25 11:37:57,013 [addc2b6a-cfc9-4bfb-8a1c-15b9de9495ff@group-AE72181016E2-LeaderElection36] INFO  impl.RoleInfo (RoleInfo.java:updateAndGet(139)) - addc2b6a-cfc9-4bfb-8a1c-15b9de9495ff: start addc2b6a-cfc9-4bfb-8a1c-15b9de9495ff@group-AE72181016E2-LeaderStateImpl
2023-08-25 11:37:57,013 [addc2b6a-cfc9-4bfb-8a1c-15b9de9495ff@group-AE72181016E2-LeaderElection36] INFO  segmented.SegmentedRaftLogWorker (SegmentedRaftLogWorker.java:startLogSegment(447)) - addc2b6a-cfc9-4bfb-8a1c-15b9de9495ff@group-AE72181016E2-SegmentedRaftLogWorker: Starting segment from index:0
2023-08-25 11:37:57,014 [addc2b6a-cfc9-4bfb-8a1c-15b9de9495ff@group-AE72181016E2-LeaderElection36] INFO  server.RaftServer$Division (ServerState.java:setRaftConf(434)) - addc2b6a-cfc9-4bfb-8a1c-15b9de9495ff@group-AE72181016E2: set configuration 0: peers:[addc2b6a-cfc9-4bfb-8a1c-15b9de9495ff|rpc:10.1.0.52:15200|admin:10.1.0.52:15199|client:10.1.0.52:15198|dataStream:10.1.0.52:15201|priority:1|startupRole:FOLLOWER]|listeners:[], old=null
2023-08-25 11:37:57,015 [addc2b6a-cfc9-4bfb-8a1c-15b9de9495ff@group-AE72181016E2-SegmentedRaftLogWorker] INFO  segmented.SegmentedRaftLogWorker (SegmentedRaftLogWorker.java:execute(651)) - addc2b6a-cfc9-4bfb-8a1c-15b9de9495ff@group-AE72181016E2-SegmentedRaftLogWorker: created new log segment /home/runner/work/ozone/ozone/hadoop-ozone/integration-test/target/test-dir/MiniOzoneClusterImpl-e63a8ec6-da9e-4c95-a9d5-015e34518cdf/datanode-3/data/ratis/6c1ee142-a7c7-44de-abc6-ae72181016e2/current/log_inprogress_0
2023-08-25 11:37:57,292 [502f6022-a881-4b45-8d31-6accf0fa9572@group-26E3F09C9A82-FollowerState] INFO  impl.FollowerState (FollowerState.java:run(143)) - 502f6022-a881-4b45-8d31-6accf0fa9572@group-26E3F09C9A82-FollowerState: change to CANDIDATE, lastRpcElapsedTime:5102841275ns, electionTimeout:5102ms
2023-08-25 11:37:57,292 [502f6022-a881-4b45-8d31-6accf0fa9572@group-26E3F09C9A82-FollowerState] INFO  impl.RoleInfo (RoleInfo.java:shutdownFollowerState(110)) - 502f6022-a881-4b45-8d31-6accf0fa9572: shutdown 502f6022-a881-4b45-8d31-6accf0fa9572@group-26E3F09C9A82-FollowerState
2023-08-25 11:37:57,292 [502f6022-a881-4b45-8d31-6accf0fa9572@group-26E3F09C9A82-FollowerState] INFO  server.RaftServer$Division (RaftServerImpl.java:setRole(329)) - 502f6022-a881-4b45-8d31-6accf0fa9572@group-26E3F09C9A82: changes role from  FOLLOWER to CANDIDATE at term 0 for changeToCandidate
2023-08-25 11:37:57,292 [502f6022-a881-4b45-8d31-6accf0fa9572@group-26E3F09C9A82-FollowerState] INFO  server.RaftServerConfigKeys (ConfUtils.java:logGet(46)) - raft.server.leaderelection.pre-vote = true (default)
2023-08-25 11:37:57,292 [502f6022-a881-4b45-8d31-6accf0fa9572@group-26E3F09C9A82-FollowerState] INFO  impl.RoleInfo (RoleInfo.java:updateAndGet(139)) - 502f6022-a881-4b45-8d31-6accf0fa9572: start 502f6022-a881-4b45-8d31-6accf0fa9572@group-26E3F09C9A82-LeaderElection37
2023-08-25 11:37:57,295 [502f6022-a881-4b45-8d31-6accf0fa9572@group-26E3F09C9A82-LeaderElection37] INFO  impl.LeaderElection (LeaderElection.java:askForVotes(321)) - 502f6022-a881-4b45-8d31-6accf0fa9572@group-26E3F09C9A82-LeaderElection37 PRE_VOTE round 0: submit vote requests at term 0 for -1: peers:[502f6022-a881-4b45-8d31-6accf0fa9572|rpc:10.1.0.52:15209|admin:10.1.0.52:15208|client:10.1.0.52:15207|dataStream:10.1.0.52:15210|priority:1|startupRole:FOLLOWER]|listeners:[], old=null
2023-08-25 11:37:57,295 [502f6022-a881-4b45-8d31-6accf0fa9572@group-26E3F09C9A82-LeaderElection37] INFO  impl.LeaderElection (LeaderElection.java:askForVotes(323)) - 502f6022-a881-4b45-8d31-6accf0fa9572@group-26E3F09C9A82-LeaderElection37 PRE_VOTE round 0: result PASSED (term=0)
2023-08-25 11:37:57,297 [502f6022-a881-4b45-8d31-6accf0fa9572@group-26E3F09C9A82-LeaderElection37] INFO  impl.LeaderElection (LeaderElection.java:askForVotes(321)) - 502f6022-a881-4b45-8d31-6accf0fa9572@group-26E3F09C9A82-LeaderElection37 ELECTION round 0: submit vote requests at term 1 for -1: peers:[502f6022-a881-4b45-8d31-6accf0fa9572|rpc:10.1.0.52:15209|admin:10.1.0.52:15208|client:10.1.0.52:15207|dataStream:10.1.0.52:15210|priority:1|startupRole:FOLLOWER]|listeners:[], old=null
2023-08-25 11:37:57,297 [502f6022-a881-4b45-8d31-6accf0fa9572@group-26E3F09C9A82-LeaderElection37] INFO  impl.LeaderElection (LeaderElection.java:askForVotes(323)) - 502f6022-a881-4b45-8d31-6accf0fa9572@group-26E3F09C9A82-LeaderElection37 ELECTION round 0: result PASSED (term=1)
2023-08-25 11:37:57,297 [502f6022-a881-4b45-8d31-6accf0fa9572@group-26E3F09C9A82-LeaderElection37] INFO  impl.RoleInfo (RoleInfo.java:shutdownLeaderElection(130)) - 502f6022-a881-4b45-8d31-6accf0fa9572: shutdown 502f6022-a881-4b45-8d31-6accf0fa9572@group-26E3F09C9A82-LeaderElection37
2023-08-25 11:37:57,298 [502f6022-a881-4b45-8d31-6accf0fa9572@group-26E3F09C9A82-LeaderElection37] INFO  server.RaftServer$Division (RaftServerImpl.java:setRole(329)) - 502f6022-a881-4b45-8d31-6accf0fa9572@group-26E3F09C9A82: changes role from CANDIDATE to LEADER at term 1 for changeToLeader
2023-08-25 11:37:57,298 [502f6022-a881-4b45-8d31-6accf0fa9572@group-26E3F09C9A82-LeaderElection37] INFO  ratis.XceiverServerRatis (XceiverServerRatis.java:handleLeaderChangedNotification(902)) - Leader change notification received for group: group-26E3F09C9A82 with new leaderId: 502f6022-a881-4b45-8d31-6accf0fa9572
2023-08-25 11:37:57,298 [502f6022-a881-4b45-8d31-6accf0fa9572@group-26E3F09C9A82-LeaderElection37] INFO  server.RaftServer$Division (ServerState.java:setLeader(317)) - 502f6022-a881-4b45-8d31-6accf0fa9572@group-26E3F09C9A82: change Leader from null to 502f6022-a881-4b45-8d31-6accf0fa9572 at term 1 for becomeLeader, leader elected after 5129ms
2023-08-25 11:37:57,298 [502f6022-a881-4b45-8d31-6accf0fa9572@group-26E3F09C9A82-LeaderElection37] INFO  server.RaftServerConfigKeys (ConfUtils.java:logGet(46)) - raft.server.staging.catchup.gap = 1000 (default)
2023-08-25 11:37:57,299 [502f6022-a881-4b45-8d31-6accf0fa9572@group-26E3F09C9A82-LeaderElection37] INFO  server.RaftServerConfigKeys (ConfUtils.java:logGet(46)) - raft.server.write.element-limit = 1024 (custom)
2023-08-25 11:37:57,299 [502f6022-a881-4b45-8d31-6accf0fa9572@group-26E3F09C9A82-LeaderElection37] INFO  server.RaftServerConfigKeys (ConfUtils.java:logGet(46)) - raft.server.write.byte-limit = 1024 M (=1073741824) (custom)
2023-08-25 11:37:57,299 [502f6022-a881-4b45-8d31-6accf0fa9572@group-26E3F09C9A82-LeaderElection37] INFO  server.RaftServerConfigKeys (ConfUtils.java:logGet(46)) - raft.server.watch.timeout = 180s (custom)
2023-08-25 11:37:57,299 [502f6022-a881-4b45-8d31-6accf0fa9572@group-26E3F09C9A82-LeaderElection37] INFO  server.RaftServerConfigKeys (ConfUtils.java:logGet(46)) - raft.server.watch.timeout.denomination = 1s (default)
2023-08-25 11:37:57,299 [502f6022-a881-4b45-8d31-6accf0fa9572@group-26E3F09C9A82-LeaderElection37] INFO  server.RaftServerConfigKeys (ConfUtils.java:logGet(46)) - raft.server.watch.element-limit = 65536 (default)
2023-08-25 11:37:57,299 [502f6022-a881-4b45-8d31-6accf0fa9572@group-26E3F09C9A82-LeaderElection37] INFO  server.RaftServerConfigKeys (ConfUtils.java:logGet(46)) - raft.server.write.element-limit = 1024 (custom)
2023-08-25 11:37:57,299 [502f6022-a881-4b45-8d31-6accf0fa9572@group-26E3F09C9A82-LeaderElection37] INFO  server.RaftServerConfigKeys (ConfUtils.java:logGet(46)) - raft.server.write.follower.gap.ratio.max = -1.0 (default)
2023-08-25 11:37:57,300 [502f6022-a881-4b45-8d31-6accf0fa9572@group-26E3F09C9A82-LeaderElection37] INFO  impl.RoleInfo (RoleInfo.java:updateAndGet(139)) - 502f6022-a881-4b45-8d31-6accf0fa9572: start 502f6022-a881-4b45-8d31-6accf0fa9572@group-26E3F09C9A82-LeaderStateImpl
2023-08-25 11:37:57,300 [502f6022-a881-4b45-8d31-6accf0fa9572@group-26E3F09C9A82-LeaderElection37] INFO  segmented.SegmentedRaftLogWorker (SegmentedRaftLogWorker.java:startLogSegment(447)) - 502f6022-a881-4b45-8d31-6accf0fa9572@group-26E3F09C9A82-SegmentedRaftLogWorker: Starting segment from index:0
2023-08-25 11:37:57,300 [502f6022-a881-4b45-8d31-6accf0fa9572@group-26E3F09C9A82-LeaderElection37] INFO  server.RaftServer$Division (ServerState.java:setRaftConf(434)) - 502f6022-a881-4b45-8d31-6accf0fa9572@group-26E3F09C9A82: set configuration 0: peers:[502f6022-a881-4b45-8d31-6accf0fa9572|rpc:10.1.0.52:15209|admin:10.1.0.52:15208|client:10.1.0.52:15207|dataStream:10.1.0.52:15210|priority:1|startupRole:FOLLOWER]|listeners:[], old=null
2023-08-25 11:37:57,302 [502f6022-a881-4b45-8d31-6accf0fa9572@group-26E3F09C9A82-SegmentedRaftLogWorker] INFO  segmented.SegmentedRaftLogWorker (SegmentedRaftLogWorker.java:execute(651)) - 502f6022-a881-4b45-8d31-6accf0fa9572@group-26E3F09C9A82-SegmentedRaftLogWorker: created new log segment /home/runner/work/ozone/ozone/hadoop-ozone/integration-test/target/test-dir/MiniOzoneClusterImpl-e63a8ec6-da9e-4c95-a9d5-015e34518cdf/datanode-4/data/ratis/4174db21-9d27-4da0-9171-26e3f09c9a82/current/log_inprogress_0
11:37:57.972 [IPC Server handler 0 on default port 15163] ERROR OMAudit - user=runner | ip=127.0.0.1 | op=GET_FILE_STATUS {volume=volume45503, bucket=bucket29530, key=.Trash/runner/Current/testKey2, dataSize=0, replicationConfig=null} | ret=FAILURE
org.apache.hadoop.ozone.om.exceptions.OMException: Unable to get file status: volume: volume45503 bucket: bucket29530 key: .Trash/runner/Current/testKey2
	at org.apache.hadoop.ozone.om.KeyManagerImpl.getOzoneFileStatus(KeyManagerImpl.java:1195) ~[ozone-manager-1.4.0-SNAPSHOT.jar:?]
	at org.apache.hadoop.ozone.om.KeyManagerImpl.getFileStatus(KeyManagerImpl.java:1113) ~[ozone-manager-1.4.0-SNAPSHOT.jar:?]
	at org.apache.hadoop.ozone.om.OmMetadataReader.getFileStatus(OmMetadataReader.java:262) ~[ozone-manager-1.4.0-SNAPSHOT.jar:?]
	at org.apache.hadoop.ozone.om.OzoneManager.getFileStatus(OzoneManager.java:3513) ~[ozone-manager-1.4.0-SNAPSHOT.jar:?]
	at org.apache.hadoop.ozone.protocolPB.OzoneManagerRequestHandler.getOzoneFileStatus(OzoneManagerRequestHandler.java:973) ~[ozone-manager-1.4.0-SNAPSHOT.jar:?]
	at org.apache.hadoop.ozone.protocolPB.OzoneManagerRequestHandler.handleReadRequest(OzoneManagerRequestHandler.java:252) ~[ozone-manager-1.4.0-SNAPSHOT.jar:?]
	at org.apache.hadoop.ozone.protocolPB.OzoneManagerProtocolServerSideTranslatorPB.submitRequestDirectlyToOM(OzoneManagerProtocolServerSideTranslatorPB.java:274) ~[ozone-manager-1.4.0-SNAPSHOT.jar:?]
	at org.apache.hadoop.ozone.protocolPB.OzoneManagerProtocolServerSideTranslatorPB.processRequest(OzoneManagerProtocolServerSideTranslatorPB.java:175) ~[ozone-manager-1.4.0-SNAPSHOT.jar:?]
	at org.apache.hadoop.hdds.server.OzoneProtocolMessageDispatcher.processRequest(OzoneProtocolMessageDispatcher.java:87) [hdds-server-framework-1.4.0-SNAPSHOT.jar:?]
	at org.apache.hadoop.ozone.protocolPB.OzoneManagerProtocolServerSideTranslatorPB.submitRequest(OzoneManagerProtocolServerSideTranslatorPB.java:148) [ozone-manager-1.4.0-SNAPSHOT.jar:?]
	at org.apache.hadoop.ozone.protocol.proto.OzoneManagerProtocolProtos$OzoneManagerService$2.callBlockingMethod(OzoneManagerProtocolProtos.java) [ozone-interface-client-1.4.0-SNAPSHOT.jar:?]
	at org.apache.hadoop.ipc.ProtobufRpcEngine$Server.processCall(ProtobufRpcEngine.java:484) [hadoop-common-3.3.6.jar:?]
	at org.apache.hadoop.ipc.ProtobufRpcEngine2$Server$ProtoBufRpcInvoker.call(ProtobufRpcEngine2.java:595) [hadoop-common-3.3.6.jar:?]
	at org.apache.hadoop.ipc.ProtobufRpcEngine2$Server$ProtoBufRpcInvoker.call(ProtobufRpcEngine2.java:573) [hadoop-common-3.3.6.jar:?]
	at org.apache.hadoop.ipc.RPC$Server.call(RPC.java:1227) [hadoop-common-3.3.6.jar:?]
	at org.apache.hadoop.ipc.Server$RpcCall.run(Server.java:1094) [hadoop-common-3.3.6.jar:?]
	at org.apache.hadoop.ipc.Server$RpcCall.run(Server.java:1017) [hadoop-common-3.3.6.jar:?]
	at java.security.AccessController.doPrivileged(Native Method) ~[?:1.8.0_382]
	at javax.security.auth.Subject.doAs(Subject.java:422) [?:1.8.0_382]
	at org.apache.hadoop.security.UserGroupInformation.doAs(UserGroupInformation.java:1899) [hadoop-common-3.3.6.jar:?]
	at org.apache.hadoop.ipc.Server$Handler.run(Server.java:3048) [hadoop-common-3.3.6.jar:?]
]]></system-out>
  </testcase>
  <testcase name="testRenameDestinationParentDoesntExist" classname="TestOzoneFileSystem" time="0.072">
    <system-out><![CDATA[11:33:05.329 [IPC Server handler 8 on default port 15004] ERROR OMAudit - user=runner | ip=127.0.0.1 | op=GET_FILE_STATUS {volume=volume54121, bucket=bucket59518, key=root_dir/b/c, dataSize=0, replicationConfig=null} | ret=FAILURE
org.apache.hadoop.ozone.om.exceptions.OMException: Unable to get file status: volume: volume54121 bucket: bucket59518 key: root_dir/b/c
	at org.apache.hadoop.ozone.om.KeyManagerImpl.getOzoneFileStatus(KeyManagerImpl.java:1195) ~[ozone-manager-1.4.0-SNAPSHOT.jar:?]
	at org.apache.hadoop.ozone.om.KeyManagerImpl.getFileStatus(KeyManagerImpl.java:1113) ~[ozone-manager-1.4.0-SNAPSHOT.jar:?]
	at org.apache.hadoop.ozone.om.OmMetadataReader.getFileStatus(OmMetadataReader.java:262) ~[ozone-manager-1.4.0-SNAPSHOT.jar:?]
	at org.apache.hadoop.ozone.om.OzoneManager.getFileStatus(OzoneManager.java:3513) ~[ozone-manager-1.4.0-SNAPSHOT.jar:?]
	at org.apache.hadoop.ozone.protocolPB.OzoneManagerRequestHandler.getOzoneFileStatus(OzoneManagerRequestHandler.java:973) ~[ozone-manager-1.4.0-SNAPSHOT.jar:?]
	at org.apache.hadoop.ozone.protocolPB.OzoneManagerRequestHandler.handleReadRequest(OzoneManagerRequestHandler.java:252) ~[ozone-manager-1.4.0-SNAPSHOT.jar:?]
	at org.apache.hadoop.ozone.protocolPB.OzoneManagerProtocolServerSideTranslatorPB.submitReadRequestToOM(OzoneManagerProtocolServerSideTranslatorPB.java:225) ~[ozone-manager-1.4.0-SNAPSHOT.jar:?]
	at org.apache.hadoop.ozone.protocolPB.OzoneManagerProtocolServerSideTranslatorPB.processRequest(OzoneManagerProtocolServerSideTranslatorPB.java:179) ~[ozone-manager-1.4.0-SNAPSHOT.jar:?]
	at org.apache.hadoop.hdds.server.OzoneProtocolMessageDispatcher.processRequest(OzoneProtocolMessageDispatcher.java:87) [hdds-server-framework-1.4.0-SNAPSHOT.jar:?]
	at org.apache.hadoop.ozone.protocolPB.OzoneManagerProtocolServerSideTranslatorPB.submitRequest(OzoneManagerProtocolServerSideTranslatorPB.java:148) [ozone-manager-1.4.0-SNAPSHOT.jar:?]
	at org.apache.hadoop.ozone.protocol.proto.OzoneManagerProtocolProtos$OzoneManagerService$2.callBlockingMethod(OzoneManagerProtocolProtos.java) [ozone-interface-client-1.4.0-SNAPSHOT.jar:?]
	at org.apache.hadoop.ipc.ProtobufRpcEngine$Server.processCall(ProtobufRpcEngine.java:484) [hadoop-common-3.3.6.jar:?]
	at org.apache.hadoop.ipc.ProtobufRpcEngine2$Server$ProtoBufRpcInvoker.call(ProtobufRpcEngine2.java:595) [hadoop-common-3.3.6.jar:?]
	at org.apache.hadoop.ipc.ProtobufRpcEngine2$Server$ProtoBufRpcInvoker.call(ProtobufRpcEngine2.java:573) [hadoop-common-3.3.6.jar:?]
	at org.apache.hadoop.ipc.RPC$Server.call(RPC.java:1227) [hadoop-common-3.3.6.jar:?]
	at org.apache.hadoop.ipc.Server$RpcCall.run(Server.java:1094) [hadoop-common-3.3.6.jar:?]
	at org.apache.hadoop.ipc.Server$RpcCall.run(Server.java:1017) [hadoop-common-3.3.6.jar:?]
	at java.security.AccessController.doPrivileged(Native Method) ~[?:1.8.0_382]
	at javax.security.auth.Subject.doAs(Subject.java:422) [?:1.8.0_382]
	at org.apache.hadoop.security.UserGroupInformation.doAs(UserGroupInformation.java:1899) [hadoop-common-3.3.6.jar:?]
	at org.apache.hadoop.ipc.Server$Handler.run(Server.java:3048) [hadoop-common-3.3.6.jar:?]
11:33:05.332 [IPC Server handler 1 on default port 15004] ERROR OMAudit - user=runner | ip=127.0.0.1 | op=GET_FILE_STATUS {volume=volume54121, bucket=bucket59518, key=root_dir/b, dataSize=0, replicationConfig=null} | ret=FAILURE
org.apache.hadoop.ozone.om.exceptions.OMException: Unable to get file status: volume: volume54121 bucket: bucket59518 key: root_dir/b
	at org.apache.hadoop.ozone.om.KeyManagerImpl.getOzoneFileStatus(KeyManagerImpl.java:1195) ~[ozone-manager-1.4.0-SNAPSHOT.jar:?]
	at org.apache.hadoop.ozone.om.KeyManagerImpl.getFileStatus(KeyManagerImpl.java:1113) ~[ozone-manager-1.4.0-SNAPSHOT.jar:?]
	at org.apache.hadoop.ozone.om.OmMetadataReader.getFileStatus(OmMetadataReader.java:262) ~[ozone-manager-1.4.0-SNAPSHOT.jar:?]
	at org.apache.hadoop.ozone.om.OzoneManager.getFileStatus(OzoneManager.java:3513) ~[ozone-manager-1.4.0-SNAPSHOT.jar:?]
	at org.apache.hadoop.ozone.protocolPB.OzoneManagerRequestHandler.getOzoneFileStatus(OzoneManagerRequestHandler.java:973) ~[ozone-manager-1.4.0-SNAPSHOT.jar:?]
	at org.apache.hadoop.ozone.protocolPB.OzoneManagerRequestHandler.handleReadRequest(OzoneManagerRequestHandler.java:252) ~[ozone-manager-1.4.0-SNAPSHOT.jar:?]
	at org.apache.hadoop.ozone.protocolPB.OzoneManagerProtocolServerSideTranslatorPB.submitReadRequestToOM(OzoneManagerProtocolServerSideTranslatorPB.java:225) ~[ozone-manager-1.4.0-SNAPSHOT.jar:?]
	at org.apache.hadoop.ozone.protocolPB.OzoneManagerProtocolServerSideTranslatorPB.processRequest(OzoneManagerProtocolServerSideTranslatorPB.java:179) ~[ozone-manager-1.4.0-SNAPSHOT.jar:?]
	at org.apache.hadoop.hdds.server.OzoneProtocolMessageDispatcher.processRequest(OzoneProtocolMessageDispatcher.java:87) [hdds-server-framework-1.4.0-SNAPSHOT.jar:?]
	at org.apache.hadoop.ozone.protocolPB.OzoneManagerProtocolServerSideTranslatorPB.submitRequest(OzoneManagerProtocolServerSideTranslatorPB.java:148) [ozone-manager-1.4.0-SNAPSHOT.jar:?]
	at org.apache.hadoop.ozone.protocol.proto.OzoneManagerProtocolProtos$OzoneManagerService$2.callBlockingMethod(OzoneManagerProtocolProtos.java) [ozone-interface-client-1.4.0-SNAPSHOT.jar:?]
	at org.apache.hadoop.ipc.ProtobufRpcEngine$Server.processCall(ProtobufRpcEngine.java:484) [hadoop-common-3.3.6.jar:?]
	at org.apache.hadoop.ipc.ProtobufRpcEngine2$Server$ProtoBufRpcInvoker.call(ProtobufRpcEngine2.java:595) [hadoop-common-3.3.6.jar:?]
	at org.apache.hadoop.ipc.ProtobufRpcEngine2$Server$ProtoBufRpcInvoker.call(ProtobufRpcEngine2.java:573) [hadoop-common-3.3.6.jar:?]
	at org.apache.hadoop.ipc.RPC$Server.call(RPC.java:1227) [hadoop-common-3.3.6.jar:?]
	at org.apache.hadoop.ipc.Server$RpcCall.run(Server.java:1094) [hadoop-common-3.3.6.jar:?]
	at org.apache.hadoop.ipc.Server$RpcCall.run(Server.java:1017) [hadoop-common-3.3.6.jar:?]
	at java.security.AccessController.doPrivileged(Native Method) ~[?:1.8.0_382]
	at javax.security.auth.Subject.doAs(Subject.java:422) [?:1.8.0_382]
	at org.apache.hadoop.security.UserGroupInformation.doAs(UserGroupInformation.java:1899) [hadoop-common-3.3.6.jar:?]
	at org.apache.hadoop.ipc.Server$Handler.run(Server.java:3048) [hadoop-common-3.3.6.jar:?]
11:33:05.358 [IPC Server handler 0 on default port 15004] ERROR OMAudit - user=runner | ip=127.0.0.1 | op=GET_FILE_STATUS {volume=volume54121, bucket=bucket59518, key=root_dir/file1/c, dataSize=0, replicationConfig=null} | ret=FAILURE
org.apache.hadoop.ozone.om.exceptions.OMException: Unable to get file status: volume: volume54121 bucket: bucket59518 key: root_dir/file1/c
	at org.apache.hadoop.ozone.om.KeyManagerImpl.getOzoneFileStatus(KeyManagerImpl.java:1195) ~[ozone-manager-1.4.0-SNAPSHOT.jar:?]
	at org.apache.hadoop.ozone.om.KeyManagerImpl.getFileStatus(KeyManagerImpl.java:1113) ~[ozone-manager-1.4.0-SNAPSHOT.jar:?]
	at org.apache.hadoop.ozone.om.OmMetadataReader.getFileStatus(OmMetadataReader.java:262) ~[ozone-manager-1.4.0-SNAPSHOT.jar:?]
	at org.apache.hadoop.ozone.om.OzoneManager.getFileStatus(OzoneManager.java:3513) ~[ozone-manager-1.4.0-SNAPSHOT.jar:?]
	at org.apache.hadoop.ozone.protocolPB.OzoneManagerRequestHandler.getOzoneFileStatus(OzoneManagerRequestHandler.java:973) ~[ozone-manager-1.4.0-SNAPSHOT.jar:?]
	at org.apache.hadoop.ozone.protocolPB.OzoneManagerRequestHandler.handleReadRequest(OzoneManagerRequestHandler.java:252) ~[ozone-manager-1.4.0-SNAPSHOT.jar:?]
	at org.apache.hadoop.ozone.protocolPB.OzoneManagerProtocolServerSideTranslatorPB.submitReadRequestToOM(OzoneManagerProtocolServerSideTranslatorPB.java:225) ~[ozone-manager-1.4.0-SNAPSHOT.jar:?]
	at org.apache.hadoop.ozone.protocolPB.OzoneManagerProtocolServerSideTranslatorPB.processRequest(OzoneManagerProtocolServerSideTranslatorPB.java:179) ~[ozone-manager-1.4.0-SNAPSHOT.jar:?]
	at org.apache.hadoop.hdds.server.OzoneProtocolMessageDispatcher.processRequest(OzoneProtocolMessageDispatcher.java:87) [hdds-server-framework-1.4.0-SNAPSHOT.jar:?]
	at org.apache.hadoop.ozone.protocolPB.OzoneManagerProtocolServerSideTranslatorPB.submitRequest(OzoneManagerProtocolServerSideTranslatorPB.java:148) [ozone-manager-1.4.0-SNAPSHOT.jar:?]
	at org.apache.hadoop.ozone.protocol.proto.OzoneManagerProtocolProtos$OzoneManagerService$2.callBlockingMethod(OzoneManagerProtocolProtos.java) [ozone-interface-client-1.4.0-SNAPSHOT.jar:?]
	at org.apache.hadoop.ipc.ProtobufRpcEngine$Server.processCall(ProtobufRpcEngine.java:484) [hadoop-common-3.3.6.jar:?]
	at org.apache.hadoop.ipc.ProtobufRpcEngine2$Server$ProtoBufRpcInvoker.call(ProtobufRpcEngine2.java:595) [hadoop-common-3.3.6.jar:?]
	at org.apache.hadoop.ipc.ProtobufRpcEngine2$Server$ProtoBufRpcInvoker.call(ProtobufRpcEngine2.java:573) [hadoop-common-3.3.6.jar:?]
	at org.apache.hadoop.ipc.RPC$Server.call(RPC.java:1227) [hadoop-common-3.3.6.jar:?]
	at org.apache.hadoop.ipc.Server$RpcCall.run(Server.java:1094) [hadoop-common-3.3.6.jar:?]
	at org.apache.hadoop.ipc.Server$RpcCall.run(Server.java:1017) [hadoop-common-3.3.6.jar:?]
	at java.security.AccessController.doPrivileged(Native Method) ~[?:1.8.0_382]
	at javax.security.auth.Subject.doAs(Subject.java:422) [?:1.8.0_382]
	at org.apache.hadoop.security.UserGroupInformation.doAs(UserGroupInformation.java:1899) [hadoop-common-3.3.6.jar:?]
	at org.apache.hadoop.ipc.Server$Handler.run(Server.java:3048) [hadoop-common-3.3.6.jar:?]
]]></system-out>
  </testcase>
  <testcase name="testRenameDestinationParentDoesntExist" classname="TestOzoneFileSystem" time="0.038">
    <system-out><![CDATA[11:35:00.965 [IPC Server handler 8 on default port 15057] ERROR OMAudit - user=runner | ip=127.0.0.1 | op=GET_FILE_STATUS {volume=volume67780, bucket=bucket36604, key=root_dir/b/c, dataSize=0, replicationConfig=null} | ret=FAILURE
org.apache.hadoop.ozone.om.exceptions.OMException: Unable to get file status: volume: volume67780 bucket: bucket36604 key: root_dir/b/c
	at org.apache.hadoop.ozone.om.KeyManagerImpl.getOzoneFileStatus(KeyManagerImpl.java:1195) ~[ozone-manager-1.4.0-SNAPSHOT.jar:?]
	at org.apache.hadoop.ozone.om.KeyManagerImpl.getFileStatus(KeyManagerImpl.java:1113) ~[ozone-manager-1.4.0-SNAPSHOT.jar:?]
	at org.apache.hadoop.ozone.om.OmMetadataReader.getFileStatus(OmMetadataReader.java:262) ~[ozone-manager-1.4.0-SNAPSHOT.jar:?]
	at org.apache.hadoop.ozone.om.OzoneManager.getFileStatus(OzoneManager.java:3513) ~[ozone-manager-1.4.0-SNAPSHOT.jar:?]
	at org.apache.hadoop.ozone.protocolPB.OzoneManagerRequestHandler.getOzoneFileStatus(OzoneManagerRequestHandler.java:973) ~[ozone-manager-1.4.0-SNAPSHOT.jar:?]
	at org.apache.hadoop.ozone.protocolPB.OzoneManagerRequestHandler.handleReadRequest(OzoneManagerRequestHandler.java:252) ~[ozone-manager-1.4.0-SNAPSHOT.jar:?]
	at org.apache.hadoop.ozone.protocolPB.OzoneManagerProtocolServerSideTranslatorPB.submitRequestDirectlyToOM(OzoneManagerProtocolServerSideTranslatorPB.java:274) ~[ozone-manager-1.4.0-SNAPSHOT.jar:?]
	at org.apache.hadoop.ozone.protocolPB.OzoneManagerProtocolServerSideTranslatorPB.processRequest(OzoneManagerProtocolServerSideTranslatorPB.java:175) ~[ozone-manager-1.4.0-SNAPSHOT.jar:?]
	at org.apache.hadoop.hdds.server.OzoneProtocolMessageDispatcher.processRequest(OzoneProtocolMessageDispatcher.java:87) [hdds-server-framework-1.4.0-SNAPSHOT.jar:?]
	at org.apache.hadoop.ozone.protocolPB.OzoneManagerProtocolServerSideTranslatorPB.submitRequest(OzoneManagerProtocolServerSideTranslatorPB.java:148) [ozone-manager-1.4.0-SNAPSHOT.jar:?]
	at org.apache.hadoop.ozone.protocol.proto.OzoneManagerProtocolProtos$OzoneManagerService$2.callBlockingMethod(OzoneManagerProtocolProtos.java) [ozone-interface-client-1.4.0-SNAPSHOT.jar:?]
	at org.apache.hadoop.ipc.ProtobufRpcEngine$Server.processCall(ProtobufRpcEngine.java:484) [hadoop-common-3.3.6.jar:?]
	at org.apache.hadoop.ipc.ProtobufRpcEngine2$Server$ProtoBufRpcInvoker.call(ProtobufRpcEngine2.java:595) [hadoop-common-3.3.6.jar:?]
	at org.apache.hadoop.ipc.ProtobufRpcEngine2$Server$ProtoBufRpcInvoker.call(ProtobufRpcEngine2.java:573) [hadoop-common-3.3.6.jar:?]
	at org.apache.hadoop.ipc.RPC$Server.call(RPC.java:1227) [hadoop-common-3.3.6.jar:?]
	at org.apache.hadoop.ipc.Server$RpcCall.run(Server.java:1094) [hadoop-common-3.3.6.jar:?]
	at org.apache.hadoop.ipc.Server$RpcCall.run(Server.java:1017) [hadoop-common-3.3.6.jar:?]
	at java.security.AccessController.doPrivileged(Native Method) ~[?:1.8.0_382]
	at javax.security.auth.Subject.doAs(Subject.java:422) [?:1.8.0_382]
	at org.apache.hadoop.security.UserGroupInformation.doAs(UserGroupInformation.java:1899) [hadoop-common-3.3.6.jar:?]
	at org.apache.hadoop.ipc.Server$Handler.run(Server.java:3048) [hadoop-common-3.3.6.jar:?]
11:35:00.967 [IPC Server handler 7 on default port 15057] ERROR OMAudit - user=runner | ip=127.0.0.1 | op=GET_FILE_STATUS {volume=volume67780, bucket=bucket36604, key=root_dir/b, dataSize=0, replicationConfig=null} | ret=FAILURE
org.apache.hadoop.ozone.om.exceptions.OMException: Unable to get file status: volume: volume67780 bucket: bucket36604 key: root_dir/b
	at org.apache.hadoop.ozone.om.KeyManagerImpl.getOzoneFileStatus(KeyManagerImpl.java:1195) ~[ozone-manager-1.4.0-SNAPSHOT.jar:?]
	at org.apache.hadoop.ozone.om.KeyManagerImpl.getFileStatus(KeyManagerImpl.java:1113) ~[ozone-manager-1.4.0-SNAPSHOT.jar:?]
	at org.apache.hadoop.ozone.om.OmMetadataReader.getFileStatus(OmMetadataReader.java:262) ~[ozone-manager-1.4.0-SNAPSHOT.jar:?]
	at org.apache.hadoop.ozone.om.OzoneManager.getFileStatus(OzoneManager.java:3513) ~[ozone-manager-1.4.0-SNAPSHOT.jar:?]
	at org.apache.hadoop.ozone.protocolPB.OzoneManagerRequestHandler.getOzoneFileStatus(OzoneManagerRequestHandler.java:973) ~[ozone-manager-1.4.0-SNAPSHOT.jar:?]
	at org.apache.hadoop.ozone.protocolPB.OzoneManagerRequestHandler.handleReadRequest(OzoneManagerRequestHandler.java:252) ~[ozone-manager-1.4.0-SNAPSHOT.jar:?]
	at org.apache.hadoop.ozone.protocolPB.OzoneManagerProtocolServerSideTranslatorPB.submitRequestDirectlyToOM(OzoneManagerProtocolServerSideTranslatorPB.java:274) ~[ozone-manager-1.4.0-SNAPSHOT.jar:?]
	at org.apache.hadoop.ozone.protocolPB.OzoneManagerProtocolServerSideTranslatorPB.processRequest(OzoneManagerProtocolServerSideTranslatorPB.java:175) ~[ozone-manager-1.4.0-SNAPSHOT.jar:?]
	at org.apache.hadoop.hdds.server.OzoneProtocolMessageDispatcher.processRequest(OzoneProtocolMessageDispatcher.java:87) [hdds-server-framework-1.4.0-SNAPSHOT.jar:?]
	at org.apache.hadoop.ozone.protocolPB.OzoneManagerProtocolServerSideTranslatorPB.submitRequest(OzoneManagerProtocolServerSideTranslatorPB.java:148) [ozone-manager-1.4.0-SNAPSHOT.jar:?]
	at org.apache.hadoop.ozone.protocol.proto.OzoneManagerProtocolProtos$OzoneManagerService$2.callBlockingMethod(OzoneManagerProtocolProtos.java) [ozone-interface-client-1.4.0-SNAPSHOT.jar:?]
	at org.apache.hadoop.ipc.ProtobufRpcEngine$Server.processCall(ProtobufRpcEngine.java:484) [hadoop-common-3.3.6.jar:?]
	at org.apache.hadoop.ipc.ProtobufRpcEngine2$Server$ProtoBufRpcInvoker.call(ProtobufRpcEngine2.java:595) [hadoop-common-3.3.6.jar:?]
	at org.apache.hadoop.ipc.ProtobufRpcEngine2$Server$ProtoBufRpcInvoker.call(ProtobufRpcEngine2.java:573) [hadoop-common-3.3.6.jar:?]
	at org.apache.hadoop.ipc.RPC$Server.call(RPC.java:1227) [hadoop-common-3.3.6.jar:?]
	at org.apache.hadoop.ipc.Server$RpcCall.run(Server.java:1094) [hadoop-common-3.3.6.jar:?]
	at org.apache.hadoop.ipc.Server$RpcCall.run(Server.java:1017) [hadoop-common-3.3.6.jar:?]
	at java.security.AccessController.doPrivileged(Native Method) ~[?:1.8.0_382]
	at javax.security.auth.Subject.doAs(Subject.java:422) [?:1.8.0_382]
	at org.apache.hadoop.security.UserGroupInformation.doAs(UserGroupInformation.java:1899) [hadoop-common-3.3.6.jar:?]
	at org.apache.hadoop.ipc.Server$Handler.run(Server.java:3048) [hadoop-common-3.3.6.jar:?]
11:35:00.979 [IPC Server handler 6 on default port 15057] ERROR OMAudit - user=runner | ip=127.0.0.1 | op=GET_FILE_STATUS {volume=volume67780, bucket=bucket36604, key=root_dir/file1/c, dataSize=0, replicationConfig=null} | ret=FAILURE
org.apache.hadoop.ozone.om.exceptions.OMException: Unable to get file status: volume: volume67780 bucket: bucket36604 key: root_dir/file1/c
	at org.apache.hadoop.ozone.om.KeyManagerImpl.getOzoneFileStatus(KeyManagerImpl.java:1195) ~[ozone-manager-1.4.0-SNAPSHOT.jar:?]
	at org.apache.hadoop.ozone.om.KeyManagerImpl.getFileStatus(KeyManagerImpl.java:1113) ~[ozone-manager-1.4.0-SNAPSHOT.jar:?]
	at org.apache.hadoop.ozone.om.OmMetadataReader.getFileStatus(OmMetadataReader.java:262) ~[ozone-manager-1.4.0-SNAPSHOT.jar:?]
	at org.apache.hadoop.ozone.om.OzoneManager.getFileStatus(OzoneManager.java:3513) ~[ozone-manager-1.4.0-SNAPSHOT.jar:?]
	at org.apache.hadoop.ozone.protocolPB.OzoneManagerRequestHandler.getOzoneFileStatus(OzoneManagerRequestHandler.java:973) ~[ozone-manager-1.4.0-SNAPSHOT.jar:?]
	at org.apache.hadoop.ozone.protocolPB.OzoneManagerRequestHandler.handleReadRequest(OzoneManagerRequestHandler.java:252) ~[ozone-manager-1.4.0-SNAPSHOT.jar:?]
	at org.apache.hadoop.ozone.protocolPB.OzoneManagerProtocolServerSideTranslatorPB.submitRequestDirectlyToOM(OzoneManagerProtocolServerSideTranslatorPB.java:274) ~[ozone-manager-1.4.0-SNAPSHOT.jar:?]
	at org.apache.hadoop.ozone.protocolPB.OzoneManagerProtocolServerSideTranslatorPB.processRequest(OzoneManagerProtocolServerSideTranslatorPB.java:175) ~[ozone-manager-1.4.0-SNAPSHOT.jar:?]
	at org.apache.hadoop.hdds.server.OzoneProtocolMessageDispatcher.processRequest(OzoneProtocolMessageDispatcher.java:87) [hdds-server-framework-1.4.0-SNAPSHOT.jar:?]
	at org.apache.hadoop.ozone.protocolPB.OzoneManagerProtocolServerSideTranslatorPB.submitRequest(OzoneManagerProtocolServerSideTranslatorPB.java:148) [ozone-manager-1.4.0-SNAPSHOT.jar:?]
	at org.apache.hadoop.ozone.protocol.proto.OzoneManagerProtocolProtos$OzoneManagerService$2.callBlockingMethod(OzoneManagerProtocolProtos.java) [ozone-interface-client-1.4.0-SNAPSHOT.jar:?]
	at org.apache.hadoop.ipc.ProtobufRpcEngine$Server.processCall(ProtobufRpcEngine.java:484) [hadoop-common-3.3.6.jar:?]
	at org.apache.hadoop.ipc.ProtobufRpcEngine2$Server$ProtoBufRpcInvoker.call(ProtobufRpcEngine2.java:595) [hadoop-common-3.3.6.jar:?]
	at org.apache.hadoop.ipc.ProtobufRpcEngine2$Server$ProtoBufRpcInvoker.call(ProtobufRpcEngine2.java:573) [hadoop-common-3.3.6.jar:?]
	at org.apache.hadoop.ipc.RPC$Server.call(RPC.java:1227) [hadoop-common-3.3.6.jar:?]
	at org.apache.hadoop.ipc.Server$RpcCall.run(Server.java:1094) [hadoop-common-3.3.6.jar:?]
	at org.apache.hadoop.ipc.Server$RpcCall.run(Server.java:1017) [hadoop-common-3.3.6.jar:?]
	at java.security.AccessController.doPrivileged(Native Method) ~[?:1.8.0_382]
	at javax.security.auth.Subject.doAs(Subject.java:422) [?:1.8.0_382]
	at org.apache.hadoop.security.UserGroupInformation.doAs(UserGroupInformation.java:1899) [hadoop-common-3.3.6.jar:?]
	at org.apache.hadoop.ipc.Server$Handler.run(Server.java:3048) [hadoop-common-3.3.6.jar:?]
]]></system-out>
  </testcase>
  <testcase name="testRenameDestinationParentDoesntExist" classname="TestOzoneFileSystem" time="0.036">
    <system-out><![CDATA[11:36:25.020 [IPC Server handler 12 on default port 15110] ERROR OMAudit - user=runner | ip=127.0.0.1 | op=GET_FILE_STATUS {volume=volume79256, bucket=bucket28461, key=root_dir/b/c, dataSize=0, replicationConfig=null} | ret=FAILURE
org.apache.hadoop.ozone.om.exceptions.OMException: Unable to get file status: volume: volume79256 bucket: bucket28461 key: root_dir/b/c
	at org.apache.hadoop.ozone.om.KeyManagerImpl.getOzoneFileStatus(KeyManagerImpl.java:1195) ~[ozone-manager-1.4.0-SNAPSHOT.jar:?]
	at org.apache.hadoop.ozone.om.KeyManagerImpl.getFileStatus(KeyManagerImpl.java:1113) ~[ozone-manager-1.4.0-SNAPSHOT.jar:?]
	at org.apache.hadoop.ozone.om.OmMetadataReader.getFileStatus(OmMetadataReader.java:262) ~[ozone-manager-1.4.0-SNAPSHOT.jar:?]
	at org.apache.hadoop.ozone.om.OzoneManager.getFileStatus(OzoneManager.java:3513) ~[ozone-manager-1.4.0-SNAPSHOT.jar:?]
	at org.apache.hadoop.ozone.protocolPB.OzoneManagerRequestHandler.getOzoneFileStatus(OzoneManagerRequestHandler.java:973) ~[ozone-manager-1.4.0-SNAPSHOT.jar:?]
	at org.apache.hadoop.ozone.protocolPB.OzoneManagerRequestHandler.handleReadRequest(OzoneManagerRequestHandler.java:252) ~[ozone-manager-1.4.0-SNAPSHOT.jar:?]
	at org.apache.hadoop.ozone.protocolPB.OzoneManagerProtocolServerSideTranslatorPB.submitReadRequestToOM(OzoneManagerProtocolServerSideTranslatorPB.java:225) ~[ozone-manager-1.4.0-SNAPSHOT.jar:?]
	at org.apache.hadoop.ozone.protocolPB.OzoneManagerProtocolServerSideTranslatorPB.processRequest(OzoneManagerProtocolServerSideTranslatorPB.java:179) ~[ozone-manager-1.4.0-SNAPSHOT.jar:?]
	at org.apache.hadoop.hdds.server.OzoneProtocolMessageDispatcher.processRequest(OzoneProtocolMessageDispatcher.java:87) [hdds-server-framework-1.4.0-SNAPSHOT.jar:?]
	at org.apache.hadoop.ozone.protocolPB.OzoneManagerProtocolServerSideTranslatorPB.submitRequest(OzoneManagerProtocolServerSideTranslatorPB.java:148) [ozone-manager-1.4.0-SNAPSHOT.jar:?]
	at org.apache.hadoop.ozone.protocol.proto.OzoneManagerProtocolProtos$OzoneManagerService$2.callBlockingMethod(OzoneManagerProtocolProtos.java) [ozone-interface-client-1.4.0-SNAPSHOT.jar:?]
	at org.apache.hadoop.ipc.ProtobufRpcEngine$Server.processCall(ProtobufRpcEngine.java:484) [hadoop-common-3.3.6.jar:?]
	at org.apache.hadoop.ipc.ProtobufRpcEngine2$Server$ProtoBufRpcInvoker.call(ProtobufRpcEngine2.java:595) [hadoop-common-3.3.6.jar:?]
	at org.apache.hadoop.ipc.ProtobufRpcEngine2$Server$ProtoBufRpcInvoker.call(ProtobufRpcEngine2.java:573) [hadoop-common-3.3.6.jar:?]
	at org.apache.hadoop.ipc.RPC$Server.call(RPC.java:1227) [hadoop-common-3.3.6.jar:?]
	at org.apache.hadoop.ipc.Server$RpcCall.run(Server.java:1094) [hadoop-common-3.3.6.jar:?]
	at org.apache.hadoop.ipc.Server$RpcCall.run(Server.java:1017) [hadoop-common-3.3.6.jar:?]
	at java.security.AccessController.doPrivileged(Native Method) ~[?:1.8.0_382]
	at javax.security.auth.Subject.doAs(Subject.java:422) [?:1.8.0_382]
	at org.apache.hadoop.security.UserGroupInformation.doAs(UserGroupInformation.java:1899) [hadoop-common-3.3.6.jar:?]
	at org.apache.hadoop.ipc.Server$Handler.run(Server.java:3048) [hadoop-common-3.3.6.jar:?]
11:36:25.022 [IPC Server handler 16 on default port 15110] ERROR OMAudit - user=runner | ip=127.0.0.1 | op=GET_FILE_STATUS {volume=volume79256, bucket=bucket28461, key=root_dir/b, dataSize=0, replicationConfig=null} | ret=FAILURE
org.apache.hadoop.ozone.om.exceptions.OMException: Unable to get file status: volume: volume79256 bucket: bucket28461 key: root_dir/b
	at org.apache.hadoop.ozone.om.KeyManagerImpl.getOzoneFileStatus(KeyManagerImpl.java:1195) ~[ozone-manager-1.4.0-SNAPSHOT.jar:?]
	at org.apache.hadoop.ozone.om.KeyManagerImpl.getFileStatus(KeyManagerImpl.java:1113) ~[ozone-manager-1.4.0-SNAPSHOT.jar:?]
	at org.apache.hadoop.ozone.om.OmMetadataReader.getFileStatus(OmMetadataReader.java:262) ~[ozone-manager-1.4.0-SNAPSHOT.jar:?]
	at org.apache.hadoop.ozone.om.OzoneManager.getFileStatus(OzoneManager.java:3513) ~[ozone-manager-1.4.0-SNAPSHOT.jar:?]
	at org.apache.hadoop.ozone.protocolPB.OzoneManagerRequestHandler.getOzoneFileStatus(OzoneManagerRequestHandler.java:973) ~[ozone-manager-1.4.0-SNAPSHOT.jar:?]
	at org.apache.hadoop.ozone.protocolPB.OzoneManagerRequestHandler.handleReadRequest(OzoneManagerRequestHandler.java:252) ~[ozone-manager-1.4.0-SNAPSHOT.jar:?]
	at org.apache.hadoop.ozone.protocolPB.OzoneManagerProtocolServerSideTranslatorPB.submitReadRequestToOM(OzoneManagerProtocolServerSideTranslatorPB.java:225) ~[ozone-manager-1.4.0-SNAPSHOT.jar:?]
	at org.apache.hadoop.ozone.protocolPB.OzoneManagerProtocolServerSideTranslatorPB.processRequest(OzoneManagerProtocolServerSideTranslatorPB.java:179) ~[ozone-manager-1.4.0-SNAPSHOT.jar:?]
	at org.apache.hadoop.hdds.server.OzoneProtocolMessageDispatcher.processRequest(OzoneProtocolMessageDispatcher.java:87) [hdds-server-framework-1.4.0-SNAPSHOT.jar:?]
	at org.apache.hadoop.ozone.protocolPB.OzoneManagerProtocolServerSideTranslatorPB.submitRequest(OzoneManagerProtocolServerSideTranslatorPB.java:148) [ozone-manager-1.4.0-SNAPSHOT.jar:?]
	at org.apache.hadoop.ozone.protocol.proto.OzoneManagerProtocolProtos$OzoneManagerService$2.callBlockingMethod(OzoneManagerProtocolProtos.java) [ozone-interface-client-1.4.0-SNAPSHOT.jar:?]
	at org.apache.hadoop.ipc.ProtobufRpcEngine$Server.processCall(ProtobufRpcEngine.java:484) [hadoop-common-3.3.6.jar:?]
	at org.apache.hadoop.ipc.ProtobufRpcEngine2$Server$ProtoBufRpcInvoker.call(ProtobufRpcEngine2.java:595) [hadoop-common-3.3.6.jar:?]
	at org.apache.hadoop.ipc.ProtobufRpcEngine2$Server$ProtoBufRpcInvoker.call(ProtobufRpcEngine2.java:573) [hadoop-common-3.3.6.jar:?]
	at org.apache.hadoop.ipc.RPC$Server.call(RPC.java:1227) [hadoop-common-3.3.6.jar:?]
	at org.apache.hadoop.ipc.Server$RpcCall.run(Server.java:1094) [hadoop-common-3.3.6.jar:?]
	at org.apache.hadoop.ipc.Server$RpcCall.run(Server.java:1017) [hadoop-common-3.3.6.jar:?]
	at java.security.AccessController.doPrivileged(Native Method) ~[?:1.8.0_382]
	at javax.security.auth.Subject.doAs(Subject.java:422) [?:1.8.0_382]
	at org.apache.hadoop.security.UserGroupInformation.doAs(UserGroupInformation.java:1899) [hadoop-common-3.3.6.jar:?]
	at org.apache.hadoop.ipc.Server$Handler.run(Server.java:3048) [hadoop-common-3.3.6.jar:?]
11:36:25.039 [IPC Server handler 17 on default port 15110] ERROR OMAudit - user=runner | ip=127.0.0.1 | op=GET_FILE_STATUS {volume=volume79256, bucket=bucket28461, key=root_dir/file1/c, dataSize=0, replicationConfig=null} | ret=FAILURE
org.apache.hadoop.ozone.om.exceptions.OMException: Unable to get file status: volume: volume79256 bucket: bucket28461 key: root_dir/file1/c
	at org.apache.hadoop.ozone.om.KeyManagerImpl.getOzoneFileStatus(KeyManagerImpl.java:1195) ~[ozone-manager-1.4.0-SNAPSHOT.jar:?]
	at org.apache.hadoop.ozone.om.KeyManagerImpl.getFileStatus(KeyManagerImpl.java:1113) ~[ozone-manager-1.4.0-SNAPSHOT.jar:?]
	at org.apache.hadoop.ozone.om.OmMetadataReader.getFileStatus(OmMetadataReader.java:262) ~[ozone-manager-1.4.0-SNAPSHOT.jar:?]
	at org.apache.hadoop.ozone.om.OzoneManager.getFileStatus(OzoneManager.java:3513) ~[ozone-manager-1.4.0-SNAPSHOT.jar:?]
	at org.apache.hadoop.ozone.protocolPB.OzoneManagerRequestHandler.getOzoneFileStatus(OzoneManagerRequestHandler.java:973) ~[ozone-manager-1.4.0-SNAPSHOT.jar:?]
	at org.apache.hadoop.ozone.protocolPB.OzoneManagerRequestHandler.handleReadRequest(OzoneManagerRequestHandler.java:252) ~[ozone-manager-1.4.0-SNAPSHOT.jar:?]
	at org.apache.hadoop.ozone.protocolPB.OzoneManagerProtocolServerSideTranslatorPB.submitReadRequestToOM(OzoneManagerProtocolServerSideTranslatorPB.java:225) ~[ozone-manager-1.4.0-SNAPSHOT.jar:?]
	at org.apache.hadoop.ozone.protocolPB.OzoneManagerProtocolServerSideTranslatorPB.processRequest(OzoneManagerProtocolServerSideTranslatorPB.java:179) ~[ozone-manager-1.4.0-SNAPSHOT.jar:?]
	at org.apache.hadoop.hdds.server.OzoneProtocolMessageDispatcher.processRequest(OzoneProtocolMessageDispatcher.java:87) [hdds-server-framework-1.4.0-SNAPSHOT.jar:?]
	at org.apache.hadoop.ozone.protocolPB.OzoneManagerProtocolServerSideTranslatorPB.submitRequest(OzoneManagerProtocolServerSideTranslatorPB.java:148) [ozone-manager-1.4.0-SNAPSHOT.jar:?]
	at org.apache.hadoop.ozone.protocol.proto.OzoneManagerProtocolProtos$OzoneManagerService$2.callBlockingMethod(OzoneManagerProtocolProtos.java) [ozone-interface-client-1.4.0-SNAPSHOT.jar:?]
	at org.apache.hadoop.ipc.ProtobufRpcEngine$Server.processCall(ProtobufRpcEngine.java:484) [hadoop-common-3.3.6.jar:?]
	at org.apache.hadoop.ipc.ProtobufRpcEngine2$Server$ProtoBufRpcInvoker.call(ProtobufRpcEngine2.java:595) [hadoop-common-3.3.6.jar:?]
	at org.apache.hadoop.ipc.ProtobufRpcEngine2$Server$ProtoBufRpcInvoker.call(ProtobufRpcEngine2.java:573) [hadoop-common-3.3.6.jar:?]
	at org.apache.hadoop.ipc.RPC$Server.call(RPC.java:1227) [hadoop-common-3.3.6.jar:?]
	at org.apache.hadoop.ipc.Server$RpcCall.run(Server.java:1094) [hadoop-common-3.3.6.jar:?]
	at org.apache.hadoop.ipc.Server$RpcCall.run(Server.java:1017) [hadoop-common-3.3.6.jar:?]
	at java.security.AccessController.doPrivileged(Native Method) ~[?:1.8.0_382]
	at javax.security.auth.Subject.doAs(Subject.java:422) [?:1.8.0_382]
	at org.apache.hadoop.security.UserGroupInformation.doAs(UserGroupInformation.java:1899) [hadoop-common-3.3.6.jar:?]
	at org.apache.hadoop.ipc.Server$Handler.run(Server.java:3048) [hadoop-common-3.3.6.jar:?]
]]></system-out>
  </testcase>
  <testcase name="testRenameDestinationParentDoesntExist" classname="TestOzoneFileSystem" time="0.025">
    <system-out><![CDATA[11:38:00.997 [IPC Server handler 8 on default port 15163] ERROR OMAudit - user=runner | ip=127.0.0.1 | op=GET_FILE_STATUS {volume=volume45503, bucket=bucket29530, key=root_dir/b/c, dataSize=0, replicationConfig=null} | ret=FAILURE
org.apache.hadoop.ozone.om.exceptions.OMException: Unable to get file status: volume: volume45503 bucket: bucket29530 key: root_dir/b/c
	at org.apache.hadoop.ozone.om.KeyManagerImpl.getOzoneFileStatus(KeyManagerImpl.java:1195) ~[ozone-manager-1.4.0-SNAPSHOT.jar:?]
	at org.apache.hadoop.ozone.om.KeyManagerImpl.getFileStatus(KeyManagerImpl.java:1113) ~[ozone-manager-1.4.0-SNAPSHOT.jar:?]
	at org.apache.hadoop.ozone.om.OmMetadataReader.getFileStatus(OmMetadataReader.java:262) ~[ozone-manager-1.4.0-SNAPSHOT.jar:?]
	at org.apache.hadoop.ozone.om.OzoneManager.getFileStatus(OzoneManager.java:3513) ~[ozone-manager-1.4.0-SNAPSHOT.jar:?]
	at org.apache.hadoop.ozone.protocolPB.OzoneManagerRequestHandler.getOzoneFileStatus(OzoneManagerRequestHandler.java:973) ~[ozone-manager-1.4.0-SNAPSHOT.jar:?]
	at org.apache.hadoop.ozone.protocolPB.OzoneManagerRequestHandler.handleReadRequest(OzoneManagerRequestHandler.java:252) ~[ozone-manager-1.4.0-SNAPSHOT.jar:?]
	at org.apache.hadoop.ozone.protocolPB.OzoneManagerProtocolServerSideTranslatorPB.submitRequestDirectlyToOM(OzoneManagerProtocolServerSideTranslatorPB.java:274) ~[ozone-manager-1.4.0-SNAPSHOT.jar:?]
	at org.apache.hadoop.ozone.protocolPB.OzoneManagerProtocolServerSideTranslatorPB.processRequest(OzoneManagerProtocolServerSideTranslatorPB.java:175) ~[ozone-manager-1.4.0-SNAPSHOT.jar:?]
	at org.apache.hadoop.hdds.server.OzoneProtocolMessageDispatcher.processRequest(OzoneProtocolMessageDispatcher.java:87) [hdds-server-framework-1.4.0-SNAPSHOT.jar:?]
	at org.apache.hadoop.ozone.protocolPB.OzoneManagerProtocolServerSideTranslatorPB.submitRequest(OzoneManagerProtocolServerSideTranslatorPB.java:148) [ozone-manager-1.4.0-SNAPSHOT.jar:?]
	at org.apache.hadoop.ozone.protocol.proto.OzoneManagerProtocolProtos$OzoneManagerService$2.callBlockingMethod(OzoneManagerProtocolProtos.java) [ozone-interface-client-1.4.0-SNAPSHOT.jar:?]
	at org.apache.hadoop.ipc.ProtobufRpcEngine$Server.processCall(ProtobufRpcEngine.java:484) [hadoop-common-3.3.6.jar:?]
	at org.apache.hadoop.ipc.ProtobufRpcEngine2$Server$ProtoBufRpcInvoker.call(ProtobufRpcEngine2.java:595) [hadoop-common-3.3.6.jar:?]
	at org.apache.hadoop.ipc.ProtobufRpcEngine2$Server$ProtoBufRpcInvoker.call(ProtobufRpcEngine2.java:573) [hadoop-common-3.3.6.jar:?]
	at org.apache.hadoop.ipc.RPC$Server.call(RPC.java:1227) [hadoop-common-3.3.6.jar:?]
	at org.apache.hadoop.ipc.Server$RpcCall.run(Server.java:1094) [hadoop-common-3.3.6.jar:?]
	at org.apache.hadoop.ipc.Server$RpcCall.run(Server.java:1017) [hadoop-common-3.3.6.jar:?]
	at java.security.AccessController.doPrivileged(Native Method) ~[?:1.8.0_382]
	at javax.security.auth.Subject.doAs(Subject.java:422) [?:1.8.0_382]
	at org.apache.hadoop.security.UserGroupInformation.doAs(UserGroupInformation.java:1899) [hadoop-common-3.3.6.jar:?]
	at org.apache.hadoop.ipc.Server$Handler.run(Server.java:3048) [hadoop-common-3.3.6.jar:?]
11:38:00.998 [IPC Server handler 4 on default port 15163] ERROR OMAudit - user=runner | ip=127.0.0.1 | op=GET_FILE_STATUS {volume=volume45503, bucket=bucket29530, key=root_dir/b, dataSize=0, replicationConfig=null} | ret=FAILURE
org.apache.hadoop.ozone.om.exceptions.OMException: Unable to get file status: volume: volume45503 bucket: bucket29530 key: root_dir/b
	at org.apache.hadoop.ozone.om.KeyManagerImpl.getOzoneFileStatus(KeyManagerImpl.java:1195) ~[ozone-manager-1.4.0-SNAPSHOT.jar:?]
	at org.apache.hadoop.ozone.om.KeyManagerImpl.getFileStatus(KeyManagerImpl.java:1113) ~[ozone-manager-1.4.0-SNAPSHOT.jar:?]
	at org.apache.hadoop.ozone.om.OmMetadataReader.getFileStatus(OmMetadataReader.java:262) ~[ozone-manager-1.4.0-SNAPSHOT.jar:?]
	at org.apache.hadoop.ozone.om.OzoneManager.getFileStatus(OzoneManager.java:3513) ~[ozone-manager-1.4.0-SNAPSHOT.jar:?]
	at org.apache.hadoop.ozone.protocolPB.OzoneManagerRequestHandler.getOzoneFileStatus(OzoneManagerRequestHandler.java:973) ~[ozone-manager-1.4.0-SNAPSHOT.jar:?]
	at org.apache.hadoop.ozone.protocolPB.OzoneManagerRequestHandler.handleReadRequest(OzoneManagerRequestHandler.java:252) ~[ozone-manager-1.4.0-SNAPSHOT.jar:?]
	at org.apache.hadoop.ozone.protocolPB.OzoneManagerProtocolServerSideTranslatorPB.submitRequestDirectlyToOM(OzoneManagerProtocolServerSideTranslatorPB.java:274) ~[ozone-manager-1.4.0-SNAPSHOT.jar:?]
	at org.apache.hadoop.ozone.protocolPB.OzoneManagerProtocolServerSideTranslatorPB.processRequest(OzoneManagerProtocolServerSideTranslatorPB.java:175) ~[ozone-manager-1.4.0-SNAPSHOT.jar:?]
	at org.apache.hadoop.hdds.server.OzoneProtocolMessageDispatcher.processRequest(OzoneProtocolMessageDispatcher.java:87) [hdds-server-framework-1.4.0-SNAPSHOT.jar:?]
	at org.apache.hadoop.ozone.protocolPB.OzoneManagerProtocolServerSideTranslatorPB.submitRequest(OzoneManagerProtocolServerSideTranslatorPB.java:148) [ozone-manager-1.4.0-SNAPSHOT.jar:?]
	at org.apache.hadoop.ozone.protocol.proto.OzoneManagerProtocolProtos$OzoneManagerService$2.callBlockingMethod(OzoneManagerProtocolProtos.java) [ozone-interface-client-1.4.0-SNAPSHOT.jar:?]
	at org.apache.hadoop.ipc.ProtobufRpcEngine$Server.processCall(ProtobufRpcEngine.java:484) [hadoop-common-3.3.6.jar:?]
	at org.apache.hadoop.ipc.ProtobufRpcEngine2$Server$ProtoBufRpcInvoker.call(ProtobufRpcEngine2.java:595) [hadoop-common-3.3.6.jar:?]
	at org.apache.hadoop.ipc.ProtobufRpcEngine2$Server$ProtoBufRpcInvoker.call(ProtobufRpcEngine2.java:573) [hadoop-common-3.3.6.jar:?]
	at org.apache.hadoop.ipc.RPC$Server.call(RPC.java:1227) [hadoop-common-3.3.6.jar:?]
	at org.apache.hadoop.ipc.Server$RpcCall.run(Server.java:1094) [hadoop-common-3.3.6.jar:?]
	at org.apache.hadoop.ipc.Server$RpcCall.run(Server.java:1017) [hadoop-common-3.3.6.jar:?]
	at java.security.AccessController.doPrivileged(Native Method) ~[?:1.8.0_382]
	at javax.security.auth.Subject.doAs(Subject.java:422) [?:1.8.0_382]
	at org.apache.hadoop.security.UserGroupInformation.doAs(UserGroupInformation.java:1899) [hadoop-common-3.3.6.jar:?]
	at org.apache.hadoop.ipc.Server$Handler.run(Server.java:3048) [hadoop-common-3.3.6.jar:?]
11:38:01.009 [IPC Server handler 0 on default port 15163] ERROR OMAudit - user=runner | ip=127.0.0.1 | op=GET_FILE_STATUS {volume=volume45503, bucket=bucket29530, key=root_dir/file1/c, dataSize=0, replicationConfig=null} | ret=FAILURE
org.apache.hadoop.ozone.om.exceptions.OMException: Unable to get file status: volume: volume45503 bucket: bucket29530 key: root_dir/file1/c
	at org.apache.hadoop.ozone.om.KeyManagerImpl.getOzoneFileStatus(KeyManagerImpl.java:1195) ~[ozone-manager-1.4.0-SNAPSHOT.jar:?]
	at org.apache.hadoop.ozone.om.KeyManagerImpl.getFileStatus(KeyManagerImpl.java:1113) ~[ozone-manager-1.4.0-SNAPSHOT.jar:?]
	at org.apache.hadoop.ozone.om.OmMetadataReader.getFileStatus(OmMetadataReader.java:262) ~[ozone-manager-1.4.0-SNAPSHOT.jar:?]
	at org.apache.hadoop.ozone.om.OzoneManager.getFileStatus(OzoneManager.java:3513) ~[ozone-manager-1.4.0-SNAPSHOT.jar:?]
	at org.apache.hadoop.ozone.protocolPB.OzoneManagerRequestHandler.getOzoneFileStatus(OzoneManagerRequestHandler.java:973) ~[ozone-manager-1.4.0-SNAPSHOT.jar:?]
	at org.apache.hadoop.ozone.protocolPB.OzoneManagerRequestHandler.handleReadRequest(OzoneManagerRequestHandler.java:252) ~[ozone-manager-1.4.0-SNAPSHOT.jar:?]
	at org.apache.hadoop.ozone.protocolPB.OzoneManagerProtocolServerSideTranslatorPB.submitRequestDirectlyToOM(OzoneManagerProtocolServerSideTranslatorPB.java:274) ~[ozone-manager-1.4.0-SNAPSHOT.jar:?]
	at org.apache.hadoop.ozone.protocolPB.OzoneManagerProtocolServerSideTranslatorPB.processRequest(OzoneManagerProtocolServerSideTranslatorPB.java:175) ~[ozone-manager-1.4.0-SNAPSHOT.jar:?]
	at org.apache.hadoop.hdds.server.OzoneProtocolMessageDispatcher.processRequest(OzoneProtocolMessageDispatcher.java:87) [hdds-server-framework-1.4.0-SNAPSHOT.jar:?]
	at org.apache.hadoop.ozone.protocolPB.OzoneManagerProtocolServerSideTranslatorPB.submitRequest(OzoneManagerProtocolServerSideTranslatorPB.java:148) [ozone-manager-1.4.0-SNAPSHOT.jar:?]
	at org.apache.hadoop.ozone.protocol.proto.OzoneManagerProtocolProtos$OzoneManagerService$2.callBlockingMethod(OzoneManagerProtocolProtos.java) [ozone-interface-client-1.4.0-SNAPSHOT.jar:?]
	at org.apache.hadoop.ipc.ProtobufRpcEngine$Server.processCall(ProtobufRpcEngine.java:484) [hadoop-common-3.3.6.jar:?]
	at org.apache.hadoop.ipc.ProtobufRpcEngine2$Server$ProtoBufRpcInvoker.call(ProtobufRpcEngine2.java:595) [hadoop-common-3.3.6.jar:?]
	at org.apache.hadoop.ipc.ProtobufRpcEngine2$Server$ProtoBufRpcInvoker.call(ProtobufRpcEngine2.java:573) [hadoop-common-3.3.6.jar:?]
	at org.apache.hadoop.ipc.RPC$Server.call(RPC.java:1227) [hadoop-common-3.3.6.jar:?]
	at org.apache.hadoop.ipc.Server$RpcCall.run(Server.java:1094) [hadoop-common-3.3.6.jar:?]
	at org.apache.hadoop.ipc.Server$RpcCall.run(Server.java:1017) [hadoop-common-3.3.6.jar:?]
	at java.security.AccessController.doPrivileged(Native Method) ~[?:1.8.0_382]
	at javax.security.auth.Subject.doAs(Subject.java:422) [?:1.8.0_382]
	at org.apache.hadoop.security.UserGroupInformation.doAs(UserGroupInformation.java:1899) [hadoop-common-3.3.6.jar:?]
	at org.apache.hadoop.ipc.Server$Handler.run(Server.java:3048) [hadoop-common-3.3.6.jar:?]
]]></system-out>
  </testcase>
  <testcase name="testCreateWithInvalidPaths" classname="TestOzoneFileSystem" time="0.011"/>
  <testcase name="testCreateWithInvalidPaths" classname="TestOzoneFileSystem" time="0.003"/>
  <testcase name="testCreateWithInvalidPaths" classname="TestOzoneFileSystem" time="0.002"/>
  <testcase name="testCreateWithInvalidPaths" classname="TestOzoneFileSystem" time="0.002"/>
  <testcase name="testListStatusOnRoot" classname="TestOzoneFileSystem" time="0.061"/>
  <testcase name="testListStatusOnRoot" classname="TestOzoneFileSystem" time="0.021"/>
  <testcase name="testListStatusOnRoot" classname="TestOzoneFileSystem" time="0.021"/>
  <testcase name="testListStatusOnRoot" classname="TestOzoneFileSystem" time="0.015"/>
  <testcase name="testRenameWithNonExistentSource" classname="TestOzoneFileSystem" time="0.043">
    <system-out><![CDATA[2023-08-25 11:33:05,474 [Time-limited test] INFO  ozone.TestOzoneFileSystem (TestOzoneFileSystem.java:testRenameWithNonExistentSource(1156)) - Created destin dir: o3fs://bucket59518.volume54121/root/dir2
2023-08-25 11:33:05,474 [Time-limited test] INFO  ozone.TestOzoneFileSystem (TestOzoneFileSystem.java:testRenameWithNonExistentSource(1158)) - Rename op-> source:o3fs://bucket59518.volume54121/root/dir1 to destin:o3fs://bucket59518.volume54121/root/dir2}
11:33:05.476 [IPC Server handler 18 on default port 15004] ERROR OMAudit - user=runner | ip=127.0.0.1 | op=GET_FILE_STATUS {volume=volume54121, bucket=bucket59518, key=root/dir1, dataSize=0, replicationConfig=null} | ret=FAILURE
org.apache.hadoop.ozone.om.exceptions.OMException: Unable to get file status: volume: volume54121 bucket: bucket59518 key: root/dir1
	at org.apache.hadoop.ozone.om.KeyManagerImpl.getOzoneFileStatus(KeyManagerImpl.java:1195) ~[ozone-manager-1.4.0-SNAPSHOT.jar:?]
	at org.apache.hadoop.ozone.om.KeyManagerImpl.getFileStatus(KeyManagerImpl.java:1113) ~[ozone-manager-1.4.0-SNAPSHOT.jar:?]
	at org.apache.hadoop.ozone.om.OmMetadataReader.getFileStatus(OmMetadataReader.java:262) ~[ozone-manager-1.4.0-SNAPSHOT.jar:?]
	at org.apache.hadoop.ozone.om.OzoneManager.getFileStatus(OzoneManager.java:3513) ~[ozone-manager-1.4.0-SNAPSHOT.jar:?]
	at org.apache.hadoop.ozone.protocolPB.OzoneManagerRequestHandler.getOzoneFileStatus(OzoneManagerRequestHandler.java:973) ~[ozone-manager-1.4.0-SNAPSHOT.jar:?]
	at org.apache.hadoop.ozone.protocolPB.OzoneManagerRequestHandler.handleReadRequest(OzoneManagerRequestHandler.java:252) ~[ozone-manager-1.4.0-SNAPSHOT.jar:?]
	at org.apache.hadoop.ozone.protocolPB.OzoneManagerProtocolServerSideTranslatorPB.submitReadRequestToOM(OzoneManagerProtocolServerSideTranslatorPB.java:225) ~[ozone-manager-1.4.0-SNAPSHOT.jar:?]
	at org.apache.hadoop.ozone.protocolPB.OzoneManagerProtocolServerSideTranslatorPB.processRequest(OzoneManagerProtocolServerSideTranslatorPB.java:179) ~[ozone-manager-1.4.0-SNAPSHOT.jar:?]
	at org.apache.hadoop.hdds.server.OzoneProtocolMessageDispatcher.processRequest(OzoneProtocolMessageDispatcher.java:87) [hdds-server-framework-1.4.0-SNAPSHOT.jar:?]
	at org.apache.hadoop.ozone.protocolPB.OzoneManagerProtocolServerSideTranslatorPB.submitRequest(OzoneManagerProtocolServerSideTranslatorPB.java:148) [ozone-manager-1.4.0-SNAPSHOT.jar:?]
	at org.apache.hadoop.ozone.protocol.proto.OzoneManagerProtocolProtos$OzoneManagerService$2.callBlockingMethod(OzoneManagerProtocolProtos.java) [ozone-interface-client-1.4.0-SNAPSHOT.jar:?]
	at org.apache.hadoop.ipc.ProtobufRpcEngine$Server.processCall(ProtobufRpcEngine.java:484) [hadoop-common-3.3.6.jar:?]
	at org.apache.hadoop.ipc.ProtobufRpcEngine2$Server$ProtoBufRpcInvoker.call(ProtobufRpcEngine2.java:595) [hadoop-common-3.3.6.jar:?]
	at org.apache.hadoop.ipc.ProtobufRpcEngine2$Server$ProtoBufRpcInvoker.call(ProtobufRpcEngine2.java:573) [hadoop-common-3.3.6.jar:?]
	at org.apache.hadoop.ipc.RPC$Server.call(RPC.java:1227) [hadoop-common-3.3.6.jar:?]
	at org.apache.hadoop.ipc.Server$RpcCall.run(Server.java:1094) [hadoop-common-3.3.6.jar:?]
	at org.apache.hadoop.ipc.Server$RpcCall.run(Server.java:1017) [hadoop-common-3.3.6.jar:?]
	at java.security.AccessController.doPrivileged(Native Method) ~[?:1.8.0_382]
	at javax.security.auth.Subject.doAs(Subject.java:422) [?:1.8.0_382]
	at org.apache.hadoop.security.UserGroupInformation.doAs(UserGroupInformation.java:1899) [hadoop-common-3.3.6.jar:?]
	at org.apache.hadoop.ipc.Server$Handler.run(Server.java:3048) [hadoop-common-3.3.6.jar:?]
]]></system-out>
  </testcase>
  <testcase name="testRenameWithNonExistentSource" classname="TestOzoneFileSystem" time="0.016">
    <system-out><![CDATA[2023-08-25 11:35:01,018 [Time-limited test] INFO  ozone.TestOzoneFileSystem (TestOzoneFileSystem.java:testRenameWithNonExistentSource(1156)) - Created destin dir: o3fs://bucket36604.volume67780/root/dir2
2023-08-25 11:35:01,018 [Time-limited test] INFO  ozone.TestOzoneFileSystem (TestOzoneFileSystem.java:testRenameWithNonExistentSource(1158)) - Rename op-> source:o3fs://bucket36604.volume67780/root/dir1 to destin:o3fs://bucket36604.volume67780/root/dir2}
11:35:01.019 [IPC Server handler 11 on default port 15057] ERROR OMAudit - user=runner | ip=127.0.0.1 | op=GET_FILE_STATUS {volume=volume67780, bucket=bucket36604, key=root/dir1, dataSize=0, replicationConfig=null} | ret=FAILURE
org.apache.hadoop.ozone.om.exceptions.OMException: Unable to get file status: volume: volume67780 bucket: bucket36604 key: root/dir1
	at org.apache.hadoop.ozone.om.KeyManagerImpl.getOzoneFileStatus(KeyManagerImpl.java:1195) ~[ozone-manager-1.4.0-SNAPSHOT.jar:?]
	at org.apache.hadoop.ozone.om.KeyManagerImpl.getFileStatus(KeyManagerImpl.java:1113) ~[ozone-manager-1.4.0-SNAPSHOT.jar:?]
	at org.apache.hadoop.ozone.om.OmMetadataReader.getFileStatus(OmMetadataReader.java:262) ~[ozone-manager-1.4.0-SNAPSHOT.jar:?]
	at org.apache.hadoop.ozone.om.OzoneManager.getFileStatus(OzoneManager.java:3513) ~[ozone-manager-1.4.0-SNAPSHOT.jar:?]
	at org.apache.hadoop.ozone.protocolPB.OzoneManagerRequestHandler.getOzoneFileStatus(OzoneManagerRequestHandler.java:973) ~[ozone-manager-1.4.0-SNAPSHOT.jar:?]
	at org.apache.hadoop.ozone.protocolPB.OzoneManagerRequestHandler.handleReadRequest(OzoneManagerRequestHandler.java:252) ~[ozone-manager-1.4.0-SNAPSHOT.jar:?]
	at org.apache.hadoop.ozone.protocolPB.OzoneManagerProtocolServerSideTranslatorPB.submitRequestDirectlyToOM(OzoneManagerProtocolServerSideTranslatorPB.java:274) ~[ozone-manager-1.4.0-SNAPSHOT.jar:?]
	at org.apache.hadoop.ozone.protocolPB.OzoneManagerProtocolServerSideTranslatorPB.processRequest(OzoneManagerProtocolServerSideTranslatorPB.java:175) ~[ozone-manager-1.4.0-SNAPSHOT.jar:?]
	at org.apache.hadoop.hdds.server.OzoneProtocolMessageDispatcher.processRequest(OzoneProtocolMessageDispatcher.java:87) [hdds-server-framework-1.4.0-SNAPSHOT.jar:?]
	at org.apache.hadoop.ozone.protocolPB.OzoneManagerProtocolServerSideTranslatorPB.submitRequest(OzoneManagerProtocolServerSideTranslatorPB.java:148) [ozone-manager-1.4.0-SNAPSHOT.jar:?]
	at org.apache.hadoop.ozone.protocol.proto.OzoneManagerProtocolProtos$OzoneManagerService$2.callBlockingMethod(OzoneManagerProtocolProtos.java) [ozone-interface-client-1.4.0-SNAPSHOT.jar:?]
	at org.apache.hadoop.ipc.ProtobufRpcEngine$Server.processCall(ProtobufRpcEngine.java:484) [hadoop-common-3.3.6.jar:?]
	at org.apache.hadoop.ipc.ProtobufRpcEngine2$Server$ProtoBufRpcInvoker.call(ProtobufRpcEngine2.java:595) [hadoop-common-3.3.6.jar:?]
	at org.apache.hadoop.ipc.ProtobufRpcEngine2$Server$ProtoBufRpcInvoker.call(ProtobufRpcEngine2.java:573) [hadoop-common-3.3.6.jar:?]
	at org.apache.hadoop.ipc.RPC$Server.call(RPC.java:1227) [hadoop-common-3.3.6.jar:?]
	at org.apache.hadoop.ipc.Server$RpcCall.run(Server.java:1094) [hadoop-common-3.3.6.jar:?]
	at org.apache.hadoop.ipc.Server$RpcCall.run(Server.java:1017) [hadoop-common-3.3.6.jar:?]
	at java.security.AccessController.doPrivileged(Native Method) ~[?:1.8.0_382]
	at javax.security.auth.Subject.doAs(Subject.java:422) [?:1.8.0_382]
	at org.apache.hadoop.security.UserGroupInformation.doAs(UserGroupInformation.java:1899) [hadoop-common-3.3.6.jar:?]
	at org.apache.hadoop.ipc.Server$Handler.run(Server.java:3048) [hadoop-common-3.3.6.jar:?]
]]></system-out>
  </testcase>
  <testcase name="testRenameWithNonExistentSource" classname="TestOzoneFileSystem" time="0.019">
    <system-out><![CDATA[2023-08-25 11:36:25,078 [Time-limited test] INFO  ozone.TestOzoneFileSystem (TestOzoneFileSystem.java:testRenameWithNonExistentSource(1156)) - Created destin dir: o3fs://bucket28461.volume79256/root/dir2
2023-08-25 11:36:25,078 [Time-limited test] INFO  ozone.TestOzoneFileSystem (TestOzoneFileSystem.java:testRenameWithNonExistentSource(1158)) - Rename op-> source:o3fs://bucket28461.volume79256/root/dir1 to destin:o3fs://bucket28461.volume79256/root/dir2}
11:36:25.079 [IPC Server handler 5 on default port 15110] ERROR OMAudit - user=runner | ip=127.0.0.1 | op=GET_FILE_STATUS {volume=volume79256, bucket=bucket28461, key=root/dir1, dataSize=0, replicationConfig=null} | ret=FAILURE
org.apache.hadoop.ozone.om.exceptions.OMException: Unable to get file status: volume: volume79256 bucket: bucket28461 key: root/dir1
	at org.apache.hadoop.ozone.om.KeyManagerImpl.getOzoneFileStatus(KeyManagerImpl.java:1195) ~[ozone-manager-1.4.0-SNAPSHOT.jar:?]
	at org.apache.hadoop.ozone.om.KeyManagerImpl.getFileStatus(KeyManagerImpl.java:1113) ~[ozone-manager-1.4.0-SNAPSHOT.jar:?]
	at org.apache.hadoop.ozone.om.OmMetadataReader.getFileStatus(OmMetadataReader.java:262) ~[ozone-manager-1.4.0-SNAPSHOT.jar:?]
	at org.apache.hadoop.ozone.om.OzoneManager.getFileStatus(OzoneManager.java:3513) ~[ozone-manager-1.4.0-SNAPSHOT.jar:?]
	at org.apache.hadoop.ozone.protocolPB.OzoneManagerRequestHandler.getOzoneFileStatus(OzoneManagerRequestHandler.java:973) ~[ozone-manager-1.4.0-SNAPSHOT.jar:?]
	at org.apache.hadoop.ozone.protocolPB.OzoneManagerRequestHandler.handleReadRequest(OzoneManagerRequestHandler.java:252) ~[ozone-manager-1.4.0-SNAPSHOT.jar:?]
	at org.apache.hadoop.ozone.protocolPB.OzoneManagerProtocolServerSideTranslatorPB.submitReadRequestToOM(OzoneManagerProtocolServerSideTranslatorPB.java:225) ~[ozone-manager-1.4.0-SNAPSHOT.jar:?]
	at org.apache.hadoop.ozone.protocolPB.OzoneManagerProtocolServerSideTranslatorPB.processRequest(OzoneManagerProtocolServerSideTranslatorPB.java:179) ~[ozone-manager-1.4.0-SNAPSHOT.jar:?]
	at org.apache.hadoop.hdds.server.OzoneProtocolMessageDispatcher.processRequest(OzoneProtocolMessageDispatcher.java:87) [hdds-server-framework-1.4.0-SNAPSHOT.jar:?]
	at org.apache.hadoop.ozone.protocolPB.OzoneManagerProtocolServerSideTranslatorPB.submitRequest(OzoneManagerProtocolServerSideTranslatorPB.java:148) [ozone-manager-1.4.0-SNAPSHOT.jar:?]
	at org.apache.hadoop.ozone.protocol.proto.OzoneManagerProtocolProtos$OzoneManagerService$2.callBlockingMethod(OzoneManagerProtocolProtos.java) [ozone-interface-client-1.4.0-SNAPSHOT.jar:?]
	at org.apache.hadoop.ipc.ProtobufRpcEngine$Server.processCall(ProtobufRpcEngine.java:484) [hadoop-common-3.3.6.jar:?]
	at org.apache.hadoop.ipc.ProtobufRpcEngine2$Server$ProtoBufRpcInvoker.call(ProtobufRpcEngine2.java:595) [hadoop-common-3.3.6.jar:?]
	at org.apache.hadoop.ipc.ProtobufRpcEngine2$Server$ProtoBufRpcInvoker.call(ProtobufRpcEngine2.java:573) [hadoop-common-3.3.6.jar:?]
	at org.apache.hadoop.ipc.RPC$Server.call(RPC.java:1227) [hadoop-common-3.3.6.jar:?]
	at org.apache.hadoop.ipc.Server$RpcCall.run(Server.java:1094) [hadoop-common-3.3.6.jar:?]
	at org.apache.hadoop.ipc.Server$RpcCall.run(Server.java:1017) [hadoop-common-3.3.6.jar:?]
	at java.security.AccessController.doPrivileged(Native Method) ~[?:1.8.0_382]
	at javax.security.auth.Subject.doAs(Subject.java:422) [?:1.8.0_382]
	at org.apache.hadoop.security.UserGroupInformation.doAs(UserGroupInformation.java:1899) [hadoop-common-3.3.6.jar:?]
	at org.apache.hadoop.ipc.Server$Handler.run(Server.java:3048) [hadoop-common-3.3.6.jar:?]
]]></system-out>
  </testcase>
  <testcase name="testRenameWithNonExistentSource" classname="TestOzoneFileSystem" time="0.012">
    <system-out><![CDATA[2023-08-25 11:38:01,039 [Time-limited test] INFO  ozone.TestOzoneFileSystem (TestOzoneFileSystem.java:testRenameWithNonExistentSource(1156)) - Created destin dir: o3fs://bucket29530.volume45503/root/dir2
2023-08-25 11:38:01,039 [Time-limited test] INFO  ozone.TestOzoneFileSystem (TestOzoneFileSystem.java:testRenameWithNonExistentSource(1158)) - Rename op-> source:o3fs://bucket29530.volume45503/root/dir1 to destin:o3fs://bucket29530.volume45503/root/dir2}
11:38:01.040 [IPC Server handler 17 on default port 15163] ERROR OMAudit - user=runner | ip=127.0.0.1 | op=GET_FILE_STATUS {volume=volume45503, bucket=bucket29530, key=root/dir1, dataSize=0, replicationConfig=null} | ret=FAILURE
org.apache.hadoop.ozone.om.exceptions.OMException: Unable to get file status: volume: volume45503 bucket: bucket29530 key: root/dir1
	at org.apache.hadoop.ozone.om.KeyManagerImpl.getOzoneFileStatus(KeyManagerImpl.java:1195) ~[ozone-manager-1.4.0-SNAPSHOT.jar:?]
	at org.apache.hadoop.ozone.om.KeyManagerImpl.getFileStatus(KeyManagerImpl.java:1113) ~[ozone-manager-1.4.0-SNAPSHOT.jar:?]
	at org.apache.hadoop.ozone.om.OmMetadataReader.getFileStatus(OmMetadataReader.java:262) ~[ozone-manager-1.4.0-SNAPSHOT.jar:?]
	at org.apache.hadoop.ozone.om.OzoneManager.getFileStatus(OzoneManager.java:3513) ~[ozone-manager-1.4.0-SNAPSHOT.jar:?]
	at org.apache.hadoop.ozone.protocolPB.OzoneManagerRequestHandler.getOzoneFileStatus(OzoneManagerRequestHandler.java:973) ~[ozone-manager-1.4.0-SNAPSHOT.jar:?]
	at org.apache.hadoop.ozone.protocolPB.OzoneManagerRequestHandler.handleReadRequest(OzoneManagerRequestHandler.java:252) ~[ozone-manager-1.4.0-SNAPSHOT.jar:?]
	at org.apache.hadoop.ozone.protocolPB.OzoneManagerProtocolServerSideTranslatorPB.submitRequestDirectlyToOM(OzoneManagerProtocolServerSideTranslatorPB.java:274) ~[ozone-manager-1.4.0-SNAPSHOT.jar:?]
	at org.apache.hadoop.ozone.protocolPB.OzoneManagerProtocolServerSideTranslatorPB.processRequest(OzoneManagerProtocolServerSideTranslatorPB.java:175) ~[ozone-manager-1.4.0-SNAPSHOT.jar:?]
	at org.apache.hadoop.hdds.server.OzoneProtocolMessageDispatcher.processRequest(OzoneProtocolMessageDispatcher.java:87) [hdds-server-framework-1.4.0-SNAPSHOT.jar:?]
	at org.apache.hadoop.ozone.protocolPB.OzoneManagerProtocolServerSideTranslatorPB.submitRequest(OzoneManagerProtocolServerSideTranslatorPB.java:148) [ozone-manager-1.4.0-SNAPSHOT.jar:?]
	at org.apache.hadoop.ozone.protocol.proto.OzoneManagerProtocolProtos$OzoneManagerService$2.callBlockingMethod(OzoneManagerProtocolProtos.java) [ozone-interface-client-1.4.0-SNAPSHOT.jar:?]
	at org.apache.hadoop.ipc.ProtobufRpcEngine$Server.processCall(ProtobufRpcEngine.java:484) [hadoop-common-3.3.6.jar:?]
	at org.apache.hadoop.ipc.ProtobufRpcEngine2$Server$ProtoBufRpcInvoker.call(ProtobufRpcEngine2.java:595) [hadoop-common-3.3.6.jar:?]
	at org.apache.hadoop.ipc.ProtobufRpcEngine2$Server$ProtoBufRpcInvoker.call(ProtobufRpcEngine2.java:573) [hadoop-common-3.3.6.jar:?]
	at org.apache.hadoop.ipc.RPC$Server.call(RPC.java:1227) [hadoop-common-3.3.6.jar:?]
	at org.apache.hadoop.ipc.Server$RpcCall.run(Server.java:1094) [hadoop-common-3.3.6.jar:?]
	at org.apache.hadoop.ipc.Server$RpcCall.run(Server.java:1017) [hadoop-common-3.3.6.jar:?]
	at java.security.AccessController.doPrivileged(Native Method) ~[?:1.8.0_382]
	at javax.security.auth.Subject.doAs(Subject.java:422) [?:1.8.0_382]
	at org.apache.hadoop.security.UserGroupInformation.doAs(UserGroupInformation.java:1899) [hadoop-common-3.3.6.jar:?]
	at org.apache.hadoop.ipc.Server$Handler.run(Server.java:3048) [hadoop-common-3.3.6.jar:?]
]]></system-out>
  </testcase>
  <testcase name="testRenameToParentDir" classname="TestOzoneFileSystem" time="0.147">
    <system-out><![CDATA[11:33:05.545 [IPC Server handler 0 on default port 15004] ERROR OMAudit - user=runner | ip=127.0.0.1 | op=LIST_STATUS {volume=volume54121, bucket=bucket59518, key=root_dir/dir2, dataSize=0, replicationConfig=null} | ret=FAILURE
org.apache.hadoop.ozone.om.exceptions.OMException: Unable to get file status: volume: volume54121 bucket: bucket59518 key: root_dir/dir2
	at org.apache.hadoop.ozone.om.KeyManagerImpl.getOzoneFileStatus(KeyManagerImpl.java:1195) ~[ozone-manager-1.4.0-SNAPSHOT.jar:?]
	at org.apache.hadoop.ozone.om.KeyManagerImpl.getFileStatus(KeyManagerImpl.java:1113) ~[ozone-manager-1.4.0-SNAPSHOT.jar:?]
	at org.apache.hadoop.ozone.om.KeyManagerImpl.listStatus(KeyManagerImpl.java:1505) ~[ozone-manager-1.4.0-SNAPSHOT.jar:?]
	at org.apache.hadoop.ozone.om.OmMetadataReader.listStatus(OmMetadataReader.java:235) ~[ozone-manager-1.4.0-SNAPSHOT.jar:?]
	at org.apache.hadoop.ozone.om.OzoneManager.listStatus(OzoneManager.java:3543) ~[ozone-manager-1.4.0-SNAPSHOT.jar:?]
	at org.apache.hadoop.ozone.protocolPB.OzoneManagerRequestHandler.listStatus(OzoneManagerRequestHandler.java:1145) ~[ozone-manager-1.4.0-SNAPSHOT.jar:?]
	at org.apache.hadoop.ozone.protocolPB.OzoneManagerRequestHandler.handleReadRequest(OzoneManagerRequestHandler.java:263) ~[ozone-manager-1.4.0-SNAPSHOT.jar:?]
	at org.apache.hadoop.ozone.protocolPB.OzoneManagerProtocolServerSideTranslatorPB.submitReadRequestToOM(OzoneManagerProtocolServerSideTranslatorPB.java:225) ~[ozone-manager-1.4.0-SNAPSHOT.jar:?]
	at org.apache.hadoop.ozone.protocolPB.OzoneManagerProtocolServerSideTranslatorPB.processRequest(OzoneManagerProtocolServerSideTranslatorPB.java:179) ~[ozone-manager-1.4.0-SNAPSHOT.jar:?]
	at org.apache.hadoop.hdds.server.OzoneProtocolMessageDispatcher.processRequest(OzoneProtocolMessageDispatcher.java:87) [hdds-server-framework-1.4.0-SNAPSHOT.jar:?]
	at org.apache.hadoop.ozone.protocolPB.OzoneManagerProtocolServerSideTranslatorPB.submitRequest(OzoneManagerProtocolServerSideTranslatorPB.java:148) [ozone-manager-1.4.0-SNAPSHOT.jar:?]
	at org.apache.hadoop.ozone.protocol.proto.OzoneManagerProtocolProtos$OzoneManagerService$2.callBlockingMethod(OzoneManagerProtocolProtos.java) [ozone-interface-client-1.4.0-SNAPSHOT.jar:?]
	at org.apache.hadoop.ipc.ProtobufRpcEngine$Server.processCall(ProtobufRpcEngine.java:484) [hadoop-common-3.3.6.jar:?]
	at org.apache.hadoop.ipc.ProtobufRpcEngine2$Server$ProtoBufRpcInvoker.call(ProtobufRpcEngine2.java:595) [hadoop-common-3.3.6.jar:?]
	at org.apache.hadoop.ipc.ProtobufRpcEngine2$Server$ProtoBufRpcInvoker.call(ProtobufRpcEngine2.java:573) [hadoop-common-3.3.6.jar:?]
	at org.apache.hadoop.ipc.RPC$Server.call(RPC.java:1227) [hadoop-common-3.3.6.jar:?]
	at org.apache.hadoop.ipc.Server$RpcCall.run(Server.java:1094) [hadoop-common-3.3.6.jar:?]
	at org.apache.hadoop.ipc.Server$RpcCall.run(Server.java:1017) [hadoop-common-3.3.6.jar:?]
	at java.security.AccessController.doPrivileged(Native Method) ~[?:1.8.0_382]
	at javax.security.auth.Subject.doAs(Subject.java:422) [?:1.8.0_382]
	at org.apache.hadoop.security.UserGroupInformation.doAs(UserGroupInformation.java:1899) [hadoop-common-3.3.6.jar:?]
	at org.apache.hadoop.ipc.Server$Handler.run(Server.java:3048) [hadoop-common-3.3.6.jar:?]
11:33:05.577 [IPC Server handler 16 on default port 15004] ERROR OMAudit - user=runner | ip=127.0.0.1 | op=LIST_STATUS {volume=volume54121, bucket=bucket59518, key=root_dir/file2, dataSize=0, replicationConfig=null} | ret=FAILURE
org.apache.hadoop.ozone.om.exceptions.OMException: Unable to get file status: volume: volume54121 bucket: bucket59518 key: root_dir/file2
	at org.apache.hadoop.ozone.om.KeyManagerImpl.getOzoneFileStatus(KeyManagerImpl.java:1195) ~[ozone-manager-1.4.0-SNAPSHOT.jar:?]
	at org.apache.hadoop.ozone.om.KeyManagerImpl.getFileStatus(KeyManagerImpl.java:1113) ~[ozone-manager-1.4.0-SNAPSHOT.jar:?]
	at org.apache.hadoop.ozone.om.KeyManagerImpl.listStatus(KeyManagerImpl.java:1505) ~[ozone-manager-1.4.0-SNAPSHOT.jar:?]
	at org.apache.hadoop.ozone.om.OmMetadataReader.listStatus(OmMetadataReader.java:235) ~[ozone-manager-1.4.0-SNAPSHOT.jar:?]
	at org.apache.hadoop.ozone.om.OzoneManager.listStatus(OzoneManager.java:3543) ~[ozone-manager-1.4.0-SNAPSHOT.jar:?]
	at org.apache.hadoop.ozone.protocolPB.OzoneManagerRequestHandler.listStatus(OzoneManagerRequestHandler.java:1145) ~[ozone-manager-1.4.0-SNAPSHOT.jar:?]
	at org.apache.hadoop.ozone.protocolPB.OzoneManagerRequestHandler.handleReadRequest(OzoneManagerRequestHandler.java:263) ~[ozone-manager-1.4.0-SNAPSHOT.jar:?]
	at org.apache.hadoop.ozone.protocolPB.OzoneManagerProtocolServerSideTranslatorPB.submitReadRequestToOM(OzoneManagerProtocolServerSideTranslatorPB.java:225) ~[ozone-manager-1.4.0-SNAPSHOT.jar:?]
	at org.apache.hadoop.ozone.protocolPB.OzoneManagerProtocolServerSideTranslatorPB.processRequest(OzoneManagerProtocolServerSideTranslatorPB.java:179) ~[ozone-manager-1.4.0-SNAPSHOT.jar:?]
	at org.apache.hadoop.hdds.server.OzoneProtocolMessageDispatcher.processRequest(OzoneProtocolMessageDispatcher.java:87) [hdds-server-framework-1.4.0-SNAPSHOT.jar:?]
	at org.apache.hadoop.ozone.protocolPB.OzoneManagerProtocolServerSideTranslatorPB.submitRequest(OzoneManagerProtocolServerSideTranslatorPB.java:148) [ozone-manager-1.4.0-SNAPSHOT.jar:?]
	at org.apache.hadoop.ozone.protocol.proto.OzoneManagerProtocolProtos$OzoneManagerService$2.callBlockingMethod(OzoneManagerProtocolProtos.java) [ozone-interface-client-1.4.0-SNAPSHOT.jar:?]
	at org.apache.hadoop.ipc.ProtobufRpcEngine$Server.processCall(ProtobufRpcEngine.java:484) [hadoop-common-3.3.6.jar:?]
	at org.apache.hadoop.ipc.ProtobufRpcEngine2$Server$ProtoBufRpcInvoker.call(ProtobufRpcEngine2.java:595) [hadoop-common-3.3.6.jar:?]
	at org.apache.hadoop.ipc.ProtobufRpcEngine2$Server$ProtoBufRpcInvoker.call(ProtobufRpcEngine2.java:573) [hadoop-common-3.3.6.jar:?]
	at org.apache.hadoop.ipc.RPC$Server.call(RPC.java:1227) [hadoop-common-3.3.6.jar:?]
	at org.apache.hadoop.ipc.Server$RpcCall.run(Server.java:1094) [hadoop-common-3.3.6.jar:?]
	at org.apache.hadoop.ipc.Server$RpcCall.run(Server.java:1017) [hadoop-common-3.3.6.jar:?]
	at java.security.AccessController.doPrivileged(Native Method) ~[?:1.8.0_382]
	at javax.security.auth.Subject.doAs(Subject.java:422) [?:1.8.0_382]
	at org.apache.hadoop.security.UserGroupInformation.doAs(UserGroupInformation.java:1899) [hadoop-common-3.3.6.jar:?]
	at org.apache.hadoop.ipc.Server$Handler.run(Server.java:3048) [hadoop-common-3.3.6.jar:?]
]]></system-out>
  </testcase>
  <testcase name="testRenameToParentDir" classname="TestOzoneFileSystem" time="0.047">
    <system-out><![CDATA[11:35:01.043 [IPC Server handler 6 on default port 15057] ERROR OMAudit - user=runner | ip=127.0.0.1 | op=LIST_STATUS {volume=volume67780, bucket=bucket36604, key=root_dir/dir2, dataSize=0, replicationConfig=null} | ret=FAILURE
org.apache.hadoop.ozone.om.exceptions.OMException: Unable to get file status: volume: volume67780 bucket: bucket36604 key: root_dir/dir2
	at org.apache.hadoop.ozone.om.KeyManagerImpl.getOzoneFileStatus(KeyManagerImpl.java:1195) ~[ozone-manager-1.4.0-SNAPSHOT.jar:?]
	at org.apache.hadoop.ozone.om.KeyManagerImpl.getFileStatus(KeyManagerImpl.java:1113) ~[ozone-manager-1.4.0-SNAPSHOT.jar:?]
	at org.apache.hadoop.ozone.om.KeyManagerImpl.listStatus(KeyManagerImpl.java:1505) ~[ozone-manager-1.4.0-SNAPSHOT.jar:?]
	at org.apache.hadoop.ozone.om.OmMetadataReader.listStatus(OmMetadataReader.java:235) ~[ozone-manager-1.4.0-SNAPSHOT.jar:?]
	at org.apache.hadoop.ozone.om.OzoneManager.listStatus(OzoneManager.java:3543) ~[ozone-manager-1.4.0-SNAPSHOT.jar:?]
	at org.apache.hadoop.ozone.protocolPB.OzoneManagerRequestHandler.listStatus(OzoneManagerRequestHandler.java:1145) ~[ozone-manager-1.4.0-SNAPSHOT.jar:?]
	at org.apache.hadoop.ozone.protocolPB.OzoneManagerRequestHandler.handleReadRequest(OzoneManagerRequestHandler.java:263) ~[ozone-manager-1.4.0-SNAPSHOT.jar:?]
	at org.apache.hadoop.ozone.protocolPB.OzoneManagerProtocolServerSideTranslatorPB.submitRequestDirectlyToOM(OzoneManagerProtocolServerSideTranslatorPB.java:274) ~[ozone-manager-1.4.0-SNAPSHOT.jar:?]
	at org.apache.hadoop.ozone.protocolPB.OzoneManagerProtocolServerSideTranslatorPB.processRequest(OzoneManagerProtocolServerSideTranslatorPB.java:175) ~[ozone-manager-1.4.0-SNAPSHOT.jar:?]
	at org.apache.hadoop.hdds.server.OzoneProtocolMessageDispatcher.processRequest(OzoneProtocolMessageDispatcher.java:87) [hdds-server-framework-1.4.0-SNAPSHOT.jar:?]
	at org.apache.hadoop.ozone.protocolPB.OzoneManagerProtocolServerSideTranslatorPB.submitRequest(OzoneManagerProtocolServerSideTranslatorPB.java:148) [ozone-manager-1.4.0-SNAPSHOT.jar:?]
	at org.apache.hadoop.ozone.protocol.proto.OzoneManagerProtocolProtos$OzoneManagerService$2.callBlockingMethod(OzoneManagerProtocolProtos.java) [ozone-interface-client-1.4.0-SNAPSHOT.jar:?]
	at org.apache.hadoop.ipc.ProtobufRpcEngine$Server.processCall(ProtobufRpcEngine.java:484) [hadoop-common-3.3.6.jar:?]
	at org.apache.hadoop.ipc.ProtobufRpcEngine2$Server$ProtoBufRpcInvoker.call(ProtobufRpcEngine2.java:595) [hadoop-common-3.3.6.jar:?]
	at org.apache.hadoop.ipc.ProtobufRpcEngine2$Server$ProtoBufRpcInvoker.call(ProtobufRpcEngine2.java:573) [hadoop-common-3.3.6.jar:?]
	at org.apache.hadoop.ipc.RPC$Server.call(RPC.java:1227) [hadoop-common-3.3.6.jar:?]
	at org.apache.hadoop.ipc.Server$RpcCall.run(Server.java:1094) [hadoop-common-3.3.6.jar:?]
	at org.apache.hadoop.ipc.Server$RpcCall.run(Server.java:1017) [hadoop-common-3.3.6.jar:?]
	at java.security.AccessController.doPrivileged(Native Method) ~[?:1.8.0_382]
	at javax.security.auth.Subject.doAs(Subject.java:422) [?:1.8.0_382]
	at org.apache.hadoop.security.UserGroupInformation.doAs(UserGroupInformation.java:1899) [hadoop-common-3.3.6.jar:?]
	at org.apache.hadoop.ipc.Server$Handler.run(Server.java:3048) [hadoop-common-3.3.6.jar:?]
11:35:01.054 [IPC Server handler 2 on default port 15057] ERROR OMAudit - user=runner | ip=127.0.0.1 | op=LIST_STATUS {volume=volume67780, bucket=bucket36604, key=root_dir/file2, dataSize=0, replicationConfig=null} | ret=FAILURE
org.apache.hadoop.ozone.om.exceptions.OMException: Unable to get file status: volume: volume67780 bucket: bucket36604 key: root_dir/file2
	at org.apache.hadoop.ozone.om.KeyManagerImpl.getOzoneFileStatus(KeyManagerImpl.java:1195) ~[ozone-manager-1.4.0-SNAPSHOT.jar:?]
	at org.apache.hadoop.ozone.om.KeyManagerImpl.getFileStatus(KeyManagerImpl.java:1113) ~[ozone-manager-1.4.0-SNAPSHOT.jar:?]
	at org.apache.hadoop.ozone.om.KeyManagerImpl.listStatus(KeyManagerImpl.java:1505) ~[ozone-manager-1.4.0-SNAPSHOT.jar:?]
	at org.apache.hadoop.ozone.om.OmMetadataReader.listStatus(OmMetadataReader.java:235) ~[ozone-manager-1.4.0-SNAPSHOT.jar:?]
	at org.apache.hadoop.ozone.om.OzoneManager.listStatus(OzoneManager.java:3543) ~[ozone-manager-1.4.0-SNAPSHOT.jar:?]
	at org.apache.hadoop.ozone.protocolPB.OzoneManagerRequestHandler.listStatus(OzoneManagerRequestHandler.java:1145) ~[ozone-manager-1.4.0-SNAPSHOT.jar:?]
	at org.apache.hadoop.ozone.protocolPB.OzoneManagerRequestHandler.handleReadRequest(OzoneManagerRequestHandler.java:263) ~[ozone-manager-1.4.0-SNAPSHOT.jar:?]
	at org.apache.hadoop.ozone.protocolPB.OzoneManagerProtocolServerSideTranslatorPB.submitRequestDirectlyToOM(OzoneManagerProtocolServerSideTranslatorPB.java:274) ~[ozone-manager-1.4.0-SNAPSHOT.jar:?]
	at org.apache.hadoop.ozone.protocolPB.OzoneManagerProtocolServerSideTranslatorPB.processRequest(OzoneManagerProtocolServerSideTranslatorPB.java:175) ~[ozone-manager-1.4.0-SNAPSHOT.jar:?]
	at org.apache.hadoop.hdds.server.OzoneProtocolMessageDispatcher.processRequest(OzoneProtocolMessageDispatcher.java:87) [hdds-server-framework-1.4.0-SNAPSHOT.jar:?]
	at org.apache.hadoop.ozone.protocolPB.OzoneManagerProtocolServerSideTranslatorPB.submitRequest(OzoneManagerProtocolServerSideTranslatorPB.java:148) [ozone-manager-1.4.0-SNAPSHOT.jar:?]
	at org.apache.hadoop.ozone.protocol.proto.OzoneManagerProtocolProtos$OzoneManagerService$2.callBlockingMethod(OzoneManagerProtocolProtos.java) [ozone-interface-client-1.4.0-SNAPSHOT.jar:?]
	at org.apache.hadoop.ipc.ProtobufRpcEngine$Server.processCall(ProtobufRpcEngine.java:484) [hadoop-common-3.3.6.jar:?]
	at org.apache.hadoop.ipc.ProtobufRpcEngine2$Server$ProtoBufRpcInvoker.call(ProtobufRpcEngine2.java:595) [hadoop-common-3.3.6.jar:?]
	at org.apache.hadoop.ipc.ProtobufRpcEngine2$Server$ProtoBufRpcInvoker.call(ProtobufRpcEngine2.java:573) [hadoop-common-3.3.6.jar:?]
	at org.apache.hadoop.ipc.RPC$Server.call(RPC.java:1227) [hadoop-common-3.3.6.jar:?]
	at org.apache.hadoop.ipc.Server$RpcCall.run(Server.java:1094) [hadoop-common-3.3.6.jar:?]
	at org.apache.hadoop.ipc.Server$RpcCall.run(Server.java:1017) [hadoop-common-3.3.6.jar:?]
	at java.security.AccessController.doPrivileged(Native Method) ~[?:1.8.0_382]
	at javax.security.auth.Subject.doAs(Subject.java:422) [?:1.8.0_382]
	at org.apache.hadoop.security.UserGroupInformation.doAs(UserGroupInformation.java:1899) [hadoop-common-3.3.6.jar:?]
	at org.apache.hadoop.ipc.Server$Handler.run(Server.java:3048) [hadoop-common-3.3.6.jar:?]
]]></system-out>
  </testcase>
  <testcase name="testRenameToParentDir" classname="TestOzoneFileSystem" time="0.037">
    <system-out><![CDATA[11:36:25.110 [IPC Server handler 17 on default port 15110] ERROR OMAudit - user=runner | ip=127.0.0.1 | op=LIST_STATUS {volume=volume79256, bucket=bucket28461, key=root_dir/dir2, dataSize=0, replicationConfig=null} | ret=FAILURE
org.apache.hadoop.ozone.om.exceptions.OMException: Unable to get file status: volume: volume79256 bucket: bucket28461 key: root_dir/dir2
	at org.apache.hadoop.ozone.om.KeyManagerImpl.getOzoneFileStatus(KeyManagerImpl.java:1195) ~[ozone-manager-1.4.0-SNAPSHOT.jar:?]
	at org.apache.hadoop.ozone.om.KeyManagerImpl.getFileStatus(KeyManagerImpl.java:1113) ~[ozone-manager-1.4.0-SNAPSHOT.jar:?]
	at org.apache.hadoop.ozone.om.KeyManagerImpl.listStatus(KeyManagerImpl.java:1505) ~[ozone-manager-1.4.0-SNAPSHOT.jar:?]
	at org.apache.hadoop.ozone.om.OmMetadataReader.listStatus(OmMetadataReader.java:235) ~[ozone-manager-1.4.0-SNAPSHOT.jar:?]
	at org.apache.hadoop.ozone.om.OzoneManager.listStatus(OzoneManager.java:3543) ~[ozone-manager-1.4.0-SNAPSHOT.jar:?]
	at org.apache.hadoop.ozone.protocolPB.OzoneManagerRequestHandler.listStatus(OzoneManagerRequestHandler.java:1145) ~[ozone-manager-1.4.0-SNAPSHOT.jar:?]
	at org.apache.hadoop.ozone.protocolPB.OzoneManagerRequestHandler.handleReadRequest(OzoneManagerRequestHandler.java:263) ~[ozone-manager-1.4.0-SNAPSHOT.jar:?]
	at org.apache.hadoop.ozone.protocolPB.OzoneManagerProtocolServerSideTranslatorPB.submitReadRequestToOM(OzoneManagerProtocolServerSideTranslatorPB.java:225) ~[ozone-manager-1.4.0-SNAPSHOT.jar:?]
	at org.apache.hadoop.ozone.protocolPB.OzoneManagerProtocolServerSideTranslatorPB.processRequest(OzoneManagerProtocolServerSideTranslatorPB.java:179) ~[ozone-manager-1.4.0-SNAPSHOT.jar:?]
	at org.apache.hadoop.hdds.server.OzoneProtocolMessageDispatcher.processRequest(OzoneProtocolMessageDispatcher.java:87) [hdds-server-framework-1.4.0-SNAPSHOT.jar:?]
	at org.apache.hadoop.ozone.protocolPB.OzoneManagerProtocolServerSideTranslatorPB.submitRequest(OzoneManagerProtocolServerSideTranslatorPB.java:148) [ozone-manager-1.4.0-SNAPSHOT.jar:?]
	at org.apache.hadoop.ozone.protocol.proto.OzoneManagerProtocolProtos$OzoneManagerService$2.callBlockingMethod(OzoneManagerProtocolProtos.java) [ozone-interface-client-1.4.0-SNAPSHOT.jar:?]
	at org.apache.hadoop.ipc.ProtobufRpcEngine$Server.processCall(ProtobufRpcEngine.java:484) [hadoop-common-3.3.6.jar:?]
	at org.apache.hadoop.ipc.ProtobufRpcEngine2$Server$ProtoBufRpcInvoker.call(ProtobufRpcEngine2.java:595) [hadoop-common-3.3.6.jar:?]
	at org.apache.hadoop.ipc.ProtobufRpcEngine2$Server$ProtoBufRpcInvoker.call(ProtobufRpcEngine2.java:573) [hadoop-common-3.3.6.jar:?]
	at org.apache.hadoop.ipc.RPC$Server.call(RPC.java:1227) [hadoop-common-3.3.6.jar:?]
	at org.apache.hadoop.ipc.Server$RpcCall.run(Server.java:1094) [hadoop-common-3.3.6.jar:?]
	at org.apache.hadoop.ipc.Server$RpcCall.run(Server.java:1017) [hadoop-common-3.3.6.jar:?]
	at java.security.AccessController.doPrivileged(Native Method) ~[?:1.8.0_382]
	at javax.security.auth.Subject.doAs(Subject.java:422) [?:1.8.0_382]
	at org.apache.hadoop.security.UserGroupInformation.doAs(UserGroupInformation.java:1899) [hadoop-common-3.3.6.jar:?]
	at org.apache.hadoop.ipc.Server$Handler.run(Server.java:3048) [hadoop-common-3.3.6.jar:?]
11:36:25.119 [IPC Server handler 6 on default port 15110] ERROR OMAudit - user=runner | ip=127.0.0.1 | op=LIST_STATUS {volume=volume79256, bucket=bucket28461, key=root_dir/file2, dataSize=0, replicationConfig=null} | ret=FAILURE
org.apache.hadoop.ozone.om.exceptions.OMException: Unable to get file status: volume: volume79256 bucket: bucket28461 key: root_dir/file2
	at org.apache.hadoop.ozone.om.KeyManagerImpl.getOzoneFileStatus(KeyManagerImpl.java:1195) ~[ozone-manager-1.4.0-SNAPSHOT.jar:?]
	at org.apache.hadoop.ozone.om.KeyManagerImpl.getFileStatus(KeyManagerImpl.java:1113) ~[ozone-manager-1.4.0-SNAPSHOT.jar:?]
	at org.apache.hadoop.ozone.om.KeyManagerImpl.listStatus(KeyManagerImpl.java:1505) ~[ozone-manager-1.4.0-SNAPSHOT.jar:?]
	at org.apache.hadoop.ozone.om.OmMetadataReader.listStatus(OmMetadataReader.java:235) ~[ozone-manager-1.4.0-SNAPSHOT.jar:?]
	at org.apache.hadoop.ozone.om.OzoneManager.listStatus(OzoneManager.java:3543) ~[ozone-manager-1.4.0-SNAPSHOT.jar:?]
	at org.apache.hadoop.ozone.protocolPB.OzoneManagerRequestHandler.listStatus(OzoneManagerRequestHandler.java:1145) ~[ozone-manager-1.4.0-SNAPSHOT.jar:?]
	at org.apache.hadoop.ozone.protocolPB.OzoneManagerRequestHandler.handleReadRequest(OzoneManagerRequestHandler.java:263) ~[ozone-manager-1.4.0-SNAPSHOT.jar:?]
	at org.apache.hadoop.ozone.protocolPB.OzoneManagerProtocolServerSideTranslatorPB.submitReadRequestToOM(OzoneManagerProtocolServerSideTranslatorPB.java:225) ~[ozone-manager-1.4.0-SNAPSHOT.jar:?]
	at org.apache.hadoop.ozone.protocolPB.OzoneManagerProtocolServerSideTranslatorPB.processRequest(OzoneManagerProtocolServerSideTranslatorPB.java:179) ~[ozone-manager-1.4.0-SNAPSHOT.jar:?]
	at org.apache.hadoop.hdds.server.OzoneProtocolMessageDispatcher.processRequest(OzoneProtocolMessageDispatcher.java:87) [hdds-server-framework-1.4.0-SNAPSHOT.jar:?]
	at org.apache.hadoop.ozone.protocolPB.OzoneManagerProtocolServerSideTranslatorPB.submitRequest(OzoneManagerProtocolServerSideTranslatorPB.java:148) [ozone-manager-1.4.0-SNAPSHOT.jar:?]
	at org.apache.hadoop.ozone.protocol.proto.OzoneManagerProtocolProtos$OzoneManagerService$2.callBlockingMethod(OzoneManagerProtocolProtos.java) [ozone-interface-client-1.4.0-SNAPSHOT.jar:?]
	at org.apache.hadoop.ipc.ProtobufRpcEngine$Server.processCall(ProtobufRpcEngine.java:484) [hadoop-common-3.3.6.jar:?]
	at org.apache.hadoop.ipc.ProtobufRpcEngine2$Server$ProtoBufRpcInvoker.call(ProtobufRpcEngine2.java:595) [hadoop-common-3.3.6.jar:?]
	at org.apache.hadoop.ipc.ProtobufRpcEngine2$Server$ProtoBufRpcInvoker.call(ProtobufRpcEngine2.java:573) [hadoop-common-3.3.6.jar:?]
	at org.apache.hadoop.ipc.RPC$Server.call(RPC.java:1227) [hadoop-common-3.3.6.jar:?]
	at org.apache.hadoop.ipc.Server$RpcCall.run(Server.java:1094) [hadoop-common-3.3.6.jar:?]
	at org.apache.hadoop.ipc.Server$RpcCall.run(Server.java:1017) [hadoop-common-3.3.6.jar:?]
	at java.security.AccessController.doPrivileged(Native Method) ~[?:1.8.0_382]
	at javax.security.auth.Subject.doAs(Subject.java:422) [?:1.8.0_382]
	at org.apache.hadoop.security.UserGroupInformation.doAs(UserGroupInformation.java:1899) [hadoop-common-3.3.6.jar:?]
	at org.apache.hadoop.ipc.Server$Handler.run(Server.java:3048) [hadoop-common-3.3.6.jar:?]
]]></system-out>
  </testcase>
  <testcase name="testRenameToParentDir" classname="TestOzoneFileSystem" time="0.039">
    <system-out><![CDATA[11:38:01.062 [IPC Server handler 0 on default port 15163] ERROR OMAudit - user=runner | ip=127.0.0.1 | op=LIST_STATUS {volume=volume45503, bucket=bucket29530, key=root_dir/dir2, dataSize=0, replicationConfig=null} | ret=FAILURE
org.apache.hadoop.ozone.om.exceptions.OMException: Unable to get file status: volume: volume45503 bucket: bucket29530 key: root_dir/dir2
	at org.apache.hadoop.ozone.om.KeyManagerImpl.getOzoneFileStatus(KeyManagerImpl.java:1195) ~[ozone-manager-1.4.0-SNAPSHOT.jar:?]
	at org.apache.hadoop.ozone.om.KeyManagerImpl.getFileStatus(KeyManagerImpl.java:1113) ~[ozone-manager-1.4.0-SNAPSHOT.jar:?]
	at org.apache.hadoop.ozone.om.KeyManagerImpl.listStatus(KeyManagerImpl.java:1505) ~[ozone-manager-1.4.0-SNAPSHOT.jar:?]
	at org.apache.hadoop.ozone.om.OmMetadataReader.listStatus(OmMetadataReader.java:235) ~[ozone-manager-1.4.0-SNAPSHOT.jar:?]
	at org.apache.hadoop.ozone.om.OzoneManager.listStatus(OzoneManager.java:3543) ~[ozone-manager-1.4.0-SNAPSHOT.jar:?]
	at org.apache.hadoop.ozone.protocolPB.OzoneManagerRequestHandler.listStatus(OzoneManagerRequestHandler.java:1145) ~[ozone-manager-1.4.0-SNAPSHOT.jar:?]
	at org.apache.hadoop.ozone.protocolPB.OzoneManagerRequestHandler.handleReadRequest(OzoneManagerRequestHandler.java:263) ~[ozone-manager-1.4.0-SNAPSHOT.jar:?]
	at org.apache.hadoop.ozone.protocolPB.OzoneManagerProtocolServerSideTranslatorPB.submitRequestDirectlyToOM(OzoneManagerProtocolServerSideTranslatorPB.java:274) ~[ozone-manager-1.4.0-SNAPSHOT.jar:?]
	at org.apache.hadoop.ozone.protocolPB.OzoneManagerProtocolServerSideTranslatorPB.processRequest(OzoneManagerProtocolServerSideTranslatorPB.java:175) ~[ozone-manager-1.4.0-SNAPSHOT.jar:?]
	at org.apache.hadoop.hdds.server.OzoneProtocolMessageDispatcher.processRequest(OzoneProtocolMessageDispatcher.java:87) [hdds-server-framework-1.4.0-SNAPSHOT.jar:?]
	at org.apache.hadoop.ozone.protocolPB.OzoneManagerProtocolServerSideTranslatorPB.submitRequest(OzoneManagerProtocolServerSideTranslatorPB.java:148) [ozone-manager-1.4.0-SNAPSHOT.jar:?]
	at org.apache.hadoop.ozone.protocol.proto.OzoneManagerProtocolProtos$OzoneManagerService$2.callBlockingMethod(OzoneManagerProtocolProtos.java) [ozone-interface-client-1.4.0-SNAPSHOT.jar:?]
	at org.apache.hadoop.ipc.ProtobufRpcEngine$Server.processCall(ProtobufRpcEngine.java:484) [hadoop-common-3.3.6.jar:?]
	at org.apache.hadoop.ipc.ProtobufRpcEngine2$Server$ProtoBufRpcInvoker.call(ProtobufRpcEngine2.java:595) [hadoop-common-3.3.6.jar:?]
	at org.apache.hadoop.ipc.ProtobufRpcEngine2$Server$ProtoBufRpcInvoker.call(ProtobufRpcEngine2.java:573) [hadoop-common-3.3.6.jar:?]
	at org.apache.hadoop.ipc.RPC$Server.call(RPC.java:1227) [hadoop-common-3.3.6.jar:?]
	at org.apache.hadoop.ipc.Server$RpcCall.run(Server.java:1094) [hadoop-common-3.3.6.jar:?]
	at org.apache.hadoop.ipc.Server$RpcCall.run(Server.java:1017) [hadoop-common-3.3.6.jar:?]
	at java.security.AccessController.doPrivileged(Native Method) ~[?:1.8.0_382]
	at javax.security.auth.Subject.doAs(Subject.java:422) [?:1.8.0_382]
	at org.apache.hadoop.security.UserGroupInformation.doAs(UserGroupInformation.java:1899) [hadoop-common-3.3.6.jar:?]
	at org.apache.hadoop.ipc.Server$Handler.run(Server.java:3048) [hadoop-common-3.3.6.jar:?]
11:38:01.075 [IPC Server handler 18 on default port 15163] ERROR OMAudit - user=runner | ip=127.0.0.1 | op=LIST_STATUS {volume=volume45503, bucket=bucket29530, key=root_dir/file2, dataSize=0, replicationConfig=null} | ret=FAILURE
org.apache.hadoop.ozone.om.exceptions.OMException: Unable to get file status: volume: volume45503 bucket: bucket29530 key: root_dir/file2
	at org.apache.hadoop.ozone.om.KeyManagerImpl.getOzoneFileStatus(KeyManagerImpl.java:1195) ~[ozone-manager-1.4.0-SNAPSHOT.jar:?]
	at org.apache.hadoop.ozone.om.KeyManagerImpl.getFileStatus(KeyManagerImpl.java:1113) ~[ozone-manager-1.4.0-SNAPSHOT.jar:?]
	at org.apache.hadoop.ozone.om.KeyManagerImpl.listStatus(KeyManagerImpl.java:1505) ~[ozone-manager-1.4.0-SNAPSHOT.jar:?]
	at org.apache.hadoop.ozone.om.OmMetadataReader.listStatus(OmMetadataReader.java:235) ~[ozone-manager-1.4.0-SNAPSHOT.jar:?]
	at org.apache.hadoop.ozone.om.OzoneManager.listStatus(OzoneManager.java:3543) ~[ozone-manager-1.4.0-SNAPSHOT.jar:?]
	at org.apache.hadoop.ozone.protocolPB.OzoneManagerRequestHandler.listStatus(OzoneManagerRequestHandler.java:1145) ~[ozone-manager-1.4.0-SNAPSHOT.jar:?]
	at org.apache.hadoop.ozone.protocolPB.OzoneManagerRequestHandler.handleReadRequest(OzoneManagerRequestHandler.java:263) ~[ozone-manager-1.4.0-SNAPSHOT.jar:?]
	at org.apache.hadoop.ozone.protocolPB.OzoneManagerProtocolServerSideTranslatorPB.submitRequestDirectlyToOM(OzoneManagerProtocolServerSideTranslatorPB.java:274) ~[ozone-manager-1.4.0-SNAPSHOT.jar:?]
	at org.apache.hadoop.ozone.protocolPB.OzoneManagerProtocolServerSideTranslatorPB.processRequest(OzoneManagerProtocolServerSideTranslatorPB.java:175) ~[ozone-manager-1.4.0-SNAPSHOT.jar:?]
	at org.apache.hadoop.hdds.server.OzoneProtocolMessageDispatcher.processRequest(OzoneProtocolMessageDispatcher.java:87) [hdds-server-framework-1.4.0-SNAPSHOT.jar:?]
	at org.apache.hadoop.ozone.protocolPB.OzoneManagerProtocolServerSideTranslatorPB.submitRequest(OzoneManagerProtocolServerSideTranslatorPB.java:148) [ozone-manager-1.4.0-SNAPSHOT.jar:?]
	at org.apache.hadoop.ozone.protocol.proto.OzoneManagerProtocolProtos$OzoneManagerService$2.callBlockingMethod(OzoneManagerProtocolProtos.java) [ozone-interface-client-1.4.0-SNAPSHOT.jar:?]
	at org.apache.hadoop.ipc.ProtobufRpcEngine$Server.processCall(ProtobufRpcEngine.java:484) [hadoop-common-3.3.6.jar:?]
	at org.apache.hadoop.ipc.ProtobufRpcEngine2$Server$ProtoBufRpcInvoker.call(ProtobufRpcEngine2.java:595) [hadoop-common-3.3.6.jar:?]
	at org.apache.hadoop.ipc.ProtobufRpcEngine2$Server$ProtoBufRpcInvoker.call(ProtobufRpcEngine2.java:573) [hadoop-common-3.3.6.jar:?]
	at org.apache.hadoop.ipc.RPC$Server.call(RPC.java:1227) [hadoop-common-3.3.6.jar:?]
	at org.apache.hadoop.ipc.Server$RpcCall.run(Server.java:1094) [hadoop-common-3.3.6.jar:?]
	at org.apache.hadoop.ipc.Server$RpcCall.run(Server.java:1017) [hadoop-common-3.3.6.jar:?]
	at java.security.AccessController.doPrivileged(Native Method) ~[?:1.8.0_382]
	at javax.security.auth.Subject.doAs(Subject.java:422) [?:1.8.0_382]
	at org.apache.hadoop.security.UserGroupInformation.doAs(UserGroupInformation.java:1899) [hadoop-common-3.3.6.jar:?]
	at org.apache.hadoop.ipc.Server$Handler.run(Server.java:3048) [hadoop-common-3.3.6.jar:?]
]]></system-out>
  </testcase>
  <testcase name="testListStatusOnSubDirs" classname="TestOzoneFileSystem" time="0.135"/>
  <testcase name="testListStatusOnSubDirs" classname="TestOzoneFileSystem" time="0.035"/>
  <testcase name="testListStatusOnSubDirs" classname="TestOzoneFileSystem" time="0.038"/>
  <testcase name="testListStatusOnSubDirs" classname="TestOzoneFileSystem" time="0.021"/>
  <testcase name="testListStatus" classname="TestOzoneFileSystem" time="0.113"/>
  <testcase name="testListStatus" classname="TestOzoneFileSystem" time="0.043"/>
  <testcase name="testListStatus" classname="TestOzoneFileSystem" time="0.055">
    <failure type="java.lang.AssertionError"><![CDATA[java.lang.AssertionError: Delete root failed! expected:<0> but was:<1>
	at org.junit.Assert.fail(Assert.java:89)
	at org.junit.Assert.failNotEquals(Assert.java:835)
	at org.junit.Assert.assertEquals(Assert.java:647)
	at org.apache.hadoop.fs.ozone.TestOzoneFileSystem.deleteRootDir(TestOzoneFileSystem.java:807)
	at org.apache.hadoop.fs.ozone.TestOzoneFileSystem.cleanup(TestOzoneFileSystem.java:230)
	at sun.reflect.GeneratedMethodAccessor47.invoke(Unknown Source)
	at sun.reflect.DelegatingMethodAccessorImpl.invoke(DelegatingMethodAccessorImpl.java:43)
	at java.lang.reflect.Method.invoke(Method.java:498)
	at org.junit.runners.model.FrameworkMethod$1.runReflectiveCall(FrameworkMethod.java:59)
	at org.junit.internal.runners.model.ReflectiveCallable.run(ReflectiveCallable.java:12)
	at org.junit.runners.model.FrameworkMethod.invokeExplosively(FrameworkMethod.java:56)
	at org.junit.internal.runners.statements.RunAfters.invokeMethod(RunAfters.java:46)
	at org.junit.internal.runners.statements.RunAfters.evaluate(RunAfters.java:33)
	at org.junit.internal.runners.statements.FailOnTimeout$CallableStatement.call(FailOnTimeout.java:288)
	at org.junit.internal.runners.statements.FailOnTimeout$CallableStatement.call(FailOnTimeout.java:282)
	at java.util.concurrent.FutureTask.run(FutureTask.java:266)
	at java.lang.Thread.run(Thread.java:750)
]]></failure>
  </testcase>
  <testcase name="testListStatus" classname="TestOzoneFileSystem" time="0.03"/>
  <testcase name="testRecursiveDelete" classname="TestOzoneFileSystem" time="0.59">
    <system-out><![CDATA[11:33:06.157 [IPC Server handler 10 on default port 15004] ERROR OMAudit - user=runner | ip=127.0.0.1 | op=GET_FILE_STATUS {volume=volume54121, bucket=bucket59518, key=gdir1, dataSize=0, replicationConfig=null} | ret=FAILURE
org.apache.hadoop.ozone.om.exceptions.OMException: Unable to get file status: volume: volume54121 bucket: bucket59518 key: gdir1
	at org.apache.hadoop.ozone.om.KeyManagerImpl.getOzoneFileStatus(KeyManagerImpl.java:1195) ~[ozone-manager-1.4.0-SNAPSHOT.jar:?]
	at org.apache.hadoop.ozone.om.KeyManagerImpl.getFileStatus(KeyManagerImpl.java:1113) ~[ozone-manager-1.4.0-SNAPSHOT.jar:?]
	at org.apache.hadoop.ozone.om.OmMetadataReader.getFileStatus(OmMetadataReader.java:262) ~[ozone-manager-1.4.0-SNAPSHOT.jar:?]
	at org.apache.hadoop.ozone.om.OzoneManager.getFileStatus(OzoneManager.java:3513) ~[ozone-manager-1.4.0-SNAPSHOT.jar:?]
	at org.apache.hadoop.ozone.protocolPB.OzoneManagerRequestHandler.getOzoneFileStatus(OzoneManagerRequestHandler.java:973) ~[ozone-manager-1.4.0-SNAPSHOT.jar:?]
	at org.apache.hadoop.ozone.protocolPB.OzoneManagerRequestHandler.handleReadRequest(OzoneManagerRequestHandler.java:252) ~[ozone-manager-1.4.0-SNAPSHOT.jar:?]
	at org.apache.hadoop.ozone.protocolPB.OzoneManagerProtocolServerSideTranslatorPB.submitReadRequestToOM(OzoneManagerProtocolServerSideTranslatorPB.java:225) ~[ozone-manager-1.4.0-SNAPSHOT.jar:?]
	at org.apache.hadoop.ozone.protocolPB.OzoneManagerProtocolServerSideTranslatorPB.processRequest(OzoneManagerProtocolServerSideTranslatorPB.java:179) ~[ozone-manager-1.4.0-SNAPSHOT.jar:?]
	at org.apache.hadoop.hdds.server.OzoneProtocolMessageDispatcher.processRequest(OzoneProtocolMessageDispatcher.java:87) [hdds-server-framework-1.4.0-SNAPSHOT.jar:?]
	at org.apache.hadoop.ozone.protocolPB.OzoneManagerProtocolServerSideTranslatorPB.submitRequest(OzoneManagerProtocolServerSideTranslatorPB.java:148) [ozone-manager-1.4.0-SNAPSHOT.jar:?]
	at org.apache.hadoop.ozone.protocol.proto.OzoneManagerProtocolProtos$OzoneManagerService$2.callBlockingMethod(OzoneManagerProtocolProtos.java) [ozone-interface-client-1.4.0-SNAPSHOT.jar:?]
	at org.apache.hadoop.ipc.ProtobufRpcEngine$Server.processCall(ProtobufRpcEngine.java:484) [hadoop-common-3.3.6.jar:?]
	at org.apache.hadoop.ipc.ProtobufRpcEngine2$Server$ProtoBufRpcInvoker.call(ProtobufRpcEngine2.java:595) [hadoop-common-3.3.6.jar:?]
	at org.apache.hadoop.ipc.ProtobufRpcEngine2$Server$ProtoBufRpcInvoker.call(ProtobufRpcEngine2.java:573) [hadoop-common-3.3.6.jar:?]
	at org.apache.hadoop.ipc.RPC$Server.call(RPC.java:1227) [hadoop-common-3.3.6.jar:?]
	at org.apache.hadoop.ipc.Server$RpcCall.run(Server.java:1094) [hadoop-common-3.3.6.jar:?]
	at org.apache.hadoop.ipc.Server$RpcCall.run(Server.java:1017) [hadoop-common-3.3.6.jar:?]
	at java.security.AccessController.doPrivileged(Native Method) ~[?:1.8.0_382]
	at javax.security.auth.Subject.doAs(Subject.java:422) [?:1.8.0_382]
	at org.apache.hadoop.security.UserGroupInformation.doAs(UserGroupInformation.java:1899) [hadoop-common-3.3.6.jar:?]
	at org.apache.hadoop.ipc.Server$Handler.run(Server.java:3048) [hadoop-common-3.3.6.jar:?]
11:33:06.160 [IPC Server handler 13 on default port 15004] ERROR OMAudit - user=runner | ip=127.0.0.1 | op=GET_FILE_STATUS {volume=volume54121, bucket=bucket59518, key=gdir1/dir1, dataSize=0, replicationConfig=null} | ret=FAILURE
org.apache.hadoop.ozone.om.exceptions.OMException: Unable to get file status: volume: volume54121 bucket: bucket59518 key: gdir1/dir1
	at org.apache.hadoop.ozone.om.KeyManagerImpl.getOzoneFileStatus(KeyManagerImpl.java:1195) ~[ozone-manager-1.4.0-SNAPSHOT.jar:?]
	at org.apache.hadoop.ozone.om.KeyManagerImpl.getFileStatus(KeyManagerImpl.java:1113) ~[ozone-manager-1.4.0-SNAPSHOT.jar:?]
	at org.apache.hadoop.ozone.om.OmMetadataReader.getFileStatus(OmMetadataReader.java:262) ~[ozone-manager-1.4.0-SNAPSHOT.jar:?]
	at org.apache.hadoop.ozone.om.OzoneManager.getFileStatus(OzoneManager.java:3513) ~[ozone-manager-1.4.0-SNAPSHOT.jar:?]
	at org.apache.hadoop.ozone.protocolPB.OzoneManagerRequestHandler.getOzoneFileStatus(OzoneManagerRequestHandler.java:973) ~[ozone-manager-1.4.0-SNAPSHOT.jar:?]
	at org.apache.hadoop.ozone.protocolPB.OzoneManagerRequestHandler.handleReadRequest(OzoneManagerRequestHandler.java:252) ~[ozone-manager-1.4.0-SNAPSHOT.jar:?]
	at org.apache.hadoop.ozone.protocolPB.OzoneManagerProtocolServerSideTranslatorPB.submitReadRequestToOM(OzoneManagerProtocolServerSideTranslatorPB.java:225) ~[ozone-manager-1.4.0-SNAPSHOT.jar:?]
	at org.apache.hadoop.ozone.protocolPB.OzoneManagerProtocolServerSideTranslatorPB.processRequest(OzoneManagerProtocolServerSideTranslatorPB.java:179) ~[ozone-manager-1.4.0-SNAPSHOT.jar:?]
	at org.apache.hadoop.hdds.server.OzoneProtocolMessageDispatcher.processRequest(OzoneProtocolMessageDispatcher.java:87) [hdds-server-framework-1.4.0-SNAPSHOT.jar:?]
	at org.apache.hadoop.ozone.protocolPB.OzoneManagerProtocolServerSideTranslatorPB.submitRequest(OzoneManagerProtocolServerSideTranslatorPB.java:148) [ozone-manager-1.4.0-SNAPSHOT.jar:?]
	at org.apache.hadoop.ozone.protocol.proto.OzoneManagerProtocolProtos$OzoneManagerService$2.callBlockingMethod(OzoneManagerProtocolProtos.java) [ozone-interface-client-1.4.0-SNAPSHOT.jar:?]
	at org.apache.hadoop.ipc.ProtobufRpcEngine$Server.processCall(ProtobufRpcEngine.java:484) [hadoop-common-3.3.6.jar:?]
	at org.apache.hadoop.ipc.ProtobufRpcEngine2$Server$ProtoBufRpcInvoker.call(ProtobufRpcEngine2.java:595) [hadoop-common-3.3.6.jar:?]
	at org.apache.hadoop.ipc.ProtobufRpcEngine2$Server$ProtoBufRpcInvoker.call(ProtobufRpcEngine2.java:573) [hadoop-common-3.3.6.jar:?]
	at org.apache.hadoop.ipc.RPC$Server.call(RPC.java:1227) [hadoop-common-3.3.6.jar:?]
	at org.apache.hadoop.ipc.Server$RpcCall.run(Server.java:1094) [hadoop-common-3.3.6.jar:?]
	at org.apache.hadoop.ipc.Server$RpcCall.run(Server.java:1017) [hadoop-common-3.3.6.jar:?]
	at java.security.AccessController.doPrivileged(Native Method) ~[?:1.8.0_382]
	at javax.security.auth.Subject.doAs(Subject.java:422) [?:1.8.0_382]
	at org.apache.hadoop.security.UserGroupInformation.doAs(UserGroupInformation.java:1899) [hadoop-common-3.3.6.jar:?]
	at org.apache.hadoop.ipc.Server$Handler.run(Server.java:3048) [hadoop-common-3.3.6.jar:?]
11:33:06.162 [IPC Server handler 0 on default port 15004] ERROR OMAudit - user=runner | ip=127.0.0.1 | op=GET_FILE_STATUS {volume=volume54121, bucket=bucket59518, key=gdir1/dir1/child, dataSize=0, replicationConfig=null} | ret=FAILURE
org.apache.hadoop.ozone.om.exceptions.OMException: Unable to get file status: volume: volume54121 bucket: bucket59518 key: gdir1/dir1/child
	at org.apache.hadoop.ozone.om.KeyManagerImpl.getOzoneFileStatus(KeyManagerImpl.java:1195) ~[ozone-manager-1.4.0-SNAPSHOT.jar:?]
	at org.apache.hadoop.ozone.om.KeyManagerImpl.getFileStatus(KeyManagerImpl.java:1113) ~[ozone-manager-1.4.0-SNAPSHOT.jar:?]
	at org.apache.hadoop.ozone.om.OmMetadataReader.getFileStatus(OmMetadataReader.java:262) ~[ozone-manager-1.4.0-SNAPSHOT.jar:?]
	at org.apache.hadoop.ozone.om.OzoneManager.getFileStatus(OzoneManager.java:3513) ~[ozone-manager-1.4.0-SNAPSHOT.jar:?]
	at org.apache.hadoop.ozone.protocolPB.OzoneManagerRequestHandler.getOzoneFileStatus(OzoneManagerRequestHandler.java:973) ~[ozone-manager-1.4.0-SNAPSHOT.jar:?]
	at org.apache.hadoop.ozone.protocolPB.OzoneManagerRequestHandler.handleReadRequest(OzoneManagerRequestHandler.java:252) ~[ozone-manager-1.4.0-SNAPSHOT.jar:?]
	at org.apache.hadoop.ozone.protocolPB.OzoneManagerProtocolServerSideTranslatorPB.submitReadRequestToOM(OzoneManagerProtocolServerSideTranslatorPB.java:225) ~[ozone-manager-1.4.0-SNAPSHOT.jar:?]
	at org.apache.hadoop.ozone.protocolPB.OzoneManagerProtocolServerSideTranslatorPB.processRequest(OzoneManagerProtocolServerSideTranslatorPB.java:179) ~[ozone-manager-1.4.0-SNAPSHOT.jar:?]
	at org.apache.hadoop.hdds.server.OzoneProtocolMessageDispatcher.processRequest(OzoneProtocolMessageDispatcher.java:87) [hdds-server-framework-1.4.0-SNAPSHOT.jar:?]
	at org.apache.hadoop.ozone.protocolPB.OzoneManagerProtocolServerSideTranslatorPB.submitRequest(OzoneManagerProtocolServerSideTranslatorPB.java:148) [ozone-manager-1.4.0-SNAPSHOT.jar:?]
	at org.apache.hadoop.ozone.protocol.proto.OzoneManagerProtocolProtos$OzoneManagerService$2.callBlockingMethod(OzoneManagerProtocolProtos.java) [ozone-interface-client-1.4.0-SNAPSHOT.jar:?]
	at org.apache.hadoop.ipc.ProtobufRpcEngine$Server.processCall(ProtobufRpcEngine.java:484) [hadoop-common-3.3.6.jar:?]
	at org.apache.hadoop.ipc.ProtobufRpcEngine2$Server$ProtoBufRpcInvoker.call(ProtobufRpcEngine2.java:595) [hadoop-common-3.3.6.jar:?]
	at org.apache.hadoop.ipc.ProtobufRpcEngine2$Server$ProtoBufRpcInvoker.call(ProtobufRpcEngine2.java:573) [hadoop-common-3.3.6.jar:?]
	at org.apache.hadoop.ipc.RPC$Server.call(RPC.java:1227) [hadoop-common-3.3.6.jar:?]
	at org.apache.hadoop.ipc.Server$RpcCall.run(Server.java:1094) [hadoop-common-3.3.6.jar:?]
	at org.apache.hadoop.ipc.Server$RpcCall.run(Server.java:1017) [hadoop-common-3.3.6.jar:?]
	at java.security.AccessController.doPrivileged(Native Method) ~[?:1.8.0_382]
	at javax.security.auth.Subject.doAs(Subject.java:422) [?:1.8.0_382]
	at org.apache.hadoop.security.UserGroupInformation.doAs(UserGroupInformation.java:1899) [hadoop-common-3.3.6.jar:?]
	at org.apache.hadoop.ipc.Server$Handler.run(Server.java:3048) [hadoop-common-3.3.6.jar:?]
11:33:06.165 [IPC Server handler 2 on default port 15004] ERROR OMAudit - user=runner | ip=127.0.0.1 | op=GET_FILE_STATUS {volume=volume54121, bucket=bucket59518, key=gdir1/dir2, dataSize=0, replicationConfig=null} | ret=FAILURE
org.apache.hadoop.ozone.om.exceptions.OMException: Unable to get file status: volume: volume54121 bucket: bucket59518 key: gdir1/dir2
	at org.apache.hadoop.ozone.om.KeyManagerImpl.getOzoneFileStatus(KeyManagerImpl.java:1195) ~[ozone-manager-1.4.0-SNAPSHOT.jar:?]
	at org.apache.hadoop.ozone.om.KeyManagerImpl.getFileStatus(KeyManagerImpl.java:1113) ~[ozone-manager-1.4.0-SNAPSHOT.jar:?]
	at org.apache.hadoop.ozone.om.OmMetadataReader.getFileStatus(OmMetadataReader.java:262) ~[ozone-manager-1.4.0-SNAPSHOT.jar:?]
	at org.apache.hadoop.ozone.om.OzoneManager.getFileStatus(OzoneManager.java:3513) ~[ozone-manager-1.4.0-SNAPSHOT.jar:?]
	at org.apache.hadoop.ozone.protocolPB.OzoneManagerRequestHandler.getOzoneFileStatus(OzoneManagerRequestHandler.java:973) ~[ozone-manager-1.4.0-SNAPSHOT.jar:?]
	at org.apache.hadoop.ozone.protocolPB.OzoneManagerRequestHandler.handleReadRequest(OzoneManagerRequestHandler.java:252) ~[ozone-manager-1.4.0-SNAPSHOT.jar:?]
	at org.apache.hadoop.ozone.protocolPB.OzoneManagerProtocolServerSideTranslatorPB.submitReadRequestToOM(OzoneManagerProtocolServerSideTranslatorPB.java:225) ~[ozone-manager-1.4.0-SNAPSHOT.jar:?]
	at org.apache.hadoop.ozone.protocolPB.OzoneManagerProtocolServerSideTranslatorPB.processRequest(OzoneManagerProtocolServerSideTranslatorPB.java:179) ~[ozone-manager-1.4.0-SNAPSHOT.jar:?]
	at org.apache.hadoop.hdds.server.OzoneProtocolMessageDispatcher.processRequest(OzoneProtocolMessageDispatcher.java:87) [hdds-server-framework-1.4.0-SNAPSHOT.jar:?]
	at org.apache.hadoop.ozone.protocolPB.OzoneManagerProtocolServerSideTranslatorPB.submitRequest(OzoneManagerProtocolServerSideTranslatorPB.java:148) [ozone-manager-1.4.0-SNAPSHOT.jar:?]
	at org.apache.hadoop.ozone.protocol.proto.OzoneManagerProtocolProtos$OzoneManagerService$2.callBlockingMethod(OzoneManagerProtocolProtos.java) [ozone-interface-client-1.4.0-SNAPSHOT.jar:?]
	at org.apache.hadoop.ipc.ProtobufRpcEngine$Server.processCall(ProtobufRpcEngine.java:484) [hadoop-common-3.3.6.jar:?]
	at org.apache.hadoop.ipc.ProtobufRpcEngine2$Server$ProtoBufRpcInvoker.call(ProtobufRpcEngine2.java:595) [hadoop-common-3.3.6.jar:?]
	at org.apache.hadoop.ipc.ProtobufRpcEngine2$Server$ProtoBufRpcInvoker.call(ProtobufRpcEngine2.java:573) [hadoop-common-3.3.6.jar:?]
	at org.apache.hadoop.ipc.RPC$Server.call(RPC.java:1227) [hadoop-common-3.3.6.jar:?]
	at org.apache.hadoop.ipc.Server$RpcCall.run(Server.java:1094) [hadoop-common-3.3.6.jar:?]
	at org.apache.hadoop.ipc.Server$RpcCall.run(Server.java:1017) [hadoop-common-3.3.6.jar:?]
	at java.security.AccessController.doPrivileged(Native Method) ~[?:1.8.0_382]
	at javax.security.auth.Subject.doAs(Subject.java:422) [?:1.8.0_382]
	at org.apache.hadoop.security.UserGroupInformation.doAs(UserGroupInformation.java:1899) [hadoop-common-3.3.6.jar:?]
	at org.apache.hadoop.ipc.Server$Handler.run(Server.java:3048) [hadoop-common-3.3.6.jar:?]
11:33:06.167 [IPC Server handler 7 on default port 15004] ERROR OMAudit - user=runner | ip=127.0.0.1 | op=GET_FILE_STATUS {volume=volume54121, bucket=bucket59518, key=gdir1/dir2/child, dataSize=0, replicationConfig=null} | ret=FAILURE
org.apache.hadoop.ozone.om.exceptions.OMException: Unable to get file status: volume: volume54121 bucket: bucket59518 key: gdir1/dir2/child
	at org.apache.hadoop.ozone.om.KeyManagerImpl.getOzoneFileStatus(KeyManagerImpl.java:1195) ~[ozone-manager-1.4.0-SNAPSHOT.jar:?]
	at org.apache.hadoop.ozone.om.KeyManagerImpl.getFileStatus(KeyManagerImpl.java:1113) ~[ozone-manager-1.4.0-SNAPSHOT.jar:?]
	at org.apache.hadoop.ozone.om.OmMetadataReader.getFileStatus(OmMetadataReader.java:262) ~[ozone-manager-1.4.0-SNAPSHOT.jar:?]
	at org.apache.hadoop.ozone.om.OzoneManager.getFileStatus(OzoneManager.java:3513) ~[ozone-manager-1.4.0-SNAPSHOT.jar:?]
	at org.apache.hadoop.ozone.protocolPB.OzoneManagerRequestHandler.getOzoneFileStatus(OzoneManagerRequestHandler.java:973) ~[ozone-manager-1.4.0-SNAPSHOT.jar:?]
	at org.apache.hadoop.ozone.protocolPB.OzoneManagerRequestHandler.handleReadRequest(OzoneManagerRequestHandler.java:252) ~[ozone-manager-1.4.0-SNAPSHOT.jar:?]
	at org.apache.hadoop.ozone.protocolPB.OzoneManagerProtocolServerSideTranslatorPB.submitReadRequestToOM(OzoneManagerProtocolServerSideTranslatorPB.java:225) ~[ozone-manager-1.4.0-SNAPSHOT.jar:?]
	at org.apache.hadoop.ozone.protocolPB.OzoneManagerProtocolServerSideTranslatorPB.processRequest(OzoneManagerProtocolServerSideTranslatorPB.java:179) ~[ozone-manager-1.4.0-SNAPSHOT.jar:?]
	at org.apache.hadoop.hdds.server.OzoneProtocolMessageDispatcher.processRequest(OzoneProtocolMessageDispatcher.java:87) [hdds-server-framework-1.4.0-SNAPSHOT.jar:?]
	at org.apache.hadoop.ozone.protocolPB.OzoneManagerProtocolServerSideTranslatorPB.submitRequest(OzoneManagerProtocolServerSideTranslatorPB.java:148) [ozone-manager-1.4.0-SNAPSHOT.jar:?]
	at org.apache.hadoop.ozone.protocol.proto.OzoneManagerProtocolProtos$OzoneManagerService$2.callBlockingMethod(OzoneManagerProtocolProtos.java) [ozone-interface-client-1.4.0-SNAPSHOT.jar:?]
	at org.apache.hadoop.ipc.ProtobufRpcEngine$Server.processCall(ProtobufRpcEngine.java:484) [hadoop-common-3.3.6.jar:?]
	at org.apache.hadoop.ipc.ProtobufRpcEngine2$Server$ProtoBufRpcInvoker.call(ProtobufRpcEngine2.java:595) [hadoop-common-3.3.6.jar:?]
	at org.apache.hadoop.ipc.ProtobufRpcEngine2$Server$ProtoBufRpcInvoker.call(ProtobufRpcEngine2.java:573) [hadoop-common-3.3.6.jar:?]
	at org.apache.hadoop.ipc.RPC$Server.call(RPC.java:1227) [hadoop-common-3.3.6.jar:?]
	at org.apache.hadoop.ipc.Server$RpcCall.run(Server.java:1094) [hadoop-common-3.3.6.jar:?]
	at org.apache.hadoop.ipc.Server$RpcCall.run(Server.java:1017) [hadoop-common-3.3.6.jar:?]
	at java.security.AccessController.doPrivileged(Native Method) ~[?:1.8.0_382]
	at javax.security.auth.Subject.doAs(Subject.java:422) [?:1.8.0_382]
	at org.apache.hadoop.security.UserGroupInformation.doAs(UserGroupInformation.java:1899) [hadoop-common-3.3.6.jar:?]
	at org.apache.hadoop.ipc.Server$Handler.run(Server.java:3048) [hadoop-common-3.3.6.jar:?]
11:33:06.169 [IPC Server handler 4 on default port 15004] ERROR OMAudit - user=runner | ip=127.0.0.1 | op=GET_FILE_STATUS {volume=volume54121, bucket=bucket59518, key=gdir1/dir3, dataSize=0, replicationConfig=null} | ret=FAILURE
org.apache.hadoop.ozone.om.exceptions.OMException: Unable to get file status: volume: volume54121 bucket: bucket59518 key: gdir1/dir3
	at org.apache.hadoop.ozone.om.KeyManagerImpl.getOzoneFileStatus(KeyManagerImpl.java:1195) ~[ozone-manager-1.4.0-SNAPSHOT.jar:?]
	at org.apache.hadoop.ozone.om.KeyManagerImpl.getFileStatus(KeyManagerImpl.java:1113) ~[ozone-manager-1.4.0-SNAPSHOT.jar:?]
	at org.apache.hadoop.ozone.om.OmMetadataReader.getFileStatus(OmMetadataReader.java:262) ~[ozone-manager-1.4.0-SNAPSHOT.jar:?]
	at org.apache.hadoop.ozone.om.OzoneManager.getFileStatus(OzoneManager.java:3513) ~[ozone-manager-1.4.0-SNAPSHOT.jar:?]
	at org.apache.hadoop.ozone.protocolPB.OzoneManagerRequestHandler.getOzoneFileStatus(OzoneManagerRequestHandler.java:973) ~[ozone-manager-1.4.0-SNAPSHOT.jar:?]
	at org.apache.hadoop.ozone.protocolPB.OzoneManagerRequestHandler.handleReadRequest(OzoneManagerRequestHandler.java:252) ~[ozone-manager-1.4.0-SNAPSHOT.jar:?]
	at org.apache.hadoop.ozone.protocolPB.OzoneManagerProtocolServerSideTranslatorPB.submitReadRequestToOM(OzoneManagerProtocolServerSideTranslatorPB.java:225) ~[ozone-manager-1.4.0-SNAPSHOT.jar:?]
	at org.apache.hadoop.ozone.protocolPB.OzoneManagerProtocolServerSideTranslatorPB.processRequest(OzoneManagerProtocolServerSideTranslatorPB.java:179) ~[ozone-manager-1.4.0-SNAPSHOT.jar:?]
	at org.apache.hadoop.hdds.server.OzoneProtocolMessageDispatcher.processRequest(OzoneProtocolMessageDispatcher.java:87) [hdds-server-framework-1.4.0-SNAPSHOT.jar:?]
	at org.apache.hadoop.ozone.protocolPB.OzoneManagerProtocolServerSideTranslatorPB.submitRequest(OzoneManagerProtocolServerSideTranslatorPB.java:148) [ozone-manager-1.4.0-SNAPSHOT.jar:?]
	at org.apache.hadoop.ozone.protocol.proto.OzoneManagerProtocolProtos$OzoneManagerService$2.callBlockingMethod(OzoneManagerProtocolProtos.java) [ozone-interface-client-1.4.0-SNAPSHOT.jar:?]
	at org.apache.hadoop.ipc.ProtobufRpcEngine$Server.processCall(ProtobufRpcEngine.java:484) [hadoop-common-3.3.6.jar:?]
	at org.apache.hadoop.ipc.ProtobufRpcEngine2$Server$ProtoBufRpcInvoker.call(ProtobufRpcEngine2.java:595) [hadoop-common-3.3.6.jar:?]
	at org.apache.hadoop.ipc.ProtobufRpcEngine2$Server$ProtoBufRpcInvoker.call(ProtobufRpcEngine2.java:573) [hadoop-common-3.3.6.jar:?]
	at org.apache.hadoop.ipc.RPC$Server.call(RPC.java:1227) [hadoop-common-3.3.6.jar:?]
	at org.apache.hadoop.ipc.Server$RpcCall.run(Server.java:1094) [hadoop-common-3.3.6.jar:?]
	at org.apache.hadoop.ipc.Server$RpcCall.run(Server.java:1017) [hadoop-common-3.3.6.jar:?]
	at java.security.AccessController.doPrivileged(Native Method) ~[?:1.8.0_382]
	at javax.security.auth.Subject.doAs(Subject.java:422) [?:1.8.0_382]
	at org.apache.hadoop.security.UserGroupInformation.doAs(UserGroupInformation.java:1899) [hadoop-common-3.3.6.jar:?]
	at org.apache.hadoop.ipc.Server$Handler.run(Server.java:3048) [hadoop-common-3.3.6.jar:?]
11:33:06.171 [IPC Server handler 6 on default port 15004] ERROR OMAudit - user=runner | ip=127.0.0.1 | op=GET_FILE_STATUS {volume=volume54121, bucket=bucket59518, key=gdir1/dir3/child, dataSize=0, replicationConfig=null} | ret=FAILURE
org.apache.hadoop.ozone.om.exceptions.OMException: Unable to get file status: volume: volume54121 bucket: bucket59518 key: gdir1/dir3/child
	at org.apache.hadoop.ozone.om.KeyManagerImpl.getOzoneFileStatus(KeyManagerImpl.java:1195) ~[ozone-manager-1.4.0-SNAPSHOT.jar:?]
	at org.apache.hadoop.ozone.om.KeyManagerImpl.getFileStatus(KeyManagerImpl.java:1113) ~[ozone-manager-1.4.0-SNAPSHOT.jar:?]
	at org.apache.hadoop.ozone.om.OmMetadataReader.getFileStatus(OmMetadataReader.java:262) ~[ozone-manager-1.4.0-SNAPSHOT.jar:?]
	at org.apache.hadoop.ozone.om.OzoneManager.getFileStatus(OzoneManager.java:3513) ~[ozone-manager-1.4.0-SNAPSHOT.jar:?]
	at org.apache.hadoop.ozone.protocolPB.OzoneManagerRequestHandler.getOzoneFileStatus(OzoneManagerRequestHandler.java:973) ~[ozone-manager-1.4.0-SNAPSHOT.jar:?]
	at org.apache.hadoop.ozone.protocolPB.OzoneManagerRequestHandler.handleReadRequest(OzoneManagerRequestHandler.java:252) ~[ozone-manager-1.4.0-SNAPSHOT.jar:?]
	at org.apache.hadoop.ozone.protocolPB.OzoneManagerProtocolServerSideTranslatorPB.submitReadRequestToOM(OzoneManagerProtocolServerSideTranslatorPB.java:225) ~[ozone-manager-1.4.0-SNAPSHOT.jar:?]
	at org.apache.hadoop.ozone.protocolPB.OzoneManagerProtocolServerSideTranslatorPB.processRequest(OzoneManagerProtocolServerSideTranslatorPB.java:179) ~[ozone-manager-1.4.0-SNAPSHOT.jar:?]
	at org.apache.hadoop.hdds.server.OzoneProtocolMessageDispatcher.processRequest(OzoneProtocolMessageDispatcher.java:87) [hdds-server-framework-1.4.0-SNAPSHOT.jar:?]
	at org.apache.hadoop.ozone.protocolPB.OzoneManagerProtocolServerSideTranslatorPB.submitRequest(OzoneManagerProtocolServerSideTranslatorPB.java:148) [ozone-manager-1.4.0-SNAPSHOT.jar:?]
	at org.apache.hadoop.ozone.protocol.proto.OzoneManagerProtocolProtos$OzoneManagerService$2.callBlockingMethod(OzoneManagerProtocolProtos.java) [ozone-interface-client-1.4.0-SNAPSHOT.jar:?]
	at org.apache.hadoop.ipc.ProtobufRpcEngine$Server.processCall(ProtobufRpcEngine.java:484) [hadoop-common-3.3.6.jar:?]
	at org.apache.hadoop.ipc.ProtobufRpcEngine2$Server$ProtoBufRpcInvoker.call(ProtobufRpcEngine2.java:595) [hadoop-common-3.3.6.jar:?]
	at org.apache.hadoop.ipc.ProtobufRpcEngine2$Server$ProtoBufRpcInvoker.call(ProtobufRpcEngine2.java:573) [hadoop-common-3.3.6.jar:?]
	at org.apache.hadoop.ipc.RPC$Server.call(RPC.java:1227) [hadoop-common-3.3.6.jar:?]
	at org.apache.hadoop.ipc.Server$RpcCall.run(Server.java:1094) [hadoop-common-3.3.6.jar:?]
	at org.apache.hadoop.ipc.Server$RpcCall.run(Server.java:1017) [hadoop-common-3.3.6.jar:?]
	at java.security.AccessController.doPrivileged(Native Method) ~[?:1.8.0_382]
	at javax.security.auth.Subject.doAs(Subject.java:422) [?:1.8.0_382]
	at org.apache.hadoop.security.UserGroupInformation.doAs(UserGroupInformation.java:1899) [hadoop-common-3.3.6.jar:?]
	at org.apache.hadoop.ipc.Server$Handler.run(Server.java:3048) [hadoop-common-3.3.6.jar:?]
11:33:06.174 [IPC Server handler 12 on default port 15004] ERROR OMAudit - user=runner | ip=127.0.0.1 | op=GET_FILE_STATUS {volume=volume54121, bucket=bucket59518, key=gdir1/dir4, dataSize=0, replicationConfig=null} | ret=FAILURE
org.apache.hadoop.ozone.om.exceptions.OMException: Unable to get file status: volume: volume54121 bucket: bucket59518 key: gdir1/dir4
	at org.apache.hadoop.ozone.om.KeyManagerImpl.getOzoneFileStatus(KeyManagerImpl.java:1195) ~[ozone-manager-1.4.0-SNAPSHOT.jar:?]
	at org.apache.hadoop.ozone.om.KeyManagerImpl.getFileStatus(KeyManagerImpl.java:1113) ~[ozone-manager-1.4.0-SNAPSHOT.jar:?]
	at org.apache.hadoop.ozone.om.OmMetadataReader.getFileStatus(OmMetadataReader.java:262) ~[ozone-manager-1.4.0-SNAPSHOT.jar:?]
	at org.apache.hadoop.ozone.om.OzoneManager.getFileStatus(OzoneManager.java:3513) ~[ozone-manager-1.4.0-SNAPSHOT.jar:?]
	at org.apache.hadoop.ozone.protocolPB.OzoneManagerRequestHandler.getOzoneFileStatus(OzoneManagerRequestHandler.java:973) ~[ozone-manager-1.4.0-SNAPSHOT.jar:?]
	at org.apache.hadoop.ozone.protocolPB.OzoneManagerRequestHandler.handleReadRequest(OzoneManagerRequestHandler.java:252) ~[ozone-manager-1.4.0-SNAPSHOT.jar:?]
	at org.apache.hadoop.ozone.protocolPB.OzoneManagerProtocolServerSideTranslatorPB.submitReadRequestToOM(OzoneManagerProtocolServerSideTranslatorPB.java:225) ~[ozone-manager-1.4.0-SNAPSHOT.jar:?]
	at org.apache.hadoop.ozone.protocolPB.OzoneManagerProtocolServerSideTranslatorPB.processRequest(OzoneManagerProtocolServerSideTranslatorPB.java:179) ~[ozone-manager-1.4.0-SNAPSHOT.jar:?]
	at org.apache.hadoop.hdds.server.OzoneProtocolMessageDispatcher.processRequest(OzoneProtocolMessageDispatcher.java:87) [hdds-server-framework-1.4.0-SNAPSHOT.jar:?]
	at org.apache.hadoop.ozone.protocolPB.OzoneManagerProtocolServerSideTranslatorPB.submitRequest(OzoneManagerProtocolServerSideTranslatorPB.java:148) [ozone-manager-1.4.0-SNAPSHOT.jar:?]
	at org.apache.hadoop.ozone.protocol.proto.OzoneManagerProtocolProtos$OzoneManagerService$2.callBlockingMethod(OzoneManagerProtocolProtos.java) [ozone-interface-client-1.4.0-SNAPSHOT.jar:?]
	at org.apache.hadoop.ipc.ProtobufRpcEngine$Server.processCall(ProtobufRpcEngine.java:484) [hadoop-common-3.3.6.jar:?]
	at org.apache.hadoop.ipc.ProtobufRpcEngine2$Server$ProtoBufRpcInvoker.call(ProtobufRpcEngine2.java:595) [hadoop-common-3.3.6.jar:?]
	at org.apache.hadoop.ipc.ProtobufRpcEngine2$Server$ProtoBufRpcInvoker.call(ProtobufRpcEngine2.java:573) [hadoop-common-3.3.6.jar:?]
	at org.apache.hadoop.ipc.RPC$Server.call(RPC.java:1227) [hadoop-common-3.3.6.jar:?]
	at org.apache.hadoop.ipc.Server$RpcCall.run(Server.java:1094) [hadoop-common-3.3.6.jar:?]
	at org.apache.hadoop.ipc.Server$RpcCall.run(Server.java:1017) [hadoop-common-3.3.6.jar:?]
	at java.security.AccessController.doPrivileged(Native Method) ~[?:1.8.0_382]
	at javax.security.auth.Subject.doAs(Subject.java:422) [?:1.8.0_382]
	at org.apache.hadoop.security.UserGroupInformation.doAs(UserGroupInformation.java:1899) [hadoop-common-3.3.6.jar:?]
	at org.apache.hadoop.ipc.Server$Handler.run(Server.java:3048) [hadoop-common-3.3.6.jar:?]
11:33:06.176 [IPC Server handler 19 on default port 15004] ERROR OMAudit - user=runner | ip=127.0.0.1 | op=GET_FILE_STATUS {volume=volume54121, bucket=bucket59518, key=gdir1/dir4/child, dataSize=0, replicationConfig=null} | ret=FAILURE
org.apache.hadoop.ozone.om.exceptions.OMException: Unable to get file status: volume: volume54121 bucket: bucket59518 key: gdir1/dir4/child
	at org.apache.hadoop.ozone.om.KeyManagerImpl.getOzoneFileStatus(KeyManagerImpl.java:1195) ~[ozone-manager-1.4.0-SNAPSHOT.jar:?]
	at org.apache.hadoop.ozone.om.KeyManagerImpl.getFileStatus(KeyManagerImpl.java:1113) ~[ozone-manager-1.4.0-SNAPSHOT.jar:?]
	at org.apache.hadoop.ozone.om.OmMetadataReader.getFileStatus(OmMetadataReader.java:262) ~[ozone-manager-1.4.0-SNAPSHOT.jar:?]
	at org.apache.hadoop.ozone.om.OzoneManager.getFileStatus(OzoneManager.java:3513) ~[ozone-manager-1.4.0-SNAPSHOT.jar:?]
	at org.apache.hadoop.ozone.protocolPB.OzoneManagerRequestHandler.getOzoneFileStatus(OzoneManagerRequestHandler.java:973) ~[ozone-manager-1.4.0-SNAPSHOT.jar:?]
	at org.apache.hadoop.ozone.protocolPB.OzoneManagerRequestHandler.handleReadRequest(OzoneManagerRequestHandler.java:252) ~[ozone-manager-1.4.0-SNAPSHOT.jar:?]
	at org.apache.hadoop.ozone.protocolPB.OzoneManagerProtocolServerSideTranslatorPB.submitReadRequestToOM(OzoneManagerProtocolServerSideTranslatorPB.java:225) ~[ozone-manager-1.4.0-SNAPSHOT.jar:?]
	at org.apache.hadoop.ozone.protocolPB.OzoneManagerProtocolServerSideTranslatorPB.processRequest(OzoneManagerProtocolServerSideTranslatorPB.java:179) ~[ozone-manager-1.4.0-SNAPSHOT.jar:?]
	at org.apache.hadoop.hdds.server.OzoneProtocolMessageDispatcher.processRequest(OzoneProtocolMessageDispatcher.java:87) [hdds-server-framework-1.4.0-SNAPSHOT.jar:?]
	at org.apache.hadoop.ozone.protocolPB.OzoneManagerProtocolServerSideTranslatorPB.submitRequest(OzoneManagerProtocolServerSideTranslatorPB.java:148) [ozone-manager-1.4.0-SNAPSHOT.jar:?]
	at org.apache.hadoop.ozone.protocol.proto.OzoneManagerProtocolProtos$OzoneManagerService$2.callBlockingMethod(OzoneManagerProtocolProtos.java) [ozone-interface-client-1.4.0-SNAPSHOT.jar:?]
	at org.apache.hadoop.ipc.ProtobufRpcEngine$Server.processCall(ProtobufRpcEngine.java:484) [hadoop-common-3.3.6.jar:?]
	at org.apache.hadoop.ipc.ProtobufRpcEngine2$Server$ProtoBufRpcInvoker.call(ProtobufRpcEngine2.java:595) [hadoop-common-3.3.6.jar:?]
	at org.apache.hadoop.ipc.ProtobufRpcEngine2$Server$ProtoBufRpcInvoker.call(ProtobufRpcEngine2.java:573) [hadoop-common-3.3.6.jar:?]
	at org.apache.hadoop.ipc.RPC$Server.call(RPC.java:1227) [hadoop-common-3.3.6.jar:?]
	at org.apache.hadoop.ipc.Server$RpcCall.run(Server.java:1094) [hadoop-common-3.3.6.jar:?]
	at org.apache.hadoop.ipc.Server$RpcCall.run(Server.java:1017) [hadoop-common-3.3.6.jar:?]
	at java.security.AccessController.doPrivileged(Native Method) ~[?:1.8.0_382]
	at javax.security.auth.Subject.doAs(Subject.java:422) [?:1.8.0_382]
	at org.apache.hadoop.security.UserGroupInformation.doAs(UserGroupInformation.java:1899) [hadoop-common-3.3.6.jar:?]
	at org.apache.hadoop.ipc.Server$Handler.run(Server.java:3048) [hadoop-common-3.3.6.jar:?]
11:33:06.178 [IPC Server handler 18 on default port 15004] ERROR OMAudit - user=runner | ip=127.0.0.1 | op=GET_FILE_STATUS {volume=volume54121, bucket=bucket59518, key=gdir1/dir5, dataSize=0, replicationConfig=null} | ret=FAILURE
org.apache.hadoop.ozone.om.exceptions.OMException: Unable to get file status: volume: volume54121 bucket: bucket59518 key: gdir1/dir5
	at org.apache.hadoop.ozone.om.KeyManagerImpl.getOzoneFileStatus(KeyManagerImpl.java:1195) ~[ozone-manager-1.4.0-SNAPSHOT.jar:?]
	at org.apache.hadoop.ozone.om.KeyManagerImpl.getFileStatus(KeyManagerImpl.java:1113) ~[ozone-manager-1.4.0-SNAPSHOT.jar:?]
	at org.apache.hadoop.ozone.om.OmMetadataReader.getFileStatus(OmMetadataReader.java:262) ~[ozone-manager-1.4.0-SNAPSHOT.jar:?]
	at org.apache.hadoop.ozone.om.OzoneManager.getFileStatus(OzoneManager.java:3513) ~[ozone-manager-1.4.0-SNAPSHOT.jar:?]
	at org.apache.hadoop.ozone.protocolPB.OzoneManagerRequestHandler.getOzoneFileStatus(OzoneManagerRequestHandler.java:973) ~[ozone-manager-1.4.0-SNAPSHOT.jar:?]
	at org.apache.hadoop.ozone.protocolPB.OzoneManagerRequestHandler.handleReadRequest(OzoneManagerRequestHandler.java:252) ~[ozone-manager-1.4.0-SNAPSHOT.jar:?]
	at org.apache.hadoop.ozone.protocolPB.OzoneManagerProtocolServerSideTranslatorPB.submitReadRequestToOM(OzoneManagerProtocolServerSideTranslatorPB.java:225) ~[ozone-manager-1.4.0-SNAPSHOT.jar:?]
	at org.apache.hadoop.ozone.protocolPB.OzoneManagerProtocolServerSideTranslatorPB.processRequest(OzoneManagerProtocolServerSideTranslatorPB.java:179) ~[ozone-manager-1.4.0-SNAPSHOT.jar:?]
	at org.apache.hadoop.hdds.server.OzoneProtocolMessageDispatcher.processRequest(OzoneProtocolMessageDispatcher.java:87) [hdds-server-framework-1.4.0-SNAPSHOT.jar:?]
	at org.apache.hadoop.ozone.protocolPB.OzoneManagerProtocolServerSideTranslatorPB.submitRequest(OzoneManagerProtocolServerSideTranslatorPB.java:148) [ozone-manager-1.4.0-SNAPSHOT.jar:?]
	at org.apache.hadoop.ozone.protocol.proto.OzoneManagerProtocolProtos$OzoneManagerService$2.callBlockingMethod(OzoneManagerProtocolProtos.java) [ozone-interface-client-1.4.0-SNAPSHOT.jar:?]
	at org.apache.hadoop.ipc.ProtobufRpcEngine$Server.processCall(ProtobufRpcEngine.java:484) [hadoop-common-3.3.6.jar:?]
	at org.apache.hadoop.ipc.ProtobufRpcEngine2$Server$ProtoBufRpcInvoker.call(ProtobufRpcEngine2.java:595) [hadoop-common-3.3.6.jar:?]
	at org.apache.hadoop.ipc.ProtobufRpcEngine2$Server$ProtoBufRpcInvoker.call(ProtobufRpcEngine2.java:573) [hadoop-common-3.3.6.jar:?]
	at org.apache.hadoop.ipc.RPC$Server.call(RPC.java:1227) [hadoop-common-3.3.6.jar:?]
	at org.apache.hadoop.ipc.Server$RpcCall.run(Server.java:1094) [hadoop-common-3.3.6.jar:?]
	at org.apache.hadoop.ipc.Server$RpcCall.run(Server.java:1017) [hadoop-common-3.3.6.jar:?]
	at java.security.AccessController.doPrivileged(Native Method) ~[?:1.8.0_382]
	at javax.security.auth.Subject.doAs(Subject.java:422) [?:1.8.0_382]
	at org.apache.hadoop.security.UserGroupInformation.doAs(UserGroupInformation.java:1899) [hadoop-common-3.3.6.jar:?]
	at org.apache.hadoop.ipc.Server$Handler.run(Server.java:3048) [hadoop-common-3.3.6.jar:?]
11:33:06.180 [IPC Server handler 14 on default port 15004] ERROR OMAudit - user=runner | ip=127.0.0.1 | op=GET_FILE_STATUS {volume=volume54121, bucket=bucket59518, key=gdir1/dir5/child, dataSize=0, replicationConfig=null} | ret=FAILURE
org.apache.hadoop.ozone.om.exceptions.OMException: Unable to get file status: volume: volume54121 bucket: bucket59518 key: gdir1/dir5/child
	at org.apache.hadoop.ozone.om.KeyManagerImpl.getOzoneFileStatus(KeyManagerImpl.java:1195) ~[ozone-manager-1.4.0-SNAPSHOT.jar:?]
	at org.apache.hadoop.ozone.om.KeyManagerImpl.getFileStatus(KeyManagerImpl.java:1113) ~[ozone-manager-1.4.0-SNAPSHOT.jar:?]
	at org.apache.hadoop.ozone.om.OmMetadataReader.getFileStatus(OmMetadataReader.java:262) ~[ozone-manager-1.4.0-SNAPSHOT.jar:?]
	at org.apache.hadoop.ozone.om.OzoneManager.getFileStatus(OzoneManager.java:3513) ~[ozone-manager-1.4.0-SNAPSHOT.jar:?]
	at org.apache.hadoop.ozone.protocolPB.OzoneManagerRequestHandler.getOzoneFileStatus(OzoneManagerRequestHandler.java:973) ~[ozone-manager-1.4.0-SNAPSHOT.jar:?]
	at org.apache.hadoop.ozone.protocolPB.OzoneManagerRequestHandler.handleReadRequest(OzoneManagerRequestHandler.java:252) ~[ozone-manager-1.4.0-SNAPSHOT.jar:?]
	at org.apache.hadoop.ozone.protocolPB.OzoneManagerProtocolServerSideTranslatorPB.submitReadRequestToOM(OzoneManagerProtocolServerSideTranslatorPB.java:225) ~[ozone-manager-1.4.0-SNAPSHOT.jar:?]
	at org.apache.hadoop.ozone.protocolPB.OzoneManagerProtocolServerSideTranslatorPB.processRequest(OzoneManagerProtocolServerSideTranslatorPB.java:179) ~[ozone-manager-1.4.0-SNAPSHOT.jar:?]
	at org.apache.hadoop.hdds.server.OzoneProtocolMessageDispatcher.processRequest(OzoneProtocolMessageDispatcher.java:87) [hdds-server-framework-1.4.0-SNAPSHOT.jar:?]
	at org.apache.hadoop.ozone.protocolPB.OzoneManagerProtocolServerSideTranslatorPB.submitRequest(OzoneManagerProtocolServerSideTranslatorPB.java:148) [ozone-manager-1.4.0-SNAPSHOT.jar:?]
	at org.apache.hadoop.ozone.protocol.proto.OzoneManagerProtocolProtos$OzoneManagerService$2.callBlockingMethod(OzoneManagerProtocolProtos.java) [ozone-interface-client-1.4.0-SNAPSHOT.jar:?]
	at org.apache.hadoop.ipc.ProtobufRpcEngine$Server.processCall(ProtobufRpcEngine.java:484) [hadoop-common-3.3.6.jar:?]
	at org.apache.hadoop.ipc.ProtobufRpcEngine2$Server$ProtoBufRpcInvoker.call(ProtobufRpcEngine2.java:595) [hadoop-common-3.3.6.jar:?]
	at org.apache.hadoop.ipc.ProtobufRpcEngine2$Server$ProtoBufRpcInvoker.call(ProtobufRpcEngine2.java:573) [hadoop-common-3.3.6.jar:?]
	at org.apache.hadoop.ipc.RPC$Server.call(RPC.java:1227) [hadoop-common-3.3.6.jar:?]
	at org.apache.hadoop.ipc.Server$RpcCall.run(Server.java:1094) [hadoop-common-3.3.6.jar:?]
	at org.apache.hadoop.ipc.Server$RpcCall.run(Server.java:1017) [hadoop-common-3.3.6.jar:?]
	at java.security.AccessController.doPrivileged(Native Method) ~[?:1.8.0_382]
	at javax.security.auth.Subject.doAs(Subject.java:422) [?:1.8.0_382]
	at org.apache.hadoop.security.UserGroupInformation.doAs(UserGroupInformation.java:1899) [hadoop-common-3.3.6.jar:?]
	at org.apache.hadoop.ipc.Server$Handler.run(Server.java:3048) [hadoop-common-3.3.6.jar:?]
11:33:06.183 [IPC Server handler 16 on default port 15004] ERROR OMAudit - user=runner | ip=127.0.0.1 | op=GET_FILE_STATUS {volume=volume54121, bucket=bucket59518, key=gdir1/dir6, dataSize=0, replicationConfig=null} | ret=FAILURE
org.apache.hadoop.ozone.om.exceptions.OMException: Unable to get file status: volume: volume54121 bucket: bucket59518 key: gdir1/dir6
	at org.apache.hadoop.ozone.om.KeyManagerImpl.getOzoneFileStatus(KeyManagerImpl.java:1195) ~[ozone-manager-1.4.0-SNAPSHOT.jar:?]
	at org.apache.hadoop.ozone.om.KeyManagerImpl.getFileStatus(KeyManagerImpl.java:1113) ~[ozone-manager-1.4.0-SNAPSHOT.jar:?]
	at org.apache.hadoop.ozone.om.OmMetadataReader.getFileStatus(OmMetadataReader.java:262) ~[ozone-manager-1.4.0-SNAPSHOT.jar:?]
	at org.apache.hadoop.ozone.om.OzoneManager.getFileStatus(OzoneManager.java:3513) ~[ozone-manager-1.4.0-SNAPSHOT.jar:?]
	at org.apache.hadoop.ozone.protocolPB.OzoneManagerRequestHandler.getOzoneFileStatus(OzoneManagerRequestHandler.java:973) ~[ozone-manager-1.4.0-SNAPSHOT.jar:?]
	at org.apache.hadoop.ozone.protocolPB.OzoneManagerRequestHandler.handleReadRequest(OzoneManagerRequestHandler.java:252) ~[ozone-manager-1.4.0-SNAPSHOT.jar:?]
	at org.apache.hadoop.ozone.protocolPB.OzoneManagerProtocolServerSideTranslatorPB.submitReadRequestToOM(OzoneManagerProtocolServerSideTranslatorPB.java:225) ~[ozone-manager-1.4.0-SNAPSHOT.jar:?]
	at org.apache.hadoop.ozone.protocolPB.OzoneManagerProtocolServerSideTranslatorPB.processRequest(OzoneManagerProtocolServerSideTranslatorPB.java:179) ~[ozone-manager-1.4.0-SNAPSHOT.jar:?]
	at org.apache.hadoop.hdds.server.OzoneProtocolMessageDispatcher.processRequest(OzoneProtocolMessageDispatcher.java:87) [hdds-server-framework-1.4.0-SNAPSHOT.jar:?]
	at org.apache.hadoop.ozone.protocolPB.OzoneManagerProtocolServerSideTranslatorPB.submitRequest(OzoneManagerProtocolServerSideTranslatorPB.java:148) [ozone-manager-1.4.0-SNAPSHOT.jar:?]
	at org.apache.hadoop.ozone.protocol.proto.OzoneManagerProtocolProtos$OzoneManagerService$2.callBlockingMethod(OzoneManagerProtocolProtos.java) [ozone-interface-client-1.4.0-SNAPSHOT.jar:?]
	at org.apache.hadoop.ipc.ProtobufRpcEngine$Server.processCall(ProtobufRpcEngine.java:484) [hadoop-common-3.3.6.jar:?]
	at org.apache.hadoop.ipc.ProtobufRpcEngine2$Server$ProtoBufRpcInvoker.call(ProtobufRpcEngine2.java:595) [hadoop-common-3.3.6.jar:?]
	at org.apache.hadoop.ipc.ProtobufRpcEngine2$Server$ProtoBufRpcInvoker.call(ProtobufRpcEngine2.java:573) [hadoop-common-3.3.6.jar:?]
	at org.apache.hadoop.ipc.RPC$Server.call(RPC.java:1227) [hadoop-common-3.3.6.jar:?]
	at org.apache.hadoop.ipc.Server$RpcCall.run(Server.java:1094) [hadoop-common-3.3.6.jar:?]
	at org.apache.hadoop.ipc.Server$RpcCall.run(Server.java:1017) [hadoop-common-3.3.6.jar:?]
	at java.security.AccessController.doPrivileged(Native Method) ~[?:1.8.0_382]
	at javax.security.auth.Subject.doAs(Subject.java:422) [?:1.8.0_382]
	at org.apache.hadoop.security.UserGroupInformation.doAs(UserGroupInformation.java:1899) [hadoop-common-3.3.6.jar:?]
	at org.apache.hadoop.ipc.Server$Handler.run(Server.java:3048) [hadoop-common-3.3.6.jar:?]
11:33:06.185 [IPC Server handler 17 on default port 15004] ERROR OMAudit - user=runner | ip=127.0.0.1 | op=GET_FILE_STATUS {volume=volume54121, bucket=bucket59518, key=gdir1/dir6/child, dataSize=0, replicationConfig=null} | ret=FAILURE
org.apache.hadoop.ozone.om.exceptions.OMException: Unable to get file status: volume: volume54121 bucket: bucket59518 key: gdir1/dir6/child
	at org.apache.hadoop.ozone.om.KeyManagerImpl.getOzoneFileStatus(KeyManagerImpl.java:1195) ~[ozone-manager-1.4.0-SNAPSHOT.jar:?]
	at org.apache.hadoop.ozone.om.KeyManagerImpl.getFileStatus(KeyManagerImpl.java:1113) ~[ozone-manager-1.4.0-SNAPSHOT.jar:?]
	at org.apache.hadoop.ozone.om.OmMetadataReader.getFileStatus(OmMetadataReader.java:262) ~[ozone-manager-1.4.0-SNAPSHOT.jar:?]
	at org.apache.hadoop.ozone.om.OzoneManager.getFileStatus(OzoneManager.java:3513) ~[ozone-manager-1.4.0-SNAPSHOT.jar:?]
	at org.apache.hadoop.ozone.protocolPB.OzoneManagerRequestHandler.getOzoneFileStatus(OzoneManagerRequestHandler.java:973) ~[ozone-manager-1.4.0-SNAPSHOT.jar:?]
	at org.apache.hadoop.ozone.protocolPB.OzoneManagerRequestHandler.handleReadRequest(OzoneManagerRequestHandler.java:252) ~[ozone-manager-1.4.0-SNAPSHOT.jar:?]
	at org.apache.hadoop.ozone.protocolPB.OzoneManagerProtocolServerSideTranslatorPB.submitReadRequestToOM(OzoneManagerProtocolServerSideTranslatorPB.java:225) ~[ozone-manager-1.4.0-SNAPSHOT.jar:?]
	at org.apache.hadoop.ozone.protocolPB.OzoneManagerProtocolServerSideTranslatorPB.processRequest(OzoneManagerProtocolServerSideTranslatorPB.java:179) ~[ozone-manager-1.4.0-SNAPSHOT.jar:?]
	at org.apache.hadoop.hdds.server.OzoneProtocolMessageDispatcher.processRequest(OzoneProtocolMessageDispatcher.java:87) [hdds-server-framework-1.4.0-SNAPSHOT.jar:?]
	at org.apache.hadoop.ozone.protocolPB.OzoneManagerProtocolServerSideTranslatorPB.submitRequest(OzoneManagerProtocolServerSideTranslatorPB.java:148) [ozone-manager-1.4.0-SNAPSHOT.jar:?]
	at org.apache.hadoop.ozone.protocol.proto.OzoneManagerProtocolProtos$OzoneManagerService$2.callBlockingMethod(OzoneManagerProtocolProtos.java) [ozone-interface-client-1.4.0-SNAPSHOT.jar:?]
	at org.apache.hadoop.ipc.ProtobufRpcEngine$Server.processCall(ProtobufRpcEngine.java:484) [hadoop-common-3.3.6.jar:?]
	at org.apache.hadoop.ipc.ProtobufRpcEngine2$Server$ProtoBufRpcInvoker.call(ProtobufRpcEngine2.java:595) [hadoop-common-3.3.6.jar:?]
	at org.apache.hadoop.ipc.ProtobufRpcEngine2$Server$ProtoBufRpcInvoker.call(ProtobufRpcEngine2.java:573) [hadoop-common-3.3.6.jar:?]
	at org.apache.hadoop.ipc.RPC$Server.call(RPC.java:1227) [hadoop-common-3.3.6.jar:?]
	at org.apache.hadoop.ipc.Server$RpcCall.run(Server.java:1094) [hadoop-common-3.3.6.jar:?]
	at org.apache.hadoop.ipc.Server$RpcCall.run(Server.java:1017) [hadoop-common-3.3.6.jar:?]
	at java.security.AccessController.doPrivileged(Native Method) ~[?:1.8.0_382]
	at javax.security.auth.Subject.doAs(Subject.java:422) [?:1.8.0_382]
	at org.apache.hadoop.security.UserGroupInformation.doAs(UserGroupInformation.java:1899) [hadoop-common-3.3.6.jar:?]
	at org.apache.hadoop.ipc.Server$Handler.run(Server.java:3048) [hadoop-common-3.3.6.jar:?]
11:33:06.188 [IPC Server handler 15 on default port 15004] ERROR OMAudit - user=runner | ip=127.0.0.1 | op=GET_FILE_STATUS {volume=volume54121, bucket=bucket59518, key=gdir1/dir7, dataSize=0, replicationConfig=null} | ret=FAILURE
org.apache.hadoop.ozone.om.exceptions.OMException: Unable to get file status: volume: volume54121 bucket: bucket59518 key: gdir1/dir7
	at org.apache.hadoop.ozone.om.KeyManagerImpl.getOzoneFileStatus(KeyManagerImpl.java:1195) ~[ozone-manager-1.4.0-SNAPSHOT.jar:?]
	at org.apache.hadoop.ozone.om.KeyManagerImpl.getFileStatus(KeyManagerImpl.java:1113) ~[ozone-manager-1.4.0-SNAPSHOT.jar:?]
	at org.apache.hadoop.ozone.om.OmMetadataReader.getFileStatus(OmMetadataReader.java:262) ~[ozone-manager-1.4.0-SNAPSHOT.jar:?]
	at org.apache.hadoop.ozone.om.OzoneManager.getFileStatus(OzoneManager.java:3513) ~[ozone-manager-1.4.0-SNAPSHOT.jar:?]
	at org.apache.hadoop.ozone.protocolPB.OzoneManagerRequestHandler.getOzoneFileStatus(OzoneManagerRequestHandler.java:973) ~[ozone-manager-1.4.0-SNAPSHOT.jar:?]
	at org.apache.hadoop.ozone.protocolPB.OzoneManagerRequestHandler.handleReadRequest(OzoneManagerRequestHandler.java:252) ~[ozone-manager-1.4.0-SNAPSHOT.jar:?]
	at org.apache.hadoop.ozone.protocolPB.OzoneManagerProtocolServerSideTranslatorPB.submitReadRequestToOM(OzoneManagerProtocolServerSideTranslatorPB.java:225) ~[ozone-manager-1.4.0-SNAPSHOT.jar:?]
	at org.apache.hadoop.ozone.protocolPB.OzoneManagerProtocolServerSideTranslatorPB.processRequest(OzoneManagerProtocolServerSideTranslatorPB.java:179) ~[ozone-manager-1.4.0-SNAPSHOT.jar:?]
	at org.apache.hadoop.hdds.server.OzoneProtocolMessageDispatcher.processRequest(OzoneProtocolMessageDispatcher.java:87) [hdds-server-framework-1.4.0-SNAPSHOT.jar:?]
	at org.apache.hadoop.ozone.protocolPB.OzoneManagerProtocolServerSideTranslatorPB.submitRequest(OzoneManagerProtocolServerSideTranslatorPB.java:148) [ozone-manager-1.4.0-SNAPSHOT.jar:?]
	at org.apache.hadoop.ozone.protocol.proto.OzoneManagerProtocolProtos$OzoneManagerService$2.callBlockingMethod(OzoneManagerProtocolProtos.java) [ozone-interface-client-1.4.0-SNAPSHOT.jar:?]
	at org.apache.hadoop.ipc.ProtobufRpcEngine$Server.processCall(ProtobufRpcEngine.java:484) [hadoop-common-3.3.6.jar:?]
	at org.apache.hadoop.ipc.ProtobufRpcEngine2$Server$ProtoBufRpcInvoker.call(ProtobufRpcEngine2.java:595) [hadoop-common-3.3.6.jar:?]
	at org.apache.hadoop.ipc.ProtobufRpcEngine2$Server$ProtoBufRpcInvoker.call(ProtobufRpcEngine2.java:573) [hadoop-common-3.3.6.jar:?]
	at org.apache.hadoop.ipc.RPC$Server.call(RPC.java:1227) [hadoop-common-3.3.6.jar:?]
	at org.apache.hadoop.ipc.Server$RpcCall.run(Server.java:1094) [hadoop-common-3.3.6.jar:?]
	at org.apache.hadoop.ipc.Server$RpcCall.run(Server.java:1017) [hadoop-common-3.3.6.jar:?]
	at java.security.AccessController.doPrivileged(Native Method) ~[?:1.8.0_382]
	at javax.security.auth.Subject.doAs(Subject.java:422) [?:1.8.0_382]
	at org.apache.hadoop.security.UserGroupInformation.doAs(UserGroupInformation.java:1899) [hadoop-common-3.3.6.jar:?]
	at org.apache.hadoop.ipc.Server$Handler.run(Server.java:3048) [hadoop-common-3.3.6.jar:?]
11:33:06.190 [IPC Server handler 3 on default port 15004] ERROR OMAudit - user=runner | ip=127.0.0.1 | op=GET_FILE_STATUS {volume=volume54121, bucket=bucket59518, key=gdir1/dir7/child, dataSize=0, replicationConfig=null} | ret=FAILURE
org.apache.hadoop.ozone.om.exceptions.OMException: Unable to get file status: volume: volume54121 bucket: bucket59518 key: gdir1/dir7/child
	at org.apache.hadoop.ozone.om.KeyManagerImpl.getOzoneFileStatus(KeyManagerImpl.java:1195) ~[ozone-manager-1.4.0-SNAPSHOT.jar:?]
	at org.apache.hadoop.ozone.om.KeyManagerImpl.getFileStatus(KeyManagerImpl.java:1113) ~[ozone-manager-1.4.0-SNAPSHOT.jar:?]
	at org.apache.hadoop.ozone.om.OmMetadataReader.getFileStatus(OmMetadataReader.java:262) ~[ozone-manager-1.4.0-SNAPSHOT.jar:?]
	at org.apache.hadoop.ozone.om.OzoneManager.getFileStatus(OzoneManager.java:3513) ~[ozone-manager-1.4.0-SNAPSHOT.jar:?]
	at org.apache.hadoop.ozone.protocolPB.OzoneManagerRequestHandler.getOzoneFileStatus(OzoneManagerRequestHandler.java:973) ~[ozone-manager-1.4.0-SNAPSHOT.jar:?]
	at org.apache.hadoop.ozone.protocolPB.OzoneManagerRequestHandler.handleReadRequest(OzoneManagerRequestHandler.java:252) ~[ozone-manager-1.4.0-SNAPSHOT.jar:?]
	at org.apache.hadoop.ozone.protocolPB.OzoneManagerProtocolServerSideTranslatorPB.submitReadRequestToOM(OzoneManagerProtocolServerSideTranslatorPB.java:225) ~[ozone-manager-1.4.0-SNAPSHOT.jar:?]
	at org.apache.hadoop.ozone.protocolPB.OzoneManagerProtocolServerSideTranslatorPB.processRequest(OzoneManagerProtocolServerSideTranslatorPB.java:179) ~[ozone-manager-1.4.0-SNAPSHOT.jar:?]
	at org.apache.hadoop.hdds.server.OzoneProtocolMessageDispatcher.processRequest(OzoneProtocolMessageDispatcher.java:87) [hdds-server-framework-1.4.0-SNAPSHOT.jar:?]
	at org.apache.hadoop.ozone.protocolPB.OzoneManagerProtocolServerSideTranslatorPB.submitRequest(OzoneManagerProtocolServerSideTranslatorPB.java:148) [ozone-manager-1.4.0-SNAPSHOT.jar:?]
	at org.apache.hadoop.ozone.protocol.proto.OzoneManagerProtocolProtos$OzoneManagerService$2.callBlockingMethod(OzoneManagerProtocolProtos.java) [ozone-interface-client-1.4.0-SNAPSHOT.jar:?]
	at org.apache.hadoop.ipc.ProtobufRpcEngine$Server.processCall(ProtobufRpcEngine.java:484) [hadoop-common-3.3.6.jar:?]
	at org.apache.hadoop.ipc.ProtobufRpcEngine2$Server$ProtoBufRpcInvoker.call(ProtobufRpcEngine2.java:595) [hadoop-common-3.3.6.jar:?]
	at org.apache.hadoop.ipc.ProtobufRpcEngine2$Server$ProtoBufRpcInvoker.call(ProtobufRpcEngine2.java:573) [hadoop-common-3.3.6.jar:?]
	at org.apache.hadoop.ipc.RPC$Server.call(RPC.java:1227) [hadoop-common-3.3.6.jar:?]
	at org.apache.hadoop.ipc.Server$RpcCall.run(Server.java:1094) [hadoop-common-3.3.6.jar:?]
	at org.apache.hadoop.ipc.Server$RpcCall.run(Server.java:1017) [hadoop-common-3.3.6.jar:?]
	at java.security.AccessController.doPrivileged(Native Method) ~[?:1.8.0_382]
	at javax.security.auth.Subject.doAs(Subject.java:422) [?:1.8.0_382]
	at org.apache.hadoop.security.UserGroupInformation.doAs(UserGroupInformation.java:1899) [hadoop-common-3.3.6.jar:?]
	at org.apache.hadoop.ipc.Server$Handler.run(Server.java:3048) [hadoop-common-3.3.6.jar:?]
11:33:06.192 [IPC Server handler 9 on default port 15004] ERROR OMAudit - user=runner | ip=127.0.0.1 | op=GET_FILE_STATUS {volume=volume54121, bucket=bucket59518, key=gdir1/dir8, dataSize=0, replicationConfig=null} | ret=FAILURE
org.apache.hadoop.ozone.om.exceptions.OMException: Unable to get file status: volume: volume54121 bucket: bucket59518 key: gdir1/dir8
	at org.apache.hadoop.ozone.om.KeyManagerImpl.getOzoneFileStatus(KeyManagerImpl.java:1195) ~[ozone-manager-1.4.0-SNAPSHOT.jar:?]
	at org.apache.hadoop.ozone.om.KeyManagerImpl.getFileStatus(KeyManagerImpl.java:1113) ~[ozone-manager-1.4.0-SNAPSHOT.jar:?]
	at org.apache.hadoop.ozone.om.OmMetadataReader.getFileStatus(OmMetadataReader.java:262) ~[ozone-manager-1.4.0-SNAPSHOT.jar:?]
	at org.apache.hadoop.ozone.om.OzoneManager.getFileStatus(OzoneManager.java:3513) ~[ozone-manager-1.4.0-SNAPSHOT.jar:?]
	at org.apache.hadoop.ozone.protocolPB.OzoneManagerRequestHandler.getOzoneFileStatus(OzoneManagerRequestHandler.java:973) ~[ozone-manager-1.4.0-SNAPSHOT.jar:?]
	at org.apache.hadoop.ozone.protocolPB.OzoneManagerRequestHandler.handleReadRequest(OzoneManagerRequestHandler.java:252) ~[ozone-manager-1.4.0-SNAPSHOT.jar:?]
	at org.apache.hadoop.ozone.protocolPB.OzoneManagerProtocolServerSideTranslatorPB.submitReadRequestToOM(OzoneManagerProtocolServerSideTranslatorPB.java:225) ~[ozone-manager-1.4.0-SNAPSHOT.jar:?]
	at org.apache.hadoop.ozone.protocolPB.OzoneManagerProtocolServerSideTranslatorPB.processRequest(OzoneManagerProtocolServerSideTranslatorPB.java:179) ~[ozone-manager-1.4.0-SNAPSHOT.jar:?]
	at org.apache.hadoop.hdds.server.OzoneProtocolMessageDispatcher.processRequest(OzoneProtocolMessageDispatcher.java:87) [hdds-server-framework-1.4.0-SNAPSHOT.jar:?]
	at org.apache.hadoop.ozone.protocolPB.OzoneManagerProtocolServerSideTranslatorPB.submitRequest(OzoneManagerProtocolServerSideTranslatorPB.java:148) [ozone-manager-1.4.0-SNAPSHOT.jar:?]
	at org.apache.hadoop.ozone.protocol.proto.OzoneManagerProtocolProtos$OzoneManagerService$2.callBlockingMethod(OzoneManagerProtocolProtos.java) [ozone-interface-client-1.4.0-SNAPSHOT.jar:?]
	at org.apache.hadoop.ipc.ProtobufRpcEngine$Server.processCall(ProtobufRpcEngine.java:484) [hadoop-common-3.3.6.jar:?]
	at org.apache.hadoop.ipc.ProtobufRpcEngine2$Server$ProtoBufRpcInvoker.call(ProtobufRpcEngine2.java:595) [hadoop-common-3.3.6.jar:?]
	at org.apache.hadoop.ipc.ProtobufRpcEngine2$Server$ProtoBufRpcInvoker.call(ProtobufRpcEngine2.java:573) [hadoop-common-3.3.6.jar:?]
	at org.apache.hadoop.ipc.RPC$Server.call(RPC.java:1227) [hadoop-common-3.3.6.jar:?]
	at org.apache.hadoop.ipc.Server$RpcCall.run(Server.java:1094) [hadoop-common-3.3.6.jar:?]
	at org.apache.hadoop.ipc.Server$RpcCall.run(Server.java:1017) [hadoop-common-3.3.6.jar:?]
	at java.security.AccessController.doPrivileged(Native Method) ~[?:1.8.0_382]
	at javax.security.auth.Subject.doAs(Subject.java:422) [?:1.8.0_382]
	at org.apache.hadoop.security.UserGroupInformation.doAs(UserGroupInformation.java:1899) [hadoop-common-3.3.6.jar:?]
	at org.apache.hadoop.ipc.Server$Handler.run(Server.java:3048) [hadoop-common-3.3.6.jar:?]
11:33:06.196 [IPC Server handler 5 on default port 15004] ERROR OMAudit - user=runner | ip=127.0.0.1 | op=GET_FILE_STATUS {volume=volume54121, bucket=bucket59518, key=gdir1/dir8/child, dataSize=0, replicationConfig=null} | ret=FAILURE
org.apache.hadoop.ozone.om.exceptions.OMException: Unable to get file status: volume: volume54121 bucket: bucket59518 key: gdir1/dir8/child
	at org.apache.hadoop.ozone.om.KeyManagerImpl.getOzoneFileStatus(KeyManagerImpl.java:1195) ~[ozone-manager-1.4.0-SNAPSHOT.jar:?]
	at org.apache.hadoop.ozone.om.KeyManagerImpl.getFileStatus(KeyManagerImpl.java:1113) ~[ozone-manager-1.4.0-SNAPSHOT.jar:?]
	at org.apache.hadoop.ozone.om.OmMetadataReader.getFileStatus(OmMetadataReader.java:262) ~[ozone-manager-1.4.0-SNAPSHOT.jar:?]
	at org.apache.hadoop.ozone.om.OzoneManager.getFileStatus(OzoneManager.java:3513) ~[ozone-manager-1.4.0-SNAPSHOT.jar:?]
	at org.apache.hadoop.ozone.protocolPB.OzoneManagerRequestHandler.getOzoneFileStatus(OzoneManagerRequestHandler.java:973) ~[ozone-manager-1.4.0-SNAPSHOT.jar:?]
	at org.apache.hadoop.ozone.protocolPB.OzoneManagerRequestHandler.handleReadRequest(OzoneManagerRequestHandler.java:252) ~[ozone-manager-1.4.0-SNAPSHOT.jar:?]
	at org.apache.hadoop.ozone.protocolPB.OzoneManagerProtocolServerSideTranslatorPB.submitReadRequestToOM(OzoneManagerProtocolServerSideTranslatorPB.java:225) ~[ozone-manager-1.4.0-SNAPSHOT.jar:?]
	at org.apache.hadoop.ozone.protocolPB.OzoneManagerProtocolServerSideTranslatorPB.processRequest(OzoneManagerProtocolServerSideTranslatorPB.java:179) ~[ozone-manager-1.4.0-SNAPSHOT.jar:?]
	at org.apache.hadoop.hdds.server.OzoneProtocolMessageDispatcher.processRequest(OzoneProtocolMessageDispatcher.java:87) [hdds-server-framework-1.4.0-SNAPSHOT.jar:?]
	at org.apache.hadoop.ozone.protocolPB.OzoneManagerProtocolServerSideTranslatorPB.submitRequest(OzoneManagerProtocolServerSideTranslatorPB.java:148) [ozone-manager-1.4.0-SNAPSHOT.jar:?]
	at org.apache.hadoop.ozone.protocol.proto.OzoneManagerProtocolProtos$OzoneManagerService$2.callBlockingMethod(OzoneManagerProtocolProtos.java) [ozone-interface-client-1.4.0-SNAPSHOT.jar:?]
	at org.apache.hadoop.ipc.ProtobufRpcEngine$Server.processCall(ProtobufRpcEngine.java:484) [hadoop-common-3.3.6.jar:?]
	at org.apache.hadoop.ipc.ProtobufRpcEngine2$Server$ProtoBufRpcInvoker.call(ProtobufRpcEngine2.java:595) [hadoop-common-3.3.6.jar:?]
	at org.apache.hadoop.ipc.ProtobufRpcEngine2$Server$ProtoBufRpcInvoker.call(ProtobufRpcEngine2.java:573) [hadoop-common-3.3.6.jar:?]
	at org.apache.hadoop.ipc.RPC$Server.call(RPC.java:1227) [hadoop-common-3.3.6.jar:?]
	at org.apache.hadoop.ipc.Server$RpcCall.run(Server.java:1094) [hadoop-common-3.3.6.jar:?]
	at org.apache.hadoop.ipc.Server$RpcCall.run(Server.java:1017) [hadoop-common-3.3.6.jar:?]
	at java.security.AccessController.doPrivileged(Native Method) ~[?:1.8.0_382]
	at javax.security.auth.Subject.doAs(Subject.java:422) [?:1.8.0_382]
	at org.apache.hadoop.security.UserGroupInformation.doAs(UserGroupInformation.java:1899) [hadoop-common-3.3.6.jar:?]
	at org.apache.hadoop.ipc.Server$Handler.run(Server.java:3048) [hadoop-common-3.3.6.jar:?]
11:33:06.198 [IPC Server handler 8 on default port 15004] ERROR OMAudit - user=runner | ip=127.0.0.1 | op=GET_FILE_STATUS {volume=volume54121, bucket=bucket59518, key=gdir1/dir9, dataSize=0, replicationConfig=null} | ret=FAILURE
org.apache.hadoop.ozone.om.exceptions.OMException: Unable to get file status: volume: volume54121 bucket: bucket59518 key: gdir1/dir9
	at org.apache.hadoop.ozone.om.KeyManagerImpl.getOzoneFileStatus(KeyManagerImpl.java:1195) ~[ozone-manager-1.4.0-SNAPSHOT.jar:?]
	at org.apache.hadoop.ozone.om.KeyManagerImpl.getFileStatus(KeyManagerImpl.java:1113) ~[ozone-manager-1.4.0-SNAPSHOT.jar:?]
	at org.apache.hadoop.ozone.om.OmMetadataReader.getFileStatus(OmMetadataReader.java:262) ~[ozone-manager-1.4.0-SNAPSHOT.jar:?]
	at org.apache.hadoop.ozone.om.OzoneManager.getFileStatus(OzoneManager.java:3513) ~[ozone-manager-1.4.0-SNAPSHOT.jar:?]
	at org.apache.hadoop.ozone.protocolPB.OzoneManagerRequestHandler.getOzoneFileStatus(OzoneManagerRequestHandler.java:973) ~[ozone-manager-1.4.0-SNAPSHOT.jar:?]
	at org.apache.hadoop.ozone.protocolPB.OzoneManagerRequestHandler.handleReadRequest(OzoneManagerRequestHandler.java:252) ~[ozone-manager-1.4.0-SNAPSHOT.jar:?]
	at org.apache.hadoop.ozone.protocolPB.OzoneManagerProtocolServerSideTranslatorPB.submitReadRequestToOM(OzoneManagerProtocolServerSideTranslatorPB.java:225) ~[ozone-manager-1.4.0-SNAPSHOT.jar:?]
	at org.apache.hadoop.ozone.protocolPB.OzoneManagerProtocolServerSideTranslatorPB.processRequest(OzoneManagerProtocolServerSideTranslatorPB.java:179) ~[ozone-manager-1.4.0-SNAPSHOT.jar:?]
	at org.apache.hadoop.hdds.server.OzoneProtocolMessageDispatcher.processRequest(OzoneProtocolMessageDispatcher.java:87) [hdds-server-framework-1.4.0-SNAPSHOT.jar:?]
	at org.apache.hadoop.ozone.protocolPB.OzoneManagerProtocolServerSideTranslatorPB.submitRequest(OzoneManagerProtocolServerSideTranslatorPB.java:148) [ozone-manager-1.4.0-SNAPSHOT.jar:?]
	at org.apache.hadoop.ozone.protocol.proto.OzoneManagerProtocolProtos$OzoneManagerService$2.callBlockingMethod(OzoneManagerProtocolProtos.java) [ozone-interface-client-1.4.0-SNAPSHOT.jar:?]
	at org.apache.hadoop.ipc.ProtobufRpcEngine$Server.processCall(ProtobufRpcEngine.java:484) [hadoop-common-3.3.6.jar:?]
	at org.apache.hadoop.ipc.ProtobufRpcEngine2$Server$ProtoBufRpcInvoker.call(ProtobufRpcEngine2.java:595) [hadoop-common-3.3.6.jar:?]
	at org.apache.hadoop.ipc.ProtobufRpcEngine2$Server$ProtoBufRpcInvoker.call(ProtobufRpcEngine2.java:573) [hadoop-common-3.3.6.jar:?]
	at org.apache.hadoop.ipc.RPC$Server.call(RPC.java:1227) [hadoop-common-3.3.6.jar:?]
	at org.apache.hadoop.ipc.Server$RpcCall.run(Server.java:1094) [hadoop-common-3.3.6.jar:?]
	at org.apache.hadoop.ipc.Server$RpcCall.run(Server.java:1017) [hadoop-common-3.3.6.jar:?]
	at java.security.AccessController.doPrivileged(Native Method) ~[?:1.8.0_382]
	at javax.security.auth.Subject.doAs(Subject.java:422) [?:1.8.0_382]
	at org.apache.hadoop.security.UserGroupInformation.doAs(UserGroupInformation.java:1899) [hadoop-common-3.3.6.jar:?]
	at org.apache.hadoop.ipc.Server$Handler.run(Server.java:3048) [hadoop-common-3.3.6.jar:?]
11:33:06.200 [IPC Server handler 1 on default port 15004] ERROR OMAudit - user=runner | ip=127.0.0.1 | op=GET_FILE_STATUS {volume=volume54121, bucket=bucket59518, key=gdir1/dir9/child, dataSize=0, replicationConfig=null} | ret=FAILURE
org.apache.hadoop.ozone.om.exceptions.OMException: Unable to get file status: volume: volume54121 bucket: bucket59518 key: gdir1/dir9/child
	at org.apache.hadoop.ozone.om.KeyManagerImpl.getOzoneFileStatus(KeyManagerImpl.java:1195) ~[ozone-manager-1.4.0-SNAPSHOT.jar:?]
	at org.apache.hadoop.ozone.om.KeyManagerImpl.getFileStatus(KeyManagerImpl.java:1113) ~[ozone-manager-1.4.0-SNAPSHOT.jar:?]
	at org.apache.hadoop.ozone.om.OmMetadataReader.getFileStatus(OmMetadataReader.java:262) ~[ozone-manager-1.4.0-SNAPSHOT.jar:?]
	at org.apache.hadoop.ozone.om.OzoneManager.getFileStatus(OzoneManager.java:3513) ~[ozone-manager-1.4.0-SNAPSHOT.jar:?]
	at org.apache.hadoop.ozone.protocolPB.OzoneManagerRequestHandler.getOzoneFileStatus(OzoneManagerRequestHandler.java:973) ~[ozone-manager-1.4.0-SNAPSHOT.jar:?]
	at org.apache.hadoop.ozone.protocolPB.OzoneManagerRequestHandler.handleReadRequest(OzoneManagerRequestHandler.java:252) ~[ozone-manager-1.4.0-SNAPSHOT.jar:?]
	at org.apache.hadoop.ozone.protocolPB.OzoneManagerProtocolServerSideTranslatorPB.submitReadRequestToOM(OzoneManagerProtocolServerSideTranslatorPB.java:225) ~[ozone-manager-1.4.0-SNAPSHOT.jar:?]
	at org.apache.hadoop.ozone.protocolPB.OzoneManagerProtocolServerSideTranslatorPB.processRequest(OzoneManagerProtocolServerSideTranslatorPB.java:179) ~[ozone-manager-1.4.0-SNAPSHOT.jar:?]
	at org.apache.hadoop.hdds.server.OzoneProtocolMessageDispatcher.processRequest(OzoneProtocolMessageDispatcher.java:87) [hdds-server-framework-1.4.0-SNAPSHOT.jar:?]
	at org.apache.hadoop.ozone.protocolPB.OzoneManagerProtocolServerSideTranslatorPB.submitRequest(OzoneManagerProtocolServerSideTranslatorPB.java:148) [ozone-manager-1.4.0-SNAPSHOT.jar:?]
	at org.apache.hadoop.ozone.protocol.proto.OzoneManagerProtocolProtos$OzoneManagerService$2.callBlockingMethod(OzoneManagerProtocolProtos.java) [ozone-interface-client-1.4.0-SNAPSHOT.jar:?]
	at org.apache.hadoop.ipc.ProtobufRpcEngine$Server.processCall(ProtobufRpcEngine.java:484) [hadoop-common-3.3.6.jar:?]
	at org.apache.hadoop.ipc.ProtobufRpcEngine2$Server$ProtoBufRpcInvoker.call(ProtobufRpcEngine2.java:595) [hadoop-common-3.3.6.jar:?]
	at org.apache.hadoop.ipc.ProtobufRpcEngine2$Server$ProtoBufRpcInvoker.call(ProtobufRpcEngine2.java:573) [hadoop-common-3.3.6.jar:?]
	at org.apache.hadoop.ipc.RPC$Server.call(RPC.java:1227) [hadoop-common-3.3.6.jar:?]
	at org.apache.hadoop.ipc.Server$RpcCall.run(Server.java:1094) [hadoop-common-3.3.6.jar:?]
	at org.apache.hadoop.ipc.Server$RpcCall.run(Server.java:1017) [hadoop-common-3.3.6.jar:?]
	at java.security.AccessController.doPrivileged(Native Method) ~[?:1.8.0_382]
	at javax.security.auth.Subject.doAs(Subject.java:422) [?:1.8.0_382]
	at org.apache.hadoop.security.UserGroupInformation.doAs(UserGroupInformation.java:1899) [hadoop-common-3.3.6.jar:?]
	at org.apache.hadoop.ipc.Server$Handler.run(Server.java:3048) [hadoop-common-3.3.6.jar:?]
11:33:06.202 [IPC Server handler 11 on default port 15004] ERROR OMAudit - user=runner | ip=127.0.0.1 | op=GET_FILE_STATUS {volume=volume54121, bucket=bucket59518, key=gdir1/dir10, dataSize=0, replicationConfig=null} | ret=FAILURE
org.apache.hadoop.ozone.om.exceptions.OMException: Unable to get file status: volume: volume54121 bucket: bucket59518 key: gdir1/dir10
	at org.apache.hadoop.ozone.om.KeyManagerImpl.getOzoneFileStatus(KeyManagerImpl.java:1195) ~[ozone-manager-1.4.0-SNAPSHOT.jar:?]
	at org.apache.hadoop.ozone.om.KeyManagerImpl.getFileStatus(KeyManagerImpl.java:1113) ~[ozone-manager-1.4.0-SNAPSHOT.jar:?]
	at org.apache.hadoop.ozone.om.OmMetadataReader.getFileStatus(OmMetadataReader.java:262) ~[ozone-manager-1.4.0-SNAPSHOT.jar:?]
	at org.apache.hadoop.ozone.om.OzoneManager.getFileStatus(OzoneManager.java:3513) ~[ozone-manager-1.4.0-SNAPSHOT.jar:?]
	at org.apache.hadoop.ozone.protocolPB.OzoneManagerRequestHandler.getOzoneFileStatus(OzoneManagerRequestHandler.java:973) ~[ozone-manager-1.4.0-SNAPSHOT.jar:?]
	at org.apache.hadoop.ozone.protocolPB.OzoneManagerRequestHandler.handleReadRequest(OzoneManagerRequestHandler.java:252) ~[ozone-manager-1.4.0-SNAPSHOT.jar:?]
	at org.apache.hadoop.ozone.protocolPB.OzoneManagerProtocolServerSideTranslatorPB.submitReadRequestToOM(OzoneManagerProtocolServerSideTranslatorPB.java:225) ~[ozone-manager-1.4.0-SNAPSHOT.jar:?]
	at org.apache.hadoop.ozone.protocolPB.OzoneManagerProtocolServerSideTranslatorPB.processRequest(OzoneManagerProtocolServerSideTranslatorPB.java:179) ~[ozone-manager-1.4.0-SNAPSHOT.jar:?]
	at org.apache.hadoop.hdds.server.OzoneProtocolMessageDispatcher.processRequest(OzoneProtocolMessageDispatcher.java:87) [hdds-server-framework-1.4.0-SNAPSHOT.jar:?]
	at org.apache.hadoop.ozone.protocolPB.OzoneManagerProtocolServerSideTranslatorPB.submitRequest(OzoneManagerProtocolServerSideTranslatorPB.java:148) [ozone-manager-1.4.0-SNAPSHOT.jar:?]
	at org.apache.hadoop.ozone.protocol.proto.OzoneManagerProtocolProtos$OzoneManagerService$2.callBlockingMethod(OzoneManagerProtocolProtos.java) [ozone-interface-client-1.4.0-SNAPSHOT.jar:?]
	at org.apache.hadoop.ipc.ProtobufRpcEngine$Server.processCall(ProtobufRpcEngine.java:484) [hadoop-common-3.3.6.jar:?]
	at org.apache.hadoop.ipc.ProtobufRpcEngine2$Server$ProtoBufRpcInvoker.call(ProtobufRpcEngine2.java:595) [hadoop-common-3.3.6.jar:?]
	at org.apache.hadoop.ipc.ProtobufRpcEngine2$Server$ProtoBufRpcInvoker.call(ProtobufRpcEngine2.java:573) [hadoop-common-3.3.6.jar:?]
	at org.apache.hadoop.ipc.RPC$Server.call(RPC.java:1227) [hadoop-common-3.3.6.jar:?]
	at org.apache.hadoop.ipc.Server$RpcCall.run(Server.java:1094) [hadoop-common-3.3.6.jar:?]
	at org.apache.hadoop.ipc.Server$RpcCall.run(Server.java:1017) [hadoop-common-3.3.6.jar:?]
	at java.security.AccessController.doPrivileged(Native Method) ~[?:1.8.0_382]
	at javax.security.auth.Subject.doAs(Subject.java:422) [?:1.8.0_382]
	at org.apache.hadoop.security.UserGroupInformation.doAs(UserGroupInformation.java:1899) [hadoop-common-3.3.6.jar:?]
	at org.apache.hadoop.ipc.Server$Handler.run(Server.java:3048) [hadoop-common-3.3.6.jar:?]
11:33:06.205 [IPC Server handler 10 on default port 15004] ERROR OMAudit - user=runner | ip=127.0.0.1 | op=GET_FILE_STATUS {volume=volume54121, bucket=bucket59518, key=gdir1/dir10/child, dataSize=0, replicationConfig=null} | ret=FAILURE
org.apache.hadoop.ozone.om.exceptions.OMException: Unable to get file status: volume: volume54121 bucket: bucket59518 key: gdir1/dir10/child
	at org.apache.hadoop.ozone.om.KeyManagerImpl.getOzoneFileStatus(KeyManagerImpl.java:1195) ~[ozone-manager-1.4.0-SNAPSHOT.jar:?]
	at org.apache.hadoop.ozone.om.KeyManagerImpl.getFileStatus(KeyManagerImpl.java:1113) ~[ozone-manager-1.4.0-SNAPSHOT.jar:?]
	at org.apache.hadoop.ozone.om.OmMetadataReader.getFileStatus(OmMetadataReader.java:262) ~[ozone-manager-1.4.0-SNAPSHOT.jar:?]
	at org.apache.hadoop.ozone.om.OzoneManager.getFileStatus(OzoneManager.java:3513) ~[ozone-manager-1.4.0-SNAPSHOT.jar:?]
	at org.apache.hadoop.ozone.protocolPB.OzoneManagerRequestHandler.getOzoneFileStatus(OzoneManagerRequestHandler.java:973) ~[ozone-manager-1.4.0-SNAPSHOT.jar:?]
	at org.apache.hadoop.ozone.protocolPB.OzoneManagerRequestHandler.handleReadRequest(OzoneManagerRequestHandler.java:252) ~[ozone-manager-1.4.0-SNAPSHOT.jar:?]
	at org.apache.hadoop.ozone.protocolPB.OzoneManagerProtocolServerSideTranslatorPB.submitReadRequestToOM(OzoneManagerProtocolServerSideTranslatorPB.java:225) ~[ozone-manager-1.4.0-SNAPSHOT.jar:?]
	at org.apache.hadoop.ozone.protocolPB.OzoneManagerProtocolServerSideTranslatorPB.processRequest(OzoneManagerProtocolServerSideTranslatorPB.java:179) ~[ozone-manager-1.4.0-SNAPSHOT.jar:?]
	at org.apache.hadoop.hdds.server.OzoneProtocolMessageDispatcher.processRequest(OzoneProtocolMessageDispatcher.java:87) [hdds-server-framework-1.4.0-SNAPSHOT.jar:?]
	at org.apache.hadoop.ozone.protocolPB.OzoneManagerProtocolServerSideTranslatorPB.submitRequest(OzoneManagerProtocolServerSideTranslatorPB.java:148) [ozone-manager-1.4.0-SNAPSHOT.jar:?]
	at org.apache.hadoop.ozone.protocol.proto.OzoneManagerProtocolProtos$OzoneManagerService$2.callBlockingMethod(OzoneManagerProtocolProtos.java) [ozone-interface-client-1.4.0-SNAPSHOT.jar:?]
	at org.apache.hadoop.ipc.ProtobufRpcEngine$Server.processCall(ProtobufRpcEngine.java:484) [hadoop-common-3.3.6.jar:?]
	at org.apache.hadoop.ipc.ProtobufRpcEngine2$Server$ProtoBufRpcInvoker.call(ProtobufRpcEngine2.java:595) [hadoop-common-3.3.6.jar:?]
	at org.apache.hadoop.ipc.ProtobufRpcEngine2$Server$ProtoBufRpcInvoker.call(ProtobufRpcEngine2.java:573) [hadoop-common-3.3.6.jar:?]
	at org.apache.hadoop.ipc.RPC$Server.call(RPC.java:1227) [hadoop-common-3.3.6.jar:?]
	at org.apache.hadoop.ipc.Server$RpcCall.run(Server.java:1094) [hadoop-common-3.3.6.jar:?]
	at org.apache.hadoop.ipc.Server$RpcCall.run(Server.java:1017) [hadoop-common-3.3.6.jar:?]
	at java.security.AccessController.doPrivileged(Native Method) ~[?:1.8.0_382]
	at javax.security.auth.Subject.doAs(Subject.java:422) [?:1.8.0_382]
	at org.apache.hadoop.security.UserGroupInformation.doAs(UserGroupInformation.java:1899) [hadoop-common-3.3.6.jar:?]
	at org.apache.hadoop.ipc.Server$Handler.run(Server.java:3048) [hadoop-common-3.3.6.jar:?]
11:33:06.457 [IPC Server handler 3 on default port 15004] ERROR OMAudit - user=runner | ip=127.0.0.1 | op=GET_FILE_STATUS {volume=volume54121, bucket=bucket59518, key=level0, dataSize=0, replicationConfig=null} | ret=FAILURE
org.apache.hadoop.ozone.om.exceptions.OMException: Unable to get file status: volume: volume54121 bucket: bucket59518 key: level0
	at org.apache.hadoop.ozone.om.KeyManagerImpl.getOzoneFileStatus(KeyManagerImpl.java:1195) ~[ozone-manager-1.4.0-SNAPSHOT.jar:?]
	at org.apache.hadoop.ozone.om.KeyManagerImpl.getFileStatus(KeyManagerImpl.java:1113) ~[ozone-manager-1.4.0-SNAPSHOT.jar:?]
	at org.apache.hadoop.ozone.om.OmMetadataReader.getFileStatus(OmMetadataReader.java:262) ~[ozone-manager-1.4.0-SNAPSHOT.jar:?]
	at org.apache.hadoop.ozone.om.OzoneManager.getFileStatus(OzoneManager.java:3513) ~[ozone-manager-1.4.0-SNAPSHOT.jar:?]
	at org.apache.hadoop.ozone.protocolPB.OzoneManagerRequestHandler.getOzoneFileStatus(OzoneManagerRequestHandler.java:973) ~[ozone-manager-1.4.0-SNAPSHOT.jar:?]
	at org.apache.hadoop.ozone.protocolPB.OzoneManagerRequestHandler.handleReadRequest(OzoneManagerRequestHandler.java:252) ~[ozone-manager-1.4.0-SNAPSHOT.jar:?]
	at org.apache.hadoop.ozone.protocolPB.OzoneManagerProtocolServerSideTranslatorPB.submitReadRequestToOM(OzoneManagerProtocolServerSideTranslatorPB.java:225) ~[ozone-manager-1.4.0-SNAPSHOT.jar:?]
	at org.apache.hadoop.ozone.protocolPB.OzoneManagerProtocolServerSideTranslatorPB.processRequest(OzoneManagerProtocolServerSideTranslatorPB.java:179) ~[ozone-manager-1.4.0-SNAPSHOT.jar:?]
	at org.apache.hadoop.hdds.server.OzoneProtocolMessageDispatcher.processRequest(OzoneProtocolMessageDispatcher.java:87) [hdds-server-framework-1.4.0-SNAPSHOT.jar:?]
	at org.apache.hadoop.ozone.protocolPB.OzoneManagerProtocolServerSideTranslatorPB.submitRequest(OzoneManagerProtocolServerSideTranslatorPB.java:148) [ozone-manager-1.4.0-SNAPSHOT.jar:?]
	at org.apache.hadoop.ozone.protocol.proto.OzoneManagerProtocolProtos$OzoneManagerService$2.callBlockingMethod(OzoneManagerProtocolProtos.java) [ozone-interface-client-1.4.0-SNAPSHOT.jar:?]
	at org.apache.hadoop.ipc.ProtobufRpcEngine$Server.processCall(ProtobufRpcEngine.java:484) [hadoop-common-3.3.6.jar:?]
	at org.apache.hadoop.ipc.ProtobufRpcEngine2$Server$ProtoBufRpcInvoker.call(ProtobufRpcEngine2.java:595) [hadoop-common-3.3.6.jar:?]
	at org.apache.hadoop.ipc.ProtobufRpcEngine2$Server$ProtoBufRpcInvoker.call(ProtobufRpcEngine2.java:573) [hadoop-common-3.3.6.jar:?]
	at org.apache.hadoop.ipc.RPC$Server.call(RPC.java:1227) [hadoop-common-3.3.6.jar:?]
	at org.apache.hadoop.ipc.Server$RpcCall.run(Server.java:1094) [hadoop-common-3.3.6.jar:?]
	at org.apache.hadoop.ipc.Server$RpcCall.run(Server.java:1017) [hadoop-common-3.3.6.jar:?]
	at java.security.AccessController.doPrivileged(Native Method) ~[?:1.8.0_382]
	at javax.security.auth.Subject.doAs(Subject.java:422) [?:1.8.0_382]
	at org.apache.hadoop.security.UserGroupInformation.doAs(UserGroupInformation.java:1899) [hadoop-common-3.3.6.jar:?]
	at org.apache.hadoop.ipc.Server$Handler.run(Server.java:3048) [hadoop-common-3.3.6.jar:?]
11:33:06.459 [IPC Server handler 9 on default port 15004] ERROR OMAudit - user=runner | ip=127.0.0.1 | op=GET_FILE_STATUS {volume=volume54121, bucket=bucket59518, key=level0/level1, dataSize=0, replicationConfig=null} | ret=FAILURE
org.apache.hadoop.ozone.om.exceptions.OMException: Unable to get file status: volume: volume54121 bucket: bucket59518 key: level0/level1
	at org.apache.hadoop.ozone.om.KeyManagerImpl.getOzoneFileStatus(KeyManagerImpl.java:1195) ~[ozone-manager-1.4.0-SNAPSHOT.jar:?]
	at org.apache.hadoop.ozone.om.KeyManagerImpl.getFileStatus(KeyManagerImpl.java:1113) ~[ozone-manager-1.4.0-SNAPSHOT.jar:?]
	at org.apache.hadoop.ozone.om.OmMetadataReader.getFileStatus(OmMetadataReader.java:262) ~[ozone-manager-1.4.0-SNAPSHOT.jar:?]
	at org.apache.hadoop.ozone.om.OzoneManager.getFileStatus(OzoneManager.java:3513) ~[ozone-manager-1.4.0-SNAPSHOT.jar:?]
	at org.apache.hadoop.ozone.protocolPB.OzoneManagerRequestHandler.getOzoneFileStatus(OzoneManagerRequestHandler.java:973) ~[ozone-manager-1.4.0-SNAPSHOT.jar:?]
	at org.apache.hadoop.ozone.protocolPB.OzoneManagerRequestHandler.handleReadRequest(OzoneManagerRequestHandler.java:252) ~[ozone-manager-1.4.0-SNAPSHOT.jar:?]
	at org.apache.hadoop.ozone.protocolPB.OzoneManagerProtocolServerSideTranslatorPB.submitReadRequestToOM(OzoneManagerProtocolServerSideTranslatorPB.java:225) ~[ozone-manager-1.4.0-SNAPSHOT.jar:?]
	at org.apache.hadoop.ozone.protocolPB.OzoneManagerProtocolServerSideTranslatorPB.processRequest(OzoneManagerProtocolServerSideTranslatorPB.java:179) ~[ozone-manager-1.4.0-SNAPSHOT.jar:?]
	at org.apache.hadoop.hdds.server.OzoneProtocolMessageDispatcher.processRequest(OzoneProtocolMessageDispatcher.java:87) [hdds-server-framework-1.4.0-SNAPSHOT.jar:?]
	at org.apache.hadoop.ozone.protocolPB.OzoneManagerProtocolServerSideTranslatorPB.submitRequest(OzoneManagerProtocolServerSideTranslatorPB.java:148) [ozone-manager-1.4.0-SNAPSHOT.jar:?]
	at org.apache.hadoop.ozone.protocol.proto.OzoneManagerProtocolProtos$OzoneManagerService$2.callBlockingMethod(OzoneManagerProtocolProtos.java) [ozone-interface-client-1.4.0-SNAPSHOT.jar:?]
	at org.apache.hadoop.ipc.ProtobufRpcEngine$Server.processCall(ProtobufRpcEngine.java:484) [hadoop-common-3.3.6.jar:?]
	at org.apache.hadoop.ipc.ProtobufRpcEngine2$Server$ProtoBufRpcInvoker.call(ProtobufRpcEngine2.java:595) [hadoop-common-3.3.6.jar:?]
	at org.apache.hadoop.ipc.ProtobufRpcEngine2$Server$ProtoBufRpcInvoker.call(ProtobufRpcEngine2.java:573) [hadoop-common-3.3.6.jar:?]
	at org.apache.hadoop.ipc.RPC$Server.call(RPC.java:1227) [hadoop-common-3.3.6.jar:?]
	at org.apache.hadoop.ipc.Server$RpcCall.run(Server.java:1094) [hadoop-common-3.3.6.jar:?]
	at org.apache.hadoop.ipc.Server$RpcCall.run(Server.java:1017) [hadoop-common-3.3.6.jar:?]
	at java.security.AccessController.doPrivileged(Native Method) ~[?:1.8.0_382]
	at javax.security.auth.Subject.doAs(Subject.java:422) [?:1.8.0_382]
	at org.apache.hadoop.security.UserGroupInformation.doAs(UserGroupInformation.java:1899) [hadoop-common-3.3.6.jar:?]
	at org.apache.hadoop.ipc.Server$Handler.run(Server.java:3048) [hadoop-common-3.3.6.jar:?]
11:33:06.461 [IPC Server handler 5 on default port 15004] ERROR OMAudit - user=runner | ip=127.0.0.1 | op=GET_FILE_STATUS {volume=volume54121, bucket=bucket59518, key=level0/level1/level1, dataSize=0, replicationConfig=null} | ret=FAILURE
org.apache.hadoop.ozone.om.exceptions.OMException: Unable to get file status: volume: volume54121 bucket: bucket59518 key: level0/level1/level1
	at org.apache.hadoop.ozone.om.KeyManagerImpl.getOzoneFileStatus(KeyManagerImpl.java:1195) ~[ozone-manager-1.4.0-SNAPSHOT.jar:?]
	at org.apache.hadoop.ozone.om.KeyManagerImpl.getFileStatus(KeyManagerImpl.java:1113) ~[ozone-manager-1.4.0-SNAPSHOT.jar:?]
	at org.apache.hadoop.ozone.om.OmMetadataReader.getFileStatus(OmMetadataReader.java:262) ~[ozone-manager-1.4.0-SNAPSHOT.jar:?]
	at org.apache.hadoop.ozone.om.OzoneManager.getFileStatus(OzoneManager.java:3513) ~[ozone-manager-1.4.0-SNAPSHOT.jar:?]
	at org.apache.hadoop.ozone.protocolPB.OzoneManagerRequestHandler.getOzoneFileStatus(OzoneManagerRequestHandler.java:973) ~[ozone-manager-1.4.0-SNAPSHOT.jar:?]
	at org.apache.hadoop.ozone.protocolPB.OzoneManagerRequestHandler.handleReadRequest(OzoneManagerRequestHandler.java:252) ~[ozone-manager-1.4.0-SNAPSHOT.jar:?]
	at org.apache.hadoop.ozone.protocolPB.OzoneManagerProtocolServerSideTranslatorPB.submitReadRequestToOM(OzoneManagerProtocolServerSideTranslatorPB.java:225) ~[ozone-manager-1.4.0-SNAPSHOT.jar:?]
	at org.apache.hadoop.ozone.protocolPB.OzoneManagerProtocolServerSideTranslatorPB.processRequest(OzoneManagerProtocolServerSideTranslatorPB.java:179) ~[ozone-manager-1.4.0-SNAPSHOT.jar:?]
	at org.apache.hadoop.hdds.server.OzoneProtocolMessageDispatcher.processRequest(OzoneProtocolMessageDispatcher.java:87) [hdds-server-framework-1.4.0-SNAPSHOT.jar:?]
	at org.apache.hadoop.ozone.protocolPB.OzoneManagerProtocolServerSideTranslatorPB.submitRequest(OzoneManagerProtocolServerSideTranslatorPB.java:148) [ozone-manager-1.4.0-SNAPSHOT.jar:?]
	at org.apache.hadoop.ozone.protocol.proto.OzoneManagerProtocolProtos$OzoneManagerService$2.callBlockingMethod(OzoneManagerProtocolProtos.java) [ozone-interface-client-1.4.0-SNAPSHOT.jar:?]
	at org.apache.hadoop.ipc.ProtobufRpcEngine$Server.processCall(ProtobufRpcEngine.java:484) [hadoop-common-3.3.6.jar:?]
	at org.apache.hadoop.ipc.ProtobufRpcEngine2$Server$ProtoBufRpcInvoker.call(ProtobufRpcEngine2.java:595) [hadoop-common-3.3.6.jar:?]
	at org.apache.hadoop.ipc.ProtobufRpcEngine2$Server$ProtoBufRpcInvoker.call(ProtobufRpcEngine2.java:573) [hadoop-common-3.3.6.jar:?]
	at org.apache.hadoop.ipc.RPC$Server.call(RPC.java:1227) [hadoop-common-3.3.6.jar:?]
	at org.apache.hadoop.ipc.Server$RpcCall.run(Server.java:1094) [hadoop-common-3.3.6.jar:?]
	at org.apache.hadoop.ipc.Server$RpcCall.run(Server.java:1017) [hadoop-common-3.3.6.jar:?]
	at java.security.AccessController.doPrivileged(Native Method) ~[?:1.8.0_382]
	at javax.security.auth.Subject.doAs(Subject.java:422) [?:1.8.0_382]
	at org.apache.hadoop.security.UserGroupInformation.doAs(UserGroupInformation.java:1899) [hadoop-common-3.3.6.jar:?]
	at org.apache.hadoop.ipc.Server$Handler.run(Server.java:3048) [hadoop-common-3.3.6.jar:?]
11:33:06.463 [IPC Server handler 8 on default port 15004] ERROR OMAudit - user=runner | ip=127.0.0.1 | op=GET_FILE_STATUS {volume=volume54121, bucket=bucket59518, key=level0/level1/file1, dataSize=0, replicationConfig=null} | ret=FAILURE
org.apache.hadoop.ozone.om.exceptions.OMException: Unable to get file status: volume: volume54121 bucket: bucket59518 key: level0/level1/file1
	at org.apache.hadoop.ozone.om.KeyManagerImpl.getOzoneFileStatus(KeyManagerImpl.java:1195) ~[ozone-manager-1.4.0-SNAPSHOT.jar:?]
	at org.apache.hadoop.ozone.om.KeyManagerImpl.getFileStatus(KeyManagerImpl.java:1113) ~[ozone-manager-1.4.0-SNAPSHOT.jar:?]
	at org.apache.hadoop.ozone.om.OmMetadataReader.getFileStatus(OmMetadataReader.java:262) ~[ozone-manager-1.4.0-SNAPSHOT.jar:?]
	at org.apache.hadoop.ozone.om.OzoneManager.getFileStatus(OzoneManager.java:3513) ~[ozone-manager-1.4.0-SNAPSHOT.jar:?]
	at org.apache.hadoop.ozone.protocolPB.OzoneManagerRequestHandler.getOzoneFileStatus(OzoneManagerRequestHandler.java:973) ~[ozone-manager-1.4.0-SNAPSHOT.jar:?]
	at org.apache.hadoop.ozone.protocolPB.OzoneManagerRequestHandler.handleReadRequest(OzoneManagerRequestHandler.java:252) ~[ozone-manager-1.4.0-SNAPSHOT.jar:?]
	at org.apache.hadoop.ozone.protocolPB.OzoneManagerProtocolServerSideTranslatorPB.submitReadRequestToOM(OzoneManagerProtocolServerSideTranslatorPB.java:225) ~[ozone-manager-1.4.0-SNAPSHOT.jar:?]
	at org.apache.hadoop.ozone.protocolPB.OzoneManagerProtocolServerSideTranslatorPB.processRequest(OzoneManagerProtocolServerSideTranslatorPB.java:179) ~[ozone-manager-1.4.0-SNAPSHOT.jar:?]
	at org.apache.hadoop.hdds.server.OzoneProtocolMessageDispatcher.processRequest(OzoneProtocolMessageDispatcher.java:87) [hdds-server-framework-1.4.0-SNAPSHOT.jar:?]
	at org.apache.hadoop.ozone.protocolPB.OzoneManagerProtocolServerSideTranslatorPB.submitRequest(OzoneManagerProtocolServerSideTranslatorPB.java:148) [ozone-manager-1.4.0-SNAPSHOT.jar:?]
	at org.apache.hadoop.ozone.protocol.proto.OzoneManagerProtocolProtos$OzoneManagerService$2.callBlockingMethod(OzoneManagerProtocolProtos.java) [ozone-interface-client-1.4.0-SNAPSHOT.jar:?]
	at org.apache.hadoop.ipc.ProtobufRpcEngine$Server.processCall(ProtobufRpcEngine.java:484) [hadoop-common-3.3.6.jar:?]
	at org.apache.hadoop.ipc.ProtobufRpcEngine2$Server$ProtoBufRpcInvoker.call(ProtobufRpcEngine2.java:595) [hadoop-common-3.3.6.jar:?]
	at org.apache.hadoop.ipc.ProtobufRpcEngine2$Server$ProtoBufRpcInvoker.call(ProtobufRpcEngine2.java:573) [hadoop-common-3.3.6.jar:?]
	at org.apache.hadoop.ipc.RPC$Server.call(RPC.java:1227) [hadoop-common-3.3.6.jar:?]
	at org.apache.hadoop.ipc.Server$RpcCall.run(Server.java:1094) [hadoop-common-3.3.6.jar:?]
	at org.apache.hadoop.ipc.Server$RpcCall.run(Server.java:1017) [hadoop-common-3.3.6.jar:?]
	at java.security.AccessController.doPrivileged(Native Method) ~[?:1.8.0_382]
	at javax.security.auth.Subject.doAs(Subject.java:422) [?:1.8.0_382]
	at org.apache.hadoop.security.UserGroupInformation.doAs(UserGroupInformation.java:1899) [hadoop-common-3.3.6.jar:?]
	at org.apache.hadoop.ipc.Server$Handler.run(Server.java:3048) [hadoop-common-3.3.6.jar:?]
11:33:06.466 [IPC Server handler 1 on default port 15004] ERROR OMAudit - user=runner | ip=127.0.0.1 | op=GET_FILE_STATUS {volume=volume54121, bucket=bucket59518, key=level0/level1/level1/file1, dataSize=0, replicationConfig=null} | ret=FAILURE
org.apache.hadoop.ozone.om.exceptions.OMException: Unable to get file status: volume: volume54121 bucket: bucket59518 key: level0/level1/level1/file1
	at org.apache.hadoop.ozone.om.KeyManagerImpl.getOzoneFileStatus(KeyManagerImpl.java:1195) ~[ozone-manager-1.4.0-SNAPSHOT.jar:?]
	at org.apache.hadoop.ozone.om.KeyManagerImpl.getFileStatus(KeyManagerImpl.java:1113) ~[ozone-manager-1.4.0-SNAPSHOT.jar:?]
	at org.apache.hadoop.ozone.om.OmMetadataReader.getFileStatus(OmMetadataReader.java:262) ~[ozone-manager-1.4.0-SNAPSHOT.jar:?]
	at org.apache.hadoop.ozone.om.OzoneManager.getFileStatus(OzoneManager.java:3513) ~[ozone-manager-1.4.0-SNAPSHOT.jar:?]
	at org.apache.hadoop.ozone.protocolPB.OzoneManagerRequestHandler.getOzoneFileStatus(OzoneManagerRequestHandler.java:973) ~[ozone-manager-1.4.0-SNAPSHOT.jar:?]
	at org.apache.hadoop.ozone.protocolPB.OzoneManagerRequestHandler.handleReadRequest(OzoneManagerRequestHandler.java:252) ~[ozone-manager-1.4.0-SNAPSHOT.jar:?]
	at org.apache.hadoop.ozone.protocolPB.OzoneManagerProtocolServerSideTranslatorPB.submitReadRequestToOM(OzoneManagerProtocolServerSideTranslatorPB.java:225) ~[ozone-manager-1.4.0-SNAPSHOT.jar:?]
	at org.apache.hadoop.ozone.protocolPB.OzoneManagerProtocolServerSideTranslatorPB.processRequest(OzoneManagerProtocolServerSideTranslatorPB.java:179) ~[ozone-manager-1.4.0-SNAPSHOT.jar:?]
	at org.apache.hadoop.hdds.server.OzoneProtocolMessageDispatcher.processRequest(OzoneProtocolMessageDispatcher.java:87) [hdds-server-framework-1.4.0-SNAPSHOT.jar:?]
	at org.apache.hadoop.ozone.protocolPB.OzoneManagerProtocolServerSideTranslatorPB.submitRequest(OzoneManagerProtocolServerSideTranslatorPB.java:148) [ozone-manager-1.4.0-SNAPSHOT.jar:?]
	at org.apache.hadoop.ozone.protocol.proto.OzoneManagerProtocolProtos$OzoneManagerService$2.callBlockingMethod(OzoneManagerProtocolProtos.java) [ozone-interface-client-1.4.0-SNAPSHOT.jar:?]
	at org.apache.hadoop.ipc.ProtobufRpcEngine$Server.processCall(ProtobufRpcEngine.java:484) [hadoop-common-3.3.6.jar:?]
	at org.apache.hadoop.ipc.ProtobufRpcEngine2$Server$ProtoBufRpcInvoker.call(ProtobufRpcEngine2.java:595) [hadoop-common-3.3.6.jar:?]
	at org.apache.hadoop.ipc.ProtobufRpcEngine2$Server$ProtoBufRpcInvoker.call(ProtobufRpcEngine2.java:573) [hadoop-common-3.3.6.jar:?]
	at org.apache.hadoop.ipc.RPC$Server.call(RPC.java:1227) [hadoop-common-3.3.6.jar:?]
	at org.apache.hadoop.ipc.Server$RpcCall.run(Server.java:1094) [hadoop-common-3.3.6.jar:?]
	at org.apache.hadoop.ipc.Server$RpcCall.run(Server.java:1017) [hadoop-common-3.3.6.jar:?]
	at java.security.AccessController.doPrivileged(Native Method) ~[?:1.8.0_382]
	at javax.security.auth.Subject.doAs(Subject.java:422) [?:1.8.0_382]
	at org.apache.hadoop.security.UserGroupInformation.doAs(UserGroupInformation.java:1899) [hadoop-common-3.3.6.jar:?]
	at org.apache.hadoop.ipc.Server$Handler.run(Server.java:3048) [hadoop-common-3.3.6.jar:?]
11:33:06.468 [IPC Server handler 11 on default port 15004] ERROR OMAudit - user=runner | ip=127.0.0.1 | op=GET_FILE_STATUS {volume=volume54121, bucket=bucket59518, key=level0/level2, dataSize=0, replicationConfig=null} | ret=FAILURE
org.apache.hadoop.ozone.om.exceptions.OMException: Unable to get file status: volume: volume54121 bucket: bucket59518 key: level0/level2
	at org.apache.hadoop.ozone.om.KeyManagerImpl.getOzoneFileStatus(KeyManagerImpl.java:1195) ~[ozone-manager-1.4.0-SNAPSHOT.jar:?]
	at org.apache.hadoop.ozone.om.KeyManagerImpl.getFileStatus(KeyManagerImpl.java:1113) ~[ozone-manager-1.4.0-SNAPSHOT.jar:?]
	at org.apache.hadoop.ozone.om.OmMetadataReader.getFileStatus(OmMetadataReader.java:262) ~[ozone-manager-1.4.0-SNAPSHOT.jar:?]
	at org.apache.hadoop.ozone.om.OzoneManager.getFileStatus(OzoneManager.java:3513) ~[ozone-manager-1.4.0-SNAPSHOT.jar:?]
	at org.apache.hadoop.ozone.protocolPB.OzoneManagerRequestHandler.getOzoneFileStatus(OzoneManagerRequestHandler.java:973) ~[ozone-manager-1.4.0-SNAPSHOT.jar:?]
	at org.apache.hadoop.ozone.protocolPB.OzoneManagerRequestHandler.handleReadRequest(OzoneManagerRequestHandler.java:252) ~[ozone-manager-1.4.0-SNAPSHOT.jar:?]
	at org.apache.hadoop.ozone.protocolPB.OzoneManagerProtocolServerSideTranslatorPB.submitReadRequestToOM(OzoneManagerProtocolServerSideTranslatorPB.java:225) ~[ozone-manager-1.4.0-SNAPSHOT.jar:?]
	at org.apache.hadoop.ozone.protocolPB.OzoneManagerProtocolServerSideTranslatorPB.processRequest(OzoneManagerProtocolServerSideTranslatorPB.java:179) ~[ozone-manager-1.4.0-SNAPSHOT.jar:?]
	at org.apache.hadoop.hdds.server.OzoneProtocolMessageDispatcher.processRequest(OzoneProtocolMessageDispatcher.java:87) [hdds-server-framework-1.4.0-SNAPSHOT.jar:?]
	at org.apache.hadoop.ozone.protocolPB.OzoneManagerProtocolServerSideTranslatorPB.submitRequest(OzoneManagerProtocolServerSideTranslatorPB.java:148) [ozone-manager-1.4.0-SNAPSHOT.jar:?]
	at org.apache.hadoop.ozone.protocol.proto.OzoneManagerProtocolProtos$OzoneManagerService$2.callBlockingMethod(OzoneManagerProtocolProtos.java) [ozone-interface-client-1.4.0-SNAPSHOT.jar:?]
	at org.apache.hadoop.ipc.ProtobufRpcEngine$Server.processCall(ProtobufRpcEngine.java:484) [hadoop-common-3.3.6.jar:?]
	at org.apache.hadoop.ipc.ProtobufRpcEngine2$Server$ProtoBufRpcInvoker.call(ProtobufRpcEngine2.java:595) [hadoop-common-3.3.6.jar:?]
	at org.apache.hadoop.ipc.ProtobufRpcEngine2$Server$ProtoBufRpcInvoker.call(ProtobufRpcEngine2.java:573) [hadoop-common-3.3.6.jar:?]
	at org.apache.hadoop.ipc.RPC$Server.call(RPC.java:1227) [hadoop-common-3.3.6.jar:?]
	at org.apache.hadoop.ipc.Server$RpcCall.run(Server.java:1094) [hadoop-common-3.3.6.jar:?]
	at org.apache.hadoop.ipc.Server$RpcCall.run(Server.java:1017) [hadoop-common-3.3.6.jar:?]
	at java.security.AccessController.doPrivileged(Native Method) ~[?:1.8.0_382]
	at javax.security.auth.Subject.doAs(Subject.java:422) [?:1.8.0_382]
	at org.apache.hadoop.security.UserGroupInformation.doAs(UserGroupInformation.java:1899) [hadoop-common-3.3.6.jar:?]
	at org.apache.hadoop.ipc.Server$Handler.run(Server.java:3048) [hadoop-common-3.3.6.jar:?]
11:33:06.470 [IPC Server handler 10 on default port 15004] ERROR OMAudit - user=runner | ip=127.0.0.1 | op=GET_FILE_STATUS {volume=volume54121, bucket=bucket59518, key=level0/level2/level2, dataSize=0, replicationConfig=null} | ret=FAILURE
org.apache.hadoop.ozone.om.exceptions.OMException: Unable to get file status: volume: volume54121 bucket: bucket59518 key: level0/level2/level2
	at org.apache.hadoop.ozone.om.KeyManagerImpl.getOzoneFileStatus(KeyManagerImpl.java:1195) ~[ozone-manager-1.4.0-SNAPSHOT.jar:?]
	at org.apache.hadoop.ozone.om.KeyManagerImpl.getFileStatus(KeyManagerImpl.java:1113) ~[ozone-manager-1.4.0-SNAPSHOT.jar:?]
	at org.apache.hadoop.ozone.om.OmMetadataReader.getFileStatus(OmMetadataReader.java:262) ~[ozone-manager-1.4.0-SNAPSHOT.jar:?]
	at org.apache.hadoop.ozone.om.OzoneManager.getFileStatus(OzoneManager.java:3513) ~[ozone-manager-1.4.0-SNAPSHOT.jar:?]
	at org.apache.hadoop.ozone.protocolPB.OzoneManagerRequestHandler.getOzoneFileStatus(OzoneManagerRequestHandler.java:973) ~[ozone-manager-1.4.0-SNAPSHOT.jar:?]
	at org.apache.hadoop.ozone.protocolPB.OzoneManagerRequestHandler.handleReadRequest(OzoneManagerRequestHandler.java:252) ~[ozone-manager-1.4.0-SNAPSHOT.jar:?]
	at org.apache.hadoop.ozone.protocolPB.OzoneManagerProtocolServerSideTranslatorPB.submitReadRequestToOM(OzoneManagerProtocolServerSideTranslatorPB.java:225) ~[ozone-manager-1.4.0-SNAPSHOT.jar:?]
	at org.apache.hadoop.ozone.protocolPB.OzoneManagerProtocolServerSideTranslatorPB.processRequest(OzoneManagerProtocolServerSideTranslatorPB.java:179) ~[ozone-manager-1.4.0-SNAPSHOT.jar:?]
	at org.apache.hadoop.hdds.server.OzoneProtocolMessageDispatcher.processRequest(OzoneProtocolMessageDispatcher.java:87) [hdds-server-framework-1.4.0-SNAPSHOT.jar:?]
	at org.apache.hadoop.ozone.protocolPB.OzoneManagerProtocolServerSideTranslatorPB.submitRequest(OzoneManagerProtocolServerSideTranslatorPB.java:148) [ozone-manager-1.4.0-SNAPSHOT.jar:?]
	at org.apache.hadoop.ozone.protocol.proto.OzoneManagerProtocolProtos$OzoneManagerService$2.callBlockingMethod(OzoneManagerProtocolProtos.java) [ozone-interface-client-1.4.0-SNAPSHOT.jar:?]
	at org.apache.hadoop.ipc.ProtobufRpcEngine$Server.processCall(ProtobufRpcEngine.java:484) [hadoop-common-3.3.6.jar:?]
	at org.apache.hadoop.ipc.ProtobufRpcEngine2$Server$ProtoBufRpcInvoker.call(ProtobufRpcEngine2.java:595) [hadoop-common-3.3.6.jar:?]
	at org.apache.hadoop.ipc.ProtobufRpcEngine2$Server$ProtoBufRpcInvoker.call(ProtobufRpcEngine2.java:573) [hadoop-common-3.3.6.jar:?]
	at org.apache.hadoop.ipc.RPC$Server.call(RPC.java:1227) [hadoop-common-3.3.6.jar:?]
	at org.apache.hadoop.ipc.Server$RpcCall.run(Server.java:1094) [hadoop-common-3.3.6.jar:?]
	at org.apache.hadoop.ipc.Server$RpcCall.run(Server.java:1017) [hadoop-common-3.3.6.jar:?]
	at java.security.AccessController.doPrivileged(Native Method) ~[?:1.8.0_382]
	at javax.security.auth.Subject.doAs(Subject.java:422) [?:1.8.0_382]
	at org.apache.hadoop.security.UserGroupInformation.doAs(UserGroupInformation.java:1899) [hadoop-common-3.3.6.jar:?]
	at org.apache.hadoop.ipc.Server$Handler.run(Server.java:3048) [hadoop-common-3.3.6.jar:?]
11:33:06.472 [IPC Server handler 13 on default port 15004] ERROR OMAudit - user=runner | ip=127.0.0.1 | op=GET_FILE_STATUS {volume=volume54121, bucket=bucket59518, key=level0/level2/file1, dataSize=0, replicationConfig=null} | ret=FAILURE
org.apache.hadoop.ozone.om.exceptions.OMException: Unable to get file status: volume: volume54121 bucket: bucket59518 key: level0/level2/file1
	at org.apache.hadoop.ozone.om.KeyManagerImpl.getOzoneFileStatus(KeyManagerImpl.java:1195) ~[ozone-manager-1.4.0-SNAPSHOT.jar:?]
	at org.apache.hadoop.ozone.om.KeyManagerImpl.getFileStatus(KeyManagerImpl.java:1113) ~[ozone-manager-1.4.0-SNAPSHOT.jar:?]
	at org.apache.hadoop.ozone.om.OmMetadataReader.getFileStatus(OmMetadataReader.java:262) ~[ozone-manager-1.4.0-SNAPSHOT.jar:?]
	at org.apache.hadoop.ozone.om.OzoneManager.getFileStatus(OzoneManager.java:3513) ~[ozone-manager-1.4.0-SNAPSHOT.jar:?]
	at org.apache.hadoop.ozone.protocolPB.OzoneManagerRequestHandler.getOzoneFileStatus(OzoneManagerRequestHandler.java:973) ~[ozone-manager-1.4.0-SNAPSHOT.jar:?]
	at org.apache.hadoop.ozone.protocolPB.OzoneManagerRequestHandler.handleReadRequest(OzoneManagerRequestHandler.java:252) ~[ozone-manager-1.4.0-SNAPSHOT.jar:?]
	at org.apache.hadoop.ozone.protocolPB.OzoneManagerProtocolServerSideTranslatorPB.submitReadRequestToOM(OzoneManagerProtocolServerSideTranslatorPB.java:225) ~[ozone-manager-1.4.0-SNAPSHOT.jar:?]
	at org.apache.hadoop.ozone.protocolPB.OzoneManagerProtocolServerSideTranslatorPB.processRequest(OzoneManagerProtocolServerSideTranslatorPB.java:179) ~[ozone-manager-1.4.0-SNAPSHOT.jar:?]
	at org.apache.hadoop.hdds.server.OzoneProtocolMessageDispatcher.processRequest(OzoneProtocolMessageDispatcher.java:87) [hdds-server-framework-1.4.0-SNAPSHOT.jar:?]
	at org.apache.hadoop.ozone.protocolPB.OzoneManagerProtocolServerSideTranslatorPB.submitRequest(OzoneManagerProtocolServerSideTranslatorPB.java:148) [ozone-manager-1.4.0-SNAPSHOT.jar:?]
	at org.apache.hadoop.ozone.protocol.proto.OzoneManagerProtocolProtos$OzoneManagerService$2.callBlockingMethod(OzoneManagerProtocolProtos.java) [ozone-interface-client-1.4.0-SNAPSHOT.jar:?]
	at org.apache.hadoop.ipc.ProtobufRpcEngine$Server.processCall(ProtobufRpcEngine.java:484) [hadoop-common-3.3.6.jar:?]
	at org.apache.hadoop.ipc.ProtobufRpcEngine2$Server$ProtoBufRpcInvoker.call(ProtobufRpcEngine2.java:595) [hadoop-common-3.3.6.jar:?]
	at org.apache.hadoop.ipc.ProtobufRpcEngine2$Server$ProtoBufRpcInvoker.call(ProtobufRpcEngine2.java:573) [hadoop-common-3.3.6.jar:?]
	at org.apache.hadoop.ipc.RPC$Server.call(RPC.java:1227) [hadoop-common-3.3.6.jar:?]
	at org.apache.hadoop.ipc.Server$RpcCall.run(Server.java:1094) [hadoop-common-3.3.6.jar:?]
	at org.apache.hadoop.ipc.Server$RpcCall.run(Server.java:1017) [hadoop-common-3.3.6.jar:?]
	at java.security.AccessController.doPrivileged(Native Method) ~[?:1.8.0_382]
	at javax.security.auth.Subject.doAs(Subject.java:422) [?:1.8.0_382]
	at org.apache.hadoop.security.UserGroupInformation.doAs(UserGroupInformation.java:1899) [hadoop-common-3.3.6.jar:?]
	at org.apache.hadoop.ipc.Server$Handler.run(Server.java:3048) [hadoop-common-3.3.6.jar:?]
11:33:06.475 [IPC Server handler 0 on default port 15004] ERROR OMAudit - user=runner | ip=127.0.0.1 | op=GET_FILE_STATUS {volume=volume54121, bucket=bucket59518, key=level0/level2/level2/file1, dataSize=0, replicationConfig=null} | ret=FAILURE
org.apache.hadoop.ozone.om.exceptions.OMException: Unable to get file status: volume: volume54121 bucket: bucket59518 key: level0/level2/level2/file1
	at org.apache.hadoop.ozone.om.KeyManagerImpl.getOzoneFileStatus(KeyManagerImpl.java:1195) ~[ozone-manager-1.4.0-SNAPSHOT.jar:?]
	at org.apache.hadoop.ozone.om.KeyManagerImpl.getFileStatus(KeyManagerImpl.java:1113) ~[ozone-manager-1.4.0-SNAPSHOT.jar:?]
	at org.apache.hadoop.ozone.om.OmMetadataReader.getFileStatus(OmMetadataReader.java:262) ~[ozone-manager-1.4.0-SNAPSHOT.jar:?]
	at org.apache.hadoop.ozone.om.OzoneManager.getFileStatus(OzoneManager.java:3513) ~[ozone-manager-1.4.0-SNAPSHOT.jar:?]
	at org.apache.hadoop.ozone.protocolPB.OzoneManagerRequestHandler.getOzoneFileStatus(OzoneManagerRequestHandler.java:973) ~[ozone-manager-1.4.0-SNAPSHOT.jar:?]
	at org.apache.hadoop.ozone.protocolPB.OzoneManagerRequestHandler.handleReadRequest(OzoneManagerRequestHandler.java:252) ~[ozone-manager-1.4.0-SNAPSHOT.jar:?]
	at org.apache.hadoop.ozone.protocolPB.OzoneManagerProtocolServerSideTranslatorPB.submitReadRequestToOM(OzoneManagerProtocolServerSideTranslatorPB.java:225) ~[ozone-manager-1.4.0-SNAPSHOT.jar:?]
	at org.apache.hadoop.ozone.protocolPB.OzoneManagerProtocolServerSideTranslatorPB.processRequest(OzoneManagerProtocolServerSideTranslatorPB.java:179) ~[ozone-manager-1.4.0-SNAPSHOT.jar:?]
	at org.apache.hadoop.hdds.server.OzoneProtocolMessageDispatcher.processRequest(OzoneProtocolMessageDispatcher.java:87) [hdds-server-framework-1.4.0-SNAPSHOT.jar:?]
	at org.apache.hadoop.ozone.protocolPB.OzoneManagerProtocolServerSideTranslatorPB.submitRequest(OzoneManagerProtocolServerSideTranslatorPB.java:148) [ozone-manager-1.4.0-SNAPSHOT.jar:?]
	at org.apache.hadoop.ozone.protocol.proto.OzoneManagerProtocolProtos$OzoneManagerService$2.callBlockingMethod(OzoneManagerProtocolProtos.java) [ozone-interface-client-1.4.0-SNAPSHOT.jar:?]
	at org.apache.hadoop.ipc.ProtobufRpcEngine$Server.processCall(ProtobufRpcEngine.java:484) [hadoop-common-3.3.6.jar:?]
	at org.apache.hadoop.ipc.ProtobufRpcEngine2$Server$ProtoBufRpcInvoker.call(ProtobufRpcEngine2.java:595) [hadoop-common-3.3.6.jar:?]
	at org.apache.hadoop.ipc.ProtobufRpcEngine2$Server$ProtoBufRpcInvoker.call(ProtobufRpcEngine2.java:573) [hadoop-common-3.3.6.jar:?]
	at org.apache.hadoop.ipc.RPC$Server.call(RPC.java:1227) [hadoop-common-3.3.6.jar:?]
	at org.apache.hadoop.ipc.Server$RpcCall.run(Server.java:1094) [hadoop-common-3.3.6.jar:?]
	at org.apache.hadoop.ipc.Server$RpcCall.run(Server.java:1017) [hadoop-common-3.3.6.jar:?]
	at java.security.AccessController.doPrivileged(Native Method) ~[?:1.8.0_382]
	at javax.security.auth.Subject.doAs(Subject.java:422) [?:1.8.0_382]
	at org.apache.hadoop.security.UserGroupInformation.doAs(UserGroupInformation.java:1899) [hadoop-common-3.3.6.jar:?]
	at org.apache.hadoop.ipc.Server$Handler.run(Server.java:3048) [hadoop-common-3.3.6.jar:?]
11:33:06.477 [IPC Server handler 2 on default port 15004] ERROR OMAudit - user=runner | ip=127.0.0.1 | op=GET_FILE_STATUS {volume=volume54121, bucket=bucket59518, key=level0/level3, dataSize=0, replicationConfig=null} | ret=FAILURE
org.apache.hadoop.ozone.om.exceptions.OMException: Unable to get file status: volume: volume54121 bucket: bucket59518 key: level0/level3
	at org.apache.hadoop.ozone.om.KeyManagerImpl.getOzoneFileStatus(KeyManagerImpl.java:1195) ~[ozone-manager-1.4.0-SNAPSHOT.jar:?]
	at org.apache.hadoop.ozone.om.KeyManagerImpl.getFileStatus(KeyManagerImpl.java:1113) ~[ozone-manager-1.4.0-SNAPSHOT.jar:?]
	at org.apache.hadoop.ozone.om.OmMetadataReader.getFileStatus(OmMetadataReader.java:262) ~[ozone-manager-1.4.0-SNAPSHOT.jar:?]
	at org.apache.hadoop.ozone.om.OzoneManager.getFileStatus(OzoneManager.java:3513) ~[ozone-manager-1.4.0-SNAPSHOT.jar:?]
	at org.apache.hadoop.ozone.protocolPB.OzoneManagerRequestHandler.getOzoneFileStatus(OzoneManagerRequestHandler.java:973) ~[ozone-manager-1.4.0-SNAPSHOT.jar:?]
	at org.apache.hadoop.ozone.protocolPB.OzoneManagerRequestHandler.handleReadRequest(OzoneManagerRequestHandler.java:252) ~[ozone-manager-1.4.0-SNAPSHOT.jar:?]
	at org.apache.hadoop.ozone.protocolPB.OzoneManagerProtocolServerSideTranslatorPB.submitReadRequestToOM(OzoneManagerProtocolServerSideTranslatorPB.java:225) ~[ozone-manager-1.4.0-SNAPSHOT.jar:?]
	at org.apache.hadoop.ozone.protocolPB.OzoneManagerProtocolServerSideTranslatorPB.processRequest(OzoneManagerProtocolServerSideTranslatorPB.java:179) ~[ozone-manager-1.4.0-SNAPSHOT.jar:?]
	at org.apache.hadoop.hdds.server.OzoneProtocolMessageDispatcher.processRequest(OzoneProtocolMessageDispatcher.java:87) [hdds-server-framework-1.4.0-SNAPSHOT.jar:?]
	at org.apache.hadoop.ozone.protocolPB.OzoneManagerProtocolServerSideTranslatorPB.submitRequest(OzoneManagerProtocolServerSideTranslatorPB.java:148) [ozone-manager-1.4.0-SNAPSHOT.jar:?]
	at org.apache.hadoop.ozone.protocol.proto.OzoneManagerProtocolProtos$OzoneManagerService$2.callBlockingMethod(OzoneManagerProtocolProtos.java) [ozone-interface-client-1.4.0-SNAPSHOT.jar:?]
	at org.apache.hadoop.ipc.ProtobufRpcEngine$Server.processCall(ProtobufRpcEngine.java:484) [hadoop-common-3.3.6.jar:?]
	at org.apache.hadoop.ipc.ProtobufRpcEngine2$Server$ProtoBufRpcInvoker.call(ProtobufRpcEngine2.java:595) [hadoop-common-3.3.6.jar:?]
	at org.apache.hadoop.ipc.ProtobufRpcEngine2$Server$ProtoBufRpcInvoker.call(ProtobufRpcEngine2.java:573) [hadoop-common-3.3.6.jar:?]
	at org.apache.hadoop.ipc.RPC$Server.call(RPC.java:1227) [hadoop-common-3.3.6.jar:?]
	at org.apache.hadoop.ipc.Server$RpcCall.run(Server.java:1094) [hadoop-common-3.3.6.jar:?]
	at org.apache.hadoop.ipc.Server$RpcCall.run(Server.java:1017) [hadoop-common-3.3.6.jar:?]
	at java.security.AccessController.doPrivileged(Native Method) ~[?:1.8.0_382]
	at javax.security.auth.Subject.doAs(Subject.java:422) [?:1.8.0_382]
	at org.apache.hadoop.security.UserGroupInformation.doAs(UserGroupInformation.java:1899) [hadoop-common-3.3.6.jar:?]
	at org.apache.hadoop.ipc.Server$Handler.run(Server.java:3048) [hadoop-common-3.3.6.jar:?]
11:33:06.480 [IPC Server handler 7 on default port 15004] ERROR OMAudit - user=runner | ip=127.0.0.1 | op=GET_FILE_STATUS {volume=volume54121, bucket=bucket59518, key=level0/level3/level3, dataSize=0, replicationConfig=null} | ret=FAILURE
org.apache.hadoop.ozone.om.exceptions.OMException: Unable to get file status: volume: volume54121 bucket: bucket59518 key: level0/level3/level3
	at org.apache.hadoop.ozone.om.KeyManagerImpl.getOzoneFileStatus(KeyManagerImpl.java:1195) ~[ozone-manager-1.4.0-SNAPSHOT.jar:?]
	at org.apache.hadoop.ozone.om.KeyManagerImpl.getFileStatus(KeyManagerImpl.java:1113) ~[ozone-manager-1.4.0-SNAPSHOT.jar:?]
	at org.apache.hadoop.ozone.om.OmMetadataReader.getFileStatus(OmMetadataReader.java:262) ~[ozone-manager-1.4.0-SNAPSHOT.jar:?]
	at org.apache.hadoop.ozone.om.OzoneManager.getFileStatus(OzoneManager.java:3513) ~[ozone-manager-1.4.0-SNAPSHOT.jar:?]
	at org.apache.hadoop.ozone.protocolPB.OzoneManagerRequestHandler.getOzoneFileStatus(OzoneManagerRequestHandler.java:973) ~[ozone-manager-1.4.0-SNAPSHOT.jar:?]
	at org.apache.hadoop.ozone.protocolPB.OzoneManagerRequestHandler.handleReadRequest(OzoneManagerRequestHandler.java:252) ~[ozone-manager-1.4.0-SNAPSHOT.jar:?]
	at org.apache.hadoop.ozone.protocolPB.OzoneManagerProtocolServerSideTranslatorPB.submitReadRequestToOM(OzoneManagerProtocolServerSideTranslatorPB.java:225) ~[ozone-manager-1.4.0-SNAPSHOT.jar:?]
	at org.apache.hadoop.ozone.protocolPB.OzoneManagerProtocolServerSideTranslatorPB.processRequest(OzoneManagerProtocolServerSideTranslatorPB.java:179) ~[ozone-manager-1.4.0-SNAPSHOT.jar:?]
	at org.apache.hadoop.hdds.server.OzoneProtocolMessageDispatcher.processRequest(OzoneProtocolMessageDispatcher.java:87) [hdds-server-framework-1.4.0-SNAPSHOT.jar:?]
	at org.apache.hadoop.ozone.protocolPB.OzoneManagerProtocolServerSideTranslatorPB.submitRequest(OzoneManagerProtocolServerSideTranslatorPB.java:148) [ozone-manager-1.4.0-SNAPSHOT.jar:?]
	at org.apache.hadoop.ozone.protocol.proto.OzoneManagerProtocolProtos$OzoneManagerService$2.callBlockingMethod(OzoneManagerProtocolProtos.java) [ozone-interface-client-1.4.0-SNAPSHOT.jar:?]
	at org.apache.hadoop.ipc.ProtobufRpcEngine$Server.processCall(ProtobufRpcEngine.java:484) [hadoop-common-3.3.6.jar:?]
	at org.apache.hadoop.ipc.ProtobufRpcEngine2$Server$ProtoBufRpcInvoker.call(ProtobufRpcEngine2.java:595) [hadoop-common-3.3.6.jar:?]
	at org.apache.hadoop.ipc.ProtobufRpcEngine2$Server$ProtoBufRpcInvoker.call(ProtobufRpcEngine2.java:573) [hadoop-common-3.3.6.jar:?]
	at org.apache.hadoop.ipc.RPC$Server.call(RPC.java:1227) [hadoop-common-3.3.6.jar:?]
	at org.apache.hadoop.ipc.Server$RpcCall.run(Server.java:1094) [hadoop-common-3.3.6.jar:?]
	at org.apache.hadoop.ipc.Server$RpcCall.run(Server.java:1017) [hadoop-common-3.3.6.jar:?]
	at java.security.AccessController.doPrivileged(Native Method) ~[?:1.8.0_382]
	at javax.security.auth.Subject.doAs(Subject.java:422) [?:1.8.0_382]
	at org.apache.hadoop.security.UserGroupInformation.doAs(UserGroupInformation.java:1899) [hadoop-common-3.3.6.jar:?]
	at org.apache.hadoop.ipc.Server$Handler.run(Server.java:3048) [hadoop-common-3.3.6.jar:?]
11:33:06.482 [IPC Server handler 4 on default port 15004] ERROR OMAudit - user=runner | ip=127.0.0.1 | op=GET_FILE_STATUS {volume=volume54121, bucket=bucket59518, key=level0/level3/file1, dataSize=0, replicationConfig=null} | ret=FAILURE
org.apache.hadoop.ozone.om.exceptions.OMException: Unable to get file status: volume: volume54121 bucket: bucket59518 key: level0/level3/file1
	at org.apache.hadoop.ozone.om.KeyManagerImpl.getOzoneFileStatus(KeyManagerImpl.java:1195) ~[ozone-manager-1.4.0-SNAPSHOT.jar:?]
	at org.apache.hadoop.ozone.om.KeyManagerImpl.getFileStatus(KeyManagerImpl.java:1113) ~[ozone-manager-1.4.0-SNAPSHOT.jar:?]
	at org.apache.hadoop.ozone.om.OmMetadataReader.getFileStatus(OmMetadataReader.java:262) ~[ozone-manager-1.4.0-SNAPSHOT.jar:?]
	at org.apache.hadoop.ozone.om.OzoneManager.getFileStatus(OzoneManager.java:3513) ~[ozone-manager-1.4.0-SNAPSHOT.jar:?]
	at org.apache.hadoop.ozone.protocolPB.OzoneManagerRequestHandler.getOzoneFileStatus(OzoneManagerRequestHandler.java:973) ~[ozone-manager-1.4.0-SNAPSHOT.jar:?]
	at org.apache.hadoop.ozone.protocolPB.OzoneManagerRequestHandler.handleReadRequest(OzoneManagerRequestHandler.java:252) ~[ozone-manager-1.4.0-SNAPSHOT.jar:?]
	at org.apache.hadoop.ozone.protocolPB.OzoneManagerProtocolServerSideTranslatorPB.submitReadRequestToOM(OzoneManagerProtocolServerSideTranslatorPB.java:225) ~[ozone-manager-1.4.0-SNAPSHOT.jar:?]
	at org.apache.hadoop.ozone.protocolPB.OzoneManagerProtocolServerSideTranslatorPB.processRequest(OzoneManagerProtocolServerSideTranslatorPB.java:179) ~[ozone-manager-1.4.0-SNAPSHOT.jar:?]
	at org.apache.hadoop.hdds.server.OzoneProtocolMessageDispatcher.processRequest(OzoneProtocolMessageDispatcher.java:87) [hdds-server-framework-1.4.0-SNAPSHOT.jar:?]
	at org.apache.hadoop.ozone.protocolPB.OzoneManagerProtocolServerSideTranslatorPB.submitRequest(OzoneManagerProtocolServerSideTranslatorPB.java:148) [ozone-manager-1.4.0-SNAPSHOT.jar:?]
	at org.apache.hadoop.ozone.protocol.proto.OzoneManagerProtocolProtos$OzoneManagerService$2.callBlockingMethod(OzoneManagerProtocolProtos.java) [ozone-interface-client-1.4.0-SNAPSHOT.jar:?]
	at org.apache.hadoop.ipc.ProtobufRpcEngine$Server.processCall(ProtobufRpcEngine.java:484) [hadoop-common-3.3.6.jar:?]
	at org.apache.hadoop.ipc.ProtobufRpcEngine2$Server$ProtoBufRpcInvoker.call(ProtobufRpcEngine2.java:595) [hadoop-common-3.3.6.jar:?]
	at org.apache.hadoop.ipc.ProtobufRpcEngine2$Server$ProtoBufRpcInvoker.call(ProtobufRpcEngine2.java:573) [hadoop-common-3.3.6.jar:?]
	at org.apache.hadoop.ipc.RPC$Server.call(RPC.java:1227) [hadoop-common-3.3.6.jar:?]
	at org.apache.hadoop.ipc.Server$RpcCall.run(Server.java:1094) [hadoop-common-3.3.6.jar:?]
	at org.apache.hadoop.ipc.Server$RpcCall.run(Server.java:1017) [hadoop-common-3.3.6.jar:?]
	at java.security.AccessController.doPrivileged(Native Method) ~[?:1.8.0_382]
	at javax.security.auth.Subject.doAs(Subject.java:422) [?:1.8.0_382]
	at org.apache.hadoop.security.UserGroupInformation.doAs(UserGroupInformation.java:1899) [hadoop-common-3.3.6.jar:?]
	at org.apache.hadoop.ipc.Server$Handler.run(Server.java:3048) [hadoop-common-3.3.6.jar:?]
11:33:06.484 [IPC Server handler 6 on default port 15004] ERROR OMAudit - user=runner | ip=127.0.0.1 | op=GET_FILE_STATUS {volume=volume54121, bucket=bucket59518, key=level0/level3/level3/file1, dataSize=0, replicationConfig=null} | ret=FAILURE
org.apache.hadoop.ozone.om.exceptions.OMException: Unable to get file status: volume: volume54121 bucket: bucket59518 key: level0/level3/level3/file1
	at org.apache.hadoop.ozone.om.KeyManagerImpl.getOzoneFileStatus(KeyManagerImpl.java:1195) ~[ozone-manager-1.4.0-SNAPSHOT.jar:?]
	at org.apache.hadoop.ozone.om.KeyManagerImpl.getFileStatus(KeyManagerImpl.java:1113) ~[ozone-manager-1.4.0-SNAPSHOT.jar:?]
	at org.apache.hadoop.ozone.om.OmMetadataReader.getFileStatus(OmMetadataReader.java:262) ~[ozone-manager-1.4.0-SNAPSHOT.jar:?]
	at org.apache.hadoop.ozone.om.OzoneManager.getFileStatus(OzoneManager.java:3513) ~[ozone-manager-1.4.0-SNAPSHOT.jar:?]
	at org.apache.hadoop.ozone.protocolPB.OzoneManagerRequestHandler.getOzoneFileStatus(OzoneManagerRequestHandler.java:973) ~[ozone-manager-1.4.0-SNAPSHOT.jar:?]
	at org.apache.hadoop.ozone.protocolPB.OzoneManagerRequestHandler.handleReadRequest(OzoneManagerRequestHandler.java:252) ~[ozone-manager-1.4.0-SNAPSHOT.jar:?]
	at org.apache.hadoop.ozone.protocolPB.OzoneManagerProtocolServerSideTranslatorPB.submitReadRequestToOM(OzoneManagerProtocolServerSideTranslatorPB.java:225) ~[ozone-manager-1.4.0-SNAPSHOT.jar:?]
	at org.apache.hadoop.ozone.protocolPB.OzoneManagerProtocolServerSideTranslatorPB.processRequest(OzoneManagerProtocolServerSideTranslatorPB.java:179) ~[ozone-manager-1.4.0-SNAPSHOT.jar:?]
	at org.apache.hadoop.hdds.server.OzoneProtocolMessageDispatcher.processRequest(OzoneProtocolMessageDispatcher.java:87) [hdds-server-framework-1.4.0-SNAPSHOT.jar:?]
	at org.apache.hadoop.ozone.protocolPB.OzoneManagerProtocolServerSideTranslatorPB.submitRequest(OzoneManagerProtocolServerSideTranslatorPB.java:148) [ozone-manager-1.4.0-SNAPSHOT.jar:?]
	at org.apache.hadoop.ozone.protocol.proto.OzoneManagerProtocolProtos$OzoneManagerService$2.callBlockingMethod(OzoneManagerProtocolProtos.java) [ozone-interface-client-1.4.0-SNAPSHOT.jar:?]
	at org.apache.hadoop.ipc.ProtobufRpcEngine$Server.processCall(ProtobufRpcEngine.java:484) [hadoop-common-3.3.6.jar:?]
	at org.apache.hadoop.ipc.ProtobufRpcEngine2$Server$ProtoBufRpcInvoker.call(ProtobufRpcEngine2.java:595) [hadoop-common-3.3.6.jar:?]
	at org.apache.hadoop.ipc.ProtobufRpcEngine2$Server$ProtoBufRpcInvoker.call(ProtobufRpcEngine2.java:573) [hadoop-common-3.3.6.jar:?]
	at org.apache.hadoop.ipc.RPC$Server.call(RPC.java:1227) [hadoop-common-3.3.6.jar:?]
	at org.apache.hadoop.ipc.Server$RpcCall.run(Server.java:1094) [hadoop-common-3.3.6.jar:?]
	at org.apache.hadoop.ipc.Server$RpcCall.run(Server.java:1017) [hadoop-common-3.3.6.jar:?]
	at java.security.AccessController.doPrivileged(Native Method) ~[?:1.8.0_382]
	at javax.security.auth.Subject.doAs(Subject.java:422) [?:1.8.0_382]
	at org.apache.hadoop.security.UserGroupInformation.doAs(UserGroupInformation.java:1899) [hadoop-common-3.3.6.jar:?]
	at org.apache.hadoop.ipc.Server$Handler.run(Server.java:3048) [hadoop-common-3.3.6.jar:?]
]]></system-out>
  </testcase>
  <testcase name="testRecursiveDelete" classname="TestOzoneFileSystem" time="0.244">
    <system-out><![CDATA[11:35:01.259 [IPC Server handler 5 on default port 15057] ERROR OMAudit - user=runner | ip=127.0.0.1 | op=GET_FILE_STATUS {volume=volume67780, bucket=bucket36604, key=gdir1, dataSize=0, replicationConfig=null} | ret=FAILURE
org.apache.hadoop.ozone.om.exceptions.OMException: Unable to get file status: volume: volume67780 bucket: bucket36604 key: gdir1
	at org.apache.hadoop.ozone.om.KeyManagerImpl.getOzoneFileStatus(KeyManagerImpl.java:1195) ~[ozone-manager-1.4.0-SNAPSHOT.jar:?]
	at org.apache.hadoop.ozone.om.KeyManagerImpl.getFileStatus(KeyManagerImpl.java:1113) ~[ozone-manager-1.4.0-SNAPSHOT.jar:?]
	at org.apache.hadoop.ozone.om.OmMetadataReader.getFileStatus(OmMetadataReader.java:262) ~[ozone-manager-1.4.0-SNAPSHOT.jar:?]
	at org.apache.hadoop.ozone.om.OzoneManager.getFileStatus(OzoneManager.java:3513) ~[ozone-manager-1.4.0-SNAPSHOT.jar:?]
	at org.apache.hadoop.ozone.protocolPB.OzoneManagerRequestHandler.getOzoneFileStatus(OzoneManagerRequestHandler.java:973) ~[ozone-manager-1.4.0-SNAPSHOT.jar:?]
	at org.apache.hadoop.ozone.protocolPB.OzoneManagerRequestHandler.handleReadRequest(OzoneManagerRequestHandler.java:252) ~[ozone-manager-1.4.0-SNAPSHOT.jar:?]
	at org.apache.hadoop.ozone.protocolPB.OzoneManagerProtocolServerSideTranslatorPB.submitRequestDirectlyToOM(OzoneManagerProtocolServerSideTranslatorPB.java:274) ~[ozone-manager-1.4.0-SNAPSHOT.jar:?]
	at org.apache.hadoop.ozone.protocolPB.OzoneManagerProtocolServerSideTranslatorPB.processRequest(OzoneManagerProtocolServerSideTranslatorPB.java:175) ~[ozone-manager-1.4.0-SNAPSHOT.jar:?]
	at org.apache.hadoop.hdds.server.OzoneProtocolMessageDispatcher.processRequest(OzoneProtocolMessageDispatcher.java:87) [hdds-server-framework-1.4.0-SNAPSHOT.jar:?]
	at org.apache.hadoop.ozone.protocolPB.OzoneManagerProtocolServerSideTranslatorPB.submitRequest(OzoneManagerProtocolServerSideTranslatorPB.java:148) [ozone-manager-1.4.0-SNAPSHOT.jar:?]
	at org.apache.hadoop.ozone.protocol.proto.OzoneManagerProtocolProtos$OzoneManagerService$2.callBlockingMethod(OzoneManagerProtocolProtos.java) [ozone-interface-client-1.4.0-SNAPSHOT.jar:?]
	at org.apache.hadoop.ipc.ProtobufRpcEngine$Server.processCall(ProtobufRpcEngine.java:484) [hadoop-common-3.3.6.jar:?]
	at org.apache.hadoop.ipc.ProtobufRpcEngine2$Server$ProtoBufRpcInvoker.call(ProtobufRpcEngine2.java:595) [hadoop-common-3.3.6.jar:?]
	at org.apache.hadoop.ipc.ProtobufRpcEngine2$Server$ProtoBufRpcInvoker.call(ProtobufRpcEngine2.java:573) [hadoop-common-3.3.6.jar:?]
	at org.apache.hadoop.ipc.RPC$Server.call(RPC.java:1227) [hadoop-common-3.3.6.jar:?]
	at org.apache.hadoop.ipc.Server$RpcCall.run(Server.java:1094) [hadoop-common-3.3.6.jar:?]
	at org.apache.hadoop.ipc.Server$RpcCall.run(Server.java:1017) [hadoop-common-3.3.6.jar:?]
	at java.security.AccessController.doPrivileged(Native Method) ~[?:1.8.0_382]
	at javax.security.auth.Subject.doAs(Subject.java:422) [?:1.8.0_382]
	at org.apache.hadoop.security.UserGroupInformation.doAs(UserGroupInformation.java:1899) [hadoop-common-3.3.6.jar:?]
	at org.apache.hadoop.ipc.Server$Handler.run(Server.java:3048) [hadoop-common-3.3.6.jar:?]
11:35:01.261 [IPC Server handler 3 on default port 15057] ERROR OMAudit - user=runner | ip=127.0.0.1 | op=GET_FILE_STATUS {volume=volume67780, bucket=bucket36604, key=gdir1/dir1, dataSize=0, replicationConfig=null} | ret=FAILURE
org.apache.hadoop.ozone.om.exceptions.OMException: Unable to get file status: volume: volume67780 bucket: bucket36604 key: gdir1/dir1
	at org.apache.hadoop.ozone.om.KeyManagerImpl.getOzoneFileStatus(KeyManagerImpl.java:1195) ~[ozone-manager-1.4.0-SNAPSHOT.jar:?]
	at org.apache.hadoop.ozone.om.KeyManagerImpl.getFileStatus(KeyManagerImpl.java:1113) ~[ozone-manager-1.4.0-SNAPSHOT.jar:?]
	at org.apache.hadoop.ozone.om.OmMetadataReader.getFileStatus(OmMetadataReader.java:262) ~[ozone-manager-1.4.0-SNAPSHOT.jar:?]
	at org.apache.hadoop.ozone.om.OzoneManager.getFileStatus(OzoneManager.java:3513) ~[ozone-manager-1.4.0-SNAPSHOT.jar:?]
	at org.apache.hadoop.ozone.protocolPB.OzoneManagerRequestHandler.getOzoneFileStatus(OzoneManagerRequestHandler.java:973) ~[ozone-manager-1.4.0-SNAPSHOT.jar:?]
	at org.apache.hadoop.ozone.protocolPB.OzoneManagerRequestHandler.handleReadRequest(OzoneManagerRequestHandler.java:252) ~[ozone-manager-1.4.0-SNAPSHOT.jar:?]
	at org.apache.hadoop.ozone.protocolPB.OzoneManagerProtocolServerSideTranslatorPB.submitRequestDirectlyToOM(OzoneManagerProtocolServerSideTranslatorPB.java:274) ~[ozone-manager-1.4.0-SNAPSHOT.jar:?]
	at org.apache.hadoop.ozone.protocolPB.OzoneManagerProtocolServerSideTranslatorPB.processRequest(OzoneManagerProtocolServerSideTranslatorPB.java:175) ~[ozone-manager-1.4.0-SNAPSHOT.jar:?]
	at org.apache.hadoop.hdds.server.OzoneProtocolMessageDispatcher.processRequest(OzoneProtocolMessageDispatcher.java:87) [hdds-server-framework-1.4.0-SNAPSHOT.jar:?]
	at org.apache.hadoop.ozone.protocolPB.OzoneManagerProtocolServerSideTranslatorPB.submitRequest(OzoneManagerProtocolServerSideTranslatorPB.java:148) [ozone-manager-1.4.0-SNAPSHOT.jar:?]
	at org.apache.hadoop.ozone.protocol.proto.OzoneManagerProtocolProtos$OzoneManagerService$2.callBlockingMethod(OzoneManagerProtocolProtos.java) [ozone-interface-client-1.4.0-SNAPSHOT.jar:?]
	at org.apache.hadoop.ipc.ProtobufRpcEngine$Server.processCall(ProtobufRpcEngine.java:484) [hadoop-common-3.3.6.jar:?]
	at org.apache.hadoop.ipc.ProtobufRpcEngine2$Server$ProtoBufRpcInvoker.call(ProtobufRpcEngine2.java:595) [hadoop-common-3.3.6.jar:?]
	at org.apache.hadoop.ipc.ProtobufRpcEngine2$Server$ProtoBufRpcInvoker.call(ProtobufRpcEngine2.java:573) [hadoop-common-3.3.6.jar:?]
	at org.apache.hadoop.ipc.RPC$Server.call(RPC.java:1227) [hadoop-common-3.3.6.jar:?]
	at org.apache.hadoop.ipc.Server$RpcCall.run(Server.java:1094) [hadoop-common-3.3.6.jar:?]
	at org.apache.hadoop.ipc.Server$RpcCall.run(Server.java:1017) [hadoop-common-3.3.6.jar:?]
	at java.security.AccessController.doPrivileged(Native Method) ~[?:1.8.0_382]
	at javax.security.auth.Subject.doAs(Subject.java:422) [?:1.8.0_382]
	at org.apache.hadoop.security.UserGroupInformation.doAs(UserGroupInformation.java:1899) [hadoop-common-3.3.6.jar:?]
	at org.apache.hadoop.ipc.Server$Handler.run(Server.java:3048) [hadoop-common-3.3.6.jar:?]
11:35:01.262 [IPC Server handler 6 on default port 15057] ERROR OMAudit - user=runner | ip=127.0.0.1 | op=GET_FILE_STATUS {volume=volume67780, bucket=bucket36604, key=gdir1/dir1/child, dataSize=0, replicationConfig=null} | ret=FAILURE
org.apache.hadoop.ozone.om.exceptions.OMException: Unable to get file status: volume: volume67780 bucket: bucket36604 key: gdir1/dir1/child
	at org.apache.hadoop.ozone.om.KeyManagerImpl.getOzoneFileStatus(KeyManagerImpl.java:1195) ~[ozone-manager-1.4.0-SNAPSHOT.jar:?]
	at org.apache.hadoop.ozone.om.KeyManagerImpl.getFileStatus(KeyManagerImpl.java:1113) ~[ozone-manager-1.4.0-SNAPSHOT.jar:?]
	at org.apache.hadoop.ozone.om.OmMetadataReader.getFileStatus(OmMetadataReader.java:262) ~[ozone-manager-1.4.0-SNAPSHOT.jar:?]
	at org.apache.hadoop.ozone.om.OzoneManager.getFileStatus(OzoneManager.java:3513) ~[ozone-manager-1.4.0-SNAPSHOT.jar:?]
	at org.apache.hadoop.ozone.protocolPB.OzoneManagerRequestHandler.getOzoneFileStatus(OzoneManagerRequestHandler.java:973) ~[ozone-manager-1.4.0-SNAPSHOT.jar:?]
	at org.apache.hadoop.ozone.protocolPB.OzoneManagerRequestHandler.handleReadRequest(OzoneManagerRequestHandler.java:252) ~[ozone-manager-1.4.0-SNAPSHOT.jar:?]
	at org.apache.hadoop.ozone.protocolPB.OzoneManagerProtocolServerSideTranslatorPB.submitRequestDirectlyToOM(OzoneManagerProtocolServerSideTranslatorPB.java:274) ~[ozone-manager-1.4.0-SNAPSHOT.jar:?]
	at org.apache.hadoop.ozone.protocolPB.OzoneManagerProtocolServerSideTranslatorPB.processRequest(OzoneManagerProtocolServerSideTranslatorPB.java:175) ~[ozone-manager-1.4.0-SNAPSHOT.jar:?]
	at org.apache.hadoop.hdds.server.OzoneProtocolMessageDispatcher.processRequest(OzoneProtocolMessageDispatcher.java:87) [hdds-server-framework-1.4.0-SNAPSHOT.jar:?]
	at org.apache.hadoop.ozone.protocolPB.OzoneManagerProtocolServerSideTranslatorPB.submitRequest(OzoneManagerProtocolServerSideTranslatorPB.java:148) [ozone-manager-1.4.0-SNAPSHOT.jar:?]
	at org.apache.hadoop.ozone.protocol.proto.OzoneManagerProtocolProtos$OzoneManagerService$2.callBlockingMethod(OzoneManagerProtocolProtos.java) [ozone-interface-client-1.4.0-SNAPSHOT.jar:?]
	at org.apache.hadoop.ipc.ProtobufRpcEngine$Server.processCall(ProtobufRpcEngine.java:484) [hadoop-common-3.3.6.jar:?]
	at org.apache.hadoop.ipc.ProtobufRpcEngine2$Server$ProtoBufRpcInvoker.call(ProtobufRpcEngine2.java:595) [hadoop-common-3.3.6.jar:?]
	at org.apache.hadoop.ipc.ProtobufRpcEngine2$Server$ProtoBufRpcInvoker.call(ProtobufRpcEngine2.java:573) [hadoop-common-3.3.6.jar:?]
	at org.apache.hadoop.ipc.RPC$Server.call(RPC.java:1227) [hadoop-common-3.3.6.jar:?]
	at org.apache.hadoop.ipc.Server$RpcCall.run(Server.java:1094) [hadoop-common-3.3.6.jar:?]
	at org.apache.hadoop.ipc.Server$RpcCall.run(Server.java:1017) [hadoop-common-3.3.6.jar:?]
	at java.security.AccessController.doPrivileged(Native Method) ~[?:1.8.0_382]
	at javax.security.auth.Subject.doAs(Subject.java:422) [?:1.8.0_382]
	at org.apache.hadoop.security.UserGroupInformation.doAs(UserGroupInformation.java:1899) [hadoop-common-3.3.6.jar:?]
	at org.apache.hadoop.ipc.Server$Handler.run(Server.java:3048) [hadoop-common-3.3.6.jar:?]
11:35:01.263 [IPC Server handler 14 on default port 15057] ERROR OMAudit - user=runner | ip=127.0.0.1 | op=GET_FILE_STATUS {volume=volume67780, bucket=bucket36604, key=gdir1/dir2, dataSize=0, replicationConfig=null} | ret=FAILURE
org.apache.hadoop.ozone.om.exceptions.OMException: Unable to get file status: volume: volume67780 bucket: bucket36604 key: gdir1/dir2
	at org.apache.hadoop.ozone.om.KeyManagerImpl.getOzoneFileStatus(KeyManagerImpl.java:1195) ~[ozone-manager-1.4.0-SNAPSHOT.jar:?]
	at org.apache.hadoop.ozone.om.KeyManagerImpl.getFileStatus(KeyManagerImpl.java:1113) ~[ozone-manager-1.4.0-SNAPSHOT.jar:?]
	at org.apache.hadoop.ozone.om.OmMetadataReader.getFileStatus(OmMetadataReader.java:262) ~[ozone-manager-1.4.0-SNAPSHOT.jar:?]
	at org.apache.hadoop.ozone.om.OzoneManager.getFileStatus(OzoneManager.java:3513) ~[ozone-manager-1.4.0-SNAPSHOT.jar:?]
	at org.apache.hadoop.ozone.protocolPB.OzoneManagerRequestHandler.getOzoneFileStatus(OzoneManagerRequestHandler.java:973) ~[ozone-manager-1.4.0-SNAPSHOT.jar:?]
	at org.apache.hadoop.ozone.protocolPB.OzoneManagerRequestHandler.handleReadRequest(OzoneManagerRequestHandler.java:252) ~[ozone-manager-1.4.0-SNAPSHOT.jar:?]
	at org.apache.hadoop.ozone.protocolPB.OzoneManagerProtocolServerSideTranslatorPB.submitRequestDirectlyToOM(OzoneManagerProtocolServerSideTranslatorPB.java:274) ~[ozone-manager-1.4.0-SNAPSHOT.jar:?]
	at org.apache.hadoop.ozone.protocolPB.OzoneManagerProtocolServerSideTranslatorPB.processRequest(OzoneManagerProtocolServerSideTranslatorPB.java:175) ~[ozone-manager-1.4.0-SNAPSHOT.jar:?]
	at org.apache.hadoop.hdds.server.OzoneProtocolMessageDispatcher.processRequest(OzoneProtocolMessageDispatcher.java:87) [hdds-server-framework-1.4.0-SNAPSHOT.jar:?]
	at org.apache.hadoop.ozone.protocolPB.OzoneManagerProtocolServerSideTranslatorPB.submitRequest(OzoneManagerProtocolServerSideTranslatorPB.java:148) [ozone-manager-1.4.0-SNAPSHOT.jar:?]
	at org.apache.hadoop.ozone.protocol.proto.OzoneManagerProtocolProtos$OzoneManagerService$2.callBlockingMethod(OzoneManagerProtocolProtos.java) [ozone-interface-client-1.4.0-SNAPSHOT.jar:?]
	at org.apache.hadoop.ipc.ProtobufRpcEngine$Server.processCall(ProtobufRpcEngine.java:484) [hadoop-common-3.3.6.jar:?]
	at org.apache.hadoop.ipc.ProtobufRpcEngine2$Server$ProtoBufRpcInvoker.call(ProtobufRpcEngine2.java:595) [hadoop-common-3.3.6.jar:?]
	at org.apache.hadoop.ipc.ProtobufRpcEngine2$Server$ProtoBufRpcInvoker.call(ProtobufRpcEngine2.java:573) [hadoop-common-3.3.6.jar:?]
	at org.apache.hadoop.ipc.RPC$Server.call(RPC.java:1227) [hadoop-common-3.3.6.jar:?]
	at org.apache.hadoop.ipc.Server$RpcCall.run(Server.java:1094) [hadoop-common-3.3.6.jar:?]
	at org.apache.hadoop.ipc.Server$RpcCall.run(Server.java:1017) [hadoop-common-3.3.6.jar:?]
	at java.security.AccessController.doPrivileged(Native Method) ~[?:1.8.0_382]
	at javax.security.auth.Subject.doAs(Subject.java:422) [?:1.8.0_382]
	at org.apache.hadoop.security.UserGroupInformation.doAs(UserGroupInformation.java:1899) [hadoop-common-3.3.6.jar:?]
	at org.apache.hadoop.ipc.Server$Handler.run(Server.java:3048) [hadoop-common-3.3.6.jar:?]
11:35:01.267 [IPC Server handler 15 on default port 15057] ERROR OMAudit - user=runner | ip=127.0.0.1 | op=GET_FILE_STATUS {volume=volume67780, bucket=bucket36604, key=gdir1/dir2/child, dataSize=0, replicationConfig=null} | ret=FAILURE
org.apache.hadoop.ozone.om.exceptions.OMException: Unable to get file status: volume: volume67780 bucket: bucket36604 key: gdir1/dir2/child
	at org.apache.hadoop.ozone.om.KeyManagerImpl.getOzoneFileStatus(KeyManagerImpl.java:1195) ~[ozone-manager-1.4.0-SNAPSHOT.jar:?]
	at org.apache.hadoop.ozone.om.KeyManagerImpl.getFileStatus(KeyManagerImpl.java:1113) ~[ozone-manager-1.4.0-SNAPSHOT.jar:?]
	at org.apache.hadoop.ozone.om.OmMetadataReader.getFileStatus(OmMetadataReader.java:262) ~[ozone-manager-1.4.0-SNAPSHOT.jar:?]
	at org.apache.hadoop.ozone.om.OzoneManager.getFileStatus(OzoneManager.java:3513) ~[ozone-manager-1.4.0-SNAPSHOT.jar:?]
	at org.apache.hadoop.ozone.protocolPB.OzoneManagerRequestHandler.getOzoneFileStatus(OzoneManagerRequestHandler.java:973) ~[ozone-manager-1.4.0-SNAPSHOT.jar:?]
	at org.apache.hadoop.ozone.protocolPB.OzoneManagerRequestHandler.handleReadRequest(OzoneManagerRequestHandler.java:252) ~[ozone-manager-1.4.0-SNAPSHOT.jar:?]
	at org.apache.hadoop.ozone.protocolPB.OzoneManagerProtocolServerSideTranslatorPB.submitRequestDirectlyToOM(OzoneManagerProtocolServerSideTranslatorPB.java:274) ~[ozone-manager-1.4.0-SNAPSHOT.jar:?]
	at org.apache.hadoop.ozone.protocolPB.OzoneManagerProtocolServerSideTranslatorPB.processRequest(OzoneManagerProtocolServerSideTranslatorPB.java:175) ~[ozone-manager-1.4.0-SNAPSHOT.jar:?]
	at org.apache.hadoop.hdds.server.OzoneProtocolMessageDispatcher.processRequest(OzoneProtocolMessageDispatcher.java:87) [hdds-server-framework-1.4.0-SNAPSHOT.jar:?]
	at org.apache.hadoop.ozone.protocolPB.OzoneManagerProtocolServerSideTranslatorPB.submitRequest(OzoneManagerProtocolServerSideTranslatorPB.java:148) [ozone-manager-1.4.0-SNAPSHOT.jar:?]
	at org.apache.hadoop.ozone.protocol.proto.OzoneManagerProtocolProtos$OzoneManagerService$2.callBlockingMethod(OzoneManagerProtocolProtos.java) [ozone-interface-client-1.4.0-SNAPSHOT.jar:?]
	at org.apache.hadoop.ipc.ProtobufRpcEngine$Server.processCall(ProtobufRpcEngine.java:484) [hadoop-common-3.3.6.jar:?]
	at org.apache.hadoop.ipc.ProtobufRpcEngine2$Server$ProtoBufRpcInvoker.call(ProtobufRpcEngine2.java:595) [hadoop-common-3.3.6.jar:?]
	at org.apache.hadoop.ipc.ProtobufRpcEngine2$Server$ProtoBufRpcInvoker.call(ProtobufRpcEngine2.java:573) [hadoop-common-3.3.6.jar:?]
	at org.apache.hadoop.ipc.RPC$Server.call(RPC.java:1227) [hadoop-common-3.3.6.jar:?]
	at org.apache.hadoop.ipc.Server$RpcCall.run(Server.java:1094) [hadoop-common-3.3.6.jar:?]
	at org.apache.hadoop.ipc.Server$RpcCall.run(Server.java:1017) [hadoop-common-3.3.6.jar:?]
	at java.security.AccessController.doPrivileged(Native Method) ~[?:1.8.0_382]
	at javax.security.auth.Subject.doAs(Subject.java:422) [?:1.8.0_382]
	at org.apache.hadoop.security.UserGroupInformation.doAs(UserGroupInformation.java:1899) [hadoop-common-3.3.6.jar:?]
	at org.apache.hadoop.ipc.Server$Handler.run(Server.java:3048) [hadoop-common-3.3.6.jar:?]
11:35:01.268 [IPC Server handler 9 on default port 15057] ERROR OMAudit - user=runner | ip=127.0.0.1 | op=GET_FILE_STATUS {volume=volume67780, bucket=bucket36604, key=gdir1/dir3, dataSize=0, replicationConfig=null} | ret=FAILURE
org.apache.hadoop.ozone.om.exceptions.OMException: Unable to get file status: volume: volume67780 bucket: bucket36604 key: gdir1/dir3
	at org.apache.hadoop.ozone.om.KeyManagerImpl.getOzoneFileStatus(KeyManagerImpl.java:1195) ~[ozone-manager-1.4.0-SNAPSHOT.jar:?]
	at org.apache.hadoop.ozone.om.KeyManagerImpl.getFileStatus(KeyManagerImpl.java:1113) ~[ozone-manager-1.4.0-SNAPSHOT.jar:?]
	at org.apache.hadoop.ozone.om.OmMetadataReader.getFileStatus(OmMetadataReader.java:262) ~[ozone-manager-1.4.0-SNAPSHOT.jar:?]
	at org.apache.hadoop.ozone.om.OzoneManager.getFileStatus(OzoneManager.java:3513) ~[ozone-manager-1.4.0-SNAPSHOT.jar:?]
	at org.apache.hadoop.ozone.protocolPB.OzoneManagerRequestHandler.getOzoneFileStatus(OzoneManagerRequestHandler.java:973) ~[ozone-manager-1.4.0-SNAPSHOT.jar:?]
	at org.apache.hadoop.ozone.protocolPB.OzoneManagerRequestHandler.handleReadRequest(OzoneManagerRequestHandler.java:252) ~[ozone-manager-1.4.0-SNAPSHOT.jar:?]
	at org.apache.hadoop.ozone.protocolPB.OzoneManagerProtocolServerSideTranslatorPB.submitRequestDirectlyToOM(OzoneManagerProtocolServerSideTranslatorPB.java:274) ~[ozone-manager-1.4.0-SNAPSHOT.jar:?]
	at org.apache.hadoop.ozone.protocolPB.OzoneManagerProtocolServerSideTranslatorPB.processRequest(OzoneManagerProtocolServerSideTranslatorPB.java:175) ~[ozone-manager-1.4.0-SNAPSHOT.jar:?]
	at org.apache.hadoop.hdds.server.OzoneProtocolMessageDispatcher.processRequest(OzoneProtocolMessageDispatcher.java:87) [hdds-server-framework-1.4.0-SNAPSHOT.jar:?]
	at org.apache.hadoop.ozone.protocolPB.OzoneManagerProtocolServerSideTranslatorPB.submitRequest(OzoneManagerProtocolServerSideTranslatorPB.java:148) [ozone-manager-1.4.0-SNAPSHOT.jar:?]
	at org.apache.hadoop.ozone.protocol.proto.OzoneManagerProtocolProtos$OzoneManagerService$2.callBlockingMethod(OzoneManagerProtocolProtos.java) [ozone-interface-client-1.4.0-SNAPSHOT.jar:?]
	at org.apache.hadoop.ipc.ProtobufRpcEngine$Server.processCall(ProtobufRpcEngine.java:484) [hadoop-common-3.3.6.jar:?]
	at org.apache.hadoop.ipc.ProtobufRpcEngine2$Server$ProtoBufRpcInvoker.call(ProtobufRpcEngine2.java:595) [hadoop-common-3.3.6.jar:?]
	at org.apache.hadoop.ipc.ProtobufRpcEngine2$Server$ProtoBufRpcInvoker.call(ProtobufRpcEngine2.java:573) [hadoop-common-3.3.6.jar:?]
	at org.apache.hadoop.ipc.RPC$Server.call(RPC.java:1227) [hadoop-common-3.3.6.jar:?]
	at org.apache.hadoop.ipc.Server$RpcCall.run(Server.java:1094) [hadoop-common-3.3.6.jar:?]
	at org.apache.hadoop.ipc.Server$RpcCall.run(Server.java:1017) [hadoop-common-3.3.6.jar:?]
	at java.security.AccessController.doPrivileged(Native Method) ~[?:1.8.0_382]
	at javax.security.auth.Subject.doAs(Subject.java:422) [?:1.8.0_382]
	at org.apache.hadoop.security.UserGroupInformation.doAs(UserGroupInformation.java:1899) [hadoop-common-3.3.6.jar:?]
	at org.apache.hadoop.ipc.Server$Handler.run(Server.java:3048) [hadoop-common-3.3.6.jar:?]
11:35:01.269 [IPC Server handler 0 on default port 15057] ERROR OMAudit - user=runner | ip=127.0.0.1 | op=GET_FILE_STATUS {volume=volume67780, bucket=bucket36604, key=gdir1/dir3/child, dataSize=0, replicationConfig=null} | ret=FAILURE
org.apache.hadoop.ozone.om.exceptions.OMException: Unable to get file status: volume: volume67780 bucket: bucket36604 key: gdir1/dir3/child
	at org.apache.hadoop.ozone.om.KeyManagerImpl.getOzoneFileStatus(KeyManagerImpl.java:1195) ~[ozone-manager-1.4.0-SNAPSHOT.jar:?]
	at org.apache.hadoop.ozone.om.KeyManagerImpl.getFileStatus(KeyManagerImpl.java:1113) ~[ozone-manager-1.4.0-SNAPSHOT.jar:?]
	at org.apache.hadoop.ozone.om.OmMetadataReader.getFileStatus(OmMetadataReader.java:262) ~[ozone-manager-1.4.0-SNAPSHOT.jar:?]
	at org.apache.hadoop.ozone.om.OzoneManager.getFileStatus(OzoneManager.java:3513) ~[ozone-manager-1.4.0-SNAPSHOT.jar:?]
	at org.apache.hadoop.ozone.protocolPB.OzoneManagerRequestHandler.getOzoneFileStatus(OzoneManagerRequestHandler.java:973) ~[ozone-manager-1.4.0-SNAPSHOT.jar:?]
	at org.apache.hadoop.ozone.protocolPB.OzoneManagerRequestHandler.handleReadRequest(OzoneManagerRequestHandler.java:252) ~[ozone-manager-1.4.0-SNAPSHOT.jar:?]
	at org.apache.hadoop.ozone.protocolPB.OzoneManagerProtocolServerSideTranslatorPB.submitRequestDirectlyToOM(OzoneManagerProtocolServerSideTranslatorPB.java:274) ~[ozone-manager-1.4.0-SNAPSHOT.jar:?]
	at org.apache.hadoop.ozone.protocolPB.OzoneManagerProtocolServerSideTranslatorPB.processRequest(OzoneManagerProtocolServerSideTranslatorPB.java:175) ~[ozone-manager-1.4.0-SNAPSHOT.jar:?]
	at org.apache.hadoop.hdds.server.OzoneProtocolMessageDispatcher.processRequest(OzoneProtocolMessageDispatcher.java:87) [hdds-server-framework-1.4.0-SNAPSHOT.jar:?]
	at org.apache.hadoop.ozone.protocolPB.OzoneManagerProtocolServerSideTranslatorPB.submitRequest(OzoneManagerProtocolServerSideTranslatorPB.java:148) [ozone-manager-1.4.0-SNAPSHOT.jar:?]
	at org.apache.hadoop.ozone.protocol.proto.OzoneManagerProtocolProtos$OzoneManagerService$2.callBlockingMethod(OzoneManagerProtocolProtos.java) [ozone-interface-client-1.4.0-SNAPSHOT.jar:?]
	at org.apache.hadoop.ipc.ProtobufRpcEngine$Server.processCall(ProtobufRpcEngine.java:484) [hadoop-common-3.3.6.jar:?]
	at org.apache.hadoop.ipc.ProtobufRpcEngine2$Server$ProtoBufRpcInvoker.call(ProtobufRpcEngine2.java:595) [hadoop-common-3.3.6.jar:?]
	at org.apache.hadoop.ipc.ProtobufRpcEngine2$Server$ProtoBufRpcInvoker.call(ProtobufRpcEngine2.java:573) [hadoop-common-3.3.6.jar:?]
	at org.apache.hadoop.ipc.RPC$Server.call(RPC.java:1227) [hadoop-common-3.3.6.jar:?]
	at org.apache.hadoop.ipc.Server$RpcCall.run(Server.java:1094) [hadoop-common-3.3.6.jar:?]
	at org.apache.hadoop.ipc.Server$RpcCall.run(Server.java:1017) [hadoop-common-3.3.6.jar:?]
	at java.security.AccessController.doPrivileged(Native Method) ~[?:1.8.0_382]
	at javax.security.auth.Subject.doAs(Subject.java:422) [?:1.8.0_382]
	at org.apache.hadoop.security.UserGroupInformation.doAs(UserGroupInformation.java:1899) [hadoop-common-3.3.6.jar:?]
	at org.apache.hadoop.ipc.Server$Handler.run(Server.java:3048) [hadoop-common-3.3.6.jar:?]
11:35:01.271 [IPC Server handler 16 on default port 15057] ERROR OMAudit - user=runner | ip=127.0.0.1 | op=GET_FILE_STATUS {volume=volume67780, bucket=bucket36604, key=gdir1/dir4, dataSize=0, replicationConfig=null} | ret=FAILURE
org.apache.hadoop.ozone.om.exceptions.OMException: Unable to get file status: volume: volume67780 bucket: bucket36604 key: gdir1/dir4
	at org.apache.hadoop.ozone.om.KeyManagerImpl.getOzoneFileStatus(KeyManagerImpl.java:1195) ~[ozone-manager-1.4.0-SNAPSHOT.jar:?]
	at org.apache.hadoop.ozone.om.KeyManagerImpl.getFileStatus(KeyManagerImpl.java:1113) ~[ozone-manager-1.4.0-SNAPSHOT.jar:?]
	at org.apache.hadoop.ozone.om.OmMetadataReader.getFileStatus(OmMetadataReader.java:262) ~[ozone-manager-1.4.0-SNAPSHOT.jar:?]
	at org.apache.hadoop.ozone.om.OzoneManager.getFileStatus(OzoneManager.java:3513) ~[ozone-manager-1.4.0-SNAPSHOT.jar:?]
	at org.apache.hadoop.ozone.protocolPB.OzoneManagerRequestHandler.getOzoneFileStatus(OzoneManagerRequestHandler.java:973) ~[ozone-manager-1.4.0-SNAPSHOT.jar:?]
	at org.apache.hadoop.ozone.protocolPB.OzoneManagerRequestHandler.handleReadRequest(OzoneManagerRequestHandler.java:252) ~[ozone-manager-1.4.0-SNAPSHOT.jar:?]
	at org.apache.hadoop.ozone.protocolPB.OzoneManagerProtocolServerSideTranslatorPB.submitRequestDirectlyToOM(OzoneManagerProtocolServerSideTranslatorPB.java:274) ~[ozone-manager-1.4.0-SNAPSHOT.jar:?]
	at org.apache.hadoop.ozone.protocolPB.OzoneManagerProtocolServerSideTranslatorPB.processRequest(OzoneManagerProtocolServerSideTranslatorPB.java:175) ~[ozone-manager-1.4.0-SNAPSHOT.jar:?]
	at org.apache.hadoop.hdds.server.OzoneProtocolMessageDispatcher.processRequest(OzoneProtocolMessageDispatcher.java:87) [hdds-server-framework-1.4.0-SNAPSHOT.jar:?]
	at org.apache.hadoop.ozone.protocolPB.OzoneManagerProtocolServerSideTranslatorPB.submitRequest(OzoneManagerProtocolServerSideTranslatorPB.java:148) [ozone-manager-1.4.0-SNAPSHOT.jar:?]
	at org.apache.hadoop.ozone.protocol.proto.OzoneManagerProtocolProtos$OzoneManagerService$2.callBlockingMethod(OzoneManagerProtocolProtos.java) [ozone-interface-client-1.4.0-SNAPSHOT.jar:?]
	at org.apache.hadoop.ipc.ProtobufRpcEngine$Server.processCall(ProtobufRpcEngine.java:484) [hadoop-common-3.3.6.jar:?]
	at org.apache.hadoop.ipc.ProtobufRpcEngine2$Server$ProtoBufRpcInvoker.call(ProtobufRpcEngine2.java:595) [hadoop-common-3.3.6.jar:?]
	at org.apache.hadoop.ipc.ProtobufRpcEngine2$Server$ProtoBufRpcInvoker.call(ProtobufRpcEngine2.java:573) [hadoop-common-3.3.6.jar:?]
	at org.apache.hadoop.ipc.RPC$Server.call(RPC.java:1227) [hadoop-common-3.3.6.jar:?]
	at org.apache.hadoop.ipc.Server$RpcCall.run(Server.java:1094) [hadoop-common-3.3.6.jar:?]
	at org.apache.hadoop.ipc.Server$RpcCall.run(Server.java:1017) [hadoop-common-3.3.6.jar:?]
	at java.security.AccessController.doPrivileged(Native Method) ~[?:1.8.0_382]
	at javax.security.auth.Subject.doAs(Subject.java:422) [?:1.8.0_382]
	at org.apache.hadoop.security.UserGroupInformation.doAs(UserGroupInformation.java:1899) [hadoop-common-3.3.6.jar:?]
	at org.apache.hadoop.ipc.Server$Handler.run(Server.java:3048) [hadoop-common-3.3.6.jar:?]
11:35:01.272 [IPC Server handler 12 on default port 15057] ERROR OMAudit - user=runner | ip=127.0.0.1 | op=GET_FILE_STATUS {volume=volume67780, bucket=bucket36604, key=gdir1/dir4/child, dataSize=0, replicationConfig=null} | ret=FAILURE
org.apache.hadoop.ozone.om.exceptions.OMException: Unable to get file status: volume: volume67780 bucket: bucket36604 key: gdir1/dir4/child
	at org.apache.hadoop.ozone.om.KeyManagerImpl.getOzoneFileStatus(KeyManagerImpl.java:1195) ~[ozone-manager-1.4.0-SNAPSHOT.jar:?]
	at org.apache.hadoop.ozone.om.KeyManagerImpl.getFileStatus(KeyManagerImpl.java:1113) ~[ozone-manager-1.4.0-SNAPSHOT.jar:?]
	at org.apache.hadoop.ozone.om.OmMetadataReader.getFileStatus(OmMetadataReader.java:262) ~[ozone-manager-1.4.0-SNAPSHOT.jar:?]
	at org.apache.hadoop.ozone.om.OzoneManager.getFileStatus(OzoneManager.java:3513) ~[ozone-manager-1.4.0-SNAPSHOT.jar:?]
	at org.apache.hadoop.ozone.protocolPB.OzoneManagerRequestHandler.getOzoneFileStatus(OzoneManagerRequestHandler.java:973) ~[ozone-manager-1.4.0-SNAPSHOT.jar:?]
	at org.apache.hadoop.ozone.protocolPB.OzoneManagerRequestHandler.handleReadRequest(OzoneManagerRequestHandler.java:252) ~[ozone-manager-1.4.0-SNAPSHOT.jar:?]
	at org.apache.hadoop.ozone.protocolPB.OzoneManagerProtocolServerSideTranslatorPB.submitRequestDirectlyToOM(OzoneManagerProtocolServerSideTranslatorPB.java:274) ~[ozone-manager-1.4.0-SNAPSHOT.jar:?]
	at org.apache.hadoop.ozone.protocolPB.OzoneManagerProtocolServerSideTranslatorPB.processRequest(OzoneManagerProtocolServerSideTranslatorPB.java:175) ~[ozone-manager-1.4.0-SNAPSHOT.jar:?]
	at org.apache.hadoop.hdds.server.OzoneProtocolMessageDispatcher.processRequest(OzoneProtocolMessageDispatcher.java:87) [hdds-server-framework-1.4.0-SNAPSHOT.jar:?]
	at org.apache.hadoop.ozone.protocolPB.OzoneManagerProtocolServerSideTranslatorPB.submitRequest(OzoneManagerProtocolServerSideTranslatorPB.java:148) [ozone-manager-1.4.0-SNAPSHOT.jar:?]
	at org.apache.hadoop.ozone.protocol.proto.OzoneManagerProtocolProtos$OzoneManagerService$2.callBlockingMethod(OzoneManagerProtocolProtos.java) [ozone-interface-client-1.4.0-SNAPSHOT.jar:?]
	at org.apache.hadoop.ipc.ProtobufRpcEngine$Server.processCall(ProtobufRpcEngine.java:484) [hadoop-common-3.3.6.jar:?]
	at org.apache.hadoop.ipc.ProtobufRpcEngine2$Server$ProtoBufRpcInvoker.call(ProtobufRpcEngine2.java:595) [hadoop-common-3.3.6.jar:?]
	at org.apache.hadoop.ipc.ProtobufRpcEngine2$Server$ProtoBufRpcInvoker.call(ProtobufRpcEngine2.java:573) [hadoop-common-3.3.6.jar:?]
	at org.apache.hadoop.ipc.RPC$Server.call(RPC.java:1227) [hadoop-common-3.3.6.jar:?]
	at org.apache.hadoop.ipc.Server$RpcCall.run(Server.java:1094) [hadoop-common-3.3.6.jar:?]
	at org.apache.hadoop.ipc.Server$RpcCall.run(Server.java:1017) [hadoop-common-3.3.6.jar:?]
	at java.security.AccessController.doPrivileged(Native Method) ~[?:1.8.0_382]
	at javax.security.auth.Subject.doAs(Subject.java:422) [?:1.8.0_382]
	at org.apache.hadoop.security.UserGroupInformation.doAs(UserGroupInformation.java:1899) [hadoop-common-3.3.6.jar:?]
	at org.apache.hadoop.ipc.Server$Handler.run(Server.java:3048) [hadoop-common-3.3.6.jar:?]
11:35:01.274 [IPC Server handler 11 on default port 15057] ERROR OMAudit - user=runner | ip=127.0.0.1 | op=GET_FILE_STATUS {volume=volume67780, bucket=bucket36604, key=gdir1/dir5, dataSize=0, replicationConfig=null} | ret=FAILURE
org.apache.hadoop.ozone.om.exceptions.OMException: Unable to get file status: volume: volume67780 bucket: bucket36604 key: gdir1/dir5
	at org.apache.hadoop.ozone.om.KeyManagerImpl.getOzoneFileStatus(KeyManagerImpl.java:1195) ~[ozone-manager-1.4.0-SNAPSHOT.jar:?]
	at org.apache.hadoop.ozone.om.KeyManagerImpl.getFileStatus(KeyManagerImpl.java:1113) ~[ozone-manager-1.4.0-SNAPSHOT.jar:?]
	at org.apache.hadoop.ozone.om.OmMetadataReader.getFileStatus(OmMetadataReader.java:262) ~[ozone-manager-1.4.0-SNAPSHOT.jar:?]
	at org.apache.hadoop.ozone.om.OzoneManager.getFileStatus(OzoneManager.java:3513) ~[ozone-manager-1.4.0-SNAPSHOT.jar:?]
	at org.apache.hadoop.ozone.protocolPB.OzoneManagerRequestHandler.getOzoneFileStatus(OzoneManagerRequestHandler.java:973) ~[ozone-manager-1.4.0-SNAPSHOT.jar:?]
	at org.apache.hadoop.ozone.protocolPB.OzoneManagerRequestHandler.handleReadRequest(OzoneManagerRequestHandler.java:252) ~[ozone-manager-1.4.0-SNAPSHOT.jar:?]
	at org.apache.hadoop.ozone.protocolPB.OzoneManagerProtocolServerSideTranslatorPB.submitRequestDirectlyToOM(OzoneManagerProtocolServerSideTranslatorPB.java:274) ~[ozone-manager-1.4.0-SNAPSHOT.jar:?]
	at org.apache.hadoop.ozone.protocolPB.OzoneManagerProtocolServerSideTranslatorPB.processRequest(OzoneManagerProtocolServerSideTranslatorPB.java:175) ~[ozone-manager-1.4.0-SNAPSHOT.jar:?]
	at org.apache.hadoop.hdds.server.OzoneProtocolMessageDispatcher.processRequest(OzoneProtocolMessageDispatcher.java:87) [hdds-server-framework-1.4.0-SNAPSHOT.jar:?]
	at org.apache.hadoop.ozone.protocolPB.OzoneManagerProtocolServerSideTranslatorPB.submitRequest(OzoneManagerProtocolServerSideTranslatorPB.java:148) [ozone-manager-1.4.0-SNAPSHOT.jar:?]
	at org.apache.hadoop.ozone.protocol.proto.OzoneManagerProtocolProtos$OzoneManagerService$2.callBlockingMethod(OzoneManagerProtocolProtos.java) [ozone-interface-client-1.4.0-SNAPSHOT.jar:?]
	at org.apache.hadoop.ipc.ProtobufRpcEngine$Server.processCall(ProtobufRpcEngine.java:484) [hadoop-common-3.3.6.jar:?]
	at org.apache.hadoop.ipc.ProtobufRpcEngine2$Server$ProtoBufRpcInvoker.call(ProtobufRpcEngine2.java:595) [hadoop-common-3.3.6.jar:?]
	at org.apache.hadoop.ipc.ProtobufRpcEngine2$Server$ProtoBufRpcInvoker.call(ProtobufRpcEngine2.java:573) [hadoop-common-3.3.6.jar:?]
	at org.apache.hadoop.ipc.RPC$Server.call(RPC.java:1227) [hadoop-common-3.3.6.jar:?]
	at org.apache.hadoop.ipc.Server$RpcCall.run(Server.java:1094) [hadoop-common-3.3.6.jar:?]
	at org.apache.hadoop.ipc.Server$RpcCall.run(Server.java:1017) [hadoop-common-3.3.6.jar:?]
	at java.security.AccessController.doPrivileged(Native Method) ~[?:1.8.0_382]
	at javax.security.auth.Subject.doAs(Subject.java:422) [?:1.8.0_382]
	at org.apache.hadoop.security.UserGroupInformation.doAs(UserGroupInformation.java:1899) [hadoop-common-3.3.6.jar:?]
	at org.apache.hadoop.ipc.Server$Handler.run(Server.java:3048) [hadoop-common-3.3.6.jar:?]
11:35:01.275 [IPC Server handler 10 on default port 15057] ERROR OMAudit - user=runner | ip=127.0.0.1 | op=GET_FILE_STATUS {volume=volume67780, bucket=bucket36604, key=gdir1/dir5/child, dataSize=0, replicationConfig=null} | ret=FAILURE
org.apache.hadoop.ozone.om.exceptions.OMException: Unable to get file status: volume: volume67780 bucket: bucket36604 key: gdir1/dir5/child
	at org.apache.hadoop.ozone.om.KeyManagerImpl.getOzoneFileStatus(KeyManagerImpl.java:1195) ~[ozone-manager-1.4.0-SNAPSHOT.jar:?]
	at org.apache.hadoop.ozone.om.KeyManagerImpl.getFileStatus(KeyManagerImpl.java:1113) ~[ozone-manager-1.4.0-SNAPSHOT.jar:?]
	at org.apache.hadoop.ozone.om.OmMetadataReader.getFileStatus(OmMetadataReader.java:262) ~[ozone-manager-1.4.0-SNAPSHOT.jar:?]
	at org.apache.hadoop.ozone.om.OzoneManager.getFileStatus(OzoneManager.java:3513) ~[ozone-manager-1.4.0-SNAPSHOT.jar:?]
	at org.apache.hadoop.ozone.protocolPB.OzoneManagerRequestHandler.getOzoneFileStatus(OzoneManagerRequestHandler.java:973) ~[ozone-manager-1.4.0-SNAPSHOT.jar:?]
	at org.apache.hadoop.ozone.protocolPB.OzoneManagerRequestHandler.handleReadRequest(OzoneManagerRequestHandler.java:252) ~[ozone-manager-1.4.0-SNAPSHOT.jar:?]
	at org.apache.hadoop.ozone.protocolPB.OzoneManagerProtocolServerSideTranslatorPB.submitRequestDirectlyToOM(OzoneManagerProtocolServerSideTranslatorPB.java:274) ~[ozone-manager-1.4.0-SNAPSHOT.jar:?]
	at org.apache.hadoop.ozone.protocolPB.OzoneManagerProtocolServerSideTranslatorPB.processRequest(OzoneManagerProtocolServerSideTranslatorPB.java:175) ~[ozone-manager-1.4.0-SNAPSHOT.jar:?]
	at org.apache.hadoop.hdds.server.OzoneProtocolMessageDispatcher.processRequest(OzoneProtocolMessageDispatcher.java:87) [hdds-server-framework-1.4.0-SNAPSHOT.jar:?]
	at org.apache.hadoop.ozone.protocolPB.OzoneManagerProtocolServerSideTranslatorPB.submitRequest(OzoneManagerProtocolServerSideTranslatorPB.java:148) [ozone-manager-1.4.0-SNAPSHOT.jar:?]
	at org.apache.hadoop.ozone.protocol.proto.OzoneManagerProtocolProtos$OzoneManagerService$2.callBlockingMethod(OzoneManagerProtocolProtos.java) [ozone-interface-client-1.4.0-SNAPSHOT.jar:?]
	at org.apache.hadoop.ipc.ProtobufRpcEngine$Server.processCall(ProtobufRpcEngine.java:484) [hadoop-common-3.3.6.jar:?]
	at org.apache.hadoop.ipc.ProtobufRpcEngine2$Server$ProtoBufRpcInvoker.call(ProtobufRpcEngine2.java:595) [hadoop-common-3.3.6.jar:?]
	at org.apache.hadoop.ipc.ProtobufRpcEngine2$Server$ProtoBufRpcInvoker.call(ProtobufRpcEngine2.java:573) [hadoop-common-3.3.6.jar:?]
	at org.apache.hadoop.ipc.RPC$Server.call(RPC.java:1227) [hadoop-common-3.3.6.jar:?]
	at org.apache.hadoop.ipc.Server$RpcCall.run(Server.java:1094) [hadoop-common-3.3.6.jar:?]
	at org.apache.hadoop.ipc.Server$RpcCall.run(Server.java:1017) [hadoop-common-3.3.6.jar:?]
	at java.security.AccessController.doPrivileged(Native Method) ~[?:1.8.0_382]
	at javax.security.auth.Subject.doAs(Subject.java:422) [?:1.8.0_382]
	at org.apache.hadoop.security.UserGroupInformation.doAs(UserGroupInformation.java:1899) [hadoop-common-3.3.6.jar:?]
	at org.apache.hadoop.ipc.Server$Handler.run(Server.java:3048) [hadoop-common-3.3.6.jar:?]
11:35:01.276 [IPC Server handler 2 on default port 15057] ERROR OMAudit - user=runner | ip=127.0.0.1 | op=GET_FILE_STATUS {volume=volume67780, bucket=bucket36604, key=gdir1/dir6, dataSize=0, replicationConfig=null} | ret=FAILURE
org.apache.hadoop.ozone.om.exceptions.OMException: Unable to get file status: volume: volume67780 bucket: bucket36604 key: gdir1/dir6
	at org.apache.hadoop.ozone.om.KeyManagerImpl.getOzoneFileStatus(KeyManagerImpl.java:1195) ~[ozone-manager-1.4.0-SNAPSHOT.jar:?]
	at org.apache.hadoop.ozone.om.KeyManagerImpl.getFileStatus(KeyManagerImpl.java:1113) ~[ozone-manager-1.4.0-SNAPSHOT.jar:?]
	at org.apache.hadoop.ozone.om.OmMetadataReader.getFileStatus(OmMetadataReader.java:262) ~[ozone-manager-1.4.0-SNAPSHOT.jar:?]
	at org.apache.hadoop.ozone.om.OzoneManager.getFileStatus(OzoneManager.java:3513) ~[ozone-manager-1.4.0-SNAPSHOT.jar:?]
	at org.apache.hadoop.ozone.protocolPB.OzoneManagerRequestHandler.getOzoneFileStatus(OzoneManagerRequestHandler.java:973) ~[ozone-manager-1.4.0-SNAPSHOT.jar:?]
	at org.apache.hadoop.ozone.protocolPB.OzoneManagerRequestHandler.handleReadRequest(OzoneManagerRequestHandler.java:252) ~[ozone-manager-1.4.0-SNAPSHOT.jar:?]
	at org.apache.hadoop.ozone.protocolPB.OzoneManagerProtocolServerSideTranslatorPB.submitRequestDirectlyToOM(OzoneManagerProtocolServerSideTranslatorPB.java:274) ~[ozone-manager-1.4.0-SNAPSHOT.jar:?]
	at org.apache.hadoop.ozone.protocolPB.OzoneManagerProtocolServerSideTranslatorPB.processRequest(OzoneManagerProtocolServerSideTranslatorPB.java:175) ~[ozone-manager-1.4.0-SNAPSHOT.jar:?]
	at org.apache.hadoop.hdds.server.OzoneProtocolMessageDispatcher.processRequest(OzoneProtocolMessageDispatcher.java:87) [hdds-server-framework-1.4.0-SNAPSHOT.jar:?]
	at org.apache.hadoop.ozone.protocolPB.OzoneManagerProtocolServerSideTranslatorPB.submitRequest(OzoneManagerProtocolServerSideTranslatorPB.java:148) [ozone-manager-1.4.0-SNAPSHOT.jar:?]
	at org.apache.hadoop.ozone.protocol.proto.OzoneManagerProtocolProtos$OzoneManagerService$2.callBlockingMethod(OzoneManagerProtocolProtos.java) [ozone-interface-client-1.4.0-SNAPSHOT.jar:?]
	at org.apache.hadoop.ipc.ProtobufRpcEngine$Server.processCall(ProtobufRpcEngine.java:484) [hadoop-common-3.3.6.jar:?]
	at org.apache.hadoop.ipc.ProtobufRpcEngine2$Server$ProtoBufRpcInvoker.call(ProtobufRpcEngine2.java:595) [hadoop-common-3.3.6.jar:?]
	at org.apache.hadoop.ipc.ProtobufRpcEngine2$Server$ProtoBufRpcInvoker.call(ProtobufRpcEngine2.java:573) [hadoop-common-3.3.6.jar:?]
	at org.apache.hadoop.ipc.RPC$Server.call(RPC.java:1227) [hadoop-common-3.3.6.jar:?]
	at org.apache.hadoop.ipc.Server$RpcCall.run(Server.java:1094) [hadoop-common-3.3.6.jar:?]
	at org.apache.hadoop.ipc.Server$RpcCall.run(Server.java:1017) [hadoop-common-3.3.6.jar:?]
	at java.security.AccessController.doPrivileged(Native Method) ~[?:1.8.0_382]
	at javax.security.auth.Subject.doAs(Subject.java:422) [?:1.8.0_382]
	at org.apache.hadoop.security.UserGroupInformation.doAs(UserGroupInformation.java:1899) [hadoop-common-3.3.6.jar:?]
	at org.apache.hadoop.ipc.Server$Handler.run(Server.java:3048) [hadoop-common-3.3.6.jar:?]
11:35:01.277 [IPC Server handler 13 on default port 15057] ERROR OMAudit - user=runner | ip=127.0.0.1 | op=GET_FILE_STATUS {volume=volume67780, bucket=bucket36604, key=gdir1/dir6/child, dataSize=0, replicationConfig=null} | ret=FAILURE
org.apache.hadoop.ozone.om.exceptions.OMException: Unable to get file status: volume: volume67780 bucket: bucket36604 key: gdir1/dir6/child
	at org.apache.hadoop.ozone.om.KeyManagerImpl.getOzoneFileStatus(KeyManagerImpl.java:1195) ~[ozone-manager-1.4.0-SNAPSHOT.jar:?]
	at org.apache.hadoop.ozone.om.KeyManagerImpl.getFileStatus(KeyManagerImpl.java:1113) ~[ozone-manager-1.4.0-SNAPSHOT.jar:?]
	at org.apache.hadoop.ozone.om.OmMetadataReader.getFileStatus(OmMetadataReader.java:262) ~[ozone-manager-1.4.0-SNAPSHOT.jar:?]
	at org.apache.hadoop.ozone.om.OzoneManager.getFileStatus(OzoneManager.java:3513) ~[ozone-manager-1.4.0-SNAPSHOT.jar:?]
	at org.apache.hadoop.ozone.protocolPB.OzoneManagerRequestHandler.getOzoneFileStatus(OzoneManagerRequestHandler.java:973) ~[ozone-manager-1.4.0-SNAPSHOT.jar:?]
	at org.apache.hadoop.ozone.protocolPB.OzoneManagerRequestHandler.handleReadRequest(OzoneManagerRequestHandler.java:252) ~[ozone-manager-1.4.0-SNAPSHOT.jar:?]
	at org.apache.hadoop.ozone.protocolPB.OzoneManagerProtocolServerSideTranslatorPB.submitRequestDirectlyToOM(OzoneManagerProtocolServerSideTranslatorPB.java:274) ~[ozone-manager-1.4.0-SNAPSHOT.jar:?]
	at org.apache.hadoop.ozone.protocolPB.OzoneManagerProtocolServerSideTranslatorPB.processRequest(OzoneManagerProtocolServerSideTranslatorPB.java:175) ~[ozone-manager-1.4.0-SNAPSHOT.jar:?]
	at org.apache.hadoop.hdds.server.OzoneProtocolMessageDispatcher.processRequest(OzoneProtocolMessageDispatcher.java:87) [hdds-server-framework-1.4.0-SNAPSHOT.jar:?]
	at org.apache.hadoop.ozone.protocolPB.OzoneManagerProtocolServerSideTranslatorPB.submitRequest(OzoneManagerProtocolServerSideTranslatorPB.java:148) [ozone-manager-1.4.0-SNAPSHOT.jar:?]
	at org.apache.hadoop.ozone.protocol.proto.OzoneManagerProtocolProtos$OzoneManagerService$2.callBlockingMethod(OzoneManagerProtocolProtos.java) [ozone-interface-client-1.4.0-SNAPSHOT.jar:?]
	at org.apache.hadoop.ipc.ProtobufRpcEngine$Server.processCall(ProtobufRpcEngine.java:484) [hadoop-common-3.3.6.jar:?]
	at org.apache.hadoop.ipc.ProtobufRpcEngine2$Server$ProtoBufRpcInvoker.call(ProtobufRpcEngine2.java:595) [hadoop-common-3.3.6.jar:?]
	at org.apache.hadoop.ipc.ProtobufRpcEngine2$Server$ProtoBufRpcInvoker.call(ProtobufRpcEngine2.java:573) [hadoop-common-3.3.6.jar:?]
	at org.apache.hadoop.ipc.RPC$Server.call(RPC.java:1227) [hadoop-common-3.3.6.jar:?]
	at org.apache.hadoop.ipc.Server$RpcCall.run(Server.java:1094) [hadoop-common-3.3.6.jar:?]
	at org.apache.hadoop.ipc.Server$RpcCall.run(Server.java:1017) [hadoop-common-3.3.6.jar:?]
	at java.security.AccessController.doPrivileged(Native Method) ~[?:1.8.0_382]
	at javax.security.auth.Subject.doAs(Subject.java:422) [?:1.8.0_382]
	at org.apache.hadoop.security.UserGroupInformation.doAs(UserGroupInformation.java:1899) [hadoop-common-3.3.6.jar:?]
	at org.apache.hadoop.ipc.Server$Handler.run(Server.java:3048) [hadoop-common-3.3.6.jar:?]
11:35:01.278 [IPC Server handler 17 on default port 15057] ERROR OMAudit - user=runner | ip=127.0.0.1 | op=GET_FILE_STATUS {volume=volume67780, bucket=bucket36604, key=gdir1/dir7, dataSize=0, replicationConfig=null} | ret=FAILURE
org.apache.hadoop.ozone.om.exceptions.OMException: Unable to get file status: volume: volume67780 bucket: bucket36604 key: gdir1/dir7
	at org.apache.hadoop.ozone.om.KeyManagerImpl.getOzoneFileStatus(KeyManagerImpl.java:1195) ~[ozone-manager-1.4.0-SNAPSHOT.jar:?]
	at org.apache.hadoop.ozone.om.KeyManagerImpl.getFileStatus(KeyManagerImpl.java:1113) ~[ozone-manager-1.4.0-SNAPSHOT.jar:?]
	at org.apache.hadoop.ozone.om.OmMetadataReader.getFileStatus(OmMetadataReader.java:262) ~[ozone-manager-1.4.0-SNAPSHOT.jar:?]
	at org.apache.hadoop.ozone.om.OzoneManager.getFileStatus(OzoneManager.java:3513) ~[ozone-manager-1.4.0-SNAPSHOT.jar:?]
	at org.apache.hadoop.ozone.protocolPB.OzoneManagerRequestHandler.getOzoneFileStatus(OzoneManagerRequestHandler.java:973) ~[ozone-manager-1.4.0-SNAPSHOT.jar:?]
	at org.apache.hadoop.ozone.protocolPB.OzoneManagerRequestHandler.handleReadRequest(OzoneManagerRequestHandler.java:252) ~[ozone-manager-1.4.0-SNAPSHOT.jar:?]
	at org.apache.hadoop.ozone.protocolPB.OzoneManagerProtocolServerSideTranslatorPB.submitRequestDirectlyToOM(OzoneManagerProtocolServerSideTranslatorPB.java:274) ~[ozone-manager-1.4.0-SNAPSHOT.jar:?]
	at org.apache.hadoop.ozone.protocolPB.OzoneManagerProtocolServerSideTranslatorPB.processRequest(OzoneManagerProtocolServerSideTranslatorPB.java:175) ~[ozone-manager-1.4.0-SNAPSHOT.jar:?]
	at org.apache.hadoop.hdds.server.OzoneProtocolMessageDispatcher.processRequest(OzoneProtocolMessageDispatcher.java:87) [hdds-server-framework-1.4.0-SNAPSHOT.jar:?]
	at org.apache.hadoop.ozone.protocolPB.OzoneManagerProtocolServerSideTranslatorPB.submitRequest(OzoneManagerProtocolServerSideTranslatorPB.java:148) [ozone-manager-1.4.0-SNAPSHOT.jar:?]
	at org.apache.hadoop.ozone.protocol.proto.OzoneManagerProtocolProtos$OzoneManagerService$2.callBlockingMethod(OzoneManagerProtocolProtos.java) [ozone-interface-client-1.4.0-SNAPSHOT.jar:?]
	at org.apache.hadoop.ipc.ProtobufRpcEngine$Server.processCall(ProtobufRpcEngine.java:484) [hadoop-common-3.3.6.jar:?]
	at org.apache.hadoop.ipc.ProtobufRpcEngine2$Server$ProtoBufRpcInvoker.call(ProtobufRpcEngine2.java:595) [hadoop-common-3.3.6.jar:?]
	at org.apache.hadoop.ipc.ProtobufRpcEngine2$Server$ProtoBufRpcInvoker.call(ProtobufRpcEngine2.java:573) [hadoop-common-3.3.6.jar:?]
	at org.apache.hadoop.ipc.RPC$Server.call(RPC.java:1227) [hadoop-common-3.3.6.jar:?]
	at org.apache.hadoop.ipc.Server$RpcCall.run(Server.java:1094) [hadoop-common-3.3.6.jar:?]
	at org.apache.hadoop.ipc.Server$RpcCall.run(Server.java:1017) [hadoop-common-3.3.6.jar:?]
	at java.security.AccessController.doPrivileged(Native Method) ~[?:1.8.0_382]
	at javax.security.auth.Subject.doAs(Subject.java:422) [?:1.8.0_382]
	at org.apache.hadoop.security.UserGroupInformation.doAs(UserGroupInformation.java:1899) [hadoop-common-3.3.6.jar:?]
	at org.apache.hadoop.ipc.Server$Handler.run(Server.java:3048) [hadoop-common-3.3.6.jar:?]
11:35:01.280 [IPC Server handler 18 on default port 15057] ERROR OMAudit - user=runner | ip=127.0.0.1 | op=GET_FILE_STATUS {volume=volume67780, bucket=bucket36604, key=gdir1/dir7/child, dataSize=0, replicationConfig=null} | ret=FAILURE
org.apache.hadoop.ozone.om.exceptions.OMException: Unable to get file status: volume: volume67780 bucket: bucket36604 key: gdir1/dir7/child
	at org.apache.hadoop.ozone.om.KeyManagerImpl.getOzoneFileStatus(KeyManagerImpl.java:1195) ~[ozone-manager-1.4.0-SNAPSHOT.jar:?]
	at org.apache.hadoop.ozone.om.KeyManagerImpl.getFileStatus(KeyManagerImpl.java:1113) ~[ozone-manager-1.4.0-SNAPSHOT.jar:?]
	at org.apache.hadoop.ozone.om.OmMetadataReader.getFileStatus(OmMetadataReader.java:262) ~[ozone-manager-1.4.0-SNAPSHOT.jar:?]
	at org.apache.hadoop.ozone.om.OzoneManager.getFileStatus(OzoneManager.java:3513) ~[ozone-manager-1.4.0-SNAPSHOT.jar:?]
	at org.apache.hadoop.ozone.protocolPB.OzoneManagerRequestHandler.getOzoneFileStatus(OzoneManagerRequestHandler.java:973) ~[ozone-manager-1.4.0-SNAPSHOT.jar:?]
	at org.apache.hadoop.ozone.protocolPB.OzoneManagerRequestHandler.handleReadRequest(OzoneManagerRequestHandler.java:252) ~[ozone-manager-1.4.0-SNAPSHOT.jar:?]
	at org.apache.hadoop.ozone.protocolPB.OzoneManagerProtocolServerSideTranslatorPB.submitRequestDirectlyToOM(OzoneManagerProtocolServerSideTranslatorPB.java:274) ~[ozone-manager-1.4.0-SNAPSHOT.jar:?]
	at org.apache.hadoop.ozone.protocolPB.OzoneManagerProtocolServerSideTranslatorPB.processRequest(OzoneManagerProtocolServerSideTranslatorPB.java:175) ~[ozone-manager-1.4.0-SNAPSHOT.jar:?]
	at org.apache.hadoop.hdds.server.OzoneProtocolMessageDispatcher.processRequest(OzoneProtocolMessageDispatcher.java:87) [hdds-server-framework-1.4.0-SNAPSHOT.jar:?]
	at org.apache.hadoop.ozone.protocolPB.OzoneManagerProtocolServerSideTranslatorPB.submitRequest(OzoneManagerProtocolServerSideTranslatorPB.java:148) [ozone-manager-1.4.0-SNAPSHOT.jar:?]
	at org.apache.hadoop.ozone.protocol.proto.OzoneManagerProtocolProtos$OzoneManagerService$2.callBlockingMethod(OzoneManagerProtocolProtos.java) [ozone-interface-client-1.4.0-SNAPSHOT.jar:?]
	at org.apache.hadoop.ipc.ProtobufRpcEngine$Server.processCall(ProtobufRpcEngine.java:484) [hadoop-common-3.3.6.jar:?]
	at org.apache.hadoop.ipc.ProtobufRpcEngine2$Server$ProtoBufRpcInvoker.call(ProtobufRpcEngine2.java:595) [hadoop-common-3.3.6.jar:?]
	at org.apache.hadoop.ipc.ProtobufRpcEngine2$Server$ProtoBufRpcInvoker.call(ProtobufRpcEngine2.java:573) [hadoop-common-3.3.6.jar:?]
	at org.apache.hadoop.ipc.RPC$Server.call(RPC.java:1227) [hadoop-common-3.3.6.jar:?]
	at org.apache.hadoop.ipc.Server$RpcCall.run(Server.java:1094) [hadoop-common-3.3.6.jar:?]
	at org.apache.hadoop.ipc.Server$RpcCall.run(Server.java:1017) [hadoop-common-3.3.6.jar:?]
	at java.security.AccessController.doPrivileged(Native Method) ~[?:1.8.0_382]
	at javax.security.auth.Subject.doAs(Subject.java:422) [?:1.8.0_382]
	at org.apache.hadoop.security.UserGroupInformation.doAs(UserGroupInformation.java:1899) [hadoop-common-3.3.6.jar:?]
	at org.apache.hadoop.ipc.Server$Handler.run(Server.java:3048) [hadoop-common-3.3.6.jar:?]
11:35:01.281 [IPC Server handler 19 on default port 15057] ERROR OMAudit - user=runner | ip=127.0.0.1 | op=GET_FILE_STATUS {volume=volume67780, bucket=bucket36604, key=gdir1/dir8, dataSize=0, replicationConfig=null} | ret=FAILURE
org.apache.hadoop.ozone.om.exceptions.OMException: Unable to get file status: volume: volume67780 bucket: bucket36604 key: gdir1/dir8
	at org.apache.hadoop.ozone.om.KeyManagerImpl.getOzoneFileStatus(KeyManagerImpl.java:1195) ~[ozone-manager-1.4.0-SNAPSHOT.jar:?]
	at org.apache.hadoop.ozone.om.KeyManagerImpl.getFileStatus(KeyManagerImpl.java:1113) ~[ozone-manager-1.4.0-SNAPSHOT.jar:?]
	at org.apache.hadoop.ozone.om.OmMetadataReader.getFileStatus(OmMetadataReader.java:262) ~[ozone-manager-1.4.0-SNAPSHOT.jar:?]
	at org.apache.hadoop.ozone.om.OzoneManager.getFileStatus(OzoneManager.java:3513) ~[ozone-manager-1.4.0-SNAPSHOT.jar:?]
	at org.apache.hadoop.ozone.protocolPB.OzoneManagerRequestHandler.getOzoneFileStatus(OzoneManagerRequestHandler.java:973) ~[ozone-manager-1.4.0-SNAPSHOT.jar:?]
	at org.apache.hadoop.ozone.protocolPB.OzoneManagerRequestHandler.handleReadRequest(OzoneManagerRequestHandler.java:252) ~[ozone-manager-1.4.0-SNAPSHOT.jar:?]
	at org.apache.hadoop.ozone.protocolPB.OzoneManagerProtocolServerSideTranslatorPB.submitRequestDirectlyToOM(OzoneManagerProtocolServerSideTranslatorPB.java:274) ~[ozone-manager-1.4.0-SNAPSHOT.jar:?]
	at org.apache.hadoop.ozone.protocolPB.OzoneManagerProtocolServerSideTranslatorPB.processRequest(OzoneManagerProtocolServerSideTranslatorPB.java:175) ~[ozone-manager-1.4.0-SNAPSHOT.jar:?]
	at org.apache.hadoop.hdds.server.OzoneProtocolMessageDispatcher.processRequest(OzoneProtocolMessageDispatcher.java:87) [hdds-server-framework-1.4.0-SNAPSHOT.jar:?]
	at org.apache.hadoop.ozone.protocolPB.OzoneManagerProtocolServerSideTranslatorPB.submitRequest(OzoneManagerProtocolServerSideTranslatorPB.java:148) [ozone-manager-1.4.0-SNAPSHOT.jar:?]
	at org.apache.hadoop.ozone.protocol.proto.OzoneManagerProtocolProtos$OzoneManagerService$2.callBlockingMethod(OzoneManagerProtocolProtos.java) [ozone-interface-client-1.4.0-SNAPSHOT.jar:?]
	at org.apache.hadoop.ipc.ProtobufRpcEngine$Server.processCall(ProtobufRpcEngine.java:484) [hadoop-common-3.3.6.jar:?]
	at org.apache.hadoop.ipc.ProtobufRpcEngine2$Server$ProtoBufRpcInvoker.call(ProtobufRpcEngine2.java:595) [hadoop-common-3.3.6.jar:?]
	at org.apache.hadoop.ipc.ProtobufRpcEngine2$Server$ProtoBufRpcInvoker.call(ProtobufRpcEngine2.java:573) [hadoop-common-3.3.6.jar:?]
	at org.apache.hadoop.ipc.RPC$Server.call(RPC.java:1227) [hadoop-common-3.3.6.jar:?]
	at org.apache.hadoop.ipc.Server$RpcCall.run(Server.java:1094) [hadoop-common-3.3.6.jar:?]
	at org.apache.hadoop.ipc.Server$RpcCall.run(Server.java:1017) [hadoop-common-3.3.6.jar:?]
	at java.security.AccessController.doPrivileged(Native Method) ~[?:1.8.0_382]
	at javax.security.auth.Subject.doAs(Subject.java:422) [?:1.8.0_382]
	at org.apache.hadoop.security.UserGroupInformation.doAs(UserGroupInformation.java:1899) [hadoop-common-3.3.6.jar:?]
	at org.apache.hadoop.ipc.Server$Handler.run(Server.java:3048) [hadoop-common-3.3.6.jar:?]
11:35:01.284 [IPC Server handler 1 on default port 15057] ERROR OMAudit - user=runner | ip=127.0.0.1 | op=GET_FILE_STATUS {volume=volume67780, bucket=bucket36604, key=gdir1/dir8/child, dataSize=0, replicationConfig=null} | ret=FAILURE
org.apache.hadoop.ozone.om.exceptions.OMException: Unable to get file status: volume: volume67780 bucket: bucket36604 key: gdir1/dir8/child
	at org.apache.hadoop.ozone.om.KeyManagerImpl.getOzoneFileStatus(KeyManagerImpl.java:1195) ~[ozone-manager-1.4.0-SNAPSHOT.jar:?]
	at org.apache.hadoop.ozone.om.KeyManagerImpl.getFileStatus(KeyManagerImpl.java:1113) ~[ozone-manager-1.4.0-SNAPSHOT.jar:?]
	at org.apache.hadoop.ozone.om.OmMetadataReader.getFileStatus(OmMetadataReader.java:262) ~[ozone-manager-1.4.0-SNAPSHOT.jar:?]
	at org.apache.hadoop.ozone.om.OzoneManager.getFileStatus(OzoneManager.java:3513) ~[ozone-manager-1.4.0-SNAPSHOT.jar:?]
	at org.apache.hadoop.ozone.protocolPB.OzoneManagerRequestHandler.getOzoneFileStatus(OzoneManagerRequestHandler.java:973) ~[ozone-manager-1.4.0-SNAPSHOT.jar:?]
	at org.apache.hadoop.ozone.protocolPB.OzoneManagerRequestHandler.handleReadRequest(OzoneManagerRequestHandler.java:252) ~[ozone-manager-1.4.0-SNAPSHOT.jar:?]
	at org.apache.hadoop.ozone.protocolPB.OzoneManagerProtocolServerSideTranslatorPB.submitRequestDirectlyToOM(OzoneManagerProtocolServerSideTranslatorPB.java:274) ~[ozone-manager-1.4.0-SNAPSHOT.jar:?]
	at org.apache.hadoop.ozone.protocolPB.OzoneManagerProtocolServerSideTranslatorPB.processRequest(OzoneManagerProtocolServerSideTranslatorPB.java:175) ~[ozone-manager-1.4.0-SNAPSHOT.jar:?]
	at org.apache.hadoop.hdds.server.OzoneProtocolMessageDispatcher.processRequest(OzoneProtocolMessageDispatcher.java:87) [hdds-server-framework-1.4.0-SNAPSHOT.jar:?]
	at org.apache.hadoop.ozone.protocolPB.OzoneManagerProtocolServerSideTranslatorPB.submitRequest(OzoneManagerProtocolServerSideTranslatorPB.java:148) [ozone-manager-1.4.0-SNAPSHOT.jar:?]
	at org.apache.hadoop.ozone.protocol.proto.OzoneManagerProtocolProtos$OzoneManagerService$2.callBlockingMethod(OzoneManagerProtocolProtos.java) [ozone-interface-client-1.4.0-SNAPSHOT.jar:?]
	at org.apache.hadoop.ipc.ProtobufRpcEngine$Server.processCall(ProtobufRpcEngine.java:484) [hadoop-common-3.3.6.jar:?]
	at org.apache.hadoop.ipc.ProtobufRpcEngine2$Server$ProtoBufRpcInvoker.call(ProtobufRpcEngine2.java:595) [hadoop-common-3.3.6.jar:?]
	at org.apache.hadoop.ipc.ProtobufRpcEngine2$Server$ProtoBufRpcInvoker.call(ProtobufRpcEngine2.java:573) [hadoop-common-3.3.6.jar:?]
	at org.apache.hadoop.ipc.RPC$Server.call(RPC.java:1227) [hadoop-common-3.3.6.jar:?]
	at org.apache.hadoop.ipc.Server$RpcCall.run(Server.java:1094) [hadoop-common-3.3.6.jar:?]
	at org.apache.hadoop.ipc.Server$RpcCall.run(Server.java:1017) [hadoop-common-3.3.6.jar:?]
	at java.security.AccessController.doPrivileged(Native Method) ~[?:1.8.0_382]
	at javax.security.auth.Subject.doAs(Subject.java:422) [?:1.8.0_382]
	at org.apache.hadoop.security.UserGroupInformation.doAs(UserGroupInformation.java:1899) [hadoop-common-3.3.6.jar:?]
	at org.apache.hadoop.ipc.Server$Handler.run(Server.java:3048) [hadoop-common-3.3.6.jar:?]
11:35:01.285 [IPC Server handler 7 on default port 15057] ERROR OMAudit - user=runner | ip=127.0.0.1 | op=GET_FILE_STATUS {volume=volume67780, bucket=bucket36604, key=gdir1/dir9, dataSize=0, replicationConfig=null} | ret=FAILURE
org.apache.hadoop.ozone.om.exceptions.OMException: Unable to get file status: volume: volume67780 bucket: bucket36604 key: gdir1/dir9
	at org.apache.hadoop.ozone.om.KeyManagerImpl.getOzoneFileStatus(KeyManagerImpl.java:1195) ~[ozone-manager-1.4.0-SNAPSHOT.jar:?]
	at org.apache.hadoop.ozone.om.KeyManagerImpl.getFileStatus(KeyManagerImpl.java:1113) ~[ozone-manager-1.4.0-SNAPSHOT.jar:?]
	at org.apache.hadoop.ozone.om.OmMetadataReader.getFileStatus(OmMetadataReader.java:262) ~[ozone-manager-1.4.0-SNAPSHOT.jar:?]
	at org.apache.hadoop.ozone.om.OzoneManager.getFileStatus(OzoneManager.java:3513) ~[ozone-manager-1.4.0-SNAPSHOT.jar:?]
	at org.apache.hadoop.ozone.protocolPB.OzoneManagerRequestHandler.getOzoneFileStatus(OzoneManagerRequestHandler.java:973) ~[ozone-manager-1.4.0-SNAPSHOT.jar:?]
	at org.apache.hadoop.ozone.protocolPB.OzoneManagerRequestHandler.handleReadRequest(OzoneManagerRequestHandler.java:252) ~[ozone-manager-1.4.0-SNAPSHOT.jar:?]
	at org.apache.hadoop.ozone.protocolPB.OzoneManagerProtocolServerSideTranslatorPB.submitRequestDirectlyToOM(OzoneManagerProtocolServerSideTranslatorPB.java:274) ~[ozone-manager-1.4.0-SNAPSHOT.jar:?]
	at org.apache.hadoop.ozone.protocolPB.OzoneManagerProtocolServerSideTranslatorPB.processRequest(OzoneManagerProtocolServerSideTranslatorPB.java:175) ~[ozone-manager-1.4.0-SNAPSHOT.jar:?]
	at org.apache.hadoop.hdds.server.OzoneProtocolMessageDispatcher.processRequest(OzoneProtocolMessageDispatcher.java:87) [hdds-server-framework-1.4.0-SNAPSHOT.jar:?]
	at org.apache.hadoop.ozone.protocolPB.OzoneManagerProtocolServerSideTranslatorPB.submitRequest(OzoneManagerProtocolServerSideTranslatorPB.java:148) [ozone-manager-1.4.0-SNAPSHOT.jar:?]
	at org.apache.hadoop.ozone.protocol.proto.OzoneManagerProtocolProtos$OzoneManagerService$2.callBlockingMethod(OzoneManagerProtocolProtos.java) [ozone-interface-client-1.4.0-SNAPSHOT.jar:?]
	at org.apache.hadoop.ipc.ProtobufRpcEngine$Server.processCall(ProtobufRpcEngine.java:484) [hadoop-common-3.3.6.jar:?]
	at org.apache.hadoop.ipc.ProtobufRpcEngine2$Server$ProtoBufRpcInvoker.call(ProtobufRpcEngine2.java:595) [hadoop-common-3.3.6.jar:?]
	at org.apache.hadoop.ipc.ProtobufRpcEngine2$Server$ProtoBufRpcInvoker.call(ProtobufRpcEngine2.java:573) [hadoop-common-3.3.6.jar:?]
	at org.apache.hadoop.ipc.RPC$Server.call(RPC.java:1227) [hadoop-common-3.3.6.jar:?]
	at org.apache.hadoop.ipc.Server$RpcCall.run(Server.java:1094) [hadoop-common-3.3.6.jar:?]
	at org.apache.hadoop.ipc.Server$RpcCall.run(Server.java:1017) [hadoop-common-3.3.6.jar:?]
	at java.security.AccessController.doPrivileged(Native Method) ~[?:1.8.0_382]
	at javax.security.auth.Subject.doAs(Subject.java:422) [?:1.8.0_382]
	at org.apache.hadoop.security.UserGroupInformation.doAs(UserGroupInformation.java:1899) [hadoop-common-3.3.6.jar:?]
	at org.apache.hadoop.ipc.Server$Handler.run(Server.java:3048) [hadoop-common-3.3.6.jar:?]
11:35:01.286 [IPC Server handler 8 on default port 15057] ERROR OMAudit - user=runner | ip=127.0.0.1 | op=GET_FILE_STATUS {volume=volume67780, bucket=bucket36604, key=gdir1/dir9/child, dataSize=0, replicationConfig=null} | ret=FAILURE
org.apache.hadoop.ozone.om.exceptions.OMException: Unable to get file status: volume: volume67780 bucket: bucket36604 key: gdir1/dir9/child
	at org.apache.hadoop.ozone.om.KeyManagerImpl.getOzoneFileStatus(KeyManagerImpl.java:1195) ~[ozone-manager-1.4.0-SNAPSHOT.jar:?]
	at org.apache.hadoop.ozone.om.KeyManagerImpl.getFileStatus(KeyManagerImpl.java:1113) ~[ozone-manager-1.4.0-SNAPSHOT.jar:?]
	at org.apache.hadoop.ozone.om.OmMetadataReader.getFileStatus(OmMetadataReader.java:262) ~[ozone-manager-1.4.0-SNAPSHOT.jar:?]
	at org.apache.hadoop.ozone.om.OzoneManager.getFileStatus(OzoneManager.java:3513) ~[ozone-manager-1.4.0-SNAPSHOT.jar:?]
	at org.apache.hadoop.ozone.protocolPB.OzoneManagerRequestHandler.getOzoneFileStatus(OzoneManagerRequestHandler.java:973) ~[ozone-manager-1.4.0-SNAPSHOT.jar:?]
	at org.apache.hadoop.ozone.protocolPB.OzoneManagerRequestHandler.handleReadRequest(OzoneManagerRequestHandler.java:252) ~[ozone-manager-1.4.0-SNAPSHOT.jar:?]
	at org.apache.hadoop.ozone.protocolPB.OzoneManagerProtocolServerSideTranslatorPB.submitRequestDirectlyToOM(OzoneManagerProtocolServerSideTranslatorPB.java:274) ~[ozone-manager-1.4.0-SNAPSHOT.jar:?]
	at org.apache.hadoop.ozone.protocolPB.OzoneManagerProtocolServerSideTranslatorPB.processRequest(OzoneManagerProtocolServerSideTranslatorPB.java:175) ~[ozone-manager-1.4.0-SNAPSHOT.jar:?]
	at org.apache.hadoop.hdds.server.OzoneProtocolMessageDispatcher.processRequest(OzoneProtocolMessageDispatcher.java:87) [hdds-server-framework-1.4.0-SNAPSHOT.jar:?]
	at org.apache.hadoop.ozone.protocolPB.OzoneManagerProtocolServerSideTranslatorPB.submitRequest(OzoneManagerProtocolServerSideTranslatorPB.java:148) [ozone-manager-1.4.0-SNAPSHOT.jar:?]
	at org.apache.hadoop.ozone.protocol.proto.OzoneManagerProtocolProtos$OzoneManagerService$2.callBlockingMethod(OzoneManagerProtocolProtos.java) [ozone-interface-client-1.4.0-SNAPSHOT.jar:?]
	at org.apache.hadoop.ipc.ProtobufRpcEngine$Server.processCall(ProtobufRpcEngine.java:484) [hadoop-common-3.3.6.jar:?]
	at org.apache.hadoop.ipc.ProtobufRpcEngine2$Server$ProtoBufRpcInvoker.call(ProtobufRpcEngine2.java:595) [hadoop-common-3.3.6.jar:?]
	at org.apache.hadoop.ipc.ProtobufRpcEngine2$Server$ProtoBufRpcInvoker.call(ProtobufRpcEngine2.java:573) [hadoop-common-3.3.6.jar:?]
	at org.apache.hadoop.ipc.RPC$Server.call(RPC.java:1227) [hadoop-common-3.3.6.jar:?]
	at org.apache.hadoop.ipc.Server$RpcCall.run(Server.java:1094) [hadoop-common-3.3.6.jar:?]
	at org.apache.hadoop.ipc.Server$RpcCall.run(Server.java:1017) [hadoop-common-3.3.6.jar:?]
	at java.security.AccessController.doPrivileged(Native Method) ~[?:1.8.0_382]
	at javax.security.auth.Subject.doAs(Subject.java:422) [?:1.8.0_382]
	at org.apache.hadoop.security.UserGroupInformation.doAs(UserGroupInformation.java:1899) [hadoop-common-3.3.6.jar:?]
	at org.apache.hadoop.ipc.Server$Handler.run(Server.java:3048) [hadoop-common-3.3.6.jar:?]
11:35:01.287 [IPC Server handler 4 on default port 15057] ERROR OMAudit - user=runner | ip=127.0.0.1 | op=GET_FILE_STATUS {volume=volume67780, bucket=bucket36604, key=gdir1/dir10, dataSize=0, replicationConfig=null} | ret=FAILURE
org.apache.hadoop.ozone.om.exceptions.OMException: Unable to get file status: volume: volume67780 bucket: bucket36604 key: gdir1/dir10
	at org.apache.hadoop.ozone.om.KeyManagerImpl.getOzoneFileStatus(KeyManagerImpl.java:1195) ~[ozone-manager-1.4.0-SNAPSHOT.jar:?]
	at org.apache.hadoop.ozone.om.KeyManagerImpl.getFileStatus(KeyManagerImpl.java:1113) ~[ozone-manager-1.4.0-SNAPSHOT.jar:?]
	at org.apache.hadoop.ozone.om.OmMetadataReader.getFileStatus(OmMetadataReader.java:262) ~[ozone-manager-1.4.0-SNAPSHOT.jar:?]
	at org.apache.hadoop.ozone.om.OzoneManager.getFileStatus(OzoneManager.java:3513) ~[ozone-manager-1.4.0-SNAPSHOT.jar:?]
	at org.apache.hadoop.ozone.protocolPB.OzoneManagerRequestHandler.getOzoneFileStatus(OzoneManagerRequestHandler.java:973) ~[ozone-manager-1.4.0-SNAPSHOT.jar:?]
	at org.apache.hadoop.ozone.protocolPB.OzoneManagerRequestHandler.handleReadRequest(OzoneManagerRequestHandler.java:252) ~[ozone-manager-1.4.0-SNAPSHOT.jar:?]
	at org.apache.hadoop.ozone.protocolPB.OzoneManagerProtocolServerSideTranslatorPB.submitRequestDirectlyToOM(OzoneManagerProtocolServerSideTranslatorPB.java:274) ~[ozone-manager-1.4.0-SNAPSHOT.jar:?]
	at org.apache.hadoop.ozone.protocolPB.OzoneManagerProtocolServerSideTranslatorPB.processRequest(OzoneManagerProtocolServerSideTranslatorPB.java:175) ~[ozone-manager-1.4.0-SNAPSHOT.jar:?]
	at org.apache.hadoop.hdds.server.OzoneProtocolMessageDispatcher.processRequest(OzoneProtocolMessageDispatcher.java:87) [hdds-server-framework-1.4.0-SNAPSHOT.jar:?]
	at org.apache.hadoop.ozone.protocolPB.OzoneManagerProtocolServerSideTranslatorPB.submitRequest(OzoneManagerProtocolServerSideTranslatorPB.java:148) [ozone-manager-1.4.0-SNAPSHOT.jar:?]
	at org.apache.hadoop.ozone.protocol.proto.OzoneManagerProtocolProtos$OzoneManagerService$2.callBlockingMethod(OzoneManagerProtocolProtos.java) [ozone-interface-client-1.4.0-SNAPSHOT.jar:?]
	at org.apache.hadoop.ipc.ProtobufRpcEngine$Server.processCall(ProtobufRpcEngine.java:484) [hadoop-common-3.3.6.jar:?]
	at org.apache.hadoop.ipc.ProtobufRpcEngine2$Server$ProtoBufRpcInvoker.call(ProtobufRpcEngine2.java:595) [hadoop-common-3.3.6.jar:?]
	at org.apache.hadoop.ipc.ProtobufRpcEngine2$Server$ProtoBufRpcInvoker.call(ProtobufRpcEngine2.java:573) [hadoop-common-3.3.6.jar:?]
	at org.apache.hadoop.ipc.RPC$Server.call(RPC.java:1227) [hadoop-common-3.3.6.jar:?]
	at org.apache.hadoop.ipc.Server$RpcCall.run(Server.java:1094) [hadoop-common-3.3.6.jar:?]
	at org.apache.hadoop.ipc.Server$RpcCall.run(Server.java:1017) [hadoop-common-3.3.6.jar:?]
	at java.security.AccessController.doPrivileged(Native Method) ~[?:1.8.0_382]
	at javax.security.auth.Subject.doAs(Subject.java:422) [?:1.8.0_382]
	at org.apache.hadoop.security.UserGroupInformation.doAs(UserGroupInformation.java:1899) [hadoop-common-3.3.6.jar:?]
	at org.apache.hadoop.ipc.Server$Handler.run(Server.java:3048) [hadoop-common-3.3.6.jar:?]
11:35:01.289 [IPC Server handler 5 on default port 15057] ERROR OMAudit - user=runner | ip=127.0.0.1 | op=GET_FILE_STATUS {volume=volume67780, bucket=bucket36604, key=gdir1/dir10/child, dataSize=0, replicationConfig=null} | ret=FAILURE
org.apache.hadoop.ozone.om.exceptions.OMException: Unable to get file status: volume: volume67780 bucket: bucket36604 key: gdir1/dir10/child
	at org.apache.hadoop.ozone.om.KeyManagerImpl.getOzoneFileStatus(KeyManagerImpl.java:1195) ~[ozone-manager-1.4.0-SNAPSHOT.jar:?]
	at org.apache.hadoop.ozone.om.KeyManagerImpl.getFileStatus(KeyManagerImpl.java:1113) ~[ozone-manager-1.4.0-SNAPSHOT.jar:?]
	at org.apache.hadoop.ozone.om.OmMetadataReader.getFileStatus(OmMetadataReader.java:262) ~[ozone-manager-1.4.0-SNAPSHOT.jar:?]
	at org.apache.hadoop.ozone.om.OzoneManager.getFileStatus(OzoneManager.java:3513) ~[ozone-manager-1.4.0-SNAPSHOT.jar:?]
	at org.apache.hadoop.ozone.protocolPB.OzoneManagerRequestHandler.getOzoneFileStatus(OzoneManagerRequestHandler.java:973) ~[ozone-manager-1.4.0-SNAPSHOT.jar:?]
	at org.apache.hadoop.ozone.protocolPB.OzoneManagerRequestHandler.handleReadRequest(OzoneManagerRequestHandler.java:252) ~[ozone-manager-1.4.0-SNAPSHOT.jar:?]
	at org.apache.hadoop.ozone.protocolPB.OzoneManagerProtocolServerSideTranslatorPB.submitRequestDirectlyToOM(OzoneManagerProtocolServerSideTranslatorPB.java:274) ~[ozone-manager-1.4.0-SNAPSHOT.jar:?]
	at org.apache.hadoop.ozone.protocolPB.OzoneManagerProtocolServerSideTranslatorPB.processRequest(OzoneManagerProtocolServerSideTranslatorPB.java:175) ~[ozone-manager-1.4.0-SNAPSHOT.jar:?]
	at org.apache.hadoop.hdds.server.OzoneProtocolMessageDispatcher.processRequest(OzoneProtocolMessageDispatcher.java:87) [hdds-server-framework-1.4.0-SNAPSHOT.jar:?]
	at org.apache.hadoop.ozone.protocolPB.OzoneManagerProtocolServerSideTranslatorPB.submitRequest(OzoneManagerProtocolServerSideTranslatorPB.java:148) [ozone-manager-1.4.0-SNAPSHOT.jar:?]
	at org.apache.hadoop.ozone.protocol.proto.OzoneManagerProtocolProtos$OzoneManagerService$2.callBlockingMethod(OzoneManagerProtocolProtos.java) [ozone-interface-client-1.4.0-SNAPSHOT.jar:?]
	at org.apache.hadoop.ipc.ProtobufRpcEngine$Server.processCall(ProtobufRpcEngine.java:484) [hadoop-common-3.3.6.jar:?]
	at org.apache.hadoop.ipc.ProtobufRpcEngine2$Server$ProtoBufRpcInvoker.call(ProtobufRpcEngine2.java:595) [hadoop-common-3.3.6.jar:?]
	at org.apache.hadoop.ipc.ProtobufRpcEngine2$Server$ProtoBufRpcInvoker.call(ProtobufRpcEngine2.java:573) [hadoop-common-3.3.6.jar:?]
	at org.apache.hadoop.ipc.RPC$Server.call(RPC.java:1227) [hadoop-common-3.3.6.jar:?]
	at org.apache.hadoop.ipc.Server$RpcCall.run(Server.java:1094) [hadoop-common-3.3.6.jar:?]
	at org.apache.hadoop.ipc.Server$RpcCall.run(Server.java:1017) [hadoop-common-3.3.6.jar:?]
	at java.security.AccessController.doPrivileged(Native Method) ~[?:1.8.0_382]
	at javax.security.auth.Subject.doAs(Subject.java:422) [?:1.8.0_382]
	at org.apache.hadoop.security.UserGroupInformation.doAs(UserGroupInformation.java:1899) [hadoop-common-3.3.6.jar:?]
	at org.apache.hadoop.ipc.Server$Handler.run(Server.java:3048) [hadoop-common-3.3.6.jar:?]
11:35:01.378 [IPC Server handler 18 on default port 15057] ERROR OMAudit - user=runner | ip=127.0.0.1 | op=GET_FILE_STATUS {volume=volume67780, bucket=bucket36604, key=level0, dataSize=0, replicationConfig=null} | ret=FAILURE
org.apache.hadoop.ozone.om.exceptions.OMException: Unable to get file status: volume: volume67780 bucket: bucket36604 key: level0
	at org.apache.hadoop.ozone.om.KeyManagerImpl.getOzoneFileStatus(KeyManagerImpl.java:1195) ~[ozone-manager-1.4.0-SNAPSHOT.jar:?]
	at org.apache.hadoop.ozone.om.KeyManagerImpl.getFileStatus(KeyManagerImpl.java:1113) ~[ozone-manager-1.4.0-SNAPSHOT.jar:?]
	at org.apache.hadoop.ozone.om.OmMetadataReader.getFileStatus(OmMetadataReader.java:262) ~[ozone-manager-1.4.0-SNAPSHOT.jar:?]
	at org.apache.hadoop.ozone.om.OzoneManager.getFileStatus(OzoneManager.java:3513) ~[ozone-manager-1.4.0-SNAPSHOT.jar:?]
	at org.apache.hadoop.ozone.protocolPB.OzoneManagerRequestHandler.getOzoneFileStatus(OzoneManagerRequestHandler.java:973) ~[ozone-manager-1.4.0-SNAPSHOT.jar:?]
	at org.apache.hadoop.ozone.protocolPB.OzoneManagerRequestHandler.handleReadRequest(OzoneManagerRequestHandler.java:252) ~[ozone-manager-1.4.0-SNAPSHOT.jar:?]
	at org.apache.hadoop.ozone.protocolPB.OzoneManagerProtocolServerSideTranslatorPB.submitRequestDirectlyToOM(OzoneManagerProtocolServerSideTranslatorPB.java:274) ~[ozone-manager-1.4.0-SNAPSHOT.jar:?]
	at org.apache.hadoop.ozone.protocolPB.OzoneManagerProtocolServerSideTranslatorPB.processRequest(OzoneManagerProtocolServerSideTranslatorPB.java:175) ~[ozone-manager-1.4.0-SNAPSHOT.jar:?]
	at org.apache.hadoop.hdds.server.OzoneProtocolMessageDispatcher.processRequest(OzoneProtocolMessageDispatcher.java:87) [hdds-server-framework-1.4.0-SNAPSHOT.jar:?]
	at org.apache.hadoop.ozone.protocolPB.OzoneManagerProtocolServerSideTranslatorPB.submitRequest(OzoneManagerProtocolServerSideTranslatorPB.java:148) [ozone-manager-1.4.0-SNAPSHOT.jar:?]
	at org.apache.hadoop.ozone.protocol.proto.OzoneManagerProtocolProtos$OzoneManagerService$2.callBlockingMethod(OzoneManagerProtocolProtos.java) [ozone-interface-client-1.4.0-SNAPSHOT.jar:?]
	at org.apache.hadoop.ipc.ProtobufRpcEngine$Server.processCall(ProtobufRpcEngine.java:484) [hadoop-common-3.3.6.jar:?]
	at org.apache.hadoop.ipc.ProtobufRpcEngine2$Server$ProtoBufRpcInvoker.call(ProtobufRpcEngine2.java:595) [hadoop-common-3.3.6.jar:?]
	at org.apache.hadoop.ipc.ProtobufRpcEngine2$Server$ProtoBufRpcInvoker.call(ProtobufRpcEngine2.java:573) [hadoop-common-3.3.6.jar:?]
	at org.apache.hadoop.ipc.RPC$Server.call(RPC.java:1227) [hadoop-common-3.3.6.jar:?]
	at org.apache.hadoop.ipc.Server$RpcCall.run(Server.java:1094) [hadoop-common-3.3.6.jar:?]
	at org.apache.hadoop.ipc.Server$RpcCall.run(Server.java:1017) [hadoop-common-3.3.6.jar:?]
	at java.security.AccessController.doPrivileged(Native Method) ~[?:1.8.0_382]
	at javax.security.auth.Subject.doAs(Subject.java:422) [?:1.8.0_382]
	at org.apache.hadoop.security.UserGroupInformation.doAs(UserGroupInformation.java:1899) [hadoop-common-3.3.6.jar:?]
	at org.apache.hadoop.ipc.Server$Handler.run(Server.java:3048) [hadoop-common-3.3.6.jar:?]
11:35:01.379 [IPC Server handler 19 on default port 15057] ERROR OMAudit - user=runner | ip=127.0.0.1 | op=GET_FILE_STATUS {volume=volume67780, bucket=bucket36604, key=level0/level1, dataSize=0, replicationConfig=null} | ret=FAILURE
org.apache.hadoop.ozone.om.exceptions.OMException: Unable to get file status: volume: volume67780 bucket: bucket36604 key: level0/level1
	at org.apache.hadoop.ozone.om.KeyManagerImpl.getOzoneFileStatus(KeyManagerImpl.java:1195) ~[ozone-manager-1.4.0-SNAPSHOT.jar:?]
	at org.apache.hadoop.ozone.om.KeyManagerImpl.getFileStatus(KeyManagerImpl.java:1113) ~[ozone-manager-1.4.0-SNAPSHOT.jar:?]
	at org.apache.hadoop.ozone.om.OmMetadataReader.getFileStatus(OmMetadataReader.java:262) ~[ozone-manager-1.4.0-SNAPSHOT.jar:?]
	at org.apache.hadoop.ozone.om.OzoneManager.getFileStatus(OzoneManager.java:3513) ~[ozone-manager-1.4.0-SNAPSHOT.jar:?]
	at org.apache.hadoop.ozone.protocolPB.OzoneManagerRequestHandler.getOzoneFileStatus(OzoneManagerRequestHandler.java:973) ~[ozone-manager-1.4.0-SNAPSHOT.jar:?]
	at org.apache.hadoop.ozone.protocolPB.OzoneManagerRequestHandler.handleReadRequest(OzoneManagerRequestHandler.java:252) ~[ozone-manager-1.4.0-SNAPSHOT.jar:?]
	at org.apache.hadoop.ozone.protocolPB.OzoneManagerProtocolServerSideTranslatorPB.submitRequestDirectlyToOM(OzoneManagerProtocolServerSideTranslatorPB.java:274) ~[ozone-manager-1.4.0-SNAPSHOT.jar:?]
	at org.apache.hadoop.ozone.protocolPB.OzoneManagerProtocolServerSideTranslatorPB.processRequest(OzoneManagerProtocolServerSideTranslatorPB.java:175) ~[ozone-manager-1.4.0-SNAPSHOT.jar:?]
	at org.apache.hadoop.hdds.server.OzoneProtocolMessageDispatcher.processRequest(OzoneProtocolMessageDispatcher.java:87) [hdds-server-framework-1.4.0-SNAPSHOT.jar:?]
	at org.apache.hadoop.ozone.protocolPB.OzoneManagerProtocolServerSideTranslatorPB.submitRequest(OzoneManagerProtocolServerSideTranslatorPB.java:148) [ozone-manager-1.4.0-SNAPSHOT.jar:?]
	at org.apache.hadoop.ozone.protocol.proto.OzoneManagerProtocolProtos$OzoneManagerService$2.callBlockingMethod(OzoneManagerProtocolProtos.java) [ozone-interface-client-1.4.0-SNAPSHOT.jar:?]
	at org.apache.hadoop.ipc.ProtobufRpcEngine$Server.processCall(ProtobufRpcEngine.java:484) [hadoop-common-3.3.6.jar:?]
	at org.apache.hadoop.ipc.ProtobufRpcEngine2$Server$ProtoBufRpcInvoker.call(ProtobufRpcEngine2.java:595) [hadoop-common-3.3.6.jar:?]
	at org.apache.hadoop.ipc.ProtobufRpcEngine2$Server$ProtoBufRpcInvoker.call(ProtobufRpcEngine2.java:573) [hadoop-common-3.3.6.jar:?]
	at org.apache.hadoop.ipc.RPC$Server.call(RPC.java:1227) [hadoop-common-3.3.6.jar:?]
	at org.apache.hadoop.ipc.Server$RpcCall.run(Server.java:1094) [hadoop-common-3.3.6.jar:?]
	at org.apache.hadoop.ipc.Server$RpcCall.run(Server.java:1017) [hadoop-common-3.3.6.jar:?]
	at java.security.AccessController.doPrivileged(Native Method) ~[?:1.8.0_382]
	at javax.security.auth.Subject.doAs(Subject.java:422) [?:1.8.0_382]
	at org.apache.hadoop.security.UserGroupInformation.doAs(UserGroupInformation.java:1899) [hadoop-common-3.3.6.jar:?]
	at org.apache.hadoop.ipc.Server$Handler.run(Server.java:3048) [hadoop-common-3.3.6.jar:?]
11:35:01.381 [IPC Server handler 1 on default port 15057] ERROR OMAudit - user=runner | ip=127.0.0.1 | op=GET_FILE_STATUS {volume=volume67780, bucket=bucket36604, key=level0/level1/level1, dataSize=0, replicationConfig=null} | ret=FAILURE
org.apache.hadoop.ozone.om.exceptions.OMException: Unable to get file status: volume: volume67780 bucket: bucket36604 key: level0/level1/level1
	at org.apache.hadoop.ozone.om.KeyManagerImpl.getOzoneFileStatus(KeyManagerImpl.java:1195) ~[ozone-manager-1.4.0-SNAPSHOT.jar:?]
	at org.apache.hadoop.ozone.om.KeyManagerImpl.getFileStatus(KeyManagerImpl.java:1113) ~[ozone-manager-1.4.0-SNAPSHOT.jar:?]
	at org.apache.hadoop.ozone.om.OmMetadataReader.getFileStatus(OmMetadataReader.java:262) ~[ozone-manager-1.4.0-SNAPSHOT.jar:?]
	at org.apache.hadoop.ozone.om.OzoneManager.getFileStatus(OzoneManager.java:3513) ~[ozone-manager-1.4.0-SNAPSHOT.jar:?]
	at org.apache.hadoop.ozone.protocolPB.OzoneManagerRequestHandler.getOzoneFileStatus(OzoneManagerRequestHandler.java:973) ~[ozone-manager-1.4.0-SNAPSHOT.jar:?]
	at org.apache.hadoop.ozone.protocolPB.OzoneManagerRequestHandler.handleReadRequest(OzoneManagerRequestHandler.java:252) ~[ozone-manager-1.4.0-SNAPSHOT.jar:?]
	at org.apache.hadoop.ozone.protocolPB.OzoneManagerProtocolServerSideTranslatorPB.submitRequestDirectlyToOM(OzoneManagerProtocolServerSideTranslatorPB.java:274) ~[ozone-manager-1.4.0-SNAPSHOT.jar:?]
	at org.apache.hadoop.ozone.protocolPB.OzoneManagerProtocolServerSideTranslatorPB.processRequest(OzoneManagerProtocolServerSideTranslatorPB.java:175) ~[ozone-manager-1.4.0-SNAPSHOT.jar:?]
	at org.apache.hadoop.hdds.server.OzoneProtocolMessageDispatcher.processRequest(OzoneProtocolMessageDispatcher.java:87) [hdds-server-framework-1.4.0-SNAPSHOT.jar:?]
	at org.apache.hadoop.ozone.protocolPB.OzoneManagerProtocolServerSideTranslatorPB.submitRequest(OzoneManagerProtocolServerSideTranslatorPB.java:148) [ozone-manager-1.4.0-SNAPSHOT.jar:?]
	at org.apache.hadoop.ozone.protocol.proto.OzoneManagerProtocolProtos$OzoneManagerService$2.callBlockingMethod(OzoneManagerProtocolProtos.java) [ozone-interface-client-1.4.0-SNAPSHOT.jar:?]
	at org.apache.hadoop.ipc.ProtobufRpcEngine$Server.processCall(ProtobufRpcEngine.java:484) [hadoop-common-3.3.6.jar:?]
	at org.apache.hadoop.ipc.ProtobufRpcEngine2$Server$ProtoBufRpcInvoker.call(ProtobufRpcEngine2.java:595) [hadoop-common-3.3.6.jar:?]
	at org.apache.hadoop.ipc.ProtobufRpcEngine2$Server$ProtoBufRpcInvoker.call(ProtobufRpcEngine2.java:573) [hadoop-common-3.3.6.jar:?]
	at org.apache.hadoop.ipc.RPC$Server.call(RPC.java:1227) [hadoop-common-3.3.6.jar:?]
	at org.apache.hadoop.ipc.Server$RpcCall.run(Server.java:1094) [hadoop-common-3.3.6.jar:?]
	at org.apache.hadoop.ipc.Server$RpcCall.run(Server.java:1017) [hadoop-common-3.3.6.jar:?]
	at java.security.AccessController.doPrivileged(Native Method) ~[?:1.8.0_382]
	at javax.security.auth.Subject.doAs(Subject.java:422) [?:1.8.0_382]
	at org.apache.hadoop.security.UserGroupInformation.doAs(UserGroupInformation.java:1899) [hadoop-common-3.3.6.jar:?]
	at org.apache.hadoop.ipc.Server$Handler.run(Server.java:3048) [hadoop-common-3.3.6.jar:?]
11:35:01.382 [IPC Server handler 7 on default port 15057] ERROR OMAudit - user=runner | ip=127.0.0.1 | op=GET_FILE_STATUS {volume=volume67780, bucket=bucket36604, key=level0/level1/file1, dataSize=0, replicationConfig=null} | ret=FAILURE
org.apache.hadoop.ozone.om.exceptions.OMException: Unable to get file status: volume: volume67780 bucket: bucket36604 key: level0/level1/file1
	at org.apache.hadoop.ozone.om.KeyManagerImpl.getOzoneFileStatus(KeyManagerImpl.java:1195) ~[ozone-manager-1.4.0-SNAPSHOT.jar:?]
	at org.apache.hadoop.ozone.om.KeyManagerImpl.getFileStatus(KeyManagerImpl.java:1113) ~[ozone-manager-1.4.0-SNAPSHOT.jar:?]
	at org.apache.hadoop.ozone.om.OmMetadataReader.getFileStatus(OmMetadataReader.java:262) ~[ozone-manager-1.4.0-SNAPSHOT.jar:?]
	at org.apache.hadoop.ozone.om.OzoneManager.getFileStatus(OzoneManager.java:3513) ~[ozone-manager-1.4.0-SNAPSHOT.jar:?]
	at org.apache.hadoop.ozone.protocolPB.OzoneManagerRequestHandler.getOzoneFileStatus(OzoneManagerRequestHandler.java:973) ~[ozone-manager-1.4.0-SNAPSHOT.jar:?]
	at org.apache.hadoop.ozone.protocolPB.OzoneManagerRequestHandler.handleReadRequest(OzoneManagerRequestHandler.java:252) ~[ozone-manager-1.4.0-SNAPSHOT.jar:?]
	at org.apache.hadoop.ozone.protocolPB.OzoneManagerProtocolServerSideTranslatorPB.submitRequestDirectlyToOM(OzoneManagerProtocolServerSideTranslatorPB.java:274) ~[ozone-manager-1.4.0-SNAPSHOT.jar:?]
	at org.apache.hadoop.ozone.protocolPB.OzoneManagerProtocolServerSideTranslatorPB.processRequest(OzoneManagerProtocolServerSideTranslatorPB.java:175) ~[ozone-manager-1.4.0-SNAPSHOT.jar:?]
	at org.apache.hadoop.hdds.server.OzoneProtocolMessageDispatcher.processRequest(OzoneProtocolMessageDispatcher.java:87) [hdds-server-framework-1.4.0-SNAPSHOT.jar:?]
	at org.apache.hadoop.ozone.protocolPB.OzoneManagerProtocolServerSideTranslatorPB.submitRequest(OzoneManagerProtocolServerSideTranslatorPB.java:148) [ozone-manager-1.4.0-SNAPSHOT.jar:?]
	at org.apache.hadoop.ozone.protocol.proto.OzoneManagerProtocolProtos$OzoneManagerService$2.callBlockingMethod(OzoneManagerProtocolProtos.java) [ozone-interface-client-1.4.0-SNAPSHOT.jar:?]
	at org.apache.hadoop.ipc.ProtobufRpcEngine$Server.processCall(ProtobufRpcEngine.java:484) [hadoop-common-3.3.6.jar:?]
	at org.apache.hadoop.ipc.ProtobufRpcEngine2$Server$ProtoBufRpcInvoker.call(ProtobufRpcEngine2.java:595) [hadoop-common-3.3.6.jar:?]
	at org.apache.hadoop.ipc.ProtobufRpcEngine2$Server$ProtoBufRpcInvoker.call(ProtobufRpcEngine2.java:573) [hadoop-common-3.3.6.jar:?]
	at org.apache.hadoop.ipc.RPC$Server.call(RPC.java:1227) [hadoop-common-3.3.6.jar:?]
	at org.apache.hadoop.ipc.Server$RpcCall.run(Server.java:1094) [hadoop-common-3.3.6.jar:?]
	at org.apache.hadoop.ipc.Server$RpcCall.run(Server.java:1017) [hadoop-common-3.3.6.jar:?]
	at java.security.AccessController.doPrivileged(Native Method) ~[?:1.8.0_382]
	at javax.security.auth.Subject.doAs(Subject.java:422) [?:1.8.0_382]
	at org.apache.hadoop.security.UserGroupInformation.doAs(UserGroupInformation.java:1899) [hadoop-common-3.3.6.jar:?]
	at org.apache.hadoop.ipc.Server$Handler.run(Server.java:3048) [hadoop-common-3.3.6.jar:?]
11:35:01.384 [IPC Server handler 8 on default port 15057] ERROR OMAudit - user=runner | ip=127.0.0.1 | op=GET_FILE_STATUS {volume=volume67780, bucket=bucket36604, key=level0/level1/level1/file1, dataSize=0, replicationConfig=null} | ret=FAILURE
org.apache.hadoop.ozone.om.exceptions.OMException: Unable to get file status: volume: volume67780 bucket: bucket36604 key: level0/level1/level1/file1
	at org.apache.hadoop.ozone.om.KeyManagerImpl.getOzoneFileStatus(KeyManagerImpl.java:1195) ~[ozone-manager-1.4.0-SNAPSHOT.jar:?]
	at org.apache.hadoop.ozone.om.KeyManagerImpl.getFileStatus(KeyManagerImpl.java:1113) ~[ozone-manager-1.4.0-SNAPSHOT.jar:?]
	at org.apache.hadoop.ozone.om.OmMetadataReader.getFileStatus(OmMetadataReader.java:262) ~[ozone-manager-1.4.0-SNAPSHOT.jar:?]
	at org.apache.hadoop.ozone.om.OzoneManager.getFileStatus(OzoneManager.java:3513) ~[ozone-manager-1.4.0-SNAPSHOT.jar:?]
	at org.apache.hadoop.ozone.protocolPB.OzoneManagerRequestHandler.getOzoneFileStatus(OzoneManagerRequestHandler.java:973) ~[ozone-manager-1.4.0-SNAPSHOT.jar:?]
	at org.apache.hadoop.ozone.protocolPB.OzoneManagerRequestHandler.handleReadRequest(OzoneManagerRequestHandler.java:252) ~[ozone-manager-1.4.0-SNAPSHOT.jar:?]
	at org.apache.hadoop.ozone.protocolPB.OzoneManagerProtocolServerSideTranslatorPB.submitRequestDirectlyToOM(OzoneManagerProtocolServerSideTranslatorPB.java:274) ~[ozone-manager-1.4.0-SNAPSHOT.jar:?]
	at org.apache.hadoop.ozone.protocolPB.OzoneManagerProtocolServerSideTranslatorPB.processRequest(OzoneManagerProtocolServerSideTranslatorPB.java:175) ~[ozone-manager-1.4.0-SNAPSHOT.jar:?]
	at org.apache.hadoop.hdds.server.OzoneProtocolMessageDispatcher.processRequest(OzoneProtocolMessageDispatcher.java:87) [hdds-server-framework-1.4.0-SNAPSHOT.jar:?]
	at org.apache.hadoop.ozone.protocolPB.OzoneManagerProtocolServerSideTranslatorPB.submitRequest(OzoneManagerProtocolServerSideTranslatorPB.java:148) [ozone-manager-1.4.0-SNAPSHOT.jar:?]
	at org.apache.hadoop.ozone.protocol.proto.OzoneManagerProtocolProtos$OzoneManagerService$2.callBlockingMethod(OzoneManagerProtocolProtos.java) [ozone-interface-client-1.4.0-SNAPSHOT.jar:?]
	at org.apache.hadoop.ipc.ProtobufRpcEngine$Server.processCall(ProtobufRpcEngine.java:484) [hadoop-common-3.3.6.jar:?]
	at org.apache.hadoop.ipc.ProtobufRpcEngine2$Server$ProtoBufRpcInvoker.call(ProtobufRpcEngine2.java:595) [hadoop-common-3.3.6.jar:?]
	at org.apache.hadoop.ipc.ProtobufRpcEngine2$Server$ProtoBufRpcInvoker.call(ProtobufRpcEngine2.java:573) [hadoop-common-3.3.6.jar:?]
	at org.apache.hadoop.ipc.RPC$Server.call(RPC.java:1227) [hadoop-common-3.3.6.jar:?]
	at org.apache.hadoop.ipc.Server$RpcCall.run(Server.java:1094) [hadoop-common-3.3.6.jar:?]
	at org.apache.hadoop.ipc.Server$RpcCall.run(Server.java:1017) [hadoop-common-3.3.6.jar:?]
	at java.security.AccessController.doPrivileged(Native Method) ~[?:1.8.0_382]
	at javax.security.auth.Subject.doAs(Subject.java:422) [?:1.8.0_382]
	at org.apache.hadoop.security.UserGroupInformation.doAs(UserGroupInformation.java:1899) [hadoop-common-3.3.6.jar:?]
	at org.apache.hadoop.ipc.Server$Handler.run(Server.java:3048) [hadoop-common-3.3.6.jar:?]
11:35:01.387 [IPC Server handler 4 on default port 15057] ERROR OMAudit - user=runner | ip=127.0.0.1 | op=GET_FILE_STATUS {volume=volume67780, bucket=bucket36604, key=level0/level2, dataSize=0, replicationConfig=null} | ret=FAILURE
org.apache.hadoop.ozone.om.exceptions.OMException: Unable to get file status: volume: volume67780 bucket: bucket36604 key: level0/level2
	at org.apache.hadoop.ozone.om.KeyManagerImpl.getOzoneFileStatus(KeyManagerImpl.java:1195) ~[ozone-manager-1.4.0-SNAPSHOT.jar:?]
	at org.apache.hadoop.ozone.om.KeyManagerImpl.getFileStatus(KeyManagerImpl.java:1113) ~[ozone-manager-1.4.0-SNAPSHOT.jar:?]
	at org.apache.hadoop.ozone.om.OmMetadataReader.getFileStatus(OmMetadataReader.java:262) ~[ozone-manager-1.4.0-SNAPSHOT.jar:?]
	at org.apache.hadoop.ozone.om.OzoneManager.getFileStatus(OzoneManager.java:3513) ~[ozone-manager-1.4.0-SNAPSHOT.jar:?]
	at org.apache.hadoop.ozone.protocolPB.OzoneManagerRequestHandler.getOzoneFileStatus(OzoneManagerRequestHandler.java:973) ~[ozone-manager-1.4.0-SNAPSHOT.jar:?]
	at org.apache.hadoop.ozone.protocolPB.OzoneManagerRequestHandler.handleReadRequest(OzoneManagerRequestHandler.java:252) ~[ozone-manager-1.4.0-SNAPSHOT.jar:?]
	at org.apache.hadoop.ozone.protocolPB.OzoneManagerProtocolServerSideTranslatorPB.submitRequestDirectlyToOM(OzoneManagerProtocolServerSideTranslatorPB.java:274) ~[ozone-manager-1.4.0-SNAPSHOT.jar:?]
	at org.apache.hadoop.ozone.protocolPB.OzoneManagerProtocolServerSideTranslatorPB.processRequest(OzoneManagerProtocolServerSideTranslatorPB.java:175) ~[ozone-manager-1.4.0-SNAPSHOT.jar:?]
	at org.apache.hadoop.hdds.server.OzoneProtocolMessageDispatcher.processRequest(OzoneProtocolMessageDispatcher.java:87) [hdds-server-framework-1.4.0-SNAPSHOT.jar:?]
	at org.apache.hadoop.ozone.protocolPB.OzoneManagerProtocolServerSideTranslatorPB.submitRequest(OzoneManagerProtocolServerSideTranslatorPB.java:148) [ozone-manager-1.4.0-SNAPSHOT.jar:?]
	at org.apache.hadoop.ozone.protocol.proto.OzoneManagerProtocolProtos$OzoneManagerService$2.callBlockingMethod(OzoneManagerProtocolProtos.java) [ozone-interface-client-1.4.0-SNAPSHOT.jar:?]
	at org.apache.hadoop.ipc.ProtobufRpcEngine$Server.processCall(ProtobufRpcEngine.java:484) [hadoop-common-3.3.6.jar:?]
	at org.apache.hadoop.ipc.ProtobufRpcEngine2$Server$ProtoBufRpcInvoker.call(ProtobufRpcEngine2.java:595) [hadoop-common-3.3.6.jar:?]
	at org.apache.hadoop.ipc.ProtobufRpcEngine2$Server$ProtoBufRpcInvoker.call(ProtobufRpcEngine2.java:573) [hadoop-common-3.3.6.jar:?]
	at org.apache.hadoop.ipc.RPC$Server.call(RPC.java:1227) [hadoop-common-3.3.6.jar:?]
	at org.apache.hadoop.ipc.Server$RpcCall.run(Server.java:1094) [hadoop-common-3.3.6.jar:?]
	at org.apache.hadoop.ipc.Server$RpcCall.run(Server.java:1017) [hadoop-common-3.3.6.jar:?]
	at java.security.AccessController.doPrivileged(Native Method) ~[?:1.8.0_382]
	at javax.security.auth.Subject.doAs(Subject.java:422) [?:1.8.0_382]
	at org.apache.hadoop.security.UserGroupInformation.doAs(UserGroupInformation.java:1899) [hadoop-common-3.3.6.jar:?]
	at org.apache.hadoop.ipc.Server$Handler.run(Server.java:3048) [hadoop-common-3.3.6.jar:?]
11:35:01.388 [IPC Server handler 5 on default port 15057] ERROR OMAudit - user=runner | ip=127.0.0.1 | op=GET_FILE_STATUS {volume=volume67780, bucket=bucket36604, key=level0/level2/level2, dataSize=0, replicationConfig=null} | ret=FAILURE
org.apache.hadoop.ozone.om.exceptions.OMException: Unable to get file status: volume: volume67780 bucket: bucket36604 key: level0/level2/level2
	at org.apache.hadoop.ozone.om.KeyManagerImpl.getOzoneFileStatus(KeyManagerImpl.java:1195) ~[ozone-manager-1.4.0-SNAPSHOT.jar:?]
	at org.apache.hadoop.ozone.om.KeyManagerImpl.getFileStatus(KeyManagerImpl.java:1113) ~[ozone-manager-1.4.0-SNAPSHOT.jar:?]
	at org.apache.hadoop.ozone.om.OmMetadataReader.getFileStatus(OmMetadataReader.java:262) ~[ozone-manager-1.4.0-SNAPSHOT.jar:?]
	at org.apache.hadoop.ozone.om.OzoneManager.getFileStatus(OzoneManager.java:3513) ~[ozone-manager-1.4.0-SNAPSHOT.jar:?]
	at org.apache.hadoop.ozone.protocolPB.OzoneManagerRequestHandler.getOzoneFileStatus(OzoneManagerRequestHandler.java:973) ~[ozone-manager-1.4.0-SNAPSHOT.jar:?]
	at org.apache.hadoop.ozone.protocolPB.OzoneManagerRequestHandler.handleReadRequest(OzoneManagerRequestHandler.java:252) ~[ozone-manager-1.4.0-SNAPSHOT.jar:?]
	at org.apache.hadoop.ozone.protocolPB.OzoneManagerProtocolServerSideTranslatorPB.submitRequestDirectlyToOM(OzoneManagerProtocolServerSideTranslatorPB.java:274) ~[ozone-manager-1.4.0-SNAPSHOT.jar:?]
	at org.apache.hadoop.ozone.protocolPB.OzoneManagerProtocolServerSideTranslatorPB.processRequest(OzoneManagerProtocolServerSideTranslatorPB.java:175) ~[ozone-manager-1.4.0-SNAPSHOT.jar:?]
	at org.apache.hadoop.hdds.server.OzoneProtocolMessageDispatcher.processRequest(OzoneProtocolMessageDispatcher.java:87) [hdds-server-framework-1.4.0-SNAPSHOT.jar:?]
	at org.apache.hadoop.ozone.protocolPB.OzoneManagerProtocolServerSideTranslatorPB.submitRequest(OzoneManagerProtocolServerSideTranslatorPB.java:148) [ozone-manager-1.4.0-SNAPSHOT.jar:?]
	at org.apache.hadoop.ozone.protocol.proto.OzoneManagerProtocolProtos$OzoneManagerService$2.callBlockingMethod(OzoneManagerProtocolProtos.java) [ozone-interface-client-1.4.0-SNAPSHOT.jar:?]
	at org.apache.hadoop.ipc.ProtobufRpcEngine$Server.processCall(ProtobufRpcEngine.java:484) [hadoop-common-3.3.6.jar:?]
	at org.apache.hadoop.ipc.ProtobufRpcEngine2$Server$ProtoBufRpcInvoker.call(ProtobufRpcEngine2.java:595) [hadoop-common-3.3.6.jar:?]
	at org.apache.hadoop.ipc.ProtobufRpcEngine2$Server$ProtoBufRpcInvoker.call(ProtobufRpcEngine2.java:573) [hadoop-common-3.3.6.jar:?]
	at org.apache.hadoop.ipc.RPC$Server.call(RPC.java:1227) [hadoop-common-3.3.6.jar:?]
	at org.apache.hadoop.ipc.Server$RpcCall.run(Server.java:1094) [hadoop-common-3.3.6.jar:?]
	at org.apache.hadoop.ipc.Server$RpcCall.run(Server.java:1017) [hadoop-common-3.3.6.jar:?]
	at java.security.AccessController.doPrivileged(Native Method) ~[?:1.8.0_382]
	at javax.security.auth.Subject.doAs(Subject.java:422) [?:1.8.0_382]
	at org.apache.hadoop.security.UserGroupInformation.doAs(UserGroupInformation.java:1899) [hadoop-common-3.3.6.jar:?]
	at org.apache.hadoop.ipc.Server$Handler.run(Server.java:3048) [hadoop-common-3.3.6.jar:?]
11:35:01.389 [IPC Server handler 3 on default port 15057] ERROR OMAudit - user=runner | ip=127.0.0.1 | op=GET_FILE_STATUS {volume=volume67780, bucket=bucket36604, key=level0/level2/file1, dataSize=0, replicationConfig=null} | ret=FAILURE
org.apache.hadoop.ozone.om.exceptions.OMException: Unable to get file status: volume: volume67780 bucket: bucket36604 key: level0/level2/file1
	at org.apache.hadoop.ozone.om.KeyManagerImpl.getOzoneFileStatus(KeyManagerImpl.java:1195) ~[ozone-manager-1.4.0-SNAPSHOT.jar:?]
	at org.apache.hadoop.ozone.om.KeyManagerImpl.getFileStatus(KeyManagerImpl.java:1113) ~[ozone-manager-1.4.0-SNAPSHOT.jar:?]
	at org.apache.hadoop.ozone.om.OmMetadataReader.getFileStatus(OmMetadataReader.java:262) ~[ozone-manager-1.4.0-SNAPSHOT.jar:?]
	at org.apache.hadoop.ozone.om.OzoneManager.getFileStatus(OzoneManager.java:3513) ~[ozone-manager-1.4.0-SNAPSHOT.jar:?]
	at org.apache.hadoop.ozone.protocolPB.OzoneManagerRequestHandler.getOzoneFileStatus(OzoneManagerRequestHandler.java:973) ~[ozone-manager-1.4.0-SNAPSHOT.jar:?]
	at org.apache.hadoop.ozone.protocolPB.OzoneManagerRequestHandler.handleReadRequest(OzoneManagerRequestHandler.java:252) ~[ozone-manager-1.4.0-SNAPSHOT.jar:?]
	at org.apache.hadoop.ozone.protocolPB.OzoneManagerProtocolServerSideTranslatorPB.submitRequestDirectlyToOM(OzoneManagerProtocolServerSideTranslatorPB.java:274) ~[ozone-manager-1.4.0-SNAPSHOT.jar:?]
	at org.apache.hadoop.ozone.protocolPB.OzoneManagerProtocolServerSideTranslatorPB.processRequest(OzoneManagerProtocolServerSideTranslatorPB.java:175) ~[ozone-manager-1.4.0-SNAPSHOT.jar:?]
	at org.apache.hadoop.hdds.server.OzoneProtocolMessageDispatcher.processRequest(OzoneProtocolMessageDispatcher.java:87) [hdds-server-framework-1.4.0-SNAPSHOT.jar:?]
	at org.apache.hadoop.ozone.protocolPB.OzoneManagerProtocolServerSideTranslatorPB.submitRequest(OzoneManagerProtocolServerSideTranslatorPB.java:148) [ozone-manager-1.4.0-SNAPSHOT.jar:?]
	at org.apache.hadoop.ozone.protocol.proto.OzoneManagerProtocolProtos$OzoneManagerService$2.callBlockingMethod(OzoneManagerProtocolProtos.java) [ozone-interface-client-1.4.0-SNAPSHOT.jar:?]
	at org.apache.hadoop.ipc.ProtobufRpcEngine$Server.processCall(ProtobufRpcEngine.java:484) [hadoop-common-3.3.6.jar:?]
	at org.apache.hadoop.ipc.ProtobufRpcEngine2$Server$ProtoBufRpcInvoker.call(ProtobufRpcEngine2.java:595) [hadoop-common-3.3.6.jar:?]
	at org.apache.hadoop.ipc.ProtobufRpcEngine2$Server$ProtoBufRpcInvoker.call(ProtobufRpcEngine2.java:573) [hadoop-common-3.3.6.jar:?]
	at org.apache.hadoop.ipc.RPC$Server.call(RPC.java:1227) [hadoop-common-3.3.6.jar:?]
	at org.apache.hadoop.ipc.Server$RpcCall.run(Server.java:1094) [hadoop-common-3.3.6.jar:?]
	at org.apache.hadoop.ipc.Server$RpcCall.run(Server.java:1017) [hadoop-common-3.3.6.jar:?]
	at java.security.AccessController.doPrivileged(Native Method) ~[?:1.8.0_382]
	at javax.security.auth.Subject.doAs(Subject.java:422) [?:1.8.0_382]
	at org.apache.hadoop.security.UserGroupInformation.doAs(UserGroupInformation.java:1899) [hadoop-common-3.3.6.jar:?]
	at org.apache.hadoop.ipc.Server$Handler.run(Server.java:3048) [hadoop-common-3.3.6.jar:?]
11:35:01.390 [IPC Server handler 6 on default port 15057] ERROR OMAudit - user=runner | ip=127.0.0.1 | op=GET_FILE_STATUS {volume=volume67780, bucket=bucket36604, key=level0/level2/level2/file1, dataSize=0, replicationConfig=null} | ret=FAILURE
org.apache.hadoop.ozone.om.exceptions.OMException: Unable to get file status: volume: volume67780 bucket: bucket36604 key: level0/level2/level2/file1
	at org.apache.hadoop.ozone.om.KeyManagerImpl.getOzoneFileStatus(KeyManagerImpl.java:1195) ~[ozone-manager-1.4.0-SNAPSHOT.jar:?]
	at org.apache.hadoop.ozone.om.KeyManagerImpl.getFileStatus(KeyManagerImpl.java:1113) ~[ozone-manager-1.4.0-SNAPSHOT.jar:?]
	at org.apache.hadoop.ozone.om.OmMetadataReader.getFileStatus(OmMetadataReader.java:262) ~[ozone-manager-1.4.0-SNAPSHOT.jar:?]
	at org.apache.hadoop.ozone.om.OzoneManager.getFileStatus(OzoneManager.java:3513) ~[ozone-manager-1.4.0-SNAPSHOT.jar:?]
	at org.apache.hadoop.ozone.protocolPB.OzoneManagerRequestHandler.getOzoneFileStatus(OzoneManagerRequestHandler.java:973) ~[ozone-manager-1.4.0-SNAPSHOT.jar:?]
	at org.apache.hadoop.ozone.protocolPB.OzoneManagerRequestHandler.handleReadRequest(OzoneManagerRequestHandler.java:252) ~[ozone-manager-1.4.0-SNAPSHOT.jar:?]
	at org.apache.hadoop.ozone.protocolPB.OzoneManagerProtocolServerSideTranslatorPB.submitRequestDirectlyToOM(OzoneManagerProtocolServerSideTranslatorPB.java:274) ~[ozone-manager-1.4.0-SNAPSHOT.jar:?]
	at org.apache.hadoop.ozone.protocolPB.OzoneManagerProtocolServerSideTranslatorPB.processRequest(OzoneManagerProtocolServerSideTranslatorPB.java:175) ~[ozone-manager-1.4.0-SNAPSHOT.jar:?]
	at org.apache.hadoop.hdds.server.OzoneProtocolMessageDispatcher.processRequest(OzoneProtocolMessageDispatcher.java:87) [hdds-server-framework-1.4.0-SNAPSHOT.jar:?]
	at org.apache.hadoop.ozone.protocolPB.OzoneManagerProtocolServerSideTranslatorPB.submitRequest(OzoneManagerProtocolServerSideTranslatorPB.java:148) [ozone-manager-1.4.0-SNAPSHOT.jar:?]
	at org.apache.hadoop.ozone.protocol.proto.OzoneManagerProtocolProtos$OzoneManagerService$2.callBlockingMethod(OzoneManagerProtocolProtos.java) [ozone-interface-client-1.4.0-SNAPSHOT.jar:?]
	at org.apache.hadoop.ipc.ProtobufRpcEngine$Server.processCall(ProtobufRpcEngine.java:484) [hadoop-common-3.3.6.jar:?]
	at org.apache.hadoop.ipc.ProtobufRpcEngine2$Server$ProtoBufRpcInvoker.call(ProtobufRpcEngine2.java:595) [hadoop-common-3.3.6.jar:?]
	at org.apache.hadoop.ipc.ProtobufRpcEngine2$Server$ProtoBufRpcInvoker.call(ProtobufRpcEngine2.java:573) [hadoop-common-3.3.6.jar:?]
	at org.apache.hadoop.ipc.RPC$Server.call(RPC.java:1227) [hadoop-common-3.3.6.jar:?]
	at org.apache.hadoop.ipc.Server$RpcCall.run(Server.java:1094) [hadoop-common-3.3.6.jar:?]
	at org.apache.hadoop.ipc.Server$RpcCall.run(Server.java:1017) [hadoop-common-3.3.6.jar:?]
	at java.security.AccessController.doPrivileged(Native Method) ~[?:1.8.0_382]
	at javax.security.auth.Subject.doAs(Subject.java:422) [?:1.8.0_382]
	at org.apache.hadoop.security.UserGroupInformation.doAs(UserGroupInformation.java:1899) [hadoop-common-3.3.6.jar:?]
	at org.apache.hadoop.ipc.Server$Handler.run(Server.java:3048) [hadoop-common-3.3.6.jar:?]
11:35:01.392 [IPC Server handler 14 on default port 15057] ERROR OMAudit - user=runner | ip=127.0.0.1 | op=GET_FILE_STATUS {volume=volume67780, bucket=bucket36604, key=level0/level3, dataSize=0, replicationConfig=null} | ret=FAILURE
org.apache.hadoop.ozone.om.exceptions.OMException: Unable to get file status: volume: volume67780 bucket: bucket36604 key: level0/level3
	at org.apache.hadoop.ozone.om.KeyManagerImpl.getOzoneFileStatus(KeyManagerImpl.java:1195) ~[ozone-manager-1.4.0-SNAPSHOT.jar:?]
	at org.apache.hadoop.ozone.om.KeyManagerImpl.getFileStatus(KeyManagerImpl.java:1113) ~[ozone-manager-1.4.0-SNAPSHOT.jar:?]
	at org.apache.hadoop.ozone.om.OmMetadataReader.getFileStatus(OmMetadataReader.java:262) ~[ozone-manager-1.4.0-SNAPSHOT.jar:?]
	at org.apache.hadoop.ozone.om.OzoneManager.getFileStatus(OzoneManager.java:3513) ~[ozone-manager-1.4.0-SNAPSHOT.jar:?]
	at org.apache.hadoop.ozone.protocolPB.OzoneManagerRequestHandler.getOzoneFileStatus(OzoneManagerRequestHandler.java:973) ~[ozone-manager-1.4.0-SNAPSHOT.jar:?]
	at org.apache.hadoop.ozone.protocolPB.OzoneManagerRequestHandler.handleReadRequest(OzoneManagerRequestHandler.java:252) ~[ozone-manager-1.4.0-SNAPSHOT.jar:?]
	at org.apache.hadoop.ozone.protocolPB.OzoneManagerProtocolServerSideTranslatorPB.submitRequestDirectlyToOM(OzoneManagerProtocolServerSideTranslatorPB.java:274) ~[ozone-manager-1.4.0-SNAPSHOT.jar:?]
	at org.apache.hadoop.ozone.protocolPB.OzoneManagerProtocolServerSideTranslatorPB.processRequest(OzoneManagerProtocolServerSideTranslatorPB.java:175) ~[ozone-manager-1.4.0-SNAPSHOT.jar:?]
	at org.apache.hadoop.hdds.server.OzoneProtocolMessageDispatcher.processRequest(OzoneProtocolMessageDispatcher.java:87) [hdds-server-framework-1.4.0-SNAPSHOT.jar:?]
	at org.apache.hadoop.ozone.protocolPB.OzoneManagerProtocolServerSideTranslatorPB.submitRequest(OzoneManagerProtocolServerSideTranslatorPB.java:148) [ozone-manager-1.4.0-SNAPSHOT.jar:?]
	at org.apache.hadoop.ozone.protocol.proto.OzoneManagerProtocolProtos$OzoneManagerService$2.callBlockingMethod(OzoneManagerProtocolProtos.java) [ozone-interface-client-1.4.0-SNAPSHOT.jar:?]
	at org.apache.hadoop.ipc.ProtobufRpcEngine$Server.processCall(ProtobufRpcEngine.java:484) [hadoop-common-3.3.6.jar:?]
	at org.apache.hadoop.ipc.ProtobufRpcEngine2$Server$ProtoBufRpcInvoker.call(ProtobufRpcEngine2.java:595) [hadoop-common-3.3.6.jar:?]
	at org.apache.hadoop.ipc.ProtobufRpcEngine2$Server$ProtoBufRpcInvoker.call(ProtobufRpcEngine2.java:573) [hadoop-common-3.3.6.jar:?]
	at org.apache.hadoop.ipc.RPC$Server.call(RPC.java:1227) [hadoop-common-3.3.6.jar:?]
	at org.apache.hadoop.ipc.Server$RpcCall.run(Server.java:1094) [hadoop-common-3.3.6.jar:?]
	at org.apache.hadoop.ipc.Server$RpcCall.run(Server.java:1017) [hadoop-common-3.3.6.jar:?]
	at java.security.AccessController.doPrivileged(Native Method) ~[?:1.8.0_382]
	at javax.security.auth.Subject.doAs(Subject.java:422) [?:1.8.0_382]
	at org.apache.hadoop.security.UserGroupInformation.doAs(UserGroupInformation.java:1899) [hadoop-common-3.3.6.jar:?]
	at org.apache.hadoop.ipc.Server$Handler.run(Server.java:3048) [hadoop-common-3.3.6.jar:?]
11:35:01.394 [IPC Server handler 15 on default port 15057] ERROR OMAudit - user=runner | ip=127.0.0.1 | op=GET_FILE_STATUS {volume=volume67780, bucket=bucket36604, key=level0/level3/level3, dataSize=0, replicationConfig=null} | ret=FAILURE
org.apache.hadoop.ozone.om.exceptions.OMException: Unable to get file status: volume: volume67780 bucket: bucket36604 key: level0/level3/level3
	at org.apache.hadoop.ozone.om.KeyManagerImpl.getOzoneFileStatus(KeyManagerImpl.java:1195) ~[ozone-manager-1.4.0-SNAPSHOT.jar:?]
	at org.apache.hadoop.ozone.om.KeyManagerImpl.getFileStatus(KeyManagerImpl.java:1113) ~[ozone-manager-1.4.0-SNAPSHOT.jar:?]
	at org.apache.hadoop.ozone.om.OmMetadataReader.getFileStatus(OmMetadataReader.java:262) ~[ozone-manager-1.4.0-SNAPSHOT.jar:?]
	at org.apache.hadoop.ozone.om.OzoneManager.getFileStatus(OzoneManager.java:3513) ~[ozone-manager-1.4.0-SNAPSHOT.jar:?]
	at org.apache.hadoop.ozone.protocolPB.OzoneManagerRequestHandler.getOzoneFileStatus(OzoneManagerRequestHandler.java:973) ~[ozone-manager-1.4.0-SNAPSHOT.jar:?]
	at org.apache.hadoop.ozone.protocolPB.OzoneManagerRequestHandler.handleReadRequest(OzoneManagerRequestHandler.java:252) ~[ozone-manager-1.4.0-SNAPSHOT.jar:?]
	at org.apache.hadoop.ozone.protocolPB.OzoneManagerProtocolServerSideTranslatorPB.submitRequestDirectlyToOM(OzoneManagerProtocolServerSideTranslatorPB.java:274) ~[ozone-manager-1.4.0-SNAPSHOT.jar:?]
	at org.apache.hadoop.ozone.protocolPB.OzoneManagerProtocolServerSideTranslatorPB.processRequest(OzoneManagerProtocolServerSideTranslatorPB.java:175) ~[ozone-manager-1.4.0-SNAPSHOT.jar:?]
	at org.apache.hadoop.hdds.server.OzoneProtocolMessageDispatcher.processRequest(OzoneProtocolMessageDispatcher.java:87) [hdds-server-framework-1.4.0-SNAPSHOT.jar:?]
	at org.apache.hadoop.ozone.protocolPB.OzoneManagerProtocolServerSideTranslatorPB.submitRequest(OzoneManagerProtocolServerSideTranslatorPB.java:148) [ozone-manager-1.4.0-SNAPSHOT.jar:?]
	at org.apache.hadoop.ozone.protocol.proto.OzoneManagerProtocolProtos$OzoneManagerService$2.callBlockingMethod(OzoneManagerProtocolProtos.java) [ozone-interface-client-1.4.0-SNAPSHOT.jar:?]
	at org.apache.hadoop.ipc.ProtobufRpcEngine$Server.processCall(ProtobufRpcEngine.java:484) [hadoop-common-3.3.6.jar:?]
	at org.apache.hadoop.ipc.ProtobufRpcEngine2$Server$ProtoBufRpcInvoker.call(ProtobufRpcEngine2.java:595) [hadoop-common-3.3.6.jar:?]
	at org.apache.hadoop.ipc.ProtobufRpcEngine2$Server$ProtoBufRpcInvoker.call(ProtobufRpcEngine2.java:573) [hadoop-common-3.3.6.jar:?]
	at org.apache.hadoop.ipc.RPC$Server.call(RPC.java:1227) [hadoop-common-3.3.6.jar:?]
	at org.apache.hadoop.ipc.Server$RpcCall.run(Server.java:1094) [hadoop-common-3.3.6.jar:?]
	at org.apache.hadoop.ipc.Server$RpcCall.run(Server.java:1017) [hadoop-common-3.3.6.jar:?]
	at java.security.AccessController.doPrivileged(Native Method) ~[?:1.8.0_382]
	at javax.security.auth.Subject.doAs(Subject.java:422) [?:1.8.0_382]
	at org.apache.hadoop.security.UserGroupInformation.doAs(UserGroupInformation.java:1899) [hadoop-common-3.3.6.jar:?]
	at org.apache.hadoop.ipc.Server$Handler.run(Server.java:3048) [hadoop-common-3.3.6.jar:?]
11:35:01.396 [IPC Server handler 9 on default port 15057] ERROR OMAudit - user=runner | ip=127.0.0.1 | op=GET_FILE_STATUS {volume=volume67780, bucket=bucket36604, key=level0/level3/file1, dataSize=0, replicationConfig=null} | ret=FAILURE
org.apache.hadoop.ozone.om.exceptions.OMException: Unable to get file status: volume: volume67780 bucket: bucket36604 key: level0/level3/file1
	at org.apache.hadoop.ozone.om.KeyManagerImpl.getOzoneFileStatus(KeyManagerImpl.java:1195) ~[ozone-manager-1.4.0-SNAPSHOT.jar:?]
	at org.apache.hadoop.ozone.om.KeyManagerImpl.getFileStatus(KeyManagerImpl.java:1113) ~[ozone-manager-1.4.0-SNAPSHOT.jar:?]
	at org.apache.hadoop.ozone.om.OmMetadataReader.getFileStatus(OmMetadataReader.java:262) ~[ozone-manager-1.4.0-SNAPSHOT.jar:?]
	at org.apache.hadoop.ozone.om.OzoneManager.getFileStatus(OzoneManager.java:3513) ~[ozone-manager-1.4.0-SNAPSHOT.jar:?]
	at org.apache.hadoop.ozone.protocolPB.OzoneManagerRequestHandler.getOzoneFileStatus(OzoneManagerRequestHandler.java:973) ~[ozone-manager-1.4.0-SNAPSHOT.jar:?]
	at org.apache.hadoop.ozone.protocolPB.OzoneManagerRequestHandler.handleReadRequest(OzoneManagerRequestHandler.java:252) ~[ozone-manager-1.4.0-SNAPSHOT.jar:?]
	at org.apache.hadoop.ozone.protocolPB.OzoneManagerProtocolServerSideTranslatorPB.submitRequestDirectlyToOM(OzoneManagerProtocolServerSideTranslatorPB.java:274) ~[ozone-manager-1.4.0-SNAPSHOT.jar:?]
	at org.apache.hadoop.ozone.protocolPB.OzoneManagerProtocolServerSideTranslatorPB.processRequest(OzoneManagerProtocolServerSideTranslatorPB.java:175) ~[ozone-manager-1.4.0-SNAPSHOT.jar:?]
	at org.apache.hadoop.hdds.server.OzoneProtocolMessageDispatcher.processRequest(OzoneProtocolMessageDispatcher.java:87) [hdds-server-framework-1.4.0-SNAPSHOT.jar:?]
	at org.apache.hadoop.ozone.protocolPB.OzoneManagerProtocolServerSideTranslatorPB.submitRequest(OzoneManagerProtocolServerSideTranslatorPB.java:148) [ozone-manager-1.4.0-SNAPSHOT.jar:?]
	at org.apache.hadoop.ozone.protocol.proto.OzoneManagerProtocolProtos$OzoneManagerService$2.callBlockingMethod(OzoneManagerProtocolProtos.java) [ozone-interface-client-1.4.0-SNAPSHOT.jar:?]
	at org.apache.hadoop.ipc.ProtobufRpcEngine$Server.processCall(ProtobufRpcEngine.java:484) [hadoop-common-3.3.6.jar:?]
	at org.apache.hadoop.ipc.ProtobufRpcEngine2$Server$ProtoBufRpcInvoker.call(ProtobufRpcEngine2.java:595) [hadoop-common-3.3.6.jar:?]
	at org.apache.hadoop.ipc.ProtobufRpcEngine2$Server$ProtoBufRpcInvoker.call(ProtobufRpcEngine2.java:573) [hadoop-common-3.3.6.jar:?]
	at org.apache.hadoop.ipc.RPC$Server.call(RPC.java:1227) [hadoop-common-3.3.6.jar:?]
	at org.apache.hadoop.ipc.Server$RpcCall.run(Server.java:1094) [hadoop-common-3.3.6.jar:?]
	at org.apache.hadoop.ipc.Server$RpcCall.run(Server.java:1017) [hadoop-common-3.3.6.jar:?]
	at java.security.AccessController.doPrivileged(Native Method) ~[?:1.8.0_382]
	at javax.security.auth.Subject.doAs(Subject.java:422) [?:1.8.0_382]
	at org.apache.hadoop.security.UserGroupInformation.doAs(UserGroupInformation.java:1899) [hadoop-common-3.3.6.jar:?]
	at org.apache.hadoop.ipc.Server$Handler.run(Server.java:3048) [hadoop-common-3.3.6.jar:?]
11:35:01.397 [IPC Server handler 0 on default port 15057] ERROR OMAudit - user=runner | ip=127.0.0.1 | op=GET_FILE_STATUS {volume=volume67780, bucket=bucket36604, key=level0/level3/level3/file1, dataSize=0, replicationConfig=null} | ret=FAILURE
org.apache.hadoop.ozone.om.exceptions.OMException: Unable to get file status: volume: volume67780 bucket: bucket36604 key: level0/level3/level3/file1
	at org.apache.hadoop.ozone.om.KeyManagerImpl.getOzoneFileStatus(KeyManagerImpl.java:1195) ~[ozone-manager-1.4.0-SNAPSHOT.jar:?]
	at org.apache.hadoop.ozone.om.KeyManagerImpl.getFileStatus(KeyManagerImpl.java:1113) ~[ozone-manager-1.4.0-SNAPSHOT.jar:?]
	at org.apache.hadoop.ozone.om.OmMetadataReader.getFileStatus(OmMetadataReader.java:262) ~[ozone-manager-1.4.0-SNAPSHOT.jar:?]
	at org.apache.hadoop.ozone.om.OzoneManager.getFileStatus(OzoneManager.java:3513) ~[ozone-manager-1.4.0-SNAPSHOT.jar:?]
	at org.apache.hadoop.ozone.protocolPB.OzoneManagerRequestHandler.getOzoneFileStatus(OzoneManagerRequestHandler.java:973) ~[ozone-manager-1.4.0-SNAPSHOT.jar:?]
	at org.apache.hadoop.ozone.protocolPB.OzoneManagerRequestHandler.handleReadRequest(OzoneManagerRequestHandler.java:252) ~[ozone-manager-1.4.0-SNAPSHOT.jar:?]
	at org.apache.hadoop.ozone.protocolPB.OzoneManagerProtocolServerSideTranslatorPB.submitRequestDirectlyToOM(OzoneManagerProtocolServerSideTranslatorPB.java:274) ~[ozone-manager-1.4.0-SNAPSHOT.jar:?]
	at org.apache.hadoop.ozone.protocolPB.OzoneManagerProtocolServerSideTranslatorPB.processRequest(OzoneManagerProtocolServerSideTranslatorPB.java:175) ~[ozone-manager-1.4.0-SNAPSHOT.jar:?]
	at org.apache.hadoop.hdds.server.OzoneProtocolMessageDispatcher.processRequest(OzoneProtocolMessageDispatcher.java:87) [hdds-server-framework-1.4.0-SNAPSHOT.jar:?]
	at org.apache.hadoop.ozone.protocolPB.OzoneManagerProtocolServerSideTranslatorPB.submitRequest(OzoneManagerProtocolServerSideTranslatorPB.java:148) [ozone-manager-1.4.0-SNAPSHOT.jar:?]
	at org.apache.hadoop.ozone.protocol.proto.OzoneManagerProtocolProtos$OzoneManagerService$2.callBlockingMethod(OzoneManagerProtocolProtos.java) [ozone-interface-client-1.4.0-SNAPSHOT.jar:?]
	at org.apache.hadoop.ipc.ProtobufRpcEngine$Server.processCall(ProtobufRpcEngine.java:484) [hadoop-common-3.3.6.jar:?]
	at org.apache.hadoop.ipc.ProtobufRpcEngine2$Server$ProtoBufRpcInvoker.call(ProtobufRpcEngine2.java:595) [hadoop-common-3.3.6.jar:?]
	at org.apache.hadoop.ipc.ProtobufRpcEngine2$Server$ProtoBufRpcInvoker.call(ProtobufRpcEngine2.java:573) [hadoop-common-3.3.6.jar:?]
	at org.apache.hadoop.ipc.RPC$Server.call(RPC.java:1227) [hadoop-common-3.3.6.jar:?]
	at org.apache.hadoop.ipc.Server$RpcCall.run(Server.java:1094) [hadoop-common-3.3.6.jar:?]
	at org.apache.hadoop.ipc.Server$RpcCall.run(Server.java:1017) [hadoop-common-3.3.6.jar:?]
	at java.security.AccessController.doPrivileged(Native Method) ~[?:1.8.0_382]
	at javax.security.auth.Subject.doAs(Subject.java:422) [?:1.8.0_382]
	at org.apache.hadoop.security.UserGroupInformation.doAs(UserGroupInformation.java:1899) [hadoop-common-3.3.6.jar:?]
	at org.apache.hadoop.ipc.Server$Handler.run(Server.java:3048) [hadoop-common-3.3.6.jar:?]
]]></system-out>
  </testcase>
  <testcase name="testRecursiveDelete" classname="TestOzoneFileSystem" time="0.26">
    <system-out><![CDATA[11:36:25.347 [IPC Server handler 18 on default port 15110] ERROR OMAudit - user=runner | ip=127.0.0.1 | op=GET_FILE_STATUS {volume=volume79256, bucket=bucket28461, key=gdir1, dataSize=0, replicationConfig=null} | ret=FAILURE
org.apache.hadoop.ozone.om.exceptions.OMException: Unable to get file status: volume: volume79256 bucket: bucket28461 key: gdir1
	at org.apache.hadoop.ozone.om.KeyManagerImpl.getOzoneFileStatus(KeyManagerImpl.java:1195) ~[ozone-manager-1.4.0-SNAPSHOT.jar:?]
	at org.apache.hadoop.ozone.om.KeyManagerImpl.getFileStatus(KeyManagerImpl.java:1113) ~[ozone-manager-1.4.0-SNAPSHOT.jar:?]
	at org.apache.hadoop.ozone.om.OmMetadataReader.getFileStatus(OmMetadataReader.java:262) ~[ozone-manager-1.4.0-SNAPSHOT.jar:?]
	at org.apache.hadoop.ozone.om.OzoneManager.getFileStatus(OzoneManager.java:3513) ~[ozone-manager-1.4.0-SNAPSHOT.jar:?]
	at org.apache.hadoop.ozone.protocolPB.OzoneManagerRequestHandler.getOzoneFileStatus(OzoneManagerRequestHandler.java:973) ~[ozone-manager-1.4.0-SNAPSHOT.jar:?]
	at org.apache.hadoop.ozone.protocolPB.OzoneManagerRequestHandler.handleReadRequest(OzoneManagerRequestHandler.java:252) ~[ozone-manager-1.4.0-SNAPSHOT.jar:?]
	at org.apache.hadoop.ozone.protocolPB.OzoneManagerProtocolServerSideTranslatorPB.submitReadRequestToOM(OzoneManagerProtocolServerSideTranslatorPB.java:225) ~[ozone-manager-1.4.0-SNAPSHOT.jar:?]
	at org.apache.hadoop.ozone.protocolPB.OzoneManagerProtocolServerSideTranslatorPB.processRequest(OzoneManagerProtocolServerSideTranslatorPB.java:179) ~[ozone-manager-1.4.0-SNAPSHOT.jar:?]
	at org.apache.hadoop.hdds.server.OzoneProtocolMessageDispatcher.processRequest(OzoneProtocolMessageDispatcher.java:87) [hdds-server-framework-1.4.0-SNAPSHOT.jar:?]
	at org.apache.hadoop.ozone.protocolPB.OzoneManagerProtocolServerSideTranslatorPB.submitRequest(OzoneManagerProtocolServerSideTranslatorPB.java:148) [ozone-manager-1.4.0-SNAPSHOT.jar:?]
	at org.apache.hadoop.ozone.protocol.proto.OzoneManagerProtocolProtos$OzoneManagerService$2.callBlockingMethod(OzoneManagerProtocolProtos.java) [ozone-interface-client-1.4.0-SNAPSHOT.jar:?]
	at org.apache.hadoop.ipc.ProtobufRpcEngine$Server.processCall(ProtobufRpcEngine.java:484) [hadoop-common-3.3.6.jar:?]
	at org.apache.hadoop.ipc.ProtobufRpcEngine2$Server$ProtoBufRpcInvoker.call(ProtobufRpcEngine2.java:595) [hadoop-common-3.3.6.jar:?]
	at org.apache.hadoop.ipc.ProtobufRpcEngine2$Server$ProtoBufRpcInvoker.call(ProtobufRpcEngine2.java:573) [hadoop-common-3.3.6.jar:?]
	at org.apache.hadoop.ipc.RPC$Server.call(RPC.java:1227) [hadoop-common-3.3.6.jar:?]
	at org.apache.hadoop.ipc.Server$RpcCall.run(Server.java:1094) [hadoop-common-3.3.6.jar:?]
	at org.apache.hadoop.ipc.Server$RpcCall.run(Server.java:1017) [hadoop-common-3.3.6.jar:?]
	at java.security.AccessController.doPrivileged(Native Method) ~[?:1.8.0_382]
	at javax.security.auth.Subject.doAs(Subject.java:422) [?:1.8.0_382]
	at org.apache.hadoop.security.UserGroupInformation.doAs(UserGroupInformation.java:1899) [hadoop-common-3.3.6.jar:?]
	at org.apache.hadoop.ipc.Server$Handler.run(Server.java:3048) [hadoop-common-3.3.6.jar:?]
11:36:25.352 [IPC Server handler 15 on default port 15110] ERROR OMAudit - user=runner | ip=127.0.0.1 | op=GET_FILE_STATUS {volume=volume79256, bucket=bucket28461, key=gdir1/dir1, dataSize=0, replicationConfig=null} | ret=FAILURE
org.apache.hadoop.ozone.om.exceptions.OMException: Unable to get file status: volume: volume79256 bucket: bucket28461 key: gdir1/dir1
	at org.apache.hadoop.ozone.om.KeyManagerImpl.getOzoneFileStatus(KeyManagerImpl.java:1195) ~[ozone-manager-1.4.0-SNAPSHOT.jar:?]
	at org.apache.hadoop.ozone.om.KeyManagerImpl.getFileStatus(KeyManagerImpl.java:1113) ~[ozone-manager-1.4.0-SNAPSHOT.jar:?]
	at org.apache.hadoop.ozone.om.OmMetadataReader.getFileStatus(OmMetadataReader.java:262) ~[ozone-manager-1.4.0-SNAPSHOT.jar:?]
	at org.apache.hadoop.ozone.om.OzoneManager.getFileStatus(OzoneManager.java:3513) ~[ozone-manager-1.4.0-SNAPSHOT.jar:?]
	at org.apache.hadoop.ozone.protocolPB.OzoneManagerRequestHandler.getOzoneFileStatus(OzoneManagerRequestHandler.java:973) ~[ozone-manager-1.4.0-SNAPSHOT.jar:?]
	at org.apache.hadoop.ozone.protocolPB.OzoneManagerRequestHandler.handleReadRequest(OzoneManagerRequestHandler.java:252) ~[ozone-manager-1.4.0-SNAPSHOT.jar:?]
	at org.apache.hadoop.ozone.protocolPB.OzoneManagerProtocolServerSideTranslatorPB.submitReadRequestToOM(OzoneManagerProtocolServerSideTranslatorPB.java:225) ~[ozone-manager-1.4.0-SNAPSHOT.jar:?]
	at org.apache.hadoop.ozone.protocolPB.OzoneManagerProtocolServerSideTranslatorPB.processRequest(OzoneManagerProtocolServerSideTranslatorPB.java:179) ~[ozone-manager-1.4.0-SNAPSHOT.jar:?]
	at org.apache.hadoop.hdds.server.OzoneProtocolMessageDispatcher.processRequest(OzoneProtocolMessageDispatcher.java:87) [hdds-server-framework-1.4.0-SNAPSHOT.jar:?]
	at org.apache.hadoop.ozone.protocolPB.OzoneManagerProtocolServerSideTranslatorPB.submitRequest(OzoneManagerProtocolServerSideTranslatorPB.java:148) [ozone-manager-1.4.0-SNAPSHOT.jar:?]
	at org.apache.hadoop.ozone.protocol.proto.OzoneManagerProtocolProtos$OzoneManagerService$2.callBlockingMethod(OzoneManagerProtocolProtos.java) [ozone-interface-client-1.4.0-SNAPSHOT.jar:?]
	at org.apache.hadoop.ipc.ProtobufRpcEngine$Server.processCall(ProtobufRpcEngine.java:484) [hadoop-common-3.3.6.jar:?]
	at org.apache.hadoop.ipc.ProtobufRpcEngine2$Server$ProtoBufRpcInvoker.call(ProtobufRpcEngine2.java:595) [hadoop-common-3.3.6.jar:?]
	at org.apache.hadoop.ipc.ProtobufRpcEngine2$Server$ProtoBufRpcInvoker.call(ProtobufRpcEngine2.java:573) [hadoop-common-3.3.6.jar:?]
	at org.apache.hadoop.ipc.RPC$Server.call(RPC.java:1227) [hadoop-common-3.3.6.jar:?]
	at org.apache.hadoop.ipc.Server$RpcCall.run(Server.java:1094) [hadoop-common-3.3.6.jar:?]
	at org.apache.hadoop.ipc.Server$RpcCall.run(Server.java:1017) [hadoop-common-3.3.6.jar:?]
	at java.security.AccessController.doPrivileged(Native Method) ~[?:1.8.0_382]
	at javax.security.auth.Subject.doAs(Subject.java:422) [?:1.8.0_382]
	at org.apache.hadoop.security.UserGroupInformation.doAs(UserGroupInformation.java:1899) [hadoop-common-3.3.6.jar:?]
	at org.apache.hadoop.ipc.Server$Handler.run(Server.java:3048) [hadoop-common-3.3.6.jar:?]
11:36:25.353 [IPC Server handler 17 on default port 15110] ERROR OMAudit - user=runner | ip=127.0.0.1 | op=GET_FILE_STATUS {volume=volume79256, bucket=bucket28461, key=gdir1/dir1/child, dataSize=0, replicationConfig=null} | ret=FAILURE
org.apache.hadoop.ozone.om.exceptions.OMException: Unable to get file status: volume: volume79256 bucket: bucket28461 key: gdir1/dir1/child
	at org.apache.hadoop.ozone.om.KeyManagerImpl.getOzoneFileStatus(KeyManagerImpl.java:1195) ~[ozone-manager-1.4.0-SNAPSHOT.jar:?]
	at org.apache.hadoop.ozone.om.KeyManagerImpl.getFileStatus(KeyManagerImpl.java:1113) ~[ozone-manager-1.4.0-SNAPSHOT.jar:?]
	at org.apache.hadoop.ozone.om.OmMetadataReader.getFileStatus(OmMetadataReader.java:262) ~[ozone-manager-1.4.0-SNAPSHOT.jar:?]
	at org.apache.hadoop.ozone.om.OzoneManager.getFileStatus(OzoneManager.java:3513) ~[ozone-manager-1.4.0-SNAPSHOT.jar:?]
	at org.apache.hadoop.ozone.protocolPB.OzoneManagerRequestHandler.getOzoneFileStatus(OzoneManagerRequestHandler.java:973) ~[ozone-manager-1.4.0-SNAPSHOT.jar:?]
	at org.apache.hadoop.ozone.protocolPB.OzoneManagerRequestHandler.handleReadRequest(OzoneManagerRequestHandler.java:252) ~[ozone-manager-1.4.0-SNAPSHOT.jar:?]
	at org.apache.hadoop.ozone.protocolPB.OzoneManagerProtocolServerSideTranslatorPB.submitReadRequestToOM(OzoneManagerProtocolServerSideTranslatorPB.java:225) ~[ozone-manager-1.4.0-SNAPSHOT.jar:?]
	at org.apache.hadoop.ozone.protocolPB.OzoneManagerProtocolServerSideTranslatorPB.processRequest(OzoneManagerProtocolServerSideTranslatorPB.java:179) ~[ozone-manager-1.4.0-SNAPSHOT.jar:?]
	at org.apache.hadoop.hdds.server.OzoneProtocolMessageDispatcher.processRequest(OzoneProtocolMessageDispatcher.java:87) [hdds-server-framework-1.4.0-SNAPSHOT.jar:?]
	at org.apache.hadoop.ozone.protocolPB.OzoneManagerProtocolServerSideTranslatorPB.submitRequest(OzoneManagerProtocolServerSideTranslatorPB.java:148) [ozone-manager-1.4.0-SNAPSHOT.jar:?]
	at org.apache.hadoop.ozone.protocol.proto.OzoneManagerProtocolProtos$OzoneManagerService$2.callBlockingMethod(OzoneManagerProtocolProtos.java) [ozone-interface-client-1.4.0-SNAPSHOT.jar:?]
	at org.apache.hadoop.ipc.ProtobufRpcEngine$Server.processCall(ProtobufRpcEngine.java:484) [hadoop-common-3.3.6.jar:?]
	at org.apache.hadoop.ipc.ProtobufRpcEngine2$Server$ProtoBufRpcInvoker.call(ProtobufRpcEngine2.java:595) [hadoop-common-3.3.6.jar:?]
	at org.apache.hadoop.ipc.ProtobufRpcEngine2$Server$ProtoBufRpcInvoker.call(ProtobufRpcEngine2.java:573) [hadoop-common-3.3.6.jar:?]
	at org.apache.hadoop.ipc.RPC$Server.call(RPC.java:1227) [hadoop-common-3.3.6.jar:?]
	at org.apache.hadoop.ipc.Server$RpcCall.run(Server.java:1094) [hadoop-common-3.3.6.jar:?]
	at org.apache.hadoop.ipc.Server$RpcCall.run(Server.java:1017) [hadoop-common-3.3.6.jar:?]
	at java.security.AccessController.doPrivileged(Native Method) ~[?:1.8.0_382]
	at javax.security.auth.Subject.doAs(Subject.java:422) [?:1.8.0_382]
	at org.apache.hadoop.security.UserGroupInformation.doAs(UserGroupInformation.java:1899) [hadoop-common-3.3.6.jar:?]
	at org.apache.hadoop.ipc.Server$Handler.run(Server.java:3048) [hadoop-common-3.3.6.jar:?]
11:36:25.354 [IPC Server handler 13 on default port 15110] ERROR OMAudit - user=runner | ip=127.0.0.1 | op=GET_FILE_STATUS {volume=volume79256, bucket=bucket28461, key=gdir1/dir2, dataSize=0, replicationConfig=null} | ret=FAILURE
org.apache.hadoop.ozone.om.exceptions.OMException: Unable to get file status: volume: volume79256 bucket: bucket28461 key: gdir1/dir2
	at org.apache.hadoop.ozone.om.KeyManagerImpl.getOzoneFileStatus(KeyManagerImpl.java:1195) ~[ozone-manager-1.4.0-SNAPSHOT.jar:?]
	at org.apache.hadoop.ozone.om.KeyManagerImpl.getFileStatus(KeyManagerImpl.java:1113) ~[ozone-manager-1.4.0-SNAPSHOT.jar:?]
	at org.apache.hadoop.ozone.om.OmMetadataReader.getFileStatus(OmMetadataReader.java:262) ~[ozone-manager-1.4.0-SNAPSHOT.jar:?]
	at org.apache.hadoop.ozone.om.OzoneManager.getFileStatus(OzoneManager.java:3513) ~[ozone-manager-1.4.0-SNAPSHOT.jar:?]
	at org.apache.hadoop.ozone.protocolPB.OzoneManagerRequestHandler.getOzoneFileStatus(OzoneManagerRequestHandler.java:973) ~[ozone-manager-1.4.0-SNAPSHOT.jar:?]
	at org.apache.hadoop.ozone.protocolPB.OzoneManagerRequestHandler.handleReadRequest(OzoneManagerRequestHandler.java:252) ~[ozone-manager-1.4.0-SNAPSHOT.jar:?]
	at org.apache.hadoop.ozone.protocolPB.OzoneManagerProtocolServerSideTranslatorPB.submitReadRequestToOM(OzoneManagerProtocolServerSideTranslatorPB.java:225) ~[ozone-manager-1.4.0-SNAPSHOT.jar:?]
	at org.apache.hadoop.ozone.protocolPB.OzoneManagerProtocolServerSideTranslatorPB.processRequest(OzoneManagerProtocolServerSideTranslatorPB.java:179) ~[ozone-manager-1.4.0-SNAPSHOT.jar:?]
	at org.apache.hadoop.hdds.server.OzoneProtocolMessageDispatcher.processRequest(OzoneProtocolMessageDispatcher.java:87) [hdds-server-framework-1.4.0-SNAPSHOT.jar:?]
	at org.apache.hadoop.ozone.protocolPB.OzoneManagerProtocolServerSideTranslatorPB.submitRequest(OzoneManagerProtocolServerSideTranslatorPB.java:148) [ozone-manager-1.4.0-SNAPSHOT.jar:?]
	at org.apache.hadoop.ozone.protocol.proto.OzoneManagerProtocolProtos$OzoneManagerService$2.callBlockingMethod(OzoneManagerProtocolProtos.java) [ozone-interface-client-1.4.0-SNAPSHOT.jar:?]
	at org.apache.hadoop.ipc.ProtobufRpcEngine$Server.processCall(ProtobufRpcEngine.java:484) [hadoop-common-3.3.6.jar:?]
	at org.apache.hadoop.ipc.ProtobufRpcEngine2$Server$ProtoBufRpcInvoker.call(ProtobufRpcEngine2.java:595) [hadoop-common-3.3.6.jar:?]
	at org.apache.hadoop.ipc.ProtobufRpcEngine2$Server$ProtoBufRpcInvoker.call(ProtobufRpcEngine2.java:573) [hadoop-common-3.3.6.jar:?]
	at org.apache.hadoop.ipc.RPC$Server.call(RPC.java:1227) [hadoop-common-3.3.6.jar:?]
	at org.apache.hadoop.ipc.Server$RpcCall.run(Server.java:1094) [hadoop-common-3.3.6.jar:?]
	at org.apache.hadoop.ipc.Server$RpcCall.run(Server.java:1017) [hadoop-common-3.3.6.jar:?]
	at java.security.AccessController.doPrivileged(Native Method) ~[?:1.8.0_382]
	at javax.security.auth.Subject.doAs(Subject.java:422) [?:1.8.0_382]
	at org.apache.hadoop.security.UserGroupInformation.doAs(UserGroupInformation.java:1899) [hadoop-common-3.3.6.jar:?]
	at org.apache.hadoop.ipc.Server$Handler.run(Server.java:3048) [hadoop-common-3.3.6.jar:?]
11:36:25.356 [IPC Server handler 19 on default port 15110] ERROR OMAudit - user=runner | ip=127.0.0.1 | op=GET_FILE_STATUS {volume=volume79256, bucket=bucket28461, key=gdir1/dir2/child, dataSize=0, replicationConfig=null} | ret=FAILURE
org.apache.hadoop.ozone.om.exceptions.OMException: Unable to get file status: volume: volume79256 bucket: bucket28461 key: gdir1/dir2/child
	at org.apache.hadoop.ozone.om.KeyManagerImpl.getOzoneFileStatus(KeyManagerImpl.java:1195) ~[ozone-manager-1.4.0-SNAPSHOT.jar:?]
	at org.apache.hadoop.ozone.om.KeyManagerImpl.getFileStatus(KeyManagerImpl.java:1113) ~[ozone-manager-1.4.0-SNAPSHOT.jar:?]
	at org.apache.hadoop.ozone.om.OmMetadataReader.getFileStatus(OmMetadataReader.java:262) ~[ozone-manager-1.4.0-SNAPSHOT.jar:?]
	at org.apache.hadoop.ozone.om.OzoneManager.getFileStatus(OzoneManager.java:3513) ~[ozone-manager-1.4.0-SNAPSHOT.jar:?]
	at org.apache.hadoop.ozone.protocolPB.OzoneManagerRequestHandler.getOzoneFileStatus(OzoneManagerRequestHandler.java:973) ~[ozone-manager-1.4.0-SNAPSHOT.jar:?]
	at org.apache.hadoop.ozone.protocolPB.OzoneManagerRequestHandler.handleReadRequest(OzoneManagerRequestHandler.java:252) ~[ozone-manager-1.4.0-SNAPSHOT.jar:?]
	at org.apache.hadoop.ozone.protocolPB.OzoneManagerProtocolServerSideTranslatorPB.submitReadRequestToOM(OzoneManagerProtocolServerSideTranslatorPB.java:225) ~[ozone-manager-1.4.0-SNAPSHOT.jar:?]
	at org.apache.hadoop.ozone.protocolPB.OzoneManagerProtocolServerSideTranslatorPB.processRequest(OzoneManagerProtocolServerSideTranslatorPB.java:179) ~[ozone-manager-1.4.0-SNAPSHOT.jar:?]
	at org.apache.hadoop.hdds.server.OzoneProtocolMessageDispatcher.processRequest(OzoneProtocolMessageDispatcher.java:87) [hdds-server-framework-1.4.0-SNAPSHOT.jar:?]
	at org.apache.hadoop.ozone.protocolPB.OzoneManagerProtocolServerSideTranslatorPB.submitRequest(OzoneManagerProtocolServerSideTranslatorPB.java:148) [ozone-manager-1.4.0-SNAPSHOT.jar:?]
	at org.apache.hadoop.ozone.protocol.proto.OzoneManagerProtocolProtos$OzoneManagerService$2.callBlockingMethod(OzoneManagerProtocolProtos.java) [ozone-interface-client-1.4.0-SNAPSHOT.jar:?]
	at org.apache.hadoop.ipc.ProtobufRpcEngine$Server.processCall(ProtobufRpcEngine.java:484) [hadoop-common-3.3.6.jar:?]
	at org.apache.hadoop.ipc.ProtobufRpcEngine2$Server$ProtoBufRpcInvoker.call(ProtobufRpcEngine2.java:595) [hadoop-common-3.3.6.jar:?]
	at org.apache.hadoop.ipc.ProtobufRpcEngine2$Server$ProtoBufRpcInvoker.call(ProtobufRpcEngine2.java:573) [hadoop-common-3.3.6.jar:?]
	at org.apache.hadoop.ipc.RPC$Server.call(RPC.java:1227) [hadoop-common-3.3.6.jar:?]
	at org.apache.hadoop.ipc.Server$RpcCall.run(Server.java:1094) [hadoop-common-3.3.6.jar:?]
	at org.apache.hadoop.ipc.Server$RpcCall.run(Server.java:1017) [hadoop-common-3.3.6.jar:?]
	at java.security.AccessController.doPrivileged(Native Method) ~[?:1.8.0_382]
	at javax.security.auth.Subject.doAs(Subject.java:422) [?:1.8.0_382]
	at org.apache.hadoop.security.UserGroupInformation.doAs(UserGroupInformation.java:1899) [hadoop-common-3.3.6.jar:?]
	at org.apache.hadoop.ipc.Server$Handler.run(Server.java:3048) [hadoop-common-3.3.6.jar:?]
11:36:25.357 [IPC Server handler 0 on default port 15110] ERROR OMAudit - user=runner | ip=127.0.0.1 | op=GET_FILE_STATUS {volume=volume79256, bucket=bucket28461, key=gdir1/dir3, dataSize=0, replicationConfig=null} | ret=FAILURE
org.apache.hadoop.ozone.om.exceptions.OMException: Unable to get file status: volume: volume79256 bucket: bucket28461 key: gdir1/dir3
	at org.apache.hadoop.ozone.om.KeyManagerImpl.getOzoneFileStatus(KeyManagerImpl.java:1195) ~[ozone-manager-1.4.0-SNAPSHOT.jar:?]
	at org.apache.hadoop.ozone.om.KeyManagerImpl.getFileStatus(KeyManagerImpl.java:1113) ~[ozone-manager-1.4.0-SNAPSHOT.jar:?]
	at org.apache.hadoop.ozone.om.OmMetadataReader.getFileStatus(OmMetadataReader.java:262) ~[ozone-manager-1.4.0-SNAPSHOT.jar:?]
	at org.apache.hadoop.ozone.om.OzoneManager.getFileStatus(OzoneManager.java:3513) ~[ozone-manager-1.4.0-SNAPSHOT.jar:?]
	at org.apache.hadoop.ozone.protocolPB.OzoneManagerRequestHandler.getOzoneFileStatus(OzoneManagerRequestHandler.java:973) ~[ozone-manager-1.4.0-SNAPSHOT.jar:?]
	at org.apache.hadoop.ozone.protocolPB.OzoneManagerRequestHandler.handleReadRequest(OzoneManagerRequestHandler.java:252) ~[ozone-manager-1.4.0-SNAPSHOT.jar:?]
	at org.apache.hadoop.ozone.protocolPB.OzoneManagerProtocolServerSideTranslatorPB.submitReadRequestToOM(OzoneManagerProtocolServerSideTranslatorPB.java:225) ~[ozone-manager-1.4.0-SNAPSHOT.jar:?]
	at org.apache.hadoop.ozone.protocolPB.OzoneManagerProtocolServerSideTranslatorPB.processRequest(OzoneManagerProtocolServerSideTranslatorPB.java:179) ~[ozone-manager-1.4.0-SNAPSHOT.jar:?]
	at org.apache.hadoop.hdds.server.OzoneProtocolMessageDispatcher.processRequest(OzoneProtocolMessageDispatcher.java:87) [hdds-server-framework-1.4.0-SNAPSHOT.jar:?]
	at org.apache.hadoop.ozone.protocolPB.OzoneManagerProtocolServerSideTranslatorPB.submitRequest(OzoneManagerProtocolServerSideTranslatorPB.java:148) [ozone-manager-1.4.0-SNAPSHOT.jar:?]
	at org.apache.hadoop.ozone.protocol.proto.OzoneManagerProtocolProtos$OzoneManagerService$2.callBlockingMethod(OzoneManagerProtocolProtos.java) [ozone-interface-client-1.4.0-SNAPSHOT.jar:?]
	at org.apache.hadoop.ipc.ProtobufRpcEngine$Server.processCall(ProtobufRpcEngine.java:484) [hadoop-common-3.3.6.jar:?]
	at org.apache.hadoop.ipc.ProtobufRpcEngine2$Server$ProtoBufRpcInvoker.call(ProtobufRpcEngine2.java:595) [hadoop-common-3.3.6.jar:?]
	at org.apache.hadoop.ipc.ProtobufRpcEngine2$Server$ProtoBufRpcInvoker.call(ProtobufRpcEngine2.java:573) [hadoop-common-3.3.6.jar:?]
	at org.apache.hadoop.ipc.RPC$Server.call(RPC.java:1227) [hadoop-common-3.3.6.jar:?]
	at org.apache.hadoop.ipc.Server$RpcCall.run(Server.java:1094) [hadoop-common-3.3.6.jar:?]
	at org.apache.hadoop.ipc.Server$RpcCall.run(Server.java:1017) [hadoop-common-3.3.6.jar:?]
	at java.security.AccessController.doPrivileged(Native Method) ~[?:1.8.0_382]
	at javax.security.auth.Subject.doAs(Subject.java:422) [?:1.8.0_382]
	at org.apache.hadoop.security.UserGroupInformation.doAs(UserGroupInformation.java:1899) [hadoop-common-3.3.6.jar:?]
	at org.apache.hadoop.ipc.Server$Handler.run(Server.java:3048) [hadoop-common-3.3.6.jar:?]
11:36:25.358 [IPC Server handler 2 on default port 15110] ERROR OMAudit - user=runner | ip=127.0.0.1 | op=GET_FILE_STATUS {volume=volume79256, bucket=bucket28461, key=gdir1/dir3/child, dataSize=0, replicationConfig=null} | ret=FAILURE
org.apache.hadoop.ozone.om.exceptions.OMException: Unable to get file status: volume: volume79256 bucket: bucket28461 key: gdir1/dir3/child
	at org.apache.hadoop.ozone.om.KeyManagerImpl.getOzoneFileStatus(KeyManagerImpl.java:1195) ~[ozone-manager-1.4.0-SNAPSHOT.jar:?]
	at org.apache.hadoop.ozone.om.KeyManagerImpl.getFileStatus(KeyManagerImpl.java:1113) ~[ozone-manager-1.4.0-SNAPSHOT.jar:?]
	at org.apache.hadoop.ozone.om.OmMetadataReader.getFileStatus(OmMetadataReader.java:262) ~[ozone-manager-1.4.0-SNAPSHOT.jar:?]
	at org.apache.hadoop.ozone.om.OzoneManager.getFileStatus(OzoneManager.java:3513) ~[ozone-manager-1.4.0-SNAPSHOT.jar:?]
	at org.apache.hadoop.ozone.protocolPB.OzoneManagerRequestHandler.getOzoneFileStatus(OzoneManagerRequestHandler.java:973) ~[ozone-manager-1.4.0-SNAPSHOT.jar:?]
	at org.apache.hadoop.ozone.protocolPB.OzoneManagerRequestHandler.handleReadRequest(OzoneManagerRequestHandler.java:252) ~[ozone-manager-1.4.0-SNAPSHOT.jar:?]
	at org.apache.hadoop.ozone.protocolPB.OzoneManagerProtocolServerSideTranslatorPB.submitReadRequestToOM(OzoneManagerProtocolServerSideTranslatorPB.java:225) ~[ozone-manager-1.4.0-SNAPSHOT.jar:?]
	at org.apache.hadoop.ozone.protocolPB.OzoneManagerProtocolServerSideTranslatorPB.processRequest(OzoneManagerProtocolServerSideTranslatorPB.java:179) ~[ozone-manager-1.4.0-SNAPSHOT.jar:?]
	at org.apache.hadoop.hdds.server.OzoneProtocolMessageDispatcher.processRequest(OzoneProtocolMessageDispatcher.java:87) [hdds-server-framework-1.4.0-SNAPSHOT.jar:?]
	at org.apache.hadoop.ozone.protocolPB.OzoneManagerProtocolServerSideTranslatorPB.submitRequest(OzoneManagerProtocolServerSideTranslatorPB.java:148) [ozone-manager-1.4.0-SNAPSHOT.jar:?]
	at org.apache.hadoop.ozone.protocol.proto.OzoneManagerProtocolProtos$OzoneManagerService$2.callBlockingMethod(OzoneManagerProtocolProtos.java) [ozone-interface-client-1.4.0-SNAPSHOT.jar:?]
	at org.apache.hadoop.ipc.ProtobufRpcEngine$Server.processCall(ProtobufRpcEngine.java:484) [hadoop-common-3.3.6.jar:?]
	at org.apache.hadoop.ipc.ProtobufRpcEngine2$Server$ProtoBufRpcInvoker.call(ProtobufRpcEngine2.java:595) [hadoop-common-3.3.6.jar:?]
	at org.apache.hadoop.ipc.ProtobufRpcEngine2$Server$ProtoBufRpcInvoker.call(ProtobufRpcEngine2.java:573) [hadoop-common-3.3.6.jar:?]
	at org.apache.hadoop.ipc.RPC$Server.call(RPC.java:1227) [hadoop-common-3.3.6.jar:?]
	at org.apache.hadoop.ipc.Server$RpcCall.run(Server.java:1094) [hadoop-common-3.3.6.jar:?]
	at org.apache.hadoop.ipc.Server$RpcCall.run(Server.java:1017) [hadoop-common-3.3.6.jar:?]
	at java.security.AccessController.doPrivileged(Native Method) ~[?:1.8.0_382]
	at javax.security.auth.Subject.doAs(Subject.java:422) [?:1.8.0_382]
	at org.apache.hadoop.security.UserGroupInformation.doAs(UserGroupInformation.java:1899) [hadoop-common-3.3.6.jar:?]
	at org.apache.hadoop.ipc.Server$Handler.run(Server.java:3048) [hadoop-common-3.3.6.jar:?]
11:36:25.359 [IPC Server handler 1 on default port 15110] ERROR OMAudit - user=runner | ip=127.0.0.1 | op=GET_FILE_STATUS {volume=volume79256, bucket=bucket28461, key=gdir1/dir4, dataSize=0, replicationConfig=null} | ret=FAILURE
org.apache.hadoop.ozone.om.exceptions.OMException: Unable to get file status: volume: volume79256 bucket: bucket28461 key: gdir1/dir4
	at org.apache.hadoop.ozone.om.KeyManagerImpl.getOzoneFileStatus(KeyManagerImpl.java:1195) ~[ozone-manager-1.4.0-SNAPSHOT.jar:?]
	at org.apache.hadoop.ozone.om.KeyManagerImpl.getFileStatus(KeyManagerImpl.java:1113) ~[ozone-manager-1.4.0-SNAPSHOT.jar:?]
	at org.apache.hadoop.ozone.om.OmMetadataReader.getFileStatus(OmMetadataReader.java:262) ~[ozone-manager-1.4.0-SNAPSHOT.jar:?]
	at org.apache.hadoop.ozone.om.OzoneManager.getFileStatus(OzoneManager.java:3513) ~[ozone-manager-1.4.0-SNAPSHOT.jar:?]
	at org.apache.hadoop.ozone.protocolPB.OzoneManagerRequestHandler.getOzoneFileStatus(OzoneManagerRequestHandler.java:973) ~[ozone-manager-1.4.0-SNAPSHOT.jar:?]
	at org.apache.hadoop.ozone.protocolPB.OzoneManagerRequestHandler.handleReadRequest(OzoneManagerRequestHandler.java:252) ~[ozone-manager-1.4.0-SNAPSHOT.jar:?]
	at org.apache.hadoop.ozone.protocolPB.OzoneManagerProtocolServerSideTranslatorPB.submitReadRequestToOM(OzoneManagerProtocolServerSideTranslatorPB.java:225) ~[ozone-manager-1.4.0-SNAPSHOT.jar:?]
	at org.apache.hadoop.ozone.protocolPB.OzoneManagerProtocolServerSideTranslatorPB.processRequest(OzoneManagerProtocolServerSideTranslatorPB.java:179) ~[ozone-manager-1.4.0-SNAPSHOT.jar:?]
	at org.apache.hadoop.hdds.server.OzoneProtocolMessageDispatcher.processRequest(OzoneProtocolMessageDispatcher.java:87) [hdds-server-framework-1.4.0-SNAPSHOT.jar:?]
	at org.apache.hadoop.ozone.protocolPB.OzoneManagerProtocolServerSideTranslatorPB.submitRequest(OzoneManagerProtocolServerSideTranslatorPB.java:148) [ozone-manager-1.4.0-SNAPSHOT.jar:?]
	at org.apache.hadoop.ozone.protocol.proto.OzoneManagerProtocolProtos$OzoneManagerService$2.callBlockingMethod(OzoneManagerProtocolProtos.java) [ozone-interface-client-1.4.0-SNAPSHOT.jar:?]
	at org.apache.hadoop.ipc.ProtobufRpcEngine$Server.processCall(ProtobufRpcEngine.java:484) [hadoop-common-3.3.6.jar:?]
	at org.apache.hadoop.ipc.ProtobufRpcEngine2$Server$ProtoBufRpcInvoker.call(ProtobufRpcEngine2.java:595) [hadoop-common-3.3.6.jar:?]
	at org.apache.hadoop.ipc.ProtobufRpcEngine2$Server$ProtoBufRpcInvoker.call(ProtobufRpcEngine2.java:573) [hadoop-common-3.3.6.jar:?]
	at org.apache.hadoop.ipc.RPC$Server.call(RPC.java:1227) [hadoop-common-3.3.6.jar:?]
	at org.apache.hadoop.ipc.Server$RpcCall.run(Server.java:1094) [hadoop-common-3.3.6.jar:?]
	at org.apache.hadoop.ipc.Server$RpcCall.run(Server.java:1017) [hadoop-common-3.3.6.jar:?]
	at java.security.AccessController.doPrivileged(Native Method) ~[?:1.8.0_382]
	at javax.security.auth.Subject.doAs(Subject.java:422) [?:1.8.0_382]
	at org.apache.hadoop.security.UserGroupInformation.doAs(UserGroupInformation.java:1899) [hadoop-common-3.3.6.jar:?]
	at org.apache.hadoop.ipc.Server$Handler.run(Server.java:3048) [hadoop-common-3.3.6.jar:?]
11:36:25.360 [IPC Server handler 3 on default port 15110] ERROR OMAudit - user=runner | ip=127.0.0.1 | op=GET_FILE_STATUS {volume=volume79256, bucket=bucket28461, key=gdir1/dir4/child, dataSize=0, replicationConfig=null} | ret=FAILURE
org.apache.hadoop.ozone.om.exceptions.OMException: Unable to get file status: volume: volume79256 bucket: bucket28461 key: gdir1/dir4/child
	at org.apache.hadoop.ozone.om.KeyManagerImpl.getOzoneFileStatus(KeyManagerImpl.java:1195) ~[ozone-manager-1.4.0-SNAPSHOT.jar:?]
	at org.apache.hadoop.ozone.om.KeyManagerImpl.getFileStatus(KeyManagerImpl.java:1113) ~[ozone-manager-1.4.0-SNAPSHOT.jar:?]
	at org.apache.hadoop.ozone.om.OmMetadataReader.getFileStatus(OmMetadataReader.java:262) ~[ozone-manager-1.4.0-SNAPSHOT.jar:?]
	at org.apache.hadoop.ozone.om.OzoneManager.getFileStatus(OzoneManager.java:3513) ~[ozone-manager-1.4.0-SNAPSHOT.jar:?]
	at org.apache.hadoop.ozone.protocolPB.OzoneManagerRequestHandler.getOzoneFileStatus(OzoneManagerRequestHandler.java:973) ~[ozone-manager-1.4.0-SNAPSHOT.jar:?]
	at org.apache.hadoop.ozone.protocolPB.OzoneManagerRequestHandler.handleReadRequest(OzoneManagerRequestHandler.java:252) ~[ozone-manager-1.4.0-SNAPSHOT.jar:?]
	at org.apache.hadoop.ozone.protocolPB.OzoneManagerProtocolServerSideTranslatorPB.submitReadRequestToOM(OzoneManagerProtocolServerSideTranslatorPB.java:225) ~[ozone-manager-1.4.0-SNAPSHOT.jar:?]
	at org.apache.hadoop.ozone.protocolPB.OzoneManagerProtocolServerSideTranslatorPB.processRequest(OzoneManagerProtocolServerSideTranslatorPB.java:179) ~[ozone-manager-1.4.0-SNAPSHOT.jar:?]
	at org.apache.hadoop.hdds.server.OzoneProtocolMessageDispatcher.processRequest(OzoneProtocolMessageDispatcher.java:87) [hdds-server-framework-1.4.0-SNAPSHOT.jar:?]
	at org.apache.hadoop.ozone.protocolPB.OzoneManagerProtocolServerSideTranslatorPB.submitRequest(OzoneManagerProtocolServerSideTranslatorPB.java:148) [ozone-manager-1.4.0-SNAPSHOT.jar:?]
	at org.apache.hadoop.ozone.protocol.proto.OzoneManagerProtocolProtos$OzoneManagerService$2.callBlockingMethod(OzoneManagerProtocolProtos.java) [ozone-interface-client-1.4.0-SNAPSHOT.jar:?]
	at org.apache.hadoop.ipc.ProtobufRpcEngine$Server.processCall(ProtobufRpcEngine.java:484) [hadoop-common-3.3.6.jar:?]
	at org.apache.hadoop.ipc.ProtobufRpcEngine2$Server$ProtoBufRpcInvoker.call(ProtobufRpcEngine2.java:595) [hadoop-common-3.3.6.jar:?]
	at org.apache.hadoop.ipc.ProtobufRpcEngine2$Server$ProtoBufRpcInvoker.call(ProtobufRpcEngine2.java:573) [hadoop-common-3.3.6.jar:?]
	at org.apache.hadoop.ipc.RPC$Server.call(RPC.java:1227) [hadoop-common-3.3.6.jar:?]
	at org.apache.hadoop.ipc.Server$RpcCall.run(Server.java:1094) [hadoop-common-3.3.6.jar:?]
	at org.apache.hadoop.ipc.Server$RpcCall.run(Server.java:1017) [hadoop-common-3.3.6.jar:?]
	at java.security.AccessController.doPrivileged(Native Method) ~[?:1.8.0_382]
	at javax.security.auth.Subject.doAs(Subject.java:422) [?:1.8.0_382]
	at org.apache.hadoop.security.UserGroupInformation.doAs(UserGroupInformation.java:1899) [hadoop-common-3.3.6.jar:?]
	at org.apache.hadoop.ipc.Server$Handler.run(Server.java:3048) [hadoop-common-3.3.6.jar:?]
11:36:25.361 [IPC Server handler 5 on default port 15110] ERROR OMAudit - user=runner | ip=127.0.0.1 | op=GET_FILE_STATUS {volume=volume79256, bucket=bucket28461, key=gdir1/dir5, dataSize=0, replicationConfig=null} | ret=FAILURE
org.apache.hadoop.ozone.om.exceptions.OMException: Unable to get file status: volume: volume79256 bucket: bucket28461 key: gdir1/dir5
	at org.apache.hadoop.ozone.om.KeyManagerImpl.getOzoneFileStatus(KeyManagerImpl.java:1195) ~[ozone-manager-1.4.0-SNAPSHOT.jar:?]
	at org.apache.hadoop.ozone.om.KeyManagerImpl.getFileStatus(KeyManagerImpl.java:1113) ~[ozone-manager-1.4.0-SNAPSHOT.jar:?]
	at org.apache.hadoop.ozone.om.OmMetadataReader.getFileStatus(OmMetadataReader.java:262) ~[ozone-manager-1.4.0-SNAPSHOT.jar:?]
	at org.apache.hadoop.ozone.om.OzoneManager.getFileStatus(OzoneManager.java:3513) ~[ozone-manager-1.4.0-SNAPSHOT.jar:?]
	at org.apache.hadoop.ozone.protocolPB.OzoneManagerRequestHandler.getOzoneFileStatus(OzoneManagerRequestHandler.java:973) ~[ozone-manager-1.4.0-SNAPSHOT.jar:?]
	at org.apache.hadoop.ozone.protocolPB.OzoneManagerRequestHandler.handleReadRequest(OzoneManagerRequestHandler.java:252) ~[ozone-manager-1.4.0-SNAPSHOT.jar:?]
	at org.apache.hadoop.ozone.protocolPB.OzoneManagerProtocolServerSideTranslatorPB.submitReadRequestToOM(OzoneManagerProtocolServerSideTranslatorPB.java:225) ~[ozone-manager-1.4.0-SNAPSHOT.jar:?]
	at org.apache.hadoop.ozone.protocolPB.OzoneManagerProtocolServerSideTranslatorPB.processRequest(OzoneManagerProtocolServerSideTranslatorPB.java:179) ~[ozone-manager-1.4.0-SNAPSHOT.jar:?]
	at org.apache.hadoop.hdds.server.OzoneProtocolMessageDispatcher.processRequest(OzoneProtocolMessageDispatcher.java:87) [hdds-server-framework-1.4.0-SNAPSHOT.jar:?]
	at org.apache.hadoop.ozone.protocolPB.OzoneManagerProtocolServerSideTranslatorPB.submitRequest(OzoneManagerProtocolServerSideTranslatorPB.java:148) [ozone-manager-1.4.0-SNAPSHOT.jar:?]
	at org.apache.hadoop.ozone.protocol.proto.OzoneManagerProtocolProtos$OzoneManagerService$2.callBlockingMethod(OzoneManagerProtocolProtos.java) [ozone-interface-client-1.4.0-SNAPSHOT.jar:?]
	at org.apache.hadoop.ipc.ProtobufRpcEngine$Server.processCall(ProtobufRpcEngine.java:484) [hadoop-common-3.3.6.jar:?]
	at org.apache.hadoop.ipc.ProtobufRpcEngine2$Server$ProtoBufRpcInvoker.call(ProtobufRpcEngine2.java:595) [hadoop-common-3.3.6.jar:?]
	at org.apache.hadoop.ipc.ProtobufRpcEngine2$Server$ProtoBufRpcInvoker.call(ProtobufRpcEngine2.java:573) [hadoop-common-3.3.6.jar:?]
	at org.apache.hadoop.ipc.RPC$Server.call(RPC.java:1227) [hadoop-common-3.3.6.jar:?]
	at org.apache.hadoop.ipc.Server$RpcCall.run(Server.java:1094) [hadoop-common-3.3.6.jar:?]
	at org.apache.hadoop.ipc.Server$RpcCall.run(Server.java:1017) [hadoop-common-3.3.6.jar:?]
	at java.security.AccessController.doPrivileged(Native Method) ~[?:1.8.0_382]
	at javax.security.auth.Subject.doAs(Subject.java:422) [?:1.8.0_382]
	at org.apache.hadoop.security.UserGroupInformation.doAs(UserGroupInformation.java:1899) [hadoop-common-3.3.6.jar:?]
	at org.apache.hadoop.ipc.Server$Handler.run(Server.java:3048) [hadoop-common-3.3.6.jar:?]
11:36:25.363 [IPC Server handler 4 on default port 15110] ERROR OMAudit - user=runner | ip=127.0.0.1 | op=GET_FILE_STATUS {volume=volume79256, bucket=bucket28461, key=gdir1/dir5/child, dataSize=0, replicationConfig=null} | ret=FAILURE
org.apache.hadoop.ozone.om.exceptions.OMException: Unable to get file status: volume: volume79256 bucket: bucket28461 key: gdir1/dir5/child
	at org.apache.hadoop.ozone.om.KeyManagerImpl.getOzoneFileStatus(KeyManagerImpl.java:1195) ~[ozone-manager-1.4.0-SNAPSHOT.jar:?]
	at org.apache.hadoop.ozone.om.KeyManagerImpl.getFileStatus(KeyManagerImpl.java:1113) ~[ozone-manager-1.4.0-SNAPSHOT.jar:?]
	at org.apache.hadoop.ozone.om.OmMetadataReader.getFileStatus(OmMetadataReader.java:262) ~[ozone-manager-1.4.0-SNAPSHOT.jar:?]
	at org.apache.hadoop.ozone.om.OzoneManager.getFileStatus(OzoneManager.java:3513) ~[ozone-manager-1.4.0-SNAPSHOT.jar:?]
	at org.apache.hadoop.ozone.protocolPB.OzoneManagerRequestHandler.getOzoneFileStatus(OzoneManagerRequestHandler.java:973) ~[ozone-manager-1.4.0-SNAPSHOT.jar:?]
	at org.apache.hadoop.ozone.protocolPB.OzoneManagerRequestHandler.handleReadRequest(OzoneManagerRequestHandler.java:252) ~[ozone-manager-1.4.0-SNAPSHOT.jar:?]
	at org.apache.hadoop.ozone.protocolPB.OzoneManagerProtocolServerSideTranslatorPB.submitReadRequestToOM(OzoneManagerProtocolServerSideTranslatorPB.java:225) ~[ozone-manager-1.4.0-SNAPSHOT.jar:?]
	at org.apache.hadoop.ozone.protocolPB.OzoneManagerProtocolServerSideTranslatorPB.processRequest(OzoneManagerProtocolServerSideTranslatorPB.java:179) ~[ozone-manager-1.4.0-SNAPSHOT.jar:?]
	at org.apache.hadoop.hdds.server.OzoneProtocolMessageDispatcher.processRequest(OzoneProtocolMessageDispatcher.java:87) [hdds-server-framework-1.4.0-SNAPSHOT.jar:?]
	at org.apache.hadoop.ozone.protocolPB.OzoneManagerProtocolServerSideTranslatorPB.submitRequest(OzoneManagerProtocolServerSideTranslatorPB.java:148) [ozone-manager-1.4.0-SNAPSHOT.jar:?]
	at org.apache.hadoop.ozone.protocol.proto.OzoneManagerProtocolProtos$OzoneManagerService$2.callBlockingMethod(OzoneManagerProtocolProtos.java) [ozone-interface-client-1.4.0-SNAPSHOT.jar:?]
	at org.apache.hadoop.ipc.ProtobufRpcEngine$Server.processCall(ProtobufRpcEngine.java:484) [hadoop-common-3.3.6.jar:?]
	at org.apache.hadoop.ipc.ProtobufRpcEngine2$Server$ProtoBufRpcInvoker.call(ProtobufRpcEngine2.java:595) [hadoop-common-3.3.6.jar:?]
	at org.apache.hadoop.ipc.ProtobufRpcEngine2$Server$ProtoBufRpcInvoker.call(ProtobufRpcEngine2.java:573) [hadoop-common-3.3.6.jar:?]
	at org.apache.hadoop.ipc.RPC$Server.call(RPC.java:1227) [hadoop-common-3.3.6.jar:?]
	at org.apache.hadoop.ipc.Server$RpcCall.run(Server.java:1094) [hadoop-common-3.3.6.jar:?]
	at org.apache.hadoop.ipc.Server$RpcCall.run(Server.java:1017) [hadoop-common-3.3.6.jar:?]
	at java.security.AccessController.doPrivileged(Native Method) ~[?:1.8.0_382]
	at javax.security.auth.Subject.doAs(Subject.java:422) [?:1.8.0_382]
	at org.apache.hadoop.security.UserGroupInformation.doAs(UserGroupInformation.java:1899) [hadoop-common-3.3.6.jar:?]
	at org.apache.hadoop.ipc.Server$Handler.run(Server.java:3048) [hadoop-common-3.3.6.jar:?]
11:36:25.365 [IPC Server handler 6 on default port 15110] ERROR OMAudit - user=runner | ip=127.0.0.1 | op=GET_FILE_STATUS {volume=volume79256, bucket=bucket28461, key=gdir1/dir6, dataSize=0, replicationConfig=null} | ret=FAILURE
org.apache.hadoop.ozone.om.exceptions.OMException: Unable to get file status: volume: volume79256 bucket: bucket28461 key: gdir1/dir6
	at org.apache.hadoop.ozone.om.KeyManagerImpl.getOzoneFileStatus(KeyManagerImpl.java:1195) ~[ozone-manager-1.4.0-SNAPSHOT.jar:?]
	at org.apache.hadoop.ozone.om.KeyManagerImpl.getFileStatus(KeyManagerImpl.java:1113) ~[ozone-manager-1.4.0-SNAPSHOT.jar:?]
	at org.apache.hadoop.ozone.om.OmMetadataReader.getFileStatus(OmMetadataReader.java:262) ~[ozone-manager-1.4.0-SNAPSHOT.jar:?]
	at org.apache.hadoop.ozone.om.OzoneManager.getFileStatus(OzoneManager.java:3513) ~[ozone-manager-1.4.0-SNAPSHOT.jar:?]
	at org.apache.hadoop.ozone.protocolPB.OzoneManagerRequestHandler.getOzoneFileStatus(OzoneManagerRequestHandler.java:973) ~[ozone-manager-1.4.0-SNAPSHOT.jar:?]
	at org.apache.hadoop.ozone.protocolPB.OzoneManagerRequestHandler.handleReadRequest(OzoneManagerRequestHandler.java:252) ~[ozone-manager-1.4.0-SNAPSHOT.jar:?]
	at org.apache.hadoop.ozone.protocolPB.OzoneManagerProtocolServerSideTranslatorPB.submitReadRequestToOM(OzoneManagerProtocolServerSideTranslatorPB.java:225) ~[ozone-manager-1.4.0-SNAPSHOT.jar:?]
	at org.apache.hadoop.ozone.protocolPB.OzoneManagerProtocolServerSideTranslatorPB.processRequest(OzoneManagerProtocolServerSideTranslatorPB.java:179) ~[ozone-manager-1.4.0-SNAPSHOT.jar:?]
	at org.apache.hadoop.hdds.server.OzoneProtocolMessageDispatcher.processRequest(OzoneProtocolMessageDispatcher.java:87) [hdds-server-framework-1.4.0-SNAPSHOT.jar:?]
	at org.apache.hadoop.ozone.protocolPB.OzoneManagerProtocolServerSideTranslatorPB.submitRequest(OzoneManagerProtocolServerSideTranslatorPB.java:148) [ozone-manager-1.4.0-SNAPSHOT.jar:?]
	at org.apache.hadoop.ozone.protocol.proto.OzoneManagerProtocolProtos$OzoneManagerService$2.callBlockingMethod(OzoneManagerProtocolProtos.java) [ozone-interface-client-1.4.0-SNAPSHOT.jar:?]
	at org.apache.hadoop.ipc.ProtobufRpcEngine$Server.processCall(ProtobufRpcEngine.java:484) [hadoop-common-3.3.6.jar:?]
	at org.apache.hadoop.ipc.ProtobufRpcEngine2$Server$ProtoBufRpcInvoker.call(ProtobufRpcEngine2.java:595) [hadoop-common-3.3.6.jar:?]
	at org.apache.hadoop.ipc.ProtobufRpcEngine2$Server$ProtoBufRpcInvoker.call(ProtobufRpcEngine2.java:573) [hadoop-common-3.3.6.jar:?]
	at org.apache.hadoop.ipc.RPC$Server.call(RPC.java:1227) [hadoop-common-3.3.6.jar:?]
	at org.apache.hadoop.ipc.Server$RpcCall.run(Server.java:1094) [hadoop-common-3.3.6.jar:?]
	at org.apache.hadoop.ipc.Server$RpcCall.run(Server.java:1017) [hadoop-common-3.3.6.jar:?]
	at java.security.AccessController.doPrivileged(Native Method) ~[?:1.8.0_382]
	at javax.security.auth.Subject.doAs(Subject.java:422) [?:1.8.0_382]
	at org.apache.hadoop.security.UserGroupInformation.doAs(UserGroupInformation.java:1899) [hadoop-common-3.3.6.jar:?]
	at org.apache.hadoop.ipc.Server$Handler.run(Server.java:3048) [hadoop-common-3.3.6.jar:?]
11:36:25.366 [IPC Server handler 7 on default port 15110] ERROR OMAudit - user=runner | ip=127.0.0.1 | op=GET_FILE_STATUS {volume=volume79256, bucket=bucket28461, key=gdir1/dir6/child, dataSize=0, replicationConfig=null} | ret=FAILURE
org.apache.hadoop.ozone.om.exceptions.OMException: Unable to get file status: volume: volume79256 bucket: bucket28461 key: gdir1/dir6/child
	at org.apache.hadoop.ozone.om.KeyManagerImpl.getOzoneFileStatus(KeyManagerImpl.java:1195) ~[ozone-manager-1.4.0-SNAPSHOT.jar:?]
	at org.apache.hadoop.ozone.om.KeyManagerImpl.getFileStatus(KeyManagerImpl.java:1113) ~[ozone-manager-1.4.0-SNAPSHOT.jar:?]
	at org.apache.hadoop.ozone.om.OmMetadataReader.getFileStatus(OmMetadataReader.java:262) ~[ozone-manager-1.4.0-SNAPSHOT.jar:?]
	at org.apache.hadoop.ozone.om.OzoneManager.getFileStatus(OzoneManager.java:3513) ~[ozone-manager-1.4.0-SNAPSHOT.jar:?]
	at org.apache.hadoop.ozone.protocolPB.OzoneManagerRequestHandler.getOzoneFileStatus(OzoneManagerRequestHandler.java:973) ~[ozone-manager-1.4.0-SNAPSHOT.jar:?]
	at org.apache.hadoop.ozone.protocolPB.OzoneManagerRequestHandler.handleReadRequest(OzoneManagerRequestHandler.java:252) ~[ozone-manager-1.4.0-SNAPSHOT.jar:?]
	at org.apache.hadoop.ozone.protocolPB.OzoneManagerProtocolServerSideTranslatorPB.submitReadRequestToOM(OzoneManagerProtocolServerSideTranslatorPB.java:225) ~[ozone-manager-1.4.0-SNAPSHOT.jar:?]
	at org.apache.hadoop.ozone.protocolPB.OzoneManagerProtocolServerSideTranslatorPB.processRequest(OzoneManagerProtocolServerSideTranslatorPB.java:179) ~[ozone-manager-1.4.0-SNAPSHOT.jar:?]
	at org.apache.hadoop.hdds.server.OzoneProtocolMessageDispatcher.processRequest(OzoneProtocolMessageDispatcher.java:87) [hdds-server-framework-1.4.0-SNAPSHOT.jar:?]
	at org.apache.hadoop.ozone.protocolPB.OzoneManagerProtocolServerSideTranslatorPB.submitRequest(OzoneManagerProtocolServerSideTranslatorPB.java:148) [ozone-manager-1.4.0-SNAPSHOT.jar:?]
	at org.apache.hadoop.ozone.protocol.proto.OzoneManagerProtocolProtos$OzoneManagerService$2.callBlockingMethod(OzoneManagerProtocolProtos.java) [ozone-interface-client-1.4.0-SNAPSHOT.jar:?]
	at org.apache.hadoop.ipc.ProtobufRpcEngine$Server.processCall(ProtobufRpcEngine.java:484) [hadoop-common-3.3.6.jar:?]
	at org.apache.hadoop.ipc.ProtobufRpcEngine2$Server$ProtoBufRpcInvoker.call(ProtobufRpcEngine2.java:595) [hadoop-common-3.3.6.jar:?]
	at org.apache.hadoop.ipc.ProtobufRpcEngine2$Server$ProtoBufRpcInvoker.call(ProtobufRpcEngine2.java:573) [hadoop-common-3.3.6.jar:?]
	at org.apache.hadoop.ipc.RPC$Server.call(RPC.java:1227) [hadoop-common-3.3.6.jar:?]
	at org.apache.hadoop.ipc.Server$RpcCall.run(Server.java:1094) [hadoop-common-3.3.6.jar:?]
	at org.apache.hadoop.ipc.Server$RpcCall.run(Server.java:1017) [hadoop-common-3.3.6.jar:?]
	at java.security.AccessController.doPrivileged(Native Method) ~[?:1.8.0_382]
	at javax.security.auth.Subject.doAs(Subject.java:422) [?:1.8.0_382]
	at org.apache.hadoop.security.UserGroupInformation.doAs(UserGroupInformation.java:1899) [hadoop-common-3.3.6.jar:?]
	at org.apache.hadoop.ipc.Server$Handler.run(Server.java:3048) [hadoop-common-3.3.6.jar:?]
11:36:25.367 [IPC Server handler 9 on default port 15110] ERROR OMAudit - user=runner | ip=127.0.0.1 | op=GET_FILE_STATUS {volume=volume79256, bucket=bucket28461, key=gdir1/dir7, dataSize=0, replicationConfig=null} | ret=FAILURE
org.apache.hadoop.ozone.om.exceptions.OMException: Unable to get file status: volume: volume79256 bucket: bucket28461 key: gdir1/dir7
	at org.apache.hadoop.ozone.om.KeyManagerImpl.getOzoneFileStatus(KeyManagerImpl.java:1195) ~[ozone-manager-1.4.0-SNAPSHOT.jar:?]
	at org.apache.hadoop.ozone.om.KeyManagerImpl.getFileStatus(KeyManagerImpl.java:1113) ~[ozone-manager-1.4.0-SNAPSHOT.jar:?]
	at org.apache.hadoop.ozone.om.OmMetadataReader.getFileStatus(OmMetadataReader.java:262) ~[ozone-manager-1.4.0-SNAPSHOT.jar:?]
	at org.apache.hadoop.ozone.om.OzoneManager.getFileStatus(OzoneManager.java:3513) ~[ozone-manager-1.4.0-SNAPSHOT.jar:?]
	at org.apache.hadoop.ozone.protocolPB.OzoneManagerRequestHandler.getOzoneFileStatus(OzoneManagerRequestHandler.java:973) ~[ozone-manager-1.4.0-SNAPSHOT.jar:?]
	at org.apache.hadoop.ozone.protocolPB.OzoneManagerRequestHandler.handleReadRequest(OzoneManagerRequestHandler.java:252) ~[ozone-manager-1.4.0-SNAPSHOT.jar:?]
	at org.apache.hadoop.ozone.protocolPB.OzoneManagerProtocolServerSideTranslatorPB.submitReadRequestToOM(OzoneManagerProtocolServerSideTranslatorPB.java:225) ~[ozone-manager-1.4.0-SNAPSHOT.jar:?]
	at org.apache.hadoop.ozone.protocolPB.OzoneManagerProtocolServerSideTranslatorPB.processRequest(OzoneManagerProtocolServerSideTranslatorPB.java:179) ~[ozone-manager-1.4.0-SNAPSHOT.jar:?]
	at org.apache.hadoop.hdds.server.OzoneProtocolMessageDispatcher.processRequest(OzoneProtocolMessageDispatcher.java:87) [hdds-server-framework-1.4.0-SNAPSHOT.jar:?]
	at org.apache.hadoop.ozone.protocolPB.OzoneManagerProtocolServerSideTranslatorPB.submitRequest(OzoneManagerProtocolServerSideTranslatorPB.java:148) [ozone-manager-1.4.0-SNAPSHOT.jar:?]
	at org.apache.hadoop.ozone.protocol.proto.OzoneManagerProtocolProtos$OzoneManagerService$2.callBlockingMethod(OzoneManagerProtocolProtos.java) [ozone-interface-client-1.4.0-SNAPSHOT.jar:?]
	at org.apache.hadoop.ipc.ProtobufRpcEngine$Server.processCall(ProtobufRpcEngine.java:484) [hadoop-common-3.3.6.jar:?]
	at org.apache.hadoop.ipc.ProtobufRpcEngine2$Server$ProtoBufRpcInvoker.call(ProtobufRpcEngine2.java:595) [hadoop-common-3.3.6.jar:?]
	at org.apache.hadoop.ipc.ProtobufRpcEngine2$Server$ProtoBufRpcInvoker.call(ProtobufRpcEngine2.java:573) [hadoop-common-3.3.6.jar:?]
	at org.apache.hadoop.ipc.RPC$Server.call(RPC.java:1227) [hadoop-common-3.3.6.jar:?]
	at org.apache.hadoop.ipc.Server$RpcCall.run(Server.java:1094) [hadoop-common-3.3.6.jar:?]
	at org.apache.hadoop.ipc.Server$RpcCall.run(Server.java:1017) [hadoop-common-3.3.6.jar:?]
	at java.security.AccessController.doPrivileged(Native Method) ~[?:1.8.0_382]
	at javax.security.auth.Subject.doAs(Subject.java:422) [?:1.8.0_382]
	at org.apache.hadoop.security.UserGroupInformation.doAs(UserGroupInformation.java:1899) [hadoop-common-3.3.6.jar:?]
	at org.apache.hadoop.ipc.Server$Handler.run(Server.java:3048) [hadoop-common-3.3.6.jar:?]
11:36:25.368 [IPC Server handler 8 on default port 15110] ERROR OMAudit - user=runner | ip=127.0.0.1 | op=GET_FILE_STATUS {volume=volume79256, bucket=bucket28461, key=gdir1/dir7/child, dataSize=0, replicationConfig=null} | ret=FAILURE
org.apache.hadoop.ozone.om.exceptions.OMException: Unable to get file status: volume: volume79256 bucket: bucket28461 key: gdir1/dir7/child
	at org.apache.hadoop.ozone.om.KeyManagerImpl.getOzoneFileStatus(KeyManagerImpl.java:1195) ~[ozone-manager-1.4.0-SNAPSHOT.jar:?]
	at org.apache.hadoop.ozone.om.KeyManagerImpl.getFileStatus(KeyManagerImpl.java:1113) ~[ozone-manager-1.4.0-SNAPSHOT.jar:?]
	at org.apache.hadoop.ozone.om.OmMetadataReader.getFileStatus(OmMetadataReader.java:262) ~[ozone-manager-1.4.0-SNAPSHOT.jar:?]
	at org.apache.hadoop.ozone.om.OzoneManager.getFileStatus(OzoneManager.java:3513) ~[ozone-manager-1.4.0-SNAPSHOT.jar:?]
	at org.apache.hadoop.ozone.protocolPB.OzoneManagerRequestHandler.getOzoneFileStatus(OzoneManagerRequestHandler.java:973) ~[ozone-manager-1.4.0-SNAPSHOT.jar:?]
	at org.apache.hadoop.ozone.protocolPB.OzoneManagerRequestHandler.handleReadRequest(OzoneManagerRequestHandler.java:252) ~[ozone-manager-1.4.0-SNAPSHOT.jar:?]
	at org.apache.hadoop.ozone.protocolPB.OzoneManagerProtocolServerSideTranslatorPB.submitReadRequestToOM(OzoneManagerProtocolServerSideTranslatorPB.java:225) ~[ozone-manager-1.4.0-SNAPSHOT.jar:?]
	at org.apache.hadoop.ozone.protocolPB.OzoneManagerProtocolServerSideTranslatorPB.processRequest(OzoneManagerProtocolServerSideTranslatorPB.java:179) ~[ozone-manager-1.4.0-SNAPSHOT.jar:?]
	at org.apache.hadoop.hdds.server.OzoneProtocolMessageDispatcher.processRequest(OzoneProtocolMessageDispatcher.java:87) [hdds-server-framework-1.4.0-SNAPSHOT.jar:?]
	at org.apache.hadoop.ozone.protocolPB.OzoneManagerProtocolServerSideTranslatorPB.submitRequest(OzoneManagerProtocolServerSideTranslatorPB.java:148) [ozone-manager-1.4.0-SNAPSHOT.jar:?]
	at org.apache.hadoop.ozone.protocol.proto.OzoneManagerProtocolProtos$OzoneManagerService$2.callBlockingMethod(OzoneManagerProtocolProtos.java) [ozone-interface-client-1.4.0-SNAPSHOT.jar:?]
	at org.apache.hadoop.ipc.ProtobufRpcEngine$Server.processCall(ProtobufRpcEngine.java:484) [hadoop-common-3.3.6.jar:?]
	at org.apache.hadoop.ipc.ProtobufRpcEngine2$Server$ProtoBufRpcInvoker.call(ProtobufRpcEngine2.java:595) [hadoop-common-3.3.6.jar:?]
	at org.apache.hadoop.ipc.ProtobufRpcEngine2$Server$ProtoBufRpcInvoker.call(ProtobufRpcEngine2.java:573) [hadoop-common-3.3.6.jar:?]
	at org.apache.hadoop.ipc.RPC$Server.call(RPC.java:1227) [hadoop-common-3.3.6.jar:?]
	at org.apache.hadoop.ipc.Server$RpcCall.run(Server.java:1094) [hadoop-common-3.3.6.jar:?]
	at org.apache.hadoop.ipc.Server$RpcCall.run(Server.java:1017) [hadoop-common-3.3.6.jar:?]
	at java.security.AccessController.doPrivileged(Native Method) ~[?:1.8.0_382]
	at javax.security.auth.Subject.doAs(Subject.java:422) [?:1.8.0_382]
	at org.apache.hadoop.security.UserGroupInformation.doAs(UserGroupInformation.java:1899) [hadoop-common-3.3.6.jar:?]
	at org.apache.hadoop.ipc.Server$Handler.run(Server.java:3048) [hadoop-common-3.3.6.jar:?]
11:36:25.370 [IPC Server handler 10 on default port 15110] ERROR OMAudit - user=runner | ip=127.0.0.1 | op=GET_FILE_STATUS {volume=volume79256, bucket=bucket28461, key=gdir1/dir8, dataSize=0, replicationConfig=null} | ret=FAILURE
org.apache.hadoop.ozone.om.exceptions.OMException: Unable to get file status: volume: volume79256 bucket: bucket28461 key: gdir1/dir8
	at org.apache.hadoop.ozone.om.KeyManagerImpl.getOzoneFileStatus(KeyManagerImpl.java:1195) ~[ozone-manager-1.4.0-SNAPSHOT.jar:?]
	at org.apache.hadoop.ozone.om.KeyManagerImpl.getFileStatus(KeyManagerImpl.java:1113) ~[ozone-manager-1.4.0-SNAPSHOT.jar:?]
	at org.apache.hadoop.ozone.om.OmMetadataReader.getFileStatus(OmMetadataReader.java:262) ~[ozone-manager-1.4.0-SNAPSHOT.jar:?]
	at org.apache.hadoop.ozone.om.OzoneManager.getFileStatus(OzoneManager.java:3513) ~[ozone-manager-1.4.0-SNAPSHOT.jar:?]
	at org.apache.hadoop.ozone.protocolPB.OzoneManagerRequestHandler.getOzoneFileStatus(OzoneManagerRequestHandler.java:973) ~[ozone-manager-1.4.0-SNAPSHOT.jar:?]
	at org.apache.hadoop.ozone.protocolPB.OzoneManagerRequestHandler.handleReadRequest(OzoneManagerRequestHandler.java:252) ~[ozone-manager-1.4.0-SNAPSHOT.jar:?]
	at org.apache.hadoop.ozone.protocolPB.OzoneManagerProtocolServerSideTranslatorPB.submitReadRequestToOM(OzoneManagerProtocolServerSideTranslatorPB.java:225) ~[ozone-manager-1.4.0-SNAPSHOT.jar:?]
	at org.apache.hadoop.ozone.protocolPB.OzoneManagerProtocolServerSideTranslatorPB.processRequest(OzoneManagerProtocolServerSideTranslatorPB.java:179) ~[ozone-manager-1.4.0-SNAPSHOT.jar:?]
	at org.apache.hadoop.hdds.server.OzoneProtocolMessageDispatcher.processRequest(OzoneProtocolMessageDispatcher.java:87) [hdds-server-framework-1.4.0-SNAPSHOT.jar:?]
	at org.apache.hadoop.ozone.protocolPB.OzoneManagerProtocolServerSideTranslatorPB.submitRequest(OzoneManagerProtocolServerSideTranslatorPB.java:148) [ozone-manager-1.4.0-SNAPSHOT.jar:?]
	at org.apache.hadoop.ozone.protocol.proto.OzoneManagerProtocolProtos$OzoneManagerService$2.callBlockingMethod(OzoneManagerProtocolProtos.java) [ozone-interface-client-1.4.0-SNAPSHOT.jar:?]
	at org.apache.hadoop.ipc.ProtobufRpcEngine$Server.processCall(ProtobufRpcEngine.java:484) [hadoop-common-3.3.6.jar:?]
	at org.apache.hadoop.ipc.ProtobufRpcEngine2$Server$ProtoBufRpcInvoker.call(ProtobufRpcEngine2.java:595) [hadoop-common-3.3.6.jar:?]
	at org.apache.hadoop.ipc.ProtobufRpcEngine2$Server$ProtoBufRpcInvoker.call(ProtobufRpcEngine2.java:573) [hadoop-common-3.3.6.jar:?]
	at org.apache.hadoop.ipc.RPC$Server.call(RPC.java:1227) [hadoop-common-3.3.6.jar:?]
	at org.apache.hadoop.ipc.Server$RpcCall.run(Server.java:1094) [hadoop-common-3.3.6.jar:?]
	at org.apache.hadoop.ipc.Server$RpcCall.run(Server.java:1017) [hadoop-common-3.3.6.jar:?]
	at java.security.AccessController.doPrivileged(Native Method) ~[?:1.8.0_382]
	at javax.security.auth.Subject.doAs(Subject.java:422) [?:1.8.0_382]
	at org.apache.hadoop.security.UserGroupInformation.doAs(UserGroupInformation.java:1899) [hadoop-common-3.3.6.jar:?]
	at org.apache.hadoop.ipc.Server$Handler.run(Server.java:3048) [hadoop-common-3.3.6.jar:?]
11:36:25.376 [IPC Server handler 11 on default port 15110] ERROR OMAudit - user=runner | ip=127.0.0.1 | op=GET_FILE_STATUS {volume=volume79256, bucket=bucket28461, key=gdir1/dir8/child, dataSize=0, replicationConfig=null} | ret=FAILURE
org.apache.hadoop.ozone.om.exceptions.OMException: Unable to get file status: volume: volume79256 bucket: bucket28461 key: gdir1/dir8/child
	at org.apache.hadoop.ozone.om.KeyManagerImpl.getOzoneFileStatus(KeyManagerImpl.java:1195) ~[ozone-manager-1.4.0-SNAPSHOT.jar:?]
	at org.apache.hadoop.ozone.om.KeyManagerImpl.getFileStatus(KeyManagerImpl.java:1113) ~[ozone-manager-1.4.0-SNAPSHOT.jar:?]
	at org.apache.hadoop.ozone.om.OmMetadataReader.getFileStatus(OmMetadataReader.java:262) ~[ozone-manager-1.4.0-SNAPSHOT.jar:?]
	at org.apache.hadoop.ozone.om.OzoneManager.getFileStatus(OzoneManager.java:3513) ~[ozone-manager-1.4.0-SNAPSHOT.jar:?]
	at org.apache.hadoop.ozone.protocolPB.OzoneManagerRequestHandler.getOzoneFileStatus(OzoneManagerRequestHandler.java:973) ~[ozone-manager-1.4.0-SNAPSHOT.jar:?]
	at org.apache.hadoop.ozone.protocolPB.OzoneManagerRequestHandler.handleReadRequest(OzoneManagerRequestHandler.java:252) ~[ozone-manager-1.4.0-SNAPSHOT.jar:?]
	at org.apache.hadoop.ozone.protocolPB.OzoneManagerProtocolServerSideTranslatorPB.submitReadRequestToOM(OzoneManagerProtocolServerSideTranslatorPB.java:225) ~[ozone-manager-1.4.0-SNAPSHOT.jar:?]
	at org.apache.hadoop.ozone.protocolPB.OzoneManagerProtocolServerSideTranslatorPB.processRequest(OzoneManagerProtocolServerSideTranslatorPB.java:179) ~[ozone-manager-1.4.0-SNAPSHOT.jar:?]
	at org.apache.hadoop.hdds.server.OzoneProtocolMessageDispatcher.processRequest(OzoneProtocolMessageDispatcher.java:87) [hdds-server-framework-1.4.0-SNAPSHOT.jar:?]
	at org.apache.hadoop.ozone.protocolPB.OzoneManagerProtocolServerSideTranslatorPB.submitRequest(OzoneManagerProtocolServerSideTranslatorPB.java:148) [ozone-manager-1.4.0-SNAPSHOT.jar:?]
	at org.apache.hadoop.ozone.protocol.proto.OzoneManagerProtocolProtos$OzoneManagerService$2.callBlockingMethod(OzoneManagerProtocolProtos.java) [ozone-interface-client-1.4.0-SNAPSHOT.jar:?]
	at org.apache.hadoop.ipc.ProtobufRpcEngine$Server.processCall(ProtobufRpcEngine.java:484) [hadoop-common-3.3.6.jar:?]
	at org.apache.hadoop.ipc.ProtobufRpcEngine2$Server$ProtoBufRpcInvoker.call(ProtobufRpcEngine2.java:595) [hadoop-common-3.3.6.jar:?]
	at org.apache.hadoop.ipc.ProtobufRpcEngine2$Server$ProtoBufRpcInvoker.call(ProtobufRpcEngine2.java:573) [hadoop-common-3.3.6.jar:?]
	at org.apache.hadoop.ipc.RPC$Server.call(RPC.java:1227) [hadoop-common-3.3.6.jar:?]
	at org.apache.hadoop.ipc.Server$RpcCall.run(Server.java:1094) [hadoop-common-3.3.6.jar:?]
	at org.apache.hadoop.ipc.Server$RpcCall.run(Server.java:1017) [hadoop-common-3.3.6.jar:?]
	at java.security.AccessController.doPrivileged(Native Method) ~[?:1.8.0_382]
	at javax.security.auth.Subject.doAs(Subject.java:422) [?:1.8.0_382]
	at org.apache.hadoop.security.UserGroupInformation.doAs(UserGroupInformation.java:1899) [hadoop-common-3.3.6.jar:?]
	at org.apache.hadoop.ipc.Server$Handler.run(Server.java:3048) [hadoop-common-3.3.6.jar:?]
11:36:25.378 [IPC Server handler 12 on default port 15110] ERROR OMAudit - user=runner | ip=127.0.0.1 | op=GET_FILE_STATUS {volume=volume79256, bucket=bucket28461, key=gdir1/dir9, dataSize=0, replicationConfig=null} | ret=FAILURE
org.apache.hadoop.ozone.om.exceptions.OMException: Unable to get file status: volume: volume79256 bucket: bucket28461 key: gdir1/dir9
	at org.apache.hadoop.ozone.om.KeyManagerImpl.getOzoneFileStatus(KeyManagerImpl.java:1195) ~[ozone-manager-1.4.0-SNAPSHOT.jar:?]
	at org.apache.hadoop.ozone.om.KeyManagerImpl.getFileStatus(KeyManagerImpl.java:1113) ~[ozone-manager-1.4.0-SNAPSHOT.jar:?]
	at org.apache.hadoop.ozone.om.OmMetadataReader.getFileStatus(OmMetadataReader.java:262) ~[ozone-manager-1.4.0-SNAPSHOT.jar:?]
	at org.apache.hadoop.ozone.om.OzoneManager.getFileStatus(OzoneManager.java:3513) ~[ozone-manager-1.4.0-SNAPSHOT.jar:?]
	at org.apache.hadoop.ozone.protocolPB.OzoneManagerRequestHandler.getOzoneFileStatus(OzoneManagerRequestHandler.java:973) ~[ozone-manager-1.4.0-SNAPSHOT.jar:?]
	at org.apache.hadoop.ozone.protocolPB.OzoneManagerRequestHandler.handleReadRequest(OzoneManagerRequestHandler.java:252) ~[ozone-manager-1.4.0-SNAPSHOT.jar:?]
	at org.apache.hadoop.ozone.protocolPB.OzoneManagerProtocolServerSideTranslatorPB.submitReadRequestToOM(OzoneManagerProtocolServerSideTranslatorPB.java:225) ~[ozone-manager-1.4.0-SNAPSHOT.jar:?]
	at org.apache.hadoop.ozone.protocolPB.OzoneManagerProtocolServerSideTranslatorPB.processRequest(OzoneManagerProtocolServerSideTranslatorPB.java:179) ~[ozone-manager-1.4.0-SNAPSHOT.jar:?]
	at org.apache.hadoop.hdds.server.OzoneProtocolMessageDispatcher.processRequest(OzoneProtocolMessageDispatcher.java:87) [hdds-server-framework-1.4.0-SNAPSHOT.jar:?]
	at org.apache.hadoop.ozone.protocolPB.OzoneManagerProtocolServerSideTranslatorPB.submitRequest(OzoneManagerProtocolServerSideTranslatorPB.java:148) [ozone-manager-1.4.0-SNAPSHOT.jar:?]
	at org.apache.hadoop.ozone.protocol.proto.OzoneManagerProtocolProtos$OzoneManagerService$2.callBlockingMethod(OzoneManagerProtocolProtos.java) [ozone-interface-client-1.4.0-SNAPSHOT.jar:?]
	at org.apache.hadoop.ipc.ProtobufRpcEngine$Server.processCall(ProtobufRpcEngine.java:484) [hadoop-common-3.3.6.jar:?]
	at org.apache.hadoop.ipc.ProtobufRpcEngine2$Server$ProtoBufRpcInvoker.call(ProtobufRpcEngine2.java:595) [hadoop-common-3.3.6.jar:?]
	at org.apache.hadoop.ipc.ProtobufRpcEngine2$Server$ProtoBufRpcInvoker.call(ProtobufRpcEngine2.java:573) [hadoop-common-3.3.6.jar:?]
	at org.apache.hadoop.ipc.RPC$Server.call(RPC.java:1227) [hadoop-common-3.3.6.jar:?]
	at org.apache.hadoop.ipc.Server$RpcCall.run(Server.java:1094) [hadoop-common-3.3.6.jar:?]
	at org.apache.hadoop.ipc.Server$RpcCall.run(Server.java:1017) [hadoop-common-3.3.6.jar:?]
	at java.security.AccessController.doPrivileged(Native Method) ~[?:1.8.0_382]
	at javax.security.auth.Subject.doAs(Subject.java:422) [?:1.8.0_382]
	at org.apache.hadoop.security.UserGroupInformation.doAs(UserGroupInformation.java:1899) [hadoop-common-3.3.6.jar:?]
	at org.apache.hadoop.ipc.Server$Handler.run(Server.java:3048) [hadoop-common-3.3.6.jar:?]
11:36:25.383 [IPC Server handler 16 on default port 15110] ERROR OMAudit - user=runner | ip=127.0.0.1 | op=GET_FILE_STATUS {volume=volume79256, bucket=bucket28461, key=gdir1/dir9/child, dataSize=0, replicationConfig=null} | ret=FAILURE
org.apache.hadoop.ozone.om.exceptions.OMException: Unable to get file status: volume: volume79256 bucket: bucket28461 key: gdir1/dir9/child
	at org.apache.hadoop.ozone.om.KeyManagerImpl.getOzoneFileStatus(KeyManagerImpl.java:1195) ~[ozone-manager-1.4.0-SNAPSHOT.jar:?]
	at org.apache.hadoop.ozone.om.KeyManagerImpl.getFileStatus(KeyManagerImpl.java:1113) ~[ozone-manager-1.4.0-SNAPSHOT.jar:?]
	at org.apache.hadoop.ozone.om.OmMetadataReader.getFileStatus(OmMetadataReader.java:262) ~[ozone-manager-1.4.0-SNAPSHOT.jar:?]
	at org.apache.hadoop.ozone.om.OzoneManager.getFileStatus(OzoneManager.java:3513) ~[ozone-manager-1.4.0-SNAPSHOT.jar:?]
	at org.apache.hadoop.ozone.protocolPB.OzoneManagerRequestHandler.getOzoneFileStatus(OzoneManagerRequestHandler.java:973) ~[ozone-manager-1.4.0-SNAPSHOT.jar:?]
	at org.apache.hadoop.ozone.protocolPB.OzoneManagerRequestHandler.handleReadRequest(OzoneManagerRequestHandler.java:252) ~[ozone-manager-1.4.0-SNAPSHOT.jar:?]
	at org.apache.hadoop.ozone.protocolPB.OzoneManagerProtocolServerSideTranslatorPB.submitReadRequestToOM(OzoneManagerProtocolServerSideTranslatorPB.java:225) ~[ozone-manager-1.4.0-SNAPSHOT.jar:?]
	at org.apache.hadoop.ozone.protocolPB.OzoneManagerProtocolServerSideTranslatorPB.processRequest(OzoneManagerProtocolServerSideTranslatorPB.java:179) ~[ozone-manager-1.4.0-SNAPSHOT.jar:?]
	at org.apache.hadoop.hdds.server.OzoneProtocolMessageDispatcher.processRequest(OzoneProtocolMessageDispatcher.java:87) [hdds-server-framework-1.4.0-SNAPSHOT.jar:?]
	at org.apache.hadoop.ozone.protocolPB.OzoneManagerProtocolServerSideTranslatorPB.submitRequest(OzoneManagerProtocolServerSideTranslatorPB.java:148) [ozone-manager-1.4.0-SNAPSHOT.jar:?]
	at org.apache.hadoop.ozone.protocol.proto.OzoneManagerProtocolProtos$OzoneManagerService$2.callBlockingMethod(OzoneManagerProtocolProtos.java) [ozone-interface-client-1.4.0-SNAPSHOT.jar:?]
	at org.apache.hadoop.ipc.ProtobufRpcEngine$Server.processCall(ProtobufRpcEngine.java:484) [hadoop-common-3.3.6.jar:?]
	at org.apache.hadoop.ipc.ProtobufRpcEngine2$Server$ProtoBufRpcInvoker.call(ProtobufRpcEngine2.java:595) [hadoop-common-3.3.6.jar:?]
	at org.apache.hadoop.ipc.ProtobufRpcEngine2$Server$ProtoBufRpcInvoker.call(ProtobufRpcEngine2.java:573) [hadoop-common-3.3.6.jar:?]
	at org.apache.hadoop.ipc.RPC$Server.call(RPC.java:1227) [hadoop-common-3.3.6.jar:?]
	at org.apache.hadoop.ipc.Server$RpcCall.run(Server.java:1094) [hadoop-common-3.3.6.jar:?]
	at org.apache.hadoop.ipc.Server$RpcCall.run(Server.java:1017) [hadoop-common-3.3.6.jar:?]
	at java.security.AccessController.doPrivileged(Native Method) ~[?:1.8.0_382]
	at javax.security.auth.Subject.doAs(Subject.java:422) [?:1.8.0_382]
	at org.apache.hadoop.security.UserGroupInformation.doAs(UserGroupInformation.java:1899) [hadoop-common-3.3.6.jar:?]
	at org.apache.hadoop.ipc.Server$Handler.run(Server.java:3048) [hadoop-common-3.3.6.jar:?]
11:36:25.384 [IPC Server handler 14 on default port 15110] ERROR OMAudit - user=runner | ip=127.0.0.1 | op=GET_FILE_STATUS {volume=volume79256, bucket=bucket28461, key=gdir1/dir10, dataSize=0, replicationConfig=null} | ret=FAILURE
org.apache.hadoop.ozone.om.exceptions.OMException: Unable to get file status: volume: volume79256 bucket: bucket28461 key: gdir1/dir10
	at org.apache.hadoop.ozone.om.KeyManagerImpl.getOzoneFileStatus(KeyManagerImpl.java:1195) ~[ozone-manager-1.4.0-SNAPSHOT.jar:?]
	at org.apache.hadoop.ozone.om.KeyManagerImpl.getFileStatus(KeyManagerImpl.java:1113) ~[ozone-manager-1.4.0-SNAPSHOT.jar:?]
	at org.apache.hadoop.ozone.om.OmMetadataReader.getFileStatus(OmMetadataReader.java:262) ~[ozone-manager-1.4.0-SNAPSHOT.jar:?]
	at org.apache.hadoop.ozone.om.OzoneManager.getFileStatus(OzoneManager.java:3513) ~[ozone-manager-1.4.0-SNAPSHOT.jar:?]
	at org.apache.hadoop.ozone.protocolPB.OzoneManagerRequestHandler.getOzoneFileStatus(OzoneManagerRequestHandler.java:973) ~[ozone-manager-1.4.0-SNAPSHOT.jar:?]
	at org.apache.hadoop.ozone.protocolPB.OzoneManagerRequestHandler.handleReadRequest(OzoneManagerRequestHandler.java:252) ~[ozone-manager-1.4.0-SNAPSHOT.jar:?]
	at org.apache.hadoop.ozone.protocolPB.OzoneManagerProtocolServerSideTranslatorPB.submitReadRequestToOM(OzoneManagerProtocolServerSideTranslatorPB.java:225) ~[ozone-manager-1.4.0-SNAPSHOT.jar:?]
	at org.apache.hadoop.ozone.protocolPB.OzoneManagerProtocolServerSideTranslatorPB.processRequest(OzoneManagerProtocolServerSideTranslatorPB.java:179) ~[ozone-manager-1.4.0-SNAPSHOT.jar:?]
	at org.apache.hadoop.hdds.server.OzoneProtocolMessageDispatcher.processRequest(OzoneProtocolMessageDispatcher.java:87) [hdds-server-framework-1.4.0-SNAPSHOT.jar:?]
	at org.apache.hadoop.ozone.protocolPB.OzoneManagerProtocolServerSideTranslatorPB.submitRequest(OzoneManagerProtocolServerSideTranslatorPB.java:148) [ozone-manager-1.4.0-SNAPSHOT.jar:?]
	at org.apache.hadoop.ozone.protocol.proto.OzoneManagerProtocolProtos$OzoneManagerService$2.callBlockingMethod(OzoneManagerProtocolProtos.java) [ozone-interface-client-1.4.0-SNAPSHOT.jar:?]
	at org.apache.hadoop.ipc.ProtobufRpcEngine$Server.processCall(ProtobufRpcEngine.java:484) [hadoop-common-3.3.6.jar:?]
	at org.apache.hadoop.ipc.ProtobufRpcEngine2$Server$ProtoBufRpcInvoker.call(ProtobufRpcEngine2.java:595) [hadoop-common-3.3.6.jar:?]
	at org.apache.hadoop.ipc.ProtobufRpcEngine2$Server$ProtoBufRpcInvoker.call(ProtobufRpcEngine2.java:573) [hadoop-common-3.3.6.jar:?]
	at org.apache.hadoop.ipc.RPC$Server.call(RPC.java:1227) [hadoop-common-3.3.6.jar:?]
	at org.apache.hadoop.ipc.Server$RpcCall.run(Server.java:1094) [hadoop-common-3.3.6.jar:?]
	at org.apache.hadoop.ipc.Server$RpcCall.run(Server.java:1017) [hadoop-common-3.3.6.jar:?]
	at java.security.AccessController.doPrivileged(Native Method) ~[?:1.8.0_382]
	at javax.security.auth.Subject.doAs(Subject.java:422) [?:1.8.0_382]
	at org.apache.hadoop.security.UserGroupInformation.doAs(UserGroupInformation.java:1899) [hadoop-common-3.3.6.jar:?]
	at org.apache.hadoop.ipc.Server$Handler.run(Server.java:3048) [hadoop-common-3.3.6.jar:?]
11:36:25.385 [IPC Server handler 18 on default port 15110] ERROR OMAudit - user=runner | ip=127.0.0.1 | op=GET_FILE_STATUS {volume=volume79256, bucket=bucket28461, key=gdir1/dir10/child, dataSize=0, replicationConfig=null} | ret=FAILURE
org.apache.hadoop.ozone.om.exceptions.OMException: Unable to get file status: volume: volume79256 bucket: bucket28461 key: gdir1/dir10/child
	at org.apache.hadoop.ozone.om.KeyManagerImpl.getOzoneFileStatus(KeyManagerImpl.java:1195) ~[ozone-manager-1.4.0-SNAPSHOT.jar:?]
	at org.apache.hadoop.ozone.om.KeyManagerImpl.getFileStatus(KeyManagerImpl.java:1113) ~[ozone-manager-1.4.0-SNAPSHOT.jar:?]
	at org.apache.hadoop.ozone.om.OmMetadataReader.getFileStatus(OmMetadataReader.java:262) ~[ozone-manager-1.4.0-SNAPSHOT.jar:?]
	at org.apache.hadoop.ozone.om.OzoneManager.getFileStatus(OzoneManager.java:3513) ~[ozone-manager-1.4.0-SNAPSHOT.jar:?]
	at org.apache.hadoop.ozone.protocolPB.OzoneManagerRequestHandler.getOzoneFileStatus(OzoneManagerRequestHandler.java:973) ~[ozone-manager-1.4.0-SNAPSHOT.jar:?]
	at org.apache.hadoop.ozone.protocolPB.OzoneManagerRequestHandler.handleReadRequest(OzoneManagerRequestHandler.java:252) ~[ozone-manager-1.4.0-SNAPSHOT.jar:?]
	at org.apache.hadoop.ozone.protocolPB.OzoneManagerProtocolServerSideTranslatorPB.submitReadRequestToOM(OzoneManagerProtocolServerSideTranslatorPB.java:225) ~[ozone-manager-1.4.0-SNAPSHOT.jar:?]
	at org.apache.hadoop.ozone.protocolPB.OzoneManagerProtocolServerSideTranslatorPB.processRequest(OzoneManagerProtocolServerSideTranslatorPB.java:179) ~[ozone-manager-1.4.0-SNAPSHOT.jar:?]
	at org.apache.hadoop.hdds.server.OzoneProtocolMessageDispatcher.processRequest(OzoneProtocolMessageDispatcher.java:87) [hdds-server-framework-1.4.0-SNAPSHOT.jar:?]
	at org.apache.hadoop.ozone.protocolPB.OzoneManagerProtocolServerSideTranslatorPB.submitRequest(OzoneManagerProtocolServerSideTranslatorPB.java:148) [ozone-manager-1.4.0-SNAPSHOT.jar:?]
	at org.apache.hadoop.ozone.protocol.proto.OzoneManagerProtocolProtos$OzoneManagerService$2.callBlockingMethod(OzoneManagerProtocolProtos.java) [ozone-interface-client-1.4.0-SNAPSHOT.jar:?]
	at org.apache.hadoop.ipc.ProtobufRpcEngine$Server.processCall(ProtobufRpcEngine.java:484) [hadoop-common-3.3.6.jar:?]
	at org.apache.hadoop.ipc.ProtobufRpcEngine2$Server$ProtoBufRpcInvoker.call(ProtobufRpcEngine2.java:595) [hadoop-common-3.3.6.jar:?]
	at org.apache.hadoop.ipc.ProtobufRpcEngine2$Server$ProtoBufRpcInvoker.call(ProtobufRpcEngine2.java:573) [hadoop-common-3.3.6.jar:?]
	at org.apache.hadoop.ipc.RPC$Server.call(RPC.java:1227) [hadoop-common-3.3.6.jar:?]
	at org.apache.hadoop.ipc.Server$RpcCall.run(Server.java:1094) [hadoop-common-3.3.6.jar:?]
	at org.apache.hadoop.ipc.Server$RpcCall.run(Server.java:1017) [hadoop-common-3.3.6.jar:?]
	at java.security.AccessController.doPrivileged(Native Method) ~[?:1.8.0_382]
	at javax.security.auth.Subject.doAs(Subject.java:422) [?:1.8.0_382]
	at org.apache.hadoop.security.UserGroupInformation.doAs(UserGroupInformation.java:1899) [hadoop-common-3.3.6.jar:?]
	at org.apache.hadoop.ipc.Server$Handler.run(Server.java:3048) [hadoop-common-3.3.6.jar:?]
11:36:25.471 [IPC Server handler 8 on default port 15110] ERROR OMAudit - user=runner | ip=127.0.0.1 | op=GET_FILE_STATUS {volume=volume79256, bucket=bucket28461, key=level0, dataSize=0, replicationConfig=null} | ret=FAILURE
org.apache.hadoop.ozone.om.exceptions.OMException: Unable to get file status: volume: volume79256 bucket: bucket28461 key: level0
	at org.apache.hadoop.ozone.om.KeyManagerImpl.getOzoneFileStatus(KeyManagerImpl.java:1195) ~[ozone-manager-1.4.0-SNAPSHOT.jar:?]
	at org.apache.hadoop.ozone.om.KeyManagerImpl.getFileStatus(KeyManagerImpl.java:1113) ~[ozone-manager-1.4.0-SNAPSHOT.jar:?]
	at org.apache.hadoop.ozone.om.OmMetadataReader.getFileStatus(OmMetadataReader.java:262) ~[ozone-manager-1.4.0-SNAPSHOT.jar:?]
	at org.apache.hadoop.ozone.om.OzoneManager.getFileStatus(OzoneManager.java:3513) ~[ozone-manager-1.4.0-SNAPSHOT.jar:?]
	at org.apache.hadoop.ozone.protocolPB.OzoneManagerRequestHandler.getOzoneFileStatus(OzoneManagerRequestHandler.java:973) ~[ozone-manager-1.4.0-SNAPSHOT.jar:?]
	at org.apache.hadoop.ozone.protocolPB.OzoneManagerRequestHandler.handleReadRequest(OzoneManagerRequestHandler.java:252) ~[ozone-manager-1.4.0-SNAPSHOT.jar:?]
	at org.apache.hadoop.ozone.protocolPB.OzoneManagerProtocolServerSideTranslatorPB.submitReadRequestToOM(OzoneManagerProtocolServerSideTranslatorPB.java:225) ~[ozone-manager-1.4.0-SNAPSHOT.jar:?]
	at org.apache.hadoop.ozone.protocolPB.OzoneManagerProtocolServerSideTranslatorPB.processRequest(OzoneManagerProtocolServerSideTranslatorPB.java:179) ~[ozone-manager-1.4.0-SNAPSHOT.jar:?]
	at org.apache.hadoop.hdds.server.OzoneProtocolMessageDispatcher.processRequest(OzoneProtocolMessageDispatcher.java:87) [hdds-server-framework-1.4.0-SNAPSHOT.jar:?]
	at org.apache.hadoop.ozone.protocolPB.OzoneManagerProtocolServerSideTranslatorPB.submitRequest(OzoneManagerProtocolServerSideTranslatorPB.java:148) [ozone-manager-1.4.0-SNAPSHOT.jar:?]
	at org.apache.hadoop.ozone.protocol.proto.OzoneManagerProtocolProtos$OzoneManagerService$2.callBlockingMethod(OzoneManagerProtocolProtos.java) [ozone-interface-client-1.4.0-SNAPSHOT.jar:?]
	at org.apache.hadoop.ipc.ProtobufRpcEngine$Server.processCall(ProtobufRpcEngine.java:484) [hadoop-common-3.3.6.jar:?]
	at org.apache.hadoop.ipc.ProtobufRpcEngine2$Server$ProtoBufRpcInvoker.call(ProtobufRpcEngine2.java:595) [hadoop-common-3.3.6.jar:?]
	at org.apache.hadoop.ipc.ProtobufRpcEngine2$Server$ProtoBufRpcInvoker.call(ProtobufRpcEngine2.java:573) [hadoop-common-3.3.6.jar:?]
	at org.apache.hadoop.ipc.RPC$Server.call(RPC.java:1227) [hadoop-common-3.3.6.jar:?]
	at org.apache.hadoop.ipc.Server$RpcCall.run(Server.java:1094) [hadoop-common-3.3.6.jar:?]
	at org.apache.hadoop.ipc.Server$RpcCall.run(Server.java:1017) [hadoop-common-3.3.6.jar:?]
	at java.security.AccessController.doPrivileged(Native Method) ~[?:1.8.0_382]
	at javax.security.auth.Subject.doAs(Subject.java:422) [?:1.8.0_382]
	at org.apache.hadoop.security.UserGroupInformation.doAs(UserGroupInformation.java:1899) [hadoop-common-3.3.6.jar:?]
	at org.apache.hadoop.ipc.Server$Handler.run(Server.java:3048) [hadoop-common-3.3.6.jar:?]
11:36:25.472 [IPC Server handler 10 on default port 15110] ERROR OMAudit - user=runner | ip=127.0.0.1 | op=GET_FILE_STATUS {volume=volume79256, bucket=bucket28461, key=level0/level1, dataSize=0, replicationConfig=null} | ret=FAILURE
org.apache.hadoop.ozone.om.exceptions.OMException: Unable to get file status: volume: volume79256 bucket: bucket28461 key: level0/level1
	at org.apache.hadoop.ozone.om.KeyManagerImpl.getOzoneFileStatus(KeyManagerImpl.java:1195) ~[ozone-manager-1.4.0-SNAPSHOT.jar:?]
	at org.apache.hadoop.ozone.om.KeyManagerImpl.getFileStatus(KeyManagerImpl.java:1113) ~[ozone-manager-1.4.0-SNAPSHOT.jar:?]
	at org.apache.hadoop.ozone.om.OmMetadataReader.getFileStatus(OmMetadataReader.java:262) ~[ozone-manager-1.4.0-SNAPSHOT.jar:?]
	at org.apache.hadoop.ozone.om.OzoneManager.getFileStatus(OzoneManager.java:3513) ~[ozone-manager-1.4.0-SNAPSHOT.jar:?]
	at org.apache.hadoop.ozone.protocolPB.OzoneManagerRequestHandler.getOzoneFileStatus(OzoneManagerRequestHandler.java:973) ~[ozone-manager-1.4.0-SNAPSHOT.jar:?]
	at org.apache.hadoop.ozone.protocolPB.OzoneManagerRequestHandler.handleReadRequest(OzoneManagerRequestHandler.java:252) ~[ozone-manager-1.4.0-SNAPSHOT.jar:?]
	at org.apache.hadoop.ozone.protocolPB.OzoneManagerProtocolServerSideTranslatorPB.submitReadRequestToOM(OzoneManagerProtocolServerSideTranslatorPB.java:225) ~[ozone-manager-1.4.0-SNAPSHOT.jar:?]
	at org.apache.hadoop.ozone.protocolPB.OzoneManagerProtocolServerSideTranslatorPB.processRequest(OzoneManagerProtocolServerSideTranslatorPB.java:179) ~[ozone-manager-1.4.0-SNAPSHOT.jar:?]
	at org.apache.hadoop.hdds.server.OzoneProtocolMessageDispatcher.processRequest(OzoneProtocolMessageDispatcher.java:87) [hdds-server-framework-1.4.0-SNAPSHOT.jar:?]
	at org.apache.hadoop.ozone.protocolPB.OzoneManagerProtocolServerSideTranslatorPB.submitRequest(OzoneManagerProtocolServerSideTranslatorPB.java:148) [ozone-manager-1.4.0-SNAPSHOT.jar:?]
	at org.apache.hadoop.ozone.protocol.proto.OzoneManagerProtocolProtos$OzoneManagerService$2.callBlockingMethod(OzoneManagerProtocolProtos.java) [ozone-interface-client-1.4.0-SNAPSHOT.jar:?]
	at org.apache.hadoop.ipc.ProtobufRpcEngine$Server.processCall(ProtobufRpcEngine.java:484) [hadoop-common-3.3.6.jar:?]
	at org.apache.hadoop.ipc.ProtobufRpcEngine2$Server$ProtoBufRpcInvoker.call(ProtobufRpcEngine2.java:595) [hadoop-common-3.3.6.jar:?]
	at org.apache.hadoop.ipc.ProtobufRpcEngine2$Server$ProtoBufRpcInvoker.call(ProtobufRpcEngine2.java:573) [hadoop-common-3.3.6.jar:?]
	at org.apache.hadoop.ipc.RPC$Server.call(RPC.java:1227) [hadoop-common-3.3.6.jar:?]
	at org.apache.hadoop.ipc.Server$RpcCall.run(Server.java:1094) [hadoop-common-3.3.6.jar:?]
	at org.apache.hadoop.ipc.Server$RpcCall.run(Server.java:1017) [hadoop-common-3.3.6.jar:?]
	at java.security.AccessController.doPrivileged(Native Method) ~[?:1.8.0_382]
	at javax.security.auth.Subject.doAs(Subject.java:422) [?:1.8.0_382]
	at org.apache.hadoop.security.UserGroupInformation.doAs(UserGroupInformation.java:1899) [hadoop-common-3.3.6.jar:?]
	at org.apache.hadoop.ipc.Server$Handler.run(Server.java:3048) [hadoop-common-3.3.6.jar:?]
11:36:25.473 [IPC Server handler 11 on default port 15110] ERROR OMAudit - user=runner | ip=127.0.0.1 | op=GET_FILE_STATUS {volume=volume79256, bucket=bucket28461, key=level0/level1/level1, dataSize=0, replicationConfig=null} | ret=FAILURE
org.apache.hadoop.ozone.om.exceptions.OMException: Unable to get file status: volume: volume79256 bucket: bucket28461 key: level0/level1/level1
	at org.apache.hadoop.ozone.om.KeyManagerImpl.getOzoneFileStatus(KeyManagerImpl.java:1195) ~[ozone-manager-1.4.0-SNAPSHOT.jar:?]
	at org.apache.hadoop.ozone.om.KeyManagerImpl.getFileStatus(KeyManagerImpl.java:1113) ~[ozone-manager-1.4.0-SNAPSHOT.jar:?]
	at org.apache.hadoop.ozone.om.OmMetadataReader.getFileStatus(OmMetadataReader.java:262) ~[ozone-manager-1.4.0-SNAPSHOT.jar:?]
	at org.apache.hadoop.ozone.om.OzoneManager.getFileStatus(OzoneManager.java:3513) ~[ozone-manager-1.4.0-SNAPSHOT.jar:?]
	at org.apache.hadoop.ozone.protocolPB.OzoneManagerRequestHandler.getOzoneFileStatus(OzoneManagerRequestHandler.java:973) ~[ozone-manager-1.4.0-SNAPSHOT.jar:?]
	at org.apache.hadoop.ozone.protocolPB.OzoneManagerRequestHandler.handleReadRequest(OzoneManagerRequestHandler.java:252) ~[ozone-manager-1.4.0-SNAPSHOT.jar:?]
	at org.apache.hadoop.ozone.protocolPB.OzoneManagerProtocolServerSideTranslatorPB.submitReadRequestToOM(OzoneManagerProtocolServerSideTranslatorPB.java:225) ~[ozone-manager-1.4.0-SNAPSHOT.jar:?]
	at org.apache.hadoop.ozone.protocolPB.OzoneManagerProtocolServerSideTranslatorPB.processRequest(OzoneManagerProtocolServerSideTranslatorPB.java:179) ~[ozone-manager-1.4.0-SNAPSHOT.jar:?]
	at org.apache.hadoop.hdds.server.OzoneProtocolMessageDispatcher.processRequest(OzoneProtocolMessageDispatcher.java:87) [hdds-server-framework-1.4.0-SNAPSHOT.jar:?]
	at org.apache.hadoop.ozone.protocolPB.OzoneManagerProtocolServerSideTranslatorPB.submitRequest(OzoneManagerProtocolServerSideTranslatorPB.java:148) [ozone-manager-1.4.0-SNAPSHOT.jar:?]
	at org.apache.hadoop.ozone.protocol.proto.OzoneManagerProtocolProtos$OzoneManagerService$2.callBlockingMethod(OzoneManagerProtocolProtos.java) [ozone-interface-client-1.4.0-SNAPSHOT.jar:?]
	at org.apache.hadoop.ipc.ProtobufRpcEngine$Server.processCall(ProtobufRpcEngine.java:484) [hadoop-common-3.3.6.jar:?]
	at org.apache.hadoop.ipc.ProtobufRpcEngine2$Server$ProtoBufRpcInvoker.call(ProtobufRpcEngine2.java:595) [hadoop-common-3.3.6.jar:?]
	at org.apache.hadoop.ipc.ProtobufRpcEngine2$Server$ProtoBufRpcInvoker.call(ProtobufRpcEngine2.java:573) [hadoop-common-3.3.6.jar:?]
	at org.apache.hadoop.ipc.RPC$Server.call(RPC.java:1227) [hadoop-common-3.3.6.jar:?]
	at org.apache.hadoop.ipc.Server$RpcCall.run(Server.java:1094) [hadoop-common-3.3.6.jar:?]
	at org.apache.hadoop.ipc.Server$RpcCall.run(Server.java:1017) [hadoop-common-3.3.6.jar:?]
	at java.security.AccessController.doPrivileged(Native Method) ~[?:1.8.0_382]
	at javax.security.auth.Subject.doAs(Subject.java:422) [?:1.8.0_382]
	at org.apache.hadoop.security.UserGroupInformation.doAs(UserGroupInformation.java:1899) [hadoop-common-3.3.6.jar:?]
	at org.apache.hadoop.ipc.Server$Handler.run(Server.java:3048) [hadoop-common-3.3.6.jar:?]
11:36:25.475 [IPC Server handler 12 on default port 15110] ERROR OMAudit - user=runner | ip=127.0.0.1 | op=GET_FILE_STATUS {volume=volume79256, bucket=bucket28461, key=level0/level1/file1, dataSize=0, replicationConfig=null} | ret=FAILURE
org.apache.hadoop.ozone.om.exceptions.OMException: Unable to get file status: volume: volume79256 bucket: bucket28461 key: level0/level1/file1
	at org.apache.hadoop.ozone.om.KeyManagerImpl.getOzoneFileStatus(KeyManagerImpl.java:1195) ~[ozone-manager-1.4.0-SNAPSHOT.jar:?]
	at org.apache.hadoop.ozone.om.KeyManagerImpl.getFileStatus(KeyManagerImpl.java:1113) ~[ozone-manager-1.4.0-SNAPSHOT.jar:?]
	at org.apache.hadoop.ozone.om.OmMetadataReader.getFileStatus(OmMetadataReader.java:262) ~[ozone-manager-1.4.0-SNAPSHOT.jar:?]
	at org.apache.hadoop.ozone.om.OzoneManager.getFileStatus(OzoneManager.java:3513) ~[ozone-manager-1.4.0-SNAPSHOT.jar:?]
	at org.apache.hadoop.ozone.protocolPB.OzoneManagerRequestHandler.getOzoneFileStatus(OzoneManagerRequestHandler.java:973) ~[ozone-manager-1.4.0-SNAPSHOT.jar:?]
	at org.apache.hadoop.ozone.protocolPB.OzoneManagerRequestHandler.handleReadRequest(OzoneManagerRequestHandler.java:252) ~[ozone-manager-1.4.0-SNAPSHOT.jar:?]
	at org.apache.hadoop.ozone.protocolPB.OzoneManagerProtocolServerSideTranslatorPB.submitReadRequestToOM(OzoneManagerProtocolServerSideTranslatorPB.java:225) ~[ozone-manager-1.4.0-SNAPSHOT.jar:?]
	at org.apache.hadoop.ozone.protocolPB.OzoneManagerProtocolServerSideTranslatorPB.processRequest(OzoneManagerProtocolServerSideTranslatorPB.java:179) ~[ozone-manager-1.4.0-SNAPSHOT.jar:?]
	at org.apache.hadoop.hdds.server.OzoneProtocolMessageDispatcher.processRequest(OzoneProtocolMessageDispatcher.java:87) [hdds-server-framework-1.4.0-SNAPSHOT.jar:?]
	at org.apache.hadoop.ozone.protocolPB.OzoneManagerProtocolServerSideTranslatorPB.submitRequest(OzoneManagerProtocolServerSideTranslatorPB.java:148) [ozone-manager-1.4.0-SNAPSHOT.jar:?]
	at org.apache.hadoop.ozone.protocol.proto.OzoneManagerProtocolProtos$OzoneManagerService$2.callBlockingMethod(OzoneManagerProtocolProtos.java) [ozone-interface-client-1.4.0-SNAPSHOT.jar:?]
	at org.apache.hadoop.ipc.ProtobufRpcEngine$Server.processCall(ProtobufRpcEngine.java:484) [hadoop-common-3.3.6.jar:?]
	at org.apache.hadoop.ipc.ProtobufRpcEngine2$Server$ProtoBufRpcInvoker.call(ProtobufRpcEngine2.java:595) [hadoop-common-3.3.6.jar:?]
	at org.apache.hadoop.ipc.ProtobufRpcEngine2$Server$ProtoBufRpcInvoker.call(ProtobufRpcEngine2.java:573) [hadoop-common-3.3.6.jar:?]
	at org.apache.hadoop.ipc.RPC$Server.call(RPC.java:1227) [hadoop-common-3.3.6.jar:?]
	at org.apache.hadoop.ipc.Server$RpcCall.run(Server.java:1094) [hadoop-common-3.3.6.jar:?]
	at org.apache.hadoop.ipc.Server$RpcCall.run(Server.java:1017) [hadoop-common-3.3.6.jar:?]
	at java.security.AccessController.doPrivileged(Native Method) ~[?:1.8.0_382]
	at javax.security.auth.Subject.doAs(Subject.java:422) [?:1.8.0_382]
	at org.apache.hadoop.security.UserGroupInformation.doAs(UserGroupInformation.java:1899) [hadoop-common-3.3.6.jar:?]
	at org.apache.hadoop.ipc.Server$Handler.run(Server.java:3048) [hadoop-common-3.3.6.jar:?]
11:36:25.476 [IPC Server handler 16 on default port 15110] ERROR OMAudit - user=runner | ip=127.0.0.1 | op=GET_FILE_STATUS {volume=volume79256, bucket=bucket28461, key=level0/level1/level1/file1, dataSize=0, replicationConfig=null} | ret=FAILURE
org.apache.hadoop.ozone.om.exceptions.OMException: Unable to get file status: volume: volume79256 bucket: bucket28461 key: level0/level1/level1/file1
	at org.apache.hadoop.ozone.om.KeyManagerImpl.getOzoneFileStatus(KeyManagerImpl.java:1195) ~[ozone-manager-1.4.0-SNAPSHOT.jar:?]
	at org.apache.hadoop.ozone.om.KeyManagerImpl.getFileStatus(KeyManagerImpl.java:1113) ~[ozone-manager-1.4.0-SNAPSHOT.jar:?]
	at org.apache.hadoop.ozone.om.OmMetadataReader.getFileStatus(OmMetadataReader.java:262) ~[ozone-manager-1.4.0-SNAPSHOT.jar:?]
	at org.apache.hadoop.ozone.om.OzoneManager.getFileStatus(OzoneManager.java:3513) ~[ozone-manager-1.4.0-SNAPSHOT.jar:?]
	at org.apache.hadoop.ozone.protocolPB.OzoneManagerRequestHandler.getOzoneFileStatus(OzoneManagerRequestHandler.java:973) ~[ozone-manager-1.4.0-SNAPSHOT.jar:?]
	at org.apache.hadoop.ozone.protocolPB.OzoneManagerRequestHandler.handleReadRequest(OzoneManagerRequestHandler.java:252) ~[ozone-manager-1.4.0-SNAPSHOT.jar:?]
	at org.apache.hadoop.ozone.protocolPB.OzoneManagerProtocolServerSideTranslatorPB.submitReadRequestToOM(OzoneManagerProtocolServerSideTranslatorPB.java:225) ~[ozone-manager-1.4.0-SNAPSHOT.jar:?]
	at org.apache.hadoop.ozone.protocolPB.OzoneManagerProtocolServerSideTranslatorPB.processRequest(OzoneManagerProtocolServerSideTranslatorPB.java:179) ~[ozone-manager-1.4.0-SNAPSHOT.jar:?]
	at org.apache.hadoop.hdds.server.OzoneProtocolMessageDispatcher.processRequest(OzoneProtocolMessageDispatcher.java:87) [hdds-server-framework-1.4.0-SNAPSHOT.jar:?]
	at org.apache.hadoop.ozone.protocolPB.OzoneManagerProtocolServerSideTranslatorPB.submitRequest(OzoneManagerProtocolServerSideTranslatorPB.java:148) [ozone-manager-1.4.0-SNAPSHOT.jar:?]
	at org.apache.hadoop.ozone.protocol.proto.OzoneManagerProtocolProtos$OzoneManagerService$2.callBlockingMethod(OzoneManagerProtocolProtos.java) [ozone-interface-client-1.4.0-SNAPSHOT.jar:?]
	at org.apache.hadoop.ipc.ProtobufRpcEngine$Server.processCall(ProtobufRpcEngine.java:484) [hadoop-common-3.3.6.jar:?]
	at org.apache.hadoop.ipc.ProtobufRpcEngine2$Server$ProtoBufRpcInvoker.call(ProtobufRpcEngine2.java:595) [hadoop-common-3.3.6.jar:?]
	at org.apache.hadoop.ipc.ProtobufRpcEngine2$Server$ProtoBufRpcInvoker.call(ProtobufRpcEngine2.java:573) [hadoop-common-3.3.6.jar:?]
	at org.apache.hadoop.ipc.RPC$Server.call(RPC.java:1227) [hadoop-common-3.3.6.jar:?]
	at org.apache.hadoop.ipc.Server$RpcCall.run(Server.java:1094) [hadoop-common-3.3.6.jar:?]
	at org.apache.hadoop.ipc.Server$RpcCall.run(Server.java:1017) [hadoop-common-3.3.6.jar:?]
	at java.security.AccessController.doPrivileged(Native Method) ~[?:1.8.0_382]
	at javax.security.auth.Subject.doAs(Subject.java:422) [?:1.8.0_382]
	at org.apache.hadoop.security.UserGroupInformation.doAs(UserGroupInformation.java:1899) [hadoop-common-3.3.6.jar:?]
	at org.apache.hadoop.ipc.Server$Handler.run(Server.java:3048) [hadoop-common-3.3.6.jar:?]
11:36:25.476 [IPC Server handler 14 on default port 15110] ERROR OMAudit - user=runner | ip=127.0.0.1 | op=GET_FILE_STATUS {volume=volume79256, bucket=bucket28461, key=level0/level2, dataSize=0, replicationConfig=null} | ret=FAILURE
org.apache.hadoop.ozone.om.exceptions.OMException: Unable to get file status: volume: volume79256 bucket: bucket28461 key: level0/level2
	at org.apache.hadoop.ozone.om.KeyManagerImpl.getOzoneFileStatus(KeyManagerImpl.java:1195) ~[ozone-manager-1.4.0-SNAPSHOT.jar:?]
	at org.apache.hadoop.ozone.om.KeyManagerImpl.getFileStatus(KeyManagerImpl.java:1113) ~[ozone-manager-1.4.0-SNAPSHOT.jar:?]
	at org.apache.hadoop.ozone.om.OmMetadataReader.getFileStatus(OmMetadataReader.java:262) ~[ozone-manager-1.4.0-SNAPSHOT.jar:?]
	at org.apache.hadoop.ozone.om.OzoneManager.getFileStatus(OzoneManager.java:3513) ~[ozone-manager-1.4.0-SNAPSHOT.jar:?]
	at org.apache.hadoop.ozone.protocolPB.OzoneManagerRequestHandler.getOzoneFileStatus(OzoneManagerRequestHandler.java:973) ~[ozone-manager-1.4.0-SNAPSHOT.jar:?]
	at org.apache.hadoop.ozone.protocolPB.OzoneManagerRequestHandler.handleReadRequest(OzoneManagerRequestHandler.java:252) ~[ozone-manager-1.4.0-SNAPSHOT.jar:?]
	at org.apache.hadoop.ozone.protocolPB.OzoneManagerProtocolServerSideTranslatorPB.submitReadRequestToOM(OzoneManagerProtocolServerSideTranslatorPB.java:225) ~[ozone-manager-1.4.0-SNAPSHOT.jar:?]
	at org.apache.hadoop.ozone.protocolPB.OzoneManagerProtocolServerSideTranslatorPB.processRequest(OzoneManagerProtocolServerSideTranslatorPB.java:179) ~[ozone-manager-1.4.0-SNAPSHOT.jar:?]
	at org.apache.hadoop.hdds.server.OzoneProtocolMessageDispatcher.processRequest(OzoneProtocolMessageDispatcher.java:87) [hdds-server-framework-1.4.0-SNAPSHOT.jar:?]
	at org.apache.hadoop.ozone.protocolPB.OzoneManagerProtocolServerSideTranslatorPB.submitRequest(OzoneManagerProtocolServerSideTranslatorPB.java:148) [ozone-manager-1.4.0-SNAPSHOT.jar:?]
	at org.apache.hadoop.ozone.protocol.proto.OzoneManagerProtocolProtos$OzoneManagerService$2.callBlockingMethod(OzoneManagerProtocolProtos.java) [ozone-interface-client-1.4.0-SNAPSHOT.jar:?]
	at org.apache.hadoop.ipc.ProtobufRpcEngine$Server.processCall(ProtobufRpcEngine.java:484) [hadoop-common-3.3.6.jar:?]
	at org.apache.hadoop.ipc.ProtobufRpcEngine2$Server$ProtoBufRpcInvoker.call(ProtobufRpcEngine2.java:595) [hadoop-common-3.3.6.jar:?]
	at org.apache.hadoop.ipc.ProtobufRpcEngine2$Server$ProtoBufRpcInvoker.call(ProtobufRpcEngine2.java:573) [hadoop-common-3.3.6.jar:?]
	at org.apache.hadoop.ipc.RPC$Server.call(RPC.java:1227) [hadoop-common-3.3.6.jar:?]
	at org.apache.hadoop.ipc.Server$RpcCall.run(Server.java:1094) [hadoop-common-3.3.6.jar:?]
	at org.apache.hadoop.ipc.Server$RpcCall.run(Server.java:1017) [hadoop-common-3.3.6.jar:?]
	at java.security.AccessController.doPrivileged(Native Method) ~[?:1.8.0_382]
	at javax.security.auth.Subject.doAs(Subject.java:422) [?:1.8.0_382]
	at org.apache.hadoop.security.UserGroupInformation.doAs(UserGroupInformation.java:1899) [hadoop-common-3.3.6.jar:?]
	at org.apache.hadoop.ipc.Server$Handler.run(Server.java:3048) [hadoop-common-3.3.6.jar:?]
11:36:25.477 [IPC Server handler 18 on default port 15110] ERROR OMAudit - user=runner | ip=127.0.0.1 | op=GET_FILE_STATUS {volume=volume79256, bucket=bucket28461, key=level0/level2/level2, dataSize=0, replicationConfig=null} | ret=FAILURE
org.apache.hadoop.ozone.om.exceptions.OMException: Unable to get file status: volume: volume79256 bucket: bucket28461 key: level0/level2/level2
	at org.apache.hadoop.ozone.om.KeyManagerImpl.getOzoneFileStatus(KeyManagerImpl.java:1195) ~[ozone-manager-1.4.0-SNAPSHOT.jar:?]
	at org.apache.hadoop.ozone.om.KeyManagerImpl.getFileStatus(KeyManagerImpl.java:1113) ~[ozone-manager-1.4.0-SNAPSHOT.jar:?]
	at org.apache.hadoop.ozone.om.OmMetadataReader.getFileStatus(OmMetadataReader.java:262) ~[ozone-manager-1.4.0-SNAPSHOT.jar:?]
	at org.apache.hadoop.ozone.om.OzoneManager.getFileStatus(OzoneManager.java:3513) ~[ozone-manager-1.4.0-SNAPSHOT.jar:?]
	at org.apache.hadoop.ozone.protocolPB.OzoneManagerRequestHandler.getOzoneFileStatus(OzoneManagerRequestHandler.java:973) ~[ozone-manager-1.4.0-SNAPSHOT.jar:?]
	at org.apache.hadoop.ozone.protocolPB.OzoneManagerRequestHandler.handleReadRequest(OzoneManagerRequestHandler.java:252) ~[ozone-manager-1.4.0-SNAPSHOT.jar:?]
	at org.apache.hadoop.ozone.protocolPB.OzoneManagerProtocolServerSideTranslatorPB.submitReadRequestToOM(OzoneManagerProtocolServerSideTranslatorPB.java:225) ~[ozone-manager-1.4.0-SNAPSHOT.jar:?]
	at org.apache.hadoop.ozone.protocolPB.OzoneManagerProtocolServerSideTranslatorPB.processRequest(OzoneManagerProtocolServerSideTranslatorPB.java:179) ~[ozone-manager-1.4.0-SNAPSHOT.jar:?]
	at org.apache.hadoop.hdds.server.OzoneProtocolMessageDispatcher.processRequest(OzoneProtocolMessageDispatcher.java:87) [hdds-server-framework-1.4.0-SNAPSHOT.jar:?]
	at org.apache.hadoop.ozone.protocolPB.OzoneManagerProtocolServerSideTranslatorPB.submitRequest(OzoneManagerProtocolServerSideTranslatorPB.java:148) [ozone-manager-1.4.0-SNAPSHOT.jar:?]
	at org.apache.hadoop.ozone.protocol.proto.OzoneManagerProtocolProtos$OzoneManagerService$2.callBlockingMethod(OzoneManagerProtocolProtos.java) [ozone-interface-client-1.4.0-SNAPSHOT.jar:?]
	at org.apache.hadoop.ipc.ProtobufRpcEngine$Server.processCall(ProtobufRpcEngine.java:484) [hadoop-common-3.3.6.jar:?]
	at org.apache.hadoop.ipc.ProtobufRpcEngine2$Server$ProtoBufRpcInvoker.call(ProtobufRpcEngine2.java:595) [hadoop-common-3.3.6.jar:?]
	at org.apache.hadoop.ipc.ProtobufRpcEngine2$Server$ProtoBufRpcInvoker.call(ProtobufRpcEngine2.java:573) [hadoop-common-3.3.6.jar:?]
	at org.apache.hadoop.ipc.RPC$Server.call(RPC.java:1227) [hadoop-common-3.3.6.jar:?]
	at org.apache.hadoop.ipc.Server$RpcCall.run(Server.java:1094) [hadoop-common-3.3.6.jar:?]
	at org.apache.hadoop.ipc.Server$RpcCall.run(Server.java:1017) [hadoop-common-3.3.6.jar:?]
	at java.security.AccessController.doPrivileged(Native Method) ~[?:1.8.0_382]
	at javax.security.auth.Subject.doAs(Subject.java:422) [?:1.8.0_382]
	at org.apache.hadoop.security.UserGroupInformation.doAs(UserGroupInformation.java:1899) [hadoop-common-3.3.6.jar:?]
	at org.apache.hadoop.ipc.Server$Handler.run(Server.java:3048) [hadoop-common-3.3.6.jar:?]
11:36:25.478 [IPC Server handler 15 on default port 15110] ERROR OMAudit - user=runner | ip=127.0.0.1 | op=GET_FILE_STATUS {volume=volume79256, bucket=bucket28461, key=level0/level2/file1, dataSize=0, replicationConfig=null} | ret=FAILURE
org.apache.hadoop.ozone.om.exceptions.OMException: Unable to get file status: volume: volume79256 bucket: bucket28461 key: level0/level2/file1
	at org.apache.hadoop.ozone.om.KeyManagerImpl.getOzoneFileStatus(KeyManagerImpl.java:1195) ~[ozone-manager-1.4.0-SNAPSHOT.jar:?]
	at org.apache.hadoop.ozone.om.KeyManagerImpl.getFileStatus(KeyManagerImpl.java:1113) ~[ozone-manager-1.4.0-SNAPSHOT.jar:?]
	at org.apache.hadoop.ozone.om.OmMetadataReader.getFileStatus(OmMetadataReader.java:262) ~[ozone-manager-1.4.0-SNAPSHOT.jar:?]
	at org.apache.hadoop.ozone.om.OzoneManager.getFileStatus(OzoneManager.java:3513) ~[ozone-manager-1.4.0-SNAPSHOT.jar:?]
	at org.apache.hadoop.ozone.protocolPB.OzoneManagerRequestHandler.getOzoneFileStatus(OzoneManagerRequestHandler.java:973) ~[ozone-manager-1.4.0-SNAPSHOT.jar:?]
	at org.apache.hadoop.ozone.protocolPB.OzoneManagerRequestHandler.handleReadRequest(OzoneManagerRequestHandler.java:252) ~[ozone-manager-1.4.0-SNAPSHOT.jar:?]
	at org.apache.hadoop.ozone.protocolPB.OzoneManagerProtocolServerSideTranslatorPB.submitReadRequestToOM(OzoneManagerProtocolServerSideTranslatorPB.java:225) ~[ozone-manager-1.4.0-SNAPSHOT.jar:?]
	at org.apache.hadoop.ozone.protocolPB.OzoneManagerProtocolServerSideTranslatorPB.processRequest(OzoneManagerProtocolServerSideTranslatorPB.java:179) ~[ozone-manager-1.4.0-SNAPSHOT.jar:?]
	at org.apache.hadoop.hdds.server.OzoneProtocolMessageDispatcher.processRequest(OzoneProtocolMessageDispatcher.java:87) [hdds-server-framework-1.4.0-SNAPSHOT.jar:?]
	at org.apache.hadoop.ozone.protocolPB.OzoneManagerProtocolServerSideTranslatorPB.submitRequest(OzoneManagerProtocolServerSideTranslatorPB.java:148) [ozone-manager-1.4.0-SNAPSHOT.jar:?]
	at org.apache.hadoop.ozone.protocol.proto.OzoneManagerProtocolProtos$OzoneManagerService$2.callBlockingMethod(OzoneManagerProtocolProtos.java) [ozone-interface-client-1.4.0-SNAPSHOT.jar:?]
	at org.apache.hadoop.ipc.ProtobufRpcEngine$Server.processCall(ProtobufRpcEngine.java:484) [hadoop-common-3.3.6.jar:?]
	at org.apache.hadoop.ipc.ProtobufRpcEngine2$Server$ProtoBufRpcInvoker.call(ProtobufRpcEngine2.java:595) [hadoop-common-3.3.6.jar:?]
	at org.apache.hadoop.ipc.ProtobufRpcEngine2$Server$ProtoBufRpcInvoker.call(ProtobufRpcEngine2.java:573) [hadoop-common-3.3.6.jar:?]
	at org.apache.hadoop.ipc.RPC$Server.call(RPC.java:1227) [hadoop-common-3.3.6.jar:?]
	at org.apache.hadoop.ipc.Server$RpcCall.run(Server.java:1094) [hadoop-common-3.3.6.jar:?]
	at org.apache.hadoop.ipc.Server$RpcCall.run(Server.java:1017) [hadoop-common-3.3.6.jar:?]
	at java.security.AccessController.doPrivileged(Native Method) ~[?:1.8.0_382]
	at javax.security.auth.Subject.doAs(Subject.java:422) [?:1.8.0_382]
	at org.apache.hadoop.security.UserGroupInformation.doAs(UserGroupInformation.java:1899) [hadoop-common-3.3.6.jar:?]
	at org.apache.hadoop.ipc.Server$Handler.run(Server.java:3048) [hadoop-common-3.3.6.jar:?]
11:36:25.479 [IPC Server handler 17 on default port 15110] ERROR OMAudit - user=runner | ip=127.0.0.1 | op=GET_FILE_STATUS {volume=volume79256, bucket=bucket28461, key=level0/level2/level2/file1, dataSize=0, replicationConfig=null} | ret=FAILURE
org.apache.hadoop.ozone.om.exceptions.OMException: Unable to get file status: volume: volume79256 bucket: bucket28461 key: level0/level2/level2/file1
	at org.apache.hadoop.ozone.om.KeyManagerImpl.getOzoneFileStatus(KeyManagerImpl.java:1195) ~[ozone-manager-1.4.0-SNAPSHOT.jar:?]
	at org.apache.hadoop.ozone.om.KeyManagerImpl.getFileStatus(KeyManagerImpl.java:1113) ~[ozone-manager-1.4.0-SNAPSHOT.jar:?]
	at org.apache.hadoop.ozone.om.OmMetadataReader.getFileStatus(OmMetadataReader.java:262) ~[ozone-manager-1.4.0-SNAPSHOT.jar:?]
	at org.apache.hadoop.ozone.om.OzoneManager.getFileStatus(OzoneManager.java:3513) ~[ozone-manager-1.4.0-SNAPSHOT.jar:?]
	at org.apache.hadoop.ozone.protocolPB.OzoneManagerRequestHandler.getOzoneFileStatus(OzoneManagerRequestHandler.java:973) ~[ozone-manager-1.4.0-SNAPSHOT.jar:?]
	at org.apache.hadoop.ozone.protocolPB.OzoneManagerRequestHandler.handleReadRequest(OzoneManagerRequestHandler.java:252) ~[ozone-manager-1.4.0-SNAPSHOT.jar:?]
	at org.apache.hadoop.ozone.protocolPB.OzoneManagerProtocolServerSideTranslatorPB.submitReadRequestToOM(OzoneManagerProtocolServerSideTranslatorPB.java:225) ~[ozone-manager-1.4.0-SNAPSHOT.jar:?]
	at org.apache.hadoop.ozone.protocolPB.OzoneManagerProtocolServerSideTranslatorPB.processRequest(OzoneManagerProtocolServerSideTranslatorPB.java:179) ~[ozone-manager-1.4.0-SNAPSHOT.jar:?]
	at org.apache.hadoop.hdds.server.OzoneProtocolMessageDispatcher.processRequest(OzoneProtocolMessageDispatcher.java:87) [hdds-server-framework-1.4.0-SNAPSHOT.jar:?]
	at org.apache.hadoop.ozone.protocolPB.OzoneManagerProtocolServerSideTranslatorPB.submitRequest(OzoneManagerProtocolServerSideTranslatorPB.java:148) [ozone-manager-1.4.0-SNAPSHOT.jar:?]
	at org.apache.hadoop.ozone.protocol.proto.OzoneManagerProtocolProtos$OzoneManagerService$2.callBlockingMethod(OzoneManagerProtocolProtos.java) [ozone-interface-client-1.4.0-SNAPSHOT.jar:?]
	at org.apache.hadoop.ipc.ProtobufRpcEngine$Server.processCall(ProtobufRpcEngine.java:484) [hadoop-common-3.3.6.jar:?]
	at org.apache.hadoop.ipc.ProtobufRpcEngine2$Server$ProtoBufRpcInvoker.call(ProtobufRpcEngine2.java:595) [hadoop-common-3.3.6.jar:?]
	at org.apache.hadoop.ipc.ProtobufRpcEngine2$Server$ProtoBufRpcInvoker.call(ProtobufRpcEngine2.java:573) [hadoop-common-3.3.6.jar:?]
	at org.apache.hadoop.ipc.RPC$Server.call(RPC.java:1227) [hadoop-common-3.3.6.jar:?]
	at org.apache.hadoop.ipc.Server$RpcCall.run(Server.java:1094) [hadoop-common-3.3.6.jar:?]
	at org.apache.hadoop.ipc.Server$RpcCall.run(Server.java:1017) [hadoop-common-3.3.6.jar:?]
	at java.security.AccessController.doPrivileged(Native Method) ~[?:1.8.0_382]
	at javax.security.auth.Subject.doAs(Subject.java:422) [?:1.8.0_382]
	at org.apache.hadoop.security.UserGroupInformation.doAs(UserGroupInformation.java:1899) [hadoop-common-3.3.6.jar:?]
	at org.apache.hadoop.ipc.Server$Handler.run(Server.java:3048) [hadoop-common-3.3.6.jar:?]
11:36:25.482 [IPC Server handler 13 on default port 15110] ERROR OMAudit - user=runner | ip=127.0.0.1 | op=GET_FILE_STATUS {volume=volume79256, bucket=bucket28461, key=level0/level3, dataSize=0, replicationConfig=null} | ret=FAILURE
org.apache.hadoop.ozone.om.exceptions.OMException: Unable to get file status: volume: volume79256 bucket: bucket28461 key: level0/level3
	at org.apache.hadoop.ozone.om.KeyManagerImpl.getOzoneFileStatus(KeyManagerImpl.java:1195) ~[ozone-manager-1.4.0-SNAPSHOT.jar:?]
	at org.apache.hadoop.ozone.om.KeyManagerImpl.getFileStatus(KeyManagerImpl.java:1113) ~[ozone-manager-1.4.0-SNAPSHOT.jar:?]
	at org.apache.hadoop.ozone.om.OmMetadataReader.getFileStatus(OmMetadataReader.java:262) ~[ozone-manager-1.4.0-SNAPSHOT.jar:?]
	at org.apache.hadoop.ozone.om.OzoneManager.getFileStatus(OzoneManager.java:3513) ~[ozone-manager-1.4.0-SNAPSHOT.jar:?]
	at org.apache.hadoop.ozone.protocolPB.OzoneManagerRequestHandler.getOzoneFileStatus(OzoneManagerRequestHandler.java:973) ~[ozone-manager-1.4.0-SNAPSHOT.jar:?]
	at org.apache.hadoop.ozone.protocolPB.OzoneManagerRequestHandler.handleReadRequest(OzoneManagerRequestHandler.java:252) ~[ozone-manager-1.4.0-SNAPSHOT.jar:?]
	at org.apache.hadoop.ozone.protocolPB.OzoneManagerProtocolServerSideTranslatorPB.submitReadRequestToOM(OzoneManagerProtocolServerSideTranslatorPB.java:225) ~[ozone-manager-1.4.0-SNAPSHOT.jar:?]
	at org.apache.hadoop.ozone.protocolPB.OzoneManagerProtocolServerSideTranslatorPB.processRequest(OzoneManagerProtocolServerSideTranslatorPB.java:179) ~[ozone-manager-1.4.0-SNAPSHOT.jar:?]
	at org.apache.hadoop.hdds.server.OzoneProtocolMessageDispatcher.processRequest(OzoneProtocolMessageDispatcher.java:87) [hdds-server-framework-1.4.0-SNAPSHOT.jar:?]
	at org.apache.hadoop.ozone.protocolPB.OzoneManagerProtocolServerSideTranslatorPB.submitRequest(OzoneManagerProtocolServerSideTranslatorPB.java:148) [ozone-manager-1.4.0-SNAPSHOT.jar:?]
	at org.apache.hadoop.ozone.protocol.proto.OzoneManagerProtocolProtos$OzoneManagerService$2.callBlockingMethod(OzoneManagerProtocolProtos.java) [ozone-interface-client-1.4.0-SNAPSHOT.jar:?]
	at org.apache.hadoop.ipc.ProtobufRpcEngine$Server.processCall(ProtobufRpcEngine.java:484) [hadoop-common-3.3.6.jar:?]
	at org.apache.hadoop.ipc.ProtobufRpcEngine2$Server$ProtoBufRpcInvoker.call(ProtobufRpcEngine2.java:595) [hadoop-common-3.3.6.jar:?]
	at org.apache.hadoop.ipc.ProtobufRpcEngine2$Server$ProtoBufRpcInvoker.call(ProtobufRpcEngine2.java:573) [hadoop-common-3.3.6.jar:?]
	at org.apache.hadoop.ipc.RPC$Server.call(RPC.java:1227) [hadoop-common-3.3.6.jar:?]
	at org.apache.hadoop.ipc.Server$RpcCall.run(Server.java:1094) [hadoop-common-3.3.6.jar:?]
	at org.apache.hadoop.ipc.Server$RpcCall.run(Server.java:1017) [hadoop-common-3.3.6.jar:?]
	at java.security.AccessController.doPrivileged(Native Method) ~[?:1.8.0_382]
	at javax.security.auth.Subject.doAs(Subject.java:422) [?:1.8.0_382]
	at org.apache.hadoop.security.UserGroupInformation.doAs(UserGroupInformation.java:1899) [hadoop-common-3.3.6.jar:?]
	at org.apache.hadoop.ipc.Server$Handler.run(Server.java:3048) [hadoop-common-3.3.6.jar:?]
11:36:25.486 [IPC Server handler 19 on default port 15110] ERROR OMAudit - user=runner | ip=127.0.0.1 | op=GET_FILE_STATUS {volume=volume79256, bucket=bucket28461, key=level0/level3/level3, dataSize=0, replicationConfig=null} | ret=FAILURE
org.apache.hadoop.ozone.om.exceptions.OMException: Unable to get file status: volume: volume79256 bucket: bucket28461 key: level0/level3/level3
	at org.apache.hadoop.ozone.om.KeyManagerImpl.getOzoneFileStatus(KeyManagerImpl.java:1195) ~[ozone-manager-1.4.0-SNAPSHOT.jar:?]
	at org.apache.hadoop.ozone.om.KeyManagerImpl.getFileStatus(KeyManagerImpl.java:1113) ~[ozone-manager-1.4.0-SNAPSHOT.jar:?]
	at org.apache.hadoop.ozone.om.OmMetadataReader.getFileStatus(OmMetadataReader.java:262) ~[ozone-manager-1.4.0-SNAPSHOT.jar:?]
	at org.apache.hadoop.ozone.om.OzoneManager.getFileStatus(OzoneManager.java:3513) ~[ozone-manager-1.4.0-SNAPSHOT.jar:?]
	at org.apache.hadoop.ozone.protocolPB.OzoneManagerRequestHandler.getOzoneFileStatus(OzoneManagerRequestHandler.java:973) ~[ozone-manager-1.4.0-SNAPSHOT.jar:?]
	at org.apache.hadoop.ozone.protocolPB.OzoneManagerRequestHandler.handleReadRequest(OzoneManagerRequestHandler.java:252) ~[ozone-manager-1.4.0-SNAPSHOT.jar:?]
	at org.apache.hadoop.ozone.protocolPB.OzoneManagerProtocolServerSideTranslatorPB.submitReadRequestToOM(OzoneManagerProtocolServerSideTranslatorPB.java:225) ~[ozone-manager-1.4.0-SNAPSHOT.jar:?]
	at org.apache.hadoop.ozone.protocolPB.OzoneManagerProtocolServerSideTranslatorPB.processRequest(OzoneManagerProtocolServerSideTranslatorPB.java:179) ~[ozone-manager-1.4.0-SNAPSHOT.jar:?]
	at org.apache.hadoop.hdds.server.OzoneProtocolMessageDispatcher.processRequest(OzoneProtocolMessageDispatcher.java:87) [hdds-server-framework-1.4.0-SNAPSHOT.jar:?]
	at org.apache.hadoop.ozone.protocolPB.OzoneManagerProtocolServerSideTranslatorPB.submitRequest(OzoneManagerProtocolServerSideTranslatorPB.java:148) [ozone-manager-1.4.0-SNAPSHOT.jar:?]
	at org.apache.hadoop.ozone.protocol.proto.OzoneManagerProtocolProtos$OzoneManagerService$2.callBlockingMethod(OzoneManagerProtocolProtos.java) [ozone-interface-client-1.4.0-SNAPSHOT.jar:?]
	at org.apache.hadoop.ipc.ProtobufRpcEngine$Server.processCall(ProtobufRpcEngine.java:484) [hadoop-common-3.3.6.jar:?]
	at org.apache.hadoop.ipc.ProtobufRpcEngine2$Server$ProtoBufRpcInvoker.call(ProtobufRpcEngine2.java:595) [hadoop-common-3.3.6.jar:?]
	at org.apache.hadoop.ipc.ProtobufRpcEngine2$Server$ProtoBufRpcInvoker.call(ProtobufRpcEngine2.java:573) [hadoop-common-3.3.6.jar:?]
	at org.apache.hadoop.ipc.RPC$Server.call(RPC.java:1227) [hadoop-common-3.3.6.jar:?]
	at org.apache.hadoop.ipc.Server$RpcCall.run(Server.java:1094) [hadoop-common-3.3.6.jar:?]
	at org.apache.hadoop.ipc.Server$RpcCall.run(Server.java:1017) [hadoop-common-3.3.6.jar:?]
	at java.security.AccessController.doPrivileged(Native Method) ~[?:1.8.0_382]
	at javax.security.auth.Subject.doAs(Subject.java:422) [?:1.8.0_382]
	at org.apache.hadoop.security.UserGroupInformation.doAs(UserGroupInformation.java:1899) [hadoop-common-3.3.6.jar:?]
	at org.apache.hadoop.ipc.Server$Handler.run(Server.java:3048) [hadoop-common-3.3.6.jar:?]
11:36:25.487 [IPC Server handler 0 on default port 15110] ERROR OMAudit - user=runner | ip=127.0.0.1 | op=GET_FILE_STATUS {volume=volume79256, bucket=bucket28461, key=level0/level3/file1, dataSize=0, replicationConfig=null} | ret=FAILURE
org.apache.hadoop.ozone.om.exceptions.OMException: Unable to get file status: volume: volume79256 bucket: bucket28461 key: level0/level3/file1
	at org.apache.hadoop.ozone.om.KeyManagerImpl.getOzoneFileStatus(KeyManagerImpl.java:1195) ~[ozone-manager-1.4.0-SNAPSHOT.jar:?]
	at org.apache.hadoop.ozone.om.KeyManagerImpl.getFileStatus(KeyManagerImpl.java:1113) ~[ozone-manager-1.4.0-SNAPSHOT.jar:?]
	at org.apache.hadoop.ozone.om.OmMetadataReader.getFileStatus(OmMetadataReader.java:262) ~[ozone-manager-1.4.0-SNAPSHOT.jar:?]
	at org.apache.hadoop.ozone.om.OzoneManager.getFileStatus(OzoneManager.java:3513) ~[ozone-manager-1.4.0-SNAPSHOT.jar:?]
	at org.apache.hadoop.ozone.protocolPB.OzoneManagerRequestHandler.getOzoneFileStatus(OzoneManagerRequestHandler.java:973) ~[ozone-manager-1.4.0-SNAPSHOT.jar:?]
	at org.apache.hadoop.ozone.protocolPB.OzoneManagerRequestHandler.handleReadRequest(OzoneManagerRequestHandler.java:252) ~[ozone-manager-1.4.0-SNAPSHOT.jar:?]
	at org.apache.hadoop.ozone.protocolPB.OzoneManagerProtocolServerSideTranslatorPB.submitReadRequestToOM(OzoneManagerProtocolServerSideTranslatorPB.java:225) ~[ozone-manager-1.4.0-SNAPSHOT.jar:?]
	at org.apache.hadoop.ozone.protocolPB.OzoneManagerProtocolServerSideTranslatorPB.processRequest(OzoneManagerProtocolServerSideTranslatorPB.java:179) ~[ozone-manager-1.4.0-SNAPSHOT.jar:?]
	at org.apache.hadoop.hdds.server.OzoneProtocolMessageDispatcher.processRequest(OzoneProtocolMessageDispatcher.java:87) [hdds-server-framework-1.4.0-SNAPSHOT.jar:?]
	at org.apache.hadoop.ozone.protocolPB.OzoneManagerProtocolServerSideTranslatorPB.submitRequest(OzoneManagerProtocolServerSideTranslatorPB.java:148) [ozone-manager-1.4.0-SNAPSHOT.jar:?]
	at org.apache.hadoop.ozone.protocol.proto.OzoneManagerProtocolProtos$OzoneManagerService$2.callBlockingMethod(OzoneManagerProtocolProtos.java) [ozone-interface-client-1.4.0-SNAPSHOT.jar:?]
	at org.apache.hadoop.ipc.ProtobufRpcEngine$Server.processCall(ProtobufRpcEngine.java:484) [hadoop-common-3.3.6.jar:?]
	at org.apache.hadoop.ipc.ProtobufRpcEngine2$Server$ProtoBufRpcInvoker.call(ProtobufRpcEngine2.java:595) [hadoop-common-3.3.6.jar:?]
	at org.apache.hadoop.ipc.ProtobufRpcEngine2$Server$ProtoBufRpcInvoker.call(ProtobufRpcEngine2.java:573) [hadoop-common-3.3.6.jar:?]
	at org.apache.hadoop.ipc.RPC$Server.call(RPC.java:1227) [hadoop-common-3.3.6.jar:?]
	at org.apache.hadoop.ipc.Server$RpcCall.run(Server.java:1094) [hadoop-common-3.3.6.jar:?]
	at org.apache.hadoop.ipc.Server$RpcCall.run(Server.java:1017) [hadoop-common-3.3.6.jar:?]
	at java.security.AccessController.doPrivileged(Native Method) ~[?:1.8.0_382]
	at javax.security.auth.Subject.doAs(Subject.java:422) [?:1.8.0_382]
	at org.apache.hadoop.security.UserGroupInformation.doAs(UserGroupInformation.java:1899) [hadoop-common-3.3.6.jar:?]
	at org.apache.hadoop.ipc.Server$Handler.run(Server.java:3048) [hadoop-common-3.3.6.jar:?]
11:36:25.489 [IPC Server handler 2 on default port 15110] ERROR OMAudit - user=runner | ip=127.0.0.1 | op=GET_FILE_STATUS {volume=volume79256, bucket=bucket28461, key=level0/level3/level3/file1, dataSize=0, replicationConfig=null} | ret=FAILURE
org.apache.hadoop.ozone.om.exceptions.OMException: Unable to get file status: volume: volume79256 bucket: bucket28461 key: level0/level3/level3/file1
	at org.apache.hadoop.ozone.om.KeyManagerImpl.getOzoneFileStatus(KeyManagerImpl.java:1195) ~[ozone-manager-1.4.0-SNAPSHOT.jar:?]
	at org.apache.hadoop.ozone.om.KeyManagerImpl.getFileStatus(KeyManagerImpl.java:1113) ~[ozone-manager-1.4.0-SNAPSHOT.jar:?]
	at org.apache.hadoop.ozone.om.OmMetadataReader.getFileStatus(OmMetadataReader.java:262) ~[ozone-manager-1.4.0-SNAPSHOT.jar:?]
	at org.apache.hadoop.ozone.om.OzoneManager.getFileStatus(OzoneManager.java:3513) ~[ozone-manager-1.4.0-SNAPSHOT.jar:?]
	at org.apache.hadoop.ozone.protocolPB.OzoneManagerRequestHandler.getOzoneFileStatus(OzoneManagerRequestHandler.java:973) ~[ozone-manager-1.4.0-SNAPSHOT.jar:?]
	at org.apache.hadoop.ozone.protocolPB.OzoneManagerRequestHandler.handleReadRequest(OzoneManagerRequestHandler.java:252) ~[ozone-manager-1.4.0-SNAPSHOT.jar:?]
	at org.apache.hadoop.ozone.protocolPB.OzoneManagerProtocolServerSideTranslatorPB.submitReadRequestToOM(OzoneManagerProtocolServerSideTranslatorPB.java:225) ~[ozone-manager-1.4.0-SNAPSHOT.jar:?]
	at org.apache.hadoop.ozone.protocolPB.OzoneManagerProtocolServerSideTranslatorPB.processRequest(OzoneManagerProtocolServerSideTranslatorPB.java:179) ~[ozone-manager-1.4.0-SNAPSHOT.jar:?]
	at org.apache.hadoop.hdds.server.OzoneProtocolMessageDispatcher.processRequest(OzoneProtocolMessageDispatcher.java:87) [hdds-server-framework-1.4.0-SNAPSHOT.jar:?]
	at org.apache.hadoop.ozone.protocolPB.OzoneManagerProtocolServerSideTranslatorPB.submitRequest(OzoneManagerProtocolServerSideTranslatorPB.java:148) [ozone-manager-1.4.0-SNAPSHOT.jar:?]
	at org.apache.hadoop.ozone.protocol.proto.OzoneManagerProtocolProtos$OzoneManagerService$2.callBlockingMethod(OzoneManagerProtocolProtos.java) [ozone-interface-client-1.4.0-SNAPSHOT.jar:?]
	at org.apache.hadoop.ipc.ProtobufRpcEngine$Server.processCall(ProtobufRpcEngine.java:484) [hadoop-common-3.3.6.jar:?]
	at org.apache.hadoop.ipc.ProtobufRpcEngine2$Server$ProtoBufRpcInvoker.call(ProtobufRpcEngine2.java:595) [hadoop-common-3.3.6.jar:?]
	at org.apache.hadoop.ipc.ProtobufRpcEngine2$Server$ProtoBufRpcInvoker.call(ProtobufRpcEngine2.java:573) [hadoop-common-3.3.6.jar:?]
	at org.apache.hadoop.ipc.RPC$Server.call(RPC.java:1227) [hadoop-common-3.3.6.jar:?]
	at org.apache.hadoop.ipc.Server$RpcCall.run(Server.java:1094) [hadoop-common-3.3.6.jar:?]
	at org.apache.hadoop.ipc.Server$RpcCall.run(Server.java:1017) [hadoop-common-3.3.6.jar:?]
	at java.security.AccessController.doPrivileged(Native Method) ~[?:1.8.0_382]
	at javax.security.auth.Subject.doAs(Subject.java:422) [?:1.8.0_382]
	at org.apache.hadoop.security.UserGroupInformation.doAs(UserGroupInformation.java:1899) [hadoop-common-3.3.6.jar:?]
	at org.apache.hadoop.ipc.Server$Handler.run(Server.java:3048) [hadoop-common-3.3.6.jar:?]
]]></system-out>
  </testcase>
  <testcase name="testRecursiveDelete" classname="TestOzoneFileSystem" time="0.198">
    <system-out><![CDATA[11:38:01.217 [IPC Server handler 3 on default port 15163] ERROR OMAudit - user=runner | ip=127.0.0.1 | op=GET_FILE_STATUS {volume=volume45503, bucket=bucket29530, key=gdir1, dataSize=0, replicationConfig=null} | ret=FAILURE
org.apache.hadoop.ozone.om.exceptions.OMException: Unable to get file status: volume: volume45503 bucket: bucket29530 key: gdir1
	at org.apache.hadoop.ozone.om.KeyManagerImpl.getOzoneFileStatus(KeyManagerImpl.java:1195) ~[ozone-manager-1.4.0-SNAPSHOT.jar:?]
	at org.apache.hadoop.ozone.om.KeyManagerImpl.getFileStatus(KeyManagerImpl.java:1113) ~[ozone-manager-1.4.0-SNAPSHOT.jar:?]
	at org.apache.hadoop.ozone.om.OmMetadataReader.getFileStatus(OmMetadataReader.java:262) ~[ozone-manager-1.4.0-SNAPSHOT.jar:?]
	at org.apache.hadoop.ozone.om.OzoneManager.getFileStatus(OzoneManager.java:3513) ~[ozone-manager-1.4.0-SNAPSHOT.jar:?]
	at org.apache.hadoop.ozone.protocolPB.OzoneManagerRequestHandler.getOzoneFileStatus(OzoneManagerRequestHandler.java:973) ~[ozone-manager-1.4.0-SNAPSHOT.jar:?]
	at org.apache.hadoop.ozone.protocolPB.OzoneManagerRequestHandler.handleReadRequest(OzoneManagerRequestHandler.java:252) ~[ozone-manager-1.4.0-SNAPSHOT.jar:?]
	at org.apache.hadoop.ozone.protocolPB.OzoneManagerProtocolServerSideTranslatorPB.submitRequestDirectlyToOM(OzoneManagerProtocolServerSideTranslatorPB.java:274) ~[ozone-manager-1.4.0-SNAPSHOT.jar:?]
	at org.apache.hadoop.ozone.protocolPB.OzoneManagerProtocolServerSideTranslatorPB.processRequest(OzoneManagerProtocolServerSideTranslatorPB.java:175) ~[ozone-manager-1.4.0-SNAPSHOT.jar:?]
	at org.apache.hadoop.hdds.server.OzoneProtocolMessageDispatcher.processRequest(OzoneProtocolMessageDispatcher.java:87) [hdds-server-framework-1.4.0-SNAPSHOT.jar:?]
	at org.apache.hadoop.ozone.protocolPB.OzoneManagerProtocolServerSideTranslatorPB.submitRequest(OzoneManagerProtocolServerSideTranslatorPB.java:148) [ozone-manager-1.4.0-SNAPSHOT.jar:?]
	at org.apache.hadoop.ozone.protocol.proto.OzoneManagerProtocolProtos$OzoneManagerService$2.callBlockingMethod(OzoneManagerProtocolProtos.java) [ozone-interface-client-1.4.0-SNAPSHOT.jar:?]
	at org.apache.hadoop.ipc.ProtobufRpcEngine$Server.processCall(ProtobufRpcEngine.java:484) [hadoop-common-3.3.6.jar:?]
	at org.apache.hadoop.ipc.ProtobufRpcEngine2$Server$ProtoBufRpcInvoker.call(ProtobufRpcEngine2.java:595) [hadoop-common-3.3.6.jar:?]
	at org.apache.hadoop.ipc.ProtobufRpcEngine2$Server$ProtoBufRpcInvoker.call(ProtobufRpcEngine2.java:573) [hadoop-common-3.3.6.jar:?]
	at org.apache.hadoop.ipc.RPC$Server.call(RPC.java:1227) [hadoop-common-3.3.6.jar:?]
	at org.apache.hadoop.ipc.Server$RpcCall.run(Server.java:1094) [hadoop-common-3.3.6.jar:?]
	at org.apache.hadoop.ipc.Server$RpcCall.run(Server.java:1017) [hadoop-common-3.3.6.jar:?]
	at java.security.AccessController.doPrivileged(Native Method) ~[?:1.8.0_382]
	at javax.security.auth.Subject.doAs(Subject.java:422) [?:1.8.0_382]
	at org.apache.hadoop.security.UserGroupInformation.doAs(UserGroupInformation.java:1899) [hadoop-common-3.3.6.jar:?]
	at org.apache.hadoop.ipc.Server$Handler.run(Server.java:3048) [hadoop-common-3.3.6.jar:?]
11:38:01.218 [IPC Server handler 5 on default port 15163] ERROR OMAudit - user=runner | ip=127.0.0.1 | op=GET_FILE_STATUS {volume=volume45503, bucket=bucket29530, key=gdir1/dir1, dataSize=0, replicationConfig=null} | ret=FAILURE
org.apache.hadoop.ozone.om.exceptions.OMException: Unable to get file status: volume: volume45503 bucket: bucket29530 key: gdir1/dir1
	at org.apache.hadoop.ozone.om.KeyManagerImpl.getOzoneFileStatus(KeyManagerImpl.java:1195) ~[ozone-manager-1.4.0-SNAPSHOT.jar:?]
	at org.apache.hadoop.ozone.om.KeyManagerImpl.getFileStatus(KeyManagerImpl.java:1113) ~[ozone-manager-1.4.0-SNAPSHOT.jar:?]
	at org.apache.hadoop.ozone.om.OmMetadataReader.getFileStatus(OmMetadataReader.java:262) ~[ozone-manager-1.4.0-SNAPSHOT.jar:?]
	at org.apache.hadoop.ozone.om.OzoneManager.getFileStatus(OzoneManager.java:3513) ~[ozone-manager-1.4.0-SNAPSHOT.jar:?]
	at org.apache.hadoop.ozone.protocolPB.OzoneManagerRequestHandler.getOzoneFileStatus(OzoneManagerRequestHandler.java:973) ~[ozone-manager-1.4.0-SNAPSHOT.jar:?]
	at org.apache.hadoop.ozone.protocolPB.OzoneManagerRequestHandler.handleReadRequest(OzoneManagerRequestHandler.java:252) ~[ozone-manager-1.4.0-SNAPSHOT.jar:?]
	at org.apache.hadoop.ozone.protocolPB.OzoneManagerProtocolServerSideTranslatorPB.submitRequestDirectlyToOM(OzoneManagerProtocolServerSideTranslatorPB.java:274) ~[ozone-manager-1.4.0-SNAPSHOT.jar:?]
	at org.apache.hadoop.ozone.protocolPB.OzoneManagerProtocolServerSideTranslatorPB.processRequest(OzoneManagerProtocolServerSideTranslatorPB.java:175) ~[ozone-manager-1.4.0-SNAPSHOT.jar:?]
	at org.apache.hadoop.hdds.server.OzoneProtocolMessageDispatcher.processRequest(OzoneProtocolMessageDispatcher.java:87) [hdds-server-framework-1.4.0-SNAPSHOT.jar:?]
	at org.apache.hadoop.ozone.protocolPB.OzoneManagerProtocolServerSideTranslatorPB.submitRequest(OzoneManagerProtocolServerSideTranslatorPB.java:148) [ozone-manager-1.4.0-SNAPSHOT.jar:?]
	at org.apache.hadoop.ozone.protocol.proto.OzoneManagerProtocolProtos$OzoneManagerService$2.callBlockingMethod(OzoneManagerProtocolProtos.java) [ozone-interface-client-1.4.0-SNAPSHOT.jar:?]
	at org.apache.hadoop.ipc.ProtobufRpcEngine$Server.processCall(ProtobufRpcEngine.java:484) [hadoop-common-3.3.6.jar:?]
	at org.apache.hadoop.ipc.ProtobufRpcEngine2$Server$ProtoBufRpcInvoker.call(ProtobufRpcEngine2.java:595) [hadoop-common-3.3.6.jar:?]
	at org.apache.hadoop.ipc.ProtobufRpcEngine2$Server$ProtoBufRpcInvoker.call(ProtobufRpcEngine2.java:573) [hadoop-common-3.3.6.jar:?]
	at org.apache.hadoop.ipc.RPC$Server.call(RPC.java:1227) [hadoop-common-3.3.6.jar:?]
	at org.apache.hadoop.ipc.Server$RpcCall.run(Server.java:1094) [hadoop-common-3.3.6.jar:?]
	at org.apache.hadoop.ipc.Server$RpcCall.run(Server.java:1017) [hadoop-common-3.3.6.jar:?]
	at java.security.AccessController.doPrivileged(Native Method) ~[?:1.8.0_382]
	at javax.security.auth.Subject.doAs(Subject.java:422) [?:1.8.0_382]
	at org.apache.hadoop.security.UserGroupInformation.doAs(UserGroupInformation.java:1899) [hadoop-common-3.3.6.jar:?]
	at org.apache.hadoop.ipc.Server$Handler.run(Server.java:3048) [hadoop-common-3.3.6.jar:?]
11:38:01.219 [IPC Server handler 0 on default port 15163] ERROR OMAudit - user=runner | ip=127.0.0.1 | op=GET_FILE_STATUS {volume=volume45503, bucket=bucket29530, key=gdir1/dir1/child, dataSize=0, replicationConfig=null} | ret=FAILURE
org.apache.hadoop.ozone.om.exceptions.OMException: Unable to get file status: volume: volume45503 bucket: bucket29530 key: gdir1/dir1/child
	at org.apache.hadoop.ozone.om.KeyManagerImpl.getOzoneFileStatus(KeyManagerImpl.java:1195) ~[ozone-manager-1.4.0-SNAPSHOT.jar:?]
	at org.apache.hadoop.ozone.om.KeyManagerImpl.getFileStatus(KeyManagerImpl.java:1113) ~[ozone-manager-1.4.0-SNAPSHOT.jar:?]
	at org.apache.hadoop.ozone.om.OmMetadataReader.getFileStatus(OmMetadataReader.java:262) ~[ozone-manager-1.4.0-SNAPSHOT.jar:?]
	at org.apache.hadoop.ozone.om.OzoneManager.getFileStatus(OzoneManager.java:3513) ~[ozone-manager-1.4.0-SNAPSHOT.jar:?]
	at org.apache.hadoop.ozone.protocolPB.OzoneManagerRequestHandler.getOzoneFileStatus(OzoneManagerRequestHandler.java:973) ~[ozone-manager-1.4.0-SNAPSHOT.jar:?]
	at org.apache.hadoop.ozone.protocolPB.OzoneManagerRequestHandler.handleReadRequest(OzoneManagerRequestHandler.java:252) ~[ozone-manager-1.4.0-SNAPSHOT.jar:?]
	at org.apache.hadoop.ozone.protocolPB.OzoneManagerProtocolServerSideTranslatorPB.submitRequestDirectlyToOM(OzoneManagerProtocolServerSideTranslatorPB.java:274) ~[ozone-manager-1.4.0-SNAPSHOT.jar:?]
	at org.apache.hadoop.ozone.protocolPB.OzoneManagerProtocolServerSideTranslatorPB.processRequest(OzoneManagerProtocolServerSideTranslatorPB.java:175) ~[ozone-manager-1.4.0-SNAPSHOT.jar:?]
	at org.apache.hadoop.hdds.server.OzoneProtocolMessageDispatcher.processRequest(OzoneProtocolMessageDispatcher.java:87) [hdds-server-framework-1.4.0-SNAPSHOT.jar:?]
	at org.apache.hadoop.ozone.protocolPB.OzoneManagerProtocolServerSideTranslatorPB.submitRequest(OzoneManagerProtocolServerSideTranslatorPB.java:148) [ozone-manager-1.4.0-SNAPSHOT.jar:?]
	at org.apache.hadoop.ozone.protocol.proto.OzoneManagerProtocolProtos$OzoneManagerService$2.callBlockingMethod(OzoneManagerProtocolProtos.java) [ozone-interface-client-1.4.0-SNAPSHOT.jar:?]
	at org.apache.hadoop.ipc.ProtobufRpcEngine$Server.processCall(ProtobufRpcEngine.java:484) [hadoop-common-3.3.6.jar:?]
	at org.apache.hadoop.ipc.ProtobufRpcEngine2$Server$ProtoBufRpcInvoker.call(ProtobufRpcEngine2.java:595) [hadoop-common-3.3.6.jar:?]
	at org.apache.hadoop.ipc.ProtobufRpcEngine2$Server$ProtoBufRpcInvoker.call(ProtobufRpcEngine2.java:573) [hadoop-common-3.3.6.jar:?]
	at org.apache.hadoop.ipc.RPC$Server.call(RPC.java:1227) [hadoop-common-3.3.6.jar:?]
	at org.apache.hadoop.ipc.Server$RpcCall.run(Server.java:1094) [hadoop-common-3.3.6.jar:?]
	at org.apache.hadoop.ipc.Server$RpcCall.run(Server.java:1017) [hadoop-common-3.3.6.jar:?]
	at java.security.AccessController.doPrivileged(Native Method) ~[?:1.8.0_382]
	at javax.security.auth.Subject.doAs(Subject.java:422) [?:1.8.0_382]
	at org.apache.hadoop.security.UserGroupInformation.doAs(UserGroupInformation.java:1899) [hadoop-common-3.3.6.jar:?]
	at org.apache.hadoop.ipc.Server$Handler.run(Server.java:3048) [hadoop-common-3.3.6.jar:?]
11:38:01.220 [IPC Server handler 1 on default port 15163] ERROR OMAudit - user=runner | ip=127.0.0.1 | op=GET_FILE_STATUS {volume=volume45503, bucket=bucket29530, key=gdir1/dir2, dataSize=0, replicationConfig=null} | ret=FAILURE
org.apache.hadoop.ozone.om.exceptions.OMException: Unable to get file status: volume: volume45503 bucket: bucket29530 key: gdir1/dir2
	at org.apache.hadoop.ozone.om.KeyManagerImpl.getOzoneFileStatus(KeyManagerImpl.java:1195) ~[ozone-manager-1.4.0-SNAPSHOT.jar:?]
	at org.apache.hadoop.ozone.om.KeyManagerImpl.getFileStatus(KeyManagerImpl.java:1113) ~[ozone-manager-1.4.0-SNAPSHOT.jar:?]
	at org.apache.hadoop.ozone.om.OmMetadataReader.getFileStatus(OmMetadataReader.java:262) ~[ozone-manager-1.4.0-SNAPSHOT.jar:?]
	at org.apache.hadoop.ozone.om.OzoneManager.getFileStatus(OzoneManager.java:3513) ~[ozone-manager-1.4.0-SNAPSHOT.jar:?]
	at org.apache.hadoop.ozone.protocolPB.OzoneManagerRequestHandler.getOzoneFileStatus(OzoneManagerRequestHandler.java:973) ~[ozone-manager-1.4.0-SNAPSHOT.jar:?]
	at org.apache.hadoop.ozone.protocolPB.OzoneManagerRequestHandler.handleReadRequest(OzoneManagerRequestHandler.java:252) ~[ozone-manager-1.4.0-SNAPSHOT.jar:?]
	at org.apache.hadoop.ozone.protocolPB.OzoneManagerProtocolServerSideTranslatorPB.submitRequestDirectlyToOM(OzoneManagerProtocolServerSideTranslatorPB.java:274) ~[ozone-manager-1.4.0-SNAPSHOT.jar:?]
	at org.apache.hadoop.ozone.protocolPB.OzoneManagerProtocolServerSideTranslatorPB.processRequest(OzoneManagerProtocolServerSideTranslatorPB.java:175) ~[ozone-manager-1.4.0-SNAPSHOT.jar:?]
	at org.apache.hadoop.hdds.server.OzoneProtocolMessageDispatcher.processRequest(OzoneProtocolMessageDispatcher.java:87) [hdds-server-framework-1.4.0-SNAPSHOT.jar:?]
	at org.apache.hadoop.ozone.protocolPB.OzoneManagerProtocolServerSideTranslatorPB.submitRequest(OzoneManagerProtocolServerSideTranslatorPB.java:148) [ozone-manager-1.4.0-SNAPSHOT.jar:?]
	at org.apache.hadoop.ozone.protocol.proto.OzoneManagerProtocolProtos$OzoneManagerService$2.callBlockingMethod(OzoneManagerProtocolProtos.java) [ozone-interface-client-1.4.0-SNAPSHOT.jar:?]
	at org.apache.hadoop.ipc.ProtobufRpcEngine$Server.processCall(ProtobufRpcEngine.java:484) [hadoop-common-3.3.6.jar:?]
	at org.apache.hadoop.ipc.ProtobufRpcEngine2$Server$ProtoBufRpcInvoker.call(ProtobufRpcEngine2.java:595) [hadoop-common-3.3.6.jar:?]
	at org.apache.hadoop.ipc.ProtobufRpcEngine2$Server$ProtoBufRpcInvoker.call(ProtobufRpcEngine2.java:573) [hadoop-common-3.3.6.jar:?]
	at org.apache.hadoop.ipc.RPC$Server.call(RPC.java:1227) [hadoop-common-3.3.6.jar:?]
	at org.apache.hadoop.ipc.Server$RpcCall.run(Server.java:1094) [hadoop-common-3.3.6.jar:?]
	at org.apache.hadoop.ipc.Server$RpcCall.run(Server.java:1017) [hadoop-common-3.3.6.jar:?]
	at java.security.AccessController.doPrivileged(Native Method) ~[?:1.8.0_382]
	at javax.security.auth.Subject.doAs(Subject.java:422) [?:1.8.0_382]
	at org.apache.hadoop.security.UserGroupInformation.doAs(UserGroupInformation.java:1899) [hadoop-common-3.3.6.jar:?]
	at org.apache.hadoop.ipc.Server$Handler.run(Server.java:3048) [hadoop-common-3.3.6.jar:?]
11:38:01.221 [IPC Server handler 2 on default port 15163] ERROR OMAudit - user=runner | ip=127.0.0.1 | op=GET_FILE_STATUS {volume=volume45503, bucket=bucket29530, key=gdir1/dir2/child, dataSize=0, replicationConfig=null} | ret=FAILURE
org.apache.hadoop.ozone.om.exceptions.OMException: Unable to get file status: volume: volume45503 bucket: bucket29530 key: gdir1/dir2/child
	at org.apache.hadoop.ozone.om.KeyManagerImpl.getOzoneFileStatus(KeyManagerImpl.java:1195) ~[ozone-manager-1.4.0-SNAPSHOT.jar:?]
	at org.apache.hadoop.ozone.om.KeyManagerImpl.getFileStatus(KeyManagerImpl.java:1113) ~[ozone-manager-1.4.0-SNAPSHOT.jar:?]
	at org.apache.hadoop.ozone.om.OmMetadataReader.getFileStatus(OmMetadataReader.java:262) ~[ozone-manager-1.4.0-SNAPSHOT.jar:?]
	at org.apache.hadoop.ozone.om.OzoneManager.getFileStatus(OzoneManager.java:3513) ~[ozone-manager-1.4.0-SNAPSHOT.jar:?]
	at org.apache.hadoop.ozone.protocolPB.OzoneManagerRequestHandler.getOzoneFileStatus(OzoneManagerRequestHandler.java:973) ~[ozone-manager-1.4.0-SNAPSHOT.jar:?]
	at org.apache.hadoop.ozone.protocolPB.OzoneManagerRequestHandler.handleReadRequest(OzoneManagerRequestHandler.java:252) ~[ozone-manager-1.4.0-SNAPSHOT.jar:?]
	at org.apache.hadoop.ozone.protocolPB.OzoneManagerProtocolServerSideTranslatorPB.submitRequestDirectlyToOM(OzoneManagerProtocolServerSideTranslatorPB.java:274) ~[ozone-manager-1.4.0-SNAPSHOT.jar:?]
	at org.apache.hadoop.ozone.protocolPB.OzoneManagerProtocolServerSideTranslatorPB.processRequest(OzoneManagerProtocolServerSideTranslatorPB.java:175) ~[ozone-manager-1.4.0-SNAPSHOT.jar:?]
	at org.apache.hadoop.hdds.server.OzoneProtocolMessageDispatcher.processRequest(OzoneProtocolMessageDispatcher.java:87) [hdds-server-framework-1.4.0-SNAPSHOT.jar:?]
	at org.apache.hadoop.ozone.protocolPB.OzoneManagerProtocolServerSideTranslatorPB.submitRequest(OzoneManagerProtocolServerSideTranslatorPB.java:148) [ozone-manager-1.4.0-SNAPSHOT.jar:?]
	at org.apache.hadoop.ozone.protocol.proto.OzoneManagerProtocolProtos$OzoneManagerService$2.callBlockingMethod(OzoneManagerProtocolProtos.java) [ozone-interface-client-1.4.0-SNAPSHOT.jar:?]
	at org.apache.hadoop.ipc.ProtobufRpcEngine$Server.processCall(ProtobufRpcEngine.java:484) [hadoop-common-3.3.6.jar:?]
	at org.apache.hadoop.ipc.ProtobufRpcEngine2$Server$ProtoBufRpcInvoker.call(ProtobufRpcEngine2.java:595) [hadoop-common-3.3.6.jar:?]
	at org.apache.hadoop.ipc.ProtobufRpcEngine2$Server$ProtoBufRpcInvoker.call(ProtobufRpcEngine2.java:573) [hadoop-common-3.3.6.jar:?]
	at org.apache.hadoop.ipc.RPC$Server.call(RPC.java:1227) [hadoop-common-3.3.6.jar:?]
	at org.apache.hadoop.ipc.Server$RpcCall.run(Server.java:1094) [hadoop-common-3.3.6.jar:?]
	at org.apache.hadoop.ipc.Server$RpcCall.run(Server.java:1017) [hadoop-common-3.3.6.jar:?]
	at java.security.AccessController.doPrivileged(Native Method) ~[?:1.8.0_382]
	at javax.security.auth.Subject.doAs(Subject.java:422) [?:1.8.0_382]
	at org.apache.hadoop.security.UserGroupInformation.doAs(UserGroupInformation.java:1899) [hadoop-common-3.3.6.jar:?]
	at org.apache.hadoop.ipc.Server$Handler.run(Server.java:3048) [hadoop-common-3.3.6.jar:?]
11:38:01.223 [IPC Server handler 13 on default port 15163] ERROR OMAudit - user=runner | ip=127.0.0.1 | op=GET_FILE_STATUS {volume=volume45503, bucket=bucket29530, key=gdir1/dir3, dataSize=0, replicationConfig=null} | ret=FAILURE
org.apache.hadoop.ozone.om.exceptions.OMException: Unable to get file status: volume: volume45503 bucket: bucket29530 key: gdir1/dir3
	at org.apache.hadoop.ozone.om.KeyManagerImpl.getOzoneFileStatus(KeyManagerImpl.java:1195) ~[ozone-manager-1.4.0-SNAPSHOT.jar:?]
	at org.apache.hadoop.ozone.om.KeyManagerImpl.getFileStatus(KeyManagerImpl.java:1113) ~[ozone-manager-1.4.0-SNAPSHOT.jar:?]
	at org.apache.hadoop.ozone.om.OmMetadataReader.getFileStatus(OmMetadataReader.java:262) ~[ozone-manager-1.4.0-SNAPSHOT.jar:?]
	at org.apache.hadoop.ozone.om.OzoneManager.getFileStatus(OzoneManager.java:3513) ~[ozone-manager-1.4.0-SNAPSHOT.jar:?]
	at org.apache.hadoop.ozone.protocolPB.OzoneManagerRequestHandler.getOzoneFileStatus(OzoneManagerRequestHandler.java:973) ~[ozone-manager-1.4.0-SNAPSHOT.jar:?]
	at org.apache.hadoop.ozone.protocolPB.OzoneManagerRequestHandler.handleReadRequest(OzoneManagerRequestHandler.java:252) ~[ozone-manager-1.4.0-SNAPSHOT.jar:?]
	at org.apache.hadoop.ozone.protocolPB.OzoneManagerProtocolServerSideTranslatorPB.submitRequestDirectlyToOM(OzoneManagerProtocolServerSideTranslatorPB.java:274) ~[ozone-manager-1.4.0-SNAPSHOT.jar:?]
	at org.apache.hadoop.ozone.protocolPB.OzoneManagerProtocolServerSideTranslatorPB.processRequest(OzoneManagerProtocolServerSideTranslatorPB.java:175) ~[ozone-manager-1.4.0-SNAPSHOT.jar:?]
	at org.apache.hadoop.hdds.server.OzoneProtocolMessageDispatcher.processRequest(OzoneProtocolMessageDispatcher.java:87) [hdds-server-framework-1.4.0-SNAPSHOT.jar:?]
	at org.apache.hadoop.ozone.protocolPB.OzoneManagerProtocolServerSideTranslatorPB.submitRequest(OzoneManagerProtocolServerSideTranslatorPB.java:148) [ozone-manager-1.4.0-SNAPSHOT.jar:?]
	at org.apache.hadoop.ozone.protocol.proto.OzoneManagerProtocolProtos$OzoneManagerService$2.callBlockingMethod(OzoneManagerProtocolProtos.java) [ozone-interface-client-1.4.0-SNAPSHOT.jar:?]
	at org.apache.hadoop.ipc.ProtobufRpcEngine$Server.processCall(ProtobufRpcEngine.java:484) [hadoop-common-3.3.6.jar:?]
	at org.apache.hadoop.ipc.ProtobufRpcEngine2$Server$ProtoBufRpcInvoker.call(ProtobufRpcEngine2.java:595) [hadoop-common-3.3.6.jar:?]
	at org.apache.hadoop.ipc.ProtobufRpcEngine2$Server$ProtoBufRpcInvoker.call(ProtobufRpcEngine2.java:573) [hadoop-common-3.3.6.jar:?]
	at org.apache.hadoop.ipc.RPC$Server.call(RPC.java:1227) [hadoop-common-3.3.6.jar:?]
	at org.apache.hadoop.ipc.Server$RpcCall.run(Server.java:1094) [hadoop-common-3.3.6.jar:?]
	at org.apache.hadoop.ipc.Server$RpcCall.run(Server.java:1017) [hadoop-common-3.3.6.jar:?]
	at java.security.AccessController.doPrivileged(Native Method) ~[?:1.8.0_382]
	at javax.security.auth.Subject.doAs(Subject.java:422) [?:1.8.0_382]
	at org.apache.hadoop.security.UserGroupInformation.doAs(UserGroupInformation.java:1899) [hadoop-common-3.3.6.jar:?]
	at org.apache.hadoop.ipc.Server$Handler.run(Server.java:3048) [hadoop-common-3.3.6.jar:?]
11:38:01.224 [IPC Server handler 19 on default port 15163] ERROR OMAudit - user=runner | ip=127.0.0.1 | op=GET_FILE_STATUS {volume=volume45503, bucket=bucket29530, key=gdir1/dir3/child, dataSize=0, replicationConfig=null} | ret=FAILURE
org.apache.hadoop.ozone.om.exceptions.OMException: Unable to get file status: volume: volume45503 bucket: bucket29530 key: gdir1/dir3/child
	at org.apache.hadoop.ozone.om.KeyManagerImpl.getOzoneFileStatus(KeyManagerImpl.java:1195) ~[ozone-manager-1.4.0-SNAPSHOT.jar:?]
	at org.apache.hadoop.ozone.om.KeyManagerImpl.getFileStatus(KeyManagerImpl.java:1113) ~[ozone-manager-1.4.0-SNAPSHOT.jar:?]
	at org.apache.hadoop.ozone.om.OmMetadataReader.getFileStatus(OmMetadataReader.java:262) ~[ozone-manager-1.4.0-SNAPSHOT.jar:?]
	at org.apache.hadoop.ozone.om.OzoneManager.getFileStatus(OzoneManager.java:3513) ~[ozone-manager-1.4.0-SNAPSHOT.jar:?]
	at org.apache.hadoop.ozone.protocolPB.OzoneManagerRequestHandler.getOzoneFileStatus(OzoneManagerRequestHandler.java:973) ~[ozone-manager-1.4.0-SNAPSHOT.jar:?]
	at org.apache.hadoop.ozone.protocolPB.OzoneManagerRequestHandler.handleReadRequest(OzoneManagerRequestHandler.java:252) ~[ozone-manager-1.4.0-SNAPSHOT.jar:?]
	at org.apache.hadoop.ozone.protocolPB.OzoneManagerProtocolServerSideTranslatorPB.submitRequestDirectlyToOM(OzoneManagerProtocolServerSideTranslatorPB.java:274) ~[ozone-manager-1.4.0-SNAPSHOT.jar:?]
	at org.apache.hadoop.ozone.protocolPB.OzoneManagerProtocolServerSideTranslatorPB.processRequest(OzoneManagerProtocolServerSideTranslatorPB.java:175) ~[ozone-manager-1.4.0-SNAPSHOT.jar:?]
	at org.apache.hadoop.hdds.server.OzoneProtocolMessageDispatcher.processRequest(OzoneProtocolMessageDispatcher.java:87) [hdds-server-framework-1.4.0-SNAPSHOT.jar:?]
	at org.apache.hadoop.ozone.protocolPB.OzoneManagerProtocolServerSideTranslatorPB.submitRequest(OzoneManagerProtocolServerSideTranslatorPB.java:148) [ozone-manager-1.4.0-SNAPSHOT.jar:?]
	at org.apache.hadoop.ozone.protocol.proto.OzoneManagerProtocolProtos$OzoneManagerService$2.callBlockingMethod(OzoneManagerProtocolProtos.java) [ozone-interface-client-1.4.0-SNAPSHOT.jar:?]
	at org.apache.hadoop.ipc.ProtobufRpcEngine$Server.processCall(ProtobufRpcEngine.java:484) [hadoop-common-3.3.6.jar:?]
	at org.apache.hadoop.ipc.ProtobufRpcEngine2$Server$ProtoBufRpcInvoker.call(ProtobufRpcEngine2.java:595) [hadoop-common-3.3.6.jar:?]
	at org.apache.hadoop.ipc.ProtobufRpcEngine2$Server$ProtoBufRpcInvoker.call(ProtobufRpcEngine2.java:573) [hadoop-common-3.3.6.jar:?]
	at org.apache.hadoop.ipc.RPC$Server.call(RPC.java:1227) [hadoop-common-3.3.6.jar:?]
	at org.apache.hadoop.ipc.Server$RpcCall.run(Server.java:1094) [hadoop-common-3.3.6.jar:?]
	at org.apache.hadoop.ipc.Server$RpcCall.run(Server.java:1017) [hadoop-common-3.3.6.jar:?]
	at java.security.AccessController.doPrivileged(Native Method) ~[?:1.8.0_382]
	at javax.security.auth.Subject.doAs(Subject.java:422) [?:1.8.0_382]
	at org.apache.hadoop.security.UserGroupInformation.doAs(UserGroupInformation.java:1899) [hadoop-common-3.3.6.jar:?]
	at org.apache.hadoop.ipc.Server$Handler.run(Server.java:3048) [hadoop-common-3.3.6.jar:?]
11:38:01.227 [IPC Server handler 15 on default port 15163] ERROR OMAudit - user=runner | ip=127.0.0.1 | op=GET_FILE_STATUS {volume=volume45503, bucket=bucket29530, key=gdir1/dir4, dataSize=0, replicationConfig=null} | ret=FAILURE
org.apache.hadoop.ozone.om.exceptions.OMException: Unable to get file status: volume: volume45503 bucket: bucket29530 key: gdir1/dir4
	at org.apache.hadoop.ozone.om.KeyManagerImpl.getOzoneFileStatus(KeyManagerImpl.java:1195) ~[ozone-manager-1.4.0-SNAPSHOT.jar:?]
	at org.apache.hadoop.ozone.om.KeyManagerImpl.getFileStatus(KeyManagerImpl.java:1113) ~[ozone-manager-1.4.0-SNAPSHOT.jar:?]
	at org.apache.hadoop.ozone.om.OmMetadataReader.getFileStatus(OmMetadataReader.java:262) ~[ozone-manager-1.4.0-SNAPSHOT.jar:?]
	at org.apache.hadoop.ozone.om.OzoneManager.getFileStatus(OzoneManager.java:3513) ~[ozone-manager-1.4.0-SNAPSHOT.jar:?]
	at org.apache.hadoop.ozone.protocolPB.OzoneManagerRequestHandler.getOzoneFileStatus(OzoneManagerRequestHandler.java:973) ~[ozone-manager-1.4.0-SNAPSHOT.jar:?]
	at org.apache.hadoop.ozone.protocolPB.OzoneManagerRequestHandler.handleReadRequest(OzoneManagerRequestHandler.java:252) ~[ozone-manager-1.4.0-SNAPSHOT.jar:?]
	at org.apache.hadoop.ozone.protocolPB.OzoneManagerProtocolServerSideTranslatorPB.submitRequestDirectlyToOM(OzoneManagerProtocolServerSideTranslatorPB.java:274) ~[ozone-manager-1.4.0-SNAPSHOT.jar:?]
	at org.apache.hadoop.ozone.protocolPB.OzoneManagerProtocolServerSideTranslatorPB.processRequest(OzoneManagerProtocolServerSideTranslatorPB.java:175) ~[ozone-manager-1.4.0-SNAPSHOT.jar:?]
	at org.apache.hadoop.hdds.server.OzoneProtocolMessageDispatcher.processRequest(OzoneProtocolMessageDispatcher.java:87) [hdds-server-framework-1.4.0-SNAPSHOT.jar:?]
	at org.apache.hadoop.ozone.protocolPB.OzoneManagerProtocolServerSideTranslatorPB.submitRequest(OzoneManagerProtocolServerSideTranslatorPB.java:148) [ozone-manager-1.4.0-SNAPSHOT.jar:?]
	at org.apache.hadoop.ozone.protocol.proto.OzoneManagerProtocolProtos$OzoneManagerService$2.callBlockingMethod(OzoneManagerProtocolProtos.java) [ozone-interface-client-1.4.0-SNAPSHOT.jar:?]
	at org.apache.hadoop.ipc.ProtobufRpcEngine$Server.processCall(ProtobufRpcEngine.java:484) [hadoop-common-3.3.6.jar:?]
	at org.apache.hadoop.ipc.ProtobufRpcEngine2$Server$ProtoBufRpcInvoker.call(ProtobufRpcEngine2.java:595) [hadoop-common-3.3.6.jar:?]
	at org.apache.hadoop.ipc.ProtobufRpcEngine2$Server$ProtoBufRpcInvoker.call(ProtobufRpcEngine2.java:573) [hadoop-common-3.3.6.jar:?]
	at org.apache.hadoop.ipc.RPC$Server.call(RPC.java:1227) [hadoop-common-3.3.6.jar:?]
	at org.apache.hadoop.ipc.Server$RpcCall.run(Server.java:1094) [hadoop-common-3.3.6.jar:?]
	at org.apache.hadoop.ipc.Server$RpcCall.run(Server.java:1017) [hadoop-common-3.3.6.jar:?]
	at java.security.AccessController.doPrivileged(Native Method) ~[?:1.8.0_382]
	at javax.security.auth.Subject.doAs(Subject.java:422) [?:1.8.0_382]
	at org.apache.hadoop.security.UserGroupInformation.doAs(UserGroupInformation.java:1899) [hadoop-common-3.3.6.jar:?]
	at org.apache.hadoop.ipc.Server$Handler.run(Server.java:3048) [hadoop-common-3.3.6.jar:?]
11:38:01.228 [IPC Server handler 14 on default port 15163] ERROR OMAudit - user=runner | ip=127.0.0.1 | op=GET_FILE_STATUS {volume=volume45503, bucket=bucket29530, key=gdir1/dir4/child, dataSize=0, replicationConfig=null} | ret=FAILURE
org.apache.hadoop.ozone.om.exceptions.OMException: Unable to get file status: volume: volume45503 bucket: bucket29530 key: gdir1/dir4/child
	at org.apache.hadoop.ozone.om.KeyManagerImpl.getOzoneFileStatus(KeyManagerImpl.java:1195) ~[ozone-manager-1.4.0-SNAPSHOT.jar:?]
	at org.apache.hadoop.ozone.om.KeyManagerImpl.getFileStatus(KeyManagerImpl.java:1113) ~[ozone-manager-1.4.0-SNAPSHOT.jar:?]
	at org.apache.hadoop.ozone.om.OmMetadataReader.getFileStatus(OmMetadataReader.java:262) ~[ozone-manager-1.4.0-SNAPSHOT.jar:?]
	at org.apache.hadoop.ozone.om.OzoneManager.getFileStatus(OzoneManager.java:3513) ~[ozone-manager-1.4.0-SNAPSHOT.jar:?]
	at org.apache.hadoop.ozone.protocolPB.OzoneManagerRequestHandler.getOzoneFileStatus(OzoneManagerRequestHandler.java:973) ~[ozone-manager-1.4.0-SNAPSHOT.jar:?]
	at org.apache.hadoop.ozone.protocolPB.OzoneManagerRequestHandler.handleReadRequest(OzoneManagerRequestHandler.java:252) ~[ozone-manager-1.4.0-SNAPSHOT.jar:?]
	at org.apache.hadoop.ozone.protocolPB.OzoneManagerProtocolServerSideTranslatorPB.submitRequestDirectlyToOM(OzoneManagerProtocolServerSideTranslatorPB.java:274) ~[ozone-manager-1.4.0-SNAPSHOT.jar:?]
	at org.apache.hadoop.ozone.protocolPB.OzoneManagerProtocolServerSideTranslatorPB.processRequest(OzoneManagerProtocolServerSideTranslatorPB.java:175) ~[ozone-manager-1.4.0-SNAPSHOT.jar:?]
	at org.apache.hadoop.hdds.server.OzoneProtocolMessageDispatcher.processRequest(OzoneProtocolMessageDispatcher.java:87) [hdds-server-framework-1.4.0-SNAPSHOT.jar:?]
	at org.apache.hadoop.ozone.protocolPB.OzoneManagerProtocolServerSideTranslatorPB.submitRequest(OzoneManagerProtocolServerSideTranslatorPB.java:148) [ozone-manager-1.4.0-SNAPSHOT.jar:?]
	at org.apache.hadoop.ozone.protocol.proto.OzoneManagerProtocolProtos$OzoneManagerService$2.callBlockingMethod(OzoneManagerProtocolProtos.java) [ozone-interface-client-1.4.0-SNAPSHOT.jar:?]
	at org.apache.hadoop.ipc.ProtobufRpcEngine$Server.processCall(ProtobufRpcEngine.java:484) [hadoop-common-3.3.6.jar:?]
	at org.apache.hadoop.ipc.ProtobufRpcEngine2$Server$ProtoBufRpcInvoker.call(ProtobufRpcEngine2.java:595) [hadoop-common-3.3.6.jar:?]
	at org.apache.hadoop.ipc.ProtobufRpcEngine2$Server$ProtoBufRpcInvoker.call(ProtobufRpcEngine2.java:573) [hadoop-common-3.3.6.jar:?]
	at org.apache.hadoop.ipc.RPC$Server.call(RPC.java:1227) [hadoop-common-3.3.6.jar:?]
	at org.apache.hadoop.ipc.Server$RpcCall.run(Server.java:1094) [hadoop-common-3.3.6.jar:?]
	at org.apache.hadoop.ipc.Server$RpcCall.run(Server.java:1017) [hadoop-common-3.3.6.jar:?]
	at java.security.AccessController.doPrivileged(Native Method) ~[?:1.8.0_382]
	at javax.security.auth.Subject.doAs(Subject.java:422) [?:1.8.0_382]
	at org.apache.hadoop.security.UserGroupInformation.doAs(UserGroupInformation.java:1899) [hadoop-common-3.3.6.jar:?]
	at org.apache.hadoop.ipc.Server$Handler.run(Server.java:3048) [hadoop-common-3.3.6.jar:?]
11:38:01.229 [IPC Server handler 17 on default port 15163] ERROR OMAudit - user=runner | ip=127.0.0.1 | op=GET_FILE_STATUS {volume=volume45503, bucket=bucket29530, key=gdir1/dir5, dataSize=0, replicationConfig=null} | ret=FAILURE
org.apache.hadoop.ozone.om.exceptions.OMException: Unable to get file status: volume: volume45503 bucket: bucket29530 key: gdir1/dir5
	at org.apache.hadoop.ozone.om.KeyManagerImpl.getOzoneFileStatus(KeyManagerImpl.java:1195) ~[ozone-manager-1.4.0-SNAPSHOT.jar:?]
	at org.apache.hadoop.ozone.om.KeyManagerImpl.getFileStatus(KeyManagerImpl.java:1113) ~[ozone-manager-1.4.0-SNAPSHOT.jar:?]
	at org.apache.hadoop.ozone.om.OmMetadataReader.getFileStatus(OmMetadataReader.java:262) ~[ozone-manager-1.4.0-SNAPSHOT.jar:?]
	at org.apache.hadoop.ozone.om.OzoneManager.getFileStatus(OzoneManager.java:3513) ~[ozone-manager-1.4.0-SNAPSHOT.jar:?]
	at org.apache.hadoop.ozone.protocolPB.OzoneManagerRequestHandler.getOzoneFileStatus(OzoneManagerRequestHandler.java:973) ~[ozone-manager-1.4.0-SNAPSHOT.jar:?]
	at org.apache.hadoop.ozone.protocolPB.OzoneManagerRequestHandler.handleReadRequest(OzoneManagerRequestHandler.java:252) ~[ozone-manager-1.4.0-SNAPSHOT.jar:?]
	at org.apache.hadoop.ozone.protocolPB.OzoneManagerProtocolServerSideTranslatorPB.submitRequestDirectlyToOM(OzoneManagerProtocolServerSideTranslatorPB.java:274) ~[ozone-manager-1.4.0-SNAPSHOT.jar:?]
	at org.apache.hadoop.ozone.protocolPB.OzoneManagerProtocolServerSideTranslatorPB.processRequest(OzoneManagerProtocolServerSideTranslatorPB.java:175) ~[ozone-manager-1.4.0-SNAPSHOT.jar:?]
	at org.apache.hadoop.hdds.server.OzoneProtocolMessageDispatcher.processRequest(OzoneProtocolMessageDispatcher.java:87) [hdds-server-framework-1.4.0-SNAPSHOT.jar:?]
	at org.apache.hadoop.ozone.protocolPB.OzoneManagerProtocolServerSideTranslatorPB.submitRequest(OzoneManagerProtocolServerSideTranslatorPB.java:148) [ozone-manager-1.4.0-SNAPSHOT.jar:?]
	at org.apache.hadoop.ozone.protocol.proto.OzoneManagerProtocolProtos$OzoneManagerService$2.callBlockingMethod(OzoneManagerProtocolProtos.java) [ozone-interface-client-1.4.0-SNAPSHOT.jar:?]
	at org.apache.hadoop.ipc.ProtobufRpcEngine$Server.processCall(ProtobufRpcEngine.java:484) [hadoop-common-3.3.6.jar:?]
	at org.apache.hadoop.ipc.ProtobufRpcEngine2$Server$ProtoBufRpcInvoker.call(ProtobufRpcEngine2.java:595) [hadoop-common-3.3.6.jar:?]
	at org.apache.hadoop.ipc.ProtobufRpcEngine2$Server$ProtoBufRpcInvoker.call(ProtobufRpcEngine2.java:573) [hadoop-common-3.3.6.jar:?]
	at org.apache.hadoop.ipc.RPC$Server.call(RPC.java:1227) [hadoop-common-3.3.6.jar:?]
	at org.apache.hadoop.ipc.Server$RpcCall.run(Server.java:1094) [hadoop-common-3.3.6.jar:?]
	at org.apache.hadoop.ipc.Server$RpcCall.run(Server.java:1017) [hadoop-common-3.3.6.jar:?]
	at java.security.AccessController.doPrivileged(Native Method) ~[?:1.8.0_382]
	at javax.security.auth.Subject.doAs(Subject.java:422) [?:1.8.0_382]
	at org.apache.hadoop.security.UserGroupInformation.doAs(UserGroupInformation.java:1899) [hadoop-common-3.3.6.jar:?]
	at org.apache.hadoop.ipc.Server$Handler.run(Server.java:3048) [hadoop-common-3.3.6.jar:?]
11:38:01.230 [IPC Server handler 16 on default port 15163] ERROR OMAudit - user=runner | ip=127.0.0.1 | op=GET_FILE_STATUS {volume=volume45503, bucket=bucket29530, key=gdir1/dir5/child, dataSize=0, replicationConfig=null} | ret=FAILURE
org.apache.hadoop.ozone.om.exceptions.OMException: Unable to get file status: volume: volume45503 bucket: bucket29530 key: gdir1/dir5/child
	at org.apache.hadoop.ozone.om.KeyManagerImpl.getOzoneFileStatus(KeyManagerImpl.java:1195) ~[ozone-manager-1.4.0-SNAPSHOT.jar:?]
	at org.apache.hadoop.ozone.om.KeyManagerImpl.getFileStatus(KeyManagerImpl.java:1113) ~[ozone-manager-1.4.0-SNAPSHOT.jar:?]
	at org.apache.hadoop.ozone.om.OmMetadataReader.getFileStatus(OmMetadataReader.java:262) ~[ozone-manager-1.4.0-SNAPSHOT.jar:?]
	at org.apache.hadoop.ozone.om.OzoneManager.getFileStatus(OzoneManager.java:3513) ~[ozone-manager-1.4.0-SNAPSHOT.jar:?]
	at org.apache.hadoop.ozone.protocolPB.OzoneManagerRequestHandler.getOzoneFileStatus(OzoneManagerRequestHandler.java:973) ~[ozone-manager-1.4.0-SNAPSHOT.jar:?]
	at org.apache.hadoop.ozone.protocolPB.OzoneManagerRequestHandler.handleReadRequest(OzoneManagerRequestHandler.java:252) ~[ozone-manager-1.4.0-SNAPSHOT.jar:?]
	at org.apache.hadoop.ozone.protocolPB.OzoneManagerProtocolServerSideTranslatorPB.submitRequestDirectlyToOM(OzoneManagerProtocolServerSideTranslatorPB.java:274) ~[ozone-manager-1.4.0-SNAPSHOT.jar:?]
	at org.apache.hadoop.ozone.protocolPB.OzoneManagerProtocolServerSideTranslatorPB.processRequest(OzoneManagerProtocolServerSideTranslatorPB.java:175) ~[ozone-manager-1.4.0-SNAPSHOT.jar:?]
	at org.apache.hadoop.hdds.server.OzoneProtocolMessageDispatcher.processRequest(OzoneProtocolMessageDispatcher.java:87) [hdds-server-framework-1.4.0-SNAPSHOT.jar:?]
	at org.apache.hadoop.ozone.protocolPB.OzoneManagerProtocolServerSideTranslatorPB.submitRequest(OzoneManagerProtocolServerSideTranslatorPB.java:148) [ozone-manager-1.4.0-SNAPSHOT.jar:?]
	at org.apache.hadoop.ozone.protocol.proto.OzoneManagerProtocolProtos$OzoneManagerService$2.callBlockingMethod(OzoneManagerProtocolProtos.java) [ozone-interface-client-1.4.0-SNAPSHOT.jar:?]
	at org.apache.hadoop.ipc.ProtobufRpcEngine$Server.processCall(ProtobufRpcEngine.java:484) [hadoop-common-3.3.6.jar:?]
	at org.apache.hadoop.ipc.ProtobufRpcEngine2$Server$ProtoBufRpcInvoker.call(ProtobufRpcEngine2.java:595) [hadoop-common-3.3.6.jar:?]
	at org.apache.hadoop.ipc.ProtobufRpcEngine2$Server$ProtoBufRpcInvoker.call(ProtobufRpcEngine2.java:573) [hadoop-common-3.3.6.jar:?]
	at org.apache.hadoop.ipc.RPC$Server.call(RPC.java:1227) [hadoop-common-3.3.6.jar:?]
	at org.apache.hadoop.ipc.Server$RpcCall.run(Server.java:1094) [hadoop-common-3.3.6.jar:?]
	at org.apache.hadoop.ipc.Server$RpcCall.run(Server.java:1017) [hadoop-common-3.3.6.jar:?]
	at java.security.AccessController.doPrivileged(Native Method) ~[?:1.8.0_382]
	at javax.security.auth.Subject.doAs(Subject.java:422) [?:1.8.0_382]
	at org.apache.hadoop.security.UserGroupInformation.doAs(UserGroupInformation.java:1899) [hadoop-common-3.3.6.jar:?]
	at org.apache.hadoop.ipc.Server$Handler.run(Server.java:3048) [hadoop-common-3.3.6.jar:?]
11:38:01.231 [IPC Server handler 18 on default port 15163] ERROR OMAudit - user=runner | ip=127.0.0.1 | op=GET_FILE_STATUS {volume=volume45503, bucket=bucket29530, key=gdir1/dir6, dataSize=0, replicationConfig=null} | ret=FAILURE
org.apache.hadoop.ozone.om.exceptions.OMException: Unable to get file status: volume: volume45503 bucket: bucket29530 key: gdir1/dir6
	at org.apache.hadoop.ozone.om.KeyManagerImpl.getOzoneFileStatus(KeyManagerImpl.java:1195) ~[ozone-manager-1.4.0-SNAPSHOT.jar:?]
	at org.apache.hadoop.ozone.om.KeyManagerImpl.getFileStatus(KeyManagerImpl.java:1113) ~[ozone-manager-1.4.0-SNAPSHOT.jar:?]
	at org.apache.hadoop.ozone.om.OmMetadataReader.getFileStatus(OmMetadataReader.java:262) ~[ozone-manager-1.4.0-SNAPSHOT.jar:?]
	at org.apache.hadoop.ozone.om.OzoneManager.getFileStatus(OzoneManager.java:3513) ~[ozone-manager-1.4.0-SNAPSHOT.jar:?]
	at org.apache.hadoop.ozone.protocolPB.OzoneManagerRequestHandler.getOzoneFileStatus(OzoneManagerRequestHandler.java:973) ~[ozone-manager-1.4.0-SNAPSHOT.jar:?]
	at org.apache.hadoop.ozone.protocolPB.OzoneManagerRequestHandler.handleReadRequest(OzoneManagerRequestHandler.java:252) ~[ozone-manager-1.4.0-SNAPSHOT.jar:?]
	at org.apache.hadoop.ozone.protocolPB.OzoneManagerProtocolServerSideTranslatorPB.submitRequestDirectlyToOM(OzoneManagerProtocolServerSideTranslatorPB.java:274) ~[ozone-manager-1.4.0-SNAPSHOT.jar:?]
	at org.apache.hadoop.ozone.protocolPB.OzoneManagerProtocolServerSideTranslatorPB.processRequest(OzoneManagerProtocolServerSideTranslatorPB.java:175) ~[ozone-manager-1.4.0-SNAPSHOT.jar:?]
	at org.apache.hadoop.hdds.server.OzoneProtocolMessageDispatcher.processRequest(OzoneProtocolMessageDispatcher.java:87) [hdds-server-framework-1.4.0-SNAPSHOT.jar:?]
	at org.apache.hadoop.ozone.protocolPB.OzoneManagerProtocolServerSideTranslatorPB.submitRequest(OzoneManagerProtocolServerSideTranslatorPB.java:148) [ozone-manager-1.4.0-SNAPSHOT.jar:?]
	at org.apache.hadoop.ozone.protocol.proto.OzoneManagerProtocolProtos$OzoneManagerService$2.callBlockingMethod(OzoneManagerProtocolProtos.java) [ozone-interface-client-1.4.0-SNAPSHOT.jar:?]
	at org.apache.hadoop.ipc.ProtobufRpcEngine$Server.processCall(ProtobufRpcEngine.java:484) [hadoop-common-3.3.6.jar:?]
	at org.apache.hadoop.ipc.ProtobufRpcEngine2$Server$ProtoBufRpcInvoker.call(ProtobufRpcEngine2.java:595) [hadoop-common-3.3.6.jar:?]
	at org.apache.hadoop.ipc.ProtobufRpcEngine2$Server$ProtoBufRpcInvoker.call(ProtobufRpcEngine2.java:573) [hadoop-common-3.3.6.jar:?]
	at org.apache.hadoop.ipc.RPC$Server.call(RPC.java:1227) [hadoop-common-3.3.6.jar:?]
	at org.apache.hadoop.ipc.Server$RpcCall.run(Server.java:1094) [hadoop-common-3.3.6.jar:?]
	at org.apache.hadoop.ipc.Server$RpcCall.run(Server.java:1017) [hadoop-common-3.3.6.jar:?]
	at java.security.AccessController.doPrivileged(Native Method) ~[?:1.8.0_382]
	at javax.security.auth.Subject.doAs(Subject.java:422) [?:1.8.0_382]
	at org.apache.hadoop.security.UserGroupInformation.doAs(UserGroupInformation.java:1899) [hadoop-common-3.3.6.jar:?]
	at org.apache.hadoop.ipc.Server$Handler.run(Server.java:3048) [hadoop-common-3.3.6.jar:?]
11:38:01.232 [IPC Server handler 11 on default port 15163] ERROR OMAudit - user=runner | ip=127.0.0.1 | op=GET_FILE_STATUS {volume=volume45503, bucket=bucket29530, key=gdir1/dir6/child, dataSize=0, replicationConfig=null} | ret=FAILURE
org.apache.hadoop.ozone.om.exceptions.OMException: Unable to get file status: volume: volume45503 bucket: bucket29530 key: gdir1/dir6/child
	at org.apache.hadoop.ozone.om.KeyManagerImpl.getOzoneFileStatus(KeyManagerImpl.java:1195) ~[ozone-manager-1.4.0-SNAPSHOT.jar:?]
	at org.apache.hadoop.ozone.om.KeyManagerImpl.getFileStatus(KeyManagerImpl.java:1113) ~[ozone-manager-1.4.0-SNAPSHOT.jar:?]
	at org.apache.hadoop.ozone.om.OmMetadataReader.getFileStatus(OmMetadataReader.java:262) ~[ozone-manager-1.4.0-SNAPSHOT.jar:?]
	at org.apache.hadoop.ozone.om.OzoneManager.getFileStatus(OzoneManager.java:3513) ~[ozone-manager-1.4.0-SNAPSHOT.jar:?]
	at org.apache.hadoop.ozone.protocolPB.OzoneManagerRequestHandler.getOzoneFileStatus(OzoneManagerRequestHandler.java:973) ~[ozone-manager-1.4.0-SNAPSHOT.jar:?]
	at org.apache.hadoop.ozone.protocolPB.OzoneManagerRequestHandler.handleReadRequest(OzoneManagerRequestHandler.java:252) ~[ozone-manager-1.4.0-SNAPSHOT.jar:?]
	at org.apache.hadoop.ozone.protocolPB.OzoneManagerProtocolServerSideTranslatorPB.submitRequestDirectlyToOM(OzoneManagerProtocolServerSideTranslatorPB.java:274) ~[ozone-manager-1.4.0-SNAPSHOT.jar:?]
	at org.apache.hadoop.ozone.protocolPB.OzoneManagerProtocolServerSideTranslatorPB.processRequest(OzoneManagerProtocolServerSideTranslatorPB.java:175) ~[ozone-manager-1.4.0-SNAPSHOT.jar:?]
	at org.apache.hadoop.hdds.server.OzoneProtocolMessageDispatcher.processRequest(OzoneProtocolMessageDispatcher.java:87) [hdds-server-framework-1.4.0-SNAPSHOT.jar:?]
	at org.apache.hadoop.ozone.protocolPB.OzoneManagerProtocolServerSideTranslatorPB.submitRequest(OzoneManagerProtocolServerSideTranslatorPB.java:148) [ozone-manager-1.4.0-SNAPSHOT.jar:?]
	at org.apache.hadoop.ozone.protocol.proto.OzoneManagerProtocolProtos$OzoneManagerService$2.callBlockingMethod(OzoneManagerProtocolProtos.java) [ozone-interface-client-1.4.0-SNAPSHOT.jar:?]
	at org.apache.hadoop.ipc.ProtobufRpcEngine$Server.processCall(ProtobufRpcEngine.java:484) [hadoop-common-3.3.6.jar:?]
	at org.apache.hadoop.ipc.ProtobufRpcEngine2$Server$ProtoBufRpcInvoker.call(ProtobufRpcEngine2.java:595) [hadoop-common-3.3.6.jar:?]
	at org.apache.hadoop.ipc.ProtobufRpcEngine2$Server$ProtoBufRpcInvoker.call(ProtobufRpcEngine2.java:573) [hadoop-common-3.3.6.jar:?]
	at org.apache.hadoop.ipc.RPC$Server.call(RPC.java:1227) [hadoop-common-3.3.6.jar:?]
	at org.apache.hadoop.ipc.Server$RpcCall.run(Server.java:1094) [hadoop-common-3.3.6.jar:?]
	at org.apache.hadoop.ipc.Server$RpcCall.run(Server.java:1017) [hadoop-common-3.3.6.jar:?]
	at java.security.AccessController.doPrivileged(Native Method) ~[?:1.8.0_382]
	at javax.security.auth.Subject.doAs(Subject.java:422) [?:1.8.0_382]
	at org.apache.hadoop.security.UserGroupInformation.doAs(UserGroupInformation.java:1899) [hadoop-common-3.3.6.jar:?]
	at org.apache.hadoop.ipc.Server$Handler.run(Server.java:3048) [hadoop-common-3.3.6.jar:?]
11:38:01.233 [IPC Server handler 10 on default port 15163] ERROR OMAudit - user=runner | ip=127.0.0.1 | op=GET_FILE_STATUS {volume=volume45503, bucket=bucket29530, key=gdir1/dir7, dataSize=0, replicationConfig=null} | ret=FAILURE
org.apache.hadoop.ozone.om.exceptions.OMException: Unable to get file status: volume: volume45503 bucket: bucket29530 key: gdir1/dir7
	at org.apache.hadoop.ozone.om.KeyManagerImpl.getOzoneFileStatus(KeyManagerImpl.java:1195) ~[ozone-manager-1.4.0-SNAPSHOT.jar:?]
	at org.apache.hadoop.ozone.om.KeyManagerImpl.getFileStatus(KeyManagerImpl.java:1113) ~[ozone-manager-1.4.0-SNAPSHOT.jar:?]
	at org.apache.hadoop.ozone.om.OmMetadataReader.getFileStatus(OmMetadataReader.java:262) ~[ozone-manager-1.4.0-SNAPSHOT.jar:?]
	at org.apache.hadoop.ozone.om.OzoneManager.getFileStatus(OzoneManager.java:3513) ~[ozone-manager-1.4.0-SNAPSHOT.jar:?]
	at org.apache.hadoop.ozone.protocolPB.OzoneManagerRequestHandler.getOzoneFileStatus(OzoneManagerRequestHandler.java:973) ~[ozone-manager-1.4.0-SNAPSHOT.jar:?]
	at org.apache.hadoop.ozone.protocolPB.OzoneManagerRequestHandler.handleReadRequest(OzoneManagerRequestHandler.java:252) ~[ozone-manager-1.4.0-SNAPSHOT.jar:?]
	at org.apache.hadoop.ozone.protocolPB.OzoneManagerProtocolServerSideTranslatorPB.submitRequestDirectlyToOM(OzoneManagerProtocolServerSideTranslatorPB.java:274) ~[ozone-manager-1.4.0-SNAPSHOT.jar:?]
	at org.apache.hadoop.ozone.protocolPB.OzoneManagerProtocolServerSideTranslatorPB.processRequest(OzoneManagerProtocolServerSideTranslatorPB.java:175) ~[ozone-manager-1.4.0-SNAPSHOT.jar:?]
	at org.apache.hadoop.hdds.server.OzoneProtocolMessageDispatcher.processRequest(OzoneProtocolMessageDispatcher.java:87) [hdds-server-framework-1.4.0-SNAPSHOT.jar:?]
	at org.apache.hadoop.ozone.protocolPB.OzoneManagerProtocolServerSideTranslatorPB.submitRequest(OzoneManagerProtocolServerSideTranslatorPB.java:148) [ozone-manager-1.4.0-SNAPSHOT.jar:?]
	at org.apache.hadoop.ozone.protocol.proto.OzoneManagerProtocolProtos$OzoneManagerService$2.callBlockingMethod(OzoneManagerProtocolProtos.java) [ozone-interface-client-1.4.0-SNAPSHOT.jar:?]
	at org.apache.hadoop.ipc.ProtobufRpcEngine$Server.processCall(ProtobufRpcEngine.java:484) [hadoop-common-3.3.6.jar:?]
	at org.apache.hadoop.ipc.ProtobufRpcEngine2$Server$ProtoBufRpcInvoker.call(ProtobufRpcEngine2.java:595) [hadoop-common-3.3.6.jar:?]
	at org.apache.hadoop.ipc.ProtobufRpcEngine2$Server$ProtoBufRpcInvoker.call(ProtobufRpcEngine2.java:573) [hadoop-common-3.3.6.jar:?]
	at org.apache.hadoop.ipc.RPC$Server.call(RPC.java:1227) [hadoop-common-3.3.6.jar:?]
	at org.apache.hadoop.ipc.Server$RpcCall.run(Server.java:1094) [hadoop-common-3.3.6.jar:?]
	at org.apache.hadoop.ipc.Server$RpcCall.run(Server.java:1017) [hadoop-common-3.3.6.jar:?]
	at java.security.AccessController.doPrivileged(Native Method) ~[?:1.8.0_382]
	at javax.security.auth.Subject.doAs(Subject.java:422) [?:1.8.0_382]
	at org.apache.hadoop.security.UserGroupInformation.doAs(UserGroupInformation.java:1899) [hadoop-common-3.3.6.jar:?]
	at org.apache.hadoop.ipc.Server$Handler.run(Server.java:3048) [hadoop-common-3.3.6.jar:?]
11:38:01.234 [IPC Server handler 12 on default port 15163] ERROR OMAudit - user=runner | ip=127.0.0.1 | op=GET_FILE_STATUS {volume=volume45503, bucket=bucket29530, key=gdir1/dir7/child, dataSize=0, replicationConfig=null} | ret=FAILURE
org.apache.hadoop.ozone.om.exceptions.OMException: Unable to get file status: volume: volume45503 bucket: bucket29530 key: gdir1/dir7/child
	at org.apache.hadoop.ozone.om.KeyManagerImpl.getOzoneFileStatus(KeyManagerImpl.java:1195) ~[ozone-manager-1.4.0-SNAPSHOT.jar:?]
	at org.apache.hadoop.ozone.om.KeyManagerImpl.getFileStatus(KeyManagerImpl.java:1113) ~[ozone-manager-1.4.0-SNAPSHOT.jar:?]
	at org.apache.hadoop.ozone.om.OmMetadataReader.getFileStatus(OmMetadataReader.java:262) ~[ozone-manager-1.4.0-SNAPSHOT.jar:?]
	at org.apache.hadoop.ozone.om.OzoneManager.getFileStatus(OzoneManager.java:3513) ~[ozone-manager-1.4.0-SNAPSHOT.jar:?]
	at org.apache.hadoop.ozone.protocolPB.OzoneManagerRequestHandler.getOzoneFileStatus(OzoneManagerRequestHandler.java:973) ~[ozone-manager-1.4.0-SNAPSHOT.jar:?]
	at org.apache.hadoop.ozone.protocolPB.OzoneManagerRequestHandler.handleReadRequest(OzoneManagerRequestHandler.java:252) ~[ozone-manager-1.4.0-SNAPSHOT.jar:?]
	at org.apache.hadoop.ozone.protocolPB.OzoneManagerProtocolServerSideTranslatorPB.submitRequestDirectlyToOM(OzoneManagerProtocolServerSideTranslatorPB.java:274) ~[ozone-manager-1.4.0-SNAPSHOT.jar:?]
	at org.apache.hadoop.ozone.protocolPB.OzoneManagerProtocolServerSideTranslatorPB.processRequest(OzoneManagerProtocolServerSideTranslatorPB.java:175) ~[ozone-manager-1.4.0-SNAPSHOT.jar:?]
	at org.apache.hadoop.hdds.server.OzoneProtocolMessageDispatcher.processRequest(OzoneProtocolMessageDispatcher.java:87) [hdds-server-framework-1.4.0-SNAPSHOT.jar:?]
	at org.apache.hadoop.ozone.protocolPB.OzoneManagerProtocolServerSideTranslatorPB.submitRequest(OzoneManagerProtocolServerSideTranslatorPB.java:148) [ozone-manager-1.4.0-SNAPSHOT.jar:?]
	at org.apache.hadoop.ozone.protocol.proto.OzoneManagerProtocolProtos$OzoneManagerService$2.callBlockingMethod(OzoneManagerProtocolProtos.java) [ozone-interface-client-1.4.0-SNAPSHOT.jar:?]
	at org.apache.hadoop.ipc.ProtobufRpcEngine$Server.processCall(ProtobufRpcEngine.java:484) [hadoop-common-3.3.6.jar:?]
	at org.apache.hadoop.ipc.ProtobufRpcEngine2$Server$ProtoBufRpcInvoker.call(ProtobufRpcEngine2.java:595) [hadoop-common-3.3.6.jar:?]
	at org.apache.hadoop.ipc.ProtobufRpcEngine2$Server$ProtoBufRpcInvoker.call(ProtobufRpcEngine2.java:573) [hadoop-common-3.3.6.jar:?]
	at org.apache.hadoop.ipc.RPC$Server.call(RPC.java:1227) [hadoop-common-3.3.6.jar:?]
	at org.apache.hadoop.ipc.Server$RpcCall.run(Server.java:1094) [hadoop-common-3.3.6.jar:?]
	at org.apache.hadoop.ipc.Server$RpcCall.run(Server.java:1017) [hadoop-common-3.3.6.jar:?]
	at java.security.AccessController.doPrivileged(Native Method) ~[?:1.8.0_382]
	at javax.security.auth.Subject.doAs(Subject.java:422) [?:1.8.0_382]
	at org.apache.hadoop.security.UserGroupInformation.doAs(UserGroupInformation.java:1899) [hadoop-common-3.3.6.jar:?]
	at org.apache.hadoop.ipc.Server$Handler.run(Server.java:3048) [hadoop-common-3.3.6.jar:?]
11:38:01.235 [IPC Server handler 9 on default port 15163] ERROR OMAudit - user=runner | ip=127.0.0.1 | op=GET_FILE_STATUS {volume=volume45503, bucket=bucket29530, key=gdir1/dir8, dataSize=0, replicationConfig=null} | ret=FAILURE
org.apache.hadoop.ozone.om.exceptions.OMException: Unable to get file status: volume: volume45503 bucket: bucket29530 key: gdir1/dir8
	at org.apache.hadoop.ozone.om.KeyManagerImpl.getOzoneFileStatus(KeyManagerImpl.java:1195) ~[ozone-manager-1.4.0-SNAPSHOT.jar:?]
	at org.apache.hadoop.ozone.om.KeyManagerImpl.getFileStatus(KeyManagerImpl.java:1113) ~[ozone-manager-1.4.0-SNAPSHOT.jar:?]
	at org.apache.hadoop.ozone.om.OmMetadataReader.getFileStatus(OmMetadataReader.java:262) ~[ozone-manager-1.4.0-SNAPSHOT.jar:?]
	at org.apache.hadoop.ozone.om.OzoneManager.getFileStatus(OzoneManager.java:3513) ~[ozone-manager-1.4.0-SNAPSHOT.jar:?]
	at org.apache.hadoop.ozone.protocolPB.OzoneManagerRequestHandler.getOzoneFileStatus(OzoneManagerRequestHandler.java:973) ~[ozone-manager-1.4.0-SNAPSHOT.jar:?]
	at org.apache.hadoop.ozone.protocolPB.OzoneManagerRequestHandler.handleReadRequest(OzoneManagerRequestHandler.java:252) ~[ozone-manager-1.4.0-SNAPSHOT.jar:?]
	at org.apache.hadoop.ozone.protocolPB.OzoneManagerProtocolServerSideTranslatorPB.submitRequestDirectlyToOM(OzoneManagerProtocolServerSideTranslatorPB.java:274) ~[ozone-manager-1.4.0-SNAPSHOT.jar:?]
	at org.apache.hadoop.ozone.protocolPB.OzoneManagerProtocolServerSideTranslatorPB.processRequest(OzoneManagerProtocolServerSideTranslatorPB.java:175) ~[ozone-manager-1.4.0-SNAPSHOT.jar:?]
	at org.apache.hadoop.hdds.server.OzoneProtocolMessageDispatcher.processRequest(OzoneProtocolMessageDispatcher.java:87) [hdds-server-framework-1.4.0-SNAPSHOT.jar:?]
	at org.apache.hadoop.ozone.protocolPB.OzoneManagerProtocolServerSideTranslatorPB.submitRequest(OzoneManagerProtocolServerSideTranslatorPB.java:148) [ozone-manager-1.4.0-SNAPSHOT.jar:?]
	at org.apache.hadoop.ozone.protocol.proto.OzoneManagerProtocolProtos$OzoneManagerService$2.callBlockingMethod(OzoneManagerProtocolProtos.java) [ozone-interface-client-1.4.0-SNAPSHOT.jar:?]
	at org.apache.hadoop.ipc.ProtobufRpcEngine$Server.processCall(ProtobufRpcEngine.java:484) [hadoop-common-3.3.6.jar:?]
	at org.apache.hadoop.ipc.ProtobufRpcEngine2$Server$ProtoBufRpcInvoker.call(ProtobufRpcEngine2.java:595) [hadoop-common-3.3.6.jar:?]
	at org.apache.hadoop.ipc.ProtobufRpcEngine2$Server$ProtoBufRpcInvoker.call(ProtobufRpcEngine2.java:573) [hadoop-common-3.3.6.jar:?]
	at org.apache.hadoop.ipc.RPC$Server.call(RPC.java:1227) [hadoop-common-3.3.6.jar:?]
	at org.apache.hadoop.ipc.Server$RpcCall.run(Server.java:1094) [hadoop-common-3.3.6.jar:?]
	at org.apache.hadoop.ipc.Server$RpcCall.run(Server.java:1017) [hadoop-common-3.3.6.jar:?]
	at java.security.AccessController.doPrivileged(Native Method) ~[?:1.8.0_382]
	at javax.security.auth.Subject.doAs(Subject.java:422) [?:1.8.0_382]
	at org.apache.hadoop.security.UserGroupInformation.doAs(UserGroupInformation.java:1899) [hadoop-common-3.3.6.jar:?]
	at org.apache.hadoop.ipc.Server$Handler.run(Server.java:3048) [hadoop-common-3.3.6.jar:?]
11:38:01.237 [IPC Server handler 7 on default port 15163] ERROR OMAudit - user=runner | ip=127.0.0.1 | op=GET_FILE_STATUS {volume=volume45503, bucket=bucket29530, key=gdir1/dir8/child, dataSize=0, replicationConfig=null} | ret=FAILURE
org.apache.hadoop.ozone.om.exceptions.OMException: Unable to get file status: volume: volume45503 bucket: bucket29530 key: gdir1/dir8/child
	at org.apache.hadoop.ozone.om.KeyManagerImpl.getOzoneFileStatus(KeyManagerImpl.java:1195) ~[ozone-manager-1.4.0-SNAPSHOT.jar:?]
	at org.apache.hadoop.ozone.om.KeyManagerImpl.getFileStatus(KeyManagerImpl.java:1113) ~[ozone-manager-1.4.0-SNAPSHOT.jar:?]
	at org.apache.hadoop.ozone.om.OmMetadataReader.getFileStatus(OmMetadataReader.java:262) ~[ozone-manager-1.4.0-SNAPSHOT.jar:?]
	at org.apache.hadoop.ozone.om.OzoneManager.getFileStatus(OzoneManager.java:3513) ~[ozone-manager-1.4.0-SNAPSHOT.jar:?]
	at org.apache.hadoop.ozone.protocolPB.OzoneManagerRequestHandler.getOzoneFileStatus(OzoneManagerRequestHandler.java:973) ~[ozone-manager-1.4.0-SNAPSHOT.jar:?]
	at org.apache.hadoop.ozone.protocolPB.OzoneManagerRequestHandler.handleReadRequest(OzoneManagerRequestHandler.java:252) ~[ozone-manager-1.4.0-SNAPSHOT.jar:?]
	at org.apache.hadoop.ozone.protocolPB.OzoneManagerProtocolServerSideTranslatorPB.submitRequestDirectlyToOM(OzoneManagerProtocolServerSideTranslatorPB.java:274) ~[ozone-manager-1.4.0-SNAPSHOT.jar:?]
	at org.apache.hadoop.ozone.protocolPB.OzoneManagerProtocolServerSideTranslatorPB.processRequest(OzoneManagerProtocolServerSideTranslatorPB.java:175) ~[ozone-manager-1.4.0-SNAPSHOT.jar:?]
	at org.apache.hadoop.hdds.server.OzoneProtocolMessageDispatcher.processRequest(OzoneProtocolMessageDispatcher.java:87) [hdds-server-framework-1.4.0-SNAPSHOT.jar:?]
	at org.apache.hadoop.ozone.protocolPB.OzoneManagerProtocolServerSideTranslatorPB.submitRequest(OzoneManagerProtocolServerSideTranslatorPB.java:148) [ozone-manager-1.4.0-SNAPSHOT.jar:?]
	at org.apache.hadoop.ozone.protocol.proto.OzoneManagerProtocolProtos$OzoneManagerService$2.callBlockingMethod(OzoneManagerProtocolProtos.java) [ozone-interface-client-1.4.0-SNAPSHOT.jar:?]
	at org.apache.hadoop.ipc.ProtobufRpcEngine$Server.processCall(ProtobufRpcEngine.java:484) [hadoop-common-3.3.6.jar:?]
	at org.apache.hadoop.ipc.ProtobufRpcEngine2$Server$ProtoBufRpcInvoker.call(ProtobufRpcEngine2.java:595) [hadoop-common-3.3.6.jar:?]
	at org.apache.hadoop.ipc.ProtobufRpcEngine2$Server$ProtoBufRpcInvoker.call(ProtobufRpcEngine2.java:573) [hadoop-common-3.3.6.jar:?]
	at org.apache.hadoop.ipc.RPC$Server.call(RPC.java:1227) [hadoop-common-3.3.6.jar:?]
	at org.apache.hadoop.ipc.Server$RpcCall.run(Server.java:1094) [hadoop-common-3.3.6.jar:?]
	at org.apache.hadoop.ipc.Server$RpcCall.run(Server.java:1017) [hadoop-common-3.3.6.jar:?]
	at java.security.AccessController.doPrivileged(Native Method) ~[?:1.8.0_382]
	at javax.security.auth.Subject.doAs(Subject.java:422) [?:1.8.0_382]
	at org.apache.hadoop.security.UserGroupInformation.doAs(UserGroupInformation.java:1899) [hadoop-common-3.3.6.jar:?]
	at org.apache.hadoop.ipc.Server$Handler.run(Server.java:3048) [hadoop-common-3.3.6.jar:?]
11:38:01.239 [IPC Server handler 8 on default port 15163] ERROR OMAudit - user=runner | ip=127.0.0.1 | op=GET_FILE_STATUS {volume=volume45503, bucket=bucket29530, key=gdir1/dir9, dataSize=0, replicationConfig=null} | ret=FAILURE
org.apache.hadoop.ozone.om.exceptions.OMException: Unable to get file status: volume: volume45503 bucket: bucket29530 key: gdir1/dir9
	at org.apache.hadoop.ozone.om.KeyManagerImpl.getOzoneFileStatus(KeyManagerImpl.java:1195) ~[ozone-manager-1.4.0-SNAPSHOT.jar:?]
	at org.apache.hadoop.ozone.om.KeyManagerImpl.getFileStatus(KeyManagerImpl.java:1113) ~[ozone-manager-1.4.0-SNAPSHOT.jar:?]
	at org.apache.hadoop.ozone.om.OmMetadataReader.getFileStatus(OmMetadataReader.java:262) ~[ozone-manager-1.4.0-SNAPSHOT.jar:?]
	at org.apache.hadoop.ozone.om.OzoneManager.getFileStatus(OzoneManager.java:3513) ~[ozone-manager-1.4.0-SNAPSHOT.jar:?]
	at org.apache.hadoop.ozone.protocolPB.OzoneManagerRequestHandler.getOzoneFileStatus(OzoneManagerRequestHandler.java:973) ~[ozone-manager-1.4.0-SNAPSHOT.jar:?]
	at org.apache.hadoop.ozone.protocolPB.OzoneManagerRequestHandler.handleReadRequest(OzoneManagerRequestHandler.java:252) ~[ozone-manager-1.4.0-SNAPSHOT.jar:?]
	at org.apache.hadoop.ozone.protocolPB.OzoneManagerProtocolServerSideTranslatorPB.submitRequestDirectlyToOM(OzoneManagerProtocolServerSideTranslatorPB.java:274) ~[ozone-manager-1.4.0-SNAPSHOT.jar:?]
	at org.apache.hadoop.ozone.protocolPB.OzoneManagerProtocolServerSideTranslatorPB.processRequest(OzoneManagerProtocolServerSideTranslatorPB.java:175) ~[ozone-manager-1.4.0-SNAPSHOT.jar:?]
	at org.apache.hadoop.hdds.server.OzoneProtocolMessageDispatcher.processRequest(OzoneProtocolMessageDispatcher.java:87) [hdds-server-framework-1.4.0-SNAPSHOT.jar:?]
	at org.apache.hadoop.ozone.protocolPB.OzoneManagerProtocolServerSideTranslatorPB.submitRequest(OzoneManagerProtocolServerSideTranslatorPB.java:148) [ozone-manager-1.4.0-SNAPSHOT.jar:?]
	at org.apache.hadoop.ozone.protocol.proto.OzoneManagerProtocolProtos$OzoneManagerService$2.callBlockingMethod(OzoneManagerProtocolProtos.java) [ozone-interface-client-1.4.0-SNAPSHOT.jar:?]
	at org.apache.hadoop.ipc.ProtobufRpcEngine$Server.processCall(ProtobufRpcEngine.java:484) [hadoop-common-3.3.6.jar:?]
	at org.apache.hadoop.ipc.ProtobufRpcEngine2$Server$ProtoBufRpcInvoker.call(ProtobufRpcEngine2.java:595) [hadoop-common-3.3.6.jar:?]
	at org.apache.hadoop.ipc.ProtobufRpcEngine2$Server$ProtoBufRpcInvoker.call(ProtobufRpcEngine2.java:573) [hadoop-common-3.3.6.jar:?]
	at org.apache.hadoop.ipc.RPC$Server.call(RPC.java:1227) [hadoop-common-3.3.6.jar:?]
	at org.apache.hadoop.ipc.Server$RpcCall.run(Server.java:1094) [hadoop-common-3.3.6.jar:?]
	at org.apache.hadoop.ipc.Server$RpcCall.run(Server.java:1017) [hadoop-common-3.3.6.jar:?]
	at java.security.AccessController.doPrivileged(Native Method) ~[?:1.8.0_382]
	at javax.security.auth.Subject.doAs(Subject.java:422) [?:1.8.0_382]
	at org.apache.hadoop.security.UserGroupInformation.doAs(UserGroupInformation.java:1899) [hadoop-common-3.3.6.jar:?]
	at org.apache.hadoop.ipc.Server$Handler.run(Server.java:3048) [hadoop-common-3.3.6.jar:?]
11:38:01.240 [IPC Server handler 4 on default port 15163] ERROR OMAudit - user=runner | ip=127.0.0.1 | op=GET_FILE_STATUS {volume=volume45503, bucket=bucket29530, key=gdir1/dir9/child, dataSize=0, replicationConfig=null} | ret=FAILURE
org.apache.hadoop.ozone.om.exceptions.OMException: Unable to get file status: volume: volume45503 bucket: bucket29530 key: gdir1/dir9/child
	at org.apache.hadoop.ozone.om.KeyManagerImpl.getOzoneFileStatus(KeyManagerImpl.java:1195) ~[ozone-manager-1.4.0-SNAPSHOT.jar:?]
	at org.apache.hadoop.ozone.om.KeyManagerImpl.getFileStatus(KeyManagerImpl.java:1113) ~[ozone-manager-1.4.0-SNAPSHOT.jar:?]
	at org.apache.hadoop.ozone.om.OmMetadataReader.getFileStatus(OmMetadataReader.java:262) ~[ozone-manager-1.4.0-SNAPSHOT.jar:?]
	at org.apache.hadoop.ozone.om.OzoneManager.getFileStatus(OzoneManager.java:3513) ~[ozone-manager-1.4.0-SNAPSHOT.jar:?]
	at org.apache.hadoop.ozone.protocolPB.OzoneManagerRequestHandler.getOzoneFileStatus(OzoneManagerRequestHandler.java:973) ~[ozone-manager-1.4.0-SNAPSHOT.jar:?]
	at org.apache.hadoop.ozone.protocolPB.OzoneManagerRequestHandler.handleReadRequest(OzoneManagerRequestHandler.java:252) ~[ozone-manager-1.4.0-SNAPSHOT.jar:?]
	at org.apache.hadoop.ozone.protocolPB.OzoneManagerProtocolServerSideTranslatorPB.submitRequestDirectlyToOM(OzoneManagerProtocolServerSideTranslatorPB.java:274) ~[ozone-manager-1.4.0-SNAPSHOT.jar:?]
	at org.apache.hadoop.ozone.protocolPB.OzoneManagerProtocolServerSideTranslatorPB.processRequest(OzoneManagerProtocolServerSideTranslatorPB.java:175) ~[ozone-manager-1.4.0-SNAPSHOT.jar:?]
	at org.apache.hadoop.hdds.server.OzoneProtocolMessageDispatcher.processRequest(OzoneProtocolMessageDispatcher.java:87) [hdds-server-framework-1.4.0-SNAPSHOT.jar:?]
	at org.apache.hadoop.ozone.protocolPB.OzoneManagerProtocolServerSideTranslatorPB.submitRequest(OzoneManagerProtocolServerSideTranslatorPB.java:148) [ozone-manager-1.4.0-SNAPSHOT.jar:?]
	at org.apache.hadoop.ozone.protocol.proto.OzoneManagerProtocolProtos$OzoneManagerService$2.callBlockingMethod(OzoneManagerProtocolProtos.java) [ozone-interface-client-1.4.0-SNAPSHOT.jar:?]
	at org.apache.hadoop.ipc.ProtobufRpcEngine$Server.processCall(ProtobufRpcEngine.java:484) [hadoop-common-3.3.6.jar:?]
	at org.apache.hadoop.ipc.ProtobufRpcEngine2$Server$ProtoBufRpcInvoker.call(ProtobufRpcEngine2.java:595) [hadoop-common-3.3.6.jar:?]
	at org.apache.hadoop.ipc.ProtobufRpcEngine2$Server$ProtoBufRpcInvoker.call(ProtobufRpcEngine2.java:573) [hadoop-common-3.3.6.jar:?]
	at org.apache.hadoop.ipc.RPC$Server.call(RPC.java:1227) [hadoop-common-3.3.6.jar:?]
	at org.apache.hadoop.ipc.Server$RpcCall.run(Server.java:1094) [hadoop-common-3.3.6.jar:?]
	at org.apache.hadoop.ipc.Server$RpcCall.run(Server.java:1017) [hadoop-common-3.3.6.jar:?]
	at java.security.AccessController.doPrivileged(Native Method) ~[?:1.8.0_382]
	at javax.security.auth.Subject.doAs(Subject.java:422) [?:1.8.0_382]
	at org.apache.hadoop.security.UserGroupInformation.doAs(UserGroupInformation.java:1899) [hadoop-common-3.3.6.jar:?]
	at org.apache.hadoop.ipc.Server$Handler.run(Server.java:3048) [hadoop-common-3.3.6.jar:?]
11:38:01.241 [IPC Server handler 6 on default port 15163] ERROR OMAudit - user=runner | ip=127.0.0.1 | op=GET_FILE_STATUS {volume=volume45503, bucket=bucket29530, key=gdir1/dir10, dataSize=0, replicationConfig=null} | ret=FAILURE
org.apache.hadoop.ozone.om.exceptions.OMException: Unable to get file status: volume: volume45503 bucket: bucket29530 key: gdir1/dir10
	at org.apache.hadoop.ozone.om.KeyManagerImpl.getOzoneFileStatus(KeyManagerImpl.java:1195) ~[ozone-manager-1.4.0-SNAPSHOT.jar:?]
	at org.apache.hadoop.ozone.om.KeyManagerImpl.getFileStatus(KeyManagerImpl.java:1113) ~[ozone-manager-1.4.0-SNAPSHOT.jar:?]
	at org.apache.hadoop.ozone.om.OmMetadataReader.getFileStatus(OmMetadataReader.java:262) ~[ozone-manager-1.4.0-SNAPSHOT.jar:?]
	at org.apache.hadoop.ozone.om.OzoneManager.getFileStatus(OzoneManager.java:3513) ~[ozone-manager-1.4.0-SNAPSHOT.jar:?]
	at org.apache.hadoop.ozone.protocolPB.OzoneManagerRequestHandler.getOzoneFileStatus(OzoneManagerRequestHandler.java:973) ~[ozone-manager-1.4.0-SNAPSHOT.jar:?]
	at org.apache.hadoop.ozone.protocolPB.OzoneManagerRequestHandler.handleReadRequest(OzoneManagerRequestHandler.java:252) ~[ozone-manager-1.4.0-SNAPSHOT.jar:?]
	at org.apache.hadoop.ozone.protocolPB.OzoneManagerProtocolServerSideTranslatorPB.submitRequestDirectlyToOM(OzoneManagerProtocolServerSideTranslatorPB.java:274) ~[ozone-manager-1.4.0-SNAPSHOT.jar:?]
	at org.apache.hadoop.ozone.protocolPB.OzoneManagerProtocolServerSideTranslatorPB.processRequest(OzoneManagerProtocolServerSideTranslatorPB.java:175) ~[ozone-manager-1.4.0-SNAPSHOT.jar:?]
	at org.apache.hadoop.hdds.server.OzoneProtocolMessageDispatcher.processRequest(OzoneProtocolMessageDispatcher.java:87) [hdds-server-framework-1.4.0-SNAPSHOT.jar:?]
	at org.apache.hadoop.ozone.protocolPB.OzoneManagerProtocolServerSideTranslatorPB.submitRequest(OzoneManagerProtocolServerSideTranslatorPB.java:148) [ozone-manager-1.4.0-SNAPSHOT.jar:?]
	at org.apache.hadoop.ozone.protocol.proto.OzoneManagerProtocolProtos$OzoneManagerService$2.callBlockingMethod(OzoneManagerProtocolProtos.java) [ozone-interface-client-1.4.0-SNAPSHOT.jar:?]
	at org.apache.hadoop.ipc.ProtobufRpcEngine$Server.processCall(ProtobufRpcEngine.java:484) [hadoop-common-3.3.6.jar:?]
	at org.apache.hadoop.ipc.ProtobufRpcEngine2$Server$ProtoBufRpcInvoker.call(ProtobufRpcEngine2.java:595) [hadoop-common-3.3.6.jar:?]
	at org.apache.hadoop.ipc.ProtobufRpcEngine2$Server$ProtoBufRpcInvoker.call(ProtobufRpcEngine2.java:573) [hadoop-common-3.3.6.jar:?]
	at org.apache.hadoop.ipc.RPC$Server.call(RPC.java:1227) [hadoop-common-3.3.6.jar:?]
	at org.apache.hadoop.ipc.Server$RpcCall.run(Server.java:1094) [hadoop-common-3.3.6.jar:?]
	at org.apache.hadoop.ipc.Server$RpcCall.run(Server.java:1017) [hadoop-common-3.3.6.jar:?]
	at java.security.AccessController.doPrivileged(Native Method) ~[?:1.8.0_382]
	at javax.security.auth.Subject.doAs(Subject.java:422) [?:1.8.0_382]
	at org.apache.hadoop.security.UserGroupInformation.doAs(UserGroupInformation.java:1899) [hadoop-common-3.3.6.jar:?]
	at org.apache.hadoop.ipc.Server$Handler.run(Server.java:3048) [hadoop-common-3.3.6.jar:?]
11:38:01.242 [IPC Server handler 3 on default port 15163] ERROR OMAudit - user=runner | ip=127.0.0.1 | op=GET_FILE_STATUS {volume=volume45503, bucket=bucket29530, key=gdir1/dir10/child, dataSize=0, replicationConfig=null} | ret=FAILURE
org.apache.hadoop.ozone.om.exceptions.OMException: Unable to get file status: volume: volume45503 bucket: bucket29530 key: gdir1/dir10/child
	at org.apache.hadoop.ozone.om.KeyManagerImpl.getOzoneFileStatus(KeyManagerImpl.java:1195) ~[ozone-manager-1.4.0-SNAPSHOT.jar:?]
	at org.apache.hadoop.ozone.om.KeyManagerImpl.getFileStatus(KeyManagerImpl.java:1113) ~[ozone-manager-1.4.0-SNAPSHOT.jar:?]
	at org.apache.hadoop.ozone.om.OmMetadataReader.getFileStatus(OmMetadataReader.java:262) ~[ozone-manager-1.4.0-SNAPSHOT.jar:?]
	at org.apache.hadoop.ozone.om.OzoneManager.getFileStatus(OzoneManager.java:3513) ~[ozone-manager-1.4.0-SNAPSHOT.jar:?]
	at org.apache.hadoop.ozone.protocolPB.OzoneManagerRequestHandler.getOzoneFileStatus(OzoneManagerRequestHandler.java:973) ~[ozone-manager-1.4.0-SNAPSHOT.jar:?]
	at org.apache.hadoop.ozone.protocolPB.OzoneManagerRequestHandler.handleReadRequest(OzoneManagerRequestHandler.java:252) ~[ozone-manager-1.4.0-SNAPSHOT.jar:?]
	at org.apache.hadoop.ozone.protocolPB.OzoneManagerProtocolServerSideTranslatorPB.submitRequestDirectlyToOM(OzoneManagerProtocolServerSideTranslatorPB.java:274) ~[ozone-manager-1.4.0-SNAPSHOT.jar:?]
	at org.apache.hadoop.ozone.protocolPB.OzoneManagerProtocolServerSideTranslatorPB.processRequest(OzoneManagerProtocolServerSideTranslatorPB.java:175) ~[ozone-manager-1.4.0-SNAPSHOT.jar:?]
	at org.apache.hadoop.hdds.server.OzoneProtocolMessageDispatcher.processRequest(OzoneProtocolMessageDispatcher.java:87) [hdds-server-framework-1.4.0-SNAPSHOT.jar:?]
	at org.apache.hadoop.ozone.protocolPB.OzoneManagerProtocolServerSideTranslatorPB.submitRequest(OzoneManagerProtocolServerSideTranslatorPB.java:148) [ozone-manager-1.4.0-SNAPSHOT.jar:?]
	at org.apache.hadoop.ozone.protocol.proto.OzoneManagerProtocolProtos$OzoneManagerService$2.callBlockingMethod(OzoneManagerProtocolProtos.java) [ozone-interface-client-1.4.0-SNAPSHOT.jar:?]
	at org.apache.hadoop.ipc.ProtobufRpcEngine$Server.processCall(ProtobufRpcEngine.java:484) [hadoop-common-3.3.6.jar:?]
	at org.apache.hadoop.ipc.ProtobufRpcEngine2$Server$ProtoBufRpcInvoker.call(ProtobufRpcEngine2.java:595) [hadoop-common-3.3.6.jar:?]
	at org.apache.hadoop.ipc.ProtobufRpcEngine2$Server$ProtoBufRpcInvoker.call(ProtobufRpcEngine2.java:573) [hadoop-common-3.3.6.jar:?]
	at org.apache.hadoop.ipc.RPC$Server.call(RPC.java:1227) [hadoop-common-3.3.6.jar:?]
	at org.apache.hadoop.ipc.Server$RpcCall.run(Server.java:1094) [hadoop-common-3.3.6.jar:?]
	at org.apache.hadoop.ipc.Server$RpcCall.run(Server.java:1017) [hadoop-common-3.3.6.jar:?]
	at java.security.AccessController.doPrivileged(Native Method) ~[?:1.8.0_382]
	at javax.security.auth.Subject.doAs(Subject.java:422) [?:1.8.0_382]
	at org.apache.hadoop.security.UserGroupInformation.doAs(UserGroupInformation.java:1899) [hadoop-common-3.3.6.jar:?]
	at org.apache.hadoop.ipc.Server$Handler.run(Server.java:3048) [hadoop-common-3.3.6.jar:?]
11:38:01.316 [IPC Server handler 12 on default port 15163] ERROR OMAudit - user=runner | ip=127.0.0.1 | op=GET_FILE_STATUS {volume=volume45503, bucket=bucket29530, key=level0, dataSize=0, replicationConfig=null} | ret=FAILURE
org.apache.hadoop.ozone.om.exceptions.OMException: Unable to get file status: volume: volume45503 bucket: bucket29530 key: level0
	at org.apache.hadoop.ozone.om.KeyManagerImpl.getOzoneFileStatus(KeyManagerImpl.java:1195) ~[ozone-manager-1.4.0-SNAPSHOT.jar:?]
	at org.apache.hadoop.ozone.om.KeyManagerImpl.getFileStatus(KeyManagerImpl.java:1113) ~[ozone-manager-1.4.0-SNAPSHOT.jar:?]
	at org.apache.hadoop.ozone.om.OmMetadataReader.getFileStatus(OmMetadataReader.java:262) ~[ozone-manager-1.4.0-SNAPSHOT.jar:?]
	at org.apache.hadoop.ozone.om.OzoneManager.getFileStatus(OzoneManager.java:3513) ~[ozone-manager-1.4.0-SNAPSHOT.jar:?]
	at org.apache.hadoop.ozone.protocolPB.OzoneManagerRequestHandler.getOzoneFileStatus(OzoneManagerRequestHandler.java:973) ~[ozone-manager-1.4.0-SNAPSHOT.jar:?]
	at org.apache.hadoop.ozone.protocolPB.OzoneManagerRequestHandler.handleReadRequest(OzoneManagerRequestHandler.java:252) ~[ozone-manager-1.4.0-SNAPSHOT.jar:?]
	at org.apache.hadoop.ozone.protocolPB.OzoneManagerProtocolServerSideTranslatorPB.submitRequestDirectlyToOM(OzoneManagerProtocolServerSideTranslatorPB.java:274) ~[ozone-manager-1.4.0-SNAPSHOT.jar:?]
	at org.apache.hadoop.ozone.protocolPB.OzoneManagerProtocolServerSideTranslatorPB.processRequest(OzoneManagerProtocolServerSideTranslatorPB.java:175) ~[ozone-manager-1.4.0-SNAPSHOT.jar:?]
	at org.apache.hadoop.hdds.server.OzoneProtocolMessageDispatcher.processRequest(OzoneProtocolMessageDispatcher.java:87) [hdds-server-framework-1.4.0-SNAPSHOT.jar:?]
	at org.apache.hadoop.ozone.protocolPB.OzoneManagerProtocolServerSideTranslatorPB.submitRequest(OzoneManagerProtocolServerSideTranslatorPB.java:148) [ozone-manager-1.4.0-SNAPSHOT.jar:?]
	at org.apache.hadoop.ozone.protocol.proto.OzoneManagerProtocolProtos$OzoneManagerService$2.callBlockingMethod(OzoneManagerProtocolProtos.java) [ozone-interface-client-1.4.0-SNAPSHOT.jar:?]
	at org.apache.hadoop.ipc.ProtobufRpcEngine$Server.processCall(ProtobufRpcEngine.java:484) [hadoop-common-3.3.6.jar:?]
	at org.apache.hadoop.ipc.ProtobufRpcEngine2$Server$ProtoBufRpcInvoker.call(ProtobufRpcEngine2.java:595) [hadoop-common-3.3.6.jar:?]
	at org.apache.hadoop.ipc.ProtobufRpcEngine2$Server$ProtoBufRpcInvoker.call(ProtobufRpcEngine2.java:573) [hadoop-common-3.3.6.jar:?]
	at org.apache.hadoop.ipc.RPC$Server.call(RPC.java:1227) [hadoop-common-3.3.6.jar:?]
	at org.apache.hadoop.ipc.Server$RpcCall.run(Server.java:1094) [hadoop-common-3.3.6.jar:?]
	at org.apache.hadoop.ipc.Server$RpcCall.run(Server.java:1017) [hadoop-common-3.3.6.jar:?]
	at java.security.AccessController.doPrivileged(Native Method) ~[?:1.8.0_382]
	at javax.security.auth.Subject.doAs(Subject.java:422) [?:1.8.0_382]
	at org.apache.hadoop.security.UserGroupInformation.doAs(UserGroupInformation.java:1899) [hadoop-common-3.3.6.jar:?]
	at org.apache.hadoop.ipc.Server$Handler.run(Server.java:3048) [hadoop-common-3.3.6.jar:?]
11:38:01.317 [IPC Server handler 9 on default port 15163] ERROR OMAudit - user=runner | ip=127.0.0.1 | op=GET_FILE_STATUS {volume=volume45503, bucket=bucket29530, key=level0/level1, dataSize=0, replicationConfig=null} | ret=FAILURE
org.apache.hadoop.ozone.om.exceptions.OMException: Unable to get file status: volume: volume45503 bucket: bucket29530 key: level0/level1
	at org.apache.hadoop.ozone.om.KeyManagerImpl.getOzoneFileStatus(KeyManagerImpl.java:1195) ~[ozone-manager-1.4.0-SNAPSHOT.jar:?]
	at org.apache.hadoop.ozone.om.KeyManagerImpl.getFileStatus(KeyManagerImpl.java:1113) ~[ozone-manager-1.4.0-SNAPSHOT.jar:?]
	at org.apache.hadoop.ozone.om.OmMetadataReader.getFileStatus(OmMetadataReader.java:262) ~[ozone-manager-1.4.0-SNAPSHOT.jar:?]
	at org.apache.hadoop.ozone.om.OzoneManager.getFileStatus(OzoneManager.java:3513) ~[ozone-manager-1.4.0-SNAPSHOT.jar:?]
	at org.apache.hadoop.ozone.protocolPB.OzoneManagerRequestHandler.getOzoneFileStatus(OzoneManagerRequestHandler.java:973) ~[ozone-manager-1.4.0-SNAPSHOT.jar:?]
	at org.apache.hadoop.ozone.protocolPB.OzoneManagerRequestHandler.handleReadRequest(OzoneManagerRequestHandler.java:252) ~[ozone-manager-1.4.0-SNAPSHOT.jar:?]
	at org.apache.hadoop.ozone.protocolPB.OzoneManagerProtocolServerSideTranslatorPB.submitRequestDirectlyToOM(OzoneManagerProtocolServerSideTranslatorPB.java:274) ~[ozone-manager-1.4.0-SNAPSHOT.jar:?]
	at org.apache.hadoop.ozone.protocolPB.OzoneManagerProtocolServerSideTranslatorPB.processRequest(OzoneManagerProtocolServerSideTranslatorPB.java:175) ~[ozone-manager-1.4.0-SNAPSHOT.jar:?]
	at org.apache.hadoop.hdds.server.OzoneProtocolMessageDispatcher.processRequest(OzoneProtocolMessageDispatcher.java:87) [hdds-server-framework-1.4.0-SNAPSHOT.jar:?]
	at org.apache.hadoop.ozone.protocolPB.OzoneManagerProtocolServerSideTranslatorPB.submitRequest(OzoneManagerProtocolServerSideTranslatorPB.java:148) [ozone-manager-1.4.0-SNAPSHOT.jar:?]
	at org.apache.hadoop.ozone.protocol.proto.OzoneManagerProtocolProtos$OzoneManagerService$2.callBlockingMethod(OzoneManagerProtocolProtos.java) [ozone-interface-client-1.4.0-SNAPSHOT.jar:?]
	at org.apache.hadoop.ipc.ProtobufRpcEngine$Server.processCall(ProtobufRpcEngine.java:484) [hadoop-common-3.3.6.jar:?]
	at org.apache.hadoop.ipc.ProtobufRpcEngine2$Server$ProtoBufRpcInvoker.call(ProtobufRpcEngine2.java:595) [hadoop-common-3.3.6.jar:?]
	at org.apache.hadoop.ipc.ProtobufRpcEngine2$Server$ProtoBufRpcInvoker.call(ProtobufRpcEngine2.java:573) [hadoop-common-3.3.6.jar:?]
	at org.apache.hadoop.ipc.RPC$Server.call(RPC.java:1227) [hadoop-common-3.3.6.jar:?]
	at org.apache.hadoop.ipc.Server$RpcCall.run(Server.java:1094) [hadoop-common-3.3.6.jar:?]
	at org.apache.hadoop.ipc.Server$RpcCall.run(Server.java:1017) [hadoop-common-3.3.6.jar:?]
	at java.security.AccessController.doPrivileged(Native Method) ~[?:1.8.0_382]
	at javax.security.auth.Subject.doAs(Subject.java:422) [?:1.8.0_382]
	at org.apache.hadoop.security.UserGroupInformation.doAs(UserGroupInformation.java:1899) [hadoop-common-3.3.6.jar:?]
	at org.apache.hadoop.ipc.Server$Handler.run(Server.java:3048) [hadoop-common-3.3.6.jar:?]
11:38:01.319 [IPC Server handler 7 on default port 15163] ERROR OMAudit - user=runner | ip=127.0.0.1 | op=GET_FILE_STATUS {volume=volume45503, bucket=bucket29530, key=level0/level1/level1, dataSize=0, replicationConfig=null} | ret=FAILURE
org.apache.hadoop.ozone.om.exceptions.OMException: Unable to get file status: volume: volume45503 bucket: bucket29530 key: level0/level1/level1
	at org.apache.hadoop.ozone.om.KeyManagerImpl.getOzoneFileStatus(KeyManagerImpl.java:1195) ~[ozone-manager-1.4.0-SNAPSHOT.jar:?]
	at org.apache.hadoop.ozone.om.KeyManagerImpl.getFileStatus(KeyManagerImpl.java:1113) ~[ozone-manager-1.4.0-SNAPSHOT.jar:?]
	at org.apache.hadoop.ozone.om.OmMetadataReader.getFileStatus(OmMetadataReader.java:262) ~[ozone-manager-1.4.0-SNAPSHOT.jar:?]
	at org.apache.hadoop.ozone.om.OzoneManager.getFileStatus(OzoneManager.java:3513) ~[ozone-manager-1.4.0-SNAPSHOT.jar:?]
	at org.apache.hadoop.ozone.protocolPB.OzoneManagerRequestHandler.getOzoneFileStatus(OzoneManagerRequestHandler.java:973) ~[ozone-manager-1.4.0-SNAPSHOT.jar:?]
	at org.apache.hadoop.ozone.protocolPB.OzoneManagerRequestHandler.handleReadRequest(OzoneManagerRequestHandler.java:252) ~[ozone-manager-1.4.0-SNAPSHOT.jar:?]
	at org.apache.hadoop.ozone.protocolPB.OzoneManagerProtocolServerSideTranslatorPB.submitRequestDirectlyToOM(OzoneManagerProtocolServerSideTranslatorPB.java:274) ~[ozone-manager-1.4.0-SNAPSHOT.jar:?]
	at org.apache.hadoop.ozone.protocolPB.OzoneManagerProtocolServerSideTranslatorPB.processRequest(OzoneManagerProtocolServerSideTranslatorPB.java:175) ~[ozone-manager-1.4.0-SNAPSHOT.jar:?]
	at org.apache.hadoop.hdds.server.OzoneProtocolMessageDispatcher.processRequest(OzoneProtocolMessageDispatcher.java:87) [hdds-server-framework-1.4.0-SNAPSHOT.jar:?]
	at org.apache.hadoop.ozone.protocolPB.OzoneManagerProtocolServerSideTranslatorPB.submitRequest(OzoneManagerProtocolServerSideTranslatorPB.java:148) [ozone-manager-1.4.0-SNAPSHOT.jar:?]
	at org.apache.hadoop.ozone.protocol.proto.OzoneManagerProtocolProtos$OzoneManagerService$2.callBlockingMethod(OzoneManagerProtocolProtos.java) [ozone-interface-client-1.4.0-SNAPSHOT.jar:?]
	at org.apache.hadoop.ipc.ProtobufRpcEngine$Server.processCall(ProtobufRpcEngine.java:484) [hadoop-common-3.3.6.jar:?]
	at org.apache.hadoop.ipc.ProtobufRpcEngine2$Server$ProtoBufRpcInvoker.call(ProtobufRpcEngine2.java:595) [hadoop-common-3.3.6.jar:?]
	at org.apache.hadoop.ipc.ProtobufRpcEngine2$Server$ProtoBufRpcInvoker.call(ProtobufRpcEngine2.java:573) [hadoop-common-3.3.6.jar:?]
	at org.apache.hadoop.ipc.RPC$Server.call(RPC.java:1227) [hadoop-common-3.3.6.jar:?]
	at org.apache.hadoop.ipc.Server$RpcCall.run(Server.java:1094) [hadoop-common-3.3.6.jar:?]
	at org.apache.hadoop.ipc.Server$RpcCall.run(Server.java:1017) [hadoop-common-3.3.6.jar:?]
	at java.security.AccessController.doPrivileged(Native Method) ~[?:1.8.0_382]
	at javax.security.auth.Subject.doAs(Subject.java:422) [?:1.8.0_382]
	at org.apache.hadoop.security.UserGroupInformation.doAs(UserGroupInformation.java:1899) [hadoop-common-3.3.6.jar:?]
	at org.apache.hadoop.ipc.Server$Handler.run(Server.java:3048) [hadoop-common-3.3.6.jar:?]
11:38:01.320 [IPC Server handler 8 on default port 15163] ERROR OMAudit - user=runner | ip=127.0.0.1 | op=GET_FILE_STATUS {volume=volume45503, bucket=bucket29530, key=level0/level1/file1, dataSize=0, replicationConfig=null} | ret=FAILURE
org.apache.hadoop.ozone.om.exceptions.OMException: Unable to get file status: volume: volume45503 bucket: bucket29530 key: level0/level1/file1
	at org.apache.hadoop.ozone.om.KeyManagerImpl.getOzoneFileStatus(KeyManagerImpl.java:1195) ~[ozone-manager-1.4.0-SNAPSHOT.jar:?]
	at org.apache.hadoop.ozone.om.KeyManagerImpl.getFileStatus(KeyManagerImpl.java:1113) ~[ozone-manager-1.4.0-SNAPSHOT.jar:?]
	at org.apache.hadoop.ozone.om.OmMetadataReader.getFileStatus(OmMetadataReader.java:262) ~[ozone-manager-1.4.0-SNAPSHOT.jar:?]
	at org.apache.hadoop.ozone.om.OzoneManager.getFileStatus(OzoneManager.java:3513) ~[ozone-manager-1.4.0-SNAPSHOT.jar:?]
	at org.apache.hadoop.ozone.protocolPB.OzoneManagerRequestHandler.getOzoneFileStatus(OzoneManagerRequestHandler.java:973) ~[ozone-manager-1.4.0-SNAPSHOT.jar:?]
	at org.apache.hadoop.ozone.protocolPB.OzoneManagerRequestHandler.handleReadRequest(OzoneManagerRequestHandler.java:252) ~[ozone-manager-1.4.0-SNAPSHOT.jar:?]
	at org.apache.hadoop.ozone.protocolPB.OzoneManagerProtocolServerSideTranslatorPB.submitRequestDirectlyToOM(OzoneManagerProtocolServerSideTranslatorPB.java:274) ~[ozone-manager-1.4.0-SNAPSHOT.jar:?]
	at org.apache.hadoop.ozone.protocolPB.OzoneManagerProtocolServerSideTranslatorPB.processRequest(OzoneManagerProtocolServerSideTranslatorPB.java:175) ~[ozone-manager-1.4.0-SNAPSHOT.jar:?]
	at org.apache.hadoop.hdds.server.OzoneProtocolMessageDispatcher.processRequest(OzoneProtocolMessageDispatcher.java:87) [hdds-server-framework-1.4.0-SNAPSHOT.jar:?]
	at org.apache.hadoop.ozone.protocolPB.OzoneManagerProtocolServerSideTranslatorPB.submitRequest(OzoneManagerProtocolServerSideTranslatorPB.java:148) [ozone-manager-1.4.0-SNAPSHOT.jar:?]
	at org.apache.hadoop.ozone.protocol.proto.OzoneManagerProtocolProtos$OzoneManagerService$2.callBlockingMethod(OzoneManagerProtocolProtos.java) [ozone-interface-client-1.4.0-SNAPSHOT.jar:?]
	at org.apache.hadoop.ipc.ProtobufRpcEngine$Server.processCall(ProtobufRpcEngine.java:484) [hadoop-common-3.3.6.jar:?]
	at org.apache.hadoop.ipc.ProtobufRpcEngine2$Server$ProtoBufRpcInvoker.call(ProtobufRpcEngine2.java:595) [hadoop-common-3.3.6.jar:?]
	at org.apache.hadoop.ipc.ProtobufRpcEngine2$Server$ProtoBufRpcInvoker.call(ProtobufRpcEngine2.java:573) [hadoop-common-3.3.6.jar:?]
	at org.apache.hadoop.ipc.RPC$Server.call(RPC.java:1227) [hadoop-common-3.3.6.jar:?]
	at org.apache.hadoop.ipc.Server$RpcCall.run(Server.java:1094) [hadoop-common-3.3.6.jar:?]
	at org.apache.hadoop.ipc.Server$RpcCall.run(Server.java:1017) [hadoop-common-3.3.6.jar:?]
	at java.security.AccessController.doPrivileged(Native Method) ~[?:1.8.0_382]
	at javax.security.auth.Subject.doAs(Subject.java:422) [?:1.8.0_382]
	at org.apache.hadoop.security.UserGroupInformation.doAs(UserGroupInformation.java:1899) [hadoop-common-3.3.6.jar:?]
	at org.apache.hadoop.ipc.Server$Handler.run(Server.java:3048) [hadoop-common-3.3.6.jar:?]
11:38:01.321 [IPC Server handler 4 on default port 15163] ERROR OMAudit - user=runner | ip=127.0.0.1 | op=GET_FILE_STATUS {volume=volume45503, bucket=bucket29530, key=level0/level1/level1/file1, dataSize=0, replicationConfig=null} | ret=FAILURE
org.apache.hadoop.ozone.om.exceptions.OMException: Unable to get file status: volume: volume45503 bucket: bucket29530 key: level0/level1/level1/file1
	at org.apache.hadoop.ozone.om.KeyManagerImpl.getOzoneFileStatus(KeyManagerImpl.java:1195) ~[ozone-manager-1.4.0-SNAPSHOT.jar:?]
	at org.apache.hadoop.ozone.om.KeyManagerImpl.getFileStatus(KeyManagerImpl.java:1113) ~[ozone-manager-1.4.0-SNAPSHOT.jar:?]
	at org.apache.hadoop.ozone.om.OmMetadataReader.getFileStatus(OmMetadataReader.java:262) ~[ozone-manager-1.4.0-SNAPSHOT.jar:?]
	at org.apache.hadoop.ozone.om.OzoneManager.getFileStatus(OzoneManager.java:3513) ~[ozone-manager-1.4.0-SNAPSHOT.jar:?]
	at org.apache.hadoop.ozone.protocolPB.OzoneManagerRequestHandler.getOzoneFileStatus(OzoneManagerRequestHandler.java:973) ~[ozone-manager-1.4.0-SNAPSHOT.jar:?]
	at org.apache.hadoop.ozone.protocolPB.OzoneManagerRequestHandler.handleReadRequest(OzoneManagerRequestHandler.java:252) ~[ozone-manager-1.4.0-SNAPSHOT.jar:?]
	at org.apache.hadoop.ozone.protocolPB.OzoneManagerProtocolServerSideTranslatorPB.submitRequestDirectlyToOM(OzoneManagerProtocolServerSideTranslatorPB.java:274) ~[ozone-manager-1.4.0-SNAPSHOT.jar:?]
	at org.apache.hadoop.ozone.protocolPB.OzoneManagerProtocolServerSideTranslatorPB.processRequest(OzoneManagerProtocolServerSideTranslatorPB.java:175) ~[ozone-manager-1.4.0-SNAPSHOT.jar:?]
	at org.apache.hadoop.hdds.server.OzoneProtocolMessageDispatcher.processRequest(OzoneProtocolMessageDispatcher.java:87) [hdds-server-framework-1.4.0-SNAPSHOT.jar:?]
	at org.apache.hadoop.ozone.protocolPB.OzoneManagerProtocolServerSideTranslatorPB.submitRequest(OzoneManagerProtocolServerSideTranslatorPB.java:148) [ozone-manager-1.4.0-SNAPSHOT.jar:?]
	at org.apache.hadoop.ozone.protocol.proto.OzoneManagerProtocolProtos$OzoneManagerService$2.callBlockingMethod(OzoneManagerProtocolProtos.java) [ozone-interface-client-1.4.0-SNAPSHOT.jar:?]
	at org.apache.hadoop.ipc.ProtobufRpcEngine$Server.processCall(ProtobufRpcEngine.java:484) [hadoop-common-3.3.6.jar:?]
	at org.apache.hadoop.ipc.ProtobufRpcEngine2$Server$ProtoBufRpcInvoker.call(ProtobufRpcEngine2.java:595) [hadoop-common-3.3.6.jar:?]
	at org.apache.hadoop.ipc.ProtobufRpcEngine2$Server$ProtoBufRpcInvoker.call(ProtobufRpcEngine2.java:573) [hadoop-common-3.3.6.jar:?]
	at org.apache.hadoop.ipc.RPC$Server.call(RPC.java:1227) [hadoop-common-3.3.6.jar:?]
	at org.apache.hadoop.ipc.Server$RpcCall.run(Server.java:1094) [hadoop-common-3.3.6.jar:?]
	at org.apache.hadoop.ipc.Server$RpcCall.run(Server.java:1017) [hadoop-common-3.3.6.jar:?]
	at java.security.AccessController.doPrivileged(Native Method) ~[?:1.8.0_382]
	at javax.security.auth.Subject.doAs(Subject.java:422) [?:1.8.0_382]
	at org.apache.hadoop.security.UserGroupInformation.doAs(UserGroupInformation.java:1899) [hadoop-common-3.3.6.jar:?]
	at org.apache.hadoop.ipc.Server$Handler.run(Server.java:3048) [hadoop-common-3.3.6.jar:?]
11:38:01.322 [IPC Server handler 6 on default port 15163] ERROR OMAudit - user=runner | ip=127.0.0.1 | op=GET_FILE_STATUS {volume=volume45503, bucket=bucket29530, key=level0/level2, dataSize=0, replicationConfig=null} | ret=FAILURE
org.apache.hadoop.ozone.om.exceptions.OMException: Unable to get file status: volume: volume45503 bucket: bucket29530 key: level0/level2
	at org.apache.hadoop.ozone.om.KeyManagerImpl.getOzoneFileStatus(KeyManagerImpl.java:1195) ~[ozone-manager-1.4.0-SNAPSHOT.jar:?]
	at org.apache.hadoop.ozone.om.KeyManagerImpl.getFileStatus(KeyManagerImpl.java:1113) ~[ozone-manager-1.4.0-SNAPSHOT.jar:?]
	at org.apache.hadoop.ozone.om.OmMetadataReader.getFileStatus(OmMetadataReader.java:262) ~[ozone-manager-1.4.0-SNAPSHOT.jar:?]
	at org.apache.hadoop.ozone.om.OzoneManager.getFileStatus(OzoneManager.java:3513) ~[ozone-manager-1.4.0-SNAPSHOT.jar:?]
	at org.apache.hadoop.ozone.protocolPB.OzoneManagerRequestHandler.getOzoneFileStatus(OzoneManagerRequestHandler.java:973) ~[ozone-manager-1.4.0-SNAPSHOT.jar:?]
	at org.apache.hadoop.ozone.protocolPB.OzoneManagerRequestHandler.handleReadRequest(OzoneManagerRequestHandler.java:252) ~[ozone-manager-1.4.0-SNAPSHOT.jar:?]
	at org.apache.hadoop.ozone.protocolPB.OzoneManagerProtocolServerSideTranslatorPB.submitRequestDirectlyToOM(OzoneManagerProtocolServerSideTranslatorPB.java:274) ~[ozone-manager-1.4.0-SNAPSHOT.jar:?]
	at org.apache.hadoop.ozone.protocolPB.OzoneManagerProtocolServerSideTranslatorPB.processRequest(OzoneManagerProtocolServerSideTranslatorPB.java:175) ~[ozone-manager-1.4.0-SNAPSHOT.jar:?]
	at org.apache.hadoop.hdds.server.OzoneProtocolMessageDispatcher.processRequest(OzoneProtocolMessageDispatcher.java:87) [hdds-server-framework-1.4.0-SNAPSHOT.jar:?]
	at org.apache.hadoop.ozone.protocolPB.OzoneManagerProtocolServerSideTranslatorPB.submitRequest(OzoneManagerProtocolServerSideTranslatorPB.java:148) [ozone-manager-1.4.0-SNAPSHOT.jar:?]
	at org.apache.hadoop.ozone.protocol.proto.OzoneManagerProtocolProtos$OzoneManagerService$2.callBlockingMethod(OzoneManagerProtocolProtos.java) [ozone-interface-client-1.4.0-SNAPSHOT.jar:?]
	at org.apache.hadoop.ipc.ProtobufRpcEngine$Server.processCall(ProtobufRpcEngine.java:484) [hadoop-common-3.3.6.jar:?]
	at org.apache.hadoop.ipc.ProtobufRpcEngine2$Server$ProtoBufRpcInvoker.call(ProtobufRpcEngine2.java:595) [hadoop-common-3.3.6.jar:?]
	at org.apache.hadoop.ipc.ProtobufRpcEngine2$Server$ProtoBufRpcInvoker.call(ProtobufRpcEngine2.java:573) [hadoop-common-3.3.6.jar:?]
	at org.apache.hadoop.ipc.RPC$Server.call(RPC.java:1227) [hadoop-common-3.3.6.jar:?]
	at org.apache.hadoop.ipc.Server$RpcCall.run(Server.java:1094) [hadoop-common-3.3.6.jar:?]
	at org.apache.hadoop.ipc.Server$RpcCall.run(Server.java:1017) [hadoop-common-3.3.6.jar:?]
	at java.security.AccessController.doPrivileged(Native Method) ~[?:1.8.0_382]
	at javax.security.auth.Subject.doAs(Subject.java:422) [?:1.8.0_382]
	at org.apache.hadoop.security.UserGroupInformation.doAs(UserGroupInformation.java:1899) [hadoop-common-3.3.6.jar:?]
	at org.apache.hadoop.ipc.Server$Handler.run(Server.java:3048) [hadoop-common-3.3.6.jar:?]
11:38:01.323 [IPC Server handler 3 on default port 15163] ERROR OMAudit - user=runner | ip=127.0.0.1 | op=GET_FILE_STATUS {volume=volume45503, bucket=bucket29530, key=level0/level2/level2, dataSize=0, replicationConfig=null} | ret=FAILURE
org.apache.hadoop.ozone.om.exceptions.OMException: Unable to get file status: volume: volume45503 bucket: bucket29530 key: level0/level2/level2
	at org.apache.hadoop.ozone.om.KeyManagerImpl.getOzoneFileStatus(KeyManagerImpl.java:1195) ~[ozone-manager-1.4.0-SNAPSHOT.jar:?]
	at org.apache.hadoop.ozone.om.KeyManagerImpl.getFileStatus(KeyManagerImpl.java:1113) ~[ozone-manager-1.4.0-SNAPSHOT.jar:?]
	at org.apache.hadoop.ozone.om.OmMetadataReader.getFileStatus(OmMetadataReader.java:262) ~[ozone-manager-1.4.0-SNAPSHOT.jar:?]
	at org.apache.hadoop.ozone.om.OzoneManager.getFileStatus(OzoneManager.java:3513) ~[ozone-manager-1.4.0-SNAPSHOT.jar:?]
	at org.apache.hadoop.ozone.protocolPB.OzoneManagerRequestHandler.getOzoneFileStatus(OzoneManagerRequestHandler.java:973) ~[ozone-manager-1.4.0-SNAPSHOT.jar:?]
	at org.apache.hadoop.ozone.protocolPB.OzoneManagerRequestHandler.handleReadRequest(OzoneManagerRequestHandler.java:252) ~[ozone-manager-1.4.0-SNAPSHOT.jar:?]
	at org.apache.hadoop.ozone.protocolPB.OzoneManagerProtocolServerSideTranslatorPB.submitRequestDirectlyToOM(OzoneManagerProtocolServerSideTranslatorPB.java:274) ~[ozone-manager-1.4.0-SNAPSHOT.jar:?]
	at org.apache.hadoop.ozone.protocolPB.OzoneManagerProtocolServerSideTranslatorPB.processRequest(OzoneManagerProtocolServerSideTranslatorPB.java:175) ~[ozone-manager-1.4.0-SNAPSHOT.jar:?]
	at org.apache.hadoop.hdds.server.OzoneProtocolMessageDispatcher.processRequest(OzoneProtocolMessageDispatcher.java:87) [hdds-server-framework-1.4.0-SNAPSHOT.jar:?]
	at org.apache.hadoop.ozone.protocolPB.OzoneManagerProtocolServerSideTranslatorPB.submitRequest(OzoneManagerProtocolServerSideTranslatorPB.java:148) [ozone-manager-1.4.0-SNAPSHOT.jar:?]
	at org.apache.hadoop.ozone.protocol.proto.OzoneManagerProtocolProtos$OzoneManagerService$2.callBlockingMethod(OzoneManagerProtocolProtos.java) [ozone-interface-client-1.4.0-SNAPSHOT.jar:?]
	at org.apache.hadoop.ipc.ProtobufRpcEngine$Server.processCall(ProtobufRpcEngine.java:484) [hadoop-common-3.3.6.jar:?]
	at org.apache.hadoop.ipc.ProtobufRpcEngine2$Server$ProtoBufRpcInvoker.call(ProtobufRpcEngine2.java:595) [hadoop-common-3.3.6.jar:?]
	at org.apache.hadoop.ipc.ProtobufRpcEngine2$Server$ProtoBufRpcInvoker.call(ProtobufRpcEngine2.java:573) [hadoop-common-3.3.6.jar:?]
	at org.apache.hadoop.ipc.RPC$Server.call(RPC.java:1227) [hadoop-common-3.3.6.jar:?]
	at org.apache.hadoop.ipc.Server$RpcCall.run(Server.java:1094) [hadoop-common-3.3.6.jar:?]
	at org.apache.hadoop.ipc.Server$RpcCall.run(Server.java:1017) [hadoop-common-3.3.6.jar:?]
	at java.security.AccessController.doPrivileged(Native Method) ~[?:1.8.0_382]
	at javax.security.auth.Subject.doAs(Subject.java:422) [?:1.8.0_382]
	at org.apache.hadoop.security.UserGroupInformation.doAs(UserGroupInformation.java:1899) [hadoop-common-3.3.6.jar:?]
	at org.apache.hadoop.ipc.Server$Handler.run(Server.java:3048) [hadoop-common-3.3.6.jar:?]
11:38:01.324 [IPC Server handler 5 on default port 15163] ERROR OMAudit - user=runner | ip=127.0.0.1 | op=GET_FILE_STATUS {volume=volume45503, bucket=bucket29530, key=level0/level2/file1, dataSize=0, replicationConfig=null} | ret=FAILURE
org.apache.hadoop.ozone.om.exceptions.OMException: Unable to get file status: volume: volume45503 bucket: bucket29530 key: level0/level2/file1
	at org.apache.hadoop.ozone.om.KeyManagerImpl.getOzoneFileStatus(KeyManagerImpl.java:1195) ~[ozone-manager-1.4.0-SNAPSHOT.jar:?]
	at org.apache.hadoop.ozone.om.KeyManagerImpl.getFileStatus(KeyManagerImpl.java:1113) ~[ozone-manager-1.4.0-SNAPSHOT.jar:?]
	at org.apache.hadoop.ozone.om.OmMetadataReader.getFileStatus(OmMetadataReader.java:262) ~[ozone-manager-1.4.0-SNAPSHOT.jar:?]
	at org.apache.hadoop.ozone.om.OzoneManager.getFileStatus(OzoneManager.java:3513) ~[ozone-manager-1.4.0-SNAPSHOT.jar:?]
	at org.apache.hadoop.ozone.protocolPB.OzoneManagerRequestHandler.getOzoneFileStatus(OzoneManagerRequestHandler.java:973) ~[ozone-manager-1.4.0-SNAPSHOT.jar:?]
	at org.apache.hadoop.ozone.protocolPB.OzoneManagerRequestHandler.handleReadRequest(OzoneManagerRequestHandler.java:252) ~[ozone-manager-1.4.0-SNAPSHOT.jar:?]
	at org.apache.hadoop.ozone.protocolPB.OzoneManagerProtocolServerSideTranslatorPB.submitRequestDirectlyToOM(OzoneManagerProtocolServerSideTranslatorPB.java:274) ~[ozone-manager-1.4.0-SNAPSHOT.jar:?]
	at org.apache.hadoop.ozone.protocolPB.OzoneManagerProtocolServerSideTranslatorPB.processRequest(OzoneManagerProtocolServerSideTranslatorPB.java:175) ~[ozone-manager-1.4.0-SNAPSHOT.jar:?]
	at org.apache.hadoop.hdds.server.OzoneProtocolMessageDispatcher.processRequest(OzoneProtocolMessageDispatcher.java:87) [hdds-server-framework-1.4.0-SNAPSHOT.jar:?]
	at org.apache.hadoop.ozone.protocolPB.OzoneManagerProtocolServerSideTranslatorPB.submitRequest(OzoneManagerProtocolServerSideTranslatorPB.java:148) [ozone-manager-1.4.0-SNAPSHOT.jar:?]
	at org.apache.hadoop.ozone.protocol.proto.OzoneManagerProtocolProtos$OzoneManagerService$2.callBlockingMethod(OzoneManagerProtocolProtos.java) [ozone-interface-client-1.4.0-SNAPSHOT.jar:?]
	at org.apache.hadoop.ipc.ProtobufRpcEngine$Server.processCall(ProtobufRpcEngine.java:484) [hadoop-common-3.3.6.jar:?]
	at org.apache.hadoop.ipc.ProtobufRpcEngine2$Server$ProtoBufRpcInvoker.call(ProtobufRpcEngine2.java:595) [hadoop-common-3.3.6.jar:?]
	at org.apache.hadoop.ipc.ProtobufRpcEngine2$Server$ProtoBufRpcInvoker.call(ProtobufRpcEngine2.java:573) [hadoop-common-3.3.6.jar:?]
	at org.apache.hadoop.ipc.RPC$Server.call(RPC.java:1227) [hadoop-common-3.3.6.jar:?]
	at org.apache.hadoop.ipc.Server$RpcCall.run(Server.java:1094) [hadoop-common-3.3.6.jar:?]
	at org.apache.hadoop.ipc.Server$RpcCall.run(Server.java:1017) [hadoop-common-3.3.6.jar:?]
	at java.security.AccessController.doPrivileged(Native Method) ~[?:1.8.0_382]
	at javax.security.auth.Subject.doAs(Subject.java:422) [?:1.8.0_382]
	at org.apache.hadoop.security.UserGroupInformation.doAs(UserGroupInformation.java:1899) [hadoop-common-3.3.6.jar:?]
	at org.apache.hadoop.ipc.Server$Handler.run(Server.java:3048) [hadoop-common-3.3.6.jar:?]
11:38:01.325 [IPC Server handler 0 on default port 15163] ERROR OMAudit - user=runner | ip=127.0.0.1 | op=GET_FILE_STATUS {volume=volume45503, bucket=bucket29530, key=level0/level2/level2/file1, dataSize=0, replicationConfig=null} | ret=FAILURE
org.apache.hadoop.ozone.om.exceptions.OMException: Unable to get file status: volume: volume45503 bucket: bucket29530 key: level0/level2/level2/file1
	at org.apache.hadoop.ozone.om.KeyManagerImpl.getOzoneFileStatus(KeyManagerImpl.java:1195) ~[ozone-manager-1.4.0-SNAPSHOT.jar:?]
	at org.apache.hadoop.ozone.om.KeyManagerImpl.getFileStatus(KeyManagerImpl.java:1113) ~[ozone-manager-1.4.0-SNAPSHOT.jar:?]
	at org.apache.hadoop.ozone.om.OmMetadataReader.getFileStatus(OmMetadataReader.java:262) ~[ozone-manager-1.4.0-SNAPSHOT.jar:?]
	at org.apache.hadoop.ozone.om.OzoneManager.getFileStatus(OzoneManager.java:3513) ~[ozone-manager-1.4.0-SNAPSHOT.jar:?]
	at org.apache.hadoop.ozone.protocolPB.OzoneManagerRequestHandler.getOzoneFileStatus(OzoneManagerRequestHandler.java:973) ~[ozone-manager-1.4.0-SNAPSHOT.jar:?]
	at org.apache.hadoop.ozone.protocolPB.OzoneManagerRequestHandler.handleReadRequest(OzoneManagerRequestHandler.java:252) ~[ozone-manager-1.4.0-SNAPSHOT.jar:?]
	at org.apache.hadoop.ozone.protocolPB.OzoneManagerProtocolServerSideTranslatorPB.submitRequestDirectlyToOM(OzoneManagerProtocolServerSideTranslatorPB.java:274) ~[ozone-manager-1.4.0-SNAPSHOT.jar:?]
	at org.apache.hadoop.ozone.protocolPB.OzoneManagerProtocolServerSideTranslatorPB.processRequest(OzoneManagerProtocolServerSideTranslatorPB.java:175) ~[ozone-manager-1.4.0-SNAPSHOT.jar:?]
	at org.apache.hadoop.hdds.server.OzoneProtocolMessageDispatcher.processRequest(OzoneProtocolMessageDispatcher.java:87) [hdds-server-framework-1.4.0-SNAPSHOT.jar:?]
	at org.apache.hadoop.ozone.protocolPB.OzoneManagerProtocolServerSideTranslatorPB.submitRequest(OzoneManagerProtocolServerSideTranslatorPB.java:148) [ozone-manager-1.4.0-SNAPSHOT.jar:?]
	at org.apache.hadoop.ozone.protocol.proto.OzoneManagerProtocolProtos$OzoneManagerService$2.callBlockingMethod(OzoneManagerProtocolProtos.java) [ozone-interface-client-1.4.0-SNAPSHOT.jar:?]
	at org.apache.hadoop.ipc.ProtobufRpcEngine$Server.processCall(ProtobufRpcEngine.java:484) [hadoop-common-3.3.6.jar:?]
	at org.apache.hadoop.ipc.ProtobufRpcEngine2$Server$ProtoBufRpcInvoker.call(ProtobufRpcEngine2.java:595) [hadoop-common-3.3.6.jar:?]
	at org.apache.hadoop.ipc.ProtobufRpcEngine2$Server$ProtoBufRpcInvoker.call(ProtobufRpcEngine2.java:573) [hadoop-common-3.3.6.jar:?]
	at org.apache.hadoop.ipc.RPC$Server.call(RPC.java:1227) [hadoop-common-3.3.6.jar:?]
	at org.apache.hadoop.ipc.Server$RpcCall.run(Server.java:1094) [hadoop-common-3.3.6.jar:?]
	at org.apache.hadoop.ipc.Server$RpcCall.run(Server.java:1017) [hadoop-common-3.3.6.jar:?]
	at java.security.AccessController.doPrivileged(Native Method) ~[?:1.8.0_382]
	at javax.security.auth.Subject.doAs(Subject.java:422) [?:1.8.0_382]
	at org.apache.hadoop.security.UserGroupInformation.doAs(UserGroupInformation.java:1899) [hadoop-common-3.3.6.jar:?]
	at org.apache.hadoop.ipc.Server$Handler.run(Server.java:3048) [hadoop-common-3.3.6.jar:?]
11:38:01.326 [IPC Server handler 1 on default port 15163] ERROR OMAudit - user=runner | ip=127.0.0.1 | op=GET_FILE_STATUS {volume=volume45503, bucket=bucket29530, key=level0/level3, dataSize=0, replicationConfig=null} | ret=FAILURE
org.apache.hadoop.ozone.om.exceptions.OMException: Unable to get file status: volume: volume45503 bucket: bucket29530 key: level0/level3
	at org.apache.hadoop.ozone.om.KeyManagerImpl.getOzoneFileStatus(KeyManagerImpl.java:1195) ~[ozone-manager-1.4.0-SNAPSHOT.jar:?]
	at org.apache.hadoop.ozone.om.KeyManagerImpl.getFileStatus(KeyManagerImpl.java:1113) ~[ozone-manager-1.4.0-SNAPSHOT.jar:?]
	at org.apache.hadoop.ozone.om.OmMetadataReader.getFileStatus(OmMetadataReader.java:262) ~[ozone-manager-1.4.0-SNAPSHOT.jar:?]
	at org.apache.hadoop.ozone.om.OzoneManager.getFileStatus(OzoneManager.java:3513) ~[ozone-manager-1.4.0-SNAPSHOT.jar:?]
	at org.apache.hadoop.ozone.protocolPB.OzoneManagerRequestHandler.getOzoneFileStatus(OzoneManagerRequestHandler.java:973) ~[ozone-manager-1.4.0-SNAPSHOT.jar:?]
	at org.apache.hadoop.ozone.protocolPB.OzoneManagerRequestHandler.handleReadRequest(OzoneManagerRequestHandler.java:252) ~[ozone-manager-1.4.0-SNAPSHOT.jar:?]
	at org.apache.hadoop.ozone.protocolPB.OzoneManagerProtocolServerSideTranslatorPB.submitRequestDirectlyToOM(OzoneManagerProtocolServerSideTranslatorPB.java:274) ~[ozone-manager-1.4.0-SNAPSHOT.jar:?]
	at org.apache.hadoop.ozone.protocolPB.OzoneManagerProtocolServerSideTranslatorPB.processRequest(OzoneManagerProtocolServerSideTranslatorPB.java:175) ~[ozone-manager-1.4.0-SNAPSHOT.jar:?]
	at org.apache.hadoop.hdds.server.OzoneProtocolMessageDispatcher.processRequest(OzoneProtocolMessageDispatcher.java:87) [hdds-server-framework-1.4.0-SNAPSHOT.jar:?]
	at org.apache.hadoop.ozone.protocolPB.OzoneManagerProtocolServerSideTranslatorPB.submitRequest(OzoneManagerProtocolServerSideTranslatorPB.java:148) [ozone-manager-1.4.0-SNAPSHOT.jar:?]
	at org.apache.hadoop.ozone.protocol.proto.OzoneManagerProtocolProtos$OzoneManagerService$2.callBlockingMethod(OzoneManagerProtocolProtos.java) [ozone-interface-client-1.4.0-SNAPSHOT.jar:?]
	at org.apache.hadoop.ipc.ProtobufRpcEngine$Server.processCall(ProtobufRpcEngine.java:484) [hadoop-common-3.3.6.jar:?]
	at org.apache.hadoop.ipc.ProtobufRpcEngine2$Server$ProtoBufRpcInvoker.call(ProtobufRpcEngine2.java:595) [hadoop-common-3.3.6.jar:?]
	at org.apache.hadoop.ipc.ProtobufRpcEngine2$Server$ProtoBufRpcInvoker.call(ProtobufRpcEngine2.java:573) [hadoop-common-3.3.6.jar:?]
	at org.apache.hadoop.ipc.RPC$Server.call(RPC.java:1227) [hadoop-common-3.3.6.jar:?]
	at org.apache.hadoop.ipc.Server$RpcCall.run(Server.java:1094) [hadoop-common-3.3.6.jar:?]
	at org.apache.hadoop.ipc.Server$RpcCall.run(Server.java:1017) [hadoop-common-3.3.6.jar:?]
	at java.security.AccessController.doPrivileged(Native Method) ~[?:1.8.0_382]
	at javax.security.auth.Subject.doAs(Subject.java:422) [?:1.8.0_382]
	at org.apache.hadoop.security.UserGroupInformation.doAs(UserGroupInformation.java:1899) [hadoop-common-3.3.6.jar:?]
	at org.apache.hadoop.ipc.Server$Handler.run(Server.java:3048) [hadoop-common-3.3.6.jar:?]
11:38:01.329 [IPC Server handler 2 on default port 15163] ERROR OMAudit - user=runner | ip=127.0.0.1 | op=GET_FILE_STATUS {volume=volume45503, bucket=bucket29530, key=level0/level3/level3, dataSize=0, replicationConfig=null} | ret=FAILURE
org.apache.hadoop.ozone.om.exceptions.OMException: Unable to get file status: volume: volume45503 bucket: bucket29530 key: level0/level3/level3
	at org.apache.hadoop.ozone.om.KeyManagerImpl.getOzoneFileStatus(KeyManagerImpl.java:1195) ~[ozone-manager-1.4.0-SNAPSHOT.jar:?]
	at org.apache.hadoop.ozone.om.KeyManagerImpl.getFileStatus(KeyManagerImpl.java:1113) ~[ozone-manager-1.4.0-SNAPSHOT.jar:?]
	at org.apache.hadoop.ozone.om.OmMetadataReader.getFileStatus(OmMetadataReader.java:262) ~[ozone-manager-1.4.0-SNAPSHOT.jar:?]
	at org.apache.hadoop.ozone.om.OzoneManager.getFileStatus(OzoneManager.java:3513) ~[ozone-manager-1.4.0-SNAPSHOT.jar:?]
	at org.apache.hadoop.ozone.protocolPB.OzoneManagerRequestHandler.getOzoneFileStatus(OzoneManagerRequestHandler.java:973) ~[ozone-manager-1.4.0-SNAPSHOT.jar:?]
	at org.apache.hadoop.ozone.protocolPB.OzoneManagerRequestHandler.handleReadRequest(OzoneManagerRequestHandler.java:252) ~[ozone-manager-1.4.0-SNAPSHOT.jar:?]
	at org.apache.hadoop.ozone.protocolPB.OzoneManagerProtocolServerSideTranslatorPB.submitRequestDirectlyToOM(OzoneManagerProtocolServerSideTranslatorPB.java:274) ~[ozone-manager-1.4.0-SNAPSHOT.jar:?]
	at org.apache.hadoop.ozone.protocolPB.OzoneManagerProtocolServerSideTranslatorPB.processRequest(OzoneManagerProtocolServerSideTranslatorPB.java:175) ~[ozone-manager-1.4.0-SNAPSHOT.jar:?]
	at org.apache.hadoop.hdds.server.OzoneProtocolMessageDispatcher.processRequest(OzoneProtocolMessageDispatcher.java:87) [hdds-server-framework-1.4.0-SNAPSHOT.jar:?]
	at org.apache.hadoop.ozone.protocolPB.OzoneManagerProtocolServerSideTranslatorPB.submitRequest(OzoneManagerProtocolServerSideTranslatorPB.java:148) [ozone-manager-1.4.0-SNAPSHOT.jar:?]
	at org.apache.hadoop.ozone.protocol.proto.OzoneManagerProtocolProtos$OzoneManagerService$2.callBlockingMethod(OzoneManagerProtocolProtos.java) [ozone-interface-client-1.4.0-SNAPSHOT.jar:?]
	at org.apache.hadoop.ipc.ProtobufRpcEngine$Server.processCall(ProtobufRpcEngine.java:484) [hadoop-common-3.3.6.jar:?]
	at org.apache.hadoop.ipc.ProtobufRpcEngine2$Server$ProtoBufRpcInvoker.call(ProtobufRpcEngine2.java:595) [hadoop-common-3.3.6.jar:?]
	at org.apache.hadoop.ipc.ProtobufRpcEngine2$Server$ProtoBufRpcInvoker.call(ProtobufRpcEngine2.java:573) [hadoop-common-3.3.6.jar:?]
	at org.apache.hadoop.ipc.RPC$Server.call(RPC.java:1227) [hadoop-common-3.3.6.jar:?]
	at org.apache.hadoop.ipc.Server$RpcCall.run(Server.java:1094) [hadoop-common-3.3.6.jar:?]
	at org.apache.hadoop.ipc.Server$RpcCall.run(Server.java:1017) [hadoop-common-3.3.6.jar:?]
	at java.security.AccessController.doPrivileged(Native Method) ~[?:1.8.0_382]
	at javax.security.auth.Subject.doAs(Subject.java:422) [?:1.8.0_382]
	at org.apache.hadoop.security.UserGroupInformation.doAs(UserGroupInformation.java:1899) [hadoop-common-3.3.6.jar:?]
	at org.apache.hadoop.ipc.Server$Handler.run(Server.java:3048) [hadoop-common-3.3.6.jar:?]
11:38:01.330 [IPC Server handler 13 on default port 15163] ERROR OMAudit - user=runner | ip=127.0.0.1 | op=GET_FILE_STATUS {volume=volume45503, bucket=bucket29530, key=level0/level3/file1, dataSize=0, replicationConfig=null} | ret=FAILURE
org.apache.hadoop.ozone.om.exceptions.OMException: Unable to get file status: volume: volume45503 bucket: bucket29530 key: level0/level3/file1
	at org.apache.hadoop.ozone.om.KeyManagerImpl.getOzoneFileStatus(KeyManagerImpl.java:1195) ~[ozone-manager-1.4.0-SNAPSHOT.jar:?]
	at org.apache.hadoop.ozone.om.KeyManagerImpl.getFileStatus(KeyManagerImpl.java:1113) ~[ozone-manager-1.4.0-SNAPSHOT.jar:?]
	at org.apache.hadoop.ozone.om.OmMetadataReader.getFileStatus(OmMetadataReader.java:262) ~[ozone-manager-1.4.0-SNAPSHOT.jar:?]
	at org.apache.hadoop.ozone.om.OzoneManager.getFileStatus(OzoneManager.java:3513) ~[ozone-manager-1.4.0-SNAPSHOT.jar:?]
	at org.apache.hadoop.ozone.protocolPB.OzoneManagerRequestHandler.getOzoneFileStatus(OzoneManagerRequestHandler.java:973) ~[ozone-manager-1.4.0-SNAPSHOT.jar:?]
	at org.apache.hadoop.ozone.protocolPB.OzoneManagerRequestHandler.handleReadRequest(OzoneManagerRequestHandler.java:252) ~[ozone-manager-1.4.0-SNAPSHOT.jar:?]
	at org.apache.hadoop.ozone.protocolPB.OzoneManagerProtocolServerSideTranslatorPB.submitRequestDirectlyToOM(OzoneManagerProtocolServerSideTranslatorPB.java:274) ~[ozone-manager-1.4.0-SNAPSHOT.jar:?]
	at org.apache.hadoop.ozone.protocolPB.OzoneManagerProtocolServerSideTranslatorPB.processRequest(OzoneManagerProtocolServerSideTranslatorPB.java:175) ~[ozone-manager-1.4.0-SNAPSHOT.jar:?]
	at org.apache.hadoop.hdds.server.OzoneProtocolMessageDispatcher.processRequest(OzoneProtocolMessageDispatcher.java:87) [hdds-server-framework-1.4.0-SNAPSHOT.jar:?]
	at org.apache.hadoop.ozone.protocolPB.OzoneManagerProtocolServerSideTranslatorPB.submitRequest(OzoneManagerProtocolServerSideTranslatorPB.java:148) [ozone-manager-1.4.0-SNAPSHOT.jar:?]
	at org.apache.hadoop.ozone.protocol.proto.OzoneManagerProtocolProtos$OzoneManagerService$2.callBlockingMethod(OzoneManagerProtocolProtos.java) [ozone-interface-client-1.4.0-SNAPSHOT.jar:?]
	at org.apache.hadoop.ipc.ProtobufRpcEngine$Server.processCall(ProtobufRpcEngine.java:484) [hadoop-common-3.3.6.jar:?]
	at org.apache.hadoop.ipc.ProtobufRpcEngine2$Server$ProtoBufRpcInvoker.call(ProtobufRpcEngine2.java:595) [hadoop-common-3.3.6.jar:?]
	at org.apache.hadoop.ipc.ProtobufRpcEngine2$Server$ProtoBufRpcInvoker.call(ProtobufRpcEngine2.java:573) [hadoop-common-3.3.6.jar:?]
	at org.apache.hadoop.ipc.RPC$Server.call(RPC.java:1227) [hadoop-common-3.3.6.jar:?]
	at org.apache.hadoop.ipc.Server$RpcCall.run(Server.java:1094) [hadoop-common-3.3.6.jar:?]
	at org.apache.hadoop.ipc.Server$RpcCall.run(Server.java:1017) [hadoop-common-3.3.6.jar:?]
	at java.security.AccessController.doPrivileged(Native Method) ~[?:1.8.0_382]
	at javax.security.auth.Subject.doAs(Subject.java:422) [?:1.8.0_382]
	at org.apache.hadoop.security.UserGroupInformation.doAs(UserGroupInformation.java:1899) [hadoop-common-3.3.6.jar:?]
	at org.apache.hadoop.ipc.Server$Handler.run(Server.java:3048) [hadoop-common-3.3.6.jar:?]
11:38:01.331 [IPC Server handler 19 on default port 15163] ERROR OMAudit - user=runner | ip=127.0.0.1 | op=GET_FILE_STATUS {volume=volume45503, bucket=bucket29530, key=level0/level3/level3/file1, dataSize=0, replicationConfig=null} | ret=FAILURE
org.apache.hadoop.ozone.om.exceptions.OMException: Unable to get file status: volume: volume45503 bucket: bucket29530 key: level0/level3/level3/file1
	at org.apache.hadoop.ozone.om.KeyManagerImpl.getOzoneFileStatus(KeyManagerImpl.java:1195) ~[ozone-manager-1.4.0-SNAPSHOT.jar:?]
	at org.apache.hadoop.ozone.om.KeyManagerImpl.getFileStatus(KeyManagerImpl.java:1113) ~[ozone-manager-1.4.0-SNAPSHOT.jar:?]
	at org.apache.hadoop.ozone.om.OmMetadataReader.getFileStatus(OmMetadataReader.java:262) ~[ozone-manager-1.4.0-SNAPSHOT.jar:?]
	at org.apache.hadoop.ozone.om.OzoneManager.getFileStatus(OzoneManager.java:3513) ~[ozone-manager-1.4.0-SNAPSHOT.jar:?]
	at org.apache.hadoop.ozone.protocolPB.OzoneManagerRequestHandler.getOzoneFileStatus(OzoneManagerRequestHandler.java:973) ~[ozone-manager-1.4.0-SNAPSHOT.jar:?]
	at org.apache.hadoop.ozone.protocolPB.OzoneManagerRequestHandler.handleReadRequest(OzoneManagerRequestHandler.java:252) ~[ozone-manager-1.4.0-SNAPSHOT.jar:?]
	at org.apache.hadoop.ozone.protocolPB.OzoneManagerProtocolServerSideTranslatorPB.submitRequestDirectlyToOM(OzoneManagerProtocolServerSideTranslatorPB.java:274) ~[ozone-manager-1.4.0-SNAPSHOT.jar:?]
	at org.apache.hadoop.ozone.protocolPB.OzoneManagerProtocolServerSideTranslatorPB.processRequest(OzoneManagerProtocolServerSideTranslatorPB.java:175) ~[ozone-manager-1.4.0-SNAPSHOT.jar:?]
	at org.apache.hadoop.hdds.server.OzoneProtocolMessageDispatcher.processRequest(OzoneProtocolMessageDispatcher.java:87) [hdds-server-framework-1.4.0-SNAPSHOT.jar:?]
	at org.apache.hadoop.ozone.protocolPB.OzoneManagerProtocolServerSideTranslatorPB.submitRequest(OzoneManagerProtocolServerSideTranslatorPB.java:148) [ozone-manager-1.4.0-SNAPSHOT.jar:?]
	at org.apache.hadoop.ozone.protocol.proto.OzoneManagerProtocolProtos$OzoneManagerService$2.callBlockingMethod(OzoneManagerProtocolProtos.java) [ozone-interface-client-1.4.0-SNAPSHOT.jar:?]
	at org.apache.hadoop.ipc.ProtobufRpcEngine$Server.processCall(ProtobufRpcEngine.java:484) [hadoop-common-3.3.6.jar:?]
	at org.apache.hadoop.ipc.ProtobufRpcEngine2$Server$ProtoBufRpcInvoker.call(ProtobufRpcEngine2.java:595) [hadoop-common-3.3.6.jar:?]
	at org.apache.hadoop.ipc.ProtobufRpcEngine2$Server$ProtoBufRpcInvoker.call(ProtobufRpcEngine2.java:573) [hadoop-common-3.3.6.jar:?]
	at org.apache.hadoop.ipc.RPC$Server.call(RPC.java:1227) [hadoop-common-3.3.6.jar:?]
	at org.apache.hadoop.ipc.Server$RpcCall.run(Server.java:1094) [hadoop-common-3.3.6.jar:?]
	at org.apache.hadoop.ipc.Server$RpcCall.run(Server.java:1017) [hadoop-common-3.3.6.jar:?]
	at java.security.AccessController.doPrivileged(Native Method) ~[?:1.8.0_382]
	at javax.security.auth.Subject.doAs(Subject.java:422) [?:1.8.0_382]
	at org.apache.hadoop.security.UserGroupInformation.doAs(UserGroupInformation.java:1899) [hadoop-common-3.3.6.jar:?]
	at org.apache.hadoop.ipc.Server$Handler.run(Server.java:3048) [hadoop-common-3.3.6.jar:?]
]]></system-out>
  </testcase>
  <testcase name="testGetTrashRoots" classname="TestOzoneFileSystem" time="0.112">
    <system-out><![CDATA[11:33:06.494 [IPC Server handler 18 on default port 15004] ERROR OMAudit - user=runner | ip=127.0.0.1 | op=GET_FILE_STATUS {volume=volume54121, bucket=bucket59518, key=.Trash/runner, dataSize=0, replicationConfig=null} | ret=FAILURE
org.apache.hadoop.ozone.om.exceptions.OMException: Unable to get file status: volume: volume54121 bucket: bucket59518 key: .Trash/runner
	at org.apache.hadoop.ozone.om.KeyManagerImpl.getOzoneFileStatus(KeyManagerImpl.java:1195) ~[ozone-manager-1.4.0-SNAPSHOT.jar:?]
	at org.apache.hadoop.ozone.om.KeyManagerImpl.getFileStatus(KeyManagerImpl.java:1113) ~[ozone-manager-1.4.0-SNAPSHOT.jar:?]
	at org.apache.hadoop.ozone.om.OmMetadataReader.getFileStatus(OmMetadataReader.java:262) ~[ozone-manager-1.4.0-SNAPSHOT.jar:?]
	at org.apache.hadoop.ozone.om.OzoneManager.getFileStatus(OzoneManager.java:3513) ~[ozone-manager-1.4.0-SNAPSHOT.jar:?]
	at org.apache.hadoop.ozone.protocolPB.OzoneManagerRequestHandler.getOzoneFileStatus(OzoneManagerRequestHandler.java:973) ~[ozone-manager-1.4.0-SNAPSHOT.jar:?]
	at org.apache.hadoop.ozone.protocolPB.OzoneManagerRequestHandler.handleReadRequest(OzoneManagerRequestHandler.java:252) ~[ozone-manager-1.4.0-SNAPSHOT.jar:?]
	at org.apache.hadoop.ozone.protocolPB.OzoneManagerProtocolServerSideTranslatorPB.submitReadRequestToOM(OzoneManagerProtocolServerSideTranslatorPB.java:225) ~[ozone-manager-1.4.0-SNAPSHOT.jar:?]
	at org.apache.hadoop.ozone.protocolPB.OzoneManagerProtocolServerSideTranslatorPB.processRequest(OzoneManagerProtocolServerSideTranslatorPB.java:179) ~[ozone-manager-1.4.0-SNAPSHOT.jar:?]
	at org.apache.hadoop.hdds.server.OzoneProtocolMessageDispatcher.processRequest(OzoneProtocolMessageDispatcher.java:87) [hdds-server-framework-1.4.0-SNAPSHOT.jar:?]
	at org.apache.hadoop.ozone.protocolPB.OzoneManagerProtocolServerSideTranslatorPB.submitRequest(OzoneManagerProtocolServerSideTranslatorPB.java:148) [ozone-manager-1.4.0-SNAPSHOT.jar:?]
	at org.apache.hadoop.ozone.protocol.proto.OzoneManagerProtocolProtos$OzoneManagerService$2.callBlockingMethod(OzoneManagerProtocolProtos.java) [ozone-interface-client-1.4.0-SNAPSHOT.jar:?]
	at org.apache.hadoop.ipc.ProtobufRpcEngine$Server.processCall(ProtobufRpcEngine.java:484) [hadoop-common-3.3.6.jar:?]
	at org.apache.hadoop.ipc.ProtobufRpcEngine2$Server$ProtoBufRpcInvoker.call(ProtobufRpcEngine2.java:595) [hadoop-common-3.3.6.jar:?]
	at org.apache.hadoop.ipc.ProtobufRpcEngine2$Server$ProtoBufRpcInvoker.call(ProtobufRpcEngine2.java:573) [hadoop-common-3.3.6.jar:?]
	at org.apache.hadoop.ipc.RPC$Server.call(RPC.java:1227) [hadoop-common-3.3.6.jar:?]
	at org.apache.hadoop.ipc.Server$RpcCall.run(Server.java:1094) [hadoop-common-3.3.6.jar:?]
	at org.apache.hadoop.ipc.Server$RpcCall.run(Server.java:1017) [hadoop-common-3.3.6.jar:?]
	at java.security.AccessController.doPrivileged(Native Method) ~[?:1.8.0_382]
	at javax.security.auth.Subject.doAs(Subject.java:422) [?:1.8.0_382]
	at org.apache.hadoop.security.UserGroupInformation.doAs(UserGroupInformation.java:1899) [hadoop-common-3.3.6.jar:?]
	at org.apache.hadoop.ipc.Server$Handler.run(Server.java:3048) [hadoop-common-3.3.6.jar:?]
]]></system-out>
  </testcase>
  <testcase name="testGetTrashRoots" classname="TestOzoneFileSystem" time="0.042">
    <system-out><![CDATA[11:35:01.402 [IPC Server handler 11 on default port 15057] ERROR OMAudit - user=runner | ip=127.0.0.1 | op=GET_FILE_STATUS {volume=volume67780, bucket=bucket36604, key=.Trash/runner, dataSize=0, replicationConfig=null} | ret=FAILURE
org.apache.hadoop.ozone.om.exceptions.OMException: Unable to get file status: volume: volume67780 bucket: bucket36604 key: .Trash/runner
	at org.apache.hadoop.ozone.om.KeyManagerImpl.getOzoneFileStatus(KeyManagerImpl.java:1195) ~[ozone-manager-1.4.0-SNAPSHOT.jar:?]
	at org.apache.hadoop.ozone.om.KeyManagerImpl.getFileStatus(KeyManagerImpl.java:1113) ~[ozone-manager-1.4.0-SNAPSHOT.jar:?]
	at org.apache.hadoop.ozone.om.OmMetadataReader.getFileStatus(OmMetadataReader.java:262) ~[ozone-manager-1.4.0-SNAPSHOT.jar:?]
	at org.apache.hadoop.ozone.om.OzoneManager.getFileStatus(OzoneManager.java:3513) ~[ozone-manager-1.4.0-SNAPSHOT.jar:?]
	at org.apache.hadoop.ozone.protocolPB.OzoneManagerRequestHandler.getOzoneFileStatus(OzoneManagerRequestHandler.java:973) ~[ozone-manager-1.4.0-SNAPSHOT.jar:?]
	at org.apache.hadoop.ozone.protocolPB.OzoneManagerRequestHandler.handleReadRequest(OzoneManagerRequestHandler.java:252) ~[ozone-manager-1.4.0-SNAPSHOT.jar:?]
	at org.apache.hadoop.ozone.protocolPB.OzoneManagerProtocolServerSideTranslatorPB.submitRequestDirectlyToOM(OzoneManagerProtocolServerSideTranslatorPB.java:274) ~[ozone-manager-1.4.0-SNAPSHOT.jar:?]
	at org.apache.hadoop.ozone.protocolPB.OzoneManagerProtocolServerSideTranslatorPB.processRequest(OzoneManagerProtocolServerSideTranslatorPB.java:175) ~[ozone-manager-1.4.0-SNAPSHOT.jar:?]
	at org.apache.hadoop.hdds.server.OzoneProtocolMessageDispatcher.processRequest(OzoneProtocolMessageDispatcher.java:87) [hdds-server-framework-1.4.0-SNAPSHOT.jar:?]
	at org.apache.hadoop.ozone.protocolPB.OzoneManagerProtocolServerSideTranslatorPB.submitRequest(OzoneManagerProtocolServerSideTranslatorPB.java:148) [ozone-manager-1.4.0-SNAPSHOT.jar:?]
	at org.apache.hadoop.ozone.protocol.proto.OzoneManagerProtocolProtos$OzoneManagerService$2.callBlockingMethod(OzoneManagerProtocolProtos.java) [ozone-interface-client-1.4.0-SNAPSHOT.jar:?]
	at org.apache.hadoop.ipc.ProtobufRpcEngine$Server.processCall(ProtobufRpcEngine.java:484) [hadoop-common-3.3.6.jar:?]
	at org.apache.hadoop.ipc.ProtobufRpcEngine2$Server$ProtoBufRpcInvoker.call(ProtobufRpcEngine2.java:595) [hadoop-common-3.3.6.jar:?]
	at org.apache.hadoop.ipc.ProtobufRpcEngine2$Server$ProtoBufRpcInvoker.call(ProtobufRpcEngine2.java:573) [hadoop-common-3.3.6.jar:?]
	at org.apache.hadoop.ipc.RPC$Server.call(RPC.java:1227) [hadoop-common-3.3.6.jar:?]
	at org.apache.hadoop.ipc.Server$RpcCall.run(Server.java:1094) [hadoop-common-3.3.6.jar:?]
	at org.apache.hadoop.ipc.Server$RpcCall.run(Server.java:1017) [hadoop-common-3.3.6.jar:?]
	at java.security.AccessController.doPrivileged(Native Method) ~[?:1.8.0_382]
	at javax.security.auth.Subject.doAs(Subject.java:422) [?:1.8.0_382]
	at org.apache.hadoop.security.UserGroupInformation.doAs(UserGroupInformation.java:1899) [hadoop-common-3.3.6.jar:?]
	at org.apache.hadoop.ipc.Server$Handler.run(Server.java:3048) [hadoop-common-3.3.6.jar:?]
]]></system-out>
  </testcase>
  <testcase name="testGetTrashRoots" classname="TestOzoneFileSystem" time="0.049">
    <system-out><![CDATA[11:36:25.497 [IPC Server handler 5 on default port 15110] ERROR OMAudit - user=runner | ip=127.0.0.1 | op=GET_FILE_STATUS {volume=volume79256, bucket=bucket28461, key=.Trash/runner, dataSize=0, replicationConfig=null} | ret=FAILURE
org.apache.hadoop.ozone.om.exceptions.OMException: Unable to get file status: volume: volume79256 bucket: bucket28461 key: .Trash/runner
	at org.apache.hadoop.ozone.om.KeyManagerImpl.getOzoneFileStatus(KeyManagerImpl.java:1195) ~[ozone-manager-1.4.0-SNAPSHOT.jar:?]
	at org.apache.hadoop.ozone.om.KeyManagerImpl.getFileStatus(KeyManagerImpl.java:1113) ~[ozone-manager-1.4.0-SNAPSHOT.jar:?]
	at org.apache.hadoop.ozone.om.OmMetadataReader.getFileStatus(OmMetadataReader.java:262) ~[ozone-manager-1.4.0-SNAPSHOT.jar:?]
	at org.apache.hadoop.ozone.om.OzoneManager.getFileStatus(OzoneManager.java:3513) ~[ozone-manager-1.4.0-SNAPSHOT.jar:?]
	at org.apache.hadoop.ozone.protocolPB.OzoneManagerRequestHandler.getOzoneFileStatus(OzoneManagerRequestHandler.java:973) ~[ozone-manager-1.4.0-SNAPSHOT.jar:?]
	at org.apache.hadoop.ozone.protocolPB.OzoneManagerRequestHandler.handleReadRequest(OzoneManagerRequestHandler.java:252) ~[ozone-manager-1.4.0-SNAPSHOT.jar:?]
	at org.apache.hadoop.ozone.protocolPB.OzoneManagerProtocolServerSideTranslatorPB.submitReadRequestToOM(OzoneManagerProtocolServerSideTranslatorPB.java:225) ~[ozone-manager-1.4.0-SNAPSHOT.jar:?]
	at org.apache.hadoop.ozone.protocolPB.OzoneManagerProtocolServerSideTranslatorPB.processRequest(OzoneManagerProtocolServerSideTranslatorPB.java:179) ~[ozone-manager-1.4.0-SNAPSHOT.jar:?]
	at org.apache.hadoop.hdds.server.OzoneProtocolMessageDispatcher.processRequest(OzoneProtocolMessageDispatcher.java:87) [hdds-server-framework-1.4.0-SNAPSHOT.jar:?]
	at org.apache.hadoop.ozone.protocolPB.OzoneManagerProtocolServerSideTranslatorPB.submitRequest(OzoneManagerProtocolServerSideTranslatorPB.java:148) [ozone-manager-1.4.0-SNAPSHOT.jar:?]
	at org.apache.hadoop.ozone.protocol.proto.OzoneManagerProtocolProtos$OzoneManagerService$2.callBlockingMethod(OzoneManagerProtocolProtos.java) [ozone-interface-client-1.4.0-SNAPSHOT.jar:?]
	at org.apache.hadoop.ipc.ProtobufRpcEngine$Server.processCall(ProtobufRpcEngine.java:484) [hadoop-common-3.3.6.jar:?]
	at org.apache.hadoop.ipc.ProtobufRpcEngine2$Server$ProtoBufRpcInvoker.call(ProtobufRpcEngine2.java:595) [hadoop-common-3.3.6.jar:?]
	at org.apache.hadoop.ipc.ProtobufRpcEngine2$Server$ProtoBufRpcInvoker.call(ProtobufRpcEngine2.java:573) [hadoop-common-3.3.6.jar:?]
	at org.apache.hadoop.ipc.RPC$Server.call(RPC.java:1227) [hadoop-common-3.3.6.jar:?]
	at org.apache.hadoop.ipc.Server$RpcCall.run(Server.java:1094) [hadoop-common-3.3.6.jar:?]
	at org.apache.hadoop.ipc.Server$RpcCall.run(Server.java:1017) [hadoop-common-3.3.6.jar:?]
	at java.security.AccessController.doPrivileged(Native Method) ~[?:1.8.0_382]
	at javax.security.auth.Subject.doAs(Subject.java:422) [?:1.8.0_382]
	at org.apache.hadoop.security.UserGroupInformation.doAs(UserGroupInformation.java:1899) [hadoop-common-3.3.6.jar:?]
	at org.apache.hadoop.ipc.Server$Handler.run(Server.java:3048) [hadoop-common-3.3.6.jar:?]
]]></system-out>
  </testcase>
  <testcase name="testGetTrashRoots" classname="TestOzoneFileSystem" time="0.035">
    <system-out><![CDATA[11:38:01.336 [IPC Server handler 17 on default port 15163] ERROR OMAudit - user=runner | ip=127.0.0.1 | op=GET_FILE_STATUS {volume=volume45503, bucket=bucket29530, key=.Trash/runner, dataSize=0, replicationConfig=null} | ret=FAILURE
org.apache.hadoop.ozone.om.exceptions.OMException: Unable to get file status: volume: volume45503 bucket: bucket29530 key: .Trash/runner
	at org.apache.hadoop.ozone.om.KeyManagerImpl.getOzoneFileStatus(KeyManagerImpl.java:1195) ~[ozone-manager-1.4.0-SNAPSHOT.jar:?]
	at org.apache.hadoop.ozone.om.KeyManagerImpl.getFileStatus(KeyManagerImpl.java:1113) ~[ozone-manager-1.4.0-SNAPSHOT.jar:?]
	at org.apache.hadoop.ozone.om.OmMetadataReader.getFileStatus(OmMetadataReader.java:262) ~[ozone-manager-1.4.0-SNAPSHOT.jar:?]
	at org.apache.hadoop.ozone.om.OzoneManager.getFileStatus(OzoneManager.java:3513) ~[ozone-manager-1.4.0-SNAPSHOT.jar:?]
	at org.apache.hadoop.ozone.protocolPB.OzoneManagerRequestHandler.getOzoneFileStatus(OzoneManagerRequestHandler.java:973) ~[ozone-manager-1.4.0-SNAPSHOT.jar:?]
	at org.apache.hadoop.ozone.protocolPB.OzoneManagerRequestHandler.handleReadRequest(OzoneManagerRequestHandler.java:252) ~[ozone-manager-1.4.0-SNAPSHOT.jar:?]
	at org.apache.hadoop.ozone.protocolPB.OzoneManagerProtocolServerSideTranslatorPB.submitRequestDirectlyToOM(OzoneManagerProtocolServerSideTranslatorPB.java:274) ~[ozone-manager-1.4.0-SNAPSHOT.jar:?]
	at org.apache.hadoop.ozone.protocolPB.OzoneManagerProtocolServerSideTranslatorPB.processRequest(OzoneManagerProtocolServerSideTranslatorPB.java:175) ~[ozone-manager-1.4.0-SNAPSHOT.jar:?]
	at org.apache.hadoop.hdds.server.OzoneProtocolMessageDispatcher.processRequest(OzoneProtocolMessageDispatcher.java:87) [hdds-server-framework-1.4.0-SNAPSHOT.jar:?]
	at org.apache.hadoop.ozone.protocolPB.OzoneManagerProtocolServerSideTranslatorPB.submitRequest(OzoneManagerProtocolServerSideTranslatorPB.java:148) [ozone-manager-1.4.0-SNAPSHOT.jar:?]
	at org.apache.hadoop.ozone.protocol.proto.OzoneManagerProtocolProtos$OzoneManagerService$2.callBlockingMethod(OzoneManagerProtocolProtos.java) [ozone-interface-client-1.4.0-SNAPSHOT.jar:?]
	at org.apache.hadoop.ipc.ProtobufRpcEngine$Server.processCall(ProtobufRpcEngine.java:484) [hadoop-common-3.3.6.jar:?]
	at org.apache.hadoop.ipc.ProtobufRpcEngine2$Server$ProtoBufRpcInvoker.call(ProtobufRpcEngine2.java:595) [hadoop-common-3.3.6.jar:?]
	at org.apache.hadoop.ipc.ProtobufRpcEngine2$Server$ProtoBufRpcInvoker.call(ProtobufRpcEngine2.java:573) [hadoop-common-3.3.6.jar:?]
	at org.apache.hadoop.ipc.RPC$Server.call(RPC.java:1227) [hadoop-common-3.3.6.jar:?]
	at org.apache.hadoop.ipc.Server$RpcCall.run(Server.java:1094) [hadoop-common-3.3.6.jar:?]
	at org.apache.hadoop.ipc.Server$RpcCall.run(Server.java:1017) [hadoop-common-3.3.6.jar:?]
	at java.security.AccessController.doPrivileged(Native Method) ~[?:1.8.0_382]
	at javax.security.auth.Subject.doAs(Subject.java:422) [?:1.8.0_382]
	at org.apache.hadoop.security.UserGroupInformation.doAs(UserGroupInformation.java:1899) [hadoop-common-3.3.6.jar:?]
	at org.apache.hadoop.ipc.Server$Handler.run(Server.java:3048) [hadoop-common-3.3.6.jar:?]
]]></system-out>
  </testcase>
  <testcase name="testCreateDoesNotAddParentDirKeys" classname="TestOzoneFileSystem" time="0.066">
    <system-out><![CDATA[11:33:06.639 [IPC Server handler 0 on default port 15004] ERROR OMAudit - user=runner | ip=127.0.0.1 | op=READ_KEY {volume=volume54121, bucket=bucket59518, key=testCreateDoesNotAddParentDirKeys/parent/, dataSize=0, replicationConfig=null} | ret=FAILURE
org.apache.hadoop.ozone.om.exceptions.OMException: Key:testCreateDoesNotAddParentDirKeys/parent not found
	at org.apache.hadoop.ozone.om.KeyManagerImpl.readKeyInfo(KeyManagerImpl.java:427) ~[ozone-manager-1.4.0-SNAPSHOT.jar:?]
	at org.apache.hadoop.ozone.om.KeyManagerImpl.lambda$9(KeyManagerImpl.java:1931) ~[ozone-manager-1.4.0-SNAPSHOT.jar:?]
	at org.apache.hadoop.util.MetricUtil.captureLatencyNs(MetricUtil.java:39) ~[hdds-common-1.4.0-SNAPSHOT.jar:?]
	at org.apache.hadoop.ozone.om.KeyManagerImpl.getKeyInfo(KeyManagerImpl.java:1929) ~[ozone-manager-1.4.0-SNAPSHOT.jar:?]
	at org.apache.hadoop.ozone.om.OmMetadataReader.getKeyInfo(OmMetadataReader.java:185) ~[ozone-manager-1.4.0-SNAPSHOT.jar:?]
	at org.apache.hadoop.ozone.om.OzoneManager.getKeyInfo(OzoneManager.java:2810) ~[ozone-manager-1.4.0-SNAPSHOT.jar:?]
	at org.apache.hadoop.ozone.protocolPB.OzoneManagerRequestHandler.getKeyInfo(OzoneManagerRequestHandler.java:587) ~[ozone-manager-1.4.0-SNAPSHOT.jar:?]
	at org.apache.hadoop.ozone.protocolPB.OzoneManagerRequestHandler.handleReadRequest(OzoneManagerRequestHandler.java:306) ~[ozone-manager-1.4.0-SNAPSHOT.jar:?]
	at org.apache.hadoop.ozone.protocolPB.OzoneManagerProtocolServerSideTranslatorPB.submitReadRequestToOM(OzoneManagerProtocolServerSideTranslatorPB.java:225) ~[ozone-manager-1.4.0-SNAPSHOT.jar:?]
	at org.apache.hadoop.ozone.protocolPB.OzoneManagerProtocolServerSideTranslatorPB.processRequest(OzoneManagerProtocolServerSideTranslatorPB.java:179) ~[ozone-manager-1.4.0-SNAPSHOT.jar:?]
	at org.apache.hadoop.hdds.server.OzoneProtocolMessageDispatcher.processRequest(OzoneProtocolMessageDispatcher.java:87) [hdds-server-framework-1.4.0-SNAPSHOT.jar:?]
	at org.apache.hadoop.ozone.protocolPB.OzoneManagerProtocolServerSideTranslatorPB.submitRequest(OzoneManagerProtocolServerSideTranslatorPB.java:148) [ozone-manager-1.4.0-SNAPSHOT.jar:?]
	at org.apache.hadoop.ozone.protocol.proto.OzoneManagerProtocolProtos$OzoneManagerService$2.callBlockingMethod(OzoneManagerProtocolProtos.java) [ozone-interface-client-1.4.0-SNAPSHOT.jar:?]
	at org.apache.hadoop.ipc.ProtobufRpcEngine$Server.processCall(ProtobufRpcEngine.java:484) [hadoop-common-3.3.6.jar:?]
	at org.apache.hadoop.ipc.ProtobufRpcEngine2$Server$ProtoBufRpcInvoker.call(ProtobufRpcEngine2.java:595) [hadoop-common-3.3.6.jar:?]
	at org.apache.hadoop.ipc.ProtobufRpcEngine2$Server$ProtoBufRpcInvoker.call(ProtobufRpcEngine2.java:573) [hadoop-common-3.3.6.jar:?]
	at org.apache.hadoop.ipc.RPC$Server.call(RPC.java:1227) [hadoop-common-3.3.6.jar:?]
	at org.apache.hadoop.ipc.Server$RpcCall.run(Server.java:1094) [hadoop-common-3.3.6.jar:?]
	at org.apache.hadoop.ipc.Server$RpcCall.run(Server.java:1017) [hadoop-common-3.3.6.jar:?]
	at java.security.AccessController.doPrivileged(Native Method) ~[?:1.8.0_382]
	at javax.security.auth.Subject.doAs(Subject.java:422) [?:1.8.0_382]
	at org.apache.hadoop.security.UserGroupInformation.doAs(UserGroupInformation.java:1899) [hadoop-common-3.3.6.jar:?]
	at org.apache.hadoop.ipc.Server$Handler.run(Server.java:3048) [hadoop-common-3.3.6.jar:?]
]]></system-out>
  </testcase>
  <testcase name="testCreateDoesNotAddParentDirKeys" classname="TestOzoneFileSystem" time="0.03">
    <system-out><![CDATA[11:35:01.461 [IPC Server handler 6 on default port 15057] ERROR OMAudit - user=runner | ip=127.0.0.1 | op=READ_KEY {volume=volume67780, bucket=bucket36604, key=testCreateDoesNotAddParentDirKeys/parent/, dataSize=0, replicationConfig=null} | ret=FAILURE
org.apache.hadoop.ozone.om.exceptions.OMException: Key:testCreateDoesNotAddParentDirKeys/parent not found
	at org.apache.hadoop.ozone.om.KeyManagerImpl.readKeyInfo(KeyManagerImpl.java:427) ~[ozone-manager-1.4.0-SNAPSHOT.jar:?]
	at org.apache.hadoop.ozone.om.KeyManagerImpl.lambda$9(KeyManagerImpl.java:1931) ~[ozone-manager-1.4.0-SNAPSHOT.jar:?]
	at org.apache.hadoop.util.MetricUtil.captureLatencyNs(MetricUtil.java:39) ~[hdds-common-1.4.0-SNAPSHOT.jar:?]
	at org.apache.hadoop.ozone.om.KeyManagerImpl.getKeyInfo(KeyManagerImpl.java:1929) ~[ozone-manager-1.4.0-SNAPSHOT.jar:?]
	at org.apache.hadoop.ozone.om.OmMetadataReader.getKeyInfo(OmMetadataReader.java:185) ~[ozone-manager-1.4.0-SNAPSHOT.jar:?]
	at org.apache.hadoop.ozone.om.OzoneManager.getKeyInfo(OzoneManager.java:2810) ~[ozone-manager-1.4.0-SNAPSHOT.jar:?]
	at org.apache.hadoop.ozone.protocolPB.OzoneManagerRequestHandler.getKeyInfo(OzoneManagerRequestHandler.java:587) ~[ozone-manager-1.4.0-SNAPSHOT.jar:?]
	at org.apache.hadoop.ozone.protocolPB.OzoneManagerRequestHandler.handleReadRequest(OzoneManagerRequestHandler.java:306) ~[ozone-manager-1.4.0-SNAPSHOT.jar:?]
	at org.apache.hadoop.ozone.protocolPB.OzoneManagerProtocolServerSideTranslatorPB.submitRequestDirectlyToOM(OzoneManagerProtocolServerSideTranslatorPB.java:274) ~[ozone-manager-1.4.0-SNAPSHOT.jar:?]
	at org.apache.hadoop.ozone.protocolPB.OzoneManagerProtocolServerSideTranslatorPB.processRequest(OzoneManagerProtocolServerSideTranslatorPB.java:175) ~[ozone-manager-1.4.0-SNAPSHOT.jar:?]
	at org.apache.hadoop.hdds.server.OzoneProtocolMessageDispatcher.processRequest(OzoneProtocolMessageDispatcher.java:87) [hdds-server-framework-1.4.0-SNAPSHOT.jar:?]
	at org.apache.hadoop.ozone.protocolPB.OzoneManagerProtocolServerSideTranslatorPB.submitRequest(OzoneManagerProtocolServerSideTranslatorPB.java:148) [ozone-manager-1.4.0-SNAPSHOT.jar:?]
	at org.apache.hadoop.ozone.protocol.proto.OzoneManagerProtocolProtos$OzoneManagerService$2.callBlockingMethod(OzoneManagerProtocolProtos.java) [ozone-interface-client-1.4.0-SNAPSHOT.jar:?]
	at org.apache.hadoop.ipc.ProtobufRpcEngine$Server.processCall(ProtobufRpcEngine.java:484) [hadoop-common-3.3.6.jar:?]
	at org.apache.hadoop.ipc.ProtobufRpcEngine2$Server$ProtoBufRpcInvoker.call(ProtobufRpcEngine2.java:595) [hadoop-common-3.3.6.jar:?]
	at org.apache.hadoop.ipc.ProtobufRpcEngine2$Server$ProtoBufRpcInvoker.call(ProtobufRpcEngine2.java:573) [hadoop-common-3.3.6.jar:?]
	at org.apache.hadoop.ipc.RPC$Server.call(RPC.java:1227) [hadoop-common-3.3.6.jar:?]
	at org.apache.hadoop.ipc.Server$RpcCall.run(Server.java:1094) [hadoop-common-3.3.6.jar:?]
	at org.apache.hadoop.ipc.Server$RpcCall.run(Server.java:1017) [hadoop-common-3.3.6.jar:?]
	at java.security.AccessController.doPrivileged(Native Method) ~[?:1.8.0_382]
	at javax.security.auth.Subject.doAs(Subject.java:422) [?:1.8.0_382]
	at org.apache.hadoop.security.UserGroupInformation.doAs(UserGroupInformation.java:1899) [hadoop-common-3.3.6.jar:?]
	at org.apache.hadoop.ipc.Server$Handler.run(Server.java:3048) [hadoop-common-3.3.6.jar:?]
]]></system-out>
  </testcase>
  <testcase name="testCreateDoesNotAddParentDirKeys" classname="TestOzoneFileSystem" time="0.034"/>
  <testcase name="testCreateDoesNotAddParentDirKeys" classname="TestOzoneFileSystem" time="0.027"/>
  <testcase name="testDeleteCreatesFakeParentDir" classname="TestOzoneFileSystem" time="0.055">
    <system-out><![CDATA[11:33:06.691 [IPC Server handler 5 on default port 15004] ERROR OMAudit - user=runner | ip=127.0.0.1 | op=READ_KEY {volume=volume54121, bucket=bucket59518, key=testDeleteCreatesFakeParentDir/parent/, dataSize=0, replicationConfig=null} | ret=FAILURE
org.apache.hadoop.ozone.om.exceptions.OMException: Key:testDeleteCreatesFakeParentDir/parent not found
	at org.apache.hadoop.ozone.om.KeyManagerImpl.readKeyInfo(KeyManagerImpl.java:427) ~[ozone-manager-1.4.0-SNAPSHOT.jar:?]
	at org.apache.hadoop.ozone.om.KeyManagerImpl.lambda$9(KeyManagerImpl.java:1931) ~[ozone-manager-1.4.0-SNAPSHOT.jar:?]
	at org.apache.hadoop.util.MetricUtil.captureLatencyNs(MetricUtil.java:39) ~[hdds-common-1.4.0-SNAPSHOT.jar:?]
	at org.apache.hadoop.ozone.om.KeyManagerImpl.getKeyInfo(KeyManagerImpl.java:1929) ~[ozone-manager-1.4.0-SNAPSHOT.jar:?]
	at org.apache.hadoop.ozone.om.OmMetadataReader.getKeyInfo(OmMetadataReader.java:185) ~[ozone-manager-1.4.0-SNAPSHOT.jar:?]
	at org.apache.hadoop.ozone.om.OzoneManager.getKeyInfo(OzoneManager.java:2810) ~[ozone-manager-1.4.0-SNAPSHOT.jar:?]
	at org.apache.hadoop.ozone.protocolPB.OzoneManagerRequestHandler.getKeyInfo(OzoneManagerRequestHandler.java:587) ~[ozone-manager-1.4.0-SNAPSHOT.jar:?]
	at org.apache.hadoop.ozone.protocolPB.OzoneManagerRequestHandler.handleReadRequest(OzoneManagerRequestHandler.java:306) ~[ozone-manager-1.4.0-SNAPSHOT.jar:?]
	at org.apache.hadoop.ozone.protocolPB.OzoneManagerProtocolServerSideTranslatorPB.submitReadRequestToOM(OzoneManagerProtocolServerSideTranslatorPB.java:225) ~[ozone-manager-1.4.0-SNAPSHOT.jar:?]
	at org.apache.hadoop.ozone.protocolPB.OzoneManagerProtocolServerSideTranslatorPB.processRequest(OzoneManagerProtocolServerSideTranslatorPB.java:179) ~[ozone-manager-1.4.0-SNAPSHOT.jar:?]
	at org.apache.hadoop.hdds.server.OzoneProtocolMessageDispatcher.processRequest(OzoneProtocolMessageDispatcher.java:87) [hdds-server-framework-1.4.0-SNAPSHOT.jar:?]
	at org.apache.hadoop.ozone.protocolPB.OzoneManagerProtocolServerSideTranslatorPB.submitRequest(OzoneManagerProtocolServerSideTranslatorPB.java:148) [ozone-manager-1.4.0-SNAPSHOT.jar:?]
	at org.apache.hadoop.ozone.protocol.proto.OzoneManagerProtocolProtos$OzoneManagerService$2.callBlockingMethod(OzoneManagerProtocolProtos.java) [ozone-interface-client-1.4.0-SNAPSHOT.jar:?]
	at org.apache.hadoop.ipc.ProtobufRpcEngine$Server.processCall(ProtobufRpcEngine.java:484) [hadoop-common-3.3.6.jar:?]
	at org.apache.hadoop.ipc.ProtobufRpcEngine2$Server$ProtoBufRpcInvoker.call(ProtobufRpcEngine2.java:595) [hadoop-common-3.3.6.jar:?]
	at org.apache.hadoop.ipc.ProtobufRpcEngine2$Server$ProtoBufRpcInvoker.call(ProtobufRpcEngine2.java:573) [hadoop-common-3.3.6.jar:?]
	at org.apache.hadoop.ipc.RPC$Server.call(RPC.java:1227) [hadoop-common-3.3.6.jar:?]
	at org.apache.hadoop.ipc.Server$RpcCall.run(Server.java:1094) [hadoop-common-3.3.6.jar:?]
	at org.apache.hadoop.ipc.Server$RpcCall.run(Server.java:1017) [hadoop-common-3.3.6.jar:?]
	at java.security.AccessController.doPrivileged(Native Method) ~[?:1.8.0_382]
	at javax.security.auth.Subject.doAs(Subject.java:422) [?:1.8.0_382]
	at org.apache.hadoop.security.UserGroupInformation.doAs(UserGroupInformation.java:1899) [hadoop-common-3.3.6.jar:?]
	at org.apache.hadoop.ipc.Server$Handler.run(Server.java:3048) [hadoop-common-3.3.6.jar:?]
]]></system-out>
  </testcase>
  <testcase name="testDeleteCreatesFakeParentDir" classname="TestOzoneFileSystem" time="0.025">
    <system-out><![CDATA[11:35:01.487 [IPC Server handler 1 on default port 15057] ERROR OMAudit - user=runner | ip=127.0.0.1 | op=READ_KEY {volume=volume67780, bucket=bucket36604, key=testDeleteCreatesFakeParentDir/parent/, dataSize=0, replicationConfig=null} | ret=FAILURE
org.apache.hadoop.ozone.om.exceptions.OMException: Key:testDeleteCreatesFakeParentDir/parent not found
	at org.apache.hadoop.ozone.om.KeyManagerImpl.readKeyInfo(KeyManagerImpl.java:427) ~[ozone-manager-1.4.0-SNAPSHOT.jar:?]
	at org.apache.hadoop.ozone.om.KeyManagerImpl.lambda$9(KeyManagerImpl.java:1931) ~[ozone-manager-1.4.0-SNAPSHOT.jar:?]
	at org.apache.hadoop.util.MetricUtil.captureLatencyNs(MetricUtil.java:39) ~[hdds-common-1.4.0-SNAPSHOT.jar:?]
	at org.apache.hadoop.ozone.om.KeyManagerImpl.getKeyInfo(KeyManagerImpl.java:1929) ~[ozone-manager-1.4.0-SNAPSHOT.jar:?]
	at org.apache.hadoop.ozone.om.OmMetadataReader.getKeyInfo(OmMetadataReader.java:185) ~[ozone-manager-1.4.0-SNAPSHOT.jar:?]
	at org.apache.hadoop.ozone.om.OzoneManager.getKeyInfo(OzoneManager.java:2810) ~[ozone-manager-1.4.0-SNAPSHOT.jar:?]
	at org.apache.hadoop.ozone.protocolPB.OzoneManagerRequestHandler.getKeyInfo(OzoneManagerRequestHandler.java:587) ~[ozone-manager-1.4.0-SNAPSHOT.jar:?]
	at org.apache.hadoop.ozone.protocolPB.OzoneManagerRequestHandler.handleReadRequest(OzoneManagerRequestHandler.java:306) ~[ozone-manager-1.4.0-SNAPSHOT.jar:?]
	at org.apache.hadoop.ozone.protocolPB.OzoneManagerProtocolServerSideTranslatorPB.submitRequestDirectlyToOM(OzoneManagerProtocolServerSideTranslatorPB.java:274) ~[ozone-manager-1.4.0-SNAPSHOT.jar:?]
	at org.apache.hadoop.ozone.protocolPB.OzoneManagerProtocolServerSideTranslatorPB.processRequest(OzoneManagerProtocolServerSideTranslatorPB.java:175) ~[ozone-manager-1.4.0-SNAPSHOT.jar:?]
	at org.apache.hadoop.hdds.server.OzoneProtocolMessageDispatcher.processRequest(OzoneProtocolMessageDispatcher.java:87) [hdds-server-framework-1.4.0-SNAPSHOT.jar:?]
	at org.apache.hadoop.ozone.protocolPB.OzoneManagerProtocolServerSideTranslatorPB.submitRequest(OzoneManagerProtocolServerSideTranslatorPB.java:148) [ozone-manager-1.4.0-SNAPSHOT.jar:?]
	at org.apache.hadoop.ozone.protocol.proto.OzoneManagerProtocolProtos$OzoneManagerService$2.callBlockingMethod(OzoneManagerProtocolProtos.java) [ozone-interface-client-1.4.0-SNAPSHOT.jar:?]
	at org.apache.hadoop.ipc.ProtobufRpcEngine$Server.processCall(ProtobufRpcEngine.java:484) [hadoop-common-3.3.6.jar:?]
	at org.apache.hadoop.ipc.ProtobufRpcEngine2$Server$ProtoBufRpcInvoker.call(ProtobufRpcEngine2.java:595) [hadoop-common-3.3.6.jar:?]
	at org.apache.hadoop.ipc.ProtobufRpcEngine2$Server$ProtoBufRpcInvoker.call(ProtobufRpcEngine2.java:573) [hadoop-common-3.3.6.jar:?]
	at org.apache.hadoop.ipc.RPC$Server.call(RPC.java:1227) [hadoop-common-3.3.6.jar:?]
	at org.apache.hadoop.ipc.Server$RpcCall.run(Server.java:1094) [hadoop-common-3.3.6.jar:?]
	at org.apache.hadoop.ipc.Server$RpcCall.run(Server.java:1017) [hadoop-common-3.3.6.jar:?]
	at java.security.AccessController.doPrivileged(Native Method) ~[?:1.8.0_382]
	at javax.security.auth.Subject.doAs(Subject.java:422) [?:1.8.0_382]
	at org.apache.hadoop.security.UserGroupInformation.doAs(UserGroupInformation.java:1899) [hadoop-common-3.3.6.jar:?]
	at org.apache.hadoop.ipc.Server$Handler.run(Server.java:3048) [hadoop-common-3.3.6.jar:?]
]]></system-out>
  </testcase>
  <testcase name="testDeleteCreatesFakeParentDir" classname="TestOzoneFileSystem" time="0.025"/>
  <testcase name="testDeleteCreatesFakeParentDir" classname="TestOzoneFileSystem" time="0.019"/>
  <testcase name="testListStatusOnKeyNameContainDelimiter" classname="TestOzoneFileSystem" time="0.065"/>
  <testcase name="testListStatusOnKeyNameContainDelimiter" classname="TestOzoneFileSystem" time="0.03"/>
  <testcase name="testListStatusOnKeyNameContainDelimiter" classname="TestOzoneFileSystem" time="0.028"/>
  <testcase name="testListStatusOnKeyNameContainDelimiter" classname="TestOzoneFileSystem" time="0.018"/>
  <testcase name="testNonExplicitlyCreatedPathExistsAfterItsLeafsWereRemoved" classname="TestOzoneFileSystem" time="0.064">
    <system-out><![CDATA[11:33:06.810 [IPC Server handler 7 on default port 15004] ERROR OMAudit - user=runner | ip=127.0.0.1 | op=GET_FILE_STATUS {volume=volume54121, bucket=bucket59518, key=target/leaf, dataSize=0, replicationConfig=null} | ret=FAILURE
org.apache.hadoop.ozone.om.exceptions.OMException: Unable to get file status: volume: volume54121 bucket: bucket59518 key: target/leaf
	at org.apache.hadoop.ozone.om.KeyManagerImpl.getOzoneFileStatus(KeyManagerImpl.java:1195) ~[ozone-manager-1.4.0-SNAPSHOT.jar:?]
	at org.apache.hadoop.ozone.om.KeyManagerImpl.getFileStatus(KeyManagerImpl.java:1113) ~[ozone-manager-1.4.0-SNAPSHOT.jar:?]
	at org.apache.hadoop.ozone.om.OmMetadataReader.getFileStatus(OmMetadataReader.java:262) ~[ozone-manager-1.4.0-SNAPSHOT.jar:?]
	at org.apache.hadoop.ozone.om.OzoneManager.getFileStatus(OzoneManager.java:3513) ~[ozone-manager-1.4.0-SNAPSHOT.jar:?]
	at org.apache.hadoop.ozone.protocolPB.OzoneManagerRequestHandler.getOzoneFileStatus(OzoneManagerRequestHandler.java:973) ~[ozone-manager-1.4.0-SNAPSHOT.jar:?]
	at org.apache.hadoop.ozone.protocolPB.OzoneManagerRequestHandler.handleReadRequest(OzoneManagerRequestHandler.java:252) ~[ozone-manager-1.4.0-SNAPSHOT.jar:?]
	at org.apache.hadoop.ozone.protocolPB.OzoneManagerProtocolServerSideTranslatorPB.submitReadRequestToOM(OzoneManagerProtocolServerSideTranslatorPB.java:225) ~[ozone-manager-1.4.0-SNAPSHOT.jar:?]
	at org.apache.hadoop.ozone.protocolPB.OzoneManagerProtocolServerSideTranslatorPB.processRequest(OzoneManagerProtocolServerSideTranslatorPB.java:179) ~[ozone-manager-1.4.0-SNAPSHOT.jar:?]
	at org.apache.hadoop.hdds.server.OzoneProtocolMessageDispatcher.processRequest(OzoneProtocolMessageDispatcher.java:87) [hdds-server-framework-1.4.0-SNAPSHOT.jar:?]
	at org.apache.hadoop.ozone.protocolPB.OzoneManagerProtocolServerSideTranslatorPB.submitRequest(OzoneManagerProtocolServerSideTranslatorPB.java:148) [ozone-manager-1.4.0-SNAPSHOT.jar:?]
	at org.apache.hadoop.ozone.protocol.proto.OzoneManagerProtocolProtos$OzoneManagerService$2.callBlockingMethod(OzoneManagerProtocolProtos.java) [ozone-interface-client-1.4.0-SNAPSHOT.jar:?]
	at org.apache.hadoop.ipc.ProtobufRpcEngine$Server.processCall(ProtobufRpcEngine.java:484) [hadoop-common-3.3.6.jar:?]
	at org.apache.hadoop.ipc.ProtobufRpcEngine2$Server$ProtoBufRpcInvoker.call(ProtobufRpcEngine2.java:595) [hadoop-common-3.3.6.jar:?]
	at org.apache.hadoop.ipc.ProtobufRpcEngine2$Server$ProtoBufRpcInvoker.call(ProtobufRpcEngine2.java:573) [hadoop-common-3.3.6.jar:?]
	at org.apache.hadoop.ipc.RPC$Server.call(RPC.java:1227) [hadoop-common-3.3.6.jar:?]
	at org.apache.hadoop.ipc.Server$RpcCall.run(Server.java:1094) [hadoop-common-3.3.6.jar:?]
	at org.apache.hadoop.ipc.Server$RpcCall.run(Server.java:1017) [hadoop-common-3.3.6.jar:?]
	at java.security.AccessController.doPrivileged(Native Method) ~[?:1.8.0_382]
	at javax.security.auth.Subject.doAs(Subject.java:422) [?:1.8.0_382]
	at org.apache.hadoop.security.UserGroupInformation.doAs(UserGroupInformation.java:1899) [hadoop-common-3.3.6.jar:?]
	at org.apache.hadoop.ipc.Server$Handler.run(Server.java:3048) [hadoop-common-3.3.6.jar:?]
]]></system-out>
  </testcase>
  <testcase name="testNonExplicitlyCreatedPathExistsAfterItsLeafsWereRemoved" classname="TestOzoneFileSystem" time="0.032">
    <system-out><![CDATA[11:35:01.541 [IPC Server handler 15 on default port 15057] ERROR OMAudit - user=runner | ip=127.0.0.1 | op=GET_FILE_STATUS {volume=volume67780, bucket=bucket36604, key=target/leaf, dataSize=0, replicationConfig=null} | ret=FAILURE
org.apache.hadoop.ozone.om.exceptions.OMException: Unable to get file status: volume: volume67780 bucket: bucket36604 key: target/leaf
	at org.apache.hadoop.ozone.om.KeyManagerImpl.getOzoneFileStatus(KeyManagerImpl.java:1195) ~[ozone-manager-1.4.0-SNAPSHOT.jar:?]
	at org.apache.hadoop.ozone.om.KeyManagerImpl.getFileStatus(KeyManagerImpl.java:1113) ~[ozone-manager-1.4.0-SNAPSHOT.jar:?]
	at org.apache.hadoop.ozone.om.OmMetadataReader.getFileStatus(OmMetadataReader.java:262) ~[ozone-manager-1.4.0-SNAPSHOT.jar:?]
	at org.apache.hadoop.ozone.om.OzoneManager.getFileStatus(OzoneManager.java:3513) ~[ozone-manager-1.4.0-SNAPSHOT.jar:?]
	at org.apache.hadoop.ozone.protocolPB.OzoneManagerRequestHandler.getOzoneFileStatus(OzoneManagerRequestHandler.java:973) ~[ozone-manager-1.4.0-SNAPSHOT.jar:?]
	at org.apache.hadoop.ozone.protocolPB.OzoneManagerRequestHandler.handleReadRequest(OzoneManagerRequestHandler.java:252) ~[ozone-manager-1.4.0-SNAPSHOT.jar:?]
	at org.apache.hadoop.ozone.protocolPB.OzoneManagerProtocolServerSideTranslatorPB.submitRequestDirectlyToOM(OzoneManagerProtocolServerSideTranslatorPB.java:274) ~[ozone-manager-1.4.0-SNAPSHOT.jar:?]
	at org.apache.hadoop.ozone.protocolPB.OzoneManagerProtocolServerSideTranslatorPB.processRequest(OzoneManagerProtocolServerSideTranslatorPB.java:175) ~[ozone-manager-1.4.0-SNAPSHOT.jar:?]
	at org.apache.hadoop.hdds.server.OzoneProtocolMessageDispatcher.processRequest(OzoneProtocolMessageDispatcher.java:87) [hdds-server-framework-1.4.0-SNAPSHOT.jar:?]
	at org.apache.hadoop.ozone.protocolPB.OzoneManagerProtocolServerSideTranslatorPB.submitRequest(OzoneManagerProtocolServerSideTranslatorPB.java:148) [ozone-manager-1.4.0-SNAPSHOT.jar:?]
	at org.apache.hadoop.ozone.protocol.proto.OzoneManagerProtocolProtos$OzoneManagerService$2.callBlockingMethod(OzoneManagerProtocolProtos.java) [ozone-interface-client-1.4.0-SNAPSHOT.jar:?]
	at org.apache.hadoop.ipc.ProtobufRpcEngine$Server.processCall(ProtobufRpcEngine.java:484) [hadoop-common-3.3.6.jar:?]
	at org.apache.hadoop.ipc.ProtobufRpcEngine2$Server$ProtoBufRpcInvoker.call(ProtobufRpcEngine2.java:595) [hadoop-common-3.3.6.jar:?]
	at org.apache.hadoop.ipc.ProtobufRpcEngine2$Server$ProtoBufRpcInvoker.call(ProtobufRpcEngine2.java:573) [hadoop-common-3.3.6.jar:?]
	at org.apache.hadoop.ipc.RPC$Server.call(RPC.java:1227) [hadoop-common-3.3.6.jar:?]
	at org.apache.hadoop.ipc.Server$RpcCall.run(Server.java:1094) [hadoop-common-3.3.6.jar:?]
	at org.apache.hadoop.ipc.Server$RpcCall.run(Server.java:1017) [hadoop-common-3.3.6.jar:?]
	at java.security.AccessController.doPrivileged(Native Method) ~[?:1.8.0_382]
	at javax.security.auth.Subject.doAs(Subject.java:422) [?:1.8.0_382]
	at org.apache.hadoop.security.UserGroupInformation.doAs(UserGroupInformation.java:1899) [hadoop-common-3.3.6.jar:?]
	at org.apache.hadoop.ipc.Server$Handler.run(Server.java:3048) [hadoop-common-3.3.6.jar:?]
]]></system-out>
  </testcase>
  <testcase name="testNonExplicitlyCreatedPathExistsAfterItsLeafsWereRemoved" classname="TestOzoneFileSystem" time="0.036">
    <system-out><![CDATA[11:36:25.641 [IPC Server handler 19 on default port 15110] ERROR OMAudit - user=runner | ip=127.0.0.1 | op=GET_FILE_STATUS {volume=volume79256, bucket=bucket28461, key=target/leaf, dataSize=0, replicationConfig=null} | ret=FAILURE
org.apache.hadoop.ozone.om.exceptions.OMException: Unable to get file status: volume: volume79256 bucket: bucket28461 key: target/leaf
	at org.apache.hadoop.ozone.om.KeyManagerImpl.getOzoneFileStatus(KeyManagerImpl.java:1195) ~[ozone-manager-1.4.0-SNAPSHOT.jar:?]
	at org.apache.hadoop.ozone.om.KeyManagerImpl.getFileStatus(KeyManagerImpl.java:1113) ~[ozone-manager-1.4.0-SNAPSHOT.jar:?]
	at org.apache.hadoop.ozone.om.OmMetadataReader.getFileStatus(OmMetadataReader.java:262) ~[ozone-manager-1.4.0-SNAPSHOT.jar:?]
	at org.apache.hadoop.ozone.om.OzoneManager.getFileStatus(OzoneManager.java:3513) ~[ozone-manager-1.4.0-SNAPSHOT.jar:?]
	at org.apache.hadoop.ozone.protocolPB.OzoneManagerRequestHandler.getOzoneFileStatus(OzoneManagerRequestHandler.java:973) ~[ozone-manager-1.4.0-SNAPSHOT.jar:?]
	at org.apache.hadoop.ozone.protocolPB.OzoneManagerRequestHandler.handleReadRequest(OzoneManagerRequestHandler.java:252) ~[ozone-manager-1.4.0-SNAPSHOT.jar:?]
	at org.apache.hadoop.ozone.protocolPB.OzoneManagerProtocolServerSideTranslatorPB.submitReadRequestToOM(OzoneManagerProtocolServerSideTranslatorPB.java:225) ~[ozone-manager-1.4.0-SNAPSHOT.jar:?]
	at org.apache.hadoop.ozone.protocolPB.OzoneManagerProtocolServerSideTranslatorPB.processRequest(OzoneManagerProtocolServerSideTranslatorPB.java:179) ~[ozone-manager-1.4.0-SNAPSHOT.jar:?]
	at org.apache.hadoop.hdds.server.OzoneProtocolMessageDispatcher.processRequest(OzoneProtocolMessageDispatcher.java:87) [hdds-server-framework-1.4.0-SNAPSHOT.jar:?]
	at org.apache.hadoop.ozone.protocolPB.OzoneManagerProtocolServerSideTranslatorPB.submitRequest(OzoneManagerProtocolServerSideTranslatorPB.java:148) [ozone-manager-1.4.0-SNAPSHOT.jar:?]
	at org.apache.hadoop.ozone.protocol.proto.OzoneManagerProtocolProtos$OzoneManagerService$2.callBlockingMethod(OzoneManagerProtocolProtos.java) [ozone-interface-client-1.4.0-SNAPSHOT.jar:?]
	at org.apache.hadoop.ipc.ProtobufRpcEngine$Server.processCall(ProtobufRpcEngine.java:484) [hadoop-common-3.3.6.jar:?]
	at org.apache.hadoop.ipc.ProtobufRpcEngine2$Server$ProtoBufRpcInvoker.call(ProtobufRpcEngine2.java:595) [hadoop-common-3.3.6.jar:?]
	at org.apache.hadoop.ipc.ProtobufRpcEngine2$Server$ProtoBufRpcInvoker.call(ProtobufRpcEngine2.java:573) [hadoop-common-3.3.6.jar:?]
	at org.apache.hadoop.ipc.RPC$Server.call(RPC.java:1227) [hadoop-common-3.3.6.jar:?]
	at org.apache.hadoop.ipc.Server$RpcCall.run(Server.java:1094) [hadoop-common-3.3.6.jar:?]
	at org.apache.hadoop.ipc.Server$RpcCall.run(Server.java:1017) [hadoop-common-3.3.6.jar:?]
	at java.security.AccessController.doPrivileged(Native Method) ~[?:1.8.0_382]
	at javax.security.auth.Subject.doAs(Subject.java:422) [?:1.8.0_382]
	at org.apache.hadoop.security.UserGroupInformation.doAs(UserGroupInformation.java:1899) [hadoop-common-3.3.6.jar:?]
	at org.apache.hadoop.ipc.Server$Handler.run(Server.java:3048) [hadoop-common-3.3.6.jar:?]
]]></system-out>
  </testcase>
  <testcase name="testNonExplicitlyCreatedPathExistsAfterItsLeafsWereRemoved" classname="TestOzoneFileSystem" time="0.047">
    <system-out><![CDATA[11:38:01.447 [IPC Server handler 2 on default port 15163] ERROR OMAudit - user=runner | ip=127.0.0.1 | op=GET_FILE_STATUS {volume=volume45503, bucket=bucket29530, key=target/leaf, dataSize=0, replicationConfig=null} | ret=FAILURE
org.apache.hadoop.ozone.om.exceptions.OMException: Unable to get file status: volume: volume45503 bucket: bucket29530 key: target/leaf
	at org.apache.hadoop.ozone.om.KeyManagerImpl.getOzoneFileStatus(KeyManagerImpl.java:1195) ~[ozone-manager-1.4.0-SNAPSHOT.jar:?]
	at org.apache.hadoop.ozone.om.KeyManagerImpl.getFileStatus(KeyManagerImpl.java:1113) ~[ozone-manager-1.4.0-SNAPSHOT.jar:?]
	at org.apache.hadoop.ozone.om.OmMetadataReader.getFileStatus(OmMetadataReader.java:262) ~[ozone-manager-1.4.0-SNAPSHOT.jar:?]
	at org.apache.hadoop.ozone.om.OzoneManager.getFileStatus(OzoneManager.java:3513) ~[ozone-manager-1.4.0-SNAPSHOT.jar:?]
	at org.apache.hadoop.ozone.protocolPB.OzoneManagerRequestHandler.getOzoneFileStatus(OzoneManagerRequestHandler.java:973) ~[ozone-manager-1.4.0-SNAPSHOT.jar:?]
	at org.apache.hadoop.ozone.protocolPB.OzoneManagerRequestHandler.handleReadRequest(OzoneManagerRequestHandler.java:252) ~[ozone-manager-1.4.0-SNAPSHOT.jar:?]
	at org.apache.hadoop.ozone.protocolPB.OzoneManagerProtocolServerSideTranslatorPB.submitRequestDirectlyToOM(OzoneManagerProtocolServerSideTranslatorPB.java:274) ~[ozone-manager-1.4.0-SNAPSHOT.jar:?]
	at org.apache.hadoop.ozone.protocolPB.OzoneManagerProtocolServerSideTranslatorPB.processRequest(OzoneManagerProtocolServerSideTranslatorPB.java:175) ~[ozone-manager-1.4.0-SNAPSHOT.jar:?]
	at org.apache.hadoop.hdds.server.OzoneProtocolMessageDispatcher.processRequest(OzoneProtocolMessageDispatcher.java:87) [hdds-server-framework-1.4.0-SNAPSHOT.jar:?]
	at org.apache.hadoop.ozone.protocolPB.OzoneManagerProtocolServerSideTranslatorPB.submitRequest(OzoneManagerProtocolServerSideTranslatorPB.java:148) [ozone-manager-1.4.0-SNAPSHOT.jar:?]
	at org.apache.hadoop.ozone.protocol.proto.OzoneManagerProtocolProtos$OzoneManagerService$2.callBlockingMethod(OzoneManagerProtocolProtos.java) [ozone-interface-client-1.4.0-SNAPSHOT.jar:?]
	at org.apache.hadoop.ipc.ProtobufRpcEngine$Server.processCall(ProtobufRpcEngine.java:484) [hadoop-common-3.3.6.jar:?]
	at org.apache.hadoop.ipc.ProtobufRpcEngine2$Server$ProtoBufRpcInvoker.call(ProtobufRpcEngine2.java:595) [hadoop-common-3.3.6.jar:?]
	at org.apache.hadoop.ipc.ProtobufRpcEngine2$Server$ProtoBufRpcInvoker.call(ProtobufRpcEngine2.java:573) [hadoop-common-3.3.6.jar:?]
	at org.apache.hadoop.ipc.RPC$Server.call(RPC.java:1227) [hadoop-common-3.3.6.jar:?]
	at org.apache.hadoop.ipc.Server$RpcCall.run(Server.java:1094) [hadoop-common-3.3.6.jar:?]
	at org.apache.hadoop.ipc.Server$RpcCall.run(Server.java:1017) [hadoop-common-3.3.6.jar:?]
	at java.security.AccessController.doPrivileged(Native Method) ~[?:1.8.0_382]
	at javax.security.auth.Subject.doAs(Subject.java:422) [?:1.8.0_382]
	at org.apache.hadoop.security.UserGroupInformation.doAs(UserGroupInformation.java:1899) [hadoop-common-3.3.6.jar:?]
	at org.apache.hadoop.ipc.Server$Handler.run(Server.java:3048) [hadoop-common-3.3.6.jar:?]
]]></system-out>
  </testcase>
  <testcase name="testCreateFileShouldCheckExistenceOfDirWithSameName" classname="TestOzoneFileSystem" time="0.09">
    <system-out><![CDATA[11:33:06.888 [OM StateMachine ApplyTransaction Thread - 0] ERROR OMAudit - user=runner | ip=127.0.0.1 | op=CREATE_FILE {volume=volume54121, bucket=bucket59518, key=d1/d2/d3/d4/key2, dataSize=4194304, replicationType=RATIS, replicationFactor=THREE} | ret=FAILURE
org.apache.hadoop.ozone.om.exceptions.OMException: Can not write to directory: d1/d2/d3/d4/key2
	at org.apache.hadoop.ozone.om.request.file.OMFileCreateRequest.checkDirectoryResult(OMFileCreateRequest.java:363) ~[ozone-manager-1.4.0-SNAPSHOT.jar:?]
	at org.apache.hadoop.ozone.om.request.file.OMFileCreateRequest.validateAndUpdateCache(OMFileCreateRequest.java:237) ~[ozone-manager-1.4.0-SNAPSHOT.jar:?]
	at org.apache.hadoop.ozone.protocolPB.OzoneManagerRequestHandler.handleWriteRequest(OzoneManagerRequestHandler.java:375) ~[ozone-manager-1.4.0-SNAPSHOT.jar:?]
	at org.apache.hadoop.ozone.om.ratis.OzoneManagerStateMachine.runCommand(OzoneManagerStateMachine.java:568) ~[ozone-manager-1.4.0-SNAPSHOT.jar:?]
	at org.apache.hadoop.ozone.om.ratis.OzoneManagerStateMachine.lambda$1(OzoneManagerStateMachine.java:359) ~[ozone-manager-1.4.0-SNAPSHOT.jar:?]
	at java.util.concurrent.CompletableFuture$AsyncSupply.run(CompletableFuture.java:1604) [?:1.8.0_382]
	at java.util.concurrent.ThreadPoolExecutor.runWorker(ThreadPoolExecutor.java:1149) [?:1.8.0_382]
	at java.util.concurrent.ThreadPoolExecutor$Worker.run(ThreadPoolExecutor.java:624) [?:1.8.0_382]
	at java.lang.Thread.run(Thread.java:750) [?:1.8.0_382]
2023-08-25 11:33:06,889 [OM StateMachine ApplyTransaction Thread - 0] ERROR file.OMFileCreateRequest (OMFileCreateRequest.java:validateAndUpdateCache(336)) - File create failed. Volume:volume54121, Bucket:bucket59518, Keyd1/d2/d3/d4/key2.
NOT_A_FILE org.apache.hadoop.ozone.om.exceptions.OMException: Can not write to directory: d1/d2/d3/d4/key2
	at org.apache.hadoop.ozone.om.request.file.OMFileCreateRequest.checkDirectoryResult(OMFileCreateRequest.java:363)
	at org.apache.hadoop.ozone.om.request.file.OMFileCreateRequest.validateAndUpdateCache(OMFileCreateRequest.java:237)
	at org.apache.hadoop.ozone.protocolPB.OzoneManagerRequestHandler.handleWriteRequest(OzoneManagerRequestHandler.java:375)
	at org.apache.hadoop.ozone.om.ratis.OzoneManagerStateMachine.runCommand(OzoneManagerStateMachine.java:568)
	at org.apache.hadoop.ozone.om.ratis.OzoneManagerStateMachine.lambda$1(OzoneManagerStateMachine.java:359)
	at java.util.concurrent.CompletableFuture$AsyncSupply.run(CompletableFuture.java:1604)
	at java.util.concurrent.ThreadPoolExecutor.runWorker(ThreadPoolExecutor.java:1149)
	at java.util.concurrent.ThreadPoolExecutor$Worker.run(ThreadPoolExecutor.java:624)
	at java.lang.Thread.run(Thread.java:750)
11:33:06.907 [OM StateMachine ApplyTransaction Thread - 0] ERROR OMAudit - user=runner | ip=127.0.0.1 | op=CREATE_DIRECTORY {volume=volume54121, bucket=bucket59518, key=d1/d2/d3/d4/key3, dataSize=0, replicationType=NONE, replicationFactor=ZERO} | ret=FAILURE
org.apache.hadoop.ozone.om.exceptions.OMException: Unable to create directory: d1/d2/d3/d4/key3 in volume/bucket: volume54121/bucket59518
	at org.apache.hadoop.ozone.om.request.file.OMDirectoryCreateRequest.validateAndUpdateCache(OMDirectoryCreateRequest.java:194) ~[ozone-manager-1.4.0-SNAPSHOT.jar:?]
	at org.apache.hadoop.ozone.protocolPB.OzoneManagerRequestHandler.handleWriteRequest(OzoneManagerRequestHandler.java:375) ~[ozone-manager-1.4.0-SNAPSHOT.jar:?]
	at org.apache.hadoop.ozone.om.ratis.OzoneManagerStateMachine.runCommand(OzoneManagerStateMachine.java:568) ~[ozone-manager-1.4.0-SNAPSHOT.jar:?]
	at org.apache.hadoop.ozone.om.ratis.OzoneManagerStateMachine.lambda$1(OzoneManagerStateMachine.java:359) ~[ozone-manager-1.4.0-SNAPSHOT.jar:?]
	at java.util.concurrent.CompletableFuture$AsyncSupply.run(CompletableFuture.java:1604) [?:1.8.0_382]
	at java.util.concurrent.ThreadPoolExecutor.runWorker(ThreadPoolExecutor.java:1149) [?:1.8.0_382]
	at java.util.concurrent.ThreadPoolExecutor$Worker.run(ThreadPoolExecutor.java:624) [?:1.8.0_382]
	at java.lang.Thread.run(Thread.java:750) [?:1.8.0_382]
2023-08-25 11:33:06,908 [OM StateMachine ApplyTransaction Thread - 0] ERROR file.OMDirectoryCreateRequest (OMDirectoryCreateRequest.java:logResult(334)) - Directory creation failed. Volume:volume54121, Bucket:bucket59518, Keyd1/d2/d3/d4/key3. Exception:{}
FILE_ALREADY_EXISTS org.apache.hadoop.ozone.om.exceptions.OMException: Unable to create directory: d1/d2/d3/d4/key3 in volume/bucket: volume54121/bucket59518
	at org.apache.hadoop.ozone.om.request.file.OMDirectoryCreateRequest.validateAndUpdateCache(OMDirectoryCreateRequest.java:194)
	at org.apache.hadoop.ozone.protocolPB.OzoneManagerRequestHandler.handleWriteRequest(OzoneManagerRequestHandler.java:375)
	at org.apache.hadoop.ozone.om.ratis.OzoneManagerStateMachine.runCommand(OzoneManagerStateMachine.java:568)
	at org.apache.hadoop.ozone.om.ratis.OzoneManagerStateMachine.lambda$1(OzoneManagerStateMachine.java:359)
	at java.util.concurrent.CompletableFuture$AsyncSupply.run(CompletableFuture.java:1604)
	at java.util.concurrent.ThreadPoolExecutor.runWorker(ThreadPoolExecutor.java:1149)
	at java.util.concurrent.ThreadPoolExecutor$Worker.run(ThreadPoolExecutor.java:624)
	at java.lang.Thread.run(Thread.java:750)
11:33:06.914 [OM StateMachine ApplyTransaction Thread - 0] ERROR OMAudit - user=runner | ip=127.0.0.1 | op=CREATE_FILE {volume=volume54121, bucket=bucket59518, key=d1/d2/d3, dataSize=4194304, replicationType=RATIS, replicationFactor=THREE} | ret=FAILURE
org.apache.hadoop.ozone.om.exceptions.OMException: Can not write to directory: d1/d2/d3
	at org.apache.hadoop.ozone.om.request.file.OMFileCreateRequest.checkDirectoryResult(OMFileCreateRequest.java:363) ~[ozone-manager-1.4.0-SNAPSHOT.jar:?]
	at org.apache.hadoop.ozone.om.request.file.OMFileCreateRequest.validateAndUpdateCache(OMFileCreateRequest.java:237) ~[ozone-manager-1.4.0-SNAPSHOT.jar:?]
	at org.apache.hadoop.ozone.protocolPB.OzoneManagerRequestHandler.handleWriteRequest(OzoneManagerRequestHandler.java:375) ~[ozone-manager-1.4.0-SNAPSHOT.jar:?]
	at org.apache.hadoop.ozone.om.ratis.OzoneManagerStateMachine.runCommand(OzoneManagerStateMachine.java:568) ~[ozone-manager-1.4.0-SNAPSHOT.jar:?]
	at org.apache.hadoop.ozone.om.ratis.OzoneManagerStateMachine.lambda$1(OzoneManagerStateMachine.java:359) ~[ozone-manager-1.4.0-SNAPSHOT.jar:?]
	at java.util.concurrent.CompletableFuture$AsyncSupply.run(CompletableFuture.java:1604) [?:1.8.0_382]
	at java.util.concurrent.ThreadPoolExecutor.runWorker(ThreadPoolExecutor.java:1149) [?:1.8.0_382]
	at java.util.concurrent.ThreadPoolExecutor$Worker.run(ThreadPoolExecutor.java:624) [?:1.8.0_382]
	at java.lang.Thread.run(Thread.java:750) [?:1.8.0_382]
2023-08-25 11:33:06,914 [OM StateMachine ApplyTransaction Thread - 0] ERROR file.OMFileCreateRequest (OMFileCreateRequest.java:validateAndUpdateCache(336)) - File create failed. Volume:volume54121, Bucket:bucket59518, Keyd1/d2/d3.
NOT_A_FILE org.apache.hadoop.ozone.om.exceptions.OMException: Can not write to directory: d1/d2/d3
	at org.apache.hadoop.ozone.om.request.file.OMFileCreateRequest.checkDirectoryResult(OMFileCreateRequest.java:363)
	at org.apache.hadoop.ozone.om.request.file.OMFileCreateRequest.validateAndUpdateCache(OMFileCreateRequest.java:237)
	at org.apache.hadoop.ozone.protocolPB.OzoneManagerRequestHandler.handleWriteRequest(OzoneManagerRequestHandler.java:375)
	at org.apache.hadoop.ozone.om.ratis.OzoneManagerStateMachine.runCommand(OzoneManagerStateMachine.java:568)
	at org.apache.hadoop.ozone.om.ratis.OzoneManagerStateMachine.lambda$1(OzoneManagerStateMachine.java:359)
	at java.util.concurrent.CompletableFuture$AsyncSupply.run(CompletableFuture.java:1604)
	at java.util.concurrent.ThreadPoolExecutor.runWorker(ThreadPoolExecutor.java:1149)
	at java.util.concurrent.ThreadPoolExecutor$Worker.run(ThreadPoolExecutor.java:624)
	at java.lang.Thread.run(Thread.java:750)
11:33:06.919 [IPC Server handler 3 on default port 15004] ERROR OMAudit - user=runner | ip=127.0.0.1 | op=GET_FILE_STATUS {volume=volume54121, bucket=bucket59518, key=d1/d2/d3/d4/key3/invalid, dataSize=0, replicationConfig=null} | ret=FAILURE
org.apache.hadoop.ozone.om.exceptions.OMException: Unable to get file status: volume: volume54121 bucket: bucket59518 key: d1/d2/d3/d4/key3/invalid
	at org.apache.hadoop.ozone.om.KeyManagerImpl.getOzoneFileStatus(KeyManagerImpl.java:1195) ~[ozone-manager-1.4.0-SNAPSHOT.jar:?]
	at org.apache.hadoop.ozone.om.KeyManagerImpl.getFileStatus(KeyManagerImpl.java:1113) ~[ozone-manager-1.4.0-SNAPSHOT.jar:?]
	at org.apache.hadoop.ozone.om.OmMetadataReader.getFileStatus(OmMetadataReader.java:262) ~[ozone-manager-1.4.0-SNAPSHOT.jar:?]
	at org.apache.hadoop.ozone.om.OzoneManager.getFileStatus(OzoneManager.java:3513) ~[ozone-manager-1.4.0-SNAPSHOT.jar:?]
	at org.apache.hadoop.ozone.protocolPB.OzoneManagerRequestHandler.getOzoneFileStatus(OzoneManagerRequestHandler.java:973) ~[ozone-manager-1.4.0-SNAPSHOT.jar:?]
	at org.apache.hadoop.ozone.protocolPB.OzoneManagerRequestHandler.handleReadRequest(OzoneManagerRequestHandler.java:252) ~[ozone-manager-1.4.0-SNAPSHOT.jar:?]
	at org.apache.hadoop.ozone.protocolPB.OzoneManagerProtocolServerSideTranslatorPB.submitReadRequestToOM(OzoneManagerProtocolServerSideTranslatorPB.java:225) ~[ozone-manager-1.4.0-SNAPSHOT.jar:?]
	at org.apache.hadoop.ozone.protocolPB.OzoneManagerProtocolServerSideTranslatorPB.processRequest(OzoneManagerProtocolServerSideTranslatorPB.java:179) ~[ozone-manager-1.4.0-SNAPSHOT.jar:?]
	at org.apache.hadoop.hdds.server.OzoneProtocolMessageDispatcher.processRequest(OzoneProtocolMessageDispatcher.java:87) [hdds-server-framework-1.4.0-SNAPSHOT.jar:?]
	at org.apache.hadoop.ozone.protocolPB.OzoneManagerProtocolServerSideTranslatorPB.submitRequest(OzoneManagerProtocolServerSideTranslatorPB.java:148) [ozone-manager-1.4.0-SNAPSHOT.jar:?]
	at org.apache.hadoop.ozone.protocol.proto.OzoneManagerProtocolProtos$OzoneManagerService$2.callBlockingMethod(OzoneManagerProtocolProtos.java) [ozone-interface-client-1.4.0-SNAPSHOT.jar:?]
	at org.apache.hadoop.ipc.ProtobufRpcEngine$Server.processCall(ProtobufRpcEngine.java:484) [hadoop-common-3.3.6.jar:?]
	at org.apache.hadoop.ipc.ProtobufRpcEngine2$Server$ProtoBufRpcInvoker.call(ProtobufRpcEngine2.java:595) [hadoop-common-3.3.6.jar:?]
	at org.apache.hadoop.ipc.ProtobufRpcEngine2$Server$ProtoBufRpcInvoker.call(ProtobufRpcEngine2.java:573) [hadoop-common-3.3.6.jar:?]
	at org.apache.hadoop.ipc.RPC$Server.call(RPC.java:1227) [hadoop-common-3.3.6.jar:?]
	at org.apache.hadoop.ipc.Server$RpcCall.run(Server.java:1094) [hadoop-common-3.3.6.jar:?]
	at org.apache.hadoop.ipc.Server$RpcCall.run(Server.java:1017) [hadoop-common-3.3.6.jar:?]
	at java.security.AccessController.doPrivileged(Native Method) ~[?:1.8.0_382]
	at javax.security.auth.Subject.doAs(Subject.java:422) [?:1.8.0_382]
	at org.apache.hadoop.security.UserGroupInformation.doAs(UserGroupInformation.java:1899) [hadoop-common-3.3.6.jar:?]
	at org.apache.hadoop.ipc.Server$Handler.run(Server.java:3048) [hadoop-common-3.3.6.jar:?]
11:33:06.921 [IPC Server handler 9 on default port 15004] ERROR OMAudit - user=runner | ip=127.0.0.1 | op=GET_FILE_STATUS {volume=volume54121, bucket=bucket59518, key=d1/d2/d3/d4/invalidkey, dataSize=0, replicationConfig=null} | ret=FAILURE
org.apache.hadoop.ozone.om.exceptions.OMException: Unable to get file status: volume: volume54121 bucket: bucket59518 key: d1/d2/d3/d4/invalidkey
	at org.apache.hadoop.ozone.om.KeyManagerImpl.getOzoneFileStatus(KeyManagerImpl.java:1195) ~[ozone-manager-1.4.0-SNAPSHOT.jar:?]
	at org.apache.hadoop.ozone.om.KeyManagerImpl.getFileStatus(KeyManagerImpl.java:1113) ~[ozone-manager-1.4.0-SNAPSHOT.jar:?]
	at org.apache.hadoop.ozone.om.OmMetadataReader.getFileStatus(OmMetadataReader.java:262) ~[ozone-manager-1.4.0-SNAPSHOT.jar:?]
	at org.apache.hadoop.ozone.om.OzoneManager.getFileStatus(OzoneManager.java:3513) ~[ozone-manager-1.4.0-SNAPSHOT.jar:?]
	at org.apache.hadoop.ozone.protocolPB.OzoneManagerRequestHandler.getOzoneFileStatus(OzoneManagerRequestHandler.java:973) ~[ozone-manager-1.4.0-SNAPSHOT.jar:?]
	at org.apache.hadoop.ozone.protocolPB.OzoneManagerRequestHandler.handleReadRequest(OzoneManagerRequestHandler.java:252) ~[ozone-manager-1.4.0-SNAPSHOT.jar:?]
	at org.apache.hadoop.ozone.protocolPB.OzoneManagerProtocolServerSideTranslatorPB.submitReadRequestToOM(OzoneManagerProtocolServerSideTranslatorPB.java:225) ~[ozone-manager-1.4.0-SNAPSHOT.jar:?]
	at org.apache.hadoop.ozone.protocolPB.OzoneManagerProtocolServerSideTranslatorPB.processRequest(OzoneManagerProtocolServerSideTranslatorPB.java:179) ~[ozone-manager-1.4.0-SNAPSHOT.jar:?]
	at org.apache.hadoop.hdds.server.OzoneProtocolMessageDispatcher.processRequest(OzoneProtocolMessageDispatcher.java:87) [hdds-server-framework-1.4.0-SNAPSHOT.jar:?]
	at org.apache.hadoop.ozone.protocolPB.OzoneManagerProtocolServerSideTranslatorPB.submitRequest(OzoneManagerProtocolServerSideTranslatorPB.java:148) [ozone-manager-1.4.0-SNAPSHOT.jar:?]
	at org.apache.hadoop.ozone.protocol.proto.OzoneManagerProtocolProtos$OzoneManagerService$2.callBlockingMethod(OzoneManagerProtocolProtos.java) [ozone-interface-client-1.4.0-SNAPSHOT.jar:?]
	at org.apache.hadoop.ipc.ProtobufRpcEngine$Server.processCall(ProtobufRpcEngine.java:484) [hadoop-common-3.3.6.jar:?]
	at org.apache.hadoop.ipc.ProtobufRpcEngine2$Server$ProtoBufRpcInvoker.call(ProtobufRpcEngine2.java:595) [hadoop-common-3.3.6.jar:?]
	at org.apache.hadoop.ipc.ProtobufRpcEngine2$Server$ProtoBufRpcInvoker.call(ProtobufRpcEngine2.java:573) [hadoop-common-3.3.6.jar:?]
	at org.apache.hadoop.ipc.RPC$Server.call(RPC.java:1227) [hadoop-common-3.3.6.jar:?]
	at org.apache.hadoop.ipc.Server$RpcCall.run(Server.java:1094) [hadoop-common-3.3.6.jar:?]
	at org.apache.hadoop.ipc.Server$RpcCall.run(Server.java:1017) [hadoop-common-3.3.6.jar:?]
	at java.security.AccessController.doPrivileged(Native Method) ~[?:1.8.0_382]
	at javax.security.auth.Subject.doAs(Subject.java:422) [?:1.8.0_382]
	at org.apache.hadoop.security.UserGroupInformation.doAs(UserGroupInformation.java:1899) [hadoop-common-3.3.6.jar:?]
	at org.apache.hadoop.ipc.Server$Handler.run(Server.java:3048) [hadoop-common-3.3.6.jar:?]
]]></system-out>
  </testcase>
  <testcase name="testCreateFileShouldCheckExistenceOfDirWithSameName" classname="TestOzoneFileSystem" time="0.049">
    <system-out><![CDATA[11:35:01.585 [IPC Server handler 12 on default port 15057] ERROR OMAudit - user=runner | ip=127.0.0.1 | op=CREATE_FILE {volume=volume67780, bucket=bucket36604, key=d1/d2/d3/d4/key2, dataSize=4194304, replicationType=RATIS, replicationFactor=THREE} | ret=FAILURE
org.apache.hadoop.ozone.om.exceptions.OMException: Can not write to directory: d1/d2/d3/d4/key2
	at org.apache.hadoop.ozone.om.request.file.OMFileCreateRequest.checkDirectoryResult(OMFileCreateRequest.java:363) ~[ozone-manager-1.4.0-SNAPSHOT.jar:?]
	at org.apache.hadoop.ozone.om.request.file.OMFileCreateRequest.validateAndUpdateCache(OMFileCreateRequest.java:237) ~[ozone-manager-1.4.0-SNAPSHOT.jar:?]
	at org.apache.hadoop.ozone.protocolPB.OzoneManagerRequestHandler.handleWriteRequest(OzoneManagerRequestHandler.java:375) ~[ozone-manager-1.4.0-SNAPSHOT.jar:?]
	at org.apache.hadoop.ozone.protocolPB.OzoneManagerProtocolServerSideTranslatorPB.submitRequestDirectlyToOM(OzoneManagerProtocolServerSideTranslatorPB.java:280) ~[ozone-manager-1.4.0-SNAPSHOT.jar:?]
	at org.apache.hadoop.ozone.protocolPB.OzoneManagerProtocolServerSideTranslatorPB.processRequest(OzoneManagerProtocolServerSideTranslatorPB.java:175) ~[ozone-manager-1.4.0-SNAPSHOT.jar:?]
	at org.apache.hadoop.hdds.server.OzoneProtocolMessageDispatcher.processRequest(OzoneProtocolMessageDispatcher.java:87) [hdds-server-framework-1.4.0-SNAPSHOT.jar:?]
	at org.apache.hadoop.ozone.protocolPB.OzoneManagerProtocolServerSideTranslatorPB.submitRequest(OzoneManagerProtocolServerSideTranslatorPB.java:148) [ozone-manager-1.4.0-SNAPSHOT.jar:?]
	at org.apache.hadoop.ozone.protocol.proto.OzoneManagerProtocolProtos$OzoneManagerService$2.callBlockingMethod(OzoneManagerProtocolProtos.java) [ozone-interface-client-1.4.0-SNAPSHOT.jar:?]
	at org.apache.hadoop.ipc.ProtobufRpcEngine$Server.processCall(ProtobufRpcEngine.java:484) [hadoop-common-3.3.6.jar:?]
	at org.apache.hadoop.ipc.ProtobufRpcEngine2$Server$ProtoBufRpcInvoker.call(ProtobufRpcEngine2.java:595) [hadoop-common-3.3.6.jar:?]
	at org.apache.hadoop.ipc.ProtobufRpcEngine2$Server$ProtoBufRpcInvoker.call(ProtobufRpcEngine2.java:573) [hadoop-common-3.3.6.jar:?]
	at org.apache.hadoop.ipc.RPC$Server.call(RPC.java:1227) [hadoop-common-3.3.6.jar:?]
	at org.apache.hadoop.ipc.Server$RpcCall.run(Server.java:1094) [hadoop-common-3.3.6.jar:?]
	at org.apache.hadoop.ipc.Server$RpcCall.run(Server.java:1017) [hadoop-common-3.3.6.jar:?]
	at java.security.AccessController.doPrivileged(Native Method) ~[?:1.8.0_382]
	at javax.security.auth.Subject.doAs(Subject.java:422) [?:1.8.0_382]
	at org.apache.hadoop.security.UserGroupInformation.doAs(UserGroupInformation.java:1899) [hadoop-common-3.3.6.jar:?]
	at org.apache.hadoop.ipc.Server$Handler.run(Server.java:3048) [hadoop-common-3.3.6.jar:?]
2023-08-25 11:35:01,586 [IPC Server handler 12 on default port 15057] ERROR file.OMFileCreateRequest (OMFileCreateRequest.java:validateAndUpdateCache(336)) - File create failed. Volume:volume67780, Bucket:bucket36604, Keyd1/d2/d3/d4/key2.
NOT_A_FILE org.apache.hadoop.ozone.om.exceptions.OMException: Can not write to directory: d1/d2/d3/d4/key2
	at org.apache.hadoop.ozone.om.request.file.OMFileCreateRequest.checkDirectoryResult(OMFileCreateRequest.java:363)
	at org.apache.hadoop.ozone.om.request.file.OMFileCreateRequest.validateAndUpdateCache(OMFileCreateRequest.java:237)
	at org.apache.hadoop.ozone.protocolPB.OzoneManagerRequestHandler.handleWriteRequest(OzoneManagerRequestHandler.java:375)
	at org.apache.hadoop.ozone.protocolPB.OzoneManagerProtocolServerSideTranslatorPB.submitRequestDirectlyToOM(OzoneManagerProtocolServerSideTranslatorPB.java:280)
	at org.apache.hadoop.ozone.protocolPB.OzoneManagerProtocolServerSideTranslatorPB.processRequest(OzoneManagerProtocolServerSideTranslatorPB.java:175)
	at org.apache.hadoop.hdds.server.OzoneProtocolMessageDispatcher.processRequest(OzoneProtocolMessageDispatcher.java:87)
	at org.apache.hadoop.ozone.protocolPB.OzoneManagerProtocolServerSideTranslatorPB.submitRequest(OzoneManagerProtocolServerSideTranslatorPB.java:148)
	at org.apache.hadoop.ozone.protocol.proto.OzoneManagerProtocolProtos$OzoneManagerService$2.callBlockingMethod(OzoneManagerProtocolProtos.java)
	at org.apache.hadoop.ipc.ProtobufRpcEngine$Server.processCall(ProtobufRpcEngine.java:484)
	at org.apache.hadoop.ipc.ProtobufRpcEngine2$Server$ProtoBufRpcInvoker.call(ProtobufRpcEngine2.java:595)
	at org.apache.hadoop.ipc.ProtobufRpcEngine2$Server$ProtoBufRpcInvoker.call(ProtobufRpcEngine2.java:573)
	at org.apache.hadoop.ipc.RPC$Server.call(RPC.java:1227)
	at org.apache.hadoop.ipc.Server$RpcCall.run(Server.java:1094)
	at org.apache.hadoop.ipc.Server$RpcCall.run(Server.java:1017)
	at java.security.AccessController.doPrivileged(Native Method)
	at javax.security.auth.Subject.doAs(Subject.java:422)
	at org.apache.hadoop.security.UserGroupInformation.doAs(UserGroupInformation.java:1899)
	at org.apache.hadoop.ipc.Server$Handler.run(Server.java:3048)
11:35:01.592 [IPC Server handler 2 on default port 15057] ERROR OMAudit - user=runner | ip=127.0.0.1 | op=CREATE_DIRECTORY {volume=volume67780, bucket=bucket36604, key=d1/d2/d3/d4/key3, dataSize=0, replicationType=NONE, replicationFactor=ZERO} | ret=FAILURE
org.apache.hadoop.ozone.om.exceptions.OMException: Unable to create directory: d1/d2/d3/d4/key3 in volume/bucket: volume67780/bucket36604
	at org.apache.hadoop.ozone.om.request.file.OMDirectoryCreateRequest.validateAndUpdateCache(OMDirectoryCreateRequest.java:194) ~[ozone-manager-1.4.0-SNAPSHOT.jar:?]
	at org.apache.hadoop.ozone.protocolPB.OzoneManagerRequestHandler.handleWriteRequest(OzoneManagerRequestHandler.java:375) ~[ozone-manager-1.4.0-SNAPSHOT.jar:?]
	at org.apache.hadoop.ozone.protocolPB.OzoneManagerProtocolServerSideTranslatorPB.submitRequestDirectlyToOM(OzoneManagerProtocolServerSideTranslatorPB.java:280) ~[ozone-manager-1.4.0-SNAPSHOT.jar:?]
	at org.apache.hadoop.ozone.protocolPB.OzoneManagerProtocolServerSideTranslatorPB.processRequest(OzoneManagerProtocolServerSideTranslatorPB.java:175) ~[ozone-manager-1.4.0-SNAPSHOT.jar:?]
	at org.apache.hadoop.hdds.server.OzoneProtocolMessageDispatcher.processRequest(OzoneProtocolMessageDispatcher.java:87) [hdds-server-framework-1.4.0-SNAPSHOT.jar:?]
	at org.apache.hadoop.ozone.protocolPB.OzoneManagerProtocolServerSideTranslatorPB.submitRequest(OzoneManagerProtocolServerSideTranslatorPB.java:148) [ozone-manager-1.4.0-SNAPSHOT.jar:?]
	at org.apache.hadoop.ozone.protocol.proto.OzoneManagerProtocolProtos$OzoneManagerService$2.callBlockingMethod(OzoneManagerProtocolProtos.java) [ozone-interface-client-1.4.0-SNAPSHOT.jar:?]
	at org.apache.hadoop.ipc.ProtobufRpcEngine$Server.processCall(ProtobufRpcEngine.java:484) [hadoop-common-3.3.6.jar:?]
	at org.apache.hadoop.ipc.ProtobufRpcEngine2$Server$ProtoBufRpcInvoker.call(ProtobufRpcEngine2.java:595) [hadoop-common-3.3.6.jar:?]
	at org.apache.hadoop.ipc.ProtobufRpcEngine2$Server$ProtoBufRpcInvoker.call(ProtobufRpcEngine2.java:573) [hadoop-common-3.3.6.jar:?]
	at org.apache.hadoop.ipc.RPC$Server.call(RPC.java:1227) [hadoop-common-3.3.6.jar:?]
	at org.apache.hadoop.ipc.Server$RpcCall.run(Server.java:1094) [hadoop-common-3.3.6.jar:?]
	at org.apache.hadoop.ipc.Server$RpcCall.run(Server.java:1017) [hadoop-common-3.3.6.jar:?]
	at java.security.AccessController.doPrivileged(Native Method) ~[?:1.8.0_382]
	at javax.security.auth.Subject.doAs(Subject.java:422) [?:1.8.0_382]
	at org.apache.hadoop.security.UserGroupInformation.doAs(UserGroupInformation.java:1899) [hadoop-common-3.3.6.jar:?]
	at org.apache.hadoop.ipc.Server$Handler.run(Server.java:3048) [hadoop-common-3.3.6.jar:?]
2023-08-25 11:35:01,593 [IPC Server handler 2 on default port 15057] ERROR file.OMDirectoryCreateRequest (OMDirectoryCreateRequest.java:logResult(334)) - Directory creation failed. Volume:volume67780, Bucket:bucket36604, Keyd1/d2/d3/d4/key3. Exception:{}
FILE_ALREADY_EXISTS org.apache.hadoop.ozone.om.exceptions.OMException: Unable to create directory: d1/d2/d3/d4/key3 in volume/bucket: volume67780/bucket36604
	at org.apache.hadoop.ozone.om.request.file.OMDirectoryCreateRequest.validateAndUpdateCache(OMDirectoryCreateRequest.java:194)
	at org.apache.hadoop.ozone.protocolPB.OzoneManagerRequestHandler.handleWriteRequest(OzoneManagerRequestHandler.java:375)
	at org.apache.hadoop.ozone.protocolPB.OzoneManagerProtocolServerSideTranslatorPB.submitRequestDirectlyToOM(OzoneManagerProtocolServerSideTranslatorPB.java:280)
	at org.apache.hadoop.ozone.protocolPB.OzoneManagerProtocolServerSideTranslatorPB.processRequest(OzoneManagerProtocolServerSideTranslatorPB.java:175)
	at org.apache.hadoop.hdds.server.OzoneProtocolMessageDispatcher.processRequest(OzoneProtocolMessageDispatcher.java:87)
	at org.apache.hadoop.ozone.protocolPB.OzoneManagerProtocolServerSideTranslatorPB.submitRequest(OzoneManagerProtocolServerSideTranslatorPB.java:148)
	at org.apache.hadoop.ozone.protocol.proto.OzoneManagerProtocolProtos$OzoneManagerService$2.callBlockingMethod(OzoneManagerProtocolProtos.java)
	at org.apache.hadoop.ipc.ProtobufRpcEngine$Server.processCall(ProtobufRpcEngine.java:484)
	at org.apache.hadoop.ipc.ProtobufRpcEngine2$Server$ProtoBufRpcInvoker.call(ProtobufRpcEngine2.java:595)
	at org.apache.hadoop.ipc.ProtobufRpcEngine2$Server$ProtoBufRpcInvoker.call(ProtobufRpcEngine2.java:573)
	at org.apache.hadoop.ipc.RPC$Server.call(RPC.java:1227)
	at org.apache.hadoop.ipc.Server$RpcCall.run(Server.java:1094)
	at org.apache.hadoop.ipc.Server$RpcCall.run(Server.java:1017)
	at java.security.AccessController.doPrivileged(Native Method)
	at javax.security.auth.Subject.doAs(Subject.java:422)
	at org.apache.hadoop.security.UserGroupInformation.doAs(UserGroupInformation.java:1899)
	at org.apache.hadoop.ipc.Server$Handler.run(Server.java:3048)
11:35:01.596 [IPC Server handler 13 on default port 15057] ERROR OMAudit - user=runner | ip=127.0.0.1 | op=CREATE_FILE {volume=volume67780, bucket=bucket36604, key=d1/d2/d3, dataSize=4194304, replicationType=RATIS, replicationFactor=THREE} | ret=FAILURE
org.apache.hadoop.ozone.om.exceptions.OMException: Can not write to directory: d1/d2/d3
	at org.apache.hadoop.ozone.om.request.file.OMFileCreateRequest.checkDirectoryResult(OMFileCreateRequest.java:363) ~[ozone-manager-1.4.0-SNAPSHOT.jar:?]
	at org.apache.hadoop.ozone.om.request.file.OMFileCreateRequest.validateAndUpdateCache(OMFileCreateRequest.java:237) ~[ozone-manager-1.4.0-SNAPSHOT.jar:?]
	at org.apache.hadoop.ozone.protocolPB.OzoneManagerRequestHandler.handleWriteRequest(OzoneManagerRequestHandler.java:375) ~[ozone-manager-1.4.0-SNAPSHOT.jar:?]
	at org.apache.hadoop.ozone.protocolPB.OzoneManagerProtocolServerSideTranslatorPB.submitRequestDirectlyToOM(OzoneManagerProtocolServerSideTranslatorPB.java:280) ~[ozone-manager-1.4.0-SNAPSHOT.jar:?]
	at org.apache.hadoop.ozone.protocolPB.OzoneManagerProtocolServerSideTranslatorPB.processRequest(OzoneManagerProtocolServerSideTranslatorPB.java:175) ~[ozone-manager-1.4.0-SNAPSHOT.jar:?]
	at org.apache.hadoop.hdds.server.OzoneProtocolMessageDispatcher.processRequest(OzoneProtocolMessageDispatcher.java:87) [hdds-server-framework-1.4.0-SNAPSHOT.jar:?]
	at org.apache.hadoop.ozone.protocolPB.OzoneManagerProtocolServerSideTranslatorPB.submitRequest(OzoneManagerProtocolServerSideTranslatorPB.java:148) [ozone-manager-1.4.0-SNAPSHOT.jar:?]
	at org.apache.hadoop.ozone.protocol.proto.OzoneManagerProtocolProtos$OzoneManagerService$2.callBlockingMethod(OzoneManagerProtocolProtos.java) [ozone-interface-client-1.4.0-SNAPSHOT.jar:?]
	at org.apache.hadoop.ipc.ProtobufRpcEngine$Server.processCall(ProtobufRpcEngine.java:484) [hadoop-common-3.3.6.jar:?]
	at org.apache.hadoop.ipc.ProtobufRpcEngine2$Server$ProtoBufRpcInvoker.call(ProtobufRpcEngine2.java:595) [hadoop-common-3.3.6.jar:?]
	at org.apache.hadoop.ipc.ProtobufRpcEngine2$Server$ProtoBufRpcInvoker.call(ProtobufRpcEngine2.java:573) [hadoop-common-3.3.6.jar:?]
	at org.apache.hadoop.ipc.RPC$Server.call(RPC.java:1227) [hadoop-common-3.3.6.jar:?]
	at org.apache.hadoop.ipc.Server$RpcCall.run(Server.java:1094) [hadoop-common-3.3.6.jar:?]
	at org.apache.hadoop.ipc.Server$RpcCall.run(Server.java:1017) [hadoop-common-3.3.6.jar:?]
	at java.security.AccessController.doPrivileged(Native Method) ~[?:1.8.0_382]
	at javax.security.auth.Subject.doAs(Subject.java:422) [?:1.8.0_382]
	at org.apache.hadoop.security.UserGroupInformation.doAs(UserGroupInformation.java:1899) [hadoop-common-3.3.6.jar:?]
	at org.apache.hadoop.ipc.Server$Handler.run(Server.java:3048) [hadoop-common-3.3.6.jar:?]
2023-08-25 11:35:01,596 [IPC Server handler 13 on default port 15057] ERROR file.OMFileCreateRequest (OMFileCreateRequest.java:validateAndUpdateCache(336)) - File create failed. Volume:volume67780, Bucket:bucket36604, Keyd1/d2/d3.
NOT_A_FILE org.apache.hadoop.ozone.om.exceptions.OMException: Can not write to directory: d1/d2/d3
	at org.apache.hadoop.ozone.om.request.file.OMFileCreateRequest.checkDirectoryResult(OMFileCreateRequest.java:363)
	at org.apache.hadoop.ozone.om.request.file.OMFileCreateRequest.validateAndUpdateCache(OMFileCreateRequest.java:237)
	at org.apache.hadoop.ozone.protocolPB.OzoneManagerRequestHandler.handleWriteRequest(OzoneManagerRequestHandler.java:375)
	at org.apache.hadoop.ozone.protocolPB.OzoneManagerProtocolServerSideTranslatorPB.submitRequestDirectlyToOM(OzoneManagerProtocolServerSideTranslatorPB.java:280)
	at org.apache.hadoop.ozone.protocolPB.OzoneManagerProtocolServerSideTranslatorPB.processRequest(OzoneManagerProtocolServerSideTranslatorPB.java:175)
	at org.apache.hadoop.hdds.server.OzoneProtocolMessageDispatcher.processRequest(OzoneProtocolMessageDispatcher.java:87)
	at org.apache.hadoop.ozone.protocolPB.OzoneManagerProtocolServerSideTranslatorPB.submitRequest(OzoneManagerProtocolServerSideTranslatorPB.java:148)
	at org.apache.hadoop.ozone.protocol.proto.OzoneManagerProtocolProtos$OzoneManagerService$2.callBlockingMethod(OzoneManagerProtocolProtos.java)
	at org.apache.hadoop.ipc.ProtobufRpcEngine$Server.processCall(ProtobufRpcEngine.java:484)
	at org.apache.hadoop.ipc.ProtobufRpcEngine2$Server$ProtoBufRpcInvoker.call(ProtobufRpcEngine2.java:595)
	at org.apache.hadoop.ipc.ProtobufRpcEngine2$Server$ProtoBufRpcInvoker.call(ProtobufRpcEngine2.java:573)
	at org.apache.hadoop.ipc.RPC$Server.call(RPC.java:1227)
	at org.apache.hadoop.ipc.Server$RpcCall.run(Server.java:1094)
	at org.apache.hadoop.ipc.Server$RpcCall.run(Server.java:1017)
	at java.security.AccessController.doPrivileged(Native Method)
	at javax.security.auth.Subject.doAs(Subject.java:422)
	at org.apache.hadoop.security.UserGroupInformation.doAs(UserGroupInformation.java:1899)
	at org.apache.hadoop.ipc.Server$Handler.run(Server.java:3048)
11:35:01.600 [IPC Server handler 18 on default port 15057] ERROR OMAudit - user=runner | ip=127.0.0.1 | op=GET_FILE_STATUS {volume=volume67780, bucket=bucket36604, key=d1/d2/d3/d4/key3/invalid, dataSize=0, replicationConfig=null} | ret=FAILURE
org.apache.hadoop.ozone.om.exceptions.OMException: Unable to get file status: volume: volume67780 bucket: bucket36604 key: d1/d2/d3/d4/key3/invalid
	at org.apache.hadoop.ozone.om.KeyManagerImpl.getOzoneFileStatus(KeyManagerImpl.java:1195) ~[ozone-manager-1.4.0-SNAPSHOT.jar:?]
	at org.apache.hadoop.ozone.om.KeyManagerImpl.getFileStatus(KeyManagerImpl.java:1113) ~[ozone-manager-1.4.0-SNAPSHOT.jar:?]
	at org.apache.hadoop.ozone.om.OmMetadataReader.getFileStatus(OmMetadataReader.java:262) ~[ozone-manager-1.4.0-SNAPSHOT.jar:?]
	at org.apache.hadoop.ozone.om.OzoneManager.getFileStatus(OzoneManager.java:3513) ~[ozone-manager-1.4.0-SNAPSHOT.jar:?]
	at org.apache.hadoop.ozone.protocolPB.OzoneManagerRequestHandler.getOzoneFileStatus(OzoneManagerRequestHandler.java:973) ~[ozone-manager-1.4.0-SNAPSHOT.jar:?]
	at org.apache.hadoop.ozone.protocolPB.OzoneManagerRequestHandler.handleReadRequest(OzoneManagerRequestHandler.java:252) ~[ozone-manager-1.4.0-SNAPSHOT.jar:?]
	at org.apache.hadoop.ozone.protocolPB.OzoneManagerProtocolServerSideTranslatorPB.submitRequestDirectlyToOM(OzoneManagerProtocolServerSideTranslatorPB.java:274) ~[ozone-manager-1.4.0-SNAPSHOT.jar:?]
	at org.apache.hadoop.ozone.protocolPB.OzoneManagerProtocolServerSideTranslatorPB.processRequest(OzoneManagerProtocolServerSideTranslatorPB.java:175) ~[ozone-manager-1.4.0-SNAPSHOT.jar:?]
	at org.apache.hadoop.hdds.server.OzoneProtocolMessageDispatcher.processRequest(OzoneProtocolMessageDispatcher.java:87) [hdds-server-framework-1.4.0-SNAPSHOT.jar:?]
	at org.apache.hadoop.ozone.protocolPB.OzoneManagerProtocolServerSideTranslatorPB.submitRequest(OzoneManagerProtocolServerSideTranslatorPB.java:148) [ozone-manager-1.4.0-SNAPSHOT.jar:?]
	at org.apache.hadoop.ozone.protocol.proto.OzoneManagerProtocolProtos$OzoneManagerService$2.callBlockingMethod(OzoneManagerProtocolProtos.java) [ozone-interface-client-1.4.0-SNAPSHOT.jar:?]
	at org.apache.hadoop.ipc.ProtobufRpcEngine$Server.processCall(ProtobufRpcEngine.java:484) [hadoop-common-3.3.6.jar:?]
	at org.apache.hadoop.ipc.ProtobufRpcEngine2$Server$ProtoBufRpcInvoker.call(ProtobufRpcEngine2.java:595) [hadoop-common-3.3.6.jar:?]
	at org.apache.hadoop.ipc.ProtobufRpcEngine2$Server$ProtoBufRpcInvoker.call(ProtobufRpcEngine2.java:573) [hadoop-common-3.3.6.jar:?]
	at org.apache.hadoop.ipc.RPC$Server.call(RPC.java:1227) [hadoop-common-3.3.6.jar:?]
	at org.apache.hadoop.ipc.Server$RpcCall.run(Server.java:1094) [hadoop-common-3.3.6.jar:?]
	at org.apache.hadoop.ipc.Server$RpcCall.run(Server.java:1017) [hadoop-common-3.3.6.jar:?]
	at java.security.AccessController.doPrivileged(Native Method) ~[?:1.8.0_382]
	at javax.security.auth.Subject.doAs(Subject.java:422) [?:1.8.0_382]
	at org.apache.hadoop.security.UserGroupInformation.doAs(UserGroupInformation.java:1899) [hadoop-common-3.3.6.jar:?]
	at org.apache.hadoop.ipc.Server$Handler.run(Server.java:3048) [hadoop-common-3.3.6.jar:?]
11:35:01.601 [IPC Server handler 19 on default port 15057] ERROR OMAudit - user=runner | ip=127.0.0.1 | op=GET_FILE_STATUS {volume=volume67780, bucket=bucket36604, key=d1/d2/d3/d4/invalidkey, dataSize=0, replicationConfig=null} | ret=FAILURE
org.apache.hadoop.ozone.om.exceptions.OMException: Unable to get file status: volume: volume67780 bucket: bucket36604 key: d1/d2/d3/d4/invalidkey
	at org.apache.hadoop.ozone.om.KeyManagerImpl.getOzoneFileStatus(KeyManagerImpl.java:1195) ~[ozone-manager-1.4.0-SNAPSHOT.jar:?]
	at org.apache.hadoop.ozone.om.KeyManagerImpl.getFileStatus(KeyManagerImpl.java:1113) ~[ozone-manager-1.4.0-SNAPSHOT.jar:?]
	at org.apache.hadoop.ozone.om.OmMetadataReader.getFileStatus(OmMetadataReader.java:262) ~[ozone-manager-1.4.0-SNAPSHOT.jar:?]
	at org.apache.hadoop.ozone.om.OzoneManager.getFileStatus(OzoneManager.java:3513) ~[ozone-manager-1.4.0-SNAPSHOT.jar:?]
	at org.apache.hadoop.ozone.protocolPB.OzoneManagerRequestHandler.getOzoneFileStatus(OzoneManagerRequestHandler.java:973) ~[ozone-manager-1.4.0-SNAPSHOT.jar:?]
	at org.apache.hadoop.ozone.protocolPB.OzoneManagerRequestHandler.handleReadRequest(OzoneManagerRequestHandler.java:252) ~[ozone-manager-1.4.0-SNAPSHOT.jar:?]
	at org.apache.hadoop.ozone.protocolPB.OzoneManagerProtocolServerSideTranslatorPB.submitRequestDirectlyToOM(OzoneManagerProtocolServerSideTranslatorPB.java:274) ~[ozone-manager-1.4.0-SNAPSHOT.jar:?]
	at org.apache.hadoop.ozone.protocolPB.OzoneManagerProtocolServerSideTranslatorPB.processRequest(OzoneManagerProtocolServerSideTranslatorPB.java:175) ~[ozone-manager-1.4.0-SNAPSHOT.jar:?]
	at org.apache.hadoop.hdds.server.OzoneProtocolMessageDispatcher.processRequest(OzoneProtocolMessageDispatcher.java:87) [hdds-server-framework-1.4.0-SNAPSHOT.jar:?]
	at org.apache.hadoop.ozone.protocolPB.OzoneManagerProtocolServerSideTranslatorPB.submitRequest(OzoneManagerProtocolServerSideTranslatorPB.java:148) [ozone-manager-1.4.0-SNAPSHOT.jar:?]
	at org.apache.hadoop.ozone.protocol.proto.OzoneManagerProtocolProtos$OzoneManagerService$2.callBlockingMethod(OzoneManagerProtocolProtos.java) [ozone-interface-client-1.4.0-SNAPSHOT.jar:?]
	at org.apache.hadoop.ipc.ProtobufRpcEngine$Server.processCall(ProtobufRpcEngine.java:484) [hadoop-common-3.3.6.jar:?]
	at org.apache.hadoop.ipc.ProtobufRpcEngine2$Server$ProtoBufRpcInvoker.call(ProtobufRpcEngine2.java:595) [hadoop-common-3.3.6.jar:?]
	at org.apache.hadoop.ipc.ProtobufRpcEngine2$Server$ProtoBufRpcInvoker.call(ProtobufRpcEngine2.java:573) [hadoop-common-3.3.6.jar:?]
	at org.apache.hadoop.ipc.RPC$Server.call(RPC.java:1227) [hadoop-common-3.3.6.jar:?]
	at org.apache.hadoop.ipc.Server$RpcCall.run(Server.java:1094) [hadoop-common-3.3.6.jar:?]
	at org.apache.hadoop.ipc.Server$RpcCall.run(Server.java:1017) [hadoop-common-3.3.6.jar:?]
	at java.security.AccessController.doPrivileged(Native Method) ~[?:1.8.0_382]
	at javax.security.auth.Subject.doAs(Subject.java:422) [?:1.8.0_382]
	at org.apache.hadoop.security.UserGroupInformation.doAs(UserGroupInformation.java:1899) [hadoop-common-3.3.6.jar:?]
	at org.apache.hadoop.ipc.Server$Handler.run(Server.java:3048) [hadoop-common-3.3.6.jar:?]
]]></system-out>
  </testcase>
  <testcase name="testCreateFileShouldCheckExistenceOfDirWithSameName" classname="TestOzoneFileSystem" time="0.1">
    <system-out><![CDATA[11:36:25.704 [OM StateMachine ApplyTransaction Thread - 0] ERROR OMAudit - user=runner | ip=127.0.0.1 | op=CREATE_FILE {volume=volume79256, bucket=bucket28461, key=d1/d2/d3/d4/key2, dataSize=4194304, replicationType=RATIS, replicationFactor=THREE} | ret=FAILURE
org.apache.hadoop.ozone.om.exceptions.OMException: Can not write to directory: d1/d2/d3/d4/key2
	at org.apache.hadoop.ozone.om.request.file.OMFileCreateRequest.checkDirectoryResult(OMFileCreateRequest.java:363) ~[ozone-manager-1.4.0-SNAPSHOT.jar:?]
	at org.apache.hadoop.ozone.om.request.file.OMFileCreateRequest.validateAndUpdateCache(OMFileCreateRequest.java:237) ~[ozone-manager-1.4.0-SNAPSHOT.jar:?]
	at org.apache.hadoop.ozone.protocolPB.OzoneManagerRequestHandler.handleWriteRequest(OzoneManagerRequestHandler.java:375) ~[ozone-manager-1.4.0-SNAPSHOT.jar:?]
	at org.apache.hadoop.ozone.om.ratis.OzoneManagerStateMachine.runCommand(OzoneManagerStateMachine.java:568) ~[ozone-manager-1.4.0-SNAPSHOT.jar:?]
	at org.apache.hadoop.ozone.om.ratis.OzoneManagerStateMachine.lambda$1(OzoneManagerStateMachine.java:359) ~[ozone-manager-1.4.0-SNAPSHOT.jar:?]
	at java.util.concurrent.CompletableFuture$AsyncSupply.run(CompletableFuture.java:1604) [?:1.8.0_382]
	at java.util.concurrent.ThreadPoolExecutor.runWorker(ThreadPoolExecutor.java:1149) [?:1.8.0_382]
	at java.util.concurrent.ThreadPoolExecutor$Worker.run(ThreadPoolExecutor.java:624) [?:1.8.0_382]
	at java.lang.Thread.run(Thread.java:750) [?:1.8.0_382]
2023-08-25 11:36:25,705 [OM StateMachine ApplyTransaction Thread - 0] ERROR file.OMFileCreateRequest (OMFileCreateRequest.java:validateAndUpdateCache(336)) - File create failed. Volume:volume79256, Bucket:bucket28461, Keyd1/d2/d3/d4/key2.
NOT_A_FILE org.apache.hadoop.ozone.om.exceptions.OMException: Can not write to directory: d1/d2/d3/d4/key2
	at org.apache.hadoop.ozone.om.request.file.OMFileCreateRequest.checkDirectoryResult(OMFileCreateRequest.java:363)
	at org.apache.hadoop.ozone.om.request.file.OMFileCreateRequest.validateAndUpdateCache(OMFileCreateRequest.java:237)
	at org.apache.hadoop.ozone.protocolPB.OzoneManagerRequestHandler.handleWriteRequest(OzoneManagerRequestHandler.java:375)
	at org.apache.hadoop.ozone.om.ratis.OzoneManagerStateMachine.runCommand(OzoneManagerStateMachine.java:568)
	at org.apache.hadoop.ozone.om.ratis.OzoneManagerStateMachine.lambda$1(OzoneManagerStateMachine.java:359)
	at java.util.concurrent.CompletableFuture$AsyncSupply.run(CompletableFuture.java:1604)
	at java.util.concurrent.ThreadPoolExecutor.runWorker(ThreadPoolExecutor.java:1149)
	at java.util.concurrent.ThreadPoolExecutor$Worker.run(ThreadPoolExecutor.java:624)
	at java.lang.Thread.run(Thread.java:750)
11:36:25.725 [OM StateMachine ApplyTransaction Thread - 0] ERROR OMAudit - user=runner | ip=127.0.0.1 | op=CREATE_DIRECTORY {volume=volume79256, bucket=bucket28461, key=d1/d2/d3/d4/key3, dataSize=0, replicationType=NONE, replicationFactor=ZERO} | ret=FAILURE
org.apache.hadoop.ozone.om.exceptions.OMException: Unable to create directory: d1/d2/d3/d4/key3 in volume/bucket: volume79256/bucket28461
	at org.apache.hadoop.ozone.om.request.file.OMDirectoryCreateRequest.validateAndUpdateCache(OMDirectoryCreateRequest.java:194) ~[ozone-manager-1.4.0-SNAPSHOT.jar:?]
	at org.apache.hadoop.ozone.protocolPB.OzoneManagerRequestHandler.handleWriteRequest(OzoneManagerRequestHandler.java:375) ~[ozone-manager-1.4.0-SNAPSHOT.jar:?]
	at org.apache.hadoop.ozone.om.ratis.OzoneManagerStateMachine.runCommand(OzoneManagerStateMachine.java:568) ~[ozone-manager-1.4.0-SNAPSHOT.jar:?]
	at org.apache.hadoop.ozone.om.ratis.OzoneManagerStateMachine.lambda$1(OzoneManagerStateMachine.java:359) ~[ozone-manager-1.4.0-SNAPSHOT.jar:?]
	at java.util.concurrent.CompletableFuture$AsyncSupply.run(CompletableFuture.java:1604) [?:1.8.0_382]
	at java.util.concurrent.ThreadPoolExecutor.runWorker(ThreadPoolExecutor.java:1149) [?:1.8.0_382]
	at java.util.concurrent.ThreadPoolExecutor$Worker.run(ThreadPoolExecutor.java:624) [?:1.8.0_382]
	at java.lang.Thread.run(Thread.java:750) [?:1.8.0_382]
2023-08-25 11:36:25,725 [OM StateMachine ApplyTransaction Thread - 0] ERROR file.OMDirectoryCreateRequest (OMDirectoryCreateRequest.java:logResult(334)) - Directory creation failed. Volume:volume79256, Bucket:bucket28461, Keyd1/d2/d3/d4/key3. Exception:{}
FILE_ALREADY_EXISTS org.apache.hadoop.ozone.om.exceptions.OMException: Unable to create directory: d1/d2/d3/d4/key3 in volume/bucket: volume79256/bucket28461
	at org.apache.hadoop.ozone.om.request.file.OMDirectoryCreateRequest.validateAndUpdateCache(OMDirectoryCreateRequest.java:194)
	at org.apache.hadoop.ozone.protocolPB.OzoneManagerRequestHandler.handleWriteRequest(OzoneManagerRequestHandler.java:375)
	at org.apache.hadoop.ozone.om.ratis.OzoneManagerStateMachine.runCommand(OzoneManagerStateMachine.java:568)
	at org.apache.hadoop.ozone.om.ratis.OzoneManagerStateMachine.lambda$1(OzoneManagerStateMachine.java:359)
	at java.util.concurrent.CompletableFuture$AsyncSupply.run(CompletableFuture.java:1604)
	at java.util.concurrent.ThreadPoolExecutor.runWorker(ThreadPoolExecutor.java:1149)
	at java.util.concurrent.ThreadPoolExecutor$Worker.run(ThreadPoolExecutor.java:624)
	at java.lang.Thread.run(Thread.java:750)
11:36:25.750 [OM StateMachine ApplyTransaction Thread - 0] ERROR OMAudit - user=runner | ip=127.0.0.1 | op=CREATE_FILE {volume=volume79256, bucket=bucket28461, key=d1/d2/d3, dataSize=4194304, replicationType=RATIS, replicationFactor=THREE} | ret=FAILURE
org.apache.hadoop.ozone.om.exceptions.OMException: Can not write to directory: d1/d2/d3
	at org.apache.hadoop.ozone.om.request.file.OMFileCreateRequest.checkDirectoryResult(OMFileCreateRequest.java:363) ~[ozone-manager-1.4.0-SNAPSHOT.jar:?]
	at org.apache.hadoop.ozone.om.request.file.OMFileCreateRequest.validateAndUpdateCache(OMFileCreateRequest.java:237) ~[ozone-manager-1.4.0-SNAPSHOT.jar:?]
	at org.apache.hadoop.ozone.protocolPB.OzoneManagerRequestHandler.handleWriteRequest(OzoneManagerRequestHandler.java:375) ~[ozone-manager-1.4.0-SNAPSHOT.jar:?]
	at org.apache.hadoop.ozone.om.ratis.OzoneManagerStateMachine.runCommand(OzoneManagerStateMachine.java:568) ~[ozone-manager-1.4.0-SNAPSHOT.jar:?]
	at org.apache.hadoop.ozone.om.ratis.OzoneManagerStateMachine.lambda$1(OzoneManagerStateMachine.java:359) ~[ozone-manager-1.4.0-SNAPSHOT.jar:?]
	at java.util.concurrent.CompletableFuture$AsyncSupply.run(CompletableFuture.java:1604) [?:1.8.0_382]
	at java.util.concurrent.ThreadPoolExecutor.runWorker(ThreadPoolExecutor.java:1149) [?:1.8.0_382]
	at java.util.concurrent.ThreadPoolExecutor$Worker.run(ThreadPoolExecutor.java:624) [?:1.8.0_382]
	at java.lang.Thread.run(Thread.java:750) [?:1.8.0_382]
2023-08-25 11:36:25,751 [OM StateMachine ApplyTransaction Thread - 0] ERROR file.OMFileCreateRequest (OMFileCreateRequest.java:validateAndUpdateCache(336)) - File create failed. Volume:volume79256, Bucket:bucket28461, Keyd1/d2/d3.
NOT_A_FILE org.apache.hadoop.ozone.om.exceptions.OMException: Can not write to directory: d1/d2/d3
	at org.apache.hadoop.ozone.om.request.file.OMFileCreateRequest.checkDirectoryResult(OMFileCreateRequest.java:363)
	at org.apache.hadoop.ozone.om.request.file.OMFileCreateRequest.validateAndUpdateCache(OMFileCreateRequest.java:237)
	at org.apache.hadoop.ozone.protocolPB.OzoneManagerRequestHandler.handleWriteRequest(OzoneManagerRequestHandler.java:375)
	at org.apache.hadoop.ozone.om.ratis.OzoneManagerStateMachine.runCommand(OzoneManagerStateMachine.java:568)
	at org.apache.hadoop.ozone.om.ratis.OzoneManagerStateMachine.lambda$1(OzoneManagerStateMachine.java:359)
	at java.util.concurrent.CompletableFuture$AsyncSupply.run(CompletableFuture.java:1604)
	at java.util.concurrent.ThreadPoolExecutor.runWorker(ThreadPoolExecutor.java:1149)
	at java.util.concurrent.ThreadPoolExecutor$Worker.run(ThreadPoolExecutor.java:624)
	at java.lang.Thread.run(Thread.java:750)
11:36:25.753 [IPC Server handler 8 on default port 15110] ERROR OMAudit - user=runner | ip=127.0.0.1 | op=GET_FILE_STATUS {volume=volume79256, bucket=bucket28461, key=d1/d2/d3/d4/key3/invalid, dataSize=0, replicationConfig=null} | ret=FAILURE
org.apache.hadoop.ozone.om.exceptions.OMException: Unable to get file status: volume: volume79256 bucket: bucket28461 key: d1/d2/d3/d4/key3/invalid
	at org.apache.hadoop.ozone.om.KeyManagerImpl.getOzoneFileStatus(KeyManagerImpl.java:1195) ~[ozone-manager-1.4.0-SNAPSHOT.jar:?]
	at org.apache.hadoop.ozone.om.KeyManagerImpl.getFileStatus(KeyManagerImpl.java:1113) ~[ozone-manager-1.4.0-SNAPSHOT.jar:?]
	at org.apache.hadoop.ozone.om.OmMetadataReader.getFileStatus(OmMetadataReader.java:262) ~[ozone-manager-1.4.0-SNAPSHOT.jar:?]
	at org.apache.hadoop.ozone.om.OzoneManager.getFileStatus(OzoneManager.java:3513) ~[ozone-manager-1.4.0-SNAPSHOT.jar:?]
	at org.apache.hadoop.ozone.protocolPB.OzoneManagerRequestHandler.getOzoneFileStatus(OzoneManagerRequestHandler.java:973) ~[ozone-manager-1.4.0-SNAPSHOT.jar:?]
	at org.apache.hadoop.ozone.protocolPB.OzoneManagerRequestHandler.handleReadRequest(OzoneManagerRequestHandler.java:252) ~[ozone-manager-1.4.0-SNAPSHOT.jar:?]
	at org.apache.hadoop.ozone.protocolPB.OzoneManagerProtocolServerSideTranslatorPB.submitReadRequestToOM(OzoneManagerProtocolServerSideTranslatorPB.java:225) ~[ozone-manager-1.4.0-SNAPSHOT.jar:?]
	at org.apache.hadoop.ozone.protocolPB.OzoneManagerProtocolServerSideTranslatorPB.processRequest(OzoneManagerProtocolServerSideTranslatorPB.java:179) ~[ozone-manager-1.4.0-SNAPSHOT.jar:?]
	at org.apache.hadoop.hdds.server.OzoneProtocolMessageDispatcher.processRequest(OzoneProtocolMessageDispatcher.java:87) [hdds-server-framework-1.4.0-SNAPSHOT.jar:?]
	at org.apache.hadoop.ozone.protocolPB.OzoneManagerProtocolServerSideTranslatorPB.submitRequest(OzoneManagerProtocolServerSideTranslatorPB.java:148) [ozone-manager-1.4.0-SNAPSHOT.jar:?]
	at org.apache.hadoop.ozone.protocol.proto.OzoneManagerProtocolProtos$OzoneManagerService$2.callBlockingMethod(OzoneManagerProtocolProtos.java) [ozone-interface-client-1.4.0-SNAPSHOT.jar:?]
	at org.apache.hadoop.ipc.ProtobufRpcEngine$Server.processCall(ProtobufRpcEngine.java:484) [hadoop-common-3.3.6.jar:?]
	at org.apache.hadoop.ipc.ProtobufRpcEngine2$Server$ProtoBufRpcInvoker.call(ProtobufRpcEngine2.java:595) [hadoop-common-3.3.6.jar:?]
	at org.apache.hadoop.ipc.ProtobufRpcEngine2$Server$ProtoBufRpcInvoker.call(ProtobufRpcEngine2.java:573) [hadoop-common-3.3.6.jar:?]
	at org.apache.hadoop.ipc.RPC$Server.call(RPC.java:1227) [hadoop-common-3.3.6.jar:?]
	at org.apache.hadoop.ipc.Server$RpcCall.run(Server.java:1094) [hadoop-common-3.3.6.jar:?]
	at org.apache.hadoop.ipc.Server$RpcCall.run(Server.java:1017) [hadoop-common-3.3.6.jar:?]
	at java.security.AccessController.doPrivileged(Native Method) ~[?:1.8.0_382]
	at javax.security.auth.Subject.doAs(Subject.java:422) [?:1.8.0_382]
	at org.apache.hadoop.security.UserGroupInformation.doAs(UserGroupInformation.java:1899) [hadoop-common-3.3.6.jar:?]
	at org.apache.hadoop.ipc.Server$Handler.run(Server.java:3048) [hadoop-common-3.3.6.jar:?]
11:36:25.754 [IPC Server handler 10 on default port 15110] ERROR OMAudit - user=runner | ip=127.0.0.1 | op=GET_FILE_STATUS {volume=volume79256, bucket=bucket28461, key=d1/d2/d3/d4/invalidkey, dataSize=0, replicationConfig=null} | ret=FAILURE
org.apache.hadoop.ozone.om.exceptions.OMException: Unable to get file status: volume: volume79256 bucket: bucket28461 key: d1/d2/d3/d4/invalidkey
	at org.apache.hadoop.ozone.om.KeyManagerImpl.getOzoneFileStatus(KeyManagerImpl.java:1195) ~[ozone-manager-1.4.0-SNAPSHOT.jar:?]
	at org.apache.hadoop.ozone.om.KeyManagerImpl.getFileStatus(KeyManagerImpl.java:1113) ~[ozone-manager-1.4.0-SNAPSHOT.jar:?]
	at org.apache.hadoop.ozone.om.OmMetadataReader.getFileStatus(OmMetadataReader.java:262) ~[ozone-manager-1.4.0-SNAPSHOT.jar:?]
	at org.apache.hadoop.ozone.om.OzoneManager.getFileStatus(OzoneManager.java:3513) ~[ozone-manager-1.4.0-SNAPSHOT.jar:?]
	at org.apache.hadoop.ozone.protocolPB.OzoneManagerRequestHandler.getOzoneFileStatus(OzoneManagerRequestHandler.java:973) ~[ozone-manager-1.4.0-SNAPSHOT.jar:?]
	at org.apache.hadoop.ozone.protocolPB.OzoneManagerRequestHandler.handleReadRequest(OzoneManagerRequestHandler.java:252) ~[ozone-manager-1.4.0-SNAPSHOT.jar:?]
	at org.apache.hadoop.ozone.protocolPB.OzoneManagerProtocolServerSideTranslatorPB.submitReadRequestToOM(OzoneManagerProtocolServerSideTranslatorPB.java:225) ~[ozone-manager-1.4.0-SNAPSHOT.jar:?]
	at org.apache.hadoop.ozone.protocolPB.OzoneManagerProtocolServerSideTranslatorPB.processRequest(OzoneManagerProtocolServerSideTranslatorPB.java:179) ~[ozone-manager-1.4.0-SNAPSHOT.jar:?]
	at org.apache.hadoop.hdds.server.OzoneProtocolMessageDispatcher.processRequest(OzoneProtocolMessageDispatcher.java:87) [hdds-server-framework-1.4.0-SNAPSHOT.jar:?]
	at org.apache.hadoop.ozone.protocolPB.OzoneManagerProtocolServerSideTranslatorPB.submitRequest(OzoneManagerProtocolServerSideTranslatorPB.java:148) [ozone-manager-1.4.0-SNAPSHOT.jar:?]
	at org.apache.hadoop.ozone.protocol.proto.OzoneManagerProtocolProtos$OzoneManagerService$2.callBlockingMethod(OzoneManagerProtocolProtos.java) [ozone-interface-client-1.4.0-SNAPSHOT.jar:?]
	at org.apache.hadoop.ipc.ProtobufRpcEngine$Server.processCall(ProtobufRpcEngine.java:484) [hadoop-common-3.3.6.jar:?]
	at org.apache.hadoop.ipc.ProtobufRpcEngine2$Server$ProtoBufRpcInvoker.call(ProtobufRpcEngine2.java:595) [hadoop-common-3.3.6.jar:?]
	at org.apache.hadoop.ipc.ProtobufRpcEngine2$Server$ProtoBufRpcInvoker.call(ProtobufRpcEngine2.java:573) [hadoop-common-3.3.6.jar:?]
	at org.apache.hadoop.ipc.RPC$Server.call(RPC.java:1227) [hadoop-common-3.3.6.jar:?]
	at org.apache.hadoop.ipc.Server$RpcCall.run(Server.java:1094) [hadoop-common-3.3.6.jar:?]
	at org.apache.hadoop.ipc.Server$RpcCall.run(Server.java:1017) [hadoop-common-3.3.6.jar:?]
	at java.security.AccessController.doPrivileged(Native Method) ~[?:1.8.0_382]
	at javax.security.auth.Subject.doAs(Subject.java:422) [?:1.8.0_382]
	at org.apache.hadoop.security.UserGroupInformation.doAs(UserGroupInformation.java:1899) [hadoop-common-3.3.6.jar:?]
	at org.apache.hadoop.ipc.Server$Handler.run(Server.java:3048) [hadoop-common-3.3.6.jar:?]
]]></system-out>
  </testcase>
  <testcase name="testCreateFileShouldCheckExistenceOfDirWithSameName" classname="TestOzoneFileSystem" time="0.039">
    <system-out><![CDATA[11:38:01.498 [IPC Server handler 14 on default port 15163] ERROR OMAudit - user=runner | ip=127.0.0.1 | op=CREATE_FILE {volume=volume45503, bucket=bucket29530, key=d1/d2/d3/d4/key2, dataSize=4194304, replicationType=RATIS, replicationFactor=THREE} | ret=FAILURE
org.apache.hadoop.ozone.om.exceptions.OMException: Can not write to directory: d1/d2/d3/d4/key2
	at org.apache.hadoop.ozone.om.request.file.OMFileCreateRequest.checkDirectoryResult(OMFileCreateRequest.java:363) ~[ozone-manager-1.4.0-SNAPSHOT.jar:?]
	at org.apache.hadoop.ozone.om.request.file.OMFileCreateRequest.validateAndUpdateCache(OMFileCreateRequest.java:237) ~[ozone-manager-1.4.0-SNAPSHOT.jar:?]
	at org.apache.hadoop.ozone.protocolPB.OzoneManagerRequestHandler.handleWriteRequest(OzoneManagerRequestHandler.java:375) ~[ozone-manager-1.4.0-SNAPSHOT.jar:?]
	at org.apache.hadoop.ozone.protocolPB.OzoneManagerProtocolServerSideTranslatorPB.submitRequestDirectlyToOM(OzoneManagerProtocolServerSideTranslatorPB.java:280) ~[ozone-manager-1.4.0-SNAPSHOT.jar:?]
	at org.apache.hadoop.ozone.protocolPB.OzoneManagerProtocolServerSideTranslatorPB.processRequest(OzoneManagerProtocolServerSideTranslatorPB.java:175) ~[ozone-manager-1.4.0-SNAPSHOT.jar:?]
	at org.apache.hadoop.hdds.server.OzoneProtocolMessageDispatcher.processRequest(OzoneProtocolMessageDispatcher.java:87) [hdds-server-framework-1.4.0-SNAPSHOT.jar:?]
	at org.apache.hadoop.ozone.protocolPB.OzoneManagerProtocolServerSideTranslatorPB.submitRequest(OzoneManagerProtocolServerSideTranslatorPB.java:148) [ozone-manager-1.4.0-SNAPSHOT.jar:?]
	at org.apache.hadoop.ozone.protocol.proto.OzoneManagerProtocolProtos$OzoneManagerService$2.callBlockingMethod(OzoneManagerProtocolProtos.java) [ozone-interface-client-1.4.0-SNAPSHOT.jar:?]
	at org.apache.hadoop.ipc.ProtobufRpcEngine$Server.processCall(ProtobufRpcEngine.java:484) [hadoop-common-3.3.6.jar:?]
	at org.apache.hadoop.ipc.ProtobufRpcEngine2$Server$ProtoBufRpcInvoker.call(ProtobufRpcEngine2.java:595) [hadoop-common-3.3.6.jar:?]
	at org.apache.hadoop.ipc.ProtobufRpcEngine2$Server$ProtoBufRpcInvoker.call(ProtobufRpcEngine2.java:573) [hadoop-common-3.3.6.jar:?]
	at org.apache.hadoop.ipc.RPC$Server.call(RPC.java:1227) [hadoop-common-3.3.6.jar:?]
	at org.apache.hadoop.ipc.Server$RpcCall.run(Server.java:1094) [hadoop-common-3.3.6.jar:?]
	at org.apache.hadoop.ipc.Server$RpcCall.run(Server.java:1017) [hadoop-common-3.3.6.jar:?]
	at java.security.AccessController.doPrivileged(Native Method) ~[?:1.8.0_382]
	at javax.security.auth.Subject.doAs(Subject.java:422) [?:1.8.0_382]
	at org.apache.hadoop.security.UserGroupInformation.doAs(UserGroupInformation.java:1899) [hadoop-common-3.3.6.jar:?]
	at org.apache.hadoop.ipc.Server$Handler.run(Server.java:3048) [hadoop-common-3.3.6.jar:?]
2023-08-25 11:38:01,498 [IPC Server handler 14 on default port 15163] ERROR file.OMFileCreateRequest (OMFileCreateRequest.java:validateAndUpdateCache(336)) - File create failed. Volume:volume45503, Bucket:bucket29530, Keyd1/d2/d3/d4/key2.
NOT_A_FILE org.apache.hadoop.ozone.om.exceptions.OMException: Can not write to directory: d1/d2/d3/d4/key2
	at org.apache.hadoop.ozone.om.request.file.OMFileCreateRequest.checkDirectoryResult(OMFileCreateRequest.java:363)
	at org.apache.hadoop.ozone.om.request.file.OMFileCreateRequest.validateAndUpdateCache(OMFileCreateRequest.java:237)
	at org.apache.hadoop.ozone.protocolPB.OzoneManagerRequestHandler.handleWriteRequest(OzoneManagerRequestHandler.java:375)
	at org.apache.hadoop.ozone.protocolPB.OzoneManagerProtocolServerSideTranslatorPB.submitRequestDirectlyToOM(OzoneManagerProtocolServerSideTranslatorPB.java:280)
	at org.apache.hadoop.ozone.protocolPB.OzoneManagerProtocolServerSideTranslatorPB.processRequest(OzoneManagerProtocolServerSideTranslatorPB.java:175)
	at org.apache.hadoop.hdds.server.OzoneProtocolMessageDispatcher.processRequest(OzoneProtocolMessageDispatcher.java:87)
	at org.apache.hadoop.ozone.protocolPB.OzoneManagerProtocolServerSideTranslatorPB.submitRequest(OzoneManagerProtocolServerSideTranslatorPB.java:148)
	at org.apache.hadoop.ozone.protocol.proto.OzoneManagerProtocolProtos$OzoneManagerService$2.callBlockingMethod(OzoneManagerProtocolProtos.java)
	at org.apache.hadoop.ipc.ProtobufRpcEngine$Server.processCall(ProtobufRpcEngine.java:484)
	at org.apache.hadoop.ipc.ProtobufRpcEngine2$Server$ProtoBufRpcInvoker.call(ProtobufRpcEngine2.java:595)
	at org.apache.hadoop.ipc.ProtobufRpcEngine2$Server$ProtoBufRpcInvoker.call(ProtobufRpcEngine2.java:573)
	at org.apache.hadoop.ipc.RPC$Server.call(RPC.java:1227)
	at org.apache.hadoop.ipc.Server$RpcCall.run(Server.java:1094)
	at org.apache.hadoop.ipc.Server$RpcCall.run(Server.java:1017)
	at java.security.AccessController.doPrivileged(Native Method)
	at javax.security.auth.Subject.doAs(Subject.java:422)
	at org.apache.hadoop.security.UserGroupInformation.doAs(UserGroupInformation.java:1899)
	at org.apache.hadoop.ipc.Server$Handler.run(Server.java:3048)
11:38:01.505 [IPC Server handler 18 on default port 15163] ERROR OMAudit - user=runner | ip=127.0.0.1 | op=CREATE_DIRECTORY {volume=volume45503, bucket=bucket29530, key=d1/d2/d3/d4/key3, dataSize=0, replicationType=NONE, replicationFactor=ZERO} | ret=FAILURE
org.apache.hadoop.ozone.om.exceptions.OMException: Unable to create directory: d1/d2/d3/d4/key3 in volume/bucket: volume45503/bucket29530
	at org.apache.hadoop.ozone.om.request.file.OMDirectoryCreateRequest.validateAndUpdateCache(OMDirectoryCreateRequest.java:194) ~[ozone-manager-1.4.0-SNAPSHOT.jar:?]
	at org.apache.hadoop.ozone.protocolPB.OzoneManagerRequestHandler.handleWriteRequest(OzoneManagerRequestHandler.java:375) ~[ozone-manager-1.4.0-SNAPSHOT.jar:?]
	at org.apache.hadoop.ozone.protocolPB.OzoneManagerProtocolServerSideTranslatorPB.submitRequestDirectlyToOM(OzoneManagerProtocolServerSideTranslatorPB.java:280) ~[ozone-manager-1.4.0-SNAPSHOT.jar:?]
	at org.apache.hadoop.ozone.protocolPB.OzoneManagerProtocolServerSideTranslatorPB.processRequest(OzoneManagerProtocolServerSideTranslatorPB.java:175) ~[ozone-manager-1.4.0-SNAPSHOT.jar:?]
	at org.apache.hadoop.hdds.server.OzoneProtocolMessageDispatcher.processRequest(OzoneProtocolMessageDispatcher.java:87) [hdds-server-framework-1.4.0-SNAPSHOT.jar:?]
	at org.apache.hadoop.ozone.protocolPB.OzoneManagerProtocolServerSideTranslatorPB.submitRequest(OzoneManagerProtocolServerSideTranslatorPB.java:148) [ozone-manager-1.4.0-SNAPSHOT.jar:?]
	at org.apache.hadoop.ozone.protocol.proto.OzoneManagerProtocolProtos$OzoneManagerService$2.callBlockingMethod(OzoneManagerProtocolProtos.java) [ozone-interface-client-1.4.0-SNAPSHOT.jar:?]
	at org.apache.hadoop.ipc.ProtobufRpcEngine$Server.processCall(ProtobufRpcEngine.java:484) [hadoop-common-3.3.6.jar:?]
	at org.apache.hadoop.ipc.ProtobufRpcEngine2$Server$ProtoBufRpcInvoker.call(ProtobufRpcEngine2.java:595) [hadoop-common-3.3.6.jar:?]
	at org.apache.hadoop.ipc.ProtobufRpcEngine2$Server$ProtoBufRpcInvoker.call(ProtobufRpcEngine2.java:573) [hadoop-common-3.3.6.jar:?]
	at org.apache.hadoop.ipc.RPC$Server.call(RPC.java:1227) [hadoop-common-3.3.6.jar:?]
	at org.apache.hadoop.ipc.Server$RpcCall.run(Server.java:1094) [hadoop-common-3.3.6.jar:?]
	at org.apache.hadoop.ipc.Server$RpcCall.run(Server.java:1017) [hadoop-common-3.3.6.jar:?]
	at java.security.AccessController.doPrivileged(Native Method) ~[?:1.8.0_382]
	at javax.security.auth.Subject.doAs(Subject.java:422) [?:1.8.0_382]
	at org.apache.hadoop.security.UserGroupInformation.doAs(UserGroupInformation.java:1899) [hadoop-common-3.3.6.jar:?]
	at org.apache.hadoop.ipc.Server$Handler.run(Server.java:3048) [hadoop-common-3.3.6.jar:?]
2023-08-25 11:38:01,505 [IPC Server handler 18 on default port 15163] ERROR file.OMDirectoryCreateRequest (OMDirectoryCreateRequest.java:logResult(334)) - Directory creation failed. Volume:volume45503, Bucket:bucket29530, Keyd1/d2/d3/d4/key3. Exception:{}
FILE_ALREADY_EXISTS org.apache.hadoop.ozone.om.exceptions.OMException: Unable to create directory: d1/d2/d3/d4/key3 in volume/bucket: volume45503/bucket29530
	at org.apache.hadoop.ozone.om.request.file.OMDirectoryCreateRequest.validateAndUpdateCache(OMDirectoryCreateRequest.java:194)
	at org.apache.hadoop.ozone.protocolPB.OzoneManagerRequestHandler.handleWriteRequest(OzoneManagerRequestHandler.java:375)
	at org.apache.hadoop.ozone.protocolPB.OzoneManagerProtocolServerSideTranslatorPB.submitRequestDirectlyToOM(OzoneManagerProtocolServerSideTranslatorPB.java:280)
	at org.apache.hadoop.ozone.protocolPB.OzoneManagerProtocolServerSideTranslatorPB.processRequest(OzoneManagerProtocolServerSideTranslatorPB.java:175)
	at org.apache.hadoop.hdds.server.OzoneProtocolMessageDispatcher.processRequest(OzoneProtocolMessageDispatcher.java:87)
	at org.apache.hadoop.ozone.protocolPB.OzoneManagerProtocolServerSideTranslatorPB.submitRequest(OzoneManagerProtocolServerSideTranslatorPB.java:148)
	at org.apache.hadoop.ozone.protocol.proto.OzoneManagerProtocolProtos$OzoneManagerService$2.callBlockingMethod(OzoneManagerProtocolProtos.java)
	at org.apache.hadoop.ipc.ProtobufRpcEngine$Server.processCall(ProtobufRpcEngine.java:484)
	at org.apache.hadoop.ipc.ProtobufRpcEngine2$Server$ProtoBufRpcInvoker.call(ProtobufRpcEngine2.java:595)
	at org.apache.hadoop.ipc.ProtobufRpcEngine2$Server$ProtoBufRpcInvoker.call(ProtobufRpcEngine2.java:573)
	at org.apache.hadoop.ipc.RPC$Server.call(RPC.java:1227)
	at org.apache.hadoop.ipc.Server$RpcCall.run(Server.java:1094)
	at org.apache.hadoop.ipc.Server$RpcCall.run(Server.java:1017)
	at java.security.AccessController.doPrivileged(Native Method)
	at javax.security.auth.Subject.doAs(Subject.java:422)
	at org.apache.hadoop.security.UserGroupInformation.doAs(UserGroupInformation.java:1899)
	at org.apache.hadoop.ipc.Server$Handler.run(Server.java:3048)
11:38:01.507 [IPC Server handler 11 on default port 15163] ERROR OMAudit - user=runner | ip=127.0.0.1 | op=CREATE_FILE {volume=volume45503, bucket=bucket29530, key=d1/d2/d3, dataSize=4194304, replicationType=RATIS, replicationFactor=THREE} | ret=FAILURE
org.apache.hadoop.ozone.om.exceptions.OMException: Can not write to directory: d1/d2/d3
	at org.apache.hadoop.ozone.om.request.file.OMFileCreateRequest.checkDirectoryResult(OMFileCreateRequest.java:363) ~[ozone-manager-1.4.0-SNAPSHOT.jar:?]
	at org.apache.hadoop.ozone.om.request.file.OMFileCreateRequest.validateAndUpdateCache(OMFileCreateRequest.java:237) ~[ozone-manager-1.4.0-SNAPSHOT.jar:?]
	at org.apache.hadoop.ozone.protocolPB.OzoneManagerRequestHandler.handleWriteRequest(OzoneManagerRequestHandler.java:375) ~[ozone-manager-1.4.0-SNAPSHOT.jar:?]
	at org.apache.hadoop.ozone.protocolPB.OzoneManagerProtocolServerSideTranslatorPB.submitRequestDirectlyToOM(OzoneManagerProtocolServerSideTranslatorPB.java:280) ~[ozone-manager-1.4.0-SNAPSHOT.jar:?]
	at org.apache.hadoop.ozone.protocolPB.OzoneManagerProtocolServerSideTranslatorPB.processRequest(OzoneManagerProtocolServerSideTranslatorPB.java:175) ~[ozone-manager-1.4.0-SNAPSHOT.jar:?]
	at org.apache.hadoop.hdds.server.OzoneProtocolMessageDispatcher.processRequest(OzoneProtocolMessageDispatcher.java:87) [hdds-server-framework-1.4.0-SNAPSHOT.jar:?]
	at org.apache.hadoop.ozone.protocolPB.OzoneManagerProtocolServerSideTranslatorPB.submitRequest(OzoneManagerProtocolServerSideTranslatorPB.java:148) [ozone-manager-1.4.0-SNAPSHOT.jar:?]
	at org.apache.hadoop.ozone.protocol.proto.OzoneManagerProtocolProtos$OzoneManagerService$2.callBlockingMethod(OzoneManagerProtocolProtos.java) [ozone-interface-client-1.4.0-SNAPSHOT.jar:?]
	at org.apache.hadoop.ipc.ProtobufRpcEngine$Server.processCall(ProtobufRpcEngine.java:484) [hadoop-common-3.3.6.jar:?]
	at org.apache.hadoop.ipc.ProtobufRpcEngine2$Server$ProtoBufRpcInvoker.call(ProtobufRpcEngine2.java:595) [hadoop-common-3.3.6.jar:?]
	at org.apache.hadoop.ipc.ProtobufRpcEngine2$Server$ProtoBufRpcInvoker.call(ProtobufRpcEngine2.java:573) [hadoop-common-3.3.6.jar:?]
	at org.apache.hadoop.ipc.RPC$Server.call(RPC.java:1227) [hadoop-common-3.3.6.jar:?]
	at org.apache.hadoop.ipc.Server$RpcCall.run(Server.java:1094) [hadoop-common-3.3.6.jar:?]
	at org.apache.hadoop.ipc.Server$RpcCall.run(Server.java:1017) [hadoop-common-3.3.6.jar:?]
	at java.security.AccessController.doPrivileged(Native Method) ~[?:1.8.0_382]
	at javax.security.auth.Subject.doAs(Subject.java:422) [?:1.8.0_382]
	at org.apache.hadoop.security.UserGroupInformation.doAs(UserGroupInformation.java:1899) [hadoop-common-3.3.6.jar:?]
	at org.apache.hadoop.ipc.Server$Handler.run(Server.java:3048) [hadoop-common-3.3.6.jar:?]
2023-08-25 11:38:01,508 [IPC Server handler 11 on default port 15163] ERROR file.OMFileCreateRequest (OMFileCreateRequest.java:validateAndUpdateCache(336)) - File create failed. Volume:volume45503, Bucket:bucket29530, Keyd1/d2/d3.
NOT_A_FILE org.apache.hadoop.ozone.om.exceptions.OMException: Can not write to directory: d1/d2/d3
	at org.apache.hadoop.ozone.om.request.file.OMFileCreateRequest.checkDirectoryResult(OMFileCreateRequest.java:363)
	at org.apache.hadoop.ozone.om.request.file.OMFileCreateRequest.validateAndUpdateCache(OMFileCreateRequest.java:237)
	at org.apache.hadoop.ozone.protocolPB.OzoneManagerRequestHandler.handleWriteRequest(OzoneManagerRequestHandler.java:375)
	at org.apache.hadoop.ozone.protocolPB.OzoneManagerProtocolServerSideTranslatorPB.submitRequestDirectlyToOM(OzoneManagerProtocolServerSideTranslatorPB.java:280)
	at org.apache.hadoop.ozone.protocolPB.OzoneManagerProtocolServerSideTranslatorPB.processRequest(OzoneManagerProtocolServerSideTranslatorPB.java:175)
	at org.apache.hadoop.hdds.server.OzoneProtocolMessageDispatcher.processRequest(OzoneProtocolMessageDispatcher.java:87)
	at org.apache.hadoop.ozone.protocolPB.OzoneManagerProtocolServerSideTranslatorPB.submitRequest(OzoneManagerProtocolServerSideTranslatorPB.java:148)
	at org.apache.hadoop.ozone.protocol.proto.OzoneManagerProtocolProtos$OzoneManagerService$2.callBlockingMethod(OzoneManagerProtocolProtos.java)
	at org.apache.hadoop.ipc.ProtobufRpcEngine$Server.processCall(ProtobufRpcEngine.java:484)
	at org.apache.hadoop.ipc.ProtobufRpcEngine2$Server$ProtoBufRpcInvoker.call(ProtobufRpcEngine2.java:595)
	at org.apache.hadoop.ipc.ProtobufRpcEngine2$Server$ProtoBufRpcInvoker.call(ProtobufRpcEngine2.java:573)
	at org.apache.hadoop.ipc.RPC$Server.call(RPC.java:1227)
	at org.apache.hadoop.ipc.Server$RpcCall.run(Server.java:1094)
	at org.apache.hadoop.ipc.Server$RpcCall.run(Server.java:1017)
	at java.security.AccessController.doPrivileged(Native Method)
	at javax.security.auth.Subject.doAs(Subject.java:422)
	at org.apache.hadoop.security.UserGroupInformation.doAs(UserGroupInformation.java:1899)
	at org.apache.hadoop.ipc.Server$Handler.run(Server.java:3048)
11:38:01.510 [IPC Server handler 12 on default port 15163] ERROR OMAudit - user=runner | ip=127.0.0.1 | op=GET_FILE_STATUS {volume=volume45503, bucket=bucket29530, key=d1/d2/d3/d4/key3/invalid, dataSize=0, replicationConfig=null} | ret=FAILURE
org.apache.hadoop.ozone.om.exceptions.OMException: Unable to get file status: volume: volume45503 bucket: bucket29530 key: d1/d2/d3/d4/key3/invalid
	at org.apache.hadoop.ozone.om.KeyManagerImpl.getOzoneFileStatus(KeyManagerImpl.java:1195) ~[ozone-manager-1.4.0-SNAPSHOT.jar:?]
	at org.apache.hadoop.ozone.om.KeyManagerImpl.getFileStatus(KeyManagerImpl.java:1113) ~[ozone-manager-1.4.0-SNAPSHOT.jar:?]
	at org.apache.hadoop.ozone.om.OmMetadataReader.getFileStatus(OmMetadataReader.java:262) ~[ozone-manager-1.4.0-SNAPSHOT.jar:?]
	at org.apache.hadoop.ozone.om.OzoneManager.getFileStatus(OzoneManager.java:3513) ~[ozone-manager-1.4.0-SNAPSHOT.jar:?]
	at org.apache.hadoop.ozone.protocolPB.OzoneManagerRequestHandler.getOzoneFileStatus(OzoneManagerRequestHandler.java:973) ~[ozone-manager-1.4.0-SNAPSHOT.jar:?]
	at org.apache.hadoop.ozone.protocolPB.OzoneManagerRequestHandler.handleReadRequest(OzoneManagerRequestHandler.java:252) ~[ozone-manager-1.4.0-SNAPSHOT.jar:?]
	at org.apache.hadoop.ozone.protocolPB.OzoneManagerProtocolServerSideTranslatorPB.submitRequestDirectlyToOM(OzoneManagerProtocolServerSideTranslatorPB.java:274) ~[ozone-manager-1.4.0-SNAPSHOT.jar:?]
	at org.apache.hadoop.ozone.protocolPB.OzoneManagerProtocolServerSideTranslatorPB.processRequest(OzoneManagerProtocolServerSideTranslatorPB.java:175) ~[ozone-manager-1.4.0-SNAPSHOT.jar:?]
	at org.apache.hadoop.hdds.server.OzoneProtocolMessageDispatcher.processRequest(OzoneProtocolMessageDispatcher.java:87) [hdds-server-framework-1.4.0-SNAPSHOT.jar:?]
	at org.apache.hadoop.ozone.protocolPB.OzoneManagerProtocolServerSideTranslatorPB.submitRequest(OzoneManagerProtocolServerSideTranslatorPB.java:148) [ozone-manager-1.4.0-SNAPSHOT.jar:?]
	at org.apache.hadoop.ozone.protocol.proto.OzoneManagerProtocolProtos$OzoneManagerService$2.callBlockingMethod(OzoneManagerProtocolProtos.java) [ozone-interface-client-1.4.0-SNAPSHOT.jar:?]
	at org.apache.hadoop.ipc.ProtobufRpcEngine$Server.processCall(ProtobufRpcEngine.java:484) [hadoop-common-3.3.6.jar:?]
	at org.apache.hadoop.ipc.ProtobufRpcEngine2$Server$ProtoBufRpcInvoker.call(ProtobufRpcEngine2.java:595) [hadoop-common-3.3.6.jar:?]
	at org.apache.hadoop.ipc.ProtobufRpcEngine2$Server$ProtoBufRpcInvoker.call(ProtobufRpcEngine2.java:573) [hadoop-common-3.3.6.jar:?]
	at org.apache.hadoop.ipc.RPC$Server.call(RPC.java:1227) [hadoop-common-3.3.6.jar:?]
	at org.apache.hadoop.ipc.Server$RpcCall.run(Server.java:1094) [hadoop-common-3.3.6.jar:?]
	at org.apache.hadoop.ipc.Server$RpcCall.run(Server.java:1017) [hadoop-common-3.3.6.jar:?]
	at java.security.AccessController.doPrivileged(Native Method) ~[?:1.8.0_382]
	at javax.security.auth.Subject.doAs(Subject.java:422) [?:1.8.0_382]
	at org.apache.hadoop.security.UserGroupInformation.doAs(UserGroupInformation.java:1899) [hadoop-common-3.3.6.jar:?]
	at org.apache.hadoop.ipc.Server$Handler.run(Server.java:3048) [hadoop-common-3.3.6.jar:?]
11:38:01.511 [IPC Server handler 9 on default port 15163] ERROR OMAudit - user=runner | ip=127.0.0.1 | op=GET_FILE_STATUS {volume=volume45503, bucket=bucket29530, key=d1/d2/d3/d4/invalidkey, dataSize=0, replicationConfig=null} | ret=FAILURE
org.apache.hadoop.ozone.om.exceptions.OMException: Unable to get file status: volume: volume45503 bucket: bucket29530 key: d1/d2/d3/d4/invalidkey
	at org.apache.hadoop.ozone.om.KeyManagerImpl.getOzoneFileStatus(KeyManagerImpl.java:1195) ~[ozone-manager-1.4.0-SNAPSHOT.jar:?]
	at org.apache.hadoop.ozone.om.KeyManagerImpl.getFileStatus(KeyManagerImpl.java:1113) ~[ozone-manager-1.4.0-SNAPSHOT.jar:?]
	at org.apache.hadoop.ozone.om.OmMetadataReader.getFileStatus(OmMetadataReader.java:262) ~[ozone-manager-1.4.0-SNAPSHOT.jar:?]
	at org.apache.hadoop.ozone.om.OzoneManager.getFileStatus(OzoneManager.java:3513) ~[ozone-manager-1.4.0-SNAPSHOT.jar:?]
	at org.apache.hadoop.ozone.protocolPB.OzoneManagerRequestHandler.getOzoneFileStatus(OzoneManagerRequestHandler.java:973) ~[ozone-manager-1.4.0-SNAPSHOT.jar:?]
	at org.apache.hadoop.ozone.protocolPB.OzoneManagerRequestHandler.handleReadRequest(OzoneManagerRequestHandler.java:252) ~[ozone-manager-1.4.0-SNAPSHOT.jar:?]
	at org.apache.hadoop.ozone.protocolPB.OzoneManagerProtocolServerSideTranslatorPB.submitRequestDirectlyToOM(OzoneManagerProtocolServerSideTranslatorPB.java:274) ~[ozone-manager-1.4.0-SNAPSHOT.jar:?]
	at org.apache.hadoop.ozone.protocolPB.OzoneManagerProtocolServerSideTranslatorPB.processRequest(OzoneManagerProtocolServerSideTranslatorPB.java:175) ~[ozone-manager-1.4.0-SNAPSHOT.jar:?]
	at org.apache.hadoop.hdds.server.OzoneProtocolMessageDispatcher.processRequest(OzoneProtocolMessageDispatcher.java:87) [hdds-server-framework-1.4.0-SNAPSHOT.jar:?]
	at org.apache.hadoop.ozone.protocolPB.OzoneManagerProtocolServerSideTranslatorPB.submitRequest(OzoneManagerProtocolServerSideTranslatorPB.java:148) [ozone-manager-1.4.0-SNAPSHOT.jar:?]
	at org.apache.hadoop.ozone.protocol.proto.OzoneManagerProtocolProtos$OzoneManagerService$2.callBlockingMethod(OzoneManagerProtocolProtos.java) [ozone-interface-client-1.4.0-SNAPSHOT.jar:?]
	at org.apache.hadoop.ipc.ProtobufRpcEngine$Server.processCall(ProtobufRpcEngine.java:484) [hadoop-common-3.3.6.jar:?]
	at org.apache.hadoop.ipc.ProtobufRpcEngine2$Server$ProtoBufRpcInvoker.call(ProtobufRpcEngine2.java:595) [hadoop-common-3.3.6.jar:?]
	at org.apache.hadoop.ipc.ProtobufRpcEngine2$Server$ProtoBufRpcInvoker.call(ProtobufRpcEngine2.java:573) [hadoop-common-3.3.6.jar:?]
	at org.apache.hadoop.ipc.RPC$Server.call(RPC.java:1227) [hadoop-common-3.3.6.jar:?]
	at org.apache.hadoop.ipc.Server$RpcCall.run(Server.java:1094) [hadoop-common-3.3.6.jar:?]
	at org.apache.hadoop.ipc.Server$RpcCall.run(Server.java:1017) [hadoop-common-3.3.6.jar:?]
	at java.security.AccessController.doPrivileged(Native Method) ~[?:1.8.0_382]
	at javax.security.auth.Subject.doAs(Subject.java:422) [?:1.8.0_382]
	at org.apache.hadoop.security.UserGroupInformation.doAs(UserGroupInformation.java:1899) [hadoop-common-3.3.6.jar:?]
	at org.apache.hadoop.ipc.Server$Handler.run(Server.java:3048) [hadoop-common-3.3.6.jar:?]
]]></system-out>
  </testcase>
  <testcase name="testRenameContainDelimiterFile" classname="TestOzoneFileSystem" time="0.062">
    <system-out><![CDATA[11:33:06.965 [IPC Server handler 12 on default port 15004] ERROR OMAudit - user=runner | ip=127.0.0.1 | op=GET_FILE_STATUS {volume=volume54121, bucket=bucket59518, key=dir1/dir2/key2, dataSize=0, replicationConfig=null} | ret=FAILURE
org.apache.hadoop.ozone.om.exceptions.OMException: Unable to get file status: volume: volume54121 bucket: bucket59518 key: dir1/dir2/key2
	at org.apache.hadoop.ozone.om.KeyManagerImpl.getOzoneFileStatus(KeyManagerImpl.java:1195) ~[ozone-manager-1.4.0-SNAPSHOT.jar:?]
	at org.apache.hadoop.ozone.om.KeyManagerImpl.getFileStatus(KeyManagerImpl.java:1113) ~[ozone-manager-1.4.0-SNAPSHOT.jar:?]
	at org.apache.hadoop.ozone.om.OmMetadataReader.getFileStatus(OmMetadataReader.java:262) ~[ozone-manager-1.4.0-SNAPSHOT.jar:?]
	at org.apache.hadoop.ozone.om.OzoneManager.getFileStatus(OzoneManager.java:3513) ~[ozone-manager-1.4.0-SNAPSHOT.jar:?]
	at org.apache.hadoop.ozone.protocolPB.OzoneManagerRequestHandler.getOzoneFileStatus(OzoneManagerRequestHandler.java:973) ~[ozone-manager-1.4.0-SNAPSHOT.jar:?]
	at org.apache.hadoop.ozone.protocolPB.OzoneManagerRequestHandler.handleReadRequest(OzoneManagerRequestHandler.java:252) ~[ozone-manager-1.4.0-SNAPSHOT.jar:?]
	at org.apache.hadoop.ozone.protocolPB.OzoneManagerProtocolServerSideTranslatorPB.submitReadRequestToOM(OzoneManagerProtocolServerSideTranslatorPB.java:225) ~[ozone-manager-1.4.0-SNAPSHOT.jar:?]
	at org.apache.hadoop.ozone.protocolPB.OzoneManagerProtocolServerSideTranslatorPB.processRequest(OzoneManagerProtocolServerSideTranslatorPB.java:179) ~[ozone-manager-1.4.0-SNAPSHOT.jar:?]
	at org.apache.hadoop.hdds.server.OzoneProtocolMessageDispatcher.processRequest(OzoneProtocolMessageDispatcher.java:87) [hdds-server-framework-1.4.0-SNAPSHOT.jar:?]
	at org.apache.hadoop.ozone.protocolPB.OzoneManagerProtocolServerSideTranslatorPB.submitRequest(OzoneManagerProtocolServerSideTranslatorPB.java:148) [ozone-manager-1.4.0-SNAPSHOT.jar:?]
	at org.apache.hadoop.ozone.protocol.proto.OzoneManagerProtocolProtos$OzoneManagerService$2.callBlockingMethod(OzoneManagerProtocolProtos.java) [ozone-interface-client-1.4.0-SNAPSHOT.jar:?]
	at org.apache.hadoop.ipc.ProtobufRpcEngine$Server.processCall(ProtobufRpcEngine.java:484) [hadoop-common-3.3.6.jar:?]
	at org.apache.hadoop.ipc.ProtobufRpcEngine2$Server$ProtoBufRpcInvoker.call(ProtobufRpcEngine2.java:595) [hadoop-common-3.3.6.jar:?]
	at org.apache.hadoop.ipc.ProtobufRpcEngine2$Server$ProtoBufRpcInvoker.call(ProtobufRpcEngine2.java:573) [hadoop-common-3.3.6.jar:?]
	at org.apache.hadoop.ipc.RPC$Server.call(RPC.java:1227) [hadoop-common-3.3.6.jar:?]
	at org.apache.hadoop.ipc.Server$RpcCall.run(Server.java:1094) [hadoop-common-3.3.6.jar:?]
	at org.apache.hadoop.ipc.Server$RpcCall.run(Server.java:1017) [hadoop-common-3.3.6.jar:?]
	at java.security.AccessController.doPrivileged(Native Method) ~[?:1.8.0_382]
	at javax.security.auth.Subject.doAs(Subject.java:422) [?:1.8.0_382]
	at org.apache.hadoop.security.UserGroupInformation.doAs(UserGroupInformation.java:1899) [hadoop-common-3.3.6.jar:?]
	at org.apache.hadoop.ipc.Server$Handler.run(Server.java:3048) [hadoop-common-3.3.6.jar:?]
11:33:06.979 [IPC Server handler 15 on default port 15004] ERROR OMAudit - user=runner | ip=127.0.0.1 | op=GET_FILE_STATUS {volume=volume54121, bucket=bucket59518, key=dir1/dir2/key1, dataSize=0, replicationConfig=null} | ret=FAILURE
org.apache.hadoop.ozone.om.exceptions.OMException: Unable to get file status: volume: volume54121 bucket: bucket59518 key: dir1/dir2/key1
	at org.apache.hadoop.ozone.om.KeyManagerImpl.getOzoneFileStatus(KeyManagerImpl.java:1195) ~[ozone-manager-1.4.0-SNAPSHOT.jar:?]
	at org.apache.hadoop.ozone.om.KeyManagerImpl.getFileStatus(KeyManagerImpl.java:1113) ~[ozone-manager-1.4.0-SNAPSHOT.jar:?]
	at org.apache.hadoop.ozone.om.OmMetadataReader.getFileStatus(OmMetadataReader.java:262) ~[ozone-manager-1.4.0-SNAPSHOT.jar:?]
	at org.apache.hadoop.ozone.om.OzoneManager.getFileStatus(OzoneManager.java:3513) ~[ozone-manager-1.4.0-SNAPSHOT.jar:?]
	at org.apache.hadoop.ozone.protocolPB.OzoneManagerRequestHandler.getOzoneFileStatus(OzoneManagerRequestHandler.java:973) ~[ozone-manager-1.4.0-SNAPSHOT.jar:?]
	at org.apache.hadoop.ozone.protocolPB.OzoneManagerRequestHandler.handleReadRequest(OzoneManagerRequestHandler.java:252) ~[ozone-manager-1.4.0-SNAPSHOT.jar:?]
	at org.apache.hadoop.ozone.protocolPB.OzoneManagerProtocolServerSideTranslatorPB.submitReadRequestToOM(OzoneManagerProtocolServerSideTranslatorPB.java:225) ~[ozone-manager-1.4.0-SNAPSHOT.jar:?]
	at org.apache.hadoop.ozone.protocolPB.OzoneManagerProtocolServerSideTranslatorPB.processRequest(OzoneManagerProtocolServerSideTranslatorPB.java:179) ~[ozone-manager-1.4.0-SNAPSHOT.jar:?]
	at org.apache.hadoop.hdds.server.OzoneProtocolMessageDispatcher.processRequest(OzoneProtocolMessageDispatcher.java:87) [hdds-server-framework-1.4.0-SNAPSHOT.jar:?]
	at org.apache.hadoop.ozone.protocolPB.OzoneManagerProtocolServerSideTranslatorPB.submitRequest(OzoneManagerProtocolServerSideTranslatorPB.java:148) [ozone-manager-1.4.0-SNAPSHOT.jar:?]
	at org.apache.hadoop.ozone.protocol.proto.OzoneManagerProtocolProtos$OzoneManagerService$2.callBlockingMethod(OzoneManagerProtocolProtos.java) [ozone-interface-client-1.4.0-SNAPSHOT.jar:?]
	at org.apache.hadoop.ipc.ProtobufRpcEngine$Server.processCall(ProtobufRpcEngine.java:484) [hadoop-common-3.3.6.jar:?]
	at org.apache.hadoop.ipc.ProtobufRpcEngine2$Server$ProtoBufRpcInvoker.call(ProtobufRpcEngine2.java:595) [hadoop-common-3.3.6.jar:?]
	at org.apache.hadoop.ipc.ProtobufRpcEngine2$Server$ProtoBufRpcInvoker.call(ProtobufRpcEngine2.java:573) [hadoop-common-3.3.6.jar:?]
	at org.apache.hadoop.ipc.RPC$Server.call(RPC.java:1227) [hadoop-common-3.3.6.jar:?]
	at org.apache.hadoop.ipc.Server$RpcCall.run(Server.java:1094) [hadoop-common-3.3.6.jar:?]
	at org.apache.hadoop.ipc.Server$RpcCall.run(Server.java:1017) [hadoop-common-3.3.6.jar:?]
	at java.security.AccessController.doPrivileged(Native Method) ~[?:1.8.0_382]
	at javax.security.auth.Subject.doAs(Subject.java:422) [?:1.8.0_382]
	at org.apache.hadoop.security.UserGroupInformation.doAs(UserGroupInformation.java:1899) [hadoop-common-3.3.6.jar:?]
	at org.apache.hadoop.ipc.Server$Handler.run(Server.java:3048) [hadoop-common-3.3.6.jar:?]
11:33:06.982 [IPC Server handler 9 on default port 15004] ERROR OMAudit - user=runner | ip=127.0.0.1 | op=GET_FILE_STATUS {volume=volume54121, bucket=bucket59518, key=user/runner/dir1, dataSize=0, replicationConfig=null} | ret=FAILURE
org.apache.hadoop.ozone.om.exceptions.OMException: Unable to get file status: volume: volume54121 bucket: bucket59518 key: user/runner/dir1
	at org.apache.hadoop.ozone.om.KeyManagerImpl.getOzoneFileStatus(KeyManagerImpl.java:1195) ~[ozone-manager-1.4.0-SNAPSHOT.jar:?]
	at org.apache.hadoop.ozone.om.KeyManagerImpl.getFileStatus(KeyManagerImpl.java:1113) ~[ozone-manager-1.4.0-SNAPSHOT.jar:?]
	at org.apache.hadoop.ozone.om.OmMetadataReader.getFileStatus(OmMetadataReader.java:262) ~[ozone-manager-1.4.0-SNAPSHOT.jar:?]
	at org.apache.hadoop.ozone.om.OzoneManager.getFileStatus(OzoneManager.java:3513) ~[ozone-manager-1.4.0-SNAPSHOT.jar:?]
	at org.apache.hadoop.ozone.protocolPB.OzoneManagerRequestHandler.getOzoneFileStatus(OzoneManagerRequestHandler.java:973) ~[ozone-manager-1.4.0-SNAPSHOT.jar:?]
	at org.apache.hadoop.ozone.protocolPB.OzoneManagerRequestHandler.handleReadRequest(OzoneManagerRequestHandler.java:252) ~[ozone-manager-1.4.0-SNAPSHOT.jar:?]
	at org.apache.hadoop.ozone.protocolPB.OzoneManagerProtocolServerSideTranslatorPB.submitReadRequestToOM(OzoneManagerProtocolServerSideTranslatorPB.java:225) ~[ozone-manager-1.4.0-SNAPSHOT.jar:?]
	at org.apache.hadoop.ozone.protocolPB.OzoneManagerProtocolServerSideTranslatorPB.processRequest(OzoneManagerProtocolServerSideTranslatorPB.java:179) ~[ozone-manager-1.4.0-SNAPSHOT.jar:?]
	at org.apache.hadoop.hdds.server.OzoneProtocolMessageDispatcher.processRequest(OzoneProtocolMessageDispatcher.java:87) [hdds-server-framework-1.4.0-SNAPSHOT.jar:?]
	at org.apache.hadoop.ozone.protocolPB.OzoneManagerProtocolServerSideTranslatorPB.submitRequest(OzoneManagerProtocolServerSideTranslatorPB.java:148) [ozone-manager-1.4.0-SNAPSHOT.jar:?]
	at org.apache.hadoop.ozone.protocol.proto.OzoneManagerProtocolProtos$OzoneManagerService$2.callBlockingMethod(OzoneManagerProtocolProtos.java) [ozone-interface-client-1.4.0-SNAPSHOT.jar:?]
	at org.apache.hadoop.ipc.ProtobufRpcEngine$Server.processCall(ProtobufRpcEngine.java:484) [hadoop-common-3.3.6.jar:?]
	at org.apache.hadoop.ipc.ProtobufRpcEngine2$Server$ProtoBufRpcInvoker.call(ProtobufRpcEngine2.java:595) [hadoop-common-3.3.6.jar:?]
	at org.apache.hadoop.ipc.ProtobufRpcEngine2$Server$ProtoBufRpcInvoker.call(ProtobufRpcEngine2.java:573) [hadoop-common-3.3.6.jar:?]
	at org.apache.hadoop.ipc.RPC$Server.call(RPC.java:1227) [hadoop-common-3.3.6.jar:?]
	at org.apache.hadoop.ipc.Server$RpcCall.run(Server.java:1094) [hadoop-common-3.3.6.jar:?]
	at org.apache.hadoop.ipc.Server$RpcCall.run(Server.java:1017) [hadoop-common-3.3.6.jar:?]
	at java.security.AccessController.doPrivileged(Native Method) ~[?:1.8.0_382]
	at javax.security.auth.Subject.doAs(Subject.java:422) [?:1.8.0_382]
	at org.apache.hadoop.security.UserGroupInformation.doAs(UserGroupInformation.java:1899) [hadoop-common-3.3.6.jar:?]
	at org.apache.hadoop.ipc.Server$Handler.run(Server.java:3048) [hadoop-common-3.3.6.jar:?]
11:33:06.988 [IPC Server handler 5 on default port 15004] ERROR OMAudit - user=runner | ip=127.0.0.1 | op=GET_FILE_STATUS {volume=volume54121, bucket=bucket59518, key=user/runner/dir1/dir2, dataSize=0, replicationConfig=null} | ret=FAILURE
org.apache.hadoop.ozone.om.exceptions.OMException: Unable to get file status: volume: volume54121 bucket: bucket59518 key: user/runner/dir1/dir2
	at org.apache.hadoop.ozone.om.KeyManagerImpl.getOzoneFileStatus(KeyManagerImpl.java:1195) ~[ozone-manager-1.4.0-SNAPSHOT.jar:?]
	at org.apache.hadoop.ozone.om.KeyManagerImpl.getFileStatus(KeyManagerImpl.java:1113) ~[ozone-manager-1.4.0-SNAPSHOT.jar:?]
	at org.apache.hadoop.ozone.om.OmMetadataReader.getFileStatus(OmMetadataReader.java:262) ~[ozone-manager-1.4.0-SNAPSHOT.jar:?]
	at org.apache.hadoop.ozone.om.OzoneManager.getFileStatus(OzoneManager.java:3513) ~[ozone-manager-1.4.0-SNAPSHOT.jar:?]
	at org.apache.hadoop.ozone.protocolPB.OzoneManagerRequestHandler.getOzoneFileStatus(OzoneManagerRequestHandler.java:973) ~[ozone-manager-1.4.0-SNAPSHOT.jar:?]
	at org.apache.hadoop.ozone.protocolPB.OzoneManagerRequestHandler.handleReadRequest(OzoneManagerRequestHandler.java:252) ~[ozone-manager-1.4.0-SNAPSHOT.jar:?]
	at org.apache.hadoop.ozone.protocolPB.OzoneManagerProtocolServerSideTranslatorPB.submitReadRequestToOM(OzoneManagerProtocolServerSideTranslatorPB.java:225) ~[ozone-manager-1.4.0-SNAPSHOT.jar:?]
	at org.apache.hadoop.ozone.protocolPB.OzoneManagerProtocolServerSideTranslatorPB.processRequest(OzoneManagerProtocolServerSideTranslatorPB.java:179) ~[ozone-manager-1.4.0-SNAPSHOT.jar:?]
	at org.apache.hadoop.hdds.server.OzoneProtocolMessageDispatcher.processRequest(OzoneProtocolMessageDispatcher.java:87) [hdds-server-framework-1.4.0-SNAPSHOT.jar:?]
	at org.apache.hadoop.ozone.protocolPB.OzoneManagerProtocolServerSideTranslatorPB.submitRequest(OzoneManagerProtocolServerSideTranslatorPB.java:148) [ozone-manager-1.4.0-SNAPSHOT.jar:?]
	at org.apache.hadoop.ozone.protocol.proto.OzoneManagerProtocolProtos$OzoneManagerService$2.callBlockingMethod(OzoneManagerProtocolProtos.java) [ozone-interface-client-1.4.0-SNAPSHOT.jar:?]
	at org.apache.hadoop.ipc.ProtobufRpcEngine$Server.processCall(ProtobufRpcEngine.java:484) [hadoop-common-3.3.6.jar:?]
	at org.apache.hadoop.ipc.ProtobufRpcEngine2$Server$ProtoBufRpcInvoker.call(ProtobufRpcEngine2.java:595) [hadoop-common-3.3.6.jar:?]
	at org.apache.hadoop.ipc.ProtobufRpcEngine2$Server$ProtoBufRpcInvoker.call(ProtobufRpcEngine2.java:573) [hadoop-common-3.3.6.jar:?]
	at org.apache.hadoop.ipc.RPC$Server.call(RPC.java:1227) [hadoop-common-3.3.6.jar:?]
	at org.apache.hadoop.ipc.Server$RpcCall.run(Server.java:1094) [hadoop-common-3.3.6.jar:?]
	at org.apache.hadoop.ipc.Server$RpcCall.run(Server.java:1017) [hadoop-common-3.3.6.jar:?]
	at java.security.AccessController.doPrivileged(Native Method) ~[?:1.8.0_382]
	at javax.security.auth.Subject.doAs(Subject.java:422) [?:1.8.0_382]
	at org.apache.hadoop.security.UserGroupInformation.doAs(UserGroupInformation.java:1899) [hadoop-common-3.3.6.jar:?]
	at org.apache.hadoop.ipc.Server$Handler.run(Server.java:3048) [hadoop-common-3.3.6.jar:?]
]]></system-out>
  </testcase>
  <testcase name="testRenameContainDelimiterFile" classname="TestOzoneFileSystem" time="0.033">
    <system-out><![CDATA[11:35:01.623 [IPC Server handler 16 on default port 15057] ERROR OMAudit - user=runner | ip=127.0.0.1 | op=GET_FILE_STATUS {volume=volume67780, bucket=bucket36604, key=dir1/dir2/key2, dataSize=0, replicationConfig=null} | ret=FAILURE
org.apache.hadoop.ozone.om.exceptions.OMException: Unable to get file status: volume: volume67780 bucket: bucket36604 key: dir1/dir2/key2
	at org.apache.hadoop.ozone.om.KeyManagerImpl.getOzoneFileStatus(KeyManagerImpl.java:1195) ~[ozone-manager-1.4.0-SNAPSHOT.jar:?]
	at org.apache.hadoop.ozone.om.KeyManagerImpl.getFileStatus(KeyManagerImpl.java:1113) ~[ozone-manager-1.4.0-SNAPSHOT.jar:?]
	at org.apache.hadoop.ozone.om.OmMetadataReader.getFileStatus(OmMetadataReader.java:262) ~[ozone-manager-1.4.0-SNAPSHOT.jar:?]
	at org.apache.hadoop.ozone.om.OzoneManager.getFileStatus(OzoneManager.java:3513) ~[ozone-manager-1.4.0-SNAPSHOT.jar:?]
	at org.apache.hadoop.ozone.protocolPB.OzoneManagerRequestHandler.getOzoneFileStatus(OzoneManagerRequestHandler.java:973) ~[ozone-manager-1.4.0-SNAPSHOT.jar:?]
	at org.apache.hadoop.ozone.protocolPB.OzoneManagerRequestHandler.handleReadRequest(OzoneManagerRequestHandler.java:252) ~[ozone-manager-1.4.0-SNAPSHOT.jar:?]
	at org.apache.hadoop.ozone.protocolPB.OzoneManagerProtocolServerSideTranslatorPB.submitRequestDirectlyToOM(OzoneManagerProtocolServerSideTranslatorPB.java:274) ~[ozone-manager-1.4.0-SNAPSHOT.jar:?]
	at org.apache.hadoop.ozone.protocolPB.OzoneManagerProtocolServerSideTranslatorPB.processRequest(OzoneManagerProtocolServerSideTranslatorPB.java:175) ~[ozone-manager-1.4.0-SNAPSHOT.jar:?]
	at org.apache.hadoop.hdds.server.OzoneProtocolMessageDispatcher.processRequest(OzoneProtocolMessageDispatcher.java:87) [hdds-server-framework-1.4.0-SNAPSHOT.jar:?]
	at org.apache.hadoop.ozone.protocolPB.OzoneManagerProtocolServerSideTranslatorPB.submitRequest(OzoneManagerProtocolServerSideTranslatorPB.java:148) [ozone-manager-1.4.0-SNAPSHOT.jar:?]
	at org.apache.hadoop.ozone.protocol.proto.OzoneManagerProtocolProtos$OzoneManagerService$2.callBlockingMethod(OzoneManagerProtocolProtos.java) [ozone-interface-client-1.4.0-SNAPSHOT.jar:?]
	at org.apache.hadoop.ipc.ProtobufRpcEngine$Server.processCall(ProtobufRpcEngine.java:484) [hadoop-common-3.3.6.jar:?]
	at org.apache.hadoop.ipc.ProtobufRpcEngine2$Server$ProtoBufRpcInvoker.call(ProtobufRpcEngine2.java:595) [hadoop-common-3.3.6.jar:?]
	at org.apache.hadoop.ipc.ProtobufRpcEngine2$Server$ProtoBufRpcInvoker.call(ProtobufRpcEngine2.java:573) [hadoop-common-3.3.6.jar:?]
	at org.apache.hadoop.ipc.RPC$Server.call(RPC.java:1227) [hadoop-common-3.3.6.jar:?]
	at org.apache.hadoop.ipc.Server$RpcCall.run(Server.java:1094) [hadoop-common-3.3.6.jar:?]
	at org.apache.hadoop.ipc.Server$RpcCall.run(Server.java:1017) [hadoop-common-3.3.6.jar:?]
	at java.security.AccessController.doPrivileged(Native Method) ~[?:1.8.0_382]
	at javax.security.auth.Subject.doAs(Subject.java:422) [?:1.8.0_382]
	at org.apache.hadoop.security.UserGroupInformation.doAs(UserGroupInformation.java:1899) [hadoop-common-3.3.6.jar:?]
	at org.apache.hadoop.ipc.Server$Handler.run(Server.java:3048) [hadoop-common-3.3.6.jar:?]
11:35:01.630 [IPC Server handler 17 on default port 15057] ERROR OMAudit - user=runner | ip=127.0.0.1 | op=GET_FILE_STATUS {volume=volume67780, bucket=bucket36604, key=dir1/dir2/key1, dataSize=0, replicationConfig=null} | ret=FAILURE
org.apache.hadoop.ozone.om.exceptions.OMException: Unable to get file status: volume: volume67780 bucket: bucket36604 key: dir1/dir2/key1
	at org.apache.hadoop.ozone.om.KeyManagerImpl.getOzoneFileStatus(KeyManagerImpl.java:1195) ~[ozone-manager-1.4.0-SNAPSHOT.jar:?]
	at org.apache.hadoop.ozone.om.KeyManagerImpl.getFileStatus(KeyManagerImpl.java:1113) ~[ozone-manager-1.4.0-SNAPSHOT.jar:?]
	at org.apache.hadoop.ozone.om.OmMetadataReader.getFileStatus(OmMetadataReader.java:262) ~[ozone-manager-1.4.0-SNAPSHOT.jar:?]
	at org.apache.hadoop.ozone.om.OzoneManager.getFileStatus(OzoneManager.java:3513) ~[ozone-manager-1.4.0-SNAPSHOT.jar:?]
	at org.apache.hadoop.ozone.protocolPB.OzoneManagerRequestHandler.getOzoneFileStatus(OzoneManagerRequestHandler.java:973) ~[ozone-manager-1.4.0-SNAPSHOT.jar:?]
	at org.apache.hadoop.ozone.protocolPB.OzoneManagerRequestHandler.handleReadRequest(OzoneManagerRequestHandler.java:252) ~[ozone-manager-1.4.0-SNAPSHOT.jar:?]
	at org.apache.hadoop.ozone.protocolPB.OzoneManagerProtocolServerSideTranslatorPB.submitRequestDirectlyToOM(OzoneManagerProtocolServerSideTranslatorPB.java:274) ~[ozone-manager-1.4.0-SNAPSHOT.jar:?]
	at org.apache.hadoop.ozone.protocolPB.OzoneManagerProtocolServerSideTranslatorPB.processRequest(OzoneManagerProtocolServerSideTranslatorPB.java:175) ~[ozone-manager-1.4.0-SNAPSHOT.jar:?]
	at org.apache.hadoop.hdds.server.OzoneProtocolMessageDispatcher.processRequest(OzoneProtocolMessageDispatcher.java:87) [hdds-server-framework-1.4.0-SNAPSHOT.jar:?]
	at org.apache.hadoop.ozone.protocolPB.OzoneManagerProtocolServerSideTranslatorPB.submitRequest(OzoneManagerProtocolServerSideTranslatorPB.java:148) [ozone-manager-1.4.0-SNAPSHOT.jar:?]
	at org.apache.hadoop.ozone.protocol.proto.OzoneManagerProtocolProtos$OzoneManagerService$2.callBlockingMethod(OzoneManagerProtocolProtos.java) [ozone-interface-client-1.4.0-SNAPSHOT.jar:?]
	at org.apache.hadoop.ipc.ProtobufRpcEngine$Server.processCall(ProtobufRpcEngine.java:484) [hadoop-common-3.3.6.jar:?]
	at org.apache.hadoop.ipc.ProtobufRpcEngine2$Server$ProtoBufRpcInvoker.call(ProtobufRpcEngine2.java:595) [hadoop-common-3.3.6.jar:?]
	at org.apache.hadoop.ipc.ProtobufRpcEngine2$Server$ProtoBufRpcInvoker.call(ProtobufRpcEngine2.java:573) [hadoop-common-3.3.6.jar:?]
	at org.apache.hadoop.ipc.RPC$Server.call(RPC.java:1227) [hadoop-common-3.3.6.jar:?]
	at org.apache.hadoop.ipc.Server$RpcCall.run(Server.java:1094) [hadoop-common-3.3.6.jar:?]
	at org.apache.hadoop.ipc.Server$RpcCall.run(Server.java:1017) [hadoop-common-3.3.6.jar:?]
	at java.security.AccessController.doPrivileged(Native Method) ~[?:1.8.0_382]
	at javax.security.auth.Subject.doAs(Subject.java:422) [?:1.8.0_382]
	at org.apache.hadoop.security.UserGroupInformation.doAs(UserGroupInformation.java:1899) [hadoop-common-3.3.6.jar:?]
	at org.apache.hadoop.ipc.Server$Handler.run(Server.java:3048) [hadoop-common-3.3.6.jar:?]
11:35:01.632 [IPC Server handler 19 on default port 15057] ERROR OMAudit - user=runner | ip=127.0.0.1 | op=GET_FILE_STATUS {volume=volume67780, bucket=bucket36604, key=user/runner/dir1, dataSize=0, replicationConfig=null} | ret=FAILURE
org.apache.hadoop.ozone.om.exceptions.OMException: Unable to get file status: volume: volume67780 bucket: bucket36604 key: user/runner/dir1
	at org.apache.hadoop.ozone.om.KeyManagerImpl.getOzoneFileStatus(KeyManagerImpl.java:1195) ~[ozone-manager-1.4.0-SNAPSHOT.jar:?]
	at org.apache.hadoop.ozone.om.KeyManagerImpl.getFileStatus(KeyManagerImpl.java:1113) ~[ozone-manager-1.4.0-SNAPSHOT.jar:?]
	at org.apache.hadoop.ozone.om.OmMetadataReader.getFileStatus(OmMetadataReader.java:262) ~[ozone-manager-1.4.0-SNAPSHOT.jar:?]
	at org.apache.hadoop.ozone.om.OzoneManager.getFileStatus(OzoneManager.java:3513) ~[ozone-manager-1.4.0-SNAPSHOT.jar:?]
	at org.apache.hadoop.ozone.protocolPB.OzoneManagerRequestHandler.getOzoneFileStatus(OzoneManagerRequestHandler.java:973) ~[ozone-manager-1.4.0-SNAPSHOT.jar:?]
	at org.apache.hadoop.ozone.protocolPB.OzoneManagerRequestHandler.handleReadRequest(OzoneManagerRequestHandler.java:252) ~[ozone-manager-1.4.0-SNAPSHOT.jar:?]
	at org.apache.hadoop.ozone.protocolPB.OzoneManagerProtocolServerSideTranslatorPB.submitRequestDirectlyToOM(OzoneManagerProtocolServerSideTranslatorPB.java:274) ~[ozone-manager-1.4.0-SNAPSHOT.jar:?]
	at org.apache.hadoop.ozone.protocolPB.OzoneManagerProtocolServerSideTranslatorPB.processRequest(OzoneManagerProtocolServerSideTranslatorPB.java:175) ~[ozone-manager-1.4.0-SNAPSHOT.jar:?]
	at org.apache.hadoop.hdds.server.OzoneProtocolMessageDispatcher.processRequest(OzoneProtocolMessageDispatcher.java:87) [hdds-server-framework-1.4.0-SNAPSHOT.jar:?]
	at org.apache.hadoop.ozone.protocolPB.OzoneManagerProtocolServerSideTranslatorPB.submitRequest(OzoneManagerProtocolServerSideTranslatorPB.java:148) [ozone-manager-1.4.0-SNAPSHOT.jar:?]
	at org.apache.hadoop.ozone.protocol.proto.OzoneManagerProtocolProtos$OzoneManagerService$2.callBlockingMethod(OzoneManagerProtocolProtos.java) [ozone-interface-client-1.4.0-SNAPSHOT.jar:?]
	at org.apache.hadoop.ipc.ProtobufRpcEngine$Server.processCall(ProtobufRpcEngine.java:484) [hadoop-common-3.3.6.jar:?]
	at org.apache.hadoop.ipc.ProtobufRpcEngine2$Server$ProtoBufRpcInvoker.call(ProtobufRpcEngine2.java:595) [hadoop-common-3.3.6.jar:?]
	at org.apache.hadoop.ipc.ProtobufRpcEngine2$Server$ProtoBufRpcInvoker.call(ProtobufRpcEngine2.java:573) [hadoop-common-3.3.6.jar:?]
	at org.apache.hadoop.ipc.RPC$Server.call(RPC.java:1227) [hadoop-common-3.3.6.jar:?]
	at org.apache.hadoop.ipc.Server$RpcCall.run(Server.java:1094) [hadoop-common-3.3.6.jar:?]
	at org.apache.hadoop.ipc.Server$RpcCall.run(Server.java:1017) [hadoop-common-3.3.6.jar:?]
	at java.security.AccessController.doPrivileged(Native Method) ~[?:1.8.0_382]
	at javax.security.auth.Subject.doAs(Subject.java:422) [?:1.8.0_382]
	at org.apache.hadoop.security.UserGroupInformation.doAs(UserGroupInformation.java:1899) [hadoop-common-3.3.6.jar:?]
	at org.apache.hadoop.ipc.Server$Handler.run(Server.java:3048) [hadoop-common-3.3.6.jar:?]
11:35:01.633 [IPC Server handler 1 on default port 15057] ERROR OMAudit - user=runner | ip=127.0.0.1 | op=GET_FILE_STATUS {volume=volume67780, bucket=bucket36604, key=user/runner/dir1/dir2, dataSize=0, replicationConfig=null} | ret=FAILURE
org.apache.hadoop.ozone.om.exceptions.OMException: Unable to get file status: volume: volume67780 bucket: bucket36604 key: user/runner/dir1/dir2
	at org.apache.hadoop.ozone.om.KeyManagerImpl.getOzoneFileStatus(KeyManagerImpl.java:1195) ~[ozone-manager-1.4.0-SNAPSHOT.jar:?]
	at org.apache.hadoop.ozone.om.KeyManagerImpl.getFileStatus(KeyManagerImpl.java:1113) ~[ozone-manager-1.4.0-SNAPSHOT.jar:?]
	at org.apache.hadoop.ozone.om.OmMetadataReader.getFileStatus(OmMetadataReader.java:262) ~[ozone-manager-1.4.0-SNAPSHOT.jar:?]
	at org.apache.hadoop.ozone.om.OzoneManager.getFileStatus(OzoneManager.java:3513) ~[ozone-manager-1.4.0-SNAPSHOT.jar:?]
	at org.apache.hadoop.ozone.protocolPB.OzoneManagerRequestHandler.getOzoneFileStatus(OzoneManagerRequestHandler.java:973) ~[ozone-manager-1.4.0-SNAPSHOT.jar:?]
	at org.apache.hadoop.ozone.protocolPB.OzoneManagerRequestHandler.handleReadRequest(OzoneManagerRequestHandler.java:252) ~[ozone-manager-1.4.0-SNAPSHOT.jar:?]
	at org.apache.hadoop.ozone.protocolPB.OzoneManagerProtocolServerSideTranslatorPB.submitRequestDirectlyToOM(OzoneManagerProtocolServerSideTranslatorPB.java:274) ~[ozone-manager-1.4.0-SNAPSHOT.jar:?]
	at org.apache.hadoop.ozone.protocolPB.OzoneManagerProtocolServerSideTranslatorPB.processRequest(OzoneManagerProtocolServerSideTranslatorPB.java:175) ~[ozone-manager-1.4.0-SNAPSHOT.jar:?]
	at org.apache.hadoop.hdds.server.OzoneProtocolMessageDispatcher.processRequest(OzoneProtocolMessageDispatcher.java:87) [hdds-server-framework-1.4.0-SNAPSHOT.jar:?]
	at org.apache.hadoop.ozone.protocolPB.OzoneManagerProtocolServerSideTranslatorPB.submitRequest(OzoneManagerProtocolServerSideTranslatorPB.java:148) [ozone-manager-1.4.0-SNAPSHOT.jar:?]
	at org.apache.hadoop.ozone.protocol.proto.OzoneManagerProtocolProtos$OzoneManagerService$2.callBlockingMethod(OzoneManagerProtocolProtos.java) [ozone-interface-client-1.4.0-SNAPSHOT.jar:?]
	at org.apache.hadoop.ipc.ProtobufRpcEngine$Server.processCall(ProtobufRpcEngine.java:484) [hadoop-common-3.3.6.jar:?]
	at org.apache.hadoop.ipc.ProtobufRpcEngine2$Server$ProtoBufRpcInvoker.call(ProtobufRpcEngine2.java:595) [hadoop-common-3.3.6.jar:?]
	at org.apache.hadoop.ipc.ProtobufRpcEngine2$Server$ProtoBufRpcInvoker.call(ProtobufRpcEngine2.java:573) [hadoop-common-3.3.6.jar:?]
	at org.apache.hadoop.ipc.RPC$Server.call(RPC.java:1227) [hadoop-common-3.3.6.jar:?]
	at org.apache.hadoop.ipc.Server$RpcCall.run(Server.java:1094) [hadoop-common-3.3.6.jar:?]
	at org.apache.hadoop.ipc.Server$RpcCall.run(Server.java:1017) [hadoop-common-3.3.6.jar:?]
	at java.security.AccessController.doPrivileged(Native Method) ~[?:1.8.0_382]
	at javax.security.auth.Subject.doAs(Subject.java:422) [?:1.8.0_382]
	at org.apache.hadoop.security.UserGroupInformation.doAs(UserGroupInformation.java:1899) [hadoop-common-3.3.6.jar:?]
	at org.apache.hadoop.ipc.Server$Handler.run(Server.java:3048) [hadoop-common-3.3.6.jar:?]
]]></system-out>
  </testcase>
  <testcase name="testRenameContainDelimiterFile" classname="TestOzoneFileSystem" time="0.03">
    <system-out><![CDATA[11:36:25.774 [IPC Server handler 1 on default port 15110] ERROR OMAudit - user=runner | ip=127.0.0.1 | op=GET_FILE_STATUS {volume=volume79256, bucket=bucket28461, key=dir1/dir2/key2, dataSize=0, replicationConfig=null} | ret=FAILURE
org.apache.hadoop.ozone.om.exceptions.OMException: Unable to get file status: volume: volume79256 bucket: bucket28461 key: dir1/dir2/key2
	at org.apache.hadoop.ozone.om.KeyManagerImpl.getOzoneFileStatus(KeyManagerImpl.java:1195) ~[ozone-manager-1.4.0-SNAPSHOT.jar:?]
	at org.apache.hadoop.ozone.om.KeyManagerImpl.getFileStatus(KeyManagerImpl.java:1113) ~[ozone-manager-1.4.0-SNAPSHOT.jar:?]
	at org.apache.hadoop.ozone.om.OmMetadataReader.getFileStatus(OmMetadataReader.java:262) ~[ozone-manager-1.4.0-SNAPSHOT.jar:?]
	at org.apache.hadoop.ozone.om.OzoneManager.getFileStatus(OzoneManager.java:3513) ~[ozone-manager-1.4.0-SNAPSHOT.jar:?]
	at org.apache.hadoop.ozone.protocolPB.OzoneManagerRequestHandler.getOzoneFileStatus(OzoneManagerRequestHandler.java:973) ~[ozone-manager-1.4.0-SNAPSHOT.jar:?]
	at org.apache.hadoop.ozone.protocolPB.OzoneManagerRequestHandler.handleReadRequest(OzoneManagerRequestHandler.java:252) ~[ozone-manager-1.4.0-SNAPSHOT.jar:?]
	at org.apache.hadoop.ozone.protocolPB.OzoneManagerProtocolServerSideTranslatorPB.submitReadRequestToOM(OzoneManagerProtocolServerSideTranslatorPB.java:225) ~[ozone-manager-1.4.0-SNAPSHOT.jar:?]
	at org.apache.hadoop.ozone.protocolPB.OzoneManagerProtocolServerSideTranslatorPB.processRequest(OzoneManagerProtocolServerSideTranslatorPB.java:179) ~[ozone-manager-1.4.0-SNAPSHOT.jar:?]
	at org.apache.hadoop.hdds.server.OzoneProtocolMessageDispatcher.processRequest(OzoneProtocolMessageDispatcher.java:87) [hdds-server-framework-1.4.0-SNAPSHOT.jar:?]
	at org.apache.hadoop.ozone.protocolPB.OzoneManagerProtocolServerSideTranslatorPB.submitRequest(OzoneManagerProtocolServerSideTranslatorPB.java:148) [ozone-manager-1.4.0-SNAPSHOT.jar:?]
	at org.apache.hadoop.ozone.protocol.proto.OzoneManagerProtocolProtos$OzoneManagerService$2.callBlockingMethod(OzoneManagerProtocolProtos.java) [ozone-interface-client-1.4.0-SNAPSHOT.jar:?]
	at org.apache.hadoop.ipc.ProtobufRpcEngine$Server.processCall(ProtobufRpcEngine.java:484) [hadoop-common-3.3.6.jar:?]
	at org.apache.hadoop.ipc.ProtobufRpcEngine2$Server$ProtoBufRpcInvoker.call(ProtobufRpcEngine2.java:595) [hadoop-common-3.3.6.jar:?]
	at org.apache.hadoop.ipc.ProtobufRpcEngine2$Server$ProtoBufRpcInvoker.call(ProtobufRpcEngine2.java:573) [hadoop-common-3.3.6.jar:?]
	at org.apache.hadoop.ipc.RPC$Server.call(RPC.java:1227) [hadoop-common-3.3.6.jar:?]
	at org.apache.hadoop.ipc.Server$RpcCall.run(Server.java:1094) [hadoop-common-3.3.6.jar:?]
	at org.apache.hadoop.ipc.Server$RpcCall.run(Server.java:1017) [hadoop-common-3.3.6.jar:?]
	at java.security.AccessController.doPrivileged(Native Method) ~[?:1.8.0_382]
	at javax.security.auth.Subject.doAs(Subject.java:422) [?:1.8.0_382]
	at org.apache.hadoop.security.UserGroupInformation.doAs(UserGroupInformation.java:1899) [hadoop-common-3.3.6.jar:?]
	at org.apache.hadoop.ipc.Server$Handler.run(Server.java:3048) [hadoop-common-3.3.6.jar:?]
11:36:25.781 [IPC Server handler 9 on default port 15110] ERROR OMAudit - user=runner | ip=127.0.0.1 | op=GET_FILE_STATUS {volume=volume79256, bucket=bucket28461, key=dir1/dir2/key1, dataSize=0, replicationConfig=null} | ret=FAILURE
org.apache.hadoop.ozone.om.exceptions.OMException: Unable to get file status: volume: volume79256 bucket: bucket28461 key: dir1/dir2/key1
	at org.apache.hadoop.ozone.om.KeyManagerImpl.getOzoneFileStatus(KeyManagerImpl.java:1195) ~[ozone-manager-1.4.0-SNAPSHOT.jar:?]
	at org.apache.hadoop.ozone.om.KeyManagerImpl.getFileStatus(KeyManagerImpl.java:1113) ~[ozone-manager-1.4.0-SNAPSHOT.jar:?]
	at org.apache.hadoop.ozone.om.OmMetadataReader.getFileStatus(OmMetadataReader.java:262) ~[ozone-manager-1.4.0-SNAPSHOT.jar:?]
	at org.apache.hadoop.ozone.om.OzoneManager.getFileStatus(OzoneManager.java:3513) ~[ozone-manager-1.4.0-SNAPSHOT.jar:?]
	at org.apache.hadoop.ozone.protocolPB.OzoneManagerRequestHandler.getOzoneFileStatus(OzoneManagerRequestHandler.java:973) ~[ozone-manager-1.4.0-SNAPSHOT.jar:?]
	at org.apache.hadoop.ozone.protocolPB.OzoneManagerRequestHandler.handleReadRequest(OzoneManagerRequestHandler.java:252) ~[ozone-manager-1.4.0-SNAPSHOT.jar:?]
	at org.apache.hadoop.ozone.protocolPB.OzoneManagerProtocolServerSideTranslatorPB.submitReadRequestToOM(OzoneManagerProtocolServerSideTranslatorPB.java:225) ~[ozone-manager-1.4.0-SNAPSHOT.jar:?]
	at org.apache.hadoop.ozone.protocolPB.OzoneManagerProtocolServerSideTranslatorPB.processRequest(OzoneManagerProtocolServerSideTranslatorPB.java:179) ~[ozone-manager-1.4.0-SNAPSHOT.jar:?]
	at org.apache.hadoop.hdds.server.OzoneProtocolMessageDispatcher.processRequest(OzoneProtocolMessageDispatcher.java:87) [hdds-server-framework-1.4.0-SNAPSHOT.jar:?]
	at org.apache.hadoop.ozone.protocolPB.OzoneManagerProtocolServerSideTranslatorPB.submitRequest(OzoneManagerProtocolServerSideTranslatorPB.java:148) [ozone-manager-1.4.0-SNAPSHOT.jar:?]
	at org.apache.hadoop.ozone.protocol.proto.OzoneManagerProtocolProtos$OzoneManagerService$2.callBlockingMethod(OzoneManagerProtocolProtos.java) [ozone-interface-client-1.4.0-SNAPSHOT.jar:?]
	at org.apache.hadoop.ipc.ProtobufRpcEngine$Server.processCall(ProtobufRpcEngine.java:484) [hadoop-common-3.3.6.jar:?]
	at org.apache.hadoop.ipc.ProtobufRpcEngine2$Server$ProtoBufRpcInvoker.call(ProtobufRpcEngine2.java:595) [hadoop-common-3.3.6.jar:?]
	at org.apache.hadoop.ipc.ProtobufRpcEngine2$Server$ProtoBufRpcInvoker.call(ProtobufRpcEngine2.java:573) [hadoop-common-3.3.6.jar:?]
	at org.apache.hadoop.ipc.RPC$Server.call(RPC.java:1227) [hadoop-common-3.3.6.jar:?]
	at org.apache.hadoop.ipc.Server$RpcCall.run(Server.java:1094) [hadoop-common-3.3.6.jar:?]
	at org.apache.hadoop.ipc.Server$RpcCall.run(Server.java:1017) [hadoop-common-3.3.6.jar:?]
	at java.security.AccessController.doPrivileged(Native Method) ~[?:1.8.0_382]
	at javax.security.auth.Subject.doAs(Subject.java:422) [?:1.8.0_382]
	at org.apache.hadoop.security.UserGroupInformation.doAs(UserGroupInformation.java:1899) [hadoop-common-3.3.6.jar:?]
	at org.apache.hadoop.ipc.Server$Handler.run(Server.java:3048) [hadoop-common-3.3.6.jar:?]
11:36:25.784 [IPC Server handler 10 on default port 15110] ERROR OMAudit - user=runner | ip=127.0.0.1 | op=GET_FILE_STATUS {volume=volume79256, bucket=bucket28461, key=user/runner/dir1, dataSize=0, replicationConfig=null} | ret=FAILURE
org.apache.hadoop.ozone.om.exceptions.OMException: Unable to get file status: volume: volume79256 bucket: bucket28461 key: user/runner/dir1
	at org.apache.hadoop.ozone.om.KeyManagerImpl.getOzoneFileStatus(KeyManagerImpl.java:1195) ~[ozone-manager-1.4.0-SNAPSHOT.jar:?]
	at org.apache.hadoop.ozone.om.KeyManagerImpl.getFileStatus(KeyManagerImpl.java:1113) ~[ozone-manager-1.4.0-SNAPSHOT.jar:?]
	at org.apache.hadoop.ozone.om.OmMetadataReader.getFileStatus(OmMetadataReader.java:262) ~[ozone-manager-1.4.0-SNAPSHOT.jar:?]
	at org.apache.hadoop.ozone.om.OzoneManager.getFileStatus(OzoneManager.java:3513) ~[ozone-manager-1.4.0-SNAPSHOT.jar:?]
	at org.apache.hadoop.ozone.protocolPB.OzoneManagerRequestHandler.getOzoneFileStatus(OzoneManagerRequestHandler.java:973) ~[ozone-manager-1.4.0-SNAPSHOT.jar:?]
	at org.apache.hadoop.ozone.protocolPB.OzoneManagerRequestHandler.handleReadRequest(OzoneManagerRequestHandler.java:252) ~[ozone-manager-1.4.0-SNAPSHOT.jar:?]
	at org.apache.hadoop.ozone.protocolPB.OzoneManagerProtocolServerSideTranslatorPB.submitReadRequestToOM(OzoneManagerProtocolServerSideTranslatorPB.java:225) ~[ozone-manager-1.4.0-SNAPSHOT.jar:?]
	at org.apache.hadoop.ozone.protocolPB.OzoneManagerProtocolServerSideTranslatorPB.processRequest(OzoneManagerProtocolServerSideTranslatorPB.java:179) ~[ozone-manager-1.4.0-SNAPSHOT.jar:?]
	at org.apache.hadoop.hdds.server.OzoneProtocolMessageDispatcher.processRequest(OzoneProtocolMessageDispatcher.java:87) [hdds-server-framework-1.4.0-SNAPSHOT.jar:?]
	at org.apache.hadoop.ozone.protocolPB.OzoneManagerProtocolServerSideTranslatorPB.submitRequest(OzoneManagerProtocolServerSideTranslatorPB.java:148) [ozone-manager-1.4.0-SNAPSHOT.jar:?]
	at org.apache.hadoop.ozone.protocol.proto.OzoneManagerProtocolProtos$OzoneManagerService$2.callBlockingMethod(OzoneManagerProtocolProtos.java) [ozone-interface-client-1.4.0-SNAPSHOT.jar:?]
	at org.apache.hadoop.ipc.ProtobufRpcEngine$Server.processCall(ProtobufRpcEngine.java:484) [hadoop-common-3.3.6.jar:?]
	at org.apache.hadoop.ipc.ProtobufRpcEngine2$Server$ProtoBufRpcInvoker.call(ProtobufRpcEngine2.java:595) [hadoop-common-3.3.6.jar:?]
	at org.apache.hadoop.ipc.ProtobufRpcEngine2$Server$ProtoBufRpcInvoker.call(ProtobufRpcEngine2.java:573) [hadoop-common-3.3.6.jar:?]
	at org.apache.hadoop.ipc.RPC$Server.call(RPC.java:1227) [hadoop-common-3.3.6.jar:?]
	at org.apache.hadoop.ipc.Server$RpcCall.run(Server.java:1094) [hadoop-common-3.3.6.jar:?]
	at org.apache.hadoop.ipc.Server$RpcCall.run(Server.java:1017) [hadoop-common-3.3.6.jar:?]
	at java.security.AccessController.doPrivileged(Native Method) ~[?:1.8.0_382]
	at javax.security.auth.Subject.doAs(Subject.java:422) [?:1.8.0_382]
	at org.apache.hadoop.security.UserGroupInformation.doAs(UserGroupInformation.java:1899) [hadoop-common-3.3.6.jar:?]
	at org.apache.hadoop.ipc.Server$Handler.run(Server.java:3048) [hadoop-common-3.3.6.jar:?]
11:36:25.785 [IPC Server handler 11 on default port 15110] ERROR OMAudit - user=runner | ip=127.0.0.1 | op=GET_FILE_STATUS {volume=volume79256, bucket=bucket28461, key=user/runner/dir1/dir2, dataSize=0, replicationConfig=null} | ret=FAILURE
org.apache.hadoop.ozone.om.exceptions.OMException: Unable to get file status: volume: volume79256 bucket: bucket28461 key: user/runner/dir1/dir2
	at org.apache.hadoop.ozone.om.KeyManagerImpl.getOzoneFileStatus(KeyManagerImpl.java:1195) ~[ozone-manager-1.4.0-SNAPSHOT.jar:?]
	at org.apache.hadoop.ozone.om.KeyManagerImpl.getFileStatus(KeyManagerImpl.java:1113) ~[ozone-manager-1.4.0-SNAPSHOT.jar:?]
	at org.apache.hadoop.ozone.om.OmMetadataReader.getFileStatus(OmMetadataReader.java:262) ~[ozone-manager-1.4.0-SNAPSHOT.jar:?]
	at org.apache.hadoop.ozone.om.OzoneManager.getFileStatus(OzoneManager.java:3513) ~[ozone-manager-1.4.0-SNAPSHOT.jar:?]
	at org.apache.hadoop.ozone.protocolPB.OzoneManagerRequestHandler.getOzoneFileStatus(OzoneManagerRequestHandler.java:973) ~[ozone-manager-1.4.0-SNAPSHOT.jar:?]
	at org.apache.hadoop.ozone.protocolPB.OzoneManagerRequestHandler.handleReadRequest(OzoneManagerRequestHandler.java:252) ~[ozone-manager-1.4.0-SNAPSHOT.jar:?]
	at org.apache.hadoop.ozone.protocolPB.OzoneManagerProtocolServerSideTranslatorPB.submitReadRequestToOM(OzoneManagerProtocolServerSideTranslatorPB.java:225) ~[ozone-manager-1.4.0-SNAPSHOT.jar:?]
	at org.apache.hadoop.ozone.protocolPB.OzoneManagerProtocolServerSideTranslatorPB.processRequest(OzoneManagerProtocolServerSideTranslatorPB.java:179) ~[ozone-manager-1.4.0-SNAPSHOT.jar:?]
	at org.apache.hadoop.hdds.server.OzoneProtocolMessageDispatcher.processRequest(OzoneProtocolMessageDispatcher.java:87) [hdds-server-framework-1.4.0-SNAPSHOT.jar:?]
	at org.apache.hadoop.ozone.protocolPB.OzoneManagerProtocolServerSideTranslatorPB.submitRequest(OzoneManagerProtocolServerSideTranslatorPB.java:148) [ozone-manager-1.4.0-SNAPSHOT.jar:?]
	at org.apache.hadoop.ozone.protocol.proto.OzoneManagerProtocolProtos$OzoneManagerService$2.callBlockingMethod(OzoneManagerProtocolProtos.java) [ozone-interface-client-1.4.0-SNAPSHOT.jar:?]
	at org.apache.hadoop.ipc.ProtobufRpcEngine$Server.processCall(ProtobufRpcEngine.java:484) [hadoop-common-3.3.6.jar:?]
	at org.apache.hadoop.ipc.ProtobufRpcEngine2$Server$ProtoBufRpcInvoker.call(ProtobufRpcEngine2.java:595) [hadoop-common-3.3.6.jar:?]
	at org.apache.hadoop.ipc.ProtobufRpcEngine2$Server$ProtoBufRpcInvoker.call(ProtobufRpcEngine2.java:573) [hadoop-common-3.3.6.jar:?]
	at org.apache.hadoop.ipc.RPC$Server.call(RPC.java:1227) [hadoop-common-3.3.6.jar:?]
	at org.apache.hadoop.ipc.Server$RpcCall.run(Server.java:1094) [hadoop-common-3.3.6.jar:?]
	at org.apache.hadoop.ipc.Server$RpcCall.run(Server.java:1017) [hadoop-common-3.3.6.jar:?]
	at java.security.AccessController.doPrivileged(Native Method) ~[?:1.8.0_382]
	at javax.security.auth.Subject.doAs(Subject.java:422) [?:1.8.0_382]
	at org.apache.hadoop.security.UserGroupInformation.doAs(UserGroupInformation.java:1899) [hadoop-common-3.3.6.jar:?]
	at org.apache.hadoop.ipc.Server$Handler.run(Server.java:3048) [hadoop-common-3.3.6.jar:?]
]]></system-out>
  </testcase>
  <testcase name="testRenameContainDelimiterFile" classname="TestOzoneFileSystem" time="0.026">
    <system-out><![CDATA[11:38:01.528 [IPC Server handler 15 on default port 15163] ERROR OMAudit - user=runner | ip=127.0.0.1 | op=GET_FILE_STATUS {volume=volume45503, bucket=bucket29530, key=dir1/dir2/key2, dataSize=0, replicationConfig=null} | ret=FAILURE
org.apache.hadoop.ozone.om.exceptions.OMException: Unable to get file status: volume: volume45503 bucket: bucket29530 key: dir1/dir2/key2
	at org.apache.hadoop.ozone.om.KeyManagerImpl.getOzoneFileStatus(KeyManagerImpl.java:1195) ~[ozone-manager-1.4.0-SNAPSHOT.jar:?]
	at org.apache.hadoop.ozone.om.KeyManagerImpl.getFileStatus(KeyManagerImpl.java:1113) ~[ozone-manager-1.4.0-SNAPSHOT.jar:?]
	at org.apache.hadoop.ozone.om.OmMetadataReader.getFileStatus(OmMetadataReader.java:262) ~[ozone-manager-1.4.0-SNAPSHOT.jar:?]
	at org.apache.hadoop.ozone.om.OzoneManager.getFileStatus(OzoneManager.java:3513) ~[ozone-manager-1.4.0-SNAPSHOT.jar:?]
	at org.apache.hadoop.ozone.protocolPB.OzoneManagerRequestHandler.getOzoneFileStatus(OzoneManagerRequestHandler.java:973) ~[ozone-manager-1.4.0-SNAPSHOT.jar:?]
	at org.apache.hadoop.ozone.protocolPB.OzoneManagerRequestHandler.handleReadRequest(OzoneManagerRequestHandler.java:252) ~[ozone-manager-1.4.0-SNAPSHOT.jar:?]
	at org.apache.hadoop.ozone.protocolPB.OzoneManagerProtocolServerSideTranslatorPB.submitRequestDirectlyToOM(OzoneManagerProtocolServerSideTranslatorPB.java:274) ~[ozone-manager-1.4.0-SNAPSHOT.jar:?]
	at org.apache.hadoop.ozone.protocolPB.OzoneManagerProtocolServerSideTranslatorPB.processRequest(OzoneManagerProtocolServerSideTranslatorPB.java:175) ~[ozone-manager-1.4.0-SNAPSHOT.jar:?]
	at org.apache.hadoop.hdds.server.OzoneProtocolMessageDispatcher.processRequest(OzoneProtocolMessageDispatcher.java:87) [hdds-server-framework-1.4.0-SNAPSHOT.jar:?]
	at org.apache.hadoop.ozone.protocolPB.OzoneManagerProtocolServerSideTranslatorPB.submitRequest(OzoneManagerProtocolServerSideTranslatorPB.java:148) [ozone-manager-1.4.0-SNAPSHOT.jar:?]
	at org.apache.hadoop.ozone.protocol.proto.OzoneManagerProtocolProtos$OzoneManagerService$2.callBlockingMethod(OzoneManagerProtocolProtos.java) [ozone-interface-client-1.4.0-SNAPSHOT.jar:?]
	at org.apache.hadoop.ipc.ProtobufRpcEngine$Server.processCall(ProtobufRpcEngine.java:484) [hadoop-common-3.3.6.jar:?]
	at org.apache.hadoop.ipc.ProtobufRpcEngine2$Server$ProtoBufRpcInvoker.call(ProtobufRpcEngine2.java:595) [hadoop-common-3.3.6.jar:?]
	at org.apache.hadoop.ipc.ProtobufRpcEngine2$Server$ProtoBufRpcInvoker.call(ProtobufRpcEngine2.java:573) [hadoop-common-3.3.6.jar:?]
	at org.apache.hadoop.ipc.RPC$Server.call(RPC.java:1227) [hadoop-common-3.3.6.jar:?]
	at org.apache.hadoop.ipc.Server$RpcCall.run(Server.java:1094) [hadoop-common-3.3.6.jar:?]
	at org.apache.hadoop.ipc.Server$RpcCall.run(Server.java:1017) [hadoop-common-3.3.6.jar:?]
	at java.security.AccessController.doPrivileged(Native Method) ~[?:1.8.0_382]
	at javax.security.auth.Subject.doAs(Subject.java:422) [?:1.8.0_382]
	at org.apache.hadoop.security.UserGroupInformation.doAs(UserGroupInformation.java:1899) [hadoop-common-3.3.6.jar:?]
	at org.apache.hadoop.ipc.Server$Handler.run(Server.java:3048) [hadoop-common-3.3.6.jar:?]
11:38:01.535 [IPC Server handler 10 on default port 15163] ERROR OMAudit - user=runner | ip=127.0.0.1 | op=GET_FILE_STATUS {volume=volume45503, bucket=bucket29530, key=dir1/dir2/key1, dataSize=0, replicationConfig=null} | ret=FAILURE
org.apache.hadoop.ozone.om.exceptions.OMException: Unable to get file status: volume: volume45503 bucket: bucket29530 key: dir1/dir2/key1
	at org.apache.hadoop.ozone.om.KeyManagerImpl.getOzoneFileStatus(KeyManagerImpl.java:1195) ~[ozone-manager-1.4.0-SNAPSHOT.jar:?]
	at org.apache.hadoop.ozone.om.KeyManagerImpl.getFileStatus(KeyManagerImpl.java:1113) ~[ozone-manager-1.4.0-SNAPSHOT.jar:?]
	at org.apache.hadoop.ozone.om.OmMetadataReader.getFileStatus(OmMetadataReader.java:262) ~[ozone-manager-1.4.0-SNAPSHOT.jar:?]
	at org.apache.hadoop.ozone.om.OzoneManager.getFileStatus(OzoneManager.java:3513) ~[ozone-manager-1.4.0-SNAPSHOT.jar:?]
	at org.apache.hadoop.ozone.protocolPB.OzoneManagerRequestHandler.getOzoneFileStatus(OzoneManagerRequestHandler.java:973) ~[ozone-manager-1.4.0-SNAPSHOT.jar:?]
	at org.apache.hadoop.ozone.protocolPB.OzoneManagerRequestHandler.handleReadRequest(OzoneManagerRequestHandler.java:252) ~[ozone-manager-1.4.0-SNAPSHOT.jar:?]
	at org.apache.hadoop.ozone.protocolPB.OzoneManagerProtocolServerSideTranslatorPB.submitRequestDirectlyToOM(OzoneManagerProtocolServerSideTranslatorPB.java:274) ~[ozone-manager-1.4.0-SNAPSHOT.jar:?]
	at org.apache.hadoop.ozone.protocolPB.OzoneManagerProtocolServerSideTranslatorPB.processRequest(OzoneManagerProtocolServerSideTranslatorPB.java:175) ~[ozone-manager-1.4.0-SNAPSHOT.jar:?]
	at org.apache.hadoop.hdds.server.OzoneProtocolMessageDispatcher.processRequest(OzoneProtocolMessageDispatcher.java:87) [hdds-server-framework-1.4.0-SNAPSHOT.jar:?]
	at org.apache.hadoop.ozone.protocolPB.OzoneManagerProtocolServerSideTranslatorPB.submitRequest(OzoneManagerProtocolServerSideTranslatorPB.java:148) [ozone-manager-1.4.0-SNAPSHOT.jar:?]
	at org.apache.hadoop.ozone.protocol.proto.OzoneManagerProtocolProtos$OzoneManagerService$2.callBlockingMethod(OzoneManagerProtocolProtos.java) [ozone-interface-client-1.4.0-SNAPSHOT.jar:?]
	at org.apache.hadoop.ipc.ProtobufRpcEngine$Server.processCall(ProtobufRpcEngine.java:484) [hadoop-common-3.3.6.jar:?]
	at org.apache.hadoop.ipc.ProtobufRpcEngine2$Server$ProtoBufRpcInvoker.call(ProtobufRpcEngine2.java:595) [hadoop-common-3.3.6.jar:?]
	at org.apache.hadoop.ipc.ProtobufRpcEngine2$Server$ProtoBufRpcInvoker.call(ProtobufRpcEngine2.java:573) [hadoop-common-3.3.6.jar:?]
	at org.apache.hadoop.ipc.RPC$Server.call(RPC.java:1227) [hadoop-common-3.3.6.jar:?]
	at org.apache.hadoop.ipc.Server$RpcCall.run(Server.java:1094) [hadoop-common-3.3.6.jar:?]
	at org.apache.hadoop.ipc.Server$RpcCall.run(Server.java:1017) [hadoop-common-3.3.6.jar:?]
	at java.security.AccessController.doPrivileged(Native Method) ~[?:1.8.0_382]
	at javax.security.auth.Subject.doAs(Subject.java:422) [?:1.8.0_382]
	at org.apache.hadoop.security.UserGroupInformation.doAs(UserGroupInformation.java:1899) [hadoop-common-3.3.6.jar:?]
	at org.apache.hadoop.ipc.Server$Handler.run(Server.java:3048) [hadoop-common-3.3.6.jar:?]
11:38:01.537 [IPC Server handler 9 on default port 15163] ERROR OMAudit - user=runner | ip=127.0.0.1 | op=GET_FILE_STATUS {volume=volume45503, bucket=bucket29530, key=user/runner/dir1, dataSize=0, replicationConfig=null} | ret=FAILURE
org.apache.hadoop.ozone.om.exceptions.OMException: Unable to get file status: volume: volume45503 bucket: bucket29530 key: user/runner/dir1
	at org.apache.hadoop.ozone.om.KeyManagerImpl.getOzoneFileStatus(KeyManagerImpl.java:1195) ~[ozone-manager-1.4.0-SNAPSHOT.jar:?]
	at org.apache.hadoop.ozone.om.KeyManagerImpl.getFileStatus(KeyManagerImpl.java:1113) ~[ozone-manager-1.4.0-SNAPSHOT.jar:?]
	at org.apache.hadoop.ozone.om.OmMetadataReader.getFileStatus(OmMetadataReader.java:262) ~[ozone-manager-1.4.0-SNAPSHOT.jar:?]
	at org.apache.hadoop.ozone.om.OzoneManager.getFileStatus(OzoneManager.java:3513) ~[ozone-manager-1.4.0-SNAPSHOT.jar:?]
	at org.apache.hadoop.ozone.protocolPB.OzoneManagerRequestHandler.getOzoneFileStatus(OzoneManagerRequestHandler.java:973) ~[ozone-manager-1.4.0-SNAPSHOT.jar:?]
	at org.apache.hadoop.ozone.protocolPB.OzoneManagerRequestHandler.handleReadRequest(OzoneManagerRequestHandler.java:252) ~[ozone-manager-1.4.0-SNAPSHOT.jar:?]
	at org.apache.hadoop.ozone.protocolPB.OzoneManagerProtocolServerSideTranslatorPB.submitRequestDirectlyToOM(OzoneManagerProtocolServerSideTranslatorPB.java:274) ~[ozone-manager-1.4.0-SNAPSHOT.jar:?]
	at org.apache.hadoop.ozone.protocolPB.OzoneManagerProtocolServerSideTranslatorPB.processRequest(OzoneManagerProtocolServerSideTranslatorPB.java:175) ~[ozone-manager-1.4.0-SNAPSHOT.jar:?]
	at org.apache.hadoop.hdds.server.OzoneProtocolMessageDispatcher.processRequest(OzoneProtocolMessageDispatcher.java:87) [hdds-server-framework-1.4.0-SNAPSHOT.jar:?]
	at org.apache.hadoop.ozone.protocolPB.OzoneManagerProtocolServerSideTranslatorPB.submitRequest(OzoneManagerProtocolServerSideTranslatorPB.java:148) [ozone-manager-1.4.0-SNAPSHOT.jar:?]
	at org.apache.hadoop.ozone.protocol.proto.OzoneManagerProtocolProtos$OzoneManagerService$2.callBlockingMethod(OzoneManagerProtocolProtos.java) [ozone-interface-client-1.4.0-SNAPSHOT.jar:?]
	at org.apache.hadoop.ipc.ProtobufRpcEngine$Server.processCall(ProtobufRpcEngine.java:484) [hadoop-common-3.3.6.jar:?]
	at org.apache.hadoop.ipc.ProtobufRpcEngine2$Server$ProtoBufRpcInvoker.call(ProtobufRpcEngine2.java:595) [hadoop-common-3.3.6.jar:?]
	at org.apache.hadoop.ipc.ProtobufRpcEngine2$Server$ProtoBufRpcInvoker.call(ProtobufRpcEngine2.java:573) [hadoop-common-3.3.6.jar:?]
	at org.apache.hadoop.ipc.RPC$Server.call(RPC.java:1227) [hadoop-common-3.3.6.jar:?]
	at org.apache.hadoop.ipc.Server$RpcCall.run(Server.java:1094) [hadoop-common-3.3.6.jar:?]
	at org.apache.hadoop.ipc.Server$RpcCall.run(Server.java:1017) [hadoop-common-3.3.6.jar:?]
	at java.security.AccessController.doPrivileged(Native Method) ~[?:1.8.0_382]
	at javax.security.auth.Subject.doAs(Subject.java:422) [?:1.8.0_382]
	at org.apache.hadoop.security.UserGroupInformation.doAs(UserGroupInformation.java:1899) [hadoop-common-3.3.6.jar:?]
	at org.apache.hadoop.ipc.Server$Handler.run(Server.java:3048) [hadoop-common-3.3.6.jar:?]
11:38:01.538 [IPC Server handler 7 on default port 15163] ERROR OMAudit - user=runner | ip=127.0.0.1 | op=GET_FILE_STATUS {volume=volume45503, bucket=bucket29530, key=user/runner/dir1/dir2, dataSize=0, replicationConfig=null} | ret=FAILURE
org.apache.hadoop.ozone.om.exceptions.OMException: Unable to get file status: volume: volume45503 bucket: bucket29530 key: user/runner/dir1/dir2
	at org.apache.hadoop.ozone.om.KeyManagerImpl.getOzoneFileStatus(KeyManagerImpl.java:1195) ~[ozone-manager-1.4.0-SNAPSHOT.jar:?]
	at org.apache.hadoop.ozone.om.KeyManagerImpl.getFileStatus(KeyManagerImpl.java:1113) ~[ozone-manager-1.4.0-SNAPSHOT.jar:?]
	at org.apache.hadoop.ozone.om.OmMetadataReader.getFileStatus(OmMetadataReader.java:262) ~[ozone-manager-1.4.0-SNAPSHOT.jar:?]
	at org.apache.hadoop.ozone.om.OzoneManager.getFileStatus(OzoneManager.java:3513) ~[ozone-manager-1.4.0-SNAPSHOT.jar:?]
	at org.apache.hadoop.ozone.protocolPB.OzoneManagerRequestHandler.getOzoneFileStatus(OzoneManagerRequestHandler.java:973) ~[ozone-manager-1.4.0-SNAPSHOT.jar:?]
	at org.apache.hadoop.ozone.protocolPB.OzoneManagerRequestHandler.handleReadRequest(OzoneManagerRequestHandler.java:252) ~[ozone-manager-1.4.0-SNAPSHOT.jar:?]
	at org.apache.hadoop.ozone.protocolPB.OzoneManagerProtocolServerSideTranslatorPB.submitRequestDirectlyToOM(OzoneManagerProtocolServerSideTranslatorPB.java:274) ~[ozone-manager-1.4.0-SNAPSHOT.jar:?]
	at org.apache.hadoop.ozone.protocolPB.OzoneManagerProtocolServerSideTranslatorPB.processRequest(OzoneManagerProtocolServerSideTranslatorPB.java:175) ~[ozone-manager-1.4.0-SNAPSHOT.jar:?]
	at org.apache.hadoop.hdds.server.OzoneProtocolMessageDispatcher.processRequest(OzoneProtocolMessageDispatcher.java:87) [hdds-server-framework-1.4.0-SNAPSHOT.jar:?]
	at org.apache.hadoop.ozone.protocolPB.OzoneManagerProtocolServerSideTranslatorPB.submitRequest(OzoneManagerProtocolServerSideTranslatorPB.java:148) [ozone-manager-1.4.0-SNAPSHOT.jar:?]
	at org.apache.hadoop.ozone.protocol.proto.OzoneManagerProtocolProtos$OzoneManagerService$2.callBlockingMethod(OzoneManagerProtocolProtos.java) [ozone-interface-client-1.4.0-SNAPSHOT.jar:?]
	at org.apache.hadoop.ipc.ProtobufRpcEngine$Server.processCall(ProtobufRpcEngine.java:484) [hadoop-common-3.3.6.jar:?]
	at org.apache.hadoop.ipc.ProtobufRpcEngine2$Server$ProtoBufRpcInvoker.call(ProtobufRpcEngine2.java:595) [hadoop-common-3.3.6.jar:?]
	at org.apache.hadoop.ipc.ProtobufRpcEngine2$Server$ProtoBufRpcInvoker.call(ProtobufRpcEngine2.java:573) [hadoop-common-3.3.6.jar:?]
	at org.apache.hadoop.ipc.RPC$Server.call(RPC.java:1227) [hadoop-common-3.3.6.jar:?]
	at org.apache.hadoop.ipc.Server$RpcCall.run(Server.java:1094) [hadoop-common-3.3.6.jar:?]
	at org.apache.hadoop.ipc.Server$RpcCall.run(Server.java:1017) [hadoop-common-3.3.6.jar:?]
	at java.security.AccessController.doPrivileged(Native Method) ~[?:1.8.0_382]
	at javax.security.auth.Subject.doAs(Subject.java:422) [?:1.8.0_382]
	at org.apache.hadoop.security.UserGroupInformation.doAs(UserGroupInformation.java:1899) [hadoop-common-3.3.6.jar:?]
	at org.apache.hadoop.ipc.Server$Handler.run(Server.java:3048) [hadoop-common-3.3.6.jar:?]
]]></system-out>
  </testcase>
  <testcase name="testMakeDirsWithAnFakeDirectory" classname="TestOzoneFileSystem" time="0.073">
    <system-out><![CDATA[11:33:07.027 [IPC Server handler 4 on default port 15004] ERROR OMAudit - user=runner | ip=127.0.0.1 | op=GET_FILE_STATUS {volume=volume54121, bucket=bucket59518, key=user/runner/dir1/dir2, dataSize=0, replicationConfig=null} | ret=FAILURE
org.apache.hadoop.ozone.om.exceptions.OMException: Unable to get file status: volume: volume54121 bucket: bucket59518 key: user/runner/dir1/dir2
	at org.apache.hadoop.ozone.om.KeyManagerImpl.getOzoneFileStatus(KeyManagerImpl.java:1195) ~[ozone-manager-1.4.0-SNAPSHOT.jar:?]
	at org.apache.hadoop.ozone.om.KeyManagerImpl.getFileStatus(KeyManagerImpl.java:1113) ~[ozone-manager-1.4.0-SNAPSHOT.jar:?]
	at org.apache.hadoop.ozone.om.OmMetadataReader.getFileStatus(OmMetadataReader.java:262) ~[ozone-manager-1.4.0-SNAPSHOT.jar:?]
	at org.apache.hadoop.ozone.om.OzoneManager.getFileStatus(OzoneManager.java:3513) ~[ozone-manager-1.4.0-SNAPSHOT.jar:?]
	at org.apache.hadoop.ozone.protocolPB.OzoneManagerRequestHandler.getOzoneFileStatus(OzoneManagerRequestHandler.java:973) ~[ozone-manager-1.4.0-SNAPSHOT.jar:?]
	at org.apache.hadoop.ozone.protocolPB.OzoneManagerRequestHandler.handleReadRequest(OzoneManagerRequestHandler.java:252) ~[ozone-manager-1.4.0-SNAPSHOT.jar:?]
	at org.apache.hadoop.ozone.protocolPB.OzoneManagerProtocolServerSideTranslatorPB.submitReadRequestToOM(OzoneManagerProtocolServerSideTranslatorPB.java:225) ~[ozone-manager-1.4.0-SNAPSHOT.jar:?]
	at org.apache.hadoop.ozone.protocolPB.OzoneManagerProtocolServerSideTranslatorPB.processRequest(OzoneManagerProtocolServerSideTranslatorPB.java:179) ~[ozone-manager-1.4.0-SNAPSHOT.jar:?]
	at org.apache.hadoop.hdds.server.OzoneProtocolMessageDispatcher.processRequest(OzoneProtocolMessageDispatcher.java:87) [hdds-server-framework-1.4.0-SNAPSHOT.jar:?]
	at org.apache.hadoop.ozone.protocolPB.OzoneManagerProtocolServerSideTranslatorPB.submitRequest(OzoneManagerProtocolServerSideTranslatorPB.java:148) [ozone-manager-1.4.0-SNAPSHOT.jar:?]
	at org.apache.hadoop.ozone.protocol.proto.OzoneManagerProtocolProtos$OzoneManagerService$2.callBlockingMethod(OzoneManagerProtocolProtos.java) [ozone-interface-client-1.4.0-SNAPSHOT.jar:?]
	at org.apache.hadoop.ipc.ProtobufRpcEngine$Server.processCall(ProtobufRpcEngine.java:484) [hadoop-common-3.3.6.jar:?]
	at org.apache.hadoop.ipc.ProtobufRpcEngine2$Server$ProtoBufRpcInvoker.call(ProtobufRpcEngine2.java:595) [hadoop-common-3.3.6.jar:?]
	at org.apache.hadoop.ipc.ProtobufRpcEngine2$Server$ProtoBufRpcInvoker.call(ProtobufRpcEngine2.java:573) [hadoop-common-3.3.6.jar:?]
	at org.apache.hadoop.ipc.RPC$Server.call(RPC.java:1227) [hadoop-common-3.3.6.jar:?]
	at org.apache.hadoop.ipc.Server$RpcCall.run(Server.java:1094) [hadoop-common-3.3.6.jar:?]
	at org.apache.hadoop.ipc.Server$RpcCall.run(Server.java:1017) [hadoop-common-3.3.6.jar:?]
	at java.security.AccessController.doPrivileged(Native Method) ~[?:1.8.0_382]
	at javax.security.auth.Subject.doAs(Subject.java:422) [?:1.8.0_382]
	at org.apache.hadoop.security.UserGroupInformation.doAs(UserGroupInformation.java:1899) [hadoop-common-3.3.6.jar:?]
	at org.apache.hadoop.ipc.Server$Handler.run(Server.java:3048) [hadoop-common-3.3.6.jar:?]
]]></system-out>
  </testcase>
  <testcase name="testMakeDirsWithAnFakeDirectory" classname="TestOzoneFileSystem" time="0.031">
    <system-out><![CDATA[11:35:01.657 [IPC Server handler 0 on default port 15057] ERROR OMAudit - user=runner | ip=127.0.0.1 | op=GET_FILE_STATUS {volume=volume67780, bucket=bucket36604, key=user/runner/dir1/dir2, dataSize=0, replicationConfig=null} | ret=FAILURE
org.apache.hadoop.ozone.om.exceptions.OMException: Unable to get file status: volume: volume67780 bucket: bucket36604 key: user/runner/dir1/dir2
	at org.apache.hadoop.ozone.om.KeyManagerImpl.getOzoneFileStatus(KeyManagerImpl.java:1195) ~[ozone-manager-1.4.0-SNAPSHOT.jar:?]
	at org.apache.hadoop.ozone.om.KeyManagerImpl.getFileStatus(KeyManagerImpl.java:1113) ~[ozone-manager-1.4.0-SNAPSHOT.jar:?]
	at org.apache.hadoop.ozone.om.OmMetadataReader.getFileStatus(OmMetadataReader.java:262) ~[ozone-manager-1.4.0-SNAPSHOT.jar:?]
	at org.apache.hadoop.ozone.om.OzoneManager.getFileStatus(OzoneManager.java:3513) ~[ozone-manager-1.4.0-SNAPSHOT.jar:?]
	at org.apache.hadoop.ozone.protocolPB.OzoneManagerRequestHandler.getOzoneFileStatus(OzoneManagerRequestHandler.java:973) ~[ozone-manager-1.4.0-SNAPSHOT.jar:?]
	at org.apache.hadoop.ozone.protocolPB.OzoneManagerRequestHandler.handleReadRequest(OzoneManagerRequestHandler.java:252) ~[ozone-manager-1.4.0-SNAPSHOT.jar:?]
	at org.apache.hadoop.ozone.protocolPB.OzoneManagerProtocolServerSideTranslatorPB.submitRequestDirectlyToOM(OzoneManagerProtocolServerSideTranslatorPB.java:274) ~[ozone-manager-1.4.0-SNAPSHOT.jar:?]
	at org.apache.hadoop.ozone.protocolPB.OzoneManagerProtocolServerSideTranslatorPB.processRequest(OzoneManagerProtocolServerSideTranslatorPB.java:175) ~[ozone-manager-1.4.0-SNAPSHOT.jar:?]
	at org.apache.hadoop.hdds.server.OzoneProtocolMessageDispatcher.processRequest(OzoneProtocolMessageDispatcher.java:87) [hdds-server-framework-1.4.0-SNAPSHOT.jar:?]
	at org.apache.hadoop.ozone.protocolPB.OzoneManagerProtocolServerSideTranslatorPB.submitRequest(OzoneManagerProtocolServerSideTranslatorPB.java:148) [ozone-manager-1.4.0-SNAPSHOT.jar:?]
	at org.apache.hadoop.ozone.protocol.proto.OzoneManagerProtocolProtos$OzoneManagerService$2.callBlockingMethod(OzoneManagerProtocolProtos.java) [ozone-interface-client-1.4.0-SNAPSHOT.jar:?]
	at org.apache.hadoop.ipc.ProtobufRpcEngine$Server.processCall(ProtobufRpcEngine.java:484) [hadoop-common-3.3.6.jar:?]
	at org.apache.hadoop.ipc.ProtobufRpcEngine2$Server$ProtoBufRpcInvoker.call(ProtobufRpcEngine2.java:595) [hadoop-common-3.3.6.jar:?]
	at org.apache.hadoop.ipc.ProtobufRpcEngine2$Server$ProtoBufRpcInvoker.call(ProtobufRpcEngine2.java:573) [hadoop-common-3.3.6.jar:?]
	at org.apache.hadoop.ipc.RPC$Server.call(RPC.java:1227) [hadoop-common-3.3.6.jar:?]
	at org.apache.hadoop.ipc.Server$RpcCall.run(Server.java:1094) [hadoop-common-3.3.6.jar:?]
	at org.apache.hadoop.ipc.Server$RpcCall.run(Server.java:1017) [hadoop-common-3.3.6.jar:?]
	at java.security.AccessController.doPrivileged(Native Method) ~[?:1.8.0_382]
	at javax.security.auth.Subject.doAs(Subject.java:422) [?:1.8.0_382]
	at org.apache.hadoop.security.UserGroupInformation.doAs(UserGroupInformation.java:1899) [hadoop-common-3.3.6.jar:?]
	at org.apache.hadoop.ipc.Server$Handler.run(Server.java:3048) [hadoop-common-3.3.6.jar:?]
]]></system-out>
  </testcase>
  <testcase name="testMakeDirsWithAnFakeDirectory" classname="TestOzoneFileSystem" time="0.048">
    <system-out><![CDATA[11:36:25.826 [IPC Server handler 2 on default port 15110] ERROR OMAudit - user=runner | ip=127.0.0.1 | op=GET_FILE_STATUS {volume=volume79256, bucket=bucket28461, key=user/runner/dir1/dir2, dataSize=0, replicationConfig=null} | ret=FAILURE
org.apache.hadoop.ozone.om.exceptions.OMException: Unable to get file status: volume: volume79256 bucket: bucket28461 key: user/runner/dir1/dir2
	at org.apache.hadoop.ozone.om.KeyManagerImpl.getOzoneFileStatus(KeyManagerImpl.java:1195) ~[ozone-manager-1.4.0-SNAPSHOT.jar:?]
	at org.apache.hadoop.ozone.om.KeyManagerImpl.getFileStatus(KeyManagerImpl.java:1113) ~[ozone-manager-1.4.0-SNAPSHOT.jar:?]
	at org.apache.hadoop.ozone.om.OmMetadataReader.getFileStatus(OmMetadataReader.java:262) ~[ozone-manager-1.4.0-SNAPSHOT.jar:?]
	at org.apache.hadoop.ozone.om.OzoneManager.getFileStatus(OzoneManager.java:3513) ~[ozone-manager-1.4.0-SNAPSHOT.jar:?]
	at org.apache.hadoop.ozone.protocolPB.OzoneManagerRequestHandler.getOzoneFileStatus(OzoneManagerRequestHandler.java:973) ~[ozone-manager-1.4.0-SNAPSHOT.jar:?]
	at org.apache.hadoop.ozone.protocolPB.OzoneManagerRequestHandler.handleReadRequest(OzoneManagerRequestHandler.java:252) ~[ozone-manager-1.4.0-SNAPSHOT.jar:?]
	at org.apache.hadoop.ozone.protocolPB.OzoneManagerProtocolServerSideTranslatorPB.submitReadRequestToOM(OzoneManagerProtocolServerSideTranslatorPB.java:225) ~[ozone-manager-1.4.0-SNAPSHOT.jar:?]
	at org.apache.hadoop.ozone.protocolPB.OzoneManagerProtocolServerSideTranslatorPB.processRequest(OzoneManagerProtocolServerSideTranslatorPB.java:179) ~[ozone-manager-1.4.0-SNAPSHOT.jar:?]
	at org.apache.hadoop.hdds.server.OzoneProtocolMessageDispatcher.processRequest(OzoneProtocolMessageDispatcher.java:87) [hdds-server-framework-1.4.0-SNAPSHOT.jar:?]
	at org.apache.hadoop.ozone.protocolPB.OzoneManagerProtocolServerSideTranslatorPB.submitRequest(OzoneManagerProtocolServerSideTranslatorPB.java:148) [ozone-manager-1.4.0-SNAPSHOT.jar:?]
	at org.apache.hadoop.ozone.protocol.proto.OzoneManagerProtocolProtos$OzoneManagerService$2.callBlockingMethod(OzoneManagerProtocolProtos.java) [ozone-interface-client-1.4.0-SNAPSHOT.jar:?]
	at org.apache.hadoop.ipc.ProtobufRpcEngine$Server.processCall(ProtobufRpcEngine.java:484) [hadoop-common-3.3.6.jar:?]
	at org.apache.hadoop.ipc.ProtobufRpcEngine2$Server$ProtoBufRpcInvoker.call(ProtobufRpcEngine2.java:595) [hadoop-common-3.3.6.jar:?]
	at org.apache.hadoop.ipc.ProtobufRpcEngine2$Server$ProtoBufRpcInvoker.call(ProtobufRpcEngine2.java:573) [hadoop-common-3.3.6.jar:?]
	at org.apache.hadoop.ipc.RPC$Server.call(RPC.java:1227) [hadoop-common-3.3.6.jar:?]
	at org.apache.hadoop.ipc.Server$RpcCall.run(Server.java:1094) [hadoop-common-3.3.6.jar:?]
	at org.apache.hadoop.ipc.Server$RpcCall.run(Server.java:1017) [hadoop-common-3.3.6.jar:?]
	at java.security.AccessController.doPrivileged(Native Method) ~[?:1.8.0_382]
	at javax.security.auth.Subject.doAs(Subject.java:422) [?:1.8.0_382]
	at org.apache.hadoop.security.UserGroupInformation.doAs(UserGroupInformation.java:1899) [hadoop-common-3.3.6.jar:?]
	at org.apache.hadoop.ipc.Server$Handler.run(Server.java:3048) [hadoop-common-3.3.6.jar:?]
]]></system-out>
  </testcase>
  <testcase name="testMakeDirsWithAnFakeDirectory" classname="TestOzoneFileSystem" time="0.022">
    <system-out><![CDATA[11:38:01.552 [IPC Server handler 19 on default port 15163] ERROR OMAudit - user=runner | ip=127.0.0.1 | op=GET_FILE_STATUS {volume=volume45503, bucket=bucket29530, key=user/runner/dir1/dir2, dataSize=0, replicationConfig=null} | ret=FAILURE
org.apache.hadoop.ozone.om.exceptions.OMException: Unable to get file status: volume: volume45503 bucket: bucket29530 key: user/runner/dir1/dir2
	at org.apache.hadoop.ozone.om.KeyManagerImpl.getOzoneFileStatus(KeyManagerImpl.java:1195) ~[ozone-manager-1.4.0-SNAPSHOT.jar:?]
	at org.apache.hadoop.ozone.om.KeyManagerImpl.getFileStatus(KeyManagerImpl.java:1113) ~[ozone-manager-1.4.0-SNAPSHOT.jar:?]
	at org.apache.hadoop.ozone.om.OmMetadataReader.getFileStatus(OmMetadataReader.java:262) ~[ozone-manager-1.4.0-SNAPSHOT.jar:?]
	at org.apache.hadoop.ozone.om.OzoneManager.getFileStatus(OzoneManager.java:3513) ~[ozone-manager-1.4.0-SNAPSHOT.jar:?]
	at org.apache.hadoop.ozone.protocolPB.OzoneManagerRequestHandler.getOzoneFileStatus(OzoneManagerRequestHandler.java:973) ~[ozone-manager-1.4.0-SNAPSHOT.jar:?]
	at org.apache.hadoop.ozone.protocolPB.OzoneManagerRequestHandler.handleReadRequest(OzoneManagerRequestHandler.java:252) ~[ozone-manager-1.4.0-SNAPSHOT.jar:?]
	at org.apache.hadoop.ozone.protocolPB.OzoneManagerProtocolServerSideTranslatorPB.submitRequestDirectlyToOM(OzoneManagerProtocolServerSideTranslatorPB.java:274) ~[ozone-manager-1.4.0-SNAPSHOT.jar:?]
	at org.apache.hadoop.ozone.protocolPB.OzoneManagerProtocolServerSideTranslatorPB.processRequest(OzoneManagerProtocolServerSideTranslatorPB.java:175) ~[ozone-manager-1.4.0-SNAPSHOT.jar:?]
	at org.apache.hadoop.hdds.server.OzoneProtocolMessageDispatcher.processRequest(OzoneProtocolMessageDispatcher.java:87) [hdds-server-framework-1.4.0-SNAPSHOT.jar:?]
	at org.apache.hadoop.ozone.protocolPB.OzoneManagerProtocolServerSideTranslatorPB.submitRequest(OzoneManagerProtocolServerSideTranslatorPB.java:148) [ozone-manager-1.4.0-SNAPSHOT.jar:?]
	at org.apache.hadoop.ozone.protocol.proto.OzoneManagerProtocolProtos$OzoneManagerService$2.callBlockingMethod(OzoneManagerProtocolProtos.java) [ozone-interface-client-1.4.0-SNAPSHOT.jar:?]
	at org.apache.hadoop.ipc.ProtobufRpcEngine$Server.processCall(ProtobufRpcEngine.java:484) [hadoop-common-3.3.6.jar:?]
	at org.apache.hadoop.ipc.ProtobufRpcEngine2$Server$ProtoBufRpcInvoker.call(ProtobufRpcEngine2.java:595) [hadoop-common-3.3.6.jar:?]
	at org.apache.hadoop.ipc.ProtobufRpcEngine2$Server$ProtoBufRpcInvoker.call(ProtobufRpcEngine2.java:573) [hadoop-common-3.3.6.jar:?]
	at org.apache.hadoop.ipc.RPC$Server.call(RPC.java:1227) [hadoop-common-3.3.6.jar:?]
	at org.apache.hadoop.ipc.Server$RpcCall.run(Server.java:1094) [hadoop-common-3.3.6.jar:?]
	at org.apache.hadoop.ipc.Server$RpcCall.run(Server.java:1017) [hadoop-common-3.3.6.jar:?]
	at java.security.AccessController.doPrivileged(Native Method) ~[?:1.8.0_382]
	at javax.security.auth.Subject.doAs(Subject.java:422) [?:1.8.0_382]
	at org.apache.hadoop.security.UserGroupInformation.doAs(UserGroupInformation.java:1899) [hadoop-common-3.3.6.jar:?]
	at org.apache.hadoop.ipc.Server$Handler.run(Server.java:3048) [hadoop-common-3.3.6.jar:?]
]]></system-out>
  </testcase>
  <testcase name="testFileDelete" classname="TestOzoneFileSystem" time="0.394">
    <system-out><![CDATA[11:33:07.436 [IPC Server handler 6 on default port 15004] ERROR OMAudit - user=runner | ip=127.0.0.1 | op=GET_FILE_STATUS {volume=volume54121, bucket=bucket59518, key=testBatchDelete, dataSize=0, replicationConfig=null} | ret=FAILURE
org.apache.hadoop.ozone.om.exceptions.OMException: Unable to get file status: volume: volume54121 bucket: bucket59518 key: testBatchDelete
	at org.apache.hadoop.ozone.om.KeyManagerImpl.getOzoneFileStatus(KeyManagerImpl.java:1195) ~[ozone-manager-1.4.0-SNAPSHOT.jar:?]
	at org.apache.hadoop.ozone.om.KeyManagerImpl.getFileStatus(KeyManagerImpl.java:1113) ~[ozone-manager-1.4.0-SNAPSHOT.jar:?]
	at org.apache.hadoop.ozone.om.OmMetadataReader.getFileStatus(OmMetadataReader.java:262) ~[ozone-manager-1.4.0-SNAPSHOT.jar:?]
	at org.apache.hadoop.ozone.om.OzoneManager.getFileStatus(OzoneManager.java:3513) ~[ozone-manager-1.4.0-SNAPSHOT.jar:?]
	at org.apache.hadoop.ozone.protocolPB.OzoneManagerRequestHandler.getOzoneFileStatus(OzoneManagerRequestHandler.java:973) ~[ozone-manager-1.4.0-SNAPSHOT.jar:?]
	at org.apache.hadoop.ozone.protocolPB.OzoneManagerRequestHandler.handleReadRequest(OzoneManagerRequestHandler.java:252) ~[ozone-manager-1.4.0-SNAPSHOT.jar:?]
	at org.apache.hadoop.ozone.protocolPB.OzoneManagerProtocolServerSideTranslatorPB.submitReadRequestToOM(OzoneManagerProtocolServerSideTranslatorPB.java:225) ~[ozone-manager-1.4.0-SNAPSHOT.jar:?]
	at org.apache.hadoop.ozone.protocolPB.OzoneManagerProtocolServerSideTranslatorPB.processRequest(OzoneManagerProtocolServerSideTranslatorPB.java:179) ~[ozone-manager-1.4.0-SNAPSHOT.jar:?]
	at org.apache.hadoop.hdds.server.OzoneProtocolMessageDispatcher.processRequest(OzoneProtocolMessageDispatcher.java:87) [hdds-server-framework-1.4.0-SNAPSHOT.jar:?]
	at org.apache.hadoop.ozone.protocolPB.OzoneManagerProtocolServerSideTranslatorPB.submitRequest(OzoneManagerProtocolServerSideTranslatorPB.java:148) [ozone-manager-1.4.0-SNAPSHOT.jar:?]
	at org.apache.hadoop.ozone.protocol.proto.OzoneManagerProtocolProtos$OzoneManagerService$2.callBlockingMethod(OzoneManagerProtocolProtos.java) [ozone-interface-client-1.4.0-SNAPSHOT.jar:?]
	at org.apache.hadoop.ipc.ProtobufRpcEngine$Server.processCall(ProtobufRpcEngine.java:484) [hadoop-common-3.3.6.jar:?]
	at org.apache.hadoop.ipc.ProtobufRpcEngine2$Server$ProtoBufRpcInvoker.call(ProtobufRpcEngine2.java:595) [hadoop-common-3.3.6.jar:?]
	at org.apache.hadoop.ipc.ProtobufRpcEngine2$Server$ProtoBufRpcInvoker.call(ProtobufRpcEngine2.java:573) [hadoop-common-3.3.6.jar:?]
	at org.apache.hadoop.ipc.RPC$Server.call(RPC.java:1227) [hadoop-common-3.3.6.jar:?]
	at org.apache.hadoop.ipc.Server$RpcCall.run(Server.java:1094) [hadoop-common-3.3.6.jar:?]
	at org.apache.hadoop.ipc.Server$RpcCall.run(Server.java:1017) [hadoop-common-3.3.6.jar:?]
	at java.security.AccessController.doPrivileged(Native Method) ~[?:1.8.0_382]
	at javax.security.auth.Subject.doAs(Subject.java:422) [?:1.8.0_382]
	at org.apache.hadoop.security.UserGroupInformation.doAs(UserGroupInformation.java:1899) [hadoop-common-3.3.6.jar:?]
	at org.apache.hadoop.ipc.Server$Handler.run(Server.java:3048) [hadoop-common-3.3.6.jar:?]
11:33:07.438 [IPC Server handler 4 on default port 15004] ERROR OMAudit - user=runner | ip=127.0.0.1 | op=GET_FILE_STATUS {volume=volume54121, bucket=bucket59518, key=testBatchDelete/parent/child0, dataSize=0, replicationConfig=null} | ret=FAILURE
org.apache.hadoop.ozone.om.exceptions.OMException: Unable to get file status: volume: volume54121 bucket: bucket59518 key: testBatchDelete/parent/child0
	at org.apache.hadoop.ozone.om.KeyManagerImpl.getOzoneFileStatus(KeyManagerImpl.java:1195) ~[ozone-manager-1.4.0-SNAPSHOT.jar:?]
	at org.apache.hadoop.ozone.om.KeyManagerImpl.getFileStatus(KeyManagerImpl.java:1113) ~[ozone-manager-1.4.0-SNAPSHOT.jar:?]
	at org.apache.hadoop.ozone.om.OmMetadataReader.getFileStatus(OmMetadataReader.java:262) ~[ozone-manager-1.4.0-SNAPSHOT.jar:?]
	at org.apache.hadoop.ozone.om.OzoneManager.getFileStatus(OzoneManager.java:3513) ~[ozone-manager-1.4.0-SNAPSHOT.jar:?]
	at org.apache.hadoop.ozone.protocolPB.OzoneManagerRequestHandler.getOzoneFileStatus(OzoneManagerRequestHandler.java:973) ~[ozone-manager-1.4.0-SNAPSHOT.jar:?]
	at org.apache.hadoop.ozone.protocolPB.OzoneManagerRequestHandler.handleReadRequest(OzoneManagerRequestHandler.java:252) ~[ozone-manager-1.4.0-SNAPSHOT.jar:?]
	at org.apache.hadoop.ozone.protocolPB.OzoneManagerProtocolServerSideTranslatorPB.submitReadRequestToOM(OzoneManagerProtocolServerSideTranslatorPB.java:225) ~[ozone-manager-1.4.0-SNAPSHOT.jar:?]
	at org.apache.hadoop.ozone.protocolPB.OzoneManagerProtocolServerSideTranslatorPB.processRequest(OzoneManagerProtocolServerSideTranslatorPB.java:179) ~[ozone-manager-1.4.0-SNAPSHOT.jar:?]
	at org.apache.hadoop.hdds.server.OzoneProtocolMessageDispatcher.processRequest(OzoneProtocolMessageDispatcher.java:87) [hdds-server-framework-1.4.0-SNAPSHOT.jar:?]
	at org.apache.hadoop.ozone.protocolPB.OzoneManagerProtocolServerSideTranslatorPB.submitRequest(OzoneManagerProtocolServerSideTranslatorPB.java:148) [ozone-manager-1.4.0-SNAPSHOT.jar:?]
	at org.apache.hadoop.ozone.protocol.proto.OzoneManagerProtocolProtos$OzoneManagerService$2.callBlockingMethod(OzoneManagerProtocolProtos.java) [ozone-interface-client-1.4.0-SNAPSHOT.jar:?]
	at org.apache.hadoop.ipc.ProtobufRpcEngine$Server.processCall(ProtobufRpcEngine.java:484) [hadoop-common-3.3.6.jar:?]
	at org.apache.hadoop.ipc.ProtobufRpcEngine2$Server$ProtoBufRpcInvoker.call(ProtobufRpcEngine2.java:595) [hadoop-common-3.3.6.jar:?]
	at org.apache.hadoop.ipc.ProtobufRpcEngine2$Server$ProtoBufRpcInvoker.call(ProtobufRpcEngine2.java:573) [hadoop-common-3.3.6.jar:?]
	at org.apache.hadoop.ipc.RPC$Server.call(RPC.java:1227) [hadoop-common-3.3.6.jar:?]
	at org.apache.hadoop.ipc.Server$RpcCall.run(Server.java:1094) [hadoop-common-3.3.6.jar:?]
	at org.apache.hadoop.ipc.Server$RpcCall.run(Server.java:1017) [hadoop-common-3.3.6.jar:?]
	at java.security.AccessController.doPrivileged(Native Method) ~[?:1.8.0_382]
	at javax.security.auth.Subject.doAs(Subject.java:422) [?:1.8.0_382]
	at org.apache.hadoop.security.UserGroupInformation.doAs(UserGroupInformation.java:1899) [hadoop-common-3.3.6.jar:?]
	at org.apache.hadoop.ipc.Server$Handler.run(Server.java:3048) [hadoop-common-3.3.6.jar:?]
11:33:07.440 [IPC Server handler 12 on default port 15004] ERROR OMAudit - user=runner | ip=127.0.0.1 | op=GET_FILE_STATUS {volume=volume54121, bucket=bucket59518, key=testBatchDelete/parent/childFolder/child0, dataSize=0, replicationConfig=null} | ret=FAILURE
org.apache.hadoop.ozone.om.exceptions.OMException: Unable to get file status: volume: volume54121 bucket: bucket59518 key: testBatchDelete/parent/childFolder/child0
	at org.apache.hadoop.ozone.om.KeyManagerImpl.getOzoneFileStatus(KeyManagerImpl.java:1195) ~[ozone-manager-1.4.0-SNAPSHOT.jar:?]
	at org.apache.hadoop.ozone.om.KeyManagerImpl.getFileStatus(KeyManagerImpl.java:1113) ~[ozone-manager-1.4.0-SNAPSHOT.jar:?]
	at org.apache.hadoop.ozone.om.OmMetadataReader.getFileStatus(OmMetadataReader.java:262) ~[ozone-manager-1.4.0-SNAPSHOT.jar:?]
	at org.apache.hadoop.ozone.om.OzoneManager.getFileStatus(OzoneManager.java:3513) ~[ozone-manager-1.4.0-SNAPSHOT.jar:?]
	at org.apache.hadoop.ozone.protocolPB.OzoneManagerRequestHandler.getOzoneFileStatus(OzoneManagerRequestHandler.java:973) ~[ozone-manager-1.4.0-SNAPSHOT.jar:?]
	at org.apache.hadoop.ozone.protocolPB.OzoneManagerRequestHandler.handleReadRequest(OzoneManagerRequestHandler.java:252) ~[ozone-manager-1.4.0-SNAPSHOT.jar:?]
	at org.apache.hadoop.ozone.protocolPB.OzoneManagerProtocolServerSideTranslatorPB.submitReadRequestToOM(OzoneManagerProtocolServerSideTranslatorPB.java:225) ~[ozone-manager-1.4.0-SNAPSHOT.jar:?]
	at org.apache.hadoop.ozone.protocolPB.OzoneManagerProtocolServerSideTranslatorPB.processRequest(OzoneManagerProtocolServerSideTranslatorPB.java:179) ~[ozone-manager-1.4.0-SNAPSHOT.jar:?]
	at org.apache.hadoop.hdds.server.OzoneProtocolMessageDispatcher.processRequest(OzoneProtocolMessageDispatcher.java:87) [hdds-server-framework-1.4.0-SNAPSHOT.jar:?]
	at org.apache.hadoop.ozone.protocolPB.OzoneManagerProtocolServerSideTranslatorPB.submitRequest(OzoneManagerProtocolServerSideTranslatorPB.java:148) [ozone-manager-1.4.0-SNAPSHOT.jar:?]
	at org.apache.hadoop.ozone.protocol.proto.OzoneManagerProtocolProtos$OzoneManagerService$2.callBlockingMethod(OzoneManagerProtocolProtos.java) [ozone-interface-client-1.4.0-SNAPSHOT.jar:?]
	at org.apache.hadoop.ipc.ProtobufRpcEngine$Server.processCall(ProtobufRpcEngine.java:484) [hadoop-common-3.3.6.jar:?]
	at org.apache.hadoop.ipc.ProtobufRpcEngine2$Server$ProtoBufRpcInvoker.call(ProtobufRpcEngine2.java:595) [hadoop-common-3.3.6.jar:?]
	at org.apache.hadoop.ipc.ProtobufRpcEngine2$Server$ProtoBufRpcInvoker.call(ProtobufRpcEngine2.java:573) [hadoop-common-3.3.6.jar:?]
	at org.apache.hadoop.ipc.RPC$Server.call(RPC.java:1227) [hadoop-common-3.3.6.jar:?]
	at org.apache.hadoop.ipc.Server$RpcCall.run(Server.java:1094) [hadoop-common-3.3.6.jar:?]
	at org.apache.hadoop.ipc.Server$RpcCall.run(Server.java:1017) [hadoop-common-3.3.6.jar:?]
	at java.security.AccessController.doPrivileged(Native Method) ~[?:1.8.0_382]
	at javax.security.auth.Subject.doAs(Subject.java:422) [?:1.8.0_382]
	at org.apache.hadoop.security.UserGroupInformation.doAs(UserGroupInformation.java:1899) [hadoop-common-3.3.6.jar:?]
	at org.apache.hadoop.ipc.Server$Handler.run(Server.java:3048) [hadoop-common-3.3.6.jar:?]
11:33:07.443 [IPC Server handler 19 on default port 15004] ERROR OMAudit - user=runner | ip=127.0.0.1 | op=GET_FILE_STATUS {volume=volume54121, bucket=bucket59518, key=testBatchDelete/parent/child1, dataSize=0, replicationConfig=null} | ret=FAILURE
org.apache.hadoop.ozone.om.exceptions.OMException: Unable to get file status: volume: volume54121 bucket: bucket59518 key: testBatchDelete/parent/child1
	at org.apache.hadoop.ozone.om.KeyManagerImpl.getOzoneFileStatus(KeyManagerImpl.java:1195) ~[ozone-manager-1.4.0-SNAPSHOT.jar:?]
	at org.apache.hadoop.ozone.om.KeyManagerImpl.getFileStatus(KeyManagerImpl.java:1113) ~[ozone-manager-1.4.0-SNAPSHOT.jar:?]
	at org.apache.hadoop.ozone.om.OmMetadataReader.getFileStatus(OmMetadataReader.java:262) ~[ozone-manager-1.4.0-SNAPSHOT.jar:?]
	at org.apache.hadoop.ozone.om.OzoneManager.getFileStatus(OzoneManager.java:3513) ~[ozone-manager-1.4.0-SNAPSHOT.jar:?]
	at org.apache.hadoop.ozone.protocolPB.OzoneManagerRequestHandler.getOzoneFileStatus(OzoneManagerRequestHandler.java:973) ~[ozone-manager-1.4.0-SNAPSHOT.jar:?]
	at org.apache.hadoop.ozone.protocolPB.OzoneManagerRequestHandler.handleReadRequest(OzoneManagerRequestHandler.java:252) ~[ozone-manager-1.4.0-SNAPSHOT.jar:?]
	at org.apache.hadoop.ozone.protocolPB.OzoneManagerProtocolServerSideTranslatorPB.submitReadRequestToOM(OzoneManagerProtocolServerSideTranslatorPB.java:225) ~[ozone-manager-1.4.0-SNAPSHOT.jar:?]
	at org.apache.hadoop.ozone.protocolPB.OzoneManagerProtocolServerSideTranslatorPB.processRequest(OzoneManagerProtocolServerSideTranslatorPB.java:179) ~[ozone-manager-1.4.0-SNAPSHOT.jar:?]
	at org.apache.hadoop.hdds.server.OzoneProtocolMessageDispatcher.processRequest(OzoneProtocolMessageDispatcher.java:87) [hdds-server-framework-1.4.0-SNAPSHOT.jar:?]
	at org.apache.hadoop.ozone.protocolPB.OzoneManagerProtocolServerSideTranslatorPB.submitRequest(OzoneManagerProtocolServerSideTranslatorPB.java:148) [ozone-manager-1.4.0-SNAPSHOT.jar:?]
	at org.apache.hadoop.ozone.protocol.proto.OzoneManagerProtocolProtos$OzoneManagerService$2.callBlockingMethod(OzoneManagerProtocolProtos.java) [ozone-interface-client-1.4.0-SNAPSHOT.jar:?]
	at org.apache.hadoop.ipc.ProtobufRpcEngine$Server.processCall(ProtobufRpcEngine.java:484) [hadoop-common-3.3.6.jar:?]
	at org.apache.hadoop.ipc.ProtobufRpcEngine2$Server$ProtoBufRpcInvoker.call(ProtobufRpcEngine2.java:595) [hadoop-common-3.3.6.jar:?]
	at org.apache.hadoop.ipc.ProtobufRpcEngine2$Server$ProtoBufRpcInvoker.call(ProtobufRpcEngine2.java:573) [hadoop-common-3.3.6.jar:?]
	at org.apache.hadoop.ipc.RPC$Server.call(RPC.java:1227) [hadoop-common-3.3.6.jar:?]
	at org.apache.hadoop.ipc.Server$RpcCall.run(Server.java:1094) [hadoop-common-3.3.6.jar:?]
	at org.apache.hadoop.ipc.Server$RpcCall.run(Server.java:1017) [hadoop-common-3.3.6.jar:?]
	at java.security.AccessController.doPrivileged(Native Method) ~[?:1.8.0_382]
	at javax.security.auth.Subject.doAs(Subject.java:422) [?:1.8.0_382]
	at org.apache.hadoop.security.UserGroupInformation.doAs(UserGroupInformation.java:1899) [hadoop-common-3.3.6.jar:?]
	at org.apache.hadoop.ipc.Server$Handler.run(Server.java:3048) [hadoop-common-3.3.6.jar:?]
11:33:07.445 [IPC Server handler 18 on default port 15004] ERROR OMAudit - user=runner | ip=127.0.0.1 | op=GET_FILE_STATUS {volume=volume54121, bucket=bucket59518, key=testBatchDelete/parent/childFolder/child1, dataSize=0, replicationConfig=null} | ret=FAILURE
org.apache.hadoop.ozone.om.exceptions.OMException: Unable to get file status: volume: volume54121 bucket: bucket59518 key: testBatchDelete/parent/childFolder/child1
	at org.apache.hadoop.ozone.om.KeyManagerImpl.getOzoneFileStatus(KeyManagerImpl.java:1195) ~[ozone-manager-1.4.0-SNAPSHOT.jar:?]
	at org.apache.hadoop.ozone.om.KeyManagerImpl.getFileStatus(KeyManagerImpl.java:1113) ~[ozone-manager-1.4.0-SNAPSHOT.jar:?]
	at org.apache.hadoop.ozone.om.OmMetadataReader.getFileStatus(OmMetadataReader.java:262) ~[ozone-manager-1.4.0-SNAPSHOT.jar:?]
	at org.apache.hadoop.ozone.om.OzoneManager.getFileStatus(OzoneManager.java:3513) ~[ozone-manager-1.4.0-SNAPSHOT.jar:?]
	at org.apache.hadoop.ozone.protocolPB.OzoneManagerRequestHandler.getOzoneFileStatus(OzoneManagerRequestHandler.java:973) ~[ozone-manager-1.4.0-SNAPSHOT.jar:?]
	at org.apache.hadoop.ozone.protocolPB.OzoneManagerRequestHandler.handleReadRequest(OzoneManagerRequestHandler.java:252) ~[ozone-manager-1.4.0-SNAPSHOT.jar:?]
	at org.apache.hadoop.ozone.protocolPB.OzoneManagerProtocolServerSideTranslatorPB.submitReadRequestToOM(OzoneManagerProtocolServerSideTranslatorPB.java:225) ~[ozone-manager-1.4.0-SNAPSHOT.jar:?]
	at org.apache.hadoop.ozone.protocolPB.OzoneManagerProtocolServerSideTranslatorPB.processRequest(OzoneManagerProtocolServerSideTranslatorPB.java:179) ~[ozone-manager-1.4.0-SNAPSHOT.jar:?]
	at org.apache.hadoop.hdds.server.OzoneProtocolMessageDispatcher.processRequest(OzoneProtocolMessageDispatcher.java:87) [hdds-server-framework-1.4.0-SNAPSHOT.jar:?]
	at org.apache.hadoop.ozone.protocolPB.OzoneManagerProtocolServerSideTranslatorPB.submitRequest(OzoneManagerProtocolServerSideTranslatorPB.java:148) [ozone-manager-1.4.0-SNAPSHOT.jar:?]
	at org.apache.hadoop.ozone.protocol.proto.OzoneManagerProtocolProtos$OzoneManagerService$2.callBlockingMethod(OzoneManagerProtocolProtos.java) [ozone-interface-client-1.4.0-SNAPSHOT.jar:?]
	at org.apache.hadoop.ipc.ProtobufRpcEngine$Server.processCall(ProtobufRpcEngine.java:484) [hadoop-common-3.3.6.jar:?]
	at org.apache.hadoop.ipc.ProtobufRpcEngine2$Server$ProtoBufRpcInvoker.call(ProtobufRpcEngine2.java:595) [hadoop-common-3.3.6.jar:?]
	at org.apache.hadoop.ipc.ProtobufRpcEngine2$Server$ProtoBufRpcInvoker.call(ProtobufRpcEngine2.java:573) [hadoop-common-3.3.6.jar:?]
	at org.apache.hadoop.ipc.RPC$Server.call(RPC.java:1227) [hadoop-common-3.3.6.jar:?]
	at org.apache.hadoop.ipc.Server$RpcCall.run(Server.java:1094) [hadoop-common-3.3.6.jar:?]
	at org.apache.hadoop.ipc.Server$RpcCall.run(Server.java:1017) [hadoop-common-3.3.6.jar:?]
	at java.security.AccessController.doPrivileged(Native Method) ~[?:1.8.0_382]
	at javax.security.auth.Subject.doAs(Subject.java:422) [?:1.8.0_382]
	at org.apache.hadoop.security.UserGroupInformation.doAs(UserGroupInformation.java:1899) [hadoop-common-3.3.6.jar:?]
	at org.apache.hadoop.ipc.Server$Handler.run(Server.java:3048) [hadoop-common-3.3.6.jar:?]
11:33:07.447 [IPC Server handler 14 on default port 15004] ERROR OMAudit - user=runner | ip=127.0.0.1 | op=GET_FILE_STATUS {volume=volume54121, bucket=bucket59518, key=testBatchDelete/parent/child2, dataSize=0, replicationConfig=null} | ret=FAILURE
org.apache.hadoop.ozone.om.exceptions.OMException: Unable to get file status: volume: volume54121 bucket: bucket59518 key: testBatchDelete/parent/child2
	at org.apache.hadoop.ozone.om.KeyManagerImpl.getOzoneFileStatus(KeyManagerImpl.java:1195) ~[ozone-manager-1.4.0-SNAPSHOT.jar:?]
	at org.apache.hadoop.ozone.om.KeyManagerImpl.getFileStatus(KeyManagerImpl.java:1113) ~[ozone-manager-1.4.0-SNAPSHOT.jar:?]
	at org.apache.hadoop.ozone.om.OmMetadataReader.getFileStatus(OmMetadataReader.java:262) ~[ozone-manager-1.4.0-SNAPSHOT.jar:?]
	at org.apache.hadoop.ozone.om.OzoneManager.getFileStatus(OzoneManager.java:3513) ~[ozone-manager-1.4.0-SNAPSHOT.jar:?]
	at org.apache.hadoop.ozone.protocolPB.OzoneManagerRequestHandler.getOzoneFileStatus(OzoneManagerRequestHandler.java:973) ~[ozone-manager-1.4.0-SNAPSHOT.jar:?]
	at org.apache.hadoop.ozone.protocolPB.OzoneManagerRequestHandler.handleReadRequest(OzoneManagerRequestHandler.java:252) ~[ozone-manager-1.4.0-SNAPSHOT.jar:?]
	at org.apache.hadoop.ozone.protocolPB.OzoneManagerProtocolServerSideTranslatorPB.submitReadRequestToOM(OzoneManagerProtocolServerSideTranslatorPB.java:225) ~[ozone-manager-1.4.0-SNAPSHOT.jar:?]
	at org.apache.hadoop.ozone.protocolPB.OzoneManagerProtocolServerSideTranslatorPB.processRequest(OzoneManagerProtocolServerSideTranslatorPB.java:179) ~[ozone-manager-1.4.0-SNAPSHOT.jar:?]
	at org.apache.hadoop.hdds.server.OzoneProtocolMessageDispatcher.processRequest(OzoneProtocolMessageDispatcher.java:87) [hdds-server-framework-1.4.0-SNAPSHOT.jar:?]
	at org.apache.hadoop.ozone.protocolPB.OzoneManagerProtocolServerSideTranslatorPB.submitRequest(OzoneManagerProtocolServerSideTranslatorPB.java:148) [ozone-manager-1.4.0-SNAPSHOT.jar:?]
	at org.apache.hadoop.ozone.protocol.proto.OzoneManagerProtocolProtos$OzoneManagerService$2.callBlockingMethod(OzoneManagerProtocolProtos.java) [ozone-interface-client-1.4.0-SNAPSHOT.jar:?]
	at org.apache.hadoop.ipc.ProtobufRpcEngine$Server.processCall(ProtobufRpcEngine.java:484) [hadoop-common-3.3.6.jar:?]
	at org.apache.hadoop.ipc.ProtobufRpcEngine2$Server$ProtoBufRpcInvoker.call(ProtobufRpcEngine2.java:595) [hadoop-common-3.3.6.jar:?]
	at org.apache.hadoop.ipc.ProtobufRpcEngine2$Server$ProtoBufRpcInvoker.call(ProtobufRpcEngine2.java:573) [hadoop-common-3.3.6.jar:?]
	at org.apache.hadoop.ipc.RPC$Server.call(RPC.java:1227) [hadoop-common-3.3.6.jar:?]
	at org.apache.hadoop.ipc.Server$RpcCall.run(Server.java:1094) [hadoop-common-3.3.6.jar:?]
	at org.apache.hadoop.ipc.Server$RpcCall.run(Server.java:1017) [hadoop-common-3.3.6.jar:?]
	at java.security.AccessController.doPrivileged(Native Method) ~[?:1.8.0_382]
	at javax.security.auth.Subject.doAs(Subject.java:422) [?:1.8.0_382]
	at org.apache.hadoop.security.UserGroupInformation.doAs(UserGroupInformation.java:1899) [hadoop-common-3.3.6.jar:?]
	at org.apache.hadoop.ipc.Server$Handler.run(Server.java:3048) [hadoop-common-3.3.6.jar:?]
11:33:07.449 [IPC Server handler 16 on default port 15004] ERROR OMAudit - user=runner | ip=127.0.0.1 | op=GET_FILE_STATUS {volume=volume54121, bucket=bucket59518, key=testBatchDelete/parent/childFolder/child2, dataSize=0, replicationConfig=null} | ret=FAILURE
org.apache.hadoop.ozone.om.exceptions.OMException: Unable to get file status: volume: volume54121 bucket: bucket59518 key: testBatchDelete/parent/childFolder/child2
	at org.apache.hadoop.ozone.om.KeyManagerImpl.getOzoneFileStatus(KeyManagerImpl.java:1195) ~[ozone-manager-1.4.0-SNAPSHOT.jar:?]
	at org.apache.hadoop.ozone.om.KeyManagerImpl.getFileStatus(KeyManagerImpl.java:1113) ~[ozone-manager-1.4.0-SNAPSHOT.jar:?]
	at org.apache.hadoop.ozone.om.OmMetadataReader.getFileStatus(OmMetadataReader.java:262) ~[ozone-manager-1.4.0-SNAPSHOT.jar:?]
	at org.apache.hadoop.ozone.om.OzoneManager.getFileStatus(OzoneManager.java:3513) ~[ozone-manager-1.4.0-SNAPSHOT.jar:?]
	at org.apache.hadoop.ozone.protocolPB.OzoneManagerRequestHandler.getOzoneFileStatus(OzoneManagerRequestHandler.java:973) ~[ozone-manager-1.4.0-SNAPSHOT.jar:?]
	at org.apache.hadoop.ozone.protocolPB.OzoneManagerRequestHandler.handleReadRequest(OzoneManagerRequestHandler.java:252) ~[ozone-manager-1.4.0-SNAPSHOT.jar:?]
	at org.apache.hadoop.ozone.protocolPB.OzoneManagerProtocolServerSideTranslatorPB.submitReadRequestToOM(OzoneManagerProtocolServerSideTranslatorPB.java:225) ~[ozone-manager-1.4.0-SNAPSHOT.jar:?]
	at org.apache.hadoop.ozone.protocolPB.OzoneManagerProtocolServerSideTranslatorPB.processRequest(OzoneManagerProtocolServerSideTranslatorPB.java:179) ~[ozone-manager-1.4.0-SNAPSHOT.jar:?]
	at org.apache.hadoop.hdds.server.OzoneProtocolMessageDispatcher.processRequest(OzoneProtocolMessageDispatcher.java:87) [hdds-server-framework-1.4.0-SNAPSHOT.jar:?]
	at org.apache.hadoop.ozone.protocolPB.OzoneManagerProtocolServerSideTranslatorPB.submitRequest(OzoneManagerProtocolServerSideTranslatorPB.java:148) [ozone-manager-1.4.0-SNAPSHOT.jar:?]
	at org.apache.hadoop.ozone.protocol.proto.OzoneManagerProtocolProtos$OzoneManagerService$2.callBlockingMethod(OzoneManagerProtocolProtos.java) [ozone-interface-client-1.4.0-SNAPSHOT.jar:?]
	at org.apache.hadoop.ipc.ProtobufRpcEngine$Server.processCall(ProtobufRpcEngine.java:484) [hadoop-common-3.3.6.jar:?]
	at org.apache.hadoop.ipc.ProtobufRpcEngine2$Server$ProtoBufRpcInvoker.call(ProtobufRpcEngine2.java:595) [hadoop-common-3.3.6.jar:?]
	at org.apache.hadoop.ipc.ProtobufRpcEngine2$Server$ProtoBufRpcInvoker.call(ProtobufRpcEngine2.java:573) [hadoop-common-3.3.6.jar:?]
	at org.apache.hadoop.ipc.RPC$Server.call(RPC.java:1227) [hadoop-common-3.3.6.jar:?]
	at org.apache.hadoop.ipc.Server$RpcCall.run(Server.java:1094) [hadoop-common-3.3.6.jar:?]
	at org.apache.hadoop.ipc.Server$RpcCall.run(Server.java:1017) [hadoop-common-3.3.6.jar:?]
	at java.security.AccessController.doPrivileged(Native Method) ~[?:1.8.0_382]
	at javax.security.auth.Subject.doAs(Subject.java:422) [?:1.8.0_382]
	at org.apache.hadoop.security.UserGroupInformation.doAs(UserGroupInformation.java:1899) [hadoop-common-3.3.6.jar:?]
	at org.apache.hadoop.ipc.Server$Handler.run(Server.java:3048) [hadoop-common-3.3.6.jar:?]
11:33:07.451 [IPC Server handler 17 on default port 15004] ERROR OMAudit - user=runner | ip=127.0.0.1 | op=GET_FILE_STATUS {volume=volume54121, bucket=bucket59518, key=testBatchDelete/parent/child3, dataSize=0, replicationConfig=null} | ret=FAILURE
org.apache.hadoop.ozone.om.exceptions.OMException: Unable to get file status: volume: volume54121 bucket: bucket59518 key: testBatchDelete/parent/child3
	at org.apache.hadoop.ozone.om.KeyManagerImpl.getOzoneFileStatus(KeyManagerImpl.java:1195) ~[ozone-manager-1.4.0-SNAPSHOT.jar:?]
	at org.apache.hadoop.ozone.om.KeyManagerImpl.getFileStatus(KeyManagerImpl.java:1113) ~[ozone-manager-1.4.0-SNAPSHOT.jar:?]
	at org.apache.hadoop.ozone.om.OmMetadataReader.getFileStatus(OmMetadataReader.java:262) ~[ozone-manager-1.4.0-SNAPSHOT.jar:?]
	at org.apache.hadoop.ozone.om.OzoneManager.getFileStatus(OzoneManager.java:3513) ~[ozone-manager-1.4.0-SNAPSHOT.jar:?]
	at org.apache.hadoop.ozone.protocolPB.OzoneManagerRequestHandler.getOzoneFileStatus(OzoneManagerRequestHandler.java:973) ~[ozone-manager-1.4.0-SNAPSHOT.jar:?]
	at org.apache.hadoop.ozone.protocolPB.OzoneManagerRequestHandler.handleReadRequest(OzoneManagerRequestHandler.java:252) ~[ozone-manager-1.4.0-SNAPSHOT.jar:?]
	at org.apache.hadoop.ozone.protocolPB.OzoneManagerProtocolServerSideTranslatorPB.submitReadRequestToOM(OzoneManagerProtocolServerSideTranslatorPB.java:225) ~[ozone-manager-1.4.0-SNAPSHOT.jar:?]
	at org.apache.hadoop.ozone.protocolPB.OzoneManagerProtocolServerSideTranslatorPB.processRequest(OzoneManagerProtocolServerSideTranslatorPB.java:179) ~[ozone-manager-1.4.0-SNAPSHOT.jar:?]
	at org.apache.hadoop.hdds.server.OzoneProtocolMessageDispatcher.processRequest(OzoneProtocolMessageDispatcher.java:87) [hdds-server-framework-1.4.0-SNAPSHOT.jar:?]
	at org.apache.hadoop.ozone.protocolPB.OzoneManagerProtocolServerSideTranslatorPB.submitRequest(OzoneManagerProtocolServerSideTranslatorPB.java:148) [ozone-manager-1.4.0-SNAPSHOT.jar:?]
	at org.apache.hadoop.ozone.protocol.proto.OzoneManagerProtocolProtos$OzoneManagerService$2.callBlockingMethod(OzoneManagerProtocolProtos.java) [ozone-interface-client-1.4.0-SNAPSHOT.jar:?]
	at org.apache.hadoop.ipc.ProtobufRpcEngine$Server.processCall(ProtobufRpcEngine.java:484) [hadoop-common-3.3.6.jar:?]
	at org.apache.hadoop.ipc.ProtobufRpcEngine2$Server$ProtoBufRpcInvoker.call(ProtobufRpcEngine2.java:595) [hadoop-common-3.3.6.jar:?]
	at org.apache.hadoop.ipc.ProtobufRpcEngine2$Server$ProtoBufRpcInvoker.call(ProtobufRpcEngine2.java:573) [hadoop-common-3.3.6.jar:?]
	at org.apache.hadoop.ipc.RPC$Server.call(RPC.java:1227) [hadoop-common-3.3.6.jar:?]
	at org.apache.hadoop.ipc.Server$RpcCall.run(Server.java:1094) [hadoop-common-3.3.6.jar:?]
	at org.apache.hadoop.ipc.Server$RpcCall.run(Server.java:1017) [hadoop-common-3.3.6.jar:?]
	at java.security.AccessController.doPrivileged(Native Method) ~[?:1.8.0_382]
	at javax.security.auth.Subject.doAs(Subject.java:422) [?:1.8.0_382]
	at org.apache.hadoop.security.UserGroupInformation.doAs(UserGroupInformation.java:1899) [hadoop-common-3.3.6.jar:?]
	at org.apache.hadoop.ipc.Server$Handler.run(Server.java:3048) [hadoop-common-3.3.6.jar:?]
11:33:07.453 [IPC Server handler 15 on default port 15004] ERROR OMAudit - user=runner | ip=127.0.0.1 | op=GET_FILE_STATUS {volume=volume54121, bucket=bucket59518, key=testBatchDelete/parent/childFolder/child3, dataSize=0, replicationConfig=null} | ret=FAILURE
org.apache.hadoop.ozone.om.exceptions.OMException: Unable to get file status: volume: volume54121 bucket: bucket59518 key: testBatchDelete/parent/childFolder/child3
	at org.apache.hadoop.ozone.om.KeyManagerImpl.getOzoneFileStatus(KeyManagerImpl.java:1195) ~[ozone-manager-1.4.0-SNAPSHOT.jar:?]
	at org.apache.hadoop.ozone.om.KeyManagerImpl.getFileStatus(KeyManagerImpl.java:1113) ~[ozone-manager-1.4.0-SNAPSHOT.jar:?]
	at org.apache.hadoop.ozone.om.OmMetadataReader.getFileStatus(OmMetadataReader.java:262) ~[ozone-manager-1.4.0-SNAPSHOT.jar:?]
	at org.apache.hadoop.ozone.om.OzoneManager.getFileStatus(OzoneManager.java:3513) ~[ozone-manager-1.4.0-SNAPSHOT.jar:?]
	at org.apache.hadoop.ozone.protocolPB.OzoneManagerRequestHandler.getOzoneFileStatus(OzoneManagerRequestHandler.java:973) ~[ozone-manager-1.4.0-SNAPSHOT.jar:?]
	at org.apache.hadoop.ozone.protocolPB.OzoneManagerRequestHandler.handleReadRequest(OzoneManagerRequestHandler.java:252) ~[ozone-manager-1.4.0-SNAPSHOT.jar:?]
	at org.apache.hadoop.ozone.protocolPB.OzoneManagerProtocolServerSideTranslatorPB.submitReadRequestToOM(OzoneManagerProtocolServerSideTranslatorPB.java:225) ~[ozone-manager-1.4.0-SNAPSHOT.jar:?]
	at org.apache.hadoop.ozone.protocolPB.OzoneManagerProtocolServerSideTranslatorPB.processRequest(OzoneManagerProtocolServerSideTranslatorPB.java:179) ~[ozone-manager-1.4.0-SNAPSHOT.jar:?]
	at org.apache.hadoop.hdds.server.OzoneProtocolMessageDispatcher.processRequest(OzoneProtocolMessageDispatcher.java:87) [hdds-server-framework-1.4.0-SNAPSHOT.jar:?]
	at org.apache.hadoop.ozone.protocolPB.OzoneManagerProtocolServerSideTranslatorPB.submitRequest(OzoneManagerProtocolServerSideTranslatorPB.java:148) [ozone-manager-1.4.0-SNAPSHOT.jar:?]
	at org.apache.hadoop.ozone.protocol.proto.OzoneManagerProtocolProtos$OzoneManagerService$2.callBlockingMethod(OzoneManagerProtocolProtos.java) [ozone-interface-client-1.4.0-SNAPSHOT.jar:?]
	at org.apache.hadoop.ipc.ProtobufRpcEngine$Server.processCall(ProtobufRpcEngine.java:484) [hadoop-common-3.3.6.jar:?]
	at org.apache.hadoop.ipc.ProtobufRpcEngine2$Server$ProtoBufRpcInvoker.call(ProtobufRpcEngine2.java:595) [hadoop-common-3.3.6.jar:?]
	at org.apache.hadoop.ipc.ProtobufRpcEngine2$Server$ProtoBufRpcInvoker.call(ProtobufRpcEngine2.java:573) [hadoop-common-3.3.6.jar:?]
	at org.apache.hadoop.ipc.RPC$Server.call(RPC.java:1227) [hadoop-common-3.3.6.jar:?]
	at org.apache.hadoop.ipc.Server$RpcCall.run(Server.java:1094) [hadoop-common-3.3.6.jar:?]
	at org.apache.hadoop.ipc.Server$RpcCall.run(Server.java:1017) [hadoop-common-3.3.6.jar:?]
	at java.security.AccessController.doPrivileged(Native Method) ~[?:1.8.0_382]
	at javax.security.auth.Subject.doAs(Subject.java:422) [?:1.8.0_382]
	at org.apache.hadoop.security.UserGroupInformation.doAs(UserGroupInformation.java:1899) [hadoop-common-3.3.6.jar:?]
	at org.apache.hadoop.ipc.Server$Handler.run(Server.java:3048) [hadoop-common-3.3.6.jar:?]
11:33:07.455 [IPC Server handler 3 on default port 15004] ERROR OMAudit - user=runner | ip=127.0.0.1 | op=GET_FILE_STATUS {volume=volume54121, bucket=bucket59518, key=testBatchDelete/parent/child4, dataSize=0, replicationConfig=null} | ret=FAILURE
org.apache.hadoop.ozone.om.exceptions.OMException: Unable to get file status: volume: volume54121 bucket: bucket59518 key: testBatchDelete/parent/child4
	at org.apache.hadoop.ozone.om.KeyManagerImpl.getOzoneFileStatus(KeyManagerImpl.java:1195) ~[ozone-manager-1.4.0-SNAPSHOT.jar:?]
	at org.apache.hadoop.ozone.om.KeyManagerImpl.getFileStatus(KeyManagerImpl.java:1113) ~[ozone-manager-1.4.0-SNAPSHOT.jar:?]
	at org.apache.hadoop.ozone.om.OmMetadataReader.getFileStatus(OmMetadataReader.java:262) ~[ozone-manager-1.4.0-SNAPSHOT.jar:?]
	at org.apache.hadoop.ozone.om.OzoneManager.getFileStatus(OzoneManager.java:3513) ~[ozone-manager-1.4.0-SNAPSHOT.jar:?]
	at org.apache.hadoop.ozone.protocolPB.OzoneManagerRequestHandler.getOzoneFileStatus(OzoneManagerRequestHandler.java:973) ~[ozone-manager-1.4.0-SNAPSHOT.jar:?]
	at org.apache.hadoop.ozone.protocolPB.OzoneManagerRequestHandler.handleReadRequest(OzoneManagerRequestHandler.java:252) ~[ozone-manager-1.4.0-SNAPSHOT.jar:?]
	at org.apache.hadoop.ozone.protocolPB.OzoneManagerProtocolServerSideTranslatorPB.submitReadRequestToOM(OzoneManagerProtocolServerSideTranslatorPB.java:225) ~[ozone-manager-1.4.0-SNAPSHOT.jar:?]
	at org.apache.hadoop.ozone.protocolPB.OzoneManagerProtocolServerSideTranslatorPB.processRequest(OzoneManagerProtocolServerSideTranslatorPB.java:179) ~[ozone-manager-1.4.0-SNAPSHOT.jar:?]
	at org.apache.hadoop.hdds.server.OzoneProtocolMessageDispatcher.processRequest(OzoneProtocolMessageDispatcher.java:87) [hdds-server-framework-1.4.0-SNAPSHOT.jar:?]
	at org.apache.hadoop.ozone.protocolPB.OzoneManagerProtocolServerSideTranslatorPB.submitRequest(OzoneManagerProtocolServerSideTranslatorPB.java:148) [ozone-manager-1.4.0-SNAPSHOT.jar:?]
	at org.apache.hadoop.ozone.protocol.proto.OzoneManagerProtocolProtos$OzoneManagerService$2.callBlockingMethod(OzoneManagerProtocolProtos.java) [ozone-interface-client-1.4.0-SNAPSHOT.jar:?]
	at org.apache.hadoop.ipc.ProtobufRpcEngine$Server.processCall(ProtobufRpcEngine.java:484) [hadoop-common-3.3.6.jar:?]
	at org.apache.hadoop.ipc.ProtobufRpcEngine2$Server$ProtoBufRpcInvoker.call(ProtobufRpcEngine2.java:595) [hadoop-common-3.3.6.jar:?]
	at org.apache.hadoop.ipc.ProtobufRpcEngine2$Server$ProtoBufRpcInvoker.call(ProtobufRpcEngine2.java:573) [hadoop-common-3.3.6.jar:?]
	at org.apache.hadoop.ipc.RPC$Server.call(RPC.java:1227) [hadoop-common-3.3.6.jar:?]
	at org.apache.hadoop.ipc.Server$RpcCall.run(Server.java:1094) [hadoop-common-3.3.6.jar:?]
	at org.apache.hadoop.ipc.Server$RpcCall.run(Server.java:1017) [hadoop-common-3.3.6.jar:?]
	at java.security.AccessController.doPrivileged(Native Method) ~[?:1.8.0_382]
	at javax.security.auth.Subject.doAs(Subject.java:422) [?:1.8.0_382]
	at org.apache.hadoop.security.UserGroupInformation.doAs(UserGroupInformation.java:1899) [hadoop-common-3.3.6.jar:?]
	at org.apache.hadoop.ipc.Server$Handler.run(Server.java:3048) [hadoop-common-3.3.6.jar:?]
11:33:07.457 [IPC Server handler 9 on default port 15004] ERROR OMAudit - user=runner | ip=127.0.0.1 | op=GET_FILE_STATUS {volume=volume54121, bucket=bucket59518, key=testBatchDelete/parent/childFolder/child4, dataSize=0, replicationConfig=null} | ret=FAILURE
org.apache.hadoop.ozone.om.exceptions.OMException: Unable to get file status: volume: volume54121 bucket: bucket59518 key: testBatchDelete/parent/childFolder/child4
	at org.apache.hadoop.ozone.om.KeyManagerImpl.getOzoneFileStatus(KeyManagerImpl.java:1195) ~[ozone-manager-1.4.0-SNAPSHOT.jar:?]
	at org.apache.hadoop.ozone.om.KeyManagerImpl.getFileStatus(KeyManagerImpl.java:1113) ~[ozone-manager-1.4.0-SNAPSHOT.jar:?]
	at org.apache.hadoop.ozone.om.OmMetadataReader.getFileStatus(OmMetadataReader.java:262) ~[ozone-manager-1.4.0-SNAPSHOT.jar:?]
	at org.apache.hadoop.ozone.om.OzoneManager.getFileStatus(OzoneManager.java:3513) ~[ozone-manager-1.4.0-SNAPSHOT.jar:?]
	at org.apache.hadoop.ozone.protocolPB.OzoneManagerRequestHandler.getOzoneFileStatus(OzoneManagerRequestHandler.java:973) ~[ozone-manager-1.4.0-SNAPSHOT.jar:?]
	at org.apache.hadoop.ozone.protocolPB.OzoneManagerRequestHandler.handleReadRequest(OzoneManagerRequestHandler.java:252) ~[ozone-manager-1.4.0-SNAPSHOT.jar:?]
	at org.apache.hadoop.ozone.protocolPB.OzoneManagerProtocolServerSideTranslatorPB.submitReadRequestToOM(OzoneManagerProtocolServerSideTranslatorPB.java:225) ~[ozone-manager-1.4.0-SNAPSHOT.jar:?]
	at org.apache.hadoop.ozone.protocolPB.OzoneManagerProtocolServerSideTranslatorPB.processRequest(OzoneManagerProtocolServerSideTranslatorPB.java:179) ~[ozone-manager-1.4.0-SNAPSHOT.jar:?]
	at org.apache.hadoop.hdds.server.OzoneProtocolMessageDispatcher.processRequest(OzoneProtocolMessageDispatcher.java:87) [hdds-server-framework-1.4.0-SNAPSHOT.jar:?]
	at org.apache.hadoop.ozone.protocolPB.OzoneManagerProtocolServerSideTranslatorPB.submitRequest(OzoneManagerProtocolServerSideTranslatorPB.java:148) [ozone-manager-1.4.0-SNAPSHOT.jar:?]
	at org.apache.hadoop.ozone.protocol.proto.OzoneManagerProtocolProtos$OzoneManagerService$2.callBlockingMethod(OzoneManagerProtocolProtos.java) [ozone-interface-client-1.4.0-SNAPSHOT.jar:?]
	at org.apache.hadoop.ipc.ProtobufRpcEngine$Server.processCall(ProtobufRpcEngine.java:484) [hadoop-common-3.3.6.jar:?]
	at org.apache.hadoop.ipc.ProtobufRpcEngine2$Server$ProtoBufRpcInvoker.call(ProtobufRpcEngine2.java:595) [hadoop-common-3.3.6.jar:?]
	at org.apache.hadoop.ipc.ProtobufRpcEngine2$Server$ProtoBufRpcInvoker.call(ProtobufRpcEngine2.java:573) [hadoop-common-3.3.6.jar:?]
	at org.apache.hadoop.ipc.RPC$Server.call(RPC.java:1227) [hadoop-common-3.3.6.jar:?]
	at org.apache.hadoop.ipc.Server$RpcCall.run(Server.java:1094) [hadoop-common-3.3.6.jar:?]
	at org.apache.hadoop.ipc.Server$RpcCall.run(Server.java:1017) [hadoop-common-3.3.6.jar:?]
	at java.security.AccessController.doPrivileged(Native Method) ~[?:1.8.0_382]
	at javax.security.auth.Subject.doAs(Subject.java:422) [?:1.8.0_382]
	at org.apache.hadoop.security.UserGroupInformation.doAs(UserGroupInformation.java:1899) [hadoop-common-3.3.6.jar:?]
	at org.apache.hadoop.ipc.Server$Handler.run(Server.java:3048) [hadoop-common-3.3.6.jar:?]
11:33:07.459 [IPC Server handler 5 on default port 15004] ERROR OMAudit - user=runner | ip=127.0.0.1 | op=GET_FILE_STATUS {volume=volume54121, bucket=bucket59518, key=testBatchDelete/parent/child5, dataSize=0, replicationConfig=null} | ret=FAILURE
org.apache.hadoop.ozone.om.exceptions.OMException: Unable to get file status: volume: volume54121 bucket: bucket59518 key: testBatchDelete/parent/child5
	at org.apache.hadoop.ozone.om.KeyManagerImpl.getOzoneFileStatus(KeyManagerImpl.java:1195) ~[ozone-manager-1.4.0-SNAPSHOT.jar:?]
	at org.apache.hadoop.ozone.om.KeyManagerImpl.getFileStatus(KeyManagerImpl.java:1113) ~[ozone-manager-1.4.0-SNAPSHOT.jar:?]
	at org.apache.hadoop.ozone.om.OmMetadataReader.getFileStatus(OmMetadataReader.java:262) ~[ozone-manager-1.4.0-SNAPSHOT.jar:?]
	at org.apache.hadoop.ozone.om.OzoneManager.getFileStatus(OzoneManager.java:3513) ~[ozone-manager-1.4.0-SNAPSHOT.jar:?]
	at org.apache.hadoop.ozone.protocolPB.OzoneManagerRequestHandler.getOzoneFileStatus(OzoneManagerRequestHandler.java:973) ~[ozone-manager-1.4.0-SNAPSHOT.jar:?]
	at org.apache.hadoop.ozone.protocolPB.OzoneManagerRequestHandler.handleReadRequest(OzoneManagerRequestHandler.java:252) ~[ozone-manager-1.4.0-SNAPSHOT.jar:?]
	at org.apache.hadoop.ozone.protocolPB.OzoneManagerProtocolServerSideTranslatorPB.submitReadRequestToOM(OzoneManagerProtocolServerSideTranslatorPB.java:225) ~[ozone-manager-1.4.0-SNAPSHOT.jar:?]
	at org.apache.hadoop.ozone.protocolPB.OzoneManagerProtocolServerSideTranslatorPB.processRequest(OzoneManagerProtocolServerSideTranslatorPB.java:179) ~[ozone-manager-1.4.0-SNAPSHOT.jar:?]
	at org.apache.hadoop.hdds.server.OzoneProtocolMessageDispatcher.processRequest(OzoneProtocolMessageDispatcher.java:87) [hdds-server-framework-1.4.0-SNAPSHOT.jar:?]
	at org.apache.hadoop.ozone.protocolPB.OzoneManagerProtocolServerSideTranslatorPB.submitRequest(OzoneManagerProtocolServerSideTranslatorPB.java:148) [ozone-manager-1.4.0-SNAPSHOT.jar:?]
	at org.apache.hadoop.ozone.protocol.proto.OzoneManagerProtocolProtos$OzoneManagerService$2.callBlockingMethod(OzoneManagerProtocolProtos.java) [ozone-interface-client-1.4.0-SNAPSHOT.jar:?]
	at org.apache.hadoop.ipc.ProtobufRpcEngine$Server.processCall(ProtobufRpcEngine.java:484) [hadoop-common-3.3.6.jar:?]
	at org.apache.hadoop.ipc.ProtobufRpcEngine2$Server$ProtoBufRpcInvoker.call(ProtobufRpcEngine2.java:595) [hadoop-common-3.3.6.jar:?]
	at org.apache.hadoop.ipc.ProtobufRpcEngine2$Server$ProtoBufRpcInvoker.call(ProtobufRpcEngine2.java:573) [hadoop-common-3.3.6.jar:?]
	at org.apache.hadoop.ipc.RPC$Server.call(RPC.java:1227) [hadoop-common-3.3.6.jar:?]
	at org.apache.hadoop.ipc.Server$RpcCall.run(Server.java:1094) [hadoop-common-3.3.6.jar:?]
	at org.apache.hadoop.ipc.Server$RpcCall.run(Server.java:1017) [hadoop-common-3.3.6.jar:?]
	at java.security.AccessController.doPrivileged(Native Method) ~[?:1.8.0_382]
	at javax.security.auth.Subject.doAs(Subject.java:422) [?:1.8.0_382]
	at org.apache.hadoop.security.UserGroupInformation.doAs(UserGroupInformation.java:1899) [hadoop-common-3.3.6.jar:?]
	at org.apache.hadoop.ipc.Server$Handler.run(Server.java:3048) [hadoop-common-3.3.6.jar:?]
11:33:07.461 [IPC Server handler 8 on default port 15004] ERROR OMAudit - user=runner | ip=127.0.0.1 | op=GET_FILE_STATUS {volume=volume54121, bucket=bucket59518, key=testBatchDelete/parent/childFolder/child5, dataSize=0, replicationConfig=null} | ret=FAILURE
org.apache.hadoop.ozone.om.exceptions.OMException: Unable to get file status: volume: volume54121 bucket: bucket59518 key: testBatchDelete/parent/childFolder/child5
	at org.apache.hadoop.ozone.om.KeyManagerImpl.getOzoneFileStatus(KeyManagerImpl.java:1195) ~[ozone-manager-1.4.0-SNAPSHOT.jar:?]
	at org.apache.hadoop.ozone.om.KeyManagerImpl.getFileStatus(KeyManagerImpl.java:1113) ~[ozone-manager-1.4.0-SNAPSHOT.jar:?]
	at org.apache.hadoop.ozone.om.OmMetadataReader.getFileStatus(OmMetadataReader.java:262) ~[ozone-manager-1.4.0-SNAPSHOT.jar:?]
	at org.apache.hadoop.ozone.om.OzoneManager.getFileStatus(OzoneManager.java:3513) ~[ozone-manager-1.4.0-SNAPSHOT.jar:?]
	at org.apache.hadoop.ozone.protocolPB.OzoneManagerRequestHandler.getOzoneFileStatus(OzoneManagerRequestHandler.java:973) ~[ozone-manager-1.4.0-SNAPSHOT.jar:?]
	at org.apache.hadoop.ozone.protocolPB.OzoneManagerRequestHandler.handleReadRequest(OzoneManagerRequestHandler.java:252) ~[ozone-manager-1.4.0-SNAPSHOT.jar:?]
	at org.apache.hadoop.ozone.protocolPB.OzoneManagerProtocolServerSideTranslatorPB.submitReadRequestToOM(OzoneManagerProtocolServerSideTranslatorPB.java:225) ~[ozone-manager-1.4.0-SNAPSHOT.jar:?]
	at org.apache.hadoop.ozone.protocolPB.OzoneManagerProtocolServerSideTranslatorPB.processRequest(OzoneManagerProtocolServerSideTranslatorPB.java:179) ~[ozone-manager-1.4.0-SNAPSHOT.jar:?]
	at org.apache.hadoop.hdds.server.OzoneProtocolMessageDispatcher.processRequest(OzoneProtocolMessageDispatcher.java:87) [hdds-server-framework-1.4.0-SNAPSHOT.jar:?]
	at org.apache.hadoop.ozone.protocolPB.OzoneManagerProtocolServerSideTranslatorPB.submitRequest(OzoneManagerProtocolServerSideTranslatorPB.java:148) [ozone-manager-1.4.0-SNAPSHOT.jar:?]
	at org.apache.hadoop.ozone.protocol.proto.OzoneManagerProtocolProtos$OzoneManagerService$2.callBlockingMethod(OzoneManagerProtocolProtos.java) [ozone-interface-client-1.4.0-SNAPSHOT.jar:?]
	at org.apache.hadoop.ipc.ProtobufRpcEngine$Server.processCall(ProtobufRpcEngine.java:484) [hadoop-common-3.3.6.jar:?]
	at org.apache.hadoop.ipc.ProtobufRpcEngine2$Server$ProtoBufRpcInvoker.call(ProtobufRpcEngine2.java:595) [hadoop-common-3.3.6.jar:?]
	at org.apache.hadoop.ipc.ProtobufRpcEngine2$Server$ProtoBufRpcInvoker.call(ProtobufRpcEngine2.java:573) [hadoop-common-3.3.6.jar:?]
	at org.apache.hadoop.ipc.RPC$Server.call(RPC.java:1227) [hadoop-common-3.3.6.jar:?]
	at org.apache.hadoop.ipc.Server$RpcCall.run(Server.java:1094) [hadoop-common-3.3.6.jar:?]
	at org.apache.hadoop.ipc.Server$RpcCall.run(Server.java:1017) [hadoop-common-3.3.6.jar:?]
	at java.security.AccessController.doPrivileged(Native Method) ~[?:1.8.0_382]
	at javax.security.auth.Subject.doAs(Subject.java:422) [?:1.8.0_382]
	at org.apache.hadoop.security.UserGroupInformation.doAs(UserGroupInformation.java:1899) [hadoop-common-3.3.6.jar:?]
	at org.apache.hadoop.ipc.Server$Handler.run(Server.java:3048) [hadoop-common-3.3.6.jar:?]
11:33:07.463 [IPC Server handler 1 on default port 15004] ERROR OMAudit - user=runner | ip=127.0.0.1 | op=GET_FILE_STATUS {volume=volume54121, bucket=bucket59518, key=testBatchDelete/parent/child6, dataSize=0, replicationConfig=null} | ret=FAILURE
org.apache.hadoop.ozone.om.exceptions.OMException: Unable to get file status: volume: volume54121 bucket: bucket59518 key: testBatchDelete/parent/child6
	at org.apache.hadoop.ozone.om.KeyManagerImpl.getOzoneFileStatus(KeyManagerImpl.java:1195) ~[ozone-manager-1.4.0-SNAPSHOT.jar:?]
	at org.apache.hadoop.ozone.om.KeyManagerImpl.getFileStatus(KeyManagerImpl.java:1113) ~[ozone-manager-1.4.0-SNAPSHOT.jar:?]
	at org.apache.hadoop.ozone.om.OmMetadataReader.getFileStatus(OmMetadataReader.java:262) ~[ozone-manager-1.4.0-SNAPSHOT.jar:?]
	at org.apache.hadoop.ozone.om.OzoneManager.getFileStatus(OzoneManager.java:3513) ~[ozone-manager-1.4.0-SNAPSHOT.jar:?]
	at org.apache.hadoop.ozone.protocolPB.OzoneManagerRequestHandler.getOzoneFileStatus(OzoneManagerRequestHandler.java:973) ~[ozone-manager-1.4.0-SNAPSHOT.jar:?]
	at org.apache.hadoop.ozone.protocolPB.OzoneManagerRequestHandler.handleReadRequest(OzoneManagerRequestHandler.java:252) ~[ozone-manager-1.4.0-SNAPSHOT.jar:?]
	at org.apache.hadoop.ozone.protocolPB.OzoneManagerProtocolServerSideTranslatorPB.submitReadRequestToOM(OzoneManagerProtocolServerSideTranslatorPB.java:225) ~[ozone-manager-1.4.0-SNAPSHOT.jar:?]
	at org.apache.hadoop.ozone.protocolPB.OzoneManagerProtocolServerSideTranslatorPB.processRequest(OzoneManagerProtocolServerSideTranslatorPB.java:179) ~[ozone-manager-1.4.0-SNAPSHOT.jar:?]
	at org.apache.hadoop.hdds.server.OzoneProtocolMessageDispatcher.processRequest(OzoneProtocolMessageDispatcher.java:87) [hdds-server-framework-1.4.0-SNAPSHOT.jar:?]
	at org.apache.hadoop.ozone.protocolPB.OzoneManagerProtocolServerSideTranslatorPB.submitRequest(OzoneManagerProtocolServerSideTranslatorPB.java:148) [ozone-manager-1.4.0-SNAPSHOT.jar:?]
	at org.apache.hadoop.ozone.protocol.proto.OzoneManagerProtocolProtos$OzoneManagerService$2.callBlockingMethod(OzoneManagerProtocolProtos.java) [ozone-interface-client-1.4.0-SNAPSHOT.jar:?]
	at org.apache.hadoop.ipc.ProtobufRpcEngine$Server.processCall(ProtobufRpcEngine.java:484) [hadoop-common-3.3.6.jar:?]
	at org.apache.hadoop.ipc.ProtobufRpcEngine2$Server$ProtoBufRpcInvoker.call(ProtobufRpcEngine2.java:595) [hadoop-common-3.3.6.jar:?]
	at org.apache.hadoop.ipc.ProtobufRpcEngine2$Server$ProtoBufRpcInvoker.call(ProtobufRpcEngine2.java:573) [hadoop-common-3.3.6.jar:?]
	at org.apache.hadoop.ipc.RPC$Server.call(RPC.java:1227) [hadoop-common-3.3.6.jar:?]
	at org.apache.hadoop.ipc.Server$RpcCall.run(Server.java:1094) [hadoop-common-3.3.6.jar:?]
	at org.apache.hadoop.ipc.Server$RpcCall.run(Server.java:1017) [hadoop-common-3.3.6.jar:?]
	at java.security.AccessController.doPrivileged(Native Method) ~[?:1.8.0_382]
	at javax.security.auth.Subject.doAs(Subject.java:422) [?:1.8.0_382]
	at org.apache.hadoop.security.UserGroupInformation.doAs(UserGroupInformation.java:1899) [hadoop-common-3.3.6.jar:?]
	at org.apache.hadoop.ipc.Server$Handler.run(Server.java:3048) [hadoop-common-3.3.6.jar:?]
11:33:07.465 [IPC Server handler 11 on default port 15004] ERROR OMAudit - user=runner | ip=127.0.0.1 | op=GET_FILE_STATUS {volume=volume54121, bucket=bucket59518, key=testBatchDelete/parent/childFolder/child6, dataSize=0, replicationConfig=null} | ret=FAILURE
org.apache.hadoop.ozone.om.exceptions.OMException: Unable to get file status: volume: volume54121 bucket: bucket59518 key: testBatchDelete/parent/childFolder/child6
	at org.apache.hadoop.ozone.om.KeyManagerImpl.getOzoneFileStatus(KeyManagerImpl.java:1195) ~[ozone-manager-1.4.0-SNAPSHOT.jar:?]
	at org.apache.hadoop.ozone.om.KeyManagerImpl.getFileStatus(KeyManagerImpl.java:1113) ~[ozone-manager-1.4.0-SNAPSHOT.jar:?]
	at org.apache.hadoop.ozone.om.OmMetadataReader.getFileStatus(OmMetadataReader.java:262) ~[ozone-manager-1.4.0-SNAPSHOT.jar:?]
	at org.apache.hadoop.ozone.om.OzoneManager.getFileStatus(OzoneManager.java:3513) ~[ozone-manager-1.4.0-SNAPSHOT.jar:?]
	at org.apache.hadoop.ozone.protocolPB.OzoneManagerRequestHandler.getOzoneFileStatus(OzoneManagerRequestHandler.java:973) ~[ozone-manager-1.4.0-SNAPSHOT.jar:?]
	at org.apache.hadoop.ozone.protocolPB.OzoneManagerRequestHandler.handleReadRequest(OzoneManagerRequestHandler.java:252) ~[ozone-manager-1.4.0-SNAPSHOT.jar:?]
	at org.apache.hadoop.ozone.protocolPB.OzoneManagerProtocolServerSideTranslatorPB.submitReadRequestToOM(OzoneManagerProtocolServerSideTranslatorPB.java:225) ~[ozone-manager-1.4.0-SNAPSHOT.jar:?]
	at org.apache.hadoop.ozone.protocolPB.OzoneManagerProtocolServerSideTranslatorPB.processRequest(OzoneManagerProtocolServerSideTranslatorPB.java:179) ~[ozone-manager-1.4.0-SNAPSHOT.jar:?]
	at org.apache.hadoop.hdds.server.OzoneProtocolMessageDispatcher.processRequest(OzoneProtocolMessageDispatcher.java:87) [hdds-server-framework-1.4.0-SNAPSHOT.jar:?]
	at org.apache.hadoop.ozone.protocolPB.OzoneManagerProtocolServerSideTranslatorPB.submitRequest(OzoneManagerProtocolServerSideTranslatorPB.java:148) [ozone-manager-1.4.0-SNAPSHOT.jar:?]
	at org.apache.hadoop.ozone.protocol.proto.OzoneManagerProtocolProtos$OzoneManagerService$2.callBlockingMethod(OzoneManagerProtocolProtos.java) [ozone-interface-client-1.4.0-SNAPSHOT.jar:?]
	at org.apache.hadoop.ipc.ProtobufRpcEngine$Server.processCall(ProtobufRpcEngine.java:484) [hadoop-common-3.3.6.jar:?]
	at org.apache.hadoop.ipc.ProtobufRpcEngine2$Server$ProtoBufRpcInvoker.call(ProtobufRpcEngine2.java:595) [hadoop-common-3.3.6.jar:?]
	at org.apache.hadoop.ipc.ProtobufRpcEngine2$Server$ProtoBufRpcInvoker.call(ProtobufRpcEngine2.java:573) [hadoop-common-3.3.6.jar:?]
	at org.apache.hadoop.ipc.RPC$Server.call(RPC.java:1227) [hadoop-common-3.3.6.jar:?]
	at org.apache.hadoop.ipc.Server$RpcCall.run(Server.java:1094) [hadoop-common-3.3.6.jar:?]
	at org.apache.hadoop.ipc.Server$RpcCall.run(Server.java:1017) [hadoop-common-3.3.6.jar:?]
	at java.security.AccessController.doPrivileged(Native Method) ~[?:1.8.0_382]
	at javax.security.auth.Subject.doAs(Subject.java:422) [?:1.8.0_382]
	at org.apache.hadoop.security.UserGroupInformation.doAs(UserGroupInformation.java:1899) [hadoop-common-3.3.6.jar:?]
	at org.apache.hadoop.ipc.Server$Handler.run(Server.java:3048) [hadoop-common-3.3.6.jar:?]
11:33:07.466 [IPC Server handler 10 on default port 15004] ERROR OMAudit - user=runner | ip=127.0.0.1 | op=GET_FILE_STATUS {volume=volume54121, bucket=bucket59518, key=testBatchDelete/parent/child7, dataSize=0, replicationConfig=null} | ret=FAILURE
org.apache.hadoop.ozone.om.exceptions.OMException: Unable to get file status: volume: volume54121 bucket: bucket59518 key: testBatchDelete/parent/child7
	at org.apache.hadoop.ozone.om.KeyManagerImpl.getOzoneFileStatus(KeyManagerImpl.java:1195) ~[ozone-manager-1.4.0-SNAPSHOT.jar:?]
	at org.apache.hadoop.ozone.om.KeyManagerImpl.getFileStatus(KeyManagerImpl.java:1113) ~[ozone-manager-1.4.0-SNAPSHOT.jar:?]
	at org.apache.hadoop.ozone.om.OmMetadataReader.getFileStatus(OmMetadataReader.java:262) ~[ozone-manager-1.4.0-SNAPSHOT.jar:?]
	at org.apache.hadoop.ozone.om.OzoneManager.getFileStatus(OzoneManager.java:3513) ~[ozone-manager-1.4.0-SNAPSHOT.jar:?]
	at org.apache.hadoop.ozone.protocolPB.OzoneManagerRequestHandler.getOzoneFileStatus(OzoneManagerRequestHandler.java:973) ~[ozone-manager-1.4.0-SNAPSHOT.jar:?]
	at org.apache.hadoop.ozone.protocolPB.OzoneManagerRequestHandler.handleReadRequest(OzoneManagerRequestHandler.java:252) ~[ozone-manager-1.4.0-SNAPSHOT.jar:?]
	at org.apache.hadoop.ozone.protocolPB.OzoneManagerProtocolServerSideTranslatorPB.submitReadRequestToOM(OzoneManagerProtocolServerSideTranslatorPB.java:225) ~[ozone-manager-1.4.0-SNAPSHOT.jar:?]
	at org.apache.hadoop.ozone.protocolPB.OzoneManagerProtocolServerSideTranslatorPB.processRequest(OzoneManagerProtocolServerSideTranslatorPB.java:179) ~[ozone-manager-1.4.0-SNAPSHOT.jar:?]
	at org.apache.hadoop.hdds.server.OzoneProtocolMessageDispatcher.processRequest(OzoneProtocolMessageDispatcher.java:87) [hdds-server-framework-1.4.0-SNAPSHOT.jar:?]
	at org.apache.hadoop.ozone.protocolPB.OzoneManagerProtocolServerSideTranslatorPB.submitRequest(OzoneManagerProtocolServerSideTranslatorPB.java:148) [ozone-manager-1.4.0-SNAPSHOT.jar:?]
	at org.apache.hadoop.ozone.protocol.proto.OzoneManagerProtocolProtos$OzoneManagerService$2.callBlockingMethod(OzoneManagerProtocolProtos.java) [ozone-interface-client-1.4.0-SNAPSHOT.jar:?]
	at org.apache.hadoop.ipc.ProtobufRpcEngine$Server.processCall(ProtobufRpcEngine.java:484) [hadoop-common-3.3.6.jar:?]
	at org.apache.hadoop.ipc.ProtobufRpcEngine2$Server$ProtoBufRpcInvoker.call(ProtobufRpcEngine2.java:595) [hadoop-common-3.3.6.jar:?]
	at org.apache.hadoop.ipc.ProtobufRpcEngine2$Server$ProtoBufRpcInvoker.call(ProtobufRpcEngine2.java:573) [hadoop-common-3.3.6.jar:?]
	at org.apache.hadoop.ipc.RPC$Server.call(RPC.java:1227) [hadoop-common-3.3.6.jar:?]
	at org.apache.hadoop.ipc.Server$RpcCall.run(Server.java:1094) [hadoop-common-3.3.6.jar:?]
	at org.apache.hadoop.ipc.Server$RpcCall.run(Server.java:1017) [hadoop-common-3.3.6.jar:?]
	at java.security.AccessController.doPrivileged(Native Method) ~[?:1.8.0_382]
	at javax.security.auth.Subject.doAs(Subject.java:422) [?:1.8.0_382]
	at org.apache.hadoop.security.UserGroupInformation.doAs(UserGroupInformation.java:1899) [hadoop-common-3.3.6.jar:?]
	at org.apache.hadoop.ipc.Server$Handler.run(Server.java:3048) [hadoop-common-3.3.6.jar:?]
11:33:07.468 [IPC Server handler 13 on default port 15004] ERROR OMAudit - user=runner | ip=127.0.0.1 | op=GET_FILE_STATUS {volume=volume54121, bucket=bucket59518, key=testBatchDelete/parent/childFolder/child7, dataSize=0, replicationConfig=null} | ret=FAILURE
org.apache.hadoop.ozone.om.exceptions.OMException: Unable to get file status: volume: volume54121 bucket: bucket59518 key: testBatchDelete/parent/childFolder/child7
	at org.apache.hadoop.ozone.om.KeyManagerImpl.getOzoneFileStatus(KeyManagerImpl.java:1195) ~[ozone-manager-1.4.0-SNAPSHOT.jar:?]
	at org.apache.hadoop.ozone.om.KeyManagerImpl.getFileStatus(KeyManagerImpl.java:1113) ~[ozone-manager-1.4.0-SNAPSHOT.jar:?]
	at org.apache.hadoop.ozone.om.OmMetadataReader.getFileStatus(OmMetadataReader.java:262) ~[ozone-manager-1.4.0-SNAPSHOT.jar:?]
	at org.apache.hadoop.ozone.om.OzoneManager.getFileStatus(OzoneManager.java:3513) ~[ozone-manager-1.4.0-SNAPSHOT.jar:?]
	at org.apache.hadoop.ozone.protocolPB.OzoneManagerRequestHandler.getOzoneFileStatus(OzoneManagerRequestHandler.java:973) ~[ozone-manager-1.4.0-SNAPSHOT.jar:?]
	at org.apache.hadoop.ozone.protocolPB.OzoneManagerRequestHandler.handleReadRequest(OzoneManagerRequestHandler.java:252) ~[ozone-manager-1.4.0-SNAPSHOT.jar:?]
	at org.apache.hadoop.ozone.protocolPB.OzoneManagerProtocolServerSideTranslatorPB.submitReadRequestToOM(OzoneManagerProtocolServerSideTranslatorPB.java:225) ~[ozone-manager-1.4.0-SNAPSHOT.jar:?]
	at org.apache.hadoop.ozone.protocolPB.OzoneManagerProtocolServerSideTranslatorPB.processRequest(OzoneManagerProtocolServerSideTranslatorPB.java:179) ~[ozone-manager-1.4.0-SNAPSHOT.jar:?]
	at org.apache.hadoop.hdds.server.OzoneProtocolMessageDispatcher.processRequest(OzoneProtocolMessageDispatcher.java:87) [hdds-server-framework-1.4.0-SNAPSHOT.jar:?]
	at org.apache.hadoop.ozone.protocolPB.OzoneManagerProtocolServerSideTranslatorPB.submitRequest(OzoneManagerProtocolServerSideTranslatorPB.java:148) [ozone-manager-1.4.0-SNAPSHOT.jar:?]
	at org.apache.hadoop.ozone.protocol.proto.OzoneManagerProtocolProtos$OzoneManagerService$2.callBlockingMethod(OzoneManagerProtocolProtos.java) [ozone-interface-client-1.4.0-SNAPSHOT.jar:?]
	at org.apache.hadoop.ipc.ProtobufRpcEngine$Server.processCall(ProtobufRpcEngine.java:484) [hadoop-common-3.3.6.jar:?]
	at org.apache.hadoop.ipc.ProtobufRpcEngine2$Server$ProtoBufRpcInvoker.call(ProtobufRpcEngine2.java:595) [hadoop-common-3.3.6.jar:?]
	at org.apache.hadoop.ipc.ProtobufRpcEngine2$Server$ProtoBufRpcInvoker.call(ProtobufRpcEngine2.java:573) [hadoop-common-3.3.6.jar:?]
	at org.apache.hadoop.ipc.RPC$Server.call(RPC.java:1227) [hadoop-common-3.3.6.jar:?]
	at org.apache.hadoop.ipc.Server$RpcCall.run(Server.java:1094) [hadoop-common-3.3.6.jar:?]
	at org.apache.hadoop.ipc.Server$RpcCall.run(Server.java:1017) [hadoop-common-3.3.6.jar:?]
	at java.security.AccessController.doPrivileged(Native Method) ~[?:1.8.0_382]
	at javax.security.auth.Subject.doAs(Subject.java:422) [?:1.8.0_382]
	at org.apache.hadoop.security.UserGroupInformation.doAs(UserGroupInformation.java:1899) [hadoop-common-3.3.6.jar:?]
	at org.apache.hadoop.ipc.Server$Handler.run(Server.java:3048) [hadoop-common-3.3.6.jar:?]
11:33:07.470 [IPC Server handler 0 on default port 15004] ERROR OMAudit - user=runner | ip=127.0.0.1 | op=GET_FILE_STATUS {volume=volume54121, bucket=bucket59518, key=testBatchDelete/parent, dataSize=0, replicationConfig=null} | ret=FAILURE
org.apache.hadoop.ozone.om.exceptions.OMException: Unable to get file status: volume: volume54121 bucket: bucket59518 key: testBatchDelete/parent
	at org.apache.hadoop.ozone.om.KeyManagerImpl.getOzoneFileStatus(KeyManagerImpl.java:1195) ~[ozone-manager-1.4.0-SNAPSHOT.jar:?]
	at org.apache.hadoop.ozone.om.KeyManagerImpl.getFileStatus(KeyManagerImpl.java:1113) ~[ozone-manager-1.4.0-SNAPSHOT.jar:?]
	at org.apache.hadoop.ozone.om.OmMetadataReader.getFileStatus(OmMetadataReader.java:262) ~[ozone-manager-1.4.0-SNAPSHOT.jar:?]
	at org.apache.hadoop.ozone.om.OzoneManager.getFileStatus(OzoneManager.java:3513) ~[ozone-manager-1.4.0-SNAPSHOT.jar:?]
	at org.apache.hadoop.ozone.protocolPB.OzoneManagerRequestHandler.getOzoneFileStatus(OzoneManagerRequestHandler.java:973) ~[ozone-manager-1.4.0-SNAPSHOT.jar:?]
	at org.apache.hadoop.ozone.protocolPB.OzoneManagerRequestHandler.handleReadRequest(OzoneManagerRequestHandler.java:252) ~[ozone-manager-1.4.0-SNAPSHOT.jar:?]
	at org.apache.hadoop.ozone.protocolPB.OzoneManagerProtocolServerSideTranslatorPB.submitReadRequestToOM(OzoneManagerProtocolServerSideTranslatorPB.java:225) ~[ozone-manager-1.4.0-SNAPSHOT.jar:?]
	at org.apache.hadoop.ozone.protocolPB.OzoneManagerProtocolServerSideTranslatorPB.processRequest(OzoneManagerProtocolServerSideTranslatorPB.java:179) ~[ozone-manager-1.4.0-SNAPSHOT.jar:?]
	at org.apache.hadoop.hdds.server.OzoneProtocolMessageDispatcher.processRequest(OzoneProtocolMessageDispatcher.java:87) [hdds-server-framework-1.4.0-SNAPSHOT.jar:?]
	at org.apache.hadoop.ozone.protocolPB.OzoneManagerProtocolServerSideTranslatorPB.submitRequest(OzoneManagerProtocolServerSideTranslatorPB.java:148) [ozone-manager-1.4.0-SNAPSHOT.jar:?]
	at org.apache.hadoop.ozone.protocol.proto.OzoneManagerProtocolProtos$OzoneManagerService$2.callBlockingMethod(OzoneManagerProtocolProtos.java) [ozone-interface-client-1.4.0-SNAPSHOT.jar:?]
	at org.apache.hadoop.ipc.ProtobufRpcEngine$Server.processCall(ProtobufRpcEngine.java:484) [hadoop-common-3.3.6.jar:?]
	at org.apache.hadoop.ipc.ProtobufRpcEngine2$Server$ProtoBufRpcInvoker.call(ProtobufRpcEngine2.java:595) [hadoop-common-3.3.6.jar:?]
	at org.apache.hadoop.ipc.ProtobufRpcEngine2$Server$ProtoBufRpcInvoker.call(ProtobufRpcEngine2.java:573) [hadoop-common-3.3.6.jar:?]
	at org.apache.hadoop.ipc.RPC$Server.call(RPC.java:1227) [hadoop-common-3.3.6.jar:?]
	at org.apache.hadoop.ipc.Server$RpcCall.run(Server.java:1094) [hadoop-common-3.3.6.jar:?]
	at org.apache.hadoop.ipc.Server$RpcCall.run(Server.java:1017) [hadoop-common-3.3.6.jar:?]
	at java.security.AccessController.doPrivileged(Native Method) ~[?:1.8.0_382]
	at javax.security.auth.Subject.doAs(Subject.java:422) [?:1.8.0_382]
	at org.apache.hadoop.security.UserGroupInformation.doAs(UserGroupInformation.java:1899) [hadoop-common-3.3.6.jar:?]
	at org.apache.hadoop.ipc.Server$Handler.run(Server.java:3048) [hadoop-common-3.3.6.jar:?]
2023-08-25 11:33:07,471 [Time-limited test] WARN  ozone.BasicOzoneFileSystem (BasicOzoneFileSystem.java:delete(595)) - delete: Path does not exist: /testBatchDelete/parent
]]></system-out>
  </testcase>
  <testcase name="testFileDelete" classname="TestOzoneFileSystem" time="0.159">
    <system-out><![CDATA[11:35:01.807 [IPC Server handler 9 on default port 15057] ERROR OMAudit - user=runner | ip=127.0.0.1 | op=GET_FILE_STATUS {volume=volume67780, bucket=bucket36604, key=testBatchDelete, dataSize=0, replicationConfig=null} | ret=FAILURE
org.apache.hadoop.ozone.om.exceptions.OMException: Unable to get file status: volume: volume67780 bucket: bucket36604 key: testBatchDelete
	at org.apache.hadoop.ozone.om.KeyManagerImpl.getOzoneFileStatus(KeyManagerImpl.java:1195) ~[ozone-manager-1.4.0-SNAPSHOT.jar:?]
	at org.apache.hadoop.ozone.om.KeyManagerImpl.getFileStatus(KeyManagerImpl.java:1113) ~[ozone-manager-1.4.0-SNAPSHOT.jar:?]
	at org.apache.hadoop.ozone.om.OmMetadataReader.getFileStatus(OmMetadataReader.java:262) ~[ozone-manager-1.4.0-SNAPSHOT.jar:?]
	at org.apache.hadoop.ozone.om.OzoneManager.getFileStatus(OzoneManager.java:3513) ~[ozone-manager-1.4.0-SNAPSHOT.jar:?]
	at org.apache.hadoop.ozone.protocolPB.OzoneManagerRequestHandler.getOzoneFileStatus(OzoneManagerRequestHandler.java:973) ~[ozone-manager-1.4.0-SNAPSHOT.jar:?]
	at org.apache.hadoop.ozone.protocolPB.OzoneManagerRequestHandler.handleReadRequest(OzoneManagerRequestHandler.java:252) ~[ozone-manager-1.4.0-SNAPSHOT.jar:?]
	at org.apache.hadoop.ozone.protocolPB.OzoneManagerProtocolServerSideTranslatorPB.submitRequestDirectlyToOM(OzoneManagerProtocolServerSideTranslatorPB.java:274) ~[ozone-manager-1.4.0-SNAPSHOT.jar:?]
	at org.apache.hadoop.ozone.protocolPB.OzoneManagerProtocolServerSideTranslatorPB.processRequest(OzoneManagerProtocolServerSideTranslatorPB.java:175) ~[ozone-manager-1.4.0-SNAPSHOT.jar:?]
	at org.apache.hadoop.hdds.server.OzoneProtocolMessageDispatcher.processRequest(OzoneProtocolMessageDispatcher.java:87) [hdds-server-framework-1.4.0-SNAPSHOT.jar:?]
	at org.apache.hadoop.ozone.protocolPB.OzoneManagerProtocolServerSideTranslatorPB.submitRequest(OzoneManagerProtocolServerSideTranslatorPB.java:148) [ozone-manager-1.4.0-SNAPSHOT.jar:?]
	at org.apache.hadoop.ozone.protocol.proto.OzoneManagerProtocolProtos$OzoneManagerService$2.callBlockingMethod(OzoneManagerProtocolProtos.java) [ozone-interface-client-1.4.0-SNAPSHOT.jar:?]
	at org.apache.hadoop.ipc.ProtobufRpcEngine$Server.processCall(ProtobufRpcEngine.java:484) [hadoop-common-3.3.6.jar:?]
	at org.apache.hadoop.ipc.ProtobufRpcEngine2$Server$ProtoBufRpcInvoker.call(ProtobufRpcEngine2.java:595) [hadoop-common-3.3.6.jar:?]
	at org.apache.hadoop.ipc.ProtobufRpcEngine2$Server$ProtoBufRpcInvoker.call(ProtobufRpcEngine2.java:573) [hadoop-common-3.3.6.jar:?]
	at org.apache.hadoop.ipc.RPC$Server.call(RPC.java:1227) [hadoop-common-3.3.6.jar:?]
	at org.apache.hadoop.ipc.Server$RpcCall.run(Server.java:1094) [hadoop-common-3.3.6.jar:?]
	at org.apache.hadoop.ipc.Server$RpcCall.run(Server.java:1017) [hadoop-common-3.3.6.jar:?]
	at java.security.AccessController.doPrivileged(Native Method) ~[?:1.8.0_382]
	at javax.security.auth.Subject.doAs(Subject.java:422) [?:1.8.0_382]
	at org.apache.hadoop.security.UserGroupInformation.doAs(UserGroupInformation.java:1899) [hadoop-common-3.3.6.jar:?]
	at org.apache.hadoop.ipc.Server$Handler.run(Server.java:3048) [hadoop-common-3.3.6.jar:?]
11:35:01.808 [IPC Server handler 0 on default port 15057] ERROR OMAudit - user=runner | ip=127.0.0.1 | op=GET_FILE_STATUS {volume=volume67780, bucket=bucket36604, key=testBatchDelete/parent/child0, dataSize=0, replicationConfig=null} | ret=FAILURE
org.apache.hadoop.ozone.om.exceptions.OMException: Unable to get file status: volume: volume67780 bucket: bucket36604 key: testBatchDelete/parent/child0
	at org.apache.hadoop.ozone.om.KeyManagerImpl.getOzoneFileStatus(KeyManagerImpl.java:1195) ~[ozone-manager-1.4.0-SNAPSHOT.jar:?]
	at org.apache.hadoop.ozone.om.KeyManagerImpl.getFileStatus(KeyManagerImpl.java:1113) ~[ozone-manager-1.4.0-SNAPSHOT.jar:?]
	at org.apache.hadoop.ozone.om.OmMetadataReader.getFileStatus(OmMetadataReader.java:262) ~[ozone-manager-1.4.0-SNAPSHOT.jar:?]
	at org.apache.hadoop.ozone.om.OzoneManager.getFileStatus(OzoneManager.java:3513) ~[ozone-manager-1.4.0-SNAPSHOT.jar:?]
	at org.apache.hadoop.ozone.protocolPB.OzoneManagerRequestHandler.getOzoneFileStatus(OzoneManagerRequestHandler.java:973) ~[ozone-manager-1.4.0-SNAPSHOT.jar:?]
	at org.apache.hadoop.ozone.protocolPB.OzoneManagerRequestHandler.handleReadRequest(OzoneManagerRequestHandler.java:252) ~[ozone-manager-1.4.0-SNAPSHOT.jar:?]
	at org.apache.hadoop.ozone.protocolPB.OzoneManagerProtocolServerSideTranslatorPB.submitRequestDirectlyToOM(OzoneManagerProtocolServerSideTranslatorPB.java:274) ~[ozone-manager-1.4.0-SNAPSHOT.jar:?]
	at org.apache.hadoop.ozone.protocolPB.OzoneManagerProtocolServerSideTranslatorPB.processRequest(OzoneManagerProtocolServerSideTranslatorPB.java:175) ~[ozone-manager-1.4.0-SNAPSHOT.jar:?]
	at org.apache.hadoop.hdds.server.OzoneProtocolMessageDispatcher.processRequest(OzoneProtocolMessageDispatcher.java:87) [hdds-server-framework-1.4.0-SNAPSHOT.jar:?]
	at org.apache.hadoop.ozone.protocolPB.OzoneManagerProtocolServerSideTranslatorPB.submitRequest(OzoneManagerProtocolServerSideTranslatorPB.java:148) [ozone-manager-1.4.0-SNAPSHOT.jar:?]
	at org.apache.hadoop.ozone.protocol.proto.OzoneManagerProtocolProtos$OzoneManagerService$2.callBlockingMethod(OzoneManagerProtocolProtos.java) [ozone-interface-client-1.4.0-SNAPSHOT.jar:?]
	at org.apache.hadoop.ipc.ProtobufRpcEngine$Server.processCall(ProtobufRpcEngine.java:484) [hadoop-common-3.3.6.jar:?]
	at org.apache.hadoop.ipc.ProtobufRpcEngine2$Server$ProtoBufRpcInvoker.call(ProtobufRpcEngine2.java:595) [hadoop-common-3.3.6.jar:?]
	at org.apache.hadoop.ipc.ProtobufRpcEngine2$Server$ProtoBufRpcInvoker.call(ProtobufRpcEngine2.java:573) [hadoop-common-3.3.6.jar:?]
	at org.apache.hadoop.ipc.RPC$Server.call(RPC.java:1227) [hadoop-common-3.3.6.jar:?]
	at org.apache.hadoop.ipc.Server$RpcCall.run(Server.java:1094) [hadoop-common-3.3.6.jar:?]
	at org.apache.hadoop.ipc.Server$RpcCall.run(Server.java:1017) [hadoop-common-3.3.6.jar:?]
	at java.security.AccessController.doPrivileged(Native Method) ~[?:1.8.0_382]
	at javax.security.auth.Subject.doAs(Subject.java:422) [?:1.8.0_382]
	at org.apache.hadoop.security.UserGroupInformation.doAs(UserGroupInformation.java:1899) [hadoop-common-3.3.6.jar:?]
	at org.apache.hadoop.ipc.Server$Handler.run(Server.java:3048) [hadoop-common-3.3.6.jar:?]
11:35:01.810 [IPC Server handler 16 on default port 15057] ERROR OMAudit - user=runner | ip=127.0.0.1 | op=GET_FILE_STATUS {volume=volume67780, bucket=bucket36604, key=testBatchDelete/parent/childFolder/child0, dataSize=0, replicationConfig=null} | ret=FAILURE
org.apache.hadoop.ozone.om.exceptions.OMException: Unable to get file status: volume: volume67780 bucket: bucket36604 key: testBatchDelete/parent/childFolder/child0
	at org.apache.hadoop.ozone.om.KeyManagerImpl.getOzoneFileStatus(KeyManagerImpl.java:1195) ~[ozone-manager-1.4.0-SNAPSHOT.jar:?]
	at org.apache.hadoop.ozone.om.KeyManagerImpl.getFileStatus(KeyManagerImpl.java:1113) ~[ozone-manager-1.4.0-SNAPSHOT.jar:?]
	at org.apache.hadoop.ozone.om.OmMetadataReader.getFileStatus(OmMetadataReader.java:262) ~[ozone-manager-1.4.0-SNAPSHOT.jar:?]
	at org.apache.hadoop.ozone.om.OzoneManager.getFileStatus(OzoneManager.java:3513) ~[ozone-manager-1.4.0-SNAPSHOT.jar:?]
	at org.apache.hadoop.ozone.protocolPB.OzoneManagerRequestHandler.getOzoneFileStatus(OzoneManagerRequestHandler.java:973) ~[ozone-manager-1.4.0-SNAPSHOT.jar:?]
	at org.apache.hadoop.ozone.protocolPB.OzoneManagerRequestHandler.handleReadRequest(OzoneManagerRequestHandler.java:252) ~[ozone-manager-1.4.0-SNAPSHOT.jar:?]
	at org.apache.hadoop.ozone.protocolPB.OzoneManagerProtocolServerSideTranslatorPB.submitRequestDirectlyToOM(OzoneManagerProtocolServerSideTranslatorPB.java:274) ~[ozone-manager-1.4.0-SNAPSHOT.jar:?]
	at org.apache.hadoop.ozone.protocolPB.OzoneManagerProtocolServerSideTranslatorPB.processRequest(OzoneManagerProtocolServerSideTranslatorPB.java:175) ~[ozone-manager-1.4.0-SNAPSHOT.jar:?]
	at org.apache.hadoop.hdds.server.OzoneProtocolMessageDispatcher.processRequest(OzoneProtocolMessageDispatcher.java:87) [hdds-server-framework-1.4.0-SNAPSHOT.jar:?]
	at org.apache.hadoop.ozone.protocolPB.OzoneManagerProtocolServerSideTranslatorPB.submitRequest(OzoneManagerProtocolServerSideTranslatorPB.java:148) [ozone-manager-1.4.0-SNAPSHOT.jar:?]
	at org.apache.hadoop.ozone.protocol.proto.OzoneManagerProtocolProtos$OzoneManagerService$2.callBlockingMethod(OzoneManagerProtocolProtos.java) [ozone-interface-client-1.4.0-SNAPSHOT.jar:?]
	at org.apache.hadoop.ipc.ProtobufRpcEngine$Server.processCall(ProtobufRpcEngine.java:484) [hadoop-common-3.3.6.jar:?]
	at org.apache.hadoop.ipc.ProtobufRpcEngine2$Server$ProtoBufRpcInvoker.call(ProtobufRpcEngine2.java:595) [hadoop-common-3.3.6.jar:?]
	at org.apache.hadoop.ipc.ProtobufRpcEngine2$Server$ProtoBufRpcInvoker.call(ProtobufRpcEngine2.java:573) [hadoop-common-3.3.6.jar:?]
	at org.apache.hadoop.ipc.RPC$Server.call(RPC.java:1227) [hadoop-common-3.3.6.jar:?]
	at org.apache.hadoop.ipc.Server$RpcCall.run(Server.java:1094) [hadoop-common-3.3.6.jar:?]
	at org.apache.hadoop.ipc.Server$RpcCall.run(Server.java:1017) [hadoop-common-3.3.6.jar:?]
	at java.security.AccessController.doPrivileged(Native Method) ~[?:1.8.0_382]
	at javax.security.auth.Subject.doAs(Subject.java:422) [?:1.8.0_382]
	at org.apache.hadoop.security.UserGroupInformation.doAs(UserGroupInformation.java:1899) [hadoop-common-3.3.6.jar:?]
	at org.apache.hadoop.ipc.Server$Handler.run(Server.java:3048) [hadoop-common-3.3.6.jar:?]
11:35:01.811 [IPC Server handler 12 on default port 15057] ERROR OMAudit - user=runner | ip=127.0.0.1 | op=GET_FILE_STATUS {volume=volume67780, bucket=bucket36604, key=testBatchDelete/parent/child1, dataSize=0, replicationConfig=null} | ret=FAILURE
org.apache.hadoop.ozone.om.exceptions.OMException: Unable to get file status: volume: volume67780 bucket: bucket36604 key: testBatchDelete/parent/child1
	at org.apache.hadoop.ozone.om.KeyManagerImpl.getOzoneFileStatus(KeyManagerImpl.java:1195) ~[ozone-manager-1.4.0-SNAPSHOT.jar:?]
	at org.apache.hadoop.ozone.om.KeyManagerImpl.getFileStatus(KeyManagerImpl.java:1113) ~[ozone-manager-1.4.0-SNAPSHOT.jar:?]
	at org.apache.hadoop.ozone.om.OmMetadataReader.getFileStatus(OmMetadataReader.java:262) ~[ozone-manager-1.4.0-SNAPSHOT.jar:?]
	at org.apache.hadoop.ozone.om.OzoneManager.getFileStatus(OzoneManager.java:3513) ~[ozone-manager-1.4.0-SNAPSHOT.jar:?]
	at org.apache.hadoop.ozone.protocolPB.OzoneManagerRequestHandler.getOzoneFileStatus(OzoneManagerRequestHandler.java:973) ~[ozone-manager-1.4.0-SNAPSHOT.jar:?]
	at org.apache.hadoop.ozone.protocolPB.OzoneManagerRequestHandler.handleReadRequest(OzoneManagerRequestHandler.java:252) ~[ozone-manager-1.4.0-SNAPSHOT.jar:?]
	at org.apache.hadoop.ozone.protocolPB.OzoneManagerProtocolServerSideTranslatorPB.submitRequestDirectlyToOM(OzoneManagerProtocolServerSideTranslatorPB.java:274) ~[ozone-manager-1.4.0-SNAPSHOT.jar:?]
	at org.apache.hadoop.ozone.protocolPB.OzoneManagerProtocolServerSideTranslatorPB.processRequest(OzoneManagerProtocolServerSideTranslatorPB.java:175) ~[ozone-manager-1.4.0-SNAPSHOT.jar:?]
	at org.apache.hadoop.hdds.server.OzoneProtocolMessageDispatcher.processRequest(OzoneProtocolMessageDispatcher.java:87) [hdds-server-framework-1.4.0-SNAPSHOT.jar:?]
	at org.apache.hadoop.ozone.protocolPB.OzoneManagerProtocolServerSideTranslatorPB.submitRequest(OzoneManagerProtocolServerSideTranslatorPB.java:148) [ozone-manager-1.4.0-SNAPSHOT.jar:?]
	at org.apache.hadoop.ozone.protocol.proto.OzoneManagerProtocolProtos$OzoneManagerService$2.callBlockingMethod(OzoneManagerProtocolProtos.java) [ozone-interface-client-1.4.0-SNAPSHOT.jar:?]
	at org.apache.hadoop.ipc.ProtobufRpcEngine$Server.processCall(ProtobufRpcEngine.java:484) [hadoop-common-3.3.6.jar:?]
	at org.apache.hadoop.ipc.ProtobufRpcEngine2$Server$ProtoBufRpcInvoker.call(ProtobufRpcEngine2.java:595) [hadoop-common-3.3.6.jar:?]
	at org.apache.hadoop.ipc.ProtobufRpcEngine2$Server$ProtoBufRpcInvoker.call(ProtobufRpcEngine2.java:573) [hadoop-common-3.3.6.jar:?]
	at org.apache.hadoop.ipc.RPC$Server.call(RPC.java:1227) [hadoop-common-3.3.6.jar:?]
	at org.apache.hadoop.ipc.Server$RpcCall.run(Server.java:1094) [hadoop-common-3.3.6.jar:?]
	at org.apache.hadoop.ipc.Server$RpcCall.run(Server.java:1017) [hadoop-common-3.3.6.jar:?]
	at java.security.AccessController.doPrivileged(Native Method) ~[?:1.8.0_382]
	at javax.security.auth.Subject.doAs(Subject.java:422) [?:1.8.0_382]
	at org.apache.hadoop.security.UserGroupInformation.doAs(UserGroupInformation.java:1899) [hadoop-common-3.3.6.jar:?]
	at org.apache.hadoop.ipc.Server$Handler.run(Server.java:3048) [hadoop-common-3.3.6.jar:?]
11:35:01.812 [IPC Server handler 11 on default port 15057] ERROR OMAudit - user=runner | ip=127.0.0.1 | op=GET_FILE_STATUS {volume=volume67780, bucket=bucket36604, key=testBatchDelete/parent/childFolder/child1, dataSize=0, replicationConfig=null} | ret=FAILURE
org.apache.hadoop.ozone.om.exceptions.OMException: Unable to get file status: volume: volume67780 bucket: bucket36604 key: testBatchDelete/parent/childFolder/child1
	at org.apache.hadoop.ozone.om.KeyManagerImpl.getOzoneFileStatus(KeyManagerImpl.java:1195) ~[ozone-manager-1.4.0-SNAPSHOT.jar:?]
	at org.apache.hadoop.ozone.om.KeyManagerImpl.getFileStatus(KeyManagerImpl.java:1113) ~[ozone-manager-1.4.0-SNAPSHOT.jar:?]
	at org.apache.hadoop.ozone.om.OmMetadataReader.getFileStatus(OmMetadataReader.java:262) ~[ozone-manager-1.4.0-SNAPSHOT.jar:?]
	at org.apache.hadoop.ozone.om.OzoneManager.getFileStatus(OzoneManager.java:3513) ~[ozone-manager-1.4.0-SNAPSHOT.jar:?]
	at org.apache.hadoop.ozone.protocolPB.OzoneManagerRequestHandler.getOzoneFileStatus(OzoneManagerRequestHandler.java:973) ~[ozone-manager-1.4.0-SNAPSHOT.jar:?]
	at org.apache.hadoop.ozone.protocolPB.OzoneManagerRequestHandler.handleReadRequest(OzoneManagerRequestHandler.java:252) ~[ozone-manager-1.4.0-SNAPSHOT.jar:?]
	at org.apache.hadoop.ozone.protocolPB.OzoneManagerProtocolServerSideTranslatorPB.submitRequestDirectlyToOM(OzoneManagerProtocolServerSideTranslatorPB.java:274) ~[ozone-manager-1.4.0-SNAPSHOT.jar:?]
	at org.apache.hadoop.ozone.protocolPB.OzoneManagerProtocolServerSideTranslatorPB.processRequest(OzoneManagerProtocolServerSideTranslatorPB.java:175) ~[ozone-manager-1.4.0-SNAPSHOT.jar:?]
	at org.apache.hadoop.hdds.server.OzoneProtocolMessageDispatcher.processRequest(OzoneProtocolMessageDispatcher.java:87) [hdds-server-framework-1.4.0-SNAPSHOT.jar:?]
	at org.apache.hadoop.ozone.protocolPB.OzoneManagerProtocolServerSideTranslatorPB.submitRequest(OzoneManagerProtocolServerSideTranslatorPB.java:148) [ozone-manager-1.4.0-SNAPSHOT.jar:?]
	at org.apache.hadoop.ozone.protocol.proto.OzoneManagerProtocolProtos$OzoneManagerService$2.callBlockingMethod(OzoneManagerProtocolProtos.java) [ozone-interface-client-1.4.0-SNAPSHOT.jar:?]
	at org.apache.hadoop.ipc.ProtobufRpcEngine$Server.processCall(ProtobufRpcEngine.java:484) [hadoop-common-3.3.6.jar:?]
	at org.apache.hadoop.ipc.ProtobufRpcEngine2$Server$ProtoBufRpcInvoker.call(ProtobufRpcEngine2.java:595) [hadoop-common-3.3.6.jar:?]
	at org.apache.hadoop.ipc.ProtobufRpcEngine2$Server$ProtoBufRpcInvoker.call(ProtobufRpcEngine2.java:573) [hadoop-common-3.3.6.jar:?]
	at org.apache.hadoop.ipc.RPC$Server.call(RPC.java:1227) [hadoop-common-3.3.6.jar:?]
	at org.apache.hadoop.ipc.Server$RpcCall.run(Server.java:1094) [hadoop-common-3.3.6.jar:?]
	at org.apache.hadoop.ipc.Server$RpcCall.run(Server.java:1017) [hadoop-common-3.3.6.jar:?]
	at java.security.AccessController.doPrivileged(Native Method) ~[?:1.8.0_382]
	at javax.security.auth.Subject.doAs(Subject.java:422) [?:1.8.0_382]
	at org.apache.hadoop.security.UserGroupInformation.doAs(UserGroupInformation.java:1899) [hadoop-common-3.3.6.jar:?]
	at org.apache.hadoop.ipc.Server$Handler.run(Server.java:3048) [hadoop-common-3.3.6.jar:?]
11:35:01.814 [IPC Server handler 10 on default port 15057] ERROR OMAudit - user=runner | ip=127.0.0.1 | op=GET_FILE_STATUS {volume=volume67780, bucket=bucket36604, key=testBatchDelete/parent/child2, dataSize=0, replicationConfig=null} | ret=FAILURE
org.apache.hadoop.ozone.om.exceptions.OMException: Unable to get file status: volume: volume67780 bucket: bucket36604 key: testBatchDelete/parent/child2
	at org.apache.hadoop.ozone.om.KeyManagerImpl.getOzoneFileStatus(KeyManagerImpl.java:1195) ~[ozone-manager-1.4.0-SNAPSHOT.jar:?]
	at org.apache.hadoop.ozone.om.KeyManagerImpl.getFileStatus(KeyManagerImpl.java:1113) ~[ozone-manager-1.4.0-SNAPSHOT.jar:?]
	at org.apache.hadoop.ozone.om.OmMetadataReader.getFileStatus(OmMetadataReader.java:262) ~[ozone-manager-1.4.0-SNAPSHOT.jar:?]
	at org.apache.hadoop.ozone.om.OzoneManager.getFileStatus(OzoneManager.java:3513) ~[ozone-manager-1.4.0-SNAPSHOT.jar:?]
	at org.apache.hadoop.ozone.protocolPB.OzoneManagerRequestHandler.getOzoneFileStatus(OzoneManagerRequestHandler.java:973) ~[ozone-manager-1.4.0-SNAPSHOT.jar:?]
	at org.apache.hadoop.ozone.protocolPB.OzoneManagerRequestHandler.handleReadRequest(OzoneManagerRequestHandler.java:252) ~[ozone-manager-1.4.0-SNAPSHOT.jar:?]
	at org.apache.hadoop.ozone.protocolPB.OzoneManagerProtocolServerSideTranslatorPB.submitRequestDirectlyToOM(OzoneManagerProtocolServerSideTranslatorPB.java:274) ~[ozone-manager-1.4.0-SNAPSHOT.jar:?]
	at org.apache.hadoop.ozone.protocolPB.OzoneManagerProtocolServerSideTranslatorPB.processRequest(OzoneManagerProtocolServerSideTranslatorPB.java:175) ~[ozone-manager-1.4.0-SNAPSHOT.jar:?]
	at org.apache.hadoop.hdds.server.OzoneProtocolMessageDispatcher.processRequest(OzoneProtocolMessageDispatcher.java:87) [hdds-server-framework-1.4.0-SNAPSHOT.jar:?]
	at org.apache.hadoop.ozone.protocolPB.OzoneManagerProtocolServerSideTranslatorPB.submitRequest(OzoneManagerProtocolServerSideTranslatorPB.java:148) [ozone-manager-1.4.0-SNAPSHOT.jar:?]
	at org.apache.hadoop.ozone.protocol.proto.OzoneManagerProtocolProtos$OzoneManagerService$2.callBlockingMethod(OzoneManagerProtocolProtos.java) [ozone-interface-client-1.4.0-SNAPSHOT.jar:?]
	at org.apache.hadoop.ipc.ProtobufRpcEngine$Server.processCall(ProtobufRpcEngine.java:484) [hadoop-common-3.3.6.jar:?]
	at org.apache.hadoop.ipc.ProtobufRpcEngine2$Server$ProtoBufRpcInvoker.call(ProtobufRpcEngine2.java:595) [hadoop-common-3.3.6.jar:?]
	at org.apache.hadoop.ipc.ProtobufRpcEngine2$Server$ProtoBufRpcInvoker.call(ProtobufRpcEngine2.java:573) [hadoop-common-3.3.6.jar:?]
	at org.apache.hadoop.ipc.RPC$Server.call(RPC.java:1227) [hadoop-common-3.3.6.jar:?]
	at org.apache.hadoop.ipc.Server$RpcCall.run(Server.java:1094) [hadoop-common-3.3.6.jar:?]
	at org.apache.hadoop.ipc.Server$RpcCall.run(Server.java:1017) [hadoop-common-3.3.6.jar:?]
	at java.security.AccessController.doPrivileged(Native Method) ~[?:1.8.0_382]
	at javax.security.auth.Subject.doAs(Subject.java:422) [?:1.8.0_382]
	at org.apache.hadoop.security.UserGroupInformation.doAs(UserGroupInformation.java:1899) [hadoop-common-3.3.6.jar:?]
	at org.apache.hadoop.ipc.Server$Handler.run(Server.java:3048) [hadoop-common-3.3.6.jar:?]
11:35:01.818 [IPC Server handler 2 on default port 15057] ERROR OMAudit - user=runner | ip=127.0.0.1 | op=GET_FILE_STATUS {volume=volume67780, bucket=bucket36604, key=testBatchDelete/parent/childFolder/child2, dataSize=0, replicationConfig=null} | ret=FAILURE
org.apache.hadoop.ozone.om.exceptions.OMException: Unable to get file status: volume: volume67780 bucket: bucket36604 key: testBatchDelete/parent/childFolder/child2
	at org.apache.hadoop.ozone.om.KeyManagerImpl.getOzoneFileStatus(KeyManagerImpl.java:1195) ~[ozone-manager-1.4.0-SNAPSHOT.jar:?]
	at org.apache.hadoop.ozone.om.KeyManagerImpl.getFileStatus(KeyManagerImpl.java:1113) ~[ozone-manager-1.4.0-SNAPSHOT.jar:?]
	at org.apache.hadoop.ozone.om.OmMetadataReader.getFileStatus(OmMetadataReader.java:262) ~[ozone-manager-1.4.0-SNAPSHOT.jar:?]
	at org.apache.hadoop.ozone.om.OzoneManager.getFileStatus(OzoneManager.java:3513) ~[ozone-manager-1.4.0-SNAPSHOT.jar:?]
	at org.apache.hadoop.ozone.protocolPB.OzoneManagerRequestHandler.getOzoneFileStatus(OzoneManagerRequestHandler.java:973) ~[ozone-manager-1.4.0-SNAPSHOT.jar:?]
	at org.apache.hadoop.ozone.protocolPB.OzoneManagerRequestHandler.handleReadRequest(OzoneManagerRequestHandler.java:252) ~[ozone-manager-1.4.0-SNAPSHOT.jar:?]
	at org.apache.hadoop.ozone.protocolPB.OzoneManagerProtocolServerSideTranslatorPB.submitRequestDirectlyToOM(OzoneManagerProtocolServerSideTranslatorPB.java:274) ~[ozone-manager-1.4.0-SNAPSHOT.jar:?]
	at org.apache.hadoop.ozone.protocolPB.OzoneManagerProtocolServerSideTranslatorPB.processRequest(OzoneManagerProtocolServerSideTranslatorPB.java:175) ~[ozone-manager-1.4.0-SNAPSHOT.jar:?]
	at org.apache.hadoop.hdds.server.OzoneProtocolMessageDispatcher.processRequest(OzoneProtocolMessageDispatcher.java:87) [hdds-server-framework-1.4.0-SNAPSHOT.jar:?]
	at org.apache.hadoop.ozone.protocolPB.OzoneManagerProtocolServerSideTranslatorPB.submitRequest(OzoneManagerProtocolServerSideTranslatorPB.java:148) [ozone-manager-1.4.0-SNAPSHOT.jar:?]
	at org.apache.hadoop.ozone.protocol.proto.OzoneManagerProtocolProtos$OzoneManagerService$2.callBlockingMethod(OzoneManagerProtocolProtos.java) [ozone-interface-client-1.4.0-SNAPSHOT.jar:?]
	at org.apache.hadoop.ipc.ProtobufRpcEngine$Server.processCall(ProtobufRpcEngine.java:484) [hadoop-common-3.3.6.jar:?]
	at org.apache.hadoop.ipc.ProtobufRpcEngine2$Server$ProtoBufRpcInvoker.call(ProtobufRpcEngine2.java:595) [hadoop-common-3.3.6.jar:?]
	at org.apache.hadoop.ipc.ProtobufRpcEngine2$Server$ProtoBufRpcInvoker.call(ProtobufRpcEngine2.java:573) [hadoop-common-3.3.6.jar:?]
	at org.apache.hadoop.ipc.RPC$Server.call(RPC.java:1227) [hadoop-common-3.3.6.jar:?]
	at org.apache.hadoop.ipc.Server$RpcCall.run(Server.java:1094) [hadoop-common-3.3.6.jar:?]
	at org.apache.hadoop.ipc.Server$RpcCall.run(Server.java:1017) [hadoop-common-3.3.6.jar:?]
	at java.security.AccessController.doPrivileged(Native Method) ~[?:1.8.0_382]
	at javax.security.auth.Subject.doAs(Subject.java:422) [?:1.8.0_382]
	at org.apache.hadoop.security.UserGroupInformation.doAs(UserGroupInformation.java:1899) [hadoop-common-3.3.6.jar:?]
	at org.apache.hadoop.ipc.Server$Handler.run(Server.java:3048) [hadoop-common-3.3.6.jar:?]
11:35:01.819 [IPC Server handler 13 on default port 15057] ERROR OMAudit - user=runner | ip=127.0.0.1 | op=GET_FILE_STATUS {volume=volume67780, bucket=bucket36604, key=testBatchDelete/parent/child3, dataSize=0, replicationConfig=null} | ret=FAILURE
org.apache.hadoop.ozone.om.exceptions.OMException: Unable to get file status: volume: volume67780 bucket: bucket36604 key: testBatchDelete/parent/child3
	at org.apache.hadoop.ozone.om.KeyManagerImpl.getOzoneFileStatus(KeyManagerImpl.java:1195) ~[ozone-manager-1.4.0-SNAPSHOT.jar:?]
	at org.apache.hadoop.ozone.om.KeyManagerImpl.getFileStatus(KeyManagerImpl.java:1113) ~[ozone-manager-1.4.0-SNAPSHOT.jar:?]
	at org.apache.hadoop.ozone.om.OmMetadataReader.getFileStatus(OmMetadataReader.java:262) ~[ozone-manager-1.4.0-SNAPSHOT.jar:?]
	at org.apache.hadoop.ozone.om.OzoneManager.getFileStatus(OzoneManager.java:3513) ~[ozone-manager-1.4.0-SNAPSHOT.jar:?]
	at org.apache.hadoop.ozone.protocolPB.OzoneManagerRequestHandler.getOzoneFileStatus(OzoneManagerRequestHandler.java:973) ~[ozone-manager-1.4.0-SNAPSHOT.jar:?]
	at org.apache.hadoop.ozone.protocolPB.OzoneManagerRequestHandler.handleReadRequest(OzoneManagerRequestHandler.java:252) ~[ozone-manager-1.4.0-SNAPSHOT.jar:?]
	at org.apache.hadoop.ozone.protocolPB.OzoneManagerProtocolServerSideTranslatorPB.submitRequestDirectlyToOM(OzoneManagerProtocolServerSideTranslatorPB.java:274) ~[ozone-manager-1.4.0-SNAPSHOT.jar:?]
	at org.apache.hadoop.ozone.protocolPB.OzoneManagerProtocolServerSideTranslatorPB.processRequest(OzoneManagerProtocolServerSideTranslatorPB.java:175) ~[ozone-manager-1.4.0-SNAPSHOT.jar:?]
	at org.apache.hadoop.hdds.server.OzoneProtocolMessageDispatcher.processRequest(OzoneProtocolMessageDispatcher.java:87) [hdds-server-framework-1.4.0-SNAPSHOT.jar:?]
	at org.apache.hadoop.ozone.protocolPB.OzoneManagerProtocolServerSideTranslatorPB.submitRequest(OzoneManagerProtocolServerSideTranslatorPB.java:148) [ozone-manager-1.4.0-SNAPSHOT.jar:?]
	at org.apache.hadoop.ozone.protocol.proto.OzoneManagerProtocolProtos$OzoneManagerService$2.callBlockingMethod(OzoneManagerProtocolProtos.java) [ozone-interface-client-1.4.0-SNAPSHOT.jar:?]
	at org.apache.hadoop.ipc.ProtobufRpcEngine$Server.processCall(ProtobufRpcEngine.java:484) [hadoop-common-3.3.6.jar:?]
	at org.apache.hadoop.ipc.ProtobufRpcEngine2$Server$ProtoBufRpcInvoker.call(ProtobufRpcEngine2.java:595) [hadoop-common-3.3.6.jar:?]
	at org.apache.hadoop.ipc.ProtobufRpcEngine2$Server$ProtoBufRpcInvoker.call(ProtobufRpcEngine2.java:573) [hadoop-common-3.3.6.jar:?]
	at org.apache.hadoop.ipc.RPC$Server.call(RPC.java:1227) [hadoop-common-3.3.6.jar:?]
	at org.apache.hadoop.ipc.Server$RpcCall.run(Server.java:1094) [hadoop-common-3.3.6.jar:?]
	at org.apache.hadoop.ipc.Server$RpcCall.run(Server.java:1017) [hadoop-common-3.3.6.jar:?]
	at java.security.AccessController.doPrivileged(Native Method) ~[?:1.8.0_382]
	at javax.security.auth.Subject.doAs(Subject.java:422) [?:1.8.0_382]
	at org.apache.hadoop.security.UserGroupInformation.doAs(UserGroupInformation.java:1899) [hadoop-common-3.3.6.jar:?]
	at org.apache.hadoop.ipc.Server$Handler.run(Server.java:3048) [hadoop-common-3.3.6.jar:?]
11:35:01.820 [IPC Server handler 17 on default port 15057] ERROR OMAudit - user=runner | ip=127.0.0.1 | op=GET_FILE_STATUS {volume=volume67780, bucket=bucket36604, key=testBatchDelete/parent/childFolder/child3, dataSize=0, replicationConfig=null} | ret=FAILURE
org.apache.hadoop.ozone.om.exceptions.OMException: Unable to get file status: volume: volume67780 bucket: bucket36604 key: testBatchDelete/parent/childFolder/child3
	at org.apache.hadoop.ozone.om.KeyManagerImpl.getOzoneFileStatus(KeyManagerImpl.java:1195) ~[ozone-manager-1.4.0-SNAPSHOT.jar:?]
	at org.apache.hadoop.ozone.om.KeyManagerImpl.getFileStatus(KeyManagerImpl.java:1113) ~[ozone-manager-1.4.0-SNAPSHOT.jar:?]
	at org.apache.hadoop.ozone.om.OmMetadataReader.getFileStatus(OmMetadataReader.java:262) ~[ozone-manager-1.4.0-SNAPSHOT.jar:?]
	at org.apache.hadoop.ozone.om.OzoneManager.getFileStatus(OzoneManager.java:3513) ~[ozone-manager-1.4.0-SNAPSHOT.jar:?]
	at org.apache.hadoop.ozone.protocolPB.OzoneManagerRequestHandler.getOzoneFileStatus(OzoneManagerRequestHandler.java:973) ~[ozone-manager-1.4.0-SNAPSHOT.jar:?]
	at org.apache.hadoop.ozone.protocolPB.OzoneManagerRequestHandler.handleReadRequest(OzoneManagerRequestHandler.java:252) ~[ozone-manager-1.4.0-SNAPSHOT.jar:?]
	at org.apache.hadoop.ozone.protocolPB.OzoneManagerProtocolServerSideTranslatorPB.submitRequestDirectlyToOM(OzoneManagerProtocolServerSideTranslatorPB.java:274) ~[ozone-manager-1.4.0-SNAPSHOT.jar:?]
	at org.apache.hadoop.ozone.protocolPB.OzoneManagerProtocolServerSideTranslatorPB.processRequest(OzoneManagerProtocolServerSideTranslatorPB.java:175) ~[ozone-manager-1.4.0-SNAPSHOT.jar:?]
	at org.apache.hadoop.hdds.server.OzoneProtocolMessageDispatcher.processRequest(OzoneProtocolMessageDispatcher.java:87) [hdds-server-framework-1.4.0-SNAPSHOT.jar:?]
	at org.apache.hadoop.ozone.protocolPB.OzoneManagerProtocolServerSideTranslatorPB.submitRequest(OzoneManagerProtocolServerSideTranslatorPB.java:148) [ozone-manager-1.4.0-SNAPSHOT.jar:?]
	at org.apache.hadoop.ozone.protocol.proto.OzoneManagerProtocolProtos$OzoneManagerService$2.callBlockingMethod(OzoneManagerProtocolProtos.java) [ozone-interface-client-1.4.0-SNAPSHOT.jar:?]
	at org.apache.hadoop.ipc.ProtobufRpcEngine$Server.processCall(ProtobufRpcEngine.java:484) [hadoop-common-3.3.6.jar:?]
	at org.apache.hadoop.ipc.ProtobufRpcEngine2$Server$ProtoBufRpcInvoker.call(ProtobufRpcEngine2.java:595) [hadoop-common-3.3.6.jar:?]
	at org.apache.hadoop.ipc.ProtobufRpcEngine2$Server$ProtoBufRpcInvoker.call(ProtobufRpcEngine2.java:573) [hadoop-common-3.3.6.jar:?]
	at org.apache.hadoop.ipc.RPC$Server.call(RPC.java:1227) [hadoop-common-3.3.6.jar:?]
	at org.apache.hadoop.ipc.Server$RpcCall.run(Server.java:1094) [hadoop-common-3.3.6.jar:?]
	at org.apache.hadoop.ipc.Server$RpcCall.run(Server.java:1017) [hadoop-common-3.3.6.jar:?]
	at java.security.AccessController.doPrivileged(Native Method) ~[?:1.8.0_382]
	at javax.security.auth.Subject.doAs(Subject.java:422) [?:1.8.0_382]
	at org.apache.hadoop.security.UserGroupInformation.doAs(UserGroupInformation.java:1899) [hadoop-common-3.3.6.jar:?]
	at org.apache.hadoop.ipc.Server$Handler.run(Server.java:3048) [hadoop-common-3.3.6.jar:?]
11:35:01.822 [IPC Server handler 18 on default port 15057] ERROR OMAudit - user=runner | ip=127.0.0.1 | op=GET_FILE_STATUS {volume=volume67780, bucket=bucket36604, key=testBatchDelete/parent/child4, dataSize=0, replicationConfig=null} | ret=FAILURE
org.apache.hadoop.ozone.om.exceptions.OMException: Unable to get file status: volume: volume67780 bucket: bucket36604 key: testBatchDelete/parent/child4
	at org.apache.hadoop.ozone.om.KeyManagerImpl.getOzoneFileStatus(KeyManagerImpl.java:1195) ~[ozone-manager-1.4.0-SNAPSHOT.jar:?]
	at org.apache.hadoop.ozone.om.KeyManagerImpl.getFileStatus(KeyManagerImpl.java:1113) ~[ozone-manager-1.4.0-SNAPSHOT.jar:?]
	at org.apache.hadoop.ozone.om.OmMetadataReader.getFileStatus(OmMetadataReader.java:262) ~[ozone-manager-1.4.0-SNAPSHOT.jar:?]
	at org.apache.hadoop.ozone.om.OzoneManager.getFileStatus(OzoneManager.java:3513) ~[ozone-manager-1.4.0-SNAPSHOT.jar:?]
	at org.apache.hadoop.ozone.protocolPB.OzoneManagerRequestHandler.getOzoneFileStatus(OzoneManagerRequestHandler.java:973) ~[ozone-manager-1.4.0-SNAPSHOT.jar:?]
	at org.apache.hadoop.ozone.protocolPB.OzoneManagerRequestHandler.handleReadRequest(OzoneManagerRequestHandler.java:252) ~[ozone-manager-1.4.0-SNAPSHOT.jar:?]
	at org.apache.hadoop.ozone.protocolPB.OzoneManagerProtocolServerSideTranslatorPB.submitRequestDirectlyToOM(OzoneManagerProtocolServerSideTranslatorPB.java:274) ~[ozone-manager-1.4.0-SNAPSHOT.jar:?]
	at org.apache.hadoop.ozone.protocolPB.OzoneManagerProtocolServerSideTranslatorPB.processRequest(OzoneManagerProtocolServerSideTranslatorPB.java:175) ~[ozone-manager-1.4.0-SNAPSHOT.jar:?]
	at org.apache.hadoop.hdds.server.OzoneProtocolMessageDispatcher.processRequest(OzoneProtocolMessageDispatcher.java:87) [hdds-server-framework-1.4.0-SNAPSHOT.jar:?]
	at org.apache.hadoop.ozone.protocolPB.OzoneManagerProtocolServerSideTranslatorPB.submitRequest(OzoneManagerProtocolServerSideTranslatorPB.java:148) [ozone-manager-1.4.0-SNAPSHOT.jar:?]
	at org.apache.hadoop.ozone.protocol.proto.OzoneManagerProtocolProtos$OzoneManagerService$2.callBlockingMethod(OzoneManagerProtocolProtos.java) [ozone-interface-client-1.4.0-SNAPSHOT.jar:?]
	at org.apache.hadoop.ipc.ProtobufRpcEngine$Server.processCall(ProtobufRpcEngine.java:484) [hadoop-common-3.3.6.jar:?]
	at org.apache.hadoop.ipc.ProtobufRpcEngine2$Server$ProtoBufRpcInvoker.call(ProtobufRpcEngine2.java:595) [hadoop-common-3.3.6.jar:?]
	at org.apache.hadoop.ipc.ProtobufRpcEngine2$Server$ProtoBufRpcInvoker.call(ProtobufRpcEngine2.java:573) [hadoop-common-3.3.6.jar:?]
	at org.apache.hadoop.ipc.RPC$Server.call(RPC.java:1227) [hadoop-common-3.3.6.jar:?]
	at org.apache.hadoop.ipc.Server$RpcCall.run(Server.java:1094) [hadoop-common-3.3.6.jar:?]
	at org.apache.hadoop.ipc.Server$RpcCall.run(Server.java:1017) [hadoop-common-3.3.6.jar:?]
	at java.security.AccessController.doPrivileged(Native Method) ~[?:1.8.0_382]
	at javax.security.auth.Subject.doAs(Subject.java:422) [?:1.8.0_382]
	at org.apache.hadoop.security.UserGroupInformation.doAs(UserGroupInformation.java:1899) [hadoop-common-3.3.6.jar:?]
	at org.apache.hadoop.ipc.Server$Handler.run(Server.java:3048) [hadoop-common-3.3.6.jar:?]
11:35:01.823 [IPC Server handler 19 on default port 15057] ERROR OMAudit - user=runner | ip=127.0.0.1 | op=GET_FILE_STATUS {volume=volume67780, bucket=bucket36604, key=testBatchDelete/parent/childFolder/child4, dataSize=0, replicationConfig=null} | ret=FAILURE
org.apache.hadoop.ozone.om.exceptions.OMException: Unable to get file status: volume: volume67780 bucket: bucket36604 key: testBatchDelete/parent/childFolder/child4
	at org.apache.hadoop.ozone.om.KeyManagerImpl.getOzoneFileStatus(KeyManagerImpl.java:1195) ~[ozone-manager-1.4.0-SNAPSHOT.jar:?]
	at org.apache.hadoop.ozone.om.KeyManagerImpl.getFileStatus(KeyManagerImpl.java:1113) ~[ozone-manager-1.4.0-SNAPSHOT.jar:?]
	at org.apache.hadoop.ozone.om.OmMetadataReader.getFileStatus(OmMetadataReader.java:262) ~[ozone-manager-1.4.0-SNAPSHOT.jar:?]
	at org.apache.hadoop.ozone.om.OzoneManager.getFileStatus(OzoneManager.java:3513) ~[ozone-manager-1.4.0-SNAPSHOT.jar:?]
	at org.apache.hadoop.ozone.protocolPB.OzoneManagerRequestHandler.getOzoneFileStatus(OzoneManagerRequestHandler.java:973) ~[ozone-manager-1.4.0-SNAPSHOT.jar:?]
	at org.apache.hadoop.ozone.protocolPB.OzoneManagerRequestHandler.handleReadRequest(OzoneManagerRequestHandler.java:252) ~[ozone-manager-1.4.0-SNAPSHOT.jar:?]
	at org.apache.hadoop.ozone.protocolPB.OzoneManagerProtocolServerSideTranslatorPB.submitRequestDirectlyToOM(OzoneManagerProtocolServerSideTranslatorPB.java:274) ~[ozone-manager-1.4.0-SNAPSHOT.jar:?]
	at org.apache.hadoop.ozone.protocolPB.OzoneManagerProtocolServerSideTranslatorPB.processRequest(OzoneManagerProtocolServerSideTranslatorPB.java:175) ~[ozone-manager-1.4.0-SNAPSHOT.jar:?]
	at org.apache.hadoop.hdds.server.OzoneProtocolMessageDispatcher.processRequest(OzoneProtocolMessageDispatcher.java:87) [hdds-server-framework-1.4.0-SNAPSHOT.jar:?]
	at org.apache.hadoop.ozone.protocolPB.OzoneManagerProtocolServerSideTranslatorPB.submitRequest(OzoneManagerProtocolServerSideTranslatorPB.java:148) [ozone-manager-1.4.0-SNAPSHOT.jar:?]
	at org.apache.hadoop.ozone.protocol.proto.OzoneManagerProtocolProtos$OzoneManagerService$2.callBlockingMethod(OzoneManagerProtocolProtos.java) [ozone-interface-client-1.4.0-SNAPSHOT.jar:?]
	at org.apache.hadoop.ipc.ProtobufRpcEngine$Server.processCall(ProtobufRpcEngine.java:484) [hadoop-common-3.3.6.jar:?]
	at org.apache.hadoop.ipc.ProtobufRpcEngine2$Server$ProtoBufRpcInvoker.call(ProtobufRpcEngine2.java:595) [hadoop-common-3.3.6.jar:?]
	at org.apache.hadoop.ipc.ProtobufRpcEngine2$Server$ProtoBufRpcInvoker.call(ProtobufRpcEngine2.java:573) [hadoop-common-3.3.6.jar:?]
	at org.apache.hadoop.ipc.RPC$Server.call(RPC.java:1227) [hadoop-common-3.3.6.jar:?]
	at org.apache.hadoop.ipc.Server$RpcCall.run(Server.java:1094) [hadoop-common-3.3.6.jar:?]
	at org.apache.hadoop.ipc.Server$RpcCall.run(Server.java:1017) [hadoop-common-3.3.6.jar:?]
	at java.security.AccessController.doPrivileged(Native Method) ~[?:1.8.0_382]
	at javax.security.auth.Subject.doAs(Subject.java:422) [?:1.8.0_382]
	at org.apache.hadoop.security.UserGroupInformation.doAs(UserGroupInformation.java:1899) [hadoop-common-3.3.6.jar:?]
	at org.apache.hadoop.ipc.Server$Handler.run(Server.java:3048) [hadoop-common-3.3.6.jar:?]
11:35:01.824 [IPC Server handler 1 on default port 15057] ERROR OMAudit - user=runner | ip=127.0.0.1 | op=GET_FILE_STATUS {volume=volume67780, bucket=bucket36604, key=testBatchDelete/parent/child5, dataSize=0, replicationConfig=null} | ret=FAILURE
org.apache.hadoop.ozone.om.exceptions.OMException: Unable to get file status: volume: volume67780 bucket: bucket36604 key: testBatchDelete/parent/child5
	at org.apache.hadoop.ozone.om.KeyManagerImpl.getOzoneFileStatus(KeyManagerImpl.java:1195) ~[ozone-manager-1.4.0-SNAPSHOT.jar:?]
	at org.apache.hadoop.ozone.om.KeyManagerImpl.getFileStatus(KeyManagerImpl.java:1113) ~[ozone-manager-1.4.0-SNAPSHOT.jar:?]
	at org.apache.hadoop.ozone.om.OmMetadataReader.getFileStatus(OmMetadataReader.java:262) ~[ozone-manager-1.4.0-SNAPSHOT.jar:?]
	at org.apache.hadoop.ozone.om.OzoneManager.getFileStatus(OzoneManager.java:3513) ~[ozone-manager-1.4.0-SNAPSHOT.jar:?]
	at org.apache.hadoop.ozone.protocolPB.OzoneManagerRequestHandler.getOzoneFileStatus(OzoneManagerRequestHandler.java:973) ~[ozone-manager-1.4.0-SNAPSHOT.jar:?]
	at org.apache.hadoop.ozone.protocolPB.OzoneManagerRequestHandler.handleReadRequest(OzoneManagerRequestHandler.java:252) ~[ozone-manager-1.4.0-SNAPSHOT.jar:?]
	at org.apache.hadoop.ozone.protocolPB.OzoneManagerProtocolServerSideTranslatorPB.submitRequestDirectlyToOM(OzoneManagerProtocolServerSideTranslatorPB.java:274) ~[ozone-manager-1.4.0-SNAPSHOT.jar:?]
	at org.apache.hadoop.ozone.protocolPB.OzoneManagerProtocolServerSideTranslatorPB.processRequest(OzoneManagerProtocolServerSideTranslatorPB.java:175) ~[ozone-manager-1.4.0-SNAPSHOT.jar:?]
	at org.apache.hadoop.hdds.server.OzoneProtocolMessageDispatcher.processRequest(OzoneProtocolMessageDispatcher.java:87) [hdds-server-framework-1.4.0-SNAPSHOT.jar:?]
	at org.apache.hadoop.ozone.protocolPB.OzoneManagerProtocolServerSideTranslatorPB.submitRequest(OzoneManagerProtocolServerSideTranslatorPB.java:148) [ozone-manager-1.4.0-SNAPSHOT.jar:?]
	at org.apache.hadoop.ozone.protocol.proto.OzoneManagerProtocolProtos$OzoneManagerService$2.callBlockingMethod(OzoneManagerProtocolProtos.java) [ozone-interface-client-1.4.0-SNAPSHOT.jar:?]
	at org.apache.hadoop.ipc.ProtobufRpcEngine$Server.processCall(ProtobufRpcEngine.java:484) [hadoop-common-3.3.6.jar:?]
	at org.apache.hadoop.ipc.ProtobufRpcEngine2$Server$ProtoBufRpcInvoker.call(ProtobufRpcEngine2.java:595) [hadoop-common-3.3.6.jar:?]
	at org.apache.hadoop.ipc.ProtobufRpcEngine2$Server$ProtoBufRpcInvoker.call(ProtobufRpcEngine2.java:573) [hadoop-common-3.3.6.jar:?]
	at org.apache.hadoop.ipc.RPC$Server.call(RPC.java:1227) [hadoop-common-3.3.6.jar:?]
	at org.apache.hadoop.ipc.Server$RpcCall.run(Server.java:1094) [hadoop-common-3.3.6.jar:?]
	at org.apache.hadoop.ipc.Server$RpcCall.run(Server.java:1017) [hadoop-common-3.3.6.jar:?]
	at java.security.AccessController.doPrivileged(Native Method) ~[?:1.8.0_382]
	at javax.security.auth.Subject.doAs(Subject.java:422) [?:1.8.0_382]
	at org.apache.hadoop.security.UserGroupInformation.doAs(UserGroupInformation.java:1899) [hadoop-common-3.3.6.jar:?]
	at org.apache.hadoop.ipc.Server$Handler.run(Server.java:3048) [hadoop-common-3.3.6.jar:?]
11:35:01.825 [IPC Server handler 7 on default port 15057] ERROR OMAudit - user=runner | ip=127.0.0.1 | op=GET_FILE_STATUS {volume=volume67780, bucket=bucket36604, key=testBatchDelete/parent/childFolder/child5, dataSize=0, replicationConfig=null} | ret=FAILURE
org.apache.hadoop.ozone.om.exceptions.OMException: Unable to get file status: volume: volume67780 bucket: bucket36604 key: testBatchDelete/parent/childFolder/child5
	at org.apache.hadoop.ozone.om.KeyManagerImpl.getOzoneFileStatus(KeyManagerImpl.java:1195) ~[ozone-manager-1.4.0-SNAPSHOT.jar:?]
	at org.apache.hadoop.ozone.om.KeyManagerImpl.getFileStatus(KeyManagerImpl.java:1113) ~[ozone-manager-1.4.0-SNAPSHOT.jar:?]
	at org.apache.hadoop.ozone.om.OmMetadataReader.getFileStatus(OmMetadataReader.java:262) ~[ozone-manager-1.4.0-SNAPSHOT.jar:?]
	at org.apache.hadoop.ozone.om.OzoneManager.getFileStatus(OzoneManager.java:3513) ~[ozone-manager-1.4.0-SNAPSHOT.jar:?]
	at org.apache.hadoop.ozone.protocolPB.OzoneManagerRequestHandler.getOzoneFileStatus(OzoneManagerRequestHandler.java:973) ~[ozone-manager-1.4.0-SNAPSHOT.jar:?]
	at org.apache.hadoop.ozone.protocolPB.OzoneManagerRequestHandler.handleReadRequest(OzoneManagerRequestHandler.java:252) ~[ozone-manager-1.4.0-SNAPSHOT.jar:?]
	at org.apache.hadoop.ozone.protocolPB.OzoneManagerProtocolServerSideTranslatorPB.submitRequestDirectlyToOM(OzoneManagerProtocolServerSideTranslatorPB.java:274) ~[ozone-manager-1.4.0-SNAPSHOT.jar:?]
	at org.apache.hadoop.ozone.protocolPB.OzoneManagerProtocolServerSideTranslatorPB.processRequest(OzoneManagerProtocolServerSideTranslatorPB.java:175) ~[ozone-manager-1.4.0-SNAPSHOT.jar:?]
	at org.apache.hadoop.hdds.server.OzoneProtocolMessageDispatcher.processRequest(OzoneProtocolMessageDispatcher.java:87) [hdds-server-framework-1.4.0-SNAPSHOT.jar:?]
	at org.apache.hadoop.ozone.protocolPB.OzoneManagerProtocolServerSideTranslatorPB.submitRequest(OzoneManagerProtocolServerSideTranslatorPB.java:148) [ozone-manager-1.4.0-SNAPSHOT.jar:?]
	at org.apache.hadoop.ozone.protocol.proto.OzoneManagerProtocolProtos$OzoneManagerService$2.callBlockingMethod(OzoneManagerProtocolProtos.java) [ozone-interface-client-1.4.0-SNAPSHOT.jar:?]
	at org.apache.hadoop.ipc.ProtobufRpcEngine$Server.processCall(ProtobufRpcEngine.java:484) [hadoop-common-3.3.6.jar:?]
	at org.apache.hadoop.ipc.ProtobufRpcEngine2$Server$ProtoBufRpcInvoker.call(ProtobufRpcEngine2.java:595) [hadoop-common-3.3.6.jar:?]
	at org.apache.hadoop.ipc.ProtobufRpcEngine2$Server$ProtoBufRpcInvoker.call(ProtobufRpcEngine2.java:573) [hadoop-common-3.3.6.jar:?]
	at org.apache.hadoop.ipc.RPC$Server.call(RPC.java:1227) [hadoop-common-3.3.6.jar:?]
	at org.apache.hadoop.ipc.Server$RpcCall.run(Server.java:1094) [hadoop-common-3.3.6.jar:?]
	at org.apache.hadoop.ipc.Server$RpcCall.run(Server.java:1017) [hadoop-common-3.3.6.jar:?]
	at java.security.AccessController.doPrivileged(Native Method) ~[?:1.8.0_382]
	at javax.security.auth.Subject.doAs(Subject.java:422) [?:1.8.0_382]
	at org.apache.hadoop.security.UserGroupInformation.doAs(UserGroupInformation.java:1899) [hadoop-common-3.3.6.jar:?]
	at org.apache.hadoop.ipc.Server$Handler.run(Server.java:3048) [hadoop-common-3.3.6.jar:?]
11:35:01.826 [IPC Server handler 8 on default port 15057] ERROR OMAudit - user=runner | ip=127.0.0.1 | op=GET_FILE_STATUS {volume=volume67780, bucket=bucket36604, key=testBatchDelete/parent/child6, dataSize=0, replicationConfig=null} | ret=FAILURE
org.apache.hadoop.ozone.om.exceptions.OMException: Unable to get file status: volume: volume67780 bucket: bucket36604 key: testBatchDelete/parent/child6
	at org.apache.hadoop.ozone.om.KeyManagerImpl.getOzoneFileStatus(KeyManagerImpl.java:1195) ~[ozone-manager-1.4.0-SNAPSHOT.jar:?]
	at org.apache.hadoop.ozone.om.KeyManagerImpl.getFileStatus(KeyManagerImpl.java:1113) ~[ozone-manager-1.4.0-SNAPSHOT.jar:?]
	at org.apache.hadoop.ozone.om.OmMetadataReader.getFileStatus(OmMetadataReader.java:262) ~[ozone-manager-1.4.0-SNAPSHOT.jar:?]
	at org.apache.hadoop.ozone.om.OzoneManager.getFileStatus(OzoneManager.java:3513) ~[ozone-manager-1.4.0-SNAPSHOT.jar:?]
	at org.apache.hadoop.ozone.protocolPB.OzoneManagerRequestHandler.getOzoneFileStatus(OzoneManagerRequestHandler.java:973) ~[ozone-manager-1.4.0-SNAPSHOT.jar:?]
	at org.apache.hadoop.ozone.protocolPB.OzoneManagerRequestHandler.handleReadRequest(OzoneManagerRequestHandler.java:252) ~[ozone-manager-1.4.0-SNAPSHOT.jar:?]
	at org.apache.hadoop.ozone.protocolPB.OzoneManagerProtocolServerSideTranslatorPB.submitRequestDirectlyToOM(OzoneManagerProtocolServerSideTranslatorPB.java:274) ~[ozone-manager-1.4.0-SNAPSHOT.jar:?]
	at org.apache.hadoop.ozone.protocolPB.OzoneManagerProtocolServerSideTranslatorPB.processRequest(OzoneManagerProtocolServerSideTranslatorPB.java:175) ~[ozone-manager-1.4.0-SNAPSHOT.jar:?]
	at org.apache.hadoop.hdds.server.OzoneProtocolMessageDispatcher.processRequest(OzoneProtocolMessageDispatcher.java:87) [hdds-server-framework-1.4.0-SNAPSHOT.jar:?]
	at org.apache.hadoop.ozone.protocolPB.OzoneManagerProtocolServerSideTranslatorPB.submitRequest(OzoneManagerProtocolServerSideTranslatorPB.java:148) [ozone-manager-1.4.0-SNAPSHOT.jar:?]
	at org.apache.hadoop.ozone.protocol.proto.OzoneManagerProtocolProtos$OzoneManagerService$2.callBlockingMethod(OzoneManagerProtocolProtos.java) [ozone-interface-client-1.4.0-SNAPSHOT.jar:?]
	at org.apache.hadoop.ipc.ProtobufRpcEngine$Server.processCall(ProtobufRpcEngine.java:484) [hadoop-common-3.3.6.jar:?]
	at org.apache.hadoop.ipc.ProtobufRpcEngine2$Server$ProtoBufRpcInvoker.call(ProtobufRpcEngine2.java:595) [hadoop-common-3.3.6.jar:?]
	at org.apache.hadoop.ipc.ProtobufRpcEngine2$Server$ProtoBufRpcInvoker.call(ProtobufRpcEngine2.java:573) [hadoop-common-3.3.6.jar:?]
	at org.apache.hadoop.ipc.RPC$Server.call(RPC.java:1227) [hadoop-common-3.3.6.jar:?]
	at org.apache.hadoop.ipc.Server$RpcCall.run(Server.java:1094) [hadoop-common-3.3.6.jar:?]
	at org.apache.hadoop.ipc.Server$RpcCall.run(Server.java:1017) [hadoop-common-3.3.6.jar:?]
	at java.security.AccessController.doPrivileged(Native Method) ~[?:1.8.0_382]
	at javax.security.auth.Subject.doAs(Subject.java:422) [?:1.8.0_382]
	at org.apache.hadoop.security.UserGroupInformation.doAs(UserGroupInformation.java:1899) [hadoop-common-3.3.6.jar:?]
	at org.apache.hadoop.ipc.Server$Handler.run(Server.java:3048) [hadoop-common-3.3.6.jar:?]
11:35:01.828 [IPC Server handler 4 on default port 15057] ERROR OMAudit - user=runner | ip=127.0.0.1 | op=GET_FILE_STATUS {volume=volume67780, bucket=bucket36604, key=testBatchDelete/parent/childFolder/child6, dataSize=0, replicationConfig=null} | ret=FAILURE
org.apache.hadoop.ozone.om.exceptions.OMException: Unable to get file status: volume: volume67780 bucket: bucket36604 key: testBatchDelete/parent/childFolder/child6
	at org.apache.hadoop.ozone.om.KeyManagerImpl.getOzoneFileStatus(KeyManagerImpl.java:1195) ~[ozone-manager-1.4.0-SNAPSHOT.jar:?]
	at org.apache.hadoop.ozone.om.KeyManagerImpl.getFileStatus(KeyManagerImpl.java:1113) ~[ozone-manager-1.4.0-SNAPSHOT.jar:?]
	at org.apache.hadoop.ozone.om.OmMetadataReader.getFileStatus(OmMetadataReader.java:262) ~[ozone-manager-1.4.0-SNAPSHOT.jar:?]
	at org.apache.hadoop.ozone.om.OzoneManager.getFileStatus(OzoneManager.java:3513) ~[ozone-manager-1.4.0-SNAPSHOT.jar:?]
	at org.apache.hadoop.ozone.protocolPB.OzoneManagerRequestHandler.getOzoneFileStatus(OzoneManagerRequestHandler.java:973) ~[ozone-manager-1.4.0-SNAPSHOT.jar:?]
	at org.apache.hadoop.ozone.protocolPB.OzoneManagerRequestHandler.handleReadRequest(OzoneManagerRequestHandler.java:252) ~[ozone-manager-1.4.0-SNAPSHOT.jar:?]
	at org.apache.hadoop.ozone.protocolPB.OzoneManagerProtocolServerSideTranslatorPB.submitRequestDirectlyToOM(OzoneManagerProtocolServerSideTranslatorPB.java:274) ~[ozone-manager-1.4.0-SNAPSHOT.jar:?]
	at org.apache.hadoop.ozone.protocolPB.OzoneManagerProtocolServerSideTranslatorPB.processRequest(OzoneManagerProtocolServerSideTranslatorPB.java:175) ~[ozone-manager-1.4.0-SNAPSHOT.jar:?]
	at org.apache.hadoop.hdds.server.OzoneProtocolMessageDispatcher.processRequest(OzoneProtocolMessageDispatcher.java:87) [hdds-server-framework-1.4.0-SNAPSHOT.jar:?]
	at org.apache.hadoop.ozone.protocolPB.OzoneManagerProtocolServerSideTranslatorPB.submitRequest(OzoneManagerProtocolServerSideTranslatorPB.java:148) [ozone-manager-1.4.0-SNAPSHOT.jar:?]
	at org.apache.hadoop.ozone.protocol.proto.OzoneManagerProtocolProtos$OzoneManagerService$2.callBlockingMethod(OzoneManagerProtocolProtos.java) [ozone-interface-client-1.4.0-SNAPSHOT.jar:?]
	at org.apache.hadoop.ipc.ProtobufRpcEngine$Server.processCall(ProtobufRpcEngine.java:484) [hadoop-common-3.3.6.jar:?]
	at org.apache.hadoop.ipc.ProtobufRpcEngine2$Server$ProtoBufRpcInvoker.call(ProtobufRpcEngine2.java:595) [hadoop-common-3.3.6.jar:?]
	at org.apache.hadoop.ipc.ProtobufRpcEngine2$Server$ProtoBufRpcInvoker.call(ProtobufRpcEngine2.java:573) [hadoop-common-3.3.6.jar:?]
	at org.apache.hadoop.ipc.RPC$Server.call(RPC.java:1227) [hadoop-common-3.3.6.jar:?]
	at org.apache.hadoop.ipc.Server$RpcCall.run(Server.java:1094) [hadoop-common-3.3.6.jar:?]
	at org.apache.hadoop.ipc.Server$RpcCall.run(Server.java:1017) [hadoop-common-3.3.6.jar:?]
	at java.security.AccessController.doPrivileged(Native Method) ~[?:1.8.0_382]
	at javax.security.auth.Subject.doAs(Subject.java:422) [?:1.8.0_382]
	at org.apache.hadoop.security.UserGroupInformation.doAs(UserGroupInformation.java:1899) [hadoop-common-3.3.6.jar:?]
	at org.apache.hadoop.ipc.Server$Handler.run(Server.java:3048) [hadoop-common-3.3.6.jar:?]
11:35:01.829 [IPC Server handler 5 on default port 15057] ERROR OMAudit - user=runner | ip=127.0.0.1 | op=GET_FILE_STATUS {volume=volume67780, bucket=bucket36604, key=testBatchDelete/parent/child7, dataSize=0, replicationConfig=null} | ret=FAILURE
org.apache.hadoop.ozone.om.exceptions.OMException: Unable to get file status: volume: volume67780 bucket: bucket36604 key: testBatchDelete/parent/child7
	at org.apache.hadoop.ozone.om.KeyManagerImpl.getOzoneFileStatus(KeyManagerImpl.java:1195) ~[ozone-manager-1.4.0-SNAPSHOT.jar:?]
	at org.apache.hadoop.ozone.om.KeyManagerImpl.getFileStatus(KeyManagerImpl.java:1113) ~[ozone-manager-1.4.0-SNAPSHOT.jar:?]
	at org.apache.hadoop.ozone.om.OmMetadataReader.getFileStatus(OmMetadataReader.java:262) ~[ozone-manager-1.4.0-SNAPSHOT.jar:?]
	at org.apache.hadoop.ozone.om.OzoneManager.getFileStatus(OzoneManager.java:3513) ~[ozone-manager-1.4.0-SNAPSHOT.jar:?]
	at org.apache.hadoop.ozone.protocolPB.OzoneManagerRequestHandler.getOzoneFileStatus(OzoneManagerRequestHandler.java:973) ~[ozone-manager-1.4.0-SNAPSHOT.jar:?]
	at org.apache.hadoop.ozone.protocolPB.OzoneManagerRequestHandler.handleReadRequest(OzoneManagerRequestHandler.java:252) ~[ozone-manager-1.4.0-SNAPSHOT.jar:?]
	at org.apache.hadoop.ozone.protocolPB.OzoneManagerProtocolServerSideTranslatorPB.submitRequestDirectlyToOM(OzoneManagerProtocolServerSideTranslatorPB.java:274) ~[ozone-manager-1.4.0-SNAPSHOT.jar:?]
	at org.apache.hadoop.ozone.protocolPB.OzoneManagerProtocolServerSideTranslatorPB.processRequest(OzoneManagerProtocolServerSideTranslatorPB.java:175) ~[ozone-manager-1.4.0-SNAPSHOT.jar:?]
	at org.apache.hadoop.hdds.server.OzoneProtocolMessageDispatcher.processRequest(OzoneProtocolMessageDispatcher.java:87) [hdds-server-framework-1.4.0-SNAPSHOT.jar:?]
	at org.apache.hadoop.ozone.protocolPB.OzoneManagerProtocolServerSideTranslatorPB.submitRequest(OzoneManagerProtocolServerSideTranslatorPB.java:148) [ozone-manager-1.4.0-SNAPSHOT.jar:?]
	at org.apache.hadoop.ozone.protocol.proto.OzoneManagerProtocolProtos$OzoneManagerService$2.callBlockingMethod(OzoneManagerProtocolProtos.java) [ozone-interface-client-1.4.0-SNAPSHOT.jar:?]
	at org.apache.hadoop.ipc.ProtobufRpcEngine$Server.processCall(ProtobufRpcEngine.java:484) [hadoop-common-3.3.6.jar:?]
	at org.apache.hadoop.ipc.ProtobufRpcEngine2$Server$ProtoBufRpcInvoker.call(ProtobufRpcEngine2.java:595) [hadoop-common-3.3.6.jar:?]
	at org.apache.hadoop.ipc.ProtobufRpcEngine2$Server$ProtoBufRpcInvoker.call(ProtobufRpcEngine2.java:573) [hadoop-common-3.3.6.jar:?]
	at org.apache.hadoop.ipc.RPC$Server.call(RPC.java:1227) [hadoop-common-3.3.6.jar:?]
	at org.apache.hadoop.ipc.Server$RpcCall.run(Server.java:1094) [hadoop-common-3.3.6.jar:?]
	at org.apache.hadoop.ipc.Server$RpcCall.run(Server.java:1017) [hadoop-common-3.3.6.jar:?]
	at java.security.AccessController.doPrivileged(Native Method) ~[?:1.8.0_382]
	at javax.security.auth.Subject.doAs(Subject.java:422) [?:1.8.0_382]
	at org.apache.hadoop.security.UserGroupInformation.doAs(UserGroupInformation.java:1899) [hadoop-common-3.3.6.jar:?]
	at org.apache.hadoop.ipc.Server$Handler.run(Server.java:3048) [hadoop-common-3.3.6.jar:?]
11:35:01.831 [IPC Server handler 3 on default port 15057] ERROR OMAudit - user=runner | ip=127.0.0.1 | op=GET_FILE_STATUS {volume=volume67780, bucket=bucket36604, key=testBatchDelete/parent/childFolder/child7, dataSize=0, replicationConfig=null} | ret=FAILURE
org.apache.hadoop.ozone.om.exceptions.OMException: Unable to get file status: volume: volume67780 bucket: bucket36604 key: testBatchDelete/parent/childFolder/child7
	at org.apache.hadoop.ozone.om.KeyManagerImpl.getOzoneFileStatus(KeyManagerImpl.java:1195) ~[ozone-manager-1.4.0-SNAPSHOT.jar:?]
	at org.apache.hadoop.ozone.om.KeyManagerImpl.getFileStatus(KeyManagerImpl.java:1113) ~[ozone-manager-1.4.0-SNAPSHOT.jar:?]
	at org.apache.hadoop.ozone.om.OmMetadataReader.getFileStatus(OmMetadataReader.java:262) ~[ozone-manager-1.4.0-SNAPSHOT.jar:?]
	at org.apache.hadoop.ozone.om.OzoneManager.getFileStatus(OzoneManager.java:3513) ~[ozone-manager-1.4.0-SNAPSHOT.jar:?]
	at org.apache.hadoop.ozone.protocolPB.OzoneManagerRequestHandler.getOzoneFileStatus(OzoneManagerRequestHandler.java:973) ~[ozone-manager-1.4.0-SNAPSHOT.jar:?]
	at org.apache.hadoop.ozone.protocolPB.OzoneManagerRequestHandler.handleReadRequest(OzoneManagerRequestHandler.java:252) ~[ozone-manager-1.4.0-SNAPSHOT.jar:?]
	at org.apache.hadoop.ozone.protocolPB.OzoneManagerProtocolServerSideTranslatorPB.submitRequestDirectlyToOM(OzoneManagerProtocolServerSideTranslatorPB.java:274) ~[ozone-manager-1.4.0-SNAPSHOT.jar:?]
	at org.apache.hadoop.ozone.protocolPB.OzoneManagerProtocolServerSideTranslatorPB.processRequest(OzoneManagerProtocolServerSideTranslatorPB.java:175) ~[ozone-manager-1.4.0-SNAPSHOT.jar:?]
	at org.apache.hadoop.hdds.server.OzoneProtocolMessageDispatcher.processRequest(OzoneProtocolMessageDispatcher.java:87) [hdds-server-framework-1.4.0-SNAPSHOT.jar:?]
	at org.apache.hadoop.ozone.protocolPB.OzoneManagerProtocolServerSideTranslatorPB.submitRequest(OzoneManagerProtocolServerSideTranslatorPB.java:148) [ozone-manager-1.4.0-SNAPSHOT.jar:?]
	at org.apache.hadoop.ozone.protocol.proto.OzoneManagerProtocolProtos$OzoneManagerService$2.callBlockingMethod(OzoneManagerProtocolProtos.java) [ozone-interface-client-1.4.0-SNAPSHOT.jar:?]
	at org.apache.hadoop.ipc.ProtobufRpcEngine$Server.processCall(ProtobufRpcEngine.java:484) [hadoop-common-3.3.6.jar:?]
	at org.apache.hadoop.ipc.ProtobufRpcEngine2$Server$ProtoBufRpcInvoker.call(ProtobufRpcEngine2.java:595) [hadoop-common-3.3.6.jar:?]
	at org.apache.hadoop.ipc.ProtobufRpcEngine2$Server$ProtoBufRpcInvoker.call(ProtobufRpcEngine2.java:573) [hadoop-common-3.3.6.jar:?]
	at org.apache.hadoop.ipc.RPC$Server.call(RPC.java:1227) [hadoop-common-3.3.6.jar:?]
	at org.apache.hadoop.ipc.Server$RpcCall.run(Server.java:1094) [hadoop-common-3.3.6.jar:?]
	at org.apache.hadoop.ipc.Server$RpcCall.run(Server.java:1017) [hadoop-common-3.3.6.jar:?]
	at java.security.AccessController.doPrivileged(Native Method) ~[?:1.8.0_382]
	at javax.security.auth.Subject.doAs(Subject.java:422) [?:1.8.0_382]
	at org.apache.hadoop.security.UserGroupInformation.doAs(UserGroupInformation.java:1899) [hadoop-common-3.3.6.jar:?]
	at org.apache.hadoop.ipc.Server$Handler.run(Server.java:3048) [hadoop-common-3.3.6.jar:?]
11:35:01.832 [IPC Server handler 6 on default port 15057] ERROR OMAudit - user=runner | ip=127.0.0.1 | op=GET_FILE_STATUS {volume=volume67780, bucket=bucket36604, key=testBatchDelete/parent, dataSize=0, replicationConfig=null} | ret=FAILURE
org.apache.hadoop.ozone.om.exceptions.OMException: Unable to get file status: volume: volume67780 bucket: bucket36604 key: testBatchDelete/parent
	at org.apache.hadoop.ozone.om.KeyManagerImpl.getOzoneFileStatus(KeyManagerImpl.java:1195) ~[ozone-manager-1.4.0-SNAPSHOT.jar:?]
	at org.apache.hadoop.ozone.om.KeyManagerImpl.getFileStatus(KeyManagerImpl.java:1113) ~[ozone-manager-1.4.0-SNAPSHOT.jar:?]
	at org.apache.hadoop.ozone.om.OmMetadataReader.getFileStatus(OmMetadataReader.java:262) ~[ozone-manager-1.4.0-SNAPSHOT.jar:?]
	at org.apache.hadoop.ozone.om.OzoneManager.getFileStatus(OzoneManager.java:3513) ~[ozone-manager-1.4.0-SNAPSHOT.jar:?]
	at org.apache.hadoop.ozone.protocolPB.OzoneManagerRequestHandler.getOzoneFileStatus(OzoneManagerRequestHandler.java:973) ~[ozone-manager-1.4.0-SNAPSHOT.jar:?]
	at org.apache.hadoop.ozone.protocolPB.OzoneManagerRequestHandler.handleReadRequest(OzoneManagerRequestHandler.java:252) ~[ozone-manager-1.4.0-SNAPSHOT.jar:?]
	at org.apache.hadoop.ozone.protocolPB.OzoneManagerProtocolServerSideTranslatorPB.submitRequestDirectlyToOM(OzoneManagerProtocolServerSideTranslatorPB.java:274) ~[ozone-manager-1.4.0-SNAPSHOT.jar:?]
	at org.apache.hadoop.ozone.protocolPB.OzoneManagerProtocolServerSideTranslatorPB.processRequest(OzoneManagerProtocolServerSideTranslatorPB.java:175) ~[ozone-manager-1.4.0-SNAPSHOT.jar:?]
	at org.apache.hadoop.hdds.server.OzoneProtocolMessageDispatcher.processRequest(OzoneProtocolMessageDispatcher.java:87) [hdds-server-framework-1.4.0-SNAPSHOT.jar:?]
	at org.apache.hadoop.ozone.protocolPB.OzoneManagerProtocolServerSideTranslatorPB.submitRequest(OzoneManagerProtocolServerSideTranslatorPB.java:148) [ozone-manager-1.4.0-SNAPSHOT.jar:?]
	at org.apache.hadoop.ozone.protocol.proto.OzoneManagerProtocolProtos$OzoneManagerService$2.callBlockingMethod(OzoneManagerProtocolProtos.java) [ozone-interface-client-1.4.0-SNAPSHOT.jar:?]
	at org.apache.hadoop.ipc.ProtobufRpcEngine$Server.processCall(ProtobufRpcEngine.java:484) [hadoop-common-3.3.6.jar:?]
	at org.apache.hadoop.ipc.ProtobufRpcEngine2$Server$ProtoBufRpcInvoker.call(ProtobufRpcEngine2.java:595) [hadoop-common-3.3.6.jar:?]
	at org.apache.hadoop.ipc.ProtobufRpcEngine2$Server$ProtoBufRpcInvoker.call(ProtobufRpcEngine2.java:573) [hadoop-common-3.3.6.jar:?]
	at org.apache.hadoop.ipc.RPC$Server.call(RPC.java:1227) [hadoop-common-3.3.6.jar:?]
	at org.apache.hadoop.ipc.Server$RpcCall.run(Server.java:1094) [hadoop-common-3.3.6.jar:?]
	at org.apache.hadoop.ipc.Server$RpcCall.run(Server.java:1017) [hadoop-common-3.3.6.jar:?]
	at java.security.AccessController.doPrivileged(Native Method) ~[?:1.8.0_382]
	at javax.security.auth.Subject.doAs(Subject.java:422) [?:1.8.0_382]
	at org.apache.hadoop.security.UserGroupInformation.doAs(UserGroupInformation.java:1899) [hadoop-common-3.3.6.jar:?]
	at org.apache.hadoop.ipc.Server$Handler.run(Server.java:3048) [hadoop-common-3.3.6.jar:?]
2023-08-25 11:35:01,833 [Time-limited test] WARN  ozone.BasicOzoneFileSystem (BasicOzoneFileSystem.java:delete(595)) - delete: Path does not exist: /testBatchDelete/parent
]]></system-out>
  </testcase>
  <testcase name="testFileDelete" classname="TestOzoneFileSystem" time="0.173">
    <system-out><![CDATA[11:36:25.993 [IPC Server handler 0 on default port 15110] ERROR OMAudit - user=runner | ip=127.0.0.1 | op=GET_FILE_STATUS {volume=volume79256, bucket=bucket28461, key=testBatchDelete, dataSize=0, replicationConfig=null} | ret=FAILURE
org.apache.hadoop.ozone.om.exceptions.OMException: Unable to get file status: volume: volume79256 bucket: bucket28461 key: testBatchDelete
	at org.apache.hadoop.ozone.om.KeyManagerImpl.getOzoneFileStatus(KeyManagerImpl.java:1195) ~[ozone-manager-1.4.0-SNAPSHOT.jar:?]
	at org.apache.hadoop.ozone.om.KeyManagerImpl.getFileStatus(KeyManagerImpl.java:1113) ~[ozone-manager-1.4.0-SNAPSHOT.jar:?]
	at org.apache.hadoop.ozone.om.OmMetadataReader.getFileStatus(OmMetadataReader.java:262) ~[ozone-manager-1.4.0-SNAPSHOT.jar:?]
	at org.apache.hadoop.ozone.om.OzoneManager.getFileStatus(OzoneManager.java:3513) ~[ozone-manager-1.4.0-SNAPSHOT.jar:?]
	at org.apache.hadoop.ozone.protocolPB.OzoneManagerRequestHandler.getOzoneFileStatus(OzoneManagerRequestHandler.java:973) ~[ozone-manager-1.4.0-SNAPSHOT.jar:?]
	at org.apache.hadoop.ozone.protocolPB.OzoneManagerRequestHandler.handleReadRequest(OzoneManagerRequestHandler.java:252) ~[ozone-manager-1.4.0-SNAPSHOT.jar:?]
	at org.apache.hadoop.ozone.protocolPB.OzoneManagerProtocolServerSideTranslatorPB.submitReadRequestToOM(OzoneManagerProtocolServerSideTranslatorPB.java:225) ~[ozone-manager-1.4.0-SNAPSHOT.jar:?]
	at org.apache.hadoop.ozone.protocolPB.OzoneManagerProtocolServerSideTranslatorPB.processRequest(OzoneManagerProtocolServerSideTranslatorPB.java:179) ~[ozone-manager-1.4.0-SNAPSHOT.jar:?]
	at org.apache.hadoop.hdds.server.OzoneProtocolMessageDispatcher.processRequest(OzoneProtocolMessageDispatcher.java:87) [hdds-server-framework-1.4.0-SNAPSHOT.jar:?]
	at org.apache.hadoop.ozone.protocolPB.OzoneManagerProtocolServerSideTranslatorPB.submitRequest(OzoneManagerProtocolServerSideTranslatorPB.java:148) [ozone-manager-1.4.0-SNAPSHOT.jar:?]
	at org.apache.hadoop.ozone.protocol.proto.OzoneManagerProtocolProtos$OzoneManagerService$2.callBlockingMethod(OzoneManagerProtocolProtos.java) [ozone-interface-client-1.4.0-SNAPSHOT.jar:?]
	at org.apache.hadoop.ipc.ProtobufRpcEngine$Server.processCall(ProtobufRpcEngine.java:484) [hadoop-common-3.3.6.jar:?]
	at org.apache.hadoop.ipc.ProtobufRpcEngine2$Server$ProtoBufRpcInvoker.call(ProtobufRpcEngine2.java:595) [hadoop-common-3.3.6.jar:?]
	at org.apache.hadoop.ipc.ProtobufRpcEngine2$Server$ProtoBufRpcInvoker.call(ProtobufRpcEngine2.java:573) [hadoop-common-3.3.6.jar:?]
	at org.apache.hadoop.ipc.RPC$Server.call(RPC.java:1227) [hadoop-common-3.3.6.jar:?]
	at org.apache.hadoop.ipc.Server$RpcCall.run(Server.java:1094) [hadoop-common-3.3.6.jar:?]
	at org.apache.hadoop.ipc.Server$RpcCall.run(Server.java:1017) [hadoop-common-3.3.6.jar:?]
	at java.security.AccessController.doPrivileged(Native Method) ~[?:1.8.0_382]
	at javax.security.auth.Subject.doAs(Subject.java:422) [?:1.8.0_382]
	at org.apache.hadoop.security.UserGroupInformation.doAs(UserGroupInformation.java:1899) [hadoop-common-3.3.6.jar:?]
	at org.apache.hadoop.ipc.Server$Handler.run(Server.java:3048) [hadoop-common-3.3.6.jar:?]
11:36:25.994 [IPC Server handler 2 on default port 15110] ERROR OMAudit - user=runner | ip=127.0.0.1 | op=GET_FILE_STATUS {volume=volume79256, bucket=bucket28461, key=testBatchDelete/parent/child0, dataSize=0, replicationConfig=null} | ret=FAILURE
org.apache.hadoop.ozone.om.exceptions.OMException: Unable to get file status: volume: volume79256 bucket: bucket28461 key: testBatchDelete/parent/child0
	at org.apache.hadoop.ozone.om.KeyManagerImpl.getOzoneFileStatus(KeyManagerImpl.java:1195) ~[ozone-manager-1.4.0-SNAPSHOT.jar:?]
	at org.apache.hadoop.ozone.om.KeyManagerImpl.getFileStatus(KeyManagerImpl.java:1113) ~[ozone-manager-1.4.0-SNAPSHOT.jar:?]
	at org.apache.hadoop.ozone.om.OmMetadataReader.getFileStatus(OmMetadataReader.java:262) ~[ozone-manager-1.4.0-SNAPSHOT.jar:?]
	at org.apache.hadoop.ozone.om.OzoneManager.getFileStatus(OzoneManager.java:3513) ~[ozone-manager-1.4.0-SNAPSHOT.jar:?]
	at org.apache.hadoop.ozone.protocolPB.OzoneManagerRequestHandler.getOzoneFileStatus(OzoneManagerRequestHandler.java:973) ~[ozone-manager-1.4.0-SNAPSHOT.jar:?]
	at org.apache.hadoop.ozone.protocolPB.OzoneManagerRequestHandler.handleReadRequest(OzoneManagerRequestHandler.java:252) ~[ozone-manager-1.4.0-SNAPSHOT.jar:?]
	at org.apache.hadoop.ozone.protocolPB.OzoneManagerProtocolServerSideTranslatorPB.submitReadRequestToOM(OzoneManagerProtocolServerSideTranslatorPB.java:225) ~[ozone-manager-1.4.0-SNAPSHOT.jar:?]
	at org.apache.hadoop.ozone.protocolPB.OzoneManagerProtocolServerSideTranslatorPB.processRequest(OzoneManagerProtocolServerSideTranslatorPB.java:179) ~[ozone-manager-1.4.0-SNAPSHOT.jar:?]
	at org.apache.hadoop.hdds.server.OzoneProtocolMessageDispatcher.processRequest(OzoneProtocolMessageDispatcher.java:87) [hdds-server-framework-1.4.0-SNAPSHOT.jar:?]
	at org.apache.hadoop.ozone.protocolPB.OzoneManagerProtocolServerSideTranslatorPB.submitRequest(OzoneManagerProtocolServerSideTranslatorPB.java:148) [ozone-manager-1.4.0-SNAPSHOT.jar:?]
	at org.apache.hadoop.ozone.protocol.proto.OzoneManagerProtocolProtos$OzoneManagerService$2.callBlockingMethod(OzoneManagerProtocolProtos.java) [ozone-interface-client-1.4.0-SNAPSHOT.jar:?]
	at org.apache.hadoop.ipc.ProtobufRpcEngine$Server.processCall(ProtobufRpcEngine.java:484) [hadoop-common-3.3.6.jar:?]
	at org.apache.hadoop.ipc.ProtobufRpcEngine2$Server$ProtoBufRpcInvoker.call(ProtobufRpcEngine2.java:595) [hadoop-common-3.3.6.jar:?]
	at org.apache.hadoop.ipc.ProtobufRpcEngine2$Server$ProtoBufRpcInvoker.call(ProtobufRpcEngine2.java:573) [hadoop-common-3.3.6.jar:?]
	at org.apache.hadoop.ipc.RPC$Server.call(RPC.java:1227) [hadoop-common-3.3.6.jar:?]
	at org.apache.hadoop.ipc.Server$RpcCall.run(Server.java:1094) [hadoop-common-3.3.6.jar:?]
	at org.apache.hadoop.ipc.Server$RpcCall.run(Server.java:1017) [hadoop-common-3.3.6.jar:?]
	at java.security.AccessController.doPrivileged(Native Method) ~[?:1.8.0_382]
	at javax.security.auth.Subject.doAs(Subject.java:422) [?:1.8.0_382]
	at org.apache.hadoop.security.UserGroupInformation.doAs(UserGroupInformation.java:1899) [hadoop-common-3.3.6.jar:?]
	at org.apache.hadoop.ipc.Server$Handler.run(Server.java:3048) [hadoop-common-3.3.6.jar:?]
11:36:25.996 [IPC Server handler 1 on default port 15110] ERROR OMAudit - user=runner | ip=127.0.0.1 | op=GET_FILE_STATUS {volume=volume79256, bucket=bucket28461, key=testBatchDelete/parent/childFolder/child0, dataSize=0, replicationConfig=null} | ret=FAILURE
org.apache.hadoop.ozone.om.exceptions.OMException: Unable to get file status: volume: volume79256 bucket: bucket28461 key: testBatchDelete/parent/childFolder/child0
	at org.apache.hadoop.ozone.om.KeyManagerImpl.getOzoneFileStatus(KeyManagerImpl.java:1195) ~[ozone-manager-1.4.0-SNAPSHOT.jar:?]
	at org.apache.hadoop.ozone.om.KeyManagerImpl.getFileStatus(KeyManagerImpl.java:1113) ~[ozone-manager-1.4.0-SNAPSHOT.jar:?]
	at org.apache.hadoop.ozone.om.OmMetadataReader.getFileStatus(OmMetadataReader.java:262) ~[ozone-manager-1.4.0-SNAPSHOT.jar:?]
	at org.apache.hadoop.ozone.om.OzoneManager.getFileStatus(OzoneManager.java:3513) ~[ozone-manager-1.4.0-SNAPSHOT.jar:?]
	at org.apache.hadoop.ozone.protocolPB.OzoneManagerRequestHandler.getOzoneFileStatus(OzoneManagerRequestHandler.java:973) ~[ozone-manager-1.4.0-SNAPSHOT.jar:?]
	at org.apache.hadoop.ozone.protocolPB.OzoneManagerRequestHandler.handleReadRequest(OzoneManagerRequestHandler.java:252) ~[ozone-manager-1.4.0-SNAPSHOT.jar:?]
	at org.apache.hadoop.ozone.protocolPB.OzoneManagerProtocolServerSideTranslatorPB.submitReadRequestToOM(OzoneManagerProtocolServerSideTranslatorPB.java:225) ~[ozone-manager-1.4.0-SNAPSHOT.jar:?]
	at org.apache.hadoop.ozone.protocolPB.OzoneManagerProtocolServerSideTranslatorPB.processRequest(OzoneManagerProtocolServerSideTranslatorPB.java:179) ~[ozone-manager-1.4.0-SNAPSHOT.jar:?]
	at org.apache.hadoop.hdds.server.OzoneProtocolMessageDispatcher.processRequest(OzoneProtocolMessageDispatcher.java:87) [hdds-server-framework-1.4.0-SNAPSHOT.jar:?]
	at org.apache.hadoop.ozone.protocolPB.OzoneManagerProtocolServerSideTranslatorPB.submitRequest(OzoneManagerProtocolServerSideTranslatorPB.java:148) [ozone-manager-1.4.0-SNAPSHOT.jar:?]
	at org.apache.hadoop.ozone.protocol.proto.OzoneManagerProtocolProtos$OzoneManagerService$2.callBlockingMethod(OzoneManagerProtocolProtos.java) [ozone-interface-client-1.4.0-SNAPSHOT.jar:?]
	at org.apache.hadoop.ipc.ProtobufRpcEngine$Server.processCall(ProtobufRpcEngine.java:484) [hadoop-common-3.3.6.jar:?]
	at org.apache.hadoop.ipc.ProtobufRpcEngine2$Server$ProtoBufRpcInvoker.call(ProtobufRpcEngine2.java:595) [hadoop-common-3.3.6.jar:?]
	at org.apache.hadoop.ipc.ProtobufRpcEngine2$Server$ProtoBufRpcInvoker.call(ProtobufRpcEngine2.java:573) [hadoop-common-3.3.6.jar:?]
	at org.apache.hadoop.ipc.RPC$Server.call(RPC.java:1227) [hadoop-common-3.3.6.jar:?]
	at org.apache.hadoop.ipc.Server$RpcCall.run(Server.java:1094) [hadoop-common-3.3.6.jar:?]
	at org.apache.hadoop.ipc.Server$RpcCall.run(Server.java:1017) [hadoop-common-3.3.6.jar:?]
	at java.security.AccessController.doPrivileged(Native Method) ~[?:1.8.0_382]
	at javax.security.auth.Subject.doAs(Subject.java:422) [?:1.8.0_382]
	at org.apache.hadoop.security.UserGroupInformation.doAs(UserGroupInformation.java:1899) [hadoop-common-3.3.6.jar:?]
	at org.apache.hadoop.ipc.Server$Handler.run(Server.java:3048) [hadoop-common-3.3.6.jar:?]
11:36:25.997 [IPC Server handler 3 on default port 15110] ERROR OMAudit - user=runner | ip=127.0.0.1 | op=GET_FILE_STATUS {volume=volume79256, bucket=bucket28461, key=testBatchDelete/parent/child1, dataSize=0, replicationConfig=null} | ret=FAILURE
org.apache.hadoop.ozone.om.exceptions.OMException: Unable to get file status: volume: volume79256 bucket: bucket28461 key: testBatchDelete/parent/child1
	at org.apache.hadoop.ozone.om.KeyManagerImpl.getOzoneFileStatus(KeyManagerImpl.java:1195) ~[ozone-manager-1.4.0-SNAPSHOT.jar:?]
	at org.apache.hadoop.ozone.om.KeyManagerImpl.getFileStatus(KeyManagerImpl.java:1113) ~[ozone-manager-1.4.0-SNAPSHOT.jar:?]
	at org.apache.hadoop.ozone.om.OmMetadataReader.getFileStatus(OmMetadataReader.java:262) ~[ozone-manager-1.4.0-SNAPSHOT.jar:?]
	at org.apache.hadoop.ozone.om.OzoneManager.getFileStatus(OzoneManager.java:3513) ~[ozone-manager-1.4.0-SNAPSHOT.jar:?]
	at org.apache.hadoop.ozone.protocolPB.OzoneManagerRequestHandler.getOzoneFileStatus(OzoneManagerRequestHandler.java:973) ~[ozone-manager-1.4.0-SNAPSHOT.jar:?]
	at org.apache.hadoop.ozone.protocolPB.OzoneManagerRequestHandler.handleReadRequest(OzoneManagerRequestHandler.java:252) ~[ozone-manager-1.4.0-SNAPSHOT.jar:?]
	at org.apache.hadoop.ozone.protocolPB.OzoneManagerProtocolServerSideTranslatorPB.submitReadRequestToOM(OzoneManagerProtocolServerSideTranslatorPB.java:225) ~[ozone-manager-1.4.0-SNAPSHOT.jar:?]
	at org.apache.hadoop.ozone.protocolPB.OzoneManagerProtocolServerSideTranslatorPB.processRequest(OzoneManagerProtocolServerSideTranslatorPB.java:179) ~[ozone-manager-1.4.0-SNAPSHOT.jar:?]
	at org.apache.hadoop.hdds.server.OzoneProtocolMessageDispatcher.processRequest(OzoneProtocolMessageDispatcher.java:87) [hdds-server-framework-1.4.0-SNAPSHOT.jar:?]
	at org.apache.hadoop.ozone.protocolPB.OzoneManagerProtocolServerSideTranslatorPB.submitRequest(OzoneManagerProtocolServerSideTranslatorPB.java:148) [ozone-manager-1.4.0-SNAPSHOT.jar:?]
	at org.apache.hadoop.ozone.protocol.proto.OzoneManagerProtocolProtos$OzoneManagerService$2.callBlockingMethod(OzoneManagerProtocolProtos.java) [ozone-interface-client-1.4.0-SNAPSHOT.jar:?]
	at org.apache.hadoop.ipc.ProtobufRpcEngine$Server.processCall(ProtobufRpcEngine.java:484) [hadoop-common-3.3.6.jar:?]
	at org.apache.hadoop.ipc.ProtobufRpcEngine2$Server$ProtoBufRpcInvoker.call(ProtobufRpcEngine2.java:595) [hadoop-common-3.3.6.jar:?]
	at org.apache.hadoop.ipc.ProtobufRpcEngine2$Server$ProtoBufRpcInvoker.call(ProtobufRpcEngine2.java:573) [hadoop-common-3.3.6.jar:?]
	at org.apache.hadoop.ipc.RPC$Server.call(RPC.java:1227) [hadoop-common-3.3.6.jar:?]
	at org.apache.hadoop.ipc.Server$RpcCall.run(Server.java:1094) [hadoop-common-3.3.6.jar:?]
	at org.apache.hadoop.ipc.Server$RpcCall.run(Server.java:1017) [hadoop-common-3.3.6.jar:?]
	at java.security.AccessController.doPrivileged(Native Method) ~[?:1.8.0_382]
	at javax.security.auth.Subject.doAs(Subject.java:422) [?:1.8.0_382]
	at org.apache.hadoop.security.UserGroupInformation.doAs(UserGroupInformation.java:1899) [hadoop-common-3.3.6.jar:?]
	at org.apache.hadoop.ipc.Server$Handler.run(Server.java:3048) [hadoop-common-3.3.6.jar:?]
11:36:25.998 [IPC Server handler 5 on default port 15110] ERROR OMAudit - user=runner | ip=127.0.0.1 | op=GET_FILE_STATUS {volume=volume79256, bucket=bucket28461, key=testBatchDelete/parent/childFolder/child1, dataSize=0, replicationConfig=null} | ret=FAILURE
org.apache.hadoop.ozone.om.exceptions.OMException: Unable to get file status: volume: volume79256 bucket: bucket28461 key: testBatchDelete/parent/childFolder/child1
	at org.apache.hadoop.ozone.om.KeyManagerImpl.getOzoneFileStatus(KeyManagerImpl.java:1195) ~[ozone-manager-1.4.0-SNAPSHOT.jar:?]
	at org.apache.hadoop.ozone.om.KeyManagerImpl.getFileStatus(KeyManagerImpl.java:1113) ~[ozone-manager-1.4.0-SNAPSHOT.jar:?]
	at org.apache.hadoop.ozone.om.OmMetadataReader.getFileStatus(OmMetadataReader.java:262) ~[ozone-manager-1.4.0-SNAPSHOT.jar:?]
	at org.apache.hadoop.ozone.om.OzoneManager.getFileStatus(OzoneManager.java:3513) ~[ozone-manager-1.4.0-SNAPSHOT.jar:?]
	at org.apache.hadoop.ozone.protocolPB.OzoneManagerRequestHandler.getOzoneFileStatus(OzoneManagerRequestHandler.java:973) ~[ozone-manager-1.4.0-SNAPSHOT.jar:?]
	at org.apache.hadoop.ozone.protocolPB.OzoneManagerRequestHandler.handleReadRequest(OzoneManagerRequestHandler.java:252) ~[ozone-manager-1.4.0-SNAPSHOT.jar:?]
	at org.apache.hadoop.ozone.protocolPB.OzoneManagerProtocolServerSideTranslatorPB.submitReadRequestToOM(OzoneManagerProtocolServerSideTranslatorPB.java:225) ~[ozone-manager-1.4.0-SNAPSHOT.jar:?]
	at org.apache.hadoop.ozone.protocolPB.OzoneManagerProtocolServerSideTranslatorPB.processRequest(OzoneManagerProtocolServerSideTranslatorPB.java:179) ~[ozone-manager-1.4.0-SNAPSHOT.jar:?]
	at org.apache.hadoop.hdds.server.OzoneProtocolMessageDispatcher.processRequest(OzoneProtocolMessageDispatcher.java:87) [hdds-server-framework-1.4.0-SNAPSHOT.jar:?]
	at org.apache.hadoop.ozone.protocolPB.OzoneManagerProtocolServerSideTranslatorPB.submitRequest(OzoneManagerProtocolServerSideTranslatorPB.java:148) [ozone-manager-1.4.0-SNAPSHOT.jar:?]
	at org.apache.hadoop.ozone.protocol.proto.OzoneManagerProtocolProtos$OzoneManagerService$2.callBlockingMethod(OzoneManagerProtocolProtos.java) [ozone-interface-client-1.4.0-SNAPSHOT.jar:?]
	at org.apache.hadoop.ipc.ProtobufRpcEngine$Server.processCall(ProtobufRpcEngine.java:484) [hadoop-common-3.3.6.jar:?]
	at org.apache.hadoop.ipc.ProtobufRpcEngine2$Server$ProtoBufRpcInvoker.call(ProtobufRpcEngine2.java:595) [hadoop-common-3.3.6.jar:?]
	at org.apache.hadoop.ipc.ProtobufRpcEngine2$Server$ProtoBufRpcInvoker.call(ProtobufRpcEngine2.java:573) [hadoop-common-3.3.6.jar:?]
	at org.apache.hadoop.ipc.RPC$Server.call(RPC.java:1227) [hadoop-common-3.3.6.jar:?]
	at org.apache.hadoop.ipc.Server$RpcCall.run(Server.java:1094) [hadoop-common-3.3.6.jar:?]
	at org.apache.hadoop.ipc.Server$RpcCall.run(Server.java:1017) [hadoop-common-3.3.6.jar:?]
	at java.security.AccessController.doPrivileged(Native Method) ~[?:1.8.0_382]
	at javax.security.auth.Subject.doAs(Subject.java:422) [?:1.8.0_382]
	at org.apache.hadoop.security.UserGroupInformation.doAs(UserGroupInformation.java:1899) [hadoop-common-3.3.6.jar:?]
	at org.apache.hadoop.ipc.Server$Handler.run(Server.java:3048) [hadoop-common-3.3.6.jar:?]
11:36:25.999 [IPC Server handler 4 on default port 15110] ERROR OMAudit - user=runner | ip=127.0.0.1 | op=GET_FILE_STATUS {volume=volume79256, bucket=bucket28461, key=testBatchDelete/parent/child2, dataSize=0, replicationConfig=null} | ret=FAILURE
org.apache.hadoop.ozone.om.exceptions.OMException: Unable to get file status: volume: volume79256 bucket: bucket28461 key: testBatchDelete/parent/child2
	at org.apache.hadoop.ozone.om.KeyManagerImpl.getOzoneFileStatus(KeyManagerImpl.java:1195) ~[ozone-manager-1.4.0-SNAPSHOT.jar:?]
	at org.apache.hadoop.ozone.om.KeyManagerImpl.getFileStatus(KeyManagerImpl.java:1113) ~[ozone-manager-1.4.0-SNAPSHOT.jar:?]
	at org.apache.hadoop.ozone.om.OmMetadataReader.getFileStatus(OmMetadataReader.java:262) ~[ozone-manager-1.4.0-SNAPSHOT.jar:?]
	at org.apache.hadoop.ozone.om.OzoneManager.getFileStatus(OzoneManager.java:3513) ~[ozone-manager-1.4.0-SNAPSHOT.jar:?]
	at org.apache.hadoop.ozone.protocolPB.OzoneManagerRequestHandler.getOzoneFileStatus(OzoneManagerRequestHandler.java:973) ~[ozone-manager-1.4.0-SNAPSHOT.jar:?]
	at org.apache.hadoop.ozone.protocolPB.OzoneManagerRequestHandler.handleReadRequest(OzoneManagerRequestHandler.java:252) ~[ozone-manager-1.4.0-SNAPSHOT.jar:?]
	at org.apache.hadoop.ozone.protocolPB.OzoneManagerProtocolServerSideTranslatorPB.submitReadRequestToOM(OzoneManagerProtocolServerSideTranslatorPB.java:225) ~[ozone-manager-1.4.0-SNAPSHOT.jar:?]
	at org.apache.hadoop.ozone.protocolPB.OzoneManagerProtocolServerSideTranslatorPB.processRequest(OzoneManagerProtocolServerSideTranslatorPB.java:179) ~[ozone-manager-1.4.0-SNAPSHOT.jar:?]
	at org.apache.hadoop.hdds.server.OzoneProtocolMessageDispatcher.processRequest(OzoneProtocolMessageDispatcher.java:87) [hdds-server-framework-1.4.0-SNAPSHOT.jar:?]
	at org.apache.hadoop.ozone.protocolPB.OzoneManagerProtocolServerSideTranslatorPB.submitRequest(OzoneManagerProtocolServerSideTranslatorPB.java:148) [ozone-manager-1.4.0-SNAPSHOT.jar:?]
	at org.apache.hadoop.ozone.protocol.proto.OzoneManagerProtocolProtos$OzoneManagerService$2.callBlockingMethod(OzoneManagerProtocolProtos.java) [ozone-interface-client-1.4.0-SNAPSHOT.jar:?]
	at org.apache.hadoop.ipc.ProtobufRpcEngine$Server.processCall(ProtobufRpcEngine.java:484) [hadoop-common-3.3.6.jar:?]
	at org.apache.hadoop.ipc.ProtobufRpcEngine2$Server$ProtoBufRpcInvoker.call(ProtobufRpcEngine2.java:595) [hadoop-common-3.3.6.jar:?]
	at org.apache.hadoop.ipc.ProtobufRpcEngine2$Server$ProtoBufRpcInvoker.call(ProtobufRpcEngine2.java:573) [hadoop-common-3.3.6.jar:?]
	at org.apache.hadoop.ipc.RPC$Server.call(RPC.java:1227) [hadoop-common-3.3.6.jar:?]
	at org.apache.hadoop.ipc.Server$RpcCall.run(Server.java:1094) [hadoop-common-3.3.6.jar:?]
	at org.apache.hadoop.ipc.Server$RpcCall.run(Server.java:1017) [hadoop-common-3.3.6.jar:?]
	at java.security.AccessController.doPrivileged(Native Method) ~[?:1.8.0_382]
	at javax.security.auth.Subject.doAs(Subject.java:422) [?:1.8.0_382]
	at org.apache.hadoop.security.UserGroupInformation.doAs(UserGroupInformation.java:1899) [hadoop-common-3.3.6.jar:?]
	at org.apache.hadoop.ipc.Server$Handler.run(Server.java:3048) [hadoop-common-3.3.6.jar:?]
11:36:26.000 [IPC Server handler 6 on default port 15110] ERROR OMAudit - user=runner | ip=127.0.0.1 | op=GET_FILE_STATUS {volume=volume79256, bucket=bucket28461, key=testBatchDelete/parent/childFolder/child2, dataSize=0, replicationConfig=null} | ret=FAILURE
org.apache.hadoop.ozone.om.exceptions.OMException: Unable to get file status: volume: volume79256 bucket: bucket28461 key: testBatchDelete/parent/childFolder/child2
	at org.apache.hadoop.ozone.om.KeyManagerImpl.getOzoneFileStatus(KeyManagerImpl.java:1195) ~[ozone-manager-1.4.0-SNAPSHOT.jar:?]
	at org.apache.hadoop.ozone.om.KeyManagerImpl.getFileStatus(KeyManagerImpl.java:1113) ~[ozone-manager-1.4.0-SNAPSHOT.jar:?]
	at org.apache.hadoop.ozone.om.OmMetadataReader.getFileStatus(OmMetadataReader.java:262) ~[ozone-manager-1.4.0-SNAPSHOT.jar:?]
	at org.apache.hadoop.ozone.om.OzoneManager.getFileStatus(OzoneManager.java:3513) ~[ozone-manager-1.4.0-SNAPSHOT.jar:?]
	at org.apache.hadoop.ozone.protocolPB.OzoneManagerRequestHandler.getOzoneFileStatus(OzoneManagerRequestHandler.java:973) ~[ozone-manager-1.4.0-SNAPSHOT.jar:?]
	at org.apache.hadoop.ozone.protocolPB.OzoneManagerRequestHandler.handleReadRequest(OzoneManagerRequestHandler.java:252) ~[ozone-manager-1.4.0-SNAPSHOT.jar:?]
	at org.apache.hadoop.ozone.protocolPB.OzoneManagerProtocolServerSideTranslatorPB.submitReadRequestToOM(OzoneManagerProtocolServerSideTranslatorPB.java:225) ~[ozone-manager-1.4.0-SNAPSHOT.jar:?]
	at org.apache.hadoop.ozone.protocolPB.OzoneManagerProtocolServerSideTranslatorPB.processRequest(OzoneManagerProtocolServerSideTranslatorPB.java:179) ~[ozone-manager-1.4.0-SNAPSHOT.jar:?]
	at org.apache.hadoop.hdds.server.OzoneProtocolMessageDispatcher.processRequest(OzoneProtocolMessageDispatcher.java:87) [hdds-server-framework-1.4.0-SNAPSHOT.jar:?]
	at org.apache.hadoop.ozone.protocolPB.OzoneManagerProtocolServerSideTranslatorPB.submitRequest(OzoneManagerProtocolServerSideTranslatorPB.java:148) [ozone-manager-1.4.0-SNAPSHOT.jar:?]
	at org.apache.hadoop.ozone.protocol.proto.OzoneManagerProtocolProtos$OzoneManagerService$2.callBlockingMethod(OzoneManagerProtocolProtos.java) [ozone-interface-client-1.4.0-SNAPSHOT.jar:?]
	at org.apache.hadoop.ipc.ProtobufRpcEngine$Server.processCall(ProtobufRpcEngine.java:484) [hadoop-common-3.3.6.jar:?]
	at org.apache.hadoop.ipc.ProtobufRpcEngine2$Server$ProtoBufRpcInvoker.call(ProtobufRpcEngine2.java:595) [hadoop-common-3.3.6.jar:?]
	at org.apache.hadoop.ipc.ProtobufRpcEngine2$Server$ProtoBufRpcInvoker.call(ProtobufRpcEngine2.java:573) [hadoop-common-3.3.6.jar:?]
	at org.apache.hadoop.ipc.RPC$Server.call(RPC.java:1227) [hadoop-common-3.3.6.jar:?]
	at org.apache.hadoop.ipc.Server$RpcCall.run(Server.java:1094) [hadoop-common-3.3.6.jar:?]
	at org.apache.hadoop.ipc.Server$RpcCall.run(Server.java:1017) [hadoop-common-3.3.6.jar:?]
	at java.security.AccessController.doPrivileged(Native Method) ~[?:1.8.0_382]
	at javax.security.auth.Subject.doAs(Subject.java:422) [?:1.8.0_382]
	at org.apache.hadoop.security.UserGroupInformation.doAs(UserGroupInformation.java:1899) [hadoop-common-3.3.6.jar:?]
	at org.apache.hadoop.ipc.Server$Handler.run(Server.java:3048) [hadoop-common-3.3.6.jar:?]
11:36:26.001 [IPC Server handler 7 on default port 15110] ERROR OMAudit - user=runner | ip=127.0.0.1 | op=GET_FILE_STATUS {volume=volume79256, bucket=bucket28461, key=testBatchDelete/parent/child3, dataSize=0, replicationConfig=null} | ret=FAILURE
org.apache.hadoop.ozone.om.exceptions.OMException: Unable to get file status: volume: volume79256 bucket: bucket28461 key: testBatchDelete/parent/child3
	at org.apache.hadoop.ozone.om.KeyManagerImpl.getOzoneFileStatus(KeyManagerImpl.java:1195) ~[ozone-manager-1.4.0-SNAPSHOT.jar:?]
	at org.apache.hadoop.ozone.om.KeyManagerImpl.getFileStatus(KeyManagerImpl.java:1113) ~[ozone-manager-1.4.0-SNAPSHOT.jar:?]
	at org.apache.hadoop.ozone.om.OmMetadataReader.getFileStatus(OmMetadataReader.java:262) ~[ozone-manager-1.4.0-SNAPSHOT.jar:?]
	at org.apache.hadoop.ozone.om.OzoneManager.getFileStatus(OzoneManager.java:3513) ~[ozone-manager-1.4.0-SNAPSHOT.jar:?]
	at org.apache.hadoop.ozone.protocolPB.OzoneManagerRequestHandler.getOzoneFileStatus(OzoneManagerRequestHandler.java:973) ~[ozone-manager-1.4.0-SNAPSHOT.jar:?]
	at org.apache.hadoop.ozone.protocolPB.OzoneManagerRequestHandler.handleReadRequest(OzoneManagerRequestHandler.java:252) ~[ozone-manager-1.4.0-SNAPSHOT.jar:?]
	at org.apache.hadoop.ozone.protocolPB.OzoneManagerProtocolServerSideTranslatorPB.submitReadRequestToOM(OzoneManagerProtocolServerSideTranslatorPB.java:225) ~[ozone-manager-1.4.0-SNAPSHOT.jar:?]
	at org.apache.hadoop.ozone.protocolPB.OzoneManagerProtocolServerSideTranslatorPB.processRequest(OzoneManagerProtocolServerSideTranslatorPB.java:179) ~[ozone-manager-1.4.0-SNAPSHOT.jar:?]
	at org.apache.hadoop.hdds.server.OzoneProtocolMessageDispatcher.processRequest(OzoneProtocolMessageDispatcher.java:87) [hdds-server-framework-1.4.0-SNAPSHOT.jar:?]
	at org.apache.hadoop.ozone.protocolPB.OzoneManagerProtocolServerSideTranslatorPB.submitRequest(OzoneManagerProtocolServerSideTranslatorPB.java:148) [ozone-manager-1.4.0-SNAPSHOT.jar:?]
	at org.apache.hadoop.ozone.protocol.proto.OzoneManagerProtocolProtos$OzoneManagerService$2.callBlockingMethod(OzoneManagerProtocolProtos.java) [ozone-interface-client-1.4.0-SNAPSHOT.jar:?]
	at org.apache.hadoop.ipc.ProtobufRpcEngine$Server.processCall(ProtobufRpcEngine.java:484) [hadoop-common-3.3.6.jar:?]
	at org.apache.hadoop.ipc.ProtobufRpcEngine2$Server$ProtoBufRpcInvoker.call(ProtobufRpcEngine2.java:595) [hadoop-common-3.3.6.jar:?]
	at org.apache.hadoop.ipc.ProtobufRpcEngine2$Server$ProtoBufRpcInvoker.call(ProtobufRpcEngine2.java:573) [hadoop-common-3.3.6.jar:?]
	at org.apache.hadoop.ipc.RPC$Server.call(RPC.java:1227) [hadoop-common-3.3.6.jar:?]
	at org.apache.hadoop.ipc.Server$RpcCall.run(Server.java:1094) [hadoop-common-3.3.6.jar:?]
	at org.apache.hadoop.ipc.Server$RpcCall.run(Server.java:1017) [hadoop-common-3.3.6.jar:?]
	at java.security.AccessController.doPrivileged(Native Method) ~[?:1.8.0_382]
	at javax.security.auth.Subject.doAs(Subject.java:422) [?:1.8.0_382]
	at org.apache.hadoop.security.UserGroupInformation.doAs(UserGroupInformation.java:1899) [hadoop-common-3.3.6.jar:?]
	at org.apache.hadoop.ipc.Server$Handler.run(Server.java:3048) [hadoop-common-3.3.6.jar:?]
11:36:26.002 [IPC Server handler 9 on default port 15110] ERROR OMAudit - user=runner | ip=127.0.0.1 | op=GET_FILE_STATUS {volume=volume79256, bucket=bucket28461, key=testBatchDelete/parent/childFolder/child3, dataSize=0, replicationConfig=null} | ret=FAILURE
org.apache.hadoop.ozone.om.exceptions.OMException: Unable to get file status: volume: volume79256 bucket: bucket28461 key: testBatchDelete/parent/childFolder/child3
	at org.apache.hadoop.ozone.om.KeyManagerImpl.getOzoneFileStatus(KeyManagerImpl.java:1195) ~[ozone-manager-1.4.0-SNAPSHOT.jar:?]
	at org.apache.hadoop.ozone.om.KeyManagerImpl.getFileStatus(KeyManagerImpl.java:1113) ~[ozone-manager-1.4.0-SNAPSHOT.jar:?]
	at org.apache.hadoop.ozone.om.OmMetadataReader.getFileStatus(OmMetadataReader.java:262) ~[ozone-manager-1.4.0-SNAPSHOT.jar:?]
	at org.apache.hadoop.ozone.om.OzoneManager.getFileStatus(OzoneManager.java:3513) ~[ozone-manager-1.4.0-SNAPSHOT.jar:?]
	at org.apache.hadoop.ozone.protocolPB.OzoneManagerRequestHandler.getOzoneFileStatus(OzoneManagerRequestHandler.java:973) ~[ozone-manager-1.4.0-SNAPSHOT.jar:?]
	at org.apache.hadoop.ozone.protocolPB.OzoneManagerRequestHandler.handleReadRequest(OzoneManagerRequestHandler.java:252) ~[ozone-manager-1.4.0-SNAPSHOT.jar:?]
	at org.apache.hadoop.ozone.protocolPB.OzoneManagerProtocolServerSideTranslatorPB.submitReadRequestToOM(OzoneManagerProtocolServerSideTranslatorPB.java:225) ~[ozone-manager-1.4.0-SNAPSHOT.jar:?]
	at org.apache.hadoop.ozone.protocolPB.OzoneManagerProtocolServerSideTranslatorPB.processRequest(OzoneManagerProtocolServerSideTranslatorPB.java:179) ~[ozone-manager-1.4.0-SNAPSHOT.jar:?]
	at org.apache.hadoop.hdds.server.OzoneProtocolMessageDispatcher.processRequest(OzoneProtocolMessageDispatcher.java:87) [hdds-server-framework-1.4.0-SNAPSHOT.jar:?]
	at org.apache.hadoop.ozone.protocolPB.OzoneManagerProtocolServerSideTranslatorPB.submitRequest(OzoneManagerProtocolServerSideTranslatorPB.java:148) [ozone-manager-1.4.0-SNAPSHOT.jar:?]
	at org.apache.hadoop.ozone.protocol.proto.OzoneManagerProtocolProtos$OzoneManagerService$2.callBlockingMethod(OzoneManagerProtocolProtos.java) [ozone-interface-client-1.4.0-SNAPSHOT.jar:?]
	at org.apache.hadoop.ipc.ProtobufRpcEngine$Server.processCall(ProtobufRpcEngine.java:484) [hadoop-common-3.3.6.jar:?]
	at org.apache.hadoop.ipc.ProtobufRpcEngine2$Server$ProtoBufRpcInvoker.call(ProtobufRpcEngine2.java:595) [hadoop-common-3.3.6.jar:?]
	at org.apache.hadoop.ipc.ProtobufRpcEngine2$Server$ProtoBufRpcInvoker.call(ProtobufRpcEngine2.java:573) [hadoop-common-3.3.6.jar:?]
	at org.apache.hadoop.ipc.RPC$Server.call(RPC.java:1227) [hadoop-common-3.3.6.jar:?]
	at org.apache.hadoop.ipc.Server$RpcCall.run(Server.java:1094) [hadoop-common-3.3.6.jar:?]
	at org.apache.hadoop.ipc.Server$RpcCall.run(Server.java:1017) [hadoop-common-3.3.6.jar:?]
	at java.security.AccessController.doPrivileged(Native Method) ~[?:1.8.0_382]
	at javax.security.auth.Subject.doAs(Subject.java:422) [?:1.8.0_382]
	at org.apache.hadoop.security.UserGroupInformation.doAs(UserGroupInformation.java:1899) [hadoop-common-3.3.6.jar:?]
	at org.apache.hadoop.ipc.Server$Handler.run(Server.java:3048) [hadoop-common-3.3.6.jar:?]
11:36:26.003 [IPC Server handler 8 on default port 15110] ERROR OMAudit - user=runner | ip=127.0.0.1 | op=GET_FILE_STATUS {volume=volume79256, bucket=bucket28461, key=testBatchDelete/parent/child4, dataSize=0, replicationConfig=null} | ret=FAILURE
org.apache.hadoop.ozone.om.exceptions.OMException: Unable to get file status: volume: volume79256 bucket: bucket28461 key: testBatchDelete/parent/child4
	at org.apache.hadoop.ozone.om.KeyManagerImpl.getOzoneFileStatus(KeyManagerImpl.java:1195) ~[ozone-manager-1.4.0-SNAPSHOT.jar:?]
	at org.apache.hadoop.ozone.om.KeyManagerImpl.getFileStatus(KeyManagerImpl.java:1113) ~[ozone-manager-1.4.0-SNAPSHOT.jar:?]
	at org.apache.hadoop.ozone.om.OmMetadataReader.getFileStatus(OmMetadataReader.java:262) ~[ozone-manager-1.4.0-SNAPSHOT.jar:?]
	at org.apache.hadoop.ozone.om.OzoneManager.getFileStatus(OzoneManager.java:3513) ~[ozone-manager-1.4.0-SNAPSHOT.jar:?]
	at org.apache.hadoop.ozone.protocolPB.OzoneManagerRequestHandler.getOzoneFileStatus(OzoneManagerRequestHandler.java:973) ~[ozone-manager-1.4.0-SNAPSHOT.jar:?]
	at org.apache.hadoop.ozone.protocolPB.OzoneManagerRequestHandler.handleReadRequest(OzoneManagerRequestHandler.java:252) ~[ozone-manager-1.4.0-SNAPSHOT.jar:?]
	at org.apache.hadoop.ozone.protocolPB.OzoneManagerProtocolServerSideTranslatorPB.submitReadRequestToOM(OzoneManagerProtocolServerSideTranslatorPB.java:225) ~[ozone-manager-1.4.0-SNAPSHOT.jar:?]
	at org.apache.hadoop.ozone.protocolPB.OzoneManagerProtocolServerSideTranslatorPB.processRequest(OzoneManagerProtocolServerSideTranslatorPB.java:179) ~[ozone-manager-1.4.0-SNAPSHOT.jar:?]
	at org.apache.hadoop.hdds.server.OzoneProtocolMessageDispatcher.processRequest(OzoneProtocolMessageDispatcher.java:87) [hdds-server-framework-1.4.0-SNAPSHOT.jar:?]
	at org.apache.hadoop.ozone.protocolPB.OzoneManagerProtocolServerSideTranslatorPB.submitRequest(OzoneManagerProtocolServerSideTranslatorPB.java:148) [ozone-manager-1.4.0-SNAPSHOT.jar:?]
	at org.apache.hadoop.ozone.protocol.proto.OzoneManagerProtocolProtos$OzoneManagerService$2.callBlockingMethod(OzoneManagerProtocolProtos.java) [ozone-interface-client-1.4.0-SNAPSHOT.jar:?]
	at org.apache.hadoop.ipc.ProtobufRpcEngine$Server.processCall(ProtobufRpcEngine.java:484) [hadoop-common-3.3.6.jar:?]
	at org.apache.hadoop.ipc.ProtobufRpcEngine2$Server$ProtoBufRpcInvoker.call(ProtobufRpcEngine2.java:595) [hadoop-common-3.3.6.jar:?]
	at org.apache.hadoop.ipc.ProtobufRpcEngine2$Server$ProtoBufRpcInvoker.call(ProtobufRpcEngine2.java:573) [hadoop-common-3.3.6.jar:?]
	at org.apache.hadoop.ipc.RPC$Server.call(RPC.java:1227) [hadoop-common-3.3.6.jar:?]
	at org.apache.hadoop.ipc.Server$RpcCall.run(Server.java:1094) [hadoop-common-3.3.6.jar:?]
	at org.apache.hadoop.ipc.Server$RpcCall.run(Server.java:1017) [hadoop-common-3.3.6.jar:?]
	at java.security.AccessController.doPrivileged(Native Method) ~[?:1.8.0_382]
	at javax.security.auth.Subject.doAs(Subject.java:422) [?:1.8.0_382]
	at org.apache.hadoop.security.UserGroupInformation.doAs(UserGroupInformation.java:1899) [hadoop-common-3.3.6.jar:?]
	at org.apache.hadoop.ipc.Server$Handler.run(Server.java:3048) [hadoop-common-3.3.6.jar:?]
11:36:26.005 [IPC Server handler 10 on default port 15110] ERROR OMAudit - user=runner | ip=127.0.0.1 | op=GET_FILE_STATUS {volume=volume79256, bucket=bucket28461, key=testBatchDelete/parent/childFolder/child4, dataSize=0, replicationConfig=null} | ret=FAILURE
org.apache.hadoop.ozone.om.exceptions.OMException: Unable to get file status: volume: volume79256 bucket: bucket28461 key: testBatchDelete/parent/childFolder/child4
	at org.apache.hadoop.ozone.om.KeyManagerImpl.getOzoneFileStatus(KeyManagerImpl.java:1195) ~[ozone-manager-1.4.0-SNAPSHOT.jar:?]
	at org.apache.hadoop.ozone.om.KeyManagerImpl.getFileStatus(KeyManagerImpl.java:1113) ~[ozone-manager-1.4.0-SNAPSHOT.jar:?]
	at org.apache.hadoop.ozone.om.OmMetadataReader.getFileStatus(OmMetadataReader.java:262) ~[ozone-manager-1.4.0-SNAPSHOT.jar:?]
	at org.apache.hadoop.ozone.om.OzoneManager.getFileStatus(OzoneManager.java:3513) ~[ozone-manager-1.4.0-SNAPSHOT.jar:?]
	at org.apache.hadoop.ozone.protocolPB.OzoneManagerRequestHandler.getOzoneFileStatus(OzoneManagerRequestHandler.java:973) ~[ozone-manager-1.4.0-SNAPSHOT.jar:?]
	at org.apache.hadoop.ozone.protocolPB.OzoneManagerRequestHandler.handleReadRequest(OzoneManagerRequestHandler.java:252) ~[ozone-manager-1.4.0-SNAPSHOT.jar:?]
	at org.apache.hadoop.ozone.protocolPB.OzoneManagerProtocolServerSideTranslatorPB.submitReadRequestToOM(OzoneManagerProtocolServerSideTranslatorPB.java:225) ~[ozone-manager-1.4.0-SNAPSHOT.jar:?]
	at org.apache.hadoop.ozone.protocolPB.OzoneManagerProtocolServerSideTranslatorPB.processRequest(OzoneManagerProtocolServerSideTranslatorPB.java:179) ~[ozone-manager-1.4.0-SNAPSHOT.jar:?]
	at org.apache.hadoop.hdds.server.OzoneProtocolMessageDispatcher.processRequest(OzoneProtocolMessageDispatcher.java:87) [hdds-server-framework-1.4.0-SNAPSHOT.jar:?]
	at org.apache.hadoop.ozone.protocolPB.OzoneManagerProtocolServerSideTranslatorPB.submitRequest(OzoneManagerProtocolServerSideTranslatorPB.java:148) [ozone-manager-1.4.0-SNAPSHOT.jar:?]
	at org.apache.hadoop.ozone.protocol.proto.OzoneManagerProtocolProtos$OzoneManagerService$2.callBlockingMethod(OzoneManagerProtocolProtos.java) [ozone-interface-client-1.4.0-SNAPSHOT.jar:?]
	at org.apache.hadoop.ipc.ProtobufRpcEngine$Server.processCall(ProtobufRpcEngine.java:484) [hadoop-common-3.3.6.jar:?]
	at org.apache.hadoop.ipc.ProtobufRpcEngine2$Server$ProtoBufRpcInvoker.call(ProtobufRpcEngine2.java:595) [hadoop-common-3.3.6.jar:?]
	at org.apache.hadoop.ipc.ProtobufRpcEngine2$Server$ProtoBufRpcInvoker.call(ProtobufRpcEngine2.java:573) [hadoop-common-3.3.6.jar:?]
	at org.apache.hadoop.ipc.RPC$Server.call(RPC.java:1227) [hadoop-common-3.3.6.jar:?]
	at org.apache.hadoop.ipc.Server$RpcCall.run(Server.java:1094) [hadoop-common-3.3.6.jar:?]
	at org.apache.hadoop.ipc.Server$RpcCall.run(Server.java:1017) [hadoop-common-3.3.6.jar:?]
	at java.security.AccessController.doPrivileged(Native Method) ~[?:1.8.0_382]
	at javax.security.auth.Subject.doAs(Subject.java:422) [?:1.8.0_382]
	at org.apache.hadoop.security.UserGroupInformation.doAs(UserGroupInformation.java:1899) [hadoop-common-3.3.6.jar:?]
	at org.apache.hadoop.ipc.Server$Handler.run(Server.java:3048) [hadoop-common-3.3.6.jar:?]
11:36:26.006 [IPC Server handler 11 on default port 15110] ERROR OMAudit - user=runner | ip=127.0.0.1 | op=GET_FILE_STATUS {volume=volume79256, bucket=bucket28461, key=testBatchDelete/parent/child5, dataSize=0, replicationConfig=null} | ret=FAILURE
org.apache.hadoop.ozone.om.exceptions.OMException: Unable to get file status: volume: volume79256 bucket: bucket28461 key: testBatchDelete/parent/child5
	at org.apache.hadoop.ozone.om.KeyManagerImpl.getOzoneFileStatus(KeyManagerImpl.java:1195) ~[ozone-manager-1.4.0-SNAPSHOT.jar:?]
	at org.apache.hadoop.ozone.om.KeyManagerImpl.getFileStatus(KeyManagerImpl.java:1113) ~[ozone-manager-1.4.0-SNAPSHOT.jar:?]
	at org.apache.hadoop.ozone.om.OmMetadataReader.getFileStatus(OmMetadataReader.java:262) ~[ozone-manager-1.4.0-SNAPSHOT.jar:?]
	at org.apache.hadoop.ozone.om.OzoneManager.getFileStatus(OzoneManager.java:3513) ~[ozone-manager-1.4.0-SNAPSHOT.jar:?]
	at org.apache.hadoop.ozone.protocolPB.OzoneManagerRequestHandler.getOzoneFileStatus(OzoneManagerRequestHandler.java:973) ~[ozone-manager-1.4.0-SNAPSHOT.jar:?]
	at org.apache.hadoop.ozone.protocolPB.OzoneManagerRequestHandler.handleReadRequest(OzoneManagerRequestHandler.java:252) ~[ozone-manager-1.4.0-SNAPSHOT.jar:?]
	at org.apache.hadoop.ozone.protocolPB.OzoneManagerProtocolServerSideTranslatorPB.submitReadRequestToOM(OzoneManagerProtocolServerSideTranslatorPB.java:225) ~[ozone-manager-1.4.0-SNAPSHOT.jar:?]
	at org.apache.hadoop.ozone.protocolPB.OzoneManagerProtocolServerSideTranslatorPB.processRequest(OzoneManagerProtocolServerSideTranslatorPB.java:179) ~[ozone-manager-1.4.0-SNAPSHOT.jar:?]
	at org.apache.hadoop.hdds.server.OzoneProtocolMessageDispatcher.processRequest(OzoneProtocolMessageDispatcher.java:87) [hdds-server-framework-1.4.0-SNAPSHOT.jar:?]
	at org.apache.hadoop.ozone.protocolPB.OzoneManagerProtocolServerSideTranslatorPB.submitRequest(OzoneManagerProtocolServerSideTranslatorPB.java:148) [ozone-manager-1.4.0-SNAPSHOT.jar:?]
	at org.apache.hadoop.ozone.protocol.proto.OzoneManagerProtocolProtos$OzoneManagerService$2.callBlockingMethod(OzoneManagerProtocolProtos.java) [ozone-interface-client-1.4.0-SNAPSHOT.jar:?]
	at org.apache.hadoop.ipc.ProtobufRpcEngine$Server.processCall(ProtobufRpcEngine.java:484) [hadoop-common-3.3.6.jar:?]
	at org.apache.hadoop.ipc.ProtobufRpcEngine2$Server$ProtoBufRpcInvoker.call(ProtobufRpcEngine2.java:595) [hadoop-common-3.3.6.jar:?]
	at org.apache.hadoop.ipc.ProtobufRpcEngine2$Server$ProtoBufRpcInvoker.call(ProtobufRpcEngine2.java:573) [hadoop-common-3.3.6.jar:?]
	at org.apache.hadoop.ipc.RPC$Server.call(RPC.java:1227) [hadoop-common-3.3.6.jar:?]
	at org.apache.hadoop.ipc.Server$RpcCall.run(Server.java:1094) [hadoop-common-3.3.6.jar:?]
	at org.apache.hadoop.ipc.Server$RpcCall.run(Server.java:1017) [hadoop-common-3.3.6.jar:?]
	at java.security.AccessController.doPrivileged(Native Method) ~[?:1.8.0_382]
	at javax.security.auth.Subject.doAs(Subject.java:422) [?:1.8.0_382]
	at org.apache.hadoop.security.UserGroupInformation.doAs(UserGroupInformation.java:1899) [hadoop-common-3.3.6.jar:?]
	at org.apache.hadoop.ipc.Server$Handler.run(Server.java:3048) [hadoop-common-3.3.6.jar:?]
11:36:26.007 [IPC Server handler 12 on default port 15110] ERROR OMAudit - user=runner | ip=127.0.0.1 | op=GET_FILE_STATUS {volume=volume79256, bucket=bucket28461, key=testBatchDelete/parent/childFolder/child5, dataSize=0, replicationConfig=null} | ret=FAILURE
org.apache.hadoop.ozone.om.exceptions.OMException: Unable to get file status: volume: volume79256 bucket: bucket28461 key: testBatchDelete/parent/childFolder/child5
	at org.apache.hadoop.ozone.om.KeyManagerImpl.getOzoneFileStatus(KeyManagerImpl.java:1195) ~[ozone-manager-1.4.0-SNAPSHOT.jar:?]
	at org.apache.hadoop.ozone.om.KeyManagerImpl.getFileStatus(KeyManagerImpl.java:1113) ~[ozone-manager-1.4.0-SNAPSHOT.jar:?]
	at org.apache.hadoop.ozone.om.OmMetadataReader.getFileStatus(OmMetadataReader.java:262) ~[ozone-manager-1.4.0-SNAPSHOT.jar:?]
	at org.apache.hadoop.ozone.om.OzoneManager.getFileStatus(OzoneManager.java:3513) ~[ozone-manager-1.4.0-SNAPSHOT.jar:?]
	at org.apache.hadoop.ozone.protocolPB.OzoneManagerRequestHandler.getOzoneFileStatus(OzoneManagerRequestHandler.java:973) ~[ozone-manager-1.4.0-SNAPSHOT.jar:?]
	at org.apache.hadoop.ozone.protocolPB.OzoneManagerRequestHandler.handleReadRequest(OzoneManagerRequestHandler.java:252) ~[ozone-manager-1.4.0-SNAPSHOT.jar:?]
	at org.apache.hadoop.ozone.protocolPB.OzoneManagerProtocolServerSideTranslatorPB.submitReadRequestToOM(OzoneManagerProtocolServerSideTranslatorPB.java:225) ~[ozone-manager-1.4.0-SNAPSHOT.jar:?]
	at org.apache.hadoop.ozone.protocolPB.OzoneManagerProtocolServerSideTranslatorPB.processRequest(OzoneManagerProtocolServerSideTranslatorPB.java:179) ~[ozone-manager-1.4.0-SNAPSHOT.jar:?]
	at org.apache.hadoop.hdds.server.OzoneProtocolMessageDispatcher.processRequest(OzoneProtocolMessageDispatcher.java:87) [hdds-server-framework-1.4.0-SNAPSHOT.jar:?]
	at org.apache.hadoop.ozone.protocolPB.OzoneManagerProtocolServerSideTranslatorPB.submitRequest(OzoneManagerProtocolServerSideTranslatorPB.java:148) [ozone-manager-1.4.0-SNAPSHOT.jar:?]
	at org.apache.hadoop.ozone.protocol.proto.OzoneManagerProtocolProtos$OzoneManagerService$2.callBlockingMethod(OzoneManagerProtocolProtos.java) [ozone-interface-client-1.4.0-SNAPSHOT.jar:?]
	at org.apache.hadoop.ipc.ProtobufRpcEngine$Server.processCall(ProtobufRpcEngine.java:484) [hadoop-common-3.3.6.jar:?]
	at org.apache.hadoop.ipc.ProtobufRpcEngine2$Server$ProtoBufRpcInvoker.call(ProtobufRpcEngine2.java:595) [hadoop-common-3.3.6.jar:?]
	at org.apache.hadoop.ipc.ProtobufRpcEngine2$Server$ProtoBufRpcInvoker.call(ProtobufRpcEngine2.java:573) [hadoop-common-3.3.6.jar:?]
	at org.apache.hadoop.ipc.RPC$Server.call(RPC.java:1227) [hadoop-common-3.3.6.jar:?]
	at org.apache.hadoop.ipc.Server$RpcCall.run(Server.java:1094) [hadoop-common-3.3.6.jar:?]
	at org.apache.hadoop.ipc.Server$RpcCall.run(Server.java:1017) [hadoop-common-3.3.6.jar:?]
	at java.security.AccessController.doPrivileged(Native Method) ~[?:1.8.0_382]
	at javax.security.auth.Subject.doAs(Subject.java:422) [?:1.8.0_382]
	at org.apache.hadoop.security.UserGroupInformation.doAs(UserGroupInformation.java:1899) [hadoop-common-3.3.6.jar:?]
	at org.apache.hadoop.ipc.Server$Handler.run(Server.java:3048) [hadoop-common-3.3.6.jar:?]
11:36:26.008 [IPC Server handler 16 on default port 15110] ERROR OMAudit - user=runner | ip=127.0.0.1 | op=GET_FILE_STATUS {volume=volume79256, bucket=bucket28461, key=testBatchDelete/parent/child6, dataSize=0, replicationConfig=null} | ret=FAILURE
org.apache.hadoop.ozone.om.exceptions.OMException: Unable to get file status: volume: volume79256 bucket: bucket28461 key: testBatchDelete/parent/child6
	at org.apache.hadoop.ozone.om.KeyManagerImpl.getOzoneFileStatus(KeyManagerImpl.java:1195) ~[ozone-manager-1.4.0-SNAPSHOT.jar:?]
	at org.apache.hadoop.ozone.om.KeyManagerImpl.getFileStatus(KeyManagerImpl.java:1113) ~[ozone-manager-1.4.0-SNAPSHOT.jar:?]
	at org.apache.hadoop.ozone.om.OmMetadataReader.getFileStatus(OmMetadataReader.java:262) ~[ozone-manager-1.4.0-SNAPSHOT.jar:?]
	at org.apache.hadoop.ozone.om.OzoneManager.getFileStatus(OzoneManager.java:3513) ~[ozone-manager-1.4.0-SNAPSHOT.jar:?]
	at org.apache.hadoop.ozone.protocolPB.OzoneManagerRequestHandler.getOzoneFileStatus(OzoneManagerRequestHandler.java:973) ~[ozone-manager-1.4.0-SNAPSHOT.jar:?]
	at org.apache.hadoop.ozone.protocolPB.OzoneManagerRequestHandler.handleReadRequest(OzoneManagerRequestHandler.java:252) ~[ozone-manager-1.4.0-SNAPSHOT.jar:?]
	at org.apache.hadoop.ozone.protocolPB.OzoneManagerProtocolServerSideTranslatorPB.submitReadRequestToOM(OzoneManagerProtocolServerSideTranslatorPB.java:225) ~[ozone-manager-1.4.0-SNAPSHOT.jar:?]
	at org.apache.hadoop.ozone.protocolPB.OzoneManagerProtocolServerSideTranslatorPB.processRequest(OzoneManagerProtocolServerSideTranslatorPB.java:179) ~[ozone-manager-1.4.0-SNAPSHOT.jar:?]
	at org.apache.hadoop.hdds.server.OzoneProtocolMessageDispatcher.processRequest(OzoneProtocolMessageDispatcher.java:87) [hdds-server-framework-1.4.0-SNAPSHOT.jar:?]
	at org.apache.hadoop.ozone.protocolPB.OzoneManagerProtocolServerSideTranslatorPB.submitRequest(OzoneManagerProtocolServerSideTranslatorPB.java:148) [ozone-manager-1.4.0-SNAPSHOT.jar:?]
	at org.apache.hadoop.ozone.protocol.proto.OzoneManagerProtocolProtos$OzoneManagerService$2.callBlockingMethod(OzoneManagerProtocolProtos.java) [ozone-interface-client-1.4.0-SNAPSHOT.jar:?]
	at org.apache.hadoop.ipc.ProtobufRpcEngine$Server.processCall(ProtobufRpcEngine.java:484) [hadoop-common-3.3.6.jar:?]
	at org.apache.hadoop.ipc.ProtobufRpcEngine2$Server$ProtoBufRpcInvoker.call(ProtobufRpcEngine2.java:595) [hadoop-common-3.3.6.jar:?]
	at org.apache.hadoop.ipc.ProtobufRpcEngine2$Server$ProtoBufRpcInvoker.call(ProtobufRpcEngine2.java:573) [hadoop-common-3.3.6.jar:?]
	at org.apache.hadoop.ipc.RPC$Server.call(RPC.java:1227) [hadoop-common-3.3.6.jar:?]
	at org.apache.hadoop.ipc.Server$RpcCall.run(Server.java:1094) [hadoop-common-3.3.6.jar:?]
	at org.apache.hadoop.ipc.Server$RpcCall.run(Server.java:1017) [hadoop-common-3.3.6.jar:?]
	at java.security.AccessController.doPrivileged(Native Method) ~[?:1.8.0_382]
	at javax.security.auth.Subject.doAs(Subject.java:422) [?:1.8.0_382]
	at org.apache.hadoop.security.UserGroupInformation.doAs(UserGroupInformation.java:1899) [hadoop-common-3.3.6.jar:?]
	at org.apache.hadoop.ipc.Server$Handler.run(Server.java:3048) [hadoop-common-3.3.6.jar:?]
11:36:26.009 [IPC Server handler 14 on default port 15110] ERROR OMAudit - user=runner | ip=127.0.0.1 | op=GET_FILE_STATUS {volume=volume79256, bucket=bucket28461, key=testBatchDelete/parent/childFolder/child6, dataSize=0, replicationConfig=null} | ret=FAILURE
org.apache.hadoop.ozone.om.exceptions.OMException: Unable to get file status: volume: volume79256 bucket: bucket28461 key: testBatchDelete/parent/childFolder/child6
	at org.apache.hadoop.ozone.om.KeyManagerImpl.getOzoneFileStatus(KeyManagerImpl.java:1195) ~[ozone-manager-1.4.0-SNAPSHOT.jar:?]
	at org.apache.hadoop.ozone.om.KeyManagerImpl.getFileStatus(KeyManagerImpl.java:1113) ~[ozone-manager-1.4.0-SNAPSHOT.jar:?]
	at org.apache.hadoop.ozone.om.OmMetadataReader.getFileStatus(OmMetadataReader.java:262) ~[ozone-manager-1.4.0-SNAPSHOT.jar:?]
	at org.apache.hadoop.ozone.om.OzoneManager.getFileStatus(OzoneManager.java:3513) ~[ozone-manager-1.4.0-SNAPSHOT.jar:?]
	at org.apache.hadoop.ozone.protocolPB.OzoneManagerRequestHandler.getOzoneFileStatus(OzoneManagerRequestHandler.java:973) ~[ozone-manager-1.4.0-SNAPSHOT.jar:?]
	at org.apache.hadoop.ozone.protocolPB.OzoneManagerRequestHandler.handleReadRequest(OzoneManagerRequestHandler.java:252) ~[ozone-manager-1.4.0-SNAPSHOT.jar:?]
	at org.apache.hadoop.ozone.protocolPB.OzoneManagerProtocolServerSideTranslatorPB.submitReadRequestToOM(OzoneManagerProtocolServerSideTranslatorPB.java:225) ~[ozone-manager-1.4.0-SNAPSHOT.jar:?]
	at org.apache.hadoop.ozone.protocolPB.OzoneManagerProtocolServerSideTranslatorPB.processRequest(OzoneManagerProtocolServerSideTranslatorPB.java:179) ~[ozone-manager-1.4.0-SNAPSHOT.jar:?]
	at org.apache.hadoop.hdds.server.OzoneProtocolMessageDispatcher.processRequest(OzoneProtocolMessageDispatcher.java:87) [hdds-server-framework-1.4.0-SNAPSHOT.jar:?]
	at org.apache.hadoop.ozone.protocolPB.OzoneManagerProtocolServerSideTranslatorPB.submitRequest(OzoneManagerProtocolServerSideTranslatorPB.java:148) [ozone-manager-1.4.0-SNAPSHOT.jar:?]
	at org.apache.hadoop.ozone.protocol.proto.OzoneManagerProtocolProtos$OzoneManagerService$2.callBlockingMethod(OzoneManagerProtocolProtos.java) [ozone-interface-client-1.4.0-SNAPSHOT.jar:?]
	at org.apache.hadoop.ipc.ProtobufRpcEngine$Server.processCall(ProtobufRpcEngine.java:484) [hadoop-common-3.3.6.jar:?]
	at org.apache.hadoop.ipc.ProtobufRpcEngine2$Server$ProtoBufRpcInvoker.call(ProtobufRpcEngine2.java:595) [hadoop-common-3.3.6.jar:?]
	at org.apache.hadoop.ipc.ProtobufRpcEngine2$Server$ProtoBufRpcInvoker.call(ProtobufRpcEngine2.java:573) [hadoop-common-3.3.6.jar:?]
	at org.apache.hadoop.ipc.RPC$Server.call(RPC.java:1227) [hadoop-common-3.3.6.jar:?]
	at org.apache.hadoop.ipc.Server$RpcCall.run(Server.java:1094) [hadoop-common-3.3.6.jar:?]
	at org.apache.hadoop.ipc.Server$RpcCall.run(Server.java:1017) [hadoop-common-3.3.6.jar:?]
	at java.security.AccessController.doPrivileged(Native Method) ~[?:1.8.0_382]
	at javax.security.auth.Subject.doAs(Subject.java:422) [?:1.8.0_382]
	at org.apache.hadoop.security.UserGroupInformation.doAs(UserGroupInformation.java:1899) [hadoop-common-3.3.6.jar:?]
	at org.apache.hadoop.ipc.Server$Handler.run(Server.java:3048) [hadoop-common-3.3.6.jar:?]
11:36:26.010 [IPC Server handler 18 on default port 15110] ERROR OMAudit - user=runner | ip=127.0.0.1 | op=GET_FILE_STATUS {volume=volume79256, bucket=bucket28461, key=testBatchDelete/parent/child7, dataSize=0, replicationConfig=null} | ret=FAILURE
org.apache.hadoop.ozone.om.exceptions.OMException: Unable to get file status: volume: volume79256 bucket: bucket28461 key: testBatchDelete/parent/child7
	at org.apache.hadoop.ozone.om.KeyManagerImpl.getOzoneFileStatus(KeyManagerImpl.java:1195) ~[ozone-manager-1.4.0-SNAPSHOT.jar:?]
	at org.apache.hadoop.ozone.om.KeyManagerImpl.getFileStatus(KeyManagerImpl.java:1113) ~[ozone-manager-1.4.0-SNAPSHOT.jar:?]
	at org.apache.hadoop.ozone.om.OmMetadataReader.getFileStatus(OmMetadataReader.java:262) ~[ozone-manager-1.4.0-SNAPSHOT.jar:?]
	at org.apache.hadoop.ozone.om.OzoneManager.getFileStatus(OzoneManager.java:3513) ~[ozone-manager-1.4.0-SNAPSHOT.jar:?]
	at org.apache.hadoop.ozone.protocolPB.OzoneManagerRequestHandler.getOzoneFileStatus(OzoneManagerRequestHandler.java:973) ~[ozone-manager-1.4.0-SNAPSHOT.jar:?]
	at org.apache.hadoop.ozone.protocolPB.OzoneManagerRequestHandler.handleReadRequest(OzoneManagerRequestHandler.java:252) ~[ozone-manager-1.4.0-SNAPSHOT.jar:?]
	at org.apache.hadoop.ozone.protocolPB.OzoneManagerProtocolServerSideTranslatorPB.submitReadRequestToOM(OzoneManagerProtocolServerSideTranslatorPB.java:225) ~[ozone-manager-1.4.0-SNAPSHOT.jar:?]
	at org.apache.hadoop.ozone.protocolPB.OzoneManagerProtocolServerSideTranslatorPB.processRequest(OzoneManagerProtocolServerSideTranslatorPB.java:179) ~[ozone-manager-1.4.0-SNAPSHOT.jar:?]
	at org.apache.hadoop.hdds.server.OzoneProtocolMessageDispatcher.processRequest(OzoneProtocolMessageDispatcher.java:87) [hdds-server-framework-1.4.0-SNAPSHOT.jar:?]
	at org.apache.hadoop.ozone.protocolPB.OzoneManagerProtocolServerSideTranslatorPB.submitRequest(OzoneManagerProtocolServerSideTranslatorPB.java:148) [ozone-manager-1.4.0-SNAPSHOT.jar:?]
	at org.apache.hadoop.ozone.protocol.proto.OzoneManagerProtocolProtos$OzoneManagerService$2.callBlockingMethod(OzoneManagerProtocolProtos.java) [ozone-interface-client-1.4.0-SNAPSHOT.jar:?]
	at org.apache.hadoop.ipc.ProtobufRpcEngine$Server.processCall(ProtobufRpcEngine.java:484) [hadoop-common-3.3.6.jar:?]
	at org.apache.hadoop.ipc.ProtobufRpcEngine2$Server$ProtoBufRpcInvoker.call(ProtobufRpcEngine2.java:595) [hadoop-common-3.3.6.jar:?]
	at org.apache.hadoop.ipc.ProtobufRpcEngine2$Server$ProtoBufRpcInvoker.call(ProtobufRpcEngine2.java:573) [hadoop-common-3.3.6.jar:?]
	at org.apache.hadoop.ipc.RPC$Server.call(RPC.java:1227) [hadoop-common-3.3.6.jar:?]
	at org.apache.hadoop.ipc.Server$RpcCall.run(Server.java:1094) [hadoop-common-3.3.6.jar:?]
	at org.apache.hadoop.ipc.Server$RpcCall.run(Server.java:1017) [hadoop-common-3.3.6.jar:?]
	at java.security.AccessController.doPrivileged(Native Method) ~[?:1.8.0_382]
	at javax.security.auth.Subject.doAs(Subject.java:422) [?:1.8.0_382]
	at org.apache.hadoop.security.UserGroupInformation.doAs(UserGroupInformation.java:1899) [hadoop-common-3.3.6.jar:?]
	at org.apache.hadoop.ipc.Server$Handler.run(Server.java:3048) [hadoop-common-3.3.6.jar:?]
11:36:26.012 [IPC Server handler 15 on default port 15110] ERROR OMAudit - user=runner | ip=127.0.0.1 | op=GET_FILE_STATUS {volume=volume79256, bucket=bucket28461, key=testBatchDelete/parent/childFolder/child7, dataSize=0, replicationConfig=null} | ret=FAILURE
org.apache.hadoop.ozone.om.exceptions.OMException: Unable to get file status: volume: volume79256 bucket: bucket28461 key: testBatchDelete/parent/childFolder/child7
	at org.apache.hadoop.ozone.om.KeyManagerImpl.getOzoneFileStatus(KeyManagerImpl.java:1195) ~[ozone-manager-1.4.0-SNAPSHOT.jar:?]
	at org.apache.hadoop.ozone.om.KeyManagerImpl.getFileStatus(KeyManagerImpl.java:1113) ~[ozone-manager-1.4.0-SNAPSHOT.jar:?]
	at org.apache.hadoop.ozone.om.OmMetadataReader.getFileStatus(OmMetadataReader.java:262) ~[ozone-manager-1.4.0-SNAPSHOT.jar:?]
	at org.apache.hadoop.ozone.om.OzoneManager.getFileStatus(OzoneManager.java:3513) ~[ozone-manager-1.4.0-SNAPSHOT.jar:?]
	at org.apache.hadoop.ozone.protocolPB.OzoneManagerRequestHandler.getOzoneFileStatus(OzoneManagerRequestHandler.java:973) ~[ozone-manager-1.4.0-SNAPSHOT.jar:?]
	at org.apache.hadoop.ozone.protocolPB.OzoneManagerRequestHandler.handleReadRequest(OzoneManagerRequestHandler.java:252) ~[ozone-manager-1.4.0-SNAPSHOT.jar:?]
	at org.apache.hadoop.ozone.protocolPB.OzoneManagerProtocolServerSideTranslatorPB.submitReadRequestToOM(OzoneManagerProtocolServerSideTranslatorPB.java:225) ~[ozone-manager-1.4.0-SNAPSHOT.jar:?]
	at org.apache.hadoop.ozone.protocolPB.OzoneManagerProtocolServerSideTranslatorPB.processRequest(OzoneManagerProtocolServerSideTranslatorPB.java:179) ~[ozone-manager-1.4.0-SNAPSHOT.jar:?]
	at org.apache.hadoop.hdds.server.OzoneProtocolMessageDispatcher.processRequest(OzoneProtocolMessageDispatcher.java:87) [hdds-server-framework-1.4.0-SNAPSHOT.jar:?]
	at org.apache.hadoop.ozone.protocolPB.OzoneManagerProtocolServerSideTranslatorPB.submitRequest(OzoneManagerProtocolServerSideTranslatorPB.java:148) [ozone-manager-1.4.0-SNAPSHOT.jar:?]
	at org.apache.hadoop.ozone.protocol.proto.OzoneManagerProtocolProtos$OzoneManagerService$2.callBlockingMethod(OzoneManagerProtocolProtos.java) [ozone-interface-client-1.4.0-SNAPSHOT.jar:?]
	at org.apache.hadoop.ipc.ProtobufRpcEngine$Server.processCall(ProtobufRpcEngine.java:484) [hadoop-common-3.3.6.jar:?]
	at org.apache.hadoop.ipc.ProtobufRpcEngine2$Server$ProtoBufRpcInvoker.call(ProtobufRpcEngine2.java:595) [hadoop-common-3.3.6.jar:?]
	at org.apache.hadoop.ipc.ProtobufRpcEngine2$Server$ProtoBufRpcInvoker.call(ProtobufRpcEngine2.java:573) [hadoop-common-3.3.6.jar:?]
	at org.apache.hadoop.ipc.RPC$Server.call(RPC.java:1227) [hadoop-common-3.3.6.jar:?]
	at org.apache.hadoop.ipc.Server$RpcCall.run(Server.java:1094) [hadoop-common-3.3.6.jar:?]
	at org.apache.hadoop.ipc.Server$RpcCall.run(Server.java:1017) [hadoop-common-3.3.6.jar:?]
	at java.security.AccessController.doPrivileged(Native Method) ~[?:1.8.0_382]
	at javax.security.auth.Subject.doAs(Subject.java:422) [?:1.8.0_382]
	at org.apache.hadoop.security.UserGroupInformation.doAs(UserGroupInformation.java:1899) [hadoop-common-3.3.6.jar:?]
	at org.apache.hadoop.ipc.Server$Handler.run(Server.java:3048) [hadoop-common-3.3.6.jar:?]
11:36:26.014 [IPC Server handler 17 on default port 15110] ERROR OMAudit - user=runner | ip=127.0.0.1 | op=GET_FILE_STATUS {volume=volume79256, bucket=bucket28461, key=testBatchDelete/parent, dataSize=0, replicationConfig=null} | ret=FAILURE
org.apache.hadoop.ozone.om.exceptions.OMException: Unable to get file status: volume: volume79256 bucket: bucket28461 key: testBatchDelete/parent
	at org.apache.hadoop.ozone.om.KeyManagerImpl.getOzoneFileStatus(KeyManagerImpl.java:1195) ~[ozone-manager-1.4.0-SNAPSHOT.jar:?]
	at org.apache.hadoop.ozone.om.KeyManagerImpl.getFileStatus(KeyManagerImpl.java:1113) ~[ozone-manager-1.4.0-SNAPSHOT.jar:?]
	at org.apache.hadoop.ozone.om.OmMetadataReader.getFileStatus(OmMetadataReader.java:262) ~[ozone-manager-1.4.0-SNAPSHOT.jar:?]
	at org.apache.hadoop.ozone.om.OzoneManager.getFileStatus(OzoneManager.java:3513) ~[ozone-manager-1.4.0-SNAPSHOT.jar:?]
	at org.apache.hadoop.ozone.protocolPB.OzoneManagerRequestHandler.getOzoneFileStatus(OzoneManagerRequestHandler.java:973) ~[ozone-manager-1.4.0-SNAPSHOT.jar:?]
	at org.apache.hadoop.ozone.protocolPB.OzoneManagerRequestHandler.handleReadRequest(OzoneManagerRequestHandler.java:252) ~[ozone-manager-1.4.0-SNAPSHOT.jar:?]
	at org.apache.hadoop.ozone.protocolPB.OzoneManagerProtocolServerSideTranslatorPB.submitReadRequestToOM(OzoneManagerProtocolServerSideTranslatorPB.java:225) ~[ozone-manager-1.4.0-SNAPSHOT.jar:?]
	at org.apache.hadoop.ozone.protocolPB.OzoneManagerProtocolServerSideTranslatorPB.processRequest(OzoneManagerProtocolServerSideTranslatorPB.java:179) ~[ozone-manager-1.4.0-SNAPSHOT.jar:?]
	at org.apache.hadoop.hdds.server.OzoneProtocolMessageDispatcher.processRequest(OzoneProtocolMessageDispatcher.java:87) [hdds-server-framework-1.4.0-SNAPSHOT.jar:?]
	at org.apache.hadoop.ozone.protocolPB.OzoneManagerProtocolServerSideTranslatorPB.submitRequest(OzoneManagerProtocolServerSideTranslatorPB.java:148) [ozone-manager-1.4.0-SNAPSHOT.jar:?]
	at org.apache.hadoop.ozone.protocol.proto.OzoneManagerProtocolProtos$OzoneManagerService$2.callBlockingMethod(OzoneManagerProtocolProtos.java) [ozone-interface-client-1.4.0-SNAPSHOT.jar:?]
	at org.apache.hadoop.ipc.ProtobufRpcEngine$Server.processCall(ProtobufRpcEngine.java:484) [hadoop-common-3.3.6.jar:?]
	at org.apache.hadoop.ipc.ProtobufRpcEngine2$Server$ProtoBufRpcInvoker.call(ProtobufRpcEngine2.java:595) [hadoop-common-3.3.6.jar:?]
	at org.apache.hadoop.ipc.ProtobufRpcEngine2$Server$ProtoBufRpcInvoker.call(ProtobufRpcEngine2.java:573) [hadoop-common-3.3.6.jar:?]
	at org.apache.hadoop.ipc.RPC$Server.call(RPC.java:1227) [hadoop-common-3.3.6.jar:?]
	at org.apache.hadoop.ipc.Server$RpcCall.run(Server.java:1094) [hadoop-common-3.3.6.jar:?]
	at org.apache.hadoop.ipc.Server$RpcCall.run(Server.java:1017) [hadoop-common-3.3.6.jar:?]
	at java.security.AccessController.doPrivileged(Native Method) ~[?:1.8.0_382]
	at javax.security.auth.Subject.doAs(Subject.java:422) [?:1.8.0_382]
	at org.apache.hadoop.security.UserGroupInformation.doAs(UserGroupInformation.java:1899) [hadoop-common-3.3.6.jar:?]
	at org.apache.hadoop.ipc.Server$Handler.run(Server.java:3048) [hadoop-common-3.3.6.jar:?]
2023-08-25 11:36:26,014 [Time-limited test] WARN  ozone.BasicOzoneFileSystem (BasicOzoneFileSystem.java:delete(595)) - delete: Path does not exist: /testBatchDelete/parent
]]></system-out>
  </testcase>
  <testcase name="testFileDelete" classname="TestOzoneFileSystem" time="0.115">
    <system-out><![CDATA[11:38:01.661 [IPC Server handler 13 on default port 15163] ERROR OMAudit - user=runner | ip=127.0.0.1 | op=GET_FILE_STATUS {volume=volume45503, bucket=bucket29530, key=testBatchDelete, dataSize=0, replicationConfig=null} | ret=FAILURE
org.apache.hadoop.ozone.om.exceptions.OMException: Unable to get file status: volume: volume45503 bucket: bucket29530 key: testBatchDelete
	at org.apache.hadoop.ozone.om.KeyManagerImpl.getOzoneFileStatus(KeyManagerImpl.java:1195) ~[ozone-manager-1.4.0-SNAPSHOT.jar:?]
	at org.apache.hadoop.ozone.om.KeyManagerImpl.getFileStatus(KeyManagerImpl.java:1113) ~[ozone-manager-1.4.0-SNAPSHOT.jar:?]
	at org.apache.hadoop.ozone.om.OmMetadataReader.getFileStatus(OmMetadataReader.java:262) ~[ozone-manager-1.4.0-SNAPSHOT.jar:?]
	at org.apache.hadoop.ozone.om.OzoneManager.getFileStatus(OzoneManager.java:3513) ~[ozone-manager-1.4.0-SNAPSHOT.jar:?]
	at org.apache.hadoop.ozone.protocolPB.OzoneManagerRequestHandler.getOzoneFileStatus(OzoneManagerRequestHandler.java:973) ~[ozone-manager-1.4.0-SNAPSHOT.jar:?]
	at org.apache.hadoop.ozone.protocolPB.OzoneManagerRequestHandler.handleReadRequest(OzoneManagerRequestHandler.java:252) ~[ozone-manager-1.4.0-SNAPSHOT.jar:?]
	at org.apache.hadoop.ozone.protocolPB.OzoneManagerProtocolServerSideTranslatorPB.submitRequestDirectlyToOM(OzoneManagerProtocolServerSideTranslatorPB.java:274) ~[ozone-manager-1.4.0-SNAPSHOT.jar:?]
	at org.apache.hadoop.ozone.protocolPB.OzoneManagerProtocolServerSideTranslatorPB.processRequest(OzoneManagerProtocolServerSideTranslatorPB.java:175) ~[ozone-manager-1.4.0-SNAPSHOT.jar:?]
	at org.apache.hadoop.hdds.server.OzoneProtocolMessageDispatcher.processRequest(OzoneProtocolMessageDispatcher.java:87) [hdds-server-framework-1.4.0-SNAPSHOT.jar:?]
	at org.apache.hadoop.ozone.protocolPB.OzoneManagerProtocolServerSideTranslatorPB.submitRequest(OzoneManagerProtocolServerSideTranslatorPB.java:148) [ozone-manager-1.4.0-SNAPSHOT.jar:?]
	at org.apache.hadoop.ozone.protocol.proto.OzoneManagerProtocolProtos$OzoneManagerService$2.callBlockingMethod(OzoneManagerProtocolProtos.java) [ozone-interface-client-1.4.0-SNAPSHOT.jar:?]
	at org.apache.hadoop.ipc.ProtobufRpcEngine$Server.processCall(ProtobufRpcEngine.java:484) [hadoop-common-3.3.6.jar:?]
	at org.apache.hadoop.ipc.ProtobufRpcEngine2$Server$ProtoBufRpcInvoker.call(ProtobufRpcEngine2.java:595) [hadoop-common-3.3.6.jar:?]
	at org.apache.hadoop.ipc.ProtobufRpcEngine2$Server$ProtoBufRpcInvoker.call(ProtobufRpcEngine2.java:573) [hadoop-common-3.3.6.jar:?]
	at org.apache.hadoop.ipc.RPC$Server.call(RPC.java:1227) [hadoop-common-3.3.6.jar:?]
	at org.apache.hadoop.ipc.Server$RpcCall.run(Server.java:1094) [hadoop-common-3.3.6.jar:?]
	at org.apache.hadoop.ipc.Server$RpcCall.run(Server.java:1017) [hadoop-common-3.3.6.jar:?]
	at java.security.AccessController.doPrivileged(Native Method) ~[?:1.8.0_382]
	at javax.security.auth.Subject.doAs(Subject.java:422) [?:1.8.0_382]
	at org.apache.hadoop.security.UserGroupInformation.doAs(UserGroupInformation.java:1899) [hadoop-common-3.3.6.jar:?]
	at org.apache.hadoop.ipc.Server$Handler.run(Server.java:3048) [hadoop-common-3.3.6.jar:?]
11:38:01.662 [IPC Server handler 19 on default port 15163] ERROR OMAudit - user=runner | ip=127.0.0.1 | op=GET_FILE_STATUS {volume=volume45503, bucket=bucket29530, key=testBatchDelete/parent/child0, dataSize=0, replicationConfig=null} | ret=FAILURE
org.apache.hadoop.ozone.om.exceptions.OMException: Unable to get file status: volume: volume45503 bucket: bucket29530 key: testBatchDelete/parent/child0
	at org.apache.hadoop.ozone.om.KeyManagerImpl.getOzoneFileStatus(KeyManagerImpl.java:1195) ~[ozone-manager-1.4.0-SNAPSHOT.jar:?]
	at org.apache.hadoop.ozone.om.KeyManagerImpl.getFileStatus(KeyManagerImpl.java:1113) ~[ozone-manager-1.4.0-SNAPSHOT.jar:?]
	at org.apache.hadoop.ozone.om.OmMetadataReader.getFileStatus(OmMetadataReader.java:262) ~[ozone-manager-1.4.0-SNAPSHOT.jar:?]
	at org.apache.hadoop.ozone.om.OzoneManager.getFileStatus(OzoneManager.java:3513) ~[ozone-manager-1.4.0-SNAPSHOT.jar:?]
	at org.apache.hadoop.ozone.protocolPB.OzoneManagerRequestHandler.getOzoneFileStatus(OzoneManagerRequestHandler.java:973) ~[ozone-manager-1.4.0-SNAPSHOT.jar:?]
	at org.apache.hadoop.ozone.protocolPB.OzoneManagerRequestHandler.handleReadRequest(OzoneManagerRequestHandler.java:252) ~[ozone-manager-1.4.0-SNAPSHOT.jar:?]
	at org.apache.hadoop.ozone.protocolPB.OzoneManagerProtocolServerSideTranslatorPB.submitRequestDirectlyToOM(OzoneManagerProtocolServerSideTranslatorPB.java:274) ~[ozone-manager-1.4.0-SNAPSHOT.jar:?]
	at org.apache.hadoop.ozone.protocolPB.OzoneManagerProtocolServerSideTranslatorPB.processRequest(OzoneManagerProtocolServerSideTranslatorPB.java:175) ~[ozone-manager-1.4.0-SNAPSHOT.jar:?]
	at org.apache.hadoop.hdds.server.OzoneProtocolMessageDispatcher.processRequest(OzoneProtocolMessageDispatcher.java:87) [hdds-server-framework-1.4.0-SNAPSHOT.jar:?]
	at org.apache.hadoop.ozone.protocolPB.OzoneManagerProtocolServerSideTranslatorPB.submitRequest(OzoneManagerProtocolServerSideTranslatorPB.java:148) [ozone-manager-1.4.0-SNAPSHOT.jar:?]
	at org.apache.hadoop.ozone.protocol.proto.OzoneManagerProtocolProtos$OzoneManagerService$2.callBlockingMethod(OzoneManagerProtocolProtos.java) [ozone-interface-client-1.4.0-SNAPSHOT.jar:?]
	at org.apache.hadoop.ipc.ProtobufRpcEngine$Server.processCall(ProtobufRpcEngine.java:484) [hadoop-common-3.3.6.jar:?]
	at org.apache.hadoop.ipc.ProtobufRpcEngine2$Server$ProtoBufRpcInvoker.call(ProtobufRpcEngine2.java:595) [hadoop-common-3.3.6.jar:?]
	at org.apache.hadoop.ipc.ProtobufRpcEngine2$Server$ProtoBufRpcInvoker.call(ProtobufRpcEngine2.java:573) [hadoop-common-3.3.6.jar:?]
	at org.apache.hadoop.ipc.RPC$Server.call(RPC.java:1227) [hadoop-common-3.3.6.jar:?]
	at org.apache.hadoop.ipc.Server$RpcCall.run(Server.java:1094) [hadoop-common-3.3.6.jar:?]
	at org.apache.hadoop.ipc.Server$RpcCall.run(Server.java:1017) [hadoop-common-3.3.6.jar:?]
	at java.security.AccessController.doPrivileged(Native Method) ~[?:1.8.0_382]
	at javax.security.auth.Subject.doAs(Subject.java:422) [?:1.8.0_382]
	at org.apache.hadoop.security.UserGroupInformation.doAs(UserGroupInformation.java:1899) [hadoop-common-3.3.6.jar:?]
	at org.apache.hadoop.ipc.Server$Handler.run(Server.java:3048) [hadoop-common-3.3.6.jar:?]
11:38:01.663 [IPC Server handler 15 on default port 15163] ERROR OMAudit - user=runner | ip=127.0.0.1 | op=GET_FILE_STATUS {volume=volume45503, bucket=bucket29530, key=testBatchDelete/parent/childFolder/child0, dataSize=0, replicationConfig=null} | ret=FAILURE
org.apache.hadoop.ozone.om.exceptions.OMException: Unable to get file status: volume: volume45503 bucket: bucket29530 key: testBatchDelete/parent/childFolder/child0
	at org.apache.hadoop.ozone.om.KeyManagerImpl.getOzoneFileStatus(KeyManagerImpl.java:1195) ~[ozone-manager-1.4.0-SNAPSHOT.jar:?]
	at org.apache.hadoop.ozone.om.KeyManagerImpl.getFileStatus(KeyManagerImpl.java:1113) ~[ozone-manager-1.4.0-SNAPSHOT.jar:?]
	at org.apache.hadoop.ozone.om.OmMetadataReader.getFileStatus(OmMetadataReader.java:262) ~[ozone-manager-1.4.0-SNAPSHOT.jar:?]
	at org.apache.hadoop.ozone.om.OzoneManager.getFileStatus(OzoneManager.java:3513) ~[ozone-manager-1.4.0-SNAPSHOT.jar:?]
	at org.apache.hadoop.ozone.protocolPB.OzoneManagerRequestHandler.getOzoneFileStatus(OzoneManagerRequestHandler.java:973) ~[ozone-manager-1.4.0-SNAPSHOT.jar:?]
	at org.apache.hadoop.ozone.protocolPB.OzoneManagerRequestHandler.handleReadRequest(OzoneManagerRequestHandler.java:252) ~[ozone-manager-1.4.0-SNAPSHOT.jar:?]
	at org.apache.hadoop.ozone.protocolPB.OzoneManagerProtocolServerSideTranslatorPB.submitRequestDirectlyToOM(OzoneManagerProtocolServerSideTranslatorPB.java:274) ~[ozone-manager-1.4.0-SNAPSHOT.jar:?]
	at org.apache.hadoop.ozone.protocolPB.OzoneManagerProtocolServerSideTranslatorPB.processRequest(OzoneManagerProtocolServerSideTranslatorPB.java:175) ~[ozone-manager-1.4.0-SNAPSHOT.jar:?]
	at org.apache.hadoop.hdds.server.OzoneProtocolMessageDispatcher.processRequest(OzoneProtocolMessageDispatcher.java:87) [hdds-server-framework-1.4.0-SNAPSHOT.jar:?]
	at org.apache.hadoop.ozone.protocolPB.OzoneManagerProtocolServerSideTranslatorPB.submitRequest(OzoneManagerProtocolServerSideTranslatorPB.java:148) [ozone-manager-1.4.0-SNAPSHOT.jar:?]
	at org.apache.hadoop.ozone.protocol.proto.OzoneManagerProtocolProtos$OzoneManagerService$2.callBlockingMethod(OzoneManagerProtocolProtos.java) [ozone-interface-client-1.4.0-SNAPSHOT.jar:?]
	at org.apache.hadoop.ipc.ProtobufRpcEngine$Server.processCall(ProtobufRpcEngine.java:484) [hadoop-common-3.3.6.jar:?]
	at org.apache.hadoop.ipc.ProtobufRpcEngine2$Server$ProtoBufRpcInvoker.call(ProtobufRpcEngine2.java:595) [hadoop-common-3.3.6.jar:?]
	at org.apache.hadoop.ipc.ProtobufRpcEngine2$Server$ProtoBufRpcInvoker.call(ProtobufRpcEngine2.java:573) [hadoop-common-3.3.6.jar:?]
	at org.apache.hadoop.ipc.RPC$Server.call(RPC.java:1227) [hadoop-common-3.3.6.jar:?]
	at org.apache.hadoop.ipc.Server$RpcCall.run(Server.java:1094) [hadoop-common-3.3.6.jar:?]
	at org.apache.hadoop.ipc.Server$RpcCall.run(Server.java:1017) [hadoop-common-3.3.6.jar:?]
	at java.security.AccessController.doPrivileged(Native Method) ~[?:1.8.0_382]
	at javax.security.auth.Subject.doAs(Subject.java:422) [?:1.8.0_382]
	at org.apache.hadoop.security.UserGroupInformation.doAs(UserGroupInformation.java:1899) [hadoop-common-3.3.6.jar:?]
	at org.apache.hadoop.ipc.Server$Handler.run(Server.java:3048) [hadoop-common-3.3.6.jar:?]
11:38:01.665 [IPC Server handler 14 on default port 15163] ERROR OMAudit - user=runner | ip=127.0.0.1 | op=GET_FILE_STATUS {volume=volume45503, bucket=bucket29530, key=testBatchDelete/parent/child1, dataSize=0, replicationConfig=null} | ret=FAILURE
org.apache.hadoop.ozone.om.exceptions.OMException: Unable to get file status: volume: volume45503 bucket: bucket29530 key: testBatchDelete/parent/child1
	at org.apache.hadoop.ozone.om.KeyManagerImpl.getOzoneFileStatus(KeyManagerImpl.java:1195) ~[ozone-manager-1.4.0-SNAPSHOT.jar:?]
	at org.apache.hadoop.ozone.om.KeyManagerImpl.getFileStatus(KeyManagerImpl.java:1113) ~[ozone-manager-1.4.0-SNAPSHOT.jar:?]
	at org.apache.hadoop.ozone.om.OmMetadataReader.getFileStatus(OmMetadataReader.java:262) ~[ozone-manager-1.4.0-SNAPSHOT.jar:?]
	at org.apache.hadoop.ozone.om.OzoneManager.getFileStatus(OzoneManager.java:3513) ~[ozone-manager-1.4.0-SNAPSHOT.jar:?]
	at org.apache.hadoop.ozone.protocolPB.OzoneManagerRequestHandler.getOzoneFileStatus(OzoneManagerRequestHandler.java:973) ~[ozone-manager-1.4.0-SNAPSHOT.jar:?]
	at org.apache.hadoop.ozone.protocolPB.OzoneManagerRequestHandler.handleReadRequest(OzoneManagerRequestHandler.java:252) ~[ozone-manager-1.4.0-SNAPSHOT.jar:?]
	at org.apache.hadoop.ozone.protocolPB.OzoneManagerProtocolServerSideTranslatorPB.submitRequestDirectlyToOM(OzoneManagerProtocolServerSideTranslatorPB.java:274) ~[ozone-manager-1.4.0-SNAPSHOT.jar:?]
	at org.apache.hadoop.ozone.protocolPB.OzoneManagerProtocolServerSideTranslatorPB.processRequest(OzoneManagerProtocolServerSideTranslatorPB.java:175) ~[ozone-manager-1.4.0-SNAPSHOT.jar:?]
	at org.apache.hadoop.hdds.server.OzoneProtocolMessageDispatcher.processRequest(OzoneProtocolMessageDispatcher.java:87) [hdds-server-framework-1.4.0-SNAPSHOT.jar:?]
	at org.apache.hadoop.ozone.protocolPB.OzoneManagerProtocolServerSideTranslatorPB.submitRequest(OzoneManagerProtocolServerSideTranslatorPB.java:148) [ozone-manager-1.4.0-SNAPSHOT.jar:?]
	at org.apache.hadoop.ozone.protocol.proto.OzoneManagerProtocolProtos$OzoneManagerService$2.callBlockingMethod(OzoneManagerProtocolProtos.java) [ozone-interface-client-1.4.0-SNAPSHOT.jar:?]
	at org.apache.hadoop.ipc.ProtobufRpcEngine$Server.processCall(ProtobufRpcEngine.java:484) [hadoop-common-3.3.6.jar:?]
	at org.apache.hadoop.ipc.ProtobufRpcEngine2$Server$ProtoBufRpcInvoker.call(ProtobufRpcEngine2.java:595) [hadoop-common-3.3.6.jar:?]
	at org.apache.hadoop.ipc.ProtobufRpcEngine2$Server$ProtoBufRpcInvoker.call(ProtobufRpcEngine2.java:573) [hadoop-common-3.3.6.jar:?]
	at org.apache.hadoop.ipc.RPC$Server.call(RPC.java:1227) [hadoop-common-3.3.6.jar:?]
	at org.apache.hadoop.ipc.Server$RpcCall.run(Server.java:1094) [hadoop-common-3.3.6.jar:?]
	at org.apache.hadoop.ipc.Server$RpcCall.run(Server.java:1017) [hadoop-common-3.3.6.jar:?]
	at java.security.AccessController.doPrivileged(Native Method) ~[?:1.8.0_382]
	at javax.security.auth.Subject.doAs(Subject.java:422) [?:1.8.0_382]
	at org.apache.hadoop.security.UserGroupInformation.doAs(UserGroupInformation.java:1899) [hadoop-common-3.3.6.jar:?]
	at org.apache.hadoop.ipc.Server$Handler.run(Server.java:3048) [hadoop-common-3.3.6.jar:?]
11:38:01.666 [IPC Server handler 17 on default port 15163] ERROR OMAudit - user=runner | ip=127.0.0.1 | op=GET_FILE_STATUS {volume=volume45503, bucket=bucket29530, key=testBatchDelete/parent/childFolder/child1, dataSize=0, replicationConfig=null} | ret=FAILURE
org.apache.hadoop.ozone.om.exceptions.OMException: Unable to get file status: volume: volume45503 bucket: bucket29530 key: testBatchDelete/parent/childFolder/child1
	at org.apache.hadoop.ozone.om.KeyManagerImpl.getOzoneFileStatus(KeyManagerImpl.java:1195) ~[ozone-manager-1.4.0-SNAPSHOT.jar:?]
	at org.apache.hadoop.ozone.om.KeyManagerImpl.getFileStatus(KeyManagerImpl.java:1113) ~[ozone-manager-1.4.0-SNAPSHOT.jar:?]
	at org.apache.hadoop.ozone.om.OmMetadataReader.getFileStatus(OmMetadataReader.java:262) ~[ozone-manager-1.4.0-SNAPSHOT.jar:?]
	at org.apache.hadoop.ozone.om.OzoneManager.getFileStatus(OzoneManager.java:3513) ~[ozone-manager-1.4.0-SNAPSHOT.jar:?]
	at org.apache.hadoop.ozone.protocolPB.OzoneManagerRequestHandler.getOzoneFileStatus(OzoneManagerRequestHandler.java:973) ~[ozone-manager-1.4.0-SNAPSHOT.jar:?]
	at org.apache.hadoop.ozone.protocolPB.OzoneManagerRequestHandler.handleReadRequest(OzoneManagerRequestHandler.java:252) ~[ozone-manager-1.4.0-SNAPSHOT.jar:?]
	at org.apache.hadoop.ozone.protocolPB.OzoneManagerProtocolServerSideTranslatorPB.submitRequestDirectlyToOM(OzoneManagerProtocolServerSideTranslatorPB.java:274) ~[ozone-manager-1.4.0-SNAPSHOT.jar:?]
	at org.apache.hadoop.ozone.protocolPB.OzoneManagerProtocolServerSideTranslatorPB.processRequest(OzoneManagerProtocolServerSideTranslatorPB.java:175) ~[ozone-manager-1.4.0-SNAPSHOT.jar:?]
	at org.apache.hadoop.hdds.server.OzoneProtocolMessageDispatcher.processRequest(OzoneProtocolMessageDispatcher.java:87) [hdds-server-framework-1.4.0-SNAPSHOT.jar:?]
	at org.apache.hadoop.ozone.protocolPB.OzoneManagerProtocolServerSideTranslatorPB.submitRequest(OzoneManagerProtocolServerSideTranslatorPB.java:148) [ozone-manager-1.4.0-SNAPSHOT.jar:?]
	at org.apache.hadoop.ozone.protocol.proto.OzoneManagerProtocolProtos$OzoneManagerService$2.callBlockingMethod(OzoneManagerProtocolProtos.java) [ozone-interface-client-1.4.0-SNAPSHOT.jar:?]
	at org.apache.hadoop.ipc.ProtobufRpcEngine$Server.processCall(ProtobufRpcEngine.java:484) [hadoop-common-3.3.6.jar:?]
	at org.apache.hadoop.ipc.ProtobufRpcEngine2$Server$ProtoBufRpcInvoker.call(ProtobufRpcEngine2.java:595) [hadoop-common-3.3.6.jar:?]
	at org.apache.hadoop.ipc.ProtobufRpcEngine2$Server$ProtoBufRpcInvoker.call(ProtobufRpcEngine2.java:573) [hadoop-common-3.3.6.jar:?]
	at org.apache.hadoop.ipc.RPC$Server.call(RPC.java:1227) [hadoop-common-3.3.6.jar:?]
	at org.apache.hadoop.ipc.Server$RpcCall.run(Server.java:1094) [hadoop-common-3.3.6.jar:?]
	at org.apache.hadoop.ipc.Server$RpcCall.run(Server.java:1017) [hadoop-common-3.3.6.jar:?]
	at java.security.AccessController.doPrivileged(Native Method) ~[?:1.8.0_382]
	at javax.security.auth.Subject.doAs(Subject.java:422) [?:1.8.0_382]
	at org.apache.hadoop.security.UserGroupInformation.doAs(UserGroupInformation.java:1899) [hadoop-common-3.3.6.jar:?]
	at org.apache.hadoop.ipc.Server$Handler.run(Server.java:3048) [hadoop-common-3.3.6.jar:?]
11:38:01.667 [IPC Server handler 16 on default port 15163] ERROR OMAudit - user=runner | ip=127.0.0.1 | op=GET_FILE_STATUS {volume=volume45503, bucket=bucket29530, key=testBatchDelete/parent/child2, dataSize=0, replicationConfig=null} | ret=FAILURE
org.apache.hadoop.ozone.om.exceptions.OMException: Unable to get file status: volume: volume45503 bucket: bucket29530 key: testBatchDelete/parent/child2
	at org.apache.hadoop.ozone.om.KeyManagerImpl.getOzoneFileStatus(KeyManagerImpl.java:1195) ~[ozone-manager-1.4.0-SNAPSHOT.jar:?]
	at org.apache.hadoop.ozone.om.KeyManagerImpl.getFileStatus(KeyManagerImpl.java:1113) ~[ozone-manager-1.4.0-SNAPSHOT.jar:?]
	at org.apache.hadoop.ozone.om.OmMetadataReader.getFileStatus(OmMetadataReader.java:262) ~[ozone-manager-1.4.0-SNAPSHOT.jar:?]
	at org.apache.hadoop.ozone.om.OzoneManager.getFileStatus(OzoneManager.java:3513) ~[ozone-manager-1.4.0-SNAPSHOT.jar:?]
	at org.apache.hadoop.ozone.protocolPB.OzoneManagerRequestHandler.getOzoneFileStatus(OzoneManagerRequestHandler.java:973) ~[ozone-manager-1.4.0-SNAPSHOT.jar:?]
	at org.apache.hadoop.ozone.protocolPB.OzoneManagerRequestHandler.handleReadRequest(OzoneManagerRequestHandler.java:252) ~[ozone-manager-1.4.0-SNAPSHOT.jar:?]
	at org.apache.hadoop.ozone.protocolPB.OzoneManagerProtocolServerSideTranslatorPB.submitRequestDirectlyToOM(OzoneManagerProtocolServerSideTranslatorPB.java:274) ~[ozone-manager-1.4.0-SNAPSHOT.jar:?]
	at org.apache.hadoop.ozone.protocolPB.OzoneManagerProtocolServerSideTranslatorPB.processRequest(OzoneManagerProtocolServerSideTranslatorPB.java:175) ~[ozone-manager-1.4.0-SNAPSHOT.jar:?]
	at org.apache.hadoop.hdds.server.OzoneProtocolMessageDispatcher.processRequest(OzoneProtocolMessageDispatcher.java:87) [hdds-server-framework-1.4.0-SNAPSHOT.jar:?]
	at org.apache.hadoop.ozone.protocolPB.OzoneManagerProtocolServerSideTranslatorPB.submitRequest(OzoneManagerProtocolServerSideTranslatorPB.java:148) [ozone-manager-1.4.0-SNAPSHOT.jar:?]
	at org.apache.hadoop.ozone.protocol.proto.OzoneManagerProtocolProtos$OzoneManagerService$2.callBlockingMethod(OzoneManagerProtocolProtos.java) [ozone-interface-client-1.4.0-SNAPSHOT.jar:?]
	at org.apache.hadoop.ipc.ProtobufRpcEngine$Server.processCall(ProtobufRpcEngine.java:484) [hadoop-common-3.3.6.jar:?]
	at org.apache.hadoop.ipc.ProtobufRpcEngine2$Server$ProtoBufRpcInvoker.call(ProtobufRpcEngine2.java:595) [hadoop-common-3.3.6.jar:?]
	at org.apache.hadoop.ipc.ProtobufRpcEngine2$Server$ProtoBufRpcInvoker.call(ProtobufRpcEngine2.java:573) [hadoop-common-3.3.6.jar:?]
	at org.apache.hadoop.ipc.RPC$Server.call(RPC.java:1227) [hadoop-common-3.3.6.jar:?]
	at org.apache.hadoop.ipc.Server$RpcCall.run(Server.java:1094) [hadoop-common-3.3.6.jar:?]
	at org.apache.hadoop.ipc.Server$RpcCall.run(Server.java:1017) [hadoop-common-3.3.6.jar:?]
	at java.security.AccessController.doPrivileged(Native Method) ~[?:1.8.0_382]
	at javax.security.auth.Subject.doAs(Subject.java:422) [?:1.8.0_382]
	at org.apache.hadoop.security.UserGroupInformation.doAs(UserGroupInformation.java:1899) [hadoop-common-3.3.6.jar:?]
	at org.apache.hadoop.ipc.Server$Handler.run(Server.java:3048) [hadoop-common-3.3.6.jar:?]
11:38:01.668 [IPC Server handler 18 on default port 15163] ERROR OMAudit - user=runner | ip=127.0.0.1 | op=GET_FILE_STATUS {volume=volume45503, bucket=bucket29530, key=testBatchDelete/parent/childFolder/child2, dataSize=0, replicationConfig=null} | ret=FAILURE
org.apache.hadoop.ozone.om.exceptions.OMException: Unable to get file status: volume: volume45503 bucket: bucket29530 key: testBatchDelete/parent/childFolder/child2
	at org.apache.hadoop.ozone.om.KeyManagerImpl.getOzoneFileStatus(KeyManagerImpl.java:1195) ~[ozone-manager-1.4.0-SNAPSHOT.jar:?]
	at org.apache.hadoop.ozone.om.KeyManagerImpl.getFileStatus(KeyManagerImpl.java:1113) ~[ozone-manager-1.4.0-SNAPSHOT.jar:?]
	at org.apache.hadoop.ozone.om.OmMetadataReader.getFileStatus(OmMetadataReader.java:262) ~[ozone-manager-1.4.0-SNAPSHOT.jar:?]
	at org.apache.hadoop.ozone.om.OzoneManager.getFileStatus(OzoneManager.java:3513) ~[ozone-manager-1.4.0-SNAPSHOT.jar:?]
	at org.apache.hadoop.ozone.protocolPB.OzoneManagerRequestHandler.getOzoneFileStatus(OzoneManagerRequestHandler.java:973) ~[ozone-manager-1.4.0-SNAPSHOT.jar:?]
	at org.apache.hadoop.ozone.protocolPB.OzoneManagerRequestHandler.handleReadRequest(OzoneManagerRequestHandler.java:252) ~[ozone-manager-1.4.0-SNAPSHOT.jar:?]
	at org.apache.hadoop.ozone.protocolPB.OzoneManagerProtocolServerSideTranslatorPB.submitRequestDirectlyToOM(OzoneManagerProtocolServerSideTranslatorPB.java:274) ~[ozone-manager-1.4.0-SNAPSHOT.jar:?]
	at org.apache.hadoop.ozone.protocolPB.OzoneManagerProtocolServerSideTranslatorPB.processRequest(OzoneManagerProtocolServerSideTranslatorPB.java:175) ~[ozone-manager-1.4.0-SNAPSHOT.jar:?]
	at org.apache.hadoop.hdds.server.OzoneProtocolMessageDispatcher.processRequest(OzoneProtocolMessageDispatcher.java:87) [hdds-server-framework-1.4.0-SNAPSHOT.jar:?]
	at org.apache.hadoop.ozone.protocolPB.OzoneManagerProtocolServerSideTranslatorPB.submitRequest(OzoneManagerProtocolServerSideTranslatorPB.java:148) [ozone-manager-1.4.0-SNAPSHOT.jar:?]
	at org.apache.hadoop.ozone.protocol.proto.OzoneManagerProtocolProtos$OzoneManagerService$2.callBlockingMethod(OzoneManagerProtocolProtos.java) [ozone-interface-client-1.4.0-SNAPSHOT.jar:?]
	at org.apache.hadoop.ipc.ProtobufRpcEngine$Server.processCall(ProtobufRpcEngine.java:484) [hadoop-common-3.3.6.jar:?]
	at org.apache.hadoop.ipc.ProtobufRpcEngine2$Server$ProtoBufRpcInvoker.call(ProtobufRpcEngine2.java:595) [hadoop-common-3.3.6.jar:?]
	at org.apache.hadoop.ipc.ProtobufRpcEngine2$Server$ProtoBufRpcInvoker.call(ProtobufRpcEngine2.java:573) [hadoop-common-3.3.6.jar:?]
	at org.apache.hadoop.ipc.RPC$Server.call(RPC.java:1227) [hadoop-common-3.3.6.jar:?]
	at org.apache.hadoop.ipc.Server$RpcCall.run(Server.java:1094) [hadoop-common-3.3.6.jar:?]
	at org.apache.hadoop.ipc.Server$RpcCall.run(Server.java:1017) [hadoop-common-3.3.6.jar:?]
	at java.security.AccessController.doPrivileged(Native Method) ~[?:1.8.0_382]
	at javax.security.auth.Subject.doAs(Subject.java:422) [?:1.8.0_382]
	at org.apache.hadoop.security.UserGroupInformation.doAs(UserGroupInformation.java:1899) [hadoop-common-3.3.6.jar:?]
	at org.apache.hadoop.ipc.Server$Handler.run(Server.java:3048) [hadoop-common-3.3.6.jar:?]
11:38:01.669 [IPC Server handler 11 on default port 15163] ERROR OMAudit - user=runner | ip=127.0.0.1 | op=GET_FILE_STATUS {volume=volume45503, bucket=bucket29530, key=testBatchDelete/parent/child3, dataSize=0, replicationConfig=null} | ret=FAILURE
org.apache.hadoop.ozone.om.exceptions.OMException: Unable to get file status: volume: volume45503 bucket: bucket29530 key: testBatchDelete/parent/child3
	at org.apache.hadoop.ozone.om.KeyManagerImpl.getOzoneFileStatus(KeyManagerImpl.java:1195) ~[ozone-manager-1.4.0-SNAPSHOT.jar:?]
	at org.apache.hadoop.ozone.om.KeyManagerImpl.getFileStatus(KeyManagerImpl.java:1113) ~[ozone-manager-1.4.0-SNAPSHOT.jar:?]
	at org.apache.hadoop.ozone.om.OmMetadataReader.getFileStatus(OmMetadataReader.java:262) ~[ozone-manager-1.4.0-SNAPSHOT.jar:?]
	at org.apache.hadoop.ozone.om.OzoneManager.getFileStatus(OzoneManager.java:3513) ~[ozone-manager-1.4.0-SNAPSHOT.jar:?]
	at org.apache.hadoop.ozone.protocolPB.OzoneManagerRequestHandler.getOzoneFileStatus(OzoneManagerRequestHandler.java:973) ~[ozone-manager-1.4.0-SNAPSHOT.jar:?]
	at org.apache.hadoop.ozone.protocolPB.OzoneManagerRequestHandler.handleReadRequest(OzoneManagerRequestHandler.java:252) ~[ozone-manager-1.4.0-SNAPSHOT.jar:?]
	at org.apache.hadoop.ozone.protocolPB.OzoneManagerProtocolServerSideTranslatorPB.submitRequestDirectlyToOM(OzoneManagerProtocolServerSideTranslatorPB.java:274) ~[ozone-manager-1.4.0-SNAPSHOT.jar:?]
	at org.apache.hadoop.ozone.protocolPB.OzoneManagerProtocolServerSideTranslatorPB.processRequest(OzoneManagerProtocolServerSideTranslatorPB.java:175) ~[ozone-manager-1.4.0-SNAPSHOT.jar:?]
	at org.apache.hadoop.hdds.server.OzoneProtocolMessageDispatcher.processRequest(OzoneProtocolMessageDispatcher.java:87) [hdds-server-framework-1.4.0-SNAPSHOT.jar:?]
	at org.apache.hadoop.ozone.protocolPB.OzoneManagerProtocolServerSideTranslatorPB.submitRequest(OzoneManagerProtocolServerSideTranslatorPB.java:148) [ozone-manager-1.4.0-SNAPSHOT.jar:?]
	at org.apache.hadoop.ozone.protocol.proto.OzoneManagerProtocolProtos$OzoneManagerService$2.callBlockingMethod(OzoneManagerProtocolProtos.java) [ozone-interface-client-1.4.0-SNAPSHOT.jar:?]
	at org.apache.hadoop.ipc.ProtobufRpcEngine$Server.processCall(ProtobufRpcEngine.java:484) [hadoop-common-3.3.6.jar:?]
	at org.apache.hadoop.ipc.ProtobufRpcEngine2$Server$ProtoBufRpcInvoker.call(ProtobufRpcEngine2.java:595) [hadoop-common-3.3.6.jar:?]
	at org.apache.hadoop.ipc.ProtobufRpcEngine2$Server$ProtoBufRpcInvoker.call(ProtobufRpcEngine2.java:573) [hadoop-common-3.3.6.jar:?]
	at org.apache.hadoop.ipc.RPC$Server.call(RPC.java:1227) [hadoop-common-3.3.6.jar:?]
	at org.apache.hadoop.ipc.Server$RpcCall.run(Server.java:1094) [hadoop-common-3.3.6.jar:?]
	at org.apache.hadoop.ipc.Server$RpcCall.run(Server.java:1017) [hadoop-common-3.3.6.jar:?]
	at java.security.AccessController.doPrivileged(Native Method) ~[?:1.8.0_382]
	at javax.security.auth.Subject.doAs(Subject.java:422) [?:1.8.0_382]
	at org.apache.hadoop.security.UserGroupInformation.doAs(UserGroupInformation.java:1899) [hadoop-common-3.3.6.jar:?]
	at org.apache.hadoop.ipc.Server$Handler.run(Server.java:3048) [hadoop-common-3.3.6.jar:?]
11:38:01.670 [IPC Server handler 10 on default port 15163] ERROR OMAudit - user=runner | ip=127.0.0.1 | op=GET_FILE_STATUS {volume=volume45503, bucket=bucket29530, key=testBatchDelete/parent/childFolder/child3, dataSize=0, replicationConfig=null} | ret=FAILURE
org.apache.hadoop.ozone.om.exceptions.OMException: Unable to get file status: volume: volume45503 bucket: bucket29530 key: testBatchDelete/parent/childFolder/child3
	at org.apache.hadoop.ozone.om.KeyManagerImpl.getOzoneFileStatus(KeyManagerImpl.java:1195) ~[ozone-manager-1.4.0-SNAPSHOT.jar:?]
	at org.apache.hadoop.ozone.om.KeyManagerImpl.getFileStatus(KeyManagerImpl.java:1113) ~[ozone-manager-1.4.0-SNAPSHOT.jar:?]
	at org.apache.hadoop.ozone.om.OmMetadataReader.getFileStatus(OmMetadataReader.java:262) ~[ozone-manager-1.4.0-SNAPSHOT.jar:?]
	at org.apache.hadoop.ozone.om.OzoneManager.getFileStatus(OzoneManager.java:3513) ~[ozone-manager-1.4.0-SNAPSHOT.jar:?]
	at org.apache.hadoop.ozone.protocolPB.OzoneManagerRequestHandler.getOzoneFileStatus(OzoneManagerRequestHandler.java:973) ~[ozone-manager-1.4.0-SNAPSHOT.jar:?]
	at org.apache.hadoop.ozone.protocolPB.OzoneManagerRequestHandler.handleReadRequest(OzoneManagerRequestHandler.java:252) ~[ozone-manager-1.4.0-SNAPSHOT.jar:?]
	at org.apache.hadoop.ozone.protocolPB.OzoneManagerProtocolServerSideTranslatorPB.submitRequestDirectlyToOM(OzoneManagerProtocolServerSideTranslatorPB.java:274) ~[ozone-manager-1.4.0-SNAPSHOT.jar:?]
	at org.apache.hadoop.ozone.protocolPB.OzoneManagerProtocolServerSideTranslatorPB.processRequest(OzoneManagerProtocolServerSideTranslatorPB.java:175) ~[ozone-manager-1.4.0-SNAPSHOT.jar:?]
	at org.apache.hadoop.hdds.server.OzoneProtocolMessageDispatcher.processRequest(OzoneProtocolMessageDispatcher.java:87) [hdds-server-framework-1.4.0-SNAPSHOT.jar:?]
	at org.apache.hadoop.ozone.protocolPB.OzoneManagerProtocolServerSideTranslatorPB.submitRequest(OzoneManagerProtocolServerSideTranslatorPB.java:148) [ozone-manager-1.4.0-SNAPSHOT.jar:?]
	at org.apache.hadoop.ozone.protocol.proto.OzoneManagerProtocolProtos$OzoneManagerService$2.callBlockingMethod(OzoneManagerProtocolProtos.java) [ozone-interface-client-1.4.0-SNAPSHOT.jar:?]
	at org.apache.hadoop.ipc.ProtobufRpcEngine$Server.processCall(ProtobufRpcEngine.java:484) [hadoop-common-3.3.6.jar:?]
	at org.apache.hadoop.ipc.ProtobufRpcEngine2$Server$ProtoBufRpcInvoker.call(ProtobufRpcEngine2.java:595) [hadoop-common-3.3.6.jar:?]
	at org.apache.hadoop.ipc.ProtobufRpcEngine2$Server$ProtoBufRpcInvoker.call(ProtobufRpcEngine2.java:573) [hadoop-common-3.3.6.jar:?]
	at org.apache.hadoop.ipc.RPC$Server.call(RPC.java:1227) [hadoop-common-3.3.6.jar:?]
	at org.apache.hadoop.ipc.Server$RpcCall.run(Server.java:1094) [hadoop-common-3.3.6.jar:?]
	at org.apache.hadoop.ipc.Server$RpcCall.run(Server.java:1017) [hadoop-common-3.3.6.jar:?]
	at java.security.AccessController.doPrivileged(Native Method) ~[?:1.8.0_382]
	at javax.security.auth.Subject.doAs(Subject.java:422) [?:1.8.0_382]
	at org.apache.hadoop.security.UserGroupInformation.doAs(UserGroupInformation.java:1899) [hadoop-common-3.3.6.jar:?]
	at org.apache.hadoop.ipc.Server$Handler.run(Server.java:3048) [hadoop-common-3.3.6.jar:?]
11:38:01.671 [IPC Server handler 12 on default port 15163] ERROR OMAudit - user=runner | ip=127.0.0.1 | op=GET_FILE_STATUS {volume=volume45503, bucket=bucket29530, key=testBatchDelete/parent/child4, dataSize=0, replicationConfig=null} | ret=FAILURE
org.apache.hadoop.ozone.om.exceptions.OMException: Unable to get file status: volume: volume45503 bucket: bucket29530 key: testBatchDelete/parent/child4
	at org.apache.hadoop.ozone.om.KeyManagerImpl.getOzoneFileStatus(KeyManagerImpl.java:1195) ~[ozone-manager-1.4.0-SNAPSHOT.jar:?]
	at org.apache.hadoop.ozone.om.KeyManagerImpl.getFileStatus(KeyManagerImpl.java:1113) ~[ozone-manager-1.4.0-SNAPSHOT.jar:?]
	at org.apache.hadoop.ozone.om.OmMetadataReader.getFileStatus(OmMetadataReader.java:262) ~[ozone-manager-1.4.0-SNAPSHOT.jar:?]
	at org.apache.hadoop.ozone.om.OzoneManager.getFileStatus(OzoneManager.java:3513) ~[ozone-manager-1.4.0-SNAPSHOT.jar:?]
	at org.apache.hadoop.ozone.protocolPB.OzoneManagerRequestHandler.getOzoneFileStatus(OzoneManagerRequestHandler.java:973) ~[ozone-manager-1.4.0-SNAPSHOT.jar:?]
	at org.apache.hadoop.ozone.protocolPB.OzoneManagerRequestHandler.handleReadRequest(OzoneManagerRequestHandler.java:252) ~[ozone-manager-1.4.0-SNAPSHOT.jar:?]
	at org.apache.hadoop.ozone.protocolPB.OzoneManagerProtocolServerSideTranslatorPB.submitRequestDirectlyToOM(OzoneManagerProtocolServerSideTranslatorPB.java:274) ~[ozone-manager-1.4.0-SNAPSHOT.jar:?]
	at org.apache.hadoop.ozone.protocolPB.OzoneManagerProtocolServerSideTranslatorPB.processRequest(OzoneManagerProtocolServerSideTranslatorPB.java:175) ~[ozone-manager-1.4.0-SNAPSHOT.jar:?]
	at org.apache.hadoop.hdds.server.OzoneProtocolMessageDispatcher.processRequest(OzoneProtocolMessageDispatcher.java:87) [hdds-server-framework-1.4.0-SNAPSHOT.jar:?]
	at org.apache.hadoop.ozone.protocolPB.OzoneManagerProtocolServerSideTranslatorPB.submitRequest(OzoneManagerProtocolServerSideTranslatorPB.java:148) [ozone-manager-1.4.0-SNAPSHOT.jar:?]
	at org.apache.hadoop.ozone.protocol.proto.OzoneManagerProtocolProtos$OzoneManagerService$2.callBlockingMethod(OzoneManagerProtocolProtos.java) [ozone-interface-client-1.4.0-SNAPSHOT.jar:?]
	at org.apache.hadoop.ipc.ProtobufRpcEngine$Server.processCall(ProtobufRpcEngine.java:484) [hadoop-common-3.3.6.jar:?]
	at org.apache.hadoop.ipc.ProtobufRpcEngine2$Server$ProtoBufRpcInvoker.call(ProtobufRpcEngine2.java:595) [hadoop-common-3.3.6.jar:?]
	at org.apache.hadoop.ipc.ProtobufRpcEngine2$Server$ProtoBufRpcInvoker.call(ProtobufRpcEngine2.java:573) [hadoop-common-3.3.6.jar:?]
	at org.apache.hadoop.ipc.RPC$Server.call(RPC.java:1227) [hadoop-common-3.3.6.jar:?]
	at org.apache.hadoop.ipc.Server$RpcCall.run(Server.java:1094) [hadoop-common-3.3.6.jar:?]
	at org.apache.hadoop.ipc.Server$RpcCall.run(Server.java:1017) [hadoop-common-3.3.6.jar:?]
	at java.security.AccessController.doPrivileged(Native Method) ~[?:1.8.0_382]
	at javax.security.auth.Subject.doAs(Subject.java:422) [?:1.8.0_382]
	at org.apache.hadoop.security.UserGroupInformation.doAs(UserGroupInformation.java:1899) [hadoop-common-3.3.6.jar:?]
	at org.apache.hadoop.ipc.Server$Handler.run(Server.java:3048) [hadoop-common-3.3.6.jar:?]
11:38:01.672 [IPC Server handler 9 on default port 15163] ERROR OMAudit - user=runner | ip=127.0.0.1 | op=GET_FILE_STATUS {volume=volume45503, bucket=bucket29530, key=testBatchDelete/parent/childFolder/child4, dataSize=0, replicationConfig=null} | ret=FAILURE
org.apache.hadoop.ozone.om.exceptions.OMException: Unable to get file status: volume: volume45503 bucket: bucket29530 key: testBatchDelete/parent/childFolder/child4
	at org.apache.hadoop.ozone.om.KeyManagerImpl.getOzoneFileStatus(KeyManagerImpl.java:1195) ~[ozone-manager-1.4.0-SNAPSHOT.jar:?]
	at org.apache.hadoop.ozone.om.KeyManagerImpl.getFileStatus(KeyManagerImpl.java:1113) ~[ozone-manager-1.4.0-SNAPSHOT.jar:?]
	at org.apache.hadoop.ozone.om.OmMetadataReader.getFileStatus(OmMetadataReader.java:262) ~[ozone-manager-1.4.0-SNAPSHOT.jar:?]
	at org.apache.hadoop.ozone.om.OzoneManager.getFileStatus(OzoneManager.java:3513) ~[ozone-manager-1.4.0-SNAPSHOT.jar:?]
	at org.apache.hadoop.ozone.protocolPB.OzoneManagerRequestHandler.getOzoneFileStatus(OzoneManagerRequestHandler.java:973) ~[ozone-manager-1.4.0-SNAPSHOT.jar:?]
	at org.apache.hadoop.ozone.protocolPB.OzoneManagerRequestHandler.handleReadRequest(OzoneManagerRequestHandler.java:252) ~[ozone-manager-1.4.0-SNAPSHOT.jar:?]
	at org.apache.hadoop.ozone.protocolPB.OzoneManagerProtocolServerSideTranslatorPB.submitRequestDirectlyToOM(OzoneManagerProtocolServerSideTranslatorPB.java:274) ~[ozone-manager-1.4.0-SNAPSHOT.jar:?]
	at org.apache.hadoop.ozone.protocolPB.OzoneManagerProtocolServerSideTranslatorPB.processRequest(OzoneManagerProtocolServerSideTranslatorPB.java:175) ~[ozone-manager-1.4.0-SNAPSHOT.jar:?]
	at org.apache.hadoop.hdds.server.OzoneProtocolMessageDispatcher.processRequest(OzoneProtocolMessageDispatcher.java:87) [hdds-server-framework-1.4.0-SNAPSHOT.jar:?]
	at org.apache.hadoop.ozone.protocolPB.OzoneManagerProtocolServerSideTranslatorPB.submitRequest(OzoneManagerProtocolServerSideTranslatorPB.java:148) [ozone-manager-1.4.0-SNAPSHOT.jar:?]
	at org.apache.hadoop.ozone.protocol.proto.OzoneManagerProtocolProtos$OzoneManagerService$2.callBlockingMethod(OzoneManagerProtocolProtos.java) [ozone-interface-client-1.4.0-SNAPSHOT.jar:?]
	at org.apache.hadoop.ipc.ProtobufRpcEngine$Server.processCall(ProtobufRpcEngine.java:484) [hadoop-common-3.3.6.jar:?]
	at org.apache.hadoop.ipc.ProtobufRpcEngine2$Server$ProtoBufRpcInvoker.call(ProtobufRpcEngine2.java:595) [hadoop-common-3.3.6.jar:?]
	at org.apache.hadoop.ipc.ProtobufRpcEngine2$Server$ProtoBufRpcInvoker.call(ProtobufRpcEngine2.java:573) [hadoop-common-3.3.6.jar:?]
	at org.apache.hadoop.ipc.RPC$Server.call(RPC.java:1227) [hadoop-common-3.3.6.jar:?]
	at org.apache.hadoop.ipc.Server$RpcCall.run(Server.java:1094) [hadoop-common-3.3.6.jar:?]
	at org.apache.hadoop.ipc.Server$RpcCall.run(Server.java:1017) [hadoop-common-3.3.6.jar:?]
	at java.security.AccessController.doPrivileged(Native Method) ~[?:1.8.0_382]
	at javax.security.auth.Subject.doAs(Subject.java:422) [?:1.8.0_382]
	at org.apache.hadoop.security.UserGroupInformation.doAs(UserGroupInformation.java:1899) [hadoop-common-3.3.6.jar:?]
	at org.apache.hadoop.ipc.Server$Handler.run(Server.java:3048) [hadoop-common-3.3.6.jar:?]
11:38:01.673 [IPC Server handler 7 on default port 15163] ERROR OMAudit - user=runner | ip=127.0.0.1 | op=GET_FILE_STATUS {volume=volume45503, bucket=bucket29530, key=testBatchDelete/parent/child5, dataSize=0, replicationConfig=null} | ret=FAILURE
org.apache.hadoop.ozone.om.exceptions.OMException: Unable to get file status: volume: volume45503 bucket: bucket29530 key: testBatchDelete/parent/child5
	at org.apache.hadoop.ozone.om.KeyManagerImpl.getOzoneFileStatus(KeyManagerImpl.java:1195) ~[ozone-manager-1.4.0-SNAPSHOT.jar:?]
	at org.apache.hadoop.ozone.om.KeyManagerImpl.getFileStatus(KeyManagerImpl.java:1113) ~[ozone-manager-1.4.0-SNAPSHOT.jar:?]
	at org.apache.hadoop.ozone.om.OmMetadataReader.getFileStatus(OmMetadataReader.java:262) ~[ozone-manager-1.4.0-SNAPSHOT.jar:?]
	at org.apache.hadoop.ozone.om.OzoneManager.getFileStatus(OzoneManager.java:3513) ~[ozone-manager-1.4.0-SNAPSHOT.jar:?]
	at org.apache.hadoop.ozone.protocolPB.OzoneManagerRequestHandler.getOzoneFileStatus(OzoneManagerRequestHandler.java:973) ~[ozone-manager-1.4.0-SNAPSHOT.jar:?]
	at org.apache.hadoop.ozone.protocolPB.OzoneManagerRequestHandler.handleReadRequest(OzoneManagerRequestHandler.java:252) ~[ozone-manager-1.4.0-SNAPSHOT.jar:?]
	at org.apache.hadoop.ozone.protocolPB.OzoneManagerProtocolServerSideTranslatorPB.submitRequestDirectlyToOM(OzoneManagerProtocolServerSideTranslatorPB.java:274) ~[ozone-manager-1.4.0-SNAPSHOT.jar:?]
	at org.apache.hadoop.ozone.protocolPB.OzoneManagerProtocolServerSideTranslatorPB.processRequest(OzoneManagerProtocolServerSideTranslatorPB.java:175) ~[ozone-manager-1.4.0-SNAPSHOT.jar:?]
	at org.apache.hadoop.hdds.server.OzoneProtocolMessageDispatcher.processRequest(OzoneProtocolMessageDispatcher.java:87) [hdds-server-framework-1.4.0-SNAPSHOT.jar:?]
	at org.apache.hadoop.ozone.protocolPB.OzoneManagerProtocolServerSideTranslatorPB.submitRequest(OzoneManagerProtocolServerSideTranslatorPB.java:148) [ozone-manager-1.4.0-SNAPSHOT.jar:?]
	at org.apache.hadoop.ozone.protocol.proto.OzoneManagerProtocolProtos$OzoneManagerService$2.callBlockingMethod(OzoneManagerProtocolProtos.java) [ozone-interface-client-1.4.0-SNAPSHOT.jar:?]
	at org.apache.hadoop.ipc.ProtobufRpcEngine$Server.processCall(ProtobufRpcEngine.java:484) [hadoop-common-3.3.6.jar:?]
	at org.apache.hadoop.ipc.ProtobufRpcEngine2$Server$ProtoBufRpcInvoker.call(ProtobufRpcEngine2.java:595) [hadoop-common-3.3.6.jar:?]
	at org.apache.hadoop.ipc.ProtobufRpcEngine2$Server$ProtoBufRpcInvoker.call(ProtobufRpcEngine2.java:573) [hadoop-common-3.3.6.jar:?]
	at org.apache.hadoop.ipc.RPC$Server.call(RPC.java:1227) [hadoop-common-3.3.6.jar:?]
	at org.apache.hadoop.ipc.Server$RpcCall.run(Server.java:1094) [hadoop-common-3.3.6.jar:?]
	at org.apache.hadoop.ipc.Server$RpcCall.run(Server.java:1017) [hadoop-common-3.3.6.jar:?]
	at java.security.AccessController.doPrivileged(Native Method) ~[?:1.8.0_382]
	at javax.security.auth.Subject.doAs(Subject.java:422) [?:1.8.0_382]
	at org.apache.hadoop.security.UserGroupInformation.doAs(UserGroupInformation.java:1899) [hadoop-common-3.3.6.jar:?]
	at org.apache.hadoop.ipc.Server$Handler.run(Server.java:3048) [hadoop-common-3.3.6.jar:?]
11:38:01.675 [IPC Server handler 8 on default port 15163] ERROR OMAudit - user=runner | ip=127.0.0.1 | op=GET_FILE_STATUS {volume=volume45503, bucket=bucket29530, key=testBatchDelete/parent/childFolder/child5, dataSize=0, replicationConfig=null} | ret=FAILURE
org.apache.hadoop.ozone.om.exceptions.OMException: Unable to get file status: volume: volume45503 bucket: bucket29530 key: testBatchDelete/parent/childFolder/child5
	at org.apache.hadoop.ozone.om.KeyManagerImpl.getOzoneFileStatus(KeyManagerImpl.java:1195) ~[ozone-manager-1.4.0-SNAPSHOT.jar:?]
	at org.apache.hadoop.ozone.om.KeyManagerImpl.getFileStatus(KeyManagerImpl.java:1113) ~[ozone-manager-1.4.0-SNAPSHOT.jar:?]
	at org.apache.hadoop.ozone.om.OmMetadataReader.getFileStatus(OmMetadataReader.java:262) ~[ozone-manager-1.4.0-SNAPSHOT.jar:?]
	at org.apache.hadoop.ozone.om.OzoneManager.getFileStatus(OzoneManager.java:3513) ~[ozone-manager-1.4.0-SNAPSHOT.jar:?]
	at org.apache.hadoop.ozone.protocolPB.OzoneManagerRequestHandler.getOzoneFileStatus(OzoneManagerRequestHandler.java:973) ~[ozone-manager-1.4.0-SNAPSHOT.jar:?]
	at org.apache.hadoop.ozone.protocolPB.OzoneManagerRequestHandler.handleReadRequest(OzoneManagerRequestHandler.java:252) ~[ozone-manager-1.4.0-SNAPSHOT.jar:?]
	at org.apache.hadoop.ozone.protocolPB.OzoneManagerProtocolServerSideTranslatorPB.submitRequestDirectlyToOM(OzoneManagerProtocolServerSideTranslatorPB.java:274) ~[ozone-manager-1.4.0-SNAPSHOT.jar:?]
	at org.apache.hadoop.ozone.protocolPB.OzoneManagerProtocolServerSideTranslatorPB.processRequest(OzoneManagerProtocolServerSideTranslatorPB.java:175) ~[ozone-manager-1.4.0-SNAPSHOT.jar:?]
	at org.apache.hadoop.hdds.server.OzoneProtocolMessageDispatcher.processRequest(OzoneProtocolMessageDispatcher.java:87) [hdds-server-framework-1.4.0-SNAPSHOT.jar:?]
	at org.apache.hadoop.ozone.protocolPB.OzoneManagerProtocolServerSideTranslatorPB.submitRequest(OzoneManagerProtocolServerSideTranslatorPB.java:148) [ozone-manager-1.4.0-SNAPSHOT.jar:?]
	at org.apache.hadoop.ozone.protocol.proto.OzoneManagerProtocolProtos$OzoneManagerService$2.callBlockingMethod(OzoneManagerProtocolProtos.java) [ozone-interface-client-1.4.0-SNAPSHOT.jar:?]
	at org.apache.hadoop.ipc.ProtobufRpcEngine$Server.processCall(ProtobufRpcEngine.java:484) [hadoop-common-3.3.6.jar:?]
	at org.apache.hadoop.ipc.ProtobufRpcEngine2$Server$ProtoBufRpcInvoker.call(ProtobufRpcEngine2.java:595) [hadoop-common-3.3.6.jar:?]
	at org.apache.hadoop.ipc.ProtobufRpcEngine2$Server$ProtoBufRpcInvoker.call(ProtobufRpcEngine2.java:573) [hadoop-common-3.3.6.jar:?]
	at org.apache.hadoop.ipc.RPC$Server.call(RPC.java:1227) [hadoop-common-3.3.6.jar:?]
	at org.apache.hadoop.ipc.Server$RpcCall.run(Server.java:1094) [hadoop-common-3.3.6.jar:?]
	at org.apache.hadoop.ipc.Server$RpcCall.run(Server.java:1017) [hadoop-common-3.3.6.jar:?]
	at java.security.AccessController.doPrivileged(Native Method) ~[?:1.8.0_382]
	at javax.security.auth.Subject.doAs(Subject.java:422) [?:1.8.0_382]
	at org.apache.hadoop.security.UserGroupInformation.doAs(UserGroupInformation.java:1899) [hadoop-common-3.3.6.jar:?]
	at org.apache.hadoop.ipc.Server$Handler.run(Server.java:3048) [hadoop-common-3.3.6.jar:?]
11:38:01.676 [IPC Server handler 4 on default port 15163] ERROR OMAudit - user=runner | ip=127.0.0.1 | op=GET_FILE_STATUS {volume=volume45503, bucket=bucket29530, key=testBatchDelete/parent/child6, dataSize=0, replicationConfig=null} | ret=FAILURE
org.apache.hadoop.ozone.om.exceptions.OMException: Unable to get file status: volume: volume45503 bucket: bucket29530 key: testBatchDelete/parent/child6
	at org.apache.hadoop.ozone.om.KeyManagerImpl.getOzoneFileStatus(KeyManagerImpl.java:1195) ~[ozone-manager-1.4.0-SNAPSHOT.jar:?]
	at org.apache.hadoop.ozone.om.KeyManagerImpl.getFileStatus(KeyManagerImpl.java:1113) ~[ozone-manager-1.4.0-SNAPSHOT.jar:?]
	at org.apache.hadoop.ozone.om.OmMetadataReader.getFileStatus(OmMetadataReader.java:262) ~[ozone-manager-1.4.0-SNAPSHOT.jar:?]
	at org.apache.hadoop.ozone.om.OzoneManager.getFileStatus(OzoneManager.java:3513) ~[ozone-manager-1.4.0-SNAPSHOT.jar:?]
	at org.apache.hadoop.ozone.protocolPB.OzoneManagerRequestHandler.getOzoneFileStatus(OzoneManagerRequestHandler.java:973) ~[ozone-manager-1.4.0-SNAPSHOT.jar:?]
	at org.apache.hadoop.ozone.protocolPB.OzoneManagerRequestHandler.handleReadRequest(OzoneManagerRequestHandler.java:252) ~[ozone-manager-1.4.0-SNAPSHOT.jar:?]
	at org.apache.hadoop.ozone.protocolPB.OzoneManagerProtocolServerSideTranslatorPB.submitRequestDirectlyToOM(OzoneManagerProtocolServerSideTranslatorPB.java:274) ~[ozone-manager-1.4.0-SNAPSHOT.jar:?]
	at org.apache.hadoop.ozone.protocolPB.OzoneManagerProtocolServerSideTranslatorPB.processRequest(OzoneManagerProtocolServerSideTranslatorPB.java:175) ~[ozone-manager-1.4.0-SNAPSHOT.jar:?]
	at org.apache.hadoop.hdds.server.OzoneProtocolMessageDispatcher.processRequest(OzoneProtocolMessageDispatcher.java:87) [hdds-server-framework-1.4.0-SNAPSHOT.jar:?]
	at org.apache.hadoop.ozone.protocolPB.OzoneManagerProtocolServerSideTranslatorPB.submitRequest(OzoneManagerProtocolServerSideTranslatorPB.java:148) [ozone-manager-1.4.0-SNAPSHOT.jar:?]
	at org.apache.hadoop.ozone.protocol.proto.OzoneManagerProtocolProtos$OzoneManagerService$2.callBlockingMethod(OzoneManagerProtocolProtos.java) [ozone-interface-client-1.4.0-SNAPSHOT.jar:?]
	at org.apache.hadoop.ipc.ProtobufRpcEngine$Server.processCall(ProtobufRpcEngine.java:484) [hadoop-common-3.3.6.jar:?]
	at org.apache.hadoop.ipc.ProtobufRpcEngine2$Server$ProtoBufRpcInvoker.call(ProtobufRpcEngine2.java:595) [hadoop-common-3.3.6.jar:?]
	at org.apache.hadoop.ipc.ProtobufRpcEngine2$Server$ProtoBufRpcInvoker.call(ProtobufRpcEngine2.java:573) [hadoop-common-3.3.6.jar:?]
	at org.apache.hadoop.ipc.RPC$Server.call(RPC.java:1227) [hadoop-common-3.3.6.jar:?]
	at org.apache.hadoop.ipc.Server$RpcCall.run(Server.java:1094) [hadoop-common-3.3.6.jar:?]
	at org.apache.hadoop.ipc.Server$RpcCall.run(Server.java:1017) [hadoop-common-3.3.6.jar:?]
	at java.security.AccessController.doPrivileged(Native Method) ~[?:1.8.0_382]
	at javax.security.auth.Subject.doAs(Subject.java:422) [?:1.8.0_382]
	at org.apache.hadoop.security.UserGroupInformation.doAs(UserGroupInformation.java:1899) [hadoop-common-3.3.6.jar:?]
	at org.apache.hadoop.ipc.Server$Handler.run(Server.java:3048) [hadoop-common-3.3.6.jar:?]
11:38:01.676 [IPC Server handler 6 on default port 15163] ERROR OMAudit - user=runner | ip=127.0.0.1 | op=GET_FILE_STATUS {volume=volume45503, bucket=bucket29530, key=testBatchDelete/parent/childFolder/child6, dataSize=0, replicationConfig=null} | ret=FAILURE
org.apache.hadoop.ozone.om.exceptions.OMException: Unable to get file status: volume: volume45503 bucket: bucket29530 key: testBatchDelete/parent/childFolder/child6
	at org.apache.hadoop.ozone.om.KeyManagerImpl.getOzoneFileStatus(KeyManagerImpl.java:1195) ~[ozone-manager-1.4.0-SNAPSHOT.jar:?]
	at org.apache.hadoop.ozone.om.KeyManagerImpl.getFileStatus(KeyManagerImpl.java:1113) ~[ozone-manager-1.4.0-SNAPSHOT.jar:?]
	at org.apache.hadoop.ozone.om.OmMetadataReader.getFileStatus(OmMetadataReader.java:262) ~[ozone-manager-1.4.0-SNAPSHOT.jar:?]
	at org.apache.hadoop.ozone.om.OzoneManager.getFileStatus(OzoneManager.java:3513) ~[ozone-manager-1.4.0-SNAPSHOT.jar:?]
	at org.apache.hadoop.ozone.protocolPB.OzoneManagerRequestHandler.getOzoneFileStatus(OzoneManagerRequestHandler.java:973) ~[ozone-manager-1.4.0-SNAPSHOT.jar:?]
	at org.apache.hadoop.ozone.protocolPB.OzoneManagerRequestHandler.handleReadRequest(OzoneManagerRequestHandler.java:252) ~[ozone-manager-1.4.0-SNAPSHOT.jar:?]
	at org.apache.hadoop.ozone.protocolPB.OzoneManagerProtocolServerSideTranslatorPB.submitRequestDirectlyToOM(OzoneManagerProtocolServerSideTranslatorPB.java:274) ~[ozone-manager-1.4.0-SNAPSHOT.jar:?]
	at org.apache.hadoop.ozone.protocolPB.OzoneManagerProtocolServerSideTranslatorPB.processRequest(OzoneManagerProtocolServerSideTranslatorPB.java:175) ~[ozone-manager-1.4.0-SNAPSHOT.jar:?]
	at org.apache.hadoop.hdds.server.OzoneProtocolMessageDispatcher.processRequest(OzoneProtocolMessageDispatcher.java:87) [hdds-server-framework-1.4.0-SNAPSHOT.jar:?]
	at org.apache.hadoop.ozone.protocolPB.OzoneManagerProtocolServerSideTranslatorPB.submitRequest(OzoneManagerProtocolServerSideTranslatorPB.java:148) [ozone-manager-1.4.0-SNAPSHOT.jar:?]
	at org.apache.hadoop.ozone.protocol.proto.OzoneManagerProtocolProtos$OzoneManagerService$2.callBlockingMethod(OzoneManagerProtocolProtos.java) [ozone-interface-client-1.4.0-SNAPSHOT.jar:?]
	at org.apache.hadoop.ipc.ProtobufRpcEngine$Server.processCall(ProtobufRpcEngine.java:484) [hadoop-common-3.3.6.jar:?]
	at org.apache.hadoop.ipc.ProtobufRpcEngine2$Server$ProtoBufRpcInvoker.call(ProtobufRpcEngine2.java:595) [hadoop-common-3.3.6.jar:?]
	at org.apache.hadoop.ipc.ProtobufRpcEngine2$Server$ProtoBufRpcInvoker.call(ProtobufRpcEngine2.java:573) [hadoop-common-3.3.6.jar:?]
	at org.apache.hadoop.ipc.RPC$Server.call(RPC.java:1227) [hadoop-common-3.3.6.jar:?]
	at org.apache.hadoop.ipc.Server$RpcCall.run(Server.java:1094) [hadoop-common-3.3.6.jar:?]
	at org.apache.hadoop.ipc.Server$RpcCall.run(Server.java:1017) [hadoop-common-3.3.6.jar:?]
	at java.security.AccessController.doPrivileged(Native Method) ~[?:1.8.0_382]
	at javax.security.auth.Subject.doAs(Subject.java:422) [?:1.8.0_382]
	at org.apache.hadoop.security.UserGroupInformation.doAs(UserGroupInformation.java:1899) [hadoop-common-3.3.6.jar:?]
	at org.apache.hadoop.ipc.Server$Handler.run(Server.java:3048) [hadoop-common-3.3.6.jar:?]
11:38:01.677 [IPC Server handler 3 on default port 15163] ERROR OMAudit - user=runner | ip=127.0.0.1 | op=GET_FILE_STATUS {volume=volume45503, bucket=bucket29530, key=testBatchDelete/parent/child7, dataSize=0, replicationConfig=null} | ret=FAILURE
org.apache.hadoop.ozone.om.exceptions.OMException: Unable to get file status: volume: volume45503 bucket: bucket29530 key: testBatchDelete/parent/child7
	at org.apache.hadoop.ozone.om.KeyManagerImpl.getOzoneFileStatus(KeyManagerImpl.java:1195) ~[ozone-manager-1.4.0-SNAPSHOT.jar:?]
	at org.apache.hadoop.ozone.om.KeyManagerImpl.getFileStatus(KeyManagerImpl.java:1113) ~[ozone-manager-1.4.0-SNAPSHOT.jar:?]
	at org.apache.hadoop.ozone.om.OmMetadataReader.getFileStatus(OmMetadataReader.java:262) ~[ozone-manager-1.4.0-SNAPSHOT.jar:?]
	at org.apache.hadoop.ozone.om.OzoneManager.getFileStatus(OzoneManager.java:3513) ~[ozone-manager-1.4.0-SNAPSHOT.jar:?]
	at org.apache.hadoop.ozone.protocolPB.OzoneManagerRequestHandler.getOzoneFileStatus(OzoneManagerRequestHandler.java:973) ~[ozone-manager-1.4.0-SNAPSHOT.jar:?]
	at org.apache.hadoop.ozone.protocolPB.OzoneManagerRequestHandler.handleReadRequest(OzoneManagerRequestHandler.java:252) ~[ozone-manager-1.4.0-SNAPSHOT.jar:?]
	at org.apache.hadoop.ozone.protocolPB.OzoneManagerProtocolServerSideTranslatorPB.submitRequestDirectlyToOM(OzoneManagerProtocolServerSideTranslatorPB.java:274) ~[ozone-manager-1.4.0-SNAPSHOT.jar:?]
	at org.apache.hadoop.ozone.protocolPB.OzoneManagerProtocolServerSideTranslatorPB.processRequest(OzoneManagerProtocolServerSideTranslatorPB.java:175) ~[ozone-manager-1.4.0-SNAPSHOT.jar:?]
	at org.apache.hadoop.hdds.server.OzoneProtocolMessageDispatcher.processRequest(OzoneProtocolMessageDispatcher.java:87) [hdds-server-framework-1.4.0-SNAPSHOT.jar:?]
	at org.apache.hadoop.ozone.protocolPB.OzoneManagerProtocolServerSideTranslatorPB.submitRequest(OzoneManagerProtocolServerSideTranslatorPB.java:148) [ozone-manager-1.4.0-SNAPSHOT.jar:?]
	at org.apache.hadoop.ozone.protocol.proto.OzoneManagerProtocolProtos$OzoneManagerService$2.callBlockingMethod(OzoneManagerProtocolProtos.java) [ozone-interface-client-1.4.0-SNAPSHOT.jar:?]
	at org.apache.hadoop.ipc.ProtobufRpcEngine$Server.processCall(ProtobufRpcEngine.java:484) [hadoop-common-3.3.6.jar:?]
	at org.apache.hadoop.ipc.ProtobufRpcEngine2$Server$ProtoBufRpcInvoker.call(ProtobufRpcEngine2.java:595) [hadoop-common-3.3.6.jar:?]
	at org.apache.hadoop.ipc.ProtobufRpcEngine2$Server$ProtoBufRpcInvoker.call(ProtobufRpcEngine2.java:573) [hadoop-common-3.3.6.jar:?]
	at org.apache.hadoop.ipc.RPC$Server.call(RPC.java:1227) [hadoop-common-3.3.6.jar:?]
	at org.apache.hadoop.ipc.Server$RpcCall.run(Server.java:1094) [hadoop-common-3.3.6.jar:?]
	at org.apache.hadoop.ipc.Server$RpcCall.run(Server.java:1017) [hadoop-common-3.3.6.jar:?]
	at java.security.AccessController.doPrivileged(Native Method) ~[?:1.8.0_382]
	at javax.security.auth.Subject.doAs(Subject.java:422) [?:1.8.0_382]
	at org.apache.hadoop.security.UserGroupInformation.doAs(UserGroupInformation.java:1899) [hadoop-common-3.3.6.jar:?]
	at org.apache.hadoop.ipc.Server$Handler.run(Server.java:3048) [hadoop-common-3.3.6.jar:?]
11:38:01.680 [IPC Server handler 5 on default port 15163] ERROR OMAudit - user=runner | ip=127.0.0.1 | op=GET_FILE_STATUS {volume=volume45503, bucket=bucket29530, key=testBatchDelete/parent/childFolder/child7, dataSize=0, replicationConfig=null} | ret=FAILURE
org.apache.hadoop.ozone.om.exceptions.OMException: Unable to get file status: volume: volume45503 bucket: bucket29530 key: testBatchDelete/parent/childFolder/child7
	at org.apache.hadoop.ozone.om.KeyManagerImpl.getOzoneFileStatus(KeyManagerImpl.java:1195) ~[ozone-manager-1.4.0-SNAPSHOT.jar:?]
	at org.apache.hadoop.ozone.om.KeyManagerImpl.getFileStatus(KeyManagerImpl.java:1113) ~[ozone-manager-1.4.0-SNAPSHOT.jar:?]
	at org.apache.hadoop.ozone.om.OmMetadataReader.getFileStatus(OmMetadataReader.java:262) ~[ozone-manager-1.4.0-SNAPSHOT.jar:?]
	at org.apache.hadoop.ozone.om.OzoneManager.getFileStatus(OzoneManager.java:3513) ~[ozone-manager-1.4.0-SNAPSHOT.jar:?]
	at org.apache.hadoop.ozone.protocolPB.OzoneManagerRequestHandler.getOzoneFileStatus(OzoneManagerRequestHandler.java:973) ~[ozone-manager-1.4.0-SNAPSHOT.jar:?]
	at org.apache.hadoop.ozone.protocolPB.OzoneManagerRequestHandler.handleReadRequest(OzoneManagerRequestHandler.java:252) ~[ozone-manager-1.4.0-SNAPSHOT.jar:?]
	at org.apache.hadoop.ozone.protocolPB.OzoneManagerProtocolServerSideTranslatorPB.submitRequestDirectlyToOM(OzoneManagerProtocolServerSideTranslatorPB.java:274) ~[ozone-manager-1.4.0-SNAPSHOT.jar:?]
	at org.apache.hadoop.ozone.protocolPB.OzoneManagerProtocolServerSideTranslatorPB.processRequest(OzoneManagerProtocolServerSideTranslatorPB.java:175) ~[ozone-manager-1.4.0-SNAPSHOT.jar:?]
	at org.apache.hadoop.hdds.server.OzoneProtocolMessageDispatcher.processRequest(OzoneProtocolMessageDispatcher.java:87) [hdds-server-framework-1.4.0-SNAPSHOT.jar:?]
	at org.apache.hadoop.ozone.protocolPB.OzoneManagerProtocolServerSideTranslatorPB.submitRequest(OzoneManagerProtocolServerSideTranslatorPB.java:148) [ozone-manager-1.4.0-SNAPSHOT.jar:?]
	at org.apache.hadoop.ozone.protocol.proto.OzoneManagerProtocolProtos$OzoneManagerService$2.callBlockingMethod(OzoneManagerProtocolProtos.java) [ozone-interface-client-1.4.0-SNAPSHOT.jar:?]
	at org.apache.hadoop.ipc.ProtobufRpcEngine$Server.processCall(ProtobufRpcEngine.java:484) [hadoop-common-3.3.6.jar:?]
	at org.apache.hadoop.ipc.ProtobufRpcEngine2$Server$ProtoBufRpcInvoker.call(ProtobufRpcEngine2.java:595) [hadoop-common-3.3.6.jar:?]
	at org.apache.hadoop.ipc.ProtobufRpcEngine2$Server$ProtoBufRpcInvoker.call(ProtobufRpcEngine2.java:573) [hadoop-common-3.3.6.jar:?]
	at org.apache.hadoop.ipc.RPC$Server.call(RPC.java:1227) [hadoop-common-3.3.6.jar:?]
	at org.apache.hadoop.ipc.Server$RpcCall.run(Server.java:1094) [hadoop-common-3.3.6.jar:?]
	at org.apache.hadoop.ipc.Server$RpcCall.run(Server.java:1017) [hadoop-common-3.3.6.jar:?]
	at java.security.AccessController.doPrivileged(Native Method) ~[?:1.8.0_382]
	at javax.security.auth.Subject.doAs(Subject.java:422) [?:1.8.0_382]
	at org.apache.hadoop.security.UserGroupInformation.doAs(UserGroupInformation.java:1899) [hadoop-common-3.3.6.jar:?]
	at org.apache.hadoop.ipc.Server$Handler.run(Server.java:3048) [hadoop-common-3.3.6.jar:?]
11:38:01.681 [IPC Server handler 0 on default port 15163] ERROR OMAudit - user=runner | ip=127.0.0.1 | op=GET_FILE_STATUS {volume=volume45503, bucket=bucket29530, key=testBatchDelete/parent, dataSize=0, replicationConfig=null} | ret=FAILURE
org.apache.hadoop.ozone.om.exceptions.OMException: Unable to get file status: volume: volume45503 bucket: bucket29530 key: testBatchDelete/parent
	at org.apache.hadoop.ozone.om.KeyManagerImpl.getOzoneFileStatus(KeyManagerImpl.java:1195) ~[ozone-manager-1.4.0-SNAPSHOT.jar:?]
	at org.apache.hadoop.ozone.om.KeyManagerImpl.getFileStatus(KeyManagerImpl.java:1113) ~[ozone-manager-1.4.0-SNAPSHOT.jar:?]
	at org.apache.hadoop.ozone.om.OmMetadataReader.getFileStatus(OmMetadataReader.java:262) ~[ozone-manager-1.4.0-SNAPSHOT.jar:?]
	at org.apache.hadoop.ozone.om.OzoneManager.getFileStatus(OzoneManager.java:3513) ~[ozone-manager-1.4.0-SNAPSHOT.jar:?]
	at org.apache.hadoop.ozone.protocolPB.OzoneManagerRequestHandler.getOzoneFileStatus(OzoneManagerRequestHandler.java:973) ~[ozone-manager-1.4.0-SNAPSHOT.jar:?]
	at org.apache.hadoop.ozone.protocolPB.OzoneManagerRequestHandler.handleReadRequest(OzoneManagerRequestHandler.java:252) ~[ozone-manager-1.4.0-SNAPSHOT.jar:?]
	at org.apache.hadoop.ozone.protocolPB.OzoneManagerProtocolServerSideTranslatorPB.submitRequestDirectlyToOM(OzoneManagerProtocolServerSideTranslatorPB.java:274) ~[ozone-manager-1.4.0-SNAPSHOT.jar:?]
	at org.apache.hadoop.ozone.protocolPB.OzoneManagerProtocolServerSideTranslatorPB.processRequest(OzoneManagerProtocolServerSideTranslatorPB.java:175) ~[ozone-manager-1.4.0-SNAPSHOT.jar:?]
	at org.apache.hadoop.hdds.server.OzoneProtocolMessageDispatcher.processRequest(OzoneProtocolMessageDispatcher.java:87) [hdds-server-framework-1.4.0-SNAPSHOT.jar:?]
	at org.apache.hadoop.ozone.protocolPB.OzoneManagerProtocolServerSideTranslatorPB.submitRequest(OzoneManagerProtocolServerSideTranslatorPB.java:148) [ozone-manager-1.4.0-SNAPSHOT.jar:?]
	at org.apache.hadoop.ozone.protocol.proto.OzoneManagerProtocolProtos$OzoneManagerService$2.callBlockingMethod(OzoneManagerProtocolProtos.java) [ozone-interface-client-1.4.0-SNAPSHOT.jar:?]
	at org.apache.hadoop.ipc.ProtobufRpcEngine$Server.processCall(ProtobufRpcEngine.java:484) [hadoop-common-3.3.6.jar:?]
	at org.apache.hadoop.ipc.ProtobufRpcEngine2$Server$ProtoBufRpcInvoker.call(ProtobufRpcEngine2.java:595) [hadoop-common-3.3.6.jar:?]
	at org.apache.hadoop.ipc.ProtobufRpcEngine2$Server$ProtoBufRpcInvoker.call(ProtobufRpcEngine2.java:573) [hadoop-common-3.3.6.jar:?]
	at org.apache.hadoop.ipc.RPC$Server.call(RPC.java:1227) [hadoop-common-3.3.6.jar:?]
	at org.apache.hadoop.ipc.Server$RpcCall.run(Server.java:1094) [hadoop-common-3.3.6.jar:?]
	at org.apache.hadoop.ipc.Server$RpcCall.run(Server.java:1017) [hadoop-common-3.3.6.jar:?]
	at java.security.AccessController.doPrivileged(Native Method) ~[?:1.8.0_382]
	at javax.security.auth.Subject.doAs(Subject.java:422) [?:1.8.0_382]
	at org.apache.hadoop.security.UserGroupInformation.doAs(UserGroupInformation.java:1899) [hadoop-common-3.3.6.jar:?]
	at org.apache.hadoop.ipc.Server$Handler.run(Server.java:3048) [hadoop-common-3.3.6.jar:?]
2023-08-25 11:38:01,681 [Time-limited test] WARN  ozone.BasicOzoneFileSystem (BasicOzoneFileSystem.java:delete(595)) - delete: Path does not exist: /testBatchDelete/parent
]]></system-out>
  </testcase>
  <testcase name="testListStatusIteratorOnPageSize" classname="TestOzoneFileSystem" time="68.222">
    <system-out><![CDATA[2023-08-25 11:33:40,633 [IPC Server handler 11 on default port 15001] INFO  ha.SequenceIdGenerator (SequenceIdGenerator.java:getNextId(140)) - Allocate a batch for delTxnId, change lastId from 0 to 1000.
2023-08-25 11:33:44,247 [BlockDeletingService#0] INFO  interfaces.ContainerDeletionChoosingPolicyTemplate (ContainerDeletionChoosingPolicyTemplate.java:chooseContainerForBlockDeletion(85)) - Chosen 0/5000 blocks from 0 candidate containers.
2023-08-25 11:33:44,695 [BlockDeletingService#0] INFO  interfaces.ContainerDeletionChoosingPolicyTemplate (ContainerDeletionChoosingPolicyTemplate.java:chooseContainerForBlockDeletion(85)) - Chosen 0/5000 blocks from 0 candidate containers.
2023-08-25 11:33:45,136 [BlockDeletingService#0] INFO  interfaces.ContainerDeletionChoosingPolicyTemplate (ContainerDeletionChoosingPolicyTemplate.java:chooseContainerForBlockDeletion(85)) - Chosen 0/5000 blocks from 0 candidate containers.
2023-08-25 11:33:45,524 [BlockDeletingService#0] INFO  interfaces.ContainerDeletionChoosingPolicyTemplate (ContainerDeletionChoosingPolicyTemplate.java:chooseContainerForBlockDeletion(85)) - Chosen 0/5000 blocks from 0 candidate containers.
2023-08-25 11:33:45,892 [BlockDeletingService#0] INFO  interfaces.ContainerDeletionChoosingPolicyTemplate (ContainerDeletionChoosingPolicyTemplate.java:chooseContainerForBlockDeletion(85)) - Chosen 0/5000 blocks from 0 candidate containers.
2023-08-25 11:33:58,170 [JvmPauseMonitor0] WARN  util.JvmPauseMonitor (JvmPauseMonitor.java:detectPause(124)) - JvmPauseMonitor-5e063070-8ab6-4624-892f-d04e662d3851: Detected pause in JVM or host machine approximately 0.118s with 0.139s GC time.
GC pool 'PS Scavenge' had collection(s): count=1 time=139ms
2023-08-25 11:33:58,171 [JvmPauseMonitor3] WARN  util.JvmPauseMonitor (JvmPauseMonitor.java:detectPause(124)) - JvmPauseMonitor-13d602e5-043f-4877-ab61-f2512eb11edb: Detected pause in JVM or host machine approximately 0.119s with 0.139s GC time.
GC pool 'PS Scavenge' had collection(s): count=1 time=139ms
2023-08-25 11:33:58,171 [JvmPauseMonitor4] WARN  util.JvmPauseMonitor (JvmPauseMonitor.java:detectPause(124)) - JvmPauseMonitor-ead66fe0-0d51-45f6-a40c-8e2915dd9a2f: Detected pause in JVM or host machine approximately 0.122s with 0.139s GC time.
GC pool 'PS Scavenge' had collection(s): count=1 time=139ms
2023-08-25 11:33:58,171 [JvmPauseMonitor6] WARN  util.JvmPauseMonitor (JvmPauseMonitor.java:detectPause(124)) - JvmPauseMonitor-af11e694-f31c-4d10-acc2-680f80b0911e: Detected pause in JVM or host machine approximately 0.123s with 0.139s GC time.
GC pool 'PS Scavenge' had collection(s): count=1 time=139ms
2023-08-25 11:33:58,172 [JvmPauseMonitor5] WARN  util.JvmPauseMonitor (JvmPauseMonitor.java:detectPause(124)) - JvmPauseMonitor-4dcd1767-97a9-4f87-b8f8-fe0ca563ef05: Detected pause in JVM or host machine approximately 0.123s with 0.139s GC time.
GC pool 'PS Scavenge' had collection(s): count=1 time=139ms
2023-08-25 11:33:58,172 [JvmPauseMonitor1] WARN  util.JvmPauseMonitor (JvmPauseMonitor.java:detectPause(124)) - JvmPauseMonitor-om1: Detected pause in JVM or host machine approximately 0.123s with 0.139s GC time.
GC pool 'PS Scavenge' had collection(s): count=1 time=139ms
2023-08-25 11:33:58,172 [JvmPauseMonitor2] WARN  util.JvmPauseMonitor (JvmPauseMonitor.java:detectPause(124)) - JvmPauseMonitor-d411a2e9-f1e7-48ff-a207-5fb0a1d8b942: Detected pause in JVM or host machine approximately 0.124s with 0.139s GC time.
GC pool 'PS Scavenge' had collection(s): count=1 time=139ms
2023-08-25 11:34:05,331 [JvmPauseMonitor4] WARN  util.JvmPauseMonitor (JvmPauseMonitor.java:detectPause(124)) - JvmPauseMonitor-ead66fe0-0d51-45f6-a40c-8e2915dd9a2f: Detected pause in JVM or host machine approximately 0.148s with 0.156s GC time.
GC pool 'PS Scavenge' had collection(s): count=1 time=156ms
2023-08-25 11:34:05,331 [JvmPauseMonitor0] WARN  util.JvmPauseMonitor (JvmPauseMonitor.java:detectPause(124)) - JvmPauseMonitor-5e063070-8ab6-4624-892f-d04e662d3851: Detected pause in JVM or host machine approximately 0.149s with 0.156s GC time.
GC pool 'PS Scavenge' had collection(s): count=1 time=156ms
2023-08-25 11:34:05,331 [JvmPauseMonitor3] WARN  util.JvmPauseMonitor (JvmPauseMonitor.java:detectPause(124)) - JvmPauseMonitor-13d602e5-043f-4877-ab61-f2512eb11edb: Detected pause in JVM or host machine approximately 0.149s with 0.156s GC time.
GC pool 'PS Scavenge' had collection(s): count=1 time=156ms
2023-08-25 11:34:05,334 [JvmPauseMonitor6] WARN  util.JvmPauseMonitor (JvmPauseMonitor.java:detectPause(124)) - JvmPauseMonitor-af11e694-f31c-4d10-acc2-680f80b0911e: Detected pause in JVM or host machine approximately 0.153s with 0.156s GC time.
GC pool 'PS Scavenge' had collection(s): count=1 time=156ms
2023-08-25 11:34:05,334 [JvmPauseMonitor5] WARN  util.JvmPauseMonitor (JvmPauseMonitor.java:detectPause(124)) - JvmPauseMonitor-4dcd1767-97a9-4f87-b8f8-fe0ca563ef05: Detected pause in JVM or host machine approximately 0.153s with 0.156s GC time.
GC pool 'PS Scavenge' had collection(s): count=1 time=156ms
2023-08-25 11:34:05,334 [JvmPauseMonitor1] WARN  util.JvmPauseMonitor (JvmPauseMonitor.java:detectPause(124)) - JvmPauseMonitor-om1: Detected pause in JVM or host machine approximately 0.153s with 0.156s GC time.
GC pool 'PS Scavenge' had collection(s): count=1 time=156ms
2023-08-25 11:34:05,334 [JvmPauseMonitor2] WARN  util.JvmPauseMonitor (JvmPauseMonitor.java:detectPause(124)) - JvmPauseMonitor-d411a2e9-f1e7-48ff-a207-5fb0a1d8b942: Detected pause in JVM or host machine approximately 0.153s with 0.156s GC time.
GC pool 'PS Scavenge' had collection(s): count=1 time=156ms
]]></system-out>
  </testcase>
  <testcase name="testListStatusIteratorOnPageSize" classname="TestOzoneFileSystem" time="46.125">
    <system-out><![CDATA[2023-08-25 11:35:15,666 [JvmPauseMonitor11] WARN  util.JvmPauseMonitor (JvmPauseMonitor.java:detectPause(124)) - JvmPauseMonitor-85c49798-3560-4dc9-a596-09ecbe4a8df4: Detected pause in JVM or host machine approximately 0.176s with 0.188s GC time.
GC pool 'PS Scavenge' had collection(s): count=1 time=188ms
2023-08-25 11:35:15,666 [JvmPauseMonitor8] WARN  util.JvmPauseMonitor (JvmPauseMonitor.java:detectPause(124)) - JvmPauseMonitor-af434b9b-9868-4f0b-a99c-400bbb018126: Detected pause in JVM or host machine approximately 0.177s with 0.188s GC time.
GC pool 'PS Scavenge' had collection(s): count=1 time=188ms
2023-08-25 11:35:15,666 [JvmPauseMonitor9] WARN  util.JvmPauseMonitor (JvmPauseMonitor.java:detectPause(124)) - JvmPauseMonitor-16866294-0bab-4ae5-8da9-294ec4800f35: Detected pause in JVM or host machine approximately 0.177s with 0.188s GC time.
GC pool 'PS Scavenge' had collection(s): count=1 time=188ms
2023-08-25 11:35:15,667 [JvmPauseMonitor7] WARN  util.JvmPauseMonitor (JvmPauseMonitor.java:detectPause(124)) - JvmPauseMonitor-5bc38bfd-c239-4999-b08b-7d0fc76977be: Detected pause in JVM or host machine approximately 0.177s with 0.188s GC time.
GC pool 'PS Scavenge' had collection(s): count=1 time=188ms
2023-08-25 11:35:15,667 [JvmPauseMonitor13] WARN  util.JvmPauseMonitor (JvmPauseMonitor.java:detectPause(124)) - JvmPauseMonitor-3bcb9728-7d1d-45db-b3c3-ee1d25f73c3d: Detected pause in JVM or host machine approximately 0.177s with 0.188s GC time.
GC pool 'PS Scavenge' had collection(s): count=1 time=188ms
2023-08-25 11:35:15,667 [JvmPauseMonitor10] WARN  util.JvmPauseMonitor (JvmPauseMonitor.java:detectPause(124)) - JvmPauseMonitor-6fb87cf7-6010-4447-ac68-4b216325e026: Detected pause in JVM or host machine approximately 0.178s with 0.188s GC time.
GC pool 'PS Scavenge' had collection(s): count=1 time=188ms
2023-08-25 11:35:15,667 [JvmPauseMonitor12] WARN  util.JvmPauseMonitor (JvmPauseMonitor.java:detectPause(124)) - JvmPauseMonitor-be1f1661-cb08-42a9-9c55-aeb71fb92a9a: Detected pause in JVM or host machine approximately 0.178s with 0.188s GC time.
GC pool 'PS Scavenge' had collection(s): count=1 time=188ms
2023-08-25 11:35:40,882 [JvmPauseMonitor12] WARN  util.JvmPauseMonitor (JvmPauseMonitor.java:detectPause(124)) - JvmPauseMonitor-be1f1661-cb08-42a9-9c55-aeb71fb92a9a: Detected pause in JVM or host machine approximately 0.189s with 0.196s GC time.
GC pool 'PS Scavenge' had collection(s): count=1 time=196ms
2023-08-25 11:35:40,883 [JvmPauseMonitor9] WARN  util.JvmPauseMonitor (JvmPauseMonitor.java:detectPause(124)) - JvmPauseMonitor-16866294-0bab-4ae5-8da9-294ec4800f35: Detected pause in JVM or host machine approximately 0.190s with 0.196s GC time.
GC pool 'PS Scavenge' had collection(s): count=1 time=196ms
2023-08-25 11:35:40,883 [JvmPauseMonitor8] WARN  util.JvmPauseMonitor (JvmPauseMonitor.java:detectPause(124)) - JvmPauseMonitor-af434b9b-9868-4f0b-a99c-400bbb018126: Detected pause in JVM or host machine approximately 0.191s with 0.196s GC time.
GC pool 'PS Scavenge' had collection(s): count=1 time=196ms
2023-08-25 11:35:40,883 [JvmPauseMonitor7] WARN  util.JvmPauseMonitor (JvmPauseMonitor.java:detectPause(124)) - JvmPauseMonitor-5bc38bfd-c239-4999-b08b-7d0fc76977be: Detected pause in JVM or host machine approximately 0.191s with 0.196s GC time.
GC pool 'PS Scavenge' had collection(s): count=1 time=196ms
2023-08-25 11:35:40,883 [JvmPauseMonitor13] WARN  util.JvmPauseMonitor (JvmPauseMonitor.java:detectPause(124)) - JvmPauseMonitor-3bcb9728-7d1d-45db-b3c3-ee1d25f73c3d: Detected pause in JVM or host machine approximately 0.191s with 0.196s GC time.
GC pool 'PS Scavenge' had collection(s): count=1 time=196ms
2023-08-25 11:35:40,883 [JvmPauseMonitor11] WARN  util.JvmPauseMonitor (JvmPauseMonitor.java:detectPause(124)) - JvmPauseMonitor-85c49798-3560-4dc9-a596-09ecbe4a8df4: Detected pause in JVM or host machine approximately 0.193s with 0.196s GC time.
GC pool 'PS Scavenge' had collection(s): count=1 time=196ms
2023-08-25 11:35:40,884 [JvmPauseMonitor10] WARN  util.JvmPauseMonitor (JvmPauseMonitor.java:detectPause(124)) - JvmPauseMonitor-6fb87cf7-6010-4447-ac68-4b216325e026: Detected pause in JVM or host machine approximately 0.200s with 0.196s GC time.
GC pool 'PS Scavenge' had collection(s): count=1 time=196ms
2023-08-25 11:35:41,791 [IPC Server handler 11 on default port 15054] INFO  ha.SequenceIdGenerator (SequenceIdGenerator.java:getNextId(140)) - Allocate a batch for delTxnId, change lastId from 0 to 1000.
2023-08-25 11:35:44,361 [BlockDeletingService#0] INFO  interfaces.ContainerDeletionChoosingPolicyTemplate (ContainerDeletionChoosingPolicyTemplate.java:chooseContainerForBlockDeletion(85)) - Chosen 0/5000 blocks from 0 candidate containers.
2023-08-25 11:35:44,819 [BlockDeletingService#0] INFO  interfaces.ContainerDeletionChoosingPolicyTemplate (ContainerDeletionChoosingPolicyTemplate.java:chooseContainerForBlockDeletion(85)) - Chosen 0/5000 blocks from 0 candidate containers.
2023-08-25 11:35:45,194 [BlockDeletingService#0] INFO  interfaces.ContainerDeletionChoosingPolicyTemplate (ContainerDeletionChoosingPolicyTemplate.java:chooseContainerForBlockDeletion(85)) - Chosen 0/5000 blocks from 0 candidate containers.
2023-08-25 11:35:45,556 [BlockDeletingService#0] INFO  interfaces.ContainerDeletionChoosingPolicyTemplate (ContainerDeletionChoosingPolicyTemplate.java:chooseContainerForBlockDeletion(85)) - Chosen 0/5000 blocks from 0 candidate containers.
2023-08-25 11:35:45,949 [BlockDeletingService#0] INFO  interfaces.ContainerDeletionChoosingPolicyTemplate (ContainerDeletionChoosingPolicyTemplate.java:chooseContainerForBlockDeletion(85)) - Chosen 0/5000 blocks from 0 candidate containers.
]]></system-out>
  </testcase>
  <testcase name="testListStatusIteratorOnPageSize" classname="TestOzoneFileSystem" time="54.483">
    <system-out><![CDATA[2023-08-25 11:36:28,756 [JvmPauseMonitor20] WARN  util.JvmPauseMonitor (JvmPauseMonitor.java:detectPause(124)) - JvmPauseMonitor-b7348800-7ece-44e4-b1a8-355cecb1b7f9: Detected pause in JVM or host machine approximately 0.243s with 0.637s GC time.
GC pool 'PS MarkSweep' had collection(s): count=1 time=472ms
GC pool 'PS Scavenge' had collection(s): count=1 time=165ms
2023-08-25 11:36:28,756 [JvmPauseMonitor16] WARN  util.JvmPauseMonitor (JvmPauseMonitor.java:detectPause(124)) - JvmPauseMonitor-41c35b0f-7d09-466e-a425-34196dd2af10: Detected pause in JVM or host machine approximately 0.349s with 0.637s GC time.
GC pool 'PS MarkSweep' had collection(s): count=1 time=472ms
GC pool 'PS Scavenge' had collection(s): count=1 time=165ms
2023-08-25 11:36:28,756 [JvmPauseMonitor17] WARN  util.JvmPauseMonitor (JvmPauseMonitor.java:detectPause(124)) - JvmPauseMonitor-b4d41a5a-7f8b-4359-a921-685918a3749b: Detected pause in JVM or host machine approximately 0.367s with 0.637s GC time.
GC pool 'PS MarkSweep' had collection(s): count=1 time=472ms
GC pool 'PS Scavenge' had collection(s): count=1 time=165ms
2023-08-25 11:36:28,757 [JvmPauseMonitor15] WARN  util.JvmPauseMonitor (JvmPauseMonitor.java:detectPause(124)) - JvmPauseMonitor-om1: Detected pause in JVM or host machine approximately 0.447s with 0.637s GC time.
GC pool 'PS MarkSweep' had collection(s): count=1 time=472ms
GC pool 'PS Scavenge' had collection(s): count=1 time=165ms
2023-08-25 11:36:28,758 [JvmPauseMonitor18] WARN  util.JvmPauseMonitor (JvmPauseMonitor.java:detectPause(124)) - JvmPauseMonitor-c6e0d301-09b2-4368-8fbf-181ce26f0a67: Detected pause in JVM or host machine approximately 0.461s with 0.637s GC time.
GC pool 'PS MarkSweep' had collection(s): count=1 time=472ms
GC pool 'PS Scavenge' had collection(s): count=1 time=165ms
2023-08-25 11:36:28,758 [JvmPauseMonitor14] WARN  util.JvmPauseMonitor (JvmPauseMonitor.java:detectPause(124)) - JvmPauseMonitor-bc895f60-0dbd-4365-8a5d-9bcc0d75fa5c: Detected pause in JVM or host machine approximately 0.504s with 0.637s GC time.
GC pool 'PS MarkSweep' had collection(s): count=1 time=472ms
GC pool 'PS Scavenge' had collection(s): count=1 time=165ms
2023-08-25 11:36:28,762 [JvmPauseMonitor19] WARN  util.JvmPauseMonitor (JvmPauseMonitor.java:detectPause(124)) - JvmPauseMonitor-8d6e1dbb-3941-4a04-b7a8-0c911dee3672: Detected pause in JVM or host machine approximately 0.597s with 0.637s GC time.
GC pool 'PS MarkSweep' had collection(s): count=1 time=472ms
GC pool 'PS Scavenge' had collection(s): count=1 time=165ms
2023-08-25 11:36:55,384 [JvmPauseMonitor19] WARN  util.JvmPauseMonitor (JvmPauseMonitor.java:detectPause(124)) - JvmPauseMonitor-8d6e1dbb-3941-4a04-b7a8-0c911dee3672: Detected pause in JVM or host machine approximately 0.101s with 0.125s GC time.
GC pool 'PS Scavenge' had collection(s): count=1 time=125ms
2023-08-25 11:36:55,385 [JvmPauseMonitor14] WARN  util.JvmPauseMonitor (JvmPauseMonitor.java:detectPause(124)) - JvmPauseMonitor-bc895f60-0dbd-4365-8a5d-9bcc0d75fa5c: Detected pause in JVM or host machine approximately 0.102s with 0.125s GC time.
GC pool 'PS Scavenge' had collection(s): count=1 time=125ms
2023-08-25 11:36:55,387 [JvmPauseMonitor18] WARN  util.JvmPauseMonitor (JvmPauseMonitor.java:detectPause(124)) - JvmPauseMonitor-c6e0d301-09b2-4368-8fbf-181ce26f0a67: Detected pause in JVM or host machine approximately 0.106s with 0.125s GC time.
GC pool 'PS Scavenge' had collection(s): count=1 time=125ms
2023-08-25 11:36:55,387 [JvmPauseMonitor17] WARN  util.JvmPauseMonitor (JvmPauseMonitor.java:detectPause(124)) - JvmPauseMonitor-b4d41a5a-7f8b-4359-a921-685918a3749b: Detected pause in JVM or host machine approximately 0.112s with 0.125s GC time.
GC pool 'PS Scavenge' had collection(s): count=1 time=125ms
2023-08-25 11:36:55,387 [JvmPauseMonitor15] WARN  util.JvmPauseMonitor (JvmPauseMonitor.java:detectPause(124)) - JvmPauseMonitor-om1: Detected pause in JVM or host machine approximately 0.121s with 0.125s GC time.
GC pool 'PS Scavenge' had collection(s): count=1 time=125ms
2023-08-25 11:36:55,387 [JvmPauseMonitor16] WARN  util.JvmPauseMonitor (JvmPauseMonitor.java:detectPause(124)) - JvmPauseMonitor-41c35b0f-7d09-466e-a425-34196dd2af10: Detected pause in JVM or host machine approximately 0.122s with 0.125s GC time.
GC pool 'PS Scavenge' had collection(s): count=1 time=125ms
2023-08-25 11:36:55,387 [JvmPauseMonitor20] WARN  util.JvmPauseMonitor (JvmPauseMonitor.java:detectPause(124)) - JvmPauseMonitor-b7348800-7ece-44e4-b1a8-355cecb1b7f9: Detected pause in JVM or host machine approximately 0.122s with 0.125s GC time.
GC pool 'PS Scavenge' had collection(s): count=1 time=125ms
2023-08-25 11:37:06,818 [IPC Server handler 15 on default port 15107] INFO  ha.SequenceIdGenerator (SequenceIdGenerator.java:getNextId(140)) - Allocate a batch for delTxnId, change lastId from 0 to 1000.
2023-08-25 11:37:09,403 [BlockDeletingService#0] INFO  interfaces.ContainerDeletionChoosingPolicyTemplate (ContainerDeletionChoosingPolicyTemplate.java:chooseContainerForBlockDeletion(85)) - Chosen 0/5000 blocks from 0 candidate containers.
2023-08-25 11:37:09,891 [BlockDeletingService#0] INFO  interfaces.ContainerDeletionChoosingPolicyTemplate (ContainerDeletionChoosingPolicyTemplate.java:chooseContainerForBlockDeletion(85)) - Chosen 0/5000 blocks from 0 candidate containers.
2023-08-25 11:37:10,289 [BlockDeletingService#0] INFO  interfaces.ContainerDeletionChoosingPolicyTemplate (ContainerDeletionChoosingPolicyTemplate.java:chooseContainerForBlockDeletion(85)) - Chosen 0/5000 blocks from 0 candidate containers.
2023-08-25 11:37:10,656 [BlockDeletingService#0] INFO  interfaces.ContainerDeletionChoosingPolicyTemplate (ContainerDeletionChoosingPolicyTemplate.java:chooseContainerForBlockDeletion(85)) - Chosen 0/5000 blocks from 0 candidate containers.
2023-08-25 11:37:11,009 [BlockDeletingService#0] INFO  interfaces.ContainerDeletionChoosingPolicyTemplate (ContainerDeletionChoosingPolicyTemplate.java:chooseContainerForBlockDeletion(85)) - Chosen 0/5000 blocks from 0 candidate containers.
]]></system-out>
  </testcase>
  <testcase name="testListStatusIteratorOnPageSize" classname="TestOzoneFileSystem" time="44.854">
    <system-out><![CDATA[2023-08-25 11:38:12,566 [JvmPauseMonitor26] WARN  util.JvmPauseMonitor (JvmPauseMonitor.java:detectPause(124)) - JvmPauseMonitor-addc2b6a-cfc9-4bfb-8a1c-15b9de9495ff: Detected pause in JVM or host machine approximately 0.144s with 0.221s GC time.
GC pool 'PS Scavenge' had collection(s): count=1 time=221ms
2023-08-25 11:38:28,197 [JvmPauseMonitor26] WARN  util.JvmPauseMonitor (JvmPauseMonitor.java:detectPause(124)) - JvmPauseMonitor-addc2b6a-cfc9-4bfb-8a1c-15b9de9495ff: Detected pause in JVM or host machine approximately 0.126s with 0.129s GC time.
GC pool 'PS Scavenge' had collection(s): count=1 time=129ms
2023-08-25 11:38:28,198 [JvmPauseMonitor21] WARN  util.JvmPauseMonitor (JvmPauseMonitor.java:detectPause(124)) - JvmPauseMonitor-ea836a79-b654-4d23-a9c3-914f0a98739c: Detected pause in JVM or host machine approximately 0.129s with 0.129s GC time.
GC pool 'PS Scavenge' had collection(s): count=1 time=129ms
2023-08-25 11:38:28,198 [JvmPauseMonitor25] WARN  util.JvmPauseMonitor (JvmPauseMonitor.java:detectPause(124)) - JvmPauseMonitor-f8b5371a-a27d-49bd-9775-6107617962eb: Detected pause in JVM or host machine approximately 0.130s with 0.129s GC time.
GC pool 'PS Scavenge' had collection(s): count=1 time=129ms
2023-08-25 11:38:43,109 [IPC Server handler 5 on default port 15160] INFO  ha.SequenceIdGenerator (SequenceIdGenerator.java:getNextId(140)) - Allocate a batch for delTxnId, change lastId from 0 to 1000.
2023-08-25 11:38:45,631 [BlockDeletingService#0] INFO  interfaces.ContainerDeletionChoosingPolicyTemplate (ContainerDeletionChoosingPolicyTemplate.java:chooseContainerForBlockDeletion(85)) - Chosen 0/5000 blocks from 0 candidate containers.
2023-08-25 11:38:46,118 [BlockDeletingService#0] INFO  interfaces.ContainerDeletionChoosingPolicyTemplate (ContainerDeletionChoosingPolicyTemplate.java:chooseContainerForBlockDeletion(85)) - Chosen 0/5000 blocks from 0 candidate containers.
2023-08-25 11:38:46,475 [BlockDeletingService#0] INFO  interfaces.ContainerDeletionChoosingPolicyTemplate (ContainerDeletionChoosingPolicyTemplate.java:chooseContainerForBlockDeletion(85)) - Chosen 0/5000 blocks from 0 candidate containers.
]]></system-out>
  </testcase>
  <testcase name="testRenameToTrashEnabled" classname="TestOzoneFileSystem" time="0.264">
    <system-out><![CDATA[11:34:15.911 [IPC Server handler 19 on default port 15004] ERROR OMAudit - user=runner | ip=127.0.0.1 | op=GET_FILE_STATUS {volume=volume54121, bucket=bucket59518, key=.Trash/runner/Current/testKey1, dataSize=0, replicationConfig=null} | ret=FAILURE
org.apache.hadoop.ozone.om.exceptions.OMException: Unable to get file status: volume: volume54121 bucket: bucket59518 key: .Trash/runner/Current/testKey1
	at org.apache.hadoop.ozone.om.KeyManagerImpl.getOzoneFileStatus(KeyManagerImpl.java:1195) ~[ozone-manager-1.4.0-SNAPSHOT.jar:?]
	at org.apache.hadoop.ozone.om.KeyManagerImpl.getFileStatus(KeyManagerImpl.java:1113) ~[ozone-manager-1.4.0-SNAPSHOT.jar:?]
	at org.apache.hadoop.ozone.om.OmMetadataReader.getFileStatus(OmMetadataReader.java:262) ~[ozone-manager-1.4.0-SNAPSHOT.jar:?]
	at org.apache.hadoop.ozone.om.OzoneManager.getFileStatus(OzoneManager.java:3513) ~[ozone-manager-1.4.0-SNAPSHOT.jar:?]
	at org.apache.hadoop.ozone.protocolPB.OzoneManagerRequestHandler.getOzoneFileStatus(OzoneManagerRequestHandler.java:973) ~[ozone-manager-1.4.0-SNAPSHOT.jar:?]
	at org.apache.hadoop.ozone.protocolPB.OzoneManagerRequestHandler.handleReadRequest(OzoneManagerRequestHandler.java:252) ~[ozone-manager-1.4.0-SNAPSHOT.jar:?]
	at org.apache.hadoop.ozone.protocolPB.OzoneManagerProtocolServerSideTranslatorPB.submitReadRequestToOM(OzoneManagerProtocolServerSideTranslatorPB.java:225) ~[ozone-manager-1.4.0-SNAPSHOT.jar:?]
	at org.apache.hadoop.ozone.protocolPB.OzoneManagerProtocolServerSideTranslatorPB.processRequest(OzoneManagerProtocolServerSideTranslatorPB.java:179) ~[ozone-manager-1.4.0-SNAPSHOT.jar:?]
	at org.apache.hadoop.hdds.server.OzoneProtocolMessageDispatcher.processRequest(OzoneProtocolMessageDispatcher.java:87) [hdds-server-framework-1.4.0-SNAPSHOT.jar:?]
	at org.apache.hadoop.ozone.protocolPB.OzoneManagerProtocolServerSideTranslatorPB.submitRequest(OzoneManagerProtocolServerSideTranslatorPB.java:148) [ozone-manager-1.4.0-SNAPSHOT.jar:?]
	at org.apache.hadoop.ozone.protocol.proto.OzoneManagerProtocolProtos$OzoneManagerService$2.callBlockingMethod(OzoneManagerProtocolProtos.java) [ozone-interface-client-1.4.0-SNAPSHOT.jar:?]
	at org.apache.hadoop.ipc.ProtobufRpcEngine$Server.processCall(ProtobufRpcEngine.java:484) [hadoop-common-3.3.6.jar:?]
	at org.apache.hadoop.ipc.ProtobufRpcEngine2$Server$ProtoBufRpcInvoker.call(ProtobufRpcEngine2.java:595) [hadoop-common-3.3.6.jar:?]
	at org.apache.hadoop.ipc.ProtobufRpcEngine2$Server$ProtoBufRpcInvoker.call(ProtobufRpcEngine2.java:573) [hadoop-common-3.3.6.jar:?]
	at org.apache.hadoop.ipc.RPC$Server.call(RPC.java:1227) [hadoop-common-3.3.6.jar:?]
	at org.apache.hadoop.ipc.Server$RpcCall.run(Server.java:1094) [hadoop-common-3.3.6.jar:?]
	at org.apache.hadoop.ipc.Server$RpcCall.run(Server.java:1017) [hadoop-common-3.3.6.jar:?]
	at java.security.AccessController.doPrivileged(Native Method) ~[?:1.8.0_382]
	at javax.security.auth.Subject.doAs(Subject.java:422) [?:1.8.0_382]
	at org.apache.hadoop.security.UserGroupInformation.doAs(UserGroupInformation.java:1899) [hadoop-common-3.3.6.jar:?]
	at org.apache.hadoop.ipc.Server$Handler.run(Server.java:3048) [hadoop-common-3.3.6.jar:?]
11:34:15.915 [IPC Server handler 14 on default port 15004] ERROR OMAudit - user=runner | ip=127.0.0.1 | op=GET_FILE_STATUS {volume=volume54121, bucket=bucket59518, key=.Trash/runner/Current/testKey1, dataSize=0, replicationConfig=null} | ret=FAILURE
org.apache.hadoop.ozone.om.exceptions.OMException: Unable to get file status: volume: volume54121 bucket: bucket59518 key: .Trash/runner/Current/testKey1
	at org.apache.hadoop.ozone.om.KeyManagerImpl.getOzoneFileStatus(KeyManagerImpl.java:1195) ~[ozone-manager-1.4.0-SNAPSHOT.jar:?]
	at org.apache.hadoop.ozone.om.KeyManagerImpl.getFileStatus(KeyManagerImpl.java:1113) ~[ozone-manager-1.4.0-SNAPSHOT.jar:?]
	at org.apache.hadoop.ozone.om.OmMetadataReader.getFileStatus(OmMetadataReader.java:262) ~[ozone-manager-1.4.0-SNAPSHOT.jar:?]
	at org.apache.hadoop.ozone.om.OzoneManager.getFileStatus(OzoneManager.java:3513) ~[ozone-manager-1.4.0-SNAPSHOT.jar:?]
	at org.apache.hadoop.ozone.protocolPB.OzoneManagerRequestHandler.getOzoneFileStatus(OzoneManagerRequestHandler.java:973) ~[ozone-manager-1.4.0-SNAPSHOT.jar:?]
	at org.apache.hadoop.ozone.protocolPB.OzoneManagerRequestHandler.handleReadRequest(OzoneManagerRequestHandler.java:252) ~[ozone-manager-1.4.0-SNAPSHOT.jar:?]
	at org.apache.hadoop.ozone.protocolPB.OzoneManagerProtocolServerSideTranslatorPB.submitReadRequestToOM(OzoneManagerProtocolServerSideTranslatorPB.java:225) ~[ozone-manager-1.4.0-SNAPSHOT.jar:?]
	at org.apache.hadoop.ozone.protocolPB.OzoneManagerProtocolServerSideTranslatorPB.processRequest(OzoneManagerProtocolServerSideTranslatorPB.java:179) ~[ozone-manager-1.4.0-SNAPSHOT.jar:?]
	at org.apache.hadoop.hdds.server.OzoneProtocolMessageDispatcher.processRequest(OzoneProtocolMessageDispatcher.java:87) [hdds-server-framework-1.4.0-SNAPSHOT.jar:?]
	at org.apache.hadoop.ozone.protocolPB.OzoneManagerProtocolServerSideTranslatorPB.submitRequest(OzoneManagerProtocolServerSideTranslatorPB.java:148) [ozone-manager-1.4.0-SNAPSHOT.jar:?]
	at org.apache.hadoop.ozone.protocol.proto.OzoneManagerProtocolProtos$OzoneManagerService$2.callBlockingMethod(OzoneManagerProtocolProtos.java) [ozone-interface-client-1.4.0-SNAPSHOT.jar:?]
	at org.apache.hadoop.ipc.ProtobufRpcEngine$Server.processCall(ProtobufRpcEngine.java:484) [hadoop-common-3.3.6.jar:?]
	at org.apache.hadoop.ipc.ProtobufRpcEngine2$Server$ProtoBufRpcInvoker.call(ProtobufRpcEngine2.java:595) [hadoop-common-3.3.6.jar:?]
	at org.apache.hadoop.ipc.ProtobufRpcEngine2$Server$ProtoBufRpcInvoker.call(ProtobufRpcEngine2.java:573) [hadoop-common-3.3.6.jar:?]
	at org.apache.hadoop.ipc.RPC$Server.call(RPC.java:1227) [hadoop-common-3.3.6.jar:?]
	at org.apache.hadoop.ipc.Server$RpcCall.run(Server.java:1094) [hadoop-common-3.3.6.jar:?]
	at org.apache.hadoop.ipc.Server$RpcCall.run(Server.java:1017) [hadoop-common-3.3.6.jar:?]
	at java.security.AccessController.doPrivileged(Native Method) ~[?:1.8.0_382]
	at javax.security.auth.Subject.doAs(Subject.java:422) [?:1.8.0_382]
	at org.apache.hadoop.security.UserGroupInformation.doAs(UserGroupInformation.java:1899) [hadoop-common-3.3.6.jar:?]
	at org.apache.hadoop.ipc.Server$Handler.run(Server.java:3048) [hadoop-common-3.3.6.jar:?]
2023-08-25 11:34:15,929 [Time-limited test] INFO  om.TrashPolicyOzone (TrashPolicyOzone.java:moveToTrash(209)) - Moved: '/testKey1' to trash at: /.Trash/runner/Current/testKey1
]]></system-out>
  </testcase>
  <testcase name="testRenameToTrashEnabled" classname="TestOzoneFileSystem" time="0.17">
    <system-out><![CDATA[11:35:48.098 [IPC Server handler 12 on default port 15057] ERROR OMAudit - user=runner | ip=127.0.0.1 | op=GET_FILE_STATUS {volume=volume67780, bucket=bucket36604, key=.Trash/runner/Current/testKey1, dataSize=0, replicationConfig=null} | ret=FAILURE
org.apache.hadoop.ozone.om.exceptions.OMException: Unable to get file status: volume: volume67780 bucket: bucket36604 key: .Trash/runner/Current/testKey1
	at org.apache.hadoop.ozone.om.KeyManagerImpl.getOzoneFileStatus(KeyManagerImpl.java:1195) ~[ozone-manager-1.4.0-SNAPSHOT.jar:?]
	at org.apache.hadoop.ozone.om.KeyManagerImpl.getFileStatus(KeyManagerImpl.java:1113) ~[ozone-manager-1.4.0-SNAPSHOT.jar:?]
	at org.apache.hadoop.ozone.om.OmMetadataReader.getFileStatus(OmMetadataReader.java:262) ~[ozone-manager-1.4.0-SNAPSHOT.jar:?]
	at org.apache.hadoop.ozone.om.OzoneManager.getFileStatus(OzoneManager.java:3513) ~[ozone-manager-1.4.0-SNAPSHOT.jar:?]
	at org.apache.hadoop.ozone.protocolPB.OzoneManagerRequestHandler.getOzoneFileStatus(OzoneManagerRequestHandler.java:973) ~[ozone-manager-1.4.0-SNAPSHOT.jar:?]
	at org.apache.hadoop.ozone.protocolPB.OzoneManagerRequestHandler.handleReadRequest(OzoneManagerRequestHandler.java:252) ~[ozone-manager-1.4.0-SNAPSHOT.jar:?]
	at org.apache.hadoop.ozone.protocolPB.OzoneManagerProtocolServerSideTranslatorPB.submitRequestDirectlyToOM(OzoneManagerProtocolServerSideTranslatorPB.java:274) ~[ozone-manager-1.4.0-SNAPSHOT.jar:?]
	at org.apache.hadoop.ozone.protocolPB.OzoneManagerProtocolServerSideTranslatorPB.processRequest(OzoneManagerProtocolServerSideTranslatorPB.java:175) ~[ozone-manager-1.4.0-SNAPSHOT.jar:?]
	at org.apache.hadoop.hdds.server.OzoneProtocolMessageDispatcher.processRequest(OzoneProtocolMessageDispatcher.java:87) [hdds-server-framework-1.4.0-SNAPSHOT.jar:?]
	at org.apache.hadoop.ozone.protocolPB.OzoneManagerProtocolServerSideTranslatorPB.submitRequest(OzoneManagerProtocolServerSideTranslatorPB.java:148) [ozone-manager-1.4.0-SNAPSHOT.jar:?]
	at org.apache.hadoop.ozone.protocol.proto.OzoneManagerProtocolProtos$OzoneManagerService$2.callBlockingMethod(OzoneManagerProtocolProtos.java) [ozone-interface-client-1.4.0-SNAPSHOT.jar:?]
	at org.apache.hadoop.ipc.ProtobufRpcEngine$Server.processCall(ProtobufRpcEngine.java:484) [hadoop-common-3.3.6.jar:?]
	at org.apache.hadoop.ipc.ProtobufRpcEngine2$Server$ProtoBufRpcInvoker.call(ProtobufRpcEngine2.java:595) [hadoop-common-3.3.6.jar:?]
	at org.apache.hadoop.ipc.ProtobufRpcEngine2$Server$ProtoBufRpcInvoker.call(ProtobufRpcEngine2.java:573) [hadoop-common-3.3.6.jar:?]
	at org.apache.hadoop.ipc.RPC$Server.call(RPC.java:1227) [hadoop-common-3.3.6.jar:?]
	at org.apache.hadoop.ipc.Server$RpcCall.run(Server.java:1094) [hadoop-common-3.3.6.jar:?]
	at org.apache.hadoop.ipc.Server$RpcCall.run(Server.java:1017) [hadoop-common-3.3.6.jar:?]
	at java.security.AccessController.doPrivileged(Native Method) ~[?:1.8.0_382]
	at javax.security.auth.Subject.doAs(Subject.java:422) [?:1.8.0_382]
	at org.apache.hadoop.security.UserGroupInformation.doAs(UserGroupInformation.java:1899) [hadoop-common-3.3.6.jar:?]
	at org.apache.hadoop.ipc.Server$Handler.run(Server.java:3048) [hadoop-common-3.3.6.jar:?]
11:35:48.103 [IPC Server handler 11 on default port 15057] ERROR OMAudit - user=runner | ip=127.0.0.1 | op=GET_FILE_STATUS {volume=volume67780, bucket=bucket36604, key=.Trash/runner/Current/testKey1, dataSize=0, replicationConfig=null} | ret=FAILURE
org.apache.hadoop.ozone.om.exceptions.OMException: Unable to get file status: volume: volume67780 bucket: bucket36604 key: .Trash/runner/Current/testKey1
	at org.apache.hadoop.ozone.om.KeyManagerImpl.getOzoneFileStatus(KeyManagerImpl.java:1195) ~[ozone-manager-1.4.0-SNAPSHOT.jar:?]
	at org.apache.hadoop.ozone.om.KeyManagerImpl.getFileStatus(KeyManagerImpl.java:1113) ~[ozone-manager-1.4.0-SNAPSHOT.jar:?]
	at org.apache.hadoop.ozone.om.OmMetadataReader.getFileStatus(OmMetadataReader.java:262) ~[ozone-manager-1.4.0-SNAPSHOT.jar:?]
	at org.apache.hadoop.ozone.om.OzoneManager.getFileStatus(OzoneManager.java:3513) ~[ozone-manager-1.4.0-SNAPSHOT.jar:?]
	at org.apache.hadoop.ozone.protocolPB.OzoneManagerRequestHandler.getOzoneFileStatus(OzoneManagerRequestHandler.java:973) ~[ozone-manager-1.4.0-SNAPSHOT.jar:?]
	at org.apache.hadoop.ozone.protocolPB.OzoneManagerRequestHandler.handleReadRequest(OzoneManagerRequestHandler.java:252) ~[ozone-manager-1.4.0-SNAPSHOT.jar:?]
	at org.apache.hadoop.ozone.protocolPB.OzoneManagerProtocolServerSideTranslatorPB.submitRequestDirectlyToOM(OzoneManagerProtocolServerSideTranslatorPB.java:274) ~[ozone-manager-1.4.0-SNAPSHOT.jar:?]
	at org.apache.hadoop.ozone.protocolPB.OzoneManagerProtocolServerSideTranslatorPB.processRequest(OzoneManagerProtocolServerSideTranslatorPB.java:175) ~[ozone-manager-1.4.0-SNAPSHOT.jar:?]
	at org.apache.hadoop.hdds.server.OzoneProtocolMessageDispatcher.processRequest(OzoneProtocolMessageDispatcher.java:87) [hdds-server-framework-1.4.0-SNAPSHOT.jar:?]
	at org.apache.hadoop.ozone.protocolPB.OzoneManagerProtocolServerSideTranslatorPB.submitRequest(OzoneManagerProtocolServerSideTranslatorPB.java:148) [ozone-manager-1.4.0-SNAPSHOT.jar:?]
	at org.apache.hadoop.ozone.protocol.proto.OzoneManagerProtocolProtos$OzoneManagerService$2.callBlockingMethod(OzoneManagerProtocolProtos.java) [ozone-interface-client-1.4.0-SNAPSHOT.jar:?]
	at org.apache.hadoop.ipc.ProtobufRpcEngine$Server.processCall(ProtobufRpcEngine.java:484) [hadoop-common-3.3.6.jar:?]
	at org.apache.hadoop.ipc.ProtobufRpcEngine2$Server$ProtoBufRpcInvoker.call(ProtobufRpcEngine2.java:595) [hadoop-common-3.3.6.jar:?]
	at org.apache.hadoop.ipc.ProtobufRpcEngine2$Server$ProtoBufRpcInvoker.call(ProtobufRpcEngine2.java:573) [hadoop-common-3.3.6.jar:?]
	at org.apache.hadoop.ipc.RPC$Server.call(RPC.java:1227) [hadoop-common-3.3.6.jar:?]
	at org.apache.hadoop.ipc.Server$RpcCall.run(Server.java:1094) [hadoop-common-3.3.6.jar:?]
	at org.apache.hadoop.ipc.Server$RpcCall.run(Server.java:1017) [hadoop-common-3.3.6.jar:?]
	at java.security.AccessController.doPrivileged(Native Method) ~[?:1.8.0_382]
	at javax.security.auth.Subject.doAs(Subject.java:422) [?:1.8.0_382]
	at org.apache.hadoop.security.UserGroupInformation.doAs(UserGroupInformation.java:1899) [hadoop-common-3.3.6.jar:?]
	at org.apache.hadoop.ipc.Server$Handler.run(Server.java:3048) [hadoop-common-3.3.6.jar:?]
2023-08-25 11:35:48,110 [Time-limited test] INFO  om.TrashPolicyOzone (TrashPolicyOzone.java:moveToTrash(209)) - Moved: '/testKey1' to trash at: /.Trash/runner/Current/testKey1
]]></system-out>
  </testcase>
  <testcase name="testRenameToTrashEnabled" classname="TestOzoneFileSystem" time="0.221">
    <system-out><![CDATA[11:37:20.682 [IPC Server handler 3 on default port 15110] ERROR OMAudit - user=runner | ip=127.0.0.1 | op=GET_FILE_STATUS {volume=volume79256, bucket=bucket28461, key=.Trash/runner/Current/testKey1, dataSize=0, replicationConfig=null} | ret=FAILURE
org.apache.hadoop.ozone.om.exceptions.OMException: Unable to get file status: volume: volume79256 bucket: bucket28461 key: .Trash/runner/Current/testKey1
	at org.apache.hadoop.ozone.om.KeyManagerImpl.getOzoneFileStatus(KeyManagerImpl.java:1195) ~[ozone-manager-1.4.0-SNAPSHOT.jar:?]
	at org.apache.hadoop.ozone.om.KeyManagerImpl.getFileStatus(KeyManagerImpl.java:1113) ~[ozone-manager-1.4.0-SNAPSHOT.jar:?]
	at org.apache.hadoop.ozone.om.OmMetadataReader.getFileStatus(OmMetadataReader.java:262) ~[ozone-manager-1.4.0-SNAPSHOT.jar:?]
	at org.apache.hadoop.ozone.om.OzoneManager.getFileStatus(OzoneManager.java:3513) ~[ozone-manager-1.4.0-SNAPSHOT.jar:?]
	at org.apache.hadoop.ozone.protocolPB.OzoneManagerRequestHandler.getOzoneFileStatus(OzoneManagerRequestHandler.java:973) ~[ozone-manager-1.4.0-SNAPSHOT.jar:?]
	at org.apache.hadoop.ozone.protocolPB.OzoneManagerRequestHandler.handleReadRequest(OzoneManagerRequestHandler.java:252) ~[ozone-manager-1.4.0-SNAPSHOT.jar:?]
	at org.apache.hadoop.ozone.protocolPB.OzoneManagerProtocolServerSideTranslatorPB.submitReadRequestToOM(OzoneManagerProtocolServerSideTranslatorPB.java:225) ~[ozone-manager-1.4.0-SNAPSHOT.jar:?]
	at org.apache.hadoop.ozone.protocolPB.OzoneManagerProtocolServerSideTranslatorPB.processRequest(OzoneManagerProtocolServerSideTranslatorPB.java:179) ~[ozone-manager-1.4.0-SNAPSHOT.jar:?]
	at org.apache.hadoop.hdds.server.OzoneProtocolMessageDispatcher.processRequest(OzoneProtocolMessageDispatcher.java:87) [hdds-server-framework-1.4.0-SNAPSHOT.jar:?]
	at org.apache.hadoop.ozone.protocolPB.OzoneManagerProtocolServerSideTranslatorPB.submitRequest(OzoneManagerProtocolServerSideTranslatorPB.java:148) [ozone-manager-1.4.0-SNAPSHOT.jar:?]
	at org.apache.hadoop.ozone.protocol.proto.OzoneManagerProtocolProtos$OzoneManagerService$2.callBlockingMethod(OzoneManagerProtocolProtos.java) [ozone-interface-client-1.4.0-SNAPSHOT.jar:?]
	at org.apache.hadoop.ipc.ProtobufRpcEngine$Server.processCall(ProtobufRpcEngine.java:484) [hadoop-common-3.3.6.jar:?]
	at org.apache.hadoop.ipc.ProtobufRpcEngine2$Server$ProtoBufRpcInvoker.call(ProtobufRpcEngine2.java:595) [hadoop-common-3.3.6.jar:?]
	at org.apache.hadoop.ipc.ProtobufRpcEngine2$Server$ProtoBufRpcInvoker.call(ProtobufRpcEngine2.java:573) [hadoop-common-3.3.6.jar:?]
	at org.apache.hadoop.ipc.RPC$Server.call(RPC.java:1227) [hadoop-common-3.3.6.jar:?]
	at org.apache.hadoop.ipc.Server$RpcCall.run(Server.java:1094) [hadoop-common-3.3.6.jar:?]
	at org.apache.hadoop.ipc.Server$RpcCall.run(Server.java:1017) [hadoop-common-3.3.6.jar:?]
	at java.security.AccessController.doPrivileged(Native Method) ~[?:1.8.0_382]
	at javax.security.auth.Subject.doAs(Subject.java:422) [?:1.8.0_382]
	at org.apache.hadoop.security.UserGroupInformation.doAs(UserGroupInformation.java:1899) [hadoop-common-3.3.6.jar:?]
	at org.apache.hadoop.ipc.Server$Handler.run(Server.java:3048) [hadoop-common-3.3.6.jar:?]
11:37:20.686 [IPC Server handler 4 on default port 15110] ERROR OMAudit - user=runner | ip=127.0.0.1 | op=GET_FILE_STATUS {volume=volume79256, bucket=bucket28461, key=.Trash/runner/Current/testKey1, dataSize=0, replicationConfig=null} | ret=FAILURE
org.apache.hadoop.ozone.om.exceptions.OMException: Unable to get file status: volume: volume79256 bucket: bucket28461 key: .Trash/runner/Current/testKey1
	at org.apache.hadoop.ozone.om.KeyManagerImpl.getOzoneFileStatus(KeyManagerImpl.java:1195) ~[ozone-manager-1.4.0-SNAPSHOT.jar:?]
	at org.apache.hadoop.ozone.om.KeyManagerImpl.getFileStatus(KeyManagerImpl.java:1113) ~[ozone-manager-1.4.0-SNAPSHOT.jar:?]
	at org.apache.hadoop.ozone.om.OmMetadataReader.getFileStatus(OmMetadataReader.java:262) ~[ozone-manager-1.4.0-SNAPSHOT.jar:?]
	at org.apache.hadoop.ozone.om.OzoneManager.getFileStatus(OzoneManager.java:3513) ~[ozone-manager-1.4.0-SNAPSHOT.jar:?]
	at org.apache.hadoop.ozone.protocolPB.OzoneManagerRequestHandler.getOzoneFileStatus(OzoneManagerRequestHandler.java:973) ~[ozone-manager-1.4.0-SNAPSHOT.jar:?]
	at org.apache.hadoop.ozone.protocolPB.OzoneManagerRequestHandler.handleReadRequest(OzoneManagerRequestHandler.java:252) ~[ozone-manager-1.4.0-SNAPSHOT.jar:?]
	at org.apache.hadoop.ozone.protocolPB.OzoneManagerProtocolServerSideTranslatorPB.submitReadRequestToOM(OzoneManagerProtocolServerSideTranslatorPB.java:225) ~[ozone-manager-1.4.0-SNAPSHOT.jar:?]
	at org.apache.hadoop.ozone.protocolPB.OzoneManagerProtocolServerSideTranslatorPB.processRequest(OzoneManagerProtocolServerSideTranslatorPB.java:179) ~[ozone-manager-1.4.0-SNAPSHOT.jar:?]
	at org.apache.hadoop.hdds.server.OzoneProtocolMessageDispatcher.processRequest(OzoneProtocolMessageDispatcher.java:87) [hdds-server-framework-1.4.0-SNAPSHOT.jar:?]
	at org.apache.hadoop.ozone.protocolPB.OzoneManagerProtocolServerSideTranslatorPB.submitRequest(OzoneManagerProtocolServerSideTranslatorPB.java:148) [ozone-manager-1.4.0-SNAPSHOT.jar:?]
	at org.apache.hadoop.ozone.protocol.proto.OzoneManagerProtocolProtos$OzoneManagerService$2.callBlockingMethod(OzoneManagerProtocolProtos.java) [ozone-interface-client-1.4.0-SNAPSHOT.jar:?]
	at org.apache.hadoop.ipc.ProtobufRpcEngine$Server.processCall(ProtobufRpcEngine.java:484) [hadoop-common-3.3.6.jar:?]
	at org.apache.hadoop.ipc.ProtobufRpcEngine2$Server$ProtoBufRpcInvoker.call(ProtobufRpcEngine2.java:595) [hadoop-common-3.3.6.jar:?]
	at org.apache.hadoop.ipc.ProtobufRpcEngine2$Server$ProtoBufRpcInvoker.call(ProtobufRpcEngine2.java:573) [hadoop-common-3.3.6.jar:?]
	at org.apache.hadoop.ipc.RPC$Server.call(RPC.java:1227) [hadoop-common-3.3.6.jar:?]
	at org.apache.hadoop.ipc.Server$RpcCall.run(Server.java:1094) [hadoop-common-3.3.6.jar:?]
	at org.apache.hadoop.ipc.Server$RpcCall.run(Server.java:1017) [hadoop-common-3.3.6.jar:?]
	at java.security.AccessController.doPrivileged(Native Method) ~[?:1.8.0_382]
	at javax.security.auth.Subject.doAs(Subject.java:422) [?:1.8.0_382]
	at org.apache.hadoop.security.UserGroupInformation.doAs(UserGroupInformation.java:1899) [hadoop-common-3.3.6.jar:?]
	at org.apache.hadoop.ipc.Server$Handler.run(Server.java:3048) [hadoop-common-3.3.6.jar:?]
2023-08-25 11:37:20,695 [Time-limited test] INFO  om.TrashPolicyOzone (TrashPolicyOzone.java:moveToTrash(209)) - Moved: '/testKey1' to trash at: /.Trash/runner/Current/testKey1
]]></system-out>
  </testcase>
  <testcase name="testRenameToTrashEnabled" classname="TestOzoneFileSystem" time="0.177">
    <system-out><![CDATA[11:38:46.679 [IPC Server handler 14 on default port 15163] ERROR OMAudit - user=runner | ip=127.0.0.1 | op=GET_FILE_STATUS {volume=volume45503, bucket=bucket29530, key=.Trash/runner/Current/testKey1, dataSize=0, replicationConfig=null} | ret=FAILURE
org.apache.hadoop.ozone.om.exceptions.OMException: Unable to get file status: volume: volume45503 bucket: bucket29530 key: .Trash/runner/Current/testKey1
	at org.apache.hadoop.ozone.om.KeyManagerImpl.getOzoneFileStatus(KeyManagerImpl.java:1195) ~[ozone-manager-1.4.0-SNAPSHOT.jar:?]
	at org.apache.hadoop.ozone.om.KeyManagerImpl.getFileStatus(KeyManagerImpl.java:1113) ~[ozone-manager-1.4.0-SNAPSHOT.jar:?]
	at org.apache.hadoop.ozone.om.OmMetadataReader.getFileStatus(OmMetadataReader.java:262) ~[ozone-manager-1.4.0-SNAPSHOT.jar:?]
	at org.apache.hadoop.ozone.om.OzoneManager.getFileStatus(OzoneManager.java:3513) ~[ozone-manager-1.4.0-SNAPSHOT.jar:?]
	at org.apache.hadoop.ozone.protocolPB.OzoneManagerRequestHandler.getOzoneFileStatus(OzoneManagerRequestHandler.java:973) ~[ozone-manager-1.4.0-SNAPSHOT.jar:?]
	at org.apache.hadoop.ozone.protocolPB.OzoneManagerRequestHandler.handleReadRequest(OzoneManagerRequestHandler.java:252) ~[ozone-manager-1.4.0-SNAPSHOT.jar:?]
	at org.apache.hadoop.ozone.protocolPB.OzoneManagerProtocolServerSideTranslatorPB.submitRequestDirectlyToOM(OzoneManagerProtocolServerSideTranslatorPB.java:274) ~[ozone-manager-1.4.0-SNAPSHOT.jar:?]
	at org.apache.hadoop.ozone.protocolPB.OzoneManagerProtocolServerSideTranslatorPB.processRequest(OzoneManagerProtocolServerSideTranslatorPB.java:175) ~[ozone-manager-1.4.0-SNAPSHOT.jar:?]
	at org.apache.hadoop.hdds.server.OzoneProtocolMessageDispatcher.processRequest(OzoneProtocolMessageDispatcher.java:87) [hdds-server-framework-1.4.0-SNAPSHOT.jar:?]
	at org.apache.hadoop.ozone.protocolPB.OzoneManagerProtocolServerSideTranslatorPB.submitRequest(OzoneManagerProtocolServerSideTranslatorPB.java:148) [ozone-manager-1.4.0-SNAPSHOT.jar:?]
	at org.apache.hadoop.ozone.protocol.proto.OzoneManagerProtocolProtos$OzoneManagerService$2.callBlockingMethod(OzoneManagerProtocolProtos.java) [ozone-interface-client-1.4.0-SNAPSHOT.jar:?]
	at org.apache.hadoop.ipc.ProtobufRpcEngine$Server.processCall(ProtobufRpcEngine.java:484) [hadoop-common-3.3.6.jar:?]
	at org.apache.hadoop.ipc.ProtobufRpcEngine2$Server$ProtoBufRpcInvoker.call(ProtobufRpcEngine2.java:595) [hadoop-common-3.3.6.jar:?]
	at org.apache.hadoop.ipc.ProtobufRpcEngine2$Server$ProtoBufRpcInvoker.call(ProtobufRpcEngine2.java:573) [hadoop-common-3.3.6.jar:?]
	at org.apache.hadoop.ipc.RPC$Server.call(RPC.java:1227) [hadoop-common-3.3.6.jar:?]
	at org.apache.hadoop.ipc.Server$RpcCall.run(Server.java:1094) [hadoop-common-3.3.6.jar:?]
	at org.apache.hadoop.ipc.Server$RpcCall.run(Server.java:1017) [hadoop-common-3.3.6.jar:?]
	at java.security.AccessController.doPrivileged(Native Method) ~[?:1.8.0_382]
	at javax.security.auth.Subject.doAs(Subject.java:422) [?:1.8.0_382]
	at org.apache.hadoop.security.UserGroupInformation.doAs(UserGroupInformation.java:1899) [hadoop-common-3.3.6.jar:?]
	at org.apache.hadoop.ipc.Server$Handler.run(Server.java:3048) [hadoop-common-3.3.6.jar:?]
11:38:46.684 [IPC Server handler 16 on default port 15163] ERROR OMAudit - user=runner | ip=127.0.0.1 | op=GET_FILE_STATUS {volume=volume45503, bucket=bucket29530, key=.Trash/runner/Current/testKey1, dataSize=0, replicationConfig=null} | ret=FAILURE
org.apache.hadoop.ozone.om.exceptions.OMException: Unable to get file status: volume: volume45503 bucket: bucket29530 key: .Trash/runner/Current/testKey1
	at org.apache.hadoop.ozone.om.KeyManagerImpl.getOzoneFileStatus(KeyManagerImpl.java:1195) ~[ozone-manager-1.4.0-SNAPSHOT.jar:?]
	at org.apache.hadoop.ozone.om.KeyManagerImpl.getFileStatus(KeyManagerImpl.java:1113) ~[ozone-manager-1.4.0-SNAPSHOT.jar:?]
	at org.apache.hadoop.ozone.om.OmMetadataReader.getFileStatus(OmMetadataReader.java:262) ~[ozone-manager-1.4.0-SNAPSHOT.jar:?]
	at org.apache.hadoop.ozone.om.OzoneManager.getFileStatus(OzoneManager.java:3513) ~[ozone-manager-1.4.0-SNAPSHOT.jar:?]
	at org.apache.hadoop.ozone.protocolPB.OzoneManagerRequestHandler.getOzoneFileStatus(OzoneManagerRequestHandler.java:973) ~[ozone-manager-1.4.0-SNAPSHOT.jar:?]
	at org.apache.hadoop.ozone.protocolPB.OzoneManagerRequestHandler.handleReadRequest(OzoneManagerRequestHandler.java:252) ~[ozone-manager-1.4.0-SNAPSHOT.jar:?]
	at org.apache.hadoop.ozone.protocolPB.OzoneManagerProtocolServerSideTranslatorPB.submitRequestDirectlyToOM(OzoneManagerProtocolServerSideTranslatorPB.java:274) ~[ozone-manager-1.4.0-SNAPSHOT.jar:?]
	at org.apache.hadoop.ozone.protocolPB.OzoneManagerProtocolServerSideTranslatorPB.processRequest(OzoneManagerProtocolServerSideTranslatorPB.java:175) ~[ozone-manager-1.4.0-SNAPSHOT.jar:?]
	at org.apache.hadoop.hdds.server.OzoneProtocolMessageDispatcher.processRequest(OzoneProtocolMessageDispatcher.java:87) [hdds-server-framework-1.4.0-SNAPSHOT.jar:?]
	at org.apache.hadoop.ozone.protocolPB.OzoneManagerProtocolServerSideTranslatorPB.submitRequest(OzoneManagerProtocolServerSideTranslatorPB.java:148) [ozone-manager-1.4.0-SNAPSHOT.jar:?]
	at org.apache.hadoop.ozone.protocol.proto.OzoneManagerProtocolProtos$OzoneManagerService$2.callBlockingMethod(OzoneManagerProtocolProtos.java) [ozone-interface-client-1.4.0-SNAPSHOT.jar:?]
	at org.apache.hadoop.ipc.ProtobufRpcEngine$Server.processCall(ProtobufRpcEngine.java:484) [hadoop-common-3.3.6.jar:?]
	at org.apache.hadoop.ipc.ProtobufRpcEngine2$Server$ProtoBufRpcInvoker.call(ProtobufRpcEngine2.java:595) [hadoop-common-3.3.6.jar:?]
	at org.apache.hadoop.ipc.ProtobufRpcEngine2$Server$ProtoBufRpcInvoker.call(ProtobufRpcEngine2.java:573) [hadoop-common-3.3.6.jar:?]
	at org.apache.hadoop.ipc.RPC$Server.call(RPC.java:1227) [hadoop-common-3.3.6.jar:?]
	at org.apache.hadoop.ipc.Server$RpcCall.run(Server.java:1094) [hadoop-common-3.3.6.jar:?]
	at org.apache.hadoop.ipc.Server$RpcCall.run(Server.java:1017) [hadoop-common-3.3.6.jar:?]
	at java.security.AccessController.doPrivileged(Native Method) ~[?:1.8.0_382]
	at javax.security.auth.Subject.doAs(Subject.java:422) [?:1.8.0_382]
	at org.apache.hadoop.security.UserGroupInformation.doAs(UserGroupInformation.java:1899) [hadoop-common-3.3.6.jar:?]
	at org.apache.hadoop.ipc.Server$Handler.run(Server.java:3048) [hadoop-common-3.3.6.jar:?]
2023-08-25 11:38:46,692 [Time-limited test] INFO  om.TrashPolicyOzone (TrashPolicyOzone.java:moveToTrash(209)) - Moved: '/testKey1' to trash at: /.Trash/runner/Current/testKey1
]]></system-out>
  </testcase>
  <testcase name="testListStatusWithIntermediateDir" classname="TestOzoneFileSystem" time="0.08"/>
  <testcase name="testListStatusWithIntermediateDir" classname="TestOzoneFileSystem" time="0.049"/>
  <testcase name="testListStatusWithIntermediateDir" classname="TestOzoneFileSystem" time="0.047"/>
  <testcase name="testListStatusWithIntermediateDir" classname="TestOzoneFileSystem" time="0.043"/>
  <testcase name="testRenameSourceAndDestinAreSame" classname="TestOzoneFileSystem" time="0.043"/>
  <testcase name="testRenameSourceAndDestinAreSame" classname="TestOzoneFileSystem" time="0.031"/>
  <testcase name="testRenameSourceAndDestinAreSame" classname="TestOzoneFileSystem" time="0.029"/>
  <testcase name="testRenameSourceAndDestinAreSame" classname="TestOzoneFileSystem" time="0.033"/>
  <testcase name="testListStatusIteratorWithDir" classname="TestOzoneFileSystem" time="0.104"/>
  <testcase name="testListStatusIteratorWithDir" classname="TestOzoneFileSystem" time="0.067"/>
  <testcase name="testListStatusIteratorWithDir" classname="TestOzoneFileSystem" time="0.071"/>
  <testcase name="testListStatusIteratorWithDir" classname="TestOzoneFileSystem" time="0.062">
    <system-out><![CDATA[2023-08-25 11:38:46,845 [BlockDeletingService#0] INFO  interfaces.ContainerDeletionChoosingPolicyTemplate (ContainerDeletionChoosingPolicyTemplate.java:chooseContainerForBlockDeletion(85)) - Chosen 0/5000 blocks from 0 candidate containers.
]]></system-out>
  </testcase>
  <testcase name="testListStatusOnLargeDirectory" classname="TestOzoneFileSystem" time="12.547"/>
  <testcase name="testListStatusOnLargeDirectory" classname="TestOzoneFileSystem" time="9.292"/>
  <testcase name="testListStatusOnLargeDirectory" classname="TestOzoneFileSystem" time="11.101"/>
  <testcase name="testListStatusOnLargeDirectory" classname="TestOzoneFileSystem" time="10.163">
    <system-out><![CDATA[2023-08-25 11:38:47,226 [BlockDeletingService#0] INFO  interfaces.ContainerDeletionChoosingPolicyTemplate (ContainerDeletionChoosingPolicyTemplate.java:chooseContainerForBlockDeletion(85)) - Chosen 0/5000 blocks from 0 candidate containers.
2023-08-25 11:38:50,556 [JvmPauseMonitor27] WARN  util.JvmPauseMonitor (JvmPauseMonitor.java:detectPause(124)) - JvmPauseMonitor-502f6022-a881-4b45-8d31-6accf0fa9572: Detected pause in JVM or host machine approximately 0.100s with 0.130s GC time.
GC pool 'PS Scavenge' had collection(s): count=1 time=130ms
2023-08-25 11:38:56,914 [JvmPauseMonitor26] WARN  util.JvmPauseMonitor (JvmPauseMonitor.java:detectPause(124)) - JvmPauseMonitor-addc2b6a-cfc9-4bfb-8a1c-15b9de9495ff: Detected pause in JVM or host machine approximately 0.615s with 1.073s GC time.
GC pool 'PS MarkSweep' had collection(s): count=1 time=800ms
GC pool 'PS Scavenge' had collection(s): count=1 time=273ms
2023-08-25 11:38:56,915 [JvmPauseMonitor23] WARN  util.JvmPauseMonitor (JvmPauseMonitor.java:detectPause(124)) - JvmPauseMonitor-40eb42f8-08cb-4edc-9c90-450b1ff1d9e5: Detected pause in JVM or host machine approximately 0.615s with 1.073s GC time.
GC pool 'PS MarkSweep' had collection(s): count=1 time=800ms
GC pool 'PS Scavenge' had collection(s): count=1 time=273ms
2023-08-25 11:38:56,915 [JvmPauseMonitor24] WARN  util.JvmPauseMonitor (JvmPauseMonitor.java:detectPause(124)) - JvmPauseMonitor-c88c3db0-6d18-4a8e-bc96-216262cb4b87: Detected pause in JVM or host machine approximately 0.618s with 1.073s GC time.
GC pool 'PS MarkSweep' had collection(s): count=1 time=800ms
GC pool 'PS Scavenge' had collection(s): count=1 time=273ms
2023-08-25 11:38:56,915 [JvmPauseMonitor21] WARN  util.JvmPauseMonitor (JvmPauseMonitor.java:detectPause(124)) - JvmPauseMonitor-ea836a79-b654-4d23-a9c3-914f0a98739c: Detected pause in JVM or host machine approximately 0.618s with 1.073s GC time.
GC pool 'PS MarkSweep' had collection(s): count=1 time=800ms
GC pool 'PS Scavenge' had collection(s): count=1 time=273ms
2023-08-25 11:38:56,915 [JvmPauseMonitor22] WARN  util.JvmPauseMonitor (JvmPauseMonitor.java:detectPause(124)) - JvmPauseMonitor-33a53b6b-473e-42da-96b3-96e2bb6444f2: Detected pause in JVM or host machine approximately 0.620s with 1.073s GC time.
GC pool 'PS MarkSweep' had collection(s): count=1 time=800ms
GC pool 'PS Scavenge' had collection(s): count=1 time=273ms
2023-08-25 11:38:56,915 [JvmPauseMonitor25] WARN  util.JvmPauseMonitor (JvmPauseMonitor.java:detectPause(124)) - JvmPauseMonitor-f8b5371a-a27d-49bd-9775-6107617962eb: Detected pause in JVM or host machine approximately 0.620s with 1.073s GC time.
GC pool 'PS MarkSweep' had collection(s): count=1 time=800ms
GC pool 'PS Scavenge' had collection(s): count=1 time=273ms
2023-08-25 11:38:56,916 [JvmPauseMonitor27] WARN  util.JvmPauseMonitor (JvmPauseMonitor.java:detectPause(124)) - JvmPauseMonitor-502f6022-a881-4b45-8d31-6accf0fa9572: Detected pause in JVM or host machine approximately 0.857s with 1.073s GC time.
GC pool 'PS MarkSweep' had collection(s): count=1 time=800ms
GC pool 'PS Scavenge' had collection(s): count=1 time=273ms
]]></system-out>
  </testcase>
  <testcase name="testFileSystemDeclaresCapability" classname="TestOzoneFileSystem" time="0.018"/>
  <testcase name="testFileSystemDeclaresCapability" classname="TestOzoneFileSystem" time="0.011"/>
  <testcase name="testFileSystemDeclaresCapability" classname="TestOzoneFileSystem" time="0.015"/>
  <testcase name="testFileSystemDeclaresCapability" classname="TestOzoneFileSystem" time="0.011"/>
  <testcase name="testCreateKeyShouldUseRefreshedBucketReplicationConfig" classname="TestOzoneFileSystem" time="0.412">
    <system-out><![CDATA[2023-08-25 11:34:28,771 [Time-limited test] INFO  rpc.RpcClient (RpcClient.java:createVolume(461)) - Creating Volume: volume47691, with user40306 as owner and space quota set to -1 bytes, counts quota set to -1
2023-08-25 11:34:28,778 [OM StateMachine ApplyTransaction Thread - 0] INFO  volume.OMVolumeCreateRequest (OMVolumeCreateRequest.java:validateAndUpdateCache(196)) - created volume:volume47691 for user:user40306
2023-08-25 11:34:28,781 [Time-limited test] INFO  rpc.RpcClient (RpcClient.java:createBucket(688)) - Creating Bucket: volume47691/bucket04281, with bucket layout LEGACY, runner as owner, Versioning false, Storage Type set to DISK and Encryption set to false, Replication Type set to server-side default replication type, Namespace Quota set to -1, Space Quota set to -1 
2023-08-25 11:34:28,783 [OM StateMachine ApplyTransaction Thread - 0] INFO  bucket.OMBucketCreateRequest (OMBucketCreateRequest.java:validateAndUpdateCache(270)) - created bucket: bucket04281 of layout LEGACY in volume: volume47691
2023-08-25 11:34:28,877 [IPC Server handler 14 on default port 15001] INFO  algorithms.SCMContainerPlacementRackScatter (SCMContainerPlacementRackScatter.java:chooseDatanodesInternal(362)) - Chosen nodes: [d411a2e9-f1e7-48ff-a207-5fb0a1d8b942(fv-az508-118.q1hezrx03woe3mvmfegnvhq0ah.dx.internal.cloudapp.net/10.1.0.52), 4dcd1767-97a9-4f87-b8f8-fe0ca563ef05(fv-az508-118.q1hezrx03woe3mvmfegnvhq0ah.dx.internal.cloudapp.net/10.1.0.52), af11e694-f31c-4d10-acc2-680f80b0911e(fv-az508-118.q1hezrx03woe3mvmfegnvhq0ah.dx.internal.cloudapp.net/10.1.0.52), ead66fe0-0d51-45f6-a40c-8e2915dd9a2f(fv-az508-118.q1hezrx03woe3mvmfegnvhq0ah.dx.internal.cloudapp.net/10.1.0.52), 13d602e5-043f-4877-ab61-f2512eb11edb(fv-az508-118.q1hezrx03woe3mvmfegnvhq0ah.dx.internal.cloudapp.net/10.1.0.52)]. isPolicySatisfied: true.
2023-08-25 11:34:28,880 [IPC Server handler 14 on default port 15001] INFO  pipeline.WritableECContainerProvider (WritableECContainerProvider.java:allocateContainer(211)) - Created and opened new pipeline Pipeline[ Id: 9cf1f2d3-090e-4375-b8be-8dd226bc0342, Nodes: d411a2e9-f1e7-48ff-a207-5fb0a1d8b942(fv-az508-118.q1hezrx03woe3mvmfegnvhq0ah.dx.internal.cloudapp.net/10.1.0.52)4dcd1767-97a9-4f87-b8f8-fe0ca563ef05(fv-az508-118.q1hezrx03woe3mvmfegnvhq0ah.dx.internal.cloudapp.net/10.1.0.52)af11e694-f31c-4d10-acc2-680f80b0911e(fv-az508-118.q1hezrx03woe3mvmfegnvhq0ah.dx.internal.cloudapp.net/10.1.0.52)ead66fe0-0d51-45f6-a40c-8e2915dd9a2f(fv-az508-118.q1hezrx03woe3mvmfegnvhq0ah.dx.internal.cloudapp.net/10.1.0.52)13d602e5-043f-4877-ab61-f2512eb11edb(fv-az508-118.q1hezrx03woe3mvmfegnvhq0ah.dx.internal.cloudapp.net/10.1.0.52), ReplicationConfig: EC{rs-3-2-1024k}, State:ALLOCATED, leaderId:, CreationTimestamp2023-08-25T11:34:28.877Z[Etc/UTC]]
2023-08-25 11:34:28,955 [Time-limited test] WARN  erasurecode.ErasureCodeNative (ErasureCodeNative.java:<clinit>(55)) - ISA-L support is not available in your platform... using builtin-java codec where applicable
2023-08-25 11:34:29,104 [IPC Server handler 2 on default port 15001] INFO  algorithms.SCMContainerPlacementRackScatter (SCMContainerPlacementRackScatter.java:chooseDatanodesInternal(362)) - Chosen nodes: [ead66fe0-0d51-45f6-a40c-8e2915dd9a2f(fv-az508-118.q1hezrx03woe3mvmfegnvhq0ah.dx.internal.cloudapp.net/10.1.0.52), 13d602e5-043f-4877-ab61-f2512eb11edb(fv-az508-118.q1hezrx03woe3mvmfegnvhq0ah.dx.internal.cloudapp.net/10.1.0.52), d411a2e9-f1e7-48ff-a207-5fb0a1d8b942(fv-az508-118.q1hezrx03woe3mvmfegnvhq0ah.dx.internal.cloudapp.net/10.1.0.52), 4dcd1767-97a9-4f87-b8f8-fe0ca563ef05(fv-az508-118.q1hezrx03woe3mvmfegnvhq0ah.dx.internal.cloudapp.net/10.1.0.52), af11e694-f31c-4d10-acc2-680f80b0911e(fv-az508-118.q1hezrx03woe3mvmfegnvhq0ah.dx.internal.cloudapp.net/10.1.0.52)]. isPolicySatisfied: true.
2023-08-25 11:34:29,108 [IPC Server handler 2 on default port 15001] INFO  pipeline.WritableECContainerProvider (WritableECContainerProvider.java:allocateContainer(211)) - Created and opened new pipeline Pipeline[ Id: ee357019-2fc9-409c-aef3-d0597de7106e, Nodes: ead66fe0-0d51-45f6-a40c-8e2915dd9a2f(fv-az508-118.q1hezrx03woe3mvmfegnvhq0ah.dx.internal.cloudapp.net/10.1.0.52)13d602e5-043f-4877-ab61-f2512eb11edb(fv-az508-118.q1hezrx03woe3mvmfegnvhq0ah.dx.internal.cloudapp.net/10.1.0.52)d411a2e9-f1e7-48ff-a207-5fb0a1d8b942(fv-az508-118.q1hezrx03woe3mvmfegnvhq0ah.dx.internal.cloudapp.net/10.1.0.52)4dcd1767-97a9-4f87-b8f8-fe0ca563ef05(fv-az508-118.q1hezrx03woe3mvmfegnvhq0ah.dx.internal.cloudapp.net/10.1.0.52)af11e694-f31c-4d10-acc2-680f80b0911e(fv-az508-118.q1hezrx03woe3mvmfegnvhq0ah.dx.internal.cloudapp.net/10.1.0.52), ReplicationConfig: EC{rs-3-2-1024k}, State:ALLOCATED, leaderId:, CreationTimestamp2023-08-25T11:34:29.105Z[Etc/UTC]]
]]></system-out>
  </testcase>
  <testcase name="testCreateKeyShouldUseRefreshedBucketReplicationConfig" classname="TestOzoneFileSystem" time="0.184">
    <system-out><![CDATA[2023-08-25 11:35:57,609 [Time-limited test] INFO  rpc.RpcClient (RpcClient.java:createVolume(461)) - Creating Volume: volume10481, with user61864 as owner and space quota set to -1 bytes, counts quota set to -1
2023-08-25 11:35:57,612 [IPC Server handler 11 on default port 15057] INFO  volume.OMVolumeCreateRequest (OMVolumeCreateRequest.java:validateAndUpdateCache(196)) - created volume:volume10481 for user:user61864
2023-08-25 11:35:57,618 [Time-limited test] INFO  rpc.RpcClient (RpcClient.java:createBucket(688)) - Creating Bucket: volume10481/bucket72660, with bucket layout LEGACY, runner as owner, Versioning false, Storage Type set to DISK and Encryption set to false, Replication Type set to server-side default replication type, Namespace Quota set to -1, Space Quota set to -1 
2023-08-25 11:35:57,619 [IPC Server handler 2 on default port 15057] INFO  bucket.OMBucketCreateRequest (OMBucketCreateRequest.java:validateAndUpdateCache(270)) - created bucket: bucket72660 of layout LEGACY in volume: volume10481
2023-08-25 11:35:57,668 [IPC Server handler 1 on default port 15054] INFO  algorithms.SCMContainerPlacementRackScatter (SCMContainerPlacementRackScatter.java:chooseDatanodesInternal(362)) - Chosen nodes: [16866294-0bab-4ae5-8da9-294ec4800f35(fv-az508-118.q1hezrx03woe3mvmfegnvhq0ah.dx.internal.cloudapp.net/10.1.0.52), 3bcb9728-7d1d-45db-b3c3-ee1d25f73c3d(fv-az508-118.q1hezrx03woe3mvmfegnvhq0ah.dx.internal.cloudapp.net/10.1.0.52), 85c49798-3560-4dc9-a596-09ecbe4a8df4(fv-az508-118.q1hezrx03woe3mvmfegnvhq0ah.dx.internal.cloudapp.net/10.1.0.52), be1f1661-cb08-42a9-9c55-aeb71fb92a9a(fv-az508-118.q1hezrx03woe3mvmfegnvhq0ah.dx.internal.cloudapp.net/10.1.0.52), 6fb87cf7-6010-4447-ac68-4b216325e026(fv-az508-118.q1hezrx03woe3mvmfegnvhq0ah.dx.internal.cloudapp.net/10.1.0.52)]. isPolicySatisfied: true.
2023-08-25 11:35:57,670 [IPC Server handler 1 on default port 15054] INFO  pipeline.WritableECContainerProvider (WritableECContainerProvider.java:allocateContainer(211)) - Created and opened new pipeline Pipeline[ Id: 9ef321b7-ec76-405f-934e-02e4165863ea, Nodes: 16866294-0bab-4ae5-8da9-294ec4800f35(fv-az508-118.q1hezrx03woe3mvmfegnvhq0ah.dx.internal.cloudapp.net/10.1.0.52)3bcb9728-7d1d-45db-b3c3-ee1d25f73c3d(fv-az508-118.q1hezrx03woe3mvmfegnvhq0ah.dx.internal.cloudapp.net/10.1.0.52)85c49798-3560-4dc9-a596-09ecbe4a8df4(fv-az508-118.q1hezrx03woe3mvmfegnvhq0ah.dx.internal.cloudapp.net/10.1.0.52)be1f1661-cb08-42a9-9c55-aeb71fb92a9a(fv-az508-118.q1hezrx03woe3mvmfegnvhq0ah.dx.internal.cloudapp.net/10.1.0.52)6fb87cf7-6010-4447-ac68-4b216325e026(fv-az508-118.q1hezrx03woe3mvmfegnvhq0ah.dx.internal.cloudapp.net/10.1.0.52), ReplicationConfig: EC{rs-3-2-1024k}, State:ALLOCATED, leaderId:, CreationTimestamp2023-08-25T11:35:57.668Z[Etc/UTC]]
2023-08-25 11:35:57,709 [IPC Server handler 12 on default port 15054] INFO  algorithms.SCMContainerPlacementRackScatter (SCMContainerPlacementRackScatter.java:chooseDatanodesInternal(362)) - Chosen nodes: [85c49798-3560-4dc9-a596-09ecbe4a8df4(fv-az508-118.q1hezrx03woe3mvmfegnvhq0ah.dx.internal.cloudapp.net/10.1.0.52), be1f1661-cb08-42a9-9c55-aeb71fb92a9a(fv-az508-118.q1hezrx03woe3mvmfegnvhq0ah.dx.internal.cloudapp.net/10.1.0.52), 16866294-0bab-4ae5-8da9-294ec4800f35(fv-az508-118.q1hezrx03woe3mvmfegnvhq0ah.dx.internal.cloudapp.net/10.1.0.52), 3bcb9728-7d1d-45db-b3c3-ee1d25f73c3d(fv-az508-118.q1hezrx03woe3mvmfegnvhq0ah.dx.internal.cloudapp.net/10.1.0.52), 6fb87cf7-6010-4447-ac68-4b216325e026(fv-az508-118.q1hezrx03woe3mvmfegnvhq0ah.dx.internal.cloudapp.net/10.1.0.52)]. isPolicySatisfied: true.
2023-08-25 11:35:57,711 [IPC Server handler 12 on default port 15054] INFO  pipeline.WritableECContainerProvider (WritableECContainerProvider.java:allocateContainer(211)) - Created and opened new pipeline Pipeline[ Id: 96f0f425-1f96-4564-aed5-cd04896153ce, Nodes: 85c49798-3560-4dc9-a596-09ecbe4a8df4(fv-az508-118.q1hezrx03woe3mvmfegnvhq0ah.dx.internal.cloudapp.net/10.1.0.52)be1f1661-cb08-42a9-9c55-aeb71fb92a9a(fv-az508-118.q1hezrx03woe3mvmfegnvhq0ah.dx.internal.cloudapp.net/10.1.0.52)16866294-0bab-4ae5-8da9-294ec4800f35(fv-az508-118.q1hezrx03woe3mvmfegnvhq0ah.dx.internal.cloudapp.net/10.1.0.52)3bcb9728-7d1d-45db-b3c3-ee1d25f73c3d(fv-az508-118.q1hezrx03woe3mvmfegnvhq0ah.dx.internal.cloudapp.net/10.1.0.52)6fb87cf7-6010-4447-ac68-4b216325e026(fv-az508-118.q1hezrx03woe3mvmfegnvhq0ah.dx.internal.cloudapp.net/10.1.0.52), ReplicationConfig: EC{rs-3-2-1024k}, State:ALLOCATED, leaderId:, CreationTimestamp2023-08-25T11:35:57.710Z[Etc/UTC]]
]]></system-out>
  </testcase>
  <testcase name="testCreateKeyShouldUseRefreshedBucketReplicationConfig" classname="TestOzoneFileSystem" time="0.191">
    <system-out><![CDATA[2023-08-25 11:37:32,007 [Time-limited test] INFO  rpc.RpcClient (RpcClient.java:createVolume(461)) - Creating Volume: volume33312, with user47955 as owner and space quota set to -1 bytes, counts quota set to -1
2023-08-25 11:37:32,014 [OM StateMachine ApplyTransaction Thread - 0] INFO  volume.OMVolumeCreateRequest (OMVolumeCreateRequest.java:validateAndUpdateCache(196)) - created volume:volume33312 for user:user47955
2023-08-25 11:37:32,017 [Time-limited test] INFO  rpc.RpcClient (RpcClient.java:createBucket(688)) - Creating Bucket: volume33312/bucket13136, with bucket layout LEGACY, runner as owner, Versioning false, Storage Type set to DISK and Encryption set to false, Replication Type set to server-side default replication type, Namespace Quota set to -1, Space Quota set to -1 
2023-08-25 11:37:32,019 [OM StateMachine ApplyTransaction Thread - 0] INFO  bucket.OMBucketCreateRequest (OMBucketCreateRequest.java:validateAndUpdateCache(270)) - created bucket: bucket13136 of layout LEGACY in volume: volume33312
2023-08-25 11:37:32,083 [IPC Server handler 10 on default port 15107] INFO  algorithms.SCMContainerPlacementRackScatter (SCMContainerPlacementRackScatter.java:chooseDatanodesInternal(362)) - Chosen nodes: [b7348800-7ece-44e4-b1a8-355cecb1b7f9(fv-az508-118.q1hezrx03woe3mvmfegnvhq0ah.dx.internal.cloudapp.net/10.1.0.52), c6e0d301-09b2-4368-8fbf-181ce26f0a67(fv-az508-118.q1hezrx03woe3mvmfegnvhq0ah.dx.internal.cloudapp.net/10.1.0.52), b4d41a5a-7f8b-4359-a921-685918a3749b(fv-az508-118.q1hezrx03woe3mvmfegnvhq0ah.dx.internal.cloudapp.net/10.1.0.52), 8d6e1dbb-3941-4a04-b7a8-0c911dee3672(fv-az508-118.q1hezrx03woe3mvmfegnvhq0ah.dx.internal.cloudapp.net/10.1.0.52), 41c35b0f-7d09-466e-a425-34196dd2af10(fv-az508-118.q1hezrx03woe3mvmfegnvhq0ah.dx.internal.cloudapp.net/10.1.0.52)]. isPolicySatisfied: true.
2023-08-25 11:37:32,085 [IPC Server handler 10 on default port 15107] INFO  pipeline.WritableECContainerProvider (WritableECContainerProvider.java:allocateContainer(211)) - Created and opened new pipeline Pipeline[ Id: cbd64be1-5cb8-4c32-a246-caabd5d5aec1, Nodes: b7348800-7ece-44e4-b1a8-355cecb1b7f9(fv-az508-118.q1hezrx03woe3mvmfegnvhq0ah.dx.internal.cloudapp.net/10.1.0.52)c6e0d301-09b2-4368-8fbf-181ce26f0a67(fv-az508-118.q1hezrx03woe3mvmfegnvhq0ah.dx.internal.cloudapp.net/10.1.0.52)b4d41a5a-7f8b-4359-a921-685918a3749b(fv-az508-118.q1hezrx03woe3mvmfegnvhq0ah.dx.internal.cloudapp.net/10.1.0.52)8d6e1dbb-3941-4a04-b7a8-0c911dee3672(fv-az508-118.q1hezrx03woe3mvmfegnvhq0ah.dx.internal.cloudapp.net/10.1.0.52)41c35b0f-7d09-466e-a425-34196dd2af10(fv-az508-118.q1hezrx03woe3mvmfegnvhq0ah.dx.internal.cloudapp.net/10.1.0.52), ReplicationConfig: EC{rs-3-2-1024k}, State:ALLOCATED, leaderId:, CreationTimestamp2023-08-25T11:37:32.084Z[Etc/UTC]]
2023-08-25 11:37:32,125 [IPC Server handler 15 on default port 15107] INFO  algorithms.SCMContainerPlacementRackScatter (SCMContainerPlacementRackScatter.java:chooseDatanodesInternal(362)) - Chosen nodes: [b4d41a5a-7f8b-4359-a921-685918a3749b(fv-az508-118.q1hezrx03woe3mvmfegnvhq0ah.dx.internal.cloudapp.net/10.1.0.52), b7348800-7ece-44e4-b1a8-355cecb1b7f9(fv-az508-118.q1hezrx03woe3mvmfegnvhq0ah.dx.internal.cloudapp.net/10.1.0.52), c6e0d301-09b2-4368-8fbf-181ce26f0a67(fv-az508-118.q1hezrx03woe3mvmfegnvhq0ah.dx.internal.cloudapp.net/10.1.0.52), 8d6e1dbb-3941-4a04-b7a8-0c911dee3672(fv-az508-118.q1hezrx03woe3mvmfegnvhq0ah.dx.internal.cloudapp.net/10.1.0.52), 41c35b0f-7d09-466e-a425-34196dd2af10(fv-az508-118.q1hezrx03woe3mvmfegnvhq0ah.dx.internal.cloudapp.net/10.1.0.52)]. isPolicySatisfied: true.
2023-08-25 11:37:32,127 [IPC Server handler 15 on default port 15107] INFO  pipeline.WritableECContainerProvider (WritableECContainerProvider.java:allocateContainer(211)) - Created and opened new pipeline Pipeline[ Id: bffb8995-6c32-4d14-b6a9-c5d7c285d5a8, Nodes: b4d41a5a-7f8b-4359-a921-685918a3749b(fv-az508-118.q1hezrx03woe3mvmfegnvhq0ah.dx.internal.cloudapp.net/10.1.0.52)b7348800-7ece-44e4-b1a8-355cecb1b7f9(fv-az508-118.q1hezrx03woe3mvmfegnvhq0ah.dx.internal.cloudapp.net/10.1.0.52)c6e0d301-09b2-4368-8fbf-181ce26f0a67(fv-az508-118.q1hezrx03woe3mvmfegnvhq0ah.dx.internal.cloudapp.net/10.1.0.52)8d6e1dbb-3941-4a04-b7a8-0c911dee3672(fv-az508-118.q1hezrx03woe3mvmfegnvhq0ah.dx.internal.cloudapp.net/10.1.0.52)41c35b0f-7d09-466e-a425-34196dd2af10(fv-az508-118.q1hezrx03woe3mvmfegnvhq0ah.dx.internal.cloudapp.net/10.1.0.52), ReplicationConfig: EC{rs-3-2-1024k}, State:ALLOCATED, leaderId:, CreationTimestamp2023-08-25T11:37:32.125Z[Etc/UTC]]
]]></system-out>
  </testcase>
  <testcase name="testCreateKeyShouldUseRefreshedBucketReplicationConfig" classname="TestOzoneFileSystem" time="0.193">
    <system-out><![CDATA[2023-08-25 11:38:57,058 [Time-limited test] INFO  rpc.RpcClient (RpcClient.java:createVolume(461)) - Creating Volume: volume39433, with user82025 as owner and space quota set to -1 bytes, counts quota set to -1
2023-08-25 11:38:57,064 [IPC Server handler 14 on default port 15163] INFO  volume.OMVolumeCreateRequest (OMVolumeCreateRequest.java:validateAndUpdateCache(196)) - created volume:volume39433 for user:user82025
2023-08-25 11:38:57,075 [Time-limited test] INFO  rpc.RpcClient (RpcClient.java:createBucket(688)) - Creating Bucket: volume39433/bucket28834, with bucket layout LEGACY, runner as owner, Versioning false, Storage Type set to DISK and Encryption set to false, Replication Type set to server-side default replication type, Namespace Quota set to -1, Space Quota set to -1 
2023-08-25 11:38:57,076 [IPC Server handler 2 on default port 15163] INFO  bucket.OMBucketCreateRequest (OMBucketCreateRequest.java:validateAndUpdateCache(270)) - created bucket: bucket28834 of layout LEGACY in volume: volume39433
2023-08-25 11:38:57,131 [IPC Server handler 8 on default port 15160] INFO  algorithms.SCMContainerPlacementRackScatter (SCMContainerPlacementRackScatter.java:chooseDatanodesInternal(362)) - Chosen nodes: [502f6022-a881-4b45-8d31-6accf0fa9572(fv-az508-118.q1hezrx03woe3mvmfegnvhq0ah.dx.internal.cloudapp.net/10.1.0.52), addc2b6a-cfc9-4bfb-8a1c-15b9de9495ff(fv-az508-118.q1hezrx03woe3mvmfegnvhq0ah.dx.internal.cloudapp.net/10.1.0.52), f8b5371a-a27d-49bd-9775-6107617962eb(fv-az508-118.q1hezrx03woe3mvmfegnvhq0ah.dx.internal.cloudapp.net/10.1.0.52), c88c3db0-6d18-4a8e-bc96-216262cb4b87(fv-az508-118.q1hezrx03woe3mvmfegnvhq0ah.dx.internal.cloudapp.net/10.1.0.52), 40eb42f8-08cb-4edc-9c90-450b1ff1d9e5(fv-az508-118.q1hezrx03woe3mvmfegnvhq0ah.dx.internal.cloudapp.net/10.1.0.52)]. isPolicySatisfied: true.
2023-08-25 11:38:57,133 [IPC Server handler 8 on default port 15160] INFO  pipeline.WritableECContainerProvider (WritableECContainerProvider.java:allocateContainer(211)) - Created and opened new pipeline Pipeline[ Id: 91985964-70a8-4c76-9ac5-4eca5d0f7243, Nodes: 502f6022-a881-4b45-8d31-6accf0fa9572(fv-az508-118.q1hezrx03woe3mvmfegnvhq0ah.dx.internal.cloudapp.net/10.1.0.52)addc2b6a-cfc9-4bfb-8a1c-15b9de9495ff(fv-az508-118.q1hezrx03woe3mvmfegnvhq0ah.dx.internal.cloudapp.net/10.1.0.52)f8b5371a-a27d-49bd-9775-6107617962eb(fv-az508-118.q1hezrx03woe3mvmfegnvhq0ah.dx.internal.cloudapp.net/10.1.0.52)c88c3db0-6d18-4a8e-bc96-216262cb4b87(fv-az508-118.q1hezrx03woe3mvmfegnvhq0ah.dx.internal.cloudapp.net/10.1.0.52)40eb42f8-08cb-4edc-9c90-450b1ff1d9e5(fv-az508-118.q1hezrx03woe3mvmfegnvhq0ah.dx.internal.cloudapp.net/10.1.0.52), ReplicationConfig: EC{rs-3-2-1024k}, State:ALLOCATED, leaderId:, CreationTimestamp2023-08-25T11:38:57.132Z[Etc/UTC]]
2023-08-25 11:38:57,169 [IPC Server handler 1 on default port 15160] INFO  algorithms.SCMContainerPlacementRackScatter (SCMContainerPlacementRackScatter.java:chooseDatanodesInternal(362)) - Chosen nodes: [502f6022-a881-4b45-8d31-6accf0fa9572(fv-az508-118.q1hezrx03woe3mvmfegnvhq0ah.dx.internal.cloudapp.net/10.1.0.52), 40eb42f8-08cb-4edc-9c90-450b1ff1d9e5(fv-az508-118.q1hezrx03woe3mvmfegnvhq0ah.dx.internal.cloudapp.net/10.1.0.52), f8b5371a-a27d-49bd-9775-6107617962eb(fv-az508-118.q1hezrx03woe3mvmfegnvhq0ah.dx.internal.cloudapp.net/10.1.0.52), addc2b6a-cfc9-4bfb-8a1c-15b9de9495ff(fv-az508-118.q1hezrx03woe3mvmfegnvhq0ah.dx.internal.cloudapp.net/10.1.0.52), c88c3db0-6d18-4a8e-bc96-216262cb4b87(fv-az508-118.q1hezrx03woe3mvmfegnvhq0ah.dx.internal.cloudapp.net/10.1.0.52)]. isPolicySatisfied: true.
2023-08-25 11:38:57,170 [IPC Server handler 1 on default port 15160] INFO  pipeline.WritableECContainerProvider (WritableECContainerProvider.java:allocateContainer(211)) - Created and opened new pipeline Pipeline[ Id: 10db6a55-cf9a-4d67-b204-f3871da797f8, Nodes: 502f6022-a881-4b45-8d31-6accf0fa9572(fv-az508-118.q1hezrx03woe3mvmfegnvhq0ah.dx.internal.cloudapp.net/10.1.0.52)40eb42f8-08cb-4edc-9c90-450b1ff1d9e5(fv-az508-118.q1hezrx03woe3mvmfegnvhq0ah.dx.internal.cloudapp.net/10.1.0.52)f8b5371a-a27d-49bd-9775-6107617962eb(fv-az508-118.q1hezrx03woe3mvmfegnvhq0ah.dx.internal.cloudapp.net/10.1.0.52)addc2b6a-cfc9-4bfb-8a1c-15b9de9495ff(fv-az508-118.q1hezrx03woe3mvmfegnvhq0ah.dx.internal.cloudapp.net/10.1.0.52)c88c3db0-6d18-4a8e-bc96-216262cb4b87(fv-az508-118.q1hezrx03woe3mvmfegnvhq0ah.dx.internal.cloudapp.net/10.1.0.52), ReplicationConfig: EC{rs-3-2-1024k}, State:ALLOCATED, leaderId:, CreationTimestamp2023-08-25T11:38:57.169Z[Etc/UTC]]
]]></system-out>
  </testcase>
  <testcase name="testListStatusIteratorOnRoot" classname="TestOzoneFileSystem" time="0.058"/>
  <testcase name="testListStatusIteratorOnRoot" classname="TestOzoneFileSystem" time="0.038"/>
  <testcase name="testListStatusIteratorOnRoot" classname="TestOzoneFileSystem" time="0.05"/>
  <testcase name="testListStatusIteratorOnRoot" classname="TestOzoneFileSystem" time="0.038"/>
  <testcase name="testRenameDirToFile" classname="TestOzoneFileSystem" time="0.053">
    <system-out><![CDATA[2023-08-25 11:34:29,248 [Time-limited test] WARN  ozone.BasicOzoneFileSystem (BasicOzoneFileSystem.java:rename(459)) - Failed to rename o3fs://bucket59518.volume54121/a/b/c to o3fs://bucket59518.volume54121/root/file1, file already exists!
]]></system-out>
  </testcase>
  <testcase name="testRenameDirToFile" classname="TestOzoneFileSystem" time="0.047">
    <system-out><![CDATA[2023-08-25 11:35:57,823 [Time-limited test] WARN  ozone.BasicOzoneFileSystem (BasicOzoneFileSystem.java:rename(459)) - Failed to rename o3fs://bucket36604.volume67780/a/b/c to o3fs://bucket36604.volume67780/root/file1, file already exists!
]]></system-out>
  </testcase>
  <testcase name="testRenameDirToFile" classname="TestOzoneFileSystem" time="0.038">
    <system-out><![CDATA[2023-08-25 11:37:32,242 [Time-limited test] WARN  ozone.BasicOzoneFileSystem (BasicOzoneFileSystem.java:rename(459)) - Failed to rename o3fs://bucket28461.volume79256/a/b/c to o3fs://bucket28461.volume79256/root/file1, file already exists!
]]></system-out>
  </testcase>
  <testcase name="testRenameDirToFile" classname="TestOzoneFileSystem" time="0.044">
    <system-out><![CDATA[2023-08-25 11:38:57,275 [Time-limited test] WARN  ozone.BasicOzoneFileSystem (BasicOzoneFileSystem.java:rename(459)) - Failed to rename o3fs://bucket29530.volume45503/a/b/c to o3fs://bucket29530.volume45503/root/file1, file already exists!
]]></system-out>
  </testcase>
  <testcase name="testRenameToNewSubDirShouldNotExist" classname="TestOzoneFileSystem" time="0.082">
    <system-out><![CDATA[2023-08-25 11:34:29,303 [Time-limited test] WARN  ozone.BasicOzoneFileSystem (BasicOzoneFileSystem.java:rename(453)) - Failed to rename o3fs://bucket59518.volume54121/a to o3fs://bucket59518.volume54121/b/a, file already exists or not empty!
2023-08-25 11:34:29,331 [Time-limited test] WARN  ozone.BasicOzoneFileSystem (BasicOzoneFileSystem.java:rename(453)) - Failed to rename o3fs://bucket59518.volume54121/file1 to o3fs://bucket59518.volume54121/a/file1, file already exists or not empty!
]]></system-out>
  </testcase>
  <testcase name="testRenameToNewSubDirShouldNotExist" classname="TestOzoneFileSystem" time="0.061">
    <system-out><![CDATA[2023-08-25 11:35:57,867 [Time-limited test] WARN  ozone.BasicOzoneFileSystem (BasicOzoneFileSystem.java:rename(453)) - Failed to rename o3fs://bucket36604.volume67780/a to o3fs://bucket36604.volume67780/b/a, file already exists or not empty!
2023-08-25 11:35:57,891 [Time-limited test] WARN  ozone.BasicOzoneFileSystem (BasicOzoneFileSystem.java:rename(453)) - Failed to rename o3fs://bucket36604.volume67780/file1 to o3fs://bucket36604.volume67780/a/file1, file already exists or not empty!
]]></system-out>
  </testcase>
  <testcase name="testRenameToNewSubDirShouldNotExist" classname="TestOzoneFileSystem" time="0.061">
    <system-out><![CDATA[2023-08-25 11:37:32,281 [Time-limited test] WARN  ozone.BasicOzoneFileSystem (BasicOzoneFileSystem.java:rename(453)) - Failed to rename o3fs://bucket28461.volume79256/a to o3fs://bucket28461.volume79256/b/a, file already exists or not empty!
2023-08-25 11:37:32,298 [Time-limited test] WARN  ozone.BasicOzoneFileSystem (BasicOzoneFileSystem.java:rename(453)) - Failed to rename o3fs://bucket28461.volume79256/file1 to o3fs://bucket28461.volume79256/a/file1, file already exists or not empty!
]]></system-out>
  </testcase>
  <testcase name="testRenameToNewSubDirShouldNotExist" classname="TestOzoneFileSystem" time="0.051">
    <system-out><![CDATA[2023-08-25 11:38:57,318 [Time-limited test] WARN  ozone.BasicOzoneFileSystem (BasicOzoneFileSystem.java:rename(453)) - Failed to rename o3fs://bucket29530.volume45503/a to o3fs://bucket29530.volume45503/b/a, file already exists or not empty!
2023-08-25 11:38:57,332 [Time-limited test] WARN  ozone.BasicOzoneFileSystem (BasicOzoneFileSystem.java:rename(453)) - Failed to rename o3fs://bucket29530.volume45503/file1 to o3fs://bucket29530.volume45503/a/file1, file already exists or not empty!
]]></system-out>
  </testcase>
  <testcase name="testListStatusOnLargeDirectoryForACLCheck" classname="TestOzoneFileSystem" time="5.955">
    <system-out><![CDATA[2023-08-25 11:34:35,115 [om1-client-thread1] INFO  segmented.SegmentedRaftLogWorker (SegmentedRaftLogWorker.java:rollLogSegment(452)) - om1@group-C5BA1605619E-SegmentedRaftLogWorker: Rolling segment log-0_36864 to index:36864
2023-08-25 11:34:35,118 [om1@group-C5BA1605619E-SegmentedRaftLogWorker] INFO  segmented.SegmentedRaftLogWorker (SegmentedRaftLogWorker.java:execute(608)) - om1@group-C5BA1605619E-SegmentedRaftLogWorker: Rolled log segment from /home/runner/work/ozone/ozone/hadoop-ozone/integration-test/target/test-dir/MiniOzoneClusterImpl-168be1a3-dcaf-40a9-aa5d-bf8b77a61b73/ozone-meta/ratis/bf265839-605b-3f16-9796-c5ba1605619e/current/log_inprogress_0 to /home/runner/work/ozone/ozone/hadoop-ozone/integration-test/target/test-dir/MiniOzoneClusterImpl-168be1a3-dcaf-40a9-aa5d-bf8b77a61b73/ozone-meta/ratis/bf265839-605b-3f16-9796-c5ba1605619e/current/log_0-36864
2023-08-25 11:34:35,138 [om1@group-C5BA1605619E-SegmentedRaftLogWorker] INFO  segmented.SegmentedRaftLogWorker (SegmentedRaftLogWorker.java:execute(651)) - om1@group-C5BA1605619E-SegmentedRaftLogWorker: created new log segment /home/runner/work/ozone/ozone/hadoop-ozone/integration-test/target/test-dir/MiniOzoneClusterImpl-168be1a3-dcaf-40a9-aa5d-bf8b77a61b73/ozone-meta/ratis/bf265839-605b-3f16-9796-c5ba1605619e/current/log_inprogress_36865
]]></system-out>
  </testcase>
  <testcase name="testListStatusOnLargeDirectoryForACLCheck" classname="TestOzoneFileSystem" time="3.857"/>
  <testcase name="testListStatusOnLargeDirectoryForACLCheck" classname="TestOzoneFileSystem" time="4.742">
    <failure type="java.lang.AssertionError"><![CDATA[java.lang.AssertionError: Delete root failed! expected:<0> but was:<1>
	at org.junit.Assert.fail(Assert.java:89)
	at org.junit.Assert.failNotEquals(Assert.java:835)
	at org.junit.Assert.assertEquals(Assert.java:647)
	at org.apache.hadoop.fs.ozone.TestOzoneFileSystem.deleteRootDir(TestOzoneFileSystem.java:807)
	at org.apache.hadoop.fs.ozone.TestOzoneFileSystem.cleanup(TestOzoneFileSystem.java:230)
	at sun.reflect.GeneratedMethodAccessor47.invoke(Unknown Source)
	at sun.reflect.DelegatingMethodAccessorImpl.invoke(DelegatingMethodAccessorImpl.java:43)
	at java.lang.reflect.Method.invoke(Method.java:498)
	at org.junit.runners.model.FrameworkMethod$1.runReflectiveCall(FrameworkMethod.java:59)
	at org.junit.internal.runners.model.ReflectiveCallable.run(ReflectiveCallable.java:12)
	at org.junit.runners.model.FrameworkMethod.invokeExplosively(FrameworkMethod.java:56)
	at org.junit.internal.runners.statements.RunAfters.invokeMethod(RunAfters.java:46)
	at org.junit.internal.runners.statements.RunAfters.evaluate(RunAfters.java:33)
	at org.junit.internal.runners.statements.FailOnTimeout$CallableStatement.call(FailOnTimeout.java:288)
	at org.junit.internal.runners.statements.FailOnTimeout$CallableStatement.call(FailOnTimeout.java:282)
	at java.util.concurrent.FutureTask.run(FutureTask.java:266)
	at java.lang.Thread.run(Thread.java:750)
]]></failure>
    <system-out><![CDATA[2023-08-25 11:37:36,049 [JvmPauseMonitor17] WARN  util.JvmPauseMonitor (JvmPauseMonitor.java:detectPause(124)) - JvmPauseMonitor-b4d41a5a-7f8b-4359-a921-685918a3749b: Detected pause in JVM or host machine approximately 0.136s with 0.194s GC time.
GC pool 'PS Scavenge' had collection(s): count=1 time=194ms
2023-08-25 11:37:36,050 [JvmPauseMonitor16] WARN  util.JvmPauseMonitor (JvmPauseMonitor.java:detectPause(124)) - JvmPauseMonitor-41c35b0f-7d09-466e-a425-34196dd2af10: Detected pause in JVM or host machine approximately 0.141s with 0.194s GC time.
GC pool 'PS Scavenge' had collection(s): count=1 time=194ms
2023-08-25 11:37:36,050 [JvmPauseMonitor14] WARN  util.JvmPauseMonitor (JvmPauseMonitor.java:detectPause(124)) - JvmPauseMonitor-bc895f60-0dbd-4365-8a5d-9bcc0d75fa5c: Detected pause in JVM or host machine approximately 0.144s with 0.194s GC time.
GC pool 'PS Scavenge' had collection(s): count=1 time=194ms
2023-08-25 11:37:36,050 [JvmPauseMonitor19] WARN  util.JvmPauseMonitor (JvmPauseMonitor.java:detectPause(124)) - JvmPauseMonitor-8d6e1dbb-3941-4a04-b7a8-0c911dee3672: Detected pause in JVM or host machine approximately 0.148s with 0.194s GC time.
GC pool 'PS Scavenge' had collection(s): count=1 time=194ms
2023-08-25 11:37:36,050 [JvmPauseMonitor18] WARN  util.JvmPauseMonitor (JvmPauseMonitor.java:detectPause(124)) - JvmPauseMonitor-c6e0d301-09b2-4368-8fbf-181ce26f0a67: Detected pause in JVM or host machine approximately 0.148s with 0.194s GC time.
GC pool 'PS Scavenge' had collection(s): count=1 time=194ms
2023-08-25 11:37:36,050 [JvmPauseMonitor20] WARN  util.JvmPauseMonitor (JvmPauseMonitor.java:detectPause(124)) - JvmPauseMonitor-b7348800-7ece-44e4-b1a8-355cecb1b7f9: Detected pause in JVM or host machine approximately 0.149s with 0.194s GC time.
GC pool 'PS Scavenge' had collection(s): count=1 time=194ms
2023-08-25 11:37:36,050 [JvmPauseMonitor15] WARN  util.JvmPauseMonitor (JvmPauseMonitor.java:detectPause(124)) - JvmPauseMonitor-om1: Detected pause in JVM or host machine approximately 0.149s with 0.194s GC time.
GC pool 'PS Scavenge' had collection(s): count=1 time=194ms
2023-08-25 11:37:36,892 [om1-client-thread1] INFO  segmented.SegmentedRaftLogWorker (SegmentedRaftLogWorker.java:rollLogSegment(452)) - om1@group-C5BA1605619E-SegmentedRaftLogWorker: Rolling segment log-0_36839 to index:36839
2023-08-25 11:37:36,893 [om1@group-C5BA1605619E-SegmentedRaftLogWorker] INFO  segmented.SegmentedRaftLogWorker (SegmentedRaftLogWorker.java:execute(608)) - om1@group-C5BA1605619E-SegmentedRaftLogWorker: Rolled log segment from /home/runner/work/ozone/ozone/hadoop-ozone/integration-test/target/test-dir/MiniOzoneClusterImpl-9e80f0e6-d3ce-4c33-b1a3-32fa2c9dea98/ozone-meta/ratis/bf265839-605b-3f16-9796-c5ba1605619e/current/log_inprogress_0 to /home/runner/work/ozone/ozone/hadoop-ozone/integration-test/target/test-dir/MiniOzoneClusterImpl-9e80f0e6-d3ce-4c33-b1a3-32fa2c9dea98/ozone-meta/ratis/bf265839-605b-3f16-9796-c5ba1605619e/current/log_0-36839
2023-08-25 11:37:36,906 [om1@group-C5BA1605619E-SegmentedRaftLogWorker] INFO  segmented.SegmentedRaftLogWorker (SegmentedRaftLogWorker.java:execute(651)) - om1@group-C5BA1605619E-SegmentedRaftLogWorker: created new log segment /home/runner/work/ozone/ozone/hadoop-ozone/integration-test/target/test-dir/MiniOzoneClusterImpl-9e80f0e6-d3ce-4c33-b1a3-32fa2c9dea98/ozone-meta/ratis/bf265839-605b-3f16-9796-c5ba1605619e/current/log_inprogress_36840
]]></system-out>
  </testcase>
  <testcase name="testListStatusOnLargeDirectoryForACLCheck" classname="TestOzoneFileSystem" time="3.703"/>
  <testcase name="testRenameFileToDir" classname="TestOzoneFileSystem" time="0.068">
    <system-out><![CDATA[11:34:35.337 [IPC Server handler 1 on default port 15004] ERROR OMAudit - user=runner | ip=127.0.0.1 | op=LIST_STATUS {volume=volume54121, bucket=bucket59518, key=a/b/c/file1, dataSize=0, replicationConfig=null} | ret=FAILURE
org.apache.hadoop.ozone.om.exceptions.OMException: Unable to get file status: volume: volume54121 bucket: bucket59518 key: a/b/c/file1
	at org.apache.hadoop.ozone.om.KeyManagerImpl.getOzoneFileStatus(KeyManagerImpl.java:1195) ~[ozone-manager-1.4.0-SNAPSHOT.jar:?]
	at org.apache.hadoop.ozone.om.KeyManagerImpl.getFileStatus(KeyManagerImpl.java:1113) ~[ozone-manager-1.4.0-SNAPSHOT.jar:?]
	at org.apache.hadoop.ozone.om.KeyManagerImpl.listStatus(KeyManagerImpl.java:1505) ~[ozone-manager-1.4.0-SNAPSHOT.jar:?]
	at org.apache.hadoop.ozone.om.OmMetadataReader.listStatus(OmMetadataReader.java:235) ~[ozone-manager-1.4.0-SNAPSHOT.jar:?]
	at org.apache.hadoop.ozone.om.OzoneManager.listStatus(OzoneManager.java:3543) ~[ozone-manager-1.4.0-SNAPSHOT.jar:?]
	at org.apache.hadoop.ozone.protocolPB.OzoneManagerRequestHandler.listStatus(OzoneManagerRequestHandler.java:1145) ~[ozone-manager-1.4.0-SNAPSHOT.jar:?]
	at org.apache.hadoop.ozone.protocolPB.OzoneManagerRequestHandler.handleReadRequest(OzoneManagerRequestHandler.java:263) ~[ozone-manager-1.4.0-SNAPSHOT.jar:?]
	at org.apache.hadoop.ozone.protocolPB.OzoneManagerProtocolServerSideTranslatorPB.submitReadRequestToOM(OzoneManagerProtocolServerSideTranslatorPB.java:225) ~[ozone-manager-1.4.0-SNAPSHOT.jar:?]
	at org.apache.hadoop.ozone.protocolPB.OzoneManagerProtocolServerSideTranslatorPB.processRequest(OzoneManagerProtocolServerSideTranslatorPB.java:179) ~[ozone-manager-1.4.0-SNAPSHOT.jar:?]
	at org.apache.hadoop.hdds.server.OzoneProtocolMessageDispatcher.processRequest(OzoneProtocolMessageDispatcher.java:87) [hdds-server-framework-1.4.0-SNAPSHOT.jar:?]
	at org.apache.hadoop.ozone.protocolPB.OzoneManagerProtocolServerSideTranslatorPB.submitRequest(OzoneManagerProtocolServerSideTranslatorPB.java:148) [ozone-manager-1.4.0-SNAPSHOT.jar:?]
	at org.apache.hadoop.ozone.protocol.proto.OzoneManagerProtocolProtos$OzoneManagerService$2.callBlockingMethod(OzoneManagerProtocolProtos.java) [ozone-interface-client-1.4.0-SNAPSHOT.jar:?]
	at org.apache.hadoop.ipc.ProtobufRpcEngine$Server.processCall(ProtobufRpcEngine.java:484) [hadoop-common-3.3.6.jar:?]
	at org.apache.hadoop.ipc.ProtobufRpcEngine2$Server$ProtoBufRpcInvoker.call(ProtobufRpcEngine2.java:595) [hadoop-common-3.3.6.jar:?]
	at org.apache.hadoop.ipc.ProtobufRpcEngine2$Server$ProtoBufRpcInvoker.call(ProtobufRpcEngine2.java:573) [hadoop-common-3.3.6.jar:?]
	at org.apache.hadoop.ipc.RPC$Server.call(RPC.java:1227) [hadoop-common-3.3.6.jar:?]
	at org.apache.hadoop.ipc.Server$RpcCall.run(Server.java:1094) [hadoop-common-3.3.6.jar:?]
	at org.apache.hadoop.ipc.Server$RpcCall.run(Server.java:1017) [hadoop-common-3.3.6.jar:?]
	at java.security.AccessController.doPrivileged(Native Method) ~[?:1.8.0_382]
	at javax.security.auth.Subject.doAs(Subject.java:422) [?:1.8.0_382]
	at org.apache.hadoop.security.UserGroupInformation.doAs(UserGroupInformation.java:1899) [hadoop-common-3.3.6.jar:?]
	at org.apache.hadoop.ipc.Server$Handler.run(Server.java:3048) [hadoop-common-3.3.6.jar:?]
]]></system-out>
  </testcase>
  <testcase name="testRenameFileToDir" classname="TestOzoneFileSystem" time="0.053">
    <system-out><![CDATA[11:36:01.789 [IPC Server handler 7 on default port 15057] ERROR OMAudit - user=runner | ip=127.0.0.1 | op=LIST_STATUS {volume=volume67780, bucket=bucket36604, key=a/b/c/file1, dataSize=0, replicationConfig=null} | ret=FAILURE
org.apache.hadoop.ozone.om.exceptions.OMException: Unable to get file status: volume: volume67780 bucket: bucket36604 key: a/b/c/file1
	at org.apache.hadoop.ozone.om.KeyManagerImpl.getOzoneFileStatus(KeyManagerImpl.java:1195) ~[ozone-manager-1.4.0-SNAPSHOT.jar:?]
	at org.apache.hadoop.ozone.om.KeyManagerImpl.getFileStatus(KeyManagerImpl.java:1113) ~[ozone-manager-1.4.0-SNAPSHOT.jar:?]
	at org.apache.hadoop.ozone.om.KeyManagerImpl.listStatus(KeyManagerImpl.java:1505) ~[ozone-manager-1.4.0-SNAPSHOT.jar:?]
	at org.apache.hadoop.ozone.om.OmMetadataReader.listStatus(OmMetadataReader.java:235) ~[ozone-manager-1.4.0-SNAPSHOT.jar:?]
	at org.apache.hadoop.ozone.om.OzoneManager.listStatus(OzoneManager.java:3543) ~[ozone-manager-1.4.0-SNAPSHOT.jar:?]
	at org.apache.hadoop.ozone.protocolPB.OzoneManagerRequestHandler.listStatus(OzoneManagerRequestHandler.java:1145) ~[ozone-manager-1.4.0-SNAPSHOT.jar:?]
	at org.apache.hadoop.ozone.protocolPB.OzoneManagerRequestHandler.handleReadRequest(OzoneManagerRequestHandler.java:263) ~[ozone-manager-1.4.0-SNAPSHOT.jar:?]
	at org.apache.hadoop.ozone.protocolPB.OzoneManagerProtocolServerSideTranslatorPB.submitRequestDirectlyToOM(OzoneManagerProtocolServerSideTranslatorPB.java:274) ~[ozone-manager-1.4.0-SNAPSHOT.jar:?]
	at org.apache.hadoop.ozone.protocolPB.OzoneManagerProtocolServerSideTranslatorPB.processRequest(OzoneManagerProtocolServerSideTranslatorPB.java:175) ~[ozone-manager-1.4.0-SNAPSHOT.jar:?]
	at org.apache.hadoop.hdds.server.OzoneProtocolMessageDispatcher.processRequest(OzoneProtocolMessageDispatcher.java:87) [hdds-server-framework-1.4.0-SNAPSHOT.jar:?]
	at org.apache.hadoop.ozone.protocolPB.OzoneManagerProtocolServerSideTranslatorPB.submitRequest(OzoneManagerProtocolServerSideTranslatorPB.java:148) [ozone-manager-1.4.0-SNAPSHOT.jar:?]
	at org.apache.hadoop.ozone.protocol.proto.OzoneManagerProtocolProtos$OzoneManagerService$2.callBlockingMethod(OzoneManagerProtocolProtos.java) [ozone-interface-client-1.4.0-SNAPSHOT.jar:?]
	at org.apache.hadoop.ipc.ProtobufRpcEngine$Server.processCall(ProtobufRpcEngine.java:484) [hadoop-common-3.3.6.jar:?]
	at org.apache.hadoop.ipc.ProtobufRpcEngine2$Server$ProtoBufRpcInvoker.call(ProtobufRpcEngine2.java:595) [hadoop-common-3.3.6.jar:?]
	at org.apache.hadoop.ipc.ProtobufRpcEngine2$Server$ProtoBufRpcInvoker.call(ProtobufRpcEngine2.java:573) [hadoop-common-3.3.6.jar:?]
	at org.apache.hadoop.ipc.RPC$Server.call(RPC.java:1227) [hadoop-common-3.3.6.jar:?]
	at org.apache.hadoop.ipc.Server$RpcCall.run(Server.java:1094) [hadoop-common-3.3.6.jar:?]
	at org.apache.hadoop.ipc.Server$RpcCall.run(Server.java:1017) [hadoop-common-3.3.6.jar:?]
	at java.security.AccessController.doPrivileged(Native Method) ~[?:1.8.0_382]
	at javax.security.auth.Subject.doAs(Subject.java:422) [?:1.8.0_382]
	at org.apache.hadoop.security.UserGroupInformation.doAs(UserGroupInformation.java:1899) [hadoop-common-3.3.6.jar:?]
	at org.apache.hadoop.ipc.Server$Handler.run(Server.java:3048) [hadoop-common-3.3.6.jar:?]
]]></system-out>
  </testcase>
  <testcase name="testRenameFileToDir" classname="TestOzoneFileSystem" time="0.055">
    <system-out><![CDATA[11:37:37.093 [IPC Server handler 7 on default port 15110] ERROR OMAudit - user=runner | ip=127.0.0.1 | op=LIST_STATUS {volume=volume79256, bucket=bucket28461, key=a/b/c/file1, dataSize=0, replicationConfig=null} | ret=FAILURE
org.apache.hadoop.ozone.om.exceptions.OMException: Unable to get file status: volume: volume79256 bucket: bucket28461 key: a/b/c/file1
	at org.apache.hadoop.ozone.om.KeyManagerImpl.getOzoneFileStatus(KeyManagerImpl.java:1195) ~[ozone-manager-1.4.0-SNAPSHOT.jar:?]
	at org.apache.hadoop.ozone.om.KeyManagerImpl.getFileStatus(KeyManagerImpl.java:1113) ~[ozone-manager-1.4.0-SNAPSHOT.jar:?]
	at org.apache.hadoop.ozone.om.KeyManagerImpl.listStatus(KeyManagerImpl.java:1505) ~[ozone-manager-1.4.0-SNAPSHOT.jar:?]
	at org.apache.hadoop.ozone.om.OmMetadataReader.listStatus(OmMetadataReader.java:235) ~[ozone-manager-1.4.0-SNAPSHOT.jar:?]
	at org.apache.hadoop.ozone.om.OzoneManager.listStatus(OzoneManager.java:3543) ~[ozone-manager-1.4.0-SNAPSHOT.jar:?]
	at org.apache.hadoop.ozone.protocolPB.OzoneManagerRequestHandler.listStatus(OzoneManagerRequestHandler.java:1145) ~[ozone-manager-1.4.0-SNAPSHOT.jar:?]
	at org.apache.hadoop.ozone.protocolPB.OzoneManagerRequestHandler.handleReadRequest(OzoneManagerRequestHandler.java:263) ~[ozone-manager-1.4.0-SNAPSHOT.jar:?]
	at org.apache.hadoop.ozone.protocolPB.OzoneManagerProtocolServerSideTranslatorPB.submitReadRequestToOM(OzoneManagerProtocolServerSideTranslatorPB.java:225) ~[ozone-manager-1.4.0-SNAPSHOT.jar:?]
	at org.apache.hadoop.ozone.protocolPB.OzoneManagerProtocolServerSideTranslatorPB.processRequest(OzoneManagerProtocolServerSideTranslatorPB.java:179) ~[ozone-manager-1.4.0-SNAPSHOT.jar:?]
	at org.apache.hadoop.hdds.server.OzoneProtocolMessageDispatcher.processRequest(OzoneProtocolMessageDispatcher.java:87) [hdds-server-framework-1.4.0-SNAPSHOT.jar:?]
	at org.apache.hadoop.ozone.protocolPB.OzoneManagerProtocolServerSideTranslatorPB.submitRequest(OzoneManagerProtocolServerSideTranslatorPB.java:148) [ozone-manager-1.4.0-SNAPSHOT.jar:?]
	at org.apache.hadoop.ozone.protocol.proto.OzoneManagerProtocolProtos$OzoneManagerService$2.callBlockingMethod(OzoneManagerProtocolProtos.java) [ozone-interface-client-1.4.0-SNAPSHOT.jar:?]
	at org.apache.hadoop.ipc.ProtobufRpcEngine$Server.processCall(ProtobufRpcEngine.java:484) [hadoop-common-3.3.6.jar:?]
	at org.apache.hadoop.ipc.ProtobufRpcEngine2$Server$ProtoBufRpcInvoker.call(ProtobufRpcEngine2.java:595) [hadoop-common-3.3.6.jar:?]
	at org.apache.hadoop.ipc.ProtobufRpcEngine2$Server$ProtoBufRpcInvoker.call(ProtobufRpcEngine2.java:573) [hadoop-common-3.3.6.jar:?]
	at org.apache.hadoop.ipc.RPC$Server.call(RPC.java:1227) [hadoop-common-3.3.6.jar:?]
	at org.apache.hadoop.ipc.Server$RpcCall.run(Server.java:1094) [hadoop-common-3.3.6.jar:?]
	at org.apache.hadoop.ipc.Server$RpcCall.run(Server.java:1017) [hadoop-common-3.3.6.jar:?]
	at java.security.AccessController.doPrivileged(Native Method) ~[?:1.8.0_382]
	at javax.security.auth.Subject.doAs(Subject.java:422) [?:1.8.0_382]
	at org.apache.hadoop.security.UserGroupInformation.doAs(UserGroupInformation.java:1899) [hadoop-common-3.3.6.jar:?]
	at org.apache.hadoop.ipc.Server$Handler.run(Server.java:3048) [hadoop-common-3.3.6.jar:?]
]]></system-out>
  </testcase>
  <testcase name="testRenameFileToDir" classname="TestOzoneFileSystem" time="0.054">
    <system-out><![CDATA[11:39:01.075 [IPC Server handler 1 on default port 15163] ERROR OMAudit - user=runner | ip=127.0.0.1 | op=LIST_STATUS {volume=volume45503, bucket=bucket29530, key=a/b/c/file1, dataSize=0, replicationConfig=null} | ret=FAILURE
org.apache.hadoop.ozone.om.exceptions.OMException: Unable to get file status: volume: volume45503 bucket: bucket29530 key: a/b/c/file1
	at org.apache.hadoop.ozone.om.KeyManagerImpl.getOzoneFileStatus(KeyManagerImpl.java:1195) ~[ozone-manager-1.4.0-SNAPSHOT.jar:?]
	at org.apache.hadoop.ozone.om.KeyManagerImpl.getFileStatus(KeyManagerImpl.java:1113) ~[ozone-manager-1.4.0-SNAPSHOT.jar:?]
	at org.apache.hadoop.ozone.om.KeyManagerImpl.listStatus(KeyManagerImpl.java:1505) ~[ozone-manager-1.4.0-SNAPSHOT.jar:?]
	at org.apache.hadoop.ozone.om.OmMetadataReader.listStatus(OmMetadataReader.java:235) ~[ozone-manager-1.4.0-SNAPSHOT.jar:?]
	at org.apache.hadoop.ozone.om.OzoneManager.listStatus(OzoneManager.java:3543) ~[ozone-manager-1.4.0-SNAPSHOT.jar:?]
	at org.apache.hadoop.ozone.protocolPB.OzoneManagerRequestHandler.listStatus(OzoneManagerRequestHandler.java:1145) ~[ozone-manager-1.4.0-SNAPSHOT.jar:?]
	at org.apache.hadoop.ozone.protocolPB.OzoneManagerRequestHandler.handleReadRequest(OzoneManagerRequestHandler.java:263) ~[ozone-manager-1.4.0-SNAPSHOT.jar:?]
	at org.apache.hadoop.ozone.protocolPB.OzoneManagerProtocolServerSideTranslatorPB.submitRequestDirectlyToOM(OzoneManagerProtocolServerSideTranslatorPB.java:274) ~[ozone-manager-1.4.0-SNAPSHOT.jar:?]
	at org.apache.hadoop.ozone.protocolPB.OzoneManagerProtocolServerSideTranslatorPB.processRequest(OzoneManagerProtocolServerSideTranslatorPB.java:175) ~[ozone-manager-1.4.0-SNAPSHOT.jar:?]
	at org.apache.hadoop.hdds.server.OzoneProtocolMessageDispatcher.processRequest(OzoneProtocolMessageDispatcher.java:87) [hdds-server-framework-1.4.0-SNAPSHOT.jar:?]
	at org.apache.hadoop.ozone.protocolPB.OzoneManagerProtocolServerSideTranslatorPB.submitRequest(OzoneManagerProtocolServerSideTranslatorPB.java:148) [ozone-manager-1.4.0-SNAPSHOT.jar:?]
	at org.apache.hadoop.ozone.protocol.proto.OzoneManagerProtocolProtos$OzoneManagerService$2.callBlockingMethod(OzoneManagerProtocolProtos.java) [ozone-interface-client-1.4.0-SNAPSHOT.jar:?]
	at org.apache.hadoop.ipc.ProtobufRpcEngine$Server.processCall(ProtobufRpcEngine.java:484) [hadoop-common-3.3.6.jar:?]
	at org.apache.hadoop.ipc.ProtobufRpcEngine2$Server$ProtoBufRpcInvoker.call(ProtobufRpcEngine2.java:595) [hadoop-common-3.3.6.jar:?]
	at org.apache.hadoop.ipc.ProtobufRpcEngine2$Server$ProtoBufRpcInvoker.call(ProtobufRpcEngine2.java:573) [hadoop-common-3.3.6.jar:?]
	at org.apache.hadoop.ipc.RPC$Server.call(RPC.java:1227) [hadoop-common-3.3.6.jar:?]
	at org.apache.hadoop.ipc.Server$RpcCall.run(Server.java:1094) [hadoop-common-3.3.6.jar:?]
	at org.apache.hadoop.ipc.Server$RpcCall.run(Server.java:1017) [hadoop-common-3.3.6.jar:?]
	at java.security.AccessController.doPrivileged(Native Method) ~[?:1.8.0_382]
	at javax.security.auth.Subject.doAs(Subject.java:422) [?:1.8.0_382]
	at org.apache.hadoop.security.UserGroupInformation.doAs(UserGroupInformation.java:1899) [hadoop-common-3.3.6.jar:?]
	at org.apache.hadoop.ipc.Server$Handler.run(Server.java:3048) [hadoop-common-3.3.6.jar:?]
]]></system-out>
  </testcase>
  <testcase name="testListStatusWithIntermediateDirWithECEnabled" classname="TestOzoneFileSystem" time="0.045">
    <system-out><![CDATA[2023-08-25 11:34:35,388 [IPC Server handler 3 on default port 15001] INFO  algorithms.SCMContainerPlacementRackScatter (SCMContainerPlacementRackScatter.java:chooseDatanodesInternal(362)) - Chosen nodes: [4dcd1767-97a9-4f87-b8f8-fe0ca563ef05(fv-az508-118.q1hezrx03woe3mvmfegnvhq0ah.dx.internal.cloudapp.net/10.1.0.52), d411a2e9-f1e7-48ff-a207-5fb0a1d8b942(fv-az508-118.q1hezrx03woe3mvmfegnvhq0ah.dx.internal.cloudapp.net/10.1.0.52), ead66fe0-0d51-45f6-a40c-8e2915dd9a2f(fv-az508-118.q1hezrx03woe3mvmfegnvhq0ah.dx.internal.cloudapp.net/10.1.0.52), 13d602e5-043f-4877-ab61-f2512eb11edb(fv-az508-118.q1hezrx03woe3mvmfegnvhq0ah.dx.internal.cloudapp.net/10.1.0.52), af11e694-f31c-4d10-acc2-680f80b0911e(fv-az508-118.q1hezrx03woe3mvmfegnvhq0ah.dx.internal.cloudapp.net/10.1.0.52)]. isPolicySatisfied: true.
2023-08-25 11:34:35,390 [IPC Server handler 3 on default port 15001] INFO  pipeline.WritableECContainerProvider (WritableECContainerProvider.java:allocateContainer(211)) - Created and opened new pipeline Pipeline[ Id: 3c79b312-8b1d-477f-a9ba-86b8364a901c, Nodes: 4dcd1767-97a9-4f87-b8f8-fe0ca563ef05(fv-az508-118.q1hezrx03woe3mvmfegnvhq0ah.dx.internal.cloudapp.net/10.1.0.52)d411a2e9-f1e7-48ff-a207-5fb0a1d8b942(fv-az508-118.q1hezrx03woe3mvmfegnvhq0ah.dx.internal.cloudapp.net/10.1.0.52)ead66fe0-0d51-45f6-a40c-8e2915dd9a2f(fv-az508-118.q1hezrx03woe3mvmfegnvhq0ah.dx.internal.cloudapp.net/10.1.0.52)13d602e5-043f-4877-ab61-f2512eb11edb(fv-az508-118.q1hezrx03woe3mvmfegnvhq0ah.dx.internal.cloudapp.net/10.1.0.52)af11e694-f31c-4d10-acc2-680f80b0911e(fv-az508-118.q1hezrx03woe3mvmfegnvhq0ah.dx.internal.cloudapp.net/10.1.0.52), ReplicationConfig: EC{rs-3-2-1024k}, State:ALLOCATED, leaderId:, CreationTimestamp2023-08-25T11:34:35.388Z[Etc/UTC]]
]]></system-out>
  </testcase>
  <testcase name="testListStatusWithIntermediateDirWithECEnabled" classname="TestOzoneFileSystem" time="0.041">
    <system-out><![CDATA[2023-08-25 11:36:01,830 [IPC Server handler 15 on default port 15054] INFO  algorithms.SCMContainerPlacementRackScatter (SCMContainerPlacementRackScatter.java:chooseDatanodesInternal(362)) - Chosen nodes: [3bcb9728-7d1d-45db-b3c3-ee1d25f73c3d(fv-az508-118.q1hezrx03woe3mvmfegnvhq0ah.dx.internal.cloudapp.net/10.1.0.52), 85c49798-3560-4dc9-a596-09ecbe4a8df4(fv-az508-118.q1hezrx03woe3mvmfegnvhq0ah.dx.internal.cloudapp.net/10.1.0.52), be1f1661-cb08-42a9-9c55-aeb71fb92a9a(fv-az508-118.q1hezrx03woe3mvmfegnvhq0ah.dx.internal.cloudapp.net/10.1.0.52), 16866294-0bab-4ae5-8da9-294ec4800f35(fv-az508-118.q1hezrx03woe3mvmfegnvhq0ah.dx.internal.cloudapp.net/10.1.0.52), 6fb87cf7-6010-4447-ac68-4b216325e026(fv-az508-118.q1hezrx03woe3mvmfegnvhq0ah.dx.internal.cloudapp.net/10.1.0.52)]. isPolicySatisfied: true.
2023-08-25 11:36:01,832 [IPC Server handler 15 on default port 15054] INFO  pipeline.WritableECContainerProvider (WritableECContainerProvider.java:allocateContainer(211)) - Created and opened new pipeline Pipeline[ Id: 2b7540cf-0778-4491-9686-1d69d8fa2718, Nodes: 3bcb9728-7d1d-45db-b3c3-ee1d25f73c3d(fv-az508-118.q1hezrx03woe3mvmfegnvhq0ah.dx.internal.cloudapp.net/10.1.0.52)85c49798-3560-4dc9-a596-09ecbe4a8df4(fv-az508-118.q1hezrx03woe3mvmfegnvhq0ah.dx.internal.cloudapp.net/10.1.0.52)be1f1661-cb08-42a9-9c55-aeb71fb92a9a(fv-az508-118.q1hezrx03woe3mvmfegnvhq0ah.dx.internal.cloudapp.net/10.1.0.52)16866294-0bab-4ae5-8da9-294ec4800f35(fv-az508-118.q1hezrx03woe3mvmfegnvhq0ah.dx.internal.cloudapp.net/10.1.0.52)6fb87cf7-6010-4447-ac68-4b216325e026(fv-az508-118.q1hezrx03woe3mvmfegnvhq0ah.dx.internal.cloudapp.net/10.1.0.52), ReplicationConfig: EC{rs-3-2-1024k}, State:ALLOCATED, leaderId:, CreationTimestamp2023-08-25T11:36:01.830Z[Etc/UTC]]
]]></system-out>
  </testcase>
  <testcase name="testListStatusWithIntermediateDirWithECEnabled" classname="TestOzoneFileSystem" time="0.036">
    <system-out><![CDATA[2023-08-25 11:37:37,132 [IPC Server handler 12 on default port 15107] INFO  algorithms.SCMContainerPlacementRackScatter (SCMContainerPlacementRackScatter.java:chooseDatanodesInternal(362)) - Chosen nodes: [b7348800-7ece-44e4-b1a8-355cecb1b7f9(fv-az508-118.q1hezrx03woe3mvmfegnvhq0ah.dx.internal.cloudapp.net/10.1.0.52), 8d6e1dbb-3941-4a04-b7a8-0c911dee3672(fv-az508-118.q1hezrx03woe3mvmfegnvhq0ah.dx.internal.cloudapp.net/10.1.0.52), b4d41a5a-7f8b-4359-a921-685918a3749b(fv-az508-118.q1hezrx03woe3mvmfegnvhq0ah.dx.internal.cloudapp.net/10.1.0.52), 41c35b0f-7d09-466e-a425-34196dd2af10(fv-az508-118.q1hezrx03woe3mvmfegnvhq0ah.dx.internal.cloudapp.net/10.1.0.52), c6e0d301-09b2-4368-8fbf-181ce26f0a67(fv-az508-118.q1hezrx03woe3mvmfegnvhq0ah.dx.internal.cloudapp.net/10.1.0.52)]. isPolicySatisfied: true.
2023-08-25 11:37:37,134 [IPC Server handler 12 on default port 15107] INFO  pipeline.WritableECContainerProvider (WritableECContainerProvider.java:allocateContainer(211)) - Created and opened new pipeline Pipeline[ Id: 26be8a1f-ac4b-44d6-868c-952d46a9260c, Nodes: b7348800-7ece-44e4-b1a8-355cecb1b7f9(fv-az508-118.q1hezrx03woe3mvmfegnvhq0ah.dx.internal.cloudapp.net/10.1.0.52)8d6e1dbb-3941-4a04-b7a8-0c911dee3672(fv-az508-118.q1hezrx03woe3mvmfegnvhq0ah.dx.internal.cloudapp.net/10.1.0.52)b4d41a5a-7f8b-4359-a921-685918a3749b(fv-az508-118.q1hezrx03woe3mvmfegnvhq0ah.dx.internal.cloudapp.net/10.1.0.52)41c35b0f-7d09-466e-a425-34196dd2af10(fv-az508-118.q1hezrx03woe3mvmfegnvhq0ah.dx.internal.cloudapp.net/10.1.0.52)c6e0d301-09b2-4368-8fbf-181ce26f0a67(fv-az508-118.q1hezrx03woe3mvmfegnvhq0ah.dx.internal.cloudapp.net/10.1.0.52), ReplicationConfig: EC{rs-3-2-1024k}, State:ALLOCATED, leaderId:, CreationTimestamp2023-08-25T11:37:37.132Z[Etc/UTC]]
]]></system-out>
  </testcase>
  <testcase name="testListStatusWithIntermediateDirWithECEnabled" classname="TestOzoneFileSystem" time="0.029">
    <system-out><![CDATA[2023-08-25 11:39:01,115 [IPC Server handler 7 on default port 15160] INFO  algorithms.SCMContainerPlacementRackScatter (SCMContainerPlacementRackScatter.java:chooseDatanodesInternal(362)) - Chosen nodes: [addc2b6a-cfc9-4bfb-8a1c-15b9de9495ff(fv-az508-118.q1hezrx03woe3mvmfegnvhq0ah.dx.internal.cloudapp.net/10.1.0.52), f8b5371a-a27d-49bd-9775-6107617962eb(fv-az508-118.q1hezrx03woe3mvmfegnvhq0ah.dx.internal.cloudapp.net/10.1.0.52), 502f6022-a881-4b45-8d31-6accf0fa9572(fv-az508-118.q1hezrx03woe3mvmfegnvhq0ah.dx.internal.cloudapp.net/10.1.0.52), c88c3db0-6d18-4a8e-bc96-216262cb4b87(fv-az508-118.q1hezrx03woe3mvmfegnvhq0ah.dx.internal.cloudapp.net/10.1.0.52), 40eb42f8-08cb-4edc-9c90-450b1ff1d9e5(fv-az508-118.q1hezrx03woe3mvmfegnvhq0ah.dx.internal.cloudapp.net/10.1.0.52)]. isPolicySatisfied: true.
2023-08-25 11:39:01,117 [IPC Server handler 7 on default port 15160] INFO  pipeline.WritableECContainerProvider (WritableECContainerProvider.java:allocateContainer(211)) - Created and opened new pipeline Pipeline[ Id: b52e8fed-b522-42c2-a165-5fa77974ad85, Nodes: addc2b6a-cfc9-4bfb-8a1c-15b9de9495ff(fv-az508-118.q1hezrx03woe3mvmfegnvhq0ah.dx.internal.cloudapp.net/10.1.0.52)f8b5371a-a27d-49bd-9775-6107617962eb(fv-az508-118.q1hezrx03woe3mvmfegnvhq0ah.dx.internal.cloudapp.net/10.1.0.52)502f6022-a881-4b45-8d31-6accf0fa9572(fv-az508-118.q1hezrx03woe3mvmfegnvhq0ah.dx.internal.cloudapp.net/10.1.0.52)c88c3db0-6d18-4a8e-bc96-216262cb4b87(fv-az508-118.q1hezrx03woe3mvmfegnvhq0ah.dx.internal.cloudapp.net/10.1.0.52)40eb42f8-08cb-4edc-9c90-450b1ff1d9e5(fv-az508-118.q1hezrx03woe3mvmfegnvhq0ah.dx.internal.cloudapp.net/10.1.0.52), ReplicationConfig: EC{rs-3-2-1024k}, State:ALLOCATED, leaderId:, CreationTimestamp2023-08-25T11:39:01.116Z[Etc/UTC]]
]]></system-out>
  </testcase>
  <testcase name="testMakeDirsWithAnExistingDirectoryPath" classname="TestOzoneFileSystem" time="0.042"/>
  <testcase name="testMakeDirsWithAnExistingDirectoryPath" classname="TestOzoneFileSystem" time="0.032"/>
  <testcase name="testMakeDirsWithAnExistingDirectoryPath" classname="TestOzoneFileSystem" time="0.032"/>
  <testcase name="testMakeDirsWithAnExistingDirectoryPath" classname="TestOzoneFileSystem" time="0.026"/>
  <testcase name="testSetTimes" classname="TestOzoneFileSystem" time="0.174"/>
  <testcase name="testSetTimes" classname="TestOzoneFileSystem" time="0.153"/>
  <testcase name="testSetTimes" classname="TestOzoneFileSystem" time="0.145"/>
  <testcase name="testSetTimes" classname="TestOzoneFileSystem" time="0.118"/>
</testsuite>