<?xml version="1.0" encoding="UTF-8"?>
<testsuite xmlns:xsi="http://www.w3.org/2001/XMLSchema-instance" xsi:noNamespaceSchemaLocation="https://maven.apache.org/surefire/maven-surefire-plugin/xsd/surefire-test-report.xsd" name="org.apache.hadoop.ozone.om.TestOzoneManagerHAWithData" time="478.251" tests="12" errors="1" skipped="1" failures="0">
  <properties>
    <property name="awt.toolkit" value="sun.awt.X11.XToolkit"/>
    <property name="file.encoding.pkg" value="sun.io"/>
    <property name="java.specification.version" value="1.8"/>
    <property name="sun.cpu.isalist" value=""/>
    <property name="sun.jnu.encoding" value="UTF-8"/>
    <property name="java.class.path" value="/home/runner/work/ozone/ozone/hadoop-ozone/integration-test/target/test-classes:/home/runner/work/ozone/ozone/hadoop-ozone/integration-test/target/classes:/home/runner/.m2/repository/org/apache/ozone/ozone-common/1.2.0-SNAPSHOT/ozone-common-1.2.0-SNAPSHOT.jar:/home/runner/.m2/repository/org/apache/commons/commons-compress/1.20/commons-compress-1.20.jar:/home/runner/.m2/repository/org/apache/ozone/hdds-common/1.2.0-SNAPSHOT/hdds-common-1.2.0-SNAPSHOT.jar:/home/runner/.m2/repository/org/apache/ozone/hdds-client/1.2.0-SNAPSHOT/hdds-client-1.2.0-SNAPSHOT.jar:/home/runner/.m2/repository/org/apache/ozone/ozone-interface-client/1.2.0-SNAPSHOT/ozone-interface-client-1.2.0-SNAPSHOT.jar:/home/runner/.m2/repository/org/apache/ozone/hdds-server-framework/1.2.0-SNAPSHOT/hdds-server-framework-1.2.0-SNAPSHOT.jar:/home/runner/.m2/repository/org/apache/ozone/hdds-interface-server/1.2.0-SNAPSHOT/hdds-interface-server-1.2.0-SNAPSHOT.jar:/home/runner/.m2/repository/org/eclipse/jetty/jetty-servlet/9.4.43.v20210629/jetty-servlet-9.4.43.v20210629.jar:/home/runner/.m2/repository/org/eclipse/jetty/jetty-security/9.4.43.v20210629/jetty-security-9.4.43.v20210629.jar:/home/runner/.m2/repository/org/rocksdb/rocksdbjni/6.20.3/rocksdbjni-6.20.3.jar:/home/runner/.m2/repository/io/prometheus/simpleclient_dropwizard/0.7.0/simpleclient_dropwizard-0.7.0.jar:/home/runner/.m2/repository/io/prometheus/simpleclient/0.7.0/simpleclient-0.7.0.jar:/home/runner/.m2/repository/io/prometheus/simpleclient_common/0.7.0/simpleclient_common-0.7.0.jar:/home/runner/.m2/repository/com/fasterxml/jackson/datatype/jackson-datatype-jsr310/2.12.1/jackson-datatype-jsr310-2.12.1.jar:/home/runner/.m2/repository/org/apache/ozone/hdds-test-utils/1.2.0-SNAPSHOT/hdds-test-utils-1.2.0-SNAPSHOT.jar:/home/runner/.m2/repository/com/google/guava/guava/30.1.1-jre/guava-30.1.1-jre.jar:/home/runner/.m2/repository/com/google/guava/failureaccess/1.0.1/failureaccess-1.0.1.jar:/home/runner/.m2/repository/com/google/guava/listenablefuture/9999.0-empty-to-avoid-conflict-with-guava/listenablefuture-9999.0-empty-to-avoid-conflict-with-guava.jar:/home/runner/.m2/repository/com/google/code/findbugs/jsr305/3.0.0/jsr305-3.0.0.jar:/home/runner/.m2/repository/org/checkerframework/checker-qual/3.8.0/checker-qual-3.8.0.jar:/home/runner/.m2/repository/com/google/errorprone/error_prone_annotations/2.2.0/error_prone_annotations-2.2.0.jar:/home/runner/.m2/repository/com/google/j2objc/j2objc-annotations/1.3/j2objc-annotations-1.3.jar:/home/runner/.m2/repository/commons-io/commons-io/2.8.0/commons-io-2.8.0.jar:/home/runner/.m2/repository/commons-logging/commons-logging/1.2/commons-logging-1.2.jar:/home/runner/.m2/repository/log4j/log4j/1.2.17/log4j-1.2.17.jar:/home/runner/.m2/repository/org/slf4j/slf4j-api/1.7.30/slf4j-api-1.7.30.jar:/home/runner/.m2/repository/org/apache/ozone/hdds-server-scm/1.2.0-SNAPSHOT/hdds-server-scm-1.2.0-SNAPSHOT.jar:/home/runner/.m2/repository/org/apache/ozone/hdds-container-service/1.2.0-SNAPSHOT/hdds-container-service-1.2.0-SNAPSHOT.jar:/home/runner/.m2/repository/org/apache/ozone/hdds-hadoop-dependency-server/1.2.0-SNAPSHOT/hdds-hadoop-dependency-server-1.2.0-SNAPSHOT.jar:/home/runner/.m2/repository/org/apache/hadoop/hadoop-hdfs/3.3.1/hadoop-hdfs-3.3.1.jar:/home/runner/.m2/repository/io/dropwizard/metrics/metrics-core/3.2.4/metrics-core-3.2.4.jar:/home/runner/.m2/repository/org/apache/hadoop/hadoop-hdfs-client/3.3.1/hadoop-hdfs-client-3.3.1.jar:/home/runner/.m2/repository/org/bouncycastle/bcprov-jdk15on/1.67/bcprov-jdk15on-1.67.jar:/home/runner/.m2/repository/com/google/protobuf/protobuf-java/2.5.0/protobuf-java-2.5.0.jar:/home/runner/.m2/repository/org/apache/ozone/ozone-manager/1.2.0-SNAPSHOT/ozone-manager-1.2.0-SNAPSHOT.jar:/home/runner/.m2/repository/org/aspectj/aspectjrt/1.8.9/aspectjrt-1.8.9.jar:/home/runner/.m2/repository/org/aspectj/aspectjweaver/1.8.9/aspectjweaver-1.8.9.jar:/home/runner/.m2/repository/org/apache/ozone/hdds-interface-client/1.2.0-SNAPSHOT/hdds-interface-client-1.2.0-SNAPSHOT.jar:/home/runner/.m2/repository/org/apache/hadoop/thirdparty/hadoop-shaded-protobuf_3_7/1.1.1/hadoop-shaded-protobuf_3_7-1.1.1.jar:/home/runner/.m2/repository/org/apache/ozone/ozone-interface-storage/1.2.0-SNAPSHOT/ozone-interface-storage-1.2.0-SNAPSHOT.jar:/home/runner/.m2/repository/org/reflections/reflections/0.9.11/reflections-0.9.11.jar:/home/runner/.m2/repository/org/apache/hadoop/hadoop-minikdc/3.3.1/hadoop-minikdc-3.3.1.jar:/home/runner/.m2/repository/org/apache/kerby/kerb-simplekdc/1.0.1/kerb-simplekdc-1.0.1.jar:/home/runner/.m2/repository/org/apache/kerby/kerb-client/1.0.1/kerb-client-1.0.1.jar:/home/runner/.m2/repository/org/apache/kerby/kerby-config/1.0.1/kerby-config-1.0.1.jar:/home/runner/.m2/repository/org/apache/kerby/kerb-common/1.0.1/kerb-common-1.0.1.jar:/home/runner/.m2/repository/org/apache/kerby/kerb-crypto/1.0.1/kerb-crypto-1.0.1.jar:/home/runner/.m2/repository/org/apache/kerby/kerb-util/1.0.1/kerb-util-1.0.1.jar:/home/runner/.m2/repository/org/apache/kerby/token-provider/1.0.1/token-provider-1.0.1.jar:/home/runner/.m2/repository/org/apache/kerby/kerb-admin/1.0.1/kerb-admin-1.0.1.jar:/home/runner/.m2/repository/org/apache/kerby/kerb-server/1.0.1/kerb-server-1.0.1.jar:/home/runner/.m2/repository/org/apache/kerby/kerb-identity/1.0.1/kerb-identity-1.0.1.jar:/home/runner/.m2/repository/org/apache/kerby/kerby-xdr/1.0.1/kerby-xdr-1.0.1.jar:/home/runner/.m2/repository/org/slf4j/slf4j-log4j12/1.7.30/slf4j-log4j12-1.7.30.jar:/home/runner/.m2/repository/org/apache/ozone/ozone-s3gateway/1.2.0-SNAPSHOT/ozone-s3gateway-1.2.0-SNAPSHOT.jar:/home/runner/.m2/repository/org/javassist/javassist/3.21.0-GA/javassist-3.21.0-GA.jar:/home/runner/.m2/repository/org/jboss/weld/servlet/weld-servlet/2.4.7.Final/weld-servlet-2.4.7.Final.jar:/home/runner/.m2/repository/org/glassfish/jersey/containers/jersey-container-servlet-core/2.33/jersey-container-servlet-core-2.33.jar:/home/runner/.m2/repository/org/glassfish/hk2/external/jakarta.inject/2.6.1/jakarta.inject-2.6.1.jar:/home/runner/.m2/repository/org/glassfish/jersey/core/jersey-common/2.33/jersey-common-2.33.jar:/home/runner/.m2/repository/jakarta/ws/rs/jakarta.ws.rs-api/2.1.6/jakarta.ws.rs-api-2.1.6.jar:/home/runner/.m2/repository/org/glassfish/jersey/ext/cdi/jersey-cdi1x/2.33/jersey-cdi1x-2.33.jar:/home/runner/.m2/repository/org/glassfish/jersey/inject/jersey-hk2/2.33/jersey-hk2-2.33.jar:/home/runner/.m2/repository/org/glassfish/hk2/hk2-locator/2.6.1/hk2-locator-2.6.1.jar:/home/runner/.m2/repository/org/glassfish/jersey/media/jersey-media-jaxb/2.33/jersey-media-jaxb-2.33.jar:/home/runner/.m2/repository/org/glassfish/hk2/osgi-resource-locator/1.0.3/osgi-resource-locator-1.0.3.jar:/home/runner/.m2/repository/org/glassfish/hk2/hk2-api/2.5.0/hk2-api-2.5.0.jar:/home/runner/.m2/repository/org/glassfish/hk2/hk2-utils/2.5.0/hk2-utils-2.5.0.jar:/home/runner/.m2/repository/org/glassfish/hk2/external/aopalliance-repackaged/2.5.0/aopalliance-repackaged-2.5.0.jar:/home/runner/.m2/repository/com/fasterxml/jackson/dataformat/jackson-dataformat-xml/2.12.1/jackson-dataformat-xml-2.12.1.jar:/home/runner/.m2/repository/com/fasterxml/jackson/core/jackson-core/2.12.1/jackson-core-2.12.1.jar:/home/runner/.m2/repository/com/fasterxml/jackson/module/jackson-module-jaxb-annotations/2.12.1/jackson-module-jaxb-annotations-2.12.1.jar:/home/runner/.m2/repository/jakarta/xml/bind/jakarta.xml.bind-api/2.3.2/jakarta.xml.bind-api-2.3.2.jar:/home/runner/.m2/repository/org/codehaus/woodstox/stax2-api/3.1.4/stax2-api-3.1.4.jar:/home/runner/.m2/repository/com/fasterxml/woodstox/woodstox-core/5.0.3/woodstox-core-5.0.3.jar:/home/runner/.m2/repository/javax/enterprise/cdi-api/1.2/cdi-api-1.2.jar:/home/runner/.m2/repository/javax/el/javax.el-api/3.0.0/javax.el-api-3.0.0.jar:/home/runner/.m2/repository/javax/interceptor/javax.interceptor-api/1.2/javax.interceptor-api-1.2.jar:/home/runner/.m2/repository/javax/inject/javax.inject/1/javax.inject-1.jar:/home/runner/.m2/repository/javax/xml/bind/jaxb-api/2.3.0/jaxb-api-2.3.0.jar:/home/runner/.m2/repository/org/glassfish/jaxb/jaxb-runtime/2.3.0.1/jaxb-runtime-2.3.0.1.jar:/home/runner/.m2/repository/org/glassfish/jaxb/jaxb-core/2.3.0.1/jaxb-core-2.3.0.1.jar:/home/runner/.m2/repository/org/glassfish/jaxb/txw2/2.3.0.1/txw2-2.3.0.1.jar:/home/runner/.m2/repository/com/sun/istack/istack-commons-runtime/3.0.5/istack-commons-runtime-3.0.5.jar:/home/runner/.m2/repository/org/jvnet/staxex/stax-ex/1.7.8/stax-ex-1.7.8.jar:/home/runner/.m2/repository/com/sun/xml/fastinfoset/FastInfoset/1.2.13/FastInfoset-1.2.13.jar:/home/runner/.m2/repository/javax/activation/activation/1.1.1/activation-1.1.1.jar:/home/runner/.m2/repository/org/apache/ozone/ozone-csi/1.2.0-SNAPSHOT/ozone-csi-1.2.0-SNAPSHOT.jar:/home/runner/.m2/repository/com/google/protobuf/protobuf-java-util/3.12.0/protobuf-java-util-3.12.0.jar:/home/runner/.m2/repository/com/google/code/gson/gson/2.2.4/gson-2.2.4.jar:/home/runner/.m2/repository/org/apache/ozone/hdds-config/1.2.0-SNAPSHOT/hdds-config-1.2.0-SNAPSHOT.jar:/home/runner/.m2/repository/io/grpc/grpc-netty/1.33.0/grpc-netty-1.33.0.jar:/home/runner/.m2/repository/io/grpc/grpc-core/1.33.0/grpc-core-1.33.0.jar:/home/runner/.m2/repository/com/google/android/annotations/4.1.1.4/annotations-4.1.1.4.jar:/home/runner/.m2/repository/io/netty/netty-codec-http2/4.1.63.Final/netty-codec-http2-4.1.63.Final.jar:/home/runner/.m2/repository/io/netty/netty-codec-http/4.1.63.Final/netty-codec-http-4.1.63.Final.jar:/home/runner/.m2/repository/io/netty/netty-handler-proxy/4.1.63.Final/netty-handler-proxy-4.1.63.Final.jar:/home/runner/.m2/repository/io/netty/netty-codec-socks/4.1.63.Final/netty-codec-socks-4.1.63.Final.jar:/home/runner/.m2/repository/io/perfmark/perfmark-api/0.19.0/perfmark-api-0.19.0.jar:/home/runner/.m2/repository/org/codehaus/mojo/animal-sniffer-annotations/1.18/animal-sniffer-annotations-1.18.jar:/home/runner/.m2/repository/io/netty/netty-transport-native-epoll/4.1.63.Final/netty-transport-native-epoll-4.1.63.Final.jar:/home/runner/.m2/repository/io/netty/netty-common/4.1.63.Final/netty-common-4.1.63.Final.jar:/home/runner/.m2/repository/io/netty/netty-buffer/4.1.63.Final/netty-buffer-4.1.63.Final.jar:/home/runner/.m2/repository/io/netty/netty-transport-native-unix-common/4.1.63.Final/netty-transport-native-unix-common-4.1.63.Final.jar:/home/runner/.m2/repository/io/grpc/grpc-protobuf/1.33.0/grpc-protobuf-1.33.0.jar:/home/runner/.m2/repository/io/grpc/grpc-api/1.33.0/grpc-api-1.33.0.jar:/home/runner/.m2/repository/io/grpc/grpc-context/1.33.0/grpc-context-1.33.0.jar:/home/runner/.m2/repository/com/google/api/grpc/proto-google-common-protos/1.17.0/proto-google-common-protos-1.17.0.jar:/home/runner/.m2/repository/io/grpc/grpc-protobuf-lite/1.33.0/grpc-protobuf-lite-1.33.0.jar:/home/runner/.m2/repository/io/grpc/grpc-stub/1.33.0/grpc-stub-1.33.0.jar:/home/runner/.m2/repository/org/apache/ozone/ozone-recon/1.2.0-SNAPSHOT/ozone-recon-1.2.0-SNAPSHOT.jar:/home/runner/.m2/repository/org/apache/ozone/ozone-reconcodegen/1.2.0-SNAPSHOT/ozone-reconcodegen-1.2.0-SNAPSHOT.jar:/home/runner/.m2/repository/com/google/inject/extensions/guice-multibindings/4.0/guice-multibindings-4.0.jar:/home/runner/.m2/repository/com/google/inject/guice/4.0/guice-4.0.jar:/home/runner/.m2/repository/aopalliance/aopalliance/1.0/aopalliance-1.0.jar:/home/runner/.m2/repository/com/google/inject/extensions/guice-assistedinject/4.0/guice-assistedinject-4.0.jar:/home/runner/.m2/repository/com/google/inject/extensions/guice-servlet/4.0/guice-servlet-4.0.jar:/home/runner/.m2/repository/org/glassfish/jersey/containers/jersey-container-servlet/2.33/jersey-container-servlet-2.33.jar:/home/runner/.m2/repository/org/glassfish/hk2/guice-bridge/2.5.0/guice-bridge-2.5.0.jar:/home/runner/.m2/repository/org/glassfish/jersey/core/jersey-server/2.33/jersey-server-2.33.jar:/home/runner/.m2/repository/org/glassfish/jersey/core/jersey-client/2.33/jersey-client-2.33.jar:/home/runner/.m2/repository/jakarta/annotation/jakarta.annotation-api/1.3.5/jakarta.annotation-api-1.3.5.jar:/home/runner/.m2/repository/jakarta/validation/jakarta.validation-api/2.0.2/jakarta.validation-api-2.0.2.jar:/home/runner/.m2/repository/org/glassfish/jersey/media/jersey-media-json-jackson/2.33/jersey-media-json-jackson-2.33.jar:/home/runner/.m2/repository/org/glassfish/jersey/ext/jersey-entity-filtering/2.33/jersey-entity-filtering-2.33.jar:/home/runner/.m2/repository/org/jooq/jooq/3.11.10/jooq-3.11.10.jar:/home/runner/.m2/repository/org/jooq/jooq-meta/3.11.10/jooq-meta-3.11.10.jar:/home/runner/.m2/repository/org/jooq/jooq-codegen/3.11.10/jooq-codegen-3.11.10.jar:/home/runner/.m2/repository/com/jolbox/bonecp/0.8.0.RELEASE/bonecp-0.8.0.RELEASE.jar:/home/runner/.m2/repository/org/apache/derby/derby/10.14.2.0/derby-10.14.2.0.jar:/home/runner/.m2/repository/org/xerial/sqlite-jdbc/3.25.2/sqlite-jdbc-3.25.2.jar:/home/runner/.m2/repository/org/springframework/spring-jdbc/5.2.11.RELEASE/spring-jdbc-5.2.11.RELEASE.jar:/home/runner/.m2/repository/org/springframework/spring-beans/5.2.11.RELEASE/spring-beans-5.2.11.RELEASE.jar:/home/runner/.m2/repository/org/springframework/spring-core/5.2.11.RELEASE/spring-core-5.2.11.RELEASE.jar:/home/runner/.m2/repository/org/springframework/spring-jcl/5.2.11.RELEASE/spring-jcl-5.2.11.RELEASE.jar:/home/runner/.m2/repository/org/springframework/spring-tx/5.2.11.RELEASE/spring-tx-5.2.11.RELEASE.jar:/home/runner/.m2/repository/org/apache/ozone/ozone-client/1.2.0-SNAPSHOT/ozone-client-1.2.0-SNAPSHOT.jar:/home/runner/.m2/repository/org/apache/ozone/ozone-filesystem/1.2.0-SNAPSHOT/ozone-filesystem-1.2.0-SNAPSHOT.jar:/home/runner/.m2/repository/org/apache/ozone/ozone-filesystem-common/1.2.0-SNAPSHOT/ozone-filesystem-common-1.2.0-SNAPSHOT.jar:/home/runner/.m2/repository/org/apache/ozone/ozone-tools/1.2.0-SNAPSHOT/ozone-tools-1.2.0-SNAPSHOT.jar:/home/runner/.m2/repository/org/apache/ratis/ratis-tools/2.1.0-03f3b68-SNAPSHOT/ratis-tools-2.1.0-03f3b68-SNAPSHOT.jar:/home/runner/.m2/repository/com/amazonaws/aws-java-sdk-core/1.11.901/aws-java-sdk-core-1.11.901.jar:/home/runner/.m2/repository/org/apache/httpcomponents/httpclient/4.5.13/httpclient-4.5.13.jar:/home/runner/.m2/repository/org/apache/httpcomponents/httpcore/4.4.13/httpcore-4.4.13.jar:/home/runner/.m2/repository/software/amazon/ion/ion-java/1.0.2/ion-java-1.0.2.jar:/home/runner/.m2/repository/com/fasterxml/jackson/dataformat/jackson-dataformat-cbor/2.12.1/jackson-dataformat-cbor-2.12.1.jar:/home/runner/.m2/repository/joda-time/joda-time/2.8.1/joda-time-2.8.1.jar:/home/runner/.m2/repository/com/amazonaws/aws-java-sdk-s3/1.11.901/aws-java-sdk-s3-1.11.901.jar:/home/runner/.m2/repository/com/amazonaws/aws-java-sdk-kms/1.11.901/aws-java-sdk-kms-1.11.901.jar:/home/runner/.m2/repository/com/amazonaws/jmespath-java/1.11.901/jmespath-java-1.11.901.jar:/home/runner/.m2/repository/org/kohsuke/metainf-services/metainf-services/1.8/metainf-services-1.8.jar:/home/runner/.m2/repository/org/apache/ozone/hdds-tools/1.2.0-SNAPSHOT/hdds-tools-1.2.0-SNAPSHOT.jar:/home/runner/.m2/repository/commons-cli/commons-cli/1.2/commons-cli-1.2.jar:/home/runner/.m2/repository/org/apache/commons/commons-lang3/3.7/commons-lang3-3.7.jar:/home/runner/.m2/repository/org/apache/ozone/ozone-manager/1.2.0-SNAPSHOT/ozone-manager-1.2.0-SNAPSHOT-tests.jar:/home/runner/.m2/repository/org/apache/ozone/hdds-common/1.2.0-SNAPSHOT/hdds-common-1.2.0-SNAPSHOT-tests.jar:/home/runner/.m2/repository/org/apache/ozone/hdds-hadoop-dependency-client/1.2.0-SNAPSHOT/hdds-hadoop-dependency-client-1.2.0-SNAPSHOT.jar:/home/runner/.m2/repository/info/picocli/picocli/4.6.1/picocli-4.6.1.jar:/home/runner/.m2/repository/com/fasterxml/jackson/core/jackson-annotations/2.12.1/jackson-annotations-2.12.1.jar:/home/runner/.m2/repository/javax/annotation/javax.annotation-api/1.2/javax.annotation-api-1.2.jar:/home/runner/.m2/repository/org/apache/ratis/ratis-server/2.1.0-03f3b68-SNAPSHOT/ratis-server-2.1.0-03f3b68-SNAPSHOT.jar:/home/runner/.m2/repository/org/apache/ratis/ratis-client/2.1.0-03f3b68-SNAPSHOT/ratis-client-2.1.0-03f3b68-SNAPSHOT.jar:/home/runner/.m2/repository/org/apache/ratis/ratis-server-api/2.1.0-03f3b68-SNAPSHOT/ratis-server-api-2.1.0-03f3b68-SNAPSHOT.jar:/home/runner/.m2/repository/org/apache/ratis/ratis-metrics/2.1.0-03f3b68-SNAPSHOT/ratis-metrics-2.1.0-03f3b68-SNAPSHOT.jar:/home/runner/.m2/repository/org/apache/ratis/ratis-netty/2.1.0-03f3b68-SNAPSHOT/ratis-netty-2.1.0-03f3b68-SNAPSHOT.jar:/home/runner/.m2/repository/org/apache/ratis/ratis-grpc/2.1.0-03f3b68-SNAPSHOT/ratis-grpc-2.1.0-03f3b68-SNAPSHOT.jar:/home/runner/.m2/repository/org/apache/logging/log4j/log4j-api/2.13.3/log4j-api-2.13.3.jar:/home/runner/.m2/repository/org/apache/logging/log4j/log4j-core/2.13.3/log4j-core-2.13.3.jar:/home/runner/.m2/repository/com/lmax/disruptor/3.4.2/disruptor-3.4.2.jar:/home/runner/.m2/repository/org/apache/commons/commons-pool2/2.6.0/commons-pool2-2.6.0.jar:/home/runner/.m2/repository/org/bouncycastle/bcpkix-jdk15on/1.67/bcpkix-jdk15on-1.67.jar:/home/runner/.m2/repository/commons-validator/commons-validator/1.6/commons-validator-1.6.jar:/home/runner/.m2/repository/commons-beanutils/commons-beanutils/1.9.4/commons-beanutils-1.9.4.jar:/home/runner/.m2/repository/commons-digester/commons-digester/1.8.1/commons-digester-1.8.1.jar:/home/runner/.m2/repository/commons-collections/commons-collections/3.2.2/commons-collections-3.2.2.jar:/home/runner/.m2/repository/io/jaegertracing/jaeger-client/1.6.0/jaeger-client-1.6.0.jar:/home/runner/.m2/repository/io/jaegertracing/jaeger-thrift/1.6.0/jaeger-thrift-1.6.0.jar:/home/runner/.m2/repository/org/apache/thrift/libthrift/0.14.1/libthrift-0.14.1.jar:/home/runner/.m2/repository/com/squareup/okhttp3/okhttp/4.9.0/okhttp-4.9.0.jar:/home/runner/.m2/repository/com/squareup/okio/okio/2.8.0/okio-2.8.0.jar:/home/runner/.m2/repository/io/jaegertracing/jaeger-core/1.6.0/jaeger-core-1.6.0.jar:/home/runner/.m2/repository/io/jaegertracing/jaeger-tracerresolver/1.6.0/jaeger-tracerresolver-1.6.0.jar:/home/runner/.m2/repository/io/opentracing/contrib/opentracing-tracerresolver/0.1.8/opentracing-tracerresolver-0.1.8.jar:/home/runner/.m2/repository/org/jetbrains/kotlin/kotlin-stdlib/1.4.31/kotlin-stdlib-1.4.31.jar:/home/runner/.m2/repository/org/jetbrains/kotlin/kotlin-stdlib-common/1.4.31/kotlin-stdlib-common-1.4.31.jar:/home/runner/.m2/repository/org/jetbrains/annotations/13.0/annotations-13.0.jar:/home/runner/.m2/repository/io/opentracing/opentracing-util/0.33.0/opentracing-util-0.33.0.jar:/home/runner/.m2/repository/io/opentracing/opentracing-api/0.33.0/opentracing-api-0.33.0.jar:/home/runner/.m2/repository/io/opentracing/opentracing-noop/0.33.0/opentracing-noop-0.33.0.jar:/home/runner/.m2/repository/org/yaml/snakeyaml/1.26/snakeyaml-1.26.jar:/home/runner/.m2/repository/org/apache/ozone/hdds-interface-admin/1.2.0-SNAPSHOT/hdds-interface-admin-1.2.0-SNAPSHOT.jar:/home/runner/.m2/repository/junit/junit/4.13.1/junit-4.13.1.jar:/home/runner/.m2/repository/org/hamcrest/hamcrest-core/1.3/hamcrest-core-1.3.jar:/home/runner/.m2/repository/org/junit/jupiter/junit-jupiter-api/5.7.0/junit-jupiter-api-5.7.0.jar:/home/runner/.m2/repository/org/apiguardian/apiguardian-api/1.1.0/apiguardian-api-1.1.0.jar:/home/runner/.m2/repository/org/opentest4j/opentest4j/1.2.0/opentest4j-1.2.0.jar:/home/runner/.m2/repository/org/junit/platform/junit-platform-commons/1.7.0/junit-platform-commons-1.7.0.jar:/home/runner/.m2/repository/org/junit/jupiter/junit-jupiter-engine/5.7.0/junit-jupiter-engine-5.7.0.jar:/home/runner/.m2/repository/org/junit/platform/junit-platform-engine/1.7.0/junit-platform-engine-1.7.0.jar:/home/runner/.m2/repository/org/junit/vintage/junit-vintage-engine/5.7.0/junit-vintage-engine-5.7.0.jar:/home/runner/.m2/repository/org/junit/platform/junit-platform-launcher/1.7.0/junit-platform-launcher-1.7.0.jar:/home/runner/.m2/repository/org/openjdk/jmh/jmh-core/1.19/jmh-core-1.19.jar:/home/runner/.m2/repository/net/sf/jopt-simple/jopt-simple/4.6/jopt-simple-4.6.jar:/home/runner/.m2/repository/org/apache/commons/commons-math3/3.1.1/commons-math3-3.1.1.jar:/home/runner/.m2/repository/org/openjdk/jmh/jmh-generator-annprocess/1.19/jmh-generator-annprocess-1.19.jar:/home/runner/.m2/repository/org/mockito/mockito-core/2.28.2/mockito-core-2.28.2.jar:/home/runner/.m2/repository/net/bytebuddy/byte-buddy/1.9.10/byte-buddy-1.9.10.jar:/home/runner/.m2/repository/net/bytebuddy/byte-buddy-agent/1.9.10/byte-buddy-agent-1.9.10.jar:/home/runner/.m2/repository/org/objenesis/objenesis/1.0/objenesis-1.0.jar:/home/runner/.m2/repository/org/apache/hadoop/hadoop-kms/3.3.1/hadoop-kms-3.3.1.jar:/home/runner/.m2/repository/org/apache/hadoop/hadoop-auth/3.3.1/hadoop-auth-3.3.1.jar:/home/runner/.m2/repository/com/nimbusds/nimbus-jose-jwt/7.9/nimbus-jose-jwt-7.9.jar:/home/runner/.m2/repository/com/github/stephenc/jcip/jcip-annotations/1.0-1/jcip-annotations-1.0-1.jar:/home/runner/.m2/repository/net/minidev/json-smart/2.3/json-smart-2.3.jar:/home/runner/.m2/repository/net/minidev/accessors-smart/1.2/accessors-smart-1.2.jar:/home/runner/.m2/repository/org/ow2/asm/asm/5.0.4/asm-5.0.4.jar:/home/runner/.m2/repository/org/apache/zookeeper/zookeeper/3.5.6/zookeeper-3.5.6.jar:/home/runner/.m2/repository/org/apache/zookeeper/zookeeper-jute/3.5.6/zookeeper-jute-3.5.6.jar:/home/runner/.m2/repository/org/apache/yetus/audience-annotations/0.5.0/audience-annotations-0.5.0.jar:/home/runner/.m2/repository/org/apache/curator/curator-framework/4.2.0/curator-framework-4.2.0.jar:/home/runner/.m2/repository/org/apache/hadoop/thirdparty/hadoop-shaded-guava/1.1.1/hadoop-shaded-guava-1.1.1.jar:/home/runner/.m2/repository/com/sun/jersey/jersey-core/1.19/jersey-core-1.19.jar:/home/runner/.m2/repository/javax/ws/rs/jsr311-api/1.1.1/jsr311-api-1.1.1.jar:/home/runner/.m2/repository/com/sun/jersey/jersey-server/1.19/jersey-server-1.19.jar:/home/runner/.m2/repository/javax/servlet/javax.servlet-api/3.1.0/javax.servlet-api-3.1.0.jar:/home/runner/.m2/repository/org/eclipse/jetty/jetty-server/9.4.43.v20210629/jetty-server-9.4.43.v20210629.jar:/home/runner/.m2/repository/org/eclipse/jetty/jetty-http/9.4.43.v20210629/jetty-http-9.4.43.v20210629.jar:/home/runner/.m2/repository/org/eclipse/jetty/jetty-io/9.4.43.v20210629/jetty-io-9.4.43.v20210629.jar:/home/runner/.m2/repository/org/eclipse/jetty/jetty-webapp/9.4.43.v20210629/jetty-webapp-9.4.43.v20210629.jar:/home/runner/.m2/repository/org/eclipse/jetty/jetty-xml/9.4.43.v20210629/jetty-xml-9.4.43.v20210629.jar:/home/runner/.m2/repository/org/apache/hadoop/hadoop-common/3.3.1/hadoop-common-3.3.1.jar:/home/runner/.m2/repository/commons-net/commons-net/3.6/commons-net-3.6.jar:/home/runner/.m2/repository/jakarta/activation/jakarta.activation-api/1.2.1/jakarta.activation-api-1.2.1.jar:/home/runner/.m2/repository/com/sun/jersey/jersey-servlet/1.19/jersey-servlet-1.19.jar:/home/runner/.m2/repository/com/sun/jersey/jersey-json/1.19/jersey-json-1.19.jar:/home/runner/.m2/repository/org/codehaus/jettison/jettison/1.1/jettison-1.1.jar:/home/runner/.m2/repository/com/sun/xml/bind/jaxb-impl/2.2.3-1/jaxb-impl-2.2.3-1.jar:/home/runner/.m2/repository/org/codehaus/jackson/jackson-jaxrs/1.9.2/jackson-jaxrs-1.9.2.jar:/home/runner/.m2/repository/org/codehaus/jackson/jackson-xc/1.9.2/jackson-xc-1.9.2.jar:/home/runner/.m2/repository/org/apache/commons/commons-configuration2/2.1.1/commons-configuration2-2.1.1.jar:/home/runner/.m2/repository/org/apache/commons/commons-text/1.4/commons-text-1.4.jar:/home/runner/.m2/repository/com/google/re2j/re2j/1.1/re2j-1.1.jar:/home/runner/.m2/repository/com/jcraft/jsch/0.1.54/jsch-0.1.54.jar:/home/runner/.m2/repository/org/apache/curator/curator-client/4.2.0/curator-client-4.2.0.jar:/home/runner/.m2/repository/org/apache/curator/curator-recipes/4.2.0/curator-recipes-4.2.0.jar:/home/runner/.m2/repository/org/apache/kerby/kerb-core/1.0.1/kerb-core-1.0.1.jar:/home/runner/.m2/repository/org/apache/kerby/kerby-pkix/1.0.1/kerby-pkix-1.0.1.jar:/home/runner/.m2/repository/org/apache/kerby/kerby-asn1/1.0.1/kerby-asn1-1.0.1.jar:/home/runner/.m2/repository/org/apache/kerby/kerby-util/1.0.1/kerby-util-1.0.1.jar:/home/runner/.m2/repository/dnsjava/dnsjava/2.1.7/dnsjava-2.1.7.jar:/home/runner/.m2/repository/org/xerial/snappy/snappy-java/1.1.8.2/snappy-java-1.1.8.2.jar:/home/runner/.m2/repository/org/slf4j/jul-to-slf4j/1.7.30/jul-to-slf4j-1.7.30.jar:/home/runner/.m2/repository/org/eclipse/jetty/jetty-util/9.4.43.v20210629/jetty-util-9.4.43.v20210629.jar:/home/runner/.m2/repository/com/fasterxml/jackson/core/jackson-databind/2.12.1/jackson-databind-2.12.1.jar:/home/runner/.m2/repository/org/apache/hadoop/hadoop-kms/3.3.1/hadoop-kms-3.3.1-tests.jar:/home/runner/.m2/repository/org/apache/ozone/hdds-server-scm/1.2.0-SNAPSHOT/hdds-server-scm-1.2.0-SNAPSHOT-tests.jar:/home/runner/.m2/repository/org/apache/ozone/hdds-container-service/1.2.0-SNAPSHOT/hdds-container-service-1.2.0-SNAPSHOT-tests.jar:/home/runner/.m2/repository/commons-codec/commons-codec/1.11/commons-codec-1.11.jar:/home/runner/.m2/repository/io/netty/netty-transport/4.1.63.Final/netty-transport-4.1.63.Final.jar:/home/runner/.m2/repository/io/netty/netty-resolver/4.1.63.Final/netty-resolver-4.1.63.Final.jar:/home/runner/.m2/repository/io/netty/netty-codec/4.1.63.Final/netty-codec-4.1.63.Final.jar:/home/runner/.m2/repository/io/netty/netty-handler/4.1.63.Final/netty-handler-4.1.63.Final.jar:/home/runner/.m2/repository/org/apache/ozone/hdds-hadoop-dependency-test/1.2.0-SNAPSHOT/hdds-hadoop-dependency-test-1.2.0-SNAPSHOT.jar:/home/runner/.m2/repository/org/apache/hadoop/hadoop-common/3.3.1/hadoop-common-3.3.1-tests.jar:/home/runner/.m2/repository/org/assertj/assertj-core/3.12.2/assertj-core-3.12.2.jar:/home/runner/.m2/repository/org/apache/hadoop/hadoop-hdfs/3.3.1/hadoop-hdfs-3.3.1-tests.jar:/home/runner/.m2/repository/org/eclipse/jetty/jetty-util-ajax/9.4.43.v20210629/jetty-util-ajax-9.4.43.v20210629.jar:/home/runner/.m2/repository/commons-daemon/commons-daemon/1.0.13/commons-daemon-1.0.13.jar:/home/runner/.m2/repository/io/netty/netty/3.10.6.Final/netty-3.10.6.Final.jar:/home/runner/.m2/repository/io/netty/netty-all/4.1.63.Final/netty-all-4.1.63.Final.jar:/home/runner/.m2/repository/org/apache/htrace/htrace-core4/4.1.0-incubating/htrace-core4-4.1.0-incubating.jar:/home/runner/.m2/repository/org/fusesource/leveldbjni/leveldbjni-all/1.8/leveldbjni-all-1.8.jar:/home/runner/.m2/repository/org/apache/hadoop/hadoop-distcp/3.3.1/hadoop-distcp-3.3.1.jar:/home/runner/.m2/repository/org/apache/hadoop/hadoop-mapreduce-client-jobclient/3.3.1/hadoop-mapreduce-client-jobclient-3.3.1.jar:/home/runner/.m2/repository/org/apache/hadoop/hadoop-mapreduce-client-common/3.3.1/hadoop-mapreduce-client-common-3.3.1.jar:/home/runner/.m2/repository/org/apache/hadoop/hadoop-yarn-common/3.3.1/hadoop-yarn-common-3.3.1.jar:/home/runner/.m2/repository/org/apache/hadoop/hadoop-yarn-api/3.3.1/hadoop-yarn-api-3.3.1.jar:/home/runner/.m2/repository/com/sun/jersey/jersey-client/1.19/jersey-client-1.19.jar:/home/runner/.m2/repository/com/sun/jersey/contribs/jersey-guice/1.19/jersey-guice-1.19.jar:/home/runner/.m2/repository/com/fasterxml/jackson/jaxrs/jackson-jaxrs-json-provider/2.12.1/jackson-jaxrs-json-provider-2.12.1.jar:/home/runner/.m2/repository/com/fasterxml/jackson/jaxrs/jackson-jaxrs-base/2.12.1/jackson-jaxrs-base-2.12.1.jar:/home/runner/.m2/repository/org/apache/hadoop/hadoop-yarn-client/3.3.1/hadoop-yarn-client-3.3.1.jar:/home/runner/.m2/repository/org/eclipse/jetty/websocket/websocket-client/9.4.40.v20210413/websocket-client-9.4.40.v20210413.jar:/home/runner/.m2/repository/org/eclipse/jetty/jetty-client/9.4.40.v20210413/jetty-client-9.4.40.v20210413.jar:/home/runner/.m2/repository/org/eclipse/jetty/websocket/websocket-common/9.4.40.v20210413/websocket-common-9.4.40.v20210413.jar:/home/runner/.m2/repository/org/eclipse/jetty/websocket/websocket-api/9.4.40.v20210413/websocket-api-9.4.40.v20210413.jar:/home/runner/.m2/repository/org/jline/jline/3.9.0/jline-3.9.0.jar:/home/runner/.m2/repository/org/apache/hadoop/hadoop-mapreduce-client-core/3.3.1/hadoop-mapreduce-client-core-3.3.1.jar:/home/runner/.m2/repository/org/apache/avro/avro/1.7.7/avro-1.7.7.jar:/home/runner/.m2/repository/org/codehaus/jackson/jackson-core-asl/1.9.13/jackson-core-asl-1.9.13.jar:/home/runner/.m2/repository/org/codehaus/jackson/jackson-mapper-asl/1.9.13/jackson-mapper-asl-1.9.13.jar:/home/runner/.m2/repository/com/thoughtworks/paranamer/paranamer/2.3/paranamer-2.3.jar:/home/runner/.m2/repository/org/apache/hadoop/hadoop-annotations/3.3.1/hadoop-annotations-3.3.1.jar:/usr/lib/jvm/adoptopenjdk-8-hotspot-amd64/jre/../lib/tools.jar:/home/runner/.m2/repository/org/apache/hadoop/hadoop-distcp/3.3.1/hadoop-distcp-3.3.1-tests.jar:/home/runner/.m2/repository/org/apache/ratis/ratis-common/2.1.0-03f3b68-SNAPSHOT/ratis-common-2.1.0-03f3b68-SNAPSHOT.jar:/home/runner/.m2/repository/org/apache/ratis/ratis-thirdparty-misc/0.7.0/ratis-thirdparty-misc-0.7.0.jar:/home/runner/.m2/repository/org/apache/ratis/ratis-proto/2.1.0-03f3b68-SNAPSHOT/ratis-proto-2.1.0-03f3b68-SNAPSHOT.jar:"/>
    <property name="java.vm.vendor" value="AdoptOpenJDK"/>
    <property name="sun.arch.data.model" value="64"/>
    <property name="test.build.dir" value="/home/runner/work/ozone/ozone/hadoop-ozone/integration-test/target/test-dir"/>
    <property name="test.cache.data" value=""/>
    <property name="java.vendor.url" value="https://adoptopenjdk.net/"/>
    <property name="user.timezone" value=""/>
    <property name="java.vm.specification.version" value="1.8"/>
    <property name="os.name" value="Linux"/>
    <property name="test.build.data" value="/home/runner/work/ozone/ozone/hadoop-ozone/integration-test/target/test-dir"/>
    <property name="sun.java.launcher" value="SUN_STANDARD"/>
    <property name="sun.boot.library.path" value="/usr/lib/jvm/adoptopenjdk-8-hotspot-amd64/jre/lib/amd64"/>
    <property name="sun.java.command" value="/home/runner/work/ozone/ozone/hadoop-ozone/integration-test/target/surefire/surefirebooter500479995289981172.jar /home/runner/work/ozone/ozone/hadoop-ozone/integration-test/target/surefire 2021-08-28T05-19-20_951-jvmRun1 surefire6811537659094844205tmp surefire_32854575707884641888tmp"/>
    <property name="surefire.test.class.path" value="/home/runner/work/ozone/ozone/hadoop-ozone/integration-test/target/test-classes:/home/runner/work/ozone/ozone/hadoop-ozone/integration-test/target/classes:/home/runner/.m2/repository/org/apache/ozone/ozone-common/1.2.0-SNAPSHOT/ozone-common-1.2.0-SNAPSHOT.jar:/home/runner/.m2/repository/org/apache/commons/commons-compress/1.20/commons-compress-1.20.jar:/home/runner/.m2/repository/org/apache/ozone/hdds-common/1.2.0-SNAPSHOT/hdds-common-1.2.0-SNAPSHOT.jar:/home/runner/.m2/repository/org/apache/ozone/hdds-client/1.2.0-SNAPSHOT/hdds-client-1.2.0-SNAPSHOT.jar:/home/runner/.m2/repository/org/apache/ozone/ozone-interface-client/1.2.0-SNAPSHOT/ozone-interface-client-1.2.0-SNAPSHOT.jar:/home/runner/.m2/repository/org/apache/ozone/hdds-server-framework/1.2.0-SNAPSHOT/hdds-server-framework-1.2.0-SNAPSHOT.jar:/home/runner/.m2/repository/org/apache/ozone/hdds-interface-server/1.2.0-SNAPSHOT/hdds-interface-server-1.2.0-SNAPSHOT.jar:/home/runner/.m2/repository/org/eclipse/jetty/jetty-servlet/9.4.43.v20210629/jetty-servlet-9.4.43.v20210629.jar:/home/runner/.m2/repository/org/eclipse/jetty/jetty-security/9.4.43.v20210629/jetty-security-9.4.43.v20210629.jar:/home/runner/.m2/repository/org/rocksdb/rocksdbjni/6.20.3/rocksdbjni-6.20.3.jar:/home/runner/.m2/repository/io/prometheus/simpleclient_dropwizard/0.7.0/simpleclient_dropwizard-0.7.0.jar:/home/runner/.m2/repository/io/prometheus/simpleclient/0.7.0/simpleclient-0.7.0.jar:/home/runner/.m2/repository/io/prometheus/simpleclient_common/0.7.0/simpleclient_common-0.7.0.jar:/home/runner/.m2/repository/com/fasterxml/jackson/datatype/jackson-datatype-jsr310/2.12.1/jackson-datatype-jsr310-2.12.1.jar:/home/runner/.m2/repository/org/apache/ozone/hdds-test-utils/1.2.0-SNAPSHOT/hdds-test-utils-1.2.0-SNAPSHOT.jar:/home/runner/.m2/repository/com/google/guava/guava/30.1.1-jre/guava-30.1.1-jre.jar:/home/runner/.m2/repository/com/google/guava/failureaccess/1.0.1/failureaccess-1.0.1.jar:/home/runner/.m2/repository/com/google/guava/listenablefuture/9999.0-empty-to-avoid-conflict-with-guava/listenablefuture-9999.0-empty-to-avoid-conflict-with-guava.jar:/home/runner/.m2/repository/com/google/code/findbugs/jsr305/3.0.0/jsr305-3.0.0.jar:/home/runner/.m2/repository/org/checkerframework/checker-qual/3.8.0/checker-qual-3.8.0.jar:/home/runner/.m2/repository/com/google/errorprone/error_prone_annotations/2.2.0/error_prone_annotations-2.2.0.jar:/home/runner/.m2/repository/com/google/j2objc/j2objc-annotations/1.3/j2objc-annotations-1.3.jar:/home/runner/.m2/repository/commons-io/commons-io/2.8.0/commons-io-2.8.0.jar:/home/runner/.m2/repository/commons-logging/commons-logging/1.2/commons-logging-1.2.jar:/home/runner/.m2/repository/log4j/log4j/1.2.17/log4j-1.2.17.jar:/home/runner/.m2/repository/org/slf4j/slf4j-api/1.7.30/slf4j-api-1.7.30.jar:/home/runner/.m2/repository/org/apache/ozone/hdds-server-scm/1.2.0-SNAPSHOT/hdds-server-scm-1.2.0-SNAPSHOT.jar:/home/runner/.m2/repository/org/apache/ozone/hdds-container-service/1.2.0-SNAPSHOT/hdds-container-service-1.2.0-SNAPSHOT.jar:/home/runner/.m2/repository/org/apache/ozone/hdds-hadoop-dependency-server/1.2.0-SNAPSHOT/hdds-hadoop-dependency-server-1.2.0-SNAPSHOT.jar:/home/runner/.m2/repository/org/apache/hadoop/hadoop-hdfs/3.3.1/hadoop-hdfs-3.3.1.jar:/home/runner/.m2/repository/io/dropwizard/metrics/metrics-core/3.2.4/metrics-core-3.2.4.jar:/home/runner/.m2/repository/org/apache/hadoop/hadoop-hdfs-client/3.3.1/hadoop-hdfs-client-3.3.1.jar:/home/runner/.m2/repository/org/bouncycastle/bcprov-jdk15on/1.67/bcprov-jdk15on-1.67.jar:/home/runner/.m2/repository/com/google/protobuf/protobuf-java/2.5.0/protobuf-java-2.5.0.jar:/home/runner/.m2/repository/org/apache/ozone/ozone-manager/1.2.0-SNAPSHOT/ozone-manager-1.2.0-SNAPSHOT.jar:/home/runner/.m2/repository/org/aspectj/aspectjrt/1.8.9/aspectjrt-1.8.9.jar:/home/runner/.m2/repository/org/aspectj/aspectjweaver/1.8.9/aspectjweaver-1.8.9.jar:/home/runner/.m2/repository/org/apache/ozone/hdds-interface-client/1.2.0-SNAPSHOT/hdds-interface-client-1.2.0-SNAPSHOT.jar:/home/runner/.m2/repository/org/apache/hadoop/thirdparty/hadoop-shaded-protobuf_3_7/1.1.1/hadoop-shaded-protobuf_3_7-1.1.1.jar:/home/runner/.m2/repository/org/apache/ozone/ozone-interface-storage/1.2.0-SNAPSHOT/ozone-interface-storage-1.2.0-SNAPSHOT.jar:/home/runner/.m2/repository/org/reflections/reflections/0.9.11/reflections-0.9.11.jar:/home/runner/.m2/repository/org/apache/hadoop/hadoop-minikdc/3.3.1/hadoop-minikdc-3.3.1.jar:/home/runner/.m2/repository/org/apache/kerby/kerb-simplekdc/1.0.1/kerb-simplekdc-1.0.1.jar:/home/runner/.m2/repository/org/apache/kerby/kerb-client/1.0.1/kerb-client-1.0.1.jar:/home/runner/.m2/repository/org/apache/kerby/kerby-config/1.0.1/kerby-config-1.0.1.jar:/home/runner/.m2/repository/org/apache/kerby/kerb-common/1.0.1/kerb-common-1.0.1.jar:/home/runner/.m2/repository/org/apache/kerby/kerb-crypto/1.0.1/kerb-crypto-1.0.1.jar:/home/runner/.m2/repository/org/apache/kerby/kerb-util/1.0.1/kerb-util-1.0.1.jar:/home/runner/.m2/repository/org/apache/kerby/token-provider/1.0.1/token-provider-1.0.1.jar:/home/runner/.m2/repository/org/apache/kerby/kerb-admin/1.0.1/kerb-admin-1.0.1.jar:/home/runner/.m2/repository/org/apache/kerby/kerb-server/1.0.1/kerb-server-1.0.1.jar:/home/runner/.m2/repository/org/apache/kerby/kerb-identity/1.0.1/kerb-identity-1.0.1.jar:/home/runner/.m2/repository/org/apache/kerby/kerby-xdr/1.0.1/kerby-xdr-1.0.1.jar:/home/runner/.m2/repository/org/slf4j/slf4j-log4j12/1.7.30/slf4j-log4j12-1.7.30.jar:/home/runner/.m2/repository/org/apache/ozone/ozone-s3gateway/1.2.0-SNAPSHOT/ozone-s3gateway-1.2.0-SNAPSHOT.jar:/home/runner/.m2/repository/org/javassist/javassist/3.21.0-GA/javassist-3.21.0-GA.jar:/home/runner/.m2/repository/org/jboss/weld/servlet/weld-servlet/2.4.7.Final/weld-servlet-2.4.7.Final.jar:/home/runner/.m2/repository/org/glassfish/jersey/containers/jersey-container-servlet-core/2.33/jersey-container-servlet-core-2.33.jar:/home/runner/.m2/repository/org/glassfish/hk2/external/jakarta.inject/2.6.1/jakarta.inject-2.6.1.jar:/home/runner/.m2/repository/org/glassfish/jersey/core/jersey-common/2.33/jersey-common-2.33.jar:/home/runner/.m2/repository/jakarta/ws/rs/jakarta.ws.rs-api/2.1.6/jakarta.ws.rs-api-2.1.6.jar:/home/runner/.m2/repository/org/glassfish/jersey/ext/cdi/jersey-cdi1x/2.33/jersey-cdi1x-2.33.jar:/home/runner/.m2/repository/org/glassfish/jersey/inject/jersey-hk2/2.33/jersey-hk2-2.33.jar:/home/runner/.m2/repository/org/glassfish/hk2/hk2-locator/2.6.1/hk2-locator-2.6.1.jar:/home/runner/.m2/repository/org/glassfish/jersey/media/jersey-media-jaxb/2.33/jersey-media-jaxb-2.33.jar:/home/runner/.m2/repository/org/glassfish/hk2/osgi-resource-locator/1.0.3/osgi-resource-locator-1.0.3.jar:/home/runner/.m2/repository/org/glassfish/hk2/hk2-api/2.5.0/hk2-api-2.5.0.jar:/home/runner/.m2/repository/org/glassfish/hk2/hk2-utils/2.5.0/hk2-utils-2.5.0.jar:/home/runner/.m2/repository/org/glassfish/hk2/external/aopalliance-repackaged/2.5.0/aopalliance-repackaged-2.5.0.jar:/home/runner/.m2/repository/com/fasterxml/jackson/dataformat/jackson-dataformat-xml/2.12.1/jackson-dataformat-xml-2.12.1.jar:/home/runner/.m2/repository/com/fasterxml/jackson/core/jackson-core/2.12.1/jackson-core-2.12.1.jar:/home/runner/.m2/repository/com/fasterxml/jackson/module/jackson-module-jaxb-annotations/2.12.1/jackson-module-jaxb-annotations-2.12.1.jar:/home/runner/.m2/repository/jakarta/xml/bind/jakarta.xml.bind-api/2.3.2/jakarta.xml.bind-api-2.3.2.jar:/home/runner/.m2/repository/org/codehaus/woodstox/stax2-api/3.1.4/stax2-api-3.1.4.jar:/home/runner/.m2/repository/com/fasterxml/woodstox/woodstox-core/5.0.3/woodstox-core-5.0.3.jar:/home/runner/.m2/repository/javax/enterprise/cdi-api/1.2/cdi-api-1.2.jar:/home/runner/.m2/repository/javax/el/javax.el-api/3.0.0/javax.el-api-3.0.0.jar:/home/runner/.m2/repository/javax/interceptor/javax.interceptor-api/1.2/javax.interceptor-api-1.2.jar:/home/runner/.m2/repository/javax/inject/javax.inject/1/javax.inject-1.jar:/home/runner/.m2/repository/javax/xml/bind/jaxb-api/2.3.0/jaxb-api-2.3.0.jar:/home/runner/.m2/repository/org/glassfish/jaxb/jaxb-runtime/2.3.0.1/jaxb-runtime-2.3.0.1.jar:/home/runner/.m2/repository/org/glassfish/jaxb/jaxb-core/2.3.0.1/jaxb-core-2.3.0.1.jar:/home/runner/.m2/repository/org/glassfish/jaxb/txw2/2.3.0.1/txw2-2.3.0.1.jar:/home/runner/.m2/repository/com/sun/istack/istack-commons-runtime/3.0.5/istack-commons-runtime-3.0.5.jar:/home/runner/.m2/repository/org/jvnet/staxex/stax-ex/1.7.8/stax-ex-1.7.8.jar:/home/runner/.m2/repository/com/sun/xml/fastinfoset/FastInfoset/1.2.13/FastInfoset-1.2.13.jar:/home/runner/.m2/repository/javax/activation/activation/1.1.1/activation-1.1.1.jar:/home/runner/.m2/repository/org/apache/ozone/ozone-csi/1.2.0-SNAPSHOT/ozone-csi-1.2.0-SNAPSHOT.jar:/home/runner/.m2/repository/com/google/protobuf/protobuf-java-util/3.12.0/protobuf-java-util-3.12.0.jar:/home/runner/.m2/repository/com/google/code/gson/gson/2.2.4/gson-2.2.4.jar:/home/runner/.m2/repository/org/apache/ozone/hdds-config/1.2.0-SNAPSHOT/hdds-config-1.2.0-SNAPSHOT.jar:/home/runner/.m2/repository/io/grpc/grpc-netty/1.33.0/grpc-netty-1.33.0.jar:/home/runner/.m2/repository/io/grpc/grpc-core/1.33.0/grpc-core-1.33.0.jar:/home/runner/.m2/repository/com/google/android/annotations/4.1.1.4/annotations-4.1.1.4.jar:/home/runner/.m2/repository/io/netty/netty-codec-http2/4.1.63.Final/netty-codec-http2-4.1.63.Final.jar:/home/runner/.m2/repository/io/netty/netty-codec-http/4.1.63.Final/netty-codec-http-4.1.63.Final.jar:/home/runner/.m2/repository/io/netty/netty-handler-proxy/4.1.63.Final/netty-handler-proxy-4.1.63.Final.jar:/home/runner/.m2/repository/io/netty/netty-codec-socks/4.1.63.Final/netty-codec-socks-4.1.63.Final.jar:/home/runner/.m2/repository/io/perfmark/perfmark-api/0.19.0/perfmark-api-0.19.0.jar:/home/runner/.m2/repository/org/codehaus/mojo/animal-sniffer-annotations/1.18/animal-sniffer-annotations-1.18.jar:/home/runner/.m2/repository/io/netty/netty-transport-native-epoll/4.1.63.Final/netty-transport-native-epoll-4.1.63.Final.jar:/home/runner/.m2/repository/io/netty/netty-common/4.1.63.Final/netty-common-4.1.63.Final.jar:/home/runner/.m2/repository/io/netty/netty-buffer/4.1.63.Final/netty-buffer-4.1.63.Final.jar:/home/runner/.m2/repository/io/netty/netty-transport-native-unix-common/4.1.63.Final/netty-transport-native-unix-common-4.1.63.Final.jar:/home/runner/.m2/repository/io/grpc/grpc-protobuf/1.33.0/grpc-protobuf-1.33.0.jar:/home/runner/.m2/repository/io/grpc/grpc-api/1.33.0/grpc-api-1.33.0.jar:/home/runner/.m2/repository/io/grpc/grpc-context/1.33.0/grpc-context-1.33.0.jar:/home/runner/.m2/repository/com/google/api/grpc/proto-google-common-protos/1.17.0/proto-google-common-protos-1.17.0.jar:/home/runner/.m2/repository/io/grpc/grpc-protobuf-lite/1.33.0/grpc-protobuf-lite-1.33.0.jar:/home/runner/.m2/repository/io/grpc/grpc-stub/1.33.0/grpc-stub-1.33.0.jar:/home/runner/.m2/repository/org/apache/ozone/ozone-recon/1.2.0-SNAPSHOT/ozone-recon-1.2.0-SNAPSHOT.jar:/home/runner/.m2/repository/org/apache/ozone/ozone-reconcodegen/1.2.0-SNAPSHOT/ozone-reconcodegen-1.2.0-SNAPSHOT.jar:/home/runner/.m2/repository/com/google/inject/extensions/guice-multibindings/4.0/guice-multibindings-4.0.jar:/home/runner/.m2/repository/com/google/inject/guice/4.0/guice-4.0.jar:/home/runner/.m2/repository/aopalliance/aopalliance/1.0/aopalliance-1.0.jar:/home/runner/.m2/repository/com/google/inject/extensions/guice-assistedinject/4.0/guice-assistedinject-4.0.jar:/home/runner/.m2/repository/com/google/inject/extensions/guice-servlet/4.0/guice-servlet-4.0.jar:/home/runner/.m2/repository/org/glassfish/jersey/containers/jersey-container-servlet/2.33/jersey-container-servlet-2.33.jar:/home/runner/.m2/repository/org/glassfish/hk2/guice-bridge/2.5.0/guice-bridge-2.5.0.jar:/home/runner/.m2/repository/org/glassfish/jersey/core/jersey-server/2.33/jersey-server-2.33.jar:/home/runner/.m2/repository/org/glassfish/jersey/core/jersey-client/2.33/jersey-client-2.33.jar:/home/runner/.m2/repository/jakarta/annotation/jakarta.annotation-api/1.3.5/jakarta.annotation-api-1.3.5.jar:/home/runner/.m2/repository/jakarta/validation/jakarta.validation-api/2.0.2/jakarta.validation-api-2.0.2.jar:/home/runner/.m2/repository/org/glassfish/jersey/media/jersey-media-json-jackson/2.33/jersey-media-json-jackson-2.33.jar:/home/runner/.m2/repository/org/glassfish/jersey/ext/jersey-entity-filtering/2.33/jersey-entity-filtering-2.33.jar:/home/runner/.m2/repository/org/jooq/jooq/3.11.10/jooq-3.11.10.jar:/home/runner/.m2/repository/org/jooq/jooq-meta/3.11.10/jooq-meta-3.11.10.jar:/home/runner/.m2/repository/org/jooq/jooq-codegen/3.11.10/jooq-codegen-3.11.10.jar:/home/runner/.m2/repository/com/jolbox/bonecp/0.8.0.RELEASE/bonecp-0.8.0.RELEASE.jar:/home/runner/.m2/repository/org/apache/derby/derby/10.14.2.0/derby-10.14.2.0.jar:/home/runner/.m2/repository/org/xerial/sqlite-jdbc/3.25.2/sqlite-jdbc-3.25.2.jar:/home/runner/.m2/repository/org/springframework/spring-jdbc/5.2.11.RELEASE/spring-jdbc-5.2.11.RELEASE.jar:/home/runner/.m2/repository/org/springframework/spring-beans/5.2.11.RELEASE/spring-beans-5.2.11.RELEASE.jar:/home/runner/.m2/repository/org/springframework/spring-core/5.2.11.RELEASE/spring-core-5.2.11.RELEASE.jar:/home/runner/.m2/repository/org/springframework/spring-jcl/5.2.11.RELEASE/spring-jcl-5.2.11.RELEASE.jar:/home/runner/.m2/repository/org/springframework/spring-tx/5.2.11.RELEASE/spring-tx-5.2.11.RELEASE.jar:/home/runner/.m2/repository/org/apache/ozone/ozone-client/1.2.0-SNAPSHOT/ozone-client-1.2.0-SNAPSHOT.jar:/home/runner/.m2/repository/org/apache/ozone/ozone-filesystem/1.2.0-SNAPSHOT/ozone-filesystem-1.2.0-SNAPSHOT.jar:/home/runner/.m2/repository/org/apache/ozone/ozone-filesystem-common/1.2.0-SNAPSHOT/ozone-filesystem-common-1.2.0-SNAPSHOT.jar:/home/runner/.m2/repository/org/apache/ozone/ozone-tools/1.2.0-SNAPSHOT/ozone-tools-1.2.0-SNAPSHOT.jar:/home/runner/.m2/repository/org/apache/ratis/ratis-tools/2.1.0-03f3b68-SNAPSHOT/ratis-tools-2.1.0-03f3b68-SNAPSHOT.jar:/home/runner/.m2/repository/com/amazonaws/aws-java-sdk-core/1.11.901/aws-java-sdk-core-1.11.901.jar:/home/runner/.m2/repository/org/apache/httpcomponents/httpclient/4.5.13/httpclient-4.5.13.jar:/home/runner/.m2/repository/org/apache/httpcomponents/httpcore/4.4.13/httpcore-4.4.13.jar:/home/runner/.m2/repository/software/amazon/ion/ion-java/1.0.2/ion-java-1.0.2.jar:/home/runner/.m2/repository/com/fasterxml/jackson/dataformat/jackson-dataformat-cbor/2.12.1/jackson-dataformat-cbor-2.12.1.jar:/home/runner/.m2/repository/joda-time/joda-time/2.8.1/joda-time-2.8.1.jar:/home/runner/.m2/repository/com/amazonaws/aws-java-sdk-s3/1.11.901/aws-java-sdk-s3-1.11.901.jar:/home/runner/.m2/repository/com/amazonaws/aws-java-sdk-kms/1.11.901/aws-java-sdk-kms-1.11.901.jar:/home/runner/.m2/repository/com/amazonaws/jmespath-java/1.11.901/jmespath-java-1.11.901.jar:/home/runner/.m2/repository/org/kohsuke/metainf-services/metainf-services/1.8/metainf-services-1.8.jar:/home/runner/.m2/repository/org/apache/ozone/hdds-tools/1.2.0-SNAPSHOT/hdds-tools-1.2.0-SNAPSHOT.jar:/home/runner/.m2/repository/commons-cli/commons-cli/1.2/commons-cli-1.2.jar:/home/runner/.m2/repository/org/apache/commons/commons-lang3/3.7/commons-lang3-3.7.jar:/home/runner/.m2/repository/org/apache/ozone/ozone-manager/1.2.0-SNAPSHOT/ozone-manager-1.2.0-SNAPSHOT-tests.jar:/home/runner/.m2/repository/org/apache/ozone/hdds-common/1.2.0-SNAPSHOT/hdds-common-1.2.0-SNAPSHOT-tests.jar:/home/runner/.m2/repository/org/apache/ozone/hdds-hadoop-dependency-client/1.2.0-SNAPSHOT/hdds-hadoop-dependency-client-1.2.0-SNAPSHOT.jar:/home/runner/.m2/repository/info/picocli/picocli/4.6.1/picocli-4.6.1.jar:/home/runner/.m2/repository/com/fasterxml/jackson/core/jackson-annotations/2.12.1/jackson-annotations-2.12.1.jar:/home/runner/.m2/repository/javax/annotation/javax.annotation-api/1.2/javax.annotation-api-1.2.jar:/home/runner/.m2/repository/org/apache/ratis/ratis-server/2.1.0-03f3b68-SNAPSHOT/ratis-server-2.1.0-03f3b68-SNAPSHOT.jar:/home/runner/.m2/repository/org/apache/ratis/ratis-client/2.1.0-03f3b68-SNAPSHOT/ratis-client-2.1.0-03f3b68-SNAPSHOT.jar:/home/runner/.m2/repository/org/apache/ratis/ratis-server-api/2.1.0-03f3b68-SNAPSHOT/ratis-server-api-2.1.0-03f3b68-SNAPSHOT.jar:/home/runner/.m2/repository/org/apache/ratis/ratis-metrics/2.1.0-03f3b68-SNAPSHOT/ratis-metrics-2.1.0-03f3b68-SNAPSHOT.jar:/home/runner/.m2/repository/org/apache/ratis/ratis-netty/2.1.0-03f3b68-SNAPSHOT/ratis-netty-2.1.0-03f3b68-SNAPSHOT.jar:/home/runner/.m2/repository/org/apache/ratis/ratis-grpc/2.1.0-03f3b68-SNAPSHOT/ratis-grpc-2.1.0-03f3b68-SNAPSHOT.jar:/home/runner/.m2/repository/org/apache/logging/log4j/log4j-api/2.13.3/log4j-api-2.13.3.jar:/home/runner/.m2/repository/org/apache/logging/log4j/log4j-core/2.13.3/log4j-core-2.13.3.jar:/home/runner/.m2/repository/com/lmax/disruptor/3.4.2/disruptor-3.4.2.jar:/home/runner/.m2/repository/org/apache/commons/commons-pool2/2.6.0/commons-pool2-2.6.0.jar:/home/runner/.m2/repository/org/bouncycastle/bcpkix-jdk15on/1.67/bcpkix-jdk15on-1.67.jar:/home/runner/.m2/repository/commons-validator/commons-validator/1.6/commons-validator-1.6.jar:/home/runner/.m2/repository/commons-beanutils/commons-beanutils/1.9.4/commons-beanutils-1.9.4.jar:/home/runner/.m2/repository/commons-digester/commons-digester/1.8.1/commons-digester-1.8.1.jar:/home/runner/.m2/repository/commons-collections/commons-collections/3.2.2/commons-collections-3.2.2.jar:/home/runner/.m2/repository/io/jaegertracing/jaeger-client/1.6.0/jaeger-client-1.6.0.jar:/home/runner/.m2/repository/io/jaegertracing/jaeger-thrift/1.6.0/jaeger-thrift-1.6.0.jar:/home/runner/.m2/repository/org/apache/thrift/libthrift/0.14.1/libthrift-0.14.1.jar:/home/runner/.m2/repository/com/squareup/okhttp3/okhttp/4.9.0/okhttp-4.9.0.jar:/home/runner/.m2/repository/com/squareup/okio/okio/2.8.0/okio-2.8.0.jar:/home/runner/.m2/repository/io/jaegertracing/jaeger-core/1.6.0/jaeger-core-1.6.0.jar:/home/runner/.m2/repository/io/jaegertracing/jaeger-tracerresolver/1.6.0/jaeger-tracerresolver-1.6.0.jar:/home/runner/.m2/repository/io/opentracing/contrib/opentracing-tracerresolver/0.1.8/opentracing-tracerresolver-0.1.8.jar:/home/runner/.m2/repository/org/jetbrains/kotlin/kotlin-stdlib/1.4.31/kotlin-stdlib-1.4.31.jar:/home/runner/.m2/repository/org/jetbrains/kotlin/kotlin-stdlib-common/1.4.31/kotlin-stdlib-common-1.4.31.jar:/home/runner/.m2/repository/org/jetbrains/annotations/13.0/annotations-13.0.jar:/home/runner/.m2/repository/io/opentracing/opentracing-util/0.33.0/opentracing-util-0.33.0.jar:/home/runner/.m2/repository/io/opentracing/opentracing-api/0.33.0/opentracing-api-0.33.0.jar:/home/runner/.m2/repository/io/opentracing/opentracing-noop/0.33.0/opentracing-noop-0.33.0.jar:/home/runner/.m2/repository/org/yaml/snakeyaml/1.26/snakeyaml-1.26.jar:/home/runner/.m2/repository/org/apache/ozone/hdds-interface-admin/1.2.0-SNAPSHOT/hdds-interface-admin-1.2.0-SNAPSHOT.jar:/home/runner/.m2/repository/junit/junit/4.13.1/junit-4.13.1.jar:/home/runner/.m2/repository/org/hamcrest/hamcrest-core/1.3/hamcrest-core-1.3.jar:/home/runner/.m2/repository/org/junit/jupiter/junit-jupiter-api/5.7.0/junit-jupiter-api-5.7.0.jar:/home/runner/.m2/repository/org/apiguardian/apiguardian-api/1.1.0/apiguardian-api-1.1.0.jar:/home/runner/.m2/repository/org/opentest4j/opentest4j/1.2.0/opentest4j-1.2.0.jar:/home/runner/.m2/repository/org/junit/platform/junit-platform-commons/1.7.0/junit-platform-commons-1.7.0.jar:/home/runner/.m2/repository/org/junit/jupiter/junit-jupiter-engine/5.7.0/junit-jupiter-engine-5.7.0.jar:/home/runner/.m2/repository/org/junit/platform/junit-platform-engine/1.7.0/junit-platform-engine-1.7.0.jar:/home/runner/.m2/repository/org/junit/vintage/junit-vintage-engine/5.7.0/junit-vintage-engine-5.7.0.jar:/home/runner/.m2/repository/org/junit/platform/junit-platform-launcher/1.7.0/junit-platform-launcher-1.7.0.jar:/home/runner/.m2/repository/org/openjdk/jmh/jmh-core/1.19/jmh-core-1.19.jar:/home/runner/.m2/repository/net/sf/jopt-simple/jopt-simple/4.6/jopt-simple-4.6.jar:/home/runner/.m2/repository/org/apache/commons/commons-math3/3.1.1/commons-math3-3.1.1.jar:/home/runner/.m2/repository/org/openjdk/jmh/jmh-generator-annprocess/1.19/jmh-generator-annprocess-1.19.jar:/home/runner/.m2/repository/org/mockito/mockito-core/2.28.2/mockito-core-2.28.2.jar:/home/runner/.m2/repository/net/bytebuddy/byte-buddy/1.9.10/byte-buddy-1.9.10.jar:/home/runner/.m2/repository/net/bytebuddy/byte-buddy-agent/1.9.10/byte-buddy-agent-1.9.10.jar:/home/runner/.m2/repository/org/objenesis/objenesis/1.0/objenesis-1.0.jar:/home/runner/.m2/repository/org/apache/hadoop/hadoop-kms/3.3.1/hadoop-kms-3.3.1.jar:/home/runner/.m2/repository/org/apache/hadoop/hadoop-auth/3.3.1/hadoop-auth-3.3.1.jar:/home/runner/.m2/repository/com/nimbusds/nimbus-jose-jwt/7.9/nimbus-jose-jwt-7.9.jar:/home/runner/.m2/repository/com/github/stephenc/jcip/jcip-annotations/1.0-1/jcip-annotations-1.0-1.jar:/home/runner/.m2/repository/net/minidev/json-smart/2.3/json-smart-2.3.jar:/home/runner/.m2/repository/net/minidev/accessors-smart/1.2/accessors-smart-1.2.jar:/home/runner/.m2/repository/org/ow2/asm/asm/5.0.4/asm-5.0.4.jar:/home/runner/.m2/repository/org/apache/zookeeper/zookeeper/3.5.6/zookeeper-3.5.6.jar:/home/runner/.m2/repository/org/apache/zookeeper/zookeeper-jute/3.5.6/zookeeper-jute-3.5.6.jar:/home/runner/.m2/repository/org/apache/yetus/audience-annotations/0.5.0/audience-annotations-0.5.0.jar:/home/runner/.m2/repository/org/apache/curator/curator-framework/4.2.0/curator-framework-4.2.0.jar:/home/runner/.m2/repository/org/apache/hadoop/thirdparty/hadoop-shaded-guava/1.1.1/hadoop-shaded-guava-1.1.1.jar:/home/runner/.m2/repository/com/sun/jersey/jersey-core/1.19/jersey-core-1.19.jar:/home/runner/.m2/repository/javax/ws/rs/jsr311-api/1.1.1/jsr311-api-1.1.1.jar:/home/runner/.m2/repository/com/sun/jersey/jersey-server/1.19/jersey-server-1.19.jar:/home/runner/.m2/repository/javax/servlet/javax.servlet-api/3.1.0/javax.servlet-api-3.1.0.jar:/home/runner/.m2/repository/org/eclipse/jetty/jetty-server/9.4.43.v20210629/jetty-server-9.4.43.v20210629.jar:/home/runner/.m2/repository/org/eclipse/jetty/jetty-http/9.4.43.v20210629/jetty-http-9.4.43.v20210629.jar:/home/runner/.m2/repository/org/eclipse/jetty/jetty-io/9.4.43.v20210629/jetty-io-9.4.43.v20210629.jar:/home/runner/.m2/repository/org/eclipse/jetty/jetty-webapp/9.4.43.v20210629/jetty-webapp-9.4.43.v20210629.jar:/home/runner/.m2/repository/org/eclipse/jetty/jetty-xml/9.4.43.v20210629/jetty-xml-9.4.43.v20210629.jar:/home/runner/.m2/repository/org/apache/hadoop/hadoop-common/3.3.1/hadoop-common-3.3.1.jar:/home/runner/.m2/repository/commons-net/commons-net/3.6/commons-net-3.6.jar:/home/runner/.m2/repository/jakarta/activation/jakarta.activation-api/1.2.1/jakarta.activation-api-1.2.1.jar:/home/runner/.m2/repository/com/sun/jersey/jersey-servlet/1.19/jersey-servlet-1.19.jar:/home/runner/.m2/repository/com/sun/jersey/jersey-json/1.19/jersey-json-1.19.jar:/home/runner/.m2/repository/org/codehaus/jettison/jettison/1.1/jettison-1.1.jar:/home/runner/.m2/repository/com/sun/xml/bind/jaxb-impl/2.2.3-1/jaxb-impl-2.2.3-1.jar:/home/runner/.m2/repository/org/codehaus/jackson/jackson-jaxrs/1.9.2/jackson-jaxrs-1.9.2.jar:/home/runner/.m2/repository/org/codehaus/jackson/jackson-xc/1.9.2/jackson-xc-1.9.2.jar:/home/runner/.m2/repository/org/apache/commons/commons-configuration2/2.1.1/commons-configuration2-2.1.1.jar:/home/runner/.m2/repository/org/apache/commons/commons-text/1.4/commons-text-1.4.jar:/home/runner/.m2/repository/com/google/re2j/re2j/1.1/re2j-1.1.jar:/home/runner/.m2/repository/com/jcraft/jsch/0.1.54/jsch-0.1.54.jar:/home/runner/.m2/repository/org/apache/curator/curator-client/4.2.0/curator-client-4.2.0.jar:/home/runner/.m2/repository/org/apache/curator/curator-recipes/4.2.0/curator-recipes-4.2.0.jar:/home/runner/.m2/repository/org/apache/kerby/kerb-core/1.0.1/kerb-core-1.0.1.jar:/home/runner/.m2/repository/org/apache/kerby/kerby-pkix/1.0.1/kerby-pkix-1.0.1.jar:/home/runner/.m2/repository/org/apache/kerby/kerby-asn1/1.0.1/kerby-asn1-1.0.1.jar:/home/runner/.m2/repository/org/apache/kerby/kerby-util/1.0.1/kerby-util-1.0.1.jar:/home/runner/.m2/repository/dnsjava/dnsjava/2.1.7/dnsjava-2.1.7.jar:/home/runner/.m2/repository/org/xerial/snappy/snappy-java/1.1.8.2/snappy-java-1.1.8.2.jar:/home/runner/.m2/repository/org/slf4j/jul-to-slf4j/1.7.30/jul-to-slf4j-1.7.30.jar:/home/runner/.m2/repository/org/eclipse/jetty/jetty-util/9.4.43.v20210629/jetty-util-9.4.43.v20210629.jar:/home/runner/.m2/repository/com/fasterxml/jackson/core/jackson-databind/2.12.1/jackson-databind-2.12.1.jar:/home/runner/.m2/repository/org/apache/hadoop/hadoop-kms/3.3.1/hadoop-kms-3.3.1-tests.jar:/home/runner/.m2/repository/org/apache/ozone/hdds-server-scm/1.2.0-SNAPSHOT/hdds-server-scm-1.2.0-SNAPSHOT-tests.jar:/home/runner/.m2/repository/org/apache/ozone/hdds-container-service/1.2.0-SNAPSHOT/hdds-container-service-1.2.0-SNAPSHOT-tests.jar:/home/runner/.m2/repository/commons-codec/commons-codec/1.11/commons-codec-1.11.jar:/home/runner/.m2/repository/io/netty/netty-transport/4.1.63.Final/netty-transport-4.1.63.Final.jar:/home/runner/.m2/repository/io/netty/netty-resolver/4.1.63.Final/netty-resolver-4.1.63.Final.jar:/home/runner/.m2/repository/io/netty/netty-codec/4.1.63.Final/netty-codec-4.1.63.Final.jar:/home/runner/.m2/repository/io/netty/netty-handler/4.1.63.Final/netty-handler-4.1.63.Final.jar:/home/runner/.m2/repository/org/apache/ozone/hdds-hadoop-dependency-test/1.2.0-SNAPSHOT/hdds-hadoop-dependency-test-1.2.0-SNAPSHOT.jar:/home/runner/.m2/repository/org/apache/hadoop/hadoop-common/3.3.1/hadoop-common-3.3.1-tests.jar:/home/runner/.m2/repository/org/assertj/assertj-core/3.12.2/assertj-core-3.12.2.jar:/home/runner/.m2/repository/org/apache/hadoop/hadoop-hdfs/3.3.1/hadoop-hdfs-3.3.1-tests.jar:/home/runner/.m2/repository/org/eclipse/jetty/jetty-util-ajax/9.4.43.v20210629/jetty-util-ajax-9.4.43.v20210629.jar:/home/runner/.m2/repository/commons-daemon/commons-daemon/1.0.13/commons-daemon-1.0.13.jar:/home/runner/.m2/repository/io/netty/netty/3.10.6.Final/netty-3.10.6.Final.jar:/home/runner/.m2/repository/io/netty/netty-all/4.1.63.Final/netty-all-4.1.63.Final.jar:/home/runner/.m2/repository/org/apache/htrace/htrace-core4/4.1.0-incubating/htrace-core4-4.1.0-incubating.jar:/home/runner/.m2/repository/org/fusesource/leveldbjni/leveldbjni-all/1.8/leveldbjni-all-1.8.jar:/home/runner/.m2/repository/org/apache/hadoop/hadoop-distcp/3.3.1/hadoop-distcp-3.3.1.jar:/home/runner/.m2/repository/org/apache/hadoop/hadoop-mapreduce-client-jobclient/3.3.1/hadoop-mapreduce-client-jobclient-3.3.1.jar:/home/runner/.m2/repository/org/apache/hadoop/hadoop-mapreduce-client-common/3.3.1/hadoop-mapreduce-client-common-3.3.1.jar:/home/runner/.m2/repository/org/apache/hadoop/hadoop-yarn-common/3.3.1/hadoop-yarn-common-3.3.1.jar:/home/runner/.m2/repository/org/apache/hadoop/hadoop-yarn-api/3.3.1/hadoop-yarn-api-3.3.1.jar:/home/runner/.m2/repository/com/sun/jersey/jersey-client/1.19/jersey-client-1.19.jar:/home/runner/.m2/repository/com/sun/jersey/contribs/jersey-guice/1.19/jersey-guice-1.19.jar:/home/runner/.m2/repository/com/fasterxml/jackson/jaxrs/jackson-jaxrs-json-provider/2.12.1/jackson-jaxrs-json-provider-2.12.1.jar:/home/runner/.m2/repository/com/fasterxml/jackson/jaxrs/jackson-jaxrs-base/2.12.1/jackson-jaxrs-base-2.12.1.jar:/home/runner/.m2/repository/org/apache/hadoop/hadoop-yarn-client/3.3.1/hadoop-yarn-client-3.3.1.jar:/home/runner/.m2/repository/org/eclipse/jetty/websocket/websocket-client/9.4.40.v20210413/websocket-client-9.4.40.v20210413.jar:/home/runner/.m2/repository/org/eclipse/jetty/jetty-client/9.4.40.v20210413/jetty-client-9.4.40.v20210413.jar:/home/runner/.m2/repository/org/eclipse/jetty/websocket/websocket-common/9.4.40.v20210413/websocket-common-9.4.40.v20210413.jar:/home/runner/.m2/repository/org/eclipse/jetty/websocket/websocket-api/9.4.40.v20210413/websocket-api-9.4.40.v20210413.jar:/home/runner/.m2/repository/org/jline/jline/3.9.0/jline-3.9.0.jar:/home/runner/.m2/repository/org/apache/hadoop/hadoop-mapreduce-client-core/3.3.1/hadoop-mapreduce-client-core-3.3.1.jar:/home/runner/.m2/repository/org/apache/avro/avro/1.7.7/avro-1.7.7.jar:/home/runner/.m2/repository/org/codehaus/jackson/jackson-core-asl/1.9.13/jackson-core-asl-1.9.13.jar:/home/runner/.m2/repository/org/codehaus/jackson/jackson-mapper-asl/1.9.13/jackson-mapper-asl-1.9.13.jar:/home/runner/.m2/repository/com/thoughtworks/paranamer/paranamer/2.3/paranamer-2.3.jar:/home/runner/.m2/repository/org/apache/hadoop/hadoop-annotations/3.3.1/hadoop-annotations-3.3.1.jar:/usr/lib/jvm/adoptopenjdk-8-hotspot-amd64/jre/../lib/tools.jar:/home/runner/.m2/repository/org/apache/hadoop/hadoop-distcp/3.3.1/hadoop-distcp-3.3.1-tests.jar:/home/runner/.m2/repository/org/apache/ratis/ratis-common/2.1.0-03f3b68-SNAPSHOT/ratis-common-2.1.0-03f3b68-SNAPSHOT.jar:/home/runner/.m2/repository/org/apache/ratis/ratis-thirdparty-misc/0.7.0/ratis-thirdparty-misc-0.7.0.jar:/home/runner/.m2/repository/org/apache/ratis/ratis-proto/2.1.0-03f3b68-SNAPSHOT/ratis-proto-2.1.0-03f3b68-SNAPSHOT.jar:"/>
    <property name="sun.cpu.endian" value="little"/>
    <property name="user.home" value="/home/runner"/>
    <property name="user.language" value="en"/>
    <property name="java.specification.vendor" value="Oracle Corporation"/>
    <property name="java.home" value="/usr/lib/jvm/adoptopenjdk-8-hotspot-amd64/jre"/>
    <property name="java.security.krb5.conf" value="/home/runner/work/ozone/ozone/hadoop-ozone/integration-test/target/test-classes/krb5.conf"/>
    <property name="basedir" value="/home/runner/work/ozone/ozone/hadoop-ozone/integration-test"/>
    <property name="file.separator" value="/"/>
    <property name="line.separator" value="&#10;"/>
    <property name="java.vm.specification.vendor" value="Oracle Corporation"/>
    <property name="java.specification.name" value="Java Platform API Specification"/>
    <property name="java.awt.graphicsenv" value="sun.awt.X11GraphicsEnvironment"/>
    <property name="skip.installnpx" value="true"/>
    <property name="surefire.real.class.path" value="/home/runner/work/ozone/ozone/hadoop-ozone/integration-test/target/surefire/surefirebooter500479995289981172.jar:/home/runner/.m2/repository/org/jacoco/org.jacoco.agent/0.8.5/org.jacoco.agent-0.8.5-runtime.jar"/>
    <property name="hadoop.log.dir" value="/home/runner/work/ozone/ozone/hadoop-ozone/integration-test/target/log"/>
    <property name="sun.boot.class.path" value="/usr/lib/jvm/adoptopenjdk-8-hotspot-amd64/jre/lib/resources.jar:/usr/lib/jvm/adoptopenjdk-8-hotspot-amd64/jre/lib/rt.jar:/usr/lib/jvm/adoptopenjdk-8-hotspot-amd64/jre/lib/sunrsasign.jar:/usr/lib/jvm/adoptopenjdk-8-hotspot-amd64/jre/lib/jsse.jar:/usr/lib/jvm/adoptopenjdk-8-hotspot-amd64/jre/lib/jce.jar:/usr/lib/jvm/adoptopenjdk-8-hotspot-amd64/jre/lib/charsets.jar:/usr/lib/jvm/adoptopenjdk-8-hotspot-amd64/jre/lib/jfr.jar:/usr/lib/jvm/adoptopenjdk-8-hotspot-amd64/jre/classes"/>
    <property name="sun.management.compiler" value="HotSpot 64-Bit Tiered Compilers"/>
    <property name="skip.npx" value="true"/>
    <property name="java.runtime.version" value="1.8.0_292-b10"/>
    <property name="java.net.preferIPv4Stack" value="true"/>
    <property name="user.name" value="runner"/>
    <property name="path.separator" value=":"/>
    <property name="java.security.egd" value="file:///dev/urandom"/>
    <property name="os.version" value="5.4.0-1055-azure"/>
    <property name="java.endorsed.dirs" value="/usr/lib/jvm/adoptopenjdk-8-hotspot-amd64/jre/lib/endorsed"/>
    <property name="java.runtime.name" value="OpenJDK Runtime Environment"/>
    <property name="file.encoding" value="UTF-8"/>
    <property name="java.vm.name" value="OpenJDK 64-Bit Server VM"/>
    <property name="test.build.webapps" value=""/>
    <property name="localRepository" value="/home/runner/.m2/repository"/>
    <property name="java.vendor.url.bug" value="https://github.com/AdoptOpenJDK/openjdk-support/issues"/>
    <property name="java.io.tmpdir" value="/tmp"/>
    <property name="require.test.libhadoop" value=""/>
    <property name="java.version" value="1.8.0_292"/>
    <property name="user.dir" value="/home/runner/work/ozone/ozone/hadoop-ozone/integration-test"/>
    <property name="os.arch" value="amd64"/>
    <property name="java.vm.specification.name" value="Java Virtual Machine Specification"/>
    <property name="test.build.classes" value="/home/runner/work/ozone/ozone/hadoop-ozone/integration-test/target/test-classes"/>
    <property name="java.awt.printerjob" value="sun.print.PSPrinterJob"/>
    <property name="sun.os.patch.level" value="unknown"/>
    <property name="hadoop.tmp.dir" value="/home/runner/work/ozone/ozone/hadoop-ozone/integration-test/target/tmp"/>
    <property name="java.library.path" value="/usr/java/packages/lib/amd64:/usr/lib64:/lib64:/lib:/usr/lib"/>
    <property name="java.vm.info" value="mixed mode"/>
    <property name="java.vendor" value="AdoptOpenJDK"/>
    <property name="java.vm.version" value="25.292-b10"/>
    <property name="java.ext.dirs" value="/usr/lib/jvm/adoptopenjdk-8-hotspot-amd64/jre/lib/ext:/usr/java/packages/lib/ext"/>
    <property name="sun.io.unicode.encoding" value="UnicodeLittle"/>
    <property name="java.class.version" value="52.0"/>
  </properties>
  <testcase name="testMultipartUpload" classname="org.apache.hadoop.ozone.om.TestOzoneManagerHAWithData" time="37.76"/>
  <testcase name="testOMRatisSnapshot" classname="org.apache.hadoop.ozone.om.TestOzoneManagerHAWithData" time="39.936"/>
  <testcase name="testFileOperationsWithRecursive" classname="org.apache.hadoop.ozone.om.TestOzoneManagerHAWithData" time="34.164"/>
  <testcase name="testMultipartUploadWithOneOmNodeDown" classname="org.apache.hadoop.ozone.om.TestOzoneManagerHAWithData" time="48.173">
    <error message="Could not determine or connect to OM Leader." type="java.io.IOException">java.io.IOException: Could not determine or connect to OM Leader.
	at org.apache.hadoop.ozone.om.protocolPB.Hadoop3OmTransport.submitRequest(Hadoop3OmTransport.java:96)
	at org.apache.hadoop.ozone.om.protocolPB.OzoneManagerProtocolClientSideTranslatorPB.submitRequest(OzoneManagerProtocolClientSideTranslatorPB.java:230)
	at org.apache.hadoop.ozone.om.protocolPB.OzoneManagerProtocolClientSideTranslatorPB.openKey(OzoneManagerProtocolClientSideTranslatorPB.java:604)
	at org.apache.hadoop.ozone.client.rpc.RpcClient.createMultipartKey(RpcClient.java:1046)
	at org.apache.hadoop.ozone.client.OzoneBucket.createMultipartKey(OzoneBucket.java:710)
	at org.apache.hadoop.ozone.om.TestOzoneManagerHAWithData.createMultipartKeyAndReadKey(TestOzoneManagerHAWithData.java:336)
	at org.apache.hadoop.ozone.om.TestOzoneManagerHAWithData.testMultipartUploadWithOneOmNodeDown(TestOzoneManagerHAWithData.java:277)
	at sun.reflect.NativeMethodAccessorImpl.invoke0(Native Method)
	at sun.reflect.NativeMethodAccessorImpl.invoke(NativeMethodAccessorImpl.java:62)
	at sun.reflect.DelegatingMethodAccessorImpl.invoke(DelegatingMethodAccessorImpl.java:43)
	at java.lang.reflect.Method.invoke(Method.java:498)
	at org.junit.runners.model.FrameworkMethod$1.runReflectiveCall(FrameworkMethod.java:59)
	at org.junit.internal.runners.model.ReflectiveCallable.run(ReflectiveCallable.java:12)
	at org.junit.runners.model.FrameworkMethod.invokeExplosively(FrameworkMethod.java:56)
	at org.junit.internal.runners.statements.InvokeMethod.evaluate(InvokeMethod.java:17)
	at org.junit.internal.runners.statements.RunBefores.evaluate(RunBefores.java:26)
	at org.junit.internal.runners.statements.RunAfters.evaluate(RunAfters.java:27)
	at org.junit.rules.ExpectedException$ExpectedExceptionStatement.evaluate(ExpectedException.java:258)
	at org.junit.internal.runners.statements.FailOnTimeout$CallableStatement.call(FailOnTimeout.java:288)
	at org.junit.internal.runners.statements.FailOnTimeout$CallableStatement.call(FailOnTimeout.java:282)
	at java.util.concurrent.FutureTask.run(FutureTask.java:266)
	at java.lang.Thread.run(Thread.java:748)
</error>
    <system-out><![CDATA[2021-08-28 05:53:19,006 [Time-limited test] WARN  server.ServerUtils (ServerUtils.java:getScmDbDir(148)) - ozone.scm.db.dirs is not configured. We recommend adding this setting. Falling back to ozone.metadata.dirs instead.
2021-08-28 05:53:19,030 [Time-limited test] INFO  ha.SCMHANodeDetails (SCMHANodeDetails.java:loadSCMHAConfig(157)) - ServiceID for StorageContainerManager is null
2021-08-28 05:53:19,030 [Time-limited test] INFO  ha.SCMHANodeDetails (SCMHANodeDetails.java:loadSCMHAConfig(162)) - ozone.scm.default.service.id is not defined, falling back to ozone.scm.service.ids to find serviceID for StorageContainerManager if it is HA enabled cluster
2021-08-28 05:53:19,031 [Time-limited test] WARN  server.ServerUtils (ServerUtils.java:getScmDbDir(148)) - ozone.scm.db.dirs is not configured. We recommend adding this setting. Falling back to ozone.metadata.dirs instead.
2021-08-28 05:53:19,031 [Time-limited test] INFO  upgrade.AbstractLayoutVersionManager (AbstractLayoutVersionManager.java:init(70)) - Initializing Layout version manager with metadata layout = SCM_HA (version = 2), software layout = SCM_HA (version = 2)
2021-08-28 05:53:19,088 [Time-limited test] INFO  reflections.Reflections (Reflections.java:scan(232)) - Reflections took 56 ms to scan 7 urls, producing 120 keys and 275 values 
2021-08-28 05:53:19,090 [Time-limited test] WARN  utils.HAUtils (HAUtils.java:getMetaDir(342)) - ozone.scm.db.dirs is not configured. We recommend adding this setting. Falling back to ozone.metadata.dirs instead.
2021-08-28 05:53:19,097 [Time-limited test] WARN  db.DBStoreBuilder (DBStoreBuilder.java:applyDBDefinition(145)) - ozone.scm.db.dirs is not configured. We recommend adding this setting. Falling back to ozone.metadata.dirs instead.
2021-08-28 05:53:19,104 [EndpointStateMachine task thread for /0.0.0.0:46013 - 0 ] INFO  ipc.Client (Client.java:handleConnectionFailure(977)) - Retrying connect to server: 0.0.0.0/0.0.0.0:46013. Already tried 13 time(s); retry policy is RetryUpToMaximumCountWithFixedSleep(maxRetries=15, sleepTime=1000 MILLISECONDS)
2021-08-28 05:53:19,259 [Time-limited test] INFO  net.NodeSchemaLoader (NodeSchemaLoader.java:loadSchemaFromFile(129)) - Loading schema from [jar:file:/home/runner/.m2/repository/org/apache/ozone/hdds-common/1.2.0-SNAPSHOT/hdds-common-1.2.0-SNAPSHOT.jar!/network-topology-default.xml]
2021-08-28 05:53:19,260 [Time-limited test] INFO  net.NodeSchemaLoader (NodeSchemaLoader.java:loadSchema(176)) - Loading network topology layer schema file
2021-08-28 05:53:19,264 [Time-limited test] INFO  ha.SequenceIdGenerator (SequenceIdGenerator.java:upgradeToSequenceId(327)) - upgrade localId to 107544261427200000
2021-08-28 05:53:19,264 [Time-limited test] INFO  ha.SequenceIdGenerator (SequenceIdGenerator.java:upgradeToSequenceId(337)) - upgrade delTxnId to 0
2021-08-28 05:53:19,265 [Time-limited test] INFO  ha.SequenceIdGenerator (SequenceIdGenerator.java:upgradeToSequenceId(351)) - upgrade containerId to 0
2021-08-28 05:53:19,265 [Time-limited test] INFO  ha.SequenceIdGenerator (SequenceIdGenerator.java:<init>(217)) - Init the HA SequenceIdGenerator.
2021-08-28 05:53:19,266 [Time-limited test] WARN  server.ServerUtils (ServerUtils.java:sanitizeUserArgs(73)) - ozone.scm.stale.node.interval value = 300000 is larger than max = 100000 based on the key value of ozone.scm.heartbeat.thread.interval, reset to the max value 100000.
2021-08-28 05:53:19,266 [Time-limited test] WARN  server.ServerUtils (ServerUtils.java:sanitizeUserArgs(73)) - ozone.scm.stale.node.interval value = 300000 is larger than max = 100000 based on the key value of ozone.scm.heartbeat.thread.interval, reset to the max value 100000.
2021-08-28 05:53:19,271 [Time-limited test] INFO  node.SCMNodeManager (SCMNodeManager.java:<init>(145)) - Entering startup safe mode.
2021-08-28 05:53:19,276 [Time-limited test] INFO  algorithms.ContainerPlacementPolicyFactory (ContainerPlacementPolicyFactory.java:getPolicy(60)) - Create container placement policy of type org.apache.hadoop.hdds.scm.container.placement.algorithms.SCMContainerPlacementRandom
2021-08-28 05:53:19,276 [Time-limited test] INFO  pipeline.PipelineStateManager (PipelineStateManagerV2Impl.java:initialize(78)) - No pipeline exists in current db
2021-08-28 05:53:19,277 [Time-limited test] INFO  algorithms.LeaderChoosePolicyFactory (LeaderChoosePolicyFactory.java:getPolicy(57)) - Create leader choose policy of type org.apache.hadoop.hdds.scm.pipeline.leader.choose.algorithms.MinLeaderCountChoosePolicy
2021-08-28 05:53:19,277 [Time-limited test] INFO  ha.SCMServiceManager (SCMServiceManager.java:register(43)) - Registering service BackgroundPipelineCreator.
2021-08-28 05:53:19,277 [Time-limited test] INFO  pipeline.BackgroundPipelineCreator (BackgroundPipelineCreatorV2.java:start(130)) - Starting RatisPipelineUtilsThread.
2021-08-28 05:53:19,279 [Time-limited test] INFO  algorithms.PipelineChoosePolicyFactory (PipelineChoosePolicyFactory.java:createPipelineChoosePolicyFromClass(73)) - Create pipeline choose policy of type org.apache.hadoop.hdds.scm.pipeline.choose.algorithms.RandomPipelineChoosePolicy
2021-08-28 05:53:19,281 [Time-limited test] INFO  ha.SCMServiceManager (SCMServiceManager.java:register(43)) - Registering service SCMBlockDeletingService.
2021-08-28 05:53:19,281 [Time-limited test] INFO  ha.SCMServiceManager (SCMServiceManager.java:register(43)) - Registering service ReplicationManager.
2021-08-28 05:53:19,281 [Time-limited test] INFO  container.ReplicationManager (ReplicationManager.java:start(307)) - Starting Replication Monitor Thread.
2021-08-28 05:53:19,282 [Time-limited test] INFO  safemode.ContainerSafeModeRule (ContainerSafeModeRule.java:<init>(89)) - containers with one replica threshold count 0
2021-08-28 05:53:19,283 [Time-limited test] INFO  safemode.HealthyPipelineSafeModeRule (HealthyPipelineSafeModeRule.java:initializeRule(156)) - Total pipeline count is 0, healthy pipeline threshold count is 1
2021-08-28 05:53:19,283 [Time-limited test] INFO  safemode.OneReplicaPipelineSafeModeRule (OneReplicaPipelineSafeModeRule.java:initializeRule(180)) - Total pipeline count is 0, pipeline's with at least one datanode reported threshold count is 0
2021-08-28 05:53:19,284 [Time-limited test] INFO  ipc.CallQueueManager (CallQueueManager.java:<init>(90)) - Using callQueue: class java.util.concurrent.LinkedBlockingQueue, queueCapacity: 2000, scheduler: class org.apache.hadoop.ipc.DefaultRpcScheduler, ipcBackoff: false.
2021-08-28 05:53:19,284 [Socket Reader #1 for port 0] INFO  ipc.Server (Server.java:run(1265)) - Starting Socket Reader #1 for port 0
2021-08-28 05:53:19,285 [Listener at 0.0.0.0/35205] INFO  ipc.CallQueueManager (CallQueueManager.java:<init>(90)) - Using callQueue: class java.util.concurrent.LinkedBlockingQueue, queueCapacity: 2000, scheduler: class org.apache.hadoop.ipc.DefaultRpcScheduler, ipcBackoff: false.
2021-08-28 05:53:19,285 [Socket Reader #1 for port 0] INFO  ipc.Server (Server.java:run(1265)) - Starting Socket Reader #1 for port 0
2021-08-28 05:53:19,286 [Listener at 0.0.0.0/39133] INFO  ipc.CallQueueManager (CallQueueManager.java:<init>(90)) - Using callQueue: class java.util.concurrent.LinkedBlockingQueue, queueCapacity: 2000, scheduler: class org.apache.hadoop.ipc.DefaultRpcScheduler, ipcBackoff: false.
2021-08-28 05:53:19,294 [Socket Reader #1 for port 0] INFO  ipc.Server (Server.java:run(1265)) - Starting Socket Reader #1 for port 0
2021-08-28 05:53:19,303 [EndpointStateMachine task thread for /0.0.0.0:36115 - 0 ] INFO  ipc.Client (Client.java:handleConnectionFailure(977)) - Retrying connect to server: 0.0.0.0/0.0.0.0:36115. Already tried 14 time(s); retry policy is RetryUpToMaximumCountWithFixedSleep(maxRetries=15, sleepTime=1000 MILLISECONDS)
2021-08-28 05:53:19,310 [ReplicationMonitor] INFO  container.ReplicationManager (ReplicationManager.java:processAll(359)) - Replication Monitor Thread took 0 milliseconds for processing 0 containers.
2021-08-28 05:53:19,365 [Listener at 0.0.0.0/39217] INFO  algorithms.ContainerPlacementPolicyFactory (ContainerPlacementPolicyFactory.java:getPolicy(60)) - Create container placement policy of type org.apache.hadoop.hdds.scm.container.placement.algorithms.SCMContainerPlacementRandom
2021-08-28 05:53:19,365 [Listener at 0.0.0.0/39217] INFO  server.StorageContainerManager (StorageContainerManager.java:<init>(387)) - 
Container Balancer status:
Key                            Value
Running                        false
Container Balancer Configuration values:
Key                                                Value
Threshold                                          0.1
Max Datanodes to Involve per Iteration(ratio)      0.5
Max Size to Move per Iteration                     10737418240B

2021-08-28 05:53:19,365 [Listener at 0.0.0.0/39217] WARN  events.EventQueue (EventQueue.java:fireEvent(194)) - No event handler registered for event TypedEvent{payloadType=SafeModeStatus, name='Safe mode status'}
2021-08-28 05:53:19,365 [Listener at 0.0.0.0/39217] INFO  ha.SCMContext (SCMContext.java:updateSafeModeStatus(205)) - Update SafeModeStatus from SafeModeStatus{safeModeStatus=true, preCheckPassed=false} to SafeModeStatus{safeModeStatus=true, preCheckPassed=false}.
2021-08-28 05:53:19,365 [Listener at 0.0.0.0/39217] INFO  server.StorageContainerManager (StorageContainerManager.java:start(1255)) - StorageContainerLocationProtocol RPC server is listening at /0.0.0.0:39217
2021-08-28 05:53:19,370 [Listener at 0.0.0.0/39217] WARN  impl.MetricsConfig (MetricsConfig.java:loadFirst(136)) - Cannot locate configuration: tried hadoop-metrics2-storagecontainermanager.properties,hadoop-metrics2.properties
2021-08-28 05:53:19,372 [Listener at 0.0.0.0/39217] INFO  impl.MetricsSystemImpl (MetricsSystemImpl.java:startTimer(378)) - Scheduled Metric snapshot period at 10 second(s).
2021-08-28 05:53:19,372 [Listener at 0.0.0.0/39217] INFO  impl.MetricsSystemImpl (MetricsSystemImpl.java:start(191)) - StorageContainerManager metrics system started
2021-08-28 05:53:19,474 [Listener at 0.0.0.0/39217] INFO  impl.MetricsSinkAdapter (MetricsSinkAdapter.java:start(204)) - Sink prometheus started
2021-08-28 05:53:19,474 [Listener at 0.0.0.0/39217] INFO  impl.MetricsSystemImpl (MetricsSystemImpl.java:registerSink(305)) - Registered sink prometheus
2021-08-28 05:53:19,497 [Listener at 0.0.0.0/39217] WARN  impl.MetricRegistriesImpl (MetricRegistriesImpl.java:addReporterRegistration(111)) - New reporters are added after registries were created. Some metrics will be missing from the reporter. Please add reporter before adding any new registry.
2021-08-28 05:53:19,509 [Listener at 0.0.0.0/39217] WARN  impl.MetricRegistriesImpl (MetricRegistriesImpl.java:addReporterRegistration(111)) - New reporters are added after registries were created. Some metrics will be missing from the reporter. Please add reporter before adding any new registry.
2021-08-28 05:53:19,515 [Listener at 0.0.0.0/39217] INFO  server.SCMClientProtocolServer (SCMClientProtocolServer.java:start(164)) - RPC server for Client  is listening at /0.0.0.0:39217
2021-08-28 05:53:19,516 [IPC Server Responder] INFO  ipc.Server (Server.java:run(1507)) - IPC Server Responder: starting
2021-08-28 05:53:19,522 [IPC Server listener on 0] INFO  ipc.Server (Server.java:run(1344)) - IPC Server listener on 0: starting
2021-08-28 05:53:19,536 [Listener at 0.0.0.0/39217] INFO  server.StorageContainerManager (StorageContainerManager.java:start(1272)) - ScmBlockLocationProtocol RPC server is listening at /0.0.0.0:39133
2021-08-28 05:53:19,537 [Listener at 0.0.0.0/39217] INFO  server.SCMBlockProtocolServer (SCMBlockProtocolServer.java:start(151)) - RPC server for Block Protocol is listening at /0.0.0.0:39133
2021-08-28 05:53:19,537 [IPC Server Responder] INFO  ipc.Server (Server.java:run(1507)) - IPC Server Responder: starting
2021-08-28 05:53:19,537 [IPC Server listener on 0] INFO  ipc.Server (Server.java:run(1344)) - IPC Server listener on 0: starting
2021-08-28 05:53:19,549 [Listener at 0.0.0.0/39217] INFO  server.StorageContainerManager (StorageContainerManager.java:start(1278)) - ScmDatanodeProtocl RPC server is listening at /0.0.0.0:35205
2021-08-28 05:53:19,549 [Listener at 0.0.0.0/39217] INFO  server.SCMDatanodeProtocolServer (SCMDatanodeProtocolServer.java:start(181)) - RPC server for DataNodes is listening at /0.0.0.0:35205
2021-08-28 05:53:19,549 [IPC Server Responder] INFO  ipc.Server (Server.java:run(1507)) - IPC Server Responder: starting
2021-08-28 05:53:19,549 [IPC Server listener on 0] INFO  ipc.Server (Server.java:run(1344)) - IPC Server listener on 0: starting
2021-08-28 05:53:19,557 [Listener at 0.0.0.0/39217] INFO  http.BaseHttpServer (BaseHttpServer.java:newHttpServer2BuilderForOzone(209)) - Starting Web-server for scm at: http://0.0.0.0:0
2021-08-28 05:53:19,557 [Listener at 0.0.0.0/39217] INFO  http.BaseHttpServer (BaseHttpServer.java:<init>(107)) - Hadoop Security Enabled: false Ozone Security Enabled: false Ozone HTTP Security Enabled: false 
2021-08-28 05:53:19,572 [Listener at 0.0.0.0/39217] INFO  server.AuthenticationFilter (AuthenticationFilter.java:constructSecretProvider(240)) - Unable to initialize FileSignerSecretProvider, falling back to use random secrets.
2021-08-28 05:53:19,574 [org.apache.hadoop.util.JvmPauseMonitor$Monitor@1d739467] INFO  util.JvmPauseMonitor (JvmPauseMonitor.java:run(188)) - Starting JVM pause monitor
2021-08-28 05:53:19,574 [Listener at 0.0.0.0/39217] WARN  http.HttpRequestLog (HttpRequestLog.java:getRequestLog(103)) - Jetty request log can only be enabled using Log4j
2021-08-28 05:53:19,575 [Listener at 0.0.0.0/39217] INFO  http.HttpServer2 (HttpServer2.java:addGlobalFilter(1030)) - Added global filter 'safety' (class=org.apache.hadoop.hdds.server.http.HttpServer2$QuotingInputFilter)
2021-08-28 05:53:19,576 [Listener at 0.0.0.0/39217] INFO  http.HttpServer2 (HttpServer2.java:addFilter(1006)) - Added filter static_user_filter (class=org.apache.hadoop.http.lib.StaticUserWebFilter$StaticUserFilter) to context scm
2021-08-28 05:53:19,576 [Listener at 0.0.0.0/39217] INFO  http.HttpServer2 (HttpServer2.java:addFilter(1014)) - Added filter static_user_filter (class=org.apache.hadoop.http.lib.StaticUserWebFilter$StaticUserFilter) to context logs
2021-08-28 05:53:19,576 [Listener at 0.0.0.0/39217] INFO  http.HttpServer2 (HttpServer2.java:addFilter(1014)) - Added filter static_user_filter (class=org.apache.hadoop.http.lib.StaticUserWebFilter$StaticUserFilter) to context static
2021-08-28 05:53:19,576 [Listener at 0.0.0.0/39217] INFO  http.HttpServer2 (HttpServer2.java:bindListener(1249)) - Jetty bound to port 36525
2021-08-28 05:53:19,576 [Listener at 0.0.0.0/39217] INFO  server.Server (Server.java:doStart(375)) - jetty-9.4.43.v20210629; built: 2021-06-30T11:07:22.254Z; git: 526006ecfa3af7f1a27ef3a288e2bef7ea9dd7e8; jvm 1.8.0_292-b10
2021-08-28 05:53:19,580 [Listener at 0.0.0.0/39217] INFO  server.session (DefaultSessionIdManager.java:doStart(334)) - DefaultSessionIdManager workerName=node0
2021-08-28 05:53:19,580 [Listener at 0.0.0.0/39217] INFO  server.session (DefaultSessionIdManager.java:doStart(339)) - No SessionScavenger set, using defaults
2021-08-28 05:53:19,580 [Listener at 0.0.0.0/39217] INFO  server.session (HouseKeeper.java:startScavenging(132)) - node0 Scavenging every 660000ms
2021-08-28 05:53:19,581 [Listener at 0.0.0.0/39217] INFO  handler.ContextHandler (ContextHandler.java:doStart(915)) - Started o.e.j.s.ServletContextHandler@5b26164c{logs,/logs,file:///home/runner/work/ozone/ozone/hadoop-ozone/integration-test/target/log,AVAILABLE}
2021-08-28 05:53:19,581 [Listener at 0.0.0.0/39217] INFO  handler.ContextHandler (ContextHandler.java:doStart(915)) - Started o.e.j.s.ServletContextHandler@687b8707{static,/static,file:///home/runner/work/ozone/ozone/hadoop-ozone/integration-test/target/test-classes/webapps/static,AVAILABLE}
2021-08-28 05:53:19,590 [Listener at 0.0.0.0/39217] INFO  handler.ContextHandler (ContextHandler.java:doStart(915)) - Started o.e.j.w.WebAppContext@61be5a6d{scm,/,file:///home/runner/work/ozone/ozone/hadoop-ozone/integration-test/target/test-classes/webapps/scm/,AVAILABLE}{file:/home/runner/work/ozone/ozone/hadoop-ozone/integration-test/target/test-classes/webapps/scm}
2021-08-28 05:53:19,593 [Listener at 0.0.0.0/39217] INFO  server.AbstractConnector (AbstractConnector.java:doStart(331)) - Started ServerConnector@612298e8{HTTP/1.1, (http/1.1)}{0.0.0.0:36525}
2021-08-28 05:53:19,593 [Listener at 0.0.0.0/39217] INFO  server.Server (Server.java:doStart(415)) - Started @113642ms
2021-08-28 05:53:19,593 [Listener at 0.0.0.0/39217] WARN  impl.MetricsSystemImpl (MetricsSystemImpl.java:register(279)) - Sink prometheus already exists!
2021-08-28 05:53:19,594 [Listener at 0.0.0.0/39217] INFO  http.BaseHttpServer (BaseHttpServer.java:updateConnectorAddress(329)) - HTTP server of scm listening at http://0.0.0.0:36525
2021-08-28 05:53:19,594 [Listener at 0.0.0.0/39217] INFO  ha.OMHANodeDetails (OMHANodeDetails.java:loadOMHAConfig(118)) - ServiceID for OzoneManager is om-service-test1
2021-08-28 05:53:19,595 [Listener at 0.0.0.0/39217] INFO  ha.OMHANodeDetails (OMHANodeDetails.java:loadOMHAConfig(194)) - Found matching OM address with OMServiceId: om-service-test1, OMNodeId: omNode-1, RPC Address: localhost:11524 and Ratis port: 11528
2021-08-28 05:53:19,595 [Listener at 0.0.0.0/39217] INFO  ha.OMHANodeDetails (ConfUtils.java:setNodeSpecificConfigs(108)) - Setting configuration key ozone.om.http-address with value of key ozone.om.http-address.om-service-test1.omNode-1: 127.0.0.1:11526
2021-08-28 05:53:19,595 [Listener at 0.0.0.0/39217] INFO  ha.OMHANodeDetails (ConfUtils.java:setNodeSpecificConfigs(108)) - Setting configuration key ozone.om.https-address with value of key ozone.om.https-address.om-service-test1.omNode-1: 127.0.0.1:11527
2021-08-28 05:53:19,607 [Listener at 0.0.0.0/39217] INFO  ha.OMHANodeDetails (ConfUtils.java:setNodeSpecificConfigs(108)) - Setting configuration key ozone.om.address with value of key ozone.om.address.om-service-test1.omNode-1: 127.0.0.1:11524
2021-08-28 05:53:19,607 [Listener at 0.0.0.0/39217] WARN  server.ServerUtils (ServerUtils.java:getDBPath(225)) - ozone.om.db.dirs is not configured. We recommend adding this setting. Falling back to ozone.metadata.dirs instead.
OM initialization succeeded.Current cluster id for sd=/home/runner/work/ozone/ozone/hadoop-ozone/integration-test/target/test-dir/MiniOzoneClusterImpl-4114dceb-4d54-4a06-811c-48a2541ee5b4/omNode-1/om;cid=4114dceb-4d54-4a06-811c-48a2541ee5b4;layoutVersion=0
2021-08-28 05:53:19,667 [Listener at 0.0.0.0/39217] INFO  ha.OMHANodeDetails (OMHANodeDetails.java:loadOMHAConfig(118)) - ServiceID for OzoneManager is om-service-test1
2021-08-28 05:53:19,667 [Listener at 0.0.0.0/39217] INFO  ha.OMHANodeDetails (OMHANodeDetails.java:loadOMHAConfig(194)) - Found matching OM address with OMServiceId: om-service-test1, OMNodeId: omNode-1, RPC Address: localhost:11524 and Ratis port: 11528
2021-08-28 05:53:19,667 [Listener at 0.0.0.0/39217] INFO  ha.OMHANodeDetails (ConfUtils.java:setNodeSpecificConfigs(108)) - Setting configuration key ozone.om.http-address with value of key ozone.om.http-address.om-service-test1.omNode-1: 127.0.0.1:11526
2021-08-28 05:53:19,667 [Listener at 0.0.0.0/39217] INFO  ha.OMHANodeDetails (ConfUtils.java:setNodeSpecificConfigs(108)) - Setting configuration key ozone.om.https-address with value of key ozone.om.https-address.om-service-test1.omNode-1: 127.0.0.1:11527
2021-08-28 05:53:19,667 [Listener at 0.0.0.0/39217] INFO  ha.OMHANodeDetails (ConfUtils.java:setNodeSpecificConfigs(108)) - Setting configuration key ozone.om.address with value of key ozone.om.address.om-service-test1.omNode-1: 127.0.0.1:11524
2021-08-28 05:53:19,668 [Listener at 0.0.0.0/39217] WARN  server.ServerUtils (ServerUtils.java:getDBPath(225)) - ozone.om.db.dirs is not configured. We recommend adding this setting. Falling back to ozone.metadata.dirs instead.
2021-08-28 05:53:19,668 [Listener at 0.0.0.0/39217] INFO  upgrade.AbstractLayoutVersionManager (AbstractLayoutVersionManager.java:init(70)) - Initializing Layout version manager with metadata layout = INITIAL_VERSION (version = 0), software layout = INITIAL_VERSION (version = 0)
2021-08-28 05:53:19,744 [Listener at 0.0.0.0/39217] INFO  reflections.Reflections (Reflections.java:scan(232)) - Reflections took 75 ms to scan 2 urls, producing 131 keys and 342 values [using 2 cores]
2021-08-28 05:53:19,744 [Listener at 0.0.0.0/39217] INFO  upgrade.OMLayoutVersionManager (OMLayoutVersionManager.java:lambda$0(116)) - Skipping Upgrade Action MockOmUpgradeAction since it has been finalized.
2021-08-28 05:53:19,745 [Listener at 0.0.0.0/39217] WARN  server.ServerUtils (ServerUtils.java:getDBPath(225)) - ozone.om.db.dirs is not configured. We recommend adding this setting. Falling back to ozone.metadata.dirs instead.
2021-08-28 05:53:19,772 [Listener at 0.0.0.0/39217] WARN  server.ServerUtils (ServerUtils.java:getDBPath(225)) - ozone.om.db.dirs is not configured. We recommend adding this setting. Falling back to ozone.metadata.dirs instead.
2021-08-28 05:53:19,773 [Listener at 0.0.0.0/39217] INFO  codec.OmKeyInfoCodec (OmKeyInfoCodec.java:<init>(51)) - OmKeyInfoCodec ignorePipeline = true
2021-08-28 05:53:19,773 [Listener at 0.0.0.0/39217] INFO  codec.RepeatedOmKeyInfoCodec (RepeatedOmKeyInfoCodec.java:<init>(42)) - RepeatedOmKeyInfoCodec ignorePipeline = true
2021-08-28 05:53:19,897 [EndpointStateMachine task thread for /0.0.0.0:43701 - 0 ] INFO  ipc.Client (Client.java:handleConnectionFailure(977)) - Retrying connect to server: 0.0.0.0/0.0.0.0:43701. Already tried 4 time(s); retry policy is RetryUpToMaximumCountWithFixedSleep(maxRetries=15, sleepTime=1000 MILLISECONDS)
2021-08-28 05:53:19,978 [Listener at 0.0.0.0/39217] INFO  om.OzoneManager (OzoneManager.java:addS3GVolumeToDB(4115)) - Created Volume s3v With Owner runner required for S3Gateway operations.
2021-08-28 05:53:19,978 [Listener at 0.0.0.0/39217] WARN  server.ServerUtils (ServerUtils.java:getDefaultRatisDirectory(237)) - Storage directory for Ratis is not configured. It is a good idea to map this to an SSD disk. Falling back to ozone.metadata.dirs
2021-08-28 05:53:19,978 [Listener at 0.0.0.0/39217] WARN  utils.OzoneManagerRatisUtils (OzoneManagerRatisUtils.java:getOMRatisSnapshotDirectory(391)) - ozone.om.ratis.snapshot.dir is not configured. Falling back to ozone.metadata.dirs config
2021-08-28 05:53:19,979 [Listener at 0.0.0.0/39217] INFO  snapshot.OzoneManagerSnapshotProvider (OzoneManagerSnapshotProvider.java:<init>(76)) - Initializing OM Snapshot Provider
2021-08-28 05:53:19,980 [Listener at 0.0.0.0/39217] WARN  impl.MetricRegistriesImpl (MetricRegistriesImpl.java:addReporterRegistration(111)) - New reporters are added after registries were created. Some metrics will be missing from the reporter. Please add reporter before adding any new registry.
2021-08-28 05:53:19,980 [Listener at 0.0.0.0/39217] WARN  impl.MetricRegistriesImpl (MetricRegistriesImpl.java:addReporterRegistration(111)) - New reporters are added after registries were created. Some metrics will be missing from the reporter. Please add reporter before adding any new registry.
2021-08-28 05:53:19,980 [Listener at 0.0.0.0/39217] WARN  server.ServerUtils (ServerUtils.java:getDefaultRatisDirectory(237)) - Storage directory for Ratis is not configured. It is a good idea to map this to an SSD disk. Falling back to ozone.metadata.dirs
2021-08-28 05:53:19,981 [Listener at 0.0.0.0/39217] INFO  ratis.OzoneManagerRatisServer (OzoneManagerRatisServer.java:<init>(158)) - Instantiating OM Ratis server with groupID: om-service-test1 and peers: localhost:11528, localhost:11540, localhost:11534
2021-08-28 05:53:19,981 [Listener at 0.0.0.0/39217] INFO  ratis.OzoneManagerStateMachine (OzoneManagerStateMachine.java:loadSnapshotInfoFromDB(605)) - LastAppliedIndex is set from TransactionInfo from OM DB as (t:0, i:~)
2021-08-28 05:53:19,992 [Listener at 0.0.0.0/39217] INFO  server.RaftServer (ConfUtils.java:logGet(44)) - raft.rpc.type = GRPC (default)
2021-08-28 05:53:19,993 [Listener at 0.0.0.0/39217] INFO  grpc.GrpcFactory (GrpcFactory.java:checkPooledByteBufAllocatorUseCacheForAllThreads(48)) - PERFORMANCE WARNING: useCacheForAllThreads is true that may cause Netty to create a lot garbage objects and, as a result, trigger GC.
	It is recommended to disable useCacheForAllThreads by setting -Dorg.apache.ratis.thirdparty.io.netty.allocator.useCacheForAllThreads=false in command line.
2021-08-28 05:53:19,993 [Listener at 0.0.0.0/39217] INFO  grpc.GrpcConfigKeys (ConfUtils.java:logGet(44)) - raft.grpc.admin.port = -1 (default)
2021-08-28 05:53:19,993 [Listener at 0.0.0.0/39217] INFO  grpc.GrpcConfigKeys (ConfUtils.java:logGet(44)) - raft.grpc.server.port = 11528 (custom)
2021-08-28 05:53:19,993 [Listener at 0.0.0.0/39217] INFO  grpc.GrpcConfigKeys (ConfUtils.java:logGet(44)) - raft.grpc.client.port = -1 (default)
2021-08-28 05:53:19,993 [Listener at 0.0.0.0/39217] INFO  grpc.GrpcConfigKeys (ConfUtils.java:logGet(44)) - raft.grpc.server.port = 11528 (custom)
2021-08-28 05:53:19,993 [Listener at 0.0.0.0/39217] INFO  grpc.GrpcConfigKeys (ConfUtils.java:logGet(44)) - raft.grpc.server.port = 11528 (custom)
2021-08-28 05:53:19,993 [Listener at 0.0.0.0/39217] INFO  server.GrpcService (ConfUtils.java:logGet(44)) - raft.grpc.message.size.max = 33554432 (custom)
2021-08-28 05:53:19,993 [Listener at 0.0.0.0/39217] INFO  server.RaftServerConfigKeys (ConfUtils.java:logGet(44)) - raft.server.log.appender.buffer.byte-limit = 33554432 (custom)
2021-08-28 05:53:19,993 [Listener at 0.0.0.0/39217] INFO  server.GrpcService (ConfUtils.java:logGet(44)) - raft.grpc.flow.control.window = 1MB (=1048576) (default)
2021-08-28 05:53:19,994 [Listener at 0.0.0.0/39217] INFO  server.RaftServerConfigKeys (ConfUtils.java:logGet(44)) - raft.server.rpc.request.timeout = 3000ms (default)
2021-08-28 05:53:19,995 [Listener at 0.0.0.0/39217] INFO  impl.DataStreamServerImpl (ConfUtils.java:logGet(44)) - raft.datastream.type = DISABLED (default)
2021-08-28 05:53:19,995 [Listener at 0.0.0.0/39217] INFO  server.RaftServerConfigKeys (ConfUtils.java:logGet(44)) - raft.server.rpc.slowness.timeout = 2s (custom)
2021-08-28 05:53:19,995 [Listener at 0.0.0.0/39217] INFO  server.RaftServerConfigKeys (ConfUtils.java:logGet(44)) - raft.server.leaderelection.leader.step-down.wait-time = 10s (default)
2021-08-28 05:53:19,995 [Listener at 0.0.0.0/39217] INFO  server.RaftServerConfigKeys (ConfUtils.java:logGet(44)) - raft.server.storage.dir = [/home/runner/work/ozone/ozone/hadoop-ozone/integration-test/target/test-dir/MiniOzoneClusterImpl-4114dceb-4d54-4a06-811c-48a2541ee5b4/omNode-1/ratis] (custom)
2021-08-28 05:53:20,012 [Listener at 0.0.0.0/39217] INFO  server.RaftServer (RaftServerProxy.java:addNew(95)) - omNode-1: addNew group-523986131536:[omNode-3|rpc:localhost:11540|priority:0, omNode-1|rpc:localhost:11528|priority:0, omNode-2|rpc:localhost:11534|priority:0] returns group-523986131536:java.util.concurrent.CompletableFuture@6295923d[Not completed]
2021-08-28 05:53:20,013 [Listener at 0.0.0.0/39217] INFO  om.OzoneManager (OzoneManager.java:initializeRatisServer(1573)) - OzoneManager Ratis server initialized at port 11528
2021-08-28 05:53:20,012 [pool-534-thread-1] INFO  server.RaftServer$Division (RaftServerImpl.java:<init>(181)) - omNode-1: new RaftServerImpl for group-523986131536:[omNode-3|rpc:localhost:11540|priority:0, omNode-1|rpc:localhost:11528|priority:0, omNode-2|rpc:localhost:11534|priority:0] with OzoneManagerStateMachine:uninitialized
2021-08-28 05:53:20,026 [pool-534-thread-1] INFO  server.RaftServerConfigKeys (ConfUtils.java:logGet(44)) - raft.server.rpc.timeout.min = 1s (custom)
2021-08-28 05:53:20,026 [pool-534-thread-1] INFO  server.RaftServerConfigKeys (ConfUtils.java:logGet(44)) - raft.server.rpc.timeout.max = 1200ms (custom)
2021-08-28 05:53:20,026 [pool-534-thread-1] INFO  server.RaftServerConfigKeys (ConfUtils.java:logGet(44)) - raft.server.rpc.sleep.time = 25ms (default)
2021-08-28 05:53:20,026 [pool-534-thread-1] INFO  server.RaftServerConfigKeys (ConfUtils.java:logGet(44)) - raft.server.rpc.slowness.timeout = 2s (custom)
2021-08-28 05:53:20,026 [pool-534-thread-1] INFO  server.RaftServerConfigKeys (ConfUtils.java:logGet(44)) - raft.server.leaderelection.leader.step-down.wait-time = 10s (default)
2021-08-28 05:53:20,026 [pool-534-thread-1] INFO  server.RaftServerConfigKeys (ConfUtils.java:logGet(44)) - raft.server.sleep.deviation.threshold = 300ms (default)
2021-08-28 05:53:20,026 [pool-534-thread-1] INFO  server.RaftServerConfigKeys (ConfUtils.java:logGet(44)) - raft.server.log.appender.install.snapshot.enabled = false (custom)
2021-08-28 05:53:20,027 [pool-534-thread-1] INFO  server.RaftServer$Division (ServerState.java:<init>(105)) - omNode-1@group-523986131536: ConfigurationManager, init=-1: [omNode-3|rpc:localhost:11540|priority:0, omNode-1|rpc:localhost:11528|priority:0, omNode-2|rpc:localhost:11534|priority:0], old=null, confs=<EMPTY_MAP>
2021-08-28 05:53:20,027 [pool-534-thread-1] INFO  server.RaftServerConfigKeys (ConfUtils.java:logGet(44)) - raft.server.storage.dir = [/home/runner/work/ozone/ozone/hadoop-ozone/integration-test/target/test-dir/MiniOzoneClusterImpl-4114dceb-4d54-4a06-811c-48a2541ee5b4/omNode-1/ratis] (custom)
2021-08-28 05:53:20,027 [pool-534-thread-1] INFO  server.RaftServerConfigKeys (ConfUtils.java:logGet(44)) - raft.server.log.corruption.policy = EXCEPTION (default)
2021-08-28 05:53:20,027 [pool-534-thread-1] INFO  server.RaftServerConfigKeys (ConfUtils.java:logGet(44)) - raft.server.storage.free-space.min = 0MB (=0) (default)
2021-08-28 05:53:20,027 [pool-534-thread-1] INFO  storage.RaftStorageDirectory (RaftStorageDirectoryImpl.java:analyzeStorage(135)) - The storage directory /home/runner/work/ozone/ozone/hadoop-ozone/integration-test/target/test-dir/MiniOzoneClusterImpl-4114dceb-4d54-4a06-811c-48a2541ee5b4/omNode-1/ratis/c9bc4cf4-3bc3-3c60-a66b-523986131536 does not exist. Creating ...
2021-08-28 05:53:20,029 [Listener at 0.0.0.0/39217] INFO  ipc.CallQueueManager (CallQueueManager.java:<init>(90)) - Using callQueue: class java.util.concurrent.LinkedBlockingQueue, queueCapacity: 2000, scheduler: class org.apache.hadoop.ipc.DefaultRpcScheduler, ipcBackoff: false.
2021-08-28 05:53:20,030 [pool-534-thread-1] INFO  storage.RaftStorageDirectory (RaftStorageDirectoryImpl.java:tryLock(230)) - Lock on /home/runner/work/ozone/ozone/hadoop-ozone/integration-test/target/test-dir/MiniOzoneClusterImpl-4114dceb-4d54-4a06-811c-48a2541ee5b4/omNode-1/ratis/c9bc4cf4-3bc3-3c60-a66b-523986131536/in_use.lock acquired by nodename 5511@fv-az50-59
2021-08-28 05:53:20,035 [pool-534-thread-1] INFO  storage.RaftStorage (RaftStorageImpl.java:format(89)) - Storage directory /home/runner/work/ozone/ozone/hadoop-ozone/integration-test/target/test-dir/MiniOzoneClusterImpl-4114dceb-4d54-4a06-811c-48a2541ee5b4/omNode-1/ratis/c9bc4cf4-3bc3-3c60-a66b-523986131536 has been successfully formatted.
2021-08-28 05:53:20,035 [pool-534-thread-1] INFO  server.RaftServerConfigKeys (ConfUtils.java:logGet(44)) - raft.server.notification.no-leader.timeout = 2s (custom)
2021-08-28 05:53:20,035 [pool-534-thread-1] INFO  server.RaftServerConfigKeys (ConfUtils.java:logGet(44)) - raft.server.log.use.memory = false (default)
2021-08-28 05:53:20,035 [pool-534-thread-1] INFO  server.RaftServerConfigKeys (ConfUtils.java:logGet(44)) - raft.server.log.purge.gap = 50 (custom)
2021-08-28 05:53:20,035 [pool-534-thread-1] INFO  server.RaftServerConfigKeys (ConfUtils.java:logGet(44)) - raft.server.log.appender.buffer.byte-limit = 33554432 (custom)
2021-08-28 05:53:20,035 [pool-534-thread-1] INFO  server.RaftServerConfigKeys (ConfUtils.java:logGet(44)) - raft.server.log.segment.size.max = 4194304 (custom)
2021-08-28 05:53:20,036 [pool-534-thread-1] INFO  server.RaftServerConfigKeys (ConfUtils.java:logGet(44)) - raft.server.log.segment.cache.num.max = 2 (custom)
2021-08-28 05:53:20,036 [pool-534-thread-1] INFO  server.RaftServerConfigKeys (ConfUtils.java:logGet(44)) - raft.server.log.segment.cache.size.max = 200MB (=209715200) (default)
2021-08-28 05:53:20,036 [pool-534-thread-1] INFO  segmented.SegmentedRaftLogWorker (SegmentedRaftLogWorker.java:<init>(182)) - new omNode-1@group-523986131536-SegmentedRaftLogWorker for RaftStorageImpl:Storage Directory /home/runner/work/ozone/ozone/hadoop-ozone/integration-test/target/test-dir/MiniOzoneClusterImpl-4114dceb-4d54-4a06-811c-48a2541ee5b4/omNode-1/ratis/c9bc4cf4-3bc3-3c60-a66b-523986131536
2021-08-28 05:53:20,036 [pool-534-thread-1] INFO  server.RaftServerConfigKeys (ConfUtils.java:logGet(44)) - raft.server.log.queue.byte-limit = 64MB (=67108864) (default)
2021-08-28 05:53:20,036 [pool-534-thread-1] INFO  server.RaftServerConfigKeys (ConfUtils.java:logGet(44)) - raft.server.log.queue.element-limit = 4096 (default)
2021-08-28 05:53:20,036 [pool-534-thread-1] INFO  server.RaftServerConfigKeys (ConfUtils.java:logGet(44)) - raft.server.log.segment.size.max = 4194304 (custom)
2021-08-28 05:53:20,036 [pool-534-thread-1] INFO  server.RaftServerConfigKeys (ConfUtils.java:logGet(44)) - raft.server.log.preallocated.size = 4194304 (custom)
2021-08-28 05:53:20,036 [pool-534-thread-1] INFO  server.RaftServerConfigKeys (ConfUtils.java:logGet(44)) - raft.server.log.force.sync.num = 128 (default)
2021-08-28 05:53:20,036 [pool-534-thread-1] INFO  server.RaftServerConfigKeys (ConfUtils.java:logGet(44)) - raft.server.log.statemachine.data.sync = true (default)
2021-08-28 05:53:20,037 [pool-534-thread-1] INFO  server.RaftServerConfigKeys (ConfUtils.java:logGet(44)) - raft.server.log.statemachine.data.sync.timeout = 10s (default)
2021-08-28 05:53:20,037 [pool-534-thread-1] INFO  server.RaftServerConfigKeys (ConfUtils.java:logGet(44)) - raft.server.log.statemachine.data.sync.timeout.retry = -1 (default)
2021-08-28 05:53:20,038 [Socket Reader #1 for port 11524] INFO  ipc.Server (Server.java:run(1265)) - Starting Socket Reader #1 for port 11524
2021-08-28 05:53:20,049 [pool-534-thread-1] INFO  server.RaftServerConfigKeys (ConfUtils.java:logGet(44)) - raft.server.log.write.buffer.size = 64KB (=65536) (default)
2021-08-28 05:53:20,049 [pool-534-thread-1] INFO  server.RaftServerConfigKeys (ConfUtils.java:logGet(44)) - raft.server.log.statemachine.data.caching.enabled = false (default)
2021-08-28 05:53:20,049 [pool-534-thread-1] INFO  segmented.SegmentedRaftLogWorker (SegmentedRaftLogWorker.java:lambda$new$0(133)) - omNode-1@group-523986131536-SegmentedRaftLogWorker: flushIndex: setUnconditionally 0 -> -1
2021-08-28 05:53:20,049 [pool-534-thread-1] INFO  segmented.SegmentedRaftLogWorker (SegmentedRaftLogWorker.java:lambda$new$0(133)) - omNode-1@group-523986131536-SegmentedRaftLogWorker: safeCacheEvictIndex: setUnconditionally 0 -> -1
2021-08-28 05:53:20,071 [pool-534-thread-1] INFO  server.RaftServerConfigKeys (ConfUtils.java:logGet(44)) - raft.server.snapshot.auto.trigger.enabled = true (custom)
2021-08-28 05:53:20,071 [pool-534-thread-1] INFO  server.RaftServerConfigKeys (ConfUtils.java:logGet(44)) - raft.server.snapshot.auto.trigger.threshold = 50 (custom)
2021-08-28 05:53:20,071 [pool-534-thread-1] INFO  server.RaftServerConfigKeys (ConfUtils.java:logGet(44)) - raft.server.snapshot.retention.file.num = -1 (default)
2021-08-28 05:53:20,071 [pool-534-thread-1] INFO  server.RaftServerConfigKeys (ConfUtils.java:logGet(44)) - raft.server.log.purge.upto.snapshot.index = true (custom)
2021-08-28 05:53:20,071 [pool-534-thread-1] INFO  server.RaftServerConfigKeys (ConfUtils.java:logGet(44)) - raft.server.retrycache.expirytime = 30000ms (custom)
2021-08-28 05:53:20,071 [pool-534-thread-1] INFO  server.RaftServerConfigKeys (ConfUtils.java:logGet(44)) - raft.server.retrycache.statistics.expirytime = 100μs (default)
2021-08-28 05:53:20,089 [Listener at 127.0.0.1/11524] INFO  om.OzoneManager (OzoneManager.java:initFSOLayout(4321)) - Configured ozone.om.metadata.layout=SIMPLE and disabled optimized OM FS operations
2021-08-28 05:53:20,091 [Listener at 127.0.0.1/11524] INFO  impl.MetricsSystemImpl (MetricsSystemImpl.java:init(158)) - OzoneManager metrics system started (again)
2021-08-28 05:53:20,104 [EndpointStateMachine task thread for /0.0.0.0:46013 - 0 ] INFO  ipc.Client (Client.java:handleConnectionFailure(977)) - Retrying connect to server: 0.0.0.0/0.0.0.0:46013. Already tried 14 time(s); retry policy is RetryUpToMaximumCountWithFixedSleep(maxRetries=15, sleepTime=1000 MILLISECONDS)
2021-08-28 05:53:20,112 [Listener at 127.0.0.1/11524] INFO  om.OzoneManager (OzoneManager.java:start(1270)) - OzoneManager RPC server is listening at localhost/127.0.0.1:11524
2021-08-28 05:53:20,114 [Listener at 127.0.0.1/11524] INFO  ratis.OzoneManagerRatisServer (OzoneManagerRatisServer.java:start(516)) - Starting OzoneManagerRatisServer omNode-1 at port 11528
2021-08-28 05:53:20,114 [Listener at 127.0.0.1/11524] INFO  server.RaftServer$Division (RaftServerImpl.java:start(296)) - omNode-1@group-523986131536: start as a follower, conf=-1: [omNode-3|rpc:localhost:11540|priority:0, omNode-1|rpc:localhost:11528|priority:0, omNode-2|rpc:localhost:11534|priority:0], old=null
2021-08-28 05:53:20,114 [Listener at 127.0.0.1/11524] INFO  server.RaftServer$Division (RaftServerImpl.java:setRole(285)) - omNode-1@group-523986131536: changes role from      null to FOLLOWER at term 0 for startAsFollower
2021-08-28 05:53:20,114 [Listener at 127.0.0.1/11524] INFO  impl.RoleInfo (RoleInfo.java:updateAndGet(130)) - omNode-1: start omNode-1@group-523986131536-FollowerState
2021-08-28 05:53:20,124 [Listener at 127.0.0.1/11524] INFO  util.JmxRegister (JmxRegister.java:tryRegister(44)) - Successfully registered JMX Bean with object name Ratis:service=RaftServer,group=group-523986131536,id=omNode-1
2021-08-28 05:53:20,129 [Listener at 127.0.0.1/11524] INFO  server.RaftServer (RaftServerProxy.java:lambda$start$5(374)) - omNode-1: start RPC server
2021-08-28 05:53:20,135 [Listener at 127.0.0.1/11524] INFO  server.GrpcService (GrpcService.java:startImpl(253)) - omNode-1: GrpcService started, listening on 11528
2021-08-28 05:53:20,136 [Listener at 127.0.0.1/11524] INFO  om.OzoneManager (OzoneManager.java:start(1288)) - Version File has different layout version (0) than OM DB (null). That is expected if this OM has never been finalized to a newer layout version.
2021-08-28 05:53:20,136 [org.apache.ratis.util.JvmPauseMonitor$$Lambda$533/26953629@669e11b8] INFO  util.JvmPauseMonitor (JvmPauseMonitor.java:run(103)) - JvmPauseMonitor-omNode-1: Started
2021-08-28 05:53:20,147 [Listener at 127.0.0.1/11524] INFO  http.BaseHttpServer (BaseHttpServer.java:newHttpServer2BuilderForOzone(209)) - Starting Web-server for ozoneManager at: http://0.0.0.0:11526
2021-08-28 05:53:20,147 [Listener at 127.0.0.1/11524] INFO  http.BaseHttpServer (BaseHttpServer.java:<init>(107)) - Hadoop Security Enabled: false Ozone Security Enabled: false Ozone HTTP Security Enabled: false 
2021-08-28 05:53:20,148 [Listener at 127.0.0.1/11524] INFO  server.AuthenticationFilter (AuthenticationFilter.java:constructSecretProvider(240)) - Unable to initialize FileSignerSecretProvider, falling back to use random secrets.
2021-08-28 05:53:20,150 [Listener at 127.0.0.1/11524] WARN  http.HttpRequestLog (HttpRequestLog.java:getRequestLog(103)) - Jetty request log can only be enabled using Log4j
2021-08-28 05:53:20,151 [Listener at 127.0.0.1/11524] INFO  http.HttpServer2 (HttpServer2.java:addGlobalFilter(1030)) - Added global filter 'safety' (class=org.apache.hadoop.hdds.server.http.HttpServer2$QuotingInputFilter)
2021-08-28 05:53:20,152 [Listener at 127.0.0.1/11524] INFO  http.HttpServer2 (HttpServer2.java:addFilter(1006)) - Added filter static_user_filter (class=org.apache.hadoop.http.lib.StaticUserWebFilter$StaticUserFilter) to context ozoneManager
2021-08-28 05:53:20,152 [Listener at 127.0.0.1/11524] INFO  http.HttpServer2 (HttpServer2.java:addFilter(1014)) - Added filter static_user_filter (class=org.apache.hadoop.http.lib.StaticUserWebFilter$StaticUserFilter) to context static
2021-08-28 05:53:20,152 [Listener at 127.0.0.1/11524] INFO  http.HttpServer2 (HttpServer2.java:addFilter(1014)) - Added filter static_user_filter (class=org.apache.hadoop.http.lib.StaticUserWebFilter$StaticUserFilter) to context logs
2021-08-28 05:53:20,152 [Listener at 127.0.0.1/11524] INFO  http.HttpServer2 (HttpServer2.java:bindListener(1249)) - Jetty bound to port 11526
2021-08-28 05:53:20,152 [Listener at 127.0.0.1/11524] INFO  server.Server (Server.java:doStart(375)) - jetty-9.4.43.v20210629; built: 2021-06-30T11:07:22.254Z; git: 526006ecfa3af7f1a27ef3a288e2bef7ea9dd7e8; jvm 1.8.0_292-b10
2021-08-28 05:53:20,160 [Listener at 127.0.0.1/11524] INFO  server.session (DefaultSessionIdManager.java:doStart(334)) - DefaultSessionIdManager workerName=node0
2021-08-28 05:53:20,160 [Listener at 127.0.0.1/11524] INFO  server.session (DefaultSessionIdManager.java:doStart(339)) - No SessionScavenger set, using defaults
2021-08-28 05:53:20,161 [Listener at 127.0.0.1/11524] INFO  server.session (HouseKeeper.java:startScavenging(132)) - node0 Scavenging every 660000ms
2021-08-28 05:53:20,162 [Listener at 127.0.0.1/11524] INFO  handler.ContextHandler (ContextHandler.java:doStart(915)) - Started o.e.j.s.ServletContextHandler@7384490c{logs,/logs,file:///home/runner/work/ozone/ozone/hadoop-ozone/integration-test/target/log,AVAILABLE}
2021-08-28 05:53:20,163 [Listener at 127.0.0.1/11524] INFO  handler.ContextHandler (ContextHandler.java:doStart(915)) - Started o.e.j.s.ServletContextHandler@4b528ac4{static,/static,file:///home/runner/work/ozone/ozone/hadoop-ozone/integration-test/target/test-classes/webapps/static,AVAILABLE}
2021-08-28 05:53:20,177 [Listener at 127.0.0.1/11524] INFO  handler.ContextHandler (ContextHandler.java:doStart(915)) - Started o.e.j.w.WebAppContext@4e74c172{ozoneManager,/,file:///home/runner/work/ozone/ozone/hadoop-ozone/integration-test/target/test-classes/webapps/ozoneManager/,AVAILABLE}{file:/home/runner/work/ozone/ozone/hadoop-ozone/integration-test/target/test-classes/webapps/ozoneManager}
2021-08-28 05:53:20,192 [Listener at 127.0.0.1/11524] INFO  server.AbstractConnector (AbstractConnector.java:doStart(331)) - Started ServerConnector@660faa07{HTTP/1.1, (http/1.1)}{0.0.0.0:11526}
2021-08-28 05:53:20,192 [Listener at 127.0.0.1/11524] INFO  server.Server (Server.java:doStart(415)) - Started @114241ms
2021-08-28 05:53:20,192 [Listener at 127.0.0.1/11524] WARN  impl.MetricsSystemImpl (MetricsSystemImpl.java:register(279)) - Sink prometheus already exists!
2021-08-28 05:53:20,193 [Listener at 127.0.0.1/11524] INFO  http.BaseHttpServer (BaseHttpServer.java:updateConnectorAddress(329)) - HTTP server of ozoneManager listening at http://0.0.0.0:11526
2021-08-28 05:53:20,198 [IPC Server Responder] INFO  ipc.Server (Server.java:run(1507)) - IPC Server Responder: starting
2021-08-28 05:53:20,205 [IPC Server listener on 11524] INFO  ipc.Server (Server.java:run(1344)) - IPC Server listener on 11524: starting
2021-08-28 05:53:20,212 [Listener at 127.0.0.1/11524] INFO  om.OzoneManager (OzoneManager.java:startTrashEmptier(1531)) - Trash Interval set to 0. Files deleted will not move to trash
2021-08-28 05:53:20,234 [Listener at 127.0.0.1/11524] INFO  ozone.MiniOzoneHAClusterImpl (MiniOzoneHAClusterImpl.java:createOMService(485)) - Started OzoneManager omNode-1 RPC server at localhost/127.0.0.1:11524
2021-08-28 05:53:20,234 [Listener at 127.0.0.1/11524] INFO  ha.OMHANodeDetails (OMHANodeDetails.java:loadOMHAConfig(118)) - ServiceID for OzoneManager is om-service-test1
2021-08-28 05:53:20,235 [Listener at 127.0.0.1/11524] INFO  ha.OMHANodeDetails (OMHANodeDetails.java:loadOMHAConfig(194)) - Found matching OM address with OMServiceId: om-service-test1, OMNodeId: omNode-2, RPC Address: localhost:11530 and Ratis port: 11534
2021-08-28 05:53:20,235 [Listener at 127.0.0.1/11524] INFO  ha.OMHANodeDetails (ConfUtils.java:setNodeSpecificConfigs(108)) - Setting configuration key ozone.om.http-address with value of key ozone.om.http-address.om-service-test1.omNode-2: 127.0.0.1:11532
2021-08-28 05:53:20,235 [Listener at 127.0.0.1/11524] INFO  ha.OMHANodeDetails (ConfUtils.java:setNodeSpecificConfigs(108)) - Setting configuration key ozone.om.https-address with value of key ozone.om.https-address.om-service-test1.omNode-2: 127.0.0.1:11533
2021-08-28 05:53:20,235 [Listener at 127.0.0.1/11524] INFO  ha.OMHANodeDetails (ConfUtils.java:setNodeSpecificConfigs(108)) - Setting configuration key ozone.om.address with value of key ozone.om.address.om-service-test1.omNode-2: 127.0.0.1:11530
2021-08-28 05:53:20,235 [Listener at 127.0.0.1/11524] WARN  server.ServerUtils (ServerUtils.java:getDBPath(225)) - ozone.om.db.dirs is not configured. We recommend adding this setting. Falling back to ozone.metadata.dirs instead.
2021-08-28 05:53:20,246 [org.apache.hadoop.util.JvmPauseMonitor$Monitor@43d6bdc1] INFO  util.JvmPauseMonitor (JvmPauseMonitor.java:run(188)) - Starting JVM pause monitor
OM initialization succeeded.Current cluster id for sd=/home/runner/work/ozone/ozone/hadoop-ozone/integration-test/target/test-dir/MiniOzoneClusterImpl-4114dceb-4d54-4a06-811c-48a2541ee5b4/omNode-2/om;cid=4114dceb-4d54-4a06-811c-48a2541ee5b4;layoutVersion=0
2021-08-28 05:53:20,266 [Listener at 127.0.0.1/11524] INFO  ha.OMHANodeDetails (OMHANodeDetails.java:loadOMHAConfig(118)) - ServiceID for OzoneManager is om-service-test1
2021-08-28 05:53:20,266 [Listener at 127.0.0.1/11524] INFO  ha.OMHANodeDetails (OMHANodeDetails.java:loadOMHAConfig(194)) - Found matching OM address with OMServiceId: om-service-test1, OMNodeId: omNode-2, RPC Address: localhost:11530 and Ratis port: 11534
2021-08-28 05:53:20,266 [Listener at 127.0.0.1/11524] INFO  ha.OMHANodeDetails (ConfUtils.java:setNodeSpecificConfigs(108)) - Setting configuration key ozone.om.http-address with value of key ozone.om.http-address.om-service-test1.omNode-2: 127.0.0.1:11532
2021-08-28 05:53:20,267 [Listener at 127.0.0.1/11524] INFO  ha.OMHANodeDetails (ConfUtils.java:setNodeSpecificConfigs(108)) - Setting configuration key ozone.om.https-address with value of key ozone.om.https-address.om-service-test1.omNode-2: 127.0.0.1:11533
2021-08-28 05:53:20,267 [Listener at 127.0.0.1/11524] INFO  ha.OMHANodeDetails (ConfUtils.java:setNodeSpecificConfigs(108)) - Setting configuration key ozone.om.address with value of key ozone.om.address.om-service-test1.omNode-2: 127.0.0.1:11530
2021-08-28 05:53:20,267 [Listener at 127.0.0.1/11524] WARN  server.ServerUtils (ServerUtils.java:getDBPath(225)) - ozone.om.db.dirs is not configured. We recommend adding this setting. Falling back to ozone.metadata.dirs instead.
2021-08-28 05:53:20,267 [Listener at 127.0.0.1/11524] INFO  upgrade.AbstractLayoutVersionManager (AbstractLayoutVersionManager.java:init(70)) - Initializing Layout version manager with metadata layout = INITIAL_VERSION (version = 0), software layout = INITIAL_VERSION (version = 0)
2021-08-28 05:53:20,304 [EndpointStateMachine task thread for /0.0.0.0:36115 - 0 ] INFO  ipc.Client (Client.java:handleConnectionFailure(977)) - Retrying connect to server: 0.0.0.0/0.0.0.0:36115. Already tried 0 time(s); retry policy is RetryUpToMaximumCountWithFixedSleep(maxRetries=15, sleepTime=1000 MILLISECONDS)
2021-08-28 05:53:20,359 [Listener at 127.0.0.1/11524] INFO  reflections.Reflections (Reflections.java:scan(232)) - Reflections took 91 ms to scan 2 urls, producing 131 keys and 342 values [using 2 cores]
2021-08-28 05:53:20,360 [Listener at 127.0.0.1/11524] INFO  upgrade.OMLayoutVersionManager (OMLayoutVersionManager.java:lambda$0(116)) - Skipping Upgrade Action MockOmUpgradeAction since it has been finalized.
2021-08-28 05:53:20,360 [Listener at 127.0.0.1/11524] WARN  server.ServerUtils (ServerUtils.java:getDBPath(225)) - ozone.om.db.dirs is not configured. We recommend adding this setting. Falling back to ozone.metadata.dirs instead.
2021-08-28 05:53:20,392 [Listener at 127.0.0.1/11524] WARN  server.ServerUtils (ServerUtils.java:getDBPath(225)) - ozone.om.db.dirs is not configured. We recommend adding this setting. Falling back to ozone.metadata.dirs instead.
2021-08-28 05:53:20,392 [Listener at 127.0.0.1/11524] INFO  codec.OmKeyInfoCodec (OmKeyInfoCodec.java:<init>(51)) - OmKeyInfoCodec ignorePipeline = true
2021-08-28 05:53:20,392 [Listener at 127.0.0.1/11524] INFO  codec.RepeatedOmKeyInfoCodec (RepeatedOmKeyInfoCodec.java:<init>(42)) - RepeatedOmKeyInfoCodec ignorePipeline = true
2021-08-28 05:53:20,577 [Listener at 127.0.0.1/11524] INFO  om.OzoneManager (OzoneManager.java:addS3GVolumeToDB(4115)) - Created Volume s3v With Owner runner required for S3Gateway operations.
2021-08-28 05:53:20,577 [Listener at 127.0.0.1/11524] WARN  server.ServerUtils (ServerUtils.java:getDefaultRatisDirectory(237)) - Storage directory for Ratis is not configured. It is a good idea to map this to an SSD disk. Falling back to ozone.metadata.dirs
2021-08-28 05:53:20,577 [Listener at 127.0.0.1/11524] WARN  utils.OzoneManagerRatisUtils (OzoneManagerRatisUtils.java:getOMRatisSnapshotDirectory(391)) - ozone.om.ratis.snapshot.dir is not configured. Falling back to ozone.metadata.dirs config
2021-08-28 05:53:20,577 [Listener at 127.0.0.1/11524] INFO  snapshot.OzoneManagerSnapshotProvider (OzoneManagerSnapshotProvider.java:<init>(76)) - Initializing OM Snapshot Provider
2021-08-28 05:53:20,580 [Listener at 127.0.0.1/11524] WARN  impl.MetricRegistriesImpl (MetricRegistriesImpl.java:addReporterRegistration(111)) - New reporters are added after registries were created. Some metrics will be missing from the reporter. Please add reporter before adding any new registry.
2021-08-28 05:53:20,580 [Listener at 127.0.0.1/11524] WARN  impl.MetricRegistriesImpl (MetricRegistriesImpl.java:addReporterRegistration(111)) - New reporters are added after registries were created. Some metrics will be missing from the reporter. Please add reporter before adding any new registry.
2021-08-28 05:53:20,580 [Listener at 127.0.0.1/11524] WARN  server.ServerUtils (ServerUtils.java:getDefaultRatisDirectory(237)) - Storage directory for Ratis is not configured. It is a good idea to map this to an SSD disk. Falling back to ozone.metadata.dirs
2021-08-28 05:53:20,581 [Listener at 127.0.0.1/11524] INFO  ratis.OzoneManagerRatisServer (OzoneManagerRatisServer.java:<init>(158)) - Instantiating OM Ratis server with groupID: om-service-test1 and peers: localhost:11534, localhost:11540, localhost:11528
2021-08-28 05:53:20,581 [Listener at 127.0.0.1/11524] INFO  ratis.OzoneManagerStateMachine (OzoneManagerStateMachine.java:loadSnapshotInfoFromDB(605)) - LastAppliedIndex is set from TransactionInfo from OM DB as (t:0, i:~)
2021-08-28 05:53:20,581 [Listener at 127.0.0.1/11524] INFO  server.RaftServer (ConfUtils.java:logGet(44)) - raft.rpc.type = GRPC (default)
2021-08-28 05:53:20,581 [Listener at 127.0.0.1/11524] INFO  grpc.GrpcFactory (GrpcFactory.java:checkPooledByteBufAllocatorUseCacheForAllThreads(48)) - PERFORMANCE WARNING: useCacheForAllThreads is true that may cause Netty to create a lot garbage objects and, as a result, trigger GC.
	It is recommended to disable useCacheForAllThreads by setting -Dorg.apache.ratis.thirdparty.io.netty.allocator.useCacheForAllThreads=false in command line.
2021-08-28 05:53:20,581 [Listener at 127.0.0.1/11524] INFO  grpc.GrpcConfigKeys (ConfUtils.java:logGet(44)) - raft.grpc.admin.port = -1 (default)
2021-08-28 05:53:20,582 [Listener at 127.0.0.1/11524] INFO  grpc.GrpcConfigKeys (ConfUtils.java:logGet(44)) - raft.grpc.server.port = 11534 (custom)
2021-08-28 05:53:20,582 [Listener at 127.0.0.1/11524] INFO  grpc.GrpcConfigKeys (ConfUtils.java:logGet(44)) - raft.grpc.client.port = -1 (default)
2021-08-28 05:53:20,582 [Listener at 127.0.0.1/11524] INFO  grpc.GrpcConfigKeys (ConfUtils.java:logGet(44)) - raft.grpc.server.port = 11534 (custom)
2021-08-28 05:53:20,582 [Listener at 127.0.0.1/11524] INFO  grpc.GrpcConfigKeys (ConfUtils.java:logGet(44)) - raft.grpc.server.port = 11534 (custom)
2021-08-28 05:53:20,582 [Listener at 127.0.0.1/11524] INFO  server.GrpcService (ConfUtils.java:logGet(44)) - raft.grpc.message.size.max = 33554432 (custom)
2021-08-28 05:53:20,582 [Listener at 127.0.0.1/11524] INFO  server.RaftServerConfigKeys (ConfUtils.java:logGet(44)) - raft.server.log.appender.buffer.byte-limit = 33554432 (custom)
2021-08-28 05:53:20,582 [Listener at 127.0.0.1/11524] INFO  server.GrpcService (ConfUtils.java:logGet(44)) - raft.grpc.flow.control.window = 1MB (=1048576) (default)
2021-08-28 05:53:20,582 [Listener at 127.0.0.1/11524] INFO  server.RaftServerConfigKeys (ConfUtils.java:logGet(44)) - raft.server.rpc.request.timeout = 3000ms (default)
2021-08-28 05:53:20,583 [Listener at 127.0.0.1/11524] INFO  impl.DataStreamServerImpl (ConfUtils.java:logGet(44)) - raft.datastream.type = DISABLED (default)
2021-08-28 05:53:20,583 [Listener at 127.0.0.1/11524] INFO  server.RaftServerConfigKeys (ConfUtils.java:logGet(44)) - raft.server.rpc.slowness.timeout = 2s (custom)
2021-08-28 05:53:20,583 [Listener at 127.0.0.1/11524] INFO  server.RaftServerConfigKeys (ConfUtils.java:logGet(44)) - raft.server.leaderelection.leader.step-down.wait-time = 10s (default)
2021-08-28 05:53:20,583 [Listener at 127.0.0.1/11524] INFO  server.RaftServerConfigKeys (ConfUtils.java:logGet(44)) - raft.server.storage.dir = [/home/runner/work/ozone/ozone/hadoop-ozone/integration-test/target/test-dir/MiniOzoneClusterImpl-4114dceb-4d54-4a06-811c-48a2541ee5b4/omNode-2/ratis] (custom)
2021-08-28 05:53:20,584 [Listener at 127.0.0.1/11524] INFO  server.RaftServer (RaftServerProxy.java:addNew(95)) - omNode-2: addNew group-523986131536:[omNode-3|rpc:localhost:11540|priority:0, omNode-1|rpc:localhost:11528|priority:0, omNode-2|rpc:localhost:11534|priority:0] returns group-523986131536:java.util.concurrent.CompletableFuture@15dd4240[Not completed]
2021-08-28 05:53:20,584 [Listener at 127.0.0.1/11524] INFO  om.OzoneManager (OzoneManager.java:initializeRatisServer(1573)) - OzoneManager Ratis server initialized at port 11534
2021-08-28 05:53:20,585 [Listener at 127.0.0.1/11524] INFO  ipc.CallQueueManager (CallQueueManager.java:<init>(90)) - Using callQueue: class java.util.concurrent.LinkedBlockingQueue, queueCapacity: 2000, scheduler: class org.apache.hadoop.ipc.DefaultRpcScheduler, ipcBackoff: false.
2021-08-28 05:53:20,586 [pool-555-thread-1] INFO  server.RaftServer$Division (RaftServerImpl.java:<init>(181)) - omNode-2: new RaftServerImpl for group-523986131536:[omNode-3|rpc:localhost:11540|priority:0, omNode-1|rpc:localhost:11528|priority:0, omNode-2|rpc:localhost:11534|priority:0] with OzoneManagerStateMachine:uninitialized
2021-08-28 05:53:20,595 [Socket Reader #1 for port 11530] INFO  ipc.Server (Server.java:run(1265)) - Starting Socket Reader #1 for port 11530
2021-08-28 05:53:20,632 [pool-555-thread-1] INFO  server.RaftServerConfigKeys (ConfUtils.java:logGet(44)) - raft.server.rpc.timeout.min = 1s (custom)
2021-08-28 05:53:20,632 [pool-555-thread-1] INFO  server.RaftServerConfigKeys (ConfUtils.java:logGet(44)) - raft.server.rpc.timeout.max = 1200ms (custom)
2021-08-28 05:53:20,632 [pool-555-thread-1] INFO  server.RaftServerConfigKeys (ConfUtils.java:logGet(44)) - raft.server.rpc.sleep.time = 25ms (default)
2021-08-28 05:53:20,632 [pool-555-thread-1] INFO  server.RaftServerConfigKeys (ConfUtils.java:logGet(44)) - raft.server.rpc.slowness.timeout = 2s (custom)
2021-08-28 05:53:20,632 [pool-555-thread-1] INFO  server.RaftServerConfigKeys (ConfUtils.java:logGet(44)) - raft.server.leaderelection.leader.step-down.wait-time = 10s (default)
2021-08-28 05:53:20,632 [pool-555-thread-1] INFO  server.RaftServerConfigKeys (ConfUtils.java:logGet(44)) - raft.server.sleep.deviation.threshold = 300ms (default)
2021-08-28 05:53:20,632 [pool-555-thread-1] INFO  server.RaftServerConfigKeys (ConfUtils.java:logGet(44)) - raft.server.log.appender.install.snapshot.enabled = false (custom)
2021-08-28 05:53:20,632 [pool-555-thread-1] INFO  server.RaftServer$Division (ServerState.java:<init>(105)) - omNode-2@group-523986131536: ConfigurationManager, init=-1: [omNode-3|rpc:localhost:11540|priority:0, omNode-1|rpc:localhost:11528|priority:0, omNode-2|rpc:localhost:11534|priority:0], old=null, confs=<EMPTY_MAP>
2021-08-28 05:53:20,632 [pool-555-thread-1] INFO  server.RaftServerConfigKeys (ConfUtils.java:logGet(44)) - raft.server.storage.dir = [/home/runner/work/ozone/ozone/hadoop-ozone/integration-test/target/test-dir/MiniOzoneClusterImpl-4114dceb-4d54-4a06-811c-48a2541ee5b4/omNode-2/ratis] (custom)
2021-08-28 05:53:20,632 [pool-555-thread-1] INFO  server.RaftServerConfigKeys (ConfUtils.java:logGet(44)) - raft.server.log.corruption.policy = EXCEPTION (default)
2021-08-28 05:53:20,633 [pool-555-thread-1] INFO  server.RaftServerConfigKeys (ConfUtils.java:logGet(44)) - raft.server.storage.free-space.min = 0MB (=0) (default)
2021-08-28 05:53:20,633 [pool-555-thread-1] INFO  storage.RaftStorageDirectory (RaftStorageDirectoryImpl.java:analyzeStorage(135)) - The storage directory /home/runner/work/ozone/ozone/hadoop-ozone/integration-test/target/test-dir/MiniOzoneClusterImpl-4114dceb-4d54-4a06-811c-48a2541ee5b4/omNode-2/ratis/c9bc4cf4-3bc3-3c60-a66b-523986131536 does not exist. Creating ...
2021-08-28 05:53:20,646 [pool-555-thread-1] INFO  storage.RaftStorageDirectory (RaftStorageDirectoryImpl.java:tryLock(230)) - Lock on /home/runner/work/ozone/ozone/hadoop-ozone/integration-test/target/test-dir/MiniOzoneClusterImpl-4114dceb-4d54-4a06-811c-48a2541ee5b4/omNode-2/ratis/c9bc4cf4-3bc3-3c60-a66b-523986131536/in_use.lock acquired by nodename 5511@fv-az50-59
2021-08-28 05:53:20,650 [pool-555-thread-1] INFO  storage.RaftStorage (RaftStorageImpl.java:format(89)) - Storage directory /home/runner/work/ozone/ozone/hadoop-ozone/integration-test/target/test-dir/MiniOzoneClusterImpl-4114dceb-4d54-4a06-811c-48a2541ee5b4/omNode-2/ratis/c9bc4cf4-3bc3-3c60-a66b-523986131536 has been successfully formatted.
2021-08-28 05:53:20,654 [Listener at 127.0.0.1/11530] INFO  om.OzoneManager (OzoneManager.java:initFSOLayout(4321)) - Configured ozone.om.metadata.layout=SIMPLE and disabled optimized OM FS operations
2021-08-28 05:53:20,654 [pool-555-thread-1] INFO  server.RaftServerConfigKeys (ConfUtils.java:logGet(44)) - raft.server.notification.no-leader.timeout = 2s (custom)
2021-08-28 05:53:20,655 [pool-555-thread-1] INFO  server.RaftServerConfigKeys (ConfUtils.java:logGet(44)) - raft.server.log.use.memory = false (default)
2021-08-28 05:53:20,655 [pool-555-thread-1] INFO  server.RaftServerConfigKeys (ConfUtils.java:logGet(44)) - raft.server.log.purge.gap = 50 (custom)
2021-08-28 05:53:20,655 [pool-555-thread-1] INFO  server.RaftServerConfigKeys (ConfUtils.java:logGet(44)) - raft.server.log.appender.buffer.byte-limit = 33554432 (custom)
2021-08-28 05:53:20,656 [pool-555-thread-1] INFO  server.RaftServerConfigKeys (ConfUtils.java:logGet(44)) - raft.server.log.segment.size.max = 4194304 (custom)
2021-08-28 05:53:20,656 [pool-555-thread-1] INFO  server.RaftServerConfigKeys (ConfUtils.java:logGet(44)) - raft.server.log.segment.cache.num.max = 2 (custom)
2021-08-28 05:53:20,658 [pool-555-thread-1] INFO  server.RaftServerConfigKeys (ConfUtils.java:logGet(44)) - raft.server.log.segment.cache.size.max = 200MB (=209715200) (default)
2021-08-28 05:53:20,658 [pool-555-thread-1] INFO  segmented.SegmentedRaftLogWorker (SegmentedRaftLogWorker.java:<init>(182)) - new omNode-2@group-523986131536-SegmentedRaftLogWorker for RaftStorageImpl:Storage Directory /home/runner/work/ozone/ozone/hadoop-ozone/integration-test/target/test-dir/MiniOzoneClusterImpl-4114dceb-4d54-4a06-811c-48a2541ee5b4/omNode-2/ratis/c9bc4cf4-3bc3-3c60-a66b-523986131536
2021-08-28 05:53:20,658 [pool-555-thread-1] INFO  server.RaftServerConfigKeys (ConfUtils.java:logGet(44)) - raft.server.log.queue.byte-limit = 64MB (=67108864) (default)
2021-08-28 05:53:20,658 [pool-555-thread-1] INFO  server.RaftServerConfigKeys (ConfUtils.java:logGet(44)) - raft.server.log.queue.element-limit = 4096 (default)
2021-08-28 05:53:20,658 [pool-555-thread-1] INFO  server.RaftServerConfigKeys (ConfUtils.java:logGet(44)) - raft.server.log.segment.size.max = 4194304 (custom)
2021-08-28 05:53:20,658 [pool-555-thread-1] INFO  server.RaftServerConfigKeys (ConfUtils.java:logGet(44)) - raft.server.log.preallocated.size = 4194304 (custom)
2021-08-28 05:53:20,658 [pool-555-thread-1] INFO  server.RaftServerConfigKeys (ConfUtils.java:logGet(44)) - raft.server.log.force.sync.num = 128 (default)
2021-08-28 05:53:20,658 [pool-555-thread-1] INFO  server.RaftServerConfigKeys (ConfUtils.java:logGet(44)) - raft.server.log.statemachine.data.sync = true (default)
2021-08-28 05:53:20,658 [pool-555-thread-1] INFO  server.RaftServerConfigKeys (ConfUtils.java:logGet(44)) - raft.server.log.statemachine.data.sync.timeout = 10s (default)
2021-08-28 05:53:20,658 [pool-555-thread-1] INFO  server.RaftServerConfigKeys (ConfUtils.java:logGet(44)) - raft.server.log.statemachine.data.sync.timeout.retry = -1 (default)
2021-08-28 05:53:20,659 [pool-555-thread-1] INFO  server.RaftServerConfigKeys (ConfUtils.java:logGet(44)) - raft.server.log.write.buffer.size = 64KB (=65536) (default)
2021-08-28 05:53:20,659 [pool-555-thread-1] INFO  server.RaftServerConfigKeys (ConfUtils.java:logGet(44)) - raft.server.log.statemachine.data.caching.enabled = false (default)
2021-08-28 05:53:20,660 [pool-555-thread-1] INFO  segmented.SegmentedRaftLogWorker (SegmentedRaftLogWorker.java:lambda$new$0(133)) - omNode-2@group-523986131536-SegmentedRaftLogWorker: flushIndex: setUnconditionally 0 -> -1
2021-08-28 05:53:20,660 [pool-555-thread-1] INFO  segmented.SegmentedRaftLogWorker (SegmentedRaftLogWorker.java:lambda$new$0(133)) - omNode-2@group-523986131536-SegmentedRaftLogWorker: safeCacheEvictIndex: setUnconditionally 0 -> -1
2021-08-28 05:53:20,657 [Listener at 127.0.0.1/11530] INFO  impl.MetricsSystemImpl (MetricsSystemImpl.java:init(158)) - OzoneManager metrics system started (again)
2021-08-28 05:53:20,663 [pool-555-thread-1] INFO  server.RaftServerConfigKeys (ConfUtils.java:logGet(44)) - raft.server.snapshot.auto.trigger.enabled = true (custom)
2021-08-28 05:53:20,670 [pool-555-thread-1] INFO  server.RaftServerConfigKeys (ConfUtils.java:logGet(44)) - raft.server.snapshot.auto.trigger.threshold = 50 (custom)
2021-08-28 05:53:20,670 [pool-555-thread-1] INFO  server.RaftServerConfigKeys (ConfUtils.java:logGet(44)) - raft.server.snapshot.retention.file.num = -1 (default)
2021-08-28 05:53:20,670 [pool-555-thread-1] INFO  server.RaftServerConfigKeys (ConfUtils.java:logGet(44)) - raft.server.log.purge.upto.snapshot.index = true (custom)
2021-08-28 05:53:20,670 [pool-555-thread-1] INFO  server.RaftServerConfigKeys (ConfUtils.java:logGet(44)) - raft.server.retrycache.expirytime = 30000ms (custom)
2021-08-28 05:53:20,670 [pool-555-thread-1] INFO  server.RaftServerConfigKeys (ConfUtils.java:logGet(44)) - raft.server.retrycache.statistics.expirytime = 100μs (default)
2021-08-28 05:53:20,698 [Listener at 127.0.0.1/11530] INFO  om.OzoneManager (OzoneManager.java:start(1270)) - OzoneManager RPC server is listening at localhost/127.0.0.1:11530
2021-08-28 05:53:20,702 [Listener at 127.0.0.1/11530] INFO  ratis.OzoneManagerRatisServer (OzoneManagerRatisServer.java:start(516)) - Starting OzoneManagerRatisServer omNode-2 at port 11534
2021-08-28 05:53:20,713 [Listener at 127.0.0.1/11530] INFO  server.RaftServer$Division (RaftServerImpl.java:start(296)) - omNode-2@group-523986131536: start as a follower, conf=-1: [omNode-3|rpc:localhost:11540|priority:0, omNode-1|rpc:localhost:11528|priority:0, omNode-2|rpc:localhost:11534|priority:0], old=null
2021-08-28 05:53:20,713 [Listener at 127.0.0.1/11530] INFO  server.RaftServer$Division (RaftServerImpl.java:setRole(285)) - omNode-2@group-523986131536: changes role from      null to FOLLOWER at term 0 for startAsFollower
2021-08-28 05:53:20,713 [Listener at 127.0.0.1/11530] INFO  impl.RoleInfo (RoleInfo.java:updateAndGet(130)) - omNode-2: start omNode-2@group-523986131536-FollowerState
2021-08-28 05:53:20,734 [Listener at 127.0.0.1/11530] INFO  util.JmxRegister (JmxRegister.java:tryRegister(44)) - Successfully registered JMX Bean with object name Ratis:service=RaftServer,group=group-523986131536,id=omNode-2
2021-08-28 05:53:20,745 [Listener at 127.0.0.1/11530] INFO  server.RaftServer (RaftServerProxy.java:lambda$start$5(374)) - omNode-2: start RPC server
2021-08-28 05:53:20,745 [Listener at 127.0.0.1/11530] INFO  server.GrpcService (GrpcService.java:startImpl(253)) - omNode-2: GrpcService started, listening on 11534
2021-08-28 05:53:20,766 [Listener at 127.0.0.1/11530] INFO  om.OzoneManager (OzoneManager.java:start(1288)) - Version File has different layout version (0) than OM DB (null). That is expected if this OM has never been finalized to a newer layout version.
2021-08-28 05:53:20,766 [org.apache.ratis.util.JvmPauseMonitor$$Lambda$533/26953629@146af11f] INFO  util.JvmPauseMonitor (JvmPauseMonitor.java:run(103)) - JvmPauseMonitor-omNode-2: Started
2021-08-28 05:53:20,778 [Listener at 127.0.0.1/11530] INFO  http.BaseHttpServer (BaseHttpServer.java:newHttpServer2BuilderForOzone(209)) - Starting Web-server for ozoneManager at: http://0.0.0.0:11532
2021-08-28 05:53:20,778 [Listener at 127.0.0.1/11530] INFO  http.BaseHttpServer (BaseHttpServer.java:<init>(107)) - Hadoop Security Enabled: false Ozone Security Enabled: false Ozone HTTP Security Enabled: false 
2021-08-28 05:53:20,779 [Listener at 127.0.0.1/11530] INFO  server.AuthenticationFilter (AuthenticationFilter.java:constructSecretProvider(240)) - Unable to initialize FileSignerSecretProvider, falling back to use random secrets.
2021-08-28 05:53:20,790 [Listener at 127.0.0.1/11530] WARN  http.HttpRequestLog (HttpRequestLog.java:getRequestLog(103)) - Jetty request log can only be enabled using Log4j
2021-08-28 05:53:20,792 [Listener at 127.0.0.1/11530] INFO  http.HttpServer2 (HttpServer2.java:addGlobalFilter(1030)) - Added global filter 'safety' (class=org.apache.hadoop.hdds.server.http.HttpServer2$QuotingInputFilter)
2021-08-28 05:53:20,792 [Listener at 127.0.0.1/11530] INFO  http.HttpServer2 (HttpServer2.java:addFilter(1006)) - Added filter static_user_filter (class=org.apache.hadoop.http.lib.StaticUserWebFilter$StaticUserFilter) to context ozoneManager
2021-08-28 05:53:20,792 [Listener at 127.0.0.1/11530] INFO  http.HttpServer2 (HttpServer2.java:addFilter(1014)) - Added filter static_user_filter (class=org.apache.hadoop.http.lib.StaticUserWebFilter$StaticUserFilter) to context logs
2021-08-28 05:53:20,792 [Listener at 127.0.0.1/11530] INFO  http.HttpServer2 (HttpServer2.java:addFilter(1014)) - Added filter static_user_filter (class=org.apache.hadoop.http.lib.StaticUserWebFilter$StaticUserFilter) to context static
2021-08-28 05:53:20,793 [Listener at 127.0.0.1/11530] INFO  http.HttpServer2 (HttpServer2.java:bindListener(1249)) - Jetty bound to port 11532
2021-08-28 05:53:20,793 [Listener at 127.0.0.1/11530] INFO  server.Server (Server.java:doStart(375)) - jetty-9.4.43.v20210629; built: 2021-06-30T11:07:22.254Z; git: 526006ecfa3af7f1a27ef3a288e2bef7ea9dd7e8; jvm 1.8.0_292-b10
2021-08-28 05:53:20,795 [Listener at 127.0.0.1/11530] INFO  server.session (DefaultSessionIdManager.java:doStart(334)) - DefaultSessionIdManager workerName=node0
2021-08-28 05:53:20,795 [Listener at 127.0.0.1/11530] INFO  server.session (DefaultSessionIdManager.java:doStart(339)) - No SessionScavenger set, using defaults
2021-08-28 05:53:20,795 [Listener at 127.0.0.1/11530] INFO  server.session (HouseKeeper.java:startScavenging(132)) - node0 Scavenging every 600000ms
2021-08-28 05:53:20,796 [Listener at 127.0.0.1/11530] INFO  handler.ContextHandler (ContextHandler.java:doStart(915)) - Started o.e.j.s.ServletContextHandler@5ad3de84{logs,/logs,file:///home/runner/work/ozone/ozone/hadoop-ozone/integration-test/target/log,AVAILABLE}
2021-08-28 05:53:20,796 [Listener at 127.0.0.1/11530] INFO  handler.ContextHandler (ContextHandler.java:doStart(915)) - Started o.e.j.s.ServletContextHandler@1698a532{static,/static,file:///home/runner/work/ozone/ozone/hadoop-ozone/integration-test/target/test-classes/webapps/static,AVAILABLE}
2021-08-28 05:53:20,802 [Listener at 127.0.0.1/11530] INFO  handler.ContextHandler (ContextHandler.java:doStart(915)) - Started o.e.j.w.WebAppContext@6966ab01{ozoneManager,/,file:///home/runner/work/ozone/ozone/hadoop-ozone/integration-test/target/test-classes/webapps/ozoneManager/,AVAILABLE}{file:/home/runner/work/ozone/ozone/hadoop-ozone/integration-test/target/test-classes/webapps/ozoneManager}
2021-08-28 05:53:20,831 [Listener at 127.0.0.1/11530] INFO  server.AbstractConnector (AbstractConnector.java:doStart(331)) - Started ServerConnector@6f6b7329{HTTP/1.1, (http/1.1)}{0.0.0.0:11532}
2021-08-28 05:53:20,831 [Listener at 127.0.0.1/11530] INFO  server.Server (Server.java:doStart(415)) - Started @114880ms
2021-08-28 05:53:20,831 [Listener at 127.0.0.1/11530] WARN  impl.MetricsSystemImpl (MetricsSystemImpl.java:register(279)) - Sink prometheus already exists!
2021-08-28 05:53:20,832 [Listener at 127.0.0.1/11530] INFO  http.BaseHttpServer (BaseHttpServer.java:updateConnectorAddress(329)) - HTTP server of ozoneManager listening at http://0.0.0.0:11532
2021-08-28 05:53:20,846 [IPC Server Responder] INFO  ipc.Server (Server.java:run(1507)) - IPC Server Responder: starting
2021-08-28 05:53:20,847 [IPC Server listener on 11530] INFO  ipc.Server (Server.java:run(1344)) - IPC Server listener on 11530: starting
2021-08-28 05:53:20,849 [Listener at 127.0.0.1/11530] INFO  om.OzoneManager (OzoneManager.java:startTrashEmptier(1531)) - Trash Interval set to 0. Files deleted will not move to trash
2021-08-28 05:53:20,850 [Listener at 127.0.0.1/11530] INFO  ozone.MiniOzoneHAClusterImpl (MiniOzoneHAClusterImpl.java:createOMService(485)) - Started OzoneManager omNode-2 RPC server at localhost/127.0.0.1:11530
2021-08-28 05:53:20,850 [Listener at 127.0.0.1/11530] INFO  ha.OMHANodeDetails (OMHANodeDetails.java:loadOMHAConfig(118)) - ServiceID for OzoneManager is om-service-test1
2021-08-28 05:53:20,862 [Listener at 127.0.0.1/11530] INFO  ha.OMHANodeDetails (OMHANodeDetails.java:loadOMHAConfig(194)) - Found matching OM address with OMServiceId: om-service-test1, OMNodeId: omNode-3, RPC Address: localhost:11536 and Ratis port: 11540
2021-08-28 05:53:20,862 [Listener at 127.0.0.1/11530] INFO  ha.OMHANodeDetails (ConfUtils.java:setNodeSpecificConfigs(108)) - Setting configuration key ozone.om.http-address with value of key ozone.om.http-address.om-service-test1.omNode-3: 127.0.0.1:11538
2021-08-28 05:53:20,862 [Listener at 127.0.0.1/11530] INFO  ha.OMHANodeDetails (ConfUtils.java:setNodeSpecificConfigs(108)) - Setting configuration key ozone.om.https-address with value of key ozone.om.https-address.om-service-test1.omNode-3: 127.0.0.1:11539
2021-08-28 05:53:20,862 [Listener at 127.0.0.1/11530] INFO  ha.OMHANodeDetails (ConfUtils.java:setNodeSpecificConfigs(108)) - Setting configuration key ozone.om.address with value of key ozone.om.address.om-service-test1.omNode-3: 127.0.0.1:11536
2021-08-28 05:53:20,862 [Listener at 127.0.0.1/11530] WARN  server.ServerUtils (ServerUtils.java:getDBPath(225)) - ozone.om.db.dirs is not configured. We recommend adding this setting. Falling back to ozone.metadata.dirs instead.
2021-08-28 05:53:20,892 [org.apache.hadoop.util.JvmPauseMonitor$Monitor@312d4a5e] INFO  util.JvmPauseMonitor (JvmPauseMonitor.java:run(188)) - Starting JVM pause monitor
2021-08-28 05:53:20,897 [EndpointStateMachine task thread for /0.0.0.0:43701 - 0 ] INFO  ipc.Client (Client.java:handleConnectionFailure(977)) - Retrying connect to server: 0.0.0.0/0.0.0.0:43701. Already tried 5 time(s); retry policy is RetryUpToMaximumCountWithFixedSleep(maxRetries=15, sleepTime=1000 MILLISECONDS)
OM initialization succeeded.Current cluster id for sd=/home/runner/work/ozone/ozone/hadoop-ozone/integration-test/target/test-dir/MiniOzoneClusterImpl-4114dceb-4d54-4a06-811c-48a2541ee5b4/omNode-3/om;cid=4114dceb-4d54-4a06-811c-48a2541ee5b4;layoutVersion=0
2021-08-28 05:53:20,907 [Listener at 127.0.0.1/11530] INFO  ha.OMHANodeDetails (OMHANodeDetails.java:loadOMHAConfig(118)) - ServiceID for OzoneManager is om-service-test1
2021-08-28 05:53:20,907 [Listener at 127.0.0.1/11530] INFO  ha.OMHANodeDetails (OMHANodeDetails.java:loadOMHAConfig(194)) - Found matching OM address with OMServiceId: om-service-test1, OMNodeId: omNode-3, RPC Address: localhost:11536 and Ratis port: 11540
2021-08-28 05:53:20,907 [Listener at 127.0.0.1/11530] INFO  ha.OMHANodeDetails (ConfUtils.java:setNodeSpecificConfigs(108)) - Setting configuration key ozone.om.http-address with value of key ozone.om.http-address.om-service-test1.omNode-3: 127.0.0.1:11538
2021-08-28 05:53:20,907 [Listener at 127.0.0.1/11530] INFO  ha.OMHANodeDetails (ConfUtils.java:setNodeSpecificConfigs(108)) - Setting configuration key ozone.om.https-address with value of key ozone.om.https-address.om-service-test1.omNode-3: 127.0.0.1:11539
2021-08-28 05:53:20,907 [Listener at 127.0.0.1/11530] INFO  ha.OMHANodeDetails (ConfUtils.java:setNodeSpecificConfigs(108)) - Setting configuration key ozone.om.address with value of key ozone.om.address.om-service-test1.omNode-3: 127.0.0.1:11536
2021-08-28 05:53:20,908 [Listener at 127.0.0.1/11530] WARN  server.ServerUtils (ServerUtils.java:getDBPath(225)) - ozone.om.db.dirs is not configured. We recommend adding this setting. Falling back to ozone.metadata.dirs instead.
2021-08-28 05:53:20,908 [Listener at 127.0.0.1/11530] INFO  upgrade.AbstractLayoutVersionManager (AbstractLayoutVersionManager.java:init(70)) - Initializing Layout version manager with metadata layout = INITIAL_VERSION (version = 0), software layout = INITIAL_VERSION (version = 0)
2021-08-28 05:53:21,047 [Listener at 127.0.0.1/11530] INFO  reflections.Reflections (Reflections.java:scan(232)) - Reflections took 138 ms to scan 2 urls, producing 131 keys and 342 values [using 2 cores]
2021-08-28 05:53:21,047 [Listener at 127.0.0.1/11530] INFO  upgrade.OMLayoutVersionManager (OMLayoutVersionManager.java:lambda$0(116)) - Skipping Upgrade Action MockOmUpgradeAction since it has been finalized.
2021-08-28 05:53:21,048 [Listener at 127.0.0.1/11530] WARN  server.ServerUtils (ServerUtils.java:getDBPath(225)) - ozone.om.db.dirs is not configured. We recommend adding this setting. Falling back to ozone.metadata.dirs instead.
2021-08-28 05:53:21,077 [Listener at 127.0.0.1/11530] WARN  server.ServerUtils (ServerUtils.java:getDBPath(225)) - ozone.om.db.dirs is not configured. We recommend adding this setting. Falling back to ozone.metadata.dirs instead.
2021-08-28 05:53:21,078 [Listener at 127.0.0.1/11530] INFO  codec.OmKeyInfoCodec (OmKeyInfoCodec.java:<init>(51)) - OmKeyInfoCodec ignorePipeline = true
2021-08-28 05:53:21,078 [Listener at 127.0.0.1/11530] INFO  codec.RepeatedOmKeyInfoCodec (RepeatedOmKeyInfoCodec.java:<init>(42)) - RepeatedOmKeyInfoCodec ignorePipeline = true
2021-08-28 05:53:21,105 [EndpointStateMachine task thread for /0.0.0.0:46013 - 0 ] INFO  ipc.Client (Client.java:handleConnectionFailure(977)) - Retrying connect to server: 0.0.0.0/0.0.0.0:46013. Already tried 0 time(s); retry policy is RetryUpToMaximumCountWithFixedSleep(maxRetries=15, sleepTime=1000 MILLISECONDS)
2021-08-28 05:53:21,250 [omNode-1@group-523986131536-FollowerState] INFO  impl.FollowerState (FollowerState.java:run(134)) - omNode-1@group-523986131536-FollowerState: change to CANDIDATE, lastRpcElapsedTime:1135357862ns, electionTimeout:1125ms
2021-08-28 05:53:21,250 [omNode-1@group-523986131536-FollowerState] INFO  impl.RoleInfo (RoleInfo.java:shutdownFollowerState(108)) - omNode-1: shutdown omNode-1@group-523986131536-FollowerState
2021-08-28 05:53:21,250 [omNode-1@group-523986131536-FollowerState] INFO  server.RaftServer$Division (RaftServerImpl.java:setRole(285)) - omNode-1@group-523986131536: changes role from  FOLLOWER to CANDIDATE at term 0 for changeToCandidate
2021-08-28 05:53:21,250 [omNode-1@group-523986131536-FollowerState] INFO  server.RaftServerConfigKeys (ConfUtils.java:logGet(44)) - raft.server.leaderelection.pre-vote = false (custom)
2021-08-28 05:53:21,250 [omNode-1@group-523986131536-FollowerState] INFO  impl.RoleInfo (RoleInfo.java:updateAndGet(130)) - omNode-1: start omNode-1@group-523986131536-LeaderElection40
2021-08-28 05:53:21,271 [omNode-1@group-523986131536-LeaderElection40] INFO  impl.LeaderElection (LeaderElection.java:askForVotes(306)) - omNode-1@group-523986131536-LeaderElection40 ELECTION round 0: submit vote requests at term 1 for -1: [omNode-3|rpc:localhost:11540|priority:0, omNode-1|rpc:localhost:11528|priority:0, omNode-2|rpc:localhost:11534|priority:0], old=null
2021-08-28 05:53:21,305 [EndpointStateMachine task thread for /0.0.0.0:36115 - 0 ] INFO  ipc.Client (Client.java:handleConnectionFailure(977)) - Retrying connect to server: 0.0.0.0/0.0.0.0:36115. Already tried 1 time(s); retry policy is RetryUpToMaximumCountWithFixedSleep(maxRetries=15, sleepTime=1000 MILLISECONDS)
2021-08-28 05:53:21,392 [Listener at 127.0.0.1/11530] INFO  om.OzoneManager (OzoneManager.java:addS3GVolumeToDB(4115)) - Created Volume s3v With Owner runner required for S3Gateway operations.
2021-08-28 05:53:21,397 [grpc-default-executor-3] INFO  server.RaftServer$Division (RaftServerImpl.java:requestVote(1043)) - omNode-2@group-523986131536: receive requestVote(ELECTION, omNode-1, group-523986131536, 1, (t:0, i:~))
2021-08-28 05:53:21,393 [omNode-1@group-523986131536-LeaderElection40] INFO  impl.LeaderElection (LogUtils.java:infoOrTrace(137)) - omNode-1@group-523986131536-LeaderElection40 got exception when requesting votes: java.util.concurrent.ExecutionException: org.apache.ratis.thirdparty.io.grpc.StatusRuntimeException: UNAVAILABLE: io exception
2021-08-28 05:53:21,398 [grpc-default-executor-3] INFO  impl.VoteContext (VoteContext.java:log(48)) - omNode-2@group-523986131536-FOLLOWER: accept ELECTION from omNode-1: our priority 0 <= candidate's priority 0
2021-08-28 05:53:21,398 [Listener at 127.0.0.1/11530] WARN  server.ServerUtils (ServerUtils.java:getDefaultRatisDirectory(237)) - Storage directory for Ratis is not configured. It is a good idea to map this to an SSD disk. Falling back to ozone.metadata.dirs
2021-08-28 05:53:21,398 [grpc-default-executor-3] INFO  server.RaftServer$Division (RaftServerImpl.java:setRole(285)) - omNode-2@group-523986131536: changes role from  FOLLOWER to FOLLOWER at term 1 for candidate:omNode-1
2021-08-28 05:53:21,398 [grpc-default-executor-3] INFO  impl.RoleInfo (RoleInfo.java:shutdownFollowerState(108)) - omNode-2: shutdown omNode-2@group-523986131536-FollowerState
2021-08-28 05:53:21,398 [Listener at 127.0.0.1/11530] WARN  utils.OzoneManagerRatisUtils (OzoneManagerRatisUtils.java:getOMRatisSnapshotDirectory(391)) - ozone.om.ratis.snapshot.dir is not configured. Falling back to ozone.metadata.dirs config
2021-08-28 05:53:21,398 [omNode-2@group-523986131536-FollowerState] INFO  impl.FollowerState (FollowerState.java:run(143)) - omNode-2@group-523986131536-FollowerState was interrupted: {}
java.lang.InterruptedException: sleep interrupted
	at java.lang.Thread.sleep(Native Method)
	at java.lang.Thread.sleep(Thread.java:340)
	at java.util.concurrent.TimeUnit.sleep(TimeUnit.java:386)
	at org.apache.ratis.util.TimeDuration.sleep(TimeDuration.java:324)
	at org.apache.ratis.util.TimeDuration.sleep(TimeDuration.java:309)
	at org.apache.ratis.server.impl.FollowerState.run(FollowerState.java:118)
2021-08-28 05:53:21,399 [Listener at 127.0.0.1/11530] INFO  snapshot.OzoneManagerSnapshotProvider (OzoneManagerSnapshotProvider.java:<init>(76)) - Initializing OM Snapshot Provider
2021-08-28 05:53:21,398 [grpc-default-executor-3] INFO  impl.RoleInfo (RoleInfo.java:updateAndGet(130)) - omNode-2: start omNode-2@group-523986131536-FollowerState
2021-08-28 05:53:21,403 [grpc-default-executor-3] INFO  server.RaftServer$Division (RaftServerImpl.java:requestVote(1075)) - omNode-2@group-523986131536 replies to ELECTION vote request: omNode-1<-omNode-2#0:OK-t1. Peer's state: omNode-2@group-523986131536:t1, leader=null, voted=omNode-1, raftlog=omNode-2@group-523986131536-SegmentedRaftLog:OPENED:c-1,f-1,i0, conf=-1: [omNode-3|rpc:localhost:11540|priority:0, omNode-1|rpc:localhost:11528|priority:0, omNode-2|rpc:localhost:11534|priority:0], old=null
2021-08-28 05:53:21,411 [omNode-1@group-523986131536-LeaderElection40] INFO  impl.LeaderElection (LeaderElection.java:logAndReturn(89)) - omNode-1@group-523986131536-LeaderElection40: ELECTION PASSED received 1 response(s) and 1 exception(s):
2021-08-28 05:53:21,411 [omNode-1@group-523986131536-LeaderElection40] INFO  impl.LeaderElection (LeaderElection.java:logAndReturn(93)) -   Response 0: omNode-1<-omNode-2#0:OK-t1
2021-08-28 05:53:21,411 [omNode-1@group-523986131536-LeaderElection40] INFO  impl.LeaderElection (LogUtils.java:infoOrTrace(137)) -   Exception 1: java.util.concurrent.ExecutionException: org.apache.ratis.thirdparty.io.grpc.StatusRuntimeException: UNAVAILABLE: io exception
2021-08-28 05:53:21,411 [omNode-1@group-523986131536-LeaderElection40] INFO  impl.LeaderElection (LeaderElection.java:askForVotes(308)) - omNode-1@group-523986131536-LeaderElection40 ELECTION round 0: result PASSED
2021-08-28 05:53:21,411 [omNode-1@group-523986131536-LeaderElection40] INFO  impl.RoleInfo (RoleInfo.java:shutdownLeaderElection(121)) - omNode-1: shutdown omNode-1@group-523986131536-LeaderElection40
2021-08-28 05:53:21,411 [omNode-1@group-523986131536-LeaderElection40] INFO  server.RaftServer$Division (RaftServerImpl.java:setRole(285)) - omNode-1@group-523986131536: changes role from CANDIDATE to LEADER at term 1 for changeToLeader
2021-08-28 05:53:21,411 [omNode-1@group-523986131536-LeaderElection40] INFO  server.RaftServer$Division (ServerState.java:setLeader(285)) - omNode-1@group-523986131536: change Leader from null to omNode-1 at term 1 for becomeLeader, leader elected after 1376ms
2021-08-28 05:53:21,411 [omNode-1@group-523986131536-LeaderElection40] INFO  server.RaftServerConfigKeys (ConfUtils.java:logGet(44)) - raft.server.staging.catchup.gap = 1000 (default)
2021-08-28 05:53:21,412 [omNode-1@group-523986131536-LeaderElection40] INFO  server.RaftServerConfigKeys (ConfUtils.java:logGet(44)) - raft.server.write.element-limit = 4096 (default)
2021-08-28 05:53:21,412 [omNode-1@group-523986131536-LeaderElection40] INFO  server.RaftServerConfigKeys (ConfUtils.java:logGet(44)) - raft.server.write.byte-limit = 64MB (=67108864) (default)
2021-08-28 05:53:21,412 [omNode-1@group-523986131536-LeaderElection40] INFO  server.RaftServerConfigKeys (ConfUtils.java:logGet(44)) - raft.server.watch.timeout = 10s (default)
2021-08-28 05:53:21,412 [omNode-1@group-523986131536-LeaderElection40] INFO  server.RaftServerConfigKeys (ConfUtils.java:logGet(44)) - raft.server.watch.timeout.denomination = 1s (default)
2021-08-28 05:53:21,412 [omNode-1@group-523986131536-LeaderElection40] INFO  server.RaftServerConfigKeys (ConfUtils.java:logGet(44)) - raft.server.watch.element-limit = 65536 (default)
2021-08-28 05:53:21,412 [omNode-1@group-523986131536-LeaderElection40] INFO  server.RaftServerConfigKeys (ConfUtils.java:logGet(44)) - raft.server.log.appender.snapshot.chunk.size.max = 16MB (=16777216) (default)
2021-08-28 05:53:21,412 [omNode-1@group-523986131536-LeaderElection40] INFO  server.RaftServerConfigKeys (ConfUtils.java:logGet(44)) - raft.server.log.appender.buffer.byte-limit = 33554432 (custom)
2021-08-28 05:53:21,412 [omNode-1@group-523986131536-LeaderElection40] INFO  server.RaftServerConfigKeys (ConfUtils.java:logGet(44)) - raft.server.log.appender.buffer.element-limit = 1024 (custom)
2021-08-28 05:53:21,412 [omNode-1@group-523986131536-LeaderElection40] INFO  grpc.GrpcConfigKeys (ConfUtils.java:logGet(44)) - raft.grpc.server.leader.outstanding.appends.max = 128 (default)
2021-08-28 05:53:21,412 [omNode-1@group-523986131536-LeaderElection40] INFO  server.RaftServerConfigKeys (ConfUtils.java:logGet(44)) - raft.server.rpc.request.timeout = 3000ms (default)
2021-08-28 05:53:21,413 [omNode-1@group-523986131536-LeaderElection40] INFO  server.RaftServerConfigKeys (ConfUtils.java:logGet(44)) - raft.server.log.appender.install.snapshot.enabled = false (custom)
2021-08-28 05:53:21,418 [omNode-1@group-523986131536-LeaderElection40] INFO  server.RaftServerConfigKeys (ConfUtils.java:logGet(44)) - raft.server.log.appender.snapshot.chunk.size.max = 16MB (=16777216) (default)
2021-08-28 05:53:21,418 [omNode-1@group-523986131536-LeaderElection40] INFO  server.RaftServerConfigKeys (ConfUtils.java:logGet(44)) - raft.server.log.appender.buffer.byte-limit = 33554432 (custom)
2021-08-28 05:53:21,418 [omNode-1@group-523986131536-LeaderElection40] INFO  server.RaftServerConfigKeys (ConfUtils.java:logGet(44)) - raft.server.log.appender.buffer.element-limit = 1024 (custom)
2021-08-28 05:53:21,418 [omNode-1@group-523986131536-LeaderElection40] INFO  grpc.GrpcConfigKeys (ConfUtils.java:logGet(44)) - raft.grpc.server.leader.outstanding.appends.max = 128 (default)
2021-08-28 05:53:21,418 [omNode-1@group-523986131536-LeaderElection40] INFO  server.RaftServerConfigKeys (ConfUtils.java:logGet(44)) - raft.server.rpc.request.timeout = 3000ms (default)
2021-08-28 05:53:21,419 [omNode-1@group-523986131536-LeaderElection40] INFO  server.RaftServerConfigKeys (ConfUtils.java:logGet(44)) - raft.server.log.appender.install.snapshot.enabled = false (custom)
2021-08-28 05:53:21,420 [omNode-1@group-523986131536-LeaderElection40] INFO  impl.RoleInfo (RoleInfo.java:updateAndGet(130)) - omNode-1: start omNode-1@group-523986131536-LeaderStateImpl
2021-08-28 05:53:21,420 [omNode-1@group-523986131536-LeaderElection40] INFO  segmented.SegmentedRaftLogWorker (SegmentedRaftLogWorker.java:startLogSegment(394)) - omNode-1@group-523986131536-SegmentedRaftLogWorker: Starting segment from index:0
2021-08-28 05:53:21,431 [omNode-1@group-523986131536-SegmentedRaftLogWorker] INFO  segmented.SegmentedRaftLogWorker (SegmentedRaftLogWorker.java:execute(601)) - omNode-1@group-523986131536-SegmentedRaftLogWorker: created new log segment /home/runner/work/ozone/ozone/hadoop-ozone/integration-test/target/test-dir/MiniOzoneClusterImpl-4114dceb-4d54-4a06-811c-48a2541ee5b4/omNode-1/ratis/c9bc4cf4-3bc3-3c60-a66b-523986131536/current/log_inprogress_0
2021-08-28 05:53:21,434 [Listener at 127.0.0.1/11530] WARN  impl.MetricRegistriesImpl (MetricRegistriesImpl.java:addReporterRegistration(111)) - New reporters are added after registries were created. Some metrics will be missing from the reporter. Please add reporter before adding any new registry.
2021-08-28 05:53:21,434 [Listener at 127.0.0.1/11530] WARN  impl.MetricRegistriesImpl (MetricRegistriesImpl.java:addReporterRegistration(111)) - New reporters are added after registries were created. Some metrics will be missing from the reporter. Please add reporter before adding any new registry.
2021-08-28 05:53:21,435 [Listener at 127.0.0.1/11530] WARN  server.ServerUtils (ServerUtils.java:getDefaultRatisDirectory(237)) - Storage directory for Ratis is not configured. It is a good idea to map this to an SSD disk. Falling back to ozone.metadata.dirs
2021-08-28 05:53:21,435 [Listener at 127.0.0.1/11530] INFO  ratis.OzoneManagerRatisServer (OzoneManagerRatisServer.java:<init>(158)) - Instantiating OM Ratis server with groupID: om-service-test1 and peers: localhost:11540, localhost:11528, localhost:11534
2021-08-28 05:53:21,435 [Listener at 127.0.0.1/11530] INFO  ratis.OzoneManagerStateMachine (OzoneManagerStateMachine.java:loadSnapshotInfoFromDB(605)) - LastAppliedIndex is set from TransactionInfo from OM DB as (t:0, i:~)
2021-08-28 05:53:21,446 [omNode-1@group-523986131536-LeaderElection40] INFO  server.RaftServer$Division (ServerState.java:setRaftConf(387)) - omNode-1@group-523986131536: set configuration 0: [omNode-3|rpc:localhost:11540|admin:|client:|dataStream:|priority:0, omNode-1|rpc:localhost:11528|admin:|client:|dataStream:|priority:0, omNode-2|rpc:localhost:11534|admin:|client:|dataStream:|priority:0], old=null
2021-08-28 05:53:21,446 [omNode-1@group-523986131536-StateMachineUpdater] INFO  ratis.OzoneManagerStateMachine (OzoneManagerStateMachine.java:notifyConfigurationChanged(188)) - Received Configuration change notification from Ratis. New Peer list:
[id: "omNode-3"
address: "localhost:11540"
, id: "omNode-1"
address: "localhost:11528"
, id: "omNode-2"
address: "localhost:11534"
]
2021-08-28 05:53:21,460 [grpc-default-executor-3] WARN  server.GrpcLogAppender (LogUtils.java:warn(122)) - omNode-1@group-523986131536->omNode-3-AppendLogResponseHandler: Failed appendEntries: org.apache.ratis.thirdparty.io.grpc.StatusRuntimeException: UNAVAILABLE: io exception
2021-08-28 05:53:21,461 [grpc-default-executor-3] WARN  server.GrpcLogAppender (GrpcLogAppender.java:resetClient(111)) - omNode-1@group-523986131536->omNode-3-GrpcLogAppender: Leader has not got in touch with Follower omNode-1@group-523986131536->omNode-3(c-1,m0,n0, attendVote=true, lastRpcSendTime=1248, lastRpcResponseTime=1248) yet, just keep nextIndex unchanged and retry.
2021-08-28 05:53:21,463 [Listener at 127.0.0.1/11530] INFO  server.RaftServer (ConfUtils.java:logGet(44)) - raft.rpc.type = GRPC (default)
2021-08-28 05:53:21,463 [Listener at 127.0.0.1/11530] INFO  grpc.GrpcFactory (GrpcFactory.java:checkPooledByteBufAllocatorUseCacheForAllThreads(48)) - PERFORMANCE WARNING: useCacheForAllThreads is true that may cause Netty to create a lot garbage objects and, as a result, trigger GC.
	It is recommended to disable useCacheForAllThreads by setting -Dorg.apache.ratis.thirdparty.io.netty.allocator.useCacheForAllThreads=false in command line.
2021-08-28 05:53:21,464 [Listener at 127.0.0.1/11530] INFO  grpc.GrpcConfigKeys (ConfUtils.java:logGet(44)) - raft.grpc.admin.port = -1 (default)
2021-08-28 05:53:21,464 [Listener at 127.0.0.1/11530] INFO  grpc.GrpcConfigKeys (ConfUtils.java:logGet(44)) - raft.grpc.server.port = 11540 (custom)
2021-08-28 05:53:21,464 [Listener at 127.0.0.1/11530] INFO  grpc.GrpcConfigKeys (ConfUtils.java:logGet(44)) - raft.grpc.client.port = -1 (default)
2021-08-28 05:53:21,464 [Listener at 127.0.0.1/11530] INFO  grpc.GrpcConfigKeys (ConfUtils.java:logGet(44)) - raft.grpc.server.port = 11540 (custom)
2021-08-28 05:53:21,464 [Listener at 127.0.0.1/11530] INFO  grpc.GrpcConfigKeys (ConfUtils.java:logGet(44)) - raft.grpc.server.port = 11540 (custom)
2021-08-28 05:53:21,464 [Listener at 127.0.0.1/11530] INFO  server.GrpcService (ConfUtils.java:logGet(44)) - raft.grpc.message.size.max = 33554432 (custom)
2021-08-28 05:53:21,464 [Listener at 127.0.0.1/11530] INFO  server.RaftServerConfigKeys (ConfUtils.java:logGet(44)) - raft.server.log.appender.buffer.byte-limit = 33554432 (custom)
2021-08-28 05:53:21,464 [Listener at 127.0.0.1/11530] INFO  server.GrpcService (ConfUtils.java:logGet(44)) - raft.grpc.flow.control.window = 1MB (=1048576) (default)
2021-08-28 05:53:21,464 [Listener at 127.0.0.1/11530] INFO  server.RaftServerConfigKeys (ConfUtils.java:logGet(44)) - raft.server.rpc.request.timeout = 3000ms (default)
2021-08-28 05:53:21,465 [Listener at 127.0.0.1/11530] INFO  impl.DataStreamServerImpl (ConfUtils.java:logGet(44)) - raft.datastream.type = DISABLED (default)
2021-08-28 05:53:21,466 [Listener at 127.0.0.1/11530] INFO  server.RaftServerConfigKeys (ConfUtils.java:logGet(44)) - raft.server.rpc.slowness.timeout = 2s (custom)
2021-08-28 05:53:21,466 [Listener at 127.0.0.1/11530] INFO  server.RaftServerConfigKeys (ConfUtils.java:logGet(44)) - raft.server.leaderelection.leader.step-down.wait-time = 10s (default)
2021-08-28 05:53:21,466 [Listener at 127.0.0.1/11530] INFO  server.RaftServerConfigKeys (ConfUtils.java:logGet(44)) - raft.server.storage.dir = [/home/runner/work/ozone/ozone/hadoop-ozone/integration-test/target/test-dir/MiniOzoneClusterImpl-4114dceb-4d54-4a06-811c-48a2541ee5b4/omNode-3/ratis] (custom)
2021-08-28 05:53:21,469 [grpc-default-executor-5] WARN  server.GrpcLogAppender (LogUtils.java:warn(122)) - omNode-1@group-523986131536->omNode-3-AppendLogResponseHandler: Failed appendEntries: org.apache.ratis.thirdparty.io.grpc.StatusRuntimeException: UNAVAILABLE: io exception
2021-08-28 05:53:21,469 [grpc-default-executor-5] WARN  server.GrpcLogAppender (GrpcLogAppender.java:resetClient(111)) - omNode-1@group-523986131536->omNode-3-GrpcLogAppender: Leader has not got in touch with Follower omNode-1@group-523986131536->omNode-3(c-1,m0,n1, attendVote=true, lastRpcSendTime=8, lastRpcResponseTime=1257) yet, just keep nextIndex unchanged and retry.
2021-08-28 05:53:21,470 [grpc-default-executor-5] INFO  server.RaftServer$Division (ServerState.java:setLeader(285)) - omNode-2@group-523986131536: change Leader from null to omNode-1 at term 1 for appendEntries, leader elected after 815ms
2021-08-28 05:53:21,474 [grpc-default-executor-5] INFO  server.RaftServer$Division (ServerState.java:setRaftConf(387)) - omNode-2@group-523986131536: set configuration 0: [omNode-3|rpc:localhost:11540|admin:|client:|dataStream:|priority:0, omNode-1|rpc:localhost:11528|admin:|client:|dataStream:|priority:0, omNode-2|rpc:localhost:11534|admin:|client:|dataStream:|priority:0], old=null
2021-08-28 05:53:21,475 [grpc-default-executor-5] INFO  segmented.SegmentedRaftLogWorker (SegmentedRaftLogWorker.java:startLogSegment(394)) - omNode-2@group-523986131536-SegmentedRaftLogWorker: Starting segment from index:0
2021-08-28 05:53:21,498 [Listener at 127.0.0.1/11530] INFO  server.RaftServer (RaftServerProxy.java:addNew(95)) - omNode-3: addNew group-523986131536:[omNode-3|rpc:localhost:11540|priority:0, omNode-1|rpc:localhost:11528|priority:0, omNode-2|rpc:localhost:11534|priority:0] returns group-523986131536:java.util.concurrent.CompletableFuture@4a82dcde[Not completed]
2021-08-28 05:53:21,498 [Listener at 127.0.0.1/11530] INFO  om.OzoneManager (OzoneManager.java:initializeRatisServer(1573)) - OzoneManager Ratis server initialized at port 11540
2021-08-28 05:53:21,499 [Listener at 127.0.0.1/11530] INFO  ipc.CallQueueManager (CallQueueManager.java:<init>(90)) - Using callQueue: class java.util.concurrent.LinkedBlockingQueue, queueCapacity: 2000, scheduler: class org.apache.hadoop.ipc.DefaultRpcScheduler, ipcBackoff: false.
2021-08-28 05:53:21,500 [pool-576-thread-1] INFO  server.RaftServer$Division (RaftServerImpl.java:<init>(181)) - omNode-3: new RaftServerImpl for group-523986131536:[omNode-3|rpc:localhost:11540|priority:0, omNode-1|rpc:localhost:11528|priority:0, omNode-2|rpc:localhost:11534|priority:0] with OzoneManagerStateMachine:uninitialized
2021-08-28 05:53:21,501 [omNode-2@group-523986131536-SegmentedRaftLogWorker] INFO  segmented.SegmentedRaftLogWorker (SegmentedRaftLogWorker.java:execute(601)) - omNode-2@group-523986131536-SegmentedRaftLogWorker: created new log segment /home/runner/work/ozone/ozone/hadoop-ozone/integration-test/target/test-dir/MiniOzoneClusterImpl-4114dceb-4d54-4a06-811c-48a2541ee5b4/omNode-2/ratis/c9bc4cf4-3bc3-3c60-a66b-523986131536/current/log_inprogress_0
2021-08-28 05:53:21,503 [Socket Reader #1 for port 11536] INFO  ipc.Server (Server.java:run(1265)) - Starting Socket Reader #1 for port 11536
2021-08-28 05:53:21,524 [pool-576-thread-1] INFO  server.RaftServerConfigKeys (ConfUtils.java:logGet(44)) - raft.server.rpc.timeout.min = 1s (custom)
2021-08-28 05:53:21,524 [pool-576-thread-1] INFO  server.RaftServerConfigKeys (ConfUtils.java:logGet(44)) - raft.server.rpc.timeout.max = 1200ms (custom)
2021-08-28 05:53:21,524 [pool-576-thread-1] INFO  server.RaftServerConfigKeys (ConfUtils.java:logGet(44)) - raft.server.rpc.sleep.time = 25ms (default)
2021-08-28 05:53:21,524 [pool-576-thread-1] INFO  server.RaftServerConfigKeys (ConfUtils.java:logGet(44)) - raft.server.rpc.slowness.timeout = 2s (custom)
2021-08-28 05:53:21,524 [pool-576-thread-1] INFO  server.RaftServerConfigKeys (ConfUtils.java:logGet(44)) - raft.server.leaderelection.leader.step-down.wait-time = 10s (default)
2021-08-28 05:53:21,524 [pool-576-thread-1] INFO  server.RaftServerConfigKeys (ConfUtils.java:logGet(44)) - raft.server.sleep.deviation.threshold = 300ms (default)
2021-08-28 05:53:21,524 [pool-576-thread-1] INFO  server.RaftServerConfigKeys (ConfUtils.java:logGet(44)) - raft.server.log.appender.install.snapshot.enabled = false (custom)
2021-08-28 05:53:21,524 [pool-576-thread-1] INFO  server.RaftServer$Division (ServerState.java:<init>(105)) - omNode-3@group-523986131536: ConfigurationManager, init=-1: [omNode-3|rpc:localhost:11540|priority:0, omNode-1|rpc:localhost:11528|priority:0, omNode-2|rpc:localhost:11534|priority:0], old=null, confs=<EMPTY_MAP>
2021-08-28 05:53:21,524 [pool-576-thread-1] INFO  server.RaftServerConfigKeys (ConfUtils.java:logGet(44)) - raft.server.storage.dir = [/home/runner/work/ozone/ozone/hadoop-ozone/integration-test/target/test-dir/MiniOzoneClusterImpl-4114dceb-4d54-4a06-811c-48a2541ee5b4/omNode-3/ratis] (custom)
2021-08-28 05:53:21,524 [pool-576-thread-1] INFO  server.RaftServerConfigKeys (ConfUtils.java:logGet(44)) - raft.server.log.corruption.policy = EXCEPTION (default)
2021-08-28 05:53:21,524 [pool-576-thread-1] INFO  server.RaftServerConfigKeys (ConfUtils.java:logGet(44)) - raft.server.storage.free-space.min = 0MB (=0) (default)
2021-08-28 05:53:21,525 [pool-576-thread-1] INFO  storage.RaftStorageDirectory (RaftStorageDirectoryImpl.java:analyzeStorage(135)) - The storage directory /home/runner/work/ozone/ozone/hadoop-ozone/integration-test/target/test-dir/MiniOzoneClusterImpl-4114dceb-4d54-4a06-811c-48a2541ee5b4/omNode-3/ratis/c9bc4cf4-3bc3-3c60-a66b-523986131536 does not exist. Creating ...
2021-08-28 05:53:21,528 [pool-576-thread-1] INFO  storage.RaftStorageDirectory (RaftStorageDirectoryImpl.java:tryLock(230)) - Lock on /home/runner/work/ozone/ozone/hadoop-ozone/integration-test/target/test-dir/MiniOzoneClusterImpl-4114dceb-4d54-4a06-811c-48a2541ee5b4/omNode-3/ratis/c9bc4cf4-3bc3-3c60-a66b-523986131536/in_use.lock acquired by nodename 5511@fv-az50-59
2021-08-28 05:53:21,529 [pool-576-thread-1] INFO  storage.RaftStorage (RaftStorageImpl.java:format(89)) - Storage directory /home/runner/work/ozone/ozone/hadoop-ozone/integration-test/target/test-dir/MiniOzoneClusterImpl-4114dceb-4d54-4a06-811c-48a2541ee5b4/omNode-3/ratis/c9bc4cf4-3bc3-3c60-a66b-523986131536 has been successfully formatted.
2021-08-28 05:53:21,529 [pool-576-thread-1] INFO  server.RaftServerConfigKeys (ConfUtils.java:logGet(44)) - raft.server.notification.no-leader.timeout = 2s (custom)
2021-08-28 05:53:21,529 [pool-576-thread-1] INFO  server.RaftServerConfigKeys (ConfUtils.java:logGet(44)) - raft.server.log.use.memory = false (default)
2021-08-28 05:53:21,529 [pool-576-thread-1] INFO  server.RaftServerConfigKeys (ConfUtils.java:logGet(44)) - raft.server.log.purge.gap = 50 (custom)
2021-08-28 05:53:21,529 [pool-576-thread-1] INFO  server.RaftServerConfigKeys (ConfUtils.java:logGet(44)) - raft.server.log.appender.buffer.byte-limit = 33554432 (custom)
2021-08-28 05:53:21,529 [pool-576-thread-1] INFO  server.RaftServerConfigKeys (ConfUtils.java:logGet(44)) - raft.server.log.segment.size.max = 4194304 (custom)
2021-08-28 05:53:21,530 [pool-576-thread-1] INFO  server.RaftServerConfigKeys (ConfUtils.java:logGet(44)) - raft.server.log.segment.cache.num.max = 2 (custom)
2021-08-28 05:53:21,530 [pool-576-thread-1] INFO  server.RaftServerConfigKeys (ConfUtils.java:logGet(44)) - raft.server.log.segment.cache.size.max = 200MB (=209715200) (default)
2021-08-28 05:53:21,530 [pool-576-thread-1] INFO  segmented.SegmentedRaftLogWorker (SegmentedRaftLogWorker.java:<init>(182)) - new omNode-3@group-523986131536-SegmentedRaftLogWorker for RaftStorageImpl:Storage Directory /home/runner/work/ozone/ozone/hadoop-ozone/integration-test/target/test-dir/MiniOzoneClusterImpl-4114dceb-4d54-4a06-811c-48a2541ee5b4/omNode-3/ratis/c9bc4cf4-3bc3-3c60-a66b-523986131536
2021-08-28 05:53:21,530 [pool-576-thread-1] INFO  server.RaftServerConfigKeys (ConfUtils.java:logGet(44)) - raft.server.log.queue.byte-limit = 64MB (=67108864) (default)
2021-08-28 05:53:21,530 [pool-576-thread-1] INFO  server.RaftServerConfigKeys (ConfUtils.java:logGet(44)) - raft.server.log.queue.element-limit = 4096 (default)
2021-08-28 05:53:21,530 [pool-576-thread-1] INFO  server.RaftServerConfigKeys (ConfUtils.java:logGet(44)) - raft.server.log.segment.size.max = 4194304 (custom)
2021-08-28 05:53:21,530 [pool-576-thread-1] INFO  server.RaftServerConfigKeys (ConfUtils.java:logGet(44)) - raft.server.log.preallocated.size = 4194304 (custom)
2021-08-28 05:53:21,531 [pool-576-thread-1] INFO  server.RaftServerConfigKeys (ConfUtils.java:logGet(44)) - raft.server.log.force.sync.num = 128 (default)
2021-08-28 05:53:21,532 [pool-576-thread-1] INFO  server.RaftServerConfigKeys (ConfUtils.java:logGet(44)) - raft.server.log.statemachine.data.sync = true (default)
2021-08-28 05:53:21,532 [pool-576-thread-1] INFO  server.RaftServerConfigKeys (ConfUtils.java:logGet(44)) - raft.server.log.statemachine.data.sync.timeout = 10s (default)
2021-08-28 05:53:21,532 [pool-576-thread-1] INFO  server.RaftServerConfigKeys (ConfUtils.java:logGet(44)) - raft.server.log.statemachine.data.sync.timeout.retry = -1 (default)
2021-08-28 05:53:21,534 [pool-576-thread-1] INFO  server.RaftServerConfigKeys (ConfUtils.java:logGet(44)) - raft.server.log.write.buffer.size = 64KB (=65536) (default)
2021-08-28 05:53:21,534 [pool-576-thread-1] INFO  server.RaftServerConfigKeys (ConfUtils.java:logGet(44)) - raft.server.log.statemachine.data.caching.enabled = false (default)
2021-08-28 05:53:21,534 [pool-576-thread-1] INFO  segmented.SegmentedRaftLogWorker (SegmentedRaftLogWorker.java:lambda$new$0(133)) - omNode-3@group-523986131536-SegmentedRaftLogWorker: flushIndex: setUnconditionally 0 -> -1
2021-08-28 05:53:21,534 [pool-576-thread-1] INFO  segmented.SegmentedRaftLogWorker (SegmentedRaftLogWorker.java:lambda$new$0(133)) - omNode-3@group-523986131536-SegmentedRaftLogWorker: safeCacheEvictIndex: setUnconditionally 0 -> -1
2021-08-28 05:53:21,547 [pool-576-thread-1] INFO  server.RaftServerConfigKeys (ConfUtils.java:logGet(44)) - raft.server.snapshot.auto.trigger.enabled = true (custom)
2021-08-28 05:53:21,547 [pool-576-thread-1] INFO  server.RaftServerConfigKeys (ConfUtils.java:logGet(44)) - raft.server.snapshot.auto.trigger.threshold = 50 (custom)
2021-08-28 05:53:21,547 [pool-576-thread-1] INFO  server.RaftServerConfigKeys (ConfUtils.java:logGet(44)) - raft.server.snapshot.retention.file.num = -1 (default)
2021-08-28 05:53:21,550 [pool-576-thread-1] INFO  server.RaftServerConfigKeys (ConfUtils.java:logGet(44)) - raft.server.log.purge.upto.snapshot.index = true (custom)
2021-08-28 05:53:21,550 [pool-576-thread-1] INFO  server.RaftServerConfigKeys (ConfUtils.java:logGet(44)) - raft.server.retrycache.expirytime = 30000ms (custom)
2021-08-28 05:53:21,550 [pool-576-thread-1] INFO  server.RaftServerConfigKeys (ConfUtils.java:logGet(44)) - raft.server.retrycache.statistics.expirytime = 100μs (default)
2021-08-28 05:53:21,550 [Listener at 127.0.0.1/11536] INFO  om.OzoneManager (OzoneManager.java:initFSOLayout(4321)) - Configured ozone.om.metadata.layout=SIMPLE and disabled optimized OM FS operations
2021-08-28 05:53:21,553 [omNode-2@group-523986131536-StateMachineUpdater] INFO  ratis.OzoneManagerStateMachine (OzoneManagerStateMachine.java:notifyConfigurationChanged(188)) - Received Configuration change notification from Ratis. New Peer list:
[id: "omNode-3"
address: "localhost:11540"
, id: "omNode-1"
address: "localhost:11528"
, id: "omNode-2"
address: "localhost:11534"
]
2021-08-28 05:53:21,574 [Listener at 127.0.0.1/11536] INFO  impl.MetricsSystemImpl (MetricsSystemImpl.java:init(158)) - OzoneManager metrics system started (again)
2021-08-28 05:53:21,606 [Listener at 127.0.0.1/11536] INFO  om.OzoneManager (OzoneManager.java:start(1270)) - OzoneManager RPC server is listening at localhost/127.0.0.1:11536
2021-08-28 05:53:21,606 [Listener at 127.0.0.1/11536] INFO  ratis.OzoneManagerRatisServer (OzoneManagerRatisServer.java:start(516)) - Starting OzoneManagerRatisServer omNode-3 at port 11540
2021-08-28 05:53:21,607 [Listener at 127.0.0.1/11536] INFO  server.RaftServer$Division (RaftServerImpl.java:start(296)) - omNode-3@group-523986131536: start as a follower, conf=-1: [omNode-3|rpc:localhost:11540|priority:0, omNode-1|rpc:localhost:11528|priority:0, omNode-2|rpc:localhost:11534|priority:0], old=null
2021-08-28 05:53:21,607 [Listener at 127.0.0.1/11536] INFO  server.RaftServer$Division (RaftServerImpl.java:setRole(285)) - omNode-3@group-523986131536: changes role from      null to FOLLOWER at term 0 for startAsFollower
2021-08-28 05:53:21,607 [Listener at 127.0.0.1/11536] INFO  impl.RoleInfo (RoleInfo.java:updateAndGet(130)) - omNode-3: start omNode-3@group-523986131536-FollowerState
2021-08-28 05:53:21,607 [Listener at 127.0.0.1/11536] INFO  util.JmxRegister (JmxRegister.java:tryRegister(44)) - Successfully registered JMX Bean with object name Ratis:service=RaftServer,group=group-523986131536,id=omNode-3
2021-08-28 05:53:21,615 [Listener at 127.0.0.1/11536] INFO  server.RaftServer (RaftServerProxy.java:lambda$start$5(374)) - omNode-3: start RPC server
2021-08-28 05:53:21,618 [Listener at 127.0.0.1/11536] INFO  server.GrpcService (GrpcService.java:startImpl(253)) - omNode-3: GrpcService started, listening on 11540
2021-08-28 05:53:21,632 [Listener at 127.0.0.1/11536] INFO  om.OzoneManager (OzoneManager.java:start(1288)) - Version File has different layout version (0) than OM DB (null). That is expected if this OM has never been finalized to a newer layout version.
2021-08-28 05:53:21,633 [org.apache.ratis.util.JvmPauseMonitor$$Lambda$533/26953629@45312651] INFO  util.JvmPauseMonitor (JvmPauseMonitor.java:run(103)) - JvmPauseMonitor-omNode-3: Started
2021-08-28 05:53:21,644 [Listener at 127.0.0.1/11536] INFO  http.BaseHttpServer (BaseHttpServer.java:newHttpServer2BuilderForOzone(209)) - Starting Web-server for ozoneManager at: http://0.0.0.0:11538
2021-08-28 05:53:21,644 [Listener at 127.0.0.1/11536] INFO  http.BaseHttpServer (BaseHttpServer.java:<init>(107)) - Hadoop Security Enabled: false Ozone Security Enabled: false Ozone HTTP Security Enabled: false 
2021-08-28 05:53:21,645 [Listener at 127.0.0.1/11536] INFO  server.AuthenticationFilter (AuthenticationFilter.java:constructSecretProvider(240)) - Unable to initialize FileSignerSecretProvider, falling back to use random secrets.
2021-08-28 05:53:21,645 [Listener at 127.0.0.1/11536] WARN  http.HttpRequestLog (HttpRequestLog.java:getRequestLog(103)) - Jetty request log can only be enabled using Log4j
2021-08-28 05:53:21,646 [Listener at 127.0.0.1/11536] INFO  http.HttpServer2 (HttpServer2.java:addGlobalFilter(1030)) - Added global filter 'safety' (class=org.apache.hadoop.hdds.server.http.HttpServer2$QuotingInputFilter)
2021-08-28 05:53:21,646 [Listener at 127.0.0.1/11536] INFO  http.HttpServer2 (HttpServer2.java:addFilter(1006)) - Added filter static_user_filter (class=org.apache.hadoop.http.lib.StaticUserWebFilter$StaticUserFilter) to context ozoneManager
2021-08-28 05:53:21,646 [Listener at 127.0.0.1/11536] INFO  http.HttpServer2 (HttpServer2.java:addFilter(1014)) - Added filter static_user_filter (class=org.apache.hadoop.http.lib.StaticUserWebFilter$StaticUserFilter) to context static
2021-08-28 05:53:21,646 [Listener at 127.0.0.1/11536] INFO  http.HttpServer2 (HttpServer2.java:addFilter(1014)) - Added filter static_user_filter (class=org.apache.hadoop.http.lib.StaticUserWebFilter$StaticUserFilter) to context logs
2021-08-28 05:53:21,647 [Listener at 127.0.0.1/11536] INFO  http.HttpServer2 (HttpServer2.java:bindListener(1249)) - Jetty bound to port 11538
2021-08-28 05:53:21,647 [Listener at 127.0.0.1/11536] INFO  server.Server (Server.java:doStart(375)) - jetty-9.4.43.v20210629; built: 2021-06-30T11:07:22.254Z; git: 526006ecfa3af7f1a27ef3a288e2bef7ea9dd7e8; jvm 1.8.0_292-b10
2021-08-28 05:53:21,696 [Listener at 127.0.0.1/11536] INFO  server.session (DefaultSessionIdManager.java:doStart(334)) - DefaultSessionIdManager workerName=node0
2021-08-28 05:53:21,696 [Listener at 127.0.0.1/11536] INFO  server.session (DefaultSessionIdManager.java:doStart(339)) - No SessionScavenger set, using defaults
2021-08-28 05:53:21,696 [Listener at 127.0.0.1/11536] INFO  server.session (HouseKeeper.java:startScavenging(132)) - node0 Scavenging every 660000ms
2021-08-28 05:53:21,697 [Listener at 127.0.0.1/11536] INFO  handler.ContextHandler (ContextHandler.java:doStart(915)) - Started o.e.j.s.ServletContextHandler@1a30f13c{logs,/logs,file:///home/runner/work/ozone/ozone/hadoop-ozone/integration-test/target/log,AVAILABLE}
2021-08-28 05:53:21,697 [Listener at 127.0.0.1/11536] INFO  handler.ContextHandler (ContextHandler.java:doStart(915)) - Started o.e.j.s.ServletContextHandler@2b34f75c{static,/static,file:///home/runner/work/ozone/ozone/hadoop-ozone/integration-test/target/test-classes/webapps/static,AVAILABLE}
2021-08-28 05:53:21,708 [Listener at 127.0.0.1/11536] INFO  handler.ContextHandler (ContextHandler.java:doStart(915)) - Started o.e.j.w.WebAppContext@7846e255{ozoneManager,/,file:///home/runner/work/ozone/ozone/hadoop-ozone/integration-test/target/test-classes/webapps/ozoneManager/,AVAILABLE}{file:/home/runner/work/ozone/ozone/hadoop-ozone/integration-test/target/test-classes/webapps/ozoneManager}
2021-08-28 05:53:21,756 [Listener at 127.0.0.1/11536] INFO  server.AbstractConnector (AbstractConnector.java:doStart(331)) - Started ServerConnector@3746806c{HTTP/1.1, (http/1.1)}{0.0.0.0:11538}
2021-08-28 05:53:21,756 [Listener at 127.0.0.1/11536] INFO  server.Server (Server.java:doStart(415)) - Started @115805ms
2021-08-28 05:53:21,756 [Listener at 127.0.0.1/11536] WARN  impl.MetricsSystemImpl (MetricsSystemImpl.java:register(279)) - Sink prometheus already exists!
2021-08-28 05:53:21,763 [Listener at 127.0.0.1/11536] INFO  http.BaseHttpServer (BaseHttpServer.java:updateConnectorAddress(329)) - HTTP server of ozoneManager listening at http://0.0.0.0:11538
2021-08-28 05:53:21,786 [IPC Server Responder] INFO  ipc.Server (Server.java:run(1507)) - IPC Server Responder: starting
2021-08-28 05:53:21,787 [IPC Server listener on 11536] INFO  ipc.Server (Server.java:run(1344)) - IPC Server listener on 11536: starting
2021-08-28 05:53:21,790 [Listener at 127.0.0.1/11536] INFO  om.OzoneManager (OzoneManager.java:startTrashEmptier(1531)) - Trash Interval set to 0. Files deleted will not move to trash
2021-08-28 05:53:21,790 [Listener at 127.0.0.1/11536] INFO  ozone.MiniOzoneHAClusterImpl (MiniOzoneHAClusterImpl.java:createOMService(485)) - Started OzoneManager omNode-3 RPC server at localhost/127.0.0.1:11536
2021-08-28 05:53:21,823 [org.apache.hadoop.util.JvmPauseMonitor$Monitor@1fbce305] INFO  util.JvmPauseMonitor (JvmPauseMonitor.java:run(188)) - Starting JVM pause monitor
2021-08-28 05:53:21,851 [Listener at 127.0.0.1/11536] WARN  impl.MetricRegistriesImpl (MetricRegistriesImpl.java:addReporterRegistration(111)) - New reporters are added after registries were created. Some metrics will be missing from the reporter. Please add reporter before adding any new registry.
2021-08-28 05:53:21,851 [Listener at 127.0.0.1/11536] WARN  impl.MetricRegistriesImpl (MetricRegistriesImpl.java:addReporterRegistration(111)) - New reporters are added after registries were created. Some metrics will be missing from the reporter. Please add reporter before adding any new registry.
2021-08-28 05:53:21,851 [Listener at 127.0.0.1/11536] INFO  impl.MetricsSystemImpl (MetricsSystemImpl.java:init(158)) - HddsDatanode metrics system started (again)
2021-08-28 05:53:21,883 [Listener at 127.0.0.1/11536] INFO  ozone.HddsDatanodeService (HddsDatanodeService.java:start(234)) - HddsDatanodeService host:fv-az50-59.grzltbmokehuzjyc5b133kdqgh.cx.internal.cloudapp.net ip:10.1.0.40
2021-08-28 05:53:21,898 [EndpointStateMachine task thread for /0.0.0.0:43701 - 0 ] INFO  ipc.Client (Client.java:handleConnectionFailure(977)) - Retrying connect to server: 0.0.0.0/0.0.0.0:43701. Already tried 6 time(s); retry policy is RetryUpToMaximumCountWithFixedSleep(maxRetries=15, sleepTime=1000 MILLISECONDS)
2021-08-28 05:53:21,915 [Listener at 127.0.0.1/11536] INFO  upgrade.AbstractLayoutVersionManager (AbstractLayoutVersionManager.java:init(70)) - Initializing Layout version manager with metadata layout = SCM_HA (version = 2), software layout = SCM_HA (version = 2)
2021-08-28 05:53:21,973 [grpc-default-executor-5] WARN  server.GrpcLogAppender (LogUtils.java:warn(122)) - omNode-1@group-523986131536->omNode-3-AppendLogResponseHandler: Failed appendEntries: org.apache.ratis.thirdparty.io.grpc.StatusRuntimeException: UNAVAILABLE: io exception
2021-08-28 05:53:21,973 [grpc-default-executor-5] WARN  server.GrpcLogAppender (GrpcLogAppender.java:resetClient(111)) - omNode-1@group-523986131536->omNode-3-GrpcLogAppender: Leader has not got in touch with Follower omNode-1@group-523986131536->omNode-3(c-1,m0,n1, attendVote=true, lastRpcSendTime=512, lastRpcResponseTime=1761) yet, just keep nextIndex unchanged and retry.
2021-08-28 05:53:22,022 [Listener at 127.0.0.1/11536] INFO  reflections.Reflections (Reflections.java:scan(232)) - Reflections took 104 ms to scan 7 urls, producing 120 keys and 275 values 
2021-08-28 05:53:22,049 [Listener at 127.0.0.1/11536] INFO  volume.HddsVolume (HddsVolume.java:<init>(120)) - Creating HddsVolume: /home/runner/work/ozone/ozone/hadoop-ozone/integration-test/target/test-dir/MiniOzoneClusterImpl-4114dceb-4d54-4a06-811c-48a2541ee5b4/datanode-0/data-0/containers/hdds of storage type : DISK capacity : 9223372036854775807
2021-08-28 05:53:22,050 [Listener at 127.0.0.1/11536] INFO  volume.MutableVolumeSet (MutableVolumeSet.java:initializeVolumeSet(181)) - Added Volume : /home/runner/work/ozone/ozone/hadoop-ozone/integration-test/target/test-dir/MiniOzoneClusterImpl-4114dceb-4d54-4a06-811c-48a2541ee5b4/datanode-0/data-0/containers/hdds to VolumeSet
2021-08-28 05:53:22,050 [Listener at 127.0.0.1/11536] INFO  volume.ThrottledAsyncChecker (ThrottledAsyncChecker.java:schedule(141)) - Scheduling a check for /home/runner/work/ozone/ozone/hadoop-ozone/integration-test/target/test-dir/MiniOzoneClusterImpl-4114dceb-4d54-4a06-811c-48a2541ee5b4/datanode-0/data-0/containers/hdds
2021-08-28 05:53:22,070 [Listener at 127.0.0.1/11536] INFO  volume.StorageVolumeChecker (StorageVolumeChecker.java:checkAllVolumes(202)) - Scheduled health check for volume /home/runner/work/ozone/ozone/hadoop-ozone/integration-test/target/test-dir/MiniOzoneClusterImpl-4114dceb-4d54-4a06-811c-48a2541ee5b4/datanode-0/data-0/containers/hdds
2021-08-28 05:53:22,084 [Listener at 127.0.0.1/11536] INFO  volume.MutableVolumeSet (MutableVolumeSet.java:initializeVolumeSet(181)) - Added Volume : /home/runner/work/ozone/ozone/hadoop-ozone/integration-test/target/test-dir/MiniOzoneClusterImpl-4114dceb-4d54-4a06-811c-48a2541ee5b4/datanode-0/data/ratis to VolumeSet
2021-08-28 05:53:22,084 [Listener at 127.0.0.1/11536] INFO  volume.ThrottledAsyncChecker (ThrottledAsyncChecker.java:schedule(141)) - Scheduling a check for /home/runner/work/ozone/ozone/hadoop-ozone/integration-test/target/test-dir/MiniOzoneClusterImpl-4114dceb-4d54-4a06-811c-48a2541ee5b4/datanode-0/data/ratis
2021-08-28 05:53:22,084 [Listener at 127.0.0.1/11536] INFO  volume.StorageVolumeChecker (StorageVolumeChecker.java:checkAllVolumes(202)) - Scheduled health check for volume /home/runner/work/ozone/ozone/hadoop-ozone/integration-test/target/test-dir/MiniOzoneClusterImpl-4114dceb-4d54-4a06-811c-48a2541ee5b4/datanode-0/data/ratis
2021-08-28 05:53:22,098 [Listener at 127.0.0.1/11536] INFO  ozoneimpl.ContainerReader (ContainerReader.java:<init>(98)) - Running in upgrade mode:true
2021-08-28 05:53:22,104 [Thread-1774] INFO  ozoneimpl.ContainerReader (ContainerReader.java:readVolume(142)) - Start to verify containers on volume /home/runner/work/ozone/ozone/hadoop-ozone/integration-test/target/test-dir/MiniOzoneClusterImpl-4114dceb-4d54-4a06-811c-48a2541ee5b4/datanode-0/data-0/containers/hdds
2021-08-28 05:53:22,104 [Thread-1774] INFO  ozoneimpl.ContainerReader (ContainerReader.java:readVolume(174)) - Finish verifying containers on volume /home/runner/work/ozone/ozone/hadoop-ozone/integration-test/target/test-dir/MiniOzoneClusterImpl-4114dceb-4d54-4a06-811c-48a2541ee5b4/datanode-0/data-0/containers/hdds
2021-08-28 05:53:22,104 [Listener at 127.0.0.1/11536] INFO  ozoneimpl.OzoneContainer (OzoneContainer.java:buildContainerSet(237)) - Build ContainerSet costs 0s
2021-08-28 05:53:22,105 [Listener at 127.0.0.1/11536] INFO  server.RaftServer (ConfUtils.java:logGet(44)) - raft.rpc.type = GRPC (default)
2021-08-28 05:53:22,105 [Listener at 127.0.0.1/11536] INFO  grpc.GrpcFactory (GrpcFactory.java:checkPooledByteBufAllocatorUseCacheForAllThreads(48)) - PERFORMANCE WARNING: useCacheForAllThreads is true that may cause Netty to create a lot garbage objects and, as a result, trigger GC.
	It is recommended to disable useCacheForAllThreads by setting -Dorg.apache.ratis.thirdparty.io.netty.allocator.useCacheForAllThreads=false in command line.
2021-08-28 05:53:22,106 [Listener at 127.0.0.1/11536] INFO  grpc.GrpcConfigKeys (ConfUtils.java:logGet(44)) - raft.grpc.admin.port = 0 (custom)
2021-08-28 05:53:22,106 [Listener at 127.0.0.1/11536] INFO  grpc.GrpcConfigKeys (ConfUtils.java:logGet(44)) - raft.grpc.client.port = 0 (custom)
2021-08-28 05:53:22,106 [Listener at 127.0.0.1/11536] INFO  grpc.GrpcConfigKeys (ConfUtils.java:logGet(44)) - raft.grpc.server.port = 0 (default)
2021-08-28 05:53:22,106 [Listener at 127.0.0.1/11536] INFO  server.GrpcService (ConfUtils.java:logGet(44)) - raft.grpc.message.size.max = 32MB (=33554432) (custom)
2021-08-28 05:53:22,106 [Listener at 127.0.0.1/11536] INFO  server.RaftServerConfigKeys (ConfUtils.java:logGet(44)) - raft.server.log.appender.buffer.byte-limit = 33554432 (custom)
2021-08-28 05:53:22,106 [Listener at 127.0.0.1/11536] INFO  server.GrpcService (ConfUtils.java:logGet(44)) - raft.grpc.flow.control.window = 5MB (=5242880) (custom)
2021-08-28 05:53:22,106 [Listener at 127.0.0.1/11536] INFO  server.RaftServerConfigKeys (ConfUtils.java:logGet(44)) - raft.server.rpc.request.timeout = 60s (custom)
2021-08-28 05:53:22,107 [Listener at 127.0.0.1/11536] INFO  impl.DataStreamServerImpl (ConfUtils.java:logGet(44)) - raft.datastream.type = DISABLED (default)
2021-08-28 05:53:22,107 [Listener at 127.0.0.1/11536] INFO  server.RaftServerConfigKeys (ConfUtils.java:logGet(44)) - raft.server.rpc.slowness.timeout = 300s (custom)
2021-08-28 05:53:22,107 [Listener at 127.0.0.1/11536] INFO  server.RaftServerConfigKeys (ConfUtils.java:logGet(44)) - raft.server.leaderelection.leader.step-down.wait-time = 10s (default)
2021-08-28 05:53:22,107 [Listener at 127.0.0.1/11536] INFO  server.RaftServerConfigKeys (ConfUtils.java:logGet(44)) - raft.server.storage.dir = [/home/runner/work/ozone/ozone/hadoop-ozone/integration-test/target/test-dir/MiniOzoneClusterImpl-4114dceb-4d54-4a06-811c-48a2541ee5b4/datanode-0/data/ratis] (custom)
2021-08-28 05:53:22,110 [EndpointStateMachine task thread for /0.0.0.0:46013 - 0 ] INFO  ipc.Client (Client.java:handleConnectionFailure(977)) - Retrying connect to server: 0.0.0.0/0.0.0.0:46013. Already tried 1 time(s); retry policy is RetryUpToMaximumCountWithFixedSleep(maxRetries=15, sleepTime=1000 MILLISECONDS)
2021-08-28 05:53:22,114 [Listener at 127.0.0.1/11536] INFO  http.BaseHttpServer (BaseHttpServer.java:newHttpServer2BuilderForOzone(209)) - Starting Web-server for hddsDatanode at: http://0.0.0.0:0
2021-08-28 05:53:22,114 [Listener at 127.0.0.1/11536] INFO  http.BaseHttpServer (BaseHttpServer.java:<init>(107)) - Hadoop Security Enabled: false Ozone Security Enabled: false Ozone HTTP Security Enabled: false 
2021-08-28 05:53:22,115 [Listener at 127.0.0.1/11536] INFO  server.AuthenticationFilter (AuthenticationFilter.java:constructSecretProvider(240)) - Unable to initialize FileSignerSecretProvider, falling back to use random secrets.
2021-08-28 05:53:22,117 [Listener at 127.0.0.1/11536] WARN  http.HttpRequestLog (HttpRequestLog.java:getRequestLog(103)) - Jetty request log can only be enabled using Log4j
2021-08-28 05:53:22,123 [Listener at 127.0.0.1/11536] INFO  http.HttpServer2 (HttpServer2.java:addGlobalFilter(1030)) - Added global filter 'safety' (class=org.apache.hadoop.hdds.server.http.HttpServer2$QuotingInputFilter)
2021-08-28 05:53:22,124 [Listener at 127.0.0.1/11536] INFO  http.HttpServer2 (HttpServer2.java:addFilter(1006)) - Added filter static_user_filter (class=org.apache.hadoop.http.lib.StaticUserWebFilter$StaticUserFilter) to context hddsDatanode
2021-08-28 05:53:22,124 [Listener at 127.0.0.1/11536] INFO  http.HttpServer2 (HttpServer2.java:addFilter(1014)) - Added filter static_user_filter (class=org.apache.hadoop.http.lib.StaticUserWebFilter$StaticUserFilter) to context static
2021-08-28 05:53:22,124 [Listener at 127.0.0.1/11536] INFO  http.HttpServer2 (HttpServer2.java:addFilter(1014)) - Added filter static_user_filter (class=org.apache.hadoop.http.lib.StaticUserWebFilter$StaticUserFilter) to context logs
2021-08-28 05:53:22,124 [Listener at 127.0.0.1/11536] INFO  http.HttpServer2 (HttpServer2.java:bindListener(1249)) - Jetty bound to port 37695
2021-08-28 05:53:22,124 [Listener at 127.0.0.1/11536] INFO  server.Server (Server.java:doStart(375)) - jetty-9.4.43.v20210629; built: 2021-06-30T11:07:22.254Z; git: 526006ecfa3af7f1a27ef3a288e2bef7ea9dd7e8; jvm 1.8.0_292-b10
2021-08-28 05:53:22,187 [Listener at 127.0.0.1/11536] INFO  server.session (DefaultSessionIdManager.java:doStart(334)) - DefaultSessionIdManager workerName=node0
2021-08-28 05:53:22,187 [Listener at 127.0.0.1/11536] INFO  server.session (DefaultSessionIdManager.java:doStart(339)) - No SessionScavenger set, using defaults
2021-08-28 05:53:22,187 [Listener at 127.0.0.1/11536] INFO  server.session (HouseKeeper.java:startScavenging(132)) - node0 Scavenging every 600000ms
2021-08-28 05:53:22,188 [Listener at 127.0.0.1/11536] INFO  handler.ContextHandler (ContextHandler.java:doStart(915)) - Started o.e.j.s.ServletContextHandler@3da26ce5{logs,/logs,file:///home/runner/work/ozone/ozone/hadoop-ozone/integration-test/target/log,AVAILABLE}
2021-08-28 05:53:22,188 [Listener at 127.0.0.1/11536] INFO  handler.ContextHandler (ContextHandler.java:doStart(915)) - Started o.e.j.s.ServletContextHandler@cce317b{static,/static,jar:file:/home/runner/.m2/repository/org/apache/ozone/hdds-container-service/1.2.0-SNAPSHOT/hdds-container-service-1.2.0-SNAPSHOT.jar!/webapps/static,AVAILABLE}
2021-08-28 05:53:22,320 [EndpointStateMachine task thread for /0.0.0.0:36115 - 0 ] INFO  ipc.Client (Client.java:handleConnectionFailure(977)) - Retrying connect to server: 0.0.0.0/0.0.0.0:36115. Already tried 2 time(s); retry policy is RetryUpToMaximumCountWithFixedSleep(maxRetries=15, sleepTime=1000 MILLISECONDS)
2021-08-28 05:53:22,322 [Listener at 127.0.0.1/11536] INFO  handler.ContextHandler (ContextHandler.java:doStart(915)) - Started o.e.j.w.WebAppContext@63c8d92a{hddsDatanode,/,file:///tmp/jetty-0_0_0_0-37695-hdds-container-service-1_2_0-SNAPSHOT_jar-_-any-1088514918313885288/webapp/,AVAILABLE}{jar:file:/home/runner/.m2/repository/org/apache/ozone/hdds-container-service/1.2.0-SNAPSHOT/hdds-container-service-1.2.0-SNAPSHOT.jar!/webapps/hddsDatanode}
2021-08-28 05:53:22,351 [Listener at 127.0.0.1/11536] INFO  server.AbstractConnector (AbstractConnector.java:doStart(331)) - Started ServerConnector@79b39c3f{HTTP/1.1, (http/1.1)}{0.0.0.0:37695}
2021-08-28 05:53:22,351 [Listener at 127.0.0.1/11536] INFO  server.Server (Server.java:doStart(415)) - Started @116400ms
2021-08-28 05:53:22,351 [Listener at 127.0.0.1/11536] WARN  impl.MetricsSystemImpl (MetricsSystemImpl.java:register(279)) - Sink prometheus already exists!
2021-08-28 05:53:22,353 [Listener at 127.0.0.1/11536] INFO  http.BaseHttpServer (BaseHttpServer.java:updateConnectorAddress(329)) - HTTP server of hddsDatanode listening at http://0.0.0.0:37695
2021-08-28 05:53:22,364 [Listener at 127.0.0.1/11536] WARN  impl.MetricRegistriesImpl (MetricRegistriesImpl.java:addReporterRegistration(111)) - New reporters are added after registries were created. Some metrics will be missing from the reporter. Please add reporter before adding any new registry.
2021-08-28 05:53:22,364 [Listener at 127.0.0.1/11536] WARN  impl.MetricRegistriesImpl (MetricRegistriesImpl.java:addReporterRegistration(111)) - New reporters are added after registries were created. Some metrics will be missing from the reporter. Please add reporter before adding any new registry.
2021-08-28 05:53:22,364 [Listener at 127.0.0.1/11536] INFO  impl.MetricsSystemImpl (MetricsSystemImpl.java:init(158)) - HddsDatanode metrics system started (again)
2021-08-28 05:53:22,435 [org.apache.hadoop.util.JvmPauseMonitor$Monitor@311aa763] INFO  util.JvmPauseMonitor (JvmPauseMonitor.java:run(188)) - Starting JVM pause monitor
2021-08-28 05:53:22,456 [Listener at 127.0.0.1/11536] INFO  ozone.HddsDatanodeService (HddsDatanodeService.java:start(234)) - HddsDatanodeService host:fv-az50-59.grzltbmokehuzjyc5b133kdqgh.cx.internal.cloudapp.net ip:10.1.0.40
2021-08-28 05:53:22,476 [Datanode State Machine Task Thread - 0] INFO  datanode.InitDatanodeState (InitDatanodeState.java:persistContainerDatanodeDetails(145)) - DatanodeDetails is persisted to /home/runner/work/ozone/ozone/hadoop-ozone/integration-test/target/test-dir/MiniOzoneClusterImpl-4114dceb-4d54-4a06-811c-48a2541ee5b4/datanode-0/meta/datanode.id
2021-08-28 05:53:22,495 [grpc-default-executor-3] INFO  server.RaftServer$Division (ServerState.java:setLeader(285)) - omNode-3@group-523986131536: change Leader from null to omNode-1 at term 1 for appendEntries, leader elected after 966ms
2021-08-28 05:53:22,495 [grpc-default-executor-3] INFO  server.RaftServer$Division (RaftServerImpl.java:checkInconsistentAppendEntries(1319)) - omNode-3@group-523986131536: Failed appendEntries as previous log entry ((t:1, i:0)) is not found
2021-08-28 05:53:22,495 [grpc-default-executor-3] INFO  server.RaftServer$Division (RaftServerImpl.java:checkInconsistentAppendEntries(1285)) - omNode-3@group-523986131536: inconsistency entries. Reply:omNode-1<-omNode-3#879114:FAIL-t0,INCONSISTENCY,nextIndex=0,followerCommit=-1
2021-08-28 05:53:22,496 [grpc-default-executor-3] INFO  leader.FollowerInfo (FollowerInfoImpl.java:lambda$new$0(46)) - omNode-1@group-523986131536->omNode-3: nextIndex: updateUnconditionally 1 -> 0
2021-08-28 05:53:22,498 [grpc-default-executor-3] INFO  server.RaftServer$Division (ServerState.java:setRaftConf(387)) - omNode-3@group-523986131536: set configuration 0: [omNode-3|rpc:localhost:11540|admin:|client:|dataStream:|priority:0, omNode-1|rpc:localhost:11528|admin:|client:|dataStream:|priority:0, omNode-2|rpc:localhost:11534|admin:|client:|dataStream:|priority:0], old=null
2021-08-28 05:53:22,498 [grpc-default-executor-3] INFO  segmented.SegmentedRaftLogWorker (SegmentedRaftLogWorker.java:startLogSegment(394)) - omNode-3@group-523986131536-SegmentedRaftLogWorker: Starting segment from index:0
2021-08-28 05:53:22,510 [omNode-3@group-523986131536-SegmentedRaftLogWorker] INFO  segmented.SegmentedRaftLogWorker (SegmentedRaftLogWorker.java:execute(601)) - omNode-3@group-523986131536-SegmentedRaftLogWorker: created new log segment /home/runner/work/ozone/ozone/hadoop-ozone/integration-test/target/test-dir/MiniOzoneClusterImpl-4114dceb-4d54-4a06-811c-48a2541ee5b4/omNode-3/ratis/c9bc4cf4-3bc3-3c60-a66b-523986131536/current/log_inprogress_0
2021-08-28 05:53:22,521 [omNode-3@group-523986131536-StateMachineUpdater] INFO  ratis.OzoneManagerStateMachine (OzoneManagerStateMachine.java:notifyConfigurationChanged(188)) - Received Configuration change notification from Ratis. New Peer list:
[id: "omNode-3"
address: "localhost:11540"
, id: "omNode-1"
address: "localhost:11528"
, id: "omNode-2"
address: "localhost:11534"
]
2021-08-28 05:53:22,531 [Listener at 127.0.0.1/11536] INFO  upgrade.AbstractLayoutVersionManager (AbstractLayoutVersionManager.java:init(70)) - Initializing Layout version manager with metadata layout = SCM_HA (version = 2), software layout = SCM_HA (version = 2)
2021-08-28 05:53:22,572 [Listener at 127.0.0.1/11536] INFO  reflections.Reflections (Reflections.java:scan(232)) - Reflections took 39 ms to scan 7 urls, producing 120 keys and 275 values 
2021-08-28 05:53:22,575 [Listener at 127.0.0.1/11536] INFO  volume.HddsVolume (HddsVolume.java:<init>(120)) - Creating HddsVolume: /home/runner/work/ozone/ozone/hadoop-ozone/integration-test/target/test-dir/MiniOzoneClusterImpl-4114dceb-4d54-4a06-811c-48a2541ee5b4/datanode-1/data-0/containers/hdds of storage type : DISK capacity : 9223372036854775807
2021-08-28 05:53:22,576 [Listener at 127.0.0.1/11536] INFO  volume.MutableVolumeSet (MutableVolumeSet.java:initializeVolumeSet(181)) - Added Volume : /home/runner/work/ozone/ozone/hadoop-ozone/integration-test/target/test-dir/MiniOzoneClusterImpl-4114dceb-4d54-4a06-811c-48a2541ee5b4/datanode-1/data-0/containers/hdds to VolumeSet
2021-08-28 05:53:22,576 [Listener at 127.0.0.1/11536] INFO  volume.ThrottledAsyncChecker (ThrottledAsyncChecker.java:schedule(141)) - Scheduling a check for /home/runner/work/ozone/ozone/hadoop-ozone/integration-test/target/test-dir/MiniOzoneClusterImpl-4114dceb-4d54-4a06-811c-48a2541ee5b4/datanode-1/data-0/containers/hdds
2021-08-28 05:53:22,576 [Listener at 127.0.0.1/11536] INFO  volume.StorageVolumeChecker (StorageVolumeChecker.java:checkAllVolumes(202)) - Scheduled health check for volume /home/runner/work/ozone/ozone/hadoop-ozone/integration-test/target/test-dir/MiniOzoneClusterImpl-4114dceb-4d54-4a06-811c-48a2541ee5b4/datanode-1/data-0/containers/hdds
2021-08-28 05:53:22,594 [Listener at 127.0.0.1/11536] INFO  volume.MutableVolumeSet (MutableVolumeSet.java:initializeVolumeSet(181)) - Added Volume : /home/runner/work/ozone/ozone/hadoop-ozone/integration-test/target/test-dir/MiniOzoneClusterImpl-4114dceb-4d54-4a06-811c-48a2541ee5b4/datanode-1/data/ratis to VolumeSet
2021-08-28 05:53:22,602 [Listener at 127.0.0.1/11536] INFO  volume.ThrottledAsyncChecker (ThrottledAsyncChecker.java:schedule(141)) - Scheduling a check for /home/runner/work/ozone/ozone/hadoop-ozone/integration-test/target/test-dir/MiniOzoneClusterImpl-4114dceb-4d54-4a06-811c-48a2541ee5b4/datanode-1/data/ratis
2021-08-28 05:53:22,603 [Listener at 127.0.0.1/11536] INFO  volume.StorageVolumeChecker (StorageVolumeChecker.java:checkAllVolumes(202)) - Scheduled health check for volume /home/runner/work/ozone/ozone/hadoop-ozone/integration-test/target/test-dir/MiniOzoneClusterImpl-4114dceb-4d54-4a06-811c-48a2541ee5b4/datanode-1/data/ratis
2021-08-28 05:53:22,617 [Listener at 127.0.0.1/11536] INFO  ozoneimpl.ContainerReader (ContainerReader.java:<init>(98)) - Running in upgrade mode:true
2021-08-28 05:53:22,618 [Thread-1788] INFO  ozoneimpl.ContainerReader (ContainerReader.java:readVolume(142)) - Start to verify containers on volume /home/runner/work/ozone/ozone/hadoop-ozone/integration-test/target/test-dir/MiniOzoneClusterImpl-4114dceb-4d54-4a06-811c-48a2541ee5b4/datanode-1/data-0/containers/hdds
2021-08-28 05:53:22,618 [Thread-1788] INFO  ozoneimpl.ContainerReader (ContainerReader.java:readVolume(174)) - Finish verifying containers on volume /home/runner/work/ozone/ozone/hadoop-ozone/integration-test/target/test-dir/MiniOzoneClusterImpl-4114dceb-4d54-4a06-811c-48a2541ee5b4/datanode-1/data-0/containers/hdds
2021-08-28 05:53:22,618 [Listener at 127.0.0.1/11536] INFO  ozoneimpl.OzoneContainer (OzoneContainer.java:buildContainerSet(237)) - Build ContainerSet costs 0s
2021-08-28 05:53:22,620 [Listener at 127.0.0.1/11536] INFO  server.RaftServer (ConfUtils.java:logGet(44)) - raft.rpc.type = GRPC (default)
2021-08-28 05:53:22,620 [Listener at 127.0.0.1/11536] INFO  grpc.GrpcFactory (GrpcFactory.java:checkPooledByteBufAllocatorUseCacheForAllThreads(48)) - PERFORMANCE WARNING: useCacheForAllThreads is true that may cause Netty to create a lot garbage objects and, as a result, trigger GC.
	It is recommended to disable useCacheForAllThreads by setting -Dorg.apache.ratis.thirdparty.io.netty.allocator.useCacheForAllThreads=false in command line.
2021-08-28 05:53:22,621 [Listener at 127.0.0.1/11536] INFO  grpc.GrpcConfigKeys (ConfUtils.java:logGet(44)) - raft.grpc.admin.port = 0 (custom)
2021-08-28 05:53:22,621 [Listener at 127.0.0.1/11536] INFO  grpc.GrpcConfigKeys (ConfUtils.java:logGet(44)) - raft.grpc.client.port = 0 (custom)
2021-08-28 05:53:22,621 [Listener at 127.0.0.1/11536] INFO  grpc.GrpcConfigKeys (ConfUtils.java:logGet(44)) - raft.grpc.server.port = 0 (default)
2021-08-28 05:53:22,621 [Listener at 127.0.0.1/11536] INFO  server.GrpcService (ConfUtils.java:logGet(44)) - raft.grpc.message.size.max = 32MB (=33554432) (custom)
2021-08-28 05:53:22,621 [Listener at 127.0.0.1/11536] INFO  server.RaftServerConfigKeys (ConfUtils.java:logGet(44)) - raft.server.log.appender.buffer.byte-limit = 33554432 (custom)
2021-08-28 05:53:22,621 [Listener at 127.0.0.1/11536] INFO  server.GrpcService (ConfUtils.java:logGet(44)) - raft.grpc.flow.control.window = 5MB (=5242880) (custom)
2021-08-28 05:53:22,621 [Listener at 127.0.0.1/11536] INFO  server.RaftServerConfigKeys (ConfUtils.java:logGet(44)) - raft.server.rpc.request.timeout = 60s (custom)
2021-08-28 05:53:22,623 [Listener at 127.0.0.1/11536] INFO  impl.DataStreamServerImpl (ConfUtils.java:logGet(44)) - raft.datastream.type = DISABLED (default)
2021-08-28 05:53:22,623 [Listener at 127.0.0.1/11536] INFO  server.RaftServerConfigKeys (ConfUtils.java:logGet(44)) - raft.server.rpc.slowness.timeout = 300s (custom)
2021-08-28 05:53:22,623 [Listener at 127.0.0.1/11536] INFO  server.RaftServerConfigKeys (ConfUtils.java:logGet(44)) - raft.server.leaderelection.leader.step-down.wait-time = 10s (default)
2021-08-28 05:53:22,623 [Listener at 127.0.0.1/11536] INFO  server.RaftServerConfigKeys (ConfUtils.java:logGet(44)) - raft.server.storage.dir = [/home/runner/work/ozone/ozone/hadoop-ozone/integration-test/target/test-dir/MiniOzoneClusterImpl-4114dceb-4d54-4a06-811c-48a2541ee5b4/datanode-1/data/ratis] (custom)
2021-08-28 05:53:22,626 [Listener at 127.0.0.1/11536] INFO  http.BaseHttpServer (BaseHttpServer.java:newHttpServer2BuilderForOzone(209)) - Starting Web-server for hddsDatanode at: http://0.0.0.0:0
2021-08-28 05:53:22,626 [Listener at 127.0.0.1/11536] INFO  http.BaseHttpServer (BaseHttpServer.java:<init>(107)) - Hadoop Security Enabled: false Ozone Security Enabled: false Ozone HTTP Security Enabled: false 
2021-08-28 05:53:22,627 [Listener at 127.0.0.1/11536] INFO  server.AuthenticationFilter (AuthenticationFilter.java:constructSecretProvider(240)) - Unable to initialize FileSignerSecretProvider, falling back to use random secrets.
2021-08-28 05:53:22,627 [Listener at 127.0.0.1/11536] WARN  http.HttpRequestLog (HttpRequestLog.java:getRequestLog(103)) - Jetty request log can only be enabled using Log4j
2021-08-28 05:53:22,628 [Listener at 127.0.0.1/11536] INFO  http.HttpServer2 (HttpServer2.java:addGlobalFilter(1030)) - Added global filter 'safety' (class=org.apache.hadoop.hdds.server.http.HttpServer2$QuotingInputFilter)
2021-08-28 05:53:22,628 [Listener at 127.0.0.1/11536] INFO  http.HttpServer2 (HttpServer2.java:addFilter(1006)) - Added filter static_user_filter (class=org.apache.hadoop.http.lib.StaticUserWebFilter$StaticUserFilter) to context hddsDatanode
2021-08-28 05:53:22,628 [Listener at 127.0.0.1/11536] INFO  http.HttpServer2 (HttpServer2.java:addFilter(1014)) - Added filter static_user_filter (class=org.apache.hadoop.http.lib.StaticUserWebFilter$StaticUserFilter) to context static
2021-08-28 05:53:22,628 [Listener at 127.0.0.1/11536] INFO  http.HttpServer2 (HttpServer2.java:addFilter(1014)) - Added filter static_user_filter (class=org.apache.hadoop.http.lib.StaticUserWebFilter$StaticUserFilter) to context logs
2021-08-28 05:53:22,628 [Listener at 127.0.0.1/11536] INFO  http.HttpServer2 (HttpServer2.java:bindListener(1249)) - Jetty bound to port 36881
2021-08-28 05:53:22,629 [Listener at 127.0.0.1/11536] INFO  server.Server (Server.java:doStart(375)) - jetty-9.4.43.v20210629; built: 2021-06-30T11:07:22.254Z; git: 526006ecfa3af7f1a27ef3a288e2bef7ea9dd7e8; jvm 1.8.0_292-b10
2021-08-28 05:53:22,633 [Listener at 127.0.0.1/11536] INFO  server.session (DefaultSessionIdManager.java:doStart(334)) - DefaultSessionIdManager workerName=node0
2021-08-28 05:53:22,633 [Listener at 127.0.0.1/11536] INFO  server.session (DefaultSessionIdManager.java:doStart(339)) - No SessionScavenger set, using defaults
2021-08-28 05:53:22,633 [Listener at 127.0.0.1/11536] INFO  server.session (HouseKeeper.java:startScavenging(132)) - node0 Scavenging every 600000ms
2021-08-28 05:53:22,634 [Listener at 127.0.0.1/11536] INFO  handler.ContextHandler (ContextHandler.java:doStart(915)) - Started o.e.j.s.ServletContextHandler@542d0382{logs,/logs,file:///home/runner/work/ozone/ozone/hadoop-ozone/integration-test/target/log,AVAILABLE}
2021-08-28 05:53:22,635 [Listener at 127.0.0.1/11536] INFO  handler.ContextHandler (ContextHandler.java:doStart(915)) - Started o.e.j.s.ServletContextHandler@76b0af73{static,/static,jar:file:/home/runner/.m2/repository/org/apache/ozone/hdds-container-service/1.2.0-SNAPSHOT/hdds-container-service-1.2.0-SNAPSHOT.jar!/webapps/static,AVAILABLE}
2021-08-28 05:53:22,702 [Listener at 127.0.0.1/11536] INFO  handler.ContextHandler (ContextHandler.java:doStart(915)) - Started o.e.j.w.WebAppContext@5ed1ff01{hddsDatanode,/,file:///tmp/jetty-0_0_0_0-36881-hdds-container-service-1_2_0-SNAPSHOT_jar-_-any-3953337541355167382/webapp/,AVAILABLE}{jar:file:/home/runner/.m2/repository/org/apache/ozone/hdds-container-service/1.2.0-SNAPSHOT/hdds-container-service-1.2.0-SNAPSHOT.jar!/webapps/hddsDatanode}
2021-08-28 05:53:22,703 [Listener at 127.0.0.1/11536] INFO  server.AbstractConnector (AbstractConnector.java:doStart(331)) - Started ServerConnector@7a645b90{HTTP/1.1, (http/1.1)}{0.0.0.0:36881}
2021-08-28 05:53:22,703 [Listener at 127.0.0.1/11536] INFO  server.Server (Server.java:doStart(415)) - Started @116752ms
2021-08-28 05:53:22,703 [Listener at 127.0.0.1/11536] WARN  impl.MetricsSystemImpl (MetricsSystemImpl.java:register(279)) - Sink prometheus already exists!
2021-08-28 05:53:22,704 [Listener at 127.0.0.1/11536] INFO  http.BaseHttpServer (BaseHttpServer.java:updateConnectorAddress(329)) - HTTP server of hddsDatanode listening at http://0.0.0.0:36881
2021-08-28 05:53:22,718 [Listener at 127.0.0.1/11536] WARN  impl.MetricRegistriesImpl (MetricRegistriesImpl.java:addReporterRegistration(111)) - New reporters are added after registries were created. Some metrics will be missing from the reporter. Please add reporter before adding any new registry.
2021-08-28 05:53:22,718 [Listener at 127.0.0.1/11536] WARN  impl.MetricRegistriesImpl (MetricRegistriesImpl.java:addReporterRegistration(111)) - New reporters are added after registries were created. Some metrics will be missing from the reporter. Please add reporter before adding any new registry.
2021-08-28 05:53:22,718 [Listener at 127.0.0.1/11536] INFO  impl.MetricsSystemImpl (MetricsSystemImpl.java:init(158)) - HddsDatanode metrics system started (again)
2021-08-28 05:53:22,766 [org.apache.hadoop.util.JvmPauseMonitor$Monitor@858b206] INFO  util.JvmPauseMonitor (JvmPauseMonitor.java:run(188)) - Starting JVM pause monitor
2021-08-28 05:53:22,772 [Listener at 127.0.0.1/11536] INFO  ozone.HddsDatanodeService (HddsDatanodeService.java:start(234)) - HddsDatanodeService host:fv-az50-59.grzltbmokehuzjyc5b133kdqgh.cx.internal.cloudapp.net ip:10.1.0.40
2021-08-28 05:53:22,815 [Listener at 127.0.0.1/11536] INFO  upgrade.AbstractLayoutVersionManager (AbstractLayoutVersionManager.java:init(70)) - Initializing Layout version manager with metadata layout = SCM_HA (version = 2), software layout = SCM_HA (version = 2)
2021-08-28 05:53:22,822 [Datanode State Machine Task Thread - 0] INFO  datanode.InitDatanodeState (InitDatanodeState.java:persistContainerDatanodeDetails(145)) - DatanodeDetails is persisted to /home/runner/work/ozone/ozone/hadoop-ozone/integration-test/target/test-dir/MiniOzoneClusterImpl-4114dceb-4d54-4a06-811c-48a2541ee5b4/datanode-1/meta/datanode.id
2021-08-28 05:53:22,881 [Listener at 127.0.0.1/11536] INFO  reflections.Reflections (Reflections.java:scan(232)) - Reflections took 54 ms to scan 7 urls, producing 120 keys and 275 values 
2021-08-28 05:53:22,889 [Listener at 127.0.0.1/11536] INFO  volume.HddsVolume (HddsVolume.java:<init>(120)) - Creating HddsVolume: /home/runner/work/ozone/ozone/hadoop-ozone/integration-test/target/test-dir/MiniOzoneClusterImpl-4114dceb-4d54-4a06-811c-48a2541ee5b4/datanode-2/data-0/containers/hdds of storage type : DISK capacity : 9223372036854775807
2021-08-28 05:53:22,890 [Listener at 127.0.0.1/11536] INFO  volume.MutableVolumeSet (MutableVolumeSet.java:initializeVolumeSet(181)) - Added Volume : /home/runner/work/ozone/ozone/hadoop-ozone/integration-test/target/test-dir/MiniOzoneClusterImpl-4114dceb-4d54-4a06-811c-48a2541ee5b4/datanode-2/data-0/containers/hdds to VolumeSet
2021-08-28 05:53:22,890 [Listener at 127.0.0.1/11536] INFO  volume.ThrottledAsyncChecker (ThrottledAsyncChecker.java:schedule(141)) - Scheduling a check for /home/runner/work/ozone/ozone/hadoop-ozone/integration-test/target/test-dir/MiniOzoneClusterImpl-4114dceb-4d54-4a06-811c-48a2541ee5b4/datanode-2/data-0/containers/hdds
2021-08-28 05:53:22,894 [Listener at 127.0.0.1/11536] INFO  volume.StorageVolumeChecker (StorageVolumeChecker.java:checkAllVolumes(202)) - Scheduled health check for volume /home/runner/work/ozone/ozone/hadoop-ozone/integration-test/target/test-dir/MiniOzoneClusterImpl-4114dceb-4d54-4a06-811c-48a2541ee5b4/datanode-2/data-0/containers/hdds
2021-08-28 05:53:22,898 [EndpointStateMachine task thread for /0.0.0.0:43701 - 0 ] INFO  ipc.Client (Client.java:handleConnectionFailure(977)) - Retrying connect to server: 0.0.0.0/0.0.0.0:43701. Already tried 7 time(s); retry policy is RetryUpToMaximumCountWithFixedSleep(maxRetries=15, sleepTime=1000 MILLISECONDS)
2021-08-28 05:53:22,918 [Listener at 127.0.0.1/11536] INFO  volume.MutableVolumeSet (MutableVolumeSet.java:initializeVolumeSet(181)) - Added Volume : /home/runner/work/ozone/ozone/hadoop-ozone/integration-test/target/test-dir/MiniOzoneClusterImpl-4114dceb-4d54-4a06-811c-48a2541ee5b4/datanode-2/data/ratis to VolumeSet
2021-08-28 05:53:22,923 [Listener at 127.0.0.1/11536] INFO  volume.ThrottledAsyncChecker (ThrottledAsyncChecker.java:schedule(141)) - Scheduling a check for /home/runner/work/ozone/ozone/hadoop-ozone/integration-test/target/test-dir/MiniOzoneClusterImpl-4114dceb-4d54-4a06-811c-48a2541ee5b4/datanode-2/data/ratis
2021-08-28 05:53:22,924 [Listener at 127.0.0.1/11536] INFO  volume.StorageVolumeChecker (StorageVolumeChecker.java:checkAllVolumes(202)) - Scheduled health check for volume /home/runner/work/ozone/ozone/hadoop-ozone/integration-test/target/test-dir/MiniOzoneClusterImpl-4114dceb-4d54-4a06-811c-48a2541ee5b4/datanode-2/data/ratis
2021-08-28 05:53:22,940 [Listener at 127.0.0.1/11536] INFO  ozoneimpl.ContainerReader (ContainerReader.java:<init>(98)) - Running in upgrade mode:true
2021-08-28 05:53:22,943 [Thread-1800] INFO  ozoneimpl.ContainerReader (ContainerReader.java:readVolume(142)) - Start to verify containers on volume /home/runner/work/ozone/ozone/hadoop-ozone/integration-test/target/test-dir/MiniOzoneClusterImpl-4114dceb-4d54-4a06-811c-48a2541ee5b4/datanode-2/data-0/containers/hdds
2021-08-28 05:53:22,943 [Thread-1800] INFO  ozoneimpl.ContainerReader (ContainerReader.java:readVolume(174)) - Finish verifying containers on volume /home/runner/work/ozone/ozone/hadoop-ozone/integration-test/target/test-dir/MiniOzoneClusterImpl-4114dceb-4d54-4a06-811c-48a2541ee5b4/datanode-2/data-0/containers/hdds
2021-08-28 05:53:22,943 [Listener at 127.0.0.1/11536] INFO  ozoneimpl.OzoneContainer (OzoneContainer.java:buildContainerSet(237)) - Build ContainerSet costs 0s
2021-08-28 05:53:22,945 [Listener at 127.0.0.1/11536] INFO  server.RaftServer (ConfUtils.java:logGet(44)) - raft.rpc.type = GRPC (default)
2021-08-28 05:53:22,945 [Listener at 127.0.0.1/11536] INFO  grpc.GrpcFactory (GrpcFactory.java:checkPooledByteBufAllocatorUseCacheForAllThreads(48)) - PERFORMANCE WARNING: useCacheForAllThreads is true that may cause Netty to create a lot garbage objects and, as a result, trigger GC.
	It is recommended to disable useCacheForAllThreads by setting -Dorg.apache.ratis.thirdparty.io.netty.allocator.useCacheForAllThreads=false in command line.
2021-08-28 05:53:22,945 [Listener at 127.0.0.1/11536] INFO  grpc.GrpcConfigKeys (ConfUtils.java:logGet(44)) - raft.grpc.admin.port = 0 (custom)
2021-08-28 05:53:22,945 [Listener at 127.0.0.1/11536] INFO  grpc.GrpcConfigKeys (ConfUtils.java:logGet(44)) - raft.grpc.client.port = 0 (custom)
2021-08-28 05:53:22,946 [Listener at 127.0.0.1/11536] INFO  grpc.GrpcConfigKeys (ConfUtils.java:logGet(44)) - raft.grpc.server.port = 0 (default)
2021-08-28 05:53:22,946 [Listener at 127.0.0.1/11536] INFO  server.GrpcService (ConfUtils.java:logGet(44)) - raft.grpc.message.size.max = 32MB (=33554432) (custom)
2021-08-28 05:53:22,946 [Listener at 127.0.0.1/11536] INFO  server.RaftServerConfigKeys (ConfUtils.java:logGet(44)) - raft.server.log.appender.buffer.byte-limit = 33554432 (custom)
2021-08-28 05:53:22,946 [Listener at 127.0.0.1/11536] INFO  server.GrpcService (ConfUtils.java:logGet(44)) - raft.grpc.flow.control.window = 5MB (=5242880) (custom)
2021-08-28 05:53:22,946 [Listener at 127.0.0.1/11536] INFO  server.RaftServerConfigKeys (ConfUtils.java:logGet(44)) - raft.server.rpc.request.timeout = 60s (custom)
2021-08-28 05:53:22,947 [Listener at 127.0.0.1/11536] INFO  impl.DataStreamServerImpl (ConfUtils.java:logGet(44)) - raft.datastream.type = DISABLED (default)
2021-08-28 05:53:22,947 [Listener at 127.0.0.1/11536] INFO  server.RaftServerConfigKeys (ConfUtils.java:logGet(44)) - raft.server.rpc.slowness.timeout = 300s (custom)
2021-08-28 05:53:22,947 [Listener at 127.0.0.1/11536] INFO  server.RaftServerConfigKeys (ConfUtils.java:logGet(44)) - raft.server.leaderelection.leader.step-down.wait-time = 10s (default)
2021-08-28 05:53:22,947 [Listener at 127.0.0.1/11536] INFO  server.RaftServerConfigKeys (ConfUtils.java:logGet(44)) - raft.server.storage.dir = [/home/runner/work/ozone/ozone/hadoop-ozone/integration-test/target/test-dir/MiniOzoneClusterImpl-4114dceb-4d54-4a06-811c-48a2541ee5b4/datanode-2/data/ratis] (custom)
2021-08-28 05:53:22,950 [Listener at 127.0.0.1/11536] INFO  http.BaseHttpServer (BaseHttpServer.java:newHttpServer2BuilderForOzone(209)) - Starting Web-server for hddsDatanode at: http://0.0.0.0:0
2021-08-28 05:53:22,950 [Listener at 127.0.0.1/11536] INFO  http.BaseHttpServer (BaseHttpServer.java:<init>(107)) - Hadoop Security Enabled: false Ozone Security Enabled: false Ozone HTTP Security Enabled: false 
2021-08-28 05:53:22,951 [Listener at 127.0.0.1/11536] INFO  server.AuthenticationFilter (AuthenticationFilter.java:constructSecretProvider(240)) - Unable to initialize FileSignerSecretProvider, falling back to use random secrets.
2021-08-28 05:53:22,958 [Listener at 127.0.0.1/11536] WARN  http.HttpRequestLog (HttpRequestLog.java:getRequestLog(103)) - Jetty request log can only be enabled using Log4j
2021-08-28 05:53:22,959 [Listener at 127.0.0.1/11536] INFO  http.HttpServer2 (HttpServer2.java:addGlobalFilter(1030)) - Added global filter 'safety' (class=org.apache.hadoop.hdds.server.http.HttpServer2$QuotingInputFilter)
2021-08-28 05:53:22,959 [Listener at 127.0.0.1/11536] INFO  http.HttpServer2 (HttpServer2.java:addFilter(1006)) - Added filter static_user_filter (class=org.apache.hadoop.http.lib.StaticUserWebFilter$StaticUserFilter) to context hddsDatanode
2021-08-28 05:53:22,959 [Listener at 127.0.0.1/11536] INFO  http.HttpServer2 (HttpServer2.java:addFilter(1014)) - Added filter static_user_filter (class=org.apache.hadoop.http.lib.StaticUserWebFilter$StaticUserFilter) to context logs
2021-08-28 05:53:22,960 [Listener at 127.0.0.1/11536] INFO  http.HttpServer2 (HttpServer2.java:addFilter(1014)) - Added filter static_user_filter (class=org.apache.hadoop.http.lib.StaticUserWebFilter$StaticUserFilter) to context static
2021-08-28 05:53:22,960 [Listener at 127.0.0.1/11536] INFO  http.HttpServer2 (HttpServer2.java:bindListener(1249)) - Jetty bound to port 35867
2021-08-28 05:53:22,960 [Listener at 127.0.0.1/11536] INFO  server.Server (Server.java:doStart(375)) - jetty-9.4.43.v20210629; built: 2021-06-30T11:07:22.254Z; git: 526006ecfa3af7f1a27ef3a288e2bef7ea9dd7e8; jvm 1.8.0_292-b10
2021-08-28 05:53:22,965 [Listener at 127.0.0.1/11536] INFO  server.session (DefaultSessionIdManager.java:doStart(334)) - DefaultSessionIdManager workerName=node0
2021-08-28 05:53:22,965 [Listener at 127.0.0.1/11536] INFO  server.session (DefaultSessionIdManager.java:doStart(339)) - No SessionScavenger set, using defaults
2021-08-28 05:53:22,965 [Listener at 127.0.0.1/11536] INFO  server.session (HouseKeeper.java:startScavenging(132)) - node0 Scavenging every 600000ms
2021-08-28 05:53:22,966 [Listener at 127.0.0.1/11536] INFO  handler.ContextHandler (ContextHandler.java:doStart(915)) - Started o.e.j.s.ServletContextHandler@1aaa7906{logs,/logs,file:///home/runner/work/ozone/ozone/hadoop-ozone/integration-test/target/log,AVAILABLE}
2021-08-28 05:53:22,966 [Listener at 127.0.0.1/11536] INFO  handler.ContextHandler (ContextHandler.java:doStart(915)) - Started o.e.j.s.ServletContextHandler@77583e84{static,/static,jar:file:/home/runner/.m2/repository/org/apache/ozone/hdds-container-service/1.2.0-SNAPSHOT/hdds-container-service-1.2.0-SNAPSHOT.jar!/webapps/static,AVAILABLE}
2021-08-28 05:53:23,018 [Listener at 127.0.0.1/11536] INFO  handler.ContextHandler (ContextHandler.java:doStart(915)) - Started o.e.j.w.WebAppContext@5bce7948{hddsDatanode,/,file:///tmp/jetty-0_0_0_0-35867-hdds-container-service-1_2_0-SNAPSHOT_jar-_-any-5007656414329987920/webapp/,AVAILABLE}{jar:file:/home/runner/.m2/repository/org/apache/ozone/hdds-container-service/1.2.0-SNAPSHOT/hdds-container-service-1.2.0-SNAPSHOT.jar!/webapps/hddsDatanode}
2021-08-28 05:53:23,037 [Listener at 127.0.0.1/11536] INFO  server.AbstractConnector (AbstractConnector.java:doStart(331)) - Started ServerConnector@a36cbb1{HTTP/1.1, (http/1.1)}{0.0.0.0:35867}
2021-08-28 05:53:23,038 [Listener at 127.0.0.1/11536] INFO  server.Server (Server.java:doStart(415)) - Started @117087ms
2021-08-28 05:53:23,038 [Listener at 127.0.0.1/11536] WARN  impl.MetricsSystemImpl (MetricsSystemImpl.java:register(279)) - Sink prometheus already exists!
2021-08-28 05:53:23,038 [Listener at 127.0.0.1/11536] INFO  http.BaseHttpServer (BaseHttpServer.java:updateConnectorAddress(329)) - HTTP server of hddsDatanode listening at http://0.0.0.0:35867
2021-08-28 05:53:23,039 [Listener at 127.0.0.1/11536] INFO  ozone.MiniOzoneClusterImpl (MiniOzoneClusterImpl.java:lambda$waitForClusterToBeReady$0(235)) - Waiting for nodes to be ready. Got 0 of 3 DN Heartbeats.
2021-08-28 05:53:23,039 [Listener at 127.0.0.1/11536] INFO  ozone.MiniOzoneClusterImpl (MiniOzoneClusterImpl.java:lambda$waitForClusterToBeReady$0(238)) - Waiting for cluster to exit safe mode
2021-08-28 05:53:23,039 [Listener at 127.0.0.1/11536] INFO  ozone.MiniOzoneClusterImpl (MiniOzoneClusterImpl.java:lambda$waitForClusterToBeReady$0(240)) - SCM became leader
2021-08-28 05:53:23,082 [org.apache.hadoop.util.JvmPauseMonitor$Monitor@b91ed72] INFO  util.JvmPauseMonitor (JvmPauseMonitor.java:run(188)) - Starting JVM pause monitor
2021-08-28 05:53:23,090 [Datanode State Machine Task Thread - 0] INFO  datanode.InitDatanodeState (InitDatanodeState.java:persistContainerDatanodeDetails(145)) - DatanodeDetails is persisted to /home/runner/work/ozone/ozone/hadoop-ozone/integration-test/target/test-dir/MiniOzoneClusterImpl-4114dceb-4d54-4a06-811c-48a2541ee5b4/datanode-2/meta/datanode.id
2021-08-28 05:53:23,110 [EndpointStateMachine task thread for /0.0.0.0:46013 - 0 ] INFO  ipc.Client (Client.java:handleConnectionFailure(977)) - Retrying connect to server: 0.0.0.0/0.0.0.0:46013. Already tried 2 time(s); retry policy is RetryUpToMaximumCountWithFixedSleep(maxRetries=15, sleepTime=1000 MILLISECONDS)
2021-08-28 05:53:23,321 [EndpointStateMachine task thread for /0.0.0.0:36115 - 0 ] INFO  ipc.Client (Client.java:handleConnectionFailure(977)) - Retrying connect to server: 0.0.0.0/0.0.0.0:36115. Already tried 3 time(s); retry policy is RetryUpToMaximumCountWithFixedSleep(maxRetries=15, sleepTime=1000 MILLISECONDS)
2021-08-28 05:53:23,899 [EndpointStateMachine task thread for /0.0.0.0:43701 - 0 ] INFO  ipc.Client (Client.java:handleConnectionFailure(977)) - Retrying connect to server: 0.0.0.0/0.0.0.0:43701. Already tried 8 time(s); retry policy is RetryUpToMaximumCountWithFixedSleep(maxRetries=15, sleepTime=1000 MILLISECONDS)
2021-08-28 05:53:24,039 [Listener at 127.0.0.1/11536] INFO  ozone.MiniOzoneClusterImpl (MiniOzoneClusterImpl.java:lambda$waitForClusterToBeReady$0(235)) - Waiting for nodes to be ready. Got 0 of 3 DN Heartbeats.
2021-08-28 05:53:24,039 [Listener at 127.0.0.1/11536] INFO  ozone.MiniOzoneClusterImpl (MiniOzoneClusterImpl.java:lambda$waitForClusterToBeReady$0(238)) - Waiting for cluster to exit safe mode
2021-08-28 05:53:24,039 [Listener at 127.0.0.1/11536] INFO  ozone.MiniOzoneClusterImpl (MiniOzoneClusterImpl.java:lambda$waitForClusterToBeReady$0(240)) - SCM became leader
2021-08-28 05:53:24,110 [EndpointStateMachine task thread for /0.0.0.0:46013 - 0 ] INFO  ipc.Client (Client.java:handleConnectionFailure(977)) - Retrying connect to server: 0.0.0.0/0.0.0.0:46013. Already tried 3 time(s); retry policy is RetryUpToMaximumCountWithFixedSleep(maxRetries=15, sleepTime=1000 MILLISECONDS)
2021-08-28 05:53:24,322 [EndpointStateMachine task thread for /0.0.0.0:36115 - 0 ] INFO  ipc.Client (Client.java:handleConnectionFailure(977)) - Retrying connect to server: 0.0.0.0/0.0.0.0:36115. Already tried 4 time(s); retry policy is RetryUpToMaximumCountWithFixedSleep(maxRetries=15, sleepTime=1000 MILLISECONDS)
2021-08-28 05:53:24,455 [EndpointStateMachine task thread for /0.0.0.0:35205 - 0 ] INFO  ozoneimpl.OzoneContainer (OzoneContainer.java:start(305)) - Attempting to start container services.
2021-08-28 05:53:24,455 [EndpointStateMachine task thread for /0.0.0.0:35205 - 0 ] INFO  ozoneimpl.OzoneContainer (OzoneContainer.java:startContainerScrub(250)) - Background container scanner has been disabled.
2021-08-28 05:53:24,456 [EndpointStateMachine task thread for /0.0.0.0:35205 - 0 ] INFO  replication.ReplicationServer (ReplicationServer.java:start(107)) - ReplicationServer is started using port 44669
2021-08-28 05:53:24,457 [EndpointStateMachine task thread for /0.0.0.0:35205 - 0 ] INFO  ratis.XceiverServerRatis (XceiverServerRatis.java:start(482)) - Starting XceiverServerRatis 130b495e-4981-4bfb-aed1-18e9f65aa3b8
2021-08-28 05:53:24,457 [EndpointStateMachine task thread for /0.0.0.0:35205 - 0 ] INFO  server.RaftServer (RaftServerProxy.java:lambda$start$5(374)) - 130b495e-4981-4bfb-aed1-18e9f65aa3b8: start RPC server
2021-08-28 05:53:24,458 [EndpointStateMachine task thread for /0.0.0.0:35205 - 0 ] INFO  server.GrpcService (GrpcService.java:startImpl(253)) - 130b495e-4981-4bfb-aed1-18e9f65aa3b8: GrpcService started, listening on 34925
2021-08-28 05:53:24,458 [EndpointStateMachine task thread for /0.0.0.0:35205 - 0 ] INFO  ratis.XceiverServerRatis (XceiverServerRatis.java:getRealPort(503)) - XceiverServerRatis 130b495e-4981-4bfb-aed1-18e9f65aa3b8 is started using port 34925 for RATIS
2021-08-28 05:53:24,458 [EndpointStateMachine task thread for /0.0.0.0:35205 - 0 ] INFO  ratis.XceiverServerRatis (XceiverServerRatis.java:getRealPort(503)) - XceiverServerRatis 130b495e-4981-4bfb-aed1-18e9f65aa3b8 is started using port 34925 for RATIS_ADMIN
2021-08-28 05:53:24,458 [EndpointStateMachine task thread for /0.0.0.0:35205 - 0 ] INFO  ratis.XceiverServerRatis (XceiverServerRatis.java:getRealPort(503)) - XceiverServerRatis 130b495e-4981-4bfb-aed1-18e9f65aa3b8 is started using port 34925 for RATIS_SERVER
2021-08-28 05:53:24,459 [EndpointStateMachine task thread for /0.0.0.0:35205 - 0 ] INFO  server.XceiverServerGrpc (XceiverServerGrpc.java:start(135)) - XceiverServerGrpc 130b495e-4981-4bfb-aed1-18e9f65aa3b8 is started using port 45253
2021-08-28 05:53:24,478 [org.apache.ratis.util.JvmPauseMonitor$$Lambda$533/26953629@49b97068] INFO  util.JvmPauseMonitor (JvmPauseMonitor.java:run(103)) - JvmPauseMonitor-130b495e-4981-4bfb-aed1-18e9f65aa3b8: Started
2021-08-28 05:53:24,781 [EndpointStateMachine task thread for /0.0.0.0:35205 - 0 ] INFO  ozoneimpl.OzoneContainer (OzoneContainer.java:start(305)) - Attempting to start container services.
2021-08-28 05:53:24,781 [EndpointStateMachine task thread for /0.0.0.0:35205 - 0 ] INFO  ozoneimpl.OzoneContainer (OzoneContainer.java:startContainerScrub(250)) - Background container scanner has been disabled.
2021-08-28 05:53:24,788 [EndpointStateMachine task thread for /0.0.0.0:35205 - 0 ] INFO  replication.ReplicationServer (ReplicationServer.java:start(107)) - ReplicationServer is started using port 39107
2021-08-28 05:53:24,789 [EndpointStateMachine task thread for /0.0.0.0:35205 - 0 ] INFO  ratis.XceiverServerRatis (XceiverServerRatis.java:start(482)) - Starting XceiverServerRatis 176ebb76-54ef-4fc7-b036-d3478a12c0d9
2021-08-28 05:53:24,790 [EndpointStateMachine task thread for /0.0.0.0:35205 - 0 ] INFO  server.RaftServer (RaftServerProxy.java:lambda$start$5(374)) - 176ebb76-54ef-4fc7-b036-d3478a12c0d9: start RPC server
2021-08-28 05:53:24,798 [EndpointStateMachine task thread for /0.0.0.0:35205 - 0 ] INFO  server.GrpcService (GrpcService.java:startImpl(253)) - 176ebb76-54ef-4fc7-b036-d3478a12c0d9: GrpcService started, listening on 36625
2021-08-28 05:53:24,800 [EndpointStateMachine task thread for /0.0.0.0:35205 - 0 ] INFO  ratis.XceiverServerRatis (XceiverServerRatis.java:getRealPort(503)) - XceiverServerRatis 176ebb76-54ef-4fc7-b036-d3478a12c0d9 is started using port 36625 for RATIS
2021-08-28 05:53:24,800 [EndpointStateMachine task thread for /0.0.0.0:35205 - 0 ] INFO  ratis.XceiverServerRatis (XceiverServerRatis.java:getRealPort(503)) - XceiverServerRatis 176ebb76-54ef-4fc7-b036-d3478a12c0d9 is started using port 36625 for RATIS_ADMIN
2021-08-28 05:53:24,800 [EndpointStateMachine task thread for /0.0.0.0:35205 - 0 ] INFO  ratis.XceiverServerRatis (XceiverServerRatis.java:getRealPort(503)) - XceiverServerRatis 176ebb76-54ef-4fc7-b036-d3478a12c0d9 is started using port 36625 for RATIS_SERVER
2021-08-28 05:53:24,801 [EndpointStateMachine task thread for /0.0.0.0:35205 - 0 ] INFO  server.XceiverServerGrpc (XceiverServerGrpc.java:start(135)) - XceiverServerGrpc 176ebb76-54ef-4fc7-b036-d3478a12c0d9 is started using port 45715
2021-08-28 05:53:24,811 [org.apache.ratis.util.JvmPauseMonitor$$Lambda$533/26953629@57b5c6c] INFO  util.JvmPauseMonitor (JvmPauseMonitor.java:run(103)) - JvmPauseMonitor-176ebb76-54ef-4fc7-b036-d3478a12c0d9: Started
2021-08-28 05:53:24,901 [EndpointStateMachine task thread for /0.0.0.0:43701 - 0 ] INFO  ipc.Client (Client.java:handleConnectionFailure(977)) - Retrying connect to server: 0.0.0.0/0.0.0.0:43701. Already tried 9 time(s); retry policy is RetryUpToMaximumCountWithFixedSleep(maxRetries=15, sleepTime=1000 MILLISECONDS)
2021-08-28 05:53:25,039 [Listener at 127.0.0.1/11536] INFO  ozone.MiniOzoneClusterImpl (MiniOzoneClusterImpl.java:lambda$waitForClusterToBeReady$0(235)) - Waiting for nodes to be ready. Got 0 of 3 DN Heartbeats.
2021-08-28 05:53:25,040 [Listener at 127.0.0.1/11536] INFO  ozone.MiniOzoneClusterImpl (MiniOzoneClusterImpl.java:lambda$waitForClusterToBeReady$0(238)) - Waiting for cluster to exit safe mode
2021-08-28 05:53:25,040 [Listener at 127.0.0.1/11536] INFO  ozone.MiniOzoneClusterImpl (MiniOzoneClusterImpl.java:lambda$waitForClusterToBeReady$0(240)) - SCM became leader
2021-08-28 05:53:25,104 [EndpointStateMachine task thread for /0.0.0.0:35205 - 0 ] INFO  ozoneimpl.OzoneContainer (OzoneContainer.java:start(305)) - Attempting to start container services.
2021-08-28 05:53:25,104 [EndpointStateMachine task thread for /0.0.0.0:35205 - 0 ] INFO  ozoneimpl.OzoneContainer (OzoneContainer.java:startContainerScrub(250)) - Background container scanner has been disabled.
2021-08-28 05:53:25,107 [EndpointStateMachine task thread for /0.0.0.0:35205 - 0 ] INFO  replication.ReplicationServer (ReplicationServer.java:start(107)) - ReplicationServer is started using port 40001
2021-08-28 05:53:25,112 [EndpointStateMachine task thread for /0.0.0.0:46013 - 0 ] INFO  ipc.Client (Client.java:handleConnectionFailure(977)) - Retrying connect to server: 0.0.0.0/0.0.0.0:46013. Already tried 4 time(s); retry policy is RetryUpToMaximumCountWithFixedSleep(maxRetries=15, sleepTime=1000 MILLISECONDS)
2021-08-28 05:53:25,121 [EndpointStateMachine task thread for /0.0.0.0:35205 - 0 ] INFO  ratis.XceiverServerRatis (XceiverServerRatis.java:start(482)) - Starting XceiverServerRatis 3d8f492e-e4fc-40a7-8280-263d1b336f05
2021-08-28 05:53:25,122 [EndpointStateMachine task thread for /0.0.0.0:35205 - 0 ] INFO  server.RaftServer (RaftServerProxy.java:lambda$start$5(374)) - 3d8f492e-e4fc-40a7-8280-263d1b336f05: start RPC server
2021-08-28 05:53:25,138 [EndpointStateMachine task thread for /0.0.0.0:35205 - 0 ] INFO  server.GrpcService (GrpcService.java:startImpl(253)) - 3d8f492e-e4fc-40a7-8280-263d1b336f05: GrpcService started, listening on 33843
2021-08-28 05:53:25,139 [EndpointStateMachine task thread for /0.0.0.0:35205 - 0 ] INFO  ratis.XceiverServerRatis (XceiverServerRatis.java:getRealPort(503)) - XceiverServerRatis 3d8f492e-e4fc-40a7-8280-263d1b336f05 is started using port 33843 for RATIS
2021-08-28 05:53:25,139 [EndpointStateMachine task thread for /0.0.0.0:35205 - 0 ] INFO  ratis.XceiverServerRatis (XceiverServerRatis.java:getRealPort(503)) - XceiverServerRatis 3d8f492e-e4fc-40a7-8280-263d1b336f05 is started using port 33843 for RATIS_ADMIN
2021-08-28 05:53:25,139 [EndpointStateMachine task thread for /0.0.0.0:35205 - 0 ] INFO  ratis.XceiverServerRatis (XceiverServerRatis.java:getRealPort(503)) - XceiverServerRatis 3d8f492e-e4fc-40a7-8280-263d1b336f05 is started using port 33843 for RATIS_SERVER
2021-08-28 05:53:25,139 [EndpointStateMachine task thread for /0.0.0.0:35205 - 0 ] INFO  server.XceiverServerGrpc (XceiverServerGrpc.java:start(135)) - XceiverServerGrpc 3d8f492e-e4fc-40a7-8280-263d1b336f05 is started using port 45923
2021-08-28 05:53:25,163 [org.apache.ratis.util.JvmPauseMonitor$$Lambda$533/26953629@6a6d0ed5] INFO  util.JvmPauseMonitor (JvmPauseMonitor.java:run(103)) - JvmPauseMonitor-3d8f492e-e4fc-40a7-8280-263d1b336f05: Started
2021-08-28 05:53:25,322 [EndpointStateMachine task thread for /0.0.0.0:36115 - 0 ] INFO  ipc.Client (Client.java:handleConnectionFailure(977)) - Retrying connect to server: 0.0.0.0/0.0.0.0:36115. Already tried 5 time(s); retry policy is RetryUpToMaximumCountWithFixedSleep(maxRetries=15, sleepTime=1000 MILLISECONDS)
2021-08-28 05:53:25,902 [EndpointStateMachine task thread for /0.0.0.0:43701 - 0 ] INFO  ipc.Client (Client.java:handleConnectionFailure(977)) - Retrying connect to server: 0.0.0.0/0.0.0.0:43701. Already tried 10 time(s); retry policy is RetryUpToMaximumCountWithFixedSleep(maxRetries=15, sleepTime=1000 MILLISECONDS)
2021-08-28 05:53:26,040 [Listener at 127.0.0.1/11536] INFO  ozone.MiniOzoneClusterImpl (MiniOzoneClusterImpl.java:lambda$waitForClusterToBeReady$0(235)) - Waiting for nodes to be ready. Got 0 of 3 DN Heartbeats.
2021-08-28 05:53:26,040 [Listener at 127.0.0.1/11536] INFO  ozone.MiniOzoneClusterImpl (MiniOzoneClusterImpl.java:lambda$waitForClusterToBeReady$0(238)) - Waiting for cluster to exit safe mode
2021-08-28 05:53:26,040 [Listener at 127.0.0.1/11536] INFO  ozone.MiniOzoneClusterImpl (MiniOzoneClusterImpl.java:lambda$waitForClusterToBeReady$0(240)) - SCM became leader
2021-08-28 05:53:26,112 [EndpointStateMachine task thread for /0.0.0.0:46013 - 0 ] INFO  ipc.Client (Client.java:handleConnectionFailure(977)) - Retrying connect to server: 0.0.0.0/0.0.0.0:46013. Already tried 5 time(s); retry policy is RetryUpToMaximumCountWithFixedSleep(maxRetries=15, sleepTime=1000 MILLISECONDS)
2021-08-28 05:53:26,323 [EndpointStateMachine task thread for /0.0.0.0:36115 - 0 ] INFO  ipc.Client (Client.java:handleConnectionFailure(977)) - Retrying connect to server: 0.0.0.0/0.0.0.0:36115. Already tried 6 time(s); retry policy is RetryUpToMaximumCountWithFixedSleep(maxRetries=15, sleepTime=1000 MILLISECONDS)
2021-08-28 05:53:26,439 [IPC Server handler 1 on default port 35205] INFO  net.NetworkTopologyImpl (NetworkTopologyImpl.java:add(112)) - Added a new node: /default-rack/130b495e-4981-4bfb-aed1-18e9f65aa3b8
2021-08-28 05:53:26,439 [IPC Server handler 1 on default port 35205] INFO  node.SCMNodeManager (SCMNodeManager.java:register(390)) - Registered Data node : 130b495e-4981-4bfb-aed1-18e9f65aa3b8{ip: 10.1.0.40, host: fv-az50-59.grzltbmokehuzjyc5b133kdqgh.cx.internal.cloudapp.net, ports: [REPLICATION=44669, RATIS=34925, RATIS_ADMIN=34925, RATIS_SERVER=34925, STANDALONE=45253], networkLocation: /default-rack, certSerialId: null, persistedOpState: null, persistedOpStateExpiryEpochSec: 0}
2021-08-28 05:53:26,445 [EventQueue-NodeRegistrationContainerReportForDataNodeSafeModeRule] INFO  safemode.SCMSafeModeManager (DataNodeSafeModeRule.java:process(71)) - SCM in safe mode. 1 DataNodes registered, 3 required.
2021-08-28 05:53:26,445 [EventQueue-NodeRegistrationContainerReportForContainerSafeModeRule] INFO  safemode.SCMSafeModeManager (SCMSafeModeManager.java:validateSafeModeExitRules(204)) - ContainerSafeModeRule rule is successfully validated
2021-08-28 05:53:26,455 [EventQueue-NewNodeForNewNodeHandler] INFO  pipeline.BackgroundPipelineCreator (BackgroundPipelineCreatorV2.java:notifyEventTriggered(285)) - trigger a one-shot run on RatisPipelineUtilsThread.
2021-08-28 05:53:26,455 [EventQueue-PipelineReportForOneReplicaPipelineSafeModeRule] INFO  safemode.SCMSafeModeManager (SCMSafeModeManager.java:validateSafeModeExitRules(204)) - AtleastOneDatanodeReportedRule rule is successfully validated
2021-08-28 05:53:26,456 [RatisPipelineUtilsThread - 0] INFO  pipeline.RatisPipelineProvider (RatisPipelineProvider.java:lambda$create$0(183)) - Sending CreatePipelineCommand for pipeline:PipelineID=19a9b939-8253-40ec-bb0b-b3505f7b58f4 to datanode:130b495e-4981-4bfb-aed1-18e9f65aa3b8
2021-08-28 05:53:26,456 [RatisPipelineUtilsThread - 0] INFO  pipeline.PipelineStateManager (PipelineStateManagerV2Impl.java:addPipeline(101)) - Created pipeline Pipeline[ Id: 19a9b939-8253-40ec-bb0b-b3505f7b58f4, Nodes: 130b495e-4981-4bfb-aed1-18e9f65aa3b8{ip: 10.1.0.40, host: fv-az50-59.grzltbmokehuzjyc5b133kdqgh.cx.internal.cloudapp.net, ports: [REPLICATION=44669, RATIS=34925, RATIS_ADMIN=34925, RATIS_SERVER=34925, STANDALONE=45253], networkLocation: /default-rack, certSerialId: null, persistedOpState: IN_SERVICE, persistedOpStateExpiryEpochSec: 0}, ReplicationConfig: RATIS/ONE, State:ALLOCATED, leaderId:, CreationTimestamp2021-08-28T05:53:26.456Z[Etc/UTC]].
2021-08-28 05:53:26,767 [IPC Server handler 15 on default port 35205] INFO  net.NetworkTopologyImpl (NetworkTopologyImpl.java:add(112)) - Added a new node: /default-rack/176ebb76-54ef-4fc7-b036-d3478a12c0d9
2021-08-28 05:53:26,767 [IPC Server handler 15 on default port 35205] INFO  node.SCMNodeManager (SCMNodeManager.java:register(390)) - Registered Data node : 176ebb76-54ef-4fc7-b036-d3478a12c0d9{ip: 10.1.0.40, host: fv-az50-59.grzltbmokehuzjyc5b133kdqgh.cx.internal.cloudapp.net, ports: [REPLICATION=39107, RATIS=36625, RATIS_ADMIN=36625, RATIS_SERVER=36625, STANDALONE=45715], networkLocation: /default-rack, certSerialId: null, persistedOpState: null, persistedOpStateExpiryEpochSec: 0}
2021-08-28 05:53:26,767 [EventQueue-NewNodeForNewNodeHandler] INFO  pipeline.BackgroundPipelineCreator (BackgroundPipelineCreatorV2.java:notifyEventTriggered(285)) - trigger a one-shot run on RatisPipelineUtilsThread.
2021-08-28 05:53:26,774 [EventQueue-NodeRegistrationContainerReportForDataNodeSafeModeRule] INFO  safemode.SCMSafeModeManager (DataNodeSafeModeRule.java:process(71)) - SCM in safe mode. 2 DataNodes registered, 3 required.
2021-08-28 05:53:26,784 [RatisPipelineUtilsThread - 0] INFO  pipeline.RatisPipelineProvider (RatisPipelineProvider.java:lambda$create$0(183)) - Sending CreatePipelineCommand for pipeline:PipelineID=eb7410be-cf1e-4e8b-92d5-65cc64261276 to datanode:176ebb76-54ef-4fc7-b036-d3478a12c0d9
2021-08-28 05:53:26,784 [RatisPipelineUtilsThread - 0] INFO  pipeline.PipelineStateManager (PipelineStateManagerV2Impl.java:addPipeline(101)) - Created pipeline Pipeline[ Id: eb7410be-cf1e-4e8b-92d5-65cc64261276, Nodes: 176ebb76-54ef-4fc7-b036-d3478a12c0d9{ip: 10.1.0.40, host: fv-az50-59.grzltbmokehuzjyc5b133kdqgh.cx.internal.cloudapp.net, ports: [REPLICATION=39107, RATIS=36625, RATIS_ADMIN=36625, RATIS_SERVER=36625, STANDALONE=45715], networkLocation: /default-rack, certSerialId: null, persistedOpState: IN_SERVICE, persistedOpStateExpiryEpochSec: 0}, ReplicationConfig: RATIS/ONE, State:ALLOCATED, leaderId:, CreationTimestamp2021-08-28T05:53:26.783Z[Etc/UTC]].
2021-08-28 05:53:26,902 [EndpointStateMachine task thread for /0.0.0.0:43701 - 0 ] INFO  ipc.Client (Client.java:handleConnectionFailure(977)) - Retrying connect to server: 0.0.0.0/0.0.0.0:43701. Already tried 11 time(s); retry policy is RetryUpToMaximumCountWithFixedSleep(maxRetries=15, sleepTime=1000 MILLISECONDS)
2021-08-28 05:53:27,040 [Listener at 127.0.0.1/11536] INFO  ozone.MiniOzoneClusterImpl (MiniOzoneClusterImpl.java:lambda$waitForClusterToBeReady$0(235)) - Waiting for nodes to be ready. Got 2 of 3 DN Heartbeats.
2021-08-28 05:53:27,041 [Listener at 127.0.0.1/11536] INFO  ozone.MiniOzoneClusterImpl (MiniOzoneClusterImpl.java:lambda$waitForClusterToBeReady$0(238)) - Waiting for cluster to exit safe mode
2021-08-28 05:53:27,041 [Listener at 127.0.0.1/11536] INFO  ozone.MiniOzoneClusterImpl (MiniOzoneClusterImpl.java:lambda$waitForClusterToBeReady$0(240)) - SCM became leader
2021-08-28 05:53:27,084 [IPC Server handler 12 on default port 35205] INFO  net.NetworkTopologyImpl (NetworkTopologyImpl.java:add(112)) - Added a new node: /default-rack/3d8f492e-e4fc-40a7-8280-263d1b336f05
2021-08-28 05:53:27,084 [IPC Server handler 12 on default port 35205] INFO  node.SCMNodeManager (SCMNodeManager.java:register(390)) - Registered Data node : 3d8f492e-e4fc-40a7-8280-263d1b336f05{ip: 10.1.0.40, host: fv-az50-59.grzltbmokehuzjyc5b133kdqgh.cx.internal.cloudapp.net, ports: [REPLICATION=40001, RATIS=33843, RATIS_ADMIN=33843, RATIS_SERVER=33843, STANDALONE=45923], networkLocation: /default-rack, certSerialId: null, persistedOpState: null, persistedOpStateExpiryEpochSec: 0}
2021-08-28 05:53:27,084 [EventQueue-NewNodeForNewNodeHandler] INFO  pipeline.BackgroundPipelineCreator (BackgroundPipelineCreatorV2.java:notifyEventTriggered(285)) - trigger a one-shot run on RatisPipelineUtilsThread.
2021-08-28 05:53:27,086 [EventQueue-NodeRegistrationContainerReportForDataNodeSafeModeRule] INFO  safemode.SCMSafeModeManager (DataNodeSafeModeRule.java:process(71)) - SCM in safe mode. 3 DataNodes registered, 3 required.
2021-08-28 05:53:27,086 [EventQueue-NodeRegistrationContainerReportForDataNodeSafeModeRule] INFO  safemode.SCMSafeModeManager (SCMSafeModeManager.java:validateSafeModeExitRules(204)) - DataNodeSafeModeRule rule is successfully validated
2021-08-28 05:53:27,086 [EventQueue-NodeRegistrationContainerReportForDataNodeSafeModeRule] INFO  safemode.SCMSafeModeManager (SCMSafeModeManager.java:completePreCheck(233)) - All SCM safe mode pre check rules have passed
2021-08-28 05:53:27,086 [EventQueue-NodeRegistrationContainerReportForDataNodeSafeModeRule] WARN  events.EventQueue (EventQueue.java:fireEvent(194)) - No event handler registered for event TypedEvent{payloadType=SafeModeStatus, name='Safe mode status'}
2021-08-28 05:53:27,086 [EventQueue-NodeRegistrationContainerReportForDataNodeSafeModeRule] INFO  ha.SCMContext (SCMContext.java:updateSafeModeStatus(205)) - Update SafeModeStatus from SafeModeStatus{safeModeStatus=true, preCheckPassed=false} to SafeModeStatus{safeModeStatus=true, preCheckPassed=true}.
2021-08-28 05:53:27,086 [EventQueue-NodeRegistrationContainerReportForDataNodeSafeModeRule] INFO  pipeline.BackgroundPipelineCreator (BackgroundPipelineCreatorV2.java:notifyEventTriggered(285)) - trigger a one-shot run on RatisPipelineUtilsThread.
2021-08-28 05:53:27,088 [RatisPipelineUtilsThread - 0] INFO  pipeline.RatisPipelineProvider (RatisPipelineProvider.java:lambda$create$0(183)) - Sending CreatePipelineCommand for pipeline:PipelineID=992f53ca-c4af-4dcc-b25d-78b70a503545 to datanode:3d8f492e-e4fc-40a7-8280-263d1b336f05
2021-08-28 05:53:27,088 [RatisPipelineUtilsThread - 0] INFO  pipeline.PipelineStateManager (PipelineStateManagerV2Impl.java:addPipeline(101)) - Created pipeline Pipeline[ Id: 992f53ca-c4af-4dcc-b25d-78b70a503545, Nodes: 3d8f492e-e4fc-40a7-8280-263d1b336f05{ip: 10.1.0.40, host: fv-az50-59.grzltbmokehuzjyc5b133kdqgh.cx.internal.cloudapp.net, ports: [REPLICATION=40001, RATIS=33843, RATIS_ADMIN=33843, RATIS_SERVER=33843, STANDALONE=45923], networkLocation: /default-rack, certSerialId: null, persistedOpState: IN_SERVICE, persistedOpStateExpiryEpochSec: 0}, ReplicationConfig: RATIS/ONE, State:ALLOCATED, leaderId:, CreationTimestamp2021-08-28T05:53:27.088Z[Etc/UTC]].
2021-08-28 05:53:27,088 [RatisPipelineUtilsThread - 0] INFO  pipeline.RatisPipelineProvider (RatisPipelineProvider.java:lambda$create$0(183)) - Sending CreatePipelineCommand for pipeline:PipelineID=4b705484-880c-4916-8338-1fc076cf3320 to datanode:3d8f492e-e4fc-40a7-8280-263d1b336f05
2021-08-28 05:53:27,088 [RatisPipelineUtilsThread - 0] INFO  pipeline.RatisPipelineProvider (RatisPipelineProvider.java:lambda$create$0(183)) - Sending CreatePipelineCommand for pipeline:PipelineID=4b705484-880c-4916-8338-1fc076cf3320 to datanode:130b495e-4981-4bfb-aed1-18e9f65aa3b8
2021-08-28 05:53:27,088 [RatisPipelineUtilsThread - 0] INFO  pipeline.RatisPipelineProvider (RatisPipelineProvider.java:lambda$create$0(183)) - Sending CreatePipelineCommand for pipeline:PipelineID=4b705484-880c-4916-8338-1fc076cf3320 to datanode:176ebb76-54ef-4fc7-b036-d3478a12c0d9
2021-08-28 05:53:27,089 [RatisPipelineUtilsThread - 0] INFO  pipeline.PipelineStateManager (PipelineStateManagerV2Impl.java:addPipeline(101)) - Created pipeline Pipeline[ Id: 4b705484-880c-4916-8338-1fc076cf3320, Nodes: 3d8f492e-e4fc-40a7-8280-263d1b336f05{ip: 10.1.0.40, host: fv-az50-59.grzltbmokehuzjyc5b133kdqgh.cx.internal.cloudapp.net, ports: [REPLICATION=40001, RATIS=33843, RATIS_ADMIN=33843, RATIS_SERVER=33843, STANDALONE=45923], networkLocation: /default-rack, certSerialId: null, persistedOpState: IN_SERVICE, persistedOpStateExpiryEpochSec: 0}130b495e-4981-4bfb-aed1-18e9f65aa3b8{ip: 10.1.0.40, host: fv-az50-59.grzltbmokehuzjyc5b133kdqgh.cx.internal.cloudapp.net, ports: [REPLICATION=44669, RATIS=34925, RATIS_ADMIN=34925, RATIS_SERVER=34925, STANDALONE=45253], networkLocation: /default-rack, certSerialId: null, persistedOpState: IN_SERVICE, persistedOpStateExpiryEpochSec: 0}176ebb76-54ef-4fc7-b036-d3478a12c0d9{ip: 10.1.0.40, host: fv-az50-59.grzltbmokehuzjyc5b133kdqgh.cx.internal.cloudapp.net, ports: [REPLICATION=39107, RATIS=36625, RATIS_ADMIN=36625, RATIS_SERVER=36625, STANDALONE=45715], networkLocation: /default-rack, certSerialId: null, persistedOpState: IN_SERVICE, persistedOpStateExpiryEpochSec: 0}, ReplicationConfig: RATIS/THREE, State:ALLOCATED, leaderId:, CreationTimestamp2021-08-28T05:53:27.088Z[Etc/UTC]].
2021-08-28 05:53:27,089 [RatisPipelineUtilsThread - 0] INFO  pipeline.RatisPipelineProvider (RatisPipelineProvider.java:lambda$create$0(183)) - Sending CreatePipelineCommand for pipeline:PipelineID=a2a9bca4-85f9-4565-b8ce-3bd747763059 to datanode:176ebb76-54ef-4fc7-b036-d3478a12c0d9
2021-08-28 05:53:27,089 [RatisPipelineUtilsThread - 0] INFO  pipeline.RatisPipelineProvider (RatisPipelineProvider.java:lambda$create$0(183)) - Sending CreatePipelineCommand for pipeline:PipelineID=a2a9bca4-85f9-4565-b8ce-3bd747763059 to datanode:3d8f492e-e4fc-40a7-8280-263d1b336f05
2021-08-28 05:53:27,089 [RatisPipelineUtilsThread - 0] INFO  pipeline.RatisPipelineProvider (RatisPipelineProvider.java:lambda$create$0(183)) - Sending CreatePipelineCommand for pipeline:PipelineID=a2a9bca4-85f9-4565-b8ce-3bd747763059 to datanode:130b495e-4981-4bfb-aed1-18e9f65aa3b8
2021-08-28 05:53:27,090 [RatisPipelineUtilsThread - 0] INFO  pipeline.PipelineStateManager (PipelineStateManagerV2Impl.java:addPipeline(101)) - Created pipeline Pipeline[ Id: a2a9bca4-85f9-4565-b8ce-3bd747763059, Nodes: 176ebb76-54ef-4fc7-b036-d3478a12c0d9{ip: 10.1.0.40, host: fv-az50-59.grzltbmokehuzjyc5b133kdqgh.cx.internal.cloudapp.net, ports: [REPLICATION=39107, RATIS=36625, RATIS_ADMIN=36625, RATIS_SERVER=36625, STANDALONE=45715], networkLocation: /default-rack, certSerialId: null, persistedOpState: IN_SERVICE, persistedOpStateExpiryEpochSec: 0}3d8f492e-e4fc-40a7-8280-263d1b336f05{ip: 10.1.0.40, host: fv-az50-59.grzltbmokehuzjyc5b133kdqgh.cx.internal.cloudapp.net, ports: [REPLICATION=40001, RATIS=33843, RATIS_ADMIN=33843, RATIS_SERVER=33843, STANDALONE=45923], networkLocation: /default-rack, certSerialId: null, persistedOpState: IN_SERVICE, persistedOpStateExpiryEpochSec: 0}130b495e-4981-4bfb-aed1-18e9f65aa3b8{ip: 10.1.0.40, host: fv-az50-59.grzltbmokehuzjyc5b133kdqgh.cx.internal.cloudapp.net, ports: [REPLICATION=44669, RATIS=34925, RATIS_ADMIN=34925, RATIS_SERVER=34925, STANDALONE=45253], networkLocation: /default-rack, certSerialId: null, persistedOpState: IN_SERVICE, persistedOpStateExpiryEpochSec: 0}, ReplicationConfig: RATIS/THREE, State:ALLOCATED, leaderId:, CreationTimestamp2021-08-28T05:53:27.089Z[Etc/UTC]].
2021-08-28 05:53:27,090 [RatisPipelineUtilsThread - 0] INFO  pipeline.PipelineManagerImpl (PipelineManagerImpl.java:recordMetricsForPipeline(613)) - Pipeline: PipelineID=a2a9bca4-85f9-4565-b8ce-3bd747763059 contains same datanodes as previous pipelines: PipelineID=4b705484-880c-4916-8338-1fc076cf3320 nodeIds: 176ebb76-54ef-4fc7-b036-d3478a12c0d9, 3d8f492e-e4fc-40a7-8280-263d1b336f05, 130b495e-4981-4bfb-aed1-18e9f65aa3b8
2021-08-28 05:53:27,113 [EndpointStateMachine task thread for /0.0.0.0:46013 - 0 ] INFO  ipc.Client (Client.java:handleConnectionFailure(977)) - Retrying connect to server: 0.0.0.0/0.0.0.0:46013. Already tried 6 time(s); retry policy is RetryUpToMaximumCountWithFixedSleep(maxRetries=15, sleepTime=1000 MILLISECONDS)
2021-08-28 05:53:27,326 [EndpointStateMachine task thread for /0.0.0.0:36115 - 0 ] INFO  ipc.Client (Client.java:handleConnectionFailure(977)) - Retrying connect to server: 0.0.0.0/0.0.0.0:36115. Already tried 7 time(s); retry policy is RetryUpToMaximumCountWithFixedSleep(maxRetries=15, sleepTime=1000 MILLISECONDS)
2021-08-28 05:53:27,903 [EndpointStateMachine task thread for /0.0.0.0:43701 - 0 ] INFO  ipc.Client (Client.java:handleConnectionFailure(977)) - Retrying connect to server: 0.0.0.0/0.0.0.0:43701. Already tried 12 time(s); retry policy is RetryUpToMaximumCountWithFixedSleep(maxRetries=15, sleepTime=1000 MILLISECONDS)
2021-08-28 05:53:28,041 [Listener at 127.0.0.1/11536] INFO  ozone.MiniOzoneClusterImpl (MiniOzoneClusterImpl.java:lambda$waitForClusterToBeReady$0(235)) - Nodes are ready. Got 3 of 3 DN Heartbeats.
2021-08-28 05:53:28,041 [Listener at 127.0.0.1/11536] INFO  ozone.MiniOzoneClusterImpl (MiniOzoneClusterImpl.java:lambda$waitForClusterToBeReady$0(238)) - Waiting for cluster to exit safe mode
2021-08-28 05:53:28,041 [Listener at 127.0.0.1/11536] INFO  ozone.MiniOzoneClusterImpl (MiniOzoneClusterImpl.java:lambda$waitForClusterToBeReady$0(240)) - SCM became leader
2021-08-28 05:53:28,114 [EndpointStateMachine task thread for /0.0.0.0:46013 - 0 ] INFO  ipc.Client (Client.java:handleConnectionFailure(977)) - Retrying connect to server: 0.0.0.0/0.0.0.0:46013. Already tried 7 time(s); retry policy is RetryUpToMaximumCountWithFixedSleep(maxRetries=15, sleepTime=1000 MILLISECONDS)
2021-08-28 05:53:28,327 [EndpointStateMachine task thread for /0.0.0.0:36115 - 0 ] INFO  ipc.Client (Client.java:handleConnectionFailure(977)) - Retrying connect to server: 0.0.0.0/0.0.0.0:36115. Already tried 8 time(s); retry policy is RetryUpToMaximumCountWithFixedSleep(maxRetries=15, sleepTime=1000 MILLISECONDS)
2021-08-28 05:53:28,903 [EndpointStateMachine task thread for /0.0.0.0:43701 - 0 ] INFO  ipc.Client (Client.java:handleConnectionFailure(977)) - Retrying connect to server: 0.0.0.0/0.0.0.0:43701. Already tried 13 time(s); retry policy is RetryUpToMaximumCountWithFixedSleep(maxRetries=15, sleepTime=1000 MILLISECONDS)
2021-08-28 05:53:29,041 [Listener at 127.0.0.1/11536] INFO  ozone.MiniOzoneClusterImpl (MiniOzoneClusterImpl.java:lambda$waitForClusterToBeReady$0(235)) - Nodes are ready. Got 3 of 3 DN Heartbeats.
2021-08-28 05:53:29,041 [Listener at 127.0.0.1/11536] INFO  ozone.MiniOzoneClusterImpl (MiniOzoneClusterImpl.java:lambda$waitForClusterToBeReady$0(238)) - Waiting for cluster to exit safe mode
2021-08-28 05:53:29,041 [Listener at 127.0.0.1/11536] INFO  ozone.MiniOzoneClusterImpl (MiniOzoneClusterImpl.java:lambda$waitForClusterToBeReady$0(240)) - SCM became leader
2021-08-28 05:53:29,115 [EndpointStateMachine task thread for /0.0.0.0:46013 - 0 ] INFO  ipc.Client (Client.java:handleConnectionFailure(977)) - Retrying connect to server: 0.0.0.0/0.0.0.0:46013. Already tried 8 time(s); retry policy is RetryUpToMaximumCountWithFixedSleep(maxRetries=15, sleepTime=1000 MILLISECONDS)
2021-08-28 05:53:29,330 [EndpointStateMachine task thread for /0.0.0.0:36115 - 0 ] INFO  ipc.Client (Client.java:handleConnectionFailure(977)) - Retrying connect to server: 0.0.0.0/0.0.0.0:36115. Already tried 9 time(s); retry policy is RetryUpToMaximumCountWithFixedSleep(maxRetries=15, sleepTime=1000 MILLISECONDS)
2021-08-28 05:53:29,446 [Command processor thread] INFO  server.RaftServer (RaftServerProxy.java:addNew(95)) - 130b495e-4981-4bfb-aed1-18e9f65aa3b8: addNew group-B3505F7B58F4:[130b495e-4981-4bfb-aed1-18e9f65aa3b8|rpc:10.1.0.40:34925|priority:1] returns group-B3505F7B58F4:java.util.concurrent.CompletableFuture@128c77fb[Not completed]
2021-08-28 05:53:29,491 [pool-589-thread-1] INFO  server.RaftServer$Division (RaftServerImpl.java:<init>(181)) - 130b495e-4981-4bfb-aed1-18e9f65aa3b8: new RaftServerImpl for group-B3505F7B58F4:[130b495e-4981-4bfb-aed1-18e9f65aa3b8|rpc:10.1.0.40:34925|priority:1] with ContainerStateMachine:uninitialized
2021-08-28 05:53:29,496 [pool-589-thread-1] INFO  server.RaftServerConfigKeys (ConfUtils.java:logGet(44)) - raft.server.rpc.timeout.min = 5s (custom)
2021-08-28 05:53:29,496 [pool-589-thread-1] INFO  server.RaftServerConfigKeys (ConfUtils.java:logGet(44)) - raft.server.rpc.timeout.max = 5200ms (custom)
2021-08-28 05:53:29,496 [pool-589-thread-1] INFO  server.RaftServerConfigKeys (ConfUtils.java:logGet(44)) - raft.server.rpc.sleep.time = 25ms (default)
2021-08-28 05:53:29,496 [pool-589-thread-1] INFO  server.RaftServerConfigKeys (ConfUtils.java:logGet(44)) - raft.server.rpc.slowness.timeout = 300s (custom)
2021-08-28 05:53:29,496 [pool-589-thread-1] INFO  server.RaftServerConfigKeys (ConfUtils.java:logGet(44)) - raft.server.leaderelection.leader.step-down.wait-time = 10s (default)
2021-08-28 05:53:29,496 [pool-589-thread-1] INFO  server.RaftServerConfigKeys (ConfUtils.java:logGet(44)) - raft.server.sleep.deviation.threshold = 300ms (default)
2021-08-28 05:53:29,496 [pool-589-thread-1] INFO  server.RaftServerConfigKeys (ConfUtils.java:logGet(44)) - raft.server.log.appender.install.snapshot.enabled = false (custom)
2021-08-28 05:53:29,496 [pool-589-thread-1] INFO  server.RaftServer$Division (ServerState.java:<init>(105)) - 130b495e-4981-4bfb-aed1-18e9f65aa3b8@group-B3505F7B58F4: ConfigurationManager, init=-1: [130b495e-4981-4bfb-aed1-18e9f65aa3b8|rpc:10.1.0.40:34925|priority:1], old=null, confs=<EMPTY_MAP>
2021-08-28 05:53:29,496 [pool-589-thread-1] INFO  server.RaftServerConfigKeys (ConfUtils.java:logGet(44)) - raft.server.storage.dir = [/home/runner/work/ozone/ozone/hadoop-ozone/integration-test/target/test-dir/MiniOzoneClusterImpl-4114dceb-4d54-4a06-811c-48a2541ee5b4/datanode-0/data/ratis] (custom)
2021-08-28 05:53:29,497 [pool-589-thread-1] INFO  server.RaftServerConfigKeys (ConfUtils.java:logGet(44)) - raft.server.log.corruption.policy = EXCEPTION (default)
2021-08-28 05:53:29,497 [pool-589-thread-1] INFO  server.RaftServerConfigKeys (ConfUtils.java:logGet(44)) - raft.server.storage.free-space.min = 0MB (=0) (default)
2021-08-28 05:53:29,497 [pool-589-thread-1] INFO  storage.RaftStorageDirectory (RaftStorageDirectoryImpl.java:analyzeStorage(135)) - The storage directory /home/runner/work/ozone/ozone/hadoop-ozone/integration-test/target/test-dir/MiniOzoneClusterImpl-4114dceb-4d54-4a06-811c-48a2541ee5b4/datanode-0/data/ratis/19a9b939-8253-40ec-bb0b-b3505f7b58f4 does not exist. Creating ...
2021-08-28 05:53:29,514 [pool-589-thread-1] INFO  storage.RaftStorageDirectory (RaftStorageDirectoryImpl.java:tryLock(230)) - Lock on /home/runner/work/ozone/ozone/hadoop-ozone/integration-test/target/test-dir/MiniOzoneClusterImpl-4114dceb-4d54-4a06-811c-48a2541ee5b4/datanode-0/data/ratis/19a9b939-8253-40ec-bb0b-b3505f7b58f4/in_use.lock acquired by nodename 5511@fv-az50-59
2021-08-28 05:53:29,518 [pool-589-thread-1] INFO  storage.RaftStorage (RaftStorageImpl.java:format(89)) - Storage directory /home/runner/work/ozone/ozone/hadoop-ozone/integration-test/target/test-dir/MiniOzoneClusterImpl-4114dceb-4d54-4a06-811c-48a2541ee5b4/datanode-0/data/ratis/19a9b939-8253-40ec-bb0b-b3505f7b58f4 has been successfully formatted.
2021-08-28 05:53:29,526 [pool-589-thread-1] INFO  ratis.ContainerStateMachine (ContainerStateMachine.java:loadSnapshot(224)) - group-B3505F7B58F4: The snapshot info is null. Setting the last applied indexto:(t:0, i:~)
2021-08-28 05:53:29,526 [Datanode State Machine Thread - 0] WARN  statemachine.StateContext (StateContext.java:execute(621)) - No available thread in pool for past 1 seconds.
2021-08-28 05:53:29,526 [pool-589-thread-1] INFO  server.RaftServerConfigKeys (ConfUtils.java:logGet(44)) - raft.server.notification.no-leader.timeout = 300s (custom)
2021-08-28 05:53:29,526 [pool-589-thread-1] INFO  server.RaftServerConfigKeys (ConfUtils.java:logGet(44)) - raft.server.log.use.memory = false (default)
2021-08-28 05:53:29,526 [pool-589-thread-1] INFO  server.RaftServerConfigKeys (ConfUtils.java:logGet(44)) - raft.server.log.purge.gap = 1000000 (custom)
2021-08-28 05:53:29,527 [pool-589-thread-1] INFO  server.RaftServerConfigKeys (ConfUtils.java:logGet(44)) - raft.server.log.appender.buffer.byte-limit = 33554432 (custom)
2021-08-28 05:53:29,527 [pool-589-thread-1] INFO  server.RaftServerConfigKeys (ConfUtils.java:logGet(44)) - raft.server.log.segment.size.max = 1048576 (custom)
2021-08-28 05:53:29,527 [pool-589-thread-1] INFO  server.RaftServerConfigKeys (ConfUtils.java:logGet(44)) - raft.server.log.segment.cache.num.max = 2 (custom)
2021-08-28 05:53:29,530 [EventQueue-PipelineReportForPipelineReportHandler] INFO  pipeline.PipelineManagerImpl (PipelineManagerImpl.java:openPipeline(282)) - Pipeline Pipeline[ Id: 19a9b939-8253-40ec-bb0b-b3505f7b58f4, Nodes: 130b495e-4981-4bfb-aed1-18e9f65aa3b8{ip: 10.1.0.40, host: fv-az50-59.grzltbmokehuzjyc5b133kdqgh.cx.internal.cloudapp.net, ports: [REPLICATION=44669, RATIS=34925, RATIS_ADMIN=34925, RATIS_SERVER=34925, STANDALONE=45253], networkLocation: /default-rack, certSerialId: null, persistedOpState: IN_SERVICE, persistedOpStateExpiryEpochSec: 0}, ReplicationConfig: RATIS/ONE, State:ALLOCATED, leaderId:130b495e-4981-4bfb-aed1-18e9f65aa3b8, CreationTimestamp2021-08-28T05:53:26.456Z[Etc/UTC]] moved to OPEN state
2021-08-28 05:53:29,535 [pool-589-thread-1] INFO  server.RaftServerConfigKeys (ConfUtils.java:logGet(44)) - raft.server.log.segment.cache.size.max = 200MB (=209715200) (default)
2021-08-28 05:53:29,535 [pool-589-thread-1] INFO  segmented.SegmentedRaftLogWorker (SegmentedRaftLogWorker.java:<init>(182)) - new 130b495e-4981-4bfb-aed1-18e9f65aa3b8@group-B3505F7B58F4-SegmentedRaftLogWorker for RaftStorageImpl:Storage Directory /home/runner/work/ozone/ozone/hadoop-ozone/integration-test/target/test-dir/MiniOzoneClusterImpl-4114dceb-4d54-4a06-811c-48a2541ee5b4/datanode-0/data/ratis/19a9b939-8253-40ec-bb0b-b3505f7b58f4
2021-08-28 05:53:29,536 [pool-589-thread-1] INFO  server.RaftServerConfigKeys (ConfUtils.java:logGet(44)) - raft.server.log.queue.byte-limit = 2147483647 (custom)
2021-08-28 05:53:29,536 [pool-589-thread-1] INFO  server.RaftServerConfigKeys (ConfUtils.java:logGet(44)) - raft.server.log.queue.element-limit = 1024 (custom)
2021-08-28 05:53:29,536 [pool-589-thread-1] INFO  server.RaftServerConfigKeys (ConfUtils.java:logGet(44)) - raft.server.log.segment.size.max = 1048576 (custom)
2021-08-28 05:53:29,536 [pool-589-thread-1] INFO  server.RaftServerConfigKeys (ConfUtils.java:logGet(44)) - raft.server.log.preallocated.size = 16384 (custom)
2021-08-28 05:53:29,536 [pool-589-thread-1] INFO  server.RaftServerConfigKeys (ConfUtils.java:logGet(44)) - raft.server.log.force.sync.num = 128 (default)
2021-08-28 05:53:29,536 [pool-589-thread-1] INFO  server.RaftServerConfigKeys (ConfUtils.java:logGet(44)) - raft.server.log.statemachine.data.sync = true (default)
2021-08-28 05:53:29,536 [pool-589-thread-1] INFO  server.RaftServerConfigKeys (ConfUtils.java:logGet(44)) - raft.server.log.statemachine.data.sync.timeout = 10s (default)
2021-08-28 05:53:29,537 [pool-589-thread-1] INFO  server.RaftServerConfigKeys (ConfUtils.java:logGet(44)) - raft.server.log.statemachine.data.sync.timeout.retry = -1 (default)
2021-08-28 05:53:29,539 [pool-589-thread-1] INFO  server.RaftServerConfigKeys (ConfUtils.java:logGet(44)) - raft.server.log.write.buffer.size = 1048576 (custom)
2021-08-28 05:53:29,540 [pool-589-thread-1] INFO  server.RaftServerConfigKeys (ConfUtils.java:logGet(44)) - raft.server.log.statemachine.data.caching.enabled = true (custom)
2021-08-28 05:53:29,558 [pool-589-thread-1] INFO  segmented.SegmentedRaftLogWorker (SegmentedRaftLogWorker.java:lambda$new$0(133)) - 130b495e-4981-4bfb-aed1-18e9f65aa3b8@group-B3505F7B58F4-SegmentedRaftLogWorker: flushIndex: setUnconditionally 0 -> -1
2021-08-28 05:53:29,558 [pool-589-thread-1] INFO  segmented.SegmentedRaftLogWorker (SegmentedRaftLogWorker.java:lambda$new$0(133)) - 130b495e-4981-4bfb-aed1-18e9f65aa3b8@group-B3505F7B58F4-SegmentedRaftLogWorker: safeCacheEvictIndex: setUnconditionally 0 -> -1
2021-08-28 05:53:29,565 [pool-589-thread-1] INFO  server.RaftServerConfigKeys (ConfUtils.java:logGet(44)) - raft.server.snapshot.auto.trigger.enabled = true (custom)
2021-08-28 05:53:29,575 [pool-589-thread-1] INFO  server.RaftServerConfigKeys (ConfUtils.java:logGet(44)) - raft.server.snapshot.auto.trigger.threshold = 10000 (custom)
2021-08-28 05:53:29,575 [pool-589-thread-1] INFO  server.RaftServerConfigKeys (ConfUtils.java:logGet(44)) - raft.server.snapshot.retention.file.num = 5 (custom)
2021-08-28 05:53:29,575 [pool-589-thread-1] INFO  server.RaftServerConfigKeys (ConfUtils.java:logGet(44)) - raft.server.log.purge.upto.snapshot.index = false (default)
2021-08-28 05:53:29,575 [pool-589-thread-1] INFO  server.RaftServerConfigKeys (ConfUtils.java:logGet(44)) - raft.server.retrycache.expirytime = 600000ms (custom)
2021-08-28 05:53:29,575 [pool-589-thread-1] INFO  server.RaftServerConfigKeys (ConfUtils.java:logGet(44)) - raft.server.retrycache.statistics.expirytime = 100μs (default)
2021-08-28 05:53:29,577 [pool-589-thread-1] INFO  server.RaftServer$Division (RaftServerImpl.java:start(296)) - 130b495e-4981-4bfb-aed1-18e9f65aa3b8@group-B3505F7B58F4: start as a follower, conf=-1: [130b495e-4981-4bfb-aed1-18e9f65aa3b8|rpc:10.1.0.40:34925|priority:1], old=null
2021-08-28 05:53:29,577 [pool-589-thread-1] INFO  server.RaftServer$Division (RaftServerImpl.java:setRole(285)) - 130b495e-4981-4bfb-aed1-18e9f65aa3b8@group-B3505F7B58F4: changes role from      null to FOLLOWER at term 0 for startAsFollower
2021-08-28 05:53:29,577 [pool-589-thread-1] INFO  impl.RoleInfo (RoleInfo.java:updateAndGet(130)) - 130b495e-4981-4bfb-aed1-18e9f65aa3b8: start 130b495e-4981-4bfb-aed1-18e9f65aa3b8@group-B3505F7B58F4-FollowerState
2021-08-28 05:53:29,566 [EventQueue-OpenPipelineForHealthyPipelineSafeModeRule] INFO  safemode.SCMSafeModeManager (HealthyPipelineSafeModeRule.java:process(124)) - SCM in safe mode. Healthy pipelines reported count is 0, required healthy pipeline reported count is 1
2021-08-28 05:53:29,582 [pool-589-thread-1] INFO  util.JmxRegister (JmxRegister.java:tryRegister(44)) - Successfully registered JMX Bean with object name Ratis:service=RaftServer,group=group-B3505F7B58F4,id=130b495e-4981-4bfb-aed1-18e9f65aa3b8
2021-08-28 05:53:29,584 [Command processor thread] INFO  ratis.XceiverServerRatis (XceiverServerRatis.java:addGroup(763)) - Created group PipelineID=19a9b939-8253-40ec-bb0b-b3505f7b58f4
2021-08-28 05:53:29,584 [Command processor thread] INFO  commandhandler.CreatePipelineCommandHandler (CreatePipelineCommandHandler.java:handle(106)) - Created Pipeline RATIS ONE PipelineID=19a9b939-8253-40ec-bb0b-b3505f7b58f4.
2021-08-28 05:53:29,584 [Command processor thread] INFO  server.RaftServer (RaftServerProxy.java:addNew(95)) - 130b495e-4981-4bfb-aed1-18e9f65aa3b8: addNew group-1FC076CF3320:[3d8f492e-e4fc-40a7-8280-263d1b336f05|rpc:10.1.0.40:33843|priority:1, 130b495e-4981-4bfb-aed1-18e9f65aa3b8|rpc:10.1.0.40:34925|priority:0, 176ebb76-54ef-4fc7-b036-d3478a12c0d9|rpc:10.1.0.40:36625|priority:0] returns group-1FC076CF3320:java.util.concurrent.CompletableFuture@16b3e172[Not completed]
2021-08-28 05:53:29,585 [pool-589-thread-1] INFO  server.RaftServer$Division (RaftServerImpl.java:<init>(181)) - 130b495e-4981-4bfb-aed1-18e9f65aa3b8: new RaftServerImpl for group-1FC076CF3320:[3d8f492e-e4fc-40a7-8280-263d1b336f05|rpc:10.1.0.40:33843|priority:1, 130b495e-4981-4bfb-aed1-18e9f65aa3b8|rpc:10.1.0.40:34925|priority:0, 176ebb76-54ef-4fc7-b036-d3478a12c0d9|rpc:10.1.0.40:36625|priority:0] with ContainerStateMachine:uninitialized
2021-08-28 05:53:29,585 [pool-589-thread-1] INFO  server.RaftServerConfigKeys (ConfUtils.java:logGet(44)) - raft.server.rpc.timeout.min = 5s (custom)
2021-08-28 05:53:29,585 [pool-589-thread-1] INFO  server.RaftServerConfigKeys (ConfUtils.java:logGet(44)) - raft.server.rpc.timeout.max = 5200ms (custom)
2021-08-28 05:53:29,585 [pool-589-thread-1] INFO  server.RaftServerConfigKeys (ConfUtils.java:logGet(44)) - raft.server.rpc.sleep.time = 25ms (default)
2021-08-28 05:53:29,585 [pool-589-thread-1] INFO  server.RaftServerConfigKeys (ConfUtils.java:logGet(44)) - raft.server.rpc.slowness.timeout = 300s (custom)
2021-08-28 05:53:29,585 [pool-589-thread-1] INFO  server.RaftServerConfigKeys (ConfUtils.java:logGet(44)) - raft.server.leaderelection.leader.step-down.wait-time = 10s (default)
2021-08-28 05:53:29,585 [pool-589-thread-1] INFO  server.RaftServerConfigKeys (ConfUtils.java:logGet(44)) - raft.server.sleep.deviation.threshold = 300ms (default)
2021-08-28 05:53:29,585 [pool-589-thread-1] INFO  server.RaftServerConfigKeys (ConfUtils.java:logGet(44)) - raft.server.log.appender.install.snapshot.enabled = false (custom)
2021-08-28 05:53:29,585 [pool-589-thread-1] INFO  server.RaftServer$Division (ServerState.java:<init>(105)) - 130b495e-4981-4bfb-aed1-18e9f65aa3b8@group-1FC076CF3320: ConfigurationManager, init=-1: [3d8f492e-e4fc-40a7-8280-263d1b336f05|rpc:10.1.0.40:33843|priority:1, 130b495e-4981-4bfb-aed1-18e9f65aa3b8|rpc:10.1.0.40:34925|priority:0, 176ebb76-54ef-4fc7-b036-d3478a12c0d9|rpc:10.1.0.40:36625|priority:0], old=null, confs=<EMPTY_MAP>
2021-08-28 05:53:29,585 [pool-589-thread-1] INFO  server.RaftServerConfigKeys (ConfUtils.java:logGet(44)) - raft.server.storage.dir = [/home/runner/work/ozone/ozone/hadoop-ozone/integration-test/target/test-dir/MiniOzoneClusterImpl-4114dceb-4d54-4a06-811c-48a2541ee5b4/datanode-0/data/ratis] (custom)
2021-08-28 05:53:29,586 [pool-589-thread-1] INFO  server.RaftServerConfigKeys (ConfUtils.java:logGet(44)) - raft.server.log.corruption.policy = EXCEPTION (default)
2021-08-28 05:53:29,586 [pool-589-thread-1] INFO  server.RaftServerConfigKeys (ConfUtils.java:logGet(44)) - raft.server.storage.free-space.min = 0MB (=0) (default)
2021-08-28 05:53:29,586 [pool-589-thread-1] INFO  storage.RaftStorageDirectory (RaftStorageDirectoryImpl.java:analyzeStorage(135)) - The storage directory /home/runner/work/ozone/ozone/hadoop-ozone/integration-test/target/test-dir/MiniOzoneClusterImpl-4114dceb-4d54-4a06-811c-48a2541ee5b4/datanode-0/data/ratis/4b705484-880c-4916-8338-1fc076cf3320 does not exist. Creating ...
2021-08-28 05:53:29,587 [pool-589-thread-1] INFO  storage.RaftStorageDirectory (RaftStorageDirectoryImpl.java:tryLock(230)) - Lock on /home/runner/work/ozone/ozone/hadoop-ozone/integration-test/target/test-dir/MiniOzoneClusterImpl-4114dceb-4d54-4a06-811c-48a2541ee5b4/datanode-0/data/ratis/4b705484-880c-4916-8338-1fc076cf3320/in_use.lock acquired by nodename 5511@fv-az50-59
2021-08-28 05:53:29,588 [pool-589-thread-1] INFO  storage.RaftStorage (RaftStorageImpl.java:format(89)) - Storage directory /home/runner/work/ozone/ozone/hadoop-ozone/integration-test/target/test-dir/MiniOzoneClusterImpl-4114dceb-4d54-4a06-811c-48a2541ee5b4/datanode-0/data/ratis/4b705484-880c-4916-8338-1fc076cf3320 has been successfully formatted.
2021-08-28 05:53:29,588 [pool-589-thread-1] INFO  ratis.ContainerStateMachine (ContainerStateMachine.java:loadSnapshot(224)) - group-1FC076CF3320: The snapshot info is null. Setting the last applied indexto:(t:0, i:~)
2021-08-28 05:53:29,588 [Datanode State Machine Thread - 0] WARN  statemachine.StateContext (StateContext.java:execute(621)) - No available thread in pool for past 1 seconds.
2021-08-28 05:53:29,588 [pool-589-thread-1] INFO  server.RaftServerConfigKeys (ConfUtils.java:logGet(44)) - raft.server.notification.no-leader.timeout = 300s (custom)
2021-08-28 05:53:29,589 [EventQueue-OpenPipelineForHealthyPipelineSafeModeRule] INFO  safemode.SCMSafeModeManager (HealthyPipelineSafeModeRule.java:process(124)) - SCM in safe mode. Healthy pipelines reported count is 0, required healthy pipeline reported count is 1
2021-08-28 05:53:29,593 [pool-589-thread-1] INFO  server.RaftServerConfigKeys (ConfUtils.java:logGet(44)) - raft.server.log.use.memory = false (default)
2021-08-28 05:53:29,593 [pool-589-thread-1] INFO  server.RaftServerConfigKeys (ConfUtils.java:logGet(44)) - raft.server.log.purge.gap = 1000000 (custom)
2021-08-28 05:53:29,593 [pool-589-thread-1] INFO  server.RaftServerConfigKeys (ConfUtils.java:logGet(44)) - raft.server.log.appender.buffer.byte-limit = 33554432 (custom)
2021-08-28 05:53:29,594 [pool-589-thread-1] INFO  server.RaftServerConfigKeys (ConfUtils.java:logGet(44)) - raft.server.log.segment.size.max = 1048576 (custom)
2021-08-28 05:53:29,594 [pool-589-thread-1] INFO  server.RaftServerConfigKeys (ConfUtils.java:logGet(44)) - raft.server.log.segment.cache.num.max = 2 (custom)
2021-08-28 05:53:29,594 [pool-589-thread-1] INFO  server.RaftServerConfigKeys (ConfUtils.java:logGet(44)) - raft.server.log.segment.cache.size.max = 200MB (=209715200) (default)
2021-08-28 05:53:29,594 [pool-589-thread-1] INFO  segmented.SegmentedRaftLogWorker (SegmentedRaftLogWorker.java:<init>(182)) - new 130b495e-4981-4bfb-aed1-18e9f65aa3b8@group-1FC076CF3320-SegmentedRaftLogWorker for RaftStorageImpl:Storage Directory /home/runner/work/ozone/ozone/hadoop-ozone/integration-test/target/test-dir/MiniOzoneClusterImpl-4114dceb-4d54-4a06-811c-48a2541ee5b4/datanode-0/data/ratis/4b705484-880c-4916-8338-1fc076cf3320
2021-08-28 05:53:29,595 [pool-589-thread-1] INFO  server.RaftServerConfigKeys (ConfUtils.java:logGet(44)) - raft.server.log.queue.byte-limit = 2147483647 (custom)
2021-08-28 05:53:29,595 [pool-589-thread-1] INFO  server.RaftServerConfigKeys (ConfUtils.java:logGet(44)) - raft.server.log.queue.element-limit = 1024 (custom)
2021-08-28 05:53:29,595 [pool-589-thread-1] INFO  server.RaftServerConfigKeys (ConfUtils.java:logGet(44)) - raft.server.log.segment.size.max = 1048576 (custom)
2021-08-28 05:53:29,595 [pool-589-thread-1] INFO  server.RaftServerConfigKeys (ConfUtils.java:logGet(44)) - raft.server.log.preallocated.size = 16384 (custom)
2021-08-28 05:53:29,595 [pool-589-thread-1] INFO  server.RaftServerConfigKeys (ConfUtils.java:logGet(44)) - raft.server.log.force.sync.num = 128 (default)
2021-08-28 05:53:29,595 [pool-589-thread-1] INFO  server.RaftServerConfigKeys (ConfUtils.java:logGet(44)) - raft.server.log.statemachine.data.sync = true (default)
2021-08-28 05:53:29,595 [pool-589-thread-1] INFO  server.RaftServerConfigKeys (ConfUtils.java:logGet(44)) - raft.server.log.statemachine.data.sync.timeout = 10s (default)
2021-08-28 05:53:29,595 [pool-589-thread-1] INFO  server.RaftServerConfigKeys (ConfUtils.java:logGet(44)) - raft.server.log.statemachine.data.sync.timeout.retry = -1 (default)
2021-08-28 05:53:29,596 [pool-589-thread-1] INFO  server.RaftServerConfigKeys (ConfUtils.java:logGet(44)) - raft.server.log.write.buffer.size = 1048576 (custom)
2021-08-28 05:53:29,597 [pool-589-thread-1] INFO  server.RaftServerConfigKeys (ConfUtils.java:logGet(44)) - raft.server.log.statemachine.data.caching.enabled = true (custom)
2021-08-28 05:53:29,597 [pool-589-thread-1] INFO  segmented.SegmentedRaftLogWorker (SegmentedRaftLogWorker.java:lambda$new$0(133)) - 130b495e-4981-4bfb-aed1-18e9f65aa3b8@group-1FC076CF3320-SegmentedRaftLogWorker: flushIndex: setUnconditionally 0 -> -1
2021-08-28 05:53:29,597 [pool-589-thread-1] INFO  segmented.SegmentedRaftLogWorker (SegmentedRaftLogWorker.java:lambda$new$0(133)) - 130b495e-4981-4bfb-aed1-18e9f65aa3b8@group-1FC076CF3320-SegmentedRaftLogWorker: safeCacheEvictIndex: setUnconditionally 0 -> -1
2021-08-28 05:53:29,626 [pool-589-thread-1] INFO  server.RaftServerConfigKeys (ConfUtils.java:logGet(44)) - raft.server.snapshot.auto.trigger.enabled = true (custom)
2021-08-28 05:53:29,626 [pool-589-thread-1] INFO  server.RaftServerConfigKeys (ConfUtils.java:logGet(44)) - raft.server.snapshot.auto.trigger.threshold = 10000 (custom)
2021-08-28 05:53:29,626 [pool-589-thread-1] INFO  server.RaftServerConfigKeys (ConfUtils.java:logGet(44)) - raft.server.snapshot.retention.file.num = 5 (custom)
2021-08-28 05:53:29,626 [pool-589-thread-1] INFO  server.RaftServerConfigKeys (ConfUtils.java:logGet(44)) - raft.server.log.purge.upto.snapshot.index = false (default)
2021-08-28 05:53:29,626 [pool-589-thread-1] INFO  server.RaftServerConfigKeys (ConfUtils.java:logGet(44)) - raft.server.retrycache.expirytime = 600000ms (custom)
2021-08-28 05:53:29,626 [pool-589-thread-1] INFO  server.RaftServerConfigKeys (ConfUtils.java:logGet(44)) - raft.server.retrycache.statistics.expirytime = 100μs (default)
2021-08-28 05:53:29,628 [pool-589-thread-1] INFO  server.RaftServer$Division (RaftServerImpl.java:start(296)) - 130b495e-4981-4bfb-aed1-18e9f65aa3b8@group-1FC076CF3320: start as a follower, conf=-1: [3d8f492e-e4fc-40a7-8280-263d1b336f05|rpc:10.1.0.40:33843|priority:1, 130b495e-4981-4bfb-aed1-18e9f65aa3b8|rpc:10.1.0.40:34925|priority:0, 176ebb76-54ef-4fc7-b036-d3478a12c0d9|rpc:10.1.0.40:36625|priority:0], old=null
2021-08-28 05:53:29,628 [pool-589-thread-1] INFO  server.RaftServer$Division (RaftServerImpl.java:setRole(285)) - 130b495e-4981-4bfb-aed1-18e9f65aa3b8@group-1FC076CF3320: changes role from      null to FOLLOWER at term 0 for startAsFollower
2021-08-28 05:53:29,628 [pool-589-thread-1] INFO  impl.RoleInfo (RoleInfo.java:updateAndGet(130)) - 130b495e-4981-4bfb-aed1-18e9f65aa3b8: start 130b495e-4981-4bfb-aed1-18e9f65aa3b8@group-1FC076CF3320-FollowerState
2021-08-28 05:53:29,628 [pool-589-thread-1] INFO  util.JmxRegister (JmxRegister.java:tryRegister(44)) - Successfully registered JMX Bean with object name Ratis:service=RaftServer,group=group-1FC076CF3320,id=130b495e-4981-4bfb-aed1-18e9f65aa3b8
2021-08-28 05:53:29,639 [Command processor thread] INFO  ratis.XceiverServerRatis (XceiverServerRatis.java:addGroup(763)) - Created group PipelineID=4b705484-880c-4916-8338-1fc076cf3320
2021-08-28 05:53:29,655 [grpc-default-executor-3] INFO  server.RaftServer (RaftServerProxy.java:addNew(95)) - 3d8f492e-e4fc-40a7-8280-263d1b336f05: addNew group-1FC076CF3320:[3d8f492e-e4fc-40a7-8280-263d1b336f05|rpc:10.1.0.40:33843|dataStream:|priority:1, 130b495e-4981-4bfb-aed1-18e9f65aa3b8|rpc:10.1.0.40:34925|dataStream:|priority:0, 176ebb76-54ef-4fc7-b036-d3478a12c0d9|rpc:10.1.0.40:36625|dataStream:|priority:0] returns group-1FC076CF3320:java.util.concurrent.CompletableFuture@46f226[Not completed]
2021-08-28 05:53:29,668 [pool-627-thread-1] INFO  server.RaftServer$Division (RaftServerImpl.java:<init>(181)) - 3d8f492e-e4fc-40a7-8280-263d1b336f05: new RaftServerImpl for group-1FC076CF3320:[3d8f492e-e4fc-40a7-8280-263d1b336f05|rpc:10.1.0.40:33843|dataStream:|priority:1, 130b495e-4981-4bfb-aed1-18e9f65aa3b8|rpc:10.1.0.40:34925|dataStream:|priority:0, 176ebb76-54ef-4fc7-b036-d3478a12c0d9|rpc:10.1.0.40:36625|dataStream:|priority:0] with ContainerStateMachine:uninitialized
2021-08-28 05:53:29,696 [pool-627-thread-1] INFO  server.RaftServerConfigKeys (ConfUtils.java:logGet(44)) - raft.server.rpc.timeout.min = 5s (custom)
2021-08-28 05:53:29,696 [pool-627-thread-1] INFO  server.RaftServerConfigKeys (ConfUtils.java:logGet(44)) - raft.server.rpc.timeout.max = 5200ms (custom)
2021-08-28 05:53:29,696 [pool-627-thread-1] INFO  server.RaftServerConfigKeys (ConfUtils.java:logGet(44)) - raft.server.rpc.sleep.time = 25ms (default)
2021-08-28 05:53:29,696 [pool-627-thread-1] INFO  server.RaftServerConfigKeys (ConfUtils.java:logGet(44)) - raft.server.rpc.slowness.timeout = 300s (custom)
2021-08-28 05:53:29,696 [pool-627-thread-1] INFO  server.RaftServerConfigKeys (ConfUtils.java:logGet(44)) - raft.server.leaderelection.leader.step-down.wait-time = 10s (default)
2021-08-28 05:53:29,696 [pool-627-thread-1] INFO  server.RaftServerConfigKeys (ConfUtils.java:logGet(44)) - raft.server.sleep.deviation.threshold = 300ms (default)
2021-08-28 05:53:29,696 [pool-627-thread-1] INFO  server.RaftServerConfigKeys (ConfUtils.java:logGet(44)) - raft.server.log.appender.install.snapshot.enabled = false (custom)
2021-08-28 05:53:29,696 [pool-627-thread-1] INFO  server.RaftServer$Division (ServerState.java:<init>(105)) - 3d8f492e-e4fc-40a7-8280-263d1b336f05@group-1FC076CF3320: ConfigurationManager, init=-1: [3d8f492e-e4fc-40a7-8280-263d1b336f05|rpc:10.1.0.40:33843|dataStream:|priority:1, 130b495e-4981-4bfb-aed1-18e9f65aa3b8|rpc:10.1.0.40:34925|dataStream:|priority:0, 176ebb76-54ef-4fc7-b036-d3478a12c0d9|rpc:10.1.0.40:36625|dataStream:|priority:0], old=null, confs=<EMPTY_MAP>
2021-08-28 05:53:29,696 [pool-627-thread-1] INFO  server.RaftServerConfigKeys (ConfUtils.java:logGet(44)) - raft.server.storage.dir = [/home/runner/work/ozone/ozone/hadoop-ozone/integration-test/target/test-dir/MiniOzoneClusterImpl-4114dceb-4d54-4a06-811c-48a2541ee5b4/datanode-2/data/ratis] (custom)
2021-08-28 05:53:29,697 [pool-627-thread-1] INFO  server.RaftServerConfigKeys (ConfUtils.java:logGet(44)) - raft.server.log.corruption.policy = EXCEPTION (default)
2021-08-28 05:53:29,697 [pool-627-thread-1] INFO  server.RaftServerConfigKeys (ConfUtils.java:logGet(44)) - raft.server.storage.free-space.min = 0MB (=0) (default)
2021-08-28 05:53:29,697 [pool-627-thread-1] INFO  storage.RaftStorageDirectory (RaftStorageDirectoryImpl.java:analyzeStorage(135)) - The storage directory /home/runner/work/ozone/ozone/hadoop-ozone/integration-test/target/test-dir/MiniOzoneClusterImpl-4114dceb-4d54-4a06-811c-48a2541ee5b4/datanode-2/data/ratis/4b705484-880c-4916-8338-1fc076cf3320 does not exist. Creating ...
2021-08-28 05:53:29,698 [pool-627-thread-1] INFO  storage.RaftStorageDirectory (RaftStorageDirectoryImpl.java:tryLock(230)) - Lock on /home/runner/work/ozone/ozone/hadoop-ozone/integration-test/target/test-dir/MiniOzoneClusterImpl-4114dceb-4d54-4a06-811c-48a2541ee5b4/datanode-2/data/ratis/4b705484-880c-4916-8338-1fc076cf3320/in_use.lock acquired by nodename 5511@fv-az50-59
2021-08-28 05:53:29,702 [pool-627-thread-1] INFO  storage.RaftStorage (RaftStorageImpl.java:format(89)) - Storage directory /home/runner/work/ozone/ozone/hadoop-ozone/integration-test/target/test-dir/MiniOzoneClusterImpl-4114dceb-4d54-4a06-811c-48a2541ee5b4/datanode-2/data/ratis/4b705484-880c-4916-8338-1fc076cf3320 has been successfully formatted.
2021-08-28 05:53:29,702 [Datanode State Machine Thread - 0] WARN  statemachine.StateContext (StateContext.java:execute(621)) - No available thread in pool for past 1 seconds.
2021-08-28 05:53:29,703 [pool-627-thread-1] INFO  ratis.ContainerStateMachine (ContainerStateMachine.java:loadSnapshot(224)) - group-1FC076CF3320: The snapshot info is null. Setting the last applied indexto:(t:0, i:~)
2021-08-28 05:53:29,706 [pool-627-thread-1] INFO  server.RaftServerConfigKeys (ConfUtils.java:logGet(44)) - raft.server.notification.no-leader.timeout = 300s (custom)
2021-08-28 05:53:29,706 [pool-627-thread-1] INFO  server.RaftServerConfigKeys (ConfUtils.java:logGet(44)) - raft.server.log.use.memory = false (default)
2021-08-28 05:53:29,706 [pool-627-thread-1] INFO  server.RaftServerConfigKeys (ConfUtils.java:logGet(44)) - raft.server.log.purge.gap = 1000000 (custom)
2021-08-28 05:53:29,706 [pool-627-thread-1] INFO  server.RaftServerConfigKeys (ConfUtils.java:logGet(44)) - raft.server.log.appender.buffer.byte-limit = 33554432 (custom)
2021-08-28 05:53:29,706 [pool-627-thread-1] INFO  server.RaftServerConfigKeys (ConfUtils.java:logGet(44)) - raft.server.log.segment.size.max = 1048576 (custom)
2021-08-28 05:53:29,707 [pool-627-thread-1] INFO  server.RaftServerConfigKeys (ConfUtils.java:logGet(44)) - raft.server.log.segment.cache.num.max = 2 (custom)
2021-08-28 05:53:29,707 [pool-627-thread-1] INFO  server.RaftServerConfigKeys (ConfUtils.java:logGet(44)) - raft.server.log.segment.cache.size.max = 200MB (=209715200) (default)
2021-08-28 05:53:29,707 [pool-627-thread-1] INFO  segmented.SegmentedRaftLogWorker (SegmentedRaftLogWorker.java:<init>(182)) - new 3d8f492e-e4fc-40a7-8280-263d1b336f05@group-1FC076CF3320-SegmentedRaftLogWorker for RaftStorageImpl:Storage Directory /home/runner/work/ozone/ozone/hadoop-ozone/integration-test/target/test-dir/MiniOzoneClusterImpl-4114dceb-4d54-4a06-811c-48a2541ee5b4/datanode-2/data/ratis/4b705484-880c-4916-8338-1fc076cf3320
2021-08-28 05:53:29,708 [pool-627-thread-1] INFO  server.RaftServerConfigKeys (ConfUtils.java:logGet(44)) - raft.server.log.queue.byte-limit = 2147483647 (custom)
2021-08-28 05:53:29,708 [pool-627-thread-1] INFO  server.RaftServerConfigKeys (ConfUtils.java:logGet(44)) - raft.server.log.queue.element-limit = 1024 (custom)
2021-08-28 05:53:29,708 [pool-627-thread-1] INFO  server.RaftServerConfigKeys (ConfUtils.java:logGet(44)) - raft.server.log.segment.size.max = 1048576 (custom)
2021-08-28 05:53:29,708 [pool-627-thread-1] INFO  server.RaftServerConfigKeys (ConfUtils.java:logGet(44)) - raft.server.log.preallocated.size = 16384 (custom)
2021-08-28 05:53:29,708 [pool-627-thread-1] INFO  server.RaftServerConfigKeys (ConfUtils.java:logGet(44)) - raft.server.log.force.sync.num = 128 (default)
2021-08-28 05:53:29,711 [pool-627-thread-1] INFO  server.RaftServerConfigKeys (ConfUtils.java:logGet(44)) - raft.server.log.statemachine.data.sync = true (default)
2021-08-28 05:53:29,711 [pool-627-thread-1] INFO  server.RaftServerConfigKeys (ConfUtils.java:logGet(44)) - raft.server.log.statemachine.data.sync.timeout = 10s (default)
2021-08-28 05:53:29,714 [pool-627-thread-1] INFO  server.RaftServerConfigKeys (ConfUtils.java:logGet(44)) - raft.server.log.statemachine.data.sync.timeout.retry = -1 (default)
2021-08-28 05:53:29,715 [pool-627-thread-1] INFO  server.RaftServerConfigKeys (ConfUtils.java:logGet(44)) - raft.server.log.write.buffer.size = 1048576 (custom)
2021-08-28 05:53:29,716 [pool-627-thread-1] INFO  server.RaftServerConfigKeys (ConfUtils.java:logGet(44)) - raft.server.log.statemachine.data.caching.enabled = true (custom)
2021-08-28 05:53:29,716 [pool-627-thread-1] INFO  segmented.SegmentedRaftLogWorker (SegmentedRaftLogWorker.java:lambda$new$0(133)) - 3d8f492e-e4fc-40a7-8280-263d1b336f05@group-1FC076CF3320-SegmentedRaftLogWorker: flushIndex: setUnconditionally 0 -> -1
2021-08-28 05:53:29,716 [pool-627-thread-1] INFO  segmented.SegmentedRaftLogWorker (SegmentedRaftLogWorker.java:lambda$new$0(133)) - 3d8f492e-e4fc-40a7-8280-263d1b336f05@group-1FC076CF3320-SegmentedRaftLogWorker: safeCacheEvictIndex: setUnconditionally 0 -> -1
2021-08-28 05:53:29,726 [pool-627-thread-1] INFO  server.RaftServerConfigKeys (ConfUtils.java:logGet(44)) - raft.server.snapshot.auto.trigger.enabled = true (custom)
2021-08-28 05:53:29,726 [pool-627-thread-1] INFO  server.RaftServerConfigKeys (ConfUtils.java:logGet(44)) - raft.server.snapshot.auto.trigger.threshold = 10000 (custom)
2021-08-28 05:53:29,726 [pool-627-thread-1] INFO  server.RaftServerConfigKeys (ConfUtils.java:logGet(44)) - raft.server.snapshot.retention.file.num = 5 (custom)
2021-08-28 05:53:29,726 [pool-627-thread-1] INFO  server.RaftServerConfigKeys (ConfUtils.java:logGet(44)) - raft.server.log.purge.upto.snapshot.index = false (default)
2021-08-28 05:53:29,726 [pool-627-thread-1] INFO  server.RaftServerConfigKeys (ConfUtils.java:logGet(44)) - raft.server.retrycache.expirytime = 600000ms (custom)
2021-08-28 05:53:29,726 [pool-627-thread-1] INFO  server.RaftServerConfigKeys (ConfUtils.java:logGet(44)) - raft.server.retrycache.statistics.expirytime = 100μs (default)
2021-08-28 05:53:29,728 [pool-627-thread-1] INFO  server.RaftServer$Division (RaftServerImpl.java:start(296)) - 3d8f492e-e4fc-40a7-8280-263d1b336f05@group-1FC076CF3320: start as a follower, conf=-1: [3d8f492e-e4fc-40a7-8280-263d1b336f05|rpc:10.1.0.40:33843|dataStream:|priority:1, 130b495e-4981-4bfb-aed1-18e9f65aa3b8|rpc:10.1.0.40:34925|dataStream:|priority:0, 176ebb76-54ef-4fc7-b036-d3478a12c0d9|rpc:10.1.0.40:36625|dataStream:|priority:0], old=null
2021-08-28 05:53:29,730 [pool-627-thread-1] INFO  server.RaftServer$Division (RaftServerImpl.java:setRole(285)) - 3d8f492e-e4fc-40a7-8280-263d1b336f05@group-1FC076CF3320: changes role from      null to FOLLOWER at term 0 for startAsFollower
2021-08-28 05:53:29,730 [pool-627-thread-1] INFO  impl.RoleInfo (RoleInfo.java:updateAndGet(130)) - 3d8f492e-e4fc-40a7-8280-263d1b336f05: start 3d8f492e-e4fc-40a7-8280-263d1b336f05@group-1FC076CF3320-FollowerState
2021-08-28 05:53:29,738 [pool-627-thread-1] INFO  util.JmxRegister (JmxRegister.java:tryRegister(44)) - Successfully registered JMX Bean with object name Ratis:service=RaftServer,group=group-1FC076CF3320,id=3d8f492e-e4fc-40a7-8280-263d1b336f05
2021-08-28 05:53:29,776 [Command processor thread] INFO  server.RaftServer (RaftServerProxy.java:addNew(95)) - 176ebb76-54ef-4fc7-b036-d3478a12c0d9: addNew group-65CC64261276:[176ebb76-54ef-4fc7-b036-d3478a12c0d9|rpc:10.1.0.40:36625|priority:1] returns group-65CC64261276:java.util.concurrent.CompletableFuture@736d572d[Not completed]
2021-08-28 05:53:29,777 [pool-608-thread-1] INFO  server.RaftServer$Division (RaftServerImpl.java:<init>(181)) - 176ebb76-54ef-4fc7-b036-d3478a12c0d9: new RaftServerImpl for group-65CC64261276:[176ebb76-54ef-4fc7-b036-d3478a12c0d9|rpc:10.1.0.40:36625|priority:1] with ContainerStateMachine:uninitialized
2021-08-28 05:53:29,791 [pool-608-thread-1] INFO  server.RaftServerConfigKeys (ConfUtils.java:logGet(44)) - raft.server.rpc.timeout.min = 5s (custom)
2021-08-28 05:53:29,796 [pool-608-thread-1] INFO  server.RaftServerConfigKeys (ConfUtils.java:logGet(44)) - raft.server.rpc.timeout.max = 5200ms (custom)
2021-08-28 05:53:29,796 [pool-608-thread-1] INFO  server.RaftServerConfigKeys (ConfUtils.java:logGet(44)) - raft.server.rpc.sleep.time = 25ms (default)
2021-08-28 05:53:29,797 [pool-608-thread-1] INFO  server.RaftServerConfigKeys (ConfUtils.java:logGet(44)) - raft.server.rpc.slowness.timeout = 300s (custom)
2021-08-28 05:53:29,797 [pool-608-thread-1] INFO  server.RaftServerConfigKeys (ConfUtils.java:logGet(44)) - raft.server.leaderelection.leader.step-down.wait-time = 10s (default)
2021-08-28 05:53:29,797 [pool-608-thread-1] INFO  server.RaftServerConfigKeys (ConfUtils.java:logGet(44)) - raft.server.sleep.deviation.threshold = 300ms (default)
2021-08-28 05:53:29,797 [pool-608-thread-1] INFO  server.RaftServerConfigKeys (ConfUtils.java:logGet(44)) - raft.server.log.appender.install.snapshot.enabled = false (custom)
2021-08-28 05:53:29,797 [pool-608-thread-1] INFO  server.RaftServer$Division (ServerState.java:<init>(105)) - 176ebb76-54ef-4fc7-b036-d3478a12c0d9@group-65CC64261276: ConfigurationManager, init=-1: [176ebb76-54ef-4fc7-b036-d3478a12c0d9|rpc:10.1.0.40:36625|priority:1], old=null, confs=<EMPTY_MAP>
2021-08-28 05:53:29,797 [pool-608-thread-1] INFO  server.RaftServerConfigKeys (ConfUtils.java:logGet(44)) - raft.server.storage.dir = [/home/runner/work/ozone/ozone/hadoop-ozone/integration-test/target/test-dir/MiniOzoneClusterImpl-4114dceb-4d54-4a06-811c-48a2541ee5b4/datanode-1/data/ratis] (custom)
2021-08-28 05:53:29,797 [pool-608-thread-1] INFO  server.RaftServerConfigKeys (ConfUtils.java:logGet(44)) - raft.server.log.corruption.policy = EXCEPTION (default)
2021-08-28 05:53:29,798 [pool-608-thread-1] INFO  server.RaftServerConfigKeys (ConfUtils.java:logGet(44)) - raft.server.storage.free-space.min = 0MB (=0) (default)
2021-08-28 05:53:29,798 [pool-608-thread-1] INFO  storage.RaftStorageDirectory (RaftStorageDirectoryImpl.java:analyzeStorage(135)) - The storage directory /home/runner/work/ozone/ozone/hadoop-ozone/integration-test/target/test-dir/MiniOzoneClusterImpl-4114dceb-4d54-4a06-811c-48a2541ee5b4/datanode-1/data/ratis/eb7410be-cf1e-4e8b-92d5-65cc64261276 does not exist. Creating ...
2021-08-28 05:53:29,811 [grpc-default-executor-3] INFO  server.RaftServer (RaftServerProxy.java:addNew(95)) - 176ebb76-54ef-4fc7-b036-d3478a12c0d9: addNew group-1FC076CF3320:[3d8f492e-e4fc-40a7-8280-263d1b336f05|rpc:10.1.0.40:33843|dataStream:|priority:1, 130b495e-4981-4bfb-aed1-18e9f65aa3b8|rpc:10.1.0.40:34925|dataStream:|priority:0, 176ebb76-54ef-4fc7-b036-d3478a12c0d9|rpc:10.1.0.40:36625|dataStream:|priority:0] returns group-1FC076CF3320:java.util.concurrent.CompletableFuture@52a8de59[Not completed]
2021-08-28 05:53:29,817 [pool-608-thread-1] INFO  storage.RaftStorageDirectory (RaftStorageDirectoryImpl.java:tryLock(230)) - Lock on /home/runner/work/ozone/ozone/hadoop-ozone/integration-test/target/test-dir/MiniOzoneClusterImpl-4114dceb-4d54-4a06-811c-48a2541ee5b4/datanode-1/data/ratis/eb7410be-cf1e-4e8b-92d5-65cc64261276/in_use.lock acquired by nodename 5511@fv-az50-59
2021-08-28 05:53:29,819 [pool-608-thread-1] INFO  storage.RaftStorage (RaftStorageImpl.java:format(89)) - Storage directory /home/runner/work/ozone/ozone/hadoop-ozone/integration-test/target/test-dir/MiniOzoneClusterImpl-4114dceb-4d54-4a06-811c-48a2541ee5b4/datanode-1/data/ratis/eb7410be-cf1e-4e8b-92d5-65cc64261276 has been successfully formatted.
2021-08-28 05:53:29,820 [pool-608-thread-1] INFO  ratis.ContainerStateMachine (ContainerStateMachine.java:loadSnapshot(224)) - group-65CC64261276: The snapshot info is null. Setting the last applied indexto:(t:0, i:~)
2021-08-28 05:53:29,820 [pool-608-thread-1] INFO  server.RaftServerConfigKeys (ConfUtils.java:logGet(44)) - raft.server.notification.no-leader.timeout = 300s (custom)
2021-08-28 05:53:29,820 [pool-608-thread-1] INFO  server.RaftServerConfigKeys (ConfUtils.java:logGet(44)) - raft.server.log.use.memory = false (default)
2021-08-28 05:53:29,820 [pool-608-thread-1] INFO  server.RaftServerConfigKeys (ConfUtils.java:logGet(44)) - raft.server.log.purge.gap = 1000000 (custom)
2021-08-28 05:53:29,820 [pool-608-thread-1] INFO  server.RaftServerConfigKeys (ConfUtils.java:logGet(44)) - raft.server.log.appender.buffer.byte-limit = 33554432 (custom)
2021-08-28 05:53:29,820 [pool-608-thread-1] INFO  server.RaftServerConfigKeys (ConfUtils.java:logGet(44)) - raft.server.log.segment.size.max = 1048576 (custom)
2021-08-28 05:53:29,821 [pool-608-thread-1] INFO  server.RaftServerConfigKeys (ConfUtils.java:logGet(44)) - raft.server.log.segment.cache.num.max = 2 (custom)
2021-08-28 05:53:29,821 [pool-608-thread-1] INFO  server.RaftServerConfigKeys (ConfUtils.java:logGet(44)) - raft.server.log.segment.cache.size.max = 200MB (=209715200) (default)
2021-08-28 05:53:29,821 [pool-608-thread-1] INFO  segmented.SegmentedRaftLogWorker (SegmentedRaftLogWorker.java:<init>(182)) - new 176ebb76-54ef-4fc7-b036-d3478a12c0d9@group-65CC64261276-SegmentedRaftLogWorker for RaftStorageImpl:Storage Directory /home/runner/work/ozone/ozone/hadoop-ozone/integration-test/target/test-dir/MiniOzoneClusterImpl-4114dceb-4d54-4a06-811c-48a2541ee5b4/datanode-1/data/ratis/eb7410be-cf1e-4e8b-92d5-65cc64261276
2021-08-28 05:53:29,821 [pool-608-thread-1] INFO  server.RaftServerConfigKeys (ConfUtils.java:logGet(44)) - raft.server.log.queue.byte-limit = 2147483647 (custom)
2021-08-28 05:53:29,821 [pool-608-thread-1] INFO  server.RaftServerConfigKeys (ConfUtils.java:logGet(44)) - raft.server.log.queue.element-limit = 1024 (custom)
2021-08-28 05:53:29,821 [pool-608-thread-1] INFO  server.RaftServerConfigKeys (ConfUtils.java:logGet(44)) - raft.server.log.segment.size.max = 1048576 (custom)
2021-08-28 05:53:29,821 [pool-608-thread-1] INFO  server.RaftServerConfigKeys (ConfUtils.java:logGet(44)) - raft.server.log.preallocated.size = 16384 (custom)
2021-08-28 05:53:29,821 [pool-608-thread-1] INFO  server.RaftServerConfigKeys (ConfUtils.java:logGet(44)) - raft.server.log.force.sync.num = 128 (default)
2021-08-28 05:53:29,821 [pool-608-thread-1] INFO  server.RaftServerConfigKeys (ConfUtils.java:logGet(44)) - raft.server.log.statemachine.data.sync = true (default)
2021-08-28 05:53:29,821 [pool-608-thread-1] INFO  server.RaftServerConfigKeys (ConfUtils.java:logGet(44)) - raft.server.log.statemachine.data.sync.timeout = 10s (default)
2021-08-28 05:53:29,821 [pool-608-thread-1] INFO  server.RaftServerConfigKeys (ConfUtils.java:logGet(44)) - raft.server.log.statemachine.data.sync.timeout.retry = -1 (default)
2021-08-28 05:53:29,822 [pool-608-thread-1] INFO  server.RaftServerConfigKeys (ConfUtils.java:logGet(44)) - raft.server.log.write.buffer.size = 1048576 (custom)
2021-08-28 05:53:29,823 [EventQueue-PipelineReportForPipelineReportHandler] INFO  pipeline.PipelineManagerImpl (PipelineManagerImpl.java:openPipeline(282)) - Pipeline Pipeline[ Id: eb7410be-cf1e-4e8b-92d5-65cc64261276, Nodes: 176ebb76-54ef-4fc7-b036-d3478a12c0d9{ip: 10.1.0.40, host: fv-az50-59.grzltbmokehuzjyc5b133kdqgh.cx.internal.cloudapp.net, ports: [REPLICATION=39107, RATIS=36625, RATIS_ADMIN=36625, RATIS_SERVER=36625, STANDALONE=45715], networkLocation: /default-rack, certSerialId: null, persistedOpState: IN_SERVICE, persistedOpStateExpiryEpochSec: 0}, ReplicationConfig: RATIS/ONE, State:ALLOCATED, leaderId:176ebb76-54ef-4fc7-b036-d3478a12c0d9, CreationTimestamp2021-08-28T05:53:26.783Z[Etc/UTC]] moved to OPEN state
2021-08-28 05:53:29,823 [pool-608-thread-1] INFO  server.RaftServerConfigKeys (ConfUtils.java:logGet(44)) - raft.server.log.statemachine.data.caching.enabled = true (custom)
2021-08-28 05:53:29,823 [pool-608-thread-1] INFO  segmented.SegmentedRaftLogWorker (SegmentedRaftLogWorker.java:lambda$new$0(133)) - 176ebb76-54ef-4fc7-b036-d3478a12c0d9@group-65CC64261276-SegmentedRaftLogWorker: flushIndex: setUnconditionally 0 -> -1
2021-08-28 05:53:29,823 [EventQueue-OpenPipelineForHealthyPipelineSafeModeRule] INFO  safemode.SCMSafeModeManager (HealthyPipelineSafeModeRule.java:process(124)) - SCM in safe mode. Healthy pipelines reported count is 0, required healthy pipeline reported count is 1
2021-08-28 05:53:29,824 [pool-608-thread-1] INFO  segmented.SegmentedRaftLogWorker (SegmentedRaftLogWorker.java:lambda$new$0(133)) - 176ebb76-54ef-4fc7-b036-d3478a12c0d9@group-65CC64261276-SegmentedRaftLogWorker: safeCacheEvictIndex: setUnconditionally 0 -> -1
2021-08-28 05:53:29,826 [pool-608-thread-1] INFO  server.RaftServerConfigKeys (ConfUtils.java:logGet(44)) - raft.server.snapshot.auto.trigger.enabled = true (custom)
2021-08-28 05:53:29,826 [pool-608-thread-1] INFO  server.RaftServerConfigKeys (ConfUtils.java:logGet(44)) - raft.server.snapshot.auto.trigger.threshold = 10000 (custom)
2021-08-28 05:53:29,826 [pool-608-thread-1] INFO  server.RaftServerConfigKeys (ConfUtils.java:logGet(44)) - raft.server.snapshot.retention.file.num = 5 (custom)
2021-08-28 05:53:29,826 [pool-608-thread-1] INFO  server.RaftServerConfigKeys (ConfUtils.java:logGet(44)) - raft.server.log.purge.upto.snapshot.index = false (default)
2021-08-28 05:53:29,826 [pool-608-thread-1] INFO  server.RaftServerConfigKeys (ConfUtils.java:logGet(44)) - raft.server.retrycache.expirytime = 600000ms (custom)
2021-08-28 05:53:29,826 [pool-608-thread-1] INFO  server.RaftServerConfigKeys (ConfUtils.java:logGet(44)) - raft.server.retrycache.statistics.expirytime = 100μs (default)
2021-08-28 05:53:29,831 [pool-608-thread-1] INFO  server.RaftServer$Division (RaftServerImpl.java:<init>(181)) - 176ebb76-54ef-4fc7-b036-d3478a12c0d9: new RaftServerImpl for group-1FC076CF3320:[3d8f492e-e4fc-40a7-8280-263d1b336f05|rpc:10.1.0.40:33843|dataStream:|priority:1, 130b495e-4981-4bfb-aed1-18e9f65aa3b8|rpc:10.1.0.40:34925|dataStream:|priority:0, 176ebb76-54ef-4fc7-b036-d3478a12c0d9|rpc:10.1.0.40:36625|dataStream:|priority:0] with ContainerStateMachine:uninitialized
2021-08-28 05:53:29,831 [pool-608-thread-1] INFO  server.RaftServerConfigKeys (ConfUtils.java:logGet(44)) - raft.server.rpc.timeout.min = 5s (custom)
2021-08-28 05:53:29,831 [pool-608-thread-1] INFO  server.RaftServerConfigKeys (ConfUtils.java:logGet(44)) - raft.server.rpc.timeout.max = 5200ms (custom)
2021-08-28 05:53:29,831 [pool-608-thread-1] INFO  server.RaftServerConfigKeys (ConfUtils.java:logGet(44)) - raft.server.rpc.sleep.time = 25ms (default)
2021-08-28 05:53:29,831 [pool-608-thread-1] INFO  server.RaftServerConfigKeys (ConfUtils.java:logGet(44)) - raft.server.rpc.slowness.timeout = 300s (custom)
2021-08-28 05:53:29,831 [pool-608-thread-1] INFO  server.RaftServerConfigKeys (ConfUtils.java:logGet(44)) - raft.server.leaderelection.leader.step-down.wait-time = 10s (default)
2021-08-28 05:53:29,831 [pool-608-thread-1] INFO  server.RaftServerConfigKeys (ConfUtils.java:logGet(44)) - raft.server.sleep.deviation.threshold = 300ms (default)
2021-08-28 05:53:29,831 [pool-608-thread-1] INFO  server.RaftServerConfigKeys (ConfUtils.java:logGet(44)) - raft.server.log.appender.install.snapshot.enabled = false (custom)
2021-08-28 05:53:29,831 [pool-608-thread-1] INFO  server.RaftServer$Division (ServerState.java:<init>(105)) - 176ebb76-54ef-4fc7-b036-d3478a12c0d9@group-1FC076CF3320: ConfigurationManager, init=-1: [3d8f492e-e4fc-40a7-8280-263d1b336f05|rpc:10.1.0.40:33843|dataStream:|priority:1, 130b495e-4981-4bfb-aed1-18e9f65aa3b8|rpc:10.1.0.40:34925|dataStream:|priority:0, 176ebb76-54ef-4fc7-b036-d3478a12c0d9|rpc:10.1.0.40:36625|dataStream:|priority:0], old=null, confs=<EMPTY_MAP>
2021-08-28 05:53:29,831 [pool-608-thread-1] INFO  server.RaftServerConfigKeys (ConfUtils.java:logGet(44)) - raft.server.storage.dir = [/home/runner/work/ozone/ozone/hadoop-ozone/integration-test/target/test-dir/MiniOzoneClusterImpl-4114dceb-4d54-4a06-811c-48a2541ee5b4/datanode-1/data/ratis] (custom)
2021-08-28 05:53:29,834 [pool-608-thread-1] INFO  server.RaftServerConfigKeys (ConfUtils.java:logGet(44)) - raft.server.log.corruption.policy = EXCEPTION (default)
2021-08-28 05:53:29,834 [pool-608-thread-1] INFO  server.RaftServerConfigKeys (ConfUtils.java:logGet(44)) - raft.server.storage.free-space.min = 0MB (=0) (default)
2021-08-28 05:53:29,835 [pool-608-thread-1] INFO  storage.RaftStorageDirectory (RaftStorageDirectoryImpl.java:analyzeStorage(135)) - The storage directory /home/runner/work/ozone/ozone/hadoop-ozone/integration-test/target/test-dir/MiniOzoneClusterImpl-4114dceb-4d54-4a06-811c-48a2541ee5b4/datanode-1/data/ratis/4b705484-880c-4916-8338-1fc076cf3320 does not exist. Creating ...
2021-08-28 05:53:29,835 [pool-608-thread-1] INFO  storage.RaftStorageDirectory (RaftStorageDirectoryImpl.java:tryLock(230)) - Lock on /home/runner/work/ozone/ozone/hadoop-ozone/integration-test/target/test-dir/MiniOzoneClusterImpl-4114dceb-4d54-4a06-811c-48a2541ee5b4/datanode-1/data/ratis/4b705484-880c-4916-8338-1fc076cf3320/in_use.lock acquired by nodename 5511@fv-az50-59
2021-08-28 05:53:29,843 [pool-608-thread-1] INFO  storage.RaftStorage (RaftStorageImpl.java:format(89)) - Storage directory /home/runner/work/ozone/ozone/hadoop-ozone/integration-test/target/test-dir/MiniOzoneClusterImpl-4114dceb-4d54-4a06-811c-48a2541ee5b4/datanode-1/data/ratis/4b705484-880c-4916-8338-1fc076cf3320 has been successfully formatted.
2021-08-28 05:53:29,843 [pool-608-thread-1] INFO  ratis.ContainerStateMachine (ContainerStateMachine.java:loadSnapshot(224)) - group-1FC076CF3320: The snapshot info is null. Setting the last applied indexto:(t:0, i:~)
2021-08-28 05:53:29,843 [pool-608-thread-1] INFO  server.RaftServerConfigKeys (ConfUtils.java:logGet(44)) - raft.server.notification.no-leader.timeout = 300s (custom)
2021-08-28 05:53:29,845 [pool-608-thread-1] INFO  server.RaftServerConfigKeys (ConfUtils.java:logGet(44)) - raft.server.log.use.memory = false (default)
2021-08-28 05:53:29,844 [EventQueue-OpenPipelineForHealthyPipelineSafeModeRule] INFO  safemode.SCMSafeModeManager (HealthyPipelineSafeModeRule.java:process(124)) - SCM in safe mode. Healthy pipelines reported count is 0, required healthy pipeline reported count is 1
2021-08-28 05:53:29,846 [pool-608-thread-1] INFO  server.RaftServerConfigKeys (ConfUtils.java:logGet(44)) - raft.server.log.purge.gap = 1000000 (custom)
2021-08-28 05:53:29,847 [pool-608-thread-1] INFO  server.RaftServerConfigKeys (ConfUtils.java:logGet(44)) - raft.server.log.appender.buffer.byte-limit = 33554432 (custom)
2021-08-28 05:53:29,847 [pool-608-thread-1] INFO  server.RaftServerConfigKeys (ConfUtils.java:logGet(44)) - raft.server.log.segment.size.max = 1048576 (custom)
2021-08-28 05:53:29,847 [pool-608-thread-1] INFO  server.RaftServerConfigKeys (ConfUtils.java:logGet(44)) - raft.server.log.segment.cache.num.max = 2 (custom)
2021-08-28 05:53:29,848 [pool-608-thread-1] INFO  server.RaftServerConfigKeys (ConfUtils.java:logGet(44)) - raft.server.log.segment.cache.size.max = 200MB (=209715200) (default)
2021-08-28 05:53:29,848 [pool-608-thread-1] INFO  segmented.SegmentedRaftLogWorker (SegmentedRaftLogWorker.java:<init>(182)) - new 176ebb76-54ef-4fc7-b036-d3478a12c0d9@group-1FC076CF3320-SegmentedRaftLogWorker for RaftStorageImpl:Storage Directory /home/runner/work/ozone/ozone/hadoop-ozone/integration-test/target/test-dir/MiniOzoneClusterImpl-4114dceb-4d54-4a06-811c-48a2541ee5b4/datanode-1/data/ratis/4b705484-880c-4916-8338-1fc076cf3320
2021-08-28 05:53:29,848 [pool-608-thread-1] INFO  server.RaftServerConfigKeys (ConfUtils.java:logGet(44)) - raft.server.log.queue.byte-limit = 2147483647 (custom)
2021-08-28 05:53:29,848 [pool-608-thread-1] INFO  server.RaftServerConfigKeys (ConfUtils.java:logGet(44)) - raft.server.log.queue.element-limit = 1024 (custom)
2021-08-28 05:53:29,848 [pool-608-thread-1] INFO  server.RaftServerConfigKeys (ConfUtils.java:logGet(44)) - raft.server.log.segment.size.max = 1048576 (custom)
2021-08-28 05:53:29,853 [pool-608-thread-1] INFO  server.RaftServerConfigKeys (ConfUtils.java:logGet(44)) - raft.server.log.preallocated.size = 16384 (custom)
2021-08-28 05:53:29,853 [pool-608-thread-1] INFO  server.RaftServerConfigKeys (ConfUtils.java:logGet(44)) - raft.server.log.force.sync.num = 128 (default)
2021-08-28 05:53:29,853 [pool-608-thread-1] INFO  server.RaftServerConfigKeys (ConfUtils.java:logGet(44)) - raft.server.log.statemachine.data.sync = true (default)
2021-08-28 05:53:29,853 [pool-608-thread-1] INFO  server.RaftServerConfigKeys (ConfUtils.java:logGet(44)) - raft.server.log.statemachine.data.sync.timeout = 10s (default)
2021-08-28 05:53:29,853 [pool-608-thread-1] INFO  server.RaftServerConfigKeys (ConfUtils.java:logGet(44)) - raft.server.log.statemachine.data.sync.timeout.retry = -1 (default)
2021-08-28 05:53:29,854 [pool-608-thread-1] INFO  server.RaftServerConfigKeys (ConfUtils.java:logGet(44)) - raft.server.log.write.buffer.size = 1048576 (custom)
2021-08-28 05:53:29,855 [pool-608-thread-1] INFO  server.RaftServerConfigKeys (ConfUtils.java:logGet(44)) - raft.server.log.statemachine.data.caching.enabled = true (custom)
2021-08-28 05:53:29,855 [pool-608-thread-1] INFO  segmented.SegmentedRaftLogWorker (SegmentedRaftLogWorker.java:lambda$new$0(133)) - 176ebb76-54ef-4fc7-b036-d3478a12c0d9@group-1FC076CF3320-SegmentedRaftLogWorker: flushIndex: setUnconditionally 0 -> -1
2021-08-28 05:53:29,855 [pool-608-thread-1] INFO  segmented.SegmentedRaftLogWorker (SegmentedRaftLogWorker.java:lambda$new$0(133)) - 176ebb76-54ef-4fc7-b036-d3478a12c0d9@group-1FC076CF3320-SegmentedRaftLogWorker: safeCacheEvictIndex: setUnconditionally 0 -> -1
2021-08-28 05:53:29,856 [pool-608-thread-1] INFO  server.RaftServerConfigKeys (ConfUtils.java:logGet(44)) - raft.server.snapshot.auto.trigger.enabled = true (custom)
2021-08-28 05:53:29,856 [pool-608-thread-1] INFO  server.RaftServerConfigKeys (ConfUtils.java:logGet(44)) - raft.server.snapshot.auto.trigger.threshold = 10000 (custom)
2021-08-28 05:53:29,856 [pool-608-thread-1] INFO  server.RaftServerConfigKeys (ConfUtils.java:logGet(44)) - raft.server.snapshot.retention.file.num = 5 (custom)
2021-08-28 05:53:29,856 [pool-608-thread-1] INFO  server.RaftServerConfigKeys (ConfUtils.java:logGet(44)) - raft.server.log.purge.upto.snapshot.index = false (default)
2021-08-28 05:53:29,856 [pool-608-thread-1] INFO  server.RaftServerConfigKeys (ConfUtils.java:logGet(44)) - raft.server.retrycache.expirytime = 600000ms (custom)
2021-08-28 05:53:29,856 [pool-608-thread-1] INFO  server.RaftServerConfigKeys (ConfUtils.java:logGet(44)) - raft.server.retrycache.statistics.expirytime = 100μs (default)
2021-08-28 05:53:29,857 [pool-608-thread-1] INFO  server.RaftServer$Division (RaftServerImpl.java:start(296)) - 176ebb76-54ef-4fc7-b036-d3478a12c0d9@group-65CC64261276: start as a follower, conf=-1: [176ebb76-54ef-4fc7-b036-d3478a12c0d9|rpc:10.1.0.40:36625|priority:1], old=null
2021-08-28 05:53:29,857 [pool-608-thread-1] INFO  server.RaftServer$Division (RaftServerImpl.java:setRole(285)) - 176ebb76-54ef-4fc7-b036-d3478a12c0d9@group-65CC64261276: changes role from      null to FOLLOWER at term 0 for startAsFollower
2021-08-28 05:53:29,857 [pool-608-thread-1] INFO  impl.RoleInfo (RoleInfo.java:updateAndGet(130)) - 176ebb76-54ef-4fc7-b036-d3478a12c0d9: start 176ebb76-54ef-4fc7-b036-d3478a12c0d9@group-65CC64261276-FollowerState
2021-08-28 05:53:29,858 [pool-608-thread-1] INFO  util.JmxRegister (JmxRegister.java:tryRegister(44)) - Successfully registered JMX Bean with object name Ratis:service=RaftServer,group=group-65CC64261276,id=176ebb76-54ef-4fc7-b036-d3478a12c0d9
2021-08-28 05:53:29,859 [pool-608-thread-1] INFO  server.RaftServer$Division (RaftServerImpl.java:start(296)) - 176ebb76-54ef-4fc7-b036-d3478a12c0d9@group-1FC076CF3320: start as a follower, conf=-1: [3d8f492e-e4fc-40a7-8280-263d1b336f05|rpc:10.1.0.40:33843|dataStream:|priority:1, 130b495e-4981-4bfb-aed1-18e9f65aa3b8|rpc:10.1.0.40:34925|dataStream:|priority:0, 176ebb76-54ef-4fc7-b036-d3478a12c0d9|rpc:10.1.0.40:36625|dataStream:|priority:0], old=null
2021-08-28 05:53:29,859 [pool-608-thread-1] INFO  server.RaftServer$Division (RaftServerImpl.java:setRole(285)) - 176ebb76-54ef-4fc7-b036-d3478a12c0d9@group-1FC076CF3320: changes role from      null to FOLLOWER at term 0 for startAsFollower
2021-08-28 05:53:29,859 [pool-608-thread-1] INFO  impl.RoleInfo (RoleInfo.java:updateAndGet(130)) - 176ebb76-54ef-4fc7-b036-d3478a12c0d9: start 176ebb76-54ef-4fc7-b036-d3478a12c0d9@group-1FC076CF3320-FollowerState
2021-08-28 05:53:29,859 [Command processor thread] INFO  ratis.XceiverServerRatis (XceiverServerRatis.java:addGroup(763)) - Created group PipelineID=eb7410be-cf1e-4e8b-92d5-65cc64261276
2021-08-28 05:53:29,859 [Command processor thread] INFO  commandhandler.CreatePipelineCommandHandler (CreatePipelineCommandHandler.java:handle(106)) - Created Pipeline RATIS ONE PipelineID=eb7410be-cf1e-4e8b-92d5-65cc64261276.
2021-08-28 05:53:29,859 [Command processor thread] INFO  server.RaftServer (RaftServerProxy.java:addNew(95)) - 176ebb76-54ef-4fc7-b036-d3478a12c0d9: addNew group-3BD747763059:[3d8f492e-e4fc-40a7-8280-263d1b336f05|rpc:10.1.0.40:33843|priority:0, 176ebb76-54ef-4fc7-b036-d3478a12c0d9|rpc:10.1.0.40:36625|priority:0, 130b495e-4981-4bfb-aed1-18e9f65aa3b8|rpc:10.1.0.40:34925|priority:1] returns group-3BD747763059:java.util.concurrent.CompletableFuture@7752cd98[Not completed]
2021-08-28 05:53:29,869 [pool-608-thread-1] INFO  util.JmxRegister (JmxRegister.java:tryRegister(44)) - Successfully registered JMX Bean with object name Ratis:service=RaftServer,group=group-1FC076CF3320,id=176ebb76-54ef-4fc7-b036-d3478a12c0d9
2021-08-28 05:53:29,874 [pool-608-thread-1] INFO  server.RaftServer$Division (RaftServerImpl.java:<init>(181)) - 176ebb76-54ef-4fc7-b036-d3478a12c0d9: new RaftServerImpl for group-3BD747763059:[3d8f492e-e4fc-40a7-8280-263d1b336f05|rpc:10.1.0.40:33843|priority:0, 176ebb76-54ef-4fc7-b036-d3478a12c0d9|rpc:10.1.0.40:36625|priority:0, 130b495e-4981-4bfb-aed1-18e9f65aa3b8|rpc:10.1.0.40:34925|priority:1] with ContainerStateMachine:uninitialized
2021-08-28 05:53:29,875 [pool-608-thread-1] INFO  server.RaftServerConfigKeys (ConfUtils.java:logGet(44)) - raft.server.rpc.timeout.min = 5s (custom)
2021-08-28 05:53:29,875 [pool-608-thread-1] INFO  server.RaftServerConfigKeys (ConfUtils.java:logGet(44)) - raft.server.rpc.timeout.max = 5200ms (custom)
2021-08-28 05:53:29,875 [pool-608-thread-1] INFO  server.RaftServerConfigKeys (ConfUtils.java:logGet(44)) - raft.server.rpc.sleep.time = 25ms (default)
2021-08-28 05:53:29,875 [pool-608-thread-1] INFO  server.RaftServerConfigKeys (ConfUtils.java:logGet(44)) - raft.server.rpc.slowness.timeout = 300s (custom)
2021-08-28 05:53:29,875 [pool-608-thread-1] INFO  server.RaftServerConfigKeys (ConfUtils.java:logGet(44)) - raft.server.leaderelection.leader.step-down.wait-time = 10s (default)
2021-08-28 05:53:29,875 [pool-608-thread-1] INFO  server.RaftServerConfigKeys (ConfUtils.java:logGet(44)) - raft.server.sleep.deviation.threshold = 300ms (default)
2021-08-28 05:53:29,875 [pool-608-thread-1] INFO  server.RaftServerConfigKeys (ConfUtils.java:logGet(44)) - raft.server.log.appender.install.snapshot.enabled = false (custom)
2021-08-28 05:53:29,875 [pool-608-thread-1] INFO  server.RaftServer$Division (ServerState.java:<init>(105)) - 176ebb76-54ef-4fc7-b036-d3478a12c0d9@group-3BD747763059: ConfigurationManager, init=-1: [3d8f492e-e4fc-40a7-8280-263d1b336f05|rpc:10.1.0.40:33843|priority:0, 176ebb76-54ef-4fc7-b036-d3478a12c0d9|rpc:10.1.0.40:36625|priority:0, 130b495e-4981-4bfb-aed1-18e9f65aa3b8|rpc:10.1.0.40:34925|priority:1], old=null, confs=<EMPTY_MAP>
2021-08-28 05:53:29,875 [pool-608-thread-1] INFO  server.RaftServerConfigKeys (ConfUtils.java:logGet(44)) - raft.server.storage.dir = [/home/runner/work/ozone/ozone/hadoop-ozone/integration-test/target/test-dir/MiniOzoneClusterImpl-4114dceb-4d54-4a06-811c-48a2541ee5b4/datanode-1/data/ratis] (custom)
2021-08-28 05:53:29,875 [pool-608-thread-1] INFO  server.RaftServerConfigKeys (ConfUtils.java:logGet(44)) - raft.server.log.corruption.policy = EXCEPTION (default)
2021-08-28 05:53:29,875 [pool-608-thread-1] INFO  server.RaftServerConfigKeys (ConfUtils.java:logGet(44)) - raft.server.storage.free-space.min = 0MB (=0) (default)
2021-08-28 05:53:29,875 [pool-608-thread-1] INFO  storage.RaftStorageDirectory (RaftStorageDirectoryImpl.java:analyzeStorage(135)) - The storage directory /home/runner/work/ozone/ozone/hadoop-ozone/integration-test/target/test-dir/MiniOzoneClusterImpl-4114dceb-4d54-4a06-811c-48a2541ee5b4/datanode-1/data/ratis/a2a9bca4-85f9-4565-b8ce-3bd747763059 does not exist. Creating ...
2021-08-28 05:53:29,876 [pool-608-thread-1] INFO  storage.RaftStorageDirectory (RaftStorageDirectoryImpl.java:tryLock(230)) - Lock on /home/runner/work/ozone/ozone/hadoop-ozone/integration-test/target/test-dir/MiniOzoneClusterImpl-4114dceb-4d54-4a06-811c-48a2541ee5b4/datanode-1/data/ratis/a2a9bca4-85f9-4565-b8ce-3bd747763059/in_use.lock acquired by nodename 5511@fv-az50-59
2021-08-28 05:53:29,895 [pool-608-thread-1] INFO  storage.RaftStorage (RaftStorageImpl.java:format(89)) - Storage directory /home/runner/work/ozone/ozone/hadoop-ozone/integration-test/target/test-dir/MiniOzoneClusterImpl-4114dceb-4d54-4a06-811c-48a2541ee5b4/datanode-1/data/ratis/a2a9bca4-85f9-4565-b8ce-3bd747763059 has been successfully formatted.
2021-08-28 05:53:29,895 [pool-608-thread-1] INFO  ratis.ContainerStateMachine (ContainerStateMachine.java:loadSnapshot(224)) - group-3BD747763059: The snapshot info is null. Setting the last applied indexto:(t:0, i:~)
2021-08-28 05:53:29,895 [pool-608-thread-1] INFO  server.RaftServerConfigKeys (ConfUtils.java:logGet(44)) - raft.server.notification.no-leader.timeout = 300s (custom)
2021-08-28 05:53:29,895 [pool-608-thread-1] INFO  server.RaftServerConfigKeys (ConfUtils.java:logGet(44)) - raft.server.log.use.memory = false (default)
2021-08-28 05:53:29,895 [pool-608-thread-1] INFO  server.RaftServerConfigKeys (ConfUtils.java:logGet(44)) - raft.server.log.purge.gap = 1000000 (custom)
2021-08-28 05:53:29,895 [pool-608-thread-1] INFO  server.RaftServerConfigKeys (ConfUtils.java:logGet(44)) - raft.server.log.appender.buffer.byte-limit = 33554432 (custom)
2021-08-28 05:53:29,896 [pool-608-thread-1] INFO  server.RaftServerConfigKeys (ConfUtils.java:logGet(44)) - raft.server.log.segment.size.max = 1048576 (custom)
2021-08-28 05:53:29,896 [pool-608-thread-1] INFO  server.RaftServerConfigKeys (ConfUtils.java:logGet(44)) - raft.server.log.segment.cache.num.max = 2 (custom)
2021-08-28 05:53:29,896 [pool-608-thread-1] INFO  server.RaftServerConfigKeys (ConfUtils.java:logGet(44)) - raft.server.log.segment.cache.size.max = 200MB (=209715200) (default)
2021-08-28 05:53:29,896 [pool-608-thread-1] INFO  segmented.SegmentedRaftLogWorker (SegmentedRaftLogWorker.java:<init>(182)) - new 176ebb76-54ef-4fc7-b036-d3478a12c0d9@group-3BD747763059-SegmentedRaftLogWorker for RaftStorageImpl:Storage Directory /home/runner/work/ozone/ozone/hadoop-ozone/integration-test/target/test-dir/MiniOzoneClusterImpl-4114dceb-4d54-4a06-811c-48a2541ee5b4/datanode-1/data/ratis/a2a9bca4-85f9-4565-b8ce-3bd747763059
2021-08-28 05:53:29,896 [pool-608-thread-1] INFO  server.RaftServerConfigKeys (ConfUtils.java:logGet(44)) - raft.server.log.queue.byte-limit = 2147483647 (custom)
2021-08-28 05:53:29,896 [pool-608-thread-1] INFO  server.RaftServerConfigKeys (ConfUtils.java:logGet(44)) - raft.server.log.queue.element-limit = 1024 (custom)
2021-08-28 05:53:29,896 [pool-608-thread-1] INFO  server.RaftServerConfigKeys (ConfUtils.java:logGet(44)) - raft.server.log.segment.size.max = 1048576 (custom)
2021-08-28 05:53:29,896 [pool-608-thread-1] INFO  server.RaftServerConfigKeys (ConfUtils.java:logGet(44)) - raft.server.log.preallocated.size = 16384 (custom)
2021-08-28 05:53:29,896 [pool-608-thread-1] INFO  server.RaftServerConfigKeys (ConfUtils.java:logGet(44)) - raft.server.log.force.sync.num = 128 (default)
2021-08-28 05:53:29,896 [pool-608-thread-1] INFO  server.RaftServerConfigKeys (ConfUtils.java:logGet(44)) - raft.server.log.statemachine.data.sync = true (default)
2021-08-28 05:53:29,897 [pool-608-thread-1] INFO  server.RaftServerConfigKeys (ConfUtils.java:logGet(44)) - raft.server.log.statemachine.data.sync.timeout = 10s (default)
2021-08-28 05:53:29,897 [pool-608-thread-1] INFO  server.RaftServerConfigKeys (ConfUtils.java:logGet(44)) - raft.server.log.statemachine.data.sync.timeout.retry = -1 (default)
2021-08-28 05:53:29,898 [pool-608-thread-1] INFO  server.RaftServerConfigKeys (ConfUtils.java:logGet(44)) - raft.server.log.write.buffer.size = 1048576 (custom)
2021-08-28 05:53:29,899 [EventQueue-OpenPipelineForHealthyPipelineSafeModeRule] INFO  safemode.SCMSafeModeManager (HealthyPipelineSafeModeRule.java:process(124)) - SCM in safe mode. Healthy pipelines reported count is 0, required healthy pipeline reported count is 1
2021-08-28 05:53:29,900 [pool-608-thread-1] INFO  server.RaftServerConfigKeys (ConfUtils.java:logGet(44)) - raft.server.log.statemachine.data.caching.enabled = true (custom)
2021-08-28 05:53:29,901 [pool-608-thread-1] INFO  segmented.SegmentedRaftLogWorker (SegmentedRaftLogWorker.java:lambda$new$0(133)) - 176ebb76-54ef-4fc7-b036-d3478a12c0d9@group-3BD747763059-SegmentedRaftLogWorker: flushIndex: setUnconditionally 0 -> -1
2021-08-28 05:53:29,901 [pool-608-thread-1] INFO  segmented.SegmentedRaftLogWorker (SegmentedRaftLogWorker.java:lambda$new$0(133)) - 176ebb76-54ef-4fc7-b036-d3478a12c0d9@group-3BD747763059-SegmentedRaftLogWorker: safeCacheEvictIndex: setUnconditionally 0 -> -1
2021-08-28 05:53:29,901 [pool-608-thread-1] INFO  server.RaftServerConfigKeys (ConfUtils.java:logGet(44)) - raft.server.snapshot.auto.trigger.enabled = true (custom)
2021-08-28 05:53:29,901 [pool-608-thread-1] INFO  server.RaftServerConfigKeys (ConfUtils.java:logGet(44)) - raft.server.snapshot.auto.trigger.threshold = 10000 (custom)
2021-08-28 05:53:29,901 [pool-608-thread-1] INFO  server.RaftServerConfigKeys (ConfUtils.java:logGet(44)) - raft.server.snapshot.retention.file.num = 5 (custom)
2021-08-28 05:53:29,901 [pool-608-thread-1] INFO  server.RaftServerConfigKeys (ConfUtils.java:logGet(44)) - raft.server.log.purge.upto.snapshot.index = false (default)
2021-08-28 05:53:29,901 [pool-608-thread-1] INFO  server.RaftServerConfigKeys (ConfUtils.java:logGet(44)) - raft.server.retrycache.expirytime = 600000ms (custom)
2021-08-28 05:53:29,901 [pool-608-thread-1] INFO  server.RaftServerConfigKeys (ConfUtils.java:logGet(44)) - raft.server.retrycache.statistics.expirytime = 100μs (default)
2021-08-28 05:53:29,902 [Command processor thread] INFO  commandhandler.CreatePipelineCommandHandler (CreatePipelineCommandHandler.java:handle(106)) - Created Pipeline RATIS THREE PipelineID=4b705484-880c-4916-8338-1fc076cf3320.
2021-08-28 05:53:29,902 [Command processor thread] INFO  server.RaftServer (RaftServerProxy.java:addNew(95)) - 130b495e-4981-4bfb-aed1-18e9f65aa3b8: addNew group-3BD747763059:[3d8f492e-e4fc-40a7-8280-263d1b336f05|rpc:10.1.0.40:33843|priority:0, 176ebb76-54ef-4fc7-b036-d3478a12c0d9|rpc:10.1.0.40:36625|priority:0, 130b495e-4981-4bfb-aed1-18e9f65aa3b8|rpc:10.1.0.40:34925|priority:1] returns group-3BD747763059:java.util.concurrent.CompletableFuture@6bfef307[Not completed]
2021-08-28 05:53:29,903 [pool-608-thread-1] INFO  server.RaftServer$Division (RaftServerImpl.java:start(296)) - 176ebb76-54ef-4fc7-b036-d3478a12c0d9@group-3BD747763059: start as a follower, conf=-1: [3d8f492e-e4fc-40a7-8280-263d1b336f05|rpc:10.1.0.40:33843|priority:0, 176ebb76-54ef-4fc7-b036-d3478a12c0d9|rpc:10.1.0.40:36625|priority:0, 130b495e-4981-4bfb-aed1-18e9f65aa3b8|rpc:10.1.0.40:34925|priority:1], old=null
2021-08-28 05:53:29,903 [pool-608-thread-1] INFO  server.RaftServer$Division (RaftServerImpl.java:setRole(285)) - 176ebb76-54ef-4fc7-b036-d3478a12c0d9@group-3BD747763059: changes role from      null to FOLLOWER at term 0 for startAsFollower
2021-08-28 05:53:29,903 [pool-608-thread-1] INFO  impl.RoleInfo (RoleInfo.java:updateAndGet(130)) - 176ebb76-54ef-4fc7-b036-d3478a12c0d9: start 176ebb76-54ef-4fc7-b036-d3478a12c0d9@group-3BD747763059-FollowerState
2021-08-28 05:53:29,904 [pool-589-thread-1] INFO  server.RaftServer$Division (RaftServerImpl.java:<init>(181)) - 130b495e-4981-4bfb-aed1-18e9f65aa3b8: new RaftServerImpl for group-3BD747763059:[3d8f492e-e4fc-40a7-8280-263d1b336f05|rpc:10.1.0.40:33843|priority:0, 176ebb76-54ef-4fc7-b036-d3478a12c0d9|rpc:10.1.0.40:36625|priority:0, 130b495e-4981-4bfb-aed1-18e9f65aa3b8|rpc:10.1.0.40:34925|priority:1] with ContainerStateMachine:uninitialized
2021-08-28 05:53:29,904 [pool-589-thread-1] INFO  server.RaftServerConfigKeys (ConfUtils.java:logGet(44)) - raft.server.rpc.timeout.min = 5s (custom)
2021-08-28 05:53:29,904 [pool-589-thread-1] INFO  server.RaftServerConfigKeys (ConfUtils.java:logGet(44)) - raft.server.rpc.timeout.max = 5200ms (custom)
2021-08-28 05:53:29,904 [pool-589-thread-1] INFO  server.RaftServerConfigKeys (ConfUtils.java:logGet(44)) - raft.server.rpc.sleep.time = 25ms (default)
2021-08-28 05:53:29,904 [pool-589-thread-1] INFO  server.RaftServerConfigKeys (ConfUtils.java:logGet(44)) - raft.server.rpc.slowness.timeout = 300s (custom)
2021-08-28 05:53:29,904 [pool-589-thread-1] INFO  server.RaftServerConfigKeys (ConfUtils.java:logGet(44)) - raft.server.leaderelection.leader.step-down.wait-time = 10s (default)
2021-08-28 05:53:29,904 [pool-589-thread-1] INFO  server.RaftServerConfigKeys (ConfUtils.java:logGet(44)) - raft.server.sleep.deviation.threshold = 300ms (default)
2021-08-28 05:53:29,904 [pool-589-thread-1] INFO  server.RaftServerConfigKeys (ConfUtils.java:logGet(44)) - raft.server.log.appender.install.snapshot.enabled = false (custom)
2021-08-28 05:53:29,904 [pool-589-thread-1] INFO  server.RaftServer$Division (ServerState.java:<init>(105)) - 130b495e-4981-4bfb-aed1-18e9f65aa3b8@group-3BD747763059: ConfigurationManager, init=-1: [3d8f492e-e4fc-40a7-8280-263d1b336f05|rpc:10.1.0.40:33843|priority:0, 176ebb76-54ef-4fc7-b036-d3478a12c0d9|rpc:10.1.0.40:36625|priority:0, 130b495e-4981-4bfb-aed1-18e9f65aa3b8|rpc:10.1.0.40:34925|priority:1], old=null, confs=<EMPTY_MAP>
2021-08-28 05:53:29,904 [pool-589-thread-1] INFO  server.RaftServerConfigKeys (ConfUtils.java:logGet(44)) - raft.server.storage.dir = [/home/runner/work/ozone/ozone/hadoop-ozone/integration-test/target/test-dir/MiniOzoneClusterImpl-4114dceb-4d54-4a06-811c-48a2541ee5b4/datanode-0/data/ratis] (custom)
2021-08-28 05:53:29,904 [pool-589-thread-1] INFO  server.RaftServerConfigKeys (ConfUtils.java:logGet(44)) - raft.server.log.corruption.policy = EXCEPTION (default)
2021-08-28 05:53:29,904 [pool-589-thread-1] INFO  server.RaftServerConfigKeys (ConfUtils.java:logGet(44)) - raft.server.storage.free-space.min = 0MB (=0) (default)
2021-08-28 05:53:29,904 [pool-589-thread-1] INFO  storage.RaftStorageDirectory (RaftStorageDirectoryImpl.java:analyzeStorage(135)) - The storage directory /home/runner/work/ozone/ozone/hadoop-ozone/integration-test/target/test-dir/MiniOzoneClusterImpl-4114dceb-4d54-4a06-811c-48a2541ee5b4/datanode-0/data/ratis/a2a9bca4-85f9-4565-b8ce-3bd747763059 does not exist. Creating ...
2021-08-28 05:53:29,905 [EndpointStateMachine task thread for /0.0.0.0:43701 - 0 ] INFO  ipc.Client (Client.java:handleConnectionFailure(977)) - Retrying connect to server: 0.0.0.0/0.0.0.0:43701. Already tried 14 time(s); retry policy is RetryUpToMaximumCountWithFixedSleep(maxRetries=15, sleepTime=1000 MILLISECONDS)
2021-08-28 05:53:29,906 [pool-589-thread-1] INFO  storage.RaftStorageDirectory (RaftStorageDirectoryImpl.java:tryLock(230)) - Lock on /home/runner/work/ozone/ozone/hadoop-ozone/integration-test/target/test-dir/MiniOzoneClusterImpl-4114dceb-4d54-4a06-811c-48a2541ee5b4/datanode-0/data/ratis/a2a9bca4-85f9-4565-b8ce-3bd747763059/in_use.lock acquired by nodename 5511@fv-az50-59
2021-08-28 05:53:29,907 [pool-589-thread-1] INFO  storage.RaftStorage (RaftStorageImpl.java:format(89)) - Storage directory /home/runner/work/ozone/ozone/hadoop-ozone/integration-test/target/test-dir/MiniOzoneClusterImpl-4114dceb-4d54-4a06-811c-48a2541ee5b4/datanode-0/data/ratis/a2a9bca4-85f9-4565-b8ce-3bd747763059 has been successfully formatted.
2021-08-28 05:53:29,918 [pool-608-thread-1] INFO  util.JmxRegister (JmxRegister.java:tryRegister(44)) - Successfully registered JMX Bean with object name Ratis:service=RaftServer,group=group-3BD747763059,id=176ebb76-54ef-4fc7-b036-d3478a12c0d9
2021-08-28 05:53:29,929 [Command processor thread] INFO  ratis.XceiverServerRatis (XceiverServerRatis.java:addGroup(763)) - Created group PipelineID=a2a9bca4-85f9-4565-b8ce-3bd747763059
2021-08-28 05:53:29,937 [pool-589-thread-1] INFO  ratis.ContainerStateMachine (ContainerStateMachine.java:loadSnapshot(224)) - group-3BD747763059: The snapshot info is null. Setting the last applied indexto:(t:0, i:~)
2021-08-28 05:53:29,938 [pool-589-thread-1] INFO  server.RaftServerConfigKeys (ConfUtils.java:logGet(44)) - raft.server.notification.no-leader.timeout = 300s (custom)
2021-08-28 05:53:29,938 [pool-589-thread-1] INFO  server.RaftServerConfigKeys (ConfUtils.java:logGet(44)) - raft.server.log.use.memory = false (default)
2021-08-28 05:53:29,938 [pool-589-thread-1] INFO  server.RaftServerConfigKeys (ConfUtils.java:logGet(44)) - raft.server.log.purge.gap = 1000000 (custom)
2021-08-28 05:53:29,938 [pool-589-thread-1] INFO  server.RaftServerConfigKeys (ConfUtils.java:logGet(44)) - raft.server.log.appender.buffer.byte-limit = 33554432 (custom)
2021-08-28 05:53:29,938 [pool-589-thread-1] INFO  server.RaftServerConfigKeys (ConfUtils.java:logGet(44)) - raft.server.log.segment.size.max = 1048576 (custom)
2021-08-28 05:53:29,939 [pool-589-thread-1] INFO  server.RaftServerConfigKeys (ConfUtils.java:logGet(44)) - raft.server.log.segment.cache.num.max = 2 (custom)
2021-08-28 05:53:29,939 [pool-589-thread-1] INFO  server.RaftServerConfigKeys (ConfUtils.java:logGet(44)) - raft.server.log.segment.cache.size.max = 200MB (=209715200) (default)
2021-08-28 05:53:29,939 [pool-589-thread-1] INFO  segmented.SegmentedRaftLogWorker (SegmentedRaftLogWorker.java:<init>(182)) - new 130b495e-4981-4bfb-aed1-18e9f65aa3b8@group-3BD747763059-SegmentedRaftLogWorker for RaftStorageImpl:Storage Directory /home/runner/work/ozone/ozone/hadoop-ozone/integration-test/target/test-dir/MiniOzoneClusterImpl-4114dceb-4d54-4a06-811c-48a2541ee5b4/datanode-0/data/ratis/a2a9bca4-85f9-4565-b8ce-3bd747763059
2021-08-28 05:53:29,939 [pool-589-thread-1] INFO  server.RaftServerConfigKeys (ConfUtils.java:logGet(44)) - raft.server.log.queue.byte-limit = 2147483647 (custom)
2021-08-28 05:53:29,939 [pool-589-thread-1] INFO  server.RaftServerConfigKeys (ConfUtils.java:logGet(44)) - raft.server.log.queue.element-limit = 1024 (custom)
2021-08-28 05:53:29,939 [pool-589-thread-1] INFO  server.RaftServerConfigKeys (ConfUtils.java:logGet(44)) - raft.server.log.segment.size.max = 1048576 (custom)
2021-08-28 05:53:29,939 [pool-589-thread-1] INFO  server.RaftServerConfigKeys (ConfUtils.java:logGet(44)) - raft.server.log.preallocated.size = 16384 (custom)
2021-08-28 05:53:29,939 [pool-589-thread-1] INFO  server.RaftServerConfigKeys (ConfUtils.java:logGet(44)) - raft.server.log.force.sync.num = 128 (default)
2021-08-28 05:53:29,939 [pool-589-thread-1] INFO  server.RaftServerConfigKeys (ConfUtils.java:logGet(44)) - raft.server.log.statemachine.data.sync = true (default)
2021-08-28 05:53:29,939 [pool-589-thread-1] INFO  server.RaftServerConfigKeys (ConfUtils.java:logGet(44)) - raft.server.log.statemachine.data.sync.timeout = 10s (default)
2021-08-28 05:53:29,939 [pool-589-thread-1] INFO  server.RaftServerConfigKeys (ConfUtils.java:logGet(44)) - raft.server.log.statemachine.data.sync.timeout.retry = -1 (default)
2021-08-28 05:53:29,940 [pool-589-thread-1] INFO  server.RaftServerConfigKeys (ConfUtils.java:logGet(44)) - raft.server.log.write.buffer.size = 1048576 (custom)
2021-08-28 05:53:29,940 [pool-589-thread-1] INFO  server.RaftServerConfigKeys (ConfUtils.java:logGet(44)) - raft.server.log.statemachine.data.caching.enabled = true (custom)
2021-08-28 05:53:29,940 [pool-589-thread-1] INFO  segmented.SegmentedRaftLogWorker (SegmentedRaftLogWorker.java:lambda$new$0(133)) - 130b495e-4981-4bfb-aed1-18e9f65aa3b8@group-3BD747763059-SegmentedRaftLogWorker: flushIndex: setUnconditionally 0 -> -1
2021-08-28 05:53:29,940 [pool-589-thread-1] INFO  segmented.SegmentedRaftLogWorker (SegmentedRaftLogWorker.java:lambda$new$0(133)) - 130b495e-4981-4bfb-aed1-18e9f65aa3b8@group-3BD747763059-SegmentedRaftLogWorker: safeCacheEvictIndex: setUnconditionally 0 -> -1
2021-08-28 05:53:29,946 [pool-589-thread-1] INFO  server.RaftServerConfigKeys (ConfUtils.java:logGet(44)) - raft.server.snapshot.auto.trigger.enabled = true (custom)
2021-08-28 05:53:29,946 [pool-589-thread-1] INFO  server.RaftServerConfigKeys (ConfUtils.java:logGet(44)) - raft.server.snapshot.auto.trigger.threshold = 10000 (custom)
2021-08-28 05:53:29,946 [pool-589-thread-1] INFO  server.RaftServerConfigKeys (ConfUtils.java:logGet(44)) - raft.server.snapshot.retention.file.num = 5 (custom)
2021-08-28 05:53:29,946 [pool-589-thread-1] INFO  server.RaftServerConfigKeys (ConfUtils.java:logGet(44)) - raft.server.log.purge.upto.snapshot.index = false (default)
2021-08-28 05:53:29,946 [pool-589-thread-1] INFO  server.RaftServerConfigKeys (ConfUtils.java:logGet(44)) - raft.server.retrycache.expirytime = 600000ms (custom)
2021-08-28 05:53:29,946 [pool-589-thread-1] INFO  server.RaftServerConfigKeys (ConfUtils.java:logGet(44)) - raft.server.retrycache.statistics.expirytime = 100μs (default)
2021-08-28 05:53:29,948 [pool-589-thread-1] INFO  server.RaftServer$Division (RaftServerImpl.java:start(296)) - 130b495e-4981-4bfb-aed1-18e9f65aa3b8@group-3BD747763059: start as a follower, conf=-1: [3d8f492e-e4fc-40a7-8280-263d1b336f05|rpc:10.1.0.40:33843|priority:0, 176ebb76-54ef-4fc7-b036-d3478a12c0d9|rpc:10.1.0.40:36625|priority:0, 130b495e-4981-4bfb-aed1-18e9f65aa3b8|rpc:10.1.0.40:34925|priority:1], old=null
2021-08-28 05:53:29,951 [pool-589-thread-1] INFO  server.RaftServer$Division (RaftServerImpl.java:setRole(285)) - 130b495e-4981-4bfb-aed1-18e9f65aa3b8@group-3BD747763059: changes role from      null to FOLLOWER at term 0 for startAsFollower
2021-08-28 05:53:29,951 [Datanode State Machine Thread - 0] WARN  statemachine.StateContext (StateContext.java:execute(621)) - No available thread in pool for past 1 seconds.
2021-08-28 05:53:29,952 [EventQueue-OpenPipelineForHealthyPipelineSafeModeRule] INFO  safemode.SCMSafeModeManager (HealthyPipelineSafeModeRule.java:process(124)) - SCM in safe mode. Healthy pipelines reported count is 0, required healthy pipeline reported count is 1
2021-08-28 05:53:29,949 [pool-627-thread-1] INFO  server.RaftServer$Division (RaftServerImpl.java:<init>(181)) - 3d8f492e-e4fc-40a7-8280-263d1b336f05: new RaftServerImpl for group-3BD747763059:[3d8f492e-e4fc-40a7-8280-263d1b336f05|rpc:10.1.0.40:33843|dataStream:|priority:0, 176ebb76-54ef-4fc7-b036-d3478a12c0d9|rpc:10.1.0.40:36625|dataStream:|priority:0, 130b495e-4981-4bfb-aed1-18e9f65aa3b8|rpc:10.1.0.40:34925|dataStream:|priority:1] with ContainerStateMachine:uninitialized
2021-08-28 05:53:29,953 [pool-627-thread-1] INFO  server.RaftServerConfigKeys (ConfUtils.java:logGet(44)) - raft.server.rpc.timeout.min = 5s (custom)
2021-08-28 05:53:29,954 [pool-627-thread-1] INFO  server.RaftServerConfigKeys (ConfUtils.java:logGet(44)) - raft.server.rpc.timeout.max = 5200ms (custom)
2021-08-28 05:53:29,954 [pool-627-thread-1] INFO  server.RaftServerConfigKeys (ConfUtils.java:logGet(44)) - raft.server.rpc.sleep.time = 25ms (default)
2021-08-28 05:53:29,954 [pool-627-thread-1] INFO  server.RaftServerConfigKeys (ConfUtils.java:logGet(44)) - raft.server.rpc.slowness.timeout = 300s (custom)
2021-08-28 05:53:29,954 [pool-627-thread-1] INFO  server.RaftServerConfigKeys (ConfUtils.java:logGet(44)) - raft.server.leaderelection.leader.step-down.wait-time = 10s (default)
2021-08-28 05:53:29,954 [pool-627-thread-1] INFO  server.RaftServerConfigKeys (ConfUtils.java:logGet(44)) - raft.server.sleep.deviation.threshold = 300ms (default)
2021-08-28 05:53:29,954 [pool-627-thread-1] INFO  server.RaftServerConfigKeys (ConfUtils.java:logGet(44)) - raft.server.log.appender.install.snapshot.enabled = false (custom)
2021-08-28 05:53:29,954 [pool-627-thread-1] INFO  server.RaftServer$Division (ServerState.java:<init>(105)) - 3d8f492e-e4fc-40a7-8280-263d1b336f05@group-3BD747763059: ConfigurationManager, init=-1: [3d8f492e-e4fc-40a7-8280-263d1b336f05|rpc:10.1.0.40:33843|dataStream:|priority:0, 176ebb76-54ef-4fc7-b036-d3478a12c0d9|rpc:10.1.0.40:36625|dataStream:|priority:0, 130b495e-4981-4bfb-aed1-18e9f65aa3b8|rpc:10.1.0.40:34925|dataStream:|priority:1], old=null, confs=<EMPTY_MAP>
2021-08-28 05:53:29,954 [pool-627-thread-1] INFO  server.RaftServerConfigKeys (ConfUtils.java:logGet(44)) - raft.server.storage.dir = [/home/runner/work/ozone/ozone/hadoop-ozone/integration-test/target/test-dir/MiniOzoneClusterImpl-4114dceb-4d54-4a06-811c-48a2541ee5b4/datanode-2/data/ratis] (custom)
2021-08-28 05:53:29,954 [pool-627-thread-1] INFO  server.RaftServerConfigKeys (ConfUtils.java:logGet(44)) - raft.server.log.corruption.policy = EXCEPTION (default)
2021-08-28 05:53:29,954 [pool-627-thread-1] INFO  server.RaftServerConfigKeys (ConfUtils.java:logGet(44)) - raft.server.storage.free-space.min = 0MB (=0) (default)
2021-08-28 05:53:29,954 [pool-627-thread-1] INFO  storage.RaftStorageDirectory (RaftStorageDirectoryImpl.java:analyzeStorage(135)) - The storage directory /home/runner/work/ozone/ozone/hadoop-ozone/integration-test/target/test-dir/MiniOzoneClusterImpl-4114dceb-4d54-4a06-811c-48a2541ee5b4/datanode-2/data/ratis/a2a9bca4-85f9-4565-b8ce-3bd747763059 does not exist. Creating ...
2021-08-28 05:53:29,948 [grpc-default-executor-3] INFO  server.RaftServer (RaftServerProxy.java:addNew(95)) - 3d8f492e-e4fc-40a7-8280-263d1b336f05: addNew group-3BD747763059:[3d8f492e-e4fc-40a7-8280-263d1b336f05|rpc:10.1.0.40:33843|dataStream:|priority:0, 176ebb76-54ef-4fc7-b036-d3478a12c0d9|rpc:10.1.0.40:36625|dataStream:|priority:0, 130b495e-4981-4bfb-aed1-18e9f65aa3b8|rpc:10.1.0.40:34925|dataStream:|priority:1] returns group-3BD747763059:java.util.concurrent.CompletableFuture@8374b05[Not completed]
2021-08-28 05:53:29,951 [pool-589-thread-1] INFO  impl.RoleInfo (RoleInfo.java:updateAndGet(130)) - 130b495e-4981-4bfb-aed1-18e9f65aa3b8: start 130b495e-4981-4bfb-aed1-18e9f65aa3b8@group-3BD747763059-FollowerState
2021-08-28 05:53:29,958 [pool-627-thread-1] INFO  storage.RaftStorageDirectory (RaftStorageDirectoryImpl.java:tryLock(230)) - Lock on /home/runner/work/ozone/ozone/hadoop-ozone/integration-test/target/test-dir/MiniOzoneClusterImpl-4114dceb-4d54-4a06-811c-48a2541ee5b4/datanode-2/data/ratis/a2a9bca4-85f9-4565-b8ce-3bd747763059/in_use.lock acquired by nodename 5511@fv-az50-59
2021-08-28 05:53:29,966 [pool-627-thread-1] INFO  storage.RaftStorage (RaftStorageImpl.java:format(89)) - Storage directory /home/runner/work/ozone/ozone/hadoop-ozone/integration-test/target/test-dir/MiniOzoneClusterImpl-4114dceb-4d54-4a06-811c-48a2541ee5b4/datanode-2/data/ratis/a2a9bca4-85f9-4565-b8ce-3bd747763059 has been successfully formatted.
2021-08-28 05:53:29,966 [pool-589-thread-1] INFO  util.JmxRegister (JmxRegister.java:tryRegister(44)) - Successfully registered JMX Bean with object name Ratis:service=RaftServer,group=group-3BD747763059,id=130b495e-4981-4bfb-aed1-18e9f65aa3b8
2021-08-28 05:53:29,967 [pool-627-thread-1] INFO  ratis.ContainerStateMachine (ContainerStateMachine.java:loadSnapshot(224)) - group-3BD747763059: The snapshot info is null. Setting the last applied indexto:(t:0, i:~)
2021-08-28 05:53:29,969 [pool-627-thread-1] INFO  server.RaftServerConfigKeys (ConfUtils.java:logGet(44)) - raft.server.notification.no-leader.timeout = 300s (custom)
2021-08-28 05:53:29,970 [pool-627-thread-1] INFO  server.RaftServerConfigKeys (ConfUtils.java:logGet(44)) - raft.server.log.use.memory = false (default)
2021-08-28 05:53:29,970 [pool-627-thread-1] INFO  server.RaftServerConfigKeys (ConfUtils.java:logGet(44)) - raft.server.log.purge.gap = 1000000 (custom)
2021-08-28 05:53:29,970 [pool-627-thread-1] INFO  server.RaftServerConfigKeys (ConfUtils.java:logGet(44)) - raft.server.log.appender.buffer.byte-limit = 33554432 (custom)
2021-08-28 05:53:29,970 [pool-627-thread-1] INFO  server.RaftServerConfigKeys (ConfUtils.java:logGet(44)) - raft.server.log.segment.size.max = 1048576 (custom)
2021-08-28 05:53:29,970 [pool-627-thread-1] INFO  server.RaftServerConfigKeys (ConfUtils.java:logGet(44)) - raft.server.log.segment.cache.num.max = 2 (custom)
2021-08-28 05:53:29,971 [pool-627-thread-1] INFO  server.RaftServerConfigKeys (ConfUtils.java:logGet(44)) - raft.server.log.segment.cache.size.max = 200MB (=209715200) (default)
2021-08-28 05:53:29,971 [pool-627-thread-1] INFO  segmented.SegmentedRaftLogWorker (SegmentedRaftLogWorker.java:<init>(182)) - new 3d8f492e-e4fc-40a7-8280-263d1b336f05@group-3BD747763059-SegmentedRaftLogWorker for RaftStorageImpl:Storage Directory /home/runner/work/ozone/ozone/hadoop-ozone/integration-test/target/test-dir/MiniOzoneClusterImpl-4114dceb-4d54-4a06-811c-48a2541ee5b4/datanode-2/data/ratis/a2a9bca4-85f9-4565-b8ce-3bd747763059
2021-08-28 05:53:29,971 [pool-627-thread-1] INFO  server.RaftServerConfigKeys (ConfUtils.java:logGet(44)) - raft.server.log.queue.byte-limit = 2147483647 (custom)
2021-08-28 05:53:29,971 [pool-627-thread-1] INFO  server.RaftServerConfigKeys (ConfUtils.java:logGet(44)) - raft.server.log.queue.element-limit = 1024 (custom)
2021-08-28 05:53:29,971 [pool-627-thread-1] INFO  server.RaftServerConfigKeys (ConfUtils.java:logGet(44)) - raft.server.log.segment.size.max = 1048576 (custom)
2021-08-28 05:53:29,971 [pool-627-thread-1] INFO  server.RaftServerConfigKeys (ConfUtils.java:logGet(44)) - raft.server.log.preallocated.size = 16384 (custom)
2021-08-28 05:53:29,971 [pool-627-thread-1] INFO  server.RaftServerConfigKeys (ConfUtils.java:logGet(44)) - raft.server.log.force.sync.num = 128 (default)
2021-08-28 05:53:29,971 [pool-627-thread-1] INFO  server.RaftServerConfigKeys (ConfUtils.java:logGet(44)) - raft.server.log.statemachine.data.sync = true (default)
2021-08-28 05:53:29,971 [pool-627-thread-1] INFO  server.RaftServerConfigKeys (ConfUtils.java:logGet(44)) - raft.server.log.statemachine.data.sync.timeout = 10s (default)
2021-08-28 05:53:29,971 [pool-627-thread-1] INFO  server.RaftServerConfigKeys (ConfUtils.java:logGet(44)) - raft.server.log.statemachine.data.sync.timeout.retry = -1 (default)
2021-08-28 05:53:29,982 [Command processor thread] INFO  ratis.XceiverServerRatis (XceiverServerRatis.java:addGroup(763)) - Created group PipelineID=a2a9bca4-85f9-4565-b8ce-3bd747763059
2021-08-28 05:53:29,991 [pool-627-thread-1] INFO  server.RaftServerConfigKeys (ConfUtils.java:logGet(44)) - raft.server.log.write.buffer.size = 1048576 (custom)
2021-08-28 05:53:29,992 [pool-627-thread-1] INFO  server.RaftServerConfigKeys (ConfUtils.java:logGet(44)) - raft.server.log.statemachine.data.caching.enabled = true (custom)
2021-08-28 05:53:29,992 [pool-627-thread-1] INFO  segmented.SegmentedRaftLogWorker (SegmentedRaftLogWorker.java:lambda$new$0(133)) - 3d8f492e-e4fc-40a7-8280-263d1b336f05@group-3BD747763059-SegmentedRaftLogWorker: flushIndex: setUnconditionally 0 -> -1
2021-08-28 05:53:29,992 [pool-627-thread-1] INFO  segmented.SegmentedRaftLogWorker (SegmentedRaftLogWorker.java:lambda$new$0(133)) - 3d8f492e-e4fc-40a7-8280-263d1b336f05@group-3BD747763059-SegmentedRaftLogWorker: safeCacheEvictIndex: setUnconditionally 0 -> -1
2021-08-28 05:53:30,002 [pool-627-thread-1] INFO  server.RaftServerConfigKeys (ConfUtils.java:logGet(44)) - raft.server.snapshot.auto.trigger.enabled = true (custom)
2021-08-28 05:53:30,002 [pool-627-thread-1] INFO  server.RaftServerConfigKeys (ConfUtils.java:logGet(44)) - raft.server.snapshot.auto.trigger.threshold = 10000 (custom)
2021-08-28 05:53:30,002 [pool-627-thread-1] INFO  server.RaftServerConfigKeys (ConfUtils.java:logGet(44)) - raft.server.snapshot.retention.file.num = 5 (custom)
2021-08-28 05:53:30,002 [pool-627-thread-1] INFO  server.RaftServerConfigKeys (ConfUtils.java:logGet(44)) - raft.server.log.purge.upto.snapshot.index = false (default)
2021-08-28 05:53:30,002 [pool-627-thread-1] INFO  server.RaftServerConfigKeys (ConfUtils.java:logGet(44)) - raft.server.retrycache.expirytime = 600000ms (custom)
2021-08-28 05:53:30,002 [pool-627-thread-1] INFO  server.RaftServerConfigKeys (ConfUtils.java:logGet(44)) - raft.server.retrycache.statistics.expirytime = 100μs (default)
2021-08-28 05:53:30,004 [pool-627-thread-1] INFO  server.RaftServer$Division (RaftServerImpl.java:start(296)) - 3d8f492e-e4fc-40a7-8280-263d1b336f05@group-3BD747763059: start as a follower, conf=-1: [3d8f492e-e4fc-40a7-8280-263d1b336f05|rpc:10.1.0.40:33843|dataStream:|priority:0, 176ebb76-54ef-4fc7-b036-d3478a12c0d9|rpc:10.1.0.40:36625|dataStream:|priority:0, 130b495e-4981-4bfb-aed1-18e9f65aa3b8|rpc:10.1.0.40:34925|dataStream:|priority:1], old=null
2021-08-28 05:53:30,004 [pool-627-thread-1] INFO  server.RaftServer$Division (RaftServerImpl.java:setRole(285)) - 3d8f492e-e4fc-40a7-8280-263d1b336f05@group-3BD747763059: changes role from      null to FOLLOWER at term 0 for startAsFollower
2021-08-28 05:53:30,004 [pool-627-thread-1] INFO  impl.RoleInfo (RoleInfo.java:updateAndGet(130)) - 3d8f492e-e4fc-40a7-8280-263d1b336f05: start 3d8f492e-e4fc-40a7-8280-263d1b336f05@group-3BD747763059-FollowerState
2021-08-28 05:53:30,004 [pool-627-thread-1] INFO  util.JmxRegister (JmxRegister.java:tryRegister(44)) - Successfully registered JMX Bean with object name Ratis:service=RaftServer,group=group-3BD747763059,id=3d8f492e-e4fc-40a7-8280-263d1b336f05
2021-08-28 05:53:30,051 [Listener at 127.0.0.1/11536] INFO  ozone.MiniOzoneClusterImpl (MiniOzoneClusterImpl.java:lambda$waitForClusterToBeReady$0(235)) - Nodes are ready. Got 3 of 3 DN Heartbeats.
2021-08-28 05:53:30,052 [Listener at 127.0.0.1/11536] INFO  ozone.MiniOzoneClusterImpl (MiniOzoneClusterImpl.java:lambda$waitForClusterToBeReady$0(238)) - Waiting for cluster to exit safe mode
2021-08-28 05:53:30,052 [Listener at 127.0.0.1/11536] INFO  ozone.MiniOzoneClusterImpl (MiniOzoneClusterImpl.java:lambda$waitForClusterToBeReady$0(240)) - SCM became leader
2021-08-28 05:53:30,086 [Command processor thread] INFO  server.RaftServer (RaftServerProxy.java:addNew(95)) - 3d8f492e-e4fc-40a7-8280-263d1b336f05: addNew group-78B70A503545:[3d8f492e-e4fc-40a7-8280-263d1b336f05|rpc:10.1.0.40:33843|priority:1] returns group-78B70A503545:java.util.concurrent.CompletableFuture@7533d873[Not completed]
2021-08-28 05:53:30,087 [pool-627-thread-1] INFO  server.RaftServer$Division (RaftServerImpl.java:<init>(181)) - 3d8f492e-e4fc-40a7-8280-263d1b336f05: new RaftServerImpl for group-78B70A503545:[3d8f492e-e4fc-40a7-8280-263d1b336f05|rpc:10.1.0.40:33843|priority:1] with ContainerStateMachine:uninitialized
2021-08-28 05:53:30,087 [pool-627-thread-1] INFO  server.RaftServerConfigKeys (ConfUtils.java:logGet(44)) - raft.server.rpc.timeout.min = 5s (custom)
2021-08-28 05:53:30,087 [pool-627-thread-1] INFO  server.RaftServerConfigKeys (ConfUtils.java:logGet(44)) - raft.server.rpc.timeout.max = 5200ms (custom)
2021-08-28 05:53:30,087 [pool-627-thread-1] INFO  server.RaftServerConfigKeys (ConfUtils.java:logGet(44)) - raft.server.rpc.sleep.time = 25ms (default)
2021-08-28 05:53:30,087 [pool-627-thread-1] INFO  server.RaftServerConfigKeys (ConfUtils.java:logGet(44)) - raft.server.rpc.slowness.timeout = 300s (custom)
2021-08-28 05:53:30,087 [pool-627-thread-1] INFO  server.RaftServerConfigKeys (ConfUtils.java:logGet(44)) - raft.server.leaderelection.leader.step-down.wait-time = 10s (default)
2021-08-28 05:53:30,087 [pool-627-thread-1] INFO  server.RaftServerConfigKeys (ConfUtils.java:logGet(44)) - raft.server.sleep.deviation.threshold = 300ms (default)
2021-08-28 05:53:30,087 [pool-627-thread-1] INFO  server.RaftServerConfigKeys (ConfUtils.java:logGet(44)) - raft.server.log.appender.install.snapshot.enabled = false (custom)
2021-08-28 05:53:30,087 [pool-627-thread-1] INFO  server.RaftServer$Division (ServerState.java:<init>(105)) - 3d8f492e-e4fc-40a7-8280-263d1b336f05@group-78B70A503545: ConfigurationManager, init=-1: [3d8f492e-e4fc-40a7-8280-263d1b336f05|rpc:10.1.0.40:33843|priority:1], old=null, confs=<EMPTY_MAP>
2021-08-28 05:53:30,087 [pool-627-thread-1] INFO  server.RaftServerConfigKeys (ConfUtils.java:logGet(44)) - raft.server.storage.dir = [/home/runner/work/ozone/ozone/hadoop-ozone/integration-test/target/test-dir/MiniOzoneClusterImpl-4114dceb-4d54-4a06-811c-48a2541ee5b4/datanode-2/data/ratis] (custom)
2021-08-28 05:53:30,088 [pool-627-thread-1] INFO  server.RaftServerConfigKeys (ConfUtils.java:logGet(44)) - raft.server.log.corruption.policy = EXCEPTION (default)
2021-08-28 05:53:30,088 [pool-627-thread-1] INFO  server.RaftServerConfigKeys (ConfUtils.java:logGet(44)) - raft.server.storage.free-space.min = 0MB (=0) (default)
2021-08-28 05:53:30,088 [pool-627-thread-1] INFO  storage.RaftStorageDirectory (RaftStorageDirectoryImpl.java:analyzeStorage(135)) - The storage directory /home/runner/work/ozone/ozone/hadoop-ozone/integration-test/target/test-dir/MiniOzoneClusterImpl-4114dceb-4d54-4a06-811c-48a2541ee5b4/datanode-2/data/ratis/992f53ca-c4af-4dcc-b25d-78b70a503545 does not exist. Creating ...
2021-08-28 05:53:30,089 [pool-627-thread-1] INFO  storage.RaftStorageDirectory (RaftStorageDirectoryImpl.java:tryLock(230)) - Lock on /home/runner/work/ozone/ozone/hadoop-ozone/integration-test/target/test-dir/MiniOzoneClusterImpl-4114dceb-4d54-4a06-811c-48a2541ee5b4/datanode-2/data/ratis/992f53ca-c4af-4dcc-b25d-78b70a503545/in_use.lock acquired by nodename 5511@fv-az50-59
2021-08-28 05:53:30,094 [pool-627-thread-1] INFO  storage.RaftStorage (RaftStorageImpl.java:format(89)) - Storage directory /home/runner/work/ozone/ozone/hadoop-ozone/integration-test/target/test-dir/MiniOzoneClusterImpl-4114dceb-4d54-4a06-811c-48a2541ee5b4/datanode-2/data/ratis/992f53ca-c4af-4dcc-b25d-78b70a503545 has been successfully formatted.
2021-08-28 05:53:30,094 [Datanode State Machine Thread - 0] WARN  statemachine.StateContext (StateContext.java:execute(621)) - No available thread in pool for past 1 seconds.
2021-08-28 05:53:30,095 [pool-627-thread-1] INFO  ratis.ContainerStateMachine (ContainerStateMachine.java:loadSnapshot(224)) - group-78B70A503545: The snapshot info is null. Setting the last applied indexto:(t:0, i:~)
2021-08-28 05:53:30,095 [pool-627-thread-1] INFO  server.RaftServerConfigKeys (ConfUtils.java:logGet(44)) - raft.server.notification.no-leader.timeout = 300s (custom)
2021-08-28 05:53:30,095 [pool-627-thread-1] INFO  server.RaftServerConfigKeys (ConfUtils.java:logGet(44)) - raft.server.log.use.memory = false (default)
2021-08-28 05:53:30,095 [pool-627-thread-1] INFO  server.RaftServerConfigKeys (ConfUtils.java:logGet(44)) - raft.server.log.purge.gap = 1000000 (custom)
2021-08-28 05:53:30,095 [pool-627-thread-1] INFO  server.RaftServerConfigKeys (ConfUtils.java:logGet(44)) - raft.server.log.appender.buffer.byte-limit = 33554432 (custom)
2021-08-28 05:53:30,095 [pool-627-thread-1] INFO  server.RaftServerConfigKeys (ConfUtils.java:logGet(44)) - raft.server.log.segment.size.max = 1048576 (custom)
2021-08-28 05:53:30,096 [pool-627-thread-1] INFO  server.RaftServerConfigKeys (ConfUtils.java:logGet(44)) - raft.server.log.segment.cache.num.max = 2 (custom)
2021-08-28 05:53:30,096 [pool-627-thread-1] INFO  server.RaftServerConfigKeys (ConfUtils.java:logGet(44)) - raft.server.log.segment.cache.size.max = 200MB (=209715200) (default)
2021-08-28 05:53:30,096 [pool-627-thread-1] INFO  segmented.SegmentedRaftLogWorker (SegmentedRaftLogWorker.java:<init>(182)) - new 3d8f492e-e4fc-40a7-8280-263d1b336f05@group-78B70A503545-SegmentedRaftLogWorker for RaftStorageImpl:Storage Directory /home/runner/work/ozone/ozone/hadoop-ozone/integration-test/target/test-dir/MiniOzoneClusterImpl-4114dceb-4d54-4a06-811c-48a2541ee5b4/datanode-2/data/ratis/992f53ca-c4af-4dcc-b25d-78b70a503545
2021-08-28 05:53:30,096 [pool-627-thread-1] INFO  server.RaftServerConfigKeys (ConfUtils.java:logGet(44)) - raft.server.log.queue.byte-limit = 2147483647 (custom)
2021-08-28 05:53:30,096 [pool-627-thread-1] INFO  server.RaftServerConfigKeys (ConfUtils.java:logGet(44)) - raft.server.log.queue.element-limit = 1024 (custom)
2021-08-28 05:53:30,096 [pool-627-thread-1] INFO  server.RaftServerConfigKeys (ConfUtils.java:logGet(44)) - raft.server.log.segment.size.max = 1048576 (custom)
2021-08-28 05:53:30,096 [pool-627-thread-1] INFO  server.RaftServerConfigKeys (ConfUtils.java:logGet(44)) - raft.server.log.preallocated.size = 16384 (custom)
2021-08-28 05:53:30,097 [pool-627-thread-1] INFO  server.RaftServerConfigKeys (ConfUtils.java:logGet(44)) - raft.server.log.force.sync.num = 128 (default)
2021-08-28 05:53:30,097 [pool-627-thread-1] INFO  server.RaftServerConfigKeys (ConfUtils.java:logGet(44)) - raft.server.log.statemachine.data.sync = true (default)
2021-08-28 05:53:30,098 [pool-627-thread-1] INFO  server.RaftServerConfigKeys (ConfUtils.java:logGet(44)) - raft.server.log.statemachine.data.sync.timeout = 10s (default)
2021-08-28 05:53:30,098 [pool-627-thread-1] INFO  server.RaftServerConfigKeys (ConfUtils.java:logGet(44)) - raft.server.log.statemachine.data.sync.timeout.retry = -1 (default)
2021-08-28 05:53:30,099 [pool-627-thread-1] INFO  server.RaftServerConfigKeys (ConfUtils.java:logGet(44)) - raft.server.log.write.buffer.size = 1048576 (custom)
2021-08-28 05:53:30,106 [pool-627-thread-1] INFO  server.RaftServerConfigKeys (ConfUtils.java:logGet(44)) - raft.server.log.statemachine.data.caching.enabled = true (custom)
2021-08-28 05:53:30,106 [pool-627-thread-1] INFO  segmented.SegmentedRaftLogWorker (SegmentedRaftLogWorker.java:lambda$new$0(133)) - 3d8f492e-e4fc-40a7-8280-263d1b336f05@group-78B70A503545-SegmentedRaftLogWorker: flushIndex: setUnconditionally 0 -> -1
2021-08-28 05:53:30,106 [pool-627-thread-1] INFO  segmented.SegmentedRaftLogWorker (SegmentedRaftLogWorker.java:lambda$new$0(133)) - 3d8f492e-e4fc-40a7-8280-263d1b336f05@group-78B70A503545-SegmentedRaftLogWorker: safeCacheEvictIndex: setUnconditionally 0 -> -1
2021-08-28 05:53:30,115 [EndpointStateMachine task thread for /0.0.0.0:46013 - 0 ] INFO  ipc.Client (Client.java:handleConnectionFailure(977)) - Retrying connect to server: 0.0.0.0/0.0.0.0:46013. Already tried 9 time(s); retry policy is RetryUpToMaximumCountWithFixedSleep(maxRetries=15, sleepTime=1000 MILLISECONDS)
2021-08-28 05:53:30,119 [pool-627-thread-1] INFO  server.RaftServerConfigKeys (ConfUtils.java:logGet(44)) - raft.server.snapshot.auto.trigger.enabled = true (custom)
2021-08-28 05:53:30,119 [pool-627-thread-1] INFO  server.RaftServerConfigKeys (ConfUtils.java:logGet(44)) - raft.server.snapshot.auto.trigger.threshold = 10000 (custom)
2021-08-28 05:53:30,120 [pool-627-thread-1] INFO  server.RaftServerConfigKeys (ConfUtils.java:logGet(44)) - raft.server.snapshot.retention.file.num = 5 (custom)
2021-08-28 05:53:30,120 [pool-627-thread-1] INFO  server.RaftServerConfigKeys (ConfUtils.java:logGet(44)) - raft.server.log.purge.upto.snapshot.index = false (default)
2021-08-28 05:53:30,120 [pool-627-thread-1] INFO  server.RaftServerConfigKeys (ConfUtils.java:logGet(44)) - raft.server.retrycache.expirytime = 600000ms (custom)
2021-08-28 05:53:30,120 [pool-627-thread-1] INFO  server.RaftServerConfigKeys (ConfUtils.java:logGet(44)) - raft.server.retrycache.statistics.expirytime = 100μs (default)
2021-08-28 05:53:30,122 [EventQueue-PipelineReportForPipelineReportHandler] INFO  pipeline.PipelineManagerImpl (PipelineManagerImpl.java:openPipeline(282)) - Pipeline Pipeline[ Id: 992f53ca-c4af-4dcc-b25d-78b70a503545, Nodes: 3d8f492e-e4fc-40a7-8280-263d1b336f05{ip: 10.1.0.40, host: fv-az50-59.grzltbmokehuzjyc5b133kdqgh.cx.internal.cloudapp.net, ports: [REPLICATION=40001, RATIS=33843, RATIS_ADMIN=33843, RATIS_SERVER=33843, STANDALONE=45923], networkLocation: /default-rack, certSerialId: null, persistedOpState: IN_SERVICE, persistedOpStateExpiryEpochSec: 0}, ReplicationConfig: RATIS/ONE, State:ALLOCATED, leaderId:3d8f492e-e4fc-40a7-8280-263d1b336f05, CreationTimestamp2021-08-28T05:53:27.088Z[Etc/UTC]] moved to OPEN state
2021-08-28 05:53:30,122 [EventQueue-OpenPipelineForHealthyPipelineSafeModeRule] INFO  safemode.SCMSafeModeManager (HealthyPipelineSafeModeRule.java:process(124)) - SCM in safe mode. Healthy pipelines reported count is 0, required healthy pipeline reported count is 1
2021-08-28 05:53:30,144 [pool-627-thread-1] INFO  server.RaftServer$Division (RaftServerImpl.java:start(296)) - 3d8f492e-e4fc-40a7-8280-263d1b336f05@group-78B70A503545: start as a follower, conf=-1: [3d8f492e-e4fc-40a7-8280-263d1b336f05|rpc:10.1.0.40:33843|priority:1], old=null
2021-08-28 05:53:30,144 [pool-627-thread-1] INFO  server.RaftServer$Division (RaftServerImpl.java:setRole(285)) - 3d8f492e-e4fc-40a7-8280-263d1b336f05@group-78B70A503545: changes role from      null to FOLLOWER at term 0 for startAsFollower
2021-08-28 05:53:30,145 [pool-627-thread-1] INFO  impl.RoleInfo (RoleInfo.java:updateAndGet(130)) - 3d8f492e-e4fc-40a7-8280-263d1b336f05: start 3d8f492e-e4fc-40a7-8280-263d1b336f05@group-78B70A503545-FollowerState
2021-08-28 05:53:30,155 [pool-627-thread-1] INFO  util.JmxRegister (JmxRegister.java:tryRegister(44)) - Successfully registered JMX Bean with object name Ratis:service=RaftServer,group=group-78B70A503545,id=3d8f492e-e4fc-40a7-8280-263d1b336f05
2021-08-28 05:53:30,155 [Command processor thread] INFO  ratis.XceiverServerRatis (XceiverServerRatis.java:addGroup(763)) - Created group PipelineID=992f53ca-c4af-4dcc-b25d-78b70a503545
2021-08-28 05:53:30,155 [Command processor thread] INFO  commandhandler.CreatePipelineCommandHandler (CreatePipelineCommandHandler.java:handle(106)) - Created Pipeline RATIS ONE PipelineID=992f53ca-c4af-4dcc-b25d-78b70a503545.
2021-08-28 05:53:30,193 [Command processor thread] INFO  commandhandler.CreatePipelineCommandHandler (CreatePipelineCommandHandler.java:handle(106)) - Created Pipeline RATIS THREE PipelineID=a2a9bca4-85f9-4565-b8ce-3bd747763059.
2021-08-28 05:53:30,228 [Command processor thread] INFO  commandhandler.CreatePipelineCommandHandler (CreatePipelineCommandHandler.java:handle(106)) - Created Pipeline RATIS THREE PipelineID=a2a9bca4-85f9-4565-b8ce-3bd747763059.
2021-08-28 05:53:30,330 [EndpointStateMachine task thread for /0.0.0.0:36115 - 0 ] INFO  ipc.Client (Client.java:handleConnectionFailure(977)) - Retrying connect to server: 0.0.0.0/0.0.0.0:36115. Already tried 10 time(s); retry policy is RetryUpToMaximumCountWithFixedSleep(maxRetries=15, sleepTime=1000 MILLISECONDS)
2021-08-28 05:53:30,949 [EndpointStateMachine task thread for /0.0.0.0:43701 - 0 ] INFO  ipc.Client (Client.java:handleConnectionFailure(977)) - Retrying connect to server: 0.0.0.0/0.0.0.0:43701. Already tried 0 time(s); retry policy is RetryUpToMaximumCountWithFixedSleep(maxRetries=15, sleepTime=1000 MILLISECONDS)
2021-08-28 05:53:31,052 [Listener at 127.0.0.1/11536] INFO  ozone.MiniOzoneClusterImpl (MiniOzoneClusterImpl.java:lambda$waitForClusterToBeReady$0(235)) - Nodes are ready. Got 3 of 3 DN Heartbeats.
2021-08-28 05:53:31,052 [Listener at 127.0.0.1/11536] INFO  ozone.MiniOzoneClusterImpl (MiniOzoneClusterImpl.java:lambda$waitForClusterToBeReady$0(238)) - Waiting for cluster to exit safe mode
2021-08-28 05:53:31,052 [Listener at 127.0.0.1/11536] INFO  ozone.MiniOzoneClusterImpl (MiniOzoneClusterImpl.java:lambda$waitForClusterToBeReady$0(240)) - SCM became leader
2021-08-28 05:53:31,116 [EndpointStateMachine task thread for /0.0.0.0:46013 - 0 ] INFO  ipc.Client (Client.java:handleConnectionFailure(977)) - Retrying connect to server: 0.0.0.0/0.0.0.0:46013. Already tried 10 time(s); retry policy is RetryUpToMaximumCountWithFixedSleep(maxRetries=15, sleepTime=1000 MILLISECONDS)
2021-08-28 05:53:31,331 [EndpointStateMachine task thread for /0.0.0.0:36115 - 0 ] INFO  ipc.Client (Client.java:handleConnectionFailure(977)) - Retrying connect to server: 0.0.0.0/0.0.0.0:36115. Already tried 11 time(s); retry policy is RetryUpToMaximumCountWithFixedSleep(maxRetries=15, sleepTime=1000 MILLISECONDS)
2021-08-28 05:53:31,950 [EndpointStateMachine task thread for /0.0.0.0:43701 - 0 ] INFO  ipc.Client (Client.java:handleConnectionFailure(977)) - Retrying connect to server: 0.0.0.0/0.0.0.0:43701. Already tried 1 time(s); retry policy is RetryUpToMaximumCountWithFixedSleep(maxRetries=15, sleepTime=1000 MILLISECONDS)
2021-08-28 05:53:32,052 [Listener at 127.0.0.1/11536] INFO  ozone.MiniOzoneClusterImpl (MiniOzoneClusterImpl.java:lambda$waitForClusterToBeReady$0(235)) - Nodes are ready. Got 3 of 3 DN Heartbeats.
2021-08-28 05:53:32,053 [Listener at 127.0.0.1/11536] INFO  ozone.MiniOzoneClusterImpl (MiniOzoneClusterImpl.java:lambda$waitForClusterToBeReady$0(238)) - Waiting for cluster to exit safe mode
2021-08-28 05:53:32,053 [Listener at 127.0.0.1/11536] INFO  ozone.MiniOzoneClusterImpl (MiniOzoneClusterImpl.java:lambda$waitForClusterToBeReady$0(240)) - SCM became leader
2021-08-28 05:53:32,117 [EndpointStateMachine task thread for /0.0.0.0:46013 - 0 ] INFO  ipc.Client (Client.java:handleConnectionFailure(977)) - Retrying connect to server: 0.0.0.0/0.0.0.0:46013. Already tried 11 time(s); retry policy is RetryUpToMaximumCountWithFixedSleep(maxRetries=15, sleepTime=1000 MILLISECONDS)
2021-08-28 05:53:32,332 [EndpointStateMachine task thread for /0.0.0.0:36115 - 0 ] INFO  ipc.Client (Client.java:handleConnectionFailure(977)) - Retrying connect to server: 0.0.0.0/0.0.0.0:36115. Already tried 12 time(s); retry policy is RetryUpToMaximumCountWithFixedSleep(maxRetries=15, sleepTime=1000 MILLISECONDS)
2021-08-28 05:53:32,950 [EndpointStateMachine task thread for /0.0.0.0:43701 - 0 ] INFO  ipc.Client (Client.java:handleConnectionFailure(977)) - Retrying connect to server: 0.0.0.0/0.0.0.0:43701. Already tried 2 time(s); retry policy is RetryUpToMaximumCountWithFixedSleep(maxRetries=15, sleepTime=1000 MILLISECONDS)
2021-08-28 05:53:33,053 [Listener at 127.0.0.1/11536] INFO  ozone.MiniOzoneClusterImpl (MiniOzoneClusterImpl.java:lambda$waitForClusterToBeReady$0(235)) - Nodes are ready. Got 3 of 3 DN Heartbeats.
2021-08-28 05:53:33,053 [Listener at 127.0.0.1/11536] INFO  ozone.MiniOzoneClusterImpl (MiniOzoneClusterImpl.java:lambda$waitForClusterToBeReady$0(238)) - Waiting for cluster to exit safe mode
2021-08-28 05:53:33,053 [Listener at 127.0.0.1/11536] INFO  ozone.MiniOzoneClusterImpl (MiniOzoneClusterImpl.java:lambda$waitForClusterToBeReady$0(240)) - SCM became leader
2021-08-28 05:53:33,119 [EndpointStateMachine task thread for /0.0.0.0:46013 - 0 ] INFO  ipc.Client (Client.java:handleConnectionFailure(977)) - Retrying connect to server: 0.0.0.0/0.0.0.0:46013. Already tried 12 time(s); retry policy is RetryUpToMaximumCountWithFixedSleep(maxRetries=15, sleepTime=1000 MILLISECONDS)
2021-08-28 05:53:33,332 [EndpointStateMachine task thread for /0.0.0.0:36115 - 0 ] INFO  ipc.Client (Client.java:handleConnectionFailure(977)) - Retrying connect to server: 0.0.0.0/0.0.0.0:36115. Already tried 13 time(s); retry policy is RetryUpToMaximumCountWithFixedSleep(maxRetries=15, sleepTime=1000 MILLISECONDS)
2021-08-28 05:53:33,950 [EndpointStateMachine task thread for /0.0.0.0:43701 - 0 ] INFO  ipc.Client (Client.java:handleConnectionFailure(977)) - Retrying connect to server: 0.0.0.0/0.0.0.0:43701. Already tried 3 time(s); retry policy is RetryUpToMaximumCountWithFixedSleep(maxRetries=15, sleepTime=1000 MILLISECONDS)
2021-08-28 05:53:34,053 [Listener at 127.0.0.1/11536] INFO  ozone.MiniOzoneClusterImpl (MiniOzoneClusterImpl.java:lambda$waitForClusterToBeReady$0(235)) - Nodes are ready. Got 3 of 3 DN Heartbeats.
2021-08-28 05:53:34,054 [Listener at 127.0.0.1/11536] INFO  ozone.MiniOzoneClusterImpl (MiniOzoneClusterImpl.java:lambda$waitForClusterToBeReady$0(238)) - Waiting for cluster to exit safe mode
2021-08-28 05:53:34,054 [Listener at 127.0.0.1/11536] INFO  ozone.MiniOzoneClusterImpl (MiniOzoneClusterImpl.java:lambda$waitForClusterToBeReady$0(240)) - SCM became leader
2021-08-28 05:53:34,126 [EndpointStateMachine task thread for /0.0.0.0:46013 - 0 ] INFO  ipc.Client (Client.java:handleConnectionFailure(977)) - Retrying connect to server: 0.0.0.0/0.0.0.0:46013. Already tried 13 time(s); retry policy is RetryUpToMaximumCountWithFixedSleep(maxRetries=15, sleepTime=1000 MILLISECONDS)
2021-08-28 05:53:34,333 [EndpointStateMachine task thread for /0.0.0.0:36115 - 0 ] INFO  ipc.Client (Client.java:handleConnectionFailure(977)) - Retrying connect to server: 0.0.0.0/0.0.0.0:36115. Already tried 14 time(s); retry policy is RetryUpToMaximumCountWithFixedSleep(maxRetries=15, sleepTime=1000 MILLISECONDS)
2021-08-28 05:53:34,638 [130b495e-4981-4bfb-aed1-18e9f65aa3b8@group-1FC076CF3320-FollowerState] INFO  impl.FollowerState (FollowerState.java:run(134)) - 130b495e-4981-4bfb-aed1-18e9f65aa3b8@group-1FC076CF3320-FollowerState: change to CANDIDATE, lastRpcElapsedTime:5010186549ns, electionTimeout:5009ms
2021-08-28 05:53:34,638 [130b495e-4981-4bfb-aed1-18e9f65aa3b8@group-1FC076CF3320-FollowerState] INFO  impl.RoleInfo (RoleInfo.java:shutdownFollowerState(108)) - 130b495e-4981-4bfb-aed1-18e9f65aa3b8: shutdown 130b495e-4981-4bfb-aed1-18e9f65aa3b8@group-1FC076CF3320-FollowerState
2021-08-28 05:53:34,639 [130b495e-4981-4bfb-aed1-18e9f65aa3b8@group-1FC076CF3320-FollowerState] INFO  server.RaftServer$Division (RaftServerImpl.java:setRole(285)) - 130b495e-4981-4bfb-aed1-18e9f65aa3b8@group-1FC076CF3320: changes role from  FOLLOWER to CANDIDATE at term 0 for changeToCandidate
2021-08-28 05:53:34,639 [130b495e-4981-4bfb-aed1-18e9f65aa3b8@group-1FC076CF3320-FollowerState] INFO  server.RaftServerConfigKeys (ConfUtils.java:logGet(44)) - raft.server.leaderelection.pre-vote = false (custom)
2021-08-28 05:53:34,639 [130b495e-4981-4bfb-aed1-18e9f65aa3b8@group-1FC076CF3320-FollowerState] INFO  impl.RoleInfo (RoleInfo.java:updateAndGet(130)) - 130b495e-4981-4bfb-aed1-18e9f65aa3b8: start 130b495e-4981-4bfb-aed1-18e9f65aa3b8@group-1FC076CF3320-LeaderElection41
2021-08-28 05:53:34,654 [130b495e-4981-4bfb-aed1-18e9f65aa3b8@group-1FC076CF3320-LeaderElection41] INFO  impl.LeaderElection (LeaderElection.java:askForVotes(306)) - 130b495e-4981-4bfb-aed1-18e9f65aa3b8@group-1FC076CF3320-LeaderElection41 ELECTION round 0: submit vote requests at term 1 for -1: [3d8f492e-e4fc-40a7-8280-263d1b336f05|rpc:10.1.0.40:33843|priority:1, 130b495e-4981-4bfb-aed1-18e9f65aa3b8|rpc:10.1.0.40:34925|priority:0, 176ebb76-54ef-4fc7-b036-d3478a12c0d9|rpc:10.1.0.40:36625|priority:0], old=null
2021-08-28 05:53:34,676 [grpc-default-executor-3] INFO  server.RaftServer$Division (RaftServerImpl.java:requestVote(1043)) - 3d8f492e-e4fc-40a7-8280-263d1b336f05@group-1FC076CF3320: receive requestVote(ELECTION, 130b495e-4981-4bfb-aed1-18e9f65aa3b8, group-1FC076CF3320, 1, (t:0, i:0))
2021-08-28 05:53:34,676 [grpc-default-executor-3] INFO  impl.VoteContext (VoteContext.java:log(48)) - 3d8f492e-e4fc-40a7-8280-263d1b336f05@group-1FC076CF3320-FOLLOWER: reject ELECTION from 130b495e-4981-4bfb-aed1-18e9f65aa3b8: our priority 1 > candidate's priority 0
2021-08-28 05:53:34,676 [grpc-default-executor-3] INFO  server.RaftServer$Division (RaftServerImpl.java:setRole(285)) - 3d8f492e-e4fc-40a7-8280-263d1b336f05@group-1FC076CF3320: changes role from  FOLLOWER to FOLLOWER at term 1 for candidate:130b495e-4981-4bfb-aed1-18e9f65aa3b8
2021-08-28 05:53:34,676 [grpc-default-executor-3] INFO  impl.RoleInfo (RoleInfo.java:shutdownFollowerState(108)) - 3d8f492e-e4fc-40a7-8280-263d1b336f05: shutdown 3d8f492e-e4fc-40a7-8280-263d1b336f05@group-1FC076CF3320-FollowerState
2021-08-28 05:53:34,682 [grpc-default-executor-3] INFO  impl.RoleInfo (RoleInfo.java:updateAndGet(130)) - 3d8f492e-e4fc-40a7-8280-263d1b336f05: start 3d8f492e-e4fc-40a7-8280-263d1b336f05@group-1FC076CF3320-FollowerState
2021-08-28 05:53:34,682 [3d8f492e-e4fc-40a7-8280-263d1b336f05@group-1FC076CF3320-FollowerState] INFO  impl.FollowerState (FollowerState.java:run(143)) - 3d8f492e-e4fc-40a7-8280-263d1b336f05@group-1FC076CF3320-FollowerState was interrupted: {}
java.lang.InterruptedException: sleep interrupted
	at java.lang.Thread.sleep(Native Method)
	at java.lang.Thread.sleep(Thread.java:340)
	at java.util.concurrent.TimeUnit.sleep(TimeUnit.java:386)
	at org.apache.ratis.util.TimeDuration.sleep(TimeDuration.java:324)
	at org.apache.ratis.util.TimeDuration.sleep(TimeDuration.java:309)
	at org.apache.ratis.server.impl.FollowerState.run(FollowerState.java:118)
2021-08-28 05:53:34,688 [grpc-default-executor-3] INFO  server.RaftServer$Division (RaftServerImpl.java:requestVote(1075)) - 3d8f492e-e4fc-40a7-8280-263d1b336f05@group-1FC076CF3320 replies to ELECTION vote request: 130b495e-4981-4bfb-aed1-18e9f65aa3b8<-3d8f492e-e4fc-40a7-8280-263d1b336f05#0:FAIL-t1. Peer's state: 3d8f492e-e4fc-40a7-8280-263d1b336f05@group-1FC076CF3320:t1, leader=null, voted=null, raftlog=3d8f492e-e4fc-40a7-8280-263d1b336f05@group-1FC076CF3320-SegmentedRaftLog:OPENED:c-1,f-1,i0, conf=-1: [3d8f492e-e4fc-40a7-8280-263d1b336f05|rpc:10.1.0.40:33843|dataStream:|priority:1, 130b495e-4981-4bfb-aed1-18e9f65aa3b8|rpc:10.1.0.40:34925|dataStream:|priority:0, 176ebb76-54ef-4fc7-b036-d3478a12c0d9|rpc:10.1.0.40:36625|dataStream:|priority:0], old=null
2021-08-28 05:53:34,689 [130b495e-4981-4bfb-aed1-18e9f65aa3b8@group-1FC076CF3320-LeaderElection41] INFO  impl.LeaderElection (LeaderElection.java:logAndReturn(89)) - 130b495e-4981-4bfb-aed1-18e9f65aa3b8@group-1FC076CF3320-LeaderElection41: ELECTION REJECTED received 1 response(s) and 0 exception(s):
2021-08-28 05:53:34,689 [130b495e-4981-4bfb-aed1-18e9f65aa3b8@group-1FC076CF3320-LeaderElection41] INFO  impl.LeaderElection (LeaderElection.java:logAndReturn(93)) -   Response 0: 130b495e-4981-4bfb-aed1-18e9f65aa3b8<-3d8f492e-e4fc-40a7-8280-263d1b336f05#0:FAIL-t1
2021-08-28 05:53:34,689 [130b495e-4981-4bfb-aed1-18e9f65aa3b8@group-1FC076CF3320-LeaderElection41] INFO  impl.LeaderElection (LeaderElection.java:askForVotes(308)) - 130b495e-4981-4bfb-aed1-18e9f65aa3b8@group-1FC076CF3320-LeaderElection41 ELECTION round 0: result REJECTED
2021-08-28 05:53:34,689 [130b495e-4981-4bfb-aed1-18e9f65aa3b8@group-1FC076CF3320-LeaderElection41] INFO  server.RaftServer$Division (RaftServerImpl.java:setRole(285)) - 130b495e-4981-4bfb-aed1-18e9f65aa3b8@group-1FC076CF3320: changes role from CANDIDATE to FOLLOWER at term 1 for REJECTED
2021-08-28 05:53:34,689 [130b495e-4981-4bfb-aed1-18e9f65aa3b8@group-1FC076CF3320-LeaderElection41] INFO  impl.RoleInfo (RoleInfo.java:shutdownLeaderElection(121)) - 130b495e-4981-4bfb-aed1-18e9f65aa3b8: shutdown 130b495e-4981-4bfb-aed1-18e9f65aa3b8@group-1FC076CF3320-LeaderElection41
2021-08-28 05:53:34,689 [130b495e-4981-4bfb-aed1-18e9f65aa3b8@group-1FC076CF3320-LeaderElection41] INFO  impl.RoleInfo (RoleInfo.java:updateAndGet(130)) - 130b495e-4981-4bfb-aed1-18e9f65aa3b8: start 130b495e-4981-4bfb-aed1-18e9f65aa3b8@group-1FC076CF3320-FollowerState
2021-08-28 05:53:34,701 [130b495e-4981-4bfb-aed1-18e9f65aa3b8@group-B3505F7B58F4-FollowerState] INFO  impl.FollowerState (FollowerState.java:run(134)) - 130b495e-4981-4bfb-aed1-18e9f65aa3b8@group-B3505F7B58F4-FollowerState: change to CANDIDATE, lastRpcElapsedTime:5123698395ns, electionTimeout:5118ms
2021-08-28 05:53:34,701 [130b495e-4981-4bfb-aed1-18e9f65aa3b8@group-B3505F7B58F4-FollowerState] INFO  impl.RoleInfo (RoleInfo.java:shutdownFollowerState(108)) - 130b495e-4981-4bfb-aed1-18e9f65aa3b8: shutdown 130b495e-4981-4bfb-aed1-18e9f65aa3b8@group-B3505F7B58F4-FollowerState
2021-08-28 05:53:34,701 [130b495e-4981-4bfb-aed1-18e9f65aa3b8@group-B3505F7B58F4-FollowerState] INFO  server.RaftServer$Division (RaftServerImpl.java:setRole(285)) - 130b495e-4981-4bfb-aed1-18e9f65aa3b8@group-B3505F7B58F4: changes role from  FOLLOWER to CANDIDATE at term 0 for changeToCandidate
2021-08-28 05:53:34,701 [130b495e-4981-4bfb-aed1-18e9f65aa3b8@group-B3505F7B58F4-FollowerState] INFO  server.RaftServerConfigKeys (ConfUtils.java:logGet(44)) - raft.server.leaderelection.pre-vote = false (custom)
2021-08-28 05:53:34,701 [130b495e-4981-4bfb-aed1-18e9f65aa3b8@group-B3505F7B58F4-FollowerState] INFO  impl.RoleInfo (RoleInfo.java:updateAndGet(130)) - 130b495e-4981-4bfb-aed1-18e9f65aa3b8: start 130b495e-4981-4bfb-aed1-18e9f65aa3b8@group-B3505F7B58F4-LeaderElection42
2021-08-28 05:53:34,708 [grpc-default-executor-3] INFO  server.RaftServer$Division (RaftServerImpl.java:requestVote(1043)) - 176ebb76-54ef-4fc7-b036-d3478a12c0d9@group-1FC076CF3320: receive requestVote(ELECTION, 130b495e-4981-4bfb-aed1-18e9f65aa3b8, group-1FC076CF3320, 1, (t:0, i:0))
2021-08-28 05:53:34,708 [grpc-default-executor-3] INFO  impl.VoteContext (VoteContext.java:log(48)) - 176ebb76-54ef-4fc7-b036-d3478a12c0d9@group-1FC076CF3320-FOLLOWER: accept ELECTION from 130b495e-4981-4bfb-aed1-18e9f65aa3b8: our priority 0 <= candidate's priority 0
2021-08-28 05:53:34,708 [grpc-default-executor-3] INFO  server.RaftServer$Division (RaftServerImpl.java:setRole(285)) - 176ebb76-54ef-4fc7-b036-d3478a12c0d9@group-1FC076CF3320: changes role from  FOLLOWER to FOLLOWER at term 1 for candidate:130b495e-4981-4bfb-aed1-18e9f65aa3b8
2021-08-28 05:53:34,708 [grpc-default-executor-3] INFO  impl.RoleInfo (RoleInfo.java:shutdownFollowerState(108)) - 176ebb76-54ef-4fc7-b036-d3478a12c0d9: shutdown 176ebb76-54ef-4fc7-b036-d3478a12c0d9@group-1FC076CF3320-FollowerState
2021-08-28 05:53:34,711 [grpc-default-executor-3] INFO  impl.RoleInfo (RoleInfo.java:updateAndGet(130)) - 176ebb76-54ef-4fc7-b036-d3478a12c0d9: start 176ebb76-54ef-4fc7-b036-d3478a12c0d9@group-1FC076CF3320-FollowerState
2021-08-28 05:53:34,711 [176ebb76-54ef-4fc7-b036-d3478a12c0d9@group-1FC076CF3320-FollowerState] INFO  impl.FollowerState (FollowerState.java:run(143)) - 176ebb76-54ef-4fc7-b036-d3478a12c0d9@group-1FC076CF3320-FollowerState was interrupted: {}
java.lang.InterruptedException: sleep interrupted
	at java.lang.Thread.sleep(Native Method)
	at java.lang.Thread.sleep(Thread.java:340)
	at java.util.concurrent.TimeUnit.sleep(TimeUnit.java:386)
	at org.apache.ratis.util.TimeDuration.sleep(TimeDuration.java:324)
	at org.apache.ratis.util.TimeDuration.sleep(TimeDuration.java:309)
	at org.apache.ratis.server.impl.FollowerState.run(FollowerState.java:118)
2021-08-28 05:53:34,728 [grpc-default-executor-3] INFO  server.RaftServer$Division (RaftServerImpl.java:requestVote(1075)) - 176ebb76-54ef-4fc7-b036-d3478a12c0d9@group-1FC076CF3320 replies to ELECTION vote request: 130b495e-4981-4bfb-aed1-18e9f65aa3b8<-176ebb76-54ef-4fc7-b036-d3478a12c0d9#0:OK-t1. Peer's state: 176ebb76-54ef-4fc7-b036-d3478a12c0d9@group-1FC076CF3320:t1, leader=null, voted=130b495e-4981-4bfb-aed1-18e9f65aa3b8, raftlog=176ebb76-54ef-4fc7-b036-d3478a12c0d9@group-1FC076CF3320-SegmentedRaftLog:OPENED:c-1,f-1,i0, conf=-1: [3d8f492e-e4fc-40a7-8280-263d1b336f05|rpc:10.1.0.40:33843|dataStream:|priority:1, 130b495e-4981-4bfb-aed1-18e9f65aa3b8|rpc:10.1.0.40:34925|dataStream:|priority:0, 176ebb76-54ef-4fc7-b036-d3478a12c0d9|rpc:10.1.0.40:36625|dataStream:|priority:0], old=null
2021-08-28 05:53:34,738 [130b495e-4981-4bfb-aed1-18e9f65aa3b8@group-B3505F7B58F4-LeaderElection42] INFO  impl.LeaderElection (LeaderElection.java:askForVotes(306)) - 130b495e-4981-4bfb-aed1-18e9f65aa3b8@group-B3505F7B58F4-LeaderElection42 ELECTION round 0: submit vote requests at term 1 for -1: [130b495e-4981-4bfb-aed1-18e9f65aa3b8|rpc:10.1.0.40:34925|priority:1], old=null
2021-08-28 05:53:34,738 [130b495e-4981-4bfb-aed1-18e9f65aa3b8@group-B3505F7B58F4-LeaderElection42] INFO  impl.LeaderElection (LeaderElection.java:askForVotes(308)) - 130b495e-4981-4bfb-aed1-18e9f65aa3b8@group-B3505F7B58F4-LeaderElection42 ELECTION round 0: result PASSED (term=1)
2021-08-28 05:53:34,738 [130b495e-4981-4bfb-aed1-18e9f65aa3b8@group-B3505F7B58F4-LeaderElection42] INFO  impl.RoleInfo (RoleInfo.java:shutdownLeaderElection(121)) - 130b495e-4981-4bfb-aed1-18e9f65aa3b8: shutdown 130b495e-4981-4bfb-aed1-18e9f65aa3b8@group-B3505F7B58F4-LeaderElection42
2021-08-28 05:53:34,738 [130b495e-4981-4bfb-aed1-18e9f65aa3b8@group-B3505F7B58F4-LeaderElection42] INFO  server.RaftServer$Division (RaftServerImpl.java:setRole(285)) - 130b495e-4981-4bfb-aed1-18e9f65aa3b8@group-B3505F7B58F4: changes role from CANDIDATE to LEADER at term 1 for changeToLeader
2021-08-28 05:53:34,738 [130b495e-4981-4bfb-aed1-18e9f65aa3b8@group-B3505F7B58F4-LeaderElection42] INFO  ratis.XceiverServerRatis (XceiverServerRatis.java:handleLeaderChangedNotification(861)) - Leader change notification received for group: group-B3505F7B58F4 with new leaderId: 130b495e-4981-4bfb-aed1-18e9f65aa3b8
2021-08-28 05:53:34,738 [Datanode State Machine Thread - 0] WARN  statemachine.StateContext (StateContext.java:execute(621)) - No available thread in pool for past 1 seconds.
2021-08-28 05:53:34,739 [130b495e-4981-4bfb-aed1-18e9f65aa3b8@group-B3505F7B58F4-LeaderElection42] INFO  server.RaftServer$Division (ServerState.java:setLeader(285)) - 130b495e-4981-4bfb-aed1-18e9f65aa3b8@group-B3505F7B58F4: change Leader from null to 130b495e-4981-4bfb-aed1-18e9f65aa3b8 at term 1 for becomeLeader, leader elected after 5211ms
2021-08-28 05:53:34,739 [130b495e-4981-4bfb-aed1-18e9f65aa3b8@group-B3505F7B58F4-LeaderElection42] INFO  server.RaftServerConfigKeys (ConfUtils.java:logGet(44)) - raft.server.staging.catchup.gap = 1000 (default)
2021-08-28 05:53:34,740 [EventQueue-OpenPipelineForHealthyPipelineSafeModeRule] INFO  safemode.SCMSafeModeManager (HealthyPipelineSafeModeRule.java:process(124)) - SCM in safe mode. Healthy pipelines reported count is 0, required healthy pipeline reported count is 1
2021-08-28 05:53:34,740 [130b495e-4981-4bfb-aed1-18e9f65aa3b8@group-B3505F7B58F4-LeaderElection42] INFO  server.RaftServerConfigKeys (ConfUtils.java:logGet(44)) - raft.server.write.element-limit = 1024 (custom)
2021-08-28 05:53:34,740 [130b495e-4981-4bfb-aed1-18e9f65aa3b8@group-B3505F7B58F4-LeaderElection42] INFO  server.RaftServerConfigKeys (ConfUtils.java:logGet(44)) - raft.server.write.byte-limit = 1024 M (=1073741824) (custom)
2021-08-28 05:53:34,740 [130b495e-4981-4bfb-aed1-18e9f65aa3b8@group-B3505F7B58F4-LeaderElection42] INFO  server.RaftServerConfigKeys (ConfUtils.java:logGet(44)) - raft.server.watch.timeout = 180s (custom)
2021-08-28 05:53:34,740 [130b495e-4981-4bfb-aed1-18e9f65aa3b8@group-B3505F7B58F4-LeaderElection42] INFO  server.RaftServerConfigKeys (ConfUtils.java:logGet(44)) - raft.server.watch.timeout.denomination = 1s (default)
2021-08-28 05:53:34,741 [130b495e-4981-4bfb-aed1-18e9f65aa3b8@group-B3505F7B58F4-LeaderElection42] INFO  server.RaftServerConfigKeys (ConfUtils.java:logGet(44)) - raft.server.watch.element-limit = 65536 (default)
2021-08-28 05:53:34,741 [130b495e-4981-4bfb-aed1-18e9f65aa3b8@group-B3505F7B58F4-LeaderElection42] INFO  impl.RoleInfo (RoleInfo.java:updateAndGet(130)) - 130b495e-4981-4bfb-aed1-18e9f65aa3b8: start 130b495e-4981-4bfb-aed1-18e9f65aa3b8@group-B3505F7B58F4-LeaderStateImpl
2021-08-28 05:53:34,746 [130b495e-4981-4bfb-aed1-18e9f65aa3b8@group-B3505F7B58F4-LeaderElection42] INFO  segmented.SegmentedRaftLogWorker (SegmentedRaftLogWorker.java:startLogSegment(394)) - 130b495e-4981-4bfb-aed1-18e9f65aa3b8@group-B3505F7B58F4-SegmentedRaftLogWorker: Starting segment from index:0
2021-08-28 05:53:34,748 [130b495e-4981-4bfb-aed1-18e9f65aa3b8@group-B3505F7B58F4-SegmentedRaftLogWorker] INFO  segmented.SegmentedRaftLogWorker (SegmentedRaftLogWorker.java:execute(601)) - 130b495e-4981-4bfb-aed1-18e9f65aa3b8@group-B3505F7B58F4-SegmentedRaftLogWorker: created new log segment /home/runner/work/ozone/ozone/hadoop-ozone/integration-test/target/test-dir/MiniOzoneClusterImpl-4114dceb-4d54-4a06-811c-48a2541ee5b4/datanode-0/data/ratis/19a9b939-8253-40ec-bb0b-b3505f7b58f4/current/log_inprogress_0
2021-08-28 05:53:34,761 [130b495e-4981-4bfb-aed1-18e9f65aa3b8@group-B3505F7B58F4-LeaderElection42] INFO  server.RaftServer$Division (ServerState.java:setRaftConf(387)) - 130b495e-4981-4bfb-aed1-18e9f65aa3b8@group-B3505F7B58F4: set configuration 0: [130b495e-4981-4bfb-aed1-18e9f65aa3b8|rpc:10.1.0.40:34925|dataStream:|priority:1], old=null
2021-08-28 05:53:34,955 [EndpointStateMachine task thread for /0.0.0.0:43701 - 0 ] INFO  ipc.Client (Client.java:handleConnectionFailure(977)) - Retrying connect to server: 0.0.0.0/0.0.0.0:43701. Already tried 4 time(s); retry policy is RetryUpToMaximumCountWithFixedSleep(maxRetries=15, sleepTime=1000 MILLISECONDS)
2021-08-28 05:53:35,012 [176ebb76-54ef-4fc7-b036-d3478a12c0d9@group-65CC64261276-FollowerState] INFO  impl.FollowerState (FollowerState.java:run(134)) - 176ebb76-54ef-4fc7-b036-d3478a12c0d9@group-65CC64261276-FollowerState: change to CANDIDATE, lastRpcElapsedTime:5154111013ns, electionTimeout:5153ms
2021-08-28 05:53:35,012 [176ebb76-54ef-4fc7-b036-d3478a12c0d9@group-65CC64261276-FollowerState] INFO  impl.RoleInfo (RoleInfo.java:shutdownFollowerState(108)) - 176ebb76-54ef-4fc7-b036-d3478a12c0d9: shutdown 176ebb76-54ef-4fc7-b036-d3478a12c0d9@group-65CC64261276-FollowerState
2021-08-28 05:53:35,012 [176ebb76-54ef-4fc7-b036-d3478a12c0d9@group-65CC64261276-FollowerState] INFO  server.RaftServer$Division (RaftServerImpl.java:setRole(285)) - 176ebb76-54ef-4fc7-b036-d3478a12c0d9@group-65CC64261276: changes role from  FOLLOWER to CANDIDATE at term 0 for changeToCandidate
2021-08-28 05:53:35,012 [176ebb76-54ef-4fc7-b036-d3478a12c0d9@group-65CC64261276-FollowerState] INFO  server.RaftServerConfigKeys (ConfUtils.java:logGet(44)) - raft.server.leaderelection.pre-vote = false (custom)
2021-08-28 05:53:35,012 [176ebb76-54ef-4fc7-b036-d3478a12c0d9@group-65CC64261276-FollowerState] INFO  impl.RoleInfo (RoleInfo.java:updateAndGet(130)) - 176ebb76-54ef-4fc7-b036-d3478a12c0d9: start 176ebb76-54ef-4fc7-b036-d3478a12c0d9@group-65CC64261276-LeaderElection43
2021-08-28 05:53:35,015 [176ebb76-54ef-4fc7-b036-d3478a12c0d9@group-3BD747763059-FollowerState] INFO  impl.FollowerState (FollowerState.java:run(134)) - 176ebb76-54ef-4fc7-b036-d3478a12c0d9@group-3BD747763059-FollowerState: change to CANDIDATE, lastRpcElapsedTime:5111914247ns, electionTimeout:5096ms
2021-08-28 05:53:35,015 [176ebb76-54ef-4fc7-b036-d3478a12c0d9@group-3BD747763059-FollowerState] INFO  impl.RoleInfo (RoleInfo.java:shutdownFollowerState(108)) - 176ebb76-54ef-4fc7-b036-d3478a12c0d9: shutdown 176ebb76-54ef-4fc7-b036-d3478a12c0d9@group-3BD747763059-FollowerState
2021-08-28 05:53:35,015 [176ebb76-54ef-4fc7-b036-d3478a12c0d9@group-3BD747763059-FollowerState] INFO  server.RaftServer$Division (RaftServerImpl.java:setRole(285)) - 176ebb76-54ef-4fc7-b036-d3478a12c0d9@group-3BD747763059: changes role from  FOLLOWER to CANDIDATE at term 0 for changeToCandidate
2021-08-28 05:53:35,015 [176ebb76-54ef-4fc7-b036-d3478a12c0d9@group-3BD747763059-FollowerState] INFO  server.RaftServerConfigKeys (ConfUtils.java:logGet(44)) - raft.server.leaderelection.pre-vote = false (custom)
2021-08-28 05:53:35,015 [176ebb76-54ef-4fc7-b036-d3478a12c0d9@group-3BD747763059-FollowerState] INFO  impl.RoleInfo (RoleInfo.java:updateAndGet(130)) - 176ebb76-54ef-4fc7-b036-d3478a12c0d9: start 176ebb76-54ef-4fc7-b036-d3478a12c0d9@group-3BD747763059-LeaderElection44
2021-08-28 05:53:35,022 [176ebb76-54ef-4fc7-b036-d3478a12c0d9@group-65CC64261276-LeaderElection43] INFO  impl.LeaderElection (LeaderElection.java:askForVotes(306)) - 176ebb76-54ef-4fc7-b036-d3478a12c0d9@group-65CC64261276-LeaderElection43 ELECTION round 0: submit vote requests at term 1 for -1: [176ebb76-54ef-4fc7-b036-d3478a12c0d9|rpc:10.1.0.40:36625|priority:1], old=null
2021-08-28 05:53:35,022 [176ebb76-54ef-4fc7-b036-d3478a12c0d9@group-65CC64261276-LeaderElection43] INFO  impl.LeaderElection (LeaderElection.java:askForVotes(308)) - 176ebb76-54ef-4fc7-b036-d3478a12c0d9@group-65CC64261276-LeaderElection43 ELECTION round 0: result PASSED (term=1)
2021-08-28 05:53:35,022 [176ebb76-54ef-4fc7-b036-d3478a12c0d9@group-65CC64261276-LeaderElection43] INFO  impl.RoleInfo (RoleInfo.java:shutdownLeaderElection(121)) - 176ebb76-54ef-4fc7-b036-d3478a12c0d9: shutdown 176ebb76-54ef-4fc7-b036-d3478a12c0d9@group-65CC64261276-LeaderElection43
2021-08-28 05:53:35,022 [176ebb76-54ef-4fc7-b036-d3478a12c0d9@group-65CC64261276-LeaderElection43] INFO  server.RaftServer$Division (RaftServerImpl.java:setRole(285)) - 176ebb76-54ef-4fc7-b036-d3478a12c0d9@group-65CC64261276: changes role from CANDIDATE to LEADER at term 1 for changeToLeader
2021-08-28 05:53:35,022 [176ebb76-54ef-4fc7-b036-d3478a12c0d9@group-65CC64261276-LeaderElection43] INFO  ratis.XceiverServerRatis (XceiverServerRatis.java:handleLeaderChangedNotification(861)) - Leader change notification received for group: group-65CC64261276 with new leaderId: 176ebb76-54ef-4fc7-b036-d3478a12c0d9
2021-08-28 05:53:35,023 [Datanode State Machine Thread - 0] WARN  statemachine.StateContext (StateContext.java:execute(621)) - No available thread in pool for past 1 seconds.
2021-08-28 05:53:35,023 [176ebb76-54ef-4fc7-b036-d3478a12c0d9@group-65CC64261276-LeaderElection43] INFO  server.RaftServer$Division (ServerState.java:setLeader(285)) - 176ebb76-54ef-4fc7-b036-d3478a12c0d9@group-65CC64261276: change Leader from null to 176ebb76-54ef-4fc7-b036-d3478a12c0d9 at term 1 for becomeLeader, leader elected after 5202ms
2021-08-28 05:53:35,023 [176ebb76-54ef-4fc7-b036-d3478a12c0d9@group-65CC64261276-LeaderElection43] INFO  server.RaftServerConfigKeys (ConfUtils.java:logGet(44)) - raft.server.staging.catchup.gap = 1000 (default)
2021-08-28 05:53:35,024 [EventQueue-OpenPipelineForHealthyPipelineSafeModeRule] INFO  safemode.SCMSafeModeManager (HealthyPipelineSafeModeRule.java:process(124)) - SCM in safe mode. Healthy pipelines reported count is 0, required healthy pipeline reported count is 1
2021-08-28 05:53:35,024 [176ebb76-54ef-4fc7-b036-d3478a12c0d9@group-65CC64261276-LeaderElection43] INFO  server.RaftServerConfigKeys (ConfUtils.java:logGet(44)) - raft.server.write.element-limit = 1024 (custom)
2021-08-28 05:53:35,024 [176ebb76-54ef-4fc7-b036-d3478a12c0d9@group-65CC64261276-LeaderElection43] INFO  server.RaftServerConfigKeys (ConfUtils.java:logGet(44)) - raft.server.write.byte-limit = 1024 M (=1073741824) (custom)
2021-08-28 05:53:35,024 [176ebb76-54ef-4fc7-b036-d3478a12c0d9@group-65CC64261276-LeaderElection43] INFO  server.RaftServerConfigKeys (ConfUtils.java:logGet(44)) - raft.server.watch.timeout = 180s (custom)
2021-08-28 05:53:35,025 [176ebb76-54ef-4fc7-b036-d3478a12c0d9@group-65CC64261276-LeaderElection43] INFO  server.RaftServerConfigKeys (ConfUtils.java:logGet(44)) - raft.server.watch.timeout.denomination = 1s (default)
2021-08-28 05:53:35,025 [176ebb76-54ef-4fc7-b036-d3478a12c0d9@group-65CC64261276-LeaderElection43] INFO  server.RaftServerConfigKeys (ConfUtils.java:logGet(44)) - raft.server.watch.element-limit = 65536 (default)
2021-08-28 05:53:35,025 [176ebb76-54ef-4fc7-b036-d3478a12c0d9@group-65CC64261276-LeaderElection43] INFO  impl.RoleInfo (RoleInfo.java:updateAndGet(130)) - 176ebb76-54ef-4fc7-b036-d3478a12c0d9: start 176ebb76-54ef-4fc7-b036-d3478a12c0d9@group-65CC64261276-LeaderStateImpl
2021-08-28 05:53:35,025 [176ebb76-54ef-4fc7-b036-d3478a12c0d9@group-65CC64261276-LeaderElection43] INFO  segmented.SegmentedRaftLogWorker (SegmentedRaftLogWorker.java:startLogSegment(394)) - 176ebb76-54ef-4fc7-b036-d3478a12c0d9@group-65CC64261276-SegmentedRaftLogWorker: Starting segment from index:0
2021-08-28 05:53:35,027 [176ebb76-54ef-4fc7-b036-d3478a12c0d9@group-65CC64261276-LeaderElection43] INFO  server.RaftServer$Division (ServerState.java:setRaftConf(387)) - 176ebb76-54ef-4fc7-b036-d3478a12c0d9@group-65CC64261276: set configuration 0: [176ebb76-54ef-4fc7-b036-d3478a12c0d9|rpc:10.1.0.40:36625|dataStream:|priority:1], old=null
2021-08-28 05:53:35,034 [130b495e-4981-4bfb-aed1-18e9f65aa3b8@group-3BD747763059-FollowerState] INFO  impl.FollowerState (FollowerState.java:run(134)) - 130b495e-4981-4bfb-aed1-18e9f65aa3b8@group-3BD747763059-FollowerState: change to CANDIDATE, lastRpcElapsedTime:5083096034ns, electionTimeout:5045ms
2021-08-28 05:53:35,034 [130b495e-4981-4bfb-aed1-18e9f65aa3b8@group-3BD747763059-FollowerState] INFO  impl.RoleInfo (RoleInfo.java:shutdownFollowerState(108)) - 130b495e-4981-4bfb-aed1-18e9f65aa3b8: shutdown 130b495e-4981-4bfb-aed1-18e9f65aa3b8@group-3BD747763059-FollowerState
2021-08-28 05:53:35,034 [130b495e-4981-4bfb-aed1-18e9f65aa3b8@group-3BD747763059-FollowerState] INFO  server.RaftServer$Division (RaftServerImpl.java:setRole(285)) - 130b495e-4981-4bfb-aed1-18e9f65aa3b8@group-3BD747763059: changes role from  FOLLOWER to CANDIDATE at term 0 for changeToCandidate
2021-08-28 05:53:35,034 [130b495e-4981-4bfb-aed1-18e9f65aa3b8@group-3BD747763059-FollowerState] INFO  server.RaftServerConfigKeys (ConfUtils.java:logGet(44)) - raft.server.leaderelection.pre-vote = false (custom)
2021-08-28 05:53:35,034 [130b495e-4981-4bfb-aed1-18e9f65aa3b8@group-3BD747763059-FollowerState] INFO  impl.RoleInfo (RoleInfo.java:updateAndGet(130)) - 130b495e-4981-4bfb-aed1-18e9f65aa3b8: start 130b495e-4981-4bfb-aed1-18e9f65aa3b8@group-3BD747763059-LeaderElection45
2021-08-28 05:53:35,039 [176ebb76-54ef-4fc7-b036-d3478a12c0d9@group-65CC64261276-SegmentedRaftLogWorker] INFO  segmented.SegmentedRaftLogWorker (SegmentedRaftLogWorker.java:execute(601)) - 176ebb76-54ef-4fc7-b036-d3478a12c0d9@group-65CC64261276-SegmentedRaftLogWorker: created new log segment /home/runner/work/ozone/ozone/hadoop-ozone/integration-test/target/test-dir/MiniOzoneClusterImpl-4114dceb-4d54-4a06-811c-48a2541ee5b4/datanode-1/data/ratis/eb7410be-cf1e-4e8b-92d5-65cc64261276/current/log_inprogress_0
2021-08-28 05:53:35,054 [Listener at 127.0.0.1/11536] INFO  ozone.MiniOzoneClusterImpl (MiniOzoneClusterImpl.java:lambda$waitForClusterToBeReady$0(235)) - Nodes are ready. Got 3 of 3 DN Heartbeats.
2021-08-28 05:53:35,054 [Listener at 127.0.0.1/11536] INFO  ozone.MiniOzoneClusterImpl (MiniOzoneClusterImpl.java:lambda$waitForClusterToBeReady$0(238)) - Waiting for cluster to exit safe mode
2021-08-28 05:53:35,055 [Listener at 127.0.0.1/11536] INFO  ozone.MiniOzoneClusterImpl (MiniOzoneClusterImpl.java:lambda$waitForClusterToBeReady$0(240)) - SCM became leader
2021-08-28 05:53:35,055 [176ebb76-54ef-4fc7-b036-d3478a12c0d9@group-3BD747763059-LeaderElection44] INFO  impl.LeaderElection (LeaderElection.java:askForVotes(306)) - 176ebb76-54ef-4fc7-b036-d3478a12c0d9@group-3BD747763059-LeaderElection44 ELECTION round 0: submit vote requests at term 1 for -1: [3d8f492e-e4fc-40a7-8280-263d1b336f05|rpc:10.1.0.40:33843|priority:0, 176ebb76-54ef-4fc7-b036-d3478a12c0d9|rpc:10.1.0.40:36625|priority:0, 130b495e-4981-4bfb-aed1-18e9f65aa3b8|rpc:10.1.0.40:34925|priority:1], old=null
2021-08-28 05:53:35,064 [grpc-default-executor-5] INFO  server.RaftServer$Division (RaftServerImpl.java:requestVote(1043)) - 3d8f492e-e4fc-40a7-8280-263d1b336f05@group-3BD747763059: receive requestVote(ELECTION, 176ebb76-54ef-4fc7-b036-d3478a12c0d9, group-3BD747763059, 1, (t:0, i:0))
2021-08-28 05:53:35,064 [grpc-default-executor-5] INFO  impl.VoteContext (VoteContext.java:log(48)) - 3d8f492e-e4fc-40a7-8280-263d1b336f05@group-3BD747763059-FOLLOWER: accept ELECTION from 176ebb76-54ef-4fc7-b036-d3478a12c0d9: our priority 0 <= candidate's priority 0
2021-08-28 05:53:35,064 [grpc-default-executor-5] INFO  server.RaftServer$Division (RaftServerImpl.java:setRole(285)) - 3d8f492e-e4fc-40a7-8280-263d1b336f05@group-3BD747763059: changes role from  FOLLOWER to FOLLOWER at term 1 for candidate:176ebb76-54ef-4fc7-b036-d3478a12c0d9
2021-08-28 05:53:35,064 [grpc-default-executor-5] INFO  impl.RoleInfo (RoleInfo.java:shutdownFollowerState(108)) - 3d8f492e-e4fc-40a7-8280-263d1b336f05: shutdown 3d8f492e-e4fc-40a7-8280-263d1b336f05@group-3BD747763059-FollowerState
2021-08-28 05:53:35,064 [grpc-default-executor-5] INFO  impl.RoleInfo (RoleInfo.java:updateAndGet(130)) - 3d8f492e-e4fc-40a7-8280-263d1b336f05: start 3d8f492e-e4fc-40a7-8280-263d1b336f05@group-3BD747763059-FollowerState
2021-08-28 05:53:35,064 [grpc-default-executor-3] INFO  server.RaftServer$Division (RaftServerImpl.java:requestVote(1043)) - 130b495e-4981-4bfb-aed1-18e9f65aa3b8@group-3BD747763059: receive requestVote(ELECTION, 176ebb76-54ef-4fc7-b036-d3478a12c0d9, group-3BD747763059, 1, (t:0, i:0))
2021-08-28 05:53:35,065 [3d8f492e-e4fc-40a7-8280-263d1b336f05@group-3BD747763059-FollowerState] INFO  impl.FollowerState (FollowerState.java:run(143)) - 3d8f492e-e4fc-40a7-8280-263d1b336f05@group-3BD747763059-FollowerState was interrupted: {}
java.lang.InterruptedException: sleep interrupted
	at java.lang.Thread.sleep(Native Method)
	at java.lang.Thread.sleep(Thread.java:340)
	at java.util.concurrent.TimeUnit.sleep(TimeUnit.java:386)
	at org.apache.ratis.util.TimeDuration.sleep(TimeDuration.java:324)
	at org.apache.ratis.util.TimeDuration.sleep(TimeDuration.java:309)
	at org.apache.ratis.server.impl.FollowerState.run(FollowerState.java:118)
2021-08-28 05:53:35,065 [grpc-default-executor-5] INFO  server.RaftServer$Division (RaftServerImpl.java:requestVote(1075)) - 3d8f492e-e4fc-40a7-8280-263d1b336f05@group-3BD747763059 replies to ELECTION vote request: 176ebb76-54ef-4fc7-b036-d3478a12c0d9<-3d8f492e-e4fc-40a7-8280-263d1b336f05#0:OK-t1. Peer's state: 3d8f492e-e4fc-40a7-8280-263d1b336f05@group-3BD747763059:t1, leader=null, voted=176ebb76-54ef-4fc7-b036-d3478a12c0d9, raftlog=3d8f492e-e4fc-40a7-8280-263d1b336f05@group-3BD747763059-SegmentedRaftLog:OPENED:c-1,f-1,i0, conf=-1: [3d8f492e-e4fc-40a7-8280-263d1b336f05|rpc:10.1.0.40:33843|dataStream:|priority:0, 176ebb76-54ef-4fc7-b036-d3478a12c0d9|rpc:10.1.0.40:36625|dataStream:|priority:0, 130b495e-4981-4bfb-aed1-18e9f65aa3b8|rpc:10.1.0.40:34925|dataStream:|priority:1], old=null
2021-08-28 05:53:35,072 [130b495e-4981-4bfb-aed1-18e9f65aa3b8@group-3BD747763059-LeaderElection45] INFO  impl.LeaderElection (LeaderElection.java:askForVotes(306)) - 130b495e-4981-4bfb-aed1-18e9f65aa3b8@group-3BD747763059-LeaderElection45 ELECTION round 0: submit vote requests at term 1 for -1: [3d8f492e-e4fc-40a7-8280-263d1b336f05|rpc:10.1.0.40:33843|priority:0, 176ebb76-54ef-4fc7-b036-d3478a12c0d9|rpc:10.1.0.40:36625|priority:0, 130b495e-4981-4bfb-aed1-18e9f65aa3b8|rpc:10.1.0.40:34925|priority:1], old=null
2021-08-28 05:53:35,072 [grpc-default-executor-3] INFO  impl.VoteContext (VoteContext.java:log(48)) - 130b495e-4981-4bfb-aed1-18e9f65aa3b8@group-3BD747763059-CANDIDATE: reject ELECTION from 176ebb76-54ef-4fc7-b036-d3478a12c0d9: already has voted for 130b495e-4981-4bfb-aed1-18e9f65aa3b8 at current term 1
2021-08-28 05:53:35,072 [grpc-default-executor-3] INFO  server.RaftServer$Division (RaftServerImpl.java:requestVote(1075)) - 130b495e-4981-4bfb-aed1-18e9f65aa3b8@group-3BD747763059 replies to ELECTION vote request: 176ebb76-54ef-4fc7-b036-d3478a12c0d9<-130b495e-4981-4bfb-aed1-18e9f65aa3b8#0:FAIL-t1. Peer's state: 130b495e-4981-4bfb-aed1-18e9f65aa3b8@group-3BD747763059:t1, leader=null, voted=130b495e-4981-4bfb-aed1-18e9f65aa3b8, raftlog=130b495e-4981-4bfb-aed1-18e9f65aa3b8@group-3BD747763059-SegmentedRaftLog:OPENED:c-1,f-1,i0, conf=-1: [3d8f492e-e4fc-40a7-8280-263d1b336f05|rpc:10.1.0.40:33843|priority:0, 176ebb76-54ef-4fc7-b036-d3478a12c0d9|rpc:10.1.0.40:36625|priority:0, 130b495e-4981-4bfb-aed1-18e9f65aa3b8|rpc:10.1.0.40:34925|priority:1], old=null
2021-08-28 05:53:35,075 [176ebb76-54ef-4fc7-b036-d3478a12c0d9@group-3BD747763059-LeaderElection44] INFO  impl.LeaderElection (LeaderElection.java:logAndReturn(89)) - 176ebb76-54ef-4fc7-b036-d3478a12c0d9@group-3BD747763059-LeaderElection44: ELECTION REJECTED received 2 response(s) and 0 exception(s):
2021-08-28 05:53:35,075 [176ebb76-54ef-4fc7-b036-d3478a12c0d9@group-3BD747763059-LeaderElection44] INFO  impl.LeaderElection (LeaderElection.java:logAndReturn(93)) -   Response 0: 176ebb76-54ef-4fc7-b036-d3478a12c0d9<-3d8f492e-e4fc-40a7-8280-263d1b336f05#0:OK-t1
2021-08-28 05:53:35,075 [176ebb76-54ef-4fc7-b036-d3478a12c0d9@group-3BD747763059-LeaderElection44] INFO  impl.LeaderElection (LeaderElection.java:logAndReturn(93)) -   Response 1: 176ebb76-54ef-4fc7-b036-d3478a12c0d9<-130b495e-4981-4bfb-aed1-18e9f65aa3b8#0:FAIL-t1
2021-08-28 05:53:35,080 [grpc-default-executor-3] INFO  server.RaftServer$Division (RaftServerImpl.java:requestVote(1043)) - 3d8f492e-e4fc-40a7-8280-263d1b336f05@group-3BD747763059: receive requestVote(ELECTION, 130b495e-4981-4bfb-aed1-18e9f65aa3b8, group-3BD747763059, 1, (t:0, i:0))
2021-08-28 05:53:35,084 [grpc-default-executor-5] INFO  server.RaftServer$Division (RaftServerImpl.java:requestVote(1043)) - 176ebb76-54ef-4fc7-b036-d3478a12c0d9@group-3BD747763059: receive requestVote(ELECTION, 130b495e-4981-4bfb-aed1-18e9f65aa3b8, group-3BD747763059, 1, (t:0, i:0))
2021-08-28 05:53:35,092 [grpc-default-executor-3] INFO  impl.VoteContext (VoteContext.java:log(48)) - 3d8f492e-e4fc-40a7-8280-263d1b336f05@group-3BD747763059-FOLLOWER: reject ELECTION from 130b495e-4981-4bfb-aed1-18e9f65aa3b8: already has voted for 176ebb76-54ef-4fc7-b036-d3478a12c0d9 at current term 1
2021-08-28 05:53:35,092 [grpc-default-executor-3] INFO  server.RaftServer$Division (RaftServerImpl.java:requestVote(1075)) - 3d8f492e-e4fc-40a7-8280-263d1b336f05@group-3BD747763059 replies to ELECTION vote request: 130b495e-4981-4bfb-aed1-18e9f65aa3b8<-3d8f492e-e4fc-40a7-8280-263d1b336f05#0:FAIL-t1. Peer's state: 3d8f492e-e4fc-40a7-8280-263d1b336f05@group-3BD747763059:t1, leader=null, voted=176ebb76-54ef-4fc7-b036-d3478a12c0d9, raftlog=3d8f492e-e4fc-40a7-8280-263d1b336f05@group-3BD747763059-SegmentedRaftLog:OPENED:c-1,f-1,i0, conf=-1: [3d8f492e-e4fc-40a7-8280-263d1b336f05|rpc:10.1.0.40:33843|dataStream:|priority:0, 176ebb76-54ef-4fc7-b036-d3478a12c0d9|rpc:10.1.0.40:36625|dataStream:|priority:0, 130b495e-4981-4bfb-aed1-18e9f65aa3b8|rpc:10.1.0.40:34925|dataStream:|priority:1], old=null
2021-08-28 05:53:35,093 [grpc-default-executor-5] INFO  impl.VoteContext (VoteContext.java:log(48)) - 176ebb76-54ef-4fc7-b036-d3478a12c0d9@group-3BD747763059-CANDIDATE: reject ELECTION from 130b495e-4981-4bfb-aed1-18e9f65aa3b8: already has voted for 176ebb76-54ef-4fc7-b036-d3478a12c0d9 at current term 1
2021-08-28 05:53:35,093 [grpc-default-executor-5] INFO  server.RaftServer$Division (RaftServerImpl.java:requestVote(1075)) - 176ebb76-54ef-4fc7-b036-d3478a12c0d9@group-3BD747763059 replies to ELECTION vote request: 130b495e-4981-4bfb-aed1-18e9f65aa3b8<-176ebb76-54ef-4fc7-b036-d3478a12c0d9#0:FAIL-t1. Peer's state: 176ebb76-54ef-4fc7-b036-d3478a12c0d9@group-3BD747763059:t1, leader=null, voted=176ebb76-54ef-4fc7-b036-d3478a12c0d9, raftlog=176ebb76-54ef-4fc7-b036-d3478a12c0d9@group-3BD747763059-SegmentedRaftLog:OPENED:c-1,f-1,i0, conf=-1: [3d8f492e-e4fc-40a7-8280-263d1b336f05|rpc:10.1.0.40:33843|priority:0, 176ebb76-54ef-4fc7-b036-d3478a12c0d9|rpc:10.1.0.40:36625|priority:0, 130b495e-4981-4bfb-aed1-18e9f65aa3b8|rpc:10.1.0.40:34925|priority:1], old=null
2021-08-28 05:53:35,092 [176ebb76-54ef-4fc7-b036-d3478a12c0d9@group-3BD747763059-LeaderElection44] INFO  impl.LeaderElection (LeaderElection.java:askForVotes(308)) - 176ebb76-54ef-4fc7-b036-d3478a12c0d9@group-3BD747763059-LeaderElection44 ELECTION round 0: result REJECTED
2021-08-28 05:53:35,094 [176ebb76-54ef-4fc7-b036-d3478a12c0d9@group-3BD747763059-LeaderElection44] INFO  server.RaftServer$Division (RaftServerImpl.java:setRole(285)) - 176ebb76-54ef-4fc7-b036-d3478a12c0d9@group-3BD747763059: changes role from CANDIDATE to FOLLOWER at term 1 for REJECTED
2021-08-28 05:53:35,094 [176ebb76-54ef-4fc7-b036-d3478a12c0d9@group-3BD747763059-LeaderElection44] INFO  impl.RoleInfo (RoleInfo.java:shutdownLeaderElection(121)) - 176ebb76-54ef-4fc7-b036-d3478a12c0d9: shutdown 176ebb76-54ef-4fc7-b036-d3478a12c0d9@group-3BD747763059-LeaderElection44
2021-08-28 05:53:35,094 [176ebb76-54ef-4fc7-b036-d3478a12c0d9@group-3BD747763059-LeaderElection44] INFO  impl.RoleInfo (RoleInfo.java:updateAndGet(130)) - 176ebb76-54ef-4fc7-b036-d3478a12c0d9: start 176ebb76-54ef-4fc7-b036-d3478a12c0d9@group-3BD747763059-FollowerState
2021-08-28 05:53:35,099 [130b495e-4981-4bfb-aed1-18e9f65aa3b8@group-3BD747763059-LeaderElection45] INFO  impl.LeaderElection (LeaderElection.java:logAndReturn(89)) - 130b495e-4981-4bfb-aed1-18e9f65aa3b8@group-3BD747763059-LeaderElection45: ELECTION REJECTED received 2 response(s) and 0 exception(s):
2021-08-28 05:53:35,099 [130b495e-4981-4bfb-aed1-18e9f65aa3b8@group-3BD747763059-LeaderElection45] INFO  impl.LeaderElection (LeaderElection.java:logAndReturn(93)) -   Response 0: 130b495e-4981-4bfb-aed1-18e9f65aa3b8<-3d8f492e-e4fc-40a7-8280-263d1b336f05#0:FAIL-t1
2021-08-28 05:53:35,099 [130b495e-4981-4bfb-aed1-18e9f65aa3b8@group-3BD747763059-LeaderElection45] INFO  impl.LeaderElection (LeaderElection.java:logAndReturn(93)) -   Response 1: 130b495e-4981-4bfb-aed1-18e9f65aa3b8<-176ebb76-54ef-4fc7-b036-d3478a12c0d9#0:FAIL-t1
2021-08-28 05:53:35,099 [130b495e-4981-4bfb-aed1-18e9f65aa3b8@group-3BD747763059-LeaderElection45] INFO  impl.LeaderElection (LeaderElection.java:askForVotes(308)) - 130b495e-4981-4bfb-aed1-18e9f65aa3b8@group-3BD747763059-LeaderElection45 ELECTION round 0: result REJECTED
2021-08-28 05:53:35,099 [130b495e-4981-4bfb-aed1-18e9f65aa3b8@group-3BD747763059-LeaderElection45] INFO  server.RaftServer$Division (RaftServerImpl.java:setRole(285)) - 130b495e-4981-4bfb-aed1-18e9f65aa3b8@group-3BD747763059: changes role from CANDIDATE to FOLLOWER at term 1 for REJECTED
2021-08-28 05:53:35,099 [130b495e-4981-4bfb-aed1-18e9f65aa3b8@group-3BD747763059-LeaderElection45] INFO  impl.RoleInfo (RoleInfo.java:shutdownLeaderElection(121)) - 130b495e-4981-4bfb-aed1-18e9f65aa3b8: shutdown 130b495e-4981-4bfb-aed1-18e9f65aa3b8@group-3BD747763059-LeaderElection45
2021-08-28 05:53:35,099 [130b495e-4981-4bfb-aed1-18e9f65aa3b8@group-3BD747763059-LeaderElection45] INFO  impl.RoleInfo (RoleInfo.java:updateAndGet(130)) - 130b495e-4981-4bfb-aed1-18e9f65aa3b8: start 130b495e-4981-4bfb-aed1-18e9f65aa3b8@group-3BD747763059-FollowerState
2021-08-28 05:53:35,127 [EndpointStateMachine task thread for /0.0.0.0:46013 - 0 ] INFO  ipc.Client (Client.java:handleConnectionFailure(977)) - Retrying connect to server: 0.0.0.0/0.0.0.0:46013. Already tried 14 time(s); retry policy is RetryUpToMaximumCountWithFixedSleep(maxRetries=15, sleepTime=1000 MILLISECONDS)
2021-08-28 05:53:35,312 [3d8f492e-e4fc-40a7-8280-263d1b336f05@group-78B70A503545-FollowerState] INFO  impl.FollowerState (FollowerState.java:run(134)) - 3d8f492e-e4fc-40a7-8280-263d1b336f05@group-78B70A503545-FollowerState: change to CANDIDATE, lastRpcElapsedTime:5167686465ns, electionTimeout:5157ms
2021-08-28 05:53:35,312 [3d8f492e-e4fc-40a7-8280-263d1b336f05@group-78B70A503545-FollowerState] INFO  impl.RoleInfo (RoleInfo.java:shutdownFollowerState(108)) - 3d8f492e-e4fc-40a7-8280-263d1b336f05: shutdown 3d8f492e-e4fc-40a7-8280-263d1b336f05@group-78B70A503545-FollowerState
2021-08-28 05:53:35,313 [3d8f492e-e4fc-40a7-8280-263d1b336f05@group-78B70A503545-FollowerState] INFO  server.RaftServer$Division (RaftServerImpl.java:setRole(285)) - 3d8f492e-e4fc-40a7-8280-263d1b336f05@group-78B70A503545: changes role from  FOLLOWER to CANDIDATE at term 0 for changeToCandidate
2021-08-28 05:53:35,313 [3d8f492e-e4fc-40a7-8280-263d1b336f05@group-78B70A503545-FollowerState] INFO  server.RaftServerConfigKeys (ConfUtils.java:logGet(44)) - raft.server.leaderelection.pre-vote = false (custom)
2021-08-28 05:53:35,313 [3d8f492e-e4fc-40a7-8280-263d1b336f05@group-78B70A503545-FollowerState] INFO  impl.RoleInfo (RoleInfo.java:updateAndGet(130)) - 3d8f492e-e4fc-40a7-8280-263d1b336f05: start 3d8f492e-e4fc-40a7-8280-263d1b336f05@group-78B70A503545-LeaderElection46
2021-08-28 05:53:35,334 [EndpointStateMachine task thread for /0.0.0.0:36115 - 0 ] INFO  ipc.Client (Client.java:handleConnectionFailure(977)) - Retrying connect to server: 0.0.0.0/0.0.0.0:36115. Already tried 0 time(s); retry policy is RetryUpToMaximumCountWithFixedSleep(maxRetries=15, sleepTime=1000 MILLISECONDS)
2021-08-28 05:53:35,335 [3d8f492e-e4fc-40a7-8280-263d1b336f05@group-78B70A503545-LeaderElection46] INFO  impl.LeaderElection (LeaderElection.java:askForVotes(306)) - 3d8f492e-e4fc-40a7-8280-263d1b336f05@group-78B70A503545-LeaderElection46 ELECTION round 0: submit vote requests at term 1 for -1: [3d8f492e-e4fc-40a7-8280-263d1b336f05|rpc:10.1.0.40:33843|priority:1], old=null
2021-08-28 05:53:35,335 [3d8f492e-e4fc-40a7-8280-263d1b336f05@group-78B70A503545-LeaderElection46] INFO  impl.LeaderElection (LeaderElection.java:askForVotes(308)) - 3d8f492e-e4fc-40a7-8280-263d1b336f05@group-78B70A503545-LeaderElection46 ELECTION round 0: result PASSED (term=1)
2021-08-28 05:53:35,335 [3d8f492e-e4fc-40a7-8280-263d1b336f05@group-78B70A503545-LeaderElection46] INFO  impl.RoleInfo (RoleInfo.java:shutdownLeaderElection(121)) - 3d8f492e-e4fc-40a7-8280-263d1b336f05: shutdown 3d8f492e-e4fc-40a7-8280-263d1b336f05@group-78B70A503545-LeaderElection46
2021-08-28 05:53:35,336 [3d8f492e-e4fc-40a7-8280-263d1b336f05@group-78B70A503545-LeaderElection46] INFO  server.RaftServer$Division (RaftServerImpl.java:setRole(285)) - 3d8f492e-e4fc-40a7-8280-263d1b336f05@group-78B70A503545: changes role from CANDIDATE to LEADER at term 1 for changeToLeader
2021-08-28 05:53:35,336 [3d8f492e-e4fc-40a7-8280-263d1b336f05@group-78B70A503545-LeaderElection46] INFO  ratis.XceiverServerRatis (XceiverServerRatis.java:handleLeaderChangedNotification(861)) - Leader change notification received for group: group-78B70A503545 with new leaderId: 3d8f492e-e4fc-40a7-8280-263d1b336f05
2021-08-28 05:53:35,336 [3d8f492e-e4fc-40a7-8280-263d1b336f05@group-78B70A503545-LeaderElection46] INFO  server.RaftServer$Division (ServerState.java:setLeader(285)) - 3d8f492e-e4fc-40a7-8280-263d1b336f05@group-78B70A503545: change Leader from null to 3d8f492e-e4fc-40a7-8280-263d1b336f05 at term 1 for becomeLeader, leader elected after 5240ms
2021-08-28 05:53:35,337 [EventQueue-OpenPipelineForHealthyPipelineSafeModeRule] INFO  safemode.SCMSafeModeManager (HealthyPipelineSafeModeRule.java:process(124)) - SCM in safe mode. Healthy pipelines reported count is 0, required healthy pipeline reported count is 1
2021-08-28 05:53:35,336 [Datanode State Machine Thread - 0] WARN  statemachine.StateContext (StateContext.java:execute(621)) - No available thread in pool for past 1 seconds.
2021-08-28 05:53:35,340 [3d8f492e-e4fc-40a7-8280-263d1b336f05@group-78B70A503545-LeaderElection46] INFO  server.RaftServerConfigKeys (ConfUtils.java:logGet(44)) - raft.server.staging.catchup.gap = 1000 (default)
2021-08-28 05:53:35,344 [3d8f492e-e4fc-40a7-8280-263d1b336f05@group-78B70A503545-LeaderElection46] INFO  server.RaftServerConfigKeys (ConfUtils.java:logGet(44)) - raft.server.write.element-limit = 1024 (custom)
2021-08-28 05:53:35,344 [3d8f492e-e4fc-40a7-8280-263d1b336f05@group-78B70A503545-LeaderElection46] INFO  server.RaftServerConfigKeys (ConfUtils.java:logGet(44)) - raft.server.write.byte-limit = 1024 M (=1073741824) (custom)
2021-08-28 05:53:35,345 [3d8f492e-e4fc-40a7-8280-263d1b336f05@group-78B70A503545-LeaderElection46] INFO  server.RaftServerConfigKeys (ConfUtils.java:logGet(44)) - raft.server.watch.timeout = 180s (custom)
2021-08-28 05:53:35,345 [3d8f492e-e4fc-40a7-8280-263d1b336f05@group-78B70A503545-LeaderElection46] INFO  server.RaftServerConfigKeys (ConfUtils.java:logGet(44)) - raft.server.watch.timeout.denomination = 1s (default)
2021-08-28 05:53:35,345 [3d8f492e-e4fc-40a7-8280-263d1b336f05@group-78B70A503545-LeaderElection46] INFO  server.RaftServerConfigKeys (ConfUtils.java:logGet(44)) - raft.server.watch.element-limit = 65536 (default)
2021-08-28 05:53:35,345 [3d8f492e-e4fc-40a7-8280-263d1b336f05@group-78B70A503545-LeaderElection46] INFO  impl.RoleInfo (RoleInfo.java:updateAndGet(130)) - 3d8f492e-e4fc-40a7-8280-263d1b336f05: start 3d8f492e-e4fc-40a7-8280-263d1b336f05@group-78B70A503545-LeaderStateImpl
2021-08-28 05:53:35,345 [3d8f492e-e4fc-40a7-8280-263d1b336f05@group-78B70A503545-LeaderElection46] INFO  segmented.SegmentedRaftLogWorker (SegmentedRaftLogWorker.java:startLogSegment(394)) - 3d8f492e-e4fc-40a7-8280-263d1b336f05@group-78B70A503545-SegmentedRaftLogWorker: Starting segment from index:0
2021-08-28 05:53:35,350 [3d8f492e-e4fc-40a7-8280-263d1b336f05@group-78B70A503545-LeaderElection46] INFO  server.RaftServer$Division (ServerState.java:setRaftConf(387)) - 3d8f492e-e4fc-40a7-8280-263d1b336f05@group-78B70A503545: set configuration 0: [3d8f492e-e4fc-40a7-8280-263d1b336f05|rpc:10.1.0.40:33843|dataStream:|priority:1], old=null
2021-08-28 05:53:35,367 [3d8f492e-e4fc-40a7-8280-263d1b336f05@group-78B70A503545-SegmentedRaftLogWorker] INFO  segmented.SegmentedRaftLogWorker (SegmentedRaftLogWorker.java:execute(601)) - 3d8f492e-e4fc-40a7-8280-263d1b336f05@group-78B70A503545-SegmentedRaftLogWorker: created new log segment /home/runner/work/ozone/ozone/hadoop-ozone/integration-test/target/test-dir/MiniOzoneClusterImpl-4114dceb-4d54-4a06-811c-48a2541ee5b4/datanode-2/data/ratis/992f53ca-c4af-4dcc-b25d-78b70a503545/current/log_inprogress_0
2021-08-28 05:53:35,956 [EndpointStateMachine task thread for /0.0.0.0:43701 - 0 ] INFO  ipc.Client (Client.java:handleConnectionFailure(977)) - Retrying connect to server: 0.0.0.0/0.0.0.0:43701. Already tried 5 time(s); retry policy is RetryUpToMaximumCountWithFixedSleep(maxRetries=15, sleepTime=1000 MILLISECONDS)
2021-08-28 05:53:36,055 [Listener at 127.0.0.1/11536] INFO  ozone.MiniOzoneClusterImpl (MiniOzoneClusterImpl.java:lambda$waitForClusterToBeReady$0(235)) - Nodes are ready. Got 3 of 3 DN Heartbeats.
2021-08-28 05:53:36,055 [Listener at 127.0.0.1/11536] INFO  ozone.MiniOzoneClusterImpl (MiniOzoneClusterImpl.java:lambda$waitForClusterToBeReady$0(238)) - Waiting for cluster to exit safe mode
2021-08-28 05:53:36,055 [Listener at 127.0.0.1/11536] INFO  ozone.MiniOzoneClusterImpl (MiniOzoneClusterImpl.java:lambda$waitForClusterToBeReady$0(240)) - SCM became leader
2021-08-28 05:53:36,334 [EndpointStateMachine task thread for /0.0.0.0:36115 - 0 ] INFO  ipc.Client (Client.java:handleConnectionFailure(977)) - Retrying connect to server: 0.0.0.0/0.0.0.0:36115. Already tried 1 time(s); retry policy is RetryUpToMaximumCountWithFixedSleep(maxRetries=15, sleepTime=1000 MILLISECONDS)
2021-08-28 05:53:36,956 [EndpointStateMachine task thread for /0.0.0.0:43701 - 0 ] INFO  ipc.Client (Client.java:handleConnectionFailure(977)) - Retrying connect to server: 0.0.0.0/0.0.0.0:43701. Already tried 6 time(s); retry policy is RetryUpToMaximumCountWithFixedSleep(maxRetries=15, sleepTime=1000 MILLISECONDS)
2021-08-28 05:53:37,055 [Listener at 127.0.0.1/11536] INFO  ozone.MiniOzoneClusterImpl (MiniOzoneClusterImpl.java:lambda$waitForClusterToBeReady$0(235)) - Nodes are ready. Got 3 of 3 DN Heartbeats.
2021-08-28 05:53:37,055 [Listener at 127.0.0.1/11536] INFO  ozone.MiniOzoneClusterImpl (MiniOzoneClusterImpl.java:lambda$waitForClusterToBeReady$0(238)) - Waiting for cluster to exit safe mode
2021-08-28 05:53:37,055 [Listener at 127.0.0.1/11536] INFO  ozone.MiniOzoneClusterImpl (MiniOzoneClusterImpl.java:lambda$waitForClusterToBeReady$0(240)) - SCM became leader
2021-08-28 05:53:37,335 [EndpointStateMachine task thread for /0.0.0.0:36115 - 0 ] INFO  ipc.Client (Client.java:handleConnectionFailure(977)) - Retrying connect to server: 0.0.0.0/0.0.0.0:36115. Already tried 2 time(s); retry policy is RetryUpToMaximumCountWithFixedSleep(maxRetries=15, sleepTime=1000 MILLISECONDS)
2021-08-28 05:53:37,957 [EndpointStateMachine task thread for /0.0.0.0:43701 - 0 ] INFO  ipc.Client (Client.java:handleConnectionFailure(977)) - Retrying connect to server: 0.0.0.0/0.0.0.0:43701. Already tried 7 time(s); retry policy is RetryUpToMaximumCountWithFixedSleep(maxRetries=15, sleepTime=1000 MILLISECONDS)
2021-08-28 05:53:38,055 [Listener at 127.0.0.1/11536] INFO  ozone.MiniOzoneClusterImpl (MiniOzoneClusterImpl.java:lambda$waitForClusterToBeReady$0(235)) - Nodes are ready. Got 3 of 3 DN Heartbeats.
2021-08-28 05:53:38,056 [Listener at 127.0.0.1/11536] INFO  ozone.MiniOzoneClusterImpl (MiniOzoneClusterImpl.java:lambda$waitForClusterToBeReady$0(238)) - Waiting for cluster to exit safe mode
2021-08-28 05:53:38,056 [Listener at 127.0.0.1/11536] INFO  ozone.MiniOzoneClusterImpl (MiniOzoneClusterImpl.java:lambda$waitForClusterToBeReady$0(240)) - SCM became leader
2021-08-28 05:53:38,335 [EndpointStateMachine task thread for /0.0.0.0:36115 - 0 ] INFO  ipc.Client (Client.java:handleConnectionFailure(977)) - Retrying connect to server: 0.0.0.0/0.0.0.0:36115. Already tried 3 time(s); retry policy is RetryUpToMaximumCountWithFixedSleep(maxRetries=15, sleepTime=1000 MILLISECONDS)
2021-08-28 05:53:38,958 [EndpointStateMachine task thread for /0.0.0.0:43701 - 0 ] INFO  ipc.Client (Client.java:handleConnectionFailure(977)) - Retrying connect to server: 0.0.0.0/0.0.0.0:43701. Already tried 8 time(s); retry policy is RetryUpToMaximumCountWithFixedSleep(maxRetries=15, sleepTime=1000 MILLISECONDS)
2021-08-28 05:53:39,056 [Listener at 127.0.0.1/11536] INFO  ozone.MiniOzoneClusterImpl (MiniOzoneClusterImpl.java:lambda$waitForClusterToBeReady$0(235)) - Nodes are ready. Got 3 of 3 DN Heartbeats.
2021-08-28 05:53:39,056 [Listener at 127.0.0.1/11536] INFO  ozone.MiniOzoneClusterImpl (MiniOzoneClusterImpl.java:lambda$waitForClusterToBeReady$0(238)) - Waiting for cluster to exit safe mode
2021-08-28 05:53:39,056 [Listener at 127.0.0.1/11536] INFO  ozone.MiniOzoneClusterImpl (MiniOzoneClusterImpl.java:lambda$waitForClusterToBeReady$0(240)) - SCM became leader
2021-08-28 05:53:39,336 [EndpointStateMachine task thread for /0.0.0.0:36115 - 0 ] INFO  ipc.Client (Client.java:handleConnectionFailure(977)) - Retrying connect to server: 0.0.0.0/0.0.0.0:36115. Already tried 4 time(s); retry policy is RetryUpToMaximumCountWithFixedSleep(maxRetries=15, sleepTime=1000 MILLISECONDS)
2021-08-28 05:53:39,834 [3d8f492e-e4fc-40a7-8280-263d1b336f05@group-1FC076CF3320-FollowerState] INFO  impl.FollowerState (FollowerState.java:run(134)) - 3d8f492e-e4fc-40a7-8280-263d1b336f05@group-1FC076CF3320-FollowerState: change to CANDIDATE, lastRpcElapsedTime:5151984887ns, electionTimeout:5124ms
2021-08-28 05:53:39,834 [3d8f492e-e4fc-40a7-8280-263d1b336f05@group-1FC076CF3320-FollowerState] INFO  impl.RoleInfo (RoleInfo.java:shutdownFollowerState(108)) - 3d8f492e-e4fc-40a7-8280-263d1b336f05: shutdown 3d8f492e-e4fc-40a7-8280-263d1b336f05@group-1FC076CF3320-FollowerState
2021-08-28 05:53:39,834 [3d8f492e-e4fc-40a7-8280-263d1b336f05@group-1FC076CF3320-FollowerState] INFO  server.RaftServer$Division (RaftServerImpl.java:setRole(285)) - 3d8f492e-e4fc-40a7-8280-263d1b336f05@group-1FC076CF3320: changes role from  FOLLOWER to CANDIDATE at term 1 for changeToCandidate
2021-08-28 05:53:39,834 [3d8f492e-e4fc-40a7-8280-263d1b336f05@group-1FC076CF3320-FollowerState] INFO  server.RaftServerConfigKeys (ConfUtils.java:logGet(44)) - raft.server.leaderelection.pre-vote = false (custom)
2021-08-28 05:53:39,834 [3d8f492e-e4fc-40a7-8280-263d1b336f05@group-1FC076CF3320-FollowerState] INFO  impl.RoleInfo (RoleInfo.java:updateAndGet(130)) - 3d8f492e-e4fc-40a7-8280-263d1b336f05: start 3d8f492e-e4fc-40a7-8280-263d1b336f05@group-1FC076CF3320-LeaderElection47
2021-08-28 05:53:39,876 [3d8f492e-e4fc-40a7-8280-263d1b336f05@group-1FC076CF3320-LeaderElection47] INFO  impl.LeaderElection (LeaderElection.java:askForVotes(306)) - 3d8f492e-e4fc-40a7-8280-263d1b336f05@group-1FC076CF3320-LeaderElection47 ELECTION round 0: submit vote requests at term 2 for -1: [3d8f492e-e4fc-40a7-8280-263d1b336f05|rpc:10.1.0.40:33843|dataStream:|priority:1, 130b495e-4981-4bfb-aed1-18e9f65aa3b8|rpc:10.1.0.40:34925|dataStream:|priority:0, 176ebb76-54ef-4fc7-b036-d3478a12c0d9|rpc:10.1.0.40:36625|dataStream:|priority:0], old=null
2021-08-28 05:53:39,886 [130b495e-4981-4bfb-aed1-18e9f65aa3b8@group-1FC076CF3320-FollowerState] INFO  impl.FollowerState (FollowerState.java:run(134)) - 130b495e-4981-4bfb-aed1-18e9f65aa3b8@group-1FC076CF3320-FollowerState: change to CANDIDATE, lastRpcElapsedTime:5197149564ns, electionTimeout:5196ms
2021-08-28 05:53:39,886 [130b495e-4981-4bfb-aed1-18e9f65aa3b8@group-1FC076CF3320-FollowerState] INFO  impl.RoleInfo (RoleInfo.java:shutdownFollowerState(108)) - 130b495e-4981-4bfb-aed1-18e9f65aa3b8: shutdown 130b495e-4981-4bfb-aed1-18e9f65aa3b8@group-1FC076CF3320-FollowerState
2021-08-28 05:53:39,886 [130b495e-4981-4bfb-aed1-18e9f65aa3b8@group-1FC076CF3320-FollowerState] INFO  server.RaftServer$Division (RaftServerImpl.java:setRole(285)) - 130b495e-4981-4bfb-aed1-18e9f65aa3b8@group-1FC076CF3320: changes role from  FOLLOWER to CANDIDATE at term 1 for changeToCandidate
2021-08-28 05:53:39,895 [130b495e-4981-4bfb-aed1-18e9f65aa3b8@group-1FC076CF3320-FollowerState] INFO  server.RaftServerConfigKeys (ConfUtils.java:logGet(44)) - raft.server.leaderelection.pre-vote = false (custom)
2021-08-28 05:53:39,895 [130b495e-4981-4bfb-aed1-18e9f65aa3b8@group-1FC076CF3320-FollowerState] INFO  impl.RoleInfo (RoleInfo.java:updateAndGet(130)) - 130b495e-4981-4bfb-aed1-18e9f65aa3b8: start 130b495e-4981-4bfb-aed1-18e9f65aa3b8@group-1FC076CF3320-LeaderElection48
2021-08-28 05:53:39,909 [176ebb76-54ef-4fc7-b036-d3478a12c0d9@group-1FC076CF3320-FollowerState] INFO  impl.FollowerState (FollowerState.java:run(134)) - 176ebb76-54ef-4fc7-b036-d3478a12c0d9@group-1FC076CF3320-FollowerState: change to CANDIDATE, lastRpcElapsedTime:5180639800ns, electionTimeout:5174ms
2021-08-28 05:53:39,909 [176ebb76-54ef-4fc7-b036-d3478a12c0d9@group-1FC076CF3320-FollowerState] INFO  impl.RoleInfo (RoleInfo.java:shutdownFollowerState(108)) - 176ebb76-54ef-4fc7-b036-d3478a12c0d9: shutdown 176ebb76-54ef-4fc7-b036-d3478a12c0d9@group-1FC076CF3320-FollowerState
2021-08-28 05:53:39,909 [176ebb76-54ef-4fc7-b036-d3478a12c0d9@group-1FC076CF3320-FollowerState] INFO  server.RaftServer$Division (RaftServerImpl.java:setRole(285)) - 176ebb76-54ef-4fc7-b036-d3478a12c0d9@group-1FC076CF3320: changes role from  FOLLOWER to CANDIDATE at term 1 for changeToCandidate
2021-08-28 05:53:39,909 [176ebb76-54ef-4fc7-b036-d3478a12c0d9@group-1FC076CF3320-FollowerState] INFO  server.RaftServerConfigKeys (ConfUtils.java:logGet(44)) - raft.server.leaderelection.pre-vote = false (custom)
2021-08-28 05:53:39,909 [176ebb76-54ef-4fc7-b036-d3478a12c0d9@group-1FC076CF3320-FollowerState] INFO  impl.RoleInfo (RoleInfo.java:updateAndGet(130)) - 176ebb76-54ef-4fc7-b036-d3478a12c0d9: start 176ebb76-54ef-4fc7-b036-d3478a12c0d9@group-1FC076CF3320-LeaderElection49
2021-08-28 05:53:39,915 [grpc-default-executor-5] INFO  server.RaftServer$Division (RaftServerImpl.java:requestVote(1043)) - 130b495e-4981-4bfb-aed1-18e9f65aa3b8@group-1FC076CF3320: receive requestVote(ELECTION, 3d8f492e-e4fc-40a7-8280-263d1b336f05, group-1FC076CF3320, 2, (t:0, i:0))
2021-08-28 05:53:39,915 [grpc-default-executor-5] INFO  impl.VoteContext (VoteContext.java:log(48)) - 130b495e-4981-4bfb-aed1-18e9f65aa3b8@group-1FC076CF3320-CANDIDATE: accept ELECTION from 3d8f492e-e4fc-40a7-8280-263d1b336f05: our priority 0 <= candidate's priority 1
2021-08-28 05:53:39,915 [grpc-default-executor-5] INFO  server.RaftServer$Division (RaftServerImpl.java:setRole(285)) - 130b495e-4981-4bfb-aed1-18e9f65aa3b8@group-1FC076CF3320: changes role from CANDIDATE to FOLLOWER at term 2 for candidate:3d8f492e-e4fc-40a7-8280-263d1b336f05
2021-08-28 05:53:39,915 [grpc-default-executor-5] INFO  impl.RoleInfo (RoleInfo.java:shutdownLeaderElection(121)) - 130b495e-4981-4bfb-aed1-18e9f65aa3b8: shutdown 130b495e-4981-4bfb-aed1-18e9f65aa3b8@group-1FC076CF3320-LeaderElection48
2021-08-28 05:53:39,915 [grpc-default-executor-5] INFO  impl.RoleInfo (RoleInfo.java:updateAndGet(130)) - 130b495e-4981-4bfb-aed1-18e9f65aa3b8: start 130b495e-4981-4bfb-aed1-18e9f65aa3b8@group-1FC076CF3320-FollowerState
2021-08-28 05:53:39,930 [grpc-default-executor-5] INFO  server.RaftServer$Division (RaftServerImpl.java:requestVote(1075)) - 130b495e-4981-4bfb-aed1-18e9f65aa3b8@group-1FC076CF3320 replies to ELECTION vote request: 3d8f492e-e4fc-40a7-8280-263d1b336f05<-130b495e-4981-4bfb-aed1-18e9f65aa3b8#0:OK-t2. Peer's state: 130b495e-4981-4bfb-aed1-18e9f65aa3b8@group-1FC076CF3320:t2, leader=null, voted=3d8f492e-e4fc-40a7-8280-263d1b336f05, raftlog=130b495e-4981-4bfb-aed1-18e9f65aa3b8@group-1FC076CF3320-SegmentedRaftLog:OPENED:c-1,f-1,i0, conf=-1: [3d8f492e-e4fc-40a7-8280-263d1b336f05|rpc:10.1.0.40:33843|priority:1, 130b495e-4981-4bfb-aed1-18e9f65aa3b8|rpc:10.1.0.40:34925|priority:0, 176ebb76-54ef-4fc7-b036-d3478a12c0d9|rpc:10.1.0.40:36625|priority:0], old=null
2021-08-28 05:53:39,942 [130b495e-4981-4bfb-aed1-18e9f65aa3b8@group-1FC076CF3320-LeaderElection48] INFO  impl.LeaderElection (LeaderElection.java:run(230)) - 130b495e-4981-4bfb-aed1-18e9f65aa3b8@group-1FC076CF3320-LeaderElection48: skip running since this is already CLOSING
2021-08-28 05:53:39,945 [3d8f492e-e4fc-40a7-8280-263d1b336f05@group-1FC076CF3320-LeaderElection47] INFO  impl.LeaderElection (LeaderElection.java:logAndReturn(89)) - 3d8f492e-e4fc-40a7-8280-263d1b336f05@group-1FC076CF3320-LeaderElection47: ELECTION PASSED received 1 response(s) and 0 exception(s):
2021-08-28 05:53:39,945 [3d8f492e-e4fc-40a7-8280-263d1b336f05@group-1FC076CF3320-LeaderElection47] INFO  impl.LeaderElection (LeaderElection.java:logAndReturn(93)) -   Response 0: 3d8f492e-e4fc-40a7-8280-263d1b336f05<-130b495e-4981-4bfb-aed1-18e9f65aa3b8#0:OK-t2
2021-08-28 05:53:39,945 [3d8f492e-e4fc-40a7-8280-263d1b336f05@group-1FC076CF3320-LeaderElection47] INFO  impl.LeaderElection (LeaderElection.java:askForVotes(308)) - 3d8f492e-e4fc-40a7-8280-263d1b336f05@group-1FC076CF3320-LeaderElection47 ELECTION round 0: result PASSED
2021-08-28 05:53:39,945 [3d8f492e-e4fc-40a7-8280-263d1b336f05@group-1FC076CF3320-LeaderElection47] INFO  impl.RoleInfo (RoleInfo.java:shutdownLeaderElection(121)) - 3d8f492e-e4fc-40a7-8280-263d1b336f05: shutdown 3d8f492e-e4fc-40a7-8280-263d1b336f05@group-1FC076CF3320-LeaderElection47
2021-08-28 05:53:39,945 [3d8f492e-e4fc-40a7-8280-263d1b336f05@group-1FC076CF3320-LeaderElection47] INFO  server.RaftServer$Division (RaftServerImpl.java:setRole(285)) - 3d8f492e-e4fc-40a7-8280-263d1b336f05@group-1FC076CF3320: changes role from CANDIDATE to LEADER at term 2 for changeToLeader
2021-08-28 05:53:39,945 [3d8f492e-e4fc-40a7-8280-263d1b336f05@group-1FC076CF3320-LeaderElection47] INFO  ratis.XceiverServerRatis (XceiverServerRatis.java:handleLeaderChangedNotification(861)) - Leader change notification received for group: group-1FC076CF3320 with new leaderId: 3d8f492e-e4fc-40a7-8280-263d1b336f05
2021-08-28 05:53:39,945 [3d8f492e-e4fc-40a7-8280-263d1b336f05@group-1FC076CF3320-LeaderElection47] INFO  server.RaftServer$Division (ServerState.java:setLeader(285)) - 3d8f492e-e4fc-40a7-8280-263d1b336f05@group-1FC076CF3320: change Leader from null to 3d8f492e-e4fc-40a7-8280-263d1b336f05 at term 2 for becomeLeader, leader elected after 10239ms
2021-08-28 05:53:39,945 [3d8f492e-e4fc-40a7-8280-263d1b336f05@group-1FC076CF3320-LeaderElection47] INFO  server.RaftServerConfigKeys (ConfUtils.java:logGet(44)) - raft.server.staging.catchup.gap = 1000 (default)
2021-08-28 05:53:39,946 [3d8f492e-e4fc-40a7-8280-263d1b336f05@group-1FC076CF3320-LeaderElection47] INFO  server.RaftServerConfigKeys (ConfUtils.java:logGet(44)) - raft.server.write.element-limit = 1024 (custom)
2021-08-28 05:53:39,946 [3d8f492e-e4fc-40a7-8280-263d1b336f05@group-1FC076CF3320-LeaderElection47] INFO  server.RaftServerConfigKeys (ConfUtils.java:logGet(44)) - raft.server.write.byte-limit = 1024 M (=1073741824) (custom)
2021-08-28 05:53:39,946 [3d8f492e-e4fc-40a7-8280-263d1b336f05@group-1FC076CF3320-LeaderElection47] INFO  server.RaftServerConfigKeys (ConfUtils.java:logGet(44)) - raft.server.watch.timeout = 180s (custom)
2021-08-28 05:53:39,946 [3d8f492e-e4fc-40a7-8280-263d1b336f05@group-1FC076CF3320-LeaderElection47] INFO  server.RaftServerConfigKeys (ConfUtils.java:logGet(44)) - raft.server.watch.timeout.denomination = 1s (default)
2021-08-28 05:53:39,946 [3d8f492e-e4fc-40a7-8280-263d1b336f05@group-1FC076CF3320-LeaderElection47] INFO  server.RaftServerConfigKeys (ConfUtils.java:logGet(44)) - raft.server.watch.element-limit = 65536 (default)
2021-08-28 05:53:39,946 [3d8f492e-e4fc-40a7-8280-263d1b336f05@group-1FC076CF3320-LeaderElection47] INFO  server.RaftServerConfigKeys (ConfUtils.java:logGet(44)) - raft.server.log.appender.snapshot.chunk.size.max = 16MB (=16777216) (default)
2021-08-28 05:53:39,946 [3d8f492e-e4fc-40a7-8280-263d1b336f05@group-1FC076CF3320-LeaderElection47] INFO  server.RaftServerConfigKeys (ConfUtils.java:logGet(44)) - raft.server.log.appender.buffer.byte-limit = 33554432 (custom)
2021-08-28 05:53:39,947 [3d8f492e-e4fc-40a7-8280-263d1b336f05@group-1FC076CF3320-LeaderElection47] INFO  server.RaftServerConfigKeys (ConfUtils.java:logGet(44)) - raft.server.log.appender.buffer.element-limit = 1 (custom)
2021-08-28 05:53:39,947 [3d8f492e-e4fc-40a7-8280-263d1b336f05@group-1FC076CF3320-LeaderElection47] INFO  grpc.GrpcConfigKeys (ConfUtils.java:logGet(44)) - raft.grpc.server.leader.outstanding.appends.max = 128 (default)
2021-08-28 05:53:39,947 [3d8f492e-e4fc-40a7-8280-263d1b336f05@group-1FC076CF3320-LeaderElection47] INFO  server.RaftServerConfigKeys (ConfUtils.java:logGet(44)) - raft.server.rpc.request.timeout = 60s (custom)
2021-08-28 05:53:39,947 [3d8f492e-e4fc-40a7-8280-263d1b336f05@group-1FC076CF3320-LeaderElection47] INFO  server.RaftServerConfigKeys (ConfUtils.java:logGet(44)) - raft.server.log.appender.install.snapshot.enabled = false (custom)
2021-08-28 05:53:39,948 [3d8f492e-e4fc-40a7-8280-263d1b336f05@group-1FC076CF3320-LeaderElection47] INFO  server.RaftServerConfigKeys (ConfUtils.java:logGet(44)) - raft.server.log.appender.snapshot.chunk.size.max = 16MB (=16777216) (default)
2021-08-28 05:53:39,958 [EndpointStateMachine task thread for /0.0.0.0:43701 - 0 ] INFO  ipc.Client (Client.java:handleConnectionFailure(977)) - Retrying connect to server: 0.0.0.0/0.0.0.0:43701. Already tried 9 time(s); retry policy is RetryUpToMaximumCountWithFixedSleep(maxRetries=15, sleepTime=1000 MILLISECONDS)
2021-08-28 05:53:39,953 [grpc-default-executor-5] INFO  server.RaftServer$Division (RaftServerImpl.java:requestVote(1043)) - 176ebb76-54ef-4fc7-b036-d3478a12c0d9@group-1FC076CF3320: receive requestVote(ELECTION, 3d8f492e-e4fc-40a7-8280-263d1b336f05, group-1FC076CF3320, 2, (t:0, i:0))
2021-08-28 05:53:39,959 [grpc-default-executor-5] INFO  impl.VoteContext (VoteContext.java:log(48)) - 176ebb76-54ef-4fc7-b036-d3478a12c0d9@group-1FC076CF3320-CANDIDATE: reject ELECTION from 3d8f492e-e4fc-40a7-8280-263d1b336f05: already has voted for 176ebb76-54ef-4fc7-b036-d3478a12c0d9 at current term 2
2021-08-28 05:53:39,960 [grpc-default-executor-5] INFO  server.RaftServer$Division (RaftServerImpl.java:requestVote(1075)) - 176ebb76-54ef-4fc7-b036-d3478a12c0d9@group-1FC076CF3320 replies to ELECTION vote request: 3d8f492e-e4fc-40a7-8280-263d1b336f05<-176ebb76-54ef-4fc7-b036-d3478a12c0d9#0:FAIL-t2. Peer's state: 176ebb76-54ef-4fc7-b036-d3478a12c0d9@group-1FC076CF3320:t2, leader=null, voted=176ebb76-54ef-4fc7-b036-d3478a12c0d9, raftlog=176ebb76-54ef-4fc7-b036-d3478a12c0d9@group-1FC076CF3320-SegmentedRaftLog:OPENED:c-1,f-1,i0, conf=-1: [3d8f492e-e4fc-40a7-8280-263d1b336f05|rpc:10.1.0.40:33843|dataStream:|priority:1, 130b495e-4981-4bfb-aed1-18e9f65aa3b8|rpc:10.1.0.40:34925|dataStream:|priority:0, 176ebb76-54ef-4fc7-b036-d3478a12c0d9|rpc:10.1.0.40:36625|dataStream:|priority:0], old=null
2021-08-28 05:53:39,952 [EventQueue-PipelineReportForPipelineReportHandler] INFO  pipeline.PipelineManagerImpl (PipelineManagerImpl.java:openPipeline(282)) - Pipeline Pipeline[ Id: 4b705484-880c-4916-8338-1fc076cf3320, Nodes: 3d8f492e-e4fc-40a7-8280-263d1b336f05{ip: 10.1.0.40, host: fv-az50-59.grzltbmokehuzjyc5b133kdqgh.cx.internal.cloudapp.net, ports: [REPLICATION=40001, RATIS=33843, RATIS_ADMIN=33843, RATIS_SERVER=33843, STANDALONE=45923], networkLocation: /default-rack, certSerialId: null, persistedOpState: IN_SERVICE, persistedOpStateExpiryEpochSec: 0}130b495e-4981-4bfb-aed1-18e9f65aa3b8{ip: 10.1.0.40, host: fv-az50-59.grzltbmokehuzjyc5b133kdqgh.cx.internal.cloudapp.net, ports: [REPLICATION=44669, RATIS=34925, RATIS_ADMIN=34925, RATIS_SERVER=34925, STANDALONE=45253], networkLocation: /default-rack, certSerialId: null, persistedOpState: IN_SERVICE, persistedOpStateExpiryEpochSec: 0}176ebb76-54ef-4fc7-b036-d3478a12c0d9{ip: 10.1.0.40, host: fv-az50-59.grzltbmokehuzjyc5b133kdqgh.cx.internal.cloudapp.net, ports: [REPLICATION=39107, RATIS=36625, RATIS_ADMIN=36625, RATIS_SERVER=36625, STANDALONE=45715], networkLocation: /default-rack, certSerialId: null, persistedOpState: IN_SERVICE, persistedOpStateExpiryEpochSec: 0}, ReplicationConfig: RATIS/THREE, State:ALLOCATED, leaderId:3d8f492e-e4fc-40a7-8280-263d1b336f05, CreationTimestamp2021-08-28T05:53:27.088Z[Etc/UTC]] moved to OPEN state
2021-08-28 05:53:39,961 [EventQueue-OpenPipelineForHealthyPipelineSafeModeRule] INFO  safemode.SCMSafeModeManager (HealthyPipelineSafeModeRule.java:process(124)) - SCM in safe mode. Healthy pipelines reported count is 1, required healthy pipeline reported count is 1
2021-08-28 05:53:39,961 [EventQueue-OpenPipelineForHealthyPipelineSafeModeRule] INFO  safemode.SCMSafeModeManager (SCMSafeModeManager.java:validateSafeModeExitRules(204)) - HealthyPipelineSafeModeRule rule is successfully validated
2021-08-28 05:53:39,961 [EventQueue-OpenPipelineForHealthyPipelineSafeModeRule] INFO  safemode.SCMSafeModeManager (SCMSafeModeManager.java:validateSafeModeExitRules(219)) - ScmSafeModeManager, all rules are successfully validated
2021-08-28 05:53:39,961 [EventQueue-OpenPipelineForHealthyPipelineSafeModeRule] INFO  safemode.SCMSafeModeManager (SCMSafeModeManager.java:exitSafeMode(248)) - SCM exiting safe mode.
2021-08-28 05:53:39,961 [EventQueue-OpenPipelineForHealthyPipelineSafeModeRule] WARN  events.EventQueue (EventQueue.java:fireEvent(194)) - No event handler registered for event TypedEvent{payloadType=SafeModeStatus, name='Safe mode status'}
2021-08-28 05:53:39,961 [EventQueue-OpenPipelineForHealthyPipelineSafeModeRule] INFO  ha.SCMContext (SCMContext.java:updateSafeModeStatus(205)) - Update SafeModeStatus from SafeModeStatus{safeModeStatus=true, preCheckPassed=true} to SafeModeStatus{safeModeStatus=false, preCheckPassed=true}.
2021-08-28 05:53:39,961 [EventQueue-OpenPipelineForHealthyPipelineSafeModeRule] INFO  pipeline.BackgroundPipelineCreator (BackgroundPipelineCreatorV2.java:notifyStatusChanged(264)) - Service BackgroundPipelineCreator transitions to RUNNING.
2021-08-28 05:53:39,961 [EventQueue-OpenPipelineForHealthyPipelineSafeModeRule] INFO  container.ReplicationManager (ReplicationManager.java:notifyStatusChanged(1722)) - Service ReplicationManager transitions to RUNNING.
2021-08-28 05:53:39,948 [Datanode State Machine Thread - 0] WARN  statemachine.StateContext (StateContext.java:execute(621)) - No available thread in pool for past 1 seconds.
2021-08-28 05:53:39,949 [176ebb76-54ef-4fc7-b036-d3478a12c0d9@group-1FC076CF3320-LeaderElection49] INFO  impl.LeaderElection (LeaderElection.java:askForVotes(306)) - 176ebb76-54ef-4fc7-b036-d3478a12c0d9@group-1FC076CF3320-LeaderElection49 ELECTION round 0: submit vote requests at term 2 for -1: [3d8f492e-e4fc-40a7-8280-263d1b336f05|rpc:10.1.0.40:33843|dataStream:|priority:1, 130b495e-4981-4bfb-aed1-18e9f65aa3b8|rpc:10.1.0.40:34925|dataStream:|priority:0, 176ebb76-54ef-4fc7-b036-d3478a12c0d9|rpc:10.1.0.40:36625|dataStream:|priority:0], old=null
2021-08-28 05:53:39,959 [3d8f492e-e4fc-40a7-8280-263d1b336f05@group-1FC076CF3320-LeaderElection47] INFO  server.RaftServerConfigKeys (ConfUtils.java:logGet(44)) - raft.server.log.appender.buffer.byte-limit = 33554432 (custom)
2021-08-28 05:53:39,967 [3d8f492e-e4fc-40a7-8280-263d1b336f05@group-1FC076CF3320-LeaderElection47] INFO  server.RaftServerConfigKeys (ConfUtils.java:logGet(44)) - raft.server.log.appender.buffer.element-limit = 1 (custom)
2021-08-28 05:53:39,981 [grpc-default-executor-5] INFO  server.RaftServer$Division (RaftServerImpl.java:requestVote(1043)) - 3d8f492e-e4fc-40a7-8280-263d1b336f05@group-1FC076CF3320: receive requestVote(ELECTION, 176ebb76-54ef-4fc7-b036-d3478a12c0d9, group-1FC076CF3320, 2, (t:0, i:0))
2021-08-28 05:53:39,983 [3d8f492e-e4fc-40a7-8280-263d1b336f05@group-1FC076CF3320-LeaderElection47] INFO  grpc.GrpcConfigKeys (ConfUtils.java:logGet(44)) - raft.grpc.server.leader.outstanding.appends.max = 128 (default)
2021-08-28 05:53:39,983 [3d8f492e-e4fc-40a7-8280-263d1b336f05@group-1FC076CF3320-LeaderElection47] INFO  server.RaftServerConfigKeys (ConfUtils.java:logGet(44)) - raft.server.rpc.request.timeout = 60s (custom)
2021-08-28 05:53:39,983 [3d8f492e-e4fc-40a7-8280-263d1b336f05@group-1FC076CF3320-LeaderElection47] INFO  server.RaftServerConfigKeys (ConfUtils.java:logGet(44)) - raft.server.log.appender.install.snapshot.enabled = false (custom)
2021-08-28 05:53:39,984 [3d8f492e-e4fc-40a7-8280-263d1b336f05@group-1FC076CF3320-LeaderElection47] INFO  impl.RoleInfo (RoleInfo.java:updateAndGet(130)) - 3d8f492e-e4fc-40a7-8280-263d1b336f05: start 3d8f492e-e4fc-40a7-8280-263d1b336f05@group-1FC076CF3320-LeaderStateImpl
2021-08-28 05:53:39,984 [3d8f492e-e4fc-40a7-8280-263d1b336f05@group-1FC076CF3320-LeaderElection47] INFO  segmented.SegmentedRaftLogWorker (SegmentedRaftLogWorker.java:startLogSegment(394)) - 3d8f492e-e4fc-40a7-8280-263d1b336f05@group-1FC076CF3320-SegmentedRaftLogWorker: Starting segment from index:0
2021-08-28 05:53:39,986 [3d8f492e-e4fc-40a7-8280-263d1b336f05@group-1FC076CF3320-SegmentedRaftLogWorker] INFO  segmented.SegmentedRaftLogWorker (SegmentedRaftLogWorker.java:execute(601)) - 3d8f492e-e4fc-40a7-8280-263d1b336f05@group-1FC076CF3320-SegmentedRaftLogWorker: created new log segment /home/runner/work/ozone/ozone/hadoop-ozone/integration-test/target/test-dir/MiniOzoneClusterImpl-4114dceb-4d54-4a06-811c-48a2541ee5b4/datanode-2/data/ratis/4b705484-880c-4916-8338-1fc076cf3320/current/log_inprogress_0
2021-08-28 05:53:39,987 [grpc-default-executor-3] INFO  server.RaftServer$Division (RaftServerImpl.java:requestVote(1043)) - 130b495e-4981-4bfb-aed1-18e9f65aa3b8@group-1FC076CF3320: receive requestVote(ELECTION, 176ebb76-54ef-4fc7-b036-d3478a12c0d9, group-1FC076CF3320, 2, (t:0, i:0))
2021-08-28 05:53:39,987 [grpc-default-executor-3] INFO  impl.VoteContext (VoteContext.java:log(48)) - 130b495e-4981-4bfb-aed1-18e9f65aa3b8@group-1FC076CF3320-FOLLOWER: reject ELECTION from 176ebb76-54ef-4fc7-b036-d3478a12c0d9: already has voted for 3d8f492e-e4fc-40a7-8280-263d1b336f05 at current term 2
2021-08-28 05:53:39,987 [grpc-default-executor-3] INFO  server.RaftServer$Division (RaftServerImpl.java:requestVote(1075)) - 130b495e-4981-4bfb-aed1-18e9f65aa3b8@group-1FC076CF3320 replies to ELECTION vote request: 176ebb76-54ef-4fc7-b036-d3478a12c0d9<-130b495e-4981-4bfb-aed1-18e9f65aa3b8#0:FAIL-t2. Peer's state: 130b495e-4981-4bfb-aed1-18e9f65aa3b8@group-1FC076CF3320:t2, leader=null, voted=3d8f492e-e4fc-40a7-8280-263d1b336f05, raftlog=130b495e-4981-4bfb-aed1-18e9f65aa3b8@group-1FC076CF3320-SegmentedRaftLog:OPENED:c-1,f-1,i0, conf=-1: [3d8f492e-e4fc-40a7-8280-263d1b336f05|rpc:10.1.0.40:33843|priority:1, 130b495e-4981-4bfb-aed1-18e9f65aa3b8|rpc:10.1.0.40:34925|priority:0, 176ebb76-54ef-4fc7-b036-d3478a12c0d9|rpc:10.1.0.40:36625|priority:0], old=null
2021-08-28 05:53:39,998 [3d8f492e-e4fc-40a7-8280-263d1b336f05@group-1FC076CF3320-LeaderElection47] INFO  server.RaftServer$Division (ServerState.java:setRaftConf(387)) - 3d8f492e-e4fc-40a7-8280-263d1b336f05@group-1FC076CF3320: set configuration 0: [3d8f492e-e4fc-40a7-8280-263d1b336f05|rpc:10.1.0.40:33843|dataStream:|priority:1, 130b495e-4981-4bfb-aed1-18e9f65aa3b8|rpc:10.1.0.40:34925|dataStream:|priority:0, 176ebb76-54ef-4fc7-b036-d3478a12c0d9|rpc:10.1.0.40:36625|dataStream:|priority:0], old=null
2021-08-28 05:53:39,999 [grpc-default-executor-5] INFO  impl.VoteContext (VoteContext.java:log(48)) - 3d8f492e-e4fc-40a7-8280-263d1b336f05@group-1FC076CF3320-LEADER: reject ELECTION from 176ebb76-54ef-4fc7-b036-d3478a12c0d9: already has voted for 3d8f492e-e4fc-40a7-8280-263d1b336f05 at current term 2
2021-08-28 05:53:39,999 [grpc-default-executor-5] INFO  server.RaftServer$Division (RaftServerImpl.java:requestVote(1075)) - 3d8f492e-e4fc-40a7-8280-263d1b336f05@group-1FC076CF3320 replies to ELECTION vote request: 176ebb76-54ef-4fc7-b036-d3478a12c0d9<-3d8f492e-e4fc-40a7-8280-263d1b336f05#0:FAIL-t2. Peer's state: 3d8f492e-e4fc-40a7-8280-263d1b336f05@group-1FC076CF3320:t2, leader=3d8f492e-e4fc-40a7-8280-263d1b336f05, voted=3d8f492e-e4fc-40a7-8280-263d1b336f05, raftlog=3d8f492e-e4fc-40a7-8280-263d1b336f05@group-1FC076CF3320-SegmentedRaftLog:OPENED:c-1,f0,i0, conf=0: [3d8f492e-e4fc-40a7-8280-263d1b336f05|rpc:10.1.0.40:33843|dataStream:|priority:1, 130b495e-4981-4bfb-aed1-18e9f65aa3b8|rpc:10.1.0.40:34925|dataStream:|priority:0, 176ebb76-54ef-4fc7-b036-d3478a12c0d9|rpc:10.1.0.40:36625|dataStream:|priority:0], old=null
2021-08-28 05:53:39,999 [176ebb76-54ef-4fc7-b036-d3478a12c0d9@group-1FC076CF3320-LeaderElection49] INFO  impl.LeaderElection (LeaderElection.java:logAndReturn(89)) - 176ebb76-54ef-4fc7-b036-d3478a12c0d9@group-1FC076CF3320-LeaderElection49: ELECTION REJECTED received 2 response(s) and 0 exception(s):
2021-08-28 05:53:39,999 [176ebb76-54ef-4fc7-b036-d3478a12c0d9@group-1FC076CF3320-LeaderElection49] INFO  impl.LeaderElection (LeaderElection.java:logAndReturn(93)) -   Response 0: 176ebb76-54ef-4fc7-b036-d3478a12c0d9<-3d8f492e-e4fc-40a7-8280-263d1b336f05#0:FAIL-t2
2021-08-28 05:53:39,999 [176ebb76-54ef-4fc7-b036-d3478a12c0d9@group-1FC076CF3320-LeaderElection49] INFO  impl.LeaderElection (LeaderElection.java:logAndReturn(93)) -   Response 1: 176ebb76-54ef-4fc7-b036-d3478a12c0d9<-130b495e-4981-4bfb-aed1-18e9f65aa3b8#0:FAIL-t2
2021-08-28 05:53:39,999 [176ebb76-54ef-4fc7-b036-d3478a12c0d9@group-1FC076CF3320-LeaderElection49] INFO  impl.LeaderElection (LeaderElection.java:askForVotes(308)) - 176ebb76-54ef-4fc7-b036-d3478a12c0d9@group-1FC076CF3320-LeaderElection49 ELECTION round 0: result REJECTED
2021-08-28 05:53:39,999 [176ebb76-54ef-4fc7-b036-d3478a12c0d9@group-1FC076CF3320-LeaderElection49] INFO  server.RaftServer$Division (RaftServerImpl.java:setRole(285)) - 176ebb76-54ef-4fc7-b036-d3478a12c0d9@group-1FC076CF3320: changes role from CANDIDATE to FOLLOWER at term 2 for REJECTED
2021-08-28 05:53:40,000 [176ebb76-54ef-4fc7-b036-d3478a12c0d9@group-1FC076CF3320-LeaderElection49] INFO  impl.RoleInfo (RoleInfo.java:shutdownLeaderElection(121)) - 176ebb76-54ef-4fc7-b036-d3478a12c0d9: shutdown 176ebb76-54ef-4fc7-b036-d3478a12c0d9@group-1FC076CF3320-LeaderElection49
2021-08-28 05:53:40,000 [176ebb76-54ef-4fc7-b036-d3478a12c0d9@group-1FC076CF3320-LeaderElection49] INFO  impl.RoleInfo (RoleInfo.java:updateAndGet(130)) - 176ebb76-54ef-4fc7-b036-d3478a12c0d9: start 176ebb76-54ef-4fc7-b036-d3478a12c0d9@group-1FC076CF3320-FollowerState
2021-08-28 05:53:40,009 [grpc-default-executor-3] INFO  ratis.XceiverServerRatis (XceiverServerRatis.java:handleLeaderChangedNotification(861)) - Leader change notification received for group: group-1FC076CF3320 with new leaderId: 3d8f492e-e4fc-40a7-8280-263d1b336f05
2021-08-28 05:53:40,009 [grpc-default-executor-3] INFO  server.RaftServer$Division (ServerState.java:setLeader(285)) - 130b495e-4981-4bfb-aed1-18e9f65aa3b8@group-1FC076CF3320: change Leader from null to 3d8f492e-e4fc-40a7-8280-263d1b336f05 at term 2 for appendEntries, leader elected after 10420ms
2021-08-28 05:53:40,016 [grpc-default-executor-4] INFO  ratis.XceiverServerRatis (XceiverServerRatis.java:handleLeaderChangedNotification(861)) - Leader change notification received for group: group-1FC076CF3320 with new leaderId: 3d8f492e-e4fc-40a7-8280-263d1b336f05
2021-08-28 05:53:40,016 [grpc-default-executor-4] INFO  server.RaftServer$Division (ServerState.java:setLeader(285)) - 176ebb76-54ef-4fc7-b036-d3478a12c0d9@group-1FC076CF3320: change Leader from null to 3d8f492e-e4fc-40a7-8280-263d1b336f05 at term 2 for appendEntries, leader elected after 10173ms
2021-08-28 05:53:40,054 [grpc-default-executor-3] INFO  server.RaftServer$Division (ServerState.java:setRaftConf(387)) - 130b495e-4981-4bfb-aed1-18e9f65aa3b8@group-1FC076CF3320: set configuration 0: [3d8f492e-e4fc-40a7-8280-263d1b336f05|rpc:10.1.0.40:33843|dataStream:|priority:1, 130b495e-4981-4bfb-aed1-18e9f65aa3b8|rpc:10.1.0.40:34925|dataStream:|priority:0, 176ebb76-54ef-4fc7-b036-d3478a12c0d9|rpc:10.1.0.40:36625|dataStream:|priority:0], old=null
2021-08-28 05:53:40,054 [grpc-default-executor-3] INFO  segmented.SegmentedRaftLogWorker (SegmentedRaftLogWorker.java:startLogSegment(394)) - 130b495e-4981-4bfb-aed1-18e9f65aa3b8@group-1FC076CF3320-SegmentedRaftLogWorker: Starting segment from index:0
2021-08-28 05:53:40,056 [Listener at 127.0.0.1/11536] INFO  ozone.MiniOzoneClusterImpl (MiniOzoneClusterImpl.java:lambda$waitForClusterToBeReady$0(235)) - Nodes are ready. Got 3 of 3 DN Heartbeats.
2021-08-28 05:53:40,056 [Listener at 127.0.0.1/11536] INFO  ozone.MiniOzoneClusterImpl (MiniOzoneClusterImpl.java:lambda$waitForClusterToBeReady$0(238)) - Cluster exits safe mode
2021-08-28 05:53:40,056 [Listener at 127.0.0.1/11536] INFO  ozone.MiniOzoneClusterImpl (MiniOzoneClusterImpl.java:lambda$waitForClusterToBeReady$0(240)) - SCM became leader
2021-08-28 05:53:40,062 [grpc-default-executor-6] INFO  server.RaftServer$Division (ServerState.java:setRaftConf(387)) - 176ebb76-54ef-4fc7-b036-d3478a12c0d9@group-1FC076CF3320: set configuration 0: [3d8f492e-e4fc-40a7-8280-263d1b336f05|rpc:10.1.0.40:33843|dataStream:|priority:1, 130b495e-4981-4bfb-aed1-18e9f65aa3b8|rpc:10.1.0.40:34925|dataStream:|priority:0, 176ebb76-54ef-4fc7-b036-d3478a12c0d9|rpc:10.1.0.40:36625|dataStream:|priority:0], old=null
2021-08-28 05:53:40,062 [130b495e-4981-4bfb-aed1-18e9f65aa3b8@group-1FC076CF3320-SegmentedRaftLogWorker] INFO  segmented.SegmentedRaftLogWorker (SegmentedRaftLogWorker.java:execute(601)) - 130b495e-4981-4bfb-aed1-18e9f65aa3b8@group-1FC076CF3320-SegmentedRaftLogWorker: created new log segment /home/runner/work/ozone/ozone/hadoop-ozone/integration-test/target/test-dir/MiniOzoneClusterImpl-4114dceb-4d54-4a06-811c-48a2541ee5b4/datanode-0/data/ratis/4b705484-880c-4916-8338-1fc076cf3320/current/log_inprogress_0
2021-08-28 05:53:40,099 [grpc-default-executor-6] INFO  segmented.SegmentedRaftLogWorker (SegmentedRaftLogWorker.java:startLogSegment(394)) - 176ebb76-54ef-4fc7-b036-d3478a12c0d9@group-1FC076CF3320-SegmentedRaftLogWorker: Starting segment from index:0
2021-08-28 05:53:40,109 [176ebb76-54ef-4fc7-b036-d3478a12c0d9@group-1FC076CF3320-SegmentedRaftLogWorker] INFO  segmented.SegmentedRaftLogWorker (SegmentedRaftLogWorker.java:execute(601)) - 176ebb76-54ef-4fc7-b036-d3478a12c0d9@group-1FC076CF3320-SegmentedRaftLogWorker: created new log segment /home/runner/work/ozone/ozone/hadoop-ozone/integration-test/target/test-dir/MiniOzoneClusterImpl-4114dceb-4d54-4a06-811c-48a2541ee5b4/datanode-1/data/ratis/4b705484-880c-4916-8338-1fc076cf3320/current/log_inprogress_0
2021-08-28 05:53:40,156 [Listener at 127.0.0.1/11536] INFO  rpc.RpcClient (RpcClient.java:createVolume(342)) - Creating Volume: volume28324, with user81922 as owner and space quota set to -1 bytes, counts quota set to -1
2021-08-28 05:53:40,169 [176ebb76-54ef-4fc7-b036-d3478a12c0d9@group-3BD747763059-FollowerState] INFO  impl.FollowerState (FollowerState.java:run(134)) - 176ebb76-54ef-4fc7-b036-d3478a12c0d9@group-3BD747763059-FollowerState: change to CANDIDATE, lastRpcElapsedTime:5074941084ns, electionTimeout:5066ms
2021-08-28 05:53:40,169 [176ebb76-54ef-4fc7-b036-d3478a12c0d9@group-3BD747763059-FollowerState] INFO  impl.RoleInfo (RoleInfo.java:shutdownFollowerState(108)) - 176ebb76-54ef-4fc7-b036-d3478a12c0d9: shutdown 176ebb76-54ef-4fc7-b036-d3478a12c0d9@group-3BD747763059-FollowerState
2021-08-28 05:53:40,169 [176ebb76-54ef-4fc7-b036-d3478a12c0d9@group-3BD747763059-FollowerState] INFO  server.RaftServer$Division (RaftServerImpl.java:setRole(285)) - 176ebb76-54ef-4fc7-b036-d3478a12c0d9@group-3BD747763059: changes role from  FOLLOWER to CANDIDATE at term 1 for changeToCandidate
2021-08-28 05:53:40,169 [176ebb76-54ef-4fc7-b036-d3478a12c0d9@group-3BD747763059-FollowerState] INFO  server.RaftServerConfigKeys (ConfUtils.java:logGet(44)) - raft.server.leaderelection.pre-vote = false (custom)
2021-08-28 05:53:40,169 [176ebb76-54ef-4fc7-b036-d3478a12c0d9@group-3BD747763059-FollowerState] INFO  impl.RoleInfo (RoleInfo.java:updateAndGet(130)) - 176ebb76-54ef-4fc7-b036-d3478a12c0d9: start 176ebb76-54ef-4fc7-b036-d3478a12c0d9@group-3BD747763059-LeaderElection50
2021-08-28 05:53:40,197 [176ebb76-54ef-4fc7-b036-d3478a12c0d9@group-3BD747763059-LeaderElection50] INFO  impl.LeaderElection (LeaderElection.java:askForVotes(306)) - 176ebb76-54ef-4fc7-b036-d3478a12c0d9@group-3BD747763059-LeaderElection50 ELECTION round 0: submit vote requests at term 2 for -1: [3d8f492e-e4fc-40a7-8280-263d1b336f05|rpc:10.1.0.40:33843|priority:0, 176ebb76-54ef-4fc7-b036-d3478a12c0d9|rpc:10.1.0.40:36625|priority:0, 130b495e-4981-4bfb-aed1-18e9f65aa3b8|rpc:10.1.0.40:34925|priority:1], old=null
2021-08-28 05:53:40,209 [grpc-default-executor-6] INFO  server.RaftServer$Division (RaftServerImpl.java:requestVote(1043)) - 3d8f492e-e4fc-40a7-8280-263d1b336f05@group-3BD747763059: receive requestVote(ELECTION, 176ebb76-54ef-4fc7-b036-d3478a12c0d9, group-3BD747763059, 2, (t:0, i:0))
2021-08-28 05:53:40,209 [grpc-default-executor-6] INFO  impl.VoteContext (VoteContext.java:log(48)) - 3d8f492e-e4fc-40a7-8280-263d1b336f05@group-3BD747763059-FOLLOWER: accept ELECTION from 176ebb76-54ef-4fc7-b036-d3478a12c0d9: our priority 0 <= candidate's priority 0
2021-08-28 05:53:40,209 [grpc-default-executor-6] INFO  server.RaftServer$Division (RaftServerImpl.java:setRole(285)) - 3d8f492e-e4fc-40a7-8280-263d1b336f05@group-3BD747763059: changes role from  FOLLOWER to FOLLOWER at term 2 for candidate:176ebb76-54ef-4fc7-b036-d3478a12c0d9
2021-08-28 05:53:40,209 [grpc-default-executor-6] INFO  impl.RoleInfo (RoleInfo.java:shutdownFollowerState(108)) - 3d8f492e-e4fc-40a7-8280-263d1b336f05: shutdown 3d8f492e-e4fc-40a7-8280-263d1b336f05@group-3BD747763059-FollowerState
2021-08-28 05:53:40,211 [grpc-default-executor-3] INFO  server.RaftServer$Division (RaftServerImpl.java:requestVote(1043)) - 130b495e-4981-4bfb-aed1-18e9f65aa3b8@group-3BD747763059: receive requestVote(ELECTION, 176ebb76-54ef-4fc7-b036-d3478a12c0d9, group-3BD747763059, 2, (t:0, i:0))
2021-08-28 05:53:40,211 [grpc-default-executor-3] INFO  impl.VoteContext (VoteContext.java:log(48)) - 130b495e-4981-4bfb-aed1-18e9f65aa3b8@group-3BD747763059-FOLLOWER: reject ELECTION from 176ebb76-54ef-4fc7-b036-d3478a12c0d9: our priority 1 > candidate's priority 0
2021-08-28 05:53:40,211 [grpc-default-executor-3] INFO  server.RaftServer$Division (RaftServerImpl.java:setRole(285)) - 130b495e-4981-4bfb-aed1-18e9f65aa3b8@group-3BD747763059: changes role from  FOLLOWER to FOLLOWER at term 2 for candidate:176ebb76-54ef-4fc7-b036-d3478a12c0d9
2021-08-28 05:53:40,211 [grpc-default-executor-3] INFO  impl.RoleInfo (RoleInfo.java:shutdownFollowerState(108)) - 130b495e-4981-4bfb-aed1-18e9f65aa3b8: shutdown 130b495e-4981-4bfb-aed1-18e9f65aa3b8@group-3BD747763059-FollowerState
2021-08-28 05:53:40,220 [OM StateMachine ApplyTransaction Thread - 0] INFO  volume.OMVolumeCreateRequest (OMVolumeCreateRequest.java:validateAndUpdateCache(195)) - created volume:volume28324 for user:user81922
2021-08-28 05:53:40,239 [OM StateMachine ApplyTransaction Thread - 0] INFO  volume.OMVolumeCreateRequest (OMVolumeCreateRequest.java:validateAndUpdateCache(195)) - created volume:volume28324 for user:user81922
2021-08-28 05:53:40,244 [130b495e-4981-4bfb-aed1-18e9f65aa3b8@group-3BD747763059-FollowerState] INFO  impl.FollowerState (FollowerState.java:run(127)) - 130b495e-4981-4bfb-aed1-18e9f65aa3b8@group-3BD747763059-FollowerState: Stopping now (isRunning? false, isFollower? true)
2021-08-28 05:53:40,246 [grpc-default-executor-3] INFO  impl.RoleInfo (RoleInfo.java:updateAndGet(130)) - 130b495e-4981-4bfb-aed1-18e9f65aa3b8: start 130b495e-4981-4bfb-aed1-18e9f65aa3b8@group-3BD747763059-FollowerState
2021-08-28 05:53:40,248 [OM StateMachine ApplyTransaction Thread - 0] INFO  volume.OMVolumeCreateRequest (OMVolumeCreateRequest.java:validateAndUpdateCache(195)) - created volume:volume28324 for user:user81922
2021-08-28 05:53:40,253 [grpc-default-executor-6] INFO  impl.RoleInfo (RoleInfo.java:updateAndGet(130)) - 3d8f492e-e4fc-40a7-8280-263d1b336f05: start 3d8f492e-e4fc-40a7-8280-263d1b336f05@group-3BD747763059-FollowerState
2021-08-28 05:53:40,254 [3d8f492e-e4fc-40a7-8280-263d1b336f05@group-3BD747763059-FollowerState] INFO  impl.FollowerState (FollowerState.java:run(143)) - 3d8f492e-e4fc-40a7-8280-263d1b336f05@group-3BD747763059-FollowerState was interrupted: {}
java.lang.InterruptedException: sleep interrupted
	at java.lang.Thread.sleep(Native Method)
	at java.lang.Thread.sleep(Thread.java:340)
	at java.util.concurrent.TimeUnit.sleep(TimeUnit.java:386)
	at org.apache.ratis.util.TimeDuration.sleep(TimeDuration.java:324)
	at org.apache.ratis.util.TimeDuration.sleep(TimeDuration.java:309)
	at org.apache.ratis.server.impl.FollowerState.run(FollowerState.java:118)
2021-08-28 05:53:40,255 [grpc-default-executor-3] INFO  server.RaftServer$Division (RaftServerImpl.java:requestVote(1075)) - 130b495e-4981-4bfb-aed1-18e9f65aa3b8@group-3BD747763059 replies to ELECTION vote request: 176ebb76-54ef-4fc7-b036-d3478a12c0d9<-130b495e-4981-4bfb-aed1-18e9f65aa3b8#0:FAIL-t2. Peer's state: 130b495e-4981-4bfb-aed1-18e9f65aa3b8@group-3BD747763059:t2, leader=null, voted=null, raftlog=130b495e-4981-4bfb-aed1-18e9f65aa3b8@group-3BD747763059-SegmentedRaftLog:OPENED:c-1,f-1,i0, conf=-1: [3d8f492e-e4fc-40a7-8280-263d1b336f05|rpc:10.1.0.40:33843|priority:0, 176ebb76-54ef-4fc7-b036-d3478a12c0d9|rpc:10.1.0.40:36625|priority:0, 130b495e-4981-4bfb-aed1-18e9f65aa3b8|rpc:10.1.0.40:34925|priority:1], old=null
2021-08-28 05:53:40,266 [grpc-default-executor-6] INFO  server.RaftServer$Division (RaftServerImpl.java:requestVote(1075)) - 3d8f492e-e4fc-40a7-8280-263d1b336f05@group-3BD747763059 replies to ELECTION vote request: 176ebb76-54ef-4fc7-b036-d3478a12c0d9<-3d8f492e-e4fc-40a7-8280-263d1b336f05#0:OK-t2. Peer's state: 3d8f492e-e4fc-40a7-8280-263d1b336f05@group-3BD747763059:t2, leader=null, voted=176ebb76-54ef-4fc7-b036-d3478a12c0d9, raftlog=3d8f492e-e4fc-40a7-8280-263d1b336f05@group-3BD747763059-SegmentedRaftLog:OPENED:c-1,f-1,i0, conf=-1: [3d8f492e-e4fc-40a7-8280-263d1b336f05|rpc:10.1.0.40:33843|dataStream:|priority:0, 176ebb76-54ef-4fc7-b036-d3478a12c0d9|rpc:10.1.0.40:36625|dataStream:|priority:0, 130b495e-4981-4bfb-aed1-18e9f65aa3b8|rpc:10.1.0.40:34925|dataStream:|priority:1], old=null
2021-08-28 05:53:40,286 [176ebb76-54ef-4fc7-b036-d3478a12c0d9@group-3BD747763059-LeaderElection50] INFO  impl.LeaderElection (LeaderElection.java:logAndReturn(89)) - 176ebb76-54ef-4fc7-b036-d3478a12c0d9@group-3BD747763059-LeaderElection50: ELECTION REJECTED received 1 response(s) and 0 exception(s):
2021-08-28 05:53:40,286 [176ebb76-54ef-4fc7-b036-d3478a12c0d9@group-3BD747763059-LeaderElection50] INFO  impl.LeaderElection (LeaderElection.java:logAndReturn(93)) -   Response 0: 176ebb76-54ef-4fc7-b036-d3478a12c0d9<-130b495e-4981-4bfb-aed1-18e9f65aa3b8#0:FAIL-t2
2021-08-28 05:53:40,286 [176ebb76-54ef-4fc7-b036-d3478a12c0d9@group-3BD747763059-LeaderElection50] INFO  impl.LeaderElection (LeaderElection.java:askForVotes(308)) - 176ebb76-54ef-4fc7-b036-d3478a12c0d9@group-3BD747763059-LeaderElection50 ELECTION round 0: result REJECTED
2021-08-28 05:53:40,286 [176ebb76-54ef-4fc7-b036-d3478a12c0d9@group-3BD747763059-LeaderElection50] INFO  server.RaftServer$Division (RaftServerImpl.java:setRole(285)) - 176ebb76-54ef-4fc7-b036-d3478a12c0d9@group-3BD747763059: changes role from CANDIDATE to FOLLOWER at term 2 for REJECTED
2021-08-28 05:53:40,286 [176ebb76-54ef-4fc7-b036-d3478a12c0d9@group-3BD747763059-LeaderElection50] INFO  impl.RoleInfo (RoleInfo.java:shutdownLeaderElection(121)) - 176ebb76-54ef-4fc7-b036-d3478a12c0d9: shutdown 176ebb76-54ef-4fc7-b036-d3478a12c0d9@group-3BD747763059-LeaderElection50
2021-08-28 05:53:40,286 [176ebb76-54ef-4fc7-b036-d3478a12c0d9@group-3BD747763059-LeaderElection50] INFO  impl.RoleInfo (RoleInfo.java:updateAndGet(130)) - 176ebb76-54ef-4fc7-b036-d3478a12c0d9: start 176ebb76-54ef-4fc7-b036-d3478a12c0d9@group-3BD747763059-FollowerState
2021-08-28 05:53:40,301 [Listener at 127.0.0.1/11536] INFO  rpc.RpcClient (RpcClient.java:createBucket(502)) - Creating Bucket: volume28324/1ad44242-554b-4f12-aced-68c1783d150d, with Versioning false and Storage Type set to DISK and Encryption set to false 
2021-08-28 05:53:40,336 [EndpointStateMachine task thread for /0.0.0.0:36115 - 0 ] INFO  ipc.Client (Client.java:handleConnectionFailure(977)) - Retrying connect to server: 0.0.0.0/0.0.0.0:36115. Already tried 5 time(s); retry policy is RetryUpToMaximumCountWithFixedSleep(maxRetries=15, sleepTime=1000 MILLISECONDS)
2021-08-28 05:53:40,408 [Listener at 127.0.0.1/11536] INFO  om.OzoneManager (OzoneManager.java:stop(1632)) - Stopping Ozone Manager
2021-08-28 05:53:40,408 [Listener at 127.0.0.1/11536] INFO  ipc.Server (Server.java:stop(3414)) - Stopping server on 11524
2021-08-28 05:53:40,413 [IPC Server Responder] INFO  ipc.Server (Server.java:run(1512)) - Stopping IPC Server Responder
2021-08-28 05:53:40,413 [IPC Server listener on 11524] INFO  ipc.Server (Server.java:run(1376)) - Stopping IPC Server listener on 11524
2021-08-28 05:53:40,414 [Listener at 127.0.0.1/11536] INFO  server.RaftServer (RaftServerProxy.java:lambda$close$6(391)) - omNode-1: close
2021-08-28 05:53:40,414 [Listener at 127.0.0.1/11536] INFO  server.RaftServer$Division (RaftServerImpl.java:lambda$close$4(407)) - omNode-1@group-523986131536: shutdown
2021-08-28 05:53:40,414 [Listener at 127.0.0.1/11536] INFO  util.JmxRegister (JmxRegister.java:unregister(73)) - Successfully un-registered JMX Bean with object name Ratis:service=RaftServer,group=group-523986131536,id=omNode-1
2021-08-28 05:53:40,414 [Listener at 127.0.0.1/11536] INFO  impl.RoleInfo (RoleInfo.java:shutdownLeaderState(91)) - omNode-1: shutdown omNode-1@group-523986131536-LeaderStateImpl
2021-08-28 05:53:40,414 [Listener at 127.0.0.1/11536] INFO  impl.PendingRequests (PendingRequests.java:sendNotLeaderResponses(282)) - omNode-1@group-523986131536-PendingRequests: sendNotLeaderResponses
2021-08-28 05:53:40,415 [omNode-1@group-523986131536->omNode-2-GrpcLogAppender-LogAppenderDaemon] WARN  server.GrpcLogAppender (GrpcLogAppender.java:mayWait(175)) - omNode-1@group-523986131536->omNode-2-GrpcLogAppender: Wait interrupted by java.lang.InterruptedException
2021-08-28 05:53:40,417 [grpc-default-executor-6] INFO  server.GrpcServerProtocolService (GrpcServerProtocolService.java:onCompleted(140)) - omNode-2: Completed APPEND_ENTRIES, lastRequest: omNode-1->omNode-2#62-t1,previous=(t:1, i:5),leaderCommit=5,initializing? true,entries: size=1, first=(t:1, i:6), METADATAENTRY(c:5)
2021-08-28 05:53:40,418 [grpc-default-executor-5] INFO  server.GrpcLogAppender (GrpcLogAppender.java:onCompleted(344)) - omNode-1@group-523986131536->omNode-2-AppendLogResponseHandler: follower responses appendEntries COMPLETED
2021-08-28 05:53:40,419 [grpc-default-executor-5] INFO  leader.FollowerInfo (FollowerInfoImpl.java:lambda$new$0(46)) - omNode-1@group-523986131536->omNode-2: nextIndex: updateUnconditionally 7 -> 6
2021-08-28 05:53:40,419 [grpc-default-executor-6] INFO  server.GrpcServerProtocolService (GrpcServerProtocolService.java:onCompleted(140)) - omNode-3: Completed APPEND_ENTRIES, lastRequest: omNode-1->omNode-3#879169-t1,previous=(t:1, i:4),leaderCommit=3,initializing? true,entries: size=1, first=(t:1, i:5), STATEMACHINELOGENTRY, 381@client-056BA946BB64
2021-08-28 05:53:40,420 [grpc-default-executor-5] INFO  server.GrpcLogAppender (GrpcLogAppender.java:onCompleted(344)) - omNode-1@group-523986131536->omNode-3-AppendLogResponseHandler: follower responses appendEntries COMPLETED
2021-08-28 05:53:40,420 [grpc-default-executor-5] INFO  leader.FollowerInfo (FollowerInfoImpl.java:lambda$new$0(46)) - omNode-1@group-523986131536->omNode-3: nextIndex: updateUnconditionally 6 -> 5
2021-08-28 05:53:40,436 [Listener at 127.0.0.1/11536] INFO  impl.StateMachineUpdater (StateMachineUpdater.java:stopAndJoin(149)) - omNode-1@group-523986131536-StateMachineUpdater: set stopIndex = 5
2021-08-28 05:53:40,436 [omNode-1@group-523986131536-StateMachineUpdater] INFO  ratis.OzoneManagerStateMachine (OzoneManagerStateMachine.java:takeSnapshot(417)) - Current Snapshot Index (t:1, i:5)
2021-08-28 05:53:40,436 [omNode-1@group-523986131536-StateMachineUpdater] INFO  impl.StateMachineUpdater (StateMachineUpdater.java:takeSnapshot(281)) - omNode-1@group-523986131536-StateMachineUpdater: Took a snapshot at index 5
2021-08-28 05:53:40,436 [omNode-1@group-523986131536-StateMachineUpdater] INFO  impl.StateMachineUpdater (StateMachineUpdater.java:lambda$new$0(89)) - omNode-1@group-523986131536-StateMachineUpdater: snapshotIndex: updateIncreasingly -1 -> 5
2021-08-28 05:53:40,436 [omNode-1@group-523986131536-StateMachineUpdater] INFO  ratis.OzoneManagerStateMachine (OzoneManagerStateMachine.java:close(471)) - StateMachine has shutdown. Shutdown OzoneManager if not already shutdown.
2021-08-28 05:53:40,438 [Listener at 127.0.0.1/11536] INFO  server.RaftServer$Division (ServerState.java:close(419)) - omNode-1@group-523986131536: closes. applyIndex: 5
2021-08-28 05:53:40,438 [omNode-1@group-523986131536-SegmentedRaftLogWorker] INFO  segmented.SegmentedRaftLogWorker (SegmentedRaftLogWorker.java:run(327)) - omNode-1@group-523986131536-SegmentedRaftLogWorker was interrupted, exiting. There are 0 tasks remaining in the queue.
2021-08-28 05:53:40,440 [Listener at 127.0.0.1/11536] INFO  segmented.SegmentedRaftLogWorker (SegmentedRaftLogWorker.java:close(237)) - omNode-1@group-523986131536-SegmentedRaftLogWorker close()
2021-08-28 05:53:40,442 [Listener at 127.0.0.1/11536] INFO  server.GrpcService (GrpcService.java:closeImpl(262)) - omNode-1: shutdown server with port 11528 now
2021-08-28 05:53:40,479 [Listener at 127.0.0.1/11536] INFO  server.GrpcService (GrpcService.java:closeImpl(271)) - omNode-1: shutdown server with port 11528 successfully
2021-08-28 05:53:40,479 [org.apache.ratis.util.JvmPauseMonitor$$Lambda$533/26953629@669e11b8] INFO  util.JvmPauseMonitor (JvmPauseMonitor.java:run(109)) - JvmPauseMonitor-omNode-1: Stopped
2021-08-28 05:53:40,480 [Listener at 127.0.0.1/11536] INFO  ratis.OzoneManagerDoubleBuffer (OzoneManagerDoubleBuffer.java:stop(437)) - Stopping OMDoubleBuffer flush thread
2021-08-28 05:53:40,480 [OMDoubleBufferFlushThread] INFO  ratis.OzoneManagerDoubleBuffer (OzoneManagerDoubleBuffer.java:flushTransactions(356)) - OMDoubleBuffer flush thread OMDoubleBufferFlushThread is interrupted and will exit. OMDoubleBufferFlushThread
2021-08-28 05:53:40,480 [Listener at 127.0.0.1/11536] INFO  utils.BackgroundService (BackgroundService.java:shutdown(132)) - Shutting down service KeyDeletingService
2021-08-28 05:53:40,481 [Listener at 127.0.0.1/11536] INFO  handler.ContextHandler (ContextHandler.java:doStop(1153)) - Stopped o.e.j.w.WebAppContext@4e74c172{ozoneManager,/,null,STOPPED}{file:/home/runner/work/ozone/ozone/hadoop-ozone/integration-test/target/test-classes/webapps/ozoneManager}
2021-08-28 05:53:40,481 [Listener at 127.0.0.1/11536] INFO  server.AbstractConnector (AbstractConnector.java:doStop(381)) - Stopped ServerConnector@660faa07{HTTP/1.1, (http/1.1)}{0.0.0.0:11526}
2021-08-28 05:53:40,481 [Listener at 127.0.0.1/11536] INFO  server.session (HouseKeeper.java:stopScavenging(149)) - node0 Stopped scavenging
2021-08-28 05:53:40,482 [Listener at 127.0.0.1/11536] INFO  handler.ContextHandler (ContextHandler.java:doStop(1153)) - Stopped o.e.j.s.ServletContextHandler@4b528ac4{static,/static,file:///home/runner/work/ozone/ozone/hadoop-ozone/integration-test/target/test-classes/webapps/static,STOPPED}
2021-08-28 05:53:40,482 [Listener at 127.0.0.1/11536] INFO  handler.ContextHandler (ContextHandler.java:doStop(1153)) - Stopped o.e.j.s.ServletContextHandler@7384490c{logs,/logs,file:///home/runner/work/ozone/ozone/hadoop-ozone/integration-test/target/log,STOPPED}
2021-08-28 05:53:40,959 [EndpointStateMachine task thread for /0.0.0.0:43701 - 0 ] INFO  ipc.Client (Client.java:handleConnectionFailure(977)) - Retrying connect to server: 0.0.0.0/0.0.0.0:43701. Already tried 10 time(s); retry policy is RetryUpToMaximumCountWithFixedSleep(maxRetries=15, sleepTime=1000 MILLISECONDS)
2021-08-28 05:53:41,337 [EndpointStateMachine task thread for /0.0.0.0:36115 - 0 ] INFO  ipc.Client (Client.java:handleConnectionFailure(977)) - Retrying connect to server: 0.0.0.0/0.0.0.0:36115. Already tried 6 time(s); retry policy is RetryUpToMaximumCountWithFixedSleep(maxRetries=15, sleepTime=1000 MILLISECONDS)
2021-08-28 05:53:41,583 [omNode-3@group-523986131536-FollowerState] INFO  impl.FollowerState (FollowerState.java:run(134)) - omNode-3@group-523986131536-FollowerState: change to CANDIDATE, lastRpcElapsedTime:1181061525ns, electionTimeout:1033ms
2021-08-28 05:53:41,583 [omNode-3@group-523986131536-FollowerState] INFO  impl.RoleInfo (RoleInfo.java:shutdownFollowerState(108)) - omNode-3: shutdown omNode-3@group-523986131536-FollowerState
2021-08-28 05:53:41,583 [omNode-3@group-523986131536-FollowerState] INFO  server.RaftServer$Division (RaftServerImpl.java:setRole(285)) - omNode-3@group-523986131536: changes role from  FOLLOWER to CANDIDATE at term 1 for changeToCandidate
2021-08-28 05:53:41,583 [omNode-3@group-523986131536-FollowerState] INFO  server.RaftServerConfigKeys (ConfUtils.java:logGet(44)) - raft.server.leaderelection.pre-vote = false (custom)
2021-08-28 05:53:41,583 [omNode-3@group-523986131536-FollowerState] INFO  impl.RoleInfo (RoleInfo.java:updateAndGet(130)) - omNode-3: start omNode-3@group-523986131536-LeaderElection51
2021-08-28 05:53:41,593 [omNode-3@group-523986131536-LeaderElection51] INFO  server.RaftServer$Division (ServerState.java:setLeader(285)) - omNode-3@group-523986131536: change Leader from omNode-1 to null at term 1 for ELECTION
2021-08-28 05:53:41,594 [omNode-3@group-523986131536-LeaderElection51] INFO  impl.LeaderElection (LeaderElection.java:askForVotes(306)) - omNode-3@group-523986131536-LeaderElection51 ELECTION round 0: submit vote requests at term 2 for 0: [omNode-3|rpc:localhost:11540|admin:|client:|dataStream:|priority:0, omNode-1|rpc:localhost:11528|admin:|client:|dataStream:|priority:0, omNode-2|rpc:localhost:11534|admin:|client:|dataStream:|priority:0], old=null
2021-08-28 05:53:41,634 [omNode-3@group-523986131536-LeaderElection51] INFO  impl.LeaderElection (LogUtils.java:infoOrTrace(137)) - omNode-3@group-523986131536-LeaderElection51 got exception when requesting votes: java.util.concurrent.ExecutionException: org.apache.ratis.thirdparty.io.grpc.StatusRuntimeException: UNAVAILABLE: io exception
2021-08-28 05:53:41,642 [grpc-default-executor-6] INFO  server.RaftServer$Division (RaftServerImpl.java:requestVote(1043)) - omNode-2@group-523986131536: receive requestVote(ELECTION, omNode-3, group-523986131536, 2, (t:1, i:5))
2021-08-28 05:53:41,642 [grpc-default-executor-6] INFO  impl.VoteContext (VoteContext.java:log(48)) - omNode-2@group-523986131536-FOLLOWER: reject ELECTION from omNode-3: our last entry (t:1, i:6) > candidate's last entry (t:1, i:5)
2021-08-28 05:53:41,642 [grpc-default-executor-6] INFO  server.RaftServer$Division (ServerState.java:setLeader(285)) - omNode-2@group-523986131536: change Leader from omNode-1 to null at term 2 for updateCurrentTerm
2021-08-28 05:53:41,642 [grpc-default-executor-6] INFO  server.RaftServer$Division (RaftServerImpl.java:setRole(285)) - omNode-2@group-523986131536: changes role from  FOLLOWER to FOLLOWER at term 2 for candidate:omNode-3
2021-08-28 05:53:41,642 [grpc-default-executor-6] INFO  impl.RoleInfo (RoleInfo.java:shutdownFollowerState(108)) - omNode-2: shutdown omNode-2@group-523986131536-FollowerState
2021-08-28 05:53:41,642 [grpc-default-executor-6] INFO  impl.RoleInfo (RoleInfo.java:updateAndGet(130)) - omNode-2: start omNode-2@group-523986131536-FollowerState
2021-08-28 05:53:41,642 [omNode-2@group-523986131536-FollowerState] INFO  impl.FollowerState (FollowerState.java:run(143)) - omNode-2@group-523986131536-FollowerState was interrupted: {}
java.lang.InterruptedException: sleep interrupted
	at java.lang.Thread.sleep(Native Method)
	at java.lang.Thread.sleep(Thread.java:340)
	at java.util.concurrent.TimeUnit.sleep(TimeUnit.java:386)
	at org.apache.ratis.util.TimeDuration.sleep(TimeDuration.java:324)
	at org.apache.ratis.util.TimeDuration.sleep(TimeDuration.java:309)
	at org.apache.ratis.server.impl.FollowerState.run(FollowerState.java:118)
2021-08-28 05:53:41,654 [grpc-default-executor-6] INFO  server.RaftServer$Division (RaftServerImpl.java:requestVote(1075)) - omNode-2@group-523986131536 replies to ELECTION vote request: omNode-3<-omNode-2#0:FAIL-t2. Peer's state: omNode-2@group-523986131536:t2, leader=null, voted=null, raftlog=omNode-2@group-523986131536-SegmentedRaftLog:OPENED:c5,f6,i6, conf=0: [omNode-3|rpc:localhost:11540|admin:|client:|dataStream:|priority:0, omNode-1|rpc:localhost:11528|admin:|client:|dataStream:|priority:0, omNode-2|rpc:localhost:11534|admin:|client:|dataStream:|priority:0], old=null
2021-08-28 05:53:41,655 [omNode-3@group-523986131536-LeaderElection51] INFO  impl.LeaderElection (LeaderElection.java:logAndReturn(89)) - omNode-3@group-523986131536-LeaderElection51: ELECTION REJECTED received 1 response(s) and 1 exception(s):
2021-08-28 05:53:41,655 [omNode-3@group-523986131536-LeaderElection51] INFO  impl.LeaderElection (LeaderElection.java:logAndReturn(93)) -   Response 0: omNode-3<-omNode-2#0:FAIL-t2
2021-08-28 05:53:41,655 [omNode-3@group-523986131536-LeaderElection51] INFO  impl.LeaderElection (LogUtils.java:infoOrTrace(137)) -   Exception 1: java.util.concurrent.ExecutionException: org.apache.ratis.thirdparty.io.grpc.StatusRuntimeException: UNAVAILABLE: io exception
2021-08-28 05:53:41,655 [omNode-3@group-523986131536-LeaderElection51] INFO  impl.LeaderElection (LeaderElection.java:askForVotes(308)) - omNode-3@group-523986131536-LeaderElection51 ELECTION round 0: result REJECTED
2021-08-28 05:53:41,655 [omNode-3@group-523986131536-LeaderElection51] INFO  server.RaftServer$Division (RaftServerImpl.java:setRole(285)) - omNode-3@group-523986131536: changes role from CANDIDATE to FOLLOWER at term 2 for REJECTED
2021-08-28 05:53:41,655 [omNode-3@group-523986131536-LeaderElection51] INFO  impl.RoleInfo (RoleInfo.java:shutdownLeaderElection(121)) - omNode-3: shutdown omNode-3@group-523986131536-LeaderElection51
2021-08-28 05:53:41,656 [omNode-3@group-523986131536-LeaderElection51] INFO  impl.RoleInfo (RoleInfo.java:updateAndGet(130)) - omNode-3: start omNode-3@group-523986131536-FollowerState
2021-08-28 05:53:41,960 [EndpointStateMachine task thread for /0.0.0.0:43701 - 0 ] INFO  ipc.Client (Client.java:handleConnectionFailure(977)) - Retrying connect to server: 0.0.0.0/0.0.0.0:43701. Already tried 11 time(s); retry policy is RetryUpToMaximumCountWithFixedSleep(maxRetries=15, sleepTime=1000 MILLISECONDS)
2021-08-28 05:53:42,337 [EndpointStateMachine task thread for /0.0.0.0:36115 - 0 ] INFO  ipc.Client (Client.java:handleConnectionFailure(977)) - Retrying connect to server: 0.0.0.0/0.0.0.0:36115. Already tried 7 time(s); retry policy is RetryUpToMaximumCountWithFixedSleep(maxRetries=15, sleepTime=1000 MILLISECONDS)
2021-08-28 05:53:42,692 [omNode-3@group-523986131536-FollowerState] INFO  impl.FollowerState (FollowerState.java:run(134)) - omNode-3@group-523986131536-FollowerState: change to CANDIDATE, lastRpcElapsedTime:1036226257ns, electionTimeout:1033ms
2021-08-28 05:53:42,692 [omNode-3@group-523986131536-FollowerState] INFO  impl.RoleInfo (RoleInfo.java:shutdownFollowerState(108)) - omNode-3: shutdown omNode-3@group-523986131536-FollowerState
2021-08-28 05:53:42,692 [omNode-3@group-523986131536-FollowerState] INFO  server.RaftServer$Division (RaftServerImpl.java:setRole(285)) - omNode-3@group-523986131536: changes role from  FOLLOWER to CANDIDATE at term 2 for changeToCandidate
2021-08-28 05:53:42,692 [omNode-3@group-523986131536-FollowerState] INFO  server.RaftServerConfigKeys (ConfUtils.java:logGet(44)) - raft.server.leaderelection.pre-vote = false (custom)
2021-08-28 05:53:42,692 [omNode-3@group-523986131536-FollowerState] INFO  impl.RoleInfo (RoleInfo.java:updateAndGet(130)) - omNode-3: start omNode-3@group-523986131536-LeaderElection52
2021-08-28 05:53:42,709 [omNode-3@group-523986131536-LeaderElection52] INFO  impl.LeaderElection (LeaderElection.java:askForVotes(306)) - omNode-3@group-523986131536-LeaderElection52 ELECTION round 0: submit vote requests at term 3 for 0: [omNode-3|rpc:localhost:11540|admin:|client:|dataStream:|priority:0, omNode-1|rpc:localhost:11528|admin:|client:|dataStream:|priority:0, omNode-2|rpc:localhost:11534|admin:|client:|dataStream:|priority:0], old=null
2021-08-28 05:53:42,710 [omNode-3@group-523986131536-LeaderElection52] INFO  impl.LeaderElection (LogUtils.java:infoOrTrace(137)) - omNode-3@group-523986131536-LeaderElection52 got exception when requesting votes: java.util.concurrent.ExecutionException: org.apache.ratis.thirdparty.io.grpc.StatusRuntimeException: UNAVAILABLE: io exception
2021-08-28 05:53:42,711 [grpc-default-executor-6] INFO  server.RaftServer$Division (RaftServerImpl.java:requestVote(1043)) - omNode-2@group-523986131536: receive requestVote(ELECTION, omNode-3, group-523986131536, 3, (t:1, i:5))
2021-08-28 05:53:42,711 [grpc-default-executor-6] INFO  impl.VoteContext (VoteContext.java:log(48)) - omNode-2@group-523986131536-FOLLOWER: reject ELECTION from omNode-3: our last entry (t:1, i:6) > candidate's last entry (t:1, i:5)
2021-08-28 05:53:42,711 [grpc-default-executor-6] INFO  server.RaftServer$Division (RaftServerImpl.java:setRole(285)) - omNode-2@group-523986131536: changes role from  FOLLOWER to FOLLOWER at term 3 for candidate:omNode-3
2021-08-28 05:53:42,712 [grpc-default-executor-6] INFO  impl.RoleInfo (RoleInfo.java:shutdownFollowerState(108)) - omNode-2: shutdown omNode-2@group-523986131536-FollowerState
2021-08-28 05:53:42,712 [grpc-default-executor-6] INFO  impl.RoleInfo (RoleInfo.java:updateAndGet(130)) - omNode-2: start omNode-2@group-523986131536-FollowerState
2021-08-28 05:53:42,712 [omNode-2@group-523986131536-FollowerState] INFO  impl.FollowerState (FollowerState.java:run(143)) - omNode-2@group-523986131536-FollowerState was interrupted: {}
java.lang.InterruptedException: sleep interrupted
	at java.lang.Thread.sleep(Native Method)
	at java.lang.Thread.sleep(Thread.java:340)
	at java.util.concurrent.TimeUnit.sleep(TimeUnit.java:386)
	at org.apache.ratis.util.TimeDuration.sleep(TimeDuration.java:324)
	at org.apache.ratis.util.TimeDuration.sleep(TimeDuration.java:309)
	at org.apache.ratis.server.impl.FollowerState.run(FollowerState.java:118)
2021-08-28 05:53:42,729 [grpc-default-executor-6] INFO  server.RaftServer$Division (RaftServerImpl.java:requestVote(1075)) - omNode-2@group-523986131536 replies to ELECTION vote request: omNode-3<-omNode-2#0:FAIL-t3. Peer's state: omNode-2@group-523986131536:t3, leader=null, voted=null, raftlog=omNode-2@group-523986131536-SegmentedRaftLog:OPENED:c5,f6,i6, conf=0: [omNode-3|rpc:localhost:11540|admin:|client:|dataStream:|priority:0, omNode-1|rpc:localhost:11528|admin:|client:|dataStream:|priority:0, omNode-2|rpc:localhost:11534|admin:|client:|dataStream:|priority:0], old=null
2021-08-28 05:53:42,734 [omNode-3@group-523986131536-LeaderElection52] INFO  impl.LeaderElection (LeaderElection.java:logAndReturn(89)) - omNode-3@group-523986131536-LeaderElection52: ELECTION REJECTED received 1 response(s) and 1 exception(s):
2021-08-28 05:53:42,734 [omNode-3@group-523986131536-LeaderElection52] INFO  impl.LeaderElection (LeaderElection.java:logAndReturn(93)) -   Response 0: omNode-3<-omNode-2#0:FAIL-t3
2021-08-28 05:53:42,735 [omNode-3@group-523986131536-LeaderElection52] INFO  impl.LeaderElection (LogUtils.java:infoOrTrace(137)) -   Exception 1: java.util.concurrent.ExecutionException: org.apache.ratis.thirdparty.io.grpc.StatusRuntimeException: UNAVAILABLE: io exception
2021-08-28 05:53:42,735 [omNode-3@group-523986131536-LeaderElection52] INFO  impl.LeaderElection (LeaderElection.java:askForVotes(308)) - omNode-3@group-523986131536-LeaderElection52 ELECTION round 0: result REJECTED
2021-08-28 05:53:42,735 [omNode-3@group-523986131536-LeaderElection52] INFO  server.RaftServer$Division (RaftServerImpl.java:setRole(285)) - omNode-3@group-523986131536: changes role from CANDIDATE to FOLLOWER at term 3 for REJECTED
2021-08-28 05:53:42,735 [omNode-3@group-523986131536-LeaderElection52] INFO  impl.RoleInfo (RoleInfo.java:shutdownLeaderElection(121)) - omNode-3: shutdown omNode-3@group-523986131536-LeaderElection52
2021-08-28 05:53:42,735 [omNode-3@group-523986131536-LeaderElection52] INFO  impl.RoleInfo (RoleInfo.java:updateAndGet(130)) - omNode-3: start omNode-3@group-523986131536-FollowerState
2021-08-28 05:53:42,961 [EndpointStateMachine task thread for /0.0.0.0:43701 - 0 ] INFO  ipc.Client (Client.java:handleConnectionFailure(977)) - Retrying connect to server: 0.0.0.0/0.0.0.0:43701. Already tried 12 time(s); retry policy is RetryUpToMaximumCountWithFixedSleep(maxRetries=15, sleepTime=1000 MILLISECONDS)
2021-08-28 05:53:43,338 [EndpointStateMachine task thread for /0.0.0.0:36115 - 0 ] INFO  ipc.Client (Client.java:handleConnectionFailure(977)) - Retrying connect to server: 0.0.0.0/0.0.0.0:36115. Already tried 8 time(s); retry policy is RetryUpToMaximumCountWithFixedSleep(maxRetries=15, sleepTime=1000 MILLISECONDS)
2021-08-28 05:53:43,837 [omNode-3@group-523986131536-FollowerState] INFO  impl.FollowerState (FollowerState.java:run(134)) - omNode-3@group-523986131536-FollowerState: change to CANDIDATE, lastRpcElapsedTime:1102721816ns, electionTimeout:1100ms
2021-08-28 05:53:43,838 [omNode-3@group-523986131536-FollowerState] INFO  impl.RoleInfo (RoleInfo.java:shutdownFollowerState(108)) - omNode-3: shutdown omNode-3@group-523986131536-FollowerState
2021-08-28 05:53:43,838 [omNode-3@group-523986131536-FollowerState] INFO  server.RaftServer$Division (RaftServerImpl.java:setRole(285)) - omNode-3@group-523986131536: changes role from  FOLLOWER to CANDIDATE at term 3 for changeToCandidate
2021-08-28 05:53:43,838 [omNode-3@group-523986131536-FollowerState] INFO  server.RaftServerConfigKeys (ConfUtils.java:logGet(44)) - raft.server.leaderelection.pre-vote = false (custom)
2021-08-28 05:53:43,838 [omNode-3@group-523986131536-FollowerState] INFO  impl.RoleInfo (RoleInfo.java:updateAndGet(130)) - omNode-3: start omNode-3@group-523986131536-LeaderElection53
2021-08-28 05:53:43,854 [omNode-3@group-523986131536-LeaderElection53] INFO  impl.LeaderElection (LeaderElection.java:askForVotes(306)) - omNode-3@group-523986131536-LeaderElection53 ELECTION round 0: submit vote requests at term 4 for 0: [omNode-3|rpc:localhost:11540|admin:|client:|dataStream:|priority:0, omNode-1|rpc:localhost:11528|admin:|client:|dataStream:|priority:0, omNode-2|rpc:localhost:11534|admin:|client:|dataStream:|priority:0], old=null
2021-08-28 05:53:43,862 [omNode-3@group-523986131536-LeaderElection53] INFO  impl.LeaderElection (LogUtils.java:infoOrTrace(137)) - omNode-3@group-523986131536-LeaderElection53 got exception when requesting votes: java.util.concurrent.ExecutionException: org.apache.ratis.thirdparty.io.grpc.StatusRuntimeException: UNAVAILABLE: io exception
2021-08-28 05:53:43,865 [grpc-default-executor-6] INFO  server.RaftServer$Division (RaftServerImpl.java:requestVote(1043)) - omNode-2@group-523986131536: receive requestVote(ELECTION, omNode-3, group-523986131536, 4, (t:1, i:5))
2021-08-28 05:53:43,865 [grpc-default-executor-6] INFO  impl.VoteContext (VoteContext.java:log(48)) - omNode-2@group-523986131536-FOLLOWER: reject ELECTION from omNode-3: our last entry (t:1, i:6) > candidate's last entry (t:1, i:5)
2021-08-28 05:53:43,865 [grpc-default-executor-6] INFO  server.RaftServer$Division (RaftServerImpl.java:setRole(285)) - omNode-2@group-523986131536: changes role from  FOLLOWER to FOLLOWER at term 4 for candidate:omNode-3
2021-08-28 05:53:43,865 [grpc-default-executor-6] INFO  impl.RoleInfo (RoleInfo.java:shutdownFollowerState(108)) - omNode-2: shutdown omNode-2@group-523986131536-FollowerState
2021-08-28 05:53:43,865 [grpc-default-executor-6] INFO  impl.RoleInfo (RoleInfo.java:updateAndGet(130)) - omNode-2: start omNode-2@group-523986131536-FollowerState
2021-08-28 05:53:43,866 [omNode-2@group-523986131536-FollowerState] INFO  impl.FollowerState (FollowerState.java:run(143)) - omNode-2@group-523986131536-FollowerState was interrupted: {}
java.lang.InterruptedException: sleep interrupted
	at java.lang.Thread.sleep(Native Method)
	at java.lang.Thread.sleep(Thread.java:340)
	at java.util.concurrent.TimeUnit.sleep(TimeUnit.java:386)
	at org.apache.ratis.util.TimeDuration.sleep(TimeDuration.java:324)
	at org.apache.ratis.util.TimeDuration.sleep(TimeDuration.java:309)
	at org.apache.ratis.server.impl.FollowerState.run(FollowerState.java:118)
2021-08-28 05:53:43,868 [grpc-default-executor-6] INFO  server.RaftServer$Division (RaftServerImpl.java:requestVote(1075)) - omNode-2@group-523986131536 replies to ELECTION vote request: omNode-3<-omNode-2#0:FAIL-t4. Peer's state: omNode-2@group-523986131536:t4, leader=null, voted=null, raftlog=omNode-2@group-523986131536-SegmentedRaftLog:OPENED:c5,f6,i6, conf=0: [omNode-3|rpc:localhost:11540|admin:|client:|dataStream:|priority:0, omNode-1|rpc:localhost:11528|admin:|client:|dataStream:|priority:0, omNode-2|rpc:localhost:11534|admin:|client:|dataStream:|priority:0], old=null
2021-08-28 05:53:43,877 [omNode-3@group-523986131536-LeaderElection53] INFO  impl.LeaderElection (LeaderElection.java:logAndReturn(89)) - omNode-3@group-523986131536-LeaderElection53: ELECTION REJECTED received 1 response(s) and 1 exception(s):
2021-08-28 05:53:43,877 [omNode-3@group-523986131536-LeaderElection53] INFO  impl.LeaderElection (LeaderElection.java:logAndReturn(93)) -   Response 0: omNode-3<-omNode-2#0:FAIL-t4
2021-08-28 05:53:43,877 [omNode-3@group-523986131536-LeaderElection53] INFO  impl.LeaderElection (LogUtils.java:infoOrTrace(137)) -   Exception 1: java.util.concurrent.ExecutionException: org.apache.ratis.thirdparty.io.grpc.StatusRuntimeException: UNAVAILABLE: io exception
2021-08-28 05:53:43,877 [omNode-3@group-523986131536-LeaderElection53] INFO  impl.LeaderElection (LeaderElection.java:askForVotes(308)) - omNode-3@group-523986131536-LeaderElection53 ELECTION round 0: result REJECTED
2021-08-28 05:53:43,877 [omNode-3@group-523986131536-LeaderElection53] INFO  server.RaftServer$Division (RaftServerImpl.java:setRole(285)) - omNode-3@group-523986131536: changes role from CANDIDATE to FOLLOWER at term 4 for REJECTED
2021-08-28 05:53:43,877 [omNode-3@group-523986131536-LeaderElection53] INFO  impl.RoleInfo (RoleInfo.java:shutdownLeaderElection(121)) - omNode-3: shutdown omNode-3@group-523986131536-LeaderElection53
2021-08-28 05:53:43,878 [omNode-3@group-523986131536-LeaderElection53] INFO  impl.RoleInfo (RoleInfo.java:updateAndGet(130)) - omNode-3: start omNode-3@group-523986131536-FollowerState
2021-08-28 05:53:43,961 [EndpointStateMachine task thread for /0.0.0.0:43701 - 0 ] INFO  ipc.Client (Client.java:handleConnectionFailure(977)) - Retrying connect to server: 0.0.0.0/0.0.0.0:43701. Already tried 13 time(s); retry policy is RetryUpToMaximumCountWithFixedSleep(maxRetries=15, sleepTime=1000 MILLISECONDS)
2021-08-28 05:53:44,339 [EndpointStateMachine task thread for /0.0.0.0:36115 - 0 ] INFO  ipc.Client (Client.java:handleConnectionFailure(977)) - Retrying connect to server: 0.0.0.0/0.0.0.0:36115. Already tried 9 time(s); retry policy is RetryUpToMaximumCountWithFixedSleep(maxRetries=15, sleepTime=1000 MILLISECONDS)
2021-08-28 05:53:44,888 [omNode-3@group-523986131536-FollowerState] INFO  impl.FollowerState (FollowerState.java:run(134)) - omNode-3@group-523986131536-FollowerState: change to CANDIDATE, lastRpcElapsedTime:1010483754ns, electionTimeout:1010ms
2021-08-28 05:53:44,888 [omNode-3@group-523986131536-FollowerState] INFO  impl.RoleInfo (RoleInfo.java:shutdownFollowerState(108)) - omNode-3: shutdown omNode-3@group-523986131536-FollowerState
2021-08-28 05:53:44,888 [omNode-3@group-523986131536-FollowerState] INFO  server.RaftServer$Division (RaftServerImpl.java:setRole(285)) - omNode-3@group-523986131536: changes role from  FOLLOWER to CANDIDATE at term 4 for changeToCandidate
2021-08-28 05:53:44,888 [omNode-3@group-523986131536-FollowerState] INFO  server.RaftServerConfigKeys (ConfUtils.java:logGet(44)) - raft.server.leaderelection.pre-vote = false (custom)
2021-08-28 05:53:44,888 [omNode-3@group-523986131536-FollowerState] INFO  impl.RoleInfo (RoleInfo.java:updateAndGet(130)) - omNode-3: start omNode-3@group-523986131536-LeaderElection54
2021-08-28 05:53:44,907 [omNode-3@group-523986131536-LeaderElection54] INFO  impl.LeaderElection (LeaderElection.java:askForVotes(306)) - omNode-3@group-523986131536-LeaderElection54 ELECTION round 0: submit vote requests at term 5 for 0: [omNode-3|rpc:localhost:11540|admin:|client:|dataStream:|priority:0, omNode-1|rpc:localhost:11528|admin:|client:|dataStream:|priority:0, omNode-2|rpc:localhost:11534|admin:|client:|dataStream:|priority:0], old=null
2021-08-28 05:53:44,909 [omNode-3@group-523986131536-LeaderElection54] INFO  impl.LeaderElection (LogUtils.java:infoOrTrace(137)) - omNode-3@group-523986131536-LeaderElection54 got exception when requesting votes: java.util.concurrent.ExecutionException: org.apache.ratis.thirdparty.io.grpc.StatusRuntimeException: UNAVAILABLE: io exception
2021-08-28 05:53:44,910 [grpc-default-executor-6] INFO  server.RaftServer$Division (RaftServerImpl.java:requestVote(1043)) - omNode-2@group-523986131536: receive requestVote(ELECTION, omNode-3, group-523986131536, 5, (t:1, i:5))
2021-08-28 05:53:44,910 [grpc-default-executor-6] INFO  impl.VoteContext (VoteContext.java:log(48)) - omNode-2@group-523986131536-FOLLOWER: reject ELECTION from omNode-3: our last entry (t:1, i:6) > candidate's last entry (t:1, i:5)
2021-08-28 05:53:44,910 [grpc-default-executor-6] INFO  server.RaftServer$Division (RaftServerImpl.java:setRole(285)) - omNode-2@group-523986131536: changes role from  FOLLOWER to FOLLOWER at term 5 for candidate:omNode-3
2021-08-28 05:53:44,910 [grpc-default-executor-6] INFO  impl.RoleInfo (RoleInfo.java:shutdownFollowerState(108)) - omNode-2: shutdown omNode-2@group-523986131536-FollowerState
2021-08-28 05:53:44,910 [grpc-default-executor-6] INFO  impl.RoleInfo (RoleInfo.java:updateAndGet(130)) - omNode-2: start omNode-2@group-523986131536-FollowerState
2021-08-28 05:53:44,911 [omNode-2@group-523986131536-FollowerState] INFO  impl.FollowerState (FollowerState.java:run(143)) - omNode-2@group-523986131536-FollowerState was interrupted: {}
java.lang.InterruptedException: sleep interrupted
	at java.lang.Thread.sleep(Native Method)
	at java.lang.Thread.sleep(Thread.java:340)
	at java.util.concurrent.TimeUnit.sleep(TimeUnit.java:386)
	at org.apache.ratis.util.TimeDuration.sleep(TimeDuration.java:324)
	at org.apache.ratis.util.TimeDuration.sleep(TimeDuration.java:309)
	at org.apache.ratis.server.impl.FollowerState.run(FollowerState.java:118)
2021-08-28 05:53:44,931 [grpc-default-executor-6] INFO  server.RaftServer$Division (RaftServerImpl.java:requestVote(1075)) - omNode-2@group-523986131536 replies to ELECTION vote request: omNode-3<-omNode-2#0:FAIL-t5. Peer's state: omNode-2@group-523986131536:t5, leader=null, voted=null, raftlog=omNode-2@group-523986131536-SegmentedRaftLog:OPENED:c5,f6,i6, conf=0: [omNode-3|rpc:localhost:11540|admin:|client:|dataStream:|priority:0, omNode-1|rpc:localhost:11528|admin:|client:|dataStream:|priority:0, omNode-2|rpc:localhost:11534|admin:|client:|dataStream:|priority:0], old=null
2021-08-28 05:53:44,932 [omNode-3@group-523986131536-LeaderElection54] INFO  impl.LeaderElection (LeaderElection.java:logAndReturn(89)) - omNode-3@group-523986131536-LeaderElection54: ELECTION REJECTED received 1 response(s) and 1 exception(s):
2021-08-28 05:53:44,932 [omNode-3@group-523986131536-LeaderElection54] INFO  impl.LeaderElection (LeaderElection.java:logAndReturn(93)) -   Response 0: omNode-3<-omNode-2#0:FAIL-t5
2021-08-28 05:53:44,933 [omNode-3@group-523986131536-LeaderElection54] INFO  impl.LeaderElection (LogUtils.java:infoOrTrace(137)) -   Exception 1: java.util.concurrent.ExecutionException: org.apache.ratis.thirdparty.io.grpc.StatusRuntimeException: UNAVAILABLE: io exception
2021-08-28 05:53:44,933 [omNode-3@group-523986131536-LeaderElection54] INFO  impl.LeaderElection (LeaderElection.java:askForVotes(308)) - omNode-3@group-523986131536-LeaderElection54 ELECTION round 0: result REJECTED
2021-08-28 05:53:44,933 [omNode-3@group-523986131536-LeaderElection54] INFO  server.RaftServer$Division (RaftServerImpl.java:setRole(285)) - omNode-3@group-523986131536: changes role from CANDIDATE to FOLLOWER at term 5 for REJECTED
2021-08-28 05:53:44,933 [omNode-3@group-523986131536-LeaderElection54] INFO  impl.RoleInfo (RoleInfo.java:shutdownLeaderElection(121)) - omNode-3: shutdown omNode-3@group-523986131536-LeaderElection54
2021-08-28 05:53:44,933 [omNode-3@group-523986131536-LeaderElection54] INFO  impl.RoleInfo (RoleInfo.java:updateAndGet(130)) - omNode-3: start omNode-3@group-523986131536-FollowerState
2021-08-28 05:53:44,966 [EndpointStateMachine task thread for /0.0.0.0:43701 - 0 ] INFO  ipc.Client (Client.java:handleConnectionFailure(977)) - Retrying connect to server: 0.0.0.0/0.0.0.0:43701. Already tried 14 time(s); retry policy is RetryUpToMaximumCountWithFixedSleep(maxRetries=15, sleepTime=1000 MILLISECONDS)
2021-08-28 05:53:45,339 [176ebb76-54ef-4fc7-b036-d3478a12c0d9@group-3BD747763059-FollowerState] INFO  impl.FollowerState (FollowerState.java:run(134)) - 176ebb76-54ef-4fc7-b036-d3478a12c0d9@group-3BD747763059-FollowerState: change to CANDIDATE, lastRpcElapsedTime:5052633479ns, electionTimeout:5004ms
2021-08-28 05:53:45,339 [176ebb76-54ef-4fc7-b036-d3478a12c0d9@group-3BD747763059-FollowerState] INFO  impl.RoleInfo (RoleInfo.java:shutdownFollowerState(108)) - 176ebb76-54ef-4fc7-b036-d3478a12c0d9: shutdown 176ebb76-54ef-4fc7-b036-d3478a12c0d9@group-3BD747763059-FollowerState
2021-08-28 05:53:45,339 [176ebb76-54ef-4fc7-b036-d3478a12c0d9@group-3BD747763059-FollowerState] INFO  server.RaftServer$Division (RaftServerImpl.java:setRole(285)) - 176ebb76-54ef-4fc7-b036-d3478a12c0d9@group-3BD747763059: changes role from  FOLLOWER to CANDIDATE at term 2 for changeToCandidate
2021-08-28 05:53:45,339 [176ebb76-54ef-4fc7-b036-d3478a12c0d9@group-3BD747763059-FollowerState] INFO  server.RaftServerConfigKeys (ConfUtils.java:logGet(44)) - raft.server.leaderelection.pre-vote = false (custom)
2021-08-28 05:53:45,339 [176ebb76-54ef-4fc7-b036-d3478a12c0d9@group-3BD747763059-FollowerState] INFO  impl.RoleInfo (RoleInfo.java:updateAndGet(130)) - 176ebb76-54ef-4fc7-b036-d3478a12c0d9: start 176ebb76-54ef-4fc7-b036-d3478a12c0d9@group-3BD747763059-LeaderElection55
2021-08-28 05:53:45,343 [EndpointStateMachine task thread for /0.0.0.0:36115 - 0 ] INFO  ipc.Client (Client.java:handleConnectionFailure(977)) - Retrying connect to server: 0.0.0.0/0.0.0.0:36115. Already tried 10 time(s); retry policy is RetryUpToMaximumCountWithFixedSleep(maxRetries=15, sleepTime=1000 MILLISECONDS)
2021-08-28 05:53:45,345 [176ebb76-54ef-4fc7-b036-d3478a12c0d9@group-3BD747763059-LeaderElection55] INFO  impl.LeaderElection (LeaderElection.java:askForVotes(306)) - 176ebb76-54ef-4fc7-b036-d3478a12c0d9@group-3BD747763059-LeaderElection55 ELECTION round 0: submit vote requests at term 3 for -1: [3d8f492e-e4fc-40a7-8280-263d1b336f05|rpc:10.1.0.40:33843|priority:0, 176ebb76-54ef-4fc7-b036-d3478a12c0d9|rpc:10.1.0.40:36625|priority:0, 130b495e-4981-4bfb-aed1-18e9f65aa3b8|rpc:10.1.0.40:34925|priority:1], old=null
2021-08-28 05:53:45,358 [grpc-default-executor-5] INFO  server.RaftServer$Division (RaftServerImpl.java:requestVote(1043)) - 3d8f492e-e4fc-40a7-8280-263d1b336f05@group-3BD747763059: receive requestVote(ELECTION, 176ebb76-54ef-4fc7-b036-d3478a12c0d9, group-3BD747763059, 3, (t:0, i:0))
2021-08-28 05:53:45,358 [grpc-default-executor-5] INFO  impl.VoteContext (VoteContext.java:log(48)) - 3d8f492e-e4fc-40a7-8280-263d1b336f05@group-3BD747763059-FOLLOWER: accept ELECTION from 176ebb76-54ef-4fc7-b036-d3478a12c0d9: our priority 0 <= candidate's priority 0
2021-08-28 05:53:45,358 [grpc-default-executor-5] INFO  server.RaftServer$Division (RaftServerImpl.java:setRole(285)) - 3d8f492e-e4fc-40a7-8280-263d1b336f05@group-3BD747763059: changes role from  FOLLOWER to FOLLOWER at term 3 for candidate:176ebb76-54ef-4fc7-b036-d3478a12c0d9
2021-08-28 05:53:45,359 [grpc-default-executor-5] INFO  impl.RoleInfo (RoleInfo.java:shutdownFollowerState(108)) - 3d8f492e-e4fc-40a7-8280-263d1b336f05: shutdown 3d8f492e-e4fc-40a7-8280-263d1b336f05@group-3BD747763059-FollowerState
2021-08-28 05:53:45,359 [grpc-default-executor-5] INFO  impl.RoleInfo (RoleInfo.java:updateAndGet(130)) - 3d8f492e-e4fc-40a7-8280-263d1b336f05: start 3d8f492e-e4fc-40a7-8280-263d1b336f05@group-3BD747763059-FollowerState
2021-08-28 05:53:45,359 [3d8f492e-e4fc-40a7-8280-263d1b336f05@group-3BD747763059-FollowerState] INFO  impl.FollowerState (FollowerState.java:run(143)) - 3d8f492e-e4fc-40a7-8280-263d1b336f05@group-3BD747763059-FollowerState was interrupted: {}
java.lang.InterruptedException: sleep interrupted
	at java.lang.Thread.sleep(Native Method)
	at java.lang.Thread.sleep(Thread.java:340)
	at java.util.concurrent.TimeUnit.sleep(TimeUnit.java:386)
	at org.apache.ratis.util.TimeDuration.sleep(TimeDuration.java:324)
	at org.apache.ratis.util.TimeDuration.sleep(TimeDuration.java:309)
	at org.apache.ratis.server.impl.FollowerState.run(FollowerState.java:118)
2021-08-28 05:53:45,359 [grpc-default-executor-6] INFO  server.RaftServer$Division (RaftServerImpl.java:requestVote(1043)) - 130b495e-4981-4bfb-aed1-18e9f65aa3b8@group-3BD747763059: receive requestVote(ELECTION, 176ebb76-54ef-4fc7-b036-d3478a12c0d9, group-3BD747763059, 3, (t:0, i:0))
2021-08-28 05:53:45,359 [grpc-default-executor-6] INFO  impl.VoteContext (VoteContext.java:log(48)) - 130b495e-4981-4bfb-aed1-18e9f65aa3b8@group-3BD747763059-FOLLOWER: reject ELECTION from 176ebb76-54ef-4fc7-b036-d3478a12c0d9: our priority 1 > candidate's priority 0
2021-08-28 05:53:45,359 [grpc-default-executor-6] INFO  server.RaftServer$Division (RaftServerImpl.java:setRole(285)) - 130b495e-4981-4bfb-aed1-18e9f65aa3b8@group-3BD747763059: changes role from  FOLLOWER to FOLLOWER at term 3 for candidate:176ebb76-54ef-4fc7-b036-d3478a12c0d9
2021-08-28 05:53:45,359 [grpc-default-executor-6] INFO  impl.RoleInfo (RoleInfo.java:shutdownFollowerState(108)) - 130b495e-4981-4bfb-aed1-18e9f65aa3b8: shutdown 130b495e-4981-4bfb-aed1-18e9f65aa3b8@group-3BD747763059-FollowerState
2021-08-28 05:53:45,361 [grpc-default-executor-6] INFO  impl.RoleInfo (RoleInfo.java:updateAndGet(130)) - 130b495e-4981-4bfb-aed1-18e9f65aa3b8: start 130b495e-4981-4bfb-aed1-18e9f65aa3b8@group-3BD747763059-FollowerState
2021-08-28 05:53:45,362 [130b495e-4981-4bfb-aed1-18e9f65aa3b8@group-3BD747763059-FollowerState] INFO  impl.FollowerState (FollowerState.java:run(143)) - 130b495e-4981-4bfb-aed1-18e9f65aa3b8@group-3BD747763059-FollowerState was interrupted: {}
java.lang.InterruptedException: sleep interrupted
	at java.lang.Thread.sleep(Native Method)
	at java.lang.Thread.sleep(Thread.java:340)
	at java.util.concurrent.TimeUnit.sleep(TimeUnit.java:386)
	at org.apache.ratis.util.TimeDuration.sleep(TimeDuration.java:324)
	at org.apache.ratis.util.TimeDuration.sleep(TimeDuration.java:309)
	at org.apache.ratis.server.impl.FollowerState.run(FollowerState.java:118)
2021-08-28 05:53:45,374 [grpc-default-executor-5] INFO  server.RaftServer$Division (RaftServerImpl.java:requestVote(1075)) - 3d8f492e-e4fc-40a7-8280-263d1b336f05@group-3BD747763059 replies to ELECTION vote request: 176ebb76-54ef-4fc7-b036-d3478a12c0d9<-3d8f492e-e4fc-40a7-8280-263d1b336f05#0:OK-t3. Peer's state: 3d8f492e-e4fc-40a7-8280-263d1b336f05@group-3BD747763059:t3, leader=null, voted=176ebb76-54ef-4fc7-b036-d3478a12c0d9, raftlog=3d8f492e-e4fc-40a7-8280-263d1b336f05@group-3BD747763059-SegmentedRaftLog:OPENED:c-1,f-1,i0, conf=-1: [3d8f492e-e4fc-40a7-8280-263d1b336f05|rpc:10.1.0.40:33843|dataStream:|priority:0, 176ebb76-54ef-4fc7-b036-d3478a12c0d9|rpc:10.1.0.40:36625|dataStream:|priority:0, 130b495e-4981-4bfb-aed1-18e9f65aa3b8|rpc:10.1.0.40:34925|dataStream:|priority:1], old=null
2021-08-28 05:53:45,378 [grpc-default-executor-6] INFO  server.RaftServer$Division (RaftServerImpl.java:requestVote(1075)) - 130b495e-4981-4bfb-aed1-18e9f65aa3b8@group-3BD747763059 replies to ELECTION vote request: 176ebb76-54ef-4fc7-b036-d3478a12c0d9<-130b495e-4981-4bfb-aed1-18e9f65aa3b8#0:FAIL-t3. Peer's state: 130b495e-4981-4bfb-aed1-18e9f65aa3b8@group-3BD747763059:t3, leader=null, voted=null, raftlog=130b495e-4981-4bfb-aed1-18e9f65aa3b8@group-3BD747763059-SegmentedRaftLog:OPENED:c-1,f-1,i0, conf=-1: [3d8f492e-e4fc-40a7-8280-263d1b336f05|rpc:10.1.0.40:33843|priority:0, 176ebb76-54ef-4fc7-b036-d3478a12c0d9|rpc:10.1.0.40:36625|priority:0, 130b495e-4981-4bfb-aed1-18e9f65aa3b8|rpc:10.1.0.40:34925|priority:1], old=null
2021-08-28 05:53:45,379 [176ebb76-54ef-4fc7-b036-d3478a12c0d9@group-3BD747763059-LeaderElection55] INFO  impl.LeaderElection (LeaderElection.java:logAndReturn(89)) - 176ebb76-54ef-4fc7-b036-d3478a12c0d9@group-3BD747763059-LeaderElection55: ELECTION REJECTED received 2 response(s) and 0 exception(s):
2021-08-28 05:53:45,379 [176ebb76-54ef-4fc7-b036-d3478a12c0d9@group-3BD747763059-LeaderElection55] INFO  impl.LeaderElection (LeaderElection.java:logAndReturn(93)) -   Response 0: 176ebb76-54ef-4fc7-b036-d3478a12c0d9<-3d8f492e-e4fc-40a7-8280-263d1b336f05#0:OK-t3
2021-08-28 05:53:45,379 [176ebb76-54ef-4fc7-b036-d3478a12c0d9@group-3BD747763059-LeaderElection55] INFO  impl.LeaderElection (LeaderElection.java:logAndReturn(93)) -   Response 1: 176ebb76-54ef-4fc7-b036-d3478a12c0d9<-130b495e-4981-4bfb-aed1-18e9f65aa3b8#0:FAIL-t3
2021-08-28 05:53:45,379 [176ebb76-54ef-4fc7-b036-d3478a12c0d9@group-3BD747763059-LeaderElection55] INFO  impl.LeaderElection (LeaderElection.java:askForVotes(308)) - 176ebb76-54ef-4fc7-b036-d3478a12c0d9@group-3BD747763059-LeaderElection55 ELECTION round 0: result REJECTED
2021-08-28 05:53:45,379 [176ebb76-54ef-4fc7-b036-d3478a12c0d9@group-3BD747763059-LeaderElection55] INFO  server.RaftServer$Division (RaftServerImpl.java:setRole(285)) - 176ebb76-54ef-4fc7-b036-d3478a12c0d9@group-3BD747763059: changes role from CANDIDATE to FOLLOWER at term 3 for REJECTED
2021-08-28 05:53:45,379 [176ebb76-54ef-4fc7-b036-d3478a12c0d9@group-3BD747763059-LeaderElection55] INFO  impl.RoleInfo (RoleInfo.java:shutdownLeaderElection(121)) - 176ebb76-54ef-4fc7-b036-d3478a12c0d9: shutdown 176ebb76-54ef-4fc7-b036-d3478a12c0d9@group-3BD747763059-LeaderElection55
2021-08-28 05:53:45,379 [176ebb76-54ef-4fc7-b036-d3478a12c0d9@group-3BD747763059-LeaderElection55] INFO  impl.RoleInfo (RoleInfo.java:updateAndGet(130)) - 176ebb76-54ef-4fc7-b036-d3478a12c0d9: start 176ebb76-54ef-4fc7-b036-d3478a12c0d9@group-3BD747763059-FollowerState
2021-08-28 05:53:45,969 [omNode-3@group-523986131536-FollowerState] INFO  impl.FollowerState (FollowerState.java:run(134)) - omNode-3@group-523986131536-FollowerState: change to CANDIDATE, lastRpcElapsedTime:1036120454ns, electionTimeout:1032ms
2021-08-28 05:53:45,969 [omNode-3@group-523986131536-FollowerState] INFO  impl.RoleInfo (RoleInfo.java:shutdownFollowerState(108)) - omNode-3: shutdown omNode-3@group-523986131536-FollowerState
2021-08-28 05:53:45,969 [omNode-3@group-523986131536-FollowerState] INFO  server.RaftServer$Division (RaftServerImpl.java:setRole(285)) - omNode-3@group-523986131536: changes role from  FOLLOWER to CANDIDATE at term 5 for changeToCandidate
2021-08-28 05:53:45,969 [omNode-3@group-523986131536-FollowerState] INFO  server.RaftServerConfigKeys (ConfUtils.java:logGet(44)) - raft.server.leaderelection.pre-vote = false (custom)
2021-08-28 05:53:45,969 [omNode-3@group-523986131536-FollowerState] INFO  impl.RoleInfo (RoleInfo.java:updateAndGet(130)) - omNode-3: start omNode-3@group-523986131536-LeaderElection56
2021-08-28 05:53:45,979 [EndpointStateMachine task thread for /0.0.0.0:43701 - 0 ] INFO  ipc.Client (Client.java:handleConnectionFailure(977)) - Retrying connect to server: 0.0.0.0/0.0.0.0:43701. Already tried 0 time(s); retry policy is RetryUpToMaximumCountWithFixedSleep(maxRetries=15, sleepTime=1000 MILLISECONDS)
2021-08-28 05:53:45,981 [omNode-3@group-523986131536-LeaderElection56] INFO  impl.LeaderElection (LeaderElection.java:askForVotes(306)) - omNode-3@group-523986131536-LeaderElection56 ELECTION round 0: submit vote requests at term 6 for 0: [omNode-3|rpc:localhost:11540|admin:|client:|dataStream:|priority:0, omNode-1|rpc:localhost:11528|admin:|client:|dataStream:|priority:0, omNode-2|rpc:localhost:11534|admin:|client:|dataStream:|priority:0], old=null
2021-08-28 05:53:45,985 [omNode-3@group-523986131536-LeaderElection56] INFO  impl.LeaderElection (LogUtils.java:infoOrTrace(137)) - omNode-3@group-523986131536-LeaderElection56 got exception when requesting votes: java.util.concurrent.ExecutionException: org.apache.ratis.thirdparty.io.grpc.StatusRuntimeException: UNAVAILABLE: io exception
2021-08-28 05:53:45,990 [grpc-default-executor-6] INFO  server.RaftServer$Division (RaftServerImpl.java:requestVote(1043)) - omNode-2@group-523986131536: receive requestVote(ELECTION, omNode-3, group-523986131536, 6, (t:1, i:5))
2021-08-28 05:53:45,990 [grpc-default-executor-6] INFO  impl.VoteContext (VoteContext.java:log(48)) - omNode-2@group-523986131536-FOLLOWER: reject ELECTION from omNode-3: our last entry (t:1, i:6) > candidate's last entry (t:1, i:5)
2021-08-28 05:53:45,990 [grpc-default-executor-6] INFO  server.RaftServer$Division (RaftServerImpl.java:setRole(285)) - omNode-2@group-523986131536: changes role from  FOLLOWER to FOLLOWER at term 6 for candidate:omNode-3
2021-08-28 05:53:45,990 [grpc-default-executor-6] INFO  impl.RoleInfo (RoleInfo.java:shutdownFollowerState(108)) - omNode-2: shutdown omNode-2@group-523986131536-FollowerState
2021-08-28 05:53:45,990 [grpc-default-executor-6] INFO  impl.RoleInfo (RoleInfo.java:updateAndGet(130)) - omNode-2: start omNode-2@group-523986131536-FollowerState
2021-08-28 05:53:45,991 [omNode-2@group-523986131536-FollowerState] INFO  impl.FollowerState (FollowerState.java:run(143)) - omNode-2@group-523986131536-FollowerState was interrupted: {}
java.lang.InterruptedException: sleep interrupted
	at java.lang.Thread.sleep(Native Method)
	at java.lang.Thread.sleep(Thread.java:340)
	at java.util.concurrent.TimeUnit.sleep(TimeUnit.java:386)
	at org.apache.ratis.util.TimeDuration.sleep(TimeDuration.java:324)
	at org.apache.ratis.util.TimeDuration.sleep(TimeDuration.java:309)
	at org.apache.ratis.server.impl.FollowerState.run(FollowerState.java:118)
2021-08-28 05:53:46,003 [grpc-default-executor-6] INFO  server.RaftServer$Division (RaftServerImpl.java:requestVote(1075)) - omNode-2@group-523986131536 replies to ELECTION vote request: omNode-3<-omNode-2#0:FAIL-t6. Peer's state: omNode-2@group-523986131536:t6, leader=null, voted=null, raftlog=omNode-2@group-523986131536-SegmentedRaftLog:OPENED:c5,f6,i6, conf=0: [omNode-3|rpc:localhost:11540|admin:|client:|dataStream:|priority:0, omNode-1|rpc:localhost:11528|admin:|client:|dataStream:|priority:0, omNode-2|rpc:localhost:11534|admin:|client:|dataStream:|priority:0], old=null
2021-08-28 05:53:46,014 [omNode-3@group-523986131536-LeaderElection56] INFO  impl.LeaderElection (LeaderElection.java:logAndReturn(89)) - omNode-3@group-523986131536-LeaderElection56: ELECTION REJECTED received 1 response(s) and 1 exception(s):
2021-08-28 05:53:46,014 [omNode-3@group-523986131536-LeaderElection56] INFO  impl.LeaderElection (LeaderElection.java:logAndReturn(93)) -   Response 0: omNode-3<-omNode-2#0:FAIL-t6
2021-08-28 05:53:46,014 [omNode-3@group-523986131536-LeaderElection56] INFO  impl.LeaderElection (LogUtils.java:infoOrTrace(137)) -   Exception 1: java.util.concurrent.ExecutionException: org.apache.ratis.thirdparty.io.grpc.StatusRuntimeException: UNAVAILABLE: io exception
2021-08-28 05:53:46,014 [omNode-3@group-523986131536-LeaderElection56] INFO  impl.LeaderElection (LeaderElection.java:askForVotes(308)) - omNode-3@group-523986131536-LeaderElection56 ELECTION round 0: result REJECTED
2021-08-28 05:53:46,014 [omNode-3@group-523986131536-LeaderElection56] INFO  server.RaftServer$Division (RaftServerImpl.java:setRole(285)) - omNode-3@group-523986131536: changes role from CANDIDATE to FOLLOWER at term 6 for REJECTED
2021-08-28 05:53:46,014 [omNode-3@group-523986131536-LeaderElection56] INFO  impl.RoleInfo (RoleInfo.java:shutdownLeaderElection(121)) - omNode-3: shutdown omNode-3@group-523986131536-LeaderElection56
2021-08-28 05:53:46,014 [omNode-3@group-523986131536-LeaderElection56] INFO  impl.RoleInfo (RoleInfo.java:updateAndGet(130)) - omNode-3: start omNode-3@group-523986131536-FollowerState
2021-08-28 05:53:46,343 [EndpointStateMachine task thread for /0.0.0.0:36115 - 0 ] INFO  ipc.Client (Client.java:handleConnectionFailure(977)) - Retrying connect to server: 0.0.0.0/0.0.0.0:36115. Already tried 11 time(s); retry policy is RetryUpToMaximumCountWithFixedSleep(maxRetries=15, sleepTime=1000 MILLISECONDS)
2021-08-28 05:53:46,980 [EndpointStateMachine task thread for /0.0.0.0:43701 - 0 ] INFO  ipc.Client (Client.java:handleConnectionFailure(977)) - Retrying connect to server: 0.0.0.0/0.0.0.0:43701. Already tried 1 time(s); retry policy is RetryUpToMaximumCountWithFixedSleep(maxRetries=15, sleepTime=1000 MILLISECONDS)
2021-08-28 05:53:47,095 [omNode-3@group-523986131536-FollowerState] INFO  impl.FollowerState (FollowerState.java:run(134)) - omNode-3@group-523986131536-FollowerState: change to CANDIDATE, lastRpcElapsedTime:1080344626ns, electionTimeout:1072ms
2021-08-28 05:53:47,095 [omNode-3@group-523986131536-FollowerState] INFO  impl.RoleInfo (RoleInfo.java:shutdownFollowerState(108)) - omNode-3: shutdown omNode-3@group-523986131536-FollowerState
2021-08-28 05:53:47,095 [omNode-3@group-523986131536-FollowerState] INFO  server.RaftServer$Division (RaftServerImpl.java:setRole(285)) - omNode-3@group-523986131536: changes role from  FOLLOWER to CANDIDATE at term 6 for changeToCandidate
2021-08-28 05:53:47,095 [omNode-3@group-523986131536-FollowerState] INFO  server.RaftServerConfigKeys (ConfUtils.java:logGet(44)) - raft.server.leaderelection.pre-vote = false (custom)
2021-08-28 05:53:47,095 [omNode-3@group-523986131536-FollowerState] INFO  impl.RoleInfo (RoleInfo.java:updateAndGet(130)) - omNode-3: start omNode-3@group-523986131536-LeaderElection57
2021-08-28 05:53:47,118 [omNode-3@group-523986131536-LeaderElection57] INFO  impl.LeaderElection (LeaderElection.java:askForVotes(306)) - omNode-3@group-523986131536-LeaderElection57 ELECTION round 0: submit vote requests at term 7 for 0: [omNode-3|rpc:localhost:11540|admin:|client:|dataStream:|priority:0, omNode-1|rpc:localhost:11528|admin:|client:|dataStream:|priority:0, omNode-2|rpc:localhost:11534|admin:|client:|dataStream:|priority:0], old=null
2021-08-28 05:53:47,131 [omNode-3@group-523986131536-LeaderElection57] INFO  impl.LeaderElection (LogUtils.java:infoOrTrace(137)) - omNode-3@group-523986131536-LeaderElection57 got exception when requesting votes: java.util.concurrent.ExecutionException: org.apache.ratis.thirdparty.io.grpc.StatusRuntimeException: UNAVAILABLE: io exception
2021-08-28 05:53:47,138 [grpc-default-executor-6] INFO  server.RaftServer$Division (RaftServerImpl.java:requestVote(1043)) - omNode-2@group-523986131536: receive requestVote(ELECTION, omNode-3, group-523986131536, 7, (t:1, i:5))
2021-08-28 05:53:47,138 [grpc-default-executor-6] INFO  impl.VoteContext (VoteContext.java:log(48)) - omNode-2@group-523986131536-FOLLOWER: reject ELECTION from omNode-3: our last entry (t:1, i:6) > candidate's last entry (t:1, i:5)
2021-08-28 05:53:47,139 [grpc-default-executor-6] INFO  server.RaftServer$Division (RaftServerImpl.java:setRole(285)) - omNode-2@group-523986131536: changes role from  FOLLOWER to FOLLOWER at term 7 for candidate:omNode-3
2021-08-28 05:53:47,139 [grpc-default-executor-6] INFO  impl.RoleInfo (RoleInfo.java:shutdownFollowerState(108)) - omNode-2: shutdown omNode-2@group-523986131536-FollowerState
2021-08-28 05:53:47,139 [grpc-default-executor-6] INFO  impl.RoleInfo (RoleInfo.java:updateAndGet(130)) - omNode-2: start omNode-2@group-523986131536-FollowerState
2021-08-28 05:53:47,139 [omNode-2@group-523986131536-FollowerState] INFO  impl.FollowerState (FollowerState.java:run(143)) - omNode-2@group-523986131536-FollowerState was interrupted: {}
java.lang.InterruptedException: sleep interrupted
	at java.lang.Thread.sleep(Native Method)
	at java.lang.Thread.sleep(Thread.java:340)
	at java.util.concurrent.TimeUnit.sleep(TimeUnit.java:386)
	at org.apache.ratis.util.TimeDuration.sleep(TimeDuration.java:324)
	at org.apache.ratis.util.TimeDuration.sleep(TimeDuration.java:309)
	at org.apache.ratis.server.impl.FollowerState.run(FollowerState.java:118)
2021-08-28 05:53:47,161 [grpc-default-executor-6] INFO  server.RaftServer$Division (RaftServerImpl.java:requestVote(1075)) - omNode-2@group-523986131536 replies to ELECTION vote request: omNode-3<-omNode-2#0:FAIL-t7. Peer's state: omNode-2@group-523986131536:t7, leader=null, voted=null, raftlog=omNode-2@group-523986131536-SegmentedRaftLog:OPENED:c5,f6,i6, conf=0: [omNode-3|rpc:localhost:11540|admin:|client:|dataStream:|priority:0, omNode-1|rpc:localhost:11528|admin:|client:|dataStream:|priority:0, omNode-2|rpc:localhost:11534|admin:|client:|dataStream:|priority:0], old=null
2021-08-28 05:53:47,161 [omNode-3@group-523986131536-LeaderElection57] INFO  impl.LeaderElection (LeaderElection.java:logAndReturn(89)) - omNode-3@group-523986131536-LeaderElection57: ELECTION REJECTED received 1 response(s) and 1 exception(s):
2021-08-28 05:53:47,162 [omNode-3@group-523986131536-LeaderElection57] INFO  impl.LeaderElection (LeaderElection.java:logAndReturn(93)) -   Response 0: omNode-3<-omNode-2#0:FAIL-t7
2021-08-28 05:53:47,162 [omNode-3@group-523986131536-LeaderElection57] INFO  impl.LeaderElection (LogUtils.java:infoOrTrace(137)) -   Exception 1: java.util.concurrent.ExecutionException: org.apache.ratis.thirdparty.io.grpc.StatusRuntimeException: UNAVAILABLE: io exception
2021-08-28 05:53:47,162 [omNode-3@group-523986131536-LeaderElection57] INFO  impl.LeaderElection (LeaderElection.java:askForVotes(308)) - omNode-3@group-523986131536-LeaderElection57 ELECTION round 0: result REJECTED
2021-08-28 05:53:47,162 [omNode-3@group-523986131536-LeaderElection57] INFO  server.RaftServer$Division (RaftServerImpl.java:setRole(285)) - omNode-3@group-523986131536: changes role from CANDIDATE to FOLLOWER at term 7 for REJECTED
2021-08-28 05:53:47,162 [omNode-3@group-523986131536-LeaderElection57] INFO  impl.RoleInfo (RoleInfo.java:shutdownLeaderElection(121)) - omNode-3: shutdown omNode-3@group-523986131536-LeaderElection57
2021-08-28 05:53:47,162 [omNode-3@group-523986131536-LeaderElection57] INFO  impl.RoleInfo (RoleInfo.java:updateAndGet(130)) - omNode-3: start omNode-3@group-523986131536-FollowerState
2021-08-28 05:53:47,344 [EndpointStateMachine task thread for /0.0.0.0:36115 - 0 ] INFO  ipc.Client (Client.java:handleConnectionFailure(977)) - Retrying connect to server: 0.0.0.0/0.0.0.0:36115. Already tried 12 time(s); retry policy is RetryUpToMaximumCountWithFixedSleep(maxRetries=15, sleepTime=1000 MILLISECONDS)
2021-08-28 05:53:47,980 [EndpointStateMachine task thread for /0.0.0.0:43701 - 0 ] INFO  ipc.Client (Client.java:handleConnectionFailure(977)) - Retrying connect to server: 0.0.0.0/0.0.0.0:43701. Already tried 2 time(s); retry policy is RetryUpToMaximumCountWithFixedSleep(maxRetries=15, sleepTime=1000 MILLISECONDS)
2021-08-28 05:53:48,241 [omNode-2@group-523986131536-FollowerState] INFO  impl.FollowerState (FollowerState.java:run(134)) - omNode-2@group-523986131536-FollowerState: change to CANDIDATE, lastRpcElapsedTime:1101920909ns, electionTimeout:1080ms
2021-08-28 05:53:48,241 [omNode-2@group-523986131536-FollowerState] INFO  impl.RoleInfo (RoleInfo.java:shutdownFollowerState(108)) - omNode-2: shutdown omNode-2@group-523986131536-FollowerState
2021-08-28 05:53:48,241 [omNode-2@group-523986131536-FollowerState] INFO  server.RaftServer$Division (RaftServerImpl.java:setRole(285)) - omNode-2@group-523986131536: changes role from  FOLLOWER to CANDIDATE at term 7 for changeToCandidate
2021-08-28 05:53:48,241 [omNode-2@group-523986131536-FollowerState] INFO  server.RaftServerConfigKeys (ConfUtils.java:logGet(44)) - raft.server.leaderelection.pre-vote = false (custom)
2021-08-28 05:53:48,241 [omNode-2@group-523986131536-FollowerState] INFO  impl.RoleInfo (RoleInfo.java:updateAndGet(130)) - omNode-2: start omNode-2@group-523986131536-LeaderElection58
2021-08-28 05:53:48,254 [omNode-3@group-523986131536-FollowerState] INFO  impl.FollowerState (FollowerState.java:run(134)) - omNode-3@group-523986131536-FollowerState: change to CANDIDATE, lastRpcElapsedTime:1092594673ns, electionTimeout:1076ms
2021-08-28 05:53:48,254 [omNode-3@group-523986131536-FollowerState] INFO  impl.RoleInfo (RoleInfo.java:shutdownFollowerState(108)) - omNode-3: shutdown omNode-3@group-523986131536-FollowerState
2021-08-28 05:53:48,254 [omNode-3@group-523986131536-FollowerState] INFO  server.RaftServer$Division (RaftServerImpl.java:setRole(285)) - omNode-3@group-523986131536: changes role from  FOLLOWER to CANDIDATE at term 7 for changeToCandidate
2021-08-28 05:53:48,254 [omNode-3@group-523986131536-FollowerState] INFO  server.RaftServerConfigKeys (ConfUtils.java:logGet(44)) - raft.server.leaderelection.pre-vote = false (custom)
2021-08-28 05:53:48,255 [omNode-3@group-523986131536-FollowerState] INFO  impl.RoleInfo (RoleInfo.java:updateAndGet(130)) - omNode-3: start omNode-3@group-523986131536-LeaderElection59
2021-08-28 05:53:48,260 [omNode-2@group-523986131536-LeaderElection58] INFO  impl.LeaderElection (LeaderElection.java:askForVotes(306)) - omNode-2@group-523986131536-LeaderElection58 ELECTION round 0: submit vote requests at term 8 for 0: [omNode-3|rpc:localhost:11540|admin:|client:|dataStream:|priority:0, omNode-1|rpc:localhost:11528|admin:|client:|dataStream:|priority:0, omNode-2|rpc:localhost:11534|admin:|client:|dataStream:|priority:0], old=null
2021-08-28 05:53:48,279 [grpc-default-executor-6] INFO  server.RaftServer$Division (RaftServerImpl.java:requestVote(1043)) - omNode-3@group-523986131536: receive requestVote(ELECTION, omNode-2, group-523986131536, 8, (t:1, i:6))
2021-08-28 05:53:48,294 [omNode-3@group-523986131536-LeaderElection59] INFO  impl.LeaderElection (LeaderElection.java:askForVotes(306)) - omNode-3@group-523986131536-LeaderElection59 ELECTION round 0: submit vote requests at term 8 for 0: [omNode-3|rpc:localhost:11540|admin:|client:|dataStream:|priority:0, omNode-1|rpc:localhost:11528|admin:|client:|dataStream:|priority:0, omNode-2|rpc:localhost:11534|admin:|client:|dataStream:|priority:0], old=null
2021-08-28 05:53:48,294 [grpc-default-executor-6] INFO  impl.VoteContext (VoteContext.java:log(48)) - omNode-3@group-523986131536-CANDIDATE: reject ELECTION from omNode-2: already has voted for omNode-3 at current term 8
2021-08-28 05:53:48,295 [grpc-default-executor-6] INFO  server.RaftServer$Division (RaftServerImpl.java:requestVote(1075)) - omNode-3@group-523986131536 replies to ELECTION vote request: omNode-2<-omNode-3#0:FAIL-t8. Peer's state: omNode-3@group-523986131536:t8, leader=null, voted=omNode-3, raftlog=omNode-3@group-523986131536-SegmentedRaftLog:OPENED:c3,f5,i5, conf=0: [omNode-3|rpc:localhost:11540|admin:|client:|dataStream:|priority:0, omNode-1|rpc:localhost:11528|admin:|client:|dataStream:|priority:0, omNode-2|rpc:localhost:11534|admin:|client:|dataStream:|priority:0], old=null
2021-08-28 05:53:48,299 [omNode-3@group-523986131536-LeaderElection59] INFO  impl.LeaderElection (LogUtils.java:infoOrTrace(137)) - omNode-3@group-523986131536-LeaderElection59 got exception when requesting votes: java.util.concurrent.ExecutionException: org.apache.ratis.thirdparty.io.grpc.StatusRuntimeException: UNAVAILABLE: io exception
2021-08-28 05:53:48,319 [grpc-default-executor-6] INFO  server.RaftServer$Division (RaftServerImpl.java:requestVote(1043)) - omNode-2@group-523986131536: receive requestVote(ELECTION, omNode-3, group-523986131536, 8, (t:1, i:5))
2021-08-28 05:53:48,319 [grpc-default-executor-6] INFO  impl.VoteContext (VoteContext.java:log(48)) - omNode-2@group-523986131536-CANDIDATE: reject ELECTION from omNode-3: already has voted for omNode-2 at current term 8
2021-08-28 05:53:48,319 [grpc-default-executor-6] INFO  server.RaftServer$Division (RaftServerImpl.java:requestVote(1075)) - omNode-2@group-523986131536 replies to ELECTION vote request: omNode-3<-omNode-2#0:FAIL-t8. Peer's state: omNode-2@group-523986131536:t8, leader=null, voted=omNode-2, raftlog=omNode-2@group-523986131536-SegmentedRaftLog:OPENED:c5,f6,i6, conf=0: [omNode-3|rpc:localhost:11540|admin:|client:|dataStream:|priority:0, omNode-1|rpc:localhost:11528|admin:|client:|dataStream:|priority:0, omNode-2|rpc:localhost:11534|admin:|client:|dataStream:|priority:0], old=null
2021-08-28 05:53:48,322 [omNode-3@group-523986131536-LeaderElection59] INFO  impl.LeaderElection (LeaderElection.java:logAndReturn(89)) - omNode-3@group-523986131536-LeaderElection59: ELECTION REJECTED received 1 response(s) and 1 exception(s):
2021-08-28 05:53:48,322 [omNode-3@group-523986131536-LeaderElection59] INFO  impl.LeaderElection (LeaderElection.java:logAndReturn(93)) -   Response 0: omNode-3<-omNode-2#0:FAIL-t8
2021-08-28 05:53:48,322 [omNode-3@group-523986131536-LeaderElection59] INFO  impl.LeaderElection (LogUtils.java:infoOrTrace(137)) -   Exception 1: java.util.concurrent.ExecutionException: org.apache.ratis.thirdparty.io.grpc.StatusRuntimeException: UNAVAILABLE: io exception
2021-08-28 05:53:48,322 [omNode-3@group-523986131536-LeaderElection59] INFO  impl.LeaderElection (LeaderElection.java:askForVotes(308)) - omNode-3@group-523986131536-LeaderElection59 ELECTION round 0: result REJECTED
2021-08-28 05:53:48,322 [omNode-3@group-523986131536-LeaderElection59] INFO  server.RaftServer$Division (RaftServerImpl.java:setRole(285)) - omNode-3@group-523986131536: changes role from CANDIDATE to FOLLOWER at term 8 for REJECTED
2021-08-28 05:53:48,322 [omNode-3@group-523986131536-LeaderElection59] INFO  impl.RoleInfo (RoleInfo.java:shutdownLeaderElection(121)) - omNode-3: shutdown omNode-3@group-523986131536-LeaderElection59
2021-08-28 05:53:48,322 [omNode-3@group-523986131536-LeaderElection59] INFO  impl.RoleInfo (RoleInfo.java:updateAndGet(130)) - omNode-3: start omNode-3@group-523986131536-FollowerState
2021-08-28 05:53:48,325 [omNode-2@group-523986131536-LeaderElection58] INFO  impl.LeaderElection (LogUtils.java:infoOrTrace(137)) - omNode-2@group-523986131536-LeaderElection58 got exception when requesting votes: java.util.concurrent.ExecutionException: org.apache.ratis.thirdparty.io.grpc.StatusRuntimeException: UNAVAILABLE: io exception
2021-08-28 05:53:48,325 [omNode-2@group-523986131536-LeaderElection58] INFO  impl.LeaderElection (LeaderElection.java:logAndReturn(89)) - omNode-2@group-523986131536-LeaderElection58: ELECTION REJECTED received 1 response(s) and 1 exception(s):
2021-08-28 05:53:48,325 [omNode-2@group-523986131536-LeaderElection58] INFO  impl.LeaderElection (LeaderElection.java:logAndReturn(93)) -   Response 0: omNode-2<-omNode-3#0:FAIL-t8
2021-08-28 05:53:48,325 [omNode-2@group-523986131536-LeaderElection58] INFO  impl.LeaderElection (LogUtils.java:infoOrTrace(137)) -   Exception 1: java.util.concurrent.ExecutionException: org.apache.ratis.thirdparty.io.grpc.StatusRuntimeException: UNAVAILABLE: io exception
2021-08-28 05:53:48,325 [omNode-2@group-523986131536-LeaderElection58] INFO  impl.LeaderElection (LeaderElection.java:askForVotes(308)) - omNode-2@group-523986131536-LeaderElection58 ELECTION round 0: result REJECTED
2021-08-28 05:53:48,325 [omNode-2@group-523986131536-LeaderElection58] INFO  server.RaftServer$Division (RaftServerImpl.java:setRole(285)) - omNode-2@group-523986131536: changes role from CANDIDATE to FOLLOWER at term 8 for REJECTED
2021-08-28 05:53:48,325 [omNode-2@group-523986131536-LeaderElection58] INFO  impl.RoleInfo (RoleInfo.java:shutdownLeaderElection(121)) - omNode-2: shutdown omNode-2@group-523986131536-LeaderElection58
2021-08-28 05:53:48,325 [omNode-2@group-523986131536-LeaderElection58] INFO  impl.RoleInfo (RoleInfo.java:updateAndGet(130)) - omNode-2: start omNode-2@group-523986131536-FollowerState
2021-08-28 05:53:48,345 [EndpointStateMachine task thread for /0.0.0.0:36115 - 0 ] INFO  ipc.Client (Client.java:handleConnectionFailure(977)) - Retrying connect to server: 0.0.0.0/0.0.0.0:36115. Already tried 13 time(s); retry policy is RetryUpToMaximumCountWithFixedSleep(maxRetries=15, sleepTime=1000 MILLISECONDS)
2021-08-28 05:53:48,517 [Listener at 127.0.0.1/11536] INFO  retry.RetryInvocationHandler (RetryInvocationHandler.java:log(411)) - com.google.protobuf.ServiceException: java.io.EOFException: End of File Exception between local host is: "fv-az50-59/10.1.0.40"; destination host is: "localhost":11524; : java.io.EOFException; For more details see:  http://wiki.apache.org/hadoop/EOFException, while invoking $Proxy50.submitRequest over nodeId=omNode-1,nodeAddress=127.0.0.1:11524. Trying to failover immediately.
2021-08-28 05:53:48,540 [Listener at 127.0.0.1/11536] INFO  retry.RetryInvocationHandler (RetryInvocationHandler.java:log(411)) - com.google.protobuf.ServiceException: org.apache.hadoop.ipc.RemoteException(org.apache.hadoop.ozone.om.exceptions.OMNotLeaderException): OM:omNode-2 is not the leader. Could not determine the leader node.
	at org.apache.hadoop.ozone.om.ratis.utils.OzoneManagerRatisUtils.createNotLeaderException(OzoneManagerRatisUtils.java:421)
	at org.apache.hadoop.ozone.om.ratis.utils.OzoneManagerRatisUtils.checkLeaderStatus(OzoneManagerRatisUtils.java:407)
	at org.apache.hadoop.ozone.protocolPB.OzoneManagerProtocolServerSideTranslatorPB.checkLeaderStatus(OzoneManagerProtocolServerSideTranslatorPB.java:240)
	at org.apache.hadoop.ozone.protocolPB.OzoneManagerProtocolServerSideTranslatorPB.processRequest(OzoneManagerProtocolServerSideTranslatorPB.java:135)
	at org.apache.hadoop.hdds.server.OzoneProtocolMessageDispatcher.processRequest(OzoneProtocolMessageDispatcher.java:87)
	at org.apache.hadoop.ozone.protocolPB.OzoneManagerProtocolServerSideTranslatorPB.submitRequest(OzoneManagerProtocolServerSideTranslatorPB.java:123)
	at org.apache.hadoop.ozone.protocol.proto.OzoneManagerProtocolProtos$OzoneManagerService$2.callBlockingMethod(OzoneManagerProtocolProtos.java)
	at org.apache.hadoop.ipc.ProtobufRpcEngine$Server.processCall(ProtobufRpcEngine.java:466)
	at org.apache.hadoop.ipc.ProtobufRpcEngine2$Server$ProtoBufRpcInvoker.call(ProtobufRpcEngine2.java:574)
	at org.apache.hadoop.ipc.ProtobufRpcEngine2$Server$ProtoBufRpcInvoker.call(ProtobufRpcEngine2.java:552)
	at org.apache.hadoop.ipc.RPC$Server.call(RPC.java:1093)
	at org.apache.hadoop.ipc.Server$RpcCall.run(Server.java:1035)
	at org.apache.hadoop.ipc.Server$RpcCall.run(Server.java:963)
	at java.security.AccessController.doPrivileged(Native Method)
	at javax.security.auth.Subject.doAs(Subject.java:422)
	at org.apache.hadoop.security.UserGroupInformation.doAs(UserGroupInformation.java:1878)
	at org.apache.hadoop.ipc.Server$Handler.run(Server.java:2966)
, while invoking $Proxy50.submitRequest over nodeId=omNode-2,nodeAddress=127.0.0.1:11530 after 1 failover attempts. Trying to failover immediately.
2021-08-28 05:53:48,553 [Listener at 127.0.0.1/11536] INFO  retry.RetryInvocationHandler (RetryInvocationHandler.java:log(411)) - com.google.protobuf.ServiceException: org.apache.hadoop.ipc.RemoteException(org.apache.hadoop.ozone.om.exceptions.OMNotLeaderException): OM:omNode-3 is not the leader. Could not determine the leader node.
	at org.apache.hadoop.ozone.om.ratis.utils.OzoneManagerRatisUtils.createNotLeaderException(OzoneManagerRatisUtils.java:421)
	at org.apache.hadoop.ozone.om.ratis.utils.OzoneManagerRatisUtils.checkLeaderStatus(OzoneManagerRatisUtils.java:407)
	at org.apache.hadoop.ozone.protocolPB.OzoneManagerProtocolServerSideTranslatorPB.checkLeaderStatus(OzoneManagerProtocolServerSideTranslatorPB.java:240)
	at org.apache.hadoop.ozone.protocolPB.OzoneManagerProtocolServerSideTranslatorPB.processRequest(OzoneManagerProtocolServerSideTranslatorPB.java:135)
	at org.apache.hadoop.hdds.server.OzoneProtocolMessageDispatcher.processRequest(OzoneProtocolMessageDispatcher.java:87)
	at org.apache.hadoop.ozone.protocolPB.OzoneManagerProtocolServerSideTranslatorPB.submitRequest(OzoneManagerProtocolServerSideTranslatorPB.java:123)
	at org.apache.hadoop.ozone.protocol.proto.OzoneManagerProtocolProtos$OzoneManagerService$2.callBlockingMethod(OzoneManagerProtocolProtos.java)
	at org.apache.hadoop.ipc.ProtobufRpcEngine$Server.processCall(ProtobufRpcEngine.java:466)
	at org.apache.hadoop.ipc.ProtobufRpcEngine2$Server$ProtoBufRpcInvoker.call(ProtobufRpcEngine2.java:574)
	at org.apache.hadoop.ipc.ProtobufRpcEngine2$Server$ProtoBufRpcInvoker.call(ProtobufRpcEngine2.java:552)
	at org.apache.hadoop.ipc.RPC$Server.call(RPC.java:1093)
	at org.apache.hadoop.ipc.Server$RpcCall.run(Server.java:1035)
	at org.apache.hadoop.ipc.Server$RpcCall.run(Server.java:963)
	at java.security.AccessController.doPrivileged(Native Method)
	at javax.security.auth.Subject.doAs(Subject.java:422)
	at org.apache.hadoop.security.UserGroupInformation.doAs(UserGroupInformation.java:1878)
	at org.apache.hadoop.ipc.Server$Handler.run(Server.java:2966)
, while invoking $Proxy50.submitRequest over nodeId=omNode-3,nodeAddress=127.0.0.1:11536 after 2 failover attempts. Trying to failover after sleeping for 2000ms.
2021-08-28 05:53:48,982 [EndpointStateMachine task thread for /0.0.0.0:43701 - 0 ] INFO  ipc.Client (Client.java:handleConnectionFailure(977)) - Retrying connect to server: 0.0.0.0/0.0.0.0:43701. Already tried 3 time(s); retry policy is RetryUpToMaximumCountWithFixedSleep(maxRetries=15, sleepTime=1000 MILLISECONDS)
2021-08-28 05:53:49,346 [EndpointStateMachine task thread for /0.0.0.0:36115 - 0 ] INFO  ipc.Client (Client.java:handleConnectionFailure(977)) - Retrying connect to server: 0.0.0.0/0.0.0.0:36115. Already tried 14 time(s); retry policy is RetryUpToMaximumCountWithFixedSleep(maxRetries=15, sleepTime=1000 MILLISECONDS)
2021-08-28 05:53:49,393 [omNode-3@group-523986131536-FollowerState] INFO  impl.FollowerState (FollowerState.java:run(134)) - omNode-3@group-523986131536-FollowerState: change to CANDIDATE, lastRpcElapsedTime:1071187289ns, electionTimeout:1068ms
2021-08-28 05:53:49,394 [omNode-3@group-523986131536-FollowerState] INFO  impl.RoleInfo (RoleInfo.java:shutdownFollowerState(108)) - omNode-3: shutdown omNode-3@group-523986131536-FollowerState
2021-08-28 05:53:49,394 [omNode-3@group-523986131536-FollowerState] INFO  server.RaftServer$Division (RaftServerImpl.java:setRole(285)) - omNode-3@group-523986131536: changes role from  FOLLOWER to CANDIDATE at term 8 for changeToCandidate
2021-08-28 05:53:49,394 [omNode-3@group-523986131536-FollowerState] INFO  server.RaftServerConfigKeys (ConfUtils.java:logGet(44)) - raft.server.leaderelection.pre-vote = false (custom)
2021-08-28 05:53:49,394 [omNode-3@group-523986131536-FollowerState] INFO  impl.RoleInfo (RoleInfo.java:updateAndGet(130)) - omNode-3: start omNode-3@group-523986131536-LeaderElection60
2021-08-28 05:53:49,415 [omNode-2@group-523986131536-FollowerState] INFO  impl.FollowerState (FollowerState.java:run(134)) - omNode-2@group-523986131536-FollowerState: change to CANDIDATE, lastRpcElapsedTime:1090266464ns, electionTimeout:1086ms
2021-08-28 05:53:49,415 [omNode-2@group-523986131536-FollowerState] INFO  impl.RoleInfo (RoleInfo.java:shutdownFollowerState(108)) - omNode-2: shutdown omNode-2@group-523986131536-FollowerState
2021-08-28 05:53:49,416 [omNode-2@group-523986131536-FollowerState] INFO  server.RaftServer$Division (RaftServerImpl.java:setRole(285)) - omNode-2@group-523986131536: changes role from  FOLLOWER to CANDIDATE at term 8 for changeToCandidate
2021-08-28 05:53:49,416 [omNode-2@group-523986131536-FollowerState] INFO  server.RaftServerConfigKeys (ConfUtils.java:logGet(44)) - raft.server.leaderelection.pre-vote = false (custom)
2021-08-28 05:53:49,416 [omNode-2@group-523986131536-FollowerState] INFO  impl.RoleInfo (RoleInfo.java:updateAndGet(130)) - omNode-2: start omNode-2@group-523986131536-LeaderElection61
2021-08-28 05:53:49,431 [omNode-3@group-523986131536-LeaderElection60] INFO  impl.LeaderElection (LeaderElection.java:askForVotes(306)) - omNode-3@group-523986131536-LeaderElection60 ELECTION round 0: submit vote requests at term 9 for 0: [omNode-3|rpc:localhost:11540|admin:|client:|dataStream:|priority:0, omNode-1|rpc:localhost:11528|admin:|client:|dataStream:|priority:0, omNode-2|rpc:localhost:11534|admin:|client:|dataStream:|priority:0], old=null
2021-08-28 05:53:49,434 [omNode-3@group-523986131536-LeaderElection60] INFO  impl.LeaderElection (LogUtils.java:infoOrTrace(137)) - omNode-3@group-523986131536-LeaderElection60 got exception when requesting votes: java.util.concurrent.ExecutionException: org.apache.ratis.thirdparty.io.grpc.StatusRuntimeException: UNAVAILABLE: io exception
2021-08-28 05:53:49,450 [omNode-2@group-523986131536-LeaderElection61] INFO  impl.LeaderElection (LeaderElection.java:askForVotes(306)) - omNode-2@group-523986131536-LeaderElection61 ELECTION round 0: submit vote requests at term 9 for 0: [omNode-3|rpc:localhost:11540|admin:|client:|dataStream:|priority:0, omNode-1|rpc:localhost:11528|admin:|client:|dataStream:|priority:0, omNode-2|rpc:localhost:11534|admin:|client:|dataStream:|priority:0], old=null
2021-08-28 05:53:49,488 [grpc-default-executor-6] INFO  server.RaftServer$Division (RaftServerImpl.java:requestVote(1043)) - omNode-3@group-523986131536: receive requestVote(ELECTION, omNode-2, group-523986131536, 9, (t:1, i:6))
2021-08-28 05:53:49,488 [grpc-default-executor-6] INFO  impl.VoteContext (VoteContext.java:log(48)) - omNode-3@group-523986131536-CANDIDATE: reject ELECTION from omNode-2: already has voted for omNode-3 at current term 9
2021-08-28 05:53:49,488 [grpc-default-executor-6] INFO  server.RaftServer$Division (RaftServerImpl.java:requestVote(1075)) - omNode-3@group-523986131536 replies to ELECTION vote request: omNode-2<-omNode-3#0:FAIL-t9. Peer's state: omNode-3@group-523986131536:t9, leader=null, voted=omNode-3, raftlog=omNode-3@group-523986131536-SegmentedRaftLog:OPENED:c3,f5,i5, conf=0: [omNode-3|rpc:localhost:11540|admin:|client:|dataStream:|priority:0, omNode-1|rpc:localhost:11528|admin:|client:|dataStream:|priority:0, omNode-2|rpc:localhost:11534|admin:|client:|dataStream:|priority:0], old=null
2021-08-28 05:53:49,489 [grpc-default-executor-6] INFO  server.RaftServer$Division (RaftServerImpl.java:requestVote(1043)) - omNode-2@group-523986131536: receive requestVote(ELECTION, omNode-3, group-523986131536, 9, (t:1, i:5))
2021-08-28 05:53:49,489 [grpc-default-executor-6] INFO  impl.VoteContext (VoteContext.java:log(48)) - omNode-2@group-523986131536-CANDIDATE: reject ELECTION from omNode-3: already has voted for omNode-2 at current term 9
2021-08-28 05:53:49,489 [grpc-default-executor-6] INFO  server.RaftServer$Division (RaftServerImpl.java:requestVote(1075)) - omNode-2@group-523986131536 replies to ELECTION vote request: omNode-3<-omNode-2#0:FAIL-t9. Peer's state: omNode-2@group-523986131536:t9, leader=null, voted=omNode-2, raftlog=omNode-2@group-523986131536-SegmentedRaftLog:OPENED:c5,f6,i6, conf=0: [omNode-3|rpc:localhost:11540|admin:|client:|dataStream:|priority:0, omNode-1|rpc:localhost:11528|admin:|client:|dataStream:|priority:0, omNode-2|rpc:localhost:11534|admin:|client:|dataStream:|priority:0], old=null
2021-08-28 05:53:49,490 [omNode-3@group-523986131536-LeaderElection60] INFO  impl.LeaderElection (LeaderElection.java:logAndReturn(89)) - omNode-3@group-523986131536-LeaderElection60: ELECTION REJECTED received 1 response(s) and 1 exception(s):
2021-08-28 05:53:49,490 [omNode-3@group-523986131536-LeaderElection60] INFO  impl.LeaderElection (LeaderElection.java:logAndReturn(93)) -   Response 0: omNode-3<-omNode-2#0:FAIL-t9
2021-08-28 05:53:49,490 [omNode-3@group-523986131536-LeaderElection60] INFO  impl.LeaderElection (LogUtils.java:infoOrTrace(137)) -   Exception 1: java.util.concurrent.ExecutionException: org.apache.ratis.thirdparty.io.grpc.StatusRuntimeException: UNAVAILABLE: io exception
2021-08-28 05:53:49,490 [omNode-3@group-523986131536-LeaderElection60] INFO  impl.LeaderElection (LeaderElection.java:askForVotes(308)) - omNode-3@group-523986131536-LeaderElection60 ELECTION round 0: result REJECTED
2021-08-28 05:53:49,490 [omNode-3@group-523986131536-LeaderElection60] INFO  server.RaftServer$Division (RaftServerImpl.java:setRole(285)) - omNode-3@group-523986131536: changes role from CANDIDATE to FOLLOWER at term 9 for REJECTED
2021-08-28 05:53:49,490 [omNode-3@group-523986131536-LeaderElection60] INFO  impl.RoleInfo (RoleInfo.java:shutdownLeaderElection(121)) - omNode-3: shutdown omNode-3@group-523986131536-LeaderElection60
2021-08-28 05:53:49,490 [omNode-3@group-523986131536-LeaderElection60] INFO  impl.RoleInfo (RoleInfo.java:updateAndGet(130)) - omNode-3: start omNode-3@group-523986131536-FollowerState
2021-08-28 05:53:49,498 [omNode-2@group-523986131536-LeaderElection61] INFO  impl.LeaderElection (LogUtils.java:infoOrTrace(137)) - omNode-2@group-523986131536-LeaderElection61 got exception when requesting votes: java.util.concurrent.ExecutionException: org.apache.ratis.thirdparty.io.grpc.StatusRuntimeException: UNAVAILABLE: io exception
2021-08-28 05:53:49,498 [omNode-2@group-523986131536-LeaderElection61] INFO  impl.LeaderElection (LeaderElection.java:logAndReturn(89)) - omNode-2@group-523986131536-LeaderElection61: ELECTION REJECTED received 1 response(s) and 1 exception(s):
2021-08-28 05:53:49,498 [omNode-2@group-523986131536-LeaderElection61] INFO  impl.LeaderElection (LeaderElection.java:logAndReturn(93)) -   Response 0: omNode-2<-omNode-3#0:FAIL-t9
2021-08-28 05:53:49,498 [omNode-2@group-523986131536-LeaderElection61] INFO  impl.LeaderElection (LogUtils.java:infoOrTrace(137)) -   Exception 1: java.util.concurrent.ExecutionException: org.apache.ratis.thirdparty.io.grpc.StatusRuntimeException: UNAVAILABLE: io exception
2021-08-28 05:53:49,499 [omNode-2@group-523986131536-LeaderElection61] INFO  impl.LeaderElection (LeaderElection.java:askForVotes(308)) - omNode-2@group-523986131536-LeaderElection61 ELECTION round 0: result REJECTED
2021-08-28 05:53:49,499 [omNode-2@group-523986131536-LeaderElection61] INFO  server.RaftServer$Division (RaftServerImpl.java:setRole(285)) - omNode-2@group-523986131536: changes role from CANDIDATE to FOLLOWER at term 9 for REJECTED
2021-08-28 05:53:49,499 [omNode-2@group-523986131536-LeaderElection61] INFO  impl.RoleInfo (RoleInfo.java:shutdownLeaderElection(121)) - omNode-2: shutdown omNode-2@group-523986131536-LeaderElection61
2021-08-28 05:53:49,499 [omNode-2@group-523986131536-LeaderElection61] INFO  impl.RoleInfo (RoleInfo.java:updateAndGet(130)) - omNode-2: start omNode-2@group-523986131536-FollowerState
2021-08-28 05:53:49,983 [EndpointStateMachine task thread for /0.0.0.0:43701 - 0 ] INFO  ipc.Client (Client.java:handleConnectionFailure(977)) - Retrying connect to server: 0.0.0.0/0.0.0.0:43701. Already tried 4 time(s); retry policy is RetryUpToMaximumCountWithFixedSleep(maxRetries=15, sleepTime=1000 MILLISECONDS)
2021-08-28 05:53:50,347 [EndpointStateMachine task thread for /0.0.0.0:36115 - 0 ] INFO  ipc.Client (Client.java:handleConnectionFailure(977)) - Retrying connect to server: 0.0.0.0/0.0.0.0:36115. Already tried 0 time(s); retry policy is RetryUpToMaximumCountWithFixedSleep(maxRetries=15, sleepTime=1000 MILLISECONDS)
2021-08-28 05:53:50,403 [176ebb76-54ef-4fc7-b036-d3478a12c0d9@group-3BD747763059-FollowerState] INFO  impl.FollowerState (FollowerState.java:run(134)) - 176ebb76-54ef-4fc7-b036-d3478a12c0d9@group-3BD747763059-FollowerState: change to CANDIDATE, lastRpcElapsedTime:5023484848ns, electionTimeout:5016ms
2021-08-28 05:53:50,403 [176ebb76-54ef-4fc7-b036-d3478a12c0d9@group-3BD747763059-FollowerState] INFO  impl.RoleInfo (RoleInfo.java:shutdownFollowerState(108)) - 176ebb76-54ef-4fc7-b036-d3478a12c0d9: shutdown 176ebb76-54ef-4fc7-b036-d3478a12c0d9@group-3BD747763059-FollowerState
2021-08-28 05:53:50,403 [176ebb76-54ef-4fc7-b036-d3478a12c0d9@group-3BD747763059-FollowerState] INFO  server.RaftServer$Division (RaftServerImpl.java:setRole(285)) - 176ebb76-54ef-4fc7-b036-d3478a12c0d9@group-3BD747763059: changes role from  FOLLOWER to CANDIDATE at term 3 for changeToCandidate
2021-08-28 05:53:50,403 [176ebb76-54ef-4fc7-b036-d3478a12c0d9@group-3BD747763059-FollowerState] INFO  server.RaftServerConfigKeys (ConfUtils.java:logGet(44)) - raft.server.leaderelection.pre-vote = false (custom)
2021-08-28 05:53:50,403 [176ebb76-54ef-4fc7-b036-d3478a12c0d9@group-3BD747763059-FollowerState] INFO  impl.RoleInfo (RoleInfo.java:updateAndGet(130)) - 176ebb76-54ef-4fc7-b036-d3478a12c0d9: start 176ebb76-54ef-4fc7-b036-d3478a12c0d9@group-3BD747763059-LeaderElection62
2021-08-28 05:53:50,419 [176ebb76-54ef-4fc7-b036-d3478a12c0d9@group-3BD747763059-LeaderElection62] INFO  impl.LeaderElection (LeaderElection.java:askForVotes(306)) - 176ebb76-54ef-4fc7-b036-d3478a12c0d9@group-3BD747763059-LeaderElection62 ELECTION round 0: submit vote requests at term 4 for -1: [3d8f492e-e4fc-40a7-8280-263d1b336f05|rpc:10.1.0.40:33843|priority:0, 176ebb76-54ef-4fc7-b036-d3478a12c0d9|rpc:10.1.0.40:36625|priority:0, 130b495e-4981-4bfb-aed1-18e9f65aa3b8|rpc:10.1.0.40:34925|priority:1], old=null
2021-08-28 05:53:50,424 [grpc-default-executor-6] INFO  server.RaftServer$Division (RaftServerImpl.java:requestVote(1043)) - 3d8f492e-e4fc-40a7-8280-263d1b336f05@group-3BD747763059: receive requestVote(ELECTION, 176ebb76-54ef-4fc7-b036-d3478a12c0d9, group-3BD747763059, 4, (t:0, i:0))
2021-08-28 05:53:50,425 [grpc-default-executor-6] INFO  impl.VoteContext (VoteContext.java:log(48)) - 3d8f492e-e4fc-40a7-8280-263d1b336f05@group-3BD747763059-FOLLOWER: accept ELECTION from 176ebb76-54ef-4fc7-b036-d3478a12c0d9: our priority 0 <= candidate's priority 0
2021-08-28 05:53:50,425 [grpc-default-executor-6] INFO  server.RaftServer$Division (RaftServerImpl.java:setRole(285)) - 3d8f492e-e4fc-40a7-8280-263d1b336f05@group-3BD747763059: changes role from  FOLLOWER to FOLLOWER at term 4 for candidate:176ebb76-54ef-4fc7-b036-d3478a12c0d9
2021-08-28 05:53:50,425 [grpc-default-executor-6] INFO  impl.RoleInfo (RoleInfo.java:shutdownFollowerState(108)) - 3d8f492e-e4fc-40a7-8280-263d1b336f05: shutdown 3d8f492e-e4fc-40a7-8280-263d1b336f05@group-3BD747763059-FollowerState
2021-08-28 05:53:50,425 [grpc-default-executor-6] INFO  impl.RoleInfo (RoleInfo.java:updateAndGet(130)) - 3d8f492e-e4fc-40a7-8280-263d1b336f05: start 3d8f492e-e4fc-40a7-8280-263d1b336f05@group-3BD747763059-FollowerState
2021-08-28 05:53:50,425 [3d8f492e-e4fc-40a7-8280-263d1b336f05@group-3BD747763059-FollowerState] INFO  impl.FollowerState (FollowerState.java:run(143)) - 3d8f492e-e4fc-40a7-8280-263d1b336f05@group-3BD747763059-FollowerState was interrupted: {}
java.lang.InterruptedException: sleep interrupted
	at java.lang.Thread.sleep(Native Method)
	at java.lang.Thread.sleep(Thread.java:340)
	at java.util.concurrent.TimeUnit.sleep(TimeUnit.java:386)
	at org.apache.ratis.util.TimeDuration.sleep(TimeDuration.java:324)
	at org.apache.ratis.util.TimeDuration.sleep(TimeDuration.java:309)
	at org.apache.ratis.server.impl.FollowerState.run(FollowerState.java:118)
2021-08-28 05:53:50,432 [grpc-default-executor-5] INFO  server.RaftServer$Division (RaftServerImpl.java:requestVote(1043)) - 130b495e-4981-4bfb-aed1-18e9f65aa3b8@group-3BD747763059: receive requestVote(ELECTION, 176ebb76-54ef-4fc7-b036-d3478a12c0d9, group-3BD747763059, 4, (t:0, i:0))
2021-08-28 05:53:50,432 [grpc-default-executor-5] INFO  impl.VoteContext (VoteContext.java:log(48)) - 130b495e-4981-4bfb-aed1-18e9f65aa3b8@group-3BD747763059-FOLLOWER: reject ELECTION from 176ebb76-54ef-4fc7-b036-d3478a12c0d9: our priority 1 > candidate's priority 0
2021-08-28 05:53:50,432 [grpc-default-executor-5] INFO  server.RaftServer$Division (RaftServerImpl.java:setRole(285)) - 130b495e-4981-4bfb-aed1-18e9f65aa3b8@group-3BD747763059: changes role from  FOLLOWER to FOLLOWER at term 4 for candidate:176ebb76-54ef-4fc7-b036-d3478a12c0d9
2021-08-28 05:53:50,432 [grpc-default-executor-5] INFO  impl.RoleInfo (RoleInfo.java:shutdownFollowerState(108)) - 130b495e-4981-4bfb-aed1-18e9f65aa3b8: shutdown 130b495e-4981-4bfb-aed1-18e9f65aa3b8@group-3BD747763059-FollowerState
2021-08-28 05:53:50,435 [grpc-default-executor-5] INFO  impl.RoleInfo (RoleInfo.java:updateAndGet(130)) - 130b495e-4981-4bfb-aed1-18e9f65aa3b8: start 130b495e-4981-4bfb-aed1-18e9f65aa3b8@group-3BD747763059-FollowerState
2021-08-28 05:53:50,435 [130b495e-4981-4bfb-aed1-18e9f65aa3b8@group-3BD747763059-FollowerState] INFO  impl.FollowerState (FollowerState.java:run(143)) - 130b495e-4981-4bfb-aed1-18e9f65aa3b8@group-3BD747763059-FollowerState was interrupted: {}
java.lang.InterruptedException: sleep interrupted
	at java.lang.Thread.sleep(Native Method)
	at java.lang.Thread.sleep(Thread.java:340)
	at java.util.concurrent.TimeUnit.sleep(TimeUnit.java:386)
	at org.apache.ratis.util.TimeDuration.sleep(TimeDuration.java:324)
	at org.apache.ratis.util.TimeDuration.sleep(TimeDuration.java:309)
	at org.apache.ratis.server.impl.FollowerState.run(FollowerState.java:118)
2021-08-28 05:53:50,436 [grpc-default-executor-6] INFO  server.RaftServer$Division (RaftServerImpl.java:requestVote(1075)) - 3d8f492e-e4fc-40a7-8280-263d1b336f05@group-3BD747763059 replies to ELECTION vote request: 176ebb76-54ef-4fc7-b036-d3478a12c0d9<-3d8f492e-e4fc-40a7-8280-263d1b336f05#0:OK-t4. Peer's state: 3d8f492e-e4fc-40a7-8280-263d1b336f05@group-3BD747763059:t4, leader=null, voted=176ebb76-54ef-4fc7-b036-d3478a12c0d9, raftlog=3d8f492e-e4fc-40a7-8280-263d1b336f05@group-3BD747763059-SegmentedRaftLog:OPENED:c-1,f-1,i0, conf=-1: [3d8f492e-e4fc-40a7-8280-263d1b336f05|rpc:10.1.0.40:33843|dataStream:|priority:0, 176ebb76-54ef-4fc7-b036-d3478a12c0d9|rpc:10.1.0.40:36625|dataStream:|priority:0, 130b495e-4981-4bfb-aed1-18e9f65aa3b8|rpc:10.1.0.40:34925|dataStream:|priority:1], old=null
2021-08-28 05:53:50,438 [grpc-default-executor-5] INFO  server.RaftServer$Division (RaftServerImpl.java:requestVote(1075)) - 130b495e-4981-4bfb-aed1-18e9f65aa3b8@group-3BD747763059 replies to ELECTION vote request: 176ebb76-54ef-4fc7-b036-d3478a12c0d9<-130b495e-4981-4bfb-aed1-18e9f65aa3b8#0:FAIL-t4. Peer's state: 130b495e-4981-4bfb-aed1-18e9f65aa3b8@group-3BD747763059:t4, leader=null, voted=null, raftlog=130b495e-4981-4bfb-aed1-18e9f65aa3b8@group-3BD747763059-SegmentedRaftLog:OPENED:c-1,f-1,i0, conf=-1: [3d8f492e-e4fc-40a7-8280-263d1b336f05|rpc:10.1.0.40:33843|priority:0, 176ebb76-54ef-4fc7-b036-d3478a12c0d9|rpc:10.1.0.40:36625|priority:0, 130b495e-4981-4bfb-aed1-18e9f65aa3b8|rpc:10.1.0.40:34925|priority:1], old=null
2021-08-28 05:53:50,440 [176ebb76-54ef-4fc7-b036-d3478a12c0d9@group-3BD747763059-LeaderElection62] INFO  impl.LeaderElection (LeaderElection.java:logAndReturn(89)) - 176ebb76-54ef-4fc7-b036-d3478a12c0d9@group-3BD747763059-LeaderElection62: ELECTION REJECTED received 1 response(s) and 0 exception(s):
2021-08-28 05:53:50,440 [176ebb76-54ef-4fc7-b036-d3478a12c0d9@group-3BD747763059-LeaderElection62] INFO  impl.LeaderElection (LeaderElection.java:logAndReturn(93)) -   Response 0: 176ebb76-54ef-4fc7-b036-d3478a12c0d9<-130b495e-4981-4bfb-aed1-18e9f65aa3b8#0:FAIL-t4
2021-08-28 05:53:50,440 [176ebb76-54ef-4fc7-b036-d3478a12c0d9@group-3BD747763059-LeaderElection62] INFO  impl.LeaderElection (LeaderElection.java:askForVotes(308)) - 176ebb76-54ef-4fc7-b036-d3478a12c0d9@group-3BD747763059-LeaderElection62 ELECTION round 0: result REJECTED
2021-08-28 05:53:50,440 [176ebb76-54ef-4fc7-b036-d3478a12c0d9@group-3BD747763059-LeaderElection62] INFO  server.RaftServer$Division (RaftServerImpl.java:setRole(285)) - 176ebb76-54ef-4fc7-b036-d3478a12c0d9@group-3BD747763059: changes role from CANDIDATE to FOLLOWER at term 4 for REJECTED
2021-08-28 05:53:50,440 [176ebb76-54ef-4fc7-b036-d3478a12c0d9@group-3BD747763059-LeaderElection62] INFO  impl.RoleInfo (RoleInfo.java:shutdownLeaderElection(121)) - 176ebb76-54ef-4fc7-b036-d3478a12c0d9: shutdown 176ebb76-54ef-4fc7-b036-d3478a12c0d9@group-3BD747763059-LeaderElection62
2021-08-28 05:53:50,440 [176ebb76-54ef-4fc7-b036-d3478a12c0d9@group-3BD747763059-LeaderElection62] INFO  impl.RoleInfo (RoleInfo.java:updateAndGet(130)) - 176ebb76-54ef-4fc7-b036-d3478a12c0d9: start 176ebb76-54ef-4fc7-b036-d3478a12c0d9@group-3BD747763059-FollowerState
2021-08-28 05:53:50,555 [Listener at 127.0.0.1/11536] INFO  retry.RetryInvocationHandler (RetryInvocationHandler.java:log(411)) - com.google.protobuf.ServiceException: java.net.ConnectException: Call From fv-az50-59/10.1.0.40 to localhost:11524 failed on connection exception: java.net.ConnectException: Connection refused; For more details see:  http://wiki.apache.org/hadoop/ConnectionRefused, while invoking $Proxy50.submitRequest over nodeId=omNode-1,nodeAddress=127.0.0.1:11524 after 3 failover attempts. Trying to failover immediately.
2021-08-28 05:53:50,575 [Listener at 127.0.0.1/11536] INFO  retry.RetryInvocationHandler (RetryInvocationHandler.java:log(411)) - com.google.protobuf.ServiceException: org.apache.hadoop.ipc.RemoteException(org.apache.hadoop.ozone.om.exceptions.OMNotLeaderException): OM:omNode-2 is not the leader. Could not determine the leader node.
	at org.apache.hadoop.ozone.om.ratis.utils.OzoneManagerRatisUtils.createNotLeaderException(OzoneManagerRatisUtils.java:421)
	at org.apache.hadoop.ozone.om.ratis.utils.OzoneManagerRatisUtils.checkLeaderStatus(OzoneManagerRatisUtils.java:407)
	at org.apache.hadoop.ozone.protocolPB.OzoneManagerProtocolServerSideTranslatorPB.checkLeaderStatus(OzoneManagerProtocolServerSideTranslatorPB.java:240)
	at org.apache.hadoop.ozone.protocolPB.OzoneManagerProtocolServerSideTranslatorPB.processRequest(OzoneManagerProtocolServerSideTranslatorPB.java:135)
	at org.apache.hadoop.hdds.server.OzoneProtocolMessageDispatcher.processRequest(OzoneProtocolMessageDispatcher.java:87)
	at org.apache.hadoop.ozone.protocolPB.OzoneManagerProtocolServerSideTranslatorPB.submitRequest(OzoneManagerProtocolServerSideTranslatorPB.java:123)
	at org.apache.hadoop.ozone.protocol.proto.OzoneManagerProtocolProtos$OzoneManagerService$2.callBlockingMethod(OzoneManagerProtocolProtos.java)
	at org.apache.hadoop.ipc.ProtobufRpcEngine$Server.processCall(ProtobufRpcEngine.java:466)
	at org.apache.hadoop.ipc.ProtobufRpcEngine2$Server$ProtoBufRpcInvoker.call(ProtobufRpcEngine2.java:574)
	at org.apache.hadoop.ipc.ProtobufRpcEngine2$Server$ProtoBufRpcInvoker.call(ProtobufRpcEngine2.java:552)
	at org.apache.hadoop.ipc.RPC$Server.call(RPC.java:1093)
	at org.apache.hadoop.ipc.Server$RpcCall.run(Server.java:1035)
	at org.apache.hadoop.ipc.Server$RpcCall.run(Server.java:963)
	at java.security.AccessController.doPrivileged(Native Method)
	at javax.security.auth.Subject.doAs(Subject.java:422)
	at org.apache.hadoop.security.UserGroupInformation.doAs(UserGroupInformation.java:1878)
	at org.apache.hadoop.ipc.Server$Handler.run(Server.java:2966)
, while invoking $Proxy50.submitRequest over nodeId=omNode-2,nodeAddress=127.0.0.1:11530 after 4 failover attempts. Trying to failover immediately.
2021-08-28 05:53:50,591 [Listener at 127.0.0.1/11536] ERROR ha.OMFailoverProxyProvider (OMFailoverProxyProvider.java:getRetryAction(292)) - Failed to connect to OMs: [nodeId=omNode-3,nodeAddress=127.0.0.1:11536, nodeId=omNode-1,nodeAddress=127.0.0.1:11524, nodeId=omNode-2,nodeAddress=127.0.0.1:11530]. Attempted 5 failovers.
2021-08-28 05:53:50,591 [Listener at 127.0.0.1/11536] INFO  ozone.MiniOzoneClusterImpl (MiniOzoneClusterImpl.java:shutdown(453)) - Shutting down the Mini Ozone Cluster
2021-08-28 05:53:50,591 [Listener at 127.0.0.1/11536] INFO  ozone.MiniOzoneHAClusterImpl (MiniOzoneHAClusterImpl.java:stop(298)) - Stopping the OzoneManager omNode-3
2021-08-28 05:53:50,591 [Listener at 127.0.0.1/11536] INFO  om.OzoneManager (OzoneManager.java:stop(1632)) - Stopping Ozone Manager
2021-08-28 05:53:50,591 [Listener at 127.0.0.1/11536] INFO  ipc.Server (Server.java:stop(3414)) - Stopping server on 11536
2021-08-28 05:53:50,606 [IPC Server Responder] INFO  ipc.Server (Server.java:run(1512)) - Stopping IPC Server Responder
2021-08-28 05:53:50,607 [IPC Server listener on 11536] INFO  ipc.Server (Server.java:run(1376)) - Stopping IPC Server listener on 11536
2021-08-28 05:53:50,615 [omNode-2@group-523986131536-FollowerState] INFO  impl.FollowerState (FollowerState.java:run(134)) - omNode-2@group-523986131536-FollowerState: change to CANDIDATE, lastRpcElapsedTime:1116638566ns, electionTimeout:1115ms
2021-08-28 05:53:50,615 [omNode-2@group-523986131536-FollowerState] INFO  impl.RoleInfo (RoleInfo.java:shutdownFollowerState(108)) - omNode-2: shutdown omNode-2@group-523986131536-FollowerState
2021-08-28 05:53:50,615 [omNode-2@group-523986131536-FollowerState] INFO  server.RaftServer$Division (RaftServerImpl.java:setRole(285)) - omNode-2@group-523986131536: changes role from  FOLLOWER to CANDIDATE at term 9 for changeToCandidate
2021-08-28 05:53:50,616 [omNode-2@group-523986131536-FollowerState] INFO  server.RaftServerConfigKeys (ConfUtils.java:logGet(44)) - raft.server.leaderelection.pre-vote = false (custom)
2021-08-28 05:53:50,616 [omNode-2@group-523986131536-FollowerState] INFO  impl.RoleInfo (RoleInfo.java:updateAndGet(130)) - omNode-2: start omNode-2@group-523986131536-LeaderElection63
2021-08-28 05:53:50,616 [Listener at 127.0.0.1/11536] INFO  server.RaftServer (RaftServerProxy.java:lambda$close$6(391)) - omNode-3: close
2021-08-28 05:53:50,617 [Listener at 127.0.0.1/11536] INFO  server.RaftServer$Division (RaftServerImpl.java:lambda$close$4(407)) - omNode-3@group-523986131536: shutdown
2021-08-28 05:53:50,617 [Listener at 127.0.0.1/11536] INFO  util.JmxRegister (JmxRegister.java:unregister(73)) - Successfully un-registered JMX Bean with object name Ratis:service=RaftServer,group=group-523986131536,id=omNode-3
2021-08-28 05:53:50,617 [Listener at 127.0.0.1/11536] INFO  impl.RoleInfo (RoleInfo.java:shutdownFollowerState(108)) - omNode-3: shutdown omNode-3@group-523986131536-FollowerState
2021-08-28 05:53:50,617 [Listener at 127.0.0.1/11536] INFO  impl.StateMachineUpdater (StateMachineUpdater.java:stopAndJoin(149)) - omNode-3@group-523986131536-StateMachineUpdater: set stopIndex = 3
2021-08-28 05:53:50,617 [omNode-3@group-523986131536-StateMachineUpdater] INFO  ratis.OzoneManagerStateMachine (OzoneManagerStateMachine.java:takeSnapshot(417)) - Current Snapshot Index (t:1, i:3)
2021-08-28 05:53:50,617 [omNode-3@group-523986131536-StateMachineUpdater] INFO  impl.StateMachineUpdater (StateMachineUpdater.java:takeSnapshot(281)) - omNode-3@group-523986131536-StateMachineUpdater: Took a snapshot at index 3
2021-08-28 05:53:50,617 [omNode-3@group-523986131536-StateMachineUpdater] INFO  impl.StateMachineUpdater (StateMachineUpdater.java:lambda$new$0(89)) - omNode-3@group-523986131536-StateMachineUpdater: snapshotIndex: updateIncreasingly -1 -> 3
2021-08-28 05:53:50,617 [omNode-3@group-523986131536-StateMachineUpdater] INFO  ratis.OzoneManagerStateMachine (OzoneManagerStateMachine.java:close(471)) - StateMachine has shutdown. Shutdown OzoneManager if not already shutdown.
2021-08-28 05:53:50,618 [Listener at 127.0.0.1/11536] INFO  server.RaftServer$Division (ServerState.java:close(419)) - omNode-3@group-523986131536: closes. applyIndex: 3
2021-08-28 05:53:50,618 [omNode-3@group-523986131536-SegmentedRaftLogWorker] INFO  segmented.SegmentedRaftLogWorker (SegmentedRaftLogWorker.java:run(327)) - omNode-3@group-523986131536-SegmentedRaftLogWorker was interrupted, exiting. There are 0 tasks remaining in the queue.
2021-08-28 05:53:50,621 [omNode-2@group-523986131536-LeaderElection63] INFO  impl.LeaderElection (LeaderElection.java:askForVotes(306)) - omNode-2@group-523986131536-LeaderElection63 ELECTION round 0: submit vote requests at term 10 for 0: [omNode-3|rpc:localhost:11540|admin:|client:|dataStream:|priority:0, omNode-1|rpc:localhost:11528|admin:|client:|dataStream:|priority:0, omNode-2|rpc:localhost:11534|admin:|client:|dataStream:|priority:0], old=null
2021-08-28 05:53:50,622 [Listener at 127.0.0.1/11536] INFO  segmented.SegmentedRaftLogWorker (SegmentedRaftLogWorker.java:close(237)) - omNode-3@group-523986131536-SegmentedRaftLogWorker close()
2021-08-28 05:53:50,624 [grpc-default-executor-5] INFO  server.RaftServer$Division (RaftServerImpl.java:requestVote(1043)) - omNode-3@group-523986131536: receive requestVote(ELECTION, omNode-2, group-523986131536, 10, (t:1, i:6))
2021-08-28 05:53:50,624 [grpc-default-executor-5] WARN  server.GrpcServerProtocolService (LogUtils.java:warn(122)) - omNode-3: Failed requestVote omNode-2->omNode-3#0: org.apache.ratis.protocol.exceptions.ServerNotReadyException: omNode-3@group-523986131536 is not in [RUNNING]: current state is CLOSING
2021-08-28 05:53:50,635 [omNode-2@group-523986131536-LeaderElection63] INFO  impl.LeaderElection (LogUtils.java:infoOrTrace(137)) - omNode-2@group-523986131536-LeaderElection63 got exception when requesting votes: java.util.concurrent.ExecutionException: org.apache.ratis.thirdparty.io.grpc.StatusRuntimeException: INTERNAL: omNode-3@group-523986131536 is not in [RUNNING]: current state is CLOSING
2021-08-28 05:53:50,641 [omNode-3@group-523986131536-FollowerState] INFO  impl.FollowerState (FollowerState.java:run(143)) - omNode-3@group-523986131536-FollowerState was interrupted: {}
java.lang.InterruptedException: sleep interrupted
	at java.lang.Thread.sleep(Native Method)
	at java.lang.Thread.sleep(Thread.java:340)
	at java.util.concurrent.TimeUnit.sleep(TimeUnit.java:386)
	at org.apache.ratis.util.TimeDuration.sleep(TimeDuration.java:324)
	at org.apache.ratis.util.TimeDuration.sleep(TimeDuration.java:309)
	at org.apache.ratis.server.impl.FollowerState.run(FollowerState.java:118)
2021-08-28 05:53:50,649 [Listener at 127.0.0.1/11536] INFO  server.GrpcService (GrpcService.java:closeImpl(262)) - omNode-3: shutdown server with port 11540 now
2021-08-28 05:53:50,664 [omNode-2@group-523986131536-LeaderElection63] INFO  impl.LeaderElection (LogUtils.java:infoOrTrace(137)) - omNode-2@group-523986131536-LeaderElection63 got exception when requesting votes: java.util.concurrent.ExecutionException: org.apache.ratis.thirdparty.io.grpc.StatusRuntimeException: UNAVAILABLE: io exception
2021-08-28 05:53:50,664 [omNode-2@group-523986131536-LeaderElection63] INFO  impl.LeaderElection (LeaderElection.java:logAndReturn(89)) - omNode-2@group-523986131536-LeaderElection63: ELECTION REJECTED received 0 response(s) and 2 exception(s):
2021-08-28 05:53:50,664 [omNode-2@group-523986131536-LeaderElection63] INFO  impl.LeaderElection (LogUtils.java:infoOrTrace(137)) -   Exception 0: java.util.concurrent.ExecutionException: org.apache.ratis.thirdparty.io.grpc.StatusRuntimeException: INTERNAL: omNode-3@group-523986131536 is not in [RUNNING]: current state is CLOSING
2021-08-28 05:53:50,664 [omNode-2@group-523986131536-LeaderElection63] INFO  impl.LeaderElection (LogUtils.java:infoOrTrace(137)) -   Exception 1: java.util.concurrent.ExecutionException: org.apache.ratis.thirdparty.io.grpc.StatusRuntimeException: UNAVAILABLE: io exception
2021-08-28 05:53:50,664 [omNode-2@group-523986131536-LeaderElection63] INFO  impl.LeaderElection (LeaderElection.java:askForVotes(308)) - omNode-2@group-523986131536-LeaderElection63 ELECTION round 0: result REJECTED
2021-08-28 05:53:50,664 [omNode-2@group-523986131536-LeaderElection63] INFO  server.RaftServer$Division (RaftServerImpl.java:setRole(285)) - omNode-2@group-523986131536: changes role from CANDIDATE to FOLLOWER at term 10 for REJECTED
2021-08-28 05:53:50,664 [omNode-2@group-523986131536-LeaderElection63] INFO  impl.RoleInfo (RoleInfo.java:shutdownLeaderElection(121)) - omNode-2: shutdown omNode-2@group-523986131536-LeaderElection63
2021-08-28 05:53:50,664 [omNode-2@group-523986131536-LeaderElection63] INFO  impl.RoleInfo (RoleInfo.java:updateAndGet(130)) - omNode-2: start omNode-2@group-523986131536-FollowerState
2021-08-28 05:53:50,685 [Listener at 127.0.0.1/11536] INFO  server.GrpcService (GrpcService.java:closeImpl(271)) - omNode-3: shutdown server with port 11540 successfully
2021-08-28 05:53:50,685 [org.apache.ratis.util.JvmPauseMonitor$$Lambda$533/26953629@45312651] INFO  util.JvmPauseMonitor (JvmPauseMonitor.java:run(109)) - JvmPauseMonitor-omNode-3: Stopped
2021-08-28 05:53:50,687 [Listener at 127.0.0.1/11536] INFO  ratis.OzoneManagerDoubleBuffer (OzoneManagerDoubleBuffer.java:stop(437)) - Stopping OMDoubleBuffer flush thread
2021-08-28 05:53:50,687 [OMDoubleBufferFlushThread] INFO  ratis.OzoneManagerDoubleBuffer (OzoneManagerDoubleBuffer.java:flushTransactions(356)) - OMDoubleBuffer flush thread OMDoubleBufferFlushThread is interrupted and will exit. OMDoubleBufferFlushThread
2021-08-28 05:53:50,687 [Listener at 127.0.0.1/11536] INFO  utils.BackgroundService (BackgroundService.java:shutdown(132)) - Shutting down service KeyDeletingService
2021-08-28 05:53:50,688 [Listener at 127.0.0.1/11536] INFO  handler.ContextHandler (ContextHandler.java:doStop(1153)) - Stopped o.e.j.w.WebAppContext@7846e255{ozoneManager,/,null,STOPPED}{file:/home/runner/work/ozone/ozone/hadoop-ozone/integration-test/target/test-classes/webapps/ozoneManager}
2021-08-28 05:53:50,689 [Listener at 127.0.0.1/11536] INFO  server.AbstractConnector (AbstractConnector.java:doStop(381)) - Stopped ServerConnector@3746806c{HTTP/1.1, (http/1.1)}{0.0.0.0:11538}
2021-08-28 05:53:50,689 [Listener at 127.0.0.1/11536] INFO  server.session (HouseKeeper.java:stopScavenging(149)) - node0 Stopped scavenging
2021-08-28 05:53:50,689 [Listener at 127.0.0.1/11536] INFO  handler.ContextHandler (ContextHandler.java:doStop(1153)) - Stopped o.e.j.s.ServletContextHandler@2b34f75c{static,/static,file:///home/runner/work/ozone/ozone/hadoop-ozone/integration-test/target/test-classes/webapps/static,STOPPED}
2021-08-28 05:53:50,689 [Listener at 127.0.0.1/11536] INFO  handler.ContextHandler (ContextHandler.java:doStop(1153)) - Stopped o.e.j.s.ServletContextHandler@1a30f13c{logs,/logs,file:///home/runner/work/ozone/ozone/hadoop-ozone/integration-test/target/log,STOPPED}
2021-08-28 05:53:50,691 [Listener at 127.0.0.1/11536] INFO  ozone.MiniOzoneHAClusterImpl (MiniOzoneHAClusterImpl.java:stop(298)) - Stopping the OzoneManager omNode-1
2021-08-28 05:53:50,691 [Listener at 127.0.0.1/11536] INFO  om.OzoneManager (OzoneManager.java:stop(1632)) - Stopping Ozone Manager
2021-08-28 05:53:50,691 [Listener at 127.0.0.1/11536] INFO  ipc.Server (Server.java:stop(3414)) - Stopping server on 11524
2021-08-28 05:53:50,691 [Listener at 127.0.0.1/11536] INFO  ozone.MiniOzoneHAClusterImpl (MiniOzoneHAClusterImpl.java:stop(298)) - Stopping the OzoneManager omNode-2
2021-08-28 05:53:50,691 [Listener at 127.0.0.1/11536] INFO  om.OzoneManager (OzoneManager.java:stop(1632)) - Stopping Ozone Manager
2021-08-28 05:53:50,691 [Listener at 127.0.0.1/11536] INFO  ipc.Server (Server.java:stop(3414)) - Stopping server on 11530
2021-08-28 05:53:50,692 [IPC Server listener on 11530] INFO  ipc.Server (Server.java:run(1376)) - Stopping IPC Server listener on 11530
2021-08-28 05:53:50,700 [IPC Server Responder] INFO  ipc.Server (Server.java:run(1512)) - Stopping IPC Server Responder
2021-08-28 05:53:50,700 [Listener at 127.0.0.1/11536] INFO  server.RaftServer (RaftServerProxy.java:lambda$close$6(391)) - omNode-2: close
2021-08-28 05:53:50,701 [Listener at 127.0.0.1/11536] INFO  server.RaftServer$Division (RaftServerImpl.java:lambda$close$4(407)) - omNode-2@group-523986131536: shutdown
2021-08-28 05:53:50,701 [Listener at 127.0.0.1/11536] INFO  util.JmxRegister (JmxRegister.java:unregister(73)) - Successfully un-registered JMX Bean with object name Ratis:service=RaftServer,group=group-523986131536,id=omNode-2
2021-08-28 05:53:50,701 [Listener at 127.0.0.1/11536] INFO  impl.RoleInfo (RoleInfo.java:shutdownFollowerState(108)) - omNode-2: shutdown omNode-2@group-523986131536-FollowerState
2021-08-28 05:53:50,701 [Listener at 127.0.0.1/11536] INFO  impl.StateMachineUpdater (StateMachineUpdater.java:stopAndJoin(149)) - omNode-2@group-523986131536-StateMachineUpdater: set stopIndex = 5
2021-08-28 05:53:50,701 [omNode-2@group-523986131536-FollowerState] INFO  impl.FollowerState (FollowerState.java:run(143)) - omNode-2@group-523986131536-FollowerState was interrupted: {}
java.lang.InterruptedException: sleep interrupted
	at java.lang.Thread.sleep(Native Method)
	at java.lang.Thread.sleep(Thread.java:340)
	at java.util.concurrent.TimeUnit.sleep(TimeUnit.java:386)
	at org.apache.ratis.util.TimeDuration.sleep(TimeDuration.java:324)
	at org.apache.ratis.util.TimeDuration.sleep(TimeDuration.java:309)
	at org.apache.ratis.server.impl.FollowerState.run(FollowerState.java:118)
2021-08-28 05:53:50,701 [omNode-2@group-523986131536-StateMachineUpdater] INFO  ratis.OzoneManagerStateMachine (OzoneManagerStateMachine.java:takeSnapshot(417)) - Current Snapshot Index (t:1, i:5)
2021-08-28 05:53:50,706 [omNode-2@group-523986131536-StateMachineUpdater] INFO  impl.StateMachineUpdater (StateMachineUpdater.java:takeSnapshot(281)) - omNode-2@group-523986131536-StateMachineUpdater: Took a snapshot at index 5
2021-08-28 05:53:50,706 [omNode-2@group-523986131536-StateMachineUpdater] INFO  impl.StateMachineUpdater (StateMachineUpdater.java:lambda$new$0(89)) - omNode-2@group-523986131536-StateMachineUpdater: snapshotIndex: updateIncreasingly -1 -> 5
2021-08-28 05:53:50,706 [omNode-2@group-523986131536-StateMachineUpdater] INFO  ratis.OzoneManagerStateMachine (OzoneManagerStateMachine.java:close(471)) - StateMachine has shutdown. Shutdown OzoneManager if not already shutdown.
2021-08-28 05:53:50,719 [Listener at 127.0.0.1/11536] INFO  server.RaftServer$Division (ServerState.java:close(419)) - omNode-2@group-523986131536: closes. applyIndex: 5
2021-08-28 05:53:50,719 [omNode-2@group-523986131536-SegmentedRaftLogWorker] INFO  segmented.SegmentedRaftLogWorker (SegmentedRaftLogWorker.java:run(327)) - omNode-2@group-523986131536-SegmentedRaftLogWorker was interrupted, exiting. There are 0 tasks remaining in the queue.
2021-08-28 05:53:50,720 [Listener at 127.0.0.1/11536] INFO  segmented.SegmentedRaftLogWorker (SegmentedRaftLogWorker.java:close(237)) - omNode-2@group-523986131536-SegmentedRaftLogWorker close()
2021-08-28 05:53:50,722 [Listener at 127.0.0.1/11536] INFO  server.GrpcService (GrpcService.java:closeImpl(262)) - omNode-2: shutdown server with port 11534 now
2021-08-28 05:53:50,724 [Listener at 127.0.0.1/11536] INFO  server.GrpcService (GrpcService.java:closeImpl(271)) - omNode-2: shutdown server with port 11534 successfully
2021-08-28 05:53:50,725 [org.apache.ratis.util.JvmPauseMonitor$$Lambda$533/26953629@146af11f] INFO  util.JvmPauseMonitor (JvmPauseMonitor.java:run(109)) - JvmPauseMonitor-omNode-2: Stopped
2021-08-28 05:53:50,725 [Listener at 127.0.0.1/11536] INFO  ratis.OzoneManagerDoubleBuffer (OzoneManagerDoubleBuffer.java:stop(437)) - Stopping OMDoubleBuffer flush thread
2021-08-28 05:53:50,725 [OMDoubleBufferFlushThread] INFO  ratis.OzoneManagerDoubleBuffer (OzoneManagerDoubleBuffer.java:flushTransactions(356)) - OMDoubleBuffer flush thread OMDoubleBufferFlushThread is interrupted and will exit. OMDoubleBufferFlushThread
2021-08-28 05:53:50,725 [Listener at 127.0.0.1/11536] INFO  utils.BackgroundService (BackgroundService.java:shutdown(132)) - Shutting down service KeyDeletingService
2021-08-28 05:53:50,726 [Listener at 127.0.0.1/11536] INFO  handler.ContextHandler (ContextHandler.java:doStop(1153)) - Stopped o.e.j.w.WebAppContext@6966ab01{ozoneManager,/,null,STOPPED}{file:/home/runner/work/ozone/ozone/hadoop-ozone/integration-test/target/test-classes/webapps/ozoneManager}
2021-08-28 05:53:50,727 [Listener at 127.0.0.1/11536] INFO  server.AbstractConnector (AbstractConnector.java:doStop(381)) - Stopped ServerConnector@6f6b7329{HTTP/1.1, (http/1.1)}{0.0.0.0:11532}
2021-08-28 05:53:50,727 [Listener at 127.0.0.1/11536] INFO  server.session (HouseKeeper.java:stopScavenging(149)) - node0 Stopped scavenging
2021-08-28 05:53:50,727 [Listener at 127.0.0.1/11536] INFO  handler.ContextHandler (ContextHandler.java:doStop(1153)) - Stopped o.e.j.s.ServletContextHandler@1698a532{static,/static,file:///home/runner/work/ozone/ozone/hadoop-ozone/integration-test/target/test-classes/webapps/static,STOPPED}
2021-08-28 05:53:50,727 [Listener at 127.0.0.1/11536] INFO  handler.ContextHandler (ContextHandler.java:doStop(1153)) - Stopped o.e.j.s.ServletContextHandler@5ad3de84{logs,/logs,file:///home/runner/work/ozone/ozone/hadoop-ozone/integration-test/target/log,STOPPED}
2021-08-28 05:53:50,729 [Listener at 127.0.0.1/11536] INFO  ozone.MiniOzoneHAClusterImpl (MiniOzoneHAClusterImpl.java:stop(306)) - Stopping the StorageContainerManager 24d5749b-d4f6-4a4f-abd8-efd823206439
2021-08-28 05:53:50,729 [Listener at 127.0.0.1/11536] INFO  server.StorageContainerManager (StorageContainerManager.java:stop(1349)) - Stopping Container Balancer service.
2021-08-28 05:53:50,729 [Listener at 127.0.0.1/11536] INFO  balancer.ContainerBalancer (ContainerBalancer.java:stop(721)) - Container Balancer is not running.
2021-08-28 05:53:50,729 [Listener at 127.0.0.1/11536] INFO  server.StorageContainerManager (StorageContainerManager.java:stop(1356)) - Stopping Replication Manager Service.
2021-08-28 05:53:50,729 [Listener at 127.0.0.1/11536] INFO  container.ReplicationManager (ReplicationManager.java:stop(338)) - Stopping Replication Monitor Thread.
2021-08-28 05:53:50,729 [Listener at 127.0.0.1/11536] INFO  server.StorageContainerManager (StorageContainerManager.java:stop(1363)) - Stopping the Datanode Admin Monitor.
2021-08-28 05:53:50,729 [Listener at 127.0.0.1/11536] INFO  server.StorageContainerManager (StorageContainerManager.java:stop(1370)) - Stopping Lease Manager of the command watchers
2021-08-28 05:53:50,730 [Listener at 127.0.0.1/11536] INFO  server.StorageContainerManager (StorageContainerManager.java:stop(1377)) - Stopping datanode service RPC server
2021-08-28 05:53:50,730 [Listener at 127.0.0.1/11536] INFO  server.SCMDatanodeProtocolServer (SCMDatanodeProtocolServer.java:stop(389)) - Stopping the RPC server for DataNodes
2021-08-28 05:53:50,730 [Listener at 127.0.0.1/11536] INFO  ipc.Server (Server.java:stop(3414)) - Stopping server on 35205
2021-08-28 05:53:50,730 [IPC Server listener on 0] INFO  ipc.Server (Server.java:run(1376)) - Stopping IPC Server listener on 0
2021-08-28 05:53:50,743 [IPC Server Responder] INFO  ipc.Server (Server.java:run(1512)) - Stopping IPC Server Responder
2021-08-28 05:53:50,749 [EndpointStateMachine task thread for /0.0.0.0:35205 - 0 ] WARN  statemachine.EndpointStateMachine (EndpointStateMachine.java:logIfNeeded(236)) - Unable to communicate to SCM server at 0.0.0.0:35205 for past 0 seconds.
java.io.EOFException: End of File Exception between local host is: "fv-az50-59/10.1.0.40"; destination host is: "0.0.0.0":35205; : java.io.EOFException; For more details see:  http://wiki.apache.org/hadoop/EOFException
	at sun.reflect.NativeConstructorAccessorImpl.newInstance0(Native Method)
	at sun.reflect.NativeConstructorAccessorImpl.newInstance(NativeConstructorAccessorImpl.java:62)
	at sun.reflect.DelegatingConstructorAccessorImpl.newInstance(DelegatingConstructorAccessorImpl.java:45)
	at java.lang.reflect.Constructor.newInstance(Constructor.java:423)
	at org.apache.hadoop.net.NetUtils.wrapWithMessage(NetUtils.java:913)
	at org.apache.hadoop.net.NetUtils.wrapException(NetUtils.java:862)
	at org.apache.hadoop.ipc.Client.getRpcResponse(Client.java:1577)
	at org.apache.hadoop.ipc.Client.call(Client.java:1519)
	at org.apache.hadoop.ipc.Client.call(Client.java:1416)
	at org.apache.hadoop.ipc.ProtobufRpcEngine$Invoker.invoke(ProtobufRpcEngine.java:236)
	at org.apache.hadoop.ipc.ProtobufRpcEngine$Invoker.invoke(ProtobufRpcEngine.java:123)
	at com.sun.proxy.$Proxy49.submitRequest(Unknown Source)
	at org.apache.hadoop.ozone.protocolPB.StorageContainerDatanodeProtocolClientSideTranslatorPB.submitRequest(StorageContainerDatanodeProtocolClientSideTranslatorPB.java:117)
	at org.apache.hadoop.ozone.protocolPB.StorageContainerDatanodeProtocolClientSideTranslatorPB.sendHeartbeat(StorageContainerDatanodeProtocolClientSideTranslatorPB.java:149)
	at org.apache.hadoop.ozone.container.common.states.endpoint.HeartbeatEndpointTask.call(HeartbeatEndpointTask.java:179)
	at org.apache.hadoop.ozone.container.common.states.endpoint.HeartbeatEndpointTask.call(HeartbeatEndpointTask.java:82)
	at java.util.concurrent.FutureTask.run(FutureTask.java:266)
	at java.util.concurrent.ThreadPoolExecutor.runWorker(ThreadPoolExecutor.java:1149)
	at java.util.concurrent.ThreadPoolExecutor$Worker.run(ThreadPoolExecutor.java:624)
	at java.lang.Thread.run(Thread.java:748)
Caused by: java.io.EOFException
	at java.io.DataInputStream.readInt(DataInputStream.java:392)
	at org.apache.hadoop.ipc.Client$IpcStreams.readResponse(Client.java:1892)
	at org.apache.hadoop.ipc.Client$Connection.receiveRpcResponse(Client.java:1202)
	at org.apache.hadoop.ipc.Client$Connection.run(Client.java:1098)
2021-08-28 05:53:50,765 [SCM Heartbeat Processing Thread - 0] WARN  node.NodeStateManager (NodeStateManager.java:scheduleNextHealthCheck(799)) - Current Thread is interrupted, shutting down HB processing thread for Node Manager.
2021-08-28 05:53:50,765 [Listener at 127.0.0.1/11536] INFO  server.StorageContainerManager (StorageContainerManager.java:stop(1385)) - Stopping block service RPC server
2021-08-28 05:53:50,766 [Listener at 127.0.0.1/11536] INFO  server.SCMBlockProtocolServer (SCMBlockProtocolServer.java:stop(160)) - Stopping the RPC server for Block Protocol
2021-08-28 05:53:50,766 [Listener at 127.0.0.1/11536] INFO  ipc.Server (Server.java:stop(3414)) - Stopping server on 39133
2021-08-28 05:53:50,776 [IPC Server listener on 0] INFO  ipc.Server (Server.java:run(1376)) - Stopping IPC Server listener on 0
2021-08-28 05:53:50,780 [Listener at 127.0.0.1/11536] INFO  server.StorageContainerManager (StorageContainerManager.java:stop(1392)) - Stopping the StorageContainerLocationProtocol RPC server
2021-08-28 05:53:50,780 [Listener at 127.0.0.1/11536] INFO  server.SCMClientProtocolServer (SCMClientProtocolServer.java:stop(173)) - Stopping the RPC server for Client Protocol
2021-08-28 05:53:50,780 [Listener at 127.0.0.1/11536] INFO  ipc.Server (Server.java:stop(3414)) - Stopping server on 39217
2021-08-28 05:53:50,794 [IPC Server Responder] INFO  ipc.Server (Server.java:run(1512)) - Stopping IPC Server Responder
2021-08-28 05:53:50,799 [IPC Server listener on 0] INFO  ipc.Server (Server.java:run(1376)) - Stopping IPC Server listener on 0
2021-08-28 05:53:50,821 [IPC Server Responder] INFO  ipc.Server (Server.java:run(1512)) - Stopping IPC Server Responder
2021-08-28 05:53:50,821 [Listener at 127.0.0.1/11536] INFO  server.StorageContainerManager (StorageContainerManager.java:stop(1399)) - Stopping Storage Container Manager HTTP server.
2021-08-28 05:53:50,821 [Listener at 127.0.0.1/11536] INFO  handler.ContextHandler (ContextHandler.java:doStop(1153)) - Stopped o.e.j.w.WebAppContext@61be5a6d{scm,/,null,STOPPED}{file:/home/runner/work/ozone/ozone/hadoop-ozone/integration-test/target/test-classes/webapps/scm}
2021-08-28 05:53:50,822 [Listener at 127.0.0.1/11536] INFO  server.AbstractConnector (AbstractConnector.java:doStop(381)) - Stopped ServerConnector@612298e8{HTTP/1.1, (http/1.1)}{0.0.0.0:0}
2021-08-28 05:53:50,822 [Listener at 127.0.0.1/11536] INFO  server.session (HouseKeeper.java:stopScavenging(149)) - node0 Stopped scavenging
2021-08-28 05:53:50,822 [Listener at 127.0.0.1/11536] INFO  handler.ContextHandler (ContextHandler.java:doStop(1153)) - Stopped o.e.j.s.ServletContextHandler@687b8707{static,/static,file:///home/runner/work/ozone/ozone/hadoop-ozone/integration-test/target/test-classes/webapps/static,STOPPED}
2021-08-28 05:53:50,823 [Listener at 127.0.0.1/11536] INFO  handler.ContextHandler (ContextHandler.java:doStop(1153)) - Stopped o.e.j.s.ServletContextHandler@5b26164c{logs,/logs,file:///home/runner/work/ozone/ozone/hadoop-ozone/integration-test/target/log,STOPPED}
2021-08-28 05:53:50,823 [Listener at 127.0.0.1/11536] INFO  server.StorageContainerManager (StorageContainerManager.java:stop(1410)) - Stopping Block Manager Service.
2021-08-28 05:53:50,823 [Listener at 127.0.0.1/11536] INFO  utils.BackgroundService (BackgroundService.java:shutdown(132)) - Shutting down service SCMBlockDeletingService
2021-08-28 05:53:50,824 [Listener at 127.0.0.1/11536] INFO  utils.BackgroundService (BackgroundService.java:shutdown(132)) - Shutting down service SCMBlockDeletingService
2021-08-28 05:53:50,824 [Listener at 127.0.0.1/11536] INFO  server.StorageContainerManager (StorageContainerManager.java:stop(1437)) - Stopping SCM Event Queue.
2021-08-28 05:53:50,831 [Listener at 127.0.0.1/11536] INFO  server.StorageContainerManager (StorageContainerManager.java:stop(1448)) - Stopping SCM HA services.
2021-08-28 05:53:50,832 [Listener at 127.0.0.1/11536] INFO  pipeline.BackgroundPipelineCreator (BackgroundPipelineCreatorV2.java:stop(158)) - Stopping RatisPipelineUtilsThread.
2021-08-28 05:53:50,832 [Listener at 127.0.0.1/11536] INFO  server.StorageContainerManager (StorageContainerManager.java:stop(1458)) - Stopping SCM MetadataStore.
2021-08-28 05:53:50,832 [Listener at 127.0.0.1/11536] INFO  impl.MetricsSystemImpl (MetricsSystemImpl.java:stop(210)) - Stopping HddsDatanode metrics system...
2021-08-28 05:53:50,862 [prometheus] INFO  impl.MetricsSinkAdapter (MetricsSinkAdapter.java:publishMetricsFromQueue(141)) - prometheus thread interrupted.
2021-08-28 05:53:50,862 [Listener at 127.0.0.1/11536] INFO  impl.MetricsSystemImpl (MetricsSystemImpl.java:stop(216)) - HddsDatanode metrics system stopped.
2021-08-28 05:53:50,862 [Listener at 127.0.0.1/11536] INFO  ozone.MiniOzoneClusterImpl (MiniOzoneClusterImpl.java:stop(468)) - Stopping the Mini Ozone Cluster
2021-08-28 05:53:50,862 [Listener at 127.0.0.1/11536] INFO  ozone.MiniOzoneClusterImpl (MiniOzoneClusterImpl.java:stopDatanodes(527)) - Stopping the HddsDatanodes
2021-08-28 05:53:50,983 [EndpointStateMachine task thread for /0.0.0.0:43701 - 0 ] INFO  ipc.Client (Client.java:handleConnectionFailure(977)) - Retrying connect to server: 0.0.0.0/0.0.0.0:43701. Already tried 5 time(s); retry policy is RetryUpToMaximumCountWithFixedSleep(maxRetries=15, sleepTime=1000 MILLISECONDS)
2021-08-28 05:53:51,031 [Datanode State Machine Thread - 0] INFO  statemachine.DatanodeStateMachine (DatanodeStateMachine.java:lambda$startDaemon$0(457)) - Ozone container server started.
2021-08-28 05:53:51,352 [EndpointStateMachine task thread for /0.0.0.0:36115 - 0 ] INFO  ipc.Client (Client.java:handleConnectionFailure(977)) - Retrying connect to server: 0.0.0.0/0.0.0.0:36115. Already tried 1 time(s); retry policy is RetryUpToMaximumCountWithFixedSleep(maxRetries=15, sleepTime=1000 MILLISECONDS)
2021-08-28 05:53:51,745 [Datanode State Machine Thread - 0] INFO  statemachine.DatanodeStateMachine (DatanodeStateMachine.java:lambda$startDaemon$0(457)) - Ozone container server started.
2021-08-28 05:53:51,962 [EndpointStateMachine task thread for /0.0.0.0:35205 - 0 ] INFO  ipc.Client (Client.java:handleConnectionFailure(977)) - Retrying connect to server: 0.0.0.0/0.0.0.0:35205. Already tried 0 time(s); retry policy is RetryUpToMaximumCountWithFixedSleep(maxRetries=15, sleepTime=1000 MILLISECONDS)
2021-08-28 05:53:51,984 [EndpointStateMachine task thread for /0.0.0.0:43701 - 0 ] INFO  ipc.Client (Client.java:handleConnectionFailure(977)) - Retrying connect to server: 0.0.0.0/0.0.0.0:43701. Already tried 6 time(s); retry policy is RetryUpToMaximumCountWithFixedSleep(maxRetries=15, sleepTime=1000 MILLISECONDS)
2021-08-28 05:53:52,352 [EndpointStateMachine task thread for /0.0.0.0:36115 - 0 ] INFO  ipc.Client (Client.java:handleConnectionFailure(977)) - Retrying connect to server: 0.0.0.0/0.0.0.0:36115. Already tried 2 time(s); retry policy is RetryUpToMaximumCountWithFixedSleep(maxRetries=15, sleepTime=1000 MILLISECONDS)
2021-08-28 05:53:52,963 [EndpointStateMachine task thread for /0.0.0.0:35205 - 0 ] INFO  ipc.Client (Client.java:handleConnectionFailure(977)) - Retrying connect to server: 0.0.0.0/0.0.0.0:35205. Already tried 1 time(s); retry policy is RetryUpToMaximumCountWithFixedSleep(maxRetries=15, sleepTime=1000 MILLISECONDS)
2021-08-28 05:53:52,984 [EndpointStateMachine task thread for /0.0.0.0:43701 - 0 ] INFO  ipc.Client (Client.java:handleConnectionFailure(977)) - Retrying connect to server: 0.0.0.0/0.0.0.0:43701. Already tried 7 time(s); retry policy is RetryUpToMaximumCountWithFixedSleep(maxRetries=15, sleepTime=1000 MILLISECONDS)
2021-08-28 05:53:53,353 [EndpointStateMachine task thread for /0.0.0.0:36115 - 0 ] INFO  ipc.Client (Client.java:handleConnectionFailure(977)) - Retrying connect to server: 0.0.0.0/0.0.0.0:36115. Already tried 3 time(s); retry policy is RetryUpToMaximumCountWithFixedSleep(maxRetries=15, sleepTime=1000 MILLISECONDS)
2021-08-28 05:53:53,963 [EndpointStateMachine task thread for /0.0.0.0:35205 - 0 ] INFO  ipc.Client (Client.java:handleConnectionFailure(977)) - Retrying connect to server: 0.0.0.0/0.0.0.0:35205. Already tried 2 time(s); retry policy is RetryUpToMaximumCountWithFixedSleep(maxRetries=15, sleepTime=1000 MILLISECONDS)
2021-08-28 05:53:53,984 [EndpointStateMachine task thread for /0.0.0.0:43701 - 0 ] INFO  ipc.Client (Client.java:handleConnectionFailure(977)) - Retrying connect to server: 0.0.0.0/0.0.0.0:43701. Already tried 8 time(s); retry policy is RetryUpToMaximumCountWithFixedSleep(maxRetries=15, sleepTime=1000 MILLISECONDS)
2021-08-28 05:53:54,354 [EndpointStateMachine task thread for /0.0.0.0:36115 - 0 ] INFO  ipc.Client (Client.java:handleConnectionFailure(977)) - Retrying connect to server: 0.0.0.0/0.0.0.0:36115. Already tried 4 time(s); retry policy is RetryUpToMaximumCountWithFixedSleep(maxRetries=15, sleepTime=1000 MILLISECONDS)
2021-08-28 05:53:54,959 [Datanode State Machine Thread - 0] ERROR datanode.RunningDatanodeState (RunningDatanodeState.java:computeNextContainerState(199)) - Error in executing end point task.
java.util.concurrent.ExecutionException: java.util.concurrent.TimeoutException
	at java.util.concurrent.FutureTask.report(FutureTask.java:122)
	at java.util.concurrent.FutureTask.get(FutureTask.java:192)
	at org.apache.hadoop.ozone.container.common.states.datanode.RunningDatanodeState.computeNextContainerState(RunningDatanodeState.java:191)
	at org.apache.hadoop.ozone.container.common.states.datanode.RunningDatanodeState.await(RunningDatanodeState.java:231)
	at org.apache.hadoop.ozone.container.common.states.datanode.RunningDatanodeState.await(RunningDatanodeState.java:50)
	at org.apache.hadoop.ozone.container.common.statemachine.StateContext.execute(StateContext.java:629)
	at org.apache.hadoop.ozone.container.common.statemachine.DatanodeStateMachine.start(DatanodeStateMachine.java:270)
	at org.apache.hadoop.ozone.container.common.statemachine.DatanodeStateMachine.lambda$startDaemon$0(DatanodeStateMachine.java:456)
	at java.lang.Thread.run(Thread.java:748)
Caused by: java.util.concurrent.TimeoutException
	at java.util.concurrent.FutureTask.get(FutureTask.java:205)
	at org.apache.hadoop.ozone.container.common.states.datanode.RunningDatanodeState.lambda$execute$0(RunningDatanodeState.java:149)
	at java.util.concurrent.FutureTask.run(FutureTask.java:266)
	at java.util.concurrent.Executors$RunnableAdapter.call(Executors.java:511)
	at java.util.concurrent.FutureTask.run(FutureTask.java:266)
	at java.util.concurrent.ThreadPoolExecutor.runWorker(ThreadPoolExecutor.java:1149)
	at java.util.concurrent.ThreadPoolExecutor$Worker.run(ThreadPoolExecutor.java:624)
	... 1 more
2021-08-28 05:53:54,964 [EndpointStateMachine task thread for /0.0.0.0:35205 - 0 ] INFO  ipc.Client (Client.java:handleConnectionFailure(977)) - Retrying connect to server: 0.0.0.0/0.0.0.0:35205. Already tried 3 time(s); retry policy is RetryUpToMaximumCountWithFixedSleep(maxRetries=15, sleepTime=1000 MILLISECONDS)
2021-08-28 05:53:54,985 [EndpointStateMachine task thread for /0.0.0.0:43701 - 0 ] INFO  ipc.Client (Client.java:handleConnectionFailure(977)) - Retrying connect to server: 0.0.0.0/0.0.0.0:43701. Already tried 9 time(s); retry policy is RetryUpToMaximumCountWithFixedSleep(maxRetries=15, sleepTime=1000 MILLISECONDS)
2021-08-28 05:53:55,355 [EndpointStateMachine task thread for /0.0.0.0:36115 - 0 ] INFO  ipc.Client (Client.java:handleConnectionFailure(977)) - Retrying connect to server: 0.0.0.0/0.0.0.0:36115. Already tried 5 time(s); retry policy is RetryUpToMaximumCountWithFixedSleep(maxRetries=15, sleepTime=1000 MILLISECONDS)
2021-08-28 05:53:55,458 [176ebb76-54ef-4fc7-b036-d3478a12c0d9@group-3BD747763059-FollowerState] INFO  impl.FollowerState (FollowerState.java:run(134)) - 176ebb76-54ef-4fc7-b036-d3478a12c0d9@group-3BD747763059-FollowerState: change to CANDIDATE, lastRpcElapsedTime:5017494507ns, electionTimeout:5016ms
2021-08-28 05:53:55,458 [176ebb76-54ef-4fc7-b036-d3478a12c0d9@group-3BD747763059-FollowerState] INFO  impl.RoleInfo (RoleInfo.java:shutdownFollowerState(108)) - 176ebb76-54ef-4fc7-b036-d3478a12c0d9: shutdown 176ebb76-54ef-4fc7-b036-d3478a12c0d9@group-3BD747763059-FollowerState
2021-08-28 05:53:55,458 [176ebb76-54ef-4fc7-b036-d3478a12c0d9@group-3BD747763059-FollowerState] INFO  server.RaftServer$Division (RaftServerImpl.java:setRole(285)) - 176ebb76-54ef-4fc7-b036-d3478a12c0d9@group-3BD747763059: changes role from  FOLLOWER to CANDIDATE at term 4 for changeToCandidate
2021-08-28 05:53:55,458 [176ebb76-54ef-4fc7-b036-d3478a12c0d9@group-3BD747763059-FollowerState] INFO  server.RaftServerConfigKeys (ConfUtils.java:logGet(44)) - raft.server.leaderelection.pre-vote = false (custom)
2021-08-28 05:53:55,458 [176ebb76-54ef-4fc7-b036-d3478a12c0d9@group-3BD747763059-FollowerState] INFO  impl.RoleInfo (RoleInfo.java:updateAndGet(130)) - 176ebb76-54ef-4fc7-b036-d3478a12c0d9: start 176ebb76-54ef-4fc7-b036-d3478a12c0d9@group-3BD747763059-LeaderElection64
2021-08-28 05:53:55,473 [176ebb76-54ef-4fc7-b036-d3478a12c0d9@group-3BD747763059-LeaderElection64] INFO  impl.LeaderElection (LeaderElection.java:askForVotes(306)) - 176ebb76-54ef-4fc7-b036-d3478a12c0d9@group-3BD747763059-LeaderElection64 ELECTION round 0: submit vote requests at term 5 for -1: [3d8f492e-e4fc-40a7-8280-263d1b336f05|rpc:10.1.0.40:33843|priority:0, 176ebb76-54ef-4fc7-b036-d3478a12c0d9|rpc:10.1.0.40:36625|priority:0, 130b495e-4981-4bfb-aed1-18e9f65aa3b8|rpc:10.1.0.40:34925|priority:1], old=null
2021-08-28 05:53:55,479 [grpc-default-executor-6] INFO  server.RaftServer$Division (RaftServerImpl.java:requestVote(1043)) - 3d8f492e-e4fc-40a7-8280-263d1b336f05@group-3BD747763059: receive requestVote(ELECTION, 176ebb76-54ef-4fc7-b036-d3478a12c0d9, group-3BD747763059, 5, (t:0, i:0))
2021-08-28 05:53:55,480 [grpc-default-executor-6] INFO  impl.VoteContext (VoteContext.java:log(48)) - 3d8f492e-e4fc-40a7-8280-263d1b336f05@group-3BD747763059-FOLLOWER: accept ELECTION from 176ebb76-54ef-4fc7-b036-d3478a12c0d9: our priority 0 <= candidate's priority 0
2021-08-28 05:53:55,480 [grpc-default-executor-6] INFO  server.RaftServer$Division (RaftServerImpl.java:setRole(285)) - 3d8f492e-e4fc-40a7-8280-263d1b336f05@group-3BD747763059: changes role from  FOLLOWER to FOLLOWER at term 5 for candidate:176ebb76-54ef-4fc7-b036-d3478a12c0d9
2021-08-28 05:53:55,480 [grpc-default-executor-6] INFO  impl.RoleInfo (RoleInfo.java:shutdownFollowerState(108)) - 3d8f492e-e4fc-40a7-8280-263d1b336f05: shutdown 3d8f492e-e4fc-40a7-8280-263d1b336f05@group-3BD747763059-FollowerState
2021-08-28 05:53:55,480 [grpc-default-executor-6] INFO  impl.RoleInfo (RoleInfo.java:updateAndGet(130)) - 3d8f492e-e4fc-40a7-8280-263d1b336f05: start 3d8f492e-e4fc-40a7-8280-263d1b336f05@group-3BD747763059-FollowerState
2021-08-28 05:53:55,480 [3d8f492e-e4fc-40a7-8280-263d1b336f05@group-3BD747763059-FollowerState] INFO  impl.FollowerState (FollowerState.java:run(143)) - 3d8f492e-e4fc-40a7-8280-263d1b336f05@group-3BD747763059-FollowerState was interrupted: {}
java.lang.InterruptedException: sleep interrupted
	at java.lang.Thread.sleep(Native Method)
	at java.lang.Thread.sleep(Thread.java:340)
	at java.util.concurrent.TimeUnit.sleep(TimeUnit.java:386)
	at org.apache.ratis.util.TimeDuration.sleep(TimeDuration.java:324)
	at org.apache.ratis.util.TimeDuration.sleep(TimeDuration.java:309)
	at org.apache.ratis.server.impl.FollowerState.run(FollowerState.java:118)
2021-08-28 05:53:55,480 [grpc-default-executor-5] INFO  server.RaftServer$Division (RaftServerImpl.java:requestVote(1043)) - 130b495e-4981-4bfb-aed1-18e9f65aa3b8@group-3BD747763059: receive requestVote(ELECTION, 176ebb76-54ef-4fc7-b036-d3478a12c0d9, group-3BD747763059, 5, (t:0, i:0))
2021-08-28 05:53:55,480 [grpc-default-executor-5] INFO  impl.VoteContext (VoteContext.java:log(48)) - 130b495e-4981-4bfb-aed1-18e9f65aa3b8@group-3BD747763059-FOLLOWER: reject ELECTION from 176ebb76-54ef-4fc7-b036-d3478a12c0d9: our priority 1 > candidate's priority 0
2021-08-28 05:53:55,480 [grpc-default-executor-5] INFO  server.RaftServer$Division (RaftServerImpl.java:setRole(285)) - 130b495e-4981-4bfb-aed1-18e9f65aa3b8@group-3BD747763059: changes role from  FOLLOWER to FOLLOWER at term 5 for candidate:176ebb76-54ef-4fc7-b036-d3478a12c0d9
2021-08-28 05:53:55,481 [grpc-default-executor-5] INFO  impl.RoleInfo (RoleInfo.java:shutdownFollowerState(108)) - 130b495e-4981-4bfb-aed1-18e9f65aa3b8: shutdown 130b495e-4981-4bfb-aed1-18e9f65aa3b8@group-3BD747763059-FollowerState
2021-08-28 05:53:55,482 [grpc-default-executor-5] INFO  impl.RoleInfo (RoleInfo.java:updateAndGet(130)) - 130b495e-4981-4bfb-aed1-18e9f65aa3b8: start 130b495e-4981-4bfb-aed1-18e9f65aa3b8@group-3BD747763059-FollowerState
2021-08-28 05:53:55,482 [130b495e-4981-4bfb-aed1-18e9f65aa3b8@group-3BD747763059-FollowerState] INFO  impl.FollowerState (FollowerState.java:run(143)) - 130b495e-4981-4bfb-aed1-18e9f65aa3b8@group-3BD747763059-FollowerState was interrupted: {}
java.lang.InterruptedException: sleep interrupted
	at java.lang.Thread.sleep(Native Method)
	at java.lang.Thread.sleep(Thread.java:340)
	at java.util.concurrent.TimeUnit.sleep(TimeUnit.java:386)
	at org.apache.ratis.util.TimeDuration.sleep(TimeDuration.java:324)
	at org.apache.ratis.util.TimeDuration.sleep(TimeDuration.java:309)
	at org.apache.ratis.server.impl.FollowerState.run(FollowerState.java:118)
2021-08-28 05:53:55,498 [grpc-default-executor-6] INFO  server.RaftServer$Division (RaftServerImpl.java:requestVote(1075)) - 3d8f492e-e4fc-40a7-8280-263d1b336f05@group-3BD747763059 replies to ELECTION vote request: 176ebb76-54ef-4fc7-b036-d3478a12c0d9<-3d8f492e-e4fc-40a7-8280-263d1b336f05#0:OK-t5. Peer's state: 3d8f492e-e4fc-40a7-8280-263d1b336f05@group-3BD747763059:t5, leader=null, voted=176ebb76-54ef-4fc7-b036-d3478a12c0d9, raftlog=3d8f492e-e4fc-40a7-8280-263d1b336f05@group-3BD747763059-SegmentedRaftLog:OPENED:c-1,f-1,i0, conf=-1: [3d8f492e-e4fc-40a7-8280-263d1b336f05|rpc:10.1.0.40:33843|dataStream:|priority:0, 176ebb76-54ef-4fc7-b036-d3478a12c0d9|rpc:10.1.0.40:36625|dataStream:|priority:0, 130b495e-4981-4bfb-aed1-18e9f65aa3b8|rpc:10.1.0.40:34925|dataStream:|priority:1], old=null
2021-08-28 05:53:55,500 [grpc-default-executor-5] INFO  server.RaftServer$Division (RaftServerImpl.java:requestVote(1075)) - 130b495e-4981-4bfb-aed1-18e9f65aa3b8@group-3BD747763059 replies to ELECTION vote request: 176ebb76-54ef-4fc7-b036-d3478a12c0d9<-130b495e-4981-4bfb-aed1-18e9f65aa3b8#0:FAIL-t5. Peer's state: 130b495e-4981-4bfb-aed1-18e9f65aa3b8@group-3BD747763059:t5, leader=null, voted=null, raftlog=130b495e-4981-4bfb-aed1-18e9f65aa3b8@group-3BD747763059-SegmentedRaftLog:OPENED:c-1,f-1,i0, conf=-1: [3d8f492e-e4fc-40a7-8280-263d1b336f05|rpc:10.1.0.40:33843|priority:0, 176ebb76-54ef-4fc7-b036-d3478a12c0d9|rpc:10.1.0.40:36625|priority:0, 130b495e-4981-4bfb-aed1-18e9f65aa3b8|rpc:10.1.0.40:34925|priority:1], old=null
2021-08-28 05:53:55,519 [176ebb76-54ef-4fc7-b036-d3478a12c0d9@group-3BD747763059-LeaderElection64] INFO  impl.LeaderElection (LeaderElection.java:logAndReturn(89)) - 176ebb76-54ef-4fc7-b036-d3478a12c0d9@group-3BD747763059-LeaderElection64: ELECTION REJECTED received 2 response(s) and 0 exception(s):
2021-08-28 05:53:55,519 [176ebb76-54ef-4fc7-b036-d3478a12c0d9@group-3BD747763059-LeaderElection64] INFO  impl.LeaderElection (LeaderElection.java:logAndReturn(93)) -   Response 0: 176ebb76-54ef-4fc7-b036-d3478a12c0d9<-3d8f492e-e4fc-40a7-8280-263d1b336f05#0:OK-t5
2021-08-28 05:53:55,519 [176ebb76-54ef-4fc7-b036-d3478a12c0d9@group-3BD747763059-LeaderElection64] INFO  impl.LeaderElection (LeaderElection.java:logAndReturn(93)) -   Response 1: 176ebb76-54ef-4fc7-b036-d3478a12c0d9<-130b495e-4981-4bfb-aed1-18e9f65aa3b8#0:FAIL-t5
2021-08-28 05:53:55,519 [176ebb76-54ef-4fc7-b036-d3478a12c0d9@group-3BD747763059-LeaderElection64] INFO  impl.LeaderElection (LeaderElection.java:askForVotes(308)) - 176ebb76-54ef-4fc7-b036-d3478a12c0d9@group-3BD747763059-LeaderElection64 ELECTION round 0: result REJECTED
2021-08-28 05:53:55,519 [176ebb76-54ef-4fc7-b036-d3478a12c0d9@group-3BD747763059-LeaderElection64] INFO  server.RaftServer$Division (RaftServerImpl.java:setRole(285)) - 176ebb76-54ef-4fc7-b036-d3478a12c0d9@group-3BD747763059: changes role from CANDIDATE to FOLLOWER at term 5 for REJECTED
2021-08-28 05:53:55,519 [176ebb76-54ef-4fc7-b036-d3478a12c0d9@group-3BD747763059-LeaderElection64] INFO  impl.RoleInfo (RoleInfo.java:shutdownLeaderElection(121)) - 176ebb76-54ef-4fc7-b036-d3478a12c0d9: shutdown 176ebb76-54ef-4fc7-b036-d3478a12c0d9@group-3BD747763059-LeaderElection64
2021-08-28 05:53:55,519 [176ebb76-54ef-4fc7-b036-d3478a12c0d9@group-3BD747763059-LeaderElection64] INFO  impl.RoleInfo (RoleInfo.java:updateAndGet(130)) - 176ebb76-54ef-4fc7-b036-d3478a12c0d9: start 176ebb76-54ef-4fc7-b036-d3478a12c0d9@group-3BD747763059-FollowerState
2021-08-28 05:53:55,863 [ForkJoinPool.commonPool-worker-1] INFO  ozoneimpl.OzoneContainer (OzoneContainer.java:stop(326)) - Attempting to stop container services.
2021-08-28 05:53:55,864 [Listener at 127.0.0.1/11536] INFO  ozoneimpl.OzoneContainer (OzoneContainer.java:stop(326)) - Attempting to stop container services.
2021-08-28 05:53:55,864 [Listener at 127.0.0.1/11536] INFO  server.RaftServer (RaftServerProxy.java:lambda$close$6(391)) - 176ebb76-54ef-4fc7-b036-d3478a12c0d9: close
2021-08-28 05:53:55,864 [Listener at 127.0.0.1/11536] INFO  server.RaftServer$Division (RaftServerImpl.java:lambda$close$4(407)) - 176ebb76-54ef-4fc7-b036-d3478a12c0d9@group-65CC64261276: shutdown
2021-08-28 05:53:55,864 [Listener at 127.0.0.1/11536] INFO  util.JmxRegister (JmxRegister.java:unregister(73)) - Successfully un-registered JMX Bean with object name Ratis:service=RaftServer,group=group-65CC64261276,id=176ebb76-54ef-4fc7-b036-d3478a12c0d9
2021-08-28 05:53:55,865 [Listener at 127.0.0.1/11536] INFO  impl.RoleInfo (RoleInfo.java:shutdownLeaderState(91)) - 176ebb76-54ef-4fc7-b036-d3478a12c0d9: shutdown 176ebb76-54ef-4fc7-b036-d3478a12c0d9@group-65CC64261276-LeaderStateImpl
2021-08-28 05:53:55,865 [Listener at 127.0.0.1/11536] INFO  impl.PendingRequests (PendingRequests.java:sendNotLeaderResponses(282)) - 176ebb76-54ef-4fc7-b036-d3478a12c0d9@group-65CC64261276-PendingRequests: sendNotLeaderResponses
2021-08-28 05:53:55,865 [Listener at 127.0.0.1/11536] INFO  impl.StateMachineUpdater (StateMachineUpdater.java:stopAndJoin(149)) - 176ebb76-54ef-4fc7-b036-d3478a12c0d9@group-65CC64261276-StateMachineUpdater: set stopIndex = 0
2021-08-28 05:53:55,866 [176ebb76-54ef-4fc7-b036-d3478a12c0d9@group-65CC64261276-StateMachineUpdater] INFO  ratis.ContainerStateMachine (ContainerStateMachine.java:takeSnapshot(292)) - group-65CC64261276: Taking a snapshot at:(t:1, i:0) file /home/runner/work/ozone/ozone/hadoop-ozone/integration-test/target/test-dir/MiniOzoneClusterImpl-4114dceb-4d54-4a06-811c-48a2541ee5b4/datanode-1/data/ratis/eb7410be-cf1e-4e8b-92d5-65cc64261276/sm/snapshot.1_0
2021-08-28 05:53:55,872 [176ebb76-54ef-4fc7-b036-d3478a12c0d9@group-65CC64261276-StateMachineUpdater] INFO  ratis.ContainerStateMachine (ContainerStateMachine.java:takeSnapshot(303)) - group-65CC64261276: Finished taking a snapshot at:(t:1, i:0) file:/home/runner/work/ozone/ozone/hadoop-ozone/integration-test/target/test-dir/MiniOzoneClusterImpl-4114dceb-4d54-4a06-811c-48a2541ee5b4/datanode-1/data/ratis/eb7410be-cf1e-4e8b-92d5-65cc64261276/sm/snapshot.1_0 took: 5 ms
2021-08-28 05:53:55,872 [176ebb76-54ef-4fc7-b036-d3478a12c0d9@group-65CC64261276-StateMachineUpdater] INFO  impl.StateMachineUpdater (StateMachineUpdater.java:takeSnapshot(281)) - 176ebb76-54ef-4fc7-b036-d3478a12c0d9@group-65CC64261276-StateMachineUpdater: Took a snapshot at index 0
2021-08-28 05:53:55,872 [176ebb76-54ef-4fc7-b036-d3478a12c0d9@group-65CC64261276-StateMachineUpdater] INFO  impl.StateMachineUpdater (StateMachineUpdater.java:lambda$new$0(89)) - 176ebb76-54ef-4fc7-b036-d3478a12c0d9@group-65CC64261276-StateMachineUpdater: snapshotIndex: updateIncreasingly -1 -> 0
2021-08-28 05:53:55,872 [Listener at 127.0.0.1/11536] INFO  server.RaftServer$Division (ServerState.java:close(419)) - 176ebb76-54ef-4fc7-b036-d3478a12c0d9@group-65CC64261276: closes. applyIndex: 0
2021-08-28 05:53:55,873 [176ebb76-54ef-4fc7-b036-d3478a12c0d9@group-65CC64261276-SegmentedRaftLogWorker] INFO  segmented.SegmentedRaftLogWorker (SegmentedRaftLogWorker.java:run(327)) - 176ebb76-54ef-4fc7-b036-d3478a12c0d9@group-65CC64261276-SegmentedRaftLogWorker was interrupted, exiting. There are 0 tasks remaining in the queue.
2021-08-28 05:53:55,875 [Listener at 127.0.0.1/11536] INFO  segmented.SegmentedRaftLogWorker (SegmentedRaftLogWorker.java:close(237)) - 176ebb76-54ef-4fc7-b036-d3478a12c0d9@group-65CC64261276-SegmentedRaftLogWorker close()
2021-08-28 05:53:55,876 [ForkJoinPool.commonPool-worker-1] INFO  server.RaftServer (RaftServerProxy.java:lambda$close$6(391)) - 130b495e-4981-4bfb-aed1-18e9f65aa3b8: close
2021-08-28 05:53:55,876 [ForkJoinPool.commonPool-worker-1] INFO  server.RaftServer$Division (RaftServerImpl.java:lambda$close$4(407)) - 130b495e-4981-4bfb-aed1-18e9f65aa3b8@group-3BD747763059: shutdown
2021-08-28 05:53:55,876 [ForkJoinPool.commonPool-worker-1] INFO  util.JmxRegister (JmxRegister.java:unregister(73)) - Successfully un-registered JMX Bean with object name Ratis:service=RaftServer,group=group-3BD747763059,id=130b495e-4981-4bfb-aed1-18e9f65aa3b8
2021-08-28 05:53:55,876 [ForkJoinPool.commonPool-worker-1] INFO  impl.RoleInfo (RoleInfo.java:shutdownFollowerState(108)) - 130b495e-4981-4bfb-aed1-18e9f65aa3b8: shutdown 130b495e-4981-4bfb-aed1-18e9f65aa3b8@group-3BD747763059-FollowerState
2021-08-28 05:53:55,876 [ForkJoinPool.commonPool-worker-1] INFO  impl.StateMachineUpdater (StateMachineUpdater.java:stopAndJoin(149)) - 130b495e-4981-4bfb-aed1-18e9f65aa3b8@group-3BD747763059-StateMachineUpdater: set stopIndex = -1
2021-08-28 05:53:55,876 [130b495e-4981-4bfb-aed1-18e9f65aa3b8@group-3BD747763059-FollowerState] INFO  impl.FollowerState (FollowerState.java:run(143)) - 130b495e-4981-4bfb-aed1-18e9f65aa3b8@group-3BD747763059-FollowerState was interrupted: {}
java.lang.InterruptedException: sleep interrupted
	at java.lang.Thread.sleep(Native Method)
	at java.lang.Thread.sleep(Thread.java:340)
	at java.util.concurrent.TimeUnit.sleep(TimeUnit.java:386)
	at org.apache.ratis.util.TimeDuration.sleep(TimeDuration.java:324)
	at org.apache.ratis.util.TimeDuration.sleep(TimeDuration.java:309)
	at org.apache.ratis.server.impl.FollowerState.run(FollowerState.java:118)
2021-08-28 05:53:55,876 [ForkJoinPool.commonPool-worker-1] INFO  server.RaftServer$Division (ServerState.java:close(419)) - 130b495e-4981-4bfb-aed1-18e9f65aa3b8@group-3BD747763059: closes. applyIndex: -1
2021-08-28 05:53:55,876 [130b495e-4981-4bfb-aed1-18e9f65aa3b8@group-3BD747763059-SegmentedRaftLogWorker] INFO  segmented.SegmentedRaftLogWorker (SegmentedRaftLogWorker.java:run(327)) - 130b495e-4981-4bfb-aed1-18e9f65aa3b8@group-3BD747763059-SegmentedRaftLogWorker was interrupted, exiting. There are 0 tasks remaining in the queue.
2021-08-28 05:53:55,879 [ForkJoinPool.commonPool-worker-1] INFO  segmented.SegmentedRaftLogWorker (SegmentedRaftLogWorker.java:close(237)) - 130b495e-4981-4bfb-aed1-18e9f65aa3b8@group-3BD747763059-SegmentedRaftLogWorker close()
2021-08-28 05:53:55,877 [Listener at 127.0.0.1/11536] INFO  server.RaftServer$Division (RaftServerImpl.java:lambda$close$4(407)) - 176ebb76-54ef-4fc7-b036-d3478a12c0d9@group-3BD747763059: shutdown
2021-08-28 05:53:55,879 [Listener at 127.0.0.1/11536] INFO  util.JmxRegister (JmxRegister.java:unregister(73)) - Successfully un-registered JMX Bean with object name Ratis:service=RaftServer,group=group-3BD747763059,id=176ebb76-54ef-4fc7-b036-d3478a12c0d9
2021-08-28 05:53:55,879 [Listener at 127.0.0.1/11536] INFO  impl.RoleInfo (RoleInfo.java:shutdownFollowerState(108)) - 176ebb76-54ef-4fc7-b036-d3478a12c0d9: shutdown 176ebb76-54ef-4fc7-b036-d3478a12c0d9@group-3BD747763059-FollowerState
2021-08-28 05:53:55,879 [Listener at 127.0.0.1/11536] INFO  impl.StateMachineUpdater (StateMachineUpdater.java:stopAndJoin(149)) - 176ebb76-54ef-4fc7-b036-d3478a12c0d9@group-3BD747763059-StateMachineUpdater: set stopIndex = -1
2021-08-28 05:53:55,879 [176ebb76-54ef-4fc7-b036-d3478a12c0d9@group-3BD747763059-FollowerState] INFO  impl.FollowerState (FollowerState.java:run(143)) - 176ebb76-54ef-4fc7-b036-d3478a12c0d9@group-3BD747763059-FollowerState was interrupted: {}
java.lang.InterruptedException: sleep interrupted
	at java.lang.Thread.sleep(Native Method)
	at java.lang.Thread.sleep(Thread.java:340)
	at java.util.concurrent.TimeUnit.sleep(TimeUnit.java:386)
	at org.apache.ratis.util.TimeDuration.sleep(TimeDuration.java:324)
	at org.apache.ratis.util.TimeDuration.sleep(TimeDuration.java:309)
	at org.apache.ratis.server.impl.FollowerState.run(FollowerState.java:118)
2021-08-28 05:53:55,879 [Listener at 127.0.0.1/11536] INFO  server.RaftServer$Division (ServerState.java:close(419)) - 176ebb76-54ef-4fc7-b036-d3478a12c0d9@group-3BD747763059: closes. applyIndex: -1
2021-08-28 05:53:55,880 [176ebb76-54ef-4fc7-b036-d3478a12c0d9@group-3BD747763059-SegmentedRaftLogWorker] INFO  segmented.SegmentedRaftLogWorker (SegmentedRaftLogWorker.java:run(327)) - 176ebb76-54ef-4fc7-b036-d3478a12c0d9@group-3BD747763059-SegmentedRaftLogWorker was interrupted, exiting. There are 0 tasks remaining in the queue.
2021-08-28 05:53:55,880 [ForkJoinPool.commonPool-worker-1] INFO  server.RaftServer$Division (RaftServerImpl.java:lambda$close$4(407)) - 130b495e-4981-4bfb-aed1-18e9f65aa3b8@group-1FC076CF3320: shutdown
2021-08-28 05:53:55,881 [ForkJoinPool.commonPool-worker-1] INFO  util.JmxRegister (JmxRegister.java:unregister(73)) - Successfully un-registered JMX Bean with object name Ratis:service=RaftServer,group=group-1FC076CF3320,id=130b495e-4981-4bfb-aed1-18e9f65aa3b8
2021-08-28 05:53:55,881 [ForkJoinPool.commonPool-worker-1] INFO  impl.RoleInfo (RoleInfo.java:shutdownFollowerState(108)) - 130b495e-4981-4bfb-aed1-18e9f65aa3b8: shutdown 130b495e-4981-4bfb-aed1-18e9f65aa3b8@group-1FC076CF3320-FollowerState
2021-08-28 05:53:55,881 [ForkJoinPool.commonPool-worker-1] INFO  impl.StateMachineUpdater (StateMachineUpdater.java:stopAndJoin(149)) - 130b495e-4981-4bfb-aed1-18e9f65aa3b8@group-1FC076CF3320-StateMachineUpdater: set stopIndex = 0
2021-08-28 05:53:55,881 [130b495e-4981-4bfb-aed1-18e9f65aa3b8@group-1FC076CF3320-FollowerState] INFO  impl.FollowerState (FollowerState.java:run(143)) - 130b495e-4981-4bfb-aed1-18e9f65aa3b8@group-1FC076CF3320-FollowerState was interrupted: {}
java.lang.InterruptedException: sleep interrupted
	at java.lang.Thread.sleep(Native Method)
	at java.lang.Thread.sleep(Thread.java:340)
	at java.util.concurrent.TimeUnit.sleep(TimeUnit.java:386)
	at org.apache.ratis.util.TimeDuration.sleep(TimeDuration.java:324)
	at org.apache.ratis.util.TimeDuration.sleep(TimeDuration.java:309)
	at org.apache.ratis.server.impl.FollowerState.run(FollowerState.java:118)
2021-08-28 05:53:55,881 [130b495e-4981-4bfb-aed1-18e9f65aa3b8@group-1FC076CF3320-StateMachineUpdater] INFO  ratis.ContainerStateMachine (ContainerStateMachine.java:takeSnapshot(292)) - group-1FC076CF3320: Taking a snapshot at:(t:2, i:0) file /home/runner/work/ozone/ozone/hadoop-ozone/integration-test/target/test-dir/MiniOzoneClusterImpl-4114dceb-4d54-4a06-811c-48a2541ee5b4/datanode-0/data/ratis/4b705484-880c-4916-8338-1fc076cf3320/sm/snapshot.2_0
2021-08-28 05:53:55,882 [130b495e-4981-4bfb-aed1-18e9f65aa3b8@group-1FC076CF3320-StateMachineUpdater] INFO  ratis.ContainerStateMachine (ContainerStateMachine.java:takeSnapshot(303)) - group-1FC076CF3320: Finished taking a snapshot at:(t:2, i:0) file:/home/runner/work/ozone/ozone/hadoop-ozone/integration-test/target/test-dir/MiniOzoneClusterImpl-4114dceb-4d54-4a06-811c-48a2541ee5b4/datanode-0/data/ratis/4b705484-880c-4916-8338-1fc076cf3320/sm/snapshot.2_0 took: 1 ms
2021-08-28 05:53:55,882 [130b495e-4981-4bfb-aed1-18e9f65aa3b8@group-1FC076CF3320-StateMachineUpdater] INFO  impl.StateMachineUpdater (StateMachineUpdater.java:takeSnapshot(281)) - 130b495e-4981-4bfb-aed1-18e9f65aa3b8@group-1FC076CF3320-StateMachineUpdater: Took a snapshot at index 0
2021-08-28 05:53:55,882 [130b495e-4981-4bfb-aed1-18e9f65aa3b8@group-1FC076CF3320-StateMachineUpdater] INFO  impl.StateMachineUpdater (StateMachineUpdater.java:lambda$new$0(89)) - 130b495e-4981-4bfb-aed1-18e9f65aa3b8@group-1FC076CF3320-StateMachineUpdater: snapshotIndex: updateIncreasingly -1 -> 0
2021-08-28 05:53:55,883 [ForkJoinPool.commonPool-worker-1] INFO  server.RaftServer$Division (ServerState.java:close(419)) - 130b495e-4981-4bfb-aed1-18e9f65aa3b8@group-1FC076CF3320: closes. applyIndex: 0
2021-08-28 05:53:55,883 [130b495e-4981-4bfb-aed1-18e9f65aa3b8@group-1FC076CF3320-SegmentedRaftLogWorker] INFO  segmented.SegmentedRaftLogWorker (SegmentedRaftLogWorker.java:run(327)) - 130b495e-4981-4bfb-aed1-18e9f65aa3b8@group-1FC076CF3320-SegmentedRaftLogWorker was interrupted, exiting. There are 0 tasks remaining in the queue.
2021-08-28 05:53:55,884 [ForkJoinPool.commonPool-worker-1] INFO  segmented.SegmentedRaftLogWorker (SegmentedRaftLogWorker.java:close(237)) - 130b495e-4981-4bfb-aed1-18e9f65aa3b8@group-1FC076CF3320-SegmentedRaftLogWorker close()
2021-08-28 05:53:55,884 [ForkJoinPool.commonPool-worker-1] INFO  server.RaftServer$Division (RaftServerImpl.java:lambda$close$4(407)) - 130b495e-4981-4bfb-aed1-18e9f65aa3b8@group-B3505F7B58F4: shutdown
2021-08-28 05:53:55,885 [ForkJoinPool.commonPool-worker-1] INFO  util.JmxRegister (JmxRegister.java:unregister(73)) - Successfully un-registered JMX Bean with object name Ratis:service=RaftServer,group=group-B3505F7B58F4,id=130b495e-4981-4bfb-aed1-18e9f65aa3b8
2021-08-28 05:53:55,885 [ForkJoinPool.commonPool-worker-1] INFO  impl.RoleInfo (RoleInfo.java:shutdownLeaderState(91)) - 130b495e-4981-4bfb-aed1-18e9f65aa3b8: shutdown 130b495e-4981-4bfb-aed1-18e9f65aa3b8@group-B3505F7B58F4-LeaderStateImpl
2021-08-28 05:53:55,885 [ForkJoinPool.commonPool-worker-1] INFO  impl.PendingRequests (PendingRequests.java:sendNotLeaderResponses(282)) - 130b495e-4981-4bfb-aed1-18e9f65aa3b8@group-B3505F7B58F4-PendingRequests: sendNotLeaderResponses
2021-08-28 05:53:55,886 [130b495e-4981-4bfb-aed1-18e9f65aa3b8@group-B3505F7B58F4-StateMachineUpdater] INFO  ratis.ContainerStateMachine (ContainerStateMachine.java:takeSnapshot(292)) - group-B3505F7B58F4: Taking a snapshot at:(t:1, i:0) file /home/runner/work/ozone/ozone/hadoop-ozone/integration-test/target/test-dir/MiniOzoneClusterImpl-4114dceb-4d54-4a06-811c-48a2541ee5b4/datanode-0/data/ratis/19a9b939-8253-40ec-bb0b-b3505f7b58f4/sm/snapshot.1_0
2021-08-28 05:53:55,886 [ForkJoinPool.commonPool-worker-1] INFO  impl.StateMachineUpdater (StateMachineUpdater.java:stopAndJoin(149)) - 130b495e-4981-4bfb-aed1-18e9f65aa3b8@group-B3505F7B58F4-StateMachineUpdater: set stopIndex = 0
2021-08-28 05:53:55,887 [130b495e-4981-4bfb-aed1-18e9f65aa3b8@group-B3505F7B58F4-StateMachineUpdater] INFO  ratis.ContainerStateMachine (ContainerStateMachine.java:takeSnapshot(303)) - group-B3505F7B58F4: Finished taking a snapshot at:(t:1, i:0) file:/home/runner/work/ozone/ozone/hadoop-ozone/integration-test/target/test-dir/MiniOzoneClusterImpl-4114dceb-4d54-4a06-811c-48a2541ee5b4/datanode-0/data/ratis/19a9b939-8253-40ec-bb0b-b3505f7b58f4/sm/snapshot.1_0 took: 2 ms
2021-08-28 05:53:55,887 [130b495e-4981-4bfb-aed1-18e9f65aa3b8@group-B3505F7B58F4-StateMachineUpdater] INFO  impl.StateMachineUpdater (StateMachineUpdater.java:takeSnapshot(281)) - 130b495e-4981-4bfb-aed1-18e9f65aa3b8@group-B3505F7B58F4-StateMachineUpdater: Took a snapshot at index 0
2021-08-28 05:53:55,887 [130b495e-4981-4bfb-aed1-18e9f65aa3b8@group-B3505F7B58F4-StateMachineUpdater] INFO  impl.StateMachineUpdater (StateMachineUpdater.java:lambda$new$0(89)) - 130b495e-4981-4bfb-aed1-18e9f65aa3b8@group-B3505F7B58F4-StateMachineUpdater: snapshotIndex: updateIncreasingly -1 -> 0
2021-08-28 05:53:55,891 [ForkJoinPool.commonPool-worker-1] INFO  server.RaftServer$Division (ServerState.java:close(419)) - 130b495e-4981-4bfb-aed1-18e9f65aa3b8@group-B3505F7B58F4: closes. applyIndex: 0
2021-08-28 05:53:55,894 [130b495e-4981-4bfb-aed1-18e9f65aa3b8@group-B3505F7B58F4-SegmentedRaftLogWorker] INFO  segmented.SegmentedRaftLogWorker (SegmentedRaftLogWorker.java:run(327)) - 130b495e-4981-4bfb-aed1-18e9f65aa3b8@group-B3505F7B58F4-SegmentedRaftLogWorker was interrupted, exiting. There are 0 tasks remaining in the queue.
2021-08-28 05:53:55,898 [ForkJoinPool.commonPool-worker-1] INFO  segmented.SegmentedRaftLogWorker (SegmentedRaftLogWorker.java:close(237)) - 130b495e-4981-4bfb-aed1-18e9f65aa3b8@group-B3505F7B58F4-SegmentedRaftLogWorker close()
2021-08-28 05:53:55,904 [Listener at 127.0.0.1/11536] INFO  segmented.SegmentedRaftLogWorker (SegmentedRaftLogWorker.java:close(237)) - 176ebb76-54ef-4fc7-b036-d3478a12c0d9@group-3BD747763059-SegmentedRaftLogWorker close()
2021-08-28 05:53:55,913 [ForkJoinPool.commonPool-worker-1] INFO  server.GrpcService (GrpcService.java:closeImpl(262)) - 130b495e-4981-4bfb-aed1-18e9f65aa3b8: shutdown server with port 34925 now
2021-08-28 05:53:55,917 [Listener at 127.0.0.1/11536] INFO  server.RaftServer$Division (RaftServerImpl.java:lambda$close$4(407)) - 176ebb76-54ef-4fc7-b036-d3478a12c0d9@group-1FC076CF3320: shutdown
2021-08-28 05:53:55,917 [Listener at 127.0.0.1/11536] INFO  util.JmxRegister (JmxRegister.java:unregister(73)) - Successfully un-registered JMX Bean with object name Ratis:service=RaftServer,group=group-1FC076CF3320,id=176ebb76-54ef-4fc7-b036-d3478a12c0d9
2021-08-28 05:53:55,917 [Listener at 127.0.0.1/11536] INFO  impl.RoleInfo (RoleInfo.java:shutdownFollowerState(108)) - 176ebb76-54ef-4fc7-b036-d3478a12c0d9: shutdown 176ebb76-54ef-4fc7-b036-d3478a12c0d9@group-1FC076CF3320-FollowerState
2021-08-28 05:53:55,917 [Listener at 127.0.0.1/11536] INFO  impl.StateMachineUpdater (StateMachineUpdater.java:stopAndJoin(149)) - 176ebb76-54ef-4fc7-b036-d3478a12c0d9@group-1FC076CF3320-StateMachineUpdater: set stopIndex = 0
2021-08-28 05:53:55,917 [176ebb76-54ef-4fc7-b036-d3478a12c0d9@group-1FC076CF3320-FollowerState] INFO  impl.FollowerState (FollowerState.java:run(143)) - 176ebb76-54ef-4fc7-b036-d3478a12c0d9@group-1FC076CF3320-FollowerState was interrupted: {}
java.lang.InterruptedException: sleep interrupted
	at java.lang.Thread.sleep(Native Method)
	at java.lang.Thread.sleep(Thread.java:340)
	at java.util.concurrent.TimeUnit.sleep(TimeUnit.java:386)
	at org.apache.ratis.util.TimeDuration.sleep(TimeDuration.java:324)
	at org.apache.ratis.util.TimeDuration.sleep(TimeDuration.java:309)
	at org.apache.ratis.server.impl.FollowerState.run(FollowerState.java:118)
2021-08-28 05:53:55,918 [176ebb76-54ef-4fc7-b036-d3478a12c0d9@group-1FC076CF3320-StateMachineUpdater] INFO  ratis.ContainerStateMachine (ContainerStateMachine.java:takeSnapshot(292)) - group-1FC076CF3320: Taking a snapshot at:(t:2, i:0) file /home/runner/work/ozone/ozone/hadoop-ozone/integration-test/target/test-dir/MiniOzoneClusterImpl-4114dceb-4d54-4a06-811c-48a2541ee5b4/datanode-1/data/ratis/4b705484-880c-4916-8338-1fc076cf3320/sm/snapshot.2_0
2021-08-28 05:53:55,919 [176ebb76-54ef-4fc7-b036-d3478a12c0d9@group-1FC076CF3320-StateMachineUpdater] INFO  ratis.ContainerStateMachine (ContainerStateMachine.java:takeSnapshot(303)) - group-1FC076CF3320: Finished taking a snapshot at:(t:2, i:0) file:/home/runner/work/ozone/ozone/hadoop-ozone/integration-test/target/test-dir/MiniOzoneClusterImpl-4114dceb-4d54-4a06-811c-48a2541ee5b4/datanode-1/data/ratis/4b705484-880c-4916-8338-1fc076cf3320/sm/snapshot.2_0 took: 1 ms
2021-08-28 05:53:55,919 [176ebb76-54ef-4fc7-b036-d3478a12c0d9@group-1FC076CF3320-StateMachineUpdater] INFO  impl.StateMachineUpdater (StateMachineUpdater.java:takeSnapshot(281)) - 176ebb76-54ef-4fc7-b036-d3478a12c0d9@group-1FC076CF3320-StateMachineUpdater: Took a snapshot at index 0
2021-08-28 05:53:55,919 [176ebb76-54ef-4fc7-b036-d3478a12c0d9@group-1FC076CF3320-StateMachineUpdater] INFO  impl.StateMachineUpdater (StateMachineUpdater.java:lambda$new$0(89)) - 176ebb76-54ef-4fc7-b036-d3478a12c0d9@group-1FC076CF3320-StateMachineUpdater: snapshotIndex: updateIncreasingly -1 -> 0
2021-08-28 05:53:55,919 [ForkJoinPool.commonPool-worker-1] INFO  server.GrpcService (GrpcService.java:closeImpl(271)) - 130b495e-4981-4bfb-aed1-18e9f65aa3b8: shutdown server with port 34925 successfully
2021-08-28 05:53:55,919 [org.apache.ratis.util.JvmPauseMonitor$$Lambda$533/26953629@49b97068] INFO  util.JvmPauseMonitor (JvmPauseMonitor.java:run(109)) - JvmPauseMonitor-130b495e-4981-4bfb-aed1-18e9f65aa3b8: Stopped
2021-08-28 05:53:55,919 [Listener at 127.0.0.1/11536] INFO  server.RaftServer$Division (ServerState.java:close(419)) - 176ebb76-54ef-4fc7-b036-d3478a12c0d9@group-1FC076CF3320: closes. applyIndex: 0
2021-08-28 05:53:55,920 [176ebb76-54ef-4fc7-b036-d3478a12c0d9@group-1FC076CF3320-SegmentedRaftLogWorker] INFO  segmented.SegmentedRaftLogWorker (SegmentedRaftLogWorker.java:run(327)) - 176ebb76-54ef-4fc7-b036-d3478a12c0d9@group-1FC076CF3320-SegmentedRaftLogWorker was interrupted, exiting. There are 0 tasks remaining in the queue.
2021-08-28 05:53:55,922 [ForkJoinPool.commonPool-worker-1] INFO  utils.BackgroundService (BackgroundService.java:shutdown(132)) - Shutting down service BlockDeletingService
2021-08-28 05:53:55,928 [Listener at 127.0.0.1/11536] INFO  segmented.SegmentedRaftLogWorker (SegmentedRaftLogWorker.java:close(237)) - 176ebb76-54ef-4fc7-b036-d3478a12c0d9@group-1FC076CF3320-SegmentedRaftLogWorker close()
2021-08-28 05:53:55,932 [Listener at 127.0.0.1/11536] INFO  server.GrpcService (GrpcService.java:closeImpl(262)) - 176ebb76-54ef-4fc7-b036-d3478a12c0d9: shutdown server with port 36625 now
2021-08-28 05:53:55,934 [grpc-default-executor-3] WARN  server.GrpcLogAppender (LogUtils.java:warn(122)) - 3d8f492e-e4fc-40a7-8280-263d1b336f05@group-1FC076CF3320->130b495e-4981-4bfb-aed1-18e9f65aa3b8-AppendLogResponseHandler: Failed appendEntries: org.apache.ratis.thirdparty.io.grpc.StatusRuntimeException: CANCELLED: HTTP/2 error code: CANCEL
Received Rst Stream
2021-08-28 05:53:55,934 [grpc-default-executor-3] WARN  server.GrpcLogAppender (GrpcLogAppender.java:resetClient(111)) - 3d8f492e-e4fc-40a7-8280-263d1b336f05@group-1FC076CF3320->130b495e-4981-4bfb-aed1-18e9f65aa3b8-GrpcLogAppender: Leader has not got in touch with Follower 3d8f492e-e4fc-40a7-8280-263d1b336f05@group-1FC076CF3320->130b495e-4981-4bfb-aed1-18e9f65aa3b8(c0,m0,n1, attendVote=true, lastRpcSendTime=782, lastRpcResponseTime=780) yet, just keep nextIndex unchanged and retry.
2021-08-28 05:53:55,935 [grpc-default-executor-6] WARN  server.GrpcServerProtocolService (LogUtils.java:warn(122)) - 130b495e-4981-4bfb-aed1-18e9f65aa3b8: installSnapshot onError, lastRequest: 3d8f492e-e4fc-40a7-8280-263d1b336f05->130b495e-4981-4bfb-aed1-18e9f65aa3b8#1-t2,previous=(t:0, i:0),leaderCommit=-1,initializing? true,entries: size=1, first=(t:2, i:0), CONFIGURATIONENTRY: org.apache.ratis.thirdparty.io.grpc.StatusRuntimeException: CANCELLED: client cancelled
2021-08-28 05:53:55,941 [grpc-default-executor-3] WARN  server.GrpcServerProtocolService (LogUtils.java:warn(122)) - 176ebb76-54ef-4fc7-b036-d3478a12c0d9: installSnapshot onError, lastRequest: 3d8f492e-e4fc-40a7-8280-263d1b336f05->176ebb76-54ef-4fc7-b036-d3478a12c0d9#1-t2,previous=(t:0, i:0),leaderCommit=0,initializing? true,entries: size=1, first=(t:2, i:0), CONFIGURATIONENTRY: org.apache.ratis.thirdparty.io.grpc.StatusRuntimeException: CANCELLED: client cancelled
2021-08-28 05:53:55,941 [grpc-default-executor-5] WARN  server.GrpcLogAppender (LogUtils.java:warn(122)) - 3d8f492e-e4fc-40a7-8280-263d1b336f05@group-1FC076CF3320->176ebb76-54ef-4fc7-b036-d3478a12c0d9-AppendLogResponseHandler: Failed appendEntries: org.apache.ratis.thirdparty.io.grpc.StatusRuntimeException: CANCELLED: HTTP/2 error code: CANCEL
Received Rst Stream
2021-08-28 05:53:55,941 [grpc-default-executor-5] WARN  server.GrpcLogAppender (GrpcLogAppender.java:resetClient(111)) - 3d8f492e-e4fc-40a7-8280-263d1b336f05@group-1FC076CF3320->176ebb76-54ef-4fc7-b036-d3478a12c0d9-GrpcLogAppender: Leader has not got in touch with Follower 3d8f492e-e4fc-40a7-8280-263d1b336f05@group-1FC076CF3320->176ebb76-54ef-4fc7-b036-d3478a12c0d9(c0,m0,n1, attendVote=true, lastRpcSendTime=746, lastRpcResponseTime=744) yet, just keep nextIndex unchanged and retry.
2021-08-28 05:53:55,964 [EndpointStateMachine task thread for /0.0.0.0:35205 - 0 ] INFO  ipc.Client (Client.java:handleConnectionFailure(977)) - Retrying connect to server: 0.0.0.0/0.0.0.0:35205. Already tried 4 time(s); retry policy is RetryUpToMaximumCountWithFixedSleep(maxRetries=15, sleepTime=1000 MILLISECONDS)
2021-08-28 05:53:55,970 [Listener at 127.0.0.1/11536] INFO  server.GrpcService (GrpcService.java:closeImpl(271)) - 176ebb76-54ef-4fc7-b036-d3478a12c0d9: shutdown server with port 36625 successfully
2021-08-28 05:53:55,971 [org.apache.ratis.util.JvmPauseMonitor$$Lambda$533/26953629@57b5c6c] INFO  util.JvmPauseMonitor (JvmPauseMonitor.java:run(109)) - JvmPauseMonitor-176ebb76-54ef-4fc7-b036-d3478a12c0d9: Stopped
2021-08-28 05:53:55,971 [Listener at 127.0.0.1/11536] INFO  utils.BackgroundService (BackgroundService.java:shutdown(132)) - Shutting down service BlockDeletingService
2021-08-28 05:53:55,985 [EndpointStateMachine task thread for /0.0.0.0:43701 - 0 ] INFO  ipc.Client (Client.java:handleConnectionFailure(977)) - Retrying connect to server: 0.0.0.0/0.0.0.0:43701. Already tried 10 time(s); retry policy is RetryUpToMaximumCountWithFixedSleep(maxRetries=15, sleepTime=1000 MILLISECONDS)
2021-08-28 05:53:56,355 [EndpointStateMachine task thread for /0.0.0.0:36115 - 0 ] INFO  ipc.Client (Client.java:handleConnectionFailure(977)) - Retrying connect to server: 0.0.0.0/0.0.0.0:36115. Already tried 6 time(s); retry policy is RetryUpToMaximumCountWithFixedSleep(maxRetries=15, sleepTime=1000 MILLISECONDS)
2021-08-28 05:53:56,965 [EndpointStateMachine task thread for /0.0.0.0:35205 - 0 ] INFO  ipc.Client (Client.java:handleConnectionFailure(977)) - Retrying connect to server: 0.0.0.0/0.0.0.0:35205. Already tried 5 time(s); retry policy is RetryUpToMaximumCountWithFixedSleep(maxRetries=15, sleepTime=1000 MILLISECONDS)
2021-08-28 05:53:56,985 [EndpointStateMachine task thread for /0.0.0.0:43701 - 0 ] INFO  ipc.Client (Client.java:handleConnectionFailure(977)) - Retrying connect to server: 0.0.0.0/0.0.0.0:43701. Already tried 11 time(s); retry policy is RetryUpToMaximumCountWithFixedSleep(maxRetries=15, sleepTime=1000 MILLISECONDS)
2021-08-28 05:53:57,356 [EndpointStateMachine task thread for /0.0.0.0:36115 - 0 ] INFO  ipc.Client (Client.java:handleConnectionFailure(977)) - Retrying connect to server: 0.0.0.0/0.0.0.0:36115. Already tried 7 time(s); retry policy is RetryUpToMaximumCountWithFixedSleep(maxRetries=15, sleepTime=1000 MILLISECONDS)
2021-08-28 05:53:57,714 [grpc-default-executor-6] WARN  server.GrpcLogAppender (LogUtils.java:warn(122)) - 3d8f492e-e4fc-40a7-8280-263d1b336f05@group-1FC076CF3320->130b495e-4981-4bfb-aed1-18e9f65aa3b8-AppendLogResponseHandler: Failed appendEntries: org.apache.ratis.thirdparty.io.grpc.StatusRuntimeException: UNAVAILABLE: io exception
2021-08-28 05:53:57,714 [grpc-default-executor-6] WARN  server.GrpcLogAppender (GrpcLogAppender.java:resetClient(111)) - 3d8f492e-e4fc-40a7-8280-263d1b336f05@group-1FC076CF3320->130b495e-4981-4bfb-aed1-18e9f65aa3b8-GrpcLogAppender: Leader has not got in touch with Follower 3d8f492e-e4fc-40a7-8280-263d1b336f05@group-1FC076CF3320->130b495e-4981-4bfb-aed1-18e9f65aa3b8(c0,m0,n1, attendVote=true, lastRpcSendTime=0, lastRpcResponseTime=2560) yet, just keep nextIndex unchanged and retry.
2021-08-28 05:53:57,727 [grpc-default-executor-6] WARN  server.GrpcLogAppender (LogUtils.java:warn(122)) - 3d8f492e-e4fc-40a7-8280-263d1b336f05@group-1FC076CF3320->176ebb76-54ef-4fc7-b036-d3478a12c0d9-AppendLogResponseHandler: Failed appendEntries: org.apache.ratis.thirdparty.io.grpc.StatusRuntimeException: UNAVAILABLE: io exception
2021-08-28 05:53:57,728 [grpc-default-executor-6] WARN  server.GrpcLogAppender (GrpcLogAppender.java:resetClient(111)) - 3d8f492e-e4fc-40a7-8280-263d1b336f05@group-1FC076CF3320->176ebb76-54ef-4fc7-b036-d3478a12c0d9-GrpcLogAppender: Leader has not got in touch with Follower 3d8f492e-e4fc-40a7-8280-263d1b336f05@group-1FC076CF3320->176ebb76-54ef-4fc7-b036-d3478a12c0d9(c0,m0,n1, attendVote=true, lastRpcSendTime=1, lastRpcResponseTime=2531) yet, just keep nextIndex unchanged and retry.
2021-08-28 05:53:57,965 [EndpointStateMachine task thread for /0.0.0.0:35205 - 0 ] INFO  ipc.Client (Client.java:handleConnectionFailure(977)) - Retrying connect to server: 0.0.0.0/0.0.0.0:35205. Already tried 6 time(s); retry policy is RetryUpToMaximumCountWithFixedSleep(maxRetries=15, sleepTime=1000 MILLISECONDS)
2021-08-28 05:53:57,986 [EndpointStateMachine task thread for /0.0.0.0:43701 - 0 ] INFO  ipc.Client (Client.java:handleConnectionFailure(977)) - Retrying connect to server: 0.0.0.0/0.0.0.0:43701. Already tried 12 time(s); retry policy is RetryUpToMaximumCountWithFixedSleep(maxRetries=15, sleepTime=1000 MILLISECONDS)
2021-08-28 05:53:58,356 [EndpointStateMachine task thread for /0.0.0.0:36115 - 0 ] INFO  ipc.Client (Client.java:handleConnectionFailure(977)) - Retrying connect to server: 0.0.0.0/0.0.0.0:36115. Already tried 8 time(s); retry policy is RetryUpToMaximumCountWithFixedSleep(maxRetries=15, sleepTime=1000 MILLISECONDS)
2021-08-28 05:53:58,933 [ForkJoinPool.commonPool-worker-1] INFO  statemachine.DatanodeStateMachine (DatanodeStateMachine.java:stopDaemon(515)) - Ozone container server stopped.
2021-08-28 05:53:58,948 [ForkJoinPool.commonPool-worker-1] INFO  handler.ContextHandler (ContextHandler.java:doStop(1153)) - Stopped o.e.j.w.WebAppContext@63c8d92a{hddsDatanode,/,null,STOPPED}{jar:file:/home/runner/.m2/repository/org/apache/ozone/hdds-container-service/1.2.0-SNAPSHOT/hdds-container-service-1.2.0-SNAPSHOT.jar!/webapps/hddsDatanode}
2021-08-28 05:53:58,950 [ForkJoinPool.commonPool-worker-1] INFO  server.AbstractConnector (AbstractConnector.java:doStop(381)) - Stopped ServerConnector@79b39c3f{HTTP/1.1, (http/1.1)}{0.0.0.0:0}
2021-08-28 05:53:58,950 [ForkJoinPool.commonPool-worker-1] INFO  server.session (HouseKeeper.java:stopScavenging(149)) - node0 Stopped scavenging
2021-08-28 05:53:58,951 [ForkJoinPool.commonPool-worker-1] INFO  handler.ContextHandler (ContextHandler.java:doStop(1153)) - Stopped o.e.j.s.ServletContextHandler@cce317b{static,/static,jar:file:/home/runner/.m2/repository/org/apache/ozone/hdds-container-service/1.2.0-SNAPSHOT/hdds-container-service-1.2.0-SNAPSHOT.jar!/webapps/static,STOPPED}
2021-08-28 05:53:58,952 [ForkJoinPool.commonPool-worker-1] INFO  handler.ContextHandler (ContextHandler.java:doStop(1153)) - Stopped o.e.j.s.ServletContextHandler@3da26ce5{logs,/logs,file:///home/runner/work/ozone/ozone/hadoop-ozone/integration-test/target/log,STOPPED}
2021-08-28 05:53:58,961 [Datanode State Machine Thread - 0] WARN  statemachine.StateContext (StateContext.java:setState(246)) - Ignore disallowed transition from SHUTDOWN to RUNNING
2021-08-28 05:53:58,961 [Datanode State Machine Thread - 0] INFO  statemachine.DatanodeStateMachine (DatanodeStateMachine.java:lambda$startDaemon$0(457)) - Ozone container server started.
2021-08-28 05:53:58,966 [EndpointStateMachine task thread for /0.0.0.0:35205 - 0 ] INFO  ipc.Client (Client.java:handleConnectionFailure(977)) - Retrying connect to server: 0.0.0.0/0.0.0.0:35205. Already tried 7 time(s); retry policy is RetryUpToMaximumCountWithFixedSleep(maxRetries=15, sleepTime=1000 MILLISECONDS)
2021-08-28 05:53:58,986 [EndpointStateMachine task thread for /0.0.0.0:43701 - 0 ] INFO  ipc.Client (Client.java:handleConnectionFailure(977)) - Retrying connect to server: 0.0.0.0/0.0.0.0:43701. Already tried 13 time(s); retry policy is RetryUpToMaximumCountWithFixedSleep(maxRetries=15, sleepTime=1000 MILLISECONDS)
2021-08-28 05:53:58,997 [Listener at 127.0.0.1/11536] INFO  statemachine.DatanodeStateMachine (DatanodeStateMachine.java:stopDaemon(515)) - Ozone container server stopped.
2021-08-28 05:53:58,997 [Listener at 127.0.0.1/11536] INFO  handler.ContextHandler (ContextHandler.java:doStop(1153)) - Stopped o.e.j.w.WebAppContext@5ed1ff01{hddsDatanode,/,null,STOPPED}{jar:file:/home/runner/.m2/repository/org/apache/ozone/hdds-container-service/1.2.0-SNAPSHOT/hdds-container-service-1.2.0-SNAPSHOT.jar!/webapps/hddsDatanode}
2021-08-28 05:53:58,999 [Listener at 127.0.0.1/11536] INFO  server.AbstractConnector (AbstractConnector.java:doStop(381)) - Stopped ServerConnector@7a645b90{HTTP/1.1, (http/1.1)}{0.0.0.0:0}
2021-08-28 05:53:58,999 [Listener at 127.0.0.1/11536] INFO  server.session (HouseKeeper.java:stopScavenging(149)) - node0 Stopped scavenging
2021-08-28 05:53:58,999 [Listener at 127.0.0.1/11536] INFO  handler.ContextHandler (ContextHandler.java:doStop(1153)) - Stopped o.e.j.s.ServletContextHandler@76b0af73{static,/static,jar:file:/home/runner/.m2/repository/org/apache/ozone/hdds-container-service/1.2.0-SNAPSHOT/hdds-container-service-1.2.0-SNAPSHOT.jar!/webapps/static,STOPPED}
2021-08-28 05:53:58,999 [Listener at 127.0.0.1/11536] INFO  handler.ContextHandler (ContextHandler.java:doStop(1153)) - Stopped o.e.j.s.ServletContextHandler@542d0382{logs,/logs,file:///home/runner/work/ozone/ozone/hadoop-ozone/integration-test/target/log,STOPPED}
2021-08-28 05:53:59,357 [EndpointStateMachine task thread for /0.0.0.0:36115 - 0 ] INFO  ipc.Client (Client.java:handleConnectionFailure(977)) - Retrying connect to server: 0.0.0.0/0.0.0.0:36115. Already tried 9 time(s); retry policy is RetryUpToMaximumCountWithFixedSleep(maxRetries=15, sleepTime=1000 MILLISECONDS)
2021-08-28 05:53:59,970 [EndpointStateMachine task thread for /0.0.0.0:35205 - 0 ] INFO  ipc.Client (Client.java:handleConnectionFailure(977)) - Retrying connect to server: 0.0.0.0/0.0.0.0:35205. Already tried 8 time(s); retry policy is RetryUpToMaximumCountWithFixedSleep(maxRetries=15, sleepTime=1000 MILLISECONDS)
2021-08-28 05:53:59,987 [EndpointStateMachine task thread for /0.0.0.0:43701 - 0 ] INFO  ipc.Client (Client.java:handleConnectionFailure(977)) - Retrying connect to server: 0.0.0.0/0.0.0.0:43701. Already tried 14 time(s); retry policy is RetryUpToMaximumCountWithFixedSleep(maxRetries=15, sleepTime=1000 MILLISECONDS)
2021-08-28 05:54:00,216 [grpc-default-executor-6] WARN  server.GrpcLogAppender (LogUtils.java:warn(122)) - 3d8f492e-e4fc-40a7-8280-263d1b336f05@group-1FC076CF3320->130b495e-4981-4bfb-aed1-18e9f65aa3b8-AppendLogResponseHandler: Failed appendEntries: org.apache.ratis.thirdparty.io.grpc.StatusRuntimeException: UNAVAILABLE: io exception
2021-08-28 05:54:00,216 [grpc-default-executor-6] WARN  server.GrpcLogAppender (GrpcLogAppender.java:resetClient(111)) - 3d8f492e-e4fc-40a7-8280-263d1b336f05@group-1FC076CF3320->130b495e-4981-4bfb-aed1-18e9f65aa3b8-GrpcLogAppender: Leader has not got in touch with Follower 3d8f492e-e4fc-40a7-8280-263d1b336f05@group-1FC076CF3320->130b495e-4981-4bfb-aed1-18e9f65aa3b8(c0,m0,n1, attendVote=true, lastRpcSendTime=0, lastRpcResponseTime=5062) yet, just keep nextIndex unchanged and retry.
2021-08-28 05:54:00,239 [grpc-default-executor-6] WARN  server.GrpcLogAppender (LogUtils.java:warn(122)) - 3d8f492e-e4fc-40a7-8280-263d1b336f05@group-1FC076CF3320->176ebb76-54ef-4fc7-b036-d3478a12c0d9-AppendLogResponseHandler: Failed appendEntries: org.apache.ratis.thirdparty.io.grpc.StatusRuntimeException: UNAVAILABLE: io exception
2021-08-28 05:54:00,240 [grpc-default-executor-6] WARN  server.GrpcLogAppender (GrpcLogAppender.java:resetClient(111)) - 3d8f492e-e4fc-40a7-8280-263d1b336f05@group-1FC076CF3320->176ebb76-54ef-4fc7-b036-d3478a12c0d9-GrpcLogAppender: Leader has not got in touch with Follower 3d8f492e-e4fc-40a7-8280-263d1b336f05@group-1FC076CF3320->176ebb76-54ef-4fc7-b036-d3478a12c0d9(c0,m0,n1, attendVote=true, lastRpcSendTime=0, lastRpcResponseTime=5043) yet, just keep nextIndex unchanged and retry.
2021-08-28 05:54:00,357 [EndpointStateMachine task thread for /0.0.0.0:36115 - 0 ] INFO  ipc.Client (Client.java:handleConnectionFailure(977)) - Retrying connect to server: 0.0.0.0/0.0.0.0:36115. Already tried 10 time(s); retry policy is RetryUpToMaximumCountWithFixedSleep(maxRetries=15, sleepTime=1000 MILLISECONDS)
2021-08-28 05:54:00,666 [3d8f492e-e4fc-40a7-8280-263d1b336f05@group-3BD747763059-FollowerState] INFO  impl.FollowerState (FollowerState.java:run(134)) - 3d8f492e-e4fc-40a7-8280-263d1b336f05@group-3BD747763059-FollowerState: change to CANDIDATE, lastRpcElapsedTime:5167875577ns, electionTimeout:5154ms
2021-08-28 05:54:00,666 [3d8f492e-e4fc-40a7-8280-263d1b336f05@group-3BD747763059-FollowerState] INFO  impl.RoleInfo (RoleInfo.java:shutdownFollowerState(108)) - 3d8f492e-e4fc-40a7-8280-263d1b336f05: shutdown 3d8f492e-e4fc-40a7-8280-263d1b336f05@group-3BD747763059-FollowerState
2021-08-28 05:54:00,667 [3d8f492e-e4fc-40a7-8280-263d1b336f05@group-3BD747763059-FollowerState] INFO  server.RaftServer$Division (RaftServerImpl.java:setRole(285)) - 3d8f492e-e4fc-40a7-8280-263d1b336f05@group-3BD747763059: changes role from  FOLLOWER to CANDIDATE at term 5 for changeToCandidate
2021-08-28 05:54:00,667 [3d8f492e-e4fc-40a7-8280-263d1b336f05@group-3BD747763059-FollowerState] INFO  server.RaftServerConfigKeys (ConfUtils.java:logGet(44)) - raft.server.leaderelection.pre-vote = false (custom)
2021-08-28 05:54:00,667 [3d8f492e-e4fc-40a7-8280-263d1b336f05@group-3BD747763059-FollowerState] INFO  impl.RoleInfo (RoleInfo.java:updateAndGet(130)) - 3d8f492e-e4fc-40a7-8280-263d1b336f05: start 3d8f492e-e4fc-40a7-8280-263d1b336f05@group-3BD747763059-LeaderElection65
2021-08-28 05:54:00,738 [3d8f492e-e4fc-40a7-8280-263d1b336f05@group-3BD747763059-LeaderElection65] INFO  impl.LeaderElection (LeaderElection.java:askForVotes(306)) - 3d8f492e-e4fc-40a7-8280-263d1b336f05@group-3BD747763059-LeaderElection65 ELECTION round 0: submit vote requests at term 6 for -1: [3d8f492e-e4fc-40a7-8280-263d1b336f05|rpc:10.1.0.40:33843|dataStream:|priority:0, 176ebb76-54ef-4fc7-b036-d3478a12c0d9|rpc:10.1.0.40:36625|dataStream:|priority:0, 130b495e-4981-4bfb-aed1-18e9f65aa3b8|rpc:10.1.0.40:34925|dataStream:|priority:1], old=null
2021-08-28 05:54:00,752 [3d8f492e-e4fc-40a7-8280-263d1b336f05@group-3BD747763059-LeaderElection65] INFO  impl.LeaderElection (LogUtils.java:infoOrTrace(137)) - 3d8f492e-e4fc-40a7-8280-263d1b336f05@group-3BD747763059-LeaderElection65 got exception when requesting votes: java.util.concurrent.ExecutionException: org.apache.ratis.thirdparty.io.grpc.StatusRuntimeException: UNAVAILABLE: io exception
2021-08-28 05:54:00,758 [3d8f492e-e4fc-40a7-8280-263d1b336f05@group-3BD747763059-LeaderElection65] INFO  impl.LeaderElection (LogUtils.java:infoOrTrace(137)) - 3d8f492e-e4fc-40a7-8280-263d1b336f05@group-3BD747763059-LeaderElection65 got exception when requesting votes: java.util.concurrent.ExecutionException: org.apache.ratis.thirdparty.io.grpc.StatusRuntimeException: UNAVAILABLE: io exception
2021-08-28 05:54:00,758 [3d8f492e-e4fc-40a7-8280-263d1b336f05@group-3BD747763059-LeaderElection65] INFO  impl.LeaderElection (LeaderElection.java:logAndReturn(89)) - 3d8f492e-e4fc-40a7-8280-263d1b336f05@group-3BD747763059-LeaderElection65: ELECTION REJECTED received 0 response(s) and 2 exception(s):
2021-08-28 05:54:00,758 [3d8f492e-e4fc-40a7-8280-263d1b336f05@group-3BD747763059-LeaderElection65] INFO  impl.LeaderElection (LogUtils.java:infoOrTrace(137)) -   Exception 0: java.util.concurrent.ExecutionException: org.apache.ratis.thirdparty.io.grpc.StatusRuntimeException: UNAVAILABLE: io exception
2021-08-28 05:54:00,758 [3d8f492e-e4fc-40a7-8280-263d1b336f05@group-3BD747763059-LeaderElection65] INFO  impl.LeaderElection (LogUtils.java:infoOrTrace(137)) -   Exception 1: java.util.concurrent.ExecutionException: org.apache.ratis.thirdparty.io.grpc.StatusRuntimeException: UNAVAILABLE: io exception
2021-08-28 05:54:00,758 [3d8f492e-e4fc-40a7-8280-263d1b336f05@group-3BD747763059-LeaderElection65] INFO  impl.LeaderElection (LeaderElection.java:askForVotes(308)) - 3d8f492e-e4fc-40a7-8280-263d1b336f05@group-3BD747763059-LeaderElection65 ELECTION round 0: result REJECTED
2021-08-28 05:54:00,758 [3d8f492e-e4fc-40a7-8280-263d1b336f05@group-3BD747763059-LeaderElection65] INFO  server.RaftServer$Division (RaftServerImpl.java:setRole(285)) - 3d8f492e-e4fc-40a7-8280-263d1b336f05@group-3BD747763059: changes role from CANDIDATE to FOLLOWER at term 6 for REJECTED
2021-08-28 05:54:00,758 [3d8f492e-e4fc-40a7-8280-263d1b336f05@group-3BD747763059-LeaderElection65] INFO  impl.RoleInfo (RoleInfo.java:shutdownLeaderElection(121)) - 3d8f492e-e4fc-40a7-8280-263d1b336f05: shutdown 3d8f492e-e4fc-40a7-8280-263d1b336f05@group-3BD747763059-LeaderElection65
2021-08-28 05:54:00,758 [3d8f492e-e4fc-40a7-8280-263d1b336f05@group-3BD747763059-LeaderElection65] INFO  impl.RoleInfo (RoleInfo.java:updateAndGet(130)) - 3d8f492e-e4fc-40a7-8280-263d1b336f05: start 3d8f492e-e4fc-40a7-8280-263d1b336f05@group-3BD747763059-FollowerState
2021-08-28 05:54:00,801 [3d8f492e-e4fc-40a7-8280-263d1b336f05@group-1FC076CF3320-LeaderStateImpl] WARN  server.RaftServer$Division (LeaderStateImpl.java:checkLeadership(944)) - 3d8f492e-e4fc-40a7-8280-263d1b336f05@group-1FC076CF3320-LeaderStateImpl: Lost leadership on term: 2. Election timeout: 5200ms. In charge for: 20855ms. Conf: 0: [3d8f492e-e4fc-40a7-8280-263d1b336f05|rpc:10.1.0.40:33843|dataStream:|priority:1, 130b495e-4981-4bfb-aed1-18e9f65aa3b8|rpc:10.1.0.40:34925|dataStream:|priority:0, 176ebb76-54ef-4fc7-b036-d3478a12c0d9|rpc:10.1.0.40:36625|dataStream:|priority:0], old=null
2021-08-28 05:54:00,801 [3d8f492e-e4fc-40a7-8280-263d1b336f05@group-1FC076CF3320-LeaderStateImpl] WARN  server.RaftServer$Division (LeaderStateImpl.java:lambda$checkLeadership$15(948)) - Follower 3d8f492e-e4fc-40a7-8280-263d1b336f05@group-1FC076CF3320->130b495e-4981-4bfb-aed1-18e9f65aa3b8(c0,m0,n1, attendVote=true, lastRpcSendTime=585, lastRpcResponseTime=5646)
2021-08-28 05:54:00,801 [3d8f492e-e4fc-40a7-8280-263d1b336f05@group-1FC076CF3320-LeaderStateImpl] WARN  server.RaftServer$Division (LeaderStateImpl.java:lambda$checkLeadership$15(948)) - Follower 3d8f492e-e4fc-40a7-8280-263d1b336f05@group-1FC076CF3320->176ebb76-54ef-4fc7-b036-d3478a12c0d9(c0,m0,n1, attendVote=true, lastRpcSendTime=561, lastRpcResponseTime=5604)
2021-08-28 05:54:00,801 [3d8f492e-e4fc-40a7-8280-263d1b336f05@group-1FC076CF3320-LeaderStateImpl] INFO  server.RaftServer$Division (RaftServerImpl.java:setRole(285)) - 3d8f492e-e4fc-40a7-8280-263d1b336f05@group-1FC076CF3320: changes role from    LEADER to FOLLOWER at term 2 for StepDownReason:LOST_MAJORITY_HEARTBEATS
2021-08-28 05:54:00,801 [3d8f492e-e4fc-40a7-8280-263d1b336f05@group-1FC076CF3320-LeaderStateImpl] INFO  impl.RoleInfo (RoleInfo.java:shutdownLeaderState(91)) - 3d8f492e-e4fc-40a7-8280-263d1b336f05: shutdown 3d8f492e-e4fc-40a7-8280-263d1b336f05@group-1FC076CF3320-LeaderStateImpl
2021-08-28 05:54:00,801 [3d8f492e-e4fc-40a7-8280-263d1b336f05@group-1FC076CF3320-LeaderStateImpl] INFO  impl.PendingRequests (PendingRequests.java:sendNotLeaderResponses(282)) - 3d8f492e-e4fc-40a7-8280-263d1b336f05@group-1FC076CF3320-PendingRequests: sendNotLeaderResponses
2021-08-28 05:54:00,802 [3d8f492e-e4fc-40a7-8280-263d1b336f05@group-1FC076CF3320-LeaderStateImpl] INFO  impl.RoleInfo (RoleInfo.java:updateAndGet(130)) - 3d8f492e-e4fc-40a7-8280-263d1b336f05: start 3d8f492e-e4fc-40a7-8280-263d1b336f05@group-1FC076CF3320-FollowerState
2021-08-28 05:54:00,975 [EndpointStateMachine task thread for /0.0.0.0:35205 - 0 ] INFO  ipc.Client (Client.java:handleConnectionFailure(977)) - Retrying connect to server: 0.0.0.0/0.0.0.0:35205. Already tried 9 time(s); retry policy is RetryUpToMaximumCountWithFixedSleep(maxRetries=15, sleepTime=1000 MILLISECONDS)
2021-08-28 05:54:00,988 [EndpointStateMachine task thread for /0.0.0.0:43701 - 0 ] INFO  ipc.Client (Client.java:handleConnectionFailure(977)) - Retrying connect to server: 0.0.0.0/0.0.0.0:43701. Already tried 0 time(s); retry policy is RetryUpToMaximumCountWithFixedSleep(maxRetries=15, sleepTime=1000 MILLISECONDS)
2021-08-28 05:54:01,358 [EndpointStateMachine task thread for /0.0.0.0:36115 - 0 ] INFO  ipc.Client (Client.java:handleConnectionFailure(977)) - Retrying connect to server: 0.0.0.0/0.0.0.0:36115. Already tried 11 time(s); retry policy is RetryUpToMaximumCountWithFixedSleep(maxRetries=15, sleepTime=1000 MILLISECONDS)
2021-08-28 05:54:01,976 [EndpointStateMachine task thread for /0.0.0.0:35205 - 0 ] INFO  ipc.Client (Client.java:handleConnectionFailure(977)) - Retrying connect to server: 0.0.0.0/0.0.0.0:35205. Already tried 10 time(s); retry policy is RetryUpToMaximumCountWithFixedSleep(maxRetries=15, sleepTime=1000 MILLISECONDS)
2021-08-28 05:54:01,988 [EndpointStateMachine task thread for /0.0.0.0:43701 - 0 ] INFO  ipc.Client (Client.java:handleConnectionFailure(977)) - Retrying connect to server: 0.0.0.0/0.0.0.0:43701. Already tried 1 time(s); retry policy is RetryUpToMaximumCountWithFixedSleep(maxRetries=15, sleepTime=1000 MILLISECONDS)
2021-08-28 05:54:02,360 [EndpointStateMachine task thread for /0.0.0.0:36115 - 0 ] INFO  ipc.Client (Client.java:handleConnectionFailure(977)) - Retrying connect to server: 0.0.0.0/0.0.0.0:36115. Already tried 12 time(s); retry policy is RetryUpToMaximumCountWithFixedSleep(maxRetries=15, sleepTime=1000 MILLISECONDS)
2021-08-28 05:54:02,977 [EndpointStateMachine task thread for /0.0.0.0:35205 - 0 ] INFO  ipc.Client (Client.java:handleConnectionFailure(977)) - Retrying connect to server: 0.0.0.0/0.0.0.0:35205. Already tried 11 time(s); retry policy is RetryUpToMaximumCountWithFixedSleep(maxRetries=15, sleepTime=1000 MILLISECONDS)
2021-08-28 05:54:02,988 [EndpointStateMachine task thread for /0.0.0.0:43701 - 0 ] INFO  ipc.Client (Client.java:handleConnectionFailure(977)) - Retrying connect to server: 0.0.0.0/0.0.0.0:43701. Already tried 2 time(s); retry policy is RetryUpToMaximumCountWithFixedSleep(maxRetries=15, sleepTime=1000 MILLISECONDS)
2021-08-28 05:54:03,360 [EndpointStateMachine task thread for /0.0.0.0:36115 - 0 ] INFO  ipc.Client (Client.java:handleConnectionFailure(977)) - Retrying connect to server: 0.0.0.0/0.0.0.0:36115. Already tried 13 time(s); retry policy is RetryUpToMaximumCountWithFixedSleep(maxRetries=15, sleepTime=1000 MILLISECONDS)
2021-08-28 05:54:03,954 [ForkJoinPool.commonPool-worker-1] INFO  ozoneimpl.OzoneContainer (OzoneContainer.java:stop(326)) - Attempting to stop container services.
2021-08-28 05:54:03,954 [ForkJoinPool.commonPool-worker-1] INFO  server.RaftServer (RaftServerProxy.java:lambda$close$6(391)) - 3d8f492e-e4fc-40a7-8280-263d1b336f05: close
2021-08-28 05:54:03,954 [ForkJoinPool.commonPool-worker-1] INFO  server.RaftServer$Division (RaftServerImpl.java:lambda$close$4(407)) - 3d8f492e-e4fc-40a7-8280-263d1b336f05@group-3BD747763059: shutdown
2021-08-28 05:54:03,954 [ForkJoinPool.commonPool-worker-1] INFO  util.JmxRegister (JmxRegister.java:unregister(73)) - Successfully un-registered JMX Bean with object name Ratis:service=RaftServer,group=group-3BD747763059,id=3d8f492e-e4fc-40a7-8280-263d1b336f05
2021-08-28 05:54:03,955 [ForkJoinPool.commonPool-worker-1] INFO  impl.RoleInfo (RoleInfo.java:shutdownFollowerState(108)) - 3d8f492e-e4fc-40a7-8280-263d1b336f05: shutdown 3d8f492e-e4fc-40a7-8280-263d1b336f05@group-3BD747763059-FollowerState
2021-08-28 05:54:03,955 [ForkJoinPool.commonPool-worker-1] INFO  impl.StateMachineUpdater (StateMachineUpdater.java:stopAndJoin(149)) - 3d8f492e-e4fc-40a7-8280-263d1b336f05@group-3BD747763059-StateMachineUpdater: set stopIndex = -1
2021-08-28 05:54:03,955 [3d8f492e-e4fc-40a7-8280-263d1b336f05@group-3BD747763059-FollowerState] INFO  impl.FollowerState (FollowerState.java:run(143)) - 3d8f492e-e4fc-40a7-8280-263d1b336f05@group-3BD747763059-FollowerState was interrupted: {}
java.lang.InterruptedException: sleep interrupted
	at java.lang.Thread.sleep(Native Method)
	at java.lang.Thread.sleep(Thread.java:340)
	at java.util.concurrent.TimeUnit.sleep(TimeUnit.java:386)
	at org.apache.ratis.util.TimeDuration.sleep(TimeDuration.java:324)
	at org.apache.ratis.util.TimeDuration.sleep(TimeDuration.java:309)
	at org.apache.ratis.server.impl.FollowerState.run(FollowerState.java:118)
2021-08-28 05:54:03,966 [ForkJoinPool.commonPool-worker-1] INFO  server.RaftServer$Division (ServerState.java:close(419)) - 3d8f492e-e4fc-40a7-8280-263d1b336f05@group-3BD747763059: closes. applyIndex: -1
2021-08-28 05:54:03,967 [3d8f492e-e4fc-40a7-8280-263d1b336f05@group-3BD747763059-SegmentedRaftLogWorker] INFO  segmented.SegmentedRaftLogWorker (SegmentedRaftLogWorker.java:run(327)) - 3d8f492e-e4fc-40a7-8280-263d1b336f05@group-3BD747763059-SegmentedRaftLogWorker was interrupted, exiting. There are 0 tasks remaining in the queue.
2021-08-28 05:54:03,967 [ForkJoinPool.commonPool-worker-1] INFO  segmented.SegmentedRaftLogWorker (SegmentedRaftLogWorker.java:close(237)) - 3d8f492e-e4fc-40a7-8280-263d1b336f05@group-3BD747763059-SegmentedRaftLogWorker close()
2021-08-28 05:54:03,968 [ForkJoinPool.commonPool-worker-1] INFO  server.RaftServer$Division (RaftServerImpl.java:lambda$close$4(407)) - 3d8f492e-e4fc-40a7-8280-263d1b336f05@group-1FC076CF3320: shutdown
2021-08-28 05:54:03,968 [ForkJoinPool.commonPool-worker-1] INFO  util.JmxRegister (JmxRegister.java:unregister(73)) - Successfully un-registered JMX Bean with object name Ratis:service=RaftServer,group=group-1FC076CF3320,id=3d8f492e-e4fc-40a7-8280-263d1b336f05
2021-08-28 05:54:03,968 [ForkJoinPool.commonPool-worker-1] INFO  impl.RoleInfo (RoleInfo.java:shutdownFollowerState(108)) - 3d8f492e-e4fc-40a7-8280-263d1b336f05: shutdown 3d8f492e-e4fc-40a7-8280-263d1b336f05@group-1FC076CF3320-FollowerState
2021-08-28 05:54:03,968 [ForkJoinPool.commonPool-worker-1] INFO  impl.StateMachineUpdater (StateMachineUpdater.java:stopAndJoin(149)) - 3d8f492e-e4fc-40a7-8280-263d1b336f05@group-1FC076CF3320-StateMachineUpdater: set stopIndex = 0
2021-08-28 05:54:03,968 [3d8f492e-e4fc-40a7-8280-263d1b336f05@group-1FC076CF3320-FollowerState] INFO  impl.FollowerState (FollowerState.java:run(143)) - 3d8f492e-e4fc-40a7-8280-263d1b336f05@group-1FC076CF3320-FollowerState was interrupted: {}
java.lang.InterruptedException: sleep interrupted
	at java.lang.Thread.sleep(Native Method)
	at java.lang.Thread.sleep(Thread.java:340)
	at java.util.concurrent.TimeUnit.sleep(TimeUnit.java:386)
	at org.apache.ratis.util.TimeDuration.sleep(TimeDuration.java:324)
	at org.apache.ratis.util.TimeDuration.sleep(TimeDuration.java:309)
	at org.apache.ratis.server.impl.FollowerState.run(FollowerState.java:118)
2021-08-28 05:54:03,968 [3d8f492e-e4fc-40a7-8280-263d1b336f05@group-1FC076CF3320-StateMachineUpdater] INFO  ratis.ContainerStateMachine (ContainerStateMachine.java:takeSnapshot(292)) - group-1FC076CF3320: Taking a snapshot at:(t:2, i:0) file /home/runner/work/ozone/ozone/hadoop-ozone/integration-test/target/test-dir/MiniOzoneClusterImpl-4114dceb-4d54-4a06-811c-48a2541ee5b4/datanode-2/data/ratis/4b705484-880c-4916-8338-1fc076cf3320/sm/snapshot.2_0
2021-08-28 05:54:03,970 [3d8f492e-e4fc-40a7-8280-263d1b336f05@group-1FC076CF3320-StateMachineUpdater] INFO  ratis.ContainerStateMachine (ContainerStateMachine.java:takeSnapshot(303)) - group-1FC076CF3320: Finished taking a snapshot at:(t:2, i:0) file:/home/runner/work/ozone/ozone/hadoop-ozone/integration-test/target/test-dir/MiniOzoneClusterImpl-4114dceb-4d54-4a06-811c-48a2541ee5b4/datanode-2/data/ratis/4b705484-880c-4916-8338-1fc076cf3320/sm/snapshot.2_0 took: 1 ms
2021-08-28 05:54:03,970 [3d8f492e-e4fc-40a7-8280-263d1b336f05@group-1FC076CF3320-StateMachineUpdater] INFO  impl.StateMachineUpdater (StateMachineUpdater.java:takeSnapshot(281)) - 3d8f492e-e4fc-40a7-8280-263d1b336f05@group-1FC076CF3320-StateMachineUpdater: Took a snapshot at index 0
2021-08-28 05:54:03,970 [3d8f492e-e4fc-40a7-8280-263d1b336f05@group-1FC076CF3320-StateMachineUpdater] INFO  impl.StateMachineUpdater (StateMachineUpdater.java:lambda$new$0(89)) - 3d8f492e-e4fc-40a7-8280-263d1b336f05@group-1FC076CF3320-StateMachineUpdater: snapshotIndex: updateIncreasingly -1 -> 0
2021-08-28 05:54:03,970 [ForkJoinPool.commonPool-worker-1] INFO  server.RaftServer$Division (ServerState.java:close(419)) - 3d8f492e-e4fc-40a7-8280-263d1b336f05@group-1FC076CF3320: closes. applyIndex: 0
2021-08-28 05:54:03,970 [3d8f492e-e4fc-40a7-8280-263d1b336f05@group-1FC076CF3320-SegmentedRaftLogWorker] INFO  segmented.SegmentedRaftLogWorker (SegmentedRaftLogWorker.java:run(327)) - 3d8f492e-e4fc-40a7-8280-263d1b336f05@group-1FC076CF3320-SegmentedRaftLogWorker was interrupted, exiting. There are 0 tasks remaining in the queue.
2021-08-28 05:54:03,977 [EndpointStateMachine task thread for /0.0.0.0:35205 - 0 ] INFO  ipc.Client (Client.java:handleConnectionFailure(977)) - Retrying connect to server: 0.0.0.0/0.0.0.0:35205. Already tried 12 time(s); retry policy is RetryUpToMaximumCountWithFixedSleep(maxRetries=15, sleepTime=1000 MILLISECONDS)
2021-08-28 05:54:03,989 [ForkJoinPool.commonPool-worker-1] INFO  segmented.SegmentedRaftLogWorker (SegmentedRaftLogWorker.java:close(237)) - 3d8f492e-e4fc-40a7-8280-263d1b336f05@group-1FC076CF3320-SegmentedRaftLogWorker close()
2021-08-28 05:54:03,989 [ForkJoinPool.commonPool-worker-1] INFO  server.RaftServer$Division (RaftServerImpl.java:lambda$close$4(407)) - 3d8f492e-e4fc-40a7-8280-263d1b336f05@group-78B70A503545: shutdown
2021-08-28 05:54:03,990 [ForkJoinPool.commonPool-worker-1] INFO  util.JmxRegister (JmxRegister.java:unregister(73)) - Successfully un-registered JMX Bean with object name Ratis:service=RaftServer,group=group-78B70A503545,id=3d8f492e-e4fc-40a7-8280-263d1b336f05
2021-08-28 05:54:03,990 [ForkJoinPool.commonPool-worker-1] INFO  impl.RoleInfo (RoleInfo.java:shutdownLeaderState(91)) - 3d8f492e-e4fc-40a7-8280-263d1b336f05: shutdown 3d8f492e-e4fc-40a7-8280-263d1b336f05@group-78B70A503545-LeaderStateImpl
2021-08-28 05:54:03,990 [ForkJoinPool.commonPool-worker-1] INFO  impl.PendingRequests (PendingRequests.java:sendNotLeaderResponses(282)) - 3d8f492e-e4fc-40a7-8280-263d1b336f05@group-78B70A503545-PendingRequests: sendNotLeaderResponses
2021-08-28 05:54:03,990 [ForkJoinPool.commonPool-worker-1] INFO  impl.StateMachineUpdater (StateMachineUpdater.java:stopAndJoin(149)) - 3d8f492e-e4fc-40a7-8280-263d1b336f05@group-78B70A503545-StateMachineUpdater: set stopIndex = 0
2021-08-28 05:54:03,991 [3d8f492e-e4fc-40a7-8280-263d1b336f05@group-78B70A503545-StateMachineUpdater] INFO  ratis.ContainerStateMachine (ContainerStateMachine.java:takeSnapshot(292)) - group-78B70A503545: Taking a snapshot at:(t:1, i:0) file /home/runner/work/ozone/ozone/hadoop-ozone/integration-test/target/test-dir/MiniOzoneClusterImpl-4114dceb-4d54-4a06-811c-48a2541ee5b4/datanode-2/data/ratis/992f53ca-c4af-4dcc-b25d-78b70a503545/sm/snapshot.1_0
2021-08-28 05:54:03,993 [3d8f492e-e4fc-40a7-8280-263d1b336f05@group-78B70A503545-StateMachineUpdater] INFO  ratis.ContainerStateMachine (ContainerStateMachine.java:takeSnapshot(303)) - group-78B70A503545: Finished taking a snapshot at:(t:1, i:0) file:/home/runner/work/ozone/ozone/hadoop-ozone/integration-test/target/test-dir/MiniOzoneClusterImpl-4114dceb-4d54-4a06-811c-48a2541ee5b4/datanode-2/data/ratis/992f53ca-c4af-4dcc-b25d-78b70a503545/sm/snapshot.1_0 took: 3 ms
2021-08-28 05:54:03,993 [3d8f492e-e4fc-40a7-8280-263d1b336f05@group-78B70A503545-StateMachineUpdater] INFO  impl.StateMachineUpdater (StateMachineUpdater.java:takeSnapshot(281)) - 3d8f492e-e4fc-40a7-8280-263d1b336f05@group-78B70A503545-StateMachineUpdater: Took a snapshot at index 0
2021-08-28 05:54:03,993 [3d8f492e-e4fc-40a7-8280-263d1b336f05@group-78B70A503545-StateMachineUpdater] INFO  impl.StateMachineUpdater (StateMachineUpdater.java:lambda$new$0(89)) - 3d8f492e-e4fc-40a7-8280-263d1b336f05@group-78B70A503545-StateMachineUpdater: snapshotIndex: updateIncreasingly -1 -> 0
2021-08-28 05:54:03,994 [ForkJoinPool.commonPool-worker-1] INFO  server.RaftServer$Division (ServerState.java:close(419)) - 3d8f492e-e4fc-40a7-8280-263d1b336f05@group-78B70A503545: closes. applyIndex: 0
2021-08-28 05:54:03,994 [3d8f492e-e4fc-40a7-8280-263d1b336f05@group-78B70A503545-SegmentedRaftLogWorker] INFO  segmented.SegmentedRaftLogWorker (SegmentedRaftLogWorker.java:run(327)) - 3d8f492e-e4fc-40a7-8280-263d1b336f05@group-78B70A503545-SegmentedRaftLogWorker was interrupted, exiting. There are 0 tasks remaining in the queue.
2021-08-28 05:54:03,996 [ForkJoinPool.commonPool-worker-1] INFO  segmented.SegmentedRaftLogWorker (SegmentedRaftLogWorker.java:close(237)) - 3d8f492e-e4fc-40a7-8280-263d1b336f05@group-78B70A503545-SegmentedRaftLogWorker close()
2021-08-28 05:54:03,996 [EndpointStateMachine task thread for /0.0.0.0:43701 - 0 ] INFO  ipc.Client (Client.java:handleConnectionFailure(977)) - Retrying connect to server: 0.0.0.0/0.0.0.0:43701. Already tried 3 time(s); retry policy is RetryUpToMaximumCountWithFixedSleep(maxRetries=15, sleepTime=1000 MILLISECONDS)
2021-08-28 05:54:04,002 [ForkJoinPool.commonPool-worker-1] INFO  server.GrpcService (GrpcService.java:closeImpl(262)) - 3d8f492e-e4fc-40a7-8280-263d1b336f05: shutdown server with port 33843 now
2021-08-28 05:54:04,022 [ForkJoinPool.commonPool-worker-1] INFO  server.GrpcService (GrpcService.java:closeImpl(271)) - 3d8f492e-e4fc-40a7-8280-263d1b336f05: shutdown server with port 33843 successfully
2021-08-28 05:54:04,022 [org.apache.ratis.util.JvmPauseMonitor$$Lambda$533/26953629@6a6d0ed5] INFO  util.JvmPauseMonitor (JvmPauseMonitor.java:run(109)) - JvmPauseMonitor-3d8f492e-e4fc-40a7-8280-263d1b336f05: Stopped
2021-08-28 05:54:04,034 [ForkJoinPool.commonPool-worker-1] INFO  utils.BackgroundService (BackgroundService.java:shutdown(132)) - Shutting down service BlockDeletingService
2021-08-28 05:54:04,362 [EndpointStateMachine task thread for /0.0.0.0:36115 - 0 ] INFO  ipc.Client (Client.java:handleConnectionFailure(977)) - Retrying connect to server: 0.0.0.0/0.0.0.0:36115. Already tried 14 time(s); retry policy is RetryUpToMaximumCountWithFixedSleep(maxRetries=15, sleepTime=1000 MILLISECONDS)
2021-08-28 05:54:04,978 [EndpointStateMachine task thread for /0.0.0.0:35205 - 0 ] INFO  ipc.Client (Client.java:handleConnectionFailure(977)) - Retrying connect to server: 0.0.0.0/0.0.0.0:35205. Already tried 13 time(s); retry policy is RetryUpToMaximumCountWithFixedSleep(maxRetries=15, sleepTime=1000 MILLISECONDS)
2021-08-28 05:54:04,996 [EndpointStateMachine task thread for /0.0.0.0:43701 - 0 ] INFO  ipc.Client (Client.java:handleConnectionFailure(977)) - Retrying connect to server: 0.0.0.0/0.0.0.0:43701. Already tried 4 time(s); retry policy is RetryUpToMaximumCountWithFixedSleep(maxRetries=15, sleepTime=1000 MILLISECONDS)
2021-08-28 05:54:05,363 [EndpointStateMachine task thread for /0.0.0.0:36115 - 0 ] INFO  ipc.Client (Client.java:handleConnectionFailure(977)) - Retrying connect to server: 0.0.0.0/0.0.0.0:36115. Already tried 0 time(s); retry policy is RetryUpToMaximumCountWithFixedSleep(maxRetries=15, sleepTime=1000 MILLISECONDS)
2021-08-28 05:54:05,978 [EndpointStateMachine task thread for /0.0.0.0:35205 - 0 ] INFO  ipc.Client (Client.java:handleConnectionFailure(977)) - Retrying connect to server: 0.0.0.0/0.0.0.0:35205. Already tried 14 time(s); retry policy is RetryUpToMaximumCountWithFixedSleep(maxRetries=15, sleepTime=1000 MILLISECONDS)
2021-08-28 05:54:05,979 [EndpointStateMachine task thread for /0.0.0.0:35205 - 0 ] WARN  statemachine.EndpointStateMachine (EndpointStateMachine.java:logIfNeeded(236)) - Unable to communicate to SCM server at 0.0.0.0:35205 for past 0 seconds.
java.net.ConnectException: Your endpoint configuration is wrong; For more details see:  http://wiki.apache.org/hadoop/UnsetHostnameOrPort
	at sun.reflect.GeneratedConstructorAccessor66.newInstance(Unknown Source)
	at sun.reflect.DelegatingConstructorAccessorImpl.newInstance(DelegatingConstructorAccessorImpl.java:45)
	at java.lang.reflect.Constructor.newInstance(Constructor.java:423)
	at org.apache.hadoop.net.NetUtils.wrapWithMessage(NetUtils.java:913)
	at org.apache.hadoop.net.NetUtils.wrapException(NetUtils.java:824)
	at org.apache.hadoop.ipc.Client.getRpcResponse(Client.java:1577)
	at org.apache.hadoop.ipc.Client.call(Client.java:1519)
	at org.apache.hadoop.ipc.Client.call(Client.java:1416)
	at org.apache.hadoop.ipc.ProtobufRpcEngine$Invoker.invoke(ProtobufRpcEngine.java:236)
	at org.apache.hadoop.ipc.ProtobufRpcEngine$Invoker.invoke(ProtobufRpcEngine.java:123)
	at com.sun.proxy.$Proxy49.submitRequest(Unknown Source)
	at org.apache.hadoop.ozone.protocolPB.StorageContainerDatanodeProtocolClientSideTranslatorPB.submitRequest(StorageContainerDatanodeProtocolClientSideTranslatorPB.java:117)
	at org.apache.hadoop.ozone.protocolPB.StorageContainerDatanodeProtocolClientSideTranslatorPB.sendHeartbeat(StorageContainerDatanodeProtocolClientSideTranslatorPB.java:149)
	at org.apache.hadoop.ozone.container.common.states.endpoint.HeartbeatEndpointTask.call(HeartbeatEndpointTask.java:179)
	at org.apache.hadoop.ozone.container.common.states.endpoint.HeartbeatEndpointTask.call(HeartbeatEndpointTask.java:82)
	at java.util.concurrent.FutureTask.run(FutureTask.java:266)
	at java.util.concurrent.ThreadPoolExecutor.runWorker(ThreadPoolExecutor.java:1149)
	at java.util.concurrent.ThreadPoolExecutor$Worker.run(ThreadPoolExecutor.java:624)
	at java.lang.Thread.run(Thread.java:748)
Caused by: java.net.ConnectException: Connection refused
	at sun.nio.ch.SocketChannelImpl.checkConnect(Native Method)
	at sun.nio.ch.SocketChannelImpl.finishConnect(SocketChannelImpl.java:716)
	at org.apache.hadoop.net.SocketIOWithTimeout.connect(SocketIOWithTimeout.java:206)
	at org.apache.hadoop.net.NetUtils.connect(NetUtils.java:586)
	at org.apache.hadoop.ipc.Client$Connection.setupConnection(Client.java:701)
	at org.apache.hadoop.ipc.Client$Connection.setupIOstreams(Client.java:822)
	at org.apache.hadoop.ipc.Client$Connection.access$3800(Client.java:414)
	at org.apache.hadoop.ipc.Client.getConnection(Client.java:1647)
	at org.apache.hadoop.ipc.Client.call(Client.java:1463)
	... 12 more
2021-08-28 05:54:05,997 [EndpointStateMachine task thread for /0.0.0.0:43701 - 0 ] INFO  ipc.Client (Client.java:handleConnectionFailure(977)) - Retrying connect to server: 0.0.0.0/0.0.0.0:43701. Already tried 5 time(s); retry policy is RetryUpToMaximumCountWithFixedSleep(maxRetries=15, sleepTime=1000 MILLISECONDS)
2021-08-28 05:54:06,370 [EndpointStateMachine task thread for /0.0.0.0:36115 - 0 ] INFO  ipc.Client (Client.java:handleConnectionFailure(977)) - Retrying connect to server: 0.0.0.0/0.0.0.0:36115. Already tried 1 time(s); retry policy is RetryUpToMaximumCountWithFixedSleep(maxRetries=15, sleepTime=1000 MILLISECONDS)
2021-08-28 05:54:06,981 [EndpointStateMachine task thread for /0.0.0.0:35205 - 0 ] INFO  ipc.Client (Client.java:handleConnectionFailure(977)) - Retrying connect to server: 0.0.0.0/0.0.0.0:35205. Already tried 0 time(s); retry policy is RetryUpToMaximumCountWithFixedSleep(maxRetries=15, sleepTime=1000 MILLISECONDS)
2021-08-28 05:54:06,997 [EndpointStateMachine task thread for /0.0.0.0:43701 - 0 ] INFO  ipc.Client (Client.java:handleConnectionFailure(977)) - Retrying connect to server: 0.0.0.0/0.0.0.0:43701. Already tried 6 time(s); retry policy is RetryUpToMaximumCountWithFixedSleep(maxRetries=15, sleepTime=1000 MILLISECONDS)
2021-08-28 05:54:07,035 [ForkJoinPool.commonPool-worker-1] INFO  statemachine.DatanodeStateMachine (DatanodeStateMachine.java:stopDaemon(515)) - Ozone container server stopped.
2021-08-28 05:54:07,042 [ForkJoinPool.commonPool-worker-1] INFO  handler.ContextHandler (ContextHandler.java:doStop(1153)) - Stopped o.e.j.w.WebAppContext@5bce7948{hddsDatanode,/,null,STOPPED}{jar:file:/home/runner/.m2/repository/org/apache/ozone/hdds-container-service/1.2.0-SNAPSHOT/hdds-container-service-1.2.0-SNAPSHOT.jar!/webapps/hddsDatanode}
2021-08-28 05:54:07,042 [ForkJoinPool.commonPool-worker-1] INFO  server.AbstractConnector (AbstractConnector.java:doStop(381)) - Stopped ServerConnector@a36cbb1{HTTP/1.1, (http/1.1)}{0.0.0.0:0}
2021-08-28 05:54:07,043 [ForkJoinPool.commonPool-worker-1] INFO  server.session (HouseKeeper.java:stopScavenging(149)) - node0 Stopped scavenging
2021-08-28 05:54:07,043 [ForkJoinPool.commonPool-worker-1] INFO  handler.ContextHandler (ContextHandler.java:doStop(1153)) - Stopped o.e.j.s.ServletContextHandler@77583e84{static,/static,jar:file:/home/runner/.m2/repository/org/apache/ozone/hdds-container-service/1.2.0-SNAPSHOT/hdds-container-service-1.2.0-SNAPSHOT.jar!/webapps/static,STOPPED}
2021-08-28 05:54:07,043 [ForkJoinPool.commonPool-worker-1] INFO  handler.ContextHandler (ContextHandler.java:doStop(1153)) - Stopped o.e.j.s.ServletContextHandler@1aaa7906{logs,/logs,file:///home/runner/work/ozone/ozone/hadoop-ozone/integration-test/target/log,STOPPED}
]]></system-out>
    <system-err><![CDATA[Aug 28, 2021 5:53:21 AM org.apache.ratis.thirdparty.io.grpc.internal.ManagedChannelOrphanWrapper$ManagedChannelReference cleanQueue
SEVERE: *~*~*~ Channel ManagedChannelImpl{logId=339, target=10.1.0.40:34903} was not shutdown properly!!! ~*~*~*
    Make sure to call shutdown()/shutdownNow() and wait until awaitTermination() returns true.
java.lang.RuntimeException: ManagedChannel allocation site
	at org.apache.ratis.thirdparty.io.grpc.internal.ManagedChannelOrphanWrapper$ManagedChannelReference.<init>(ManagedChannelOrphanWrapper.java:93)
	at org.apache.ratis.thirdparty.io.grpc.internal.ManagedChannelOrphanWrapper.<init>(ManagedChannelOrphanWrapper.java:53)
	at org.apache.ratis.thirdparty.io.grpc.internal.ManagedChannelOrphanWrapper.<init>(ManagedChannelOrphanWrapper.java:44)
	at org.apache.ratis.thirdparty.io.grpc.internal.ManagedChannelImplBuilder.build(ManagedChannelImplBuilder.java:596)
	at org.apache.ratis.thirdparty.io.grpc.ForwardingChannelBuilder.build(ForwardingChannelBuilder.java:255)
	at org.apache.hadoop.hdds.scm.XceiverClientGrpc.connectToDatanode(XceiverClientGrpc.java:193)
	at org.apache.hadoop.hdds.scm.XceiverClientGrpc.connect(XceiverClientGrpc.java:142)
	at org.apache.hadoop.hdds.scm.XceiverClientManager$2.call(XceiverClientManager.java:237)
	at org.apache.hadoop.hdds.scm.XceiverClientManager$2.call(XceiverClientManager.java:221)
	at com.google.common.cache.LocalCache$LocalManualCache$1.load(LocalCache.java:4864)
	at com.google.common.cache.LocalCache$LoadingValueReference.loadFuture(LocalCache.java:3529)
	at com.google.common.cache.LocalCache$Segment.loadSync(LocalCache.java:2278)
	at com.google.common.cache.LocalCache$Segment.lockedGetOrLoad(LocalCache.java:2155)
	at com.google.common.cache.LocalCache$Segment.get(LocalCache.java:2045)
	at com.google.common.cache.LocalCache.get(LocalCache.java:3962)
	at com.google.common.cache.LocalCache$LocalManualCache.get(LocalCache.java:4859)
	at org.apache.hadoop.hdds.scm.XceiverClientManager.getClient(XceiverClientManager.java:221)
	at org.apache.hadoop.hdds.scm.XceiverClientManager.acquireClient(XceiverClientManager.java:165)
	at org.apache.hadoop.hdds.scm.XceiverClientManager.acquireClientForReadData(XceiverClientManager.java:154)
	at org.apache.hadoop.hdds.scm.storage.BlockInputStream.acquireClient(BlockInputStream.java:235)
	at org.apache.hadoop.hdds.scm.storage.BlockInputStream.getChunkInfos(BlockInputStream.java:209)
	at org.apache.hadoop.hdds.scm.storage.BlockInputStream.initialize(BlockInputStream.java:147)
	at org.apache.hadoop.hdds.scm.storage.BlockInputStream.readWithStrategy(BlockInputStream.java:294)
	at org.apache.hadoop.hdds.scm.storage.BlockInputStream.read(BlockInputStream.java:277)
	at org.apache.hadoop.hdds.scm.storage.ByteArrayReader.readFromBlock(ByteArrayReader.java:57)
	at org.apache.hadoop.ozone.client.io.KeyInputStream.readWithStrategy(KeyInputStream.java:262)
	at org.apache.hadoop.ozone.client.io.KeyInputStream.read(KeyInputStream.java:230)
	at org.apache.hadoop.ozone.client.io.OzoneInputStream.read(OzoneInputStream.java:55)
	at java.io.InputStream.read(InputStream.java:101)
	at org.apache.hadoop.ozone.om.TestOzoneManagerHA.testCreateFile(TestOzoneManagerHA.java:325)
	at org.apache.hadoop.ozone.om.TestOzoneManagerHAWithData.testFileOperationsWithRecursive(TestOzoneManagerHAWithData.java:123)
	at sun.reflect.NativeMethodAccessorImpl.invoke0(Native Method)
	at sun.reflect.NativeMethodAccessorImpl.invoke(NativeMethodAccessorImpl.java:62)
	at sun.reflect.DelegatingMethodAccessorImpl.invoke(DelegatingMethodAccessorImpl.java:43)
	at java.lang.reflect.Method.invoke(Method.java:498)
	at org.junit.runners.model.FrameworkMethod$1.runReflectiveCall(FrameworkMethod.java:59)
	at org.junit.internal.runners.model.ReflectiveCallable.run(ReflectiveCallable.java:12)
	at org.junit.runners.model.FrameworkMethod.invokeExplosively(FrameworkMethod.java:56)
	at org.junit.internal.runners.statements.InvokeMethod.evaluate(InvokeMethod.java:17)
	at org.junit.internal.runners.statements.RunBefores.evaluate(RunBefores.java:26)
	at org.junit.internal.runners.statements.RunAfters.evaluate(RunAfters.java:27)
	at org.junit.rules.ExpectedException$ExpectedExceptionStatement.evaluate(ExpectedException.java:258)
	at org.junit.internal.runners.statements.FailOnTimeout$CallableStatement.call(FailOnTimeout.java:288)
	at org.junit.internal.runners.statements.FailOnTimeout$CallableStatement.call(FailOnTimeout.java:282)
	at java.util.concurrent.FutureTask.run(FutureTask.java:266)
	at java.lang.Thread.run(Thread.java:748)

Aug 28, 2021 5:53:21 AM org.apache.ratis.thirdparty.io.grpc.internal.ManagedChannelOrphanWrapper$ManagedChannelReference cleanQueue
SEVERE: *~*~*~ Channel ManagedChannelImpl{logId=349, target=10.1.0.40:41173} was not shutdown properly!!! ~*~*~*
    Make sure to call shutdown()/shutdownNow() and wait until awaitTermination() returns true.
java.lang.RuntimeException: ManagedChannel allocation site
	at org.apache.ratis.thirdparty.io.grpc.internal.ManagedChannelOrphanWrapper$ManagedChannelReference.<init>(ManagedChannelOrphanWrapper.java:93)
	at org.apache.ratis.thirdparty.io.grpc.internal.ManagedChannelOrphanWrapper.<init>(ManagedChannelOrphanWrapper.java:53)
	at org.apache.ratis.thirdparty.io.grpc.internal.ManagedChannelOrphanWrapper.<init>(ManagedChannelOrphanWrapper.java:44)
	at org.apache.ratis.thirdparty.io.grpc.internal.ManagedChannelImplBuilder.build(ManagedChannelImplBuilder.java:596)
	at org.apache.ratis.thirdparty.io.grpc.ForwardingChannelBuilder.build(ForwardingChannelBuilder.java:255)
	at org.apache.hadoop.hdds.scm.XceiverClientGrpc.connectToDatanode(XceiverClientGrpc.java:193)
	at org.apache.hadoop.hdds.scm.XceiverClientGrpc.connect(XceiverClientGrpc.java:142)
	at org.apache.hadoop.hdds.scm.XceiverClientManager$2.call(XceiverClientManager.java:237)
	at org.apache.hadoop.hdds.scm.XceiverClientManager$2.call(XceiverClientManager.java:221)
	at com.google.common.cache.LocalCache$LocalManualCache$1.load(LocalCache.java:4864)
	at com.google.common.cache.LocalCache$LoadingValueReference.loadFuture(LocalCache.java:3529)
	at com.google.common.cache.LocalCache$Segment.loadSync(LocalCache.java:2278)
	at com.google.common.cache.LocalCache$Segment.lockedGetOrLoad(LocalCache.java:2155)
	at com.google.common.cache.LocalCache$Segment.get(LocalCache.java:2045)
	at com.google.common.cache.LocalCache.get(LocalCache.java:3962)
	at com.google.common.cache.LocalCache$LocalManualCache.get(LocalCache.java:4859)
	at org.apache.hadoop.hdds.scm.XceiverClientManager.getClient(XceiverClientManager.java:221)
	at org.apache.hadoop.hdds.scm.XceiverClientManager.acquireClient(XceiverClientManager.java:165)
	at org.apache.hadoop.hdds.scm.XceiverClientManager.acquireClientForReadData(XceiverClientManager.java:154)
	at org.apache.hadoop.hdds.scm.storage.BlockInputStream.acquireClient(BlockInputStream.java:235)
	at org.apache.hadoop.hdds.scm.storage.BlockInputStream.getChunkInfos(BlockInputStream.java:209)
	at org.apache.hadoop.hdds.scm.storage.BlockInputStream.initialize(BlockInputStream.java:147)
	at org.apache.hadoop.hdds.scm.storage.BlockInputStream.readWithStrategy(BlockInputStream.java:294)
	at org.apache.hadoop.hdds.scm.storage.BlockInputStream.read(BlockInputStream.java:277)
	at org.apache.hadoop.hdds.scm.storage.ByteArrayReader.readFromBlock(ByteArrayReader.java:57)
	at org.apache.hadoop.ozone.client.io.KeyInputStream.readWithStrategy(KeyInputStream.java:262)
	at org.apache.hadoop.ozone.client.io.KeyInputStream.read(KeyInputStream.java:230)
	at org.apache.hadoop.ozone.client.io.OzoneInputStream.read(OzoneInputStream.java:55)
	at java.io.InputStream.read(InputStream.java:101)
	at org.apache.hadoop.ozone.om.TestOzoneManagerHA.testCreateFile(TestOzoneManagerHA.java:325)
	at org.apache.hadoop.ozone.om.TestOzoneManagerHAWithData.testFileOperationsWithRecursive(TestOzoneManagerHAWithData.java:133)
	at sun.reflect.NativeMethodAccessorImpl.invoke0(Native Method)
	at sun.reflect.NativeMethodAccessorImpl.invoke(NativeMethodAccessorImpl.java:62)
	at sun.reflect.DelegatingMethodAccessorImpl.invoke(DelegatingMethodAccessorImpl.java:43)
	at java.lang.reflect.Method.invoke(Method.java:498)
	at org.junit.runners.model.FrameworkMethod$1.runReflectiveCall(FrameworkMethod.java:59)
	at org.junit.internal.runners.model.ReflectiveCallable.run(ReflectiveCallable.java:12)
	at org.junit.runners.model.FrameworkMethod.invokeExplosively(FrameworkMethod.java:56)
	at org.junit.internal.runners.statements.InvokeMethod.evaluate(InvokeMethod.java:17)
	at org.junit.internal.runners.statements.RunBefores.evaluate(RunBefores.java:26)
	at org.junit.internal.runners.statements.RunAfters.evaluate(RunAfters.java:27)
	at org.junit.rules.ExpectedException$ExpectedExceptionStatement.evaluate(ExpectedException.java:258)
	at org.junit.internal.runners.statements.FailOnTimeout$CallableStatement.call(FailOnTimeout.java:288)
	at org.junit.internal.runners.statements.FailOnTimeout$CallableStatement.call(FailOnTimeout.java:282)
	at java.util.concurrent.FutureTask.run(FutureTask.java:266)
	at java.lang.Thread.run(Thread.java:748)

]]></system-err>
  </testcase>
  <testcase name="testKeysDelete" classname="org.apache.hadoop.ozone.om.TestOzoneManagerHAWithData" time="55.079"/>
  <testcase name="testAllOMNodesRunning" classname="org.apache.hadoop.ozone.om.TestOzoneManagerHAWithData" time="38.959"/>
  <testcase name="testIncrementalWaitTimeWithSameNodeFailover" classname="org.apache.hadoop.ozone.om.TestOzoneManagerHAWithData" time="42.844"/>
  <testcase name="testListParts" classname="org.apache.hadoop.ozone.om.TestOzoneManagerHAWithData" time="47.837"/>
  <testcase name="testFileOperationsWithNonRecursive" classname="org.apache.hadoop.ozone.om.TestOzoneManagerHAWithData" time="36.293"/>
  <testcase name="testOneOMNodeDown" classname="org.apache.hadoop.ozone.om.TestOzoneManagerHAWithData" time="48.078"/>
  <testcase name="testTwoOMNodesDown" classname="org.apache.hadoop.ozone.om.TestOzoneManagerHAWithData" time="0">
    <skipped message="This test is failing randomly. It will be enabled after fixing it."/>
  </testcase>
  <testcase name="testOMRestart" classname="org.apache.hadoop.ozone.om.TestOzoneManagerHAWithData" time="49.112"/>
</testsuite>