<?xml version="1.0" encoding="UTF-8"?>
<testsuite xmlns:xsi="http://www.w3.org/2001/XMLSchema-instance" xsi:noNamespaceSchemaLocation="https://maven.apache.org/surefire/maven-surefire-plugin/xsd/surefire-test-report.xsd" name="org.apache.hadoop.ozone.om.TestOzoneManagerRocksDBLogging" time="60.478" tests="1" errors="1" skipped="0" failures="0">
  <properties>
    <property name="awt.toolkit" value="sun.awt.X11.XToolkit"/>
    <property name="file.encoding.pkg" value="sun.io"/>
    <property name="java.specification.version" value="1.8"/>
    <property name="sun.cpu.isalist" value=""/>
    <property name="sun.jnu.encoding" value="ANSI_X3.4-1968"/>
    <property name="java.class.path" value="/github/workspace/mnt/ozone/hadoop-ozone/integration-test/target/test-classes:/github/workspace/mnt/ozone/hadoop-ozone/integration-test/target/classes:/home/user/.m2/repository/org/apache/hadoop/hadoop-ozone-common/0.6.0-SNAPSHOT/hadoop-ozone-common-0.6.0-SNAPSHOT.jar:/home/user/.m2/repository/org/apache/commons/commons-compress/1.4.1/commons-compress-1.4.1.jar:/home/user/.m2/repository/org/tukaani/xz/1.0/xz-1.0.jar:/home/user/.m2/repository/org/apache/hadoop/hadoop-hdds-common/0.6.0-SNAPSHOT/hadoop-hdds-common-0.6.0-SNAPSHOT.jar:/home/user/.m2/repository/info/picocli/picocli/3.9.6/picocli-3.9.6.jar:/home/user/.m2/repository/com/fasterxml/jackson/core/jackson-annotations/2.10.3/jackson-annotations-2.10.3.jar:/home/user/.m2/repository/javax/annotation/javax.annotation-api/1.2/javax.annotation-api-1.2.jar:/home/user/.m2/repository/org/apache/ratis/ratis-server/0.6.0-cac3336-SNAPSHOT/ratis-server-0.6.0-cac3336-SNAPSHOT.jar:/home/user/.m2/repository/org/apache/ratis/ratis-thirdparty-misc/0.4.0/ratis-thirdparty-misc-0.4.0.jar:/home/user/.m2/repository/org/apache/ratis/ratis-client/0.6.0-cac3336-SNAPSHOT/ratis-client-0.6.0-cac3336-SNAPSHOT.jar:/home/user/.m2/repository/org/apache/ratis/ratis-metrics/0.6.0-cac3336-SNAPSHOT/ratis-metrics-0.6.0-cac3336-SNAPSHOT.jar:/home/user/.m2/repository/org/apache/ratis/ratis-netty/0.6.0-cac3336-SNAPSHOT/ratis-netty-0.6.0-cac3336-SNAPSHOT.jar:/home/user/.m2/repository/org/apache/ratis/ratis-grpc/0.6.0-cac3336-SNAPSHOT/ratis-grpc-0.6.0-cac3336-SNAPSHOT.jar:/home/user/.m2/repository/org/apache/logging/log4j/log4j-api/2.11.0/log4j-api-2.11.0.jar:/home/user/.m2/repository/org/apache/logging/log4j/log4j-core/2.11.0/log4j-core-2.11.0.jar:/home/user/.m2/repository/com/lmax/disruptor/3.4.2/disruptor-3.4.2.jar:/home/user/.m2/repository/org/apache/commons/commons-pool2/2.6.0/commons-pool2-2.6.0.jar:/home/user/.m2/repository/org/bouncycastle/bcpkix-jdk15on/1.60/bcpkix-jdk15on-1.60.jar:/home/user/.m2/repository/commons-validator/commons-validator/1.6/commons-validator-1.6.jar:/home/user/.m2/repository/commons-digester/commons-digester/1.8.1/commons-digester-1.8.1.jar:/home/user/.m2/repository/io/jaegertracing/jaeger-client/1.2.0/jaeger-client-1.2.0.jar:/home/user/.m2/repository/io/jaegertracing/jaeger-thrift/1.2.0/jaeger-thrift-1.2.0.jar:/home/user/.m2/repository/org/apache/thrift/libthrift/0.13.0/libthrift-0.13.0.jar:/home/user/.m2/repository/com/squareup/okhttp3/okhttp/4.2.2/okhttp-4.2.2.jar:/home/user/.m2/repository/com/squareup/okio/okio/2.2.2/okio-2.2.2.jar:/home/user/.m2/repository/org/jetbrains/kotlin/kotlin-stdlib/1.3.50/kotlin-stdlib-1.3.50.jar:/home/user/.m2/repository/org/jetbrains/kotlin/kotlin-stdlib-common/1.3.50/kotlin-stdlib-common-1.3.50.jar:/home/user/.m2/repository/org/jetbrains/annotations/13.0/annotations-13.0.jar:/home/user/.m2/repository/io/jaegertracing/jaeger-core/1.2.0/jaeger-core-1.2.0.jar:/home/user/.m2/repository/io/jaegertracing/jaeger-tracerresolver/1.2.0/jaeger-tracerresolver-1.2.0.jar:/home/user/.m2/repository/io/opentracing/contrib/opentracing-tracerresolver/0.1.8/opentracing-tracerresolver-0.1.8.jar:/home/user/.m2/repository/io/opentracing/opentracing-util/0.33.0/opentracing-util-0.33.0.jar:/home/user/.m2/repository/io/opentracing/opentracing-api/0.33.0/opentracing-api-0.33.0.jar:/home/user/.m2/repository/io/opentracing/opentracing-noop/0.33.0/opentracing-noop-0.33.0.jar:/home/user/.m2/repository/org/apache/hadoop/hadoop-hdds-client/0.6.0-SNAPSHOT/hadoop-hdds-client-0.6.0-SNAPSHOT.jar:/home/user/.m2/repository/org/apache/hadoop/hadoop-hdds-test-utils/0.6.0-SNAPSHOT/hadoop-hdds-test-utils-0.6.0-SNAPSHOT.jar:/home/user/.m2/repository/com/google/guava/guava/28.2-jre/guava-28.2-jre.jar:/home/user/.m2/repository/com/google/guava/failureaccess/1.0.1/failureaccess-1.0.1.jar:/home/user/.m2/repository/com/google/guava/listenablefuture/9999.0-empty-to-avoid-conflict-with-guava/listenablefuture-9999.0-empty-to-avoid-conflict-with-guava.jar:/home/user/.m2/repository/com/google/code/findbugs/jsr305/3.0.0/jsr305-3.0.0.jar:/home/user/.m2/repository/org/checkerframework/checker-qual/2.10.0/checker-qual-2.10.0.jar:/home/user/.m2/repository/com/google/errorprone/error_prone_annotations/2.2.0/error_prone_annotations-2.2.0.jar:/home/user/.m2/repository/com/google/j2objc/j2objc-annotations/1.3/j2objc-annotations-1.3.jar:/home/user/.m2/repository/commons-io/commons-io/2.5/commons-io-2.5.jar:/home/user/.m2/repository/commons-logging/commons-logging/1.2/commons-logging-1.2.jar:/home/user/.m2/repository/log4j/log4j/1.2.17/log4j-1.2.17.jar:/home/user/.m2/repository/org/slf4j/slf4j-api/1.7.25/slf4j-api-1.7.25.jar:/home/user/.m2/repository/org/apache/hadoop/hadoop-hdds-server-scm/0.6.0-SNAPSHOT/hadoop-hdds-server-scm-0.6.0-SNAPSHOT.jar:/home/user/.m2/repository/org/apache/hadoop/hadoop-hdds-container-service/0.6.0-SNAPSHOT/hadoop-hdds-container-service-0.6.0-SNAPSHOT.jar:/home/user/.m2/repository/org/apache/hadoop/hadoop-hdds-hadoop-dependency-server/0.6.0-SNAPSHOT/hadoop-hdds-hadoop-dependency-server-0.6.0-SNAPSHOT.jar:/home/user/.m2/repository/org/apache/hadoop/hadoop-hdds-server-framework/0.6.0-SNAPSHOT/hadoop-hdds-server-framework-0.6.0-SNAPSHOT.jar:/home/user/.m2/repository/org/rocksdb/rocksdbjni/6.6.4/rocksdbjni-6.6.4.jar:/home/user/.m2/repository/io/prometheus/simpleclient_dropwizard/0.7.0/simpleclient_dropwizard-0.7.0.jar:/home/user/.m2/repository/io/prometheus/simpleclient/0.7.0/simpleclient-0.7.0.jar:/home/user/.m2/repository/io/prometheus/simpleclient_common/0.7.0/simpleclient_common-0.7.0.jar:/home/user/.m2/repository/com/fasterxml/jackson/datatype/jackson-datatype-jsr310/2.10.3/jackson-datatype-jsr310-2.10.3.jar:/home/user/.m2/repository/org/apache/hadoop/hadoop-hdds-docs/0.6.0-SNAPSHOT/hadoop-hdds-docs-0.6.0-SNAPSHOT.jar:/home/user/.m2/repository/io/dropwizard/metrics/metrics-core/3.2.4/metrics-core-3.2.4.jar:/home/user/.m2/repository/org/apache/hadoop/hadoop-hdfs-client/3.2.1/hadoop-hdfs-client-3.2.1.jar:/home/user/.m2/repository/org/bouncycastle/bcprov-jdk15on/1.60/bcprov-jdk15on-1.60.jar:/home/user/.m2/repository/org/apache/hadoop/hadoop-ozone-ozone-manager/0.6.0-SNAPSHOT/hadoop-ozone-ozone-manager-0.6.0-SNAPSHOT.jar:/home/user/.m2/repository/org/apache/hadoop/hadoop-minikdc/3.2.1/hadoop-minikdc-3.2.1.jar:/home/user/.m2/repository/org/apache/kerby/kerb-simplekdc/1.0.1/kerb-simplekdc-1.0.1.jar:/home/user/.m2/repository/org/apache/kerby/kerb-client/1.0.1/kerb-client-1.0.1.jar:/home/user/.m2/repository/org/apache/kerby/kerby-config/1.0.1/kerby-config-1.0.1.jar:/home/user/.m2/repository/org/apache/kerby/kerb-core/1.0.1/kerb-core-1.0.1.jar:/home/user/.m2/repository/org/apache/kerby/kerby-pkix/1.0.1/kerby-pkix-1.0.1.jar:/home/user/.m2/repository/org/apache/kerby/kerby-asn1/1.0.1/kerby-asn1-1.0.1.jar:/home/user/.m2/repository/org/apache/kerby/kerby-util/1.0.1/kerby-util-1.0.1.jar:/home/user/.m2/repository/org/apache/kerby/kerb-common/1.0.1/kerb-common-1.0.1.jar:/home/user/.m2/repository/org/apache/kerby/kerb-crypto/1.0.1/kerb-crypto-1.0.1.jar:/home/user/.m2/repository/org/apache/kerby/kerb-util/1.0.1/kerb-util-1.0.1.jar:/home/user/.m2/repository/org/apache/kerby/token-provider/1.0.1/token-provider-1.0.1.jar:/home/user/.m2/repository/org/apache/kerby/kerb-admin/1.0.1/kerb-admin-1.0.1.jar:/home/user/.m2/repository/org/apache/kerby/kerb-server/1.0.1/kerb-server-1.0.1.jar:/home/user/.m2/repository/org/apache/kerby/kerb-identity/1.0.1/kerb-identity-1.0.1.jar:/home/user/.m2/repository/org/apache/kerby/kerby-xdr/1.0.1/kerby-xdr-1.0.1.jar:/home/user/.m2/repository/org/slf4j/slf4j-log4j12/1.7.25/slf4j-log4j12-1.7.25.jar:/home/user/.m2/repository/org/apache/hadoop/hadoop-ozone-s3gateway/0.6.0-SNAPSHOT/hadoop-ozone-s3gateway-0.6.0-SNAPSHOT.jar:/home/user/.m2/repository/org/jboss/weld/servlet/weld-servlet/2.4.7.Final/weld-servlet-2.4.7.Final.jar:/home/user/.m2/repository/org/glassfish/jersey/containers/jersey-container-servlet-core/2.27/jersey-container-servlet-core-2.27.jar:/home/user/.m2/repository/org/glassfish/hk2/external/javax.inject/2.5.0-b42/javax.inject-2.5.0-b42.jar:/home/user/.m2/repository/org/glassfish/jersey/core/jersey-common/2.27/jersey-common-2.27.jar:/home/user/.m2/repository/org/glassfish/hk2/osgi-resource-locator/1.0.1/osgi-resource-locator-1.0.1.jar:/home/user/.m2/repository/javax/ws/rs/javax.ws.rs-api/2.1/javax.ws.rs-api-2.1.jar:/home/user/.m2/repository/org/glassfish/jersey/ext/cdi/jersey-cdi1x/2.27/jersey-cdi1x-2.27.jar:/home/user/.m2/repository/org/glassfish/jersey/inject/jersey-hk2/2.27/jersey-hk2-2.27.jar:/home/user/.m2/repository/org/glassfish/hk2/hk2-locator/2.5.0-b42/hk2-locator-2.5.0-b42.jar:/home/user/.m2/repository/org/javassist/javassist/3.22.0-CR2/javassist-3.22.0-CR2.jar:/home/user/.m2/repository/org/glassfish/hk2/hk2-api/2.5.0/hk2-api-2.5.0.jar:/home/user/.m2/repository/org/glassfish/hk2/external/jakarta.inject/2.5.0/jakarta.inject-2.5.0.jar:/home/user/.m2/repository/org/glassfish/hk2/hk2-utils/2.5.0/hk2-utils-2.5.0.jar:/home/user/.m2/repository/jakarta/annotation/jakarta.annotation-api/1.3.4/jakarta.annotation-api-1.3.4.jar:/home/user/.m2/repository/org/glassfish/hk2/external/aopalliance-repackaged/2.5.0/aopalliance-repackaged-2.5.0.jar:/home/user/.m2/repository/com/fasterxml/jackson/dataformat/jackson-dataformat-xml/2.10.3/jackson-dataformat-xml-2.10.3.jar:/home/user/.m2/repository/com/fasterxml/jackson/core/jackson-core/2.10.3/jackson-core-2.10.3.jar:/home/user/.m2/repository/com/fasterxml/jackson/module/jackson-module-jaxb-annotations/2.10.3/jackson-module-jaxb-annotations-2.10.3.jar:/home/user/.m2/repository/jakarta/xml/bind/jakarta.xml.bind-api/2.3.2/jakarta.xml.bind-api-2.3.2.jar:/home/user/.m2/repository/jakarta/activation/jakarta.activation-api/1.2.1/jakarta.activation-api-1.2.1.jar:/home/user/.m2/repository/org/codehaus/woodstox/stax2-api/3.1.4/stax2-api-3.1.4.jar:/home/user/.m2/repository/com/fasterxml/woodstox/woodstox-core/5.0.3/woodstox-core-5.0.3.jar:/home/user/.m2/repository/javax/enterprise/cdi-api/1.2/cdi-api-1.2.jar:/home/user/.m2/repository/javax/el/javax.el-api/3.0.0/javax.el-api-3.0.0.jar:/home/user/.m2/repository/javax/interceptor/javax.interceptor-api/1.2/javax.interceptor-api-1.2.jar:/home/user/.m2/repository/javax/inject/javax.inject/1/javax.inject-1.jar:/home/user/.m2/repository/com/sun/xml/bind/jaxb-impl/2.3.0.1/jaxb-impl-2.3.0.1.jar:/home/user/.m2/repository/com/sun/xml/bind/jaxb-core/2.3.0.1/jaxb-core-2.3.0.1.jar:/home/user/.m2/repository/javax/xml/bind/jaxb-api/2.3.0/jaxb-api-2.3.0.jar:/home/user/.m2/repository/javax/activation/activation/1.1.1/activation-1.1.1.jar:/home/user/.m2/repository/org/apache/hadoop/hadoop-ozone-csi/0.6.0-SNAPSHOT/hadoop-ozone-csi-0.6.0-SNAPSHOT.jar:/home/user/.m2/repository/com/google/protobuf/protobuf-java-util/3.11.0/protobuf-java-util-3.11.0.jar:/home/user/.m2/repository/com/google/code/gson/gson/2.2.4/gson-2.2.4.jar:/home/user/.m2/repository/org/apache/hadoop/hadoop-hdds-config/0.6.0-SNAPSHOT/hadoop-hdds-config-0.6.0-SNAPSHOT.jar:/home/user/.m2/repository/com/google/protobuf/protobuf-java/2.5.0/protobuf-java-2.5.0.jar:/home/user/.m2/repository/io/grpc/grpc-netty/1.29.0/grpc-netty-1.29.0.jar:/home/user/.m2/repository/io/grpc/grpc-core/1.29.0/grpc-core-1.29.0.jar:/home/user/.m2/repository/com/google/android/annotations/4.1.1.4/annotations-4.1.1.4.jar:/home/user/.m2/repository/io/perfmark/perfmark-api/0.19.0/perfmark-api-0.19.0.jar:/home/user/.m2/repository/io/netty/netty-codec-http2/4.1.48.Final/netty-codec-http2-4.1.48.Final.jar:/home/user/.m2/repository/io/netty/netty-codec/4.1.48.Final/netty-codec-4.1.48.Final.jar:/home/user/.m2/repository/io/netty/netty-handler/4.1.48.Final/netty-handler-4.1.48.Final.jar:/home/user/.m2/repository/io/netty/netty-codec-http/4.1.48.Final/netty-codec-http-4.1.48.Final.jar:/home/user/.m2/repository/io/netty/netty-handler-proxy/4.1.48.Final/netty-handler-proxy-4.1.48.Final.jar:/home/user/.m2/repository/io/netty/netty-codec-socks/4.1.48.Final/netty-codec-socks-4.1.48.Final.jar:/home/user/.m2/repository/io/netty/netty-transport-native-epoll/4.1.48.Final/netty-transport-native-epoll-4.1.48.Final.jar:/home/user/.m2/repository/io/netty/netty-common/4.1.48.Final/netty-common-4.1.48.Final.jar:/home/user/.m2/repository/io/netty/netty-buffer/4.1.48.Final/netty-buffer-4.1.48.Final.jar:/home/user/.m2/repository/io/netty/netty-transport/4.1.48.Final/netty-transport-4.1.48.Final.jar:/home/user/.m2/repository/io/netty/netty-resolver/4.1.48.Final/netty-resolver-4.1.48.Final.jar:/home/user/.m2/repository/io/netty/netty-transport-native-unix-common/4.1.48.Final/netty-transport-native-unix-common-4.1.48.Final.jar:/home/user/.m2/repository/io/grpc/grpc-protobuf/1.29.0/grpc-protobuf-1.29.0.jar:/home/user/.m2/repository/io/grpc/grpc-api/1.29.0/grpc-api-1.29.0.jar:/home/user/.m2/repository/io/grpc/grpc-context/1.29.0/grpc-context-1.29.0.jar:/home/user/.m2/repository/org/codehaus/mojo/animal-sniffer-annotations/1.18/animal-sniffer-annotations-1.18.jar:/home/user/.m2/repository/com/google/api/grpc/proto-google-common-protos/1.17.0/proto-google-common-protos-1.17.0.jar:/home/user/.m2/repository/io/grpc/grpc-protobuf-lite/1.29.0/grpc-protobuf-lite-1.29.0.jar:/home/user/.m2/repository/io/grpc/grpc-stub/1.29.0/grpc-stub-1.29.0.jar:/home/user/.m2/repository/org/apache/hadoop/hadoop-ozone-recon/0.6.0-SNAPSHOT/hadoop-ozone-recon-0.6.0-SNAPSHOT.jar:/home/user/.m2/repository/org/apache/hadoop/hadoop-ozone-reconcodegen/0.6.0-SNAPSHOT/hadoop-ozone-reconcodegen-0.6.0-SNAPSHOT.jar:/home/user/.m2/repository/com/google/inject/extensions/guice-multibindings/4.0/guice-multibindings-4.0.jar:/home/user/.m2/repository/com/google/inject/guice/4.0/guice-4.0.jar:/home/user/.m2/repository/aopalliance/aopalliance/1.0/aopalliance-1.0.jar:/home/user/.m2/repository/com/google/inject/extensions/guice-assistedinject/4.0/guice-assistedinject-4.0.jar:/home/user/.m2/repository/com/google/inject/extensions/guice-servlet/4.0/guice-servlet-4.0.jar:/home/user/.m2/repository/org/glassfish/jersey/containers/jersey-container-servlet/2.27/jersey-container-servlet-2.27.jar:/home/user/.m2/repository/org/glassfish/hk2/guice-bridge/2.5.0/guice-bridge-2.5.0.jar:/home/user/.m2/repository/org/glassfish/jersey/core/jersey-server/2.27/jersey-server-2.27.jar:/home/user/.m2/repository/org/glassfish/jersey/core/jersey-client/2.27/jersey-client-2.27.jar:/home/user/.m2/repository/org/glassfish/jersey/media/jersey-media-jaxb/2.27/jersey-media-jaxb-2.27.jar:/home/user/.m2/repository/javax/validation/validation-api/1.1.0.Final/validation-api-1.1.0.Final.jar:/home/user/.m2/repository/org/glassfish/jersey/media/jersey-media-json-jackson/2.27/jersey-media-json-jackson-2.27.jar:/home/user/.m2/repository/org/glassfish/jersey/ext/jersey-entity-filtering/2.27/jersey-entity-filtering-2.27.jar:/home/user/.m2/repository/org/jooq/jooq/3.11.10/jooq-3.11.10.jar:/home/user/.m2/repository/org/jooq/jooq-meta/3.11.10/jooq-meta-3.11.10.jar:/home/user/.m2/repository/org/jooq/jooq-codegen/3.11.10/jooq-codegen-3.11.10.jar:/home/user/.m2/repository/com/jolbox/bonecp/0.8.0.RELEASE/bonecp-0.8.0.RELEASE.jar:/home/user/.m2/repository/org/apache/derby/derby/10.14.2.0/derby-10.14.2.0.jar:/home/user/.m2/repository/org/xerial/sqlite-jdbc/3.25.2/sqlite-jdbc-3.25.2.jar:/home/user/.m2/repository/org/springframework/spring-jdbc/5.2.5.RELEASE/spring-jdbc-5.2.5.RELEASE.jar:/home/user/.m2/repository/org/springframework/spring-beans/5.2.5.RELEASE/spring-beans-5.2.5.RELEASE.jar:/home/user/.m2/repository/org/springframework/spring-core/5.2.5.RELEASE/spring-core-5.2.5.RELEASE.jar:/home/user/.m2/repository/org/springframework/spring-jcl/5.2.5.RELEASE/spring-jcl-5.2.5.RELEASE.jar:/home/user/.m2/repository/org/springframework/spring-tx/5.2.5.RELEASE/spring-tx-5.2.5.RELEASE.jar:/home/user/.m2/repository/org/apache/hadoop/hadoop-ozone-client/0.6.0-SNAPSHOT/hadoop-ozone-client-0.6.0-SNAPSHOT.jar:/home/user/.m2/repository/org/apache/hadoop/hadoop-ozone-filesystem/0.6.0-SNAPSHOT/hadoop-ozone-filesystem-0.6.0-SNAPSHOT.jar:/home/user/.m2/repository/org/apache/hadoop/hadoop-hdds-hadoop-dependency-client/0.6.0-SNAPSHOT/hadoop-hdds-hadoop-dependency-client-0.6.0-SNAPSHOT.jar:/home/user/.m2/repository/org/apache/hadoop/hadoop-ozone-tools/0.6.0-SNAPSHOT/hadoop-ozone-tools-0.6.0-SNAPSHOT.jar:/home/user/.m2/repository/org/apache/hadoop/hadoop-hdfs/3.2.1/hadoop-hdfs-3.2.1.jar:/home/user/.m2/repository/org/apache/ratis/ratis-tools/0.6.0-cac3336-SNAPSHOT/ratis-tools-0.6.0-cac3336-SNAPSHOT.jar:/home/user/.m2/repository/org/apache/ratis/ratis-proto/0.6.0-cac3336-SNAPSHOT/ratis-proto-0.6.0-cac3336-SNAPSHOT.jar:/home/user/.m2/repository/org/apache/ratis/ratis-common/0.6.0-cac3336-SNAPSHOT/ratis-common-0.6.0-cac3336-SNAPSHOT.jar:/home/user/.m2/repository/com/amazonaws/aws-java-sdk-core/1.11.615/aws-java-sdk-core-1.11.615.jar:/home/user/.m2/repository/org/apache/httpcomponents/httpclient/4.5.2/httpclient-4.5.2.jar:/home/user/.m2/repository/org/apache/httpcomponents/httpcore/4.4.4/httpcore-4.4.4.jar:/home/user/.m2/repository/software/amazon/ion/ion-java/1.0.2/ion-java-1.0.2.jar:/home/user/.m2/repository/com/fasterxml/jackson/dataformat/jackson-dataformat-cbor/2.10.3/jackson-dataformat-cbor-2.10.3.jar:/home/user/.m2/repository/joda-time/joda-time/2.8.1/joda-time-2.8.1.jar:/home/user/.m2/repository/com/amazonaws/aws-java-sdk-s3/1.11.615/aws-java-sdk-s3-1.11.615.jar:/home/user/.m2/repository/com/amazonaws/aws-java-sdk-kms/1.11.615/aws-java-sdk-kms-1.11.615.jar:/home/user/.m2/repository/com/amazonaws/jmespath-java/1.11.615/jmespath-java-1.11.615.jar:/home/user/.m2/repository/org/apache/hadoop/hadoop-hdds-tools/0.6.0-SNAPSHOT/hadoop-hdds-tools-0.6.0-SNAPSHOT.jar:/home/user/.m2/repository/commons-cli/commons-cli/1.2/commons-cli-1.2.jar:/home/user/.m2/repository/org/apache/commons/commons-lang3/3.7/commons-lang3-3.7.jar:/home/user/.m2/repository/org/apache/hadoop/hadoop-ozone-ozone-manager/0.6.0-SNAPSHOT/hadoop-ozone-ozone-manager-0.6.0-SNAPSHOT-tests.jar:/home/user/.m2/repository/junit/junit/4.11/junit-4.11.jar:/home/user/.m2/repository/org/hamcrest/hamcrest-core/1.3/hamcrest-core-1.3.jar:/home/user/.m2/repository/org/openjdk/jmh/jmh-core/1.19/jmh-core-1.19.jar:/home/user/.m2/repository/net/sf/jopt-simple/jopt-simple/4.6/jopt-simple-4.6.jar:/home/user/.m2/repository/org/apache/commons/commons-math3/3.1.1/commons-math3-3.1.1.jar:/home/user/.m2/repository/org/openjdk/jmh/jmh-generator-annprocess/1.19/jmh-generator-annprocess-1.19.jar:/home/user/.m2/repository/org/mockito/mockito-all/1.8.5/mockito-all-1.8.5.jar:/home/user/.m2/repository/org/apache/hadoop/hadoop-kms/3.2.1/hadoop-kms-3.2.1.jar:/home/user/.m2/repository/org/apache/hadoop/hadoop-auth/3.2.1/hadoop-auth-3.2.1.jar:/home/user/.m2/repository/com/nimbusds/nimbus-jose-jwt/7.9/nimbus-jose-jwt-7.9.jar:/home/user/.m2/repository/com/github/stephenc/jcip/jcip-annotations/1.0-1/jcip-annotations-1.0-1.jar:/home/user/.m2/repository/net/minidev/json-smart/2.3/json-smart-2.3.jar:/home/user/.m2/repository/net/minidev/accessors-smart/1.2/accessors-smart-1.2.jar:/home/user/.m2/repository/org/ow2/asm/asm/5.0.4/asm-5.0.4.jar:/home/user/.m2/repository/org/apache/zookeeper/zookeeper/3.4.13/zookeeper-3.4.13.jar:/home/user/.m2/repository/org/apache/yetus/audience-annotations/0.5.0/audience-annotations-0.5.0.jar:/home/user/.m2/repository/org/apache/curator/curator-framework/2.13.0/curator-framework-2.13.0.jar:/home/user/.m2/repository/com/sun/jersey/jersey-core/1.19/jersey-core-1.19.jar:/home/user/.m2/repository/javax/ws/rs/jsr311-api/1.1.1/jsr311-api-1.1.1.jar:/home/user/.m2/repository/com/sun/jersey/jersey-server/1.19/jersey-server-1.19.jar:/home/user/.m2/repository/javax/servlet/javax.servlet-api/3.1.0/javax.servlet-api-3.1.0.jar:/home/user/.m2/repository/org/eclipse/jetty/jetty-server/9.4.26.v20200117/jetty-server-9.4.26.v20200117.jar:/home/user/.m2/repository/org/eclipse/jetty/jetty-http/9.4.26.v20200117/jetty-http-9.4.26.v20200117.jar:/home/user/.m2/repository/org/eclipse/jetty/jetty-io/9.4.26.v20200117/jetty-io-9.4.26.v20200117.jar:/home/user/.m2/repository/org/eclipse/jetty/jetty-webapp/9.4.26.v20200117/jetty-webapp-9.4.26.v20200117.jar:/home/user/.m2/repository/org/eclipse/jetty/jetty-xml/9.4.26.v20200117/jetty-xml-9.4.26.v20200117.jar:/home/user/.m2/repository/org/eclipse/jetty/jetty-servlet/9.4.26.v20200117/jetty-servlet-9.4.26.v20200117.jar:/home/user/.m2/repository/org/eclipse/jetty/jetty-security/9.4.26.v20200117/jetty-security-9.4.26.v20200117.jar:/home/user/.m2/repository/org/apache/hadoop/hadoop-common/3.2.1/hadoop-common-3.2.1.jar:/home/user/.m2/repository/commons-net/commons-net/3.6/commons-net-3.6.jar:/home/user/.m2/repository/commons-collections/commons-collections/3.2.2/commons-collections-3.2.2.jar:/home/user/.m2/repository/com/sun/jersey/jersey-servlet/1.19/jersey-servlet-1.19.jar:/home/user/.m2/repository/com/sun/jersey/jersey-json/1.19/jersey-json-1.19.jar:/home/user/.m2/repository/org/codehaus/jettison/jettison/1.1/jettison-1.1.jar:/home/user/.m2/repository/org/codehaus/jackson/jackson-jaxrs/1.9.2/jackson-jaxrs-1.9.2.jar:/home/user/.m2/repository/org/codehaus/jackson/jackson-xc/1.9.2/jackson-xc-1.9.2.jar:/home/user/.m2/repository/commons-beanutils/commons-beanutils/1.9.4/commons-beanutils-1.9.4.jar:/home/user/.m2/repository/org/apache/commons/commons-configuration2/2.1.1/commons-configuration2-2.1.1.jar:/home/user/.m2/repository/org/apache/commons/commons-text/1.4/commons-text-1.4.jar:/home/user/.m2/repository/com/google/re2j/re2j/1.1/re2j-1.1.jar:/home/user/.m2/repository/com/jcraft/jsch/0.1.54/jsch-0.1.54.jar:/home/user/.m2/repository/org/apache/curator/curator-client/2.13.0/curator-client-2.13.0.jar:/home/user/.m2/repository/org/apache/curator/curator-recipes/2.13.0/curator-recipes-2.13.0.jar:/home/user/.m2/repository/dnsjava/dnsjava/2.1.7/dnsjava-2.1.7.jar:/home/user/.m2/repository/org/slf4j/jul-to-slf4j/1.7.25/jul-to-slf4j-1.7.25.jar:/home/user/.m2/repository/org/eclipse/jetty/jetty-util/9.4.26.v20200117/jetty-util-9.4.26.v20200117.jar:/home/user/.m2/repository/com/fasterxml/jackson/core/jackson-databind/2.10.3/jackson-databind-2.10.3.jar:/home/user/.m2/repository/org/apache/hadoop/hadoop-kms/3.2.1/hadoop-kms-3.2.1-tests.jar:/home/user/.m2/repository/org/apache/hadoop/hadoop-hdds-server-scm/0.6.0-SNAPSHOT/hadoop-hdds-server-scm-0.6.0-SNAPSHOT-tests.jar:/home/user/.m2/repository/org/apache/hadoop/hadoop-hdds-container-service/0.6.0-SNAPSHOT/hadoop-hdds-container-service-0.6.0-SNAPSHOT-tests.jar:/home/user/.m2/repository/org/apache/hadoop/hadoop-hdds-common/0.6.0-SNAPSHOT/hadoop-hdds-common-0.6.0-SNAPSHOT-tests.jar:/home/user/.m2/repository/org/yaml/snakeyaml/1.16/snakeyaml-1.16.jar:/home/user/.m2/repository/org/apache/hadoop/hadoop-hdds-hadoop-dependency-test/0.6.0-SNAPSHOT/hadoop-hdds-hadoop-dependency-test-0.6.0-SNAPSHOT.jar:/home/user/.m2/repository/org/apache/hadoop/hadoop-common/3.2.1/hadoop-common-3.2.1-tests.jar:/home/user/.m2/repository/javax/servlet/jsp/jsp-api/2.1/jsp-api-2.1.jar:/home/user/.m2/repository/org/apache/hadoop/hadoop-hdfs/3.2.1/hadoop-hdfs-3.2.1-tests.jar:/home/user/.m2/repository/org/eclipse/jetty/jetty-util-ajax/9.4.26.v20200117/jetty-util-ajax-9.4.26.v20200117.jar:/home/user/.m2/repository/commons-codec/commons-codec/1.11/commons-codec-1.11.jar:/home/user/.m2/repository/commons-daemon/commons-daemon/1.0.13/commons-daemon-1.0.13.jar:/home/user/.m2/repository/io/netty/netty/3.10.5.Final/netty-3.10.5.Final.jar:/home/user/.m2/repository/io/netty/netty-all/4.1.48.Final/netty-all-4.1.48.Final.jar:/home/user/.m2/repository/org/apache/htrace/htrace-core4/4.1.0-incubating/htrace-core4-4.1.0-incubating.jar:/home/user/.m2/repository/org/fusesource/leveldbjni/leveldbjni-all/1.8/leveldbjni-all-1.8.jar:/home/user/.m2/repository/org/apache/hadoop/hadoop-distcp/3.2.1/hadoop-distcp-3.2.1.jar:/home/user/.m2/repository/org/apache/hadoop/hadoop-mapreduce-client-jobclient/3.2.1/hadoop-mapreduce-client-jobclient-3.2.1.jar:/home/user/.m2/repository/org/apache/hadoop/hadoop-mapreduce-client-common/3.2.1/hadoop-mapreduce-client-common-3.2.1.jar:/home/user/.m2/repository/org/apache/hadoop/hadoop-yarn-common/3.2.1/hadoop-yarn-common-3.2.1.jar:/home/user/.m2/repository/org/apache/hadoop/hadoop-yarn-api/3.2.1/hadoop-yarn-api-3.2.1.jar:/home/user/.m2/repository/com/sun/jersey/jersey-client/1.19/jersey-client-1.19.jar:/home/user/.m2/repository/com/sun/jersey/contribs/jersey-guice/1.19/jersey-guice-1.19.jar:/home/user/.m2/repository/com/fasterxml/jackson/jaxrs/jackson-jaxrs-json-provider/2.10.3/jackson-jaxrs-json-provider-2.10.3.jar:/home/user/.m2/repository/com/fasterxml/jackson/jaxrs/jackson-jaxrs-base/2.10.3/jackson-jaxrs-base-2.10.3.jar:/home/user/.m2/repository/org/apache/hadoop/hadoop-yarn-client/3.2.1/hadoop-yarn-client-3.2.1.jar:/home/user/.m2/repository/org/apache/hadoop/hadoop-mapreduce-client-core/3.2.1/hadoop-mapreduce-client-core-3.2.1.jar:/home/user/.m2/repository/org/apache/avro/avro/1.7.7/avro-1.7.7.jar:/home/user/.m2/repository/org/codehaus/jackson/jackson-core-asl/1.9.13/jackson-core-asl-1.9.13.jar:/home/user/.m2/repository/org/codehaus/jackson/jackson-mapper-asl/1.9.13/jackson-mapper-asl-1.9.13.jar:/home/user/.m2/repository/com/thoughtworks/paranamer/paranamer/2.3/paranamer-2.3.jar:/home/user/.m2/repository/org/xerial/snappy/snappy-java/1.0.5/snappy-java-1.0.5.jar:/home/user/.m2/repository/org/apache/hadoop/hadoop-annotations/3.2.1/hadoop-annotations-3.2.1.jar:/usr/lib/jvm/java-1.8.0-openjdk-1.8.0.232.b09-0.el7_7.x86_64/jre/../lib/tools.jar:/home/user/.m2/repository/org/apache/hadoop/hadoop-distcp/3.2.1/hadoop-distcp-3.2.1-tests.jar:"/>
    <property name="java.vm.vendor" value="Oracle Corporation"/>
    <property name="sun.arch.data.model" value="64"/>
    <property name="test.build.dir" value="/github/workspace/mnt/ozone/hadoop-ozone/integration-test/target/test-dir"/>
    <property name="test.cache.data" value=""/>
    <property name="java.vendor.url" value="http://java.oracle.com/"/>
    <property name="user.timezone" value=""/>
    <property name="java.vm.specification.version" value="1.8"/>
    <property name="os.name" value="Linux"/>
    <property name="test.build.data" value="/github/workspace/mnt/ozone/hadoop-ozone/integration-test/target/test-dir"/>
    <property name="user.country" value="US"/>
    <property name="sun.java.launcher" value="SUN_STANDARD"/>
    <property name="sun.boot.library.path" value="/usr/lib/jvm/java-1.8.0-openjdk-1.8.0.232.b09-0.el7_7.x86_64/jre/lib/amd64"/>
    <property name="sun.java.command" value="/github/workspace/mnt/ozone/hadoop-ozone/integration-test/target/surefire/surefirebooter7240248480002438237.jar /github/workspace/mnt/ozone/hadoop-ozone/integration-test/target/surefire 2020-06-02T22-40-03_939-jvmRun1 surefire7116495925212895895tmp surefire_168011297662654292832tmp"/>
    <property name="surefire.test.class.path" value="/github/workspace/mnt/ozone/hadoop-ozone/integration-test/target/test-classes:/github/workspace/mnt/ozone/hadoop-ozone/integration-test/target/classes:/home/user/.m2/repository/org/apache/hadoop/hadoop-ozone-common/0.6.0-SNAPSHOT/hadoop-ozone-common-0.6.0-SNAPSHOT.jar:/home/user/.m2/repository/org/apache/commons/commons-compress/1.4.1/commons-compress-1.4.1.jar:/home/user/.m2/repository/org/tukaani/xz/1.0/xz-1.0.jar:/home/user/.m2/repository/org/apache/hadoop/hadoop-hdds-common/0.6.0-SNAPSHOT/hadoop-hdds-common-0.6.0-SNAPSHOT.jar:/home/user/.m2/repository/info/picocli/picocli/3.9.6/picocli-3.9.6.jar:/home/user/.m2/repository/com/fasterxml/jackson/core/jackson-annotations/2.10.3/jackson-annotations-2.10.3.jar:/home/user/.m2/repository/javax/annotation/javax.annotation-api/1.2/javax.annotation-api-1.2.jar:/home/user/.m2/repository/org/apache/ratis/ratis-server/0.6.0-cac3336-SNAPSHOT/ratis-server-0.6.0-cac3336-SNAPSHOT.jar:/home/user/.m2/repository/org/apache/ratis/ratis-thirdparty-misc/0.4.0/ratis-thirdparty-misc-0.4.0.jar:/home/user/.m2/repository/org/apache/ratis/ratis-client/0.6.0-cac3336-SNAPSHOT/ratis-client-0.6.0-cac3336-SNAPSHOT.jar:/home/user/.m2/repository/org/apache/ratis/ratis-metrics/0.6.0-cac3336-SNAPSHOT/ratis-metrics-0.6.0-cac3336-SNAPSHOT.jar:/home/user/.m2/repository/org/apache/ratis/ratis-netty/0.6.0-cac3336-SNAPSHOT/ratis-netty-0.6.0-cac3336-SNAPSHOT.jar:/home/user/.m2/repository/org/apache/ratis/ratis-grpc/0.6.0-cac3336-SNAPSHOT/ratis-grpc-0.6.0-cac3336-SNAPSHOT.jar:/home/user/.m2/repository/org/apache/logging/log4j/log4j-api/2.11.0/log4j-api-2.11.0.jar:/home/user/.m2/repository/org/apache/logging/log4j/log4j-core/2.11.0/log4j-core-2.11.0.jar:/home/user/.m2/repository/com/lmax/disruptor/3.4.2/disruptor-3.4.2.jar:/home/user/.m2/repository/org/apache/commons/commons-pool2/2.6.0/commons-pool2-2.6.0.jar:/home/user/.m2/repository/org/bouncycastle/bcpkix-jdk15on/1.60/bcpkix-jdk15on-1.60.jar:/home/user/.m2/repository/commons-validator/commons-validator/1.6/commons-validator-1.6.jar:/home/user/.m2/repository/commons-digester/commons-digester/1.8.1/commons-digester-1.8.1.jar:/home/user/.m2/repository/io/jaegertracing/jaeger-client/1.2.0/jaeger-client-1.2.0.jar:/home/user/.m2/repository/io/jaegertracing/jaeger-thrift/1.2.0/jaeger-thrift-1.2.0.jar:/home/user/.m2/repository/org/apache/thrift/libthrift/0.13.0/libthrift-0.13.0.jar:/home/user/.m2/repository/com/squareup/okhttp3/okhttp/4.2.2/okhttp-4.2.2.jar:/home/user/.m2/repository/com/squareup/okio/okio/2.2.2/okio-2.2.2.jar:/home/user/.m2/repository/org/jetbrains/kotlin/kotlin-stdlib/1.3.50/kotlin-stdlib-1.3.50.jar:/home/user/.m2/repository/org/jetbrains/kotlin/kotlin-stdlib-common/1.3.50/kotlin-stdlib-common-1.3.50.jar:/home/user/.m2/repository/org/jetbrains/annotations/13.0/annotations-13.0.jar:/home/user/.m2/repository/io/jaegertracing/jaeger-core/1.2.0/jaeger-core-1.2.0.jar:/home/user/.m2/repository/io/jaegertracing/jaeger-tracerresolver/1.2.0/jaeger-tracerresolver-1.2.0.jar:/home/user/.m2/repository/io/opentracing/contrib/opentracing-tracerresolver/0.1.8/opentracing-tracerresolver-0.1.8.jar:/home/user/.m2/repository/io/opentracing/opentracing-util/0.33.0/opentracing-util-0.33.0.jar:/home/user/.m2/repository/io/opentracing/opentracing-api/0.33.0/opentracing-api-0.33.0.jar:/home/user/.m2/repository/io/opentracing/opentracing-noop/0.33.0/opentracing-noop-0.33.0.jar:/home/user/.m2/repository/org/apache/hadoop/hadoop-hdds-client/0.6.0-SNAPSHOT/hadoop-hdds-client-0.6.0-SNAPSHOT.jar:/home/user/.m2/repository/org/apache/hadoop/hadoop-hdds-test-utils/0.6.0-SNAPSHOT/hadoop-hdds-test-utils-0.6.0-SNAPSHOT.jar:/home/user/.m2/repository/com/google/guava/guava/28.2-jre/guava-28.2-jre.jar:/home/user/.m2/repository/com/google/guava/failureaccess/1.0.1/failureaccess-1.0.1.jar:/home/user/.m2/repository/com/google/guava/listenablefuture/9999.0-empty-to-avoid-conflict-with-guava/listenablefuture-9999.0-empty-to-avoid-conflict-with-guava.jar:/home/user/.m2/repository/com/google/code/findbugs/jsr305/3.0.0/jsr305-3.0.0.jar:/home/user/.m2/repository/org/checkerframework/checker-qual/2.10.0/checker-qual-2.10.0.jar:/home/user/.m2/repository/com/google/errorprone/error_prone_annotations/2.2.0/error_prone_annotations-2.2.0.jar:/home/user/.m2/repository/com/google/j2objc/j2objc-annotations/1.3/j2objc-annotations-1.3.jar:/home/user/.m2/repository/commons-io/commons-io/2.5/commons-io-2.5.jar:/home/user/.m2/repository/commons-logging/commons-logging/1.2/commons-logging-1.2.jar:/home/user/.m2/repository/log4j/log4j/1.2.17/log4j-1.2.17.jar:/home/user/.m2/repository/org/slf4j/slf4j-api/1.7.25/slf4j-api-1.7.25.jar:/home/user/.m2/repository/org/apache/hadoop/hadoop-hdds-server-scm/0.6.0-SNAPSHOT/hadoop-hdds-server-scm-0.6.0-SNAPSHOT.jar:/home/user/.m2/repository/org/apache/hadoop/hadoop-hdds-container-service/0.6.0-SNAPSHOT/hadoop-hdds-container-service-0.6.0-SNAPSHOT.jar:/home/user/.m2/repository/org/apache/hadoop/hadoop-hdds-hadoop-dependency-server/0.6.0-SNAPSHOT/hadoop-hdds-hadoop-dependency-server-0.6.0-SNAPSHOT.jar:/home/user/.m2/repository/org/apache/hadoop/hadoop-hdds-server-framework/0.6.0-SNAPSHOT/hadoop-hdds-server-framework-0.6.0-SNAPSHOT.jar:/home/user/.m2/repository/org/rocksdb/rocksdbjni/6.6.4/rocksdbjni-6.6.4.jar:/home/user/.m2/repository/io/prometheus/simpleclient_dropwizard/0.7.0/simpleclient_dropwizard-0.7.0.jar:/home/user/.m2/repository/io/prometheus/simpleclient/0.7.0/simpleclient-0.7.0.jar:/home/user/.m2/repository/io/prometheus/simpleclient_common/0.7.0/simpleclient_common-0.7.0.jar:/home/user/.m2/repository/com/fasterxml/jackson/datatype/jackson-datatype-jsr310/2.10.3/jackson-datatype-jsr310-2.10.3.jar:/home/user/.m2/repository/org/apache/hadoop/hadoop-hdds-docs/0.6.0-SNAPSHOT/hadoop-hdds-docs-0.6.0-SNAPSHOT.jar:/home/user/.m2/repository/io/dropwizard/metrics/metrics-core/3.2.4/metrics-core-3.2.4.jar:/home/user/.m2/repository/org/apache/hadoop/hadoop-hdfs-client/3.2.1/hadoop-hdfs-client-3.2.1.jar:/home/user/.m2/repository/org/bouncycastle/bcprov-jdk15on/1.60/bcprov-jdk15on-1.60.jar:/home/user/.m2/repository/org/apache/hadoop/hadoop-ozone-ozone-manager/0.6.0-SNAPSHOT/hadoop-ozone-ozone-manager-0.6.0-SNAPSHOT.jar:/home/user/.m2/repository/org/apache/hadoop/hadoop-minikdc/3.2.1/hadoop-minikdc-3.2.1.jar:/home/user/.m2/repository/org/apache/kerby/kerb-simplekdc/1.0.1/kerb-simplekdc-1.0.1.jar:/home/user/.m2/repository/org/apache/kerby/kerb-client/1.0.1/kerb-client-1.0.1.jar:/home/user/.m2/repository/org/apache/kerby/kerby-config/1.0.1/kerby-config-1.0.1.jar:/home/user/.m2/repository/org/apache/kerby/kerb-core/1.0.1/kerb-core-1.0.1.jar:/home/user/.m2/repository/org/apache/kerby/kerby-pkix/1.0.1/kerby-pkix-1.0.1.jar:/home/user/.m2/repository/org/apache/kerby/kerby-asn1/1.0.1/kerby-asn1-1.0.1.jar:/home/user/.m2/repository/org/apache/kerby/kerby-util/1.0.1/kerby-util-1.0.1.jar:/home/user/.m2/repository/org/apache/kerby/kerb-common/1.0.1/kerb-common-1.0.1.jar:/home/user/.m2/repository/org/apache/kerby/kerb-crypto/1.0.1/kerb-crypto-1.0.1.jar:/home/user/.m2/repository/org/apache/kerby/kerb-util/1.0.1/kerb-util-1.0.1.jar:/home/user/.m2/repository/org/apache/kerby/token-provider/1.0.1/token-provider-1.0.1.jar:/home/user/.m2/repository/org/apache/kerby/kerb-admin/1.0.1/kerb-admin-1.0.1.jar:/home/user/.m2/repository/org/apache/kerby/kerb-server/1.0.1/kerb-server-1.0.1.jar:/home/user/.m2/repository/org/apache/kerby/kerb-identity/1.0.1/kerb-identity-1.0.1.jar:/home/user/.m2/repository/org/apache/kerby/kerby-xdr/1.0.1/kerby-xdr-1.0.1.jar:/home/user/.m2/repository/org/slf4j/slf4j-log4j12/1.7.25/slf4j-log4j12-1.7.25.jar:/home/user/.m2/repository/org/apache/hadoop/hadoop-ozone-s3gateway/0.6.0-SNAPSHOT/hadoop-ozone-s3gateway-0.6.0-SNAPSHOT.jar:/home/user/.m2/repository/org/jboss/weld/servlet/weld-servlet/2.4.7.Final/weld-servlet-2.4.7.Final.jar:/home/user/.m2/repository/org/glassfish/jersey/containers/jersey-container-servlet-core/2.27/jersey-container-servlet-core-2.27.jar:/home/user/.m2/repository/org/glassfish/hk2/external/javax.inject/2.5.0-b42/javax.inject-2.5.0-b42.jar:/home/user/.m2/repository/org/glassfish/jersey/core/jersey-common/2.27/jersey-common-2.27.jar:/home/user/.m2/repository/org/glassfish/hk2/osgi-resource-locator/1.0.1/osgi-resource-locator-1.0.1.jar:/home/user/.m2/repository/javax/ws/rs/javax.ws.rs-api/2.1/javax.ws.rs-api-2.1.jar:/home/user/.m2/repository/org/glassfish/jersey/ext/cdi/jersey-cdi1x/2.27/jersey-cdi1x-2.27.jar:/home/user/.m2/repository/org/glassfish/jersey/inject/jersey-hk2/2.27/jersey-hk2-2.27.jar:/home/user/.m2/repository/org/glassfish/hk2/hk2-locator/2.5.0-b42/hk2-locator-2.5.0-b42.jar:/home/user/.m2/repository/org/javassist/javassist/3.22.0-CR2/javassist-3.22.0-CR2.jar:/home/user/.m2/repository/org/glassfish/hk2/hk2-api/2.5.0/hk2-api-2.5.0.jar:/home/user/.m2/repository/org/glassfish/hk2/external/jakarta.inject/2.5.0/jakarta.inject-2.5.0.jar:/home/user/.m2/repository/org/glassfish/hk2/hk2-utils/2.5.0/hk2-utils-2.5.0.jar:/home/user/.m2/repository/jakarta/annotation/jakarta.annotation-api/1.3.4/jakarta.annotation-api-1.3.4.jar:/home/user/.m2/repository/org/glassfish/hk2/external/aopalliance-repackaged/2.5.0/aopalliance-repackaged-2.5.0.jar:/home/user/.m2/repository/com/fasterxml/jackson/dataformat/jackson-dataformat-xml/2.10.3/jackson-dataformat-xml-2.10.3.jar:/home/user/.m2/repository/com/fasterxml/jackson/core/jackson-core/2.10.3/jackson-core-2.10.3.jar:/home/user/.m2/repository/com/fasterxml/jackson/module/jackson-module-jaxb-annotations/2.10.3/jackson-module-jaxb-annotations-2.10.3.jar:/home/user/.m2/repository/jakarta/xml/bind/jakarta.xml.bind-api/2.3.2/jakarta.xml.bind-api-2.3.2.jar:/home/user/.m2/repository/jakarta/activation/jakarta.activation-api/1.2.1/jakarta.activation-api-1.2.1.jar:/home/user/.m2/repository/org/codehaus/woodstox/stax2-api/3.1.4/stax2-api-3.1.4.jar:/home/user/.m2/repository/com/fasterxml/woodstox/woodstox-core/5.0.3/woodstox-core-5.0.3.jar:/home/user/.m2/repository/javax/enterprise/cdi-api/1.2/cdi-api-1.2.jar:/home/user/.m2/repository/javax/el/javax.el-api/3.0.0/javax.el-api-3.0.0.jar:/home/user/.m2/repository/javax/interceptor/javax.interceptor-api/1.2/javax.interceptor-api-1.2.jar:/home/user/.m2/repository/javax/inject/javax.inject/1/javax.inject-1.jar:/home/user/.m2/repository/com/sun/xml/bind/jaxb-impl/2.3.0.1/jaxb-impl-2.3.0.1.jar:/home/user/.m2/repository/com/sun/xml/bind/jaxb-core/2.3.0.1/jaxb-core-2.3.0.1.jar:/home/user/.m2/repository/javax/xml/bind/jaxb-api/2.3.0/jaxb-api-2.3.0.jar:/home/user/.m2/repository/javax/activation/activation/1.1.1/activation-1.1.1.jar:/home/user/.m2/repository/org/apache/hadoop/hadoop-ozone-csi/0.6.0-SNAPSHOT/hadoop-ozone-csi-0.6.0-SNAPSHOT.jar:/home/user/.m2/repository/com/google/protobuf/protobuf-java-util/3.11.0/protobuf-java-util-3.11.0.jar:/home/user/.m2/repository/com/google/code/gson/gson/2.2.4/gson-2.2.4.jar:/home/user/.m2/repository/org/apache/hadoop/hadoop-hdds-config/0.6.0-SNAPSHOT/hadoop-hdds-config-0.6.0-SNAPSHOT.jar:/home/user/.m2/repository/com/google/protobuf/protobuf-java/2.5.0/protobuf-java-2.5.0.jar:/home/user/.m2/repository/io/grpc/grpc-netty/1.29.0/grpc-netty-1.29.0.jar:/home/user/.m2/repository/io/grpc/grpc-core/1.29.0/grpc-core-1.29.0.jar:/home/user/.m2/repository/com/google/android/annotations/4.1.1.4/annotations-4.1.1.4.jar:/home/user/.m2/repository/io/perfmark/perfmark-api/0.19.0/perfmark-api-0.19.0.jar:/home/user/.m2/repository/io/netty/netty-codec-http2/4.1.48.Final/netty-codec-http2-4.1.48.Final.jar:/home/user/.m2/repository/io/netty/netty-codec/4.1.48.Final/netty-codec-4.1.48.Final.jar:/home/user/.m2/repository/io/netty/netty-handler/4.1.48.Final/netty-handler-4.1.48.Final.jar:/home/user/.m2/repository/io/netty/netty-codec-http/4.1.48.Final/netty-codec-http-4.1.48.Final.jar:/home/user/.m2/repository/io/netty/netty-handler-proxy/4.1.48.Final/netty-handler-proxy-4.1.48.Final.jar:/home/user/.m2/repository/io/netty/netty-codec-socks/4.1.48.Final/netty-codec-socks-4.1.48.Final.jar:/home/user/.m2/repository/io/netty/netty-transport-native-epoll/4.1.48.Final/netty-transport-native-epoll-4.1.48.Final.jar:/home/user/.m2/repository/io/netty/netty-common/4.1.48.Final/netty-common-4.1.48.Final.jar:/home/user/.m2/repository/io/netty/netty-buffer/4.1.48.Final/netty-buffer-4.1.48.Final.jar:/home/user/.m2/repository/io/netty/netty-transport/4.1.48.Final/netty-transport-4.1.48.Final.jar:/home/user/.m2/repository/io/netty/netty-resolver/4.1.48.Final/netty-resolver-4.1.48.Final.jar:/home/user/.m2/repository/io/netty/netty-transport-native-unix-common/4.1.48.Final/netty-transport-native-unix-common-4.1.48.Final.jar:/home/user/.m2/repository/io/grpc/grpc-protobuf/1.29.0/grpc-protobuf-1.29.0.jar:/home/user/.m2/repository/io/grpc/grpc-api/1.29.0/grpc-api-1.29.0.jar:/home/user/.m2/repository/io/grpc/grpc-context/1.29.0/grpc-context-1.29.0.jar:/home/user/.m2/repository/org/codehaus/mojo/animal-sniffer-annotations/1.18/animal-sniffer-annotations-1.18.jar:/home/user/.m2/repository/com/google/api/grpc/proto-google-common-protos/1.17.0/proto-google-common-protos-1.17.0.jar:/home/user/.m2/repository/io/grpc/grpc-protobuf-lite/1.29.0/grpc-protobuf-lite-1.29.0.jar:/home/user/.m2/repository/io/grpc/grpc-stub/1.29.0/grpc-stub-1.29.0.jar:/home/user/.m2/repository/org/apache/hadoop/hadoop-ozone-recon/0.6.0-SNAPSHOT/hadoop-ozone-recon-0.6.0-SNAPSHOT.jar:/home/user/.m2/repository/org/apache/hadoop/hadoop-ozone-reconcodegen/0.6.0-SNAPSHOT/hadoop-ozone-reconcodegen-0.6.0-SNAPSHOT.jar:/home/user/.m2/repository/com/google/inject/extensions/guice-multibindings/4.0/guice-multibindings-4.0.jar:/home/user/.m2/repository/com/google/inject/guice/4.0/guice-4.0.jar:/home/user/.m2/repository/aopalliance/aopalliance/1.0/aopalliance-1.0.jar:/home/user/.m2/repository/com/google/inject/extensions/guice-assistedinject/4.0/guice-assistedinject-4.0.jar:/home/user/.m2/repository/com/google/inject/extensions/guice-servlet/4.0/guice-servlet-4.0.jar:/home/user/.m2/repository/org/glassfish/jersey/containers/jersey-container-servlet/2.27/jersey-container-servlet-2.27.jar:/home/user/.m2/repository/org/glassfish/hk2/guice-bridge/2.5.0/guice-bridge-2.5.0.jar:/home/user/.m2/repository/org/glassfish/jersey/core/jersey-server/2.27/jersey-server-2.27.jar:/home/user/.m2/repository/org/glassfish/jersey/core/jersey-client/2.27/jersey-client-2.27.jar:/home/user/.m2/repository/org/glassfish/jersey/media/jersey-media-jaxb/2.27/jersey-media-jaxb-2.27.jar:/home/user/.m2/repository/javax/validation/validation-api/1.1.0.Final/validation-api-1.1.0.Final.jar:/home/user/.m2/repository/org/glassfish/jersey/media/jersey-media-json-jackson/2.27/jersey-media-json-jackson-2.27.jar:/home/user/.m2/repository/org/glassfish/jersey/ext/jersey-entity-filtering/2.27/jersey-entity-filtering-2.27.jar:/home/user/.m2/repository/org/jooq/jooq/3.11.10/jooq-3.11.10.jar:/home/user/.m2/repository/org/jooq/jooq-meta/3.11.10/jooq-meta-3.11.10.jar:/home/user/.m2/repository/org/jooq/jooq-codegen/3.11.10/jooq-codegen-3.11.10.jar:/home/user/.m2/repository/com/jolbox/bonecp/0.8.0.RELEASE/bonecp-0.8.0.RELEASE.jar:/home/user/.m2/repository/org/apache/derby/derby/10.14.2.0/derby-10.14.2.0.jar:/home/user/.m2/repository/org/xerial/sqlite-jdbc/3.25.2/sqlite-jdbc-3.25.2.jar:/home/user/.m2/repository/org/springframework/spring-jdbc/5.2.5.RELEASE/spring-jdbc-5.2.5.RELEASE.jar:/home/user/.m2/repository/org/springframework/spring-beans/5.2.5.RELEASE/spring-beans-5.2.5.RELEASE.jar:/home/user/.m2/repository/org/springframework/spring-core/5.2.5.RELEASE/spring-core-5.2.5.RELEASE.jar:/home/user/.m2/repository/org/springframework/spring-jcl/5.2.5.RELEASE/spring-jcl-5.2.5.RELEASE.jar:/home/user/.m2/repository/org/springframework/spring-tx/5.2.5.RELEASE/spring-tx-5.2.5.RELEASE.jar:/home/user/.m2/repository/org/apache/hadoop/hadoop-ozone-client/0.6.0-SNAPSHOT/hadoop-ozone-client-0.6.0-SNAPSHOT.jar:/home/user/.m2/repository/org/apache/hadoop/hadoop-ozone-filesystem/0.6.0-SNAPSHOT/hadoop-ozone-filesystem-0.6.0-SNAPSHOT.jar:/home/user/.m2/repository/org/apache/hadoop/hadoop-hdds-hadoop-dependency-client/0.6.0-SNAPSHOT/hadoop-hdds-hadoop-dependency-client-0.6.0-SNAPSHOT.jar:/home/user/.m2/repository/org/apache/hadoop/hadoop-ozone-tools/0.6.0-SNAPSHOT/hadoop-ozone-tools-0.6.0-SNAPSHOT.jar:/home/user/.m2/repository/org/apache/hadoop/hadoop-hdfs/3.2.1/hadoop-hdfs-3.2.1.jar:/home/user/.m2/repository/org/apache/ratis/ratis-tools/0.6.0-cac3336-SNAPSHOT/ratis-tools-0.6.0-cac3336-SNAPSHOT.jar:/home/user/.m2/repository/org/apache/ratis/ratis-proto/0.6.0-cac3336-SNAPSHOT/ratis-proto-0.6.0-cac3336-SNAPSHOT.jar:/home/user/.m2/repository/org/apache/ratis/ratis-common/0.6.0-cac3336-SNAPSHOT/ratis-common-0.6.0-cac3336-SNAPSHOT.jar:/home/user/.m2/repository/com/amazonaws/aws-java-sdk-core/1.11.615/aws-java-sdk-core-1.11.615.jar:/home/user/.m2/repository/org/apache/httpcomponents/httpclient/4.5.2/httpclient-4.5.2.jar:/home/user/.m2/repository/org/apache/httpcomponents/httpcore/4.4.4/httpcore-4.4.4.jar:/home/user/.m2/repository/software/amazon/ion/ion-java/1.0.2/ion-java-1.0.2.jar:/home/user/.m2/repository/com/fasterxml/jackson/dataformat/jackson-dataformat-cbor/2.10.3/jackson-dataformat-cbor-2.10.3.jar:/home/user/.m2/repository/joda-time/joda-time/2.8.1/joda-time-2.8.1.jar:/home/user/.m2/repository/com/amazonaws/aws-java-sdk-s3/1.11.615/aws-java-sdk-s3-1.11.615.jar:/home/user/.m2/repository/com/amazonaws/aws-java-sdk-kms/1.11.615/aws-java-sdk-kms-1.11.615.jar:/home/user/.m2/repository/com/amazonaws/jmespath-java/1.11.615/jmespath-java-1.11.615.jar:/home/user/.m2/repository/org/apache/hadoop/hadoop-hdds-tools/0.6.0-SNAPSHOT/hadoop-hdds-tools-0.6.0-SNAPSHOT.jar:/home/user/.m2/repository/commons-cli/commons-cli/1.2/commons-cli-1.2.jar:/home/user/.m2/repository/org/apache/commons/commons-lang3/3.7/commons-lang3-3.7.jar:/home/user/.m2/repository/org/apache/hadoop/hadoop-ozone-ozone-manager/0.6.0-SNAPSHOT/hadoop-ozone-ozone-manager-0.6.0-SNAPSHOT-tests.jar:/home/user/.m2/repository/junit/junit/4.11/junit-4.11.jar:/home/user/.m2/repository/org/hamcrest/hamcrest-core/1.3/hamcrest-core-1.3.jar:/home/user/.m2/repository/org/openjdk/jmh/jmh-core/1.19/jmh-core-1.19.jar:/home/user/.m2/repository/net/sf/jopt-simple/jopt-simple/4.6/jopt-simple-4.6.jar:/home/user/.m2/repository/org/apache/commons/commons-math3/3.1.1/commons-math3-3.1.1.jar:/home/user/.m2/repository/org/openjdk/jmh/jmh-generator-annprocess/1.19/jmh-generator-annprocess-1.19.jar:/home/user/.m2/repository/org/mockito/mockito-all/1.8.5/mockito-all-1.8.5.jar:/home/user/.m2/repository/org/apache/hadoop/hadoop-kms/3.2.1/hadoop-kms-3.2.1.jar:/home/user/.m2/repository/org/apache/hadoop/hadoop-auth/3.2.1/hadoop-auth-3.2.1.jar:/home/user/.m2/repository/com/nimbusds/nimbus-jose-jwt/7.9/nimbus-jose-jwt-7.9.jar:/home/user/.m2/repository/com/github/stephenc/jcip/jcip-annotations/1.0-1/jcip-annotations-1.0-1.jar:/home/user/.m2/repository/net/minidev/json-smart/2.3/json-smart-2.3.jar:/home/user/.m2/repository/net/minidev/accessors-smart/1.2/accessors-smart-1.2.jar:/home/user/.m2/repository/org/ow2/asm/asm/5.0.4/asm-5.0.4.jar:/home/user/.m2/repository/org/apache/zookeeper/zookeeper/3.4.13/zookeeper-3.4.13.jar:/home/user/.m2/repository/org/apache/yetus/audience-annotations/0.5.0/audience-annotations-0.5.0.jar:/home/user/.m2/repository/org/apache/curator/curator-framework/2.13.0/curator-framework-2.13.0.jar:/home/user/.m2/repository/com/sun/jersey/jersey-core/1.19/jersey-core-1.19.jar:/home/user/.m2/repository/javax/ws/rs/jsr311-api/1.1.1/jsr311-api-1.1.1.jar:/home/user/.m2/repository/com/sun/jersey/jersey-server/1.19/jersey-server-1.19.jar:/home/user/.m2/repository/javax/servlet/javax.servlet-api/3.1.0/javax.servlet-api-3.1.0.jar:/home/user/.m2/repository/org/eclipse/jetty/jetty-server/9.4.26.v20200117/jetty-server-9.4.26.v20200117.jar:/home/user/.m2/repository/org/eclipse/jetty/jetty-http/9.4.26.v20200117/jetty-http-9.4.26.v20200117.jar:/home/user/.m2/repository/org/eclipse/jetty/jetty-io/9.4.26.v20200117/jetty-io-9.4.26.v20200117.jar:/home/user/.m2/repository/org/eclipse/jetty/jetty-webapp/9.4.26.v20200117/jetty-webapp-9.4.26.v20200117.jar:/home/user/.m2/repository/org/eclipse/jetty/jetty-xml/9.4.26.v20200117/jetty-xml-9.4.26.v20200117.jar:/home/user/.m2/repository/org/eclipse/jetty/jetty-servlet/9.4.26.v20200117/jetty-servlet-9.4.26.v20200117.jar:/home/user/.m2/repository/org/eclipse/jetty/jetty-security/9.4.26.v20200117/jetty-security-9.4.26.v20200117.jar:/home/user/.m2/repository/org/apache/hadoop/hadoop-common/3.2.1/hadoop-common-3.2.1.jar:/home/user/.m2/repository/commons-net/commons-net/3.6/commons-net-3.6.jar:/home/user/.m2/repository/commons-collections/commons-collections/3.2.2/commons-collections-3.2.2.jar:/home/user/.m2/repository/com/sun/jersey/jersey-servlet/1.19/jersey-servlet-1.19.jar:/home/user/.m2/repository/com/sun/jersey/jersey-json/1.19/jersey-json-1.19.jar:/home/user/.m2/repository/org/codehaus/jettison/jettison/1.1/jettison-1.1.jar:/home/user/.m2/repository/org/codehaus/jackson/jackson-jaxrs/1.9.2/jackson-jaxrs-1.9.2.jar:/home/user/.m2/repository/org/codehaus/jackson/jackson-xc/1.9.2/jackson-xc-1.9.2.jar:/home/user/.m2/repository/commons-beanutils/commons-beanutils/1.9.4/commons-beanutils-1.9.4.jar:/home/user/.m2/repository/org/apache/commons/commons-configuration2/2.1.1/commons-configuration2-2.1.1.jar:/home/user/.m2/repository/org/apache/commons/commons-text/1.4/commons-text-1.4.jar:/home/user/.m2/repository/com/google/re2j/re2j/1.1/re2j-1.1.jar:/home/user/.m2/repository/com/jcraft/jsch/0.1.54/jsch-0.1.54.jar:/home/user/.m2/repository/org/apache/curator/curator-client/2.13.0/curator-client-2.13.0.jar:/home/user/.m2/repository/org/apache/curator/curator-recipes/2.13.0/curator-recipes-2.13.0.jar:/home/user/.m2/repository/dnsjava/dnsjava/2.1.7/dnsjava-2.1.7.jar:/home/user/.m2/repository/org/slf4j/jul-to-slf4j/1.7.25/jul-to-slf4j-1.7.25.jar:/home/user/.m2/repository/org/eclipse/jetty/jetty-util/9.4.26.v20200117/jetty-util-9.4.26.v20200117.jar:/home/user/.m2/repository/com/fasterxml/jackson/core/jackson-databind/2.10.3/jackson-databind-2.10.3.jar:/home/user/.m2/repository/org/apache/hadoop/hadoop-kms/3.2.1/hadoop-kms-3.2.1-tests.jar:/home/user/.m2/repository/org/apache/hadoop/hadoop-hdds-server-scm/0.6.0-SNAPSHOT/hadoop-hdds-server-scm-0.6.0-SNAPSHOT-tests.jar:/home/user/.m2/repository/org/apache/hadoop/hadoop-hdds-container-service/0.6.0-SNAPSHOT/hadoop-hdds-container-service-0.6.0-SNAPSHOT-tests.jar:/home/user/.m2/repository/org/apache/hadoop/hadoop-hdds-common/0.6.0-SNAPSHOT/hadoop-hdds-common-0.6.0-SNAPSHOT-tests.jar:/home/user/.m2/repository/org/yaml/snakeyaml/1.16/snakeyaml-1.16.jar:/home/user/.m2/repository/org/apache/hadoop/hadoop-hdds-hadoop-dependency-test/0.6.0-SNAPSHOT/hadoop-hdds-hadoop-dependency-test-0.6.0-SNAPSHOT.jar:/home/user/.m2/repository/org/apache/hadoop/hadoop-common/3.2.1/hadoop-common-3.2.1-tests.jar:/home/user/.m2/repository/javax/servlet/jsp/jsp-api/2.1/jsp-api-2.1.jar:/home/user/.m2/repository/org/apache/hadoop/hadoop-hdfs/3.2.1/hadoop-hdfs-3.2.1-tests.jar:/home/user/.m2/repository/org/eclipse/jetty/jetty-util-ajax/9.4.26.v20200117/jetty-util-ajax-9.4.26.v20200117.jar:/home/user/.m2/repository/commons-codec/commons-codec/1.11/commons-codec-1.11.jar:/home/user/.m2/repository/commons-daemon/commons-daemon/1.0.13/commons-daemon-1.0.13.jar:/home/user/.m2/repository/io/netty/netty/3.10.5.Final/netty-3.10.5.Final.jar:/home/user/.m2/repository/io/netty/netty-all/4.1.48.Final/netty-all-4.1.48.Final.jar:/home/user/.m2/repository/org/apache/htrace/htrace-core4/4.1.0-incubating/htrace-core4-4.1.0-incubating.jar:/home/user/.m2/repository/org/fusesource/leveldbjni/leveldbjni-all/1.8/leveldbjni-all-1.8.jar:/home/user/.m2/repository/org/apache/hadoop/hadoop-distcp/3.2.1/hadoop-distcp-3.2.1.jar:/home/user/.m2/repository/org/apache/hadoop/hadoop-mapreduce-client-jobclient/3.2.1/hadoop-mapreduce-client-jobclient-3.2.1.jar:/home/user/.m2/repository/org/apache/hadoop/hadoop-mapreduce-client-common/3.2.1/hadoop-mapreduce-client-common-3.2.1.jar:/home/user/.m2/repository/org/apache/hadoop/hadoop-yarn-common/3.2.1/hadoop-yarn-common-3.2.1.jar:/home/user/.m2/repository/org/apache/hadoop/hadoop-yarn-api/3.2.1/hadoop-yarn-api-3.2.1.jar:/home/user/.m2/repository/com/sun/jersey/jersey-client/1.19/jersey-client-1.19.jar:/home/user/.m2/repository/com/sun/jersey/contribs/jersey-guice/1.19/jersey-guice-1.19.jar:/home/user/.m2/repository/com/fasterxml/jackson/jaxrs/jackson-jaxrs-json-provider/2.10.3/jackson-jaxrs-json-provider-2.10.3.jar:/home/user/.m2/repository/com/fasterxml/jackson/jaxrs/jackson-jaxrs-base/2.10.3/jackson-jaxrs-base-2.10.3.jar:/home/user/.m2/repository/org/apache/hadoop/hadoop-yarn-client/3.2.1/hadoop-yarn-client-3.2.1.jar:/home/user/.m2/repository/org/apache/hadoop/hadoop-mapreduce-client-core/3.2.1/hadoop-mapreduce-client-core-3.2.1.jar:/home/user/.m2/repository/org/apache/avro/avro/1.7.7/avro-1.7.7.jar:/home/user/.m2/repository/org/codehaus/jackson/jackson-core-asl/1.9.13/jackson-core-asl-1.9.13.jar:/home/user/.m2/repository/org/codehaus/jackson/jackson-mapper-asl/1.9.13/jackson-mapper-asl-1.9.13.jar:/home/user/.m2/repository/com/thoughtworks/paranamer/paranamer/2.3/paranamer-2.3.jar:/home/user/.m2/repository/org/xerial/snappy/snappy-java/1.0.5/snappy-java-1.0.5.jar:/home/user/.m2/repository/org/apache/hadoop/hadoop-annotations/3.2.1/hadoop-annotations-3.2.1.jar:/usr/lib/jvm/java-1.8.0-openjdk-1.8.0.232.b09-0.el7_7.x86_64/jre/../lib/tools.jar:/home/user/.m2/repository/org/apache/hadoop/hadoop-distcp/3.2.1/hadoop-distcp-3.2.1-tests.jar:"/>
    <property name="sun.cpu.endian" value="little"/>
    <property name="user.home" value="/home/user"/>
    <property name="user.language" value="en"/>
    <property name="java.specification.vendor" value="Oracle Corporation"/>
    <property name="java.home" value="/usr/lib/jvm/java-1.8.0-openjdk-1.8.0.232.b09-0.el7_7.x86_64/jre"/>
    <property name="java.security.krb5.conf" value="/github/workspace/mnt/ozone/hadoop-ozone/integration-test/target/test-classes/krb5.conf"/>
    <property name="basedir" value="/github/workspace/mnt/ozone/hadoop-ozone/integration-test"/>
    <property name="file.separator" value="/"/>
    <property name="line.separator" value="&#10;"/>
    <property name="java.vm.specification.vendor" value="Oracle Corporation"/>
    <property name="java.specification.name" value="Java Platform API Specification"/>
    <property name="java.awt.graphicsenv" value="sun.awt.X11GraphicsEnvironment"/>
    <property name="surefire.real.class.path" value="/github/workspace/mnt/ozone/hadoop-ozone/integration-test/target/surefire/surefirebooter7240248480002438237.jar:/home/user/.m2/repository/org/jacoco/org.jacoco.agent/0.8.5/org.jacoco.agent-0.8.5-runtime.jar"/>
    <property name="hadoop.log.dir" value="/github/workspace/mnt/ozone/hadoop-ozone/integration-test/target/log"/>
    <property name="sun.boot.class.path" value="/usr/lib/jvm/java-1.8.0-openjdk-1.8.0.232.b09-0.el7_7.x86_64/jre/lib/resources.jar:/usr/lib/jvm/java-1.8.0-openjdk-1.8.0.232.b09-0.el7_7.x86_64/jre/lib/rt.jar:/usr/lib/jvm/java-1.8.0-openjdk-1.8.0.232.b09-0.el7_7.x86_64/jre/lib/sunrsasign.jar:/usr/lib/jvm/java-1.8.0-openjdk-1.8.0.232.b09-0.el7_7.x86_64/jre/lib/jsse.jar:/usr/lib/jvm/java-1.8.0-openjdk-1.8.0.232.b09-0.el7_7.x86_64/jre/lib/jce.jar:/usr/lib/jvm/java-1.8.0-openjdk-1.8.0.232.b09-0.el7_7.x86_64/jre/lib/charsets.jar:/usr/lib/jvm/java-1.8.0-openjdk-1.8.0.232.b09-0.el7_7.x86_64/jre/lib/jfr.jar:/usr/lib/jvm/java-1.8.0-openjdk-1.8.0.232.b09-0.el7_7.x86_64/jre/classes"/>
    <property name="sun.management.compiler" value="HotSpot 64-Bit Tiered Compilers"/>
    <property name="java.runtime.version" value="1.8.0_232-b09"/>
    <property name="java.net.preferIPv4Stack" value="true"/>
    <property name="user.name" value="jenkins1001"/>
    <property name="path.separator" value=":"/>
    <property name="java.security.egd" value="file:///dev/urandom"/>
    <property name="os.version" value="5.3.0-1020-azure"/>
    <property name="java.endorsed.dirs" value="/usr/lib/jvm/java-1.8.0-openjdk-1.8.0.232.b09-0.el7_7.x86_64/jre/lib/endorsed"/>
    <property name="java.runtime.name" value="OpenJDK Runtime Environment"/>
    <property name="file.encoding" value="ANSI_X3.4-1968"/>
    <property name="java.vm.name" value="OpenJDK 64-Bit Server VM"/>
    <property name="test.build.webapps" value=""/>
    <property name="localRepository" value="/home/user/.m2/repository"/>
    <property name="java.vendor.url.bug" value="http://bugreport.sun.com/bugreport/"/>
    <property name="java.io.tmpdir" value="/tmp"/>
    <property name="require.test.libhadoop" value=""/>
    <property name="java.version" value="1.8.0_232"/>
    <property name="user.dir" value="/github/workspace/mnt/ozone/hadoop-ozone/integration-test"/>
    <property name="os.arch" value="amd64"/>
    <property name="java.vm.specification.name" value="Java Virtual Machine Specification"/>
    <property name="test.build.classes" value="/github/workspace/mnt/ozone/hadoop-ozone/integration-test/target/test-classes"/>
    <property name="java.awt.printerjob" value="sun.print.PSPrinterJob"/>
    <property name="sun.os.patch.level" value="unknown"/>
    <property name="hadoop.tmp.dir" value="/github/workspace/mnt/ozone/hadoop-ozone/integration-test/target/tmp"/>
    <property name="java.library.path" value="/usr/lib:/usr/java/packages/lib/amd64:/usr/lib64:/lib64:/lib:/usr/lib"/>
    <property name="java.vm.info" value="mixed mode"/>
    <property name="java.vendor" value="Oracle Corporation"/>
    <property name="java.vm.version" value="25.232-b09"/>
    <property name="java.ext.dirs" value="/usr/lib/jvm/java-1.8.0-openjdk-1.8.0.232.b09-0.el7_7.x86_64/jre/lib/ext:/usr/java/packages/lib/ext"/>
    <property name="sun.io.unicode.encoding" value="UnicodeLittle"/>
    <property name="java.class.version" value="52.0"/>
  </properties>
  <testcase name="testOMRocksDBLoggingEnabled" classname="org.apache.hadoop.ozone.om.TestOzoneManagerRocksDBLogging" time="60.023">
    <error message="test timed out after 60000 milliseconds" type="java.lang.Exception">java.lang.Exception: test timed out after 60000 milliseconds
	at java.lang.Thread.sleep(Native Method)
	at org.apache.hadoop.test.GenericTestUtils.waitFor(GenericTestUtils.java:218)
	at org.apache.hadoop.ozone.MiniOzoneClusterImpl.waitForClusterToBeReady(MiniOzoneClusterImpl.java:172)
	at org.apache.hadoop.ozone.om.TestOzoneManagerRocksDBLogging.init(TestOzoneManagerRocksDBLogging.java:54)
	at sun.reflect.NativeMethodAccessorImpl.invoke0(Native Method)
	at sun.reflect.NativeMethodAccessorImpl.invoke(NativeMethodAccessorImpl.java:62)
	at sun.reflect.DelegatingMethodAccessorImpl.invoke(DelegatingMethodAccessorImpl.java:43)
	at java.lang.reflect.Method.invoke(Method.java:498)
	at org.junit.runners.model.FrameworkMethod$1.runReflectiveCall(FrameworkMethod.java:47)
	at org.junit.internal.runners.model.ReflectiveCallable.run(ReflectiveCallable.java:12)
	at org.junit.runners.model.FrameworkMethod.invokeExplosively(FrameworkMethod.java:44)
	at org.junit.internal.runners.statements.RunBefores.evaluate(RunBefores.java:24)
	at org.junit.internal.runners.statements.RunAfters.evaluate(RunAfters.java:27)
	at org.junit.internal.runners.statements.FailOnTimeout$StatementThread.run(FailOnTimeout.java:74)
</error>
    <system-out><![CDATA[2020-06-03 00:02:49,032 [Thread-1] WARN  server.ServerUtils (ServerUtils.java:getScmDbDir(148)) - ozone.scm.db.dirs is not configured. We recommend adding this setting. Falling back to ozone.metadata.dirs instead.
2020-06-03 00:02:49,150 [Thread-1] WARN  server.ServerUtils (ServerUtils.java:getScmDbDir(148)) - ozone.scm.db.dirs is not configured. We recommend adding this setting. Falling back to ozone.metadata.dirs instead.
2020-06-03 00:02:49,176 [Thread-1] WARN  db.DBStoreBuilder (DBStoreBuilder.java:createDBStoreBuilder(277)) - ozone.scm.db.dirs is not configured. We recommend adding this setting. Falling back to ozone.metadata.dirs instead.
2020-06-03 00:02:49,364 [Thread-1] INFO  net.NodeSchemaLoader (NodeSchemaLoader.java:loadSchemaFromFile(126)) - Loading file from sun.misc.CompoundEnumeration@6a5fc740
2020-06-03 00:02:49,366 [Thread-1] INFO  net.NodeSchemaLoader (NodeSchemaLoader.java:loadSchema(172)) - Loading network topology layer schema file
2020-06-03 00:02:49,459 [Thread-1] WARN  server.ServerUtils (ServerUtils.java:sanitizeUserArgs(73)) - ozone.scm.stale.node.interval value = 300000 is larger than max = 100000 based on the key value of ozone.scm.heartbeat.thread.interval, reset to the max value 100000.
2020-06-03 00:02:49,460 [Thread-1] WARN  server.ServerUtils (ServerUtils.java:sanitizeUserArgs(73)) - ozone.scm.stale.node.interval value = 300000 is larger than max = 100000 based on the key value of ozone.scm.heartbeat.thread.interval, reset to the max value 100000.
2020-06-03 00:02:49,466 [Thread-1] INFO  node.SCMNodeManager (SCMNodeManager.java:<init>(116)) - Entering startup safe mode.
2020-06-03 00:02:49,623 [Thread-1] INFO  algorithms.ContainerPlacementPolicyFactory (ContainerPlacementPolicyFactory.java:getPolicy(60)) - Create container placement policy of type org.apache.hadoop.hdds.scm.container.placement.algorithms.SCMContainerPlacementRandom
2020-06-03 00:02:49,662 [Thread-1] INFO  pipeline.SCMPipelineManager (SCMPipelineManager.java:initializePipelineState(158)) - No pipeline exists in current db
2020-06-03 00:02:49,748 [Thread-1] INFO  safemode.HealthyPipelineSafeModeRule (HealthyPipelineSafeModeRule.java:<init>(89)) - Total pipeline count is 0, healthy pipeline threshold count is 0
2020-06-03 00:02:49,756 [Thread-1] INFO  safemode.OneReplicaPipelineSafeModeRule (OneReplicaPipelineSafeModeRule.java:<init>(79)) - Total pipeline count is 0, pipeline's with at least one datanode reported threshold count is 0
2020-06-03 00:02:49,821 [RatisPipelineUtilsThread] ERROR pipeline.SCMPipelineManager (SCMPipelineManager.java:createPipeline(222)) - Failed to create pipeline of type RATIS and factor ONE. Exception: Cannot create pipeline of factor 1 using 0 nodes. Used 0 nodes. Healthy nodes 0
2020-06-03 00:02:50,185 [Thread-1] INFO  ipc.CallQueueManager (CallQueueManager.java:<init>(84)) - Using callQueue: class java.util.concurrent.LinkedBlockingQueue, queueCapacity: 2000, scheduler: class org.apache.hadoop.ipc.DefaultRpcScheduler, ipcBackoff: false.
2020-06-03 00:02:50,210 [Socket Reader #1 for port 0] INFO  ipc.Server (Server.java:run(1219)) - Starting Socket Reader #1 for port 0
2020-06-03 00:02:50,248 [Listener at 0.0.0.0/39029] INFO  ipc.CallQueueManager (CallQueueManager.java:<init>(84)) - Using callQueue: class java.util.concurrent.LinkedBlockingQueue, queueCapacity: 2000, scheduler: class org.apache.hadoop.ipc.DefaultRpcScheduler, ipcBackoff: false.
2020-06-03 00:02:50,250 [Socket Reader #1 for port 0] INFO  ipc.Server (Server.java:run(1219)) - Starting Socket Reader #1 for port 0
2020-06-03 00:02:50,262 [Listener at 0.0.0.0/34587] INFO  ipc.CallQueueManager (CallQueueManager.java:<init>(84)) - Using callQueue: class java.util.concurrent.LinkedBlockingQueue, queueCapacity: 2000, scheduler: class org.apache.hadoop.ipc.DefaultRpcScheduler, ipcBackoff: false.
2020-06-03 00:02:50,263 [Socket Reader #1 for port 0] INFO  ipc.Server (Server.java:run(1219)) - Starting Socket Reader #1 for port 0
2020-06-03 00:02:50,283 [Listener at 0.0.0.0/41345] INFO  http.BaseHttpServer (BaseHttpServer.java:newHttpServer2BuilderForOzone(205)) - Starting Web-server for scm at: http://0.0.0.0:0
2020-06-03 00:02:50,283 [Listener at 0.0.0.0/41345] INFO  http.BaseHttpServer (BaseHttpServer.java:<init>(106)) - Hadoop Security Enabled: false Ozone Security Enabled: false Ozone HTTP Security Enabled: false 
2020-06-03 00:02:50,316 [Listener at 0.0.0.0/41345] INFO  util.log (Log.java:initialized(169)) - Logging initialized @2472ms to org.eclipse.jetty.util.log.Slf4jLog
2020-06-03 00:02:50,451 [Listener at 0.0.0.0/41345] INFO  server.AuthenticationFilter (AuthenticationFilter.java:constructSecretProvider(240)) - Unable to initialize FileSignerSecretProvider, falling back to use random secrets.
2020-06-03 00:02:50,466 [Listener at 0.0.0.0/41345] WARN  http.HttpRequestLog (HttpRequestLog.java:getRequestLog(103)) - Jetty request log can only be enabled using Log4j
2020-06-03 00:02:50,472 [Listener at 0.0.0.0/41345] INFO  http.HttpServer2 (HttpServer2.java:addGlobalFilter(993)) - Added global filter 'safety' (class=org.apache.hadoop.hdds.server.http.HttpServer2$QuotingInputFilter)
2020-06-03 00:02:50,475 [Listener at 0.0.0.0/41345] INFO  http.HttpServer2 (HttpServer2.java:addFilter(969)) - Added filter authentication (class=org.apache.hadoop.security.authentication.server.AuthenticationFilter) to context scm
2020-06-03 00:02:50,475 [Listener at 0.0.0.0/41345] INFO  http.HttpServer2 (HttpServer2.java:addFilter(977)) - Added filter authentication (class=org.apache.hadoop.security.authentication.server.AuthenticationFilter) to context static
2020-06-03 00:02:50,475 [Listener at 0.0.0.0/41345] INFO  http.HttpServer2 (HttpServer2.java:addFilter(977)) - Added filter authentication (class=org.apache.hadoop.security.authentication.server.AuthenticationFilter) to context logs
2020-06-03 00:02:50,536 [Listener at 0.0.0.0/41345] INFO  server.StorageContainerManager (StorageContainerManager.java:start(781)) - StorageContainerLocationProtocol RPC server is listening at /0.0.0.0:41345
2020-06-03 00:02:50,606 [Listener at 0.0.0.0/41345] WARN  impl.MetricsConfig (MetricsConfig.java:loadFirst(134)) - Cannot locate configuration: tried hadoop-metrics2-storagecontainermanager.properties,hadoop-metrics2.properties
2020-06-03 00:02:50,622 [Listener at 0.0.0.0/41345] INFO  impl.MetricsSystemImpl (MetricsSystemImpl.java:startTimer(374)) - Scheduled Metric snapshot period at 10 second(s).
2020-06-03 00:02:50,622 [Listener at 0.0.0.0/41345] INFO  impl.MetricsSystemImpl (MetricsSystemImpl.java:start(191)) - StorageContainerManager metrics system started
2020-06-03 00:02:50,871 [Listener at 0.0.0.0/41345] INFO  server.SCMClientProtocolServer (SCMClientProtocolServer.java:start(157)) - RPC server for Client  is listening at /0.0.0.0:41345
2020-06-03 00:02:50,873 [IPC Server Responder] INFO  ipc.Server (Server.java:run(1460)) - IPC Server Responder: starting
2020-06-03 00:02:50,874 [IPC Server listener on 0] INFO  ipc.Server (Server.java:run(1298)) - IPC Server listener on 0: starting
2020-06-03 00:02:50,883 [Listener at 0.0.0.0/41345] INFO  server.StorageContainerManager (StorageContainerManager.java:start(793)) - ScmBlockLocationProtocol RPC server is listening at /0.0.0.0:34587
2020-06-03 00:02:50,884 [Listener at 0.0.0.0/41345] INFO  server.SCMBlockProtocolServer (SCMBlockProtocolServer.java:start(149)) - RPC server for Block Protocol is listening at /0.0.0.0:34587
2020-06-03 00:02:50,885 [IPC Server Responder] INFO  ipc.Server (Server.java:run(1460)) - IPC Server Responder: starting
2020-06-03 00:02:50,885 [IPC Server listener on 0] INFO  ipc.Server (Server.java:run(1298)) - IPC Server listener on 0: starting
2020-06-03 00:02:50,894 [Listener at 0.0.0.0/41345] INFO  server.StorageContainerManager (StorageContainerManager.java:start(799)) - ScmDatanodeProtocl RPC server is listening at /0.0.0.0:39029
2020-06-03 00:02:50,894 [Listener at 0.0.0.0/41345] INFO  server.SCMDatanodeProtocolServer (SCMDatanodeProtocolServer.java:start(172)) - RPC server for DataNodes is listening at /0.0.0.0:39029
2020-06-03 00:02:50,895 [IPC Server Responder] INFO  ipc.Server (Server.java:run(1460)) - IPC Server Responder: starting
2020-06-03 00:02:50,895 [IPC Server listener on 0] INFO  ipc.Server (Server.java:run(1298)) - IPC Server listener on 0: starting
2020-06-03 00:02:50,900 [Listener at 0.0.0.0/41345] INFO  http.HttpServer2 (HttpServer2.java:bindListener(1211)) - Jetty bound to port 43617
2020-06-03 00:02:50,902 [Listener at 0.0.0.0/41345] INFO  server.Server (Server.java:doStart(359)) - jetty-9.4.26.v20200117; built: 2020-01-17T12:35:33.676Z; git: 7b38981d25d14afb4a12ff1f2596756144edf695; jvm 1.8.0_232-b09
2020-06-03 00:02:50,939 [Listener at 0.0.0.0/41345] INFO  server.session (DefaultSessionIdManager.java:doStart(333)) - DefaultSessionIdManager workerName=node0
2020-06-03 00:02:50,939 [Listener at 0.0.0.0/41345] INFO  server.session (DefaultSessionIdManager.java:doStart(338)) - No SessionScavenger set, using defaults
2020-06-03 00:02:50,941 [Listener at 0.0.0.0/41345] INFO  server.session (HouseKeeper.java:startScavenging(140)) - node0 Scavenging every 660000ms
2020-06-03 00:02:50,956 [Listener at 0.0.0.0/41345] INFO  server.AuthenticationFilter (AuthenticationFilter.java:constructSecretProvider(240)) - Unable to initialize FileSignerSecretProvider, falling back to use random secrets.
2020-06-03 00:02:50,959 [Listener at 0.0.0.0/41345] INFO  handler.ContextHandler (ContextHandler.java:doStart(825)) - Started o.e.j.s.ServletContextHandler@747a2f12{logs,/logs,file:///github/workspace/mnt/ozone/hadoop-ozone/integration-test/target/log,AVAILABLE}
2020-06-03 00:02:50,965 [Listener at 0.0.0.0/41345] INFO  handler.ContextHandler (ContextHandler.java:doStart(825)) - Started o.e.j.s.ServletContextHandler@12c741d{static,/static,file:///github/workspace/mnt/ozone/hadoop-ozone/integration-test/target/test-classes/webapps/static,AVAILABLE}
2020-06-03 00:02:51,011 [Listener at 0.0.0.0/41345] INFO  handler.ContextHandler (ContextHandler.java:doStart(825)) - Started o.e.j.w.WebAppContext@1c683336{scm,/,file:///github/workspace/mnt/ozone/hadoop-ozone/integration-test/target/test-classes/webapps/scm/,AVAILABLE}{file:/github/workspace/mnt/ozone/hadoop-ozone/integration-test/target/test-classes/webapps/scm}
2020-06-03 00:02:51,022 [Listener at 0.0.0.0/41345] INFO  server.AbstractConnector (AbstractConnector.java:doStart(330)) - Started ServerConnector@648ce3{HTTP/1.1,[http/1.1]}{0.0.0.0:43617}
2020-06-03 00:02:51,022 [Listener at 0.0.0.0/41345] INFO  server.Server (Server.java:doStart(399)) - Started @3178ms
2020-06-03 00:02:51,025 [Listener at 0.0.0.0/41345] INFO  impl.MetricsSinkAdapter (MetricsSinkAdapter.java:start(204)) - Sink prometheus started
2020-06-03 00:02:51,025 [Listener at 0.0.0.0/41345] INFO  impl.MetricsSystemImpl (MetricsSystemImpl.java:registerSink(301)) - Registered sink prometheus
2020-06-03 00:02:51,029 [Listener at 0.0.0.0/41345] INFO  http.BaseHttpServer (BaseHttpServer.java:updateConnectorAddress(325)) - HTTP server of scm listening at http://0.0.0.0:43617
2020-06-03 00:02:51,038 [Listener at 0.0.0.0/41345] WARN  server.ServerUtils (ServerUtils.java:getDBPath(225)) - ozone.om.db.dirs is not configured. We recommend adding this setting. Falling back to ozone.metadata.dirs instead.
2020-06-03 00:02:51,045 [org.apache.hadoop.util.JvmPauseMonitor$Monitor@10b7523d] INFO  util.JvmPauseMonitor (JvmPauseMonitor.java:run(188)) - Starting JVM pause monitor
2020-06-03 00:02:51,148 [Listener at 0.0.0.0/41345] INFO  ha.OMHANodeDetails (OMHANodeDetails.java:loadOMHAConfig(104)) - ozone.om.internal.service.id is not defined, falling back to ozone.om.service.ids to find serviceID for OzoneManager if it is HA enabled cluster
2020-06-03 00:02:51,152 [Listener at 0.0.0.0/41345] INFO  ha.OMHANodeDetails (OMHANodeDetails.java:loadOMHAConfig(207)) - Configuration either no ozone.om.address set. Falling back to the default OM address /127.0.0.1:0
2020-06-03 00:02:51,152 [Listener at 0.0.0.0/41345] INFO  ha.OMHANodeDetails (OMHANodeDetails.java:getOMNodeDetails(237)) - OM Service ID is not set. Setting it to the default ID: omServiceIdDefault
2020-06-03 00:02:51,155 [Listener at 0.0.0.0/41345] WARN  server.ServerUtils (ServerUtils.java:getDBPath(225)) - ozone.om.db.dirs is not configured. We recommend adding this setting. Falling back to ozone.metadata.dirs instead.
2020-06-03 00:02:51,162 [Listener at 0.0.0.0/41345] WARN  server.ServerUtils (ServerUtils.java:getDBPath(225)) - ozone.om.db.dirs is not configured. We recommend adding this setting. Falling back to ozone.metadata.dirs instead.
2020-06-03 00:02:51,952 [Listener at 0.0.0.0/41345] WARN  server.ServerUtils (ServerUtils.java:getDBPath(225)) - ozone.om.db.dirs is not configured. We recommend adding this setting. Falling back to ozone.metadata.dirs instead.
2020-06-03 00:02:52,079 [Listener at 0.0.0.0/41345] INFO  ipc.CallQueueManager (CallQueueManager.java:<init>(84)) - Using callQueue: class java.util.concurrent.LinkedBlockingQueue, queueCapacity: 2000, scheduler: class org.apache.hadoop.ipc.DefaultRpcScheduler, ipcBackoff: false.
2020-06-03 00:02:52,081 [Socket Reader #1 for port 0] INFO  ipc.Server (Server.java:run(1219)) - Starting Socket Reader #1 for port 0
2020-06-03 00:02:52,112 [Listener at 127.0.0.1/34949] INFO  impl.MetricsSystemImpl (MetricsSystemImpl.java:init(158)) - OzoneManager metrics system started (again)
2020-06-03 00:02:52,115 [Listener at 127.0.0.1/34949] INFO  om.OzoneManager (OzoneManager.java:start(1097)) - OzoneManager RPC server is listening at localhost/127.0.0.1:34949
2020-06-03 00:02:52,136 [IPC Server Responder] INFO  ipc.Server (Server.java:run(1460)) - IPC Server Responder: starting
2020-06-03 00:02:52,137 [IPC Server listener on 0] INFO  ipc.Server (Server.java:run(1298)) - IPC Server listener on 0: starting
2020-06-03 00:02:52,146 [Listener at 127.0.0.1/34949] INFO  http.BaseHttpServer (BaseHttpServer.java:newHttpServer2BuilderForOzone(205)) - Starting Web-server for ozoneManager at: http://0.0.0.0:0
2020-06-03 00:02:52,146 [Listener at 127.0.0.1/34949] INFO  http.BaseHttpServer (BaseHttpServer.java:<init>(106)) - Hadoop Security Enabled: false Ozone Security Enabled: false Ozone HTTP Security Enabled: false 
2020-06-03 00:02:52,148 [Listener at 127.0.0.1/34949] INFO  server.AuthenticationFilter (AuthenticationFilter.java:constructSecretProvider(240)) - Unable to initialize FileSignerSecretProvider, falling back to use random secrets.
2020-06-03 00:02:52,149 [Listener at 127.0.0.1/34949] WARN  http.HttpRequestLog (HttpRequestLog.java:getRequestLog(103)) - Jetty request log can only be enabled using Log4j
2020-06-03 00:02:52,150 [Listener at 127.0.0.1/34949] INFO  http.HttpServer2 (HttpServer2.java:addGlobalFilter(993)) - Added global filter 'safety' (class=org.apache.hadoop.hdds.server.http.HttpServer2$QuotingInputFilter)
2020-06-03 00:02:52,152 [Listener at 127.0.0.1/34949] INFO  http.HttpServer2 (HttpServer2.java:addFilter(969)) - Added filter authentication (class=org.apache.hadoop.security.authentication.server.AuthenticationFilter) to context ozoneManager
2020-06-03 00:02:52,152 [Listener at 127.0.0.1/34949] INFO  http.HttpServer2 (HttpServer2.java:addFilter(977)) - Added filter authentication (class=org.apache.hadoop.security.authentication.server.AuthenticationFilter) to context logs
2020-06-03 00:02:52,152 [Listener at 127.0.0.1/34949] INFO  http.HttpServer2 (HttpServer2.java:addFilter(977)) - Added filter authentication (class=org.apache.hadoop.security.authentication.server.AuthenticationFilter) to context static
2020-06-03 00:02:52,155 [Listener at 127.0.0.1/34949] INFO  http.HttpServer2 (HttpServer2.java:bindListener(1211)) - Jetty bound to port 34359
2020-06-03 00:02:52,156 [Listener at 127.0.0.1/34949] INFO  server.Server (Server.java:doStart(359)) - jetty-9.4.26.v20200117; built: 2020-01-17T12:35:33.676Z; git: 7b38981d25d14afb4a12ff1f2596756144edf695; jvm 1.8.0_232-b09
2020-06-03 00:02:52,157 [Listener at 127.0.0.1/34949] INFO  server.session (DefaultSessionIdManager.java:doStart(333)) - DefaultSessionIdManager workerName=node0
2020-06-03 00:02:52,157 [Listener at 127.0.0.1/34949] INFO  server.session (DefaultSessionIdManager.java:doStart(338)) - No SessionScavenger set, using defaults
2020-06-03 00:02:52,158 [Listener at 127.0.0.1/34949] INFO  server.session (HouseKeeper.java:startScavenging(140)) - node0 Scavenging every 660000ms
2020-06-03 00:02:52,159 [Listener at 127.0.0.1/34949] INFO  server.AuthenticationFilter (AuthenticationFilter.java:constructSecretProvider(240)) - Unable to initialize FileSignerSecretProvider, falling back to use random secrets.
2020-06-03 00:02:52,160 [Listener at 127.0.0.1/34949] INFO  handler.ContextHandler (ContextHandler.java:doStart(825)) - Started o.e.j.s.ServletContextHandler@4645b03d{logs,/logs,file:///github/workspace/mnt/ozone/hadoop-ozone/integration-test/target/log,AVAILABLE}
2020-06-03 00:02:52,160 [Listener at 127.0.0.1/34949] INFO  handler.ContextHandler (ContextHandler.java:doStart(825)) - Started o.e.j.s.ServletContextHandler@52a24eff{static,/static,file:///github/workspace/mnt/ozone/hadoop-ozone/integration-test/target/test-classes/webapps/static,AVAILABLE}
2020-06-03 00:02:52,165 [Listener at 127.0.0.1/34949] INFO  handler.ContextHandler (ContextHandler.java:doStart(825)) - Started o.e.j.w.WebAppContext@657a5727{ozoneManager,/,file:///github/workspace/mnt/ozone/hadoop-ozone/integration-test/target/test-classes/webapps/ozoneManager/,AVAILABLE}{file:/github/workspace/mnt/ozone/hadoop-ozone/integration-test/target/test-classes/webapps/ozoneManager}
2020-06-03 00:02:52,167 [Listener at 127.0.0.1/34949] INFO  server.AbstractConnector (AbstractConnector.java:doStart(330)) - Started ServerConnector@2637346{HTTP/1.1,[http/1.1]}{0.0.0.0:34359}
2020-06-03 00:02:52,167 [Listener at 127.0.0.1/34949] INFO  server.Server (Server.java:doStart(399)) - Started @4323ms
2020-06-03 00:02:52,167 [Listener at 127.0.0.1/34949] WARN  impl.MetricsSystemImpl (MetricsSystemImpl.java:register(276)) - Sink prometheus already exists!
2020-06-03 00:02:52,172 [Listener at 127.0.0.1/34949] INFO  http.BaseHttpServer (BaseHttpServer.java:updateConnectorAddress(325)) - HTTP server of ozoneManager listening at http://0.0.0.0:34359
2020-06-03 00:02:52,182 [org.apache.hadoop.util.JvmPauseMonitor$Monitor@4df3f22c] INFO  util.JvmPauseMonitor (JvmPauseMonitor.java:run(188)) - Starting JVM pause monitor
2020-06-03 00:02:52,280 [Listener at 127.0.0.1/34949] INFO  metrics.MetricRegistries (MetricRegistriesLoader.java:load(64)) - Loaded MetricRegistries class org.apache.ratis.metrics.impl.MetricRegistriesImpl
2020-06-03 00:02:52,281 [Listener at 127.0.0.1/34949] INFO  impl.MetricsSystemImpl (MetricsSystemImpl.java:init(158)) - HddsDatanode metrics system started (again)
2020-06-03 00:02:52,285 [Listener at 127.0.0.1/34949] INFO  ozone.HddsDatanodeService (HddsDatanodeService.java:start(205)) - HddsDatanodeService host:cc5e24879e7f ip:172.17.0.2
2020-06-03 00:02:52,331 [Listener at 127.0.0.1/34949] INFO  volume.HddsVolume (HddsVolume.java:<init>(176)) - Creating Volume: /github/workspace/mnt/ozone/hadoop-ozone/integration-test/target/test-dir/MiniOzoneClusterImpl-2891061e-f66a-4d07-82f0-9ea460497148/datanode-0/data-0/containers/hdds of storage type : DISK and capacity : 9223372036854775807
2020-06-03 00:02:52,334 [Listener at 127.0.0.1/34949] INFO  volume.MutableVolumeSet (MutableVolumeSet.java:initializeVolumeSet(181)) - Added Volume : /github/workspace/mnt/ozone/hadoop-ozone/integration-test/target/test-dir/MiniOzoneClusterImpl-2891061e-f66a-4d07-82f0-9ea460497148/datanode-0/data-0/containers/hdds to VolumeSet
2020-06-03 00:02:52,335 [Listener at 127.0.0.1/34949] INFO  volume.ThrottledAsyncChecker (ThrottledAsyncChecker.java:schedule(141)) - Scheduling a check for /github/workspace/mnt/ozone/hadoop-ozone/integration-test/target/test-dir/MiniOzoneClusterImpl-2891061e-f66a-4d07-82f0-9ea460497148/datanode-0/data-0/containers/hdds
2020-06-03 00:02:52,368 [Listener at 127.0.0.1/34949] INFO  volume.HddsVolumeChecker (HddsVolumeChecker.java:checkAllVolumes(200)) - Scheduled health check for volume /github/workspace/mnt/ozone/hadoop-ozone/integration-test/target/test-dir/MiniOzoneClusterImpl-2891061e-f66a-4d07-82f0-9ea460497148/datanode-0/data-0/containers/hdds
2020-06-03 00:02:52,535 [Listener at 127.0.0.1/34949] INFO  impl.RaftServerProxy (ConfUtils.java:logGet(44)) - raft.rpc.type = GRPC (default)
2020-06-03 00:02:52,607 [Listener at 127.0.0.1/34949] INFO  grpc.GrpcFactory (GrpcFactory.java:checkPooledByteBufAllocatorUseCacheForAllThreads(45)) - PERFORMANCE WARNING: useCacheForAllThreads is true that may cause Netty to create a lot garbage objects and, as a result, trigger GC.
	It is recommended to disable useCacheForAllThreads by setting -Dorg.apache.ratis.thirdparty.io.netty.allocator.useCacheForAllThreads=false in command line.
2020-06-03 00:02:52,614 [Listener at 127.0.0.1/34949] INFO  grpc.GrpcConfigKeys (ConfUtils.java:logGet(44)) - raft.grpc.server.port = 0 (default)
2020-06-03 00:02:52,616 [Listener at 127.0.0.1/34949] INFO  server.GrpcService (ConfUtils.java:logGet(44)) - raft.grpc.message.size.max = 32MB (=33554432) (custom)
2020-06-03 00:02:52,618 [Listener at 127.0.0.1/34949] INFO  server.RaftServerConfigKeys (ConfUtils.java:logGet(44)) - raft.server.log.appender.buffer.byte-limit = 33554432 (custom)
2020-06-03 00:02:52,619 [Listener at 127.0.0.1/34949] INFO  server.GrpcService (ConfUtils.java:logGet(44)) - raft.grpc.flow.control.window = 5MB (=5242880) (custom)
2020-06-03 00:02:52,620 [Listener at 127.0.0.1/34949] INFO  server.RaftServerConfigKeys (ConfUtils.java:logGet(44)) - raft.server.rpc.request.timeout = 60s (custom)
2020-06-03 00:02:52,806 [Listener at 127.0.0.1/34949] INFO  server.RaftServerConfigKeys (ConfUtils.java:logGet(44)) - raft.server.storage.dir = [/github/workspace/mnt/ozone/hadoop-ozone/integration-test/target/test-dir/MiniOzoneClusterImpl-2891061e-f66a-4d07-82f0-9ea460497148/datanode-0/data/ratis] (custom)
2020-06-03 00:02:52,896 [Listener at 127.0.0.1/34949] INFO  http.BaseHttpServer (BaseHttpServer.java:newHttpServer2BuilderForOzone(205)) - Starting Web-server for hddsDatanode at: http://0.0.0.0:0
2020-06-03 00:02:52,898 [Listener at 127.0.0.1/34949] INFO  http.BaseHttpServer (BaseHttpServer.java:<init>(106)) - Hadoop Security Enabled: false Ozone Security Enabled: false Ozone HTTP Security Enabled: false 
2020-06-03 00:02:52,901 [Listener at 127.0.0.1/34949] INFO  server.AuthenticationFilter (AuthenticationFilter.java:constructSecretProvider(240)) - Unable to initialize FileSignerSecretProvider, falling back to use random secrets.
2020-06-03 00:02:52,901 [Listener at 127.0.0.1/34949] WARN  http.HttpRequestLog (HttpRequestLog.java:getRequestLog(103)) - Jetty request log can only be enabled using Log4j
2020-06-03 00:02:52,902 [Listener at 127.0.0.1/34949] INFO  http.HttpServer2 (HttpServer2.java:addGlobalFilter(993)) - Added global filter 'safety' (class=org.apache.hadoop.hdds.server.http.HttpServer2$QuotingInputFilter)
2020-06-03 00:02:52,903 [Listener at 127.0.0.1/34949] INFO  http.HttpServer2 (HttpServer2.java:addFilter(969)) - Added filter authentication (class=org.apache.hadoop.security.authentication.server.AuthenticationFilter) to context hddsDatanode
2020-06-03 00:02:52,904 [Listener at 127.0.0.1/34949] INFO  http.HttpServer2 (HttpServer2.java:addFilter(977)) - Added filter authentication (class=org.apache.hadoop.security.authentication.server.AuthenticationFilter) to context logs
2020-06-03 00:02:52,904 [Listener at 127.0.0.1/34949] INFO  http.HttpServer2 (HttpServer2.java:addFilter(977)) - Added filter authentication (class=org.apache.hadoop.security.authentication.server.AuthenticationFilter) to context static
2020-06-03 00:02:52,904 [Listener at 127.0.0.1/34949] INFO  http.HttpServer2 (HttpServer2.java:bindListener(1211)) - Jetty bound to port 37095
2020-06-03 00:02:52,904 [Listener at 127.0.0.1/34949] INFO  server.Server (Server.java:doStart(359)) - jetty-9.4.26.v20200117; built: 2020-01-17T12:35:33.676Z; git: 7b38981d25d14afb4a12ff1f2596756144edf695; jvm 1.8.0_232-b09
2020-06-03 00:02:52,907 [Listener at 127.0.0.1/34949] INFO  server.session (DefaultSessionIdManager.java:doStart(333)) - DefaultSessionIdManager workerName=node0
2020-06-03 00:02:52,907 [Listener at 127.0.0.1/34949] INFO  server.session (DefaultSessionIdManager.java:doStart(338)) - No SessionScavenger set, using defaults
2020-06-03 00:02:52,907 [Listener at 127.0.0.1/34949] INFO  server.session (HouseKeeper.java:startScavenging(140)) - node0 Scavenging every 600000ms
2020-06-03 00:02:52,909 [Listener at 127.0.0.1/34949] INFO  server.AuthenticationFilter (AuthenticationFilter.java:constructSecretProvider(240)) - Unable to initialize FileSignerSecretProvider, falling back to use random secrets.
2020-06-03 00:02:52,910 [Listener at 127.0.0.1/34949] INFO  handler.ContextHandler (ContextHandler.java:doStart(825)) - Started o.e.j.s.ServletContextHandler@6d9b3999{logs,/logs,file:///github/workspace/mnt/ozone/hadoop-ozone/integration-test/target/log,AVAILABLE}
2020-06-03 00:02:52,911 [Listener at 127.0.0.1/34949] INFO  handler.ContextHandler (ContextHandler.java:doStart(825)) - Started o.e.j.s.ServletContextHandler@4fd4ab79{static,/static,jar:file:/home/user/.m2/repository/org/apache/hadoop/hadoop-hdds-container-service/0.6.0-SNAPSHOT/hadoop-hdds-container-service-0.6.0-SNAPSHOT.jar!/webapps/static,AVAILABLE}
2020-06-03 00:02:52,956 [Listener at 127.0.0.1/34949] INFO  handler.ContextHandler (ContextHandler.java:doStart(825)) - Started o.e.j.w.WebAppContext@1c3055a1{hddsDatanode,/,file:///tmp/jetty-0_0_0_0-37095-hadoop-hdds-container-service-0_6_0-SNAPSHOT_jar-_-any-7178433824968406590.dir/webapp/,AVAILABLE}{jar:file:/home/user/.m2/repository/org/apache/hadoop/hadoop-hdds-container-service/0.6.0-SNAPSHOT/hadoop-hdds-container-service-0.6.0-SNAPSHOT.jar!/webapps/hddsDatanode}
2020-06-03 00:02:52,961 [Listener at 127.0.0.1/34949] INFO  server.AbstractConnector (AbstractConnector.java:doStart(330)) - Started ServerConnector@3bb7ee1b{HTTP/1.1,[http/1.1]}{0.0.0.0:37095}
2020-06-03 00:02:52,962 [Listener at 127.0.0.1/34949] INFO  server.Server (Server.java:doStart(399)) - Started @5117ms
2020-06-03 00:02:52,963 [Listener at 127.0.0.1/34949] WARN  impl.MetricsSystemImpl (MetricsSystemImpl.java:register(276)) - Sink prometheus already exists!
2020-06-03 00:02:52,970 [Listener at 127.0.0.1/34949] INFO  http.BaseHttpServer (BaseHttpServer.java:updateConnectorAddress(325)) - HTTP server of hddsDatanode listening at http://0.0.0.0:37095
2020-06-03 00:02:52,971 [Listener at 127.0.0.1/34949] INFO  impl.MetricsSystemImpl (MetricsSystemImpl.java:init(158)) - HddsDatanode metrics system started (again)
2020-06-03 00:02:52,972 [Listener at 127.0.0.1/34949] INFO  ozone.HddsDatanodeService (HddsDatanodeService.java:start(205)) - HddsDatanodeService host:cc5e24879e7f ip:172.17.0.2
2020-06-03 00:02:52,977 [Listener at 127.0.0.1/34949] INFO  volume.HddsVolume (HddsVolume.java:<init>(176)) - Creating Volume: /github/workspace/mnt/ozone/hadoop-ozone/integration-test/target/test-dir/MiniOzoneClusterImpl-2891061e-f66a-4d07-82f0-9ea460497148/datanode-1/data-0/containers/hdds of storage type : DISK and capacity : 9223372036854775807
2020-06-03 00:02:52,977 [Listener at 127.0.0.1/34949] INFO  volume.MutableVolumeSet (MutableVolumeSet.java:initializeVolumeSet(181)) - Added Volume : /github/workspace/mnt/ozone/hadoop-ozone/integration-test/target/test-dir/MiniOzoneClusterImpl-2891061e-f66a-4d07-82f0-9ea460497148/datanode-1/data-0/containers/hdds to VolumeSet
2020-06-03 00:02:52,977 [Listener at 127.0.0.1/34949] INFO  volume.ThrottledAsyncChecker (ThrottledAsyncChecker.java:schedule(141)) - Scheduling a check for /github/workspace/mnt/ozone/hadoop-ozone/integration-test/target/test-dir/MiniOzoneClusterImpl-2891061e-f66a-4d07-82f0-9ea460497148/datanode-1/data-0/containers/hdds
2020-06-03 00:02:52,978 [Listener at 127.0.0.1/34949] INFO  volume.HddsVolumeChecker (HddsVolumeChecker.java:checkAllVolumes(200)) - Scheduled health check for volume /github/workspace/mnt/ozone/hadoop-ozone/integration-test/target/test-dir/MiniOzoneClusterImpl-2891061e-f66a-4d07-82f0-9ea460497148/datanode-1/data-0/containers/hdds
2020-06-03 00:02:53,014 [org.apache.hadoop.util.JvmPauseMonitor$Monitor@351c615d] INFO  util.JvmPauseMonitor (JvmPauseMonitor.java:run(188)) - Starting JVM pause monitor
2020-06-03 00:02:53,017 [Listener at 127.0.0.1/34949] INFO  impl.RaftServerProxy (ConfUtils.java:logGet(44)) - raft.rpc.type = GRPC (default)
2020-06-03 00:02:53,017 [Listener at 127.0.0.1/34949] INFO  grpc.GrpcFactory (GrpcFactory.java:checkPooledByteBufAllocatorUseCacheForAllThreads(45)) - PERFORMANCE WARNING: useCacheForAllThreads is true that may cause Netty to create a lot garbage objects and, as a result, trigger GC.
	It is recommended to disable useCacheForAllThreads by setting -Dorg.apache.ratis.thirdparty.io.netty.allocator.useCacheForAllThreads=false in command line.
2020-06-03 00:02:53,017 [Listener at 127.0.0.1/34949] INFO  grpc.GrpcConfigKeys (ConfUtils.java:logGet(44)) - raft.grpc.server.port = 0 (default)
2020-06-03 00:02:53,018 [Listener at 127.0.0.1/34949] INFO  server.GrpcService (ConfUtils.java:logGet(44)) - raft.grpc.message.size.max = 32MB (=33554432) (custom)
2020-06-03 00:02:53,018 [Listener at 127.0.0.1/34949] INFO  server.RaftServerConfigKeys (ConfUtils.java:logGet(44)) - raft.server.log.appender.buffer.byte-limit = 33554432 (custom)
2020-06-03 00:02:53,018 [Listener at 127.0.0.1/34949] INFO  server.GrpcService (ConfUtils.java:logGet(44)) - raft.grpc.flow.control.window = 5MB (=5242880) (custom)
2020-06-03 00:02:53,018 [Listener at 127.0.0.1/34949] INFO  server.RaftServerConfigKeys (ConfUtils.java:logGet(44)) - raft.server.rpc.request.timeout = 60s (custom)
2020-06-03 00:02:53,019 [Listener at 127.0.0.1/34949] INFO  server.RaftServerConfigKeys (ConfUtils.java:logGet(44)) - raft.server.storage.dir = [/github/workspace/mnt/ozone/hadoop-ozone/integration-test/target/test-dir/MiniOzoneClusterImpl-2891061e-f66a-4d07-82f0-9ea460497148/datanode-1/data/ratis] (custom)
2020-06-03 00:02:53,028 [Listener at 127.0.0.1/34949] INFO  http.BaseHttpServer (BaseHttpServer.java:newHttpServer2BuilderForOzone(205)) - Starting Web-server for hddsDatanode at: http://0.0.0.0:0
2020-06-03 00:02:53,028 [Listener at 127.0.0.1/34949] INFO  http.BaseHttpServer (BaseHttpServer.java:<init>(106)) - Hadoop Security Enabled: false Ozone Security Enabled: false Ozone HTTP Security Enabled: false 
2020-06-03 00:02:53,030 [Listener at 127.0.0.1/34949] INFO  server.AuthenticationFilter (AuthenticationFilter.java:constructSecretProvider(240)) - Unable to initialize FileSignerSecretProvider, falling back to use random secrets.
2020-06-03 00:02:53,037 [Listener at 127.0.0.1/34949] WARN  http.HttpRequestLog (HttpRequestLog.java:getRequestLog(103)) - Jetty request log can only be enabled using Log4j
2020-06-03 00:02:53,064 [Listener at 127.0.0.1/34949] INFO  http.HttpServer2 (HttpServer2.java:addGlobalFilter(993)) - Added global filter 'safety' (class=org.apache.hadoop.hdds.server.http.HttpServer2$QuotingInputFilter)
2020-06-03 00:02:53,065 [Listener at 127.0.0.1/34949] INFO  http.HttpServer2 (HttpServer2.java:addFilter(969)) - Added filter authentication (class=org.apache.hadoop.security.authentication.server.AuthenticationFilter) to context hddsDatanode
2020-06-03 00:02:53,066 [Listener at 127.0.0.1/34949] INFO  http.HttpServer2 (HttpServer2.java:addFilter(977)) - Added filter authentication (class=org.apache.hadoop.security.authentication.server.AuthenticationFilter) to context static
2020-06-03 00:02:53,066 [Listener at 127.0.0.1/34949] INFO  http.HttpServer2 (HttpServer2.java:addFilter(977)) - Added filter authentication (class=org.apache.hadoop.security.authentication.server.AuthenticationFilter) to context logs
2020-06-03 00:02:53,066 [Listener at 127.0.0.1/34949] INFO  http.HttpServer2 (HttpServer2.java:bindListener(1211)) - Jetty bound to port 42885
2020-06-03 00:02:53,066 [Listener at 127.0.0.1/34949] INFO  server.Server (Server.java:doStart(359)) - jetty-9.4.26.v20200117; built: 2020-01-17T12:35:33.676Z; git: 7b38981d25d14afb4a12ff1f2596756144edf695; jvm 1.8.0_232-b09
2020-06-03 00:02:53,101 [Listener at 127.0.0.1/34949] INFO  server.session (DefaultSessionIdManager.java:doStart(333)) - DefaultSessionIdManager workerName=node0
2020-06-03 00:02:53,101 [Listener at 127.0.0.1/34949] INFO  server.session (DefaultSessionIdManager.java:doStart(338)) - No SessionScavenger set, using defaults
2020-06-03 00:02:53,101 [Listener at 127.0.0.1/34949] INFO  server.session (HouseKeeper.java:startScavenging(140)) - node0 Scavenging every 600000ms
2020-06-03 00:02:53,114 [Listener at 127.0.0.1/34949] INFO  server.AuthenticationFilter (AuthenticationFilter.java:constructSecretProvider(240)) - Unable to initialize FileSignerSecretProvider, falling back to use random secrets.
2020-06-03 00:02:53,117 [Listener at 127.0.0.1/34949] INFO  handler.ContextHandler (ContextHandler.java:doStart(825)) - Started o.e.j.s.ServletContextHandler@6a638b6e{logs,/logs,file:///github/workspace/mnt/ozone/hadoop-ozone/integration-test/target/log,AVAILABLE}
2020-06-03 00:02:53,118 [Listener at 127.0.0.1/34949] INFO  handler.ContextHandler (ContextHandler.java:doStart(825)) - Started o.e.j.s.ServletContextHandler@3f8a2f9{static,/static,jar:file:/home/user/.m2/repository/org/apache/hadoop/hadoop-hdds-container-service/0.6.0-SNAPSHOT/hadoop-hdds-container-service-0.6.0-SNAPSHOT.jar!/webapps/static,AVAILABLE}
2020-06-03 00:02:53,171 [Listener at 127.0.0.1/34949] INFO  handler.ContextHandler (ContextHandler.java:doStart(825)) - Started o.e.j.w.WebAppContext@6616a27{hddsDatanode,/,file:///tmp/jetty-0_0_0_0-42885-hadoop-hdds-container-service-0_6_0-SNAPSHOT_jar-_-any-5922816040545801949.dir/webapp/,AVAILABLE}{jar:file:/home/user/.m2/repository/org/apache/hadoop/hadoop-hdds-container-service/0.6.0-SNAPSHOT/hadoop-hdds-container-service-0.6.0-SNAPSHOT.jar!/webapps/hddsDatanode}
2020-06-03 00:02:53,180 [Listener at 127.0.0.1/34949] INFO  server.AbstractConnector (AbstractConnector.java:doStart(330)) - Started ServerConnector@5b4be568{HTTP/1.1,[http/1.1]}{0.0.0.0:42885}
2020-06-03 00:02:53,180 [Listener at 127.0.0.1/34949] INFO  server.Server (Server.java:doStart(399)) - Started @5336ms
2020-06-03 00:02:53,181 [Listener at 127.0.0.1/34949] WARN  impl.MetricsSystemImpl (MetricsSystemImpl.java:register(276)) - Sink prometheus already exists!
2020-06-03 00:02:53,186 [Datanode State Machine Thread - 0] INFO  datanode.InitDatanodeState (InitDatanodeState.java:persistContainerDatanodeDetails(145)) - DatanodeDetails is persisted to /github/workspace/mnt/ozone/hadoop-ozone/integration-test/target/test-dir/MiniOzoneClusterImpl-2891061e-f66a-4d07-82f0-9ea460497148/datanode-0/meta/datanode.id
2020-06-03 00:02:53,187 [Listener at 127.0.0.1/34949] INFO  http.BaseHttpServer (BaseHttpServer.java:updateConnectorAddress(325)) - HTTP server of hddsDatanode listening at http://0.0.0.0:42885
2020-06-03 00:02:53,188 [Listener at 127.0.0.1/34949] INFO  impl.MetricsSystemImpl (MetricsSystemImpl.java:init(158)) - HddsDatanode metrics system started (again)
2020-06-03 00:02:53,190 [Listener at 127.0.0.1/34949] INFO  ozone.HddsDatanodeService (HddsDatanodeService.java:start(205)) - HddsDatanodeService host:cc5e24879e7f ip:172.17.0.2
2020-06-03 00:02:53,206 [Listener at 127.0.0.1/34949] INFO  volume.HddsVolume (HddsVolume.java:<init>(176)) - Creating Volume: /github/workspace/mnt/ozone/hadoop-ozone/integration-test/target/test-dir/MiniOzoneClusterImpl-2891061e-f66a-4d07-82f0-9ea460497148/datanode-2/data-0/containers/hdds of storage type : DISK and capacity : 9223372036854775807
2020-06-03 00:02:53,206 [Listener at 127.0.0.1/34949] INFO  volume.MutableVolumeSet (MutableVolumeSet.java:initializeVolumeSet(181)) - Added Volume : /github/workspace/mnt/ozone/hadoop-ozone/integration-test/target/test-dir/MiniOzoneClusterImpl-2891061e-f66a-4d07-82f0-9ea460497148/datanode-2/data-0/containers/hdds to VolumeSet
2020-06-03 00:02:53,206 [Listener at 127.0.0.1/34949] INFO  volume.ThrottledAsyncChecker (ThrottledAsyncChecker.java:schedule(141)) - Scheduling a check for /github/workspace/mnt/ozone/hadoop-ozone/integration-test/target/test-dir/MiniOzoneClusterImpl-2891061e-f66a-4d07-82f0-9ea460497148/datanode-2/data-0/containers/hdds
2020-06-03 00:02:53,213 [org.apache.hadoop.util.JvmPauseMonitor$Monitor@61b94e62] INFO  util.JvmPauseMonitor (JvmPauseMonitor.java:run(188)) - Starting JVM pause monitor
2020-06-03 00:02:53,226 [Datanode State Machine Thread - 0] INFO  datanode.InitDatanodeState (InitDatanodeState.java:persistContainerDatanodeDetails(145)) - DatanodeDetails is persisted to /github/workspace/mnt/ozone/hadoop-ozone/integration-test/target/test-dir/MiniOzoneClusterImpl-2891061e-f66a-4d07-82f0-9ea460497148/datanode-1/meta/datanode.id
2020-06-03 00:02:53,227 [Listener at 127.0.0.1/34949] INFO  volume.HddsVolumeChecker (HddsVolumeChecker.java:checkAllVolumes(200)) - Scheduled health check for volume /github/workspace/mnt/ozone/hadoop-ozone/integration-test/target/test-dir/MiniOzoneClusterImpl-2891061e-f66a-4d07-82f0-9ea460497148/datanode-2/data-0/containers/hdds
2020-06-03 00:02:53,245 [Listener at 127.0.0.1/34949] INFO  impl.RaftServerProxy (ConfUtils.java:logGet(44)) - raft.rpc.type = GRPC (default)
2020-06-03 00:02:53,245 [Listener at 127.0.0.1/34949] INFO  grpc.GrpcFactory (GrpcFactory.java:checkPooledByteBufAllocatorUseCacheForAllThreads(45)) - PERFORMANCE WARNING: useCacheForAllThreads is true that may cause Netty to create a lot garbage objects and, as a result, trigger GC.
	It is recommended to disable useCacheForAllThreads by setting -Dorg.apache.ratis.thirdparty.io.netty.allocator.useCacheForAllThreads=false in command line.
2020-06-03 00:02:53,245 [Listener at 127.0.0.1/34949] INFO  grpc.GrpcConfigKeys (ConfUtils.java:logGet(44)) - raft.grpc.server.port = 0 (default)
2020-06-03 00:02:53,245 [Listener at 127.0.0.1/34949] INFO  server.GrpcService (ConfUtils.java:logGet(44)) - raft.grpc.message.size.max = 32MB (=33554432) (custom)
2020-06-03 00:02:53,245 [Listener at 127.0.0.1/34949] INFO  server.RaftServerConfigKeys (ConfUtils.java:logGet(44)) - raft.server.log.appender.buffer.byte-limit = 33554432 (custom)
2020-06-03 00:02:53,246 [Listener at 127.0.0.1/34949] INFO  server.GrpcService (ConfUtils.java:logGet(44)) - raft.grpc.flow.control.window = 5MB (=5242880) (custom)
2020-06-03 00:02:53,246 [Listener at 127.0.0.1/34949] INFO  server.RaftServerConfigKeys (ConfUtils.java:logGet(44)) - raft.server.rpc.request.timeout = 60s (custom)
2020-06-03 00:02:53,247 [Listener at 127.0.0.1/34949] INFO  server.RaftServerConfigKeys (ConfUtils.java:logGet(44)) - raft.server.storage.dir = [/github/workspace/mnt/ozone/hadoop-ozone/integration-test/target/test-dir/MiniOzoneClusterImpl-2891061e-f66a-4d07-82f0-9ea460497148/datanode-2/data/ratis] (custom)
2020-06-03 00:02:53,253 [Listener at 127.0.0.1/34949] INFO  http.BaseHttpServer (BaseHttpServer.java:newHttpServer2BuilderForOzone(205)) - Starting Web-server for hddsDatanode at: http://0.0.0.0:0
2020-06-03 00:02:53,253 [Listener at 127.0.0.1/34949] INFO  http.BaseHttpServer (BaseHttpServer.java:<init>(106)) - Hadoop Security Enabled: false Ozone Security Enabled: false Ozone HTTP Security Enabled: false 
2020-06-03 00:02:53,254 [Listener at 127.0.0.1/34949] INFO  server.AuthenticationFilter (AuthenticationFilter.java:constructSecretProvider(240)) - Unable to initialize FileSignerSecretProvider, falling back to use random secrets.
2020-06-03 00:02:53,255 [Listener at 127.0.0.1/34949] WARN  http.HttpRequestLog (HttpRequestLog.java:getRequestLog(103)) - Jetty request log can only be enabled using Log4j
2020-06-03 00:02:53,256 [Listener at 127.0.0.1/34949] INFO  http.HttpServer2 (HttpServer2.java:addGlobalFilter(993)) - Added global filter 'safety' (class=org.apache.hadoop.hdds.server.http.HttpServer2$QuotingInputFilter)
2020-06-03 00:02:53,257 [Listener at 127.0.0.1/34949] INFO  http.HttpServer2 (HttpServer2.java:addFilter(969)) - Added filter authentication (class=org.apache.hadoop.security.authentication.server.AuthenticationFilter) to context hddsDatanode
2020-06-03 00:02:53,257 [Listener at 127.0.0.1/34949] INFO  http.HttpServer2 (HttpServer2.java:addFilter(977)) - Added filter authentication (class=org.apache.hadoop.security.authentication.server.AuthenticationFilter) to context static
2020-06-03 00:02:53,257 [Listener at 127.0.0.1/34949] INFO  http.HttpServer2 (HttpServer2.java:addFilter(977)) - Added filter authentication (class=org.apache.hadoop.security.authentication.server.AuthenticationFilter) to context logs
2020-06-03 00:02:53,258 [Listener at 127.0.0.1/34949] INFO  http.HttpServer2 (HttpServer2.java:bindListener(1211)) - Jetty bound to port 40629
2020-06-03 00:02:53,258 [Listener at 127.0.0.1/34949] INFO  server.Server (Server.java:doStart(359)) - jetty-9.4.26.v20200117; built: 2020-01-17T12:35:33.676Z; git: 7b38981d25d14afb4a12ff1f2596756144edf695; jvm 1.8.0_232-b09
2020-06-03 00:02:53,260 [Listener at 127.0.0.1/34949] INFO  server.session (DefaultSessionIdManager.java:doStart(333)) - DefaultSessionIdManager workerName=node0
2020-06-03 00:02:53,260 [Listener at 127.0.0.1/34949] INFO  server.session (DefaultSessionIdManager.java:doStart(338)) - No SessionScavenger set, using defaults
2020-06-03 00:02:53,260 [Listener at 127.0.0.1/34949] INFO  server.session (HouseKeeper.java:startScavenging(140)) - node0 Scavenging every 660000ms
2020-06-03 00:02:53,262 [Listener at 127.0.0.1/34949] INFO  server.AuthenticationFilter (AuthenticationFilter.java:constructSecretProvider(240)) - Unable to initialize FileSignerSecretProvider, falling back to use random secrets.
2020-06-03 00:02:53,262 [Listener at 127.0.0.1/34949] INFO  handler.ContextHandler (ContextHandler.java:doStart(825)) - Started o.e.j.s.ServletContextHandler@4be82bd5{logs,/logs,file:///github/workspace/mnt/ozone/hadoop-ozone/integration-test/target/log,AVAILABLE}
2020-06-03 00:02:53,263 [Listener at 127.0.0.1/34949] INFO  handler.ContextHandler (ContextHandler.java:doStart(825)) - Started o.e.j.s.ServletContextHandler@52395211{static,/static,jar:file:/home/user/.m2/repository/org/apache/hadoop/hadoop-hdds-container-service/0.6.0-SNAPSHOT/hadoop-hdds-container-service-0.6.0-SNAPSHOT.jar!/webapps/static,AVAILABLE}
2020-06-03 00:02:53,292 [Listener at 127.0.0.1/34949] INFO  handler.ContextHandler (ContextHandler.java:doStart(825)) - Started o.e.j.w.WebAppContext@7e18f319{hddsDatanode,/,file:///tmp/jetty-0_0_0_0-40629-hadoop-hdds-container-service-0_6_0-SNAPSHOT_jar-_-any-283699435663521120.dir/webapp/,AVAILABLE}{jar:file:/home/user/.m2/repository/org/apache/hadoop/hadoop-hdds-container-service/0.6.0-SNAPSHOT/hadoop-hdds-container-service-0.6.0-SNAPSHOT.jar!/webapps/hddsDatanode}
2020-06-03 00:02:53,295 [Listener at 127.0.0.1/34949] INFO  server.AbstractConnector (AbstractConnector.java:doStart(330)) - Started ServerConnector@4f32e06b{HTTP/1.1,[http/1.1]}{0.0.0.0:40629}
2020-06-03 00:02:53,295 [Listener at 127.0.0.1/34949] INFO  server.Server (Server.java:doStart(399)) - Started @5451ms
2020-06-03 00:02:53,295 [Listener at 127.0.0.1/34949] WARN  impl.MetricsSystemImpl (MetricsSystemImpl.java:register(276)) - Sink prometheus already exists!
2020-06-03 00:02:53,299 [Listener at 127.0.0.1/34949] INFO  http.BaseHttpServer (BaseHttpServer.java:updateConnectorAddress(325)) - HTTP server of hddsDatanode listening at http://0.0.0.0:40629
2020-06-03 00:02:53,300 [Listener at 127.0.0.1/34949] INFO  ozone.MiniOzoneClusterImpl (MiniOzoneClusterImpl.java:lambda$waitForClusterToBeReady$0(177)) - Waiting for nodes to be ready. Got 0 of 3 DN Heartbeats.
2020-06-03 00:02:53,300 [Listener at 127.0.0.1/34949] INFO  ozone.MiniOzoneClusterImpl (MiniOzoneClusterImpl.java:lambda$waitForClusterToBeReady$0(180)) - Waiting for cluster to exit safe mode
2020-06-03 00:02:53,317 [org.apache.hadoop.util.JvmPauseMonitor$Monitor@48fc8b17] INFO  util.JvmPauseMonitor (JvmPauseMonitor.java:run(188)) - Starting JVM pause monitor
2020-06-03 00:02:53,321 [Datanode State Machine Thread - 0] INFO  datanode.InitDatanodeState (InitDatanodeState.java:persistContainerDatanodeDetails(145)) - DatanodeDetails is persisted to /github/workspace/mnt/ozone/hadoop-ozone/integration-test/target/test-dir/MiniOzoneClusterImpl-2891061e-f66a-4d07-82f0-9ea460497148/datanode-2/meta/datanode.id
2020-06-03 00:02:54,300 [Listener at 127.0.0.1/34949] INFO  ozone.MiniOzoneClusterImpl (MiniOzoneClusterImpl.java:lambda$waitForClusterToBeReady$0(177)) - Waiting for nodes to be ready. Got 0 of 3 DN Heartbeats.
2020-06-03 00:02:54,301 [Listener at 127.0.0.1/34949] INFO  ozone.MiniOzoneClusterImpl (MiniOzoneClusterImpl.java:lambda$waitForClusterToBeReady$0(180)) - Waiting for cluster to exit safe mode
2020-06-03 00:02:55,083 [Datanode State Machine Thread - 0] INFO  ozoneimpl.OzoneContainer (OzoneContainer.java:start(232)) - Attempting to start container services.
2020-06-03 00:02:55,084 [Datanode State Machine Thread - 0] INFO  ozoneimpl.OzoneContainer (OzoneContainer.java:startContainerScrub(196)) - Background container scanner has been disabled.
2020-06-03 00:02:55,084 [Datanode State Machine Thread - 0] INFO  ratis.XceiverServerRatis (XceiverServerRatis.java:start(425)) - Starting XceiverServerRatis 4ecdb7ad-88a9-4051-a4a3-f69c6359d27c at port 0
2020-06-03 00:02:55,099 [Datanode State Machine Thread - 0] INFO  impl.RaftServerProxy (RaftServerProxy.java:lambda$start$3(299)) - 4ecdb7ad-88a9-4051-a4a3-f69c6359d27c: start RPC server
2020-06-03 00:02:55,157 [Datanode State Machine Thread - 0] INFO  server.GrpcService (GrpcService.java:startImpl(159)) - 4ecdb7ad-88a9-4051-a4a3-f69c6359d27c: GrpcService started, listening on 0.0.0.0/0.0.0.0:35639
2020-06-03 00:02:55,157 [Datanode State Machine Thread - 0] INFO  ratis.XceiverServerRatis (XceiverServerRatis.java:start(437)) - XceiverServerRatis 4ecdb7ad-88a9-4051-a4a3-f69c6359d27c is started using port 35639
2020-06-03 00:02:55,164 [Datanode State Machine Thread - 0] INFO  server.XceiverServerGrpc (XceiverServerGrpc.java:start(145)) - XceiverServerGrpc 4ecdb7ad-88a9-4051-a4a3-f69c6359d27c is started using port 41635
2020-06-03 00:02:55,220 [Datanode State Machine Thread - 0] INFO  ozoneimpl.OzoneContainer (OzoneContainer.java:start(232)) - Attempting to start container services.
2020-06-03 00:02:55,222 [Datanode State Machine Thread - 0] INFO  ozoneimpl.OzoneContainer (OzoneContainer.java:startContainerScrub(196)) - Background container scanner has been disabled.
2020-06-03 00:02:55,223 [Datanode State Machine Thread - 0] INFO  ratis.XceiverServerRatis (XceiverServerRatis.java:start(425)) - Starting XceiverServerRatis 262b2920-3aae-4e8c-af14-6dfd37806d4c at port 0
2020-06-03 00:02:55,224 [Datanode State Machine Thread - 0] INFO  impl.RaftServerProxy (RaftServerProxy.java:lambda$start$3(299)) - 262b2920-3aae-4e8c-af14-6dfd37806d4c: start RPC server
2020-06-03 00:02:55,232 [Datanode State Machine Thread - 0] INFO  server.GrpcService (GrpcService.java:startImpl(159)) - 262b2920-3aae-4e8c-af14-6dfd37806d4c: GrpcService started, listening on 0.0.0.0/0.0.0.0:43381
2020-06-03 00:02:55,232 [Datanode State Machine Thread - 0] INFO  ratis.XceiverServerRatis (XceiverServerRatis.java:start(437)) - XceiverServerRatis 262b2920-3aae-4e8c-af14-6dfd37806d4c is started using port 43381
2020-06-03 00:02:55,235 [Datanode State Machine Thread - 0] INFO  server.XceiverServerGrpc (XceiverServerGrpc.java:start(145)) - XceiverServerGrpc 262b2920-3aae-4e8c-af14-6dfd37806d4c is started using port 42657
2020-06-03 00:02:55,301 [Listener at 127.0.0.1/34949] INFO  ozone.MiniOzoneClusterImpl (MiniOzoneClusterImpl.java:lambda$waitForClusterToBeReady$0(177)) - Waiting for nodes to be ready. Got 0 of 3 DN Heartbeats.
2020-06-03 00:02:55,301 [Listener at 127.0.0.1/34949] INFO  ozone.MiniOzoneClusterImpl (MiniOzoneClusterImpl.java:lambda$waitForClusterToBeReady$0(180)) - Waiting for cluster to exit safe mode
2020-06-03 00:02:55,322 [Datanode State Machine Thread - 0] INFO  ozoneimpl.OzoneContainer (OzoneContainer.java:start(232)) - Attempting to start container services.
2020-06-03 00:02:55,322 [Datanode State Machine Thread - 0] INFO  ozoneimpl.OzoneContainer (OzoneContainer.java:startContainerScrub(196)) - Background container scanner has been disabled.
2020-06-03 00:02:55,322 [Datanode State Machine Thread - 0] INFO  ratis.XceiverServerRatis (XceiverServerRatis.java:start(425)) - Starting XceiverServerRatis cd73b8fa-ccfa-4b6e-9476-e967e85a58c5 at port 0
2020-06-03 00:02:55,324 [Datanode State Machine Thread - 0] INFO  impl.RaftServerProxy (RaftServerProxy.java:lambda$start$3(299)) - cd73b8fa-ccfa-4b6e-9476-e967e85a58c5: start RPC server
2020-06-03 00:02:55,335 [Datanode State Machine Thread - 0] INFO  server.GrpcService (GrpcService.java:startImpl(159)) - cd73b8fa-ccfa-4b6e-9476-e967e85a58c5: GrpcService started, listening on 0.0.0.0/0.0.0.0:43271
2020-06-03 00:02:55,335 [Datanode State Machine Thread - 0] INFO  ratis.XceiverServerRatis (XceiverServerRatis.java:start(437)) - XceiverServerRatis cd73b8fa-ccfa-4b6e-9476-e967e85a58c5 is started using port 43271
2020-06-03 00:02:55,337 [Datanode State Machine Thread - 0] INFO  server.XceiverServerGrpc (XceiverServerGrpc.java:start(145)) - XceiverServerGrpc cd73b8fa-ccfa-4b6e-9476-e967e85a58c5 is started using port 43267
2020-06-03 00:02:56,302 [Listener at 127.0.0.1/34949] INFO  ozone.MiniOzoneClusterImpl (MiniOzoneClusterImpl.java:lambda$waitForClusterToBeReady$0(177)) - Waiting for nodes to be ready. Got 0 of 3 DN Heartbeats.
2020-06-03 00:02:56,302 [Listener at 127.0.0.1/34949] INFO  ozone.MiniOzoneClusterImpl (MiniOzoneClusterImpl.java:lambda$waitForClusterToBeReady$0(180)) - Waiting for cluster to exit safe mode
2020-06-03 00:02:57,037 [IPC Server handler 0 on default port 39029] INFO  net.NetworkTopology (NetworkTopologyImpl.java:add(111)) - Added a new node: /default-rack/4ecdb7ad-88a9-4051-a4a3-f69c6359d27c
2020-06-03 00:02:57,037 [IPC Server handler 0 on default port 39029] INFO  node.SCMNodeManager (SCMNodeManager.java:register(268)) - Registered Data node : 4ecdb7ad-88a9-4051-a4a3-f69c6359d27c{ip: 172.17.0.2, host: cc5e24879e7f, networkLocation: /default-rack, certSerialId: null}
2020-06-03 00:02:57,042 [EventQueue-NodeRegistrationContainerReportForContainerSafeModeRule] INFO  safemode.SCMSafeModeManager (SCMSafeModeManager.java:validateSafeModeExitRules(213)) - ContainerSafeModeRule rule is successfully validated
2020-06-03 00:02:57,043 [EventQueue-NodeRegistrationContainerReportForDataNodeSafeModeRule] INFO  safemode.SCMSafeModeManager (DataNodeSafeModeRule.java:process(71)) - SCM in safe mode. 1 DataNodes registered, 1 required.
2020-06-03 00:02:57,043 [EventQueue-NodeRegistrationContainerReportForDataNodeSafeModeRule] INFO  safemode.SCMSafeModeManager (SCMSafeModeManager.java:validateSafeModeExitRules(213)) - DataNodeSafeModeRule rule is successfully validated
2020-06-03 00:02:57,043 [EventQueue-NodeRegistrationContainerReportForDataNodeSafeModeRule] INFO  safemode.SCMSafeModeManager (SCMSafeModeManager.java:completePreCheck(241)) - All SCM safe mode pre check rules have passed
2020-06-03 00:02:57,054 [RatisPipelineUtilsThread] INFO  pipeline.RatisPipelineProvider (RatisPipelineProvider.java:lambda$create$0(138)) - Sending CreatePipelineCommand for pipeline:PipelineID=5c451087-fc96-4dd9-a75a-669da4da438d to datanode:4ecdb7ad-88a9-4051-a4a3-f69c6359d27c
2020-06-03 00:02:57,068 [RatisPipelineUtilsThread] INFO  pipeline.PipelineStateManager (PipelineStateManager.java:addPipeline(54)) - Created pipeline Pipeline[ Id: 5c451087-fc96-4dd9-a75a-669da4da438d, Nodes: 4ecdb7ad-88a9-4051-a4a3-f69c6359d27c{ip: 172.17.0.2, host: cc5e24879e7f, networkLocation: /default-rack, certSerialId: null}, Type:RATIS, Factor:ONE, State:ALLOCATED, leaderId:null, CreationTimestamp2020-06-03T00:02:57.048Z]
2020-06-03 00:02:57,071 [RatisPipelineUtilsThread] ERROR pipeline.SCMPipelineManager (SCMPipelineManager.java:createPipeline(222)) - Failed to create pipeline of type RATIS and factor ONE. Exception: Cannot create pipeline of factor 1 using 0 nodes. Used 1 nodes. Healthy nodes 1
2020-06-03 00:02:57,071 [RatisPipelineUtilsThread] WARN  pipeline.PipelinePlacementPolicy (PipelinePlacementPolicy.java:filterViableNodes(133)) - Pipeline creation failed due to no sufficient healthy datanodes. Required 3. Found 1.
2020-06-03 00:02:57,071 [RatisPipelineUtilsThread] ERROR pipeline.SCMPipelineManager (SCMPipelineManager.java:createPipeline(222)) - Failed to create pipeline of type RATIS and factor THREE. Exception: Pipeline creation failed due to no sufficient healthy datanodes. Required 3. Found 1.
2020-06-03 00:02:57,215 [IPC Server handler 1 on default port 39029] INFO  net.NetworkTopology (NetworkTopologyImpl.java:add(111)) - Added a new node: /default-rack/262b2920-3aae-4e8c-af14-6dfd37806d4c
2020-06-03 00:02:57,216 [IPC Server handler 1 on default port 39029] INFO  node.SCMNodeManager (SCMNodeManager.java:register(268)) - Registered Data node : 262b2920-3aae-4e8c-af14-6dfd37806d4c{ip: 172.17.0.2, host: cc5e24879e7f, networkLocation: /default-rack, certSerialId: null}
2020-06-03 00:02:57,216 [EventQueue-NodeRegistrationContainerReportForContainerSafeModeRule] INFO  safemode.SCMSafeModeManager (SCMSafeModeManager.java:validateSafeModeExitRules(213)) - ContainerSafeModeRule rule is successfully validated
2020-06-03 00:02:57,216 [EventQueue-NodeRegistrationContainerReportForDataNodeSafeModeRule] INFO  safemode.SCMSafeModeManager (SCMSafeModeManager.java:validateSafeModeExitRules(213)) - DataNodeSafeModeRule rule is successfully validated
2020-06-03 00:02:57,218 [RatisPipelineUtilsThread] INFO  pipeline.RatisPipelineProvider (RatisPipelineProvider.java:lambda$create$0(138)) - Sending CreatePipelineCommand for pipeline:PipelineID=892b8947-3d86-43fe-a97f-d0c1e50e0a2f to datanode:262b2920-3aae-4e8c-af14-6dfd37806d4c
2020-06-03 00:02:57,218 [RatisPipelineUtilsThread] INFO  pipeline.PipelineStateManager (PipelineStateManager.java:addPipeline(54)) - Created pipeline Pipeline[ Id: 892b8947-3d86-43fe-a97f-d0c1e50e0a2f, Nodes: 262b2920-3aae-4e8c-af14-6dfd37806d4c{ip: 172.17.0.2, host: cc5e24879e7f, networkLocation: /default-rack, certSerialId: null}, Type:RATIS, Factor:ONE, State:ALLOCATED, leaderId:null, CreationTimestamp2020-06-03T00:02:57.218Z]
2020-06-03 00:02:57,219 [RatisPipelineUtilsThread] ERROR pipeline.SCMPipelineManager (SCMPipelineManager.java:createPipeline(222)) - Failed to create pipeline of type RATIS and factor ONE. Exception: Cannot create pipeline of factor 1 using 0 nodes. Used 2 nodes. Healthy nodes 2
2020-06-03 00:02:57,219 [RatisPipelineUtilsThread] WARN  pipeline.PipelinePlacementPolicy (PipelinePlacementPolicy.java:filterViableNodes(133)) - Pipeline creation failed due to no sufficient healthy datanodes. Required 3. Found 2.
2020-06-03 00:02:57,219 [RatisPipelineUtilsThread] ERROR pipeline.SCMPipelineManager (SCMPipelineManager.java:createPipeline(222)) - Failed to create pipeline of type RATIS and factor THREE. Exception: Pipeline creation failed due to no sufficient healthy datanodes. Required 3. Found 2.
2020-06-03 00:02:57,302 [Listener at 127.0.0.1/34949] INFO  ozone.MiniOzoneClusterImpl (MiniOzoneClusterImpl.java:lambda$waitForClusterToBeReady$0(177)) - Waiting for nodes to be ready. Got 2 of 3 DN Heartbeats.
2020-06-03 00:02:57,303 [Listener at 127.0.0.1/34949] INFO  ozone.MiniOzoneClusterImpl (MiniOzoneClusterImpl.java:lambda$waitForClusterToBeReady$0(180)) - Waiting for cluster to exit safe mode
2020-06-03 00:02:57,321 [IPC Server handler 3 on default port 39029] INFO  net.NetworkTopology (NetworkTopologyImpl.java:add(111)) - Added a new node: /default-rack/cd73b8fa-ccfa-4b6e-9476-e967e85a58c5
2020-06-03 00:02:57,321 [IPC Server handler 3 on default port 39029] INFO  node.SCMNodeManager (SCMNodeManager.java:register(268)) - Registered Data node : cd73b8fa-ccfa-4b6e-9476-e967e85a58c5{ip: 172.17.0.2, host: cc5e24879e7f, networkLocation: /default-rack, certSerialId: null}
2020-06-03 00:02:57,322 [EventQueue-NodeRegistrationContainerReportForContainerSafeModeRule] INFO  safemode.SCMSafeModeManager (SCMSafeModeManager.java:validateSafeModeExitRules(213)) - ContainerSafeModeRule rule is successfully validated
2020-06-03 00:02:57,322 [EventQueue-NodeRegistrationContainerReportForDataNodeSafeModeRule] INFO  safemode.SCMSafeModeManager (SCMSafeModeManager.java:validateSafeModeExitRules(213)) - DataNodeSafeModeRule rule is successfully validated
2020-06-03 00:02:57,325 [RatisPipelineUtilsThread] INFO  pipeline.RatisPipelineProvider (RatisPipelineProvider.java:lambda$create$0(138)) - Sending CreatePipelineCommand for pipeline:PipelineID=523a4e9f-7ddc-48f4-91be-16e26a9dde17 to datanode:cd73b8fa-ccfa-4b6e-9476-e967e85a58c5
2020-06-03 00:02:57,326 [RatisPipelineUtilsThread] INFO  pipeline.PipelineStateManager (PipelineStateManager.java:addPipeline(54)) - Created pipeline Pipeline[ Id: 523a4e9f-7ddc-48f4-91be-16e26a9dde17, Nodes: cd73b8fa-ccfa-4b6e-9476-e967e85a58c5{ip: 172.17.0.2, host: cc5e24879e7f, networkLocation: /default-rack, certSerialId: null}, Type:RATIS, Factor:ONE, State:ALLOCATED, leaderId:null, CreationTimestamp2020-06-03T00:02:57.325Z]
2020-06-03 00:02:57,327 [RatisPipelineUtilsThread] ERROR pipeline.SCMPipelineManager (SCMPipelineManager.java:createPipeline(222)) - Failed to create pipeline of type RATIS and factor ONE. Exception: Cannot create pipeline of factor 1 using 0 nodes. Used 3 nodes. Healthy nodes 3
2020-06-03 00:02:57,331 [RatisPipelineUtilsThread] INFO  pipeline.RatisPipelineProvider (RatisPipelineProvider.java:lambda$create$0(138)) - Sending CreatePipelineCommand for pipeline:PipelineID=f832cad9-6adb-44db-bdef-b1b144e4518e to datanode:4ecdb7ad-88a9-4051-a4a3-f69c6359d27c
2020-06-03 00:02:57,332 [RatisPipelineUtilsThread] INFO  pipeline.RatisPipelineProvider (RatisPipelineProvider.java:lambda$create$0(138)) - Sending CreatePipelineCommand for pipeline:PipelineID=f832cad9-6adb-44db-bdef-b1b144e4518e to datanode:cd73b8fa-ccfa-4b6e-9476-e967e85a58c5
2020-06-03 00:02:57,332 [RatisPipelineUtilsThread] INFO  pipeline.RatisPipelineProvider (RatisPipelineProvider.java:lambda$create$0(138)) - Sending CreatePipelineCommand for pipeline:PipelineID=f832cad9-6adb-44db-bdef-b1b144e4518e to datanode:262b2920-3aae-4e8c-af14-6dfd37806d4c
2020-06-03 00:02:57,332 [RatisPipelineUtilsThread] INFO  pipeline.PipelineStateManager (PipelineStateManager.java:addPipeline(54)) - Created pipeline Pipeline[ Id: f832cad9-6adb-44db-bdef-b1b144e4518e, Nodes: 4ecdb7ad-88a9-4051-a4a3-f69c6359d27c{ip: 172.17.0.2, host: cc5e24879e7f, networkLocation: /default-rack, certSerialId: null}cd73b8fa-ccfa-4b6e-9476-e967e85a58c5{ip: 172.17.0.2, host: cc5e24879e7f, networkLocation: /default-rack, certSerialId: null}262b2920-3aae-4e8c-af14-6dfd37806d4c{ip: 172.17.0.2, host: cc5e24879e7f, networkLocation: /default-rack, certSerialId: null}, Type:RATIS, Factor:THREE, State:ALLOCATED, leaderId:null, CreationTimestamp2020-06-03T00:02:57.331Z]
2020-06-03 00:02:57,333 [RatisPipelineUtilsThread] ERROR pipeline.SCMPipelineManager (SCMPipelineManager.java:createPipeline(222)) - Failed to create pipeline of type RATIS and factor THREE. Exception: Pipeline creation failed because nodes are engaged in other pipelines and every node can only be engaged in max 2 pipelines. Required 3. Found 0
2020-06-03 00:02:58,303 [Listener at 127.0.0.1/34949] INFO  ozone.MiniOzoneClusterImpl (MiniOzoneClusterImpl.java:lambda$waitForClusterToBeReady$0(177)) - Nodes are ready. Got 3 of 3 DN Heartbeats.
2020-06-03 00:02:58,304 [Listener at 127.0.0.1/34949] INFO  ozone.MiniOzoneClusterImpl (MiniOzoneClusterImpl.java:lambda$waitForClusterToBeReady$0(180)) - Waiting for cluster to exit safe mode
2020-06-03 00:02:59,305 [Listener at 127.0.0.1/34949] INFO  ozone.MiniOzoneClusterImpl (MiniOzoneClusterImpl.java:lambda$waitForClusterToBeReady$0(177)) - Nodes are ready. Got 3 of 3 DN Heartbeats.
2020-06-03 00:02:59,305 [Listener at 127.0.0.1/34949] INFO  ozone.MiniOzoneClusterImpl (MiniOzoneClusterImpl.java:lambda$waitForClusterToBeReady$0(180)) - Waiting for cluster to exit safe mode
2020-06-03 00:03:00,028 [Command processor thread] INFO  impl.RaftServerProxy (RaftServerProxy.java:addNew(89)) - 4ecdb7ad-88a9-4051-a4a3-f69c6359d27c: addNew group-669DA4DA438D:[4ecdb7ad-88a9-4051-a4a3-f69c6359d27c:172.17.0.2:35639] returns group-669DA4DA438D:java.util.concurrent.CompletableFuture@5b425a6a[Not completed]
2020-06-03 00:03:00,050 [pool-35-thread-1] INFO  impl.RaftServerImpl (RaftServerImpl.java:<init>(98)) - 4ecdb7ad-88a9-4051-a4a3-f69c6359d27c: new RaftServerImpl for group-669DA4DA438D:[4ecdb7ad-88a9-4051-a4a3-f69c6359d27c:172.17.0.2:35639] with ContainerStateMachine:uninitialized
2020-06-03 00:03:00,052 [pool-35-thread-1] INFO  server.RaftServerConfigKeys (ConfUtils.java:logGet(44)) - raft.server.rpc.timeout.min = 5s (custom)
2020-06-03 00:03:00,052 [pool-35-thread-1] INFO  server.RaftServerConfigKeys (ConfUtils.java:logGet(44)) - raft.server.rpc.timeout.max = 5200ms (custom)
2020-06-03 00:03:00,052 [pool-35-thread-1] INFO  server.RaftServerConfigKeys (ConfUtils.java:logGet(44)) - raft.server.rpcslowness.timeout = 300s (custom)
2020-06-03 00:03:00,053 [pool-35-thread-1] INFO  server.RaftServerConfigKeys (ConfUtils.java:logGet(44)) - raft.server.sleep.deviation.threshold = 300 (default)
2020-06-03 00:03:00,054 [pool-35-thread-1] INFO  server.RaftServerConfigKeys (ConfUtils.java:logGet(44)) - raft.server.log.appender.install.snapshot.enabled = false (custom)
2020-06-03 00:03:00,060 [pool-35-thread-1] INFO  impl.RaftServerImpl (ServerState.java:<init>(103)) - 4ecdb7ad-88a9-4051-a4a3-f69c6359d27c@group-669DA4DA438D: ConfigurationManager, init=-1: [4ecdb7ad-88a9-4051-a4a3-f69c6359d27c:172.17.0.2:35639], old=null, confs=<EMPTY_MAP>
2020-06-03 00:03:00,060 [pool-35-thread-1] INFO  server.RaftServerConfigKeys (ConfUtils.java:logGet(44)) - raft.server.storage.dir = [/github/workspace/mnt/ozone/hadoop-ozone/integration-test/target/test-dir/MiniOzoneClusterImpl-2891061e-f66a-4d07-82f0-9ea460497148/datanode-0/data/ratis] (custom)
2020-06-03 00:03:00,064 [pool-35-thread-1] INFO  server.RaftServerConfigKeys (ConfUtils.java:logGet(44)) - raft.server.log.corruption.policy = EXCEPTION (default)
2020-06-03 00:03:00,066 [pool-35-thread-1] INFO  storage.RaftStorageDirectory (RaftStorageDirectory.java:analyzeStorage(261)) - The storage directory /github/workspace/mnt/ozone/hadoop-ozone/integration-test/target/test-dir/MiniOzoneClusterImpl-2891061e-f66a-4d07-82f0-9ea460497148/datanode-0/data/ratis/5c451087-fc96-4dd9-a75a-669da4da438d does not exist. Creating ...
2020-06-03 00:03:00,070 [pool-35-thread-1] INFO  storage.RaftStorageDirectory (RaftStorageDirectory.java:tryLock(343)) - Lock on /github/workspace/mnt/ozone/hadoop-ozone/integration-test/target/test-dir/MiniOzoneClusterImpl-2891061e-f66a-4d07-82f0-9ea460497148/datanode-0/data/ratis/5c451087-fc96-4dd9-a75a-669da4da438d/in_use.lock acquired by nodename 43633@cc5e24879e7f
2020-06-03 00:03:00,072 [pool-35-thread-1] INFO  storage.RaftStorage (RaftStorage.java:format(84)) - Storage directory /github/workspace/mnt/ozone/hadoop-ozone/integration-test/target/test-dir/MiniOzoneClusterImpl-2891061e-f66a-4d07-82f0-9ea460497148/datanode-0/data/ratis/5c451087-fc96-4dd9-a75a-669da4da438d has been successfully formatted.
2020-06-03 00:03:00,077 [Datanode State Machine Thread - 0] ERROR statemachine.DatanodeStateMachine (DatanodeStateMachine.java:lambda$startDaemon$0(378)) - Unable to start the DatanodeState Machine
java.io.IOException: Unable to finish the execution.
	at org.apache.hadoop.ozone.container.common.statemachine.DatanodeStateMachine.start(DatanodeStateMachine.java:219)
	at org.apache.hadoop.ozone.container.common.statemachine.DatanodeStateMachine.lambda$startDaemon$0(DatanodeStateMachine.java:375)
	at java.lang.Thread.run(Thread.java:748)
Caused by: java.lang.InterruptedException: sleep interrupted
	at java.lang.Thread.sleep(Native Method)
	at org.apache.hadoop.ozone.container.common.statemachine.DatanodeStateMachine.start(DatanodeStateMachine.java:212)
	... 2 more
2020-06-03 00:03:00,078 [pool-35-thread-1] INFO  ratis.ContainerStateMachine (ContainerStateMachine.java:loadSnapshot(226)) - group-669DA4DA438D: The snapshot info is null. Setting the last applied indexto:(t:0, i:~)
2020-06-03 00:03:00,079 [pool-35-thread-1] INFO  server.RaftServerConfigKeys (ConfUtils.java:logGet(44)) - raft.server.notification.no-leader.timeout = 60s (default)
2020-06-03 00:03:00,081 [pool-35-thread-1] INFO  server.RaftServerConfigKeys (ConfUtils.java:logGet(44)) - raft.server.log.use.memory = false (default)
2020-06-03 00:03:00,086 [pool-35-thread-1] INFO  server.RaftServerConfigKeys (ConfUtils.java:logGet(44)) - raft.server.log.purge.gap = 1000000 (custom)
2020-06-03 00:03:00,086 [pool-35-thread-1] INFO  server.RaftServerConfigKeys (ConfUtils.java:logGet(44)) - raft.server.log.appender.buffer.byte-limit = 33554432 (custom)
2020-06-03 00:03:00,088 [pool-35-thread-1] INFO  server.RaftServerConfigKeys (ConfUtils.java:logGet(44)) - raft.server.log.segment.size.max = 1048576 (custom)
2020-06-03 00:03:00,092 [pool-35-thread-1] INFO  metrics.RatisMetrics (RatisMetrics.java:lambda$create$0(39)) - Creating Metrics Registry : ratis.log_worker.4ecdb7ad-88a9-4051-a4a3-f69c6359d27c
2020-06-03 00:03:00,102 [pool-35-thread-1] INFO  server.RaftServerConfigKeys (ConfUtils.java:logGet(44)) - raft.server.log.segment.cache.num.max = 2 (custom)
2020-06-03 00:03:00,107 [pool-35-thread-1] INFO  segmented.SegmentedRaftLogWorker (SegmentedRaftLogWorker.java:<init>(176)) - new 4ecdb7ad-88a9-4051-a4a3-f69c6359d27c@group-669DA4DA438D-SegmentedRaftLogWorker for RaftStorage:Storage Directory /github/workspace/mnt/ozone/hadoop-ozone/integration-test/target/test-dir/MiniOzoneClusterImpl-2891061e-f66a-4d07-82f0-9ea460497148/datanode-0/data/ratis/5c451087-fc96-4dd9-a75a-669da4da438d
2020-06-03 00:03:00,108 [pool-35-thread-1] INFO  server.RaftServerConfigKeys (ConfUtils.java:logGet(44)) - raft.server.log.queue.byte-limit = 2147483647 (custom)
2020-06-03 00:03:00,109 [pool-35-thread-1] INFO  server.RaftServerConfigKeys (ConfUtils.java:logGet(44)) - raft.server.log.queue.element-limit = 1024 (custom)
2020-06-03 00:03:00,109 [pool-35-thread-1] INFO  server.RaftServerConfigKeys (ConfUtils.java:logGet(44)) - raft.server.log.segment.size.max = 1048576 (custom)
2020-06-03 00:03:00,110 [pool-35-thread-1] INFO  server.RaftServerConfigKeys (ConfUtils.java:logGet(44)) - raft.server.log.preallocated.size = 16384 (custom)
2020-06-03 00:03:00,110 [pool-35-thread-1] INFO  server.RaftServerConfigKeys (ConfUtils.java:logGet(44)) - raft.server.log.write.buffer.size = 1048576 (custom)
2020-06-03 00:03:00,111 [pool-35-thread-1] INFO  server.RaftServerConfigKeys (ConfUtils.java:logGet(44)) - raft.server.log.force.sync.num = 128 (default)
2020-06-03 00:03:00,112 [pool-35-thread-1] INFO  server.RaftServerConfigKeys (ConfUtils.java:logGet(44)) - raft.server.log.statemachine.data.sync = true (default)
2020-06-03 00:03:00,112 [pool-35-thread-1] INFO  server.RaftServerConfigKeys (ConfUtils.java:logGet(44)) - raft.server.log.statemachine.data.sync.timeout = 10s (default)
2020-06-03 00:03:00,113 [pool-35-thread-1] INFO  server.RaftServerConfigKeys (ConfUtils.java:logGet(44)) - raft.server.log.statemachine.data.sync.timeout.retry = -1 (default)
2020-06-03 00:03:00,125 [pool-35-thread-1] INFO  server.RaftServerConfigKeys (ConfUtils.java:logGet(44)) - raft.server.log.statemachine.data.caching.enabled = true (custom)
2020-06-03 00:03:00,132 [pool-35-thread-1] INFO  segmented.SegmentedRaftLogWorker (SegmentedRaftLogWorker.java:lambda$new$0(129)) - 4ecdb7ad-88a9-4051-a4a3-f69c6359d27c@group-669DA4DA438D-SegmentedRaftLogWorker: flushIndex: setUnconditionally 0 -> -1
2020-06-03 00:03:00,137 [pool-35-thread-1] INFO  server.RaftServerConfigKeys (ConfUtils.java:logGet(44)) - raft.server.snapshot.auto.trigger.enabled = true (custom)
2020-06-03 00:03:00,138 [pool-35-thread-1] INFO  server.RaftServerConfigKeys (ConfUtils.java:logGet(44)) - raft.server.snapshot.auto.trigger.threshold = 10000 (custom)
2020-06-03 00:03:00,138 [pool-35-thread-1] INFO  server.RaftServerConfigKeys (ConfUtils.java:logGet(44)) - raft.server.snapshot.retention.file.num = 5 (custom)
2020-06-03 00:03:00,139 [pool-35-thread-1] INFO  server.RaftServerConfigKeys (ConfUtils.java:logGet(44)) - raft.server.log.purge.upto.snapshot.index = false (default)
2020-06-03 00:03:00,139 [pool-35-thread-1] INFO  server.RaftServerConfigKeys (ConfUtils.java:logGet(44)) - raft.server.retrycache.expirytime = 600000ms (custom)
2020-06-03 00:03:00,158 [pool-35-thread-1] INFO  metrics.RatisMetrics (RatisMetrics.java:lambda$create$0(39)) - Creating Metrics Registry : ratis.leader_election.4ecdb7ad-88a9-4051-a4a3-f69c6359d27c@group-669DA4DA438D
2020-06-03 00:03:00,160 [pool-35-thread-1] INFO  metrics.RatisMetrics (RatisMetrics.java:lambda$create$0(39)) - Creating Metrics Registry : ratis.server.4ecdb7ad-88a9-4051-a4a3-f69c6359d27c@group-669DA4DA438D
2020-06-03 00:03:00,165 [pool-35-thread-1] INFO  impl.RaftServerImpl (RaftServerImpl.java:start(184)) - 4ecdb7ad-88a9-4051-a4a3-f69c6359d27c@group-669DA4DA438D: start as a follower, conf=-1: [4ecdb7ad-88a9-4051-a4a3-f69c6359d27c:172.17.0.2:35639], old=null
2020-06-03 00:03:00,166 [pool-35-thread-1] INFO  impl.RaftServerImpl (RaftServerImpl.java:setRole(173)) - 4ecdb7ad-88a9-4051-a4a3-f69c6359d27c@group-669DA4DA438D: changes role from      null to FOLLOWER at term 0 for startAsFollower
2020-06-03 00:03:00,167 [pool-35-thread-1] INFO  impl.RoleInfo (RoleInfo.java:updateAndGet(143)) - 4ecdb7ad-88a9-4051-a4a3-f69c6359d27c: start FollowerState
2020-06-03 00:03:00,174 [pool-35-thread-1] INFO  util.JmxRegister (JmxRegister.java:tryRegister(44)) - Successfully registered JMX Bean with object name Ratis:service=RaftServer,group=group-669DA4DA438D,id=4ecdb7ad-88a9-4051-a4a3-f69c6359d27c
2020-06-03 00:03:00,176 [pool-35-thread-1] INFO  metrics.RatisMetrics (RatisMetrics.java:lambda$create$0(39)) - Creating Metrics Registry : ratis.state_machine.4ecdb7ad-88a9-4051-a4a3-f69c6359d27c@group-669DA4DA438D
2020-06-03 00:03:00,190 [Command processor thread] INFO  commandhandler.CreatePipelineCommandHandler (CreatePipelineCommandHandler.java:handle(109)) - Created Pipeline RATIS ONE #id: "5c451087-fc96-4dd9-a75a-669da4da438d"
.
2020-06-03 00:03:00,190 [Command processor thread] INFO  impl.RaftServerProxy (RaftServerProxy.java:addNew(89)) - 4ecdb7ad-88a9-4051-a4a3-f69c6359d27c: addNew group-B1B144E4518E:[262b2920-3aae-4e8c-af14-6dfd37806d4c:172.17.0.2:43381, cd73b8fa-ccfa-4b6e-9476-e967e85a58c5:172.17.0.2:43271, 4ecdb7ad-88a9-4051-a4a3-f69c6359d27c:172.17.0.2:35639] returns group-B1B144E4518E:java.util.concurrent.CompletableFuture@41ee8c7f[Not completed]
2020-06-03 00:03:00,192 [pool-35-thread-1] INFO  impl.RaftServerImpl (RaftServerImpl.java:<init>(98)) - 4ecdb7ad-88a9-4051-a4a3-f69c6359d27c: new RaftServerImpl for group-B1B144E4518E:[262b2920-3aae-4e8c-af14-6dfd37806d4c:172.17.0.2:43381, cd73b8fa-ccfa-4b6e-9476-e967e85a58c5:172.17.0.2:43271, 4ecdb7ad-88a9-4051-a4a3-f69c6359d27c:172.17.0.2:35639] with ContainerStateMachine:uninitialized
2020-06-03 00:03:00,192 [pool-35-thread-1] INFO  server.RaftServerConfigKeys (ConfUtils.java:logGet(44)) - raft.server.rpc.timeout.min = 5s (custom)
2020-06-03 00:03:00,192 [pool-35-thread-1] INFO  server.RaftServerConfigKeys (ConfUtils.java:logGet(44)) - raft.server.rpc.timeout.max = 5200ms (custom)
2020-06-03 00:03:00,192 [pool-35-thread-1] INFO  server.RaftServerConfigKeys (ConfUtils.java:logGet(44)) - raft.server.rpcslowness.timeout = 300s (custom)
2020-06-03 00:03:00,192 [pool-35-thread-1] INFO  server.RaftServerConfigKeys (ConfUtils.java:logGet(44)) - raft.server.sleep.deviation.threshold = 300 (default)
2020-06-03 00:03:00,193 [pool-35-thread-1] INFO  server.RaftServerConfigKeys (ConfUtils.java:logGet(44)) - raft.server.log.appender.install.snapshot.enabled = false (custom)
2020-06-03 00:03:00,193 [pool-35-thread-1] INFO  impl.RaftServerImpl (ServerState.java:<init>(103)) - 4ecdb7ad-88a9-4051-a4a3-f69c6359d27c@group-B1B144E4518E: ConfigurationManager, init=-1: [262b2920-3aae-4e8c-af14-6dfd37806d4c:172.17.0.2:43381, cd73b8fa-ccfa-4b6e-9476-e967e85a58c5:172.17.0.2:43271, 4ecdb7ad-88a9-4051-a4a3-f69c6359d27c:172.17.0.2:35639], old=null, confs=<EMPTY_MAP>
2020-06-03 00:03:00,193 [pool-35-thread-1] INFO  server.RaftServerConfigKeys (ConfUtils.java:logGet(44)) - raft.server.storage.dir = [/github/workspace/mnt/ozone/hadoop-ozone/integration-test/target/test-dir/MiniOzoneClusterImpl-2891061e-f66a-4d07-82f0-9ea460497148/datanode-0/data/ratis] (custom)
2020-06-03 00:03:00,193 [pool-35-thread-1] INFO  server.RaftServerConfigKeys (ConfUtils.java:logGet(44)) - raft.server.log.corruption.policy = EXCEPTION (default)
2020-06-03 00:03:00,193 [pool-35-thread-1] INFO  storage.RaftStorageDirectory (RaftStorageDirectory.java:analyzeStorage(261)) - The storage directory /github/workspace/mnt/ozone/hadoop-ozone/integration-test/target/test-dir/MiniOzoneClusterImpl-2891061e-f66a-4d07-82f0-9ea460497148/datanode-0/data/ratis/f832cad9-6adb-44db-bdef-b1b144e4518e does not exist. Creating ...
2020-06-03 00:03:00,194 [pool-35-thread-1] INFO  storage.RaftStorageDirectory (RaftStorageDirectory.java:tryLock(343)) - Lock on /github/workspace/mnt/ozone/hadoop-ozone/integration-test/target/test-dir/MiniOzoneClusterImpl-2891061e-f66a-4d07-82f0-9ea460497148/datanode-0/data/ratis/f832cad9-6adb-44db-bdef-b1b144e4518e/in_use.lock acquired by nodename 43633@cc5e24879e7f
2020-06-03 00:03:00,196 [pool-35-thread-1] INFO  storage.RaftStorage (RaftStorage.java:format(84)) - Storage directory /github/workspace/mnt/ozone/hadoop-ozone/integration-test/target/test-dir/MiniOzoneClusterImpl-2891061e-f66a-4d07-82f0-9ea460497148/datanode-0/data/ratis/f832cad9-6adb-44db-bdef-b1b144e4518e has been successfully formatted.
2020-06-03 00:03:00,196 [pool-35-thread-1] INFO  ratis.ContainerStateMachine (ContainerStateMachine.java:loadSnapshot(226)) - group-B1B144E4518E: The snapshot info is null. Setting the last applied indexto:(t:0, i:~)
2020-06-03 00:03:00,196 [pool-35-thread-1] INFO  server.RaftServerConfigKeys (ConfUtils.java:logGet(44)) - raft.server.notification.no-leader.timeout = 60s (default)
2020-06-03 00:03:00,196 [pool-35-thread-1] INFO  server.RaftServerConfigKeys (ConfUtils.java:logGet(44)) - raft.server.log.use.memory = false (default)
2020-06-03 00:03:00,196 [pool-35-thread-1] INFO  server.RaftServerConfigKeys (ConfUtils.java:logGet(44)) - raft.server.log.purge.gap = 1000000 (custom)
2020-06-03 00:03:00,196 [pool-35-thread-1] INFO  server.RaftServerConfigKeys (ConfUtils.java:logGet(44)) - raft.server.log.appender.buffer.byte-limit = 33554432 (custom)
2020-06-03 00:03:00,197 [pool-35-thread-1] INFO  server.RaftServerConfigKeys (ConfUtils.java:logGet(44)) - raft.server.log.segment.size.max = 1048576 (custom)
2020-06-03 00:03:00,197 [pool-35-thread-1] INFO  server.RaftServerConfigKeys (ConfUtils.java:logGet(44)) - raft.server.log.segment.cache.num.max = 2 (custom)
2020-06-03 00:03:00,197 [pool-35-thread-1] INFO  segmented.SegmentedRaftLogWorker (SegmentedRaftLogWorker.java:<init>(176)) - new 4ecdb7ad-88a9-4051-a4a3-f69c6359d27c@group-B1B144E4518E-SegmentedRaftLogWorker for RaftStorage:Storage Directory /github/workspace/mnt/ozone/hadoop-ozone/integration-test/target/test-dir/MiniOzoneClusterImpl-2891061e-f66a-4d07-82f0-9ea460497148/datanode-0/data/ratis/f832cad9-6adb-44db-bdef-b1b144e4518e
2020-06-03 00:03:00,197 [pool-35-thread-1] INFO  server.RaftServerConfigKeys (ConfUtils.java:logGet(44)) - raft.server.log.queue.byte-limit = 2147483647 (custom)
2020-06-03 00:03:00,197 [pool-35-thread-1] INFO  server.RaftServerConfigKeys (ConfUtils.java:logGet(44)) - raft.server.log.queue.element-limit = 1024 (custom)
2020-06-03 00:03:00,197 [pool-35-thread-1] INFO  server.RaftServerConfigKeys (ConfUtils.java:logGet(44)) - raft.server.log.segment.size.max = 1048576 (custom)
2020-06-03 00:03:00,198 [pool-35-thread-1] INFO  server.RaftServerConfigKeys (ConfUtils.java:logGet(44)) - raft.server.log.preallocated.size = 16384 (custom)
2020-06-03 00:03:00,198 [pool-35-thread-1] INFO  server.RaftServerConfigKeys (ConfUtils.java:logGet(44)) - raft.server.log.write.buffer.size = 1048576 (custom)
2020-06-03 00:03:00,198 [pool-35-thread-1] INFO  server.RaftServerConfigKeys (ConfUtils.java:logGet(44)) - raft.server.log.force.sync.num = 128 (default)
2020-06-03 00:03:00,198 [pool-35-thread-1] INFO  server.RaftServerConfigKeys (ConfUtils.java:logGet(44)) - raft.server.log.statemachine.data.sync = true (default)
2020-06-03 00:03:00,198 [pool-35-thread-1] INFO  server.RaftServerConfigKeys (ConfUtils.java:logGet(44)) - raft.server.log.statemachine.data.sync.timeout = 10s (default)
2020-06-03 00:03:00,198 [pool-35-thread-1] INFO  server.RaftServerConfigKeys (ConfUtils.java:logGet(44)) - raft.server.log.statemachine.data.sync.timeout.retry = -1 (default)
2020-06-03 00:03:00,199 [pool-35-thread-1] INFO  server.RaftServerConfigKeys (ConfUtils.java:logGet(44)) - raft.server.log.statemachine.data.caching.enabled = true (custom)
2020-06-03 00:03:00,199 [pool-35-thread-1] INFO  segmented.SegmentedRaftLogWorker (SegmentedRaftLogWorker.java:lambda$new$0(129)) - 4ecdb7ad-88a9-4051-a4a3-f69c6359d27c@group-B1B144E4518E-SegmentedRaftLogWorker: flushIndex: setUnconditionally 0 -> -1
2020-06-03 00:03:00,201 [pool-35-thread-1] INFO  server.RaftServerConfigKeys (ConfUtils.java:logGet(44)) - raft.server.snapshot.auto.trigger.enabled = true (custom)
2020-06-03 00:03:00,201 [pool-35-thread-1] INFO  server.RaftServerConfigKeys (ConfUtils.java:logGet(44)) - raft.server.snapshot.auto.trigger.threshold = 10000 (custom)
2020-06-03 00:03:00,201 [pool-35-thread-1] INFO  server.RaftServerConfigKeys (ConfUtils.java:logGet(44)) - raft.server.snapshot.retention.file.num = 5 (custom)
2020-06-03 00:03:00,201 [pool-35-thread-1] INFO  server.RaftServerConfigKeys (ConfUtils.java:logGet(44)) - raft.server.log.purge.upto.snapshot.index = false (default)
2020-06-03 00:03:00,202 [pool-35-thread-1] INFO  server.RaftServerConfigKeys (ConfUtils.java:logGet(44)) - raft.server.retrycache.expirytime = 600000ms (custom)
2020-06-03 00:03:00,202 [pool-35-thread-1] INFO  metrics.RatisMetrics (RatisMetrics.java:lambda$create$0(39)) - Creating Metrics Registry : ratis.leader_election.4ecdb7ad-88a9-4051-a4a3-f69c6359d27c@group-B1B144E4518E
2020-06-03 00:03:00,202 [pool-35-thread-1] INFO  metrics.RatisMetrics (RatisMetrics.java:lambda$create$0(39)) - Creating Metrics Registry : ratis.server.4ecdb7ad-88a9-4051-a4a3-f69c6359d27c@group-B1B144E4518E
2020-06-03 00:03:00,203 [pool-35-thread-1] INFO  impl.RaftServerImpl (RaftServerImpl.java:start(184)) - 4ecdb7ad-88a9-4051-a4a3-f69c6359d27c@group-B1B144E4518E: start as a follower, conf=-1: [262b2920-3aae-4e8c-af14-6dfd37806d4c:172.17.0.2:43381, cd73b8fa-ccfa-4b6e-9476-e967e85a58c5:172.17.0.2:43271, 4ecdb7ad-88a9-4051-a4a3-f69c6359d27c:172.17.0.2:35639], old=null
2020-06-03 00:03:00,203 [pool-35-thread-1] INFO  impl.RaftServerImpl (RaftServerImpl.java:setRole(173)) - 4ecdb7ad-88a9-4051-a4a3-f69c6359d27c@group-B1B144E4518E: changes role from      null to FOLLOWER at term 0 for startAsFollower
2020-06-03 00:03:00,203 [pool-35-thread-1] INFO  impl.RoleInfo (RoleInfo.java:updateAndGet(143)) - 4ecdb7ad-88a9-4051-a4a3-f69c6359d27c: start FollowerState
2020-06-03 00:03:00,204 [pool-35-thread-1] INFO  util.JmxRegister (JmxRegister.java:tryRegister(44)) - Successfully registered JMX Bean with object name Ratis:service=RaftServer,group=group-B1B144E4518E,id=4ecdb7ad-88a9-4051-a4a3-f69c6359d27c
2020-06-03 00:03:00,205 [pool-35-thread-1] INFO  metrics.RatisMetrics (RatisMetrics.java:lambda$create$0(39)) - Creating Metrics Registry : ratis.state_machine.4ecdb7ad-88a9-4051-a4a3-f69c6359d27c@group-B1B144E4518E
2020-06-03 00:03:00,215 [Command processor thread] INFO  impl.RaftServerProxy (RaftServerProxy.java:addNew(89)) - 262b2920-3aae-4e8c-af14-6dfd37806d4c: addNew group-D0C1E50E0A2F:[262b2920-3aae-4e8c-af14-6dfd37806d4c:172.17.0.2:43381] returns group-D0C1E50E0A2F:java.util.concurrent.CompletableFuture@79f42be4[Not completed]
2020-06-03 00:03:00,239 [pool-51-thread-1] INFO  impl.RaftServerImpl (RaftServerImpl.java:<init>(98)) - 262b2920-3aae-4e8c-af14-6dfd37806d4c: new RaftServerImpl for group-D0C1E50E0A2F:[262b2920-3aae-4e8c-af14-6dfd37806d4c:172.17.0.2:43381] with ContainerStateMachine:uninitialized
2020-06-03 00:03:00,241 [pool-51-thread-1] INFO  server.RaftServerConfigKeys (ConfUtils.java:logGet(44)) - raft.server.rpc.timeout.min = 5s (custom)
2020-06-03 00:03:00,241 [pool-51-thread-1] INFO  server.RaftServerConfigKeys (ConfUtils.java:logGet(44)) - raft.server.rpc.timeout.max = 5200ms (custom)
2020-06-03 00:03:00,241 [pool-51-thread-1] INFO  server.RaftServerConfigKeys (ConfUtils.java:logGet(44)) - raft.server.rpcslowness.timeout = 300s (custom)
2020-06-03 00:03:00,243 [pool-51-thread-1] INFO  server.RaftServerConfigKeys (ConfUtils.java:logGet(44)) - raft.server.sleep.deviation.threshold = 300 (default)
2020-06-03 00:03:00,243 [pool-51-thread-1] INFO  server.RaftServerConfigKeys (ConfUtils.java:logGet(44)) - raft.server.log.appender.install.snapshot.enabled = false (custom)
2020-06-03 00:03:00,245 [pool-51-thread-1] INFO  impl.RaftServerImpl (ServerState.java:<init>(103)) - 262b2920-3aae-4e8c-af14-6dfd37806d4c@group-D0C1E50E0A2F: ConfigurationManager, init=-1: [262b2920-3aae-4e8c-af14-6dfd37806d4c:172.17.0.2:43381], old=null, confs=<EMPTY_MAP>
2020-06-03 00:03:00,245 [pool-51-thread-1] INFO  server.RaftServerConfigKeys (ConfUtils.java:logGet(44)) - raft.server.storage.dir = [/github/workspace/mnt/ozone/hadoop-ozone/integration-test/target/test-dir/MiniOzoneClusterImpl-2891061e-f66a-4d07-82f0-9ea460497148/datanode-1/data/ratis] (custom)
2020-06-03 00:03:00,247 [pool-51-thread-1] INFO  server.RaftServerConfigKeys (ConfUtils.java:logGet(44)) - raft.server.log.corruption.policy = EXCEPTION (default)
2020-06-03 00:03:00,247 [pool-51-thread-1] INFO  storage.RaftStorageDirectory (RaftStorageDirectory.java:analyzeStorage(261)) - The storage directory /github/workspace/mnt/ozone/hadoop-ozone/integration-test/target/test-dir/MiniOzoneClusterImpl-2891061e-f66a-4d07-82f0-9ea460497148/datanode-1/data/ratis/892b8947-3d86-43fe-a97f-d0c1e50e0a2f does not exist. Creating ...
2020-06-03 00:03:00,251 [pool-51-thread-1] INFO  storage.RaftStorageDirectory (RaftStorageDirectory.java:tryLock(343)) - Lock on /github/workspace/mnt/ozone/hadoop-ozone/integration-test/target/test-dir/MiniOzoneClusterImpl-2891061e-f66a-4d07-82f0-9ea460497148/datanode-1/data/ratis/892b8947-3d86-43fe-a97f-d0c1e50e0a2f/in_use.lock acquired by nodename 43633@cc5e24879e7f
2020-06-03 00:03:00,254 [pool-51-thread-1] INFO  storage.RaftStorage (RaftStorage.java:format(84)) - Storage directory /github/workspace/mnt/ozone/hadoop-ozone/integration-test/target/test-dir/MiniOzoneClusterImpl-2891061e-f66a-4d07-82f0-9ea460497148/datanode-1/data/ratis/892b8947-3d86-43fe-a97f-d0c1e50e0a2f has been successfully formatted.
2020-06-03 00:03:00,256 [Datanode State Machine Thread - 0] ERROR statemachine.DatanodeStateMachine (DatanodeStateMachine.java:lambda$startDaemon$0(378)) - Unable to start the DatanodeState Machine
java.io.IOException: Unable to finish the execution.
	at org.apache.hadoop.ozone.container.common.statemachine.DatanodeStateMachine.start(DatanodeStateMachine.java:219)
	at org.apache.hadoop.ozone.container.common.statemachine.DatanodeStateMachine.lambda$startDaemon$0(DatanodeStateMachine.java:375)
	at java.lang.Thread.run(Thread.java:748)
Caused by: java.lang.InterruptedException: sleep interrupted
	at java.lang.Thread.sleep(Native Method)
	at org.apache.hadoop.ozone.container.common.statemachine.DatanodeStateMachine.start(DatanodeStateMachine.java:212)
	... 2 more
2020-06-03 00:03:00,261 [pool-51-thread-1] INFO  ratis.ContainerStateMachine (ContainerStateMachine.java:loadSnapshot(226)) - group-D0C1E50E0A2F: The snapshot info is null. Setting the last applied indexto:(t:0, i:~)
2020-06-03 00:03:00,262 [pool-51-thread-1] INFO  server.RaftServerConfigKeys (ConfUtils.java:logGet(44)) - raft.server.notification.no-leader.timeout = 60s (default)
2020-06-03 00:03:00,262 [pool-51-thread-1] INFO  server.RaftServerConfigKeys (ConfUtils.java:logGet(44)) - raft.server.log.use.memory = false (default)
2020-06-03 00:03:00,262 [pool-51-thread-1] INFO  server.RaftServerConfigKeys (ConfUtils.java:logGet(44)) - raft.server.log.purge.gap = 1000000 (custom)
2020-06-03 00:03:00,262 [pool-51-thread-1] INFO  server.RaftServerConfigKeys (ConfUtils.java:logGet(44)) - raft.server.log.appender.buffer.byte-limit = 33554432 (custom)
2020-06-03 00:03:00,262 [pool-51-thread-1] INFO  server.RaftServerConfigKeys (ConfUtils.java:logGet(44)) - raft.server.log.segment.size.max = 1048576 (custom)
2020-06-03 00:03:00,262 [pool-51-thread-1] INFO  metrics.RatisMetrics (RatisMetrics.java:lambda$create$0(39)) - Creating Metrics Registry : ratis.log_worker.262b2920-3aae-4e8c-af14-6dfd37806d4c
2020-06-03 00:03:00,263 [pool-51-thread-1] INFO  server.RaftServerConfigKeys (ConfUtils.java:logGet(44)) - raft.server.log.segment.cache.num.max = 2 (custom)
2020-06-03 00:03:00,263 [pool-51-thread-1] INFO  segmented.SegmentedRaftLogWorker (SegmentedRaftLogWorker.java:<init>(176)) - new 262b2920-3aae-4e8c-af14-6dfd37806d4c@group-D0C1E50E0A2F-SegmentedRaftLogWorker for RaftStorage:Storage Directory /github/workspace/mnt/ozone/hadoop-ozone/integration-test/target/test-dir/MiniOzoneClusterImpl-2891061e-f66a-4d07-82f0-9ea460497148/datanode-1/data/ratis/892b8947-3d86-43fe-a97f-d0c1e50e0a2f
2020-06-03 00:03:00,267 [pool-51-thread-1] INFO  server.RaftServerConfigKeys (ConfUtils.java:logGet(44)) - raft.server.log.queue.byte-limit = 2147483647 (custom)
2020-06-03 00:03:00,267 [pool-51-thread-1] INFO  server.RaftServerConfigKeys (ConfUtils.java:logGet(44)) - raft.server.log.queue.element-limit = 1024 (custom)
2020-06-03 00:03:00,267 [pool-51-thread-1] INFO  server.RaftServerConfigKeys (ConfUtils.java:logGet(44)) - raft.server.log.segment.size.max = 1048576 (custom)
2020-06-03 00:03:00,267 [pool-51-thread-1] INFO  server.RaftServerConfigKeys (ConfUtils.java:logGet(44)) - raft.server.log.preallocated.size = 16384 (custom)
2020-06-03 00:03:00,267 [pool-51-thread-1] INFO  server.RaftServerConfigKeys (ConfUtils.java:logGet(44)) - raft.server.log.write.buffer.size = 1048576 (custom)
2020-06-03 00:03:00,267 [pool-51-thread-1] INFO  server.RaftServerConfigKeys (ConfUtils.java:logGet(44)) - raft.server.log.force.sync.num = 128 (default)
2020-06-03 00:03:00,267 [pool-51-thread-1] INFO  server.RaftServerConfigKeys (ConfUtils.java:logGet(44)) - raft.server.log.statemachine.data.sync = true (default)
2020-06-03 00:03:00,267 [pool-51-thread-1] INFO  server.RaftServerConfigKeys (ConfUtils.java:logGet(44)) - raft.server.log.statemachine.data.sync.timeout = 10s (default)
2020-06-03 00:03:00,268 [pool-51-thread-1] INFO  server.RaftServerConfigKeys (ConfUtils.java:logGet(44)) - raft.server.log.statemachine.data.sync.timeout.retry = -1 (default)
2020-06-03 00:03:00,269 [pool-51-thread-1] INFO  server.RaftServerConfigKeys (ConfUtils.java:logGet(44)) - raft.server.log.statemachine.data.caching.enabled = true (custom)
2020-06-03 00:03:00,270 [pool-51-thread-1] INFO  segmented.SegmentedRaftLogWorker (SegmentedRaftLogWorker.java:lambda$new$0(129)) - 262b2920-3aae-4e8c-af14-6dfd37806d4c@group-D0C1E50E0A2F-SegmentedRaftLogWorker: flushIndex: setUnconditionally 0 -> -1
2020-06-03 00:03:00,273 [pool-51-thread-1] INFO  server.RaftServerConfigKeys (ConfUtils.java:logGet(44)) - raft.server.snapshot.auto.trigger.enabled = true (custom)
2020-06-03 00:03:00,273 [pool-51-thread-1] INFO  server.RaftServerConfigKeys (ConfUtils.java:logGet(44)) - raft.server.snapshot.auto.trigger.threshold = 10000 (custom)
2020-06-03 00:03:00,273 [pool-51-thread-1] INFO  server.RaftServerConfigKeys (ConfUtils.java:logGet(44)) - raft.server.snapshot.retention.file.num = 5 (custom)
2020-06-03 00:03:00,273 [pool-51-thread-1] INFO  server.RaftServerConfigKeys (ConfUtils.java:logGet(44)) - raft.server.log.purge.upto.snapshot.index = false (default)
2020-06-03 00:03:00,274 [pool-51-thread-1] INFO  server.RaftServerConfigKeys (ConfUtils.java:logGet(44)) - raft.server.retrycache.expirytime = 600000ms (custom)
2020-06-03 00:03:00,274 [pool-51-thread-1] INFO  metrics.RatisMetrics (RatisMetrics.java:lambda$create$0(39)) - Creating Metrics Registry : ratis.leader_election.262b2920-3aae-4e8c-af14-6dfd37806d4c@group-D0C1E50E0A2F
2020-06-03 00:03:00,274 [pool-51-thread-1] INFO  metrics.RatisMetrics (RatisMetrics.java:lambda$create$0(39)) - Creating Metrics Registry : ratis.server.262b2920-3aae-4e8c-af14-6dfd37806d4c@group-D0C1E50E0A2F
2020-06-03 00:03:00,275 [pool-51-thread-1] INFO  impl.RaftServerImpl (RaftServerImpl.java:start(184)) - 262b2920-3aae-4e8c-af14-6dfd37806d4c@group-D0C1E50E0A2F: start as a follower, conf=-1: [262b2920-3aae-4e8c-af14-6dfd37806d4c:172.17.0.2:43381], old=null
2020-06-03 00:03:00,276 [pool-51-thread-1] INFO  impl.RaftServerImpl (RaftServerImpl.java:setRole(173)) - 262b2920-3aae-4e8c-af14-6dfd37806d4c@group-D0C1E50E0A2F: changes role from      null to FOLLOWER at term 0 for startAsFollower
2020-06-03 00:03:00,281 [pool-51-thread-1] INFO  impl.RoleInfo (RoleInfo.java:updateAndGet(143)) - 262b2920-3aae-4e8c-af14-6dfd37806d4c: start FollowerState
2020-06-03 00:03:00,289 [pool-51-thread-1] INFO  util.JmxRegister (JmxRegister.java:tryRegister(44)) - Successfully registered JMX Bean with object name Ratis:service=RaftServer,group=group-D0C1E50E0A2F,id=262b2920-3aae-4e8c-af14-6dfd37806d4c
2020-06-03 00:03:00,290 [pool-51-thread-1] INFO  metrics.RatisMetrics (RatisMetrics.java:lambda$create$0(39)) - Creating Metrics Registry : ratis.state_machine.262b2920-3aae-4e8c-af14-6dfd37806d4c@group-D0C1E50E0A2F
2020-06-03 00:03:00,305 [Listener at 127.0.0.1/34949] INFO  ozone.MiniOzoneClusterImpl (MiniOzoneClusterImpl.java:lambda$waitForClusterToBeReady$0(177)) - Nodes are ready. Got 3 of 3 DN Heartbeats.
2020-06-03 00:03:00,305 [Listener at 127.0.0.1/34949] INFO  ozone.MiniOzoneClusterImpl (MiniOzoneClusterImpl.java:lambda$waitForClusterToBeReady$0(180)) - Waiting for cluster to exit safe mode
2020-06-03 00:03:00,297 [Command processor thread] INFO  commandhandler.CreatePipelineCommandHandler (CreatePipelineCommandHandler.java:handle(109)) - Created Pipeline RATIS ONE #id: "892b8947-3d86-43fe-a97f-d0c1e50e0a2f"
.
2020-06-03 00:03:00,311 [Command processor thread] INFO  impl.RaftServerProxy (RaftServerProxy.java:addNew(89)) - 262b2920-3aae-4e8c-af14-6dfd37806d4c: addNew group-B1B144E4518E:[262b2920-3aae-4e8c-af14-6dfd37806d4c:172.17.0.2:43381, cd73b8fa-ccfa-4b6e-9476-e967e85a58c5:172.17.0.2:43271, 4ecdb7ad-88a9-4051-a4a3-f69c6359d27c:172.17.0.2:35639] returns group-B1B144E4518E:java.util.concurrent.CompletableFuture@7dcbb002[Not completed]
2020-06-03 00:03:00,313 [pool-51-thread-1] INFO  impl.RaftServerImpl (RaftServerImpl.java:<init>(98)) - 262b2920-3aae-4e8c-af14-6dfd37806d4c: new RaftServerImpl for group-B1B144E4518E:[262b2920-3aae-4e8c-af14-6dfd37806d4c:172.17.0.2:43381, cd73b8fa-ccfa-4b6e-9476-e967e85a58c5:172.17.0.2:43271, 4ecdb7ad-88a9-4051-a4a3-f69c6359d27c:172.17.0.2:35639] with ContainerStateMachine:uninitialized
2020-06-03 00:03:00,314 [pool-51-thread-1] INFO  server.RaftServerConfigKeys (ConfUtils.java:logGet(44)) - raft.server.rpc.timeout.min = 5s (custom)
2020-06-03 00:03:00,314 [pool-51-thread-1] INFO  server.RaftServerConfigKeys (ConfUtils.java:logGet(44)) - raft.server.rpc.timeout.max = 5200ms (custom)
2020-06-03 00:03:00,314 [pool-51-thread-1] INFO  server.RaftServerConfigKeys (ConfUtils.java:logGet(44)) - raft.server.rpcslowness.timeout = 300s (custom)
2020-06-03 00:03:00,314 [pool-51-thread-1] INFO  server.RaftServerConfigKeys (ConfUtils.java:logGet(44)) - raft.server.sleep.deviation.threshold = 300 (default)
2020-06-03 00:03:00,314 [pool-51-thread-1] INFO  server.RaftServerConfigKeys (ConfUtils.java:logGet(44)) - raft.server.log.appender.install.snapshot.enabled = false (custom)
2020-06-03 00:03:00,314 [pool-51-thread-1] INFO  impl.RaftServerImpl (ServerState.java:<init>(103)) - 262b2920-3aae-4e8c-af14-6dfd37806d4c@group-B1B144E4518E: ConfigurationManager, init=-1: [262b2920-3aae-4e8c-af14-6dfd37806d4c:172.17.0.2:43381, cd73b8fa-ccfa-4b6e-9476-e967e85a58c5:172.17.0.2:43271, 4ecdb7ad-88a9-4051-a4a3-f69c6359d27c:172.17.0.2:35639], old=null, confs=<EMPTY_MAP>
2020-06-03 00:03:00,314 [pool-51-thread-1] INFO  server.RaftServerConfigKeys (ConfUtils.java:logGet(44)) - raft.server.storage.dir = [/github/workspace/mnt/ozone/hadoop-ozone/integration-test/target/test-dir/MiniOzoneClusterImpl-2891061e-f66a-4d07-82f0-9ea460497148/datanode-1/data/ratis] (custom)
2020-06-03 00:03:00,314 [pool-51-thread-1] INFO  server.RaftServerConfigKeys (ConfUtils.java:logGet(44)) - raft.server.log.corruption.policy = EXCEPTION (default)
2020-06-03 00:03:00,314 [pool-51-thread-1] INFO  storage.RaftStorageDirectory (RaftStorageDirectory.java:analyzeStorage(261)) - The storage directory /github/workspace/mnt/ozone/hadoop-ozone/integration-test/target/test-dir/MiniOzoneClusterImpl-2891061e-f66a-4d07-82f0-9ea460497148/datanode-1/data/ratis/f832cad9-6adb-44db-bdef-b1b144e4518e does not exist. Creating ...
2020-06-03 00:03:00,316 [pool-51-thread-1] INFO  storage.RaftStorageDirectory (RaftStorageDirectory.java:tryLock(343)) - Lock on /github/workspace/mnt/ozone/hadoop-ozone/integration-test/target/test-dir/MiniOzoneClusterImpl-2891061e-f66a-4d07-82f0-9ea460497148/datanode-1/data/ratis/f832cad9-6adb-44db-bdef-b1b144e4518e/in_use.lock acquired by nodename 43633@cc5e24879e7f
2020-06-03 00:03:00,318 [pool-51-thread-1] INFO  storage.RaftStorage (RaftStorage.java:format(84)) - Storage directory /github/workspace/mnt/ozone/hadoop-ozone/integration-test/target/test-dir/MiniOzoneClusterImpl-2891061e-f66a-4d07-82f0-9ea460497148/datanode-1/data/ratis/f832cad9-6adb-44db-bdef-b1b144e4518e has been successfully formatted.
2020-06-03 00:03:00,318 [pool-51-thread-1] INFO  ratis.ContainerStateMachine (ContainerStateMachine.java:loadSnapshot(226)) - group-B1B144E4518E: The snapshot info is null. Setting the last applied indexto:(t:0, i:~)
2020-06-03 00:03:00,318 [pool-51-thread-1] INFO  server.RaftServerConfigKeys (ConfUtils.java:logGet(44)) - raft.server.notification.no-leader.timeout = 60s (default)
2020-06-03 00:03:00,318 [pool-51-thread-1] INFO  server.RaftServerConfigKeys (ConfUtils.java:logGet(44)) - raft.server.log.use.memory = false (default)
2020-06-03 00:03:00,318 [pool-51-thread-1] INFO  server.RaftServerConfigKeys (ConfUtils.java:logGet(44)) - raft.server.log.purge.gap = 1000000 (custom)
2020-06-03 00:03:00,318 [pool-51-thread-1] INFO  server.RaftServerConfigKeys (ConfUtils.java:logGet(44)) - raft.server.log.appender.buffer.byte-limit = 33554432 (custom)
2020-06-03 00:03:00,318 [pool-51-thread-1] INFO  server.RaftServerConfigKeys (ConfUtils.java:logGet(44)) - raft.server.log.segment.size.max = 1048576 (custom)
2020-06-03 00:03:00,319 [pool-51-thread-1] INFO  server.RaftServerConfigKeys (ConfUtils.java:logGet(44)) - raft.server.log.segment.cache.num.max = 2 (custom)
2020-06-03 00:03:00,319 [pool-51-thread-1] INFO  segmented.SegmentedRaftLogWorker (SegmentedRaftLogWorker.java:<init>(176)) - new 262b2920-3aae-4e8c-af14-6dfd37806d4c@group-B1B144E4518E-SegmentedRaftLogWorker for RaftStorage:Storage Directory /github/workspace/mnt/ozone/hadoop-ozone/integration-test/target/test-dir/MiniOzoneClusterImpl-2891061e-f66a-4d07-82f0-9ea460497148/datanode-1/data/ratis/f832cad9-6adb-44db-bdef-b1b144e4518e
2020-06-03 00:03:00,320 [pool-51-thread-1] INFO  server.RaftServerConfigKeys (ConfUtils.java:logGet(44)) - raft.server.log.queue.byte-limit = 2147483647 (custom)
2020-06-03 00:03:00,320 [pool-51-thread-1] INFO  server.RaftServerConfigKeys (ConfUtils.java:logGet(44)) - raft.server.log.queue.element-limit = 1024 (custom)
2020-06-03 00:03:00,320 [pool-51-thread-1] INFO  server.RaftServerConfigKeys (ConfUtils.java:logGet(44)) - raft.server.log.segment.size.max = 1048576 (custom)
2020-06-03 00:03:00,320 [pool-51-thread-1] INFO  server.RaftServerConfigKeys (ConfUtils.java:logGet(44)) - raft.server.log.preallocated.size = 16384 (custom)
2020-06-03 00:03:00,320 [pool-51-thread-1] INFO  server.RaftServerConfigKeys (ConfUtils.java:logGet(44)) - raft.server.log.write.buffer.size = 1048576 (custom)
2020-06-03 00:03:00,320 [pool-51-thread-1] INFO  server.RaftServerConfigKeys (ConfUtils.java:logGet(44)) - raft.server.log.force.sync.num = 128 (default)
2020-06-03 00:03:00,320 [pool-51-thread-1] INFO  server.RaftServerConfigKeys (ConfUtils.java:logGet(44)) - raft.server.log.statemachine.data.sync = true (default)
2020-06-03 00:03:00,320 [pool-51-thread-1] INFO  server.RaftServerConfigKeys (ConfUtils.java:logGet(44)) - raft.server.log.statemachine.data.sync.timeout = 10s (default)
2020-06-03 00:03:00,321 [pool-51-thread-1] INFO  server.RaftServerConfigKeys (ConfUtils.java:logGet(44)) - raft.server.log.statemachine.data.sync.timeout.retry = -1 (default)
2020-06-03 00:03:00,322 [pool-51-thread-1] INFO  server.RaftServerConfigKeys (ConfUtils.java:logGet(44)) - raft.server.log.statemachine.data.caching.enabled = true (custom)
2020-06-03 00:03:00,322 [pool-51-thread-1] INFO  segmented.SegmentedRaftLogWorker (SegmentedRaftLogWorker.java:lambda$new$0(129)) - 262b2920-3aae-4e8c-af14-6dfd37806d4c@group-B1B144E4518E-SegmentedRaftLogWorker: flushIndex: setUnconditionally 0 -> -1
2020-06-03 00:03:00,323 [Command processor thread] INFO  impl.RaftServerProxy (RaftServerProxy.java:addNew(89)) - cd73b8fa-ccfa-4b6e-9476-e967e85a58c5: addNew group-16E26A9DDE17:[cd73b8fa-ccfa-4b6e-9476-e967e85a58c5:172.17.0.2:43271] returns group-16E26A9DDE17:java.util.concurrent.CompletableFuture@2cf86ebd[Not completed]
2020-06-03 00:03:00,333 [pool-51-thread-1] INFO  server.RaftServerConfigKeys (ConfUtils.java:logGet(44)) - raft.server.snapshot.auto.trigger.enabled = true (custom)
2020-06-03 00:03:00,333 [pool-51-thread-1] INFO  server.RaftServerConfigKeys (ConfUtils.java:logGet(44)) - raft.server.snapshot.auto.trigger.threshold = 10000 (custom)
2020-06-03 00:03:00,333 [pool-51-thread-1] INFO  server.RaftServerConfigKeys (ConfUtils.java:logGet(44)) - raft.server.snapshot.retention.file.num = 5 (custom)
2020-06-03 00:03:00,334 [pool-51-thread-1] INFO  server.RaftServerConfigKeys (ConfUtils.java:logGet(44)) - raft.server.log.purge.upto.snapshot.index = false (default)
2020-06-03 00:03:00,334 [pool-51-thread-1] INFO  server.RaftServerConfigKeys (ConfUtils.java:logGet(44)) - raft.server.retrycache.expirytime = 600000ms (custom)
2020-06-03 00:03:00,334 [pool-51-thread-1] INFO  metrics.RatisMetrics (RatisMetrics.java:lambda$create$0(39)) - Creating Metrics Registry : ratis.leader_election.262b2920-3aae-4e8c-af14-6dfd37806d4c@group-B1B144E4518E
2020-06-03 00:03:00,334 [pool-51-thread-1] INFO  metrics.RatisMetrics (RatisMetrics.java:lambda$create$0(39)) - Creating Metrics Registry : ratis.server.262b2920-3aae-4e8c-af14-6dfd37806d4c@group-B1B144E4518E
2020-06-03 00:03:00,335 [pool-51-thread-1] INFO  impl.RaftServerImpl (RaftServerImpl.java:start(184)) - 262b2920-3aae-4e8c-af14-6dfd37806d4c@group-B1B144E4518E: start as a follower, conf=-1: [262b2920-3aae-4e8c-af14-6dfd37806d4c:172.17.0.2:43381, cd73b8fa-ccfa-4b6e-9476-e967e85a58c5:172.17.0.2:43271, 4ecdb7ad-88a9-4051-a4a3-f69c6359d27c:172.17.0.2:35639], old=null
2020-06-03 00:03:00,335 [pool-51-thread-1] INFO  impl.RaftServerImpl (RaftServerImpl.java:setRole(173)) - 262b2920-3aae-4e8c-af14-6dfd37806d4c@group-B1B144E4518E: changes role from      null to FOLLOWER at term 0 for startAsFollower
2020-06-03 00:03:00,335 [pool-51-thread-1] INFO  impl.RoleInfo (RoleInfo.java:updateAndGet(143)) - 262b2920-3aae-4e8c-af14-6dfd37806d4c: start FollowerState
2020-06-03 00:03:00,343 [pool-51-thread-1] INFO  util.JmxRegister (JmxRegister.java:tryRegister(44)) - Successfully registered JMX Bean with object name Ratis:service=RaftServer,group=group-B1B144E4518E,id=262b2920-3aae-4e8c-af14-6dfd37806d4c
2020-06-03 00:03:00,343 [pool-51-thread-1] INFO  metrics.RatisMetrics (RatisMetrics.java:lambda$create$0(39)) - Creating Metrics Registry : ratis.state_machine.262b2920-3aae-4e8c-af14-6dfd37806d4c@group-B1B144E4518E
2020-06-03 00:03:00,358 [pool-67-thread-1] INFO  impl.RaftServerImpl (RaftServerImpl.java:<init>(98)) - cd73b8fa-ccfa-4b6e-9476-e967e85a58c5: new RaftServerImpl for group-16E26A9DDE17:[cd73b8fa-ccfa-4b6e-9476-e967e85a58c5:172.17.0.2:43271] with ContainerStateMachine:uninitialized
2020-06-03 00:03:00,361 [pool-67-thread-1] INFO  server.RaftServerConfigKeys (ConfUtils.java:logGet(44)) - raft.server.rpc.timeout.min = 5s (custom)
2020-06-03 00:03:00,362 [pool-67-thread-1] INFO  server.RaftServerConfigKeys (ConfUtils.java:logGet(44)) - raft.server.rpc.timeout.max = 5200ms (custom)
2020-06-03 00:03:00,362 [pool-67-thread-1] INFO  server.RaftServerConfigKeys (ConfUtils.java:logGet(44)) - raft.server.rpcslowness.timeout = 300s (custom)
2020-06-03 00:03:00,362 [pool-67-thread-1] INFO  server.RaftServerConfigKeys (ConfUtils.java:logGet(44)) - raft.server.sleep.deviation.threshold = 300 (default)
2020-06-03 00:03:00,362 [pool-67-thread-1] INFO  server.RaftServerConfigKeys (ConfUtils.java:logGet(44)) - raft.server.log.appender.install.snapshot.enabled = false (custom)
2020-06-03 00:03:00,362 [pool-67-thread-1] INFO  impl.RaftServerImpl (ServerState.java:<init>(103)) - cd73b8fa-ccfa-4b6e-9476-e967e85a58c5@group-16E26A9DDE17: ConfigurationManager, init=-1: [cd73b8fa-ccfa-4b6e-9476-e967e85a58c5:172.17.0.2:43271], old=null, confs=<EMPTY_MAP>
2020-06-03 00:03:00,362 [pool-67-thread-1] INFO  server.RaftServerConfigKeys (ConfUtils.java:logGet(44)) - raft.server.storage.dir = [/github/workspace/mnt/ozone/hadoop-ozone/integration-test/target/test-dir/MiniOzoneClusterImpl-2891061e-f66a-4d07-82f0-9ea460497148/datanode-2/data/ratis] (custom)
2020-06-03 00:03:00,362 [pool-67-thread-1] INFO  server.RaftServerConfigKeys (ConfUtils.java:logGet(44)) - raft.server.log.corruption.policy = EXCEPTION (default)
2020-06-03 00:03:00,363 [pool-67-thread-1] INFO  storage.RaftStorageDirectory (RaftStorageDirectory.java:analyzeStorage(261)) - The storage directory /github/workspace/mnt/ozone/hadoop-ozone/integration-test/target/test-dir/MiniOzoneClusterImpl-2891061e-f66a-4d07-82f0-9ea460497148/datanode-2/data/ratis/523a4e9f-7ddc-48f4-91be-16e26a9dde17 does not exist. Creating ...
2020-06-03 00:03:00,370 [pool-67-thread-1] INFO  storage.RaftStorageDirectory (RaftStorageDirectory.java:tryLock(343)) - Lock on /github/workspace/mnt/ozone/hadoop-ozone/integration-test/target/test-dir/MiniOzoneClusterImpl-2891061e-f66a-4d07-82f0-9ea460497148/datanode-2/data/ratis/523a4e9f-7ddc-48f4-91be-16e26a9dde17/in_use.lock acquired by nodename 43633@cc5e24879e7f
2020-06-03 00:03:00,373 [pool-67-thread-1] INFO  storage.RaftStorage (RaftStorage.java:format(84)) - Storage directory /github/workspace/mnt/ozone/hadoop-ozone/integration-test/target/test-dir/MiniOzoneClusterImpl-2891061e-f66a-4d07-82f0-9ea460497148/datanode-2/data/ratis/523a4e9f-7ddc-48f4-91be-16e26a9dde17 has been successfully formatted.
2020-06-03 00:03:00,373 [pool-67-thread-1] INFO  ratis.ContainerStateMachine (ContainerStateMachine.java:loadSnapshot(226)) - group-16E26A9DDE17: The snapshot info is null. Setting the last applied indexto:(t:0, i:~)
2020-06-03 00:03:00,374 [pool-67-thread-1] INFO  server.RaftServerConfigKeys (ConfUtils.java:logGet(44)) - raft.server.notification.no-leader.timeout = 60s (default)
2020-06-03 00:03:00,374 [pool-67-thread-1] INFO  server.RaftServerConfigKeys (ConfUtils.java:logGet(44)) - raft.server.log.use.memory = false (default)
2020-06-03 00:03:00,374 [pool-67-thread-1] INFO  server.RaftServerConfigKeys (ConfUtils.java:logGet(44)) - raft.server.log.purge.gap = 1000000 (custom)
2020-06-03 00:03:00,374 [pool-67-thread-1] INFO  server.RaftServerConfigKeys (ConfUtils.java:logGet(44)) - raft.server.log.appender.buffer.byte-limit = 33554432 (custom)
2020-06-03 00:03:00,374 [pool-67-thread-1] INFO  server.RaftServerConfigKeys (ConfUtils.java:logGet(44)) - raft.server.log.segment.size.max = 1048576 (custom)
2020-06-03 00:03:00,374 [pool-67-thread-1] INFO  metrics.RatisMetrics (RatisMetrics.java:lambda$create$0(39)) - Creating Metrics Registry : ratis.log_worker.cd73b8fa-ccfa-4b6e-9476-e967e85a58c5
2020-06-03 00:03:00,374 [pool-67-thread-1] INFO  server.RaftServerConfigKeys (ConfUtils.java:logGet(44)) - raft.server.log.segment.cache.num.max = 2 (custom)
2020-06-03 00:03:00,374 [pool-67-thread-1] INFO  segmented.SegmentedRaftLogWorker (SegmentedRaftLogWorker.java:<init>(176)) - new cd73b8fa-ccfa-4b6e-9476-e967e85a58c5@group-16E26A9DDE17-SegmentedRaftLogWorker for RaftStorage:Storage Directory /github/workspace/mnt/ozone/hadoop-ozone/integration-test/target/test-dir/MiniOzoneClusterImpl-2891061e-f66a-4d07-82f0-9ea460497148/datanode-2/data/ratis/523a4e9f-7ddc-48f4-91be-16e26a9dde17
2020-06-03 00:03:00,374 [pool-67-thread-1] INFO  server.RaftServerConfigKeys (ConfUtils.java:logGet(44)) - raft.server.log.queue.byte-limit = 2147483647 (custom)
2020-06-03 00:03:00,374 [pool-67-thread-1] INFO  server.RaftServerConfigKeys (ConfUtils.java:logGet(44)) - raft.server.log.queue.element-limit = 1024 (custom)
2020-06-03 00:03:00,374 [pool-67-thread-1] INFO  server.RaftServerConfigKeys (ConfUtils.java:logGet(44)) - raft.server.log.segment.size.max = 1048576 (custom)
2020-06-03 00:03:00,374 [pool-67-thread-1] INFO  server.RaftServerConfigKeys (ConfUtils.java:logGet(44)) - raft.server.log.preallocated.size = 16384 (custom)
2020-06-03 00:03:00,375 [pool-67-thread-1] INFO  server.RaftServerConfigKeys (ConfUtils.java:logGet(44)) - raft.server.log.write.buffer.size = 1048576 (custom)
2020-06-03 00:03:00,375 [pool-67-thread-1] INFO  server.RaftServerConfigKeys (ConfUtils.java:logGet(44)) - raft.server.log.force.sync.num = 128 (default)
2020-06-03 00:03:00,375 [pool-67-thread-1] INFO  server.RaftServerConfigKeys (ConfUtils.java:logGet(44)) - raft.server.log.statemachine.data.sync = true (default)
2020-06-03 00:03:00,375 [pool-67-thread-1] INFO  server.RaftServerConfigKeys (ConfUtils.java:logGet(44)) - raft.server.log.statemachine.data.sync.timeout = 10s (default)
2020-06-03 00:03:00,375 [pool-67-thread-1] INFO  server.RaftServerConfigKeys (ConfUtils.java:logGet(44)) - raft.server.log.statemachine.data.sync.timeout.retry = -1 (default)
2020-06-03 00:03:00,376 [pool-67-thread-1] INFO  server.RaftServerConfigKeys (ConfUtils.java:logGet(44)) - raft.server.log.statemachine.data.caching.enabled = true (custom)
2020-06-03 00:03:00,377 [pool-67-thread-1] INFO  segmented.SegmentedRaftLogWorker (SegmentedRaftLogWorker.java:lambda$new$0(129)) - cd73b8fa-ccfa-4b6e-9476-e967e85a58c5@group-16E26A9DDE17-SegmentedRaftLogWorker: flushIndex: setUnconditionally 0 -> -1
2020-06-03 00:03:00,377 [Datanode State Machine Thread - 0] ERROR statemachine.DatanodeStateMachine (DatanodeStateMachine.java:lambda$startDaemon$0(378)) - Unable to start the DatanodeState Machine
java.io.IOException: Unable to finish the execution.
	at org.apache.hadoop.ozone.container.common.statemachine.DatanodeStateMachine.start(DatanodeStateMachine.java:219)
	at org.apache.hadoop.ozone.container.common.statemachine.DatanodeStateMachine.lambda$startDaemon$0(DatanodeStateMachine.java:375)
	at java.lang.Thread.run(Thread.java:748)
Caused by: java.lang.InterruptedException: sleep interrupted
	at java.lang.Thread.sleep(Native Method)
	at org.apache.hadoop.ozone.container.common.statemachine.DatanodeStateMachine.start(DatanodeStateMachine.java:212)
	... 2 more
2020-06-03 00:03:00,379 [pool-67-thread-1] INFO  server.RaftServerConfigKeys (ConfUtils.java:logGet(44)) - raft.server.snapshot.auto.trigger.enabled = true (custom)
2020-06-03 00:03:00,379 [pool-67-thread-1] INFO  server.RaftServerConfigKeys (ConfUtils.java:logGet(44)) - raft.server.snapshot.auto.trigger.threshold = 10000 (custom)
2020-06-03 00:03:00,379 [pool-67-thread-1] INFO  server.RaftServerConfigKeys (ConfUtils.java:logGet(44)) - raft.server.snapshot.retention.file.num = 5 (custom)
2020-06-03 00:03:00,379 [pool-67-thread-1] INFO  server.RaftServerConfigKeys (ConfUtils.java:logGet(44)) - raft.server.log.purge.upto.snapshot.index = false (default)
2020-06-03 00:03:00,380 [pool-67-thread-1] INFO  server.RaftServerConfigKeys (ConfUtils.java:logGet(44)) - raft.server.retrycache.expirytime = 600000ms (custom)
2020-06-03 00:03:00,380 [pool-67-thread-1] INFO  metrics.RatisMetrics (RatisMetrics.java:lambda$create$0(39)) - Creating Metrics Registry : ratis.leader_election.cd73b8fa-ccfa-4b6e-9476-e967e85a58c5@group-16E26A9DDE17
2020-06-03 00:03:00,380 [pool-67-thread-1] INFO  metrics.RatisMetrics (RatisMetrics.java:lambda$create$0(39)) - Creating Metrics Registry : ratis.server.cd73b8fa-ccfa-4b6e-9476-e967e85a58c5@group-16E26A9DDE17
2020-06-03 00:03:00,384 [pool-67-thread-1] INFO  impl.RaftServerImpl (RaftServerImpl.java:start(184)) - cd73b8fa-ccfa-4b6e-9476-e967e85a58c5@group-16E26A9DDE17: start as a follower, conf=-1: [cd73b8fa-ccfa-4b6e-9476-e967e85a58c5:172.17.0.2:43271], old=null
2020-06-03 00:03:00,386 [pool-67-thread-1] INFO  impl.RaftServerImpl (RaftServerImpl.java:setRole(173)) - cd73b8fa-ccfa-4b6e-9476-e967e85a58c5@group-16E26A9DDE17: changes role from      null to FOLLOWER at term 0 for startAsFollower
2020-06-03 00:03:00,397 [pool-67-thread-1] INFO  impl.RoleInfo (RoleInfo.java:updateAndGet(143)) - cd73b8fa-ccfa-4b6e-9476-e967e85a58c5: start FollowerState
2020-06-03 00:03:00,405 [pool-67-thread-1] INFO  util.JmxRegister (JmxRegister.java:tryRegister(44)) - Successfully registered JMX Bean with object name Ratis:service=RaftServer,group=group-16E26A9DDE17,id=cd73b8fa-ccfa-4b6e-9476-e967e85a58c5
2020-06-03 00:03:00,405 [pool-67-thread-1] INFO  metrics.RatisMetrics (RatisMetrics.java:lambda$create$0(39)) - Creating Metrics Registry : ratis.state_machine.cd73b8fa-ccfa-4b6e-9476-e967e85a58c5@group-16E26A9DDE17
2020-06-03 00:03:00,422 [Command processor thread] INFO  commandhandler.CreatePipelineCommandHandler (CreatePipelineCommandHandler.java:handle(109)) - Created Pipeline RATIS ONE #id: "523a4e9f-7ddc-48f4-91be-16e26a9dde17"
.
2020-06-03 00:03:00,422 [Command processor thread] INFO  impl.RaftServerProxy (RaftServerProxy.java:addNew(89)) - cd73b8fa-ccfa-4b6e-9476-e967e85a58c5: addNew group-B1B144E4518E:[262b2920-3aae-4e8c-af14-6dfd37806d4c:172.17.0.2:43381, cd73b8fa-ccfa-4b6e-9476-e967e85a58c5:172.17.0.2:43271, 4ecdb7ad-88a9-4051-a4a3-f69c6359d27c:172.17.0.2:35639] returns group-B1B144E4518E:java.util.concurrent.CompletableFuture@28c7fffa[Not completed]
2020-06-03 00:03:00,424 [pool-67-thread-1] INFO  impl.RaftServerImpl (RaftServerImpl.java:<init>(98)) - cd73b8fa-ccfa-4b6e-9476-e967e85a58c5: new RaftServerImpl for group-B1B144E4518E:[262b2920-3aae-4e8c-af14-6dfd37806d4c:172.17.0.2:43381, cd73b8fa-ccfa-4b6e-9476-e967e85a58c5:172.17.0.2:43271, 4ecdb7ad-88a9-4051-a4a3-f69c6359d27c:172.17.0.2:35639] with ContainerStateMachine:uninitialized
2020-06-03 00:03:00,424 [pool-67-thread-1] INFO  server.RaftServerConfigKeys (ConfUtils.java:logGet(44)) - raft.server.rpc.timeout.min = 5s (custom)
2020-06-03 00:03:00,424 [pool-67-thread-1] INFO  server.RaftServerConfigKeys (ConfUtils.java:logGet(44)) - raft.server.rpc.timeout.max = 5200ms (custom)
2020-06-03 00:03:00,424 [pool-67-thread-1] INFO  server.RaftServerConfigKeys (ConfUtils.java:logGet(44)) - raft.server.rpcslowness.timeout = 300s (custom)
2020-06-03 00:03:00,424 [pool-67-thread-1] INFO  server.RaftServerConfigKeys (ConfUtils.java:logGet(44)) - raft.server.sleep.deviation.threshold = 300 (default)
2020-06-03 00:03:00,424 [pool-67-thread-1] INFO  server.RaftServerConfigKeys (ConfUtils.java:logGet(44)) - raft.server.log.appender.install.snapshot.enabled = false (custom)
2020-06-03 00:03:00,424 [pool-67-thread-1] INFO  impl.RaftServerImpl (ServerState.java:<init>(103)) - cd73b8fa-ccfa-4b6e-9476-e967e85a58c5@group-B1B144E4518E: ConfigurationManager, init=-1: [262b2920-3aae-4e8c-af14-6dfd37806d4c:172.17.0.2:43381, cd73b8fa-ccfa-4b6e-9476-e967e85a58c5:172.17.0.2:43271, 4ecdb7ad-88a9-4051-a4a3-f69c6359d27c:172.17.0.2:35639], old=null, confs=<EMPTY_MAP>
2020-06-03 00:03:00,424 [pool-67-thread-1] INFO  server.RaftServerConfigKeys (ConfUtils.java:logGet(44)) - raft.server.storage.dir = [/github/workspace/mnt/ozone/hadoop-ozone/integration-test/target/test-dir/MiniOzoneClusterImpl-2891061e-f66a-4d07-82f0-9ea460497148/datanode-2/data/ratis] (custom)
2020-06-03 00:03:00,425 [pool-67-thread-1] INFO  server.RaftServerConfigKeys (ConfUtils.java:logGet(44)) - raft.server.log.corruption.policy = EXCEPTION (default)
2020-06-03 00:03:00,425 [pool-67-thread-1] INFO  storage.RaftStorageDirectory (RaftStorageDirectory.java:analyzeStorage(261)) - The storage directory /github/workspace/mnt/ozone/hadoop-ozone/integration-test/target/test-dir/MiniOzoneClusterImpl-2891061e-f66a-4d07-82f0-9ea460497148/datanode-2/data/ratis/f832cad9-6adb-44db-bdef-b1b144e4518e does not exist. Creating ...
2020-06-03 00:03:00,440 [pool-67-thread-1] INFO  storage.RaftStorageDirectory (RaftStorageDirectory.java:tryLock(343)) - Lock on /github/workspace/mnt/ozone/hadoop-ozone/integration-test/target/test-dir/MiniOzoneClusterImpl-2891061e-f66a-4d07-82f0-9ea460497148/datanode-2/data/ratis/f832cad9-6adb-44db-bdef-b1b144e4518e/in_use.lock acquired by nodename 43633@cc5e24879e7f
2020-06-03 00:03:00,444 [pool-67-thread-1] INFO  storage.RaftStorage (RaftStorage.java:format(84)) - Storage directory /github/workspace/mnt/ozone/hadoop-ozone/integration-test/target/test-dir/MiniOzoneClusterImpl-2891061e-f66a-4d07-82f0-9ea460497148/datanode-2/data/ratis/f832cad9-6adb-44db-bdef-b1b144e4518e has been successfully formatted.
2020-06-03 00:03:00,444 [pool-67-thread-1] INFO  ratis.ContainerStateMachine (ContainerStateMachine.java:loadSnapshot(226)) - group-B1B144E4518E: The snapshot info is null. Setting the last applied indexto:(t:0, i:~)
2020-06-03 00:03:00,444 [pool-67-thread-1] INFO  server.RaftServerConfigKeys (ConfUtils.java:logGet(44)) - raft.server.notification.no-leader.timeout = 60s (default)
2020-06-03 00:03:00,444 [pool-67-thread-1] INFO  server.RaftServerConfigKeys (ConfUtils.java:logGet(44)) - raft.server.log.use.memory = false (default)
2020-06-03 00:03:00,444 [pool-67-thread-1] INFO  server.RaftServerConfigKeys (ConfUtils.java:logGet(44)) - raft.server.log.purge.gap = 1000000 (custom)
2020-06-03 00:03:00,444 [pool-67-thread-1] INFO  server.RaftServerConfigKeys (ConfUtils.java:logGet(44)) - raft.server.log.appender.buffer.byte-limit = 33554432 (custom)
2020-06-03 00:03:00,444 [pool-67-thread-1] INFO  server.RaftServerConfigKeys (ConfUtils.java:logGet(44)) - raft.server.log.segment.size.max = 1048576 (custom)
2020-06-03 00:03:00,445 [pool-67-thread-1] INFO  server.RaftServerConfigKeys (ConfUtils.java:logGet(44)) - raft.server.log.segment.cache.num.max = 2 (custom)
2020-06-03 00:03:00,445 [pool-67-thread-1] INFO  segmented.SegmentedRaftLogWorker (SegmentedRaftLogWorker.java:<init>(176)) - new cd73b8fa-ccfa-4b6e-9476-e967e85a58c5@group-B1B144E4518E-SegmentedRaftLogWorker for RaftStorage:Storage Directory /github/workspace/mnt/ozone/hadoop-ozone/integration-test/target/test-dir/MiniOzoneClusterImpl-2891061e-f66a-4d07-82f0-9ea460497148/datanode-2/data/ratis/f832cad9-6adb-44db-bdef-b1b144e4518e
2020-06-03 00:03:00,445 [pool-67-thread-1] INFO  server.RaftServerConfigKeys (ConfUtils.java:logGet(44)) - raft.server.log.queue.byte-limit = 2147483647 (custom)
2020-06-03 00:03:00,445 [pool-67-thread-1] INFO  server.RaftServerConfigKeys (ConfUtils.java:logGet(44)) - raft.server.log.queue.element-limit = 1024 (custom)
2020-06-03 00:03:00,445 [pool-67-thread-1] INFO  server.RaftServerConfigKeys (ConfUtils.java:logGet(44)) - raft.server.log.segment.size.max = 1048576 (custom)
2020-06-03 00:03:00,445 [pool-67-thread-1] INFO  server.RaftServerConfigKeys (ConfUtils.java:logGet(44)) - raft.server.log.preallocated.size = 16384 (custom)
2020-06-03 00:03:00,445 [pool-67-thread-1] INFO  server.RaftServerConfigKeys (ConfUtils.java:logGet(44)) - raft.server.log.write.buffer.size = 1048576 (custom)
2020-06-03 00:03:00,446 [pool-67-thread-1] INFO  server.RaftServerConfigKeys (ConfUtils.java:logGet(44)) - raft.server.log.force.sync.num = 128 (default)
2020-06-03 00:03:00,446 [pool-67-thread-1] INFO  server.RaftServerConfigKeys (ConfUtils.java:logGet(44)) - raft.server.log.statemachine.data.sync = true (default)
2020-06-03 00:03:00,446 [pool-67-thread-1] INFO  server.RaftServerConfigKeys (ConfUtils.java:logGet(44)) - raft.server.log.statemachine.data.sync.timeout = 10s (default)
2020-06-03 00:03:00,446 [pool-67-thread-1] INFO  server.RaftServerConfigKeys (ConfUtils.java:logGet(44)) - raft.server.log.statemachine.data.sync.timeout.retry = -1 (default)
2020-06-03 00:03:00,446 [pool-67-thread-1] INFO  server.RaftServerConfigKeys (ConfUtils.java:logGet(44)) - raft.server.log.statemachine.data.caching.enabled = true (custom)
2020-06-03 00:03:00,447 [pool-67-thread-1] INFO  segmented.SegmentedRaftLogWorker (SegmentedRaftLogWorker.java:lambda$new$0(129)) - cd73b8fa-ccfa-4b6e-9476-e967e85a58c5@group-B1B144E4518E-SegmentedRaftLogWorker: flushIndex: setUnconditionally 0 -> -1
2020-06-03 00:03:00,451 [pool-67-thread-1] INFO  server.RaftServerConfigKeys (ConfUtils.java:logGet(44)) - raft.server.snapshot.auto.trigger.enabled = true (custom)
2020-06-03 00:03:00,452 [pool-67-thread-1] INFO  server.RaftServerConfigKeys (ConfUtils.java:logGet(44)) - raft.server.snapshot.auto.trigger.threshold = 10000 (custom)
2020-06-03 00:03:00,452 [pool-67-thread-1] INFO  server.RaftServerConfigKeys (ConfUtils.java:logGet(44)) - raft.server.snapshot.retention.file.num = 5 (custom)
2020-06-03 00:03:00,452 [pool-67-thread-1] INFO  server.RaftServerConfigKeys (ConfUtils.java:logGet(44)) - raft.server.log.purge.upto.snapshot.index = false (default)
2020-06-03 00:03:00,452 [pool-67-thread-1] INFO  server.RaftServerConfigKeys (ConfUtils.java:logGet(44)) - raft.server.retrycache.expirytime = 600000ms (custom)
2020-06-03 00:03:00,452 [pool-67-thread-1] INFO  metrics.RatisMetrics (RatisMetrics.java:lambda$create$0(39)) - Creating Metrics Registry : ratis.leader_election.cd73b8fa-ccfa-4b6e-9476-e967e85a58c5@group-B1B144E4518E
2020-06-03 00:03:00,455 [pool-67-thread-1] INFO  metrics.RatisMetrics (RatisMetrics.java:lambda$create$0(39)) - Creating Metrics Registry : ratis.server.cd73b8fa-ccfa-4b6e-9476-e967e85a58c5@group-B1B144E4518E
2020-06-03 00:03:00,457 [pool-67-thread-1] INFO  impl.RaftServerImpl (RaftServerImpl.java:start(184)) - cd73b8fa-ccfa-4b6e-9476-e967e85a58c5@group-B1B144E4518E: start as a follower, conf=-1: [262b2920-3aae-4e8c-af14-6dfd37806d4c:172.17.0.2:43381, cd73b8fa-ccfa-4b6e-9476-e967e85a58c5:172.17.0.2:43271, 4ecdb7ad-88a9-4051-a4a3-f69c6359d27c:172.17.0.2:35639], old=null
2020-06-03 00:03:00,458 [pool-67-thread-1] INFO  impl.RaftServerImpl (RaftServerImpl.java:setRole(173)) - cd73b8fa-ccfa-4b6e-9476-e967e85a58c5@group-B1B144E4518E: changes role from      null to FOLLOWER at term 0 for startAsFollower
2020-06-03 00:03:00,458 [pool-67-thread-1] INFO  impl.RoleInfo (RoleInfo.java:updateAndGet(143)) - cd73b8fa-ccfa-4b6e-9476-e967e85a58c5: start FollowerState
2020-06-03 00:03:00,469 [pool-67-thread-1] INFO  util.JmxRegister (JmxRegister.java:tryRegister(44)) - Successfully registered JMX Bean with object name Ratis:service=RaftServer,group=group-B1B144E4518E,id=cd73b8fa-ccfa-4b6e-9476-e967e85a58c5
2020-06-03 00:03:00,469 [pool-67-thread-1] INFO  metrics.RatisMetrics (RatisMetrics.java:lambda$create$0(39)) - Creating Metrics Registry : ratis.state_machine.cd73b8fa-ccfa-4b6e-9476-e967e85a58c5@group-B1B144E4518E
2020-06-03 00:03:00,910 [Command processor thread] INFO  commandhandler.CreatePipelineCommandHandler (CreatePipelineCommandHandler.java:handle(109)) - Created Pipeline RATIS THREE #id: "f832cad9-6adb-44db-bdef-b1b144e4518e"
.
2020-06-03 00:03:00,917 [Command processor thread] INFO  commandhandler.CreatePipelineCommandHandler (CreatePipelineCommandHandler.java:handle(109)) - Created Pipeline RATIS THREE #id: "f832cad9-6adb-44db-bdef-b1b144e4518e"
.
2020-06-03 00:03:00,919 [Command processor thread] INFO  commandhandler.CreatePipelineCommandHandler (CreatePipelineCommandHandler.java:handle(109)) - Created Pipeline RATIS THREE #id: "f832cad9-6adb-44db-bdef-b1b144e4518e"
.
2020-06-03 00:03:01,305 [Listener at 127.0.0.1/34949] INFO  ozone.MiniOzoneClusterImpl (MiniOzoneClusterImpl.java:lambda$waitForClusterToBeReady$0(177)) - Nodes are ready. Got 3 of 3 DN Heartbeats.
2020-06-03 00:03:01,306 [Listener at 127.0.0.1/34949] INFO  ozone.MiniOzoneClusterImpl (MiniOzoneClusterImpl.java:lambda$waitForClusterToBeReady$0(180)) - Waiting for cluster to exit safe mode
2020-06-03 00:03:02,306 [Listener at 127.0.0.1/34949] INFO  ozone.MiniOzoneClusterImpl (MiniOzoneClusterImpl.java:lambda$waitForClusterToBeReady$0(177)) - Nodes are ready. Got 3 of 3 DN Heartbeats.
2020-06-03 00:03:02,306 [Listener at 127.0.0.1/34949] INFO  ozone.MiniOzoneClusterImpl (MiniOzoneClusterImpl.java:lambda$waitForClusterToBeReady$0(180)) - Waiting for cluster to exit safe mode
2020-06-03 00:03:03,306 [Listener at 127.0.0.1/34949] INFO  ozone.MiniOzoneClusterImpl (MiniOzoneClusterImpl.java:lambda$waitForClusterToBeReady$0(177)) - Nodes are ready. Got 3 of 3 DN Heartbeats.
2020-06-03 00:03:03,306 [Listener at 127.0.0.1/34949] INFO  ozone.MiniOzoneClusterImpl (MiniOzoneClusterImpl.java:lambda$waitForClusterToBeReady$0(180)) - Waiting for cluster to exit safe mode
2020-06-03 00:03:04,307 [Listener at 127.0.0.1/34949] INFO  ozone.MiniOzoneClusterImpl (MiniOzoneClusterImpl.java:lambda$waitForClusterToBeReady$0(177)) - Nodes are ready. Got 3 of 3 DN Heartbeats.
2020-06-03 00:03:04,307 [Listener at 127.0.0.1/34949] INFO  ozone.MiniOzoneClusterImpl (MiniOzoneClusterImpl.java:lambda$waitForClusterToBeReady$0(180)) - Waiting for cluster to exit safe mode
2020-06-03 00:03:05,217 [Thread-177] INFO  impl.FollowerState (FollowerState.java:run(108)) - 4ecdb7ad-88a9-4051-a4a3-f69c6359d27c@group-669DA4DA438D-FollowerState: change to CANDIDATE, lastRpcTime:5049ms, electionTimeout:5042ms
2020-06-03 00:03:05,222 [Thread-177] INFO  impl.RoleInfo (RoleInfo.java:shutdownFollowerState(121)) - 4ecdb7ad-88a9-4051-a4a3-f69c6359d27c: shutdown FollowerState
2020-06-03 00:03:05,223 [Thread-177] INFO  impl.RaftServerImpl (RaftServerImpl.java:setRole(173)) - 4ecdb7ad-88a9-4051-a4a3-f69c6359d27c@group-669DA4DA438D: changes role from  FOLLOWER to CANDIDATE at term 0 for changeToCandidate
2020-06-03 00:03:05,225 [Thread-177] INFO  impl.RoleInfo (RoleInfo.java:updateAndGet(143)) - 4ecdb7ad-88a9-4051-a4a3-f69c6359d27c: start LeaderElection
2020-06-03 00:03:05,266 [4ecdb7ad-88a9-4051-a4a3-f69c6359d27c@group-669DA4DA438D-LeaderElection1] INFO  impl.LeaderElection (LeaderElection.java:askForVotes(206)) - 4ecdb7ad-88a9-4051-a4a3-f69c6359d27c@group-669DA4DA438D-LeaderElection1: begin an election at term 1 for -1: [4ecdb7ad-88a9-4051-a4a3-f69c6359d27c:172.17.0.2:35639], old=null
2020-06-03 00:03:05,267 [4ecdb7ad-88a9-4051-a4a3-f69c6359d27c@group-669DA4DA438D-LeaderElection1] INFO  impl.RoleInfo (RoleInfo.java:shutdownLeaderElection(134)) - 4ecdb7ad-88a9-4051-a4a3-f69c6359d27c: shutdown LeaderElection
2020-06-03 00:03:05,267 [4ecdb7ad-88a9-4051-a4a3-f69c6359d27c@group-669DA4DA438D-LeaderElection1] INFO  impl.RaftServerImpl (RaftServerImpl.java:setRole(173)) - 4ecdb7ad-88a9-4051-a4a3-f69c6359d27c@group-669DA4DA438D: changes role from CANDIDATE to LEADER at term 1 for changeToLeader
2020-06-03 00:03:05,268 [4ecdb7ad-88a9-4051-a4a3-f69c6359d27c@group-669DA4DA438D-LeaderElection1] INFO  ratis.XceiverServerRatis (XceiverServerRatis.java:handleLeaderChangedNotification(762)) - Leader change notification received for group: group-669DA4DA438D with new leaderId: 4ecdb7ad-88a9-4051-a4a3-f69c6359d27c
2020-06-03 00:03:05,268 [4ecdb7ad-88a9-4051-a4a3-f69c6359d27c@group-669DA4DA438D-LeaderElection1] INFO  impl.RaftServerImpl (ServerState.java:setLeader(255)) - 4ecdb7ad-88a9-4051-a4a3-f69c6359d27c@group-669DA4DA438D: change Leader from null to 4ecdb7ad-88a9-4051-a4a3-f69c6359d27c at term 1 for becomeLeader, leader elected after 5189ms
2020-06-03 00:03:05,271 [4ecdb7ad-88a9-4051-a4a3-f69c6359d27c@group-669DA4DA438D-LeaderElection1] INFO  server.RaftServerConfigKeys (ConfUtils.java:logGet(44)) - raft.server.staging.catchup.gap = 1000 (default)
2020-06-03 00:03:05,272 [4ecdb7ad-88a9-4051-a4a3-f69c6359d27c@group-669DA4DA438D-LeaderElection1] INFO  server.RaftServerConfigKeys (ConfUtils.java:logGet(44)) - raft.server.rpc.sleep.time = 25ms (default)
2020-06-03 00:03:05,285 [4ecdb7ad-88a9-4051-a4a3-f69c6359d27c@group-669DA4DA438D-LeaderElection1] INFO  metrics.RatisMetrics (RatisMetrics.java:lambda$create$0(39)) - Creating Metrics Registry : ratis.log_appender.4ecdb7ad-88a9-4051-a4a3-f69c6359d27c@group-669DA4DA438D
2020-06-03 00:03:05,287 [4ecdb7ad-88a9-4051-a4a3-f69c6359d27c@group-669DA4DA438D-LeaderElection1] INFO  server.RaftServerConfigKeys (ConfUtils.java:logGet(44)) - raft.server.write.element-limit = 1024 (custom)
2020-06-03 00:03:05,288 [4ecdb7ad-88a9-4051-a4a3-f69c6359d27c@group-669DA4DA438D-LeaderElection1] INFO  server.RaftServerConfigKeys (ConfUtils.java:logGet(44)) - raft.server.write.byte-limit = 1073741824 (custom)
2020-06-03 00:03:05,301 [4ecdb7ad-88a9-4051-a4a3-f69c6359d27c@group-669DA4DA438D-LeaderElection1] INFO  server.RaftServerConfigKeys (ConfUtils.java:logGet(44)) - raft.server.watch.timeout = 180s (custom)
2020-06-03 00:03:05,301 [4ecdb7ad-88a9-4051-a4a3-f69c6359d27c@group-669DA4DA438D-LeaderElection1] INFO  server.RaftServerConfigKeys (ConfUtils.java:logGet(44)) - raft.server.watch.timeout.denomination = 1s (default)
2020-06-03 00:03:05,302 [4ecdb7ad-88a9-4051-a4a3-f69c6359d27c@group-669DA4DA438D-LeaderElection1] INFO  server.RaftServerConfigKeys (ConfUtils.java:logGet(44)) - raft.server.watch.element-limit = 65536 (default)
2020-06-03 00:03:05,307 [Listener at 127.0.0.1/34949] INFO  ozone.MiniOzoneClusterImpl (MiniOzoneClusterImpl.java:lambda$waitForClusterToBeReady$0(177)) - Nodes are ready. Got 3 of 3 DN Heartbeats.
2020-06-03 00:03:05,307 [Listener at 127.0.0.1/34949] INFO  ozone.MiniOzoneClusterImpl (MiniOzoneClusterImpl.java:lambda$waitForClusterToBeReady$0(180)) - Waiting for cluster to exit safe mode
2020-06-03 00:03:05,325 [Thread-181] INFO  impl.FollowerState (FollowerState.java:run(108)) - 262b2920-3aae-4e8c-af14-6dfd37806d4c@group-D0C1E50E0A2F-FollowerState: change to CANDIDATE, lastRpcTime:5044ms, electionTimeout:5036ms
2020-06-03 00:03:05,328 [Thread-181] INFO  impl.RoleInfo (RoleInfo.java:shutdownFollowerState(121)) - 262b2920-3aae-4e8c-af14-6dfd37806d4c: shutdown FollowerState
2020-06-03 00:03:05,328 [Thread-181] INFO  impl.RaftServerImpl (RaftServerImpl.java:setRole(173)) - 262b2920-3aae-4e8c-af14-6dfd37806d4c@group-D0C1E50E0A2F: changes role from  FOLLOWER to CANDIDATE at term 0 for changeToCandidate
2020-06-03 00:03:05,328 [Thread-181] INFO  impl.RoleInfo (RoleInfo.java:updateAndGet(143)) - 262b2920-3aae-4e8c-af14-6dfd37806d4c: start LeaderElection
2020-06-03 00:03:05,337 [4ecdb7ad-88a9-4051-a4a3-f69c6359d27c@group-669DA4DA438D-LeaderElection1] INFO  impl.RoleInfo (RoleInfo.java:updateAndGet(143)) - 4ecdb7ad-88a9-4051-a4a3-f69c6359d27c: start LeaderState
2020-06-03 00:03:05,371 [Thread-179] INFO  impl.FollowerState (FollowerState.java:run(108)) - 4ecdb7ad-88a9-4051-a4a3-f69c6359d27c@group-B1B144E4518E-FollowerState: change to CANDIDATE, lastRpcTime:5167ms, electionTimeout:5166ms
2020-06-03 00:03:05,372 [Thread-179] INFO  impl.RoleInfo (RoleInfo.java:shutdownFollowerState(121)) - 4ecdb7ad-88a9-4051-a4a3-f69c6359d27c: shutdown FollowerState
2020-06-03 00:03:05,372 [Thread-179] INFO  impl.RaftServerImpl (RaftServerImpl.java:setRole(173)) - 4ecdb7ad-88a9-4051-a4a3-f69c6359d27c@group-B1B144E4518E: changes role from  FOLLOWER to CANDIDATE at term 0 for changeToCandidate
2020-06-03 00:03:05,372 [Thread-179] INFO  impl.RoleInfo (RoleInfo.java:updateAndGet(143)) - 4ecdb7ad-88a9-4051-a4a3-f69c6359d27c: start LeaderElection
2020-06-03 00:03:05,372 [262b2920-3aae-4e8c-af14-6dfd37806d4c@group-D0C1E50E0A2F-LeaderElection2] INFO  impl.LeaderElection (LeaderElection.java:askForVotes(206)) - 262b2920-3aae-4e8c-af14-6dfd37806d4c@group-D0C1E50E0A2F-LeaderElection2: begin an election at term 1 for -1: [262b2920-3aae-4e8c-af14-6dfd37806d4c:172.17.0.2:43381], old=null
2020-06-03 00:03:05,394 [262b2920-3aae-4e8c-af14-6dfd37806d4c@group-D0C1E50E0A2F-LeaderElection2] INFO  impl.RoleInfo (RoleInfo.java:shutdownLeaderElection(134)) - 262b2920-3aae-4e8c-af14-6dfd37806d4c: shutdown LeaderElection
2020-06-03 00:03:05,394 [262b2920-3aae-4e8c-af14-6dfd37806d4c@group-D0C1E50E0A2F-LeaderElection2] INFO  impl.RaftServerImpl (RaftServerImpl.java:setRole(173)) - 262b2920-3aae-4e8c-af14-6dfd37806d4c@group-D0C1E50E0A2F: changes role from CANDIDATE to LEADER at term 1 for changeToLeader
2020-06-03 00:03:05,394 [262b2920-3aae-4e8c-af14-6dfd37806d4c@group-D0C1E50E0A2F-LeaderElection2] INFO  ratis.XceiverServerRatis (XceiverServerRatis.java:handleLeaderChangedNotification(762)) - Leader change notification received for group: group-D0C1E50E0A2F with new leaderId: 262b2920-3aae-4e8c-af14-6dfd37806d4c
2020-06-03 00:03:05,394 [262b2920-3aae-4e8c-af14-6dfd37806d4c@group-D0C1E50E0A2F-LeaderElection2] INFO  impl.RaftServerImpl (ServerState.java:setLeader(255)) - 262b2920-3aae-4e8c-af14-6dfd37806d4c@group-D0C1E50E0A2F: change Leader from null to 262b2920-3aae-4e8c-af14-6dfd37806d4c at term 1 for becomeLeader, leader elected after 5132ms
2020-06-03 00:03:05,394 [262b2920-3aae-4e8c-af14-6dfd37806d4c@group-D0C1E50E0A2F-LeaderElection2] INFO  server.RaftServerConfigKeys (ConfUtils.java:logGet(44)) - raft.server.staging.catchup.gap = 1000 (default)
2020-06-03 00:03:05,394 [262b2920-3aae-4e8c-af14-6dfd37806d4c@group-D0C1E50E0A2F-LeaderElection2] INFO  server.RaftServerConfigKeys (ConfUtils.java:logGet(44)) - raft.server.rpc.sleep.time = 25ms (default)
2020-06-03 00:03:05,394 [262b2920-3aae-4e8c-af14-6dfd37806d4c@group-D0C1E50E0A2F-LeaderElection2] INFO  metrics.RatisMetrics (RatisMetrics.java:lambda$create$0(39)) - Creating Metrics Registry : ratis.log_appender.262b2920-3aae-4e8c-af14-6dfd37806d4c@group-D0C1E50E0A2F
2020-06-03 00:03:05,395 [262b2920-3aae-4e8c-af14-6dfd37806d4c@group-D0C1E50E0A2F-LeaderElection2] INFO  server.RaftServerConfigKeys (ConfUtils.java:logGet(44)) - raft.server.write.element-limit = 1024 (custom)
2020-06-03 00:03:05,395 [262b2920-3aae-4e8c-af14-6dfd37806d4c@group-D0C1E50E0A2F-LeaderElection2] INFO  server.RaftServerConfigKeys (ConfUtils.java:logGet(44)) - raft.server.write.byte-limit = 1073741824 (custom)
2020-06-03 00:03:05,395 [262b2920-3aae-4e8c-af14-6dfd37806d4c@group-D0C1E50E0A2F-LeaderElection2] INFO  server.RaftServerConfigKeys (ConfUtils.java:logGet(44)) - raft.server.watch.timeout = 180s (custom)
2020-06-03 00:03:05,395 [262b2920-3aae-4e8c-af14-6dfd37806d4c@group-D0C1E50E0A2F-LeaderElection2] INFO  server.RaftServerConfigKeys (ConfUtils.java:logGet(44)) - raft.server.watch.timeout.denomination = 1s (default)
2020-06-03 00:03:05,395 [262b2920-3aae-4e8c-af14-6dfd37806d4c@group-D0C1E50E0A2F-LeaderElection2] INFO  server.RaftServerConfigKeys (ConfUtils.java:logGet(44)) - raft.server.watch.element-limit = 65536 (default)
2020-06-03 00:03:05,395 [262b2920-3aae-4e8c-af14-6dfd37806d4c@group-D0C1E50E0A2F-LeaderElection2] INFO  impl.RoleInfo (RoleInfo.java:updateAndGet(143)) - 262b2920-3aae-4e8c-af14-6dfd37806d4c: start LeaderState
2020-06-03 00:03:05,401 [4ecdb7ad-88a9-4051-a4a3-f69c6359d27c@group-B1B144E4518E-LeaderElection3] INFO  impl.LeaderElection (LeaderElection.java:askForVotes(206)) - 4ecdb7ad-88a9-4051-a4a3-f69c6359d27c@group-B1B144E4518E-LeaderElection3: begin an election at term 1 for -1: [262b2920-3aae-4e8c-af14-6dfd37806d4c:172.17.0.2:43381, cd73b8fa-ccfa-4b6e-9476-e967e85a58c5:172.17.0.2:43271, 4ecdb7ad-88a9-4051-a4a3-f69c6359d27c:172.17.0.2:35639], old=null
2020-06-03 00:03:05,414 [Thread-183] INFO  impl.FollowerState (FollowerState.java:run(108)) - 262b2920-3aae-4e8c-af14-6dfd37806d4c@group-B1B144E4518E-FollowerState: change to CANDIDATE, lastRpcTime:5079ms, electionTimeout:5069ms
2020-06-03 00:03:05,415 [Thread-183] INFO  impl.RoleInfo (RoleInfo.java:shutdownFollowerState(121)) - 262b2920-3aae-4e8c-af14-6dfd37806d4c: shutdown FollowerState
2020-06-03 00:03:05,415 [Thread-183] INFO  impl.RaftServerImpl (RaftServerImpl.java:setRole(173)) - 262b2920-3aae-4e8c-af14-6dfd37806d4c@group-B1B144E4518E: changes role from  FOLLOWER to CANDIDATE at term 0 for changeToCandidate
2020-06-03 00:03:05,425 [4ecdb7ad-88a9-4051-a4a3-f69c6359d27c@group-669DA4DA438D-LeaderElection1] INFO  segmented.SegmentedRaftLogWorker (SegmentedRaftLogWorker.java:startLogSegment(391)) - 4ecdb7ad-88a9-4051-a4a3-f69c6359d27c@group-669DA4DA438D-SegmentedRaftLogWorker: Starting segment from index:0
2020-06-03 00:03:05,429 [262b2920-3aae-4e8c-af14-6dfd37806d4c@group-D0C1E50E0A2F-LeaderElection2] INFO  segmented.SegmentedRaftLogWorker (SegmentedRaftLogWorker.java:startLogSegment(391)) - 262b2920-3aae-4e8c-af14-6dfd37806d4c@group-D0C1E50E0A2F-SegmentedRaftLogWorker: Starting segment from index:0
2020-06-03 00:03:05,450 [Thread-183] INFO  impl.RoleInfo (RoleInfo.java:updateAndGet(143)) - 262b2920-3aae-4e8c-af14-6dfd37806d4c: start LeaderElection
2020-06-03 00:03:05,473 [262b2920-3aae-4e8c-af14-6dfd37806d4c@group-B1B144E4518E-LeaderElection4] INFO  impl.LeaderElection (LeaderElection.java:askForVotes(206)) - 262b2920-3aae-4e8c-af14-6dfd37806d4c@group-B1B144E4518E-LeaderElection4: begin an election at term 1 for -1: [262b2920-3aae-4e8c-af14-6dfd37806d4c:172.17.0.2:43381, cd73b8fa-ccfa-4b6e-9476-e967e85a58c5:172.17.0.2:43271, 4ecdb7ad-88a9-4051-a4a3-f69c6359d27c:172.17.0.2:35639], old=null
2020-06-03 00:03:05,532 [262b2920-3aae-4e8c-af14-6dfd37806d4c@group-D0C1E50E0A2F-LeaderElection2] INFO  impl.RaftServerImpl (ServerState.java:setRaftConf(356)) - 262b2920-3aae-4e8c-af14-6dfd37806d4c@group-D0C1E50E0A2F: set configuration 0: [262b2920-3aae-4e8c-af14-6dfd37806d4c:172.17.0.2:43381], old=null at 0
2020-06-03 00:03:05,533 [4ecdb7ad-88a9-4051-a4a3-f69c6359d27c@group-669DA4DA438D-LeaderElection1] INFO  impl.RaftServerImpl (ServerState.java:setRaftConf(356)) - 4ecdb7ad-88a9-4051-a4a3-f69c6359d27c@group-669DA4DA438D: set configuration 0: [4ecdb7ad-88a9-4051-a4a3-f69c6359d27c:172.17.0.2:35639], old=null at 0
2020-06-03 00:03:05,557 [Thread-185] INFO  impl.FollowerState (FollowerState.java:run(108)) - cd73b8fa-ccfa-4b6e-9476-e967e85a58c5@group-16E26A9DDE17-FollowerState: change to CANDIDATE, lastRpcTime:5159ms, electionTimeout:5135ms
2020-06-03 00:03:05,557 [Thread-185] INFO  impl.RoleInfo (RoleInfo.java:shutdownFollowerState(121)) - cd73b8fa-ccfa-4b6e-9476-e967e85a58c5: shutdown FollowerState
2020-06-03 00:03:05,557 [Thread-185] INFO  impl.RaftServerImpl (RaftServerImpl.java:setRole(173)) - cd73b8fa-ccfa-4b6e-9476-e967e85a58c5@group-16E26A9DDE17: changes role from  FOLLOWER to CANDIDATE at term 0 for changeToCandidate
2020-06-03 00:03:05,557 [Thread-185] INFO  impl.RoleInfo (RoleInfo.java:updateAndGet(143)) - cd73b8fa-ccfa-4b6e-9476-e967e85a58c5: start LeaderElection
2020-06-03 00:03:05,588 [cd73b8fa-ccfa-4b6e-9476-e967e85a58c5@group-16E26A9DDE17-LeaderElection5] INFO  impl.LeaderElection (LeaderElection.java:askForVotes(206)) - cd73b8fa-ccfa-4b6e-9476-e967e85a58c5@group-16E26A9DDE17-LeaderElection5: begin an election at term 1 for -1: [cd73b8fa-ccfa-4b6e-9476-e967e85a58c5:172.17.0.2:43271], old=null
2020-06-03 00:03:05,588 [cd73b8fa-ccfa-4b6e-9476-e967e85a58c5@group-16E26A9DDE17-LeaderElection5] INFO  impl.RoleInfo (RoleInfo.java:shutdownLeaderElection(134)) - cd73b8fa-ccfa-4b6e-9476-e967e85a58c5: shutdown LeaderElection
2020-06-03 00:03:05,588 [cd73b8fa-ccfa-4b6e-9476-e967e85a58c5@group-16E26A9DDE17-LeaderElection5] INFO  impl.RaftServerImpl (RaftServerImpl.java:setRole(173)) - cd73b8fa-ccfa-4b6e-9476-e967e85a58c5@group-16E26A9DDE17: changes role from CANDIDATE to LEADER at term 1 for changeToLeader
2020-06-03 00:03:05,588 [cd73b8fa-ccfa-4b6e-9476-e967e85a58c5@group-16E26A9DDE17-LeaderElection5] INFO  ratis.XceiverServerRatis (XceiverServerRatis.java:handleLeaderChangedNotification(762)) - Leader change notification received for group: group-16E26A9DDE17 with new leaderId: cd73b8fa-ccfa-4b6e-9476-e967e85a58c5
2020-06-03 00:03:05,588 [cd73b8fa-ccfa-4b6e-9476-e967e85a58c5@group-16E26A9DDE17-LeaderElection5] INFO  impl.RaftServerImpl (ServerState.java:setLeader(255)) - cd73b8fa-ccfa-4b6e-9476-e967e85a58c5@group-16E26A9DDE17: change Leader from null to cd73b8fa-ccfa-4b6e-9476-e967e85a58c5 at term 1 for becomeLeader, leader elected after 5214ms
2020-06-03 00:03:05,588 [cd73b8fa-ccfa-4b6e-9476-e967e85a58c5@group-16E26A9DDE17-LeaderElection5] INFO  server.RaftServerConfigKeys (ConfUtils.java:logGet(44)) - raft.server.staging.catchup.gap = 1000 (default)
2020-06-03 00:03:05,589 [cd73b8fa-ccfa-4b6e-9476-e967e85a58c5@group-16E26A9DDE17-LeaderElection5] INFO  server.RaftServerConfigKeys (ConfUtils.java:logGet(44)) - raft.server.rpc.sleep.time = 25ms (default)
2020-06-03 00:03:05,589 [cd73b8fa-ccfa-4b6e-9476-e967e85a58c5@group-16E26A9DDE17-LeaderElection5] INFO  metrics.RatisMetrics (RatisMetrics.java:lambda$create$0(39)) - Creating Metrics Registry : ratis.log_appender.cd73b8fa-ccfa-4b6e-9476-e967e85a58c5@group-16E26A9DDE17
2020-06-03 00:03:05,589 [cd73b8fa-ccfa-4b6e-9476-e967e85a58c5@group-16E26A9DDE17-LeaderElection5] INFO  server.RaftServerConfigKeys (ConfUtils.java:logGet(44)) - raft.server.write.element-limit = 1024 (custom)
2020-06-03 00:03:05,589 [cd73b8fa-ccfa-4b6e-9476-e967e85a58c5@group-16E26A9DDE17-LeaderElection5] INFO  server.RaftServerConfigKeys (ConfUtils.java:logGet(44)) - raft.server.write.byte-limit = 1073741824 (custom)
2020-06-03 00:03:05,589 [cd73b8fa-ccfa-4b6e-9476-e967e85a58c5@group-16E26A9DDE17-LeaderElection5] INFO  server.RaftServerConfigKeys (ConfUtils.java:logGet(44)) - raft.server.watch.timeout = 180s (custom)
2020-06-03 00:03:05,589 [cd73b8fa-ccfa-4b6e-9476-e967e85a58c5@group-16E26A9DDE17-LeaderElection5] INFO  server.RaftServerConfigKeys (ConfUtils.java:logGet(44)) - raft.server.watch.timeout.denomination = 1s (default)
2020-06-03 00:03:05,590 [cd73b8fa-ccfa-4b6e-9476-e967e85a58c5@group-16E26A9DDE17-LeaderElection5] INFO  server.RaftServerConfigKeys (ConfUtils.java:logGet(44)) - raft.server.watch.element-limit = 65536 (default)
2020-06-03 00:03:05,590 [cd73b8fa-ccfa-4b6e-9476-e967e85a58c5@group-16E26A9DDE17-LeaderElection5] INFO  impl.RoleInfo (RoleInfo.java:updateAndGet(143)) - cd73b8fa-ccfa-4b6e-9476-e967e85a58c5: start LeaderState
2020-06-03 00:03:05,591 [cd73b8fa-ccfa-4b6e-9476-e967e85a58c5@group-16E26A9DDE17-LeaderElection5] INFO  segmented.SegmentedRaftLogWorker (SegmentedRaftLogWorker.java:startLogSegment(391)) - cd73b8fa-ccfa-4b6e-9476-e967e85a58c5@group-16E26A9DDE17-SegmentedRaftLogWorker: Starting segment from index:0
2020-06-03 00:03:05,609 [cd73b8fa-ccfa-4b6e-9476-e967e85a58c5@group-16E26A9DDE17-LeaderElection5] INFO  impl.RaftServerImpl (ServerState.java:setRaftConf(356)) - cd73b8fa-ccfa-4b6e-9476-e967e85a58c5@group-16E26A9DDE17: set configuration 0: [cd73b8fa-ccfa-4b6e-9476-e967e85a58c5:172.17.0.2:43271], old=null at 0
2020-06-03 00:03:05,620 [Thread-187] INFO  impl.FollowerState (FollowerState.java:run(108)) - cd73b8fa-ccfa-4b6e-9476-e967e85a58c5@group-B1B144E4518E-FollowerState: change to CANDIDATE, lastRpcTime:5162ms, electionTimeout:5150ms
2020-06-03 00:03:05,621 [Thread-187] INFO  impl.RoleInfo (RoleInfo.java:shutdownFollowerState(121)) - cd73b8fa-ccfa-4b6e-9476-e967e85a58c5: shutdown FollowerState
2020-06-03 00:03:05,621 [Thread-187] INFO  impl.RaftServerImpl (RaftServerImpl.java:setRole(173)) - cd73b8fa-ccfa-4b6e-9476-e967e85a58c5@group-B1B144E4518E: changes role from  FOLLOWER to CANDIDATE at term 0 for changeToCandidate
2020-06-03 00:03:05,621 [Thread-187] INFO  impl.RoleInfo (RoleInfo.java:updateAndGet(143)) - cd73b8fa-ccfa-4b6e-9476-e967e85a58c5: start LeaderElection
2020-06-03 00:03:05,697 [cd73b8fa-ccfa-4b6e-9476-e967e85a58c5@group-B1B144E4518E-LeaderElection6] INFO  impl.LeaderElection (LeaderElection.java:askForVotes(206)) - cd73b8fa-ccfa-4b6e-9476-e967e85a58c5@group-B1B144E4518E-LeaderElection6: begin an election at term 1 for -1: [262b2920-3aae-4e8c-af14-6dfd37806d4c:172.17.0.2:43381, cd73b8fa-ccfa-4b6e-9476-e967e85a58c5:172.17.0.2:43271, 4ecdb7ad-88a9-4051-a4a3-f69c6359d27c:172.17.0.2:35639], old=null
2020-06-03 00:03:05,733 [4ecdb7ad-88a9-4051-a4a3-f69c6359d27c@group-B1B144E4518E-LeaderElection3] INFO  impl.LeaderElection (LeaderElection.java:logAndReturn(61)) - 4ecdb7ad-88a9-4051-a4a3-f69c6359d27c@group-B1B144E4518E-LeaderElection3: Election REJECTED; received 2 response(s) [4ecdb7ad-88a9-4051-a4a3-f69c6359d27c<-262b2920-3aae-4e8c-af14-6dfd37806d4c#0:FAIL-t1, 4ecdb7ad-88a9-4051-a4a3-f69c6359d27c<-cd73b8fa-ccfa-4b6e-9476-e967e85a58c5#0:FAIL-t1] and 0 exception(s); 4ecdb7ad-88a9-4051-a4a3-f69c6359d27c@group-B1B144E4518E:t1, leader=null, voted=4ecdb7ad-88a9-4051-a4a3-f69c6359d27c, raftlog=4ecdb7ad-88a9-4051-a4a3-f69c6359d27c@group-B1B144E4518E-SegmentedRaftLog:OPENED:c-1,f-1,i0, conf=-1: [262b2920-3aae-4e8c-af14-6dfd37806d4c:172.17.0.2:43381, cd73b8fa-ccfa-4b6e-9476-e967e85a58c5:172.17.0.2:43271, 4ecdb7ad-88a9-4051-a4a3-f69c6359d27c:172.17.0.2:35639], old=null
2020-06-03 00:03:05,733 [4ecdb7ad-88a9-4051-a4a3-f69c6359d27c@group-B1B144E4518E-LeaderElection3] INFO  impl.RaftServerImpl (RaftServerImpl.java:setRole(173)) - 4ecdb7ad-88a9-4051-a4a3-f69c6359d27c@group-B1B144E4518E: changes role from CANDIDATE to FOLLOWER at term 1 for DISCOVERED_A_NEW_TERM
2020-06-03 00:03:05,733 [4ecdb7ad-88a9-4051-a4a3-f69c6359d27c@group-B1B144E4518E-LeaderElection3] INFO  impl.RoleInfo (RoleInfo.java:shutdownLeaderElection(134)) - 4ecdb7ad-88a9-4051-a4a3-f69c6359d27c: shutdown LeaderElection
2020-06-03 00:03:05,733 [4ecdb7ad-88a9-4051-a4a3-f69c6359d27c@group-B1B144E4518E-LeaderElection3] INFO  impl.RoleInfo (RoleInfo.java:updateAndGet(143)) - 4ecdb7ad-88a9-4051-a4a3-f69c6359d27c: start FollowerState
2020-06-03 00:03:05,799 [262b2920-3aae-4e8c-af14-6dfd37806d4c@group-B1B144E4518E-LeaderElection4] INFO  impl.LeaderElection (LeaderElection.java:logAndReturn(61)) - 262b2920-3aae-4e8c-af14-6dfd37806d4c@group-B1B144E4518E-LeaderElection4: Election REJECTED; received 2 response(s) [262b2920-3aae-4e8c-af14-6dfd37806d4c<-cd73b8fa-ccfa-4b6e-9476-e967e85a58c5#0:FAIL-t1, 262b2920-3aae-4e8c-af14-6dfd37806d4c<-4ecdb7ad-88a9-4051-a4a3-f69c6359d27c#0:FAIL-t1] and 0 exception(s); 262b2920-3aae-4e8c-af14-6dfd37806d4c@group-B1B144E4518E:t1, leader=null, voted=262b2920-3aae-4e8c-af14-6dfd37806d4c, raftlog=262b2920-3aae-4e8c-af14-6dfd37806d4c@group-B1B144E4518E-SegmentedRaftLog:OPENED:c-1,f-1,i0, conf=-1: [262b2920-3aae-4e8c-af14-6dfd37806d4c:172.17.0.2:43381, cd73b8fa-ccfa-4b6e-9476-e967e85a58c5:172.17.0.2:43271, 4ecdb7ad-88a9-4051-a4a3-f69c6359d27c:172.17.0.2:35639], old=null
2020-06-03 00:03:05,812 [262b2920-3aae-4e8c-af14-6dfd37806d4c@group-B1B144E4518E-LeaderElection4] INFO  impl.RaftServerImpl (RaftServerImpl.java:setRole(173)) - 262b2920-3aae-4e8c-af14-6dfd37806d4c@group-B1B144E4518E: changes role from CANDIDATE to FOLLOWER at term 1 for DISCOVERED_A_NEW_TERM
2020-06-03 00:03:05,812 [262b2920-3aae-4e8c-af14-6dfd37806d4c@group-B1B144E4518E-LeaderElection4] INFO  impl.RoleInfo (RoleInfo.java:shutdownLeaderElection(134)) - 262b2920-3aae-4e8c-af14-6dfd37806d4c: shutdown LeaderElection
2020-06-03 00:03:05,812 [262b2920-3aae-4e8c-af14-6dfd37806d4c@group-B1B144E4518E-LeaderElection4] INFO  impl.RoleInfo (RoleInfo.java:updateAndGet(143)) - 262b2920-3aae-4e8c-af14-6dfd37806d4c: start FollowerState
2020-06-03 00:03:05,820 [cd73b8fa-ccfa-4b6e-9476-e967e85a58c5@group-16E26A9DDE17-SegmentedRaftLogWorker] INFO  segmented.SegmentedRaftLogWorker (SegmentedRaftLogWorker.java:execute(583)) - cd73b8fa-ccfa-4b6e-9476-e967e85a58c5@group-16E26A9DDE17-SegmentedRaftLogWorker: created new log segment /github/workspace/mnt/ozone/hadoop-ozone/integration-test/target/test-dir/MiniOzoneClusterImpl-2891061e-f66a-4d07-82f0-9ea460497148/datanode-2/data/ratis/523a4e9f-7ddc-48f4-91be-16e26a9dde17/current/log_inprogress_0
2020-06-03 00:03:05,834 [262b2920-3aae-4e8c-af14-6dfd37806d4c@group-D0C1E50E0A2F-SegmentedRaftLogWorker] INFO  segmented.SegmentedRaftLogWorker (SegmentedRaftLogWorker.java:execute(583)) - 262b2920-3aae-4e8c-af14-6dfd37806d4c@group-D0C1E50E0A2F-SegmentedRaftLogWorker: created new log segment /github/workspace/mnt/ozone/hadoop-ozone/integration-test/target/test-dir/MiniOzoneClusterImpl-2891061e-f66a-4d07-82f0-9ea460497148/datanode-1/data/ratis/892b8947-3d86-43fe-a97f-d0c1e50e0a2f/current/log_inprogress_0
2020-06-03 00:03:05,837 [4ecdb7ad-88a9-4051-a4a3-f69c6359d27c@group-669DA4DA438D-SegmentedRaftLogWorker] INFO  segmented.SegmentedRaftLogWorker (SegmentedRaftLogWorker.java:execute(583)) - 4ecdb7ad-88a9-4051-a4a3-f69c6359d27c@group-669DA4DA438D-SegmentedRaftLogWorker: created new log segment /github/workspace/mnt/ozone/hadoop-ozone/integration-test/target/test-dir/MiniOzoneClusterImpl-2891061e-f66a-4d07-82f0-9ea460497148/datanode-0/data/ratis/5c451087-fc96-4dd9-a75a-669da4da438d/current/log_inprogress_0
2020-06-03 00:03:05,847 [cd73b8fa-ccfa-4b6e-9476-e967e85a58c5@group-B1B144E4518E-LeaderElection6] INFO  impl.LeaderElection (LeaderElection.java:logAndReturn(61)) - cd73b8fa-ccfa-4b6e-9476-e967e85a58c5@group-B1B144E4518E-LeaderElection6: Election REJECTED; received 2 response(s) [cd73b8fa-ccfa-4b6e-9476-e967e85a58c5<-262b2920-3aae-4e8c-af14-6dfd37806d4c#0:FAIL-t1, cd73b8fa-ccfa-4b6e-9476-e967e85a58c5<-4ecdb7ad-88a9-4051-a4a3-f69c6359d27c#0:FAIL-t1] and 0 exception(s); cd73b8fa-ccfa-4b6e-9476-e967e85a58c5@group-B1B144E4518E:t1, leader=null, voted=cd73b8fa-ccfa-4b6e-9476-e967e85a58c5, raftlog=cd73b8fa-ccfa-4b6e-9476-e967e85a58c5@group-B1B144E4518E-SegmentedRaftLog:OPENED:c-1,f-1,i0, conf=-1: [262b2920-3aae-4e8c-af14-6dfd37806d4c:172.17.0.2:43381, cd73b8fa-ccfa-4b6e-9476-e967e85a58c5:172.17.0.2:43271, 4ecdb7ad-88a9-4051-a4a3-f69c6359d27c:172.17.0.2:35639], old=null
2020-06-03 00:03:05,853 [cd73b8fa-ccfa-4b6e-9476-e967e85a58c5@group-B1B144E4518E-LeaderElection6] INFO  impl.RaftServerImpl (RaftServerImpl.java:setRole(173)) - cd73b8fa-ccfa-4b6e-9476-e967e85a58c5@group-B1B144E4518E: changes role from CANDIDATE to FOLLOWER at term 1 for DISCOVERED_A_NEW_TERM
2020-06-03 00:03:05,855 [cd73b8fa-ccfa-4b6e-9476-e967e85a58c5@group-B1B144E4518E-LeaderElection6] INFO  impl.RoleInfo (RoleInfo.java:shutdownLeaderElection(134)) - cd73b8fa-ccfa-4b6e-9476-e967e85a58c5: shutdown LeaderElection
2020-06-03 00:03:05,855 [cd73b8fa-ccfa-4b6e-9476-e967e85a58c5@group-B1B144E4518E-LeaderElection6] INFO  impl.RoleInfo (RoleInfo.java:updateAndGet(143)) - cd73b8fa-ccfa-4b6e-9476-e967e85a58c5: start FollowerState
2020-06-03 00:03:06,307 [Listener at 127.0.0.1/34949] INFO  ozone.MiniOzoneClusterImpl (MiniOzoneClusterImpl.java:lambda$waitForClusterToBeReady$0(177)) - Nodes are ready. Got 3 of 3 DN Heartbeats.
2020-06-03 00:03:06,313 [Listener at 127.0.0.1/34949] INFO  ozone.MiniOzoneClusterImpl (MiniOzoneClusterImpl.java:lambda$waitForClusterToBeReady$0(180)) - Waiting for cluster to exit safe mode
2020-06-03 00:03:07,314 [Listener at 127.0.0.1/34949] INFO  ozone.MiniOzoneClusterImpl (MiniOzoneClusterImpl.java:lambda$waitForClusterToBeReady$0(177)) - Nodes are ready. Got 3 of 3 DN Heartbeats.
2020-06-03 00:03:07,314 [Listener at 127.0.0.1/34949] INFO  ozone.MiniOzoneClusterImpl (MiniOzoneClusterImpl.java:lambda$waitForClusterToBeReady$0(180)) - Waiting for cluster to exit safe mode
2020-06-03 00:03:08,314 [Listener at 127.0.0.1/34949] INFO  ozone.MiniOzoneClusterImpl (MiniOzoneClusterImpl.java:lambda$waitForClusterToBeReady$0(177)) - Nodes are ready. Got 3 of 3 DN Heartbeats.
2020-06-03 00:03:08,314 [Listener at 127.0.0.1/34949] INFO  ozone.MiniOzoneClusterImpl (MiniOzoneClusterImpl.java:lambda$waitForClusterToBeReady$0(180)) - Waiting for cluster to exit safe mode
2020-06-03 00:03:09,314 [Listener at 127.0.0.1/34949] INFO  ozone.MiniOzoneClusterImpl (MiniOzoneClusterImpl.java:lambda$waitForClusterToBeReady$0(177)) - Nodes are ready. Got 3 of 3 DN Heartbeats.
2020-06-03 00:03:09,314 [Listener at 127.0.0.1/34949] INFO  ozone.MiniOzoneClusterImpl (MiniOzoneClusterImpl.java:lambda$waitForClusterToBeReady$0(180)) - Waiting for cluster to exit safe mode
2020-06-03 00:03:10,315 [Listener at 127.0.0.1/34949] INFO  ozone.MiniOzoneClusterImpl (MiniOzoneClusterImpl.java:lambda$waitForClusterToBeReady$0(177)) - Nodes are ready. Got 3 of 3 DN Heartbeats.
2020-06-03 00:03:10,315 [Listener at 127.0.0.1/34949] INFO  ozone.MiniOzoneClusterImpl (MiniOzoneClusterImpl.java:lambda$waitForClusterToBeReady$0(180)) - Waiting for cluster to exit safe mode
2020-06-03 00:03:10,788 [Thread-209] INFO  impl.FollowerState (FollowerState.java:run(108)) - 4ecdb7ad-88a9-4051-a4a3-f69c6359d27c@group-B1B144E4518E-FollowerState: change to CANDIDATE, lastRpcTime:5054ms, electionTimeout:5020ms
2020-06-03 00:03:10,789 [Thread-209] INFO  impl.RoleInfo (RoleInfo.java:shutdownFollowerState(121)) - 4ecdb7ad-88a9-4051-a4a3-f69c6359d27c: shutdown FollowerState
2020-06-03 00:03:10,789 [Thread-209] INFO  impl.RaftServerImpl (RaftServerImpl.java:setRole(173)) - 4ecdb7ad-88a9-4051-a4a3-f69c6359d27c@group-B1B144E4518E: changes role from  FOLLOWER to CANDIDATE at term 1 for changeToCandidate
2020-06-03 00:03:10,789 [Thread-209] INFO  impl.RoleInfo (RoleInfo.java:updateAndGet(143)) - 4ecdb7ad-88a9-4051-a4a3-f69c6359d27c: start LeaderElection
2020-06-03 00:03:10,803 [4ecdb7ad-88a9-4051-a4a3-f69c6359d27c@group-B1B144E4518E-LeaderElection7] INFO  impl.LeaderElection (LeaderElection.java:askForVotes(206)) - 4ecdb7ad-88a9-4051-a4a3-f69c6359d27c@group-B1B144E4518E-LeaderElection7: begin an election at term 2 for -1: [262b2920-3aae-4e8c-af14-6dfd37806d4c:172.17.0.2:43381, cd73b8fa-ccfa-4b6e-9476-e967e85a58c5:172.17.0.2:43271, 4ecdb7ad-88a9-4051-a4a3-f69c6359d27c:172.17.0.2:35639], old=null
2020-06-03 00:03:10,834 [grpc-default-executor-0] INFO  impl.RaftServerImpl (RaftServerImpl.java:setRole(173)) - 262b2920-3aae-4e8c-af14-6dfd37806d4c@group-B1B144E4518E: changes role from  FOLLOWER to FOLLOWER at term 2 for recognizeCandidate:4ecdb7ad-88a9-4051-a4a3-f69c6359d27c
2020-06-03 00:03:10,834 [grpc-default-executor-0] INFO  impl.RoleInfo (RoleInfo.java:shutdownFollowerState(121)) - 262b2920-3aae-4e8c-af14-6dfd37806d4c: shutdown FollowerState
2020-06-03 00:03:10,834 [grpc-default-executor-0] INFO  impl.RoleInfo (RoleInfo.java:updateAndGet(143)) - 262b2920-3aae-4e8c-af14-6dfd37806d4c: start FollowerState
2020-06-03 00:03:10,834 [Thread-210] INFO  impl.FollowerState (FollowerState.java:run(117)) - 262b2920-3aae-4e8c-af14-6dfd37806d4c@group-B1B144E4518E-FollowerState was interrupted: java.lang.InterruptedException: sleep interrupted
2020-06-03 00:03:10,849 [4ecdb7ad-88a9-4051-a4a3-f69c6359d27c@group-B1B144E4518E-LeaderElection7] INFO  impl.LeaderElection (LeaderElection.java:logAndReturn(61)) - 4ecdb7ad-88a9-4051-a4a3-f69c6359d27c@group-B1B144E4518E-LeaderElection7: Election PASSED; received 1 response(s) [4ecdb7ad-88a9-4051-a4a3-f69c6359d27c<-262b2920-3aae-4e8c-af14-6dfd37806d4c#0:OK-t2] and 0 exception(s); 4ecdb7ad-88a9-4051-a4a3-f69c6359d27c@group-B1B144E4518E:t2, leader=null, voted=4ecdb7ad-88a9-4051-a4a3-f69c6359d27c, raftlog=4ecdb7ad-88a9-4051-a4a3-f69c6359d27c@group-B1B144E4518E-SegmentedRaftLog:OPENED:c-1,f-1,i0, conf=-1: [262b2920-3aae-4e8c-af14-6dfd37806d4c:172.17.0.2:43381, cd73b8fa-ccfa-4b6e-9476-e967e85a58c5:172.17.0.2:43271, 4ecdb7ad-88a9-4051-a4a3-f69c6359d27c:172.17.0.2:35639], old=null
2020-06-03 00:03:10,849 [4ecdb7ad-88a9-4051-a4a3-f69c6359d27c@group-B1B144E4518E-LeaderElection7] INFO  impl.RoleInfo (RoleInfo.java:shutdownLeaderElection(134)) - 4ecdb7ad-88a9-4051-a4a3-f69c6359d27c: shutdown LeaderElection
2020-06-03 00:03:10,849 [4ecdb7ad-88a9-4051-a4a3-f69c6359d27c@group-B1B144E4518E-LeaderElection7] INFO  impl.RaftServerImpl (RaftServerImpl.java:setRole(173)) - 4ecdb7ad-88a9-4051-a4a3-f69c6359d27c@group-B1B144E4518E: changes role from CANDIDATE to LEADER at term 2 for changeToLeader
2020-06-03 00:03:10,849 [4ecdb7ad-88a9-4051-a4a3-f69c6359d27c@group-B1B144E4518E-LeaderElection7] INFO  ratis.XceiverServerRatis (XceiverServerRatis.java:handleLeaderChangedNotification(762)) - Leader change notification received for group: group-B1B144E4518E with new leaderId: 4ecdb7ad-88a9-4051-a4a3-f69c6359d27c
2020-06-03 00:03:10,849 [4ecdb7ad-88a9-4051-a4a3-f69c6359d27c@group-B1B144E4518E-LeaderElection7] INFO  impl.RaftServerImpl (ServerState.java:setLeader(255)) - 4ecdb7ad-88a9-4051-a4a3-f69c6359d27c@group-B1B144E4518E: change Leader from null to 4ecdb7ad-88a9-4051-a4a3-f69c6359d27c at term 2 for becomeLeader, leader elected after 10652ms
2020-06-03 00:03:10,849 [4ecdb7ad-88a9-4051-a4a3-f69c6359d27c@group-B1B144E4518E-LeaderElection7] INFO  server.RaftServerConfigKeys (ConfUtils.java:logGet(44)) - raft.server.staging.catchup.gap = 1000 (default)
2020-06-03 00:03:10,849 [4ecdb7ad-88a9-4051-a4a3-f69c6359d27c@group-B1B144E4518E-LeaderElection7] INFO  server.RaftServerConfigKeys (ConfUtils.java:logGet(44)) - raft.server.rpc.sleep.time = 25ms (default)
2020-06-03 00:03:10,850 [4ecdb7ad-88a9-4051-a4a3-f69c6359d27c@group-B1B144E4518E-LeaderElection7] INFO  metrics.RatisMetrics (RatisMetrics.java:lambda$create$0(39)) - Creating Metrics Registry : ratis.log_appender.4ecdb7ad-88a9-4051-a4a3-f69c6359d27c@group-B1B144E4518E
2020-06-03 00:03:10,850 [4ecdb7ad-88a9-4051-a4a3-f69c6359d27c@group-B1B144E4518E-LeaderElection7] INFO  server.RaftServerConfigKeys (ConfUtils.java:logGet(44)) - raft.server.write.element-limit = 1024 (custom)
2020-06-03 00:03:10,850 [4ecdb7ad-88a9-4051-a4a3-f69c6359d27c@group-B1B144E4518E-LeaderElection7] INFO  server.RaftServerConfigKeys (ConfUtils.java:logGet(44)) - raft.server.write.byte-limit = 1073741824 (custom)
2020-06-03 00:03:10,850 [4ecdb7ad-88a9-4051-a4a3-f69c6359d27c@group-B1B144E4518E-LeaderElection7] INFO  server.RaftServerConfigKeys (ConfUtils.java:logGet(44)) - raft.server.watch.timeout = 180s (custom)
2020-06-03 00:03:10,850 [4ecdb7ad-88a9-4051-a4a3-f69c6359d27c@group-B1B144E4518E-LeaderElection7] INFO  server.RaftServerConfigKeys (ConfUtils.java:logGet(44)) - raft.server.watch.timeout.denomination = 1s (default)
2020-06-03 00:03:10,850 [4ecdb7ad-88a9-4051-a4a3-f69c6359d27c@group-B1B144E4518E-LeaderElection7] INFO  server.RaftServerConfigKeys (ConfUtils.java:logGet(44)) - raft.server.watch.element-limit = 65536 (default)
2020-06-03 00:03:10,865 [grpc-default-executor-1] INFO  impl.RaftServerImpl (RaftServerImpl.java:setRole(173)) - cd73b8fa-ccfa-4b6e-9476-e967e85a58c5@group-B1B144E4518E: changes role from  FOLLOWER to FOLLOWER at term 2 for recognizeCandidate:4ecdb7ad-88a9-4051-a4a3-f69c6359d27c
2020-06-03 00:03:10,885 [grpc-default-executor-1] INFO  impl.RoleInfo (RoleInfo.java:shutdownFollowerState(121)) - cd73b8fa-ccfa-4b6e-9476-e967e85a58c5: shutdown FollowerState
2020-06-03 00:03:10,885 [grpc-default-executor-1] INFO  impl.RoleInfo (RoleInfo.java:updateAndGet(143)) - cd73b8fa-ccfa-4b6e-9476-e967e85a58c5: start FollowerState
2020-06-03 00:03:10,866 [4ecdb7ad-88a9-4051-a4a3-f69c6359d27c@group-B1B144E4518E-LeaderElection7] INFO  server.RaftServerConfigKeys (ConfUtils.java:logGet(44)) - raft.server.log.appender.snapshot.chunk.size.max = 16MB (=16777216) (default)
2020-06-03 00:03:10,886 [4ecdb7ad-88a9-4051-a4a3-f69c6359d27c@group-B1B144E4518E-LeaderElection7] INFO  server.RaftServerConfigKeys (ConfUtils.java:logGet(44)) - raft.server.log.appender.buffer.byte-limit = 33554432 (custom)
2020-06-03 00:03:10,886 [4ecdb7ad-88a9-4051-a4a3-f69c6359d27c@group-B1B144E4518E-LeaderElection7] INFO  server.RaftServerConfigKeys (ConfUtils.java:logGet(44)) - raft.server.log.appender.buffer.element-limit = 1 (custom)
2020-06-03 00:03:10,899 [4ecdb7ad-88a9-4051-a4a3-f69c6359d27c@group-B1B144E4518E-LeaderElection7] INFO  grpc.GrpcConfigKeys (ConfUtils.java:logGet(44)) - raft.grpc.server.leader.outstanding.appends.max = 128 (default)
2020-06-03 00:03:10,903 [4ecdb7ad-88a9-4051-a4a3-f69c6359d27c@group-B1B144E4518E-LeaderElection7] INFO  server.RaftServerConfigKeys (ConfUtils.java:logGet(44)) - raft.server.rpc.request.timeout = 60s (custom)
2020-06-03 00:03:10,903 [4ecdb7ad-88a9-4051-a4a3-f69c6359d27c@group-B1B144E4518E-LeaderElection7] INFO  server.RaftServerConfigKeys (ConfUtils.java:logGet(44)) - raft.server.log.appender.install.snapshot.enabled = false (custom)
2020-06-03 00:03:10,913 [4ecdb7ad-88a9-4051-a4a3-f69c6359d27c@group-B1B144E4518E-LeaderElection7] INFO  server.RaftServerConfigKeys (ConfUtils.java:logGet(44)) - raft.server.log.appender.snapshot.chunk.size.max = 16MB (=16777216) (default)
2020-06-03 00:03:10,913 [4ecdb7ad-88a9-4051-a4a3-f69c6359d27c@group-B1B144E4518E-LeaderElection7] INFO  server.RaftServerConfigKeys (ConfUtils.java:logGet(44)) - raft.server.log.appender.buffer.byte-limit = 33554432 (custom)
2020-06-03 00:03:10,914 [4ecdb7ad-88a9-4051-a4a3-f69c6359d27c@group-B1B144E4518E-LeaderElection7] INFO  server.RaftServerConfigKeys (ConfUtils.java:logGet(44)) - raft.server.log.appender.buffer.element-limit = 1 (custom)
2020-06-03 00:03:10,914 [4ecdb7ad-88a9-4051-a4a3-f69c6359d27c@group-B1B144E4518E-LeaderElection7] INFO  grpc.GrpcConfigKeys (ConfUtils.java:logGet(44)) - raft.grpc.server.leader.outstanding.appends.max = 128 (default)
2020-06-03 00:03:10,914 [4ecdb7ad-88a9-4051-a4a3-f69c6359d27c@group-B1B144E4518E-LeaderElection7] INFO  server.RaftServerConfigKeys (ConfUtils.java:logGet(44)) - raft.server.rpc.request.timeout = 60s (custom)
2020-06-03 00:03:10,914 [4ecdb7ad-88a9-4051-a4a3-f69c6359d27c@group-B1B144E4518E-LeaderElection7] INFO  server.RaftServerConfigKeys (ConfUtils.java:logGet(44)) - raft.server.log.appender.install.snapshot.enabled = false (custom)
2020-06-03 00:03:10,927 [4ecdb7ad-88a9-4051-a4a3-f69c6359d27c@group-B1B144E4518E-LeaderElection7] INFO  impl.RoleInfo (RoleInfo.java:updateAndGet(143)) - 4ecdb7ad-88a9-4051-a4a3-f69c6359d27c: start LeaderState
2020-06-03 00:03:10,927 [4ecdb7ad-88a9-4051-a4a3-f69c6359d27c@group-B1B144E4518E-LeaderElection7] INFO  segmented.SegmentedRaftLogWorker (SegmentedRaftLogWorker.java:startLogSegment(391)) - 4ecdb7ad-88a9-4051-a4a3-f69c6359d27c@group-B1B144E4518E-SegmentedRaftLogWorker: Starting segment from index:0
2020-06-03 00:03:10,929 [4ecdb7ad-88a9-4051-a4a3-f69c6359d27c@group-B1B144E4518E-SegmentedRaftLogWorker] INFO  segmented.SegmentedRaftLogWorker (SegmentedRaftLogWorker.java:execute(583)) - 4ecdb7ad-88a9-4051-a4a3-f69c6359d27c@group-B1B144E4518E-SegmentedRaftLogWorker: created new log segment /github/workspace/mnt/ozone/hadoop-ozone/integration-test/target/test-dir/MiniOzoneClusterImpl-2891061e-f66a-4d07-82f0-9ea460497148/datanode-0/data/ratis/f832cad9-6adb-44db-bdef-b1b144e4518e/current/log_inprogress_0
2020-06-03 00:03:10,934 [4ecdb7ad-88a9-4051-a4a3-f69c6359d27c@group-B1B144E4518E-LeaderElection7] INFO  impl.RaftServerImpl (ServerState.java:setRaftConf(356)) - 4ecdb7ad-88a9-4051-a4a3-f69c6359d27c@group-B1B144E4518E: set configuration 0: [262b2920-3aae-4e8c-af14-6dfd37806d4c:172.17.0.2:43381, cd73b8fa-ccfa-4b6e-9476-e967e85a58c5:172.17.0.2:43271, 4ecdb7ad-88a9-4051-a4a3-f69c6359d27c:172.17.0.2:35639], old=null at 0
2020-06-03 00:03:10,966 [grpc-default-executor-1] INFO  ratis.XceiverServerRatis (XceiverServerRatis.java:handleLeaderChangedNotification(762)) - Leader change notification received for group: group-B1B144E4518E with new leaderId: 4ecdb7ad-88a9-4051-a4a3-f69c6359d27c
2020-06-03 00:03:10,966 [grpc-default-executor-1] INFO  impl.RaftServerImpl (ServerState.java:setLeader(255)) - 262b2920-3aae-4e8c-af14-6dfd37806d4c@group-B1B144E4518E: change Leader from null to 4ecdb7ad-88a9-4051-a4a3-f69c6359d27c at term 2 for appendEntries, leader elected after 10648ms
2020-06-03 00:03:10,980 [grpc-default-executor-2] INFO  ratis.XceiverServerRatis (XceiverServerRatis.java:handleLeaderChangedNotification(762)) - Leader change notification received for group: group-B1B144E4518E with new leaderId: 4ecdb7ad-88a9-4051-a4a3-f69c6359d27c
2020-06-03 00:03:10,981 [grpc-default-executor-2] INFO  impl.RaftServerImpl (ServerState.java:setLeader(255)) - cd73b8fa-ccfa-4b6e-9476-e967e85a58c5@group-B1B144E4518E: change Leader from null to 4ecdb7ad-88a9-4051-a4a3-f69c6359d27c at term 2 for appendEntries, leader elected after 10536ms
2020-06-03 00:03:11,029 [grpc-default-executor-2] INFO  impl.RaftServerImpl (ServerState.java:setRaftConf(356)) - 262b2920-3aae-4e8c-af14-6dfd37806d4c@group-B1B144E4518E: set configuration 0: [262b2920-3aae-4e8c-af14-6dfd37806d4c:172.17.0.2:43381, cd73b8fa-ccfa-4b6e-9476-e967e85a58c5:172.17.0.2:43271, 4ecdb7ad-88a9-4051-a4a3-f69c6359d27c:172.17.0.2:35639], old=null at 0
2020-06-03 00:03:11,030 [grpc-default-executor-0] INFO  impl.RaftServerImpl (ServerState.java:setRaftConf(356)) - cd73b8fa-ccfa-4b6e-9476-e967e85a58c5@group-B1B144E4518E: set configuration 0: [262b2920-3aae-4e8c-af14-6dfd37806d4c:172.17.0.2:43381, cd73b8fa-ccfa-4b6e-9476-e967e85a58c5:172.17.0.2:43271, 4ecdb7ad-88a9-4051-a4a3-f69c6359d27c:172.17.0.2:35639], old=null at 0
2020-06-03 00:03:11,033 [grpc-default-executor-0] INFO  segmented.SegmentedRaftLogWorker (SegmentedRaftLogWorker.java:startLogSegment(391)) - cd73b8fa-ccfa-4b6e-9476-e967e85a58c5@group-B1B144E4518E-SegmentedRaftLogWorker: Starting segment from index:0
2020-06-03 00:03:11,033 [grpc-default-executor-2] INFO  segmented.SegmentedRaftLogWorker (SegmentedRaftLogWorker.java:startLogSegment(391)) - 262b2920-3aae-4e8c-af14-6dfd37806d4c@group-B1B144E4518E-SegmentedRaftLogWorker: Starting segment from index:0
2020-06-03 00:03:11,036 [cd73b8fa-ccfa-4b6e-9476-e967e85a58c5@group-B1B144E4518E-SegmentedRaftLogWorker] INFO  segmented.SegmentedRaftLogWorker (SegmentedRaftLogWorker.java:execute(583)) - cd73b8fa-ccfa-4b6e-9476-e967e85a58c5@group-B1B144E4518E-SegmentedRaftLogWorker: created new log segment /github/workspace/mnt/ozone/hadoop-ozone/integration-test/target/test-dir/MiniOzoneClusterImpl-2891061e-f66a-4d07-82f0-9ea460497148/datanode-2/data/ratis/f832cad9-6adb-44db-bdef-b1b144e4518e/current/log_inprogress_0
2020-06-03 00:03:11,037 [262b2920-3aae-4e8c-af14-6dfd37806d4c@group-B1B144E4518E-SegmentedRaftLogWorker] INFO  segmented.SegmentedRaftLogWorker (SegmentedRaftLogWorker.java:execute(583)) - 262b2920-3aae-4e8c-af14-6dfd37806d4c@group-B1B144E4518E-SegmentedRaftLogWorker: created new log segment /github/workspace/mnt/ozone/hadoop-ozone/integration-test/target/test-dir/MiniOzoneClusterImpl-2891061e-f66a-4d07-82f0-9ea460497148/datanode-1/data/ratis/f832cad9-6adb-44db-bdef-b1b144e4518e/current/log_inprogress_0
2020-06-03 00:03:11,315 [Listener at 127.0.0.1/34949] INFO  ozone.MiniOzoneClusterImpl (MiniOzoneClusterImpl.java:lambda$waitForClusterToBeReady$0(177)) - Nodes are ready. Got 3 of 3 DN Heartbeats.
2020-06-03 00:03:11,315 [Listener at 127.0.0.1/34949] INFO  ozone.MiniOzoneClusterImpl (MiniOzoneClusterImpl.java:lambda$waitForClusterToBeReady$0(180)) - Waiting for cluster to exit safe mode
2020-06-03 00:03:12,315 [Listener at 127.0.0.1/34949] INFO  ozone.MiniOzoneClusterImpl (MiniOzoneClusterImpl.java:lambda$waitForClusterToBeReady$0(177)) - Nodes are ready. Got 3 of 3 DN Heartbeats.
2020-06-03 00:03:12,316 [Listener at 127.0.0.1/34949] INFO  ozone.MiniOzoneClusterImpl (MiniOzoneClusterImpl.java:lambda$waitForClusterToBeReady$0(180)) - Waiting for cluster to exit safe mode
2020-06-03 00:03:13,316 [Listener at 127.0.0.1/34949] INFO  ozone.MiniOzoneClusterImpl (MiniOzoneClusterImpl.java:lambda$waitForClusterToBeReady$0(177)) - Nodes are ready. Got 3 of 3 DN Heartbeats.
2020-06-03 00:03:13,316 [Listener at 127.0.0.1/34949] INFO  ozone.MiniOzoneClusterImpl (MiniOzoneClusterImpl.java:lambda$waitForClusterToBeReady$0(180)) - Waiting for cluster to exit safe mode
2020-06-03 00:03:14,316 [Listener at 127.0.0.1/34949] INFO  ozone.MiniOzoneClusterImpl (MiniOzoneClusterImpl.java:lambda$waitForClusterToBeReady$0(177)) - Nodes are ready. Got 3 of 3 DN Heartbeats.
2020-06-03 00:03:14,316 [Listener at 127.0.0.1/34949] INFO  ozone.MiniOzoneClusterImpl (MiniOzoneClusterImpl.java:lambda$waitForClusterToBeReady$0(180)) - Waiting for cluster to exit safe mode
2020-06-03 00:03:15,317 [Listener at 127.0.0.1/34949] INFO  ozone.MiniOzoneClusterImpl (MiniOzoneClusterImpl.java:lambda$waitForClusterToBeReady$0(177)) - Nodes are ready. Got 3 of 3 DN Heartbeats.
2020-06-03 00:03:15,317 [Listener at 127.0.0.1/34949] INFO  ozone.MiniOzoneClusterImpl (MiniOzoneClusterImpl.java:lambda$waitForClusterToBeReady$0(180)) - Waiting for cluster to exit safe mode
2020-06-03 00:03:16,317 [Listener at 127.0.0.1/34949] INFO  ozone.MiniOzoneClusterImpl (MiniOzoneClusterImpl.java:lambda$waitForClusterToBeReady$0(177)) - Nodes are ready. Got 3 of 3 DN Heartbeats.
2020-06-03 00:03:16,317 [Listener at 127.0.0.1/34949] INFO  ozone.MiniOzoneClusterImpl (MiniOzoneClusterImpl.java:lambda$waitForClusterToBeReady$0(180)) - Waiting for cluster to exit safe mode
2020-06-03 00:03:17,317 [Listener at 127.0.0.1/34949] INFO  ozone.MiniOzoneClusterImpl (MiniOzoneClusterImpl.java:lambda$waitForClusterToBeReady$0(177)) - Nodes are ready. Got 3 of 3 DN Heartbeats.
2020-06-03 00:03:17,318 [Listener at 127.0.0.1/34949] INFO  ozone.MiniOzoneClusterImpl (MiniOzoneClusterImpl.java:lambda$waitForClusterToBeReady$0(180)) - Waiting for cluster to exit safe mode
2020-06-03 00:03:18,318 [Listener at 127.0.0.1/34949] INFO  ozone.MiniOzoneClusterImpl (MiniOzoneClusterImpl.java:lambda$waitForClusterToBeReady$0(177)) - Nodes are ready. Got 3 of 3 DN Heartbeats.
2020-06-03 00:03:18,318 [Listener at 127.0.0.1/34949] INFO  ozone.MiniOzoneClusterImpl (MiniOzoneClusterImpl.java:lambda$waitForClusterToBeReady$0(180)) - Waiting for cluster to exit safe mode
2020-06-03 00:03:19,318 [Listener at 127.0.0.1/34949] INFO  ozone.MiniOzoneClusterImpl (MiniOzoneClusterImpl.java:lambda$waitForClusterToBeReady$0(177)) - Nodes are ready. Got 3 of 3 DN Heartbeats.
2020-06-03 00:03:19,318 [Listener at 127.0.0.1/34949] INFO  ozone.MiniOzoneClusterImpl (MiniOzoneClusterImpl.java:lambda$waitForClusterToBeReady$0(180)) - Waiting for cluster to exit safe mode
2020-06-03 00:03:20,318 [Listener at 127.0.0.1/34949] INFO  ozone.MiniOzoneClusterImpl (MiniOzoneClusterImpl.java:lambda$waitForClusterToBeReady$0(177)) - Nodes are ready. Got 3 of 3 DN Heartbeats.
2020-06-03 00:03:20,319 [Listener at 127.0.0.1/34949] INFO  ozone.MiniOzoneClusterImpl (MiniOzoneClusterImpl.java:lambda$waitForClusterToBeReady$0(180)) - Waiting for cluster to exit safe mode
2020-06-03 00:03:21,319 [Listener at 127.0.0.1/34949] INFO  ozone.MiniOzoneClusterImpl (MiniOzoneClusterImpl.java:lambda$waitForClusterToBeReady$0(177)) - Nodes are ready. Got 3 of 3 DN Heartbeats.
2020-06-03 00:03:21,319 [Listener at 127.0.0.1/34949] INFO  ozone.MiniOzoneClusterImpl (MiniOzoneClusterImpl.java:lambda$waitForClusterToBeReady$0(180)) - Waiting for cluster to exit safe mode
2020-06-03 00:03:22,319 [Listener at 127.0.0.1/34949] INFO  ozone.MiniOzoneClusterImpl (MiniOzoneClusterImpl.java:lambda$waitForClusterToBeReady$0(177)) - Nodes are ready. Got 3 of 3 DN Heartbeats.
2020-06-03 00:03:22,319 [Listener at 127.0.0.1/34949] INFO  ozone.MiniOzoneClusterImpl (MiniOzoneClusterImpl.java:lambda$waitForClusterToBeReady$0(180)) - Waiting for cluster to exit safe mode
2020-06-03 00:03:23,320 [Listener at 127.0.0.1/34949] INFO  ozone.MiniOzoneClusterImpl (MiniOzoneClusterImpl.java:lambda$waitForClusterToBeReady$0(177)) - Nodes are ready. Got 3 of 3 DN Heartbeats.
2020-06-03 00:03:23,320 [Listener at 127.0.0.1/34949] INFO  ozone.MiniOzoneClusterImpl (MiniOzoneClusterImpl.java:lambda$waitForClusterToBeReady$0(180)) - Waiting for cluster to exit safe mode
2020-06-03 00:03:24,320 [Listener at 127.0.0.1/34949] INFO  ozone.MiniOzoneClusterImpl (MiniOzoneClusterImpl.java:lambda$waitForClusterToBeReady$0(177)) - Nodes are ready. Got 3 of 3 DN Heartbeats.
2020-06-03 00:03:24,320 [Listener at 127.0.0.1/34949] INFO  ozone.MiniOzoneClusterImpl (MiniOzoneClusterImpl.java:lambda$waitForClusterToBeReady$0(180)) - Waiting for cluster to exit safe mode
2020-06-03 00:03:25,320 [Listener at 127.0.0.1/34949] INFO  ozone.MiniOzoneClusterImpl (MiniOzoneClusterImpl.java:lambda$waitForClusterToBeReady$0(177)) - Nodes are ready. Got 3 of 3 DN Heartbeats.
2020-06-03 00:03:25,321 [Listener at 127.0.0.1/34949] INFO  ozone.MiniOzoneClusterImpl (MiniOzoneClusterImpl.java:lambda$waitForClusterToBeReady$0(180)) - Waiting for cluster to exit safe mode
2020-06-03 00:03:26,322 [Listener at 127.0.0.1/34949] INFO  ozone.MiniOzoneClusterImpl (MiniOzoneClusterImpl.java:lambda$waitForClusterToBeReady$0(177)) - Nodes are ready. Got 3 of 3 DN Heartbeats.
2020-06-03 00:03:26,322 [Listener at 127.0.0.1/34949] INFO  ozone.MiniOzoneClusterImpl (MiniOzoneClusterImpl.java:lambda$waitForClusterToBeReady$0(180)) - Waiting for cluster to exit safe mode
2020-06-03 00:03:27,322 [Listener at 127.0.0.1/34949] INFO  ozone.MiniOzoneClusterImpl (MiniOzoneClusterImpl.java:lambda$waitForClusterToBeReady$0(177)) - Nodes are ready. Got 3 of 3 DN Heartbeats.
2020-06-03 00:03:27,322 [Listener at 127.0.0.1/34949] INFO  ozone.MiniOzoneClusterImpl (MiniOzoneClusterImpl.java:lambda$waitForClusterToBeReady$0(180)) - Waiting for cluster to exit safe mode
2020-06-03 00:03:28,322 [Listener at 127.0.0.1/34949] INFO  ozone.MiniOzoneClusterImpl (MiniOzoneClusterImpl.java:lambda$waitForClusterToBeReady$0(177)) - Nodes are ready. Got 3 of 3 DN Heartbeats.
2020-06-03 00:03:28,323 [Listener at 127.0.0.1/34949] INFO  ozone.MiniOzoneClusterImpl (MiniOzoneClusterImpl.java:lambda$waitForClusterToBeReady$0(180)) - Waiting for cluster to exit safe mode
2020-06-03 00:03:29,323 [Listener at 127.0.0.1/34949] INFO  ozone.MiniOzoneClusterImpl (MiniOzoneClusterImpl.java:lambda$waitForClusterToBeReady$0(177)) - Nodes are ready. Got 3 of 3 DN Heartbeats.
2020-06-03 00:03:29,323 [Listener at 127.0.0.1/34949] INFO  ozone.MiniOzoneClusterImpl (MiniOzoneClusterImpl.java:lambda$waitForClusterToBeReady$0(180)) - Waiting for cluster to exit safe mode
2020-06-03 00:03:30,323 [Listener at 127.0.0.1/34949] INFO  ozone.MiniOzoneClusterImpl (MiniOzoneClusterImpl.java:lambda$waitForClusterToBeReady$0(177)) - Nodes are ready. Got 3 of 3 DN Heartbeats.
2020-06-03 00:03:30,323 [Listener at 127.0.0.1/34949] INFO  ozone.MiniOzoneClusterImpl (MiniOzoneClusterImpl.java:lambda$waitForClusterToBeReady$0(180)) - Waiting for cluster to exit safe mode
2020-06-03 00:03:31,324 [Listener at 127.0.0.1/34949] INFO  ozone.MiniOzoneClusterImpl (MiniOzoneClusterImpl.java:lambda$waitForClusterToBeReady$0(177)) - Nodes are ready. Got 3 of 3 DN Heartbeats.
2020-06-03 00:03:31,324 [Listener at 127.0.0.1/34949] INFO  ozone.MiniOzoneClusterImpl (MiniOzoneClusterImpl.java:lambda$waitForClusterToBeReady$0(180)) - Waiting for cluster to exit safe mode
2020-06-03 00:03:32,324 [Listener at 127.0.0.1/34949] INFO  ozone.MiniOzoneClusterImpl (MiniOzoneClusterImpl.java:lambda$waitForClusterToBeReady$0(177)) - Nodes are ready. Got 3 of 3 DN Heartbeats.
2020-06-03 00:03:32,324 [Listener at 127.0.0.1/34949] INFO  ozone.MiniOzoneClusterImpl (MiniOzoneClusterImpl.java:lambda$waitForClusterToBeReady$0(180)) - Waiting for cluster to exit safe mode
2020-06-03 00:03:33,324 [Listener at 127.0.0.1/34949] INFO  ozone.MiniOzoneClusterImpl (MiniOzoneClusterImpl.java:lambda$waitForClusterToBeReady$0(177)) - Nodes are ready. Got 3 of 3 DN Heartbeats.
2020-06-03 00:03:33,324 [Listener at 127.0.0.1/34949] INFO  ozone.MiniOzoneClusterImpl (MiniOzoneClusterImpl.java:lambda$waitForClusterToBeReady$0(180)) - Waiting for cluster to exit safe mode
2020-06-03 00:03:34,325 [Listener at 127.0.0.1/34949] INFO  ozone.MiniOzoneClusterImpl (MiniOzoneClusterImpl.java:lambda$waitForClusterToBeReady$0(177)) - Nodes are ready. Got 3 of 3 DN Heartbeats.
2020-06-03 00:03:34,325 [Listener at 127.0.0.1/34949] INFO  ozone.MiniOzoneClusterImpl (MiniOzoneClusterImpl.java:lambda$waitForClusterToBeReady$0(180)) - Waiting for cluster to exit safe mode
2020-06-03 00:03:35,325 [Listener at 127.0.0.1/34949] INFO  ozone.MiniOzoneClusterImpl (MiniOzoneClusterImpl.java:lambda$waitForClusterToBeReady$0(177)) - Nodes are ready. Got 3 of 3 DN Heartbeats.
2020-06-03 00:03:35,325 [Listener at 127.0.0.1/34949] INFO  ozone.MiniOzoneClusterImpl (MiniOzoneClusterImpl.java:lambda$waitForClusterToBeReady$0(180)) - Waiting for cluster to exit safe mode
2020-06-03 00:03:36,325 [Listener at 127.0.0.1/34949] INFO  ozone.MiniOzoneClusterImpl (MiniOzoneClusterImpl.java:lambda$waitForClusterToBeReady$0(177)) - Nodes are ready. Got 3 of 3 DN Heartbeats.
2020-06-03 00:03:36,326 [Listener at 127.0.0.1/34949] INFO  ozone.MiniOzoneClusterImpl (MiniOzoneClusterImpl.java:lambda$waitForClusterToBeReady$0(180)) - Waiting for cluster to exit safe mode
2020-06-03 00:03:37,326 [Listener at 127.0.0.1/34949] INFO  ozone.MiniOzoneClusterImpl (MiniOzoneClusterImpl.java:lambda$waitForClusterToBeReady$0(177)) - Nodes are ready. Got 3 of 3 DN Heartbeats.
2020-06-03 00:03:37,326 [Listener at 127.0.0.1/34949] INFO  ozone.MiniOzoneClusterImpl (MiniOzoneClusterImpl.java:lambda$waitForClusterToBeReady$0(180)) - Waiting for cluster to exit safe mode
2020-06-03 00:03:38,326 [Listener at 127.0.0.1/34949] INFO  ozone.MiniOzoneClusterImpl (MiniOzoneClusterImpl.java:lambda$waitForClusterToBeReady$0(177)) - Nodes are ready. Got 3 of 3 DN Heartbeats.
2020-06-03 00:03:38,326 [Listener at 127.0.0.1/34949] INFO  ozone.MiniOzoneClusterImpl (MiniOzoneClusterImpl.java:lambda$waitForClusterToBeReady$0(180)) - Waiting for cluster to exit safe mode
2020-06-03 00:03:39,327 [Listener at 127.0.0.1/34949] INFO  ozone.MiniOzoneClusterImpl (MiniOzoneClusterImpl.java:lambda$waitForClusterToBeReady$0(177)) - Nodes are ready. Got 3 of 3 DN Heartbeats.
2020-06-03 00:03:39,327 [Listener at 127.0.0.1/34949] INFO  ozone.MiniOzoneClusterImpl (MiniOzoneClusterImpl.java:lambda$waitForClusterToBeReady$0(180)) - Waiting for cluster to exit safe mode
2020-06-03 00:03:40,327 [Listener at 127.0.0.1/34949] INFO  ozone.MiniOzoneClusterImpl (MiniOzoneClusterImpl.java:lambda$waitForClusterToBeReady$0(177)) - Nodes are ready. Got 3 of 3 DN Heartbeats.
2020-06-03 00:03:40,327 [Listener at 127.0.0.1/34949] INFO  ozone.MiniOzoneClusterImpl (MiniOzoneClusterImpl.java:lambda$waitForClusterToBeReady$0(180)) - Waiting for cluster to exit safe mode
2020-06-03 00:03:41,327 [Listener at 127.0.0.1/34949] INFO  ozone.MiniOzoneClusterImpl (MiniOzoneClusterImpl.java:lambda$waitForClusterToBeReady$0(177)) - Nodes are ready. Got 3 of 3 DN Heartbeats.
2020-06-03 00:03:41,328 [Listener at 127.0.0.1/34949] INFO  ozone.MiniOzoneClusterImpl (MiniOzoneClusterImpl.java:lambda$waitForClusterToBeReady$0(180)) - Waiting for cluster to exit safe mode
2020-06-03 00:03:42,328 [Listener at 127.0.0.1/34949] INFO  ozone.MiniOzoneClusterImpl (MiniOzoneClusterImpl.java:lambda$waitForClusterToBeReady$0(177)) - Nodes are ready. Got 3 of 3 DN Heartbeats.
2020-06-03 00:03:42,328 [Listener at 127.0.0.1/34949] INFO  ozone.MiniOzoneClusterImpl (MiniOzoneClusterImpl.java:lambda$waitForClusterToBeReady$0(180)) - Waiting for cluster to exit safe mode
2020-06-03 00:03:43,328 [Listener at 127.0.0.1/34949] INFO  ozone.MiniOzoneClusterImpl (MiniOzoneClusterImpl.java:lambda$waitForClusterToBeReady$0(177)) - Nodes are ready. Got 3 of 3 DN Heartbeats.
2020-06-03 00:03:43,328 [Listener at 127.0.0.1/34949] INFO  ozone.MiniOzoneClusterImpl (MiniOzoneClusterImpl.java:lambda$waitForClusterToBeReady$0(180)) - Waiting for cluster to exit safe mode
2020-06-03 00:03:44,328 [Listener at 127.0.0.1/34949] INFO  ozone.MiniOzoneClusterImpl (MiniOzoneClusterImpl.java:lambda$waitForClusterToBeReady$0(177)) - Nodes are ready. Got 3 of 3 DN Heartbeats.
2020-06-03 00:03:44,329 [Listener at 127.0.0.1/34949] INFO  ozone.MiniOzoneClusterImpl (MiniOzoneClusterImpl.java:lambda$waitForClusterToBeReady$0(180)) - Waiting for cluster to exit safe mode
2020-06-03 00:03:45,329 [Listener at 127.0.0.1/34949] INFO  ozone.MiniOzoneClusterImpl (MiniOzoneClusterImpl.java:lambda$waitForClusterToBeReady$0(177)) - Nodes are ready. Got 3 of 3 DN Heartbeats.
2020-06-03 00:03:45,329 [Listener at 127.0.0.1/34949] INFO  ozone.MiniOzoneClusterImpl (MiniOzoneClusterImpl.java:lambda$waitForClusterToBeReady$0(180)) - Waiting for cluster to exit safe mode
2020-06-03 00:03:46,329 [Listener at 127.0.0.1/34949] INFO  ozone.MiniOzoneClusterImpl (MiniOzoneClusterImpl.java:lambda$waitForClusterToBeReady$0(177)) - Nodes are ready. Got 3 of 3 DN Heartbeats.
2020-06-03 00:03:46,329 [Listener at 127.0.0.1/34949] INFO  ozone.MiniOzoneClusterImpl (MiniOzoneClusterImpl.java:lambda$waitForClusterToBeReady$0(180)) - Waiting for cluster to exit safe mode
2020-06-03 00:03:47,330 [Listener at 127.0.0.1/34949] INFO  ozone.MiniOzoneClusterImpl (MiniOzoneClusterImpl.java:lambda$waitForClusterToBeReady$0(177)) - Nodes are ready. Got 3 of 3 DN Heartbeats.
2020-06-03 00:03:47,330 [Listener at 127.0.0.1/34949] INFO  ozone.MiniOzoneClusterImpl (MiniOzoneClusterImpl.java:lambda$waitForClusterToBeReady$0(180)) - Waiting for cluster to exit safe mode
2020-06-03 00:03:48,330 [Listener at 127.0.0.1/34949] INFO  ozone.MiniOzoneClusterImpl (MiniOzoneClusterImpl.java:lambda$waitForClusterToBeReady$0(177)) - Nodes are ready. Got 3 of 3 DN Heartbeats.
2020-06-03 00:03:48,330 [Listener at 127.0.0.1/34949] INFO  ozone.MiniOzoneClusterImpl (MiniOzoneClusterImpl.java:lambda$waitForClusterToBeReady$0(180)) - Waiting for cluster to exit safe mode
2020-06-03 00:03:48,782 [Listener at 127.0.0.1/34949] INFO  ozone.MiniOzoneClusterImpl (MiniOzoneClusterImpl.java:shutdown(387)) - Shutting down the Mini Ozone Cluster
2020-06-03 00:03:48,782 [Listener at 127.0.0.1/34949] INFO  ozone.MiniOzoneClusterImpl (MiniOzoneClusterImpl.java:stop(402)) - Stopping the Mini Ozone Cluster
2020-06-03 00:03:48,782 [Listener at 127.0.0.1/34949] INFO  ozone.MiniOzoneClusterImpl (MiniOzoneClusterImpl.java:stopOM(484)) - Stopping the OzoneManager
2020-06-03 00:03:48,782 [Listener at 127.0.0.1/34949] INFO  ipc.Server (Server.java:stop(3359)) - Stopping server on 34949
2020-06-03 00:03:48,785 [IPC Server Responder] INFO  ipc.Server (Server.java:run(1465)) - Stopping IPC Server Responder
2020-06-03 00:03:48,785 [IPC Server listener on 0] INFO  ipc.Server (Server.java:run(1330)) - Stopping IPC Server listener on 0
2020-06-03 00:03:48,786 [Listener at 127.0.0.1/34949] INFO  ratis.OzoneManagerDoubleBuffer (OzoneManagerDoubleBuffer.java:stop(410)) - Stopping OMDoubleBuffer flush thread
2020-06-03 00:03:48,786 [OMDoubleBufferFlushThread] INFO  ratis.OzoneManagerDoubleBuffer (OzoneManagerDoubleBuffer.java:flushTransactions(342)) - OMDoubleBuffer flush thread OMDoubleBufferFlushThread is interrupted and will exit. OMDoubleBufferFlushThread
2020-06-03 00:03:48,787 [Listener at 127.0.0.1/34949] INFO  utils.BackgroundService (BackgroundService.java:shutdown(157)) - Shutting down service KeyDeletingService
2020-06-03 00:03:48,789 [Listener at 127.0.0.1/34949] INFO  handler.ContextHandler (ContextHandler.java:doStop(1016)) - Stopped o.e.j.w.WebAppContext@657a5727{ozoneManager,/,null,UNAVAILABLE}{file:/github/workspace/mnt/ozone/hadoop-ozone/integration-test/target/test-classes/webapps/ozoneManager}
]]></system-out>
    <system-err><![CDATA[ERROR StatusLogger No Log4j 2 configuration file found. Using default configuration (logging only errors to the console), or user programmatically provided configurations. Set system property 'log4j2.debug' to show Log4j 2 internal initialization logging. See https://logging.apache.org/log4j/2.x/manual/configuration.html for instructions on how to configure Log4j 2
]]></system-err>
  </testcase>
</testsuite>