<?xml version="1.0" encoding="UTF-8"?>
<testsuite xmlns:xsi="http://www.w3.org/2001/XMLSchema-instance" xsi:noNamespaceSchemaLocation="https://maven.apache.org/surefire/maven-surefire-plugin/xsd/surefire-test-report.xsd" name="org.apache.hadoop.ozone.scm.TestSCMInstallSnapshotWithHA" time="152.755" tests="3" errors="0" skipped="0" failures="1">
  <properties>
    <property name="awt.toolkit" value="sun.awt.X11.XToolkit"/>
    <property name="file.encoding.pkg" value="sun.io"/>
    <property name="java.specification.version" value="1.8"/>
    <property name="sun.cpu.isalist" value=""/>
    <property name="sun.jnu.encoding" value="UTF-8"/>
    <property name="java.class.path" value="/home/runner/work/ozone/ozone/mnt/ozone/hadoop-ozone/integration-test/target/test-classes:/home/runner/work/ozone/ozone/mnt/ozone/hadoop-ozone/integration-test/target/classes:/home/runner/.m2/repository/org/apache/ozone/ozone-common/1.2.0-SNAPSHOT/ozone-common-1.2.0-SNAPSHOT.jar:/home/runner/.m2/repository/org/apache/commons/commons-compress/1.20/commons-compress-1.20.jar:/home/runner/.m2/repository/org/apache/ozone/hdds-common/1.2.0-SNAPSHOT/hdds-common-1.2.0-SNAPSHOT.jar:/home/runner/.m2/repository/org/apache/ozone/hdds-client/1.2.0-SNAPSHOT/hdds-client-1.2.0-SNAPSHOT.jar:/home/runner/.m2/repository/org/apache/ozone/ozone-interface-client/1.2.0-SNAPSHOT/ozone-interface-client-1.2.0-SNAPSHOT.jar:/home/runner/.m2/repository/org/apache/ozone/hdds-test-utils/1.2.0-SNAPSHOT/hdds-test-utils-1.2.0-SNAPSHOT.jar:/home/runner/.m2/repository/com/google/guava/guava/30.1.1-jre/guava-30.1.1-jre.jar:/home/runner/.m2/repository/com/google/guava/failureaccess/1.0.1/failureaccess-1.0.1.jar:/home/runner/.m2/repository/com/google/guava/listenablefuture/9999.0-empty-to-avoid-conflict-with-guava/listenablefuture-9999.0-empty-to-avoid-conflict-with-guava.jar:/home/runner/.m2/repository/com/google/code/findbugs/jsr305/3.0.0/jsr305-3.0.0.jar:/home/runner/.m2/repository/org/checkerframework/checker-qual/3.8.0/checker-qual-3.8.0.jar:/home/runner/.m2/repository/com/google/errorprone/error_prone_annotations/2.2.0/error_prone_annotations-2.2.0.jar:/home/runner/.m2/repository/com/google/j2objc/j2objc-annotations/1.3/j2objc-annotations-1.3.jar:/home/runner/.m2/repository/commons-io/commons-io/2.8.0/commons-io-2.8.0.jar:/home/runner/.m2/repository/commons-logging/commons-logging/1.2/commons-logging-1.2.jar:/home/runner/.m2/repository/log4j/log4j/1.2.17/log4j-1.2.17.jar:/home/runner/.m2/repository/org/slf4j/slf4j-api/1.7.30/slf4j-api-1.7.30.jar:/home/runner/.m2/repository/org/apache/ozone/hdds-server-scm/1.2.0-SNAPSHOT/hdds-server-scm-1.2.0-SNAPSHOT.jar:/home/runner/.m2/repository/org/apache/ozone/hdds-container-service/1.2.0-SNAPSHOT/hdds-container-service-1.2.0-SNAPSHOT.jar:/home/runner/.m2/repository/org/apache/ozone/hdds-hadoop-dependency-server/1.2.0-SNAPSHOT/hdds-hadoop-dependency-server-1.2.0-SNAPSHOT.jar:/home/runner/.m2/repository/org/apache/hadoop/hadoop-hdfs/3.2.2/hadoop-hdfs-3.2.2.jar:/home/runner/.m2/repository/org/apache/ozone/hdds-server-framework/1.2.0-SNAPSHOT/hdds-server-framework-1.2.0-SNAPSHOT.jar:/home/runner/.m2/repository/org/apache/ozone/hdds-interface-server/1.2.0-SNAPSHOT/hdds-interface-server-1.2.0-SNAPSHOT.jar:/home/runner/.m2/repository/org/eclipse/jetty/jetty-servlet/9.4.35.v20201120/jetty-servlet-9.4.35.v20201120.jar:/home/runner/.m2/repository/org/eclipse/jetty/jetty-security/9.4.35.v20201120/jetty-security-9.4.35.v20201120.jar:/home/runner/.m2/repository/org/rocksdb/rocksdbjni/6.20.3/rocksdbjni-6.20.3.jar:/home/runner/.m2/repository/io/prometheus/simpleclient_dropwizard/0.7.0/simpleclient_dropwizard-0.7.0.jar:/home/runner/.m2/repository/io/prometheus/simpleclient/0.7.0/simpleclient-0.7.0.jar:/home/runner/.m2/repository/io/prometheus/simpleclient_common/0.7.0/simpleclient_common-0.7.0.jar:/home/runner/.m2/repository/com/fasterxml/jackson/datatype/jackson-datatype-jsr310/2.12.1/jackson-datatype-jsr310-2.12.1.jar:/home/runner/.m2/repository/io/dropwizard/metrics/metrics-core/3.2.4/metrics-core-3.2.4.jar:/home/runner/.m2/repository/org/apache/hadoop/hadoop-hdfs-client/3.2.2/hadoop-hdfs-client-3.2.2.jar:/home/runner/.m2/repository/org/bouncycastle/bcprov-jdk15on/1.67/bcprov-jdk15on-1.67.jar:/home/runner/.m2/repository/com/google/protobuf/protobuf-java/2.5.0/protobuf-java-2.5.0.jar:/home/runner/.m2/repository/org/apache/ozone/ozone-manager/1.2.0-SNAPSHOT/ozone-manager-1.2.0-SNAPSHOT.jar:/home/runner/.m2/repository/org/apache/ozone/hdds-interface-client/1.2.0-SNAPSHOT/hdds-interface-client-1.2.0-SNAPSHOT.jar:/home/runner/.m2/repository/org/apache/ratis/ratis-thirdparty-misc/0.7.0-a398b19-SNAPSHOT/ratis-thirdparty-misc-0.7.0-a398b19-SNAPSHOT.jar:/home/runner/.m2/repository/org/apache/ozone/ozone-interface-storage/1.2.0-SNAPSHOT/ozone-interface-storage-1.2.0-SNAPSHOT.jar:/home/runner/.m2/repository/org/apache/hadoop/hadoop-minikdc/3.2.2/hadoop-minikdc-3.2.2.jar:/home/runner/.m2/repository/org/apache/kerby/kerb-simplekdc/1.0.1/kerb-simplekdc-1.0.1.jar:/home/runner/.m2/repository/org/apache/kerby/kerb-client/1.0.1/kerb-client-1.0.1.jar:/home/runner/.m2/repository/org/apache/kerby/kerby-config/1.0.1/kerby-config-1.0.1.jar:/home/runner/.m2/repository/org/apache/kerby/kerb-core/1.0.1/kerb-core-1.0.1.jar:/home/runner/.m2/repository/org/apache/kerby/kerby-pkix/1.0.1/kerby-pkix-1.0.1.jar:/home/runner/.m2/repository/org/apache/kerby/kerby-asn1/1.0.1/kerby-asn1-1.0.1.jar:/home/runner/.m2/repository/org/apache/kerby/kerby-util/1.0.1/kerby-util-1.0.1.jar:/home/runner/.m2/repository/org/apache/kerby/kerb-common/1.0.1/kerb-common-1.0.1.jar:/home/runner/.m2/repository/org/apache/kerby/kerb-crypto/1.0.1/kerb-crypto-1.0.1.jar:/home/runner/.m2/repository/org/apache/kerby/kerb-util/1.0.1/kerb-util-1.0.1.jar:/home/runner/.m2/repository/org/apache/kerby/token-provider/1.0.1/token-provider-1.0.1.jar:/home/runner/.m2/repository/org/apache/kerby/kerb-admin/1.0.1/kerb-admin-1.0.1.jar:/home/runner/.m2/repository/org/apache/kerby/kerb-server/1.0.1/kerb-server-1.0.1.jar:/home/runner/.m2/repository/org/apache/kerby/kerb-identity/1.0.1/kerb-identity-1.0.1.jar:/home/runner/.m2/repository/org/apache/kerby/kerby-xdr/1.0.1/kerby-xdr-1.0.1.jar:/home/runner/.m2/repository/org/slf4j/slf4j-log4j12/1.7.30/slf4j-log4j12-1.7.30.jar:/home/runner/.m2/repository/org/apache/ozone/ozone-s3gateway/1.2.0-SNAPSHOT/ozone-s3gateway-1.2.0-SNAPSHOT.jar:/home/runner/.m2/repository/org/jboss/weld/servlet/weld-servlet/2.4.7.Final/weld-servlet-2.4.7.Final.jar:/home/runner/.m2/repository/org/glassfish/jersey/containers/jersey-container-servlet-core/2.33/jersey-container-servlet-core-2.33.jar:/home/runner/.m2/repository/org/glassfish/hk2/external/jakarta.inject/2.6.1/jakarta.inject-2.6.1.jar:/home/runner/.m2/repository/org/glassfish/jersey/core/jersey-common/2.33/jersey-common-2.33.jar:/home/runner/.m2/repository/jakarta/ws/rs/jakarta.ws.rs-api/2.1.6/jakarta.ws.rs-api-2.1.6.jar:/home/runner/.m2/repository/org/glassfish/jersey/ext/cdi/jersey-cdi1x/2.33/jersey-cdi1x-2.33.jar:/home/runner/.m2/repository/org/glassfish/jersey/inject/jersey-hk2/2.33/jersey-hk2-2.33.jar:/home/runner/.m2/repository/org/glassfish/hk2/hk2-locator/2.6.1/hk2-locator-2.6.1.jar:/home/runner/.m2/repository/org/javassist/javassist/3.25.0-GA/javassist-3.25.0-GA.jar:/home/runner/.m2/repository/org/glassfish/jersey/media/jersey-media-jaxb/2.33/jersey-media-jaxb-2.33.jar:/home/runner/.m2/repository/org/glassfish/hk2/osgi-resource-locator/1.0.3/osgi-resource-locator-1.0.3.jar:/home/runner/.m2/repository/org/glassfish/hk2/hk2-api/2.5.0/hk2-api-2.5.0.jar:/home/runner/.m2/repository/org/glassfish/hk2/hk2-utils/2.5.0/hk2-utils-2.5.0.jar:/home/runner/.m2/repository/org/glassfish/hk2/external/aopalliance-repackaged/2.5.0/aopalliance-repackaged-2.5.0.jar:/home/runner/.m2/repository/com/fasterxml/jackson/dataformat/jackson-dataformat-xml/2.12.1/jackson-dataformat-xml-2.12.1.jar:/home/runner/.m2/repository/com/fasterxml/jackson/core/jackson-core/2.12.1/jackson-core-2.12.1.jar:/home/runner/.m2/repository/com/fasterxml/jackson/module/jackson-module-jaxb-annotations/2.12.1/jackson-module-jaxb-annotations-2.12.1.jar:/home/runner/.m2/repository/jakarta/xml/bind/jakarta.xml.bind-api/2.3.2/jakarta.xml.bind-api-2.3.2.jar:/home/runner/.m2/repository/jakarta/activation/jakarta.activation-api/1.2.1/jakarta.activation-api-1.2.1.jar:/home/runner/.m2/repository/org/codehaus/woodstox/stax2-api/3.1.4/stax2-api-3.1.4.jar:/home/runner/.m2/repository/com/fasterxml/woodstox/woodstox-core/5.0.3/woodstox-core-5.0.3.jar:/home/runner/.m2/repository/javax/enterprise/cdi-api/1.2/cdi-api-1.2.jar:/home/runner/.m2/repository/javax/el/javax.el-api/3.0.0/javax.el-api-3.0.0.jar:/home/runner/.m2/repository/javax/interceptor/javax.interceptor-api/1.2/javax.interceptor-api-1.2.jar:/home/runner/.m2/repository/javax/inject/javax.inject/1/javax.inject-1.jar:/home/runner/.m2/repository/javax/xml/bind/jaxb-api/2.3.0/jaxb-api-2.3.0.jar:/home/runner/.m2/repository/org/glassfish/jaxb/jaxb-runtime/2.3.0.1/jaxb-runtime-2.3.0.1.jar:/home/runner/.m2/repository/org/glassfish/jaxb/jaxb-core/2.3.0.1/jaxb-core-2.3.0.1.jar:/home/runner/.m2/repository/org/glassfish/jaxb/txw2/2.3.0.1/txw2-2.3.0.1.jar:/home/runner/.m2/repository/com/sun/istack/istack-commons-runtime/3.0.5/istack-commons-runtime-3.0.5.jar:/home/runner/.m2/repository/org/jvnet/staxex/stax-ex/1.7.8/stax-ex-1.7.8.jar:/home/runner/.m2/repository/com/sun/xml/fastinfoset/FastInfoset/1.2.13/FastInfoset-1.2.13.jar:/home/runner/.m2/repository/javax/activation/activation/1.1.1/activation-1.1.1.jar:/home/runner/.m2/repository/org/apache/ozone/ozone-csi/1.2.0-SNAPSHOT/ozone-csi-1.2.0-SNAPSHOT.jar:/home/runner/.m2/repository/com/google/protobuf/protobuf-java-util/3.12.0/protobuf-java-util-3.12.0.jar:/home/runner/.m2/repository/com/google/code/gson/gson/2.2.4/gson-2.2.4.jar:/home/runner/.m2/repository/org/apache/ozone/hdds-config/1.2.0-SNAPSHOT/hdds-config-1.2.0-SNAPSHOT.jar:/home/runner/.m2/repository/io/grpc/grpc-netty/1.33.0/grpc-netty-1.33.0.jar:/home/runner/.m2/repository/io/grpc/grpc-core/1.33.0/grpc-core-1.33.0.jar:/home/runner/.m2/repository/com/google/android/annotations/4.1.1.4/annotations-4.1.1.4.jar:/home/runner/.m2/repository/io/netty/netty-codec-http2/4.1.63.Final/netty-codec-http2-4.1.63.Final.jar:/home/runner/.m2/repository/io/netty/netty-codec-http/4.1.63.Final/netty-codec-http-4.1.63.Final.jar:/home/runner/.m2/repository/io/netty/netty-handler-proxy/4.1.63.Final/netty-handler-proxy-4.1.63.Final.jar:/home/runner/.m2/repository/io/netty/netty-codec-socks/4.1.63.Final/netty-codec-socks-4.1.63.Final.jar:/home/runner/.m2/repository/io/perfmark/perfmark-api/0.19.0/perfmark-api-0.19.0.jar:/home/runner/.m2/repository/org/codehaus/mojo/animal-sniffer-annotations/1.18/animal-sniffer-annotations-1.18.jar:/home/runner/.m2/repository/io/netty/netty-transport-native-epoll/4.1.63.Final/netty-transport-native-epoll-4.1.63.Final.jar:/home/runner/.m2/repository/io/netty/netty-common/4.1.63.Final/netty-common-4.1.63.Final.jar:/home/runner/.m2/repository/io/netty/netty-buffer/4.1.63.Final/netty-buffer-4.1.63.Final.jar:/home/runner/.m2/repository/io/netty/netty-transport-native-unix-common/4.1.63.Final/netty-transport-native-unix-common-4.1.63.Final.jar:/home/runner/.m2/repository/io/grpc/grpc-protobuf/1.33.0/grpc-protobuf-1.33.0.jar:/home/runner/.m2/repository/io/grpc/grpc-api/1.33.0/grpc-api-1.33.0.jar:/home/runner/.m2/repository/io/grpc/grpc-context/1.33.0/grpc-context-1.33.0.jar:/home/runner/.m2/repository/com/google/api/grpc/proto-google-common-protos/1.17.0/proto-google-common-protos-1.17.0.jar:/home/runner/.m2/repository/io/grpc/grpc-protobuf-lite/1.33.0/grpc-protobuf-lite-1.33.0.jar:/home/runner/.m2/repository/io/grpc/grpc-stub/1.33.0/grpc-stub-1.33.0.jar:/home/runner/.m2/repository/org/apache/ozone/ozone-recon/1.2.0-SNAPSHOT/ozone-recon-1.2.0-SNAPSHOT.jar:/home/runner/.m2/repository/org/apache/ozone/ozone-reconcodegen/1.2.0-SNAPSHOT/ozone-reconcodegen-1.2.0-SNAPSHOT.jar:/home/runner/.m2/repository/com/google/inject/extensions/guice-multibindings/4.0/guice-multibindings-4.0.jar:/home/runner/.m2/repository/com/google/inject/guice/4.0/guice-4.0.jar:/home/runner/.m2/repository/aopalliance/aopalliance/1.0/aopalliance-1.0.jar:/home/runner/.m2/repository/com/google/inject/extensions/guice-assistedinject/4.0/guice-assistedinject-4.0.jar:/home/runner/.m2/repository/com/google/inject/extensions/guice-servlet/4.0/guice-servlet-4.0.jar:/home/runner/.m2/repository/org/glassfish/jersey/containers/jersey-container-servlet/2.33/jersey-container-servlet-2.33.jar:/home/runner/.m2/repository/org/glassfish/hk2/guice-bridge/2.5.0/guice-bridge-2.5.0.jar:/home/runner/.m2/repository/org/glassfish/jersey/core/jersey-server/2.33/jersey-server-2.33.jar:/home/runner/.m2/repository/org/glassfish/jersey/core/jersey-client/2.33/jersey-client-2.33.jar:/home/runner/.m2/repository/jakarta/annotation/jakarta.annotation-api/1.3.5/jakarta.annotation-api-1.3.5.jar:/home/runner/.m2/repository/jakarta/validation/jakarta.validation-api/2.0.2/jakarta.validation-api-2.0.2.jar:/home/runner/.m2/repository/org/glassfish/jersey/media/jersey-media-json-jackson/2.33/jersey-media-json-jackson-2.33.jar:/home/runner/.m2/repository/org/glassfish/jersey/ext/jersey-entity-filtering/2.33/jersey-entity-filtering-2.33.jar:/home/runner/.m2/repository/org/jooq/jooq/3.11.10/jooq-3.11.10.jar:/home/runner/.m2/repository/org/jooq/jooq-meta/3.11.10/jooq-meta-3.11.10.jar:/home/runner/.m2/repository/org/jooq/jooq-codegen/3.11.10/jooq-codegen-3.11.10.jar:/home/runner/.m2/repository/com/jolbox/bonecp/0.8.0.RELEASE/bonecp-0.8.0.RELEASE.jar:/home/runner/.m2/repository/org/apache/derby/derby/10.14.2.0/derby-10.14.2.0.jar:/home/runner/.m2/repository/org/xerial/sqlite-jdbc/3.25.2/sqlite-jdbc-3.25.2.jar:/home/runner/.m2/repository/org/springframework/spring-jdbc/5.2.11.RELEASE/spring-jdbc-5.2.11.RELEASE.jar:/home/runner/.m2/repository/org/springframework/spring-beans/5.2.11.RELEASE/spring-beans-5.2.11.RELEASE.jar:/home/runner/.m2/repository/org/springframework/spring-core/5.2.11.RELEASE/spring-core-5.2.11.RELEASE.jar:/home/runner/.m2/repository/org/springframework/spring-jcl/5.2.11.RELEASE/spring-jcl-5.2.11.RELEASE.jar:/home/runner/.m2/repository/org/springframework/spring-tx/5.2.11.RELEASE/spring-tx-5.2.11.RELEASE.jar:/home/runner/.m2/repository/org/apache/ozone/ozone-client/1.2.0-SNAPSHOT/ozone-client-1.2.0-SNAPSHOT.jar:/home/runner/.m2/repository/org/apache/ozone/ozone-filesystem/1.2.0-SNAPSHOT/ozone-filesystem-1.2.0-SNAPSHOT.jar:/home/runner/.m2/repository/org/apache/ozone/ozone-filesystem-common/1.2.0-SNAPSHOT/ozone-filesystem-common-1.2.0-SNAPSHOT.jar:/home/runner/.m2/repository/org/apache/ozone/ozone-tools/1.2.0-SNAPSHOT/ozone-tools-1.2.0-SNAPSHOT.jar:/home/runner/.m2/repository/org/apache/ratis/ratis-tools/2.1.0-ff8aa66-SNAPSHOT/ratis-tools-2.1.0-ff8aa66-SNAPSHOT.jar:/home/runner/.m2/repository/org/apache/ratis/ratis-proto/2.1.0-ff8aa66-SNAPSHOT/ratis-proto-2.1.0-ff8aa66-SNAPSHOT.jar:/home/runner/.m2/repository/org/apache/ratis/ratis-common/2.1.0-ff8aa66-SNAPSHOT/ratis-common-2.1.0-ff8aa66-SNAPSHOT.jar:/home/runner/.m2/repository/com/amazonaws/aws-java-sdk-core/1.11.901/aws-java-sdk-core-1.11.901.jar:/home/runner/.m2/repository/org/apache/httpcomponents/httpclient/4.5.13/httpclient-4.5.13.jar:/home/runner/.m2/repository/org/apache/httpcomponents/httpcore/4.4.13/httpcore-4.4.13.jar:/home/runner/.m2/repository/software/amazon/ion/ion-java/1.0.2/ion-java-1.0.2.jar:/home/runner/.m2/repository/com/fasterxml/jackson/dataformat/jackson-dataformat-cbor/2.12.1/jackson-dataformat-cbor-2.12.1.jar:/home/runner/.m2/repository/joda-time/joda-time/2.8.1/joda-time-2.8.1.jar:/home/runner/.m2/repository/com/amazonaws/aws-java-sdk-s3/1.11.901/aws-java-sdk-s3-1.11.901.jar:/home/runner/.m2/repository/com/amazonaws/aws-java-sdk-kms/1.11.901/aws-java-sdk-kms-1.11.901.jar:/home/runner/.m2/repository/com/amazonaws/jmespath-java/1.11.901/jmespath-java-1.11.901.jar:/home/runner/.m2/repository/org/kohsuke/metainf-services/metainf-services/1.8/metainf-services-1.8.jar:/home/runner/.m2/repository/org/apache/ozone/hdds-tools/1.2.0-SNAPSHOT/hdds-tools-1.2.0-SNAPSHOT.jar:/home/runner/.m2/repository/commons-cli/commons-cli/1.2/commons-cli-1.2.jar:/home/runner/.m2/repository/org/apache/commons/commons-lang3/3.7/commons-lang3-3.7.jar:/home/runner/.m2/repository/org/apache/ozone/ozone-manager/1.2.0-SNAPSHOT/ozone-manager-1.2.0-SNAPSHOT-tests.jar:/home/runner/.m2/repository/org/apache/ozone/hdds-common/1.2.0-SNAPSHOT/hdds-common-1.2.0-SNAPSHOT-tests.jar:/home/runner/.m2/repository/org/apache/ozone/hdds-hadoop-dependency-client/1.2.0-SNAPSHOT/hdds-hadoop-dependency-client-1.2.0-SNAPSHOT.jar:/home/runner/.m2/repository/info/picocli/picocli/4.4.0/picocli-4.4.0.jar:/home/runner/.m2/repository/com/fasterxml/jackson/core/jackson-annotations/2.12.1/jackson-annotations-2.12.1.jar:/home/runner/.m2/repository/javax/annotation/javax.annotation-api/1.2/javax.annotation-api-1.2.jar:/home/runner/.m2/repository/org/apache/ratis/ratis-server/2.1.0-ff8aa66-SNAPSHOT/ratis-server-2.1.0-ff8aa66-SNAPSHOT.jar:/home/runner/.m2/repository/org/apache/ratis/ratis-client/2.1.0-ff8aa66-SNAPSHOT/ratis-client-2.1.0-ff8aa66-SNAPSHOT.jar:/home/runner/.m2/repository/org/apache/ratis/ratis-server-api/2.1.0-ff8aa66-SNAPSHOT/ratis-server-api-2.1.0-ff8aa66-SNAPSHOT.jar:/home/runner/.m2/repository/org/apache/ratis/ratis-metrics/2.1.0-ff8aa66-SNAPSHOT/ratis-metrics-2.1.0-ff8aa66-SNAPSHOT.jar:/home/runner/.m2/repository/org/apache/ratis/ratis-netty/2.1.0-ff8aa66-SNAPSHOT/ratis-netty-2.1.0-ff8aa66-SNAPSHOT.jar:/home/runner/.m2/repository/org/apache/ratis/ratis-grpc/2.1.0-ff8aa66-SNAPSHOT/ratis-grpc-2.1.0-ff8aa66-SNAPSHOT.jar:/home/runner/.m2/repository/org/apache/logging/log4j/log4j-api/2.13.3/log4j-api-2.13.3.jar:/home/runner/.m2/repository/org/apache/logging/log4j/log4j-core/2.13.3/log4j-core-2.13.3.jar:/home/runner/.m2/repository/com/lmax/disruptor/3.4.2/disruptor-3.4.2.jar:/home/runner/.m2/repository/org/apache/commons/commons-pool2/2.6.0/commons-pool2-2.6.0.jar:/home/runner/.m2/repository/org/bouncycastle/bcpkix-jdk15on/1.67/bcpkix-jdk15on-1.67.jar:/home/runner/.m2/repository/commons-validator/commons-validator/1.6/commons-validator-1.6.jar:/home/runner/.m2/repository/commons-beanutils/commons-beanutils/1.9.4/commons-beanutils-1.9.4.jar:/home/runner/.m2/repository/commons-digester/commons-digester/1.8.1/commons-digester-1.8.1.jar:/home/runner/.m2/repository/commons-collections/commons-collections/3.2.2/commons-collections-3.2.2.jar:/home/runner/.m2/repository/io/jaegertracing/jaeger-client/1.6.0/jaeger-client-1.6.0.jar:/home/runner/.m2/repository/io/jaegertracing/jaeger-thrift/1.6.0/jaeger-thrift-1.6.0.jar:/home/runner/.m2/repository/org/apache/thrift/libthrift/0.14.1/libthrift-0.14.1.jar:/home/runner/.m2/repository/com/squareup/okhttp3/okhttp/4.9.0/okhttp-4.9.0.jar:/home/runner/.m2/repository/com/squareup/okio/okio/2.8.0/okio-2.8.0.jar:/home/runner/.m2/repository/io/jaegertracing/jaeger-core/1.6.0/jaeger-core-1.6.0.jar:/home/runner/.m2/repository/io/jaegertracing/jaeger-tracerresolver/1.6.0/jaeger-tracerresolver-1.6.0.jar:/home/runner/.m2/repository/io/opentracing/contrib/opentracing-tracerresolver/0.1.8/opentracing-tracerresolver-0.1.8.jar:/home/runner/.m2/repository/org/jetbrains/kotlin/kotlin-stdlib/1.4.31/kotlin-stdlib-1.4.31.jar:/home/runner/.m2/repository/org/jetbrains/kotlin/kotlin-stdlib-common/1.4.31/kotlin-stdlib-common-1.4.31.jar:/home/runner/.m2/repository/org/jetbrains/annotations/13.0/annotations-13.0.jar:/home/runner/.m2/repository/io/opentracing/opentracing-util/0.33.0/opentracing-util-0.33.0.jar:/home/runner/.m2/repository/io/opentracing/opentracing-api/0.33.0/opentracing-api-0.33.0.jar:/home/runner/.m2/repository/io/opentracing/opentracing-noop/0.33.0/opentracing-noop-0.33.0.jar:/home/runner/.m2/repository/org/yaml/snakeyaml/1.26/snakeyaml-1.26.jar:/home/runner/.m2/repository/org/apache/ozone/hdds-interface-admin/1.2.0-SNAPSHOT/hdds-interface-admin-1.2.0-SNAPSHOT.jar:/home/runner/.m2/repository/junit/junit/4.13.1/junit-4.13.1.jar:/home/runner/.m2/repository/org/hamcrest/hamcrest-core/1.3/hamcrest-core-1.3.jar:/home/runner/.m2/repository/org/junit/jupiter/junit-jupiter-api/5.7.0/junit-jupiter-api-5.7.0.jar:/home/runner/.m2/repository/org/apiguardian/apiguardian-api/1.1.0/apiguardian-api-1.1.0.jar:/home/runner/.m2/repository/org/opentest4j/opentest4j/1.2.0/opentest4j-1.2.0.jar:/home/runner/.m2/repository/org/junit/platform/junit-platform-commons/1.7.0/junit-platform-commons-1.7.0.jar:/home/runner/.m2/repository/org/junit/jupiter/junit-jupiter-engine/5.7.0/junit-jupiter-engine-5.7.0.jar:/home/runner/.m2/repository/org/junit/platform/junit-platform-engine/1.7.0/junit-platform-engine-1.7.0.jar:/home/runner/.m2/repository/org/junit/vintage/junit-vintage-engine/5.7.0/junit-vintage-engine-5.7.0.jar:/home/runner/.m2/repository/org/junit/platform/junit-platform-launcher/1.7.0/junit-platform-launcher-1.7.0.jar:/home/runner/.m2/repository/org/openjdk/jmh/jmh-core/1.19/jmh-core-1.19.jar:/home/runner/.m2/repository/net/sf/jopt-simple/jopt-simple/4.6/jopt-simple-4.6.jar:/home/runner/.m2/repository/org/apache/commons/commons-math3/3.1.1/commons-math3-3.1.1.jar:/home/runner/.m2/repository/org/openjdk/jmh/jmh-generator-annprocess/1.19/jmh-generator-annprocess-1.19.jar:/home/runner/.m2/repository/org/mockito/mockito-all/1.8.5/mockito-all-1.8.5.jar:/home/runner/.m2/repository/org/apache/hadoop/hadoop-kms/3.2.2/hadoop-kms-3.2.2.jar:/home/runner/.m2/repository/org/apache/hadoop/hadoop-auth/3.2.2/hadoop-auth-3.2.2.jar:/home/runner/.m2/repository/com/nimbusds/nimbus-jose-jwt/7.9/nimbus-jose-jwt-7.9.jar:/home/runner/.m2/repository/com/github/stephenc/jcip/jcip-annotations/1.0-1/jcip-annotations-1.0-1.jar:/home/runner/.m2/repository/net/minidev/json-smart/2.3/json-smart-2.3.jar:/home/runner/.m2/repository/net/minidev/accessors-smart/1.2/accessors-smart-1.2.jar:/home/runner/.m2/repository/org/ow2/asm/asm/5.0.4/asm-5.0.4.jar:/home/runner/.m2/repository/org/apache/zookeeper/zookeeper/3.4.13/zookeeper-3.4.13.jar:/home/runner/.m2/repository/org/apache/yetus/audience-annotations/0.5.0/audience-annotations-0.5.0.jar:/home/runner/.m2/repository/org/apache/curator/curator-framework/2.13.0/curator-framework-2.13.0.jar:/home/runner/.m2/repository/com/sun/jersey/jersey-core/1.19/jersey-core-1.19.jar:/home/runner/.m2/repository/javax/ws/rs/jsr311-api/1.1.1/jsr311-api-1.1.1.jar:/home/runner/.m2/repository/com/sun/jersey/jersey-server/1.19/jersey-server-1.19.jar:/home/runner/.m2/repository/javax/servlet/javax.servlet-api/3.1.0/javax.servlet-api-3.1.0.jar:/home/runner/.m2/repository/org/eclipse/jetty/jetty-server/9.4.35.v20201120/jetty-server-9.4.35.v20201120.jar:/home/runner/.m2/repository/org/eclipse/jetty/jetty-http/9.4.35.v20201120/jetty-http-9.4.35.v20201120.jar:/home/runner/.m2/repository/org/eclipse/jetty/jetty-io/9.4.35.v20201120/jetty-io-9.4.35.v20201120.jar:/home/runner/.m2/repository/org/eclipse/jetty/jetty-webapp/9.4.35.v20201120/jetty-webapp-9.4.35.v20201120.jar:/home/runner/.m2/repository/org/eclipse/jetty/jetty-xml/9.4.35.v20201120/jetty-xml-9.4.35.v20201120.jar:/home/runner/.m2/repository/org/apache/hadoop/hadoop-common/3.2.2/hadoop-common-3.2.2.jar:/home/runner/.m2/repository/commons-net/commons-net/3.6/commons-net-3.6.jar:/home/runner/.m2/repository/javax/activation/javax.activation-api/1.2.0/javax.activation-api-1.2.0.jar:/home/runner/.m2/repository/com/sun/jersey/jersey-servlet/1.19/jersey-servlet-1.19.jar:/home/runner/.m2/repository/com/sun/jersey/jersey-json/1.19/jersey-json-1.19.jar:/home/runner/.m2/repository/org/codehaus/jettison/jettison/1.1/jettison-1.1.jar:/home/runner/.m2/repository/com/sun/xml/bind/jaxb-impl/2.2.3-1/jaxb-impl-2.2.3-1.jar:/home/runner/.m2/repository/org/codehaus/jackson/jackson-jaxrs/1.9.2/jackson-jaxrs-1.9.2.jar:/home/runner/.m2/repository/org/codehaus/jackson/jackson-xc/1.9.2/jackson-xc-1.9.2.jar:/home/runner/.m2/repository/org/apache/commons/commons-configuration2/2.1.1/commons-configuration2-2.1.1.jar:/home/runner/.m2/repository/org/apache/commons/commons-text/1.4/commons-text-1.4.jar:/home/runner/.m2/repository/com/google/re2j/re2j/1.1/re2j-1.1.jar:/home/runner/.m2/repository/com/jcraft/jsch/0.1.54/jsch-0.1.54.jar:/home/runner/.m2/repository/org/apache/curator/curator-client/2.13.0/curator-client-2.13.0.jar:/home/runner/.m2/repository/org/apache/curator/curator-recipes/2.13.0/curator-recipes-2.13.0.jar:/home/runner/.m2/repository/dnsjava/dnsjava/2.1.7/dnsjava-2.1.7.jar:/home/runner/.m2/repository/org/slf4j/jul-to-slf4j/1.7.30/jul-to-slf4j-1.7.30.jar:/home/runner/.m2/repository/org/eclipse/jetty/jetty-util/9.4.35.v20201120/jetty-util-9.4.35.v20201120.jar:/home/runner/.m2/repository/com/fasterxml/jackson/core/jackson-databind/2.12.1/jackson-databind-2.12.1.jar:/home/runner/.m2/repository/org/apache/hadoop/hadoop-kms/3.2.2/hadoop-kms-3.2.2-tests.jar:/home/runner/.m2/repository/org/apache/ozone/hdds-server-scm/1.2.0-SNAPSHOT/hdds-server-scm-1.2.0-SNAPSHOT-tests.jar:/home/runner/.m2/repository/org/apache/ozone/hdds-container-service/1.2.0-SNAPSHOT/hdds-container-service-1.2.0-SNAPSHOT-tests.jar:/home/runner/.m2/repository/commons-codec/commons-codec/1.11/commons-codec-1.11.jar:/home/runner/.m2/repository/io/netty/netty-transport/4.1.63.Final/netty-transport-4.1.63.Final.jar:/home/runner/.m2/repository/io/netty/netty-resolver/4.1.63.Final/netty-resolver-4.1.63.Final.jar:/home/runner/.m2/repository/io/netty/netty-codec/4.1.63.Final/netty-codec-4.1.63.Final.jar:/home/runner/.m2/repository/io/netty/netty-handler/4.1.63.Final/netty-handler-4.1.63.Final.jar:/home/runner/.m2/repository/org/apache/ozone/hdds-hadoop-dependency-test/1.2.0-SNAPSHOT/hdds-hadoop-dependency-test-1.2.0-SNAPSHOT.jar:/home/runner/.m2/repository/org/apache/hadoop/hadoop-common/3.2.2/hadoop-common-3.2.2-tests.jar:/home/runner/.m2/repository/org/apache/hadoop/hadoop-hdfs/3.2.2/hadoop-hdfs-3.2.2-tests.jar:/home/runner/.m2/repository/org/eclipse/jetty/jetty-util-ajax/9.4.35.v20201120/jetty-util-ajax-9.4.35.v20201120.jar:/home/runner/.m2/repository/commons-daemon/commons-daemon/1.0.13/commons-daemon-1.0.13.jar:/home/runner/.m2/repository/io/netty/netty/3.10.6.Final/netty-3.10.6.Final.jar:/home/runner/.m2/repository/io/netty/netty-all/4.1.63.Final/netty-all-4.1.63.Final.jar:/home/runner/.m2/repository/org/apache/htrace/htrace-core4/4.1.0-incubating/htrace-core4-4.1.0-incubating.jar:/home/runner/.m2/repository/org/fusesource/leveldbjni/leveldbjni-all/1.8/leveldbjni-all-1.8.jar:/home/runner/.m2/repository/org/apache/hadoop/hadoop-distcp/3.2.2/hadoop-distcp-3.2.2.jar:/home/runner/.m2/repository/org/apache/hadoop/hadoop-mapreduce-client-jobclient/3.2.2/hadoop-mapreduce-client-jobclient-3.2.2.jar:/home/runner/.m2/repository/org/apache/hadoop/hadoop-mapreduce-client-common/3.2.2/hadoop-mapreduce-client-common-3.2.2.jar:/home/runner/.m2/repository/org/apache/hadoop/hadoop-yarn-common/3.2.2/hadoop-yarn-common-3.2.2.jar:/home/runner/.m2/repository/org/apache/hadoop/hadoop-yarn-api/3.2.2/hadoop-yarn-api-3.2.2.jar:/home/runner/.m2/repository/com/sun/jersey/jersey-client/1.19/jersey-client-1.19.jar:/home/runner/.m2/repository/com/sun/jersey/contribs/jersey-guice/1.19/jersey-guice-1.19.jar:/home/runner/.m2/repository/com/fasterxml/jackson/jaxrs/jackson-jaxrs-json-provider/2.12.1/jackson-jaxrs-json-provider-2.12.1.jar:/home/runner/.m2/repository/com/fasterxml/jackson/jaxrs/jackson-jaxrs-base/2.12.1/jackson-jaxrs-base-2.12.1.jar:/home/runner/.m2/repository/org/apache/hadoop/hadoop-yarn-client/3.2.2/hadoop-yarn-client-3.2.2.jar:/home/runner/.m2/repository/org/apache/hadoop/hadoop-mapreduce-client-core/3.2.2/hadoop-mapreduce-client-core-3.2.2.jar:/home/runner/.m2/repository/org/apache/avro/avro/1.7.7/avro-1.7.7.jar:/home/runner/.m2/repository/org/codehaus/jackson/jackson-core-asl/1.9.13/jackson-core-asl-1.9.13.jar:/home/runner/.m2/repository/org/codehaus/jackson/jackson-mapper-asl/1.9.13/jackson-mapper-asl-1.9.13.jar:/home/runner/.m2/repository/com/thoughtworks/paranamer/paranamer/2.3/paranamer-2.3.jar:/home/runner/.m2/repository/org/xerial/snappy/snappy-java/1.0.5/snappy-java-1.0.5.jar:/home/runner/.m2/repository/org/apache/hadoop/hadoop-annotations/3.2.2/hadoop-annotations-3.2.2.jar:/usr/lib/jvm/adoptopenjdk-8-hotspot-amd64/jre/../lib/tools.jar:/home/runner/.m2/repository/org/apache/hadoop/hadoop-distcp/3.2.2/hadoop-distcp-3.2.2-tests.jar:"/>
    <property name="java.vm.vendor" value="AdoptOpenJDK"/>
    <property name="sun.arch.data.model" value="64"/>
    <property name="test.build.dir" value="/home/runner/work/ozone/ozone/mnt/ozone/hadoop-ozone/integration-test/target/test-dir"/>
    <property name="test.cache.data" value=""/>
    <property name="java.vendor.url" value="https://adoptopenjdk.net/"/>
    <property name="user.timezone" value=""/>
    <property name="java.vm.specification.version" value="1.8"/>
    <property name="os.name" value="Linux"/>
    <property name="test.build.data" value="/home/runner/work/ozone/ozone/mnt/ozone/hadoop-ozone/integration-test/target/test-dir"/>
    <property name="sun.java.launcher" value="SUN_STANDARD"/>
    <property name="sun.boot.library.path" value="/usr/lib/jvm/adoptopenjdk-8-hotspot-amd64/jre/lib/amd64"/>
    <property name="sun.java.command" value="/home/runner/work/ozone/ozone/mnt/ozone/hadoop-ozone/integration-test/target/surefire/surefirebooter2441368587897806860.jar /home/runner/work/ozone/ozone/mnt/ozone/hadoop-ozone/integration-test/target/surefire 2021-06-09T08-30-39_969-jvmRun1 surefire6849240248014259950tmp surefire_537066018262925801998tmp"/>
    <property name="surefire.test.class.path" value="/home/runner/work/ozone/ozone/mnt/ozone/hadoop-ozone/integration-test/target/test-classes:/home/runner/work/ozone/ozone/mnt/ozone/hadoop-ozone/integration-test/target/classes:/home/runner/.m2/repository/org/apache/ozone/ozone-common/1.2.0-SNAPSHOT/ozone-common-1.2.0-SNAPSHOT.jar:/home/runner/.m2/repository/org/apache/commons/commons-compress/1.20/commons-compress-1.20.jar:/home/runner/.m2/repository/org/apache/ozone/hdds-common/1.2.0-SNAPSHOT/hdds-common-1.2.0-SNAPSHOT.jar:/home/runner/.m2/repository/org/apache/ozone/hdds-client/1.2.0-SNAPSHOT/hdds-client-1.2.0-SNAPSHOT.jar:/home/runner/.m2/repository/org/apache/ozone/ozone-interface-client/1.2.0-SNAPSHOT/ozone-interface-client-1.2.0-SNAPSHOT.jar:/home/runner/.m2/repository/org/apache/ozone/hdds-test-utils/1.2.0-SNAPSHOT/hdds-test-utils-1.2.0-SNAPSHOT.jar:/home/runner/.m2/repository/com/google/guava/guava/30.1.1-jre/guava-30.1.1-jre.jar:/home/runner/.m2/repository/com/google/guava/failureaccess/1.0.1/failureaccess-1.0.1.jar:/home/runner/.m2/repository/com/google/guava/listenablefuture/9999.0-empty-to-avoid-conflict-with-guava/listenablefuture-9999.0-empty-to-avoid-conflict-with-guava.jar:/home/runner/.m2/repository/com/google/code/findbugs/jsr305/3.0.0/jsr305-3.0.0.jar:/home/runner/.m2/repository/org/checkerframework/checker-qual/3.8.0/checker-qual-3.8.0.jar:/home/runner/.m2/repository/com/google/errorprone/error_prone_annotations/2.2.0/error_prone_annotations-2.2.0.jar:/home/runner/.m2/repository/com/google/j2objc/j2objc-annotations/1.3/j2objc-annotations-1.3.jar:/home/runner/.m2/repository/commons-io/commons-io/2.8.0/commons-io-2.8.0.jar:/home/runner/.m2/repository/commons-logging/commons-logging/1.2/commons-logging-1.2.jar:/home/runner/.m2/repository/log4j/log4j/1.2.17/log4j-1.2.17.jar:/home/runner/.m2/repository/org/slf4j/slf4j-api/1.7.30/slf4j-api-1.7.30.jar:/home/runner/.m2/repository/org/apache/ozone/hdds-server-scm/1.2.0-SNAPSHOT/hdds-server-scm-1.2.0-SNAPSHOT.jar:/home/runner/.m2/repository/org/apache/ozone/hdds-container-service/1.2.0-SNAPSHOT/hdds-container-service-1.2.0-SNAPSHOT.jar:/home/runner/.m2/repository/org/apache/ozone/hdds-hadoop-dependency-server/1.2.0-SNAPSHOT/hdds-hadoop-dependency-server-1.2.0-SNAPSHOT.jar:/home/runner/.m2/repository/org/apache/hadoop/hadoop-hdfs/3.2.2/hadoop-hdfs-3.2.2.jar:/home/runner/.m2/repository/org/apache/ozone/hdds-server-framework/1.2.0-SNAPSHOT/hdds-server-framework-1.2.0-SNAPSHOT.jar:/home/runner/.m2/repository/org/apache/ozone/hdds-interface-server/1.2.0-SNAPSHOT/hdds-interface-server-1.2.0-SNAPSHOT.jar:/home/runner/.m2/repository/org/eclipse/jetty/jetty-servlet/9.4.35.v20201120/jetty-servlet-9.4.35.v20201120.jar:/home/runner/.m2/repository/org/eclipse/jetty/jetty-security/9.4.35.v20201120/jetty-security-9.4.35.v20201120.jar:/home/runner/.m2/repository/org/rocksdb/rocksdbjni/6.20.3/rocksdbjni-6.20.3.jar:/home/runner/.m2/repository/io/prometheus/simpleclient_dropwizard/0.7.0/simpleclient_dropwizard-0.7.0.jar:/home/runner/.m2/repository/io/prometheus/simpleclient/0.7.0/simpleclient-0.7.0.jar:/home/runner/.m2/repository/io/prometheus/simpleclient_common/0.7.0/simpleclient_common-0.7.0.jar:/home/runner/.m2/repository/com/fasterxml/jackson/datatype/jackson-datatype-jsr310/2.12.1/jackson-datatype-jsr310-2.12.1.jar:/home/runner/.m2/repository/io/dropwizard/metrics/metrics-core/3.2.4/metrics-core-3.2.4.jar:/home/runner/.m2/repository/org/apache/hadoop/hadoop-hdfs-client/3.2.2/hadoop-hdfs-client-3.2.2.jar:/home/runner/.m2/repository/org/bouncycastle/bcprov-jdk15on/1.67/bcprov-jdk15on-1.67.jar:/home/runner/.m2/repository/com/google/protobuf/protobuf-java/2.5.0/protobuf-java-2.5.0.jar:/home/runner/.m2/repository/org/apache/ozone/ozone-manager/1.2.0-SNAPSHOT/ozone-manager-1.2.0-SNAPSHOT.jar:/home/runner/.m2/repository/org/apache/ozone/hdds-interface-client/1.2.0-SNAPSHOT/hdds-interface-client-1.2.0-SNAPSHOT.jar:/home/runner/.m2/repository/org/apache/ratis/ratis-thirdparty-misc/0.7.0-a398b19-SNAPSHOT/ratis-thirdparty-misc-0.7.0-a398b19-SNAPSHOT.jar:/home/runner/.m2/repository/org/apache/ozone/ozone-interface-storage/1.2.0-SNAPSHOT/ozone-interface-storage-1.2.0-SNAPSHOT.jar:/home/runner/.m2/repository/org/apache/hadoop/hadoop-minikdc/3.2.2/hadoop-minikdc-3.2.2.jar:/home/runner/.m2/repository/org/apache/kerby/kerb-simplekdc/1.0.1/kerb-simplekdc-1.0.1.jar:/home/runner/.m2/repository/org/apache/kerby/kerb-client/1.0.1/kerb-client-1.0.1.jar:/home/runner/.m2/repository/org/apache/kerby/kerby-config/1.0.1/kerby-config-1.0.1.jar:/home/runner/.m2/repository/org/apache/kerby/kerb-core/1.0.1/kerb-core-1.0.1.jar:/home/runner/.m2/repository/org/apache/kerby/kerby-pkix/1.0.1/kerby-pkix-1.0.1.jar:/home/runner/.m2/repository/org/apache/kerby/kerby-asn1/1.0.1/kerby-asn1-1.0.1.jar:/home/runner/.m2/repository/org/apache/kerby/kerby-util/1.0.1/kerby-util-1.0.1.jar:/home/runner/.m2/repository/org/apache/kerby/kerb-common/1.0.1/kerb-common-1.0.1.jar:/home/runner/.m2/repository/org/apache/kerby/kerb-crypto/1.0.1/kerb-crypto-1.0.1.jar:/home/runner/.m2/repository/org/apache/kerby/kerb-util/1.0.1/kerb-util-1.0.1.jar:/home/runner/.m2/repository/org/apache/kerby/token-provider/1.0.1/token-provider-1.0.1.jar:/home/runner/.m2/repository/org/apache/kerby/kerb-admin/1.0.1/kerb-admin-1.0.1.jar:/home/runner/.m2/repository/org/apache/kerby/kerb-server/1.0.1/kerb-server-1.0.1.jar:/home/runner/.m2/repository/org/apache/kerby/kerb-identity/1.0.1/kerb-identity-1.0.1.jar:/home/runner/.m2/repository/org/apache/kerby/kerby-xdr/1.0.1/kerby-xdr-1.0.1.jar:/home/runner/.m2/repository/org/slf4j/slf4j-log4j12/1.7.30/slf4j-log4j12-1.7.30.jar:/home/runner/.m2/repository/org/apache/ozone/ozone-s3gateway/1.2.0-SNAPSHOT/ozone-s3gateway-1.2.0-SNAPSHOT.jar:/home/runner/.m2/repository/org/jboss/weld/servlet/weld-servlet/2.4.7.Final/weld-servlet-2.4.7.Final.jar:/home/runner/.m2/repository/org/glassfish/jersey/containers/jersey-container-servlet-core/2.33/jersey-container-servlet-core-2.33.jar:/home/runner/.m2/repository/org/glassfish/hk2/external/jakarta.inject/2.6.1/jakarta.inject-2.6.1.jar:/home/runner/.m2/repository/org/glassfish/jersey/core/jersey-common/2.33/jersey-common-2.33.jar:/home/runner/.m2/repository/jakarta/ws/rs/jakarta.ws.rs-api/2.1.6/jakarta.ws.rs-api-2.1.6.jar:/home/runner/.m2/repository/org/glassfish/jersey/ext/cdi/jersey-cdi1x/2.33/jersey-cdi1x-2.33.jar:/home/runner/.m2/repository/org/glassfish/jersey/inject/jersey-hk2/2.33/jersey-hk2-2.33.jar:/home/runner/.m2/repository/org/glassfish/hk2/hk2-locator/2.6.1/hk2-locator-2.6.1.jar:/home/runner/.m2/repository/org/javassist/javassist/3.25.0-GA/javassist-3.25.0-GA.jar:/home/runner/.m2/repository/org/glassfish/jersey/media/jersey-media-jaxb/2.33/jersey-media-jaxb-2.33.jar:/home/runner/.m2/repository/org/glassfish/hk2/osgi-resource-locator/1.0.3/osgi-resource-locator-1.0.3.jar:/home/runner/.m2/repository/org/glassfish/hk2/hk2-api/2.5.0/hk2-api-2.5.0.jar:/home/runner/.m2/repository/org/glassfish/hk2/hk2-utils/2.5.0/hk2-utils-2.5.0.jar:/home/runner/.m2/repository/org/glassfish/hk2/external/aopalliance-repackaged/2.5.0/aopalliance-repackaged-2.5.0.jar:/home/runner/.m2/repository/com/fasterxml/jackson/dataformat/jackson-dataformat-xml/2.12.1/jackson-dataformat-xml-2.12.1.jar:/home/runner/.m2/repository/com/fasterxml/jackson/core/jackson-core/2.12.1/jackson-core-2.12.1.jar:/home/runner/.m2/repository/com/fasterxml/jackson/module/jackson-module-jaxb-annotations/2.12.1/jackson-module-jaxb-annotations-2.12.1.jar:/home/runner/.m2/repository/jakarta/xml/bind/jakarta.xml.bind-api/2.3.2/jakarta.xml.bind-api-2.3.2.jar:/home/runner/.m2/repository/jakarta/activation/jakarta.activation-api/1.2.1/jakarta.activation-api-1.2.1.jar:/home/runner/.m2/repository/org/codehaus/woodstox/stax2-api/3.1.4/stax2-api-3.1.4.jar:/home/runner/.m2/repository/com/fasterxml/woodstox/woodstox-core/5.0.3/woodstox-core-5.0.3.jar:/home/runner/.m2/repository/javax/enterprise/cdi-api/1.2/cdi-api-1.2.jar:/home/runner/.m2/repository/javax/el/javax.el-api/3.0.0/javax.el-api-3.0.0.jar:/home/runner/.m2/repository/javax/interceptor/javax.interceptor-api/1.2/javax.interceptor-api-1.2.jar:/home/runner/.m2/repository/javax/inject/javax.inject/1/javax.inject-1.jar:/home/runner/.m2/repository/javax/xml/bind/jaxb-api/2.3.0/jaxb-api-2.3.0.jar:/home/runner/.m2/repository/org/glassfish/jaxb/jaxb-runtime/2.3.0.1/jaxb-runtime-2.3.0.1.jar:/home/runner/.m2/repository/org/glassfish/jaxb/jaxb-core/2.3.0.1/jaxb-core-2.3.0.1.jar:/home/runner/.m2/repository/org/glassfish/jaxb/txw2/2.3.0.1/txw2-2.3.0.1.jar:/home/runner/.m2/repository/com/sun/istack/istack-commons-runtime/3.0.5/istack-commons-runtime-3.0.5.jar:/home/runner/.m2/repository/org/jvnet/staxex/stax-ex/1.7.8/stax-ex-1.7.8.jar:/home/runner/.m2/repository/com/sun/xml/fastinfoset/FastInfoset/1.2.13/FastInfoset-1.2.13.jar:/home/runner/.m2/repository/javax/activation/activation/1.1.1/activation-1.1.1.jar:/home/runner/.m2/repository/org/apache/ozone/ozone-csi/1.2.0-SNAPSHOT/ozone-csi-1.2.0-SNAPSHOT.jar:/home/runner/.m2/repository/com/google/protobuf/protobuf-java-util/3.12.0/protobuf-java-util-3.12.0.jar:/home/runner/.m2/repository/com/google/code/gson/gson/2.2.4/gson-2.2.4.jar:/home/runner/.m2/repository/org/apache/ozone/hdds-config/1.2.0-SNAPSHOT/hdds-config-1.2.0-SNAPSHOT.jar:/home/runner/.m2/repository/io/grpc/grpc-netty/1.33.0/grpc-netty-1.33.0.jar:/home/runner/.m2/repository/io/grpc/grpc-core/1.33.0/grpc-core-1.33.0.jar:/home/runner/.m2/repository/com/google/android/annotations/4.1.1.4/annotations-4.1.1.4.jar:/home/runner/.m2/repository/io/netty/netty-codec-http2/4.1.63.Final/netty-codec-http2-4.1.63.Final.jar:/home/runner/.m2/repository/io/netty/netty-codec-http/4.1.63.Final/netty-codec-http-4.1.63.Final.jar:/home/runner/.m2/repository/io/netty/netty-handler-proxy/4.1.63.Final/netty-handler-proxy-4.1.63.Final.jar:/home/runner/.m2/repository/io/netty/netty-codec-socks/4.1.63.Final/netty-codec-socks-4.1.63.Final.jar:/home/runner/.m2/repository/io/perfmark/perfmark-api/0.19.0/perfmark-api-0.19.0.jar:/home/runner/.m2/repository/org/codehaus/mojo/animal-sniffer-annotations/1.18/animal-sniffer-annotations-1.18.jar:/home/runner/.m2/repository/io/netty/netty-transport-native-epoll/4.1.63.Final/netty-transport-native-epoll-4.1.63.Final.jar:/home/runner/.m2/repository/io/netty/netty-common/4.1.63.Final/netty-common-4.1.63.Final.jar:/home/runner/.m2/repository/io/netty/netty-buffer/4.1.63.Final/netty-buffer-4.1.63.Final.jar:/home/runner/.m2/repository/io/netty/netty-transport-native-unix-common/4.1.63.Final/netty-transport-native-unix-common-4.1.63.Final.jar:/home/runner/.m2/repository/io/grpc/grpc-protobuf/1.33.0/grpc-protobuf-1.33.0.jar:/home/runner/.m2/repository/io/grpc/grpc-api/1.33.0/grpc-api-1.33.0.jar:/home/runner/.m2/repository/io/grpc/grpc-context/1.33.0/grpc-context-1.33.0.jar:/home/runner/.m2/repository/com/google/api/grpc/proto-google-common-protos/1.17.0/proto-google-common-protos-1.17.0.jar:/home/runner/.m2/repository/io/grpc/grpc-protobuf-lite/1.33.0/grpc-protobuf-lite-1.33.0.jar:/home/runner/.m2/repository/io/grpc/grpc-stub/1.33.0/grpc-stub-1.33.0.jar:/home/runner/.m2/repository/org/apache/ozone/ozone-recon/1.2.0-SNAPSHOT/ozone-recon-1.2.0-SNAPSHOT.jar:/home/runner/.m2/repository/org/apache/ozone/ozone-reconcodegen/1.2.0-SNAPSHOT/ozone-reconcodegen-1.2.0-SNAPSHOT.jar:/home/runner/.m2/repository/com/google/inject/extensions/guice-multibindings/4.0/guice-multibindings-4.0.jar:/home/runner/.m2/repository/com/google/inject/guice/4.0/guice-4.0.jar:/home/runner/.m2/repository/aopalliance/aopalliance/1.0/aopalliance-1.0.jar:/home/runner/.m2/repository/com/google/inject/extensions/guice-assistedinject/4.0/guice-assistedinject-4.0.jar:/home/runner/.m2/repository/com/google/inject/extensions/guice-servlet/4.0/guice-servlet-4.0.jar:/home/runner/.m2/repository/org/glassfish/jersey/containers/jersey-container-servlet/2.33/jersey-container-servlet-2.33.jar:/home/runner/.m2/repository/org/glassfish/hk2/guice-bridge/2.5.0/guice-bridge-2.5.0.jar:/home/runner/.m2/repository/org/glassfish/jersey/core/jersey-server/2.33/jersey-server-2.33.jar:/home/runner/.m2/repository/org/glassfish/jersey/core/jersey-client/2.33/jersey-client-2.33.jar:/home/runner/.m2/repository/jakarta/annotation/jakarta.annotation-api/1.3.5/jakarta.annotation-api-1.3.5.jar:/home/runner/.m2/repository/jakarta/validation/jakarta.validation-api/2.0.2/jakarta.validation-api-2.0.2.jar:/home/runner/.m2/repository/org/glassfish/jersey/media/jersey-media-json-jackson/2.33/jersey-media-json-jackson-2.33.jar:/home/runner/.m2/repository/org/glassfish/jersey/ext/jersey-entity-filtering/2.33/jersey-entity-filtering-2.33.jar:/home/runner/.m2/repository/org/jooq/jooq/3.11.10/jooq-3.11.10.jar:/home/runner/.m2/repository/org/jooq/jooq-meta/3.11.10/jooq-meta-3.11.10.jar:/home/runner/.m2/repository/org/jooq/jooq-codegen/3.11.10/jooq-codegen-3.11.10.jar:/home/runner/.m2/repository/com/jolbox/bonecp/0.8.0.RELEASE/bonecp-0.8.0.RELEASE.jar:/home/runner/.m2/repository/org/apache/derby/derby/10.14.2.0/derby-10.14.2.0.jar:/home/runner/.m2/repository/org/xerial/sqlite-jdbc/3.25.2/sqlite-jdbc-3.25.2.jar:/home/runner/.m2/repository/org/springframework/spring-jdbc/5.2.11.RELEASE/spring-jdbc-5.2.11.RELEASE.jar:/home/runner/.m2/repository/org/springframework/spring-beans/5.2.11.RELEASE/spring-beans-5.2.11.RELEASE.jar:/home/runner/.m2/repository/org/springframework/spring-core/5.2.11.RELEASE/spring-core-5.2.11.RELEASE.jar:/home/runner/.m2/repository/org/springframework/spring-jcl/5.2.11.RELEASE/spring-jcl-5.2.11.RELEASE.jar:/home/runner/.m2/repository/org/springframework/spring-tx/5.2.11.RELEASE/spring-tx-5.2.11.RELEASE.jar:/home/runner/.m2/repository/org/apache/ozone/ozone-client/1.2.0-SNAPSHOT/ozone-client-1.2.0-SNAPSHOT.jar:/home/runner/.m2/repository/org/apache/ozone/ozone-filesystem/1.2.0-SNAPSHOT/ozone-filesystem-1.2.0-SNAPSHOT.jar:/home/runner/.m2/repository/org/apache/ozone/ozone-filesystem-common/1.2.0-SNAPSHOT/ozone-filesystem-common-1.2.0-SNAPSHOT.jar:/home/runner/.m2/repository/org/apache/ozone/ozone-tools/1.2.0-SNAPSHOT/ozone-tools-1.2.0-SNAPSHOT.jar:/home/runner/.m2/repository/org/apache/ratis/ratis-tools/2.1.0-ff8aa66-SNAPSHOT/ratis-tools-2.1.0-ff8aa66-SNAPSHOT.jar:/home/runner/.m2/repository/org/apache/ratis/ratis-proto/2.1.0-ff8aa66-SNAPSHOT/ratis-proto-2.1.0-ff8aa66-SNAPSHOT.jar:/home/runner/.m2/repository/org/apache/ratis/ratis-common/2.1.0-ff8aa66-SNAPSHOT/ratis-common-2.1.0-ff8aa66-SNAPSHOT.jar:/home/runner/.m2/repository/com/amazonaws/aws-java-sdk-core/1.11.901/aws-java-sdk-core-1.11.901.jar:/home/runner/.m2/repository/org/apache/httpcomponents/httpclient/4.5.13/httpclient-4.5.13.jar:/home/runner/.m2/repository/org/apache/httpcomponents/httpcore/4.4.13/httpcore-4.4.13.jar:/home/runner/.m2/repository/software/amazon/ion/ion-java/1.0.2/ion-java-1.0.2.jar:/home/runner/.m2/repository/com/fasterxml/jackson/dataformat/jackson-dataformat-cbor/2.12.1/jackson-dataformat-cbor-2.12.1.jar:/home/runner/.m2/repository/joda-time/joda-time/2.8.1/joda-time-2.8.1.jar:/home/runner/.m2/repository/com/amazonaws/aws-java-sdk-s3/1.11.901/aws-java-sdk-s3-1.11.901.jar:/home/runner/.m2/repository/com/amazonaws/aws-java-sdk-kms/1.11.901/aws-java-sdk-kms-1.11.901.jar:/home/runner/.m2/repository/com/amazonaws/jmespath-java/1.11.901/jmespath-java-1.11.901.jar:/home/runner/.m2/repository/org/kohsuke/metainf-services/metainf-services/1.8/metainf-services-1.8.jar:/home/runner/.m2/repository/org/apache/ozone/hdds-tools/1.2.0-SNAPSHOT/hdds-tools-1.2.0-SNAPSHOT.jar:/home/runner/.m2/repository/commons-cli/commons-cli/1.2/commons-cli-1.2.jar:/home/runner/.m2/repository/org/apache/commons/commons-lang3/3.7/commons-lang3-3.7.jar:/home/runner/.m2/repository/org/apache/ozone/ozone-manager/1.2.0-SNAPSHOT/ozone-manager-1.2.0-SNAPSHOT-tests.jar:/home/runner/.m2/repository/org/apache/ozone/hdds-common/1.2.0-SNAPSHOT/hdds-common-1.2.0-SNAPSHOT-tests.jar:/home/runner/.m2/repository/org/apache/ozone/hdds-hadoop-dependency-client/1.2.0-SNAPSHOT/hdds-hadoop-dependency-client-1.2.0-SNAPSHOT.jar:/home/runner/.m2/repository/info/picocli/picocli/4.4.0/picocli-4.4.0.jar:/home/runner/.m2/repository/com/fasterxml/jackson/core/jackson-annotations/2.12.1/jackson-annotations-2.12.1.jar:/home/runner/.m2/repository/javax/annotation/javax.annotation-api/1.2/javax.annotation-api-1.2.jar:/home/runner/.m2/repository/org/apache/ratis/ratis-server/2.1.0-ff8aa66-SNAPSHOT/ratis-server-2.1.0-ff8aa66-SNAPSHOT.jar:/home/runner/.m2/repository/org/apache/ratis/ratis-client/2.1.0-ff8aa66-SNAPSHOT/ratis-client-2.1.0-ff8aa66-SNAPSHOT.jar:/home/runner/.m2/repository/org/apache/ratis/ratis-server-api/2.1.0-ff8aa66-SNAPSHOT/ratis-server-api-2.1.0-ff8aa66-SNAPSHOT.jar:/home/runner/.m2/repository/org/apache/ratis/ratis-metrics/2.1.0-ff8aa66-SNAPSHOT/ratis-metrics-2.1.0-ff8aa66-SNAPSHOT.jar:/home/runner/.m2/repository/org/apache/ratis/ratis-netty/2.1.0-ff8aa66-SNAPSHOT/ratis-netty-2.1.0-ff8aa66-SNAPSHOT.jar:/home/runner/.m2/repository/org/apache/ratis/ratis-grpc/2.1.0-ff8aa66-SNAPSHOT/ratis-grpc-2.1.0-ff8aa66-SNAPSHOT.jar:/home/runner/.m2/repository/org/apache/logging/log4j/log4j-api/2.13.3/log4j-api-2.13.3.jar:/home/runner/.m2/repository/org/apache/logging/log4j/log4j-core/2.13.3/log4j-core-2.13.3.jar:/home/runner/.m2/repository/com/lmax/disruptor/3.4.2/disruptor-3.4.2.jar:/home/runner/.m2/repository/org/apache/commons/commons-pool2/2.6.0/commons-pool2-2.6.0.jar:/home/runner/.m2/repository/org/bouncycastle/bcpkix-jdk15on/1.67/bcpkix-jdk15on-1.67.jar:/home/runner/.m2/repository/commons-validator/commons-validator/1.6/commons-validator-1.6.jar:/home/runner/.m2/repository/commons-beanutils/commons-beanutils/1.9.4/commons-beanutils-1.9.4.jar:/home/runner/.m2/repository/commons-digester/commons-digester/1.8.1/commons-digester-1.8.1.jar:/home/runner/.m2/repository/commons-collections/commons-collections/3.2.2/commons-collections-3.2.2.jar:/home/runner/.m2/repository/io/jaegertracing/jaeger-client/1.6.0/jaeger-client-1.6.0.jar:/home/runner/.m2/repository/io/jaegertracing/jaeger-thrift/1.6.0/jaeger-thrift-1.6.0.jar:/home/runner/.m2/repository/org/apache/thrift/libthrift/0.14.1/libthrift-0.14.1.jar:/home/runner/.m2/repository/com/squareup/okhttp3/okhttp/4.9.0/okhttp-4.9.0.jar:/home/runner/.m2/repository/com/squareup/okio/okio/2.8.0/okio-2.8.0.jar:/home/runner/.m2/repository/io/jaegertracing/jaeger-core/1.6.0/jaeger-core-1.6.0.jar:/home/runner/.m2/repository/io/jaegertracing/jaeger-tracerresolver/1.6.0/jaeger-tracerresolver-1.6.0.jar:/home/runner/.m2/repository/io/opentracing/contrib/opentracing-tracerresolver/0.1.8/opentracing-tracerresolver-0.1.8.jar:/home/runner/.m2/repository/org/jetbrains/kotlin/kotlin-stdlib/1.4.31/kotlin-stdlib-1.4.31.jar:/home/runner/.m2/repository/org/jetbrains/kotlin/kotlin-stdlib-common/1.4.31/kotlin-stdlib-common-1.4.31.jar:/home/runner/.m2/repository/org/jetbrains/annotations/13.0/annotations-13.0.jar:/home/runner/.m2/repository/io/opentracing/opentracing-util/0.33.0/opentracing-util-0.33.0.jar:/home/runner/.m2/repository/io/opentracing/opentracing-api/0.33.0/opentracing-api-0.33.0.jar:/home/runner/.m2/repository/io/opentracing/opentracing-noop/0.33.0/opentracing-noop-0.33.0.jar:/home/runner/.m2/repository/org/yaml/snakeyaml/1.26/snakeyaml-1.26.jar:/home/runner/.m2/repository/org/apache/ozone/hdds-interface-admin/1.2.0-SNAPSHOT/hdds-interface-admin-1.2.0-SNAPSHOT.jar:/home/runner/.m2/repository/junit/junit/4.13.1/junit-4.13.1.jar:/home/runner/.m2/repository/org/hamcrest/hamcrest-core/1.3/hamcrest-core-1.3.jar:/home/runner/.m2/repository/org/junit/jupiter/junit-jupiter-api/5.7.0/junit-jupiter-api-5.7.0.jar:/home/runner/.m2/repository/org/apiguardian/apiguardian-api/1.1.0/apiguardian-api-1.1.0.jar:/home/runner/.m2/repository/org/opentest4j/opentest4j/1.2.0/opentest4j-1.2.0.jar:/home/runner/.m2/repository/org/junit/platform/junit-platform-commons/1.7.0/junit-platform-commons-1.7.0.jar:/home/runner/.m2/repository/org/junit/jupiter/junit-jupiter-engine/5.7.0/junit-jupiter-engine-5.7.0.jar:/home/runner/.m2/repository/org/junit/platform/junit-platform-engine/1.7.0/junit-platform-engine-1.7.0.jar:/home/runner/.m2/repository/org/junit/vintage/junit-vintage-engine/5.7.0/junit-vintage-engine-5.7.0.jar:/home/runner/.m2/repository/org/junit/platform/junit-platform-launcher/1.7.0/junit-platform-launcher-1.7.0.jar:/home/runner/.m2/repository/org/openjdk/jmh/jmh-core/1.19/jmh-core-1.19.jar:/home/runner/.m2/repository/net/sf/jopt-simple/jopt-simple/4.6/jopt-simple-4.6.jar:/home/runner/.m2/repository/org/apache/commons/commons-math3/3.1.1/commons-math3-3.1.1.jar:/home/runner/.m2/repository/org/openjdk/jmh/jmh-generator-annprocess/1.19/jmh-generator-annprocess-1.19.jar:/home/runner/.m2/repository/org/mockito/mockito-all/1.8.5/mockito-all-1.8.5.jar:/home/runner/.m2/repository/org/apache/hadoop/hadoop-kms/3.2.2/hadoop-kms-3.2.2.jar:/home/runner/.m2/repository/org/apache/hadoop/hadoop-auth/3.2.2/hadoop-auth-3.2.2.jar:/home/runner/.m2/repository/com/nimbusds/nimbus-jose-jwt/7.9/nimbus-jose-jwt-7.9.jar:/home/runner/.m2/repository/com/github/stephenc/jcip/jcip-annotations/1.0-1/jcip-annotations-1.0-1.jar:/home/runner/.m2/repository/net/minidev/json-smart/2.3/json-smart-2.3.jar:/home/runner/.m2/repository/net/minidev/accessors-smart/1.2/accessors-smart-1.2.jar:/home/runner/.m2/repository/org/ow2/asm/asm/5.0.4/asm-5.0.4.jar:/home/runner/.m2/repository/org/apache/zookeeper/zookeeper/3.4.13/zookeeper-3.4.13.jar:/home/runner/.m2/repository/org/apache/yetus/audience-annotations/0.5.0/audience-annotations-0.5.0.jar:/home/runner/.m2/repository/org/apache/curator/curator-framework/2.13.0/curator-framework-2.13.0.jar:/home/runner/.m2/repository/com/sun/jersey/jersey-core/1.19/jersey-core-1.19.jar:/home/runner/.m2/repository/javax/ws/rs/jsr311-api/1.1.1/jsr311-api-1.1.1.jar:/home/runner/.m2/repository/com/sun/jersey/jersey-server/1.19/jersey-server-1.19.jar:/home/runner/.m2/repository/javax/servlet/javax.servlet-api/3.1.0/javax.servlet-api-3.1.0.jar:/home/runner/.m2/repository/org/eclipse/jetty/jetty-server/9.4.35.v20201120/jetty-server-9.4.35.v20201120.jar:/home/runner/.m2/repository/org/eclipse/jetty/jetty-http/9.4.35.v20201120/jetty-http-9.4.35.v20201120.jar:/home/runner/.m2/repository/org/eclipse/jetty/jetty-io/9.4.35.v20201120/jetty-io-9.4.35.v20201120.jar:/home/runner/.m2/repository/org/eclipse/jetty/jetty-webapp/9.4.35.v20201120/jetty-webapp-9.4.35.v20201120.jar:/home/runner/.m2/repository/org/eclipse/jetty/jetty-xml/9.4.35.v20201120/jetty-xml-9.4.35.v20201120.jar:/home/runner/.m2/repository/org/apache/hadoop/hadoop-common/3.2.2/hadoop-common-3.2.2.jar:/home/runner/.m2/repository/commons-net/commons-net/3.6/commons-net-3.6.jar:/home/runner/.m2/repository/javax/activation/javax.activation-api/1.2.0/javax.activation-api-1.2.0.jar:/home/runner/.m2/repository/com/sun/jersey/jersey-servlet/1.19/jersey-servlet-1.19.jar:/home/runner/.m2/repository/com/sun/jersey/jersey-json/1.19/jersey-json-1.19.jar:/home/runner/.m2/repository/org/codehaus/jettison/jettison/1.1/jettison-1.1.jar:/home/runner/.m2/repository/com/sun/xml/bind/jaxb-impl/2.2.3-1/jaxb-impl-2.2.3-1.jar:/home/runner/.m2/repository/org/codehaus/jackson/jackson-jaxrs/1.9.2/jackson-jaxrs-1.9.2.jar:/home/runner/.m2/repository/org/codehaus/jackson/jackson-xc/1.9.2/jackson-xc-1.9.2.jar:/home/runner/.m2/repository/org/apache/commons/commons-configuration2/2.1.1/commons-configuration2-2.1.1.jar:/home/runner/.m2/repository/org/apache/commons/commons-text/1.4/commons-text-1.4.jar:/home/runner/.m2/repository/com/google/re2j/re2j/1.1/re2j-1.1.jar:/home/runner/.m2/repository/com/jcraft/jsch/0.1.54/jsch-0.1.54.jar:/home/runner/.m2/repository/org/apache/curator/curator-client/2.13.0/curator-client-2.13.0.jar:/home/runner/.m2/repository/org/apache/curator/curator-recipes/2.13.0/curator-recipes-2.13.0.jar:/home/runner/.m2/repository/dnsjava/dnsjava/2.1.7/dnsjava-2.1.7.jar:/home/runner/.m2/repository/org/slf4j/jul-to-slf4j/1.7.30/jul-to-slf4j-1.7.30.jar:/home/runner/.m2/repository/org/eclipse/jetty/jetty-util/9.4.35.v20201120/jetty-util-9.4.35.v20201120.jar:/home/runner/.m2/repository/com/fasterxml/jackson/core/jackson-databind/2.12.1/jackson-databind-2.12.1.jar:/home/runner/.m2/repository/org/apache/hadoop/hadoop-kms/3.2.2/hadoop-kms-3.2.2-tests.jar:/home/runner/.m2/repository/org/apache/ozone/hdds-server-scm/1.2.0-SNAPSHOT/hdds-server-scm-1.2.0-SNAPSHOT-tests.jar:/home/runner/.m2/repository/org/apache/ozone/hdds-container-service/1.2.0-SNAPSHOT/hdds-container-service-1.2.0-SNAPSHOT-tests.jar:/home/runner/.m2/repository/commons-codec/commons-codec/1.11/commons-codec-1.11.jar:/home/runner/.m2/repository/io/netty/netty-transport/4.1.63.Final/netty-transport-4.1.63.Final.jar:/home/runner/.m2/repository/io/netty/netty-resolver/4.1.63.Final/netty-resolver-4.1.63.Final.jar:/home/runner/.m2/repository/io/netty/netty-codec/4.1.63.Final/netty-codec-4.1.63.Final.jar:/home/runner/.m2/repository/io/netty/netty-handler/4.1.63.Final/netty-handler-4.1.63.Final.jar:/home/runner/.m2/repository/org/apache/ozone/hdds-hadoop-dependency-test/1.2.0-SNAPSHOT/hdds-hadoop-dependency-test-1.2.0-SNAPSHOT.jar:/home/runner/.m2/repository/org/apache/hadoop/hadoop-common/3.2.2/hadoop-common-3.2.2-tests.jar:/home/runner/.m2/repository/org/apache/hadoop/hadoop-hdfs/3.2.2/hadoop-hdfs-3.2.2-tests.jar:/home/runner/.m2/repository/org/eclipse/jetty/jetty-util-ajax/9.4.35.v20201120/jetty-util-ajax-9.4.35.v20201120.jar:/home/runner/.m2/repository/commons-daemon/commons-daemon/1.0.13/commons-daemon-1.0.13.jar:/home/runner/.m2/repository/io/netty/netty/3.10.6.Final/netty-3.10.6.Final.jar:/home/runner/.m2/repository/io/netty/netty-all/4.1.63.Final/netty-all-4.1.63.Final.jar:/home/runner/.m2/repository/org/apache/htrace/htrace-core4/4.1.0-incubating/htrace-core4-4.1.0-incubating.jar:/home/runner/.m2/repository/org/fusesource/leveldbjni/leveldbjni-all/1.8/leveldbjni-all-1.8.jar:/home/runner/.m2/repository/org/apache/hadoop/hadoop-distcp/3.2.2/hadoop-distcp-3.2.2.jar:/home/runner/.m2/repository/org/apache/hadoop/hadoop-mapreduce-client-jobclient/3.2.2/hadoop-mapreduce-client-jobclient-3.2.2.jar:/home/runner/.m2/repository/org/apache/hadoop/hadoop-mapreduce-client-common/3.2.2/hadoop-mapreduce-client-common-3.2.2.jar:/home/runner/.m2/repository/org/apache/hadoop/hadoop-yarn-common/3.2.2/hadoop-yarn-common-3.2.2.jar:/home/runner/.m2/repository/org/apache/hadoop/hadoop-yarn-api/3.2.2/hadoop-yarn-api-3.2.2.jar:/home/runner/.m2/repository/com/sun/jersey/jersey-client/1.19/jersey-client-1.19.jar:/home/runner/.m2/repository/com/sun/jersey/contribs/jersey-guice/1.19/jersey-guice-1.19.jar:/home/runner/.m2/repository/com/fasterxml/jackson/jaxrs/jackson-jaxrs-json-provider/2.12.1/jackson-jaxrs-json-provider-2.12.1.jar:/home/runner/.m2/repository/com/fasterxml/jackson/jaxrs/jackson-jaxrs-base/2.12.1/jackson-jaxrs-base-2.12.1.jar:/home/runner/.m2/repository/org/apache/hadoop/hadoop-yarn-client/3.2.2/hadoop-yarn-client-3.2.2.jar:/home/runner/.m2/repository/org/apache/hadoop/hadoop-mapreduce-client-core/3.2.2/hadoop-mapreduce-client-core-3.2.2.jar:/home/runner/.m2/repository/org/apache/avro/avro/1.7.7/avro-1.7.7.jar:/home/runner/.m2/repository/org/codehaus/jackson/jackson-core-asl/1.9.13/jackson-core-asl-1.9.13.jar:/home/runner/.m2/repository/org/codehaus/jackson/jackson-mapper-asl/1.9.13/jackson-mapper-asl-1.9.13.jar:/home/runner/.m2/repository/com/thoughtworks/paranamer/paranamer/2.3/paranamer-2.3.jar:/home/runner/.m2/repository/org/xerial/snappy/snappy-java/1.0.5/snappy-java-1.0.5.jar:/home/runner/.m2/repository/org/apache/hadoop/hadoop-annotations/3.2.2/hadoop-annotations-3.2.2.jar:/usr/lib/jvm/adoptopenjdk-8-hotspot-amd64/jre/../lib/tools.jar:/home/runner/.m2/repository/org/apache/hadoop/hadoop-distcp/3.2.2/hadoop-distcp-3.2.2-tests.jar:"/>
    <property name="sun.cpu.endian" value="little"/>
    <property name="user.home" value="/home/runner"/>
    <property name="user.language" value="en"/>
    <property name="java.specification.vendor" value="Oracle Corporation"/>
    <property name="java.home" value="/usr/lib/jvm/adoptopenjdk-8-hotspot-amd64/jre"/>
    <property name="java.security.krb5.conf" value="/home/runner/work/ozone/ozone/mnt/ozone/hadoop-ozone/integration-test/target/test-classes/krb5.conf"/>
    <property name="basedir" value="/home/runner/work/ozone/ozone/mnt/ozone/hadoop-ozone/integration-test"/>
    <property name="file.separator" value="/"/>
    <property name="line.separator" value="&#10;"/>
    <property name="java.vm.specification.vendor" value="Oracle Corporation"/>
    <property name="java.specification.name" value="Java Platform API Specification"/>
    <property name="java.awt.graphicsenv" value="sun.awt.X11GraphicsEnvironment"/>
    <property name="skip.installnpx" value="true"/>
    <property name="surefire.real.class.path" value="/home/runner/work/ozone/ozone/mnt/ozone/hadoop-ozone/integration-test/target/surefire/surefirebooter2441368587897806860.jar:/home/runner/.m2/repository/org/jacoco/org.jacoco.agent/0.8.5/org.jacoco.agent-0.8.5-runtime.jar"/>
    <property name="hadoop.log.dir" value="/home/runner/work/ozone/ozone/mnt/ozone/hadoop-ozone/integration-test/target/log"/>
    <property name="sun.boot.class.path" value="/usr/lib/jvm/adoptopenjdk-8-hotspot-amd64/jre/lib/resources.jar:/usr/lib/jvm/adoptopenjdk-8-hotspot-amd64/jre/lib/rt.jar:/usr/lib/jvm/adoptopenjdk-8-hotspot-amd64/jre/lib/sunrsasign.jar:/usr/lib/jvm/adoptopenjdk-8-hotspot-amd64/jre/lib/jsse.jar:/usr/lib/jvm/adoptopenjdk-8-hotspot-amd64/jre/lib/jce.jar:/usr/lib/jvm/adoptopenjdk-8-hotspot-amd64/jre/lib/charsets.jar:/usr/lib/jvm/adoptopenjdk-8-hotspot-amd64/jre/lib/jfr.jar:/usr/lib/jvm/adoptopenjdk-8-hotspot-amd64/jre/classes"/>
    <property name="sun.management.compiler" value="HotSpot 64-Bit Tiered Compilers"/>
    <property name="skip.npx" value="true"/>
    <property name="java.runtime.version" value="1.8.0_292-b10"/>
    <property name="java.net.preferIPv4Stack" value="true"/>
    <property name="user.name" value="runner"/>
    <property name="path.separator" value=":"/>
    <property name="java.security.egd" value="file:///dev/urandom"/>
    <property name="os.version" value="5.4.0-1047-azure"/>
    <property name="java.endorsed.dirs" value="/usr/lib/jvm/adoptopenjdk-8-hotspot-amd64/jre/lib/endorsed"/>
    <property name="java.runtime.name" value="OpenJDK Runtime Environment"/>
    <property name="file.encoding" value="UTF-8"/>
    <property name="java.vm.name" value="OpenJDK 64-Bit Server VM"/>
    <property name="test.build.webapps" value=""/>
    <property name="localRepository" value="/home/runner/.m2/repository"/>
    <property name="java.vendor.url.bug" value="https://github.com/AdoptOpenJDK/openjdk-support/issues"/>
    <property name="java.io.tmpdir" value="/tmp"/>
    <property name="require.test.libhadoop" value=""/>
    <property name="java.version" value="1.8.0_292"/>
    <property name="user.dir" value="/home/runner/work/ozone/ozone/mnt/ozone/hadoop-ozone/integration-test"/>
    <property name="os.arch" value="amd64"/>
    <property name="java.vm.specification.name" value="Java Virtual Machine Specification"/>
    <property name="test.build.classes" value="/home/runner/work/ozone/ozone/mnt/ozone/hadoop-ozone/integration-test/target/test-classes"/>
    <property name="java.awt.printerjob" value="sun.print.PSPrinterJob"/>
    <property name="sun.os.patch.level" value="unknown"/>
    <property name="hadoop.tmp.dir" value="/home/runner/work/ozone/ozone/mnt/ozone/hadoop-ozone/integration-test/target/tmp"/>
    <property name="java.library.path" value="/usr/java/packages/lib/amd64:/usr/lib64:/lib64:/lib:/usr/lib"/>
    <property name="java.vm.info" value="mixed mode"/>
    <property name="java.vendor" value="AdoptOpenJDK"/>
    <property name="java.vm.version" value="25.292-b10"/>
    <property name="java.ext.dirs" value="/usr/lib/jvm/adoptopenjdk-8-hotspot-amd64/jre/lib/ext:/usr/java/packages/lib/ext"/>
    <property name="sun.io.unicode.encoding" value="UnicodeLittle"/>
    <property name="java.class.version" value="52.0"/>
  </properties>
  <testcase name="testInstallSnapshot" classname="org.apache.hadoop.ozone.scm.TestSCMInstallSnapshotWithHA" time="63.261">
    <failure type="java.lang.AssertionError">java.lang.AssertionError
	at org.junit.Assert.fail(Assert.java:87)
	at org.junit.Assert.assertTrue(Assert.java:42)
	at org.junit.Assert.assertTrue(Assert.java:53)
	at org.apache.hadoop.ozone.scm.TestSCMInstallSnapshotWithHA.testInstallSnapshot(TestSCMInstallSnapshotWithHA.java:140)
	at sun.reflect.NativeMethodAccessorImpl.invoke0(Native Method)
	at sun.reflect.NativeMethodAccessorImpl.invoke(NativeMethodAccessorImpl.java:62)
	at sun.reflect.DelegatingMethodAccessorImpl.invoke(DelegatingMethodAccessorImpl.java:43)
	at java.lang.reflect.Method.invoke(Method.java:498)
	at org.junit.platform.commons.util.ReflectionUtils.invokeMethod(ReflectionUtils.java:688)
	at org.junit.jupiter.engine.execution.MethodInvocation.proceed(MethodInvocation.java:60)
	at org.junit.jupiter.engine.execution.InvocationInterceptorChain$ValidatingInvocation.proceed(InvocationInterceptorChain.java:131)
	at org.junit.jupiter.engine.extension.TimeoutInvocation.proceed(TimeoutInvocation.java:46)
	at org.junit.jupiter.engine.extension.TimeoutExtension.intercept(TimeoutExtension.java:149)
	at org.junit.jupiter.engine.extension.TimeoutExtension.interceptTestableMethod(TimeoutExtension.java:140)
	at org.junit.jupiter.engine.extension.TimeoutExtension.interceptTestMethod(TimeoutExtension.java:84)
	at org.junit.jupiter.engine.execution.ExecutableInvoker$ReflectiveInterceptorCall.lambda$ofVoidMethod$0(ExecutableInvoker.java:115)
	at org.junit.jupiter.engine.execution.ExecutableInvoker.lambda$invoke$0(ExecutableInvoker.java:105)
	at org.junit.jupiter.engine.execution.InvocationInterceptorChain$InterceptedInvocation.proceed(InvocationInterceptorChain.java:106)
	at org.junit.jupiter.engine.execution.InvocationInterceptorChain.proceed(InvocationInterceptorChain.java:64)
	at org.junit.jupiter.engine.execution.InvocationInterceptorChain.chainAndInvoke(InvocationInterceptorChain.java:45)
	at org.junit.jupiter.engine.execution.InvocationInterceptorChain.invoke(InvocationInterceptorChain.java:37)
	at org.junit.jupiter.engine.execution.ExecutableInvoker.invoke(ExecutableInvoker.java:104)
	at org.junit.jupiter.engine.execution.ExecutableInvoker.invoke(ExecutableInvoker.java:98)
	at org.junit.jupiter.engine.descriptor.TestMethodTestDescriptor.lambda$invokeTestMethod$6(TestMethodTestDescriptor.java:210)
	at org.junit.platform.engine.support.hierarchical.ThrowableCollector.execute(ThrowableCollector.java:73)
	at org.junit.jupiter.engine.descriptor.TestMethodTestDescriptor.invokeTestMethod(TestMethodTestDescriptor.java:206)
	at org.junit.jupiter.engine.descriptor.TestMethodTestDescriptor.execute(TestMethodTestDescriptor.java:131)
	at org.junit.jupiter.engine.descriptor.TestMethodTestDescriptor.execute(TestMethodTestDescriptor.java:65)
	at org.junit.platform.engine.support.hierarchical.NodeTestTask.lambda$executeRecursively$5(NodeTestTask.java:139)
	at org.junit.platform.engine.support.hierarchical.ThrowableCollector.execute(ThrowableCollector.java:73)
	at org.junit.platform.engine.support.hierarchical.NodeTestTask.lambda$executeRecursively$7(NodeTestTask.java:129)
	at org.junit.platform.engine.support.hierarchical.Node.around(Node.java:137)
	at org.junit.platform.engine.support.hierarchical.NodeTestTask.lambda$executeRecursively$8(NodeTestTask.java:127)
	at org.junit.platform.engine.support.hierarchical.ThrowableCollector.execute(ThrowableCollector.java:73)
	at org.junit.platform.engine.support.hierarchical.NodeTestTask.executeRecursively(NodeTestTask.java:126)
	at org.junit.platform.engine.support.hierarchical.NodeTestTask.execute(NodeTestTask.java:84)
	at java.util.ArrayList.forEach(ArrayList.java:1259)
	at org.junit.platform.engine.support.hierarchical.SameThreadHierarchicalTestExecutorService.invokeAll(SameThreadHierarchicalTestExecutorService.java:38)
	at org.junit.platform.engine.support.hierarchical.NodeTestTask.lambda$executeRecursively$5(NodeTestTask.java:143)
	at org.junit.platform.engine.support.hierarchical.ThrowableCollector.execute(ThrowableCollector.java:73)
	at org.junit.platform.engine.support.hierarchical.NodeTestTask.lambda$executeRecursively$7(NodeTestTask.java:129)
	at org.junit.platform.engine.support.hierarchical.Node.around(Node.java:137)
	at org.junit.platform.engine.support.hierarchical.NodeTestTask.lambda$executeRecursively$8(NodeTestTask.java:127)
	at org.junit.platform.engine.support.hierarchical.ThrowableCollector.execute(ThrowableCollector.java:73)
	at org.junit.platform.engine.support.hierarchical.NodeTestTask.executeRecursively(NodeTestTask.java:126)
	at org.junit.platform.engine.support.hierarchical.NodeTestTask.execute(NodeTestTask.java:84)
	at java.util.ArrayList.forEach(ArrayList.java:1259)
	at org.junit.platform.engine.support.hierarchical.SameThreadHierarchicalTestExecutorService.invokeAll(SameThreadHierarchicalTestExecutorService.java:38)
	at org.junit.platform.engine.support.hierarchical.NodeTestTask.lambda$executeRecursively$5(NodeTestTask.java:143)
	at org.junit.platform.engine.support.hierarchical.ThrowableCollector.execute(ThrowableCollector.java:73)
	at org.junit.platform.engine.support.hierarchical.NodeTestTask.lambda$executeRecursively$7(NodeTestTask.java:129)
	at org.junit.platform.engine.support.hierarchical.Node.around(Node.java:137)
	at org.junit.platform.engine.support.hierarchical.NodeTestTask.lambda$executeRecursively$8(NodeTestTask.java:127)
	at org.junit.platform.engine.support.hierarchical.ThrowableCollector.execute(ThrowableCollector.java:73)
	at org.junit.platform.engine.support.hierarchical.NodeTestTask.executeRecursively(NodeTestTask.java:126)
	at org.junit.platform.engine.support.hierarchical.NodeTestTask.execute(NodeTestTask.java:84)
	at org.junit.platform.engine.support.hierarchical.SameThreadHierarchicalTestExecutorService.submit(SameThreadHierarchicalTestExecutorService.java:32)
	at org.junit.platform.engine.support.hierarchical.HierarchicalTestExecutor.execute(HierarchicalTestExecutor.java:57)
	at org.junit.platform.engine.support.hierarchical.HierarchicalTestEngine.execute(HierarchicalTestEngine.java:51)
	at org.junit.platform.launcher.core.EngineExecutionOrchestrator.execute(EngineExecutionOrchestrator.java:108)
	at org.junit.platform.launcher.core.EngineExecutionOrchestrator.execute(EngineExecutionOrchestrator.java:88)
	at org.junit.platform.launcher.core.EngineExecutionOrchestrator.lambda$execute$0(EngineExecutionOrchestrator.java:54)
	at org.junit.platform.launcher.core.EngineExecutionOrchestrator.withInterceptedStreams(EngineExecutionOrchestrator.java:67)
	at org.junit.platform.launcher.core.EngineExecutionOrchestrator.execute(EngineExecutionOrchestrator.java:52)
	at org.junit.platform.launcher.core.DefaultLauncher.execute(DefaultLauncher.java:96)
	at org.junit.platform.launcher.core.DefaultLauncher.execute(DefaultLauncher.java:75)
	at org.apache.maven.surefire.junitplatform.JUnitPlatformProvider.invokeAllTests(JUnitPlatformProvider.java:142)
	at org.apache.maven.surefire.junitplatform.JUnitPlatformProvider.invoke(JUnitPlatformProvider.java:113)
	at org.apache.maven.surefire.booter.ForkedBooter.invokeProviderInSameClassLoader(ForkedBooter.java:384)
	at org.apache.maven.surefire.booter.ForkedBooter.runSuitesInProcess(ForkedBooter.java:345)
	at org.apache.maven.surefire.booter.ForkedBooter.execute(ForkedBooter.java:126)
	at org.apache.maven.surefire.booter.ForkedBooter.main(ForkedBooter.java:418)
</failure>
    <system-out><![CDATA[2021-06-09 09:32:36,463 [main] WARN  server.ServerUtils (ServerUtils.java:getScmDbDir(148)) - ozone.scm.db.dirs is not configured. We recommend adding this setting. Falling back to ozone.metadata.dirs instead.
2021-06-09 09:32:36,494 [main] INFO  ha.SCMHANodeDetails (SCMHANodeDetails.java:loadSCMHAConfig(157)) - ServiceID for StorageContainerManager is scm-service-test1
2021-06-09 09:32:36,495 [main] INFO  ha.SCMHANodeDetails (SCMHANodeDetails.java:loadSCMHAConfig(168)) - ServiceID for StorageContainerManager is scm-service-test1
2021-06-09 09:32:36,528 [main] WARN  scm.ScmUtils (ScmUtils.java:logWarn(179)) - ConfigKey ozone.scm.block.client.address is deprecated, For configuring different ports for each SCM use PortConfigKey ozone.scm.block.client.port appended with serviceId and nodeId. If want to configure same port configure ozone.scm.block.client.port
2021-06-09 09:32:36,529 [main] WARN  scm.ScmUtils (ScmUtils.java:logWarn(179)) - ConfigKey ozone.scm.client.address is deprecated, For configuring different ports for each SCM use PortConfigKey ozone.scm.client.port appended with serviceId and nodeId. If want to configure same port configure ozone.scm.client.port
2021-06-09 09:32:36,529 [main] WARN  scm.ScmUtils (ScmUtils.java:logWarn(179)) - ConfigKey ozone.scm.datanode.address is deprecated, For configuring different ports for each SCM use PortConfigKey ozone.scm.datanode.port appended with serviceId and nodeId. If want to configure same port configure ozone.scm.datanode.port
2021-06-09 09:32:36,531 [main] WARN  scm.ScmUtils (ScmUtils.java:logWarn(179)) - ConfigKey ozone.scm.block.client.address is deprecated, For configuring different ports for each SCM use PortConfigKey ozone.scm.block.client.port appended with serviceId and nodeId. If want to configure same port configure ozone.scm.block.client.port
2021-06-09 09:32:36,531 [main] WARN  scm.ScmUtils (ScmUtils.java:logWarn(179)) - ConfigKey ozone.scm.client.address is deprecated, For configuring different ports for each SCM use PortConfigKey ozone.scm.client.port appended with serviceId and nodeId. If want to configure same port configure ozone.scm.client.port
2021-06-09 09:32:36,531 [main] WARN  scm.ScmUtils (ScmUtils.java:logWarn(179)) - ConfigKey ozone.scm.datanode.address is deprecated, For configuring different ports for each SCM use PortConfigKey ozone.scm.datanode.port appended with serviceId and nodeId. If want to configure same port configure ozone.scm.datanode.port
2021-06-09 09:32:36,532 [main] INFO  ha.SCMHANodeDetails (SCMHANodeDetails.java:loadSCMHAConfig(250)) - Found matching SCM address with SCMServiceId: scm-service-test1, SCMNodeId: scmNode-1, RPC Address: localhost:14324 and Ratis port: 14324
2021-06-09 09:32:36,532 [main] INFO  ha.SCMHANodeDetails (ConfUtils.java:setNodeSpecificConfigs(108)) - Setting configuration key ozone.scm.datanode.address with value of key ozone.scm.datanode.address.scm-service-test1.scmNode-1: 127.0.0.1:14325
2021-06-09 09:32:36,532 [main] INFO  ha.SCMHANodeDetails (ConfUtils.java:setNodeSpecificConfigs(108)) - Setting configuration key ozone.scm.block.client.address with value of key ozone.scm.block.client.address.scm-service-test1.scmNode-1: 127.0.0.1:14326
2021-06-09 09:32:36,533 [main] INFO  ha.SCMHANodeDetails (ConfUtils.java:setNodeSpecificConfigs(108)) - Setting configuration key ozone.scm.client.address with value of key ozone.scm.client.address.scm-service-test1.scmNode-1: 127.0.0.1:14327
2021-06-09 09:32:36,533 [main] INFO  ha.SCMHANodeDetails (ConfUtils.java:setNodeSpecificConfigs(108)) - Setting configuration key ozone.scm.ratis.port with value of key ozone.scm.ratis.port.scm-service-test1.scmNode-1: 14324
2021-06-09 09:32:36,533 [main] INFO  ha.SCMHANodeDetails (ConfUtils.java:setNodeSpecificConfigs(108)) - Setting configuration key ozone.scm.grpc.port with value of key ozone.scm.grpc.port.scm-service-test1.scmNode-1: 14328
2021-06-09 09:32:36,533 [main] INFO  ha.SCMHANodeDetails (ConfUtils.java:setNodeSpecificConfigs(108)) - Setting configuration key ozone.scm.http-address with value of key ozone.scm.http-address.scm-service-test1.scmNode-1: 127.0.0.1:14322
2021-06-09 09:32:36,534 [main] INFO  ha.SCMHANodeDetails (ConfUtils.java:setNodeSpecificConfigs(108)) - Setting configuration key ozone.scm.https-address with value of key ozone.scm.https-address.scm-service-test1.scmNode-1: 127.0.0.1:14323
2021-06-09 09:32:36,534 [main] INFO  ha.SCMHANodeDetails (ConfUtils.java:setNodeSpecificConfigs(108)) - Setting configuration key ozone.scm.address with value of key ozone.scm.address.scm-service-test1.scmNode-1: 127.0.0.1
2021-06-09 09:32:36,535 [main] WARN  scm.ScmUtils (ScmUtils.java:logWarn(179)) - ConfigKey ozone.scm.block.client.address is deprecated, For configuring different ports for each SCM use PortConfigKey ozone.scm.block.client.port appended with serviceId and nodeId. If want to configure same port configure ozone.scm.block.client.port
2021-06-09 09:32:36,535 [main] WARN  scm.ScmUtils (ScmUtils.java:logWarn(179)) - ConfigKey ozone.scm.client.address is deprecated, For configuring different ports for each SCM use PortConfigKey ozone.scm.client.port appended with serviceId and nodeId. If want to configure same port configure ozone.scm.client.port
2021-06-09 09:32:36,535 [main] WARN  scm.ScmUtils (ScmUtils.java:logWarn(179)) - ConfigKey ozone.scm.datanode.address is deprecated, For configuring different ports for each SCM use PortConfigKey ozone.scm.datanode.port appended with serviceId and nodeId. If want to configure same port configure ozone.scm.datanode.port
2021-06-09 09:32:36,610 [main] INFO  server.RaftServer (ConfUtils.java:logGet(44)) - raft.rpc.type = GRPC (default)
2021-06-09 09:32:36,664 [main] INFO  grpc.GrpcFactory (GrpcFactory.java:checkPooledByteBufAllocatorUseCacheForAllThreads(48)) - PERFORMANCE WARNING: useCacheForAllThreads is true that may cause Netty to create a lot garbage objects and, as a result, trigger GC.
	It is recommended to disable useCacheForAllThreads by setting -Dorg.apache.ratis.thirdparty.io.netty.allocator.useCacheForAllThreads=false in command line.
2021-06-09 09:32:36,668 [main] INFO  grpc.GrpcConfigKeys (ConfUtils.java:logGet(44)) - raft.grpc.admin.port = -1 (default)
2021-06-09 09:32:36,669 [main] INFO  grpc.GrpcConfigKeys (ConfUtils.java:logGet(44)) - raft.grpc.server.port = 14324 (custom)
2021-06-09 09:32:36,670 [main] INFO  grpc.GrpcConfigKeys (ConfUtils.java:logGet(44)) - raft.grpc.client.port = -1 (default)
2021-06-09 09:32:36,670 [main] INFO  grpc.GrpcConfigKeys (ConfUtils.java:logGet(44)) - raft.grpc.server.port = 14324 (custom)
2021-06-09 09:32:36,671 [main] INFO  grpc.GrpcConfigKeys (ConfUtils.java:logGet(44)) - raft.grpc.server.port = 14324 (custom)
2021-06-09 09:32:36,671 [main] INFO  server.GrpcService (ConfUtils.java:logGet(44)) - raft.grpc.message.size.max = 32m (=33554432) (custom)
2021-06-09 09:32:36,673 [main] INFO  server.RaftServerConfigKeys (ConfUtils.java:logGet(44)) - raft.server.log.appender.buffer.byte-limit = 33554432 (custom)
2021-06-09 09:32:36,674 [main] INFO  server.GrpcService (ConfUtils.java:logGet(44)) - raft.grpc.flow.control.window = 1MB (=1048576) (default)
2021-06-09 09:32:36,674 [main] INFO  server.RaftServerConfigKeys (ConfUtils.java:logGet(44)) - raft.server.rpc.request.timeout = 3000ms (default)
2021-06-09 09:32:36,877 [main] INFO  impl.DataStreamServerImpl (ConfUtils.java:logGet(44)) - raft.datastream.type = DISABLED (default)
2021-06-09 09:32:36,879 [main] INFO  server.RaftServerConfigKeys (ConfUtils.java:logGet(44)) - raft.server.rpc.slowness.timeout = 120000ms (custom)
2021-06-09 09:32:36,880 [main] INFO  server.RaftServerConfigKeys (ConfUtils.java:logGet(44)) - raft.server.leaderelection.leader.step-down.wait-time = 10s (default)
2021-06-09 09:32:36,889 [main] INFO  server.RaftServerConfigKeys (ConfUtils.java:logGet(44)) - raft.server.storage.dir = [/home/runner/work/ozone/ozone/mnt/ozone/hadoop-ozone/integration-test/target/test-dir/MiniOzoneClusterImpl-43f0ca0c-372e-4c55-aedd-c9e251b369b0/scmNode-1/scm-ha] (custom)
2021-06-09 09:32:36,896 [main] INFO  server.RaftServer (RaftServerProxy.java:addNew(95)) - e0e3eed1-d528-4a83-939c-b34003b9dea6: addNew group-C9E251B369B0:[e0e3eed1-d528-4a83-939c-b34003b9dea6|rpc:localhost:14324|priority:0] returns group-C9E251B369B0:java.util.concurrent.CompletableFuture@27ead29e[Not completed]
2021-06-09 09:32:36,911 [pool-1-thread-1] INFO  server.RaftServer$Division (RaftServerImpl.java:<init>(180)) - e0e3eed1-d528-4a83-939c-b34003b9dea6: new RaftServerImpl for group-C9E251B369B0:[e0e3eed1-d528-4a83-939c-b34003b9dea6|rpc:localhost:14324|priority:0] with SCMStateMachine:uninitialized
2021-06-09 09:32:36,913 [pool-1-thread-1] INFO  server.RaftServerConfigKeys (ConfUtils.java:logGet(44)) - raft.server.rpc.timeout.min = 5000ms (custom)
2021-06-09 09:32:36,913 [pool-1-thread-1] INFO  server.RaftServerConfigKeys (ConfUtils.java:logGet(44)) - raft.server.rpc.timeout.max = 5200ms (custom)
2021-06-09 09:32:36,913 [pool-1-thread-1] INFO  server.RaftServerConfigKeys (ConfUtils.java:logGet(44)) - raft.server.rpc.sleep.time = 25ms (default)
2021-06-09 09:32:36,913 [pool-1-thread-1] INFO  server.RaftServerConfigKeys (ConfUtils.java:logGet(44)) - raft.server.rpc.slowness.timeout = 120000ms (custom)
2021-06-09 09:32:36,913 [pool-1-thread-1] INFO  server.RaftServerConfigKeys (ConfUtils.java:logGet(44)) - raft.server.leaderelection.leader.step-down.wait-time = 10s (default)
2021-06-09 09:32:36,913 [pool-1-thread-1] INFO  server.RaftServerConfigKeys (ConfUtils.java:logGet(44)) - raft.server.sleep.deviation.threshold = 300ms (default)
2021-06-09 09:32:36,914 [pool-1-thread-1] INFO  server.RaftServerConfigKeys (ConfUtils.java:logGet(44)) - raft.server.log.appender.install.snapshot.enabled = false (custom)
2021-06-09 09:32:36,918 [pool-1-thread-1] INFO  server.RaftServer$Division (ServerState.java:<init>(105)) - e0e3eed1-d528-4a83-939c-b34003b9dea6@group-C9E251B369B0: ConfigurationManager, init=-1: [e0e3eed1-d528-4a83-939c-b34003b9dea6|rpc:localhost:14324|priority:0], old=null, confs=<EMPTY_MAP>
2021-06-09 09:32:36,918 [pool-1-thread-1] INFO  server.RaftServerConfigKeys (ConfUtils.java:logGet(44)) - raft.server.storage.dir = [/home/runner/work/ozone/ozone/mnt/ozone/hadoop-ozone/integration-test/target/test-dir/MiniOzoneClusterImpl-43f0ca0c-372e-4c55-aedd-c9e251b369b0/scmNode-1/scm-ha] (custom)
2021-06-09 09:32:36,921 [pool-1-thread-1] INFO  server.RaftServerConfigKeys (ConfUtils.java:logGet(44)) - raft.server.log.corruption.policy = EXCEPTION (default)
2021-06-09 09:32:36,923 [pool-1-thread-1] INFO  storage.RaftStorageDirectory (RaftStorageDirectoryImpl.java:analyzeStorage(132)) - The storage directory /home/runner/work/ozone/ozone/mnt/ozone/hadoop-ozone/integration-test/target/test-dir/MiniOzoneClusterImpl-43f0ca0c-372e-4c55-aedd-c9e251b369b0/scmNode-1/scm-ha/43f0ca0c-372e-4c55-aedd-c9e251b369b0 does not exist. Creating ...
2021-06-09 09:32:36,926 [pool-1-thread-1] INFO  storage.RaftStorageDirectory (RaftStorageDirectoryImpl.java:tryLock(215)) - Lock on /home/runner/work/ozone/ozone/mnt/ozone/hadoop-ozone/integration-test/target/test-dir/MiniOzoneClusterImpl-43f0ca0c-372e-4c55-aedd-c9e251b369b0/scmNode-1/scm-ha/43f0ca0c-372e-4c55-aedd-c9e251b369b0/in_use.lock acquired by nodename 27526@fv-az195-811
2021-06-09 09:32:36,933 [pool-1-thread-1] INFO  storage.RaftStorage (RaftStorageImpl.java:format(87)) - Storage directory /home/runner/work/ozone/ozone/mnt/ozone/hadoop-ozone/integration-test/target/test-dir/MiniOzoneClusterImpl-43f0ca0c-372e-4c55-aedd-c9e251b369b0/scmNode-1/scm-ha/43f0ca0c-372e-4c55-aedd-c9e251b369b0 has been successfully formatted.
2021-06-09 09:32:36,945 [pool-1-thread-1] INFO  server.RaftServerConfigKeys (ConfUtils.java:logGet(44)) - raft.server.notification.no-leader.timeout = 60s (default)
2021-06-09 09:32:36,946 [pool-1-thread-1] INFO  server.RaftServerConfigKeys (ConfUtils.java:logGet(44)) - raft.server.log.use.memory = false (default)
2021-06-09 09:32:36,958 [pool-1-thread-1] INFO  server.RaftServerConfigKeys (ConfUtils.java:logGet(44)) - raft.server.log.purge.gap = 5 (custom)
2021-06-09 09:32:36,959 [pool-1-thread-1] INFO  server.RaftServerConfigKeys (ConfUtils.java:logGet(44)) - raft.server.log.appender.buffer.byte-limit = 33554432 (custom)
2021-06-09 09:32:36,965 [pool-1-thread-1] INFO  metrics.MetricRegistries (MetricRegistriesLoader.java:load(64)) - Loaded MetricRegistries class org.apache.ratis.metrics.impl.MetricRegistriesImpl
2021-06-09 09:32:36,966 [pool-1-thread-1] INFO  metrics.RatisMetrics (RatisMetrics.java:lambda$create$0(36)) - Creating Metrics Registry : ratis.log_worker.e0e3eed1-d528-4a83-939c-b34003b9dea6@group-C9E251B369B0
2021-06-09 09:32:36,967 [pool-1-thread-1] WARN  impl.MetricRegistriesImpl (MetricRegistriesImpl.java:lambda$create$1(65)) - First MetricRegistry has been created without registering reporters. You may need to call MetricRegistries.global().addReporterRegistration(...) before.
2021-06-09 09:32:36,968 [pool-1-thread-1] INFO  server.RaftServerConfigKeys (ConfUtils.java:logGet(44)) - raft.server.log.segment.size.max = 16384 (custom)
2021-06-09 09:32:36,974 [pool-1-thread-1] INFO  server.RaftServerConfigKeys (ConfUtils.java:logGet(44)) - raft.server.log.segment.cache.num.max = 2 (custom)
2021-06-09 09:32:36,974 [pool-1-thread-1] INFO  server.RaftServerConfigKeys (ConfUtils.java:logGet(44)) - raft.server.log.segment.cache.size.max = 200MB (=209715200) (default)
2021-06-09 09:32:36,979 [pool-1-thread-1] INFO  segmented.SegmentedRaftLogWorker (SegmentedRaftLogWorker.java:<init>(182)) - new e0e3eed1-d528-4a83-939c-b34003b9dea6@group-C9E251B369B0-SegmentedRaftLogWorker for RaftStorageImpl:Storage Directory /home/runner/work/ozone/ozone/mnt/ozone/hadoop-ozone/integration-test/target/test-dir/MiniOzoneClusterImpl-43f0ca0c-372e-4c55-aedd-c9e251b369b0/scmNode-1/scm-ha/43f0ca0c-372e-4c55-aedd-c9e251b369b0
2021-06-09 09:32:36,979 [pool-1-thread-1] INFO  server.RaftServerConfigKeys (ConfUtils.java:logGet(44)) - raft.server.log.queue.byte-limit = 64MB (=67108864) (default)
2021-06-09 09:32:36,980 [pool-1-thread-1] INFO  server.RaftServerConfigKeys (ConfUtils.java:logGet(44)) - raft.server.log.queue.element-limit = 4096 (default)
2021-06-09 09:32:36,981 [pool-1-thread-1] INFO  server.RaftServerConfigKeys (ConfUtils.java:logGet(44)) - raft.server.log.segment.size.max = 16384 (custom)
2021-06-09 09:32:36,981 [pool-1-thread-1] INFO  server.RaftServerConfigKeys (ConfUtils.java:logGet(44)) - raft.server.log.preallocated.size = 16384 (custom)
2021-06-09 09:32:36,982 [pool-1-thread-1] INFO  server.RaftServerConfigKeys (ConfUtils.java:logGet(44)) - raft.server.log.force.sync.num = 128 (default)
2021-06-09 09:32:36,983 [pool-1-thread-1] INFO  server.RaftServerConfigKeys (ConfUtils.java:logGet(44)) - raft.server.log.statemachine.data.sync = true (default)
2021-06-09 09:32:36,983 [pool-1-thread-1] INFO  server.RaftServerConfigKeys (ConfUtils.java:logGet(44)) - raft.server.log.statemachine.data.sync.timeout = 10s (default)
2021-06-09 09:32:36,983 [pool-1-thread-1] INFO  server.RaftServerConfigKeys (ConfUtils.java:logGet(44)) - raft.server.log.statemachine.data.sync.timeout.retry = -1 (default)
2021-06-09 09:32:36,988 [pool-1-thread-1] INFO  server.RaftServerConfigKeys (ConfUtils.java:logGet(44)) - raft.server.log.write.buffer.size = 64KB (=65536) (default)
2021-06-09 09:32:36,989 [pool-1-thread-1] INFO  server.RaftServerConfigKeys (ConfUtils.java:logGet(44)) - raft.server.log.statemachine.data.caching.enabled = false (default)
2021-06-09 09:32:36,995 [pool-1-thread-1] INFO  segmented.SegmentedRaftLogWorker (SegmentedRaftLogWorker.java:lambda$new$0(133)) - e0e3eed1-d528-4a83-939c-b34003b9dea6@group-C9E251B369B0-SegmentedRaftLogWorker: flushIndex: setUnconditionally 0 -> -1
2021-06-09 09:32:36,995 [pool-1-thread-1] INFO  segmented.SegmentedRaftLogWorker (SegmentedRaftLogWorker.java:lambda$new$0(133)) - e0e3eed1-d528-4a83-939c-b34003b9dea6@group-C9E251B369B0-SegmentedRaftLogWorker: safeCacheEvictIndex: setUnconditionally 0 -> -1
2021-06-09 09:32:37,003 [pool-1-thread-1] INFO  server.RaftServerConfigKeys (ConfUtils.java:logGet(44)) - raft.server.snapshot.auto.trigger.enabled = true (custom)
2021-06-09 09:32:37,003 [pool-1-thread-1] INFO  server.RaftServerConfigKeys (ConfUtils.java:logGet(44)) - raft.server.snapshot.auto.trigger.threshold = 5 (custom)
2021-06-09 09:32:37,004 [pool-1-thread-1] INFO  server.RaftServerConfigKeys (ConfUtils.java:logGet(44)) - raft.server.snapshot.retention.file.num = -1 (default)
2021-06-09 09:32:37,005 [pool-1-thread-1] INFO  server.RaftServerConfigKeys (ConfUtils.java:logGet(44)) - raft.server.log.purge.upto.snapshot.index = true (custom)
2021-06-09 09:32:37,006 [pool-1-thread-1] INFO  server.RaftServerConfigKeys (ConfUtils.java:logGet(44)) - raft.server.retrycache.expirytime = 60000ms (default)
2021-06-09 09:32:37,006 [pool-1-thread-1] INFO  server.RaftServerConfigKeys (ConfUtils.java:logGet(44)) - raft.server.retrycache.statistics.expirytime = 100μs (default)
2021-06-09 09:32:37,022 [pool-1-thread-1] INFO  metrics.RatisMetrics (RatisMetrics.java:lambda$create$0(36)) - Creating Metrics Registry : ratis.leader_election.e0e3eed1-d528-4a83-939c-b34003b9dea6@group-C9E251B369B0
2021-06-09 09:32:37,022 [pool-1-thread-1] WARN  impl.MetricRegistriesImpl (MetricRegistriesImpl.java:lambda$create$1(65)) - First MetricRegistry has been created without registering reporters. You may need to call MetricRegistries.global().addReporterRegistration(...) before.
2021-06-09 09:32:37,024 [pool-1-thread-1] INFO  metrics.RatisMetrics (RatisMetrics.java:lambda$create$0(36)) - Creating Metrics Registry : ratis.server.e0e3eed1-d528-4a83-939c-b34003b9dea6@group-C9E251B369B0
2021-06-09 09:32:37,024 [pool-1-thread-1] WARN  impl.MetricRegistriesImpl (MetricRegistriesImpl.java:lambda$create$1(65)) - First MetricRegistry has been created without registering reporters. You may need to call MetricRegistries.global().addReporterRegistration(...) before.
2021-06-09 09:32:37,029 [main] INFO  server.RaftServer$Division (RaftServerImpl.java:start(295)) - e0e3eed1-d528-4a83-939c-b34003b9dea6@group-C9E251B369B0: start as a follower, conf=-1: [e0e3eed1-d528-4a83-939c-b34003b9dea6|rpc:localhost:14324|priority:0], old=null
2021-06-09 09:32:37,030 [main] INFO  server.RaftServer$Division (RaftServerImpl.java:setRole(284)) - e0e3eed1-d528-4a83-939c-b34003b9dea6@group-C9E251B369B0: changes role from      null to FOLLOWER at term 0 for startAsFollower
2021-06-09 09:32:37,031 [main] INFO  impl.RoleInfo (RoleInfo.java:updateAndGet(130)) - e0e3eed1-d528-4a83-939c-b34003b9dea6: start e0e3eed1-d528-4a83-939c-b34003b9dea6@group-C9E251B369B0-FollowerState
2021-06-09 09:32:37,067 [main] INFO  util.JmxRegister (JmxRegister.java:tryRegister(44)) - Successfully registered JMX Bean with object name Ratis:service=RaftServer,group=group-C9E251B369B0,id=e0e3eed1-d528-4a83-939c-b34003b9dea6
2021-06-09 09:32:37,068 [main] INFO  metrics.RatisMetrics (RatisMetrics.java:lambda$create$0(36)) - Creating Metrics Registry : ratis.state_machine.e0e3eed1-d528-4a83-939c-b34003b9dea6@group-C9E251B369B0
2021-06-09 09:32:37,068 [main] WARN  impl.MetricRegistriesImpl (MetricRegistriesImpl.java:lambda$create$1(65)) - First MetricRegistry has been created without registering reporters. You may need to call MetricRegistries.global().addReporterRegistration(...) before.
2021-06-09 09:32:37,070 [main] INFO  server.RaftServer (RaftServerProxy.java:lambda$start$5(374)) - e0e3eed1-d528-4a83-939c-b34003b9dea6: start RPC server
2021-06-09 09:32:37,102 [main] INFO  server.GrpcService (GrpcService.java:startImpl(253)) - e0e3eed1-d528-4a83-939c-b34003b9dea6: GrpcService started, listening on 14324
2021-06-09 09:32:37,107 [org.apache.ratis.util.JvmPauseMonitor$$Lambda$493/731610911@264c5d07] INFO  util.JvmPauseMonitor (JvmPauseMonitor.java:run(103)) - JvmPauseMonitor-e0e3eed1-d528-4a83-939c-b34003b9dea6: Started
2021-06-09 09:32:42,135 [e0e3eed1-d528-4a83-939c-b34003b9dea6@group-C9E251B369B0-FollowerState] INFO  impl.FollowerState (FollowerState.java:run(134)) - e0e3eed1-d528-4a83-939c-b34003b9dea6@group-C9E251B369B0-FollowerState: change to CANDIDATE, lastRpcElapsedTime:5104732983ns, electionTimeout:5099ms
2021-06-09 09:32:42,136 [e0e3eed1-d528-4a83-939c-b34003b9dea6@group-C9E251B369B0-FollowerState] INFO  impl.RoleInfo (RoleInfo.java:shutdownFollowerState(108)) - e0e3eed1-d528-4a83-939c-b34003b9dea6: shutdown e0e3eed1-d528-4a83-939c-b34003b9dea6@group-C9E251B369B0-FollowerState
2021-06-09 09:32:42,136 [e0e3eed1-d528-4a83-939c-b34003b9dea6@group-C9E251B369B0-FollowerState] INFO  server.RaftServer$Division (RaftServerImpl.java:setRole(284)) - e0e3eed1-d528-4a83-939c-b34003b9dea6@group-C9E251B369B0: changes role from  FOLLOWER to CANDIDATE at term 0 for changeToCandidate
2021-06-09 09:32:42,139 [e0e3eed1-d528-4a83-939c-b34003b9dea6@group-C9E251B369B0-FollowerState] INFO  server.RaftServerConfigKeys (ConfUtils.java:logGet(44)) - raft.server.leaderelection.pre-vote = false (custom)
2021-06-09 09:32:42,142 [e0e3eed1-d528-4a83-939c-b34003b9dea6@group-C9E251B369B0-FollowerState] INFO  impl.RoleInfo (RoleInfo.java:updateAndGet(130)) - e0e3eed1-d528-4a83-939c-b34003b9dea6: start e0e3eed1-d528-4a83-939c-b34003b9dea6@group-C9E251B369B0-LeaderElection1
2021-06-09 09:32:42,145 [e0e3eed1-d528-4a83-939c-b34003b9dea6@group-C9E251B369B0-LeaderElection1] INFO  impl.LeaderElection (LeaderElection.java:askForVotes(306)) - e0e3eed1-d528-4a83-939c-b34003b9dea6@group-C9E251B369B0-LeaderElection1 ELECTION round 0: submit vote requests at term 1 for -1: [e0e3eed1-d528-4a83-939c-b34003b9dea6|rpc:localhost:14324|priority:0], old=null
2021-06-09 09:32:42,146 [e0e3eed1-d528-4a83-939c-b34003b9dea6@group-C9E251B369B0-LeaderElection1] INFO  impl.LeaderElection (LeaderElection.java:askForVotes(308)) - e0e3eed1-d528-4a83-939c-b34003b9dea6@group-C9E251B369B0-LeaderElection1 ELECTION round 0: result PASSED (term=1)
2021-06-09 09:32:42,147 [e0e3eed1-d528-4a83-939c-b34003b9dea6@group-C9E251B369B0-LeaderElection1] INFO  impl.RoleInfo (RoleInfo.java:shutdownLeaderElection(121)) - e0e3eed1-d528-4a83-939c-b34003b9dea6: shutdown e0e3eed1-d528-4a83-939c-b34003b9dea6@group-C9E251B369B0-LeaderElection1
2021-06-09 09:32:42,147 [e0e3eed1-d528-4a83-939c-b34003b9dea6@group-C9E251B369B0-LeaderElection1] INFO  server.RaftServer$Division (RaftServerImpl.java:setRole(284)) - e0e3eed1-d528-4a83-939c-b34003b9dea6@group-C9E251B369B0: changes role from CANDIDATE to LEADER at term 1 for changeToLeader
2021-06-09 09:32:42,148 [e0e3eed1-d528-4a83-939c-b34003b9dea6@group-C9E251B369B0-LeaderElection1] INFO  server.RaftServer$Division (ServerState.java:setLeader(271)) - e0e3eed1-d528-4a83-939c-b34003b9dea6@group-C9E251B369B0: change Leader from null to e0e3eed1-d528-4a83-939c-b34003b9dea6 at term 1 for becomeLeader, leader elected after 5203ms
2021-06-09 09:32:42,155 [e0e3eed1-d528-4a83-939c-b34003b9dea6@group-C9E251B369B0-LeaderElection1] INFO  server.RaftServerConfigKeys (ConfUtils.java:logGet(44)) - raft.server.staging.catchup.gap = 1000 (default)
2021-06-09 09:32:42,158 [e0e3eed1-d528-4a83-939c-b34003b9dea6@group-C9E251B369B0-LeaderElection1] INFO  metrics.RatisMetrics (RatisMetrics.java:lambda$create$0(36)) - Creating Metrics Registry : ratis.log_appender.e0e3eed1-d528-4a83-939c-b34003b9dea6@group-C9E251B369B0
2021-06-09 09:32:42,158 [e0e3eed1-d528-4a83-939c-b34003b9dea6@group-C9E251B369B0-LeaderElection1] WARN  impl.MetricRegistriesImpl (MetricRegistriesImpl.java:lambda$create$1(65)) - First MetricRegistry has been created without registering reporters. You may need to call MetricRegistries.global().addReporterRegistration(...) before.
2021-06-09 09:32:42,160 [e0e3eed1-d528-4a83-939c-b34003b9dea6@group-C9E251B369B0-LeaderElection1] INFO  server.RaftServerConfigKeys (ConfUtils.java:logGet(44)) - raft.server.write.element-limit = 4096 (default)
2021-06-09 09:32:42,160 [e0e3eed1-d528-4a83-939c-b34003b9dea6@group-C9E251B369B0-LeaderElection1] INFO  server.RaftServerConfigKeys (ConfUtils.java:logGet(44)) - raft.server.write.byte-limit = 64MB (=67108864) (default)
2021-06-09 09:32:42,165 [e0e3eed1-d528-4a83-939c-b34003b9dea6@group-C9E251B369B0-LeaderElection1] INFO  server.RaftServerConfigKeys (ConfUtils.java:logGet(44)) - raft.server.watch.timeout = 10s (default)
2021-06-09 09:32:42,165 [e0e3eed1-d528-4a83-939c-b34003b9dea6@group-C9E251B369B0-LeaderElection1] INFO  server.RaftServerConfigKeys (ConfUtils.java:logGet(44)) - raft.server.watch.timeout.denomination = 1s (default)
2021-06-09 09:32:42,166 [e0e3eed1-d528-4a83-939c-b34003b9dea6@group-C9E251B369B0-LeaderElection1] INFO  server.RaftServerConfigKeys (ConfUtils.java:logGet(44)) - raft.server.watch.element-limit = 65536 (default)
2021-06-09 09:32:42,170 [e0e3eed1-d528-4a83-939c-b34003b9dea6@group-C9E251B369B0-LeaderElection1] INFO  impl.RoleInfo (RoleInfo.java:updateAndGet(130)) - e0e3eed1-d528-4a83-939c-b34003b9dea6: start e0e3eed1-d528-4a83-939c-b34003b9dea6@group-C9E251B369B0-LeaderStateImpl
2021-06-09 09:32:42,187 [e0e3eed1-d528-4a83-939c-b34003b9dea6@group-C9E251B369B0-LeaderElection1] INFO  segmented.SegmentedRaftLogWorker (SegmentedRaftLogWorker.java:startLogSegment(394)) - e0e3eed1-d528-4a83-939c-b34003b9dea6@group-C9E251B369B0-SegmentedRaftLogWorker: Starting segment from index:0
2021-06-09 09:32:42,221 [e0e3eed1-d528-4a83-939c-b34003b9dea6@group-C9E251B369B0-LeaderElection1] INFO  server.RaftServer$Division (ServerState.java:setRaftConf(373)) - e0e3eed1-d528-4a83-939c-b34003b9dea6@group-C9E251B369B0: set configuration 0: [e0e3eed1-d528-4a83-939c-b34003b9dea6|rpc:localhost:14324|admin:|client:|dataStream:|priority:0], old=null
2021-06-09 09:32:42,261 [e0e3eed1-d528-4a83-939c-b34003b9dea6@group-C9E251B369B0-SegmentedRaftLogWorker] INFO  segmented.SegmentedRaftLogWorker (SegmentedRaftLogWorker.java:execute(601)) - e0e3eed1-d528-4a83-939c-b34003b9dea6@group-C9E251B369B0-SegmentedRaftLogWorker: created new log segment /home/runner/work/ozone/ozone/mnt/ozone/hadoop-ozone/integration-test/target/test-dir/MiniOzoneClusterImpl-43f0ca0c-372e-4c55-aedd-c9e251b369b0/scmNode-1/scm-ha/43f0ca0c-372e-4c55-aedd-c9e251b369b0/current/log_inprogress_0
2021-06-09 09:32:43,109 [main] INFO  server.RaftServer (RaftServerProxy.java:lambda$close$6(391)) - e0e3eed1-d528-4a83-939c-b34003b9dea6: close
2021-06-09 09:32:43,110 [main] INFO  server.RaftServer$Division (RaftServerImpl.java:lambda$close$4(406)) - e0e3eed1-d528-4a83-939c-b34003b9dea6@group-C9E251B369B0: shutdown
2021-06-09 09:32:43,110 [main] INFO  util.JmxRegister (JmxRegister.java:unregister(73)) - Successfully un-registered JMX Bean with object name Ratis:service=RaftServer,group=group-C9E251B369B0,id=e0e3eed1-d528-4a83-939c-b34003b9dea6
2021-06-09 09:32:43,111 [main] INFO  impl.RoleInfo (RoleInfo.java:shutdownLeaderState(91)) - e0e3eed1-d528-4a83-939c-b34003b9dea6: shutdown e0e3eed1-d528-4a83-939c-b34003b9dea6@group-C9E251B369B0-LeaderStateImpl
2021-06-09 09:32:43,116 [main] INFO  impl.PendingRequests (PendingRequests.java:sendNotLeaderResponses(249)) - e0e3eed1-d528-4a83-939c-b34003b9dea6@group-C9E251B369B0-PendingRequests: sendNotLeaderResponses
2021-06-09 09:32:43,117 [main] INFO  metrics.RatisMetrics (RatisMetrics.java:unregister(43)) - Unregistering Metrics Registry : ratis.log_appender.e0e3eed1-d528-4a83-939c-b34003b9dea6@group-C9E251B369B0
2021-06-09 09:32:43,118 [main] INFO  metrics.RatisMetrics (RatisMetrics.java:unregister(43)) - Unregistering Metrics Registry : ratis.server.e0e3eed1-d528-4a83-939c-b34003b9dea6@group-C9E251B369B0
2021-06-09 09:32:43,118 [main] INFO  impl.StateMachineUpdater (StateMachineUpdater.java:stopAndJoin(149)) - e0e3eed1-d528-4a83-939c-b34003b9dea6@group-C9E251B369B0-StateMachineUpdater: set stopIndex = 0
2021-06-09 09:32:43,118 [e0e3eed1-d528-4a83-939c-b34003b9dea6@group-C9E251B369B0-StateMachineUpdater] INFO  impl.StateMachineUpdater (StateMachineUpdater.java:takeSnapshot(281)) - e0e3eed1-d528-4a83-939c-b34003b9dea6@group-C9E251B369B0-StateMachineUpdater: Took a snapshot at index 0
2021-06-09 09:32:43,119 [e0e3eed1-d528-4a83-939c-b34003b9dea6@group-C9E251B369B0-StateMachineUpdater] INFO  impl.StateMachineUpdater (StateMachineUpdater.java:lambda$new$0(89)) - e0e3eed1-d528-4a83-939c-b34003b9dea6@group-C9E251B369B0-StateMachineUpdater: snapshotIndex: updateIncreasingly -1 -> 0
2021-06-09 09:32:43,119 [e0e3eed1-d528-4a83-939c-b34003b9dea6@group-C9E251B369B0-StateMachineUpdater] INFO  metrics.RatisMetrics (RatisMetrics.java:unregister(43)) - Unregistering Metrics Registry : ratis.state_machine.e0e3eed1-d528-4a83-939c-b34003b9dea6@group-C9E251B369B0
2021-06-09 09:32:43,119 [main] INFO  server.RaftServer$Division (ServerState.java:close(405)) - e0e3eed1-d528-4a83-939c-b34003b9dea6@group-C9E251B369B0: closes. applyIndex: 0
2021-06-09 09:32:43,120 [e0e3eed1-d528-4a83-939c-b34003b9dea6@group-C9E251B369B0-SegmentedRaftLogWorker] INFO  segmented.SegmentedRaftLogWorker (SegmentedRaftLogWorker.java:run(327)) - e0e3eed1-d528-4a83-939c-b34003b9dea6@group-C9E251B369B0-SegmentedRaftLogWorker was interrupted, exiting. There are 0 tasks remaining in the queue.
2021-06-09 09:32:43,121 [main] INFO  segmented.SegmentedRaftLogWorker (SegmentedRaftLogWorker.java:close(237)) - e0e3eed1-d528-4a83-939c-b34003b9dea6@group-C9E251B369B0-SegmentedRaftLogWorker close()
2021-06-09 09:32:43,121 [main] INFO  metrics.RatisMetrics (RatisMetrics.java:unregister(43)) - Unregistering Metrics Registry : ratis.log_worker.e0e3eed1-d528-4a83-939c-b34003b9dea6@group-C9E251B369B0
2021-06-09 09:32:43,121 [main] INFO  metrics.RatisMetrics (RatisMetrics.java:unregister(43)) - Unregistering Metrics Registry : ratis.leader_election.e0e3eed1-d528-4a83-939c-b34003b9dea6@group-C9E251B369B0
2021-06-09 09:32:43,122 [main] INFO  metrics.RatisMetrics (RatisMetrics.java:unregister(43)) - Unregistering Metrics Registry : ratis.server.e0e3eed1-d528-4a83-939c-b34003b9dea6@group-C9E251B369B0
2021-06-09 09:32:43,122 [main] INFO  server.GrpcService (GrpcService.java:closeImpl(262)) - e0e3eed1-d528-4a83-939c-b34003b9dea6: shutdown server with port 14324 now
2021-06-09 09:32:43,127 [main] INFO  server.GrpcService (GrpcService.java:closeImpl(271)) - e0e3eed1-d528-4a83-939c-b34003b9dea6: shutdown server with port 14324 successfully
2021-06-09 09:32:43,127 [org.apache.ratis.util.JvmPauseMonitor$$Lambda$493/731610911@264c5d07] INFO  util.JvmPauseMonitor (JvmPauseMonitor.java:run(109)) - JvmPauseMonitor-e0e3eed1-d528-4a83-939c-b34003b9dea6: Stopped
2021-06-09 09:32:43,127 [main] WARN  server.ServerUtils (ServerUtils.java:getScmDbDir(148)) - ozone.scm.db.dirs is not configured. We recommend adding this setting. Falling back to ozone.metadata.dirs instead.
2021-06-09 09:32:43,132 [main] INFO  server.StorageContainerManager (StorageContainerManager.java:scmInit(988)) - SCM initialization succeeded. Current cluster id for sd=/home/runner/work/ozone/ozone/mnt/ozone/hadoop-ozone/integration-test/target/test-dir/MiniOzoneClusterImpl-43f0ca0c-372e-4c55-aedd-c9e251b369b0/scmNode-1/scm; cid=43f0ca0c-372e-4c55-aedd-c9e251b369b0; layoutVersion=0; scmId=e0e3eed1-d528-4a83-939c-b34003b9dea6
2021-06-09 09:32:43,139 [main] INFO  ha.SCMHANodeDetails (SCMHANodeDetails.java:loadSCMHAConfig(157)) - ServiceID for StorageContainerManager is scm-service-test1
2021-06-09 09:32:43,139 [main] INFO  ha.SCMHANodeDetails (SCMHANodeDetails.java:loadSCMHAConfig(168)) - ServiceID for StorageContainerManager is scm-service-test1
2021-06-09 09:32:43,140 [main] WARN  scm.ScmUtils (ScmUtils.java:logWarn(179)) - ConfigKey ozone.scm.block.client.address is deprecated, For configuring different ports for each SCM use PortConfigKey ozone.scm.block.client.port appended with serviceId and nodeId. If want to configure same port configure ozone.scm.block.client.port
2021-06-09 09:32:43,140 [main] WARN  scm.ScmUtils (ScmUtils.java:logWarn(179)) - ConfigKey ozone.scm.client.address is deprecated, For configuring different ports for each SCM use PortConfigKey ozone.scm.client.port appended with serviceId and nodeId. If want to configure same port configure ozone.scm.client.port
2021-06-09 09:32:43,140 [main] WARN  scm.ScmUtils (ScmUtils.java:logWarn(179)) - ConfigKey ozone.scm.datanode.address is deprecated, For configuring different ports for each SCM use PortConfigKey ozone.scm.datanode.port appended with serviceId and nodeId. If want to configure same port configure ozone.scm.datanode.port
2021-06-09 09:32:43,141 [main] WARN  scm.ScmUtils (ScmUtils.java:logWarn(179)) - ConfigKey ozone.scm.block.client.address is deprecated, For configuring different ports for each SCM use PortConfigKey ozone.scm.block.client.port appended with serviceId and nodeId. If want to configure same port configure ozone.scm.block.client.port
2021-06-09 09:32:43,141 [main] WARN  scm.ScmUtils (ScmUtils.java:logWarn(179)) - ConfigKey ozone.scm.client.address is deprecated, For configuring different ports for each SCM use PortConfigKey ozone.scm.client.port appended with serviceId and nodeId. If want to configure same port configure ozone.scm.client.port
2021-06-09 09:32:43,141 [main] WARN  scm.ScmUtils (ScmUtils.java:logWarn(179)) - ConfigKey ozone.scm.datanode.address is deprecated, For configuring different ports for each SCM use PortConfigKey ozone.scm.datanode.port appended with serviceId and nodeId. If want to configure same port configure ozone.scm.datanode.port
2021-06-09 09:32:43,141 [main] INFO  ha.SCMHANodeDetails (SCMHANodeDetails.java:loadSCMHAConfig(250)) - Found matching SCM address with SCMServiceId: scm-service-test1, SCMNodeId: scmNode-1, RPC Address: localhost:14324 and Ratis port: 14324
2021-06-09 09:32:43,142 [main] INFO  ha.SCMHANodeDetails (ConfUtils.java:setNodeSpecificConfigs(108)) - Setting configuration key ozone.scm.datanode.address with value of key ozone.scm.datanode.address.scm-service-test1.scmNode-1: 127.0.0.1:14325
2021-06-09 09:32:43,142 [main] INFO  ha.SCMHANodeDetails (ConfUtils.java:setNodeSpecificConfigs(108)) - Setting configuration key ozone.scm.block.client.address with value of key ozone.scm.block.client.address.scm-service-test1.scmNode-1: 127.0.0.1:14326
2021-06-09 09:32:43,142 [main] INFO  ha.SCMHANodeDetails (ConfUtils.java:setNodeSpecificConfigs(108)) - Setting configuration key ozone.scm.client.address with value of key ozone.scm.client.address.scm-service-test1.scmNode-1: 127.0.0.1:14327
2021-06-09 09:32:43,142 [main] INFO  ha.SCMHANodeDetails (ConfUtils.java:setNodeSpecificConfigs(108)) - Setting configuration key ozone.scm.ratis.port with value of key ozone.scm.ratis.port.scm-service-test1.scmNode-1: 14324
2021-06-09 09:32:43,142 [main] INFO  ha.SCMHANodeDetails (ConfUtils.java:setNodeSpecificConfigs(108)) - Setting configuration key ozone.scm.grpc.port with value of key ozone.scm.grpc.port.scm-service-test1.scmNode-1: 14328
2021-06-09 09:32:43,142 [main] INFO  ha.SCMHANodeDetails (ConfUtils.java:setNodeSpecificConfigs(108)) - Setting configuration key ozone.scm.http-address with value of key ozone.scm.http-address.scm-service-test1.scmNode-1: 127.0.0.1:14322
2021-06-09 09:32:43,142 [main] INFO  ha.SCMHANodeDetails (ConfUtils.java:setNodeSpecificConfigs(108)) - Setting configuration key ozone.scm.https-address with value of key ozone.scm.https-address.scm-service-test1.scmNode-1: 127.0.0.1:14323
2021-06-09 09:32:43,143 [main] INFO  ha.SCMHANodeDetails (ConfUtils.java:setNodeSpecificConfigs(108)) - Setting configuration key ozone.scm.address with value of key ozone.scm.address.scm-service-test1.scmNode-1: 127.0.0.1
2021-06-09 09:32:43,143 [main] WARN  scm.ScmUtils (ScmUtils.java:logWarn(179)) - ConfigKey ozone.scm.block.client.address is deprecated, For configuring different ports for each SCM use PortConfigKey ozone.scm.block.client.port appended with serviceId and nodeId. If want to configure same port configure ozone.scm.block.client.port
2021-06-09 09:32:43,143 [main] WARN  scm.ScmUtils (ScmUtils.java:logWarn(179)) - ConfigKey ozone.scm.client.address is deprecated, For configuring different ports for each SCM use PortConfigKey ozone.scm.client.port appended with serviceId and nodeId. If want to configure same port configure ozone.scm.client.port
2021-06-09 09:32:43,143 [main] WARN  scm.ScmUtils (ScmUtils.java:logWarn(179)) - ConfigKey ozone.scm.datanode.address is deprecated, For configuring different ports for each SCM use PortConfigKey ozone.scm.datanode.port appended with serviceId and nodeId. If want to configure same port configure ozone.scm.datanode.port
2021-06-09 09:32:43,164 [main] WARN  server.ServerUtils (ServerUtils.java:getScmDbDir(148)) - ozone.scm.db.dirs is not configured. We recommend adding this setting. Falling back to ozone.metadata.dirs instead.
2021-06-09 09:32:43,559 [main] WARN  utils.HAUtils (HAUtils.java:getMetaDir(342)) - ozone.scm.db.dirs is not configured. We recommend adding this setting. Falling back to ozone.metadata.dirs instead.
2021-06-09 09:32:43,671 [main] WARN  db.DBStoreBuilder (DBStoreBuilder.java:applyDBDefinition(145)) - ozone.scm.db.dirs is not configured. We recommend adding this setting. Falling back to ozone.metadata.dirs instead.
2021-06-09 09:32:43,805 [main] INFO  net.NodeSchemaLoader (NodeSchemaLoader.java:loadSchemaFromFile(129)) - Loading schema from [jar:file:/home/runner/.m2/repository/org/apache/ozone/hdds-common/1.2.0-SNAPSHOT/hdds-common-1.2.0-SNAPSHOT.jar!/network-topology-default.xml]
2021-06-09 09:32:43,806 [main] INFO  net.NodeSchemaLoader (NodeSchemaLoader.java:loadSchema(176)) - Loading network topology layer schema file
2021-06-09 09:32:43,847 [main] INFO  ha.SCMRatisServerImpl (SCMRatisServerImpl.java:<init>(86)) - starting Raft server for scm:e0e3eed1-d528-4a83-939c-b34003b9dea6
2021-06-09 09:32:43,851 [main] INFO  server.RaftServer (ConfUtils.java:logGet(44)) - raft.rpc.type = GRPC (default)
2021-06-09 09:32:43,852 [main] INFO  grpc.GrpcFactory (GrpcFactory.java:checkPooledByteBufAllocatorUseCacheForAllThreads(48)) - PERFORMANCE WARNING: useCacheForAllThreads is true that may cause Netty to create a lot garbage objects and, as a result, trigger GC.
	It is recommended to disable useCacheForAllThreads by setting -Dorg.apache.ratis.thirdparty.io.netty.allocator.useCacheForAllThreads=false in command line.
2021-06-09 09:32:43,852 [main] INFO  grpc.GrpcConfigKeys (ConfUtils.java:logGet(44)) - raft.grpc.admin.port = -1 (default)
2021-06-09 09:32:43,852 [main] INFO  grpc.GrpcConfigKeys (ConfUtils.java:logGet(44)) - raft.grpc.server.port = 14324 (custom)
2021-06-09 09:32:43,852 [main] INFO  grpc.GrpcConfigKeys (ConfUtils.java:logGet(44)) - raft.grpc.client.port = -1 (default)
2021-06-09 09:32:43,853 [main] INFO  grpc.GrpcConfigKeys (ConfUtils.java:logGet(44)) - raft.grpc.server.port = 14324 (custom)
2021-06-09 09:32:43,853 [main] INFO  grpc.GrpcConfigKeys (ConfUtils.java:logGet(44)) - raft.grpc.server.port = 14324 (custom)
2021-06-09 09:32:43,853 [main] INFO  server.GrpcService (ConfUtils.java:logGet(44)) - raft.grpc.message.size.max = 32m (=33554432) (custom)
2021-06-09 09:32:43,853 [main] INFO  server.RaftServerConfigKeys (ConfUtils.java:logGet(44)) - raft.server.log.appender.buffer.byte-limit = 33554432 (custom)
2021-06-09 09:32:43,853 [main] INFO  server.GrpcService (ConfUtils.java:logGet(44)) - raft.grpc.flow.control.window = 1MB (=1048576) (default)
2021-06-09 09:32:43,854 [main] INFO  server.RaftServerConfigKeys (ConfUtils.java:logGet(44)) - raft.server.rpc.request.timeout = 3000ms (default)
2021-06-09 09:32:43,855 [main] INFO  impl.DataStreamServerImpl (ConfUtils.java:logGet(44)) - raft.datastream.type = DISABLED (default)
2021-06-09 09:32:43,855 [main] INFO  server.RaftServerConfigKeys (ConfUtils.java:logGet(44)) - raft.server.rpc.slowness.timeout = 120000ms (custom)
2021-06-09 09:32:43,855 [main] INFO  server.RaftServerConfigKeys (ConfUtils.java:logGet(44)) - raft.server.leaderelection.leader.step-down.wait-time = 10s (default)
2021-06-09 09:32:43,856 [main] INFO  server.RaftServerConfigKeys (ConfUtils.java:logGet(44)) - raft.server.storage.dir = [/home/runner/work/ozone/ozone/mnt/ozone/hadoop-ozone/integration-test/target/test-dir/MiniOzoneClusterImpl-43f0ca0c-372e-4c55-aedd-c9e251b369b0/scmNode-1/scm-ha] (custom)
2021-06-09 09:32:43,856 [main] INFO  server.RaftServer (RaftServerProxy.java:lambda$null$1(235)) - e0e3eed1-d528-4a83-939c-b34003b9dea6: found a subdirectory /home/runner/work/ozone/ozone/mnt/ozone/hadoop-ozone/integration-test/target/test-dir/MiniOzoneClusterImpl-43f0ca0c-372e-4c55-aedd-c9e251b369b0/scmNode-1/scm-ha/43f0ca0c-372e-4c55-aedd-c9e251b369b0
2021-06-09 09:32:43,857 [main] INFO  server.RaftServer (RaftServerProxy.java:addNew(95)) - e0e3eed1-d528-4a83-939c-b34003b9dea6: addNew group-C9E251B369B0:[] returns group-C9E251B369B0:java.util.concurrent.CompletableFuture@24841372[Not completed]
2021-06-09 09:32:43,859 [pool-15-thread-1] INFO  server.RaftServer$Division (RaftServerImpl.java:<init>(180)) - e0e3eed1-d528-4a83-939c-b34003b9dea6: new RaftServerImpl for group-C9E251B369B0:[] with SCMStateMachine:uninitialized
2021-06-09 09:32:43,859 [pool-15-thread-1] INFO  server.RaftServerConfigKeys (ConfUtils.java:logGet(44)) - raft.server.rpc.timeout.min = 5000ms (custom)
2021-06-09 09:32:43,859 [pool-15-thread-1] INFO  server.RaftServerConfigKeys (ConfUtils.java:logGet(44)) - raft.server.rpc.timeout.max = 5200ms (custom)
2021-06-09 09:32:43,859 [pool-15-thread-1] INFO  server.RaftServerConfigKeys (ConfUtils.java:logGet(44)) - raft.server.rpc.sleep.time = 25ms (default)
2021-06-09 09:32:43,859 [pool-15-thread-1] INFO  server.RaftServerConfigKeys (ConfUtils.java:logGet(44)) - raft.server.rpc.slowness.timeout = 120000ms (custom)
2021-06-09 09:32:43,860 [pool-15-thread-1] INFO  server.RaftServerConfigKeys (ConfUtils.java:logGet(44)) - raft.server.leaderelection.leader.step-down.wait-time = 10s (default)
2021-06-09 09:32:43,860 [pool-15-thread-1] INFO  server.RaftServerConfigKeys (ConfUtils.java:logGet(44)) - raft.server.sleep.deviation.threshold = 300ms (default)
2021-06-09 09:32:43,860 [pool-15-thread-1] INFO  server.RaftServerConfigKeys (ConfUtils.java:logGet(44)) - raft.server.log.appender.install.snapshot.enabled = false (custom)
2021-06-09 09:32:43,860 [pool-15-thread-1] INFO  server.RaftServer$Division (ServerState.java:<init>(105)) - e0e3eed1-d528-4a83-939c-b34003b9dea6@group-C9E251B369B0: ConfigurationManager, init=-1: [], old=null, confs=<EMPTY_MAP>
2021-06-09 09:32:43,860 [pool-15-thread-1] INFO  server.RaftServerConfigKeys (ConfUtils.java:logGet(44)) - raft.server.storage.dir = [/home/runner/work/ozone/ozone/mnt/ozone/hadoop-ozone/integration-test/target/test-dir/MiniOzoneClusterImpl-43f0ca0c-372e-4c55-aedd-c9e251b369b0/scmNode-1/scm-ha] (custom)
2021-06-09 09:32:43,860 [pool-15-thread-1] INFO  server.RaftServerConfigKeys (ConfUtils.java:logGet(44)) - raft.server.log.corruption.policy = EXCEPTION (default)
2021-06-09 09:32:43,861 [pool-15-thread-1] INFO  storage.RaftStorageDirectory (RaftStorageDirectoryImpl.java:tryLock(215)) - Lock on /home/runner/work/ozone/ozone/mnt/ozone/hadoop-ozone/integration-test/target/test-dir/MiniOzoneClusterImpl-43f0ca0c-372e-4c55-aedd-c9e251b369b0/scmNode-1/scm-ha/43f0ca0c-372e-4c55-aedd-c9e251b369b0/in_use.lock acquired by nodename 27526@fv-az195-811
2021-06-09 09:32:43,862 [pool-15-thread-1] INFO  storage.RaftStorage (RaftStorageImpl.java:analyzeAndRecoverStorage(108)) - Read RaftStorageMetadata{term=1, votedFor=e0e3eed1-d528-4a83-939c-b34003b9dea6} from /home/runner/work/ozone/ozone/mnt/ozone/hadoop-ozone/integration-test/target/test-dir/MiniOzoneClusterImpl-43f0ca0c-372e-4c55-aedd-c9e251b369b0/scmNode-1/scm-ha/43f0ca0c-372e-4c55-aedd-c9e251b369b0/current/raft-meta
2021-06-09 09:32:43,868 [pool-15-thread-1] INFO  server.RaftServer$Division (ServerState.java:setRaftConf(373)) - e0e3eed1-d528-4a83-939c-b34003b9dea6@group-C9E251B369B0: set configuration 0: [e0e3eed1-d528-4a83-939c-b34003b9dea6|rpc:localhost:14324|admin:|client:|dataStream:|priority:0], old=null
2021-06-09 09:32:43,868 [pool-15-thread-1] INFO  server.RaftServerConfigKeys (ConfUtils.java:logGet(44)) - raft.server.notification.no-leader.timeout = 60s (default)
2021-06-09 09:32:43,868 [pool-15-thread-1] INFO  server.RaftServerConfigKeys (ConfUtils.java:logGet(44)) - raft.server.log.use.memory = false (default)
2021-06-09 09:32:43,868 [pool-15-thread-1] INFO  server.RaftServerConfigKeys (ConfUtils.java:logGet(44)) - raft.server.log.purge.gap = 5 (custom)
2021-06-09 09:32:43,868 [pool-15-thread-1] INFO  server.RaftServerConfigKeys (ConfUtils.java:logGet(44)) - raft.server.log.appender.buffer.byte-limit = 33554432 (custom)
2021-06-09 09:32:43,869 [pool-15-thread-1] INFO  metrics.RatisMetrics (RatisMetrics.java:lambda$create$0(36)) - Creating Metrics Registry : ratis.log_worker.e0e3eed1-d528-4a83-939c-b34003b9dea6@group-C9E251B369B0
2021-06-09 09:32:43,869 [pool-15-thread-1] WARN  impl.MetricRegistriesImpl (MetricRegistriesImpl.java:lambda$create$1(65)) - First MetricRegistry has been created without registering reporters. You may need to call MetricRegistries.global().addReporterRegistration(...) before.
2021-06-09 09:32:43,869 [pool-15-thread-1] INFO  server.RaftServerConfigKeys (ConfUtils.java:logGet(44)) - raft.server.log.segment.size.max = 16384 (custom)
2021-06-09 09:32:43,869 [pool-15-thread-1] INFO  server.RaftServerConfigKeys (ConfUtils.java:logGet(44)) - raft.server.log.segment.cache.num.max = 2 (custom)
2021-06-09 09:32:43,869 [pool-15-thread-1] INFO  server.RaftServerConfigKeys (ConfUtils.java:logGet(44)) - raft.server.log.segment.cache.size.max = 200MB (=209715200) (default)
2021-06-09 09:32:43,869 [pool-15-thread-1] INFO  segmented.SegmentedRaftLogWorker (SegmentedRaftLogWorker.java:<init>(182)) - new e0e3eed1-d528-4a83-939c-b34003b9dea6@group-C9E251B369B0-SegmentedRaftLogWorker for RaftStorageImpl:Storage Directory /home/runner/work/ozone/ozone/mnt/ozone/hadoop-ozone/integration-test/target/test-dir/MiniOzoneClusterImpl-43f0ca0c-372e-4c55-aedd-c9e251b369b0/scmNode-1/scm-ha/43f0ca0c-372e-4c55-aedd-c9e251b369b0
2021-06-09 09:32:43,869 [pool-15-thread-1] INFO  server.RaftServerConfigKeys (ConfUtils.java:logGet(44)) - raft.server.log.queue.byte-limit = 64MB (=67108864) (default)
2021-06-09 09:32:43,869 [pool-15-thread-1] INFO  server.RaftServerConfigKeys (ConfUtils.java:logGet(44)) - raft.server.log.queue.element-limit = 4096 (default)
2021-06-09 09:32:43,869 [pool-15-thread-1] INFO  server.RaftServerConfigKeys (ConfUtils.java:logGet(44)) - raft.server.log.segment.size.max = 16384 (custom)
2021-06-09 09:32:43,869 [pool-15-thread-1] INFO  server.RaftServerConfigKeys (ConfUtils.java:logGet(44)) - raft.server.log.preallocated.size = 16384 (custom)
2021-06-09 09:32:43,870 [pool-15-thread-1] INFO  server.RaftServerConfigKeys (ConfUtils.java:logGet(44)) - raft.server.log.force.sync.num = 128 (default)
2021-06-09 09:32:43,870 [pool-15-thread-1] INFO  server.RaftServerConfigKeys (ConfUtils.java:logGet(44)) - raft.server.log.statemachine.data.sync = true (default)
2021-06-09 09:32:43,870 [pool-15-thread-1] INFO  server.RaftServerConfigKeys (ConfUtils.java:logGet(44)) - raft.server.log.statemachine.data.sync.timeout = 10s (default)
2021-06-09 09:32:43,870 [pool-15-thread-1] INFO  server.RaftServerConfigKeys (ConfUtils.java:logGet(44)) - raft.server.log.statemachine.data.sync.timeout.retry = -1 (default)
2021-06-09 09:32:43,870 [pool-15-thread-1] INFO  server.RaftServerConfigKeys (ConfUtils.java:logGet(44)) - raft.server.log.write.buffer.size = 64KB (=65536) (default)
2021-06-09 09:32:43,870 [pool-15-thread-1] INFO  server.RaftServerConfigKeys (ConfUtils.java:logGet(44)) - raft.server.log.statemachine.data.caching.enabled = false (default)
2021-06-09 09:32:43,875 [pool-15-thread-1] INFO  server.RaftServer$Division (ServerState.java:setRaftConf(373)) - e0e3eed1-d528-4a83-939c-b34003b9dea6@group-C9E251B369B0: set configuration 0: [e0e3eed1-d528-4a83-939c-b34003b9dea6|rpc:localhost:14324|admin:|client:|dataStream:|priority:0], old=null
2021-06-09 09:32:43,875 [pool-15-thread-1] INFO  segmented.LogSegment (LogSegment.java:loadSegment(173)) - Successfully read 1 entries from segment file /home/runner/work/ozone/ozone/mnt/ozone/hadoop-ozone/integration-test/target/test-dir/MiniOzoneClusterImpl-43f0ca0c-372e-4c55-aedd-c9e251b369b0/scmNode-1/scm-ha/43f0ca0c-372e-4c55-aedd-c9e251b369b0/current/log_inprogress_0
2021-06-09 09:32:43,875 [pool-15-thread-1] INFO  segmented.SegmentedRaftLogWorker (SegmentedRaftLogWorker.java:lambda$new$0(133)) - e0e3eed1-d528-4a83-939c-b34003b9dea6@group-C9E251B369B0-SegmentedRaftLogWorker: flushIndex: setUnconditionally 0 -> 0
2021-06-09 09:32:43,875 [pool-15-thread-1] INFO  segmented.SegmentedRaftLogWorker (SegmentedRaftLogWorker.java:lambda$new$0(133)) - e0e3eed1-d528-4a83-939c-b34003b9dea6@group-C9E251B369B0-SegmentedRaftLogWorker: safeCacheEvictIndex: setUnconditionally 0 -> -1
2021-06-09 09:32:43,879 [pool-15-thread-1] INFO  server.RaftServerConfigKeys (ConfUtils.java:logGet(44)) - raft.server.snapshot.auto.trigger.enabled = true (custom)
2021-06-09 09:32:43,879 [pool-15-thread-1] INFO  server.RaftServerConfigKeys (ConfUtils.java:logGet(44)) - raft.server.snapshot.auto.trigger.threshold = 5 (custom)
2021-06-09 09:32:43,879 [pool-15-thread-1] INFO  server.RaftServerConfigKeys (ConfUtils.java:logGet(44)) - raft.server.snapshot.retention.file.num = -1 (default)
2021-06-09 09:32:43,879 [pool-15-thread-1] INFO  server.RaftServerConfigKeys (ConfUtils.java:logGet(44)) - raft.server.log.purge.upto.snapshot.index = true (custom)
2021-06-09 09:32:43,879 [pool-15-thread-1] INFO  server.RaftServerConfigKeys (ConfUtils.java:logGet(44)) - raft.server.retrycache.expirytime = 60000ms (default)
2021-06-09 09:32:43,879 [pool-15-thread-1] INFO  server.RaftServerConfigKeys (ConfUtils.java:logGet(44)) - raft.server.retrycache.statistics.expirytime = 100μs (default)
2021-06-09 09:32:43,879 [pool-15-thread-1] INFO  metrics.RatisMetrics (RatisMetrics.java:lambda$create$0(36)) - Creating Metrics Registry : ratis.leader_election.e0e3eed1-d528-4a83-939c-b34003b9dea6@group-C9E251B369B0
2021-06-09 09:32:43,879 [pool-15-thread-1] WARN  impl.MetricRegistriesImpl (MetricRegistriesImpl.java:lambda$create$1(65)) - First MetricRegistry has been created without registering reporters. You may need to call MetricRegistries.global().addReporterRegistration(...) before.
2021-06-09 09:32:43,880 [pool-15-thread-1] INFO  metrics.RatisMetrics (RatisMetrics.java:lambda$create$0(36)) - Creating Metrics Registry : ratis.server.e0e3eed1-d528-4a83-939c-b34003b9dea6@group-C9E251B369B0
2021-06-09 09:32:43,880 [pool-15-thread-1] WARN  impl.MetricRegistriesImpl (MetricRegistriesImpl.java:lambda$create$1(65)) - First MetricRegistry has been created without registering reporters. You may need to call MetricRegistries.global().addReporterRegistration(...) before.
2021-06-09 09:32:43,881 [main] INFO  ha.SCMSnapshotProvider (SCMSnapshotProvider.java:<init>(66)) - Initializing SCM Snapshot Provider
2021-06-09 09:32:43,881 [main] WARN  server.ServerUtils (ServerUtils.java:getDefaultRatisDirectory(237)) - Storage directory for Ratis is not configured. It is a good idea to map this to an SSD disk. Falling back to ozone.metadata.dirs
2021-06-09 09:32:43,882 [main] WARN  ha.SCMHAUtils (SCMHAUtils.java:getSCMRatisSnapshotDirectory(142)) - SCM snapshot dir is not configured. Falling back to ozone.metadata.dirs config
2021-06-09 09:32:43,904 [main] INFO  ha.SequenceIdGenerator (SequenceIdGenerator.java:upgradeToSequenceId(327)) - upgrade localId to 107544261427200000
2021-06-09 09:32:43,904 [main] INFO  ha.SequenceIdGenerator (SequenceIdGenerator.java:upgradeToSequenceId(337)) - upgrade delTxnId to 0
2021-06-09 09:32:43,907 [main] INFO  ha.SequenceIdGenerator (SequenceIdGenerator.java:upgradeToSequenceId(351)) - upgrade containerId to 0
2021-06-09 09:32:43,908 [main] INFO  ha.SequenceIdGenerator (SequenceIdGenerator.java:<init>(217)) - Init the HA SequenceIdGenerator.
2021-06-09 09:32:43,944 [main] INFO  node.SCMNodeManager (SCMNodeManager.java:<init>(125)) - Entering startup safe mode.
2021-06-09 09:32:43,986 [main] INFO  algorithms.ContainerPlacementPolicyFactory (ContainerPlacementPolicyFactory.java:getPolicy(60)) - Create container placement policy of type org.apache.hadoop.hdds.scm.container.placement.algorithms.SCMContainerPlacementRandom
2021-06-09 09:32:43,993 [main] INFO  pipeline.PipelineStateManager (PipelineStateManagerV2Impl.java:initialize(78)) - No pipeline exists in current db
2021-06-09 09:32:44,018 [main] INFO  algorithms.LeaderChoosePolicyFactory (LeaderChoosePolicyFactory.java:getPolicy(57)) - Create leader choose policy of type org.apache.hadoop.hdds.scm.pipeline.leader.choose.algorithms.MinLeaderCountChoosePolicy
2021-06-09 09:32:44,023 [main] INFO  ha.SCMServiceManager (SCMServiceManager.java:register(43)) - Registering service BackgroundPipelineCreator.
2021-06-09 09:32:44,024 [main] INFO  pipeline.BackgroundPipelineCreator (BackgroundPipelineCreatorV2.java:start(130)) - Starting RatisPipelineUtilsThread.
2021-06-09 09:32:44,047 [main] INFO  algorithms.PipelineChoosePolicyFactory (PipelineChoosePolicyFactory.java:createPipelineChoosePolicyFromClass(73)) - Create pipeline choose policy of type org.apache.hadoop.hdds.scm.pipeline.choose.algorithms.RandomPipelineChoosePolicy
2021-06-09 09:32:44,060 [main] INFO  ha.SCMServiceManager (SCMServiceManager.java:register(43)) - Registering service SCMBlockDeletingService.
2021-06-09 09:32:44,079 [main] INFO  ha.SCMServiceManager (SCMServiceManager.java:register(43)) - Registering service ReplicationManager.
2021-06-09 09:32:44,081 [main] INFO  container.ReplicationManager (ReplicationManager.java:start(227)) - Starting Replication Monitor Thread.
2021-06-09 09:32:44,091 [ReplicationMonitor] INFO  container.ReplicationManager (ReplicationManager.java:run(291)) - Replication Monitor Thread took 1 milliseconds for processing 0 containers.
2021-06-09 09:32:44,093 [main] INFO  safemode.HealthyPipelineSafeModeRule (HealthyPipelineSafeModeRule.java:<init>(90)) - Total pipeline count is 0, healthy pipeline threshold count is 0
2021-06-09 09:32:44,094 [main] INFO  safemode.OneReplicaPipelineSafeModeRule (OneReplicaPipelineSafeModeRule.java:<init>(86)) - Total pipeline count is 0, pipeline's with at least one datanode reported threshold count is 0
2021-06-09 09:32:44,469 [main] INFO  ipc.CallQueueManager (CallQueueManager.java:<init>(85)) - Using callQueue: class java.util.concurrent.LinkedBlockingQueue, queueCapacity: 10000, scheduler: class org.apache.hadoop.ipc.DefaultRpcScheduler, ipcBackoff: false.
2021-06-09 09:32:44,484 [Socket Reader #1 for port 14325] INFO  ipc.Server (Server.java:run(1255)) - Starting Socket Reader #1 for port 14325
2021-06-09 09:32:44,518 [Listener at 0.0.0.0/14325] INFO  ipc.CallQueueManager (CallQueueManager.java:<init>(85)) - Using callQueue: class java.util.concurrent.LinkedBlockingQueue, queueCapacity: 10000, scheduler: class org.apache.hadoop.ipc.DefaultRpcScheduler, ipcBackoff: false.
2021-06-09 09:32:44,519 [Socket Reader #1 for port 14326] INFO  ipc.Server (Server.java:run(1255)) - Starting Socket Reader #1 for port 14326
2021-06-09 09:32:44,543 [Listener at 0.0.0.0/14326] INFO  ipc.CallQueueManager (CallQueueManager.java:<init>(85)) - Using callQueue: class java.util.concurrent.LinkedBlockingQueue, queueCapacity: 10000, scheduler: class org.apache.hadoop.ipc.DefaultRpcScheduler, ipcBackoff: false.
2021-06-09 09:32:44,544 [Socket Reader #1 for port 14327] INFO  ipc.Server (Server.java:run(1255)) - Starting Socket Reader #1 for port 14327
2021-06-09 09:32:44,549 [Listener at 0.0.0.0/14327] INFO  server.StorageContainerManager (StorageContainerManager.java:<init>(420)) - 
Container Balancer status:
Key                            Value
Running                        true
Container Balancer Configuration values:
Key                            Value
Threshold                      0.1
Max Datanodes to Balance       5
Max Size to Move               10737418240B

2021-06-09 09:32:44,554 [Listener at 0.0.0.0/14327] WARN  events.EventQueue (EventQueue.java:fireEvent(185)) - No event handler registered for event TypedEvent{payloadType=SafeModeStatus, name='Safe mode status'}
2021-06-09 09:32:44,554 [Listener at 0.0.0.0/14327] INFO  ha.SCMContext (SCMContext.java:updateSafeModeStatus(148)) - Update SafeModeStatus from SafeModeStatus{safeModeStatus=true, preCheckPassed=false} to SafeModeStatus{safeModeStatus=true, preCheckPassed=false}.
2021-06-09 09:32:44,556 [Listener at 0.0.0.0/14327] INFO  server.StorageContainerManager (StorageContainerManager.java:start(1208)) - StorageContainerLocationProtocol RPC server is listening at /0.0.0.0:14327
2021-06-09 09:32:44,557 [Listener at 0.0.0.0/14327] INFO  ha.SCMRatisServerImpl (SCMRatisServerImpl.java:start(171)) - starting ratis server 0.0.0.0:14324
2021-06-09 09:32:44,557 [Listener at 0.0.0.0/14327] INFO  server.RaftServer$Division (RaftServerImpl.java:start(295)) - e0e3eed1-d528-4a83-939c-b34003b9dea6@group-C9E251B369B0: start as a follower, conf=0: [e0e3eed1-d528-4a83-939c-b34003b9dea6|rpc:localhost:14324|admin:|client:|dataStream:|priority:0], old=null
2021-06-09 09:32:44,557 [Listener at 0.0.0.0/14327] INFO  server.RaftServer$Division (RaftServerImpl.java:setRole(284)) - e0e3eed1-d528-4a83-939c-b34003b9dea6@group-C9E251B369B0: changes role from      null to FOLLOWER at term 1 for startAsFollower
2021-06-09 09:32:44,557 [Listener at 0.0.0.0/14327] INFO  impl.RoleInfo (RoleInfo.java:updateAndGet(130)) - e0e3eed1-d528-4a83-939c-b34003b9dea6: start e0e3eed1-d528-4a83-939c-b34003b9dea6@group-C9E251B369B0-FollowerState
2021-06-09 09:32:44,558 [Listener at 0.0.0.0/14327] INFO  util.JmxRegister (JmxRegister.java:tryRegister(44)) - Successfully registered JMX Bean with object name Ratis:service=RaftServer,group=group-C9E251B369B0,id=e0e3eed1-d528-4a83-939c-b34003b9dea6
2021-06-09 09:32:44,558 [Listener at 0.0.0.0/14327] INFO  metrics.RatisMetrics (RatisMetrics.java:lambda$create$0(36)) - Creating Metrics Registry : ratis.state_machine.e0e3eed1-d528-4a83-939c-b34003b9dea6@group-C9E251B369B0
2021-06-09 09:32:44,558 [Listener at 0.0.0.0/14327] WARN  impl.MetricRegistriesImpl (MetricRegistriesImpl.java:lambda$create$1(65)) - First MetricRegistry has been created without registering reporters. You may need to call MetricRegistries.global().addReporterRegistration(...) before.
2021-06-09 09:32:44,563 [Listener at 0.0.0.0/14327] INFO  server.RaftServer (RaftServerProxy.java:lambda$start$5(374)) - e0e3eed1-d528-4a83-939c-b34003b9dea6: start RPC server
2021-06-09 09:32:44,567 [Listener at 0.0.0.0/14327] INFO  server.GrpcService (GrpcService.java:startImpl(253)) - e0e3eed1-d528-4a83-939c-b34003b9dea6: GrpcService started, listening on 14324
2021-06-09 09:32:44,567 [Listener at 0.0.0.0/14327] INFO  ha.SCMHAManagerImpl (SCMHAManagerImpl.java:start(120)) -  scm role is FOLLOWER peers [e0e3eed1-d528-4a83-939c-b34003b9dea6|rpc:localhost:14324|admin:|client:|dataStream:|priority:0]
2021-06-09 09:32:44,567 [Listener at 0.0.0.0/14327] INFO  ha.InterSCMGrpcService (InterSCMGrpcProtocolService.java:start(94)) - Starting SCM Grpc Service at port 14328
2021-06-09 09:32:44,583 [org.apache.ratis.util.JvmPauseMonitor$$Lambda$493/731610911@5bde6148] INFO  util.JvmPauseMonitor (JvmPauseMonitor.java:run(103)) - JvmPauseMonitor-e0e3eed1-d528-4a83-939c-b34003b9dea6: Started
2021-06-09 09:32:44,618 [Listener at 0.0.0.0/14327] WARN  impl.MetricsConfig (MetricsConfig.java:loadFirst(136)) - Cannot locate configuration: tried hadoop-metrics2-storagecontainermanager.properties,hadoop-metrics2.properties
2021-06-09 09:32:44,632 [Listener at 0.0.0.0/14327] INFO  impl.MetricsSystemImpl (MetricsSystemImpl.java:startTimer(378)) - Scheduled Metric snapshot period at 10 second(s).
2021-06-09 09:32:44,632 [Listener at 0.0.0.0/14327] INFO  impl.MetricsSystemImpl (MetricsSystemImpl.java:start(191)) - StorageContainerManager metrics system started
2021-06-09 09:32:44,840 [Listener at 0.0.0.0/14327] INFO  server.SCMClientProtocolServer (SCMClientProtocolServer.java:start(157)) - RPC server for Client  is listening at /0.0.0.0:14327
2021-06-09 09:32:44,841 [IPC Server Responder] INFO  ipc.Server (Server.java:run(1497)) - IPC Server Responder: starting
2021-06-09 09:32:44,853 [IPC Server listener on 14327] INFO  ipc.Server (Server.java:run(1334)) - IPC Server listener on 14327: starting
2021-06-09 09:32:44,870 [Listener at 0.0.0.0/14327] INFO  server.StorageContainerManager (StorageContainerManager.java:start(1223)) - ScmBlockLocationProtocol RPC server is listening at /0.0.0.0:14326
2021-06-09 09:32:44,871 [Listener at 0.0.0.0/14327] INFO  server.SCMBlockProtocolServer (SCMBlockProtocolServer.java:start(149)) - RPC server for Block Protocol is listening at /0.0.0.0:14326
2021-06-09 09:32:44,871 [IPC Server Responder] INFO  ipc.Server (Server.java:run(1497)) - IPC Server Responder: starting
2021-06-09 09:32:44,875 [IPC Server listener on 14326] INFO  ipc.Server (Server.java:run(1334)) - IPC Server listener on 14326: starting
2021-06-09 09:32:44,893 [Listener at 0.0.0.0/14327] INFO  server.StorageContainerManager (StorageContainerManager.java:start(1229)) - ScmDatanodeProtocl RPC server is listening at /0.0.0.0:14325
2021-06-09 09:32:44,893 [Listener at 0.0.0.0/14327] INFO  server.SCMDatanodeProtocolServer (SCMDatanodeProtocolServer.java:start(174)) - RPC server for DataNodes is listening at /0.0.0.0:14325
2021-06-09 09:32:44,895 [IPC Server Responder] INFO  ipc.Server (Server.java:run(1497)) - IPC Server Responder: starting
2021-06-09 09:32:44,899 [IPC Server listener on 14325] INFO  ipc.Server (Server.java:run(1334)) - IPC Server listener on 14325: starting
2021-06-09 09:32:44,953 [org.apache.hadoop.util.JvmPauseMonitor$Monitor@224d537d] INFO  util.JvmPauseMonitor (JvmPauseMonitor.java:run(188)) - Starting JVM pause monitor
2021-06-09 09:32:44,963 [Listener at 0.0.0.0/14327] INFO  http.BaseHttpServer (BaseHttpServer.java:newHttpServer2BuilderForOzone(209)) - Starting Web-server for scm at: http://0.0.0.0:14322
2021-06-09 09:32:44,963 [Listener at 0.0.0.0/14327] INFO  http.BaseHttpServer (BaseHttpServer.java:<init>(107)) - Hadoop Security Enabled: false Ozone Security Enabled: false Ozone HTTP Security Enabled: false 
2021-06-09 09:32:44,986 [Listener at 0.0.0.0/14327] INFO  util.log (Log.java:initialized(169)) - Logging initialized @9749ms to org.eclipse.jetty.util.log.Slf4jLog
2021-06-09 09:32:45,075 [Listener at 0.0.0.0/14327] INFO  server.AuthenticationFilter (AuthenticationFilter.java:constructSecretProvider(240)) - Unable to initialize FileSignerSecretProvider, falling back to use random secrets.
2021-06-09 09:32:45,079 [Listener at 0.0.0.0/14327] WARN  http.HttpRequestLog (HttpRequestLog.java:getRequestLog(103)) - Jetty request log can only be enabled using Log4j
2021-06-09 09:32:45,083 [Listener at 0.0.0.0/14327] INFO  http.HttpServer2 (HttpServer2.java:addGlobalFilter(1020)) - Added global filter 'safety' (class=org.apache.hadoop.hdds.server.http.HttpServer2$QuotingInputFilter)
2021-06-09 09:32:45,085 [Listener at 0.0.0.0/14327] INFO  http.HttpServer2 (HttpServer2.java:addFilter(996)) - Added filter static_user_filter (class=org.apache.hadoop.http.lib.StaticUserWebFilter$StaticUserFilter) to context scm
2021-06-09 09:32:45,086 [Listener at 0.0.0.0/14327] INFO  http.HttpServer2 (HttpServer2.java:addFilter(1004)) - Added filter static_user_filter (class=org.apache.hadoop.http.lib.StaticUserWebFilter$StaticUserFilter) to context logs
2021-06-09 09:32:45,086 [Listener at 0.0.0.0/14327] INFO  http.HttpServer2 (HttpServer2.java:addFilter(1004)) - Added filter static_user_filter (class=org.apache.hadoop.http.lib.StaticUserWebFilter$StaticUserFilter) to context static
2021-06-09 09:32:45,120 [Listener at 0.0.0.0/14327] INFO  http.HttpServer2 (HttpServer2.java:bindListener(1238)) - Jetty bound to port 14322
2021-06-09 09:32:45,121 [Listener at 0.0.0.0/14327] INFO  server.Server (Server.java:doStart(375)) - jetty-9.4.35.v20201120; built: 2020-11-20T21:17:03.964Z; git: bdc54f03a5e0a7e280fab27f55c3c75ee8da89fb; jvm 1.8.0_292-b10
2021-06-09 09:32:45,143 [Listener at 0.0.0.0/14327] INFO  server.session (DefaultSessionIdManager.java:doStart(334)) - DefaultSessionIdManager workerName=node0
2021-06-09 09:32:45,143 [Listener at 0.0.0.0/14327] INFO  server.session (DefaultSessionIdManager.java:doStart(339)) - No SessionScavenger set, using defaults
2021-06-09 09:32:45,145 [Listener at 0.0.0.0/14327] INFO  server.session (HouseKeeper.java:startScavenging(132)) - node0 Scavenging every 660000ms
2021-06-09 09:32:45,154 [Listener at 0.0.0.0/14327] INFO  handler.ContextHandler (ContextHandler.java:doStart(916)) - Started o.e.j.s.ServletContextHandler@2a4cb8ae{logs,/logs,file:///home/runner/work/ozone/ozone/mnt/ozone/hadoop-ozone/integration-test/target/log,AVAILABLE}
2021-06-09 09:32:45,155 [Listener at 0.0.0.0/14327] INFO  handler.ContextHandler (ContextHandler.java:doStart(916)) - Started o.e.j.s.ServletContextHandler@11c25846{static,/static,file:///home/runner/work/ozone/ozone/mnt/ozone/hadoop-ozone/integration-test/target/test-classes/webapps/static,AVAILABLE}
2021-06-09 09:32:45,192 [Listener at 0.0.0.0/14327] INFO  handler.ContextHandler (ContextHandler.java:doStart(916)) - Started o.e.j.w.WebAppContext@129c760d{scm,/,file:///home/runner/work/ozone/ozone/mnt/ozone/hadoop-ozone/integration-test/target/test-classes/webapps/scm/,AVAILABLE}{file:/home/runner/work/ozone/ozone/mnt/ozone/hadoop-ozone/integration-test/target/test-classes/webapps/scm}
2021-06-09 09:32:45,201 [Listener at 0.0.0.0/14327] INFO  server.AbstractConnector (AbstractConnector.java:doStart(331)) - Started ServerConnector@74f89bad{HTTP/1.1, (http/1.1)}{0.0.0.0:14322}
2021-06-09 09:32:45,201 [Listener at 0.0.0.0/14327] INFO  server.Server (Server.java:doStart(415)) - Started @9964ms
2021-06-09 09:32:45,203 [Listener at 0.0.0.0/14327] INFO  impl.MetricsSinkAdapter (MetricsSinkAdapter.java:start(204)) - Sink prometheus started
2021-06-09 09:32:45,203 [Listener at 0.0.0.0/14327] INFO  impl.MetricsSystemImpl (MetricsSystemImpl.java:registerSink(305)) - Registered sink prometheus
2021-06-09 09:32:45,204 [Listener at 0.0.0.0/14327] INFO  http.BaseHttpServer (BaseHttpServer.java:updateConnectorAddress(329)) - HTTP server of scm listening at http://0.0.0.0:14322
2021-06-09 09:32:45,204 [Listener at 0.0.0.0/14327] INFO  ozone.MiniOzoneHAClusterImpl (MiniOzoneHAClusterImpl.java:createSCMService(537)) - Started SCM RPC server at org.apache.hadoop.hdds.scm.server.SCMClientProtocolServer@278c998
2021-06-09 09:32:45,223 [Listener at 0.0.0.0/14327] INFO  ha.SCMHANodeDetails (SCMHANodeDetails.java:loadSCMHAConfig(157)) - ServiceID for StorageContainerManager is scm-service-test1
2021-06-09 09:32:45,223 [Listener at 0.0.0.0/14327] INFO  ha.SCMHANodeDetails (SCMHANodeDetails.java:loadSCMHAConfig(168)) - ServiceID for StorageContainerManager is scm-service-test1
2021-06-09 09:32:45,223 [Listener at 0.0.0.0/14327] WARN  scm.ScmUtils (ScmUtils.java:logWarn(179)) - ConfigKey ozone.scm.block.client.address is deprecated, For configuring different ports for each SCM use PortConfigKey ozone.scm.block.client.port appended with serviceId and nodeId. If want to configure same port configure ozone.scm.block.client.port
2021-06-09 09:32:45,224 [Listener at 0.0.0.0/14327] WARN  scm.ScmUtils (ScmUtils.java:logWarn(179)) - ConfigKey ozone.scm.client.address is deprecated, For configuring different ports for each SCM use PortConfigKey ozone.scm.client.port appended with serviceId and nodeId. If want to configure same port configure ozone.scm.client.port
2021-06-09 09:32:45,224 [Listener at 0.0.0.0/14327] WARN  scm.ScmUtils (ScmUtils.java:logWarn(179)) - ConfigKey ozone.scm.datanode.address is deprecated, For configuring different ports for each SCM use PortConfigKey ozone.scm.datanode.port appended with serviceId and nodeId. If want to configure same port configure ozone.scm.datanode.port
2021-06-09 09:32:45,224 [Listener at 0.0.0.0/14327] WARN  scm.ScmUtils (ScmUtils.java:logWarn(179)) - ConfigKey ozone.scm.block.client.address is deprecated, For configuring different ports for each SCM use PortConfigKey ozone.scm.block.client.port appended with serviceId and nodeId. If want to configure same port configure ozone.scm.block.client.port
2021-06-09 09:32:45,224 [Listener at 0.0.0.0/14327] WARN  scm.ScmUtils (ScmUtils.java:logWarn(179)) - ConfigKey ozone.scm.client.address is deprecated, For configuring different ports for each SCM use PortConfigKey ozone.scm.client.port appended with serviceId and nodeId. If want to configure same port configure ozone.scm.client.port
2021-06-09 09:32:45,224 [Listener at 0.0.0.0/14327] WARN  scm.ScmUtils (ScmUtils.java:logWarn(179)) - ConfigKey ozone.scm.datanode.address is deprecated, For configuring different ports for each SCM use PortConfigKey ozone.scm.datanode.port appended with serviceId and nodeId. If want to configure same port configure ozone.scm.datanode.port
2021-06-09 09:32:45,225 [Listener at 0.0.0.0/14327] INFO  ha.SCMHANodeDetails (SCMHANodeDetails.java:loadSCMHAConfig(250)) - Found matching SCM address with SCMServiceId: scm-service-test1, SCMNodeId: scmNode-2, RPC Address: localhost:14334 and Ratis port: 14334
2021-06-09 09:32:45,225 [Listener at 0.0.0.0/14327] INFO  ha.SCMHANodeDetails (ConfUtils.java:setNodeSpecificConfigs(108)) - Setting configuration key ozone.scm.datanode.address with value of key ozone.scm.datanode.address.scm-service-test1.scmNode-2: 127.0.0.1:14335
2021-06-09 09:32:45,225 [Listener at 0.0.0.0/14327] INFO  ha.SCMHANodeDetails (ConfUtils.java:setNodeSpecificConfigs(108)) - Setting configuration key ozone.scm.block.client.address with value of key ozone.scm.block.client.address.scm-service-test1.scmNode-2: 127.0.0.1:14336
2021-06-09 09:32:45,225 [Listener at 0.0.0.0/14327] INFO  ha.SCMHANodeDetails (ConfUtils.java:setNodeSpecificConfigs(108)) - Setting configuration key ozone.scm.client.address with value of key ozone.scm.client.address.scm-service-test1.scmNode-2: 127.0.0.1:14337
2021-06-09 09:32:45,225 [Listener at 0.0.0.0/14327] INFO  ha.SCMHANodeDetails (ConfUtils.java:setNodeSpecificConfigs(108)) - Setting configuration key ozone.scm.ratis.port with value of key ozone.scm.ratis.port.scm-service-test1.scmNode-2: 14334
2021-06-09 09:32:45,225 [Listener at 0.0.0.0/14327] INFO  ha.SCMHANodeDetails (ConfUtils.java:setNodeSpecificConfigs(108)) - Setting configuration key ozone.scm.grpc.port with value of key ozone.scm.grpc.port.scm-service-test1.scmNode-2: 14338
2021-06-09 09:32:45,225 [Listener at 0.0.0.0/14327] INFO  ha.SCMHANodeDetails (ConfUtils.java:setNodeSpecificConfigs(108)) - Setting configuration key ozone.scm.http-address with value of key ozone.scm.http-address.scm-service-test1.scmNode-2: 127.0.0.1:14332
2021-06-09 09:32:45,225 [Listener at 0.0.0.0/14327] INFO  ha.SCMHANodeDetails (ConfUtils.java:setNodeSpecificConfigs(108)) - Setting configuration key ozone.scm.https-address with value of key ozone.scm.https-address.scm-service-test1.scmNode-2: 127.0.0.1:14333
2021-06-09 09:32:45,226 [Listener at 0.0.0.0/14327] INFO  ha.SCMHANodeDetails (ConfUtils.java:setNodeSpecificConfigs(108)) - Setting configuration key ozone.scm.address with value of key ozone.scm.address.scm-service-test1.scmNode-2: 127.0.0.1
2021-06-09 09:32:45,226 [Listener at 0.0.0.0/14327] WARN  scm.ScmUtils (ScmUtils.java:logWarn(179)) - ConfigKey ozone.scm.block.client.address is deprecated, For configuring different ports for each SCM use PortConfigKey ozone.scm.block.client.port appended with serviceId and nodeId. If want to configure same port configure ozone.scm.block.client.port
2021-06-09 09:32:45,226 [Listener at 0.0.0.0/14327] WARN  scm.ScmUtils (ScmUtils.java:logWarn(179)) - ConfigKey ozone.scm.client.address is deprecated, For configuring different ports for each SCM use PortConfigKey ozone.scm.client.port appended with serviceId and nodeId. If want to configure same port configure ozone.scm.client.port
2021-06-09 09:32:45,226 [Listener at 0.0.0.0/14327] WARN  scm.ScmUtils (ScmUtils.java:logWarn(179)) - ConfigKey ozone.scm.datanode.address is deprecated, For configuring different ports for each SCM use PortConfigKey ozone.scm.datanode.port appended with serviceId and nodeId. If want to configure same port configure ozone.scm.datanode.port
2021-06-09 09:32:45,226 [Listener at 0.0.0.0/14327] WARN  server.ServerUtils (ServerUtils.java:getScmDbDir(148)) - ozone.scm.db.dirs is not configured. We recommend adding this setting. Falling back to ozone.metadata.dirs instead.
2021-06-09 09:32:45,233 [Listener at 0.0.0.0/14327] INFO  ha.SCMNodeInfo (SCMNodeInfo.java:getPort(197)) - ConfigKey ozone.scm.client.address is deprecated, For configuring different ports for each SCM use PortConfigKey ozone.scm.client.port appended with serviceId and nodeId
2021-06-09 09:32:45,233 [Listener at 0.0.0.0/14327] INFO  ha.SCMNodeInfo (SCMNodeInfo.java:getPort(197)) - ConfigKey ozone.scm.block.client.address is deprecated, For configuring different ports for each SCM use PortConfigKey ozone.scm.block.client.port appended with serviceId and nodeId
2021-06-09 09:32:45,234 [Listener at 0.0.0.0/14327] INFO  ha.SCMNodeInfo (SCMNodeInfo.java:getPort(197)) - ConfigKey ozone.scm.datanode.address is deprecated, For configuring different ports for each SCM use PortConfigKey ozone.scm.datanode.port appended with serviceId and nodeId
2021-06-09 09:32:45,234 [Listener at 0.0.0.0/14327] INFO  ha.SCMNodeInfo (SCMNodeInfo.java:getPort(197)) - ConfigKey ozone.scm.client.address is deprecated, For configuring different ports for each SCM use PortConfigKey ozone.scm.client.port appended with serviceId and nodeId
2021-06-09 09:32:45,234 [Listener at 0.0.0.0/14327] INFO  ha.SCMNodeInfo (SCMNodeInfo.java:getPort(197)) - ConfigKey ozone.scm.block.client.address is deprecated, For configuring different ports for each SCM use PortConfigKey ozone.scm.block.client.port appended with serviceId and nodeId
2021-06-09 09:32:45,234 [Listener at 0.0.0.0/14327] INFO  ha.SCMNodeInfo (SCMNodeInfo.java:getPort(197)) - ConfigKey ozone.scm.datanode.address is deprecated, For configuring different ports for each SCM use PortConfigKey ozone.scm.datanode.port appended with serviceId and nodeId
2021-06-09 09:32:45,234 [Listener at 0.0.0.0/14327] INFO  ha.SCMNodeInfo (SCMNodeInfo.java:getPort(197)) - ConfigKey ozone.scm.client.address is deprecated, For configuring different ports for each SCM use PortConfigKey ozone.scm.client.port appended with serviceId and nodeId
2021-06-09 09:32:45,234 [Listener at 0.0.0.0/14327] INFO  ha.SCMNodeInfo (SCMNodeInfo.java:getPort(197)) - ConfigKey ozone.scm.block.client.address is deprecated, For configuring different ports for each SCM use PortConfigKey ozone.scm.block.client.port appended with serviceId and nodeId
2021-06-09 09:32:45,235 [Listener at 0.0.0.0/14327] INFO  ha.SCMNodeInfo (SCMNodeInfo.java:getPort(197)) - ConfigKey ozone.scm.datanode.address is deprecated, For configuring different ports for each SCM use PortConfigKey ozone.scm.datanode.port appended with serviceId and nodeId
2021-06-09 09:32:45,427 [IPC Server handler 0 on default port 14326] INFO  ipc.Server (Server.java:logException(3018)) - IPC Server handler 0 on default port 14326, call Call#0 Retry#0 org.apache.hadoop.hdds.scm.protocol.ScmBlockLocationProtocol.send from 127.0.0.1:48374
org.apache.hadoop.hdds.ratis.ServerNotLeaderException: Server:e0e3eed1-d528-4a83-939c-b34003b9dea6 is not the leader. Could not determine the leader node.
	at org.apache.hadoop.hdds.ratis.ServerNotLeaderException.convertToNotLeaderException(ServerNotLeaderException.java:109)
	at org.apache.hadoop.hdds.scm.ha.RatisUtil.checkRatisException(RatisUtil.java:191)
	at org.apache.hadoop.hdds.scm.protocol.ScmBlockLocationProtocolServerSideTranslatorPB.send(ScmBlockLocationProtocolServerSideTranslatorPB.java:108)
	at org.apache.hadoop.hdds.protocol.proto.ScmBlockLocationProtocolProtos$ScmBlockLocationProtocolService$2.callBlockingMethod(ScmBlockLocationProtocolProtos.java:13937)
	at org.apache.hadoop.ipc.ProtobufRpcEngine$Server$ProtoBufRpcInvoker.call(ProtobufRpcEngine.java:528)
	at org.apache.hadoop.ipc.RPC$Server.call(RPC.java:1086)
	at org.apache.hadoop.ipc.Server$RpcCall.run(Server.java:1029)
	at org.apache.hadoop.ipc.Server$RpcCall.run(Server.java:957)
	at java.security.AccessController.doPrivileged(Native Method)
	at javax.security.auth.Subject.doAs(Subject.java:422)
	at org.apache.hadoop.security.UserGroupInformation.doAs(UserGroupInformation.java:1762)
	at org.apache.hadoop.ipc.Server$Handler.run(Server.java:2957)
2021-06-09 09:32:47,441 [Listener at 0.0.0.0/14327] INFO  retry.RetryInvocationHandler (RetryInvocationHandler.java:log(411)) - com.google.protobuf.ServiceException: java.net.ConnectException: Call From fv-az195-811/10.1.0.29 to localhost:14336 failed on connection exception: java.net.ConnectException: Connection refused; For more details see:  http://wiki.apache.org/hadoop/ConnectionRefused, while invoking $Proxy37.send over nodeId=scmNode-2,nodeAddress=/127.0.0.1:14336 after 1 failover attempts. Trying to failover after sleeping for 2000ms.
2021-06-09 09:32:49,443 [Listener at 0.0.0.0/14327] INFO  retry.RetryInvocationHandler (RetryInvocationHandler.java:log(411)) - com.google.protobuf.ServiceException: java.net.ConnectException: Call From fv-az195-811/10.1.0.29 to localhost:14346 failed on connection exception: java.net.ConnectException: Connection refused; For more details see:  http://wiki.apache.org/hadoop/ConnectionRefused, while invoking $Proxy37.send over nodeId=scmNode-3,nodeAddress=/127.0.0.1:14346 after 2 failover attempts. Trying to failover after sleeping for 2000ms.
2021-06-09 09:32:49,694 [e0e3eed1-d528-4a83-939c-b34003b9dea6@group-C9E251B369B0-FollowerState] INFO  impl.FollowerState (FollowerState.java:run(134)) - e0e3eed1-d528-4a83-939c-b34003b9dea6@group-C9E251B369B0-FollowerState: change to CANDIDATE, lastRpcElapsedTime:5136159464ns, electionTimeout:5127ms
2021-06-09 09:32:49,694 [e0e3eed1-d528-4a83-939c-b34003b9dea6@group-C9E251B369B0-FollowerState] INFO  impl.RoleInfo (RoleInfo.java:shutdownFollowerState(108)) - e0e3eed1-d528-4a83-939c-b34003b9dea6: shutdown e0e3eed1-d528-4a83-939c-b34003b9dea6@group-C9E251B369B0-FollowerState
2021-06-09 09:32:49,695 [e0e3eed1-d528-4a83-939c-b34003b9dea6@group-C9E251B369B0-FollowerState] INFO  server.RaftServer$Division (RaftServerImpl.java:setRole(284)) - e0e3eed1-d528-4a83-939c-b34003b9dea6@group-C9E251B369B0: changes role from  FOLLOWER to CANDIDATE at term 1 for changeToCandidate
2021-06-09 09:32:49,695 [e0e3eed1-d528-4a83-939c-b34003b9dea6@group-C9E251B369B0-FollowerState] INFO  server.RaftServerConfigKeys (ConfUtils.java:logGet(44)) - raft.server.leaderelection.pre-vote = false (custom)
2021-06-09 09:32:49,695 [e0e3eed1-d528-4a83-939c-b34003b9dea6@group-C9E251B369B0-FollowerState] INFO  impl.RoleInfo (RoleInfo.java:updateAndGet(130)) - e0e3eed1-d528-4a83-939c-b34003b9dea6: start e0e3eed1-d528-4a83-939c-b34003b9dea6@group-C9E251B369B0-LeaderElection2
2021-06-09 09:32:49,697 [e0e3eed1-d528-4a83-939c-b34003b9dea6@group-C9E251B369B0-LeaderElection2] INFO  impl.LeaderElection (LeaderElection.java:askForVotes(306)) - e0e3eed1-d528-4a83-939c-b34003b9dea6@group-C9E251B369B0-LeaderElection2 ELECTION round 0: submit vote requests at term 2 for 0: [e0e3eed1-d528-4a83-939c-b34003b9dea6|rpc:localhost:14324|admin:|client:|dataStream:|priority:0], old=null
2021-06-09 09:32:49,698 [e0e3eed1-d528-4a83-939c-b34003b9dea6@group-C9E251B369B0-LeaderElection2] INFO  impl.LeaderElection (LeaderElection.java:askForVotes(308)) - e0e3eed1-d528-4a83-939c-b34003b9dea6@group-C9E251B369B0-LeaderElection2 ELECTION round 0: result PASSED (term=2)
2021-06-09 09:32:49,698 [e0e3eed1-d528-4a83-939c-b34003b9dea6@group-C9E251B369B0-LeaderElection2] INFO  impl.RoleInfo (RoleInfo.java:shutdownLeaderElection(121)) - e0e3eed1-d528-4a83-939c-b34003b9dea6: shutdown e0e3eed1-d528-4a83-939c-b34003b9dea6@group-C9E251B369B0-LeaderElection2
2021-06-09 09:32:49,698 [e0e3eed1-d528-4a83-939c-b34003b9dea6@group-C9E251B369B0-LeaderElection2] INFO  server.RaftServer$Division (RaftServerImpl.java:setRole(284)) - e0e3eed1-d528-4a83-939c-b34003b9dea6@group-C9E251B369B0: changes role from CANDIDATE to LEADER at term 2 for changeToLeader
2021-06-09 09:32:49,698 [e0e3eed1-d528-4a83-939c-b34003b9dea6@group-C9E251B369B0-LeaderElection2] INFO  ha.SCMStateMachine (SCMStateMachine.java:notifyLeaderChanged(243)) - current SCM becomes leader of term 2.
2021-06-09 09:32:49,698 [e0e3eed1-d528-4a83-939c-b34003b9dea6@group-C9E251B369B0-LeaderElection2] INFO  ha.SCMContext (SCMContext.java:updateLeaderAndTerm(89)) - update <isLeader,term> from <false,0> to <true,2>
2021-06-09 09:32:49,705 [e0e3eed1-d528-4a83-939c-b34003b9dea6@group-C9E251B369B0-LeaderElection2] INFO  pipeline.BackgroundPipelineCreator (BackgroundPipelineCreatorV2.java:notifyStatusChanged(261)) - Service BackgroundPipelineCreator transitions to RUNNING.
2021-06-09 09:32:49,707 [e0e3eed1-d528-4a83-939c-b34003b9dea6@group-C9E251B369B0-LeaderElection2] INFO  server.RaftServer$Division (ServerState.java:setLeader(271)) - e0e3eed1-d528-4a83-939c-b34003b9dea6@group-C9E251B369B0: change Leader from null to e0e3eed1-d528-4a83-939c-b34003b9dea6 at term 2 for becomeLeader, leader elected after 5830ms
2021-06-09 09:32:49,708 [e0e3eed1-d528-4a83-939c-b34003b9dea6@group-C9E251B369B0-LeaderElection2] INFO  server.RaftServerConfigKeys (ConfUtils.java:logGet(44)) - raft.server.staging.catchup.gap = 1000 (default)
2021-06-09 09:32:49,708 [e0e3eed1-d528-4a83-939c-b34003b9dea6@group-C9E251B369B0-LeaderElection2] INFO  metrics.RatisMetrics (RatisMetrics.java:lambda$create$0(36)) - Creating Metrics Registry : ratis.log_appender.e0e3eed1-d528-4a83-939c-b34003b9dea6@group-C9E251B369B0
2021-06-09 09:32:49,708 [e0e3eed1-d528-4a83-939c-b34003b9dea6@group-C9E251B369B0-LeaderElection2] WARN  impl.MetricRegistriesImpl (MetricRegistriesImpl.java:lambda$create$1(65)) - First MetricRegistry has been created without registering reporters. You may need to call MetricRegistries.global().addReporterRegistration(...) before.
2021-06-09 09:32:49,708 [e0e3eed1-d528-4a83-939c-b34003b9dea6@group-C9E251B369B0-LeaderElection2] INFO  server.RaftServerConfigKeys (ConfUtils.java:logGet(44)) - raft.server.write.element-limit = 4096 (default)
2021-06-09 09:32:49,708 [e0e3eed1-d528-4a83-939c-b34003b9dea6@group-C9E251B369B0-LeaderElection2] INFO  server.RaftServerConfigKeys (ConfUtils.java:logGet(44)) - raft.server.write.byte-limit = 64MB (=67108864) (default)
2021-06-09 09:32:49,708 [e0e3eed1-d528-4a83-939c-b34003b9dea6@group-C9E251B369B0-LeaderElection2] INFO  server.RaftServerConfigKeys (ConfUtils.java:logGet(44)) - raft.server.watch.timeout = 10s (default)
2021-06-09 09:32:49,708 [e0e3eed1-d528-4a83-939c-b34003b9dea6@group-C9E251B369B0-LeaderElection2] INFO  server.RaftServerConfigKeys (ConfUtils.java:logGet(44)) - raft.server.watch.timeout.denomination = 1s (default)
2021-06-09 09:32:49,708 [e0e3eed1-d528-4a83-939c-b34003b9dea6@group-C9E251B369B0-LeaderElection2] INFO  server.RaftServerConfigKeys (ConfUtils.java:logGet(44)) - raft.server.watch.element-limit = 65536 (default)
2021-06-09 09:32:49,708 [e0e3eed1-d528-4a83-939c-b34003b9dea6@group-C9E251B369B0-LeaderElection2] INFO  impl.RoleInfo (RoleInfo.java:updateAndGet(130)) - e0e3eed1-d528-4a83-939c-b34003b9dea6: start e0e3eed1-d528-4a83-939c-b34003b9dea6@group-C9E251B369B0-LeaderStateImpl
2021-06-09 09:32:49,709 [e0e3eed1-d528-4a83-939c-b34003b9dea6@group-C9E251B369B0-LeaderElection2] INFO  segmented.SegmentedRaftLogWorker (SegmentedRaftLogWorker.java:rollLogSegment(399)) - e0e3eed1-d528-4a83-939c-b34003b9dea6@group-C9E251B369B0-SegmentedRaftLogWorker: Rolling segment log-0_0 to index:0
2021-06-09 09:32:49,717 [e0e3eed1-d528-4a83-939c-b34003b9dea6@group-C9E251B369B0-SegmentedRaftLogWorker] INFO  segmented.SegmentedRaftLogWorker (SegmentedRaftLogWorker.java:execute(558)) - e0e3eed1-d528-4a83-939c-b34003b9dea6@group-C9E251B369B0-SegmentedRaftLogWorker: Rolled log segment from /home/runner/work/ozone/ozone/mnt/ozone/hadoop-ozone/integration-test/target/test-dir/MiniOzoneClusterImpl-43f0ca0c-372e-4c55-aedd-c9e251b369b0/scmNode-1/scm-ha/43f0ca0c-372e-4c55-aedd-c9e251b369b0/current/log_inprogress_0 to /home/runner/work/ozone/ozone/mnt/ozone/hadoop-ozone/integration-test/target/test-dir/MiniOzoneClusterImpl-43f0ca0c-372e-4c55-aedd-c9e251b369b0/scmNode-1/scm-ha/43f0ca0c-372e-4c55-aedd-c9e251b369b0/current/log_0-0
2021-06-09 09:32:49,719 [e0e3eed1-d528-4a83-939c-b34003b9dea6@group-C9E251B369B0-LeaderElection2] INFO  server.RaftServer$Division (ServerState.java:setRaftConf(373)) - e0e3eed1-d528-4a83-939c-b34003b9dea6@group-C9E251B369B0: set configuration 1: [e0e3eed1-d528-4a83-939c-b34003b9dea6|rpc:localhost:14324|admin:|client:|dataStream:|priority:0], old=null
2021-06-09 09:32:49,719 [e0e3eed1-d528-4a83-939c-b34003b9dea6@group-C9E251B369B0-SegmentedRaftLogWorker] INFO  segmented.SegmentedRaftLogWorker (SegmentedRaftLogWorker.java:execute(601)) - e0e3eed1-d528-4a83-939c-b34003b9dea6@group-C9E251B369B0-SegmentedRaftLogWorker: created new log segment /home/runner/work/ozone/ozone/mnt/ozone/hadoop-ozone/integration-test/target/test-dir/MiniOzoneClusterImpl-43f0ca0c-372e-4c55-aedd-c9e251b369b0/scmNode-1/scm-ha/43f0ca0c-372e-4c55-aedd-c9e251b369b0/current/log_inprogress_1
2021-06-09 09:32:51,475 [Listener at 0.0.0.0/14327] INFO  server.StorageContainerManager (StorageContainerManager.java:scmBootstrap(915)) - SCM BootStrap  is successful for ClusterID 43f0ca0c-372e-4c55-aedd-c9e251b369b0, SCMID 943a282b-f1b6-4c47-b0d5-ac1d3ae1d1bb
2021-06-09 09:32:51,476 [Listener at 0.0.0.0/14327] INFO  server.StorageContainerManager (StorageContainerManager.java:scmBootstrap(917)) - Primary SCM Node ID e0e3eed1-d528-4a83-939c-b34003b9dea6
2021-06-09 09:32:51,476 [Listener at 0.0.0.0/14327] INFO  ha.SCMHANodeDetails (SCMHANodeDetails.java:loadSCMHAConfig(157)) - ServiceID for StorageContainerManager is scm-service-test1
2021-06-09 09:32:51,476 [Listener at 0.0.0.0/14327] INFO  ha.SCMHANodeDetails (SCMHANodeDetails.java:loadSCMHAConfig(168)) - ServiceID for StorageContainerManager is scm-service-test1
2021-06-09 09:32:51,476 [Listener at 0.0.0.0/14327] WARN  scm.ScmUtils (ScmUtils.java:logWarn(179)) - ConfigKey ozone.scm.block.client.address is deprecated, For configuring different ports for each SCM use PortConfigKey ozone.scm.block.client.port appended with serviceId and nodeId. If want to configure same port configure ozone.scm.block.client.port
2021-06-09 09:32:51,476 [Listener at 0.0.0.0/14327] WARN  scm.ScmUtils (ScmUtils.java:logWarn(179)) - ConfigKey ozone.scm.client.address is deprecated, For configuring different ports for each SCM use PortConfigKey ozone.scm.client.port appended with serviceId and nodeId. If want to configure same port configure ozone.scm.client.port
2021-06-09 09:32:51,477 [Listener at 0.0.0.0/14327] WARN  scm.ScmUtils (ScmUtils.java:logWarn(179)) - ConfigKey ozone.scm.datanode.address is deprecated, For configuring different ports for each SCM use PortConfigKey ozone.scm.datanode.port appended with serviceId and nodeId. If want to configure same port configure ozone.scm.datanode.port
2021-06-09 09:32:51,477 [Listener at 0.0.0.0/14327] WARN  scm.ScmUtils (ScmUtils.java:logWarn(179)) - ConfigKey ozone.scm.block.client.address is deprecated, For configuring different ports for each SCM use PortConfigKey ozone.scm.block.client.port appended with serviceId and nodeId. If want to configure same port configure ozone.scm.block.client.port
2021-06-09 09:32:51,477 [Listener at 0.0.0.0/14327] WARN  scm.ScmUtils (ScmUtils.java:logWarn(179)) - ConfigKey ozone.scm.client.address is deprecated, For configuring different ports for each SCM use PortConfigKey ozone.scm.client.port appended with serviceId and nodeId. If want to configure same port configure ozone.scm.client.port
2021-06-09 09:32:51,477 [Listener at 0.0.0.0/14327] WARN  scm.ScmUtils (ScmUtils.java:logWarn(179)) - ConfigKey ozone.scm.datanode.address is deprecated, For configuring different ports for each SCM use PortConfigKey ozone.scm.datanode.port appended with serviceId and nodeId. If want to configure same port configure ozone.scm.datanode.port
2021-06-09 09:32:51,477 [Listener at 0.0.0.0/14327] INFO  ha.SCMHANodeDetails (SCMHANodeDetails.java:loadSCMHAConfig(250)) - Found matching SCM address with SCMServiceId: scm-service-test1, SCMNodeId: scmNode-2, RPC Address: localhost:14334 and Ratis port: 14334
2021-06-09 09:32:51,477 [Listener at 0.0.0.0/14327] INFO  ha.SCMHANodeDetails (ConfUtils.java:setNodeSpecificConfigs(108)) - Setting configuration key ozone.scm.datanode.address with value of key ozone.scm.datanode.address.scm-service-test1.scmNode-2: 127.0.0.1:14335
2021-06-09 09:32:51,477 [Listener at 0.0.0.0/14327] INFO  ha.SCMHANodeDetails (ConfUtils.java:setNodeSpecificConfigs(108)) - Setting configuration key ozone.scm.block.client.address with value of key ozone.scm.block.client.address.scm-service-test1.scmNode-2: 127.0.0.1:14336
2021-06-09 09:32:51,478 [Listener at 0.0.0.0/14327] INFO  ha.SCMHANodeDetails (ConfUtils.java:setNodeSpecificConfigs(108)) - Setting configuration key ozone.scm.client.address with value of key ozone.scm.client.address.scm-service-test1.scmNode-2: 127.0.0.1:14337
2021-06-09 09:32:51,478 [Listener at 0.0.0.0/14327] INFO  ha.SCMHANodeDetails (ConfUtils.java:setNodeSpecificConfigs(108)) - Setting configuration key ozone.scm.ratis.port with value of key ozone.scm.ratis.port.scm-service-test1.scmNode-2: 14334
2021-06-09 09:32:51,478 [Listener at 0.0.0.0/14327] INFO  ha.SCMHANodeDetails (ConfUtils.java:setNodeSpecificConfigs(108)) - Setting configuration key ozone.scm.grpc.port with value of key ozone.scm.grpc.port.scm-service-test1.scmNode-2: 14338
2021-06-09 09:32:51,478 [Listener at 0.0.0.0/14327] INFO  ha.SCMHANodeDetails (ConfUtils.java:setNodeSpecificConfigs(108)) - Setting configuration key ozone.scm.http-address with value of key ozone.scm.http-address.scm-service-test1.scmNode-2: 127.0.0.1:14332
2021-06-09 09:32:51,478 [Listener at 0.0.0.0/14327] INFO  ha.SCMHANodeDetails (ConfUtils.java:setNodeSpecificConfigs(108)) - Setting configuration key ozone.scm.https-address with value of key ozone.scm.https-address.scm-service-test1.scmNode-2: 127.0.0.1:14333
2021-06-09 09:32:51,478 [Listener at 0.0.0.0/14327] INFO  ha.SCMHANodeDetails (ConfUtils.java:setNodeSpecificConfigs(108)) - Setting configuration key ozone.scm.address with value of key ozone.scm.address.scm-service-test1.scmNode-2: 127.0.0.1
2021-06-09 09:32:51,478 [Listener at 0.0.0.0/14327] WARN  scm.ScmUtils (ScmUtils.java:logWarn(179)) - ConfigKey ozone.scm.block.client.address is deprecated, For configuring different ports for each SCM use PortConfigKey ozone.scm.block.client.port appended with serviceId and nodeId. If want to configure same port configure ozone.scm.block.client.port
2021-06-09 09:32:51,478 [Listener at 0.0.0.0/14327] WARN  scm.ScmUtils (ScmUtils.java:logWarn(179)) - ConfigKey ozone.scm.client.address is deprecated, For configuring different ports for each SCM use PortConfigKey ozone.scm.client.port appended with serviceId and nodeId. If want to configure same port configure ozone.scm.client.port
2021-06-09 09:32:51,479 [Listener at 0.0.0.0/14327] WARN  scm.ScmUtils (ScmUtils.java:logWarn(179)) - ConfigKey ozone.scm.datanode.address is deprecated, For configuring different ports for each SCM use PortConfigKey ozone.scm.datanode.port appended with serviceId and nodeId. If want to configure same port configure ozone.scm.datanode.port
2021-06-09 09:32:51,480 [Listener at 0.0.0.0/14327] WARN  server.ServerUtils (ServerUtils.java:getScmDbDir(148)) - ozone.scm.db.dirs is not configured. We recommend adding this setting. Falling back to ozone.metadata.dirs instead.
2021-06-09 09:32:51,480 [Listener at 0.0.0.0/14327] WARN  utils.HAUtils (HAUtils.java:getMetaDir(342)) - ozone.scm.db.dirs is not configured. We recommend adding this setting. Falling back to ozone.metadata.dirs instead.
2021-06-09 09:32:51,481 [Listener at 0.0.0.0/14327] WARN  db.DBStoreBuilder (DBStoreBuilder.java:applyDBDefinition(145)) - ozone.scm.db.dirs is not configured. We recommend adding this setting. Falling back to ozone.metadata.dirs instead.
2021-06-09 09:32:51,539 [Listener at 0.0.0.0/14327] INFO  net.NodeSchemaLoader (NodeSchemaLoader.java:loadSchemaFromFile(129)) - Loading schema from [jar:file:/home/runner/.m2/repository/org/apache/ozone/hdds-common/1.2.0-SNAPSHOT/hdds-common-1.2.0-SNAPSHOT.jar!/network-topology-default.xml]
2021-06-09 09:32:51,540 [Listener at 0.0.0.0/14327] INFO  net.NodeSchemaLoader (NodeSchemaLoader.java:loadSchema(176)) - Loading network topology layer schema file
2021-06-09 09:32:51,542 [Listener at 0.0.0.0/14327] INFO  ha.SCMRatisServerImpl (SCMRatisServerImpl.java:<init>(86)) - starting Raft server for scm:943a282b-f1b6-4c47-b0d5-ac1d3ae1d1bb
2021-06-09 09:32:51,543 [Listener at 0.0.0.0/14327] INFO  server.RaftServer (ConfUtils.java:logGet(44)) - raft.rpc.type = GRPC (default)
2021-06-09 09:32:51,543 [Listener at 0.0.0.0/14327] INFO  grpc.GrpcFactory (GrpcFactory.java:checkPooledByteBufAllocatorUseCacheForAllThreads(48)) - PERFORMANCE WARNING: useCacheForAllThreads is true that may cause Netty to create a lot garbage objects and, as a result, trigger GC.
	It is recommended to disable useCacheForAllThreads by setting -Dorg.apache.ratis.thirdparty.io.netty.allocator.useCacheForAllThreads=false in command line.
2021-06-09 09:32:51,543 [Listener at 0.0.0.0/14327] INFO  grpc.GrpcConfigKeys (ConfUtils.java:logGet(44)) - raft.grpc.admin.port = -1 (default)
2021-06-09 09:32:51,544 [Listener at 0.0.0.0/14327] INFO  grpc.GrpcConfigKeys (ConfUtils.java:logGet(44)) - raft.grpc.server.port = 14334 (custom)
2021-06-09 09:32:51,544 [Listener at 0.0.0.0/14327] INFO  grpc.GrpcConfigKeys (ConfUtils.java:logGet(44)) - raft.grpc.client.port = -1 (default)
2021-06-09 09:32:51,544 [Listener at 0.0.0.0/14327] INFO  grpc.GrpcConfigKeys (ConfUtils.java:logGet(44)) - raft.grpc.server.port = 14334 (custom)
2021-06-09 09:32:51,544 [Listener at 0.0.0.0/14327] INFO  grpc.GrpcConfigKeys (ConfUtils.java:logGet(44)) - raft.grpc.server.port = 14334 (custom)
2021-06-09 09:32:51,544 [Listener at 0.0.0.0/14327] INFO  server.GrpcService (ConfUtils.java:logGet(44)) - raft.grpc.message.size.max = 32m (=33554432) (custom)
2021-06-09 09:32:51,544 [Listener at 0.0.0.0/14327] INFO  server.RaftServerConfigKeys (ConfUtils.java:logGet(44)) - raft.server.log.appender.buffer.byte-limit = 33554432 (custom)
2021-06-09 09:32:51,545 [Listener at 0.0.0.0/14327] INFO  server.GrpcService (ConfUtils.java:logGet(44)) - raft.grpc.flow.control.window = 1MB (=1048576) (default)
2021-06-09 09:32:51,545 [Listener at 0.0.0.0/14327] INFO  server.RaftServerConfigKeys (ConfUtils.java:logGet(44)) - raft.server.rpc.request.timeout = 3000ms (default)
2021-06-09 09:32:51,546 [Listener at 0.0.0.0/14327] INFO  impl.DataStreamServerImpl (ConfUtils.java:logGet(44)) - raft.datastream.type = DISABLED (default)
2021-06-09 09:32:51,546 [Listener at 0.0.0.0/14327] INFO  server.RaftServerConfigKeys (ConfUtils.java:logGet(44)) - raft.server.rpc.slowness.timeout = 120000ms (custom)
2021-06-09 09:32:51,546 [Listener at 0.0.0.0/14327] INFO  server.RaftServerConfigKeys (ConfUtils.java:logGet(44)) - raft.server.leaderelection.leader.step-down.wait-time = 10s (default)
2021-06-09 09:32:51,546 [Listener at 0.0.0.0/14327] INFO  server.RaftServerConfigKeys (ConfUtils.java:logGet(44)) - raft.server.storage.dir = [/home/runner/work/ozone/ozone/mnt/ozone/hadoop-ozone/integration-test/target/test-dir/MiniOzoneClusterImpl-43f0ca0c-372e-4c55-aedd-c9e251b369b0/scmNode-2/scm-ha] (custom)
2021-06-09 09:32:51,549 [Listener at 0.0.0.0/14327] INFO  server.RaftServer (RaftServerProxy.java:addNew(95)) - 943a282b-f1b6-4c47-b0d5-ac1d3ae1d1bb: addNew group-C9E251B369B0:[] returns group-C9E251B369B0:java.util.concurrent.CompletableFuture@76b019c4[Not completed]
2021-06-09 09:32:51,549 [pool-36-thread-1] INFO  server.RaftServer$Division (RaftServerImpl.java:<init>(180)) - 943a282b-f1b6-4c47-b0d5-ac1d3ae1d1bb: new RaftServerImpl for group-C9E251B369B0:[] with SCMStateMachine:uninitialized
2021-06-09 09:32:51,559 [pool-36-thread-1] INFO  server.RaftServerConfigKeys (ConfUtils.java:logGet(44)) - raft.server.rpc.timeout.min = 5000ms (custom)
2021-06-09 09:32:51,559 [pool-36-thread-1] INFO  server.RaftServerConfigKeys (ConfUtils.java:logGet(44)) - raft.server.rpc.timeout.max = 5200ms (custom)
2021-06-09 09:32:51,559 [pool-36-thread-1] INFO  server.RaftServerConfigKeys (ConfUtils.java:logGet(44)) - raft.server.rpc.sleep.time = 25ms (default)
2021-06-09 09:32:51,559 [pool-36-thread-1] INFO  server.RaftServerConfigKeys (ConfUtils.java:logGet(44)) - raft.server.rpc.slowness.timeout = 120000ms (custom)
2021-06-09 09:32:51,561 [pool-36-thread-1] INFO  server.RaftServerConfigKeys (ConfUtils.java:logGet(44)) - raft.server.leaderelection.leader.step-down.wait-time = 10s (default)
2021-06-09 09:32:51,563 [pool-36-thread-1] INFO  server.RaftServerConfigKeys (ConfUtils.java:logGet(44)) - raft.server.sleep.deviation.threshold = 300ms (default)
2021-06-09 09:32:51,563 [pool-36-thread-1] INFO  server.RaftServerConfigKeys (ConfUtils.java:logGet(44)) - raft.server.log.appender.install.snapshot.enabled = false (custom)
2021-06-09 09:32:51,564 [pool-36-thread-1] INFO  server.RaftServer$Division (ServerState.java:<init>(105)) - 943a282b-f1b6-4c47-b0d5-ac1d3ae1d1bb@group-C9E251B369B0: ConfigurationManager, init=-1: [], old=null, confs=<EMPTY_MAP>
2021-06-09 09:32:51,564 [pool-36-thread-1] INFO  server.RaftServerConfigKeys (ConfUtils.java:logGet(44)) - raft.server.storage.dir = [/home/runner/work/ozone/ozone/mnt/ozone/hadoop-ozone/integration-test/target/test-dir/MiniOzoneClusterImpl-43f0ca0c-372e-4c55-aedd-c9e251b369b0/scmNode-2/scm-ha] (custom)
2021-06-09 09:32:51,564 [pool-36-thread-1] INFO  server.RaftServerConfigKeys (ConfUtils.java:logGet(44)) - raft.server.log.corruption.policy = EXCEPTION (default)
2021-06-09 09:32:51,564 [pool-36-thread-1] INFO  storage.RaftStorageDirectory (RaftStorageDirectoryImpl.java:analyzeStorage(132)) - The storage directory /home/runner/work/ozone/ozone/mnt/ozone/hadoop-ozone/integration-test/target/test-dir/MiniOzoneClusterImpl-43f0ca0c-372e-4c55-aedd-c9e251b369b0/scmNode-2/scm-ha/43f0ca0c-372e-4c55-aedd-c9e251b369b0 does not exist. Creating ...
2021-06-09 09:32:51,565 [pool-36-thread-1] INFO  storage.RaftStorageDirectory (RaftStorageDirectoryImpl.java:tryLock(215)) - Lock on /home/runner/work/ozone/ozone/mnt/ozone/hadoop-ozone/integration-test/target/test-dir/MiniOzoneClusterImpl-43f0ca0c-372e-4c55-aedd-c9e251b369b0/scmNode-2/scm-ha/43f0ca0c-372e-4c55-aedd-c9e251b369b0/in_use.lock acquired by nodename 27526@fv-az195-811
2021-06-09 09:32:51,566 [pool-36-thread-1] INFO  storage.RaftStorage (RaftStorageImpl.java:format(87)) - Storage directory /home/runner/work/ozone/ozone/mnt/ozone/hadoop-ozone/integration-test/target/test-dir/MiniOzoneClusterImpl-43f0ca0c-372e-4c55-aedd-c9e251b369b0/scmNode-2/scm-ha/43f0ca0c-372e-4c55-aedd-c9e251b369b0 has been successfully formatted.
2021-06-09 09:32:51,567 [pool-36-thread-1] INFO  server.RaftServerConfigKeys (ConfUtils.java:logGet(44)) - raft.server.notification.no-leader.timeout = 60s (default)
2021-06-09 09:32:51,567 [pool-36-thread-1] INFO  server.RaftServerConfigKeys (ConfUtils.java:logGet(44)) - raft.server.log.use.memory = false (default)
2021-06-09 09:32:51,567 [pool-36-thread-1] INFO  server.RaftServerConfigKeys (ConfUtils.java:logGet(44)) - raft.server.log.purge.gap = 5 (custom)
2021-06-09 09:32:51,568 [pool-36-thread-1] INFO  server.RaftServerConfigKeys (ConfUtils.java:logGet(44)) - raft.server.log.appender.buffer.byte-limit = 33554432 (custom)
2021-06-09 09:32:51,568 [pool-36-thread-1] INFO  metrics.RatisMetrics (RatisMetrics.java:lambda$create$0(36)) - Creating Metrics Registry : ratis.log_worker.943a282b-f1b6-4c47-b0d5-ac1d3ae1d1bb@group-C9E251B369B0
2021-06-09 09:32:51,568 [pool-36-thread-1] WARN  impl.MetricRegistriesImpl (MetricRegistriesImpl.java:lambda$create$1(65)) - First MetricRegistry has been created without registering reporters. You may need to call MetricRegistries.global().addReporterRegistration(...) before.
2021-06-09 09:32:51,568 [pool-36-thread-1] INFO  server.RaftServerConfigKeys (ConfUtils.java:logGet(44)) - raft.server.log.segment.size.max = 16384 (custom)
2021-06-09 09:32:51,568 [pool-36-thread-1] INFO  server.RaftServerConfigKeys (ConfUtils.java:logGet(44)) - raft.server.log.segment.cache.num.max = 2 (custom)
2021-06-09 09:32:51,568 [pool-36-thread-1] INFO  server.RaftServerConfigKeys (ConfUtils.java:logGet(44)) - raft.server.log.segment.cache.size.max = 200MB (=209715200) (default)
2021-06-09 09:32:51,568 [pool-36-thread-1] INFO  segmented.SegmentedRaftLogWorker (SegmentedRaftLogWorker.java:<init>(182)) - new 943a282b-f1b6-4c47-b0d5-ac1d3ae1d1bb@group-C9E251B369B0-SegmentedRaftLogWorker for RaftStorageImpl:Storage Directory /home/runner/work/ozone/ozone/mnt/ozone/hadoop-ozone/integration-test/target/test-dir/MiniOzoneClusterImpl-43f0ca0c-372e-4c55-aedd-c9e251b369b0/scmNode-2/scm-ha/43f0ca0c-372e-4c55-aedd-c9e251b369b0
2021-06-09 09:32:51,568 [pool-36-thread-1] INFO  server.RaftServerConfigKeys (ConfUtils.java:logGet(44)) - raft.server.log.queue.byte-limit = 64MB (=67108864) (default)
2021-06-09 09:32:51,568 [pool-36-thread-1] INFO  server.RaftServerConfigKeys (ConfUtils.java:logGet(44)) - raft.server.log.queue.element-limit = 4096 (default)
2021-06-09 09:32:51,568 [pool-36-thread-1] INFO  server.RaftServerConfigKeys (ConfUtils.java:logGet(44)) - raft.server.log.segment.size.max = 16384 (custom)
2021-06-09 09:32:51,568 [pool-36-thread-1] INFO  server.RaftServerConfigKeys (ConfUtils.java:logGet(44)) - raft.server.log.preallocated.size = 16384 (custom)
2021-06-09 09:32:51,568 [pool-36-thread-1] INFO  server.RaftServerConfigKeys (ConfUtils.java:logGet(44)) - raft.server.log.force.sync.num = 128 (default)
2021-06-09 09:32:51,569 [pool-36-thread-1] INFO  server.RaftServerConfigKeys (ConfUtils.java:logGet(44)) - raft.server.log.statemachine.data.sync = true (default)
2021-06-09 09:32:51,569 [pool-36-thread-1] INFO  server.RaftServerConfigKeys (ConfUtils.java:logGet(44)) - raft.server.log.statemachine.data.sync.timeout = 10s (default)
2021-06-09 09:32:51,569 [pool-36-thread-1] INFO  server.RaftServerConfigKeys (ConfUtils.java:logGet(44)) - raft.server.log.statemachine.data.sync.timeout.retry = -1 (default)
2021-06-09 09:32:51,569 [pool-36-thread-1] INFO  server.RaftServerConfigKeys (ConfUtils.java:logGet(44)) - raft.server.log.write.buffer.size = 64KB (=65536) (default)
2021-06-09 09:32:51,569 [pool-36-thread-1] INFO  server.RaftServerConfigKeys (ConfUtils.java:logGet(44)) - raft.server.log.statemachine.data.caching.enabled = false (default)
2021-06-09 09:32:51,569 [pool-36-thread-1] INFO  segmented.SegmentedRaftLogWorker (SegmentedRaftLogWorker.java:lambda$new$0(133)) - 943a282b-f1b6-4c47-b0d5-ac1d3ae1d1bb@group-C9E251B369B0-SegmentedRaftLogWorker: flushIndex: setUnconditionally 0 -> -1
2021-06-09 09:32:51,569 [pool-36-thread-1] INFO  segmented.SegmentedRaftLogWorker (SegmentedRaftLogWorker.java:lambda$new$0(133)) - 943a282b-f1b6-4c47-b0d5-ac1d3ae1d1bb@group-C9E251B369B0-SegmentedRaftLogWorker: safeCacheEvictIndex: setUnconditionally 0 -> -1
2021-06-09 09:32:51,571 [pool-36-thread-1] INFO  server.RaftServerConfigKeys (ConfUtils.java:logGet(44)) - raft.server.snapshot.auto.trigger.enabled = true (custom)
2021-06-09 09:32:51,571 [pool-36-thread-1] INFO  server.RaftServerConfigKeys (ConfUtils.java:logGet(44)) - raft.server.snapshot.auto.trigger.threshold = 5 (custom)
2021-06-09 09:32:51,571 [pool-36-thread-1] INFO  server.RaftServerConfigKeys (ConfUtils.java:logGet(44)) - raft.server.snapshot.retention.file.num = -1 (default)
2021-06-09 09:32:51,571 [pool-36-thread-1] INFO  server.RaftServerConfigKeys (ConfUtils.java:logGet(44)) - raft.server.log.purge.upto.snapshot.index = true (custom)
2021-06-09 09:32:51,571 [pool-36-thread-1] INFO  server.RaftServerConfigKeys (ConfUtils.java:logGet(44)) - raft.server.retrycache.expirytime = 60000ms (default)
2021-06-09 09:32:51,571 [pool-36-thread-1] INFO  server.RaftServerConfigKeys (ConfUtils.java:logGet(44)) - raft.server.retrycache.statistics.expirytime = 100μs (default)
2021-06-09 09:32:51,571 [pool-36-thread-1] INFO  metrics.RatisMetrics (RatisMetrics.java:lambda$create$0(36)) - Creating Metrics Registry : ratis.leader_election.943a282b-f1b6-4c47-b0d5-ac1d3ae1d1bb@group-C9E251B369B0
2021-06-09 09:32:51,571 [pool-36-thread-1] WARN  impl.MetricRegistriesImpl (MetricRegistriesImpl.java:lambda$create$1(65)) - First MetricRegistry has been created without registering reporters. You may need to call MetricRegistries.global().addReporterRegistration(...) before.
2021-06-09 09:32:51,571 [pool-36-thread-1] INFO  metrics.RatisMetrics (RatisMetrics.java:lambda$create$0(36)) - Creating Metrics Registry : ratis.server.943a282b-f1b6-4c47-b0d5-ac1d3ae1d1bb@group-C9E251B369B0
2021-06-09 09:32:51,571 [pool-36-thread-1] WARN  impl.MetricRegistriesImpl (MetricRegistriesImpl.java:lambda$create$1(65)) - First MetricRegistry has been created without registering reporters. You may need to call MetricRegistries.global().addReporterRegistration(...) before.
2021-06-09 09:32:51,572 [Listener at 0.0.0.0/14327] INFO  ha.SCMSnapshotProvider (SCMSnapshotProvider.java:<init>(66)) - Initializing SCM Snapshot Provider
2021-06-09 09:32:51,572 [Listener at 0.0.0.0/14327] WARN  server.ServerUtils (ServerUtils.java:getDefaultRatisDirectory(237)) - Storage directory for Ratis is not configured. It is a good idea to map this to an SSD disk. Falling back to ozone.metadata.dirs
2021-06-09 09:32:51,572 [Listener at 0.0.0.0/14327] WARN  ha.SCMHAUtils (SCMHAUtils.java:getSCMRatisSnapshotDirectory(142)) - SCM snapshot dir is not configured. Falling back to ozone.metadata.dirs config
2021-06-09 09:32:51,573 [Listener at 0.0.0.0/14327] INFO  ha.SequenceIdGenerator (SequenceIdGenerator.java:upgradeToSequenceId(327)) - upgrade localId to 107544261427200000
2021-06-09 09:32:51,574 [Listener at 0.0.0.0/14327] INFO  ha.SequenceIdGenerator (SequenceIdGenerator.java:upgradeToSequenceId(337)) - upgrade delTxnId to 0
2021-06-09 09:32:51,575 [Listener at 0.0.0.0/14327] INFO  ha.SequenceIdGenerator (SequenceIdGenerator.java:upgradeToSequenceId(351)) - upgrade containerId to 0
2021-06-09 09:32:51,575 [Listener at 0.0.0.0/14327] INFO  ha.SequenceIdGenerator (SequenceIdGenerator.java:<init>(217)) - Init the HA SequenceIdGenerator.
2021-06-09 09:32:51,575 [Listener at 0.0.0.0/14327] WARN  server.ServerUtils (ServerUtils.java:sanitizeUserArgs(73)) - ozone.scm.stale.node.interval value = 300000 is larger than max = 100000 based on the key value of ozone.scm.heartbeat.thread.interval, reset to the max value 100000.
2021-06-09 09:32:51,575 [Listener at 0.0.0.0/14327] WARN  server.ServerUtils (ServerUtils.java:sanitizeUserArgs(73)) - ozone.scm.stale.node.interval value = 300000 is larger than max = 100000 based on the key value of ozone.scm.heartbeat.thread.interval, reset to the max value 100000.
2021-06-09 09:32:51,579 [Listener at 0.0.0.0/14327] INFO  node.SCMNodeManager (SCMNodeManager.java:<init>(125)) - Entering startup safe mode.
2021-06-09 09:32:51,580 [Listener at 0.0.0.0/14327] INFO  algorithms.ContainerPlacementPolicyFactory (ContainerPlacementPolicyFactory.java:getPolicy(60)) - Create container placement policy of type org.apache.hadoop.hdds.scm.container.placement.algorithms.SCMContainerPlacementRandom
2021-06-09 09:32:51,580 [Listener at 0.0.0.0/14327] INFO  pipeline.PipelineStateManager (PipelineStateManagerV2Impl.java:initialize(78)) - No pipeline exists in current db
2021-06-09 09:32:51,580 [Listener at 0.0.0.0/14327] INFO  algorithms.LeaderChoosePolicyFactory (LeaderChoosePolicyFactory.java:getPolicy(57)) - Create leader choose policy of type org.apache.hadoop.hdds.scm.pipeline.leader.choose.algorithms.MinLeaderCountChoosePolicy
2021-06-09 09:32:51,581 [Listener at 0.0.0.0/14327] INFO  ha.SCMServiceManager (SCMServiceManager.java:register(43)) - Registering service BackgroundPipelineCreator.
2021-06-09 09:32:51,581 [Listener at 0.0.0.0/14327] INFO  pipeline.BackgroundPipelineCreator (BackgroundPipelineCreatorV2.java:start(130)) - Starting RatisPipelineUtilsThread.
2021-06-09 09:32:51,582 [Listener at 0.0.0.0/14327] INFO  algorithms.PipelineChoosePolicyFactory (PipelineChoosePolicyFactory.java:createPipelineChoosePolicyFromClass(73)) - Create pipeline choose policy of type org.apache.hadoop.hdds.scm.pipeline.choose.algorithms.RandomPipelineChoosePolicy
2021-06-09 09:32:51,582 [Listener at 0.0.0.0/14327] INFO  ha.SCMServiceManager (SCMServiceManager.java:register(43)) - Registering service SCMBlockDeletingService.
2021-06-09 09:32:51,583 [Listener at 0.0.0.0/14327] INFO  ha.SCMServiceManager (SCMServiceManager.java:register(43)) - Registering service ReplicationManager.
2021-06-09 09:32:51,584 [Listener at 0.0.0.0/14327] INFO  container.ReplicationManager (ReplicationManager.java:start(227)) - Starting Replication Monitor Thread.
2021-06-09 09:32:51,585 [Listener at 0.0.0.0/14327] INFO  safemode.HealthyPipelineSafeModeRule (HealthyPipelineSafeModeRule.java:<init>(90)) - Total pipeline count is 0, healthy pipeline threshold count is 0
2021-06-09 09:32:51,585 [Listener at 0.0.0.0/14327] INFO  safemode.OneReplicaPipelineSafeModeRule (OneReplicaPipelineSafeModeRule.java:<init>(86)) - Total pipeline count is 0, pipeline's with at least one datanode reported threshold count is 0
2021-06-09 09:32:51,592 [Listener at 0.0.0.0/14327] INFO  ipc.CallQueueManager (CallQueueManager.java:<init>(85)) - Using callQueue: class java.util.concurrent.LinkedBlockingQueue, queueCapacity: 2000, scheduler: class org.apache.hadoop.ipc.DefaultRpcScheduler, ipcBackoff: false.
2021-06-09 09:32:51,592 [ReplicationMonitor] INFO  container.ReplicationManager (ReplicationManager.java:run(291)) - Replication Monitor Thread took 0 milliseconds for processing 0 containers.
2021-06-09 09:32:51,593 [Socket Reader #1 for port 14335] INFO  ipc.Server (Server.java:run(1255)) - Starting Socket Reader #1 for port 14335
2021-06-09 09:32:51,594 [Listener at 0.0.0.0/14335] INFO  ipc.CallQueueManager (CallQueueManager.java:<init>(85)) - Using callQueue: class java.util.concurrent.LinkedBlockingQueue, queueCapacity: 2000, scheduler: class org.apache.hadoop.ipc.DefaultRpcScheduler, ipcBackoff: false.
2021-06-09 09:32:51,595 [Socket Reader #1 for port 14336] INFO  ipc.Server (Server.java:run(1255)) - Starting Socket Reader #1 for port 14336
2021-06-09 09:32:51,597 [Listener at 0.0.0.0/14336] INFO  ipc.CallQueueManager (CallQueueManager.java:<init>(85)) - Using callQueue: class java.util.concurrent.LinkedBlockingQueue, queueCapacity: 2000, scheduler: class org.apache.hadoop.ipc.DefaultRpcScheduler, ipcBackoff: false.
2021-06-09 09:32:51,597 [Socket Reader #1 for port 14337] INFO  ipc.Server (Server.java:run(1255)) - Starting Socket Reader #1 for port 14337
2021-06-09 09:32:51,602 [Listener at 0.0.0.0/14337] INFO  server.StorageContainerManager (StorageContainerManager.java:<init>(420)) - 
Container Balancer status:
Key                            Value
Running                        true
Container Balancer Configuration values:
Key                            Value
Threshold                      0.1
Max Datanodes to Balance       5
Max Size to Move               10737418240B

2021-06-09 09:32:51,602 [Listener at 0.0.0.0/14337] WARN  events.EventQueue (EventQueue.java:fireEvent(185)) - No event handler registered for event TypedEvent{payloadType=SafeModeStatus, name='Safe mode status'}
2021-06-09 09:32:51,602 [Listener at 0.0.0.0/14337] INFO  ha.SCMContext (SCMContext.java:updateSafeModeStatus(148)) - Update SafeModeStatus from SafeModeStatus{safeModeStatus=true, preCheckPassed=false} to SafeModeStatus{safeModeStatus=true, preCheckPassed=false}.
2021-06-09 09:32:51,603 [Listener at 0.0.0.0/14337] INFO  server.StorageContainerManager (StorageContainerManager.java:start(1208)) - StorageContainerLocationProtocol RPC server is listening at /0.0.0.0:14337
2021-06-09 09:32:51,603 [Listener at 0.0.0.0/14337] INFO  ha.SCMRatisServerImpl (SCMRatisServerImpl.java:start(171)) - starting ratis server 0.0.0.0:14334
2021-06-09 09:32:51,603 [Listener at 0.0.0.0/14337] INFO  server.RaftServer$Division (RaftServerImpl.java:start(298)) - 943a282b-f1b6-4c47-b0d5-ac1d3ae1d1bb@group-C9E251B369B0: start with initializing state, conf=-1: [], old=null
2021-06-09 09:32:51,604 [Listener at 0.0.0.0/14337] INFO  server.RaftServer$Division (RaftServerImpl.java:setRole(284)) - 943a282b-f1b6-4c47-b0d5-ac1d3ae1d1bb@group-C9E251B369B0: changes role from      null to FOLLOWER at term 0 for startInitializing
2021-06-09 09:32:51,604 [Listener at 0.0.0.0/14337] INFO  util.JmxRegister (JmxRegister.java:tryRegister(44)) - Successfully registered JMX Bean with object name Ratis:service=RaftServer,group=group-C9E251B369B0,id=943a282b-f1b6-4c47-b0d5-ac1d3ae1d1bb
2021-06-09 09:32:51,604 [Listener at 0.0.0.0/14337] INFO  metrics.RatisMetrics (RatisMetrics.java:lambda$create$0(36)) - Creating Metrics Registry : ratis.state_machine.943a282b-f1b6-4c47-b0d5-ac1d3ae1d1bb@group-C9E251B369B0
2021-06-09 09:32:51,604 [Listener at 0.0.0.0/14337] WARN  impl.MetricRegistriesImpl (MetricRegistriesImpl.java:lambda$create$1(65)) - First MetricRegistry has been created without registering reporters. You may need to call MetricRegistries.global().addReporterRegistration(...) before.
2021-06-09 09:32:51,605 [Listener at 0.0.0.0/14337] INFO  server.RaftServer (RaftServerProxy.java:lambda$start$5(374)) - 943a282b-f1b6-4c47-b0d5-ac1d3ae1d1bb: start RPC server
2021-06-09 09:32:51,606 [Listener at 0.0.0.0/14337] INFO  server.GrpcService (GrpcService.java:startImpl(253)) - 943a282b-f1b6-4c47-b0d5-ac1d3ae1d1bb: GrpcService started, listening on 14334
2021-06-09 09:32:51,621 [org.apache.ratis.util.JvmPauseMonitor$$Lambda$493/731610911@1c14d24d] INFO  util.JvmPauseMonitor (JvmPauseMonitor.java:run(103)) - JvmPauseMonitor-943a282b-f1b6-4c47-b0d5-ac1d3ae1d1bb: Started
2021-06-09 09:32:51,623 [Listener at 0.0.0.0/14337] INFO  ha.SCMNodeInfo (SCMNodeInfo.java:getPort(197)) - ConfigKey ozone.scm.client.address is deprecated, For configuring different ports for each SCM use PortConfigKey ozone.scm.client.port appended with serviceId and nodeId
2021-06-09 09:32:51,623 [Listener at 0.0.0.0/14337] INFO  ha.SCMNodeInfo (SCMNodeInfo.java:getPort(197)) - ConfigKey ozone.scm.block.client.address is deprecated, For configuring different ports for each SCM use PortConfigKey ozone.scm.block.client.port appended with serviceId and nodeId
2021-06-09 09:32:51,623 [Listener at 0.0.0.0/14337] INFO  ha.SCMNodeInfo (SCMNodeInfo.java:getPort(197)) - ConfigKey ozone.scm.datanode.address is deprecated, For configuring different ports for each SCM use PortConfigKey ozone.scm.datanode.port appended with serviceId and nodeId
2021-06-09 09:32:51,623 [Listener at 0.0.0.0/14337] INFO  ha.SCMNodeInfo (SCMNodeInfo.java:getPort(197)) - ConfigKey ozone.scm.client.address is deprecated, For configuring different ports for each SCM use PortConfigKey ozone.scm.client.port appended with serviceId and nodeId
2021-06-09 09:32:51,623 [Listener at 0.0.0.0/14337] INFO  ha.SCMNodeInfo (SCMNodeInfo.java:getPort(197)) - ConfigKey ozone.scm.block.client.address is deprecated, For configuring different ports for each SCM use PortConfigKey ozone.scm.block.client.port appended with serviceId and nodeId
2021-06-09 09:32:51,623 [Listener at 0.0.0.0/14337] INFO  ha.SCMNodeInfo (SCMNodeInfo.java:getPort(197)) - ConfigKey ozone.scm.datanode.address is deprecated, For configuring different ports for each SCM use PortConfigKey ozone.scm.datanode.port appended with serviceId and nodeId
2021-06-09 09:32:51,623 [Listener at 0.0.0.0/14337] INFO  ha.SCMNodeInfo (SCMNodeInfo.java:getPort(197)) - ConfigKey ozone.scm.client.address is deprecated, For configuring different ports for each SCM use PortConfigKey ozone.scm.client.port appended with serviceId and nodeId
2021-06-09 09:32:51,623 [Listener at 0.0.0.0/14337] INFO  ha.SCMNodeInfo (SCMNodeInfo.java:getPort(197)) - ConfigKey ozone.scm.block.client.address is deprecated, For configuring different ports for each SCM use PortConfigKey ozone.scm.block.client.port appended with serviceId and nodeId
2021-06-09 09:32:51,624 [Listener at 0.0.0.0/14337] INFO  ha.SCMNodeInfo (SCMNodeInfo.java:getPort(197)) - ConfigKey ozone.scm.datanode.address is deprecated, For configuring different ports for each SCM use PortConfigKey ozone.scm.datanode.port appended with serviceId and nodeId
2021-06-09 09:32:51,637 [IPC Server handler 1 on default port 14326] INFO  ha.SCMRatisServerImpl (SCMRatisServerImpl.java:addSCM(282)) - e0e3eed1-d528-4a83-939c-b34003b9dea6: Submitting SetConfiguration request to Ratis server with new SCM peers list: [e0e3eed1-d528-4a83-939c-b34003b9dea6|rpc:localhost:14324|admin:|client:|dataStream:|priority:0, 943a282b-f1b6-4c47-b0d5-ac1d3ae1d1bb|rpc:localhost:14334|priority:0]
2021-06-09 09:32:51,647 [IPC Server handler 1 on default port 14326] INFO  server.RaftServer$Division (RaftServerImpl.java:setConfigurationAsync(970)) - e0e3eed1-d528-4a83-939c-b34003b9dea6@group-C9E251B369B0: receive setConfiguration SetConfigurationRequest:client-7D13B609FBAF->e0e3eed1-d528-4a83-939c-b34003b9dea6@group-C9E251B369B0, cid=0, seq=0, RW, null, peers:[e0e3eed1-d528-4a83-939c-b34003b9dea6|rpc:localhost:14324|admin:|client:|dataStream:|priority:0, 943a282b-f1b6-4c47-b0d5-ac1d3ae1d1bb|rpc:localhost:14334|priority:0]
2021-06-09 09:32:51,648 [IPC Server handler 1 on default port 14326] INFO  server.RaftServer$Division (LeaderStateImpl.java:startSetConfiguration(345)) - e0e3eed1-d528-4a83-939c-b34003b9dea6@group-C9E251B369B0-LeaderStateImpl: startSetConfiguration SetConfigurationRequest:client-7D13B609FBAF->e0e3eed1-d528-4a83-939c-b34003b9dea6@group-C9E251B369B0, cid=0, seq=0, RW, null, peers:[e0e3eed1-d528-4a83-939c-b34003b9dea6|rpc:localhost:14324|admin:|client:|dataStream:|priority:0, 943a282b-f1b6-4c47-b0d5-ac1d3ae1d1bb|rpc:localhost:14334|priority:0]
2021-06-09 09:32:51,653 [IPC Server handler 1 on default port 14326] INFO  server.RaftServerConfigKeys (ConfUtils.java:logGet(44)) - raft.server.log.appender.snapshot.chunk.size.max = 16MB (=16777216) (default)
2021-06-09 09:32:51,653 [IPC Server handler 1 on default port 14326] INFO  server.RaftServerConfigKeys (ConfUtils.java:logGet(44)) - raft.server.log.appender.buffer.byte-limit = 33554432 (custom)
2021-06-09 09:32:51,653 [IPC Server handler 1 on default port 14326] INFO  server.RaftServerConfigKeys (ConfUtils.java:logGet(44)) - raft.server.log.appender.buffer.element-limit = 33554432 (custom)
2021-06-09 09:32:51,735 [IPC Server handler 1 on default port 14326] INFO  grpc.GrpcConfigKeys (ConfUtils.java:logGet(44)) - raft.grpc.server.leader.outstanding.appends.max = 128 (default)
2021-06-09 09:32:51,735 [IPC Server handler 1 on default port 14326] INFO  server.RaftServerConfigKeys (ConfUtils.java:logGet(44)) - raft.server.rpc.request.timeout = 3000ms (default)
2021-06-09 09:32:51,735 [IPC Server handler 1 on default port 14326] INFO  server.RaftServerConfigKeys (ConfUtils.java:logGet(44)) - raft.server.log.appender.install.snapshot.enabled = false (custom)
2021-06-09 09:32:51,736 [IPC Server handler 1 on default port 14326] INFO  metrics.RatisMetrics (RatisMetrics.java:lambda$create$0(36)) - Creating Metrics Registry : ratis_grpc.log_appender.e0e3eed1-d528-4a83-939c-b34003b9dea6@group-C9E251B369B0
2021-06-09 09:32:51,736 [IPC Server handler 1 on default port 14326] WARN  impl.MetricRegistriesImpl (MetricRegistriesImpl.java:lambda$create$1(65)) - First MetricRegistry has been created without registering reporters. You may need to call MetricRegistries.global().addReporterRegistration(...) before.
2021-06-09 09:32:51,990 [grpc-default-executor-2] INFO  metrics.RatisMetrics (RatisMetrics.java:lambda$create$0(36)) - Creating Metrics Registry : ratis.server_message_metrics.943a282b-f1b6-4c47-b0d5-ac1d3ae1d1bb
2021-06-09 09:32:51,992 [grpc-default-executor-2] WARN  impl.MetricRegistriesImpl (MetricRegistriesImpl.java:lambda$create$1(65)) - First MetricRegistry has been created without registering reporters. You may need to call MetricRegistries.global().addReporterRegistration(...) before.
2021-06-09 09:32:52,008 [grpc-default-executor-2] INFO  ha.SCMStateMachine (SCMStateMachine.java:notifyLeaderChanged(233)) - leader changed, yet current SCM is still follower.
2021-06-09 09:32:52,009 [grpc-default-executor-2] INFO  server.RaftServer$Division (ServerState.java:setLeader(271)) - 943a282b-f1b6-4c47-b0d5-ac1d3ae1d1bb@group-C9E251B369B0: change Leader from null to e0e3eed1-d528-4a83-939c-b34003b9dea6 at term 2 for appendEntries, leader elected after 441ms
2021-06-09 09:32:52,009 [grpc-default-executor-2] INFO  impl.RoleInfo (RoleInfo.java:updateAndGet(130)) - 943a282b-f1b6-4c47-b0d5-ac1d3ae1d1bb: start 943a282b-f1b6-4c47-b0d5-ac1d3ae1d1bb@group-C9E251B369B0-FollowerState
2021-06-09 09:32:52,016 [grpc-default-executor-2] INFO  server.RaftServer$Division (ServerState.java:setRaftConf(373)) - 943a282b-f1b6-4c47-b0d5-ac1d3ae1d1bb@group-C9E251B369B0: set configuration 0: [e0e3eed1-d528-4a83-939c-b34003b9dea6|rpc:localhost:14324|admin:|client:|dataStream:|priority:0], old=null
2021-06-09 09:32:52,016 [grpc-default-executor-2] INFO  server.RaftServer$Division (ServerState.java:setRaftConf(373)) - 943a282b-f1b6-4c47-b0d5-ac1d3ae1d1bb@group-C9E251B369B0: set configuration 1: [e0e3eed1-d528-4a83-939c-b34003b9dea6|rpc:localhost:14324|admin:|client:|dataStream:|priority:0], old=null
2021-06-09 09:32:52,016 [grpc-default-executor-2] INFO  segmented.SegmentedRaftLogWorker (SegmentedRaftLogWorker.java:startLogSegment(394)) - 943a282b-f1b6-4c47-b0d5-ac1d3ae1d1bb@group-C9E251B369B0-SegmentedRaftLogWorker: Starting segment from index:0
2021-06-09 09:32:52,016 [grpc-default-executor-2] INFO  segmented.SegmentedRaftLogWorker (SegmentedRaftLogWorker.java:rollLogSegment(399)) - 943a282b-f1b6-4c47-b0d5-ac1d3ae1d1bb@group-C9E251B369B0-SegmentedRaftLogWorker: Rolling segment log-0_0 to index:0
2021-06-09 09:32:52,017 [943a282b-f1b6-4c47-b0d5-ac1d3ae1d1bb@group-C9E251B369B0-SegmentedRaftLogWorker] INFO  segmented.SegmentedRaftLogWorker (SegmentedRaftLogWorker.java:execute(601)) - 943a282b-f1b6-4c47-b0d5-ac1d3ae1d1bb@group-C9E251B369B0-SegmentedRaftLogWorker: created new log segment /home/runner/work/ozone/ozone/mnt/ozone/hadoop-ozone/integration-test/target/test-dir/MiniOzoneClusterImpl-43f0ca0c-372e-4c55-aedd-c9e251b369b0/scmNode-2/scm-ha/43f0ca0c-372e-4c55-aedd-c9e251b369b0/current/log_inprogress_0
2021-06-09 09:32:52,018 [943a282b-f1b6-4c47-b0d5-ac1d3ae1d1bb@group-C9E251B369B0-SegmentedRaftLogWorker] INFO  segmented.SegmentedRaftLogWorker (SegmentedRaftLogWorker.java:execute(558)) - 943a282b-f1b6-4c47-b0d5-ac1d3ae1d1bb@group-C9E251B369B0-SegmentedRaftLogWorker: Rolled log segment from /home/runner/work/ozone/ozone/mnt/ozone/hadoop-ozone/integration-test/target/test-dir/MiniOzoneClusterImpl-43f0ca0c-372e-4c55-aedd-c9e251b369b0/scmNode-2/scm-ha/43f0ca0c-372e-4c55-aedd-c9e251b369b0/current/log_inprogress_0 to /home/runner/work/ozone/ozone/mnt/ozone/hadoop-ozone/integration-test/target/test-dir/MiniOzoneClusterImpl-43f0ca0c-372e-4c55-aedd-c9e251b369b0/scmNode-2/scm-ha/43f0ca0c-372e-4c55-aedd-c9e251b369b0/current/log_0-0
2021-06-09 09:32:52,019 [943a282b-f1b6-4c47-b0d5-ac1d3ae1d1bb@group-C9E251B369B0-SegmentedRaftLogWorker] INFO  segmented.SegmentedRaftLogWorker (SegmentedRaftLogWorker.java:execute(601)) - 943a282b-f1b6-4c47-b0d5-ac1d3ae1d1bb@group-C9E251B369B0-SegmentedRaftLogWorker: created new log segment /home/runner/work/ozone/ozone/mnt/ozone/hadoop-ozone/integration-test/target/test-dir/MiniOzoneClusterImpl-43f0ca0c-372e-4c55-aedd-c9e251b369b0/scmNode-2/scm-ha/43f0ca0c-372e-4c55-aedd-c9e251b369b0/current/log_inprogress_1
2021-06-09 09:32:52,039 [e0e3eed1-d528-4a83-939c-b34003b9dea6@group-C9E251B369B0-LeaderStateImpl] INFO  server.RaftServer$Division (ServerState.java:setRaftConf(373)) - e0e3eed1-d528-4a83-939c-b34003b9dea6@group-C9E251B369B0: set configuration 3: [e0e3eed1-d528-4a83-939c-b34003b9dea6|rpc:localhost:14324|admin:|client:|dataStream:|priority:0, 943a282b-f1b6-4c47-b0d5-ac1d3ae1d1bb|rpc:localhost:14334|priority:0], old=[e0e3eed1-d528-4a83-939c-b34003b9dea6|rpc:localhost:14324|admin:|client:|dataStream:|priority:0]
2021-06-09 09:32:52,045 [grpc-default-executor-2] INFO  server.RaftServer$Division (ServerState.java:setRaftConf(373)) - 943a282b-f1b6-4c47-b0d5-ac1d3ae1d1bb@group-C9E251B369B0: set configuration 3: [e0e3eed1-d528-4a83-939c-b34003b9dea6|rpc:localhost:14324|admin:|client:|dataStream:|priority:0, 943a282b-f1b6-4c47-b0d5-ac1d3ae1d1bb|rpc:localhost:14334|admin:|client:|dataStream:|priority:0], old=[e0e3eed1-d528-4a83-939c-b34003b9dea6|rpc:localhost:14324|admin:|client:|dataStream:|priority:0]
2021-06-09 09:32:52,049 [e0e3eed1-d528-4a83-939c-b34003b9dea6@group-C9E251B369B0-LeaderStateImpl] INFO  server.RaftServer$Division (ServerState.java:setRaftConf(373)) - e0e3eed1-d528-4a83-939c-b34003b9dea6@group-C9E251B369B0: set configuration 5: [e0e3eed1-d528-4a83-939c-b34003b9dea6|rpc:localhost:14324|admin:|client:|dataStream:|priority:0, 943a282b-f1b6-4c47-b0d5-ac1d3ae1d1bb|rpc:localhost:14334|priority:0], old=null
2021-06-09 09:32:52,051 [grpc-default-executor-2] INFO  server.RaftServer$Division (ServerState.java:setRaftConf(373)) - 943a282b-f1b6-4c47-b0d5-ac1d3ae1d1bb@group-C9E251B369B0: set configuration 5: [e0e3eed1-d528-4a83-939c-b34003b9dea6|rpc:localhost:14324|admin:|client:|dataStream:|priority:0, 943a282b-f1b6-4c47-b0d5-ac1d3ae1d1bb|rpc:localhost:14334|admin:|client:|dataStream:|priority:0], old=null
2021-06-09 09:32:52,058 [e0e3eed1-d528-4a83-939c-b34003b9dea6@group-C9E251B369B0-StateMachineUpdater] INFO  ha.SCMStateMachine (SCMStateMachine.java:takeSnapshot(282)) - Current Snapshot Index 5, takeSnapshot took 0 ms
2021-06-09 09:32:52,058 [e0e3eed1-d528-4a83-939c-b34003b9dea6@group-C9E251B369B0-StateMachineUpdater] INFO  impl.StateMachineUpdater (StateMachineUpdater.java:takeSnapshot(281)) - e0e3eed1-d528-4a83-939c-b34003b9dea6@group-C9E251B369B0-StateMachineUpdater: Took a snapshot at index 5
2021-06-09 09:32:52,058 [e0e3eed1-d528-4a83-939c-b34003b9dea6@group-C9E251B369B0-StateMachineUpdater] INFO  impl.StateMachineUpdater (StateMachineUpdater.java:lambda$new$0(89)) - e0e3eed1-d528-4a83-939c-b34003b9dea6@group-C9E251B369B0-StateMachineUpdater: snapshotIndex: updateIncreasingly -1 -> 5
2021-06-09 09:32:52,058 [e0e3eed1-d528-4a83-939c-b34003b9dea6@group-C9E251B369B0-StateMachineUpdater] INFO  raftlog.RaftLog (RaftLogBase.java:purge(306)) - e0e3eed1-d528-4a83-939c-b34003b9dea6@group-C9E251B369B0-SegmentedRaftLog: purge 5
2021-06-09 09:32:52,059 [e0e3eed1-d528-4a83-939c-b34003b9dea6@group-C9E251B369B0-StateMachineUpdater] INFO  raftlog.RaftLog (RaftLogBase.java:lambda$new$0(53)) - e0e3eed1-d528-4a83-939c-b34003b9dea6@group-C9E251B369B0-SegmentedRaftLog: snapshotIndex: updateIncreasingly -1 -> 5
2021-06-09 09:32:52,060 [IPC Server handler 1 on default port 14326] INFO  ha.SCMRatisServerImpl (SCMRatisServerImpl.java:addSCM(293)) - Successfully added new SCM: 943a282b-f1b6-4c47-b0d5-ac1d3ae1d1bb.
2021-06-09 09:32:52,060 [e0e3eed1-d528-4a83-939c-b34003b9dea6@group-C9E251B369B0-SegmentedRaftLogWorker] INFO  raftlog.RaftLog (RaftLogBase.java:lambda$new$0(53)) - e0e3eed1-d528-4a83-939c-b34003b9dea6@group-C9E251B369B0-SegmentedRaftLog: purgeIndex: updateToMax old=-1, new=0, updated? true
2021-06-09 09:32:52,062 [Listener at 0.0.0.0/14337] INFO  ha.SCMHAManagerImpl (SCMHAManagerImpl.java:start(116)) - Successfully added SCM scmNode-2 to group group-C9E251B369B0:[e0e3eed1-d528-4a83-939c-b34003b9dea6|rpc:localhost:14324|admin:|client:|dataStream:|priority:0, 943a282b-f1b6-4c47-b0d5-ac1d3ae1d1bb|rpc:localhost:14334|admin:|client:|dataStream:|priority:0]
2021-06-09 09:32:52,062 [Listener at 0.0.0.0/14337] INFO  ha.InterSCMGrpcService (InterSCMGrpcProtocolService.java:start(94)) - Starting SCM Grpc Service at port 14338
2021-06-09 09:32:52,072 [943a282b-f1b6-4c47-b0d5-ac1d3ae1d1bb@group-C9E251B369B0-StateMachineUpdater] INFO  ha.SCMStateMachine (SCMStateMachine.java:takeSnapshot(282)) - Current Snapshot Index 5, takeSnapshot took 0 ms
2021-06-09 09:32:52,072 [943a282b-f1b6-4c47-b0d5-ac1d3ae1d1bb@group-C9E251B369B0-StateMachineUpdater] INFO  impl.StateMachineUpdater (StateMachineUpdater.java:takeSnapshot(281)) - 943a282b-f1b6-4c47-b0d5-ac1d3ae1d1bb@group-C9E251B369B0-StateMachineUpdater: Took a snapshot at index 5
2021-06-09 09:32:52,072 [943a282b-f1b6-4c47-b0d5-ac1d3ae1d1bb@group-C9E251B369B0-StateMachineUpdater] INFO  impl.StateMachineUpdater (StateMachineUpdater.java:lambda$new$0(89)) - 943a282b-f1b6-4c47-b0d5-ac1d3ae1d1bb@group-C9E251B369B0-StateMachineUpdater: snapshotIndex: updateIncreasingly -1 -> 5
2021-06-09 09:32:52,072 [943a282b-f1b6-4c47-b0d5-ac1d3ae1d1bb@group-C9E251B369B0-StateMachineUpdater] INFO  raftlog.RaftLog (RaftLogBase.java:purge(306)) - 943a282b-f1b6-4c47-b0d5-ac1d3ae1d1bb@group-C9E251B369B0-SegmentedRaftLog: purge 5
2021-06-09 09:32:52,072 [943a282b-f1b6-4c47-b0d5-ac1d3ae1d1bb@group-C9E251B369B0-StateMachineUpdater] INFO  raftlog.RaftLog (RaftLogBase.java:lambda$new$0(53)) - 943a282b-f1b6-4c47-b0d5-ac1d3ae1d1bb@group-C9E251B369B0-SegmentedRaftLog: snapshotIndex: updateIncreasingly -1 -> 5
2021-06-09 09:32:52,072 [943a282b-f1b6-4c47-b0d5-ac1d3ae1d1bb@group-C9E251B369B0-SegmentedRaftLogWorker] INFO  raftlog.RaftLog (RaftLogBase.java:lambda$new$0(53)) - 943a282b-f1b6-4c47-b0d5-ac1d3ae1d1bb@group-C9E251B369B0-SegmentedRaftLog: purgeIndex: updateToMax old=-1, new=0, updated? true
2021-06-09 09:32:52,076 [Listener at 0.0.0.0/14337] INFO  impl.MetricsSystemImpl (MetricsSystemImpl.java:init(158)) - StorageContainerManager metrics system started (again)
2021-06-09 09:32:52,079 [Listener at 0.0.0.0/14337] INFO  server.SCMClientProtocolServer (SCMClientProtocolServer.java:start(157)) - RPC server for Client  is listening at /0.0.0.0:14337
2021-06-09 09:32:52,080 [IPC Server Responder] INFO  ipc.Server (Server.java:run(1497)) - IPC Server Responder: starting
2021-06-09 09:32:52,080 [IPC Server listener on 14337] INFO  ipc.Server (Server.java:run(1334)) - IPC Server listener on 14337: starting
2021-06-09 09:32:52,083 [Listener at 0.0.0.0/14337] INFO  server.StorageContainerManager (StorageContainerManager.java:start(1223)) - ScmBlockLocationProtocol RPC server is listening at /0.0.0.0:14336
2021-06-09 09:32:52,083 [Listener at 0.0.0.0/14337] INFO  server.SCMBlockProtocolServer (SCMBlockProtocolServer.java:start(149)) - RPC server for Block Protocol is listening at /0.0.0.0:14336
2021-06-09 09:32:52,085 [IPC Server Responder] INFO  ipc.Server (Server.java:run(1497)) - IPC Server Responder: starting
2021-06-09 09:32:52,085 [IPC Server listener on 14336] INFO  ipc.Server (Server.java:run(1334)) - IPC Server listener on 14336: starting
2021-06-09 09:32:52,090 [Listener at 0.0.0.0/14337] INFO  server.StorageContainerManager (StorageContainerManager.java:start(1229)) - ScmDatanodeProtocl RPC server is listening at /0.0.0.0:14335
2021-06-09 09:32:52,090 [Listener at 0.0.0.0/14337] INFO  server.SCMDatanodeProtocolServer (SCMDatanodeProtocolServer.java:start(174)) - RPC server for DataNodes is listening at /0.0.0.0:14335
2021-06-09 09:32:52,091 [IPC Server Responder] INFO  ipc.Server (Server.java:run(1497)) - IPC Server Responder: starting
2021-06-09 09:32:52,091 [IPC Server listener on 14335] INFO  ipc.Server (Server.java:run(1334)) - IPC Server listener on 14335: starting
2021-06-09 09:32:52,105 [Listener at 0.0.0.0/14337] INFO  http.BaseHttpServer (BaseHttpServer.java:newHttpServer2BuilderForOzone(209)) - Starting Web-server for scm at: http://0.0.0.0:14332
2021-06-09 09:32:52,105 [Listener at 0.0.0.0/14337] INFO  http.BaseHttpServer (BaseHttpServer.java:<init>(107)) - Hadoop Security Enabled: false Ozone Security Enabled: false Ozone HTTP Security Enabled: false 
2021-06-09 09:32:52,106 [Listener at 0.0.0.0/14337] INFO  server.AuthenticationFilter (AuthenticationFilter.java:constructSecretProvider(240)) - Unable to initialize FileSignerSecretProvider, falling back to use random secrets.
2021-06-09 09:32:52,107 [Listener at 0.0.0.0/14337] WARN  http.HttpRequestLog (HttpRequestLog.java:getRequestLog(103)) - Jetty request log can only be enabled using Log4j
2021-06-09 09:32:52,108 [Listener at 0.0.0.0/14337] INFO  http.HttpServer2 (HttpServer2.java:addGlobalFilter(1020)) - Added global filter 'safety' (class=org.apache.hadoop.hdds.server.http.HttpServer2$QuotingInputFilter)
2021-06-09 09:32:52,109 [Listener at 0.0.0.0/14337] INFO  http.HttpServer2 (HttpServer2.java:addFilter(996)) - Added filter static_user_filter (class=org.apache.hadoop.http.lib.StaticUserWebFilter$StaticUserFilter) to context scm
2021-06-09 09:32:52,109 [Listener at 0.0.0.0/14337] INFO  http.HttpServer2 (HttpServer2.java:addFilter(1004)) - Added filter static_user_filter (class=org.apache.hadoop.http.lib.StaticUserWebFilter$StaticUserFilter) to context static
2021-06-09 09:32:52,109 [Listener at 0.0.0.0/14337] INFO  http.HttpServer2 (HttpServer2.java:addFilter(1004)) - Added filter static_user_filter (class=org.apache.hadoop.http.lib.StaticUserWebFilter$StaticUserFilter) to context logs
2021-06-09 09:32:52,110 [Listener at 0.0.0.0/14337] INFO  http.HttpServer2 (HttpServer2.java:bindListener(1238)) - Jetty bound to port 14332
2021-06-09 09:32:52,110 [Listener at 0.0.0.0/14337] INFO  server.Server (Server.java:doStart(375)) - jetty-9.4.35.v20201120; built: 2020-11-20T21:17:03.964Z; git: bdc54f03a5e0a7e280fab27f55c3c75ee8da89fb; jvm 1.8.0_292-b10
2021-06-09 09:32:52,105 [org.apache.hadoop.util.JvmPauseMonitor$Monitor@45017263] INFO  util.JvmPauseMonitor (JvmPauseMonitor.java:run(188)) - Starting JVM pause monitor
2021-06-09 09:32:52,123 [Listener at 0.0.0.0/14337] INFO  server.session (DefaultSessionIdManager.java:doStart(334)) - DefaultSessionIdManager workerName=node0
2021-06-09 09:32:52,123 [Listener at 0.0.0.0/14337] INFO  server.session (DefaultSessionIdManager.java:doStart(339)) - No SessionScavenger set, using defaults
2021-06-09 09:32:52,124 [Listener at 0.0.0.0/14337] INFO  server.session (HouseKeeper.java:startScavenging(132)) - node0 Scavenging every 600000ms
2021-06-09 09:32:52,124 [Listener at 0.0.0.0/14337] INFO  handler.ContextHandler (ContextHandler.java:doStart(916)) - Started o.e.j.s.ServletContextHandler@6c1a6db1{logs,/logs,file:///home/runner/work/ozone/ozone/mnt/ozone/hadoop-ozone/integration-test/target/log,AVAILABLE}
2021-06-09 09:32:52,125 [Listener at 0.0.0.0/14337] INFO  handler.ContextHandler (ContextHandler.java:doStart(916)) - Started o.e.j.s.ServletContextHandler@a6204e4{static,/static,file:///home/runner/work/ozone/ozone/mnt/ozone/hadoop-ozone/integration-test/target/test-classes/webapps/static,AVAILABLE}
2021-06-09 09:32:52,130 [Listener at 0.0.0.0/14337] INFO  handler.ContextHandler (ContextHandler.java:doStart(916)) - Started o.e.j.w.WebAppContext@10508ba6{scm,/,file:///home/runner/work/ozone/ozone/mnt/ozone/hadoop-ozone/integration-test/target/test-classes/webapps/scm/,AVAILABLE}{file:/home/runner/work/ozone/ozone/mnt/ozone/hadoop-ozone/integration-test/target/test-classes/webapps/scm}
2021-06-09 09:32:52,140 [Listener at 0.0.0.0/14337] INFO  server.AbstractConnector (AbstractConnector.java:doStart(331)) - Started ServerConnector@147097ad{HTTP/1.1, (http/1.1)}{0.0.0.0:14332}
2021-06-09 09:32:52,140 [Listener at 0.0.0.0/14337] INFO  server.Server (Server.java:doStart(415)) - Started @16903ms
2021-06-09 09:32:52,140 [Listener at 0.0.0.0/14337] WARN  impl.MetricsSystemImpl (MetricsSystemImpl.java:register(279)) - Sink prometheus already exists!
2021-06-09 09:32:52,140 [Listener at 0.0.0.0/14337] INFO  http.BaseHttpServer (BaseHttpServer.java:updateConnectorAddress(329)) - HTTP server of scm listening at http://0.0.0.0:14332
2021-06-09 09:32:52,141 [Listener at 0.0.0.0/14337] INFO  ozone.MiniOzoneHAClusterImpl (MiniOzoneHAClusterImpl.java:createSCMService(537)) - Started SCM RPC server at org.apache.hadoop.hdds.scm.server.SCMClientProtocolServer@da11873
2021-06-09 09:32:52,141 [Listener at 0.0.0.0/14337] INFO  ha.SCMHANodeDetails (SCMHANodeDetails.java:loadSCMHAConfig(157)) - ServiceID for StorageContainerManager is scm-service-test1
2021-06-09 09:32:52,141 [Listener at 0.0.0.0/14337] INFO  ha.SCMHANodeDetails (SCMHANodeDetails.java:loadSCMHAConfig(168)) - ServiceID for StorageContainerManager is scm-service-test1
2021-06-09 09:32:52,142 [Listener at 0.0.0.0/14337] WARN  scm.ScmUtils (ScmUtils.java:logWarn(179)) - ConfigKey ozone.scm.block.client.address is deprecated, For configuring different ports for each SCM use PortConfigKey ozone.scm.block.client.port appended with serviceId and nodeId. If want to configure same port configure ozone.scm.block.client.port
2021-06-09 09:32:52,142 [Listener at 0.0.0.0/14337] WARN  scm.ScmUtils (ScmUtils.java:logWarn(179)) - ConfigKey ozone.scm.client.address is deprecated, For configuring different ports for each SCM use PortConfigKey ozone.scm.client.port appended with serviceId and nodeId. If want to configure same port configure ozone.scm.client.port
2021-06-09 09:32:52,142 [Listener at 0.0.0.0/14337] WARN  scm.ScmUtils (ScmUtils.java:logWarn(179)) - ConfigKey ozone.scm.datanode.address is deprecated, For configuring different ports for each SCM use PortConfigKey ozone.scm.datanode.port appended with serviceId and nodeId. If want to configure same port configure ozone.scm.datanode.port
2021-06-09 09:32:52,143 [Listener at 0.0.0.0/14337] WARN  scm.ScmUtils (ScmUtils.java:logWarn(179)) - ConfigKey ozone.scm.block.client.address is deprecated, For configuring different ports for each SCM use PortConfigKey ozone.scm.block.client.port appended with serviceId and nodeId. If want to configure same port configure ozone.scm.block.client.port
2021-06-09 09:32:52,143 [Listener at 0.0.0.0/14337] WARN  scm.ScmUtils (ScmUtils.java:logWarn(179)) - ConfigKey ozone.scm.client.address is deprecated, For configuring different ports for each SCM use PortConfigKey ozone.scm.client.port appended with serviceId and nodeId. If want to configure same port configure ozone.scm.client.port
2021-06-09 09:32:52,144 [Listener at 0.0.0.0/14337] WARN  scm.ScmUtils (ScmUtils.java:logWarn(179)) - ConfigKey ozone.scm.datanode.address is deprecated, For configuring different ports for each SCM use PortConfigKey ozone.scm.datanode.port appended with serviceId and nodeId. If want to configure same port configure ozone.scm.datanode.port
2021-06-09 09:32:52,145 [Listener at 0.0.0.0/14337] INFO  ha.SCMHANodeDetails (SCMHANodeDetails.java:loadSCMHAConfig(250)) - Found matching SCM address with SCMServiceId: scm-service-test1, SCMNodeId: scmNode-3, RPC Address: localhost:14344 and Ratis port: 14344
2021-06-09 09:32:52,145 [Listener at 0.0.0.0/14337] INFO  ha.SCMHANodeDetails (ConfUtils.java:setNodeSpecificConfigs(108)) - Setting configuration key ozone.scm.datanode.address with value of key ozone.scm.datanode.address.scm-service-test1.scmNode-3: 127.0.0.1:14345
2021-06-09 09:32:52,146 [Listener at 0.0.0.0/14337] INFO  ha.SCMHANodeDetails (ConfUtils.java:setNodeSpecificConfigs(108)) - Setting configuration key ozone.scm.block.client.address with value of key ozone.scm.block.client.address.scm-service-test1.scmNode-3: 127.0.0.1:14346
2021-06-09 09:32:52,146 [Listener at 0.0.0.0/14337] INFO  ha.SCMHANodeDetails (ConfUtils.java:setNodeSpecificConfigs(108)) - Setting configuration key ozone.scm.client.address with value of key ozone.scm.client.address.scm-service-test1.scmNode-3: 127.0.0.1:14347
2021-06-09 09:32:52,146 [Listener at 0.0.0.0/14337] INFO  ha.SCMHANodeDetails (ConfUtils.java:setNodeSpecificConfigs(108)) - Setting configuration key ozone.scm.ratis.port with value of key ozone.scm.ratis.port.scm-service-test1.scmNode-3: 14344
2021-06-09 09:32:52,146 [Listener at 0.0.0.0/14337] INFO  ha.SCMHANodeDetails (ConfUtils.java:setNodeSpecificConfigs(108)) - Setting configuration key ozone.scm.grpc.port with value of key ozone.scm.grpc.port.scm-service-test1.scmNode-3: 14348
2021-06-09 09:32:52,146 [Listener at 0.0.0.0/14337] INFO  ha.SCMHANodeDetails (ConfUtils.java:setNodeSpecificConfigs(108)) - Setting configuration key ozone.scm.http-address with value of key ozone.scm.http-address.scm-service-test1.scmNode-3: 127.0.0.1:14342
2021-06-09 09:32:52,146 [Listener at 0.0.0.0/14337] INFO  ha.SCMHANodeDetails (ConfUtils.java:setNodeSpecificConfigs(108)) - Setting configuration key ozone.scm.https-address with value of key ozone.scm.https-address.scm-service-test1.scmNode-3: 127.0.0.1:14343
2021-06-09 09:32:52,147 [Listener at 0.0.0.0/14337] INFO  ha.SCMHANodeDetails (ConfUtils.java:setNodeSpecificConfigs(108)) - Setting configuration key ozone.scm.address with value of key ozone.scm.address.scm-service-test1.scmNode-3: 127.0.0.1
2021-06-09 09:32:52,147 [Listener at 0.0.0.0/14337] WARN  scm.ScmUtils (ScmUtils.java:logWarn(179)) - ConfigKey ozone.scm.block.client.address is deprecated, For configuring different ports for each SCM use PortConfigKey ozone.scm.block.client.port appended with serviceId and nodeId. If want to configure same port configure ozone.scm.block.client.port
2021-06-09 09:32:52,147 [Listener at 0.0.0.0/14337] WARN  scm.ScmUtils (ScmUtils.java:logWarn(179)) - ConfigKey ozone.scm.client.address is deprecated, For configuring different ports for each SCM use PortConfigKey ozone.scm.client.port appended with serviceId and nodeId. If want to configure same port configure ozone.scm.client.port
2021-06-09 09:32:52,147 [Listener at 0.0.0.0/14337] WARN  scm.ScmUtils (ScmUtils.java:logWarn(179)) - ConfigKey ozone.scm.datanode.address is deprecated, For configuring different ports for each SCM use PortConfigKey ozone.scm.datanode.port appended with serviceId and nodeId. If want to configure same port configure ozone.scm.datanode.port
2021-06-09 09:32:52,148 [Listener at 0.0.0.0/14337] WARN  server.ServerUtils (ServerUtils.java:getScmDbDir(148)) - ozone.scm.db.dirs is not configured. We recommend adding this setting. Falling back to ozone.metadata.dirs instead.
2021-06-09 09:32:52,150 [Listener at 0.0.0.0/14337] INFO  ha.SCMNodeInfo (SCMNodeInfo.java:getPort(197)) - ConfigKey ozone.scm.client.address is deprecated, For configuring different ports for each SCM use PortConfigKey ozone.scm.client.port appended with serviceId and nodeId
2021-06-09 09:32:52,150 [Listener at 0.0.0.0/14337] INFO  ha.SCMNodeInfo (SCMNodeInfo.java:getPort(197)) - ConfigKey ozone.scm.block.client.address is deprecated, For configuring different ports for each SCM use PortConfigKey ozone.scm.block.client.port appended with serviceId and nodeId
2021-06-09 09:32:52,150 [Listener at 0.0.0.0/14337] INFO  ha.SCMNodeInfo (SCMNodeInfo.java:getPort(197)) - ConfigKey ozone.scm.datanode.address is deprecated, For configuring different ports for each SCM use PortConfigKey ozone.scm.datanode.port appended with serviceId and nodeId
2021-06-09 09:32:52,150 [Listener at 0.0.0.0/14337] INFO  ha.SCMNodeInfo (SCMNodeInfo.java:getPort(197)) - ConfigKey ozone.scm.client.address is deprecated, For configuring different ports for each SCM use PortConfigKey ozone.scm.client.port appended with serviceId and nodeId
2021-06-09 09:32:52,151 [Listener at 0.0.0.0/14337] INFO  ha.SCMNodeInfo (SCMNodeInfo.java:getPort(197)) - ConfigKey ozone.scm.block.client.address is deprecated, For configuring different ports for each SCM use PortConfigKey ozone.scm.block.client.port appended with serviceId and nodeId
2021-06-09 09:32:52,151 [Listener at 0.0.0.0/14337] INFO  ha.SCMNodeInfo (SCMNodeInfo.java:getPort(197)) - ConfigKey ozone.scm.datanode.address is deprecated, For configuring different ports for each SCM use PortConfigKey ozone.scm.datanode.port appended with serviceId and nodeId
2021-06-09 09:32:52,151 [Listener at 0.0.0.0/14337] INFO  ha.SCMNodeInfo (SCMNodeInfo.java:getPort(197)) - ConfigKey ozone.scm.client.address is deprecated, For configuring different ports for each SCM use PortConfigKey ozone.scm.client.port appended with serviceId and nodeId
2021-06-09 09:32:52,151 [Listener at 0.0.0.0/14337] INFO  ha.SCMNodeInfo (SCMNodeInfo.java:getPort(197)) - ConfigKey ozone.scm.block.client.address is deprecated, For configuring different ports for each SCM use PortConfigKey ozone.scm.block.client.port appended with serviceId and nodeId
2021-06-09 09:32:52,151 [Listener at 0.0.0.0/14337] INFO  ha.SCMNodeInfo (SCMNodeInfo.java:getPort(197)) - ConfigKey ozone.scm.datanode.address is deprecated, For configuring different ports for each SCM use PortConfigKey ozone.scm.datanode.port appended with serviceId and nodeId
2021-06-09 09:32:52,158 [Listener at 0.0.0.0/14337] INFO  server.StorageContainerManager (StorageContainerManager.java:scmBootstrap(915)) - SCM BootStrap  is successful for ClusterID 43f0ca0c-372e-4c55-aedd-c9e251b369b0, SCMID e31d96e5-7e9e-4f8e-80d3-ffe1fdf992c4
2021-06-09 09:32:52,158 [Listener at 0.0.0.0/14337] INFO  server.StorageContainerManager (StorageContainerManager.java:scmBootstrap(917)) - Primary SCM Node ID e0e3eed1-d528-4a83-939c-b34003b9dea6
2021-06-09 09:32:52,158 [Listener at 0.0.0.0/14337] INFO  ha.SCMHANodeDetails (SCMHANodeDetails.java:loadSCMHAConfig(157)) - ServiceID for StorageContainerManager is scm-service-test1
2021-06-09 09:32:52,158 [Listener at 0.0.0.0/14337] INFO  ha.SCMHANodeDetails (SCMHANodeDetails.java:loadSCMHAConfig(168)) - ServiceID for StorageContainerManager is scm-service-test1
2021-06-09 09:32:52,158 [Listener at 0.0.0.0/14337] WARN  scm.ScmUtils (ScmUtils.java:logWarn(179)) - ConfigKey ozone.scm.block.client.address is deprecated, For configuring different ports for each SCM use PortConfigKey ozone.scm.block.client.port appended with serviceId and nodeId. If want to configure same port configure ozone.scm.block.client.port
2021-06-09 09:32:52,158 [Listener at 0.0.0.0/14337] WARN  scm.ScmUtils (ScmUtils.java:logWarn(179)) - ConfigKey ozone.scm.client.address is deprecated, For configuring different ports for each SCM use PortConfigKey ozone.scm.client.port appended with serviceId and nodeId. If want to configure same port configure ozone.scm.client.port
2021-06-09 09:32:52,158 [Listener at 0.0.0.0/14337] WARN  scm.ScmUtils (ScmUtils.java:logWarn(179)) - ConfigKey ozone.scm.datanode.address is deprecated, For configuring different ports for each SCM use PortConfigKey ozone.scm.datanode.port appended with serviceId and nodeId. If want to configure same port configure ozone.scm.datanode.port
2021-06-09 09:32:52,158 [Listener at 0.0.0.0/14337] WARN  scm.ScmUtils (ScmUtils.java:logWarn(179)) - ConfigKey ozone.scm.block.client.address is deprecated, For configuring different ports for each SCM use PortConfigKey ozone.scm.block.client.port appended with serviceId and nodeId. If want to configure same port configure ozone.scm.block.client.port
2021-06-09 09:32:52,159 [Listener at 0.0.0.0/14337] WARN  scm.ScmUtils (ScmUtils.java:logWarn(179)) - ConfigKey ozone.scm.client.address is deprecated, For configuring different ports for each SCM use PortConfigKey ozone.scm.client.port appended with serviceId and nodeId. If want to configure same port configure ozone.scm.client.port
2021-06-09 09:32:52,159 [Listener at 0.0.0.0/14337] WARN  scm.ScmUtils (ScmUtils.java:logWarn(179)) - ConfigKey ozone.scm.datanode.address is deprecated, For configuring different ports for each SCM use PortConfigKey ozone.scm.datanode.port appended with serviceId and nodeId. If want to configure same port configure ozone.scm.datanode.port
2021-06-09 09:32:52,159 [Listener at 0.0.0.0/14337] INFO  ha.SCMHANodeDetails (SCMHANodeDetails.java:loadSCMHAConfig(250)) - Found matching SCM address with SCMServiceId: scm-service-test1, SCMNodeId: scmNode-3, RPC Address: localhost:14344 and Ratis port: 14344
2021-06-09 09:32:52,159 [Listener at 0.0.0.0/14337] INFO  ha.SCMHANodeDetails (ConfUtils.java:setNodeSpecificConfigs(108)) - Setting configuration key ozone.scm.datanode.address with value of key ozone.scm.datanode.address.scm-service-test1.scmNode-3: 127.0.0.1:14345
2021-06-09 09:32:52,159 [Listener at 0.0.0.0/14337] INFO  ha.SCMHANodeDetails (ConfUtils.java:setNodeSpecificConfigs(108)) - Setting configuration key ozone.scm.block.client.address with value of key ozone.scm.block.client.address.scm-service-test1.scmNode-3: 127.0.0.1:14346
2021-06-09 09:32:52,159 [Listener at 0.0.0.0/14337] INFO  ha.SCMHANodeDetails (ConfUtils.java:setNodeSpecificConfigs(108)) - Setting configuration key ozone.scm.client.address with value of key ozone.scm.client.address.scm-service-test1.scmNode-3: 127.0.0.1:14347
2021-06-09 09:32:52,159 [Listener at 0.0.0.0/14337] INFO  ha.SCMHANodeDetails (ConfUtils.java:setNodeSpecificConfigs(108)) - Setting configuration key ozone.scm.ratis.port with value of key ozone.scm.ratis.port.scm-service-test1.scmNode-3: 14344
2021-06-09 09:32:52,160 [Listener at 0.0.0.0/14337] INFO  ha.SCMHANodeDetails (ConfUtils.java:setNodeSpecificConfigs(108)) - Setting configuration key ozone.scm.grpc.port with value of key ozone.scm.grpc.port.scm-service-test1.scmNode-3: 14348
2021-06-09 09:32:52,160 [Listener at 0.0.0.0/14337] INFO  ha.SCMHANodeDetails (ConfUtils.java:setNodeSpecificConfigs(108)) - Setting configuration key ozone.scm.http-address with value of key ozone.scm.http-address.scm-service-test1.scmNode-3: 127.0.0.1:14342
2021-06-09 09:32:52,160 [Listener at 0.0.0.0/14337] INFO  ha.SCMHANodeDetails (ConfUtils.java:setNodeSpecificConfigs(108)) - Setting configuration key ozone.scm.https-address with value of key ozone.scm.https-address.scm-service-test1.scmNode-3: 127.0.0.1:14343
2021-06-09 09:32:52,160 [Listener at 0.0.0.0/14337] INFO  ha.SCMHANodeDetails (ConfUtils.java:setNodeSpecificConfigs(108)) - Setting configuration key ozone.scm.address with value of key ozone.scm.address.scm-service-test1.scmNode-3: 127.0.0.1
2021-06-09 09:32:52,160 [Listener at 0.0.0.0/14337] WARN  scm.ScmUtils (ScmUtils.java:logWarn(179)) - ConfigKey ozone.scm.block.client.address is deprecated, For configuring different ports for each SCM use PortConfigKey ozone.scm.block.client.port appended with serviceId and nodeId. If want to configure same port configure ozone.scm.block.client.port
2021-06-09 09:32:52,160 [Listener at 0.0.0.0/14337] WARN  scm.ScmUtils (ScmUtils.java:logWarn(179)) - ConfigKey ozone.scm.client.address is deprecated, For configuring different ports for each SCM use PortConfigKey ozone.scm.client.port appended with serviceId and nodeId. If want to configure same port configure ozone.scm.client.port
2021-06-09 09:32:52,160 [Listener at 0.0.0.0/14337] WARN  scm.ScmUtils (ScmUtils.java:logWarn(179)) - ConfigKey ozone.scm.datanode.address is deprecated, For configuring different ports for each SCM use PortConfigKey ozone.scm.datanode.port appended with serviceId and nodeId. If want to configure same port configure ozone.scm.datanode.port
2021-06-09 09:32:52,161 [Listener at 0.0.0.0/14337] WARN  server.ServerUtils (ServerUtils.java:getScmDbDir(148)) - ozone.scm.db.dirs is not configured. We recommend adding this setting. Falling back to ozone.metadata.dirs instead.
2021-06-09 09:32:52,162 [Listener at 0.0.0.0/14337] WARN  utils.HAUtils (HAUtils.java:getMetaDir(342)) - ozone.scm.db.dirs is not configured. We recommend adding this setting. Falling back to ozone.metadata.dirs instead.
2021-06-09 09:32:52,162 [Listener at 0.0.0.0/14337] WARN  db.DBStoreBuilder (DBStoreBuilder.java:applyDBDefinition(145)) - ozone.scm.db.dirs is not configured. We recommend adding this setting. Falling back to ozone.metadata.dirs instead.
2021-06-09 09:32:52,219 [Listener at 0.0.0.0/14337] INFO  net.NodeSchemaLoader (NodeSchemaLoader.java:loadSchemaFromFile(129)) - Loading schema from [jar:file:/home/runner/.m2/repository/org/apache/ozone/hdds-common/1.2.0-SNAPSHOT/hdds-common-1.2.0-SNAPSHOT.jar!/network-topology-default.xml]
2021-06-09 09:32:52,220 [Listener at 0.0.0.0/14337] INFO  net.NodeSchemaLoader (NodeSchemaLoader.java:loadSchema(176)) - Loading network topology layer schema file
2021-06-09 09:32:52,222 [Listener at 0.0.0.0/14337] INFO  ha.SCMRatisServerImpl (SCMRatisServerImpl.java:<init>(86)) - starting Raft server for scm:e31d96e5-7e9e-4f8e-80d3-ffe1fdf992c4
2021-06-09 09:32:52,223 [Listener at 0.0.0.0/14337] INFO  server.RaftServer (ConfUtils.java:logGet(44)) - raft.rpc.type = GRPC (default)
2021-06-09 09:32:52,223 [Listener at 0.0.0.0/14337] INFO  grpc.GrpcFactory (GrpcFactory.java:checkPooledByteBufAllocatorUseCacheForAllThreads(48)) - PERFORMANCE WARNING: useCacheForAllThreads is true that may cause Netty to create a lot garbage objects and, as a result, trigger GC.
	It is recommended to disable useCacheForAllThreads by setting -Dorg.apache.ratis.thirdparty.io.netty.allocator.useCacheForAllThreads=false in command line.
2021-06-09 09:32:52,223 [Listener at 0.0.0.0/14337] INFO  grpc.GrpcConfigKeys (ConfUtils.java:logGet(44)) - raft.grpc.admin.port = -1 (default)
2021-06-09 09:32:52,223 [Listener at 0.0.0.0/14337] INFO  grpc.GrpcConfigKeys (ConfUtils.java:logGet(44)) - raft.grpc.server.port = 14344 (custom)
2021-06-09 09:32:52,223 [Listener at 0.0.0.0/14337] INFO  grpc.GrpcConfigKeys (ConfUtils.java:logGet(44)) - raft.grpc.client.port = -1 (default)
2021-06-09 09:32:52,224 [Listener at 0.0.0.0/14337] INFO  grpc.GrpcConfigKeys (ConfUtils.java:logGet(44)) - raft.grpc.server.port = 14344 (custom)
2021-06-09 09:32:52,224 [Listener at 0.0.0.0/14337] INFO  grpc.GrpcConfigKeys (ConfUtils.java:logGet(44)) - raft.grpc.server.port = 14344 (custom)
2021-06-09 09:32:52,224 [Listener at 0.0.0.0/14337] INFO  server.GrpcService (ConfUtils.java:logGet(44)) - raft.grpc.message.size.max = 32m (=33554432) (custom)
2021-06-09 09:32:52,224 [Listener at 0.0.0.0/14337] INFO  server.RaftServerConfigKeys (ConfUtils.java:logGet(44)) - raft.server.log.appender.buffer.byte-limit = 33554432 (custom)
2021-06-09 09:32:52,224 [Listener at 0.0.0.0/14337] INFO  server.GrpcService (ConfUtils.java:logGet(44)) - raft.grpc.flow.control.window = 1MB (=1048576) (default)
2021-06-09 09:32:52,224 [Listener at 0.0.0.0/14337] INFO  server.RaftServerConfigKeys (ConfUtils.java:logGet(44)) - raft.server.rpc.request.timeout = 3000ms (default)
2021-06-09 09:32:52,225 [Listener at 0.0.0.0/14337] INFO  impl.DataStreamServerImpl (ConfUtils.java:logGet(44)) - raft.datastream.type = DISABLED (default)
2021-06-09 09:32:52,226 [Listener at 0.0.0.0/14337] INFO  server.RaftServerConfigKeys (ConfUtils.java:logGet(44)) - raft.server.rpc.slowness.timeout = 120000ms (custom)
2021-06-09 09:32:52,226 [Listener at 0.0.0.0/14337] INFO  server.RaftServerConfigKeys (ConfUtils.java:logGet(44)) - raft.server.leaderelection.leader.step-down.wait-time = 10s (default)
2021-06-09 09:32:52,226 [Listener at 0.0.0.0/14337] INFO  server.RaftServerConfigKeys (ConfUtils.java:logGet(44)) - raft.server.storage.dir = [/home/runner/work/ozone/ozone/mnt/ozone/hadoop-ozone/integration-test/target/test-dir/MiniOzoneClusterImpl-43f0ca0c-372e-4c55-aedd-c9e251b369b0/scmNode-3/scm-ha] (custom)
2021-06-09 09:32:52,226 [Listener at 0.0.0.0/14337] INFO  server.RaftServer (RaftServerProxy.java:addNew(95)) - e31d96e5-7e9e-4f8e-80d3-ffe1fdf992c4: addNew group-C9E251B369B0:[] returns group-C9E251B369B0:java.util.concurrent.CompletableFuture@102c24d1[Not completed]
2021-06-09 09:32:52,227 [pool-54-thread-1] INFO  server.RaftServer$Division (RaftServerImpl.java:<init>(180)) - e31d96e5-7e9e-4f8e-80d3-ffe1fdf992c4: new RaftServerImpl for group-C9E251B369B0:[] with SCMStateMachine:uninitialized
2021-06-09 09:32:52,228 [pool-54-thread-1] INFO  server.RaftServerConfigKeys (ConfUtils.java:logGet(44)) - raft.server.rpc.timeout.min = 5000ms (custom)
2021-06-09 09:32:52,228 [pool-54-thread-1] INFO  server.RaftServerConfigKeys (ConfUtils.java:logGet(44)) - raft.server.rpc.timeout.max = 5200ms (custom)
2021-06-09 09:32:52,228 [pool-54-thread-1] INFO  server.RaftServerConfigKeys (ConfUtils.java:logGet(44)) - raft.server.rpc.sleep.time = 25ms (default)
2021-06-09 09:32:52,228 [pool-54-thread-1] INFO  server.RaftServerConfigKeys (ConfUtils.java:logGet(44)) - raft.server.rpc.slowness.timeout = 120000ms (custom)
2021-06-09 09:32:52,228 [pool-54-thread-1] INFO  server.RaftServerConfigKeys (ConfUtils.java:logGet(44)) - raft.server.leaderelection.leader.step-down.wait-time = 10s (default)
2021-06-09 09:32:52,228 [pool-54-thread-1] INFO  server.RaftServerConfigKeys (ConfUtils.java:logGet(44)) - raft.server.sleep.deviation.threshold = 300ms (default)
2021-06-09 09:32:52,228 [pool-54-thread-1] INFO  server.RaftServerConfigKeys (ConfUtils.java:logGet(44)) - raft.server.log.appender.install.snapshot.enabled = false (custom)
2021-06-09 09:32:52,228 [pool-54-thread-1] INFO  server.RaftServer$Division (ServerState.java:<init>(105)) - e31d96e5-7e9e-4f8e-80d3-ffe1fdf992c4@group-C9E251B369B0: ConfigurationManager, init=-1: [], old=null, confs=<EMPTY_MAP>
2021-06-09 09:32:52,228 [pool-54-thread-1] INFO  server.RaftServerConfigKeys (ConfUtils.java:logGet(44)) - raft.server.storage.dir = [/home/runner/work/ozone/ozone/mnt/ozone/hadoop-ozone/integration-test/target/test-dir/MiniOzoneClusterImpl-43f0ca0c-372e-4c55-aedd-c9e251b369b0/scmNode-3/scm-ha] (custom)
2021-06-09 09:32:52,228 [pool-54-thread-1] INFO  server.RaftServerConfigKeys (ConfUtils.java:logGet(44)) - raft.server.log.corruption.policy = EXCEPTION (default)
2021-06-09 09:32:52,229 [pool-54-thread-1] INFO  storage.RaftStorageDirectory (RaftStorageDirectoryImpl.java:analyzeStorage(132)) - The storage directory /home/runner/work/ozone/ozone/mnt/ozone/hadoop-ozone/integration-test/target/test-dir/MiniOzoneClusterImpl-43f0ca0c-372e-4c55-aedd-c9e251b369b0/scmNode-3/scm-ha/43f0ca0c-372e-4c55-aedd-c9e251b369b0 does not exist. Creating ...
2021-06-09 09:32:52,230 [pool-54-thread-1] INFO  storage.RaftStorageDirectory (RaftStorageDirectoryImpl.java:tryLock(215)) - Lock on /home/runner/work/ozone/ozone/mnt/ozone/hadoop-ozone/integration-test/target/test-dir/MiniOzoneClusterImpl-43f0ca0c-372e-4c55-aedd-c9e251b369b0/scmNode-3/scm-ha/43f0ca0c-372e-4c55-aedd-c9e251b369b0/in_use.lock acquired by nodename 27526@fv-az195-811
2021-06-09 09:32:52,230 [pool-54-thread-1] INFO  storage.RaftStorage (RaftStorageImpl.java:format(87)) - Storage directory /home/runner/work/ozone/ozone/mnt/ozone/hadoop-ozone/integration-test/target/test-dir/MiniOzoneClusterImpl-43f0ca0c-372e-4c55-aedd-c9e251b369b0/scmNode-3/scm-ha/43f0ca0c-372e-4c55-aedd-c9e251b369b0 has been successfully formatted.
2021-06-09 09:32:52,231 [pool-54-thread-1] INFO  server.RaftServerConfigKeys (ConfUtils.java:logGet(44)) - raft.server.notification.no-leader.timeout = 60s (default)
2021-06-09 09:32:52,231 [pool-54-thread-1] INFO  server.RaftServerConfigKeys (ConfUtils.java:logGet(44)) - raft.server.log.use.memory = false (default)
2021-06-09 09:32:52,231 [pool-54-thread-1] INFO  server.RaftServerConfigKeys (ConfUtils.java:logGet(44)) - raft.server.log.purge.gap = 5 (custom)
2021-06-09 09:32:52,231 [pool-54-thread-1] INFO  server.RaftServerConfigKeys (ConfUtils.java:logGet(44)) - raft.server.log.appender.buffer.byte-limit = 33554432 (custom)
2021-06-09 09:32:52,231 [pool-54-thread-1] INFO  metrics.RatisMetrics (RatisMetrics.java:lambda$create$0(36)) - Creating Metrics Registry : ratis.log_worker.e31d96e5-7e9e-4f8e-80d3-ffe1fdf992c4@group-C9E251B369B0
2021-06-09 09:32:52,231 [pool-54-thread-1] WARN  impl.MetricRegistriesImpl (MetricRegistriesImpl.java:lambda$create$1(65)) - First MetricRegistry has been created without registering reporters. You may need to call MetricRegistries.global().addReporterRegistration(...) before.
2021-06-09 09:32:52,231 [pool-54-thread-1] INFO  server.RaftServerConfigKeys (ConfUtils.java:logGet(44)) - raft.server.log.segment.size.max = 16384 (custom)
2021-06-09 09:32:52,231 [pool-54-thread-1] INFO  server.RaftServerConfigKeys (ConfUtils.java:logGet(44)) - raft.server.log.segment.cache.num.max = 2 (custom)
2021-06-09 09:32:52,231 [pool-54-thread-1] INFO  server.RaftServerConfigKeys (ConfUtils.java:logGet(44)) - raft.server.log.segment.cache.size.max = 200MB (=209715200) (default)
2021-06-09 09:32:52,231 [pool-54-thread-1] INFO  segmented.SegmentedRaftLogWorker (SegmentedRaftLogWorker.java:<init>(182)) - new e31d96e5-7e9e-4f8e-80d3-ffe1fdf992c4@group-C9E251B369B0-SegmentedRaftLogWorker for RaftStorageImpl:Storage Directory /home/runner/work/ozone/ozone/mnt/ozone/hadoop-ozone/integration-test/target/test-dir/MiniOzoneClusterImpl-43f0ca0c-372e-4c55-aedd-c9e251b369b0/scmNode-3/scm-ha/43f0ca0c-372e-4c55-aedd-c9e251b369b0
2021-06-09 09:32:52,231 [pool-54-thread-1] INFO  server.RaftServerConfigKeys (ConfUtils.java:logGet(44)) - raft.server.log.queue.byte-limit = 64MB (=67108864) (default)
2021-06-09 09:32:52,232 [pool-54-thread-1] INFO  server.RaftServerConfigKeys (ConfUtils.java:logGet(44)) - raft.server.log.queue.element-limit = 4096 (default)
2021-06-09 09:32:52,232 [pool-54-thread-1] INFO  server.RaftServerConfigKeys (ConfUtils.java:logGet(44)) - raft.server.log.segment.size.max = 16384 (custom)
2021-06-09 09:32:52,232 [pool-54-thread-1] INFO  server.RaftServerConfigKeys (ConfUtils.java:logGet(44)) - raft.server.log.preallocated.size = 16384 (custom)
2021-06-09 09:32:52,232 [pool-54-thread-1] INFO  server.RaftServerConfigKeys (ConfUtils.java:logGet(44)) - raft.server.log.force.sync.num = 128 (default)
2021-06-09 09:32:52,232 [pool-54-thread-1] INFO  server.RaftServerConfigKeys (ConfUtils.java:logGet(44)) - raft.server.log.statemachine.data.sync = true (default)
2021-06-09 09:32:52,232 [pool-54-thread-1] INFO  server.RaftServerConfigKeys (ConfUtils.java:logGet(44)) - raft.server.log.statemachine.data.sync.timeout = 10s (default)
2021-06-09 09:32:52,232 [pool-54-thread-1] INFO  server.RaftServerConfigKeys (ConfUtils.java:logGet(44)) - raft.server.log.statemachine.data.sync.timeout.retry = -1 (default)
2021-06-09 09:32:52,232 [pool-54-thread-1] INFO  server.RaftServerConfigKeys (ConfUtils.java:logGet(44)) - raft.server.log.write.buffer.size = 64KB (=65536) (default)
2021-06-09 09:32:52,232 [pool-54-thread-1] INFO  server.RaftServerConfigKeys (ConfUtils.java:logGet(44)) - raft.server.log.statemachine.data.caching.enabled = false (default)
2021-06-09 09:32:52,232 [pool-54-thread-1] INFO  segmented.SegmentedRaftLogWorker (SegmentedRaftLogWorker.java:lambda$new$0(133)) - e31d96e5-7e9e-4f8e-80d3-ffe1fdf992c4@group-C9E251B369B0-SegmentedRaftLogWorker: flushIndex: setUnconditionally 0 -> -1
2021-06-09 09:32:52,232 [pool-54-thread-1] INFO  segmented.SegmentedRaftLogWorker (SegmentedRaftLogWorker.java:lambda$new$0(133)) - e31d96e5-7e9e-4f8e-80d3-ffe1fdf992c4@group-C9E251B369B0-SegmentedRaftLogWorker: safeCacheEvictIndex: setUnconditionally 0 -> -1
2021-06-09 09:32:52,233 [pool-54-thread-1] INFO  server.RaftServerConfigKeys (ConfUtils.java:logGet(44)) - raft.server.snapshot.auto.trigger.enabled = true (custom)
2021-06-09 09:32:52,233 [pool-54-thread-1] INFO  server.RaftServerConfigKeys (ConfUtils.java:logGet(44)) - raft.server.snapshot.auto.trigger.threshold = 5 (custom)
2021-06-09 09:32:52,233 [pool-54-thread-1] INFO  server.RaftServerConfigKeys (ConfUtils.java:logGet(44)) - raft.server.snapshot.retention.file.num = -1 (default)
2021-06-09 09:32:52,233 [pool-54-thread-1] INFO  server.RaftServerConfigKeys (ConfUtils.java:logGet(44)) - raft.server.log.purge.upto.snapshot.index = true (custom)
2021-06-09 09:32:52,233 [pool-54-thread-1] INFO  server.RaftServerConfigKeys (ConfUtils.java:logGet(44)) - raft.server.retrycache.expirytime = 60000ms (default)
2021-06-09 09:32:52,233 [pool-54-thread-1] INFO  server.RaftServerConfigKeys (ConfUtils.java:logGet(44)) - raft.server.retrycache.statistics.expirytime = 100μs (default)
2021-06-09 09:32:52,233 [pool-54-thread-1] INFO  metrics.RatisMetrics (RatisMetrics.java:lambda$create$0(36)) - Creating Metrics Registry : ratis.leader_election.e31d96e5-7e9e-4f8e-80d3-ffe1fdf992c4@group-C9E251B369B0
2021-06-09 09:32:52,233 [pool-54-thread-1] WARN  impl.MetricRegistriesImpl (MetricRegistriesImpl.java:lambda$create$1(65)) - First MetricRegistry has been created without registering reporters. You may need to call MetricRegistries.global().addReporterRegistration(...) before.
2021-06-09 09:32:52,233 [pool-54-thread-1] INFO  metrics.RatisMetrics (RatisMetrics.java:lambda$create$0(36)) - Creating Metrics Registry : ratis.server.e31d96e5-7e9e-4f8e-80d3-ffe1fdf992c4@group-C9E251B369B0
2021-06-09 09:32:52,233 [pool-54-thread-1] WARN  impl.MetricRegistriesImpl (MetricRegistriesImpl.java:lambda$create$1(65)) - First MetricRegistry has been created without registering reporters. You may need to call MetricRegistries.global().addReporterRegistration(...) before.
2021-06-09 09:32:52,233 [Listener at 0.0.0.0/14337] INFO  ha.SCMSnapshotProvider (SCMSnapshotProvider.java:<init>(66)) - Initializing SCM Snapshot Provider
2021-06-09 09:32:52,234 [Listener at 0.0.0.0/14337] WARN  server.ServerUtils (ServerUtils.java:getDefaultRatisDirectory(237)) - Storage directory for Ratis is not configured. It is a good idea to map this to an SSD disk. Falling back to ozone.metadata.dirs
2021-06-09 09:32:52,234 [Listener at 0.0.0.0/14337] WARN  ha.SCMHAUtils (SCMHAUtils.java:getSCMRatisSnapshotDirectory(142)) - SCM snapshot dir is not configured. Falling back to ozone.metadata.dirs config
2021-06-09 09:32:52,235 [Listener at 0.0.0.0/14337] INFO  ha.SequenceIdGenerator (SequenceIdGenerator.java:upgradeToSequenceId(327)) - upgrade localId to 107544261427200000
2021-06-09 09:32:52,236 [Listener at 0.0.0.0/14337] INFO  ha.SequenceIdGenerator (SequenceIdGenerator.java:upgradeToSequenceId(337)) - upgrade delTxnId to 0
2021-06-09 09:32:52,236 [Listener at 0.0.0.0/14337] INFO  ha.SequenceIdGenerator (SequenceIdGenerator.java:upgradeToSequenceId(351)) - upgrade containerId to 0
2021-06-09 09:32:52,236 [Listener at 0.0.0.0/14337] INFO  ha.SequenceIdGenerator (SequenceIdGenerator.java:<init>(217)) - Init the HA SequenceIdGenerator.
2021-06-09 09:32:52,236 [Listener at 0.0.0.0/14337] WARN  server.ServerUtils (ServerUtils.java:sanitizeUserArgs(73)) - ozone.scm.stale.node.interval value = 300000 is larger than max = 100000 based on the key value of ozone.scm.heartbeat.thread.interval, reset to the max value 100000.
2021-06-09 09:32:52,236 [Listener at 0.0.0.0/14337] WARN  server.ServerUtils (ServerUtils.java:sanitizeUserArgs(73)) - ozone.scm.stale.node.interval value = 300000 is larger than max = 100000 based on the key value of ozone.scm.heartbeat.thread.interval, reset to the max value 100000.
2021-06-09 09:32:52,237 [Listener at 0.0.0.0/14337] INFO  node.SCMNodeManager (SCMNodeManager.java:<init>(125)) - Entering startup safe mode.
2021-06-09 09:32:52,238 [Listener at 0.0.0.0/14337] INFO  algorithms.ContainerPlacementPolicyFactory (ContainerPlacementPolicyFactory.java:getPolicy(60)) - Create container placement policy of type org.apache.hadoop.hdds.scm.container.placement.algorithms.SCMContainerPlacementRandom
2021-06-09 09:32:52,238 [Listener at 0.0.0.0/14337] INFO  pipeline.PipelineStateManager (PipelineStateManagerV2Impl.java:initialize(78)) - No pipeline exists in current db
2021-06-09 09:32:52,238 [Listener at 0.0.0.0/14337] INFO  algorithms.LeaderChoosePolicyFactory (LeaderChoosePolicyFactory.java:getPolicy(57)) - Create leader choose policy of type org.apache.hadoop.hdds.scm.pipeline.leader.choose.algorithms.MinLeaderCountChoosePolicy
2021-06-09 09:32:52,238 [Listener at 0.0.0.0/14337] INFO  ha.SCMServiceManager (SCMServiceManager.java:register(43)) - Registering service BackgroundPipelineCreator.
2021-06-09 09:32:52,239 [Listener at 0.0.0.0/14337] INFO  pipeline.BackgroundPipelineCreator (BackgroundPipelineCreatorV2.java:start(130)) - Starting RatisPipelineUtilsThread.
2021-06-09 09:32:52,240 [Listener at 0.0.0.0/14337] INFO  algorithms.PipelineChoosePolicyFactory (PipelineChoosePolicyFactory.java:createPipelineChoosePolicyFromClass(73)) - Create pipeline choose policy of type org.apache.hadoop.hdds.scm.pipeline.choose.algorithms.RandomPipelineChoosePolicy
2021-06-09 09:32:52,240 [Listener at 0.0.0.0/14337] INFO  ha.SCMServiceManager (SCMServiceManager.java:register(43)) - Registering service SCMBlockDeletingService.
2021-06-09 09:32:52,241 [Listener at 0.0.0.0/14337] INFO  ha.SCMServiceManager (SCMServiceManager.java:register(43)) - Registering service ReplicationManager.
2021-06-09 09:32:52,241 [Listener at 0.0.0.0/14337] INFO  container.ReplicationManager (ReplicationManager.java:start(227)) - Starting Replication Monitor Thread.
2021-06-09 09:32:52,243 [Listener at 0.0.0.0/14337] INFO  safemode.HealthyPipelineSafeModeRule (HealthyPipelineSafeModeRule.java:<init>(90)) - Total pipeline count is 0, healthy pipeline threshold count is 0
2021-06-09 09:32:52,243 [Listener at 0.0.0.0/14337] INFO  safemode.OneReplicaPipelineSafeModeRule (OneReplicaPipelineSafeModeRule.java:<init>(86)) - Total pipeline count is 0, pipeline's with at least one datanode reported threshold count is 0
2021-06-09 09:32:52,244 [Listener at 0.0.0.0/14337] INFO  ipc.CallQueueManager (CallQueueManager.java:<init>(85)) - Using callQueue: class java.util.concurrent.LinkedBlockingQueue, queueCapacity: 2000, scheduler: class org.apache.hadoop.ipc.DefaultRpcScheduler, ipcBackoff: false.
2021-06-09 09:32:52,247 [Socket Reader #1 for port 14345] INFO  ipc.Server (Server.java:run(1255)) - Starting Socket Reader #1 for port 14345
2021-06-09 09:32:52,250 [Listener at 0.0.0.0/14345] INFO  ipc.CallQueueManager (CallQueueManager.java:<init>(85)) - Using callQueue: class java.util.concurrent.LinkedBlockingQueue, queueCapacity: 2000, scheduler: class org.apache.hadoop.ipc.DefaultRpcScheduler, ipcBackoff: false.
2021-06-09 09:32:52,258 [ReplicationMonitor] INFO  container.ReplicationManager (ReplicationManager.java:run(291)) - Replication Monitor Thread took 0 milliseconds for processing 0 containers.
2021-06-09 09:32:52,258 [Socket Reader #1 for port 14346] INFO  ipc.Server (Server.java:run(1255)) - Starting Socket Reader #1 for port 14346
2021-06-09 09:32:52,260 [Listener at 0.0.0.0/14346] INFO  ipc.CallQueueManager (CallQueueManager.java:<init>(85)) - Using callQueue: class java.util.concurrent.LinkedBlockingQueue, queueCapacity: 2000, scheduler: class org.apache.hadoop.ipc.DefaultRpcScheduler, ipcBackoff: false.
2021-06-09 09:32:52,262 [Socket Reader #1 for port 14347] INFO  ipc.Server (Server.java:run(1255)) - Starting Socket Reader #1 for port 14347
2021-06-09 09:32:52,265 [Listener at 0.0.0.0/14347] INFO  server.StorageContainerManager (StorageContainerManager.java:<init>(420)) - 
Container Balancer status:
Key                            Value
Running                        true
Container Balancer Configuration values:
Key                            Value
Threshold                      0.1
Max Datanodes to Balance       5
Max Size to Move               10737418240B

2021-06-09 09:32:52,275 [Listener at 0.0.0.0/14347] WARN  events.EventQueue (EventQueue.java:fireEvent(185)) - No event handler registered for event TypedEvent{payloadType=SafeModeStatus, name='Safe mode status'}
2021-06-09 09:32:52,275 [Listener at 0.0.0.0/14347] INFO  ha.SCMContext (SCMContext.java:updateSafeModeStatus(148)) - Update SafeModeStatus from SafeModeStatus{safeModeStatus=true, preCheckPassed=false} to SafeModeStatus{safeModeStatus=true, preCheckPassed=false}.
2021-06-09 09:32:52,276 [Listener at 0.0.0.0/14347] INFO  ozone.MiniOzoneHAClusterImpl (MiniOzoneHAClusterImpl.java:createSCMService(541)) - Intialized SCM at org.apache.hadoop.hdds.scm.server.SCMClientProtocolServer@4f55a864. This SCM is currently inactive (not running).
2021-06-09 09:32:52,365 [Listener at 0.0.0.0/14347] INFO  ha.OMHANodeDetails (OMHANodeDetails.java:loadOMHAConfig(111)) - ServiceID for OzoneManager is om-service-test1
2021-06-09 09:32:52,368 [Listener at 0.0.0.0/14347] INFO  ha.OMHANodeDetails (OMHANodeDetails.java:loadOMHAConfig(187)) - Found matching OM address with OMServiceId: om-service-test1, OMNodeId: omNode-1, RPC Address: localhost:10928 and Ratis port: 10932
2021-06-09 09:32:52,368 [Listener at 0.0.0.0/14347] INFO  ha.OMHANodeDetails (ConfUtils.java:setNodeSpecificConfigs(108)) - Setting configuration key ozone.om.http-address with value of key ozone.om.http-address.om-service-test1.omNode-1: 127.0.0.1:10930
2021-06-09 09:32:52,368 [Listener at 0.0.0.0/14347] INFO  ha.OMHANodeDetails (ConfUtils.java:setNodeSpecificConfigs(108)) - Setting configuration key ozone.om.https-address with value of key ozone.om.https-address.om-service-test1.omNode-1: 127.0.0.1:10931
2021-06-09 09:32:52,368 [Listener at 0.0.0.0/14347] INFO  ha.OMHANodeDetails (ConfUtils.java:setNodeSpecificConfigs(108)) - Setting configuration key ozone.om.address with value of key ozone.om.address.om-service-test1.omNode-1: 127.0.0.1:10928
2021-06-09 09:32:52,370 [Listener at 0.0.0.0/14347] WARN  server.ServerUtils (ServerUtils.java:getDBPath(225)) - ozone.om.db.dirs is not configured. We recommend adding this setting. Falling back to ozone.metadata.dirs instead.
2021-06-09 09:32:52,371 [Listener at 0.0.0.0/14347] INFO  ha.SCMNodeInfo (SCMNodeInfo.java:getPort(197)) - ConfigKey ozone.scm.client.address is deprecated, For configuring different ports for each SCM use PortConfigKey ozone.scm.client.port appended with serviceId and nodeId
2021-06-09 09:32:52,372 [Listener at 0.0.0.0/14347] INFO  ha.SCMNodeInfo (SCMNodeInfo.java:getPort(197)) - ConfigKey ozone.scm.block.client.address is deprecated, For configuring different ports for each SCM use PortConfigKey ozone.scm.block.client.port appended with serviceId and nodeId
2021-06-09 09:32:52,372 [Listener at 0.0.0.0/14347] INFO  ha.SCMNodeInfo (SCMNodeInfo.java:getPort(197)) - ConfigKey ozone.scm.datanode.address is deprecated, For configuring different ports for each SCM use PortConfigKey ozone.scm.datanode.port appended with serviceId and nodeId
2021-06-09 09:32:52,372 [Listener at 0.0.0.0/14347] INFO  ha.SCMNodeInfo (SCMNodeInfo.java:getPort(197)) - ConfigKey ozone.scm.client.address is deprecated, For configuring different ports for each SCM use PortConfigKey ozone.scm.client.port appended with serviceId and nodeId
2021-06-09 09:32:52,372 [Listener at 0.0.0.0/14347] INFO  ha.SCMNodeInfo (SCMNodeInfo.java:getPort(197)) - ConfigKey ozone.scm.block.client.address is deprecated, For configuring different ports for each SCM use PortConfigKey ozone.scm.block.client.port appended with serviceId and nodeId
2021-06-09 09:32:52,372 [Listener at 0.0.0.0/14347] INFO  ha.SCMNodeInfo (SCMNodeInfo.java:getPort(197)) - ConfigKey ozone.scm.datanode.address is deprecated, For configuring different ports for each SCM use PortConfigKey ozone.scm.datanode.port appended with serviceId and nodeId
2021-06-09 09:32:52,372 [Listener at 0.0.0.0/14347] INFO  ha.SCMNodeInfo (SCMNodeInfo.java:getPort(197)) - ConfigKey ozone.scm.client.address is deprecated, For configuring different ports for each SCM use PortConfigKey ozone.scm.client.port appended with serviceId and nodeId
2021-06-09 09:32:52,372 [Listener at 0.0.0.0/14347] INFO  ha.SCMNodeInfo (SCMNodeInfo.java:getPort(197)) - ConfigKey ozone.scm.block.client.address is deprecated, For configuring different ports for each SCM use PortConfigKey ozone.scm.block.client.port appended with serviceId and nodeId
2021-06-09 09:32:52,372 [Listener at 0.0.0.0/14347] INFO  ha.SCMNodeInfo (SCMNodeInfo.java:getPort(197)) - ConfigKey ozone.scm.datanode.address is deprecated, For configuring different ports for each SCM use PortConfigKey ozone.scm.datanode.port appended with serviceId and nodeId
OM initialization succeeded.Current cluster id for sd=/home/runner/work/ozone/ozone/mnt/ozone/hadoop-ozone/integration-test/target/test-dir/MiniOzoneClusterImpl-43f0ca0c-372e-4c55-aedd-c9e251b369b0/omNode-1/om;cid=43f0ca0c-372e-4c55-aedd-c9e251b369b0;layoutVersion=0
2021-06-09 09:32:52,381 [Listener at 0.0.0.0/14347] INFO  ha.OMHANodeDetails (OMHANodeDetails.java:loadOMHAConfig(111)) - ServiceID for OzoneManager is om-service-test1
2021-06-09 09:32:52,381 [Listener at 0.0.0.0/14347] INFO  ha.OMHANodeDetails (OMHANodeDetails.java:loadOMHAConfig(187)) - Found matching OM address with OMServiceId: om-service-test1, OMNodeId: omNode-1, RPC Address: localhost:10928 and Ratis port: 10932
2021-06-09 09:32:52,381 [Listener at 0.0.0.0/14347] INFO  ha.OMHANodeDetails (ConfUtils.java:setNodeSpecificConfigs(108)) - Setting configuration key ozone.om.http-address with value of key ozone.om.http-address.om-service-test1.omNode-1: 127.0.0.1:10930
2021-06-09 09:32:52,381 [Listener at 0.0.0.0/14347] INFO  ha.OMHANodeDetails (ConfUtils.java:setNodeSpecificConfigs(108)) - Setting configuration key ozone.om.https-address with value of key ozone.om.https-address.om-service-test1.omNode-1: 127.0.0.1:10931
2021-06-09 09:32:52,381 [Listener at 0.0.0.0/14347] INFO  ha.OMHANodeDetails (ConfUtils.java:setNodeSpecificConfigs(108)) - Setting configuration key ozone.om.address with value of key ozone.om.address.om-service-test1.omNode-1: 127.0.0.1:10928
2021-06-09 09:32:52,381 [Listener at 0.0.0.0/14347] WARN  server.ServerUtils (ServerUtils.java:getDBPath(225)) - ozone.om.db.dirs is not configured. We recommend adding this setting. Falling back to ozone.metadata.dirs instead.
2021-06-09 09:32:52,382 [Listener at 0.0.0.0/14347] WARN  server.ServerUtils (ServerUtils.java:getDBPath(225)) - ozone.om.db.dirs is not configured. We recommend adding this setting. Falling back to ozone.metadata.dirs instead.
2021-06-09 09:32:52,386 [Listener at 0.0.0.0/14347] INFO  ha.SCMNodeInfo (SCMNodeInfo.java:getPort(197)) - ConfigKey ozone.scm.client.address is deprecated, For configuring different ports for each SCM use PortConfigKey ozone.scm.client.port appended with serviceId and nodeId
2021-06-09 09:32:52,386 [Listener at 0.0.0.0/14347] INFO  ha.SCMNodeInfo (SCMNodeInfo.java:getPort(197)) - ConfigKey ozone.scm.block.client.address is deprecated, For configuring different ports for each SCM use PortConfigKey ozone.scm.block.client.port appended with serviceId and nodeId
2021-06-09 09:32:52,386 [Listener at 0.0.0.0/14347] INFO  ha.SCMNodeInfo (SCMNodeInfo.java:getPort(197)) - ConfigKey ozone.scm.datanode.address is deprecated, For configuring different ports for each SCM use PortConfigKey ozone.scm.datanode.port appended with serviceId and nodeId
2021-06-09 09:32:52,386 [Listener at 0.0.0.0/14347] INFO  ha.SCMNodeInfo (SCMNodeInfo.java:getPort(197)) - ConfigKey ozone.scm.client.address is deprecated, For configuring different ports for each SCM use PortConfigKey ozone.scm.client.port appended with serviceId and nodeId
2021-06-09 09:32:52,386 [Listener at 0.0.0.0/14347] INFO  ha.SCMNodeInfo (SCMNodeInfo.java:getPort(197)) - ConfigKey ozone.scm.block.client.address is deprecated, For configuring different ports for each SCM use PortConfigKey ozone.scm.block.client.port appended with serviceId and nodeId
2021-06-09 09:32:52,387 [Listener at 0.0.0.0/14347] INFO  ha.SCMNodeInfo (SCMNodeInfo.java:getPort(197)) - ConfigKey ozone.scm.datanode.address is deprecated, For configuring different ports for each SCM use PortConfigKey ozone.scm.datanode.port appended with serviceId and nodeId
2021-06-09 09:32:52,387 [Listener at 0.0.0.0/14347] INFO  ha.SCMNodeInfo (SCMNodeInfo.java:getPort(197)) - ConfigKey ozone.scm.client.address is deprecated, For configuring different ports for each SCM use PortConfigKey ozone.scm.client.port appended with serviceId and nodeId
2021-06-09 09:32:52,387 [Listener at 0.0.0.0/14347] INFO  ha.SCMNodeInfo (SCMNodeInfo.java:getPort(197)) - ConfigKey ozone.scm.block.client.address is deprecated, For configuring different ports for each SCM use PortConfigKey ozone.scm.block.client.port appended with serviceId and nodeId
2021-06-09 09:32:52,387 [Listener at 0.0.0.0/14347] INFO  ha.SCMNodeInfo (SCMNodeInfo.java:getPort(197)) - ConfigKey ozone.scm.datanode.address is deprecated, For configuring different ports for each SCM use PortConfigKey ozone.scm.datanode.port appended with serviceId and nodeId
2021-06-09 09:32:52,467 [Listener at 0.0.0.0/14347] INFO  ha.SCMNodeInfo (SCMNodeInfo.java:getPort(197)) - ConfigKey ozone.scm.client.address is deprecated, For configuring different ports for each SCM use PortConfigKey ozone.scm.client.port appended with serviceId and nodeId
2021-06-09 09:32:52,468 [Listener at 0.0.0.0/14347] INFO  ha.SCMNodeInfo (SCMNodeInfo.java:getPort(197)) - ConfigKey ozone.scm.block.client.address is deprecated, For configuring different ports for each SCM use PortConfigKey ozone.scm.block.client.port appended with serviceId and nodeId
2021-06-09 09:32:52,468 [Listener at 0.0.0.0/14347] INFO  ha.SCMNodeInfo (SCMNodeInfo.java:getPort(197)) - ConfigKey ozone.scm.datanode.address is deprecated, For configuring different ports for each SCM use PortConfigKey ozone.scm.datanode.port appended with serviceId and nodeId
2021-06-09 09:32:52,468 [Listener at 0.0.0.0/14347] INFO  ha.SCMNodeInfo (SCMNodeInfo.java:getPort(197)) - ConfigKey ozone.scm.client.address is deprecated, For configuring different ports for each SCM use PortConfigKey ozone.scm.client.port appended with serviceId and nodeId
2021-06-09 09:32:52,468 [Listener at 0.0.0.0/14347] INFO  ha.SCMNodeInfo (SCMNodeInfo.java:getPort(197)) - ConfigKey ozone.scm.block.client.address is deprecated, For configuring different ports for each SCM use PortConfigKey ozone.scm.block.client.port appended with serviceId and nodeId
2021-06-09 09:32:52,468 [Listener at 0.0.0.0/14347] INFO  ha.SCMNodeInfo (SCMNodeInfo.java:getPort(197)) - ConfigKey ozone.scm.datanode.address is deprecated, For configuring different ports for each SCM use PortConfigKey ozone.scm.datanode.port appended with serviceId and nodeId
2021-06-09 09:32:52,468 [Listener at 0.0.0.0/14347] INFO  ha.SCMNodeInfo (SCMNodeInfo.java:getPort(197)) - ConfigKey ozone.scm.client.address is deprecated, For configuring different ports for each SCM use PortConfigKey ozone.scm.client.port appended with serviceId and nodeId
2021-06-09 09:32:52,468 [Listener at 0.0.0.0/14347] INFO  ha.SCMNodeInfo (SCMNodeInfo.java:getPort(197)) - ConfigKey ozone.scm.block.client.address is deprecated, For configuring different ports for each SCM use PortConfigKey ozone.scm.block.client.port appended with serviceId and nodeId
2021-06-09 09:32:52,468 [Listener at 0.0.0.0/14347] INFO  ha.SCMNodeInfo (SCMNodeInfo.java:getPort(197)) - ConfigKey ozone.scm.datanode.address is deprecated, For configuring different ports for each SCM use PortConfigKey ozone.scm.datanode.port appended with serviceId and nodeId
2021-06-09 09:32:52,470 [Listener at 0.0.0.0/14347] INFO  ha.SCMNodeInfo (SCMNodeInfo.java:getPort(197)) - ConfigKey ozone.scm.client.address is deprecated, For configuring different ports for each SCM use PortConfigKey ozone.scm.client.port appended with serviceId and nodeId
2021-06-09 09:32:52,470 [Listener at 0.0.0.0/14347] INFO  ha.SCMNodeInfo (SCMNodeInfo.java:getPort(197)) - ConfigKey ozone.scm.block.client.address is deprecated, For configuring different ports for each SCM use PortConfigKey ozone.scm.block.client.port appended with serviceId and nodeId
2021-06-09 09:32:52,471 [Listener at 0.0.0.0/14347] INFO  ha.SCMNodeInfo (SCMNodeInfo.java:getPort(197)) - ConfigKey ozone.scm.datanode.address is deprecated, For configuring different ports for each SCM use PortConfigKey ozone.scm.datanode.port appended with serviceId and nodeId
2021-06-09 09:32:52,471 [Listener at 0.0.0.0/14347] INFO  ha.SCMNodeInfo (SCMNodeInfo.java:getPort(197)) - ConfigKey ozone.scm.client.address is deprecated, For configuring different ports for each SCM use PortConfigKey ozone.scm.client.port appended with serviceId and nodeId
2021-06-09 09:32:52,471 [Listener at 0.0.0.0/14347] INFO  ha.SCMNodeInfo (SCMNodeInfo.java:getPort(197)) - ConfigKey ozone.scm.block.client.address is deprecated, For configuring different ports for each SCM use PortConfigKey ozone.scm.block.client.port appended with serviceId and nodeId
2021-06-09 09:32:52,471 [Listener at 0.0.0.0/14347] INFO  ha.SCMNodeInfo (SCMNodeInfo.java:getPort(197)) - ConfigKey ozone.scm.datanode.address is deprecated, For configuring different ports for each SCM use PortConfigKey ozone.scm.datanode.port appended with serviceId and nodeId
2021-06-09 09:32:52,471 [Listener at 0.0.0.0/14347] INFO  ha.SCMNodeInfo (SCMNodeInfo.java:getPort(197)) - ConfigKey ozone.scm.client.address is deprecated, For configuring different ports for each SCM use PortConfigKey ozone.scm.client.port appended with serviceId and nodeId
2021-06-09 09:32:52,471 [Listener at 0.0.0.0/14347] INFO  ha.SCMNodeInfo (SCMNodeInfo.java:getPort(197)) - ConfigKey ozone.scm.block.client.address is deprecated, For configuring different ports for each SCM use PortConfigKey ozone.scm.block.client.port appended with serviceId and nodeId
2021-06-09 09:32:52,471 [Listener at 0.0.0.0/14347] INFO  ha.SCMNodeInfo (SCMNodeInfo.java:getPort(197)) - ConfigKey ozone.scm.datanode.address is deprecated, For configuring different ports for each SCM use PortConfigKey ozone.scm.datanode.port appended with serviceId and nodeId
2021-06-09 09:32:52,493 [Listener at 0.0.0.0/14347] WARN  server.ServerUtils (ServerUtils.java:getDBPath(225)) - ozone.om.db.dirs is not configured. We recommend adding this setting. Falling back to ozone.metadata.dirs instead.
2021-06-09 09:32:52,500 [Listener at 0.0.0.0/14347] INFO  codec.OmKeyInfoCodec (OmKeyInfoCodec.java:<init>(51)) - OmKeyInfoCodec ignorePipeline = true
2021-06-09 09:32:52,501 [Listener at 0.0.0.0/14347] INFO  codec.RepeatedOmKeyInfoCodec (RepeatedOmKeyInfoCodec.java:<init>(42)) - RepeatedOmKeyInfoCodec ignorePipeline = true
2021-06-09 09:32:52,734 [Listener at 0.0.0.0/14347] INFO  om.OzoneManager (OzoneManager.java:addS3GVolumeToDB(3804)) - Created Volume s3v With Owner runner required for S3Gateway operations.
2021-06-09 09:32:52,738 [Listener at 0.0.0.0/14347] WARN  server.ServerUtils (ServerUtils.java:getDefaultRatisDirectory(237)) - Storage directory for Ratis is not configured. It is a good idea to map this to an SSD disk. Falling back to ozone.metadata.dirs
2021-06-09 09:32:52,738 [Listener at 0.0.0.0/14347] WARN  ratis.OzoneManagerRatisServer (OzoneManagerRatisServer.java:getOMRatisSnapshotDirectory(634)) - ozone.om.ratis.snapshot.dir is not configured. Falling back to ozone.metadata.dirs config
2021-06-09 09:32:52,742 [Listener at 0.0.0.0/14347] WARN  server.ServerUtils (ServerUtils.java:getDefaultRatisDirectory(237)) - Storage directory for Ratis is not configured. It is a good idea to map this to an SSD disk. Falling back to ozone.metadata.dirs
2021-06-09 09:32:52,744 [Listener at 0.0.0.0/14347] INFO  ratis.OzoneManagerRatisServer (OzoneManagerRatisServer.java:<init>(288)) - Instantiating OM Ratis server with GroupID: om-service-test1 and Raft Peers: localhost:10932
2021-06-09 09:32:52,747 [Listener at 0.0.0.0/14347] INFO  ratis.OzoneManagerStateMachine (OzoneManagerStateMachine.java:loadSnapshotInfoFromDB(520)) - LastAppliedIndex is set from TransactionInfo from OM DB as (t:0, i:~)
2021-06-09 09:32:52,755 [Listener at 0.0.0.0/14347] INFO  server.RaftServer (ConfUtils.java:logGet(44)) - raft.rpc.type = GRPC (default)
2021-06-09 09:32:52,755 [Listener at 0.0.0.0/14347] INFO  grpc.GrpcFactory (GrpcFactory.java:checkPooledByteBufAllocatorUseCacheForAllThreads(48)) - PERFORMANCE WARNING: useCacheForAllThreads is true that may cause Netty to create a lot garbage objects and, as a result, trigger GC.
	It is recommended to disable useCacheForAllThreads by setting -Dorg.apache.ratis.thirdparty.io.netty.allocator.useCacheForAllThreads=false in command line.
2021-06-09 09:32:52,755 [Listener at 0.0.0.0/14347] INFO  grpc.GrpcConfigKeys (ConfUtils.java:logGet(44)) - raft.grpc.admin.port = -1 (default)
2021-06-09 09:32:52,755 [Listener at 0.0.0.0/14347] INFO  grpc.GrpcConfigKeys (ConfUtils.java:logGet(44)) - raft.grpc.server.port = 10932 (custom)
2021-06-09 09:32:52,756 [Listener at 0.0.0.0/14347] INFO  grpc.GrpcConfigKeys (ConfUtils.java:logGet(44)) - raft.grpc.client.port = -1 (default)
2021-06-09 09:32:52,756 [Listener at 0.0.0.0/14347] INFO  grpc.GrpcConfigKeys (ConfUtils.java:logGet(44)) - raft.grpc.server.port = 10932 (custom)
2021-06-09 09:32:52,756 [Listener at 0.0.0.0/14347] INFO  grpc.GrpcConfigKeys (ConfUtils.java:logGet(44)) - raft.grpc.server.port = 10932 (custom)
2021-06-09 09:32:52,756 [Listener at 0.0.0.0/14347] INFO  server.GrpcService (ConfUtils.java:logGet(44)) - raft.grpc.message.size.max = 33554432 (custom)
2021-06-09 09:32:52,756 [Listener at 0.0.0.0/14347] INFO  server.RaftServerConfigKeys (ConfUtils.java:logGet(44)) - raft.server.log.appender.buffer.byte-limit = 33554432 (custom)
2021-06-09 09:32:52,756 [Listener at 0.0.0.0/14347] INFO  server.GrpcService (ConfUtils.java:logGet(44)) - raft.grpc.flow.control.window = 1MB (=1048576) (default)
2021-06-09 09:32:52,756 [Listener at 0.0.0.0/14347] INFO  server.RaftServerConfigKeys (ConfUtils.java:logGet(44)) - raft.server.rpc.request.timeout = 3000ms (default)
2021-06-09 09:32:52,757 [Listener at 0.0.0.0/14347] INFO  impl.DataStreamServerImpl (ConfUtils.java:logGet(44)) - raft.datastream.type = DISABLED (default)
2021-06-09 09:32:52,758 [Listener at 0.0.0.0/14347] INFO  server.RaftServerConfigKeys (ConfUtils.java:logGet(44)) - raft.server.rpc.slowness.timeout = 2s (custom)
2021-06-09 09:32:52,758 [Listener at 0.0.0.0/14347] INFO  server.RaftServerConfigKeys (ConfUtils.java:logGet(44)) - raft.server.leaderelection.leader.step-down.wait-time = 10s (default)
2021-06-09 09:32:52,758 [Listener at 0.0.0.0/14347] INFO  server.RaftServerConfigKeys (ConfUtils.java:logGet(44)) - raft.server.storage.dir = [/home/runner/work/ozone/ozone/mnt/ozone/hadoop-ozone/integration-test/target/test-dir/MiniOzoneClusterImpl-43f0ca0c-372e-4c55-aedd-c9e251b369b0/omNode-1/ratis] (custom)
2021-06-09 09:32:52,758 [Listener at 0.0.0.0/14347] INFO  server.RaftServer (RaftServerProxy.java:addNew(95)) - omNode-1: addNew group-523986131536:[omNode-1|rpc:localhost:10932|priority:0] returns group-523986131536:java.util.concurrent.CompletableFuture@297db6ad[Not completed]
2021-06-09 09:32:52,759 [Listener at 0.0.0.0/14347] INFO  om.OzoneManager (OzoneManager.java:initializeRatisServer(1311)) - OzoneManager Ratis server initialized at port 10932
2021-06-09 09:32:52,761 [pool-76-thread-1] INFO  server.RaftServer$Division (RaftServerImpl.java:<init>(180)) - omNode-1: new RaftServerImpl for group-523986131536:[omNode-1|rpc:localhost:10932|priority:0] with OzoneManagerStateMachine:uninitialized
2021-06-09 09:32:52,768 [Listener at 0.0.0.0/14347] INFO  ipc.CallQueueManager (CallQueueManager.java:<init>(85)) - Using callQueue: class java.util.concurrent.LinkedBlockingQueue, queueCapacity: 2000, scheduler: class org.apache.hadoop.ipc.DefaultRpcScheduler, ipcBackoff: false.
2021-06-09 09:32:52,768 [Socket Reader #1 for port 10928] INFO  ipc.Server (Server.java:run(1255)) - Starting Socket Reader #1 for port 10928
2021-06-09 09:32:52,779 [pool-76-thread-1] INFO  server.RaftServerConfigKeys (ConfUtils.java:logGet(44)) - raft.server.rpc.timeout.min = 1s (custom)
2021-06-09 09:32:52,780 [pool-76-thread-1] INFO  server.RaftServerConfigKeys (ConfUtils.java:logGet(44)) - raft.server.rpc.timeout.max = 1200ms (custom)
2021-06-09 09:32:52,780 [pool-76-thread-1] INFO  server.RaftServerConfigKeys (ConfUtils.java:logGet(44)) - raft.server.rpc.sleep.time = 25ms (default)
2021-06-09 09:32:52,780 [pool-76-thread-1] INFO  server.RaftServerConfigKeys (ConfUtils.java:logGet(44)) - raft.server.rpc.slowness.timeout = 2s (custom)
2021-06-09 09:32:52,780 [pool-76-thread-1] INFO  server.RaftServerConfigKeys (ConfUtils.java:logGet(44)) - raft.server.leaderelection.leader.step-down.wait-time = 10s (default)
2021-06-09 09:32:52,780 [pool-76-thread-1] INFO  server.RaftServerConfigKeys (ConfUtils.java:logGet(44)) - raft.server.sleep.deviation.threshold = 300ms (default)
2021-06-09 09:32:52,780 [pool-76-thread-1] INFO  server.RaftServerConfigKeys (ConfUtils.java:logGet(44)) - raft.server.log.appender.install.snapshot.enabled = false (custom)
2021-06-09 09:32:52,780 [pool-76-thread-1] INFO  server.RaftServer$Division (ServerState.java:<init>(105)) - omNode-1@group-523986131536: ConfigurationManager, init=-1: [omNode-1|rpc:localhost:10932|priority:0], old=null, confs=<EMPTY_MAP>
2021-06-09 09:32:52,780 [pool-76-thread-1] INFO  server.RaftServerConfigKeys (ConfUtils.java:logGet(44)) - raft.server.storage.dir = [/home/runner/work/ozone/ozone/mnt/ozone/hadoop-ozone/integration-test/target/test-dir/MiniOzoneClusterImpl-43f0ca0c-372e-4c55-aedd-c9e251b369b0/omNode-1/ratis] (custom)
2021-06-09 09:32:52,780 [pool-76-thread-1] INFO  server.RaftServerConfigKeys (ConfUtils.java:logGet(44)) - raft.server.log.corruption.policy = EXCEPTION (default)
2021-06-09 09:32:52,780 [pool-76-thread-1] INFO  storage.RaftStorageDirectory (RaftStorageDirectoryImpl.java:analyzeStorage(132)) - The storage directory /home/runner/work/ozone/ozone/mnt/ozone/hadoop-ozone/integration-test/target/test-dir/MiniOzoneClusterImpl-43f0ca0c-372e-4c55-aedd-c9e251b369b0/omNode-1/ratis/c9bc4cf4-3bc3-3c60-a66b-523986131536 does not exist. Creating ...
2021-06-09 09:32:52,781 [pool-76-thread-1] INFO  storage.RaftStorageDirectory (RaftStorageDirectoryImpl.java:tryLock(215)) - Lock on /home/runner/work/ozone/ozone/mnt/ozone/hadoop-ozone/integration-test/target/test-dir/MiniOzoneClusterImpl-43f0ca0c-372e-4c55-aedd-c9e251b369b0/omNode-1/ratis/c9bc4cf4-3bc3-3c60-a66b-523986131536/in_use.lock acquired by nodename 27526@fv-az195-811
2021-06-09 09:32:52,782 [pool-76-thread-1] INFO  storage.RaftStorage (RaftStorageImpl.java:format(87)) - Storage directory /home/runner/work/ozone/ozone/mnt/ozone/hadoop-ozone/integration-test/target/test-dir/MiniOzoneClusterImpl-43f0ca0c-372e-4c55-aedd-c9e251b369b0/omNode-1/ratis/c9bc4cf4-3bc3-3c60-a66b-523986131536 has been successfully formatted.
2021-06-09 09:32:52,783 [pool-76-thread-1] INFO  server.RaftServerConfigKeys (ConfUtils.java:logGet(44)) - raft.server.notification.no-leader.timeout = 2s (custom)
2021-06-09 09:32:52,783 [pool-76-thread-1] INFO  server.RaftServerConfigKeys (ConfUtils.java:logGet(44)) - raft.server.log.use.memory = false (default)
2021-06-09 09:32:52,783 [pool-76-thread-1] INFO  server.RaftServerConfigKeys (ConfUtils.java:logGet(44)) - raft.server.log.purge.gap = 1000000 (custom)
2021-06-09 09:32:52,783 [pool-76-thread-1] INFO  server.RaftServerConfigKeys (ConfUtils.java:logGet(44)) - raft.server.log.appender.buffer.byte-limit = 33554432 (custom)
2021-06-09 09:32:52,783 [pool-76-thread-1] INFO  metrics.RatisMetrics (RatisMetrics.java:lambda$create$0(36)) - Creating Metrics Registry : ratis.log_worker.omNode-1@group-523986131536
2021-06-09 09:32:52,790 [pool-76-thread-1] INFO  server.RaftServerConfigKeys (ConfUtils.java:logGet(44)) - raft.server.log.segment.size.max = 4194304 (custom)
2021-06-09 09:32:52,798 [pool-76-thread-1] INFO  server.RaftServerConfigKeys (ConfUtils.java:logGet(44)) - raft.server.log.segment.cache.num.max = 2 (custom)
2021-06-09 09:32:52,798 [pool-76-thread-1] INFO  server.RaftServerConfigKeys (ConfUtils.java:logGet(44)) - raft.server.log.segment.cache.size.max = 200MB (=209715200) (default)
2021-06-09 09:32:52,798 [pool-76-thread-1] INFO  segmented.SegmentedRaftLogWorker (SegmentedRaftLogWorker.java:<init>(182)) - new omNode-1@group-523986131536-SegmentedRaftLogWorker for RaftStorageImpl:Storage Directory /home/runner/work/ozone/ozone/mnt/ozone/hadoop-ozone/integration-test/target/test-dir/MiniOzoneClusterImpl-43f0ca0c-372e-4c55-aedd-c9e251b369b0/omNode-1/ratis/c9bc4cf4-3bc3-3c60-a66b-523986131536
2021-06-09 09:32:52,798 [pool-76-thread-1] INFO  server.RaftServerConfigKeys (ConfUtils.java:logGet(44)) - raft.server.log.queue.byte-limit = 64MB (=67108864) (default)
2021-06-09 09:32:52,798 [pool-76-thread-1] INFO  server.RaftServerConfigKeys (ConfUtils.java:logGet(44)) - raft.server.log.queue.element-limit = 4096 (default)
2021-06-09 09:32:52,798 [pool-76-thread-1] INFO  server.RaftServerConfigKeys (ConfUtils.java:logGet(44)) - raft.server.log.segment.size.max = 4194304 (custom)
2021-06-09 09:32:52,798 [pool-76-thread-1] INFO  server.RaftServerConfigKeys (ConfUtils.java:logGet(44)) - raft.server.log.preallocated.size = 4194304 (custom)
2021-06-09 09:32:52,798 [pool-76-thread-1] INFO  server.RaftServerConfigKeys (ConfUtils.java:logGet(44)) - raft.server.log.force.sync.num = 128 (default)
2021-06-09 09:32:52,798 [pool-76-thread-1] INFO  server.RaftServerConfigKeys (ConfUtils.java:logGet(44)) - raft.server.log.statemachine.data.sync = true (default)
2021-06-09 09:32:52,798 [pool-76-thread-1] INFO  server.RaftServerConfigKeys (ConfUtils.java:logGet(44)) - raft.server.log.statemachine.data.sync.timeout = 10s (default)
2021-06-09 09:32:52,798 [pool-76-thread-1] INFO  server.RaftServerConfigKeys (ConfUtils.java:logGet(44)) - raft.server.log.statemachine.data.sync.timeout.retry = -1 (default)
2021-06-09 09:32:52,800 [pool-76-thread-1] INFO  server.RaftServerConfigKeys (ConfUtils.java:logGet(44)) - raft.server.log.write.buffer.size = 64KB (=65536) (default)
2021-06-09 09:32:52,800 [pool-76-thread-1] INFO  server.RaftServerConfigKeys (ConfUtils.java:logGet(44)) - raft.server.log.statemachine.data.caching.enabled = false (default)
2021-06-09 09:32:52,800 [pool-76-thread-1] INFO  segmented.SegmentedRaftLogWorker (SegmentedRaftLogWorker.java:lambda$new$0(133)) - omNode-1@group-523986131536-SegmentedRaftLogWorker: flushIndex: setUnconditionally 0 -> -1
2021-06-09 09:32:52,800 [pool-76-thread-1] INFO  segmented.SegmentedRaftLogWorker (SegmentedRaftLogWorker.java:lambda$new$0(133)) - omNode-1@group-523986131536-SegmentedRaftLogWorker: safeCacheEvictIndex: setUnconditionally 0 -> -1
2021-06-09 09:32:52,803 [pool-76-thread-1] INFO  server.RaftServerConfigKeys (ConfUtils.java:logGet(44)) - raft.server.snapshot.auto.trigger.enabled = true (custom)
2021-06-09 09:32:52,803 [pool-76-thread-1] INFO  server.RaftServerConfigKeys (ConfUtils.java:logGet(44)) - raft.server.snapshot.auto.trigger.threshold = 400000 (default)
2021-06-09 09:32:52,803 [pool-76-thread-1] INFO  server.RaftServerConfigKeys (ConfUtils.java:logGet(44)) - raft.server.snapshot.retention.file.num = -1 (default)
2021-06-09 09:32:52,803 [pool-76-thread-1] INFO  server.RaftServerConfigKeys (ConfUtils.java:logGet(44)) - raft.server.log.purge.upto.snapshot.index = true (custom)
2021-06-09 09:32:52,803 [pool-76-thread-1] INFO  server.RaftServerConfigKeys (ConfUtils.java:logGet(44)) - raft.server.retrycache.expirytime = 300s (custom)
2021-06-09 09:32:52,803 [pool-76-thread-1] INFO  server.RaftServerConfigKeys (ConfUtils.java:logGet(44)) - raft.server.retrycache.statistics.expirytime = 100μs (default)
2021-06-09 09:32:52,803 [pool-76-thread-1] INFO  metrics.RatisMetrics (RatisMetrics.java:lambda$create$0(36)) - Creating Metrics Registry : ratis.leader_election.omNode-1@group-523986131536
2021-06-09 09:32:52,803 [pool-76-thread-1] INFO  metrics.RatisMetrics (RatisMetrics.java:lambda$create$0(36)) - Creating Metrics Registry : ratis.server.omNode-1@group-523986131536
2021-06-09 09:32:52,856 [Listener at 127.0.0.1/10928] INFO  om.OzoneManager (OzoneManager.java:initFSOLayout(3896)) - Configured ozone.om.metadata.layout=SIMPLE and disabled optimized OM FS operations
2021-06-09 09:32:52,857 [Listener at 127.0.0.1/10928] INFO  impl.MetricsSystemImpl (MetricsSystemImpl.java:init(158)) - OzoneManager metrics system started (again)
2021-06-09 09:32:52,860 [Listener at 127.0.0.1/10928] INFO  om.OzoneManager (OzoneManager.java:start(1113)) - OzoneManager RPC server is listening at localhost/127.0.0.1:10928
2021-06-09 09:32:52,860 [Listener at 127.0.0.1/10928] INFO  ratis.OzoneManagerRatisServer (OzoneManagerRatisServer.java:start(388)) - Starting OzoneManagerRatisServer omNode-1 at port 10932
2021-06-09 09:32:52,860 [Listener at 127.0.0.1/10928] INFO  server.RaftServer$Division (RaftServerImpl.java:start(295)) - omNode-1@group-523986131536: start as a follower, conf=-1: [omNode-1|rpc:localhost:10932|priority:0], old=null
2021-06-09 09:32:52,861 [Listener at 127.0.0.1/10928] INFO  server.RaftServer$Division (RaftServerImpl.java:setRole(284)) - omNode-1@group-523986131536: changes role from      null to FOLLOWER at term 0 for startAsFollower
2021-06-09 09:32:52,861 [Listener at 127.0.0.1/10928] INFO  impl.RoleInfo (RoleInfo.java:updateAndGet(130)) - omNode-1: start omNode-1@group-523986131536-FollowerState
2021-06-09 09:32:52,861 [Listener at 127.0.0.1/10928] INFO  util.JmxRegister (JmxRegister.java:tryRegister(44)) - Successfully registered JMX Bean with object name Ratis:service=RaftServer,group=group-523986131536,id=omNode-1
2021-06-09 09:32:52,861 [Listener at 127.0.0.1/10928] INFO  metrics.RatisMetrics (RatisMetrics.java:lambda$create$0(36)) - Creating Metrics Registry : ratis.state_machine.omNode-1@group-523986131536
2021-06-09 09:32:52,870 [Listener at 127.0.0.1/10928] INFO  server.RaftServer (RaftServerProxy.java:lambda$start$5(374)) - omNode-1: start RPC server
2021-06-09 09:32:52,876 [Listener at 127.0.0.1/10928] INFO  server.GrpcService (GrpcService.java:startImpl(253)) - omNode-1: GrpcService started, listening on 10932
2021-06-09 09:32:52,877 [org.apache.ratis.util.JvmPauseMonitor$$Lambda$493/731610911@56f1db5f] INFO  util.JvmPauseMonitor (JvmPauseMonitor.java:run(103)) - JvmPauseMonitor-omNode-1: Started
2021-06-09 09:32:52,885 [Listener at 127.0.0.1/10928] INFO  http.BaseHttpServer (BaseHttpServer.java:newHttpServer2BuilderForOzone(209)) - Starting Web-server for ozoneManager at: http://0.0.0.0:10930
2021-06-09 09:32:52,885 [Listener at 127.0.0.1/10928] INFO  http.BaseHttpServer (BaseHttpServer.java:<init>(107)) - Hadoop Security Enabled: false Ozone Security Enabled: false Ozone HTTP Security Enabled: false 
2021-06-09 09:32:52,887 [Listener at 127.0.0.1/10928] INFO  server.AuthenticationFilter (AuthenticationFilter.java:constructSecretProvider(240)) - Unable to initialize FileSignerSecretProvider, falling back to use random secrets.
2021-06-09 09:32:52,891 [Listener at 127.0.0.1/10928] WARN  http.HttpRequestLog (HttpRequestLog.java:getRequestLog(103)) - Jetty request log can only be enabled using Log4j
2021-06-09 09:32:52,892 [Listener at 127.0.0.1/10928] INFO  http.HttpServer2 (HttpServer2.java:addGlobalFilter(1020)) - Added global filter 'safety' (class=org.apache.hadoop.hdds.server.http.HttpServer2$QuotingInputFilter)
2021-06-09 09:32:52,893 [Listener at 127.0.0.1/10928] INFO  http.HttpServer2 (HttpServer2.java:addFilter(996)) - Added filter static_user_filter (class=org.apache.hadoop.http.lib.StaticUserWebFilter$StaticUserFilter) to context ozoneManager
2021-06-09 09:32:52,893 [Listener at 127.0.0.1/10928] INFO  http.HttpServer2 (HttpServer2.java:addFilter(1004)) - Added filter static_user_filter (class=org.apache.hadoop.http.lib.StaticUserWebFilter$StaticUserFilter) to context static
2021-06-09 09:32:52,893 [Listener at 127.0.0.1/10928] INFO  http.HttpServer2 (HttpServer2.java:addFilter(1004)) - Added filter static_user_filter (class=org.apache.hadoop.http.lib.StaticUserWebFilter$StaticUserFilter) to context logs
2021-06-09 09:32:52,894 [Listener at 127.0.0.1/10928] INFO  http.HttpServer2 (HttpServer2.java:bindListener(1238)) - Jetty bound to port 10930
2021-06-09 09:32:52,895 [Listener at 127.0.0.1/10928] INFO  server.Server (Server.java:doStart(375)) - jetty-9.4.35.v20201120; built: 2020-11-20T21:17:03.964Z; git: bdc54f03a5e0a7e280fab27f55c3c75ee8da89fb; jvm 1.8.0_292-b10
2021-06-09 09:32:52,904 [Listener at 127.0.0.1/10928] INFO  server.session (DefaultSessionIdManager.java:doStart(334)) - DefaultSessionIdManager workerName=node0
2021-06-09 09:32:52,904 [Listener at 127.0.0.1/10928] INFO  server.session (DefaultSessionIdManager.java:doStart(339)) - No SessionScavenger set, using defaults
2021-06-09 09:32:52,905 [Listener at 127.0.0.1/10928] INFO  server.session (HouseKeeper.java:startScavenging(132)) - node0 Scavenging every 660000ms
2021-06-09 09:32:52,907 [Listener at 127.0.0.1/10928] INFO  handler.ContextHandler (ContextHandler.java:doStart(916)) - Started o.e.j.s.ServletContextHandler@2a97b4b8{logs,/logs,file:///home/runner/work/ozone/ozone/mnt/ozone/hadoop-ozone/integration-test/target/log,AVAILABLE}
2021-06-09 09:32:52,907 [Listener at 127.0.0.1/10928] INFO  handler.ContextHandler (ContextHandler.java:doStart(916)) - Started o.e.j.s.ServletContextHandler@7ddf193a{static,/static,file:///home/runner/work/ozone/ozone/mnt/ozone/hadoop-ozone/integration-test/target/test-classes/webapps/static,AVAILABLE}
2021-06-09 09:32:52,916 [Listener at 127.0.0.1/10928] INFO  handler.ContextHandler (ContextHandler.java:doStart(916)) - Started o.e.j.w.WebAppContext@105c253a{ozoneManager,/,file:///home/runner/work/ozone/ozone/mnt/ozone/hadoop-ozone/integration-test/target/test-classes/webapps/ozoneManager/,AVAILABLE}{file:/home/runner/work/ozone/ozone/mnt/ozone/hadoop-ozone/integration-test/target/test-classes/webapps/ozoneManager}
2021-06-09 09:32:52,927 [Listener at 127.0.0.1/10928] INFO  server.AbstractConnector (AbstractConnector.java:doStart(331)) - Started ServerConnector@63f88d35{HTTP/1.1, (http/1.1)}{0.0.0.0:10930}
2021-06-09 09:32:52,928 [Listener at 127.0.0.1/10928] INFO  server.Server (Server.java:doStart(415)) - Started @17690ms
2021-06-09 09:32:52,928 [Listener at 127.0.0.1/10928] WARN  impl.MetricsSystemImpl (MetricsSystemImpl.java:register(279)) - Sink prometheus already exists!
2021-06-09 09:32:52,928 [Listener at 127.0.0.1/10928] INFO  http.BaseHttpServer (BaseHttpServer.java:updateConnectorAddress(329)) - HTTP server of ozoneManager listening at http://0.0.0.0:10930
2021-06-09 09:32:52,929 [IPC Server Responder] INFO  ipc.Server (Server.java:run(1497)) - IPC Server Responder: starting
2021-06-09 09:32:52,929 [IPC Server listener on 10928] INFO  ipc.Server (Server.java:run(1334)) - IPC Server listener on 10928: starting
2021-06-09 09:32:52,932 [Listener at 127.0.0.1/10928] INFO  om.OzoneManager (OzoneManager.java:startTrashEmptier(1251)) - Trash Interval set to 0. Files deleted will not move to trash
2021-06-09 09:32:52,933 [Listener at 127.0.0.1/10928] INFO  ozone.MiniOzoneHAClusterImpl (MiniOzoneHAClusterImpl.java:createOMService(462)) - Started OzoneManager RPC server at localhost/127.0.0.1:10928
2021-06-09 09:32:52,936 [org.apache.hadoop.util.JvmPauseMonitor$Monitor@1512a767] INFO  util.JvmPauseMonitor (JvmPauseMonitor.java:run(188)) - Starting JVM pause monitor
2021-06-09 09:32:53,227 [org.apache.ratis.util.JvmPauseMonitor$$Lambda$493/731610911@1c14d24d] WARN  util.JvmPauseMonitor (JvmPauseMonitor.java:detectPause(124)) - JvmPauseMonitor-943a282b-f1b6-4c47-b0d5-ac1d3ae1d1bb: Detected pause in JVM or host machine (eg GC): pause of approximately 104292654ns.
GC pool 'PS MarkSweep' had collection(s): count=1 time=209ms
GC pool 'PS Scavenge' had collection(s): count=2 time=124ms
2021-06-09 09:32:53,228 [org.apache.ratis.util.JvmPauseMonitor$$Lambda$493/731610911@5bde6148] WARN  util.JvmPauseMonitor (JvmPauseMonitor.java:detectPause(124)) - JvmPauseMonitor-e0e3eed1-d528-4a83-939c-b34003b9dea6: Detected pause in JVM or host machine (eg GC): pause of approximately 141141277ns.
GC pool 'PS MarkSweep' had collection(s): count=1 time=209ms
GC pool 'PS Scavenge' had collection(s): count=2 time=124ms
2021-06-09 09:32:53,329 [Listener at 127.0.0.1/10928] INFO  impl.MetricsSystemImpl (MetricsSystemImpl.java:init(158)) - HddsDatanode metrics system started (again)
2021-06-09 09:32:53,334 [Listener at 127.0.0.1/10928] INFO  ozone.HddsDatanodeService (HddsDatanodeService.java:start(220)) - HddsDatanodeService host:fv-az195-811.u3nnjwd0vyge1bu22idnsdeq2e.cx.internal.cloudapp.net ip:10.1.0.29
2021-06-09 09:32:53,357 [Listener at 127.0.0.1/10928] INFO  ha.SCMNodeInfo (SCMNodeInfo.java:getPort(197)) - ConfigKey ozone.scm.client.address is deprecated, For configuring different ports for each SCM use PortConfigKey ozone.scm.client.port appended with serviceId and nodeId
2021-06-09 09:32:53,357 [Listener at 127.0.0.1/10928] INFO  ha.SCMNodeInfo (SCMNodeInfo.java:getPort(197)) - ConfigKey ozone.scm.block.client.address is deprecated, For configuring different ports for each SCM use PortConfigKey ozone.scm.block.client.port appended with serviceId and nodeId
2021-06-09 09:32:53,357 [Listener at 127.0.0.1/10928] INFO  ha.SCMNodeInfo (SCMNodeInfo.java:getPort(197)) - ConfigKey ozone.scm.datanode.address is deprecated, For configuring different ports for each SCM use PortConfigKey ozone.scm.datanode.port appended with serviceId and nodeId
2021-06-09 09:32:53,357 [Listener at 127.0.0.1/10928] INFO  ha.SCMNodeInfo (SCMNodeInfo.java:getPort(197)) - ConfigKey ozone.scm.client.address is deprecated, For configuring different ports for each SCM use PortConfigKey ozone.scm.client.port appended with serviceId and nodeId
2021-06-09 09:32:53,358 [Listener at 127.0.0.1/10928] INFO  ha.SCMNodeInfo (SCMNodeInfo.java:getPort(197)) - ConfigKey ozone.scm.block.client.address is deprecated, For configuring different ports for each SCM use PortConfigKey ozone.scm.block.client.port appended with serviceId and nodeId
2021-06-09 09:32:53,358 [Listener at 127.0.0.1/10928] INFO  ha.SCMNodeInfo (SCMNodeInfo.java:getPort(197)) - ConfigKey ozone.scm.datanode.address is deprecated, For configuring different ports for each SCM use PortConfigKey ozone.scm.datanode.port appended with serviceId and nodeId
2021-06-09 09:32:53,358 [Listener at 127.0.0.1/10928] INFO  ha.SCMNodeInfo (SCMNodeInfo.java:getPort(197)) - ConfigKey ozone.scm.client.address is deprecated, For configuring different ports for each SCM use PortConfigKey ozone.scm.client.port appended with serviceId and nodeId
2021-06-09 09:32:53,358 [Listener at 127.0.0.1/10928] INFO  ha.SCMNodeInfo (SCMNodeInfo.java:getPort(197)) - ConfigKey ozone.scm.block.client.address is deprecated, For configuring different ports for each SCM use PortConfigKey ozone.scm.block.client.port appended with serviceId and nodeId
2021-06-09 09:32:53,358 [Listener at 127.0.0.1/10928] INFO  ha.SCMNodeInfo (SCMNodeInfo.java:getPort(197)) - ConfigKey ozone.scm.datanode.address is deprecated, For configuring different ports for each SCM use PortConfigKey ozone.scm.datanode.port appended with serviceId and nodeId
2021-06-09 09:32:53,407 [Listener at 127.0.0.1/10928] INFO  volume.HddsVolume (HddsVolume.java:<init>(184)) - Creating Volume: /home/runner/work/ozone/ozone/mnt/ozone/hadoop-ozone/integration-test/target/test-dir/MiniOzoneClusterImpl-43f0ca0c-372e-4c55-aedd-c9e251b369b0/datanode-0/data-0/containers/hdds of storage type : DISK and capacity : 9223372036854775807
2021-06-09 09:32:53,409 [Listener at 127.0.0.1/10928] INFO  volume.MutableVolumeSet (MutableVolumeSet.java:initializeVolumeSet(198)) - Added Volume : /home/runner/work/ozone/ozone/mnt/ozone/hadoop-ozone/integration-test/target/test-dir/MiniOzoneClusterImpl-43f0ca0c-372e-4c55-aedd-c9e251b369b0/datanode-0/data-0/containers/hdds to VolumeSet
2021-06-09 09:32:53,410 [Listener at 127.0.0.1/10928] INFO  volume.ThrottledAsyncChecker (ThrottledAsyncChecker.java:schedule(141)) - Scheduling a check for /home/runner/work/ozone/ozone/mnt/ozone/hadoop-ozone/integration-test/target/test-dir/MiniOzoneClusterImpl-43f0ca0c-372e-4c55-aedd-c9e251b369b0/datanode-0/data-0/containers/hdds
2021-06-09 09:32:53,426 [Listener at 127.0.0.1/10928] INFO  volume.HddsVolumeChecker (HddsVolumeChecker.java:checkAllVolumes(201)) - Scheduled health check for volume /home/runner/work/ozone/ozone/mnt/ozone/hadoop-ozone/integration-test/target/test-dir/MiniOzoneClusterImpl-43f0ca0c-372e-4c55-aedd-c9e251b369b0/datanode-0/data-0/containers/hdds
2021-06-09 09:32:53,444 [Listener at 127.0.0.1/10928] INFO  ozoneimpl.ContainerReader (ContainerReader.java:<init>(98)) - Running in upgrade mode:true
2021-06-09 09:32:53,444 [Thread-485] INFO  ozoneimpl.ContainerReader (ContainerReader.java:readVolume(142)) - Start to verify containers on volume /home/runner/work/ozone/ozone/mnt/ozone/hadoop-ozone/integration-test/target/test-dir/MiniOzoneClusterImpl-43f0ca0c-372e-4c55-aedd-c9e251b369b0/datanode-0/data-0/containers/hdds
2021-06-09 09:32:53,445 [Thread-485] INFO  ozoneimpl.ContainerReader (ContainerReader.java:readVolume(174)) - Finish verifying containers on volume /home/runner/work/ozone/ozone/mnt/ozone/hadoop-ozone/integration-test/target/test-dir/MiniOzoneClusterImpl-43f0ca0c-372e-4c55-aedd-c9e251b369b0/datanode-0/data-0/containers/hdds
2021-06-09 09:32:53,445 [Listener at 127.0.0.1/10928] INFO  ozoneimpl.OzoneContainer (OzoneContainer.java:buildContainerSet(228)) - Build ContainerSet costs 0s
2021-06-09 09:32:53,502 [Listener at 127.0.0.1/10928] INFO  server.RaftServer (ConfUtils.java:logGet(44)) - raft.rpc.type = GRPC (default)
2021-06-09 09:32:53,503 [Listener at 127.0.0.1/10928] INFO  grpc.GrpcFactory (GrpcFactory.java:checkPooledByteBufAllocatorUseCacheForAllThreads(48)) - PERFORMANCE WARNING: useCacheForAllThreads is true that may cause Netty to create a lot garbage objects and, as a result, trigger GC.
	It is recommended to disable useCacheForAllThreads by setting -Dorg.apache.ratis.thirdparty.io.netty.allocator.useCacheForAllThreads=false in command line.
2021-06-09 09:32:53,503 [Listener at 127.0.0.1/10928] INFO  grpc.GrpcConfigKeys (ConfUtils.java:logGet(44)) - raft.grpc.admin.port = 0 (custom)
2021-06-09 09:32:53,503 [Listener at 127.0.0.1/10928] INFO  grpc.GrpcConfigKeys (ConfUtils.java:logGet(44)) - raft.grpc.client.port = 0 (custom)
2021-06-09 09:32:53,503 [Listener at 127.0.0.1/10928] INFO  grpc.GrpcConfigKeys (ConfUtils.java:logGet(44)) - raft.grpc.server.port = 0 (default)
2021-06-09 09:32:53,503 [Listener at 127.0.0.1/10928] INFO  server.GrpcService (ConfUtils.java:logGet(44)) - raft.grpc.message.size.max = 32MB (=33554432) (custom)
2021-06-09 09:32:53,506 [Listener at 127.0.0.1/10928] INFO  server.RaftServerConfigKeys (ConfUtils.java:logGet(44)) - raft.server.log.appender.buffer.byte-limit = 33554432 (custom)
2021-06-09 09:32:53,506 [Listener at 127.0.0.1/10928] INFO  server.GrpcService (ConfUtils.java:logGet(44)) - raft.grpc.flow.control.window = 5MB (=5242880) (custom)
2021-06-09 09:32:53,507 [Listener at 127.0.0.1/10928] INFO  server.RaftServerConfigKeys (ConfUtils.java:logGet(44)) - raft.server.rpc.request.timeout = 60s (custom)
2021-06-09 09:32:53,508 [Listener at 127.0.0.1/10928] INFO  impl.DataStreamServerImpl (ConfUtils.java:logGet(44)) - raft.datastream.type = DISABLED (default)
2021-06-09 09:32:53,508 [Listener at 127.0.0.1/10928] INFO  server.RaftServerConfigKeys (ConfUtils.java:logGet(44)) - raft.server.rpc.slowness.timeout = 300s (custom)
2021-06-09 09:32:53,508 [Listener at 127.0.0.1/10928] INFO  server.RaftServerConfigKeys (ConfUtils.java:logGet(44)) - raft.server.leaderelection.leader.step-down.wait-time = 10s (default)
2021-06-09 09:32:53,508 [Listener at 127.0.0.1/10928] INFO  server.RaftServerConfigKeys (ConfUtils.java:logGet(44)) - raft.server.storage.dir = [/home/runner/work/ozone/ozone/mnt/ozone/hadoop-ozone/integration-test/target/test-dir/MiniOzoneClusterImpl-43f0ca0c-372e-4c55-aedd-c9e251b369b0/datanode-0/data/ratis] (custom)
2021-06-09 09:32:53,562 [Listener at 127.0.0.1/10928] INFO  http.BaseHttpServer (BaseHttpServer.java:newHttpServer2BuilderForOzone(209)) - Starting Web-server for hddsDatanode at: http://0.0.0.0:0
2021-06-09 09:32:53,562 [Listener at 127.0.0.1/10928] INFO  http.BaseHttpServer (BaseHttpServer.java:<init>(107)) - Hadoop Security Enabled: false Ozone Security Enabled: false Ozone HTTP Security Enabled: false 
2021-06-09 09:32:53,564 [Listener at 127.0.0.1/10928] INFO  server.AuthenticationFilter (AuthenticationFilter.java:constructSecretProvider(240)) - Unable to initialize FileSignerSecretProvider, falling back to use random secrets.
2021-06-09 09:32:53,564 [Listener at 127.0.0.1/10928] WARN  http.HttpRequestLog (HttpRequestLog.java:getRequestLog(103)) - Jetty request log can only be enabled using Log4j
2021-06-09 09:32:53,565 [Listener at 127.0.0.1/10928] INFO  http.HttpServer2 (HttpServer2.java:addGlobalFilter(1020)) - Added global filter 'safety' (class=org.apache.hadoop.hdds.server.http.HttpServer2$QuotingInputFilter)
2021-06-09 09:32:53,566 [Listener at 127.0.0.1/10928] INFO  http.HttpServer2 (HttpServer2.java:addFilter(996)) - Added filter static_user_filter (class=org.apache.hadoop.http.lib.StaticUserWebFilter$StaticUserFilter) to context hddsDatanode
2021-06-09 09:32:53,566 [Listener at 127.0.0.1/10928] INFO  http.HttpServer2 (HttpServer2.java:addFilter(1004)) - Added filter static_user_filter (class=org.apache.hadoop.http.lib.StaticUserWebFilter$StaticUserFilter) to context logs
2021-06-09 09:32:53,566 [Listener at 127.0.0.1/10928] INFO  http.HttpServer2 (HttpServer2.java:addFilter(1004)) - Added filter static_user_filter (class=org.apache.hadoop.http.lib.StaticUserWebFilter$StaticUserFilter) to context static
2021-06-09 09:32:53,568 [Listener at 127.0.0.1/10928] INFO  http.HttpServer2 (HttpServer2.java:bindListener(1238)) - Jetty bound to port 40235
2021-06-09 09:32:53,568 [Listener at 127.0.0.1/10928] INFO  server.Server (Server.java:doStart(375)) - jetty-9.4.35.v20201120; built: 2020-11-20T21:17:03.964Z; git: bdc54f03a5e0a7e280fab27f55c3c75ee8da89fb; jvm 1.8.0_292-b10
2021-06-09 09:32:53,569 [Listener at 127.0.0.1/10928] INFO  server.session (DefaultSessionIdManager.java:doStart(334)) - DefaultSessionIdManager workerName=node0
2021-06-09 09:32:53,569 [Listener at 127.0.0.1/10928] INFO  server.session (DefaultSessionIdManager.java:doStart(339)) - No SessionScavenger set, using defaults
2021-06-09 09:32:53,570 [Listener at 127.0.0.1/10928] INFO  server.session (HouseKeeper.java:startScavenging(132)) - node0 Scavenging every 660000ms
2021-06-09 09:32:53,571 [Listener at 127.0.0.1/10928] INFO  handler.ContextHandler (ContextHandler.java:doStart(916)) - Started o.e.j.s.ServletContextHandler@20ecbeda{logs,/logs,file:///home/runner/work/ozone/ozone/mnt/ozone/hadoop-ozone/integration-test/target/log,AVAILABLE}
2021-06-09 09:32:53,571 [Listener at 127.0.0.1/10928] INFO  handler.ContextHandler (ContextHandler.java:doStart(916)) - Started o.e.j.s.ServletContextHandler@79052209{static,/static,jar:file:/home/runner/.m2/repository/org/apache/ozone/hdds-container-service/1.2.0-SNAPSHOT/hdds-container-service-1.2.0-SNAPSHOT.jar!/webapps/static,AVAILABLE}
2021-06-09 09:32:53,629 [Listener at 127.0.0.1/10928] INFO  handler.ContextHandler (ContextHandler.java:doStart(916)) - Started o.e.j.w.WebAppContext@232e1f66{hddsDatanode,/,file:///tmp/jetty-0_0_0_0-40235-hdds-container-service-1_2_0-SNAPSHOT_jar-_-any-6513375782981953424/webapp/,AVAILABLE}{jar:file:/home/runner/.m2/repository/org/apache/ozone/hdds-container-service/1.2.0-SNAPSHOT/hdds-container-service-1.2.0-SNAPSHOT.jar!/webapps/hddsDatanode}
2021-06-09 09:32:53,630 [Listener at 127.0.0.1/10928] INFO  server.AbstractConnector (AbstractConnector.java:doStart(331)) - Started ServerConnector@5c2fb167{HTTP/1.1, (http/1.1)}{0.0.0.0:40235}
2021-06-09 09:32:53,631 [Listener at 127.0.0.1/10928] INFO  server.Server (Server.java:doStart(415)) - Started @18393ms
2021-06-09 09:32:53,631 [Listener at 127.0.0.1/10928] WARN  impl.MetricsSystemImpl (MetricsSystemImpl.java:register(279)) - Sink prometheus already exists!
2021-06-09 09:32:53,631 [Listener at 127.0.0.1/10928] INFO  http.BaseHttpServer (BaseHttpServer.java:updateConnectorAddress(329)) - HTTP server of hddsDatanode listening at http://0.0.0.0:40235
2021-06-09 09:32:53,633 [Listener at 127.0.0.1/10928] INFO  impl.MetricsSystemImpl (MetricsSystemImpl.java:init(158)) - HddsDatanode metrics system started (again)
2021-06-09 09:32:53,636 [Listener at 127.0.0.1/10928] INFO  ozone.HddsDatanodeService (HddsDatanodeService.java:start(220)) - HddsDatanodeService host:fv-az195-811.u3nnjwd0vyge1bu22idnsdeq2e.cx.internal.cloudapp.net ip:10.1.0.29
2021-06-09 09:32:53,655 [Listener at 127.0.0.1/10928] INFO  ha.SCMNodeInfo (SCMNodeInfo.java:getPort(197)) - ConfigKey ozone.scm.client.address is deprecated, For configuring different ports for each SCM use PortConfigKey ozone.scm.client.port appended with serviceId and nodeId
2021-06-09 09:32:53,656 [Listener at 127.0.0.1/10928] INFO  ha.SCMNodeInfo (SCMNodeInfo.java:getPort(197)) - ConfigKey ozone.scm.block.client.address is deprecated, For configuring different ports for each SCM use PortConfigKey ozone.scm.block.client.port appended with serviceId and nodeId
2021-06-09 09:32:53,656 [Listener at 127.0.0.1/10928] INFO  ha.SCMNodeInfo (SCMNodeInfo.java:getPort(197)) - ConfigKey ozone.scm.datanode.address is deprecated, For configuring different ports for each SCM use PortConfigKey ozone.scm.datanode.port appended with serviceId and nodeId
2021-06-09 09:32:53,656 [Listener at 127.0.0.1/10928] INFO  ha.SCMNodeInfo (SCMNodeInfo.java:getPort(197)) - ConfigKey ozone.scm.client.address is deprecated, For configuring different ports for each SCM use PortConfigKey ozone.scm.client.port appended with serviceId and nodeId
2021-06-09 09:32:53,656 [Listener at 127.0.0.1/10928] INFO  ha.SCMNodeInfo (SCMNodeInfo.java:getPort(197)) - ConfigKey ozone.scm.block.client.address is deprecated, For configuring different ports for each SCM use PortConfigKey ozone.scm.block.client.port appended with serviceId and nodeId
2021-06-09 09:32:53,656 [Listener at 127.0.0.1/10928] INFO  ha.SCMNodeInfo (SCMNodeInfo.java:getPort(197)) - ConfigKey ozone.scm.datanode.address is deprecated, For configuring different ports for each SCM use PortConfigKey ozone.scm.datanode.port appended with serviceId and nodeId
2021-06-09 09:32:53,656 [Listener at 127.0.0.1/10928] INFO  ha.SCMNodeInfo (SCMNodeInfo.java:getPort(197)) - ConfigKey ozone.scm.client.address is deprecated, For configuring different ports for each SCM use PortConfigKey ozone.scm.client.port appended with serviceId and nodeId
2021-06-09 09:32:53,656 [Listener at 127.0.0.1/10928] INFO  ha.SCMNodeInfo (SCMNodeInfo.java:getPort(197)) - ConfigKey ozone.scm.block.client.address is deprecated, For configuring different ports for each SCM use PortConfigKey ozone.scm.block.client.port appended with serviceId and nodeId
2021-06-09 09:32:53,656 [Listener at 127.0.0.1/10928] INFO  ha.SCMNodeInfo (SCMNodeInfo.java:getPort(197)) - ConfigKey ozone.scm.datanode.address is deprecated, For configuring different ports for each SCM use PortConfigKey ozone.scm.datanode.port appended with serviceId and nodeId
2021-06-09 09:32:53,673 [Listener at 127.0.0.1/10928] INFO  volume.HddsVolume (HddsVolume.java:<init>(184)) - Creating Volume: /home/runner/work/ozone/ozone/mnt/ozone/hadoop-ozone/integration-test/target/test-dir/MiniOzoneClusterImpl-43f0ca0c-372e-4c55-aedd-c9e251b369b0/datanode-1/data-0/containers/hdds of storage type : DISK and capacity : 9223372036854775807
2021-06-09 09:32:53,673 [org.apache.hadoop.util.JvmPauseMonitor$Monitor@2ebde19c] INFO  util.JvmPauseMonitor (JvmPauseMonitor.java:run(188)) - Starting JVM pause monitor
2021-06-09 09:32:53,673 [Listener at 127.0.0.1/10928] INFO  volume.MutableVolumeSet (MutableVolumeSet.java:initializeVolumeSet(198)) - Added Volume : /home/runner/work/ozone/ozone/mnt/ozone/hadoop-ozone/integration-test/target/test-dir/MiniOzoneClusterImpl-43f0ca0c-372e-4c55-aedd-c9e251b369b0/datanode-1/data-0/containers/hdds to VolumeSet
2021-06-09 09:32:53,674 [Listener at 127.0.0.1/10928] INFO  volume.ThrottledAsyncChecker (ThrottledAsyncChecker.java:schedule(141)) - Scheduling a check for /home/runner/work/ozone/ozone/mnt/ozone/hadoop-ozone/integration-test/target/test-dir/MiniOzoneClusterImpl-43f0ca0c-372e-4c55-aedd-c9e251b369b0/datanode-1/data-0/containers/hdds
2021-06-09 09:32:53,674 [Listener at 127.0.0.1/10928] INFO  volume.HddsVolumeChecker (HddsVolumeChecker.java:checkAllVolumes(201)) - Scheduled health check for volume /home/runner/work/ozone/ozone/mnt/ozone/hadoop-ozone/integration-test/target/test-dir/MiniOzoneClusterImpl-43f0ca0c-372e-4c55-aedd-c9e251b369b0/datanode-1/data-0/containers/hdds
2021-06-09 09:32:53,680 [Datanode State Machine Task Thread - 0] INFO  ha.SCMNodeInfo (SCMNodeInfo.java:getPort(197)) - ConfigKey ozone.scm.client.address is deprecated, For configuring different ports for each SCM use PortConfigKey ozone.scm.client.port appended with serviceId and nodeId
2021-06-09 09:32:53,680 [Datanode State Machine Task Thread - 0] INFO  ha.SCMNodeInfo (SCMNodeInfo.java:getPort(197)) - ConfigKey ozone.scm.block.client.address is deprecated, For configuring different ports for each SCM use PortConfigKey ozone.scm.block.client.port appended with serviceId and nodeId
2021-06-09 09:32:53,680 [Datanode State Machine Task Thread - 0] INFO  ha.SCMNodeInfo (SCMNodeInfo.java:getPort(197)) - ConfigKey ozone.scm.datanode.address is deprecated, For configuring different ports for each SCM use PortConfigKey ozone.scm.datanode.port appended with serviceId and nodeId
2021-06-09 09:32:53,680 [Datanode State Machine Task Thread - 0] INFO  ha.SCMNodeInfo (SCMNodeInfo.java:getPort(197)) - ConfigKey ozone.scm.client.address is deprecated, For configuring different ports for each SCM use PortConfigKey ozone.scm.client.port appended with serviceId and nodeId
2021-06-09 09:32:53,680 [Datanode State Machine Task Thread - 0] INFO  ha.SCMNodeInfo (SCMNodeInfo.java:getPort(197)) - ConfigKey ozone.scm.block.client.address is deprecated, For configuring different ports for each SCM use PortConfigKey ozone.scm.block.client.port appended with serviceId and nodeId
2021-06-09 09:32:53,680 [Datanode State Machine Task Thread - 0] INFO  ha.SCMNodeInfo (SCMNodeInfo.java:getPort(197)) - ConfigKey ozone.scm.datanode.address is deprecated, For configuring different ports for each SCM use PortConfigKey ozone.scm.datanode.port appended with serviceId and nodeId
2021-06-09 09:32:53,680 [Datanode State Machine Task Thread - 0] INFO  ha.SCMNodeInfo (SCMNodeInfo.java:getPort(197)) - ConfigKey ozone.scm.client.address is deprecated, For configuring different ports for each SCM use PortConfigKey ozone.scm.client.port appended with serviceId and nodeId
2021-06-09 09:32:53,680 [Datanode State Machine Task Thread - 0] INFO  ha.SCMNodeInfo (SCMNodeInfo.java:getPort(197)) - ConfigKey ozone.scm.block.client.address is deprecated, For configuring different ports for each SCM use PortConfigKey ozone.scm.block.client.port appended with serviceId and nodeId
2021-06-09 09:32:53,680 [Datanode State Machine Task Thread - 0] INFO  ha.SCMNodeInfo (SCMNodeInfo.java:getPort(197)) - ConfigKey ozone.scm.datanode.address is deprecated, For configuring different ports for each SCM use PortConfigKey ozone.scm.datanode.port appended with serviceId and nodeId
2021-06-09 09:32:53,693 [Listener at 127.0.0.1/10928] INFO  ozoneimpl.ContainerReader (ContainerReader.java:<init>(98)) - Running in upgrade mode:true
2021-06-09 09:32:53,711 [Thread-496] INFO  ozoneimpl.ContainerReader (ContainerReader.java:readVolume(142)) - Start to verify containers on volume /home/runner/work/ozone/ozone/mnt/ozone/hadoop-ozone/integration-test/target/test-dir/MiniOzoneClusterImpl-43f0ca0c-372e-4c55-aedd-c9e251b369b0/datanode-1/data-0/containers/hdds
2021-06-09 09:32:53,711 [Thread-496] INFO  ozoneimpl.ContainerReader (ContainerReader.java:readVolume(174)) - Finish verifying containers on volume /home/runner/work/ozone/ozone/mnt/ozone/hadoop-ozone/integration-test/target/test-dir/MiniOzoneClusterImpl-43f0ca0c-372e-4c55-aedd-c9e251b369b0/datanode-1/data-0/containers/hdds
2021-06-09 09:32:53,711 [Listener at 127.0.0.1/10928] INFO  ozoneimpl.OzoneContainer (OzoneContainer.java:buildContainerSet(228)) - Build ContainerSet costs 0s
2021-06-09 09:32:53,713 [Listener at 127.0.0.1/10928] INFO  server.RaftServer (ConfUtils.java:logGet(44)) - raft.rpc.type = GRPC (default)
2021-06-09 09:32:53,714 [Listener at 127.0.0.1/10928] INFO  grpc.GrpcFactory (GrpcFactory.java:checkPooledByteBufAllocatorUseCacheForAllThreads(48)) - PERFORMANCE WARNING: useCacheForAllThreads is true that may cause Netty to create a lot garbage objects and, as a result, trigger GC.
	It is recommended to disable useCacheForAllThreads by setting -Dorg.apache.ratis.thirdparty.io.netty.allocator.useCacheForAllThreads=false in command line.
2021-06-09 09:32:53,714 [Listener at 127.0.0.1/10928] INFO  grpc.GrpcConfigKeys (ConfUtils.java:logGet(44)) - raft.grpc.admin.port = 0 (custom)
2021-06-09 09:32:53,714 [Listener at 127.0.0.1/10928] INFO  grpc.GrpcConfigKeys (ConfUtils.java:logGet(44)) - raft.grpc.client.port = 0 (custom)
2021-06-09 09:32:53,714 [Listener at 127.0.0.1/10928] INFO  grpc.GrpcConfigKeys (ConfUtils.java:logGet(44)) - raft.grpc.server.port = 0 (default)
2021-06-09 09:32:53,714 [Listener at 127.0.0.1/10928] INFO  server.GrpcService (ConfUtils.java:logGet(44)) - raft.grpc.message.size.max = 32MB (=33554432) (custom)
2021-06-09 09:32:53,714 [Listener at 127.0.0.1/10928] INFO  server.RaftServerConfigKeys (ConfUtils.java:logGet(44)) - raft.server.log.appender.buffer.byte-limit = 33554432 (custom)
2021-06-09 09:32:53,715 [Listener at 127.0.0.1/10928] INFO  server.GrpcService (ConfUtils.java:logGet(44)) - raft.grpc.flow.control.window = 5MB (=5242880) (custom)
2021-06-09 09:32:53,715 [Listener at 127.0.0.1/10928] INFO  server.RaftServerConfigKeys (ConfUtils.java:logGet(44)) - raft.server.rpc.request.timeout = 60s (custom)
2021-06-09 09:32:53,716 [Listener at 127.0.0.1/10928] INFO  impl.DataStreamServerImpl (ConfUtils.java:logGet(44)) - raft.datastream.type = DISABLED (default)
2021-06-09 09:32:53,716 [Listener at 127.0.0.1/10928] INFO  server.RaftServerConfigKeys (ConfUtils.java:logGet(44)) - raft.server.rpc.slowness.timeout = 300s (custom)
2021-06-09 09:32:53,716 [Listener at 127.0.0.1/10928] INFO  server.RaftServerConfigKeys (ConfUtils.java:logGet(44)) - raft.server.leaderelection.leader.step-down.wait-time = 10s (default)
2021-06-09 09:32:53,716 [Listener at 127.0.0.1/10928] INFO  server.RaftServerConfigKeys (ConfUtils.java:logGet(44)) - raft.server.storage.dir = [/home/runner/work/ozone/ozone/mnt/ozone/hadoop-ozone/integration-test/target/test-dir/MiniOzoneClusterImpl-43f0ca0c-372e-4c55-aedd-c9e251b369b0/datanode-1/data/ratis] (custom)
2021-06-09 09:32:53,723 [Listener at 127.0.0.1/10928] INFO  http.BaseHttpServer (BaseHttpServer.java:newHttpServer2BuilderForOzone(209)) - Starting Web-server for hddsDatanode at: http://0.0.0.0:0
2021-06-09 09:32:53,723 [Listener at 127.0.0.1/10928] INFO  http.BaseHttpServer (BaseHttpServer.java:<init>(107)) - Hadoop Security Enabled: false Ozone Security Enabled: false Ozone HTTP Security Enabled: false 
2021-06-09 09:32:53,724 [Listener at 127.0.0.1/10928] INFO  server.AuthenticationFilter (AuthenticationFilter.java:constructSecretProvider(240)) - Unable to initialize FileSignerSecretProvider, falling back to use random secrets.
2021-06-09 09:32:53,727 [Listener at 127.0.0.1/10928] WARN  http.HttpRequestLog (HttpRequestLog.java:getRequestLog(103)) - Jetty request log can only be enabled using Log4j
2021-06-09 09:32:53,728 [Listener at 127.0.0.1/10928] INFO  http.HttpServer2 (HttpServer2.java:addGlobalFilter(1020)) - Added global filter 'safety' (class=org.apache.hadoop.hdds.server.http.HttpServer2$QuotingInputFilter)
2021-06-09 09:32:53,729 [Listener at 127.0.0.1/10928] INFO  http.HttpServer2 (HttpServer2.java:addFilter(996)) - Added filter static_user_filter (class=org.apache.hadoop.http.lib.StaticUserWebFilter$StaticUserFilter) to context hddsDatanode
2021-06-09 09:32:53,731 [Listener at 127.0.0.1/10928] INFO  http.HttpServer2 (HttpServer2.java:addFilter(1004)) - Added filter static_user_filter (class=org.apache.hadoop.http.lib.StaticUserWebFilter$StaticUserFilter) to context static
2021-06-09 09:32:53,731 [Listener at 127.0.0.1/10928] INFO  http.HttpServer2 (HttpServer2.java:addFilter(1004)) - Added filter static_user_filter (class=org.apache.hadoop.http.lib.StaticUserWebFilter$StaticUserFilter) to context logs
2021-06-09 09:32:53,731 [Listener at 127.0.0.1/10928] INFO  http.HttpServer2 (HttpServer2.java:bindListener(1238)) - Jetty bound to port 42037
2021-06-09 09:32:53,732 [Listener at 127.0.0.1/10928] INFO  server.Server (Server.java:doStart(375)) - jetty-9.4.35.v20201120; built: 2020-11-20T21:17:03.964Z; git: bdc54f03a5e0a7e280fab27f55c3c75ee8da89fb; jvm 1.8.0_292-b10
2021-06-09 09:32:53,759 [Listener at 127.0.0.1/10928] INFO  server.session (DefaultSessionIdManager.java:doStart(334)) - DefaultSessionIdManager workerName=node0
2021-06-09 09:32:53,759 [Listener at 127.0.0.1/10928] INFO  server.session (DefaultSessionIdManager.java:doStart(339)) - No SessionScavenger set, using defaults
2021-06-09 09:32:53,759 [Listener at 127.0.0.1/10928] INFO  server.session (HouseKeeper.java:startScavenging(132)) - node0 Scavenging every 600000ms
2021-06-09 09:32:53,760 [Listener at 127.0.0.1/10928] INFO  handler.ContextHandler (ContextHandler.java:doStart(916)) - Started o.e.j.s.ServletContextHandler@6de06606{logs,/logs,file:///home/runner/work/ozone/ozone/mnt/ozone/hadoop-ozone/integration-test/target/log,AVAILABLE}
2021-06-09 09:32:53,760 [Listener at 127.0.0.1/10928] INFO  handler.ContextHandler (ContextHandler.java:doStart(916)) - Started o.e.j.s.ServletContextHandler@8937f62{static,/static,jar:file:/home/runner/.m2/repository/org/apache/ozone/hdds-container-service/1.2.0-SNAPSHOT/hdds-container-service-1.2.0-SNAPSHOT.jar!/webapps/static,AVAILABLE}
2021-06-09 09:32:53,781 [Datanode State Machine Task Thread - 0] INFO  datanode.InitDatanodeState (InitDatanodeState.java:persistContainerDatanodeDetails(145)) - DatanodeDetails is persisted to /home/runner/work/ozone/ozone/mnt/ozone/hadoop-ozone/integration-test/target/test-dir/MiniOzoneClusterImpl-43f0ca0c-372e-4c55-aedd-c9e251b369b0/datanode-0/meta/datanode.id
2021-06-09 09:32:53,813 [Listener at 127.0.0.1/10928] INFO  handler.ContextHandler (ContextHandler.java:doStart(916)) - Started o.e.j.w.WebAppContext@482ecb95{hddsDatanode,/,file:///tmp/jetty-0_0_0_0-42037-hdds-container-service-1_2_0-SNAPSHOT_jar-_-any-266768765610637553/webapp/,AVAILABLE}{jar:file:/home/runner/.m2/repository/org/apache/ozone/hdds-container-service/1.2.0-SNAPSHOT/hdds-container-service-1.2.0-SNAPSHOT.jar!/webapps/hddsDatanode}
2021-06-09 09:32:53,815 [Listener at 127.0.0.1/10928] INFO  server.AbstractConnector (AbstractConnector.java:doStart(331)) - Started ServerConnector@10e4bfa5{HTTP/1.1, (http/1.1)}{0.0.0.0:42037}
2021-06-09 09:32:53,815 [Listener at 127.0.0.1/10928] INFO  server.Server (Server.java:doStart(415)) - Started @18578ms
2021-06-09 09:32:53,815 [Listener at 127.0.0.1/10928] WARN  impl.MetricsSystemImpl (MetricsSystemImpl.java:register(279)) - Sink prometheus already exists!
2021-06-09 09:32:53,816 [Listener at 127.0.0.1/10928] INFO  http.BaseHttpServer (BaseHttpServer.java:updateConnectorAddress(329)) - HTTP server of hddsDatanode listening at http://0.0.0.0:42037
2021-06-09 09:32:53,816 [Listener at 127.0.0.1/10928] INFO  impl.MetricsSystemImpl (MetricsSystemImpl.java:init(158)) - HddsDatanode metrics system started (again)
2021-06-09 09:32:53,819 [Listener at 127.0.0.1/10928] INFO  ozone.HddsDatanodeService (HddsDatanodeService.java:start(220)) - HddsDatanodeService host:fv-az195-811.u3nnjwd0vyge1bu22idnsdeq2e.cx.internal.cloudapp.net ip:10.1.0.29
2021-06-09 09:32:53,840 [org.apache.hadoop.util.JvmPauseMonitor$Monitor@667f6bf7] INFO  util.JvmPauseMonitor (JvmPauseMonitor.java:run(188)) - Starting JVM pause monitor
2021-06-09 09:32:53,841 [Datanode State Machine Task Thread - 0] INFO  ha.SCMNodeInfo (SCMNodeInfo.java:getPort(197)) - ConfigKey ozone.scm.client.address is deprecated, For configuring different ports for each SCM use PortConfigKey ozone.scm.client.port appended with serviceId and nodeId
2021-06-09 09:32:53,841 [Datanode State Machine Task Thread - 0] INFO  ha.SCMNodeInfo (SCMNodeInfo.java:getPort(197)) - ConfigKey ozone.scm.block.client.address is deprecated, For configuring different ports for each SCM use PortConfigKey ozone.scm.block.client.port appended with serviceId and nodeId
2021-06-09 09:32:53,841 [Datanode State Machine Task Thread - 0] INFO  ha.SCMNodeInfo (SCMNodeInfo.java:getPort(197)) - ConfigKey ozone.scm.datanode.address is deprecated, For configuring different ports for each SCM use PortConfigKey ozone.scm.datanode.port appended with serviceId and nodeId
2021-06-09 09:32:53,841 [Datanode State Machine Task Thread - 0] INFO  ha.SCMNodeInfo (SCMNodeInfo.java:getPort(197)) - ConfigKey ozone.scm.client.address is deprecated, For configuring different ports for each SCM use PortConfigKey ozone.scm.client.port appended with serviceId and nodeId
2021-06-09 09:32:53,841 [Datanode State Machine Task Thread - 0] INFO  ha.SCMNodeInfo (SCMNodeInfo.java:getPort(197)) - ConfigKey ozone.scm.block.client.address is deprecated, For configuring different ports for each SCM use PortConfigKey ozone.scm.block.client.port appended with serviceId and nodeId
2021-06-09 09:32:53,843 [Listener at 127.0.0.1/10928] INFO  ha.SCMNodeInfo (SCMNodeInfo.java:getPort(197)) - ConfigKey ozone.scm.client.address is deprecated, For configuring different ports for each SCM use PortConfigKey ozone.scm.client.port appended with serviceId and nodeId
2021-06-09 09:32:53,843 [Listener at 127.0.0.1/10928] INFO  ha.SCMNodeInfo (SCMNodeInfo.java:getPort(197)) - ConfigKey ozone.scm.block.client.address is deprecated, For configuring different ports for each SCM use PortConfigKey ozone.scm.block.client.port appended with serviceId and nodeId
2021-06-09 09:32:53,843 [Listener at 127.0.0.1/10928] INFO  ha.SCMNodeInfo (SCMNodeInfo.java:getPort(197)) - ConfigKey ozone.scm.datanode.address is deprecated, For configuring different ports for each SCM use PortConfigKey ozone.scm.datanode.port appended with serviceId and nodeId
2021-06-09 09:32:53,843 [Listener at 127.0.0.1/10928] INFO  ha.SCMNodeInfo (SCMNodeInfo.java:getPort(197)) - ConfigKey ozone.scm.client.address is deprecated, For configuring different ports for each SCM use PortConfigKey ozone.scm.client.port appended with serviceId and nodeId
2021-06-09 09:32:53,844 [Listener at 127.0.0.1/10928] INFO  ha.SCMNodeInfo (SCMNodeInfo.java:getPort(197)) - ConfigKey ozone.scm.block.client.address is deprecated, For configuring different ports for each SCM use PortConfigKey ozone.scm.block.client.port appended with serviceId and nodeId
2021-06-09 09:32:53,844 [Listener at 127.0.0.1/10928] INFO  ha.SCMNodeInfo (SCMNodeInfo.java:getPort(197)) - ConfigKey ozone.scm.datanode.address is deprecated, For configuring different ports for each SCM use PortConfigKey ozone.scm.datanode.port appended with serviceId and nodeId
2021-06-09 09:32:53,844 [Listener at 127.0.0.1/10928] INFO  ha.SCMNodeInfo (SCMNodeInfo.java:getPort(197)) - ConfigKey ozone.scm.client.address is deprecated, For configuring different ports for each SCM use PortConfigKey ozone.scm.client.port appended with serviceId and nodeId
2021-06-09 09:32:53,844 [Listener at 127.0.0.1/10928] INFO  ha.SCMNodeInfo (SCMNodeInfo.java:getPort(197)) - ConfigKey ozone.scm.block.client.address is deprecated, For configuring different ports for each SCM use PortConfigKey ozone.scm.block.client.port appended with serviceId and nodeId
2021-06-09 09:32:53,844 [Listener at 127.0.0.1/10928] INFO  ha.SCMNodeInfo (SCMNodeInfo.java:getPort(197)) - ConfigKey ozone.scm.datanode.address is deprecated, For configuring different ports for each SCM use PortConfigKey ozone.scm.datanode.port appended with serviceId and nodeId
2021-06-09 09:32:53,845 [Datanode State Machine Task Thread - 0] INFO  ha.SCMNodeInfo (SCMNodeInfo.java:getPort(197)) - ConfigKey ozone.scm.datanode.address is deprecated, For configuring different ports for each SCM use PortConfigKey ozone.scm.datanode.port appended with serviceId and nodeId
2021-06-09 09:32:53,845 [Datanode State Machine Task Thread - 0] INFO  ha.SCMNodeInfo (SCMNodeInfo.java:getPort(197)) - ConfigKey ozone.scm.client.address is deprecated, For configuring different ports for each SCM use PortConfigKey ozone.scm.client.port appended with serviceId and nodeId
2021-06-09 09:32:53,845 [Datanode State Machine Task Thread - 0] INFO  ha.SCMNodeInfo (SCMNodeInfo.java:getPort(197)) - ConfigKey ozone.scm.block.client.address is deprecated, For configuring different ports for each SCM use PortConfigKey ozone.scm.block.client.port appended with serviceId and nodeId
2021-06-09 09:32:53,845 [Datanode State Machine Task Thread - 0] INFO  ha.SCMNodeInfo (SCMNodeInfo.java:getPort(197)) - ConfigKey ozone.scm.datanode.address is deprecated, For configuring different ports for each SCM use PortConfigKey ozone.scm.datanode.port appended with serviceId and nodeId
2021-06-09 09:32:53,846 [Listener at 127.0.0.1/10928] INFO  volume.HddsVolume (HddsVolume.java:<init>(184)) - Creating Volume: /home/runner/work/ozone/ozone/mnt/ozone/hadoop-ozone/integration-test/target/test-dir/MiniOzoneClusterImpl-43f0ca0c-372e-4c55-aedd-c9e251b369b0/datanode-2/data-0/containers/hdds of storage type : DISK and capacity : 9223372036854775807
2021-06-09 09:32:53,847 [Listener at 127.0.0.1/10928] INFO  volume.MutableVolumeSet (MutableVolumeSet.java:initializeVolumeSet(198)) - Added Volume : /home/runner/work/ozone/ozone/mnt/ozone/hadoop-ozone/integration-test/target/test-dir/MiniOzoneClusterImpl-43f0ca0c-372e-4c55-aedd-c9e251b369b0/datanode-2/data-0/containers/hdds to VolumeSet
2021-06-09 09:32:53,847 [Listener at 127.0.0.1/10928] INFO  volume.ThrottledAsyncChecker (ThrottledAsyncChecker.java:schedule(141)) - Scheduling a check for /home/runner/work/ozone/ozone/mnt/ozone/hadoop-ozone/integration-test/target/test-dir/MiniOzoneClusterImpl-43f0ca0c-372e-4c55-aedd-c9e251b369b0/datanode-2/data-0/containers/hdds
2021-06-09 09:32:53,852 [Listener at 127.0.0.1/10928] INFO  volume.HddsVolumeChecker (HddsVolumeChecker.java:checkAllVolumes(201)) - Scheduled health check for volume /home/runner/work/ozone/ozone/mnt/ozone/hadoop-ozone/integration-test/target/test-dir/MiniOzoneClusterImpl-43f0ca0c-372e-4c55-aedd-c9e251b369b0/datanode-2/data-0/containers/hdds
2021-06-09 09:32:53,856 [Datanode State Machine Task Thread - 0] INFO  datanode.InitDatanodeState (InitDatanodeState.java:persistContainerDatanodeDetails(145)) - DatanodeDetails is persisted to /home/runner/work/ozone/ozone/mnt/ozone/hadoop-ozone/integration-test/target/test-dir/MiniOzoneClusterImpl-43f0ca0c-372e-4c55-aedd-c9e251b369b0/datanode-1/meta/datanode.id
2021-06-09 09:32:53,870 [Listener at 127.0.0.1/10928] INFO  ozoneimpl.ContainerReader (ContainerReader.java:<init>(98)) - Running in upgrade mode:true
2021-06-09 09:32:53,871 [Thread-507] INFO  ozoneimpl.ContainerReader (ContainerReader.java:readVolume(142)) - Start to verify containers on volume /home/runner/work/ozone/ozone/mnt/ozone/hadoop-ozone/integration-test/target/test-dir/MiniOzoneClusterImpl-43f0ca0c-372e-4c55-aedd-c9e251b369b0/datanode-2/data-0/containers/hdds
2021-06-09 09:32:53,871 [Thread-507] INFO  ozoneimpl.ContainerReader (ContainerReader.java:readVolume(174)) - Finish verifying containers on volume /home/runner/work/ozone/ozone/mnt/ozone/hadoop-ozone/integration-test/target/test-dir/MiniOzoneClusterImpl-43f0ca0c-372e-4c55-aedd-c9e251b369b0/datanode-2/data-0/containers/hdds
2021-06-09 09:32:53,871 [Listener at 127.0.0.1/10928] INFO  ozoneimpl.OzoneContainer (OzoneContainer.java:buildContainerSet(228)) - Build ContainerSet costs 0s
2021-06-09 09:32:53,873 [Listener at 127.0.0.1/10928] INFO  server.RaftServer (ConfUtils.java:logGet(44)) - raft.rpc.type = GRPC (default)
2021-06-09 09:32:53,873 [Listener at 127.0.0.1/10928] INFO  grpc.GrpcFactory (GrpcFactory.java:checkPooledByteBufAllocatorUseCacheForAllThreads(48)) - PERFORMANCE WARNING: useCacheForAllThreads is true that may cause Netty to create a lot garbage objects and, as a result, trigger GC.
	It is recommended to disable useCacheForAllThreads by setting -Dorg.apache.ratis.thirdparty.io.netty.allocator.useCacheForAllThreads=false in command line.
2021-06-09 09:32:53,874 [Listener at 127.0.0.1/10928] INFO  grpc.GrpcConfigKeys (ConfUtils.java:logGet(44)) - raft.grpc.admin.port = 0 (custom)
2021-06-09 09:32:53,874 [Listener at 127.0.0.1/10928] INFO  grpc.GrpcConfigKeys (ConfUtils.java:logGet(44)) - raft.grpc.client.port = 0 (custom)
2021-06-09 09:32:53,874 [Listener at 127.0.0.1/10928] INFO  grpc.GrpcConfigKeys (ConfUtils.java:logGet(44)) - raft.grpc.server.port = 0 (default)
2021-06-09 09:32:53,874 [Listener at 127.0.0.1/10928] INFO  server.GrpcService (ConfUtils.java:logGet(44)) - raft.grpc.message.size.max = 32MB (=33554432) (custom)
2021-06-09 09:32:53,874 [Listener at 127.0.0.1/10928] INFO  server.RaftServerConfigKeys (ConfUtils.java:logGet(44)) - raft.server.log.appender.buffer.byte-limit = 33554432 (custom)
2021-06-09 09:32:53,874 [Listener at 127.0.0.1/10928] INFO  server.GrpcService (ConfUtils.java:logGet(44)) - raft.grpc.flow.control.window = 5MB (=5242880) (custom)
2021-06-09 09:32:53,874 [Listener at 127.0.0.1/10928] INFO  server.RaftServerConfigKeys (ConfUtils.java:logGet(44)) - raft.server.rpc.request.timeout = 60s (custom)
2021-06-09 09:32:53,876 [Listener at 127.0.0.1/10928] INFO  impl.DataStreamServerImpl (ConfUtils.java:logGet(44)) - raft.datastream.type = DISABLED (default)
2021-06-09 09:32:53,877 [Listener at 127.0.0.1/10928] INFO  server.RaftServerConfigKeys (ConfUtils.java:logGet(44)) - raft.server.rpc.slowness.timeout = 300s (custom)
2021-06-09 09:32:53,877 [Listener at 127.0.0.1/10928] INFO  server.RaftServerConfigKeys (ConfUtils.java:logGet(44)) - raft.server.leaderelection.leader.step-down.wait-time = 10s (default)
2021-06-09 09:32:53,877 [Listener at 127.0.0.1/10928] INFO  server.RaftServerConfigKeys (ConfUtils.java:logGet(44)) - raft.server.storage.dir = [/home/runner/work/ozone/ozone/mnt/ozone/hadoop-ozone/integration-test/target/test-dir/MiniOzoneClusterImpl-43f0ca0c-372e-4c55-aedd-c9e251b369b0/datanode-2/data/ratis] (custom)
2021-06-09 09:32:53,880 [Listener at 127.0.0.1/10928] INFO  http.BaseHttpServer (BaseHttpServer.java:newHttpServer2BuilderForOzone(209)) - Starting Web-server for hddsDatanode at: http://0.0.0.0:0
2021-06-09 09:32:53,880 [Listener at 127.0.0.1/10928] INFO  http.BaseHttpServer (BaseHttpServer.java:<init>(107)) - Hadoop Security Enabled: false Ozone Security Enabled: false Ozone HTTP Security Enabled: false 
2021-06-09 09:32:53,882 [Listener at 127.0.0.1/10928] INFO  server.AuthenticationFilter (AuthenticationFilter.java:constructSecretProvider(240)) - Unable to initialize FileSignerSecretProvider, falling back to use random secrets.
2021-06-09 09:32:53,883 [Listener at 127.0.0.1/10928] WARN  http.HttpRequestLog (HttpRequestLog.java:getRequestLog(103)) - Jetty request log can only be enabled using Log4j
2021-06-09 09:32:53,883 [Listener at 127.0.0.1/10928] INFO  http.HttpServer2 (HttpServer2.java:addGlobalFilter(1020)) - Added global filter 'safety' (class=org.apache.hadoop.hdds.server.http.HttpServer2$QuotingInputFilter)
2021-06-09 09:32:53,884 [Listener at 127.0.0.1/10928] INFO  http.HttpServer2 (HttpServer2.java:addFilter(996)) - Added filter static_user_filter (class=org.apache.hadoop.http.lib.StaticUserWebFilter$StaticUserFilter) to context hddsDatanode
2021-06-09 09:32:53,884 [Listener at 127.0.0.1/10928] INFO  http.HttpServer2 (HttpServer2.java:addFilter(1004)) - Added filter static_user_filter (class=org.apache.hadoop.http.lib.StaticUserWebFilter$StaticUserFilter) to context logs
2021-06-09 09:32:53,884 [Listener at 127.0.0.1/10928] INFO  http.HttpServer2 (HttpServer2.java:addFilter(1004)) - Added filter static_user_filter (class=org.apache.hadoop.http.lib.StaticUserWebFilter$StaticUserFilter) to context static
2021-06-09 09:32:53,889 [Listener at 127.0.0.1/10928] INFO  http.HttpServer2 (HttpServer2.java:bindListener(1238)) - Jetty bound to port 46641
2021-06-09 09:32:53,889 [Listener at 127.0.0.1/10928] INFO  server.Server (Server.java:doStart(375)) - jetty-9.4.35.v20201120; built: 2020-11-20T21:17:03.964Z; git: bdc54f03a5e0a7e280fab27f55c3c75ee8da89fb; jvm 1.8.0_292-b10
2021-06-09 09:32:53,896 [Listener at 127.0.0.1/10928] INFO  server.session (DefaultSessionIdManager.java:doStart(334)) - DefaultSessionIdManager workerName=node0
2021-06-09 09:32:53,896 [Listener at 127.0.0.1/10928] INFO  server.session (DefaultSessionIdManager.java:doStart(339)) - No SessionScavenger set, using defaults
2021-06-09 09:32:53,897 [Listener at 127.0.0.1/10928] INFO  server.session (HouseKeeper.java:startScavenging(132)) - node0 Scavenging every 660000ms
2021-06-09 09:32:53,897 [Listener at 127.0.0.1/10928] INFO  handler.ContextHandler (ContextHandler.java:doStart(916)) - Started o.e.j.s.ServletContextHandler@421a752b{logs,/logs,file:///home/runner/work/ozone/ozone/mnt/ozone/hadoop-ozone/integration-test/target/log,AVAILABLE}
2021-06-09 09:32:53,898 [Listener at 127.0.0.1/10928] INFO  handler.ContextHandler (ContextHandler.java:doStart(916)) - Started o.e.j.s.ServletContextHandler@d4fe4d{static,/static,jar:file:/home/runner/.m2/repository/org/apache/ozone/hdds-container-service/1.2.0-SNAPSHOT/hdds-container-service-1.2.0-SNAPSHOT.jar!/webapps/static,AVAILABLE}
2021-06-09 09:32:53,940 [Listener at 127.0.0.1/10928] INFO  handler.ContextHandler (ContextHandler.java:doStart(916)) - Started o.e.j.w.WebAppContext@19adcb41{hddsDatanode,/,file:///tmp/jetty-0_0_0_0-46641-hdds-container-service-1_2_0-SNAPSHOT_jar-_-any-452446294540688455/webapp/,AVAILABLE}{jar:file:/home/runner/.m2/repository/org/apache/ozone/hdds-container-service/1.2.0-SNAPSHOT/hdds-container-service-1.2.0-SNAPSHOT.jar!/webapps/hddsDatanode}
2021-06-09 09:32:53,941 [Listener at 127.0.0.1/10928] INFO  server.AbstractConnector (AbstractConnector.java:doStart(331)) - Started ServerConnector@7e7a6f81{HTTP/1.1, (http/1.1)}{0.0.0.0:46641}
2021-06-09 09:32:53,941 [Listener at 127.0.0.1/10928] INFO  server.Server (Server.java:doStart(415)) - Started @18704ms
2021-06-09 09:32:53,942 [Listener at 127.0.0.1/10928] WARN  impl.MetricsSystemImpl (MetricsSystemImpl.java:register(279)) - Sink prometheus already exists!
2021-06-09 09:32:53,943 [Listener at 127.0.0.1/10928] INFO  http.BaseHttpServer (BaseHttpServer.java:updateConnectorAddress(329)) - HTTP server of hddsDatanode listening at http://0.0.0.0:46641
2021-06-09 09:32:53,945 [Listener at 127.0.0.1/10928] INFO  ozone.MiniOzoneClusterImpl (MiniOzoneClusterImpl.java:lambda$waitForClusterToBeReady$0(224)) - Waiting for nodes to be ready. Got 0 of 3 DN Heartbeats.
2021-06-09 09:32:53,945 [Listener at 127.0.0.1/10928] INFO  ozone.MiniOzoneClusterImpl (MiniOzoneClusterImpl.java:lambda$waitForClusterToBeReady$0(227)) - Waiting for cluster to exit safe mode
2021-06-09 09:32:53,945 [Listener at 127.0.0.1/10928] INFO  ozone.MiniOzoneClusterImpl (MiniOzoneClusterImpl.java:lambda$waitForClusterToBeReady$0(230)) - SCM became leader
2021-06-09 09:32:53,963 [org.apache.hadoop.util.JvmPauseMonitor$Monitor@1db0475d] INFO  util.JvmPauseMonitor (JvmPauseMonitor.java:run(188)) - Starting JVM pause monitor
2021-06-09 09:32:53,963 [Datanode State Machine Task Thread - 0] INFO  ha.SCMNodeInfo (SCMNodeInfo.java:getPort(197)) - ConfigKey ozone.scm.client.address is deprecated, For configuring different ports for each SCM use PortConfigKey ozone.scm.client.port appended with serviceId and nodeId
2021-06-09 09:32:53,963 [Datanode State Machine Task Thread - 0] INFO  ha.SCMNodeInfo (SCMNodeInfo.java:getPort(197)) - ConfigKey ozone.scm.block.client.address is deprecated, For configuring different ports for each SCM use PortConfigKey ozone.scm.block.client.port appended with serviceId and nodeId
2021-06-09 09:32:53,963 [Datanode State Machine Task Thread - 0] INFO  ha.SCMNodeInfo (SCMNodeInfo.java:getPort(197)) - ConfigKey ozone.scm.datanode.address is deprecated, For configuring different ports for each SCM use PortConfigKey ozone.scm.datanode.port appended with serviceId and nodeId
2021-06-09 09:32:53,963 [Datanode State Machine Task Thread - 0] INFO  ha.SCMNodeInfo (SCMNodeInfo.java:getPort(197)) - ConfigKey ozone.scm.client.address is deprecated, For configuring different ports for each SCM use PortConfigKey ozone.scm.client.port appended with serviceId and nodeId
2021-06-09 09:32:53,963 [Datanode State Machine Task Thread - 0] INFO  ha.SCMNodeInfo (SCMNodeInfo.java:getPort(197)) - ConfigKey ozone.scm.block.client.address is deprecated, For configuring different ports for each SCM use PortConfigKey ozone.scm.block.client.port appended with serviceId and nodeId
2021-06-09 09:32:53,963 [Datanode State Machine Task Thread - 0] INFO  ha.SCMNodeInfo (SCMNodeInfo.java:getPort(197)) - ConfigKey ozone.scm.datanode.address is deprecated, For configuring different ports for each SCM use PortConfigKey ozone.scm.datanode.port appended with serviceId and nodeId
2021-06-09 09:32:53,963 [Datanode State Machine Task Thread - 0] INFO  ha.SCMNodeInfo (SCMNodeInfo.java:getPort(197)) - ConfigKey ozone.scm.client.address is deprecated, For configuring different ports for each SCM use PortConfigKey ozone.scm.client.port appended with serviceId and nodeId
2021-06-09 09:32:53,964 [Datanode State Machine Task Thread - 0] INFO  ha.SCMNodeInfo (SCMNodeInfo.java:getPort(197)) - ConfigKey ozone.scm.block.client.address is deprecated, For configuring different ports for each SCM use PortConfigKey ozone.scm.block.client.port appended with serviceId and nodeId
2021-06-09 09:32:53,964 [Datanode State Machine Task Thread - 0] INFO  ha.SCMNodeInfo (SCMNodeInfo.java:getPort(197)) - ConfigKey ozone.scm.datanode.address is deprecated, For configuring different ports for each SCM use PortConfigKey ozone.scm.datanode.port appended with serviceId and nodeId
2021-06-09 09:32:53,965 [Datanode State Machine Task Thread - 0] INFO  datanode.InitDatanodeState (InitDatanodeState.java:persistContainerDatanodeDetails(145)) - DatanodeDetails is persisted to /home/runner/work/ozone/ozone/mnt/ozone/hadoop-ozone/integration-test/target/test-dir/MiniOzoneClusterImpl-43f0ca0c-372e-4c55-aedd-c9e251b369b0/datanode-2/meta/datanode.id
2021-06-09 09:32:54,050 [omNode-1@group-523986131536-FollowerState] INFO  impl.FollowerState (FollowerState.java:run(134)) - omNode-1@group-523986131536-FollowerState: change to CANDIDATE, lastRpcElapsedTime:1188793588ns, electionTimeout:1180ms
2021-06-09 09:32:54,051 [omNode-1@group-523986131536-FollowerState] INFO  impl.RoleInfo (RoleInfo.java:shutdownFollowerState(108)) - omNode-1: shutdown omNode-1@group-523986131536-FollowerState
2021-06-09 09:32:54,051 [omNode-1@group-523986131536-FollowerState] INFO  server.RaftServer$Division (RaftServerImpl.java:setRole(284)) - omNode-1@group-523986131536: changes role from  FOLLOWER to CANDIDATE at term 0 for changeToCandidate
2021-06-09 09:32:54,051 [omNode-1@group-523986131536-FollowerState] INFO  server.RaftServerConfigKeys (ConfUtils.java:logGet(44)) - raft.server.leaderelection.pre-vote = false (custom)
2021-06-09 09:32:54,051 [omNode-1@group-523986131536-FollowerState] INFO  impl.RoleInfo (RoleInfo.java:updateAndGet(130)) - omNode-1: start omNode-1@group-523986131536-LeaderElection3
2021-06-09 09:32:54,055 [omNode-1@group-523986131536-LeaderElection3] INFO  impl.LeaderElection (LeaderElection.java:askForVotes(306)) - omNode-1@group-523986131536-LeaderElection3 ELECTION round 0: submit vote requests at term 1 for -1: [omNode-1|rpc:localhost:10932|priority:0], old=null
2021-06-09 09:32:54,055 [omNode-1@group-523986131536-LeaderElection3] INFO  impl.LeaderElection (LeaderElection.java:askForVotes(308)) - omNode-1@group-523986131536-LeaderElection3 ELECTION round 0: result PASSED (term=1)
2021-06-09 09:32:54,056 [omNode-1@group-523986131536-LeaderElection3] INFO  impl.RoleInfo (RoleInfo.java:shutdownLeaderElection(121)) - omNode-1: shutdown omNode-1@group-523986131536-LeaderElection3
2021-06-09 09:32:54,056 [omNode-1@group-523986131536-LeaderElection3] INFO  server.RaftServer$Division (RaftServerImpl.java:setRole(284)) - omNode-1@group-523986131536: changes role from CANDIDATE to LEADER at term 1 for changeToLeader
2021-06-09 09:32:54,056 [omNode-1@group-523986131536-LeaderElection3] INFO  server.RaftServer$Division (ServerState.java:setLeader(271)) - omNode-1@group-523986131536: change Leader from null to omNode-1 at term 1 for becomeLeader, leader elected after 1273ms
2021-06-09 09:32:54,056 [omNode-1@group-523986131536-LeaderElection3] INFO  server.RaftServerConfigKeys (ConfUtils.java:logGet(44)) - raft.server.staging.catchup.gap = 1000 (default)
2021-06-09 09:32:54,056 [omNode-1@group-523986131536-LeaderElection3] INFO  metrics.RatisMetrics (RatisMetrics.java:lambda$create$0(36)) - Creating Metrics Registry : ratis.log_appender.omNode-1@group-523986131536
2021-06-09 09:32:54,057 [omNode-1@group-523986131536-LeaderElection3] INFO  server.RaftServerConfigKeys (ConfUtils.java:logGet(44)) - raft.server.write.element-limit = 4096 (default)
2021-06-09 09:32:54,057 [omNode-1@group-523986131536-LeaderElection3] INFO  server.RaftServerConfigKeys (ConfUtils.java:logGet(44)) - raft.server.write.byte-limit = 64MB (=67108864) (default)
2021-06-09 09:32:54,057 [omNode-1@group-523986131536-LeaderElection3] INFO  server.RaftServerConfigKeys (ConfUtils.java:logGet(44)) - raft.server.watch.timeout = 10s (default)
2021-06-09 09:32:54,057 [omNode-1@group-523986131536-LeaderElection3] INFO  server.RaftServerConfigKeys (ConfUtils.java:logGet(44)) - raft.server.watch.timeout.denomination = 1s (default)
2021-06-09 09:32:54,057 [omNode-1@group-523986131536-LeaderElection3] INFO  server.RaftServerConfigKeys (ConfUtils.java:logGet(44)) - raft.server.watch.element-limit = 65536 (default)
2021-06-09 09:32:54,058 [omNode-1@group-523986131536-LeaderElection3] INFO  impl.RoleInfo (RoleInfo.java:updateAndGet(130)) - omNode-1: start omNode-1@group-523986131536-LeaderStateImpl
2021-06-09 09:32:54,059 [omNode-1@group-523986131536-LeaderElection3] INFO  segmented.SegmentedRaftLogWorker (SegmentedRaftLogWorker.java:startLogSegment(394)) - omNode-1@group-523986131536-SegmentedRaftLogWorker: Starting segment from index:0
2021-06-09 09:32:54,063 [omNode-1@group-523986131536-LeaderElection3] INFO  server.RaftServer$Division (ServerState.java:setRaftConf(373)) - omNode-1@group-523986131536: set configuration 0: [omNode-1|rpc:localhost:10932|admin:|client:|dataStream:|priority:0], old=null
2021-06-09 09:32:54,068 [omNode-1@group-523986131536-SegmentedRaftLogWorker] INFO  segmented.SegmentedRaftLogWorker (SegmentedRaftLogWorker.java:execute(601)) - omNode-1@group-523986131536-SegmentedRaftLogWorker: created new log segment /home/runner/work/ozone/ozone/mnt/ozone/hadoop-ozone/integration-test/target/test-dir/MiniOzoneClusterImpl-43f0ca0c-372e-4c55-aedd-c9e251b369b0/omNode-1/ratis/c9bc4cf4-3bc3-3c60-a66b-523986131536/current/log_inprogress_0
2021-06-09 09:32:54,946 [Listener at 127.0.0.1/10928] INFO  ozone.MiniOzoneClusterImpl (MiniOzoneClusterImpl.java:lambda$waitForClusterToBeReady$0(224)) - Waiting for nodes to be ready. Got 0 of 3 DN Heartbeats.
2021-06-09 09:32:54,946 [Listener at 127.0.0.1/10928] INFO  ozone.MiniOzoneClusterImpl (MiniOzoneClusterImpl.java:lambda$waitForClusterToBeReady$0(227)) - Waiting for cluster to exit safe mode
2021-06-09 09:32:54,946 [Listener at 127.0.0.1/10928] INFO  ozone.MiniOzoneClusterImpl (MiniOzoneClusterImpl.java:lambda$waitForClusterToBeReady$0(230)) - SCM became leader
2021-06-09 09:32:55,732 [EndpointStateMachine task thread for /127.0.0.1:14335 - 0 ] INFO  ozoneimpl.OzoneContainer (OzoneContainer.java:start(295)) - Attempting to start container services.
2021-06-09 09:32:55,734 [EndpointStateMachine task thread for /127.0.0.1:14335 - 0 ] INFO  ozoneimpl.OzoneContainer (OzoneContainer.java:startContainerScrub(241)) - Background container scanner has been disabled.
2021-06-09 09:32:55,735 [EndpointStateMachine task thread for /127.0.0.1:14335 - 0 ] INFO  replication.ReplicationServer (ReplicationServer.java:start(106)) - ReplicationServer is started using port 44561
2021-06-09 09:32:55,738 [EndpointStateMachine task thread for /127.0.0.1:14335 - 0 ] INFO  ratis.XceiverServerRatis (XceiverServerRatis.java:start(490)) - Starting XceiverServerRatis 697bcd3f-2547-41de-8cec-7c932316130e
2021-06-09 09:32:55,739 [EndpointStateMachine task thread for /127.0.0.1:14335 - 0 ] INFO  server.RaftServer (RaftServerProxy.java:lambda$start$5(374)) - 697bcd3f-2547-41de-8cec-7c932316130e: start RPC server
2021-06-09 09:32:55,743 [EndpointStateMachine task thread for /127.0.0.1:14335 - 0 ] INFO  server.GrpcService (GrpcService.java:startImpl(253)) - 697bcd3f-2547-41de-8cec-7c932316130e: GrpcService started, listening on 39889
2021-06-09 09:32:55,747 [EndpointStateMachine task thread for /127.0.0.1:14335 - 0 ] INFO  ratis.XceiverServerRatis (XceiverServerRatis.java:getRealPort(511)) - XceiverServerRatis 697bcd3f-2547-41de-8cec-7c932316130e is started using port 39889 for RATIS
2021-06-09 09:32:55,747 [EndpointStateMachine task thread for /127.0.0.1:14335 - 0 ] INFO  ratis.XceiverServerRatis (XceiverServerRatis.java:getRealPort(511)) - XceiverServerRatis 697bcd3f-2547-41de-8cec-7c932316130e is started using port 39889 for RATIS_ADMIN
2021-06-09 09:32:55,747 [EndpointStateMachine task thread for /127.0.0.1:14335 - 0 ] INFO  ratis.XceiverServerRatis (XceiverServerRatis.java:getRealPort(511)) - XceiverServerRatis 697bcd3f-2547-41de-8cec-7c932316130e is started using port 39889 for RATIS_SERVER
2021-06-09 09:32:55,754 [EndpointStateMachine task thread for /127.0.0.1:14335 - 0 ] INFO  server.XceiverServerGrpc (XceiverServerGrpc.java:start(135)) - XceiverServerGrpc 697bcd3f-2547-41de-8cec-7c932316130e is started using port 35753
2021-06-09 09:32:55,756 [org.apache.ratis.util.JvmPauseMonitor$$Lambda$493/731610911@4313279e] INFO  util.JvmPauseMonitor (JvmPauseMonitor.java:run(103)) - JvmPauseMonitor-697bcd3f-2547-41de-8cec-7c932316130e: Started
2021-06-09 09:32:55,759 [EndpointStateMachine task thread for /127.0.0.1:14325 - 0 ] INFO  ozoneimpl.OzoneContainer (OzoneContainer.java:start(291)) - Ignore. OzoneContainer already started.
2021-06-09 09:32:55,860 [EndpointStateMachine task thread for /127.0.0.1:14335 - 0 ] INFO  ozoneimpl.OzoneContainer (OzoneContainer.java:start(295)) - Attempting to start container services.
2021-06-09 09:32:55,861 [EndpointStateMachine task thread for /127.0.0.1:14335 - 0 ] INFO  ozoneimpl.OzoneContainer (OzoneContainer.java:startContainerScrub(241)) - Background container scanner has been disabled.
2021-06-09 09:32:55,863 [EndpointStateMachine task thread for /127.0.0.1:14335 - 0 ] INFO  replication.ReplicationServer (ReplicationServer.java:start(106)) - ReplicationServer is started using port 38125
2021-06-09 09:32:55,864 [EndpointStateMachine task thread for /127.0.0.1:14335 - 0 ] INFO  ratis.XceiverServerRatis (XceiverServerRatis.java:start(490)) - Starting XceiverServerRatis 3c147370-49f5-478a-bcbe-e6cea6e4d9ae
2021-06-09 09:32:55,865 [EndpointStateMachine task thread for /127.0.0.1:14335 - 0 ] INFO  server.RaftServer (RaftServerProxy.java:lambda$start$5(374)) - 3c147370-49f5-478a-bcbe-e6cea6e4d9ae: start RPC server
2021-06-09 09:32:55,867 [EndpointStateMachine task thread for /127.0.0.1:14335 - 0 ] INFO  server.GrpcService (GrpcService.java:startImpl(253)) - 3c147370-49f5-478a-bcbe-e6cea6e4d9ae: GrpcService started, listening on 40749
2021-06-09 09:32:55,867 [EndpointStateMachine task thread for /127.0.0.1:14335 - 0 ] INFO  ratis.XceiverServerRatis (XceiverServerRatis.java:getRealPort(511)) - XceiverServerRatis 3c147370-49f5-478a-bcbe-e6cea6e4d9ae is started using port 40749 for RATIS
2021-06-09 09:32:55,867 [EndpointStateMachine task thread for /127.0.0.1:14335 - 0 ] INFO  ratis.XceiverServerRatis (XceiverServerRatis.java:getRealPort(511)) - XceiverServerRatis 3c147370-49f5-478a-bcbe-e6cea6e4d9ae is started using port 40749 for RATIS_ADMIN
2021-06-09 09:32:55,867 [EndpointStateMachine task thread for /127.0.0.1:14335 - 0 ] INFO  ratis.XceiverServerRatis (XceiverServerRatis.java:getRealPort(511)) - XceiverServerRatis 3c147370-49f5-478a-bcbe-e6cea6e4d9ae is started using port 40749 for RATIS_SERVER
2021-06-09 09:32:55,868 [EndpointStateMachine task thread for /127.0.0.1:14335 - 0 ] INFO  server.XceiverServerGrpc (XceiverServerGrpc.java:start(135)) - XceiverServerGrpc 3c147370-49f5-478a-bcbe-e6cea6e4d9ae is started using port 35693
2021-06-09 09:32:55,869 [org.apache.ratis.util.JvmPauseMonitor$$Lambda$493/731610911@44d1ef01] INFO  util.JvmPauseMonitor (JvmPauseMonitor.java:run(103)) - JvmPauseMonitor-3c147370-49f5-478a-bcbe-e6cea6e4d9ae: Started
2021-06-09 09:32:55,875 [EndpointStateMachine task thread for /127.0.0.1:14325 - 0 ] INFO  ozoneimpl.OzoneContainer (OzoneContainer.java:start(291)) - Ignore. OzoneContainer already started.
2021-06-09 09:32:55,946 [Listener at 127.0.0.1/10928] INFO  ozone.MiniOzoneClusterImpl (MiniOzoneClusterImpl.java:lambda$waitForClusterToBeReady$0(224)) - Waiting for nodes to be ready. Got 0 of 3 DN Heartbeats.
2021-06-09 09:32:55,947 [Listener at 127.0.0.1/10928] INFO  ozone.MiniOzoneClusterImpl (MiniOzoneClusterImpl.java:lambda$waitForClusterToBeReady$0(227)) - Waiting for cluster to exit safe mode
2021-06-09 09:32:55,947 [Listener at 127.0.0.1/10928] INFO  ozone.MiniOzoneClusterImpl (MiniOzoneClusterImpl.java:lambda$waitForClusterToBeReady$0(230)) - SCM became leader
2021-06-09 09:32:55,969 [EndpointStateMachine task thread for /127.0.0.1:14325 - 0 ] INFO  ozoneimpl.OzoneContainer (OzoneContainer.java:start(295)) - Attempting to start container services.
2021-06-09 09:32:55,970 [EndpointStateMachine task thread for /127.0.0.1:14325 - 0 ] INFO  ozoneimpl.OzoneContainer (OzoneContainer.java:startContainerScrub(241)) - Background container scanner has been disabled.
2021-06-09 09:32:55,972 [EndpointStateMachine task thread for /127.0.0.1:14325 - 0 ] INFO  replication.ReplicationServer (ReplicationServer.java:start(106)) - ReplicationServer is started using port 42185
2021-06-09 09:32:55,972 [EndpointStateMachine task thread for /127.0.0.1:14325 - 0 ] INFO  ratis.XceiverServerRatis (XceiverServerRatis.java:start(490)) - Starting XceiverServerRatis cc259bf8-a2eb-4525-8fb1-f4b47156f121
2021-06-09 09:32:55,973 [EndpointStateMachine task thread for /127.0.0.1:14325 - 0 ] INFO  server.RaftServer (RaftServerProxy.java:lambda$start$5(374)) - cc259bf8-a2eb-4525-8fb1-f4b47156f121: start RPC server
2021-06-09 09:32:55,974 [EndpointStateMachine task thread for /127.0.0.1:14325 - 0 ] INFO  server.GrpcService (GrpcService.java:startImpl(253)) - cc259bf8-a2eb-4525-8fb1-f4b47156f121: GrpcService started, listening on 43471
2021-06-09 09:32:55,975 [EndpointStateMachine task thread for /127.0.0.1:14325 - 0 ] INFO  ratis.XceiverServerRatis (XceiverServerRatis.java:getRealPort(511)) - XceiverServerRatis cc259bf8-a2eb-4525-8fb1-f4b47156f121 is started using port 43471 for RATIS
2021-06-09 09:32:55,975 [EndpointStateMachine task thread for /127.0.0.1:14325 - 0 ] INFO  ratis.XceiverServerRatis (XceiverServerRatis.java:getRealPort(511)) - XceiverServerRatis cc259bf8-a2eb-4525-8fb1-f4b47156f121 is started using port 43471 for RATIS_ADMIN
2021-06-09 09:32:55,975 [org.apache.ratis.util.JvmPauseMonitor$$Lambda$493/731610911@a3b5fc0] INFO  util.JvmPauseMonitor (JvmPauseMonitor.java:run(103)) - JvmPauseMonitor-cc259bf8-a2eb-4525-8fb1-f4b47156f121: Started
2021-06-09 09:32:55,975 [EndpointStateMachine task thread for /127.0.0.1:14325 - 0 ] INFO  ratis.XceiverServerRatis (XceiverServerRatis.java:getRealPort(511)) - XceiverServerRatis cc259bf8-a2eb-4525-8fb1-f4b47156f121 is started using port 43471 for RATIS_SERVER
2021-06-09 09:32:55,976 [EndpointStateMachine task thread for /127.0.0.1:14325 - 0 ] INFO  server.XceiverServerGrpc (XceiverServerGrpc.java:start(135)) - XceiverServerGrpc cc259bf8-a2eb-4525-8fb1-f4b47156f121 is started using port 33151
2021-06-09 09:32:55,978 [EndpointStateMachine task thread for /127.0.0.1:14335 - 0 ] INFO  ozoneimpl.OzoneContainer (OzoneContainer.java:start(291)) - Ignore. OzoneContainer already started.
2021-06-09 09:32:56,948 [Listener at 127.0.0.1/10928] INFO  ozone.MiniOzoneClusterImpl (MiniOzoneClusterImpl.java:lambda$waitForClusterToBeReady$0(224)) - Waiting for nodes to be ready. Got 0 of 3 DN Heartbeats.
2021-06-09 09:32:56,948 [Listener at 127.0.0.1/10928] INFO  ozone.MiniOzoneClusterImpl (MiniOzoneClusterImpl.java:lambda$waitForClusterToBeReady$0(227)) - Waiting for cluster to exit safe mode
2021-06-09 09:32:56,948 [Listener at 127.0.0.1/10928] INFO  ozone.MiniOzoneClusterImpl (MiniOzoneClusterImpl.java:lambda$waitForClusterToBeReady$0(230)) - SCM became leader
2021-06-09 09:32:57,716 [IPC Server handler 2 on default port 14325] INFO  net.NetworkTopologyImpl (NetworkTopologyImpl.java:add(112)) - Added a new node: /default-rack/697bcd3f-2547-41de-8cec-7c932316130e
2021-06-09 09:32:57,717 [IPC Server handler 19 on default port 14335] INFO  net.NetworkTopologyImpl (NetworkTopologyImpl.java:add(112)) - Added a new node: /default-rack/697bcd3f-2547-41de-8cec-7c932316130e
2021-06-09 09:32:57,719 [IPC Server handler 2 on default port 14325] INFO  node.SCMNodeManager (SCMNodeManager.java:register(348)) - Registered Data node : 697bcd3f-2547-41de-8cec-7c932316130e{ip: 127.0.0.1, host: localhost, ports: [REPLICATION=44561, RATIS=39889, RATIS_ADMIN=39889, RATIS_SERVER=39889, STANDALONE=35753], networkLocation: /default-rack, certSerialId: null, persistedOpState: null, persistedOpStateExpiryEpochSec: 0}
2021-06-09 09:32:57,728 [EventQueue-NewNodeForNewNodeHandler] INFO  pipeline.BackgroundPipelineCreator (BackgroundPipelineCreatorV2.java:notifyEventTriggered(282)) - trigger a one-shot run on RatisPipelineUtilsThread.
2021-06-09 09:32:57,728 [IPC Server handler 19 on default port 14335] INFO  node.SCMNodeManager (SCMNodeManager.java:register(348)) - Registered Data node : 697bcd3f-2547-41de-8cec-7c932316130e{ip: 127.0.0.1, host: localhost, ports: [REPLICATION=44561, RATIS=39889, RATIS_ADMIN=39889, RATIS_SERVER=39889, STANDALONE=35753], networkLocation: /default-rack, certSerialId: null, persistedOpState: null, persistedOpStateExpiryEpochSec: 0}
2021-06-09 09:32:57,731 [EventQueue-NodeRegistrationContainerReportForDataNodeSafeModeRule] INFO  safemode.SCMSafeModeManager (DataNodeSafeModeRule.java:process(71)) - SCM in safe mode. 1 DataNodes registered, 1 required.
2021-06-09 09:32:57,731 [EventQueue-NodeRegistrationContainerReportForDataNodeSafeModeRule] INFO  safemode.SCMSafeModeManager (SCMSafeModeManager.java:validateSafeModeExitRules(201)) - DataNodeSafeModeRule rule is successfully validated
2021-06-09 09:32:57,731 [EventQueue-NodeRegistrationContainerReportForDataNodeSafeModeRule] INFO  safemode.SCMSafeModeManager (SCMSafeModeManager.java:completePreCheck(229)) - All SCM safe mode pre check rules have passed
2021-06-09 09:32:57,750 [EventQueue-NewNodeForNewNodeHandler] INFO  pipeline.BackgroundPipelineCreator (BackgroundPipelineCreatorV2.java:notifyEventTriggered(276)) - ignore, not leader SCM.
2021-06-09 09:32:57,731 [EventQueue-NodeRegistrationContainerReportForDataNodeSafeModeRule] WARN  events.EventQueue (EventQueue.java:fireEvent(185)) - No event handler registered for event TypedEvent{payloadType=SafeModeStatus, name='Safe mode status'}
2021-06-09 09:32:57,750 [EventQueue-NodeRegistrationContainerReportForDataNodeSafeModeRule] INFO  ha.SCMContext (SCMContext.java:updateSafeModeStatus(148)) - Update SafeModeStatus from SafeModeStatus{safeModeStatus=true, preCheckPassed=false} to SafeModeStatus{safeModeStatus=true, preCheckPassed=true}.
2021-06-09 09:32:57,750 [EventQueue-NodeRegistrationContainerReportForDataNodeSafeModeRule] INFO  pipeline.BackgroundPipelineCreator (BackgroundPipelineCreatorV2.java:notifyEventTriggered(282)) - trigger a one-shot run on RatisPipelineUtilsThread.
2021-06-09 09:32:57,732 [EventQueue-NodeRegistrationContainerReportForDataNodeSafeModeRule] INFO  safemode.SCMSafeModeManager (DataNodeSafeModeRule.java:process(71)) - SCM in safe mode. 1 DataNodes registered, 1 required.
2021-06-09 09:32:57,732 [EventQueue-NodeRegistrationContainerReportForContainerSafeModeRule] INFO  safemode.SCMSafeModeManager (SCMSafeModeManager.java:validateSafeModeExitRules(201)) - ContainerSafeModeRule rule is successfully validated
2021-06-09 09:32:57,750 [EventQueue-PipelineReportForOneReplicaPipelineSafeModeRule] INFO  safemode.SCMSafeModeManager (SCMSafeModeManager.java:validateSafeModeExitRules(201)) - AtleastOneDatanodeReportedRule rule is successfully validated
2021-06-09 09:32:57,750 [EventQueue-NodeRegistrationContainerReportForDataNodeSafeModeRule] INFO  safemode.SCMSafeModeManager (SCMSafeModeManager.java:validateSafeModeExitRules(201)) - DataNodeSafeModeRule rule is successfully validated
2021-06-09 09:32:57,750 [EventQueue-NodeRegistrationContainerReportForDataNodeSafeModeRule] INFO  safemode.SCMSafeModeManager (SCMSafeModeManager.java:completePreCheck(229)) - All SCM safe mode pre check rules have passed
2021-06-09 09:32:57,750 [EventQueue-NodeRegistrationContainerReportForDataNodeSafeModeRule] WARN  events.EventQueue (EventQueue.java:fireEvent(185)) - No event handler registered for event TypedEvent{payloadType=SafeModeStatus, name='Safe mode status'}
2021-06-09 09:32:57,750 [EventQueue-NodeRegistrationContainerReportForDataNodeSafeModeRule] INFO  ha.SCMContext (SCMContext.java:updateSafeModeStatus(148)) - Update SafeModeStatus from SafeModeStatus{safeModeStatus=true, preCheckPassed=false} to SafeModeStatus{safeModeStatus=true, preCheckPassed=true}.
2021-06-09 09:32:57,750 [EventQueue-NodeRegistrationContainerReportForDataNodeSafeModeRule] INFO  pipeline.BackgroundPipelineCreator (BackgroundPipelineCreatorV2.java:notifyEventTriggered(276)) - ignore, not leader SCM.
2021-06-09 09:32:57,751 [EventQueue-NodeRegistrationContainerReportForContainerSafeModeRule] INFO  safemode.SCMSafeModeManager (SCMSafeModeManager.java:validateSafeModeExitRules(201)) - ContainerSafeModeRule rule is successfully validated
2021-06-09 09:32:57,751 [EventQueue-PipelineReportForOneReplicaPipelineSafeModeRule] INFO  safemode.SCMSafeModeManager (SCMSafeModeManager.java:validateSafeModeExitRules(201)) - AtleastOneDatanodeReportedRule rule is successfully validated
2021-06-09 09:32:57,755 [RatisPipelineUtilsThread - 0] INFO  pipeline.RatisPipelineProvider (RatisPipelineProvider.java:lambda$create$0(170)) - Sending CreatePipelineCommand for pipeline:PipelineID=ab495932-067f-4ead-8cc9-6416cf2b93b2 to datanode:697bcd3f-2547-41de-8cec-7c932316130e
2021-06-09 09:32:57,809 [e0e3eed1-d528-4a83-939c-b34003b9dea6@group-C9E251B369B0-StateMachineUpdater] INFO  pipeline.PipelineStateManager (PipelineStateManagerV2Impl.java:addPipeline(101)) - Created pipeline Pipeline[ Id: ab495932-067f-4ead-8cc9-6416cf2b93b2, Nodes: 697bcd3f-2547-41de-8cec-7c932316130e{ip: 127.0.0.1, host: localhost, ports: [REPLICATION=44561, RATIS=39889, RATIS_ADMIN=39889, RATIS_SERVER=39889, STANDALONE=35753], networkLocation: /default-rack, certSerialId: null, persistedOpState: IN_SERVICE, persistedOpStateExpiryEpochSec: 0}, ReplicationConfig: RATIS/ONE, State:ALLOCATED, leaderId:, CreationTimestamp2021-06-09T09:32:57.752Z].
2021-06-09 09:32:57,816 [943a282b-f1b6-4c47-b0d5-ac1d3ae1d1bb@group-C9E251B369B0-StateMachineUpdater] INFO  pipeline.PipelineStateManager (PipelineStateManagerV2Impl.java:addPipeline(101)) - Created pipeline Pipeline[ Id: ab495932-067f-4ead-8cc9-6416cf2b93b2, Nodes: 697bcd3f-2547-41de-8cec-7c932316130e{ip: 127.0.0.1, host: localhost, ports: [REPLICATION=44561, RATIS=39889, RATIS_ADMIN=39889, RATIS_SERVER=39889, STANDALONE=35753], networkLocation: /default-rack, certSerialId: null, persistedOpState: IN_SERVICE, persistedOpStateExpiryEpochSec: 0}, ReplicationConfig: RATIS/ONE, State:ALLOCATED, leaderId:, CreationTimestamp2021-06-09T09:32:57.752Z].
2021-06-09 09:32:57,819 [RatisPipelineUtilsThread - 0] INFO  ha.SCMHAInvocationHandler (SCMHAInvocationHandler.java:invokeRatis(113)) - Invoking method public abstract void org.apache.hadoop.hdds.scm.pipeline.StateManager.addPipeline(org.apache.hadoop.hdds.protocol.proto.HddsProtos$Pipeline) throws java.io.IOException on target org.apache.hadoop.hdds.scm.ha.SCMRatisServerImpl@7356e723, cost 58044.651us
2021-06-09 09:32:57,823 [RatisPipelineUtilsThread - 0] WARN  pipeline.PipelinePlacementPolicy (PipelinePlacementPolicy.java:filterViableNodes(151)) - Pipeline creation failed due to no sufficient healthy datanodes. Required 3. Found 1.
2021-06-09 09:32:57,845 [IPC Server handler 18 on default port 14335] INFO  net.NetworkTopologyImpl (NetworkTopologyImpl.java:add(112)) - Added a new node: /default-rack/3c147370-49f5-478a-bcbe-e6cea6e4d9ae
2021-06-09 09:32:57,845 [IPC Server handler 3 on default port 14325] INFO  net.NetworkTopologyImpl (NetworkTopologyImpl.java:add(112)) - Added a new node: /default-rack/3c147370-49f5-478a-bcbe-e6cea6e4d9ae
2021-06-09 09:32:57,846 [IPC Server handler 18 on default port 14335] INFO  node.SCMNodeManager (SCMNodeManager.java:register(348)) - Registered Data node : 3c147370-49f5-478a-bcbe-e6cea6e4d9ae{ip: 127.0.0.1, host: localhost, ports: [REPLICATION=38125, RATIS=40749, RATIS_ADMIN=40749, RATIS_SERVER=40749, STANDALONE=35693], networkLocation: /default-rack, certSerialId: null, persistedOpState: null, persistedOpStateExpiryEpochSec: 0}
2021-06-09 09:32:57,846 [IPC Server handler 3 on default port 14325] INFO  node.SCMNodeManager (SCMNodeManager.java:register(348)) - Registered Data node : 3c147370-49f5-478a-bcbe-e6cea6e4d9ae{ip: 127.0.0.1, host: localhost, ports: [REPLICATION=38125, RATIS=40749, RATIS_ADMIN=40749, RATIS_SERVER=40749, STANDALONE=35693], networkLocation: /default-rack, certSerialId: null, persistedOpState: null, persistedOpStateExpiryEpochSec: 0}
2021-06-09 09:32:57,846 [EventQueue-NewNodeForNewNodeHandler] INFO  pipeline.BackgroundPipelineCreator (BackgroundPipelineCreatorV2.java:notifyEventTriggered(276)) - ignore, not leader SCM.
2021-06-09 09:32:57,846 [EventQueue-NewNodeForNewNodeHandler] INFO  pipeline.BackgroundPipelineCreator (BackgroundPipelineCreatorV2.java:notifyEventTriggered(282)) - trigger a one-shot run on RatisPipelineUtilsThread.
2021-06-09 09:32:57,846 [EventQueue-NodeRegistrationContainerReportForDataNodeSafeModeRule] INFO  safemode.SCMSafeModeManager (SCMSafeModeManager.java:validateSafeModeExitRules(201)) - DataNodeSafeModeRule rule is successfully validated
2021-06-09 09:32:57,846 [EventQueue-NodeRegistrationContainerReportForContainerSafeModeRule] INFO  safemode.SCMSafeModeManager (SCMSafeModeManager.java:validateSafeModeExitRules(201)) - ContainerSafeModeRule rule is successfully validated
2021-06-09 09:32:57,846 [EventQueue-PipelineReportForOneReplicaPipelineSafeModeRule] INFO  safemode.SCMSafeModeManager (SCMSafeModeManager.java:validateSafeModeExitRules(201)) - AtleastOneDatanodeReportedRule rule is successfully validated
2021-06-09 09:32:57,846 [EventQueue-NodeRegistrationContainerReportForDataNodeSafeModeRule] INFO  safemode.SCMSafeModeManager (SCMSafeModeManager.java:validateSafeModeExitRules(201)) - DataNodeSafeModeRule rule is successfully validated
2021-06-09 09:32:57,847 [EventQueue-PipelineReportForOneReplicaPipelineSafeModeRule] INFO  safemode.SCMSafeModeManager (SCMSafeModeManager.java:validateSafeModeExitRules(201)) - AtleastOneDatanodeReportedRule rule is successfully validated
2021-06-09 09:32:57,847 [EventQueue-NodeRegistrationContainerReportForContainerSafeModeRule] INFO  safemode.SCMSafeModeManager (SCMSafeModeManager.java:validateSafeModeExitRules(201)) - ContainerSafeModeRule rule is successfully validated
2021-06-09 09:32:57,848 [RatisPipelineUtilsThread - 0] INFO  pipeline.RatisPipelineProvider (RatisPipelineProvider.java:lambda$create$0(170)) - Sending CreatePipelineCommand for pipeline:PipelineID=ac0681c3-a1cb-42d7-aeb6-e67a7eeadb27 to datanode:3c147370-49f5-478a-bcbe-e6cea6e4d9ae
2021-06-09 09:32:57,853 [e0e3eed1-d528-4a83-939c-b34003b9dea6@group-C9E251B369B0-StateMachineUpdater] INFO  pipeline.PipelineStateManager (PipelineStateManagerV2Impl.java:addPipeline(101)) - Created pipeline Pipeline[ Id: ac0681c3-a1cb-42d7-aeb6-e67a7eeadb27, Nodes: 3c147370-49f5-478a-bcbe-e6cea6e4d9ae{ip: 127.0.0.1, host: localhost, ports: [REPLICATION=38125, RATIS=40749, RATIS_ADMIN=40749, RATIS_SERVER=40749, STANDALONE=35693], networkLocation: /default-rack, certSerialId: null, persistedOpState: IN_SERVICE, persistedOpStateExpiryEpochSec: 0}, ReplicationConfig: RATIS/ONE, State:ALLOCATED, leaderId:, CreationTimestamp2021-06-09T09:32:57.848Z].
2021-06-09 09:32:57,853 [RatisPipelineUtilsThread - 0] INFO  ha.SCMHAInvocationHandler (SCMHAInvocationHandler.java:invokeRatis(113)) - Invoking method public abstract void org.apache.hadoop.hdds.scm.pipeline.StateManager.addPipeline(org.apache.hadoop.hdds.protocol.proto.HddsProtos$Pipeline) throws java.io.IOException on target org.apache.hadoop.hdds.scm.ha.SCMRatisServerImpl@7356e723, cost 5014.43us
2021-06-09 09:32:57,853 [RatisPipelineUtilsThread - 0] WARN  pipeline.PipelinePlacementPolicy (PipelinePlacementPolicy.java:filterViableNodes(151)) - Pipeline creation failed due to no sufficient healthy datanodes. Required 3. Found 2.
2021-06-09 09:32:57,857 [943a282b-f1b6-4c47-b0d5-ac1d3ae1d1bb@group-C9E251B369B0-StateMachineUpdater] INFO  pipeline.PipelineStateManager (PipelineStateManagerV2Impl.java:addPipeline(101)) - Created pipeline Pipeline[ Id: ac0681c3-a1cb-42d7-aeb6-e67a7eeadb27, Nodes: 3c147370-49f5-478a-bcbe-e6cea6e4d9ae{ip: 127.0.0.1, host: localhost, ports: [REPLICATION=38125, RATIS=40749, RATIS_ADMIN=40749, RATIS_SERVER=40749, STANDALONE=35693], networkLocation: /default-rack, certSerialId: null, persistedOpState: IN_SERVICE, persistedOpStateExpiryEpochSec: 0}, ReplicationConfig: RATIS/ONE, State:ALLOCATED, leaderId:, CreationTimestamp2021-06-09T09:32:57.848Z].
2021-06-09 09:32:57,860 [e0e3eed1-d528-4a83-939c-b34003b9dea6@group-C9E251B369B0-StateMachineUpdater] INFO  ha.SCMStateMachine (SCMStateMachine.java:takeSnapshot(282)) - Current Snapshot Index 10, takeSnapshot took 0 ms
2021-06-09 09:32:57,860 [e0e3eed1-d528-4a83-939c-b34003b9dea6@group-C9E251B369B0-StateMachineUpdater] INFO  impl.StateMachineUpdater (StateMachineUpdater.java:takeSnapshot(281)) - e0e3eed1-d528-4a83-939c-b34003b9dea6@group-C9E251B369B0-StateMachineUpdater: Took a snapshot at index 10
2021-06-09 09:32:57,860 [e0e3eed1-d528-4a83-939c-b34003b9dea6@group-C9E251B369B0-StateMachineUpdater] INFO  impl.StateMachineUpdater (StateMachineUpdater.java:lambda$new$0(89)) - e0e3eed1-d528-4a83-939c-b34003b9dea6@group-C9E251B369B0-StateMachineUpdater: snapshotIndex: updateIncreasingly 5 -> 10
2021-06-09 09:32:57,860 [e0e3eed1-d528-4a83-939c-b34003b9dea6@group-C9E251B369B0-StateMachineUpdater] INFO  raftlog.RaftLog (RaftLogBase.java:purge(306)) - e0e3eed1-d528-4a83-939c-b34003b9dea6@group-C9E251B369B0-SegmentedRaftLog: purge 10
2021-06-09 09:32:57,860 [e0e3eed1-d528-4a83-939c-b34003b9dea6@group-C9E251B369B0-StateMachineUpdater] INFO  raftlog.RaftLog (RaftLogBase.java:lambda$new$0(53)) - e0e3eed1-d528-4a83-939c-b34003b9dea6@group-C9E251B369B0-SegmentedRaftLog: snapshotIndex: updateIncreasingly 5 -> 10
2021-06-09 09:32:57,860 [e0e3eed1-d528-4a83-939c-b34003b9dea6@group-C9E251B369B0-StateMachineUpdater] INFO  raftlog.RaftLog (RaftLogBase.java:lambda$new$0(53)) - e0e3eed1-d528-4a83-939c-b34003b9dea6@group-C9E251B369B0-SegmentedRaftLog: purgeIndex: updateToMax old=0, new=10, updated? true
2021-06-09 09:32:57,948 [Listener at 127.0.0.1/10928] INFO  ozone.MiniOzoneClusterImpl (MiniOzoneClusterImpl.java:lambda$waitForClusterToBeReady$0(224)) - Waiting for nodes to be ready. Got 2 of 3 DN Heartbeats.
2021-06-09 09:32:57,950 [Listener at 127.0.0.1/10928] INFO  ozone.MiniOzoneClusterImpl (MiniOzoneClusterImpl.java:lambda$waitForClusterToBeReady$0(227)) - Waiting for cluster to exit safe mode
2021-06-09 09:32:57,950 [Listener at 127.0.0.1/10928] INFO  ozone.MiniOzoneClusterImpl (MiniOzoneClusterImpl.java:lambda$waitForClusterToBeReady$0(230)) - SCM became leader
2021-06-09 09:32:57,968 [IPC Server handler 2 on default port 14325] INFO  net.NetworkTopologyImpl (NetworkTopologyImpl.java:add(112)) - Added a new node: /default-rack/cc259bf8-a2eb-4525-8fb1-f4b47156f121
2021-06-09 09:32:57,969 [IPC Server handler 2 on default port 14325] INFO  node.SCMNodeManager (SCMNodeManager.java:register(348)) - Registered Data node : cc259bf8-a2eb-4525-8fb1-f4b47156f121{ip: 127.0.0.1, host: localhost, ports: [REPLICATION=42185, RATIS=43471, RATIS_ADMIN=43471, RATIS_SERVER=43471, STANDALONE=33151], networkLocation: /default-rack, certSerialId: null, persistedOpState: null, persistedOpStateExpiryEpochSec: 0}
2021-06-09 09:32:57,969 [EventQueue-NewNodeForNewNodeHandler] INFO  pipeline.BackgroundPipelineCreator (BackgroundPipelineCreatorV2.java:notifyEventTriggered(282)) - trigger a one-shot run on RatisPipelineUtilsThread.
2021-06-09 09:32:57,969 [EventQueue-NodeRegistrationContainerReportForDataNodeSafeModeRule] INFO  safemode.SCMSafeModeManager (SCMSafeModeManager.java:validateSafeModeExitRules(201)) - DataNodeSafeModeRule rule is successfully validated
2021-06-09 09:32:57,969 [EventQueue-NodeRegistrationContainerReportForContainerSafeModeRule] INFO  safemode.SCMSafeModeManager (SCMSafeModeManager.java:validateSafeModeExitRules(201)) - ContainerSafeModeRule rule is successfully validated
2021-06-09 09:32:57,969 [EventQueue-PipelineReportForOneReplicaPipelineSafeModeRule] INFO  safemode.SCMSafeModeManager (SCMSafeModeManager.java:validateSafeModeExitRules(201)) - AtleastOneDatanodeReportedRule rule is successfully validated
2021-06-09 09:32:57,970 [RatisPipelineUtilsThread - 0] INFO  pipeline.RatisPipelineProvider (RatisPipelineProvider.java:lambda$create$0(170)) - Sending CreatePipelineCommand for pipeline:PipelineID=e88b8e4e-101f-49ab-9b68-ce249e52d47a to datanode:cc259bf8-a2eb-4525-8fb1-f4b47156f121
2021-06-09 09:32:57,968 [IPC Server handler 17 on default port 14335] INFO  net.NetworkTopologyImpl (NetworkTopologyImpl.java:add(112)) - Added a new node: /default-rack/cc259bf8-a2eb-4525-8fb1-f4b47156f121
2021-06-09 09:32:57,970 [IPC Server handler 17 on default port 14335] INFO  node.SCMNodeManager (SCMNodeManager.java:register(348)) - Registered Data node : cc259bf8-a2eb-4525-8fb1-f4b47156f121{ip: 127.0.0.1, host: localhost, ports: [REPLICATION=42185, RATIS=43471, RATIS_ADMIN=43471, RATIS_SERVER=43471, STANDALONE=33151], networkLocation: /default-rack, certSerialId: null, persistedOpState: null, persistedOpStateExpiryEpochSec: 0}
2021-06-09 09:32:57,970 [EventQueue-NewNodeForNewNodeHandler] INFO  pipeline.BackgroundPipelineCreator (BackgroundPipelineCreatorV2.java:notifyEventTriggered(276)) - ignore, not leader SCM.
2021-06-09 09:32:57,970 [EventQueue-NodeRegistrationContainerReportForDataNodeSafeModeRule] INFO  safemode.SCMSafeModeManager (SCMSafeModeManager.java:validateSafeModeExitRules(201)) - DataNodeSafeModeRule rule is successfully validated
2021-06-09 09:32:57,970 [EventQueue-NodeRegistrationContainerReportForContainerSafeModeRule] INFO  safemode.SCMSafeModeManager (SCMSafeModeManager.java:validateSafeModeExitRules(201)) - ContainerSafeModeRule rule is successfully validated
2021-06-09 09:32:57,970 [EventQueue-PipelineReportForOneReplicaPipelineSafeModeRule] INFO  safemode.SCMSafeModeManager (SCMSafeModeManager.java:validateSafeModeExitRules(201)) - AtleastOneDatanodeReportedRule rule is successfully validated
2021-06-09 09:32:57,974 [943a282b-f1b6-4c47-b0d5-ac1d3ae1d1bb@group-C9E251B369B0-StateMachineUpdater] INFO  ha.SCMStateMachine (SCMStateMachine.java:takeSnapshot(282)) - Current Snapshot Index 10, takeSnapshot took 0 ms
2021-06-09 09:32:57,974 [943a282b-f1b6-4c47-b0d5-ac1d3ae1d1bb@group-C9E251B369B0-StateMachineUpdater] INFO  impl.StateMachineUpdater (StateMachineUpdater.java:takeSnapshot(281)) - 943a282b-f1b6-4c47-b0d5-ac1d3ae1d1bb@group-C9E251B369B0-StateMachineUpdater: Took a snapshot at index 10
2021-06-09 09:32:57,974 [943a282b-f1b6-4c47-b0d5-ac1d3ae1d1bb@group-C9E251B369B0-StateMachineUpdater] INFO  impl.StateMachineUpdater (StateMachineUpdater.java:lambda$new$0(89)) - 943a282b-f1b6-4c47-b0d5-ac1d3ae1d1bb@group-C9E251B369B0-StateMachineUpdater: snapshotIndex: updateIncreasingly 5 -> 10
2021-06-09 09:32:57,974 [943a282b-f1b6-4c47-b0d5-ac1d3ae1d1bb@group-C9E251B369B0-StateMachineUpdater] INFO  raftlog.RaftLog (RaftLogBase.java:purge(306)) - 943a282b-f1b6-4c47-b0d5-ac1d3ae1d1bb@group-C9E251B369B0-SegmentedRaftLog: purge 10
2021-06-09 09:32:57,975 [943a282b-f1b6-4c47-b0d5-ac1d3ae1d1bb@group-C9E251B369B0-StateMachineUpdater] INFO  raftlog.RaftLog (RaftLogBase.java:lambda$new$0(53)) - 943a282b-f1b6-4c47-b0d5-ac1d3ae1d1bb@group-C9E251B369B0-SegmentedRaftLog: snapshotIndex: updateIncreasingly 5 -> 10
2021-06-09 09:32:57,975 [943a282b-f1b6-4c47-b0d5-ac1d3ae1d1bb@group-C9E251B369B0-StateMachineUpdater] INFO  raftlog.RaftLog (RaftLogBase.java:lambda$new$0(53)) - 943a282b-f1b6-4c47-b0d5-ac1d3ae1d1bb@group-C9E251B369B0-SegmentedRaftLog: purgeIndex: updateToMax old=0, new=10, updated? true
2021-06-09 09:32:57,977 [e0e3eed1-d528-4a83-939c-b34003b9dea6@group-C9E251B369B0-StateMachineUpdater] INFO  pipeline.PipelineStateManager (PipelineStateManagerV2Impl.java:addPipeline(101)) - Created pipeline Pipeline[ Id: e88b8e4e-101f-49ab-9b68-ce249e52d47a, Nodes: cc259bf8-a2eb-4525-8fb1-f4b47156f121{ip: 127.0.0.1, host: localhost, ports: [REPLICATION=42185, RATIS=43471, RATIS_ADMIN=43471, RATIS_SERVER=43471, STANDALONE=33151], networkLocation: /default-rack, certSerialId: null, persistedOpState: IN_SERVICE, persistedOpStateExpiryEpochSec: 0}, ReplicationConfig: RATIS/ONE, State:ALLOCATED, leaderId:, CreationTimestamp2021-06-09T09:32:57.970Z].
2021-06-09 09:32:57,977 [RatisPipelineUtilsThread - 0] INFO  ha.SCMHAInvocationHandler (SCMHAInvocationHandler.java:invokeRatis(113)) - Invoking method public abstract void org.apache.hadoop.hdds.scm.pipeline.StateManager.addPipeline(org.apache.hadoop.hdds.protocol.proto.HddsProtos$Pipeline) throws java.io.IOException on target org.apache.hadoop.hdds.scm.ha.SCMRatisServerImpl@7356e723, cost 7066.742us
2021-06-09 09:32:57,980 [RatisPipelineUtilsThread - 0] INFO  pipeline.RatisPipelineProvider (RatisPipelineProvider.java:lambda$create$0(170)) - Sending CreatePipelineCommand for pipeline:PipelineID=01afcea1-9cbf-4cb9-976c-5894fe760dec to datanode:cc259bf8-a2eb-4525-8fb1-f4b47156f121
2021-06-09 09:32:57,980 [RatisPipelineUtilsThread - 0] INFO  pipeline.RatisPipelineProvider (RatisPipelineProvider.java:lambda$create$0(170)) - Sending CreatePipelineCommand for pipeline:PipelineID=01afcea1-9cbf-4cb9-976c-5894fe760dec to datanode:697bcd3f-2547-41de-8cec-7c932316130e
2021-06-09 09:32:57,980 [RatisPipelineUtilsThread - 0] INFO  pipeline.RatisPipelineProvider (RatisPipelineProvider.java:lambda$create$0(170)) - Sending CreatePipelineCommand for pipeline:PipelineID=01afcea1-9cbf-4cb9-976c-5894fe760dec to datanode:3c147370-49f5-478a-bcbe-e6cea6e4d9ae
2021-06-09 09:32:57,982 [943a282b-f1b6-4c47-b0d5-ac1d3ae1d1bb@group-C9E251B369B0-StateMachineUpdater] INFO  pipeline.PipelineStateManager (PipelineStateManagerV2Impl.java:addPipeline(101)) - Created pipeline Pipeline[ Id: e88b8e4e-101f-49ab-9b68-ce249e52d47a, Nodes: cc259bf8-a2eb-4525-8fb1-f4b47156f121{ip: 127.0.0.1, host: localhost, ports: [REPLICATION=42185, RATIS=43471, RATIS_ADMIN=43471, RATIS_SERVER=43471, STANDALONE=33151], networkLocation: /default-rack, certSerialId: null, persistedOpState: IN_SERVICE, persistedOpStateExpiryEpochSec: 0}, ReplicationConfig: RATIS/ONE, State:ALLOCATED, leaderId:, CreationTimestamp2021-06-09T09:32:57.970Z].
2021-06-09 09:32:57,986 [e0e3eed1-d528-4a83-939c-b34003b9dea6@group-C9E251B369B0-StateMachineUpdater] INFO  pipeline.PipelineStateManager (PipelineStateManagerV2Impl.java:addPipeline(101)) - Created pipeline Pipeline[ Id: 01afcea1-9cbf-4cb9-976c-5894fe760dec, Nodes: cc259bf8-a2eb-4525-8fb1-f4b47156f121{ip: 127.0.0.1, host: localhost, ports: [REPLICATION=42185, RATIS=43471, RATIS_ADMIN=43471, RATIS_SERVER=43471, STANDALONE=33151], networkLocation: /default-rack, certSerialId: null, persistedOpState: IN_SERVICE, persistedOpStateExpiryEpochSec: 0}697bcd3f-2547-41de-8cec-7c932316130e{ip: 127.0.0.1, host: localhost, ports: [REPLICATION=44561, RATIS=39889, RATIS_ADMIN=39889, RATIS_SERVER=39889, STANDALONE=35753], networkLocation: /default-rack, certSerialId: null, persistedOpState: IN_SERVICE, persistedOpStateExpiryEpochSec: 0}3c147370-49f5-478a-bcbe-e6cea6e4d9ae{ip: 127.0.0.1, host: localhost, ports: [REPLICATION=38125, RATIS=40749, RATIS_ADMIN=40749, RATIS_SERVER=40749, STANDALONE=35693], networkLocation: /default-rack, certSerialId: null, persistedOpState: IN_SERVICE, persistedOpStateExpiryEpochSec: 0}, ReplicationConfig: RATIS/THREE, State:ALLOCATED, leaderId:, CreationTimestamp2021-06-09T09:32:57.980Z].
2021-06-09 09:32:57,986 [RatisPipelineUtilsThread - 0] INFO  ha.SCMHAInvocationHandler (SCMHAInvocationHandler.java:invokeRatis(113)) - Invoking method public abstract void org.apache.hadoop.hdds.scm.pipeline.StateManager.addPipeline(org.apache.hadoop.hdds.protocol.proto.HddsProtos$Pipeline) throws java.io.IOException on target org.apache.hadoop.hdds.scm.ha.SCMRatisServerImpl@7356e723, cost 5477.433us
2021-06-09 09:32:57,987 [RatisPipelineUtilsThread - 0] INFO  pipeline.RatisPipelineProvider (RatisPipelineProvider.java:lambda$create$0(170)) - Sending CreatePipelineCommand for pipeline:PipelineID=be950ea8-58d1-4b6b-a273-dc9d01f80266 to datanode:3c147370-49f5-478a-bcbe-e6cea6e4d9ae
2021-06-09 09:32:57,988 [RatisPipelineUtilsThread - 0] INFO  pipeline.RatisPipelineProvider (RatisPipelineProvider.java:lambda$create$0(170)) - Sending CreatePipelineCommand for pipeline:PipelineID=be950ea8-58d1-4b6b-a273-dc9d01f80266 to datanode:cc259bf8-a2eb-4525-8fb1-f4b47156f121
2021-06-09 09:32:57,988 [RatisPipelineUtilsThread - 0] INFO  pipeline.RatisPipelineProvider (RatisPipelineProvider.java:lambda$create$0(170)) - Sending CreatePipelineCommand for pipeline:PipelineID=be950ea8-58d1-4b6b-a273-dc9d01f80266 to datanode:697bcd3f-2547-41de-8cec-7c932316130e
2021-06-09 09:32:57,990 [943a282b-f1b6-4c47-b0d5-ac1d3ae1d1bb@group-C9E251B369B0-StateMachineUpdater] INFO  pipeline.PipelineStateManager (PipelineStateManagerV2Impl.java:addPipeline(101)) - Created pipeline Pipeline[ Id: 01afcea1-9cbf-4cb9-976c-5894fe760dec, Nodes: cc259bf8-a2eb-4525-8fb1-f4b47156f121{ip: 127.0.0.1, host: localhost, ports: [REPLICATION=42185, RATIS=43471, RATIS_ADMIN=43471, RATIS_SERVER=43471, STANDALONE=33151], networkLocation: /default-rack, certSerialId: null, persistedOpState: IN_SERVICE, persistedOpStateExpiryEpochSec: 0}697bcd3f-2547-41de-8cec-7c932316130e{ip: 127.0.0.1, host: localhost, ports: [REPLICATION=44561, RATIS=39889, RATIS_ADMIN=39889, RATIS_SERVER=39889, STANDALONE=35753], networkLocation: /default-rack, certSerialId: null, persistedOpState: IN_SERVICE, persistedOpStateExpiryEpochSec: 0}3c147370-49f5-478a-bcbe-e6cea6e4d9ae{ip: 127.0.0.1, host: localhost, ports: [REPLICATION=38125, RATIS=40749, RATIS_ADMIN=40749, RATIS_SERVER=40749, STANDALONE=35693], networkLocation: /default-rack, certSerialId: null, persistedOpState: IN_SERVICE, persistedOpStateExpiryEpochSec: 0}, ReplicationConfig: RATIS/THREE, State:ALLOCATED, leaderId:, CreationTimestamp2021-06-09T09:32:57.980Z].
2021-06-09 09:32:57,997 [e0e3eed1-d528-4a83-939c-b34003b9dea6@group-C9E251B369B0-StateMachineUpdater] INFO  pipeline.PipelineStateManager (PipelineStateManagerV2Impl.java:addPipeline(101)) - Created pipeline Pipeline[ Id: be950ea8-58d1-4b6b-a273-dc9d01f80266, Nodes: 3c147370-49f5-478a-bcbe-e6cea6e4d9ae{ip: 127.0.0.1, host: localhost, ports: [REPLICATION=38125, RATIS=40749, RATIS_ADMIN=40749, RATIS_SERVER=40749, STANDALONE=35693], networkLocation: /default-rack, certSerialId: null, persistedOpState: IN_SERVICE, persistedOpStateExpiryEpochSec: 0}cc259bf8-a2eb-4525-8fb1-f4b47156f121{ip: 127.0.0.1, host: localhost, ports: [REPLICATION=42185, RATIS=43471, RATIS_ADMIN=43471, RATIS_SERVER=43471, STANDALONE=33151], networkLocation: /default-rack, certSerialId: null, persistedOpState: IN_SERVICE, persistedOpStateExpiryEpochSec: 0}697bcd3f-2547-41de-8cec-7c932316130e{ip: 127.0.0.1, host: localhost, ports: [REPLICATION=44561, RATIS=39889, RATIS_ADMIN=39889, RATIS_SERVER=39889, STANDALONE=35753], networkLocation: /default-rack, certSerialId: null, persistedOpState: IN_SERVICE, persistedOpStateExpiryEpochSec: 0}, ReplicationConfig: RATIS/THREE, State:ALLOCATED, leaderId:, CreationTimestamp2021-06-09T09:32:57.987Z].
2021-06-09 09:32:57,997 [e0e3eed1-d528-4a83-939c-b34003b9dea6@group-C9E251B369B0-StateMachineUpdater] INFO  ha.SCMStateMachine (SCMStateMachine.java:takeSnapshot(282)) - Current Snapshot Index 15, takeSnapshot took 1 ms
2021-06-09 09:32:57,997 [e0e3eed1-d528-4a83-939c-b34003b9dea6@group-C9E251B369B0-StateMachineUpdater] INFO  impl.StateMachineUpdater (StateMachineUpdater.java:takeSnapshot(281)) - e0e3eed1-d528-4a83-939c-b34003b9dea6@group-C9E251B369B0-StateMachineUpdater: Took a snapshot at index 15
2021-06-09 09:32:57,997 [e0e3eed1-d528-4a83-939c-b34003b9dea6@group-C9E251B369B0-StateMachineUpdater] INFO  impl.StateMachineUpdater (StateMachineUpdater.java:lambda$new$0(89)) - e0e3eed1-d528-4a83-939c-b34003b9dea6@group-C9E251B369B0-StateMachineUpdater: snapshotIndex: updateIncreasingly 10 -> 15
2021-06-09 09:32:57,997 [e0e3eed1-d528-4a83-939c-b34003b9dea6@group-C9E251B369B0-StateMachineUpdater] INFO  raftlog.RaftLog (RaftLogBase.java:purge(306)) - e0e3eed1-d528-4a83-939c-b34003b9dea6@group-C9E251B369B0-SegmentedRaftLog: purge 15
2021-06-09 09:32:57,997 [e0e3eed1-d528-4a83-939c-b34003b9dea6@group-C9E251B369B0-StateMachineUpdater] INFO  raftlog.RaftLog (RaftLogBase.java:lambda$new$0(53)) - e0e3eed1-d528-4a83-939c-b34003b9dea6@group-C9E251B369B0-SegmentedRaftLog: snapshotIndex: updateIncreasingly 10 -> 15
2021-06-09 09:32:57,997 [e0e3eed1-d528-4a83-939c-b34003b9dea6@group-C9E251B369B0-StateMachineUpdater] INFO  raftlog.RaftLog (RaftLogBase.java:lambda$new$0(53)) - e0e3eed1-d528-4a83-939c-b34003b9dea6@group-C9E251B369B0-SegmentedRaftLog: purgeIndex: updateToMax old=10, new=15, updated? true
2021-06-09 09:32:57,997 [RatisPipelineUtilsThread - 0] INFO  ha.SCMHAInvocationHandler (SCMHAInvocationHandler.java:invokeRatis(113)) - Invoking method public abstract void org.apache.hadoop.hdds.scm.pipeline.StateManager.addPipeline(org.apache.hadoop.hdds.protocol.proto.HddsProtos$Pipeline) throws java.io.IOException on target org.apache.hadoop.hdds.scm.ha.SCMRatisServerImpl@7356e723, cost 9712.058us
2021-06-09 09:32:57,998 [RatisPipelineUtilsThread - 0] INFO  pipeline.PipelineManagerV2Impl (PipelineManagerV2Impl.java:recordMetricsForPipeline(589)) - Pipeline: PipelineID=be950ea8-58d1-4b6b-a273-dc9d01f80266 contains same datanodes as previous pipelines: PipelineID=01afcea1-9cbf-4cb9-976c-5894fe760dec nodeIds: 3c147370-49f5-478a-bcbe-e6cea6e4d9ae, cc259bf8-a2eb-4525-8fb1-f4b47156f121, 697bcd3f-2547-41de-8cec-7c932316130e
2021-06-09 09:32:58,000 [943a282b-f1b6-4c47-b0d5-ac1d3ae1d1bb@group-C9E251B369B0-StateMachineUpdater] INFO  pipeline.PipelineStateManager (PipelineStateManagerV2Impl.java:addPipeline(101)) - Created pipeline Pipeline[ Id: be950ea8-58d1-4b6b-a273-dc9d01f80266, Nodes: 3c147370-49f5-478a-bcbe-e6cea6e4d9ae{ip: 127.0.0.1, host: localhost, ports: [REPLICATION=38125, RATIS=40749, RATIS_ADMIN=40749, RATIS_SERVER=40749, STANDALONE=35693], networkLocation: /default-rack, certSerialId: null, persistedOpState: IN_SERVICE, persistedOpStateExpiryEpochSec: 0}cc259bf8-a2eb-4525-8fb1-f4b47156f121{ip: 127.0.0.1, host: localhost, ports: [REPLICATION=42185, RATIS=43471, RATIS_ADMIN=43471, RATIS_SERVER=43471, STANDALONE=33151], networkLocation: /default-rack, certSerialId: null, persistedOpState: IN_SERVICE, persistedOpStateExpiryEpochSec: 0}697bcd3f-2547-41de-8cec-7c932316130e{ip: 127.0.0.1, host: localhost, ports: [REPLICATION=44561, RATIS=39889, RATIS_ADMIN=39889, RATIS_SERVER=39889, STANDALONE=35753], networkLocation: /default-rack, certSerialId: null, persistedOpState: IN_SERVICE, persistedOpStateExpiryEpochSec: 0}, ReplicationConfig: RATIS/THREE, State:ALLOCATED, leaderId:, CreationTimestamp2021-06-09T09:32:57.987Z].
2021-06-09 09:32:58,001 [943a282b-f1b6-4c47-b0d5-ac1d3ae1d1bb@group-C9E251B369B0-StateMachineUpdater] INFO  ha.SCMStateMachine (SCMStateMachine.java:takeSnapshot(282)) - Current Snapshot Index 15, takeSnapshot took 0 ms
2021-06-09 09:32:58,001 [943a282b-f1b6-4c47-b0d5-ac1d3ae1d1bb@group-C9E251B369B0-StateMachineUpdater] INFO  impl.StateMachineUpdater (StateMachineUpdater.java:takeSnapshot(281)) - 943a282b-f1b6-4c47-b0d5-ac1d3ae1d1bb@group-C9E251B369B0-StateMachineUpdater: Took a snapshot at index 15
2021-06-09 09:32:58,001 [943a282b-f1b6-4c47-b0d5-ac1d3ae1d1bb@group-C9E251B369B0-StateMachineUpdater] INFO  impl.StateMachineUpdater (StateMachineUpdater.java:lambda$new$0(89)) - 943a282b-f1b6-4c47-b0d5-ac1d3ae1d1bb@group-C9E251B369B0-StateMachineUpdater: snapshotIndex: updateIncreasingly 10 -> 15
2021-06-09 09:32:58,001 [943a282b-f1b6-4c47-b0d5-ac1d3ae1d1bb@group-C9E251B369B0-StateMachineUpdater] INFO  raftlog.RaftLog (RaftLogBase.java:purge(306)) - 943a282b-f1b6-4c47-b0d5-ac1d3ae1d1bb@group-C9E251B369B0-SegmentedRaftLog: purge 15
2021-06-09 09:32:58,001 [943a282b-f1b6-4c47-b0d5-ac1d3ae1d1bb@group-C9E251B369B0-StateMachineUpdater] INFO  raftlog.RaftLog (RaftLogBase.java:lambda$new$0(53)) - 943a282b-f1b6-4c47-b0d5-ac1d3ae1d1bb@group-C9E251B369B0-SegmentedRaftLog: snapshotIndex: updateIncreasingly 10 -> 15
2021-06-09 09:32:58,001 [943a282b-f1b6-4c47-b0d5-ac1d3ae1d1bb@group-C9E251B369B0-StateMachineUpdater] INFO  raftlog.RaftLog (RaftLogBase.java:lambda$new$0(53)) - 943a282b-f1b6-4c47-b0d5-ac1d3ae1d1bb@group-C9E251B369B0-SegmentedRaftLog: purgeIndex: updateToMax old=10, new=15, updated? true
2021-06-09 09:32:58,950 [Listener at 127.0.0.1/10928] INFO  ozone.MiniOzoneClusterImpl (MiniOzoneClusterImpl.java:lambda$waitForClusterToBeReady$0(224)) - Nodes are ready. Got 3 of 3 DN Heartbeats.
2021-06-09 09:32:58,951 [Listener at 127.0.0.1/10928] INFO  ozone.MiniOzoneClusterImpl (MiniOzoneClusterImpl.java:lambda$waitForClusterToBeReady$0(227)) - Waiting for cluster to exit safe mode
2021-06-09 09:32:58,951 [Listener at 127.0.0.1/10928] INFO  ozone.MiniOzoneClusterImpl (MiniOzoneClusterImpl.java:lambda$waitForClusterToBeReady$0(230)) - SCM became leader
2021-06-09 09:32:59,845 [Datanode State Machine Thread - 0] ERROR datanode.RunningDatanodeState (RunningDatanodeState.java:computeNextContainerState(199)) - Error in executing end point task.
java.util.concurrent.ExecutionException: java.util.concurrent.TimeoutException
	at java.util.concurrent.FutureTask.report(FutureTask.java:122)
	at java.util.concurrent.FutureTask.get(FutureTask.java:192)
	at org.apache.hadoop.ozone.container.common.states.datanode.RunningDatanodeState.computeNextContainerState(RunningDatanodeState.java:191)
	at org.apache.hadoop.ozone.container.common.states.datanode.RunningDatanodeState.await(RunningDatanodeState.java:231)
	at org.apache.hadoop.ozone.container.common.states.datanode.RunningDatanodeState.await(RunningDatanodeState.java:50)
	at org.apache.hadoop.ozone.container.common.statemachine.StateContext.execute(StateContext.java:629)
	at org.apache.hadoop.ozone.container.common.statemachine.DatanodeStateMachine.start(DatanodeStateMachine.java:244)
	at org.apache.hadoop.ozone.container.common.statemachine.DatanodeStateMachine.lambda$startDaemon$0(DatanodeStateMachine.java:427)
	at java.lang.Thread.run(Thread.java:748)
Caused by: java.util.concurrent.TimeoutException
	at java.util.concurrent.FutureTask.get(FutureTask.java:205)
	at org.apache.hadoop.ozone.container.common.states.datanode.RunningDatanodeState.lambda$execute$0(RunningDatanodeState.java:149)
	at java.util.concurrent.FutureTask.run(FutureTask.java:266)
	at java.util.concurrent.Executors$RunnableAdapter.call(Executors.java:511)
	at java.util.concurrent.FutureTask.run(FutureTask.java:266)
	at java.util.concurrent.ThreadPoolExecutor.runWorker(ThreadPoolExecutor.java:1149)
	at java.util.concurrent.ThreadPoolExecutor$Worker.run(ThreadPoolExecutor.java:624)
	... 1 more
2021-06-09 09:32:59,952 [Listener at 127.0.0.1/10928] INFO  ozone.MiniOzoneClusterImpl (MiniOzoneClusterImpl.java:lambda$waitForClusterToBeReady$0(224)) - Nodes are ready. Got 3 of 3 DN Heartbeats.
2021-06-09 09:32:59,952 [Listener at 127.0.0.1/10928] INFO  ozone.MiniOzoneClusterImpl (MiniOzoneClusterImpl.java:lambda$waitForClusterToBeReady$0(227)) - Waiting for cluster to exit safe mode
2021-06-09 09:32:59,952 [Listener at 127.0.0.1/10928] INFO  ozone.MiniOzoneClusterImpl (MiniOzoneClusterImpl.java:lambda$waitForClusterToBeReady$0(230)) - SCM became leader
2021-06-09 09:33:00,690 [Command processor thread] INFO  server.RaftServer (RaftServerProxy.java:addNew(95)) - 697bcd3f-2547-41de-8cec-7c932316130e: addNew group-6416CF2B93B2:[697bcd3f-2547-41de-8cec-7c932316130e|rpc:127.0.0.1:39889|priority:1] returns group-6416CF2B93B2:java.util.concurrent.CompletableFuture@3c2d69a1[Not completed]
2021-06-09 09:33:00,691 [Datanode State Machine Thread - 0] ERROR datanode.RunningDatanodeState (RunningDatanodeState.java:computeNextContainerState(199)) - Error in executing end point task.
java.util.concurrent.ExecutionException: java.util.concurrent.TimeoutException
	at java.util.concurrent.FutureTask.report(FutureTask.java:122)
	at java.util.concurrent.FutureTask.get(FutureTask.java:192)
	at org.apache.hadoop.ozone.container.common.states.datanode.RunningDatanodeState.computeNextContainerState(RunningDatanodeState.java:191)
	at org.apache.hadoop.ozone.container.common.states.datanode.RunningDatanodeState.await(RunningDatanodeState.java:231)
	at org.apache.hadoop.ozone.container.common.states.datanode.RunningDatanodeState.await(RunningDatanodeState.java:50)
	at org.apache.hadoop.ozone.container.common.statemachine.StateContext.execute(StateContext.java:629)
	at org.apache.hadoop.ozone.container.common.statemachine.DatanodeStateMachine.start(DatanodeStateMachine.java:244)
	at org.apache.hadoop.ozone.container.common.statemachine.DatanodeStateMachine.lambda$startDaemon$0(DatanodeStateMachine.java:427)
	at java.lang.Thread.run(Thread.java:748)
Caused by: java.util.concurrent.TimeoutException
	at java.util.concurrent.FutureTask.get(FutureTask.java:205)
	at org.apache.hadoop.ozone.container.common.states.datanode.RunningDatanodeState.lambda$execute$0(RunningDatanodeState.java:149)
	at java.util.concurrent.FutureTask.run(FutureTask.java:266)
	at java.util.concurrent.Executors$RunnableAdapter.call(Executors.java:511)
	at java.util.concurrent.FutureTask.run(FutureTask.java:266)
	at java.util.concurrent.ThreadPoolExecutor.runWorker(ThreadPoolExecutor.java:1149)
	at java.util.concurrent.ThreadPoolExecutor$Worker.run(ThreadPoolExecutor.java:624)
	... 1 more
2021-06-09 09:33:00,706 [pool-90-thread-1] INFO  server.RaftServer$Division (RaftServerImpl.java:<init>(180)) - 697bcd3f-2547-41de-8cec-7c932316130e: new RaftServerImpl for group-6416CF2B93B2:[697bcd3f-2547-41de-8cec-7c932316130e|rpc:127.0.0.1:39889|priority:1] with ContainerStateMachine:uninitialized
2021-06-09 09:33:00,707 [pool-90-thread-1] INFO  server.RaftServerConfigKeys (ConfUtils.java:logGet(44)) - raft.server.rpc.timeout.min = 5s (custom)
2021-06-09 09:33:00,707 [pool-90-thread-1] INFO  server.RaftServerConfigKeys (ConfUtils.java:logGet(44)) - raft.server.rpc.timeout.max = 5200ms (custom)
2021-06-09 09:33:00,707 [pool-90-thread-1] INFO  server.RaftServerConfigKeys (ConfUtils.java:logGet(44)) - raft.server.rpc.sleep.time = 25ms (default)
2021-06-09 09:33:00,707 [pool-90-thread-1] INFO  server.RaftServerConfigKeys (ConfUtils.java:logGet(44)) - raft.server.rpc.slowness.timeout = 300s (custom)
2021-06-09 09:33:00,707 [pool-90-thread-1] INFO  server.RaftServerConfigKeys (ConfUtils.java:logGet(44)) - raft.server.leaderelection.leader.step-down.wait-time = 10s (default)
2021-06-09 09:33:00,707 [pool-90-thread-1] INFO  server.RaftServerConfigKeys (ConfUtils.java:logGet(44)) - raft.server.sleep.deviation.threshold = 300ms (default)
2021-06-09 09:33:00,707 [pool-90-thread-1] INFO  server.RaftServerConfigKeys (ConfUtils.java:logGet(44)) - raft.server.log.appender.install.snapshot.enabled = false (custom)
2021-06-09 09:33:00,707 [pool-90-thread-1] INFO  server.RaftServer$Division (ServerState.java:<init>(105)) - 697bcd3f-2547-41de-8cec-7c932316130e@group-6416CF2B93B2: ConfigurationManager, init=-1: [697bcd3f-2547-41de-8cec-7c932316130e|rpc:127.0.0.1:39889|priority:1], old=null, confs=<EMPTY_MAP>
2021-06-09 09:33:00,707 [pool-90-thread-1] INFO  server.RaftServerConfigKeys (ConfUtils.java:logGet(44)) - raft.server.storage.dir = [/home/runner/work/ozone/ozone/mnt/ozone/hadoop-ozone/integration-test/target/test-dir/MiniOzoneClusterImpl-43f0ca0c-372e-4c55-aedd-c9e251b369b0/datanode-0/data/ratis] (custom)
2021-06-09 09:33:00,707 [pool-90-thread-1] INFO  server.RaftServerConfigKeys (ConfUtils.java:logGet(44)) - raft.server.log.corruption.policy = EXCEPTION (default)
2021-06-09 09:33:00,708 [pool-90-thread-1] INFO  storage.RaftStorageDirectory (RaftStorageDirectoryImpl.java:analyzeStorage(132)) - The storage directory /home/runner/work/ozone/ozone/mnt/ozone/hadoop-ozone/integration-test/target/test-dir/MiniOzoneClusterImpl-43f0ca0c-372e-4c55-aedd-c9e251b369b0/datanode-0/data/ratis/ab495932-067f-4ead-8cc9-6416cf2b93b2 does not exist. Creating ...
2021-06-09 09:33:00,709 [pool-90-thread-1] INFO  storage.RaftStorageDirectory (RaftStorageDirectoryImpl.java:tryLock(215)) - Lock on /home/runner/work/ozone/ozone/mnt/ozone/hadoop-ozone/integration-test/target/test-dir/MiniOzoneClusterImpl-43f0ca0c-372e-4c55-aedd-c9e251b369b0/datanode-0/data/ratis/ab495932-067f-4ead-8cc9-6416cf2b93b2/in_use.lock acquired by nodename 27526@fv-az195-811
2021-06-09 09:33:00,710 [pool-90-thread-1] INFO  storage.RaftStorage (RaftStorageImpl.java:format(87)) - Storage directory /home/runner/work/ozone/ozone/mnt/ozone/hadoop-ozone/integration-test/target/test-dir/MiniOzoneClusterImpl-43f0ca0c-372e-4c55-aedd-c9e251b369b0/datanode-0/data/ratis/ab495932-067f-4ead-8cc9-6416cf2b93b2 has been successfully formatted.
2021-06-09 09:33:00,713 [pool-90-thread-1] INFO  ratis.ContainerStateMachine (ContainerStateMachine.java:loadSnapshot(224)) - group-6416CF2B93B2: The snapshot info is null. Setting the last applied indexto:(t:0, i:~)
2021-06-09 09:33:00,713 [pool-90-thread-1] INFO  server.RaftServerConfigKeys (ConfUtils.java:logGet(44)) - raft.server.notification.no-leader.timeout = 300s (custom)
2021-06-09 09:33:00,713 [pool-90-thread-1] INFO  server.RaftServerConfigKeys (ConfUtils.java:logGet(44)) - raft.server.log.use.memory = false (default)
2021-06-09 09:33:00,713 [pool-90-thread-1] INFO  server.RaftServerConfigKeys (ConfUtils.java:logGet(44)) - raft.server.log.purge.gap = 1000000 (custom)
2021-06-09 09:33:00,714 [pool-90-thread-1] INFO  server.RaftServerConfigKeys (ConfUtils.java:logGet(44)) - raft.server.log.appender.buffer.byte-limit = 33554432 (custom)
2021-06-09 09:33:00,714 [pool-90-thread-1] INFO  metrics.RatisMetrics (RatisMetrics.java:lambda$create$0(36)) - Creating Metrics Registry : ratis.log_worker.697bcd3f-2547-41de-8cec-7c932316130e@group-6416CF2B93B2
2021-06-09 09:33:00,714 [pool-90-thread-1] INFO  server.RaftServerConfigKeys (ConfUtils.java:logGet(44)) - raft.server.log.segment.size.max = 1048576 (custom)
2021-06-09 09:33:00,714 [pool-90-thread-1] INFO  server.RaftServerConfigKeys (ConfUtils.java:logGet(44)) - raft.server.log.segment.cache.num.max = 2 (custom)
2021-06-09 09:33:00,714 [pool-90-thread-1] INFO  server.RaftServerConfigKeys (ConfUtils.java:logGet(44)) - raft.server.log.segment.cache.size.max = 200MB (=209715200) (default)
2021-06-09 09:33:00,714 [pool-90-thread-1] INFO  segmented.SegmentedRaftLogWorker (SegmentedRaftLogWorker.java:<init>(182)) - new 697bcd3f-2547-41de-8cec-7c932316130e@group-6416CF2B93B2-SegmentedRaftLogWorker for RaftStorageImpl:Storage Directory /home/runner/work/ozone/ozone/mnt/ozone/hadoop-ozone/integration-test/target/test-dir/MiniOzoneClusterImpl-43f0ca0c-372e-4c55-aedd-c9e251b369b0/datanode-0/data/ratis/ab495932-067f-4ead-8cc9-6416cf2b93b2
2021-06-09 09:33:00,714 [pool-90-thread-1] INFO  server.RaftServerConfigKeys (ConfUtils.java:logGet(44)) - raft.server.log.queue.byte-limit = 2147483647 (custom)
2021-06-09 09:33:00,715 [pool-90-thread-1] INFO  server.RaftServerConfigKeys (ConfUtils.java:logGet(44)) - raft.server.log.queue.element-limit = 1024 (custom)
2021-06-09 09:33:00,715 [pool-90-thread-1] INFO  server.RaftServerConfigKeys (ConfUtils.java:logGet(44)) - raft.server.log.segment.size.max = 1048576 (custom)
2021-06-09 09:33:00,715 [pool-90-thread-1] INFO  server.RaftServerConfigKeys (ConfUtils.java:logGet(44)) - raft.server.log.preallocated.size = 16384 (custom)
2021-06-09 09:33:00,715 [pool-90-thread-1] INFO  server.RaftServerConfigKeys (ConfUtils.java:logGet(44)) - raft.server.log.force.sync.num = 128 (default)
2021-06-09 09:33:00,719 [pool-90-thread-1] INFO  server.RaftServerConfigKeys (ConfUtils.java:logGet(44)) - raft.server.log.statemachine.data.sync = true (default)
2021-06-09 09:33:00,719 [pool-90-thread-1] INFO  server.RaftServerConfigKeys (ConfUtils.java:logGet(44)) - raft.server.log.statemachine.data.sync.timeout = 10s (default)
2021-06-09 09:33:00,719 [pool-90-thread-1] INFO  server.RaftServerConfigKeys (ConfUtils.java:logGet(44)) - raft.server.log.statemachine.data.sync.timeout.retry = -1 (default)
2021-06-09 09:33:00,720 [pool-90-thread-1] INFO  server.RaftServerConfigKeys (ConfUtils.java:logGet(44)) - raft.server.log.write.buffer.size = 1048576 (custom)
2021-06-09 09:33:00,722 [pool-90-thread-1] INFO  server.RaftServerConfigKeys (ConfUtils.java:logGet(44)) - raft.server.log.statemachine.data.caching.enabled = true (custom)
2021-06-09 09:33:00,722 [pool-90-thread-1] INFO  segmented.SegmentedRaftLogWorker (SegmentedRaftLogWorker.java:lambda$new$0(133)) - 697bcd3f-2547-41de-8cec-7c932316130e@group-6416CF2B93B2-SegmentedRaftLogWorker: flushIndex: setUnconditionally 0 -> -1
2021-06-09 09:33:00,722 [pool-90-thread-1] INFO  segmented.SegmentedRaftLogWorker (SegmentedRaftLogWorker.java:lambda$new$0(133)) - 697bcd3f-2547-41de-8cec-7c932316130e@group-6416CF2B93B2-SegmentedRaftLogWorker: safeCacheEvictIndex: setUnconditionally 0 -> -1
2021-06-09 09:33:00,728 [EndpointStateMachine task thread for /127.0.0.1:14345 - 0 ] WARN  statemachine.EndpointStateMachine (EndpointStateMachine.java:logIfNeeded(236)) - Unable to communicate to SCM server at 127.0.0.1:14345 for past 0 seconds.
java.net.SocketTimeoutException: Call From fv-az195-811/10.1.0.29 to localhost:14345 failed on socket timeout exception: java.net.SocketTimeoutException: 5000 millis timeout while waiting for channel to be ready for read. ch : java.nio.channels.SocketChannel[connected local=/127.0.0.1:60264 remote=/127.0.0.1:14345]; For more details see:  http://wiki.apache.org/hadoop/SocketTimeout
	at sun.reflect.NativeConstructorAccessorImpl.newInstance0(Native Method)
	at sun.reflect.NativeConstructorAccessorImpl.newInstance(NativeConstructorAccessorImpl.java:62)
	at sun.reflect.DelegatingConstructorAccessorImpl.newInstance(DelegatingConstructorAccessorImpl.java:45)
	at java.lang.reflect.Constructor.newInstance(Constructor.java:423)
	at org.apache.hadoop.net.NetUtils.wrapWithMessage(NetUtils.java:836)
	at org.apache.hadoop.net.NetUtils.wrapException(NetUtils.java:780)
	at org.apache.hadoop.ipc.Client.getRpcResponse(Client.java:1566)
	at org.apache.hadoop.ipc.Client.call(Client.java:1508)
	at org.apache.hadoop.ipc.Client.call(Client.java:1405)
	at org.apache.hadoop.ipc.ProtobufRpcEngine$Invoker.invoke(ProtobufRpcEngine.java:233)
	at org.apache.hadoop.ipc.ProtobufRpcEngine$Invoker.invoke(ProtobufRpcEngine.java:118)
	at com.sun.proxy.$Proxy45.submitRequest(Unknown Source)
	at org.apache.hadoop.ozone.protocolPB.StorageContainerDatanodeProtocolClientSideTranslatorPB.submitRequest(StorageContainerDatanodeProtocolClientSideTranslatorPB.java:117)
	at org.apache.hadoop.ozone.protocolPB.StorageContainerDatanodeProtocolClientSideTranslatorPB.getVersion(StorageContainerDatanodeProtocolClientSideTranslatorPB.java:133)
	at org.apache.hadoop.ozone.container.common.states.endpoint.VersionEndpointTask.call(VersionEndpointTask.java:70)
	at org.apache.hadoop.ozone.container.common.states.endpoint.VersionEndpointTask.call(VersionEndpointTask.java:41)
	at java.util.concurrent.FutureTask.run(FutureTask.java:266)
	at java.util.concurrent.ThreadPoolExecutor.runWorker(ThreadPoolExecutor.java:1149)
	at java.util.concurrent.ThreadPoolExecutor$Worker.run(ThreadPoolExecutor.java:624)
	at java.lang.Thread.run(Thread.java:748)
Caused by: java.net.SocketTimeoutException: 5000 millis timeout while waiting for channel to be ready for read. ch : java.nio.channels.SocketChannel[connected local=/127.0.0.1:60264 remote=/127.0.0.1:14345]
	at org.apache.hadoop.net.SocketIOWithTimeout.doIO(SocketIOWithTimeout.java:164)
	at org.apache.hadoop.net.SocketInputStream.read(SocketInputStream.java:161)
	at org.apache.hadoop.net.SocketInputStream.read(SocketInputStream.java:131)
	at java.io.FilterInputStream.read(FilterInputStream.java:133)
	at java.io.BufferedInputStream.fill(BufferedInputStream.java:246)
	at java.io.BufferedInputStream.read(BufferedInputStream.java:265)
	at java.io.FilterInputStream.read(FilterInputStream.java:83)
	at java.io.FilterInputStream.read(FilterInputStream.java:83)
	at org.apache.hadoop.ipc.Client$Connection$PingInputStream.read(Client.java:562)
	at java.io.DataInputStream.readInt(DataInputStream.java:387)
	at org.apache.hadoop.ipc.Client$IpcStreams.readResponse(Client.java:1880)
	at org.apache.hadoop.ipc.Client$Connection.receiveRpcResponse(Client.java:1191)
	at org.apache.hadoop.ipc.Client$Connection.run(Client.java:1087)
2021-06-09 09:33:00,728 [EndpointStateMachine task thread for /127.0.0.1:14345 - 0 ] WARN  statemachine.EndpointStateMachine (EndpointStateMachine.java:logIfNeeded(236)) - Unable to communicate to SCM server at 127.0.0.1:14345 for past 0 seconds.
java.net.SocketTimeoutException: Call From fv-az195-811/10.1.0.29 to localhost:14345 failed on socket timeout exception: java.net.SocketTimeoutException: 5000 millis timeout while waiting for channel to be ready for read. ch : java.nio.channels.SocketChannel[connected local=/127.0.0.1:60264 remote=/127.0.0.1:14345]; For more details see:  http://wiki.apache.org/hadoop/SocketTimeout
	at sun.reflect.NativeConstructorAccessorImpl.newInstance0(Native Method)
	at sun.reflect.NativeConstructorAccessorImpl.newInstance(NativeConstructorAccessorImpl.java:62)
	at sun.reflect.DelegatingConstructorAccessorImpl.newInstance(DelegatingConstructorAccessorImpl.java:45)
	at java.lang.reflect.Constructor.newInstance(Constructor.java:423)
	at org.apache.hadoop.net.NetUtils.wrapWithMessage(NetUtils.java:836)
	at org.apache.hadoop.net.NetUtils.wrapException(NetUtils.java:780)
	at org.apache.hadoop.ipc.Client.getRpcResponse(Client.java:1566)
	at org.apache.hadoop.ipc.Client.call(Client.java:1508)
	at org.apache.hadoop.ipc.Client.call(Client.java:1405)
	at org.apache.hadoop.ipc.ProtobufRpcEngine$Invoker.invoke(ProtobufRpcEngine.java:233)
	at org.apache.hadoop.ipc.ProtobufRpcEngine$Invoker.invoke(ProtobufRpcEngine.java:118)
	at com.sun.proxy.$Proxy45.submitRequest(Unknown Source)
	at org.apache.hadoop.ozone.protocolPB.StorageContainerDatanodeProtocolClientSideTranslatorPB.submitRequest(StorageContainerDatanodeProtocolClientSideTranslatorPB.java:117)
	at org.apache.hadoop.ozone.protocolPB.StorageContainerDatanodeProtocolClientSideTranslatorPB.getVersion(StorageContainerDatanodeProtocolClientSideTranslatorPB.java:133)
	at org.apache.hadoop.ozone.container.common.states.endpoint.VersionEndpointTask.call(VersionEndpointTask.java:70)
	at org.apache.hadoop.ozone.container.common.states.endpoint.VersionEndpointTask.call(VersionEndpointTask.java:41)
	at java.util.concurrent.FutureTask.run(FutureTask.java:266)
	at java.util.concurrent.ThreadPoolExecutor.runWorker(ThreadPoolExecutor.java:1149)
	at java.util.concurrent.ThreadPoolExecutor$Worker.run(ThreadPoolExecutor.java:624)
	at java.lang.Thread.run(Thread.java:748)
Caused by: java.net.SocketTimeoutException: 5000 millis timeout while waiting for channel to be ready for read. ch : java.nio.channels.SocketChannel[connected local=/127.0.0.1:60264 remote=/127.0.0.1:14345]
	at org.apache.hadoop.net.SocketIOWithTimeout.doIO(SocketIOWithTimeout.java:164)
	at org.apache.hadoop.net.SocketInputStream.read(SocketInputStream.java:161)
	at org.apache.hadoop.net.SocketInputStream.read(SocketInputStream.java:131)
	at java.io.FilterInputStream.read(FilterInputStream.java:133)
	at java.io.BufferedInputStream.fill(BufferedInputStream.java:246)
	at java.io.BufferedInputStream.read(BufferedInputStream.java:265)
	at java.io.FilterInputStream.read(FilterInputStream.java:83)
	at java.io.FilterInputStream.read(FilterInputStream.java:83)
	at org.apache.hadoop.ipc.Client$Connection$PingInputStream.read(Client.java:562)
	at java.io.DataInputStream.readInt(DataInputStream.java:387)
	at org.apache.hadoop.ipc.Client$IpcStreams.readResponse(Client.java:1880)
	at org.apache.hadoop.ipc.Client$Connection.receiveRpcResponse(Client.java:1191)
	at org.apache.hadoop.ipc.Client$Connection.run(Client.java:1087)
2021-06-09 09:33:00,728 [EndpointStateMachine task thread for /127.0.0.1:14345 - 0 ] WARN  statemachine.EndpointStateMachine (EndpointStateMachine.java:logIfNeeded(236)) - Unable to communicate to SCM server at localhost:14345 for past 0 seconds.
java.net.SocketTimeoutException: Call From fv-az195-811/10.1.0.29 to localhost:14345 failed on socket timeout exception: java.net.SocketTimeoutException: 5000 millis timeout while waiting for channel to be ready for read. ch : java.nio.channels.SocketChannel[connected local=/127.0.0.1:60264 remote=/127.0.0.1:14345]; For more details see:  http://wiki.apache.org/hadoop/SocketTimeout
	at sun.reflect.NativeConstructorAccessorImpl.newInstance0(Native Method)
	at sun.reflect.NativeConstructorAccessorImpl.newInstance(NativeConstructorAccessorImpl.java:62)
	at sun.reflect.DelegatingConstructorAccessorImpl.newInstance(DelegatingConstructorAccessorImpl.java:45)
	at java.lang.reflect.Constructor.newInstance(Constructor.java:423)
	at org.apache.hadoop.net.NetUtils.wrapWithMessage(NetUtils.java:836)
	at org.apache.hadoop.net.NetUtils.wrapException(NetUtils.java:780)
	at org.apache.hadoop.ipc.Client.getRpcResponse(Client.java:1566)
	at org.apache.hadoop.ipc.Client.call(Client.java:1508)
	at org.apache.hadoop.ipc.Client.call(Client.java:1405)
	at org.apache.hadoop.ipc.ProtobufRpcEngine$Invoker.invoke(ProtobufRpcEngine.java:233)
	at org.apache.hadoop.ipc.ProtobufRpcEngine$Invoker.invoke(ProtobufRpcEngine.java:118)
	at com.sun.proxy.$Proxy45.submitRequest(Unknown Source)
	at org.apache.hadoop.ozone.protocolPB.StorageContainerDatanodeProtocolClientSideTranslatorPB.submitRequest(StorageContainerDatanodeProtocolClientSideTranslatorPB.java:117)
	at org.apache.hadoop.ozone.protocolPB.StorageContainerDatanodeProtocolClientSideTranslatorPB.getVersion(StorageContainerDatanodeProtocolClientSideTranslatorPB.java:133)
	at org.apache.hadoop.ozone.container.common.states.endpoint.VersionEndpointTask.call(VersionEndpointTask.java:70)
	at org.apache.hadoop.ozone.container.common.states.endpoint.VersionEndpointTask.call(VersionEndpointTask.java:41)
	at java.util.concurrent.FutureTask.run(FutureTask.java:266)
	at java.util.concurrent.ThreadPoolExecutor.runWorker(ThreadPoolExecutor.java:1149)
	at java.util.concurrent.ThreadPoolExecutor$Worker.run(ThreadPoolExecutor.java:624)
	at java.lang.Thread.run(Thread.java:748)
Caused by: java.net.SocketTimeoutException: 5000 millis timeout while waiting for channel to be ready for read. ch : java.nio.channels.SocketChannel[connected local=/127.0.0.1:60264 remote=/127.0.0.1:14345]
	at org.apache.hadoop.net.SocketIOWithTimeout.doIO(SocketIOWithTimeout.java:164)
	at org.apache.hadoop.net.SocketInputStream.read(SocketInputStream.java:161)
	at org.apache.hadoop.net.SocketInputStream.read(SocketInputStream.java:131)
	at java.io.FilterInputStream.read(FilterInputStream.java:133)
	at java.io.BufferedInputStream.fill(BufferedInputStream.java:246)
	at java.io.BufferedInputStream.read(BufferedInputStream.java:265)
	at java.io.FilterInputStream.read(FilterInputStream.java:83)
	at java.io.FilterInputStream.read(FilterInputStream.java:83)
	at org.apache.hadoop.ipc.Client$Connection$PingInputStream.read(Client.java:562)
	at java.io.DataInputStream.readInt(DataInputStream.java:387)
	at org.apache.hadoop.ipc.Client$IpcStreams.readResponse(Client.java:1880)
	at org.apache.hadoop.ipc.Client$Connection.receiveRpcResponse(Client.java:1191)
	at org.apache.hadoop.ipc.Client$Connection.run(Client.java:1087)
2021-06-09 09:33:00,740 [pool-90-thread-1] INFO  server.RaftServerConfigKeys (ConfUtils.java:logGet(44)) - raft.server.snapshot.auto.trigger.enabled = true (custom)
2021-06-09 09:33:00,740 [pool-90-thread-1] INFO  server.RaftServerConfigKeys (ConfUtils.java:logGet(44)) - raft.server.snapshot.auto.trigger.threshold = 10000 (custom)
2021-06-09 09:33:00,740 [pool-90-thread-1] INFO  server.RaftServerConfigKeys (ConfUtils.java:logGet(44)) - raft.server.snapshot.retention.file.num = 5 (custom)
2021-06-09 09:33:00,740 [pool-90-thread-1] INFO  server.RaftServerConfigKeys (ConfUtils.java:logGet(44)) - raft.server.log.purge.upto.snapshot.index = false (default)
2021-06-09 09:33:00,740 [pool-90-thread-1] INFO  server.RaftServerConfigKeys (ConfUtils.java:logGet(44)) - raft.server.retrycache.expirytime = 600000ms (custom)
2021-06-09 09:33:00,740 [pool-90-thread-1] INFO  server.RaftServerConfigKeys (ConfUtils.java:logGet(44)) - raft.server.retrycache.statistics.expirytime = 100μs (default)
2021-06-09 09:33:00,740 [pool-90-thread-1] INFO  metrics.RatisMetrics (RatisMetrics.java:lambda$create$0(36)) - Creating Metrics Registry : ratis.leader_election.697bcd3f-2547-41de-8cec-7c932316130e@group-6416CF2B93B2
2021-06-09 09:33:00,741 [EventQueue-PipelineReportForOneReplicaPipelineSafeModeRule] INFO  safemode.SCMSafeModeManager (SCMSafeModeManager.java:validateSafeModeExitRules(201)) - AtleastOneDatanodeReportedRule rule is successfully validated
2021-06-09 09:33:00,741 [pool-90-thread-1] INFO  metrics.RatisMetrics (RatisMetrics.java:lambda$create$0(36)) - Creating Metrics Registry : ratis.server.697bcd3f-2547-41de-8cec-7c932316130e@group-6416CF2B93B2
2021-06-09 09:33:00,741 [EventQueue-PipelineReportForPipelineReportHandler] INFO  pipeline.PipelineManagerV2Impl (PipelineManagerV2Impl.java:openPipeline(270)) - Pipeline Pipeline[ Id: ab495932-067f-4ead-8cc9-6416cf2b93b2, Nodes: 697bcd3f-2547-41de-8cec-7c932316130e{ip: 127.0.0.1, host: localhost, ports: [REPLICATION=44561, RATIS=39889, RATIS_ADMIN=39889, RATIS_SERVER=39889, STANDALONE=35753], networkLocation: /default-rack, certSerialId: null, persistedOpState: IN_SERVICE, persistedOpStateExpiryEpochSec: 0}, ReplicationConfig: RATIS/ONE, State:ALLOCATED, leaderId:697bcd3f-2547-41de-8cec-7c932316130e, CreationTimestamp2021-06-09T09:32:57.752Z] moved to OPEN state
2021-06-09 09:33:00,742 [pool-90-thread-1] INFO  server.RaftServer$Division (RaftServerImpl.java:start(295)) - 697bcd3f-2547-41de-8cec-7c932316130e@group-6416CF2B93B2: start as a follower, conf=-1: [697bcd3f-2547-41de-8cec-7c932316130e|rpc:127.0.0.1:39889|priority:1], old=null
2021-06-09 09:33:00,742 [pool-90-thread-1] INFO  server.RaftServer$Division (RaftServerImpl.java:setRole(284)) - 697bcd3f-2547-41de-8cec-7c932316130e@group-6416CF2B93B2: changes role from      null to FOLLOWER at term 0 for startAsFollower
2021-06-09 09:33:00,742 [pool-90-thread-1] INFO  impl.RoleInfo (RoleInfo.java:updateAndGet(130)) - 697bcd3f-2547-41de-8cec-7c932316130e: start 697bcd3f-2547-41de-8cec-7c932316130e@group-6416CF2B93B2-FollowerState
2021-06-09 09:33:00,742 [EventQueue-PipelineReportForOneReplicaPipelineSafeModeRule] INFO  safemode.SCMSafeModeManager (SCMSafeModeManager.java:validateSafeModeExitRules(201)) - AtleastOneDatanodeReportedRule rule is successfully validated
2021-06-09 09:33:00,745 [pool-90-thread-1] INFO  util.JmxRegister (JmxRegister.java:tryRegister(44)) - Successfully registered JMX Bean with object name Ratis:service=RaftServer,group=group-6416CF2B93B2,id=697bcd3f-2547-41de-8cec-7c932316130e
2021-06-09 09:33:00,745 [pool-90-thread-1] INFO  metrics.RatisMetrics (RatisMetrics.java:lambda$create$0(36)) - Creating Metrics Registry : ratis.state_machine.697bcd3f-2547-41de-8cec-7c932316130e@group-6416CF2B93B2
2021-06-09 09:33:00,743 [EventQueue-PipelineReportForPipelineReportHandler] INFO  pipeline.PipelineManagerV2Impl (PipelineManagerV2Impl.java:openPipeline(270)) - Pipeline Pipeline[ Id: ab495932-067f-4ead-8cc9-6416cf2b93b2, Nodes: 697bcd3f-2547-41de-8cec-7c932316130e{ip: 127.0.0.1, host: localhost, ports: [REPLICATION=44561, RATIS=39889, RATIS_ADMIN=39889, RATIS_SERVER=39889, STANDALONE=35753], networkLocation: /default-rack, certSerialId: null, persistedOpState: IN_SERVICE, persistedOpStateExpiryEpochSec: 0}, ReplicationConfig: RATIS/ONE, State:ALLOCATED, leaderId:697bcd3f-2547-41de-8cec-7c932316130e, CreationTimestamp2021-06-09T09:32:57.752Z] moved to OPEN state
2021-06-09 09:33:00,751 [Command processor thread] INFO  ratis.XceiverServerRatis (XceiverServerRatis.java:addGroup(808)) - Created group PipelineID=ab495932-067f-4ead-8cc9-6416cf2b93b2
2021-06-09 09:33:00,751 [Command processor thread] INFO  commandhandler.CreatePipelineCommandHandler (CreatePipelineCommandHandler.java:handle(106)) - Created Pipeline RATIS ONE PipelineID=ab495932-067f-4ead-8cc9-6416cf2b93b2.
2021-06-09 09:33:00,752 [EventQueue-PipelineReportForPipelineReportHandler] INFO  ha.SCMHAInvocationHandler (SCMHAInvocationHandler.java:invokeRatis(113)) - Invoking method public abstract void org.apache.hadoop.hdds.scm.pipeline.StateManager.updatePipelineState(org.apache.hadoop.hdds.protocol.proto.HddsProtos$PipelineID,org.apache.hadoop.hdds.protocol.proto.HddsProtos$PipelineState) throws java.io.IOException on target org.apache.hadoop.hdds.scm.ha.SCMRatisServerImpl@2399437e, cost 5921.536us
2021-06-09 09:33:00,756 [EventQueue-PipelineReportForPipelineReportHandler] ERROR pipeline.PipelineReportHandler (PipelineReportHandler.java:onMessage(93)) - Could not process pipeline report=pipelineID {
  id: "ab495932-067f-4ead-8cc9-6416cf2b93b2"
  uuid128 {
    mostSigBits: -6104249748531753299
    leastSigBits: -8301994388953001038
  }
}
isLeader: false
bytesWritten: 0
 from dn=697bcd3f-2547-41de-8cec-7c932316130e{ip: 127.0.0.1, host: localhost, ports: [REPLICATION=44561, RATIS=39889, RATIS_ADMIN=39889, RATIS_SERVER=39889, STANDALONE=35753], networkLocation: /default-rack, certSerialId: null, persistedOpState: null, persistedOpStateExpiryEpochSec: 0}.
org.apache.ratis.protocol.exceptions.NotLeaderException: Server 943a282b-f1b6-4c47-b0d5-ac1d3ae1d1bb@group-C9E251B369B0 is not the leader e0e3eed1-d528-4a83-939c-b34003b9dea6|rpc:localhost:14324|admin:|client:|dataStream:|priority:0
	at org.apache.ratis.server.impl.RaftServerImpl.generateNotLeaderException(RaftServerImpl.java:661)
	at org.apache.ratis.server.impl.RaftServerImpl.checkLeaderState(RaftServerImpl.java:626)
	at org.apache.ratis.server.impl.RaftServerImpl.submitClientRequestAsync(RaftServerImpl.java:754)
	at org.apache.ratis.server.impl.RaftServerProxy.lambda$submitClientRequestAsync$9(RaftServerProxy.java:417)
	at org.apache.ratis.server.impl.RaftServerProxy.lambda$null$7(RaftServerProxy.java:412)
	at org.apache.ratis.util.JavaUtils.callAsUnchecked(JavaUtils.java:115)
	at org.apache.ratis.server.impl.RaftServerProxy.lambda$submitRequest$8(RaftServerProxy.java:412)
	at java.util.concurrent.CompletableFuture.uniComposeStage(CompletableFuture.java:995)
	at java.util.concurrent.CompletableFuture.thenCompose(CompletableFuture.java:2137)
	at org.apache.ratis.server.impl.RaftServerProxy.submitRequest(RaftServerProxy.java:411)
	at org.apache.ratis.server.impl.RaftServerProxy.submitClientRequestAsync(RaftServerProxy.java:417)
	at org.apache.hadoop.hdds.scm.ha.SCMRatisServerImpl.submitRequest(SCMRatisServerImpl.java:214)
	at org.apache.hadoop.hdds.scm.ha.SCMHAInvocationHandler.invokeRatis(SCMHAInvocationHandler.java:110)
	at org.apache.hadoop.hdds.scm.ha.SCMHAInvocationHandler.invoke(SCMHAInvocationHandler.java:67)
	at com.sun.proxy.$Proxy22.updatePipelineState(Unknown Source)
	at org.apache.hadoop.hdds.scm.pipeline.PipelineManagerV2Impl.openPipeline(PipelineManagerV2Impl.java:271)
	at org.apache.hadoop.hdds.scm.pipeline.PipelineReportHandler.processPipelineReport(PipelineReportHandler.java:124)
	at org.apache.hadoop.hdds.scm.pipeline.PipelineReportHandler.onMessage(PipelineReportHandler.java:91)
	at org.apache.hadoop.hdds.scm.pipeline.PipelineReportHandler.onMessage(PipelineReportHandler.java:50)
	at org.apache.hadoop.hdds.server.events.SingleThreadExecutor.lambda$onMessage$1(SingleThreadExecutor.java:81)
	at java.util.concurrent.ThreadPoolExecutor.runWorker(ThreadPoolExecutor.java:1149)
	at java.util.concurrent.ThreadPoolExecutor$Worker.run(ThreadPoolExecutor.java:624)
	at java.lang.Thread.run(Thread.java:748)
2021-06-09 09:33:00,758 [Command processor thread] INFO  server.RaftServer (RaftServerProxy.java:addNew(95)) - 697bcd3f-2547-41de-8cec-7c932316130e: addNew group-5894FE760DEC:[697bcd3f-2547-41de-8cec-7c932316130e|rpc:127.0.0.1:39889|priority:0, 3c147370-49f5-478a-bcbe-e6cea6e4d9ae|rpc:127.0.0.1:40749|priority:0, cc259bf8-a2eb-4525-8fb1-f4b47156f121|rpc:127.0.0.1:43471|priority:1] returns group-5894FE760DEC:java.util.concurrent.CompletableFuture@4f08f03f[Not completed]
2021-06-09 09:33:00,759 [pool-90-thread-1] INFO  server.RaftServer$Division (RaftServerImpl.java:<init>(180)) - 697bcd3f-2547-41de-8cec-7c932316130e: new RaftServerImpl for group-5894FE760DEC:[697bcd3f-2547-41de-8cec-7c932316130e|rpc:127.0.0.1:39889|priority:0, 3c147370-49f5-478a-bcbe-e6cea6e4d9ae|rpc:127.0.0.1:40749|priority:0, cc259bf8-a2eb-4525-8fb1-f4b47156f121|rpc:127.0.0.1:43471|priority:1] with ContainerStateMachine:uninitialized
2021-06-09 09:33:00,760 [pool-90-thread-1] INFO  server.RaftServerConfigKeys (ConfUtils.java:logGet(44)) - raft.server.rpc.timeout.min = 5s (custom)
2021-06-09 09:33:00,761 [pool-90-thread-1] INFO  server.RaftServerConfigKeys (ConfUtils.java:logGet(44)) - raft.server.rpc.timeout.max = 5200ms (custom)
2021-06-09 09:33:00,761 [pool-90-thread-1] INFO  server.RaftServerConfigKeys (ConfUtils.java:logGet(44)) - raft.server.rpc.sleep.time = 25ms (default)
2021-06-09 09:33:00,761 [pool-90-thread-1] INFO  server.RaftServerConfigKeys (ConfUtils.java:logGet(44)) - raft.server.rpc.slowness.timeout = 300s (custom)
2021-06-09 09:33:00,761 [pool-90-thread-1] INFO  server.RaftServerConfigKeys (ConfUtils.java:logGet(44)) - raft.server.leaderelection.leader.step-down.wait-time = 10s (default)
2021-06-09 09:33:00,761 [pool-90-thread-1] INFO  server.RaftServerConfigKeys (ConfUtils.java:logGet(44)) - raft.server.sleep.deviation.threshold = 300ms (default)
2021-06-09 09:33:00,761 [pool-90-thread-1] INFO  server.RaftServerConfigKeys (ConfUtils.java:logGet(44)) - raft.server.log.appender.install.snapshot.enabled = false (custom)
2021-06-09 09:33:00,761 [pool-90-thread-1] INFO  server.RaftServer$Division (ServerState.java:<init>(105)) - 697bcd3f-2547-41de-8cec-7c932316130e@group-5894FE760DEC: ConfigurationManager, init=-1: [697bcd3f-2547-41de-8cec-7c932316130e|rpc:127.0.0.1:39889|priority:0, 3c147370-49f5-478a-bcbe-e6cea6e4d9ae|rpc:127.0.0.1:40749|priority:0, cc259bf8-a2eb-4525-8fb1-f4b47156f121|rpc:127.0.0.1:43471|priority:1], old=null, confs=<EMPTY_MAP>
2021-06-09 09:33:00,761 [pool-90-thread-1] INFO  server.RaftServerConfigKeys (ConfUtils.java:logGet(44)) - raft.server.storage.dir = [/home/runner/work/ozone/ozone/mnt/ozone/hadoop-ozone/integration-test/target/test-dir/MiniOzoneClusterImpl-43f0ca0c-372e-4c55-aedd-c9e251b369b0/datanode-0/data/ratis] (custom)
2021-06-09 09:33:00,761 [pool-90-thread-1] INFO  server.RaftServerConfigKeys (ConfUtils.java:logGet(44)) - raft.server.log.corruption.policy = EXCEPTION (default)
2021-06-09 09:33:00,761 [pool-90-thread-1] INFO  storage.RaftStorageDirectory (RaftStorageDirectoryImpl.java:analyzeStorage(132)) - The storage directory /home/runner/work/ozone/ozone/mnt/ozone/hadoop-ozone/integration-test/target/test-dir/MiniOzoneClusterImpl-43f0ca0c-372e-4c55-aedd-c9e251b369b0/datanode-0/data/ratis/01afcea1-9cbf-4cb9-976c-5894fe760dec does not exist. Creating ...
2021-06-09 09:33:00,762 [pool-90-thread-1] INFO  storage.RaftStorageDirectory (RaftStorageDirectoryImpl.java:tryLock(215)) - Lock on /home/runner/work/ozone/ozone/mnt/ozone/hadoop-ozone/integration-test/target/test-dir/MiniOzoneClusterImpl-43f0ca0c-372e-4c55-aedd-c9e251b369b0/datanode-0/data/ratis/01afcea1-9cbf-4cb9-976c-5894fe760dec/in_use.lock acquired by nodename 27526@fv-az195-811
2021-06-09 09:33:00,763 [pool-90-thread-1] INFO  storage.RaftStorage (RaftStorageImpl.java:format(87)) - Storage directory /home/runner/work/ozone/ozone/mnt/ozone/hadoop-ozone/integration-test/target/test-dir/MiniOzoneClusterImpl-43f0ca0c-372e-4c55-aedd-c9e251b369b0/datanode-0/data/ratis/01afcea1-9cbf-4cb9-976c-5894fe760dec has been successfully formatted.
2021-06-09 09:33:00,764 [pool-90-thread-1] INFO  ratis.ContainerStateMachine (ContainerStateMachine.java:loadSnapshot(224)) - group-5894FE760DEC: The snapshot info is null. Setting the last applied indexto:(t:0, i:~)
2021-06-09 09:33:00,764 [pool-90-thread-1] INFO  server.RaftServerConfigKeys (ConfUtils.java:logGet(44)) - raft.server.notification.no-leader.timeout = 300s (custom)
2021-06-09 09:33:00,764 [pool-90-thread-1] INFO  server.RaftServerConfigKeys (ConfUtils.java:logGet(44)) - raft.server.log.use.memory = false (default)
2021-06-09 09:33:00,764 [pool-90-thread-1] INFO  server.RaftServerConfigKeys (ConfUtils.java:logGet(44)) - raft.server.log.purge.gap = 1000000 (custom)
2021-06-09 09:33:00,765 [pool-90-thread-1] INFO  server.RaftServerConfigKeys (ConfUtils.java:logGet(44)) - raft.server.log.appender.buffer.byte-limit = 33554432 (custom)
2021-06-09 09:33:00,765 [pool-90-thread-1] INFO  metrics.RatisMetrics (RatisMetrics.java:lambda$create$0(36)) - Creating Metrics Registry : ratis.log_worker.697bcd3f-2547-41de-8cec-7c932316130e@group-5894FE760DEC
2021-06-09 09:33:00,765 [pool-90-thread-1] INFO  server.RaftServerConfigKeys (ConfUtils.java:logGet(44)) - raft.server.log.segment.size.max = 1048576 (custom)
2021-06-09 09:33:00,766 [pool-90-thread-1] INFO  server.RaftServerConfigKeys (ConfUtils.java:logGet(44)) - raft.server.log.segment.cache.num.max = 2 (custom)
2021-06-09 09:33:00,766 [pool-90-thread-1] INFO  server.RaftServerConfigKeys (ConfUtils.java:logGet(44)) - raft.server.log.segment.cache.size.max = 200MB (=209715200) (default)
2021-06-09 09:33:00,766 [pool-90-thread-1] INFO  segmented.SegmentedRaftLogWorker (SegmentedRaftLogWorker.java:<init>(182)) - new 697bcd3f-2547-41de-8cec-7c932316130e@group-5894FE760DEC-SegmentedRaftLogWorker for RaftStorageImpl:Storage Directory /home/runner/work/ozone/ozone/mnt/ozone/hadoop-ozone/integration-test/target/test-dir/MiniOzoneClusterImpl-43f0ca0c-372e-4c55-aedd-c9e251b369b0/datanode-0/data/ratis/01afcea1-9cbf-4cb9-976c-5894fe760dec
2021-06-09 09:33:00,766 [pool-90-thread-1] INFO  server.RaftServerConfigKeys (ConfUtils.java:logGet(44)) - raft.server.log.queue.byte-limit = 2147483647 (custom)
2021-06-09 09:33:00,766 [pool-90-thread-1] INFO  server.RaftServerConfigKeys (ConfUtils.java:logGet(44)) - raft.server.log.queue.element-limit = 1024 (custom)
2021-06-09 09:33:00,766 [pool-90-thread-1] INFO  server.RaftServerConfigKeys (ConfUtils.java:logGet(44)) - raft.server.log.segment.size.max = 1048576 (custom)
2021-06-09 09:33:00,766 [pool-90-thread-1] INFO  server.RaftServerConfigKeys (ConfUtils.java:logGet(44)) - raft.server.log.preallocated.size = 16384 (custom)
2021-06-09 09:33:00,766 [pool-90-thread-1] INFO  server.RaftServerConfigKeys (ConfUtils.java:logGet(44)) - raft.server.log.force.sync.num = 128 (default)
2021-06-09 09:33:00,766 [pool-90-thread-1] INFO  server.RaftServerConfigKeys (ConfUtils.java:logGet(44)) - raft.server.log.statemachine.data.sync = true (default)
2021-06-09 09:33:00,766 [pool-90-thread-1] INFO  server.RaftServerConfigKeys (ConfUtils.java:logGet(44)) - raft.server.log.statemachine.data.sync.timeout = 10s (default)
2021-06-09 09:33:00,766 [pool-90-thread-1] INFO  server.RaftServerConfigKeys (ConfUtils.java:logGet(44)) - raft.server.log.statemachine.data.sync.timeout.retry = -1 (default)
2021-06-09 09:33:00,764 [EventQueue-PipelineReportForPipelineReportHandler] INFO  ha.SCMHAInvocationHandler (SCMHAInvocationHandler.java:invokeRatis(113)) - Invoking method public abstract void org.apache.hadoop.hdds.scm.pipeline.StateManager.updatePipelineState(org.apache.hadoop.hdds.protocol.proto.HddsProtos$PipelineID,org.apache.hadoop.hdds.protocol.proto.HddsProtos$PipelineState) throws java.io.IOException on target org.apache.hadoop.hdds.scm.ha.SCMRatisServerImpl@7356e723, cost 22505.936us
2021-06-09 09:33:00,777 [EventQueue-PipelineReportForOneReplicaPipelineSafeModeRule] INFO  safemode.SCMSafeModeManager (SCMSafeModeManager.java:validateSafeModeExitRules(201)) - AtleastOneDatanodeReportedRule rule is successfully validated
2021-06-09 09:33:00,777 [EventQueue-PipelineReportForPipelineReportHandler] INFO  pipeline.PipelineManagerV2Impl (PipelineManagerV2Impl.java:openPipeline(270)) - Pipeline Pipeline[ Id: ab495932-067f-4ead-8cc9-6416cf2b93b2, Nodes: 697bcd3f-2547-41de-8cec-7c932316130e{ip: 127.0.0.1, host: localhost, ports: [REPLICATION=44561, RATIS=39889, RATIS_ADMIN=39889, RATIS_SERVER=39889, STANDALONE=35753], networkLocation: /default-rack, certSerialId: null, persistedOpState: IN_SERVICE, persistedOpStateExpiryEpochSec: 0}, ReplicationConfig: RATIS/ONE, State:ALLOCATED, leaderId:697bcd3f-2547-41de-8cec-7c932316130e, CreationTimestamp2021-06-09T09:32:57.752Z] moved to OPEN state
2021-06-09 09:33:00,778 [EventQueue-PipelineReportForPipelineReportHandler] INFO  ha.SCMHAInvocationHandler (SCMHAInvocationHandler.java:invokeRatis(113)) - Invoking method public abstract void org.apache.hadoop.hdds.scm.pipeline.StateManager.updatePipelineState(org.apache.hadoop.hdds.protocol.proto.HddsProtos$PipelineID,org.apache.hadoop.hdds.protocol.proto.HddsProtos$PipelineState) throws java.io.IOException on target org.apache.hadoop.hdds.scm.ha.SCMRatisServerImpl@2399437e, cost 212.901us
2021-06-09 09:33:00,778 [EventQueue-PipelineReportForPipelineReportHandler] ERROR pipeline.PipelineReportHandler (PipelineReportHandler.java:onMessage(93)) - Could not process pipeline report=pipelineID {
  id: "ab495932-067f-4ead-8cc9-6416cf2b93b2"
  uuid128 {
    mostSigBits: -6104249748531753299
    leastSigBits: -8301994388953001038
  }
}
isLeader: false
bytesWritten: 0
 from dn=697bcd3f-2547-41de-8cec-7c932316130e{ip: 127.0.0.1, host: localhost, ports: [REPLICATION=44561, RATIS=39889, RATIS_ADMIN=39889, RATIS_SERVER=39889, STANDALONE=35753], networkLocation: /default-rack, certSerialId: null, persistedOpState: null, persistedOpStateExpiryEpochSec: 0}.
org.apache.ratis.protocol.exceptions.NotLeaderException: Server 943a282b-f1b6-4c47-b0d5-ac1d3ae1d1bb@group-C9E251B369B0 is not the leader e0e3eed1-d528-4a83-939c-b34003b9dea6|rpc:localhost:14324|admin:|client:|dataStream:|priority:0
	at org.apache.ratis.server.impl.RaftServerImpl.generateNotLeaderException(RaftServerImpl.java:661)
	at org.apache.ratis.server.impl.RaftServerImpl.checkLeaderState(RaftServerImpl.java:626)
	at org.apache.ratis.server.impl.RaftServerImpl.submitClientRequestAsync(RaftServerImpl.java:754)
	at org.apache.ratis.server.impl.RaftServerProxy.lambda$submitClientRequestAsync$9(RaftServerProxy.java:417)
	at org.apache.ratis.server.impl.RaftServerProxy.lambda$null$7(RaftServerProxy.java:412)
	at org.apache.ratis.util.JavaUtils.callAsUnchecked(JavaUtils.java:115)
	at org.apache.ratis.server.impl.RaftServerProxy.lambda$submitRequest$8(RaftServerProxy.java:412)
	at java.util.concurrent.CompletableFuture.uniComposeStage(CompletableFuture.java:995)
	at java.util.concurrent.CompletableFuture.thenCompose(CompletableFuture.java:2137)
	at org.apache.ratis.server.impl.RaftServerProxy.submitRequest(RaftServerProxy.java:411)
	at org.apache.ratis.server.impl.RaftServerProxy.submitClientRequestAsync(RaftServerProxy.java:417)
	at org.apache.hadoop.hdds.scm.ha.SCMRatisServerImpl.submitRequest(SCMRatisServerImpl.java:214)
	at org.apache.hadoop.hdds.scm.ha.SCMHAInvocationHandler.invokeRatis(SCMHAInvocationHandler.java:110)
	at org.apache.hadoop.hdds.scm.ha.SCMHAInvocationHandler.invoke(SCMHAInvocationHandler.java:67)
	at com.sun.proxy.$Proxy22.updatePipelineState(Unknown Source)
	at org.apache.hadoop.hdds.scm.pipeline.PipelineManagerV2Impl.openPipeline(PipelineManagerV2Impl.java:271)
	at org.apache.hadoop.hdds.scm.pipeline.PipelineReportHandler.processPipelineReport(PipelineReportHandler.java:124)
	at org.apache.hadoop.hdds.scm.pipeline.PipelineReportHandler.onMessage(PipelineReportHandler.java:91)
	at org.apache.hadoop.hdds.scm.pipeline.PipelineReportHandler.onMessage(PipelineReportHandler.java:50)
	at org.apache.hadoop.hdds.server.events.SingleThreadExecutor.lambda$onMessage$1(SingleThreadExecutor.java:81)
	at java.util.concurrent.ThreadPoolExecutor.runWorker(ThreadPoolExecutor.java:1149)
	at java.util.concurrent.ThreadPoolExecutor$Worker.run(ThreadPoolExecutor.java:624)
	at java.lang.Thread.run(Thread.java:748)
2021-06-09 09:33:00,780 [EventQueue-PipelineReportForOneReplicaPipelineSafeModeRule] INFO  safemode.SCMSafeModeManager (SCMSafeModeManager.java:validateSafeModeExitRules(201)) - AtleastOneDatanodeReportedRule rule is successfully validated
2021-06-09 09:33:00,783 [pool-90-thread-1] INFO  server.RaftServerConfigKeys (ConfUtils.java:logGet(44)) - raft.server.log.write.buffer.size = 1048576 (custom)
2021-06-09 09:33:00,786 [pool-90-thread-1] INFO  server.RaftServerConfigKeys (ConfUtils.java:logGet(44)) - raft.server.log.statemachine.data.caching.enabled = true (custom)
2021-06-09 09:33:00,786 [pool-90-thread-1] INFO  segmented.SegmentedRaftLogWorker (SegmentedRaftLogWorker.java:lambda$new$0(133)) - 697bcd3f-2547-41de-8cec-7c932316130e@group-5894FE760DEC-SegmentedRaftLogWorker: flushIndex: setUnconditionally 0 -> -1
2021-06-09 09:33:00,786 [pool-90-thread-1] INFO  segmented.SegmentedRaftLogWorker (SegmentedRaftLogWorker.java:lambda$new$0(133)) - 697bcd3f-2547-41de-8cec-7c932316130e@group-5894FE760DEC-SegmentedRaftLogWorker: safeCacheEvictIndex: setUnconditionally 0 -> -1
2021-06-09 09:33:00,786 [pool-90-thread-1] INFO  server.RaftServerConfigKeys (ConfUtils.java:logGet(44)) - raft.server.snapshot.auto.trigger.enabled = true (custom)
2021-06-09 09:33:00,786 [pool-90-thread-1] INFO  server.RaftServerConfigKeys (ConfUtils.java:logGet(44)) - raft.server.snapshot.auto.trigger.threshold = 10000 (custom)
2021-06-09 09:33:00,786 [pool-90-thread-1] INFO  server.RaftServerConfigKeys (ConfUtils.java:logGet(44)) - raft.server.snapshot.retention.file.num = 5 (custom)
2021-06-09 09:33:00,786 [pool-90-thread-1] INFO  server.RaftServerConfigKeys (ConfUtils.java:logGet(44)) - raft.server.log.purge.upto.snapshot.index = false (default)
2021-06-09 09:33:00,786 [pool-90-thread-1] INFO  server.RaftServerConfigKeys (ConfUtils.java:logGet(44)) - raft.server.retrycache.expirytime = 600000ms (custom)
2021-06-09 09:33:00,786 [pool-90-thread-1] INFO  server.RaftServerConfigKeys (ConfUtils.java:logGet(44)) - raft.server.retrycache.statistics.expirytime = 100μs (default)
2021-06-09 09:33:00,786 [pool-90-thread-1] INFO  metrics.RatisMetrics (RatisMetrics.java:lambda$create$0(36)) - Creating Metrics Registry : ratis.leader_election.697bcd3f-2547-41de-8cec-7c932316130e@group-5894FE760DEC
2021-06-09 09:33:00,787 [pool-90-thread-1] INFO  metrics.RatisMetrics (RatisMetrics.java:lambda$create$0(36)) - Creating Metrics Registry : ratis.server.697bcd3f-2547-41de-8cec-7c932316130e@group-5894FE760DEC
2021-06-09 09:33:00,788 [pool-90-thread-1] INFO  server.RaftServer$Division (RaftServerImpl.java:start(295)) - 697bcd3f-2547-41de-8cec-7c932316130e@group-5894FE760DEC: start as a follower, conf=-1: [697bcd3f-2547-41de-8cec-7c932316130e|rpc:127.0.0.1:39889|priority:0, 3c147370-49f5-478a-bcbe-e6cea6e4d9ae|rpc:127.0.0.1:40749|priority:0, cc259bf8-a2eb-4525-8fb1-f4b47156f121|rpc:127.0.0.1:43471|priority:1], old=null
2021-06-09 09:33:00,788 [pool-90-thread-1] INFO  server.RaftServer$Division (RaftServerImpl.java:setRole(284)) - 697bcd3f-2547-41de-8cec-7c932316130e@group-5894FE760DEC: changes role from      null to FOLLOWER at term 0 for startAsFollower
2021-06-09 09:33:00,788 [pool-90-thread-1] INFO  impl.RoleInfo (RoleInfo.java:updateAndGet(130)) - 697bcd3f-2547-41de-8cec-7c932316130e: start 697bcd3f-2547-41de-8cec-7c932316130e@group-5894FE760DEC-FollowerState
2021-06-09 09:33:00,793 [EventQueue-OpenPipelineForHealthyPipelineSafeModeRule] INFO  safemode.SCMSafeModeManager (HealthyPipelineSafeModeRule.java:process(130)) - SCM in safe mode. Healthy pipelines reported count is 0, required healthy pipeline reported count is 1
2021-06-09 09:33:00,793 [pool-90-thread-1] INFO  util.JmxRegister (JmxRegister.java:tryRegister(44)) - Successfully registered JMX Bean with object name Ratis:service=RaftServer,group=group-5894FE760DEC,id=697bcd3f-2547-41de-8cec-7c932316130e
2021-06-09 09:33:00,794 [pool-90-thread-1] INFO  metrics.RatisMetrics (RatisMetrics.java:lambda$create$0(36)) - Creating Metrics Registry : ratis.state_machine.697bcd3f-2547-41de-8cec-7c932316130e@group-5894FE760DEC
2021-06-09 09:33:00,794 [EventQueue-OpenPipelineForHealthyPipelineSafeModeRule] INFO  safemode.SCMSafeModeManager (HealthyPipelineSafeModeRule.java:process(130)) - SCM in safe mode. Healthy pipelines reported count is 0, required healthy pipeline reported count is 1
2021-06-09 09:33:00,798 [Command processor thread] INFO  ratis.XceiverServerRatis (XceiverServerRatis.java:addGroup(808)) - Created group PipelineID=01afcea1-9cbf-4cb9-976c-5894fe760dec
2021-06-09 09:33:00,823 [Command processor thread] INFO  metrics.RatisMetrics (RatisMetrics.java:lambda$create$0(36)) - Creating Metrics Registry : ratis.client_message_metrics.client-DE408F1718E3->cc259bf8-a2eb-4525-8fb1-f4b47156f121
2021-06-09 09:33:00,841 [Command processor thread] INFO  server.RaftServer (RaftServerProxy.java:addNew(95)) - 3c147370-49f5-478a-bcbe-e6cea6e4d9ae: addNew group-E67A7EEADB27:[3c147370-49f5-478a-bcbe-e6cea6e4d9ae|rpc:127.0.0.1:40749|priority:1] returns group-E67A7EEADB27:java.util.concurrent.CompletableFuture@1abb270f[Not completed]
2021-06-09 09:33:00,845 [pool-107-thread-1] INFO  server.RaftServer$Division (RaftServerImpl.java:<init>(180)) - 3c147370-49f5-478a-bcbe-e6cea6e4d9ae: new RaftServerImpl for group-E67A7EEADB27:[3c147370-49f5-478a-bcbe-e6cea6e4d9ae|rpc:127.0.0.1:40749|priority:1] with ContainerStateMachine:uninitialized
2021-06-09 09:33:00,846 [pool-107-thread-1] INFO  server.RaftServerConfigKeys (ConfUtils.java:logGet(44)) - raft.server.rpc.timeout.min = 5s (custom)
2021-06-09 09:33:00,846 [pool-107-thread-1] INFO  server.RaftServerConfigKeys (ConfUtils.java:logGet(44)) - raft.server.rpc.timeout.max = 5200ms (custom)
2021-06-09 09:33:00,846 [pool-107-thread-1] INFO  server.RaftServerConfigKeys (ConfUtils.java:logGet(44)) - raft.server.rpc.sleep.time = 25ms (default)
2021-06-09 09:33:00,846 [Datanode State Machine Thread - 0] ERROR datanode.RunningDatanodeState (RunningDatanodeState.java:computeNextContainerState(199)) - Error in executing end point task.
java.util.concurrent.ExecutionException: java.util.concurrent.TimeoutException
	at java.util.concurrent.FutureTask.report(FutureTask.java:122)
	at java.util.concurrent.FutureTask.get(FutureTask.java:192)
	at org.apache.hadoop.ozone.container.common.states.datanode.RunningDatanodeState.computeNextContainerState(RunningDatanodeState.java:191)
	at org.apache.hadoop.ozone.container.common.states.datanode.RunningDatanodeState.await(RunningDatanodeState.java:231)
	at org.apache.hadoop.ozone.container.common.states.datanode.RunningDatanodeState.await(RunningDatanodeState.java:50)
	at org.apache.hadoop.ozone.container.common.statemachine.StateContext.execute(StateContext.java:629)
	at org.apache.hadoop.ozone.container.common.statemachine.DatanodeStateMachine.start(DatanodeStateMachine.java:244)
	at org.apache.hadoop.ozone.container.common.statemachine.DatanodeStateMachine.lambda$startDaemon$0(DatanodeStateMachine.java:427)
	at java.lang.Thread.run(Thread.java:748)
Caused by: java.util.concurrent.TimeoutException
	at java.util.concurrent.FutureTask.get(FutureTask.java:205)
	at org.apache.hadoop.ozone.container.common.states.datanode.RunningDatanodeState.lambda$execute$0(RunningDatanodeState.java:149)
	at java.util.concurrent.FutureTask.run(FutureTask.java:266)
	at java.util.concurrent.Executors$RunnableAdapter.call(Executors.java:511)
	at java.util.concurrent.FutureTask.run(FutureTask.java:266)
	at java.util.concurrent.ThreadPoolExecutor.runWorker(ThreadPoolExecutor.java:1149)
	at java.util.concurrent.ThreadPoolExecutor$Worker.run(ThreadPoolExecutor.java:624)
	... 1 more
2021-06-09 09:33:00,857 [pool-107-thread-1] INFO  server.RaftServerConfigKeys (ConfUtils.java:logGet(44)) - raft.server.rpc.slowness.timeout = 300s (custom)
2021-06-09 09:33:00,857 [pool-107-thread-1] INFO  server.RaftServerConfigKeys (ConfUtils.java:logGet(44)) - raft.server.leaderelection.leader.step-down.wait-time = 10s (default)
2021-06-09 09:33:00,858 [pool-107-thread-1] INFO  server.RaftServerConfigKeys (ConfUtils.java:logGet(44)) - raft.server.sleep.deviation.threshold = 300ms (default)
2021-06-09 09:33:00,858 [pool-107-thread-1] INFO  server.RaftServerConfigKeys (ConfUtils.java:logGet(44)) - raft.server.log.appender.install.snapshot.enabled = false (custom)
2021-06-09 09:33:00,858 [pool-107-thread-1] INFO  server.RaftServer$Division (ServerState.java:<init>(105)) - 3c147370-49f5-478a-bcbe-e6cea6e4d9ae@group-E67A7EEADB27: ConfigurationManager, init=-1: [3c147370-49f5-478a-bcbe-e6cea6e4d9ae|rpc:127.0.0.1:40749|priority:1], old=null, confs=<EMPTY_MAP>
2021-06-09 09:33:00,858 [pool-107-thread-1] INFO  server.RaftServerConfigKeys (ConfUtils.java:logGet(44)) - raft.server.storage.dir = [/home/runner/work/ozone/ozone/mnt/ozone/hadoop-ozone/integration-test/target/test-dir/MiniOzoneClusterImpl-43f0ca0c-372e-4c55-aedd-c9e251b369b0/datanode-1/data/ratis] (custom)
2021-06-09 09:33:00,858 [pool-107-thread-1] INFO  server.RaftServerConfigKeys (ConfUtils.java:logGet(44)) - raft.server.log.corruption.policy = EXCEPTION (default)
2021-06-09 09:33:00,858 [grpc-default-executor-2] INFO  metrics.RatisMetrics (RatisMetrics.java:lambda$create$0(36)) - Creating Metrics Registry : ratis.server_message_metrics.cc259bf8-a2eb-4525-8fb1-f4b47156f121
2021-06-09 09:33:00,858 [pool-107-thread-1] INFO  storage.RaftStorageDirectory (RaftStorageDirectoryImpl.java:analyzeStorage(132)) - The storage directory /home/runner/work/ozone/ozone/mnt/ozone/hadoop-ozone/integration-test/target/test-dir/MiniOzoneClusterImpl-43f0ca0c-372e-4c55-aedd-c9e251b369b0/datanode-1/data/ratis/ac0681c3-a1cb-42d7-aeb6-e67a7eeadb27 does not exist. Creating ...
2021-06-09 09:33:00,860 [pool-107-thread-1] INFO  storage.RaftStorageDirectory (RaftStorageDirectoryImpl.java:tryLock(215)) - Lock on /home/runner/work/ozone/ozone/mnt/ozone/hadoop-ozone/integration-test/target/test-dir/MiniOzoneClusterImpl-43f0ca0c-372e-4c55-aedd-c9e251b369b0/datanode-1/data/ratis/ac0681c3-a1cb-42d7-aeb6-e67a7eeadb27/in_use.lock acquired by nodename 27526@fv-az195-811
2021-06-09 09:33:00,861 [pool-107-thread-1] INFO  storage.RaftStorage (RaftStorageImpl.java:format(87)) - Storage directory /home/runner/work/ozone/ozone/mnt/ozone/hadoop-ozone/integration-test/target/test-dir/MiniOzoneClusterImpl-43f0ca0c-372e-4c55-aedd-c9e251b369b0/datanode-1/data/ratis/ac0681c3-a1cb-42d7-aeb6-e67a7eeadb27 has been successfully formatted.
2021-06-09 09:33:00,861 [pool-107-thread-1] INFO  ratis.ContainerStateMachine (ContainerStateMachine.java:loadSnapshot(224)) - group-E67A7EEADB27: The snapshot info is null. Setting the last applied indexto:(t:0, i:~)
2021-06-09 09:33:00,862 [pool-107-thread-1] INFO  server.RaftServerConfigKeys (ConfUtils.java:logGet(44)) - raft.server.notification.no-leader.timeout = 300s (custom)
2021-06-09 09:33:00,862 [pool-107-thread-1] INFO  server.RaftServerConfigKeys (ConfUtils.java:logGet(44)) - raft.server.log.use.memory = false (default)
2021-06-09 09:33:00,862 [pool-107-thread-1] INFO  server.RaftServerConfigKeys (ConfUtils.java:logGet(44)) - raft.server.log.purge.gap = 1000000 (custom)
2021-06-09 09:33:00,862 [pool-107-thread-1] INFO  server.RaftServerConfigKeys (ConfUtils.java:logGet(44)) - raft.server.log.appender.buffer.byte-limit = 33554432 (custom)
2021-06-09 09:33:00,862 [pool-107-thread-1] INFO  metrics.RatisMetrics (RatisMetrics.java:lambda$create$0(36)) - Creating Metrics Registry : ratis.log_worker.3c147370-49f5-478a-bcbe-e6cea6e4d9ae@group-E67A7EEADB27
2021-06-09 09:33:00,862 [pool-107-thread-1] INFO  server.RaftServerConfigKeys (ConfUtils.java:logGet(44)) - raft.server.log.segment.size.max = 1048576 (custom)
2021-06-09 09:33:00,862 [pool-107-thread-1] INFO  server.RaftServerConfigKeys (ConfUtils.java:logGet(44)) - raft.server.log.segment.cache.num.max = 2 (custom)
2021-06-09 09:33:00,863 [pool-107-thread-1] INFO  server.RaftServerConfigKeys (ConfUtils.java:logGet(44)) - raft.server.log.segment.cache.size.max = 200MB (=209715200) (default)
2021-06-09 09:33:00,863 [pool-107-thread-1] INFO  segmented.SegmentedRaftLogWorker (SegmentedRaftLogWorker.java:<init>(182)) - new 3c147370-49f5-478a-bcbe-e6cea6e4d9ae@group-E67A7EEADB27-SegmentedRaftLogWorker for RaftStorageImpl:Storage Directory /home/runner/work/ozone/ozone/mnt/ozone/hadoop-ozone/integration-test/target/test-dir/MiniOzoneClusterImpl-43f0ca0c-372e-4c55-aedd-c9e251b369b0/datanode-1/data/ratis/ac0681c3-a1cb-42d7-aeb6-e67a7eeadb27
2021-06-09 09:33:00,863 [pool-107-thread-1] INFO  server.RaftServerConfigKeys (ConfUtils.java:logGet(44)) - raft.server.log.queue.byte-limit = 2147483647 (custom)
2021-06-09 09:33:00,863 [pool-107-thread-1] INFO  server.RaftServerConfigKeys (ConfUtils.java:logGet(44)) - raft.server.log.queue.element-limit = 1024 (custom)
2021-06-09 09:33:00,863 [pool-107-thread-1] INFO  server.RaftServerConfigKeys (ConfUtils.java:logGet(44)) - raft.server.log.segment.size.max = 1048576 (custom)
2021-06-09 09:33:00,863 [pool-107-thread-1] INFO  server.RaftServerConfigKeys (ConfUtils.java:logGet(44)) - raft.server.log.preallocated.size = 16384 (custom)
2021-06-09 09:33:00,863 [pool-107-thread-1] INFO  server.RaftServerConfigKeys (ConfUtils.java:logGet(44)) - raft.server.log.force.sync.num = 128 (default)
2021-06-09 09:33:00,863 [pool-107-thread-1] INFO  server.RaftServerConfigKeys (ConfUtils.java:logGet(44)) - raft.server.log.statemachine.data.sync = true (default)
2021-06-09 09:33:00,863 [pool-107-thread-1] INFO  server.RaftServerConfigKeys (ConfUtils.java:logGet(44)) - raft.server.log.statemachine.data.sync.timeout = 10s (default)
2021-06-09 09:33:00,863 [pool-107-thread-1] INFO  server.RaftServerConfigKeys (ConfUtils.java:logGet(44)) - raft.server.log.statemachine.data.sync.timeout.retry = -1 (default)
2021-06-09 09:33:00,863 [grpc-default-executor-2] INFO  server.RaftServer (RaftServerProxy.java:addNew(95)) - cc259bf8-a2eb-4525-8fb1-f4b47156f121: addNew group-5894FE760DEC:[697bcd3f-2547-41de-8cec-7c932316130e|rpc:127.0.0.1:39889|dataStream:|priority:0, 3c147370-49f5-478a-bcbe-e6cea6e4d9ae|rpc:127.0.0.1:40749|dataStream:|priority:0, cc259bf8-a2eb-4525-8fb1-f4b47156f121|rpc:127.0.0.1:43471|dataStream:|priority:1] returns group-5894FE760DEC:java.util.concurrent.CompletableFuture@51eba10c[Not completed]
2021-06-09 09:33:00,870 [EventQueue-PipelineReportForOneReplicaPipelineSafeModeRule] INFO  safemode.SCMSafeModeManager (SCMSafeModeManager.java:validateSafeModeExitRules(201)) - AtleastOneDatanodeReportedRule rule is successfully validated
2021-06-09 09:33:00,871 [EventQueue-PipelineReportForPipelineReportHandler] INFO  pipeline.PipelineManagerV2Impl (PipelineManagerV2Impl.java:openPipeline(270)) - Pipeline Pipeline[ Id: ac0681c3-a1cb-42d7-aeb6-e67a7eeadb27, Nodes: 3c147370-49f5-478a-bcbe-e6cea6e4d9ae{ip: 127.0.0.1, host: localhost, ports: [REPLICATION=38125, RATIS=40749, RATIS_ADMIN=40749, RATIS_SERVER=40749, STANDALONE=35693], networkLocation: /default-rack, certSerialId: null, persistedOpState: IN_SERVICE, persistedOpStateExpiryEpochSec: 0}, ReplicationConfig: RATIS/ONE, State:ALLOCATED, leaderId:3c147370-49f5-478a-bcbe-e6cea6e4d9ae, CreationTimestamp2021-06-09T09:32:57.848Z] moved to OPEN state
2021-06-09 09:33:00,872 [EventQueue-PipelineReportForPipelineReportHandler] INFO  pipeline.PipelineManagerV2Impl (PipelineManagerV2Impl.java:openPipeline(270)) - Pipeline Pipeline[ Id: ac0681c3-a1cb-42d7-aeb6-e67a7eeadb27, Nodes: 3c147370-49f5-478a-bcbe-e6cea6e4d9ae{ip: 127.0.0.1, host: localhost, ports: [REPLICATION=38125, RATIS=40749, RATIS_ADMIN=40749, RATIS_SERVER=40749, STANDALONE=35693], networkLocation: /default-rack, certSerialId: null, persistedOpState: IN_SERVICE, persistedOpStateExpiryEpochSec: 0}, ReplicationConfig: RATIS/ONE, State:ALLOCATED, leaderId:3c147370-49f5-478a-bcbe-e6cea6e4d9ae, CreationTimestamp2021-06-09T09:32:57.848Z] moved to OPEN state
2021-06-09 09:33:00,873 [EventQueue-PipelineReportForOneReplicaPipelineSafeModeRule] INFO  safemode.SCMSafeModeManager (SCMSafeModeManager.java:validateSafeModeExitRules(201)) - AtleastOneDatanodeReportedRule rule is successfully validated
2021-06-09 09:33:00,876 [EventQueue-PipelineReportForPipelineReportHandler] INFO  ha.SCMHAInvocationHandler (SCMHAInvocationHandler.java:invokeRatis(113)) - Invoking method public abstract void org.apache.hadoop.hdds.scm.pipeline.StateManager.updatePipelineState(org.apache.hadoop.hdds.protocol.proto.HddsProtos$PipelineID,org.apache.hadoop.hdds.protocol.proto.HddsProtos$PipelineState) throws java.io.IOException on target org.apache.hadoop.hdds.scm.ha.SCMRatisServerImpl@7356e723, cost 5097.731us
2021-06-09 09:33:00,878 [EventQueue-OpenPipelineForHealthyPipelineSafeModeRule] INFO  safemode.SCMSafeModeManager (HealthyPipelineSafeModeRule.java:process(130)) - SCM in safe mode. Healthy pipelines reported count is 0, required healthy pipeline reported count is 1
2021-06-09 09:33:00,874 [pool-130-thread-1] INFO  server.RaftServer$Division (RaftServerImpl.java:<init>(180)) - cc259bf8-a2eb-4525-8fb1-f4b47156f121: new RaftServerImpl for group-5894FE760DEC:[697bcd3f-2547-41de-8cec-7c932316130e|rpc:127.0.0.1:39889|dataStream:|priority:0, 3c147370-49f5-478a-bcbe-e6cea6e4d9ae|rpc:127.0.0.1:40749|dataStream:|priority:0, cc259bf8-a2eb-4525-8fb1-f4b47156f121|rpc:127.0.0.1:43471|dataStream:|priority:1] with ContainerStateMachine:uninitialized
2021-06-09 09:33:00,874 [pool-107-thread-1] INFO  server.RaftServerConfigKeys (ConfUtils.java:logGet(44)) - raft.server.log.write.buffer.size = 1048576 (custom)
2021-06-09 09:33:00,873 [EventQueue-PipelineReportForPipelineReportHandler] INFO  ha.SCMHAInvocationHandler (SCMHAInvocationHandler.java:invokeRatis(113)) - Invoking method public abstract void org.apache.hadoop.hdds.scm.pipeline.StateManager.updatePipelineState(org.apache.hadoop.hdds.protocol.proto.HddsProtos$PipelineID,org.apache.hadoop.hdds.protocol.proto.HddsProtos$PipelineState) throws java.io.IOException on target org.apache.hadoop.hdds.scm.ha.SCMRatisServerImpl@2399437e, cost 243.601us
2021-06-09 09:33:00,879 [pool-130-thread-1] INFO  server.RaftServerConfigKeys (ConfUtils.java:logGet(44)) - raft.server.rpc.timeout.min = 5s (custom)
2021-06-09 09:33:00,879 [pool-130-thread-1] INFO  server.RaftServerConfigKeys (ConfUtils.java:logGet(44)) - raft.server.rpc.timeout.max = 5200ms (custom)
2021-06-09 09:33:00,879 [EventQueue-PipelineReportForPipelineReportHandler] ERROR pipeline.PipelineReportHandler (PipelineReportHandler.java:onMessage(93)) - Could not process pipeline report=pipelineID {
  id: "ac0681c3-a1cb-42d7-aeb6-e67a7eeadb27"
  uuid128 {
    mostSigBits: -6051006372092624169
    leastSigBits: -5857240851559032025
  }
}
isLeader: false
bytesWritten: 0
 from dn=3c147370-49f5-478a-bcbe-e6cea6e4d9ae{ip: 127.0.0.1, host: localhost, ports: [REPLICATION=38125, RATIS=40749, RATIS_ADMIN=40749, RATIS_SERVER=40749, STANDALONE=35693], networkLocation: /default-rack, certSerialId: null, persistedOpState: null, persistedOpStateExpiryEpochSec: 0}.
org.apache.ratis.protocol.exceptions.NotLeaderException: Server 943a282b-f1b6-4c47-b0d5-ac1d3ae1d1bb@group-C9E251B369B0 is not the leader e0e3eed1-d528-4a83-939c-b34003b9dea6|rpc:localhost:14324|admin:|client:|dataStream:|priority:0
	at org.apache.ratis.server.impl.RaftServerImpl.generateNotLeaderException(RaftServerImpl.java:661)
	at org.apache.ratis.server.impl.RaftServerImpl.checkLeaderState(RaftServerImpl.java:626)
	at org.apache.ratis.server.impl.RaftServerImpl.submitClientRequestAsync(RaftServerImpl.java:754)
	at org.apache.ratis.server.impl.RaftServerProxy.lambda$submitClientRequestAsync$9(RaftServerProxy.java:417)
	at org.apache.ratis.server.impl.RaftServerProxy.lambda$null$7(RaftServerProxy.java:412)
	at org.apache.ratis.util.JavaUtils.callAsUnchecked(JavaUtils.java:115)
	at org.apache.ratis.server.impl.RaftServerProxy.lambda$submitRequest$8(RaftServerProxy.java:412)
	at java.util.concurrent.CompletableFuture.uniComposeStage(CompletableFuture.java:995)
	at java.util.concurrent.CompletableFuture.thenCompose(CompletableFuture.java:2137)
	at org.apache.ratis.server.impl.RaftServerProxy.submitRequest(RaftServerProxy.java:411)
	at org.apache.ratis.server.impl.RaftServerProxy.submitClientRequestAsync(RaftServerProxy.java:417)
	at org.apache.hadoop.hdds.scm.ha.SCMRatisServerImpl.submitRequest(SCMRatisServerImpl.java:214)
	at org.apache.hadoop.hdds.scm.ha.SCMHAInvocationHandler.invokeRatis(SCMHAInvocationHandler.java:110)
	at org.apache.hadoop.hdds.scm.ha.SCMHAInvocationHandler.invoke(SCMHAInvocationHandler.java:67)
	at com.sun.proxy.$Proxy22.updatePipelineState(Unknown Source)
	at org.apache.hadoop.hdds.scm.pipeline.PipelineManagerV2Impl.openPipeline(PipelineManagerV2Impl.java:271)
	at org.apache.hadoop.hdds.scm.pipeline.PipelineReportHandler.processPipelineReport(PipelineReportHandler.java:124)
	at org.apache.hadoop.hdds.scm.pipeline.PipelineReportHandler.onMessage(PipelineReportHandler.java:91)
	at org.apache.hadoop.hdds.scm.pipeline.PipelineReportHandler.onMessage(PipelineReportHandler.java:50)
	at org.apache.hadoop.hdds.server.events.SingleThreadExecutor.lambda$onMessage$1(SingleThreadExecutor.java:81)
	at java.util.concurrent.ThreadPoolExecutor.runWorker(ThreadPoolExecutor.java:1149)
	at java.util.concurrent.ThreadPoolExecutor$Worker.run(ThreadPoolExecutor.java:624)
	at java.lang.Thread.run(Thread.java:748)
2021-06-09 09:33:00,879 [pool-130-thread-1] INFO  server.RaftServerConfigKeys (ConfUtils.java:logGet(44)) - raft.server.rpc.sleep.time = 25ms (default)
2021-06-09 09:33:00,879 [pool-130-thread-1] INFO  server.RaftServerConfigKeys (ConfUtils.java:logGet(44)) - raft.server.rpc.slowness.timeout = 300s (custom)
2021-06-09 09:33:00,880 [pool-130-thread-1] INFO  server.RaftServerConfigKeys (ConfUtils.java:logGet(44)) - raft.server.leaderelection.leader.step-down.wait-time = 10s (default)
2021-06-09 09:33:00,880 [pool-130-thread-1] INFO  server.RaftServerConfigKeys (ConfUtils.java:logGet(44)) - raft.server.sleep.deviation.threshold = 300ms (default)
2021-06-09 09:33:00,880 [pool-130-thread-1] INFO  server.RaftServerConfigKeys (ConfUtils.java:logGet(44)) - raft.server.log.appender.install.snapshot.enabled = false (custom)
2021-06-09 09:33:00,880 [pool-130-thread-1] INFO  server.RaftServer$Division (ServerState.java:<init>(105)) - cc259bf8-a2eb-4525-8fb1-f4b47156f121@group-5894FE760DEC: ConfigurationManager, init=-1: [697bcd3f-2547-41de-8cec-7c932316130e|rpc:127.0.0.1:39889|dataStream:|priority:0, 3c147370-49f5-478a-bcbe-e6cea6e4d9ae|rpc:127.0.0.1:40749|dataStream:|priority:0, cc259bf8-a2eb-4525-8fb1-f4b47156f121|rpc:127.0.0.1:43471|dataStream:|priority:1], old=null, confs=<EMPTY_MAP>
2021-06-09 09:33:00,880 [pool-130-thread-1] INFO  server.RaftServerConfigKeys (ConfUtils.java:logGet(44)) - raft.server.storage.dir = [/home/runner/work/ozone/ozone/mnt/ozone/hadoop-ozone/integration-test/target/test-dir/MiniOzoneClusterImpl-43f0ca0c-372e-4c55-aedd-c9e251b369b0/datanode-2/data/ratis] (custom)
2021-06-09 09:33:00,880 [pool-130-thread-1] INFO  server.RaftServerConfigKeys (ConfUtils.java:logGet(44)) - raft.server.log.corruption.policy = EXCEPTION (default)
2021-06-09 09:33:00,880 [pool-130-thread-1] INFO  storage.RaftStorageDirectory (RaftStorageDirectoryImpl.java:analyzeStorage(132)) - The storage directory /home/runner/work/ozone/ozone/mnt/ozone/hadoop-ozone/integration-test/target/test-dir/MiniOzoneClusterImpl-43f0ca0c-372e-4c55-aedd-c9e251b369b0/datanode-2/data/ratis/01afcea1-9cbf-4cb9-976c-5894fe760dec does not exist. Creating ...
2021-06-09 09:33:00,881 [pool-107-thread-1] INFO  server.RaftServerConfigKeys (ConfUtils.java:logGet(44)) - raft.server.log.statemachine.data.caching.enabled = true (custom)
2021-06-09 09:33:00,881 [pool-130-thread-1] INFO  storage.RaftStorageDirectory (RaftStorageDirectoryImpl.java:tryLock(215)) - Lock on /home/runner/work/ozone/ozone/mnt/ozone/hadoop-ozone/integration-test/target/test-dir/MiniOzoneClusterImpl-43f0ca0c-372e-4c55-aedd-c9e251b369b0/datanode-2/data/ratis/01afcea1-9cbf-4cb9-976c-5894fe760dec/in_use.lock acquired by nodename 27526@fv-az195-811
2021-06-09 09:33:00,882 [pool-107-thread-1] INFO  segmented.SegmentedRaftLogWorker (SegmentedRaftLogWorker.java:lambda$new$0(133)) - 3c147370-49f5-478a-bcbe-e6cea6e4d9ae@group-E67A7EEADB27-SegmentedRaftLogWorker: flushIndex: setUnconditionally 0 -> -1
2021-06-09 09:33:00,882 [pool-107-thread-1] INFO  segmented.SegmentedRaftLogWorker (SegmentedRaftLogWorker.java:lambda$new$0(133)) - 3c147370-49f5-478a-bcbe-e6cea6e4d9ae@group-E67A7EEADB27-SegmentedRaftLogWorker: safeCacheEvictIndex: setUnconditionally 0 -> -1
2021-06-09 09:33:00,882 [pool-107-thread-1] INFO  server.RaftServerConfigKeys (ConfUtils.java:logGet(44)) - raft.server.snapshot.auto.trigger.enabled = true (custom)
2021-06-09 09:33:00,882 [pool-130-thread-1] INFO  storage.RaftStorage (RaftStorageImpl.java:format(87)) - Storage directory /home/runner/work/ozone/ozone/mnt/ozone/hadoop-ozone/integration-test/target/test-dir/MiniOzoneClusterImpl-43f0ca0c-372e-4c55-aedd-c9e251b369b0/datanode-2/data/ratis/01afcea1-9cbf-4cb9-976c-5894fe760dec has been successfully formatted.
2021-06-09 09:33:00,882 [pool-107-thread-1] INFO  server.RaftServerConfigKeys (ConfUtils.java:logGet(44)) - raft.server.snapshot.auto.trigger.threshold = 10000 (custom)
2021-06-09 09:33:00,882 [pool-107-thread-1] INFO  server.RaftServerConfigKeys (ConfUtils.java:logGet(44)) - raft.server.snapshot.retention.file.num = 5 (custom)
2021-06-09 09:33:00,882 [pool-107-thread-1] INFO  server.RaftServerConfigKeys (ConfUtils.java:logGet(44)) - raft.server.log.purge.upto.snapshot.index = false (default)
2021-06-09 09:33:00,882 [pool-130-thread-1] INFO  ratis.ContainerStateMachine (ContainerStateMachine.java:loadSnapshot(224)) - group-5894FE760DEC: The snapshot info is null. Setting the last applied indexto:(t:0, i:~)
2021-06-09 09:33:00,883 [pool-130-thread-1] INFO  server.RaftServerConfigKeys (ConfUtils.java:logGet(44)) - raft.server.notification.no-leader.timeout = 300s (custom)
2021-06-09 09:33:00,883 [pool-130-thread-1] INFO  server.RaftServerConfigKeys (ConfUtils.java:logGet(44)) - raft.server.log.use.memory = false (default)
2021-06-09 09:33:00,883 [pool-130-thread-1] INFO  server.RaftServerConfigKeys (ConfUtils.java:logGet(44)) - raft.server.log.purge.gap = 1000000 (custom)
2021-06-09 09:33:00,883 [pool-130-thread-1] INFO  server.RaftServerConfigKeys (ConfUtils.java:logGet(44)) - raft.server.log.appender.buffer.byte-limit = 33554432 (custom)
2021-06-09 09:33:00,883 [pool-130-thread-1] INFO  metrics.RatisMetrics (RatisMetrics.java:lambda$create$0(36)) - Creating Metrics Registry : ratis.log_worker.cc259bf8-a2eb-4525-8fb1-f4b47156f121@group-5894FE760DEC
2021-06-09 09:33:00,883 [pool-130-thread-1] INFO  server.RaftServerConfigKeys (ConfUtils.java:logGet(44)) - raft.server.log.segment.size.max = 1048576 (custom)
2021-06-09 09:33:00,884 [EventQueue-PipelineReportForOneReplicaPipelineSafeModeRule] INFO  safemode.SCMSafeModeManager (SCMSafeModeManager.java:validateSafeModeExitRules(201)) - AtleastOneDatanodeReportedRule rule is successfully validated
2021-06-09 09:33:00,884 [EventQueue-PipelineReportForOneReplicaPipelineSafeModeRule] INFO  safemode.SCMSafeModeManager (SCMSafeModeManager.java:validateSafeModeExitRules(201)) - AtleastOneDatanodeReportedRule rule is successfully validated
2021-06-09 09:33:00,884 [pool-130-thread-1] INFO  server.RaftServerConfigKeys (ConfUtils.java:logGet(44)) - raft.server.log.segment.cache.num.max = 2 (custom)
2021-06-09 09:33:00,884 [pool-130-thread-1] INFO  server.RaftServerConfigKeys (ConfUtils.java:logGet(44)) - raft.server.log.segment.cache.size.max = 200MB (=209715200) (default)
2021-06-09 09:33:00,884 [pool-130-thread-1] INFO  segmented.SegmentedRaftLogWorker (SegmentedRaftLogWorker.java:<init>(182)) - new cc259bf8-a2eb-4525-8fb1-f4b47156f121@group-5894FE760DEC-SegmentedRaftLogWorker for RaftStorageImpl:Storage Directory /home/runner/work/ozone/ozone/mnt/ozone/hadoop-ozone/integration-test/target/test-dir/MiniOzoneClusterImpl-43f0ca0c-372e-4c55-aedd-c9e251b369b0/datanode-2/data/ratis/01afcea1-9cbf-4cb9-976c-5894fe760dec
2021-06-09 09:33:00,884 [pool-130-thread-1] INFO  server.RaftServerConfigKeys (ConfUtils.java:logGet(44)) - raft.server.log.queue.byte-limit = 2147483647 (custom)
2021-06-09 09:33:00,884 [pool-130-thread-1] INFO  server.RaftServerConfigKeys (ConfUtils.java:logGet(44)) - raft.server.log.queue.element-limit = 1024 (custom)
2021-06-09 09:33:00,884 [pool-130-thread-1] INFO  server.RaftServerConfigKeys (ConfUtils.java:logGet(44)) - raft.server.log.segment.size.max = 1048576 (custom)
2021-06-09 09:33:00,882 [pool-107-thread-1] INFO  server.RaftServerConfigKeys (ConfUtils.java:logGet(44)) - raft.server.retrycache.expirytime = 600000ms (custom)
2021-06-09 09:33:00,884 [pool-130-thread-1] INFO  server.RaftServerConfigKeys (ConfUtils.java:logGet(44)) - raft.server.log.preallocated.size = 16384 (custom)
2021-06-09 09:33:00,884 [pool-107-thread-1] INFO  server.RaftServerConfigKeys (ConfUtils.java:logGet(44)) - raft.server.retrycache.statistics.expirytime = 100μs (default)
2021-06-09 09:33:00,884 [pool-130-thread-1] INFO  server.RaftServerConfigKeys (ConfUtils.java:logGet(44)) - raft.server.log.force.sync.num = 128 (default)
2021-06-09 09:33:00,885 [pool-107-thread-1] INFO  metrics.RatisMetrics (RatisMetrics.java:lambda$create$0(36)) - Creating Metrics Registry : ratis.leader_election.3c147370-49f5-478a-bcbe-e6cea6e4d9ae@group-E67A7EEADB27
2021-06-09 09:33:00,885 [pool-130-thread-1] INFO  server.RaftServerConfigKeys (ConfUtils.java:logGet(44)) - raft.server.log.statemachine.data.sync = true (default)
2021-06-09 09:33:00,885 [pool-130-thread-1] INFO  server.RaftServerConfigKeys (ConfUtils.java:logGet(44)) - raft.server.log.statemachine.data.sync.timeout = 10s (default)
2021-06-09 09:33:00,885 [pool-130-thread-1] INFO  server.RaftServerConfigKeys (ConfUtils.java:logGet(44)) - raft.server.log.statemachine.data.sync.timeout.retry = -1 (default)
2021-06-09 09:33:00,885 [pool-107-thread-1] INFO  metrics.RatisMetrics (RatisMetrics.java:lambda$create$0(36)) - Creating Metrics Registry : ratis.server.3c147370-49f5-478a-bcbe-e6cea6e4d9ae@group-E67A7EEADB27
2021-06-09 09:33:00,886 [pool-107-thread-1] INFO  server.RaftServer$Division (RaftServerImpl.java:start(295)) - 3c147370-49f5-478a-bcbe-e6cea6e4d9ae@group-E67A7EEADB27: start as a follower, conf=-1: [3c147370-49f5-478a-bcbe-e6cea6e4d9ae|rpc:127.0.0.1:40749|priority:1], old=null
2021-06-09 09:33:00,886 [pool-107-thread-1] INFO  server.RaftServer$Division (RaftServerImpl.java:setRole(284)) - 3c147370-49f5-478a-bcbe-e6cea6e4d9ae@group-E67A7EEADB27: changes role from      null to FOLLOWER at term 0 for startAsFollower
2021-06-09 09:33:00,886 [pool-107-thread-1] INFO  impl.RoleInfo (RoleInfo.java:updateAndGet(130)) - 3c147370-49f5-478a-bcbe-e6cea6e4d9ae: start 3c147370-49f5-478a-bcbe-e6cea6e4d9ae@group-E67A7EEADB27-FollowerState
2021-06-09 09:33:00,887 [pool-130-thread-1] INFO  server.RaftServerConfigKeys (ConfUtils.java:logGet(44)) - raft.server.log.write.buffer.size = 1048576 (custom)
2021-06-09 09:33:00,888 [pool-130-thread-1] INFO  server.RaftServerConfigKeys (ConfUtils.java:logGet(44)) - raft.server.log.statemachine.data.caching.enabled = true (custom)
2021-06-09 09:33:00,888 [pool-130-thread-1] INFO  segmented.SegmentedRaftLogWorker (SegmentedRaftLogWorker.java:lambda$new$0(133)) - cc259bf8-a2eb-4525-8fb1-f4b47156f121@group-5894FE760DEC-SegmentedRaftLogWorker: flushIndex: setUnconditionally 0 -> -1
2021-06-09 09:33:00,888 [pool-130-thread-1] INFO  segmented.SegmentedRaftLogWorker (SegmentedRaftLogWorker.java:lambda$new$0(133)) - cc259bf8-a2eb-4525-8fb1-f4b47156f121@group-5894FE760DEC-SegmentedRaftLogWorker: safeCacheEvictIndex: setUnconditionally 0 -> -1
2021-06-09 09:33:00,889 [e0e3eed1-d528-4a83-939c-b34003b9dea6@group-C9E251B369B0-StateMachineUpdater] INFO  ha.SCMStateMachine (SCMStateMachine.java:takeSnapshot(282)) - Current Snapshot Index 20, takeSnapshot took 0 ms
2021-06-09 09:33:00,889 [e0e3eed1-d528-4a83-939c-b34003b9dea6@group-C9E251B369B0-StateMachineUpdater] INFO  impl.StateMachineUpdater (StateMachineUpdater.java:takeSnapshot(281)) - e0e3eed1-d528-4a83-939c-b34003b9dea6@group-C9E251B369B0-StateMachineUpdater: Took a snapshot at index 20
2021-06-09 09:33:00,889 [e0e3eed1-d528-4a83-939c-b34003b9dea6@group-C9E251B369B0-StateMachineUpdater] INFO  impl.StateMachineUpdater (StateMachineUpdater.java:lambda$new$0(89)) - e0e3eed1-d528-4a83-939c-b34003b9dea6@group-C9E251B369B0-StateMachineUpdater: snapshotIndex: updateIncreasingly 15 -> 20
2021-06-09 09:33:00,889 [e0e3eed1-d528-4a83-939c-b34003b9dea6@group-C9E251B369B0-StateMachineUpdater] INFO  raftlog.RaftLog (RaftLogBase.java:purge(306)) - e0e3eed1-d528-4a83-939c-b34003b9dea6@group-C9E251B369B0-SegmentedRaftLog: purge 20
2021-06-09 09:33:00,889 [e0e3eed1-d528-4a83-939c-b34003b9dea6@group-C9E251B369B0-StateMachineUpdater] INFO  raftlog.RaftLog (RaftLogBase.java:lambda$new$0(53)) - e0e3eed1-d528-4a83-939c-b34003b9dea6@group-C9E251B369B0-SegmentedRaftLog: snapshotIndex: updateIncreasingly 15 -> 20
2021-06-09 09:33:00,889 [e0e3eed1-d528-4a83-939c-b34003b9dea6@group-C9E251B369B0-StateMachineUpdater] INFO  raftlog.RaftLog (RaftLogBase.java:lambda$new$0(53)) - e0e3eed1-d528-4a83-939c-b34003b9dea6@group-C9E251B369B0-SegmentedRaftLog: purgeIndex: updateToMax old=15, new=20, updated? true
2021-06-09 09:33:00,891 [pool-107-thread-1] INFO  util.JmxRegister (JmxRegister.java:tryRegister(44)) - Successfully registered JMX Bean with object name Ratis:service=RaftServer,group=group-E67A7EEADB27,id=3c147370-49f5-478a-bcbe-e6cea6e4d9ae
2021-06-09 09:33:00,891 [pool-107-thread-1] INFO  metrics.RatisMetrics (RatisMetrics.java:lambda$create$0(36)) - Creating Metrics Registry : ratis.state_machine.3c147370-49f5-478a-bcbe-e6cea6e4d9ae@group-E67A7EEADB27
2021-06-09 09:33:00,894 [pool-130-thread-1] INFO  server.RaftServerConfigKeys (ConfUtils.java:logGet(44)) - raft.server.snapshot.auto.trigger.enabled = true (custom)
2021-06-09 09:33:00,894 [Command processor thread] INFO  ratis.XceiverServerRatis (XceiverServerRatis.java:addGroup(808)) - Created group PipelineID=ac0681c3-a1cb-42d7-aeb6-e67a7eeadb27
2021-06-09 09:33:00,894 [Command processor thread] INFO  commandhandler.CreatePipelineCommandHandler (CreatePipelineCommandHandler.java:handle(106)) - Created Pipeline RATIS ONE PipelineID=ac0681c3-a1cb-42d7-aeb6-e67a7eeadb27.
2021-06-09 09:33:00,895 [pool-130-thread-1] INFO  server.RaftServerConfigKeys (ConfUtils.java:logGet(44)) - raft.server.snapshot.auto.trigger.threshold = 10000 (custom)
2021-06-09 09:33:00,895 [pool-130-thread-1] INFO  server.RaftServerConfigKeys (ConfUtils.java:logGet(44)) - raft.server.snapshot.retention.file.num = 5 (custom)
2021-06-09 09:33:00,895 [pool-130-thread-1] INFO  server.RaftServerConfigKeys (ConfUtils.java:logGet(44)) - raft.server.log.purge.upto.snapshot.index = false (default)
2021-06-09 09:33:00,897 [pool-107-thread-1] INFO  server.RaftServer$Division (RaftServerImpl.java:<init>(180)) - 3c147370-49f5-478a-bcbe-e6cea6e4d9ae: new RaftServerImpl for group-5894FE760DEC:[697bcd3f-2547-41de-8cec-7c932316130e|rpc:127.0.0.1:39889|priority:0, 3c147370-49f5-478a-bcbe-e6cea6e4d9ae|rpc:127.0.0.1:40749|priority:0, cc259bf8-a2eb-4525-8fb1-f4b47156f121|rpc:127.0.0.1:43471|priority:1] with ContainerStateMachine:uninitialized
2021-06-09 09:33:00,895 [Command processor thread] INFO  server.RaftServer (RaftServerProxy.java:addNew(95)) - 3c147370-49f5-478a-bcbe-e6cea6e4d9ae: addNew group-5894FE760DEC:[697bcd3f-2547-41de-8cec-7c932316130e|rpc:127.0.0.1:39889|priority:0, 3c147370-49f5-478a-bcbe-e6cea6e4d9ae|rpc:127.0.0.1:40749|priority:0, cc259bf8-a2eb-4525-8fb1-f4b47156f121|rpc:127.0.0.1:43471|priority:1] returns group-5894FE760DEC:java.util.concurrent.CompletableFuture@1e84b080[Not completed]
2021-06-09 09:33:00,897 [pool-107-thread-1] INFO  server.RaftServerConfigKeys (ConfUtils.java:logGet(44)) - raft.server.rpc.timeout.min = 5s (custom)
2021-06-09 09:33:00,897 [pool-107-thread-1] INFO  server.RaftServerConfigKeys (ConfUtils.java:logGet(44)) - raft.server.rpc.timeout.max = 5200ms (custom)
2021-06-09 09:33:00,897 [pool-107-thread-1] INFO  server.RaftServerConfigKeys (ConfUtils.java:logGet(44)) - raft.server.rpc.sleep.time = 25ms (default)
2021-06-09 09:33:00,897 [pool-107-thread-1] INFO  server.RaftServerConfigKeys (ConfUtils.java:logGet(44)) - raft.server.rpc.slowness.timeout = 300s (custom)
2021-06-09 09:33:00,897 [pool-107-thread-1] INFO  server.RaftServerConfigKeys (ConfUtils.java:logGet(44)) - raft.server.leaderelection.leader.step-down.wait-time = 10s (default)
2021-06-09 09:33:00,897 [pool-107-thread-1] INFO  server.RaftServerConfigKeys (ConfUtils.java:logGet(44)) - raft.server.sleep.deviation.threshold = 300ms (default)
2021-06-09 09:33:00,897 [pool-107-thread-1] INFO  server.RaftServerConfigKeys (ConfUtils.java:logGet(44)) - raft.server.log.appender.install.snapshot.enabled = false (custom)
2021-06-09 09:33:00,897 [pool-107-thread-1] INFO  server.RaftServer$Division (ServerState.java:<init>(105)) - 3c147370-49f5-478a-bcbe-e6cea6e4d9ae@group-5894FE760DEC: ConfigurationManager, init=-1: [697bcd3f-2547-41de-8cec-7c932316130e|rpc:127.0.0.1:39889|priority:0, 3c147370-49f5-478a-bcbe-e6cea6e4d9ae|rpc:127.0.0.1:40749|priority:0, cc259bf8-a2eb-4525-8fb1-f4b47156f121|rpc:127.0.0.1:43471|priority:1], old=null, confs=<EMPTY_MAP>
2021-06-09 09:33:00,897 [pool-107-thread-1] INFO  server.RaftServerConfigKeys (ConfUtils.java:logGet(44)) - raft.server.storage.dir = [/home/runner/work/ozone/ozone/mnt/ozone/hadoop-ozone/integration-test/target/test-dir/MiniOzoneClusterImpl-43f0ca0c-372e-4c55-aedd-c9e251b369b0/datanode-1/data/ratis] (custom)
2021-06-09 09:33:00,897 [pool-107-thread-1] INFO  server.RaftServerConfigKeys (ConfUtils.java:logGet(44)) - raft.server.log.corruption.policy = EXCEPTION (default)
2021-06-09 09:33:00,898 [pool-107-thread-1] INFO  storage.RaftStorageDirectory (RaftStorageDirectoryImpl.java:analyzeStorage(132)) - The storage directory /home/runner/work/ozone/ozone/mnt/ozone/hadoop-ozone/integration-test/target/test-dir/MiniOzoneClusterImpl-43f0ca0c-372e-4c55-aedd-c9e251b369b0/datanode-1/data/ratis/01afcea1-9cbf-4cb9-976c-5894fe760dec does not exist. Creating ...
2021-06-09 09:33:00,898 [pool-130-thread-1] INFO  server.RaftServerConfigKeys (ConfUtils.java:logGet(44)) - raft.server.retrycache.expirytime = 600000ms (custom)
2021-06-09 09:33:00,898 [pool-130-thread-1] INFO  server.RaftServerConfigKeys (ConfUtils.java:logGet(44)) - raft.server.retrycache.statistics.expirytime = 100μs (default)
2021-06-09 09:33:00,898 [pool-130-thread-1] INFO  metrics.RatisMetrics (RatisMetrics.java:lambda$create$0(36)) - Creating Metrics Registry : ratis.leader_election.cc259bf8-a2eb-4525-8fb1-f4b47156f121@group-5894FE760DEC
2021-06-09 09:33:00,898 [pool-107-thread-1] INFO  storage.RaftStorageDirectory (RaftStorageDirectoryImpl.java:tryLock(215)) - Lock on /home/runner/work/ozone/ozone/mnt/ozone/hadoop-ozone/integration-test/target/test-dir/MiniOzoneClusterImpl-43f0ca0c-372e-4c55-aedd-c9e251b369b0/datanode-1/data/ratis/01afcea1-9cbf-4cb9-976c-5894fe760dec/in_use.lock acquired by nodename 27526@fv-az195-811
2021-06-09 09:33:00,899 [pool-107-thread-1] INFO  storage.RaftStorage (RaftStorageImpl.java:format(87)) - Storage directory /home/runner/work/ozone/ozone/mnt/ozone/hadoop-ozone/integration-test/target/test-dir/MiniOzoneClusterImpl-43f0ca0c-372e-4c55-aedd-c9e251b369b0/datanode-1/data/ratis/01afcea1-9cbf-4cb9-976c-5894fe760dec has been successfully formatted.
2021-06-09 09:33:00,901 [EventQueue-PipelineReportForOneReplicaPipelineSafeModeRule] INFO  safemode.SCMSafeModeManager (SCMSafeModeManager.java:validateSafeModeExitRules(201)) - AtleastOneDatanodeReportedRule rule is successfully validated
2021-06-09 09:33:00,901 [EventQueue-PipelineReportForOneReplicaPipelineSafeModeRule] INFO  safemode.SCMSafeModeManager (SCMSafeModeManager.java:validateSafeModeExitRules(201)) - AtleastOneDatanodeReportedRule rule is successfully validated
2021-06-09 09:33:00,901 [EventQueue-OpenPipelineForHealthyPipelineSafeModeRule] INFO  safemode.SCMSafeModeManager (HealthyPipelineSafeModeRule.java:process(130)) - SCM in safe mode. Healthy pipelines reported count is 0, required healthy pipeline reported count is 1
2021-06-09 09:33:00,902 [pool-107-thread-1] INFO  ratis.ContainerStateMachine (ContainerStateMachine.java:loadSnapshot(224)) - group-5894FE760DEC: The snapshot info is null. Setting the last applied indexto:(t:0, i:~)
2021-06-09 09:33:00,902 [pool-107-thread-1] INFO  server.RaftServerConfigKeys (ConfUtils.java:logGet(44)) - raft.server.notification.no-leader.timeout = 300s (custom)
2021-06-09 09:33:00,902 [pool-107-thread-1] INFO  server.RaftServerConfigKeys (ConfUtils.java:logGet(44)) - raft.server.log.use.memory = false (default)
2021-06-09 09:33:00,907 [pool-107-thread-1] INFO  server.RaftServerConfigKeys (ConfUtils.java:logGet(44)) - raft.server.log.purge.gap = 1000000 (custom)
2021-06-09 09:33:00,907 [pool-107-thread-1] INFO  server.RaftServerConfigKeys (ConfUtils.java:logGet(44)) - raft.server.log.appender.buffer.byte-limit = 33554432 (custom)
2021-06-09 09:33:00,908 [pool-130-thread-1] INFO  metrics.RatisMetrics (RatisMetrics.java:lambda$create$0(36)) - Creating Metrics Registry : ratis.server.cc259bf8-a2eb-4525-8fb1-f4b47156f121@group-5894FE760DEC
2021-06-09 09:33:00,908 [EventQueue-OpenPipelineForHealthyPipelineSafeModeRule] INFO  safemode.SCMSafeModeManager (HealthyPipelineSafeModeRule.java:process(130)) - SCM in safe mode. Healthy pipelines reported count is 0, required healthy pipeline reported count is 1
2021-06-09 09:33:00,908 [pool-107-thread-1] INFO  metrics.RatisMetrics (RatisMetrics.java:lambda$create$0(36)) - Creating Metrics Registry : ratis.log_worker.3c147370-49f5-478a-bcbe-e6cea6e4d9ae@group-5894FE760DEC
2021-06-09 09:33:00,911 [pool-107-thread-1] INFO  server.RaftServerConfigKeys (ConfUtils.java:logGet(44)) - raft.server.log.segment.size.max = 1048576 (custom)
2021-06-09 09:33:00,912 [pool-107-thread-1] INFO  server.RaftServerConfigKeys (ConfUtils.java:logGet(44)) - raft.server.log.segment.cache.num.max = 2 (custom)
2021-06-09 09:33:00,912 [pool-107-thread-1] INFO  server.RaftServerConfigKeys (ConfUtils.java:logGet(44)) - raft.server.log.segment.cache.size.max = 200MB (=209715200) (default)
2021-06-09 09:33:00,912 [pool-107-thread-1] INFO  segmented.SegmentedRaftLogWorker (SegmentedRaftLogWorker.java:<init>(182)) - new 3c147370-49f5-478a-bcbe-e6cea6e4d9ae@group-5894FE760DEC-SegmentedRaftLogWorker for RaftStorageImpl:Storage Directory /home/runner/work/ozone/ozone/mnt/ozone/hadoop-ozone/integration-test/target/test-dir/MiniOzoneClusterImpl-43f0ca0c-372e-4c55-aedd-c9e251b369b0/datanode-1/data/ratis/01afcea1-9cbf-4cb9-976c-5894fe760dec
2021-06-09 09:33:00,912 [pool-107-thread-1] INFO  server.RaftServerConfigKeys (ConfUtils.java:logGet(44)) - raft.server.log.queue.byte-limit = 2147483647 (custom)
2021-06-09 09:33:00,912 [pool-107-thread-1] INFO  server.RaftServerConfigKeys (ConfUtils.java:logGet(44)) - raft.server.log.queue.element-limit = 1024 (custom)
2021-06-09 09:33:00,912 [pool-107-thread-1] INFO  server.RaftServerConfigKeys (ConfUtils.java:logGet(44)) - raft.server.log.segment.size.max = 1048576 (custom)
2021-06-09 09:33:00,912 [pool-107-thread-1] INFO  server.RaftServerConfigKeys (ConfUtils.java:logGet(44)) - raft.server.log.preallocated.size = 16384 (custom)
2021-06-09 09:33:00,912 [pool-107-thread-1] INFO  server.RaftServerConfigKeys (ConfUtils.java:logGet(44)) - raft.server.log.force.sync.num = 128 (default)
2021-06-09 09:33:00,912 [pool-107-thread-1] INFO  server.RaftServerConfigKeys (ConfUtils.java:logGet(44)) - raft.server.log.statemachine.data.sync = true (default)
2021-06-09 09:33:00,912 [pool-107-thread-1] INFO  server.RaftServerConfigKeys (ConfUtils.java:logGet(44)) - raft.server.log.statemachine.data.sync.timeout = 10s (default)
2021-06-09 09:33:00,912 [pool-107-thread-1] INFO  server.RaftServerConfigKeys (ConfUtils.java:logGet(44)) - raft.server.log.statemachine.data.sync.timeout.retry = -1 (default)
2021-06-09 09:33:00,913 [pool-107-thread-1] INFO  server.RaftServerConfigKeys (ConfUtils.java:logGet(44)) - raft.server.log.write.buffer.size = 1048576 (custom)
2021-06-09 09:33:00,914 [pool-107-thread-1] INFO  server.RaftServerConfigKeys (ConfUtils.java:logGet(44)) - raft.server.log.statemachine.data.caching.enabled = true (custom)
2021-06-09 09:33:00,914 [pool-107-thread-1] INFO  segmented.SegmentedRaftLogWorker (SegmentedRaftLogWorker.java:lambda$new$0(133)) - 3c147370-49f5-478a-bcbe-e6cea6e4d9ae@group-5894FE760DEC-SegmentedRaftLogWorker: flushIndex: setUnconditionally 0 -> -1
2021-06-09 09:33:00,914 [pool-107-thread-1] INFO  segmented.SegmentedRaftLogWorker (SegmentedRaftLogWorker.java:lambda$new$0(133)) - 3c147370-49f5-478a-bcbe-e6cea6e4d9ae@group-5894FE760DEC-SegmentedRaftLogWorker: safeCacheEvictIndex: setUnconditionally 0 -> -1
2021-06-09 09:33:00,915 [pool-130-thread-1] INFO  server.RaftServer$Division (RaftServerImpl.java:start(295)) - cc259bf8-a2eb-4525-8fb1-f4b47156f121@group-5894FE760DEC: start as a follower, conf=-1: [697bcd3f-2547-41de-8cec-7c932316130e|rpc:127.0.0.1:39889|dataStream:|priority:0, 3c147370-49f5-478a-bcbe-e6cea6e4d9ae|rpc:127.0.0.1:40749|dataStream:|priority:0, cc259bf8-a2eb-4525-8fb1-f4b47156f121|rpc:127.0.0.1:43471|dataStream:|priority:1], old=null
2021-06-09 09:33:00,915 [pool-130-thread-1] INFO  server.RaftServer$Division (RaftServerImpl.java:setRole(284)) - cc259bf8-a2eb-4525-8fb1-f4b47156f121@group-5894FE760DEC: changes role from      null to FOLLOWER at term 0 for startAsFollower
2021-06-09 09:33:00,917 [pool-130-thread-1] INFO  impl.RoleInfo (RoleInfo.java:updateAndGet(130)) - cc259bf8-a2eb-4525-8fb1-f4b47156f121: start cc259bf8-a2eb-4525-8fb1-f4b47156f121@group-5894FE760DEC-FollowerState
2021-06-09 09:33:00,917 [pool-107-thread-1] INFO  server.RaftServerConfigKeys (ConfUtils.java:logGet(44)) - raft.server.snapshot.auto.trigger.enabled = true (custom)
2021-06-09 09:33:00,917 [pool-107-thread-1] INFO  server.RaftServerConfigKeys (ConfUtils.java:logGet(44)) - raft.server.snapshot.auto.trigger.threshold = 10000 (custom)
2021-06-09 09:33:00,917 [pool-107-thread-1] INFO  server.RaftServerConfigKeys (ConfUtils.java:logGet(44)) - raft.server.snapshot.retention.file.num = 5 (custom)
2021-06-09 09:33:00,917 [pool-107-thread-1] INFO  server.RaftServerConfigKeys (ConfUtils.java:logGet(44)) - raft.server.log.purge.upto.snapshot.index = false (default)
2021-06-09 09:33:00,917 [pool-107-thread-1] INFO  server.RaftServerConfigKeys (ConfUtils.java:logGet(44)) - raft.server.retrycache.expirytime = 600000ms (custom)
2021-06-09 09:33:00,917 [pool-107-thread-1] INFO  server.RaftServerConfigKeys (ConfUtils.java:logGet(44)) - raft.server.retrycache.statistics.expirytime = 100μs (default)
2021-06-09 09:33:00,917 [pool-107-thread-1] INFO  metrics.RatisMetrics (RatisMetrics.java:lambda$create$0(36)) - Creating Metrics Registry : ratis.leader_election.3c147370-49f5-478a-bcbe-e6cea6e4d9ae@group-5894FE760DEC
2021-06-09 09:33:00,918 [pool-107-thread-1] INFO  metrics.RatisMetrics (RatisMetrics.java:lambda$create$0(36)) - Creating Metrics Registry : ratis.server.3c147370-49f5-478a-bcbe-e6cea6e4d9ae@group-5894FE760DEC
2021-06-09 09:33:00,918 [pool-107-thread-1] INFO  server.RaftServer$Division (RaftServerImpl.java:start(295)) - 3c147370-49f5-478a-bcbe-e6cea6e4d9ae@group-5894FE760DEC: start as a follower, conf=-1: [697bcd3f-2547-41de-8cec-7c932316130e|rpc:127.0.0.1:39889|priority:0, 3c147370-49f5-478a-bcbe-e6cea6e4d9ae|rpc:127.0.0.1:40749|priority:0, cc259bf8-a2eb-4525-8fb1-f4b47156f121|rpc:127.0.0.1:43471|priority:1], old=null
2021-06-09 09:33:00,918 [pool-107-thread-1] INFO  server.RaftServer$Division (RaftServerImpl.java:setRole(284)) - 3c147370-49f5-478a-bcbe-e6cea6e4d9ae@group-5894FE760DEC: changes role from      null to FOLLOWER at term 0 for startAsFollower
2021-06-09 09:33:00,918 [pool-107-thread-1] INFO  impl.RoleInfo (RoleInfo.java:updateAndGet(130)) - 3c147370-49f5-478a-bcbe-e6cea6e4d9ae: start 3c147370-49f5-478a-bcbe-e6cea6e4d9ae@group-5894FE760DEC-FollowerState
2021-06-09 09:33:00,918 [pool-107-thread-1] INFO  util.JmxRegister (JmxRegister.java:tryRegister(44)) - Successfully registered JMX Bean with object name Ratis:service=RaftServer,group=group-5894FE760DEC,id=3c147370-49f5-478a-bcbe-e6cea6e4d9ae
2021-06-09 09:33:00,919 [pool-107-thread-1] INFO  metrics.RatisMetrics (RatisMetrics.java:lambda$create$0(36)) - Creating Metrics Registry : ratis.state_machine.3c147370-49f5-478a-bcbe-e6cea6e4d9ae@group-5894FE760DEC
2021-06-09 09:33:00,917 [pool-130-thread-1] INFO  util.JmxRegister (JmxRegister.java:tryRegister(44)) - Successfully registered JMX Bean with object name Ratis:service=RaftServer,group=group-5894FE760DEC,id=cc259bf8-a2eb-4525-8fb1-f4b47156f121
2021-06-09 09:33:00,919 [pool-130-thread-1] INFO  metrics.RatisMetrics (RatisMetrics.java:lambda$create$0(36)) - Creating Metrics Registry : ratis.state_machine.cc259bf8-a2eb-4525-8fb1-f4b47156f121@group-5894FE760DEC
2021-06-09 09:33:00,920 [Command processor thread] INFO  ratis.XceiverServerRatis (XceiverServerRatis.java:addGroup(808)) - Created group PipelineID=01afcea1-9cbf-4cb9-976c-5894fe760dec
2021-06-09 09:33:00,921 [Command processor thread] INFO  metrics.RatisMetrics (RatisMetrics.java:lambda$create$0(36)) - Creating Metrics Registry : ratis.client_message_metrics.client-A7B5C47310B2->cc259bf8-a2eb-4525-8fb1-f4b47156f121
2021-06-09 09:33:00,952 [Listener at 127.0.0.1/10928] INFO  ozone.MiniOzoneClusterImpl (MiniOzoneClusterImpl.java:lambda$waitForClusterToBeReady$0(224)) - Nodes are ready. Got 3 of 3 DN Heartbeats.
2021-06-09 09:33:00,952 [Listener at 127.0.0.1/10928] INFO  ozone.MiniOzoneClusterImpl (MiniOzoneClusterImpl.java:lambda$waitForClusterToBeReady$0(227)) - Waiting for cluster to exit safe mode
2021-06-09 09:33:00,953 [Listener at 127.0.0.1/10928] INFO  ozone.MiniOzoneClusterImpl (MiniOzoneClusterImpl.java:lambda$waitForClusterToBeReady$0(230)) - SCM became leader
2021-06-09 09:33:01,021 [Command processor thread] INFO  server.RaftServer (RaftServerProxy.java:addNew(95)) - cc259bf8-a2eb-4525-8fb1-f4b47156f121: addNew group-CE249E52D47A:[cc259bf8-a2eb-4525-8fb1-f4b47156f121|rpc:127.0.0.1:43471|priority:1] returns group-CE249E52D47A:java.util.concurrent.CompletableFuture@19c53c5b[Not completed]
2021-06-09 09:33:01,022 [pool-130-thread-1] INFO  server.RaftServer$Division (RaftServerImpl.java:<init>(180)) - cc259bf8-a2eb-4525-8fb1-f4b47156f121: new RaftServerImpl for group-CE249E52D47A:[cc259bf8-a2eb-4525-8fb1-f4b47156f121|rpc:127.0.0.1:43471|priority:1] with ContainerStateMachine:uninitialized
2021-06-09 09:33:01,022 [pool-130-thread-1] INFO  server.RaftServerConfigKeys (ConfUtils.java:logGet(44)) - raft.server.rpc.timeout.min = 5s (custom)
2021-06-09 09:33:01,022 [pool-130-thread-1] INFO  server.RaftServerConfigKeys (ConfUtils.java:logGet(44)) - raft.server.rpc.timeout.max = 5200ms (custom)
2021-06-09 09:33:01,022 [pool-130-thread-1] INFO  server.RaftServerConfigKeys (ConfUtils.java:logGet(44)) - raft.server.rpc.sleep.time = 25ms (default)
2021-06-09 09:33:01,023 [pool-130-thread-1] INFO  server.RaftServerConfigKeys (ConfUtils.java:logGet(44)) - raft.server.rpc.slowness.timeout = 300s (custom)
2021-06-09 09:33:01,023 [pool-130-thread-1] INFO  server.RaftServerConfigKeys (ConfUtils.java:logGet(44)) - raft.server.leaderelection.leader.step-down.wait-time = 10s (default)
2021-06-09 09:33:01,023 [pool-130-thread-1] INFO  server.RaftServerConfigKeys (ConfUtils.java:logGet(44)) - raft.server.sleep.deviation.threshold = 300ms (default)
2021-06-09 09:33:01,023 [pool-130-thread-1] INFO  server.RaftServerConfigKeys (ConfUtils.java:logGet(44)) - raft.server.log.appender.install.snapshot.enabled = false (custom)
2021-06-09 09:33:01,023 [pool-130-thread-1] INFO  server.RaftServer$Division (ServerState.java:<init>(105)) - cc259bf8-a2eb-4525-8fb1-f4b47156f121@group-CE249E52D47A: ConfigurationManager, init=-1: [cc259bf8-a2eb-4525-8fb1-f4b47156f121|rpc:127.0.0.1:43471|priority:1], old=null, confs=<EMPTY_MAP>
2021-06-09 09:33:01,023 [pool-130-thread-1] INFO  server.RaftServerConfigKeys (ConfUtils.java:logGet(44)) - raft.server.storage.dir = [/home/runner/work/ozone/ozone/mnt/ozone/hadoop-ozone/integration-test/target/test-dir/MiniOzoneClusterImpl-43f0ca0c-372e-4c55-aedd-c9e251b369b0/datanode-2/data/ratis] (custom)
2021-06-09 09:33:01,023 [pool-130-thread-1] INFO  server.RaftServerConfigKeys (ConfUtils.java:logGet(44)) - raft.server.log.corruption.policy = EXCEPTION (default)
2021-06-09 09:33:01,023 [pool-130-thread-1] INFO  storage.RaftStorageDirectory (RaftStorageDirectoryImpl.java:analyzeStorage(132)) - The storage directory /home/runner/work/ozone/ozone/mnt/ozone/hadoop-ozone/integration-test/target/test-dir/MiniOzoneClusterImpl-43f0ca0c-372e-4c55-aedd-c9e251b369b0/datanode-2/data/ratis/e88b8e4e-101f-49ab-9b68-ce249e52d47a does not exist. Creating ...
2021-06-09 09:33:01,025 [pool-130-thread-1] INFO  storage.RaftStorageDirectory (RaftStorageDirectoryImpl.java:tryLock(215)) - Lock on /home/runner/work/ozone/ozone/mnt/ozone/hadoop-ozone/integration-test/target/test-dir/MiniOzoneClusterImpl-43f0ca0c-372e-4c55-aedd-c9e251b369b0/datanode-2/data/ratis/e88b8e4e-101f-49ab-9b68-ce249e52d47a/in_use.lock acquired by nodename 27526@fv-az195-811
2021-06-09 09:33:01,026 [pool-130-thread-1] INFO  storage.RaftStorage (RaftStorageImpl.java:format(87)) - Storage directory /home/runner/work/ozone/ozone/mnt/ozone/hadoop-ozone/integration-test/target/test-dir/MiniOzoneClusterImpl-43f0ca0c-372e-4c55-aedd-c9e251b369b0/datanode-2/data/ratis/e88b8e4e-101f-49ab-9b68-ce249e52d47a has been successfully formatted.
2021-06-09 09:33:01,027 [pool-130-thread-1] INFO  ratis.ContainerStateMachine (ContainerStateMachine.java:loadSnapshot(224)) - group-CE249E52D47A: The snapshot info is null. Setting the last applied indexto:(t:0, i:~)
2021-06-09 09:33:01,027 [pool-130-thread-1] INFO  server.RaftServerConfigKeys (ConfUtils.java:logGet(44)) - raft.server.notification.no-leader.timeout = 300s (custom)
2021-06-09 09:33:01,027 [pool-130-thread-1] INFO  server.RaftServerConfigKeys (ConfUtils.java:logGet(44)) - raft.server.log.use.memory = false (default)
2021-06-09 09:33:01,027 [pool-130-thread-1] INFO  server.RaftServerConfigKeys (ConfUtils.java:logGet(44)) - raft.server.log.purge.gap = 1000000 (custom)
2021-06-09 09:33:01,027 [pool-130-thread-1] INFO  server.RaftServerConfigKeys (ConfUtils.java:logGet(44)) - raft.server.log.appender.buffer.byte-limit = 33554432 (custom)
2021-06-09 09:33:01,027 [pool-130-thread-1] INFO  metrics.RatisMetrics (RatisMetrics.java:lambda$create$0(36)) - Creating Metrics Registry : ratis.log_worker.cc259bf8-a2eb-4525-8fb1-f4b47156f121@group-CE249E52D47A
2021-06-09 09:33:01,028 [pool-130-thread-1] INFO  server.RaftServerConfigKeys (ConfUtils.java:logGet(44)) - raft.server.log.segment.size.max = 1048576 (custom)
2021-06-09 09:33:01,028 [pool-130-thread-1] INFO  server.RaftServerConfigKeys (ConfUtils.java:logGet(44)) - raft.server.log.segment.cache.num.max = 2 (custom)
2021-06-09 09:33:01,028 [pool-130-thread-1] INFO  server.RaftServerConfigKeys (ConfUtils.java:logGet(44)) - raft.server.log.segment.cache.size.max = 200MB (=209715200) (default)
2021-06-09 09:33:01,028 [pool-130-thread-1] INFO  segmented.SegmentedRaftLogWorker (SegmentedRaftLogWorker.java:<init>(182)) - new cc259bf8-a2eb-4525-8fb1-f4b47156f121@group-CE249E52D47A-SegmentedRaftLogWorker for RaftStorageImpl:Storage Directory /home/runner/work/ozone/ozone/mnt/ozone/hadoop-ozone/integration-test/target/test-dir/MiniOzoneClusterImpl-43f0ca0c-372e-4c55-aedd-c9e251b369b0/datanode-2/data/ratis/e88b8e4e-101f-49ab-9b68-ce249e52d47a
2021-06-09 09:33:01,028 [pool-130-thread-1] INFO  server.RaftServerConfigKeys (ConfUtils.java:logGet(44)) - raft.server.log.queue.byte-limit = 2147483647 (custom)
2021-06-09 09:33:01,028 [pool-130-thread-1] INFO  server.RaftServerConfigKeys (ConfUtils.java:logGet(44)) - raft.server.log.queue.element-limit = 1024 (custom)
2021-06-09 09:33:01,028 [pool-130-thread-1] INFO  server.RaftServerConfigKeys (ConfUtils.java:logGet(44)) - raft.server.log.segment.size.max = 1048576 (custom)
2021-06-09 09:33:01,028 [pool-130-thread-1] INFO  server.RaftServerConfigKeys (ConfUtils.java:logGet(44)) - raft.server.log.preallocated.size = 16384 (custom)
2021-06-09 09:33:01,028 [pool-130-thread-1] INFO  server.RaftServerConfigKeys (ConfUtils.java:logGet(44)) - raft.server.log.force.sync.num = 128 (default)
2021-06-09 09:33:01,028 [pool-130-thread-1] INFO  server.RaftServerConfigKeys (ConfUtils.java:logGet(44)) - raft.server.log.statemachine.data.sync = true (default)
2021-06-09 09:33:01,028 [pool-130-thread-1] INFO  server.RaftServerConfigKeys (ConfUtils.java:logGet(44)) - raft.server.log.statemachine.data.sync.timeout = 10s (default)
2021-06-09 09:33:01,028 [pool-130-thread-1] INFO  server.RaftServerConfigKeys (ConfUtils.java:logGet(44)) - raft.server.log.statemachine.data.sync.timeout.retry = -1 (default)
2021-06-09 09:33:01,029 [pool-130-thread-1] INFO  server.RaftServerConfigKeys (ConfUtils.java:logGet(44)) - raft.server.log.write.buffer.size = 1048576 (custom)
2021-06-09 09:33:01,030 [pool-130-thread-1] INFO  server.RaftServerConfigKeys (ConfUtils.java:logGet(44)) - raft.server.log.statemachine.data.caching.enabled = true (custom)
2021-06-09 09:33:01,030 [pool-130-thread-1] INFO  segmented.SegmentedRaftLogWorker (SegmentedRaftLogWorker.java:lambda$new$0(133)) - cc259bf8-a2eb-4525-8fb1-f4b47156f121@group-CE249E52D47A-SegmentedRaftLogWorker: flushIndex: setUnconditionally 0 -> -1
2021-06-09 09:33:01,030 [pool-130-thread-1] INFO  segmented.SegmentedRaftLogWorker (SegmentedRaftLogWorker.java:lambda$new$0(133)) - cc259bf8-a2eb-4525-8fb1-f4b47156f121@group-CE249E52D47A-SegmentedRaftLogWorker: safeCacheEvictIndex: setUnconditionally 0 -> -1
2021-06-09 09:33:01,032 [EventQueue-PipelineReportForOneReplicaPipelineSafeModeRule] INFO  safemode.SCMSafeModeManager (SCMSafeModeManager.java:validateSafeModeExitRules(201)) - AtleastOneDatanodeReportedRule rule is successfully validated
2021-06-09 09:33:01,032 [EventQueue-PipelineReportForPipelineReportHandler] INFO  pipeline.PipelineManagerV2Impl (PipelineManagerV2Impl.java:openPipeline(270)) - Pipeline Pipeline[ Id: e88b8e4e-101f-49ab-9b68-ce249e52d47a, Nodes: cc259bf8-a2eb-4525-8fb1-f4b47156f121{ip: 127.0.0.1, host: localhost, ports: [REPLICATION=42185, RATIS=43471, RATIS_ADMIN=43471, RATIS_SERVER=43471, STANDALONE=33151], networkLocation: /default-rack, certSerialId: null, persistedOpState: IN_SERVICE, persistedOpStateExpiryEpochSec: 0}, ReplicationConfig: RATIS/ONE, State:ALLOCATED, leaderId:cc259bf8-a2eb-4525-8fb1-f4b47156f121, CreationTimestamp2021-06-09T09:32:57.970Z] moved to OPEN state
2021-06-09 09:33:01,032 [EventQueue-PipelineReportForOneReplicaPipelineSafeModeRule] INFO  safemode.SCMSafeModeManager (SCMSafeModeManager.java:validateSafeModeExitRules(201)) - AtleastOneDatanodeReportedRule rule is successfully validated
2021-06-09 09:33:01,033 [EventQueue-PipelineReportForPipelineReportHandler] INFO  pipeline.PipelineManagerV2Impl (PipelineManagerV2Impl.java:openPipeline(270)) - Pipeline Pipeline[ Id: e88b8e4e-101f-49ab-9b68-ce249e52d47a, Nodes: cc259bf8-a2eb-4525-8fb1-f4b47156f121{ip: 127.0.0.1, host: localhost, ports: [REPLICATION=42185, RATIS=43471, RATIS_ADMIN=43471, RATIS_SERVER=43471, STANDALONE=33151], networkLocation: /default-rack, certSerialId: null, persistedOpState: IN_SERVICE, persistedOpStateExpiryEpochSec: 0}, ReplicationConfig: RATIS/ONE, State:ALLOCATED, leaderId:cc259bf8-a2eb-4525-8fb1-f4b47156f121, CreationTimestamp2021-06-09T09:32:57.970Z] moved to OPEN state
2021-06-09 09:33:01,049 [EventQueue-PipelineReportForPipelineReportHandler] INFO  ha.SCMHAInvocationHandler (SCMHAInvocationHandler.java:invokeRatis(113)) - Invoking method public abstract void org.apache.hadoop.hdds.scm.pipeline.StateManager.updatePipelineState(org.apache.hadoop.hdds.protocol.proto.HddsProtos$PipelineID,org.apache.hadoop.hdds.protocol.proto.HddsProtos$PipelineState) throws java.io.IOException on target org.apache.hadoop.hdds.scm.ha.SCMRatisServerImpl@2399437e, cost 241.301us
2021-06-09 09:33:01,049 [EventQueue-PipelineReportForPipelineReportHandler] ERROR pipeline.PipelineReportHandler (PipelineReportHandler.java:onMessage(93)) - Could not process pipeline report=pipelineID {
  id: "e88b8e4e-101f-49ab-9b68-ce249e52d47a"
  uuid128 {
    mostSigBits: -1690100769218410069
    leastSigBits: -7248316943582440326
  }
}
isLeader: false
bytesWritten: 0
 from dn=cc259bf8-a2eb-4525-8fb1-f4b47156f121{ip: 127.0.0.1, host: localhost, ports: [REPLICATION=42185, RATIS=43471, RATIS_ADMIN=43471, RATIS_SERVER=43471, STANDALONE=33151], networkLocation: /default-rack, certSerialId: null, persistedOpState: null, persistedOpStateExpiryEpochSec: 0}.
org.apache.ratis.protocol.exceptions.NotLeaderException: Server 943a282b-f1b6-4c47-b0d5-ac1d3ae1d1bb@group-C9E251B369B0 is not the leader e0e3eed1-d528-4a83-939c-b34003b9dea6|rpc:localhost:14324|admin:|client:|dataStream:|priority:0
	at org.apache.ratis.server.impl.RaftServerImpl.generateNotLeaderException(RaftServerImpl.java:661)
	at org.apache.ratis.server.impl.RaftServerImpl.checkLeaderState(RaftServerImpl.java:626)
	at org.apache.ratis.server.impl.RaftServerImpl.submitClientRequestAsync(RaftServerImpl.java:754)
	at org.apache.ratis.server.impl.RaftServerProxy.lambda$submitClientRequestAsync$9(RaftServerProxy.java:417)
	at org.apache.ratis.server.impl.RaftServerProxy.lambda$null$7(RaftServerProxy.java:412)
	at org.apache.ratis.util.JavaUtils.callAsUnchecked(JavaUtils.java:115)
	at org.apache.ratis.server.impl.RaftServerProxy.lambda$submitRequest$8(RaftServerProxy.java:412)
	at java.util.concurrent.CompletableFuture.uniComposeStage(CompletableFuture.java:995)
	at java.util.concurrent.CompletableFuture.thenCompose(CompletableFuture.java:2137)
	at org.apache.ratis.server.impl.RaftServerProxy.submitRequest(RaftServerProxy.java:411)
	at org.apache.ratis.server.impl.RaftServerProxy.submitClientRequestAsync(RaftServerProxy.java:417)
	at org.apache.hadoop.hdds.scm.ha.SCMRatisServerImpl.submitRequest(SCMRatisServerImpl.java:214)
	at org.apache.hadoop.hdds.scm.ha.SCMHAInvocationHandler.invokeRatis(SCMHAInvocationHandler.java:110)
	at org.apache.hadoop.hdds.scm.ha.SCMHAInvocationHandler.invoke(SCMHAInvocationHandler.java:67)
	at com.sun.proxy.$Proxy22.updatePipelineState(Unknown Source)
	at org.apache.hadoop.hdds.scm.pipeline.PipelineManagerV2Impl.openPipeline(PipelineManagerV2Impl.java:271)
	at org.apache.hadoop.hdds.scm.pipeline.PipelineReportHandler.processPipelineReport(PipelineReportHandler.java:124)
	at org.apache.hadoop.hdds.scm.pipeline.PipelineReportHandler.onMessage(PipelineReportHandler.java:91)
	at org.apache.hadoop.hdds.scm.pipeline.PipelineReportHandler.onMessage(PipelineReportHandler.java:50)
	at org.apache.hadoop.hdds.server.events.SingleThreadExecutor.lambda$onMessage$1(SingleThreadExecutor.java:81)
	at java.util.concurrent.ThreadPoolExecutor.runWorker(ThreadPoolExecutor.java:1149)
	at java.util.concurrent.ThreadPoolExecutor$Worker.run(ThreadPoolExecutor.java:624)
	at java.lang.Thread.run(Thread.java:748)
2021-06-09 09:33:01,043 [pool-130-thread-1] INFO  server.RaftServerConfigKeys (ConfUtils.java:logGet(44)) - raft.server.snapshot.auto.trigger.enabled = true (custom)
2021-06-09 09:33:01,051 [Command processor thread] INFO  metrics.RatisMetrics (RatisMetrics.java:lambda$create$0(36)) - Creating Metrics Registry : ratis.client_message_metrics.client-EB8ADC8020A8->3c147370-49f5-478a-bcbe-e6cea6e4d9ae
2021-06-09 09:33:01,055 [pool-130-thread-1] INFO  server.RaftServerConfigKeys (ConfUtils.java:logGet(44)) - raft.server.snapshot.auto.trigger.threshold = 10000 (custom)
2021-06-09 09:33:01,065 [pool-130-thread-1] INFO  server.RaftServerConfigKeys (ConfUtils.java:logGet(44)) - raft.server.snapshot.retention.file.num = 5 (custom)
2021-06-09 09:33:01,065 [pool-130-thread-1] INFO  server.RaftServerConfigKeys (ConfUtils.java:logGet(44)) - raft.server.log.purge.upto.snapshot.index = false (default)
2021-06-09 09:33:01,066 [pool-130-thread-1] INFO  server.RaftServerConfigKeys (ConfUtils.java:logGet(44)) - raft.server.retrycache.expirytime = 600000ms (custom)
2021-06-09 09:33:01,066 [pool-130-thread-1] INFO  server.RaftServerConfigKeys (ConfUtils.java:logGet(44)) - raft.server.retrycache.statistics.expirytime = 100μs (default)
2021-06-09 09:33:01,066 [pool-130-thread-1] INFO  metrics.RatisMetrics (RatisMetrics.java:lambda$create$0(36)) - Creating Metrics Registry : ratis.leader_election.cc259bf8-a2eb-4525-8fb1-f4b47156f121@group-CE249E52D47A
2021-06-09 09:33:01,066 [pool-130-thread-1] INFO  metrics.RatisMetrics (RatisMetrics.java:lambda$create$0(36)) - Creating Metrics Registry : ratis.server.cc259bf8-a2eb-4525-8fb1-f4b47156f121@group-CE249E52D47A
2021-06-09 09:33:01,067 [pool-130-thread-1] INFO  server.RaftServer$Division (RaftServerImpl.java:start(295)) - cc259bf8-a2eb-4525-8fb1-f4b47156f121@group-CE249E52D47A: start as a follower, conf=-1: [cc259bf8-a2eb-4525-8fb1-f4b47156f121|rpc:127.0.0.1:43471|priority:1], old=null
2021-06-09 09:33:01,067 [pool-130-thread-1] INFO  server.RaftServer$Division (RaftServerImpl.java:setRole(284)) - cc259bf8-a2eb-4525-8fb1-f4b47156f121@group-CE249E52D47A: changes role from      null to FOLLOWER at term 0 for startAsFollower
2021-06-09 09:33:01,067 [pool-130-thread-1] INFO  impl.RoleInfo (RoleInfo.java:updateAndGet(130)) - cc259bf8-a2eb-4525-8fb1-f4b47156f121: start cc259bf8-a2eb-4525-8fb1-f4b47156f121@group-CE249E52D47A-FollowerState
2021-06-09 09:33:01,072 [pool-130-thread-1] INFO  util.JmxRegister (JmxRegister.java:tryRegister(44)) - Successfully registered JMX Bean with object name Ratis:service=RaftServer,group=group-CE249E52D47A,id=cc259bf8-a2eb-4525-8fb1-f4b47156f121
2021-06-09 09:33:01,072 [pool-130-thread-1] INFO  metrics.RatisMetrics (RatisMetrics.java:lambda$create$0(36)) - Creating Metrics Registry : ratis.state_machine.cc259bf8-a2eb-4525-8fb1-f4b47156f121@group-CE249E52D47A
2021-06-09 09:33:01,072 [Command processor thread] INFO  ratis.XceiverServerRatis (XceiverServerRatis.java:addGroup(808)) - Created group PipelineID=e88b8e4e-101f-49ab-9b68-ce249e52d47a
2021-06-09 09:33:01,072 [Command processor thread] INFO  commandhandler.CreatePipelineCommandHandler (CreatePipelineCommandHandler.java:handle(106)) - Created Pipeline RATIS ONE PipelineID=e88b8e4e-101f-49ab-9b68-ce249e52d47a.
2021-06-09 09:33:01,073 [Command processor thread] INFO  server.RaftServer (RaftServerProxy.java:addNew(95)) - cc259bf8-a2eb-4525-8fb1-f4b47156f121: addNew group-DC9D01F80266:[3c147370-49f5-478a-bcbe-e6cea6e4d9ae|rpc:127.0.0.1:40749|priority:1, 697bcd3f-2547-41de-8cec-7c932316130e|rpc:127.0.0.1:39889|priority:0, cc259bf8-a2eb-4525-8fb1-f4b47156f121|rpc:127.0.0.1:43471|priority:0] returns group-DC9D01F80266:java.util.concurrent.CompletableFuture@1702c113[Not completed]
2021-06-09 09:33:01,076 [943a282b-f1b6-4c47-b0d5-ac1d3ae1d1bb@group-C9E251B369B0-StateMachineUpdater] INFO  ha.SCMStateMachine (SCMStateMachine.java:takeSnapshot(282)) - Current Snapshot Index 20, takeSnapshot took 0 ms
2021-06-09 09:33:01,076 [943a282b-f1b6-4c47-b0d5-ac1d3ae1d1bb@group-C9E251B369B0-StateMachineUpdater] INFO  impl.StateMachineUpdater (StateMachineUpdater.java:takeSnapshot(281)) - 943a282b-f1b6-4c47-b0d5-ac1d3ae1d1bb@group-C9E251B369B0-StateMachineUpdater: Took a snapshot at index 20
2021-06-09 09:33:01,076 [943a282b-f1b6-4c47-b0d5-ac1d3ae1d1bb@group-C9E251B369B0-StateMachineUpdater] INFO  impl.StateMachineUpdater (StateMachineUpdater.java:lambda$new$0(89)) - 943a282b-f1b6-4c47-b0d5-ac1d3ae1d1bb@group-C9E251B369B0-StateMachineUpdater: snapshotIndex: updateIncreasingly 15 -> 20
2021-06-09 09:33:01,076 [943a282b-f1b6-4c47-b0d5-ac1d3ae1d1bb@group-C9E251B369B0-StateMachineUpdater] INFO  raftlog.RaftLog (RaftLogBase.java:purge(306)) - 943a282b-f1b6-4c47-b0d5-ac1d3ae1d1bb@group-C9E251B369B0-SegmentedRaftLog: purge 20
2021-06-09 09:33:01,076 [943a282b-f1b6-4c47-b0d5-ac1d3ae1d1bb@group-C9E251B369B0-StateMachineUpdater] INFO  raftlog.RaftLog (RaftLogBase.java:lambda$new$0(53)) - 943a282b-f1b6-4c47-b0d5-ac1d3ae1d1bb@group-C9E251B369B0-SegmentedRaftLog: snapshotIndex: updateIncreasingly 15 -> 20
2021-06-09 09:33:01,076 [943a282b-f1b6-4c47-b0d5-ac1d3ae1d1bb@group-C9E251B369B0-StateMachineUpdater] INFO  raftlog.RaftLog (RaftLogBase.java:lambda$new$0(53)) - 943a282b-f1b6-4c47-b0d5-ac1d3ae1d1bb@group-C9E251B369B0-SegmentedRaftLog: purgeIndex: updateToMax old=15, new=20, updated? true
2021-06-09 09:33:01,076 [pool-130-thread-1] INFO  server.RaftServer$Division (RaftServerImpl.java:<init>(180)) - cc259bf8-a2eb-4525-8fb1-f4b47156f121: new RaftServerImpl for group-DC9D01F80266:[3c147370-49f5-478a-bcbe-e6cea6e4d9ae|rpc:127.0.0.1:40749|priority:1, 697bcd3f-2547-41de-8cec-7c932316130e|rpc:127.0.0.1:39889|priority:0, cc259bf8-a2eb-4525-8fb1-f4b47156f121|rpc:127.0.0.1:43471|priority:0] with ContainerStateMachine:uninitialized
2021-06-09 09:33:01,076 [pool-130-thread-1] INFO  server.RaftServerConfigKeys (ConfUtils.java:logGet(44)) - raft.server.rpc.timeout.min = 5s (custom)
2021-06-09 09:33:01,076 [pool-130-thread-1] INFO  server.RaftServerConfigKeys (ConfUtils.java:logGet(44)) - raft.server.rpc.timeout.max = 5200ms (custom)
2021-06-09 09:33:01,076 [pool-130-thread-1] INFO  server.RaftServerConfigKeys (ConfUtils.java:logGet(44)) - raft.server.rpc.sleep.time = 25ms (default)
2021-06-09 09:33:01,076 [pool-130-thread-1] INFO  server.RaftServerConfigKeys (ConfUtils.java:logGet(44)) - raft.server.rpc.slowness.timeout = 300s (custom)
2021-06-09 09:33:01,076 [pool-130-thread-1] INFO  server.RaftServerConfigKeys (ConfUtils.java:logGet(44)) - raft.server.leaderelection.leader.step-down.wait-time = 10s (default)
2021-06-09 09:33:01,076 [pool-130-thread-1] INFO  server.RaftServerConfigKeys (ConfUtils.java:logGet(44)) - raft.server.sleep.deviation.threshold = 300ms (default)
2021-06-09 09:33:01,076 [pool-130-thread-1] INFO  server.RaftServerConfigKeys (ConfUtils.java:logGet(44)) - raft.server.log.appender.install.snapshot.enabled = false (custom)
2021-06-09 09:33:01,076 [pool-130-thread-1] INFO  server.RaftServer$Division (ServerState.java:<init>(105)) - cc259bf8-a2eb-4525-8fb1-f4b47156f121@group-DC9D01F80266: ConfigurationManager, init=-1: [3c147370-49f5-478a-bcbe-e6cea6e4d9ae|rpc:127.0.0.1:40749|priority:1, 697bcd3f-2547-41de-8cec-7c932316130e|rpc:127.0.0.1:39889|priority:0, cc259bf8-a2eb-4525-8fb1-f4b47156f121|rpc:127.0.0.1:43471|priority:0], old=null, confs=<EMPTY_MAP>
2021-06-09 09:33:01,076 [pool-130-thread-1] INFO  server.RaftServerConfigKeys (ConfUtils.java:logGet(44)) - raft.server.storage.dir = [/home/runner/work/ozone/ozone/mnt/ozone/hadoop-ozone/integration-test/target/test-dir/MiniOzoneClusterImpl-43f0ca0c-372e-4c55-aedd-c9e251b369b0/datanode-2/data/ratis] (custom)
2021-06-09 09:33:01,077 [pool-130-thread-1] INFO  server.RaftServerConfigKeys (ConfUtils.java:logGet(44)) - raft.server.log.corruption.policy = EXCEPTION (default)
2021-06-09 09:33:01,077 [pool-130-thread-1] INFO  storage.RaftStorageDirectory (RaftStorageDirectoryImpl.java:analyzeStorage(132)) - The storage directory /home/runner/work/ozone/ozone/mnt/ozone/hadoop-ozone/integration-test/target/test-dir/MiniOzoneClusterImpl-43f0ca0c-372e-4c55-aedd-c9e251b369b0/datanode-2/data/ratis/be950ea8-58d1-4b6b-a273-dc9d01f80266 does not exist. Creating ...
2021-06-09 09:33:01,078 [pool-130-thread-1] INFO  storage.RaftStorageDirectory (RaftStorageDirectoryImpl.java:tryLock(215)) - Lock on /home/runner/work/ozone/ozone/mnt/ozone/hadoop-ozone/integration-test/target/test-dir/MiniOzoneClusterImpl-43f0ca0c-372e-4c55-aedd-c9e251b369b0/datanode-2/data/ratis/be950ea8-58d1-4b6b-a273-dc9d01f80266/in_use.lock acquired by nodename 27526@fv-az195-811
2021-06-09 09:33:01,079 [pool-130-thread-1] INFO  storage.RaftStorage (RaftStorageImpl.java:format(87)) - Storage directory /home/runner/work/ozone/ozone/mnt/ozone/hadoop-ozone/integration-test/target/test-dir/MiniOzoneClusterImpl-43f0ca0c-372e-4c55-aedd-c9e251b369b0/datanode-2/data/ratis/be950ea8-58d1-4b6b-a273-dc9d01f80266 has been successfully formatted.
2021-06-09 09:33:01,079 [pool-130-thread-1] INFO  ratis.ContainerStateMachine (ContainerStateMachine.java:loadSnapshot(224)) - group-DC9D01F80266: The snapshot info is null. Setting the last applied indexto:(t:0, i:~)
2021-06-09 09:33:01,079 [pool-130-thread-1] INFO  server.RaftServerConfigKeys (ConfUtils.java:logGet(44)) - raft.server.notification.no-leader.timeout = 300s (custom)
2021-06-09 09:33:01,079 [pool-130-thread-1] INFO  server.RaftServerConfigKeys (ConfUtils.java:logGet(44)) - raft.server.log.use.memory = false (default)
2021-06-09 09:33:01,079 [pool-130-thread-1] INFO  server.RaftServerConfigKeys (ConfUtils.java:logGet(44)) - raft.server.log.purge.gap = 1000000 (custom)
2021-06-09 09:33:01,079 [pool-130-thread-1] INFO  server.RaftServerConfigKeys (ConfUtils.java:logGet(44)) - raft.server.log.appender.buffer.byte-limit = 33554432 (custom)
2021-06-09 09:33:01,079 [pool-130-thread-1] INFO  metrics.RatisMetrics (RatisMetrics.java:lambda$create$0(36)) - Creating Metrics Registry : ratis.log_worker.cc259bf8-a2eb-4525-8fb1-f4b47156f121@group-DC9D01F80266
2021-06-09 09:33:01,079 [pool-130-thread-1] INFO  server.RaftServerConfigKeys (ConfUtils.java:logGet(44)) - raft.server.log.segment.size.max = 1048576 (custom)
2021-06-09 09:33:01,080 [pool-130-thread-1] INFO  server.RaftServerConfigKeys (ConfUtils.java:logGet(44)) - raft.server.log.segment.cache.num.max = 2 (custom)
2021-06-09 09:33:01,080 [pool-130-thread-1] INFO  server.RaftServerConfigKeys (ConfUtils.java:logGet(44)) - raft.server.log.segment.cache.size.max = 200MB (=209715200) (default)
2021-06-09 09:33:01,080 [pool-130-thread-1] INFO  segmented.SegmentedRaftLogWorker (SegmentedRaftLogWorker.java:<init>(182)) - new cc259bf8-a2eb-4525-8fb1-f4b47156f121@group-DC9D01F80266-SegmentedRaftLogWorker for RaftStorageImpl:Storage Directory /home/runner/work/ozone/ozone/mnt/ozone/hadoop-ozone/integration-test/target/test-dir/MiniOzoneClusterImpl-43f0ca0c-372e-4c55-aedd-c9e251b369b0/datanode-2/data/ratis/be950ea8-58d1-4b6b-a273-dc9d01f80266
2021-06-09 09:33:01,080 [pool-130-thread-1] INFO  server.RaftServerConfigKeys (ConfUtils.java:logGet(44)) - raft.server.log.queue.byte-limit = 2147483647 (custom)
2021-06-09 09:33:01,080 [pool-130-thread-1] INFO  server.RaftServerConfigKeys (ConfUtils.java:logGet(44)) - raft.server.log.queue.element-limit = 1024 (custom)
2021-06-09 09:33:01,080 [pool-130-thread-1] INFO  server.RaftServerConfigKeys (ConfUtils.java:logGet(44)) - raft.server.log.segment.size.max = 1048576 (custom)
2021-06-09 09:33:01,080 [pool-130-thread-1] INFO  server.RaftServerConfigKeys (ConfUtils.java:logGet(44)) - raft.server.log.preallocated.size = 16384 (custom)
2021-06-09 09:33:01,080 [pool-130-thread-1] INFO  server.RaftServerConfigKeys (ConfUtils.java:logGet(44)) - raft.server.log.force.sync.num = 128 (default)
2021-06-09 09:33:01,080 [pool-130-thread-1] INFO  server.RaftServerConfigKeys (ConfUtils.java:logGet(44)) - raft.server.log.statemachine.data.sync = true (default)
2021-06-09 09:33:01,080 [pool-130-thread-1] INFO  server.RaftServerConfigKeys (ConfUtils.java:logGet(44)) - raft.server.log.statemachine.data.sync.timeout = 10s (default)
2021-06-09 09:33:01,080 [pool-130-thread-1] INFO  server.RaftServerConfigKeys (ConfUtils.java:logGet(44)) - raft.server.log.statemachine.data.sync.timeout.retry = -1 (default)
2021-06-09 09:33:01,081 [pool-130-thread-1] INFO  server.RaftServerConfigKeys (ConfUtils.java:logGet(44)) - raft.server.log.write.buffer.size = 1048576 (custom)
2021-06-09 09:33:01,081 [pool-130-thread-1] INFO  server.RaftServerConfigKeys (ConfUtils.java:logGet(44)) - raft.server.log.statemachine.data.caching.enabled = true (custom)
2021-06-09 09:33:01,081 [pool-130-thread-1] INFO  segmented.SegmentedRaftLogWorker (SegmentedRaftLogWorker.java:lambda$new$0(133)) - cc259bf8-a2eb-4525-8fb1-f4b47156f121@group-DC9D01F80266-SegmentedRaftLogWorker: flushIndex: setUnconditionally 0 -> -1
2021-06-09 09:33:01,081 [pool-130-thread-1] INFO  segmented.SegmentedRaftLogWorker (SegmentedRaftLogWorker.java:lambda$new$0(133)) - cc259bf8-a2eb-4525-8fb1-f4b47156f121@group-DC9D01F80266-SegmentedRaftLogWorker: safeCacheEvictIndex: setUnconditionally 0 -> -1
2021-06-09 09:33:01,083 [EventQueue-PipelineReportForOneReplicaPipelineSafeModeRule] INFO  safemode.SCMSafeModeManager (SCMSafeModeManager.java:validateSafeModeExitRules(201)) - AtleastOneDatanodeReportedRule rule is successfully validated
2021-06-09 09:33:01,084 [EventQueue-PipelineReportForPipelineReportHandler] INFO  pipeline.PipelineManagerV2Impl (PipelineManagerV2Impl.java:openPipeline(270)) - Pipeline Pipeline[ Id: e88b8e4e-101f-49ab-9b68-ce249e52d47a, Nodes: cc259bf8-a2eb-4525-8fb1-f4b47156f121{ip: 127.0.0.1, host: localhost, ports: [REPLICATION=42185, RATIS=43471, RATIS_ADMIN=43471, RATIS_SERVER=43471, STANDALONE=33151], networkLocation: /default-rack, certSerialId: null, persistedOpState: IN_SERVICE, persistedOpStateExpiryEpochSec: 0}, ReplicationConfig: RATIS/ONE, State:ALLOCATED, leaderId:cc259bf8-a2eb-4525-8fb1-f4b47156f121, CreationTimestamp2021-06-09T09:32:57.970Z] moved to OPEN state
2021-06-09 09:33:01,084 [EventQueue-PipelineReportForPipelineReportHandler] INFO  ha.SCMHAInvocationHandler (SCMHAInvocationHandler.java:invokeRatis(113)) - Invoking method public abstract void org.apache.hadoop.hdds.scm.pipeline.StateManager.updatePipelineState(org.apache.hadoop.hdds.protocol.proto.HddsProtos$PipelineID,org.apache.hadoop.hdds.protocol.proto.HddsProtos$PipelineState) throws java.io.IOException on target org.apache.hadoop.hdds.scm.ha.SCMRatisServerImpl@2399437e, cost 219.401us
2021-06-09 09:33:01,084 [EventQueue-PipelineReportForPipelineReportHandler] ERROR pipeline.PipelineReportHandler (PipelineReportHandler.java:onMessage(93)) - Could not process pipeline report=pipelineID {
  id: "e88b8e4e-101f-49ab-9b68-ce249e52d47a"
  uuid128 {
    mostSigBits: -1690100769218410069
    leastSigBits: -7248316943582440326
  }
}
isLeader: false
bytesWritten: 0
 from dn=cc259bf8-a2eb-4525-8fb1-f4b47156f121{ip: 127.0.0.1, host: localhost, ports: [REPLICATION=42185, RATIS=43471, RATIS_ADMIN=43471, RATIS_SERVER=43471, STANDALONE=33151], networkLocation: /default-rack, certSerialId: null, persistedOpState: null, persistedOpStateExpiryEpochSec: 0}.
org.apache.ratis.protocol.exceptions.NotLeaderException: Server 943a282b-f1b6-4c47-b0d5-ac1d3ae1d1bb@group-C9E251B369B0 is not the leader e0e3eed1-d528-4a83-939c-b34003b9dea6|rpc:localhost:14324|admin:|client:|dataStream:|priority:0
	at org.apache.ratis.server.impl.RaftServerImpl.generateNotLeaderException(RaftServerImpl.java:661)
	at org.apache.ratis.server.impl.RaftServerImpl.checkLeaderState(RaftServerImpl.java:626)
	at org.apache.ratis.server.impl.RaftServerImpl.submitClientRequestAsync(RaftServerImpl.java:754)
	at org.apache.ratis.server.impl.RaftServerProxy.lambda$submitClientRequestAsync$9(RaftServerProxy.java:417)
	at org.apache.ratis.server.impl.RaftServerProxy.lambda$null$7(RaftServerProxy.java:412)
	at org.apache.ratis.util.JavaUtils.callAsUnchecked(JavaUtils.java:115)
	at org.apache.ratis.server.impl.RaftServerProxy.lambda$submitRequest$8(RaftServerProxy.java:412)
	at java.util.concurrent.CompletableFuture.uniComposeStage(CompletableFuture.java:995)
	at java.util.concurrent.CompletableFuture.thenCompose(CompletableFuture.java:2137)
	at org.apache.ratis.server.impl.RaftServerProxy.submitRequest(RaftServerProxy.java:411)
	at org.apache.ratis.server.impl.RaftServerProxy.submitClientRequestAsync(RaftServerProxy.java:417)
	at org.apache.hadoop.hdds.scm.ha.SCMRatisServerImpl.submitRequest(SCMRatisServerImpl.java:214)
	at org.apache.hadoop.hdds.scm.ha.SCMHAInvocationHandler.invokeRatis(SCMHAInvocationHandler.java:110)
	at org.apache.hadoop.hdds.scm.ha.SCMHAInvocationHandler.invoke(SCMHAInvocationHandler.java:67)
	at com.sun.proxy.$Proxy22.updatePipelineState(Unknown Source)
	at org.apache.hadoop.hdds.scm.pipeline.PipelineManagerV2Impl.openPipeline(PipelineManagerV2Impl.java:271)
	at org.apache.hadoop.hdds.scm.pipeline.PipelineReportHandler.processPipelineReport(PipelineReportHandler.java:124)
	at org.apache.hadoop.hdds.scm.pipeline.PipelineReportHandler.onMessage(PipelineReportHandler.java:91)
	at org.apache.hadoop.hdds.scm.pipeline.PipelineReportHandler.onMessage(PipelineReportHandler.java:50)
	at org.apache.hadoop.hdds.server.events.SingleThreadExecutor.lambda$onMessage$1(SingleThreadExecutor.java:81)
	at java.util.concurrent.ThreadPoolExecutor.runWorker(ThreadPoolExecutor.java:1149)
	at java.util.concurrent.ThreadPoolExecutor$Worker.run(ThreadPoolExecutor.java:624)
	at java.lang.Thread.run(Thread.java:748)
2021-06-09 09:33:01,084 [EventQueue-PipelineReportForOneReplicaPipelineSafeModeRule] INFO  safemode.SCMSafeModeManager (SCMSafeModeManager.java:validateSafeModeExitRules(201)) - AtleastOneDatanodeReportedRule rule is successfully validated
2021-06-09 09:33:01,086 [pool-130-thread-1] INFO  server.RaftServerConfigKeys (ConfUtils.java:logGet(44)) - raft.server.snapshot.auto.trigger.enabled = true (custom)
2021-06-09 09:33:01,088 [pool-130-thread-1] INFO  server.RaftServerConfigKeys (ConfUtils.java:logGet(44)) - raft.server.snapshot.auto.trigger.threshold = 10000 (custom)
2021-06-09 09:33:01,088 [pool-130-thread-1] INFO  server.RaftServerConfigKeys (ConfUtils.java:logGet(44)) - raft.server.snapshot.retention.file.num = 5 (custom)
2021-06-09 09:33:01,088 [pool-130-thread-1] INFO  server.RaftServerConfigKeys (ConfUtils.java:logGet(44)) - raft.server.log.purge.upto.snapshot.index = false (default)
2021-06-09 09:33:01,088 [pool-130-thread-1] INFO  server.RaftServerConfigKeys (ConfUtils.java:logGet(44)) - raft.server.retrycache.expirytime = 600000ms (custom)
2021-06-09 09:33:01,088 [pool-130-thread-1] INFO  server.RaftServerConfigKeys (ConfUtils.java:logGet(44)) - raft.server.retrycache.statistics.expirytime = 100μs (default)
2021-06-09 09:33:01,088 [pool-130-thread-1] INFO  metrics.RatisMetrics (RatisMetrics.java:lambda$create$0(36)) - Creating Metrics Registry : ratis.leader_election.cc259bf8-a2eb-4525-8fb1-f4b47156f121@group-DC9D01F80266
2021-06-09 09:33:01,090 [pool-130-thread-1] INFO  metrics.RatisMetrics (RatisMetrics.java:lambda$create$0(36)) - Creating Metrics Registry : ratis.server.cc259bf8-a2eb-4525-8fb1-f4b47156f121@group-DC9D01F80266
2021-06-09 09:33:01,090 [pool-130-thread-1] INFO  server.RaftServer$Division (RaftServerImpl.java:start(295)) - cc259bf8-a2eb-4525-8fb1-f4b47156f121@group-DC9D01F80266: start as a follower, conf=-1: [3c147370-49f5-478a-bcbe-e6cea6e4d9ae|rpc:127.0.0.1:40749|priority:1, 697bcd3f-2547-41de-8cec-7c932316130e|rpc:127.0.0.1:39889|priority:0, cc259bf8-a2eb-4525-8fb1-f4b47156f121|rpc:127.0.0.1:43471|priority:0], old=null
2021-06-09 09:33:01,090 [pool-130-thread-1] INFO  server.RaftServer$Division (RaftServerImpl.java:setRole(284)) - cc259bf8-a2eb-4525-8fb1-f4b47156f121@group-DC9D01F80266: changes role from      null to FOLLOWER at term 0 for startAsFollower
2021-06-09 09:33:01,090 [pool-130-thread-1] INFO  impl.RoleInfo (RoleInfo.java:updateAndGet(130)) - cc259bf8-a2eb-4525-8fb1-f4b47156f121: start cc259bf8-a2eb-4525-8fb1-f4b47156f121@group-DC9D01F80266-FollowerState
2021-06-09 09:33:01,095 [pool-130-thread-1] INFO  util.JmxRegister (JmxRegister.java:tryRegister(44)) - Successfully registered JMX Bean with object name Ratis:service=RaftServer,group=group-DC9D01F80266,id=cc259bf8-a2eb-4525-8fb1-f4b47156f121
2021-06-09 09:33:01,095 [pool-130-thread-1] INFO  metrics.RatisMetrics (RatisMetrics.java:lambda$create$0(36)) - Creating Metrics Registry : ratis.state_machine.cc259bf8-a2eb-4525-8fb1-f4b47156f121@group-DC9D01F80266
2021-06-09 09:33:01,096 [EventQueue-PipelineReportForPipelineReportHandler] INFO  ha.SCMHAInvocationHandler (SCMHAInvocationHandler.java:invokeRatis(113)) - Invoking method public abstract void org.apache.hadoop.hdds.scm.pipeline.StateManager.updatePipelineState(org.apache.hadoop.hdds.protocol.proto.HddsProtos$PipelineID,org.apache.hadoop.hdds.protocol.proto.HddsProtos$PipelineState) throws java.io.IOException on target org.apache.hadoop.hdds.scm.ha.SCMRatisServerImpl@7356e723, cost 64186.088us
2021-06-09 09:33:01,096 [EventQueue-OpenPipelineForHealthyPipelineSafeModeRule] INFO  safemode.SCMSafeModeManager (HealthyPipelineSafeModeRule.java:process(130)) - SCM in safe mode. Healthy pipelines reported count is 0, required healthy pipeline reported count is 1
2021-06-09 09:33:01,096 [EventQueue-OpenPipelineForHealthyPipelineSafeModeRule] INFO  safemode.SCMSafeModeManager (HealthyPipelineSafeModeRule.java:process(130)) - SCM in safe mode. Healthy pipelines reported count is 0, required healthy pipeline reported count is 1
2021-06-09 09:33:01,097 [Command processor thread] INFO  ratis.XceiverServerRatis (XceiverServerRatis.java:addGroup(808)) - Created group PipelineID=be950ea8-58d1-4b6b-a273-dc9d01f80266
2021-06-09 09:33:01,097 [Command processor thread] INFO  metrics.RatisMetrics (RatisMetrics.java:lambda$create$0(36)) - Creating Metrics Registry : ratis.client_message_metrics.client-8B2E1B9AD2F9->697bcd3f-2547-41de-8cec-7c932316130e
2021-06-09 09:33:01,098 [Command processor thread] INFO  metrics.RatisMetrics (RatisMetrics.java:lambda$create$0(36)) - Creating Metrics Registry : ratis.client_message_metrics.client-262FC74D1E46->3c147370-49f5-478a-bcbe-e6cea6e4d9ae
2021-06-09 09:33:01,107 [grpc-default-executor-2] INFO  metrics.RatisMetrics (RatisMetrics.java:lambda$create$0(36)) - Creating Metrics Registry : ratis.server_message_metrics.3c147370-49f5-478a-bcbe-e6cea6e4d9ae
2021-06-09 09:33:01,117 [grpc-default-executor-0] INFO  metrics.RatisMetrics (RatisMetrics.java:lambda$create$0(36)) - Creating Metrics Registry : ratis.server_message_metrics.697bcd3f-2547-41de-8cec-7c932316130e
2021-06-09 09:33:01,127 [grpc-default-executor-1] INFO  server.RaftServer (RaftServerProxy.java:addNew(95)) - 3c147370-49f5-478a-bcbe-e6cea6e4d9ae: addNew group-DC9D01F80266:[3c147370-49f5-478a-bcbe-e6cea6e4d9ae|rpc:127.0.0.1:40749|dataStream:|priority:1, 697bcd3f-2547-41de-8cec-7c932316130e|rpc:127.0.0.1:39889|dataStream:|priority:0, cc259bf8-a2eb-4525-8fb1-f4b47156f121|rpc:127.0.0.1:43471|dataStream:|priority:0] returns group-DC9D01F80266:java.util.concurrent.CompletableFuture@5b4e64dd[Not completed]
2021-06-09 09:33:01,128 [pool-107-thread-1] INFO  server.RaftServer$Division (RaftServerImpl.java:<init>(180)) - 3c147370-49f5-478a-bcbe-e6cea6e4d9ae: new RaftServerImpl for group-DC9D01F80266:[3c147370-49f5-478a-bcbe-e6cea6e4d9ae|rpc:127.0.0.1:40749|dataStream:|priority:1, 697bcd3f-2547-41de-8cec-7c932316130e|rpc:127.0.0.1:39889|dataStream:|priority:0, cc259bf8-a2eb-4525-8fb1-f4b47156f121|rpc:127.0.0.1:43471|dataStream:|priority:0] with ContainerStateMachine:uninitialized
2021-06-09 09:33:01,128 [pool-107-thread-1] INFO  server.RaftServerConfigKeys (ConfUtils.java:logGet(44)) - raft.server.rpc.timeout.min = 5s (custom)
2021-06-09 09:33:01,128 [pool-107-thread-1] INFO  server.RaftServerConfigKeys (ConfUtils.java:logGet(44)) - raft.server.rpc.timeout.max = 5200ms (custom)
2021-06-09 09:33:01,128 [pool-107-thread-1] INFO  server.RaftServerConfigKeys (ConfUtils.java:logGet(44)) - raft.server.rpc.sleep.time = 25ms (default)
2021-06-09 09:33:01,128 [pool-107-thread-1] INFO  server.RaftServerConfigKeys (ConfUtils.java:logGet(44)) - raft.server.rpc.slowness.timeout = 300s (custom)
2021-06-09 09:33:01,128 [pool-107-thread-1] INFO  server.RaftServerConfigKeys (ConfUtils.java:logGet(44)) - raft.server.leaderelection.leader.step-down.wait-time = 10s (default)
2021-06-09 09:33:01,128 [pool-107-thread-1] INFO  server.RaftServerConfigKeys (ConfUtils.java:logGet(44)) - raft.server.sleep.deviation.threshold = 300ms (default)
2021-06-09 09:33:01,128 [pool-107-thread-1] INFO  server.RaftServerConfigKeys (ConfUtils.java:logGet(44)) - raft.server.log.appender.install.snapshot.enabled = false (custom)
2021-06-09 09:33:01,128 [pool-107-thread-1] INFO  server.RaftServer$Division (ServerState.java:<init>(105)) - 3c147370-49f5-478a-bcbe-e6cea6e4d9ae@group-DC9D01F80266: ConfigurationManager, init=-1: [3c147370-49f5-478a-bcbe-e6cea6e4d9ae|rpc:127.0.0.1:40749|dataStream:|priority:1, 697bcd3f-2547-41de-8cec-7c932316130e|rpc:127.0.0.1:39889|dataStream:|priority:0, cc259bf8-a2eb-4525-8fb1-f4b47156f121|rpc:127.0.0.1:43471|dataStream:|priority:0], old=null, confs=<EMPTY_MAP>
2021-06-09 09:33:01,128 [pool-107-thread-1] INFO  server.RaftServerConfigKeys (ConfUtils.java:logGet(44)) - raft.server.storage.dir = [/home/runner/work/ozone/ozone/mnt/ozone/hadoop-ozone/integration-test/target/test-dir/MiniOzoneClusterImpl-43f0ca0c-372e-4c55-aedd-c9e251b369b0/datanode-1/data/ratis] (custom)
2021-06-09 09:33:01,129 [pool-107-thread-1] INFO  server.RaftServerConfigKeys (ConfUtils.java:logGet(44)) - raft.server.log.corruption.policy = EXCEPTION (default)
2021-06-09 09:33:01,129 [pool-107-thread-1] INFO  storage.RaftStorageDirectory (RaftStorageDirectoryImpl.java:analyzeStorage(132)) - The storage directory /home/runner/work/ozone/ozone/mnt/ozone/hadoop-ozone/integration-test/target/test-dir/MiniOzoneClusterImpl-43f0ca0c-372e-4c55-aedd-c9e251b369b0/datanode-1/data/ratis/be950ea8-58d1-4b6b-a273-dc9d01f80266 does not exist. Creating ...
2021-06-09 09:33:01,130 [pool-107-thread-1] INFO  storage.RaftStorageDirectory (RaftStorageDirectoryImpl.java:tryLock(215)) - Lock on /home/runner/work/ozone/ozone/mnt/ozone/hadoop-ozone/integration-test/target/test-dir/MiniOzoneClusterImpl-43f0ca0c-372e-4c55-aedd-c9e251b369b0/datanode-1/data/ratis/be950ea8-58d1-4b6b-a273-dc9d01f80266/in_use.lock acquired by nodename 27526@fv-az195-811
2021-06-09 09:33:01,134 [pool-107-thread-1] INFO  storage.RaftStorage (RaftStorageImpl.java:format(87)) - Storage directory /home/runner/work/ozone/ozone/mnt/ozone/hadoop-ozone/integration-test/target/test-dir/MiniOzoneClusterImpl-43f0ca0c-372e-4c55-aedd-c9e251b369b0/datanode-1/data/ratis/be950ea8-58d1-4b6b-a273-dc9d01f80266 has been successfully formatted.
2021-06-09 09:33:01,135 [pool-107-thread-1] INFO  ratis.ContainerStateMachine (ContainerStateMachine.java:loadSnapshot(224)) - group-DC9D01F80266: The snapshot info is null. Setting the last applied indexto:(t:0, i:~)
2021-06-09 09:33:01,135 [pool-107-thread-1] INFO  server.RaftServerConfigKeys (ConfUtils.java:logGet(44)) - raft.server.notification.no-leader.timeout = 300s (custom)
2021-06-09 09:33:01,135 [pool-107-thread-1] INFO  server.RaftServerConfigKeys (ConfUtils.java:logGet(44)) - raft.server.log.use.memory = false (default)
2021-06-09 09:33:01,135 [pool-107-thread-1] INFO  server.RaftServerConfigKeys (ConfUtils.java:logGet(44)) - raft.server.log.purge.gap = 1000000 (custom)
2021-06-09 09:33:01,135 [pool-107-thread-1] INFO  server.RaftServerConfigKeys (ConfUtils.java:logGet(44)) - raft.server.log.appender.buffer.byte-limit = 33554432 (custom)
2021-06-09 09:33:01,135 [pool-107-thread-1] INFO  metrics.RatisMetrics (RatisMetrics.java:lambda$create$0(36)) - Creating Metrics Registry : ratis.log_worker.3c147370-49f5-478a-bcbe-e6cea6e4d9ae@group-DC9D01F80266
2021-06-09 09:33:01,135 [pool-107-thread-1] INFO  server.RaftServerConfigKeys (ConfUtils.java:logGet(44)) - raft.server.log.segment.size.max = 1048576 (custom)
2021-06-09 09:33:01,136 [pool-107-thread-1] INFO  server.RaftServerConfigKeys (ConfUtils.java:logGet(44)) - raft.server.log.segment.cache.num.max = 2 (custom)
2021-06-09 09:33:01,136 [EventQueue-OpenPipelineForHealthyPipelineSafeModeRule] INFO  safemode.SCMSafeModeManager (HealthyPipelineSafeModeRule.java:process(130)) - SCM in safe mode. Healthy pipelines reported count is 0, required healthy pipeline reported count is 1
2021-06-09 09:33:01,136 [EventQueue-PipelineReportForOneReplicaPipelineSafeModeRule] INFO  safemode.SCMSafeModeManager (SCMSafeModeManager.java:validateSafeModeExitRules(201)) - AtleastOneDatanodeReportedRule rule is successfully validated
2021-06-09 09:33:01,137 [pool-107-thread-1] INFO  server.RaftServerConfigKeys (ConfUtils.java:logGet(44)) - raft.server.log.segment.cache.size.max = 200MB (=209715200) (default)
2021-06-09 09:33:01,137 [pool-107-thread-1] INFO  segmented.SegmentedRaftLogWorker (SegmentedRaftLogWorker.java:<init>(182)) - new 3c147370-49f5-478a-bcbe-e6cea6e4d9ae@group-DC9D01F80266-SegmentedRaftLogWorker for RaftStorageImpl:Storage Directory /home/runner/work/ozone/ozone/mnt/ozone/hadoop-ozone/integration-test/target/test-dir/MiniOzoneClusterImpl-43f0ca0c-372e-4c55-aedd-c9e251b369b0/datanode-1/data/ratis/be950ea8-58d1-4b6b-a273-dc9d01f80266
2021-06-09 09:33:01,137 [pool-107-thread-1] INFO  server.RaftServerConfigKeys (ConfUtils.java:logGet(44)) - raft.server.log.queue.byte-limit = 2147483647 (custom)
2021-06-09 09:33:01,137 [pool-107-thread-1] INFO  server.RaftServerConfigKeys (ConfUtils.java:logGet(44)) - raft.server.log.queue.element-limit = 1024 (custom)
2021-06-09 09:33:01,137 [pool-107-thread-1] INFO  server.RaftServerConfigKeys (ConfUtils.java:logGet(44)) - raft.server.log.segment.size.max = 1048576 (custom)
2021-06-09 09:33:01,137 [pool-107-thread-1] INFO  server.RaftServerConfigKeys (ConfUtils.java:logGet(44)) - raft.server.log.preallocated.size = 16384 (custom)
2021-06-09 09:33:01,137 [pool-107-thread-1] INFO  server.RaftServerConfigKeys (ConfUtils.java:logGet(44)) - raft.server.log.force.sync.num = 128 (default)
2021-06-09 09:33:01,137 [pool-107-thread-1] INFO  server.RaftServerConfigKeys (ConfUtils.java:logGet(44)) - raft.server.log.statemachine.data.sync = true (default)
2021-06-09 09:33:01,137 [pool-107-thread-1] INFO  server.RaftServerConfigKeys (ConfUtils.java:logGet(44)) - raft.server.log.statemachine.data.sync.timeout = 10s (default)
2021-06-09 09:33:01,137 [pool-107-thread-1] INFO  server.RaftServerConfigKeys (ConfUtils.java:logGet(44)) - raft.server.log.statemachine.data.sync.timeout.retry = -1 (default)
2021-06-09 09:33:01,138 [pool-107-thread-1] INFO  server.RaftServerConfigKeys (ConfUtils.java:logGet(44)) - raft.server.log.write.buffer.size = 1048576 (custom)
2021-06-09 09:33:01,140 [pool-107-thread-1] INFO  server.RaftServerConfigKeys (ConfUtils.java:logGet(44)) - raft.server.log.statemachine.data.caching.enabled = true (custom)
2021-06-09 09:33:01,140 [pool-107-thread-1] INFO  segmented.SegmentedRaftLogWorker (SegmentedRaftLogWorker.java:lambda$new$0(133)) - 3c147370-49f5-478a-bcbe-e6cea6e4d9ae@group-DC9D01F80266-SegmentedRaftLogWorker: flushIndex: setUnconditionally 0 -> -1
2021-06-09 09:33:01,140 [pool-107-thread-1] INFO  segmented.SegmentedRaftLogWorker (SegmentedRaftLogWorker.java:lambda$new$0(133)) - 3c147370-49f5-478a-bcbe-e6cea6e4d9ae@group-DC9D01F80266-SegmentedRaftLogWorker: safeCacheEvictIndex: setUnconditionally 0 -> -1
2021-06-09 09:33:01,140 [EventQueue-PipelineReportForOneReplicaPipelineSafeModeRule] INFO  safemode.SCMSafeModeManager (SCMSafeModeManager.java:validateSafeModeExitRules(201)) - AtleastOneDatanodeReportedRule rule is successfully validated
2021-06-09 09:33:01,140 [EventQueue-OpenPipelineForHealthyPipelineSafeModeRule] INFO  safemode.SCMSafeModeManager (HealthyPipelineSafeModeRule.java:process(130)) - SCM in safe mode. Healthy pipelines reported count is 0, required healthy pipeline reported count is 1
2021-06-09 09:33:01,141 [pool-107-thread-1] INFO  server.RaftServerConfigKeys (ConfUtils.java:logGet(44)) - raft.server.snapshot.auto.trigger.enabled = true (custom)
2021-06-09 09:33:01,141 [pool-107-thread-1] INFO  server.RaftServerConfigKeys (ConfUtils.java:logGet(44)) - raft.server.snapshot.auto.trigger.threshold = 10000 (custom)
2021-06-09 09:33:01,141 [pool-107-thread-1] INFO  server.RaftServerConfigKeys (ConfUtils.java:logGet(44)) - raft.server.snapshot.retention.file.num = 5 (custom)
2021-06-09 09:33:01,141 [pool-107-thread-1] INFO  server.RaftServerConfigKeys (ConfUtils.java:logGet(44)) - raft.server.log.purge.upto.snapshot.index = false (default)
2021-06-09 09:33:01,141 [pool-107-thread-1] INFO  server.RaftServerConfigKeys (ConfUtils.java:logGet(44)) - raft.server.retrycache.expirytime = 600000ms (custom)
2021-06-09 09:33:01,141 [pool-107-thread-1] INFO  server.RaftServerConfigKeys (ConfUtils.java:logGet(44)) - raft.server.retrycache.statistics.expirytime = 100μs (default)
2021-06-09 09:33:01,141 [pool-107-thread-1] INFO  metrics.RatisMetrics (RatisMetrics.java:lambda$create$0(36)) - Creating Metrics Registry : ratis.leader_election.3c147370-49f5-478a-bcbe-e6cea6e4d9ae@group-DC9D01F80266
2021-06-09 09:33:01,141 [pool-107-thread-1] INFO  metrics.RatisMetrics (RatisMetrics.java:lambda$create$0(36)) - Creating Metrics Registry : ratis.server.3c147370-49f5-478a-bcbe-e6cea6e4d9ae@group-DC9D01F80266
2021-06-09 09:33:01,142 [pool-107-thread-1] INFO  server.RaftServer$Division (RaftServerImpl.java:start(295)) - 3c147370-49f5-478a-bcbe-e6cea6e4d9ae@group-DC9D01F80266: start as a follower, conf=-1: [3c147370-49f5-478a-bcbe-e6cea6e4d9ae|rpc:127.0.0.1:40749|dataStream:|priority:1, 697bcd3f-2547-41de-8cec-7c932316130e|rpc:127.0.0.1:39889|dataStream:|priority:0, cc259bf8-a2eb-4525-8fb1-f4b47156f121|rpc:127.0.0.1:43471|dataStream:|priority:0], old=null
2021-06-09 09:33:01,142 [pool-107-thread-1] INFO  server.RaftServer$Division (RaftServerImpl.java:setRole(284)) - 3c147370-49f5-478a-bcbe-e6cea6e4d9ae@group-DC9D01F80266: changes role from      null to FOLLOWER at term 0 for startAsFollower
2021-06-09 09:33:01,142 [pool-107-thread-1] INFO  impl.RoleInfo (RoleInfo.java:updateAndGet(130)) - 3c147370-49f5-478a-bcbe-e6cea6e4d9ae: start 3c147370-49f5-478a-bcbe-e6cea6e4d9ae@group-DC9D01F80266-FollowerState
2021-06-09 09:33:01,143 [pool-107-thread-1] INFO  util.JmxRegister (JmxRegister.java:tryRegister(44)) - Successfully registered JMX Bean with object name Ratis:service=RaftServer,group=group-DC9D01F80266,id=3c147370-49f5-478a-bcbe-e6cea6e4d9ae
2021-06-09 09:33:01,144 [pool-107-thread-1] INFO  metrics.RatisMetrics (RatisMetrics.java:lambda$create$0(36)) - Creating Metrics Registry : ratis.state_machine.3c147370-49f5-478a-bcbe-e6cea6e4d9ae@group-DC9D01F80266
2021-06-09 09:33:01,146 [Command processor thread] INFO  commandhandler.CreatePipelineCommandHandler (CreatePipelineCommandHandler.java:handle(106)) - Created Pipeline RATIS THREE PipelineID=01afcea1-9cbf-4cb9-976c-5894fe760dec.
2021-06-09 09:33:01,146 [Command processor thread] INFO  server.RaftServer (RaftServerProxy.java:addNew(95)) - 697bcd3f-2547-41de-8cec-7c932316130e: addNew group-DC9D01F80266:[3c147370-49f5-478a-bcbe-e6cea6e4d9ae|rpc:127.0.0.1:40749|priority:1, 697bcd3f-2547-41de-8cec-7c932316130e|rpc:127.0.0.1:39889|priority:0, cc259bf8-a2eb-4525-8fb1-f4b47156f121|rpc:127.0.0.1:43471|priority:0] returns group-DC9D01F80266:java.util.concurrent.CompletableFuture@51f6382f[Not completed]
2021-06-09 09:33:01,147 [pool-90-thread-1] INFO  server.RaftServer$Division (RaftServerImpl.java:<init>(180)) - 697bcd3f-2547-41de-8cec-7c932316130e: new RaftServerImpl for group-DC9D01F80266:[3c147370-49f5-478a-bcbe-e6cea6e4d9ae|rpc:127.0.0.1:40749|priority:1, 697bcd3f-2547-41de-8cec-7c932316130e|rpc:127.0.0.1:39889|priority:0, cc259bf8-a2eb-4525-8fb1-f4b47156f121|rpc:127.0.0.1:43471|priority:0] with ContainerStateMachine:uninitialized
2021-06-09 09:33:01,147 [pool-90-thread-1] INFO  server.RaftServerConfigKeys (ConfUtils.java:logGet(44)) - raft.server.rpc.timeout.min = 5s (custom)
2021-06-09 09:33:01,148 [pool-90-thread-1] INFO  server.RaftServerConfigKeys (ConfUtils.java:logGet(44)) - raft.server.rpc.timeout.max = 5200ms (custom)
2021-06-09 09:33:01,148 [pool-90-thread-1] INFO  server.RaftServerConfigKeys (ConfUtils.java:logGet(44)) - raft.server.rpc.sleep.time = 25ms (default)
2021-06-09 09:33:01,148 [pool-90-thread-1] INFO  server.RaftServerConfigKeys (ConfUtils.java:logGet(44)) - raft.server.rpc.slowness.timeout = 300s (custom)
2021-06-09 09:33:01,148 [pool-90-thread-1] INFO  server.RaftServerConfigKeys (ConfUtils.java:logGet(44)) - raft.server.leaderelection.leader.step-down.wait-time = 10s (default)
2021-06-09 09:33:01,148 [pool-90-thread-1] INFO  server.RaftServerConfigKeys (ConfUtils.java:logGet(44)) - raft.server.sleep.deviation.threshold = 300ms (default)
2021-06-09 09:33:01,148 [pool-90-thread-1] INFO  server.RaftServerConfigKeys (ConfUtils.java:logGet(44)) - raft.server.log.appender.install.snapshot.enabled = false (custom)
2021-06-09 09:33:01,148 [pool-90-thread-1] INFO  server.RaftServer$Division (ServerState.java:<init>(105)) - 697bcd3f-2547-41de-8cec-7c932316130e@group-DC9D01F80266: ConfigurationManager, init=-1: [3c147370-49f5-478a-bcbe-e6cea6e4d9ae|rpc:127.0.0.1:40749|priority:1, 697bcd3f-2547-41de-8cec-7c932316130e|rpc:127.0.0.1:39889|priority:0, cc259bf8-a2eb-4525-8fb1-f4b47156f121|rpc:127.0.0.1:43471|priority:0], old=null, confs=<EMPTY_MAP>
2021-06-09 09:33:01,148 [pool-90-thread-1] INFO  server.RaftServerConfigKeys (ConfUtils.java:logGet(44)) - raft.server.storage.dir = [/home/runner/work/ozone/ozone/mnt/ozone/hadoop-ozone/integration-test/target/test-dir/MiniOzoneClusterImpl-43f0ca0c-372e-4c55-aedd-c9e251b369b0/datanode-0/data/ratis] (custom)
2021-06-09 09:33:01,148 [pool-90-thread-1] INFO  server.RaftServerConfigKeys (ConfUtils.java:logGet(44)) - raft.server.log.corruption.policy = EXCEPTION (default)
2021-06-09 09:33:01,148 [pool-90-thread-1] INFO  storage.RaftStorageDirectory (RaftStorageDirectoryImpl.java:analyzeStorage(132)) - The storage directory /home/runner/work/ozone/ozone/mnt/ozone/hadoop-ozone/integration-test/target/test-dir/MiniOzoneClusterImpl-43f0ca0c-372e-4c55-aedd-c9e251b369b0/datanode-0/data/ratis/be950ea8-58d1-4b6b-a273-dc9d01f80266 does not exist. Creating ...
2021-06-09 09:33:01,149 [pool-90-thread-1] INFO  storage.RaftStorageDirectory (RaftStorageDirectoryImpl.java:tryLock(215)) - Lock on /home/runner/work/ozone/ozone/mnt/ozone/hadoop-ozone/integration-test/target/test-dir/MiniOzoneClusterImpl-43f0ca0c-372e-4c55-aedd-c9e251b369b0/datanode-0/data/ratis/be950ea8-58d1-4b6b-a273-dc9d01f80266/in_use.lock acquired by nodename 27526@fv-az195-811
2021-06-09 09:33:01,153 [pool-90-thread-1] INFO  storage.RaftStorage (RaftStorageImpl.java:format(87)) - Storage directory /home/runner/work/ozone/ozone/mnt/ozone/hadoop-ozone/integration-test/target/test-dir/MiniOzoneClusterImpl-43f0ca0c-372e-4c55-aedd-c9e251b369b0/datanode-0/data/ratis/be950ea8-58d1-4b6b-a273-dc9d01f80266 has been successfully formatted.
2021-06-09 09:33:01,153 [pool-90-thread-1] INFO  ratis.ContainerStateMachine (ContainerStateMachine.java:loadSnapshot(224)) - group-DC9D01F80266: The snapshot info is null. Setting the last applied indexto:(t:0, i:~)
2021-06-09 09:33:01,153 [pool-90-thread-1] INFO  server.RaftServerConfigKeys (ConfUtils.java:logGet(44)) - raft.server.notification.no-leader.timeout = 300s (custom)
2021-06-09 09:33:01,153 [pool-90-thread-1] INFO  server.RaftServerConfigKeys (ConfUtils.java:logGet(44)) - raft.server.log.use.memory = false (default)
2021-06-09 09:33:01,153 [pool-90-thread-1] INFO  server.RaftServerConfigKeys (ConfUtils.java:logGet(44)) - raft.server.log.purge.gap = 1000000 (custom)
2021-06-09 09:33:01,153 [pool-90-thread-1] INFO  server.RaftServerConfigKeys (ConfUtils.java:logGet(44)) - raft.server.log.appender.buffer.byte-limit = 33554432 (custom)
2021-06-09 09:33:01,153 [pool-90-thread-1] INFO  metrics.RatisMetrics (RatisMetrics.java:lambda$create$0(36)) - Creating Metrics Registry : ratis.log_worker.697bcd3f-2547-41de-8cec-7c932316130e@group-DC9D01F80266
2021-06-09 09:33:01,154 [pool-90-thread-1] INFO  server.RaftServerConfigKeys (ConfUtils.java:logGet(44)) - raft.server.log.segment.size.max = 1048576 (custom)
2021-06-09 09:33:01,154 [pool-90-thread-1] INFO  server.RaftServerConfigKeys (ConfUtils.java:logGet(44)) - raft.server.log.segment.cache.num.max = 2 (custom)
2021-06-09 09:33:01,154 [pool-90-thread-1] INFO  server.RaftServerConfigKeys (ConfUtils.java:logGet(44)) - raft.server.log.segment.cache.size.max = 200MB (=209715200) (default)
2021-06-09 09:33:01,154 [pool-90-thread-1] INFO  segmented.SegmentedRaftLogWorker (SegmentedRaftLogWorker.java:<init>(182)) - new 697bcd3f-2547-41de-8cec-7c932316130e@group-DC9D01F80266-SegmentedRaftLogWorker for RaftStorageImpl:Storage Directory /home/runner/work/ozone/ozone/mnt/ozone/hadoop-ozone/integration-test/target/test-dir/MiniOzoneClusterImpl-43f0ca0c-372e-4c55-aedd-c9e251b369b0/datanode-0/data/ratis/be950ea8-58d1-4b6b-a273-dc9d01f80266
2021-06-09 09:33:01,154 [pool-90-thread-1] INFO  server.RaftServerConfigKeys (ConfUtils.java:logGet(44)) - raft.server.log.queue.byte-limit = 2147483647 (custom)
2021-06-09 09:33:01,154 [pool-90-thread-1] INFO  server.RaftServerConfigKeys (ConfUtils.java:logGet(44)) - raft.server.log.queue.element-limit = 1024 (custom)
2021-06-09 09:33:01,154 [pool-90-thread-1] INFO  server.RaftServerConfigKeys (ConfUtils.java:logGet(44)) - raft.server.log.segment.size.max = 1048576 (custom)
2021-06-09 09:33:01,154 [pool-90-thread-1] INFO  server.RaftServerConfigKeys (ConfUtils.java:logGet(44)) - raft.server.log.preallocated.size = 16384 (custom)
2021-06-09 09:33:01,154 [pool-90-thread-1] INFO  server.RaftServerConfigKeys (ConfUtils.java:logGet(44)) - raft.server.log.force.sync.num = 128 (default)
2021-06-09 09:33:01,154 [pool-90-thread-1] INFO  server.RaftServerConfigKeys (ConfUtils.java:logGet(44)) - raft.server.log.statemachine.data.sync = true (default)
2021-06-09 09:33:01,154 [pool-90-thread-1] INFO  server.RaftServerConfigKeys (ConfUtils.java:logGet(44)) - raft.server.log.statemachine.data.sync.timeout = 10s (default)
2021-06-09 09:33:01,154 [pool-90-thread-1] INFO  server.RaftServerConfigKeys (ConfUtils.java:logGet(44)) - raft.server.log.statemachine.data.sync.timeout.retry = -1 (default)
2021-06-09 09:33:01,155 [pool-90-thread-1] INFO  server.RaftServerConfigKeys (ConfUtils.java:logGet(44)) - raft.server.log.write.buffer.size = 1048576 (custom)
2021-06-09 09:33:01,156 [pool-90-thread-1] INFO  server.RaftServerConfigKeys (ConfUtils.java:logGet(44)) - raft.server.log.statemachine.data.caching.enabled = true (custom)
2021-06-09 09:33:01,156 [pool-90-thread-1] INFO  segmented.SegmentedRaftLogWorker (SegmentedRaftLogWorker.java:lambda$new$0(133)) - 697bcd3f-2547-41de-8cec-7c932316130e@group-DC9D01F80266-SegmentedRaftLogWorker: flushIndex: setUnconditionally 0 -> -1
2021-06-09 09:33:01,156 [pool-90-thread-1] INFO  segmented.SegmentedRaftLogWorker (SegmentedRaftLogWorker.java:lambda$new$0(133)) - 697bcd3f-2547-41de-8cec-7c932316130e@group-DC9D01F80266-SegmentedRaftLogWorker: safeCacheEvictIndex: setUnconditionally 0 -> -1
2021-06-09 09:33:01,157 [EventQueue-PipelineReportForOneReplicaPipelineSafeModeRule] INFO  safemode.SCMSafeModeManager (SCMSafeModeManager.java:validateSafeModeExitRules(201)) - AtleastOneDatanodeReportedRule rule is successfully validated
2021-06-09 09:33:01,157 [EventQueue-OpenPipelineForHealthyPipelineSafeModeRule] INFO  safemode.SCMSafeModeManager (HealthyPipelineSafeModeRule.java:process(130)) - SCM in safe mode. Healthy pipelines reported count is 0, required healthy pipeline reported count is 1
2021-06-09 09:33:01,157 [EventQueue-PipelineReportForOneReplicaPipelineSafeModeRule] INFO  safemode.SCMSafeModeManager (SCMSafeModeManager.java:validateSafeModeExitRules(201)) - AtleastOneDatanodeReportedRule rule is successfully validated
2021-06-09 09:33:01,158 [EventQueue-OpenPipelineForHealthyPipelineSafeModeRule] INFO  safemode.SCMSafeModeManager (HealthyPipelineSafeModeRule.java:process(130)) - SCM in safe mode. Healthy pipelines reported count is 0, required healthy pipeline reported count is 1
2021-06-09 09:33:01,159 [pool-90-thread-1] INFO  server.RaftServerConfigKeys (ConfUtils.java:logGet(44)) - raft.server.snapshot.auto.trigger.enabled = true (custom)
2021-06-09 09:33:01,159 [pool-90-thread-1] INFO  server.RaftServerConfigKeys (ConfUtils.java:logGet(44)) - raft.server.snapshot.auto.trigger.threshold = 10000 (custom)
2021-06-09 09:33:01,160 [pool-90-thread-1] INFO  server.RaftServerConfigKeys (ConfUtils.java:logGet(44)) - raft.server.snapshot.retention.file.num = 5 (custom)
2021-06-09 09:33:01,161 [pool-90-thread-1] INFO  server.RaftServerConfigKeys (ConfUtils.java:logGet(44)) - raft.server.log.purge.upto.snapshot.index = false (default)
2021-06-09 09:33:01,160 [Command processor thread] INFO  commandhandler.CreatePipelineCommandHandler (CreatePipelineCommandHandler.java:handle(106)) - Created Pipeline RATIS THREE PipelineID=01afcea1-9cbf-4cb9-976c-5894fe760dec.
2021-06-09 09:33:01,164 [Command processor thread] INFO  metrics.RatisMetrics (RatisMetrics.java:lambda$create$0(36)) - Creating Metrics Registry : ratis.client_message_metrics.client-8480AE77E69E->697bcd3f-2547-41de-8cec-7c932316130e
2021-06-09 09:33:01,163 [pool-90-thread-1] INFO  server.RaftServerConfigKeys (ConfUtils.java:logGet(44)) - raft.server.retrycache.expirytime = 600000ms (custom)
2021-06-09 09:33:01,165 [pool-90-thread-1] INFO  server.RaftServerConfigKeys (ConfUtils.java:logGet(44)) - raft.server.retrycache.statistics.expirytime = 100μs (default)
2021-06-09 09:33:01,165 [pool-90-thread-1] INFO  metrics.RatisMetrics (RatisMetrics.java:lambda$create$0(36)) - Creating Metrics Registry : ratis.leader_election.697bcd3f-2547-41de-8cec-7c932316130e@group-DC9D01F80266
2021-06-09 09:33:01,165 [pool-90-thread-1] INFO  metrics.RatisMetrics (RatisMetrics.java:lambda$create$0(36)) - Creating Metrics Registry : ratis.server.697bcd3f-2547-41de-8cec-7c932316130e@group-DC9D01F80266
2021-06-09 09:33:01,166 [pool-90-thread-1] INFO  server.RaftServer$Division (RaftServerImpl.java:start(295)) - 697bcd3f-2547-41de-8cec-7c932316130e@group-DC9D01F80266: start as a follower, conf=-1: [3c147370-49f5-478a-bcbe-e6cea6e4d9ae|rpc:127.0.0.1:40749|priority:1, 697bcd3f-2547-41de-8cec-7c932316130e|rpc:127.0.0.1:39889|priority:0, cc259bf8-a2eb-4525-8fb1-f4b47156f121|rpc:127.0.0.1:43471|priority:0], old=null
2021-06-09 09:33:01,166 [pool-90-thread-1] INFO  server.RaftServer$Division (RaftServerImpl.java:setRole(284)) - 697bcd3f-2547-41de-8cec-7c932316130e@group-DC9D01F80266: changes role from      null to FOLLOWER at term 0 for startAsFollower
2021-06-09 09:33:01,166 [pool-90-thread-1] INFO  impl.RoleInfo (RoleInfo.java:updateAndGet(130)) - 697bcd3f-2547-41de-8cec-7c932316130e: start 697bcd3f-2547-41de-8cec-7c932316130e@group-DC9D01F80266-FollowerState
2021-06-09 09:33:01,167 [pool-90-thread-1] INFO  util.JmxRegister (JmxRegister.java:tryRegister(44)) - Successfully registered JMX Bean with object name Ratis:service=RaftServer,group=group-DC9D01F80266,id=697bcd3f-2547-41de-8cec-7c932316130e
2021-06-09 09:33:01,167 [pool-90-thread-1] INFO  metrics.RatisMetrics (RatisMetrics.java:lambda$create$0(36)) - Creating Metrics Registry : ratis.state_machine.697bcd3f-2547-41de-8cec-7c932316130e@group-DC9D01F80266
2021-06-09 09:33:01,168 [Command processor thread] INFO  ratis.XceiverServerRatis (XceiverServerRatis.java:addGroup(808)) - Created group PipelineID=be950ea8-58d1-4b6b-a273-dc9d01f80266
2021-06-09 09:33:01,169 [Command processor thread] INFO  metrics.RatisMetrics (RatisMetrics.java:lambda$create$0(36)) - Creating Metrics Registry : ratis.client_message_metrics.client-13ADFABE12C0->3c147370-49f5-478a-bcbe-e6cea6e4d9ae
2021-06-09 09:33:01,196 [Command processor thread] INFO  metrics.RatisMetrics (RatisMetrics.java:lambda$create$0(36)) - Creating Metrics Registry : ratis.client_message_metrics.client-603463189DD9->cc259bf8-a2eb-4525-8fb1-f4b47156f121
2021-06-09 09:33:01,206 [Command processor thread] INFO  commandhandler.CreatePipelineCommandHandler (CreatePipelineCommandHandler.java:handle(106)) - Created Pipeline RATIS THREE PipelineID=be950ea8-58d1-4b6b-a273-dc9d01f80266.
2021-06-09 09:33:01,216 [Command processor thread] INFO  commandhandler.CreatePipelineCommandHandler (CreatePipelineCommandHandler.java:handle(106)) - Created Pipeline RATIS THREE PipelineID=be950ea8-58d1-4b6b-a273-dc9d01f80266.
2021-06-09 09:33:01,953 [Listener at 127.0.0.1/10928] INFO  ozone.MiniOzoneClusterImpl (MiniOzoneClusterImpl.java:lambda$waitForClusterToBeReady$0(224)) - Nodes are ready. Got 3 of 3 DN Heartbeats.
2021-06-09 09:33:01,953 [Listener at 127.0.0.1/10928] INFO  ozone.MiniOzoneClusterImpl (MiniOzoneClusterImpl.java:lambda$waitForClusterToBeReady$0(227)) - Waiting for cluster to exit safe mode
2021-06-09 09:33:01,953 [Listener at 127.0.0.1/10928] INFO  ozone.MiniOzoneClusterImpl (MiniOzoneClusterImpl.java:lambda$waitForClusterToBeReady$0(230)) - SCM became leader
2021-06-09 09:33:02,954 [Listener at 127.0.0.1/10928] INFO  ozone.MiniOzoneClusterImpl (MiniOzoneClusterImpl.java:lambda$waitForClusterToBeReady$0(224)) - Nodes are ready. Got 3 of 3 DN Heartbeats.
2021-06-09 09:33:02,954 [Listener at 127.0.0.1/10928] INFO  ozone.MiniOzoneClusterImpl (MiniOzoneClusterImpl.java:lambda$waitForClusterToBeReady$0(227)) - Waiting for cluster to exit safe mode
2021-06-09 09:33:02,954 [Listener at 127.0.0.1/10928] INFO  ozone.MiniOzoneClusterImpl (MiniOzoneClusterImpl.java:lambda$waitForClusterToBeReady$0(230)) - SCM became leader
2021-06-09 09:33:03,954 [Listener at 127.0.0.1/10928] INFO  ozone.MiniOzoneClusterImpl (MiniOzoneClusterImpl.java:lambda$waitForClusterToBeReady$0(224)) - Nodes are ready. Got 3 of 3 DN Heartbeats.
2021-06-09 09:33:03,955 [Listener at 127.0.0.1/10928] INFO  ozone.MiniOzoneClusterImpl (MiniOzoneClusterImpl.java:lambda$waitForClusterToBeReady$0(227)) - Waiting for cluster to exit safe mode
2021-06-09 09:33:03,955 [Listener at 127.0.0.1/10928] INFO  ozone.MiniOzoneClusterImpl (MiniOzoneClusterImpl.java:lambda$waitForClusterToBeReady$0(230)) - SCM became leader
2021-06-09 09:33:04,955 [Listener at 127.0.0.1/10928] INFO  ozone.MiniOzoneClusterImpl (MiniOzoneClusterImpl.java:lambda$waitForClusterToBeReady$0(224)) - Nodes are ready. Got 3 of 3 DN Heartbeats.
2021-06-09 09:33:04,955 [Listener at 127.0.0.1/10928] INFO  ozone.MiniOzoneClusterImpl (MiniOzoneClusterImpl.java:lambda$waitForClusterToBeReady$0(227)) - Waiting for cluster to exit safe mode
2021-06-09 09:33:04,955 [Listener at 127.0.0.1/10928] INFO  ozone.MiniOzoneClusterImpl (MiniOzoneClusterImpl.java:lambda$waitForClusterToBeReady$0(230)) - SCM became leader
2021-06-09 09:33:05,139 [Datanode State Machine Thread - 0] ERROR datanode.RunningDatanodeState (RunningDatanodeState.java:computeNextContainerState(199)) - Error in executing end point task.
java.util.concurrent.ExecutionException: java.util.concurrent.TimeoutException
	at java.util.concurrent.FutureTask.report(FutureTask.java:122)
	at java.util.concurrent.FutureTask.get(FutureTask.java:192)
	at org.apache.hadoop.ozone.container.common.states.datanode.RunningDatanodeState.computeNextContainerState(RunningDatanodeState.java:191)
	at org.apache.hadoop.ozone.container.common.states.datanode.RunningDatanodeState.await(RunningDatanodeState.java:231)
	at org.apache.hadoop.ozone.container.common.states.datanode.RunningDatanodeState.await(RunningDatanodeState.java:50)
	at org.apache.hadoop.ozone.container.common.statemachine.StateContext.execute(StateContext.java:629)
	at org.apache.hadoop.ozone.container.common.statemachine.DatanodeStateMachine.start(DatanodeStateMachine.java:244)
	at org.apache.hadoop.ozone.container.common.statemachine.DatanodeStateMachine.lambda$startDaemon$0(DatanodeStateMachine.java:427)
	at java.lang.Thread.run(Thread.java:748)
Caused by: java.util.concurrent.TimeoutException
	at java.util.concurrent.FutureTask.get(FutureTask.java:205)
	at org.apache.hadoop.ozone.container.common.states.datanode.RunningDatanodeState.lambda$execute$0(RunningDatanodeState.java:149)
	at java.util.concurrent.FutureTask.run(FutureTask.java:266)
	at java.util.concurrent.Executors$RunnableAdapter.call(Executors.java:511)
	at java.util.concurrent.FutureTask.run(FutureTask.java:266)
	at java.util.concurrent.ThreadPoolExecutor.runWorker(ThreadPoolExecutor.java:1149)
	at java.util.concurrent.ThreadPoolExecutor$Worker.run(ThreadPoolExecutor.java:624)
	... 1 more
2021-06-09 09:33:05,158 [Datanode State Machine Thread - 0] ERROR datanode.RunningDatanodeState (RunningDatanodeState.java:computeNextContainerState(199)) - Error in executing end point task.
java.util.concurrent.ExecutionException: java.util.concurrent.TimeoutException
	at java.util.concurrent.FutureTask.report(FutureTask.java:122)
	at java.util.concurrent.FutureTask.get(FutureTask.java:192)
	at org.apache.hadoop.ozone.container.common.states.datanode.RunningDatanodeState.computeNextContainerState(RunningDatanodeState.java:191)
	at org.apache.hadoop.ozone.container.common.states.datanode.RunningDatanodeState.await(RunningDatanodeState.java:231)
	at org.apache.hadoop.ozone.container.common.states.datanode.RunningDatanodeState.await(RunningDatanodeState.java:50)
	at org.apache.hadoop.ozone.container.common.statemachine.StateContext.execute(StateContext.java:629)
	at org.apache.hadoop.ozone.container.common.statemachine.DatanodeStateMachine.start(DatanodeStateMachine.java:244)
	at org.apache.hadoop.ozone.container.common.statemachine.DatanodeStateMachine.lambda$startDaemon$0(DatanodeStateMachine.java:427)
	at java.lang.Thread.run(Thread.java:748)
Caused by: java.util.concurrent.TimeoutException
	at java.util.concurrent.FutureTask.get(FutureTask.java:205)
	at org.apache.hadoop.ozone.container.common.states.datanode.RunningDatanodeState.lambda$execute$0(RunningDatanodeState.java:149)
	at java.util.concurrent.FutureTask.run(FutureTask.java:266)
	at java.util.concurrent.Executors$RunnableAdapter.call(Executors.java:511)
	at java.util.concurrent.FutureTask.run(FutureTask.java:266)
	at java.util.concurrent.ThreadPoolExecutor.runWorker(ThreadPoolExecutor.java:1149)
	at java.util.concurrent.ThreadPoolExecutor$Worker.run(ThreadPoolExecutor.java:624)
	... 1 more
2021-06-09 09:33:05,781 [697bcd3f-2547-41de-8cec-7c932316130e@group-6416CF2B93B2-FollowerState] INFO  impl.FollowerState (FollowerState.java:run(134)) - 697bcd3f-2547-41de-8cec-7c932316130e@group-6416CF2B93B2-FollowerState: change to CANDIDATE, lastRpcElapsedTime:5039177260ns, electionTimeout:5036ms
2021-06-09 09:33:05,781 [697bcd3f-2547-41de-8cec-7c932316130e@group-6416CF2B93B2-FollowerState] INFO  impl.RoleInfo (RoleInfo.java:shutdownFollowerState(108)) - 697bcd3f-2547-41de-8cec-7c932316130e: shutdown 697bcd3f-2547-41de-8cec-7c932316130e@group-6416CF2B93B2-FollowerState
2021-06-09 09:33:05,781 [697bcd3f-2547-41de-8cec-7c932316130e@group-6416CF2B93B2-FollowerState] INFO  server.RaftServer$Division (RaftServerImpl.java:setRole(284)) - 697bcd3f-2547-41de-8cec-7c932316130e@group-6416CF2B93B2: changes role from  FOLLOWER to CANDIDATE at term 0 for changeToCandidate
2021-06-09 09:33:05,782 [697bcd3f-2547-41de-8cec-7c932316130e@group-6416CF2B93B2-FollowerState] INFO  server.RaftServerConfigKeys (ConfUtils.java:logGet(44)) - raft.server.leaderelection.pre-vote = false (custom)
2021-06-09 09:33:05,782 [697bcd3f-2547-41de-8cec-7c932316130e@group-6416CF2B93B2-FollowerState] INFO  impl.RoleInfo (RoleInfo.java:updateAndGet(130)) - 697bcd3f-2547-41de-8cec-7c932316130e: start 697bcd3f-2547-41de-8cec-7c932316130e@group-6416CF2B93B2-LeaderElection4
2021-06-09 09:33:05,786 [697bcd3f-2547-41de-8cec-7c932316130e@group-6416CF2B93B2-LeaderElection4] INFO  impl.LeaderElection (LeaderElection.java:askForVotes(306)) - 697bcd3f-2547-41de-8cec-7c932316130e@group-6416CF2B93B2-LeaderElection4 ELECTION round 0: submit vote requests at term 1 for -1: [697bcd3f-2547-41de-8cec-7c932316130e|rpc:127.0.0.1:39889|priority:1], old=null
2021-06-09 09:33:05,786 [697bcd3f-2547-41de-8cec-7c932316130e@group-6416CF2B93B2-LeaderElection4] INFO  impl.LeaderElection (LeaderElection.java:askForVotes(308)) - 697bcd3f-2547-41de-8cec-7c932316130e@group-6416CF2B93B2-LeaderElection4 ELECTION round 0: result PASSED (term=1)
2021-06-09 09:33:05,786 [697bcd3f-2547-41de-8cec-7c932316130e@group-6416CF2B93B2-LeaderElection4] INFO  impl.RoleInfo (RoleInfo.java:shutdownLeaderElection(121)) - 697bcd3f-2547-41de-8cec-7c932316130e: shutdown 697bcd3f-2547-41de-8cec-7c932316130e@group-6416CF2B93B2-LeaderElection4
2021-06-09 09:33:05,787 [697bcd3f-2547-41de-8cec-7c932316130e@group-6416CF2B93B2-LeaderElection4] INFO  server.RaftServer$Division (RaftServerImpl.java:setRole(284)) - 697bcd3f-2547-41de-8cec-7c932316130e@group-6416CF2B93B2: changes role from CANDIDATE to LEADER at term 1 for changeToLeader
2021-06-09 09:33:05,787 [697bcd3f-2547-41de-8cec-7c932316130e@group-6416CF2B93B2-LeaderElection4] INFO  ratis.XceiverServerRatis (XceiverServerRatis.java:handleLeaderChangedNotification(906)) - Leader change notification received for group: group-6416CF2B93B2 with new leaderId: 697bcd3f-2547-41de-8cec-7c932316130e
2021-06-09 09:33:05,787 [697bcd3f-2547-41de-8cec-7c932316130e@group-6416CF2B93B2-LeaderElection4] INFO  server.RaftServer$Division (ServerState.java:setLeader(271)) - 697bcd3f-2547-41de-8cec-7c932316130e@group-6416CF2B93B2: change Leader from null to 697bcd3f-2547-41de-8cec-7c932316130e at term 1 for becomeLeader, leader elected after 5073ms
2021-06-09 09:33:05,787 [697bcd3f-2547-41de-8cec-7c932316130e@group-6416CF2B93B2-LeaderElection4] INFO  server.RaftServerConfigKeys (ConfUtils.java:logGet(44)) - raft.server.staging.catchup.gap = 1000 (default)
2021-06-09 09:33:05,787 [697bcd3f-2547-41de-8cec-7c932316130e@group-6416CF2B93B2-LeaderElection4] INFO  metrics.RatisMetrics (RatisMetrics.java:lambda$create$0(36)) - Creating Metrics Registry : ratis.log_appender.697bcd3f-2547-41de-8cec-7c932316130e@group-6416CF2B93B2
2021-06-09 09:33:05,787 [697bcd3f-2547-41de-8cec-7c932316130e@group-6416CF2B93B2-LeaderElection4] INFO  server.RaftServerConfigKeys (ConfUtils.java:logGet(44)) - raft.server.write.element-limit = 1024 (custom)
2021-06-09 09:33:05,787 [697bcd3f-2547-41de-8cec-7c932316130e@group-6416CF2B93B2-LeaderElection4] INFO  server.RaftServerConfigKeys (ConfUtils.java:logGet(44)) - raft.server.write.byte-limit = 1073741824 (custom)
2021-06-09 09:33:05,788 [EventQueue-PipelineReportForOneReplicaPipelineSafeModeRule] INFO  safemode.SCMSafeModeManager (SCMSafeModeManager.java:validateSafeModeExitRules(201)) - AtleastOneDatanodeReportedRule rule is successfully validated
2021-06-09 09:33:05,789 [697bcd3f-2547-41de-8cec-7c932316130e@group-6416CF2B93B2-LeaderElection4] INFO  server.RaftServerConfigKeys (ConfUtils.java:logGet(44)) - raft.server.watch.timeout = 180s (custom)
2021-06-09 09:33:05,789 [697bcd3f-2547-41de-8cec-7c932316130e@group-6416CF2B93B2-LeaderElection4] INFO  server.RaftServerConfigKeys (ConfUtils.java:logGet(44)) - raft.server.watch.timeout.denomination = 1s (default)
2021-06-09 09:33:05,789 [EventQueue-OpenPipelineForHealthyPipelineSafeModeRule] INFO  safemode.SCMSafeModeManager (HealthyPipelineSafeModeRule.java:process(130)) - SCM in safe mode. Healthy pipelines reported count is 0, required healthy pipeline reported count is 1
2021-06-09 09:33:05,789 [EventQueue-PipelineReportForOneReplicaPipelineSafeModeRule] INFO  safemode.SCMSafeModeManager (SCMSafeModeManager.java:validateSafeModeExitRules(201)) - AtleastOneDatanodeReportedRule rule is successfully validated
2021-06-09 09:33:05,789 [EventQueue-OpenPipelineForHealthyPipelineSafeModeRule] INFO  safemode.SCMSafeModeManager (HealthyPipelineSafeModeRule.java:process(130)) - SCM in safe mode. Healthy pipelines reported count is 0, required healthy pipeline reported count is 1
2021-06-09 09:33:05,789 [697bcd3f-2547-41de-8cec-7c932316130e@group-6416CF2B93B2-LeaderElection4] INFO  server.RaftServerConfigKeys (ConfUtils.java:logGet(44)) - raft.server.watch.element-limit = 65536 (default)
2021-06-09 09:33:05,793 [697bcd3f-2547-41de-8cec-7c932316130e@group-6416CF2B93B2-LeaderElection4] INFO  impl.RoleInfo (RoleInfo.java:updateAndGet(130)) - 697bcd3f-2547-41de-8cec-7c932316130e: start 697bcd3f-2547-41de-8cec-7c932316130e@group-6416CF2B93B2-LeaderStateImpl
2021-06-09 09:33:05,793 [697bcd3f-2547-41de-8cec-7c932316130e@group-6416CF2B93B2-LeaderElection4] INFO  segmented.SegmentedRaftLogWorker (SegmentedRaftLogWorker.java:startLogSegment(394)) - 697bcd3f-2547-41de-8cec-7c932316130e@group-6416CF2B93B2-SegmentedRaftLogWorker: Starting segment from index:0
2021-06-09 09:33:05,795 [697bcd3f-2547-41de-8cec-7c932316130e@group-6416CF2B93B2-LeaderElection4] INFO  server.RaftServer$Division (ServerState.java:setRaftConf(373)) - 697bcd3f-2547-41de-8cec-7c932316130e@group-6416CF2B93B2: set configuration 0: [697bcd3f-2547-41de-8cec-7c932316130e|rpc:127.0.0.1:39889|dataStream:|priority:1], old=null
2021-06-09 09:33:05,796 [697bcd3f-2547-41de-8cec-7c932316130e@group-6416CF2B93B2-SegmentedRaftLogWorker] INFO  segmented.SegmentedRaftLogWorker (SegmentedRaftLogWorker.java:execute(601)) - 697bcd3f-2547-41de-8cec-7c932316130e@group-6416CF2B93B2-SegmentedRaftLogWorker: created new log segment /home/runner/work/ozone/ozone/mnt/ozone/hadoop-ozone/integration-test/target/test-dir/MiniOzoneClusterImpl-43f0ca0c-372e-4c55-aedd-c9e251b369b0/datanode-0/data/ratis/ab495932-067f-4ead-8cc9-6416cf2b93b2/current/log_inprogress_0
2021-06-09 09:33:05,931 [697bcd3f-2547-41de-8cec-7c932316130e@group-5894FE760DEC-FollowerState] INFO  impl.FollowerState (FollowerState.java:run(134)) - 697bcd3f-2547-41de-8cec-7c932316130e@group-5894FE760DEC-FollowerState: change to CANDIDATE, lastRpcElapsedTime:5142935887ns, electionTimeout:5136ms
2021-06-09 09:33:05,931 [697bcd3f-2547-41de-8cec-7c932316130e@group-5894FE760DEC-FollowerState] INFO  impl.RoleInfo (RoleInfo.java:shutdownFollowerState(108)) - 697bcd3f-2547-41de-8cec-7c932316130e: shutdown 697bcd3f-2547-41de-8cec-7c932316130e@group-5894FE760DEC-FollowerState
2021-06-09 09:33:05,931 [697bcd3f-2547-41de-8cec-7c932316130e@group-5894FE760DEC-FollowerState] INFO  server.RaftServer$Division (RaftServerImpl.java:setRole(284)) - 697bcd3f-2547-41de-8cec-7c932316130e@group-5894FE760DEC: changes role from  FOLLOWER to CANDIDATE at term 0 for changeToCandidate
2021-06-09 09:33:05,931 [697bcd3f-2547-41de-8cec-7c932316130e@group-5894FE760DEC-FollowerState] INFO  server.RaftServerConfigKeys (ConfUtils.java:logGet(44)) - raft.server.leaderelection.pre-vote = false (custom)
2021-06-09 09:33:05,931 [697bcd3f-2547-41de-8cec-7c932316130e@group-5894FE760DEC-FollowerState] INFO  impl.RoleInfo (RoleInfo.java:updateAndGet(130)) - 697bcd3f-2547-41de-8cec-7c932316130e: start 697bcd3f-2547-41de-8cec-7c932316130e@group-5894FE760DEC-LeaderElection5
2021-06-09 09:33:05,935 [697bcd3f-2547-41de-8cec-7c932316130e@group-5894FE760DEC-LeaderElection5] INFO  impl.LeaderElection (LeaderElection.java:askForVotes(306)) - 697bcd3f-2547-41de-8cec-7c932316130e@group-5894FE760DEC-LeaderElection5 ELECTION round 0: submit vote requests at term 1 for -1: [697bcd3f-2547-41de-8cec-7c932316130e|rpc:127.0.0.1:39889|priority:0, 3c147370-49f5-478a-bcbe-e6cea6e4d9ae|rpc:127.0.0.1:40749|priority:0, cc259bf8-a2eb-4525-8fb1-f4b47156f121|rpc:127.0.0.1:43471|priority:1], old=null
2021-06-09 09:33:05,951 [grpc-default-executor-1] INFO  server.RaftServer$Division (RaftServerImpl.java:requestVote(1042)) - cc259bf8-a2eb-4525-8fb1-f4b47156f121@group-5894FE760DEC: receive requestVote(ELECTION, 697bcd3f-2547-41de-8cec-7c932316130e, group-5894FE760DEC, 1, (t:0, i:0))
2021-06-09 09:33:05,953 [grpc-default-executor-1] INFO  impl.VoteContext (VoteContext.java:log(48)) - cc259bf8-a2eb-4525-8fb1-f4b47156f121@group-5894FE760DEC-FOLLOWER: reject ELECTION from 697bcd3f-2547-41de-8cec-7c932316130e: our priority 1 > candidate's priority 0
2021-06-09 09:33:05,953 [grpc-default-executor-1] INFO  server.RaftServer$Division (RaftServerImpl.java:setRole(284)) - cc259bf8-a2eb-4525-8fb1-f4b47156f121@group-5894FE760DEC: changes role from  FOLLOWER to FOLLOWER at term 1 for candidate:697bcd3f-2547-41de-8cec-7c932316130e
2021-06-09 09:33:05,953 [grpc-default-executor-1] INFO  impl.RoleInfo (RoleInfo.java:shutdownFollowerState(108)) - cc259bf8-a2eb-4525-8fb1-f4b47156f121: shutdown cc259bf8-a2eb-4525-8fb1-f4b47156f121@group-5894FE760DEC-FollowerState
2021-06-09 09:33:05,953 [cc259bf8-a2eb-4525-8fb1-f4b47156f121@group-5894FE760DEC-FollowerState] INFO  impl.FollowerState (FollowerState.java:run(143)) - cc259bf8-a2eb-4525-8fb1-f4b47156f121@group-5894FE760DEC-FollowerState was interrupted: {}
java.lang.InterruptedException: sleep interrupted
	at java.lang.Thread.sleep(Native Method)
	at java.lang.Thread.sleep(Thread.java:340)
	at java.util.concurrent.TimeUnit.sleep(TimeUnit.java:386)
	at org.apache.ratis.util.TimeDuration.sleep(TimeDuration.java:324)
	at org.apache.ratis.util.TimeDuration.sleep(TimeDuration.java:309)
	at org.apache.ratis.server.impl.FollowerState.run(FollowerState.java:118)
2021-06-09 09:33:05,953 [grpc-default-executor-1] INFO  impl.RoleInfo (RoleInfo.java:updateAndGet(130)) - cc259bf8-a2eb-4525-8fb1-f4b47156f121: start cc259bf8-a2eb-4525-8fb1-f4b47156f121@group-5894FE760DEC-FollowerState
2021-06-09 09:33:05,956 [Listener at 127.0.0.1/10928] INFO  ozone.MiniOzoneClusterImpl (MiniOzoneClusterImpl.java:lambda$waitForClusterToBeReady$0(224)) - Nodes are ready. Got 3 of 3 DN Heartbeats.
2021-06-09 09:33:05,956 [Listener at 127.0.0.1/10928] INFO  ozone.MiniOzoneClusterImpl (MiniOzoneClusterImpl.java:lambda$waitForClusterToBeReady$0(227)) - Waiting for cluster to exit safe mode
2021-06-09 09:33:05,956 [Listener at 127.0.0.1/10928] INFO  ozone.MiniOzoneClusterImpl (MiniOzoneClusterImpl.java:lambda$waitForClusterToBeReady$0(230)) - SCM became leader
2021-06-09 09:33:05,958 [grpc-default-executor-1] INFO  server.RaftServer$Division (RaftServerImpl.java:requestVote(1074)) - cc259bf8-a2eb-4525-8fb1-f4b47156f121@group-5894FE760DEC replies to ELECTION vote request: 697bcd3f-2547-41de-8cec-7c932316130e<-cc259bf8-a2eb-4525-8fb1-f4b47156f121#0:FAIL-t1. Peer's state: cc259bf8-a2eb-4525-8fb1-f4b47156f121@group-5894FE760DEC:t1, leader=null, voted=null, raftlog=cc259bf8-a2eb-4525-8fb1-f4b47156f121@group-5894FE760DEC-SegmentedRaftLog:OPENED:c-1,f-1,i0, conf=-1: [697bcd3f-2547-41de-8cec-7c932316130e|rpc:127.0.0.1:39889|dataStream:|priority:0, 3c147370-49f5-478a-bcbe-e6cea6e4d9ae|rpc:127.0.0.1:40749|dataStream:|priority:0, cc259bf8-a2eb-4525-8fb1-f4b47156f121|rpc:127.0.0.1:43471|dataStream:|priority:1], old=null
2021-06-09 09:33:05,960 [697bcd3f-2547-41de-8cec-7c932316130e@group-5894FE760DEC-LeaderElection5] INFO  impl.LeaderElection (LeaderElection.java:logAndReturn(89)) - 697bcd3f-2547-41de-8cec-7c932316130e@group-5894FE760DEC-LeaderElection5: ELECTION REJECTED received 1 response(s) and 0 exception(s):
2021-06-09 09:33:05,960 [697bcd3f-2547-41de-8cec-7c932316130e@group-5894FE760DEC-LeaderElection5] INFO  impl.LeaderElection (LeaderElection.java:logAndReturn(93)) -   Response 0: 697bcd3f-2547-41de-8cec-7c932316130e<-cc259bf8-a2eb-4525-8fb1-f4b47156f121#0:FAIL-t1
2021-06-09 09:33:05,960 [697bcd3f-2547-41de-8cec-7c932316130e@group-5894FE760DEC-LeaderElection5] INFO  impl.LeaderElection (LeaderElection.java:askForVotes(308)) - 697bcd3f-2547-41de-8cec-7c932316130e@group-5894FE760DEC-LeaderElection5 ELECTION round 0: result REJECTED
2021-06-09 09:33:05,960 [697bcd3f-2547-41de-8cec-7c932316130e@group-5894FE760DEC-LeaderElection5] INFO  server.RaftServer$Division (RaftServerImpl.java:setRole(284)) - 697bcd3f-2547-41de-8cec-7c932316130e@group-5894FE760DEC: changes role from CANDIDATE to FOLLOWER at term 1 for REJECTED
2021-06-09 09:33:05,960 [697bcd3f-2547-41de-8cec-7c932316130e@group-5894FE760DEC-LeaderElection5] INFO  impl.RoleInfo (RoleInfo.java:shutdownLeaderElection(121)) - 697bcd3f-2547-41de-8cec-7c932316130e: shutdown 697bcd3f-2547-41de-8cec-7c932316130e@group-5894FE760DEC-LeaderElection5
2021-06-09 09:33:05,960 [697bcd3f-2547-41de-8cec-7c932316130e@group-5894FE760DEC-LeaderElection5] INFO  impl.RoleInfo (RoleInfo.java:updateAndGet(130)) - 697bcd3f-2547-41de-8cec-7c932316130e: start 697bcd3f-2547-41de-8cec-7c932316130e@group-5894FE760DEC-FollowerState
2021-06-09 09:33:05,961 [grpc-default-executor-0] INFO  server.RaftServer$Division (RaftServerImpl.java:requestVote(1042)) - 3c147370-49f5-478a-bcbe-e6cea6e4d9ae@group-5894FE760DEC: receive requestVote(ELECTION, 697bcd3f-2547-41de-8cec-7c932316130e, group-5894FE760DEC, 1, (t:0, i:0))
2021-06-09 09:33:05,962 [grpc-default-executor-0] INFO  impl.VoteContext (VoteContext.java:log(48)) - 3c147370-49f5-478a-bcbe-e6cea6e4d9ae@group-5894FE760DEC-FOLLOWER: accept ELECTION from 697bcd3f-2547-41de-8cec-7c932316130e: our priority 0 <= candidate's priority 0
2021-06-09 09:33:05,967 [grpc-default-executor-0] INFO  server.RaftServer$Division (RaftServerImpl.java:setRole(284)) - 3c147370-49f5-478a-bcbe-e6cea6e4d9ae@group-5894FE760DEC: changes role from  FOLLOWER to FOLLOWER at term 1 for candidate:697bcd3f-2547-41de-8cec-7c932316130e
2021-06-09 09:33:05,967 [grpc-default-executor-0] INFO  impl.RoleInfo (RoleInfo.java:shutdownFollowerState(108)) - 3c147370-49f5-478a-bcbe-e6cea6e4d9ae: shutdown 3c147370-49f5-478a-bcbe-e6cea6e4d9ae@group-5894FE760DEC-FollowerState
2021-06-09 09:33:05,967 [grpc-default-executor-0] INFO  impl.RoleInfo (RoleInfo.java:updateAndGet(130)) - 3c147370-49f5-478a-bcbe-e6cea6e4d9ae: start 3c147370-49f5-478a-bcbe-e6cea6e4d9ae@group-5894FE760DEC-FollowerState
2021-06-09 09:33:05,967 [3c147370-49f5-478a-bcbe-e6cea6e4d9ae@group-5894FE760DEC-FollowerState] INFO  impl.FollowerState (FollowerState.java:run(143)) - 3c147370-49f5-478a-bcbe-e6cea6e4d9ae@group-5894FE760DEC-FollowerState was interrupted: {}
java.lang.InterruptedException: sleep interrupted
	at java.lang.Thread.sleep(Native Method)
	at java.lang.Thread.sleep(Thread.java:340)
	at java.util.concurrent.TimeUnit.sleep(TimeUnit.java:386)
	at org.apache.ratis.util.TimeDuration.sleep(TimeDuration.java:324)
	at org.apache.ratis.util.TimeDuration.sleep(TimeDuration.java:309)
	at org.apache.ratis.server.impl.FollowerState.run(FollowerState.java:118)
2021-06-09 09:33:05,969 [grpc-default-executor-0] INFO  server.RaftServer$Division (RaftServerImpl.java:requestVote(1074)) - 3c147370-49f5-478a-bcbe-e6cea6e4d9ae@group-5894FE760DEC replies to ELECTION vote request: 697bcd3f-2547-41de-8cec-7c932316130e<-3c147370-49f5-478a-bcbe-e6cea6e4d9ae#0:OK-t1. Peer's state: 3c147370-49f5-478a-bcbe-e6cea6e4d9ae@group-5894FE760DEC:t1, leader=null, voted=697bcd3f-2547-41de-8cec-7c932316130e, raftlog=3c147370-49f5-478a-bcbe-e6cea6e4d9ae@group-5894FE760DEC-SegmentedRaftLog:OPENED:c-1,f-1,i0, conf=-1: [697bcd3f-2547-41de-8cec-7c932316130e|rpc:127.0.0.1:39889|priority:0, 3c147370-49f5-478a-bcbe-e6cea6e4d9ae|rpc:127.0.0.1:40749|priority:0, cc259bf8-a2eb-4525-8fb1-f4b47156f121|rpc:127.0.0.1:43471|priority:1], old=null
2021-06-09 09:33:06,025 [3c147370-49f5-478a-bcbe-e6cea6e4d9ae@group-E67A7EEADB27-FollowerState] INFO  impl.FollowerState (FollowerState.java:run(134)) - 3c147370-49f5-478a-bcbe-e6cea6e4d9ae@group-E67A7EEADB27-FollowerState: change to CANDIDATE, lastRpcElapsedTime:5138474660ns, electionTimeout:5134ms
2021-06-09 09:33:06,025 [3c147370-49f5-478a-bcbe-e6cea6e4d9ae@group-E67A7EEADB27-FollowerState] INFO  impl.RoleInfo (RoleInfo.java:shutdownFollowerState(108)) - 3c147370-49f5-478a-bcbe-e6cea6e4d9ae: shutdown 3c147370-49f5-478a-bcbe-e6cea6e4d9ae@group-E67A7EEADB27-FollowerState
2021-06-09 09:33:06,025 [3c147370-49f5-478a-bcbe-e6cea6e4d9ae@group-E67A7EEADB27-FollowerState] INFO  server.RaftServer$Division (RaftServerImpl.java:setRole(284)) - 3c147370-49f5-478a-bcbe-e6cea6e4d9ae@group-E67A7EEADB27: changes role from  FOLLOWER to CANDIDATE at term 0 for changeToCandidate
2021-06-09 09:33:06,025 [3c147370-49f5-478a-bcbe-e6cea6e4d9ae@group-E67A7EEADB27-FollowerState] INFO  server.RaftServerConfigKeys (ConfUtils.java:logGet(44)) - raft.server.leaderelection.pre-vote = false (custom)
2021-06-09 09:33:06,025 [3c147370-49f5-478a-bcbe-e6cea6e4d9ae@group-E67A7EEADB27-FollowerState] INFO  impl.RoleInfo (RoleInfo.java:updateAndGet(130)) - 3c147370-49f5-478a-bcbe-e6cea6e4d9ae: start 3c147370-49f5-478a-bcbe-e6cea6e4d9ae@group-E67A7EEADB27-LeaderElection6
2021-06-09 09:33:06,029 [3c147370-49f5-478a-bcbe-e6cea6e4d9ae@group-E67A7EEADB27-LeaderElection6] INFO  impl.LeaderElection (LeaderElection.java:askForVotes(306)) - 3c147370-49f5-478a-bcbe-e6cea6e4d9ae@group-E67A7EEADB27-LeaderElection6 ELECTION round 0: submit vote requests at term 1 for -1: [3c147370-49f5-478a-bcbe-e6cea6e4d9ae|rpc:127.0.0.1:40749|priority:1], old=null
2021-06-09 09:33:06,030 [3c147370-49f5-478a-bcbe-e6cea6e4d9ae@group-E67A7EEADB27-LeaderElection6] INFO  impl.LeaderElection (LeaderElection.java:askForVotes(308)) - 3c147370-49f5-478a-bcbe-e6cea6e4d9ae@group-E67A7EEADB27-LeaderElection6 ELECTION round 0: result PASSED (term=1)
2021-06-09 09:33:06,030 [3c147370-49f5-478a-bcbe-e6cea6e4d9ae@group-E67A7EEADB27-LeaderElection6] INFO  impl.RoleInfo (RoleInfo.java:shutdownLeaderElection(121)) - 3c147370-49f5-478a-bcbe-e6cea6e4d9ae: shutdown 3c147370-49f5-478a-bcbe-e6cea6e4d9ae@group-E67A7EEADB27-LeaderElection6
2021-06-09 09:33:06,030 [3c147370-49f5-478a-bcbe-e6cea6e4d9ae@group-E67A7EEADB27-LeaderElection6] INFO  server.RaftServer$Division (RaftServerImpl.java:setRole(284)) - 3c147370-49f5-478a-bcbe-e6cea6e4d9ae@group-E67A7EEADB27: changes role from CANDIDATE to LEADER at term 1 for changeToLeader
2021-06-09 09:33:06,030 [3c147370-49f5-478a-bcbe-e6cea6e4d9ae@group-E67A7EEADB27-LeaderElection6] INFO  ratis.XceiverServerRatis (XceiverServerRatis.java:handleLeaderChangedNotification(906)) - Leader change notification received for group: group-E67A7EEADB27 with new leaderId: 3c147370-49f5-478a-bcbe-e6cea6e4d9ae
2021-06-09 09:33:06,030 [3c147370-49f5-478a-bcbe-e6cea6e4d9ae@group-E67A7EEADB27-LeaderElection6] INFO  server.RaftServer$Division (ServerState.java:setLeader(271)) - 3c147370-49f5-478a-bcbe-e6cea6e4d9ae@group-E67A7EEADB27: change Leader from null to 3c147370-49f5-478a-bcbe-e6cea6e4d9ae at term 1 for becomeLeader, leader elected after 5168ms
2021-06-09 09:33:06,031 [3c147370-49f5-478a-bcbe-e6cea6e4d9ae@group-E67A7EEADB27-LeaderElection6] INFO  server.RaftServerConfigKeys (ConfUtils.java:logGet(44)) - raft.server.staging.catchup.gap = 1000 (default)
2021-06-09 09:33:06,031 [3c147370-49f5-478a-bcbe-e6cea6e4d9ae@group-E67A7EEADB27-LeaderElection6] INFO  metrics.RatisMetrics (RatisMetrics.java:lambda$create$0(36)) - Creating Metrics Registry : ratis.log_appender.3c147370-49f5-478a-bcbe-e6cea6e4d9ae@group-E67A7EEADB27
2021-06-09 09:33:06,031 [3c147370-49f5-478a-bcbe-e6cea6e4d9ae@group-E67A7EEADB27-LeaderElection6] INFO  server.RaftServerConfigKeys (ConfUtils.java:logGet(44)) - raft.server.write.element-limit = 1024 (custom)
2021-06-09 09:33:06,031 [3c147370-49f5-478a-bcbe-e6cea6e4d9ae@group-E67A7EEADB27-LeaderElection6] INFO  server.RaftServerConfigKeys (ConfUtils.java:logGet(44)) - raft.server.write.byte-limit = 1073741824 (custom)
2021-06-09 09:33:06,031 [3c147370-49f5-478a-bcbe-e6cea6e4d9ae@group-E67A7EEADB27-LeaderElection6] INFO  server.RaftServerConfigKeys (ConfUtils.java:logGet(44)) - raft.server.watch.timeout = 180s (custom)
2021-06-09 09:33:06,031 [3c147370-49f5-478a-bcbe-e6cea6e4d9ae@group-E67A7EEADB27-LeaderElection6] INFO  server.RaftServerConfigKeys (ConfUtils.java:logGet(44)) - raft.server.watch.timeout.denomination = 1s (default)
2021-06-09 09:33:06,031 [3c147370-49f5-478a-bcbe-e6cea6e4d9ae@group-E67A7EEADB27-LeaderElection6] INFO  server.RaftServerConfigKeys (ConfUtils.java:logGet(44)) - raft.server.watch.element-limit = 65536 (default)
2021-06-09 09:33:06,032 [3c147370-49f5-478a-bcbe-e6cea6e4d9ae@group-E67A7EEADB27-LeaderElection6] INFO  impl.RoleInfo (RoleInfo.java:updateAndGet(130)) - 3c147370-49f5-478a-bcbe-e6cea6e4d9ae: start 3c147370-49f5-478a-bcbe-e6cea6e4d9ae@group-E67A7EEADB27-LeaderStateImpl
2021-06-09 09:33:06,032 [EventQueue-OpenPipelineForHealthyPipelineSafeModeRule] INFO  safemode.SCMSafeModeManager (HealthyPipelineSafeModeRule.java:process(130)) - SCM in safe mode. Healthy pipelines reported count is 0, required healthy pipeline reported count is 1
2021-06-09 09:33:06,032 [EventQueue-PipelineReportForOneReplicaPipelineSafeModeRule] INFO  safemode.SCMSafeModeManager (SCMSafeModeManager.java:validateSafeModeExitRules(201)) - AtleastOneDatanodeReportedRule rule is successfully validated
2021-06-09 09:33:06,033 [EventQueue-PipelineReportForOneReplicaPipelineSafeModeRule] INFO  safemode.SCMSafeModeManager (SCMSafeModeManager.java:validateSafeModeExitRules(201)) - AtleastOneDatanodeReportedRule rule is successfully validated
2021-06-09 09:33:06,033 [EventQueue-OpenPipelineForHealthyPipelineSafeModeRule] INFO  safemode.SCMSafeModeManager (HealthyPipelineSafeModeRule.java:process(130)) - SCM in safe mode. Healthy pipelines reported count is 0, required healthy pipeline reported count is 1
2021-06-09 09:33:06,033 [3c147370-49f5-478a-bcbe-e6cea6e4d9ae@group-E67A7EEADB27-LeaderElection6] INFO  segmented.SegmentedRaftLogWorker (SegmentedRaftLogWorker.java:startLogSegment(394)) - 3c147370-49f5-478a-bcbe-e6cea6e4d9ae@group-E67A7EEADB27-SegmentedRaftLogWorker: Starting segment from index:0
2021-06-09 09:33:06,034 [3c147370-49f5-478a-bcbe-e6cea6e4d9ae@group-E67A7EEADB27-SegmentedRaftLogWorker] INFO  segmented.SegmentedRaftLogWorker (SegmentedRaftLogWorker.java:execute(601)) - 3c147370-49f5-478a-bcbe-e6cea6e4d9ae@group-E67A7EEADB27-SegmentedRaftLogWorker: created new log segment /home/runner/work/ozone/ozone/mnt/ozone/hadoop-ozone/integration-test/target/test-dir/MiniOzoneClusterImpl-43f0ca0c-372e-4c55-aedd-c9e251b369b0/datanode-1/data/ratis/ac0681c3-a1cb-42d7-aeb6-e67a7eeadb27/current/log_inprogress_0
2021-06-09 09:33:06,039 [3c147370-49f5-478a-bcbe-e6cea6e4d9ae@group-E67A7EEADB27-LeaderElection6] INFO  server.RaftServer$Division (ServerState.java:setRaftConf(373)) - 3c147370-49f5-478a-bcbe-e6cea6e4d9ae@group-E67A7EEADB27: set configuration 0: [3c147370-49f5-478a-bcbe-e6cea6e4d9ae|rpc:127.0.0.1:40749|dataStream:|priority:1], old=null
2021-06-09 09:33:06,098 [cc259bf8-a2eb-4525-8fb1-f4b47156f121@group-DC9D01F80266-FollowerState] INFO  impl.FollowerState (FollowerState.java:run(134)) - cc259bf8-a2eb-4525-8fb1-f4b47156f121@group-DC9D01F80266-FollowerState: change to CANDIDATE, lastRpcElapsedTime:5008224073ns, electionTimeout:5003ms
2021-06-09 09:33:06,100 [cc259bf8-a2eb-4525-8fb1-f4b47156f121@group-DC9D01F80266-FollowerState] INFO  impl.RoleInfo (RoleInfo.java:shutdownFollowerState(108)) - cc259bf8-a2eb-4525-8fb1-f4b47156f121: shutdown cc259bf8-a2eb-4525-8fb1-f4b47156f121@group-DC9D01F80266-FollowerState
2021-06-09 09:33:06,100 [cc259bf8-a2eb-4525-8fb1-f4b47156f121@group-DC9D01F80266-FollowerState] INFO  server.RaftServer$Division (RaftServerImpl.java:setRole(284)) - cc259bf8-a2eb-4525-8fb1-f4b47156f121@group-DC9D01F80266: changes role from  FOLLOWER to CANDIDATE at term 0 for changeToCandidate
2021-06-09 09:33:06,100 [cc259bf8-a2eb-4525-8fb1-f4b47156f121@group-DC9D01F80266-FollowerState] INFO  server.RaftServerConfigKeys (ConfUtils.java:logGet(44)) - raft.server.leaderelection.pre-vote = false (custom)
2021-06-09 09:33:06,100 [cc259bf8-a2eb-4525-8fb1-f4b47156f121@group-DC9D01F80266-FollowerState] INFO  impl.RoleInfo (RoleInfo.java:updateAndGet(130)) - cc259bf8-a2eb-4525-8fb1-f4b47156f121: start cc259bf8-a2eb-4525-8fb1-f4b47156f121@group-DC9D01F80266-LeaderElection7
2021-06-09 09:33:06,103 [cc259bf8-a2eb-4525-8fb1-f4b47156f121@group-DC9D01F80266-LeaderElection7] INFO  impl.LeaderElection (LeaderElection.java:askForVotes(306)) - cc259bf8-a2eb-4525-8fb1-f4b47156f121@group-DC9D01F80266-LeaderElection7 ELECTION round 0: submit vote requests at term 1 for -1: [3c147370-49f5-478a-bcbe-e6cea6e4d9ae|rpc:127.0.0.1:40749|priority:1, 697bcd3f-2547-41de-8cec-7c932316130e|rpc:127.0.0.1:39889|priority:0, cc259bf8-a2eb-4525-8fb1-f4b47156f121|rpc:127.0.0.1:43471|priority:0], old=null
2021-06-09 09:33:06,121 [grpc-default-executor-1] INFO  server.RaftServer$Division (RaftServerImpl.java:requestVote(1042)) - 697bcd3f-2547-41de-8cec-7c932316130e@group-DC9D01F80266: receive requestVote(ELECTION, cc259bf8-a2eb-4525-8fb1-f4b47156f121, group-DC9D01F80266, 1, (t:0, i:0))
2021-06-09 09:33:06,121 [grpc-default-executor-0] INFO  server.RaftServer$Division (RaftServerImpl.java:requestVote(1042)) - 3c147370-49f5-478a-bcbe-e6cea6e4d9ae@group-DC9D01F80266: receive requestVote(ELECTION, cc259bf8-a2eb-4525-8fb1-f4b47156f121, group-DC9D01F80266, 1, (t:0, i:0))
2021-06-09 09:33:06,121 [grpc-default-executor-0] INFO  impl.VoteContext (VoteContext.java:log(48)) - 3c147370-49f5-478a-bcbe-e6cea6e4d9ae@group-DC9D01F80266-FOLLOWER: reject ELECTION from cc259bf8-a2eb-4525-8fb1-f4b47156f121: our priority 1 > candidate's priority 0
2021-06-09 09:33:06,121 [grpc-default-executor-0] INFO  server.RaftServer$Division (RaftServerImpl.java:setRole(284)) - 3c147370-49f5-478a-bcbe-e6cea6e4d9ae@group-DC9D01F80266: changes role from  FOLLOWER to FOLLOWER at term 1 for candidate:cc259bf8-a2eb-4525-8fb1-f4b47156f121
2021-06-09 09:33:06,121 [grpc-default-executor-0] INFO  impl.RoleInfo (RoleInfo.java:shutdownFollowerState(108)) - 3c147370-49f5-478a-bcbe-e6cea6e4d9ae: shutdown 3c147370-49f5-478a-bcbe-e6cea6e4d9ae@group-DC9D01F80266-FollowerState
2021-06-09 09:33:06,121 [3c147370-49f5-478a-bcbe-e6cea6e4d9ae@group-DC9D01F80266-FollowerState] INFO  impl.FollowerState (FollowerState.java:run(143)) - 3c147370-49f5-478a-bcbe-e6cea6e4d9ae@group-DC9D01F80266-FollowerState was interrupted: {}
java.lang.InterruptedException: sleep interrupted
	at java.lang.Thread.sleep(Native Method)
	at java.lang.Thread.sleep(Thread.java:340)
	at java.util.concurrent.TimeUnit.sleep(TimeUnit.java:386)
	at org.apache.ratis.util.TimeDuration.sleep(TimeDuration.java:324)
	at org.apache.ratis.util.TimeDuration.sleep(TimeDuration.java:309)
	at org.apache.ratis.server.impl.FollowerState.run(FollowerState.java:118)
2021-06-09 09:33:06,121 [grpc-default-executor-1] INFO  impl.VoteContext (VoteContext.java:log(48)) - 697bcd3f-2547-41de-8cec-7c932316130e@group-DC9D01F80266-FOLLOWER: accept ELECTION from cc259bf8-a2eb-4525-8fb1-f4b47156f121: our priority 0 <= candidate's priority 0
2021-06-09 09:33:06,122 [grpc-default-executor-1] INFO  server.RaftServer$Division (RaftServerImpl.java:setRole(284)) - 697bcd3f-2547-41de-8cec-7c932316130e@group-DC9D01F80266: changes role from  FOLLOWER to FOLLOWER at term 1 for candidate:cc259bf8-a2eb-4525-8fb1-f4b47156f121
2021-06-09 09:33:06,122 [grpc-default-executor-1] INFO  impl.RoleInfo (RoleInfo.java:shutdownFollowerState(108)) - 697bcd3f-2547-41de-8cec-7c932316130e: shutdown 697bcd3f-2547-41de-8cec-7c932316130e@group-DC9D01F80266-FollowerState
2021-06-09 09:33:06,122 [697bcd3f-2547-41de-8cec-7c932316130e@group-DC9D01F80266-FollowerState] INFO  impl.FollowerState (FollowerState.java:run(143)) - 697bcd3f-2547-41de-8cec-7c932316130e@group-DC9D01F80266-FollowerState was interrupted: {}
java.lang.InterruptedException: sleep interrupted
	at java.lang.Thread.sleep(Native Method)
	at java.lang.Thread.sleep(Thread.java:340)
	at java.util.concurrent.TimeUnit.sleep(TimeUnit.java:386)
	at org.apache.ratis.util.TimeDuration.sleep(TimeDuration.java:324)
	at org.apache.ratis.util.TimeDuration.sleep(TimeDuration.java:309)
	at org.apache.ratis.server.impl.FollowerState.run(FollowerState.java:118)
2021-06-09 09:33:06,122 [grpc-default-executor-0] INFO  impl.RoleInfo (RoleInfo.java:updateAndGet(130)) - 3c147370-49f5-478a-bcbe-e6cea6e4d9ae: start 3c147370-49f5-478a-bcbe-e6cea6e4d9ae@group-DC9D01F80266-FollowerState
2021-06-09 09:33:06,122 [grpc-default-executor-1] INFO  impl.RoleInfo (RoleInfo.java:updateAndGet(130)) - 697bcd3f-2547-41de-8cec-7c932316130e: start 697bcd3f-2547-41de-8cec-7c932316130e@group-DC9D01F80266-FollowerState
2021-06-09 09:33:06,126 [grpc-default-executor-0] INFO  server.RaftServer$Division (RaftServerImpl.java:requestVote(1074)) - 3c147370-49f5-478a-bcbe-e6cea6e4d9ae@group-DC9D01F80266 replies to ELECTION vote request: cc259bf8-a2eb-4525-8fb1-f4b47156f121<-3c147370-49f5-478a-bcbe-e6cea6e4d9ae#0:FAIL-t1. Peer's state: 3c147370-49f5-478a-bcbe-e6cea6e4d9ae@group-DC9D01F80266:t1, leader=null, voted=null, raftlog=3c147370-49f5-478a-bcbe-e6cea6e4d9ae@group-DC9D01F80266-SegmentedRaftLog:OPENED:c-1,f-1,i0, conf=-1: [3c147370-49f5-478a-bcbe-e6cea6e4d9ae|rpc:127.0.0.1:40749|dataStream:|priority:1, 697bcd3f-2547-41de-8cec-7c932316130e|rpc:127.0.0.1:39889|dataStream:|priority:0, cc259bf8-a2eb-4525-8fb1-f4b47156f121|rpc:127.0.0.1:43471|dataStream:|priority:0], old=null
2021-06-09 09:33:06,126 [grpc-default-executor-1] INFO  server.RaftServer$Division (RaftServerImpl.java:requestVote(1074)) - 697bcd3f-2547-41de-8cec-7c932316130e@group-DC9D01F80266 replies to ELECTION vote request: cc259bf8-a2eb-4525-8fb1-f4b47156f121<-697bcd3f-2547-41de-8cec-7c932316130e#0:OK-t1. Peer's state: 697bcd3f-2547-41de-8cec-7c932316130e@group-DC9D01F80266:t1, leader=null, voted=cc259bf8-a2eb-4525-8fb1-f4b47156f121, raftlog=697bcd3f-2547-41de-8cec-7c932316130e@group-DC9D01F80266-SegmentedRaftLog:OPENED:c-1,f-1,i0, conf=-1: [3c147370-49f5-478a-bcbe-e6cea6e4d9ae|rpc:127.0.0.1:40749|priority:1, 697bcd3f-2547-41de-8cec-7c932316130e|rpc:127.0.0.1:39889|priority:0, cc259bf8-a2eb-4525-8fb1-f4b47156f121|rpc:127.0.0.1:43471|priority:0], old=null
2021-06-09 09:33:06,128 [cc259bf8-a2eb-4525-8fb1-f4b47156f121@group-DC9D01F80266-LeaderElection7] INFO  impl.LeaderElection (LeaderElection.java:logAndReturn(89)) - cc259bf8-a2eb-4525-8fb1-f4b47156f121@group-DC9D01F80266-LeaderElection7: ELECTION REJECTED received 1 response(s) and 0 exception(s):
2021-06-09 09:33:06,129 [cc259bf8-a2eb-4525-8fb1-f4b47156f121@group-DC9D01F80266-LeaderElection7] INFO  impl.LeaderElection (LeaderElection.java:logAndReturn(93)) -   Response 0: cc259bf8-a2eb-4525-8fb1-f4b47156f121<-3c147370-49f5-478a-bcbe-e6cea6e4d9ae#0:FAIL-t1
2021-06-09 09:33:06,129 [cc259bf8-a2eb-4525-8fb1-f4b47156f121@group-DC9D01F80266-LeaderElection7] INFO  impl.LeaderElection (LeaderElection.java:askForVotes(308)) - cc259bf8-a2eb-4525-8fb1-f4b47156f121@group-DC9D01F80266-LeaderElection7 ELECTION round 0: result REJECTED
2021-06-09 09:33:06,129 [cc259bf8-a2eb-4525-8fb1-f4b47156f121@group-DC9D01F80266-LeaderElection7] INFO  server.RaftServer$Division (RaftServerImpl.java:setRole(284)) - cc259bf8-a2eb-4525-8fb1-f4b47156f121@group-DC9D01F80266: changes role from CANDIDATE to FOLLOWER at term 1 for REJECTED
2021-06-09 09:33:06,129 [cc259bf8-a2eb-4525-8fb1-f4b47156f121@group-DC9D01F80266-LeaderElection7] INFO  impl.RoleInfo (RoleInfo.java:shutdownLeaderElection(121)) - cc259bf8-a2eb-4525-8fb1-f4b47156f121: shutdown cc259bf8-a2eb-4525-8fb1-f4b47156f121@group-DC9D01F80266-LeaderElection7
2021-06-09 09:33:06,129 [cc259bf8-a2eb-4525-8fb1-f4b47156f121@group-DC9D01F80266-LeaderElection7] INFO  impl.RoleInfo (RoleInfo.java:updateAndGet(130)) - cc259bf8-a2eb-4525-8fb1-f4b47156f121: start cc259bf8-a2eb-4525-8fb1-f4b47156f121@group-DC9D01F80266-FollowerState
2021-06-09 09:33:06,143 [cc259bf8-a2eb-4525-8fb1-f4b47156f121@group-CE249E52D47A-FollowerState] INFO  impl.FollowerState (FollowerState.java:run(134)) - cc259bf8-a2eb-4525-8fb1-f4b47156f121@group-CE249E52D47A-FollowerState: change to CANDIDATE, lastRpcElapsedTime:5076186083ns, electionTimeout:5071ms
2021-06-09 09:33:06,144 [cc259bf8-a2eb-4525-8fb1-f4b47156f121@group-CE249E52D47A-FollowerState] INFO  impl.RoleInfo (RoleInfo.java:shutdownFollowerState(108)) - cc259bf8-a2eb-4525-8fb1-f4b47156f121: shutdown cc259bf8-a2eb-4525-8fb1-f4b47156f121@group-CE249E52D47A-FollowerState
2021-06-09 09:33:06,144 [cc259bf8-a2eb-4525-8fb1-f4b47156f121@group-CE249E52D47A-FollowerState] INFO  server.RaftServer$Division (RaftServerImpl.java:setRole(284)) - cc259bf8-a2eb-4525-8fb1-f4b47156f121@group-CE249E52D47A: changes role from  FOLLOWER to CANDIDATE at term 0 for changeToCandidate
2021-06-09 09:33:06,144 [cc259bf8-a2eb-4525-8fb1-f4b47156f121@group-CE249E52D47A-FollowerState] INFO  server.RaftServerConfigKeys (ConfUtils.java:logGet(44)) - raft.server.leaderelection.pre-vote = false (custom)
2021-06-09 09:33:06,144 [cc259bf8-a2eb-4525-8fb1-f4b47156f121@group-CE249E52D47A-FollowerState] INFO  impl.RoleInfo (RoleInfo.java:updateAndGet(130)) - cc259bf8-a2eb-4525-8fb1-f4b47156f121: start cc259bf8-a2eb-4525-8fb1-f4b47156f121@group-CE249E52D47A-LeaderElection8
2021-06-09 09:33:06,147 [cc259bf8-a2eb-4525-8fb1-f4b47156f121@group-CE249E52D47A-LeaderElection8] INFO  impl.LeaderElection (LeaderElection.java:askForVotes(306)) - cc259bf8-a2eb-4525-8fb1-f4b47156f121@group-CE249E52D47A-LeaderElection8 ELECTION round 0: submit vote requests at term 1 for -1: [cc259bf8-a2eb-4525-8fb1-f4b47156f121|rpc:127.0.0.1:43471|priority:1], old=null
2021-06-09 09:33:06,147 [cc259bf8-a2eb-4525-8fb1-f4b47156f121@group-CE249E52D47A-LeaderElection8] INFO  impl.LeaderElection (LeaderElection.java:askForVotes(308)) - cc259bf8-a2eb-4525-8fb1-f4b47156f121@group-CE249E52D47A-LeaderElection8 ELECTION round 0: result PASSED (term=1)
2021-06-09 09:33:06,147 [cc259bf8-a2eb-4525-8fb1-f4b47156f121@group-CE249E52D47A-LeaderElection8] INFO  impl.RoleInfo (RoleInfo.java:shutdownLeaderElection(121)) - cc259bf8-a2eb-4525-8fb1-f4b47156f121: shutdown cc259bf8-a2eb-4525-8fb1-f4b47156f121@group-CE249E52D47A-LeaderElection8
2021-06-09 09:33:06,147 [cc259bf8-a2eb-4525-8fb1-f4b47156f121@group-CE249E52D47A-LeaderElection8] INFO  server.RaftServer$Division (RaftServerImpl.java:setRole(284)) - cc259bf8-a2eb-4525-8fb1-f4b47156f121@group-CE249E52D47A: changes role from CANDIDATE to LEADER at term 1 for changeToLeader
2021-06-09 09:33:06,147 [cc259bf8-a2eb-4525-8fb1-f4b47156f121@group-CE249E52D47A-LeaderElection8] INFO  ratis.XceiverServerRatis (XceiverServerRatis.java:handleLeaderChangedNotification(906)) - Leader change notification received for group: group-CE249E52D47A with new leaderId: cc259bf8-a2eb-4525-8fb1-f4b47156f121
2021-06-09 09:33:06,147 [cc259bf8-a2eb-4525-8fb1-f4b47156f121@group-CE249E52D47A-LeaderElection8] INFO  server.RaftServer$Division (ServerState.java:setLeader(271)) - cc259bf8-a2eb-4525-8fb1-f4b47156f121@group-CE249E52D47A: change Leader from null to cc259bf8-a2eb-4525-8fb1-f4b47156f121 at term 1 for becomeLeader, leader elected after 5119ms
2021-06-09 09:33:06,147 [cc259bf8-a2eb-4525-8fb1-f4b47156f121@group-CE249E52D47A-LeaderElection8] INFO  server.RaftServerConfigKeys (ConfUtils.java:logGet(44)) - raft.server.staging.catchup.gap = 1000 (default)
2021-06-09 09:33:06,147 [cc259bf8-a2eb-4525-8fb1-f4b47156f121@group-CE249E52D47A-LeaderElection8] INFO  metrics.RatisMetrics (RatisMetrics.java:lambda$create$0(36)) - Creating Metrics Registry : ratis.log_appender.cc259bf8-a2eb-4525-8fb1-f4b47156f121@group-CE249E52D47A
2021-06-09 09:33:06,147 [cc259bf8-a2eb-4525-8fb1-f4b47156f121@group-CE249E52D47A-LeaderElection8] INFO  server.RaftServerConfigKeys (ConfUtils.java:logGet(44)) - raft.server.write.element-limit = 1024 (custom)
2021-06-09 09:33:06,147 [cc259bf8-a2eb-4525-8fb1-f4b47156f121@group-CE249E52D47A-LeaderElection8] INFO  server.RaftServerConfigKeys (ConfUtils.java:logGet(44)) - raft.server.write.byte-limit = 1073741824 (custom)
2021-06-09 09:33:06,148 [cc259bf8-a2eb-4525-8fb1-f4b47156f121@group-CE249E52D47A-LeaderElection8] INFO  server.RaftServerConfigKeys (ConfUtils.java:logGet(44)) - raft.server.watch.timeout = 180s (custom)
2021-06-09 09:33:06,148 [cc259bf8-a2eb-4525-8fb1-f4b47156f121@group-CE249E52D47A-LeaderElection8] INFO  server.RaftServerConfigKeys (ConfUtils.java:logGet(44)) - raft.server.watch.timeout.denomination = 1s (default)
2021-06-09 09:33:06,148 [cc259bf8-a2eb-4525-8fb1-f4b47156f121@group-CE249E52D47A-LeaderElection8] INFO  server.RaftServerConfigKeys (ConfUtils.java:logGet(44)) - raft.server.watch.element-limit = 65536 (default)
2021-06-09 09:33:06,148 [cc259bf8-a2eb-4525-8fb1-f4b47156f121@group-CE249E52D47A-LeaderElection8] INFO  impl.RoleInfo (RoleInfo.java:updateAndGet(130)) - cc259bf8-a2eb-4525-8fb1-f4b47156f121: start cc259bf8-a2eb-4525-8fb1-f4b47156f121@group-CE249E52D47A-LeaderStateImpl
2021-06-09 09:33:06,148 [cc259bf8-a2eb-4525-8fb1-f4b47156f121@group-CE249E52D47A-LeaderElection8] INFO  segmented.SegmentedRaftLogWorker (SegmentedRaftLogWorker.java:startLogSegment(394)) - cc259bf8-a2eb-4525-8fb1-f4b47156f121@group-CE249E52D47A-SegmentedRaftLogWorker: Starting segment from index:0
2021-06-09 09:33:06,149 [cc259bf8-a2eb-4525-8fb1-f4b47156f121@group-CE249E52D47A-SegmentedRaftLogWorker] INFO  segmented.SegmentedRaftLogWorker (SegmentedRaftLogWorker.java:execute(601)) - cc259bf8-a2eb-4525-8fb1-f4b47156f121@group-CE249E52D47A-SegmentedRaftLogWorker: created new log segment /home/runner/work/ozone/ozone/mnt/ozone/hadoop-ozone/integration-test/target/test-dir/MiniOzoneClusterImpl-43f0ca0c-372e-4c55-aedd-c9e251b369b0/datanode-2/data/ratis/e88b8e4e-101f-49ab-9b68-ce249e52d47a/current/log_inprogress_0
2021-06-09 09:33:06,150 [EventQueue-PipelineReportForOneReplicaPipelineSafeModeRule] INFO  safemode.SCMSafeModeManager (SCMSafeModeManager.java:validateSafeModeExitRules(201)) - AtleastOneDatanodeReportedRule rule is successfully validated
2021-06-09 09:33:06,150 [EventQueue-PipelineReportForOneReplicaPipelineSafeModeRule] INFO  safemode.SCMSafeModeManager (SCMSafeModeManager.java:validateSafeModeExitRules(201)) - AtleastOneDatanodeReportedRule rule is successfully validated
2021-06-09 09:33:06,152 [cc259bf8-a2eb-4525-8fb1-f4b47156f121@group-CE249E52D47A-LeaderElection8] INFO  server.RaftServer$Division (ServerState.java:setRaftConf(373)) - cc259bf8-a2eb-4525-8fb1-f4b47156f121@group-CE249E52D47A: set configuration 0: [cc259bf8-a2eb-4525-8fb1-f4b47156f121|rpc:127.0.0.1:43471|dataStream:|priority:1], old=null
2021-06-09 09:33:06,150 [EventQueue-OpenPipelineForHealthyPipelineSafeModeRule] INFO  safemode.SCMSafeModeManager (HealthyPipelineSafeModeRule.java:process(130)) - SCM in safe mode. Healthy pipelines reported count is 0, required healthy pipeline reported count is 1
2021-06-09 09:33:06,150 [EventQueue-OpenPipelineForHealthyPipelineSafeModeRule] INFO  safemode.SCMSafeModeManager (HealthyPipelineSafeModeRule.java:process(130)) - SCM in safe mode. Healthy pipelines reported count is 0, required healthy pipeline reported count is 1
2021-06-09 09:33:06,956 [Listener at 127.0.0.1/10928] INFO  ozone.MiniOzoneClusterImpl (MiniOzoneClusterImpl.java:lambda$waitForClusterToBeReady$0(224)) - Nodes are ready. Got 3 of 3 DN Heartbeats.
2021-06-09 09:33:06,957 [Listener at 127.0.0.1/10928] INFO  ozone.MiniOzoneClusterImpl (MiniOzoneClusterImpl.java:lambda$waitForClusterToBeReady$0(227)) - Waiting for cluster to exit safe mode
2021-06-09 09:33:06,957 [Listener at 127.0.0.1/10928] INFO  ozone.MiniOzoneClusterImpl (MiniOzoneClusterImpl.java:lambda$waitForClusterToBeReady$0(230)) - SCM became leader
2021-06-09 09:33:07,031 [Datanode State Machine Thread - 0] ERROR datanode.RunningDatanodeState (RunningDatanodeState.java:computeNextContainerState(199)) - Error in executing end point task.
java.util.concurrent.ExecutionException: java.util.concurrent.TimeoutException
	at java.util.concurrent.FutureTask.report(FutureTask.java:122)
	at java.util.concurrent.FutureTask.get(FutureTask.java:192)
	at org.apache.hadoop.ozone.container.common.states.datanode.RunningDatanodeState.computeNextContainerState(RunningDatanodeState.java:191)
	at org.apache.hadoop.ozone.container.common.states.datanode.RunningDatanodeState.await(RunningDatanodeState.java:231)
	at org.apache.hadoop.ozone.container.common.states.datanode.RunningDatanodeState.await(RunningDatanodeState.java:50)
	at org.apache.hadoop.ozone.container.common.statemachine.StateContext.execute(StateContext.java:629)
	at org.apache.hadoop.ozone.container.common.statemachine.DatanodeStateMachine.start(DatanodeStateMachine.java:244)
	at org.apache.hadoop.ozone.container.common.statemachine.DatanodeStateMachine.lambda$startDaemon$0(DatanodeStateMachine.java:427)
	at java.lang.Thread.run(Thread.java:748)
Caused by: java.util.concurrent.TimeoutException
	at java.util.concurrent.FutureTask.get(FutureTask.java:205)
	at org.apache.hadoop.ozone.container.common.states.datanode.RunningDatanodeState.lambda$execute$0(RunningDatanodeState.java:149)
	at java.util.concurrent.FutureTask.run(FutureTask.java:266)
	at java.util.concurrent.Executors$RunnableAdapter.call(Executors.java:511)
	at java.util.concurrent.FutureTask.run(FutureTask.java:266)
	at java.util.concurrent.ThreadPoolExecutor.runWorker(ThreadPoolExecutor.java:1149)
	at java.util.concurrent.ThreadPoolExecutor$Worker.run(ThreadPoolExecutor.java:624)
	... 1 more
2021-06-09 09:33:07,788 [Datanode State Machine Thread - 0] ERROR datanode.RunningDatanodeState (RunningDatanodeState.java:computeNextContainerState(199)) - Error in executing end point task.
java.util.concurrent.ExecutionException: java.util.concurrent.TimeoutException
	at java.util.concurrent.FutureTask.report(FutureTask.java:122)
	at java.util.concurrent.FutureTask.get(FutureTask.java:192)
	at org.apache.hadoop.ozone.container.common.states.datanode.RunningDatanodeState.computeNextContainerState(RunningDatanodeState.java:191)
	at org.apache.hadoop.ozone.container.common.states.datanode.RunningDatanodeState.await(RunningDatanodeState.java:231)
	at org.apache.hadoop.ozone.container.common.states.datanode.RunningDatanodeState.await(RunningDatanodeState.java:50)
	at org.apache.hadoop.ozone.container.common.statemachine.StateContext.execute(StateContext.java:629)
	at org.apache.hadoop.ozone.container.common.statemachine.DatanodeStateMachine.start(DatanodeStateMachine.java:244)
	at org.apache.hadoop.ozone.container.common.statemachine.DatanodeStateMachine.lambda$startDaemon$0(DatanodeStateMachine.java:427)
	at java.lang.Thread.run(Thread.java:748)
Caused by: java.util.concurrent.TimeoutException
	at java.util.concurrent.FutureTask.get(FutureTask.java:205)
	at org.apache.hadoop.ozone.container.common.states.datanode.RunningDatanodeState.lambda$execute$0(RunningDatanodeState.java:149)
	at java.util.concurrent.FutureTask.run(FutureTask.java:266)
	at java.util.concurrent.Executors$RunnableAdapter.call(Executors.java:511)
	at java.util.concurrent.FutureTask.run(FutureTask.java:266)
	at java.util.concurrent.ThreadPoolExecutor.runWorker(ThreadPoolExecutor.java:1149)
	at java.util.concurrent.ThreadPoolExecutor$Worker.run(ThreadPoolExecutor.java:624)
	... 1 more
2021-06-09 09:33:07,957 [Listener at 127.0.0.1/10928] INFO  ozone.MiniOzoneClusterImpl (MiniOzoneClusterImpl.java:lambda$waitForClusterToBeReady$0(224)) - Nodes are ready. Got 3 of 3 DN Heartbeats.
2021-06-09 09:33:07,957 [Listener at 127.0.0.1/10928] INFO  ozone.MiniOzoneClusterImpl (MiniOzoneClusterImpl.java:lambda$waitForClusterToBeReady$0(227)) - Waiting for cluster to exit safe mode
2021-06-09 09:33:07,957 [Listener at 127.0.0.1/10928] INFO  ozone.MiniOzoneClusterImpl (MiniOzoneClusterImpl.java:lambda$waitForClusterToBeReady$0(230)) - SCM became leader
2021-06-09 09:33:08,958 [Listener at 127.0.0.1/10928] INFO  ozone.MiniOzoneClusterImpl (MiniOzoneClusterImpl.java:lambda$waitForClusterToBeReady$0(224)) - Nodes are ready. Got 3 of 3 DN Heartbeats.
2021-06-09 09:33:08,958 [Listener at 127.0.0.1/10928] INFO  ozone.MiniOzoneClusterImpl (MiniOzoneClusterImpl.java:lambda$waitForClusterToBeReady$0(227)) - Waiting for cluster to exit safe mode
2021-06-09 09:33:08,958 [Listener at 127.0.0.1/10928] INFO  ozone.MiniOzoneClusterImpl (MiniOzoneClusterImpl.java:lambda$waitForClusterToBeReady$0(230)) - SCM became leader
2021-06-09 09:33:09,790 [Datanode State Machine Thread - 0] ERROR datanode.RunningDatanodeState (RunningDatanodeState.java:computeNextContainerState(199)) - Error in executing end point task.
java.util.concurrent.ExecutionException: java.util.concurrent.TimeoutException
	at java.util.concurrent.FutureTask.report(FutureTask.java:122)
	at java.util.concurrent.FutureTask.get(FutureTask.java:192)
	at org.apache.hadoop.ozone.container.common.states.datanode.RunningDatanodeState.computeNextContainerState(RunningDatanodeState.java:191)
	at org.apache.hadoop.ozone.container.common.states.datanode.RunningDatanodeState.await(RunningDatanodeState.java:231)
	at org.apache.hadoop.ozone.container.common.states.datanode.RunningDatanodeState.await(RunningDatanodeState.java:50)
	at org.apache.hadoop.ozone.container.common.statemachine.StateContext.execute(StateContext.java:629)
	at org.apache.hadoop.ozone.container.common.statemachine.DatanodeStateMachine.start(DatanodeStateMachine.java:244)
	at org.apache.hadoop.ozone.container.common.statemachine.DatanodeStateMachine.lambda$startDaemon$0(DatanodeStateMachine.java:427)
	at java.lang.Thread.run(Thread.java:748)
Caused by: java.util.concurrent.TimeoutException
	at java.util.concurrent.FutureTask.get(FutureTask.java:205)
	at org.apache.hadoop.ozone.container.common.states.datanode.RunningDatanodeState.lambda$execute$0(RunningDatanodeState.java:149)
	at java.util.concurrent.FutureTask.run(FutureTask.java:266)
	at java.util.concurrent.Executors$RunnableAdapter.call(Executors.java:511)
	at java.util.concurrent.FutureTask.run(FutureTask.java:266)
	at java.util.concurrent.ThreadPoolExecutor.runWorker(ThreadPoolExecutor.java:1149)
	at java.util.concurrent.ThreadPoolExecutor$Worker.run(ThreadPoolExecutor.java:624)
	... 1 more
2021-06-09 09:33:09,959 [Listener at 127.0.0.1/10928] INFO  ozone.MiniOzoneClusterImpl (MiniOzoneClusterImpl.java:lambda$waitForClusterToBeReady$0(224)) - Nodes are ready. Got 3 of 3 DN Heartbeats.
2021-06-09 09:33:09,959 [Listener at 127.0.0.1/10928] INFO  ozone.MiniOzoneClusterImpl (MiniOzoneClusterImpl.java:lambda$waitForClusterToBeReady$0(227)) - Waiting for cluster to exit safe mode
2021-06-09 09:33:09,959 [Listener at 127.0.0.1/10928] INFO  ozone.MiniOzoneClusterImpl (MiniOzoneClusterImpl.java:lambda$waitForClusterToBeReady$0(230)) - SCM became leader
2021-06-09 09:33:10,033 [Datanode State Machine Thread - 0] ERROR datanode.RunningDatanodeState (RunningDatanodeState.java:computeNextContainerState(199)) - Error in executing end point task.
java.util.concurrent.ExecutionException: java.util.concurrent.TimeoutException
	at java.util.concurrent.FutureTask.report(FutureTask.java:122)
	at java.util.concurrent.FutureTask.get(FutureTask.java:192)
	at org.apache.hadoop.ozone.container.common.states.datanode.RunningDatanodeState.computeNextContainerState(RunningDatanodeState.java:191)
	at org.apache.hadoop.ozone.container.common.states.datanode.RunningDatanodeState.await(RunningDatanodeState.java:231)
	at org.apache.hadoop.ozone.container.common.states.datanode.RunningDatanodeState.await(RunningDatanodeState.java:50)
	at org.apache.hadoop.ozone.container.common.statemachine.StateContext.execute(StateContext.java:629)
	at org.apache.hadoop.ozone.container.common.statemachine.DatanodeStateMachine.start(DatanodeStateMachine.java:244)
	at org.apache.hadoop.ozone.container.common.statemachine.DatanodeStateMachine.lambda$startDaemon$0(DatanodeStateMachine.java:427)
	at java.lang.Thread.run(Thread.java:748)
Caused by: java.util.concurrent.TimeoutException
	at java.util.concurrent.FutureTask.get(FutureTask.java:205)
	at org.apache.hadoop.ozone.container.common.states.datanode.RunningDatanodeState.lambda$execute$0(RunningDatanodeState.java:149)
	at java.util.concurrent.FutureTask.run(FutureTask.java:266)
	at java.util.concurrent.Executors$RunnableAdapter.call(Executors.java:511)
	at java.util.concurrent.FutureTask.run(FutureTask.java:266)
	at java.util.concurrent.ThreadPoolExecutor.runWorker(ThreadPoolExecutor.java:1149)
	at java.util.concurrent.ThreadPoolExecutor$Worker.run(ThreadPoolExecutor.java:624)
	... 1 more
2021-06-09 09:33:10,149 [Datanode State Machine Thread - 0] ERROR datanode.RunningDatanodeState (RunningDatanodeState.java:computeNextContainerState(199)) - Error in executing end point task.
java.util.concurrent.ExecutionException: java.util.concurrent.TimeoutException
	at java.util.concurrent.FutureTask.report(FutureTask.java:122)
	at java.util.concurrent.FutureTask.get(FutureTask.java:192)
	at org.apache.hadoop.ozone.container.common.states.datanode.RunningDatanodeState.computeNextContainerState(RunningDatanodeState.java:191)
	at org.apache.hadoop.ozone.container.common.states.datanode.RunningDatanodeState.await(RunningDatanodeState.java:231)
	at org.apache.hadoop.ozone.container.common.states.datanode.RunningDatanodeState.await(RunningDatanodeState.java:50)
	at org.apache.hadoop.ozone.container.common.statemachine.StateContext.execute(StateContext.java:629)
	at org.apache.hadoop.ozone.container.common.statemachine.DatanodeStateMachine.start(DatanodeStateMachine.java:244)
	at org.apache.hadoop.ozone.container.common.statemachine.DatanodeStateMachine.lambda$startDaemon$0(DatanodeStateMachine.java:427)
	at java.lang.Thread.run(Thread.java:748)
Caused by: java.util.concurrent.TimeoutException
	at java.util.concurrent.FutureTask.get(FutureTask.java:205)
	at org.apache.hadoop.ozone.container.common.states.datanode.RunningDatanodeState.lambda$execute$0(RunningDatanodeState.java:149)
	at java.util.concurrent.FutureTask.run(FutureTask.java:266)
	at java.util.concurrent.Executors$RunnableAdapter.call(Executors.java:511)
	at java.util.concurrent.FutureTask.run(FutureTask.java:266)
	at java.util.concurrent.ThreadPoolExecutor.runWorker(ThreadPoolExecutor.java:1149)
	at java.util.concurrent.ThreadPoolExecutor$Worker.run(ThreadPoolExecutor.java:624)
	... 1 more
2021-06-09 09:33:10,959 [Listener at 127.0.0.1/10928] INFO  ozone.MiniOzoneClusterImpl (MiniOzoneClusterImpl.java:lambda$waitForClusterToBeReady$0(224)) - Nodes are ready. Got 3 of 3 DN Heartbeats.
2021-06-09 09:33:10,960 [Listener at 127.0.0.1/10928] INFO  ozone.MiniOzoneClusterImpl (MiniOzoneClusterImpl.java:lambda$waitForClusterToBeReady$0(227)) - Waiting for cluster to exit safe mode
2021-06-09 09:33:10,960 [Listener at 127.0.0.1/10928] INFO  ozone.MiniOzoneClusterImpl (MiniOzoneClusterImpl.java:lambda$waitForClusterToBeReady$0(230)) - SCM became leader
2021-06-09 09:33:11,035 [Datanode State Machine Thread - 0] ERROR datanode.RunningDatanodeState (RunningDatanodeState.java:computeNextContainerState(199)) - Error in executing end point task.
java.util.concurrent.ExecutionException: java.util.concurrent.TimeoutException
	at java.util.concurrent.FutureTask.report(FutureTask.java:122)
	at java.util.concurrent.FutureTask.get(FutureTask.java:192)
	at org.apache.hadoop.ozone.container.common.states.datanode.RunningDatanodeState.computeNextContainerState(RunningDatanodeState.java:191)
	at org.apache.hadoop.ozone.container.common.states.datanode.RunningDatanodeState.await(RunningDatanodeState.java:231)
	at org.apache.hadoop.ozone.container.common.states.datanode.RunningDatanodeState.await(RunningDatanodeState.java:50)
	at org.apache.hadoop.ozone.container.common.statemachine.StateContext.execute(StateContext.java:629)
	at org.apache.hadoop.ozone.container.common.statemachine.DatanodeStateMachine.start(DatanodeStateMachine.java:244)
	at org.apache.hadoop.ozone.container.common.statemachine.DatanodeStateMachine.lambda$startDaemon$0(DatanodeStateMachine.java:427)
	at java.lang.Thread.run(Thread.java:748)
Caused by: java.util.concurrent.TimeoutException
	at java.util.concurrent.FutureTask.get(FutureTask.java:205)
	at org.apache.hadoop.ozone.container.common.states.datanode.RunningDatanodeState.lambda$execute$0(RunningDatanodeState.java:149)
	at java.util.concurrent.FutureTask.run(FutureTask.java:266)
	at java.util.concurrent.Executors$RunnableAdapter.call(Executors.java:511)
	at java.util.concurrent.FutureTask.run(FutureTask.java:266)
	at java.util.concurrent.ThreadPoolExecutor.runWorker(ThreadPoolExecutor.java:1149)
	at java.util.concurrent.ThreadPoolExecutor$Worker.run(ThreadPoolExecutor.java:624)
	... 1 more
2021-06-09 09:33:11,071 [697bcd3f-2547-41de-8cec-7c932316130e@group-5894FE760DEC-FollowerState] INFO  impl.FollowerState (FollowerState.java:run(134)) - 697bcd3f-2547-41de-8cec-7c932316130e@group-5894FE760DEC-FollowerState: change to CANDIDATE, lastRpcElapsedTime:5110270584ns, electionTimeout:5110ms
2021-06-09 09:33:11,071 [697bcd3f-2547-41de-8cec-7c932316130e@group-5894FE760DEC-FollowerState] INFO  impl.RoleInfo (RoleInfo.java:shutdownFollowerState(108)) - 697bcd3f-2547-41de-8cec-7c932316130e: shutdown 697bcd3f-2547-41de-8cec-7c932316130e@group-5894FE760DEC-FollowerState
2021-06-09 09:33:11,071 [697bcd3f-2547-41de-8cec-7c932316130e@group-5894FE760DEC-FollowerState] INFO  server.RaftServer$Division (RaftServerImpl.java:setRole(284)) - 697bcd3f-2547-41de-8cec-7c932316130e@group-5894FE760DEC: changes role from  FOLLOWER to CANDIDATE at term 1 for changeToCandidate
2021-06-09 09:33:11,071 [697bcd3f-2547-41de-8cec-7c932316130e@group-5894FE760DEC-FollowerState] INFO  server.RaftServerConfigKeys (ConfUtils.java:logGet(44)) - raft.server.leaderelection.pre-vote = false (custom)
2021-06-09 09:33:11,071 [697bcd3f-2547-41de-8cec-7c932316130e@group-5894FE760DEC-FollowerState] INFO  impl.RoleInfo (RoleInfo.java:updateAndGet(130)) - 697bcd3f-2547-41de-8cec-7c932316130e: start 697bcd3f-2547-41de-8cec-7c932316130e@group-5894FE760DEC-LeaderElection9
2021-06-09 09:33:11,073 [697bcd3f-2547-41de-8cec-7c932316130e@group-5894FE760DEC-LeaderElection9] INFO  impl.LeaderElection (LeaderElection.java:askForVotes(306)) - 697bcd3f-2547-41de-8cec-7c932316130e@group-5894FE760DEC-LeaderElection9 ELECTION round 0: submit vote requests at term 2 for -1: [697bcd3f-2547-41de-8cec-7c932316130e|rpc:127.0.0.1:39889|priority:0, 3c147370-49f5-478a-bcbe-e6cea6e4d9ae|rpc:127.0.0.1:40749|priority:0, cc259bf8-a2eb-4525-8fb1-f4b47156f121|rpc:127.0.0.1:43471|priority:1], old=null
2021-06-09 09:33:11,077 [grpc-default-executor-0] INFO  server.RaftServer$Division (RaftServerImpl.java:requestVote(1042)) - cc259bf8-a2eb-4525-8fb1-f4b47156f121@group-5894FE760DEC: receive requestVote(ELECTION, 697bcd3f-2547-41de-8cec-7c932316130e, group-5894FE760DEC, 2, (t:0, i:0))
2021-06-09 09:33:11,078 [grpc-default-executor-1] INFO  server.RaftServer$Division (RaftServerImpl.java:requestVote(1042)) - 3c147370-49f5-478a-bcbe-e6cea6e4d9ae@group-5894FE760DEC: receive requestVote(ELECTION, 697bcd3f-2547-41de-8cec-7c932316130e, group-5894FE760DEC, 2, (t:0, i:0))
2021-06-09 09:33:11,078 [grpc-default-executor-1] INFO  impl.VoteContext (VoteContext.java:log(48)) - 3c147370-49f5-478a-bcbe-e6cea6e4d9ae@group-5894FE760DEC-FOLLOWER: accept ELECTION from 697bcd3f-2547-41de-8cec-7c932316130e: our priority 0 <= candidate's priority 0
2021-06-09 09:33:11,078 [grpc-default-executor-1] INFO  server.RaftServer$Division (RaftServerImpl.java:setRole(284)) - 3c147370-49f5-478a-bcbe-e6cea6e4d9ae@group-5894FE760DEC: changes role from  FOLLOWER to FOLLOWER at term 2 for candidate:697bcd3f-2547-41de-8cec-7c932316130e
2021-06-09 09:33:11,078 [grpc-default-executor-1] INFO  impl.RoleInfo (RoleInfo.java:shutdownFollowerState(108)) - 3c147370-49f5-478a-bcbe-e6cea6e4d9ae: shutdown 3c147370-49f5-478a-bcbe-e6cea6e4d9ae@group-5894FE760DEC-FollowerState
2021-06-09 09:33:11,078 [grpc-default-executor-1] INFO  impl.RoleInfo (RoleInfo.java:updateAndGet(130)) - 3c147370-49f5-478a-bcbe-e6cea6e4d9ae: start 3c147370-49f5-478a-bcbe-e6cea6e4d9ae@group-5894FE760DEC-FollowerState
2021-06-09 09:33:11,078 [3c147370-49f5-478a-bcbe-e6cea6e4d9ae@group-5894FE760DEC-FollowerState] INFO  impl.FollowerState (FollowerState.java:run(143)) - 3c147370-49f5-478a-bcbe-e6cea6e4d9ae@group-5894FE760DEC-FollowerState was interrupted: {}
java.lang.InterruptedException: sleep interrupted
	at java.lang.Thread.sleep(Native Method)
	at java.lang.Thread.sleep(Thread.java:340)
	at java.util.concurrent.TimeUnit.sleep(TimeUnit.java:386)
	at org.apache.ratis.util.TimeDuration.sleep(TimeDuration.java:324)
	at org.apache.ratis.util.TimeDuration.sleep(TimeDuration.java:309)
	at org.apache.ratis.server.impl.FollowerState.run(FollowerState.java:118)
2021-06-09 09:33:11,082 [grpc-default-executor-0] INFO  impl.VoteContext (VoteContext.java:log(48)) - cc259bf8-a2eb-4525-8fb1-f4b47156f121@group-5894FE760DEC-FOLLOWER: reject ELECTION from 697bcd3f-2547-41de-8cec-7c932316130e: our priority 1 > candidate's priority 0
2021-06-09 09:33:11,082 [grpc-default-executor-0] INFO  server.RaftServer$Division (RaftServerImpl.java:setRole(284)) - cc259bf8-a2eb-4525-8fb1-f4b47156f121@group-5894FE760DEC: changes role from  FOLLOWER to FOLLOWER at term 2 for candidate:697bcd3f-2547-41de-8cec-7c932316130e
2021-06-09 09:33:11,082 [grpc-default-executor-1] INFO  server.RaftServer$Division (RaftServerImpl.java:requestVote(1074)) - 3c147370-49f5-478a-bcbe-e6cea6e4d9ae@group-5894FE760DEC replies to ELECTION vote request: 697bcd3f-2547-41de-8cec-7c932316130e<-3c147370-49f5-478a-bcbe-e6cea6e4d9ae#0:OK-t2. Peer's state: 3c147370-49f5-478a-bcbe-e6cea6e4d9ae@group-5894FE760DEC:t2, leader=null, voted=697bcd3f-2547-41de-8cec-7c932316130e, raftlog=3c147370-49f5-478a-bcbe-e6cea6e4d9ae@group-5894FE760DEC-SegmentedRaftLog:OPENED:c-1,f-1,i0, conf=-1: [697bcd3f-2547-41de-8cec-7c932316130e|rpc:127.0.0.1:39889|priority:0, 3c147370-49f5-478a-bcbe-e6cea6e4d9ae|rpc:127.0.0.1:40749|priority:0, cc259bf8-a2eb-4525-8fb1-f4b47156f121|rpc:127.0.0.1:43471|priority:1], old=null
2021-06-09 09:33:11,082 [grpc-default-executor-0] INFO  impl.RoleInfo (RoleInfo.java:shutdownFollowerState(108)) - cc259bf8-a2eb-4525-8fb1-f4b47156f121: shutdown cc259bf8-a2eb-4525-8fb1-f4b47156f121@group-5894FE760DEC-FollowerState
2021-06-09 09:33:11,082 [grpc-default-executor-0] INFO  impl.RoleInfo (RoleInfo.java:updateAndGet(130)) - cc259bf8-a2eb-4525-8fb1-f4b47156f121: start cc259bf8-a2eb-4525-8fb1-f4b47156f121@group-5894FE760DEC-FollowerState
2021-06-09 09:33:11,083 [cc259bf8-a2eb-4525-8fb1-f4b47156f121@group-5894FE760DEC-FollowerState] INFO  impl.FollowerState (FollowerState.java:run(143)) - cc259bf8-a2eb-4525-8fb1-f4b47156f121@group-5894FE760DEC-FollowerState was interrupted: {}
java.lang.InterruptedException: sleep interrupted
	at java.lang.Thread.sleep(Native Method)
	at java.lang.Thread.sleep(Thread.java:340)
	at java.util.concurrent.TimeUnit.sleep(TimeUnit.java:386)
	at org.apache.ratis.util.TimeDuration.sleep(TimeDuration.java:324)
	at org.apache.ratis.util.TimeDuration.sleep(TimeDuration.java:309)
	at org.apache.ratis.server.impl.FollowerState.run(FollowerState.java:118)
2021-06-09 09:33:11,086 [grpc-default-executor-0] INFO  server.RaftServer$Division (RaftServerImpl.java:requestVote(1074)) - cc259bf8-a2eb-4525-8fb1-f4b47156f121@group-5894FE760DEC replies to ELECTION vote request: 697bcd3f-2547-41de-8cec-7c932316130e<-cc259bf8-a2eb-4525-8fb1-f4b47156f121#0:FAIL-t2. Peer's state: cc259bf8-a2eb-4525-8fb1-f4b47156f121@group-5894FE760DEC:t2, leader=null, voted=null, raftlog=cc259bf8-a2eb-4525-8fb1-f4b47156f121@group-5894FE760DEC-SegmentedRaftLog:OPENED:c-1,f-1,i0, conf=-1: [697bcd3f-2547-41de-8cec-7c932316130e|rpc:127.0.0.1:39889|dataStream:|priority:0, 3c147370-49f5-478a-bcbe-e6cea6e4d9ae|rpc:127.0.0.1:40749|dataStream:|priority:0, cc259bf8-a2eb-4525-8fb1-f4b47156f121|rpc:127.0.0.1:43471|dataStream:|priority:1], old=null
2021-06-09 09:33:11,088 [697bcd3f-2547-41de-8cec-7c932316130e@group-5894FE760DEC-LeaderElection9] INFO  impl.LeaderElection (LeaderElection.java:logAndReturn(89)) - 697bcd3f-2547-41de-8cec-7c932316130e@group-5894FE760DEC-LeaderElection9: ELECTION REJECTED received 2 response(s) and 0 exception(s):
2021-06-09 09:33:11,088 [697bcd3f-2547-41de-8cec-7c932316130e@group-5894FE760DEC-LeaderElection9] INFO  impl.LeaderElection (LeaderElection.java:logAndReturn(93)) -   Response 0: 697bcd3f-2547-41de-8cec-7c932316130e<-3c147370-49f5-478a-bcbe-e6cea6e4d9ae#0:OK-t2
2021-06-09 09:33:11,088 [697bcd3f-2547-41de-8cec-7c932316130e@group-5894FE760DEC-LeaderElection9] INFO  impl.LeaderElection (LeaderElection.java:logAndReturn(93)) -   Response 1: 697bcd3f-2547-41de-8cec-7c932316130e<-cc259bf8-a2eb-4525-8fb1-f4b47156f121#0:FAIL-t2
2021-06-09 09:33:11,088 [697bcd3f-2547-41de-8cec-7c932316130e@group-5894FE760DEC-LeaderElection9] INFO  impl.LeaderElection (LeaderElection.java:askForVotes(308)) - 697bcd3f-2547-41de-8cec-7c932316130e@group-5894FE760DEC-LeaderElection9 ELECTION round 0: result REJECTED
2021-06-09 09:33:11,088 [697bcd3f-2547-41de-8cec-7c932316130e@group-5894FE760DEC-LeaderElection9] INFO  server.RaftServer$Division (RaftServerImpl.java:setRole(284)) - 697bcd3f-2547-41de-8cec-7c932316130e@group-5894FE760DEC: changes role from CANDIDATE to FOLLOWER at term 2 for REJECTED
2021-06-09 09:33:11,088 [697bcd3f-2547-41de-8cec-7c932316130e@group-5894FE760DEC-LeaderElection9] INFO  impl.RoleInfo (RoleInfo.java:shutdownLeaderElection(121)) - 697bcd3f-2547-41de-8cec-7c932316130e: shutdown 697bcd3f-2547-41de-8cec-7c932316130e@group-5894FE760DEC-LeaderElection9
2021-06-09 09:33:11,088 [697bcd3f-2547-41de-8cec-7c932316130e@group-5894FE760DEC-LeaderElection9] INFO  impl.RoleInfo (RoleInfo.java:updateAndGet(130)) - 697bcd3f-2547-41de-8cec-7c932316130e: start 697bcd3f-2547-41de-8cec-7c932316130e@group-5894FE760DEC-FollowerState
2021-06-09 09:33:11,151 [Datanode State Machine Thread - 0] ERROR datanode.RunningDatanodeState (RunningDatanodeState.java:computeNextContainerState(199)) - Error in executing end point task.
java.util.concurrent.ExecutionException: java.util.concurrent.TimeoutException
	at java.util.concurrent.FutureTask.report(FutureTask.java:122)
	at java.util.concurrent.FutureTask.get(FutureTask.java:192)
	at org.apache.hadoop.ozone.container.common.states.datanode.RunningDatanodeState.computeNextContainerState(RunningDatanodeState.java:191)
	at org.apache.hadoop.ozone.container.common.states.datanode.RunningDatanodeState.await(RunningDatanodeState.java:231)
	at org.apache.hadoop.ozone.container.common.states.datanode.RunningDatanodeState.await(RunningDatanodeState.java:50)
	at org.apache.hadoop.ozone.container.common.statemachine.StateContext.execute(StateContext.java:629)
	at org.apache.hadoop.ozone.container.common.statemachine.DatanodeStateMachine.start(DatanodeStateMachine.java:244)
	at org.apache.hadoop.ozone.container.common.statemachine.DatanodeStateMachine.lambda$startDaemon$0(DatanodeStateMachine.java:427)
	at java.lang.Thread.run(Thread.java:748)
Caused by: java.util.concurrent.TimeoutException
	at java.util.concurrent.FutureTask.get(FutureTask.java:205)
	at org.apache.hadoop.ozone.container.common.states.datanode.RunningDatanodeState.lambda$execute$0(RunningDatanodeState.java:149)
	at java.util.concurrent.FutureTask.run(FutureTask.java:266)
	at java.util.concurrent.Executors$RunnableAdapter.call(Executors.java:511)
	at java.util.concurrent.FutureTask.run(FutureTask.java:266)
	at java.util.concurrent.ThreadPoolExecutor.runWorker(ThreadPoolExecutor.java:1149)
	at java.util.concurrent.ThreadPoolExecutor$Worker.run(ThreadPoolExecutor.java:624)
	... 1 more
2021-06-09 09:33:11,192 [697bcd3f-2547-41de-8cec-7c932316130e@group-DC9D01F80266-FollowerState] INFO  impl.FollowerState (FollowerState.java:run(134)) - 697bcd3f-2547-41de-8cec-7c932316130e@group-DC9D01F80266-FollowerState: change to CANDIDATE, lastRpcElapsedTime:5065621214ns, electionTimeout:5065ms
2021-06-09 09:33:11,192 [697bcd3f-2547-41de-8cec-7c932316130e@group-DC9D01F80266-FollowerState] INFO  impl.RoleInfo (RoleInfo.java:shutdownFollowerState(108)) - 697bcd3f-2547-41de-8cec-7c932316130e: shutdown 697bcd3f-2547-41de-8cec-7c932316130e@group-DC9D01F80266-FollowerState
2021-06-09 09:33:11,192 [697bcd3f-2547-41de-8cec-7c932316130e@group-DC9D01F80266-FollowerState] INFO  server.RaftServer$Division (RaftServerImpl.java:setRole(284)) - 697bcd3f-2547-41de-8cec-7c932316130e@group-DC9D01F80266: changes role from  FOLLOWER to CANDIDATE at term 1 for changeToCandidate
2021-06-09 09:33:11,192 [697bcd3f-2547-41de-8cec-7c932316130e@group-DC9D01F80266-FollowerState] INFO  server.RaftServerConfigKeys (ConfUtils.java:logGet(44)) - raft.server.leaderelection.pre-vote = false (custom)
2021-06-09 09:33:11,192 [697bcd3f-2547-41de-8cec-7c932316130e@group-DC9D01F80266-FollowerState] INFO  impl.RoleInfo (RoleInfo.java:updateAndGet(130)) - 697bcd3f-2547-41de-8cec-7c932316130e: start 697bcd3f-2547-41de-8cec-7c932316130e@group-DC9D01F80266-LeaderElection10
2021-06-09 09:33:11,194 [697bcd3f-2547-41de-8cec-7c932316130e@group-DC9D01F80266-LeaderElection10] INFO  impl.LeaderElection (LeaderElection.java:askForVotes(306)) - 697bcd3f-2547-41de-8cec-7c932316130e@group-DC9D01F80266-LeaderElection10 ELECTION round 0: submit vote requests at term 2 for -1: [3c147370-49f5-478a-bcbe-e6cea6e4d9ae|rpc:127.0.0.1:40749|priority:1, 697bcd3f-2547-41de-8cec-7c932316130e|rpc:127.0.0.1:39889|priority:0, cc259bf8-a2eb-4525-8fb1-f4b47156f121|rpc:127.0.0.1:43471|priority:0], old=null
2021-06-09 09:33:11,197 [grpc-default-executor-0] INFO  server.RaftServer$Division (RaftServerImpl.java:requestVote(1042)) - 3c147370-49f5-478a-bcbe-e6cea6e4d9ae@group-DC9D01F80266: receive requestVote(ELECTION, 697bcd3f-2547-41de-8cec-7c932316130e, group-DC9D01F80266, 2, (t:0, i:0))
2021-06-09 09:33:11,197 [grpc-default-executor-0] INFO  impl.VoteContext (VoteContext.java:log(48)) - 3c147370-49f5-478a-bcbe-e6cea6e4d9ae@group-DC9D01F80266-FOLLOWER: reject ELECTION from 697bcd3f-2547-41de-8cec-7c932316130e: our priority 1 > candidate's priority 0
2021-06-09 09:33:11,197 [grpc-default-executor-0] INFO  server.RaftServer$Division (RaftServerImpl.java:setRole(284)) - 3c147370-49f5-478a-bcbe-e6cea6e4d9ae@group-DC9D01F80266: changes role from  FOLLOWER to FOLLOWER at term 2 for candidate:697bcd3f-2547-41de-8cec-7c932316130e
2021-06-09 09:33:11,198 [grpc-default-executor-0] INFO  impl.RoleInfo (RoleInfo.java:shutdownFollowerState(108)) - 3c147370-49f5-478a-bcbe-e6cea6e4d9ae: shutdown 3c147370-49f5-478a-bcbe-e6cea6e4d9ae@group-DC9D01F80266-FollowerState
2021-06-09 09:33:11,198 [grpc-default-executor-0] INFO  impl.RoleInfo (RoleInfo.java:updateAndGet(130)) - 3c147370-49f5-478a-bcbe-e6cea6e4d9ae: start 3c147370-49f5-478a-bcbe-e6cea6e4d9ae@group-DC9D01F80266-FollowerState
2021-06-09 09:33:11,198 [3c147370-49f5-478a-bcbe-e6cea6e4d9ae@group-DC9D01F80266-FollowerState] INFO  impl.FollowerState (FollowerState.java:run(143)) - 3c147370-49f5-478a-bcbe-e6cea6e4d9ae@group-DC9D01F80266-FollowerState was interrupted: {}
java.lang.InterruptedException: sleep interrupted
	at java.lang.Thread.sleep(Native Method)
	at java.lang.Thread.sleep(Thread.java:340)
	at java.util.concurrent.TimeUnit.sleep(TimeUnit.java:386)
	at org.apache.ratis.util.TimeDuration.sleep(TimeDuration.java:324)
	at org.apache.ratis.util.TimeDuration.sleep(TimeDuration.java:309)
	at org.apache.ratis.server.impl.FollowerState.run(FollowerState.java:118)
2021-06-09 09:33:11,199 [grpc-default-executor-0] INFO  server.RaftServer$Division (RaftServerImpl.java:requestVote(1074)) - 3c147370-49f5-478a-bcbe-e6cea6e4d9ae@group-DC9D01F80266 replies to ELECTION vote request: 697bcd3f-2547-41de-8cec-7c932316130e<-3c147370-49f5-478a-bcbe-e6cea6e4d9ae#0:FAIL-t2. Peer's state: 3c147370-49f5-478a-bcbe-e6cea6e4d9ae@group-DC9D01F80266:t2, leader=null, voted=null, raftlog=3c147370-49f5-478a-bcbe-e6cea6e4d9ae@group-DC9D01F80266-SegmentedRaftLog:OPENED:c-1,f-1,i0, conf=-1: [3c147370-49f5-478a-bcbe-e6cea6e4d9ae|rpc:127.0.0.1:40749|dataStream:|priority:1, 697bcd3f-2547-41de-8cec-7c932316130e|rpc:127.0.0.1:39889|dataStream:|priority:0, cc259bf8-a2eb-4525-8fb1-f4b47156f121|rpc:127.0.0.1:43471|dataStream:|priority:0], old=null
2021-06-09 09:33:11,200 [grpc-default-executor-1] INFO  server.RaftServer$Division (RaftServerImpl.java:requestVote(1042)) - cc259bf8-a2eb-4525-8fb1-f4b47156f121@group-DC9D01F80266: receive requestVote(ELECTION, 697bcd3f-2547-41de-8cec-7c932316130e, group-DC9D01F80266, 2, (t:0, i:0))
2021-06-09 09:33:11,200 [grpc-default-executor-1] INFO  impl.VoteContext (VoteContext.java:log(48)) - cc259bf8-a2eb-4525-8fb1-f4b47156f121@group-DC9D01F80266-FOLLOWER: accept ELECTION from 697bcd3f-2547-41de-8cec-7c932316130e: our priority 0 <= candidate's priority 0
2021-06-09 09:33:11,200 [grpc-default-executor-1] INFO  server.RaftServer$Division (RaftServerImpl.java:setRole(284)) - cc259bf8-a2eb-4525-8fb1-f4b47156f121@group-DC9D01F80266: changes role from  FOLLOWER to FOLLOWER at term 2 for candidate:697bcd3f-2547-41de-8cec-7c932316130e
2021-06-09 09:33:11,200 [grpc-default-executor-1] INFO  impl.RoleInfo (RoleInfo.java:shutdownFollowerState(108)) - cc259bf8-a2eb-4525-8fb1-f4b47156f121: shutdown cc259bf8-a2eb-4525-8fb1-f4b47156f121@group-DC9D01F80266-FollowerState
2021-06-09 09:33:11,201 [grpc-default-executor-1] INFO  impl.RoleInfo (RoleInfo.java:updateAndGet(130)) - cc259bf8-a2eb-4525-8fb1-f4b47156f121: start cc259bf8-a2eb-4525-8fb1-f4b47156f121@group-DC9D01F80266-FollowerState
2021-06-09 09:33:11,201 [cc259bf8-a2eb-4525-8fb1-f4b47156f121@group-DC9D01F80266-FollowerState] INFO  impl.FollowerState (FollowerState.java:run(143)) - cc259bf8-a2eb-4525-8fb1-f4b47156f121@group-DC9D01F80266-FollowerState was interrupted: {}
java.lang.InterruptedException: sleep interrupted
	at java.lang.Thread.sleep(Native Method)
	at java.lang.Thread.sleep(Thread.java:340)
	at java.util.concurrent.TimeUnit.sleep(TimeUnit.java:386)
	at org.apache.ratis.util.TimeDuration.sleep(TimeDuration.java:324)
	at org.apache.ratis.util.TimeDuration.sleep(TimeDuration.java:309)
	at org.apache.ratis.server.impl.FollowerState.run(FollowerState.java:118)
2021-06-09 09:33:11,210 [grpc-default-executor-1] INFO  server.RaftServer$Division (RaftServerImpl.java:requestVote(1074)) - cc259bf8-a2eb-4525-8fb1-f4b47156f121@group-DC9D01F80266 replies to ELECTION vote request: 697bcd3f-2547-41de-8cec-7c932316130e<-cc259bf8-a2eb-4525-8fb1-f4b47156f121#0:OK-t2. Peer's state: cc259bf8-a2eb-4525-8fb1-f4b47156f121@group-DC9D01F80266:t2, leader=null, voted=697bcd3f-2547-41de-8cec-7c932316130e, raftlog=cc259bf8-a2eb-4525-8fb1-f4b47156f121@group-DC9D01F80266-SegmentedRaftLog:OPENED:c-1,f-1,i0, conf=-1: [3c147370-49f5-478a-bcbe-e6cea6e4d9ae|rpc:127.0.0.1:40749|priority:1, 697bcd3f-2547-41de-8cec-7c932316130e|rpc:127.0.0.1:39889|priority:0, cc259bf8-a2eb-4525-8fb1-f4b47156f121|rpc:127.0.0.1:43471|priority:0], old=null
2021-06-09 09:33:11,211 [697bcd3f-2547-41de-8cec-7c932316130e@group-DC9D01F80266-LeaderElection10] INFO  impl.LeaderElection (LeaderElection.java:logAndReturn(89)) - 697bcd3f-2547-41de-8cec-7c932316130e@group-DC9D01F80266-LeaderElection10: ELECTION REJECTED received 2 response(s) and 0 exception(s):
2021-06-09 09:33:11,211 [697bcd3f-2547-41de-8cec-7c932316130e@group-DC9D01F80266-LeaderElection10] INFO  impl.LeaderElection (LeaderElection.java:logAndReturn(93)) -   Response 0: 697bcd3f-2547-41de-8cec-7c932316130e<-3c147370-49f5-478a-bcbe-e6cea6e4d9ae#0:FAIL-t2
2021-06-09 09:33:11,211 [697bcd3f-2547-41de-8cec-7c932316130e@group-DC9D01F80266-LeaderElection10] INFO  impl.LeaderElection (LeaderElection.java:logAndReturn(93)) -   Response 1: 697bcd3f-2547-41de-8cec-7c932316130e<-cc259bf8-a2eb-4525-8fb1-f4b47156f121#0:OK-t2
2021-06-09 09:33:11,211 [697bcd3f-2547-41de-8cec-7c932316130e@group-DC9D01F80266-LeaderElection10] INFO  impl.LeaderElection (LeaderElection.java:askForVotes(308)) - 697bcd3f-2547-41de-8cec-7c932316130e@group-DC9D01F80266-LeaderElection10 ELECTION round 0: result REJECTED
2021-06-09 09:33:11,211 [697bcd3f-2547-41de-8cec-7c932316130e@group-DC9D01F80266-LeaderElection10] INFO  server.RaftServer$Division (RaftServerImpl.java:setRole(284)) - 697bcd3f-2547-41de-8cec-7c932316130e@group-DC9D01F80266: changes role from CANDIDATE to FOLLOWER at term 2 for REJECTED
2021-06-09 09:33:11,211 [697bcd3f-2547-41de-8cec-7c932316130e@group-DC9D01F80266-LeaderElection10] INFO  impl.RoleInfo (RoleInfo.java:shutdownLeaderElection(121)) - 697bcd3f-2547-41de-8cec-7c932316130e: shutdown 697bcd3f-2547-41de-8cec-7c932316130e@group-DC9D01F80266-LeaderElection10
2021-06-09 09:33:11,211 [697bcd3f-2547-41de-8cec-7c932316130e@group-DC9D01F80266-LeaderElection10] INFO  impl.RoleInfo (RoleInfo.java:updateAndGet(130)) - 697bcd3f-2547-41de-8cec-7c932316130e: start 697bcd3f-2547-41de-8cec-7c932316130e@group-DC9D01F80266-FollowerState
2021-06-09 09:33:11,960 [Listener at 127.0.0.1/10928] INFO  ozone.MiniOzoneClusterImpl (MiniOzoneClusterImpl.java:lambda$waitForClusterToBeReady$0(224)) - Nodes are ready. Got 3 of 3 DN Heartbeats.
2021-06-09 09:33:11,960 [Listener at 127.0.0.1/10928] INFO  ozone.MiniOzoneClusterImpl (MiniOzoneClusterImpl.java:lambda$waitForClusterToBeReady$0(227)) - Waiting for cluster to exit safe mode
2021-06-09 09:33:11,960 [Listener at 127.0.0.1/10928] INFO  ozone.MiniOzoneClusterImpl (MiniOzoneClusterImpl.java:lambda$waitForClusterToBeReady$0(230)) - SCM became leader
2021-06-09 09:33:12,037 [Datanode State Machine Thread - 0] ERROR datanode.RunningDatanodeState (RunningDatanodeState.java:computeNextContainerState(199)) - Error in executing end point task.
java.util.concurrent.ExecutionException: java.util.concurrent.TimeoutException
	at java.util.concurrent.FutureTask.report(FutureTask.java:122)
	at java.util.concurrent.FutureTask.get(FutureTask.java:192)
	at org.apache.hadoop.ozone.container.common.states.datanode.RunningDatanodeState.computeNextContainerState(RunningDatanodeState.java:191)
	at org.apache.hadoop.ozone.container.common.states.datanode.RunningDatanodeState.await(RunningDatanodeState.java:231)
	at org.apache.hadoop.ozone.container.common.states.datanode.RunningDatanodeState.await(RunningDatanodeState.java:50)
	at org.apache.hadoop.ozone.container.common.statemachine.StateContext.execute(StateContext.java:629)
	at org.apache.hadoop.ozone.container.common.statemachine.DatanodeStateMachine.start(DatanodeStateMachine.java:244)
	at org.apache.hadoop.ozone.container.common.statemachine.DatanodeStateMachine.lambda$startDaemon$0(DatanodeStateMachine.java:427)
	at java.lang.Thread.run(Thread.java:748)
Caused by: java.util.concurrent.TimeoutException
	at java.util.concurrent.FutureTask.get(FutureTask.java:205)
	at org.apache.hadoop.ozone.container.common.states.datanode.RunningDatanodeState.lambda$execute$0(RunningDatanodeState.java:149)
	at java.util.concurrent.FutureTask.run(FutureTask.java:266)
	at java.util.concurrent.Executors$RunnableAdapter.call(Executors.java:511)
	at java.util.concurrent.FutureTask.run(FutureTask.java:266)
	at java.util.concurrent.ThreadPoolExecutor.runWorker(ThreadPoolExecutor.java:1149)
	at java.util.concurrent.ThreadPoolExecutor$Worker.run(ThreadPoolExecutor.java:624)
	... 1 more
2021-06-09 09:33:12,153 [Datanode State Machine Thread - 0] ERROR datanode.RunningDatanodeState (RunningDatanodeState.java:computeNextContainerState(199)) - Error in executing end point task.
java.util.concurrent.ExecutionException: java.util.concurrent.TimeoutException
	at java.util.concurrent.FutureTask.report(FutureTask.java:122)
	at java.util.concurrent.FutureTask.get(FutureTask.java:192)
	at org.apache.hadoop.ozone.container.common.states.datanode.RunningDatanodeState.computeNextContainerState(RunningDatanodeState.java:191)
	at org.apache.hadoop.ozone.container.common.states.datanode.RunningDatanodeState.await(RunningDatanodeState.java:231)
	at org.apache.hadoop.ozone.container.common.states.datanode.RunningDatanodeState.await(RunningDatanodeState.java:50)
	at org.apache.hadoop.ozone.container.common.statemachine.StateContext.execute(StateContext.java:629)
	at org.apache.hadoop.ozone.container.common.statemachine.DatanodeStateMachine.start(DatanodeStateMachine.java:244)
	at org.apache.hadoop.ozone.container.common.statemachine.DatanodeStateMachine.lambda$startDaemon$0(DatanodeStateMachine.java:427)
	at java.lang.Thread.run(Thread.java:748)
Caused by: java.util.concurrent.TimeoutException
	at java.util.concurrent.FutureTask.get(FutureTask.java:205)
	at org.apache.hadoop.ozone.container.common.states.datanode.RunningDatanodeState.lambda$execute$0(RunningDatanodeState.java:149)
	at java.util.concurrent.FutureTask.run(FutureTask.java:266)
	at java.util.concurrent.Executors$RunnableAdapter.call(Executors.java:511)
	at java.util.concurrent.FutureTask.run(FutureTask.java:266)
	at java.util.concurrent.ThreadPoolExecutor.runWorker(ThreadPoolExecutor.java:1149)
	at java.util.concurrent.ThreadPoolExecutor$Worker.run(ThreadPoolExecutor.java:624)
	... 1 more
2021-06-09 09:33:12,961 [Listener at 127.0.0.1/10928] INFO  ozone.MiniOzoneClusterImpl (MiniOzoneClusterImpl.java:lambda$waitForClusterToBeReady$0(224)) - Nodes are ready. Got 3 of 3 DN Heartbeats.
2021-06-09 09:33:12,961 [Listener at 127.0.0.1/10928] INFO  ozone.MiniOzoneClusterImpl (MiniOzoneClusterImpl.java:lambda$waitForClusterToBeReady$0(227)) - Waiting for cluster to exit safe mode
2021-06-09 09:33:12,961 [Listener at 127.0.0.1/10928] INFO  ozone.MiniOzoneClusterImpl (MiniOzoneClusterImpl.java:lambda$waitForClusterToBeReady$0(230)) - SCM became leader
2021-06-09 09:33:13,961 [Listener at 127.0.0.1/10928] INFO  ozone.MiniOzoneClusterImpl (MiniOzoneClusterImpl.java:lambda$waitForClusterToBeReady$0(224)) - Nodes are ready. Got 3 of 3 DN Heartbeats.
2021-06-09 09:33:13,962 [Listener at 127.0.0.1/10928] INFO  ozone.MiniOzoneClusterImpl (MiniOzoneClusterImpl.java:lambda$waitForClusterToBeReady$0(227)) - Waiting for cluster to exit safe mode
2021-06-09 09:33:13,962 [Listener at 127.0.0.1/10928] INFO  ozone.MiniOzoneClusterImpl (MiniOzoneClusterImpl.java:lambda$waitForClusterToBeReady$0(230)) - SCM became leader
2021-06-09 09:33:14,154 [Datanode State Machine Thread - 0] ERROR datanode.RunningDatanodeState (RunningDatanodeState.java:computeNextContainerState(199)) - Error in executing end point task.
java.util.concurrent.ExecutionException: java.util.concurrent.TimeoutException
	at java.util.concurrent.FutureTask.report(FutureTask.java:122)
	at java.util.concurrent.FutureTask.get(FutureTask.java:192)
	at org.apache.hadoop.ozone.container.common.states.datanode.RunningDatanodeState.computeNextContainerState(RunningDatanodeState.java:191)
	at org.apache.hadoop.ozone.container.common.states.datanode.RunningDatanodeState.await(RunningDatanodeState.java:231)
	at org.apache.hadoop.ozone.container.common.states.datanode.RunningDatanodeState.await(RunningDatanodeState.java:50)
	at org.apache.hadoop.ozone.container.common.statemachine.StateContext.execute(StateContext.java:629)
	at org.apache.hadoop.ozone.container.common.statemachine.DatanodeStateMachine.start(DatanodeStateMachine.java:244)
	at org.apache.hadoop.ozone.container.common.statemachine.DatanodeStateMachine.lambda$startDaemon$0(DatanodeStateMachine.java:427)
	at java.lang.Thread.run(Thread.java:748)
Caused by: java.util.concurrent.TimeoutException
	at java.util.concurrent.FutureTask.get(FutureTask.java:205)
	at org.apache.hadoop.ozone.container.common.states.datanode.RunningDatanodeState.lambda$execute$0(RunningDatanodeState.java:149)
	at java.util.concurrent.FutureTask.run(FutureTask.java:266)
	at java.util.concurrent.Executors$RunnableAdapter.call(Executors.java:511)
	at java.util.concurrent.FutureTask.run(FutureTask.java:266)
	at java.util.concurrent.ThreadPoolExecutor.runWorker(ThreadPoolExecutor.java:1149)
	at java.util.concurrent.ThreadPoolExecutor$Worker.run(ThreadPoolExecutor.java:624)
	... 1 more
2021-06-09 09:33:14,962 [Listener at 127.0.0.1/10928] INFO  ozone.MiniOzoneClusterImpl (MiniOzoneClusterImpl.java:lambda$waitForClusterToBeReady$0(224)) - Nodes are ready. Got 3 of 3 DN Heartbeats.
2021-06-09 09:33:14,962 [Listener at 127.0.0.1/10928] INFO  ozone.MiniOzoneClusterImpl (MiniOzoneClusterImpl.java:lambda$waitForClusterToBeReady$0(227)) - Waiting for cluster to exit safe mode
2021-06-09 09:33:14,962 [Listener at 127.0.0.1/10928] INFO  ozone.MiniOzoneClusterImpl (MiniOzoneClusterImpl.java:lambda$waitForClusterToBeReady$0(230)) - SCM became leader
2021-06-09 09:33:15,156 [Datanode State Machine Thread - 0] ERROR datanode.RunningDatanodeState (RunningDatanodeState.java:computeNextContainerState(199)) - Error in executing end point task.
java.util.concurrent.ExecutionException: java.util.concurrent.TimeoutException
	at java.util.concurrent.FutureTask.report(FutureTask.java:122)
	at java.util.concurrent.FutureTask.get(FutureTask.java:192)
	at org.apache.hadoop.ozone.container.common.states.datanode.RunningDatanodeState.computeNextContainerState(RunningDatanodeState.java:191)
	at org.apache.hadoop.ozone.container.common.states.datanode.RunningDatanodeState.await(RunningDatanodeState.java:231)
	at org.apache.hadoop.ozone.container.common.states.datanode.RunningDatanodeState.await(RunningDatanodeState.java:50)
	at org.apache.hadoop.ozone.container.common.statemachine.StateContext.execute(StateContext.java:629)
	at org.apache.hadoop.ozone.container.common.statemachine.DatanodeStateMachine.start(DatanodeStateMachine.java:244)
	at org.apache.hadoop.ozone.container.common.statemachine.DatanodeStateMachine.lambda$startDaemon$0(DatanodeStateMachine.java:427)
	at java.lang.Thread.run(Thread.java:748)
Caused by: java.util.concurrent.TimeoutException
	at java.util.concurrent.FutureTask.get(FutureTask.java:205)
	at org.apache.hadoop.ozone.container.common.states.datanode.RunningDatanodeState.lambda$execute$0(RunningDatanodeState.java:149)
	at java.util.concurrent.FutureTask.run(FutureTask.java:266)
	at java.util.concurrent.Executors$RunnableAdapter.call(Executors.java:511)
	at java.util.concurrent.FutureTask.run(FutureTask.java:266)
	at java.util.concurrent.ThreadPoolExecutor.runWorker(ThreadPoolExecutor.java:1149)
	at java.util.concurrent.ThreadPoolExecutor$Worker.run(ThreadPoolExecutor.java:624)
	... 1 more
2021-06-09 09:33:15,963 [Listener at 127.0.0.1/10928] INFO  ozone.MiniOzoneClusterImpl (MiniOzoneClusterImpl.java:lambda$waitForClusterToBeReady$0(224)) - Nodes are ready. Got 3 of 3 DN Heartbeats.
2021-06-09 09:33:15,963 [Listener at 127.0.0.1/10928] INFO  ozone.MiniOzoneClusterImpl (MiniOzoneClusterImpl.java:lambda$waitForClusterToBeReady$0(227)) - Waiting for cluster to exit safe mode
2021-06-09 09:33:15,963 [Listener at 127.0.0.1/10928] INFO  ozone.MiniOzoneClusterImpl (MiniOzoneClusterImpl.java:lambda$waitForClusterToBeReady$0(230)) - SCM became leader
2021-06-09 09:33:16,125 [3c147370-49f5-478a-bcbe-e6cea6e4d9ae@group-5894FE760DEC-FollowerState] INFO  impl.FollowerState (FollowerState.java:run(134)) - 3c147370-49f5-478a-bcbe-e6cea6e4d9ae@group-5894FE760DEC-FollowerState: change to CANDIDATE, lastRpcElapsedTime:5042604369ns, electionTimeout:5042ms
2021-06-09 09:33:16,125 [3c147370-49f5-478a-bcbe-e6cea6e4d9ae@group-5894FE760DEC-FollowerState] INFO  impl.RoleInfo (RoleInfo.java:shutdownFollowerState(108)) - 3c147370-49f5-478a-bcbe-e6cea6e4d9ae: shutdown 3c147370-49f5-478a-bcbe-e6cea6e4d9ae@group-5894FE760DEC-FollowerState
2021-06-09 09:33:16,125 [3c147370-49f5-478a-bcbe-e6cea6e4d9ae@group-5894FE760DEC-FollowerState] INFO  server.RaftServer$Division (RaftServerImpl.java:setRole(284)) - 3c147370-49f5-478a-bcbe-e6cea6e4d9ae@group-5894FE760DEC: changes role from  FOLLOWER to CANDIDATE at term 2 for changeToCandidate
2021-06-09 09:33:16,125 [3c147370-49f5-478a-bcbe-e6cea6e4d9ae@group-5894FE760DEC-FollowerState] INFO  server.RaftServerConfigKeys (ConfUtils.java:logGet(44)) - raft.server.leaderelection.pre-vote = false (custom)
2021-06-09 09:33:16,125 [3c147370-49f5-478a-bcbe-e6cea6e4d9ae@group-5894FE760DEC-FollowerState] INFO  impl.RoleInfo (RoleInfo.java:updateAndGet(130)) - 3c147370-49f5-478a-bcbe-e6cea6e4d9ae: start 3c147370-49f5-478a-bcbe-e6cea6e4d9ae@group-5894FE760DEC-LeaderElection11
2021-06-09 09:33:16,128 [3c147370-49f5-478a-bcbe-e6cea6e4d9ae@group-5894FE760DEC-LeaderElection11] INFO  impl.LeaderElection (LeaderElection.java:askForVotes(306)) - 3c147370-49f5-478a-bcbe-e6cea6e4d9ae@group-5894FE760DEC-LeaderElection11 ELECTION round 0: submit vote requests at term 3 for -1: [697bcd3f-2547-41de-8cec-7c932316130e|rpc:127.0.0.1:39889|priority:0, 3c147370-49f5-478a-bcbe-e6cea6e4d9ae|rpc:127.0.0.1:40749|priority:0, cc259bf8-a2eb-4525-8fb1-f4b47156f121|rpc:127.0.0.1:43471|priority:1], old=null
2021-06-09 09:33:16,136 [grpc-default-executor-1] INFO  server.RaftServer$Division (RaftServerImpl.java:requestVote(1042)) - 697bcd3f-2547-41de-8cec-7c932316130e@group-5894FE760DEC: receive requestVote(ELECTION, 3c147370-49f5-478a-bcbe-e6cea6e4d9ae, group-5894FE760DEC, 3, (t:0, i:0))
2021-06-09 09:33:16,136 [grpc-default-executor-1] INFO  impl.VoteContext (VoteContext.java:log(48)) - 697bcd3f-2547-41de-8cec-7c932316130e@group-5894FE760DEC-FOLLOWER: accept ELECTION from 3c147370-49f5-478a-bcbe-e6cea6e4d9ae: our priority 0 <= candidate's priority 0
2021-06-09 09:33:16,136 [grpc-default-executor-1] INFO  server.RaftServer$Division (RaftServerImpl.java:setRole(284)) - 697bcd3f-2547-41de-8cec-7c932316130e@group-5894FE760DEC: changes role from  FOLLOWER to FOLLOWER at term 3 for candidate:3c147370-49f5-478a-bcbe-e6cea6e4d9ae
2021-06-09 09:33:16,136 [grpc-default-executor-1] INFO  impl.RoleInfo (RoleInfo.java:shutdownFollowerState(108)) - 697bcd3f-2547-41de-8cec-7c932316130e: shutdown 697bcd3f-2547-41de-8cec-7c932316130e@group-5894FE760DEC-FollowerState
2021-06-09 09:33:16,136 [grpc-default-executor-1] INFO  impl.RoleInfo (RoleInfo.java:updateAndGet(130)) - 697bcd3f-2547-41de-8cec-7c932316130e: start 697bcd3f-2547-41de-8cec-7c932316130e@group-5894FE760DEC-FollowerState
2021-06-09 09:33:16,136 [697bcd3f-2547-41de-8cec-7c932316130e@group-5894FE760DEC-FollowerState] INFO  impl.FollowerState (FollowerState.java:run(143)) - 697bcd3f-2547-41de-8cec-7c932316130e@group-5894FE760DEC-FollowerState was interrupted: {}
java.lang.InterruptedException: sleep interrupted
	at java.lang.Thread.sleep(Native Method)
	at java.lang.Thread.sleep(Thread.java:340)
	at java.util.concurrent.TimeUnit.sleep(TimeUnit.java:386)
	at org.apache.ratis.util.TimeDuration.sleep(TimeDuration.java:324)
	at org.apache.ratis.util.TimeDuration.sleep(TimeDuration.java:309)
	at org.apache.ratis.server.impl.FollowerState.run(FollowerState.java:118)
2021-06-09 09:33:16,138 [grpc-default-executor-1] INFO  server.RaftServer$Division (RaftServerImpl.java:requestVote(1074)) - 697bcd3f-2547-41de-8cec-7c932316130e@group-5894FE760DEC replies to ELECTION vote request: 3c147370-49f5-478a-bcbe-e6cea6e4d9ae<-697bcd3f-2547-41de-8cec-7c932316130e#0:OK-t3. Peer's state: 697bcd3f-2547-41de-8cec-7c932316130e@group-5894FE760DEC:t3, leader=null, voted=3c147370-49f5-478a-bcbe-e6cea6e4d9ae, raftlog=697bcd3f-2547-41de-8cec-7c932316130e@group-5894FE760DEC-SegmentedRaftLog:OPENED:c-1,f-1,i0, conf=-1: [697bcd3f-2547-41de-8cec-7c932316130e|rpc:127.0.0.1:39889|priority:0, 3c147370-49f5-478a-bcbe-e6cea6e4d9ae|rpc:127.0.0.1:40749|priority:0, cc259bf8-a2eb-4525-8fb1-f4b47156f121|rpc:127.0.0.1:43471|priority:1], old=null
2021-06-09 09:33:16,142 [grpc-default-executor-1] INFO  server.RaftServer$Division (RaftServerImpl.java:requestVote(1042)) - cc259bf8-a2eb-4525-8fb1-f4b47156f121@group-5894FE760DEC: receive requestVote(ELECTION, 3c147370-49f5-478a-bcbe-e6cea6e4d9ae, group-5894FE760DEC, 3, (t:0, i:0))
2021-06-09 09:33:16,142 [grpc-default-executor-1] INFO  impl.VoteContext (VoteContext.java:log(48)) - cc259bf8-a2eb-4525-8fb1-f4b47156f121@group-5894FE760DEC-FOLLOWER: reject ELECTION from 3c147370-49f5-478a-bcbe-e6cea6e4d9ae: our priority 1 > candidate's priority 0
2021-06-09 09:33:16,142 [grpc-default-executor-1] INFO  server.RaftServer$Division (RaftServerImpl.java:setRole(284)) - cc259bf8-a2eb-4525-8fb1-f4b47156f121@group-5894FE760DEC: changes role from  FOLLOWER to FOLLOWER at term 3 for candidate:3c147370-49f5-478a-bcbe-e6cea6e4d9ae
2021-06-09 09:33:16,142 [grpc-default-executor-1] INFO  impl.RoleInfo (RoleInfo.java:shutdownFollowerState(108)) - cc259bf8-a2eb-4525-8fb1-f4b47156f121: shutdown cc259bf8-a2eb-4525-8fb1-f4b47156f121@group-5894FE760DEC-FollowerState
2021-06-09 09:33:16,142 [grpc-default-executor-1] INFO  impl.RoleInfo (RoleInfo.java:updateAndGet(130)) - cc259bf8-a2eb-4525-8fb1-f4b47156f121: start cc259bf8-a2eb-4525-8fb1-f4b47156f121@group-5894FE760DEC-FollowerState
2021-06-09 09:33:16,142 [cc259bf8-a2eb-4525-8fb1-f4b47156f121@group-5894FE760DEC-FollowerState] INFO  impl.FollowerState (FollowerState.java:run(143)) - cc259bf8-a2eb-4525-8fb1-f4b47156f121@group-5894FE760DEC-FollowerState was interrupted: {}
java.lang.InterruptedException: sleep interrupted
	at java.lang.Thread.sleep(Native Method)
	at java.lang.Thread.sleep(Thread.java:340)
	at java.util.concurrent.TimeUnit.sleep(TimeUnit.java:386)
	at org.apache.ratis.util.TimeDuration.sleep(TimeDuration.java:324)
	at org.apache.ratis.util.TimeDuration.sleep(TimeDuration.java:309)
	at org.apache.ratis.server.impl.FollowerState.run(FollowerState.java:118)
2021-06-09 09:33:16,151 [grpc-default-executor-1] INFO  server.RaftServer$Division (RaftServerImpl.java:requestVote(1074)) - cc259bf8-a2eb-4525-8fb1-f4b47156f121@group-5894FE760DEC replies to ELECTION vote request: 3c147370-49f5-478a-bcbe-e6cea6e4d9ae<-cc259bf8-a2eb-4525-8fb1-f4b47156f121#0:FAIL-t3. Peer's state: cc259bf8-a2eb-4525-8fb1-f4b47156f121@group-5894FE760DEC:t3, leader=null, voted=null, raftlog=cc259bf8-a2eb-4525-8fb1-f4b47156f121@group-5894FE760DEC-SegmentedRaftLog:OPENED:c-1,f-1,i0, conf=-1: [697bcd3f-2547-41de-8cec-7c932316130e|rpc:127.0.0.1:39889|dataStream:|priority:0, 3c147370-49f5-478a-bcbe-e6cea6e4d9ae|rpc:127.0.0.1:40749|dataStream:|priority:0, cc259bf8-a2eb-4525-8fb1-f4b47156f121|rpc:127.0.0.1:43471|dataStream:|priority:1], old=null
2021-06-09 09:33:16,154 [3c147370-49f5-478a-bcbe-e6cea6e4d9ae@group-5894FE760DEC-LeaderElection11] INFO  impl.LeaderElection (LeaderElection.java:logAndReturn(89)) - 3c147370-49f5-478a-bcbe-e6cea6e4d9ae@group-5894FE760DEC-LeaderElection11: ELECTION REJECTED received 2 response(s) and 0 exception(s):
2021-06-09 09:33:16,154 [3c147370-49f5-478a-bcbe-e6cea6e4d9ae@group-5894FE760DEC-LeaderElection11] INFO  impl.LeaderElection (LeaderElection.java:logAndReturn(93)) -   Response 0: 3c147370-49f5-478a-bcbe-e6cea6e4d9ae<-697bcd3f-2547-41de-8cec-7c932316130e#0:OK-t3
2021-06-09 09:33:16,154 [3c147370-49f5-478a-bcbe-e6cea6e4d9ae@group-5894FE760DEC-LeaderElection11] INFO  impl.LeaderElection (LeaderElection.java:logAndReturn(93)) -   Response 1: 3c147370-49f5-478a-bcbe-e6cea6e4d9ae<-cc259bf8-a2eb-4525-8fb1-f4b47156f121#0:FAIL-t3
2021-06-09 09:33:16,154 [3c147370-49f5-478a-bcbe-e6cea6e4d9ae@group-5894FE760DEC-LeaderElection11] INFO  impl.LeaderElection (LeaderElection.java:askForVotes(308)) - 3c147370-49f5-478a-bcbe-e6cea6e4d9ae@group-5894FE760DEC-LeaderElection11 ELECTION round 0: result REJECTED
2021-06-09 09:33:16,154 [3c147370-49f5-478a-bcbe-e6cea6e4d9ae@group-5894FE760DEC-LeaderElection11] INFO  server.RaftServer$Division (RaftServerImpl.java:setRole(284)) - 3c147370-49f5-478a-bcbe-e6cea6e4d9ae@group-5894FE760DEC: changes role from CANDIDATE to FOLLOWER at term 3 for REJECTED
2021-06-09 09:33:16,154 [3c147370-49f5-478a-bcbe-e6cea6e4d9ae@group-5894FE760DEC-LeaderElection11] INFO  impl.RoleInfo (RoleInfo.java:shutdownLeaderElection(121)) - 3c147370-49f5-478a-bcbe-e6cea6e4d9ae: shutdown 3c147370-49f5-478a-bcbe-e6cea6e4d9ae@group-5894FE760DEC-LeaderElection11
2021-06-09 09:33:16,155 [3c147370-49f5-478a-bcbe-e6cea6e4d9ae@group-5894FE760DEC-LeaderElection11] INFO  impl.RoleInfo (RoleInfo.java:updateAndGet(130)) - 3c147370-49f5-478a-bcbe-e6cea6e4d9ae: start 3c147370-49f5-478a-bcbe-e6cea6e4d9ae@group-5894FE760DEC-FollowerState
2021-06-09 09:33:16,266 [3c147370-49f5-478a-bcbe-e6cea6e4d9ae@group-DC9D01F80266-FollowerState] INFO  impl.FollowerState (FollowerState.java:run(134)) - 3c147370-49f5-478a-bcbe-e6cea6e4d9ae@group-DC9D01F80266-FollowerState: change to CANDIDATE, lastRpcElapsedTime:5068843328ns, electionTimeout:5058ms
2021-06-09 09:33:16,267 [3c147370-49f5-478a-bcbe-e6cea6e4d9ae@group-DC9D01F80266-FollowerState] INFO  impl.RoleInfo (RoleInfo.java:shutdownFollowerState(108)) - 3c147370-49f5-478a-bcbe-e6cea6e4d9ae: shutdown 3c147370-49f5-478a-bcbe-e6cea6e4d9ae@group-DC9D01F80266-FollowerState
2021-06-09 09:33:16,267 [3c147370-49f5-478a-bcbe-e6cea6e4d9ae@group-DC9D01F80266-FollowerState] INFO  server.RaftServer$Division (RaftServerImpl.java:setRole(284)) - 3c147370-49f5-478a-bcbe-e6cea6e4d9ae@group-DC9D01F80266: changes role from  FOLLOWER to CANDIDATE at term 2 for changeToCandidate
2021-06-09 09:33:16,267 [3c147370-49f5-478a-bcbe-e6cea6e4d9ae@group-DC9D01F80266-FollowerState] INFO  server.RaftServerConfigKeys (ConfUtils.java:logGet(44)) - raft.server.leaderelection.pre-vote = false (custom)
2021-06-09 09:33:16,267 [3c147370-49f5-478a-bcbe-e6cea6e4d9ae@group-DC9D01F80266-FollowerState] INFO  impl.RoleInfo (RoleInfo.java:updateAndGet(130)) - 3c147370-49f5-478a-bcbe-e6cea6e4d9ae: start 3c147370-49f5-478a-bcbe-e6cea6e4d9ae@group-DC9D01F80266-LeaderElection12
2021-06-09 09:33:16,268 [3c147370-49f5-478a-bcbe-e6cea6e4d9ae@group-DC9D01F80266-LeaderElection12] INFO  impl.LeaderElection (LeaderElection.java:askForVotes(306)) - 3c147370-49f5-478a-bcbe-e6cea6e4d9ae@group-DC9D01F80266-LeaderElection12 ELECTION round 0: submit vote requests at term 3 for -1: [3c147370-49f5-478a-bcbe-e6cea6e4d9ae|rpc:127.0.0.1:40749|dataStream:|priority:1, 697bcd3f-2547-41de-8cec-7c932316130e|rpc:127.0.0.1:39889|dataStream:|priority:0, cc259bf8-a2eb-4525-8fb1-f4b47156f121|rpc:127.0.0.1:43471|dataStream:|priority:0], old=null
2021-06-09 09:33:16,279 [grpc-default-executor-1] INFO  server.RaftServer$Division (RaftServerImpl.java:requestVote(1042)) - 697bcd3f-2547-41de-8cec-7c932316130e@group-DC9D01F80266: receive requestVote(ELECTION, 3c147370-49f5-478a-bcbe-e6cea6e4d9ae, group-DC9D01F80266, 3, (t:0, i:0))
2021-06-09 09:33:16,279 [grpc-default-executor-1] INFO  impl.VoteContext (VoteContext.java:log(48)) - 697bcd3f-2547-41de-8cec-7c932316130e@group-DC9D01F80266-FOLLOWER: accept ELECTION from 3c147370-49f5-478a-bcbe-e6cea6e4d9ae: our priority 0 <= candidate's priority 1
2021-06-09 09:33:16,279 [grpc-default-executor-1] INFO  server.RaftServer$Division (RaftServerImpl.java:setRole(284)) - 697bcd3f-2547-41de-8cec-7c932316130e@group-DC9D01F80266: changes role from  FOLLOWER to FOLLOWER at term 3 for candidate:3c147370-49f5-478a-bcbe-e6cea6e4d9ae
2021-06-09 09:33:16,279 [grpc-default-executor-1] INFO  impl.RoleInfo (RoleInfo.java:shutdownFollowerState(108)) - 697bcd3f-2547-41de-8cec-7c932316130e: shutdown 697bcd3f-2547-41de-8cec-7c932316130e@group-DC9D01F80266-FollowerState
2021-06-09 09:33:16,279 [697bcd3f-2547-41de-8cec-7c932316130e@group-DC9D01F80266-FollowerState] INFO  impl.FollowerState (FollowerState.java:run(143)) - 697bcd3f-2547-41de-8cec-7c932316130e@group-DC9D01F80266-FollowerState was interrupted: {}
java.lang.InterruptedException: sleep interrupted
	at java.lang.Thread.sleep(Native Method)
	at java.lang.Thread.sleep(Thread.java:340)
	at java.util.concurrent.TimeUnit.sleep(TimeUnit.java:386)
	at org.apache.ratis.util.TimeDuration.sleep(TimeDuration.java:324)
	at org.apache.ratis.util.TimeDuration.sleep(TimeDuration.java:309)
	at org.apache.ratis.server.impl.FollowerState.run(FollowerState.java:118)
2021-06-09 09:33:16,279 [grpc-default-executor-1] INFO  impl.RoleInfo (RoleInfo.java:updateAndGet(130)) - 697bcd3f-2547-41de-8cec-7c932316130e: start 697bcd3f-2547-41de-8cec-7c932316130e@group-DC9D01F80266-FollowerState
2021-06-09 09:33:16,283 [grpc-default-executor-1] INFO  server.RaftServer$Division (RaftServerImpl.java:requestVote(1074)) - 697bcd3f-2547-41de-8cec-7c932316130e@group-DC9D01F80266 replies to ELECTION vote request: 3c147370-49f5-478a-bcbe-e6cea6e4d9ae<-697bcd3f-2547-41de-8cec-7c932316130e#0:OK-t3. Peer's state: 697bcd3f-2547-41de-8cec-7c932316130e@group-DC9D01F80266:t3, leader=null, voted=3c147370-49f5-478a-bcbe-e6cea6e4d9ae, raftlog=697bcd3f-2547-41de-8cec-7c932316130e@group-DC9D01F80266-SegmentedRaftLog:OPENED:c-1,f-1,i0, conf=-1: [3c147370-49f5-478a-bcbe-e6cea6e4d9ae|rpc:127.0.0.1:40749|priority:1, 697bcd3f-2547-41de-8cec-7c932316130e|rpc:127.0.0.1:39889|priority:0, cc259bf8-a2eb-4525-8fb1-f4b47156f121|rpc:127.0.0.1:43471|priority:0], old=null
2021-06-09 09:33:16,283 [grpc-default-executor-0] INFO  server.RaftServer$Division (RaftServerImpl.java:requestVote(1042)) - cc259bf8-a2eb-4525-8fb1-f4b47156f121@group-DC9D01F80266: receive requestVote(ELECTION, 3c147370-49f5-478a-bcbe-e6cea6e4d9ae, group-DC9D01F80266, 3, (t:0, i:0))
2021-06-09 09:33:16,283 [grpc-default-executor-0] INFO  impl.VoteContext (VoteContext.java:log(48)) - cc259bf8-a2eb-4525-8fb1-f4b47156f121@group-DC9D01F80266-FOLLOWER: accept ELECTION from 3c147370-49f5-478a-bcbe-e6cea6e4d9ae: our priority 0 <= candidate's priority 1
2021-06-09 09:33:16,284 [grpc-default-executor-0] INFO  server.RaftServer$Division (RaftServerImpl.java:setRole(284)) - cc259bf8-a2eb-4525-8fb1-f4b47156f121@group-DC9D01F80266: changes role from  FOLLOWER to FOLLOWER at term 3 for candidate:3c147370-49f5-478a-bcbe-e6cea6e4d9ae
2021-06-09 09:33:16,284 [grpc-default-executor-0] INFO  impl.RoleInfo (RoleInfo.java:shutdownFollowerState(108)) - cc259bf8-a2eb-4525-8fb1-f4b47156f121: shutdown cc259bf8-a2eb-4525-8fb1-f4b47156f121@group-DC9D01F80266-FollowerState
2021-06-09 09:33:16,284 [grpc-default-executor-0] INFO  impl.RoleInfo (RoleInfo.java:updateAndGet(130)) - cc259bf8-a2eb-4525-8fb1-f4b47156f121: start cc259bf8-a2eb-4525-8fb1-f4b47156f121@group-DC9D01F80266-FollowerState
2021-06-09 09:33:16,284 [cc259bf8-a2eb-4525-8fb1-f4b47156f121@group-DC9D01F80266-FollowerState] INFO  impl.FollowerState (FollowerState.java:run(143)) - cc259bf8-a2eb-4525-8fb1-f4b47156f121@group-DC9D01F80266-FollowerState was interrupted: {}
java.lang.InterruptedException: sleep interrupted
	at java.lang.Thread.sleep(Native Method)
	at java.lang.Thread.sleep(Thread.java:340)
	at java.util.concurrent.TimeUnit.sleep(TimeUnit.java:386)
	at org.apache.ratis.util.TimeDuration.sleep(TimeDuration.java:324)
	at org.apache.ratis.util.TimeDuration.sleep(TimeDuration.java:309)
	at org.apache.ratis.server.impl.FollowerState.run(FollowerState.java:118)
2021-06-09 09:33:16,285 [grpc-default-executor-0] INFO  server.RaftServer$Division (RaftServerImpl.java:requestVote(1074)) - cc259bf8-a2eb-4525-8fb1-f4b47156f121@group-DC9D01F80266 replies to ELECTION vote request: 3c147370-49f5-478a-bcbe-e6cea6e4d9ae<-cc259bf8-a2eb-4525-8fb1-f4b47156f121#0:OK-t3. Peer's state: cc259bf8-a2eb-4525-8fb1-f4b47156f121@group-DC9D01F80266:t3, leader=null, voted=3c147370-49f5-478a-bcbe-e6cea6e4d9ae, raftlog=cc259bf8-a2eb-4525-8fb1-f4b47156f121@group-DC9D01F80266-SegmentedRaftLog:OPENED:c-1,f-1,i0, conf=-1: [3c147370-49f5-478a-bcbe-e6cea6e4d9ae|rpc:127.0.0.1:40749|priority:1, 697bcd3f-2547-41de-8cec-7c932316130e|rpc:127.0.0.1:39889|priority:0, cc259bf8-a2eb-4525-8fb1-f4b47156f121|rpc:127.0.0.1:43471|priority:0], old=null
2021-06-09 09:33:16,287 [3c147370-49f5-478a-bcbe-e6cea6e4d9ae@group-DC9D01F80266-LeaderElection12] INFO  impl.LeaderElection (LeaderElection.java:logAndReturn(89)) - 3c147370-49f5-478a-bcbe-e6cea6e4d9ae@group-DC9D01F80266-LeaderElection12: ELECTION PASSED received 1 response(s) and 0 exception(s):
2021-06-09 09:33:16,287 [3c147370-49f5-478a-bcbe-e6cea6e4d9ae@group-DC9D01F80266-LeaderElection12] INFO  impl.LeaderElection (LeaderElection.java:logAndReturn(93)) -   Response 0: 3c147370-49f5-478a-bcbe-e6cea6e4d9ae<-697bcd3f-2547-41de-8cec-7c932316130e#0:OK-t3
2021-06-09 09:33:16,287 [3c147370-49f5-478a-bcbe-e6cea6e4d9ae@group-DC9D01F80266-LeaderElection12] INFO  impl.LeaderElection (LeaderElection.java:askForVotes(308)) - 3c147370-49f5-478a-bcbe-e6cea6e4d9ae@group-DC9D01F80266-LeaderElection12 ELECTION round 0: result PASSED
2021-06-09 09:33:16,287 [3c147370-49f5-478a-bcbe-e6cea6e4d9ae@group-DC9D01F80266-LeaderElection12] INFO  impl.RoleInfo (RoleInfo.java:shutdownLeaderElection(121)) - 3c147370-49f5-478a-bcbe-e6cea6e4d9ae: shutdown 3c147370-49f5-478a-bcbe-e6cea6e4d9ae@group-DC9D01F80266-LeaderElection12
2021-06-09 09:33:16,287 [3c147370-49f5-478a-bcbe-e6cea6e4d9ae@group-DC9D01F80266-LeaderElection12] INFO  server.RaftServer$Division (RaftServerImpl.java:setRole(284)) - 3c147370-49f5-478a-bcbe-e6cea6e4d9ae@group-DC9D01F80266: changes role from CANDIDATE to LEADER at term 3 for changeToLeader
2021-06-09 09:33:16,287 [3c147370-49f5-478a-bcbe-e6cea6e4d9ae@group-DC9D01F80266-LeaderElection12] INFO  ratis.XceiverServerRatis (XceiverServerRatis.java:handleLeaderChangedNotification(906)) - Leader change notification received for group: group-DC9D01F80266 with new leaderId: 3c147370-49f5-478a-bcbe-e6cea6e4d9ae
2021-06-09 09:33:16,287 [3c147370-49f5-478a-bcbe-e6cea6e4d9ae@group-DC9D01F80266-LeaderElection12] INFO  server.RaftServer$Division (ServerState.java:setLeader(271)) - 3c147370-49f5-478a-bcbe-e6cea6e4d9ae@group-DC9D01F80266: change Leader from null to 3c147370-49f5-478a-bcbe-e6cea6e4d9ae at term 3 for becomeLeader, leader elected after 15152ms
2021-06-09 09:33:16,287 [3c147370-49f5-478a-bcbe-e6cea6e4d9ae@group-DC9D01F80266-LeaderElection12] INFO  server.RaftServerConfigKeys (ConfUtils.java:logGet(44)) - raft.server.staging.catchup.gap = 1000 (default)
2021-06-09 09:33:16,288 [3c147370-49f5-478a-bcbe-e6cea6e4d9ae@group-DC9D01F80266-LeaderElection12] INFO  metrics.RatisMetrics (RatisMetrics.java:lambda$create$0(36)) - Creating Metrics Registry : ratis.log_appender.3c147370-49f5-478a-bcbe-e6cea6e4d9ae@group-DC9D01F80266
2021-06-09 09:33:16,288 [3c147370-49f5-478a-bcbe-e6cea6e4d9ae@group-DC9D01F80266-LeaderElection12] INFO  server.RaftServerConfigKeys (ConfUtils.java:logGet(44)) - raft.server.write.element-limit = 1024 (custom)
2021-06-09 09:33:16,288 [3c147370-49f5-478a-bcbe-e6cea6e4d9ae@group-DC9D01F80266-LeaderElection12] INFO  server.RaftServerConfigKeys (ConfUtils.java:logGet(44)) - raft.server.write.byte-limit = 1073741824 (custom)
2021-06-09 09:33:16,288 [3c147370-49f5-478a-bcbe-e6cea6e4d9ae@group-DC9D01F80266-LeaderElection12] INFO  server.RaftServerConfigKeys (ConfUtils.java:logGet(44)) - raft.server.watch.timeout = 180s (custom)
2021-06-09 09:33:16,288 [3c147370-49f5-478a-bcbe-e6cea6e4d9ae@group-DC9D01F80266-LeaderElection12] INFO  server.RaftServerConfigKeys (ConfUtils.java:logGet(44)) - raft.server.watch.timeout.denomination = 1s (default)
2021-06-09 09:33:16,288 [3c147370-49f5-478a-bcbe-e6cea6e4d9ae@group-DC9D01F80266-LeaderElection12] INFO  server.RaftServerConfigKeys (ConfUtils.java:logGet(44)) - raft.server.watch.element-limit = 65536 (default)
2021-06-09 09:33:16,289 [3c147370-49f5-478a-bcbe-e6cea6e4d9ae@group-DC9D01F80266-LeaderElection12] INFO  server.RaftServerConfigKeys (ConfUtils.java:logGet(44)) - raft.server.log.appender.snapshot.chunk.size.max = 16MB (=16777216) (default)
2021-06-09 09:33:16,289 [3c147370-49f5-478a-bcbe-e6cea6e4d9ae@group-DC9D01F80266-LeaderElection12] INFO  server.RaftServerConfigKeys (ConfUtils.java:logGet(44)) - raft.server.log.appender.buffer.byte-limit = 33554432 (custom)
2021-06-09 09:33:16,289 [3c147370-49f5-478a-bcbe-e6cea6e4d9ae@group-DC9D01F80266-LeaderElection12] INFO  server.RaftServerConfigKeys (ConfUtils.java:logGet(44)) - raft.server.log.appender.buffer.element-limit = 1 (custom)
2021-06-09 09:33:16,292 [3c147370-49f5-478a-bcbe-e6cea6e4d9ae@group-DC9D01F80266-LeaderElection12] INFO  grpc.GrpcConfigKeys (ConfUtils.java:logGet(44)) - raft.grpc.server.leader.outstanding.appends.max = 128 (default)
2021-06-09 09:33:16,292 [3c147370-49f5-478a-bcbe-e6cea6e4d9ae@group-DC9D01F80266-LeaderElection12] INFO  server.RaftServerConfigKeys (ConfUtils.java:logGet(44)) - raft.server.rpc.request.timeout = 60s (custom)
2021-06-09 09:33:16,292 [3c147370-49f5-478a-bcbe-e6cea6e4d9ae@group-DC9D01F80266-LeaderElection12] INFO  server.RaftServerConfigKeys (ConfUtils.java:logGet(44)) - raft.server.log.appender.install.snapshot.enabled = false (custom)
2021-06-09 09:33:16,292 [3c147370-49f5-478a-bcbe-e6cea6e4d9ae@group-DC9D01F80266-LeaderElection12] INFO  metrics.RatisMetrics (RatisMetrics.java:lambda$create$0(36)) - Creating Metrics Registry : ratis_grpc.log_appender.3c147370-49f5-478a-bcbe-e6cea6e4d9ae@group-DC9D01F80266
2021-06-09 09:33:16,292 [EventQueue-PipelineReportForPipelineReportHandler] INFO  pipeline.PipelineManagerV2Impl (PipelineManagerV2Impl.java:openPipeline(270)) - Pipeline Pipeline[ Id: be950ea8-58d1-4b6b-a273-dc9d01f80266, Nodes: 3c147370-49f5-478a-bcbe-e6cea6e4d9ae{ip: 127.0.0.1, host: localhost, ports: [REPLICATION=38125, RATIS=40749, RATIS_ADMIN=40749, RATIS_SERVER=40749, STANDALONE=35693], networkLocation: /default-rack, certSerialId: null, persistedOpState: IN_SERVICE, persistedOpStateExpiryEpochSec: 0}cc259bf8-a2eb-4525-8fb1-f4b47156f121{ip: 127.0.0.1, host: localhost, ports: [REPLICATION=42185, RATIS=43471, RATIS_ADMIN=43471, RATIS_SERVER=43471, STANDALONE=33151], networkLocation: /default-rack, certSerialId: null, persistedOpState: IN_SERVICE, persistedOpStateExpiryEpochSec: 0}697bcd3f-2547-41de-8cec-7c932316130e{ip: 127.0.0.1, host: localhost, ports: [REPLICATION=44561, RATIS=39889, RATIS_ADMIN=39889, RATIS_SERVER=39889, STANDALONE=35753], networkLocation: /default-rack, certSerialId: null, persistedOpState: IN_SERVICE, persistedOpStateExpiryEpochSec: 0}, ReplicationConfig: RATIS/THREE, State:ALLOCATED, leaderId:3c147370-49f5-478a-bcbe-e6cea6e4d9ae, CreationTimestamp2021-06-09T09:32:57.987Z] moved to OPEN state
2021-06-09 09:33:16,292 [EventQueue-PipelineReportForOneReplicaPipelineSafeModeRule] INFO  safemode.SCMSafeModeManager (SCMSafeModeManager.java:validateSafeModeExitRules(201)) - AtleastOneDatanodeReportedRule rule is successfully validated
2021-06-09 09:33:16,292 [EventQueue-PipelineReportForOneReplicaPipelineSafeModeRule] INFO  safemode.SCMSafeModeManager (SCMSafeModeManager.java:validateSafeModeExitRules(201)) - AtleastOneDatanodeReportedRule rule is successfully validated
2021-06-09 09:33:16,292 [EventQueue-PipelineReportForPipelineReportHandler] INFO  pipeline.PipelineManagerV2Impl (PipelineManagerV2Impl.java:openPipeline(270)) - Pipeline Pipeline[ Id: be950ea8-58d1-4b6b-a273-dc9d01f80266, Nodes: 3c147370-49f5-478a-bcbe-e6cea6e4d9ae{ip: 127.0.0.1, host: localhost, ports: [REPLICATION=38125, RATIS=40749, RATIS_ADMIN=40749, RATIS_SERVER=40749, STANDALONE=35693], networkLocation: /default-rack, certSerialId: null, persistedOpState: IN_SERVICE, persistedOpStateExpiryEpochSec: 0}cc259bf8-a2eb-4525-8fb1-f4b47156f121{ip: 127.0.0.1, host: localhost, ports: [REPLICATION=42185, RATIS=43471, RATIS_ADMIN=43471, RATIS_SERVER=43471, STANDALONE=33151], networkLocation: /default-rack, certSerialId: null, persistedOpState: IN_SERVICE, persistedOpStateExpiryEpochSec: 0}697bcd3f-2547-41de-8cec-7c932316130e{ip: 127.0.0.1, host: localhost, ports: [REPLICATION=44561, RATIS=39889, RATIS_ADMIN=39889, RATIS_SERVER=39889, STANDALONE=35753], networkLocation: /default-rack, certSerialId: null, persistedOpState: IN_SERVICE, persistedOpStateExpiryEpochSec: 0}, ReplicationConfig: RATIS/THREE, State:ALLOCATED, leaderId:3c147370-49f5-478a-bcbe-e6cea6e4d9ae, CreationTimestamp2021-06-09T09:32:57.987Z] moved to OPEN state
2021-06-09 09:33:16,294 [EventQueue-PipelineReportForPipelineReportHandler] INFO  ha.SCMHAInvocationHandler (SCMHAInvocationHandler.java:invokeRatis(113)) - Invoking method public abstract void org.apache.hadoop.hdds.scm.pipeline.StateManager.updatePipelineState(org.apache.hadoop.hdds.protocol.proto.HddsProtos$PipelineID,org.apache.hadoop.hdds.protocol.proto.HddsProtos$PipelineState) throws java.io.IOException on target org.apache.hadoop.hdds.scm.ha.SCMRatisServerImpl@2399437e, cost 207.601us
2021-06-09 09:33:16,294 [EventQueue-PipelineReportForPipelineReportHandler] ERROR pipeline.PipelineReportHandler (PipelineReportHandler.java:onMessage(93)) - Could not process pipeline report=pipelineID {
  id: "be950ea8-58d1-4b6b-a273-dc9d01f80266"
  uuid128 {
    mostSigBits: -4713845318765950101
    leastSigBits: -6740801650342493594
  }
}
isLeader: true
bytesWritten: 0
 from dn=3c147370-49f5-478a-bcbe-e6cea6e4d9ae{ip: 127.0.0.1, host: localhost, ports: [REPLICATION=38125, RATIS=40749, RATIS_ADMIN=40749, RATIS_SERVER=40749, STANDALONE=35693], networkLocation: /default-rack, certSerialId: null, persistedOpState: null, persistedOpStateExpiryEpochSec: 0}.
org.apache.ratis.protocol.exceptions.NotLeaderException: Server 943a282b-f1b6-4c47-b0d5-ac1d3ae1d1bb@group-C9E251B369B0 is not the leader e0e3eed1-d528-4a83-939c-b34003b9dea6|rpc:localhost:14324|admin:|client:|dataStream:|priority:0
	at org.apache.ratis.server.impl.RaftServerImpl.generateNotLeaderException(RaftServerImpl.java:661)
	at org.apache.ratis.server.impl.RaftServerImpl.checkLeaderState(RaftServerImpl.java:626)
	at org.apache.ratis.server.impl.RaftServerImpl.submitClientRequestAsync(RaftServerImpl.java:754)
	at org.apache.ratis.server.impl.RaftServerProxy.lambda$submitClientRequestAsync$9(RaftServerProxy.java:417)
	at org.apache.ratis.server.impl.RaftServerProxy.lambda$null$7(RaftServerProxy.java:412)
	at org.apache.ratis.util.JavaUtils.callAsUnchecked(JavaUtils.java:115)
	at org.apache.ratis.server.impl.RaftServerProxy.lambda$submitRequest$8(RaftServerProxy.java:412)
	at java.util.concurrent.CompletableFuture.uniComposeStage(CompletableFuture.java:995)
	at java.util.concurrent.CompletableFuture.thenCompose(CompletableFuture.java:2137)
	at org.apache.ratis.server.impl.RaftServerProxy.submitRequest(RaftServerProxy.java:411)
	at org.apache.ratis.server.impl.RaftServerProxy.submitClientRequestAsync(RaftServerProxy.java:417)
	at org.apache.hadoop.hdds.scm.ha.SCMRatisServerImpl.submitRequest(SCMRatisServerImpl.java:214)
	at org.apache.hadoop.hdds.scm.ha.SCMHAInvocationHandler.invokeRatis(SCMHAInvocationHandler.java:110)
	at org.apache.hadoop.hdds.scm.ha.SCMHAInvocationHandler.invoke(SCMHAInvocationHandler.java:67)
	at com.sun.proxy.$Proxy22.updatePipelineState(Unknown Source)
	at org.apache.hadoop.hdds.scm.pipeline.PipelineManagerV2Impl.openPipeline(PipelineManagerV2Impl.java:271)
	at org.apache.hadoop.hdds.scm.pipeline.PipelineReportHandler.processPipelineReport(PipelineReportHandler.java:124)
	at org.apache.hadoop.hdds.scm.pipeline.PipelineReportHandler.onMessage(PipelineReportHandler.java:91)
	at org.apache.hadoop.hdds.scm.pipeline.PipelineReportHandler.onMessage(PipelineReportHandler.java:50)
	at org.apache.hadoop.hdds.server.events.SingleThreadExecutor.lambda$onMessage$1(SingleThreadExecutor.java:81)
	at java.util.concurrent.ThreadPoolExecutor.runWorker(ThreadPoolExecutor.java:1149)
	at java.util.concurrent.ThreadPoolExecutor$Worker.run(ThreadPoolExecutor.java:624)
	at java.lang.Thread.run(Thread.java:748)
2021-06-09 09:33:16,294 [EventQueue-OpenPipelineForHealthyPipelineSafeModeRule] INFO  safemode.SCMSafeModeManager (HealthyPipelineSafeModeRule.java:process(130)) - SCM in safe mode. Healthy pipelines reported count is 0, required healthy pipeline reported count is 1
2021-06-09 09:33:16,295 [3c147370-49f5-478a-bcbe-e6cea6e4d9ae@group-DC9D01F80266-LeaderElection12] INFO  server.RaftServerConfigKeys (ConfUtils.java:logGet(44)) - raft.server.log.appender.snapshot.chunk.size.max = 16MB (=16777216) (default)
2021-06-09 09:33:16,295 [3c147370-49f5-478a-bcbe-e6cea6e4d9ae@group-DC9D01F80266-LeaderElection12] INFO  server.RaftServerConfigKeys (ConfUtils.java:logGet(44)) - raft.server.log.appender.buffer.byte-limit = 33554432 (custom)
2021-06-09 09:33:16,295 [3c147370-49f5-478a-bcbe-e6cea6e4d9ae@group-DC9D01F80266-LeaderElection12] INFO  server.RaftServerConfigKeys (ConfUtils.java:logGet(44)) - raft.server.log.appender.buffer.element-limit = 1 (custom)
2021-06-09 09:33:16,295 [3c147370-49f5-478a-bcbe-e6cea6e4d9ae@group-DC9D01F80266-LeaderElection12] INFO  grpc.GrpcConfigKeys (ConfUtils.java:logGet(44)) - raft.grpc.server.leader.outstanding.appends.max = 128 (default)
2021-06-09 09:33:16,296 [3c147370-49f5-478a-bcbe-e6cea6e4d9ae@group-DC9D01F80266-LeaderElection12] INFO  server.RaftServerConfigKeys (ConfUtils.java:logGet(44)) - raft.server.rpc.request.timeout = 60s (custom)
2021-06-09 09:33:16,296 [3c147370-49f5-478a-bcbe-e6cea6e4d9ae@group-DC9D01F80266-LeaderElection12] INFO  server.RaftServerConfigKeys (ConfUtils.java:logGet(44)) - raft.server.log.appender.install.snapshot.enabled = false (custom)
2021-06-09 09:33:16,296 [3c147370-49f5-478a-bcbe-e6cea6e4d9ae@group-DC9D01F80266-LeaderElection12] INFO  impl.RoleInfo (RoleInfo.java:updateAndGet(130)) - 3c147370-49f5-478a-bcbe-e6cea6e4d9ae: start 3c147370-49f5-478a-bcbe-e6cea6e4d9ae@group-DC9D01F80266-LeaderStateImpl
2021-06-09 09:33:16,296 [3c147370-49f5-478a-bcbe-e6cea6e4d9ae@group-DC9D01F80266-LeaderElection12] INFO  segmented.SegmentedRaftLogWorker (SegmentedRaftLogWorker.java:startLogSegment(394)) - 3c147370-49f5-478a-bcbe-e6cea6e4d9ae@group-DC9D01F80266-SegmentedRaftLogWorker: Starting segment from index:0
2021-06-09 09:33:16,297 [3c147370-49f5-478a-bcbe-e6cea6e4d9ae@group-DC9D01F80266-SegmentedRaftLogWorker] INFO  segmented.SegmentedRaftLogWorker (SegmentedRaftLogWorker.java:execute(601)) - 3c147370-49f5-478a-bcbe-e6cea6e4d9ae@group-DC9D01F80266-SegmentedRaftLogWorker: created new log segment /home/runner/work/ozone/ozone/mnt/ozone/hadoop-ozone/integration-test/target/test-dir/MiniOzoneClusterImpl-43f0ca0c-372e-4c55-aedd-c9e251b369b0/datanode-1/data/ratis/be950ea8-58d1-4b6b-a273-dc9d01f80266/current/log_inprogress_0
2021-06-09 09:33:16,298 [EventQueue-PipelineReportForPipelineReportHandler] INFO  ha.SCMHAInvocationHandler (SCMHAInvocationHandler.java:invokeRatis(113)) - Invoking method public abstract void org.apache.hadoop.hdds.scm.pipeline.StateManager.updatePipelineState(org.apache.hadoop.hdds.protocol.proto.HddsProtos$PipelineID,org.apache.hadoop.hdds.protocol.proto.HddsProtos$PipelineState) throws java.io.IOException on target org.apache.hadoop.hdds.scm.ha.SCMRatisServerImpl@7356e723, cost 5089.631us
2021-06-09 09:33:16,298 [EventQueue-OpenPipelineForHealthyPipelineSafeModeRule] INFO  safemode.SCMSafeModeManager (HealthyPipelineSafeModeRule.java:process(130)) - SCM in safe mode. Healthy pipelines reported count is 1, required healthy pipeline reported count is 1
2021-06-09 09:33:16,298 [EventQueue-OpenPipelineForHealthyPipelineSafeModeRule] INFO  safemode.SCMSafeModeManager (SCMSafeModeManager.java:validateSafeModeExitRules(201)) - HealthyPipelineSafeModeRule rule is successfully validated
2021-06-09 09:33:16,298 [EventQueue-OpenPipelineForHealthyPipelineSafeModeRule] INFO  safemode.SCMSafeModeManager (SCMSafeModeManager.java:validateSafeModeExitRules(215)) - ScmSafeModeManager, all rules are successfully validated
2021-06-09 09:33:16,298 [EventQueue-OpenPipelineForHealthyPipelineSafeModeRule] INFO  safemode.SCMSafeModeManager (SCMSafeModeManager.java:exitSafeMode(244)) - SCM exiting safe mode.
2021-06-09 09:33:16,298 [EventQueue-OpenPipelineForHealthyPipelineSafeModeRule] WARN  events.EventQueue (EventQueue.java:fireEvent(185)) - No event handler registered for event TypedEvent{payloadType=SafeModeStatus, name='Safe mode status'}
2021-06-09 09:33:16,298 [EventQueue-OpenPipelineForHealthyPipelineSafeModeRule] INFO  ha.SCMContext (SCMContext.java:updateSafeModeStatus(148)) - Update SafeModeStatus from SafeModeStatus{safeModeStatus=true, preCheckPassed=true} to SafeModeStatus{safeModeStatus=false, preCheckPassed=true}.
2021-06-09 09:33:16,298 [EventQueue-OpenPipelineForHealthyPipelineSafeModeRule] INFO  container.ReplicationManager (ReplicationManager.java:notifyStatusChanged(1289)) - Service ReplicationManager transitions to RUNNING.
2021-06-09 09:33:16,306 [grpc-default-executor-1] INFO  ratis.XceiverServerRatis (XceiverServerRatis.java:handleLeaderChangedNotification(906)) - Leader change notification received for group: group-DC9D01F80266 with new leaderId: 3c147370-49f5-478a-bcbe-e6cea6e4d9ae
2021-06-09 09:33:16,306 [grpc-default-executor-1] INFO  server.RaftServer$Division (ServerState.java:setLeader(271)) - 697bcd3f-2547-41de-8cec-7c932316130e@group-DC9D01F80266: change Leader from null to 3c147370-49f5-478a-bcbe-e6cea6e4d9ae at term 3 for appendEntries, leader elected after 15152ms
2021-06-09 09:33:16,309 [grpc-default-executor-0] INFO  ratis.XceiverServerRatis (XceiverServerRatis.java:handleLeaderChangedNotification(906)) - Leader change notification received for group: group-DC9D01F80266 with new leaderId: 3c147370-49f5-478a-bcbe-e6cea6e4d9ae
2021-06-09 09:33:16,309 [grpc-default-executor-0] INFO  server.RaftServer$Division (ServerState.java:setLeader(271)) - cc259bf8-a2eb-4525-8fb1-f4b47156f121@group-DC9D01F80266: change Leader from null to 3c147370-49f5-478a-bcbe-e6cea6e4d9ae at term 3 for appendEntries, leader elected after 15229ms
2021-06-09 09:33:16,311 [3c147370-49f5-478a-bcbe-e6cea6e4d9ae@group-DC9D01F80266-LeaderElection12] INFO  server.RaftServer$Division (ServerState.java:setRaftConf(373)) - 3c147370-49f5-478a-bcbe-e6cea6e4d9ae@group-DC9D01F80266: set configuration 0: [3c147370-49f5-478a-bcbe-e6cea6e4d9ae|rpc:127.0.0.1:40749|dataStream:|priority:1, 697bcd3f-2547-41de-8cec-7c932316130e|rpc:127.0.0.1:39889|dataStream:|priority:0, cc259bf8-a2eb-4525-8fb1-f4b47156f121|rpc:127.0.0.1:43471|dataStream:|priority:0], old=null
2021-06-09 09:33:16,312 [grpc-default-executor-1] INFO  server.RaftServer$Division (ServerState.java:setRaftConf(373)) - 697bcd3f-2547-41de-8cec-7c932316130e@group-DC9D01F80266: set configuration 0: [3c147370-49f5-478a-bcbe-e6cea6e4d9ae|rpc:127.0.0.1:40749|dataStream:|priority:1, 697bcd3f-2547-41de-8cec-7c932316130e|rpc:127.0.0.1:39889|dataStream:|priority:0, cc259bf8-a2eb-4525-8fb1-f4b47156f121|rpc:127.0.0.1:43471|dataStream:|priority:0], old=null
2021-06-09 09:33:16,312 [grpc-default-executor-1] INFO  segmented.SegmentedRaftLogWorker (SegmentedRaftLogWorker.java:startLogSegment(394)) - 697bcd3f-2547-41de-8cec-7c932316130e@group-DC9D01F80266-SegmentedRaftLogWorker: Starting segment from index:0
2021-06-09 09:33:16,313 [697bcd3f-2547-41de-8cec-7c932316130e@group-DC9D01F80266-SegmentedRaftLogWorker] INFO  segmented.SegmentedRaftLogWorker (SegmentedRaftLogWorker.java:execute(601)) - 697bcd3f-2547-41de-8cec-7c932316130e@group-DC9D01F80266-SegmentedRaftLogWorker: created new log segment /home/runner/work/ozone/ozone/mnt/ozone/hadoop-ozone/integration-test/target/test-dir/MiniOzoneClusterImpl-43f0ca0c-372e-4c55-aedd-c9e251b369b0/datanode-0/data/ratis/be950ea8-58d1-4b6b-a273-dc9d01f80266/current/log_inprogress_0
2021-06-09 09:33:16,314 [grpc-default-executor-0] INFO  server.RaftServer$Division (ServerState.java:setRaftConf(373)) - cc259bf8-a2eb-4525-8fb1-f4b47156f121@group-DC9D01F80266: set configuration 0: [3c147370-49f5-478a-bcbe-e6cea6e4d9ae|rpc:127.0.0.1:40749|dataStream:|priority:1, 697bcd3f-2547-41de-8cec-7c932316130e|rpc:127.0.0.1:39889|dataStream:|priority:0, cc259bf8-a2eb-4525-8fb1-f4b47156f121|rpc:127.0.0.1:43471|dataStream:|priority:0], old=null
2021-06-09 09:33:16,314 [grpc-default-executor-0] INFO  segmented.SegmentedRaftLogWorker (SegmentedRaftLogWorker.java:startLogSegment(394)) - cc259bf8-a2eb-4525-8fb1-f4b47156f121@group-DC9D01F80266-SegmentedRaftLogWorker: Starting segment from index:0
2021-06-09 09:33:16,315 [cc259bf8-a2eb-4525-8fb1-f4b47156f121@group-DC9D01F80266-SegmentedRaftLogWorker] INFO  segmented.SegmentedRaftLogWorker (SegmentedRaftLogWorker.java:execute(601)) - cc259bf8-a2eb-4525-8fb1-f4b47156f121@group-DC9D01F80266-SegmentedRaftLogWorker: created new log segment /home/runner/work/ozone/ozone/mnt/ozone/hadoop-ozone/integration-test/target/test-dir/MiniOzoneClusterImpl-43f0ca0c-372e-4c55-aedd-c9e251b369b0/datanode-2/data/ratis/be950ea8-58d1-4b6b-a273-dc9d01f80266/current/log_inprogress_0
2021-06-09 09:33:16,964 [Listener at 127.0.0.1/10928] INFO  ozone.MiniOzoneClusterImpl (MiniOzoneClusterImpl.java:lambda$waitForClusterToBeReady$0(224)) - Nodes are ready. Got 3 of 3 DN Heartbeats.
2021-06-09 09:33:16,964 [Listener at 127.0.0.1/10928] INFO  ozone.MiniOzoneClusterImpl (MiniOzoneClusterImpl.java:lambda$waitForClusterToBeReady$0(227)) - Cluster exits safe mode
2021-06-09 09:33:16,964 [Listener at 127.0.0.1/10928] INFO  ozone.MiniOzoneClusterImpl (MiniOzoneClusterImpl.java:lambda$waitForClusterToBeReady$0(230)) - SCM became leader
2021-06-09 09:33:16,982 [Listener at 127.0.0.1/10928] INFO  ha.SCMHAInvocationHandler (SCMHAInvocationHandler.java:invokeRatis(113)) - Invoking method public abstract java.lang.Boolean org.apache.hadoop.hdds.scm.ha.SequenceIdGenerator$StateManager.allocateBatch(java.lang.String,java.lang.Long,java.lang.Long) on target org.apache.hadoop.hdds.scm.ha.SCMRatisServerImpl@7356e723, cost 10303.062us
2021-06-09 09:33:16,982 [Listener at 127.0.0.1/10928] INFO  ha.SequenceIdGenerator (SequenceIdGenerator.java:getNextId(127)) - Allocate a batch for containerId, change lastId from 0 to 1000.
2021-06-09 09:33:16,982 [e0e3eed1-d528-4a83-939c-b34003b9dea6@group-C9E251B369B0-StateMachineUpdater] INFO  ha.SCMStateMachine (SCMStateMachine.java:takeSnapshot(282)) - Current Snapshot Index 25, takeSnapshot took 0 ms
2021-06-09 09:33:16,983 [e0e3eed1-d528-4a83-939c-b34003b9dea6@group-C9E251B369B0-StateMachineUpdater] INFO  impl.StateMachineUpdater (StateMachineUpdater.java:takeSnapshot(281)) - e0e3eed1-d528-4a83-939c-b34003b9dea6@group-C9E251B369B0-StateMachineUpdater: Took a snapshot at index 25
2021-06-09 09:33:16,983 [e0e3eed1-d528-4a83-939c-b34003b9dea6@group-C9E251B369B0-StateMachineUpdater] INFO  impl.StateMachineUpdater (StateMachineUpdater.java:lambda$new$0(89)) - e0e3eed1-d528-4a83-939c-b34003b9dea6@group-C9E251B369B0-StateMachineUpdater: snapshotIndex: updateIncreasingly 20 -> 25
2021-06-09 09:33:16,983 [e0e3eed1-d528-4a83-939c-b34003b9dea6@group-C9E251B369B0-StateMachineUpdater] INFO  raftlog.RaftLog (RaftLogBase.java:purge(306)) - e0e3eed1-d528-4a83-939c-b34003b9dea6@group-C9E251B369B0-SegmentedRaftLog: purge 25
2021-06-09 09:33:16,983 [e0e3eed1-d528-4a83-939c-b34003b9dea6@group-C9E251B369B0-StateMachineUpdater] INFO  raftlog.RaftLog (RaftLogBase.java:lambda$new$0(53)) - e0e3eed1-d528-4a83-939c-b34003b9dea6@group-C9E251B369B0-SegmentedRaftLog: snapshotIndex: updateIncreasingly 20 -> 25
2021-06-09 09:33:16,983 [e0e3eed1-d528-4a83-939c-b34003b9dea6@group-C9E251B369B0-StateMachineUpdater] INFO  raftlog.RaftLog (RaftLogBase.java:lambda$new$0(53)) - e0e3eed1-d528-4a83-939c-b34003b9dea6@group-C9E251B369B0-SegmentedRaftLog: purgeIndex: updateToMax old=20, new=25, updated? true
2021-06-09 09:33:16,987 [943a282b-f1b6-4c47-b0d5-ac1d3ae1d1bb@group-C9E251B369B0-StateMachineUpdater] INFO  ha.SCMStateMachine (SCMStateMachine.java:takeSnapshot(282)) - Current Snapshot Index 25, takeSnapshot took 0 ms
2021-06-09 09:33:16,987 [943a282b-f1b6-4c47-b0d5-ac1d3ae1d1bb@group-C9E251B369B0-StateMachineUpdater] INFO  impl.StateMachineUpdater (StateMachineUpdater.java:takeSnapshot(281)) - 943a282b-f1b6-4c47-b0d5-ac1d3ae1d1bb@group-C9E251B369B0-StateMachineUpdater: Took a snapshot at index 25
2021-06-09 09:33:16,987 [943a282b-f1b6-4c47-b0d5-ac1d3ae1d1bb@group-C9E251B369B0-StateMachineUpdater] INFO  impl.StateMachineUpdater (StateMachineUpdater.java:lambda$new$0(89)) - 943a282b-f1b6-4c47-b0d5-ac1d3ae1d1bb@group-C9E251B369B0-StateMachineUpdater: snapshotIndex: updateIncreasingly 20 -> 25
2021-06-09 09:33:16,987 [943a282b-f1b6-4c47-b0d5-ac1d3ae1d1bb@group-C9E251B369B0-StateMachineUpdater] INFO  raftlog.RaftLog (RaftLogBase.java:purge(306)) - 943a282b-f1b6-4c47-b0d5-ac1d3ae1d1bb@group-C9E251B369B0-SegmentedRaftLog: purge 25
2021-06-09 09:33:16,987 [943a282b-f1b6-4c47-b0d5-ac1d3ae1d1bb@group-C9E251B369B0-StateMachineUpdater] INFO  raftlog.RaftLog (RaftLogBase.java:lambda$new$0(53)) - 943a282b-f1b6-4c47-b0d5-ac1d3ae1d1bb@group-C9E251B369B0-SegmentedRaftLog: snapshotIndex: updateIncreasingly 20 -> 25
2021-06-09 09:33:16,987 [943a282b-f1b6-4c47-b0d5-ac1d3ae1d1bb@group-C9E251B369B0-StateMachineUpdater] INFO  raftlog.RaftLog (RaftLogBase.java:lambda$new$0(53)) - 943a282b-f1b6-4c47-b0d5-ac1d3ae1d1bb@group-C9E251B369B0-SegmentedRaftLog: purgeIndex: updateToMax old=20, new=25, updated? true
2021-06-09 09:33:16,998 [Listener at 127.0.0.1/10928] INFO  ha.SCMHAInvocationHandler (SCMHAInvocationHandler.java:invokeRatis(113)) - Invoking method public abstract void org.apache.hadoop.hdds.scm.container.ContainerStateManagerV2.addContainer(org.apache.hadoop.hdds.protocol.proto.HddsProtos$ContainerInfoProto) throws java.io.IOException on target org.apache.hadoop.hdds.scm.ha.SCMRatisServerImpl@7356e723, cost 13826.083us
2021-06-09 09:33:17,105 [Listener at 127.0.0.1/10928] INFO  ha.SCMHAInvocationHandler (SCMHAInvocationHandler.java:invokeRatis(113)) - Invoking method public abstract void org.apache.hadoop.hdds.scm.container.ContainerStateManagerV2.addContainer(org.apache.hadoop.hdds.protocol.proto.HddsProtos$ContainerInfoProto) throws java.io.IOException on target org.apache.hadoop.hdds.scm.ha.SCMRatisServerImpl@7356e723, cost 4242.525us
2021-06-09 09:33:17,108 [e0e3eed1-d528-4a83-939c-b34003b9dea6@group-C9E251B369B0-StateMachineUpdater] INFO  ha.SCMStateMachine (SCMStateMachine.java:takeSnapshot(282)) - Current Snapshot Index 30, takeSnapshot took 0 ms
2021-06-09 09:33:17,108 [e0e3eed1-d528-4a83-939c-b34003b9dea6@group-C9E251B369B0-StateMachineUpdater] INFO  impl.StateMachineUpdater (StateMachineUpdater.java:takeSnapshot(281)) - e0e3eed1-d528-4a83-939c-b34003b9dea6@group-C9E251B369B0-StateMachineUpdater: Took a snapshot at index 30
2021-06-09 09:33:17,108 [e0e3eed1-d528-4a83-939c-b34003b9dea6@group-C9E251B369B0-StateMachineUpdater] INFO  impl.StateMachineUpdater (StateMachineUpdater.java:lambda$new$0(89)) - e0e3eed1-d528-4a83-939c-b34003b9dea6@group-C9E251B369B0-StateMachineUpdater: snapshotIndex: updateIncreasingly 25 -> 30
2021-06-09 09:33:17,108 [e0e3eed1-d528-4a83-939c-b34003b9dea6@group-C9E251B369B0-StateMachineUpdater] INFO  raftlog.RaftLog (RaftLogBase.java:purge(306)) - e0e3eed1-d528-4a83-939c-b34003b9dea6@group-C9E251B369B0-SegmentedRaftLog: purge 30
2021-06-09 09:33:17,108 [e0e3eed1-d528-4a83-939c-b34003b9dea6@group-C9E251B369B0-StateMachineUpdater] INFO  raftlog.RaftLog (RaftLogBase.java:lambda$new$0(53)) - e0e3eed1-d528-4a83-939c-b34003b9dea6@group-C9E251B369B0-SegmentedRaftLog: snapshotIndex: updateIncreasingly 25 -> 30
2021-06-09 09:33:17,108 [e0e3eed1-d528-4a83-939c-b34003b9dea6@group-C9E251B369B0-StateMachineUpdater] INFO  raftlog.RaftLog (RaftLogBase.java:lambda$new$0(53)) - e0e3eed1-d528-4a83-939c-b34003b9dea6@group-C9E251B369B0-SegmentedRaftLog: purgeIndex: updateToMax old=25, new=30, updated? true
2021-06-09 09:33:17,158 [Datanode State Machine Thread - 0] ERROR datanode.RunningDatanodeState (RunningDatanodeState.java:computeNextContainerState(199)) - Error in executing end point task.
java.util.concurrent.ExecutionException: java.util.concurrent.TimeoutException
	at java.util.concurrent.FutureTask.report(FutureTask.java:122)
	at java.util.concurrent.FutureTask.get(FutureTask.java:192)
	at org.apache.hadoop.ozone.container.common.states.datanode.RunningDatanodeState.computeNextContainerState(RunningDatanodeState.java:191)
	at org.apache.hadoop.ozone.container.common.states.datanode.RunningDatanodeState.await(RunningDatanodeState.java:231)
	at org.apache.hadoop.ozone.container.common.states.datanode.RunningDatanodeState.await(RunningDatanodeState.java:50)
	at org.apache.hadoop.ozone.container.common.statemachine.StateContext.execute(StateContext.java:629)
	at org.apache.hadoop.ozone.container.common.statemachine.DatanodeStateMachine.start(DatanodeStateMachine.java:244)
	at org.apache.hadoop.ozone.container.common.statemachine.DatanodeStateMachine.lambda$startDaemon$0(DatanodeStateMachine.java:427)
	at java.lang.Thread.run(Thread.java:748)
Caused by: java.util.concurrent.TimeoutException
	at java.util.concurrent.FutureTask.get(FutureTask.java:205)
	at org.apache.hadoop.ozone.container.common.states.datanode.RunningDatanodeState.lambda$execute$0(RunningDatanodeState.java:149)
	at java.util.concurrent.FutureTask.run(FutureTask.java:266)
	at java.util.concurrent.Executors$RunnableAdapter.call(Executors.java:511)
	at java.util.concurrent.FutureTask.run(FutureTask.java:266)
	at java.util.concurrent.ThreadPoolExecutor.runWorker(ThreadPoolExecutor.java:1149)
	at java.util.concurrent.ThreadPoolExecutor$Worker.run(ThreadPoolExecutor.java:624)
	... 1 more
2021-06-09 09:33:17,209 [943a282b-f1b6-4c47-b0d5-ac1d3ae1d1bb@group-C9E251B369B0-StateMachineUpdater] INFO  ha.SCMStateMachine (SCMStateMachine.java:takeSnapshot(282)) - Current Snapshot Index 30, takeSnapshot took 0 ms
2021-06-09 09:33:17,209 [943a282b-f1b6-4c47-b0d5-ac1d3ae1d1bb@group-C9E251B369B0-StateMachineUpdater] INFO  impl.StateMachineUpdater (StateMachineUpdater.java:takeSnapshot(281)) - 943a282b-f1b6-4c47-b0d5-ac1d3ae1d1bb@group-C9E251B369B0-StateMachineUpdater: Took a snapshot at index 30
2021-06-09 09:33:17,209 [943a282b-f1b6-4c47-b0d5-ac1d3ae1d1bb@group-C9E251B369B0-StateMachineUpdater] INFO  impl.StateMachineUpdater (StateMachineUpdater.java:lambda$new$0(89)) - 943a282b-f1b6-4c47-b0d5-ac1d3ae1d1bb@group-C9E251B369B0-StateMachineUpdater: snapshotIndex: updateIncreasingly 25 -> 30
2021-06-09 09:33:17,209 [943a282b-f1b6-4c47-b0d5-ac1d3ae1d1bb@group-C9E251B369B0-StateMachineUpdater] INFO  raftlog.RaftLog (RaftLogBase.java:purge(306)) - 943a282b-f1b6-4c47-b0d5-ac1d3ae1d1bb@group-C9E251B369B0-SegmentedRaftLog: purge 30
2021-06-09 09:33:17,209 [943a282b-f1b6-4c47-b0d5-ac1d3ae1d1bb@group-C9E251B369B0-StateMachineUpdater] INFO  raftlog.RaftLog (RaftLogBase.java:lambda$new$0(53)) - 943a282b-f1b6-4c47-b0d5-ac1d3ae1d1bb@group-C9E251B369B0-SegmentedRaftLog: snapshotIndex: updateIncreasingly 25 -> 30
2021-06-09 09:33:17,209 [943a282b-f1b6-4c47-b0d5-ac1d3ae1d1bb@group-C9E251B369B0-StateMachineUpdater] INFO  raftlog.RaftLog (RaftLogBase.java:lambda$new$0(53)) - 943a282b-f1b6-4c47-b0d5-ac1d3ae1d1bb@group-C9E251B369B0-SegmentedRaftLog: purgeIndex: updateToMax old=25, new=30, updated? true
2021-06-09 09:33:17,212 [Listener at 127.0.0.1/10928] INFO  ha.SCMHAInvocationHandler (SCMHAInvocationHandler.java:invokeRatis(113)) - Invoking method public abstract void org.apache.hadoop.hdds.scm.container.ContainerStateManagerV2.addContainer(org.apache.hadoop.hdds.protocol.proto.HddsProtos$ContainerInfoProto) throws java.io.IOException on target org.apache.hadoop.hdds.scm.ha.SCMRatisServerImpl@7356e723, cost 6081.337us
2021-06-09 09:33:17,321 [Listener at 127.0.0.1/10928] INFO  ha.SCMHAInvocationHandler (SCMHAInvocationHandler.java:invokeRatis(113)) - Invoking method public abstract void org.apache.hadoop.hdds.scm.container.ContainerStateManagerV2.addContainer(org.apache.hadoop.hdds.protocol.proto.HddsProtos$ContainerInfoProto) throws java.io.IOException on target org.apache.hadoop.hdds.scm.ha.SCMRatisServerImpl@7356e723, cost 8530.951us
2021-06-09 09:33:17,426 [e0e3eed1-d528-4a83-939c-b34003b9dea6@group-C9E251B369B0-StateMachineUpdater] INFO  ha.SCMStateMachine (SCMStateMachine.java:takeSnapshot(282)) - Current Snapshot Index 35, takeSnapshot took 0 ms
2021-06-09 09:33:17,426 [e0e3eed1-d528-4a83-939c-b34003b9dea6@group-C9E251B369B0-StateMachineUpdater] INFO  impl.StateMachineUpdater (StateMachineUpdater.java:takeSnapshot(281)) - e0e3eed1-d528-4a83-939c-b34003b9dea6@group-C9E251B369B0-StateMachineUpdater: Took a snapshot at index 35
2021-06-09 09:33:17,426 [Listener at 127.0.0.1/10928] INFO  ha.SCMHAInvocationHandler (SCMHAInvocationHandler.java:invokeRatis(113)) - Invoking method public abstract void org.apache.hadoop.hdds.scm.container.ContainerStateManagerV2.addContainer(org.apache.hadoop.hdds.protocol.proto.HddsProtos$ContainerInfoProto) throws java.io.IOException on target org.apache.hadoop.hdds.scm.ha.SCMRatisServerImpl@7356e723, cost 3604.421us
2021-06-09 09:33:17,426 [e0e3eed1-d528-4a83-939c-b34003b9dea6@group-C9E251B369B0-StateMachineUpdater] INFO  impl.StateMachineUpdater (StateMachineUpdater.java:lambda$new$0(89)) - e0e3eed1-d528-4a83-939c-b34003b9dea6@group-C9E251B369B0-StateMachineUpdater: snapshotIndex: updateIncreasingly 30 -> 35
2021-06-09 09:33:17,427 [e0e3eed1-d528-4a83-939c-b34003b9dea6@group-C9E251B369B0-StateMachineUpdater] INFO  raftlog.RaftLog (RaftLogBase.java:purge(306)) - e0e3eed1-d528-4a83-939c-b34003b9dea6@group-C9E251B369B0-SegmentedRaftLog: purge 35
2021-06-09 09:33:17,427 [e0e3eed1-d528-4a83-939c-b34003b9dea6@group-C9E251B369B0-StateMachineUpdater] INFO  raftlog.RaftLog (RaftLogBase.java:lambda$new$0(53)) - e0e3eed1-d528-4a83-939c-b34003b9dea6@group-C9E251B369B0-SegmentedRaftLog: snapshotIndex: updateIncreasingly 30 -> 35
2021-06-09 09:33:17,427 [e0e3eed1-d528-4a83-939c-b34003b9dea6@group-C9E251B369B0-StateMachineUpdater] INFO  raftlog.RaftLog (RaftLogBase.java:lambda$new$0(53)) - e0e3eed1-d528-4a83-939c-b34003b9dea6@group-C9E251B369B0-SegmentedRaftLog: purgeIndex: updateToMax old=30, new=35, updated? true
2021-06-09 09:33:17,428 [943a282b-f1b6-4c47-b0d5-ac1d3ae1d1bb@group-C9E251B369B0-StateMachineUpdater] INFO  ha.SCMStateMachine (SCMStateMachine.java:takeSnapshot(282)) - Current Snapshot Index 35, takeSnapshot took 0 ms
2021-06-09 09:33:17,428 [943a282b-f1b6-4c47-b0d5-ac1d3ae1d1bb@group-C9E251B369B0-StateMachineUpdater] INFO  impl.StateMachineUpdater (StateMachineUpdater.java:takeSnapshot(281)) - 943a282b-f1b6-4c47-b0d5-ac1d3ae1d1bb@group-C9E251B369B0-StateMachineUpdater: Took a snapshot at index 35
2021-06-09 09:33:17,428 [943a282b-f1b6-4c47-b0d5-ac1d3ae1d1bb@group-C9E251B369B0-StateMachineUpdater] INFO  impl.StateMachineUpdater (StateMachineUpdater.java:lambda$new$0(89)) - 943a282b-f1b6-4c47-b0d5-ac1d3ae1d1bb@group-C9E251B369B0-StateMachineUpdater: snapshotIndex: updateIncreasingly 30 -> 35
2021-06-09 09:33:17,428 [943a282b-f1b6-4c47-b0d5-ac1d3ae1d1bb@group-C9E251B369B0-StateMachineUpdater] INFO  raftlog.RaftLog (RaftLogBase.java:purge(306)) - 943a282b-f1b6-4c47-b0d5-ac1d3ae1d1bb@group-C9E251B369B0-SegmentedRaftLog: purge 35
2021-06-09 09:33:17,428 [943a282b-f1b6-4c47-b0d5-ac1d3ae1d1bb@group-C9E251B369B0-StateMachineUpdater] INFO  raftlog.RaftLog (RaftLogBase.java:lambda$new$0(53)) - 943a282b-f1b6-4c47-b0d5-ac1d3ae1d1bb@group-C9E251B369B0-SegmentedRaftLog: snapshotIndex: updateIncreasingly 30 -> 35
2021-06-09 09:33:17,428 [943a282b-f1b6-4c47-b0d5-ac1d3ae1d1bb@group-C9E251B369B0-StateMachineUpdater] INFO  raftlog.RaftLog (RaftLogBase.java:lambda$new$0(53)) - 943a282b-f1b6-4c47-b0d5-ac1d3ae1d1bb@group-C9E251B369B0-SegmentedRaftLog: purgeIndex: updateToMax old=30, new=35, updated? true
2021-06-09 09:33:17,531 [Listener at 127.0.0.1/10928] INFO  ha.SCMHAInvocationHandler (SCMHAInvocationHandler.java:invokeRatis(113)) - Invoking method public abstract void org.apache.hadoop.hdds.scm.container.ContainerStateManagerV2.addContainer(org.apache.hadoop.hdds.protocol.proto.HddsProtos$ContainerInfoProto) throws java.io.IOException on target org.apache.hadoop.hdds.scm.ha.SCMRatisServerImpl@7356e723, cost 4200.825us
2021-06-09 09:33:17,635 [Listener at 127.0.0.1/10928] INFO  ha.SCMHAInvocationHandler (SCMHAInvocationHandler.java:invokeRatis(113)) - Invoking method public abstract void org.apache.hadoop.hdds.scm.container.ContainerStateManagerV2.addContainer(org.apache.hadoop.hdds.protocol.proto.HddsProtos$ContainerInfoProto) throws java.io.IOException on target org.apache.hadoop.hdds.scm.ha.SCMRatisServerImpl@7356e723, cost 3437.821us
2021-06-09 09:33:17,638 [e0e3eed1-d528-4a83-939c-b34003b9dea6@group-C9E251B369B0-StateMachineUpdater] INFO  ha.SCMStateMachine (SCMStateMachine.java:takeSnapshot(282)) - Current Snapshot Index 40, takeSnapshot took 1 ms
2021-06-09 09:33:17,638 [e0e3eed1-d528-4a83-939c-b34003b9dea6@group-C9E251B369B0-StateMachineUpdater] INFO  impl.StateMachineUpdater (StateMachineUpdater.java:takeSnapshot(281)) - e0e3eed1-d528-4a83-939c-b34003b9dea6@group-C9E251B369B0-StateMachineUpdater: Took a snapshot at index 40
2021-06-09 09:33:17,638 [e0e3eed1-d528-4a83-939c-b34003b9dea6@group-C9E251B369B0-StateMachineUpdater] INFO  impl.StateMachineUpdater (StateMachineUpdater.java:lambda$new$0(89)) - e0e3eed1-d528-4a83-939c-b34003b9dea6@group-C9E251B369B0-StateMachineUpdater: snapshotIndex: updateIncreasingly 35 -> 40
2021-06-09 09:33:17,638 [e0e3eed1-d528-4a83-939c-b34003b9dea6@group-C9E251B369B0-StateMachineUpdater] INFO  raftlog.RaftLog (RaftLogBase.java:purge(306)) - e0e3eed1-d528-4a83-939c-b34003b9dea6@group-C9E251B369B0-SegmentedRaftLog: purge 40
2021-06-09 09:33:17,638 [e0e3eed1-d528-4a83-939c-b34003b9dea6@group-C9E251B369B0-StateMachineUpdater] INFO  raftlog.RaftLog (RaftLogBase.java:lambda$new$0(53)) - e0e3eed1-d528-4a83-939c-b34003b9dea6@group-C9E251B369B0-SegmentedRaftLog: snapshotIndex: updateIncreasingly 35 -> 40
2021-06-09 09:33:17,639 [e0e3eed1-d528-4a83-939c-b34003b9dea6@group-C9E251B369B0-StateMachineUpdater] INFO  raftlog.RaftLog (RaftLogBase.java:lambda$new$0(53)) - e0e3eed1-d528-4a83-939c-b34003b9dea6@group-C9E251B369B0-SegmentedRaftLog: purgeIndex: updateToMax old=35, new=40, updated? true
2021-06-09 09:33:17,739 [943a282b-f1b6-4c47-b0d5-ac1d3ae1d1bb@group-C9E251B369B0-StateMachineUpdater] INFO  ha.SCMStateMachine (SCMStateMachine.java:takeSnapshot(282)) - Current Snapshot Index 40, takeSnapshot took 1 ms
2021-06-09 09:33:17,739 [943a282b-f1b6-4c47-b0d5-ac1d3ae1d1bb@group-C9E251B369B0-StateMachineUpdater] INFO  impl.StateMachineUpdater (StateMachineUpdater.java:takeSnapshot(281)) - 943a282b-f1b6-4c47-b0d5-ac1d3ae1d1bb@group-C9E251B369B0-StateMachineUpdater: Took a snapshot at index 40
2021-06-09 09:33:17,739 [943a282b-f1b6-4c47-b0d5-ac1d3ae1d1bb@group-C9E251B369B0-StateMachineUpdater] INFO  impl.StateMachineUpdater (StateMachineUpdater.java:lambda$new$0(89)) - 943a282b-f1b6-4c47-b0d5-ac1d3ae1d1bb@group-C9E251B369B0-StateMachineUpdater: snapshotIndex: updateIncreasingly 35 -> 40
2021-06-09 09:33:17,739 [943a282b-f1b6-4c47-b0d5-ac1d3ae1d1bb@group-C9E251B369B0-StateMachineUpdater] INFO  raftlog.RaftLog (RaftLogBase.java:purge(306)) - 943a282b-f1b6-4c47-b0d5-ac1d3ae1d1bb@group-C9E251B369B0-SegmentedRaftLog: purge 40
2021-06-09 09:33:17,739 [943a282b-f1b6-4c47-b0d5-ac1d3ae1d1bb@group-C9E251B369B0-StateMachineUpdater] INFO  raftlog.RaftLog (RaftLogBase.java:lambda$new$0(53)) - 943a282b-f1b6-4c47-b0d5-ac1d3ae1d1bb@group-C9E251B369B0-SegmentedRaftLog: snapshotIndex: updateIncreasingly 35 -> 40
2021-06-09 09:33:17,739 [943a282b-f1b6-4c47-b0d5-ac1d3ae1d1bb@group-C9E251B369B0-StateMachineUpdater] INFO  raftlog.RaftLog (RaftLogBase.java:lambda$new$0(53)) - 943a282b-f1b6-4c47-b0d5-ac1d3ae1d1bb@group-C9E251B369B0-SegmentedRaftLog: purgeIndex: updateToMax old=35, new=40, updated? true
2021-06-09 09:33:17,740 [Listener at 127.0.0.1/10928] INFO  ha.SCMHAInvocationHandler (SCMHAInvocationHandler.java:invokeRatis(113)) - Invoking method public abstract void org.apache.hadoop.hdds.scm.container.ContainerStateManagerV2.addContainer(org.apache.hadoop.hdds.protocol.proto.HddsProtos$ContainerInfoProto) throws java.io.IOException on target org.apache.hadoop.hdds.scm.ha.SCMRatisServerImpl@7356e723, cost 4929.929us
2021-06-09 09:33:17,793 [Datanode State Machine Thread - 0] ERROR datanode.RunningDatanodeState (RunningDatanodeState.java:computeNextContainerState(199)) - Error in executing end point task.
java.util.concurrent.ExecutionException: java.util.concurrent.TimeoutException
	at java.util.concurrent.FutureTask.report(FutureTask.java:122)
	at java.util.concurrent.FutureTask.get(FutureTask.java:192)
	at org.apache.hadoop.ozone.container.common.states.datanode.RunningDatanodeState.computeNextContainerState(RunningDatanodeState.java:191)
	at org.apache.hadoop.ozone.container.common.states.datanode.RunningDatanodeState.await(RunningDatanodeState.java:231)
	at org.apache.hadoop.ozone.container.common.states.datanode.RunningDatanodeState.await(RunningDatanodeState.java:50)
	at org.apache.hadoop.ozone.container.common.statemachine.StateContext.execute(StateContext.java:629)
	at org.apache.hadoop.ozone.container.common.statemachine.DatanodeStateMachine.start(DatanodeStateMachine.java:244)
	at org.apache.hadoop.ozone.container.common.statemachine.DatanodeStateMachine.lambda$startDaemon$0(DatanodeStateMachine.java:427)
	at java.lang.Thread.run(Thread.java:748)
Caused by: java.util.concurrent.TimeoutException
	at java.util.concurrent.FutureTask.get(FutureTask.java:205)
	at org.apache.hadoop.ozone.container.common.states.datanode.RunningDatanodeState.lambda$execute$0(RunningDatanodeState.java:149)
	at java.util.concurrent.FutureTask.run(FutureTask.java:266)
	at java.util.concurrent.Executors$RunnableAdapter.call(Executors.java:511)
	at java.util.concurrent.FutureTask.run(FutureTask.java:266)
	at java.util.concurrent.ThreadPoolExecutor.runWorker(ThreadPoolExecutor.java:1149)
	at java.util.concurrent.ThreadPoolExecutor$Worker.run(ThreadPoolExecutor.java:624)
	... 1 more
2021-06-09 09:33:17,845 [Listener at 127.0.0.1/10928] INFO  ha.SCMHAInvocationHandler (SCMHAInvocationHandler.java:invokeRatis(113)) - Invoking method public abstract void org.apache.hadoop.hdds.scm.container.ContainerStateManagerV2.addContainer(org.apache.hadoop.hdds.protocol.proto.HddsProtos$ContainerInfoProto) throws java.io.IOException on target org.apache.hadoop.hdds.scm.ha.SCMRatisServerImpl@7356e723, cost 4352.526us
2021-06-09 09:33:17,950 [e0e3eed1-d528-4a83-939c-b34003b9dea6@group-C9E251B369B0-StateMachineUpdater] INFO  ha.SCMStateMachine (SCMStateMachine.java:takeSnapshot(282)) - Current Snapshot Index 45, takeSnapshot took 0 ms
2021-06-09 09:33:17,950 [e0e3eed1-d528-4a83-939c-b34003b9dea6@group-C9E251B369B0-StateMachineUpdater] INFO  impl.StateMachineUpdater (StateMachineUpdater.java:takeSnapshot(281)) - e0e3eed1-d528-4a83-939c-b34003b9dea6@group-C9E251B369B0-StateMachineUpdater: Took a snapshot at index 45
2021-06-09 09:33:17,950 [e0e3eed1-d528-4a83-939c-b34003b9dea6@group-C9E251B369B0-StateMachineUpdater] INFO  impl.StateMachineUpdater (StateMachineUpdater.java:lambda$new$0(89)) - e0e3eed1-d528-4a83-939c-b34003b9dea6@group-C9E251B369B0-StateMachineUpdater: snapshotIndex: updateIncreasingly 40 -> 45
2021-06-09 09:33:17,950 [e0e3eed1-d528-4a83-939c-b34003b9dea6@group-C9E251B369B0-StateMachineUpdater] INFO  raftlog.RaftLog (RaftLogBase.java:purge(306)) - e0e3eed1-d528-4a83-939c-b34003b9dea6@group-C9E251B369B0-SegmentedRaftLog: purge 45
2021-06-09 09:33:17,950 [e0e3eed1-d528-4a83-939c-b34003b9dea6@group-C9E251B369B0-StateMachineUpdater] INFO  raftlog.RaftLog (RaftLogBase.java:lambda$new$0(53)) - e0e3eed1-d528-4a83-939c-b34003b9dea6@group-C9E251B369B0-SegmentedRaftLog: snapshotIndex: updateIncreasingly 40 -> 45
2021-06-09 09:33:17,950 [e0e3eed1-d528-4a83-939c-b34003b9dea6@group-C9E251B369B0-StateMachineUpdater] INFO  raftlog.RaftLog (RaftLogBase.java:lambda$new$0(53)) - e0e3eed1-d528-4a83-939c-b34003b9dea6@group-C9E251B369B0-SegmentedRaftLog: purgeIndex: updateToMax old=40, new=45, updated? true
2021-06-09 09:33:17,950 [Listener at 127.0.0.1/10928] INFO  ha.SCMHAInvocationHandler (SCMHAInvocationHandler.java:invokeRatis(113)) - Invoking method public abstract void org.apache.hadoop.hdds.scm.container.ContainerStateManagerV2.addContainer(org.apache.hadoop.hdds.protocol.proto.HddsProtos$ContainerInfoProto) throws java.io.IOException on target org.apache.hadoop.hdds.scm.ha.SCMRatisServerImpl@7356e723, cost 4493.727us
2021-06-09 09:33:17,953 [943a282b-f1b6-4c47-b0d5-ac1d3ae1d1bb@group-C9E251B369B0-StateMachineUpdater] INFO  ha.SCMStateMachine (SCMStateMachine.java:takeSnapshot(282)) - Current Snapshot Index 45, takeSnapshot took 0 ms
2021-06-09 09:33:17,953 [943a282b-f1b6-4c47-b0d5-ac1d3ae1d1bb@group-C9E251B369B0-StateMachineUpdater] INFO  impl.StateMachineUpdater (StateMachineUpdater.java:takeSnapshot(281)) - 943a282b-f1b6-4c47-b0d5-ac1d3ae1d1bb@group-C9E251B369B0-StateMachineUpdater: Took a snapshot at index 45
2021-06-09 09:33:17,953 [943a282b-f1b6-4c47-b0d5-ac1d3ae1d1bb@group-C9E251B369B0-StateMachineUpdater] INFO  impl.StateMachineUpdater (StateMachineUpdater.java:lambda$new$0(89)) - 943a282b-f1b6-4c47-b0d5-ac1d3ae1d1bb@group-C9E251B369B0-StateMachineUpdater: snapshotIndex: updateIncreasingly 40 -> 45
2021-06-09 09:33:17,953 [943a282b-f1b6-4c47-b0d5-ac1d3ae1d1bb@group-C9E251B369B0-StateMachineUpdater] INFO  raftlog.RaftLog (RaftLogBase.java:purge(306)) - 943a282b-f1b6-4c47-b0d5-ac1d3ae1d1bb@group-C9E251B369B0-SegmentedRaftLog: purge 45
2021-06-09 09:33:17,953 [943a282b-f1b6-4c47-b0d5-ac1d3ae1d1bb@group-C9E251B369B0-StateMachineUpdater] INFO  raftlog.RaftLog (RaftLogBase.java:lambda$new$0(53)) - 943a282b-f1b6-4c47-b0d5-ac1d3ae1d1bb@group-C9E251B369B0-SegmentedRaftLog: snapshotIndex: updateIncreasingly 40 -> 45
2021-06-09 09:33:17,953 [943a282b-f1b6-4c47-b0d5-ac1d3ae1d1bb@group-C9E251B369B0-StateMachineUpdater] INFO  raftlog.RaftLog (RaftLogBase.java:lambda$new$0(53)) - 943a282b-f1b6-4c47-b0d5-ac1d3ae1d1bb@group-C9E251B369B0-SegmentedRaftLog: purgeIndex: updateToMax old=40, new=45, updated? true
2021-06-09 09:33:18,054 [Listener at 127.0.0.1/10928] INFO  ha.SCMHAInvocationHandler (SCMHAInvocationHandler.java:invokeRatis(113)) - Invoking method public abstract void org.apache.hadoop.hdds.scm.container.ContainerStateManagerV2.addContainer(org.apache.hadoop.hdds.protocol.proto.HddsProtos$ContainerInfoProto) throws java.io.IOException on target org.apache.hadoop.hdds.scm.ha.SCMRatisServerImpl@7356e723, cost 3010.218us
2021-06-09 09:33:18,158 [Listener at 127.0.0.1/10928] INFO  ha.SCMHAInvocationHandler (SCMHAInvocationHandler.java:invokeRatis(113)) - Invoking method public abstract void org.apache.hadoop.hdds.scm.container.ContainerStateManagerV2.addContainer(org.apache.hadoop.hdds.protocol.proto.HddsProtos$ContainerInfoProto) throws java.io.IOException on target org.apache.hadoop.hdds.scm.ha.SCMRatisServerImpl@7356e723, cost 3596.922us
2021-06-09 09:33:18,161 [e0e3eed1-d528-4a83-939c-b34003b9dea6@group-C9E251B369B0-StateMachineUpdater] INFO  ha.SCMStateMachine (SCMStateMachine.java:takeSnapshot(282)) - Current Snapshot Index 50, takeSnapshot took 0 ms
2021-06-09 09:33:18,161 [e0e3eed1-d528-4a83-939c-b34003b9dea6@group-C9E251B369B0-StateMachineUpdater] INFO  impl.StateMachineUpdater (StateMachineUpdater.java:takeSnapshot(281)) - e0e3eed1-d528-4a83-939c-b34003b9dea6@group-C9E251B369B0-StateMachineUpdater: Took a snapshot at index 50
2021-06-09 09:33:18,161 [e0e3eed1-d528-4a83-939c-b34003b9dea6@group-C9E251B369B0-StateMachineUpdater] INFO  impl.StateMachineUpdater (StateMachineUpdater.java:lambda$new$0(89)) - e0e3eed1-d528-4a83-939c-b34003b9dea6@group-C9E251B369B0-StateMachineUpdater: snapshotIndex: updateIncreasingly 45 -> 50
2021-06-09 09:33:18,161 [e0e3eed1-d528-4a83-939c-b34003b9dea6@group-C9E251B369B0-StateMachineUpdater] INFO  raftlog.RaftLog (RaftLogBase.java:purge(306)) - e0e3eed1-d528-4a83-939c-b34003b9dea6@group-C9E251B369B0-SegmentedRaftLog: purge 50
2021-06-09 09:33:18,161 [e0e3eed1-d528-4a83-939c-b34003b9dea6@group-C9E251B369B0-StateMachineUpdater] INFO  raftlog.RaftLog (RaftLogBase.java:lambda$new$0(53)) - e0e3eed1-d528-4a83-939c-b34003b9dea6@group-C9E251B369B0-SegmentedRaftLog: snapshotIndex: updateIncreasingly 45 -> 50
2021-06-09 09:33:18,161 [e0e3eed1-d528-4a83-939c-b34003b9dea6@group-C9E251B369B0-StateMachineUpdater] INFO  raftlog.RaftLog (RaftLogBase.java:lambda$new$0(53)) - e0e3eed1-d528-4a83-939c-b34003b9dea6@group-C9E251B369B0-SegmentedRaftLog: purgeIndex: updateToMax old=45, new=50, updated? true
2021-06-09 09:33:18,168 [Datanode State Machine Thread - 0] ERROR datanode.RunningDatanodeState (RunningDatanodeState.java:computeNextContainerState(199)) - Error in executing end point task.
java.util.concurrent.ExecutionException: java.util.concurrent.TimeoutException
	at java.util.concurrent.FutureTask.report(FutureTask.java:122)
	at java.util.concurrent.FutureTask.get(FutureTask.java:192)
	at org.apache.hadoop.ozone.container.common.states.datanode.RunningDatanodeState.computeNextContainerState(RunningDatanodeState.java:191)
	at org.apache.hadoop.ozone.container.common.states.datanode.RunningDatanodeState.await(RunningDatanodeState.java:231)
	at org.apache.hadoop.ozone.container.common.states.datanode.RunningDatanodeState.await(RunningDatanodeState.java:50)
	at org.apache.hadoop.ozone.container.common.statemachine.StateContext.execute(StateContext.java:629)
	at org.apache.hadoop.ozone.container.common.statemachine.DatanodeStateMachine.start(DatanodeStateMachine.java:244)
	at org.apache.hadoop.ozone.container.common.statemachine.DatanodeStateMachine.lambda$startDaemon$0(DatanodeStateMachine.java:427)
	at java.lang.Thread.run(Thread.java:748)
Caused by: java.util.concurrent.TimeoutException
	at java.util.concurrent.FutureTask.get(FutureTask.java:205)
	at org.apache.hadoop.ozone.container.common.states.datanode.RunningDatanodeState.lambda$execute$0(RunningDatanodeState.java:149)
	at java.util.concurrent.FutureTask.run(FutureTask.java:266)
	at java.util.concurrent.Executors$RunnableAdapter.call(Executors.java:511)
	at java.util.concurrent.FutureTask.run(FutureTask.java:266)
	at java.util.concurrent.ThreadPoolExecutor.runWorker(ThreadPoolExecutor.java:1149)
	at java.util.concurrent.ThreadPoolExecutor$Worker.run(ThreadPoolExecutor.java:624)
	... 1 more
2021-06-09 09:33:18,263 [943a282b-f1b6-4c47-b0d5-ac1d3ae1d1bb@group-C9E251B369B0-StateMachineUpdater] INFO  ha.SCMStateMachine (SCMStateMachine.java:takeSnapshot(282)) - Current Snapshot Index 50, takeSnapshot took 0 ms
2021-06-09 09:33:18,263 [943a282b-f1b6-4c47-b0d5-ac1d3ae1d1bb@group-C9E251B369B0-StateMachineUpdater] INFO  impl.StateMachineUpdater (StateMachineUpdater.java:takeSnapshot(281)) - 943a282b-f1b6-4c47-b0d5-ac1d3ae1d1bb@group-C9E251B369B0-StateMachineUpdater: Took a snapshot at index 50
2021-06-09 09:33:18,263 [943a282b-f1b6-4c47-b0d5-ac1d3ae1d1bb@group-C9E251B369B0-StateMachineUpdater] INFO  impl.StateMachineUpdater (StateMachineUpdater.java:lambda$new$0(89)) - 943a282b-f1b6-4c47-b0d5-ac1d3ae1d1bb@group-C9E251B369B0-StateMachineUpdater: snapshotIndex: updateIncreasingly 45 -> 50
2021-06-09 09:33:18,263 [943a282b-f1b6-4c47-b0d5-ac1d3ae1d1bb@group-C9E251B369B0-StateMachineUpdater] INFO  raftlog.RaftLog (RaftLogBase.java:purge(306)) - 943a282b-f1b6-4c47-b0d5-ac1d3ae1d1bb@group-C9E251B369B0-SegmentedRaftLog: purge 50
2021-06-09 09:33:18,263 [943a282b-f1b6-4c47-b0d5-ac1d3ae1d1bb@group-C9E251B369B0-StateMachineUpdater] INFO  raftlog.RaftLog (RaftLogBase.java:lambda$new$0(53)) - 943a282b-f1b6-4c47-b0d5-ac1d3ae1d1bb@group-C9E251B369B0-SegmentedRaftLog: snapshotIndex: updateIncreasingly 45 -> 50
2021-06-09 09:33:18,263 [943a282b-f1b6-4c47-b0d5-ac1d3ae1d1bb@group-C9E251B369B0-StateMachineUpdater] INFO  raftlog.RaftLog (RaftLogBase.java:lambda$new$0(53)) - 943a282b-f1b6-4c47-b0d5-ac1d3ae1d1bb@group-C9E251B369B0-SegmentedRaftLog: purgeIndex: updateToMax old=45, new=50, updated? true
2021-06-09 09:33:18,266 [Listener at 127.0.0.1/10928] INFO  ha.SCMHAInvocationHandler (SCMHAInvocationHandler.java:invokeRatis(113)) - Invoking method public abstract void org.apache.hadoop.hdds.scm.container.ContainerStateManagerV2.addContainer(org.apache.hadoop.hdds.protocol.proto.HddsProtos$ContainerInfoProto) throws java.io.IOException on target org.apache.hadoop.hdds.scm.ha.SCMRatisServerImpl@7356e723, cost 7298.844us
2021-06-09 09:33:18,370 [Listener at 127.0.0.1/10928] INFO  ha.SCMHAInvocationHandler (SCMHAInvocationHandler.java:invokeRatis(113)) - Invoking method public abstract void org.apache.hadoop.hdds.scm.container.ContainerStateManagerV2.addContainer(org.apache.hadoop.hdds.protocol.proto.HddsProtos$ContainerInfoProto) throws java.io.IOException on target org.apache.hadoop.hdds.scm.ha.SCMRatisServerImpl@7356e723, cost 3875.723us
2021-06-09 09:33:18,475 [Listener at 127.0.0.1/10928] INFO  ha.SCMHAInvocationHandler (SCMHAInvocationHandler.java:invokeRatis(113)) - Invoking method public abstract void org.apache.hadoop.hdds.scm.container.ContainerStateManagerV2.addContainer(org.apache.hadoop.hdds.protocol.proto.HddsProtos$ContainerInfoProto) throws java.io.IOException on target org.apache.hadoop.hdds.scm.ha.SCMRatisServerImpl@7356e723, cost 3990.024us
2021-06-09 09:33:18,476 [e0e3eed1-d528-4a83-939c-b34003b9dea6@group-C9E251B369B0-StateMachineUpdater] INFO  ha.SCMStateMachine (SCMStateMachine.java:takeSnapshot(282)) - Current Snapshot Index 55, takeSnapshot took 1 ms
2021-06-09 09:33:18,476 [e0e3eed1-d528-4a83-939c-b34003b9dea6@group-C9E251B369B0-StateMachineUpdater] INFO  impl.StateMachineUpdater (StateMachineUpdater.java:takeSnapshot(281)) - e0e3eed1-d528-4a83-939c-b34003b9dea6@group-C9E251B369B0-StateMachineUpdater: Took a snapshot at index 55
2021-06-09 09:33:18,476 [e0e3eed1-d528-4a83-939c-b34003b9dea6@group-C9E251B369B0-StateMachineUpdater] INFO  impl.StateMachineUpdater (StateMachineUpdater.java:lambda$new$0(89)) - e0e3eed1-d528-4a83-939c-b34003b9dea6@group-C9E251B369B0-StateMachineUpdater: snapshotIndex: updateIncreasingly 50 -> 55
2021-06-09 09:33:18,476 [e0e3eed1-d528-4a83-939c-b34003b9dea6@group-C9E251B369B0-StateMachineUpdater] INFO  raftlog.RaftLog (RaftLogBase.java:purge(306)) - e0e3eed1-d528-4a83-939c-b34003b9dea6@group-C9E251B369B0-SegmentedRaftLog: purge 55
2021-06-09 09:33:18,476 [e0e3eed1-d528-4a83-939c-b34003b9dea6@group-C9E251B369B0-StateMachineUpdater] INFO  raftlog.RaftLog (RaftLogBase.java:lambda$new$0(53)) - e0e3eed1-d528-4a83-939c-b34003b9dea6@group-C9E251B369B0-SegmentedRaftLog: snapshotIndex: updateIncreasingly 50 -> 55
2021-06-09 09:33:18,476 [e0e3eed1-d528-4a83-939c-b34003b9dea6@group-C9E251B369B0-StateMachineUpdater] INFO  raftlog.RaftLog (RaftLogBase.java:lambda$new$0(53)) - e0e3eed1-d528-4a83-939c-b34003b9dea6@group-C9E251B369B0-SegmentedRaftLog: purgeIndex: updateToMax old=50, new=55, updated? true
2021-06-09 09:33:18,478 [943a282b-f1b6-4c47-b0d5-ac1d3ae1d1bb@group-C9E251B369B0-StateMachineUpdater] INFO  ha.SCMStateMachine (SCMStateMachine.java:takeSnapshot(282)) - Current Snapshot Index 55, takeSnapshot took 0 ms
2021-06-09 09:33:18,478 [943a282b-f1b6-4c47-b0d5-ac1d3ae1d1bb@group-C9E251B369B0-StateMachineUpdater] INFO  impl.StateMachineUpdater (StateMachineUpdater.java:takeSnapshot(281)) - 943a282b-f1b6-4c47-b0d5-ac1d3ae1d1bb@group-C9E251B369B0-StateMachineUpdater: Took a snapshot at index 55
2021-06-09 09:33:18,478 [943a282b-f1b6-4c47-b0d5-ac1d3ae1d1bb@group-C9E251B369B0-StateMachineUpdater] INFO  impl.StateMachineUpdater (StateMachineUpdater.java:lambda$new$0(89)) - 943a282b-f1b6-4c47-b0d5-ac1d3ae1d1bb@group-C9E251B369B0-StateMachineUpdater: snapshotIndex: updateIncreasingly 50 -> 55
2021-06-09 09:33:18,478 [943a282b-f1b6-4c47-b0d5-ac1d3ae1d1bb@group-C9E251B369B0-StateMachineUpdater] INFO  raftlog.RaftLog (RaftLogBase.java:purge(306)) - 943a282b-f1b6-4c47-b0d5-ac1d3ae1d1bb@group-C9E251B369B0-SegmentedRaftLog: purge 55
2021-06-09 09:33:18,478 [943a282b-f1b6-4c47-b0d5-ac1d3ae1d1bb@group-C9E251B369B0-StateMachineUpdater] INFO  raftlog.RaftLog (RaftLogBase.java:lambda$new$0(53)) - 943a282b-f1b6-4c47-b0d5-ac1d3ae1d1bb@group-C9E251B369B0-SegmentedRaftLog: snapshotIndex: updateIncreasingly 50 -> 55
2021-06-09 09:33:18,478 [943a282b-f1b6-4c47-b0d5-ac1d3ae1d1bb@group-C9E251B369B0-StateMachineUpdater] INFO  raftlog.RaftLog (RaftLogBase.java:lambda$new$0(53)) - 943a282b-f1b6-4c47-b0d5-ac1d3ae1d1bb@group-C9E251B369B0-SegmentedRaftLog: purgeIndex: updateToMax old=50, new=55, updated? true
2021-06-09 09:33:18,580 [Listener at 127.0.0.1/10928] INFO  ha.SCMHAInvocationHandler (SCMHAInvocationHandler.java:invokeRatis(113)) - Invoking method public abstract void org.apache.hadoop.hdds.scm.container.ContainerStateManagerV2.addContainer(org.apache.hadoop.hdds.protocol.proto.HddsProtos$ContainerInfoProto) throws java.io.IOException on target org.apache.hadoop.hdds.scm.ha.SCMRatisServerImpl@7356e723, cost 4511.327us
2021-06-09 09:33:18,684 [Listener at 127.0.0.1/10928] INFO  ha.SCMHAInvocationHandler (SCMHAInvocationHandler.java:invokeRatis(113)) - Invoking method public abstract void org.apache.hadoop.hdds.scm.container.ContainerStateManagerV2.addContainer(org.apache.hadoop.hdds.protocol.proto.HddsProtos$ContainerInfoProto) throws java.io.IOException on target org.apache.hadoop.hdds.scm.ha.SCMRatisServerImpl@7356e723, cost 3617.322us
2021-06-09 09:33:18,689 [e0e3eed1-d528-4a83-939c-b34003b9dea6@group-C9E251B369B0-StateMachineUpdater] INFO  ha.SCMStateMachine (SCMStateMachine.java:takeSnapshot(282)) - Current Snapshot Index 60, takeSnapshot took 0 ms
2021-06-09 09:33:18,689 [e0e3eed1-d528-4a83-939c-b34003b9dea6@group-C9E251B369B0-StateMachineUpdater] INFO  impl.StateMachineUpdater (StateMachineUpdater.java:takeSnapshot(281)) - e0e3eed1-d528-4a83-939c-b34003b9dea6@group-C9E251B369B0-StateMachineUpdater: Took a snapshot at index 60
2021-06-09 09:33:18,689 [e0e3eed1-d528-4a83-939c-b34003b9dea6@group-C9E251B369B0-StateMachineUpdater] INFO  impl.StateMachineUpdater (StateMachineUpdater.java:lambda$new$0(89)) - e0e3eed1-d528-4a83-939c-b34003b9dea6@group-C9E251B369B0-StateMachineUpdater: snapshotIndex: updateIncreasingly 55 -> 60
2021-06-09 09:33:18,689 [e0e3eed1-d528-4a83-939c-b34003b9dea6@group-C9E251B369B0-StateMachineUpdater] INFO  raftlog.RaftLog (RaftLogBase.java:purge(306)) - e0e3eed1-d528-4a83-939c-b34003b9dea6@group-C9E251B369B0-SegmentedRaftLog: purge 60
2021-06-09 09:33:18,689 [e0e3eed1-d528-4a83-939c-b34003b9dea6@group-C9E251B369B0-StateMachineUpdater] INFO  raftlog.RaftLog (RaftLogBase.java:lambda$new$0(53)) - e0e3eed1-d528-4a83-939c-b34003b9dea6@group-C9E251B369B0-SegmentedRaftLog: snapshotIndex: updateIncreasingly 55 -> 60
2021-06-09 09:33:18,689 [e0e3eed1-d528-4a83-939c-b34003b9dea6@group-C9E251B369B0-StateMachineUpdater] INFO  raftlog.RaftLog (RaftLogBase.java:lambda$new$0(53)) - e0e3eed1-d528-4a83-939c-b34003b9dea6@group-C9E251B369B0-SegmentedRaftLog: purgeIndex: updateToMax old=55, new=60, updated? true
2021-06-09 09:33:18,787 [943a282b-f1b6-4c47-b0d5-ac1d3ae1d1bb@group-C9E251B369B0-StateMachineUpdater] INFO  ha.SCMStateMachine (SCMStateMachine.java:takeSnapshot(282)) - Current Snapshot Index 60, takeSnapshot took 1 ms
2021-06-09 09:33:18,787 [943a282b-f1b6-4c47-b0d5-ac1d3ae1d1bb@group-C9E251B369B0-StateMachineUpdater] INFO  impl.StateMachineUpdater (StateMachineUpdater.java:takeSnapshot(281)) - 943a282b-f1b6-4c47-b0d5-ac1d3ae1d1bb@group-C9E251B369B0-StateMachineUpdater: Took a snapshot at index 60
2021-06-09 09:33:18,787 [943a282b-f1b6-4c47-b0d5-ac1d3ae1d1bb@group-C9E251B369B0-StateMachineUpdater] INFO  impl.StateMachineUpdater (StateMachineUpdater.java:lambda$new$0(89)) - 943a282b-f1b6-4c47-b0d5-ac1d3ae1d1bb@group-C9E251B369B0-StateMachineUpdater: snapshotIndex: updateIncreasingly 55 -> 60
2021-06-09 09:33:18,787 [943a282b-f1b6-4c47-b0d5-ac1d3ae1d1bb@group-C9E251B369B0-StateMachineUpdater] INFO  raftlog.RaftLog (RaftLogBase.java:purge(306)) - 943a282b-f1b6-4c47-b0d5-ac1d3ae1d1bb@group-C9E251B369B0-SegmentedRaftLog: purge 60
2021-06-09 09:33:18,787 [943a282b-f1b6-4c47-b0d5-ac1d3ae1d1bb@group-C9E251B369B0-StateMachineUpdater] INFO  raftlog.RaftLog (RaftLogBase.java:lambda$new$0(53)) - 943a282b-f1b6-4c47-b0d5-ac1d3ae1d1bb@group-C9E251B369B0-SegmentedRaftLog: snapshotIndex: updateIncreasingly 55 -> 60
2021-06-09 09:33:18,787 [943a282b-f1b6-4c47-b0d5-ac1d3ae1d1bb@group-C9E251B369B0-StateMachineUpdater] INFO  raftlog.RaftLog (RaftLogBase.java:lambda$new$0(53)) - 943a282b-f1b6-4c47-b0d5-ac1d3ae1d1bb@group-C9E251B369B0-SegmentedRaftLog: purgeIndex: updateToMax old=55, new=60, updated? true
2021-06-09 09:33:18,788 [Listener at 127.0.0.1/10928] INFO  ha.SCMHAInvocationHandler (SCMHAInvocationHandler.java:invokeRatis(113)) - Invoking method public abstract void org.apache.hadoop.hdds.scm.container.ContainerStateManagerV2.addContainer(org.apache.hadoop.hdds.protocol.proto.HddsProtos$ContainerInfoProto) throws java.io.IOException on target org.apache.hadoop.hdds.scm.ha.SCMRatisServerImpl@7356e723, cost 3465.021us
2021-06-09 09:33:18,893 [Listener at 127.0.0.1/10928] INFO  ha.SCMHAInvocationHandler (SCMHAInvocationHandler.java:invokeRatis(113)) - Invoking method public abstract void org.apache.hadoop.hdds.scm.container.ContainerStateManagerV2.addContainer(org.apache.hadoop.hdds.protocol.proto.HddsProtos$ContainerInfoProto) throws java.io.IOException on target org.apache.hadoop.hdds.scm.ha.SCMRatisServerImpl@7356e723, cost 3786.823us
2021-06-09 09:33:18,997 [e0e3eed1-d528-4a83-939c-b34003b9dea6@group-C9E251B369B0-StateMachineUpdater] INFO  ha.SCMStateMachine (SCMStateMachine.java:takeSnapshot(282)) - Current Snapshot Index 65, takeSnapshot took 0 ms
2021-06-09 09:33:18,997 [e0e3eed1-d528-4a83-939c-b34003b9dea6@group-C9E251B369B0-StateMachineUpdater] INFO  impl.StateMachineUpdater (StateMachineUpdater.java:takeSnapshot(281)) - e0e3eed1-d528-4a83-939c-b34003b9dea6@group-C9E251B369B0-StateMachineUpdater: Took a snapshot at index 65
2021-06-09 09:33:18,997 [e0e3eed1-d528-4a83-939c-b34003b9dea6@group-C9E251B369B0-StateMachineUpdater] INFO  impl.StateMachineUpdater (StateMachineUpdater.java:lambda$new$0(89)) - e0e3eed1-d528-4a83-939c-b34003b9dea6@group-C9E251B369B0-StateMachineUpdater: snapshotIndex: updateIncreasingly 60 -> 65
2021-06-09 09:33:18,997 [e0e3eed1-d528-4a83-939c-b34003b9dea6@group-C9E251B369B0-StateMachineUpdater] INFO  raftlog.RaftLog (RaftLogBase.java:purge(306)) - e0e3eed1-d528-4a83-939c-b34003b9dea6@group-C9E251B369B0-SegmentedRaftLog: purge 65
2021-06-09 09:33:18,997 [e0e3eed1-d528-4a83-939c-b34003b9dea6@group-C9E251B369B0-StateMachineUpdater] INFO  raftlog.RaftLog (RaftLogBase.java:lambda$new$0(53)) - e0e3eed1-d528-4a83-939c-b34003b9dea6@group-C9E251B369B0-SegmentedRaftLog: snapshotIndex: updateIncreasingly 60 -> 65
2021-06-09 09:33:18,997 [e0e3eed1-d528-4a83-939c-b34003b9dea6@group-C9E251B369B0-StateMachineUpdater] INFO  raftlog.RaftLog (RaftLogBase.java:lambda$new$0(53)) - e0e3eed1-d528-4a83-939c-b34003b9dea6@group-C9E251B369B0-SegmentedRaftLog: purgeIndex: updateToMax old=60, new=65, updated? true
2021-06-09 09:33:18,997 [Listener at 127.0.0.1/10928] INFO  ha.SCMHAInvocationHandler (SCMHAInvocationHandler.java:invokeRatis(113)) - Invoking method public abstract void org.apache.hadoop.hdds.scm.container.ContainerStateManagerV2.addContainer(org.apache.hadoop.hdds.protocol.proto.HddsProtos$ContainerInfoProto) throws java.io.IOException on target org.apache.hadoop.hdds.scm.ha.SCMRatisServerImpl@7356e723, cost 3819.523us
2021-06-09 09:33:19,000 [943a282b-f1b6-4c47-b0d5-ac1d3ae1d1bb@group-C9E251B369B0-StateMachineUpdater] INFO  ha.SCMStateMachine (SCMStateMachine.java:takeSnapshot(282)) - Current Snapshot Index 65, takeSnapshot took 0 ms
2021-06-09 09:33:19,000 [943a282b-f1b6-4c47-b0d5-ac1d3ae1d1bb@group-C9E251B369B0-StateMachineUpdater] INFO  impl.StateMachineUpdater (StateMachineUpdater.java:takeSnapshot(281)) - 943a282b-f1b6-4c47-b0d5-ac1d3ae1d1bb@group-C9E251B369B0-StateMachineUpdater: Took a snapshot at index 65
2021-06-09 09:33:19,000 [943a282b-f1b6-4c47-b0d5-ac1d3ae1d1bb@group-C9E251B369B0-StateMachineUpdater] INFO  impl.StateMachineUpdater (StateMachineUpdater.java:lambda$new$0(89)) - 943a282b-f1b6-4c47-b0d5-ac1d3ae1d1bb@group-C9E251B369B0-StateMachineUpdater: snapshotIndex: updateIncreasingly 60 -> 65
2021-06-09 09:33:19,000 [943a282b-f1b6-4c47-b0d5-ac1d3ae1d1bb@group-C9E251B369B0-StateMachineUpdater] INFO  raftlog.RaftLog (RaftLogBase.java:purge(306)) - 943a282b-f1b6-4c47-b0d5-ac1d3ae1d1bb@group-C9E251B369B0-SegmentedRaftLog: purge 65
2021-06-09 09:33:19,000 [943a282b-f1b6-4c47-b0d5-ac1d3ae1d1bb@group-C9E251B369B0-StateMachineUpdater] INFO  raftlog.RaftLog (RaftLogBase.java:lambda$new$0(53)) - 943a282b-f1b6-4c47-b0d5-ac1d3ae1d1bb@group-C9E251B369B0-SegmentedRaftLog: snapshotIndex: updateIncreasingly 60 -> 65
2021-06-09 09:33:19,000 [943a282b-f1b6-4c47-b0d5-ac1d3ae1d1bb@group-C9E251B369B0-StateMachineUpdater] INFO  raftlog.RaftLog (RaftLogBase.java:lambda$new$0(53)) - 943a282b-f1b6-4c47-b0d5-ac1d3ae1d1bb@group-C9E251B369B0-SegmentedRaftLog: purgeIndex: updateToMax old=60, new=65, updated? true
2021-06-09 09:33:19,101 [Listener at 127.0.0.1/10928] INFO  ha.SCMHAInvocationHandler (SCMHAInvocationHandler.java:invokeRatis(113)) - Invoking method public abstract void org.apache.hadoop.hdds.scm.container.ContainerStateManagerV2.addContainer(org.apache.hadoop.hdds.protocol.proto.HddsProtos$ContainerInfoProto) throws java.io.IOException on target org.apache.hadoop.hdds.scm.ha.SCMRatisServerImpl@7356e723, cost 3546.821us
2021-06-09 09:33:19,170 [Datanode State Machine Thread - 0] ERROR datanode.RunningDatanodeState (RunningDatanodeState.java:computeNextContainerState(199)) - Error in executing end point task.
java.util.concurrent.ExecutionException: java.util.concurrent.TimeoutException
	at java.util.concurrent.FutureTask.report(FutureTask.java:122)
	at java.util.concurrent.FutureTask.get(FutureTask.java:192)
	at org.apache.hadoop.ozone.container.common.states.datanode.RunningDatanodeState.computeNextContainerState(RunningDatanodeState.java:191)
	at org.apache.hadoop.ozone.container.common.states.datanode.RunningDatanodeState.await(RunningDatanodeState.java:231)
	at org.apache.hadoop.ozone.container.common.states.datanode.RunningDatanodeState.await(RunningDatanodeState.java:50)
	at org.apache.hadoop.ozone.container.common.statemachine.StateContext.execute(StateContext.java:629)
	at org.apache.hadoop.ozone.container.common.statemachine.DatanodeStateMachine.start(DatanodeStateMachine.java:244)
	at org.apache.hadoop.ozone.container.common.statemachine.DatanodeStateMachine.lambda$startDaemon$0(DatanodeStateMachine.java:427)
	at java.lang.Thread.run(Thread.java:748)
Caused by: java.util.concurrent.TimeoutException
	at java.util.concurrent.FutureTask.get(FutureTask.java:205)
	at org.apache.hadoop.ozone.container.common.states.datanode.RunningDatanodeState.lambda$execute$0(RunningDatanodeState.java:149)
	at java.util.concurrent.FutureTask.run(FutureTask.java:266)
	at java.util.concurrent.Executors$RunnableAdapter.call(Executors.java:511)
	at java.util.concurrent.FutureTask.run(FutureTask.java:266)
	at java.util.concurrent.ThreadPoolExecutor.runWorker(ThreadPoolExecutor.java:1149)
	at java.util.concurrent.ThreadPoolExecutor$Worker.run(ThreadPoolExecutor.java:624)
	... 1 more
2021-06-09 09:33:19,205 [Listener at 127.0.0.1/10928] INFO  ha.SCMHAInvocationHandler (SCMHAInvocationHandler.java:invokeRatis(113)) - Invoking method public abstract void org.apache.hadoop.hdds.scm.container.ContainerStateManagerV2.addContainer(org.apache.hadoop.hdds.protocol.proto.HddsProtos$ContainerInfoProto) throws java.io.IOException on target org.apache.hadoop.hdds.scm.ha.SCMRatisServerImpl@7356e723, cost 3698.522us
2021-06-09 09:33:19,211 [e0e3eed1-d528-4a83-939c-b34003b9dea6@group-C9E251B369B0-StateMachineUpdater] INFO  ha.SCMStateMachine (SCMStateMachine.java:takeSnapshot(282)) - Current Snapshot Index 70, takeSnapshot took 0 ms
2021-06-09 09:33:19,211 [e0e3eed1-d528-4a83-939c-b34003b9dea6@group-C9E251B369B0-StateMachineUpdater] INFO  impl.StateMachineUpdater (StateMachineUpdater.java:takeSnapshot(281)) - e0e3eed1-d528-4a83-939c-b34003b9dea6@group-C9E251B369B0-StateMachineUpdater: Took a snapshot at index 70
2021-06-09 09:33:19,211 [e0e3eed1-d528-4a83-939c-b34003b9dea6@group-C9E251B369B0-StateMachineUpdater] INFO  impl.StateMachineUpdater (StateMachineUpdater.java:lambda$new$0(89)) - e0e3eed1-d528-4a83-939c-b34003b9dea6@group-C9E251B369B0-StateMachineUpdater: snapshotIndex: updateIncreasingly 65 -> 70
2021-06-09 09:33:19,211 [e0e3eed1-d528-4a83-939c-b34003b9dea6@group-C9E251B369B0-StateMachineUpdater] INFO  raftlog.RaftLog (RaftLogBase.java:purge(306)) - e0e3eed1-d528-4a83-939c-b34003b9dea6@group-C9E251B369B0-SegmentedRaftLog: purge 70
2021-06-09 09:33:19,211 [e0e3eed1-d528-4a83-939c-b34003b9dea6@group-C9E251B369B0-StateMachineUpdater] INFO  raftlog.RaftLog (RaftLogBase.java:lambda$new$0(53)) - e0e3eed1-d528-4a83-939c-b34003b9dea6@group-C9E251B369B0-SegmentedRaftLog: snapshotIndex: updateIncreasingly 65 -> 70
2021-06-09 09:33:19,211 [e0e3eed1-d528-4a83-939c-b34003b9dea6@group-C9E251B369B0-StateMachineUpdater] INFO  raftlog.RaftLog (RaftLogBase.java:lambda$new$0(53)) - e0e3eed1-d528-4a83-939c-b34003b9dea6@group-C9E251B369B0-SegmentedRaftLog: purgeIndex: updateToMax old=65, new=70, updated? true
2021-06-09 09:33:19,289 [Datanode State Machine Thread - 0] ERROR datanode.RunningDatanodeState (RunningDatanodeState.java:computeNextContainerState(199)) - Error in executing end point task.
java.util.concurrent.ExecutionException: java.util.concurrent.TimeoutException
	at java.util.concurrent.FutureTask.report(FutureTask.java:122)
	at java.util.concurrent.FutureTask.get(FutureTask.java:192)
	at org.apache.hadoop.ozone.container.common.states.datanode.RunningDatanodeState.computeNextContainerState(RunningDatanodeState.java:191)
	at org.apache.hadoop.ozone.container.common.states.datanode.RunningDatanodeState.await(RunningDatanodeState.java:231)
	at org.apache.hadoop.ozone.container.common.states.datanode.RunningDatanodeState.await(RunningDatanodeState.java:50)
	at org.apache.hadoop.ozone.container.common.statemachine.StateContext.execute(StateContext.java:629)
	at org.apache.hadoop.ozone.container.common.statemachine.DatanodeStateMachine.start(DatanodeStateMachine.java:244)
	at org.apache.hadoop.ozone.container.common.statemachine.DatanodeStateMachine.lambda$startDaemon$0(DatanodeStateMachine.java:427)
	at java.lang.Thread.run(Thread.java:748)
Caused by: java.util.concurrent.TimeoutException
	at java.util.concurrent.FutureTask.get(FutureTask.java:205)
	at org.apache.hadoop.ozone.container.common.states.datanode.RunningDatanodeState.lambda$execute$0(RunningDatanodeState.java:149)
	at java.util.concurrent.FutureTask.run(FutureTask.java:266)
	at java.util.concurrent.Executors$RunnableAdapter.call(Executors.java:511)
	at java.util.concurrent.FutureTask.run(FutureTask.java:266)
	at java.util.concurrent.ThreadPoolExecutor.runWorker(ThreadPoolExecutor.java:1149)
	at java.util.concurrent.ThreadPoolExecutor$Worker.run(ThreadPoolExecutor.java:624)
	... 1 more
2021-06-09 09:33:19,308 [943a282b-f1b6-4c47-b0d5-ac1d3ae1d1bb@group-C9E251B369B0-StateMachineUpdater] INFO  ha.SCMStateMachine (SCMStateMachine.java:takeSnapshot(282)) - Current Snapshot Index 70, takeSnapshot took 0 ms
2021-06-09 09:33:19,308 [943a282b-f1b6-4c47-b0d5-ac1d3ae1d1bb@group-C9E251B369B0-StateMachineUpdater] INFO  impl.StateMachineUpdater (StateMachineUpdater.java:takeSnapshot(281)) - 943a282b-f1b6-4c47-b0d5-ac1d3ae1d1bb@group-C9E251B369B0-StateMachineUpdater: Took a snapshot at index 70
2021-06-09 09:33:19,308 [943a282b-f1b6-4c47-b0d5-ac1d3ae1d1bb@group-C9E251B369B0-StateMachineUpdater] INFO  impl.StateMachineUpdater (StateMachineUpdater.java:lambda$new$0(89)) - 943a282b-f1b6-4c47-b0d5-ac1d3ae1d1bb@group-C9E251B369B0-StateMachineUpdater: snapshotIndex: updateIncreasingly 65 -> 70
2021-06-09 09:33:19,308 [943a282b-f1b6-4c47-b0d5-ac1d3ae1d1bb@group-C9E251B369B0-StateMachineUpdater] INFO  raftlog.RaftLog (RaftLogBase.java:purge(306)) - 943a282b-f1b6-4c47-b0d5-ac1d3ae1d1bb@group-C9E251B369B0-SegmentedRaftLog: purge 70
2021-06-09 09:33:19,308 [943a282b-f1b6-4c47-b0d5-ac1d3ae1d1bb@group-C9E251B369B0-StateMachineUpdater] INFO  raftlog.RaftLog (RaftLogBase.java:lambda$new$0(53)) - 943a282b-f1b6-4c47-b0d5-ac1d3ae1d1bb@group-C9E251B369B0-SegmentedRaftLog: snapshotIndex: updateIncreasingly 65 -> 70
2021-06-09 09:33:19,308 [943a282b-f1b6-4c47-b0d5-ac1d3ae1d1bb@group-C9E251B369B0-StateMachineUpdater] INFO  raftlog.RaftLog (RaftLogBase.java:lambda$new$0(53)) - 943a282b-f1b6-4c47-b0d5-ac1d3ae1d1bb@group-C9E251B369B0-SegmentedRaftLog: purgeIndex: updateToMax old=65, new=70, updated? true
2021-06-09 09:33:19,309 [Listener at 127.0.0.1/10928] INFO  ha.SCMHAInvocationHandler (SCMHAInvocationHandler.java:invokeRatis(113)) - Invoking method public abstract void org.apache.hadoop.hdds.scm.container.ContainerStateManagerV2.addContainer(org.apache.hadoop.hdds.protocol.proto.HddsProtos$ContainerInfoProto) throws java.io.IOException on target org.apache.hadoop.hdds.scm.ha.SCMRatisServerImpl@7356e723, cost 2995.618us
2021-06-09 09:33:19,412 [Listener at 127.0.0.1/10928] INFO  ha.SCMHAInvocationHandler (SCMHAInvocationHandler.java:invokeRatis(113)) - Invoking method public abstract void org.apache.hadoop.hdds.scm.container.ContainerStateManagerV2.addContainer(org.apache.hadoop.hdds.protocol.proto.HddsProtos$ContainerInfoProto) throws java.io.IOException on target org.apache.hadoop.hdds.scm.ha.SCMRatisServerImpl@7356e723, cost 3170.919us
2021-06-09 09:33:19,517 [Listener at 127.0.0.1/10928] INFO  ha.SCMHAInvocationHandler (SCMHAInvocationHandler.java:invokeRatis(113)) - Invoking method public abstract void org.apache.hadoop.hdds.scm.container.ContainerStateManagerV2.addContainer(org.apache.hadoop.hdds.protocol.proto.HddsProtos$ContainerInfoProto) throws java.io.IOException on target org.apache.hadoop.hdds.scm.ha.SCMRatisServerImpl@7356e723, cost 4474.828us
2021-06-09 09:33:19,517 [e0e3eed1-d528-4a83-939c-b34003b9dea6@group-C9E251B369B0-StateMachineUpdater] INFO  ha.SCMStateMachine (SCMStateMachine.java:takeSnapshot(282)) - Current Snapshot Index 75, takeSnapshot took 1 ms
2021-06-09 09:33:19,517 [e0e3eed1-d528-4a83-939c-b34003b9dea6@group-C9E251B369B0-StateMachineUpdater] INFO  impl.StateMachineUpdater (StateMachineUpdater.java:takeSnapshot(281)) - e0e3eed1-d528-4a83-939c-b34003b9dea6@group-C9E251B369B0-StateMachineUpdater: Took a snapshot at index 75
2021-06-09 09:33:19,518 [e0e3eed1-d528-4a83-939c-b34003b9dea6@group-C9E251B369B0-StateMachineUpdater] INFO  impl.StateMachineUpdater (StateMachineUpdater.java:lambda$new$0(89)) - e0e3eed1-d528-4a83-939c-b34003b9dea6@group-C9E251B369B0-StateMachineUpdater: snapshotIndex: updateIncreasingly 70 -> 75
2021-06-09 09:33:19,518 [e0e3eed1-d528-4a83-939c-b34003b9dea6@group-C9E251B369B0-StateMachineUpdater] INFO  raftlog.RaftLog (RaftLogBase.java:purge(306)) - e0e3eed1-d528-4a83-939c-b34003b9dea6@group-C9E251B369B0-SegmentedRaftLog: purge 75
2021-06-09 09:33:19,518 [e0e3eed1-d528-4a83-939c-b34003b9dea6@group-C9E251B369B0-StateMachineUpdater] INFO  raftlog.RaftLog (RaftLogBase.java:lambda$new$0(53)) - e0e3eed1-d528-4a83-939c-b34003b9dea6@group-C9E251B369B0-SegmentedRaftLog: snapshotIndex: updateIncreasingly 70 -> 75
2021-06-09 09:33:19,518 [e0e3eed1-d528-4a83-939c-b34003b9dea6@group-C9E251B369B0-StateMachineUpdater] INFO  raftlog.RaftLog (RaftLogBase.java:lambda$new$0(53)) - e0e3eed1-d528-4a83-939c-b34003b9dea6@group-C9E251B369B0-SegmentedRaftLog: purgeIndex: updateToMax old=70, new=75, updated? true
2021-06-09 09:33:19,519 [943a282b-f1b6-4c47-b0d5-ac1d3ae1d1bb@group-C9E251B369B0-StateMachineUpdater] INFO  ha.SCMStateMachine (SCMStateMachine.java:takeSnapshot(282)) - Current Snapshot Index 75, takeSnapshot took 0 ms
2021-06-09 09:33:19,519 [943a282b-f1b6-4c47-b0d5-ac1d3ae1d1bb@group-C9E251B369B0-StateMachineUpdater] INFO  impl.StateMachineUpdater (StateMachineUpdater.java:takeSnapshot(281)) - 943a282b-f1b6-4c47-b0d5-ac1d3ae1d1bb@group-C9E251B369B0-StateMachineUpdater: Took a snapshot at index 75
2021-06-09 09:33:19,519 [943a282b-f1b6-4c47-b0d5-ac1d3ae1d1bb@group-C9E251B369B0-StateMachineUpdater] INFO  impl.StateMachineUpdater (StateMachineUpdater.java:lambda$new$0(89)) - 943a282b-f1b6-4c47-b0d5-ac1d3ae1d1bb@group-C9E251B369B0-StateMachineUpdater: snapshotIndex: updateIncreasingly 70 -> 75
2021-06-09 09:33:19,519 [943a282b-f1b6-4c47-b0d5-ac1d3ae1d1bb@group-C9E251B369B0-StateMachineUpdater] INFO  raftlog.RaftLog (RaftLogBase.java:purge(306)) - 943a282b-f1b6-4c47-b0d5-ac1d3ae1d1bb@group-C9E251B369B0-SegmentedRaftLog: purge 75
2021-06-09 09:33:19,519 [943a282b-f1b6-4c47-b0d5-ac1d3ae1d1bb@group-C9E251B369B0-StateMachineUpdater] INFO  raftlog.RaftLog (RaftLogBase.java:lambda$new$0(53)) - 943a282b-f1b6-4c47-b0d5-ac1d3ae1d1bb@group-C9E251B369B0-SegmentedRaftLog: snapshotIndex: updateIncreasingly 70 -> 75
2021-06-09 09:33:19,519 [943a282b-f1b6-4c47-b0d5-ac1d3ae1d1bb@group-C9E251B369B0-StateMachineUpdater] INFO  raftlog.RaftLog (RaftLogBase.java:lambda$new$0(53)) - 943a282b-f1b6-4c47-b0d5-ac1d3ae1d1bb@group-C9E251B369B0-SegmentedRaftLog: purgeIndex: updateToMax old=70, new=75, updated? true
2021-06-09 09:33:19,621 [Listener at 127.0.0.1/10928] INFO  ha.SCMHAInvocationHandler (SCMHAInvocationHandler.java:invokeRatis(113)) - Invoking method public abstract void org.apache.hadoop.hdds.scm.container.ContainerStateManagerV2.addContainer(org.apache.hadoop.hdds.protocol.proto.HddsProtos$ContainerInfoProto) throws java.io.IOException on target org.apache.hadoop.hdds.scm.ha.SCMRatisServerImpl@7356e723, cost 3521.021us
2021-06-09 09:33:19,725 [Listener at 127.0.0.1/10928] INFO  ha.SCMHAInvocationHandler (SCMHAInvocationHandler.java:invokeRatis(113)) - Invoking method public abstract void org.apache.hadoop.hdds.scm.container.ContainerStateManagerV2.addContainer(org.apache.hadoop.hdds.protocol.proto.HddsProtos$ContainerInfoProto) throws java.io.IOException on target org.apache.hadoop.hdds.scm.ha.SCMRatisServerImpl@7356e723, cost 3567.522us
2021-06-09 09:33:19,728 [e0e3eed1-d528-4a83-939c-b34003b9dea6@group-C9E251B369B0-StateMachineUpdater] INFO  ha.SCMStateMachine (SCMStateMachine.java:takeSnapshot(282)) - Current Snapshot Index 80, takeSnapshot took 0 ms
2021-06-09 09:33:19,728 [e0e3eed1-d528-4a83-939c-b34003b9dea6@group-C9E251B369B0-StateMachineUpdater] INFO  impl.StateMachineUpdater (StateMachineUpdater.java:takeSnapshot(281)) - e0e3eed1-d528-4a83-939c-b34003b9dea6@group-C9E251B369B0-StateMachineUpdater: Took a snapshot at index 80
2021-06-09 09:33:19,728 [e0e3eed1-d528-4a83-939c-b34003b9dea6@group-C9E251B369B0-StateMachineUpdater] INFO  impl.StateMachineUpdater (StateMachineUpdater.java:lambda$new$0(89)) - e0e3eed1-d528-4a83-939c-b34003b9dea6@group-C9E251B369B0-StateMachineUpdater: snapshotIndex: updateIncreasingly 75 -> 80
2021-06-09 09:33:19,728 [e0e3eed1-d528-4a83-939c-b34003b9dea6@group-C9E251B369B0-StateMachineUpdater] INFO  raftlog.RaftLog (RaftLogBase.java:purge(306)) - e0e3eed1-d528-4a83-939c-b34003b9dea6@group-C9E251B369B0-SegmentedRaftLog: purge 80
2021-06-09 09:33:19,728 [e0e3eed1-d528-4a83-939c-b34003b9dea6@group-C9E251B369B0-StateMachineUpdater] INFO  raftlog.RaftLog (RaftLogBase.java:lambda$new$0(53)) - e0e3eed1-d528-4a83-939c-b34003b9dea6@group-C9E251B369B0-SegmentedRaftLog: snapshotIndex: updateIncreasingly 75 -> 80
2021-06-09 09:33:19,728 [e0e3eed1-d528-4a83-939c-b34003b9dea6@group-C9E251B369B0-StateMachineUpdater] INFO  raftlog.RaftLog (RaftLogBase.java:lambda$new$0(53)) - e0e3eed1-d528-4a83-939c-b34003b9dea6@group-C9E251B369B0-SegmentedRaftLog: purgeIndex: updateToMax old=75, new=80, updated? true
2021-06-09 09:33:19,828 [943a282b-f1b6-4c47-b0d5-ac1d3ae1d1bb@group-C9E251B369B0-StateMachineUpdater] INFO  ha.SCMStateMachine (SCMStateMachine.java:takeSnapshot(282)) - Current Snapshot Index 80, takeSnapshot took 0 ms
2021-06-09 09:33:19,828 [943a282b-f1b6-4c47-b0d5-ac1d3ae1d1bb@group-C9E251B369B0-StateMachineUpdater] INFO  impl.StateMachineUpdater (StateMachineUpdater.java:takeSnapshot(281)) - 943a282b-f1b6-4c47-b0d5-ac1d3ae1d1bb@group-C9E251B369B0-StateMachineUpdater: Took a snapshot at index 80
2021-06-09 09:33:19,828 [943a282b-f1b6-4c47-b0d5-ac1d3ae1d1bb@group-C9E251B369B0-StateMachineUpdater] INFO  impl.StateMachineUpdater (StateMachineUpdater.java:lambda$new$0(89)) - 943a282b-f1b6-4c47-b0d5-ac1d3ae1d1bb@group-C9E251B369B0-StateMachineUpdater: snapshotIndex: updateIncreasingly 75 -> 80
2021-06-09 09:33:19,828 [943a282b-f1b6-4c47-b0d5-ac1d3ae1d1bb@group-C9E251B369B0-StateMachineUpdater] INFO  raftlog.RaftLog (RaftLogBase.java:purge(306)) - 943a282b-f1b6-4c47-b0d5-ac1d3ae1d1bb@group-C9E251B369B0-SegmentedRaftLog: purge 80
2021-06-09 09:33:19,828 [943a282b-f1b6-4c47-b0d5-ac1d3ae1d1bb@group-C9E251B369B0-StateMachineUpdater] INFO  raftlog.RaftLog (RaftLogBase.java:lambda$new$0(53)) - 943a282b-f1b6-4c47-b0d5-ac1d3ae1d1bb@group-C9E251B369B0-SegmentedRaftLog: snapshotIndex: updateIncreasingly 75 -> 80
2021-06-09 09:33:19,828 [943a282b-f1b6-4c47-b0d5-ac1d3ae1d1bb@group-C9E251B369B0-StateMachineUpdater] INFO  raftlog.RaftLog (RaftLogBase.java:lambda$new$0(53)) - 943a282b-f1b6-4c47-b0d5-ac1d3ae1d1bb@group-C9E251B369B0-SegmentedRaftLog: purgeIndex: updateToMax old=75, new=80, updated? true
2021-06-09 09:33:19,830 [Listener at 127.0.0.1/10928] INFO  ha.SCMHAInvocationHandler (SCMHAInvocationHandler.java:invokeRatis(113)) - Invoking method public abstract void org.apache.hadoop.hdds.scm.container.ContainerStateManagerV2.addContainer(org.apache.hadoop.hdds.protocol.proto.HddsProtos$ContainerInfoProto) throws java.io.IOException on target org.apache.hadoop.hdds.scm.ha.SCMRatisServerImpl@7356e723, cost 3942.124us
2021-06-09 09:33:19,934 [Listener at 127.0.0.1/10928] INFO  ha.SCMHAInvocationHandler (SCMHAInvocationHandler.java:invokeRatis(113)) - Invoking method public abstract void org.apache.hadoop.hdds.scm.container.ContainerStateManagerV2.addContainer(org.apache.hadoop.hdds.protocol.proto.HddsProtos$ContainerInfoProto) throws java.io.IOException on target org.apache.hadoop.hdds.scm.ha.SCMRatisServerImpl@7356e723, cost 3498.121us
2021-06-09 09:33:20,038 [Listener at 127.0.0.1/10928] INFO  ha.SCMHAInvocationHandler (SCMHAInvocationHandler.java:invokeRatis(113)) - Invoking method public abstract void org.apache.hadoop.hdds.scm.container.ContainerStateManagerV2.addContainer(org.apache.hadoop.hdds.protocol.proto.HddsProtos$ContainerInfoProto) throws java.io.IOException on target org.apache.hadoop.hdds.scm.ha.SCMRatisServerImpl@7356e723, cost 4111.425us
2021-06-09 09:33:20,039 [e0e3eed1-d528-4a83-939c-b34003b9dea6@group-C9E251B369B0-StateMachineUpdater] INFO  ha.SCMStateMachine (SCMStateMachine.java:takeSnapshot(282)) - Current Snapshot Index 85, takeSnapshot took 0 ms
2021-06-09 09:33:20,039 [e0e3eed1-d528-4a83-939c-b34003b9dea6@group-C9E251B369B0-StateMachineUpdater] INFO  impl.StateMachineUpdater (StateMachineUpdater.java:takeSnapshot(281)) - e0e3eed1-d528-4a83-939c-b34003b9dea6@group-C9E251B369B0-StateMachineUpdater: Took a snapshot at index 85
2021-06-09 09:33:20,039 [e0e3eed1-d528-4a83-939c-b34003b9dea6@group-C9E251B369B0-StateMachineUpdater] INFO  impl.StateMachineUpdater (StateMachineUpdater.java:lambda$new$0(89)) - e0e3eed1-d528-4a83-939c-b34003b9dea6@group-C9E251B369B0-StateMachineUpdater: snapshotIndex: updateIncreasingly 80 -> 85
2021-06-09 09:33:20,039 [e0e3eed1-d528-4a83-939c-b34003b9dea6@group-C9E251B369B0-StateMachineUpdater] INFO  raftlog.RaftLog (RaftLogBase.java:purge(306)) - e0e3eed1-d528-4a83-939c-b34003b9dea6@group-C9E251B369B0-SegmentedRaftLog: purge 85
2021-06-09 09:33:20,039 [e0e3eed1-d528-4a83-939c-b34003b9dea6@group-C9E251B369B0-StateMachineUpdater] INFO  raftlog.RaftLog (RaftLogBase.java:lambda$new$0(53)) - e0e3eed1-d528-4a83-939c-b34003b9dea6@group-C9E251B369B0-SegmentedRaftLog: snapshotIndex: updateIncreasingly 80 -> 85
2021-06-09 09:33:20,039 [e0e3eed1-d528-4a83-939c-b34003b9dea6@group-C9E251B369B0-StateMachineUpdater] INFO  raftlog.RaftLog (RaftLogBase.java:lambda$new$0(53)) - e0e3eed1-d528-4a83-939c-b34003b9dea6@group-C9E251B369B0-SegmentedRaftLog: purgeIndex: updateToMax old=80, new=85, updated? true
2021-06-09 09:33:20,043 [943a282b-f1b6-4c47-b0d5-ac1d3ae1d1bb@group-C9E251B369B0-StateMachineUpdater] INFO  ha.SCMStateMachine (SCMStateMachine.java:takeSnapshot(282)) - Current Snapshot Index 85, takeSnapshot took 0 ms
2021-06-09 09:33:20,043 [943a282b-f1b6-4c47-b0d5-ac1d3ae1d1bb@group-C9E251B369B0-StateMachineUpdater] INFO  impl.StateMachineUpdater (StateMachineUpdater.java:takeSnapshot(281)) - 943a282b-f1b6-4c47-b0d5-ac1d3ae1d1bb@group-C9E251B369B0-StateMachineUpdater: Took a snapshot at index 85
2021-06-09 09:33:20,043 [943a282b-f1b6-4c47-b0d5-ac1d3ae1d1bb@group-C9E251B369B0-StateMachineUpdater] INFO  impl.StateMachineUpdater (StateMachineUpdater.java:lambda$new$0(89)) - 943a282b-f1b6-4c47-b0d5-ac1d3ae1d1bb@group-C9E251B369B0-StateMachineUpdater: snapshotIndex: updateIncreasingly 80 -> 85
2021-06-09 09:33:20,043 [943a282b-f1b6-4c47-b0d5-ac1d3ae1d1bb@group-C9E251B369B0-StateMachineUpdater] INFO  raftlog.RaftLog (RaftLogBase.java:purge(306)) - 943a282b-f1b6-4c47-b0d5-ac1d3ae1d1bb@group-C9E251B369B0-SegmentedRaftLog: purge 85
2021-06-09 09:33:20,043 [943a282b-f1b6-4c47-b0d5-ac1d3ae1d1bb@group-C9E251B369B0-StateMachineUpdater] INFO  raftlog.RaftLog (RaftLogBase.java:lambda$new$0(53)) - 943a282b-f1b6-4c47-b0d5-ac1d3ae1d1bb@group-C9E251B369B0-SegmentedRaftLog: snapshotIndex: updateIncreasingly 80 -> 85
2021-06-09 09:33:20,043 [943a282b-f1b6-4c47-b0d5-ac1d3ae1d1bb@group-C9E251B369B0-StateMachineUpdater] INFO  raftlog.RaftLog (RaftLogBase.java:lambda$new$0(53)) - 943a282b-f1b6-4c47-b0d5-ac1d3ae1d1bb@group-C9E251B369B0-SegmentedRaftLog: purgeIndex: updateToMax old=80, new=85, updated? true
2021-06-09 09:33:20,143 [Listener at 127.0.0.1/10928] INFO  ha.SCMHAInvocationHandler (SCMHAInvocationHandler.java:invokeRatis(113)) - Invoking method public abstract void org.apache.hadoop.hdds.scm.container.ContainerStateManagerV2.addContainer(org.apache.hadoop.hdds.protocol.proto.HddsProtos$ContainerInfoProto) throws java.io.IOException on target org.apache.hadoop.hdds.scm.ha.SCMRatisServerImpl@7356e723, cost 4054.924us
2021-06-09 09:33:20,247 [Listener at 127.0.0.1/10928] INFO  ha.SCMHAInvocationHandler (SCMHAInvocationHandler.java:invokeRatis(113)) - Invoking method public abstract void org.apache.hadoop.hdds.scm.container.ContainerStateManagerV2.addContainer(org.apache.hadoop.hdds.protocol.proto.HddsProtos$ContainerInfoProto) throws java.io.IOException on target org.apache.hadoop.hdds.scm.ha.SCMRatisServerImpl@7356e723, cost 3658.722us
2021-06-09 09:33:20,252 [e0e3eed1-d528-4a83-939c-b34003b9dea6@group-C9E251B369B0-StateMachineUpdater] INFO  ha.SCMStateMachine (SCMStateMachine.java:takeSnapshot(282)) - Current Snapshot Index 90, takeSnapshot took 0 ms
2021-06-09 09:33:20,252 [e0e3eed1-d528-4a83-939c-b34003b9dea6@group-C9E251B369B0-StateMachineUpdater] INFO  impl.StateMachineUpdater (StateMachineUpdater.java:takeSnapshot(281)) - e0e3eed1-d528-4a83-939c-b34003b9dea6@group-C9E251B369B0-StateMachineUpdater: Took a snapshot at index 90
2021-06-09 09:33:20,252 [e0e3eed1-d528-4a83-939c-b34003b9dea6@group-C9E251B369B0-StateMachineUpdater] INFO  impl.StateMachineUpdater (StateMachineUpdater.java:lambda$new$0(89)) - e0e3eed1-d528-4a83-939c-b34003b9dea6@group-C9E251B369B0-StateMachineUpdater: snapshotIndex: updateIncreasingly 85 -> 90
2021-06-09 09:33:20,252 [e0e3eed1-d528-4a83-939c-b34003b9dea6@group-C9E251B369B0-StateMachineUpdater] INFO  raftlog.RaftLog (RaftLogBase.java:purge(306)) - e0e3eed1-d528-4a83-939c-b34003b9dea6@group-C9E251B369B0-SegmentedRaftLog: purge 90
2021-06-09 09:33:20,252 [e0e3eed1-d528-4a83-939c-b34003b9dea6@group-C9E251B369B0-StateMachineUpdater] INFO  raftlog.RaftLog (RaftLogBase.java:lambda$new$0(53)) - e0e3eed1-d528-4a83-939c-b34003b9dea6@group-C9E251B369B0-SegmentedRaftLog: snapshotIndex: updateIncreasingly 85 -> 90
2021-06-09 09:33:20,252 [e0e3eed1-d528-4a83-939c-b34003b9dea6@group-C9E251B369B0-StateMachineUpdater] INFO  raftlog.RaftLog (RaftLogBase.java:lambda$new$0(53)) - e0e3eed1-d528-4a83-939c-b34003b9dea6@group-C9E251B369B0-SegmentedRaftLog: purgeIndex: updateToMax old=85, new=90, updated? true
2021-06-09 09:33:20,350 [943a282b-f1b6-4c47-b0d5-ac1d3ae1d1bb@group-C9E251B369B0-StateMachineUpdater] INFO  ha.SCMStateMachine (SCMStateMachine.java:takeSnapshot(282)) - Current Snapshot Index 90, takeSnapshot took 0 ms
2021-06-09 09:33:20,350 [943a282b-f1b6-4c47-b0d5-ac1d3ae1d1bb@group-C9E251B369B0-StateMachineUpdater] INFO  impl.StateMachineUpdater (StateMachineUpdater.java:takeSnapshot(281)) - 943a282b-f1b6-4c47-b0d5-ac1d3ae1d1bb@group-C9E251B369B0-StateMachineUpdater: Took a snapshot at index 90
2021-06-09 09:33:20,350 [943a282b-f1b6-4c47-b0d5-ac1d3ae1d1bb@group-C9E251B369B0-StateMachineUpdater] INFO  impl.StateMachineUpdater (StateMachineUpdater.java:lambda$new$0(89)) - 943a282b-f1b6-4c47-b0d5-ac1d3ae1d1bb@group-C9E251B369B0-StateMachineUpdater: snapshotIndex: updateIncreasingly 85 -> 90
2021-06-09 09:33:20,350 [943a282b-f1b6-4c47-b0d5-ac1d3ae1d1bb@group-C9E251B369B0-StateMachineUpdater] INFO  raftlog.RaftLog (RaftLogBase.java:purge(306)) - 943a282b-f1b6-4c47-b0d5-ac1d3ae1d1bb@group-C9E251B369B0-SegmentedRaftLog: purge 90
2021-06-09 09:33:20,351 [943a282b-f1b6-4c47-b0d5-ac1d3ae1d1bb@group-C9E251B369B0-StateMachineUpdater] INFO  raftlog.RaftLog (RaftLogBase.java:lambda$new$0(53)) - 943a282b-f1b6-4c47-b0d5-ac1d3ae1d1bb@group-C9E251B369B0-SegmentedRaftLog: snapshotIndex: updateIncreasingly 85 -> 90
2021-06-09 09:33:20,351 [943a282b-f1b6-4c47-b0d5-ac1d3ae1d1bb@group-C9E251B369B0-StateMachineUpdater] INFO  raftlog.RaftLog (RaftLogBase.java:lambda$new$0(53)) - 943a282b-f1b6-4c47-b0d5-ac1d3ae1d1bb@group-C9E251B369B0-SegmentedRaftLog: purgeIndex: updateToMax old=85, new=90, updated? true
2021-06-09 09:33:20,352 [Listener at 127.0.0.1/10928] INFO  ha.SCMHAInvocationHandler (SCMHAInvocationHandler.java:invokeRatis(113)) - Invoking method public abstract void org.apache.hadoop.hdds.scm.container.ContainerStateManagerV2.addContainer(org.apache.hadoop.hdds.protocol.proto.HddsProtos$ContainerInfoProto) throws java.io.IOException on target org.apache.hadoop.hdds.scm.ha.SCMRatisServerImpl@7356e723, cost 3971.424us
2021-06-09 09:33:20,456 [Listener at 127.0.0.1/10928] INFO  ha.SCMHAInvocationHandler (SCMHAInvocationHandler.java:invokeRatis(113)) - Invoking method public abstract void org.apache.hadoop.hdds.scm.container.ContainerStateManagerV2.addContainer(org.apache.hadoop.hdds.protocol.proto.HddsProtos$ContainerInfoProto) throws java.io.IOException on target org.apache.hadoop.hdds.scm.ha.SCMRatisServerImpl@7356e723, cost 3744.123us
2021-06-09 09:33:20,561 [Listener at 127.0.0.1/10928] INFO  ha.SCMHAInvocationHandler (SCMHAInvocationHandler.java:invokeRatis(113)) - Invoking method public abstract void org.apache.hadoop.hdds.scm.container.ContainerStateManagerV2.addContainer(org.apache.hadoop.hdds.protocol.proto.HddsProtos$ContainerInfoProto) throws java.io.IOException on target org.apache.hadoop.hdds.scm.ha.SCMRatisServerImpl@7356e723, cost 4217.325us
2021-06-09 09:33:20,561 [e0e3eed1-d528-4a83-939c-b34003b9dea6@group-C9E251B369B0-StateMachineUpdater] INFO  ha.SCMStateMachine (SCMStateMachine.java:takeSnapshot(282)) - Current Snapshot Index 95, takeSnapshot took 0 ms
2021-06-09 09:33:20,561 [e0e3eed1-d528-4a83-939c-b34003b9dea6@group-C9E251B369B0-StateMachineUpdater] INFO  impl.StateMachineUpdater (StateMachineUpdater.java:takeSnapshot(281)) - e0e3eed1-d528-4a83-939c-b34003b9dea6@group-C9E251B369B0-StateMachineUpdater: Took a snapshot at index 95
2021-06-09 09:33:20,561 [e0e3eed1-d528-4a83-939c-b34003b9dea6@group-C9E251B369B0-StateMachineUpdater] INFO  impl.StateMachineUpdater (StateMachineUpdater.java:lambda$new$0(89)) - e0e3eed1-d528-4a83-939c-b34003b9dea6@group-C9E251B369B0-StateMachineUpdater: snapshotIndex: updateIncreasingly 90 -> 95
2021-06-09 09:33:20,561 [e0e3eed1-d528-4a83-939c-b34003b9dea6@group-C9E251B369B0-StateMachineUpdater] INFO  raftlog.RaftLog (RaftLogBase.java:purge(306)) - e0e3eed1-d528-4a83-939c-b34003b9dea6@group-C9E251B369B0-SegmentedRaftLog: purge 95
2021-06-09 09:33:20,561 [e0e3eed1-d528-4a83-939c-b34003b9dea6@group-C9E251B369B0-StateMachineUpdater] INFO  raftlog.RaftLog (RaftLogBase.java:lambda$new$0(53)) - e0e3eed1-d528-4a83-939c-b34003b9dea6@group-C9E251B369B0-SegmentedRaftLog: snapshotIndex: updateIncreasingly 90 -> 95
2021-06-09 09:33:20,561 [e0e3eed1-d528-4a83-939c-b34003b9dea6@group-C9E251B369B0-StateMachineUpdater] INFO  raftlog.RaftLog (RaftLogBase.java:lambda$new$0(53)) - e0e3eed1-d528-4a83-939c-b34003b9dea6@group-C9E251B369B0-SegmentedRaftLog: purgeIndex: updateToMax old=90, new=95, updated? true
2021-06-09 09:33:20,563 [943a282b-f1b6-4c47-b0d5-ac1d3ae1d1bb@group-C9E251B369B0-StateMachineUpdater] INFO  ha.SCMStateMachine (SCMStateMachine.java:takeSnapshot(282)) - Current Snapshot Index 95, takeSnapshot took 0 ms
2021-06-09 09:33:20,563 [943a282b-f1b6-4c47-b0d5-ac1d3ae1d1bb@group-C9E251B369B0-StateMachineUpdater] INFO  impl.StateMachineUpdater (StateMachineUpdater.java:takeSnapshot(281)) - 943a282b-f1b6-4c47-b0d5-ac1d3ae1d1bb@group-C9E251B369B0-StateMachineUpdater: Took a snapshot at index 95
2021-06-09 09:33:20,563 [943a282b-f1b6-4c47-b0d5-ac1d3ae1d1bb@group-C9E251B369B0-StateMachineUpdater] INFO  impl.StateMachineUpdater (StateMachineUpdater.java:lambda$new$0(89)) - 943a282b-f1b6-4c47-b0d5-ac1d3ae1d1bb@group-C9E251B369B0-StateMachineUpdater: snapshotIndex: updateIncreasingly 90 -> 95
2021-06-09 09:33:20,563 [943a282b-f1b6-4c47-b0d5-ac1d3ae1d1bb@group-C9E251B369B0-StateMachineUpdater] INFO  raftlog.RaftLog (RaftLogBase.java:purge(306)) - 943a282b-f1b6-4c47-b0d5-ac1d3ae1d1bb@group-C9E251B369B0-SegmentedRaftLog: purge 95
2021-06-09 09:33:20,563 [943a282b-f1b6-4c47-b0d5-ac1d3ae1d1bb@group-C9E251B369B0-StateMachineUpdater] INFO  raftlog.RaftLog (RaftLogBase.java:lambda$new$0(53)) - 943a282b-f1b6-4c47-b0d5-ac1d3ae1d1bb@group-C9E251B369B0-SegmentedRaftLog: snapshotIndex: updateIncreasingly 90 -> 95
2021-06-09 09:33:20,563 [943a282b-f1b6-4c47-b0d5-ac1d3ae1d1bb@group-C9E251B369B0-StateMachineUpdater] INFO  raftlog.RaftLog (RaftLogBase.java:lambda$new$0(53)) - 943a282b-f1b6-4c47-b0d5-ac1d3ae1d1bb@group-C9E251B369B0-SegmentedRaftLog: purgeIndex: updateToMax old=90, new=95, updated? true
2021-06-09 09:33:20,665 [Listener at 127.0.0.1/10928] INFO  ha.SCMHAInvocationHandler (SCMHAInvocationHandler.java:invokeRatis(113)) - Invoking method public abstract void org.apache.hadoop.hdds.scm.container.ContainerStateManagerV2.addContainer(org.apache.hadoop.hdds.protocol.proto.HddsProtos$ContainerInfoProto) throws java.io.IOException on target org.apache.hadoop.hdds.scm.ha.SCMRatisServerImpl@7356e723, cost 3649.522us
2021-06-09 09:33:20,770 [Listener at 127.0.0.1/10928] INFO  ha.SCMHAInvocationHandler (SCMHAInvocationHandler.java:invokeRatis(113)) - Invoking method public abstract void org.apache.hadoop.hdds.scm.container.ContainerStateManagerV2.addContainer(org.apache.hadoop.hdds.protocol.proto.HddsProtos$ContainerInfoProto) throws java.io.IOException on target org.apache.hadoop.hdds.scm.ha.SCMRatisServerImpl@7356e723, cost 4108.124us
2021-06-09 09:33:20,775 [e0e3eed1-d528-4a83-939c-b34003b9dea6@group-C9E251B369B0-StateMachineUpdater] INFO  ha.SCMStateMachine (SCMStateMachine.java:takeSnapshot(282)) - Current Snapshot Index 100, takeSnapshot took 0 ms
2021-06-09 09:33:20,775 [e0e3eed1-d528-4a83-939c-b34003b9dea6@group-C9E251B369B0-StateMachineUpdater] INFO  impl.StateMachineUpdater (StateMachineUpdater.java:takeSnapshot(281)) - e0e3eed1-d528-4a83-939c-b34003b9dea6@group-C9E251B369B0-StateMachineUpdater: Took a snapshot at index 100
2021-06-09 09:33:20,775 [e0e3eed1-d528-4a83-939c-b34003b9dea6@group-C9E251B369B0-StateMachineUpdater] INFO  impl.StateMachineUpdater (StateMachineUpdater.java:lambda$new$0(89)) - e0e3eed1-d528-4a83-939c-b34003b9dea6@group-C9E251B369B0-StateMachineUpdater: snapshotIndex: updateIncreasingly 95 -> 100
2021-06-09 09:33:20,775 [e0e3eed1-d528-4a83-939c-b34003b9dea6@group-C9E251B369B0-StateMachineUpdater] INFO  raftlog.RaftLog (RaftLogBase.java:purge(306)) - e0e3eed1-d528-4a83-939c-b34003b9dea6@group-C9E251B369B0-SegmentedRaftLog: purge 100
2021-06-09 09:33:20,775 [e0e3eed1-d528-4a83-939c-b34003b9dea6@group-C9E251B369B0-StateMachineUpdater] INFO  raftlog.RaftLog (RaftLogBase.java:lambda$new$0(53)) - e0e3eed1-d528-4a83-939c-b34003b9dea6@group-C9E251B369B0-SegmentedRaftLog: snapshotIndex: updateIncreasingly 95 -> 100
2021-06-09 09:33:20,775 [e0e3eed1-d528-4a83-939c-b34003b9dea6@group-C9E251B369B0-StateMachineUpdater] INFO  raftlog.RaftLog (RaftLogBase.java:lambda$new$0(53)) - e0e3eed1-d528-4a83-939c-b34003b9dea6@group-C9E251B369B0-SegmentedRaftLog: purgeIndex: updateToMax old=95, new=100, updated? true
2021-06-09 09:33:20,873 [943a282b-f1b6-4c47-b0d5-ac1d3ae1d1bb@group-C9E251B369B0-StateMachineUpdater] INFO  ha.SCMStateMachine (SCMStateMachine.java:takeSnapshot(282)) - Current Snapshot Index 100, takeSnapshot took 0 ms
2021-06-09 09:33:20,873 [943a282b-f1b6-4c47-b0d5-ac1d3ae1d1bb@group-C9E251B369B0-StateMachineUpdater] INFO  impl.StateMachineUpdater (StateMachineUpdater.java:takeSnapshot(281)) - 943a282b-f1b6-4c47-b0d5-ac1d3ae1d1bb@group-C9E251B369B0-StateMachineUpdater: Took a snapshot at index 100
2021-06-09 09:33:20,873 [943a282b-f1b6-4c47-b0d5-ac1d3ae1d1bb@group-C9E251B369B0-StateMachineUpdater] INFO  impl.StateMachineUpdater (StateMachineUpdater.java:lambda$new$0(89)) - 943a282b-f1b6-4c47-b0d5-ac1d3ae1d1bb@group-C9E251B369B0-StateMachineUpdater: snapshotIndex: updateIncreasingly 95 -> 100
2021-06-09 09:33:20,873 [943a282b-f1b6-4c47-b0d5-ac1d3ae1d1bb@group-C9E251B369B0-StateMachineUpdater] INFO  raftlog.RaftLog (RaftLogBase.java:purge(306)) - 943a282b-f1b6-4c47-b0d5-ac1d3ae1d1bb@group-C9E251B369B0-SegmentedRaftLog: purge 100
2021-06-09 09:33:20,873 [943a282b-f1b6-4c47-b0d5-ac1d3ae1d1bb@group-C9E251B369B0-StateMachineUpdater] INFO  raftlog.RaftLog (RaftLogBase.java:lambda$new$0(53)) - 943a282b-f1b6-4c47-b0d5-ac1d3ae1d1bb@group-C9E251B369B0-SegmentedRaftLog: snapshotIndex: updateIncreasingly 95 -> 100
2021-06-09 09:33:20,873 [943a282b-f1b6-4c47-b0d5-ac1d3ae1d1bb@group-C9E251B369B0-StateMachineUpdater] INFO  raftlog.RaftLog (RaftLogBase.java:lambda$new$0(53)) - 943a282b-f1b6-4c47-b0d5-ac1d3ae1d1bb@group-C9E251B369B0-SegmentedRaftLog: purgeIndex: updateToMax old=95, new=100, updated? true
2021-06-09 09:33:20,874 [Listener at 127.0.0.1/10928] INFO  ha.SCMHAInvocationHandler (SCMHAInvocationHandler.java:invokeRatis(113)) - Invoking method public abstract void org.apache.hadoop.hdds.scm.container.ContainerStateManagerV2.addContainer(org.apache.hadoop.hdds.protocol.proto.HddsProtos$ContainerInfoProto) throws java.io.IOException on target org.apache.hadoop.hdds.scm.ha.SCMRatisServerImpl@7356e723, cost 3690.222us
2021-06-09 09:33:20,978 [Listener at 127.0.0.1/10928] INFO  ha.SCMHAInvocationHandler (SCMHAInvocationHandler.java:invokeRatis(113)) - Invoking method public abstract void org.apache.hadoop.hdds.scm.container.ContainerStateManagerV2.addContainer(org.apache.hadoop.hdds.protocol.proto.HddsProtos$ContainerInfoProto) throws java.io.IOException on target org.apache.hadoop.hdds.scm.ha.SCMRatisServerImpl@7356e723, cost 3440.721us
2021-06-09 09:33:21,079 [Listener at 127.0.0.1/10928] INFO  segmented.SegmentedRaftLogWorker (SegmentedRaftLogWorker.java:rollLogSegment(399)) - e0e3eed1-d528-4a83-939c-b34003b9dea6@group-C9E251B369B0-SegmentedRaftLogWorker: Rolling segment log-1_104 to index:104
2021-06-09 09:33:21,080 [e0e3eed1-d528-4a83-939c-b34003b9dea6@group-C9E251B369B0-SegmentedRaftLogWorker] INFO  segmented.SegmentedRaftLogWorker (SegmentedRaftLogWorker.java:execute(558)) - e0e3eed1-d528-4a83-939c-b34003b9dea6@group-C9E251B369B0-SegmentedRaftLogWorker: Rolled log segment from /home/runner/work/ozone/ozone/mnt/ozone/hadoop-ozone/integration-test/target/test-dir/MiniOzoneClusterImpl-43f0ca0c-372e-4c55-aedd-c9e251b369b0/scmNode-1/scm-ha/43f0ca0c-372e-4c55-aedd-c9e251b369b0/current/log_inprogress_1 to /home/runner/work/ozone/ozone/mnt/ozone/hadoop-ozone/integration-test/target/test-dir/MiniOzoneClusterImpl-43f0ca0c-372e-4c55-aedd-c9e251b369b0/scmNode-1/scm-ha/43f0ca0c-372e-4c55-aedd-c9e251b369b0/current/log_1-104
2021-06-09 09:33:21,081 [grpc-default-executor-1] INFO  segmented.SegmentedRaftLogWorker (SegmentedRaftLogWorker.java:rollLogSegment(399)) - 943a282b-f1b6-4c47-b0d5-ac1d3ae1d1bb@group-C9E251B369B0-SegmentedRaftLogWorker: Rolling segment log-1_104 to index:104
2021-06-09 09:33:21,081 [943a282b-f1b6-4c47-b0d5-ac1d3ae1d1bb@group-C9E251B369B0-SegmentedRaftLogWorker] INFO  segmented.SegmentedRaftLogWorker (SegmentedRaftLogWorker.java:execute(558)) - 943a282b-f1b6-4c47-b0d5-ac1d3ae1d1bb@group-C9E251B369B0-SegmentedRaftLogWorker: Rolled log segment from /home/runner/work/ozone/ozone/mnt/ozone/hadoop-ozone/integration-test/target/test-dir/MiniOzoneClusterImpl-43f0ca0c-372e-4c55-aedd-c9e251b369b0/scmNode-2/scm-ha/43f0ca0c-372e-4c55-aedd-c9e251b369b0/current/log_inprogress_1 to /home/runner/work/ozone/ozone/mnt/ozone/hadoop-ozone/integration-test/target/test-dir/MiniOzoneClusterImpl-43f0ca0c-372e-4c55-aedd-c9e251b369b0/scmNode-2/scm-ha/43f0ca0c-372e-4c55-aedd-c9e251b369b0/current/log_1-104
2021-06-09 09:33:21,082 [943a282b-f1b6-4c47-b0d5-ac1d3ae1d1bb@group-C9E251B369B0-SegmentedRaftLogWorker] INFO  segmented.SegmentedRaftLogWorker (SegmentedRaftLogWorker.java:execute(601)) - 943a282b-f1b6-4c47-b0d5-ac1d3ae1d1bb@group-C9E251B369B0-SegmentedRaftLogWorker: created new log segment /home/runner/work/ozone/ozone/mnt/ozone/hadoop-ozone/integration-test/target/test-dir/MiniOzoneClusterImpl-43f0ca0c-372e-4c55-aedd-c9e251b369b0/scmNode-2/scm-ha/43f0ca0c-372e-4c55-aedd-c9e251b369b0/current/log_inprogress_105
2021-06-09 09:33:21,082 [e0e3eed1-d528-4a83-939c-b34003b9dea6@group-C9E251B369B0-SegmentedRaftLogWorker] INFO  segmented.SegmentedRaftLogWorker (SegmentedRaftLogWorker.java:execute(601)) - e0e3eed1-d528-4a83-939c-b34003b9dea6@group-C9E251B369B0-SegmentedRaftLogWorker: created new log segment /home/runner/work/ozone/ozone/mnt/ozone/hadoop-ozone/integration-test/target/test-dir/MiniOzoneClusterImpl-43f0ca0c-372e-4c55-aedd-c9e251b369b0/scmNode-1/scm-ha/43f0ca0c-372e-4c55-aedd-c9e251b369b0/current/log_inprogress_105
2021-06-09 09:33:21,085 [Listener at 127.0.0.1/10928] INFO  ha.SCMHAInvocationHandler (SCMHAInvocationHandler.java:invokeRatis(113)) - Invoking method public abstract void org.apache.hadoop.hdds.scm.container.ContainerStateManagerV2.addContainer(org.apache.hadoop.hdds.protocol.proto.HddsProtos$ContainerInfoProto) throws java.io.IOException on target org.apache.hadoop.hdds.scm.ha.SCMRatisServerImpl@7356e723, cost 6696.941us
2021-06-09 09:33:21,085 [e0e3eed1-d528-4a83-939c-b34003b9dea6@group-C9E251B369B0-StateMachineUpdater] INFO  ha.SCMStateMachine (SCMStateMachine.java:takeSnapshot(282)) - Current Snapshot Index 105, takeSnapshot took 1 ms
2021-06-09 09:33:21,085 [e0e3eed1-d528-4a83-939c-b34003b9dea6@group-C9E251B369B0-StateMachineUpdater] INFO  impl.StateMachineUpdater (StateMachineUpdater.java:takeSnapshot(281)) - e0e3eed1-d528-4a83-939c-b34003b9dea6@group-C9E251B369B0-StateMachineUpdater: Took a snapshot at index 105
2021-06-09 09:33:21,086 [e0e3eed1-d528-4a83-939c-b34003b9dea6@group-C9E251B369B0-StateMachineUpdater] INFO  impl.StateMachineUpdater (StateMachineUpdater.java:lambda$new$0(89)) - e0e3eed1-d528-4a83-939c-b34003b9dea6@group-C9E251B369B0-StateMachineUpdater: snapshotIndex: updateIncreasingly 100 -> 105
2021-06-09 09:33:21,086 [e0e3eed1-d528-4a83-939c-b34003b9dea6@group-C9E251B369B0-StateMachineUpdater] INFO  raftlog.RaftLog (RaftLogBase.java:purge(306)) - e0e3eed1-d528-4a83-939c-b34003b9dea6@group-C9E251B369B0-SegmentedRaftLog: purge 105
2021-06-09 09:33:21,086 [e0e3eed1-d528-4a83-939c-b34003b9dea6@group-C9E251B369B0-StateMachineUpdater] INFO  raftlog.RaftLog (RaftLogBase.java:lambda$new$0(53)) - e0e3eed1-d528-4a83-939c-b34003b9dea6@group-C9E251B369B0-SegmentedRaftLog: snapshotIndex: updateIncreasingly 100 -> 105
2021-06-09 09:33:21,086 [e0e3eed1-d528-4a83-939c-b34003b9dea6@group-C9E251B369B0-SegmentedRaftLogWorker] INFO  raftlog.RaftLog (RaftLogBase.java:lambda$new$0(53)) - e0e3eed1-d528-4a83-939c-b34003b9dea6@group-C9E251B369B0-SegmentedRaftLog: purgeIndex: updateToMax old=100, new=104, updated? true
2021-06-09 09:33:21,087 [943a282b-f1b6-4c47-b0d5-ac1d3ae1d1bb@group-C9E251B369B0-StateMachineUpdater] INFO  ha.SCMStateMachine (SCMStateMachine.java:takeSnapshot(282)) - Current Snapshot Index 105, takeSnapshot took 0 ms
2021-06-09 09:33:21,087 [943a282b-f1b6-4c47-b0d5-ac1d3ae1d1bb@group-C9E251B369B0-StateMachineUpdater] INFO  impl.StateMachineUpdater (StateMachineUpdater.java:takeSnapshot(281)) - 943a282b-f1b6-4c47-b0d5-ac1d3ae1d1bb@group-C9E251B369B0-StateMachineUpdater: Took a snapshot at index 105
2021-06-09 09:33:21,087 [943a282b-f1b6-4c47-b0d5-ac1d3ae1d1bb@group-C9E251B369B0-StateMachineUpdater] INFO  impl.StateMachineUpdater (StateMachineUpdater.java:lambda$new$0(89)) - 943a282b-f1b6-4c47-b0d5-ac1d3ae1d1bb@group-C9E251B369B0-StateMachineUpdater: snapshotIndex: updateIncreasingly 100 -> 105
2021-06-09 09:33:21,087 [943a282b-f1b6-4c47-b0d5-ac1d3ae1d1bb@group-C9E251B369B0-StateMachineUpdater] INFO  raftlog.RaftLog (RaftLogBase.java:purge(306)) - 943a282b-f1b6-4c47-b0d5-ac1d3ae1d1bb@group-C9E251B369B0-SegmentedRaftLog: purge 105
2021-06-09 09:33:21,087 [943a282b-f1b6-4c47-b0d5-ac1d3ae1d1bb@group-C9E251B369B0-StateMachineUpdater] INFO  raftlog.RaftLog (RaftLogBase.java:lambda$new$0(53)) - 943a282b-f1b6-4c47-b0d5-ac1d3ae1d1bb@group-C9E251B369B0-SegmentedRaftLog: snapshotIndex: updateIncreasingly 100 -> 105
2021-06-09 09:33:21,087 [943a282b-f1b6-4c47-b0d5-ac1d3ae1d1bb@group-C9E251B369B0-SegmentedRaftLogWorker] INFO  raftlog.RaftLog (RaftLogBase.java:lambda$new$0(53)) - 943a282b-f1b6-4c47-b0d5-ac1d3ae1d1bb@group-C9E251B369B0-SegmentedRaftLog: purgeIndex: updateToMax old=100, new=104, updated? true
2021-06-09 09:33:21,171 [3c147370-49f5-478a-bcbe-e6cea6e4d9ae@group-5894FE760DEC-FollowerState] INFO  impl.FollowerState (FollowerState.java:run(134)) - 3c147370-49f5-478a-bcbe-e6cea6e4d9ae@group-5894FE760DEC-FollowerState: change to CANDIDATE, lastRpcElapsedTime:5016641906ns, electionTimeout:5011ms
2021-06-09 09:33:21,171 [3c147370-49f5-478a-bcbe-e6cea6e4d9ae@group-5894FE760DEC-FollowerState] INFO  impl.RoleInfo (RoleInfo.java:shutdownFollowerState(108)) - 3c147370-49f5-478a-bcbe-e6cea6e4d9ae: shutdown 3c147370-49f5-478a-bcbe-e6cea6e4d9ae@group-5894FE760DEC-FollowerState
2021-06-09 09:33:21,172 [3c147370-49f5-478a-bcbe-e6cea6e4d9ae@group-5894FE760DEC-FollowerState] INFO  server.RaftServer$Division (RaftServerImpl.java:setRole(284)) - 3c147370-49f5-478a-bcbe-e6cea6e4d9ae@group-5894FE760DEC: changes role from  FOLLOWER to CANDIDATE at term 3 for changeToCandidate
2021-06-09 09:33:21,172 [3c147370-49f5-478a-bcbe-e6cea6e4d9ae@group-5894FE760DEC-FollowerState] INFO  server.RaftServerConfigKeys (ConfUtils.java:logGet(44)) - raft.server.leaderelection.pre-vote = false (custom)
2021-06-09 09:33:21,172 [3c147370-49f5-478a-bcbe-e6cea6e4d9ae@group-5894FE760DEC-FollowerState] INFO  impl.RoleInfo (RoleInfo.java:updateAndGet(130)) - 3c147370-49f5-478a-bcbe-e6cea6e4d9ae: start 3c147370-49f5-478a-bcbe-e6cea6e4d9ae@group-5894FE760DEC-LeaderElection13
2021-06-09 09:33:21,174 [3c147370-49f5-478a-bcbe-e6cea6e4d9ae@group-5894FE760DEC-LeaderElection13] INFO  impl.LeaderElection (LeaderElection.java:askForVotes(306)) - 3c147370-49f5-478a-bcbe-e6cea6e4d9ae@group-5894FE760DEC-LeaderElection13 ELECTION round 0: submit vote requests at term 4 for -1: [697bcd3f-2547-41de-8cec-7c932316130e|rpc:127.0.0.1:39889|priority:0, 3c147370-49f5-478a-bcbe-e6cea6e4d9ae|rpc:127.0.0.1:40749|priority:0, cc259bf8-a2eb-4525-8fb1-f4b47156f121|rpc:127.0.0.1:43471|priority:1], old=null
2021-06-09 09:33:21,180 [grpc-default-executor-1] INFO  server.RaftServer$Division (RaftServerImpl.java:requestVote(1042)) - 697bcd3f-2547-41de-8cec-7c932316130e@group-5894FE760DEC: receive requestVote(ELECTION, 3c147370-49f5-478a-bcbe-e6cea6e4d9ae, group-5894FE760DEC, 4, (t:0, i:0))
2021-06-09 09:33:21,180 [grpc-default-executor-1] INFO  impl.VoteContext (VoteContext.java:log(48)) - 697bcd3f-2547-41de-8cec-7c932316130e@group-5894FE760DEC-FOLLOWER: accept ELECTION from 3c147370-49f5-478a-bcbe-e6cea6e4d9ae: our priority 0 <= candidate's priority 0
2021-06-09 09:33:21,180 [grpc-default-executor-1] INFO  server.RaftServer$Division (RaftServerImpl.java:setRole(284)) - 697bcd3f-2547-41de-8cec-7c932316130e@group-5894FE760DEC: changes role from  FOLLOWER to FOLLOWER at term 4 for candidate:3c147370-49f5-478a-bcbe-e6cea6e4d9ae
2021-06-09 09:33:21,180 [grpc-default-executor-1] INFO  impl.RoleInfo (RoleInfo.java:shutdownFollowerState(108)) - 697bcd3f-2547-41de-8cec-7c932316130e: shutdown 697bcd3f-2547-41de-8cec-7c932316130e@group-5894FE760DEC-FollowerState
2021-06-09 09:33:21,180 [grpc-default-executor-1] INFO  impl.RoleInfo (RoleInfo.java:updateAndGet(130)) - 697bcd3f-2547-41de-8cec-7c932316130e: start 697bcd3f-2547-41de-8cec-7c932316130e@group-5894FE760DEC-FollowerState
2021-06-09 09:33:21,180 [697bcd3f-2547-41de-8cec-7c932316130e@group-5894FE760DEC-FollowerState] INFO  impl.FollowerState (FollowerState.java:run(143)) - 697bcd3f-2547-41de-8cec-7c932316130e@group-5894FE760DEC-FollowerState was interrupted: {}
java.lang.InterruptedException: sleep interrupted
	at java.lang.Thread.sleep(Native Method)
	at java.lang.Thread.sleep(Thread.java:340)
	at java.util.concurrent.TimeUnit.sleep(TimeUnit.java:386)
	at org.apache.ratis.util.TimeDuration.sleep(TimeDuration.java:324)
	at org.apache.ratis.util.TimeDuration.sleep(TimeDuration.java:309)
	at org.apache.ratis.server.impl.FollowerState.run(FollowerState.java:118)
2021-06-09 09:33:21,183 [grpc-default-executor-0] INFO  server.RaftServer$Division (RaftServerImpl.java:requestVote(1042)) - cc259bf8-a2eb-4525-8fb1-f4b47156f121@group-5894FE760DEC: receive requestVote(ELECTION, 3c147370-49f5-478a-bcbe-e6cea6e4d9ae, group-5894FE760DEC, 4, (t:0, i:0))
2021-06-09 09:33:21,183 [grpc-default-executor-1] INFO  server.RaftServer$Division (RaftServerImpl.java:requestVote(1074)) - 697bcd3f-2547-41de-8cec-7c932316130e@group-5894FE760DEC replies to ELECTION vote request: 3c147370-49f5-478a-bcbe-e6cea6e4d9ae<-697bcd3f-2547-41de-8cec-7c932316130e#0:OK-t4. Peer's state: 697bcd3f-2547-41de-8cec-7c932316130e@group-5894FE760DEC:t4, leader=null, voted=3c147370-49f5-478a-bcbe-e6cea6e4d9ae, raftlog=697bcd3f-2547-41de-8cec-7c932316130e@group-5894FE760DEC-SegmentedRaftLog:OPENED:c-1,f-1,i0, conf=-1: [697bcd3f-2547-41de-8cec-7c932316130e|rpc:127.0.0.1:39889|priority:0, 3c147370-49f5-478a-bcbe-e6cea6e4d9ae|rpc:127.0.0.1:40749|priority:0, cc259bf8-a2eb-4525-8fb1-f4b47156f121|rpc:127.0.0.1:43471|priority:1], old=null
2021-06-09 09:33:21,183 [grpc-default-executor-0] INFO  impl.VoteContext (VoteContext.java:log(48)) - cc259bf8-a2eb-4525-8fb1-f4b47156f121@group-5894FE760DEC-FOLLOWER: reject ELECTION from 3c147370-49f5-478a-bcbe-e6cea6e4d9ae: our priority 1 > candidate's priority 0
2021-06-09 09:33:21,184 [grpc-default-executor-0] INFO  server.RaftServer$Division (RaftServerImpl.java:setRole(284)) - cc259bf8-a2eb-4525-8fb1-f4b47156f121@group-5894FE760DEC: changes role from  FOLLOWER to FOLLOWER at term 4 for candidate:3c147370-49f5-478a-bcbe-e6cea6e4d9ae
2021-06-09 09:33:21,184 [grpc-default-executor-0] INFO  impl.RoleInfo (RoleInfo.java:shutdownFollowerState(108)) - cc259bf8-a2eb-4525-8fb1-f4b47156f121: shutdown cc259bf8-a2eb-4525-8fb1-f4b47156f121@group-5894FE760DEC-FollowerState
2021-06-09 09:33:21,184 [grpc-default-executor-0] INFO  impl.RoleInfo (RoleInfo.java:updateAndGet(130)) - cc259bf8-a2eb-4525-8fb1-f4b47156f121: start cc259bf8-a2eb-4525-8fb1-f4b47156f121@group-5894FE760DEC-FollowerState
2021-06-09 09:33:21,184 [cc259bf8-a2eb-4525-8fb1-f4b47156f121@group-5894FE760DEC-FollowerState] INFO  impl.FollowerState (FollowerState.java:run(143)) - cc259bf8-a2eb-4525-8fb1-f4b47156f121@group-5894FE760DEC-FollowerState was interrupted: {}
java.lang.InterruptedException: sleep interrupted
	at java.lang.Thread.sleep(Native Method)
	at java.lang.Thread.sleep(Thread.java:340)
	at java.util.concurrent.TimeUnit.sleep(TimeUnit.java:386)
	at org.apache.ratis.util.TimeDuration.sleep(TimeDuration.java:324)
	at org.apache.ratis.util.TimeDuration.sleep(TimeDuration.java:309)
	at org.apache.ratis.server.impl.FollowerState.run(FollowerState.java:118)
2021-06-09 09:33:21,185 [grpc-default-executor-0] INFO  server.RaftServer$Division (RaftServerImpl.java:requestVote(1074)) - cc259bf8-a2eb-4525-8fb1-f4b47156f121@group-5894FE760DEC replies to ELECTION vote request: 3c147370-49f5-478a-bcbe-e6cea6e4d9ae<-cc259bf8-a2eb-4525-8fb1-f4b47156f121#0:FAIL-t4. Peer's state: cc259bf8-a2eb-4525-8fb1-f4b47156f121@group-5894FE760DEC:t4, leader=null, voted=null, raftlog=cc259bf8-a2eb-4525-8fb1-f4b47156f121@group-5894FE760DEC-SegmentedRaftLog:OPENED:c-1,f-1,i0, conf=-1: [697bcd3f-2547-41de-8cec-7c932316130e|rpc:127.0.0.1:39889|dataStream:|priority:0, 3c147370-49f5-478a-bcbe-e6cea6e4d9ae|rpc:127.0.0.1:40749|dataStream:|priority:0, cc259bf8-a2eb-4525-8fb1-f4b47156f121|rpc:127.0.0.1:43471|dataStream:|priority:1], old=null
2021-06-09 09:33:21,186 [3c147370-49f5-478a-bcbe-e6cea6e4d9ae@group-5894FE760DEC-LeaderElection13] INFO  impl.LeaderElection (LeaderElection.java:logAndReturn(89)) - 3c147370-49f5-478a-bcbe-e6cea6e4d9ae@group-5894FE760DEC-LeaderElection13: ELECTION REJECTED received 2 response(s) and 0 exception(s):
2021-06-09 09:33:21,186 [3c147370-49f5-478a-bcbe-e6cea6e4d9ae@group-5894FE760DEC-LeaderElection13] INFO  impl.LeaderElection (LeaderElection.java:logAndReturn(93)) -   Response 0: 3c147370-49f5-478a-bcbe-e6cea6e4d9ae<-697bcd3f-2547-41de-8cec-7c932316130e#0:OK-t4
2021-06-09 09:33:21,186 [3c147370-49f5-478a-bcbe-e6cea6e4d9ae@group-5894FE760DEC-LeaderElection13] INFO  impl.LeaderElection (LeaderElection.java:logAndReturn(93)) -   Response 1: 3c147370-49f5-478a-bcbe-e6cea6e4d9ae<-cc259bf8-a2eb-4525-8fb1-f4b47156f121#0:FAIL-t4
2021-06-09 09:33:21,186 [3c147370-49f5-478a-bcbe-e6cea6e4d9ae@group-5894FE760DEC-LeaderElection13] INFO  impl.LeaderElection (LeaderElection.java:askForVotes(308)) - 3c147370-49f5-478a-bcbe-e6cea6e4d9ae@group-5894FE760DEC-LeaderElection13 ELECTION round 0: result REJECTED
2021-06-09 09:33:21,186 [3c147370-49f5-478a-bcbe-e6cea6e4d9ae@group-5894FE760DEC-LeaderElection13] INFO  server.RaftServer$Division (RaftServerImpl.java:setRole(284)) - 3c147370-49f5-478a-bcbe-e6cea6e4d9ae@group-5894FE760DEC: changes role from CANDIDATE to FOLLOWER at term 4 for REJECTED
2021-06-09 09:33:21,186 [3c147370-49f5-478a-bcbe-e6cea6e4d9ae@group-5894FE760DEC-LeaderElection13] INFO  impl.RoleInfo (RoleInfo.java:shutdownLeaderElection(121)) - 3c147370-49f5-478a-bcbe-e6cea6e4d9ae: shutdown 3c147370-49f5-478a-bcbe-e6cea6e4d9ae@group-5894FE760DEC-LeaderElection13
2021-06-09 09:33:21,187 [3c147370-49f5-478a-bcbe-e6cea6e4d9ae@group-5894FE760DEC-LeaderElection13] INFO  impl.RoleInfo (RoleInfo.java:updateAndGet(130)) - 3c147370-49f5-478a-bcbe-e6cea6e4d9ae: start 3c147370-49f5-478a-bcbe-e6cea6e4d9ae@group-5894FE760DEC-FollowerState
2021-06-09 09:33:21,197 [Listener at 127.0.0.1/10928] INFO  ha.SCMHAInvocationHandler (SCMHAInvocationHandler.java:invokeRatis(113)) - Invoking method public abstract void org.apache.hadoop.hdds.scm.container.ContainerStateManagerV2.addContainer(org.apache.hadoop.hdds.protocol.proto.HddsProtos$ContainerInfoProto) throws java.io.IOException on target org.apache.hadoop.hdds.scm.ha.SCMRatisServerImpl@7356e723, cost 11883.572us
2021-06-09 09:33:21,303 [Listener at 127.0.0.1/10928] INFO  ha.SCMHAInvocationHandler (SCMHAInvocationHandler.java:invokeRatis(113)) - Invoking method public abstract void org.apache.hadoop.hdds.scm.container.ContainerStateManagerV2.addContainer(org.apache.hadoop.hdds.protocol.proto.HddsProtos$ContainerInfoProto) throws java.io.IOException on target org.apache.hadoop.hdds.scm.ha.SCMRatisServerImpl@7356e723, cost 4657.428us
2021-06-09 09:33:21,305 [e0e3eed1-d528-4a83-939c-b34003b9dea6@group-C9E251B369B0-StateMachineUpdater] INFO  ha.SCMStateMachine (SCMStateMachine.java:takeSnapshot(282)) - Current Snapshot Index 110, takeSnapshot took 0 ms
2021-06-09 09:33:21,305 [e0e3eed1-d528-4a83-939c-b34003b9dea6@group-C9E251B369B0-StateMachineUpdater] INFO  impl.StateMachineUpdater (StateMachineUpdater.java:takeSnapshot(281)) - e0e3eed1-d528-4a83-939c-b34003b9dea6@group-C9E251B369B0-StateMachineUpdater: Took a snapshot at index 110
2021-06-09 09:33:21,305 [e0e3eed1-d528-4a83-939c-b34003b9dea6@group-C9E251B369B0-StateMachineUpdater] INFO  impl.StateMachineUpdater (StateMachineUpdater.java:lambda$new$0(89)) - e0e3eed1-d528-4a83-939c-b34003b9dea6@group-C9E251B369B0-StateMachineUpdater: snapshotIndex: updateIncreasingly 105 -> 110
2021-06-09 09:33:21,305 [e0e3eed1-d528-4a83-939c-b34003b9dea6@group-C9E251B369B0-StateMachineUpdater] INFO  raftlog.RaftLog (RaftLogBase.java:purge(306)) - e0e3eed1-d528-4a83-939c-b34003b9dea6@group-C9E251B369B0-SegmentedRaftLog: purge 110
2021-06-09 09:33:21,305 [e0e3eed1-d528-4a83-939c-b34003b9dea6@group-C9E251B369B0-StateMachineUpdater] INFO  raftlog.RaftLog (RaftLogBase.java:lambda$new$0(53)) - e0e3eed1-d528-4a83-939c-b34003b9dea6@group-C9E251B369B0-SegmentedRaftLog: snapshotIndex: updateIncreasingly 105 -> 110
2021-06-09 09:33:21,305 [e0e3eed1-d528-4a83-939c-b34003b9dea6@group-C9E251B369B0-StateMachineUpdater] INFO  raftlog.RaftLog (RaftLogBase.java:lambda$new$0(53)) - e0e3eed1-d528-4a83-939c-b34003b9dea6@group-C9E251B369B0-SegmentedRaftLog: purgeIndex: updateToMax old=104, new=110, updated? true
2021-06-09 09:33:21,406 [943a282b-f1b6-4c47-b0d5-ac1d3ae1d1bb@group-C9E251B369B0-StateMachineUpdater] INFO  ha.SCMStateMachine (SCMStateMachine.java:takeSnapshot(282)) - Current Snapshot Index 110, takeSnapshot took 0 ms
2021-06-09 09:33:21,406 [943a282b-f1b6-4c47-b0d5-ac1d3ae1d1bb@group-C9E251B369B0-StateMachineUpdater] INFO  impl.StateMachineUpdater (StateMachineUpdater.java:takeSnapshot(281)) - 943a282b-f1b6-4c47-b0d5-ac1d3ae1d1bb@group-C9E251B369B0-StateMachineUpdater: Took a snapshot at index 110
2021-06-09 09:33:21,406 [943a282b-f1b6-4c47-b0d5-ac1d3ae1d1bb@group-C9E251B369B0-StateMachineUpdater] INFO  impl.StateMachineUpdater (StateMachineUpdater.java:lambda$new$0(89)) - 943a282b-f1b6-4c47-b0d5-ac1d3ae1d1bb@group-C9E251B369B0-StateMachineUpdater: snapshotIndex: updateIncreasingly 105 -> 110
2021-06-09 09:33:21,406 [943a282b-f1b6-4c47-b0d5-ac1d3ae1d1bb@group-C9E251B369B0-StateMachineUpdater] INFO  raftlog.RaftLog (RaftLogBase.java:purge(306)) - 943a282b-f1b6-4c47-b0d5-ac1d3ae1d1bb@group-C9E251B369B0-SegmentedRaftLog: purge 110
2021-06-09 09:33:21,406 [943a282b-f1b6-4c47-b0d5-ac1d3ae1d1bb@group-C9E251B369B0-StateMachineUpdater] INFO  raftlog.RaftLog (RaftLogBase.java:lambda$new$0(53)) - 943a282b-f1b6-4c47-b0d5-ac1d3ae1d1bb@group-C9E251B369B0-SegmentedRaftLog: snapshotIndex: updateIncreasingly 105 -> 110
2021-06-09 09:33:21,406 [943a282b-f1b6-4c47-b0d5-ac1d3ae1d1bb@group-C9E251B369B0-StateMachineUpdater] INFO  raftlog.RaftLog (RaftLogBase.java:lambda$new$0(53)) - 943a282b-f1b6-4c47-b0d5-ac1d3ae1d1bb@group-C9E251B369B0-SegmentedRaftLog: purgeIndex: updateToMax old=104, new=110, updated? true
2021-06-09 09:33:21,407 [Listener at 127.0.0.1/10928] INFO  ha.SCMHAInvocationHandler (SCMHAInvocationHandler.java:invokeRatis(113)) - Invoking method public abstract void org.apache.hadoop.hdds.scm.container.ContainerStateManagerV2.addContainer(org.apache.hadoop.hdds.protocol.proto.HddsProtos$ContainerInfoProto) throws java.io.IOException on target org.apache.hadoop.hdds.scm.ha.SCMRatisServerImpl@7356e723, cost 3704.523us
2021-06-09 09:33:21,511 [Listener at 127.0.0.1/10928] INFO  ha.SCMHAInvocationHandler (SCMHAInvocationHandler.java:invokeRatis(113)) - Invoking method public abstract void org.apache.hadoop.hdds.scm.container.ContainerStateManagerV2.addContainer(org.apache.hadoop.hdds.protocol.proto.HddsProtos$ContainerInfoProto) throws java.io.IOException on target org.apache.hadoop.hdds.scm.ha.SCMRatisServerImpl@7356e723, cost 3932.523us
2021-06-09 09:33:21,616 [e0e3eed1-d528-4a83-939c-b34003b9dea6@group-C9E251B369B0-StateMachineUpdater] INFO  ha.SCMStateMachine (SCMStateMachine.java:takeSnapshot(282)) - Current Snapshot Index 115, takeSnapshot took 0 ms
2021-06-09 09:33:21,616 [e0e3eed1-d528-4a83-939c-b34003b9dea6@group-C9E251B369B0-StateMachineUpdater] INFO  impl.StateMachineUpdater (StateMachineUpdater.java:takeSnapshot(281)) - e0e3eed1-d528-4a83-939c-b34003b9dea6@group-C9E251B369B0-StateMachineUpdater: Took a snapshot at index 115
2021-06-09 09:33:21,616 [e0e3eed1-d528-4a83-939c-b34003b9dea6@group-C9E251B369B0-StateMachineUpdater] INFO  impl.StateMachineUpdater (StateMachineUpdater.java:lambda$new$0(89)) - e0e3eed1-d528-4a83-939c-b34003b9dea6@group-C9E251B369B0-StateMachineUpdater: snapshotIndex: updateIncreasingly 110 -> 115
2021-06-09 09:33:21,616 [e0e3eed1-d528-4a83-939c-b34003b9dea6@group-C9E251B369B0-StateMachineUpdater] INFO  raftlog.RaftLog (RaftLogBase.java:purge(306)) - e0e3eed1-d528-4a83-939c-b34003b9dea6@group-C9E251B369B0-SegmentedRaftLog: purge 115
2021-06-09 09:33:21,616 [e0e3eed1-d528-4a83-939c-b34003b9dea6@group-C9E251B369B0-StateMachineUpdater] INFO  raftlog.RaftLog (RaftLogBase.java:lambda$new$0(53)) - e0e3eed1-d528-4a83-939c-b34003b9dea6@group-C9E251B369B0-SegmentedRaftLog: snapshotIndex: updateIncreasingly 110 -> 115
2021-06-09 09:33:21,616 [e0e3eed1-d528-4a83-939c-b34003b9dea6@group-C9E251B369B0-StateMachineUpdater] INFO  raftlog.RaftLog (RaftLogBase.java:lambda$new$0(53)) - e0e3eed1-d528-4a83-939c-b34003b9dea6@group-C9E251B369B0-SegmentedRaftLog: purgeIndex: updateToMax old=110, new=115, updated? true
2021-06-09 09:33:21,616 [Listener at 127.0.0.1/10928] INFO  ha.SCMHAInvocationHandler (SCMHAInvocationHandler.java:invokeRatis(113)) - Invoking method public abstract void org.apache.hadoop.hdds.scm.container.ContainerStateManagerV2.addContainer(org.apache.hadoop.hdds.protocol.proto.HddsProtos$ContainerInfoProto) throws java.io.IOException on target org.apache.hadoop.hdds.scm.ha.SCMRatisServerImpl@7356e723, cost 4314.526us
2021-06-09 09:33:21,619 [943a282b-f1b6-4c47-b0d5-ac1d3ae1d1bb@group-C9E251B369B0-StateMachineUpdater] INFO  ha.SCMStateMachine (SCMStateMachine.java:takeSnapshot(282)) - Current Snapshot Index 115, takeSnapshot took 0 ms
2021-06-09 09:33:21,619 [943a282b-f1b6-4c47-b0d5-ac1d3ae1d1bb@group-C9E251B369B0-StateMachineUpdater] INFO  impl.StateMachineUpdater (StateMachineUpdater.java:takeSnapshot(281)) - 943a282b-f1b6-4c47-b0d5-ac1d3ae1d1bb@group-C9E251B369B0-StateMachineUpdater: Took a snapshot at index 115
2021-06-09 09:33:21,619 [943a282b-f1b6-4c47-b0d5-ac1d3ae1d1bb@group-C9E251B369B0-StateMachineUpdater] INFO  impl.StateMachineUpdater (StateMachineUpdater.java:lambda$new$0(89)) - 943a282b-f1b6-4c47-b0d5-ac1d3ae1d1bb@group-C9E251B369B0-StateMachineUpdater: snapshotIndex: updateIncreasingly 110 -> 115
2021-06-09 09:33:21,619 [943a282b-f1b6-4c47-b0d5-ac1d3ae1d1bb@group-C9E251B369B0-StateMachineUpdater] INFO  raftlog.RaftLog (RaftLogBase.java:purge(306)) - 943a282b-f1b6-4c47-b0d5-ac1d3ae1d1bb@group-C9E251B369B0-SegmentedRaftLog: purge 115
2021-06-09 09:33:21,620 [943a282b-f1b6-4c47-b0d5-ac1d3ae1d1bb@group-C9E251B369B0-StateMachineUpdater] INFO  raftlog.RaftLog (RaftLogBase.java:lambda$new$0(53)) - 943a282b-f1b6-4c47-b0d5-ac1d3ae1d1bb@group-C9E251B369B0-SegmentedRaftLog: snapshotIndex: updateIncreasingly 110 -> 115
2021-06-09 09:33:21,620 [943a282b-f1b6-4c47-b0d5-ac1d3ae1d1bb@group-C9E251B369B0-StateMachineUpdater] INFO  raftlog.RaftLog (RaftLogBase.java:lambda$new$0(53)) - 943a282b-f1b6-4c47-b0d5-ac1d3ae1d1bb@group-C9E251B369B0-SegmentedRaftLog: purgeIndex: updateToMax old=110, new=115, updated? true
2021-06-09 09:33:21,721 [Listener at 127.0.0.1/10928] INFO  ha.SCMHAInvocationHandler (SCMHAInvocationHandler.java:invokeRatis(113)) - Invoking method public abstract void org.apache.hadoop.hdds.scm.container.ContainerStateManagerV2.addContainer(org.apache.hadoop.hdds.protocol.proto.HddsProtos$ContainerInfoProto) throws java.io.IOException on target org.apache.hadoop.hdds.scm.ha.SCMRatisServerImpl@7356e723, cost 4111.524us
2021-06-09 09:33:21,796 [Datanode State Machine Thread - 0] ERROR datanode.RunningDatanodeState (RunningDatanodeState.java:computeNextContainerState(199)) - Error in executing end point task.
java.util.concurrent.ExecutionException: java.util.concurrent.TimeoutException
	at java.util.concurrent.FutureTask.report(FutureTask.java:122)
	at java.util.concurrent.FutureTask.get(FutureTask.java:192)
	at org.apache.hadoop.ozone.container.common.states.datanode.RunningDatanodeState.computeNextContainerState(RunningDatanodeState.java:191)
	at org.apache.hadoop.ozone.container.common.states.datanode.RunningDatanodeState.await(RunningDatanodeState.java:231)
	at org.apache.hadoop.ozone.container.common.states.datanode.RunningDatanodeState.await(RunningDatanodeState.java:50)
	at org.apache.hadoop.ozone.container.common.statemachine.StateContext.execute(StateContext.java:629)
	at org.apache.hadoop.ozone.container.common.statemachine.DatanodeStateMachine.start(DatanodeStateMachine.java:244)
	at org.apache.hadoop.ozone.container.common.statemachine.DatanodeStateMachine.lambda$startDaemon$0(DatanodeStateMachine.java:427)
	at java.lang.Thread.run(Thread.java:748)
Caused by: java.util.concurrent.TimeoutException
	at java.util.concurrent.FutureTask.get(FutureTask.java:205)
	at org.apache.hadoop.ozone.container.common.states.datanode.RunningDatanodeState.lambda$execute$0(RunningDatanodeState.java:149)
	at java.util.concurrent.FutureTask.run(FutureTask.java:266)
	at java.util.concurrent.Executors$RunnableAdapter.call(Executors.java:511)
	at java.util.concurrent.FutureTask.run(FutureTask.java:266)
	at java.util.concurrent.ThreadPoolExecutor.runWorker(ThreadPoolExecutor.java:1149)
	at java.util.concurrent.ThreadPoolExecutor$Worker.run(ThreadPoolExecutor.java:624)
	... 1 more
2021-06-09 09:33:21,825 [Listener at 127.0.0.1/10928] INFO  ha.SCMHAInvocationHandler (SCMHAInvocationHandler.java:invokeRatis(113)) - Invoking method public abstract void org.apache.hadoop.hdds.scm.container.ContainerStateManagerV2.addContainer(org.apache.hadoop.hdds.protocol.proto.HddsProtos$ContainerInfoProto) throws java.io.IOException on target org.apache.hadoop.hdds.scm.ha.SCMRatisServerImpl@7356e723, cost 3400.62us
2021-06-09 09:33:21,827 [e0e3eed1-d528-4a83-939c-b34003b9dea6@group-C9E251B369B0-StateMachineUpdater] INFO  ha.SCMStateMachine (SCMStateMachine.java:takeSnapshot(282)) - Current Snapshot Index 120, takeSnapshot took 0 ms
2021-06-09 09:33:21,827 [e0e3eed1-d528-4a83-939c-b34003b9dea6@group-C9E251B369B0-StateMachineUpdater] INFO  impl.StateMachineUpdater (StateMachineUpdater.java:takeSnapshot(281)) - e0e3eed1-d528-4a83-939c-b34003b9dea6@group-C9E251B369B0-StateMachineUpdater: Took a snapshot at index 120
2021-06-09 09:33:21,827 [e0e3eed1-d528-4a83-939c-b34003b9dea6@group-C9E251B369B0-StateMachineUpdater] INFO  impl.StateMachineUpdater (StateMachineUpdater.java:lambda$new$0(89)) - e0e3eed1-d528-4a83-939c-b34003b9dea6@group-C9E251B369B0-StateMachineUpdater: snapshotIndex: updateIncreasingly 115 -> 120
2021-06-09 09:33:21,827 [e0e3eed1-d528-4a83-939c-b34003b9dea6@group-C9E251B369B0-StateMachineUpdater] INFO  raftlog.RaftLog (RaftLogBase.java:purge(306)) - e0e3eed1-d528-4a83-939c-b34003b9dea6@group-C9E251B369B0-SegmentedRaftLog: purge 120
2021-06-09 09:33:21,827 [e0e3eed1-d528-4a83-939c-b34003b9dea6@group-C9E251B369B0-StateMachineUpdater] INFO  raftlog.RaftLog (RaftLogBase.java:lambda$new$0(53)) - e0e3eed1-d528-4a83-939c-b34003b9dea6@group-C9E251B369B0-SegmentedRaftLog: snapshotIndex: updateIncreasingly 115 -> 120
2021-06-09 09:33:21,827 [e0e3eed1-d528-4a83-939c-b34003b9dea6@group-C9E251B369B0-StateMachineUpdater] INFO  raftlog.RaftLog (RaftLogBase.java:lambda$new$0(53)) - e0e3eed1-d528-4a83-939c-b34003b9dea6@group-C9E251B369B0-SegmentedRaftLog: purgeIndex: updateToMax old=115, new=120, updated? true
2021-06-09 09:33:21,927 [943a282b-f1b6-4c47-b0d5-ac1d3ae1d1bb@group-C9E251B369B0-StateMachineUpdater] INFO  ha.SCMStateMachine (SCMStateMachine.java:takeSnapshot(282)) - Current Snapshot Index 120, takeSnapshot took 0 ms
2021-06-09 09:33:21,927 [943a282b-f1b6-4c47-b0d5-ac1d3ae1d1bb@group-C9E251B369B0-StateMachineUpdater] INFO  impl.StateMachineUpdater (StateMachineUpdater.java:takeSnapshot(281)) - 943a282b-f1b6-4c47-b0d5-ac1d3ae1d1bb@group-C9E251B369B0-StateMachineUpdater: Took a snapshot at index 120
2021-06-09 09:33:21,927 [943a282b-f1b6-4c47-b0d5-ac1d3ae1d1bb@group-C9E251B369B0-StateMachineUpdater] INFO  impl.StateMachineUpdater (StateMachineUpdater.java:lambda$new$0(89)) - 943a282b-f1b6-4c47-b0d5-ac1d3ae1d1bb@group-C9E251B369B0-StateMachineUpdater: snapshotIndex: updateIncreasingly 115 -> 120
2021-06-09 09:33:21,928 [943a282b-f1b6-4c47-b0d5-ac1d3ae1d1bb@group-C9E251B369B0-StateMachineUpdater] INFO  raftlog.RaftLog (RaftLogBase.java:purge(306)) - 943a282b-f1b6-4c47-b0d5-ac1d3ae1d1bb@group-C9E251B369B0-SegmentedRaftLog: purge 120
2021-06-09 09:33:21,928 [943a282b-f1b6-4c47-b0d5-ac1d3ae1d1bb@group-C9E251B369B0-StateMachineUpdater] INFO  raftlog.RaftLog (RaftLogBase.java:lambda$new$0(53)) - 943a282b-f1b6-4c47-b0d5-ac1d3ae1d1bb@group-C9E251B369B0-SegmentedRaftLog: snapshotIndex: updateIncreasingly 115 -> 120
2021-06-09 09:33:21,928 [943a282b-f1b6-4c47-b0d5-ac1d3ae1d1bb@group-C9E251B369B0-StateMachineUpdater] INFO  raftlog.RaftLog (RaftLogBase.java:lambda$new$0(53)) - 943a282b-f1b6-4c47-b0d5-ac1d3ae1d1bb@group-C9E251B369B0-SegmentedRaftLog: purgeIndex: updateToMax old=115, new=120, updated? true
2021-06-09 09:33:21,931 [Listener at 127.0.0.1/10928] INFO  ha.SCMHAInvocationHandler (SCMHAInvocationHandler.java:invokeRatis(113)) - Invoking method public abstract void org.apache.hadoop.hdds.scm.container.ContainerStateManagerV2.addContainer(org.apache.hadoop.hdds.protocol.proto.HddsProtos$ContainerInfoProto) throws java.io.IOException on target org.apache.hadoop.hdds.scm.ha.SCMRatisServerImpl@7356e723, cost 5659.734us
2021-06-09 09:33:22,035 [Listener at 127.0.0.1/10928] INFO  ha.SCMHAInvocationHandler (SCMHAInvocationHandler.java:invokeRatis(113)) - Invoking method public abstract void org.apache.hadoop.hdds.scm.container.ContainerStateManagerV2.addContainer(org.apache.hadoop.hdds.protocol.proto.HddsProtos$ContainerInfoProto) throws java.io.IOException on target org.apache.hadoop.hdds.scm.ha.SCMRatisServerImpl@7356e723, cost 3742.823us
2021-06-09 09:33:22,139 [e0e3eed1-d528-4a83-939c-b34003b9dea6@group-C9E251B369B0-StateMachineUpdater] INFO  ha.SCMStateMachine (SCMStateMachine.java:takeSnapshot(282)) - Current Snapshot Index 125, takeSnapshot took 0 ms
2021-06-09 09:33:22,140 [e0e3eed1-d528-4a83-939c-b34003b9dea6@group-C9E251B369B0-StateMachineUpdater] INFO  impl.StateMachineUpdater (StateMachineUpdater.java:takeSnapshot(281)) - e0e3eed1-d528-4a83-939c-b34003b9dea6@group-C9E251B369B0-StateMachineUpdater: Took a snapshot at index 125
2021-06-09 09:33:22,140 [e0e3eed1-d528-4a83-939c-b34003b9dea6@group-C9E251B369B0-StateMachineUpdater] INFO  impl.StateMachineUpdater (StateMachineUpdater.java:lambda$new$0(89)) - e0e3eed1-d528-4a83-939c-b34003b9dea6@group-C9E251B369B0-StateMachineUpdater: snapshotIndex: updateIncreasingly 120 -> 125
2021-06-09 09:33:22,140 [e0e3eed1-d528-4a83-939c-b34003b9dea6@group-C9E251B369B0-StateMachineUpdater] INFO  raftlog.RaftLog (RaftLogBase.java:purge(306)) - e0e3eed1-d528-4a83-939c-b34003b9dea6@group-C9E251B369B0-SegmentedRaftLog: purge 125
2021-06-09 09:33:22,140 [e0e3eed1-d528-4a83-939c-b34003b9dea6@group-C9E251B369B0-StateMachineUpdater] INFO  raftlog.RaftLog (RaftLogBase.java:lambda$new$0(53)) - e0e3eed1-d528-4a83-939c-b34003b9dea6@group-C9E251B369B0-SegmentedRaftLog: snapshotIndex: updateIncreasingly 120 -> 125
2021-06-09 09:33:22,140 [e0e3eed1-d528-4a83-939c-b34003b9dea6@group-C9E251B369B0-StateMachineUpdater] INFO  raftlog.RaftLog (RaftLogBase.java:lambda$new$0(53)) - e0e3eed1-d528-4a83-939c-b34003b9dea6@group-C9E251B369B0-SegmentedRaftLog: purgeIndex: updateToMax old=120, new=125, updated? true
2021-06-09 09:33:22,140 [Listener at 127.0.0.1/10928] INFO  ha.SCMHAInvocationHandler (SCMHAInvocationHandler.java:invokeRatis(113)) - Invoking method public abstract void org.apache.hadoop.hdds.scm.container.ContainerStateManagerV2.addContainer(org.apache.hadoop.hdds.protocol.proto.HddsProtos$ContainerInfoProto) throws java.io.IOException on target org.apache.hadoop.hdds.scm.ha.SCMRatisServerImpl@7356e723, cost 3977.324us
2021-06-09 09:33:22,142 [943a282b-f1b6-4c47-b0d5-ac1d3ae1d1bb@group-C9E251B369B0-StateMachineUpdater] INFO  ha.SCMStateMachine (SCMStateMachine.java:takeSnapshot(282)) - Current Snapshot Index 125, takeSnapshot took 0 ms
2021-06-09 09:33:22,142 [943a282b-f1b6-4c47-b0d5-ac1d3ae1d1bb@group-C9E251B369B0-StateMachineUpdater] INFO  impl.StateMachineUpdater (StateMachineUpdater.java:takeSnapshot(281)) - 943a282b-f1b6-4c47-b0d5-ac1d3ae1d1bb@group-C9E251B369B0-StateMachineUpdater: Took a snapshot at index 125
2021-06-09 09:33:22,142 [943a282b-f1b6-4c47-b0d5-ac1d3ae1d1bb@group-C9E251B369B0-StateMachineUpdater] INFO  impl.StateMachineUpdater (StateMachineUpdater.java:lambda$new$0(89)) - 943a282b-f1b6-4c47-b0d5-ac1d3ae1d1bb@group-C9E251B369B0-StateMachineUpdater: snapshotIndex: updateIncreasingly 120 -> 125
2021-06-09 09:33:22,142 [943a282b-f1b6-4c47-b0d5-ac1d3ae1d1bb@group-C9E251B369B0-StateMachineUpdater] INFO  raftlog.RaftLog (RaftLogBase.java:purge(306)) - 943a282b-f1b6-4c47-b0d5-ac1d3ae1d1bb@group-C9E251B369B0-SegmentedRaftLog: purge 125
2021-06-09 09:33:22,142 [943a282b-f1b6-4c47-b0d5-ac1d3ae1d1bb@group-C9E251B369B0-StateMachineUpdater] INFO  raftlog.RaftLog (RaftLogBase.java:lambda$new$0(53)) - 943a282b-f1b6-4c47-b0d5-ac1d3ae1d1bb@group-C9E251B369B0-SegmentedRaftLog: snapshotIndex: updateIncreasingly 120 -> 125
2021-06-09 09:33:22,142 [943a282b-f1b6-4c47-b0d5-ac1d3ae1d1bb@group-C9E251B369B0-StateMachineUpdater] INFO  raftlog.RaftLog (RaftLogBase.java:lambda$new$0(53)) - 943a282b-f1b6-4c47-b0d5-ac1d3ae1d1bb@group-C9E251B369B0-SegmentedRaftLog: purgeIndex: updateToMax old=120, new=125, updated? true
2021-06-09 09:33:22,244 [Listener at 127.0.0.1/10928] INFO  ha.SCMHAInvocationHandler (SCMHAInvocationHandler.java:invokeRatis(113)) - Invoking method public abstract void org.apache.hadoop.hdds.scm.container.ContainerStateManagerV2.addContainer(org.apache.hadoop.hdds.protocol.proto.HddsProtos$ContainerInfoProto) throws java.io.IOException on target org.apache.hadoop.hdds.scm.ha.SCMRatisServerImpl@7356e723, cost 3259.919us
2021-06-09 09:33:22,292 [Datanode State Machine Thread - 0] ERROR datanode.RunningDatanodeState (RunningDatanodeState.java:computeNextContainerState(199)) - Error in executing end point task.
java.util.concurrent.ExecutionException: java.util.concurrent.TimeoutException
	at java.util.concurrent.FutureTask.report(FutureTask.java:122)
	at java.util.concurrent.FutureTask.get(FutureTask.java:192)
	at org.apache.hadoop.ozone.container.common.states.datanode.RunningDatanodeState.computeNextContainerState(RunningDatanodeState.java:191)
	at org.apache.hadoop.ozone.container.common.states.datanode.RunningDatanodeState.await(RunningDatanodeState.java:231)
	at org.apache.hadoop.ozone.container.common.states.datanode.RunningDatanodeState.await(RunningDatanodeState.java:50)
	at org.apache.hadoop.ozone.container.common.statemachine.StateContext.execute(StateContext.java:629)
	at org.apache.hadoop.ozone.container.common.statemachine.DatanodeStateMachine.start(DatanodeStateMachine.java:244)
	at org.apache.hadoop.ozone.container.common.statemachine.DatanodeStateMachine.lambda$startDaemon$0(DatanodeStateMachine.java:427)
	at java.lang.Thread.run(Thread.java:748)
Caused by: java.util.concurrent.TimeoutException
	at java.util.concurrent.FutureTask.get(FutureTask.java:205)
	at org.apache.hadoop.ozone.container.common.states.datanode.RunningDatanodeState.lambda$execute$0(RunningDatanodeState.java:149)
	at java.util.concurrent.FutureTask.run(FutureTask.java:266)
	at java.util.concurrent.Executors$RunnableAdapter.call(Executors.java:511)
	at java.util.concurrent.FutureTask.run(FutureTask.java:266)
	at java.util.concurrent.ThreadPoolExecutor.runWorker(ThreadPoolExecutor.java:1149)
	at java.util.concurrent.ThreadPoolExecutor$Worker.run(ThreadPoolExecutor.java:624)
	... 1 more
2021-06-09 09:33:22,348 [Listener at 127.0.0.1/10928] INFO  ha.SCMHAInvocationHandler (SCMHAInvocationHandler.java:invokeRatis(113)) - Invoking method public abstract void org.apache.hadoop.hdds.scm.container.ContainerStateManagerV2.addContainer(org.apache.hadoop.hdds.protocol.proto.HddsProtos$ContainerInfoProto) throws java.io.IOException on target org.apache.hadoop.hdds.scm.ha.SCMRatisServerImpl@7356e723, cost 4306.826us
2021-06-09 09:33:22,351 [e0e3eed1-d528-4a83-939c-b34003b9dea6@group-C9E251B369B0-StateMachineUpdater] INFO  ha.SCMStateMachine (SCMStateMachine.java:takeSnapshot(282)) - Current Snapshot Index 130, takeSnapshot took 0 ms
2021-06-09 09:33:22,351 [e0e3eed1-d528-4a83-939c-b34003b9dea6@group-C9E251B369B0-StateMachineUpdater] INFO  impl.StateMachineUpdater (StateMachineUpdater.java:takeSnapshot(281)) - e0e3eed1-d528-4a83-939c-b34003b9dea6@group-C9E251B369B0-StateMachineUpdater: Took a snapshot at index 130
2021-06-09 09:33:22,351 [e0e3eed1-d528-4a83-939c-b34003b9dea6@group-C9E251B369B0-StateMachineUpdater] INFO  impl.StateMachineUpdater (StateMachineUpdater.java:lambda$new$0(89)) - e0e3eed1-d528-4a83-939c-b34003b9dea6@group-C9E251B369B0-StateMachineUpdater: snapshotIndex: updateIncreasingly 125 -> 130
2021-06-09 09:33:22,351 [e0e3eed1-d528-4a83-939c-b34003b9dea6@group-C9E251B369B0-StateMachineUpdater] INFO  raftlog.RaftLog (RaftLogBase.java:purge(306)) - e0e3eed1-d528-4a83-939c-b34003b9dea6@group-C9E251B369B0-SegmentedRaftLog: purge 130
2021-06-09 09:33:22,351 [e0e3eed1-d528-4a83-939c-b34003b9dea6@group-C9E251B369B0-StateMachineUpdater] INFO  raftlog.RaftLog (RaftLogBase.java:lambda$new$0(53)) - e0e3eed1-d528-4a83-939c-b34003b9dea6@group-C9E251B369B0-SegmentedRaftLog: snapshotIndex: updateIncreasingly 125 -> 130
2021-06-09 09:33:22,351 [e0e3eed1-d528-4a83-939c-b34003b9dea6@group-C9E251B369B0-StateMachineUpdater] INFO  raftlog.RaftLog (RaftLogBase.java:lambda$new$0(53)) - e0e3eed1-d528-4a83-939c-b34003b9dea6@group-C9E251B369B0-SegmentedRaftLog: purgeIndex: updateToMax old=125, new=130, updated? true
2021-06-09 09:33:22,451 [943a282b-f1b6-4c47-b0d5-ac1d3ae1d1bb@group-C9E251B369B0-StateMachineUpdater] INFO  ha.SCMStateMachine (SCMStateMachine.java:takeSnapshot(282)) - Current Snapshot Index 130, takeSnapshot took 1 ms
2021-06-09 09:33:22,451 [943a282b-f1b6-4c47-b0d5-ac1d3ae1d1bb@group-C9E251B369B0-StateMachineUpdater] INFO  impl.StateMachineUpdater (StateMachineUpdater.java:takeSnapshot(281)) - 943a282b-f1b6-4c47-b0d5-ac1d3ae1d1bb@group-C9E251B369B0-StateMachineUpdater: Took a snapshot at index 130
2021-06-09 09:33:22,451 [943a282b-f1b6-4c47-b0d5-ac1d3ae1d1bb@group-C9E251B369B0-StateMachineUpdater] INFO  impl.StateMachineUpdater (StateMachineUpdater.java:lambda$new$0(89)) - 943a282b-f1b6-4c47-b0d5-ac1d3ae1d1bb@group-C9E251B369B0-StateMachineUpdater: snapshotIndex: updateIncreasingly 125 -> 130
2021-06-09 09:33:22,451 [943a282b-f1b6-4c47-b0d5-ac1d3ae1d1bb@group-C9E251B369B0-StateMachineUpdater] INFO  raftlog.RaftLog (RaftLogBase.java:purge(306)) - 943a282b-f1b6-4c47-b0d5-ac1d3ae1d1bb@group-C9E251B369B0-SegmentedRaftLog: purge 130
2021-06-09 09:33:22,451 [943a282b-f1b6-4c47-b0d5-ac1d3ae1d1bb@group-C9E251B369B0-StateMachineUpdater] INFO  raftlog.RaftLog (RaftLogBase.java:lambda$new$0(53)) - 943a282b-f1b6-4c47-b0d5-ac1d3ae1d1bb@group-C9E251B369B0-SegmentedRaftLog: snapshotIndex: updateIncreasingly 125 -> 130
2021-06-09 09:33:22,451 [943a282b-f1b6-4c47-b0d5-ac1d3ae1d1bb@group-C9E251B369B0-StateMachineUpdater] INFO  raftlog.RaftLog (RaftLogBase.java:lambda$new$0(53)) - 943a282b-f1b6-4c47-b0d5-ac1d3ae1d1bb@group-C9E251B369B0-SegmentedRaftLog: purgeIndex: updateToMax old=125, new=130, updated? true
2021-06-09 09:33:22,453 [Listener at 127.0.0.1/10928] INFO  ha.SCMHAInvocationHandler (SCMHAInvocationHandler.java:invokeRatis(113)) - Invoking method public abstract void org.apache.hadoop.hdds.scm.container.ContainerStateManagerV2.addContainer(org.apache.hadoop.hdds.protocol.proto.HddsProtos$ContainerInfoProto) throws java.io.IOException on target org.apache.hadoop.hdds.scm.ha.SCMRatisServerImpl@7356e723, cost 3671.822us
2021-06-09 09:33:22,557 [Listener at 127.0.0.1/10928] INFO  ha.SCMHAInvocationHandler (SCMHAInvocationHandler.java:invokeRatis(113)) - Invoking method public abstract void org.apache.hadoop.hdds.scm.container.ContainerStateManagerV2.addContainer(org.apache.hadoop.hdds.protocol.proto.HddsProtos$ContainerInfoProto) throws java.io.IOException on target org.apache.hadoop.hdds.scm.ha.SCMRatisServerImpl@7356e723, cost 3428.521us
2021-06-09 09:33:22,661 [e0e3eed1-d528-4a83-939c-b34003b9dea6@group-C9E251B369B0-StateMachineUpdater] INFO  ha.SCMStateMachine (SCMStateMachine.java:takeSnapshot(282)) - Current Snapshot Index 135, takeSnapshot took 0 ms
2021-06-09 09:33:22,661 [e0e3eed1-d528-4a83-939c-b34003b9dea6@group-C9E251B369B0-StateMachineUpdater] INFO  impl.StateMachineUpdater (StateMachineUpdater.java:takeSnapshot(281)) - e0e3eed1-d528-4a83-939c-b34003b9dea6@group-C9E251B369B0-StateMachineUpdater: Took a snapshot at index 135
2021-06-09 09:33:22,661 [Listener at 127.0.0.1/10928] INFO  ha.SCMHAInvocationHandler (SCMHAInvocationHandler.java:invokeRatis(113)) - Invoking method public abstract void org.apache.hadoop.hdds.scm.container.ContainerStateManagerV2.addContainer(org.apache.hadoop.hdds.protocol.proto.HddsProtos$ContainerInfoProto) throws java.io.IOException on target org.apache.hadoop.hdds.scm.ha.SCMRatisServerImpl@7356e723, cost 4284.426us
2021-06-09 09:33:22,661 [e0e3eed1-d528-4a83-939c-b34003b9dea6@group-C9E251B369B0-StateMachineUpdater] INFO  impl.StateMachineUpdater (StateMachineUpdater.java:lambda$new$0(89)) - e0e3eed1-d528-4a83-939c-b34003b9dea6@group-C9E251B369B0-StateMachineUpdater: snapshotIndex: updateIncreasingly 130 -> 135
2021-06-09 09:33:22,662 [e0e3eed1-d528-4a83-939c-b34003b9dea6@group-C9E251B369B0-StateMachineUpdater] INFO  raftlog.RaftLog (RaftLogBase.java:purge(306)) - e0e3eed1-d528-4a83-939c-b34003b9dea6@group-C9E251B369B0-SegmentedRaftLog: purge 135
2021-06-09 09:33:22,662 [e0e3eed1-d528-4a83-939c-b34003b9dea6@group-C9E251B369B0-StateMachineUpdater] INFO  raftlog.RaftLog (RaftLogBase.java:lambda$new$0(53)) - e0e3eed1-d528-4a83-939c-b34003b9dea6@group-C9E251B369B0-SegmentedRaftLog: snapshotIndex: updateIncreasingly 130 -> 135
2021-06-09 09:33:22,662 [e0e3eed1-d528-4a83-939c-b34003b9dea6@group-C9E251B369B0-StateMachineUpdater] INFO  raftlog.RaftLog (RaftLogBase.java:lambda$new$0(53)) - e0e3eed1-d528-4a83-939c-b34003b9dea6@group-C9E251B369B0-SegmentedRaftLog: purgeIndex: updateToMax old=130, new=135, updated? true
2021-06-09 09:33:22,663 [943a282b-f1b6-4c47-b0d5-ac1d3ae1d1bb@group-C9E251B369B0-StateMachineUpdater] INFO  ha.SCMStateMachine (SCMStateMachine.java:takeSnapshot(282)) - Current Snapshot Index 135, takeSnapshot took 0 ms
2021-06-09 09:33:22,663 [943a282b-f1b6-4c47-b0d5-ac1d3ae1d1bb@group-C9E251B369B0-StateMachineUpdater] INFO  impl.StateMachineUpdater (StateMachineUpdater.java:takeSnapshot(281)) - 943a282b-f1b6-4c47-b0d5-ac1d3ae1d1bb@group-C9E251B369B0-StateMachineUpdater: Took a snapshot at index 135
2021-06-09 09:33:22,663 [943a282b-f1b6-4c47-b0d5-ac1d3ae1d1bb@group-C9E251B369B0-StateMachineUpdater] INFO  impl.StateMachineUpdater (StateMachineUpdater.java:lambda$new$0(89)) - 943a282b-f1b6-4c47-b0d5-ac1d3ae1d1bb@group-C9E251B369B0-StateMachineUpdater: snapshotIndex: updateIncreasingly 130 -> 135
2021-06-09 09:33:22,663 [943a282b-f1b6-4c47-b0d5-ac1d3ae1d1bb@group-C9E251B369B0-StateMachineUpdater] INFO  raftlog.RaftLog (RaftLogBase.java:purge(306)) - 943a282b-f1b6-4c47-b0d5-ac1d3ae1d1bb@group-C9E251B369B0-SegmentedRaftLog: purge 135
2021-06-09 09:33:22,663 [943a282b-f1b6-4c47-b0d5-ac1d3ae1d1bb@group-C9E251B369B0-StateMachineUpdater] INFO  raftlog.RaftLog (RaftLogBase.java:lambda$new$0(53)) - 943a282b-f1b6-4c47-b0d5-ac1d3ae1d1bb@group-C9E251B369B0-SegmentedRaftLog: snapshotIndex: updateIncreasingly 130 -> 135
2021-06-09 09:33:22,663 [943a282b-f1b6-4c47-b0d5-ac1d3ae1d1bb@group-C9E251B369B0-StateMachineUpdater] INFO  raftlog.RaftLog (RaftLogBase.java:lambda$new$0(53)) - 943a282b-f1b6-4c47-b0d5-ac1d3ae1d1bb@group-C9E251B369B0-SegmentedRaftLog: purgeIndex: updateToMax old=130, new=135, updated? true
2021-06-09 09:33:22,765 [Listener at 127.0.0.1/10928] INFO  ha.SCMHAInvocationHandler (SCMHAInvocationHandler.java:invokeRatis(113)) - Invoking method public abstract void org.apache.hadoop.hdds.scm.container.ContainerStateManagerV2.addContainer(org.apache.hadoop.hdds.protocol.proto.HddsProtos$ContainerInfoProto) throws java.io.IOException on target org.apache.hadoop.hdds.scm.ha.SCMRatisServerImpl@7356e723, cost 3072.718us
2021-06-09 09:33:22,798 [Datanode State Machine Thread - 0] ERROR datanode.RunningDatanodeState (RunningDatanodeState.java:computeNextContainerState(199)) - Error in executing end point task.
java.util.concurrent.ExecutionException: java.util.concurrent.TimeoutException
	at java.util.concurrent.FutureTask.report(FutureTask.java:122)
	at java.util.concurrent.FutureTask.get(FutureTask.java:192)
	at org.apache.hadoop.ozone.container.common.states.datanode.RunningDatanodeState.computeNextContainerState(RunningDatanodeState.java:191)
	at org.apache.hadoop.ozone.container.common.states.datanode.RunningDatanodeState.await(RunningDatanodeState.java:231)
	at org.apache.hadoop.ozone.container.common.states.datanode.RunningDatanodeState.await(RunningDatanodeState.java:50)
	at org.apache.hadoop.ozone.container.common.statemachine.StateContext.execute(StateContext.java:629)
	at org.apache.hadoop.ozone.container.common.statemachine.DatanodeStateMachine.start(DatanodeStateMachine.java:244)
	at org.apache.hadoop.ozone.container.common.statemachine.DatanodeStateMachine.lambda$startDaemon$0(DatanodeStateMachine.java:427)
	at java.lang.Thread.run(Thread.java:748)
Caused by: java.util.concurrent.TimeoutException
	at java.util.concurrent.FutureTask.get(FutureTask.java:205)
	at org.apache.hadoop.ozone.container.common.states.datanode.RunningDatanodeState.lambda$execute$0(RunningDatanodeState.java:149)
	at java.util.concurrent.FutureTask.run(FutureTask.java:266)
	at java.util.concurrent.Executors$RunnableAdapter.call(Executors.java:511)
	at java.util.concurrent.FutureTask.run(FutureTask.java:266)
	at java.util.concurrent.ThreadPoolExecutor.runWorker(ThreadPoolExecutor.java:1149)
	at java.util.concurrent.ThreadPoolExecutor$Worker.run(ThreadPoolExecutor.java:624)
	... 1 more
2021-06-09 09:33:22,868 [Listener at 127.0.0.1/10928] INFO  ha.SCMHAInvocationHandler (SCMHAInvocationHandler.java:invokeRatis(113)) - Invoking method public abstract void org.apache.hadoop.hdds.scm.container.ContainerStateManagerV2.addContainer(org.apache.hadoop.hdds.protocol.proto.HddsProtos$ContainerInfoProto) throws java.io.IOException on target org.apache.hadoop.hdds.scm.ha.SCMRatisServerImpl@7356e723, cost 3100.519us
2021-06-09 09:33:22,871 [e0e3eed1-d528-4a83-939c-b34003b9dea6@group-C9E251B369B0-StateMachineUpdater] INFO  ha.SCMStateMachine (SCMStateMachine.java:takeSnapshot(282)) - Current Snapshot Index 140, takeSnapshot took 0 ms
2021-06-09 09:33:22,871 [e0e3eed1-d528-4a83-939c-b34003b9dea6@group-C9E251B369B0-StateMachineUpdater] INFO  impl.StateMachineUpdater (StateMachineUpdater.java:takeSnapshot(281)) - e0e3eed1-d528-4a83-939c-b34003b9dea6@group-C9E251B369B0-StateMachineUpdater: Took a snapshot at index 140
2021-06-09 09:33:22,871 [e0e3eed1-d528-4a83-939c-b34003b9dea6@group-C9E251B369B0-StateMachineUpdater] INFO  impl.StateMachineUpdater (StateMachineUpdater.java:lambda$new$0(89)) - e0e3eed1-d528-4a83-939c-b34003b9dea6@group-C9E251B369B0-StateMachineUpdater: snapshotIndex: updateIncreasingly 135 -> 140
2021-06-09 09:33:22,871 [e0e3eed1-d528-4a83-939c-b34003b9dea6@group-C9E251B369B0-StateMachineUpdater] INFO  raftlog.RaftLog (RaftLogBase.java:purge(306)) - e0e3eed1-d528-4a83-939c-b34003b9dea6@group-C9E251B369B0-SegmentedRaftLog: purge 140
2021-06-09 09:33:22,871 [e0e3eed1-d528-4a83-939c-b34003b9dea6@group-C9E251B369B0-StateMachineUpdater] INFO  raftlog.RaftLog (RaftLogBase.java:lambda$new$0(53)) - e0e3eed1-d528-4a83-939c-b34003b9dea6@group-C9E251B369B0-SegmentedRaftLog: snapshotIndex: updateIncreasingly 135 -> 140
2021-06-09 09:33:22,871 [e0e3eed1-d528-4a83-939c-b34003b9dea6@group-C9E251B369B0-StateMachineUpdater] INFO  raftlog.RaftLog (RaftLogBase.java:lambda$new$0(53)) - e0e3eed1-d528-4a83-939c-b34003b9dea6@group-C9E251B369B0-SegmentedRaftLog: purgeIndex: updateToMax old=135, new=140, updated? true
2021-06-09 09:33:22,971 [943a282b-f1b6-4c47-b0d5-ac1d3ae1d1bb@group-C9E251B369B0-StateMachineUpdater] INFO  ha.SCMStateMachine (SCMStateMachine.java:takeSnapshot(282)) - Current Snapshot Index 140, takeSnapshot took 0 ms
2021-06-09 09:33:22,971 [943a282b-f1b6-4c47-b0d5-ac1d3ae1d1bb@group-C9E251B369B0-StateMachineUpdater] INFO  impl.StateMachineUpdater (StateMachineUpdater.java:takeSnapshot(281)) - 943a282b-f1b6-4c47-b0d5-ac1d3ae1d1bb@group-C9E251B369B0-StateMachineUpdater: Took a snapshot at index 140
2021-06-09 09:33:22,971 [943a282b-f1b6-4c47-b0d5-ac1d3ae1d1bb@group-C9E251B369B0-StateMachineUpdater] INFO  impl.StateMachineUpdater (StateMachineUpdater.java:lambda$new$0(89)) - 943a282b-f1b6-4c47-b0d5-ac1d3ae1d1bb@group-C9E251B369B0-StateMachineUpdater: snapshotIndex: updateIncreasingly 135 -> 140
2021-06-09 09:33:22,971 [943a282b-f1b6-4c47-b0d5-ac1d3ae1d1bb@group-C9E251B369B0-StateMachineUpdater] INFO  raftlog.RaftLog (RaftLogBase.java:purge(306)) - 943a282b-f1b6-4c47-b0d5-ac1d3ae1d1bb@group-C9E251B369B0-SegmentedRaftLog: purge 140
2021-06-09 09:33:22,971 [943a282b-f1b6-4c47-b0d5-ac1d3ae1d1bb@group-C9E251B369B0-StateMachineUpdater] INFO  raftlog.RaftLog (RaftLogBase.java:lambda$new$0(53)) - 943a282b-f1b6-4c47-b0d5-ac1d3ae1d1bb@group-C9E251B369B0-SegmentedRaftLog: snapshotIndex: updateIncreasingly 135 -> 140
2021-06-09 09:33:22,971 [943a282b-f1b6-4c47-b0d5-ac1d3ae1d1bb@group-C9E251B369B0-StateMachineUpdater] INFO  raftlog.RaftLog (RaftLogBase.java:lambda$new$0(53)) - 943a282b-f1b6-4c47-b0d5-ac1d3ae1d1bb@group-C9E251B369B0-SegmentedRaftLog: purgeIndex: updateToMax old=135, new=140, updated? true
2021-06-09 09:33:22,972 [Listener at 127.0.0.1/10928] INFO  ha.SCMHAInvocationHandler (SCMHAInvocationHandler.java:invokeRatis(113)) - Invoking method public abstract void org.apache.hadoop.hdds.scm.container.ContainerStateManagerV2.addContainer(org.apache.hadoop.hdds.protocol.proto.HddsProtos$ContainerInfoProto) throws java.io.IOException on target org.apache.hadoop.hdds.scm.ha.SCMRatisServerImpl@7356e723, cost 3288.12us
2021-06-09 09:33:23,076 [Listener at 127.0.0.1/10928] INFO  ha.SCMHAInvocationHandler (SCMHAInvocationHandler.java:invokeRatis(113)) - Invoking method public abstract void org.apache.hadoop.hdds.scm.container.ContainerStateManagerV2.addContainer(org.apache.hadoop.hdds.protocol.proto.HddsProtos$ContainerInfoProto) throws java.io.IOException on target org.apache.hadoop.hdds.scm.ha.SCMRatisServerImpl@7356e723, cost 3248.22us
2021-06-09 09:33:23,175 [Datanode State Machine Thread - 0] ERROR datanode.RunningDatanodeState (RunningDatanodeState.java:computeNextContainerState(199)) - Error in executing end point task.
java.util.concurrent.ExecutionException: java.util.concurrent.TimeoutException
	at java.util.concurrent.FutureTask.report(FutureTask.java:122)
	at java.util.concurrent.FutureTask.get(FutureTask.java:192)
	at org.apache.hadoop.ozone.container.common.states.datanode.RunningDatanodeState.computeNextContainerState(RunningDatanodeState.java:191)
	at org.apache.hadoop.ozone.container.common.states.datanode.RunningDatanodeState.await(RunningDatanodeState.java:231)
	at org.apache.hadoop.ozone.container.common.states.datanode.RunningDatanodeState.await(RunningDatanodeState.java:50)
	at org.apache.hadoop.ozone.container.common.statemachine.StateContext.execute(StateContext.java:629)
	at org.apache.hadoop.ozone.container.common.statemachine.DatanodeStateMachine.start(DatanodeStateMachine.java:244)
	at org.apache.hadoop.ozone.container.common.statemachine.DatanodeStateMachine.lambda$startDaemon$0(DatanodeStateMachine.java:427)
	at java.lang.Thread.run(Thread.java:748)
Caused by: java.util.concurrent.TimeoutException
	at java.util.concurrent.FutureTask.get(FutureTask.java:205)
	at org.apache.hadoop.ozone.container.common.states.datanode.RunningDatanodeState.lambda$execute$0(RunningDatanodeState.java:149)
	at java.util.concurrent.FutureTask.run(FutureTask.java:266)
	at java.util.concurrent.Executors$RunnableAdapter.call(Executors.java:511)
	at java.util.concurrent.FutureTask.run(FutureTask.java:266)
	at java.util.concurrent.ThreadPoolExecutor.runWorker(ThreadPoolExecutor.java:1149)
	at java.util.concurrent.ThreadPoolExecutor$Worker.run(ThreadPoolExecutor.java:624)
	... 1 more
2021-06-09 09:33:23,181 [Listener at 127.0.0.1/10928] INFO  ha.SCMHAInvocationHandler (SCMHAInvocationHandler.java:invokeRatis(113)) - Invoking method public abstract void org.apache.hadoop.hdds.scm.container.ContainerStateManagerV2.addContainer(org.apache.hadoop.hdds.protocol.proto.HddsProtos$ContainerInfoProto) throws java.io.IOException on target org.apache.hadoop.hdds.scm.ha.SCMRatisServerImpl@7356e723, cost 4240.626us
2021-06-09 09:33:23,181 [e0e3eed1-d528-4a83-939c-b34003b9dea6@group-C9E251B369B0-StateMachineUpdater] INFO  ha.SCMStateMachine (SCMStateMachine.java:takeSnapshot(282)) - Current Snapshot Index 145, takeSnapshot took 0 ms
2021-06-09 09:33:23,181 [e0e3eed1-d528-4a83-939c-b34003b9dea6@group-C9E251B369B0-StateMachineUpdater] INFO  impl.StateMachineUpdater (StateMachineUpdater.java:takeSnapshot(281)) - e0e3eed1-d528-4a83-939c-b34003b9dea6@group-C9E251B369B0-StateMachineUpdater: Took a snapshot at index 145
2021-06-09 09:33:23,181 [e0e3eed1-d528-4a83-939c-b34003b9dea6@group-C9E251B369B0-StateMachineUpdater] INFO  impl.StateMachineUpdater (StateMachineUpdater.java:lambda$new$0(89)) - e0e3eed1-d528-4a83-939c-b34003b9dea6@group-C9E251B369B0-StateMachineUpdater: snapshotIndex: updateIncreasingly 140 -> 145
2021-06-09 09:33:23,181 [e0e3eed1-d528-4a83-939c-b34003b9dea6@group-C9E251B369B0-StateMachineUpdater] INFO  raftlog.RaftLog (RaftLogBase.java:purge(306)) - e0e3eed1-d528-4a83-939c-b34003b9dea6@group-C9E251B369B0-SegmentedRaftLog: purge 145
2021-06-09 09:33:23,181 [e0e3eed1-d528-4a83-939c-b34003b9dea6@group-C9E251B369B0-StateMachineUpdater] INFO  raftlog.RaftLog (RaftLogBase.java:lambda$new$0(53)) - e0e3eed1-d528-4a83-939c-b34003b9dea6@group-C9E251B369B0-SegmentedRaftLog: snapshotIndex: updateIncreasingly 140 -> 145
2021-06-09 09:33:23,181 [e0e3eed1-d528-4a83-939c-b34003b9dea6@group-C9E251B369B0-StateMachineUpdater] INFO  raftlog.RaftLog (RaftLogBase.java:lambda$new$0(53)) - e0e3eed1-d528-4a83-939c-b34003b9dea6@group-C9E251B369B0-SegmentedRaftLog: purgeIndex: updateToMax old=140, new=145, updated? true
2021-06-09 09:33:23,183 [943a282b-f1b6-4c47-b0d5-ac1d3ae1d1bb@group-C9E251B369B0-StateMachineUpdater] INFO  ha.SCMStateMachine (SCMStateMachine.java:takeSnapshot(282)) - Current Snapshot Index 145, takeSnapshot took 0 ms
2021-06-09 09:33:23,183 [943a282b-f1b6-4c47-b0d5-ac1d3ae1d1bb@group-C9E251B369B0-StateMachineUpdater] INFO  impl.StateMachineUpdater (StateMachineUpdater.java:takeSnapshot(281)) - 943a282b-f1b6-4c47-b0d5-ac1d3ae1d1bb@group-C9E251B369B0-StateMachineUpdater: Took a snapshot at index 145
2021-06-09 09:33:23,183 [943a282b-f1b6-4c47-b0d5-ac1d3ae1d1bb@group-C9E251B369B0-StateMachineUpdater] INFO  impl.StateMachineUpdater (StateMachineUpdater.java:lambda$new$0(89)) - 943a282b-f1b6-4c47-b0d5-ac1d3ae1d1bb@group-C9E251B369B0-StateMachineUpdater: snapshotIndex: updateIncreasingly 140 -> 145
2021-06-09 09:33:23,183 [943a282b-f1b6-4c47-b0d5-ac1d3ae1d1bb@group-C9E251B369B0-StateMachineUpdater] INFO  raftlog.RaftLog (RaftLogBase.java:purge(306)) - 943a282b-f1b6-4c47-b0d5-ac1d3ae1d1bb@group-C9E251B369B0-SegmentedRaftLog: purge 145
2021-06-09 09:33:23,183 [943a282b-f1b6-4c47-b0d5-ac1d3ae1d1bb@group-C9E251B369B0-StateMachineUpdater] INFO  raftlog.RaftLog (RaftLogBase.java:lambda$new$0(53)) - 943a282b-f1b6-4c47-b0d5-ac1d3ae1d1bb@group-C9E251B369B0-SegmentedRaftLog: snapshotIndex: updateIncreasingly 140 -> 145
2021-06-09 09:33:23,183 [943a282b-f1b6-4c47-b0d5-ac1d3ae1d1bb@group-C9E251B369B0-StateMachineUpdater] INFO  raftlog.RaftLog (RaftLogBase.java:lambda$new$0(53)) - 943a282b-f1b6-4c47-b0d5-ac1d3ae1d1bb@group-C9E251B369B0-SegmentedRaftLog: purgeIndex: updateToMax old=140, new=145, updated? true
2021-06-09 09:33:23,284 [Listener at 127.0.0.1/10928] INFO  ha.SCMHAInvocationHandler (SCMHAInvocationHandler.java:invokeRatis(113)) - Invoking method public abstract void org.apache.hadoop.hdds.scm.container.ContainerStateManagerV2.addContainer(org.apache.hadoop.hdds.protocol.proto.HddsProtos$ContainerInfoProto) throws java.io.IOException on target org.apache.hadoop.hdds.scm.ha.SCMRatisServerImpl@7356e723, cost 3260.82us
2021-06-09 09:33:23,294 [Datanode State Machine Thread - 0] ERROR datanode.RunningDatanodeState (RunningDatanodeState.java:computeNextContainerState(199)) - Error in executing end point task.
java.util.concurrent.ExecutionException: java.util.concurrent.TimeoutException
	at java.util.concurrent.FutureTask.report(FutureTask.java:122)
	at java.util.concurrent.FutureTask.get(FutureTask.java:192)
	at org.apache.hadoop.ozone.container.common.states.datanode.RunningDatanodeState.computeNextContainerState(RunningDatanodeState.java:191)
	at org.apache.hadoop.ozone.container.common.states.datanode.RunningDatanodeState.await(RunningDatanodeState.java:231)
	at org.apache.hadoop.ozone.container.common.states.datanode.RunningDatanodeState.await(RunningDatanodeState.java:50)
	at org.apache.hadoop.ozone.container.common.statemachine.StateContext.execute(StateContext.java:629)
	at org.apache.hadoop.ozone.container.common.statemachine.DatanodeStateMachine.start(DatanodeStateMachine.java:244)
	at org.apache.hadoop.ozone.container.common.statemachine.DatanodeStateMachine.lambda$startDaemon$0(DatanodeStateMachine.java:427)
	at java.lang.Thread.run(Thread.java:748)
Caused by: java.util.concurrent.TimeoutException
	at java.util.concurrent.FutureTask.get(FutureTask.java:205)
	at org.apache.hadoop.ozone.container.common.states.datanode.RunningDatanodeState.lambda$execute$0(RunningDatanodeState.java:149)
	at java.util.concurrent.FutureTask.run(FutureTask.java:266)
	at java.util.concurrent.Executors$RunnableAdapter.call(Executors.java:511)
	at java.util.concurrent.FutureTask.run(FutureTask.java:266)
	at java.util.concurrent.ThreadPoolExecutor.runWorker(ThreadPoolExecutor.java:1149)
	at java.util.concurrent.ThreadPoolExecutor$Worker.run(ThreadPoolExecutor.java:624)
	... 1 more
2021-06-09 09:33:23,389 [Listener at 127.0.0.1/10928] INFO  ha.SCMHAInvocationHandler (SCMHAInvocationHandler.java:invokeRatis(113)) - Invoking method public abstract void org.apache.hadoop.hdds.scm.container.ContainerStateManagerV2.addContainer(org.apache.hadoop.hdds.protocol.proto.HddsProtos$ContainerInfoProto) throws java.io.IOException on target org.apache.hadoop.hdds.scm.ha.SCMRatisServerImpl@7356e723, cost 3959.624us
2021-06-09 09:33:23,391 [e0e3eed1-d528-4a83-939c-b34003b9dea6@group-C9E251B369B0-StateMachineUpdater] INFO  ha.SCMStateMachine (SCMStateMachine.java:takeSnapshot(282)) - Current Snapshot Index 150, takeSnapshot took 0 ms
2021-06-09 09:33:23,391 [e0e3eed1-d528-4a83-939c-b34003b9dea6@group-C9E251B369B0-StateMachineUpdater] INFO  impl.StateMachineUpdater (StateMachineUpdater.java:takeSnapshot(281)) - e0e3eed1-d528-4a83-939c-b34003b9dea6@group-C9E251B369B0-StateMachineUpdater: Took a snapshot at index 150
2021-06-09 09:33:23,391 [e0e3eed1-d528-4a83-939c-b34003b9dea6@group-C9E251B369B0-StateMachineUpdater] INFO  impl.StateMachineUpdater (StateMachineUpdater.java:lambda$new$0(89)) - e0e3eed1-d528-4a83-939c-b34003b9dea6@group-C9E251B369B0-StateMachineUpdater: snapshotIndex: updateIncreasingly 145 -> 150
2021-06-09 09:33:23,391 [e0e3eed1-d528-4a83-939c-b34003b9dea6@group-C9E251B369B0-StateMachineUpdater] INFO  raftlog.RaftLog (RaftLogBase.java:purge(306)) - e0e3eed1-d528-4a83-939c-b34003b9dea6@group-C9E251B369B0-SegmentedRaftLog: purge 150
2021-06-09 09:33:23,391 [e0e3eed1-d528-4a83-939c-b34003b9dea6@group-C9E251B369B0-StateMachineUpdater] INFO  raftlog.RaftLog (RaftLogBase.java:lambda$new$0(53)) - e0e3eed1-d528-4a83-939c-b34003b9dea6@group-C9E251B369B0-SegmentedRaftLog: snapshotIndex: updateIncreasingly 145 -> 150
2021-06-09 09:33:23,391 [e0e3eed1-d528-4a83-939c-b34003b9dea6@group-C9E251B369B0-StateMachineUpdater] INFO  raftlog.RaftLog (RaftLogBase.java:lambda$new$0(53)) - e0e3eed1-d528-4a83-939c-b34003b9dea6@group-C9E251B369B0-SegmentedRaftLog: purgeIndex: updateToMax old=145, new=150, updated? true
2021-06-09 09:33:23,491 [943a282b-f1b6-4c47-b0d5-ac1d3ae1d1bb@group-C9E251B369B0-StateMachineUpdater] INFO  ha.SCMStateMachine (SCMStateMachine.java:takeSnapshot(282)) - Current Snapshot Index 150, takeSnapshot took 0 ms
2021-06-09 09:33:23,492 [943a282b-f1b6-4c47-b0d5-ac1d3ae1d1bb@group-C9E251B369B0-StateMachineUpdater] INFO  impl.StateMachineUpdater (StateMachineUpdater.java:takeSnapshot(281)) - 943a282b-f1b6-4c47-b0d5-ac1d3ae1d1bb@group-C9E251B369B0-StateMachineUpdater: Took a snapshot at index 150
2021-06-09 09:33:23,492 [943a282b-f1b6-4c47-b0d5-ac1d3ae1d1bb@group-C9E251B369B0-StateMachineUpdater] INFO  impl.StateMachineUpdater (StateMachineUpdater.java:lambda$new$0(89)) - 943a282b-f1b6-4c47-b0d5-ac1d3ae1d1bb@group-C9E251B369B0-StateMachineUpdater: snapshotIndex: updateIncreasingly 145 -> 150
2021-06-09 09:33:23,492 [943a282b-f1b6-4c47-b0d5-ac1d3ae1d1bb@group-C9E251B369B0-StateMachineUpdater] INFO  raftlog.RaftLog (RaftLogBase.java:purge(306)) - 943a282b-f1b6-4c47-b0d5-ac1d3ae1d1bb@group-C9E251B369B0-SegmentedRaftLog: purge 150
2021-06-09 09:33:23,492 [943a282b-f1b6-4c47-b0d5-ac1d3ae1d1bb@group-C9E251B369B0-StateMachineUpdater] INFO  raftlog.RaftLog (RaftLogBase.java:lambda$new$0(53)) - 943a282b-f1b6-4c47-b0d5-ac1d3ae1d1bb@group-C9E251B369B0-SegmentedRaftLog: snapshotIndex: updateIncreasingly 145 -> 150
2021-06-09 09:33:23,492 [943a282b-f1b6-4c47-b0d5-ac1d3ae1d1bb@group-C9E251B369B0-StateMachineUpdater] INFO  raftlog.RaftLog (RaftLogBase.java:lambda$new$0(53)) - 943a282b-f1b6-4c47-b0d5-ac1d3ae1d1bb@group-C9E251B369B0-SegmentedRaftLog: purgeIndex: updateToMax old=145, new=150, updated? true
2021-06-09 09:33:23,493 [Listener at 127.0.0.1/10928] INFO  ha.SCMHAInvocationHandler (SCMHAInvocationHandler.java:invokeRatis(113)) - Invoking method public abstract void org.apache.hadoop.hdds.scm.container.ContainerStateManagerV2.addContainer(org.apache.hadoop.hdds.protocol.proto.HddsProtos$ContainerInfoProto) throws java.io.IOException on target org.apache.hadoop.hdds.scm.ha.SCMRatisServerImpl@7356e723, cost 3588.822us
2021-06-09 09:33:23,597 [Listener at 127.0.0.1/10928] INFO  ha.SCMHAInvocationHandler (SCMHAInvocationHandler.java:invokeRatis(113)) - Invoking method public abstract void org.apache.hadoop.hdds.scm.container.ContainerStateManagerV2.addContainer(org.apache.hadoop.hdds.protocol.proto.HddsProtos$ContainerInfoProto) throws java.io.IOException on target org.apache.hadoop.hdds.scm.ha.SCMRatisServerImpl@7356e723, cost 3738.723us
2021-06-09 09:33:23,701 [e0e3eed1-d528-4a83-939c-b34003b9dea6@group-C9E251B369B0-StateMachineUpdater] INFO  ha.SCMStateMachine (SCMStateMachine.java:takeSnapshot(282)) - Current Snapshot Index 155, takeSnapshot took 0 ms
2021-06-09 09:33:23,701 [e0e3eed1-d528-4a83-939c-b34003b9dea6@group-C9E251B369B0-StateMachineUpdater] INFO  impl.StateMachineUpdater (StateMachineUpdater.java:takeSnapshot(281)) - e0e3eed1-d528-4a83-939c-b34003b9dea6@group-C9E251B369B0-StateMachineUpdater: Took a snapshot at index 155
2021-06-09 09:33:23,701 [e0e3eed1-d528-4a83-939c-b34003b9dea6@group-C9E251B369B0-StateMachineUpdater] INFO  impl.StateMachineUpdater (StateMachineUpdater.java:lambda$new$0(89)) - e0e3eed1-d528-4a83-939c-b34003b9dea6@group-C9E251B369B0-StateMachineUpdater: snapshotIndex: updateIncreasingly 150 -> 155
2021-06-09 09:33:23,701 [e0e3eed1-d528-4a83-939c-b34003b9dea6@group-C9E251B369B0-StateMachineUpdater] INFO  raftlog.RaftLog (RaftLogBase.java:purge(306)) - e0e3eed1-d528-4a83-939c-b34003b9dea6@group-C9E251B369B0-SegmentedRaftLog: purge 155
2021-06-09 09:33:23,701 [e0e3eed1-d528-4a83-939c-b34003b9dea6@group-C9E251B369B0-StateMachineUpdater] INFO  raftlog.RaftLog (RaftLogBase.java:lambda$new$0(53)) - e0e3eed1-d528-4a83-939c-b34003b9dea6@group-C9E251B369B0-SegmentedRaftLog: snapshotIndex: updateIncreasingly 150 -> 155
2021-06-09 09:33:23,701 [e0e3eed1-d528-4a83-939c-b34003b9dea6@group-C9E251B369B0-StateMachineUpdater] INFO  raftlog.RaftLog (RaftLogBase.java:lambda$new$0(53)) - e0e3eed1-d528-4a83-939c-b34003b9dea6@group-C9E251B369B0-SegmentedRaftLog: purgeIndex: updateToMax old=150, new=155, updated? true
2021-06-09 09:33:23,702 [Listener at 127.0.0.1/10928] INFO  ha.SCMHAInvocationHandler (SCMHAInvocationHandler.java:invokeRatis(113)) - Invoking method public abstract void org.apache.hadoop.hdds.scm.container.ContainerStateManagerV2.addContainer(org.apache.hadoop.hdds.protocol.proto.HddsProtos$ContainerInfoProto) throws java.io.IOException on target org.apache.hadoop.hdds.scm.ha.SCMRatisServerImpl@7356e723, cost 3875.723us
2021-06-09 09:33:23,703 [943a282b-f1b6-4c47-b0d5-ac1d3ae1d1bb@group-C9E251B369B0-StateMachineUpdater] INFO  ha.SCMStateMachine (SCMStateMachine.java:takeSnapshot(282)) - Current Snapshot Index 155, takeSnapshot took 0 ms
2021-06-09 09:33:23,704 [943a282b-f1b6-4c47-b0d5-ac1d3ae1d1bb@group-C9E251B369B0-StateMachineUpdater] INFO  impl.StateMachineUpdater (StateMachineUpdater.java:takeSnapshot(281)) - 943a282b-f1b6-4c47-b0d5-ac1d3ae1d1bb@group-C9E251B369B0-StateMachineUpdater: Took a snapshot at index 155
2021-06-09 09:33:23,704 [943a282b-f1b6-4c47-b0d5-ac1d3ae1d1bb@group-C9E251B369B0-StateMachineUpdater] INFO  impl.StateMachineUpdater (StateMachineUpdater.java:lambda$new$0(89)) - 943a282b-f1b6-4c47-b0d5-ac1d3ae1d1bb@group-C9E251B369B0-StateMachineUpdater: snapshotIndex: updateIncreasingly 150 -> 155
2021-06-09 09:33:23,704 [943a282b-f1b6-4c47-b0d5-ac1d3ae1d1bb@group-C9E251B369B0-StateMachineUpdater] INFO  raftlog.RaftLog (RaftLogBase.java:purge(306)) - 943a282b-f1b6-4c47-b0d5-ac1d3ae1d1bb@group-C9E251B369B0-SegmentedRaftLog: purge 155
2021-06-09 09:33:23,704 [943a282b-f1b6-4c47-b0d5-ac1d3ae1d1bb@group-C9E251B369B0-StateMachineUpdater] INFO  raftlog.RaftLog (RaftLogBase.java:lambda$new$0(53)) - 943a282b-f1b6-4c47-b0d5-ac1d3ae1d1bb@group-C9E251B369B0-SegmentedRaftLog: snapshotIndex: updateIncreasingly 150 -> 155
2021-06-09 09:33:23,704 [943a282b-f1b6-4c47-b0d5-ac1d3ae1d1bb@group-C9E251B369B0-StateMachineUpdater] INFO  raftlog.RaftLog (RaftLogBase.java:lambda$new$0(53)) - 943a282b-f1b6-4c47-b0d5-ac1d3ae1d1bb@group-C9E251B369B0-SegmentedRaftLog: purgeIndex: updateToMax old=150, new=155, updated? true
2021-06-09 09:33:23,806 [Listener at 127.0.0.1/10928] INFO  ha.SCMHAInvocationHandler (SCMHAInvocationHandler.java:invokeRatis(113)) - Invoking method public abstract void org.apache.hadoop.hdds.scm.container.ContainerStateManagerV2.addContainer(org.apache.hadoop.hdds.protocol.proto.HddsProtos$ContainerInfoProto) throws java.io.IOException on target org.apache.hadoop.hdds.scm.ha.SCMRatisServerImpl@7356e723, cost 3448.921us
2021-06-09 09:33:23,910 [Listener at 127.0.0.1/10928] INFO  ha.SCMHAInvocationHandler (SCMHAInvocationHandler.java:invokeRatis(113)) - Invoking method public abstract void org.apache.hadoop.hdds.scm.container.ContainerStateManagerV2.addContainer(org.apache.hadoop.hdds.protocol.proto.HddsProtos$ContainerInfoProto) throws java.io.IOException on target org.apache.hadoop.hdds.scm.ha.SCMRatisServerImpl@7356e723, cost 3907.324us
2021-06-09 09:33:23,912 [e0e3eed1-d528-4a83-939c-b34003b9dea6@group-C9E251B369B0-StateMachineUpdater] INFO  ha.SCMStateMachine (SCMStateMachine.java:takeSnapshot(282)) - Current Snapshot Index 160, takeSnapshot took 0 ms
2021-06-09 09:33:23,912 [e0e3eed1-d528-4a83-939c-b34003b9dea6@group-C9E251B369B0-StateMachineUpdater] INFO  impl.StateMachineUpdater (StateMachineUpdater.java:takeSnapshot(281)) - e0e3eed1-d528-4a83-939c-b34003b9dea6@group-C9E251B369B0-StateMachineUpdater: Took a snapshot at index 160
2021-06-09 09:33:23,912 [e0e3eed1-d528-4a83-939c-b34003b9dea6@group-C9E251B369B0-StateMachineUpdater] INFO  impl.StateMachineUpdater (StateMachineUpdater.java:lambda$new$0(89)) - e0e3eed1-d528-4a83-939c-b34003b9dea6@group-C9E251B369B0-StateMachineUpdater: snapshotIndex: updateIncreasingly 155 -> 160
2021-06-09 09:33:23,912 [e0e3eed1-d528-4a83-939c-b34003b9dea6@group-C9E251B369B0-StateMachineUpdater] INFO  raftlog.RaftLog (RaftLogBase.java:purge(306)) - e0e3eed1-d528-4a83-939c-b34003b9dea6@group-C9E251B369B0-SegmentedRaftLog: purge 160
2021-06-09 09:33:23,912 [e0e3eed1-d528-4a83-939c-b34003b9dea6@group-C9E251B369B0-StateMachineUpdater] INFO  raftlog.RaftLog (RaftLogBase.java:lambda$new$0(53)) - e0e3eed1-d528-4a83-939c-b34003b9dea6@group-C9E251B369B0-SegmentedRaftLog: snapshotIndex: updateIncreasingly 155 -> 160
2021-06-09 09:33:23,912 [e0e3eed1-d528-4a83-939c-b34003b9dea6@group-C9E251B369B0-StateMachineUpdater] INFO  raftlog.RaftLog (RaftLogBase.java:lambda$new$0(53)) - e0e3eed1-d528-4a83-939c-b34003b9dea6@group-C9E251B369B0-SegmentedRaftLog: purgeIndex: updateToMax old=155, new=160, updated? true
2021-06-09 09:33:24,013 [943a282b-f1b6-4c47-b0d5-ac1d3ae1d1bb@group-C9E251B369B0-StateMachineUpdater] INFO  ha.SCMStateMachine (SCMStateMachine.java:takeSnapshot(282)) - Current Snapshot Index 160, takeSnapshot took 0 ms
2021-06-09 09:33:24,013 [943a282b-f1b6-4c47-b0d5-ac1d3ae1d1bb@group-C9E251B369B0-StateMachineUpdater] INFO  impl.StateMachineUpdater (StateMachineUpdater.java:takeSnapshot(281)) - 943a282b-f1b6-4c47-b0d5-ac1d3ae1d1bb@group-C9E251B369B0-StateMachineUpdater: Took a snapshot at index 160
2021-06-09 09:33:24,013 [943a282b-f1b6-4c47-b0d5-ac1d3ae1d1bb@group-C9E251B369B0-StateMachineUpdater] INFO  impl.StateMachineUpdater (StateMachineUpdater.java:lambda$new$0(89)) - 943a282b-f1b6-4c47-b0d5-ac1d3ae1d1bb@group-C9E251B369B0-StateMachineUpdater: snapshotIndex: updateIncreasingly 155 -> 160
2021-06-09 09:33:24,013 [943a282b-f1b6-4c47-b0d5-ac1d3ae1d1bb@group-C9E251B369B0-StateMachineUpdater] INFO  raftlog.RaftLog (RaftLogBase.java:purge(306)) - 943a282b-f1b6-4c47-b0d5-ac1d3ae1d1bb@group-C9E251B369B0-SegmentedRaftLog: purge 160
2021-06-09 09:33:24,013 [943a282b-f1b6-4c47-b0d5-ac1d3ae1d1bb@group-C9E251B369B0-StateMachineUpdater] INFO  raftlog.RaftLog (RaftLogBase.java:lambda$new$0(53)) - 943a282b-f1b6-4c47-b0d5-ac1d3ae1d1bb@group-C9E251B369B0-SegmentedRaftLog: snapshotIndex: updateIncreasingly 155 -> 160
2021-06-09 09:33:24,013 [943a282b-f1b6-4c47-b0d5-ac1d3ae1d1bb@group-C9E251B369B0-StateMachineUpdater] INFO  raftlog.RaftLog (RaftLogBase.java:lambda$new$0(53)) - 943a282b-f1b6-4c47-b0d5-ac1d3ae1d1bb@group-C9E251B369B0-SegmentedRaftLog: purgeIndex: updateToMax old=155, new=160, updated? true
2021-06-09 09:33:24,015 [Listener at 127.0.0.1/10928] INFO  ha.SCMHAInvocationHandler (SCMHAInvocationHandler.java:invokeRatis(113)) - Invoking method public abstract void org.apache.hadoop.hdds.scm.container.ContainerStateManagerV2.addContainer(org.apache.hadoop.hdds.protocol.proto.HddsProtos$ContainerInfoProto) throws java.io.IOException on target org.apache.hadoop.hdds.scm.ha.SCMRatisServerImpl@7356e723, cost 4221.626us
2021-06-09 09:33:24,120 [Listener at 127.0.0.1/10928] INFO  ha.SCMHAInvocationHandler (SCMHAInvocationHandler.java:invokeRatis(113)) - Invoking method public abstract void org.apache.hadoop.hdds.scm.container.ContainerStateManagerV2.addContainer(org.apache.hadoop.hdds.protocol.proto.HddsProtos$ContainerInfoProto) throws java.io.IOException on target org.apache.hadoop.hdds.scm.ha.SCMRatisServerImpl@7356e723, cost 4418.827us
2021-06-09 09:33:24,224 [e0e3eed1-d528-4a83-939c-b34003b9dea6@group-C9E251B369B0-StateMachineUpdater] INFO  ha.SCMStateMachine (SCMStateMachine.java:takeSnapshot(282)) - Current Snapshot Index 165, takeSnapshot took 1 ms
2021-06-09 09:33:24,224 [e0e3eed1-d528-4a83-939c-b34003b9dea6@group-C9E251B369B0-StateMachineUpdater] INFO  impl.StateMachineUpdater (StateMachineUpdater.java:takeSnapshot(281)) - e0e3eed1-d528-4a83-939c-b34003b9dea6@group-C9E251B369B0-StateMachineUpdater: Took a snapshot at index 165
2021-06-09 09:33:24,224 [e0e3eed1-d528-4a83-939c-b34003b9dea6@group-C9E251B369B0-StateMachineUpdater] INFO  impl.StateMachineUpdater (StateMachineUpdater.java:lambda$new$0(89)) - e0e3eed1-d528-4a83-939c-b34003b9dea6@group-C9E251B369B0-StateMachineUpdater: snapshotIndex: updateIncreasingly 160 -> 165
2021-06-09 09:33:24,224 [e0e3eed1-d528-4a83-939c-b34003b9dea6@group-C9E251B369B0-StateMachineUpdater] INFO  raftlog.RaftLog (RaftLogBase.java:purge(306)) - e0e3eed1-d528-4a83-939c-b34003b9dea6@group-C9E251B369B0-SegmentedRaftLog: purge 165
2021-06-09 09:33:24,224 [e0e3eed1-d528-4a83-939c-b34003b9dea6@group-C9E251B369B0-StateMachineUpdater] INFO  raftlog.RaftLog (RaftLogBase.java:lambda$new$0(53)) - e0e3eed1-d528-4a83-939c-b34003b9dea6@group-C9E251B369B0-SegmentedRaftLog: snapshotIndex: updateIncreasingly 160 -> 165
2021-06-09 09:33:24,224 [e0e3eed1-d528-4a83-939c-b34003b9dea6@group-C9E251B369B0-StateMachineUpdater] INFO  raftlog.RaftLog (RaftLogBase.java:lambda$new$0(53)) - e0e3eed1-d528-4a83-939c-b34003b9dea6@group-C9E251B369B0-SegmentedRaftLog: purgeIndex: updateToMax old=160, new=165, updated? true
2021-06-09 09:33:24,224 [Listener at 127.0.0.1/10928] INFO  ha.SCMHAInvocationHandler (SCMHAInvocationHandler.java:invokeRatis(113)) - Invoking method public abstract void org.apache.hadoop.hdds.scm.container.ContainerStateManagerV2.addContainer(org.apache.hadoop.hdds.protocol.proto.HddsProtos$ContainerInfoProto) throws java.io.IOException on target org.apache.hadoop.hdds.scm.ha.SCMRatisServerImpl@7356e723, cost 3792.623us
2021-06-09 09:33:24,226 [943a282b-f1b6-4c47-b0d5-ac1d3ae1d1bb@group-C9E251B369B0-StateMachineUpdater] INFO  ha.SCMStateMachine (SCMStateMachine.java:takeSnapshot(282)) - Current Snapshot Index 165, takeSnapshot took 0 ms
2021-06-09 09:33:24,226 [943a282b-f1b6-4c47-b0d5-ac1d3ae1d1bb@group-C9E251B369B0-StateMachineUpdater] INFO  impl.StateMachineUpdater (StateMachineUpdater.java:takeSnapshot(281)) - 943a282b-f1b6-4c47-b0d5-ac1d3ae1d1bb@group-C9E251B369B0-StateMachineUpdater: Took a snapshot at index 165
2021-06-09 09:33:24,226 [943a282b-f1b6-4c47-b0d5-ac1d3ae1d1bb@group-C9E251B369B0-StateMachineUpdater] INFO  impl.StateMachineUpdater (StateMachineUpdater.java:lambda$new$0(89)) - 943a282b-f1b6-4c47-b0d5-ac1d3ae1d1bb@group-C9E251B369B0-StateMachineUpdater: snapshotIndex: updateIncreasingly 160 -> 165
2021-06-09 09:33:24,226 [943a282b-f1b6-4c47-b0d5-ac1d3ae1d1bb@group-C9E251B369B0-StateMachineUpdater] INFO  raftlog.RaftLog (RaftLogBase.java:purge(306)) - 943a282b-f1b6-4c47-b0d5-ac1d3ae1d1bb@group-C9E251B369B0-SegmentedRaftLog: purge 165
2021-06-09 09:33:24,226 [943a282b-f1b6-4c47-b0d5-ac1d3ae1d1bb@group-C9E251B369B0-StateMachineUpdater] INFO  raftlog.RaftLog (RaftLogBase.java:lambda$new$0(53)) - 943a282b-f1b6-4c47-b0d5-ac1d3ae1d1bb@group-C9E251B369B0-SegmentedRaftLog: snapshotIndex: updateIncreasingly 160 -> 165
2021-06-09 09:33:24,226 [943a282b-f1b6-4c47-b0d5-ac1d3ae1d1bb@group-C9E251B369B0-StateMachineUpdater] INFO  raftlog.RaftLog (RaftLogBase.java:lambda$new$0(53)) - 943a282b-f1b6-4c47-b0d5-ac1d3ae1d1bb@group-C9E251B369B0-SegmentedRaftLog: purgeIndex: updateToMax old=160, new=165, updated? true
2021-06-09 09:33:24,296 [Datanode State Machine Thread - 0] ERROR datanode.RunningDatanodeState (RunningDatanodeState.java:computeNextContainerState(199)) - Error in executing end point task.
java.util.concurrent.ExecutionException: java.util.concurrent.TimeoutException
	at java.util.concurrent.FutureTask.report(FutureTask.java:122)
	at java.util.concurrent.FutureTask.get(FutureTask.java:192)
	at org.apache.hadoop.ozone.container.common.states.datanode.RunningDatanodeState.computeNextContainerState(RunningDatanodeState.java:191)
	at org.apache.hadoop.ozone.container.common.states.datanode.RunningDatanodeState.await(RunningDatanodeState.java:231)
	at org.apache.hadoop.ozone.container.common.states.datanode.RunningDatanodeState.await(RunningDatanodeState.java:50)
	at org.apache.hadoop.ozone.container.common.statemachine.StateContext.execute(StateContext.java:629)
	at org.apache.hadoop.ozone.container.common.statemachine.DatanodeStateMachine.start(DatanodeStateMachine.java:244)
	at org.apache.hadoop.ozone.container.common.statemachine.DatanodeStateMachine.lambda$startDaemon$0(DatanodeStateMachine.java:427)
	at java.lang.Thread.run(Thread.java:748)
Caused by: java.util.concurrent.TimeoutException
	at java.util.concurrent.FutureTask.get(FutureTask.java:205)
	at org.apache.hadoop.ozone.container.common.states.datanode.RunningDatanodeState.lambda$execute$0(RunningDatanodeState.java:149)
	at java.util.concurrent.FutureTask.run(FutureTask.java:266)
	at java.util.concurrent.Executors$RunnableAdapter.call(Executors.java:511)
	at java.util.concurrent.FutureTask.run(FutureTask.java:266)
	at java.util.concurrent.ThreadPoolExecutor.runWorker(ThreadPoolExecutor.java:1149)
	at java.util.concurrent.ThreadPoolExecutor$Worker.run(ThreadPoolExecutor.java:624)
	... 1 more
2021-06-09 09:33:24,329 [Listener at 127.0.0.1/10928] INFO  ha.SCMHAInvocationHandler (SCMHAInvocationHandler.java:invokeRatis(113)) - Invoking method public abstract void org.apache.hadoop.hdds.scm.container.ContainerStateManagerV2.addContainer(org.apache.hadoop.hdds.protocol.proto.HddsProtos$ContainerInfoProto) throws java.io.IOException on target org.apache.hadoop.hdds.scm.ha.SCMRatisServerImpl@7356e723, cost 3582.522us
2021-06-09 09:33:24,433 [Listener at 127.0.0.1/10928] INFO  ha.SCMHAInvocationHandler (SCMHAInvocationHandler.java:invokeRatis(113)) - Invoking method public abstract void org.apache.hadoop.hdds.scm.container.ContainerStateManagerV2.addContainer(org.apache.hadoop.hdds.protocol.proto.HddsProtos$ContainerInfoProto) throws java.io.IOException on target org.apache.hadoop.hdds.scm.ha.SCMRatisServerImpl@7356e723, cost 3583.422us
2021-06-09 09:33:24,438 [e0e3eed1-d528-4a83-939c-b34003b9dea6@group-C9E251B369B0-StateMachineUpdater] INFO  ha.SCMStateMachine (SCMStateMachine.java:takeSnapshot(282)) - Current Snapshot Index 170, takeSnapshot took 0 ms
2021-06-09 09:33:24,438 [e0e3eed1-d528-4a83-939c-b34003b9dea6@group-C9E251B369B0-StateMachineUpdater] INFO  impl.StateMachineUpdater (StateMachineUpdater.java:takeSnapshot(281)) - e0e3eed1-d528-4a83-939c-b34003b9dea6@group-C9E251B369B0-StateMachineUpdater: Took a snapshot at index 170
2021-06-09 09:33:24,438 [e0e3eed1-d528-4a83-939c-b34003b9dea6@group-C9E251B369B0-StateMachineUpdater] INFO  impl.StateMachineUpdater (StateMachineUpdater.java:lambda$new$0(89)) - e0e3eed1-d528-4a83-939c-b34003b9dea6@group-C9E251B369B0-StateMachineUpdater: snapshotIndex: updateIncreasingly 165 -> 170
2021-06-09 09:33:24,438 [e0e3eed1-d528-4a83-939c-b34003b9dea6@group-C9E251B369B0-StateMachineUpdater] INFO  raftlog.RaftLog (RaftLogBase.java:purge(306)) - e0e3eed1-d528-4a83-939c-b34003b9dea6@group-C9E251B369B0-SegmentedRaftLog: purge 170
2021-06-09 09:33:24,438 [e0e3eed1-d528-4a83-939c-b34003b9dea6@group-C9E251B369B0-StateMachineUpdater] INFO  raftlog.RaftLog (RaftLogBase.java:lambda$new$0(53)) - e0e3eed1-d528-4a83-939c-b34003b9dea6@group-C9E251B369B0-SegmentedRaftLog: snapshotIndex: updateIncreasingly 165 -> 170
2021-06-09 09:33:24,438 [e0e3eed1-d528-4a83-939c-b34003b9dea6@group-C9E251B369B0-StateMachineUpdater] INFO  raftlog.RaftLog (RaftLogBase.java:lambda$new$0(53)) - e0e3eed1-d528-4a83-939c-b34003b9dea6@group-C9E251B369B0-SegmentedRaftLog: purgeIndex: updateToMax old=165, new=170, updated? true
2021-06-09 09:33:24,535 [943a282b-f1b6-4c47-b0d5-ac1d3ae1d1bb@group-C9E251B369B0-StateMachineUpdater] INFO  ha.SCMStateMachine (SCMStateMachine.java:takeSnapshot(282)) - Current Snapshot Index 170, takeSnapshot took 0 ms
2021-06-09 09:33:24,535 [943a282b-f1b6-4c47-b0d5-ac1d3ae1d1bb@group-C9E251B369B0-StateMachineUpdater] INFO  impl.StateMachineUpdater (StateMachineUpdater.java:takeSnapshot(281)) - 943a282b-f1b6-4c47-b0d5-ac1d3ae1d1bb@group-C9E251B369B0-StateMachineUpdater: Took a snapshot at index 170
2021-06-09 09:33:24,535 [943a282b-f1b6-4c47-b0d5-ac1d3ae1d1bb@group-C9E251B369B0-StateMachineUpdater] INFO  impl.StateMachineUpdater (StateMachineUpdater.java:lambda$new$0(89)) - 943a282b-f1b6-4c47-b0d5-ac1d3ae1d1bb@group-C9E251B369B0-StateMachineUpdater: snapshotIndex: updateIncreasingly 165 -> 170
2021-06-09 09:33:24,535 [943a282b-f1b6-4c47-b0d5-ac1d3ae1d1bb@group-C9E251B369B0-StateMachineUpdater] INFO  raftlog.RaftLog (RaftLogBase.java:purge(306)) - 943a282b-f1b6-4c47-b0d5-ac1d3ae1d1bb@group-C9E251B369B0-SegmentedRaftLog: purge 170
2021-06-09 09:33:24,535 [943a282b-f1b6-4c47-b0d5-ac1d3ae1d1bb@group-C9E251B369B0-StateMachineUpdater] INFO  raftlog.RaftLog (RaftLogBase.java:lambda$new$0(53)) - 943a282b-f1b6-4c47-b0d5-ac1d3ae1d1bb@group-C9E251B369B0-SegmentedRaftLog: snapshotIndex: updateIncreasingly 165 -> 170
2021-06-09 09:33:24,535 [943a282b-f1b6-4c47-b0d5-ac1d3ae1d1bb@group-C9E251B369B0-StateMachineUpdater] INFO  raftlog.RaftLog (RaftLogBase.java:lambda$new$0(53)) - 943a282b-f1b6-4c47-b0d5-ac1d3ae1d1bb@group-C9E251B369B0-SegmentedRaftLog: purgeIndex: updateToMax old=165, new=170, updated? true
2021-06-09 09:33:24,536 [Listener at 127.0.0.1/10928] INFO  ha.SCMHAInvocationHandler (SCMHAInvocationHandler.java:invokeRatis(113)) - Invoking method public abstract void org.apache.hadoop.hdds.scm.container.ContainerStateManagerV2.addContainer(org.apache.hadoop.hdds.protocol.proto.HddsProtos$ContainerInfoProto) throws java.io.IOException on target org.apache.hadoop.hdds.scm.ha.SCMRatisServerImpl@7356e723, cost 3172.619us
2021-06-09 09:33:24,652 [Listener at 127.0.0.1/10928] INFO  ha.SCMHAInvocationHandler (SCMHAInvocationHandler.java:invokeRatis(113)) - Invoking method public abstract void org.apache.hadoop.hdds.scm.container.ContainerStateManagerV2.addContainer(org.apache.hadoop.hdds.protocol.proto.HddsProtos$ContainerInfoProto) throws java.io.IOException on target org.apache.hadoop.hdds.scm.ha.SCMRatisServerImpl@7356e723, cost 13118.979us
2021-06-09 09:33:24,756 [e0e3eed1-d528-4a83-939c-b34003b9dea6@group-C9E251B369B0-StateMachineUpdater] INFO  ha.SCMStateMachine (SCMStateMachine.java:takeSnapshot(282)) - Current Snapshot Index 175, takeSnapshot took 0 ms
2021-06-09 09:33:24,756 [e0e3eed1-d528-4a83-939c-b34003b9dea6@group-C9E251B369B0-StateMachineUpdater] INFO  impl.StateMachineUpdater (StateMachineUpdater.java:takeSnapshot(281)) - e0e3eed1-d528-4a83-939c-b34003b9dea6@group-C9E251B369B0-StateMachineUpdater: Took a snapshot at index 175
2021-06-09 09:33:24,756 [e0e3eed1-d528-4a83-939c-b34003b9dea6@group-C9E251B369B0-StateMachineUpdater] INFO  impl.StateMachineUpdater (StateMachineUpdater.java:lambda$new$0(89)) - e0e3eed1-d528-4a83-939c-b34003b9dea6@group-C9E251B369B0-StateMachineUpdater: snapshotIndex: updateIncreasingly 170 -> 175
2021-06-09 09:33:24,756 [e0e3eed1-d528-4a83-939c-b34003b9dea6@group-C9E251B369B0-StateMachineUpdater] INFO  raftlog.RaftLog (RaftLogBase.java:purge(306)) - e0e3eed1-d528-4a83-939c-b34003b9dea6@group-C9E251B369B0-SegmentedRaftLog: purge 175
2021-06-09 09:33:24,756 [e0e3eed1-d528-4a83-939c-b34003b9dea6@group-C9E251B369B0-StateMachineUpdater] INFO  raftlog.RaftLog (RaftLogBase.java:lambda$new$0(53)) - e0e3eed1-d528-4a83-939c-b34003b9dea6@group-C9E251B369B0-SegmentedRaftLog: snapshotIndex: updateIncreasingly 170 -> 175
2021-06-09 09:33:24,756 [e0e3eed1-d528-4a83-939c-b34003b9dea6@group-C9E251B369B0-StateMachineUpdater] INFO  raftlog.RaftLog (RaftLogBase.java:lambda$new$0(53)) - e0e3eed1-d528-4a83-939c-b34003b9dea6@group-C9E251B369B0-SegmentedRaftLog: purgeIndex: updateToMax old=170, new=175, updated? true
2021-06-09 09:33:24,756 [Listener at 127.0.0.1/10928] INFO  ha.SCMHAInvocationHandler (SCMHAInvocationHandler.java:invokeRatis(113)) - Invoking method public abstract void org.apache.hadoop.hdds.scm.container.ContainerStateManagerV2.addContainer(org.apache.hadoop.hdds.protocol.proto.HddsProtos$ContainerInfoProto) throws java.io.IOException on target org.apache.hadoop.hdds.scm.ha.SCMRatisServerImpl@7356e723, cost 3602.522us
2021-06-09 09:33:24,759 [943a282b-f1b6-4c47-b0d5-ac1d3ae1d1bb@group-C9E251B369B0-StateMachineUpdater] INFO  ha.SCMStateMachine (SCMStateMachine.java:takeSnapshot(282)) - Current Snapshot Index 175, takeSnapshot took 0 ms
2021-06-09 09:33:24,759 [943a282b-f1b6-4c47-b0d5-ac1d3ae1d1bb@group-C9E251B369B0-StateMachineUpdater] INFO  impl.StateMachineUpdater (StateMachineUpdater.java:takeSnapshot(281)) - 943a282b-f1b6-4c47-b0d5-ac1d3ae1d1bb@group-C9E251B369B0-StateMachineUpdater: Took a snapshot at index 175
2021-06-09 09:33:24,759 [943a282b-f1b6-4c47-b0d5-ac1d3ae1d1bb@group-C9E251B369B0-StateMachineUpdater] INFO  impl.StateMachineUpdater (StateMachineUpdater.java:lambda$new$0(89)) - 943a282b-f1b6-4c47-b0d5-ac1d3ae1d1bb@group-C9E251B369B0-StateMachineUpdater: snapshotIndex: updateIncreasingly 170 -> 175
2021-06-09 09:33:24,759 [943a282b-f1b6-4c47-b0d5-ac1d3ae1d1bb@group-C9E251B369B0-StateMachineUpdater] INFO  raftlog.RaftLog (RaftLogBase.java:purge(306)) - 943a282b-f1b6-4c47-b0d5-ac1d3ae1d1bb@group-C9E251B369B0-SegmentedRaftLog: purge 175
2021-06-09 09:33:24,759 [943a282b-f1b6-4c47-b0d5-ac1d3ae1d1bb@group-C9E251B369B0-StateMachineUpdater] INFO  raftlog.RaftLog (RaftLogBase.java:lambda$new$0(53)) - 943a282b-f1b6-4c47-b0d5-ac1d3ae1d1bb@group-C9E251B369B0-SegmentedRaftLog: snapshotIndex: updateIncreasingly 170 -> 175
2021-06-09 09:33:24,759 [943a282b-f1b6-4c47-b0d5-ac1d3ae1d1bb@group-C9E251B369B0-StateMachineUpdater] INFO  raftlog.RaftLog (RaftLogBase.java:lambda$new$0(53)) - 943a282b-f1b6-4c47-b0d5-ac1d3ae1d1bb@group-C9E251B369B0-SegmentedRaftLog: purgeIndex: updateToMax old=170, new=175, updated? true
2021-06-09 09:33:24,860 [Listener at 127.0.0.1/10928] INFO  ha.SCMHAInvocationHandler (SCMHAInvocationHandler.java:invokeRatis(113)) - Invoking method public abstract void org.apache.hadoop.hdds.scm.container.ContainerStateManagerV2.addContainer(org.apache.hadoop.hdds.protocol.proto.HddsProtos$ContainerInfoProto) throws java.io.IOException on target org.apache.hadoop.hdds.scm.ha.SCMRatisServerImpl@7356e723, cost 3457.921us
2021-06-09 09:33:24,964 [Listener at 127.0.0.1/10928] INFO  ha.SCMHAInvocationHandler (SCMHAInvocationHandler.java:invokeRatis(113)) - Invoking method public abstract void org.apache.hadoop.hdds.scm.container.ContainerStateManagerV2.addContainer(org.apache.hadoop.hdds.protocol.proto.HddsProtos$ContainerInfoProto) throws java.io.IOException on target org.apache.hadoop.hdds.scm.ha.SCMRatisServerImpl@7356e723, cost 3149.019us
2021-06-09 09:33:24,966 [e0e3eed1-d528-4a83-939c-b34003b9dea6@group-C9E251B369B0-StateMachineUpdater] INFO  ha.SCMStateMachine (SCMStateMachine.java:takeSnapshot(282)) - Current Snapshot Index 180, takeSnapshot took 0 ms
2021-06-09 09:33:24,966 [e0e3eed1-d528-4a83-939c-b34003b9dea6@group-C9E251B369B0-StateMachineUpdater] INFO  impl.StateMachineUpdater (StateMachineUpdater.java:takeSnapshot(281)) - e0e3eed1-d528-4a83-939c-b34003b9dea6@group-C9E251B369B0-StateMachineUpdater: Took a snapshot at index 180
2021-06-09 09:33:24,966 [e0e3eed1-d528-4a83-939c-b34003b9dea6@group-C9E251B369B0-StateMachineUpdater] INFO  impl.StateMachineUpdater (StateMachineUpdater.java:lambda$new$0(89)) - e0e3eed1-d528-4a83-939c-b34003b9dea6@group-C9E251B369B0-StateMachineUpdater: snapshotIndex: updateIncreasingly 175 -> 180
2021-06-09 09:33:24,966 [e0e3eed1-d528-4a83-939c-b34003b9dea6@group-C9E251B369B0-StateMachineUpdater] INFO  raftlog.RaftLog (RaftLogBase.java:purge(306)) - e0e3eed1-d528-4a83-939c-b34003b9dea6@group-C9E251B369B0-SegmentedRaftLog: purge 180
2021-06-09 09:33:24,966 [e0e3eed1-d528-4a83-939c-b34003b9dea6@group-C9E251B369B0-StateMachineUpdater] INFO  raftlog.RaftLog (RaftLogBase.java:lambda$new$0(53)) - e0e3eed1-d528-4a83-939c-b34003b9dea6@group-C9E251B369B0-SegmentedRaftLog: snapshotIndex: updateIncreasingly 175 -> 180
2021-06-09 09:33:24,966 [e0e3eed1-d528-4a83-939c-b34003b9dea6@group-C9E251B369B0-StateMachineUpdater] INFO  raftlog.RaftLog (RaftLogBase.java:lambda$new$0(53)) - e0e3eed1-d528-4a83-939c-b34003b9dea6@group-C9E251B369B0-SegmentedRaftLog: purgeIndex: updateToMax old=175, new=180, updated? true
2021-06-09 09:33:25,066 [943a282b-f1b6-4c47-b0d5-ac1d3ae1d1bb@group-C9E251B369B0-StateMachineUpdater] INFO  ha.SCMStateMachine (SCMStateMachine.java:takeSnapshot(282)) - Current Snapshot Index 180, takeSnapshot took 0 ms
2021-06-09 09:33:25,067 [943a282b-f1b6-4c47-b0d5-ac1d3ae1d1bb@group-C9E251B369B0-StateMachineUpdater] INFO  impl.StateMachineUpdater (StateMachineUpdater.java:takeSnapshot(281)) - 943a282b-f1b6-4c47-b0d5-ac1d3ae1d1bb@group-C9E251B369B0-StateMachineUpdater: Took a snapshot at index 180
2021-06-09 09:33:25,067 [943a282b-f1b6-4c47-b0d5-ac1d3ae1d1bb@group-C9E251B369B0-StateMachineUpdater] INFO  impl.StateMachineUpdater (StateMachineUpdater.java:lambda$new$0(89)) - 943a282b-f1b6-4c47-b0d5-ac1d3ae1d1bb@group-C9E251B369B0-StateMachineUpdater: snapshotIndex: updateIncreasingly 175 -> 180
2021-06-09 09:33:25,067 [943a282b-f1b6-4c47-b0d5-ac1d3ae1d1bb@group-C9E251B369B0-StateMachineUpdater] INFO  raftlog.RaftLog (RaftLogBase.java:purge(306)) - 943a282b-f1b6-4c47-b0d5-ac1d3ae1d1bb@group-C9E251B369B0-SegmentedRaftLog: purge 180
2021-06-09 09:33:25,067 [943a282b-f1b6-4c47-b0d5-ac1d3ae1d1bb@group-C9E251B369B0-StateMachineUpdater] INFO  raftlog.RaftLog (RaftLogBase.java:lambda$new$0(53)) - 943a282b-f1b6-4c47-b0d5-ac1d3ae1d1bb@group-C9E251B369B0-SegmentedRaftLog: snapshotIndex: updateIncreasingly 175 -> 180
2021-06-09 09:33:25,067 [943a282b-f1b6-4c47-b0d5-ac1d3ae1d1bb@group-C9E251B369B0-StateMachineUpdater] INFO  raftlog.RaftLog (RaftLogBase.java:lambda$new$0(53)) - 943a282b-f1b6-4c47-b0d5-ac1d3ae1d1bb@group-C9E251B369B0-SegmentedRaftLog: purgeIndex: updateToMax old=175, new=180, updated? true
2021-06-09 09:33:25,068 [Listener at 127.0.0.1/10928] INFO  ha.SCMHAInvocationHandler (SCMHAInvocationHandler.java:invokeRatis(113)) - Invoking method public abstract void org.apache.hadoop.hdds.scm.container.ContainerStateManagerV2.addContainer(org.apache.hadoop.hdds.protocol.proto.HddsProtos$ContainerInfoProto) throws java.io.IOException on target org.apache.hadoop.hdds.scm.ha.SCMRatisServerImpl@7356e723, cost 3856.023us
2021-06-09 09:33:25,173 [Listener at 127.0.0.1/10928] INFO  ha.SCMHAInvocationHandler (SCMHAInvocationHandler.java:invokeRatis(113)) - Invoking method public abstract void org.apache.hadoop.hdds.scm.container.ContainerStateManagerV2.addContainer(org.apache.hadoop.hdds.protocol.proto.HddsProtos$ContainerInfoProto) throws java.io.IOException on target org.apache.hadoop.hdds.scm.ha.SCMRatisServerImpl@7356e723, cost 4593.028us
2021-06-09 09:33:25,277 [e0e3eed1-d528-4a83-939c-b34003b9dea6@group-C9E251B369B0-StateMachineUpdater] INFO  ha.SCMStateMachine (SCMStateMachine.java:takeSnapshot(282)) - Current Snapshot Index 185, takeSnapshot took 0 ms
2021-06-09 09:33:25,277 [e0e3eed1-d528-4a83-939c-b34003b9dea6@group-C9E251B369B0-StateMachineUpdater] INFO  impl.StateMachineUpdater (StateMachineUpdater.java:takeSnapshot(281)) - e0e3eed1-d528-4a83-939c-b34003b9dea6@group-C9E251B369B0-StateMachineUpdater: Took a snapshot at index 185
2021-06-09 09:33:25,277 [e0e3eed1-d528-4a83-939c-b34003b9dea6@group-C9E251B369B0-StateMachineUpdater] INFO  impl.StateMachineUpdater (StateMachineUpdater.java:lambda$new$0(89)) - e0e3eed1-d528-4a83-939c-b34003b9dea6@group-C9E251B369B0-StateMachineUpdater: snapshotIndex: updateIncreasingly 180 -> 185
2021-06-09 09:33:25,277 [e0e3eed1-d528-4a83-939c-b34003b9dea6@group-C9E251B369B0-StateMachineUpdater] INFO  raftlog.RaftLog (RaftLogBase.java:purge(306)) - e0e3eed1-d528-4a83-939c-b34003b9dea6@group-C9E251B369B0-SegmentedRaftLog: purge 185
2021-06-09 09:33:25,277 [Listener at 127.0.0.1/10928] INFO  ha.SCMHAInvocationHandler (SCMHAInvocationHandler.java:invokeRatis(113)) - Invoking method public abstract void org.apache.hadoop.hdds.scm.container.ContainerStateManagerV2.addContainer(org.apache.hadoop.hdds.protocol.proto.HddsProtos$ContainerInfoProto) throws java.io.IOException on target org.apache.hadoop.hdds.scm.ha.SCMRatisServerImpl@7356e723, cost 3145.119us
2021-06-09 09:33:25,277 [e0e3eed1-d528-4a83-939c-b34003b9dea6@group-C9E251B369B0-StateMachineUpdater] INFO  raftlog.RaftLog (RaftLogBase.java:lambda$new$0(53)) - e0e3eed1-d528-4a83-939c-b34003b9dea6@group-C9E251B369B0-SegmentedRaftLog: snapshotIndex: updateIncreasingly 180 -> 185
2021-06-09 09:33:25,277 [e0e3eed1-d528-4a83-939c-b34003b9dea6@group-C9E251B369B0-StateMachineUpdater] INFO  raftlog.RaftLog (RaftLogBase.java:lambda$new$0(53)) - e0e3eed1-d528-4a83-939c-b34003b9dea6@group-C9E251B369B0-SegmentedRaftLog: purgeIndex: updateToMax old=180, new=185, updated? true
2021-06-09 09:33:25,282 [943a282b-f1b6-4c47-b0d5-ac1d3ae1d1bb@group-C9E251B369B0-StateMachineUpdater] INFO  ha.SCMStateMachine (SCMStateMachine.java:takeSnapshot(282)) - Current Snapshot Index 185, takeSnapshot took 0 ms
2021-06-09 09:33:25,282 [943a282b-f1b6-4c47-b0d5-ac1d3ae1d1bb@group-C9E251B369B0-StateMachineUpdater] INFO  impl.StateMachineUpdater (StateMachineUpdater.java:takeSnapshot(281)) - 943a282b-f1b6-4c47-b0d5-ac1d3ae1d1bb@group-C9E251B369B0-StateMachineUpdater: Took a snapshot at index 185
2021-06-09 09:33:25,282 [943a282b-f1b6-4c47-b0d5-ac1d3ae1d1bb@group-C9E251B369B0-StateMachineUpdater] INFO  impl.StateMachineUpdater (StateMachineUpdater.java:lambda$new$0(89)) - 943a282b-f1b6-4c47-b0d5-ac1d3ae1d1bb@group-C9E251B369B0-StateMachineUpdater: snapshotIndex: updateIncreasingly 180 -> 185
2021-06-09 09:33:25,282 [943a282b-f1b6-4c47-b0d5-ac1d3ae1d1bb@group-C9E251B369B0-StateMachineUpdater] INFO  raftlog.RaftLog (RaftLogBase.java:purge(306)) - 943a282b-f1b6-4c47-b0d5-ac1d3ae1d1bb@group-C9E251B369B0-SegmentedRaftLog: purge 185
2021-06-09 09:33:25,282 [943a282b-f1b6-4c47-b0d5-ac1d3ae1d1bb@group-C9E251B369B0-StateMachineUpdater] INFO  raftlog.RaftLog (RaftLogBase.java:lambda$new$0(53)) - 943a282b-f1b6-4c47-b0d5-ac1d3ae1d1bb@group-C9E251B369B0-SegmentedRaftLog: snapshotIndex: updateIncreasingly 180 -> 185
2021-06-09 09:33:25,282 [943a282b-f1b6-4c47-b0d5-ac1d3ae1d1bb@group-C9E251B369B0-StateMachineUpdater] INFO  raftlog.RaftLog (RaftLogBase.java:lambda$new$0(53)) - 943a282b-f1b6-4c47-b0d5-ac1d3ae1d1bb@group-C9E251B369B0-SegmentedRaftLog: purgeIndex: updateToMax old=180, new=185, updated? true
2021-06-09 09:33:25,298 [Datanode State Machine Thread - 0] ERROR datanode.RunningDatanodeState (RunningDatanodeState.java:computeNextContainerState(199)) - Error in executing end point task.
java.util.concurrent.ExecutionException: java.util.concurrent.TimeoutException
	at java.util.concurrent.FutureTask.report(FutureTask.java:122)
	at java.util.concurrent.FutureTask.get(FutureTask.java:192)
	at org.apache.hadoop.ozone.container.common.states.datanode.RunningDatanodeState.computeNextContainerState(RunningDatanodeState.java:191)
	at org.apache.hadoop.ozone.container.common.states.datanode.RunningDatanodeState.await(RunningDatanodeState.java:231)
	at org.apache.hadoop.ozone.container.common.states.datanode.RunningDatanodeState.await(RunningDatanodeState.java:50)
	at org.apache.hadoop.ozone.container.common.statemachine.StateContext.execute(StateContext.java:629)
	at org.apache.hadoop.ozone.container.common.statemachine.DatanodeStateMachine.start(DatanodeStateMachine.java:244)
	at org.apache.hadoop.ozone.container.common.statemachine.DatanodeStateMachine.lambda$startDaemon$0(DatanodeStateMachine.java:427)
	at java.lang.Thread.run(Thread.java:748)
Caused by: java.util.concurrent.TimeoutException
	at java.util.concurrent.FutureTask.get(FutureTask.java:205)
	at org.apache.hadoop.ozone.container.common.states.datanode.RunningDatanodeState.lambda$execute$0(RunningDatanodeState.java:149)
	at java.util.concurrent.FutureTask.run(FutureTask.java:266)
	at java.util.concurrent.Executors$RunnableAdapter.call(Executors.java:511)
	at java.util.concurrent.FutureTask.run(FutureTask.java:266)
	at java.util.concurrent.ThreadPoolExecutor.runWorker(ThreadPoolExecutor.java:1149)
	at java.util.concurrent.ThreadPoolExecutor$Worker.run(ThreadPoolExecutor.java:624)
	... 1 more
2021-06-09 09:33:25,381 [Listener at 127.0.0.1/10928] INFO  ha.SCMHAInvocationHandler (SCMHAInvocationHandler.java:invokeRatis(113)) - Invoking method public abstract void org.apache.hadoop.hdds.scm.container.ContainerStateManagerV2.addContainer(org.apache.hadoop.hdds.protocol.proto.HddsProtos$ContainerInfoProto) throws java.io.IOException on target org.apache.hadoop.hdds.scm.ha.SCMRatisServerImpl@7356e723, cost 3154.419us
2021-06-09 09:33:25,484 [Listener at 127.0.0.1/10928] INFO  ha.SCMHAInvocationHandler (SCMHAInvocationHandler.java:invokeRatis(113)) - Invoking method public abstract void org.apache.hadoop.hdds.scm.container.ContainerStateManagerV2.addContainer(org.apache.hadoop.hdds.protocol.proto.HddsProtos$ContainerInfoProto) throws java.io.IOException on target org.apache.hadoop.hdds.scm.ha.SCMRatisServerImpl@7356e723, cost 2997.618us
2021-06-09 09:33:25,490 [e0e3eed1-d528-4a83-939c-b34003b9dea6@group-C9E251B369B0-StateMachineUpdater] INFO  ha.SCMStateMachine (SCMStateMachine.java:takeSnapshot(282)) - Current Snapshot Index 190, takeSnapshot took 0 ms
2021-06-09 09:33:25,490 [e0e3eed1-d528-4a83-939c-b34003b9dea6@group-C9E251B369B0-StateMachineUpdater] INFO  impl.StateMachineUpdater (StateMachineUpdater.java:takeSnapshot(281)) - e0e3eed1-d528-4a83-939c-b34003b9dea6@group-C9E251B369B0-StateMachineUpdater: Took a snapshot at index 190
2021-06-09 09:33:25,490 [e0e3eed1-d528-4a83-939c-b34003b9dea6@group-C9E251B369B0-StateMachineUpdater] INFO  impl.StateMachineUpdater (StateMachineUpdater.java:lambda$new$0(89)) - e0e3eed1-d528-4a83-939c-b34003b9dea6@group-C9E251B369B0-StateMachineUpdater: snapshotIndex: updateIncreasingly 185 -> 190
2021-06-09 09:33:25,490 [e0e3eed1-d528-4a83-939c-b34003b9dea6@group-C9E251B369B0-StateMachineUpdater] INFO  raftlog.RaftLog (RaftLogBase.java:purge(306)) - e0e3eed1-d528-4a83-939c-b34003b9dea6@group-C9E251B369B0-SegmentedRaftLog: purge 190
2021-06-09 09:33:25,490 [e0e3eed1-d528-4a83-939c-b34003b9dea6@group-C9E251B369B0-StateMachineUpdater] INFO  raftlog.RaftLog (RaftLogBase.java:lambda$new$0(53)) - e0e3eed1-d528-4a83-939c-b34003b9dea6@group-C9E251B369B0-SegmentedRaftLog: snapshotIndex: updateIncreasingly 185 -> 190
2021-06-09 09:33:25,490 [e0e3eed1-d528-4a83-939c-b34003b9dea6@group-C9E251B369B0-StateMachineUpdater] INFO  raftlog.RaftLog (RaftLogBase.java:lambda$new$0(53)) - e0e3eed1-d528-4a83-939c-b34003b9dea6@group-C9E251B369B0-SegmentedRaftLog: purgeIndex: updateToMax old=185, new=190, updated? true
2021-06-09 09:33:25,587 [943a282b-f1b6-4c47-b0d5-ac1d3ae1d1bb@group-C9E251B369B0-StateMachineUpdater] INFO  ha.SCMStateMachine (SCMStateMachine.java:takeSnapshot(282)) - Current Snapshot Index 190, takeSnapshot took 0 ms
2021-06-09 09:33:25,587 [943a282b-f1b6-4c47-b0d5-ac1d3ae1d1bb@group-C9E251B369B0-StateMachineUpdater] INFO  impl.StateMachineUpdater (StateMachineUpdater.java:takeSnapshot(281)) - 943a282b-f1b6-4c47-b0d5-ac1d3ae1d1bb@group-C9E251B369B0-StateMachineUpdater: Took a snapshot at index 190
2021-06-09 09:33:25,587 [943a282b-f1b6-4c47-b0d5-ac1d3ae1d1bb@group-C9E251B369B0-StateMachineUpdater] INFO  impl.StateMachineUpdater (StateMachineUpdater.java:lambda$new$0(89)) - 943a282b-f1b6-4c47-b0d5-ac1d3ae1d1bb@group-C9E251B369B0-StateMachineUpdater: snapshotIndex: updateIncreasingly 185 -> 190
2021-06-09 09:33:25,587 [943a282b-f1b6-4c47-b0d5-ac1d3ae1d1bb@group-C9E251B369B0-StateMachineUpdater] INFO  raftlog.RaftLog (RaftLogBase.java:purge(306)) - 943a282b-f1b6-4c47-b0d5-ac1d3ae1d1bb@group-C9E251B369B0-SegmentedRaftLog: purge 190
2021-06-09 09:33:25,587 [943a282b-f1b6-4c47-b0d5-ac1d3ae1d1bb@group-C9E251B369B0-StateMachineUpdater] INFO  raftlog.RaftLog (RaftLogBase.java:lambda$new$0(53)) - 943a282b-f1b6-4c47-b0d5-ac1d3ae1d1bb@group-C9E251B369B0-SegmentedRaftLog: snapshotIndex: updateIncreasingly 185 -> 190
2021-06-09 09:33:25,587 [943a282b-f1b6-4c47-b0d5-ac1d3ae1d1bb@group-C9E251B369B0-StateMachineUpdater] INFO  raftlog.RaftLog (RaftLogBase.java:lambda$new$0(53)) - 943a282b-f1b6-4c47-b0d5-ac1d3ae1d1bb@group-C9E251B369B0-SegmentedRaftLog: purgeIndex: updateToMax old=185, new=190, updated? true
2021-06-09 09:33:25,589 [Listener at 127.0.0.1/10928] INFO  ha.SCMHAInvocationHandler (SCMHAInvocationHandler.java:invokeRatis(113)) - Invoking method public abstract void org.apache.hadoop.hdds.scm.container.ContainerStateManagerV2.addContainer(org.apache.hadoop.hdds.protocol.proto.HddsProtos$ContainerInfoProto) throws java.io.IOException on target org.apache.hadoop.hdds.scm.ha.SCMRatisServerImpl@7356e723, cost 3692.523us
2021-06-09 09:33:25,692 [Listener at 127.0.0.1/10928] INFO  ha.SCMHAInvocationHandler (SCMHAInvocationHandler.java:invokeRatis(113)) - Invoking method public abstract void org.apache.hadoop.hdds.scm.container.ContainerStateManagerV2.addContainer(org.apache.hadoop.hdds.protocol.proto.HddsProtos$ContainerInfoProto) throws java.io.IOException on target org.apache.hadoop.hdds.scm.ha.SCMRatisServerImpl@7356e723, cost 3448.621us
2021-06-09 09:33:25,798 [e0e3eed1-d528-4a83-939c-b34003b9dea6@group-C9E251B369B0-StateMachineUpdater] INFO  ha.SCMStateMachine (SCMStateMachine.java:takeSnapshot(282)) - Current Snapshot Index 195, takeSnapshot took 0 ms
2021-06-09 09:33:25,798 [e0e3eed1-d528-4a83-939c-b34003b9dea6@group-C9E251B369B0-StateMachineUpdater] INFO  impl.StateMachineUpdater (StateMachineUpdater.java:takeSnapshot(281)) - e0e3eed1-d528-4a83-939c-b34003b9dea6@group-C9E251B369B0-StateMachineUpdater: Took a snapshot at index 195
2021-06-09 09:33:25,798 [e0e3eed1-d528-4a83-939c-b34003b9dea6@group-C9E251B369B0-StateMachineUpdater] INFO  impl.StateMachineUpdater (StateMachineUpdater.java:lambda$new$0(89)) - e0e3eed1-d528-4a83-939c-b34003b9dea6@group-C9E251B369B0-StateMachineUpdater: snapshotIndex: updateIncreasingly 190 -> 195
2021-06-09 09:33:25,798 [e0e3eed1-d528-4a83-939c-b34003b9dea6@group-C9E251B369B0-StateMachineUpdater] INFO  raftlog.RaftLog (RaftLogBase.java:purge(306)) - e0e3eed1-d528-4a83-939c-b34003b9dea6@group-C9E251B369B0-SegmentedRaftLog: purge 195
2021-06-09 09:33:25,798 [e0e3eed1-d528-4a83-939c-b34003b9dea6@group-C9E251B369B0-StateMachineUpdater] INFO  raftlog.RaftLog (RaftLogBase.java:lambda$new$0(53)) - e0e3eed1-d528-4a83-939c-b34003b9dea6@group-C9E251B369B0-SegmentedRaftLog: snapshotIndex: updateIncreasingly 190 -> 195
2021-06-09 09:33:25,799 [e0e3eed1-d528-4a83-939c-b34003b9dea6@group-C9E251B369B0-StateMachineUpdater] INFO  raftlog.RaftLog (RaftLogBase.java:lambda$new$0(53)) - e0e3eed1-d528-4a83-939c-b34003b9dea6@group-C9E251B369B0-SegmentedRaftLog: purgeIndex: updateToMax old=190, new=195, updated? true
2021-06-09 09:33:25,799 [Listener at 127.0.0.1/10928] INFO  ha.SCMHAInvocationHandler (SCMHAInvocationHandler.java:invokeRatis(113)) - Invoking method public abstract void org.apache.hadoop.hdds.scm.container.ContainerStateManagerV2.addContainer(org.apache.hadoop.hdds.protocol.proto.HddsProtos$ContainerInfoProto) throws java.io.IOException on target org.apache.hadoop.hdds.scm.ha.SCMRatisServerImpl@7356e723, cost 4458.327us
2021-06-09 09:33:25,800 [Datanode State Machine Thread - 0] ERROR datanode.RunningDatanodeState (RunningDatanodeState.java:computeNextContainerState(199)) - Error in executing end point task.
java.util.concurrent.ExecutionException: java.util.concurrent.TimeoutException
	at java.util.concurrent.FutureTask.report(FutureTask.java:122)
	at java.util.concurrent.FutureTask.get(FutureTask.java:192)
	at org.apache.hadoop.ozone.container.common.states.datanode.RunningDatanodeState.computeNextContainerState(RunningDatanodeState.java:191)
	at org.apache.hadoop.ozone.container.common.states.datanode.RunningDatanodeState.await(RunningDatanodeState.java:231)
	at org.apache.hadoop.ozone.container.common.states.datanode.RunningDatanodeState.await(RunningDatanodeState.java:50)
	at org.apache.hadoop.ozone.container.common.statemachine.StateContext.execute(StateContext.java:629)
	at org.apache.hadoop.ozone.container.common.statemachine.DatanodeStateMachine.start(DatanodeStateMachine.java:244)
	at org.apache.hadoop.ozone.container.common.statemachine.DatanodeStateMachine.lambda$startDaemon$0(DatanodeStateMachine.java:427)
	at java.lang.Thread.run(Thread.java:748)
Caused by: java.util.concurrent.TimeoutException
	at java.util.concurrent.FutureTask.get(FutureTask.java:205)
	at org.apache.hadoop.ozone.container.common.states.datanode.RunningDatanodeState.lambda$execute$0(RunningDatanodeState.java:149)
	at java.util.concurrent.FutureTask.run(FutureTask.java:266)
	at java.util.concurrent.Executors$RunnableAdapter.call(Executors.java:511)
	at java.util.concurrent.FutureTask.run(FutureTask.java:266)
	at java.util.concurrent.ThreadPoolExecutor.runWorker(ThreadPoolExecutor.java:1149)
	at java.util.concurrent.ThreadPoolExecutor$Worker.run(ThreadPoolExecutor.java:624)
	... 1 more
2021-06-09 09:33:25,808 [943a282b-f1b6-4c47-b0d5-ac1d3ae1d1bb@group-C9E251B369B0-StateMachineUpdater] INFO  ha.SCMStateMachine (SCMStateMachine.java:takeSnapshot(282)) - Current Snapshot Index 195, takeSnapshot took 0 ms
2021-06-09 09:33:25,809 [943a282b-f1b6-4c47-b0d5-ac1d3ae1d1bb@group-C9E251B369B0-StateMachineUpdater] INFO  impl.StateMachineUpdater (StateMachineUpdater.java:takeSnapshot(281)) - 943a282b-f1b6-4c47-b0d5-ac1d3ae1d1bb@group-C9E251B369B0-StateMachineUpdater: Took a snapshot at index 195
2021-06-09 09:33:25,809 [943a282b-f1b6-4c47-b0d5-ac1d3ae1d1bb@group-C9E251B369B0-StateMachineUpdater] INFO  impl.StateMachineUpdater (StateMachineUpdater.java:lambda$new$0(89)) - 943a282b-f1b6-4c47-b0d5-ac1d3ae1d1bb@group-C9E251B369B0-StateMachineUpdater: snapshotIndex: updateIncreasingly 190 -> 195
2021-06-09 09:33:25,809 [943a282b-f1b6-4c47-b0d5-ac1d3ae1d1bb@group-C9E251B369B0-StateMachineUpdater] INFO  raftlog.RaftLog (RaftLogBase.java:purge(306)) - 943a282b-f1b6-4c47-b0d5-ac1d3ae1d1bb@group-C9E251B369B0-SegmentedRaftLog: purge 195
2021-06-09 09:33:25,809 [943a282b-f1b6-4c47-b0d5-ac1d3ae1d1bb@group-C9E251B369B0-StateMachineUpdater] INFO  raftlog.RaftLog (RaftLogBase.java:lambda$new$0(53)) - 943a282b-f1b6-4c47-b0d5-ac1d3ae1d1bb@group-C9E251B369B0-SegmentedRaftLog: snapshotIndex: updateIncreasingly 190 -> 195
2021-06-09 09:33:25,809 [943a282b-f1b6-4c47-b0d5-ac1d3ae1d1bb@group-C9E251B369B0-StateMachineUpdater] INFO  raftlog.RaftLog (RaftLogBase.java:lambda$new$0(53)) - 943a282b-f1b6-4c47-b0d5-ac1d3ae1d1bb@group-C9E251B369B0-SegmentedRaftLog: purgeIndex: updateToMax old=190, new=195, updated? true
2021-06-09 09:33:25,902 [Listener at 127.0.0.1/10928] INFO  ha.SCMHAInvocationHandler (SCMHAInvocationHandler.java:invokeRatis(113)) - Invoking method public abstract void org.apache.hadoop.hdds.scm.container.ContainerStateManagerV2.addContainer(org.apache.hadoop.hdds.protocol.proto.HddsProtos$ContainerInfoProto) throws java.io.IOException on target org.apache.hadoop.hdds.scm.ha.SCMRatisServerImpl@7356e723, cost 2906.718us
2021-06-09 09:33:26,006 [Listener at 127.0.0.1/10928] INFO  ha.SCMHAInvocationHandler (SCMHAInvocationHandler.java:invokeRatis(113)) - Invoking method public abstract void org.apache.hadoop.hdds.scm.container.ContainerStateManagerV2.addContainer(org.apache.hadoop.hdds.protocol.proto.HddsProtos$ContainerInfoProto) throws java.io.IOException on target org.apache.hadoop.hdds.scm.ha.SCMRatisServerImpl@7356e723, cost 3585.522us
2021-06-09 09:33:26,008 [e0e3eed1-d528-4a83-939c-b34003b9dea6@group-C9E251B369B0-StateMachineUpdater] INFO  ha.SCMStateMachine (SCMStateMachine.java:takeSnapshot(282)) - Current Snapshot Index 200, takeSnapshot took 0 ms
2021-06-09 09:33:26,008 [e0e3eed1-d528-4a83-939c-b34003b9dea6@group-C9E251B369B0-StateMachineUpdater] INFO  impl.StateMachineUpdater (StateMachineUpdater.java:takeSnapshot(281)) - e0e3eed1-d528-4a83-939c-b34003b9dea6@group-C9E251B369B0-StateMachineUpdater: Took a snapshot at index 200
2021-06-09 09:33:26,008 [e0e3eed1-d528-4a83-939c-b34003b9dea6@group-C9E251B369B0-StateMachineUpdater] INFO  impl.StateMachineUpdater (StateMachineUpdater.java:lambda$new$0(89)) - e0e3eed1-d528-4a83-939c-b34003b9dea6@group-C9E251B369B0-StateMachineUpdater: snapshotIndex: updateIncreasingly 195 -> 200
2021-06-09 09:33:26,008 [e0e3eed1-d528-4a83-939c-b34003b9dea6@group-C9E251B369B0-StateMachineUpdater] INFO  raftlog.RaftLog (RaftLogBase.java:purge(306)) - e0e3eed1-d528-4a83-939c-b34003b9dea6@group-C9E251B369B0-SegmentedRaftLog: purge 200
2021-06-09 09:33:26,008 [e0e3eed1-d528-4a83-939c-b34003b9dea6@group-C9E251B369B0-StateMachineUpdater] INFO  raftlog.RaftLog (RaftLogBase.java:lambda$new$0(53)) - e0e3eed1-d528-4a83-939c-b34003b9dea6@group-C9E251B369B0-SegmentedRaftLog: snapshotIndex: updateIncreasingly 195 -> 200
2021-06-09 09:33:26,008 [e0e3eed1-d528-4a83-939c-b34003b9dea6@group-C9E251B369B0-StateMachineUpdater] INFO  raftlog.RaftLog (RaftLogBase.java:lambda$new$0(53)) - e0e3eed1-d528-4a83-939c-b34003b9dea6@group-C9E251B369B0-SegmentedRaftLog: purgeIndex: updateToMax old=195, new=200, updated? true
2021-06-09 09:33:26,109 [943a282b-f1b6-4c47-b0d5-ac1d3ae1d1bb@group-C9E251B369B0-StateMachineUpdater] INFO  ha.SCMStateMachine (SCMStateMachine.java:takeSnapshot(282)) - Current Snapshot Index 200, takeSnapshot took 0 ms
2021-06-09 09:33:26,109 [943a282b-f1b6-4c47-b0d5-ac1d3ae1d1bb@group-C9E251B369B0-StateMachineUpdater] INFO  impl.StateMachineUpdater (StateMachineUpdater.java:takeSnapshot(281)) - 943a282b-f1b6-4c47-b0d5-ac1d3ae1d1bb@group-C9E251B369B0-StateMachineUpdater: Took a snapshot at index 200
2021-06-09 09:33:26,109 [943a282b-f1b6-4c47-b0d5-ac1d3ae1d1bb@group-C9E251B369B0-StateMachineUpdater] INFO  impl.StateMachineUpdater (StateMachineUpdater.java:lambda$new$0(89)) - 943a282b-f1b6-4c47-b0d5-ac1d3ae1d1bb@group-C9E251B369B0-StateMachineUpdater: snapshotIndex: updateIncreasingly 195 -> 200
2021-06-09 09:33:26,109 [943a282b-f1b6-4c47-b0d5-ac1d3ae1d1bb@group-C9E251B369B0-StateMachineUpdater] INFO  raftlog.RaftLog (RaftLogBase.java:purge(306)) - 943a282b-f1b6-4c47-b0d5-ac1d3ae1d1bb@group-C9E251B369B0-SegmentedRaftLog: purge 200
2021-06-09 09:33:26,109 [943a282b-f1b6-4c47-b0d5-ac1d3ae1d1bb@group-C9E251B369B0-StateMachineUpdater] INFO  raftlog.RaftLog (RaftLogBase.java:lambda$new$0(53)) - 943a282b-f1b6-4c47-b0d5-ac1d3ae1d1bb@group-C9E251B369B0-SegmentedRaftLog: snapshotIndex: updateIncreasingly 195 -> 200
2021-06-09 09:33:26,109 [943a282b-f1b6-4c47-b0d5-ac1d3ae1d1bb@group-C9E251B369B0-StateMachineUpdater] INFO  raftlog.RaftLog (RaftLogBase.java:lambda$new$0(53)) - 943a282b-f1b6-4c47-b0d5-ac1d3ae1d1bb@group-C9E251B369B0-SegmentedRaftLog: purgeIndex: updateToMax old=195, new=200, updated? true
2021-06-09 09:33:26,110 [Listener at 127.0.0.1/10928] INFO  ha.SCMHAInvocationHandler (SCMHAInvocationHandler.java:invokeRatis(113)) - Invoking method public abstract void org.apache.hadoop.hdds.scm.container.ContainerStateManagerV2.addContainer(org.apache.hadoop.hdds.protocol.proto.HddsProtos$ContainerInfoProto) throws java.io.IOException on target org.apache.hadoop.hdds.scm.ha.SCMRatisServerImpl@7356e723, cost 2917.118us
2021-06-09 09:33:26,211 [Listener at 127.0.0.1/10928] INFO  server.StorageContainerManager (StorageContainerManager.java:start(1208)) - StorageContainerLocationProtocol RPC server is listening at /0.0.0.0:14347
2021-06-09 09:33:26,211 [Listener at 127.0.0.1/10928] INFO  ha.SCMRatisServerImpl (SCMRatisServerImpl.java:start(171)) - starting ratis server 0.0.0.0:14344
2021-06-09 09:33:26,211 [Listener at 127.0.0.1/10928] INFO  server.RaftServer$Division (RaftServerImpl.java:start(298)) - e31d96e5-7e9e-4f8e-80d3-ffe1fdf992c4@group-C9E251B369B0: start with initializing state, conf=-1: [], old=null
2021-06-09 09:33:26,212 [Listener at 127.0.0.1/10928] INFO  server.RaftServer$Division (RaftServerImpl.java:setRole(284)) - e31d96e5-7e9e-4f8e-80d3-ffe1fdf992c4@group-C9E251B369B0: changes role from      null to FOLLOWER at term 0 for startInitializing
2021-06-09 09:33:26,212 [Listener at 127.0.0.1/10928] INFO  util.JmxRegister (JmxRegister.java:tryRegister(44)) - Successfully registered JMX Bean with object name Ratis:service=RaftServer,group=group-C9E251B369B0,id=e31d96e5-7e9e-4f8e-80d3-ffe1fdf992c4
2021-06-09 09:33:26,212 [Listener at 127.0.0.1/10928] INFO  metrics.RatisMetrics (RatisMetrics.java:lambda$create$0(36)) - Creating Metrics Registry : ratis.state_machine.e31d96e5-7e9e-4f8e-80d3-ffe1fdf992c4@group-C9E251B369B0
2021-06-09 09:33:26,213 [Listener at 127.0.0.1/10928] INFO  server.RaftServer (RaftServerProxy.java:lambda$start$5(374)) - e31d96e5-7e9e-4f8e-80d3-ffe1fdf992c4: start RPC server
2021-06-09 09:33:26,215 [Listener at 127.0.0.1/10928] INFO  server.GrpcService (GrpcService.java:startImpl(253)) - e31d96e5-7e9e-4f8e-80d3-ffe1fdf992c4: GrpcService started, listening on 14344
2021-06-09 09:33:26,216 [org.apache.ratis.util.JvmPauseMonitor$$Lambda$493/731610911@7d6fc802] INFO  util.JvmPauseMonitor (JvmPauseMonitor.java:run(103)) - JvmPauseMonitor-e31d96e5-7e9e-4f8e-80d3-ffe1fdf992c4: Started
2021-06-09 09:33:26,216 [Listener at 127.0.0.1/10928] INFO  ha.SCMNodeInfo (SCMNodeInfo.java:getPort(197)) - ConfigKey ozone.scm.client.address is deprecated, For configuring different ports for each SCM use PortConfigKey ozone.scm.client.port appended with serviceId and nodeId
2021-06-09 09:33:26,217 [Listener at 127.0.0.1/10928] INFO  ha.SCMNodeInfo (SCMNodeInfo.java:getPort(197)) - ConfigKey ozone.scm.block.client.address is deprecated, For configuring different ports for each SCM use PortConfigKey ozone.scm.block.client.port appended with serviceId and nodeId
2021-06-09 09:33:26,217 [Listener at 127.0.0.1/10928] INFO  ha.SCMNodeInfo (SCMNodeInfo.java:getPort(197)) - ConfigKey ozone.scm.datanode.address is deprecated, For configuring different ports for each SCM use PortConfigKey ozone.scm.datanode.port appended with serviceId and nodeId
2021-06-09 09:33:26,217 [Listener at 127.0.0.1/10928] INFO  ha.SCMNodeInfo (SCMNodeInfo.java:getPort(197)) - ConfigKey ozone.scm.client.address is deprecated, For configuring different ports for each SCM use PortConfigKey ozone.scm.client.port appended with serviceId and nodeId
2021-06-09 09:33:26,217 [Listener at 127.0.0.1/10928] INFO  ha.SCMNodeInfo (SCMNodeInfo.java:getPort(197)) - ConfigKey ozone.scm.block.client.address is deprecated, For configuring different ports for each SCM use PortConfigKey ozone.scm.block.client.port appended with serviceId and nodeId
2021-06-09 09:33:26,217 [Listener at 127.0.0.1/10928] INFO  ha.SCMNodeInfo (SCMNodeInfo.java:getPort(197)) - ConfigKey ozone.scm.datanode.address is deprecated, For configuring different ports for each SCM use PortConfigKey ozone.scm.datanode.port appended with serviceId and nodeId
2021-06-09 09:33:26,217 [Listener at 127.0.0.1/10928] INFO  ha.SCMNodeInfo (SCMNodeInfo.java:getPort(197)) - ConfigKey ozone.scm.client.address is deprecated, For configuring different ports for each SCM use PortConfigKey ozone.scm.client.port appended with serviceId and nodeId
2021-06-09 09:33:26,217 [Listener at 127.0.0.1/10928] INFO  ha.SCMNodeInfo (SCMNodeInfo.java:getPort(197)) - ConfigKey ozone.scm.block.client.address is deprecated, For configuring different ports for each SCM use PortConfigKey ozone.scm.block.client.port appended with serviceId and nodeId
2021-06-09 09:33:26,217 [Listener at 127.0.0.1/10928] INFO  ha.SCMNodeInfo (SCMNodeInfo.java:getPort(197)) - ConfigKey ozone.scm.datanode.address is deprecated, For configuring different ports for each SCM use PortConfigKey ozone.scm.datanode.port appended with serviceId and nodeId
2021-06-09 09:33:26,221 [IPC Server handler 1 on default port 14326] INFO  ha.SCMRatisServerImpl (SCMRatisServerImpl.java:addSCM(282)) - e0e3eed1-d528-4a83-939c-b34003b9dea6: Submitting SetConfiguration request to Ratis server with new SCM peers list: [e0e3eed1-d528-4a83-939c-b34003b9dea6|rpc:localhost:14324|admin:|client:|dataStream:|priority:0, 943a282b-f1b6-4c47-b0d5-ac1d3ae1d1bb|rpc:localhost:14334|priority:0, e31d96e5-7e9e-4f8e-80d3-ffe1fdf992c4|rpc:localhost:14344|priority:0]
2021-06-09 09:33:26,221 [IPC Server handler 1 on default port 14326] INFO  server.RaftServer$Division (RaftServerImpl.java:setConfigurationAsync(970)) - e0e3eed1-d528-4a83-939c-b34003b9dea6@group-C9E251B369B0: receive setConfiguration SetConfigurationRequest:client-7D13B609FBAF->e0e3eed1-d528-4a83-939c-b34003b9dea6@group-C9E251B369B0, cid=99, seq=0, RW, null, peers:[e0e3eed1-d528-4a83-939c-b34003b9dea6|rpc:localhost:14324|admin:|client:|dataStream:|priority:0, 943a282b-f1b6-4c47-b0d5-ac1d3ae1d1bb|rpc:localhost:14334|priority:0, e31d96e5-7e9e-4f8e-80d3-ffe1fdf992c4|rpc:localhost:14344|priority:0]
2021-06-09 09:33:26,221 [IPC Server handler 1 on default port 14326] INFO  server.RaftServer$Division (LeaderStateImpl.java:startSetConfiguration(345)) - e0e3eed1-d528-4a83-939c-b34003b9dea6@group-C9E251B369B0-LeaderStateImpl: startSetConfiguration SetConfigurationRequest:client-7D13B609FBAF->e0e3eed1-d528-4a83-939c-b34003b9dea6@group-C9E251B369B0, cid=99, seq=0, RW, null, peers:[e0e3eed1-d528-4a83-939c-b34003b9dea6|rpc:localhost:14324|admin:|client:|dataStream:|priority:0, 943a282b-f1b6-4c47-b0d5-ac1d3ae1d1bb|rpc:localhost:14334|priority:0, e31d96e5-7e9e-4f8e-80d3-ffe1fdf992c4|rpc:localhost:14344|priority:0]
2021-06-09 09:33:26,221 [IPC Server handler 1 on default port 14326] INFO  server.RaftServerConfigKeys (ConfUtils.java:logGet(44)) - raft.server.log.appender.snapshot.chunk.size.max = 16MB (=16777216) (default)
2021-06-09 09:33:26,222 [IPC Server handler 1 on default port 14326] INFO  server.RaftServerConfigKeys (ConfUtils.java:logGet(44)) - raft.server.log.appender.buffer.byte-limit = 33554432 (custom)
2021-06-09 09:33:26,222 [IPC Server handler 1 on default port 14326] INFO  server.RaftServerConfigKeys (ConfUtils.java:logGet(44)) - raft.server.log.appender.buffer.element-limit = 33554432 (custom)
2021-06-09 09:33:26,300 [Datanode State Machine Thread - 0] ERROR datanode.RunningDatanodeState (RunningDatanodeState.java:computeNextContainerState(199)) - Error in executing end point task.
java.util.concurrent.ExecutionException: java.util.concurrent.TimeoutException
	at java.util.concurrent.FutureTask.report(FutureTask.java:122)
	at java.util.concurrent.FutureTask.get(FutureTask.java:192)
	at org.apache.hadoop.ozone.container.common.states.datanode.RunningDatanodeState.computeNextContainerState(RunningDatanodeState.java:191)
	at org.apache.hadoop.ozone.container.common.states.datanode.RunningDatanodeState.await(RunningDatanodeState.java:231)
	at org.apache.hadoop.ozone.container.common.states.datanode.RunningDatanodeState.await(RunningDatanodeState.java:50)
	at org.apache.hadoop.ozone.container.common.statemachine.StateContext.execute(StateContext.java:629)
	at org.apache.hadoop.ozone.container.common.statemachine.DatanodeStateMachine.start(DatanodeStateMachine.java:244)
	at org.apache.hadoop.ozone.container.common.statemachine.DatanodeStateMachine.lambda$startDaemon$0(DatanodeStateMachine.java:427)
	at java.lang.Thread.run(Thread.java:748)
Caused by: java.util.concurrent.TimeoutException
	at java.util.concurrent.FutureTask.get(FutureTask.java:205)
	at org.apache.hadoop.ozone.container.common.states.datanode.RunningDatanodeState.lambda$execute$0(RunningDatanodeState.java:149)
	at java.util.concurrent.FutureTask.run(FutureTask.java:266)
	at java.util.concurrent.Executors$RunnableAdapter.call(Executors.java:511)
	at java.util.concurrent.FutureTask.run(FutureTask.java:266)
	at java.util.concurrent.ThreadPoolExecutor.runWorker(ThreadPoolExecutor.java:1149)
	at java.util.concurrent.ThreadPoolExecutor$Worker.run(ThreadPoolExecutor.java:624)
	... 1 more
2021-06-09 09:33:26,300 [IPC Server handler 1 on default port 14326] INFO  grpc.GrpcConfigKeys (ConfUtils.java:logGet(44)) - raft.grpc.server.leader.outstanding.appends.max = 128 (default)
2021-06-09 09:33:26,301 [IPC Server handler 1 on default port 14326] INFO  server.RaftServerConfigKeys (ConfUtils.java:logGet(44)) - raft.server.rpc.request.timeout = 3000ms (default)
2021-06-09 09:33:26,301 [IPC Server handler 1 on default port 14326] INFO  server.RaftServerConfigKeys (ConfUtils.java:logGet(44)) - raft.server.log.appender.install.snapshot.enabled = false (custom)
2021-06-09 09:33:26,302 [e0e3eed1-d528-4a83-939c-b34003b9dea6@group-C9E251B369B0->e31d96e5-7e9e-4f8e-80d3-ffe1fdf992c4-GrpcLogAppender-LogAppenderDaemon] INFO  server.GrpcLogAppender (GrpcLogAppender.java:installSnapshot(524)) - e0e3eed1-d528-4a83-939c-b34003b9dea6@group-C9E251B369B0->e31d96e5-7e9e-4f8e-80d3-ffe1fdf992c4-GrpcLogAppender: followerNextIndex = 0 but logStartIndex = 105, notify follower to install snapshot-(t:2, i:105)
2021-06-09 09:33:26,309 [e0e3eed1-d528-4a83-939c-b34003b9dea6@group-C9E251B369B0->e31d96e5-7e9e-4f8e-80d3-ffe1fdf992c4-GrpcLogAppender-LogAppenderDaemon] INFO  server.GrpcLogAppender (GrpcLogAppender.java:installSnapshot(532)) - e0e3eed1-d528-4a83-939c-b34003b9dea6@group-C9E251B369B0->e31d96e5-7e9e-4f8e-80d3-ffe1fdf992c4-GrpcLogAppender: send e0e3eed1-d528-4a83-939c-b34003b9dea6->e31d96e5-7e9e-4f8e-80d3-ffe1fdf992c4#0-t2,notify:(t:2, i:105)
2021-06-09 09:33:26,314 [grpc-default-executor-1] INFO  metrics.RatisMetrics (RatisMetrics.java:lambda$create$0(36)) - Creating Metrics Registry : ratis.server_message_metrics.e31d96e5-7e9e-4f8e-80d3-ffe1fdf992c4
2021-06-09 09:33:26,314 [cc259bf8-a2eb-4525-8fb1-f4b47156f121@group-5894FE760DEC-FollowerState] INFO  impl.FollowerState (FollowerState.java:run(134)) - cc259bf8-a2eb-4525-8fb1-f4b47156f121@group-5894FE760DEC-FollowerState: change to CANDIDATE, lastRpcElapsedTime:5130514189ns, electionTimeout:5130ms
2021-06-09 09:33:26,314 [cc259bf8-a2eb-4525-8fb1-f4b47156f121@group-5894FE760DEC-FollowerState] INFO  impl.RoleInfo (RoleInfo.java:shutdownFollowerState(108)) - cc259bf8-a2eb-4525-8fb1-f4b47156f121: shutdown cc259bf8-a2eb-4525-8fb1-f4b47156f121@group-5894FE760DEC-FollowerState
2021-06-09 09:33:26,315 [cc259bf8-a2eb-4525-8fb1-f4b47156f121@group-5894FE760DEC-FollowerState] INFO  server.RaftServer$Division (RaftServerImpl.java:setRole(284)) - cc259bf8-a2eb-4525-8fb1-f4b47156f121@group-5894FE760DEC: changes role from  FOLLOWER to CANDIDATE at term 4 for changeToCandidate
2021-06-09 09:33:26,315 [cc259bf8-a2eb-4525-8fb1-f4b47156f121@group-5894FE760DEC-FollowerState] INFO  server.RaftServerConfigKeys (ConfUtils.java:logGet(44)) - raft.server.leaderelection.pre-vote = false (custom)
2021-06-09 09:33:26,315 [cc259bf8-a2eb-4525-8fb1-f4b47156f121@group-5894FE760DEC-FollowerState] INFO  impl.RoleInfo (RoleInfo.java:updateAndGet(130)) - cc259bf8-a2eb-4525-8fb1-f4b47156f121: start cc259bf8-a2eb-4525-8fb1-f4b47156f121@group-5894FE760DEC-LeaderElection14
2021-06-09 09:33:26,320 [grpc-default-executor-1] INFO  server.RaftServer$Division (RaftServerImpl.java:installSnapshot(1328)) - e31d96e5-7e9e-4f8e-80d3-ffe1fdf992c4@group-C9E251B369B0: receive installSnapshot: e0e3eed1-d528-4a83-939c-b34003b9dea6->e31d96e5-7e9e-4f8e-80d3-ffe1fdf992c4#0-t2,notify:(t:2, i:105)
2021-06-09 09:33:26,321 [grpc-default-executor-1] INFO  ha.SCMStateMachine (SCMStateMachine.java:notifyLeaderChanged(233)) - leader changed, yet current SCM is still follower.
2021-06-09 09:33:26,321 [grpc-default-executor-1] INFO  server.RaftServer$Division (ServerState.java:setLeader(271)) - e31d96e5-7e9e-4f8e-80d3-ffe1fdf992c4@group-C9E251B369B0: change Leader from null to e0e3eed1-d528-4a83-939c-b34003b9dea6 at term 2 for installSnapshot, leader elected after 34090ms
2021-06-09 09:33:26,323 [grpc-default-executor-1] INFO  server.RaftServer$Division (RaftServerImpl.java:notifyStateMachineToInstallSnapshot(1580)) - e31d96e5-7e9e-4f8e-80d3-ffe1fdf992c4@group-C9E251B369B0: notifyInstallSnapshot: nextIndex is 0 but the leader's first available index is 105.
2021-06-09 09:33:26,324 [grpc-default-executor-1] INFO  ha.SCMStateMachine (SCMStateMachine.java:notifyInstallSnapshotFromLeader(201)) - Received install snapshot notification from SCM leader: localhost:14324 with term index: (t:2, i:105)
2021-06-09 09:33:26,324 [pool-55-thread-1] INFO  ha.SCMHAManagerImpl (SCMHAManagerImpl.java:getDBCheckpointFromLeader(206)) - Downloading checkpoint from leader SCM scmNode-1 and reloading state from the checkpoint.
2021-06-09 09:33:26,330 [cc259bf8-a2eb-4525-8fb1-f4b47156f121@group-5894FE760DEC-LeaderElection14] INFO  impl.LeaderElection (LeaderElection.java:askForVotes(306)) - cc259bf8-a2eb-4525-8fb1-f4b47156f121@group-5894FE760DEC-LeaderElection14 ELECTION round 0: submit vote requests at term 5 for -1: [697bcd3f-2547-41de-8cec-7c932316130e|rpc:127.0.0.1:39889|dataStream:|priority:0, 3c147370-49f5-478a-bcbe-e6cea6e4d9ae|rpc:127.0.0.1:40749|dataStream:|priority:0, cc259bf8-a2eb-4525-8fb1-f4b47156f121|rpc:127.0.0.1:43471|dataStream:|priority:1], old=null
2021-06-09 09:33:26,383 [grpc-default-executor-3] INFO  server.RaftServer$Division (RaftServerImpl.java:requestVote(1042)) - 3c147370-49f5-478a-bcbe-e6cea6e4d9ae@group-5894FE760DEC: receive requestVote(ELECTION, cc259bf8-a2eb-4525-8fb1-f4b47156f121, group-5894FE760DEC, 5, (t:0, i:0))
2021-06-09 09:33:26,383 [grpc-default-executor-3] INFO  impl.VoteContext (VoteContext.java:log(48)) - 3c147370-49f5-478a-bcbe-e6cea6e4d9ae@group-5894FE760DEC-FOLLOWER: accept ELECTION from cc259bf8-a2eb-4525-8fb1-f4b47156f121: our priority 0 <= candidate's priority 1
2021-06-09 09:33:26,383 [grpc-default-executor-3] INFO  server.RaftServer$Division (RaftServerImpl.java:setRole(284)) - 3c147370-49f5-478a-bcbe-e6cea6e4d9ae@group-5894FE760DEC: changes role from  FOLLOWER to FOLLOWER at term 5 for candidate:cc259bf8-a2eb-4525-8fb1-f4b47156f121
2021-06-09 09:33:26,383 [grpc-default-executor-3] INFO  impl.RoleInfo (RoleInfo.java:shutdownFollowerState(108)) - 3c147370-49f5-478a-bcbe-e6cea6e4d9ae: shutdown 3c147370-49f5-478a-bcbe-e6cea6e4d9ae@group-5894FE760DEC-FollowerState
2021-06-09 09:33:26,383 [grpc-default-executor-3] INFO  impl.RoleInfo (RoleInfo.java:updateAndGet(130)) - 3c147370-49f5-478a-bcbe-e6cea6e4d9ae: start 3c147370-49f5-478a-bcbe-e6cea6e4d9ae@group-5894FE760DEC-FollowerState
2021-06-09 09:33:26,383 [3c147370-49f5-478a-bcbe-e6cea6e4d9ae@group-5894FE760DEC-FollowerState] INFO  impl.FollowerState (FollowerState.java:run(143)) - 3c147370-49f5-478a-bcbe-e6cea6e4d9ae@group-5894FE760DEC-FollowerState was interrupted: {}
java.lang.InterruptedException: sleep interrupted
	at java.lang.Thread.sleep(Native Method)
	at java.lang.Thread.sleep(Thread.java:340)
	at java.util.concurrent.TimeUnit.sleep(TimeUnit.java:386)
	at org.apache.ratis.util.TimeDuration.sleep(TimeDuration.java:324)
	at org.apache.ratis.util.TimeDuration.sleep(TimeDuration.java:309)
	at org.apache.ratis.server.impl.FollowerState.run(FollowerState.java:118)
2021-06-09 09:33:26,389 [grpc-default-executor-5] INFO  ha.SCMDBCheckpointProvider (SCMDBCheckpointProvider.java:writeDBCheckPointToSream(48)) - Received request to obtain SCM DB checkpoint snapshot
2021-06-09 09:33:26,390 [grpc-default-executor-4] INFO  server.RaftServer$Division (RaftServerImpl.java:requestVote(1042)) - 697bcd3f-2547-41de-8cec-7c932316130e@group-5894FE760DEC: receive requestVote(ELECTION, cc259bf8-a2eb-4525-8fb1-f4b47156f121, group-5894FE760DEC, 5, (t:0, i:0))
2021-06-09 09:33:26,390 [grpc-default-executor-4] INFO  impl.VoteContext (VoteContext.java:log(48)) - 697bcd3f-2547-41de-8cec-7c932316130e@group-5894FE760DEC-FOLLOWER: accept ELECTION from cc259bf8-a2eb-4525-8fb1-f4b47156f121: our priority 0 <= candidate's priority 1
2021-06-09 09:33:26,390 [grpc-default-executor-4] INFO  server.RaftServer$Division (RaftServerImpl.java:setRole(284)) - 697bcd3f-2547-41de-8cec-7c932316130e@group-5894FE760DEC: changes role from  FOLLOWER to FOLLOWER at term 5 for candidate:cc259bf8-a2eb-4525-8fb1-f4b47156f121
2021-06-09 09:33:26,390 [grpc-default-executor-4] INFO  impl.RoleInfo (RoleInfo.java:shutdownFollowerState(108)) - 697bcd3f-2547-41de-8cec-7c932316130e: shutdown 697bcd3f-2547-41de-8cec-7c932316130e@group-5894FE760DEC-FollowerState
2021-06-09 09:33:26,391 [697bcd3f-2547-41de-8cec-7c932316130e@group-5894FE760DEC-FollowerState] INFO  impl.FollowerState (FollowerState.java:run(143)) - 697bcd3f-2547-41de-8cec-7c932316130e@group-5894FE760DEC-FollowerState was interrupted: {}
java.lang.InterruptedException: sleep interrupted
	at java.lang.Thread.sleep(Native Method)
	at java.lang.Thread.sleep(Thread.java:340)
	at java.util.concurrent.TimeUnit.sleep(TimeUnit.java:386)
	at org.apache.ratis.util.TimeDuration.sleep(TimeDuration.java:324)
	at org.apache.ratis.util.TimeDuration.sleep(TimeDuration.java:309)
	at org.apache.ratis.server.impl.FollowerState.run(FollowerState.java:118)
2021-06-09 09:33:26,391 [grpc-default-executor-4] INFO  impl.RoleInfo (RoleInfo.java:updateAndGet(130)) - 697bcd3f-2547-41de-8cec-7c932316130e: start 697bcd3f-2547-41de-8cec-7c932316130e@group-5894FE760DEC-FollowerState
2021-06-09 09:33:26,392 [grpc-default-executor-3] INFO  server.RaftServer$Division (RaftServerImpl.java:requestVote(1074)) - 3c147370-49f5-478a-bcbe-e6cea6e4d9ae@group-5894FE760DEC replies to ELECTION vote request: cc259bf8-a2eb-4525-8fb1-f4b47156f121<-3c147370-49f5-478a-bcbe-e6cea6e4d9ae#0:OK-t5. Peer's state: 3c147370-49f5-478a-bcbe-e6cea6e4d9ae@group-5894FE760DEC:t5, leader=null, voted=cc259bf8-a2eb-4525-8fb1-f4b47156f121, raftlog=3c147370-49f5-478a-bcbe-e6cea6e4d9ae@group-5894FE760DEC-SegmentedRaftLog:OPENED:c-1,f-1,i0, conf=-1: [697bcd3f-2547-41de-8cec-7c932316130e|rpc:127.0.0.1:39889|priority:0, 3c147370-49f5-478a-bcbe-e6cea6e4d9ae|rpc:127.0.0.1:40749|priority:0, cc259bf8-a2eb-4525-8fb1-f4b47156f121|rpc:127.0.0.1:43471|priority:1], old=null
2021-06-09 09:33:26,397 [grpc-default-executor-5] INFO  db.RDBCheckpointManager (RDBCheckpointManager.java:createCheckpoint(86)) - Created checkpoint at /home/runner/work/ozone/ozone/mnt/ozone/hadoop-ozone/integration-test/target/test-dir/MiniOzoneClusterImpl-43f0ca0c-372e-4c55-aedd-c9e251b369b0/scmNode-1/db.checkpoints/scm.db_checkpoint_1623231206389 in 8 milliseconds
2021-06-09 09:33:26,409 [grpc-default-executor-4] INFO  server.RaftServer$Division (RaftServerImpl.java:requestVote(1074)) - 697bcd3f-2547-41de-8cec-7c932316130e@group-5894FE760DEC replies to ELECTION vote request: cc259bf8-a2eb-4525-8fb1-f4b47156f121<-697bcd3f-2547-41de-8cec-7c932316130e#0:OK-t5. Peer's state: 697bcd3f-2547-41de-8cec-7c932316130e@group-5894FE760DEC:t5, leader=null, voted=cc259bf8-a2eb-4525-8fb1-f4b47156f121, raftlog=697bcd3f-2547-41de-8cec-7c932316130e@group-5894FE760DEC-SegmentedRaftLog:OPENED:c-1,f-1,i0, conf=-1: [697bcd3f-2547-41de-8cec-7c932316130e|rpc:127.0.0.1:39889|priority:0, 3c147370-49f5-478a-bcbe-e6cea6e4d9ae|rpc:127.0.0.1:40749|priority:0, cc259bf8-a2eb-4525-8fb1-f4b47156f121|rpc:127.0.0.1:43471|priority:1], old=null
2021-06-09 09:33:26,410 [cc259bf8-a2eb-4525-8fb1-f4b47156f121@group-5894FE760DEC-LeaderElection14] INFO  impl.LeaderElection (LeaderElection.java:logAndReturn(89)) - cc259bf8-a2eb-4525-8fb1-f4b47156f121@group-5894FE760DEC-LeaderElection14: ELECTION PASSED received 1 response(s) and 0 exception(s):
2021-06-09 09:33:26,410 [cc259bf8-a2eb-4525-8fb1-f4b47156f121@group-5894FE760DEC-LeaderElection14] INFO  impl.LeaderElection (LeaderElection.java:logAndReturn(93)) -   Response 0: cc259bf8-a2eb-4525-8fb1-f4b47156f121<-3c147370-49f5-478a-bcbe-e6cea6e4d9ae#0:OK-t5
2021-06-09 09:33:26,410 [cc259bf8-a2eb-4525-8fb1-f4b47156f121@group-5894FE760DEC-LeaderElection14] INFO  impl.LeaderElection (LeaderElection.java:askForVotes(308)) - cc259bf8-a2eb-4525-8fb1-f4b47156f121@group-5894FE760DEC-LeaderElection14 ELECTION round 0: result PASSED
2021-06-09 09:33:26,410 [cc259bf8-a2eb-4525-8fb1-f4b47156f121@group-5894FE760DEC-LeaderElection14] INFO  impl.RoleInfo (RoleInfo.java:shutdownLeaderElection(121)) - cc259bf8-a2eb-4525-8fb1-f4b47156f121: shutdown cc259bf8-a2eb-4525-8fb1-f4b47156f121@group-5894FE760DEC-LeaderElection14
2021-06-09 09:33:26,410 [cc259bf8-a2eb-4525-8fb1-f4b47156f121@group-5894FE760DEC-LeaderElection14] INFO  server.RaftServer$Division (RaftServerImpl.java:setRole(284)) - cc259bf8-a2eb-4525-8fb1-f4b47156f121@group-5894FE760DEC: changes role from CANDIDATE to LEADER at term 5 for changeToLeader
2021-06-09 09:33:26,410 [cc259bf8-a2eb-4525-8fb1-f4b47156f121@group-5894FE760DEC-LeaderElection14] INFO  ratis.XceiverServerRatis (XceiverServerRatis.java:handleLeaderChangedNotification(906)) - Leader change notification received for group: group-5894FE760DEC with new leaderId: cc259bf8-a2eb-4525-8fb1-f4b47156f121
2021-06-09 09:33:26,410 [cc259bf8-a2eb-4525-8fb1-f4b47156f121@group-5894FE760DEC-LeaderElection14] INFO  server.RaftServer$Division (ServerState.java:setLeader(271)) - cc259bf8-a2eb-4525-8fb1-f4b47156f121@group-5894FE760DEC: change Leader from null to cc259bf8-a2eb-4525-8fb1-f4b47156f121 at term 5 for becomeLeader, leader elected after 25527ms
2021-06-09 09:33:26,410 [cc259bf8-a2eb-4525-8fb1-f4b47156f121@group-5894FE760DEC-LeaderElection14] INFO  server.RaftServerConfigKeys (ConfUtils.java:logGet(44)) - raft.server.staging.catchup.gap = 1000 (default)
2021-06-09 09:33:26,410 [cc259bf8-a2eb-4525-8fb1-f4b47156f121@group-5894FE760DEC-LeaderElection14] INFO  metrics.RatisMetrics (RatisMetrics.java:lambda$create$0(36)) - Creating Metrics Registry : ratis.log_appender.cc259bf8-a2eb-4525-8fb1-f4b47156f121@group-5894FE760DEC
2021-06-09 09:33:26,411 [cc259bf8-a2eb-4525-8fb1-f4b47156f121@group-5894FE760DEC-LeaderElection14] INFO  server.RaftServerConfigKeys (ConfUtils.java:logGet(44)) - raft.server.write.element-limit = 1024 (custom)
2021-06-09 09:33:26,411 [cc259bf8-a2eb-4525-8fb1-f4b47156f121@group-5894FE760DEC-LeaderElection14] INFO  server.RaftServerConfigKeys (ConfUtils.java:logGet(44)) - raft.server.write.byte-limit = 1073741824 (custom)
2021-06-09 09:33:26,411 [cc259bf8-a2eb-4525-8fb1-f4b47156f121@group-5894FE760DEC-LeaderElection14] INFO  server.RaftServerConfigKeys (ConfUtils.java:logGet(44)) - raft.server.watch.timeout = 180s (custom)
2021-06-09 09:33:26,411 [cc259bf8-a2eb-4525-8fb1-f4b47156f121@group-5894FE760DEC-LeaderElection14] INFO  server.RaftServerConfigKeys (ConfUtils.java:logGet(44)) - raft.server.watch.timeout.denomination = 1s (default)
2021-06-09 09:33:26,411 [cc259bf8-a2eb-4525-8fb1-f4b47156f121@group-5894FE760DEC-LeaderElection14] INFO  server.RaftServerConfigKeys (ConfUtils.java:logGet(44)) - raft.server.watch.element-limit = 65536 (default)
2021-06-09 09:33:26,411 [cc259bf8-a2eb-4525-8fb1-f4b47156f121@group-5894FE760DEC-LeaderElection14] INFO  server.RaftServerConfigKeys (ConfUtils.java:logGet(44)) - raft.server.log.appender.snapshot.chunk.size.max = 16MB (=16777216) (default)
2021-06-09 09:33:26,411 [cc259bf8-a2eb-4525-8fb1-f4b47156f121@group-5894FE760DEC-LeaderElection14] INFO  server.RaftServerConfigKeys (ConfUtils.java:logGet(44)) - raft.server.log.appender.buffer.byte-limit = 33554432 (custom)
2021-06-09 09:33:26,411 [cc259bf8-a2eb-4525-8fb1-f4b47156f121@group-5894FE760DEC-LeaderElection14] INFO  server.RaftServerConfigKeys (ConfUtils.java:logGet(44)) - raft.server.log.appender.buffer.element-limit = 1 (custom)
2021-06-09 09:33:26,411 [cc259bf8-a2eb-4525-8fb1-f4b47156f121@group-5894FE760DEC-LeaderElection14] INFO  grpc.GrpcConfigKeys (ConfUtils.java:logGet(44)) - raft.grpc.server.leader.outstanding.appends.max = 128 (default)
2021-06-09 09:33:26,411 [cc259bf8-a2eb-4525-8fb1-f4b47156f121@group-5894FE760DEC-LeaderElection14] INFO  server.RaftServerConfigKeys (ConfUtils.java:logGet(44)) - raft.server.rpc.request.timeout = 60s (custom)
2021-06-09 09:33:26,411 [cc259bf8-a2eb-4525-8fb1-f4b47156f121@group-5894FE760DEC-LeaderElection14] INFO  server.RaftServerConfigKeys (ConfUtils.java:logGet(44)) - raft.server.log.appender.install.snapshot.enabled = false (custom)
2021-06-09 09:33:26,411 [cc259bf8-a2eb-4525-8fb1-f4b47156f121@group-5894FE760DEC-LeaderElection14] INFO  metrics.RatisMetrics (RatisMetrics.java:lambda$create$0(36)) - Creating Metrics Registry : ratis_grpc.log_appender.cc259bf8-a2eb-4525-8fb1-f4b47156f121@group-5894FE760DEC
2021-06-09 09:33:26,412 [EventQueue-PipelineReportForPipelineReportHandler] INFO  pipeline.PipelineManagerV2Impl (PipelineManagerV2Impl.java:openPipeline(270)) - Pipeline Pipeline[ Id: 01afcea1-9cbf-4cb9-976c-5894fe760dec, Nodes: cc259bf8-a2eb-4525-8fb1-f4b47156f121{ip: 127.0.0.1, host: localhost, ports: [REPLICATION=42185, RATIS=43471, RATIS_ADMIN=43471, RATIS_SERVER=43471, STANDALONE=33151], networkLocation: /default-rack, certSerialId: null, persistedOpState: IN_SERVICE, persistedOpStateExpiryEpochSec: 0}697bcd3f-2547-41de-8cec-7c932316130e{ip: 127.0.0.1, host: localhost, ports: [REPLICATION=44561, RATIS=39889, RATIS_ADMIN=39889, RATIS_SERVER=39889, STANDALONE=35753], networkLocation: /default-rack, certSerialId: null, persistedOpState: IN_SERVICE, persistedOpStateExpiryEpochSec: 0}3c147370-49f5-478a-bcbe-e6cea6e4d9ae{ip: 127.0.0.1, host: localhost, ports: [REPLICATION=38125, RATIS=40749, RATIS_ADMIN=40749, RATIS_SERVER=40749, STANDALONE=35693], networkLocation: /default-rack, certSerialId: null, persistedOpState: IN_SERVICE, persistedOpStateExpiryEpochSec: 0}, ReplicationConfig: RATIS/THREE, State:ALLOCATED, leaderId:cc259bf8-a2eb-4525-8fb1-f4b47156f121, CreationTimestamp2021-06-09T09:32:57.980Z] moved to OPEN state
2021-06-09 09:33:26,412 [cc259bf8-a2eb-4525-8fb1-f4b47156f121@group-5894FE760DEC-LeaderElection14] INFO  server.RaftServerConfigKeys (ConfUtils.java:logGet(44)) - raft.server.log.appender.snapshot.chunk.size.max = 16MB (=16777216) (default)
2021-06-09 09:33:26,412 [cc259bf8-a2eb-4525-8fb1-f4b47156f121@group-5894FE760DEC-LeaderElection14] INFO  server.RaftServerConfigKeys (ConfUtils.java:logGet(44)) - raft.server.log.appender.buffer.byte-limit = 33554432 (custom)
2021-06-09 09:33:26,412 [cc259bf8-a2eb-4525-8fb1-f4b47156f121@group-5894FE760DEC-LeaderElection14] INFO  server.RaftServerConfigKeys (ConfUtils.java:logGet(44)) - raft.server.log.appender.buffer.element-limit = 1 (custom)
2021-06-09 09:33:26,412 [cc259bf8-a2eb-4525-8fb1-f4b47156f121@group-5894FE760DEC-LeaderElection14] INFO  grpc.GrpcConfigKeys (ConfUtils.java:logGet(44)) - raft.grpc.server.leader.outstanding.appends.max = 128 (default)
2021-06-09 09:33:26,412 [cc259bf8-a2eb-4525-8fb1-f4b47156f121@group-5894FE760DEC-LeaderElection14] INFO  server.RaftServerConfigKeys (ConfUtils.java:logGet(44)) - raft.server.rpc.request.timeout = 60s (custom)
2021-06-09 09:33:26,412 [cc259bf8-a2eb-4525-8fb1-f4b47156f121@group-5894FE760DEC-LeaderElection14] INFO  server.RaftServerConfigKeys (ConfUtils.java:logGet(44)) - raft.server.log.appender.install.snapshot.enabled = false (custom)
2021-06-09 09:33:26,413 [cc259bf8-a2eb-4525-8fb1-f4b47156f121@group-5894FE760DEC-LeaderElection14] INFO  impl.RoleInfo (RoleInfo.java:updateAndGet(130)) - cc259bf8-a2eb-4525-8fb1-f4b47156f121: start cc259bf8-a2eb-4525-8fb1-f4b47156f121@group-5894FE760DEC-LeaderStateImpl
2021-06-09 09:33:26,414 [EventQueue-OpenPipelineForHealthyPipelineSafeModeRule] INFO  safemode.SCMSafeModeManager (HealthyPipelineSafeModeRule.java:process(130)) - SCM in safe mode. Healthy pipelines reported count is 0, required healthy pipeline reported count is 1
2021-06-09 09:33:26,416 [EventQueue-OpenPipelineForHealthyPipelineSafeModeRule] INFO  safemode.SCMSafeModeManager (HealthyPipelineSafeModeRule.java:process(130)) - SCM in safe mode. Healthy pipelines reported count is 1, required healthy pipeline reported count is 1
2021-06-09 09:33:26,413 [EventQueue-PipelineReportForPipelineReportHandler] INFO  pipeline.PipelineManagerV2Impl (PipelineManagerV2Impl.java:openPipeline(270)) - Pipeline Pipeline[ Id: 01afcea1-9cbf-4cb9-976c-5894fe760dec, Nodes: cc259bf8-a2eb-4525-8fb1-f4b47156f121{ip: 127.0.0.1, host: localhost, ports: [REPLICATION=42185, RATIS=43471, RATIS_ADMIN=43471, RATIS_SERVER=43471, STANDALONE=33151], networkLocation: /default-rack, certSerialId: null, persistedOpState: IN_SERVICE, persistedOpStateExpiryEpochSec: 0}697bcd3f-2547-41de-8cec-7c932316130e{ip: 127.0.0.1, host: localhost, ports: [REPLICATION=44561, RATIS=39889, RATIS_ADMIN=39889, RATIS_SERVER=39889, STANDALONE=35753], networkLocation: /default-rack, certSerialId: null, persistedOpState: IN_SERVICE, persistedOpStateExpiryEpochSec: 0}3c147370-49f5-478a-bcbe-e6cea6e4d9ae{ip: 127.0.0.1, host: localhost, ports: [REPLICATION=38125, RATIS=40749, RATIS_ADMIN=40749, RATIS_SERVER=40749, STANDALONE=35693], networkLocation: /default-rack, certSerialId: null, persistedOpState: IN_SERVICE, persistedOpStateExpiryEpochSec: 0}, ReplicationConfig: RATIS/THREE, State:ALLOCATED, leaderId:cc259bf8-a2eb-4525-8fb1-f4b47156f121, CreationTimestamp2021-06-09T09:32:57.980Z] moved to OPEN state
2021-06-09 09:33:26,416 [EventQueue-PipelineReportForPipelineReportHandler] INFO  ha.SCMHAInvocationHandler (SCMHAInvocationHandler.java:invokeRatis(113)) - Invoking method public abstract void org.apache.hadoop.hdds.scm.pipeline.StateManager.updatePipelineState(org.apache.hadoop.hdds.protocol.proto.HddsProtos$PipelineID,org.apache.hadoop.hdds.protocol.proto.HddsProtos$PipelineState) throws java.io.IOException on target org.apache.hadoop.hdds.scm.ha.SCMRatisServerImpl@2399437e, cost 177.901us
2021-06-09 09:33:26,417 [EventQueue-PipelineReportForPipelineReportHandler] ERROR pipeline.PipelineReportHandler (PipelineReportHandler.java:onMessage(93)) - Could not process pipeline report=pipelineID {
  id: "01afcea1-9cbf-4cb9-976c-5894fe760dec"
  uuid128 {
    mostSigBits: 121542908477131961
    leastSigBits: -7535550679550128660
  }
}
isLeader: true
bytesWritten: 0
 from dn=cc259bf8-a2eb-4525-8fb1-f4b47156f121{ip: 127.0.0.1, host: localhost, ports: [REPLICATION=42185, RATIS=43471, RATIS_ADMIN=43471, RATIS_SERVER=43471, STANDALONE=33151], networkLocation: /default-rack, certSerialId: null, persistedOpState: null, persistedOpStateExpiryEpochSec: 0}.
org.apache.ratis.protocol.exceptions.NotLeaderException: Server 943a282b-f1b6-4c47-b0d5-ac1d3ae1d1bb@group-C9E251B369B0 is not the leader e0e3eed1-d528-4a83-939c-b34003b9dea6|rpc:localhost:14324|admin:|client:|dataStream:|priority:0
	at org.apache.ratis.server.impl.RaftServerImpl.generateNotLeaderException(RaftServerImpl.java:661)
	at org.apache.ratis.server.impl.RaftServerImpl.checkLeaderState(RaftServerImpl.java:626)
	at org.apache.ratis.server.impl.RaftServerImpl.submitClientRequestAsync(RaftServerImpl.java:754)
	at org.apache.ratis.server.impl.RaftServerProxy.lambda$submitClientRequestAsync$9(RaftServerProxy.java:417)
	at org.apache.ratis.server.impl.RaftServerProxy.lambda$null$7(RaftServerProxy.java:412)
	at org.apache.ratis.util.JavaUtils.callAsUnchecked(JavaUtils.java:115)
	at org.apache.ratis.server.impl.RaftServerProxy.lambda$submitRequest$8(RaftServerProxy.java:412)
	at java.util.concurrent.CompletableFuture.uniComposeStage(CompletableFuture.java:995)
	at java.util.concurrent.CompletableFuture.thenCompose(CompletableFuture.java:2137)
	at org.apache.ratis.server.impl.RaftServerProxy.submitRequest(RaftServerProxy.java:411)
	at org.apache.ratis.server.impl.RaftServerProxy.submitClientRequestAsync(RaftServerProxy.java:417)
	at org.apache.hadoop.hdds.scm.ha.SCMRatisServerImpl.submitRequest(SCMRatisServerImpl.java:214)
	at org.apache.hadoop.hdds.scm.ha.SCMHAInvocationHandler.invokeRatis(SCMHAInvocationHandler.java:110)
	at org.apache.hadoop.hdds.scm.ha.SCMHAInvocationHandler.invoke(SCMHAInvocationHandler.java:67)
	at com.sun.proxy.$Proxy22.updatePipelineState(Unknown Source)
	at org.apache.hadoop.hdds.scm.pipeline.PipelineManagerV2Impl.openPipeline(PipelineManagerV2Impl.java:271)
	at org.apache.hadoop.hdds.scm.pipeline.PipelineReportHandler.processPipelineReport(PipelineReportHandler.java:124)
	at org.apache.hadoop.hdds.scm.pipeline.PipelineReportHandler.onMessage(PipelineReportHandler.java:91)
	at org.apache.hadoop.hdds.scm.pipeline.PipelineReportHandler.onMessage(PipelineReportHandler.java:50)
	at org.apache.hadoop.hdds.server.events.SingleThreadExecutor.lambda$onMessage$1(SingleThreadExecutor.java:81)
	at java.util.concurrent.ThreadPoolExecutor.runWorker(ThreadPoolExecutor.java:1149)
	at java.util.concurrent.ThreadPoolExecutor$Worker.run(ThreadPoolExecutor.java:624)
	at java.lang.Thread.run(Thread.java:748)
2021-06-09 09:33:26,413 [EventQueue-PipelineReportForOneReplicaPipelineSafeModeRule] INFO  safemode.SCMSafeModeManager (SCMSafeModeManager.java:validateSafeModeExitRules(201)) - AtleastOneDatanodeReportedRule rule is successfully validated
2021-06-09 09:33:26,418 [EventQueue-OpenPipelineForHealthyPipelineSafeModeRule] INFO  safemode.SCMSafeModeManager (SCMSafeModeManager.java:validateSafeModeExitRules(201)) - HealthyPipelineSafeModeRule rule is successfully validated
2021-06-09 09:33:26,418 [EventQueue-OpenPipelineForHealthyPipelineSafeModeRule] INFO  safemode.SCMSafeModeManager (SCMSafeModeManager.java:validateSafeModeExitRules(215)) - ScmSafeModeManager, all rules are successfully validated
2021-06-09 09:33:26,418 [EventQueue-OpenPipelineForHealthyPipelineSafeModeRule] INFO  safemode.SCMSafeModeManager (SCMSafeModeManager.java:exitSafeMode(244)) - SCM exiting safe mode.
2021-06-09 09:33:26,418 [EventQueue-OpenPipelineForHealthyPipelineSafeModeRule] WARN  events.EventQueue (EventQueue.java:fireEvent(185)) - No event handler registered for event TypedEvent{payloadType=SafeModeStatus, name='Safe mode status'}
2021-06-09 09:33:26,418 [EventQueue-OpenPipelineForHealthyPipelineSafeModeRule] INFO  ha.SCMContext (SCMContext.java:updateSafeModeStatus(148)) - Update SafeModeStatus from SafeModeStatus{safeModeStatus=true, preCheckPassed=true} to SafeModeStatus{safeModeStatus=false, preCheckPassed=true}.
2021-06-09 09:33:26,418 [cc259bf8-a2eb-4525-8fb1-f4b47156f121@group-5894FE760DEC-LeaderElection14] INFO  segmented.SegmentedRaftLogWorker (SegmentedRaftLogWorker.java:startLogSegment(394)) - cc259bf8-a2eb-4525-8fb1-f4b47156f121@group-5894FE760DEC-SegmentedRaftLogWorker: Starting segment from index:0
2021-06-09 09:33:26,420 [EventQueue-PipelineReportForPipelineReportHandler] INFO  ha.SCMHAInvocationHandler (SCMHAInvocationHandler.java:invokeRatis(113)) - Invoking method public abstract void org.apache.hadoop.hdds.scm.pipeline.StateManager.updatePipelineState(org.apache.hadoop.hdds.protocol.proto.HddsProtos$PipelineID,org.apache.hadoop.hdds.protocol.proto.HddsProtos$PipelineState) throws java.io.IOException on target org.apache.hadoop.hdds.scm.ha.SCMRatisServerImpl@7356e723, cost 8327.65us
2021-06-09 09:33:26,422 [cc259bf8-a2eb-4525-8fb1-f4b47156f121@group-5894FE760DEC-SegmentedRaftLogWorker] INFO  segmented.SegmentedRaftLogWorker (SegmentedRaftLogWorker.java:execute(601)) - cc259bf8-a2eb-4525-8fb1-f4b47156f121@group-5894FE760DEC-SegmentedRaftLogWorker: created new log segment /home/runner/work/ozone/ozone/mnt/ozone/hadoop-ozone/integration-test/target/test-dir/MiniOzoneClusterImpl-43f0ca0c-372e-4c55-aedd-c9e251b369b0/datanode-2/data/ratis/01afcea1-9cbf-4cb9-976c-5894fe760dec/current/log_inprogress_0
2021-06-09 09:33:26,428 [grpc-default-executor-1] INFO  server.RaftServer$Division (RaftServerImpl.java:installSnapshotImpl(1458)) - e31d96e5-7e9e-4f8e-80d3-ffe1fdf992c4@group-C9E251B369B0: set new configuration index: 5
configurationEntry {
  peers {
    id: "e0e3eed1-d528-4a83-939c-b34003b9dea6"
    address: "localhost:14324"
  }
  peers {
    id: "943a282b-f1b6-4c47-b0d5-ac1d3ae1d1bb"
    address: "localhost:14334"
  }
}
 from snapshot
2021-06-09 09:33:26,431 [grpc-default-executor-1] INFO  server.RaftServer$Division (ServerState.java:setRaftConf(373)) - e31d96e5-7e9e-4f8e-80d3-ffe1fdf992c4@group-C9E251B369B0: set configuration 5: [e0e3eed1-d528-4a83-939c-b34003b9dea6|rpc:localhost:14324|admin:|client:|dataStream:|priority:0, 943a282b-f1b6-4c47-b0d5-ac1d3ae1d1bb|rpc:localhost:14334|admin:|client:|dataStream:|priority:0], old=null
2021-06-09 09:33:26,432 [grpc-default-executor-1] INFO  server.RaftServer$Division (RaftServerImpl.java:installSnapshot(1339)) - e31d96e5-7e9e-4f8e-80d3-ffe1fdf992c4@group-C9E251B369B0: reply installSnapshot: e0e3eed1-d528-4a83-939c-b34003b9dea6<-e31d96e5-7e9e-4f8e-80d3-ffe1fdf992c4#0:FAIL-t0,IN_PROGRESS
2021-06-09 09:33:26,434 [grpc-default-executor-1] INFO  server.GrpcServerProtocolService (GrpcServerProtocolService.java:onCompleted(140)) - e31d96e5-7e9e-4f8e-80d3-ffe1fdf992c4: Completed INSTALL_SNAPSHOT, lastRequest: e0e3eed1-d528-4a83-939c-b34003b9dea6->e31d96e5-7e9e-4f8e-80d3-ffe1fdf992c4#0-t2,notify:(t:2, i:105)
2021-06-09 09:33:26,438 [cc259bf8-a2eb-4525-8fb1-f4b47156f121@group-5894FE760DEC-LeaderElection14] INFO  server.RaftServer$Division (ServerState.java:setRaftConf(373)) - cc259bf8-a2eb-4525-8fb1-f4b47156f121@group-5894FE760DEC: set configuration 0: [697bcd3f-2547-41de-8cec-7c932316130e|rpc:127.0.0.1:39889|dataStream:|priority:0, 3c147370-49f5-478a-bcbe-e6cea6e4d9ae|rpc:127.0.0.1:40749|dataStream:|priority:0, cc259bf8-a2eb-4525-8fb1-f4b47156f121|rpc:127.0.0.1:43471|dataStream:|priority:1], old=null
2021-06-09 09:33:26,444 [grpc-default-executor-1] INFO  ratis.XceiverServerRatis (XceiverServerRatis.java:handleLeaderChangedNotification(906)) - Leader change notification received for group: group-5894FE760DEC with new leaderId: cc259bf8-a2eb-4525-8fb1-f4b47156f121
2021-06-09 09:33:26,444 [grpc-default-executor-1] INFO  server.RaftServer$Division (ServerState.java:setLeader(271)) - 697bcd3f-2547-41de-8cec-7c932316130e@group-5894FE760DEC: change Leader from null to cc259bf8-a2eb-4525-8fb1-f4b47156f121 at term 5 for appendEntries, leader elected after 25680ms
2021-06-09 09:33:26,449 [grpc-default-executor-4] INFO  ratis.XceiverServerRatis (XceiverServerRatis.java:handleLeaderChangedNotification(906)) - Leader change notification received for group: group-5894FE760DEC with new leaderId: cc259bf8-a2eb-4525-8fb1-f4b47156f121
2021-06-09 09:33:26,449 [grpc-default-executor-4] INFO  server.RaftServer$Division (ServerState.java:setLeader(271)) - 3c147370-49f5-478a-bcbe-e6cea6e4d9ae@group-5894FE760DEC: change Leader from null to cc259bf8-a2eb-4525-8fb1-f4b47156f121 at term 5 for appendEntries, leader elected after 25547ms
2021-06-09 09:33:26,451 [grpc-default-executor-1] INFO  server.RaftServer$Division (ServerState.java:setRaftConf(373)) - 697bcd3f-2547-41de-8cec-7c932316130e@group-5894FE760DEC: set configuration 0: [697bcd3f-2547-41de-8cec-7c932316130e|rpc:127.0.0.1:39889|dataStream:|priority:0, 3c147370-49f5-478a-bcbe-e6cea6e4d9ae|rpc:127.0.0.1:40749|dataStream:|priority:0, cc259bf8-a2eb-4525-8fb1-f4b47156f121|rpc:127.0.0.1:43471|dataStream:|priority:1], old=null
2021-06-09 09:33:26,449 [grpc-default-executor-3] INFO  server.GrpcLogAppender (GrpcLogAppender.java:onNext(400)) - e0e3eed1-d528-4a83-939c-b34003b9dea6@group-C9E251B369B0->e31d96e5-7e9e-4f8e-80d3-ffe1fdf992c4-InstallSnapshotResponseHandler: received the first reply e0e3eed1-d528-4a83-939c-b34003b9dea6<-e31d96e5-7e9e-4f8e-80d3-ffe1fdf992c4#0:FAIL-t0,IN_PROGRESS
2021-06-09 09:33:26,454 [grpc-default-executor-3] INFO  server.GrpcLogAppender (GrpcLogAppender.java:onNext(417)) - e0e3eed1-d528-4a83-939c-b34003b9dea6@group-C9E251B369B0->e31d96e5-7e9e-4f8e-80d3-ffe1fdf992c4-InstallSnapshotResponseHandler: InstallSnapshot in progress.
2021-06-09 09:33:26,457 [grpc-default-executor-1] INFO  segmented.SegmentedRaftLogWorker (SegmentedRaftLogWorker.java:startLogSegment(394)) - 697bcd3f-2547-41de-8cec-7c932316130e@group-5894FE760DEC-SegmentedRaftLogWorker: Starting segment from index:0
2021-06-09 09:33:26,462 [grpc-default-executor-4] INFO  server.RaftServer$Division (ServerState.java:setRaftConf(373)) - 3c147370-49f5-478a-bcbe-e6cea6e4d9ae@group-5894FE760DEC: set configuration 0: [697bcd3f-2547-41de-8cec-7c932316130e|rpc:127.0.0.1:39889|dataStream:|priority:0, 3c147370-49f5-478a-bcbe-e6cea6e4d9ae|rpc:127.0.0.1:40749|dataStream:|priority:0, cc259bf8-a2eb-4525-8fb1-f4b47156f121|rpc:127.0.0.1:43471|dataStream:|priority:1], old=null
2021-06-09 09:33:26,463 [grpc-default-executor-4] INFO  segmented.SegmentedRaftLogWorker (SegmentedRaftLogWorker.java:startLogSegment(394)) - 3c147370-49f5-478a-bcbe-e6cea6e4d9ae@group-5894FE760DEC-SegmentedRaftLogWorker: Starting segment from index:0
2021-06-09 09:33:26,464 [3c147370-49f5-478a-bcbe-e6cea6e4d9ae@group-5894FE760DEC-SegmentedRaftLogWorker] INFO  segmented.SegmentedRaftLogWorker (SegmentedRaftLogWorker.java:execute(601)) - 3c147370-49f5-478a-bcbe-e6cea6e4d9ae@group-5894FE760DEC-SegmentedRaftLogWorker: created new log segment /home/runner/work/ozone/ozone/mnt/ozone/hadoop-ozone/integration-test/target/test-dir/MiniOzoneClusterImpl-43f0ca0c-372e-4c55-aedd-c9e251b369b0/datanode-1/data/ratis/01afcea1-9cbf-4cb9-976c-5894fe760dec/current/log_inprogress_0
2021-06-09 09:33:26,465 [697bcd3f-2547-41de-8cec-7c932316130e@group-5894FE760DEC-SegmentedRaftLogWorker] INFO  segmented.SegmentedRaftLogWorker (SegmentedRaftLogWorker.java:execute(601)) - 697bcd3f-2547-41de-8cec-7c932316130e@group-5894FE760DEC-SegmentedRaftLogWorker: created new log segment /home/runner/work/ozone/ozone/mnt/ozone/hadoop-ozone/integration-test/target/test-dir/MiniOzoneClusterImpl-43f0ca0c-372e-4c55-aedd-c9e251b369b0/datanode-0/data/ratis/01afcea1-9cbf-4cb9-976c-5894fe760dec/current/log_inprogress_0
2021-06-09 09:33:26,470 [grpc-default-executor-5] INFO  ha.SCMGrpcOutputStream (SCMGrpcOutputStream.java:close(111)) - Sent 6972 bytes for cluster 43f0ca0c-372e-4c55-aedd-c9e251b369b0
2021-06-09 09:33:26,477 [e0e3eed1-d528-4a83-939c-b34003b9dea6@group-C9E251B369B0->e31d96e5-7e9e-4f8e-80d3-ffe1fdf992c4-GrpcLogAppender-LogAppenderDaemon] INFO  server.GrpcLogAppender (GrpcLogAppender.java:installSnapshot(524)) - e0e3eed1-d528-4a83-939c-b34003b9dea6@group-C9E251B369B0->e31d96e5-7e9e-4f8e-80d3-ffe1fdf992c4-GrpcLogAppender: followerNextIndex = 0 but logStartIndex = 105, notify follower to install snapshot-(t:2, i:105)
2021-06-09 09:33:26,481 [grpc-default-executor-3] INFO  ha.InterSCMGrpcClient (InterSCMGrpcClient.java:onCompleted(169)) - Checkpoint is downloaded to /home/runner/work/ozone/ozone/mnt/ozone/hadoop-ozone/integration-test/target/test-dir/MiniOzoneClusterImpl-43f0ca0c-372e-4c55-aedd-c9e251b369b0/scmNode-3/snapshot/scm.db-scmNode-1-1623231206325.tar.gz
2021-06-09 09:33:26,481 [e0e3eed1-d528-4a83-939c-b34003b9dea6@group-C9E251B369B0->e31d96e5-7e9e-4f8e-80d3-ffe1fdf992c4-GrpcLogAppender-LogAppenderDaemon] INFO  server.GrpcLogAppender (GrpcLogAppender.java:installSnapshot(532)) - e0e3eed1-d528-4a83-939c-b34003b9dea6@group-C9E251B369B0->e31d96e5-7e9e-4f8e-80d3-ffe1fdf992c4-GrpcLogAppender: send e0e3eed1-d528-4a83-939c-b34003b9dea6->e31d96e5-7e9e-4f8e-80d3-ffe1fdf992c4#0-t2,notify:(t:2, i:105)
2021-06-09 09:33:26,478 [grpc-default-executor-5] INFO  ha.SCMDBCheckpointProvider (SCMDBCheckpointProvider.java:writeDBCheckPointToSream(73)) - Time taken to write the checkpoint to response output stream: 70 milliseconds
2021-06-09 09:33:26,477 [grpc-default-executor-0] INFO  impl.RoleInfo (RoleInfo.java:updateAndGet(130)) - e31d96e5-7e9e-4f8e-80d3-ffe1fdf992c4: start e31d96e5-7e9e-4f8e-80d3-ffe1fdf992c4@group-C9E251B369B0-FollowerState
2021-06-09 09:33:26,482 [grpc-default-executor-5] INFO  db.RocksDBCheckpoint (RocksDBCheckpoint.java:cleanupCheckpoint(78)) - Cleaning up RocksDB checkpoint at /home/runner/work/ozone/ozone/mnt/ozone/hadoop-ozone/integration-test/target/test-dir/MiniOzoneClusterImpl-43f0ca0c-372e-4c55-aedd-c9e251b369b0/scmNode-1/db.checkpoints/scm.db_checkpoint_1623231206389
2021-06-09 09:33:26,487 [grpc-default-executor-0] INFO  server.RaftServer$Division (RaftServerImpl.java:checkInconsistentAppendEntries(1292)) - e31d96e5-7e9e-4f8e-80d3-ffe1fdf992c4@group-C9E251B369B0: Failed appendEntries as snapshot ((t:2, i:105)) installation is in progress
2021-06-09 09:33:26,487 [grpc-default-executor-0] INFO  server.RaftServer$Division (RaftServerImpl.java:checkInconsistentAppendEntries(1284)) - e31d96e5-7e9e-4f8e-80d3-ffe1fdf992c4@group-C9E251B369B0: inconsistency entries. Reply:e0e3eed1-d528-4a83-939c-b34003b9dea6<-e31d96e5-7e9e-4f8e-80d3-ffe1fdf992c4#0:FAIL-t2,INCONSISTENCY,nextIndex=0,followerCommit=-1
2021-06-09 09:33:26,488 [grpc-default-executor-0] INFO  leader.FollowerInfo (FollowerInfoImpl.java:lambda$new$0(46)) - e0e3eed1-d528-4a83-939c-b34003b9dea6@group-C9E251B369B0->e31d96e5-7e9e-4f8e-80d3-ffe1fdf992c4: nextIndex: updateUnconditionally 0 -> 0
2021-06-09 09:33:26,492 [grpc-default-executor-3] INFO  server.RaftServer$Division (RaftServerImpl.java:installSnapshot(1328)) - e31d96e5-7e9e-4f8e-80d3-ffe1fdf992c4@group-C9E251B369B0: receive installSnapshot: e0e3eed1-d528-4a83-939c-b34003b9dea6->e31d96e5-7e9e-4f8e-80d3-ffe1fdf992c4#0-t2,notify:(t:2, i:105)
2021-06-09 09:33:26,492 [grpc-default-executor-3] INFO  server.RaftServer$Division (RaftServerImpl.java:notifyStateMachineToInstallSnapshot(1610)) - e31d96e5-7e9e-4f8e-80d3-ffe1fdf992c4@group-C9E251B369B0: Snapshot Installation by StateMachine is in progress.
2021-06-09 09:33:26,492 [grpc-default-executor-3] INFO  server.RaftServer$Division (RaftServerImpl.java:installSnapshotImpl(1458)) - e31d96e5-7e9e-4f8e-80d3-ffe1fdf992c4@group-C9E251B369B0: set new configuration index: 5
configurationEntry {
  peers {
    id: "e0e3eed1-d528-4a83-939c-b34003b9dea6"
    address: "localhost:14324"
  }
  peers {
    id: "943a282b-f1b6-4c47-b0d5-ac1d3ae1d1bb"
    address: "localhost:14334"
  }
}
 from snapshot
2021-06-09 09:33:26,492 [grpc-default-executor-3] INFO  server.RaftServer$Division (ServerState.java:setRaftConf(373)) - e31d96e5-7e9e-4f8e-80d3-ffe1fdf992c4@group-C9E251B369B0: set configuration 5: [e0e3eed1-d528-4a83-939c-b34003b9dea6|rpc:localhost:14324|admin:|client:|dataStream:|priority:0, 943a282b-f1b6-4c47-b0d5-ac1d3ae1d1bb|rpc:localhost:14334|admin:|client:|dataStream:|priority:0], old=null
2021-06-09 09:33:26,492 [grpc-default-executor-3] INFO  server.RaftServer$Division (RaftServerImpl.java:installSnapshot(1339)) - e31d96e5-7e9e-4f8e-80d3-ffe1fdf992c4@group-C9E251B369B0: reply installSnapshot: e0e3eed1-d528-4a83-939c-b34003b9dea6<-e31d96e5-7e9e-4f8e-80d3-ffe1fdf992c4#0:FAIL-t2,IN_PROGRESS
2021-06-09 09:33:26,493 [grpc-default-executor-3] INFO  server.GrpcServerProtocolService (GrpcServerProtocolService.java:onCompleted(140)) - e31d96e5-7e9e-4f8e-80d3-ffe1fdf992c4: Completed INSTALL_SNAPSHOT, lastRequest: e0e3eed1-d528-4a83-939c-b34003b9dea6->e31d96e5-7e9e-4f8e-80d3-ffe1fdf992c4#0-t2,notify:(t:2, i:105)
2021-06-09 09:33:26,493 [grpc-default-executor-0] INFO  server.GrpcLogAppender (GrpcLogAppender.java:onNext(400)) - e0e3eed1-d528-4a83-939c-b34003b9dea6@group-C9E251B369B0->e31d96e5-7e9e-4f8e-80d3-ffe1fdf992c4-InstallSnapshotResponseHandler: received a reply e0e3eed1-d528-4a83-939c-b34003b9dea6<-e31d96e5-7e9e-4f8e-80d3-ffe1fdf992c4#0:FAIL-t2,IN_PROGRESS
2021-06-09 09:33:26,494 [grpc-default-executor-0] INFO  server.GrpcLogAppender (GrpcLogAppender.java:onNext(417)) - e0e3eed1-d528-4a83-939c-b34003b9dea6@group-C9E251B369B0->e31d96e5-7e9e-4f8e-80d3-ffe1fdf992c4-InstallSnapshotResponseHandler: InstallSnapshot in progress.
2021-06-09 09:33:26,495 [e0e3eed1-d528-4a83-939c-b34003b9dea6@group-C9E251B369B0->e31d96e5-7e9e-4f8e-80d3-ffe1fdf992c4-GrpcLogAppender-LogAppenderDaemon] INFO  server.GrpcLogAppender (GrpcLogAppender.java:installSnapshot(524)) - e0e3eed1-d528-4a83-939c-b34003b9dea6@group-C9E251B369B0->e31d96e5-7e9e-4f8e-80d3-ffe1fdf992c4-GrpcLogAppender: followerNextIndex = 0 but logStartIndex = 105, notify follower to install snapshot-(t:2, i:105)
2021-06-09 09:33:26,495 [e0e3eed1-d528-4a83-939c-b34003b9dea6@group-C9E251B369B0->e31d96e5-7e9e-4f8e-80d3-ffe1fdf992c4-GrpcLogAppender-LogAppenderDaemon] INFO  server.GrpcLogAppender (GrpcLogAppender.java:installSnapshot(532)) - e0e3eed1-d528-4a83-939c-b34003b9dea6@group-C9E251B369B0->e31d96e5-7e9e-4f8e-80d3-ffe1fdf992c4-GrpcLogAppender: send e0e3eed1-d528-4a83-939c-b34003b9dea6->e31d96e5-7e9e-4f8e-80d3-ffe1fdf992c4#0-t2,notify:(t:2, i:105)
2021-06-09 09:33:26,496 [grpc-default-executor-1] INFO  server.RaftServer$Division (RaftServerImpl.java:checkInconsistentAppendEntries(1292)) - e31d96e5-7e9e-4f8e-80d3-ffe1fdf992c4@group-C9E251B369B0: Failed appendEntries as snapshot ((t:2, i:105)) installation is in progress
2021-06-09 09:33:26,496 [grpc-default-executor-1] INFO  server.RaftServer$Division (RaftServerImpl.java:checkInconsistentAppendEntries(1284)) - e31d96e5-7e9e-4f8e-80d3-ffe1fdf992c4@group-C9E251B369B0: inconsistency entries. Reply:e0e3eed1-d528-4a83-939c-b34003b9dea6<-e31d96e5-7e9e-4f8e-80d3-ffe1fdf992c4#1:FAIL-t2,INCONSISTENCY,nextIndex=0,followerCommit=-1
2021-06-09 09:33:26,507 [grpc-default-executor-1] INFO  server.RaftServer$Division (RaftServerImpl.java:installSnapshot(1328)) - e31d96e5-7e9e-4f8e-80d3-ffe1fdf992c4@group-C9E251B369B0: receive installSnapshot: e0e3eed1-d528-4a83-939c-b34003b9dea6->e31d96e5-7e9e-4f8e-80d3-ffe1fdf992c4#0-t2,notify:(t:2, i:105)
2021-06-09 09:33:26,507 [grpc-default-executor-1] INFO  server.RaftServer$Division (RaftServerImpl.java:notifyStateMachineToInstallSnapshot(1610)) - e31d96e5-7e9e-4f8e-80d3-ffe1fdf992c4@group-C9E251B369B0: Snapshot Installation by StateMachine is in progress.
2021-06-09 09:33:26,508 [grpc-default-executor-1] INFO  server.RaftServer$Division (RaftServerImpl.java:installSnapshotImpl(1458)) - e31d96e5-7e9e-4f8e-80d3-ffe1fdf992c4@group-C9E251B369B0: set new configuration index: 5
configurationEntry {
  peers {
    id: "e0e3eed1-d528-4a83-939c-b34003b9dea6"
    address: "localhost:14324"
  }
  peers {
    id: "943a282b-f1b6-4c47-b0d5-ac1d3ae1d1bb"
    address: "localhost:14334"
  }
}
 from snapshot
2021-06-09 09:33:26,508 [grpc-default-executor-1] INFO  server.RaftServer$Division (ServerState.java:setRaftConf(373)) - e31d96e5-7e9e-4f8e-80d3-ffe1fdf992c4@group-C9E251B369B0: set configuration 5: [e0e3eed1-d528-4a83-939c-b34003b9dea6|rpc:localhost:14324|admin:|client:|dataStream:|priority:0, 943a282b-f1b6-4c47-b0d5-ac1d3ae1d1bb|rpc:localhost:14334|admin:|client:|dataStream:|priority:0], old=null
2021-06-09 09:33:26,509 [grpc-default-executor-1] INFO  server.RaftServer$Division (RaftServerImpl.java:installSnapshot(1339)) - e31d96e5-7e9e-4f8e-80d3-ffe1fdf992c4@group-C9E251B369B0: reply installSnapshot: e0e3eed1-d528-4a83-939c-b34003b9dea6<-e31d96e5-7e9e-4f8e-80d3-ffe1fdf992c4#0:FAIL-t2,IN_PROGRESS
2021-06-09 09:33:26,509 [grpc-default-executor-1] INFO  server.GrpcServerProtocolService (GrpcServerProtocolService.java:onCompleted(140)) - e31d96e5-7e9e-4f8e-80d3-ffe1fdf992c4: Completed INSTALL_SNAPSHOT, lastRequest: e0e3eed1-d528-4a83-939c-b34003b9dea6->e31d96e5-7e9e-4f8e-80d3-ffe1fdf992c4#0-t2,notify:(t:2, i:105)
2021-06-09 09:33:26,510 [grpc-default-executor-0] INFO  server.GrpcLogAppender (GrpcLogAppender.java:onNext(400)) - e0e3eed1-d528-4a83-939c-b34003b9dea6@group-C9E251B369B0->e31d96e5-7e9e-4f8e-80d3-ffe1fdf992c4-InstallSnapshotResponseHandler: received a reply e0e3eed1-d528-4a83-939c-b34003b9dea6<-e31d96e5-7e9e-4f8e-80d3-ffe1fdf992c4#0:FAIL-t2,IN_PROGRESS
2021-06-09 09:33:26,510 [grpc-default-executor-0] INFO  server.GrpcLogAppender (GrpcLogAppender.java:onNext(417)) - e0e3eed1-d528-4a83-939c-b34003b9dea6@group-C9E251B369B0->e31d96e5-7e9e-4f8e-80d3-ffe1fdf992c4-InstallSnapshotResponseHandler: InstallSnapshot in progress.
2021-06-09 09:33:26,510 [grpc-default-executor-3] INFO  leader.FollowerInfo (FollowerInfoImpl.java:lambda$new$0(46)) - e0e3eed1-d528-4a83-939c-b34003b9dea6@group-C9E251B369B0->e31d96e5-7e9e-4f8e-80d3-ffe1fdf992c4: nextIndex: updateUnconditionally 0 -> 0
2021-06-09 09:33:26,511 [e0e3eed1-d528-4a83-939c-b34003b9dea6@group-C9E251B369B0->e31d96e5-7e9e-4f8e-80d3-ffe1fdf992c4-GrpcLogAppender-LogAppenderDaemon] INFO  server.GrpcLogAppender (GrpcLogAppender.java:installSnapshot(524)) - e0e3eed1-d528-4a83-939c-b34003b9dea6@group-C9E251B369B0->e31d96e5-7e9e-4f8e-80d3-ffe1fdf992c4-GrpcLogAppender: followerNextIndex = 0 but logStartIndex = 105, notify follower to install snapshot-(t:2, i:105)
2021-06-09 09:33:26,511 [e0e3eed1-d528-4a83-939c-b34003b9dea6@group-C9E251B369B0->e31d96e5-7e9e-4f8e-80d3-ffe1fdf992c4-GrpcLogAppender-LogAppenderDaemon] INFO  server.GrpcLogAppender (GrpcLogAppender.java:installSnapshot(532)) - e0e3eed1-d528-4a83-939c-b34003b9dea6@group-C9E251B369B0->e31d96e5-7e9e-4f8e-80d3-ffe1fdf992c4-GrpcLogAppender: send e0e3eed1-d528-4a83-939c-b34003b9dea6->e31d96e5-7e9e-4f8e-80d3-ffe1fdf992c4#0-t2,notify:(t:2, i:105)
2021-06-09 09:33:26,513 [grpc-default-executor-2] INFO  server.RaftServer$Division (RaftServerImpl.java:checkInconsistentAppendEntries(1292)) - e31d96e5-7e9e-4f8e-80d3-ffe1fdf992c4@group-C9E251B369B0: Failed appendEntries as snapshot ((t:2, i:105)) installation is in progress
2021-06-09 09:33:26,513 [grpc-default-executor-3] INFO  server.RaftServer$Division (RaftServerImpl.java:installSnapshot(1328)) - e31d96e5-7e9e-4f8e-80d3-ffe1fdf992c4@group-C9E251B369B0: receive installSnapshot: e0e3eed1-d528-4a83-939c-b34003b9dea6->e31d96e5-7e9e-4f8e-80d3-ffe1fdf992c4#0-t2,notify:(t:2, i:105)
2021-06-09 09:33:26,513 [grpc-default-executor-2] INFO  server.RaftServer$Division (RaftServerImpl.java:checkInconsistentAppendEntries(1284)) - e31d96e5-7e9e-4f8e-80d3-ffe1fdf992c4@group-C9E251B369B0: inconsistency entries. Reply:e0e3eed1-d528-4a83-939c-b34003b9dea6<-e31d96e5-7e9e-4f8e-80d3-ffe1fdf992c4#2:FAIL-t2,INCONSISTENCY,nextIndex=0,followerCommit=-1
2021-06-09 09:33:26,514 [pool-55-thread-1] INFO  ha.SCMSnapshotProvider (SCMSnapshotProvider.java:getSCMDBSnapshot(130)) - Successfully downloaded latest checkpoint from leader SCM: scmNode-1 path /home/runner/work/ozone/ozone/mnt/ozone/hadoop-ozone/integration-test/target/test-dir/MiniOzoneClusterImpl-43f0ca0c-372e-4c55-aedd-c9e251b369b0/scmNode-3/snapshot/scm.db-scmNode-1-1623231206325
2021-06-09 09:33:26,514 [pool-55-thread-1] INFO  ha.SCMHAManagerImpl (SCMHAManagerImpl.java:downloadCheckpointFromLeader(158)) - Downloaded checkpoint from Leader scmNode-1 to the location /home/runner/work/ozone/ozone/mnt/ozone/hadoop-ozone/integration-test/target/test-dir/MiniOzoneClusterImpl-43f0ca0c-372e-4c55-aedd-c9e251b369b0/scmNode-3/snapshot/scm.db-scmNode-1-1623231206325
2021-06-09 09:33:26,514 [grpc-default-executor-3] INFO  server.RaftServer$Division (RaftServerImpl.java:notifyStateMachineToInstallSnapshot(1610)) - e31d96e5-7e9e-4f8e-80d3-ffe1fdf992c4@group-C9E251B369B0: Snapshot Installation by StateMachine is in progress.
2021-06-09 09:33:26,518 [grpc-default-executor-3] INFO  server.RaftServer$Division (RaftServerImpl.java:installSnapshotImpl(1458)) - e31d96e5-7e9e-4f8e-80d3-ffe1fdf992c4@group-C9E251B369B0: set new configuration index: 5
configurationEntry {
  peers {
    id: "e0e3eed1-d528-4a83-939c-b34003b9dea6"
    address: "localhost:14324"
  }
  peers {
    id: "943a282b-f1b6-4c47-b0d5-ac1d3ae1d1bb"
    address: "localhost:14334"
  }
}
 from snapshot
2021-06-09 09:33:26,518 [grpc-default-executor-3] INFO  server.RaftServer$Division (ServerState.java:setRaftConf(373)) - e31d96e5-7e9e-4f8e-80d3-ffe1fdf992c4@group-C9E251B369B0: set configuration 5: [e0e3eed1-d528-4a83-939c-b34003b9dea6|rpc:localhost:14324|admin:|client:|dataStream:|priority:0, 943a282b-f1b6-4c47-b0d5-ac1d3ae1d1bb|rpc:localhost:14334|admin:|client:|dataStream:|priority:0], old=null
2021-06-09 09:33:26,518 [grpc-default-executor-3] INFO  server.RaftServer$Division (RaftServerImpl.java:installSnapshot(1339)) - e31d96e5-7e9e-4f8e-80d3-ffe1fdf992c4@group-C9E251B369B0: reply installSnapshot: e0e3eed1-d528-4a83-939c-b34003b9dea6<-e31d96e5-7e9e-4f8e-80d3-ffe1fdf992c4#0:FAIL-t2,IN_PROGRESS
2021-06-09 09:33:26,519 [grpc-default-executor-3] INFO  server.GrpcServerProtocolService (GrpcServerProtocolService.java:onCompleted(140)) - e31d96e5-7e9e-4f8e-80d3-ffe1fdf992c4: Completed INSTALL_SNAPSHOT, lastRequest: e0e3eed1-d528-4a83-939c-b34003b9dea6->e31d96e5-7e9e-4f8e-80d3-ffe1fdf992c4#0-t2,notify:(t:2, i:105)
2021-06-09 09:33:26,519 [grpc-default-executor-3] INFO  leader.FollowerInfo (FollowerInfoImpl.java:lambda$new$0(46)) - e0e3eed1-d528-4a83-939c-b34003b9dea6@group-C9E251B369B0->e31d96e5-7e9e-4f8e-80d3-ffe1fdf992c4: nextIndex: updateUnconditionally 0 -> 0
2021-06-09 09:33:26,523 [grpc-default-executor-5] INFO  server.GrpcLogAppender (GrpcLogAppender.java:onNext(400)) - e0e3eed1-d528-4a83-939c-b34003b9dea6@group-C9E251B369B0->e31d96e5-7e9e-4f8e-80d3-ffe1fdf992c4-InstallSnapshotResponseHandler: received a reply e0e3eed1-d528-4a83-939c-b34003b9dea6<-e31d96e5-7e9e-4f8e-80d3-ffe1fdf992c4#0:FAIL-t2,IN_PROGRESS
2021-06-09 09:33:26,523 [grpc-default-executor-5] INFO  server.GrpcLogAppender (GrpcLogAppender.java:onNext(417)) - e0e3eed1-d528-4a83-939c-b34003b9dea6@group-C9E251B369B0->e31d96e5-7e9e-4f8e-80d3-ffe1fdf992c4-InstallSnapshotResponseHandler: InstallSnapshot in progress.
2021-06-09 09:33:26,523 [e0e3eed1-d528-4a83-939c-b34003b9dea6@group-C9E251B369B0->e31d96e5-7e9e-4f8e-80d3-ffe1fdf992c4-GrpcLogAppender-LogAppenderDaemon] INFO  server.GrpcLogAppender (GrpcLogAppender.java:installSnapshot(524)) - e0e3eed1-d528-4a83-939c-b34003b9dea6@group-C9E251B369B0->e31d96e5-7e9e-4f8e-80d3-ffe1fdf992c4-GrpcLogAppender: followerNextIndex = 0 but logStartIndex = 105, notify follower to install snapshot-(t:2, i:105)
2021-06-09 09:33:26,524 [e0e3eed1-d528-4a83-939c-b34003b9dea6@group-C9E251B369B0->e31d96e5-7e9e-4f8e-80d3-ffe1fdf992c4-GrpcLogAppender-LogAppenderDaemon] INFO  server.GrpcLogAppender (GrpcLogAppender.java:installSnapshot(532)) - e0e3eed1-d528-4a83-939c-b34003b9dea6@group-C9E251B369B0->e31d96e5-7e9e-4f8e-80d3-ffe1fdf992c4-GrpcLogAppender: send e0e3eed1-d528-4a83-939c-b34003b9dea6->e31d96e5-7e9e-4f8e-80d3-ffe1fdf992c4#0-t2,notify:(t:2, i:105)
2021-06-09 09:33:26,525 [grpc-default-executor-2] INFO  server.RaftServer$Division (RaftServerImpl.java:checkInconsistentAppendEntries(1292)) - e31d96e5-7e9e-4f8e-80d3-ffe1fdf992c4@group-C9E251B369B0: Failed appendEntries as snapshot ((t:2, i:105)) installation is in progress
2021-06-09 09:33:26,525 [grpc-default-executor-2] INFO  server.RaftServer$Division (RaftServerImpl.java:checkInconsistentAppendEntries(1284)) - e31d96e5-7e9e-4f8e-80d3-ffe1fdf992c4@group-C9E251B369B0: inconsistency entries. Reply:e0e3eed1-d528-4a83-939c-b34003b9dea6<-e31d96e5-7e9e-4f8e-80d3-ffe1fdf992c4#3:FAIL-t2,INCONSISTENCY,nextIndex=0,followerCommit=-1
2021-06-09 09:33:26,526 [grpc-default-executor-3] INFO  server.RaftServer$Division (RaftServerImpl.java:installSnapshot(1328)) - e31d96e5-7e9e-4f8e-80d3-ffe1fdf992c4@group-C9E251B369B0: receive installSnapshot: e0e3eed1-d528-4a83-939c-b34003b9dea6->e31d96e5-7e9e-4f8e-80d3-ffe1fdf992c4#0-t2,notify:(t:2, i:105)
2021-06-09 09:33:26,526 [grpc-default-executor-3] INFO  server.RaftServer$Division (RaftServerImpl.java:notifyStateMachineToInstallSnapshot(1610)) - e31d96e5-7e9e-4f8e-80d3-ffe1fdf992c4@group-C9E251B369B0: Snapshot Installation by StateMachine is in progress.
2021-06-09 09:33:26,526 [grpc-default-executor-3] INFO  server.RaftServer$Division (RaftServerImpl.java:installSnapshotImpl(1458)) - e31d96e5-7e9e-4f8e-80d3-ffe1fdf992c4@group-C9E251B369B0: set new configuration index: 5
configurationEntry {
  peers {
    id: "e0e3eed1-d528-4a83-939c-b34003b9dea6"
    address: "localhost:14324"
  }
  peers {
    id: "943a282b-f1b6-4c47-b0d5-ac1d3ae1d1bb"
    address: "localhost:14334"
  }
}
 from snapshot
2021-06-09 09:33:26,526 [grpc-default-executor-3] INFO  server.RaftServer$Division (ServerState.java:setRaftConf(373)) - e31d96e5-7e9e-4f8e-80d3-ffe1fdf992c4@group-C9E251B369B0: set configuration 5: [e0e3eed1-d528-4a83-939c-b34003b9dea6|rpc:localhost:14324|admin:|client:|dataStream:|priority:0, 943a282b-f1b6-4c47-b0d5-ac1d3ae1d1bb|rpc:localhost:14334|admin:|client:|dataStream:|priority:0], old=null
2021-06-09 09:33:26,526 [grpc-default-executor-3] INFO  server.RaftServer$Division (RaftServerImpl.java:installSnapshot(1339)) - e31d96e5-7e9e-4f8e-80d3-ffe1fdf992c4@group-C9E251B369B0: reply installSnapshot: e0e3eed1-d528-4a83-939c-b34003b9dea6<-e31d96e5-7e9e-4f8e-80d3-ffe1fdf992c4#0:FAIL-t2,IN_PROGRESS
2021-06-09 09:33:26,526 [grpc-default-executor-3] INFO  server.GrpcServerProtocolService (GrpcServerProtocolService.java:onCompleted(140)) - e31d96e5-7e9e-4f8e-80d3-ffe1fdf992c4: Completed INSTALL_SNAPSHOT, lastRequest: e0e3eed1-d528-4a83-939c-b34003b9dea6->e31d96e5-7e9e-4f8e-80d3-ffe1fdf992c4#0-t2,notify:(t:2, i:105)
2021-06-09 09:33:26,527 [grpc-default-executor-5] INFO  leader.FollowerInfo (FollowerInfoImpl.java:lambda$new$0(46)) - e0e3eed1-d528-4a83-939c-b34003b9dea6@group-C9E251B369B0->e31d96e5-7e9e-4f8e-80d3-ffe1fdf992c4: nextIndex: updateUnconditionally 0 -> 0
2021-06-09 09:33:26,527 [grpc-default-executor-3] INFO  server.GrpcLogAppender (GrpcLogAppender.java:onNext(400)) - e0e3eed1-d528-4a83-939c-b34003b9dea6@group-C9E251B369B0->e31d96e5-7e9e-4f8e-80d3-ffe1fdf992c4-InstallSnapshotResponseHandler: received a reply e0e3eed1-d528-4a83-939c-b34003b9dea6<-e31d96e5-7e9e-4f8e-80d3-ffe1fdf992c4#0:FAIL-t2,IN_PROGRESS
2021-06-09 09:33:26,527 [grpc-default-executor-3] INFO  server.GrpcLogAppender (GrpcLogAppender.java:onNext(417)) - e0e3eed1-d528-4a83-939c-b34003b9dea6@group-C9E251B369B0->e31d96e5-7e9e-4f8e-80d3-ffe1fdf992c4-InstallSnapshotResponseHandler: InstallSnapshot in progress.
2021-06-09 09:33:26,528 [e0e3eed1-d528-4a83-939c-b34003b9dea6@group-C9E251B369B0->e31d96e5-7e9e-4f8e-80d3-ffe1fdf992c4-GrpcLogAppender-LogAppenderDaemon] INFO  server.GrpcLogAppender (GrpcLogAppender.java:installSnapshot(524)) - e0e3eed1-d528-4a83-939c-b34003b9dea6@group-C9E251B369B0->e31d96e5-7e9e-4f8e-80d3-ffe1fdf992c4-GrpcLogAppender: followerNextIndex = 0 but logStartIndex = 105, notify follower to install snapshot-(t:2, i:105)
2021-06-09 09:33:26,528 [e0e3eed1-d528-4a83-939c-b34003b9dea6@group-C9E251B369B0->e31d96e5-7e9e-4f8e-80d3-ffe1fdf992c4-GrpcLogAppender-LogAppenderDaemon] INFO  server.GrpcLogAppender (GrpcLogAppender.java:installSnapshot(532)) - e0e3eed1-d528-4a83-939c-b34003b9dea6@group-C9E251B369B0->e31d96e5-7e9e-4f8e-80d3-ffe1fdf992c4-GrpcLogAppender: send e0e3eed1-d528-4a83-939c-b34003b9dea6->e31d96e5-7e9e-4f8e-80d3-ffe1fdf992c4#0-t2,notify:(t:2, i:105)
2021-06-09 09:33:26,532 [grpc-default-executor-5] INFO  server.RaftServer$Division (RaftServerImpl.java:checkInconsistentAppendEntries(1292)) - e31d96e5-7e9e-4f8e-80d3-ffe1fdf992c4@group-C9E251B369B0: Failed appendEntries as snapshot ((t:2, i:105)) installation is in progress
2021-06-09 09:33:26,533 [grpc-default-executor-5] INFO  server.RaftServer$Division (RaftServerImpl.java:checkInconsistentAppendEntries(1284)) - e31d96e5-7e9e-4f8e-80d3-ffe1fdf992c4@group-C9E251B369B0: inconsistency entries. Reply:e0e3eed1-d528-4a83-939c-b34003b9dea6<-e31d96e5-7e9e-4f8e-80d3-ffe1fdf992c4#4:FAIL-t2,INCONSISTENCY,nextIndex=0,followerCommit=-1
2021-06-09 09:33:26,533 [grpc-default-executor-3] INFO  server.RaftServer$Division (RaftServerImpl.java:installSnapshot(1328)) - e31d96e5-7e9e-4f8e-80d3-ffe1fdf992c4@group-C9E251B369B0: receive installSnapshot: e0e3eed1-d528-4a83-939c-b34003b9dea6->e31d96e5-7e9e-4f8e-80d3-ffe1fdf992c4#0-t2,notify:(t:2, i:105)
2021-06-09 09:33:26,533 [grpc-default-executor-3] INFO  server.RaftServer$Division (RaftServerImpl.java:notifyStateMachineToInstallSnapshot(1610)) - e31d96e5-7e9e-4f8e-80d3-ffe1fdf992c4@group-C9E251B369B0: Snapshot Installation by StateMachine is in progress.
2021-06-09 09:33:26,534 [grpc-default-executor-3] INFO  server.RaftServer$Division (RaftServerImpl.java:installSnapshotImpl(1458)) - e31d96e5-7e9e-4f8e-80d3-ffe1fdf992c4@group-C9E251B369B0: set new configuration index: 5
configurationEntry {
  peers {
    id: "e0e3eed1-d528-4a83-939c-b34003b9dea6"
    address: "localhost:14324"
  }
  peers {
    id: "943a282b-f1b6-4c47-b0d5-ac1d3ae1d1bb"
    address: "localhost:14334"
  }
}
 from snapshot
2021-06-09 09:33:26,534 [grpc-default-executor-3] INFO  server.RaftServer$Division (ServerState.java:setRaftConf(373)) - e31d96e5-7e9e-4f8e-80d3-ffe1fdf992c4@group-C9E251B369B0: set configuration 5: [e0e3eed1-d528-4a83-939c-b34003b9dea6|rpc:localhost:14324|admin:|client:|dataStream:|priority:0, 943a282b-f1b6-4c47-b0d5-ac1d3ae1d1bb|rpc:localhost:14334|admin:|client:|dataStream:|priority:0], old=null
2021-06-09 09:33:26,534 [grpc-default-executor-3] INFO  server.RaftServer$Division (RaftServerImpl.java:installSnapshot(1339)) - e31d96e5-7e9e-4f8e-80d3-ffe1fdf992c4@group-C9E251B369B0: reply installSnapshot: e0e3eed1-d528-4a83-939c-b34003b9dea6<-e31d96e5-7e9e-4f8e-80d3-ffe1fdf992c4#0:FAIL-t2,IN_PROGRESS
2021-06-09 09:33:26,534 [grpc-default-executor-5] INFO  leader.FollowerInfo (FollowerInfoImpl.java:lambda$new$0(46)) - e0e3eed1-d528-4a83-939c-b34003b9dea6@group-C9E251B369B0->e31d96e5-7e9e-4f8e-80d3-ffe1fdf992c4: nextIndex: updateUnconditionally 0 -> 0
2021-06-09 09:33:26,534 [grpc-default-executor-3] INFO  server.GrpcServerProtocolService (GrpcServerProtocolService.java:onCompleted(140)) - e31d96e5-7e9e-4f8e-80d3-ffe1fdf992c4: Completed INSTALL_SNAPSHOT, lastRequest: e0e3eed1-d528-4a83-939c-b34003b9dea6->e31d96e5-7e9e-4f8e-80d3-ffe1fdf992c4#0-t2,notify:(t:2, i:105)
2021-06-09 09:33:26,534 [grpc-default-executor-3] INFO  server.GrpcLogAppender (GrpcLogAppender.java:onNext(400)) - e0e3eed1-d528-4a83-939c-b34003b9dea6@group-C9E251B369B0->e31d96e5-7e9e-4f8e-80d3-ffe1fdf992c4-InstallSnapshotResponseHandler: received a reply e0e3eed1-d528-4a83-939c-b34003b9dea6<-e31d96e5-7e9e-4f8e-80d3-ffe1fdf992c4#0:FAIL-t2,IN_PROGRESS
2021-06-09 09:33:26,535 [grpc-default-executor-3] INFO  server.GrpcLogAppender (GrpcLogAppender.java:onNext(417)) - e0e3eed1-d528-4a83-939c-b34003b9dea6@group-C9E251B369B0->e31d96e5-7e9e-4f8e-80d3-ffe1fdf992c4-InstallSnapshotResponseHandler: InstallSnapshot in progress.
2021-06-09 09:33:26,536 [e0e3eed1-d528-4a83-939c-b34003b9dea6@group-C9E251B369B0->e31d96e5-7e9e-4f8e-80d3-ffe1fdf992c4-GrpcLogAppender-LogAppenderDaemon] INFO  server.GrpcLogAppender (GrpcLogAppender.java:installSnapshot(524)) - e0e3eed1-d528-4a83-939c-b34003b9dea6@group-C9E251B369B0->e31d96e5-7e9e-4f8e-80d3-ffe1fdf992c4-GrpcLogAppender: followerNextIndex = 0 but logStartIndex = 105, notify follower to install snapshot-(t:2, i:105)
2021-06-09 09:33:26,536 [e0e3eed1-d528-4a83-939c-b34003b9dea6@group-C9E251B369B0->e31d96e5-7e9e-4f8e-80d3-ffe1fdf992c4-GrpcLogAppender-LogAppenderDaemon] INFO  server.GrpcLogAppender (GrpcLogAppender.java:installSnapshot(532)) - e0e3eed1-d528-4a83-939c-b34003b9dea6@group-C9E251B369B0->e31d96e5-7e9e-4f8e-80d3-ffe1fdf992c4-GrpcLogAppender: send e0e3eed1-d528-4a83-939c-b34003b9dea6->e31d96e5-7e9e-4f8e-80d3-ffe1fdf992c4#0-t2,notify:(t:2, i:105)
2021-06-09 09:33:26,536 [grpc-default-executor-3] INFO  server.RaftServer$Division (RaftServerImpl.java:checkInconsistentAppendEntries(1292)) - e31d96e5-7e9e-4f8e-80d3-ffe1fdf992c4@group-C9E251B369B0: Failed appendEntries as snapshot ((t:2, i:105)) installation is in progress
2021-06-09 09:33:26,536 [grpc-default-executor-3] INFO  server.RaftServer$Division (RaftServerImpl.java:checkInconsistentAppendEntries(1284)) - e31d96e5-7e9e-4f8e-80d3-ffe1fdf992c4@group-C9E251B369B0: inconsistency entries. Reply:e0e3eed1-d528-4a83-939c-b34003b9dea6<-e31d96e5-7e9e-4f8e-80d3-ffe1fdf992c4#5:FAIL-t2,INCONSISTENCY,nextIndex=0,followerCommit=-1
2021-06-09 09:33:26,537 [grpc-default-executor-2] INFO  leader.FollowerInfo (FollowerInfoImpl.java:lambda$new$0(46)) - e0e3eed1-d528-4a83-939c-b34003b9dea6@group-C9E251B369B0->e31d96e5-7e9e-4f8e-80d3-ffe1fdf992c4: nextIndex: updateUnconditionally 0 -> 0
2021-06-09 09:33:26,537 [grpc-default-executor-3] INFO  server.RaftServer$Division (RaftServerImpl.java:installSnapshot(1328)) - e31d96e5-7e9e-4f8e-80d3-ffe1fdf992c4@group-C9E251B369B0: receive installSnapshot: e0e3eed1-d528-4a83-939c-b34003b9dea6->e31d96e5-7e9e-4f8e-80d3-ffe1fdf992c4#0-t2,notify:(t:2, i:105)
2021-06-09 09:33:26,537 [grpc-default-executor-3] INFO  server.RaftServer$Division (RaftServerImpl.java:notifyStateMachineToInstallSnapshot(1610)) - e31d96e5-7e9e-4f8e-80d3-ffe1fdf992c4@group-C9E251B369B0: Snapshot Installation by StateMachine is in progress.
2021-06-09 09:33:26,538 [grpc-default-executor-3] INFO  server.RaftServer$Division (RaftServerImpl.java:installSnapshotImpl(1458)) - e31d96e5-7e9e-4f8e-80d3-ffe1fdf992c4@group-C9E251B369B0: set new configuration index: 5
configurationEntry {
  peers {
    id: "e0e3eed1-d528-4a83-939c-b34003b9dea6"
    address: "localhost:14324"
  }
  peers {
    id: "943a282b-f1b6-4c47-b0d5-ac1d3ae1d1bb"
    address: "localhost:14334"
  }
}
 from snapshot
2021-06-09 09:33:26,538 [grpc-default-executor-3] INFO  server.RaftServer$Division (ServerState.java:setRaftConf(373)) - e31d96e5-7e9e-4f8e-80d3-ffe1fdf992c4@group-C9E251B369B0: set configuration 5: [e0e3eed1-d528-4a83-939c-b34003b9dea6|rpc:localhost:14324|admin:|client:|dataStream:|priority:0, 943a282b-f1b6-4c47-b0d5-ac1d3ae1d1bb|rpc:localhost:14334|admin:|client:|dataStream:|priority:0], old=null
2021-06-09 09:33:26,538 [grpc-default-executor-3] INFO  server.RaftServer$Division (RaftServerImpl.java:installSnapshot(1339)) - e31d96e5-7e9e-4f8e-80d3-ffe1fdf992c4@group-C9E251B369B0: reply installSnapshot: e0e3eed1-d528-4a83-939c-b34003b9dea6<-e31d96e5-7e9e-4f8e-80d3-ffe1fdf992c4#0:FAIL-t2,IN_PROGRESS
2021-06-09 09:33:26,538 [grpc-default-executor-3] INFO  server.GrpcServerProtocolService (GrpcServerProtocolService.java:onCompleted(140)) - e31d96e5-7e9e-4f8e-80d3-ffe1fdf992c4: Completed INSTALL_SNAPSHOT, lastRequest: e0e3eed1-d528-4a83-939c-b34003b9dea6->e31d96e5-7e9e-4f8e-80d3-ffe1fdf992c4#0-t2,notify:(t:2, i:105)
2021-06-09 09:33:26,538 [grpc-default-executor-2] INFO  server.GrpcLogAppender (GrpcLogAppender.java:onNext(400)) - e0e3eed1-d528-4a83-939c-b34003b9dea6@group-C9E251B369B0->e31d96e5-7e9e-4f8e-80d3-ffe1fdf992c4-InstallSnapshotResponseHandler: received a reply e0e3eed1-d528-4a83-939c-b34003b9dea6<-e31d96e5-7e9e-4f8e-80d3-ffe1fdf992c4#0:FAIL-t2,IN_PROGRESS
2021-06-09 09:33:26,539 [grpc-default-executor-2] INFO  server.GrpcLogAppender (GrpcLogAppender.java:onNext(417)) - e0e3eed1-d528-4a83-939c-b34003b9dea6@group-C9E251B369B0->e31d96e5-7e9e-4f8e-80d3-ffe1fdf992c4-InstallSnapshotResponseHandler: InstallSnapshot in progress.
2021-06-09 09:33:26,539 [e0e3eed1-d528-4a83-939c-b34003b9dea6@group-C9E251B369B0->e31d96e5-7e9e-4f8e-80d3-ffe1fdf992c4-GrpcLogAppender-LogAppenderDaemon] INFO  server.GrpcLogAppender (GrpcLogAppender.java:installSnapshot(524)) - e0e3eed1-d528-4a83-939c-b34003b9dea6@group-C9E251B369B0->e31d96e5-7e9e-4f8e-80d3-ffe1fdf992c4-GrpcLogAppender: followerNextIndex = 0 but logStartIndex = 105, notify follower to install snapshot-(t:2, i:105)
2021-06-09 09:33:26,539 [e0e3eed1-d528-4a83-939c-b34003b9dea6@group-C9E251B369B0->e31d96e5-7e9e-4f8e-80d3-ffe1fdf992c4-GrpcLogAppender-LogAppenderDaemon] INFO  server.GrpcLogAppender (GrpcLogAppender.java:installSnapshot(532)) - e0e3eed1-d528-4a83-939c-b34003b9dea6@group-C9E251B369B0->e31d96e5-7e9e-4f8e-80d3-ffe1fdf992c4-GrpcLogAppender: send e0e3eed1-d528-4a83-939c-b34003b9dea6->e31d96e5-7e9e-4f8e-80d3-ffe1fdf992c4#0-t2,notify:(t:2, i:105)
2021-06-09 09:33:26,540 [grpc-default-executor-2] INFO  server.RaftServer$Division (RaftServerImpl.java:checkInconsistentAppendEntries(1292)) - e31d96e5-7e9e-4f8e-80d3-ffe1fdf992c4@group-C9E251B369B0: Failed appendEntries as snapshot ((t:2, i:105)) installation is in progress
2021-06-09 09:33:26,540 [grpc-default-executor-2] INFO  server.RaftServer$Division (RaftServerImpl.java:checkInconsistentAppendEntries(1284)) - e31d96e5-7e9e-4f8e-80d3-ffe1fdf992c4@group-C9E251B369B0: inconsistency entries. Reply:e0e3eed1-d528-4a83-939c-b34003b9dea6<-e31d96e5-7e9e-4f8e-80d3-ffe1fdf992c4#6:FAIL-t2,INCONSISTENCY,nextIndex=0,followerCommit=-1
2021-06-09 09:33:26,543 [grpc-default-executor-5] INFO  leader.FollowerInfo (FollowerInfoImpl.java:lambda$new$0(46)) - e0e3eed1-d528-4a83-939c-b34003b9dea6@group-C9E251B369B0->e31d96e5-7e9e-4f8e-80d3-ffe1fdf992c4: nextIndex: updateUnconditionally 0 -> 0
2021-06-09 09:33:26,544 [grpc-default-executor-2] INFO  server.RaftServer$Division (RaftServerImpl.java:installSnapshot(1328)) - e31d96e5-7e9e-4f8e-80d3-ffe1fdf992c4@group-C9E251B369B0: receive installSnapshot: e0e3eed1-d528-4a83-939c-b34003b9dea6->e31d96e5-7e9e-4f8e-80d3-ffe1fdf992c4#0-t2,notify:(t:2, i:105)
2021-06-09 09:33:26,544 [grpc-default-executor-2] INFO  server.RaftServer$Division (RaftServerImpl.java:notifyStateMachineToInstallSnapshot(1610)) - e31d96e5-7e9e-4f8e-80d3-ffe1fdf992c4@group-C9E251B369B0: Snapshot Installation by StateMachine is in progress.
2021-06-09 09:33:26,545 [grpc-default-executor-2] INFO  server.RaftServer$Division (RaftServerImpl.java:installSnapshotImpl(1458)) - e31d96e5-7e9e-4f8e-80d3-ffe1fdf992c4@group-C9E251B369B0: set new configuration index: 5
configurationEntry {
  peers {
    id: "e0e3eed1-d528-4a83-939c-b34003b9dea6"
    address: "localhost:14324"
  }
  peers {
    id: "943a282b-f1b6-4c47-b0d5-ac1d3ae1d1bb"
    address: "localhost:14334"
  }
}
 from snapshot
2021-06-09 09:33:26,545 [grpc-default-executor-2] INFO  server.RaftServer$Division (ServerState.java:setRaftConf(373)) - e31d96e5-7e9e-4f8e-80d3-ffe1fdf992c4@group-C9E251B369B0: set configuration 5: [e0e3eed1-d528-4a83-939c-b34003b9dea6|rpc:localhost:14324|admin:|client:|dataStream:|priority:0, 943a282b-f1b6-4c47-b0d5-ac1d3ae1d1bb|rpc:localhost:14334|admin:|client:|dataStream:|priority:0], old=null
2021-06-09 09:33:26,545 [grpc-default-executor-2] INFO  server.RaftServer$Division (RaftServerImpl.java:installSnapshot(1339)) - e31d96e5-7e9e-4f8e-80d3-ffe1fdf992c4@group-C9E251B369B0: reply installSnapshot: e0e3eed1-d528-4a83-939c-b34003b9dea6<-e31d96e5-7e9e-4f8e-80d3-ffe1fdf992c4#0:FAIL-t2,IN_PROGRESS
2021-06-09 09:33:26,545 [grpc-default-executor-2] INFO  server.GrpcServerProtocolService (GrpcServerProtocolService.java:onCompleted(140)) - e31d96e5-7e9e-4f8e-80d3-ffe1fdf992c4: Completed INSTALL_SNAPSHOT, lastRequest: e0e3eed1-d528-4a83-939c-b34003b9dea6->e31d96e5-7e9e-4f8e-80d3-ffe1fdf992c4#0-t2,notify:(t:2, i:105)
2021-06-09 09:33:26,547 [grpc-default-executor-5] INFO  server.GrpcLogAppender (GrpcLogAppender.java:onNext(400)) - e0e3eed1-d528-4a83-939c-b34003b9dea6@group-C9E251B369B0->e31d96e5-7e9e-4f8e-80d3-ffe1fdf992c4-InstallSnapshotResponseHandler: received a reply e0e3eed1-d528-4a83-939c-b34003b9dea6<-e31d96e5-7e9e-4f8e-80d3-ffe1fdf992c4#0:FAIL-t2,IN_PROGRESS
2021-06-09 09:33:26,548 [grpc-default-executor-5] INFO  server.GrpcLogAppender (GrpcLogAppender.java:onNext(417)) - e0e3eed1-d528-4a83-939c-b34003b9dea6@group-C9E251B369B0->e31d96e5-7e9e-4f8e-80d3-ffe1fdf992c4-InstallSnapshotResponseHandler: InstallSnapshot in progress.
2021-06-09 09:33:26,549 [e0e3eed1-d528-4a83-939c-b34003b9dea6@group-C9E251B369B0->e31d96e5-7e9e-4f8e-80d3-ffe1fdf992c4-GrpcLogAppender-LogAppenderDaemon] INFO  server.GrpcLogAppender (GrpcLogAppender.java:installSnapshot(524)) - e0e3eed1-d528-4a83-939c-b34003b9dea6@group-C9E251B369B0->e31d96e5-7e9e-4f8e-80d3-ffe1fdf992c4-GrpcLogAppender: followerNextIndex = 0 but logStartIndex = 105, notify follower to install snapshot-(t:2, i:105)
2021-06-09 09:33:26,550 [e0e3eed1-d528-4a83-939c-b34003b9dea6@group-C9E251B369B0->e31d96e5-7e9e-4f8e-80d3-ffe1fdf992c4-GrpcLogAppender-LogAppenderDaemon] INFO  server.GrpcLogAppender (GrpcLogAppender.java:installSnapshot(532)) - e0e3eed1-d528-4a83-939c-b34003b9dea6@group-C9E251B369B0->e31d96e5-7e9e-4f8e-80d3-ffe1fdf992c4-GrpcLogAppender: send e0e3eed1-d528-4a83-939c-b34003b9dea6->e31d96e5-7e9e-4f8e-80d3-ffe1fdf992c4#0-t2,notify:(t:2, i:105)
2021-06-09 09:33:26,550 [grpc-default-executor-3] INFO  server.RaftServer$Division (RaftServerImpl.java:checkInconsistentAppendEntries(1292)) - e31d96e5-7e9e-4f8e-80d3-ffe1fdf992c4@group-C9E251B369B0: Failed appendEntries as snapshot ((t:2, i:105)) installation is in progress
2021-06-09 09:33:26,551 [grpc-default-executor-3] INFO  server.RaftServer$Division (RaftServerImpl.java:checkInconsistentAppendEntries(1284)) - e31d96e5-7e9e-4f8e-80d3-ffe1fdf992c4@group-C9E251B369B0: inconsistency entries. Reply:e0e3eed1-d528-4a83-939c-b34003b9dea6<-e31d96e5-7e9e-4f8e-80d3-ffe1fdf992c4#7:FAIL-t2,INCONSISTENCY,nextIndex=0,followerCommit=-1
2021-06-09 09:33:26,551 [grpc-default-executor-3] INFO  leader.FollowerInfo (FollowerInfoImpl.java:lambda$new$0(46)) - e0e3eed1-d528-4a83-939c-b34003b9dea6@group-C9E251B369B0->e31d96e5-7e9e-4f8e-80d3-ffe1fdf992c4: nextIndex: updateUnconditionally 0 -> 0
2021-06-09 09:33:26,552 [grpc-default-executor-2] INFO  server.RaftServer$Division (RaftServerImpl.java:installSnapshot(1328)) - e31d96e5-7e9e-4f8e-80d3-ffe1fdf992c4@group-C9E251B369B0: receive installSnapshot: e0e3eed1-d528-4a83-939c-b34003b9dea6->e31d96e5-7e9e-4f8e-80d3-ffe1fdf992c4#0-t2,notify:(t:2, i:105)
2021-06-09 09:33:26,552 [grpc-default-executor-2] INFO  server.RaftServer$Division (RaftServerImpl.java:notifyStateMachineToInstallSnapshot(1610)) - e31d96e5-7e9e-4f8e-80d3-ffe1fdf992c4@group-C9E251B369B0: Snapshot Installation by StateMachine is in progress.
2021-06-09 09:33:26,552 [grpc-default-executor-2] INFO  server.RaftServer$Division (RaftServerImpl.java:installSnapshotImpl(1458)) - e31d96e5-7e9e-4f8e-80d3-ffe1fdf992c4@group-C9E251B369B0: set new configuration index: 5
configurationEntry {
  peers {
    id: "e0e3eed1-d528-4a83-939c-b34003b9dea6"
    address: "localhost:14324"
  }
  peers {
    id: "943a282b-f1b6-4c47-b0d5-ac1d3ae1d1bb"
    address: "localhost:14334"
  }
}
 from snapshot
2021-06-09 09:33:26,553 [grpc-default-executor-2] INFO  server.RaftServer$Division (ServerState.java:setRaftConf(373)) - e31d96e5-7e9e-4f8e-80d3-ffe1fdf992c4@group-C9E251B369B0: set configuration 5: [e0e3eed1-d528-4a83-939c-b34003b9dea6|rpc:localhost:14324|admin:|client:|dataStream:|priority:0, 943a282b-f1b6-4c47-b0d5-ac1d3ae1d1bb|rpc:localhost:14334|admin:|client:|dataStream:|priority:0], old=null
2021-06-09 09:33:26,553 [grpc-default-executor-2] INFO  server.RaftServer$Division (RaftServerImpl.java:installSnapshot(1339)) - e31d96e5-7e9e-4f8e-80d3-ffe1fdf992c4@group-C9E251B369B0: reply installSnapshot: e0e3eed1-d528-4a83-939c-b34003b9dea6<-e31d96e5-7e9e-4f8e-80d3-ffe1fdf992c4#0:FAIL-t2,IN_PROGRESS
2021-06-09 09:33:26,553 [grpc-default-executor-2] INFO  server.GrpcServerProtocolService (GrpcServerProtocolService.java:onCompleted(140)) - e31d96e5-7e9e-4f8e-80d3-ffe1fdf992c4: Completed INSTALL_SNAPSHOT, lastRequest: e0e3eed1-d528-4a83-939c-b34003b9dea6->e31d96e5-7e9e-4f8e-80d3-ffe1fdf992c4#0-t2,notify:(t:2, i:105)
2021-06-09 09:33:26,554 [grpc-default-executor-3] INFO  server.GrpcLogAppender (GrpcLogAppender.java:onNext(400)) - e0e3eed1-d528-4a83-939c-b34003b9dea6@group-C9E251B369B0->e31d96e5-7e9e-4f8e-80d3-ffe1fdf992c4-InstallSnapshotResponseHandler: received a reply e0e3eed1-d528-4a83-939c-b34003b9dea6<-e31d96e5-7e9e-4f8e-80d3-ffe1fdf992c4#0:FAIL-t2,IN_PROGRESS
2021-06-09 09:33:26,554 [grpc-default-executor-3] INFO  server.GrpcLogAppender (GrpcLogAppender.java:onNext(417)) - e0e3eed1-d528-4a83-939c-b34003b9dea6@group-C9E251B369B0->e31d96e5-7e9e-4f8e-80d3-ffe1fdf992c4-InstallSnapshotResponseHandler: InstallSnapshot in progress.
2021-06-09 09:33:26,554 [e0e3eed1-d528-4a83-939c-b34003b9dea6@group-C9E251B369B0->e31d96e5-7e9e-4f8e-80d3-ffe1fdf992c4-GrpcLogAppender-LogAppenderDaemon] INFO  server.GrpcLogAppender (GrpcLogAppender.java:installSnapshot(524)) - e0e3eed1-d528-4a83-939c-b34003b9dea6@group-C9E251B369B0->e31d96e5-7e9e-4f8e-80d3-ffe1fdf992c4-GrpcLogAppender: followerNextIndex = 0 but logStartIndex = 105, notify follower to install snapshot-(t:2, i:105)
2021-06-09 09:33:26,554 [e0e3eed1-d528-4a83-939c-b34003b9dea6@group-C9E251B369B0->e31d96e5-7e9e-4f8e-80d3-ffe1fdf992c4-GrpcLogAppender-LogAppenderDaemon] INFO  server.GrpcLogAppender (GrpcLogAppender.java:installSnapshot(532)) - e0e3eed1-d528-4a83-939c-b34003b9dea6@group-C9E251B369B0->e31d96e5-7e9e-4f8e-80d3-ffe1fdf992c4-GrpcLogAppender: send e0e3eed1-d528-4a83-939c-b34003b9dea6->e31d96e5-7e9e-4f8e-80d3-ffe1fdf992c4#0-t2,notify:(t:2, i:105)
2021-06-09 09:33:26,555 [grpc-default-executor-5] INFO  server.RaftServer$Division (RaftServerImpl.java:checkInconsistentAppendEntries(1292)) - e31d96e5-7e9e-4f8e-80d3-ffe1fdf992c4@group-C9E251B369B0: Failed appendEntries as snapshot ((t:2, i:105)) installation is in progress
2021-06-09 09:33:26,555 [grpc-default-executor-5] INFO  server.RaftServer$Division (RaftServerImpl.java:checkInconsistentAppendEntries(1284)) - e31d96e5-7e9e-4f8e-80d3-ffe1fdf992c4@group-C9E251B369B0: inconsistency entries. Reply:e0e3eed1-d528-4a83-939c-b34003b9dea6<-e31d96e5-7e9e-4f8e-80d3-ffe1fdf992c4#8:FAIL-t2,INCONSISTENCY,nextIndex=0,followerCommit=-1
2021-06-09 09:33:26,556 [grpc-default-executor-3] INFO  leader.FollowerInfo (FollowerInfoImpl.java:lambda$new$0(46)) - e0e3eed1-d528-4a83-939c-b34003b9dea6@group-C9E251B369B0->e31d96e5-7e9e-4f8e-80d3-ffe1fdf992c4: nextIndex: updateUnconditionally 0 -> 0
2021-06-09 09:33:26,557 [grpc-default-executor-2] INFO  server.RaftServer$Division (RaftServerImpl.java:installSnapshot(1328)) - e31d96e5-7e9e-4f8e-80d3-ffe1fdf992c4@group-C9E251B369B0: receive installSnapshot: e0e3eed1-d528-4a83-939c-b34003b9dea6->e31d96e5-7e9e-4f8e-80d3-ffe1fdf992c4#0-t2,notify:(t:2, i:105)
2021-06-09 09:33:26,557 [grpc-default-executor-2] INFO  server.RaftServer$Division (RaftServerImpl.java:notifyStateMachineToInstallSnapshot(1610)) - e31d96e5-7e9e-4f8e-80d3-ffe1fdf992c4@group-C9E251B369B0: Snapshot Installation by StateMachine is in progress.
2021-06-09 09:33:26,557 [grpc-default-executor-2] INFO  server.RaftServer$Division (RaftServerImpl.java:installSnapshotImpl(1458)) - e31d96e5-7e9e-4f8e-80d3-ffe1fdf992c4@group-C9E251B369B0: set new configuration index: 5
configurationEntry {
  peers {
    id: "e0e3eed1-d528-4a83-939c-b34003b9dea6"
    address: "localhost:14324"
  }
  peers {
    id: "943a282b-f1b6-4c47-b0d5-ac1d3ae1d1bb"
    address: "localhost:14334"
  }
}
 from snapshot
2021-06-09 09:33:26,557 [grpc-default-executor-2] INFO  server.RaftServer$Division (ServerState.java:setRaftConf(373)) - e31d96e5-7e9e-4f8e-80d3-ffe1fdf992c4@group-C9E251B369B0: set configuration 5: [e0e3eed1-d528-4a83-939c-b34003b9dea6|rpc:localhost:14324|admin:|client:|dataStream:|priority:0, 943a282b-f1b6-4c47-b0d5-ac1d3ae1d1bb|rpc:localhost:14334|admin:|client:|dataStream:|priority:0], old=null
2021-06-09 09:33:26,557 [grpc-default-executor-2] INFO  server.RaftServer$Division (RaftServerImpl.java:installSnapshot(1339)) - e31d96e5-7e9e-4f8e-80d3-ffe1fdf992c4@group-C9E251B369B0: reply installSnapshot: e0e3eed1-d528-4a83-939c-b34003b9dea6<-e31d96e5-7e9e-4f8e-80d3-ffe1fdf992c4#0:FAIL-t2,IN_PROGRESS
2021-06-09 09:33:26,557 [grpc-default-executor-2] INFO  server.GrpcServerProtocolService (GrpcServerProtocolService.java:onCompleted(140)) - e31d96e5-7e9e-4f8e-80d3-ffe1fdf992c4: Completed INSTALL_SNAPSHOT, lastRequest: e0e3eed1-d528-4a83-939c-b34003b9dea6->e31d96e5-7e9e-4f8e-80d3-ffe1fdf992c4#0-t2,notify:(t:2, i:105)
2021-06-09 09:33:26,558 [grpc-default-executor-3] INFO  server.GrpcLogAppender (GrpcLogAppender.java:onNext(400)) - e0e3eed1-d528-4a83-939c-b34003b9dea6@group-C9E251B369B0->e31d96e5-7e9e-4f8e-80d3-ffe1fdf992c4-InstallSnapshotResponseHandler: received a reply e0e3eed1-d528-4a83-939c-b34003b9dea6<-e31d96e5-7e9e-4f8e-80d3-ffe1fdf992c4#0:FAIL-t2,IN_PROGRESS
2021-06-09 09:33:26,558 [grpc-default-executor-3] INFO  server.GrpcLogAppender (GrpcLogAppender.java:onNext(417)) - e0e3eed1-d528-4a83-939c-b34003b9dea6@group-C9E251B369B0->e31d96e5-7e9e-4f8e-80d3-ffe1fdf992c4-InstallSnapshotResponseHandler: InstallSnapshot in progress.
2021-06-09 09:33:26,559 [e0e3eed1-d528-4a83-939c-b34003b9dea6@group-C9E251B369B0->e31d96e5-7e9e-4f8e-80d3-ffe1fdf992c4-GrpcLogAppender-LogAppenderDaemon] INFO  server.GrpcLogAppender (GrpcLogAppender.java:installSnapshot(524)) - e0e3eed1-d528-4a83-939c-b34003b9dea6@group-C9E251B369B0->e31d96e5-7e9e-4f8e-80d3-ffe1fdf992c4-GrpcLogAppender: followerNextIndex = 0 but logStartIndex = 105, notify follower to install snapshot-(t:2, i:105)
2021-06-09 09:33:26,559 [e0e3eed1-d528-4a83-939c-b34003b9dea6@group-C9E251B369B0->e31d96e5-7e9e-4f8e-80d3-ffe1fdf992c4-GrpcLogAppender-LogAppenderDaemon] INFO  server.GrpcLogAppender (GrpcLogAppender.java:installSnapshot(532)) - e0e3eed1-d528-4a83-939c-b34003b9dea6@group-C9E251B369B0->e31d96e5-7e9e-4f8e-80d3-ffe1fdf992c4-GrpcLogAppender: send e0e3eed1-d528-4a83-939c-b34003b9dea6->e31d96e5-7e9e-4f8e-80d3-ffe1fdf992c4#0-t2,notify:(t:2, i:105)
2021-06-09 09:33:26,560 [grpc-default-executor-5] INFO  server.RaftServer$Division (RaftServerImpl.java:checkInconsistentAppendEntries(1292)) - e31d96e5-7e9e-4f8e-80d3-ffe1fdf992c4@group-C9E251B369B0: Failed appendEntries as snapshot ((t:2, i:105)) installation is in progress
2021-06-09 09:33:26,560 [grpc-default-executor-5] INFO  server.RaftServer$Division (RaftServerImpl.java:checkInconsistentAppendEntries(1284)) - e31d96e5-7e9e-4f8e-80d3-ffe1fdf992c4@group-C9E251B369B0: inconsistency entries. Reply:e0e3eed1-d528-4a83-939c-b34003b9dea6<-e31d96e5-7e9e-4f8e-80d3-ffe1fdf992c4#9:FAIL-t2,INCONSISTENCY,nextIndex=0,followerCommit=-1
2021-06-09 09:33:26,560 [grpc-default-executor-5] INFO  leader.FollowerInfo (FollowerInfoImpl.java:lambda$new$0(46)) - e0e3eed1-d528-4a83-939c-b34003b9dea6@group-C9E251B369B0->e31d96e5-7e9e-4f8e-80d3-ffe1fdf992c4: nextIndex: updateUnconditionally 0 -> 0
2021-06-09 09:33:26,561 [grpc-default-executor-2] INFO  server.RaftServer$Division (RaftServerImpl.java:installSnapshot(1328)) - e31d96e5-7e9e-4f8e-80d3-ffe1fdf992c4@group-C9E251B369B0: receive installSnapshot: e0e3eed1-d528-4a83-939c-b34003b9dea6->e31d96e5-7e9e-4f8e-80d3-ffe1fdf992c4#0-t2,notify:(t:2, i:105)
2021-06-09 09:33:26,561 [grpc-default-executor-2] INFO  server.RaftServer$Division (RaftServerImpl.java:notifyStateMachineToInstallSnapshot(1610)) - e31d96e5-7e9e-4f8e-80d3-ffe1fdf992c4@group-C9E251B369B0: Snapshot Installation by StateMachine is in progress.
2021-06-09 09:33:26,561 [grpc-default-executor-2] INFO  server.RaftServer$Division (RaftServerImpl.java:installSnapshotImpl(1458)) - e31d96e5-7e9e-4f8e-80d3-ffe1fdf992c4@group-C9E251B369B0: set new configuration index: 5
configurationEntry {
  peers {
    id: "e0e3eed1-d528-4a83-939c-b34003b9dea6"
    address: "localhost:14324"
  }
  peers {
    id: "943a282b-f1b6-4c47-b0d5-ac1d3ae1d1bb"
    address: "localhost:14334"
  }
}
 from snapshot
2021-06-09 09:33:26,561 [grpc-default-executor-2] INFO  server.RaftServer$Division (ServerState.java:setRaftConf(373)) - e31d96e5-7e9e-4f8e-80d3-ffe1fdf992c4@group-C9E251B369B0: set configuration 5: [e0e3eed1-d528-4a83-939c-b34003b9dea6|rpc:localhost:14324|admin:|client:|dataStream:|priority:0, 943a282b-f1b6-4c47-b0d5-ac1d3ae1d1bb|rpc:localhost:14334|admin:|client:|dataStream:|priority:0], old=null
2021-06-09 09:33:26,562 [grpc-default-executor-2] INFO  server.RaftServer$Division (RaftServerImpl.java:installSnapshot(1339)) - e31d96e5-7e9e-4f8e-80d3-ffe1fdf992c4@group-C9E251B369B0: reply installSnapshot: e0e3eed1-d528-4a83-939c-b34003b9dea6<-e31d96e5-7e9e-4f8e-80d3-ffe1fdf992c4#0:FAIL-t2,IN_PROGRESS
2021-06-09 09:33:26,562 [grpc-default-executor-2] INFO  server.GrpcServerProtocolService (GrpcServerProtocolService.java:onCompleted(140)) - e31d96e5-7e9e-4f8e-80d3-ffe1fdf992c4: Completed INSTALL_SNAPSHOT, lastRequest: e0e3eed1-d528-4a83-939c-b34003b9dea6->e31d96e5-7e9e-4f8e-80d3-ffe1fdf992c4#0-t2,notify:(t:2, i:105)
2021-06-09 09:33:26,562 [grpc-default-executor-3] INFO  server.GrpcLogAppender (GrpcLogAppender.java:onNext(400)) - e0e3eed1-d528-4a83-939c-b34003b9dea6@group-C9E251B369B0->e31d96e5-7e9e-4f8e-80d3-ffe1fdf992c4-InstallSnapshotResponseHandler: received a reply e0e3eed1-d528-4a83-939c-b34003b9dea6<-e31d96e5-7e9e-4f8e-80d3-ffe1fdf992c4#0:FAIL-t2,IN_PROGRESS
2021-06-09 09:33:26,562 [grpc-default-executor-3] INFO  server.GrpcLogAppender (GrpcLogAppender.java:onNext(417)) - e0e3eed1-d528-4a83-939c-b34003b9dea6@group-C9E251B369B0->e31d96e5-7e9e-4f8e-80d3-ffe1fdf992c4-InstallSnapshotResponseHandler: InstallSnapshot in progress.
2021-06-09 09:33:26,564 [e0e3eed1-d528-4a83-939c-b34003b9dea6@group-C9E251B369B0->e31d96e5-7e9e-4f8e-80d3-ffe1fdf992c4-GrpcLogAppender-LogAppenderDaemon] INFO  server.GrpcLogAppender (GrpcLogAppender.java:installSnapshot(524)) - e0e3eed1-d528-4a83-939c-b34003b9dea6@group-C9E251B369B0->e31d96e5-7e9e-4f8e-80d3-ffe1fdf992c4-GrpcLogAppender: followerNextIndex = 0 but logStartIndex = 105, notify follower to install snapshot-(t:2, i:105)
2021-06-09 09:33:26,564 [e0e3eed1-d528-4a83-939c-b34003b9dea6@group-C9E251B369B0->e31d96e5-7e9e-4f8e-80d3-ffe1fdf992c4-GrpcLogAppender-LogAppenderDaemon] INFO  server.GrpcLogAppender (GrpcLogAppender.java:installSnapshot(532)) - e0e3eed1-d528-4a83-939c-b34003b9dea6@group-C9E251B369B0->e31d96e5-7e9e-4f8e-80d3-ffe1fdf992c4-GrpcLogAppender: send e0e3eed1-d528-4a83-939c-b34003b9dea6->e31d96e5-7e9e-4f8e-80d3-ffe1fdf992c4#0-t2,notify:(t:2, i:105)
2021-06-09 09:33:26,565 [grpc-default-executor-2] INFO  server.RaftServer$Division (RaftServerImpl.java:checkInconsistentAppendEntries(1292)) - e31d96e5-7e9e-4f8e-80d3-ffe1fdf992c4@group-C9E251B369B0: Failed appendEntries as snapshot ((t:2, i:105)) installation is in progress
2021-06-09 09:33:26,566 [grpc-default-executor-2] INFO  server.RaftServer$Division (RaftServerImpl.java:checkInconsistentAppendEntries(1284)) - e31d96e5-7e9e-4f8e-80d3-ffe1fdf992c4@group-C9E251B369B0: inconsistency entries. Reply:e0e3eed1-d528-4a83-939c-b34003b9dea6<-e31d96e5-7e9e-4f8e-80d3-ffe1fdf992c4#10:FAIL-t2,INCONSISTENCY,nextIndex=0,followerCommit=-1
2021-06-09 09:33:26,566 [grpc-default-executor-3] INFO  server.RaftServer$Division (RaftServerImpl.java:installSnapshot(1328)) - e31d96e5-7e9e-4f8e-80d3-ffe1fdf992c4@group-C9E251B369B0: receive installSnapshot: e0e3eed1-d528-4a83-939c-b34003b9dea6->e31d96e5-7e9e-4f8e-80d3-ffe1fdf992c4#0-t2,notify:(t:2, i:105)
2021-06-09 09:33:26,566 [grpc-default-executor-3] INFO  server.RaftServer$Division (RaftServerImpl.java:notifyStateMachineToInstallSnapshot(1610)) - e31d96e5-7e9e-4f8e-80d3-ffe1fdf992c4@group-C9E251B369B0: Snapshot Installation by StateMachine is in progress.
2021-06-09 09:33:26,567 [grpc-default-executor-3] INFO  server.RaftServer$Division (RaftServerImpl.java:installSnapshotImpl(1458)) - e31d96e5-7e9e-4f8e-80d3-ffe1fdf992c4@group-C9E251B369B0: set new configuration index: 5
configurationEntry {
  peers {
    id: "e0e3eed1-d528-4a83-939c-b34003b9dea6"
    address: "localhost:14324"
  }
  peers {
    id: "943a282b-f1b6-4c47-b0d5-ac1d3ae1d1bb"
    address: "localhost:14334"
  }
}
 from snapshot
2021-06-09 09:33:26,567 [grpc-default-executor-3] INFO  server.RaftServer$Division (ServerState.java:setRaftConf(373)) - e31d96e5-7e9e-4f8e-80d3-ffe1fdf992c4@group-C9E251B369B0: set configuration 5: [e0e3eed1-d528-4a83-939c-b34003b9dea6|rpc:localhost:14324|admin:|client:|dataStream:|priority:0, 943a282b-f1b6-4c47-b0d5-ac1d3ae1d1bb|rpc:localhost:14334|admin:|client:|dataStream:|priority:0], old=null
2021-06-09 09:33:26,567 [grpc-default-executor-3] INFO  server.RaftServer$Division (RaftServerImpl.java:installSnapshot(1339)) - e31d96e5-7e9e-4f8e-80d3-ffe1fdf992c4@group-C9E251B369B0: reply installSnapshot: e0e3eed1-d528-4a83-939c-b34003b9dea6<-e31d96e5-7e9e-4f8e-80d3-ffe1fdf992c4#0:FAIL-t2,IN_PROGRESS
2021-06-09 09:33:26,567 [grpc-default-executor-3] INFO  server.GrpcServerProtocolService (GrpcServerProtocolService.java:onCompleted(140)) - e31d96e5-7e9e-4f8e-80d3-ffe1fdf992c4: Completed INSTALL_SNAPSHOT, lastRequest: e0e3eed1-d528-4a83-939c-b34003b9dea6->e31d96e5-7e9e-4f8e-80d3-ffe1fdf992c4#0-t2,notify:(t:2, i:105)
2021-06-09 09:33:26,568 [grpc-default-executor-5] INFO  leader.FollowerInfo (FollowerInfoImpl.java:lambda$new$0(46)) - e0e3eed1-d528-4a83-939c-b34003b9dea6@group-C9E251B369B0->e31d96e5-7e9e-4f8e-80d3-ffe1fdf992c4: nextIndex: updateUnconditionally 0 -> 0
2021-06-09 09:33:26,568 [grpc-default-executor-2] INFO  server.GrpcLogAppender (GrpcLogAppender.java:onNext(400)) - e0e3eed1-d528-4a83-939c-b34003b9dea6@group-C9E251B369B0->e31d96e5-7e9e-4f8e-80d3-ffe1fdf992c4-InstallSnapshotResponseHandler: received a reply e0e3eed1-d528-4a83-939c-b34003b9dea6<-e31d96e5-7e9e-4f8e-80d3-ffe1fdf992c4#0:FAIL-t2,IN_PROGRESS
2021-06-09 09:33:26,568 [grpc-default-executor-2] INFO  server.GrpcLogAppender (GrpcLogAppender.java:onNext(417)) - e0e3eed1-d528-4a83-939c-b34003b9dea6@group-C9E251B369B0->e31d96e5-7e9e-4f8e-80d3-ffe1fdf992c4-InstallSnapshotResponseHandler: InstallSnapshot in progress.
2021-06-09 09:33:26,570 [e0e3eed1-d528-4a83-939c-b34003b9dea6@group-C9E251B369B0->e31d96e5-7e9e-4f8e-80d3-ffe1fdf992c4-GrpcLogAppender-LogAppenderDaemon] INFO  server.GrpcLogAppender (GrpcLogAppender.java:installSnapshot(524)) - e0e3eed1-d528-4a83-939c-b34003b9dea6@group-C9E251B369B0->e31d96e5-7e9e-4f8e-80d3-ffe1fdf992c4-GrpcLogAppender: followerNextIndex = 0 but logStartIndex = 105, notify follower to install snapshot-(t:2, i:105)
2021-06-09 09:33:26,570 [e0e3eed1-d528-4a83-939c-b34003b9dea6@group-C9E251B369B0->e31d96e5-7e9e-4f8e-80d3-ffe1fdf992c4-GrpcLogAppender-LogAppenderDaemon] INFO  server.GrpcLogAppender (GrpcLogAppender.java:installSnapshot(532)) - e0e3eed1-d528-4a83-939c-b34003b9dea6@group-C9E251B369B0->e31d96e5-7e9e-4f8e-80d3-ffe1fdf992c4-GrpcLogAppender: send e0e3eed1-d528-4a83-939c-b34003b9dea6->e31d96e5-7e9e-4f8e-80d3-ffe1fdf992c4#0-t2,notify:(t:2, i:105)
2021-06-09 09:33:26,570 [grpc-default-executor-3] INFO  server.RaftServer$Division (RaftServerImpl.java:checkInconsistentAppendEntries(1292)) - e31d96e5-7e9e-4f8e-80d3-ffe1fdf992c4@group-C9E251B369B0: Failed appendEntries as snapshot ((t:2, i:105)) installation is in progress
2021-06-09 09:33:26,571 [grpc-default-executor-3] INFO  server.RaftServer$Division (RaftServerImpl.java:checkInconsistentAppendEntries(1284)) - e31d96e5-7e9e-4f8e-80d3-ffe1fdf992c4@group-C9E251B369B0: inconsistency entries. Reply:e0e3eed1-d528-4a83-939c-b34003b9dea6<-e31d96e5-7e9e-4f8e-80d3-ffe1fdf992c4#11:FAIL-t2,INCONSISTENCY,nextIndex=0,followerCommit=-1
2021-06-09 09:33:26,572 [grpc-default-executor-5] INFO  server.RaftServer$Division (RaftServerImpl.java:installSnapshot(1328)) - e31d96e5-7e9e-4f8e-80d3-ffe1fdf992c4@group-C9E251B369B0: receive installSnapshot: e0e3eed1-d528-4a83-939c-b34003b9dea6->e31d96e5-7e9e-4f8e-80d3-ffe1fdf992c4#0-t2,notify:(t:2, i:105)
2021-06-09 09:33:26,572 [grpc-default-executor-5] INFO  server.RaftServer$Division (RaftServerImpl.java:notifyStateMachineToInstallSnapshot(1610)) - e31d96e5-7e9e-4f8e-80d3-ffe1fdf992c4@group-C9E251B369B0: Snapshot Installation by StateMachine is in progress.
2021-06-09 09:33:26,572 [grpc-default-executor-2] INFO  leader.FollowerInfo (FollowerInfoImpl.java:lambda$new$0(46)) - e0e3eed1-d528-4a83-939c-b34003b9dea6@group-C9E251B369B0->e31d96e5-7e9e-4f8e-80d3-ffe1fdf992c4: nextIndex: updateUnconditionally 0 -> 0
2021-06-09 09:33:26,572 [grpc-default-executor-5] INFO  server.RaftServer$Division (RaftServerImpl.java:installSnapshotImpl(1458)) - e31d96e5-7e9e-4f8e-80d3-ffe1fdf992c4@group-C9E251B369B0: set new configuration index: 5
configurationEntry {
  peers {
    id: "e0e3eed1-d528-4a83-939c-b34003b9dea6"
    address: "localhost:14324"
  }
  peers {
    id: "943a282b-f1b6-4c47-b0d5-ac1d3ae1d1bb"
    address: "localhost:14334"
  }
}
 from snapshot
2021-06-09 09:33:26,572 [grpc-default-executor-5] INFO  server.RaftServer$Division (ServerState.java:setRaftConf(373)) - e31d96e5-7e9e-4f8e-80d3-ffe1fdf992c4@group-C9E251B369B0: set configuration 5: [e0e3eed1-d528-4a83-939c-b34003b9dea6|rpc:localhost:14324|admin:|client:|dataStream:|priority:0, 943a282b-f1b6-4c47-b0d5-ac1d3ae1d1bb|rpc:localhost:14334|admin:|client:|dataStream:|priority:0], old=null
2021-06-09 09:33:26,572 [grpc-default-executor-5] INFO  server.RaftServer$Division (RaftServerImpl.java:installSnapshot(1339)) - e31d96e5-7e9e-4f8e-80d3-ffe1fdf992c4@group-C9E251B369B0: reply installSnapshot: e0e3eed1-d528-4a83-939c-b34003b9dea6<-e31d96e5-7e9e-4f8e-80d3-ffe1fdf992c4#0:FAIL-t2,IN_PROGRESS
2021-06-09 09:33:26,572 [grpc-default-executor-5] INFO  server.GrpcServerProtocolService (GrpcServerProtocolService.java:onCompleted(140)) - e31d96e5-7e9e-4f8e-80d3-ffe1fdf992c4: Completed INSTALL_SNAPSHOT, lastRequest: e0e3eed1-d528-4a83-939c-b34003b9dea6->e31d96e5-7e9e-4f8e-80d3-ffe1fdf992c4#0-t2,notify:(t:2, i:105)
2021-06-09 09:33:26,573 [grpc-default-executor-2] INFO  server.GrpcLogAppender (GrpcLogAppender.java:onNext(400)) - e0e3eed1-d528-4a83-939c-b34003b9dea6@group-C9E251B369B0->e31d96e5-7e9e-4f8e-80d3-ffe1fdf992c4-InstallSnapshotResponseHandler: received a reply e0e3eed1-d528-4a83-939c-b34003b9dea6<-e31d96e5-7e9e-4f8e-80d3-ffe1fdf992c4#0:FAIL-t2,IN_PROGRESS
2021-06-09 09:33:26,573 [grpc-default-executor-2] INFO  server.GrpcLogAppender (GrpcLogAppender.java:onNext(417)) - e0e3eed1-d528-4a83-939c-b34003b9dea6@group-C9E251B369B0->e31d96e5-7e9e-4f8e-80d3-ffe1fdf992c4-InstallSnapshotResponseHandler: InstallSnapshot in progress.
2021-06-09 09:33:26,574 [e0e3eed1-d528-4a83-939c-b34003b9dea6@group-C9E251B369B0->e31d96e5-7e9e-4f8e-80d3-ffe1fdf992c4-GrpcLogAppender-LogAppenderDaemon] INFO  server.GrpcLogAppender (GrpcLogAppender.java:installSnapshot(524)) - e0e3eed1-d528-4a83-939c-b34003b9dea6@group-C9E251B369B0->e31d96e5-7e9e-4f8e-80d3-ffe1fdf992c4-GrpcLogAppender: followerNextIndex = 0 but logStartIndex = 105, notify follower to install snapshot-(t:2, i:105)
2021-06-09 09:33:26,574 [e0e3eed1-d528-4a83-939c-b34003b9dea6@group-C9E251B369B0->e31d96e5-7e9e-4f8e-80d3-ffe1fdf992c4-GrpcLogAppender-LogAppenderDaemon] INFO  server.GrpcLogAppender (GrpcLogAppender.java:installSnapshot(532)) - e0e3eed1-d528-4a83-939c-b34003b9dea6@group-C9E251B369B0->e31d96e5-7e9e-4f8e-80d3-ffe1fdf992c4-GrpcLogAppender: send e0e3eed1-d528-4a83-939c-b34003b9dea6->e31d96e5-7e9e-4f8e-80d3-ffe1fdf992c4#0-t2,notify:(t:2, i:105)
2021-06-09 09:33:26,576 [grpc-default-executor-5] INFO  server.RaftServer$Division (RaftServerImpl.java:checkInconsistentAppendEntries(1292)) - e31d96e5-7e9e-4f8e-80d3-ffe1fdf992c4@group-C9E251B369B0: Failed appendEntries as snapshot ((t:2, i:105)) installation is in progress
2021-06-09 09:33:26,577 [grpc-default-executor-5] INFO  server.RaftServer$Division (RaftServerImpl.java:checkInconsistentAppendEntries(1284)) - e31d96e5-7e9e-4f8e-80d3-ffe1fdf992c4@group-C9E251B369B0: inconsistency entries. Reply:e0e3eed1-d528-4a83-939c-b34003b9dea6<-e31d96e5-7e9e-4f8e-80d3-ffe1fdf992c4#12:FAIL-t2,INCONSISTENCY,nextIndex=0,followerCommit=-1
2021-06-09 09:33:26,577 [grpc-default-executor-3] INFO  server.RaftServer$Division (RaftServerImpl.java:installSnapshot(1328)) - e31d96e5-7e9e-4f8e-80d3-ffe1fdf992c4@group-C9E251B369B0: receive installSnapshot: e0e3eed1-d528-4a83-939c-b34003b9dea6->e31d96e5-7e9e-4f8e-80d3-ffe1fdf992c4#0-t2,notify:(t:2, i:105)
2021-06-09 09:33:26,577 [grpc-default-executor-3] INFO  server.RaftServer$Division (RaftServerImpl.java:notifyStateMachineToInstallSnapshot(1610)) - e31d96e5-7e9e-4f8e-80d3-ffe1fdf992c4@group-C9E251B369B0: Snapshot Installation by StateMachine is in progress.
2021-06-09 09:33:26,577 [grpc-default-executor-3] INFO  server.RaftServer$Division (RaftServerImpl.java:installSnapshotImpl(1458)) - e31d96e5-7e9e-4f8e-80d3-ffe1fdf992c4@group-C9E251B369B0: set new configuration index: 5
configurationEntry {
  peers {
    id: "e0e3eed1-d528-4a83-939c-b34003b9dea6"
    address: "localhost:14324"
  }
  peers {
    id: "943a282b-f1b6-4c47-b0d5-ac1d3ae1d1bb"
    address: "localhost:14334"
  }
}
 from snapshot
2021-06-09 09:33:26,577 [grpc-default-executor-3] INFO  server.RaftServer$Division (ServerState.java:setRaftConf(373)) - e31d96e5-7e9e-4f8e-80d3-ffe1fdf992c4@group-C9E251B369B0: set configuration 5: [e0e3eed1-d528-4a83-939c-b34003b9dea6|rpc:localhost:14324|admin:|client:|dataStream:|priority:0, 943a282b-f1b6-4c47-b0d5-ac1d3ae1d1bb|rpc:localhost:14334|admin:|client:|dataStream:|priority:0], old=null
2021-06-09 09:33:26,577 [grpc-default-executor-3] INFO  server.RaftServer$Division (RaftServerImpl.java:installSnapshot(1339)) - e31d96e5-7e9e-4f8e-80d3-ffe1fdf992c4@group-C9E251B369B0: reply installSnapshot: e0e3eed1-d528-4a83-939c-b34003b9dea6<-e31d96e5-7e9e-4f8e-80d3-ffe1fdf992c4#0:FAIL-t2,IN_PROGRESS
2021-06-09 09:33:26,578 [grpc-default-executor-3] INFO  server.GrpcServerProtocolService (GrpcServerProtocolService.java:onCompleted(140)) - e31d96e5-7e9e-4f8e-80d3-ffe1fdf992c4: Completed INSTALL_SNAPSHOT, lastRequest: e0e3eed1-d528-4a83-939c-b34003b9dea6->e31d96e5-7e9e-4f8e-80d3-ffe1fdf992c4#0-t2,notify:(t:2, i:105)
2021-06-09 09:33:26,578 [grpc-default-executor-2] INFO  leader.FollowerInfo (FollowerInfoImpl.java:lambda$new$0(46)) - e0e3eed1-d528-4a83-939c-b34003b9dea6@group-C9E251B369B0->e31d96e5-7e9e-4f8e-80d3-ffe1fdf992c4: nextIndex: updateUnconditionally 0 -> 0
2021-06-09 09:33:26,578 [grpc-default-executor-2] INFO  server.GrpcLogAppender (GrpcLogAppender.java:onNext(400)) - e0e3eed1-d528-4a83-939c-b34003b9dea6@group-C9E251B369B0->e31d96e5-7e9e-4f8e-80d3-ffe1fdf992c4-InstallSnapshotResponseHandler: received a reply e0e3eed1-d528-4a83-939c-b34003b9dea6<-e31d96e5-7e9e-4f8e-80d3-ffe1fdf992c4#0:FAIL-t2,IN_PROGRESS
2021-06-09 09:33:26,578 [grpc-default-executor-2] INFO  server.GrpcLogAppender (GrpcLogAppender.java:onNext(417)) - e0e3eed1-d528-4a83-939c-b34003b9dea6@group-C9E251B369B0->e31d96e5-7e9e-4f8e-80d3-ffe1fdf992c4-InstallSnapshotResponseHandler: InstallSnapshot in progress.
2021-06-09 09:33:26,583 [e0e3eed1-d528-4a83-939c-b34003b9dea6@group-C9E251B369B0->e31d96e5-7e9e-4f8e-80d3-ffe1fdf992c4-GrpcLogAppender-LogAppenderDaemon] INFO  server.GrpcLogAppender (GrpcLogAppender.java:installSnapshot(524)) - e0e3eed1-d528-4a83-939c-b34003b9dea6@group-C9E251B369B0->e31d96e5-7e9e-4f8e-80d3-ffe1fdf992c4-GrpcLogAppender: followerNextIndex = 0 but logStartIndex = 105, notify follower to install snapshot-(t:2, i:105)
2021-06-09 09:33:26,583 [e0e3eed1-d528-4a83-939c-b34003b9dea6@group-C9E251B369B0->e31d96e5-7e9e-4f8e-80d3-ffe1fdf992c4-GrpcLogAppender-LogAppenderDaemon] INFO  server.GrpcLogAppender (GrpcLogAppender.java:installSnapshot(532)) - e0e3eed1-d528-4a83-939c-b34003b9dea6@group-C9E251B369B0->e31d96e5-7e9e-4f8e-80d3-ffe1fdf992c4-GrpcLogAppender: send e0e3eed1-d528-4a83-939c-b34003b9dea6->e31d96e5-7e9e-4f8e-80d3-ffe1fdf992c4#0-t2,notify:(t:2, i:105)
2021-06-09 09:33:26,587 [grpc-default-executor-5] INFO  server.RaftServer$Division (RaftServerImpl.java:checkInconsistentAppendEntries(1292)) - e31d96e5-7e9e-4f8e-80d3-ffe1fdf992c4@group-C9E251B369B0: Failed appendEntries as snapshot ((t:2, i:105)) installation is in progress
2021-06-09 09:33:26,588 [grpc-default-executor-5] INFO  server.RaftServer$Division (RaftServerImpl.java:checkInconsistentAppendEntries(1284)) - e31d96e5-7e9e-4f8e-80d3-ffe1fdf992c4@group-C9E251B369B0: inconsistency entries. Reply:e0e3eed1-d528-4a83-939c-b34003b9dea6<-e31d96e5-7e9e-4f8e-80d3-ffe1fdf992c4#13:FAIL-t2,INCONSISTENCY,nextIndex=0,followerCommit=-1
2021-06-09 09:33:26,588 [grpc-default-executor-5] INFO  leader.FollowerInfo (FollowerInfoImpl.java:lambda$new$0(46)) - e0e3eed1-d528-4a83-939c-b34003b9dea6@group-C9E251B369B0->e31d96e5-7e9e-4f8e-80d3-ffe1fdf992c4: nextIndex: updateUnconditionally 0 -> 0
2021-06-09 09:33:26,591 [pool-55-thread-1] INFO  ha.SCMHAManagerImpl (SCMHAManagerImpl.java:verifyCheckpointFromLeader(172)) - Installing checkpoint with SCMTransactionInfo 2#202
2021-06-09 09:33:26,591 [pool-55-thread-1] INFO  server.RaftServer$Division (RaftServerImpl.java:lambda$notifyStateMachineToInstallSnapshot$30(1593)) - e31d96e5-7e9e-4f8e-80d3-ffe1fdf992c4@group-C9E251B369B0: StateMachine successfully installed snapshot index 202. Reloading the StateMachine.
2021-06-09 09:33:26,591 [pool-55-thread-1] INFO  segmented.SegmentedRaftLogWorker (SegmentedRaftLogWorker.java:lambda$new$0(133)) - e31d96e5-7e9e-4f8e-80d3-ffe1fdf992c4@group-C9E251B369B0-SegmentedRaftLogWorker: flushIndex: setUnconditionally -1 -> 202
2021-06-09 09:33:26,591 [pool-55-thread-1] INFO  segmented.SegmentedRaftLogWorker (SegmentedRaftLogWorker.java:lambda$new$0(133)) - e31d96e5-7e9e-4f8e-80d3-ffe1fdf992c4@group-C9E251B369B0-SegmentedRaftLogWorker: safeCacheEvictIndex: setUnconditionally -1 -> 202
2021-06-09 09:33:26,591 [pool-55-thread-1] INFO  raftlog.RaftLog (RaftLogBase.java:lambda$new$0(53)) - e31d96e5-7e9e-4f8e-80d3-ffe1fdf992c4@group-C9E251B369B0-SegmentedRaftLog: snapshotIndex: updateIncreasingly -1 -> 202
2021-06-09 09:33:26,592 [grpc-default-executor-2] INFO  server.RaftServer$Division (RaftServerImpl.java:installSnapshot(1328)) - e31d96e5-7e9e-4f8e-80d3-ffe1fdf992c4@group-C9E251B369B0: receive installSnapshot: e0e3eed1-d528-4a83-939c-b34003b9dea6->e31d96e5-7e9e-4f8e-80d3-ffe1fdf992c4#0-t2,notify:(t:2, i:105)
2021-06-09 09:33:26,592 [grpc-default-executor-2] INFO  server.RaftServer$Division (RaftServerImpl.java:notifyStateMachineToInstallSnapshot(1559)) - e31d96e5-7e9e-4f8e-80d3-ffe1fdf992c4@group-C9E251B369B0: StateMachine snapshotIndex is 202
2021-06-09 09:33:26,592 [grpc-default-executor-2] INFO  server.RaftServer$Division (RaftServerImpl.java:installSnapshotImpl(1458)) - e31d96e5-7e9e-4f8e-80d3-ffe1fdf992c4@group-C9E251B369B0: set new configuration index: 5
configurationEntry {
  peers {
    id: "e0e3eed1-d528-4a83-939c-b34003b9dea6"
    address: "localhost:14324"
  }
  peers {
    id: "943a282b-f1b6-4c47-b0d5-ac1d3ae1d1bb"
    address: "localhost:14334"
  }
}
 from snapshot
2021-06-09 09:33:26,592 [grpc-default-executor-2] INFO  server.RaftServer$Division (ServerState.java:setRaftConf(373)) - e31d96e5-7e9e-4f8e-80d3-ffe1fdf992c4@group-C9E251B369B0: set configuration 5: [e0e3eed1-d528-4a83-939c-b34003b9dea6|rpc:localhost:14324|admin:|client:|dataStream:|priority:0, 943a282b-f1b6-4c47-b0d5-ac1d3ae1d1bb|rpc:localhost:14334|admin:|client:|dataStream:|priority:0], old=null
2021-06-09 09:33:26,592 [grpc-default-executor-2] INFO  server.RaftServer$Division (RaftServerImpl.java:installSnapshot(1339)) - e31d96e5-7e9e-4f8e-80d3-ffe1fdf992c4@group-C9E251B369B0: reply installSnapshot: e0e3eed1-d528-4a83-939c-b34003b9dea6<-e31d96e5-7e9e-4f8e-80d3-ffe1fdf992c4#0:FAIL-t2,ALREADY_INSTALLED,snapshotIndex=202
2021-06-09 09:33:26,592 [grpc-default-executor-2] INFO  server.GrpcServerProtocolService (GrpcServerProtocolService.java:onCompleted(140)) - e31d96e5-7e9e-4f8e-80d3-ffe1fdf992c4: Completed INSTALL_SNAPSHOT, lastRequest: e0e3eed1-d528-4a83-939c-b34003b9dea6->e31d96e5-7e9e-4f8e-80d3-ffe1fdf992c4#0-t2,notify:(t:2, i:105)
2021-06-09 09:33:26,598 [grpc-default-executor-5] INFO  server.GrpcLogAppender (GrpcLogAppender.java:onNext(400)) - e0e3eed1-d528-4a83-939c-b34003b9dea6@group-C9E251B369B0->e31d96e5-7e9e-4f8e-80d3-ffe1fdf992c4-InstallSnapshotResponseHandler: received a reply e0e3eed1-d528-4a83-939c-b34003b9dea6<-e31d96e5-7e9e-4f8e-80d3-ffe1fdf992c4#0:FAIL-t2,ALREADY_INSTALLED,snapshotIndex=202
2021-06-09 09:33:26,598 [grpc-default-executor-5] INFO  server.GrpcLogAppender (GrpcLogAppender.java:onNext(422)) - e0e3eed1-d528-4a83-939c-b34003b9dea6@group-C9E251B369B0->e31d96e5-7e9e-4f8e-80d3-ffe1fdf992c4-InstallSnapshotResponseHandler: Already Installed Snapshot Index 202.
2021-06-09 09:33:26,598 [grpc-default-executor-5] INFO  leader.FollowerInfo (FollowerInfoImpl.java:lambda$new$0(46)) - e0e3eed1-d528-4a83-939c-b34003b9dea6@group-C9E251B369B0->e31d96e5-7e9e-4f8e-80d3-ffe1fdf992c4: snapshotIndex: setUnconditionally 0 -> 202
2021-06-09 09:33:26,598 [grpc-default-executor-5] INFO  leader.FollowerInfo (FollowerInfoImpl.java:lambda$new$0(46)) - e0e3eed1-d528-4a83-939c-b34003b9dea6@group-C9E251B369B0->e31d96e5-7e9e-4f8e-80d3-ffe1fdf992c4: matchIndex: setUnconditionally 0 -> 202
2021-06-09 09:33:26,598 [grpc-default-executor-5] INFO  leader.FollowerInfo (FollowerInfoImpl.java:lambda$new$0(46)) - e0e3eed1-d528-4a83-939c-b34003b9dea6@group-C9E251B369B0->e31d96e5-7e9e-4f8e-80d3-ffe1fdf992c4: nextIndex: setUnconditionally 0 -> 203
2021-06-09 09:33:26,598 [grpc-default-executor-5] INFO  leader.FollowerInfo (FollowerInfoImpl.java:lambda$new$0(46)) - e0e3eed1-d528-4a83-939c-b34003b9dea6@group-C9E251B369B0->e31d96e5-7e9e-4f8e-80d3-ffe1fdf992c4: nextIndex: updateToMax old=203, new=203, updated? false
2021-06-09 09:33:26,600 [grpc-default-executor-5] INFO  segmented.SegmentedRaftLogWorker (SegmentedRaftLogWorker.java:startLogSegment(394)) - e31d96e5-7e9e-4f8e-80d3-ffe1fdf992c4@group-C9E251B369B0-SegmentedRaftLogWorker: Starting segment from index:203
2021-06-09 09:33:26,601 [e31d96e5-7e9e-4f8e-80d3-ffe1fdf992c4@group-C9E251B369B0-SegmentedRaftLogWorker] INFO  segmented.SegmentedRaftLogWorker (SegmentedRaftLogWorker.java:execute(601)) - e31d96e5-7e9e-4f8e-80d3-ffe1fdf992c4@group-C9E251B369B0-SegmentedRaftLogWorker: created new log segment /home/runner/work/ozone/ozone/mnt/ozone/hadoop-ozone/integration-test/target/test-dir/MiniOzoneClusterImpl-43f0ca0c-372e-4c55-aedd-c9e251b369b0/scmNode-3/scm-ha/43f0ca0c-372e-4c55-aedd-c9e251b369b0/current/log_inprogress_203
2021-06-09 09:33:26,602 [e0e3eed1-d528-4a83-939c-b34003b9dea6@group-C9E251B369B0-LeaderStateImpl] INFO  server.RaftServer$Division (ServerState.java:setRaftConf(373)) - e0e3eed1-d528-4a83-939c-b34003b9dea6@group-C9E251B369B0: set configuration 205: [e0e3eed1-d528-4a83-939c-b34003b9dea6|rpc:localhost:14324|admin:|client:|dataStream:|priority:0, e31d96e5-7e9e-4f8e-80d3-ffe1fdf992c4|rpc:localhost:14344|priority:0, 943a282b-f1b6-4c47-b0d5-ac1d3ae1d1bb|rpc:localhost:14334|priority:0], old=[e0e3eed1-d528-4a83-939c-b34003b9dea6|rpc:localhost:14324|admin:|client:|dataStream:|priority:0, 943a282b-f1b6-4c47-b0d5-ac1d3ae1d1bb|rpc:localhost:14334|priority:0]
2021-06-09 09:33:26,603 [grpc-default-executor-2] INFO  server.RaftServer$Division (ServerState.java:setRaftConf(373)) - 943a282b-f1b6-4c47-b0d5-ac1d3ae1d1bb@group-C9E251B369B0: set configuration 205: [e0e3eed1-d528-4a83-939c-b34003b9dea6|rpc:localhost:14324|admin:|client:|dataStream:|priority:0, e31d96e5-7e9e-4f8e-80d3-ffe1fdf992c4|rpc:localhost:14344|admin:|client:|dataStream:|priority:0, 943a282b-f1b6-4c47-b0d5-ac1d3ae1d1bb|rpc:localhost:14334|admin:|client:|dataStream:|priority:0], old=[e0e3eed1-d528-4a83-939c-b34003b9dea6|rpc:localhost:14324|admin:|client:|dataStream:|priority:0, 943a282b-f1b6-4c47-b0d5-ac1d3ae1d1bb|rpc:localhost:14334|admin:|client:|dataStream:|priority:0]
2021-06-09 09:33:26,603 [grpc-default-executor-5] INFO  server.RaftServer$Division (ServerState.java:setRaftConf(373)) - e31d96e5-7e9e-4f8e-80d3-ffe1fdf992c4@group-C9E251B369B0: set configuration 205: [e0e3eed1-d528-4a83-939c-b34003b9dea6|rpc:localhost:14324|admin:|client:|dataStream:|priority:0, e31d96e5-7e9e-4f8e-80d3-ffe1fdf992c4|rpc:localhost:14344|admin:|client:|dataStream:|priority:0, 943a282b-f1b6-4c47-b0d5-ac1d3ae1d1bb|rpc:localhost:14334|admin:|client:|dataStream:|priority:0], old=[e0e3eed1-d528-4a83-939c-b34003b9dea6|rpc:localhost:14324|admin:|client:|dataStream:|priority:0, 943a282b-f1b6-4c47-b0d5-ac1d3ae1d1bb|rpc:localhost:14334|admin:|client:|dataStream:|priority:0]
2021-06-09 09:33:26,605 [e0e3eed1-d528-4a83-939c-b34003b9dea6@group-C9E251B369B0-LeaderStateImpl] INFO  server.RaftServer$Division (ServerState.java:setRaftConf(373)) - e0e3eed1-d528-4a83-939c-b34003b9dea6@group-C9E251B369B0: set configuration 207: [e0e3eed1-d528-4a83-939c-b34003b9dea6|rpc:localhost:14324|admin:|client:|dataStream:|priority:0, e31d96e5-7e9e-4f8e-80d3-ffe1fdf992c4|rpc:localhost:14344|priority:0, 943a282b-f1b6-4c47-b0d5-ac1d3ae1d1bb|rpc:localhost:14334|priority:0], old=null
2021-06-09 09:33:26,605 [e0e3eed1-d528-4a83-939c-b34003b9dea6@group-C9E251B369B0-StateMachineUpdater] INFO  ha.SCMStateMachine (SCMStateMachine.java:takeSnapshot(282)) - Current Snapshot Index 205, takeSnapshot took 0 ms
2021-06-09 09:33:26,605 [e0e3eed1-d528-4a83-939c-b34003b9dea6@group-C9E251B369B0-StateMachineUpdater] INFO  impl.StateMachineUpdater (StateMachineUpdater.java:takeSnapshot(281)) - e0e3eed1-d528-4a83-939c-b34003b9dea6@group-C9E251B369B0-StateMachineUpdater: Took a snapshot at index 205
2021-06-09 09:33:26,605 [e0e3eed1-d528-4a83-939c-b34003b9dea6@group-C9E251B369B0-StateMachineUpdater] INFO  impl.StateMachineUpdater (StateMachineUpdater.java:lambda$new$0(89)) - e0e3eed1-d528-4a83-939c-b34003b9dea6@group-C9E251B369B0-StateMachineUpdater: snapshotIndex: updateIncreasingly 200 -> 205
2021-06-09 09:33:26,605 [e0e3eed1-d528-4a83-939c-b34003b9dea6@group-C9E251B369B0-StateMachineUpdater] INFO  raftlog.RaftLog (RaftLogBase.java:purge(306)) - e0e3eed1-d528-4a83-939c-b34003b9dea6@group-C9E251B369B0-SegmentedRaftLog: purge 205
2021-06-09 09:33:26,605 [e0e3eed1-d528-4a83-939c-b34003b9dea6@group-C9E251B369B0-StateMachineUpdater] INFO  raftlog.RaftLog (RaftLogBase.java:lambda$new$0(53)) - e0e3eed1-d528-4a83-939c-b34003b9dea6@group-C9E251B369B0-SegmentedRaftLog: snapshotIndex: updateIncreasingly 200 -> 205
2021-06-09 09:33:26,605 [e0e3eed1-d528-4a83-939c-b34003b9dea6@group-C9E251B369B0-StateMachineUpdater] INFO  raftlog.RaftLog (RaftLogBase.java:lambda$new$0(53)) - e0e3eed1-d528-4a83-939c-b34003b9dea6@group-C9E251B369B0-SegmentedRaftLog: purgeIndex: updateToMax old=200, new=205, updated? true
2021-06-09 09:33:26,606 [grpc-default-executor-5] INFO  server.RaftServer$Division (ServerState.java:setRaftConf(373)) - e31d96e5-7e9e-4f8e-80d3-ffe1fdf992c4@group-C9E251B369B0: set configuration 207: [e0e3eed1-d528-4a83-939c-b34003b9dea6|rpc:localhost:14324|admin:|client:|dataStream:|priority:0, e31d96e5-7e9e-4f8e-80d3-ffe1fdf992c4|rpc:localhost:14344|admin:|client:|dataStream:|priority:0, 943a282b-f1b6-4c47-b0d5-ac1d3ae1d1bb|rpc:localhost:14334|admin:|client:|dataStream:|priority:0], old=null
2021-06-09 09:33:26,607 [grpc-default-executor-5] INFO  server.RaftServer$Division (ServerState.java:setRaftConf(373)) - 943a282b-f1b6-4c47-b0d5-ac1d3ae1d1bb@group-C9E251B369B0: set configuration 207: [e0e3eed1-d528-4a83-939c-b34003b9dea6|rpc:localhost:14324|admin:|client:|dataStream:|priority:0, e31d96e5-7e9e-4f8e-80d3-ffe1fdf992c4|rpc:localhost:14344|admin:|client:|dataStream:|priority:0, 943a282b-f1b6-4c47-b0d5-ac1d3ae1d1bb|rpc:localhost:14334|admin:|client:|dataStream:|priority:0], old=null
2021-06-09 09:33:26,608 [943a282b-f1b6-4c47-b0d5-ac1d3ae1d1bb@group-C9E251B369B0-StateMachineUpdater] INFO  ha.SCMStateMachine (SCMStateMachine.java:takeSnapshot(282)) - Current Snapshot Index 205, takeSnapshot took 0 ms
2021-06-09 09:33:26,608 [943a282b-f1b6-4c47-b0d5-ac1d3ae1d1bb@group-C9E251B369B0-StateMachineUpdater] INFO  impl.StateMachineUpdater (StateMachineUpdater.java:takeSnapshot(281)) - 943a282b-f1b6-4c47-b0d5-ac1d3ae1d1bb@group-C9E251B369B0-StateMachineUpdater: Took a snapshot at index 205
2021-06-09 09:33:26,608 [943a282b-f1b6-4c47-b0d5-ac1d3ae1d1bb@group-C9E251B369B0-StateMachineUpdater] INFO  impl.StateMachineUpdater (StateMachineUpdater.java:lambda$new$0(89)) - 943a282b-f1b6-4c47-b0d5-ac1d3ae1d1bb@group-C9E251B369B0-StateMachineUpdater: snapshotIndex: updateIncreasingly 200 -> 205
2021-06-09 09:33:26,608 [943a282b-f1b6-4c47-b0d5-ac1d3ae1d1bb@group-C9E251B369B0-StateMachineUpdater] INFO  raftlog.RaftLog (RaftLogBase.java:purge(306)) - 943a282b-f1b6-4c47-b0d5-ac1d3ae1d1bb@group-C9E251B369B0-SegmentedRaftLog: purge 205
2021-06-09 09:33:26,608 [943a282b-f1b6-4c47-b0d5-ac1d3ae1d1bb@group-C9E251B369B0-StateMachineUpdater] INFO  raftlog.RaftLog (RaftLogBase.java:lambda$new$0(53)) - 943a282b-f1b6-4c47-b0d5-ac1d3ae1d1bb@group-C9E251B369B0-SegmentedRaftLog: snapshotIndex: updateIncreasingly 200 -> 205
2021-06-09 09:33:26,609 [943a282b-f1b6-4c47-b0d5-ac1d3ae1d1bb@group-C9E251B369B0-StateMachineUpdater] INFO  raftlog.RaftLog (RaftLogBase.java:lambda$new$0(53)) - 943a282b-f1b6-4c47-b0d5-ac1d3ae1d1bb@group-C9E251B369B0-SegmentedRaftLog: purgeIndex: updateToMax old=200, new=205, updated? true
2021-06-09 09:33:26,609 [IPC Server handler 1 on default port 14326] INFO  ha.SCMRatisServerImpl (SCMRatisServerImpl.java:addSCM(293)) - Successfully added new SCM: e31d96e5-7e9e-4f8e-80d3-ffe1fdf992c4.
2021-06-09 09:33:26,610 [Listener at 127.0.0.1/10928] INFO  ha.SCMHAManagerImpl (SCMHAManagerImpl.java:start(116)) - Successfully added SCM scmNode-3 to group group-C9E251B369B0:[e0e3eed1-d528-4a83-939c-b34003b9dea6|rpc:localhost:14324|admin:|client:|dataStream:|priority:0, e31d96e5-7e9e-4f8e-80d3-ffe1fdf992c4|rpc:localhost:14344|admin:|client:|dataStream:|priority:0, 943a282b-f1b6-4c47-b0d5-ac1d3ae1d1bb|rpc:localhost:14334|admin:|client:|dataStream:|priority:0]
2021-06-09 09:33:26,616 [Listener at 127.0.0.1/10928] INFO  ha.InterSCMGrpcService (InterSCMGrpcProtocolService.java:start(94)) - Starting SCM Grpc Service at port 14348
2021-06-09 09:33:26,619 [Listener at 127.0.0.1/10928] INFO  impl.MetricsSystemImpl (MetricsSystemImpl.java:init(158)) - StorageContainerManager metrics system started (again)
2021-06-09 09:33:26,624 [Listener at 127.0.0.1/10928] INFO  server.SCMClientProtocolServer (SCMClientProtocolServer.java:start(157)) - RPC server for Client  is listening at /0.0.0.0:14347
2021-06-09 09:33:26,625 [IPC Server Responder] INFO  ipc.Server (Server.java:run(1497)) - IPC Server Responder: starting
2021-06-09 09:33:26,625 [IPC Server listener on 14347] INFO  ipc.Server (Server.java:run(1334)) - IPC Server listener on 14347: starting
2021-06-09 09:33:26,643 [e31d96e5-7e9e-4f8e-80d3-ffe1fdf992c4@group-C9E251B369B0-StateMachineUpdater] INFO  ha.SCMHAManagerImpl (SCMHAManagerImpl.java:installCheckpoint(227)) - Installing checkpoint with SCMTransactionInfo 2#202
2021-06-09 09:33:26,644 [e31d96e5-7e9e-4f8e-80d3-ffe1fdf992c4@group-C9E251B369B0-StateMachineUpdater] INFO  ha.SCMHAManagerImpl (SCMHAManagerImpl.java:installCheckpoint(266)) - Replaced DB with checkpoint, term: 2, index: 202
2021-06-09 09:33:26,644 [e31d96e5-7e9e-4f8e-80d3-ffe1fdf992c4@group-C9E251B369B0-StateMachineUpdater] WARN  utils.HAUtils (HAUtils.java:getMetaDir(342)) - ozone.scm.db.dirs is not configured. We recommend adding this setting. Falling back to ozone.metadata.dirs instead.
2021-06-09 09:33:26,645 [e31d96e5-7e9e-4f8e-80d3-ffe1fdf992c4@group-C9E251B369B0-StateMachineUpdater] WARN  db.DBStoreBuilder (DBStoreBuilder.java:applyDBDefinition(145)) - ozone.scm.db.dirs is not configured. We recommend adding this setting. Falling back to ozone.metadata.dirs instead.
2021-06-09 09:33:26,647 [Listener at 127.0.0.1/10928] INFO  server.StorageContainerManager (StorageContainerManager.java:start(1223)) - ScmBlockLocationProtocol RPC server is listening at /0.0.0.0:14346
2021-06-09 09:33:26,648 [Listener at 127.0.0.1/10928] INFO  server.SCMBlockProtocolServer (SCMBlockProtocolServer.java:start(149)) - RPC server for Block Protocol is listening at /0.0.0.0:14346
2021-06-09 09:33:26,649 [IPC Server Responder] INFO  ipc.Server (Server.java:run(1497)) - IPC Server Responder: starting
2021-06-09 09:33:26,656 [IPC Server listener on 14346] INFO  ipc.Server (Server.java:run(1334)) - IPC Server listener on 14346: starting
2021-06-09 09:33:26,662 [Listener at 127.0.0.1/10928] INFO  server.StorageContainerManager (StorageContainerManager.java:start(1229)) - ScmDatanodeProtocl RPC server is listening at /0.0.0.0:14345
2021-06-09 09:33:26,662 [Listener at 127.0.0.1/10928] INFO  server.SCMDatanodeProtocolServer (SCMDatanodeProtocolServer.java:start(174)) - RPC server for DataNodes is listening at /0.0.0.0:14345
2021-06-09 09:33:26,665 [IPC Server Responder] INFO  ipc.Server (Server.java:run(1497)) - IPC Server Responder: starting
2021-06-09 09:33:26,665 [IPC Server listener on 14345] INFO  ipc.Server (Server.java:run(1334)) - IPC Server listener on 14345: starting
2021-06-09 09:33:26,671 [org.apache.hadoop.util.JvmPauseMonitor$Monitor@93bc31f] INFO  util.JvmPauseMonitor (JvmPauseMonitor.java:run(188)) - Starting JVM pause monitor
2021-06-09 09:33:26,671 [Listener at 127.0.0.1/10928] INFO  http.BaseHttpServer (BaseHttpServer.java:newHttpServer2BuilderForOzone(209)) - Starting Web-server for scm at: http://0.0.0.0:14342
2021-06-09 09:33:26,672 [Listener at 127.0.0.1/10928] INFO  http.BaseHttpServer (BaseHttpServer.java:<init>(107)) - Hadoop Security Enabled: false Ozone Security Enabled: false Ozone HTTP Security Enabled: false 
2021-06-09 09:33:26,673 [Listener at 127.0.0.1/10928] INFO  server.AuthenticationFilter (AuthenticationFilter.java:constructSecretProvider(240)) - Unable to initialize FileSignerSecretProvider, falling back to use random secrets.
2021-06-09 09:33:26,675 [Listener at 127.0.0.1/10928] WARN  http.HttpRequestLog (HttpRequestLog.java:getRequestLog(103)) - Jetty request log can only be enabled using Log4j
2021-06-09 09:33:26,676 [Listener at 127.0.0.1/10928] INFO  http.HttpServer2 (HttpServer2.java:addGlobalFilter(1020)) - Added global filter 'safety' (class=org.apache.hadoop.hdds.server.http.HttpServer2$QuotingInputFilter)
2021-06-09 09:33:26,676 [Listener at 127.0.0.1/10928] INFO  http.HttpServer2 (HttpServer2.java:addFilter(996)) - Added filter static_user_filter (class=org.apache.hadoop.http.lib.StaticUserWebFilter$StaticUserFilter) to context scm
2021-06-09 09:33:26,676 [Listener at 127.0.0.1/10928] INFO  http.HttpServer2 (HttpServer2.java:addFilter(1004)) - Added filter static_user_filter (class=org.apache.hadoop.http.lib.StaticUserWebFilter$StaticUserFilter) to context static
2021-06-09 09:33:26,677 [Listener at 127.0.0.1/10928] INFO  http.HttpServer2 (HttpServer2.java:addFilter(1004)) - Added filter static_user_filter (class=org.apache.hadoop.http.lib.StaticUserWebFilter$StaticUserFilter) to context logs
2021-06-09 09:33:26,677 [IPC Server handler 0 on default port 14345] INFO  ipc.Server (Server.java:run(1020)) - IPC Server handler 0 on default port 14345: skipped Call#178 Retry#0 org.apache.hadoop.ozone.protocol.StorageContainerDatanodeProtocol.submitRequest from 127.0.0.1:60348
2021-06-09 09:33:26,677 [IPC Server handler 0 on default port 14345] INFO  ipc.Server (Server.java:run(1020)) - IPC Server handler 0 on default port 14345: skipped Call#30 Retry#0 org.apache.hadoop.ozone.protocol.StorageContainerDatanodeProtocol.submitRequest from 127.0.0.1:60278
2021-06-09 09:33:26,677 [IPC Server handler 0 on default port 14345] INFO  ipc.Server (Server.java:run(1020)) - IPC Server handler 0 on default port 14345: skipped Call#7 Retry#0 org.apache.hadoop.ozone.protocol.StorageContainerDatanodeProtocol.submitRequest from 127.0.0.1:60264
2021-06-09 09:33:26,677 [IPC Server handler 0 on default port 14345] INFO  ipc.Server (Server.java:run(1020)) - IPC Server handler 0 on default port 14345: skipped Call#110 Retry#0 org.apache.hadoop.ozone.protocol.StorageContainerDatanodeProtocol.submitRequest from 127.0.0.1:60324
2021-06-09 09:33:26,677 [IPC Server handler 0 on default port 14345] INFO  ipc.Server (Server.java:run(1020)) - IPC Server handler 0 on default port 14345: skipped Call#143 Retry#0 org.apache.hadoop.ozone.protocol.StorageContainerDatanodeProtocol.submitRequest from 127.0.0.1:60334
2021-06-09 09:33:26,677 [e31d96e5-7e9e-4f8e-80d3-ffe1fdf992c4@group-C9E251B369B0-StateMachineUpdater] INFO  ha.SequenceIdGenerator (SequenceIdGenerator.java:reinitialize(165)) - reinitialize SequenceIdGenerator.
2021-06-09 09:33:26,679 [Listener at 127.0.0.1/10928] INFO  http.HttpServer2 (HttpServer2.java:bindListener(1238)) - Jetty bound to port 14342
2021-06-09 09:33:26,679 [Listener at 127.0.0.1/10928] INFO  server.Server (Server.java:doStart(375)) - jetty-9.4.35.v20201120; built: 2020-11-20T21:17:03.964Z; git: bdc54f03a5e0a7e280fab27f55c3c75ee8da89fb; jvm 1.8.0_292-b10
2021-06-09 09:33:26,679 [IPC Server handler 2 on default port 14345] INFO  ipc.Server (Server.java:run(1020)) - IPC Server handler 2 on default port 14345: skipped Call#179 Retry#0 org.apache.hadoop.ozone.protocol.StorageContainerDatanodeProtocol.submitRequest from 127.0.0.1:60348
2021-06-09 09:33:26,679 [IPC Server handler 2 on default port 14345] INFO  ipc.Server (Server.java:run(1020)) - IPC Server handler 2 on default port 14345: skipped Call#31 Retry#0 org.apache.hadoop.ozone.protocol.StorageContainerDatanodeProtocol.submitRequest from 127.0.0.1:60278
2021-06-09 09:33:26,679 [IPC Server handler 2 on default port 14345] INFO  ipc.Server (Server.java:run(1020)) - IPC Server handler 2 on default port 14345: skipped Call#10 Retry#0 org.apache.hadoop.ozone.protocol.StorageContainerDatanodeProtocol.submitRequest from 127.0.0.1:60264
2021-06-09 09:33:26,679 [IPC Server handler 2 on default port 14345] INFO  ipc.Server (Server.java:run(1020)) - IPC Server handler 2 on default port 14345: skipped Call#112 Retry#0 org.apache.hadoop.ozone.protocol.StorageContainerDatanodeProtocol.submitRequest from 127.0.0.1:60324
2021-06-09 09:33:26,679 [IPC Server handler 2 on default port 14345] INFO  ipc.Server (Server.java:run(1020)) - IPC Server handler 2 on default port 14345: skipped Call#145 Retry#0 org.apache.hadoop.ozone.protocol.StorageContainerDatanodeProtocol.submitRequest from 127.0.0.1:60334
2021-06-09 09:33:26,680 [EndpointStateMachine task thread for /127.0.0.1:14345 - 0 ] INFO  ozoneimpl.OzoneContainer (OzoneContainer.java:start(291)) - Ignore. OzoneContainer already started.
2021-06-09 09:33:26,680 [IPC Server handler 3 on default port 14345] INFO  ipc.Server (Server.java:run(1020)) - IPC Server handler 3 on default port 14345: skipped Call#76 Retry#0 org.apache.hadoop.ozone.protocol.StorageContainerDatanodeProtocol.submitRequest from 127.0.0.1:60304
2021-06-09 09:33:26,680 [IPC Server handler 3 on default port 14345] INFO  ipc.Server (Server.java:run(1020)) - IPC Server handler 3 on default port 14345: skipped Call#180 Retry#0 org.apache.hadoop.ozone.protocol.StorageContainerDatanodeProtocol.submitRequest from 127.0.0.1:60348
2021-06-09 09:33:26,683 [IPC Server handler 3 on default port 14345] INFO  ipc.Server (Server.java:run(1020)) - IPC Server handler 3 on default port 14345: skipped Call#32 Retry#0 org.apache.hadoop.ozone.protocol.StorageContainerDatanodeProtocol.submitRequest from 127.0.0.1:60278
2021-06-09 09:33:26,683 [IPC Server handler 3 on default port 14345] INFO  ipc.Server (Server.java:run(1020)) - IPC Server handler 3 on default port 14345: skipped Call#13 Retry#0 org.apache.hadoop.ozone.protocol.StorageContainerDatanodeProtocol.submitRequest from 127.0.0.1:60264
2021-06-09 09:33:26,683 [IPC Server handler 3 on default port 14345] INFO  ipc.Server (Server.java:run(1020)) - IPC Server handler 3 on default port 14345: skipped Call#111 Retry#0 org.apache.hadoop.ozone.protocol.StorageContainerDatanodeProtocol.submitRequest from 127.0.0.1:60324
2021-06-09 09:33:26,683 [IPC Server handler 3 on default port 14345] INFO  ipc.Server (Server.java:run(1020)) - IPC Server handler 3 on default port 14345: skipped Call#144 Retry#0 org.apache.hadoop.ozone.protocol.StorageContainerDatanodeProtocol.submitRequest from 127.0.0.1:60334
2021-06-09 09:33:26,684 [IPC Server handler 4 on default port 14345] INFO  ipc.Server (Server.java:run(1020)) - IPC Server handler 4 on default port 14345: skipped Call#77 Retry#0 org.apache.hadoop.ozone.protocol.StorageContainerDatanodeProtocol.submitRequest from 127.0.0.1:60304
2021-06-09 09:33:26,683 [IPC Server handler 0 on default port 14345] INFO  ipc.Server (Server.java:run(1020)) - IPC Server handler 0 on default port 14345: skipped Call#75 Retry#0 org.apache.hadoop.ozone.protocol.StorageContainerDatanodeProtocol.submitRequest from 127.0.0.1:60304
2021-06-09 09:33:26,687 [Listener at 127.0.0.1/10928] INFO  server.session (DefaultSessionIdManager.java:doStart(334)) - DefaultSessionIdManager workerName=node0
2021-06-09 09:33:26,687 [Listener at 127.0.0.1/10928] INFO  server.session (DefaultSessionIdManager.java:doStart(339)) - No SessionScavenger set, using defaults
2021-06-09 09:33:26,687 [Listener at 127.0.0.1/10928] INFO  server.session (HouseKeeper.java:startScavenging(132)) - node0 Scavenging every 600000ms
2021-06-09 09:33:26,688 [Listener at 127.0.0.1/10928] INFO  handler.ContextHandler (ContextHandler.java:doStart(916)) - Started o.e.j.s.ServletContextHandler@33d2e82{logs,/logs,file:///home/runner/work/ozone/ozone/mnt/ozone/hadoop-ozone/integration-test/target/log,AVAILABLE}
2021-06-09 09:33:26,688 [Listener at 127.0.0.1/10928] INFO  handler.ContextHandler (ContextHandler.java:doStart(916)) - Started o.e.j.s.ServletContextHandler@23ccdee9{static,/static,file:///home/runner/work/ozone/ozone/mnt/ozone/hadoop-ozone/integration-test/target/test-classes/webapps/static,AVAILABLE}
2021-06-09 09:33:26,696 [EndpointStateMachine task thread for /127.0.0.1:14345 - 0 ] INFO  ozoneimpl.OzoneContainer (OzoneContainer.java:start(291)) - Ignore. OzoneContainer already started.
2021-06-09 09:33:26,696 [EndpointStateMachine task thread for /127.0.0.1:14345 - 0 ] INFO  ozoneimpl.OzoneContainer (OzoneContainer.java:start(291)) - Ignore. OzoneContainer already started.
2021-06-09 09:33:26,697 [Listener at 127.0.0.1/10928] INFO  handler.ContextHandler (ContextHandler.java:doStart(916)) - Started o.e.j.w.WebAppContext@550d3cd7{scm,/,file:///home/runner/work/ozone/ozone/mnt/ozone/hadoop-ozone/integration-test/target/test-classes/webapps/scm/,AVAILABLE}{file:/home/runner/work/ozone/ozone/mnt/ozone/hadoop-ozone/integration-test/target/test-classes/webapps/scm}
2021-06-09 09:33:26,698 [Listener at 127.0.0.1/10928] INFO  server.AbstractConnector (AbstractConnector.java:doStart(331)) - Started ServerConnector@73131043{HTTP/1.1, (http/1.1)}{0.0.0.0:14342}
2021-06-09 09:33:26,698 [Listener at 127.0.0.1/10928] INFO  server.Server (Server.java:doStart(415)) - Started @51461ms
2021-06-09 09:33:26,698 [Listener at 127.0.0.1/10928] WARN  impl.MetricsSystemImpl (MetricsSystemImpl.java:register(279)) - Sink prometheus already exists!
2021-06-09 09:33:26,703 [Listener at 127.0.0.1/10928] INFO  http.BaseHttpServer (BaseHttpServer.java:updateConnectorAddress(329)) - HTTP server of scm listening at http://0.0.0.0:14342
2021-06-09 09:33:26,705 [e31d96e5-7e9e-4f8e-80d3-ffe1fdf992c4@group-C9E251B369B0-StateMachineUpdater] INFO  ha.SCMHAManagerImpl (SCMHAManagerImpl.java:installCheckpoint(277)) - Reloaded SCM state with Term: 2 and Index: 202
2021-06-09 09:33:26,709 [e31d96e5-7e9e-4f8e-80d3-ffe1fdf992c4@group-C9E251B369B0-StateMachineUpdater] INFO  impl.StateMachineUpdater (StateMachineUpdater.java:lambda$new$0(89)) - e31d96e5-7e9e-4f8e-80d3-ffe1fdf992c4@group-C9E251B369B0-StateMachineUpdater: snapshotIndex: setUnconditionally -1 -> 202
2021-06-09 09:33:26,709 [e31d96e5-7e9e-4f8e-80d3-ffe1fdf992c4@group-C9E251B369B0-StateMachineUpdater] INFO  impl.StateMachineUpdater (StateMachineUpdater.java:lambda$new$0(89)) - e31d96e5-7e9e-4f8e-80d3-ffe1fdf992c4@group-C9E251B369B0-StateMachineUpdater: appliedIndex: setUnconditionally -1 -> 202
2021-06-09 09:33:26,709 [Listener at 127.0.0.1/10928] INFO  ozone.MiniOzoneClusterImpl (MiniOzoneClusterImpl.java:shutdown(443)) - Shutting down the Mini Ozone Cluster
2021-06-09 09:33:26,709 [Listener at 127.0.0.1/10928] INFO  ozone.MiniOzoneHAClusterImpl (MiniOzoneHAClusterImpl.java:stop(288)) - Stopping the OzoneManager omNode-1
2021-06-09 09:33:26,710 [Listener at 127.0.0.1/10928] INFO  ipc.Server (Server.java:stop(3403)) - Stopping server on 10928
2021-06-09 09:33:26,716 [e31d96e5-7e9e-4f8e-80d3-ffe1fdf992c4@group-C9E251B369B0-StateMachineUpdater] INFO  ha.SCMStateMachine (SCMStateMachine.java:takeSnapshot(282)) - Current Snapshot Index 207, takeSnapshot took 3 ms
2021-06-09 09:33:26,716 [e31d96e5-7e9e-4f8e-80d3-ffe1fdf992c4@group-C9E251B369B0-StateMachineUpdater] INFO  impl.StateMachineUpdater (StateMachineUpdater.java:takeSnapshot(281)) - e31d96e5-7e9e-4f8e-80d3-ffe1fdf992c4@group-C9E251B369B0-StateMachineUpdater: Took a snapshot at index 207
2021-06-09 09:33:26,716 [e31d96e5-7e9e-4f8e-80d3-ffe1fdf992c4@group-C9E251B369B0-StateMachineUpdater] INFO  impl.StateMachineUpdater (StateMachineUpdater.java:lambda$new$0(89)) - e31d96e5-7e9e-4f8e-80d3-ffe1fdf992c4@group-C9E251B369B0-StateMachineUpdater: snapshotIndex: updateIncreasingly 202 -> 207
2021-06-09 09:33:26,716 [e31d96e5-7e9e-4f8e-80d3-ffe1fdf992c4@group-C9E251B369B0-StateMachineUpdater] INFO  raftlog.RaftLog (RaftLogBase.java:purge(306)) - e31d96e5-7e9e-4f8e-80d3-ffe1fdf992c4@group-C9E251B369B0-SegmentedRaftLog: purge 207
2021-06-09 09:33:26,716 [e31d96e5-7e9e-4f8e-80d3-ffe1fdf992c4@group-C9E251B369B0-StateMachineUpdater] INFO  raftlog.RaftLog (RaftLogBase.java:lambda$new$0(53)) - e31d96e5-7e9e-4f8e-80d3-ffe1fdf992c4@group-C9E251B369B0-SegmentedRaftLog: snapshotIndex: updateIncreasingly 202 -> 207
2021-06-09 09:33:26,716 [e31d96e5-7e9e-4f8e-80d3-ffe1fdf992c4@group-C9E251B369B0-StateMachineUpdater] INFO  raftlog.RaftLog (RaftLogBase.java:lambda$new$0(53)) - e31d96e5-7e9e-4f8e-80d3-ffe1fdf992c4@group-C9E251B369B0-SegmentedRaftLog: purgeIndex: updateToMax old=-1, new=207, updated? true
2021-06-09 09:33:26,717 [IPC Server listener on 10928] INFO  ipc.Server (Server.java:run(1366)) - Stopping IPC Server listener on 10928
2021-06-09 09:33:26,718 [IPC Server Responder] INFO  ipc.Server (Server.java:run(1502)) - Stopping IPC Server Responder
2021-06-09 09:33:26,718 [Listener at 127.0.0.1/10928] INFO  server.RaftServer (RaftServerProxy.java:lambda$close$6(391)) - omNode-1: close
2021-06-09 09:33:26,718 [Listener at 127.0.0.1/10928] INFO  server.RaftServer$Division (RaftServerImpl.java:lambda$close$4(406)) - omNode-1@group-523986131536: shutdown
2021-06-09 09:33:26,719 [Listener at 127.0.0.1/10928] INFO  util.JmxRegister (JmxRegister.java:unregister(73)) - Successfully un-registered JMX Bean with object name Ratis:service=RaftServer,group=group-523986131536,id=omNode-1
2021-06-09 09:33:26,719 [Listener at 127.0.0.1/10928] INFO  impl.RoleInfo (RoleInfo.java:shutdownLeaderState(91)) - omNode-1: shutdown omNode-1@group-523986131536-LeaderStateImpl
2021-06-09 09:33:26,719 [Listener at 127.0.0.1/10928] INFO  impl.PendingRequests (PendingRequests.java:sendNotLeaderResponses(249)) - omNode-1@group-523986131536-PendingRequests: sendNotLeaderResponses
2021-06-09 09:33:26,719 [Listener at 127.0.0.1/10928] INFO  metrics.RatisMetrics (RatisMetrics.java:unregister(43)) - Unregistering Metrics Registry : ratis.log_appender.omNode-1@group-523986131536
2021-06-09 09:33:26,719 [Listener at 127.0.0.1/10928] INFO  metrics.RatisMetrics (RatisMetrics.java:unregister(43)) - Unregistering Metrics Registry : ratis.server.omNode-1@group-523986131536
2021-06-09 09:33:26,720 [Listener at 127.0.0.1/10928] INFO  impl.StateMachineUpdater (StateMachineUpdater.java:stopAndJoin(149)) - omNode-1@group-523986131536-StateMachineUpdater: set stopIndex = 0
2021-06-09 09:33:26,720 [omNode-1@group-523986131536-StateMachineUpdater] INFO  ratis.OzoneManagerStateMachine (OzoneManagerStateMachine.java:takeSnapshot(347)) - Current Snapshot Index (t:1, i:0)
2021-06-09 09:33:26,720 [omNode-1@group-523986131536-StateMachineUpdater] INFO  impl.StateMachineUpdater (StateMachineUpdater.java:takeSnapshot(281)) - omNode-1@group-523986131536-StateMachineUpdater: Took a snapshot at index 0
2021-06-09 09:33:26,720 [omNode-1@group-523986131536-StateMachineUpdater] INFO  impl.StateMachineUpdater (StateMachineUpdater.java:lambda$new$0(89)) - omNode-1@group-523986131536-StateMachineUpdater: snapshotIndex: updateIncreasingly -1 -> 0
2021-06-09 09:33:26,720 [omNode-1@group-523986131536-StateMachineUpdater] INFO  metrics.RatisMetrics (RatisMetrics.java:unregister(43)) - Unregistering Metrics Registry : ratis.state_machine.omNode-1@group-523986131536
2021-06-09 09:33:26,720 [Listener at 127.0.0.1/10928] INFO  server.RaftServer$Division (ServerState.java:close(405)) - omNode-1@group-523986131536: closes. applyIndex: 0
2021-06-09 09:33:26,720 [omNode-1@group-523986131536-SegmentedRaftLogWorker] INFO  segmented.SegmentedRaftLogWorker (SegmentedRaftLogWorker.java:run(327)) - omNode-1@group-523986131536-SegmentedRaftLogWorker was interrupted, exiting. There are 0 tasks remaining in the queue.
2021-06-09 09:33:26,721 [Listener at 127.0.0.1/10928] INFO  segmented.SegmentedRaftLogWorker (SegmentedRaftLogWorker.java:close(237)) - omNode-1@group-523986131536-SegmentedRaftLogWorker close()
2021-06-09 09:33:26,723 [Listener at 127.0.0.1/10928] INFO  metrics.RatisMetrics (RatisMetrics.java:unregister(43)) - Unregistering Metrics Registry : ratis.log_worker.omNode-1@group-523986131536
2021-06-09 09:33:26,726 [Listener at 127.0.0.1/10928] INFO  metrics.RatisMetrics (RatisMetrics.java:unregister(43)) - Unregistering Metrics Registry : ratis.leader_election.omNode-1@group-523986131536
2021-06-09 09:33:26,726 [Listener at 127.0.0.1/10928] INFO  metrics.RatisMetrics (RatisMetrics.java:unregister(43)) - Unregistering Metrics Registry : ratis.server.omNode-1@group-523986131536
2021-06-09 09:33:26,727 [Listener at 127.0.0.1/10928] INFO  server.GrpcService (GrpcService.java:closeImpl(262)) - omNode-1: shutdown server with port 10932 now
2021-06-09 09:33:26,727 [Listener at 127.0.0.1/10928] INFO  server.GrpcService (GrpcService.java:closeImpl(271)) - omNode-1: shutdown server with port 10932 successfully
2021-06-09 09:33:26,727 [org.apache.ratis.util.JvmPauseMonitor$$Lambda$493/731610911@56f1db5f] INFO  util.JvmPauseMonitor (JvmPauseMonitor.java:run(109)) - JvmPauseMonitor-omNode-1: Stopped
2021-06-09 09:33:26,727 [Listener at 127.0.0.1/10928] INFO  ratis.OzoneManagerDoubleBuffer (OzoneManagerDoubleBuffer.java:stop(426)) - Stopping OMDoubleBuffer flush thread
2021-06-09 09:33:26,728 [OMDoubleBufferFlushThread] INFO  ratis.OzoneManagerDoubleBuffer (OzoneManagerDoubleBuffer.java:flushTransactions(353)) - OMDoubleBuffer flush thread OMDoubleBufferFlushThread is interrupted and will exit. OMDoubleBufferFlushThread
2021-06-09 09:33:26,728 [Listener at 127.0.0.1/10928] INFO  ratis.OzoneManagerStateMachine (HadoopExecutors.java:shutdown(118)) - Gracefully shutting down executor service. Waiting max 5 SECONDS
2021-06-09 09:33:26,729 [Listener at 127.0.0.1/10928] INFO  ratis.OzoneManagerStateMachine (HadoopExecutors.java:shutdown(129)) - Succesfully shutdown executor service
2021-06-09 09:33:26,729 [Listener at 127.0.0.1/10928] INFO  ratis.OzoneManagerStateMachine (HadoopExecutors.java:shutdown(118)) - Gracefully shutting down executor service. Waiting max 5 SECONDS
2021-06-09 09:33:26,729 [Listener at 127.0.0.1/10928] INFO  ratis.OzoneManagerStateMachine (HadoopExecutors.java:shutdown(129)) - Succesfully shutdown executor service
2021-06-09 09:33:26,729 [Listener at 127.0.0.1/10928] INFO  utils.BackgroundService (BackgroundService.java:shutdown(132)) - Shutting down service KeyDeletingService
2021-06-09 09:33:26,732 [Listener at 127.0.0.1/10928] INFO  handler.ContextHandler (ContextHandler.java:doStop(1154)) - Stopped o.e.j.w.WebAppContext@105c253a{ozoneManager,/,null,STOPPED}{file:/home/runner/work/ozone/ozone/mnt/ozone/hadoop-ozone/integration-test/target/test-classes/webapps/ozoneManager}
2021-06-09 09:33:26,735 [Listener at 127.0.0.1/10928] INFO  server.AbstractConnector (AbstractConnector.java:doStop(381)) - Stopped ServerConnector@63f88d35{HTTP/1.1, (http/1.1)}{0.0.0.0:10930}
2021-06-09 09:33:26,735 [Listener at 127.0.0.1/10928] INFO  server.session (HouseKeeper.java:stopScavenging(149)) - node0 Stopped scavenging
2021-06-09 09:33:26,735 [Listener at 127.0.0.1/10928] INFO  handler.ContextHandler (ContextHandler.java:doStop(1154)) - Stopped o.e.j.s.ServletContextHandler@7ddf193a{static,/static,file:///home/runner/work/ozone/ozone/mnt/ozone/hadoop-ozone/integration-test/target/test-classes/webapps/static,STOPPED}
2021-06-09 09:33:26,736 [Listener at 127.0.0.1/10928] INFO  handler.ContextHandler (ContextHandler.java:doStop(1154)) - Stopped o.e.j.s.ServletContextHandler@2a97b4b8{logs,/logs,file:///home/runner/work/ozone/ozone/mnt/ozone/hadoop-ozone/integration-test/target/log,STOPPED}
2021-06-09 09:33:26,738 [Listener at 127.0.0.1/10928] INFO  ozone.MiniOzoneHAClusterImpl (MiniOzoneHAClusterImpl.java:stop(296)) - Stopping the StorageContainerManager e0e3eed1-d528-4a83-939c-b34003b9dea6
2021-06-09 09:33:26,739 [Listener at 127.0.0.1/10928] INFO  server.StorageContainerManager (StorageContainerManager.java:stop(1296)) - Stopping Replication Manager Service.
2021-06-09 09:33:26,739 [Listener at 127.0.0.1/10928] INFO  container.ReplicationManager (ReplicationManager.java:stop(268)) - Stopping Replication Monitor Thread.
2021-06-09 09:33:26,739 [Listener at 127.0.0.1/10928] INFO  server.StorageContainerManager (StorageContainerManager.java:stop(1303)) - Stopping the Datanode Admin Monitor.
2021-06-09 09:33:26,739 [Listener at 127.0.0.1/10928] INFO  server.StorageContainerManager (StorageContainerManager.java:stop(1310)) - Stopping Lease Manager of the command watchers
2021-06-09 09:33:26,739 [Listener at 127.0.0.1/10928] INFO  server.StorageContainerManager (StorageContainerManager.java:stop(1317)) - Stopping datanode service RPC server
2021-06-09 09:33:26,739 [Listener at 127.0.0.1/10928] INFO  server.SCMDatanodeProtocolServer (SCMDatanodeProtocolServer.java:stop(374)) - Stopping the RPC server for DataNodes
2021-06-09 09:33:26,739 [Listener at 127.0.0.1/10928] INFO  ipc.Server (Server.java:stop(3403)) - Stopping server on 14325
2021-06-09 09:33:26,746 [IPC Server listener on 14325] INFO  ipc.Server (Server.java:run(1366)) - Stopping IPC Server listener on 14325
2021-06-09 09:33:26,749 [IPC Server Responder] INFO  ipc.Server (Server.java:run(1502)) - Stopping IPC Server Responder
2021-06-09 09:33:26,809 [IPC Server handler 4 on default port 14345] INFO  net.NetworkTopologyImpl (NetworkTopologyImpl.java:add(112)) - Added a new node: /default-rack/697bcd3f-2547-41de-8cec-7c932316130e
2021-06-09 09:33:26,810 [EndpointStateMachine task thread for /127.0.0.1:14325 - 0 ] WARN  statemachine.EndpointStateMachine (EndpointStateMachine.java:logIfNeeded(236)) - Unable to communicate to SCM server at localhost:14325 for past 0 seconds.
java.io.EOFException: End of File Exception between local host is: "fv-az195-811/10.1.0.29"; destination host is: "localhost":14325; : java.io.EOFException; For more details see:  http://wiki.apache.org/hadoop/EOFException
	at sun.reflect.NativeConstructorAccessorImpl.newInstance0(Native Method)
	at sun.reflect.NativeConstructorAccessorImpl.newInstance(NativeConstructorAccessorImpl.java:62)
	at sun.reflect.DelegatingConstructorAccessorImpl.newInstance(DelegatingConstructorAccessorImpl.java:45)
	at java.lang.reflect.Constructor.newInstance(Constructor.java:423)
	at org.apache.hadoop.net.NetUtils.wrapWithMessage(NetUtils.java:836)
	at org.apache.hadoop.net.NetUtils.wrapException(NetUtils.java:794)
	at org.apache.hadoop.ipc.Client.getRpcResponse(Client.java:1566)
	at org.apache.hadoop.ipc.Client.call(Client.java:1508)
	at org.apache.hadoop.ipc.Client.call(Client.java:1405)
	at org.apache.hadoop.ipc.ProtobufRpcEngine$Invoker.invoke(ProtobufRpcEngine.java:233)
	at org.apache.hadoop.ipc.ProtobufRpcEngine$Invoker.invoke(ProtobufRpcEngine.java:118)
	at com.sun.proxy.$Proxy45.submitRequest(Unknown Source)
	at org.apache.hadoop.ozone.protocolPB.StorageContainerDatanodeProtocolClientSideTranslatorPB.submitRequest(StorageContainerDatanodeProtocolClientSideTranslatorPB.java:117)
	at org.apache.hadoop.ozone.protocolPB.StorageContainerDatanodeProtocolClientSideTranslatorPB.sendHeartbeat(StorageContainerDatanodeProtocolClientSideTranslatorPB.java:149)
	at org.apache.hadoop.ozone.container.common.states.endpoint.HeartbeatEndpointTask.call(HeartbeatEndpointTask.java:146)
	at org.apache.hadoop.ozone.container.common.states.endpoint.HeartbeatEndpointTask.call(HeartbeatEndpointTask.java:77)
	at java.util.concurrent.FutureTask.run(FutureTask.java:266)
	at java.util.concurrent.ThreadPoolExecutor.runWorker(ThreadPoolExecutor.java:1149)
	at java.util.concurrent.ThreadPoolExecutor$Worker.run(ThreadPoolExecutor.java:624)
	at java.lang.Thread.run(Thread.java:748)
Caused by: java.io.EOFException
	at java.io.DataInputStream.readInt(DataInputStream.java:392)
	at org.apache.hadoop.ipc.Client$IpcStreams.readResponse(Client.java:1880)
	at org.apache.hadoop.ipc.Client$Connection.receiveRpcResponse(Client.java:1191)
	at org.apache.hadoop.ipc.Client$Connection.run(Client.java:1087)
2021-06-09 09:33:26,811 [IPC Server handler 4 on default port 14345] INFO  node.SCMNodeManager (SCMNodeManager.java:register(348)) - Registered Data node : 697bcd3f-2547-41de-8cec-7c932316130e{ip: 127.0.0.1, host: localhost, ports: [REPLICATION=44561, RATIS=39889, RATIS_ADMIN=39889, RATIS_SERVER=39889, STANDALONE=35753], networkLocation: /default-rack, certSerialId: null, persistedOpState: null, persistedOpStateExpiryEpochSec: 0}
2021-06-09 09:33:26,812 [EventQueue-NodeRegistrationContainerReportForDataNodeSafeModeRule] INFO  safemode.SCMSafeModeManager (DataNodeSafeModeRule.java:process(71)) - SCM in safe mode. 1 DataNodes registered, 1 required.
2021-06-09 09:33:26,812 [EventQueue-NodeRegistrationContainerReportForDataNodeSafeModeRule] INFO  safemode.SCMSafeModeManager (SCMSafeModeManager.java:validateSafeModeExitRules(201)) - DataNodeSafeModeRule rule is successfully validated
2021-06-09 09:33:26,812 [EventQueue-NodeRegistrationContainerReportForDataNodeSafeModeRule] INFO  safemode.SCMSafeModeManager (SCMSafeModeManager.java:completePreCheck(229)) - All SCM safe mode pre check rules have passed
2021-06-09 09:33:26,812 [EventQueue-NodeRegistrationContainerReportForDataNodeSafeModeRule] WARN  events.EventQueue (EventQueue.java:fireEvent(185)) - No event handler registered for event TypedEvent{payloadType=SafeModeStatus, name='Safe mode status'}
2021-06-09 09:33:26,812 [EventQueue-NodeRegistrationContainerReportForDataNodeSafeModeRule] INFO  ha.SCMContext (SCMContext.java:updateSafeModeStatus(148)) - Update SafeModeStatus from SafeModeStatus{safeModeStatus=true, preCheckPassed=false} to SafeModeStatus{safeModeStatus=true, preCheckPassed=true}.
2021-06-09 09:33:26,815 [EventQueue-NewNodeForNewNodeHandler] INFO  pipeline.BackgroundPipelineCreator (BackgroundPipelineCreatorV2.java:notifyEventTriggered(276)) - ignore, not leader SCM.
2021-06-09 09:33:26,815 [EventQueue-NodeRegistrationContainerReportForDataNodeSafeModeRule] INFO  pipeline.BackgroundPipelineCreator (BackgroundPipelineCreatorV2.java:notifyEventTriggered(276)) - ignore, not leader SCM.
2021-06-09 09:33:26,816 [EventQueue-NodeRegistrationContainerReportForContainerSafeModeRule] INFO  safemode.SCMSafeModeManager (SCMSafeModeManager.java:validateSafeModeExitRules(201)) - ContainerSafeModeRule rule is successfully validated
2021-06-09 09:33:26,816 [EventQueue-PipelineReportForOneReplicaPipelineSafeModeRule] INFO  safemode.SCMSafeModeManager (SCMSafeModeManager.java:validateSafeModeExitRules(201)) - AtleastOneDatanodeReportedRule rule is successfully validated
2021-06-09 09:33:26,816 [EventQueue-OpenPipelineForHealthyPipelineSafeModeRule] INFO  safemode.SCMSafeModeManager (HealthyPipelineSafeModeRule.java:process(130)) - SCM in safe mode. Healthy pipelines reported count is 0, required healthy pipeline reported count is 1
2021-06-09 09:33:27,302 [IPC Server handler 5 on default port 14345] INFO  net.NetworkTopologyImpl (NetworkTopologyImpl.java:add(112)) - Added a new node: /default-rack/3c147370-49f5-478a-bcbe-e6cea6e4d9ae
2021-06-09 09:33:27,302 [IPC Server handler 5 on default port 14345] INFO  node.SCMNodeManager (SCMNodeManager.java:register(348)) - Registered Data node : 3c147370-49f5-478a-bcbe-e6cea6e4d9ae{ip: 127.0.0.1, host: localhost, ports: [REPLICATION=38125, RATIS=40749, RATIS_ADMIN=40749, RATIS_SERVER=40749, STANDALONE=35693], networkLocation: /default-rack, certSerialId: null, persistedOpState: null, persistedOpStateExpiryEpochSec: 0}
2021-06-09 09:33:27,302 [EventQueue-NewNodeForNewNodeHandler] INFO  pipeline.BackgroundPipelineCreator (BackgroundPipelineCreatorV2.java:notifyEventTriggered(276)) - ignore, not leader SCM.
2021-06-09 09:33:27,303 [EventQueue-NodeRegistrationContainerReportForContainerSafeModeRule] INFO  safemode.SCMSafeModeManager (SCMSafeModeManager.java:validateSafeModeExitRules(201)) - ContainerSafeModeRule rule is successfully validated
2021-06-09 09:33:27,303 [EventQueue-NodeRegistrationContainerReportForDataNodeSafeModeRule] INFO  safemode.SCMSafeModeManager (SCMSafeModeManager.java:validateSafeModeExitRules(201)) - DataNodeSafeModeRule rule is successfully validated
2021-06-09 09:33:27,303 [EventQueue-PipelineReportForOneReplicaPipelineSafeModeRule] INFO  safemode.SCMSafeModeManager (SCMSafeModeManager.java:validateSafeModeExitRules(201)) - AtleastOneDatanodeReportedRule rule is successfully validated
2021-06-09 09:33:27,303 [EventQueue-OpenPipelineForHealthyPipelineSafeModeRule] INFO  safemode.SCMSafeModeManager (HealthyPipelineSafeModeRule.java:process(130)) - SCM in safe mode. Healthy pipelines reported count is 0, required healthy pipeline reported count is 1
2021-06-09 09:33:27,413 [IPC Server handler 6 on default port 14345] INFO  net.NetworkTopologyImpl (NetworkTopologyImpl.java:add(112)) - Added a new node: /default-rack/cc259bf8-a2eb-4525-8fb1-f4b47156f121
2021-06-09 09:33:27,413 [IPC Server handler 6 on default port 14345] INFO  node.SCMNodeManager (SCMNodeManager.java:register(348)) - Registered Data node : cc259bf8-a2eb-4525-8fb1-f4b47156f121{ip: 127.0.0.1, host: localhost, ports: [REPLICATION=42185, RATIS=43471, RATIS_ADMIN=43471, RATIS_SERVER=43471, STANDALONE=33151], networkLocation: /default-rack, certSerialId: null, persistedOpState: null, persistedOpStateExpiryEpochSec: 0}
2021-06-09 09:33:27,413 [EventQueue-NewNodeForNewNodeHandler] INFO  pipeline.BackgroundPipelineCreator (BackgroundPipelineCreatorV2.java:notifyEventTriggered(276)) - ignore, not leader SCM.
2021-06-09 09:33:27,413 [EventQueue-NodeRegistrationContainerReportForContainerSafeModeRule] INFO  safemode.SCMSafeModeManager (SCMSafeModeManager.java:validateSafeModeExitRules(201)) - ContainerSafeModeRule rule is successfully validated
2021-06-09 09:33:27,413 [EventQueue-NodeRegistrationContainerReportForDataNodeSafeModeRule] INFO  safemode.SCMSafeModeManager (SCMSafeModeManager.java:validateSafeModeExitRules(201)) - DataNodeSafeModeRule rule is successfully validated
2021-06-09 09:33:27,413 [EventQueue-PipelineReportForOneReplicaPipelineSafeModeRule] INFO  safemode.SCMSafeModeManager (SCMSafeModeManager.java:validateSafeModeExitRules(201)) - AtleastOneDatanodeReportedRule rule is successfully validated
2021-06-09 09:33:27,414 [EventQueue-OpenPipelineForHealthyPipelineSafeModeRule] INFO  safemode.SCMSafeModeManager (HealthyPipelineSafeModeRule.java:process(130)) - SCM in safe mode. Healthy pipelines reported count is 0, required healthy pipeline reported count is 1
2021-06-09 09:33:27,414 [EventQueue-OpenPipelineForHealthyPipelineSafeModeRule] INFO  safemode.SCMSafeModeManager (HealthyPipelineSafeModeRule.java:process(130)) - SCM in safe mode. Healthy pipelines reported count is 1, required healthy pipeline reported count is 1
2021-06-09 09:33:27,414 [EventQueue-OpenPipelineForHealthyPipelineSafeModeRule] INFO  safemode.SCMSafeModeManager (SCMSafeModeManager.java:validateSafeModeExitRules(201)) - HealthyPipelineSafeModeRule rule is successfully validated
2021-06-09 09:33:27,414 [EventQueue-OpenPipelineForHealthyPipelineSafeModeRule] INFO  safemode.SCMSafeModeManager (SCMSafeModeManager.java:validateSafeModeExitRules(215)) - ScmSafeModeManager, all rules are successfully validated
2021-06-09 09:33:27,414 [EventQueue-OpenPipelineForHealthyPipelineSafeModeRule] INFO  safemode.SCMSafeModeManager (SCMSafeModeManager.java:exitSafeMode(244)) - SCM exiting safe mode.
2021-06-09 09:33:27,414 [EventQueue-OpenPipelineForHealthyPipelineSafeModeRule] WARN  events.EventQueue (EventQueue.java:fireEvent(185)) - No event handler registered for event TypedEvent{payloadType=SafeModeStatus, name='Safe mode status'}
2021-06-09 09:33:27,414 [EventQueue-OpenPipelineForHealthyPipelineSafeModeRule] INFO  ha.SCMContext (SCMContext.java:updateSafeModeStatus(148)) - Update SafeModeStatus from SafeModeStatus{safeModeStatus=true, preCheckPassed=true} to SafeModeStatus{safeModeStatus=false, preCheckPassed=true}.
2021-06-09 09:33:28,302 [EndpointStateMachine task thread for /127.0.0.1:14325 - 0 ] INFO  ipc.Client (Client.java:handleConnectionFailure(966)) - Retrying connect to server: localhost/127.0.0.1:14325. Already tried 0 time(s); retry policy is RetryUpToMaximumCountWithFixedSleep(maxRetries=15, sleepTime=1000 MILLISECONDS)
2021-06-09 09:33:28,943 [SCM Heartbeat Processing Thread - 0] WARN  node.NodeStateManager (NodeStateManager.java:scheduleNextHealthCheck(688)) - Current Thread is interrupted, shutting down HB processing thread for Node Manager.
2021-06-09 09:33:28,943 [Listener at 127.0.0.1/10928] INFO  server.StorageContainerManager (StorageContainerManager.java:stop(1325)) - Stopping block service RPC server
2021-06-09 09:33:28,943 [Listener at 127.0.0.1/10928] INFO  server.SCMBlockProtocolServer (SCMBlockProtocolServer.java:stop(158)) - Stopping the RPC server for Block Protocol
2021-06-09 09:33:28,944 [Listener at 127.0.0.1/10928] INFO  ipc.Server (Server.java:stop(3403)) - Stopping server on 14326
2021-06-09 09:33:28,949 [Listener at 127.0.0.1/10928] INFO  server.StorageContainerManager (StorageContainerManager.java:stop(1332)) - Stopping the StorageContainerLocationProtocol RPC server
2021-06-09 09:33:28,949 [Listener at 127.0.0.1/10928] INFO  server.SCMClientProtocolServer (SCMClientProtocolServer.java:stop(166)) - Stopping the RPC server for Client Protocol
2021-06-09 09:33:28,949 [Listener at 127.0.0.1/10928] INFO  ipc.Server (Server.java:stop(3403)) - Stopping server on 14327
2021-06-09 09:33:28,949 [IPC Server Responder] INFO  ipc.Server (Server.java:run(1502)) - Stopping IPC Server Responder
2021-06-09 09:33:28,950 [IPC Server listener on 14326] INFO  ipc.Server (Server.java:run(1366)) - Stopping IPC Server listener on 14326
2021-06-09 09:33:28,955 [IPC Server listener on 14327] INFO  ipc.Server (Server.java:run(1366)) - Stopping IPC Server listener on 14327
2021-06-09 09:33:28,956 [IPC Server Responder] INFO  ipc.Server (Server.java:run(1502)) - Stopping IPC Server Responder
2021-06-09 09:33:28,956 [Listener at 127.0.0.1/10928] INFO  server.StorageContainerManager (StorageContainerManager.java:stop(1339)) - Stopping Storage Container Manager HTTP server.
2021-06-09 09:33:28,957 [Listener at 127.0.0.1/10928] INFO  handler.ContextHandler (ContextHandler.java:doStop(1154)) - Stopped o.e.j.w.WebAppContext@129c760d{scm,/,null,STOPPED}{file:/home/runner/work/ozone/ozone/mnt/ozone/hadoop-ozone/integration-test/target/test-classes/webapps/scm}
2021-06-09 09:33:28,958 [Listener at 127.0.0.1/10928] INFO  server.AbstractConnector (AbstractConnector.java:doStop(381)) - Stopped ServerConnector@74f89bad{HTTP/1.1, (http/1.1)}{0.0.0.0:14322}
2021-06-09 09:33:28,958 [Listener at 127.0.0.1/10928] INFO  server.session (HouseKeeper.java:stopScavenging(149)) - node0 Stopped scavenging
2021-06-09 09:33:28,958 [Listener at 127.0.0.1/10928] INFO  handler.ContextHandler (ContextHandler.java:doStop(1154)) - Stopped o.e.j.s.ServletContextHandler@11c25846{static,/static,file:///home/runner/work/ozone/ozone/mnt/ozone/hadoop-ozone/integration-test/target/test-classes/webapps/static,STOPPED}
2021-06-09 09:33:28,959 [Listener at 127.0.0.1/10928] INFO  handler.ContextHandler (ContextHandler.java:doStop(1154)) - Stopped o.e.j.s.ServletContextHandler@2a4cb8ae{logs,/logs,file:///home/runner/work/ozone/ozone/mnt/ozone/hadoop-ozone/integration-test/target/log,STOPPED}
2021-06-09 09:33:28,960 [Listener at 127.0.0.1/10928] INFO  server.StorageContainerManager (StorageContainerManager.java:stop(1350)) - Stopping Block Manager Service.
2021-06-09 09:33:28,960 [Listener at 127.0.0.1/10928] INFO  utils.BackgroundService (BackgroundService.java:shutdown(132)) - Shutting down service SCMBlockDeletingService
2021-06-09 09:33:28,960 [Listener at 127.0.0.1/10928] INFO  utils.BackgroundService (BackgroundService.java:shutdown(132)) - Shutting down service SCMBlockDeletingService
2021-06-09 09:33:28,961 [Listener at 127.0.0.1/10928] INFO  server.StorageContainerManager (StorageContainerManager.java:stop(1377)) - Stopping SCM Event Queue.
2021-06-09 09:33:28,963 [Listener at 127.0.0.1/10928] INFO  ha.SCMRatisServerImpl (SCMRatisServerImpl.java:stop(228)) - stopping ratis server 0.0.0.0:14324
2021-06-09 09:33:28,963 [Listener at 127.0.0.1/10928] INFO  server.RaftServer (RaftServerProxy.java:lambda$close$6(391)) - e0e3eed1-d528-4a83-939c-b34003b9dea6: close
2021-06-09 09:33:28,963 [Listener at 127.0.0.1/10928] INFO  server.RaftServer$Division (RaftServerImpl.java:lambda$close$4(406)) - e0e3eed1-d528-4a83-939c-b34003b9dea6@group-C9E251B369B0: shutdown
2021-06-09 09:33:28,964 [Listener at 127.0.0.1/10928] INFO  util.JmxRegister (JmxRegister.java:unregister(73)) - Successfully un-registered JMX Bean with object name Ratis:service=RaftServer,group=group-C9E251B369B0,id=e0e3eed1-d528-4a83-939c-b34003b9dea6
2021-06-09 09:33:28,964 [Listener at 127.0.0.1/10928] INFO  impl.RoleInfo (RoleInfo.java:shutdownLeaderState(91)) - e0e3eed1-d528-4a83-939c-b34003b9dea6: shutdown e0e3eed1-d528-4a83-939c-b34003b9dea6@group-C9E251B369B0-LeaderStateImpl
2021-06-09 09:33:28,964 [Listener at 127.0.0.1/10928] INFO  metrics.RatisMetrics (RatisMetrics.java:unregister(43)) - Unregistering Metrics Registry : ratis_grpc.log_appender.e0e3eed1-d528-4a83-939c-b34003b9dea6@group-C9E251B369B0
2021-06-09 09:33:28,964 [Listener at 127.0.0.1/10928] INFO  metrics.RatisMetrics (RatisMetrics.java:unregister(43)) - Unregistering Metrics Registry : ratis_grpc.log_appender.e0e3eed1-d528-4a83-939c-b34003b9dea6@group-C9E251B369B0
2021-06-09 09:33:28,964 [e0e3eed1-d528-4a83-939c-b34003b9dea6@group-C9E251B369B0->943a282b-f1b6-4c47-b0d5-ac1d3ae1d1bb-GrpcLogAppender-LogAppenderDaemon] WARN  server.GrpcLogAppender (GrpcLogAppender.java:mayWait(175)) - e0e3eed1-d528-4a83-939c-b34003b9dea6@group-C9E251B369B0->943a282b-f1b6-4c47-b0d5-ac1d3ae1d1bb-GrpcLogAppender: Wait interrupted by java.lang.InterruptedException
2021-06-09 09:33:28,964 [Listener at 127.0.0.1/10928] INFO  impl.PendingRequests (PendingRequests.java:sendNotLeaderResponses(249)) - e0e3eed1-d528-4a83-939c-b34003b9dea6@group-C9E251B369B0-PendingRequests: sendNotLeaderResponses
2021-06-09 09:33:28,964 [Listener at 127.0.0.1/10928] INFO  ha.SCMStateMachine (SCMStateMachine.java:notifyNotLeader(172)) - current leader SCM steps down.
2021-06-09 09:33:28,965 [Listener at 127.0.0.1/10928] INFO  ha.SCMContext (SCMContext.java:updateLeaderAndTerm(89)) - update <isLeader,term> from <true,2> to <false,0>
2021-06-09 09:33:28,965 [e0e3eed1-d528-4a83-939c-b34003b9dea6@group-C9E251B369B0->e31d96e5-7e9e-4f8e-80d3-ffe1fdf992c4-GrpcLogAppender-LogAppenderDaemon] WARN  server.GrpcLogAppender (GrpcLogAppender.java:mayWait(175)) - e0e3eed1-d528-4a83-939c-b34003b9dea6@group-C9E251B369B0->e31d96e5-7e9e-4f8e-80d3-ffe1fdf992c4-GrpcLogAppender: Wait interrupted by java.lang.InterruptedException
2021-06-09 09:33:28,966 [grpc-default-executor-5] INFO  server.GrpcServerProtocolService (GrpcServerProtocolService.java:onCompleted(140)) - 943a282b-f1b6-4c47-b0d5-ac1d3ae1d1bb: Completed APPEND_ENTRIES, lastRequest: e0e3eed1-d528-4a83-939c-b34003b9dea6->943a282b-f1b6-4c47-b0d5-ac1d3ae1d1bb#1946-t2,previous=(t:2, i:207),leaderCommit=207,initializing? true,entries: size=1, first=(t:2, i:208), METADATAENTRY(c:207)
2021-06-09 09:33:28,966 [grpc-default-executor-2] INFO  server.GrpcServerProtocolService (GrpcServerProtocolService.java:onCompleted(140)) - e31d96e5-7e9e-4f8e-80d3-ffe1fdf992c4: Completed APPEND_ENTRIES, lastRequest: e0e3eed1-d528-4a83-939c-b34003b9dea6->e31d96e5-7e9e-4f8e-80d3-ffe1fdf992c4#21-t2,previous=(t:2, i:207),leaderCommit=207,initializing? true,entries: size=1, first=(t:2, i:208), METADATAENTRY(c:207)
2021-06-09 09:33:28,967 [grpc-default-executor-3] INFO  server.GrpcLogAppender (GrpcLogAppender.java:onCompleted(344)) - e0e3eed1-d528-4a83-939c-b34003b9dea6@group-C9E251B369B0->e31d96e5-7e9e-4f8e-80d3-ffe1fdf992c4-AppendLogResponseHandler: follower responses appendEntries COMPLETED
2021-06-09 09:33:28,969 [grpc-default-executor-3] INFO  leader.FollowerInfo (FollowerInfoImpl.java:lambda$new$0(46)) - e0e3eed1-d528-4a83-939c-b34003b9dea6@group-C9E251B369B0->e31d96e5-7e9e-4f8e-80d3-ffe1fdf992c4: nextIndex: updateUnconditionally 209 -> 208
2021-06-09 09:33:28,970 [grpc-default-executor-5] INFO  server.GrpcLogAppender (GrpcLogAppender.java:onCompleted(344)) - e0e3eed1-d528-4a83-939c-b34003b9dea6@group-C9E251B369B0->943a282b-f1b6-4c47-b0d5-ac1d3ae1d1bb-AppendLogResponseHandler: follower responses appendEntries COMPLETED
2021-06-09 09:33:28,970 [grpc-default-executor-5] INFO  leader.FollowerInfo (FollowerInfoImpl.java:lambda$new$0(46)) - e0e3eed1-d528-4a83-939c-b34003b9dea6@group-C9E251B369B0->943a282b-f1b6-4c47-b0d5-ac1d3ae1d1bb: nextIndex: updateUnconditionally 209 -> 208
2021-06-09 09:33:28,971 [Listener at 127.0.0.1/10928] INFO  metrics.RatisMetrics (RatisMetrics.java:unregister(43)) - Unregistering Metrics Registry : ratis.log_appender.e0e3eed1-d528-4a83-939c-b34003b9dea6@group-C9E251B369B0
2021-06-09 09:33:28,977 [Listener at 127.0.0.1/10928] INFO  metrics.RatisMetrics (RatisMetrics.java:unregister(43)) - Unregistering Metrics Registry : ratis.server.e0e3eed1-d528-4a83-939c-b34003b9dea6@group-C9E251B369B0
2021-06-09 09:33:28,977 [Listener at 127.0.0.1/10928] INFO  impl.StateMachineUpdater (StateMachineUpdater.java:stopAndJoin(149)) - e0e3eed1-d528-4a83-939c-b34003b9dea6@group-C9E251B369B0-StateMachineUpdater: set stopIndex = 208
2021-06-09 09:33:28,977 [e0e3eed1-d528-4a83-939c-b34003b9dea6@group-C9E251B369B0-StateMachineUpdater] INFO  ha.SCMStateMachine (SCMStateMachine.java:takeSnapshot(282)) - Current Snapshot Index 208, takeSnapshot took 0 ms
2021-06-09 09:33:28,977 [e0e3eed1-d528-4a83-939c-b34003b9dea6@group-C9E251B369B0-StateMachineUpdater] INFO  impl.StateMachineUpdater (StateMachineUpdater.java:takeSnapshot(281)) - e0e3eed1-d528-4a83-939c-b34003b9dea6@group-C9E251B369B0-StateMachineUpdater: Took a snapshot at index 208
2021-06-09 09:33:28,977 [e0e3eed1-d528-4a83-939c-b34003b9dea6@group-C9E251B369B0-StateMachineUpdater] INFO  impl.StateMachineUpdater (StateMachineUpdater.java:lambda$new$0(89)) - e0e3eed1-d528-4a83-939c-b34003b9dea6@group-C9E251B369B0-StateMachineUpdater: snapshotIndex: updateIncreasingly 205 -> 208
2021-06-09 09:33:28,977 [e0e3eed1-d528-4a83-939c-b34003b9dea6@group-C9E251B369B0-StateMachineUpdater] INFO  ha.SCMStateMachine (HadoopExecutors.java:shutdown(118)) - Gracefully shutting down executor service. Waiting max 5 SECONDS
2021-06-09 09:33:28,977 [e0e3eed1-d528-4a83-939c-b34003b9dea6@group-C9E251B369B0-StateMachineUpdater] INFO  ha.SCMStateMachine (HadoopExecutors.java:shutdown(129)) - Succesfully shutdown executor service
2021-06-09 09:33:28,977 [e0e3eed1-d528-4a83-939c-b34003b9dea6@group-C9E251B369B0-StateMachineUpdater] INFO  metrics.RatisMetrics (RatisMetrics.java:unregister(43)) - Unregistering Metrics Registry : ratis.state_machine.e0e3eed1-d528-4a83-939c-b34003b9dea6@group-C9E251B369B0
2021-06-09 09:33:28,977 [Listener at 127.0.0.1/10928] INFO  server.RaftServer$Division (ServerState.java:close(405)) - e0e3eed1-d528-4a83-939c-b34003b9dea6@group-C9E251B369B0: closes. applyIndex: 208
2021-06-09 09:33:28,978 [e0e3eed1-d528-4a83-939c-b34003b9dea6@group-C9E251B369B0-SegmentedRaftLogWorker] INFO  segmented.SegmentedRaftLogWorker (SegmentedRaftLogWorker.java:run(327)) - e0e3eed1-d528-4a83-939c-b34003b9dea6@group-C9E251B369B0-SegmentedRaftLogWorker was interrupted, exiting. There are 0 tasks remaining in the queue.
2021-06-09 09:33:28,978 [Listener at 127.0.0.1/10928] INFO  segmented.SegmentedRaftLogWorker (SegmentedRaftLogWorker.java:close(237)) - e0e3eed1-d528-4a83-939c-b34003b9dea6@group-C9E251B369B0-SegmentedRaftLogWorker close()
2021-06-09 09:33:28,979 [Listener at 127.0.0.1/10928] INFO  metrics.RatisMetrics (RatisMetrics.java:unregister(43)) - Unregistering Metrics Registry : ratis.log_worker.e0e3eed1-d528-4a83-939c-b34003b9dea6@group-C9E251B369B0
2021-06-09 09:33:28,979 [Listener at 127.0.0.1/10928] INFO  metrics.RatisMetrics (RatisMetrics.java:unregister(43)) - Unregistering Metrics Registry : ratis.leader_election.e0e3eed1-d528-4a83-939c-b34003b9dea6@group-C9E251B369B0
2021-06-09 09:33:28,979 [Listener at 127.0.0.1/10928] INFO  metrics.RatisMetrics (RatisMetrics.java:unregister(43)) - Unregistering Metrics Registry : ratis.server.e0e3eed1-d528-4a83-939c-b34003b9dea6@group-C9E251B369B0
2021-06-09 09:33:28,979 [Listener at 127.0.0.1/10928] INFO  server.GrpcService (GrpcService.java:closeImpl(262)) - e0e3eed1-d528-4a83-939c-b34003b9dea6: shutdown server with port 14324 now
2021-06-09 09:33:28,982 [Listener at 127.0.0.1/10928] INFO  server.GrpcService (GrpcService.java:closeImpl(271)) - e0e3eed1-d528-4a83-939c-b34003b9dea6: shutdown server with port 14324 successfully
2021-06-09 09:33:28,982 [org.apache.ratis.util.JvmPauseMonitor$$Lambda$493/731610911@5bde6148] INFO  util.JvmPauseMonitor (JvmPauseMonitor.java:run(109)) - JvmPauseMonitor-e0e3eed1-d528-4a83-939c-b34003b9dea6: Stopped
2021-06-09 09:33:28,982 [Listener at 127.0.0.1/10928] INFO  ha.SCMStateMachine (HadoopExecutors.java:shutdown(118)) - Gracefully shutting down executor service. Waiting max 5 SECONDS
2021-06-09 09:33:28,982 [Listener at 127.0.0.1/10928] INFO  ha.SCMStateMachine (HadoopExecutors.java:shutdown(129)) - Succesfully shutdown executor service
2021-06-09 09:33:28,983 [Listener at 127.0.0.1/10928] WARN  pipeline.BackgroundPipelineCreator (BackgroundPipelineCreatorV2.java:stop(154)) - RatisPipelineUtilsThread is not running, just ignore.
2021-06-09 09:33:28,984 [Listener at 127.0.0.1/10928] INFO  impl.MetricsSystemImpl (MetricsSystemImpl.java:stop(210)) - Stopping StorageContainerManager metrics system...
2021-06-09 09:33:28,990 [prometheus] INFO  impl.MetricsSinkAdapter (MetricsSinkAdapter.java:publishMetricsFromQueue(141)) - prometheus thread interrupted.
2021-06-09 09:33:28,990 [Listener at 127.0.0.1/10928] INFO  impl.MetricsSystemImpl (MetricsSystemImpl.java:stop(216)) - StorageContainerManager metrics system stopped.
2021-06-09 09:33:28,991 [Listener at 127.0.0.1/10928] INFO  ozone.MiniOzoneHAClusterImpl (MiniOzoneHAClusterImpl.java:stop(296)) - Stopping the StorageContainerManager e31d96e5-7e9e-4f8e-80d3-ffe1fdf992c4
2021-06-09 09:33:28,991 [Listener at 127.0.0.1/10928] INFO  server.StorageContainerManager (StorageContainerManager.java:stop(1296)) - Stopping Replication Manager Service.
2021-06-09 09:33:28,991 [Listener at 127.0.0.1/10928] INFO  container.ReplicationManager (ReplicationManager.java:stop(268)) - Stopping Replication Monitor Thread.
2021-06-09 09:33:28,991 [Listener at 127.0.0.1/10928] INFO  server.StorageContainerManager (StorageContainerManager.java:stop(1303)) - Stopping the Datanode Admin Monitor.
2021-06-09 09:33:28,991 [Listener at 127.0.0.1/10928] INFO  server.StorageContainerManager (StorageContainerManager.java:stop(1310)) - Stopping Lease Manager of the command watchers
2021-06-09 09:33:28,991 [Listener at 127.0.0.1/10928] INFO  server.StorageContainerManager (StorageContainerManager.java:stop(1317)) - Stopping datanode service RPC server
2021-06-09 09:33:28,991 [Listener at 127.0.0.1/10928] INFO  server.SCMDatanodeProtocolServer (SCMDatanodeProtocolServer.java:stop(374)) - Stopping the RPC server for DataNodes
2021-06-09 09:33:28,991 [Listener at 127.0.0.1/10928] INFO  ipc.Server (Server.java:stop(3403)) - Stopping server on 14345
2021-06-09 09:33:28,993 [IPC Server listener on 14345] INFO  ipc.Server (Server.java:run(1366)) - Stopping IPC Server listener on 14345
2021-06-09 09:33:28,998 [IPC Server Responder] INFO  ipc.Server (Server.java:run(1502)) - Stopping IPC Server Responder
2021-06-09 09:33:29,001 [SCM Heartbeat Processing Thread - 0] WARN  node.NodeStateManager (NodeStateManager.java:scheduleNextHealthCheck(688)) - Current Thread is interrupted, shutting down HB processing thread for Node Manager.
2021-06-09 09:33:29,002 [Listener at 127.0.0.1/10928] INFO  server.StorageContainerManager (StorageContainerManager.java:stop(1325)) - Stopping block service RPC server
2021-06-09 09:33:29,002 [Listener at 127.0.0.1/10928] INFO  server.SCMBlockProtocolServer (SCMBlockProtocolServer.java:stop(158)) - Stopping the RPC server for Block Protocol
2021-06-09 09:33:29,002 [Listener at 127.0.0.1/10928] INFO  ipc.Server (Server.java:stop(3403)) - Stopping server on 14346
2021-06-09 09:33:29,004 [IPC Server Responder] INFO  ipc.Server (Server.java:run(1502)) - Stopping IPC Server Responder
2021-06-09 09:33:29,004 [Listener at 127.0.0.1/10928] INFO  server.StorageContainerManager (StorageContainerManager.java:stop(1332)) - Stopping the StorageContainerLocationProtocol RPC server
2021-06-09 09:33:29,004 [Listener at 127.0.0.1/10928] INFO  server.SCMClientProtocolServer (SCMClientProtocolServer.java:stop(166)) - Stopping the RPC server for Client Protocol
2021-06-09 09:33:29,004 [Listener at 127.0.0.1/10928] INFO  ipc.Server (Server.java:stop(3403)) - Stopping server on 14347
2021-06-09 09:33:29,005 [IPC Server listener on 14346] INFO  ipc.Server (Server.java:run(1366)) - Stopping IPC Server listener on 14346
2021-06-09 09:33:29,006 [IPC Server Responder] INFO  ipc.Server (Server.java:run(1502)) - Stopping IPC Server Responder
2021-06-09 09:33:29,006 [Listener at 127.0.0.1/10928] INFO  server.StorageContainerManager (StorageContainerManager.java:stop(1339)) - Stopping Storage Container Manager HTTP server.
2021-06-09 09:33:29,006 [IPC Server listener on 14347] INFO  ipc.Server (Server.java:run(1366)) - Stopping IPC Server listener on 14347
2021-06-09 09:33:29,006 [Listener at 127.0.0.1/10928] INFO  handler.ContextHandler (ContextHandler.java:doStop(1154)) - Stopped o.e.j.w.WebAppContext@550d3cd7{scm,/,null,STOPPED}{file:/home/runner/work/ozone/ozone/mnt/ozone/hadoop-ozone/integration-test/target/test-classes/webapps/scm}
2021-06-09 09:33:29,007 [Listener at 127.0.0.1/10928] INFO  server.AbstractConnector (AbstractConnector.java:doStop(381)) - Stopped ServerConnector@73131043{HTTP/1.1, (http/1.1)}{0.0.0.0:14342}
2021-06-09 09:33:29,008 [Listener at 127.0.0.1/10928] INFO  server.session (HouseKeeper.java:stopScavenging(149)) - node0 Stopped scavenging
2021-06-09 09:33:29,008 [Listener at 127.0.0.1/10928] INFO  handler.ContextHandler (ContextHandler.java:doStop(1154)) - Stopped o.e.j.s.ServletContextHandler@23ccdee9{static,/static,file:///home/runner/work/ozone/ozone/mnt/ozone/hadoop-ozone/integration-test/target/test-classes/webapps/static,STOPPED}
2021-06-09 09:33:29,008 [Listener at 127.0.0.1/10928] INFO  handler.ContextHandler (ContextHandler.java:doStop(1154)) - Stopped o.e.j.s.ServletContextHandler@33d2e82{logs,/logs,file:///home/runner/work/ozone/ozone/mnt/ozone/hadoop-ozone/integration-test/target/log,STOPPED}
2021-06-09 09:33:29,009 [Listener at 127.0.0.1/10928] INFO  server.StorageContainerManager (StorageContainerManager.java:stop(1350)) - Stopping Block Manager Service.
2021-06-09 09:33:29,009 [Listener at 127.0.0.1/10928] INFO  utils.BackgroundService (BackgroundService.java:shutdown(132)) - Shutting down service SCMBlockDeletingService
2021-06-09 09:33:29,009 [Listener at 127.0.0.1/10928] INFO  utils.BackgroundService (BackgroundService.java:shutdown(132)) - Shutting down service SCMBlockDeletingService
2021-06-09 09:33:29,010 [Listener at 127.0.0.1/10928] INFO  server.StorageContainerManager (StorageContainerManager.java:stop(1377)) - Stopping SCM Event Queue.
2021-06-09 09:33:29,010 [Listener at 127.0.0.1/10928] INFO  ha.SCMRatisServerImpl (SCMRatisServerImpl.java:stop(228)) - stopping ratis server 0.0.0.0:14344
2021-06-09 09:33:29,011 [Listener at 127.0.0.1/10928] INFO  server.RaftServer (RaftServerProxy.java:lambda$close$6(391)) - e31d96e5-7e9e-4f8e-80d3-ffe1fdf992c4: close
2021-06-09 09:33:29,011 [Listener at 127.0.0.1/10928] INFO  server.RaftServer$Division (RaftServerImpl.java:lambda$close$4(406)) - e31d96e5-7e9e-4f8e-80d3-ffe1fdf992c4@group-C9E251B369B0: shutdown
2021-06-09 09:33:29,011 [Listener at 127.0.0.1/10928] INFO  util.JmxRegister (JmxRegister.java:unregister(73)) - Successfully un-registered JMX Bean with object name Ratis:service=RaftServer,group=group-C9E251B369B0,id=e31d96e5-7e9e-4f8e-80d3-ffe1fdf992c4
2021-06-09 09:33:29,011 [Listener at 127.0.0.1/10928] INFO  impl.RoleInfo (RoleInfo.java:shutdownFollowerState(108)) - e31d96e5-7e9e-4f8e-80d3-ffe1fdf992c4: shutdown e31d96e5-7e9e-4f8e-80d3-ffe1fdf992c4@group-C9E251B369B0-FollowerState
2021-06-09 09:33:29,011 [e31d96e5-7e9e-4f8e-80d3-ffe1fdf992c4@group-C9E251B369B0-FollowerState] INFO  impl.FollowerState (FollowerState.java:run(143)) - e31d96e5-7e9e-4f8e-80d3-ffe1fdf992c4@group-C9E251B369B0-FollowerState was interrupted: {}
java.lang.InterruptedException: sleep interrupted
	at java.lang.Thread.sleep(Native Method)
	at java.lang.Thread.sleep(Thread.java:340)
	at java.util.concurrent.TimeUnit.sleep(TimeUnit.java:386)
	at org.apache.ratis.util.TimeDuration.sleep(TimeDuration.java:324)
	at org.apache.ratis.util.TimeDuration.sleep(TimeDuration.java:309)
	at org.apache.ratis.server.impl.FollowerState.run(FollowerState.java:118)
2021-06-09 09:33:29,011 [e31d96e5-7e9e-4f8e-80d3-ffe1fdf992c4@group-C9E251B369B0-StateMachineUpdater] INFO  ha.SCMStateMachine (HadoopExecutors.java:shutdown(118)) - Gracefully shutting down executor service. Waiting max 5 SECONDS
2021-06-09 09:33:29,012 [e31d96e5-7e9e-4f8e-80d3-ffe1fdf992c4@group-C9E251B369B0-StateMachineUpdater] INFO  ha.SCMStateMachine (HadoopExecutors.java:shutdown(129)) - Succesfully shutdown executor service
2021-06-09 09:33:29,012 [e31d96e5-7e9e-4f8e-80d3-ffe1fdf992c4@group-C9E251B369B0-StateMachineUpdater] INFO  metrics.RatisMetrics (RatisMetrics.java:unregister(43)) - Unregistering Metrics Registry : ratis.state_machine.e31d96e5-7e9e-4f8e-80d3-ffe1fdf992c4@group-C9E251B369B0
2021-06-09 09:33:29,012 [Listener at 127.0.0.1/10928] INFO  impl.StateMachineUpdater (StateMachineUpdater.java:stopAndJoin(149)) - e31d96e5-7e9e-4f8e-80d3-ffe1fdf992c4@group-C9E251B369B0-StateMachineUpdater: set stopIndex = 207
2021-06-09 09:33:29,014 [Listener at 127.0.0.1/10928] INFO  server.RaftServer$Division (ServerState.java:close(405)) - e31d96e5-7e9e-4f8e-80d3-ffe1fdf992c4@group-C9E251B369B0: closes. applyIndex: 207
2021-06-09 09:33:29,014 [e31d96e5-7e9e-4f8e-80d3-ffe1fdf992c4@group-C9E251B369B0-SegmentedRaftLogWorker] INFO  segmented.SegmentedRaftLogWorker (SegmentedRaftLogWorker.java:run(327)) - e31d96e5-7e9e-4f8e-80d3-ffe1fdf992c4@group-C9E251B369B0-SegmentedRaftLogWorker was interrupted, exiting. There are 0 tasks remaining in the queue.
2021-06-09 09:33:29,014 [Listener at 127.0.0.1/10928] INFO  segmented.SegmentedRaftLogWorker (SegmentedRaftLogWorker.java:close(237)) - e31d96e5-7e9e-4f8e-80d3-ffe1fdf992c4@group-C9E251B369B0-SegmentedRaftLogWorker close()
2021-06-09 09:33:29,015 [Listener at 127.0.0.1/10928] INFO  metrics.RatisMetrics (RatisMetrics.java:unregister(43)) - Unregistering Metrics Registry : ratis.log_worker.e31d96e5-7e9e-4f8e-80d3-ffe1fdf992c4@group-C9E251B369B0
2021-06-09 09:33:29,015 [Listener at 127.0.0.1/10928] INFO  metrics.RatisMetrics (RatisMetrics.java:unregister(43)) - Unregistering Metrics Registry : ratis.leader_election.e31d96e5-7e9e-4f8e-80d3-ffe1fdf992c4@group-C9E251B369B0
2021-06-09 09:33:29,015 [Listener at 127.0.0.1/10928] INFO  metrics.RatisMetrics (RatisMetrics.java:unregister(43)) - Unregistering Metrics Registry : ratis.server.e31d96e5-7e9e-4f8e-80d3-ffe1fdf992c4@group-C9E251B369B0
2021-06-09 09:33:29,015 [Listener at 127.0.0.1/10928] INFO  server.GrpcService (GrpcService.java:closeImpl(262)) - e31d96e5-7e9e-4f8e-80d3-ffe1fdf992c4: shutdown server with port 14344 now
2021-06-09 09:33:29,016 [Listener at 127.0.0.1/10928] INFO  server.GrpcService (GrpcService.java:closeImpl(271)) - e31d96e5-7e9e-4f8e-80d3-ffe1fdf992c4: shutdown server with port 14344 successfully
2021-06-09 09:33:29,016 [org.apache.ratis.util.JvmPauseMonitor$$Lambda$493/731610911@7d6fc802] INFO  util.JvmPauseMonitor (JvmPauseMonitor.java:run(109)) - JvmPauseMonitor-e31d96e5-7e9e-4f8e-80d3-ffe1fdf992c4: Stopped
2021-06-09 09:33:29,016 [Listener at 127.0.0.1/10928] INFO  ha.SCMStateMachine (HadoopExecutors.java:shutdown(118)) - Gracefully shutting down executor service. Waiting max 5 SECONDS
2021-06-09 09:33:29,017 [Listener at 127.0.0.1/10928] INFO  ha.SCMStateMachine (HadoopExecutors.java:shutdown(129)) - Succesfully shutdown executor service
2021-06-09 09:33:29,017 [Listener at 127.0.0.1/10928] WARN  pipeline.BackgroundPipelineCreator (BackgroundPipelineCreatorV2.java:stop(154)) - RatisPipelineUtilsThread is not running, just ignore.
2021-06-09 09:33:29,017 [Listener at 127.0.0.1/10928] INFO  impl.MetricsSystemImpl (MetricsSystemImpl.java:stop(205)) - StorageContainerManager metrics system stopped (again)
2021-06-09 09:33:29,018 [Listener at 127.0.0.1/10928] INFO  ozone.MiniOzoneHAClusterImpl (MiniOzoneHAClusterImpl.java:stop(296)) - Stopping the StorageContainerManager 943a282b-f1b6-4c47-b0d5-ac1d3ae1d1bb
2021-06-09 09:33:29,018 [Listener at 127.0.0.1/10928] INFO  server.StorageContainerManager (StorageContainerManager.java:stop(1296)) - Stopping Replication Manager Service.
2021-06-09 09:33:29,018 [Listener at 127.0.0.1/10928] INFO  container.ReplicationManager (ReplicationManager.java:stop(268)) - Stopping Replication Monitor Thread.
2021-06-09 09:33:29,018 [Listener at 127.0.0.1/10928] INFO  server.StorageContainerManager (StorageContainerManager.java:stop(1303)) - Stopping the Datanode Admin Monitor.
2021-06-09 09:33:29,018 [Listener at 127.0.0.1/10928] INFO  server.StorageContainerManager (StorageContainerManager.java:stop(1310)) - Stopping Lease Manager of the command watchers
2021-06-09 09:33:29,018 [Listener at 127.0.0.1/10928] INFO  server.StorageContainerManager (StorageContainerManager.java:stop(1317)) - Stopping datanode service RPC server
2021-06-09 09:33:29,018 [Listener at 127.0.0.1/10928] INFO  server.SCMDatanodeProtocolServer (SCMDatanodeProtocolServer.java:stop(374)) - Stopping the RPC server for DataNodes
2021-06-09 09:33:29,018 [Listener at 127.0.0.1/10928] INFO  ipc.Server (Server.java:stop(3403)) - Stopping server on 14335
2021-06-09 09:33:29,020 [IPC Server listener on 14335] INFO  ipc.Server (Server.java:run(1366)) - Stopping IPC Server listener on 14335
2021-06-09 09:33:29,020 [IPC Server Responder] INFO  ipc.Server (Server.java:run(1502)) - Stopping IPC Server Responder
2021-06-09 09:33:29,102 [SCM Heartbeat Processing Thread - 0] WARN  node.NodeStateManager (NodeStateManager.java:scheduleNextHealthCheck(688)) - Current Thread is interrupted, shutting down HB processing thread for Node Manager.
2021-06-09 09:33:29,102 [Listener at 127.0.0.1/10928] INFO  server.StorageContainerManager (StorageContainerManager.java:stop(1325)) - Stopping block service RPC server
2021-06-09 09:33:29,102 [Listener at 127.0.0.1/10928] INFO  server.SCMBlockProtocolServer (SCMBlockProtocolServer.java:stop(158)) - Stopping the RPC server for Block Protocol
2021-06-09 09:33:29,102 [Listener at 127.0.0.1/10928] INFO  ipc.Server (Server.java:stop(3403)) - Stopping server on 14336
2021-06-09 09:33:29,103 [IPC Server listener on 14336] INFO  ipc.Server (Server.java:run(1366)) - Stopping IPC Server listener on 14336
2021-06-09 09:33:29,108 [IPC Server Responder] INFO  ipc.Server (Server.java:run(1502)) - Stopping IPC Server Responder
2021-06-09 09:33:29,109 [Listener at 127.0.0.1/10928] INFO  server.StorageContainerManager (StorageContainerManager.java:stop(1332)) - Stopping the StorageContainerLocationProtocol RPC server
2021-06-09 09:33:29,110 [Listener at 127.0.0.1/10928] INFO  server.SCMClientProtocolServer (SCMClientProtocolServer.java:stop(166)) - Stopping the RPC server for Client Protocol
2021-06-09 09:33:29,110 [Listener at 127.0.0.1/10928] INFO  ipc.Server (Server.java:stop(3403)) - Stopping server on 14337
2021-06-09 09:33:29,111 [IPC Server listener on 14337] INFO  ipc.Server (Server.java:run(1366)) - Stopping IPC Server listener on 14337
2021-06-09 09:33:29,111 [Listener at 127.0.0.1/10928] INFO  server.StorageContainerManager (StorageContainerManager.java:stop(1339)) - Stopping Storage Container Manager HTTP server.
2021-06-09 09:33:29,111 [IPC Server Responder] INFO  ipc.Server (Server.java:run(1502)) - Stopping IPC Server Responder
2021-06-09 09:33:29,113 [Listener at 127.0.0.1/10928] INFO  handler.ContextHandler (ContextHandler.java:doStop(1154)) - Stopped o.e.j.w.WebAppContext@10508ba6{scm,/,null,STOPPED}{file:/home/runner/work/ozone/ozone/mnt/ozone/hadoop-ozone/integration-test/target/test-classes/webapps/scm}
2021-06-09 09:33:29,114 [Listener at 127.0.0.1/10928] INFO  server.AbstractConnector (AbstractConnector.java:doStop(381)) - Stopped ServerConnector@147097ad{HTTP/1.1, (http/1.1)}{0.0.0.0:14332}
2021-06-09 09:33:29,114 [Listener at 127.0.0.1/10928] INFO  server.session (HouseKeeper.java:stopScavenging(149)) - node0 Stopped scavenging
2021-06-09 09:33:29,114 [Listener at 127.0.0.1/10928] INFO  handler.ContextHandler (ContextHandler.java:doStop(1154)) - Stopped o.e.j.s.ServletContextHandler@a6204e4{static,/static,file:///home/runner/work/ozone/ozone/mnt/ozone/hadoop-ozone/integration-test/target/test-classes/webapps/static,STOPPED}
2021-06-09 09:33:29,115 [Listener at 127.0.0.1/10928] INFO  handler.ContextHandler (ContextHandler.java:doStop(1154)) - Stopped o.e.j.s.ServletContextHandler@6c1a6db1{logs,/logs,file:///home/runner/work/ozone/ozone/mnt/ozone/hadoop-ozone/integration-test/target/log,STOPPED}
2021-06-09 09:33:29,115 [Listener at 127.0.0.1/10928] INFO  server.StorageContainerManager (StorageContainerManager.java:stop(1350)) - Stopping Block Manager Service.
2021-06-09 09:33:29,115 [Listener at 127.0.0.1/10928] INFO  utils.BackgroundService (BackgroundService.java:shutdown(132)) - Shutting down service SCMBlockDeletingService
2021-06-09 09:33:29,116 [Listener at 127.0.0.1/10928] INFO  utils.BackgroundService (BackgroundService.java:shutdown(132)) - Shutting down service SCMBlockDeletingService
2021-06-09 09:33:29,116 [Listener at 127.0.0.1/10928] INFO  server.StorageContainerManager (StorageContainerManager.java:stop(1377)) - Stopping SCM Event Queue.
2021-06-09 09:33:29,117 [Listener at 127.0.0.1/10928] INFO  ha.SCMRatisServerImpl (SCMRatisServerImpl.java:stop(228)) - stopping ratis server 0.0.0.0:14334
2021-06-09 09:33:29,117 [Listener at 127.0.0.1/10928] INFO  server.RaftServer (RaftServerProxy.java:lambda$close$6(391)) - 943a282b-f1b6-4c47-b0d5-ac1d3ae1d1bb: close
2021-06-09 09:33:29,118 [Listener at 127.0.0.1/10928] INFO  server.RaftServer$Division (RaftServerImpl.java:lambda$close$4(406)) - 943a282b-f1b6-4c47-b0d5-ac1d3ae1d1bb@group-C9E251B369B0: shutdown
2021-06-09 09:33:29,118 [Listener at 127.0.0.1/10928] INFO  util.JmxRegister (JmxRegister.java:unregister(73)) - Successfully un-registered JMX Bean with object name Ratis:service=RaftServer,group=group-C9E251B369B0,id=943a282b-f1b6-4c47-b0d5-ac1d3ae1d1bb
2021-06-09 09:33:29,118 [Listener at 127.0.0.1/10928] INFO  impl.RoleInfo (RoleInfo.java:shutdownFollowerState(108)) - 943a282b-f1b6-4c47-b0d5-ac1d3ae1d1bb: shutdown 943a282b-f1b6-4c47-b0d5-ac1d3ae1d1bb@group-C9E251B369B0-FollowerState
2021-06-09 09:33:29,118 [Listener at 127.0.0.1/10928] INFO  impl.StateMachineUpdater (StateMachineUpdater.java:stopAndJoin(149)) - 943a282b-f1b6-4c47-b0d5-ac1d3ae1d1bb@group-C9E251B369B0-StateMachineUpdater: set stopIndex = 207
2021-06-09 09:33:29,118 [943a282b-f1b6-4c47-b0d5-ac1d3ae1d1bb@group-C9E251B369B0-StateMachineUpdater] INFO  ha.SCMStateMachine (SCMStateMachine.java:takeSnapshot(282)) - Current Snapshot Index 207, takeSnapshot took 1 ms
2021-06-09 09:33:29,118 [943a282b-f1b6-4c47-b0d5-ac1d3ae1d1bb@group-C9E251B369B0-StateMachineUpdater] INFO  impl.StateMachineUpdater (StateMachineUpdater.java:takeSnapshot(281)) - 943a282b-f1b6-4c47-b0d5-ac1d3ae1d1bb@group-C9E251B369B0-StateMachineUpdater: Took a snapshot at index 207
2021-06-09 09:33:29,118 [943a282b-f1b6-4c47-b0d5-ac1d3ae1d1bb@group-C9E251B369B0-StateMachineUpdater] INFO  impl.StateMachineUpdater (StateMachineUpdater.java:lambda$new$0(89)) - 943a282b-f1b6-4c47-b0d5-ac1d3ae1d1bb@group-C9E251B369B0-StateMachineUpdater: snapshotIndex: updateIncreasingly 205 -> 207
2021-06-09 09:33:29,118 [943a282b-f1b6-4c47-b0d5-ac1d3ae1d1bb@group-C9E251B369B0-StateMachineUpdater] INFO  ha.SCMStateMachine (HadoopExecutors.java:shutdown(118)) - Gracefully shutting down executor service. Waiting max 5 SECONDS
2021-06-09 09:33:29,118 [943a282b-f1b6-4c47-b0d5-ac1d3ae1d1bb@group-C9E251B369B0-StateMachineUpdater] INFO  ha.SCMStateMachine (HadoopExecutors.java:shutdown(129)) - Succesfully shutdown executor service
2021-06-09 09:33:29,118 [943a282b-f1b6-4c47-b0d5-ac1d3ae1d1bb@group-C9E251B369B0-StateMachineUpdater] INFO  metrics.RatisMetrics (RatisMetrics.java:unregister(43)) - Unregistering Metrics Registry : ratis.state_machine.943a282b-f1b6-4c47-b0d5-ac1d3ae1d1bb@group-C9E251B369B0
2021-06-09 09:33:29,118 [Listener at 127.0.0.1/10928] INFO  server.RaftServer$Division (ServerState.java:close(405)) - 943a282b-f1b6-4c47-b0d5-ac1d3ae1d1bb@group-C9E251B369B0: closes. applyIndex: 207
2021-06-09 09:33:29,118 [943a282b-f1b6-4c47-b0d5-ac1d3ae1d1bb@group-C9E251B369B0-FollowerState] INFO  impl.FollowerState (FollowerState.java:run(143)) - 943a282b-f1b6-4c47-b0d5-ac1d3ae1d1bb@group-C9E251B369B0-FollowerState was interrupted: {}
java.lang.InterruptedException: sleep interrupted
	at java.lang.Thread.sleep(Native Method)
	at java.lang.Thread.sleep(Thread.java:340)
	at java.util.concurrent.TimeUnit.sleep(TimeUnit.java:386)
	at org.apache.ratis.util.TimeDuration.sleep(TimeDuration.java:324)
	at org.apache.ratis.util.TimeDuration.sleep(TimeDuration.java:309)
	at org.apache.ratis.server.impl.FollowerState.run(FollowerState.java:118)
2021-06-09 09:33:29,119 [943a282b-f1b6-4c47-b0d5-ac1d3ae1d1bb@group-C9E251B369B0-SegmentedRaftLogWorker] INFO  segmented.SegmentedRaftLogWorker (SegmentedRaftLogWorker.java:run(327)) - 943a282b-f1b6-4c47-b0d5-ac1d3ae1d1bb@group-C9E251B369B0-SegmentedRaftLogWorker was interrupted, exiting. There are 0 tasks remaining in the queue.
2021-06-09 09:33:29,119 [Listener at 127.0.0.1/10928] INFO  segmented.SegmentedRaftLogWorker (SegmentedRaftLogWorker.java:close(237)) - 943a282b-f1b6-4c47-b0d5-ac1d3ae1d1bb@group-C9E251B369B0-SegmentedRaftLogWorker close()
2021-06-09 09:33:29,120 [Listener at 127.0.0.1/10928] INFO  metrics.RatisMetrics (RatisMetrics.java:unregister(43)) - Unregistering Metrics Registry : ratis.log_worker.943a282b-f1b6-4c47-b0d5-ac1d3ae1d1bb@group-C9E251B369B0
2021-06-09 09:33:29,120 [Listener at 127.0.0.1/10928] INFO  metrics.RatisMetrics (RatisMetrics.java:unregister(43)) - Unregistering Metrics Registry : ratis.leader_election.943a282b-f1b6-4c47-b0d5-ac1d3ae1d1bb@group-C9E251B369B0
2021-06-09 09:33:29,120 [Listener at 127.0.0.1/10928] INFO  metrics.RatisMetrics (RatisMetrics.java:unregister(43)) - Unregistering Metrics Registry : ratis.server.943a282b-f1b6-4c47-b0d5-ac1d3ae1d1bb@group-C9E251B369B0
2021-06-09 09:33:29,120 [Listener at 127.0.0.1/10928] INFO  server.GrpcService (GrpcService.java:closeImpl(262)) - 943a282b-f1b6-4c47-b0d5-ac1d3ae1d1bb: shutdown server with port 14334 now
2021-06-09 09:33:29,127 [Listener at 127.0.0.1/10928] INFO  server.GrpcService (GrpcService.java:closeImpl(271)) - 943a282b-f1b6-4c47-b0d5-ac1d3ae1d1bb: shutdown server with port 14334 successfully
2021-06-09 09:33:29,127 [org.apache.ratis.util.JvmPauseMonitor$$Lambda$493/731610911@1c14d24d] INFO  util.JvmPauseMonitor (JvmPauseMonitor.java:run(109)) - JvmPauseMonitor-943a282b-f1b6-4c47-b0d5-ac1d3ae1d1bb: Stopped
2021-06-09 09:33:29,127 [Listener at 127.0.0.1/10928] INFO  ha.SCMStateMachine (HadoopExecutors.java:shutdown(118)) - Gracefully shutting down executor service. Waiting max 5 SECONDS
2021-06-09 09:33:29,128 [Listener at 127.0.0.1/10928] INFO  ha.SCMStateMachine (HadoopExecutors.java:shutdown(129)) - Succesfully shutdown executor service
2021-06-09 09:33:29,128 [Listener at 127.0.0.1/10928] WARN  pipeline.BackgroundPipelineCreator (BackgroundPipelineCreatorV2.java:stop(154)) - RatisPipelineUtilsThread is not running, just ignore.
2021-06-09 09:33:29,128 [Listener at 127.0.0.1/10928] INFO  impl.MetricsSystemImpl (MetricsSystemImpl.java:stop(205)) - StorageContainerManager metrics system stopped (again)
2021-06-09 09:33:29,129 [Listener at 127.0.0.1/10928] INFO  ozone.MiniOzoneClusterImpl (MiniOzoneClusterImpl.java:stop(458)) - Stopping the Mini Ozone Cluster
2021-06-09 09:33:29,129 [Listener at 127.0.0.1/10928] INFO  ozone.MiniOzoneClusterImpl (MiniOzoneClusterImpl.java:stopDatanodes(517)) - Stopping the HddsDatanodes
2021-06-09 09:33:29,301 [Datanode State Machine Thread - 0] ERROR datanode.RunningDatanodeState (RunningDatanodeState.java:computeNextContainerState(199)) - Error in executing end point task.
java.util.concurrent.ExecutionException: java.util.concurrent.TimeoutException
	at java.util.concurrent.FutureTask.report(FutureTask.java:122)
	at java.util.concurrent.FutureTask.get(FutureTask.java:192)
	at org.apache.hadoop.ozone.container.common.states.datanode.RunningDatanodeState.computeNextContainerState(RunningDatanodeState.java:191)
	at org.apache.hadoop.ozone.container.common.states.datanode.RunningDatanodeState.await(RunningDatanodeState.java:231)
	at org.apache.hadoop.ozone.container.common.states.datanode.RunningDatanodeState.await(RunningDatanodeState.java:50)
	at org.apache.hadoop.ozone.container.common.statemachine.StateContext.execute(StateContext.java:629)
	at org.apache.hadoop.ozone.container.common.statemachine.DatanodeStateMachine.start(DatanodeStateMachine.java:244)
	at org.apache.hadoop.ozone.container.common.statemachine.DatanodeStateMachine.lambda$startDaemon$0(DatanodeStateMachine.java:427)
	at java.lang.Thread.run(Thread.java:748)
Caused by: java.util.concurrent.TimeoutException
	at java.util.concurrent.FutureTask.get(FutureTask.java:205)
	at org.apache.hadoop.ozone.container.common.states.datanode.RunningDatanodeState.lambda$execute$0(RunningDatanodeState.java:149)
	at java.util.concurrent.FutureTask.run(FutureTask.java:266)
	at java.util.concurrent.Executors$RunnableAdapter.call(Executors.java:511)
	at java.util.concurrent.FutureTask.run(FutureTask.java:266)
	at java.util.concurrent.ThreadPoolExecutor.runWorker(ThreadPoolExecutor.java:1149)
	at java.util.concurrent.ThreadPoolExecutor$Worker.run(ThreadPoolExecutor.java:624)
	... 1 more
2021-06-09 09:33:29,302 [Datanode State Machine Thread - 0] WARN  statemachine.StateContext (StateContext.java:setState(246)) - Ignore disallowed transition from SHUTDOWN to RUNNING
2021-06-09 09:33:29,302 [Datanode State Machine Thread - 0] INFO  statemachine.DatanodeStateMachine (DatanodeStateMachine.java:lambda$startDaemon$0(428)) - Ozone container server started.
2021-06-09 09:33:29,303 [EndpointStateMachine task thread for /127.0.0.1:14325 - 0 ] INFO  ipc.Client (Client.java:handleConnectionFailure(966)) - Retrying connect to server: localhost/127.0.0.1:14325. Already tried 1 time(s); retry policy is RetryUpToMaximumCountWithFixedSleep(maxRetries=15, sleepTime=1000 MILLISECONDS)
2021-06-09 09:33:29,412 [Datanode State Machine Thread - 0] ERROR datanode.RunningDatanodeState (RunningDatanodeState.java:computeNextContainerState(199)) - Error in executing end point task.
java.util.concurrent.ExecutionException: java.util.concurrent.TimeoutException
	at java.util.concurrent.FutureTask.report(FutureTask.java:122)
	at java.util.concurrent.FutureTask.get(FutureTask.java:192)
	at org.apache.hadoop.ozone.container.common.states.datanode.RunningDatanodeState.computeNextContainerState(RunningDatanodeState.java:191)
	at org.apache.hadoop.ozone.container.common.states.datanode.RunningDatanodeState.await(RunningDatanodeState.java:231)
	at org.apache.hadoop.ozone.container.common.states.datanode.RunningDatanodeState.await(RunningDatanodeState.java:50)
	at org.apache.hadoop.ozone.container.common.statemachine.StateContext.execute(StateContext.java:629)
	at org.apache.hadoop.ozone.container.common.statemachine.DatanodeStateMachine.start(DatanodeStateMachine.java:244)
	at org.apache.hadoop.ozone.container.common.statemachine.DatanodeStateMachine.lambda$startDaemon$0(DatanodeStateMachine.java:427)
	at java.lang.Thread.run(Thread.java:748)
Caused by: java.util.concurrent.TimeoutException
	at java.util.concurrent.FutureTask.get(FutureTask.java:205)
	at org.apache.hadoop.ozone.container.common.states.datanode.RunningDatanodeState.lambda$execute$0(RunningDatanodeState.java:149)
	at java.util.concurrent.FutureTask.run(FutureTask.java:266)
	at java.util.concurrent.Executors$RunnableAdapter.call(Executors.java:511)
	at java.util.concurrent.FutureTask.run(FutureTask.java:266)
	at java.util.concurrent.ThreadPoolExecutor.runWorker(ThreadPoolExecutor.java:1149)
	at java.util.concurrent.ThreadPoolExecutor$Worker.run(ThreadPoolExecutor.java:624)
	... 1 more
2021-06-09 09:33:29,413 [EndpointStateMachine task thread for /127.0.0.1:14345 - 0 ] WARN  statemachine.EndpointStateMachine (EndpointStateMachine.java:logIfNeeded(236)) - Unable to communicate to SCM server at localhost:14345 for past 0 seconds.
java.io.EOFException: End of File Exception between local host is: "fv-az195-811/10.1.0.29"; destination host is: "localhost":14345; : java.io.EOFException; For more details see:  http://wiki.apache.org/hadoop/EOFException
	at sun.reflect.NativeConstructorAccessorImpl.newInstance0(Native Method)
	at sun.reflect.NativeConstructorAccessorImpl.newInstance(NativeConstructorAccessorImpl.java:62)
	at sun.reflect.DelegatingConstructorAccessorImpl.newInstance(DelegatingConstructorAccessorImpl.java:45)
	at java.lang.reflect.Constructor.newInstance(Constructor.java:423)
	at org.apache.hadoop.net.NetUtils.wrapWithMessage(NetUtils.java:836)
	at org.apache.hadoop.net.NetUtils.wrapException(NetUtils.java:794)
	at org.apache.hadoop.ipc.Client.getRpcResponse(Client.java:1566)
	at org.apache.hadoop.ipc.Client.call(Client.java:1508)
	at org.apache.hadoop.ipc.Client.call(Client.java:1405)
	at org.apache.hadoop.ipc.ProtobufRpcEngine$Invoker.invoke(ProtobufRpcEngine.java:233)
	at org.apache.hadoop.ipc.ProtobufRpcEngine$Invoker.invoke(ProtobufRpcEngine.java:118)
	at com.sun.proxy.$Proxy45.submitRequest(Unknown Source)
	at org.apache.hadoop.ozone.protocolPB.StorageContainerDatanodeProtocolClientSideTranslatorPB.submitRequest(StorageContainerDatanodeProtocolClientSideTranslatorPB.java:117)
	at org.apache.hadoop.ozone.protocolPB.StorageContainerDatanodeProtocolClientSideTranslatorPB.sendHeartbeat(StorageContainerDatanodeProtocolClientSideTranslatorPB.java:149)
	at org.apache.hadoop.ozone.container.common.states.endpoint.HeartbeatEndpointTask.call(HeartbeatEndpointTask.java:146)
	at org.apache.hadoop.ozone.container.common.states.endpoint.HeartbeatEndpointTask.call(HeartbeatEndpointTask.java:77)
	at java.util.concurrent.FutureTask.run(FutureTask.java:266)
	at java.util.concurrent.ThreadPoolExecutor.runWorker(ThreadPoolExecutor.java:1149)
	at java.util.concurrent.ThreadPoolExecutor$Worker.run(ThreadPoolExecutor.java:624)
	at java.lang.Thread.run(Thread.java:748)
Caused by: java.io.EOFException
	at java.io.DataInputStream.readInt(DataInputStream.java:392)
	at org.apache.hadoop.ipc.Client$IpcStreams.readResponse(Client.java:1880)
	at org.apache.hadoop.ipc.Client$Connection.receiveRpcResponse(Client.java:1191)
	at org.apache.hadoop.ipc.Client$Connection.run(Client.java:1087)
2021-06-09 09:33:29,413 [EndpointStateMachine task thread for /127.0.0.1:14335 - 0 ] WARN  statemachine.EndpointStateMachine (EndpointStateMachine.java:logIfNeeded(236)) - Unable to communicate to SCM server at 127.0.0.1:14335 for past 0 seconds.
java.io.EOFException: End of File Exception between local host is: "fv-az195-811/10.1.0.29"; destination host is: "localhost":14335; : java.io.EOFException; For more details see:  http://wiki.apache.org/hadoop/EOFException
	at sun.reflect.NativeConstructorAccessorImpl.newInstance0(Native Method)
	at sun.reflect.NativeConstructorAccessorImpl.newInstance(NativeConstructorAccessorImpl.java:62)
	at sun.reflect.DelegatingConstructorAccessorImpl.newInstance(DelegatingConstructorAccessorImpl.java:45)
	at java.lang.reflect.Constructor.newInstance(Constructor.java:423)
	at org.apache.hadoop.net.NetUtils.wrapWithMessage(NetUtils.java:836)
	at org.apache.hadoop.net.NetUtils.wrapException(NetUtils.java:794)
	at org.apache.hadoop.ipc.Client.getRpcResponse(Client.java:1566)
	at org.apache.hadoop.ipc.Client.call(Client.java:1508)
	at org.apache.hadoop.ipc.Client.call(Client.java:1405)
	at org.apache.hadoop.ipc.ProtobufRpcEngine$Invoker.invoke(ProtobufRpcEngine.java:233)
	at org.apache.hadoop.ipc.ProtobufRpcEngine$Invoker.invoke(ProtobufRpcEngine.java:118)
	at com.sun.proxy.$Proxy45.submitRequest(Unknown Source)
	at org.apache.hadoop.ozone.protocolPB.StorageContainerDatanodeProtocolClientSideTranslatorPB.submitRequest(StorageContainerDatanodeProtocolClientSideTranslatorPB.java:117)
	at org.apache.hadoop.ozone.protocolPB.StorageContainerDatanodeProtocolClientSideTranslatorPB.sendHeartbeat(StorageContainerDatanodeProtocolClientSideTranslatorPB.java:149)
	at org.apache.hadoop.ozone.container.common.states.endpoint.HeartbeatEndpointTask.call(HeartbeatEndpointTask.java:146)
	at org.apache.hadoop.ozone.container.common.states.endpoint.HeartbeatEndpointTask.call(HeartbeatEndpointTask.java:77)
	at java.util.concurrent.FutureTask.run(FutureTask.java:266)
	at java.util.concurrent.ThreadPoolExecutor.runWorker(ThreadPoolExecutor.java:1149)
	at java.util.concurrent.ThreadPoolExecutor$Worker.run(ThreadPoolExecutor.java:624)
	at java.lang.Thread.run(Thread.java:748)
Caused by: java.io.EOFException
	at java.io.DataInputStream.readInt(DataInputStream.java:392)
	at org.apache.hadoop.ipc.Client$IpcStreams.readResponse(Client.java:1880)
	at org.apache.hadoop.ipc.Client$Connection.receiveRpcResponse(Client.java:1191)
	at org.apache.hadoop.ipc.Client$Connection.run(Client.java:1087)
2021-06-09 09:33:29,808 [Datanode State Machine Thread - 0] WARN  statemachine.StateContext (StateContext.java:setState(246)) - Ignore disallowed transition from SHUTDOWN to RUNNING
2021-06-09 09:33:29,808 [Datanode State Machine Thread - 0] INFO  statemachine.DatanodeStateMachine (DatanodeStateMachine.java:lambda$startDaemon$0(428)) - Ozone container server started.
2021-06-09 09:33:30,303 [EndpointStateMachine task thread for /127.0.0.1:14325 - 0 ] INFO  ipc.Client (Client.java:handleConnectionFailure(966)) - Retrying connect to server: localhost/127.0.0.1:14325. Already tried 2 time(s); retry policy is RetryUpToMaximumCountWithFixedSleep(maxRetries=15, sleepTime=1000 MILLISECONDS)
2021-06-09 09:33:31,304 [EndpointStateMachine task thread for /127.0.0.1:14325 - 0 ] INFO  ipc.Client (Client.java:handleConnectionFailure(966)) - Retrying connect to server: localhost/127.0.0.1:14325. Already tried 3 time(s); retry policy is RetryUpToMaximumCountWithFixedSleep(maxRetries=15, sleepTime=1000 MILLISECONDS)
2021-06-09 09:33:31,415 [EndpointStateMachine task thread for /127.0.0.1:14345 - 0 ] INFO  ipc.Client (Client.java:handleConnectionFailure(966)) - Retrying connect to server: localhost/127.0.0.1:14345. Already tried 0 time(s); retry policy is RetryUpToMaximumCountWithFixedSleep(maxRetries=15, sleepTime=1000 MILLISECONDS)
2021-06-09 09:33:31,415 [EndpointStateMachine task thread for /127.0.0.1:14335 - 0 ] INFO  ipc.Client (Client.java:handleConnectionFailure(966)) - Retrying connect to server: localhost/127.0.0.1:14335. Already tried 0 time(s); retry policy is RetryUpToMaximumCountWithFixedSleep(maxRetries=15, sleepTime=1000 MILLISECONDS)
2021-06-09 09:33:32,305 [EndpointStateMachine task thread for /127.0.0.1:14325 - 0 ] INFO  ipc.Client (Client.java:handleConnectionFailure(966)) - Retrying connect to server: localhost/127.0.0.1:14325. Already tried 4 time(s); retry policy is RetryUpToMaximumCountWithFixedSleep(maxRetries=15, sleepTime=1000 MILLISECONDS)
2021-06-09 09:33:32,415 [EndpointStateMachine task thread for /127.0.0.1:14345 - 0 ] INFO  ipc.Client (Client.java:handleConnectionFailure(966)) - Retrying connect to server: localhost/127.0.0.1:14345. Already tried 1 time(s); retry policy is RetryUpToMaximumCountWithFixedSleep(maxRetries=15, sleepTime=1000 MILLISECONDS)
2021-06-09 09:33:32,416 [EndpointStateMachine task thread for /127.0.0.1:14335 - 0 ] INFO  ipc.Client (Client.java:handleConnectionFailure(966)) - Retrying connect to server: localhost/127.0.0.1:14335. Already tried 1 time(s); retry policy is RetryUpToMaximumCountWithFixedSleep(maxRetries=15, sleepTime=1000 MILLISECONDS)
2021-06-09 09:33:33,305 [EndpointStateMachine task thread for /127.0.0.1:14325 - 0 ] INFO  ipc.Client (Client.java:handleConnectionFailure(966)) - Retrying connect to server: localhost/127.0.0.1:14325. Already tried 5 time(s); retry policy is RetryUpToMaximumCountWithFixedSleep(maxRetries=15, sleepTime=1000 MILLISECONDS)
2021-06-09 09:33:33,416 [EndpointStateMachine task thread for /127.0.0.1:14345 - 0 ] INFO  ipc.Client (Client.java:handleConnectionFailure(966)) - Retrying connect to server: localhost/127.0.0.1:14345. Already tried 2 time(s); retry policy is RetryUpToMaximumCountWithFixedSleep(maxRetries=15, sleepTime=1000 MILLISECONDS)
2021-06-09 09:33:33,416 [EndpointStateMachine task thread for /127.0.0.1:14335 - 0 ] INFO  ipc.Client (Client.java:handleConnectionFailure(966)) - Retrying connect to server: localhost/127.0.0.1:14335. Already tried 2 time(s); retry policy is RetryUpToMaximumCountWithFixedSleep(maxRetries=15, sleepTime=1000 MILLISECONDS)
2021-06-09 09:33:34,131 [Listener at 127.0.0.1/10928] INFO  ozoneimpl.OzoneContainer (OzoneContainer.java:stop(316)) - Attempting to stop container services.
2021-06-09 09:33:34,131 [ForkJoinPool.commonPool-worker-1] INFO  ozoneimpl.OzoneContainer (OzoneContainer.java:stop(316)) - Attempting to stop container services.
2021-06-09 09:33:34,131 [ForkJoinPool.commonPool-worker-1] INFO  server.RaftServer (RaftServerProxy.java:lambda$close$6(391)) - 697bcd3f-2547-41de-8cec-7c932316130e: close
2021-06-09 09:33:34,132 [ForkJoinPool.commonPool-worker-1] INFO  server.RaftServer$Division (RaftServerImpl.java:lambda$close$4(406)) - 697bcd3f-2547-41de-8cec-7c932316130e@group-DC9D01F80266: shutdown
2021-06-09 09:33:34,132 [Listener at 127.0.0.1/10928] INFO  server.RaftServer (RaftServerProxy.java:lambda$close$6(391)) - 3c147370-49f5-478a-bcbe-e6cea6e4d9ae: close
2021-06-09 09:33:34,132 [ForkJoinPool.commonPool-worker-1] INFO  util.JmxRegister (JmxRegister.java:unregister(73)) - Successfully un-registered JMX Bean with object name Ratis:service=RaftServer,group=group-DC9D01F80266,id=697bcd3f-2547-41de-8cec-7c932316130e
2021-06-09 09:33:34,132 [ForkJoinPool.commonPool-worker-1] INFO  impl.RoleInfo (RoleInfo.java:shutdownFollowerState(108)) - 697bcd3f-2547-41de-8cec-7c932316130e: shutdown 697bcd3f-2547-41de-8cec-7c932316130e@group-DC9D01F80266-FollowerState
2021-06-09 09:33:34,132 [ForkJoinPool.commonPool-worker-1] INFO  impl.StateMachineUpdater (StateMachineUpdater.java:stopAndJoin(149)) - 697bcd3f-2547-41de-8cec-7c932316130e@group-DC9D01F80266-StateMachineUpdater: set stopIndex = 0
2021-06-09 09:33:34,132 [Listener at 127.0.0.1/10928] INFO  server.RaftServer$Division (RaftServerImpl.java:lambda$close$4(406)) - 3c147370-49f5-478a-bcbe-e6cea6e4d9ae@group-DC9D01F80266: shutdown
2021-06-09 09:33:34,132 [Listener at 127.0.0.1/10928] INFO  util.JmxRegister (JmxRegister.java:unregister(73)) - Successfully un-registered JMX Bean with object name Ratis:service=RaftServer,group=group-DC9D01F80266,id=3c147370-49f5-478a-bcbe-e6cea6e4d9ae
2021-06-09 09:33:34,133 [Listener at 127.0.0.1/10928] INFO  impl.RoleInfo (RoleInfo.java:shutdownLeaderState(91)) - 3c147370-49f5-478a-bcbe-e6cea6e4d9ae: shutdown 3c147370-49f5-478a-bcbe-e6cea6e4d9ae@group-DC9D01F80266-LeaderStateImpl
2021-06-09 09:33:34,133 [Listener at 127.0.0.1/10928] INFO  metrics.RatisMetrics (RatisMetrics.java:unregister(43)) - Unregistering Metrics Registry : ratis_grpc.log_appender.3c147370-49f5-478a-bcbe-e6cea6e4d9ae@group-DC9D01F80266
2021-06-09 09:33:34,133 [697bcd3f-2547-41de-8cec-7c932316130e@group-DC9D01F80266-StateMachineUpdater] INFO  ratis.ContainerStateMachine (ContainerStateMachine.java:takeSnapshot(292)) - group-DC9D01F80266: Taking a snapshot at:(t:3, i:0) file /home/runner/work/ozone/ozone/mnt/ozone/hadoop-ozone/integration-test/target/test-dir/MiniOzoneClusterImpl-43f0ca0c-372e-4c55-aedd-c9e251b369b0/datanode-0/data/ratis/be950ea8-58d1-4b6b-a273-dc9d01f80266/sm/snapshot.3_0
2021-06-09 09:33:34,133 [3c147370-49f5-478a-bcbe-e6cea6e4d9ae@group-DC9D01F80266->697bcd3f-2547-41de-8cec-7c932316130e-GrpcLogAppender-LogAppenderDaemon] WARN  server.GrpcLogAppender (GrpcLogAppender.java:mayWait(175)) - 3c147370-49f5-478a-bcbe-e6cea6e4d9ae@group-DC9D01F80266->697bcd3f-2547-41de-8cec-7c932316130e-GrpcLogAppender: Wait interrupted by java.lang.InterruptedException
2021-06-09 09:33:34,132 [697bcd3f-2547-41de-8cec-7c932316130e@group-DC9D01F80266-FollowerState] INFO  impl.FollowerState (FollowerState.java:run(143)) - 697bcd3f-2547-41de-8cec-7c932316130e@group-DC9D01F80266-FollowerState was interrupted: {}
java.lang.InterruptedException: sleep interrupted
	at java.lang.Thread.sleep(Native Method)
	at java.lang.Thread.sleep(Thread.java:340)
	at java.util.concurrent.TimeUnit.sleep(TimeUnit.java:386)
	at org.apache.ratis.util.TimeDuration.sleep(TimeDuration.java:324)
	at org.apache.ratis.util.TimeDuration.sleep(TimeDuration.java:309)
	at org.apache.ratis.server.impl.FollowerState.run(FollowerState.java:118)
2021-06-09 09:33:34,134 [grpc-default-executor-2] INFO  server.GrpcServerProtocolService (GrpcServerProtocolService.java:onCompleted(140)) - 697bcd3f-2547-41de-8cec-7c932316130e: Completed APPEND_ENTRIES, lastRequest: 3c147370-49f5-478a-bcbe-e6cea6e4d9ae->697bcd3f-2547-41de-8cec-7c932316130e#1-t3,previous=(t:0, i:0),leaderCommit=-1,initializing? true,entries: size=1, first=(t:3, i:0), CONFIGURATIONENTRY
2021-06-09 09:33:34,133 [Listener at 127.0.0.1/10928] INFO  metrics.RatisMetrics (RatisMetrics.java:unregister(43)) - Unregistering Metrics Registry : ratis_grpc.log_appender.3c147370-49f5-478a-bcbe-e6cea6e4d9ae@group-DC9D01F80266
2021-06-09 09:33:34,135 [3c147370-49f5-478a-bcbe-e6cea6e4d9ae@group-DC9D01F80266->cc259bf8-a2eb-4525-8fb1-f4b47156f121-GrpcLogAppender-LogAppenderDaemon] WARN  server.GrpcLogAppender (GrpcLogAppender.java:mayWait(175)) - 3c147370-49f5-478a-bcbe-e6cea6e4d9ae@group-DC9D01F80266->cc259bf8-a2eb-4525-8fb1-f4b47156f121-GrpcLogAppender: Wait interrupted by java.lang.InterruptedException
2021-06-09 09:33:34,135 [grpc-default-executor-2] INFO  server.GrpcServerProtocolService (GrpcServerProtocolService.java:onCompleted(140)) - cc259bf8-a2eb-4525-8fb1-f4b47156f121: Completed APPEND_ENTRIES, lastRequest: 3c147370-49f5-478a-bcbe-e6cea6e4d9ae->cc259bf8-a2eb-4525-8fb1-f4b47156f121#1-t3,previous=(t:0, i:0),leaderCommit=-1,initializing? true,entries: size=1, first=(t:3, i:0), CONFIGURATIONENTRY
2021-06-09 09:33:34,136 [grpc-default-executor-3] INFO  server.GrpcLogAppender (GrpcLogAppender.java:onCompleted(344)) - 3c147370-49f5-478a-bcbe-e6cea6e4d9ae@group-DC9D01F80266->cc259bf8-a2eb-4525-8fb1-f4b47156f121-AppendLogResponseHandler: follower responses appendEntries COMPLETED
2021-06-09 09:33:34,136 [grpc-default-executor-3] INFO  leader.FollowerInfo (FollowerInfoImpl.java:lambda$new$0(46)) - 3c147370-49f5-478a-bcbe-e6cea6e4d9ae@group-DC9D01F80266->cc259bf8-a2eb-4525-8fb1-f4b47156f121: nextIndex: updateUnconditionally 1 -> 0
2021-06-09 09:33:34,136 [Listener at 127.0.0.1/10928] INFO  impl.PendingRequests (PendingRequests.java:sendNotLeaderResponses(249)) - 3c147370-49f5-478a-bcbe-e6cea6e4d9ae@group-DC9D01F80266-PendingRequests: sendNotLeaderResponses
2021-06-09 09:33:34,136 [Listener at 127.0.0.1/10928] INFO  metrics.RatisMetrics (RatisMetrics.java:unregister(43)) - Unregistering Metrics Registry : ratis.log_appender.3c147370-49f5-478a-bcbe-e6cea6e4d9ae@group-DC9D01F80266
2021-06-09 09:33:34,137 [Listener at 127.0.0.1/10928] INFO  metrics.RatisMetrics (RatisMetrics.java:unregister(43)) - Unregistering Metrics Registry : ratis.server.3c147370-49f5-478a-bcbe-e6cea6e4d9ae@group-DC9D01F80266
2021-06-09 09:33:34,137 [3c147370-49f5-478a-bcbe-e6cea6e4d9ae@group-DC9D01F80266-StateMachineUpdater] INFO  ratis.ContainerStateMachine (ContainerStateMachine.java:takeSnapshot(292)) - group-DC9D01F80266: Taking a snapshot at:(t:3, i:0) file /home/runner/work/ozone/ozone/mnt/ozone/hadoop-ozone/integration-test/target/test-dir/MiniOzoneClusterImpl-43f0ca0c-372e-4c55-aedd-c9e251b369b0/datanode-1/data/ratis/be950ea8-58d1-4b6b-a273-dc9d01f80266/sm/snapshot.3_0
2021-06-09 09:33:34,137 [Listener at 127.0.0.1/10928] INFO  impl.StateMachineUpdater (StateMachineUpdater.java:stopAndJoin(149)) - 3c147370-49f5-478a-bcbe-e6cea6e4d9ae@group-DC9D01F80266-StateMachineUpdater: set stopIndex = 0
2021-06-09 09:33:34,138 [grpc-default-executor-5] INFO  server.GrpcLogAppender (GrpcLogAppender.java:onCompleted(344)) - 3c147370-49f5-478a-bcbe-e6cea6e4d9ae@group-DC9D01F80266->697bcd3f-2547-41de-8cec-7c932316130e-AppendLogResponseHandler: follower responses appendEntries COMPLETED
2021-06-09 09:33:34,138 [grpc-default-executor-5] INFO  leader.FollowerInfo (FollowerInfoImpl.java:lambda$new$0(46)) - 3c147370-49f5-478a-bcbe-e6cea6e4d9ae@group-DC9D01F80266->697bcd3f-2547-41de-8cec-7c932316130e: nextIndex: updateUnconditionally 1 -> 0
2021-06-09 09:33:34,153 [697bcd3f-2547-41de-8cec-7c932316130e@group-DC9D01F80266-StateMachineUpdater] INFO  ratis.ContainerStateMachine (ContainerStateMachine.java:takeSnapshot(303)) - group-DC9D01F80266: Finished taking a snapshot at:(t:3, i:0) file:/home/runner/work/ozone/ozone/mnt/ozone/hadoop-ozone/integration-test/target/test-dir/MiniOzoneClusterImpl-43f0ca0c-372e-4c55-aedd-c9e251b369b0/datanode-0/data/ratis/be950ea8-58d1-4b6b-a273-dc9d01f80266/sm/snapshot.3_0 took: 21 ms
2021-06-09 09:33:34,154 [3c147370-49f5-478a-bcbe-e6cea6e4d9ae@group-DC9D01F80266-StateMachineUpdater] INFO  ratis.ContainerStateMachine (ContainerStateMachine.java:takeSnapshot(303)) - group-DC9D01F80266: Finished taking a snapshot at:(t:3, i:0) file:/home/runner/work/ozone/ozone/mnt/ozone/hadoop-ozone/integration-test/target/test-dir/MiniOzoneClusterImpl-43f0ca0c-372e-4c55-aedd-c9e251b369b0/datanode-1/data/ratis/be950ea8-58d1-4b6b-a273-dc9d01f80266/sm/snapshot.3_0 took: 17 ms
2021-06-09 09:33:34,155 [3c147370-49f5-478a-bcbe-e6cea6e4d9ae@group-DC9D01F80266-StateMachineUpdater] INFO  impl.StateMachineUpdater (StateMachineUpdater.java:takeSnapshot(281)) - 3c147370-49f5-478a-bcbe-e6cea6e4d9ae@group-DC9D01F80266-StateMachineUpdater: Took a snapshot at index 0
2021-06-09 09:33:34,155 [3c147370-49f5-478a-bcbe-e6cea6e4d9ae@group-DC9D01F80266-StateMachineUpdater] INFO  impl.StateMachineUpdater (StateMachineUpdater.java:lambda$new$0(89)) - 3c147370-49f5-478a-bcbe-e6cea6e4d9ae@group-DC9D01F80266-StateMachineUpdater: snapshotIndex: updateIncreasingly -1 -> 0
2021-06-09 09:33:34,155 [697bcd3f-2547-41de-8cec-7c932316130e@group-DC9D01F80266-StateMachineUpdater] INFO  impl.StateMachineUpdater (StateMachineUpdater.java:takeSnapshot(281)) - 697bcd3f-2547-41de-8cec-7c932316130e@group-DC9D01F80266-StateMachineUpdater: Took a snapshot at index 0
2021-06-09 09:33:34,155 [697bcd3f-2547-41de-8cec-7c932316130e@group-DC9D01F80266-StateMachineUpdater] INFO  impl.StateMachineUpdater (StateMachineUpdater.java:lambda$new$0(89)) - 697bcd3f-2547-41de-8cec-7c932316130e@group-DC9D01F80266-StateMachineUpdater: snapshotIndex: updateIncreasingly -1 -> 0
2021-06-09 09:33:34,158 [697bcd3f-2547-41de-8cec-7c932316130e@group-DC9D01F80266-StateMachineUpdater] INFO  metrics.RatisMetrics (RatisMetrics.java:unregister(43)) - Unregistering Metrics Registry : ratis.state_machine.697bcd3f-2547-41de-8cec-7c932316130e@group-DC9D01F80266
2021-06-09 09:33:34,158 [ForkJoinPool.commonPool-worker-1] INFO  server.RaftServer$Division (ServerState.java:close(405)) - 697bcd3f-2547-41de-8cec-7c932316130e@group-DC9D01F80266: closes. applyIndex: 0
2021-06-09 09:33:34,158 [697bcd3f-2547-41de-8cec-7c932316130e@group-DC9D01F80266-SegmentedRaftLogWorker] INFO  segmented.SegmentedRaftLogWorker (SegmentedRaftLogWorker.java:run(327)) - 697bcd3f-2547-41de-8cec-7c932316130e@group-DC9D01F80266-SegmentedRaftLogWorker was interrupted, exiting. There are 0 tasks remaining in the queue.
2021-06-09 09:33:34,159 [ForkJoinPool.commonPool-worker-1] INFO  segmented.SegmentedRaftLogWorker (SegmentedRaftLogWorker.java:close(237)) - 697bcd3f-2547-41de-8cec-7c932316130e@group-DC9D01F80266-SegmentedRaftLogWorker close()
2021-06-09 09:33:34,159 [ForkJoinPool.commonPool-worker-1] INFO  metrics.RatisMetrics (RatisMetrics.java:unregister(43)) - Unregistering Metrics Registry : ratis.log_worker.697bcd3f-2547-41de-8cec-7c932316130e@group-DC9D01F80266
2021-06-09 09:33:34,159 [ForkJoinPool.commonPool-worker-1] INFO  metrics.RatisMetrics (RatisMetrics.java:unregister(43)) - Unregistering Metrics Registry : ratis.leader_election.697bcd3f-2547-41de-8cec-7c932316130e@group-DC9D01F80266
2021-06-09 09:33:34,160 [ForkJoinPool.commonPool-worker-1] INFO  metrics.RatisMetrics (RatisMetrics.java:unregister(43)) - Unregistering Metrics Registry : ratis.server.697bcd3f-2547-41de-8cec-7c932316130e@group-DC9D01F80266
2021-06-09 09:33:34,160 [ForkJoinPool.commonPool-worker-1] INFO  server.RaftServer$Division (RaftServerImpl.java:lambda$close$4(406)) - 697bcd3f-2547-41de-8cec-7c932316130e@group-5894FE760DEC: shutdown
2021-06-09 09:33:34,160 [ForkJoinPool.commonPool-worker-1] INFO  util.JmxRegister (JmxRegister.java:unregister(73)) - Successfully un-registered JMX Bean with object name Ratis:service=RaftServer,group=group-5894FE760DEC,id=697bcd3f-2547-41de-8cec-7c932316130e
2021-06-09 09:33:34,160 [ForkJoinPool.commonPool-worker-1] INFO  impl.RoleInfo (RoleInfo.java:shutdownFollowerState(108)) - 697bcd3f-2547-41de-8cec-7c932316130e: shutdown 697bcd3f-2547-41de-8cec-7c932316130e@group-5894FE760DEC-FollowerState
2021-06-09 09:33:34,160 [ForkJoinPool.commonPool-worker-1] INFO  impl.StateMachineUpdater (StateMachineUpdater.java:stopAndJoin(149)) - 697bcd3f-2547-41de-8cec-7c932316130e@group-5894FE760DEC-StateMachineUpdater: set stopIndex = 0
2021-06-09 09:33:34,160 [697bcd3f-2547-41de-8cec-7c932316130e@group-5894FE760DEC-FollowerState] INFO  impl.FollowerState (FollowerState.java:run(143)) - 697bcd3f-2547-41de-8cec-7c932316130e@group-5894FE760DEC-FollowerState was interrupted: {}
java.lang.InterruptedException: sleep interrupted
	at java.lang.Thread.sleep(Native Method)
	at java.lang.Thread.sleep(Thread.java:340)
	at java.util.concurrent.TimeUnit.sleep(TimeUnit.java:386)
	at org.apache.ratis.util.TimeDuration.sleep(TimeDuration.java:324)
	at org.apache.ratis.util.TimeDuration.sleep(TimeDuration.java:309)
	at org.apache.ratis.server.impl.FollowerState.run(FollowerState.java:118)
2021-06-09 09:33:34,160 [697bcd3f-2547-41de-8cec-7c932316130e@group-5894FE760DEC-StateMachineUpdater] INFO  ratis.ContainerStateMachine (ContainerStateMachine.java:takeSnapshot(292)) - group-5894FE760DEC: Taking a snapshot at:(t:5, i:0) file /home/runner/work/ozone/ozone/mnt/ozone/hadoop-ozone/integration-test/target/test-dir/MiniOzoneClusterImpl-43f0ca0c-372e-4c55-aedd-c9e251b369b0/datanode-0/data/ratis/01afcea1-9cbf-4cb9-976c-5894fe760dec/sm/snapshot.5_0
2021-06-09 09:33:34,161 [3c147370-49f5-478a-bcbe-e6cea6e4d9ae@group-DC9D01F80266-StateMachineUpdater] INFO  metrics.RatisMetrics (RatisMetrics.java:unregister(43)) - Unregistering Metrics Registry : ratis.state_machine.3c147370-49f5-478a-bcbe-e6cea6e4d9ae@group-DC9D01F80266
2021-06-09 09:33:34,162 [697bcd3f-2547-41de-8cec-7c932316130e@group-5894FE760DEC-StateMachineUpdater] INFO  ratis.ContainerStateMachine (ContainerStateMachine.java:takeSnapshot(303)) - group-5894FE760DEC: Finished taking a snapshot at:(t:5, i:0) file:/home/runner/work/ozone/ozone/mnt/ozone/hadoop-ozone/integration-test/target/test-dir/MiniOzoneClusterImpl-43f0ca0c-372e-4c55-aedd-c9e251b369b0/datanode-0/data/ratis/01afcea1-9cbf-4cb9-976c-5894fe760dec/sm/snapshot.5_0 took: 2 ms
2021-06-09 09:33:34,162 [Listener at 127.0.0.1/10928] INFO  server.RaftServer$Division (ServerState.java:close(405)) - 3c147370-49f5-478a-bcbe-e6cea6e4d9ae@group-DC9D01F80266: closes. applyIndex: 0
2021-06-09 09:33:34,162 [697bcd3f-2547-41de-8cec-7c932316130e@group-5894FE760DEC-StateMachineUpdater] INFO  impl.StateMachineUpdater (StateMachineUpdater.java:takeSnapshot(281)) - 697bcd3f-2547-41de-8cec-7c932316130e@group-5894FE760DEC-StateMachineUpdater: Took a snapshot at index 0
2021-06-09 09:33:34,162 [697bcd3f-2547-41de-8cec-7c932316130e@group-5894FE760DEC-StateMachineUpdater] INFO  impl.StateMachineUpdater (StateMachineUpdater.java:lambda$new$0(89)) - 697bcd3f-2547-41de-8cec-7c932316130e@group-5894FE760DEC-StateMachineUpdater: snapshotIndex: updateIncreasingly -1 -> 0
2021-06-09 09:33:34,162 [697bcd3f-2547-41de-8cec-7c932316130e@group-5894FE760DEC-StateMachineUpdater] INFO  metrics.RatisMetrics (RatisMetrics.java:unregister(43)) - Unregistering Metrics Registry : ratis.state_machine.697bcd3f-2547-41de-8cec-7c932316130e@group-5894FE760DEC
2021-06-09 09:33:34,162 [ForkJoinPool.commonPool-worker-1] INFO  server.RaftServer$Division (ServerState.java:close(405)) - 697bcd3f-2547-41de-8cec-7c932316130e@group-5894FE760DEC: closes. applyIndex: 0
2021-06-09 09:33:34,162 [3c147370-49f5-478a-bcbe-e6cea6e4d9ae@group-DC9D01F80266-SegmentedRaftLogWorker] INFO  segmented.SegmentedRaftLogWorker (SegmentedRaftLogWorker.java:run(327)) - 3c147370-49f5-478a-bcbe-e6cea6e4d9ae@group-DC9D01F80266-SegmentedRaftLogWorker was interrupted, exiting. There are 0 tasks remaining in the queue.
2021-06-09 09:33:34,163 [697bcd3f-2547-41de-8cec-7c932316130e@group-5894FE760DEC-SegmentedRaftLogWorker] INFO  segmented.SegmentedRaftLogWorker (SegmentedRaftLogWorker.java:run(327)) - 697bcd3f-2547-41de-8cec-7c932316130e@group-5894FE760DEC-SegmentedRaftLogWorker was interrupted, exiting. There are 0 tasks remaining in the queue.
2021-06-09 09:33:34,163 [Listener at 127.0.0.1/10928] INFO  segmented.SegmentedRaftLogWorker (SegmentedRaftLogWorker.java:close(237)) - 3c147370-49f5-478a-bcbe-e6cea6e4d9ae@group-DC9D01F80266-SegmentedRaftLogWorker close()
2021-06-09 09:33:34,163 [ForkJoinPool.commonPool-worker-1] INFO  segmented.SegmentedRaftLogWorker (SegmentedRaftLogWorker.java:close(237)) - 697bcd3f-2547-41de-8cec-7c932316130e@group-5894FE760DEC-SegmentedRaftLogWorker close()
2021-06-09 09:33:34,164 [ForkJoinPool.commonPool-worker-1] INFO  metrics.RatisMetrics (RatisMetrics.java:unregister(43)) - Unregistering Metrics Registry : ratis.log_worker.697bcd3f-2547-41de-8cec-7c932316130e@group-5894FE760DEC
2021-06-09 09:33:34,164 [Listener at 127.0.0.1/10928] INFO  metrics.RatisMetrics (RatisMetrics.java:unregister(43)) - Unregistering Metrics Registry : ratis.log_worker.3c147370-49f5-478a-bcbe-e6cea6e4d9ae@group-DC9D01F80266
2021-06-09 09:33:34,164 [Listener at 127.0.0.1/10928] INFO  metrics.RatisMetrics (RatisMetrics.java:unregister(43)) - Unregistering Metrics Registry : ratis.leader_election.3c147370-49f5-478a-bcbe-e6cea6e4d9ae@group-DC9D01F80266
2021-06-09 09:33:34,164 [Listener at 127.0.0.1/10928] INFO  metrics.RatisMetrics (RatisMetrics.java:unregister(43)) - Unregistering Metrics Registry : ratis.server.3c147370-49f5-478a-bcbe-e6cea6e4d9ae@group-DC9D01F80266
2021-06-09 09:33:34,164 [Listener at 127.0.0.1/10928] INFO  server.RaftServer$Division (RaftServerImpl.java:lambda$close$4(406)) - 3c147370-49f5-478a-bcbe-e6cea6e4d9ae@group-E67A7EEADB27: shutdown
2021-06-09 09:33:34,164 [Listener at 127.0.0.1/10928] INFO  util.JmxRegister (JmxRegister.java:unregister(73)) - Successfully un-registered JMX Bean with object name Ratis:service=RaftServer,group=group-E67A7EEADB27,id=3c147370-49f5-478a-bcbe-e6cea6e4d9ae
2021-06-09 09:33:34,165 [Listener at 127.0.0.1/10928] INFO  impl.RoleInfo (RoleInfo.java:shutdownLeaderState(91)) - 3c147370-49f5-478a-bcbe-e6cea6e4d9ae: shutdown 3c147370-49f5-478a-bcbe-e6cea6e4d9ae@group-E67A7EEADB27-LeaderStateImpl
2021-06-09 09:33:34,165 [Listener at 127.0.0.1/10928] INFO  impl.PendingRequests (PendingRequests.java:sendNotLeaderResponses(249)) - 3c147370-49f5-478a-bcbe-e6cea6e4d9ae@group-E67A7EEADB27-PendingRequests: sendNotLeaderResponses
2021-06-09 09:33:34,165 [Listener at 127.0.0.1/10928] INFO  metrics.RatisMetrics (RatisMetrics.java:unregister(43)) - Unregistering Metrics Registry : ratis.log_appender.3c147370-49f5-478a-bcbe-e6cea6e4d9ae@group-E67A7EEADB27
2021-06-09 09:33:34,165 [Listener at 127.0.0.1/10928] INFO  metrics.RatisMetrics (RatisMetrics.java:unregister(43)) - Unregistering Metrics Registry : ratis.server.3c147370-49f5-478a-bcbe-e6cea6e4d9ae@group-E67A7EEADB27
2021-06-09 09:33:34,165 [Listener at 127.0.0.1/10928] INFO  impl.StateMachineUpdater (StateMachineUpdater.java:stopAndJoin(149)) - 3c147370-49f5-478a-bcbe-e6cea6e4d9ae@group-E67A7EEADB27-StateMachineUpdater: set stopIndex = 0
2021-06-09 09:33:34,164 [ForkJoinPool.commonPool-worker-1] INFO  metrics.RatisMetrics (RatisMetrics.java:unregister(43)) - Unregistering Metrics Registry : ratis.leader_election.697bcd3f-2547-41de-8cec-7c932316130e@group-5894FE760DEC
2021-06-09 09:33:34,166 [ForkJoinPool.commonPool-worker-1] INFO  metrics.RatisMetrics (RatisMetrics.java:unregister(43)) - Unregistering Metrics Registry : ratis.server.697bcd3f-2547-41de-8cec-7c932316130e@group-5894FE760DEC
2021-06-09 09:33:34,166 [ForkJoinPool.commonPool-worker-1] INFO  server.RaftServer$Division (RaftServerImpl.java:lambda$close$4(406)) - 697bcd3f-2547-41de-8cec-7c932316130e@group-6416CF2B93B2: shutdown
2021-06-09 09:33:34,166 [ForkJoinPool.commonPool-worker-1] INFO  util.JmxRegister (JmxRegister.java:unregister(73)) - Successfully un-registered JMX Bean with object name Ratis:service=RaftServer,group=group-6416CF2B93B2,id=697bcd3f-2547-41de-8cec-7c932316130e
2021-06-09 09:33:34,166 [ForkJoinPool.commonPool-worker-1] INFO  impl.RoleInfo (RoleInfo.java:shutdownLeaderState(91)) - 697bcd3f-2547-41de-8cec-7c932316130e: shutdown 697bcd3f-2547-41de-8cec-7c932316130e@group-6416CF2B93B2-LeaderStateImpl
2021-06-09 09:33:34,165 [3c147370-49f5-478a-bcbe-e6cea6e4d9ae@group-E67A7EEADB27-StateMachineUpdater] INFO  ratis.ContainerStateMachine (ContainerStateMachine.java:takeSnapshot(292)) - group-E67A7EEADB27: Taking a snapshot at:(t:1, i:0) file /home/runner/work/ozone/ozone/mnt/ozone/hadoop-ozone/integration-test/target/test-dir/MiniOzoneClusterImpl-43f0ca0c-372e-4c55-aedd-c9e251b369b0/datanode-1/data/ratis/ac0681c3-a1cb-42d7-aeb6-e67a7eeadb27/sm/snapshot.1_0
2021-06-09 09:33:34,166 [ForkJoinPool.commonPool-worker-1] INFO  impl.PendingRequests (PendingRequests.java:sendNotLeaderResponses(249)) - 697bcd3f-2547-41de-8cec-7c932316130e@group-6416CF2B93B2-PendingRequests: sendNotLeaderResponses
2021-06-09 09:33:34,166 [ForkJoinPool.commonPool-worker-1] INFO  metrics.RatisMetrics (RatisMetrics.java:unregister(43)) - Unregistering Metrics Registry : ratis.log_appender.697bcd3f-2547-41de-8cec-7c932316130e@group-6416CF2B93B2
2021-06-09 09:33:34,167 [ForkJoinPool.commonPool-worker-1] INFO  metrics.RatisMetrics (RatisMetrics.java:unregister(43)) - Unregistering Metrics Registry : ratis.server.697bcd3f-2547-41de-8cec-7c932316130e@group-6416CF2B93B2
2021-06-09 09:33:34,167 [3c147370-49f5-478a-bcbe-e6cea6e4d9ae@group-E67A7EEADB27-StateMachineUpdater] INFO  ratis.ContainerStateMachine (ContainerStateMachine.java:takeSnapshot(303)) - group-E67A7EEADB27: Finished taking a snapshot at:(t:1, i:0) file:/home/runner/work/ozone/ozone/mnt/ozone/hadoop-ozone/integration-test/target/test-dir/MiniOzoneClusterImpl-43f0ca0c-372e-4c55-aedd-c9e251b369b0/datanode-1/data/ratis/ac0681c3-a1cb-42d7-aeb6-e67a7eeadb27/sm/snapshot.1_0 took: 1 ms
2021-06-09 09:33:34,167 [3c147370-49f5-478a-bcbe-e6cea6e4d9ae@group-E67A7EEADB27-StateMachineUpdater] INFO  impl.StateMachineUpdater (StateMachineUpdater.java:takeSnapshot(281)) - 3c147370-49f5-478a-bcbe-e6cea6e4d9ae@group-E67A7EEADB27-StateMachineUpdater: Took a snapshot at index 0
2021-06-09 09:33:34,167 [3c147370-49f5-478a-bcbe-e6cea6e4d9ae@group-E67A7EEADB27-StateMachineUpdater] INFO  impl.StateMachineUpdater (StateMachineUpdater.java:lambda$new$0(89)) - 3c147370-49f5-478a-bcbe-e6cea6e4d9ae@group-E67A7EEADB27-StateMachineUpdater: snapshotIndex: updateIncreasingly -1 -> 0
2021-06-09 09:33:34,167 [3c147370-49f5-478a-bcbe-e6cea6e4d9ae@group-E67A7EEADB27-StateMachineUpdater] INFO  metrics.RatisMetrics (RatisMetrics.java:unregister(43)) - Unregistering Metrics Registry : ratis.state_machine.3c147370-49f5-478a-bcbe-e6cea6e4d9ae@group-E67A7EEADB27
2021-06-09 09:33:34,167 [Listener at 127.0.0.1/10928] INFO  server.RaftServer$Division (ServerState.java:close(405)) - 3c147370-49f5-478a-bcbe-e6cea6e4d9ae@group-E67A7EEADB27: closes. applyIndex: 0
2021-06-09 09:33:34,167 [697bcd3f-2547-41de-8cec-7c932316130e@group-6416CF2B93B2-StateMachineUpdater] INFO  ratis.ContainerStateMachine (ContainerStateMachine.java:takeSnapshot(292)) - group-6416CF2B93B2: Taking a snapshot at:(t:1, i:0) file /home/runner/work/ozone/ozone/mnt/ozone/hadoop-ozone/integration-test/target/test-dir/MiniOzoneClusterImpl-43f0ca0c-372e-4c55-aedd-c9e251b369b0/datanode-0/data/ratis/ab495932-067f-4ead-8cc9-6416cf2b93b2/sm/snapshot.1_0
2021-06-09 09:33:34,168 [3c147370-49f5-478a-bcbe-e6cea6e4d9ae@group-E67A7EEADB27-SegmentedRaftLogWorker] INFO  segmented.SegmentedRaftLogWorker (SegmentedRaftLogWorker.java:run(327)) - 3c147370-49f5-478a-bcbe-e6cea6e4d9ae@group-E67A7EEADB27-SegmentedRaftLogWorker was interrupted, exiting. There are 0 tasks remaining in the queue.
2021-06-09 09:33:34,167 [ForkJoinPool.commonPool-worker-1] INFO  impl.StateMachineUpdater (StateMachineUpdater.java:stopAndJoin(149)) - 697bcd3f-2547-41de-8cec-7c932316130e@group-6416CF2B93B2-StateMachineUpdater: set stopIndex = 0
2021-06-09 09:33:34,169 [697bcd3f-2547-41de-8cec-7c932316130e@group-6416CF2B93B2-StateMachineUpdater] INFO  ratis.ContainerStateMachine (ContainerStateMachine.java:takeSnapshot(303)) - group-6416CF2B93B2: Finished taking a snapshot at:(t:1, i:0) file:/home/runner/work/ozone/ozone/mnt/ozone/hadoop-ozone/integration-test/target/test-dir/MiniOzoneClusterImpl-43f0ca0c-372e-4c55-aedd-c9e251b369b0/datanode-0/data/ratis/ab495932-067f-4ead-8cc9-6416cf2b93b2/sm/snapshot.1_0 took: 1 ms
2021-06-09 09:33:34,169 [Listener at 127.0.0.1/10928] INFO  segmented.SegmentedRaftLogWorker (SegmentedRaftLogWorker.java:close(237)) - 3c147370-49f5-478a-bcbe-e6cea6e4d9ae@group-E67A7EEADB27-SegmentedRaftLogWorker close()
2021-06-09 09:33:34,169 [697bcd3f-2547-41de-8cec-7c932316130e@group-6416CF2B93B2-StateMachineUpdater] INFO  impl.StateMachineUpdater (StateMachineUpdater.java:takeSnapshot(281)) - 697bcd3f-2547-41de-8cec-7c932316130e@group-6416CF2B93B2-StateMachineUpdater: Took a snapshot at index 0
2021-06-09 09:33:34,169 [697bcd3f-2547-41de-8cec-7c932316130e@group-6416CF2B93B2-StateMachineUpdater] INFO  impl.StateMachineUpdater (StateMachineUpdater.java:lambda$new$0(89)) - 697bcd3f-2547-41de-8cec-7c932316130e@group-6416CF2B93B2-StateMachineUpdater: snapshotIndex: updateIncreasingly -1 -> 0
2021-06-09 09:33:34,170 [697bcd3f-2547-41de-8cec-7c932316130e@group-6416CF2B93B2-StateMachineUpdater] INFO  metrics.RatisMetrics (RatisMetrics.java:unregister(43)) - Unregistering Metrics Registry : ratis.state_machine.697bcd3f-2547-41de-8cec-7c932316130e@group-6416CF2B93B2
2021-06-09 09:33:34,170 [ForkJoinPool.commonPool-worker-1] INFO  server.RaftServer$Division (ServerState.java:close(405)) - 697bcd3f-2547-41de-8cec-7c932316130e@group-6416CF2B93B2: closes. applyIndex: 0
2021-06-09 09:33:34,170 [697bcd3f-2547-41de-8cec-7c932316130e@group-6416CF2B93B2-SegmentedRaftLogWorker] INFO  segmented.SegmentedRaftLogWorker (SegmentedRaftLogWorker.java:run(327)) - 697bcd3f-2547-41de-8cec-7c932316130e@group-6416CF2B93B2-SegmentedRaftLogWorker was interrupted, exiting. There are 0 tasks remaining in the queue.
2021-06-09 09:33:34,170 [Listener at 127.0.0.1/10928] INFO  metrics.RatisMetrics (RatisMetrics.java:unregister(43)) - Unregistering Metrics Registry : ratis.log_worker.3c147370-49f5-478a-bcbe-e6cea6e4d9ae@group-E67A7EEADB27
2021-06-09 09:33:34,170 [Listener at 127.0.0.1/10928] INFO  metrics.RatisMetrics (RatisMetrics.java:unregister(43)) - Unregistering Metrics Registry : ratis.leader_election.3c147370-49f5-478a-bcbe-e6cea6e4d9ae@group-E67A7EEADB27
2021-06-09 09:33:34,170 [Listener at 127.0.0.1/10928] INFO  metrics.RatisMetrics (RatisMetrics.java:unregister(43)) - Unregistering Metrics Registry : ratis.server.3c147370-49f5-478a-bcbe-e6cea6e4d9ae@group-E67A7EEADB27
2021-06-09 09:33:34,171 [Listener at 127.0.0.1/10928] INFO  server.RaftServer$Division (RaftServerImpl.java:lambda$close$4(406)) - 3c147370-49f5-478a-bcbe-e6cea6e4d9ae@group-5894FE760DEC: shutdown
2021-06-09 09:33:34,171 [Listener at 127.0.0.1/10928] INFO  util.JmxRegister (JmxRegister.java:unregister(73)) - Successfully un-registered JMX Bean with object name Ratis:service=RaftServer,group=group-5894FE760DEC,id=3c147370-49f5-478a-bcbe-e6cea6e4d9ae
2021-06-09 09:33:34,171 [Listener at 127.0.0.1/10928] INFO  impl.RoleInfo (RoleInfo.java:shutdownFollowerState(108)) - 3c147370-49f5-478a-bcbe-e6cea6e4d9ae: shutdown 3c147370-49f5-478a-bcbe-e6cea6e4d9ae@group-5894FE760DEC-FollowerState
2021-06-09 09:33:34,171 [3c147370-49f5-478a-bcbe-e6cea6e4d9ae@group-5894FE760DEC-FollowerState] INFO  impl.FollowerState (FollowerState.java:run(143)) - 3c147370-49f5-478a-bcbe-e6cea6e4d9ae@group-5894FE760DEC-FollowerState was interrupted: {}
java.lang.InterruptedException: sleep interrupted
	at java.lang.Thread.sleep(Native Method)
	at java.lang.Thread.sleep(Thread.java:340)
	at java.util.concurrent.TimeUnit.sleep(TimeUnit.java:386)
	at org.apache.ratis.util.TimeDuration.sleep(TimeDuration.java:324)
	at org.apache.ratis.util.TimeDuration.sleep(TimeDuration.java:309)
	at org.apache.ratis.server.impl.FollowerState.run(FollowerState.java:118)
2021-06-09 09:33:34,171 [Listener at 127.0.0.1/10928] INFO  impl.StateMachineUpdater (StateMachineUpdater.java:stopAndJoin(149)) - 3c147370-49f5-478a-bcbe-e6cea6e4d9ae@group-5894FE760DEC-StateMachineUpdater: set stopIndex = 0
2021-06-09 09:33:34,171 [3c147370-49f5-478a-bcbe-e6cea6e4d9ae@group-5894FE760DEC-StateMachineUpdater] INFO  ratis.ContainerStateMachine (ContainerStateMachine.java:takeSnapshot(292)) - group-5894FE760DEC: Taking a snapshot at:(t:5, i:0) file /home/runner/work/ozone/ozone/mnt/ozone/hadoop-ozone/integration-test/target/test-dir/MiniOzoneClusterImpl-43f0ca0c-372e-4c55-aedd-c9e251b369b0/datanode-1/data/ratis/01afcea1-9cbf-4cb9-976c-5894fe760dec/sm/snapshot.5_0
2021-06-09 09:33:34,172 [ForkJoinPool.commonPool-worker-1] INFO  segmented.SegmentedRaftLogWorker (SegmentedRaftLogWorker.java:close(237)) - 697bcd3f-2547-41de-8cec-7c932316130e@group-6416CF2B93B2-SegmentedRaftLogWorker close()
2021-06-09 09:33:34,173 [3c147370-49f5-478a-bcbe-e6cea6e4d9ae@group-5894FE760DEC-StateMachineUpdater] INFO  ratis.ContainerStateMachine (ContainerStateMachine.java:takeSnapshot(303)) - group-5894FE760DEC: Finished taking a snapshot at:(t:5, i:0) file:/home/runner/work/ozone/ozone/mnt/ozone/hadoop-ozone/integration-test/target/test-dir/MiniOzoneClusterImpl-43f0ca0c-372e-4c55-aedd-c9e251b369b0/datanode-1/data/ratis/01afcea1-9cbf-4cb9-976c-5894fe760dec/sm/snapshot.5_0 took: 1 ms
2021-06-09 09:33:34,173 [3c147370-49f5-478a-bcbe-e6cea6e4d9ae@group-5894FE760DEC-StateMachineUpdater] INFO  impl.StateMachineUpdater (StateMachineUpdater.java:takeSnapshot(281)) - 3c147370-49f5-478a-bcbe-e6cea6e4d9ae@group-5894FE760DEC-StateMachineUpdater: Took a snapshot at index 0
2021-06-09 09:33:34,173 [3c147370-49f5-478a-bcbe-e6cea6e4d9ae@group-5894FE760DEC-StateMachineUpdater] INFO  impl.StateMachineUpdater (StateMachineUpdater.java:lambda$new$0(89)) - 3c147370-49f5-478a-bcbe-e6cea6e4d9ae@group-5894FE760DEC-StateMachineUpdater: snapshotIndex: updateIncreasingly -1 -> 0
2021-06-09 09:33:34,173 [3c147370-49f5-478a-bcbe-e6cea6e4d9ae@group-5894FE760DEC-StateMachineUpdater] INFO  metrics.RatisMetrics (RatisMetrics.java:unregister(43)) - Unregistering Metrics Registry : ratis.state_machine.3c147370-49f5-478a-bcbe-e6cea6e4d9ae@group-5894FE760DEC
2021-06-09 09:33:34,173 [ForkJoinPool.commonPool-worker-1] INFO  metrics.RatisMetrics (RatisMetrics.java:unregister(43)) - Unregistering Metrics Registry : ratis.log_worker.697bcd3f-2547-41de-8cec-7c932316130e@group-6416CF2B93B2
2021-06-09 09:33:34,173 [ForkJoinPool.commonPool-worker-1] INFO  metrics.RatisMetrics (RatisMetrics.java:unregister(43)) - Unregistering Metrics Registry : ratis.leader_election.697bcd3f-2547-41de-8cec-7c932316130e@group-6416CF2B93B2
2021-06-09 09:33:34,174 [ForkJoinPool.commonPool-worker-1] INFO  metrics.RatisMetrics (RatisMetrics.java:unregister(43)) - Unregistering Metrics Registry : ratis.server.697bcd3f-2547-41de-8cec-7c932316130e@group-6416CF2B93B2
2021-06-09 09:33:34,174 [ForkJoinPool.commonPool-worker-1] INFO  server.GrpcService (GrpcService.java:closeImpl(262)) - 697bcd3f-2547-41de-8cec-7c932316130e: shutdown server with port 39889 now
2021-06-09 09:33:34,179 [grpc-default-executor-2] WARN  server.GrpcServerProtocolService (LogUtils.java:warn(122)) - 697bcd3f-2547-41de-8cec-7c932316130e: installSnapshot onError, lastRequest: cc259bf8-a2eb-4525-8fb1-f4b47156f121->697bcd3f-2547-41de-8cec-7c932316130e#1-t5,previous=(t:0, i:0),leaderCommit=-1,initializing? true,entries: size=1, first=(t:5, i:0), CONFIGURATIONENTRY: org.apache.ratis.thirdparty.io.grpc.StatusRuntimeException: CANCELLED: client cancelled
2021-06-09 09:33:34,180 [Listener at 127.0.0.1/10928] INFO  server.RaftServer$Division (ServerState.java:close(405)) - 3c147370-49f5-478a-bcbe-e6cea6e4d9ae@group-5894FE760DEC: closes. applyIndex: 0
2021-06-09 09:33:34,181 [3c147370-49f5-478a-bcbe-e6cea6e4d9ae@group-5894FE760DEC-SegmentedRaftLogWorker] INFO  segmented.SegmentedRaftLogWorker (SegmentedRaftLogWorker.java:run(327)) - 3c147370-49f5-478a-bcbe-e6cea6e4d9ae@group-5894FE760DEC-SegmentedRaftLogWorker was interrupted, exiting. There are 0 tasks remaining in the queue.
2021-06-09 09:33:34,184 [grpc-default-executor-2] WARN  server.GrpcLogAppender (LogUtils.java:warn(122)) - cc259bf8-a2eb-4525-8fb1-f4b47156f121@group-5894FE760DEC->697bcd3f-2547-41de-8cec-7c932316130e-AppendLogResponseHandler: Failed appendEntries: org.apache.ratis.thirdparty.io.grpc.StatusRuntimeException: CANCELLED: HTTP/2 error code: CANCEL
Received Rst Stream
2021-06-09 09:33:34,184 [grpc-default-executor-2] WARN  server.GrpcLogAppender (GrpcLogAppender.java:resetClient(111)) - cc259bf8-a2eb-4525-8fb1-f4b47156f121@group-5894FE760DEC->697bcd3f-2547-41de-8cec-7c932316130e-GrpcLogAppender: Leader has not got in touch with Follower cc259bf8-a2eb-4525-8fb1-f4b47156f121@group-5894FE760DEC->697bcd3f-2547-41de-8cec-7c932316130e(c0,m0,n1, attendVote=true, lastRpcSendTime=178, lastRpcResponseTime=176) yet, just keep nextIndex unchanged and retry.
2021-06-09 09:33:34,195 [ForkJoinPool.commonPool-worker-1] INFO  server.GrpcService (GrpcService.java:closeImpl(271)) - 697bcd3f-2547-41de-8cec-7c932316130e: shutdown server with port 39889 successfully
2021-06-09 09:33:34,195 [org.apache.ratis.util.JvmPauseMonitor$$Lambda$493/731610911@4313279e] INFO  util.JvmPauseMonitor (JvmPauseMonitor.java:run(109)) - JvmPauseMonitor-697bcd3f-2547-41de-8cec-7c932316130e: Stopped
2021-06-09 09:33:34,195 [Listener at 127.0.0.1/10928] INFO  segmented.SegmentedRaftLogWorker (SegmentedRaftLogWorker.java:close(237)) - 3c147370-49f5-478a-bcbe-e6cea6e4d9ae@group-5894FE760DEC-SegmentedRaftLogWorker close()
2021-06-09 09:33:34,207 [Listener at 127.0.0.1/10928] INFO  metrics.RatisMetrics (RatisMetrics.java:unregister(43)) - Unregistering Metrics Registry : ratis.log_worker.3c147370-49f5-478a-bcbe-e6cea6e4d9ae@group-5894FE760DEC
2021-06-09 09:33:34,207 [Listener at 127.0.0.1/10928] INFO  metrics.RatisMetrics (RatisMetrics.java:unregister(43)) - Unregistering Metrics Registry : ratis.leader_election.3c147370-49f5-478a-bcbe-e6cea6e4d9ae@group-5894FE760DEC
2021-06-09 09:33:34,207 [Listener at 127.0.0.1/10928] INFO  metrics.RatisMetrics (RatisMetrics.java:unregister(43)) - Unregistering Metrics Registry : ratis.server.3c147370-49f5-478a-bcbe-e6cea6e4d9ae@group-5894FE760DEC
2021-06-09 09:33:34,207 [Listener at 127.0.0.1/10928] INFO  server.GrpcService (GrpcService.java:closeImpl(262)) - 3c147370-49f5-478a-bcbe-e6cea6e4d9ae: shutdown server with port 40749 now
2021-06-09 09:33:34,212 [ForkJoinPool.commonPool-worker-1] INFO  utils.BackgroundService (BackgroundService.java:shutdown(132)) - Shutting down service BlockDeletingService
2021-06-09 09:33:34,213 [grpc-default-executor-5] WARN  server.GrpcServerProtocolService (LogUtils.java:warn(122)) - 3c147370-49f5-478a-bcbe-e6cea6e4d9ae: installSnapshot onError, lastRequest: cc259bf8-a2eb-4525-8fb1-f4b47156f121->3c147370-49f5-478a-bcbe-e6cea6e4d9ae#1-t5,previous=(t:0, i:0),leaderCommit=0,initializing? true,entries: size=1, first=(t:5, i:0), CONFIGURATIONENTRY: org.apache.ratis.thirdparty.io.grpc.StatusRuntimeException: CANCELLED: client cancelled
2021-06-09 09:33:34,213 [grpc-default-executor-3] WARN  server.GrpcLogAppender (LogUtils.java:warn(122)) - cc259bf8-a2eb-4525-8fb1-f4b47156f121@group-5894FE760DEC->3c147370-49f5-478a-bcbe-e6cea6e4d9ae-AppendLogResponseHandler: Failed appendEntries: org.apache.ratis.thirdparty.io.grpc.StatusRuntimeException: CANCELLED: HTTP/2 error code: CANCEL
Received Rst Stream
2021-06-09 09:33:34,214 [grpc-default-executor-3] WARN  server.GrpcLogAppender (GrpcLogAppender.java:resetClient(111)) - cc259bf8-a2eb-4525-8fb1-f4b47156f121@group-5894FE760DEC->3c147370-49f5-478a-bcbe-e6cea6e4d9ae-GrpcLogAppender: Leader has not got in touch with Follower cc259bf8-a2eb-4525-8fb1-f4b47156f121@group-5894FE760DEC->3c147370-49f5-478a-bcbe-e6cea6e4d9ae(c0,m0,n1, attendVote=true, lastRpcSendTime=220, lastRpcResponseTime=219) yet, just keep nextIndex unchanged and retry.
2021-06-09 09:33:34,217 [ForkJoinPool.commonPool-worker-1] INFO  statemachine.DatanodeStateMachine (DatanodeStateMachine.java:stopDaemon(486)) - Ozone container server stopped.
2021-06-09 09:33:34,226 [Listener at 127.0.0.1/10928] INFO  server.GrpcService (GrpcService.java:closeImpl(271)) - 3c147370-49f5-478a-bcbe-e6cea6e4d9ae: shutdown server with port 40749 successfully
2021-06-09 09:33:34,227 [org.apache.ratis.util.JvmPauseMonitor$$Lambda$493/731610911@44d1ef01] INFO  util.JvmPauseMonitor (JvmPauseMonitor.java:run(109)) - JvmPauseMonitor-3c147370-49f5-478a-bcbe-e6cea6e4d9ae: Stopped
2021-06-09 09:33:34,239 [ForkJoinPool.commonPool-worker-1] INFO  handler.ContextHandler (ContextHandler.java:doStop(1154)) - Stopped o.e.j.w.WebAppContext@232e1f66{hddsDatanode,/,null,STOPPED}{jar:file:/home/runner/.m2/repository/org/apache/ozone/hdds-container-service/1.2.0-SNAPSHOT/hdds-container-service-1.2.0-SNAPSHOT.jar!/webapps/hddsDatanode}
2021-06-09 09:33:34,247 [Listener at 127.0.0.1/10928] INFO  utils.BackgroundService (BackgroundService.java:shutdown(132)) - Shutting down service BlockDeletingService
2021-06-09 09:33:34,248 [ForkJoinPool.commonPool-worker-1] INFO  server.AbstractConnector (AbstractConnector.java:doStop(381)) - Stopped ServerConnector@5c2fb167{HTTP/1.1, (http/1.1)}{0.0.0.0:0}
2021-06-09 09:33:34,279 [ForkJoinPool.commonPool-worker-1] INFO  server.session (HouseKeeper.java:stopScavenging(149)) - node0 Stopped scavenging
2021-06-09 09:33:34,307 [ForkJoinPool.commonPool-worker-1] INFO  handler.ContextHandler (ContextHandler.java:doStop(1154)) - Stopped o.e.j.s.ServletContextHandler@79052209{static,/static,jar:file:/home/runner/.m2/repository/org/apache/ozone/hdds-container-service/1.2.0-SNAPSHOT/hdds-container-service-1.2.0-SNAPSHOT.jar!/webapps/static,STOPPED}
2021-06-09 09:33:34,307 [EndpointStateMachine task thread for /127.0.0.1:14325 - 0 ] INFO  ipc.Client (Client.java:handleConnectionFailure(966)) - Retrying connect to server: localhost/127.0.0.1:14325. Already tried 6 time(s); retry policy is RetryUpToMaximumCountWithFixedSleep(maxRetries=15, sleepTime=1000 MILLISECONDS)
2021-06-09 09:33:34,321 [Listener at 127.0.0.1/10928] INFO  statemachine.DatanodeStateMachine (DatanodeStateMachine.java:stopDaemon(486)) - Ozone container server stopped.
2021-06-09 09:33:34,322 [Listener at 127.0.0.1/10928] INFO  handler.ContextHandler (ContextHandler.java:doStop(1154)) - Stopped o.e.j.w.WebAppContext@482ecb95{hddsDatanode,/,null,STOPPED}{jar:file:/home/runner/.m2/repository/org/apache/ozone/hdds-container-service/1.2.0-SNAPSHOT/hdds-container-service-1.2.0-SNAPSHOT.jar!/webapps/hddsDatanode}
2021-06-09 09:33:34,323 [Listener at 127.0.0.1/10928] INFO  server.AbstractConnector (AbstractConnector.java:doStop(381)) - Stopped ServerConnector@10e4bfa5{HTTP/1.1, (http/1.1)}{0.0.0.0:0}
2021-06-09 09:33:34,322 [ForkJoinPool.commonPool-worker-1] INFO  handler.ContextHandler (ContextHandler.java:doStop(1154)) - Stopped o.e.j.s.ServletContextHandler@20ecbeda{logs,/logs,file:///home/runner/work/ozone/ozone/mnt/ozone/hadoop-ozone/integration-test/target/log,STOPPED}
2021-06-09 09:33:34,327 [Listener at 127.0.0.1/10928] INFO  server.session (HouseKeeper.java:stopScavenging(149)) - node0 Stopped scavenging
2021-06-09 09:33:34,328 [Listener at 127.0.0.1/10928] INFO  handler.ContextHandler (ContextHandler.java:doStop(1154)) - Stopped o.e.j.s.ServletContextHandler@8937f62{static,/static,jar:file:/home/runner/.m2/repository/org/apache/ozone/hdds-container-service/1.2.0-SNAPSHOT/hdds-container-service-1.2.0-SNAPSHOT.jar!/webapps/static,STOPPED}
2021-06-09 09:33:34,328 [Listener at 127.0.0.1/10928] INFO  handler.ContextHandler (ContextHandler.java:doStop(1154)) - Stopped o.e.j.s.ServletContextHandler@6de06606{logs,/logs,file:///home/runner/work/ozone/ozone/mnt/ozone/hadoop-ozone/integration-test/target/log,STOPPED}
2021-06-09 09:33:34,414 [Datanode State Machine Thread - 0] WARN  statemachine.StateContext (StateContext.java:setState(246)) - Ignore disallowed transition from SHUTDOWN to RUNNING
2021-06-09 09:33:34,414 [Datanode State Machine Thread - 0] INFO  statemachine.DatanodeStateMachine (DatanodeStateMachine.java:lambda$startDaemon$0(428)) - Ozone container server started.
2021-06-09 09:33:34,417 [EndpointStateMachine task thread for /127.0.0.1:14345 - 0 ] INFO  ipc.Client (Client.java:handleConnectionFailure(966)) - Retrying connect to server: localhost/127.0.0.1:14345. Already tried 3 time(s); retry policy is RetryUpToMaximumCountWithFixedSleep(maxRetries=15, sleepTime=1000 MILLISECONDS)
2021-06-09 09:33:34,417 [EndpointStateMachine task thread for /127.0.0.1:14335 - 0 ] INFO  ipc.Client (Client.java:handleConnectionFailure(966)) - Retrying connect to server: localhost/127.0.0.1:14335. Already tried 3 time(s); retry policy is RetryUpToMaximumCountWithFixedSleep(maxRetries=15, sleepTime=1000 MILLISECONDS)
2021-06-09 09:33:35,307 [EndpointStateMachine task thread for /127.0.0.1:14325 - 0 ] INFO  ipc.Client (Client.java:handleConnectionFailure(966)) - Retrying connect to server: localhost/127.0.0.1:14325. Already tried 7 time(s); retry policy is RetryUpToMaximumCountWithFixedSleep(maxRetries=15, sleepTime=1000 MILLISECONDS)
2021-06-09 09:33:35,417 [EndpointStateMachine task thread for /127.0.0.1:14345 - 0 ] INFO  ipc.Client (Client.java:handleConnectionFailure(966)) - Retrying connect to server: localhost/127.0.0.1:14345. Already tried 4 time(s); retry policy is RetryUpToMaximumCountWithFixedSleep(maxRetries=15, sleepTime=1000 MILLISECONDS)
2021-06-09 09:33:35,418 [EndpointStateMachine task thread for /127.0.0.1:14335 - 0 ] INFO  ipc.Client (Client.java:handleConnectionFailure(966)) - Retrying connect to server: localhost/127.0.0.1:14335. Already tried 4 time(s); retry policy is RetryUpToMaximumCountWithFixedSleep(maxRetries=15, sleepTime=1000 MILLISECONDS)
2021-06-09 09:33:36,320 [EndpointStateMachine task thread for /127.0.0.1:14325 - 0 ] INFO  ipc.Client (Client.java:handleConnectionFailure(966)) - Retrying connect to server: localhost/127.0.0.1:14325. Already tried 8 time(s); retry policy is RetryUpToMaximumCountWithFixedSleep(maxRetries=15, sleepTime=1000 MILLISECONDS)
2021-06-09 09:33:36,418 [EndpointStateMachine task thread for /127.0.0.1:14345 - 0 ] INFO  ipc.Client (Client.java:handleConnectionFailure(966)) - Retrying connect to server: localhost/127.0.0.1:14345. Already tried 5 time(s); retry policy is RetryUpToMaximumCountWithFixedSleep(maxRetries=15, sleepTime=1000 MILLISECONDS)
2021-06-09 09:33:36,418 [EndpointStateMachine task thread for /127.0.0.1:14335 - 0 ] INFO  ipc.Client (Client.java:handleConnectionFailure(966)) - Retrying connect to server: localhost/127.0.0.1:14335. Already tried 5 time(s); retry policy is RetryUpToMaximumCountWithFixedSleep(maxRetries=15, sleepTime=1000 MILLISECONDS)
2021-06-09 09:33:36,510 [grpc-default-executor-5] WARN  server.GrpcLogAppender (LogUtils.java:warn(122)) - cc259bf8-a2eb-4525-8fb1-f4b47156f121@group-5894FE760DEC->3c147370-49f5-478a-bcbe-e6cea6e4d9ae-AppendLogResponseHandler: Failed appendEntries: org.apache.ratis.thirdparty.io.grpc.StatusRuntimeException: UNAVAILABLE: io exception
2021-06-09 09:33:36,510 [grpc-default-executor-5] WARN  server.GrpcLogAppender (GrpcLogAppender.java:resetClient(111)) - cc259bf8-a2eb-4525-8fb1-f4b47156f121@group-5894FE760DEC->3c147370-49f5-478a-bcbe-e6cea6e4d9ae-GrpcLogAppender: Leader has not got in touch with Follower cc259bf8-a2eb-4525-8fb1-f4b47156f121@group-5894FE760DEC->3c147370-49f5-478a-bcbe-e6cea6e4d9ae(c0,m0,n1, attendVote=true, lastRpcSendTime=0, lastRpcResponseTime=2515) yet, just keep nextIndex unchanged and retry.
2021-06-09 09:33:36,510 [grpc-default-executor-5] WARN  server.GrpcLogAppender (LogUtils.java:warn(122)) - cc259bf8-a2eb-4525-8fb1-f4b47156f121@group-5894FE760DEC->697bcd3f-2547-41de-8cec-7c932316130e-AppendLogResponseHandler: Failed appendEntries: org.apache.ratis.thirdparty.io.grpc.StatusRuntimeException: UNAVAILABLE: io exception
2021-06-09 09:33:36,511 [grpc-default-executor-5] WARN  server.GrpcLogAppender (GrpcLogAppender.java:resetClient(111)) - cc259bf8-a2eb-4525-8fb1-f4b47156f121@group-5894FE760DEC->697bcd3f-2547-41de-8cec-7c932316130e-GrpcLogAppender: Leader has not got in touch with Follower cc259bf8-a2eb-4525-8fb1-f4b47156f121@group-5894FE760DEC->697bcd3f-2547-41de-8cec-7c932316130e(c0,m0,n1, attendVote=true, lastRpcSendTime=2504, lastRpcResponseTime=2503) yet, just keep nextIndex unchanged and retry.
2021-06-09 09:33:37,320 [EndpointStateMachine task thread for /127.0.0.1:14325 - 0 ] INFO  ipc.Client (Client.java:handleConnectionFailure(966)) - Retrying connect to server: localhost/127.0.0.1:14325. Already tried 9 time(s); retry policy is RetryUpToMaximumCountWithFixedSleep(maxRetries=15, sleepTime=1000 MILLISECONDS)
2021-06-09 09:33:37,423 [EndpointStateMachine task thread for /127.0.0.1:14345 - 0 ] INFO  ipc.Client (Client.java:handleConnectionFailure(966)) - Retrying connect to server: localhost/127.0.0.1:14345. Already tried 6 time(s); retry policy is RetryUpToMaximumCountWithFixedSleep(maxRetries=15, sleepTime=1000 MILLISECONDS)
2021-06-09 09:33:37,424 [EndpointStateMachine task thread for /127.0.0.1:14335 - 0 ] INFO  ipc.Client (Client.java:handleConnectionFailure(966)) - Retrying connect to server: localhost/127.0.0.1:14335. Already tried 6 time(s); retry policy is RetryUpToMaximumCountWithFixedSleep(maxRetries=15, sleepTime=1000 MILLISECONDS)
2021-06-09 09:33:38,327 [EndpointStateMachine task thread for /127.0.0.1:14325 - 0 ] INFO  ipc.Client (Client.java:handleConnectionFailure(966)) - Retrying connect to server: localhost/127.0.0.1:14325. Already tried 10 time(s); retry policy is RetryUpToMaximumCountWithFixedSleep(maxRetries=15, sleepTime=1000 MILLISECONDS)
2021-06-09 09:33:38,424 [EndpointStateMachine task thread for /127.0.0.1:14345 - 0 ] INFO  ipc.Client (Client.java:handleConnectionFailure(966)) - Retrying connect to server: localhost/127.0.0.1:14345. Already tried 7 time(s); retry policy is RetryUpToMaximumCountWithFixedSleep(maxRetries=15, sleepTime=1000 MILLISECONDS)
2021-06-09 09:33:38,425 [EndpointStateMachine task thread for /127.0.0.1:14335 - 0 ] INFO  ipc.Client (Client.java:handleConnectionFailure(966)) - Retrying connect to server: localhost/127.0.0.1:14335. Already tried 7 time(s); retry policy is RetryUpToMaximumCountWithFixedSleep(maxRetries=15, sleepTime=1000 MILLISECONDS)
2021-06-09 09:33:39,010 [grpc-default-executor-5] WARN  server.GrpcLogAppender (LogUtils.java:warn(122)) - cc259bf8-a2eb-4525-8fb1-f4b47156f121@group-5894FE760DEC->3c147370-49f5-478a-bcbe-e6cea6e4d9ae-AppendLogResponseHandler: Failed appendEntries: org.apache.ratis.thirdparty.io.grpc.StatusRuntimeException: UNAVAILABLE: io exception
2021-06-09 09:33:39,011 [grpc-default-executor-5] WARN  server.GrpcLogAppender (GrpcLogAppender.java:resetClient(111)) - cc259bf8-a2eb-4525-8fb1-f4b47156f121@group-5894FE760DEC->3c147370-49f5-478a-bcbe-e6cea6e4d9ae-GrpcLogAppender: Leader has not got in touch with Follower cc259bf8-a2eb-4525-8fb1-f4b47156f121@group-5894FE760DEC->3c147370-49f5-478a-bcbe-e6cea6e4d9ae(c0,m0,n1, attendVote=true, lastRpcSendTime=0, lastRpcResponseTime=5016) yet, just keep nextIndex unchanged and retry.
2021-06-09 09:33:39,011 [grpc-default-executor-5] WARN  server.GrpcLogAppender (LogUtils.java:warn(122)) - cc259bf8-a2eb-4525-8fb1-f4b47156f121@group-5894FE760DEC->697bcd3f-2547-41de-8cec-7c932316130e-AppendLogResponseHandler: Failed appendEntries: org.apache.ratis.thirdparty.io.grpc.StatusRuntimeException: UNAVAILABLE: io exception
2021-06-09 09:33:39,012 [grpc-default-executor-5] WARN  server.GrpcLogAppender (GrpcLogAppender.java:resetClient(111)) - cc259bf8-a2eb-4525-8fb1-f4b47156f121@group-5894FE760DEC->697bcd3f-2547-41de-8cec-7c932316130e-GrpcLogAppender: Leader has not got in touch with Follower cc259bf8-a2eb-4525-8fb1-f4b47156f121@group-5894FE760DEC->697bcd3f-2547-41de-8cec-7c932316130e(c0,m0,n1, attendVote=true, lastRpcSendTime=2500, lastRpcResponseTime=5004) yet, just keep nextIndex unchanged and retry.
2021-06-09 09:33:39,328 [EndpointStateMachine task thread for /127.0.0.1:14325 - 0 ] INFO  ipc.Client (Client.java:handleConnectionFailure(966)) - Retrying connect to server: localhost/127.0.0.1:14325. Already tried 11 time(s); retry policy is RetryUpToMaximumCountWithFixedSleep(maxRetries=15, sleepTime=1000 MILLISECONDS)
2021-06-09 09:33:39,329 [ForkJoinPool.commonPool-worker-1] INFO  ozoneimpl.OzoneContainer (OzoneContainer.java:stop(316)) - Attempting to stop container services.
2021-06-09 09:33:39,334 [ForkJoinPool.commonPool-worker-1] INFO  server.RaftServer (RaftServerProxy.java:lambda$close$6(391)) - cc259bf8-a2eb-4525-8fb1-f4b47156f121: close
2021-06-09 09:33:39,335 [ForkJoinPool.commonPool-worker-1] INFO  server.RaftServer$Division (RaftServerImpl.java:lambda$close$4(406)) - cc259bf8-a2eb-4525-8fb1-f4b47156f121@group-CE249E52D47A: shutdown
2021-06-09 09:33:39,335 [ForkJoinPool.commonPool-worker-1] INFO  util.JmxRegister (JmxRegister.java:unregister(73)) - Successfully un-registered JMX Bean with object name Ratis:service=RaftServer,group=group-CE249E52D47A,id=cc259bf8-a2eb-4525-8fb1-f4b47156f121
2021-06-09 09:33:39,335 [ForkJoinPool.commonPool-worker-1] INFO  impl.RoleInfo (RoleInfo.java:shutdownLeaderState(91)) - cc259bf8-a2eb-4525-8fb1-f4b47156f121: shutdown cc259bf8-a2eb-4525-8fb1-f4b47156f121@group-CE249E52D47A-LeaderStateImpl
2021-06-09 09:33:39,335 [ForkJoinPool.commonPool-worker-1] INFO  impl.PendingRequests (PendingRequests.java:sendNotLeaderResponses(249)) - cc259bf8-a2eb-4525-8fb1-f4b47156f121@group-CE249E52D47A-PendingRequests: sendNotLeaderResponses
2021-06-09 09:33:39,335 [ForkJoinPool.commonPool-worker-1] INFO  metrics.RatisMetrics (RatisMetrics.java:unregister(43)) - Unregistering Metrics Registry : ratis.log_appender.cc259bf8-a2eb-4525-8fb1-f4b47156f121@group-CE249E52D47A
2021-06-09 09:33:39,335 [ForkJoinPool.commonPool-worker-1] INFO  metrics.RatisMetrics (RatisMetrics.java:unregister(43)) - Unregistering Metrics Registry : ratis.server.cc259bf8-a2eb-4525-8fb1-f4b47156f121@group-CE249E52D47A
2021-06-09 09:33:39,335 [ForkJoinPool.commonPool-worker-1] INFO  impl.StateMachineUpdater (StateMachineUpdater.java:stopAndJoin(149)) - cc259bf8-a2eb-4525-8fb1-f4b47156f121@group-CE249E52D47A-StateMachineUpdater: set stopIndex = 0
2021-06-09 09:33:39,336 [cc259bf8-a2eb-4525-8fb1-f4b47156f121@group-CE249E52D47A-StateMachineUpdater] INFO  ratis.ContainerStateMachine (ContainerStateMachine.java:takeSnapshot(292)) - group-CE249E52D47A: Taking a snapshot at:(t:1, i:0) file /home/runner/work/ozone/ozone/mnt/ozone/hadoop-ozone/integration-test/target/test-dir/MiniOzoneClusterImpl-43f0ca0c-372e-4c55-aedd-c9e251b369b0/datanode-2/data/ratis/e88b8e4e-101f-49ab-9b68-ce249e52d47a/sm/snapshot.1_0
2021-06-09 09:33:39,336 [cc259bf8-a2eb-4525-8fb1-f4b47156f121@group-CE249E52D47A-StateMachineUpdater] INFO  ratis.ContainerStateMachine (ContainerStateMachine.java:takeSnapshot(303)) - group-CE249E52D47A: Finished taking a snapshot at:(t:1, i:0) file:/home/runner/work/ozone/ozone/mnt/ozone/hadoop-ozone/integration-test/target/test-dir/MiniOzoneClusterImpl-43f0ca0c-372e-4c55-aedd-c9e251b369b0/datanode-2/data/ratis/e88b8e4e-101f-49ab-9b68-ce249e52d47a/sm/snapshot.1_0 took: 1 ms
2021-06-09 09:33:39,337 [cc259bf8-a2eb-4525-8fb1-f4b47156f121@group-CE249E52D47A-StateMachineUpdater] INFO  impl.StateMachineUpdater (StateMachineUpdater.java:takeSnapshot(281)) - cc259bf8-a2eb-4525-8fb1-f4b47156f121@group-CE249E52D47A-StateMachineUpdater: Took a snapshot at index 0
2021-06-09 09:33:39,337 [cc259bf8-a2eb-4525-8fb1-f4b47156f121@group-CE249E52D47A-StateMachineUpdater] INFO  impl.StateMachineUpdater (StateMachineUpdater.java:lambda$new$0(89)) - cc259bf8-a2eb-4525-8fb1-f4b47156f121@group-CE249E52D47A-StateMachineUpdater: snapshotIndex: updateIncreasingly -1 -> 0
2021-06-09 09:33:39,337 [cc259bf8-a2eb-4525-8fb1-f4b47156f121@group-CE249E52D47A-StateMachineUpdater] INFO  metrics.RatisMetrics (RatisMetrics.java:unregister(43)) - Unregistering Metrics Registry : ratis.state_machine.cc259bf8-a2eb-4525-8fb1-f4b47156f121@group-CE249E52D47A
2021-06-09 09:33:39,337 [ForkJoinPool.commonPool-worker-1] INFO  server.RaftServer$Division (ServerState.java:close(405)) - cc259bf8-a2eb-4525-8fb1-f4b47156f121@group-CE249E52D47A: closes. applyIndex: 0
2021-06-09 09:33:39,337 [cc259bf8-a2eb-4525-8fb1-f4b47156f121@group-CE249E52D47A-SegmentedRaftLogWorker] INFO  segmented.SegmentedRaftLogWorker (SegmentedRaftLogWorker.java:run(327)) - cc259bf8-a2eb-4525-8fb1-f4b47156f121@group-CE249E52D47A-SegmentedRaftLogWorker was interrupted, exiting. There are 0 tasks remaining in the queue.
2021-06-09 09:33:39,337 [ForkJoinPool.commonPool-worker-1] INFO  segmented.SegmentedRaftLogWorker (SegmentedRaftLogWorker.java:close(237)) - cc259bf8-a2eb-4525-8fb1-f4b47156f121@group-CE249E52D47A-SegmentedRaftLogWorker close()
2021-06-09 09:33:39,339 [ForkJoinPool.commonPool-worker-1] INFO  metrics.RatisMetrics (RatisMetrics.java:unregister(43)) - Unregistering Metrics Registry : ratis.log_worker.cc259bf8-a2eb-4525-8fb1-f4b47156f121@group-CE249E52D47A
2021-06-09 09:33:39,339 [ForkJoinPool.commonPool-worker-1] INFO  metrics.RatisMetrics (RatisMetrics.java:unregister(43)) - Unregistering Metrics Registry : ratis.leader_election.cc259bf8-a2eb-4525-8fb1-f4b47156f121@group-CE249E52D47A
2021-06-09 09:33:39,339 [ForkJoinPool.commonPool-worker-1] INFO  metrics.RatisMetrics (RatisMetrics.java:unregister(43)) - Unregistering Metrics Registry : ratis.server.cc259bf8-a2eb-4525-8fb1-f4b47156f121@group-CE249E52D47A
2021-06-09 09:33:39,339 [ForkJoinPool.commonPool-worker-1] INFO  server.RaftServer$Division (RaftServerImpl.java:lambda$close$4(406)) - cc259bf8-a2eb-4525-8fb1-f4b47156f121@group-DC9D01F80266: shutdown
2021-06-09 09:33:39,339 [ForkJoinPool.commonPool-worker-1] INFO  util.JmxRegister (JmxRegister.java:unregister(73)) - Successfully un-registered JMX Bean with object name Ratis:service=RaftServer,group=group-DC9D01F80266,id=cc259bf8-a2eb-4525-8fb1-f4b47156f121
2021-06-09 09:33:39,339 [ForkJoinPool.commonPool-worker-1] INFO  impl.RoleInfo (RoleInfo.java:shutdownFollowerState(108)) - cc259bf8-a2eb-4525-8fb1-f4b47156f121: shutdown cc259bf8-a2eb-4525-8fb1-f4b47156f121@group-DC9D01F80266-FollowerState
2021-06-09 09:33:39,339 [ForkJoinPool.commonPool-worker-1] INFO  impl.StateMachineUpdater (StateMachineUpdater.java:stopAndJoin(149)) - cc259bf8-a2eb-4525-8fb1-f4b47156f121@group-DC9D01F80266-StateMachineUpdater: set stopIndex = 0
2021-06-09 09:33:39,339 [cc259bf8-a2eb-4525-8fb1-f4b47156f121@group-DC9D01F80266-FollowerState] INFO  impl.FollowerState (FollowerState.java:run(143)) - cc259bf8-a2eb-4525-8fb1-f4b47156f121@group-DC9D01F80266-FollowerState was interrupted: {}
java.lang.InterruptedException: sleep interrupted
	at java.lang.Thread.sleep(Native Method)
	at java.lang.Thread.sleep(Thread.java:340)
	at java.util.concurrent.TimeUnit.sleep(TimeUnit.java:386)
	at org.apache.ratis.util.TimeDuration.sleep(TimeDuration.java:324)
	at org.apache.ratis.util.TimeDuration.sleep(TimeDuration.java:309)
	at org.apache.ratis.server.impl.FollowerState.run(FollowerState.java:118)
2021-06-09 09:33:39,340 [cc259bf8-a2eb-4525-8fb1-f4b47156f121@group-DC9D01F80266-StateMachineUpdater] INFO  ratis.ContainerStateMachine (ContainerStateMachine.java:takeSnapshot(292)) - group-DC9D01F80266: Taking a snapshot at:(t:3, i:0) file /home/runner/work/ozone/ozone/mnt/ozone/hadoop-ozone/integration-test/target/test-dir/MiniOzoneClusterImpl-43f0ca0c-372e-4c55-aedd-c9e251b369b0/datanode-2/data/ratis/be950ea8-58d1-4b6b-a273-dc9d01f80266/sm/snapshot.3_0
2021-06-09 09:33:39,343 [cc259bf8-a2eb-4525-8fb1-f4b47156f121@group-DC9D01F80266-StateMachineUpdater] INFO  ratis.ContainerStateMachine (ContainerStateMachine.java:takeSnapshot(303)) - group-DC9D01F80266: Finished taking a snapshot at:(t:3, i:0) file:/home/runner/work/ozone/ozone/mnt/ozone/hadoop-ozone/integration-test/target/test-dir/MiniOzoneClusterImpl-43f0ca0c-372e-4c55-aedd-c9e251b369b0/datanode-2/data/ratis/be950ea8-58d1-4b6b-a273-dc9d01f80266/sm/snapshot.3_0 took: 3 ms
2021-06-09 09:33:39,343 [cc259bf8-a2eb-4525-8fb1-f4b47156f121@group-DC9D01F80266-StateMachineUpdater] INFO  impl.StateMachineUpdater (StateMachineUpdater.java:takeSnapshot(281)) - cc259bf8-a2eb-4525-8fb1-f4b47156f121@group-DC9D01F80266-StateMachineUpdater: Took a snapshot at index 0
2021-06-09 09:33:39,343 [cc259bf8-a2eb-4525-8fb1-f4b47156f121@group-DC9D01F80266-StateMachineUpdater] INFO  impl.StateMachineUpdater (StateMachineUpdater.java:lambda$new$0(89)) - cc259bf8-a2eb-4525-8fb1-f4b47156f121@group-DC9D01F80266-StateMachineUpdater: snapshotIndex: updateIncreasingly -1 -> 0
2021-06-09 09:33:39,343 [cc259bf8-a2eb-4525-8fb1-f4b47156f121@group-DC9D01F80266-StateMachineUpdater] INFO  metrics.RatisMetrics (RatisMetrics.java:unregister(43)) - Unregistering Metrics Registry : ratis.state_machine.cc259bf8-a2eb-4525-8fb1-f4b47156f121@group-DC9D01F80266
2021-06-09 09:33:39,344 [ForkJoinPool.commonPool-worker-1] INFO  server.RaftServer$Division (ServerState.java:close(405)) - cc259bf8-a2eb-4525-8fb1-f4b47156f121@group-DC9D01F80266: closes. applyIndex: 0
2021-06-09 09:33:39,344 [cc259bf8-a2eb-4525-8fb1-f4b47156f121@group-DC9D01F80266-SegmentedRaftLogWorker] INFO  segmented.SegmentedRaftLogWorker (SegmentedRaftLogWorker.java:run(327)) - cc259bf8-a2eb-4525-8fb1-f4b47156f121@group-DC9D01F80266-SegmentedRaftLogWorker was interrupted, exiting. There are 0 tasks remaining in the queue.
2021-06-09 09:33:39,344 [ForkJoinPool.commonPool-worker-1] INFO  segmented.SegmentedRaftLogWorker (SegmentedRaftLogWorker.java:close(237)) - cc259bf8-a2eb-4525-8fb1-f4b47156f121@group-DC9D01F80266-SegmentedRaftLogWorker close()
2021-06-09 09:33:39,345 [ForkJoinPool.commonPool-worker-1] INFO  metrics.RatisMetrics (RatisMetrics.java:unregister(43)) - Unregistering Metrics Registry : ratis.log_worker.cc259bf8-a2eb-4525-8fb1-f4b47156f121@group-DC9D01F80266
2021-06-09 09:33:39,346 [ForkJoinPool.commonPool-worker-1] INFO  metrics.RatisMetrics (RatisMetrics.java:unregister(43)) - Unregistering Metrics Registry : ratis.leader_election.cc259bf8-a2eb-4525-8fb1-f4b47156f121@group-DC9D01F80266
2021-06-09 09:33:39,346 [ForkJoinPool.commonPool-worker-1] INFO  metrics.RatisMetrics (RatisMetrics.java:unregister(43)) - Unregistering Metrics Registry : ratis.server.cc259bf8-a2eb-4525-8fb1-f4b47156f121@group-DC9D01F80266
2021-06-09 09:33:39,346 [ForkJoinPool.commonPool-worker-1] INFO  server.RaftServer$Division (RaftServerImpl.java:lambda$close$4(406)) - cc259bf8-a2eb-4525-8fb1-f4b47156f121@group-5894FE760DEC: shutdown
2021-06-09 09:33:39,346 [ForkJoinPool.commonPool-worker-1] INFO  util.JmxRegister (JmxRegister.java:unregister(73)) - Successfully un-registered JMX Bean with object name Ratis:service=RaftServer,group=group-5894FE760DEC,id=cc259bf8-a2eb-4525-8fb1-f4b47156f121
2021-06-09 09:33:39,346 [ForkJoinPool.commonPool-worker-1] INFO  impl.RoleInfo (RoleInfo.java:shutdownLeaderState(91)) - cc259bf8-a2eb-4525-8fb1-f4b47156f121: shutdown cc259bf8-a2eb-4525-8fb1-f4b47156f121@group-5894FE760DEC-LeaderStateImpl
2021-06-09 09:33:39,346 [ForkJoinPool.commonPool-worker-1] INFO  metrics.RatisMetrics (RatisMetrics.java:unregister(43)) - Unregistering Metrics Registry : ratis_grpc.log_appender.cc259bf8-a2eb-4525-8fb1-f4b47156f121@group-5894FE760DEC
2021-06-09 09:33:39,346 [ForkJoinPool.commonPool-worker-1] INFO  metrics.RatisMetrics (RatisMetrics.java:unregister(43)) - Unregistering Metrics Registry : ratis_grpc.log_appender.cc259bf8-a2eb-4525-8fb1-f4b47156f121@group-5894FE760DEC
2021-06-09 09:33:39,346 [ForkJoinPool.commonPool-worker-1] INFO  impl.PendingRequests (PendingRequests.java:sendNotLeaderResponses(249)) - cc259bf8-a2eb-4525-8fb1-f4b47156f121@group-5894FE760DEC-PendingRequests: sendNotLeaderResponses
2021-06-09 09:33:39,346 [ForkJoinPool.commonPool-worker-1] INFO  metrics.RatisMetrics (RatisMetrics.java:unregister(43)) - Unregistering Metrics Registry : ratis.log_appender.cc259bf8-a2eb-4525-8fb1-f4b47156f121@group-5894FE760DEC
2021-06-09 09:33:39,346 [ForkJoinPool.commonPool-worker-1] INFO  metrics.RatisMetrics (RatisMetrics.java:unregister(43)) - Unregistering Metrics Registry : ratis.server.cc259bf8-a2eb-4525-8fb1-f4b47156f121@group-5894FE760DEC
2021-06-09 09:33:39,347 [ForkJoinPool.commonPool-worker-1] INFO  impl.StateMachineUpdater (StateMachineUpdater.java:stopAndJoin(149)) - cc259bf8-a2eb-4525-8fb1-f4b47156f121@group-5894FE760DEC-StateMachineUpdater: set stopIndex = 0
2021-06-09 09:33:39,347 [cc259bf8-a2eb-4525-8fb1-f4b47156f121@group-5894FE760DEC-StateMachineUpdater] INFO  ratis.ContainerStateMachine (ContainerStateMachine.java:takeSnapshot(292)) - group-5894FE760DEC: Taking a snapshot at:(t:5, i:0) file /home/runner/work/ozone/ozone/mnt/ozone/hadoop-ozone/integration-test/target/test-dir/MiniOzoneClusterImpl-43f0ca0c-372e-4c55-aedd-c9e251b369b0/datanode-2/data/ratis/01afcea1-9cbf-4cb9-976c-5894fe760dec/sm/snapshot.5_0
2021-06-09 09:33:39,347 [cc259bf8-a2eb-4525-8fb1-f4b47156f121@group-5894FE760DEC-StateMachineUpdater] INFO  ratis.ContainerStateMachine (ContainerStateMachine.java:takeSnapshot(303)) - group-5894FE760DEC: Finished taking a snapshot at:(t:5, i:0) file:/home/runner/work/ozone/ozone/mnt/ozone/hadoop-ozone/integration-test/target/test-dir/MiniOzoneClusterImpl-43f0ca0c-372e-4c55-aedd-c9e251b369b0/datanode-2/data/ratis/01afcea1-9cbf-4cb9-976c-5894fe760dec/sm/snapshot.5_0 took: 1 ms
2021-06-09 09:33:39,347 [cc259bf8-a2eb-4525-8fb1-f4b47156f121@group-5894FE760DEC-StateMachineUpdater] INFO  impl.StateMachineUpdater (StateMachineUpdater.java:takeSnapshot(281)) - cc259bf8-a2eb-4525-8fb1-f4b47156f121@group-5894FE760DEC-StateMachineUpdater: Took a snapshot at index 0
2021-06-09 09:33:39,347 [cc259bf8-a2eb-4525-8fb1-f4b47156f121@group-5894FE760DEC-StateMachineUpdater] INFO  impl.StateMachineUpdater (StateMachineUpdater.java:lambda$new$0(89)) - cc259bf8-a2eb-4525-8fb1-f4b47156f121@group-5894FE760DEC-StateMachineUpdater: snapshotIndex: updateIncreasingly -1 -> 0
2021-06-09 09:33:39,347 [cc259bf8-a2eb-4525-8fb1-f4b47156f121@group-5894FE760DEC-StateMachineUpdater] INFO  metrics.RatisMetrics (RatisMetrics.java:unregister(43)) - Unregistering Metrics Registry : ratis.state_machine.cc259bf8-a2eb-4525-8fb1-f4b47156f121@group-5894FE760DEC
2021-06-09 09:33:39,349 [ForkJoinPool.commonPool-worker-1] INFO  server.RaftServer$Division (ServerState.java:close(405)) - cc259bf8-a2eb-4525-8fb1-f4b47156f121@group-5894FE760DEC: closes. applyIndex: 0
2021-06-09 09:33:39,349 [cc259bf8-a2eb-4525-8fb1-f4b47156f121@group-5894FE760DEC-SegmentedRaftLogWorker] INFO  segmented.SegmentedRaftLogWorker (SegmentedRaftLogWorker.java:run(327)) - cc259bf8-a2eb-4525-8fb1-f4b47156f121@group-5894FE760DEC-SegmentedRaftLogWorker was interrupted, exiting. There are 0 tasks remaining in the queue.
2021-06-09 09:33:39,350 [ForkJoinPool.commonPool-worker-1] INFO  segmented.SegmentedRaftLogWorker (SegmentedRaftLogWorker.java:close(237)) - cc259bf8-a2eb-4525-8fb1-f4b47156f121@group-5894FE760DEC-SegmentedRaftLogWorker close()
2021-06-09 09:33:39,350 [ForkJoinPool.commonPool-worker-1] INFO  metrics.RatisMetrics (RatisMetrics.java:unregister(43)) - Unregistering Metrics Registry : ratis.log_worker.cc259bf8-a2eb-4525-8fb1-f4b47156f121@group-5894FE760DEC
2021-06-09 09:33:39,350 [ForkJoinPool.commonPool-worker-1] INFO  metrics.RatisMetrics (RatisMetrics.java:unregister(43)) - Unregistering Metrics Registry : ratis.leader_election.cc259bf8-a2eb-4525-8fb1-f4b47156f121@group-5894FE760DEC
2021-06-09 09:33:39,350 [ForkJoinPool.commonPool-worker-1] INFO  metrics.RatisMetrics (RatisMetrics.java:unregister(43)) - Unregistering Metrics Registry : ratis.server.cc259bf8-a2eb-4525-8fb1-f4b47156f121@group-5894FE760DEC
2021-06-09 09:33:39,350 [ForkJoinPool.commonPool-worker-1] INFO  server.GrpcService (GrpcService.java:closeImpl(262)) - cc259bf8-a2eb-4525-8fb1-f4b47156f121: shutdown server with port 43471 now
2021-06-09 09:33:39,351 [ForkJoinPool.commonPool-worker-1] INFO  server.GrpcService (GrpcService.java:closeImpl(271)) - cc259bf8-a2eb-4525-8fb1-f4b47156f121: shutdown server with port 43471 successfully
2021-06-09 09:33:39,351 [org.apache.ratis.util.JvmPauseMonitor$$Lambda$493/731610911@a3b5fc0] INFO  util.JvmPauseMonitor (JvmPauseMonitor.java:run(109)) - JvmPauseMonitor-cc259bf8-a2eb-4525-8fb1-f4b47156f121: Stopped
2021-06-09 09:33:39,352 [ForkJoinPool.commonPool-worker-1] INFO  utils.BackgroundService (BackgroundService.java:shutdown(132)) - Shutting down service BlockDeletingService
2021-06-09 09:33:39,353 [ForkJoinPool.commonPool-worker-1] INFO  statemachine.DatanodeStateMachine (DatanodeStateMachine.java:stopDaemon(486)) - Ozone container server stopped.
2021-06-09 09:33:39,355 [ForkJoinPool.commonPool-worker-1] INFO  handler.ContextHandler (ContextHandler.java:doStop(1154)) - Stopped o.e.j.w.WebAppContext@19adcb41{hddsDatanode,/,null,STOPPED}{jar:file:/home/runner/.m2/repository/org/apache/ozone/hdds-container-service/1.2.0-SNAPSHOT/hdds-container-service-1.2.0-SNAPSHOT.jar!/webapps/hddsDatanode}
2021-06-09 09:33:39,356 [ForkJoinPool.commonPool-worker-1] INFO  server.AbstractConnector (AbstractConnector.java:doStop(381)) - Stopped ServerConnector@7e7a6f81{HTTP/1.1, (http/1.1)}{0.0.0.0:0}
2021-06-09 09:33:39,356 [ForkJoinPool.commonPool-worker-1] INFO  server.session (HouseKeeper.java:stopScavenging(149)) - node0 Stopped scavenging
2021-06-09 09:33:39,356 [ForkJoinPool.commonPool-worker-1] INFO  handler.ContextHandler (ContextHandler.java:doStop(1154)) - Stopped o.e.j.s.ServletContextHandler@d4fe4d{static,/static,jar:file:/home/runner/.m2/repository/org/apache/ozone/hdds-container-service/1.2.0-SNAPSHOT/hdds-container-service-1.2.0-SNAPSHOT.jar!/webapps/static,STOPPED}
2021-06-09 09:33:39,356 [ForkJoinPool.commonPool-worker-1] INFO  handler.ContextHandler (ContextHandler.java:doStop(1154)) - Stopped o.e.j.s.ServletContextHandler@421a752b{logs,/logs,file:///home/runner/work/ozone/ozone/mnt/ozone/hadoop-ozone/integration-test/target/log,STOPPED}
]]></system-out>
  </testcase>
  <testcase name="testInstallOldCheckpointFailure" classname="org.apache.hadoop.ozone.scm.TestSCMInstallSnapshotWithHA" time="43.235"/>
  <testcase name="testInstallCorruptedCheckpointFailure" classname="org.apache.hadoop.ozone.scm.TestSCMInstallSnapshotWithHA" time="46.234"/>
</testsuite>