<?xml version="1.0" encoding="UTF-8"?>
<testsuite xmlns:xsi="http://www.w3.org/2001/XMLSchema-instance" xsi:noNamespaceSchemaLocation="https://maven.apache.org/surefire/maven-surefire-plugin/xsd/surefire-test-report.xsd" name="org.apache.hadoop.fs.ozone.TestRootedOzoneFileSystem" time="336.355" tests="160" errors="0" skipped="18" failures="2">
  <properties>
    <property name="awt.toolkit" value="sun.awt.X11.XToolkit"/>
    <property name="file.encoding.pkg" value="sun.io"/>
    <property name="java.specification.version" value="1.8"/>
    <property name="sun.cpu.isalist" value=""/>
    <property name="sun.jnu.encoding" value="UTF-8"/>
    <property name="java.class.path" value="/home/runner/work/ozone/ozone/hadoop-ozone/integration-test/target/test-classes:/home/runner/work/ozone/ozone/hadoop-ozone/integration-test/target/classes:/home/runner/.m2/repository/org/apache/ozone/ozone-common/1.3.0-SNAPSHOT/ozone-common-1.3.0-SNAPSHOT.jar:/home/runner/.m2/repository/org/apache/commons/commons-compress/1.21/commons-compress-1.21.jar:/home/runner/.m2/repository/org/apache/ozone/hdds-common/1.3.0-SNAPSHOT/hdds-common-1.3.0-SNAPSHOT.jar:/home/runner/.m2/repository/org/apache/ozone/hdds-client/1.3.0-SNAPSHOT/hdds-client-1.3.0-SNAPSHOT.jar:/home/runner/.m2/repository/org/apache/ozone/ozone-interface-client/1.3.0-SNAPSHOT/ozone-interface-client-1.3.0-SNAPSHOT.jar:/home/runner/.m2/repository/org/apache/ozone/hdds-test-utils/1.3.0-SNAPSHOT/hdds-test-utils-1.3.0-SNAPSHOT.jar:/home/runner/.m2/repository/com/google/guava/guava/30.1.1-jre/guava-30.1.1-jre.jar:/home/runner/.m2/repository/com/google/guava/failureaccess/1.0.1/failureaccess-1.0.1.jar:/home/runner/.m2/repository/com/google/guava/listenablefuture/9999.0-empty-to-avoid-conflict-with-guava/listenablefuture-9999.0-empty-to-avoid-conflict-with-guava.jar:/home/runner/.m2/repository/com/google/code/findbugs/jsr305/3.0.0/jsr305-3.0.0.jar:/home/runner/.m2/repository/org/checkerframework/checker-qual/3.8.0/checker-qual-3.8.0.jar:/home/runner/.m2/repository/com/google/errorprone/error_prone_annotations/2.2.0/error_prone_annotations-2.2.0.jar:/home/runner/.m2/repository/com/google/j2objc/j2objc-annotations/1.3/j2objc-annotations-1.3.jar:/home/runner/.m2/repository/commons-io/commons-io/2.11.0/commons-io-2.11.0.jar:/home/runner/.m2/repository/commons-logging/commons-logging/1.2/commons-logging-1.2.jar:/home/runner/.m2/repository/log4j/log4j/1.2.17/log4j-1.2.17.jar:/home/runner/.m2/repository/org/slf4j/slf4j-api/1.7.30/slf4j-api-1.7.30.jar:/home/runner/.m2/repository/org/apache/ozone/hdds-server-scm/1.3.0-SNAPSHOT/hdds-server-scm-1.3.0-SNAPSHOT.jar:/home/runner/.m2/repository/org/apache/ozone/hdds-container-service/1.3.0-SNAPSHOT/hdds-container-service-1.3.0-SNAPSHOT.jar:/home/runner/.m2/repository/org/apache/ozone/hdds-hadoop-dependency-server/1.3.0-SNAPSHOT/hdds-hadoop-dependency-server-1.3.0-SNAPSHOT.jar:/home/runner/.m2/repository/org/apache/hadoop/hadoop-hdfs/3.3.1/hadoop-hdfs-3.3.1.jar:/home/runner/.m2/repository/org/apache/ozone/hdds-server-framework/1.3.0-SNAPSHOT/hdds-server-framework-1.3.0-SNAPSHOT.jar:/home/runner/.m2/repository/org/apache/ozone/hdds-interface-server/1.3.0-SNAPSHOT/hdds-interface-server-1.3.0-SNAPSHOT.jar:/home/runner/.m2/repository/org/eclipse/jetty/jetty-servlet/9.4.43.v20210629/jetty-servlet-9.4.43.v20210629.jar:/home/runner/.m2/repository/org/eclipse/jetty/jetty-security/9.4.43.v20210629/jetty-security-9.4.43.v20210629.jar:/home/runner/.m2/repository/org/rocksdb/rocksdbjni/6.25.3/rocksdbjni-6.25.3.jar:/home/runner/.m2/repository/io/prometheus/simpleclient_dropwizard/0.7.0/simpleclient_dropwizard-0.7.0.jar:/home/runner/.m2/repository/io/prometheus/simpleclient/0.7.0/simpleclient-0.7.0.jar:/home/runner/.m2/repository/io/prometheus/simpleclient_common/0.7.0/simpleclient_common-0.7.0.jar:/home/runner/.m2/repository/com/fasterxml/jackson/datatype/jackson-datatype-jsr310/2.12.1/jackson-datatype-jsr310-2.12.1.jar:/home/runner/.m2/repository/io/dropwizard/metrics/metrics-core/3.2.4/metrics-core-3.2.4.jar:/home/runner/.m2/repository/org/apache/hadoop/hadoop-hdfs-client/3.3.1/hadoop-hdfs-client-3.3.1.jar:/home/runner/.m2/repository/org/bouncycastle/bcprov-jdk15on/1.67/bcprov-jdk15on-1.67.jar:/home/runner/.m2/repository/com/google/protobuf/protobuf-java/2.5.0/protobuf-java-2.5.0.jar:/home/runner/.m2/repository/org/apache/ozone/ozone-manager/1.3.0-SNAPSHOT/ozone-manager-1.3.0-SNAPSHOT.jar:/home/runner/.m2/repository/org/aspectj/aspectjrt/1.9.7/aspectjrt-1.9.7.jar:/home/runner/.m2/repository/org/aspectj/aspectjweaver/1.9.7/aspectjweaver-1.9.7.jar:/home/runner/.m2/repository/org/apache/ozone/hdds-interface-client/1.3.0-SNAPSHOT/hdds-interface-client-1.3.0-SNAPSHOT.jar:/home/runner/.m2/repository/org/apache/hadoop/thirdparty/hadoop-shaded-protobuf_3_7/1.1.1/hadoop-shaded-protobuf_3_7-1.1.1.jar:/home/runner/.m2/repository/org/apache/ozone/ozone-interface-storage/1.3.0-SNAPSHOT/ozone-interface-storage-1.3.0-SNAPSHOT.jar:/home/runner/.m2/repository/org/reflections/reflections/0.9.11/reflections-0.9.11.jar:/home/runner/.m2/repository/org/apache/hadoop/hadoop-minikdc/3.3.1/hadoop-minikdc-3.3.1.jar:/home/runner/.m2/repository/org/apache/kerby/kerb-simplekdc/1.0.1/kerb-simplekdc-1.0.1.jar:/home/runner/.m2/repository/org/apache/kerby/kerb-client/1.0.1/kerb-client-1.0.1.jar:/home/runner/.m2/repository/org/apache/kerby/kerby-config/1.0.1/kerby-config-1.0.1.jar:/home/runner/.m2/repository/org/apache/kerby/kerb-common/1.0.1/kerb-common-1.0.1.jar:/home/runner/.m2/repository/org/apache/kerby/kerb-crypto/1.0.1/kerb-crypto-1.0.1.jar:/home/runner/.m2/repository/org/apache/kerby/kerb-util/1.0.1/kerb-util-1.0.1.jar:/home/runner/.m2/repository/org/apache/kerby/token-provider/1.0.1/token-provider-1.0.1.jar:/home/runner/.m2/repository/org/apache/kerby/kerb-admin/1.0.1/kerb-admin-1.0.1.jar:/home/runner/.m2/repository/org/apache/kerby/kerb-server/1.0.1/kerb-server-1.0.1.jar:/home/runner/.m2/repository/org/apache/kerby/kerb-identity/1.0.1/kerb-identity-1.0.1.jar:/home/runner/.m2/repository/org/apache/kerby/kerby-xdr/1.0.1/kerby-xdr-1.0.1.jar:/home/runner/.m2/repository/org/slf4j/slf4j-log4j12/1.7.30/slf4j-log4j12-1.7.30.jar:/home/runner/.m2/repository/org/apache/ozone/ozone-s3gateway/1.3.0-SNAPSHOT/ozone-s3gateway-1.3.0-SNAPSHOT.jar:/home/runner/.m2/repository/org/javassist/javassist/3.21.0-GA/javassist-3.21.0-GA.jar:/home/runner/.m2/repository/org/jboss/weld/servlet/weld-servlet/2.4.7.Final/weld-servlet-2.4.7.Final.jar:/home/runner/.m2/repository/org/glassfish/jersey/containers/jersey-container-servlet-core/2.33/jersey-container-servlet-core-2.33.jar:/home/runner/.m2/repository/org/glassfish/hk2/external/jakarta.inject/2.6.1/jakarta.inject-2.6.1.jar:/home/runner/.m2/repository/org/glassfish/jersey/core/jersey-common/2.33/jersey-common-2.33.jar:/home/runner/.m2/repository/jakarta/ws/rs/jakarta.ws.rs-api/2.1.6/jakarta.ws.rs-api-2.1.6.jar:/home/runner/.m2/repository/org/glassfish/jersey/ext/cdi/jersey-cdi1x/2.33/jersey-cdi1x-2.33.jar:/home/runner/.m2/repository/org/glassfish/jersey/inject/jersey-hk2/2.33/jersey-hk2-2.33.jar:/home/runner/.m2/repository/org/glassfish/hk2/hk2-locator/2.6.1/hk2-locator-2.6.1.jar:/home/runner/.m2/repository/org/glassfish/jersey/media/jersey-media-jaxb/2.33/jersey-media-jaxb-2.33.jar:/home/runner/.m2/repository/org/glassfish/hk2/osgi-resource-locator/1.0.3/osgi-resource-locator-1.0.3.jar:/home/runner/.m2/repository/org/glassfish/hk2/hk2-api/2.5.0/hk2-api-2.5.0.jar:/home/runner/.m2/repository/org/glassfish/hk2/hk2-utils/2.5.0/hk2-utils-2.5.0.jar:/home/runner/.m2/repository/org/glassfish/hk2/external/aopalliance-repackaged/2.5.0/aopalliance-repackaged-2.5.0.jar:/home/runner/.m2/repository/com/fasterxml/jackson/dataformat/jackson-dataformat-xml/2.12.1/jackson-dataformat-xml-2.12.1.jar:/home/runner/.m2/repository/com/fasterxml/jackson/core/jackson-core/2.12.1/jackson-core-2.12.1.jar:/home/runner/.m2/repository/com/fasterxml/jackson/module/jackson-module-jaxb-annotations/2.12.1/jackson-module-jaxb-annotations-2.12.1.jar:/home/runner/.m2/repository/jakarta/xml/bind/jakarta.xml.bind-api/2.3.2/jakarta.xml.bind-api-2.3.2.jar:/home/runner/.m2/repository/org/codehaus/woodstox/stax2-api/3.1.4/stax2-api-3.1.4.jar:/home/runner/.m2/repository/com/fasterxml/woodstox/woodstox-core/5.0.3/woodstox-core-5.0.3.jar:/home/runner/.m2/repository/javax/enterprise/cdi-api/1.2/cdi-api-1.2.jar:/home/runner/.m2/repository/javax/el/javax.el-api/3.0.0/javax.el-api-3.0.0.jar:/home/runner/.m2/repository/javax/interceptor/javax.interceptor-api/1.2/javax.interceptor-api-1.2.jar:/home/runner/.m2/repository/javax/inject/javax.inject/1/javax.inject-1.jar:/home/runner/.m2/repository/javax/xml/bind/jaxb-api/2.3.0/jaxb-api-2.3.0.jar:/home/runner/.m2/repository/org/glassfish/jaxb/jaxb-runtime/2.3.0.1/jaxb-runtime-2.3.0.1.jar:/home/runner/.m2/repository/org/glassfish/jaxb/jaxb-core/2.3.0.1/jaxb-core-2.3.0.1.jar:/home/runner/.m2/repository/org/glassfish/jaxb/txw2/2.3.0.1/txw2-2.3.0.1.jar:/home/runner/.m2/repository/com/sun/istack/istack-commons-runtime/3.0.5/istack-commons-runtime-3.0.5.jar:/home/runner/.m2/repository/org/jvnet/staxex/stax-ex/1.7.8/stax-ex-1.7.8.jar:/home/runner/.m2/repository/com/sun/xml/fastinfoset/FastInfoset/1.2.13/FastInfoset-1.2.13.jar:/home/runner/.m2/repository/javax/activation/activation/1.1.1/activation-1.1.1.jar:/home/runner/.m2/repository/org/apache/ozone/ozone-csi/1.3.0-SNAPSHOT/ozone-csi-1.3.0-SNAPSHOT.jar:/home/runner/.m2/repository/com/google/protobuf/protobuf-java-util/3.12.0/protobuf-java-util-3.12.0.jar:/home/runner/.m2/repository/com/google/code/gson/gson/2.2.4/gson-2.2.4.jar:/home/runner/.m2/repository/org/apache/ozone/hdds-config/1.3.0-SNAPSHOT/hdds-config-1.3.0-SNAPSHOT.jar:/home/runner/.m2/repository/io/grpc/grpc-netty/1.33.0/grpc-netty-1.33.0.jar:/home/runner/.m2/repository/io/grpc/grpc-core/1.33.0/grpc-core-1.33.0.jar:/home/runner/.m2/repository/com/google/android/annotations/4.1.1.4/annotations-4.1.1.4.jar:/home/runner/.m2/repository/io/netty/netty-codec-http2/4.1.63.Final/netty-codec-http2-4.1.63.Final.jar:/home/runner/.m2/repository/io/netty/netty-codec-http/4.1.63.Final/netty-codec-http-4.1.63.Final.jar:/home/runner/.m2/repository/io/netty/netty-handler-proxy/4.1.63.Final/netty-handler-proxy-4.1.63.Final.jar:/home/runner/.m2/repository/io/netty/netty-codec-socks/4.1.63.Final/netty-codec-socks-4.1.63.Final.jar:/home/runner/.m2/repository/io/perfmark/perfmark-api/0.19.0/perfmark-api-0.19.0.jar:/home/runner/.m2/repository/org/codehaus/mojo/animal-sniffer-annotations/1.18/animal-sniffer-annotations-1.18.jar:/home/runner/.m2/repository/io/netty/netty-transport-native-epoll/4.1.63.Final/netty-transport-native-epoll-4.1.63.Final.jar:/home/runner/.m2/repository/io/netty/netty-common/4.1.63.Final/netty-common-4.1.63.Final.jar:/home/runner/.m2/repository/io/netty/netty-buffer/4.1.63.Final/netty-buffer-4.1.63.Final.jar:/home/runner/.m2/repository/io/netty/netty-transport-native-unix-common/4.1.63.Final/netty-transport-native-unix-common-4.1.63.Final.jar:/home/runner/.m2/repository/io/grpc/grpc-protobuf/1.33.0/grpc-protobuf-1.33.0.jar:/home/runner/.m2/repository/io/grpc/grpc-api/1.33.0/grpc-api-1.33.0.jar:/home/runner/.m2/repository/io/grpc/grpc-context/1.33.0/grpc-context-1.33.0.jar:/home/runner/.m2/repository/com/google/api/grpc/proto-google-common-protos/1.17.0/proto-google-common-protos-1.17.0.jar:/home/runner/.m2/repository/io/grpc/grpc-protobuf-lite/1.33.0/grpc-protobuf-lite-1.33.0.jar:/home/runner/.m2/repository/io/grpc/grpc-stub/1.33.0/grpc-stub-1.33.0.jar:/home/runner/.m2/repository/org/apache/ozone/ozone-recon/1.3.0-SNAPSHOT/ozone-recon-1.3.0-SNAPSHOT.jar:/home/runner/.m2/repository/org/apache/ozone/ozone-reconcodegen/1.3.0-SNAPSHOT/ozone-reconcodegen-1.3.0-SNAPSHOT.jar:/home/runner/.m2/repository/com/google/inject/extensions/guice-multibindings/4.0/guice-multibindings-4.0.jar:/home/runner/.m2/repository/com/google/inject/guice/4.0/guice-4.0.jar:/home/runner/.m2/repository/aopalliance/aopalliance/1.0/aopalliance-1.0.jar:/home/runner/.m2/repository/com/google/inject/extensions/guice-assistedinject/4.0/guice-assistedinject-4.0.jar:/home/runner/.m2/repository/com/google/inject/extensions/guice-servlet/4.0/guice-servlet-4.0.jar:/home/runner/.m2/repository/org/glassfish/jersey/containers/jersey-container-servlet/2.33/jersey-container-servlet-2.33.jar:/home/runner/.m2/repository/org/glassfish/hk2/guice-bridge/2.5.0/guice-bridge-2.5.0.jar:/home/runner/.m2/repository/org/glassfish/jersey/core/jersey-server/2.33/jersey-server-2.33.jar:/home/runner/.m2/repository/org/glassfish/jersey/core/jersey-client/2.33/jersey-client-2.33.jar:/home/runner/.m2/repository/jakarta/annotation/jakarta.annotation-api/1.3.5/jakarta.annotation-api-1.3.5.jar:/home/runner/.m2/repository/jakarta/validation/jakarta.validation-api/2.0.2/jakarta.validation-api-2.0.2.jar:/home/runner/.m2/repository/org/glassfish/jersey/media/jersey-media-json-jackson/2.33/jersey-media-json-jackson-2.33.jar:/home/runner/.m2/repository/org/glassfish/jersey/ext/jersey-entity-filtering/2.33/jersey-entity-filtering-2.33.jar:/home/runner/.m2/repository/org/jooq/jooq/3.11.10/jooq-3.11.10.jar:/home/runner/.m2/repository/org/jooq/jooq-meta/3.11.10/jooq-meta-3.11.10.jar:/home/runner/.m2/repository/org/jooq/jooq-codegen/3.11.10/jooq-codegen-3.11.10.jar:/home/runner/.m2/repository/com/jolbox/bonecp/0.8.0.RELEASE/bonecp-0.8.0.RELEASE.jar:/home/runner/.m2/repository/org/apache/derby/derby/10.14.2.0/derby-10.14.2.0.jar:/home/runner/.m2/repository/org/xerial/sqlite-jdbc/3.25.2/sqlite-jdbc-3.25.2.jar:/home/runner/.m2/repository/org/springframework/spring-jdbc/5.2.18.RELEASE/spring-jdbc-5.2.18.RELEASE.jar:/home/runner/.m2/repository/org/springframework/spring-beans/5.2.18.RELEASE/spring-beans-5.2.18.RELEASE.jar:/home/runner/.m2/repository/org/springframework/spring-core/5.2.18.RELEASE/spring-core-5.2.18.RELEASE.jar:/home/runner/.m2/repository/org/springframework/spring-jcl/5.2.18.RELEASE/spring-jcl-5.2.18.RELEASE.jar:/home/runner/.m2/repository/org/springframework/spring-tx/5.2.18.RELEASE/spring-tx-5.2.18.RELEASE.jar:/home/runner/.m2/repository/org/apache/ozone/ozone-client/1.3.0-SNAPSHOT/ozone-client-1.3.0-SNAPSHOT.jar:/home/runner/.m2/repository/org/apache/ozone/ozone-filesystem/1.3.0-SNAPSHOT/ozone-filesystem-1.3.0-SNAPSHOT.jar:/home/runner/.m2/repository/org/apache/ozone/ozone-filesystem-common/1.3.0-SNAPSHOT/ozone-filesystem-common-1.3.0-SNAPSHOT.jar:/home/runner/.m2/repository/org/apache/ozone/ozone-tools/1.3.0-SNAPSHOT/ozone-tools-1.3.0-SNAPSHOT.jar:/home/runner/.m2/repository/org/apache/ratis/ratis-tools/2.2.0/ratis-tools-2.2.0.jar:/home/runner/.m2/repository/com/amazonaws/aws-java-sdk-core/1.12.124/aws-java-sdk-core-1.12.124.jar:/home/runner/.m2/repository/org/apache/httpcomponents/httpclient/4.5.13/httpclient-4.5.13.jar:/home/runner/.m2/repository/org/apache/httpcomponents/httpcore/4.4.13/httpcore-4.4.13.jar:/home/runner/.m2/repository/software/amazon/ion/ion-java/1.0.2/ion-java-1.0.2.jar:/home/runner/.m2/repository/com/fasterxml/jackson/dataformat/jackson-dataformat-cbor/2.12.1/jackson-dataformat-cbor-2.12.1.jar:/home/runner/.m2/repository/joda-time/joda-time/2.8.1/joda-time-2.8.1.jar:/home/runner/.m2/repository/com/amazonaws/aws-java-sdk-s3/1.12.124/aws-java-sdk-s3-1.12.124.jar:/home/runner/.m2/repository/com/amazonaws/aws-java-sdk-kms/1.12.124/aws-java-sdk-kms-1.12.124.jar:/home/runner/.m2/repository/com/amazonaws/jmespath-java/1.12.124/jmespath-java-1.12.124.jar:/home/runner/.m2/repository/org/kohsuke/metainf-services/metainf-services/1.8/metainf-services-1.8.jar:/home/runner/.m2/repository/org/apache/ozone/hdds-tools/1.3.0-SNAPSHOT/hdds-tools-1.3.0-SNAPSHOT.jar:/home/runner/.m2/repository/commons-cli/commons-cli/1.2/commons-cli-1.2.jar:/home/runner/.m2/repository/org/apache/commons/commons-lang3/3.7/commons-lang3-3.7.jar:/home/runner/.m2/repository/org/apache/ozone/ozone-manager/1.3.0-SNAPSHOT/ozone-manager-1.3.0-SNAPSHOT-tests.jar:/home/runner/.m2/repository/org/apache/ozone/hdds-common/1.3.0-SNAPSHOT/hdds-common-1.3.0-SNAPSHOT-tests.jar:/home/runner/.m2/repository/org/apache/ozone/hdds-hadoop-dependency-client/1.3.0-SNAPSHOT/hdds-hadoop-dependency-client-1.3.0-SNAPSHOT.jar:/home/runner/.m2/repository/info/picocli/picocli/4.6.1/picocli-4.6.1.jar:/home/runner/.m2/repository/com/fasterxml/jackson/core/jackson-annotations/2.12.1/jackson-annotations-2.12.1.jar:/home/runner/.m2/repository/javax/annotation/javax.annotation-api/1.2/javax.annotation-api-1.2.jar:/home/runner/.m2/repository/org/apache/ratis/ratis-server/2.2.0/ratis-server-2.2.0.jar:/home/runner/.m2/repository/org/apache/ratis/ratis-client/2.2.0/ratis-client-2.2.0.jar:/home/runner/.m2/repository/org/apache/ratis/ratis-server-api/2.2.0/ratis-server-api-2.2.0.jar:/home/runner/.m2/repository/org/apache/ratis/ratis-metrics/2.2.0/ratis-metrics-2.2.0.jar:/home/runner/.m2/repository/org/apache/ratis/ratis-netty/2.2.0/ratis-netty-2.2.0.jar:/home/runner/.m2/repository/org/apache/ratis/ratis-grpc/2.2.0/ratis-grpc-2.2.0.jar:/home/runner/.m2/repository/org/apache/logging/log4j/log4j-api/2.17.0/log4j-api-2.17.0.jar:/home/runner/.m2/repository/org/apache/logging/log4j/log4j-core/2.17.0/log4j-core-2.17.0.jar:/home/runner/.m2/repository/com/lmax/disruptor/3.4.2/disruptor-3.4.2.jar:/home/runner/.m2/repository/org/apache/commons/commons-pool2/2.6.0/commons-pool2-2.6.0.jar:/home/runner/.m2/repository/org/bouncycastle/bcpkix-jdk15on/1.67/bcpkix-jdk15on-1.67.jar:/home/runner/.m2/repository/commons-validator/commons-validator/1.6/commons-validator-1.6.jar:/home/runner/.m2/repository/commons-beanutils/commons-beanutils/1.9.4/commons-beanutils-1.9.4.jar:/home/runner/.m2/repository/commons-digester/commons-digester/1.8.1/commons-digester-1.8.1.jar:/home/runner/.m2/repository/commons-collections/commons-collections/3.2.2/commons-collections-3.2.2.jar:/home/runner/.m2/repository/io/jaegertracing/jaeger-client/1.6.0/jaeger-client-1.6.0.jar:/home/runner/.m2/repository/io/jaegertracing/jaeger-thrift/1.6.0/jaeger-thrift-1.6.0.jar:/home/runner/.m2/repository/org/apache/thrift/libthrift/0.14.1/libthrift-0.14.1.jar:/home/runner/.m2/repository/com/squareup/okhttp3/okhttp/4.9.0/okhttp-4.9.0.jar:/home/runner/.m2/repository/com/squareup/okio/okio/2.8.0/okio-2.8.0.jar:/home/runner/.m2/repository/io/jaegertracing/jaeger-core/1.6.0/jaeger-core-1.6.0.jar:/home/runner/.m2/repository/io/jaegertracing/jaeger-tracerresolver/1.6.0/jaeger-tracerresolver-1.6.0.jar:/home/runner/.m2/repository/io/opentracing/contrib/opentracing-tracerresolver/0.1.8/opentracing-tracerresolver-0.1.8.jar:/home/runner/.m2/repository/org/jetbrains/kotlin/kotlin-stdlib/1.4.31/kotlin-stdlib-1.4.31.jar:/home/runner/.m2/repository/org/jetbrains/kotlin/kotlin-stdlib-common/1.4.31/kotlin-stdlib-common-1.4.31.jar:/home/runner/.m2/repository/org/jetbrains/annotations/13.0/annotations-13.0.jar:/home/runner/.m2/repository/io/opentracing/opentracing-util/0.33.0/opentracing-util-0.33.0.jar:/home/runner/.m2/repository/io/opentracing/opentracing-api/0.33.0/opentracing-api-0.33.0.jar:/home/runner/.m2/repository/io/opentracing/opentracing-noop/0.33.0/opentracing-noop-0.33.0.jar:/home/runner/.m2/repository/org/yaml/snakeyaml/1.26/snakeyaml-1.26.jar:/home/runner/.m2/repository/org/apache/ozone/hdds-interface-admin/1.3.0-SNAPSHOT/hdds-interface-admin-1.3.0-SNAPSHOT.jar:/home/runner/.m2/repository/junit/junit/4.13.1/junit-4.13.1.jar:/home/runner/.m2/repository/org/hamcrest/hamcrest-core/1.3/hamcrest-core-1.3.jar:/home/runner/.m2/repository/org/junit/jupiter/junit-jupiter-api/5.7.0/junit-jupiter-api-5.7.0.jar:/home/runner/.m2/repository/org/apiguardian/apiguardian-api/1.1.0/apiguardian-api-1.1.0.jar:/home/runner/.m2/repository/org/opentest4j/opentest4j/1.2.0/opentest4j-1.2.0.jar:/home/runner/.m2/repository/org/junit/platform/junit-platform-commons/1.7.0/junit-platform-commons-1.7.0.jar:/home/runner/.m2/repository/org/junit/jupiter/junit-jupiter-engine/5.7.0/junit-jupiter-engine-5.7.0.jar:/home/runner/.m2/repository/org/junit/platform/junit-platform-engine/1.7.0/junit-platform-engine-1.7.0.jar:/home/runner/.m2/repository/org/junit/vintage/junit-vintage-engine/5.7.0/junit-vintage-engine-5.7.0.jar:/home/runner/.m2/repository/org/junit/platform/junit-platform-launcher/1.7.0/junit-platform-launcher-1.7.0.jar:/home/runner/.m2/repository/org/openjdk/jmh/jmh-core/1.19/jmh-core-1.19.jar:/home/runner/.m2/repository/net/sf/jopt-simple/jopt-simple/4.6/jopt-simple-4.6.jar:/home/runner/.m2/repository/org/apache/commons/commons-math3/3.1.1/commons-math3-3.1.1.jar:/home/runner/.m2/repository/org/openjdk/jmh/jmh-generator-annprocess/1.19/jmh-generator-annprocess-1.19.jar:/home/runner/.m2/repository/org/mockito/mockito-core/2.28.2/mockito-core-2.28.2.jar:/home/runner/.m2/repository/net/bytebuddy/byte-buddy/1.9.10/byte-buddy-1.9.10.jar:/home/runner/.m2/repository/net/bytebuddy/byte-buddy-agent/1.9.10/byte-buddy-agent-1.9.10.jar:/home/runner/.m2/repository/org/objenesis/objenesis/1.0/objenesis-1.0.jar:/home/runner/.m2/repository/org/apache/hadoop/hadoop-kms/3.3.1/hadoop-kms-3.3.1.jar:/home/runner/.m2/repository/org/apache/hadoop/hadoop-auth/3.3.1/hadoop-auth-3.3.1.jar:/home/runner/.m2/repository/com/nimbusds/nimbus-jose-jwt/7.9/nimbus-jose-jwt-7.9.jar:/home/runner/.m2/repository/com/github/stephenc/jcip/jcip-annotations/1.0-1/jcip-annotations-1.0-1.jar:/home/runner/.m2/repository/net/minidev/json-smart/2.3.1/json-smart-2.3.1.jar:/home/runner/.m2/repository/net/minidev/accessors-smart/2.3.1/accessors-smart-2.3.1.jar:/home/runner/.m2/repository/org/ow2/asm/asm/5.0.4/asm-5.0.4.jar:/home/runner/.m2/repository/org/apache/zookeeper/zookeeper/3.5.6/zookeeper-3.5.6.jar:/home/runner/.m2/repository/org/apache/zookeeper/zookeeper-jute/3.5.6/zookeeper-jute-3.5.6.jar:/home/runner/.m2/repository/org/apache/yetus/audience-annotations/0.5.0/audience-annotations-0.5.0.jar:/home/runner/.m2/repository/org/apache/curator/curator-framework/4.2.0/curator-framework-4.2.0.jar:/home/runner/.m2/repository/org/apache/hadoop/thirdparty/hadoop-shaded-guava/1.1.1/hadoop-shaded-guava-1.1.1.jar:/home/runner/.m2/repository/com/sun/jersey/jersey-core/1.19/jersey-core-1.19.jar:/home/runner/.m2/repository/javax/ws/rs/jsr311-api/1.1.1/jsr311-api-1.1.1.jar:/home/runner/.m2/repository/com/sun/jersey/jersey-server/1.19/jersey-server-1.19.jar:/home/runner/.m2/repository/javax/servlet/javax.servlet-api/3.1.0/javax.servlet-api-3.1.0.jar:/home/runner/.m2/repository/org/eclipse/jetty/jetty-server/9.4.43.v20210629/jetty-server-9.4.43.v20210629.jar:/home/runner/.m2/repository/org/eclipse/jetty/jetty-http/9.4.43.v20210629/jetty-http-9.4.43.v20210629.jar:/home/runner/.m2/repository/org/eclipse/jetty/jetty-io/9.4.43.v20210629/jetty-io-9.4.43.v20210629.jar:/home/runner/.m2/repository/org/eclipse/jetty/jetty-webapp/9.4.43.v20210629/jetty-webapp-9.4.43.v20210629.jar:/home/runner/.m2/repository/org/eclipse/jetty/jetty-xml/9.4.43.v20210629/jetty-xml-9.4.43.v20210629.jar:/home/runner/.m2/repository/org/apache/hadoop/hadoop-common/3.3.1/hadoop-common-3.3.1.jar:/home/runner/.m2/repository/commons-net/commons-net/3.6/commons-net-3.6.jar:/home/runner/.m2/repository/jakarta/activation/jakarta.activation-api/1.2.1/jakarta.activation-api-1.2.1.jar:/home/runner/.m2/repository/com/sun/jersey/jersey-servlet/1.19/jersey-servlet-1.19.jar:/home/runner/.m2/repository/com/sun/jersey/jersey-json/1.19/jersey-json-1.19.jar:/home/runner/.m2/repository/org/codehaus/jettison/jettison/1.1/jettison-1.1.jar:/home/runner/.m2/repository/com/sun/xml/bind/jaxb-impl/2.2.3-1/jaxb-impl-2.2.3-1.jar:/home/runner/.m2/repository/org/codehaus/jackson/jackson-jaxrs/1.9.2/jackson-jaxrs-1.9.2.jar:/home/runner/.m2/repository/org/codehaus/jackson/jackson-xc/1.9.2/jackson-xc-1.9.2.jar:/home/runner/.m2/repository/org/apache/commons/commons-configuration2/2.1.1/commons-configuration2-2.1.1.jar:/home/runner/.m2/repository/org/apache/commons/commons-text/1.4/commons-text-1.4.jar:/home/runner/.m2/repository/com/google/re2j/re2j/1.1/re2j-1.1.jar:/home/runner/.m2/repository/com/jcraft/jsch/0.1.54/jsch-0.1.54.jar:/home/runner/.m2/repository/org/apache/curator/curator-client/4.2.0/curator-client-4.2.0.jar:/home/runner/.m2/repository/org/apache/curator/curator-recipes/4.2.0/curator-recipes-4.2.0.jar:/home/runner/.m2/repository/org/apache/kerby/kerb-core/1.0.1/kerb-core-1.0.1.jar:/home/runner/.m2/repository/org/apache/kerby/kerby-pkix/1.0.1/kerby-pkix-1.0.1.jar:/home/runner/.m2/repository/org/apache/kerby/kerby-asn1/1.0.1/kerby-asn1-1.0.1.jar:/home/runner/.m2/repository/org/apache/kerby/kerby-util/1.0.1/kerby-util-1.0.1.jar:/home/runner/.m2/repository/dnsjava/dnsjava/2.1.7/dnsjava-2.1.7.jar:/home/runner/.m2/repository/org/xerial/snappy/snappy-java/1.1.8.2/snappy-java-1.1.8.2.jar:/home/runner/.m2/repository/org/slf4j/jul-to-slf4j/1.7.30/jul-to-slf4j-1.7.30.jar:/home/runner/.m2/repository/org/eclipse/jetty/jetty-util/9.4.43.v20210629/jetty-util-9.4.43.v20210629.jar:/home/runner/.m2/repository/com/fasterxml/jackson/core/jackson-databind/2.12.1/jackson-databind-2.12.1.jar:/home/runner/.m2/repository/org/apache/hadoop/hadoop-kms/3.3.1/hadoop-kms-3.3.1-tests.jar:/home/runner/.m2/repository/org/apache/ozone/hdds-server-scm/1.3.0-SNAPSHOT/hdds-server-scm-1.3.0-SNAPSHOT-tests.jar:/home/runner/.m2/repository/org/apache/ozone/hdds-container-service/1.3.0-SNAPSHOT/hdds-container-service-1.3.0-SNAPSHOT-tests.jar:/home/runner/.m2/repository/commons-codec/commons-codec/1.11/commons-codec-1.11.jar:/home/runner/.m2/repository/io/netty/netty-transport/4.1.63.Final/netty-transport-4.1.63.Final.jar:/home/runner/.m2/repository/io/netty/netty-resolver/4.1.63.Final/netty-resolver-4.1.63.Final.jar:/home/runner/.m2/repository/io/netty/netty-codec/4.1.63.Final/netty-codec-4.1.63.Final.jar:/home/runner/.m2/repository/io/netty/netty-handler/4.1.63.Final/netty-handler-4.1.63.Final.jar:/home/runner/.m2/repository/org/apache/ozone/hdds-hadoop-dependency-test/1.3.0-SNAPSHOT/hdds-hadoop-dependency-test-1.3.0-SNAPSHOT.jar:/home/runner/.m2/repository/org/apache/hadoop/hadoop-common/3.3.1/hadoop-common-3.3.1-tests.jar:/home/runner/.m2/repository/org/assertj/assertj-core/3.12.2/assertj-core-3.12.2.jar:/home/runner/.m2/repository/org/apache/hadoop/hadoop-hdfs/3.3.1/hadoop-hdfs-3.3.1-tests.jar:/home/runner/.m2/repository/org/eclipse/jetty/jetty-util-ajax/9.4.43.v20210629/jetty-util-ajax-9.4.43.v20210629.jar:/home/runner/.m2/repository/commons-daemon/commons-daemon/1.0.13/commons-daemon-1.0.13.jar:/home/runner/.m2/repository/io/netty/netty/3.10.6.Final/netty-3.10.6.Final.jar:/home/runner/.m2/repository/io/netty/netty-all/4.1.63.Final/netty-all-4.1.63.Final.jar:/home/runner/.m2/repository/org/apache/htrace/htrace-core4/4.1.0-incubating/htrace-core4-4.1.0-incubating.jar:/home/runner/.m2/repository/org/fusesource/leveldbjni/leveldbjni-all/1.8/leveldbjni-all-1.8.jar:/home/runner/.m2/repository/org/apache/hadoop/hadoop-distcp/3.3.1/hadoop-distcp-3.3.1.jar:/home/runner/.m2/repository/org/apache/hadoop/hadoop-mapreduce-client-jobclient/3.3.1/hadoop-mapreduce-client-jobclient-3.3.1.jar:/home/runner/.m2/repository/org/apache/hadoop/hadoop-mapreduce-client-common/3.3.1/hadoop-mapreduce-client-common-3.3.1.jar:/home/runner/.m2/repository/org/apache/hadoop/hadoop-yarn-common/3.3.1/hadoop-yarn-common-3.3.1.jar:/home/runner/.m2/repository/org/apache/hadoop/hadoop-yarn-api/3.3.1/hadoop-yarn-api-3.3.1.jar:/home/runner/.m2/repository/com/sun/jersey/jersey-client/1.19/jersey-client-1.19.jar:/home/runner/.m2/repository/com/sun/jersey/contribs/jersey-guice/1.19/jersey-guice-1.19.jar:/home/runner/.m2/repository/com/fasterxml/jackson/jaxrs/jackson-jaxrs-json-provider/2.12.1/jackson-jaxrs-json-provider-2.12.1.jar:/home/runner/.m2/repository/com/fasterxml/jackson/jaxrs/jackson-jaxrs-base/2.12.1/jackson-jaxrs-base-2.12.1.jar:/home/runner/.m2/repository/org/apache/hadoop/hadoop-yarn-client/3.3.1/hadoop-yarn-client-3.3.1.jar:/home/runner/.m2/repository/org/eclipse/jetty/websocket/websocket-client/9.4.40.v20210413/websocket-client-9.4.40.v20210413.jar:/home/runner/.m2/repository/org/eclipse/jetty/jetty-client/9.4.40.v20210413/jetty-client-9.4.40.v20210413.jar:/home/runner/.m2/repository/org/eclipse/jetty/websocket/websocket-common/9.4.40.v20210413/websocket-common-9.4.40.v20210413.jar:/home/runner/.m2/repository/org/eclipse/jetty/websocket/websocket-api/9.4.40.v20210413/websocket-api-9.4.40.v20210413.jar:/home/runner/.m2/repository/org/jline/jline/3.9.0/jline-3.9.0.jar:/home/runner/.m2/repository/org/apache/hadoop/hadoop-mapreduce-client-core/3.3.1/hadoop-mapreduce-client-core-3.3.1.jar:/home/runner/.m2/repository/org/apache/avro/avro/1.7.7/avro-1.7.7.jar:/home/runner/.m2/repository/org/codehaus/jackson/jackson-core-asl/1.9.13/jackson-core-asl-1.9.13.jar:/home/runner/.m2/repository/org/codehaus/jackson/jackson-mapper-asl/1.9.13/jackson-mapper-asl-1.9.13.jar:/home/runner/.m2/repository/com/thoughtworks/paranamer/paranamer/2.3/paranamer-2.3.jar:/home/runner/.m2/repository/org/apache/hadoop/hadoop-annotations/3.3.1/hadoop-annotations-3.3.1.jar:/usr/lib/jvm/adoptopenjdk-8-hotspot-amd64/jre/../lib/tools.jar:/home/runner/.m2/repository/org/apache/hadoop/hadoop-distcp/3.3.1/hadoop-distcp-3.3.1-tests.jar:/home/runner/.m2/repository/org/apache/ratis/ratis-common/2.2.0/ratis-common-2.2.0.jar:/home/runner/.m2/repository/org/apache/ratis/ratis-thirdparty-misc/0.7.0/ratis-thirdparty-misc-0.7.0.jar:/home/runner/.m2/repository/org/apache/ratis/ratis-proto/2.2.0/ratis-proto-2.2.0.jar:"/>
    <property name="java.vm.vendor" value="AdoptOpenJDK"/>
    <property name="sun.arch.data.model" value="64"/>
    <property name="test.build.dir" value="/home/runner/work/ozone/ozone/hadoop-ozone/integration-test/target/test-dir"/>
    <property name="test.cache.data" value=""/>
    <property name="java.vendor.url" value="https://adoptopenjdk.net/"/>
    <property name="user.timezone" value=""/>
    <property name="java.vm.specification.version" value="1.8"/>
    <property name="os.name" value="Linux"/>
    <property name="test.build.data" value="/home/runner/work/ozone/ozone/hadoop-ozone/integration-test/target/test-dir"/>
    <property name="sun.java.launcher" value="SUN_STANDARD"/>
    <property name="sun.boot.library.path" value="/usr/lib/jvm/adoptopenjdk-8-hotspot-amd64/jre/lib/amd64"/>
    <property name="sun.java.command" value="/home/runner/work/ozone/ozone/hadoop-ozone/integration-test/target/surefire/surefirebooter5540286069897211915.jar /home/runner/work/ozone/ozone/hadoop-ozone/integration-test/target/surefire 2021-12-24T00-55-00_217-jvmRun1 surefire1757032475283003705tmp surefire_295663945026631258948tmp"/>
    <property name="surefire.test.class.path" value="/home/runner/work/ozone/ozone/hadoop-ozone/integration-test/target/test-classes:/home/runner/work/ozone/ozone/hadoop-ozone/integration-test/target/classes:/home/runner/.m2/repository/org/apache/ozone/ozone-common/1.3.0-SNAPSHOT/ozone-common-1.3.0-SNAPSHOT.jar:/home/runner/.m2/repository/org/apache/commons/commons-compress/1.21/commons-compress-1.21.jar:/home/runner/.m2/repository/org/apache/ozone/hdds-common/1.3.0-SNAPSHOT/hdds-common-1.3.0-SNAPSHOT.jar:/home/runner/.m2/repository/org/apache/ozone/hdds-client/1.3.0-SNAPSHOT/hdds-client-1.3.0-SNAPSHOT.jar:/home/runner/.m2/repository/org/apache/ozone/ozone-interface-client/1.3.0-SNAPSHOT/ozone-interface-client-1.3.0-SNAPSHOT.jar:/home/runner/.m2/repository/org/apache/ozone/hdds-test-utils/1.3.0-SNAPSHOT/hdds-test-utils-1.3.0-SNAPSHOT.jar:/home/runner/.m2/repository/com/google/guava/guava/30.1.1-jre/guava-30.1.1-jre.jar:/home/runner/.m2/repository/com/google/guava/failureaccess/1.0.1/failureaccess-1.0.1.jar:/home/runner/.m2/repository/com/google/guava/listenablefuture/9999.0-empty-to-avoid-conflict-with-guava/listenablefuture-9999.0-empty-to-avoid-conflict-with-guava.jar:/home/runner/.m2/repository/com/google/code/findbugs/jsr305/3.0.0/jsr305-3.0.0.jar:/home/runner/.m2/repository/org/checkerframework/checker-qual/3.8.0/checker-qual-3.8.0.jar:/home/runner/.m2/repository/com/google/errorprone/error_prone_annotations/2.2.0/error_prone_annotations-2.2.0.jar:/home/runner/.m2/repository/com/google/j2objc/j2objc-annotations/1.3/j2objc-annotations-1.3.jar:/home/runner/.m2/repository/commons-io/commons-io/2.11.0/commons-io-2.11.0.jar:/home/runner/.m2/repository/commons-logging/commons-logging/1.2/commons-logging-1.2.jar:/home/runner/.m2/repository/log4j/log4j/1.2.17/log4j-1.2.17.jar:/home/runner/.m2/repository/org/slf4j/slf4j-api/1.7.30/slf4j-api-1.7.30.jar:/home/runner/.m2/repository/org/apache/ozone/hdds-server-scm/1.3.0-SNAPSHOT/hdds-server-scm-1.3.0-SNAPSHOT.jar:/home/runner/.m2/repository/org/apache/ozone/hdds-container-service/1.3.0-SNAPSHOT/hdds-container-service-1.3.0-SNAPSHOT.jar:/home/runner/.m2/repository/org/apache/ozone/hdds-hadoop-dependency-server/1.3.0-SNAPSHOT/hdds-hadoop-dependency-server-1.3.0-SNAPSHOT.jar:/home/runner/.m2/repository/org/apache/hadoop/hadoop-hdfs/3.3.1/hadoop-hdfs-3.3.1.jar:/home/runner/.m2/repository/org/apache/ozone/hdds-server-framework/1.3.0-SNAPSHOT/hdds-server-framework-1.3.0-SNAPSHOT.jar:/home/runner/.m2/repository/org/apache/ozone/hdds-interface-server/1.3.0-SNAPSHOT/hdds-interface-server-1.3.0-SNAPSHOT.jar:/home/runner/.m2/repository/org/eclipse/jetty/jetty-servlet/9.4.43.v20210629/jetty-servlet-9.4.43.v20210629.jar:/home/runner/.m2/repository/org/eclipse/jetty/jetty-security/9.4.43.v20210629/jetty-security-9.4.43.v20210629.jar:/home/runner/.m2/repository/org/rocksdb/rocksdbjni/6.25.3/rocksdbjni-6.25.3.jar:/home/runner/.m2/repository/io/prometheus/simpleclient_dropwizard/0.7.0/simpleclient_dropwizard-0.7.0.jar:/home/runner/.m2/repository/io/prometheus/simpleclient/0.7.0/simpleclient-0.7.0.jar:/home/runner/.m2/repository/io/prometheus/simpleclient_common/0.7.0/simpleclient_common-0.7.0.jar:/home/runner/.m2/repository/com/fasterxml/jackson/datatype/jackson-datatype-jsr310/2.12.1/jackson-datatype-jsr310-2.12.1.jar:/home/runner/.m2/repository/io/dropwizard/metrics/metrics-core/3.2.4/metrics-core-3.2.4.jar:/home/runner/.m2/repository/org/apache/hadoop/hadoop-hdfs-client/3.3.1/hadoop-hdfs-client-3.3.1.jar:/home/runner/.m2/repository/org/bouncycastle/bcprov-jdk15on/1.67/bcprov-jdk15on-1.67.jar:/home/runner/.m2/repository/com/google/protobuf/protobuf-java/2.5.0/protobuf-java-2.5.0.jar:/home/runner/.m2/repository/org/apache/ozone/ozone-manager/1.3.0-SNAPSHOT/ozone-manager-1.3.0-SNAPSHOT.jar:/home/runner/.m2/repository/org/aspectj/aspectjrt/1.9.7/aspectjrt-1.9.7.jar:/home/runner/.m2/repository/org/aspectj/aspectjweaver/1.9.7/aspectjweaver-1.9.7.jar:/home/runner/.m2/repository/org/apache/ozone/hdds-interface-client/1.3.0-SNAPSHOT/hdds-interface-client-1.3.0-SNAPSHOT.jar:/home/runner/.m2/repository/org/apache/hadoop/thirdparty/hadoop-shaded-protobuf_3_7/1.1.1/hadoop-shaded-protobuf_3_7-1.1.1.jar:/home/runner/.m2/repository/org/apache/ozone/ozone-interface-storage/1.3.0-SNAPSHOT/ozone-interface-storage-1.3.0-SNAPSHOT.jar:/home/runner/.m2/repository/org/reflections/reflections/0.9.11/reflections-0.9.11.jar:/home/runner/.m2/repository/org/apache/hadoop/hadoop-minikdc/3.3.1/hadoop-minikdc-3.3.1.jar:/home/runner/.m2/repository/org/apache/kerby/kerb-simplekdc/1.0.1/kerb-simplekdc-1.0.1.jar:/home/runner/.m2/repository/org/apache/kerby/kerb-client/1.0.1/kerb-client-1.0.1.jar:/home/runner/.m2/repository/org/apache/kerby/kerby-config/1.0.1/kerby-config-1.0.1.jar:/home/runner/.m2/repository/org/apache/kerby/kerb-common/1.0.1/kerb-common-1.0.1.jar:/home/runner/.m2/repository/org/apache/kerby/kerb-crypto/1.0.1/kerb-crypto-1.0.1.jar:/home/runner/.m2/repository/org/apache/kerby/kerb-util/1.0.1/kerb-util-1.0.1.jar:/home/runner/.m2/repository/org/apache/kerby/token-provider/1.0.1/token-provider-1.0.1.jar:/home/runner/.m2/repository/org/apache/kerby/kerb-admin/1.0.1/kerb-admin-1.0.1.jar:/home/runner/.m2/repository/org/apache/kerby/kerb-server/1.0.1/kerb-server-1.0.1.jar:/home/runner/.m2/repository/org/apache/kerby/kerb-identity/1.0.1/kerb-identity-1.0.1.jar:/home/runner/.m2/repository/org/apache/kerby/kerby-xdr/1.0.1/kerby-xdr-1.0.1.jar:/home/runner/.m2/repository/org/slf4j/slf4j-log4j12/1.7.30/slf4j-log4j12-1.7.30.jar:/home/runner/.m2/repository/org/apache/ozone/ozone-s3gateway/1.3.0-SNAPSHOT/ozone-s3gateway-1.3.0-SNAPSHOT.jar:/home/runner/.m2/repository/org/javassist/javassist/3.21.0-GA/javassist-3.21.0-GA.jar:/home/runner/.m2/repository/org/jboss/weld/servlet/weld-servlet/2.4.7.Final/weld-servlet-2.4.7.Final.jar:/home/runner/.m2/repository/org/glassfish/jersey/containers/jersey-container-servlet-core/2.33/jersey-container-servlet-core-2.33.jar:/home/runner/.m2/repository/org/glassfish/hk2/external/jakarta.inject/2.6.1/jakarta.inject-2.6.1.jar:/home/runner/.m2/repository/org/glassfish/jersey/core/jersey-common/2.33/jersey-common-2.33.jar:/home/runner/.m2/repository/jakarta/ws/rs/jakarta.ws.rs-api/2.1.6/jakarta.ws.rs-api-2.1.6.jar:/home/runner/.m2/repository/org/glassfish/jersey/ext/cdi/jersey-cdi1x/2.33/jersey-cdi1x-2.33.jar:/home/runner/.m2/repository/org/glassfish/jersey/inject/jersey-hk2/2.33/jersey-hk2-2.33.jar:/home/runner/.m2/repository/org/glassfish/hk2/hk2-locator/2.6.1/hk2-locator-2.6.1.jar:/home/runner/.m2/repository/org/glassfish/jersey/media/jersey-media-jaxb/2.33/jersey-media-jaxb-2.33.jar:/home/runner/.m2/repository/org/glassfish/hk2/osgi-resource-locator/1.0.3/osgi-resource-locator-1.0.3.jar:/home/runner/.m2/repository/org/glassfish/hk2/hk2-api/2.5.0/hk2-api-2.5.0.jar:/home/runner/.m2/repository/org/glassfish/hk2/hk2-utils/2.5.0/hk2-utils-2.5.0.jar:/home/runner/.m2/repository/org/glassfish/hk2/external/aopalliance-repackaged/2.5.0/aopalliance-repackaged-2.5.0.jar:/home/runner/.m2/repository/com/fasterxml/jackson/dataformat/jackson-dataformat-xml/2.12.1/jackson-dataformat-xml-2.12.1.jar:/home/runner/.m2/repository/com/fasterxml/jackson/core/jackson-core/2.12.1/jackson-core-2.12.1.jar:/home/runner/.m2/repository/com/fasterxml/jackson/module/jackson-module-jaxb-annotations/2.12.1/jackson-module-jaxb-annotations-2.12.1.jar:/home/runner/.m2/repository/jakarta/xml/bind/jakarta.xml.bind-api/2.3.2/jakarta.xml.bind-api-2.3.2.jar:/home/runner/.m2/repository/org/codehaus/woodstox/stax2-api/3.1.4/stax2-api-3.1.4.jar:/home/runner/.m2/repository/com/fasterxml/woodstox/woodstox-core/5.0.3/woodstox-core-5.0.3.jar:/home/runner/.m2/repository/javax/enterprise/cdi-api/1.2/cdi-api-1.2.jar:/home/runner/.m2/repository/javax/el/javax.el-api/3.0.0/javax.el-api-3.0.0.jar:/home/runner/.m2/repository/javax/interceptor/javax.interceptor-api/1.2/javax.interceptor-api-1.2.jar:/home/runner/.m2/repository/javax/inject/javax.inject/1/javax.inject-1.jar:/home/runner/.m2/repository/javax/xml/bind/jaxb-api/2.3.0/jaxb-api-2.3.0.jar:/home/runner/.m2/repository/org/glassfish/jaxb/jaxb-runtime/2.3.0.1/jaxb-runtime-2.3.0.1.jar:/home/runner/.m2/repository/org/glassfish/jaxb/jaxb-core/2.3.0.1/jaxb-core-2.3.0.1.jar:/home/runner/.m2/repository/org/glassfish/jaxb/txw2/2.3.0.1/txw2-2.3.0.1.jar:/home/runner/.m2/repository/com/sun/istack/istack-commons-runtime/3.0.5/istack-commons-runtime-3.0.5.jar:/home/runner/.m2/repository/org/jvnet/staxex/stax-ex/1.7.8/stax-ex-1.7.8.jar:/home/runner/.m2/repository/com/sun/xml/fastinfoset/FastInfoset/1.2.13/FastInfoset-1.2.13.jar:/home/runner/.m2/repository/javax/activation/activation/1.1.1/activation-1.1.1.jar:/home/runner/.m2/repository/org/apache/ozone/ozone-csi/1.3.0-SNAPSHOT/ozone-csi-1.3.0-SNAPSHOT.jar:/home/runner/.m2/repository/com/google/protobuf/protobuf-java-util/3.12.0/protobuf-java-util-3.12.0.jar:/home/runner/.m2/repository/com/google/code/gson/gson/2.2.4/gson-2.2.4.jar:/home/runner/.m2/repository/org/apache/ozone/hdds-config/1.3.0-SNAPSHOT/hdds-config-1.3.0-SNAPSHOT.jar:/home/runner/.m2/repository/io/grpc/grpc-netty/1.33.0/grpc-netty-1.33.0.jar:/home/runner/.m2/repository/io/grpc/grpc-core/1.33.0/grpc-core-1.33.0.jar:/home/runner/.m2/repository/com/google/android/annotations/4.1.1.4/annotations-4.1.1.4.jar:/home/runner/.m2/repository/io/netty/netty-codec-http2/4.1.63.Final/netty-codec-http2-4.1.63.Final.jar:/home/runner/.m2/repository/io/netty/netty-codec-http/4.1.63.Final/netty-codec-http-4.1.63.Final.jar:/home/runner/.m2/repository/io/netty/netty-handler-proxy/4.1.63.Final/netty-handler-proxy-4.1.63.Final.jar:/home/runner/.m2/repository/io/netty/netty-codec-socks/4.1.63.Final/netty-codec-socks-4.1.63.Final.jar:/home/runner/.m2/repository/io/perfmark/perfmark-api/0.19.0/perfmark-api-0.19.0.jar:/home/runner/.m2/repository/org/codehaus/mojo/animal-sniffer-annotations/1.18/animal-sniffer-annotations-1.18.jar:/home/runner/.m2/repository/io/netty/netty-transport-native-epoll/4.1.63.Final/netty-transport-native-epoll-4.1.63.Final.jar:/home/runner/.m2/repository/io/netty/netty-common/4.1.63.Final/netty-common-4.1.63.Final.jar:/home/runner/.m2/repository/io/netty/netty-buffer/4.1.63.Final/netty-buffer-4.1.63.Final.jar:/home/runner/.m2/repository/io/netty/netty-transport-native-unix-common/4.1.63.Final/netty-transport-native-unix-common-4.1.63.Final.jar:/home/runner/.m2/repository/io/grpc/grpc-protobuf/1.33.0/grpc-protobuf-1.33.0.jar:/home/runner/.m2/repository/io/grpc/grpc-api/1.33.0/grpc-api-1.33.0.jar:/home/runner/.m2/repository/io/grpc/grpc-context/1.33.0/grpc-context-1.33.0.jar:/home/runner/.m2/repository/com/google/api/grpc/proto-google-common-protos/1.17.0/proto-google-common-protos-1.17.0.jar:/home/runner/.m2/repository/io/grpc/grpc-protobuf-lite/1.33.0/grpc-protobuf-lite-1.33.0.jar:/home/runner/.m2/repository/io/grpc/grpc-stub/1.33.0/grpc-stub-1.33.0.jar:/home/runner/.m2/repository/org/apache/ozone/ozone-recon/1.3.0-SNAPSHOT/ozone-recon-1.3.0-SNAPSHOT.jar:/home/runner/.m2/repository/org/apache/ozone/ozone-reconcodegen/1.3.0-SNAPSHOT/ozone-reconcodegen-1.3.0-SNAPSHOT.jar:/home/runner/.m2/repository/com/google/inject/extensions/guice-multibindings/4.0/guice-multibindings-4.0.jar:/home/runner/.m2/repository/com/google/inject/guice/4.0/guice-4.0.jar:/home/runner/.m2/repository/aopalliance/aopalliance/1.0/aopalliance-1.0.jar:/home/runner/.m2/repository/com/google/inject/extensions/guice-assistedinject/4.0/guice-assistedinject-4.0.jar:/home/runner/.m2/repository/com/google/inject/extensions/guice-servlet/4.0/guice-servlet-4.0.jar:/home/runner/.m2/repository/org/glassfish/jersey/containers/jersey-container-servlet/2.33/jersey-container-servlet-2.33.jar:/home/runner/.m2/repository/org/glassfish/hk2/guice-bridge/2.5.0/guice-bridge-2.5.0.jar:/home/runner/.m2/repository/org/glassfish/jersey/core/jersey-server/2.33/jersey-server-2.33.jar:/home/runner/.m2/repository/org/glassfish/jersey/core/jersey-client/2.33/jersey-client-2.33.jar:/home/runner/.m2/repository/jakarta/annotation/jakarta.annotation-api/1.3.5/jakarta.annotation-api-1.3.5.jar:/home/runner/.m2/repository/jakarta/validation/jakarta.validation-api/2.0.2/jakarta.validation-api-2.0.2.jar:/home/runner/.m2/repository/org/glassfish/jersey/media/jersey-media-json-jackson/2.33/jersey-media-json-jackson-2.33.jar:/home/runner/.m2/repository/org/glassfish/jersey/ext/jersey-entity-filtering/2.33/jersey-entity-filtering-2.33.jar:/home/runner/.m2/repository/org/jooq/jooq/3.11.10/jooq-3.11.10.jar:/home/runner/.m2/repository/org/jooq/jooq-meta/3.11.10/jooq-meta-3.11.10.jar:/home/runner/.m2/repository/org/jooq/jooq-codegen/3.11.10/jooq-codegen-3.11.10.jar:/home/runner/.m2/repository/com/jolbox/bonecp/0.8.0.RELEASE/bonecp-0.8.0.RELEASE.jar:/home/runner/.m2/repository/org/apache/derby/derby/10.14.2.0/derby-10.14.2.0.jar:/home/runner/.m2/repository/org/xerial/sqlite-jdbc/3.25.2/sqlite-jdbc-3.25.2.jar:/home/runner/.m2/repository/org/springframework/spring-jdbc/5.2.18.RELEASE/spring-jdbc-5.2.18.RELEASE.jar:/home/runner/.m2/repository/org/springframework/spring-beans/5.2.18.RELEASE/spring-beans-5.2.18.RELEASE.jar:/home/runner/.m2/repository/org/springframework/spring-core/5.2.18.RELEASE/spring-core-5.2.18.RELEASE.jar:/home/runner/.m2/repository/org/springframework/spring-jcl/5.2.18.RELEASE/spring-jcl-5.2.18.RELEASE.jar:/home/runner/.m2/repository/org/springframework/spring-tx/5.2.18.RELEASE/spring-tx-5.2.18.RELEASE.jar:/home/runner/.m2/repository/org/apache/ozone/ozone-client/1.3.0-SNAPSHOT/ozone-client-1.3.0-SNAPSHOT.jar:/home/runner/.m2/repository/org/apache/ozone/ozone-filesystem/1.3.0-SNAPSHOT/ozone-filesystem-1.3.0-SNAPSHOT.jar:/home/runner/.m2/repository/org/apache/ozone/ozone-filesystem-common/1.3.0-SNAPSHOT/ozone-filesystem-common-1.3.0-SNAPSHOT.jar:/home/runner/.m2/repository/org/apache/ozone/ozone-tools/1.3.0-SNAPSHOT/ozone-tools-1.3.0-SNAPSHOT.jar:/home/runner/.m2/repository/org/apache/ratis/ratis-tools/2.2.0/ratis-tools-2.2.0.jar:/home/runner/.m2/repository/com/amazonaws/aws-java-sdk-core/1.12.124/aws-java-sdk-core-1.12.124.jar:/home/runner/.m2/repository/org/apache/httpcomponents/httpclient/4.5.13/httpclient-4.5.13.jar:/home/runner/.m2/repository/org/apache/httpcomponents/httpcore/4.4.13/httpcore-4.4.13.jar:/home/runner/.m2/repository/software/amazon/ion/ion-java/1.0.2/ion-java-1.0.2.jar:/home/runner/.m2/repository/com/fasterxml/jackson/dataformat/jackson-dataformat-cbor/2.12.1/jackson-dataformat-cbor-2.12.1.jar:/home/runner/.m2/repository/joda-time/joda-time/2.8.1/joda-time-2.8.1.jar:/home/runner/.m2/repository/com/amazonaws/aws-java-sdk-s3/1.12.124/aws-java-sdk-s3-1.12.124.jar:/home/runner/.m2/repository/com/amazonaws/aws-java-sdk-kms/1.12.124/aws-java-sdk-kms-1.12.124.jar:/home/runner/.m2/repository/com/amazonaws/jmespath-java/1.12.124/jmespath-java-1.12.124.jar:/home/runner/.m2/repository/org/kohsuke/metainf-services/metainf-services/1.8/metainf-services-1.8.jar:/home/runner/.m2/repository/org/apache/ozone/hdds-tools/1.3.0-SNAPSHOT/hdds-tools-1.3.0-SNAPSHOT.jar:/home/runner/.m2/repository/commons-cli/commons-cli/1.2/commons-cli-1.2.jar:/home/runner/.m2/repository/org/apache/commons/commons-lang3/3.7/commons-lang3-3.7.jar:/home/runner/.m2/repository/org/apache/ozone/ozone-manager/1.3.0-SNAPSHOT/ozone-manager-1.3.0-SNAPSHOT-tests.jar:/home/runner/.m2/repository/org/apache/ozone/hdds-common/1.3.0-SNAPSHOT/hdds-common-1.3.0-SNAPSHOT-tests.jar:/home/runner/.m2/repository/org/apache/ozone/hdds-hadoop-dependency-client/1.3.0-SNAPSHOT/hdds-hadoop-dependency-client-1.3.0-SNAPSHOT.jar:/home/runner/.m2/repository/info/picocli/picocli/4.6.1/picocli-4.6.1.jar:/home/runner/.m2/repository/com/fasterxml/jackson/core/jackson-annotations/2.12.1/jackson-annotations-2.12.1.jar:/home/runner/.m2/repository/javax/annotation/javax.annotation-api/1.2/javax.annotation-api-1.2.jar:/home/runner/.m2/repository/org/apache/ratis/ratis-server/2.2.0/ratis-server-2.2.0.jar:/home/runner/.m2/repository/org/apache/ratis/ratis-client/2.2.0/ratis-client-2.2.0.jar:/home/runner/.m2/repository/org/apache/ratis/ratis-server-api/2.2.0/ratis-server-api-2.2.0.jar:/home/runner/.m2/repository/org/apache/ratis/ratis-metrics/2.2.0/ratis-metrics-2.2.0.jar:/home/runner/.m2/repository/org/apache/ratis/ratis-netty/2.2.0/ratis-netty-2.2.0.jar:/home/runner/.m2/repository/org/apache/ratis/ratis-grpc/2.2.0/ratis-grpc-2.2.0.jar:/home/runner/.m2/repository/org/apache/logging/log4j/log4j-api/2.17.0/log4j-api-2.17.0.jar:/home/runner/.m2/repository/org/apache/logging/log4j/log4j-core/2.17.0/log4j-core-2.17.0.jar:/home/runner/.m2/repository/com/lmax/disruptor/3.4.2/disruptor-3.4.2.jar:/home/runner/.m2/repository/org/apache/commons/commons-pool2/2.6.0/commons-pool2-2.6.0.jar:/home/runner/.m2/repository/org/bouncycastle/bcpkix-jdk15on/1.67/bcpkix-jdk15on-1.67.jar:/home/runner/.m2/repository/commons-validator/commons-validator/1.6/commons-validator-1.6.jar:/home/runner/.m2/repository/commons-beanutils/commons-beanutils/1.9.4/commons-beanutils-1.9.4.jar:/home/runner/.m2/repository/commons-digester/commons-digester/1.8.1/commons-digester-1.8.1.jar:/home/runner/.m2/repository/commons-collections/commons-collections/3.2.2/commons-collections-3.2.2.jar:/home/runner/.m2/repository/io/jaegertracing/jaeger-client/1.6.0/jaeger-client-1.6.0.jar:/home/runner/.m2/repository/io/jaegertracing/jaeger-thrift/1.6.0/jaeger-thrift-1.6.0.jar:/home/runner/.m2/repository/org/apache/thrift/libthrift/0.14.1/libthrift-0.14.1.jar:/home/runner/.m2/repository/com/squareup/okhttp3/okhttp/4.9.0/okhttp-4.9.0.jar:/home/runner/.m2/repository/com/squareup/okio/okio/2.8.0/okio-2.8.0.jar:/home/runner/.m2/repository/io/jaegertracing/jaeger-core/1.6.0/jaeger-core-1.6.0.jar:/home/runner/.m2/repository/io/jaegertracing/jaeger-tracerresolver/1.6.0/jaeger-tracerresolver-1.6.0.jar:/home/runner/.m2/repository/io/opentracing/contrib/opentracing-tracerresolver/0.1.8/opentracing-tracerresolver-0.1.8.jar:/home/runner/.m2/repository/org/jetbrains/kotlin/kotlin-stdlib/1.4.31/kotlin-stdlib-1.4.31.jar:/home/runner/.m2/repository/org/jetbrains/kotlin/kotlin-stdlib-common/1.4.31/kotlin-stdlib-common-1.4.31.jar:/home/runner/.m2/repository/org/jetbrains/annotations/13.0/annotations-13.0.jar:/home/runner/.m2/repository/io/opentracing/opentracing-util/0.33.0/opentracing-util-0.33.0.jar:/home/runner/.m2/repository/io/opentracing/opentracing-api/0.33.0/opentracing-api-0.33.0.jar:/home/runner/.m2/repository/io/opentracing/opentracing-noop/0.33.0/opentracing-noop-0.33.0.jar:/home/runner/.m2/repository/org/yaml/snakeyaml/1.26/snakeyaml-1.26.jar:/home/runner/.m2/repository/org/apache/ozone/hdds-interface-admin/1.3.0-SNAPSHOT/hdds-interface-admin-1.3.0-SNAPSHOT.jar:/home/runner/.m2/repository/junit/junit/4.13.1/junit-4.13.1.jar:/home/runner/.m2/repository/org/hamcrest/hamcrest-core/1.3/hamcrest-core-1.3.jar:/home/runner/.m2/repository/org/junit/jupiter/junit-jupiter-api/5.7.0/junit-jupiter-api-5.7.0.jar:/home/runner/.m2/repository/org/apiguardian/apiguardian-api/1.1.0/apiguardian-api-1.1.0.jar:/home/runner/.m2/repository/org/opentest4j/opentest4j/1.2.0/opentest4j-1.2.0.jar:/home/runner/.m2/repository/org/junit/platform/junit-platform-commons/1.7.0/junit-platform-commons-1.7.0.jar:/home/runner/.m2/repository/org/junit/jupiter/junit-jupiter-engine/5.7.0/junit-jupiter-engine-5.7.0.jar:/home/runner/.m2/repository/org/junit/platform/junit-platform-engine/1.7.0/junit-platform-engine-1.7.0.jar:/home/runner/.m2/repository/org/junit/vintage/junit-vintage-engine/5.7.0/junit-vintage-engine-5.7.0.jar:/home/runner/.m2/repository/org/junit/platform/junit-platform-launcher/1.7.0/junit-platform-launcher-1.7.0.jar:/home/runner/.m2/repository/org/openjdk/jmh/jmh-core/1.19/jmh-core-1.19.jar:/home/runner/.m2/repository/net/sf/jopt-simple/jopt-simple/4.6/jopt-simple-4.6.jar:/home/runner/.m2/repository/org/apache/commons/commons-math3/3.1.1/commons-math3-3.1.1.jar:/home/runner/.m2/repository/org/openjdk/jmh/jmh-generator-annprocess/1.19/jmh-generator-annprocess-1.19.jar:/home/runner/.m2/repository/org/mockito/mockito-core/2.28.2/mockito-core-2.28.2.jar:/home/runner/.m2/repository/net/bytebuddy/byte-buddy/1.9.10/byte-buddy-1.9.10.jar:/home/runner/.m2/repository/net/bytebuddy/byte-buddy-agent/1.9.10/byte-buddy-agent-1.9.10.jar:/home/runner/.m2/repository/org/objenesis/objenesis/1.0/objenesis-1.0.jar:/home/runner/.m2/repository/org/apache/hadoop/hadoop-kms/3.3.1/hadoop-kms-3.3.1.jar:/home/runner/.m2/repository/org/apache/hadoop/hadoop-auth/3.3.1/hadoop-auth-3.3.1.jar:/home/runner/.m2/repository/com/nimbusds/nimbus-jose-jwt/7.9/nimbus-jose-jwt-7.9.jar:/home/runner/.m2/repository/com/github/stephenc/jcip/jcip-annotations/1.0-1/jcip-annotations-1.0-1.jar:/home/runner/.m2/repository/net/minidev/json-smart/2.3.1/json-smart-2.3.1.jar:/home/runner/.m2/repository/net/minidev/accessors-smart/2.3.1/accessors-smart-2.3.1.jar:/home/runner/.m2/repository/org/ow2/asm/asm/5.0.4/asm-5.0.4.jar:/home/runner/.m2/repository/org/apache/zookeeper/zookeeper/3.5.6/zookeeper-3.5.6.jar:/home/runner/.m2/repository/org/apache/zookeeper/zookeeper-jute/3.5.6/zookeeper-jute-3.5.6.jar:/home/runner/.m2/repository/org/apache/yetus/audience-annotations/0.5.0/audience-annotations-0.5.0.jar:/home/runner/.m2/repository/org/apache/curator/curator-framework/4.2.0/curator-framework-4.2.0.jar:/home/runner/.m2/repository/org/apache/hadoop/thirdparty/hadoop-shaded-guava/1.1.1/hadoop-shaded-guava-1.1.1.jar:/home/runner/.m2/repository/com/sun/jersey/jersey-core/1.19/jersey-core-1.19.jar:/home/runner/.m2/repository/javax/ws/rs/jsr311-api/1.1.1/jsr311-api-1.1.1.jar:/home/runner/.m2/repository/com/sun/jersey/jersey-server/1.19/jersey-server-1.19.jar:/home/runner/.m2/repository/javax/servlet/javax.servlet-api/3.1.0/javax.servlet-api-3.1.0.jar:/home/runner/.m2/repository/org/eclipse/jetty/jetty-server/9.4.43.v20210629/jetty-server-9.4.43.v20210629.jar:/home/runner/.m2/repository/org/eclipse/jetty/jetty-http/9.4.43.v20210629/jetty-http-9.4.43.v20210629.jar:/home/runner/.m2/repository/org/eclipse/jetty/jetty-io/9.4.43.v20210629/jetty-io-9.4.43.v20210629.jar:/home/runner/.m2/repository/org/eclipse/jetty/jetty-webapp/9.4.43.v20210629/jetty-webapp-9.4.43.v20210629.jar:/home/runner/.m2/repository/org/eclipse/jetty/jetty-xml/9.4.43.v20210629/jetty-xml-9.4.43.v20210629.jar:/home/runner/.m2/repository/org/apache/hadoop/hadoop-common/3.3.1/hadoop-common-3.3.1.jar:/home/runner/.m2/repository/commons-net/commons-net/3.6/commons-net-3.6.jar:/home/runner/.m2/repository/jakarta/activation/jakarta.activation-api/1.2.1/jakarta.activation-api-1.2.1.jar:/home/runner/.m2/repository/com/sun/jersey/jersey-servlet/1.19/jersey-servlet-1.19.jar:/home/runner/.m2/repository/com/sun/jersey/jersey-json/1.19/jersey-json-1.19.jar:/home/runner/.m2/repository/org/codehaus/jettison/jettison/1.1/jettison-1.1.jar:/home/runner/.m2/repository/com/sun/xml/bind/jaxb-impl/2.2.3-1/jaxb-impl-2.2.3-1.jar:/home/runner/.m2/repository/org/codehaus/jackson/jackson-jaxrs/1.9.2/jackson-jaxrs-1.9.2.jar:/home/runner/.m2/repository/org/codehaus/jackson/jackson-xc/1.9.2/jackson-xc-1.9.2.jar:/home/runner/.m2/repository/org/apache/commons/commons-configuration2/2.1.1/commons-configuration2-2.1.1.jar:/home/runner/.m2/repository/org/apache/commons/commons-text/1.4/commons-text-1.4.jar:/home/runner/.m2/repository/com/google/re2j/re2j/1.1/re2j-1.1.jar:/home/runner/.m2/repository/com/jcraft/jsch/0.1.54/jsch-0.1.54.jar:/home/runner/.m2/repository/org/apache/curator/curator-client/4.2.0/curator-client-4.2.0.jar:/home/runner/.m2/repository/org/apache/curator/curator-recipes/4.2.0/curator-recipes-4.2.0.jar:/home/runner/.m2/repository/org/apache/kerby/kerb-core/1.0.1/kerb-core-1.0.1.jar:/home/runner/.m2/repository/org/apache/kerby/kerby-pkix/1.0.1/kerby-pkix-1.0.1.jar:/home/runner/.m2/repository/org/apache/kerby/kerby-asn1/1.0.1/kerby-asn1-1.0.1.jar:/home/runner/.m2/repository/org/apache/kerby/kerby-util/1.0.1/kerby-util-1.0.1.jar:/home/runner/.m2/repository/dnsjava/dnsjava/2.1.7/dnsjava-2.1.7.jar:/home/runner/.m2/repository/org/xerial/snappy/snappy-java/1.1.8.2/snappy-java-1.1.8.2.jar:/home/runner/.m2/repository/org/slf4j/jul-to-slf4j/1.7.30/jul-to-slf4j-1.7.30.jar:/home/runner/.m2/repository/org/eclipse/jetty/jetty-util/9.4.43.v20210629/jetty-util-9.4.43.v20210629.jar:/home/runner/.m2/repository/com/fasterxml/jackson/core/jackson-databind/2.12.1/jackson-databind-2.12.1.jar:/home/runner/.m2/repository/org/apache/hadoop/hadoop-kms/3.3.1/hadoop-kms-3.3.1-tests.jar:/home/runner/.m2/repository/org/apache/ozone/hdds-server-scm/1.3.0-SNAPSHOT/hdds-server-scm-1.3.0-SNAPSHOT-tests.jar:/home/runner/.m2/repository/org/apache/ozone/hdds-container-service/1.3.0-SNAPSHOT/hdds-container-service-1.3.0-SNAPSHOT-tests.jar:/home/runner/.m2/repository/commons-codec/commons-codec/1.11/commons-codec-1.11.jar:/home/runner/.m2/repository/io/netty/netty-transport/4.1.63.Final/netty-transport-4.1.63.Final.jar:/home/runner/.m2/repository/io/netty/netty-resolver/4.1.63.Final/netty-resolver-4.1.63.Final.jar:/home/runner/.m2/repository/io/netty/netty-codec/4.1.63.Final/netty-codec-4.1.63.Final.jar:/home/runner/.m2/repository/io/netty/netty-handler/4.1.63.Final/netty-handler-4.1.63.Final.jar:/home/runner/.m2/repository/org/apache/ozone/hdds-hadoop-dependency-test/1.3.0-SNAPSHOT/hdds-hadoop-dependency-test-1.3.0-SNAPSHOT.jar:/home/runner/.m2/repository/org/apache/hadoop/hadoop-common/3.3.1/hadoop-common-3.3.1-tests.jar:/home/runner/.m2/repository/org/assertj/assertj-core/3.12.2/assertj-core-3.12.2.jar:/home/runner/.m2/repository/org/apache/hadoop/hadoop-hdfs/3.3.1/hadoop-hdfs-3.3.1-tests.jar:/home/runner/.m2/repository/org/eclipse/jetty/jetty-util-ajax/9.4.43.v20210629/jetty-util-ajax-9.4.43.v20210629.jar:/home/runner/.m2/repository/commons-daemon/commons-daemon/1.0.13/commons-daemon-1.0.13.jar:/home/runner/.m2/repository/io/netty/netty/3.10.6.Final/netty-3.10.6.Final.jar:/home/runner/.m2/repository/io/netty/netty-all/4.1.63.Final/netty-all-4.1.63.Final.jar:/home/runner/.m2/repository/org/apache/htrace/htrace-core4/4.1.0-incubating/htrace-core4-4.1.0-incubating.jar:/home/runner/.m2/repository/org/fusesource/leveldbjni/leveldbjni-all/1.8/leveldbjni-all-1.8.jar:/home/runner/.m2/repository/org/apache/hadoop/hadoop-distcp/3.3.1/hadoop-distcp-3.3.1.jar:/home/runner/.m2/repository/org/apache/hadoop/hadoop-mapreduce-client-jobclient/3.3.1/hadoop-mapreduce-client-jobclient-3.3.1.jar:/home/runner/.m2/repository/org/apache/hadoop/hadoop-mapreduce-client-common/3.3.1/hadoop-mapreduce-client-common-3.3.1.jar:/home/runner/.m2/repository/org/apache/hadoop/hadoop-yarn-common/3.3.1/hadoop-yarn-common-3.3.1.jar:/home/runner/.m2/repository/org/apache/hadoop/hadoop-yarn-api/3.3.1/hadoop-yarn-api-3.3.1.jar:/home/runner/.m2/repository/com/sun/jersey/jersey-client/1.19/jersey-client-1.19.jar:/home/runner/.m2/repository/com/sun/jersey/contribs/jersey-guice/1.19/jersey-guice-1.19.jar:/home/runner/.m2/repository/com/fasterxml/jackson/jaxrs/jackson-jaxrs-json-provider/2.12.1/jackson-jaxrs-json-provider-2.12.1.jar:/home/runner/.m2/repository/com/fasterxml/jackson/jaxrs/jackson-jaxrs-base/2.12.1/jackson-jaxrs-base-2.12.1.jar:/home/runner/.m2/repository/org/apache/hadoop/hadoop-yarn-client/3.3.1/hadoop-yarn-client-3.3.1.jar:/home/runner/.m2/repository/org/eclipse/jetty/websocket/websocket-client/9.4.40.v20210413/websocket-client-9.4.40.v20210413.jar:/home/runner/.m2/repository/org/eclipse/jetty/jetty-client/9.4.40.v20210413/jetty-client-9.4.40.v20210413.jar:/home/runner/.m2/repository/org/eclipse/jetty/websocket/websocket-common/9.4.40.v20210413/websocket-common-9.4.40.v20210413.jar:/home/runner/.m2/repository/org/eclipse/jetty/websocket/websocket-api/9.4.40.v20210413/websocket-api-9.4.40.v20210413.jar:/home/runner/.m2/repository/org/jline/jline/3.9.0/jline-3.9.0.jar:/home/runner/.m2/repository/org/apache/hadoop/hadoop-mapreduce-client-core/3.3.1/hadoop-mapreduce-client-core-3.3.1.jar:/home/runner/.m2/repository/org/apache/avro/avro/1.7.7/avro-1.7.7.jar:/home/runner/.m2/repository/org/codehaus/jackson/jackson-core-asl/1.9.13/jackson-core-asl-1.9.13.jar:/home/runner/.m2/repository/org/codehaus/jackson/jackson-mapper-asl/1.9.13/jackson-mapper-asl-1.9.13.jar:/home/runner/.m2/repository/com/thoughtworks/paranamer/paranamer/2.3/paranamer-2.3.jar:/home/runner/.m2/repository/org/apache/hadoop/hadoop-annotations/3.3.1/hadoop-annotations-3.3.1.jar:/usr/lib/jvm/adoptopenjdk-8-hotspot-amd64/jre/../lib/tools.jar:/home/runner/.m2/repository/org/apache/hadoop/hadoop-distcp/3.3.1/hadoop-distcp-3.3.1-tests.jar:/home/runner/.m2/repository/org/apache/ratis/ratis-common/2.2.0/ratis-common-2.2.0.jar:/home/runner/.m2/repository/org/apache/ratis/ratis-thirdparty-misc/0.7.0/ratis-thirdparty-misc-0.7.0.jar:/home/runner/.m2/repository/org/apache/ratis/ratis-proto/2.2.0/ratis-proto-2.2.0.jar:"/>
    <property name="sun.cpu.endian" value="little"/>
    <property name="user.home" value="/home/runner"/>
    <property name="user.language" value="en"/>
    <property name="java.specification.vendor" value="Oracle Corporation"/>
    <property name="java.home" value="/usr/lib/jvm/adoptopenjdk-8-hotspot-amd64/jre"/>
    <property name="java.security.krb5.conf" value="/home/runner/work/ozone/ozone/hadoop-ozone/integration-test/target/test-classes/krb5.conf"/>
    <property name="basedir" value="/home/runner/work/ozone/ozone/hadoop-ozone/integration-test"/>
    <property name="file.separator" value="/"/>
    <property name="line.separator" value="&#10;"/>
    <property name="java.vm.specification.vendor" value="Oracle Corporation"/>
    <property name="java.specification.name" value="Java Platform API Specification"/>
    <property name="java.awt.graphicsenv" value="sun.awt.X11GraphicsEnvironment"/>
    <property name="skip.installnpx" value="true"/>
    <property name="surefire.real.class.path" value="/home/runner/work/ozone/ozone/hadoop-ozone/integration-test/target/surefire/surefirebooter5540286069897211915.jar:/home/runner/.m2/repository/org/jacoco/org.jacoco.agent/0.8.5/org.jacoco.agent-0.8.5-runtime.jar"/>
    <property name="hadoop.log.dir" value="/home/runner/work/ozone/ozone/hadoop-ozone/integration-test/target/log"/>
    <property name="sun.boot.class.path" value="/usr/lib/jvm/adoptopenjdk-8-hotspot-amd64/jre/lib/resources.jar:/usr/lib/jvm/adoptopenjdk-8-hotspot-amd64/jre/lib/rt.jar:/usr/lib/jvm/adoptopenjdk-8-hotspot-amd64/jre/lib/sunrsasign.jar:/usr/lib/jvm/adoptopenjdk-8-hotspot-amd64/jre/lib/jsse.jar:/usr/lib/jvm/adoptopenjdk-8-hotspot-amd64/jre/lib/jce.jar:/usr/lib/jvm/adoptopenjdk-8-hotspot-amd64/jre/lib/charsets.jar:/usr/lib/jvm/adoptopenjdk-8-hotspot-amd64/jre/lib/jfr.jar:/usr/lib/jvm/adoptopenjdk-8-hotspot-amd64/jre/classes"/>
    <property name="sun.management.compiler" value="HotSpot 64-Bit Tiered Compilers"/>
    <property name="skip.npx" value="true"/>
    <property name="java.runtime.version" value="1.8.0_292-b10"/>
    <property name="java.net.preferIPv4Stack" value="true"/>
    <property name="user.name" value="runner"/>
    <property name="path.separator" value=":"/>
    <property name="java.security.egd" value="file:///dev/urandom"/>
    <property name="os.version" value="5.4.0-1064-azure"/>
    <property name="java.endorsed.dirs" value="/usr/lib/jvm/adoptopenjdk-8-hotspot-amd64/jre/lib/endorsed"/>
    <property name="java.runtime.name" value="OpenJDK Runtime Environment"/>
    <property name="file.encoding" value="UTF-8"/>
    <property name="java.vm.name" value="OpenJDK 64-Bit Server VM"/>
    <property name="test.build.webapps" value=""/>
    <property name="localRepository" value="/home/runner/.m2/repository"/>
    <property name="java.vendor.url.bug" value="https://github.com/AdoptOpenJDK/openjdk-support/issues"/>
    <property name="java.io.tmpdir" value="/tmp"/>
    <property name="require.test.libhadoop" value=""/>
    <property name="java.version" value="1.8.0_292"/>
    <property name="user.dir" value="/home/runner/work/ozone/ozone/hadoop-ozone/integration-test"/>
    <property name="os.arch" value="amd64"/>
    <property name="java.vm.specification.name" value="Java Virtual Machine Specification"/>
    <property name="test.build.classes" value="/home/runner/work/ozone/ozone/hadoop-ozone/integration-test/target/test-classes"/>
    <property name="java.awt.printerjob" value="sun.print.PSPrinterJob"/>
    <property name="sun.os.patch.level" value="unknown"/>
    <property name="hadoop.tmp.dir" value="/home/runner/work/ozone/ozone/hadoop-ozone/integration-test/target/tmp"/>
    <property name="java.library.path" value="/usr/java/packages/lib/amd64:/usr/lib64:/lib64:/lib:/usr/lib"/>
    <property name="java.vm.info" value="mixed mode"/>
    <property name="java.vendor" value="AdoptOpenJDK"/>
    <property name="java.vm.version" value="25.292-b10"/>
    <property name="java.ext.dirs" value="/usr/lib/jvm/adoptopenjdk-8-hotspot-amd64/jre/lib/ext:/usr/java/packages/lib/ext"/>
    <property name="sun.io.unicode.encoding" value="UnicodeLittle"/>
    <property name="java.class.version" value="52.0"/>
  </properties>
  <testcase name="testNonPrivilegedUserMkdirCreateBucket[0]" classname="org.apache.hadoop.fs.ozone.TestRootedOzoneFileSystem" time="0.078"/>
  <testcase name="testRenameFile[0]" classname="org.apache.hadoop.fs.ozone.TestRootedOzoneFileSystem" time="0.32"/>
  <testcase name="testListStatusRootAndVolumeRecursive[0]" classname="org.apache.hadoop.fs.ozone.TestRootedOzoneFileSystem" time="1.149"/>
  <testcase name="testTempMount[0]" classname="org.apache.hadoop.fs.ozone.TestRootedOzoneFileSystem" time="0.175"/>
  <testcase name="testListStatusRootAndVolumeNonRecursive[0]" classname="org.apache.hadoop.fs.ozone.TestRootedOzoneFileSystem" time="0.343"/>
  <testcase name="testDeleteVolumeAndBucket[0]" classname="org.apache.hadoop.fs.ozone.TestRootedOzoneFileSystem" time="0.056"/>
  <testcase name="testRenameDirToItsOwnSubDir[0]" classname="org.apache.hadoop.fs.ozone.TestRootedOzoneFileSystem" time="0.025"/>
  <testcase name="testOzoneFsServiceLoader[0]" classname="org.apache.hadoop.fs.ozone.TestRootedOzoneFileSystem" time="0.022"/>
  <testcase name="testTrash[0]" classname="org.apache.hadoop.fs.ozone.TestRootedOzoneFileSystem" time="0">
    <skipped/>
  </testcase>
  <testcase name="testRenameDestinationParentDoesntExist[0]" classname="org.apache.hadoop.fs.ozone.TestRootedOzoneFileSystem" time="0.05"/>
  <testcase name="testGetFileStatusRoot[0]" classname="org.apache.hadoop.fs.ozone.TestRootedOzoneFileSystem" time="0.004"/>
  <testcase name="testCreateWithInvalidPaths[0]" classname="org.apache.hadoop.fs.ozone.TestRootedOzoneFileSystem" time="0.006"/>
  <testcase name="testDeleteEmptyVolume[0]" classname="org.apache.hadoop.fs.ozone.TestRootedOzoneFileSystem" time="0.024"/>
  <testcase name="testListStatusRootAndVolumeContinuation[0]" classname="org.apache.hadoop.fs.ozone.TestRootedOzoneFileSystem" time="0">
    <skipped message="FS Path is enabled. Skipping this test as it is not tuned for FS Path yet" type="org.junit.AssumptionViolatedException">org.junit.AssumptionViolatedException: FS Path is enabled. Skipping this test as it is not tuned for FS Path yet
	at org.junit.Assume.assumeTrue(Assume.java:68)
	at org.apache.hadoop.fs.ozone.TestRootedOzoneFileSystem.testListStatusRootAndVolumeContinuation(TestRootedOzoneFileSystem.java:887)
	at sun.reflect.NativeMethodAccessorImpl.invoke0(Native Method)
	at sun.reflect.NativeMethodAccessorImpl.invoke(NativeMethodAccessorImpl.java:62)
	at sun.reflect.DelegatingMethodAccessorImpl.invoke(DelegatingMethodAccessorImpl.java:43)
	at java.lang.reflect.Method.invoke(Method.java:498)
	at org.junit.runners.model.FrameworkMethod$1.runReflectiveCall(FrameworkMethod.java:59)
	at org.junit.internal.runners.model.ReflectiveCallable.run(ReflectiveCallable.java:12)
	at org.junit.runners.model.FrameworkMethod.invokeExplosively(FrameworkMethod.java:56)
	at org.junit.internal.runners.statements.InvokeMethod.evaluate(InvokeMethod.java:17)
	at org.junit.internal.runners.statements.FailOnTimeout$CallableStatement.call(FailOnTimeout.java:288)
	at org.junit.internal.runners.statements.FailOnTimeout$CallableStatement.call(FailOnTimeout.java:282)
	at java.util.concurrent.FutureTask.run(FutureTask.java:266)
	at java.lang.Thread.run(Thread.java:748)
</skipped>
  </testcase>
  <testcase name="testDeleteVolumeBucketAndKey[0]" classname="org.apache.hadoop.fs.ozone.TestRootedOzoneFileSystem" time="0.156"/>
  <testcase name="testRenameToParentDir[0]" classname="org.apache.hadoop.fs.ozone.TestRootedOzoneFileSystem" time="0.116"/>
  <testcase name="testMkdirNonExistentVolumeBucket[0]" classname="org.apache.hadoop.fs.ozone.TestRootedOzoneFileSystem" time="0.021"/>
  <testcase name="testFailToDeleteRoot[0]" classname="org.apache.hadoop.fs.ozone.TestRootedOzoneFileSystem" time="0.005"/>
  <testcase name="testListStatusOnSubDirs[0]" classname="org.apache.hadoop.fs.ozone.TestRootedOzoneFileSystem" time="0.083"/>
  <testcase name="testListStatus[0]" classname="org.apache.hadoop.fs.ozone.TestRootedOzoneFileSystem" time="0.089"/>
  <testcase name="testGetTrashRoots[0]" classname="org.apache.hadoop.fs.ozone.TestRootedOzoneFileSystem" time="0.776"/>
  <testcase name="testCreateDoesNotAddParentDirKeys[0]" classname="org.apache.hadoop.fs.ozone.TestRootedOzoneFileSystem" time="0.076"/>
  <testcase name="testMkdirNonExistentVolume[0]" classname="org.apache.hadoop.fs.ozone.TestRootedOzoneFileSystem" time="0.013"/>
  <testcase name="testDeleteCreatesFakeParentDir[0]" classname="org.apache.hadoop.fs.ozone.TestRootedOzoneFileSystem" time="0">
    <skipped message="FS Path is enabled. Skipping this test as it is not tuned for FS Path yet" type="org.junit.AssumptionViolatedException">org.junit.AssumptionViolatedException: FS Path is enabled. Skipping this test as it is not tuned for FS Path yet
	at org.junit.Assume.assumeTrue(Assume.java:68)
	at org.apache.hadoop.fs.ozone.TestRootedOzoneFileSystem.testDeleteCreatesFakeParentDir(TestRootedOzoneFileSystem.java:302)
	at sun.reflect.NativeMethodAccessorImpl.invoke0(Native Method)
	at sun.reflect.NativeMethodAccessorImpl.invoke(NativeMethodAccessorImpl.java:62)
	at sun.reflect.DelegatingMethodAccessorImpl.invoke(DelegatingMethodAccessorImpl.java:43)
	at java.lang.reflect.Method.invoke(Method.java:498)
	at org.junit.runners.model.FrameworkMethod$1.runReflectiveCall(FrameworkMethod.java:59)
	at org.junit.internal.runners.model.ReflectiveCallable.run(ReflectiveCallable.java:12)
	at org.junit.runners.model.FrameworkMethod.invokeExplosively(FrameworkMethod.java:56)
	at org.junit.internal.runners.statements.InvokeMethod.evaluate(InvokeMethod.java:17)
	at org.junit.internal.runners.statements.FailOnTimeout$CallableStatement.call(FailOnTimeout.java:288)
	at org.junit.internal.runners.statements.FailOnTimeout$CallableStatement.call(FailOnTimeout.java:282)
	at java.util.concurrent.FutureTask.run(FutureTask.java:266)
	at java.lang.Thread.run(Thread.java:748)
</skipped>
  </testcase>
  <testcase name="testNonExplicitlyCreatedPathExistsAfterItsLeafsWereRemoved[0]" classname="org.apache.hadoop.fs.ozone.TestRootedOzoneFileSystem" time="0.077"/>
  <testcase name="testFileDelete[0]" classname="org.apache.hadoop.fs.ozone.TestRootedOzoneFileSystem" time="0.279"/>
  <testcase name="testRenameToTrashEnabled[0]" classname="org.apache.hadoop.fs.ozone.TestRootedOzoneFileSystem" time="0.139"/>
  <testcase name="testMkdirOnNonExistentVolumeBucketDir[0]" classname="org.apache.hadoop.fs.ozone.TestRootedOzoneFileSystem" time="0">
    <skipped message="FS Path is enabled. Skipping this test as it is not tuned for FS Path yet" type="org.junit.AssumptionViolatedException">org.junit.AssumptionViolatedException: FS Path is enabled. Skipping this test as it is not tuned for FS Path yet
	at org.junit.Assume.assumeTrue(Assume.java:68)
	at org.apache.hadoop.fs.ozone.TestRootedOzoneFileSystem.testMkdirOnNonExistentVolumeBucketDir(TestRootedOzoneFileSystem.java:405)
	at sun.reflect.NativeMethodAccessorImpl.invoke0(Native Method)
	at sun.reflect.NativeMethodAccessorImpl.invoke(NativeMethodAccessorImpl.java:62)
	at sun.reflect.DelegatingMethodAccessorImpl.invoke(DelegatingMethodAccessorImpl.java:43)
	at java.lang.reflect.Method.invoke(Method.java:498)
	at org.junit.runners.model.FrameworkMethod$1.runReflectiveCall(FrameworkMethod.java:59)
	at org.junit.internal.runners.model.ReflectiveCallable.run(ReflectiveCallable.java:12)
	at org.junit.runners.model.FrameworkMethod.invokeExplosively(FrameworkMethod.java:56)
	at org.junit.internal.runners.statements.InvokeMethod.evaluate(InvokeMethod.java:17)
	at org.junit.internal.runners.statements.FailOnTimeout$CallableStatement.call(FailOnTimeout.java:288)
	at org.junit.internal.runners.statements.FailOnTimeout$CallableStatement.call(FailOnTimeout.java:282)
	at java.util.concurrent.FutureTask.run(FutureTask.java:266)
	at java.lang.Thread.run(Thread.java:748)
</skipped>
    <system-out><![CDATA[01:38:39.032 [OM StateMachine ApplyTransaction Thread - 0] ERROR OMAudit - user=runner | ip=127.0.0.1 | op=RENAME_KEY {volume=volume92753, bucket=bucket72012, dataSize=0, replicationType=RATIS, replicationFactor=ONE, srcKey=.Trash/runner/Current/volume92753/bucket72012/testKey2, dstKey=.Trash/runner/211224013839/volume92753/bucket72012/testKey2} | ret=FAILURE
org.apache.hadoop.ozone.om.exceptions.OMException: Key not found /volume92753/bucket72012/.Trash/runner/Current/volume92753/bucket72012/testKey2
	at org.apache.hadoop.ozone.om.request.key.OMKeyRenameRequest.validateAndUpdateCache(OMKeyRenameRequest.java:179) ~[ozone-manager-1.3.0-SNAPSHOT.jar:?]
	at org.apache.hadoop.ozone.protocolPB.OzoneManagerRequestHandler.handleWriteRequest(OzoneManagerRequestHandler.java:244) ~[ozone-manager-1.3.0-SNAPSHOT.jar:?]
	at org.apache.hadoop.ozone.om.ratis.OzoneManagerStateMachine.runCommand(OzoneManagerStateMachine.java:502) ~[ozone-manager-1.3.0-SNAPSHOT.jar:?]
	at org.apache.hadoop.ozone.om.ratis.OzoneManagerStateMachine.lambda$2(OzoneManagerStateMachine.java:312) ~[ozone-manager-1.3.0-SNAPSHOT.jar:?]
	at java.util.concurrent.CompletableFuture$AsyncSupply.run(CompletableFuture.java:1604) [?:1.8.0_292]
	at java.util.concurrent.ThreadPoolExecutor.runWorker(ThreadPoolExecutor.java:1149) [?:1.8.0_292]
	at java.util.concurrent.ThreadPoolExecutor$Worker.run(ThreadPoolExecutor.java:624) [?:1.8.0_292]
	at java.lang.Thread.run(Thread.java:748) [?:1.8.0_292]
2021-12-24 01:38:39,032 [OM StateMachine ApplyTransaction Thread - 0] ERROR key.OMKeyRenameRequest (OMKeyRenameRequest.java:validateAndUpdateCache(231)) - Rename key failed for volume:volume92753 bucket:bucket72012 fromKey:.Trash/runner/Current/volume92753/bucket72012/testKey2 toKey:.Trash/runner/211224013839/volume92753/bucket72012/testKey2. Key: .Trash/runner/Current/volume92753/bucket72012/testKey2 not found.
]]></system-out>
  </testcase>
  <testcase name="testListStatusOnLargeDirectory[0]" classname="org.apache.hadoop.fs.ozone.TestRootedOzoneFileSystem" time="4.692">
    <failure message="Total directories listed do not match the existing directories expected:&lt;1536&gt; but was:&lt;1537&gt;" type="java.lang.AssertionError"><![CDATA[java.lang.AssertionError: Total directories listed do not match the existing directories expected:<1536> but was:<1537>
	at org.junit.Assert.fail(Assert.java:89)
	at org.junit.Assert.failNotEquals(Assert.java:835)
	at org.junit.Assert.assertEquals(Assert.java:647)
	at org.apache.hadoop.fs.ozone.TestRootedOzoneFileSystem.testListStatusOnLargeDirectory(TestRootedOzoneFileSystem.java:556)
	at sun.reflect.NativeMethodAccessorImpl.invoke0(Native Method)
	at sun.reflect.NativeMethodAccessorImpl.invoke(NativeMethodAccessorImpl.java:62)
	at sun.reflect.DelegatingMethodAccessorImpl.invoke(DelegatingMethodAccessorImpl.java:43)
	at java.lang.reflect.Method.invoke(Method.java:498)
	at org.junit.runners.model.FrameworkMethod$1.runReflectiveCall(FrameworkMethod.java:59)
	at org.junit.internal.runners.model.ReflectiveCallable.run(ReflectiveCallable.java:12)
	at org.junit.runners.model.FrameworkMethod.invokeExplosively(FrameworkMethod.java:56)
	at org.junit.internal.runners.statements.InvokeMethod.evaluate(InvokeMethod.java:17)
	at org.junit.internal.runners.statements.FailOnTimeout$CallableStatement.call(FailOnTimeout.java:288)
	at org.junit.internal.runners.statements.FailOnTimeout$CallableStatement.call(FailOnTimeout.java:282)
	at java.util.concurrent.FutureTask.run(FutureTask.java:266)
	at java.lang.Thread.run(Thread.java:748)
]]></failure>
    <system-out><![CDATA[2021-12-24 01:38:39,628 [2e196782-1f26-4ef8-afa6-0cc31c0abc64@group-B2F5C2C1054F-FollowerState] INFO  impl.FollowerState (FollowerState.java:run(134)) - 2e196782-1f26-4ef8-afa6-0cc31c0abc64@group-B2F5C2C1054F-FollowerState: change to CANDIDATE, lastRpcElapsedTime:5075988892ns, electionTimeout:5070ms
2021-12-24 01:38:39,628 [2e196782-1f26-4ef8-afa6-0cc31c0abc64@group-B2F5C2C1054F-FollowerState] INFO  impl.RoleInfo (RoleInfo.java:shutdownFollowerState(108)) - 2e196782-1f26-4ef8-afa6-0cc31c0abc64: shutdown 2e196782-1f26-4ef8-afa6-0cc31c0abc64@group-B2F5C2C1054F-FollowerState
2021-12-24 01:38:39,628 [2e196782-1f26-4ef8-afa6-0cc31c0abc64@group-B2F5C2C1054F-FollowerState] INFO  server.RaftServer$Division (RaftServerImpl.java:setRole(290)) - 2e196782-1f26-4ef8-afa6-0cc31c0abc64@group-B2F5C2C1054F: changes role from  FOLLOWER to CANDIDATE at term 4 for changeToCandidate
2021-12-24 01:38:39,628 [2e196782-1f26-4ef8-afa6-0cc31c0abc64@group-B2F5C2C1054F-FollowerState] INFO  server.RaftServerConfigKeys (ConfUtils.java:logGet(44)) - raft.server.leaderelection.pre-vote = false (custom)
2021-12-24 01:38:39,628 [2e196782-1f26-4ef8-afa6-0cc31c0abc64@group-B2F5C2C1054F-FollowerState] INFO  impl.RoleInfo (RoleInfo.java:updateAndGet(130)) - 2e196782-1f26-4ef8-afa6-0cc31c0abc64: start 2e196782-1f26-4ef8-afa6-0cc31c0abc64@group-B2F5C2C1054F-LeaderElection14
2021-12-24 01:38:39,640 [2e196782-1f26-4ef8-afa6-0cc31c0abc64@group-B2F5C2C1054F-LeaderElection14] INFO  impl.LeaderElection (LeaderElection.java:askForVotes(306)) - 2e196782-1f26-4ef8-afa6-0cc31c0abc64@group-B2F5C2C1054F-LeaderElection14 ELECTION round 0: submit vote requests at term 5 for -1: [22a3a911-1d28-4368-85d3-e1951647c4f2|rpc:10.1.0.29:42519|priority:0, 4eabc422-7584-4e9d-954f-0b25709ca983|rpc:10.1.0.29:34077|priority:1, 2e196782-1f26-4ef8-afa6-0cc31c0abc64|rpc:10.1.0.29:35521|priority:0], old=null
2021-12-24 01:38:39,650 [grpc-default-executor-3] INFO  server.RaftServer$Division (RaftServerImpl.java:requestVote(1046)) - 22a3a911-1d28-4368-85d3-e1951647c4f2@group-B2F5C2C1054F: receive requestVote(ELECTION, 2e196782-1f26-4ef8-afa6-0cc31c0abc64, group-B2F5C2C1054F, 5, (t:0, i:0))
2021-12-24 01:38:39,651 [grpc-default-executor-3] INFO  impl.VoteContext (VoteContext.java:log(48)) - 22a3a911-1d28-4368-85d3-e1951647c4f2@group-B2F5C2C1054F-FOLLOWER: accept ELECTION from 2e196782-1f26-4ef8-afa6-0cc31c0abc64: our priority 0 <= candidate's priority 0
2021-12-24 01:38:39,651 [grpc-default-executor-3] INFO  server.RaftServer$Division (RaftServerImpl.java:setRole(290)) - 22a3a911-1d28-4368-85d3-e1951647c4f2@group-B2F5C2C1054F: changes role from  FOLLOWER to FOLLOWER at term 5 for candidate:2e196782-1f26-4ef8-afa6-0cc31c0abc64
2021-12-24 01:38:39,651 [grpc-default-executor-3] INFO  impl.RoleInfo (RoleInfo.java:shutdownFollowerState(108)) - 22a3a911-1d28-4368-85d3-e1951647c4f2: shutdown 22a3a911-1d28-4368-85d3-e1951647c4f2@group-B2F5C2C1054F-FollowerState
2021-12-24 01:38:39,651 [grpc-default-executor-3] INFO  impl.RoleInfo (RoleInfo.java:updateAndGet(130)) - 22a3a911-1d28-4368-85d3-e1951647c4f2: start 22a3a911-1d28-4368-85d3-e1951647c4f2@group-B2F5C2C1054F-FollowerState
2021-12-24 01:38:39,652 [22a3a911-1d28-4368-85d3-e1951647c4f2@group-B2F5C2C1054F-FollowerState] INFO  impl.FollowerState (FollowerState.java:run(143)) - 22a3a911-1d28-4368-85d3-e1951647c4f2@group-B2F5C2C1054F-FollowerState was interrupted: {}
java.lang.InterruptedException: sleep interrupted
	at java.lang.Thread.sleep(Native Method)
	at java.lang.Thread.sleep(Thread.java:340)
	at java.util.concurrent.TimeUnit.sleep(TimeUnit.java:386)
	at org.apache.ratis.util.TimeDuration.sleep(TimeDuration.java:324)
	at org.apache.ratis.util.TimeDuration.sleep(TimeDuration.java:309)
	at org.apache.ratis.server.impl.FollowerState.run(FollowerState.java:118)
2021-12-24 01:38:39,653 [grpc-default-executor-3] INFO  server.RaftServer$Division (RaftServerImpl.java:requestVote(1078)) - 22a3a911-1d28-4368-85d3-e1951647c4f2@group-B2F5C2C1054F replies to ELECTION vote request: 2e196782-1f26-4ef8-afa6-0cc31c0abc64<-22a3a911-1d28-4368-85d3-e1951647c4f2#0:OK-t5. Peer's state: 22a3a911-1d28-4368-85d3-e1951647c4f2@group-B2F5C2C1054F:t5, leader=null, voted=2e196782-1f26-4ef8-afa6-0cc31c0abc64, raftlog=22a3a911-1d28-4368-85d3-e1951647c4f2@group-B2F5C2C1054F-SegmentedRaftLog:OPENED:c-1, conf=-1: [22a3a911-1d28-4368-85d3-e1951647c4f2|rpc:10.1.0.29:42519|dataStream:|priority:0, 4eabc422-7584-4e9d-954f-0b25709ca983|rpc:10.1.0.29:34077|dataStream:|priority:1, 2e196782-1f26-4ef8-afa6-0cc31c0abc64|rpc:10.1.0.29:35521|dataStream:|priority:0], old=null
2021-12-24 01:38:39,659 [grpc-default-executor-0] INFO  server.RaftServer$Division (RaftServerImpl.java:requestVote(1046)) - 4eabc422-7584-4e9d-954f-0b25709ca983@group-B2F5C2C1054F: receive requestVote(ELECTION, 2e196782-1f26-4ef8-afa6-0cc31c0abc64, group-B2F5C2C1054F, 5, (t:0, i:0))
2021-12-24 01:38:39,659 [grpc-default-executor-0] INFO  impl.VoteContext (VoteContext.java:log(48)) - 4eabc422-7584-4e9d-954f-0b25709ca983@group-B2F5C2C1054F-FOLLOWER: reject ELECTION from 2e196782-1f26-4ef8-afa6-0cc31c0abc64: our priority 1 > candidate's priority 0
2021-12-24 01:38:39,659 [grpc-default-executor-0] INFO  server.RaftServer$Division (RaftServerImpl.java:setRole(290)) - 4eabc422-7584-4e9d-954f-0b25709ca983@group-B2F5C2C1054F: changes role from  FOLLOWER to FOLLOWER at term 5 for candidate:2e196782-1f26-4ef8-afa6-0cc31c0abc64
2021-12-24 01:38:39,660 [grpc-default-executor-0] INFO  impl.RoleInfo (RoleInfo.java:shutdownFollowerState(108)) - 4eabc422-7584-4e9d-954f-0b25709ca983: shutdown 4eabc422-7584-4e9d-954f-0b25709ca983@group-B2F5C2C1054F-FollowerState
2021-12-24 01:38:39,660 [grpc-default-executor-0] INFO  impl.RoleInfo (RoleInfo.java:updateAndGet(130)) - 4eabc422-7584-4e9d-954f-0b25709ca983: start 4eabc422-7584-4e9d-954f-0b25709ca983@group-B2F5C2C1054F-FollowerState
2021-12-24 01:38:39,660 [4eabc422-7584-4e9d-954f-0b25709ca983@group-B2F5C2C1054F-FollowerState] INFO  impl.FollowerState (FollowerState.java:run(143)) - 4eabc422-7584-4e9d-954f-0b25709ca983@group-B2F5C2C1054F-FollowerState was interrupted: {}
java.lang.InterruptedException: sleep interrupted
	at java.lang.Thread.sleep(Native Method)
	at java.lang.Thread.sleep(Thread.java:340)
	at java.util.concurrent.TimeUnit.sleep(TimeUnit.java:386)
	at org.apache.ratis.util.TimeDuration.sleep(TimeDuration.java:324)
	at org.apache.ratis.util.TimeDuration.sleep(TimeDuration.java:309)
	at org.apache.ratis.server.impl.FollowerState.run(FollowerState.java:118)
2021-12-24 01:38:39,673 [grpc-default-executor-0] INFO  server.RaftServer$Division (RaftServerImpl.java:requestVote(1078)) - 4eabc422-7584-4e9d-954f-0b25709ca983@group-B2F5C2C1054F replies to ELECTION vote request: 2e196782-1f26-4ef8-afa6-0cc31c0abc64<-4eabc422-7584-4e9d-954f-0b25709ca983#0:FAIL-t5. Peer's state: 4eabc422-7584-4e9d-954f-0b25709ca983@group-B2F5C2C1054F:t5, leader=null, voted=null, raftlog=4eabc422-7584-4e9d-954f-0b25709ca983@group-B2F5C2C1054F-SegmentedRaftLog:OPENED:c-1, conf=-1: [22a3a911-1d28-4368-85d3-e1951647c4f2|rpc:10.1.0.29:42519|priority:0, 4eabc422-7584-4e9d-954f-0b25709ca983|rpc:10.1.0.29:34077|priority:1, 2e196782-1f26-4ef8-afa6-0cc31c0abc64|rpc:10.1.0.29:35521|priority:0], old=null
2021-12-24 01:38:39,674 [2e196782-1f26-4ef8-afa6-0cc31c0abc64@group-B2F5C2C1054F-LeaderElection14] INFO  impl.LeaderElection (LeaderElection.java:logAndReturn(89)) - 2e196782-1f26-4ef8-afa6-0cc31c0abc64@group-B2F5C2C1054F-LeaderElection14: ELECTION REJECTED received 2 response(s) and 0 exception(s):
2021-12-24 01:38:39,674 [2e196782-1f26-4ef8-afa6-0cc31c0abc64@group-B2F5C2C1054F-LeaderElection14] INFO  impl.LeaderElection (LeaderElection.java:logAndReturn(93)) -   Response 0: 2e196782-1f26-4ef8-afa6-0cc31c0abc64<-22a3a911-1d28-4368-85d3-e1951647c4f2#0:OK-t5
2021-12-24 01:38:39,674 [2e196782-1f26-4ef8-afa6-0cc31c0abc64@group-B2F5C2C1054F-LeaderElection14] INFO  impl.LeaderElection (LeaderElection.java:logAndReturn(93)) -   Response 1: 2e196782-1f26-4ef8-afa6-0cc31c0abc64<-4eabc422-7584-4e9d-954f-0b25709ca983#0:FAIL-t5
2021-12-24 01:38:39,674 [2e196782-1f26-4ef8-afa6-0cc31c0abc64@group-B2F5C2C1054F-LeaderElection14] INFO  impl.LeaderElection (LeaderElection.java:askForVotes(308)) - 2e196782-1f26-4ef8-afa6-0cc31c0abc64@group-B2F5C2C1054F-LeaderElection14 ELECTION round 0: result REJECTED
2021-12-24 01:38:39,674 [2e196782-1f26-4ef8-afa6-0cc31c0abc64@group-B2F5C2C1054F-LeaderElection14] INFO  server.RaftServer$Division (RaftServerImpl.java:setRole(290)) - 2e196782-1f26-4ef8-afa6-0cc31c0abc64@group-B2F5C2C1054F: changes role from CANDIDATE to FOLLOWER at term 5 for REJECTED
2021-12-24 01:38:39,674 [2e196782-1f26-4ef8-afa6-0cc31c0abc64@group-B2F5C2C1054F-LeaderElection14] INFO  impl.RoleInfo (RoleInfo.java:shutdownLeaderElection(121)) - 2e196782-1f26-4ef8-afa6-0cc31c0abc64: shutdown 2e196782-1f26-4ef8-afa6-0cc31c0abc64@group-B2F5C2C1054F-LeaderElection14
2021-12-24 01:38:39,675 [2e196782-1f26-4ef8-afa6-0cc31c0abc64@group-B2F5C2C1054F-LeaderElection14] INFO  impl.RoleInfo (RoleInfo.java:updateAndGet(130)) - 2e196782-1f26-4ef8-afa6-0cc31c0abc64: start 2e196782-1f26-4ef8-afa6-0cc31c0abc64@group-B2F5C2C1054F-FollowerState
]]></system-out>
  </testcase>
  <testcase name="testRenameToDifferentBucket[0]" classname="org.apache.hadoop.fs.ozone.TestRootedOzoneFileSystem" time="0.041"/>
  <testcase name="testListStatusInBucket[0]" classname="org.apache.hadoop.fs.ozone.TestRootedOzoneFileSystem" time="0.092">
    <failure message="FileStatus should return only the immediate children expected:&lt;2&gt; but was:&lt;1539&gt;" type="java.lang.AssertionError"><![CDATA[java.lang.AssertionError: FileStatus should return only the immediate children expected:<2> but was:<1539>
	at org.junit.Assert.fail(Assert.java:89)
	at org.junit.Assert.failNotEquals(Assert.java:835)
	at org.junit.Assert.assertEquals(Assert.java:647)
	at org.apache.hadoop.fs.ozone.TestRootedOzoneFileSystem.testListStatusInBucket(TestRootedOzoneFileSystem.java:530)
	at sun.reflect.NativeMethodAccessorImpl.invoke0(Native Method)
	at sun.reflect.NativeMethodAccessorImpl.invoke(NativeMethodAccessorImpl.java:62)
	at sun.reflect.DelegatingMethodAccessorImpl.invoke(DelegatingMethodAccessorImpl.java:43)
	at java.lang.reflect.Method.invoke(Method.java:498)
	at org.junit.runners.model.FrameworkMethod$1.runReflectiveCall(FrameworkMethod.java:59)
	at org.junit.internal.runners.model.ReflectiveCallable.run(ReflectiveCallable.java:12)
	at org.junit.runners.model.FrameworkMethod.invokeExplosively(FrameworkMethod.java:56)
	at org.junit.internal.runners.statements.InvokeMethod.evaluate(InvokeMethod.java:17)
	at org.junit.internal.runners.statements.FailOnTimeout$CallableStatement.call(FailOnTimeout.java:288)
	at org.junit.internal.runners.statements.FailOnTimeout$CallableStatement.call(FailOnTimeout.java:282)
	at java.util.concurrent.FutureTask.run(FutureTask.java:266)
	at java.lang.Thread.run(Thread.java:748)
]]></failure>
  </testcase>
  <testcase name="testRenameFileToDir[0]" classname="org.apache.hadoop.fs.ozone.TestRootedOzoneFileSystem" time="0.766"/>
  <testcase name="testNonPrivilegedUserMkdirCreateBucket[1]" classname="org.apache.hadoop.fs.ozone.TestRootedOzoneFileSystem" time="0">
    <skipped message="ACL is not enabled. Skipping this test as it requires ACL to be enabled to be meaningful." type="org.junit.AssumptionViolatedException">org.junit.AssumptionViolatedException: ACL is not enabled. Skipping this test as it requires ACL to be enabled to be meaningful.
	at org.junit.Assume.assumeTrue(Assume.java:68)
	at org.apache.hadoop.fs.ozone.TestRootedOzoneFileSystem.testNonPrivilegedUserMkdirCreateBucket(TestRootedOzoneFileSystem.java:1582)
	at sun.reflect.NativeMethodAccessorImpl.invoke0(Native Method)
	at sun.reflect.NativeMethodAccessorImpl.invoke(NativeMethodAccessorImpl.java:62)
	at sun.reflect.DelegatingMethodAccessorImpl.invoke(DelegatingMethodAccessorImpl.java:43)
	at java.lang.reflect.Method.invoke(Method.java:498)
	at org.junit.runners.model.FrameworkMethod$1.runReflectiveCall(FrameworkMethod.java:59)
	at org.junit.internal.runners.model.ReflectiveCallable.run(ReflectiveCallable.java:12)
	at org.junit.runners.model.FrameworkMethod.invokeExplosively(FrameworkMethod.java:56)
	at org.junit.internal.runners.statements.InvokeMethod.evaluate(InvokeMethod.java:17)
	at org.junit.internal.runners.statements.FailOnTimeout$CallableStatement.call(FailOnTimeout.java:288)
	at org.junit.internal.runners.statements.FailOnTimeout$CallableStatement.call(FailOnTimeout.java:282)
	at java.util.concurrent.FutureTask.run(FutureTask.java:266)
	at java.lang.Thread.run(Thread.java:748)
</skipped>
    <system-out><![CDATA[2021-12-24 01:38:44,635 [Listener at 127.0.0.1/36887] INFO  ozone.MiniOzoneClusterImpl (MiniOzoneClusterImpl.java:shutdown(453)) - Shutting down the Mini Ozone Cluster
2021-12-24 01:38:44,637 [Listener at 127.0.0.1/36887] INFO  ozone.MiniOzoneClusterImpl (MiniOzoneClusterImpl.java:stop(468)) - Stopping the Mini Ozone Cluster
2021-12-24 01:38:44,637 [Listener at 127.0.0.1/36887] INFO  ozone.MiniOzoneClusterImpl (MiniOzoneClusterImpl.java:stopOM(550)) - Stopping the OzoneManager
2021-12-24 01:38:44,637 [Listener at 127.0.0.1/36887] INFO  om.OzoneManager (OzoneManager.java:stop(1893)) - om1[localhost:0]: Stopping Ozone Manager
2021-12-24 01:38:44,637 [Listener at 127.0.0.1/36887] INFO  ipc.Server (Server.java:stop(3414)) - Stopping server on 36887
2021-12-24 01:38:44,642 [IPC Server listener on 0] INFO  ipc.Server (Server.java:run(1376)) - Stopping IPC Server listener on 0
2021-12-24 01:38:44,644 [IPC Server Responder] INFO  ipc.Server (Server.java:run(1512)) - Stopping IPC Server Responder
2021-12-24 01:38:44,644 [Listener at 127.0.0.1/36887] INFO  server.RaftServer (RaftServerProxy.java:lambda$close$6(391)) - om1: close
2021-12-24 01:38:44,645 [Listener at 127.0.0.1/36887] INFO  server.RaftServer$Division (RaftServerImpl.java:lambda$close$4(412)) - om1@group-C5BA1605619E: shutdown
2021-12-24 01:38:44,646 [Listener at 127.0.0.1/36887] INFO  util.JmxRegister (JmxRegister.java:unregister(73)) - Successfully un-registered JMX Bean with object name Ratis:service=RaftServer,group=group-C5BA1605619E,id=om1
2021-12-24 01:38:44,646 [Listener at 127.0.0.1/36887] INFO  impl.RoleInfo (RoleInfo.java:shutdownLeaderState(91)) - om1: shutdown om1@group-C5BA1605619E-LeaderStateImpl
2021-12-24 01:38:44,646 [Listener at 127.0.0.1/36887] INFO  impl.PendingRequests (PendingRequests.java:sendNotLeaderResponses(282)) - om1@group-C5BA1605619E-PendingRequests: sendNotLeaderResponses
2021-12-24 01:38:44,650 [om1@group-C5BA1605619E-StateMachineUpdater] INFO  ratis.OzoneManagerStateMachine (OzoneManagerStateMachine.java:takeSnapshot(417)) - Current Snapshot Index (t:1, i:4112)
2021-12-24 01:38:44,651 [om1@group-C5BA1605619E-StateMachineUpdater] INFO  impl.StateMachineUpdater (StateMachineUpdater.java:takeSnapshot(281)) - om1@group-C5BA1605619E-StateMachineUpdater: Took a snapshot at index 4112
2021-12-24 01:38:44,652 [om1@group-C5BA1605619E-StateMachineUpdater] INFO  impl.StateMachineUpdater (StateMachineUpdater.java:lambda$new$0(89)) - om1@group-C5BA1605619E-StateMachineUpdater: snapshotIndex: updateIncreasingly -1 -> 4112
2021-12-24 01:38:44,652 [om1@group-C5BA1605619E-StateMachineUpdater] INFO  ratis.OzoneManagerStateMachine (OzoneManagerStateMachine.java:close(471)) - StateMachine has shutdown. Shutdown OzoneManager if not already shutdown.
2021-12-24 01:38:44,652 [Listener at 127.0.0.1/36887] INFO  impl.StateMachineUpdater (StateMachineUpdater.java:stopAndJoin(149)) - om1@group-C5BA1605619E-StateMachineUpdater: set stopIndex = 4112
2021-12-24 01:38:44,653 [Listener at 127.0.0.1/36887] INFO  server.RaftServer$Division (ServerState.java:close(419)) - om1@group-C5BA1605619E: closes. applyIndex: 4112
2021-12-24 01:38:44,656 [om1@group-C5BA1605619E-SegmentedRaftLogWorker] INFO  segmented.SegmentedRaftLogWorker (SegmentedRaftLogWorker.java:run(327)) - om1@group-C5BA1605619E-SegmentedRaftLogWorker was interrupted, exiting. There are 0 tasks remaining in the queue.
2021-12-24 01:38:44,657 [Listener at 127.0.0.1/36887] INFO  segmented.SegmentedRaftLogWorker (SegmentedRaftLogWorker.java:close(237)) - om1@group-C5BA1605619E-SegmentedRaftLogWorker close()
2021-12-24 01:38:44,658 [Listener at 127.0.0.1/36887] INFO  server.GrpcService (GrpcService.java:closeImpl(262)) - om1: shutdown server with port 9872 now
2021-12-24 01:38:44,660 [Listener at 127.0.0.1/36887] INFO  server.GrpcService (GrpcService.java:closeImpl(271)) - om1: shutdown server with port 9872 successfully
2021-12-24 01:38:44,660 [org.apache.ratis.util.JvmPauseMonitor$$Lambda$528/1509220174@66113b7c] INFO  util.JvmPauseMonitor (JvmPauseMonitor.java:run(109)) - JvmPauseMonitor-om1: Stopped
2021-12-24 01:38:44,660 [Listener at 127.0.0.1/36887] INFO  ratis.OzoneManagerDoubleBuffer (OzoneManagerDoubleBuffer.java:stop(437)) - Stopping OMDoubleBuffer flush thread
2021-12-24 01:38:44,661 [OMDoubleBufferFlushThread] INFO  ratis.OzoneManagerDoubleBuffer (OzoneManagerDoubleBuffer.java:flushTransactions(356)) - OMDoubleBuffer flush thread OMDoubleBufferFlushThread is interrupted and will exit. OMDoubleBufferFlushThread
2021-12-24 01:38:44,662 [Listener at 127.0.0.1/36887] INFO  utils.BackgroundService (BackgroundService.java:shutdown(132)) - Shutting down service KeyDeletingService
2021-12-24 01:38:44,662 [Listener at 127.0.0.1/36887] INFO  utils.BackgroundService (BackgroundService.java:shutdown(132)) - Shutting down service DirectoryDeletingService
2021-12-24 01:38:44,665 [Listener at 127.0.0.1/36887] INFO  handler.ContextHandler (ContextHandler.java:doStop(1153)) - Stopped o.e.j.w.WebAppContext@f777d41{ozoneManager,/,null,STOPPED}{file:/home/runner/work/ozone/ozone/hadoop-ozone/integration-test/target/test-classes/webapps/ozoneManager}
2021-12-24 01:38:44,669 [Listener at 127.0.0.1/36887] INFO  server.AbstractConnector (AbstractConnector.java:doStop(381)) - Stopped ServerConnector@64176780{HTTP/1.1, (http/1.1)}{0.0.0.0:0}
2021-12-24 01:38:44,669 [Listener at 127.0.0.1/36887] INFO  server.session (HouseKeeper.java:stopScavenging(149)) - node0 Stopped scavenging
2021-12-24 01:38:44,670 [Listener at 127.0.0.1/36887] INFO  handler.ContextHandler (ContextHandler.java:doStop(1153)) - Stopped o.e.j.s.ServletContextHandler@53b1a09f{static,/static,file:///home/runner/work/ozone/ozone/hadoop-ozone/integration-test/target/test-classes/webapps/static,STOPPED}
2021-12-24 01:38:44,670 [Listener at 127.0.0.1/36887] INFO  handler.ContextHandler (ContextHandler.java:doStop(1153)) - Stopped o.e.j.s.ServletContextHandler@160c47b4{logs,/logs,file:///home/runner/work/ozone/ozone/hadoop-ozone/integration-test/target/log,STOPPED}
2021-12-24 01:38:44,671 [Trash Emptier] ERROR om.TrashPolicyOzone (TrashPolicyOzone.java:run(251)) - Error attempting to shutdown
java.lang.InterruptedException
	at java.util.concurrent.locks.AbstractQueuedSynchronizer$ConditionObject.awaitNanos(AbstractQueuedSynchronizer.java:2067)
	at java.util.concurrent.ThreadPoolExecutor.awaitTermination(ThreadPoolExecutor.java:1475)
	at org.apache.hadoop.ozone.om.TrashPolicyOzone$Emptier.run(TrashPolicyOzone.java:249)
	at java.lang.Thread.run(Thread.java:748)
2021-12-24 01:38:44,675 [Listener at 127.0.0.1/36887] INFO  ozone.MiniOzoneClusterImpl (MiniOzoneClusterImpl.java:stopDatanodes(527)) - Stopping the HddsDatanodes
2021-12-24 01:38:44,693 [22a3a911-1d28-4368-85d3-e1951647c4f2@group-B2F5C2C1054F-FollowerState] INFO  impl.FollowerState (FollowerState.java:run(134)) - 22a3a911-1d28-4368-85d3-e1951647c4f2@group-B2F5C2C1054F-FollowerState: change to CANDIDATE, lastRpcElapsedTime:5040675216ns, electionTimeout:5035ms
2021-12-24 01:38:44,694 [22a3a911-1d28-4368-85d3-e1951647c4f2@group-B2F5C2C1054F-FollowerState] INFO  impl.RoleInfo (RoleInfo.java:shutdownFollowerState(108)) - 22a3a911-1d28-4368-85d3-e1951647c4f2: shutdown 22a3a911-1d28-4368-85d3-e1951647c4f2@group-B2F5C2C1054F-FollowerState
2021-12-24 01:38:44,694 [22a3a911-1d28-4368-85d3-e1951647c4f2@group-B2F5C2C1054F-FollowerState] INFO  server.RaftServer$Division (RaftServerImpl.java:setRole(290)) - 22a3a911-1d28-4368-85d3-e1951647c4f2@group-B2F5C2C1054F: changes role from  FOLLOWER to CANDIDATE at term 5 for changeToCandidate
2021-12-24 01:38:44,694 [22a3a911-1d28-4368-85d3-e1951647c4f2@group-B2F5C2C1054F-FollowerState] INFO  server.RaftServerConfigKeys (ConfUtils.java:logGet(44)) - raft.server.leaderelection.pre-vote = false (custom)
2021-12-24 01:38:44,694 [22a3a911-1d28-4368-85d3-e1951647c4f2@group-B2F5C2C1054F-FollowerState] INFO  impl.RoleInfo (RoleInfo.java:updateAndGet(130)) - 22a3a911-1d28-4368-85d3-e1951647c4f2: start 22a3a911-1d28-4368-85d3-e1951647c4f2@group-B2F5C2C1054F-LeaderElection15
2021-12-24 01:38:44,698 [22a3a911-1d28-4368-85d3-e1951647c4f2@group-B2F5C2C1054F-LeaderElection15] INFO  impl.LeaderElection (LeaderElection.java:askForVotes(306)) - 22a3a911-1d28-4368-85d3-e1951647c4f2@group-B2F5C2C1054F-LeaderElection15 ELECTION round 0: submit vote requests at term 6 for -1: [22a3a911-1d28-4368-85d3-e1951647c4f2|rpc:10.1.0.29:42519|dataStream:|priority:0, 4eabc422-7584-4e9d-954f-0b25709ca983|rpc:10.1.0.29:34077|dataStream:|priority:1, 2e196782-1f26-4ef8-afa6-0cc31c0abc64|rpc:10.1.0.29:35521|dataStream:|priority:0], old=null
2021-12-24 01:38:44,707 [grpc-default-executor-0] INFO  server.RaftServer$Division (RaftServerImpl.java:requestVote(1046)) - 4eabc422-7584-4e9d-954f-0b25709ca983@group-B2F5C2C1054F: receive requestVote(ELECTION, 22a3a911-1d28-4368-85d3-e1951647c4f2, group-B2F5C2C1054F, 6, (t:0, i:0))
2021-12-24 01:38:44,708 [grpc-default-executor-0] INFO  impl.VoteContext (VoteContext.java:log(48)) - 4eabc422-7584-4e9d-954f-0b25709ca983@group-B2F5C2C1054F-FOLLOWER: reject ELECTION from 22a3a911-1d28-4368-85d3-e1951647c4f2: our priority 1 > candidate's priority 0
2021-12-24 01:38:44,708 [grpc-default-executor-0] INFO  server.RaftServer$Division (RaftServerImpl.java:setRole(290)) - 4eabc422-7584-4e9d-954f-0b25709ca983@group-B2F5C2C1054F: changes role from  FOLLOWER to FOLLOWER at term 6 for candidate:22a3a911-1d28-4368-85d3-e1951647c4f2
2021-12-24 01:38:44,708 [grpc-default-executor-0] INFO  impl.RoleInfo (RoleInfo.java:shutdownFollowerState(108)) - 4eabc422-7584-4e9d-954f-0b25709ca983: shutdown 4eabc422-7584-4e9d-954f-0b25709ca983@group-B2F5C2C1054F-FollowerState
2021-12-24 01:38:44,709 [grpc-default-executor-0] INFO  impl.RoleInfo (RoleInfo.java:updateAndGet(130)) - 4eabc422-7584-4e9d-954f-0b25709ca983: start 4eabc422-7584-4e9d-954f-0b25709ca983@group-B2F5C2C1054F-FollowerState
2021-12-24 01:38:44,709 [4eabc422-7584-4e9d-954f-0b25709ca983@group-B2F5C2C1054F-FollowerState] INFO  impl.FollowerState (FollowerState.java:run(143)) - 4eabc422-7584-4e9d-954f-0b25709ca983@group-B2F5C2C1054F-FollowerState was interrupted: {}
java.lang.InterruptedException: sleep interrupted
	at java.lang.Thread.sleep(Native Method)
	at java.lang.Thread.sleep(Thread.java:340)
	at java.util.concurrent.TimeUnit.sleep(TimeUnit.java:386)
	at org.apache.ratis.util.TimeDuration.sleep(TimeDuration.java:324)
	at org.apache.ratis.util.TimeDuration.sleep(TimeDuration.java:309)
	at org.apache.ratis.server.impl.FollowerState.run(FollowerState.java:118)
2021-12-24 01:38:44,712 [grpc-default-executor-0] INFO  server.RaftServer$Division (RaftServerImpl.java:requestVote(1078)) - 4eabc422-7584-4e9d-954f-0b25709ca983@group-B2F5C2C1054F replies to ELECTION vote request: 22a3a911-1d28-4368-85d3-e1951647c4f2<-4eabc422-7584-4e9d-954f-0b25709ca983#0:FAIL-t6. Peer's state: 4eabc422-7584-4e9d-954f-0b25709ca983@group-B2F5C2C1054F:t6, leader=null, voted=null, raftlog=4eabc422-7584-4e9d-954f-0b25709ca983@group-B2F5C2C1054F-SegmentedRaftLog:OPENED:c-1, conf=-1: [22a3a911-1d28-4368-85d3-e1951647c4f2|rpc:10.1.0.29:42519|priority:0, 4eabc422-7584-4e9d-954f-0b25709ca983|rpc:10.1.0.29:34077|priority:1, 2e196782-1f26-4ef8-afa6-0cc31c0abc64|rpc:10.1.0.29:35521|priority:0], old=null
2021-12-24 01:38:44,713 [grpc-default-executor-3] INFO  server.RaftServer$Division (RaftServerImpl.java:requestVote(1046)) - 2e196782-1f26-4ef8-afa6-0cc31c0abc64@group-B2F5C2C1054F: receive requestVote(ELECTION, 22a3a911-1d28-4368-85d3-e1951647c4f2, group-B2F5C2C1054F, 6, (t:0, i:0))
2021-12-24 01:38:44,713 [grpc-default-executor-3] INFO  impl.VoteContext (VoteContext.java:log(48)) - 2e196782-1f26-4ef8-afa6-0cc31c0abc64@group-B2F5C2C1054F-FOLLOWER: accept ELECTION from 22a3a911-1d28-4368-85d3-e1951647c4f2: our priority 0 <= candidate's priority 0
2021-12-24 01:38:44,713 [grpc-default-executor-3] INFO  server.RaftServer$Division (RaftServerImpl.java:setRole(290)) - 2e196782-1f26-4ef8-afa6-0cc31c0abc64@group-B2F5C2C1054F: changes role from  FOLLOWER to FOLLOWER at term 6 for candidate:22a3a911-1d28-4368-85d3-e1951647c4f2
2021-12-24 01:38:44,713 [grpc-default-executor-3] INFO  impl.RoleInfo (RoleInfo.java:shutdownFollowerState(108)) - 2e196782-1f26-4ef8-afa6-0cc31c0abc64: shutdown 2e196782-1f26-4ef8-afa6-0cc31c0abc64@group-B2F5C2C1054F-FollowerState
2021-12-24 01:38:44,713 [grpc-default-executor-3] INFO  impl.RoleInfo (RoleInfo.java:updateAndGet(130)) - 2e196782-1f26-4ef8-afa6-0cc31c0abc64: start 2e196782-1f26-4ef8-afa6-0cc31c0abc64@group-B2F5C2C1054F-FollowerState
2021-12-24 01:38:44,713 [2e196782-1f26-4ef8-afa6-0cc31c0abc64@group-B2F5C2C1054F-FollowerState] INFO  impl.FollowerState (FollowerState.java:run(143)) - 2e196782-1f26-4ef8-afa6-0cc31c0abc64@group-B2F5C2C1054F-FollowerState was interrupted: {}
java.lang.InterruptedException: sleep interrupted
	at java.lang.Thread.sleep(Native Method)
	at java.lang.Thread.sleep(Thread.java:340)
	at java.util.concurrent.TimeUnit.sleep(TimeUnit.java:386)
	at org.apache.ratis.util.TimeDuration.sleep(TimeDuration.java:324)
	at org.apache.ratis.util.TimeDuration.sleep(TimeDuration.java:309)
	at org.apache.ratis.server.impl.FollowerState.run(FollowerState.java:118)
2021-12-24 01:38:44,720 [grpc-default-executor-3] INFO  server.RaftServer$Division (RaftServerImpl.java:requestVote(1078)) - 2e196782-1f26-4ef8-afa6-0cc31c0abc64@group-B2F5C2C1054F replies to ELECTION vote request: 22a3a911-1d28-4368-85d3-e1951647c4f2<-2e196782-1f26-4ef8-afa6-0cc31c0abc64#0:OK-t6. Peer's state: 2e196782-1f26-4ef8-afa6-0cc31c0abc64@group-B2F5C2C1054F:t6, leader=null, voted=22a3a911-1d28-4368-85d3-e1951647c4f2, raftlog=2e196782-1f26-4ef8-afa6-0cc31c0abc64@group-B2F5C2C1054F-SegmentedRaftLog:OPENED:c-1, conf=-1: [22a3a911-1d28-4368-85d3-e1951647c4f2|rpc:10.1.0.29:42519|priority:0, 4eabc422-7584-4e9d-954f-0b25709ca983|rpc:10.1.0.29:34077|priority:1, 2e196782-1f26-4ef8-afa6-0cc31c0abc64|rpc:10.1.0.29:35521|priority:0], old=null
2021-12-24 01:38:44,721 [22a3a911-1d28-4368-85d3-e1951647c4f2@group-B2F5C2C1054F-LeaderElection15] INFO  impl.LeaderElection (LeaderElection.java:logAndReturn(89)) - 22a3a911-1d28-4368-85d3-e1951647c4f2@group-B2F5C2C1054F-LeaderElection15: ELECTION REJECTED received 2 response(s) and 0 exception(s):
2021-12-24 01:38:44,721 [22a3a911-1d28-4368-85d3-e1951647c4f2@group-B2F5C2C1054F-LeaderElection15] INFO  impl.LeaderElection (LeaderElection.java:logAndReturn(93)) -   Response 0: 22a3a911-1d28-4368-85d3-e1951647c4f2<-4eabc422-7584-4e9d-954f-0b25709ca983#0:FAIL-t6
2021-12-24 01:38:44,721 [22a3a911-1d28-4368-85d3-e1951647c4f2@group-B2F5C2C1054F-LeaderElection15] INFO  impl.LeaderElection (LeaderElection.java:logAndReturn(93)) -   Response 1: 22a3a911-1d28-4368-85d3-e1951647c4f2<-2e196782-1f26-4ef8-afa6-0cc31c0abc64#0:OK-t6
2021-12-24 01:38:44,721 [22a3a911-1d28-4368-85d3-e1951647c4f2@group-B2F5C2C1054F-LeaderElection15] INFO  impl.LeaderElection (LeaderElection.java:askForVotes(308)) - 22a3a911-1d28-4368-85d3-e1951647c4f2@group-B2F5C2C1054F-LeaderElection15 ELECTION round 0: result REJECTED
2021-12-24 01:38:44,722 [22a3a911-1d28-4368-85d3-e1951647c4f2@group-B2F5C2C1054F-LeaderElection15] INFO  server.RaftServer$Division (RaftServerImpl.java:setRole(290)) - 22a3a911-1d28-4368-85d3-e1951647c4f2@group-B2F5C2C1054F: changes role from CANDIDATE to FOLLOWER at term 6 for REJECTED
2021-12-24 01:38:44,722 [22a3a911-1d28-4368-85d3-e1951647c4f2@group-B2F5C2C1054F-LeaderElection15] INFO  impl.RoleInfo (RoleInfo.java:shutdownLeaderElection(121)) - 22a3a911-1d28-4368-85d3-e1951647c4f2: shutdown 22a3a911-1d28-4368-85d3-e1951647c4f2@group-B2F5C2C1054F-LeaderElection15
2021-12-24 01:38:44,722 [22a3a911-1d28-4368-85d3-e1951647c4f2@group-B2F5C2C1054F-LeaderElection15] INFO  impl.RoleInfo (RoleInfo.java:updateAndGet(130)) - 22a3a911-1d28-4368-85d3-e1951647c4f2: start 22a3a911-1d28-4368-85d3-e1951647c4f2@group-B2F5C2C1054F-FollowerState
2021-12-24 01:38:49,678 [Listener at 127.0.0.1/36887] INFO  ozoneimpl.OzoneContainer (OzoneContainer.java:stop(336)) - Attempting to stop container services.
2021-12-24 01:38:49,679 [ForkJoinPool.commonPool-worker-1] INFO  ozoneimpl.OzoneContainer (OzoneContainer.java:stop(336)) - Attempting to stop container services.
2021-12-24 01:38:49,680 [ForkJoinPool.commonPool-worker-1] INFO  server.RaftServer (RaftServerProxy.java:lambda$close$6(391)) - 4eabc422-7584-4e9d-954f-0b25709ca983: close
2021-12-24 01:38:49,680 [Listener at 127.0.0.1/36887] INFO  server.RaftServer (RaftServerProxy.java:lambda$close$6(391)) - 2e196782-1f26-4ef8-afa6-0cc31c0abc64: close
2021-12-24 01:38:49,680 [Listener at 127.0.0.1/36887] INFO  server.RaftServer$Division (RaftServerImpl.java:lambda$close$4(412)) - 2e196782-1f26-4ef8-afa6-0cc31c0abc64@group-B2F5C2C1054F: shutdown
2021-12-24 01:38:49,680 [ForkJoinPool.commonPool-worker-1] INFO  server.RaftServer$Division (RaftServerImpl.java:lambda$close$4(412)) - 4eabc422-7584-4e9d-954f-0b25709ca983@group-B2F5C2C1054F: shutdown
2021-12-24 01:38:49,681 [ForkJoinPool.commonPool-worker-1] INFO  util.JmxRegister (JmxRegister.java:unregister(73)) - Successfully un-registered JMX Bean with object name Ratis:service=RaftServer,group=group-B2F5C2C1054F,id=4eabc422-7584-4e9d-954f-0b25709ca983
2021-12-24 01:38:49,681 [ForkJoinPool.commonPool-worker-1] INFO  impl.RoleInfo (RoleInfo.java:shutdownFollowerState(108)) - 4eabc422-7584-4e9d-954f-0b25709ca983: shutdown 4eabc422-7584-4e9d-954f-0b25709ca983@group-B2F5C2C1054F-FollowerState
2021-12-24 01:38:49,681 [4eabc422-7584-4e9d-954f-0b25709ca983@group-B2F5C2C1054F-FollowerState] INFO  impl.FollowerState (FollowerState.java:run(143)) - 4eabc422-7584-4e9d-954f-0b25709ca983@group-B2F5C2C1054F-FollowerState was interrupted: {}
java.lang.InterruptedException: sleep interrupted
	at java.lang.Thread.sleep(Native Method)
	at java.lang.Thread.sleep(Thread.java:340)
	at java.util.concurrent.TimeUnit.sleep(TimeUnit.java:386)
	at org.apache.ratis.util.TimeDuration.sleep(TimeDuration.java:324)
	at org.apache.ratis.util.TimeDuration.sleep(TimeDuration.java:309)
	at org.apache.ratis.server.impl.FollowerState.run(FollowerState.java:118)
2021-12-24 01:38:49,681 [Listener at 127.0.0.1/36887] INFO  util.JmxRegister (JmxRegister.java:unregister(73)) - Successfully un-registered JMX Bean with object name Ratis:service=RaftServer,group=group-B2F5C2C1054F,id=2e196782-1f26-4ef8-afa6-0cc31c0abc64
2021-12-24 01:38:49,682 [Listener at 127.0.0.1/36887] INFO  impl.RoleInfo (RoleInfo.java:shutdownFollowerState(108)) - 2e196782-1f26-4ef8-afa6-0cc31c0abc64: shutdown 2e196782-1f26-4ef8-afa6-0cc31c0abc64@group-B2F5C2C1054F-FollowerState
2021-12-24 01:38:49,682 [ForkJoinPool.commonPool-worker-1] INFO  impl.StateMachineUpdater (StateMachineUpdater.java:stopAndJoin(149)) - 4eabc422-7584-4e9d-954f-0b25709ca983@group-B2F5C2C1054F-StateMachineUpdater: set stopIndex = -1
2021-12-24 01:38:49,683 [ForkJoinPool.commonPool-worker-1] INFO  server.RaftServer$Division (ServerState.java:close(419)) - 4eabc422-7584-4e9d-954f-0b25709ca983@group-B2F5C2C1054F: closes. applyIndex: -1
2021-12-24 01:38:49,683 [Listener at 127.0.0.1/36887] INFO  impl.StateMachineUpdater (StateMachineUpdater.java:stopAndJoin(149)) - 2e196782-1f26-4ef8-afa6-0cc31c0abc64@group-B2F5C2C1054F-StateMachineUpdater: set stopIndex = -1
2021-12-24 01:38:49,683 [2e196782-1f26-4ef8-afa6-0cc31c0abc64@group-B2F5C2C1054F-FollowerState] INFO  impl.FollowerState (FollowerState.java:run(143)) - 2e196782-1f26-4ef8-afa6-0cc31c0abc64@group-B2F5C2C1054F-FollowerState was interrupted: {}
java.lang.InterruptedException: sleep interrupted
	at java.lang.Thread.sleep(Native Method)
	at java.lang.Thread.sleep(Thread.java:340)
	at java.util.concurrent.TimeUnit.sleep(TimeUnit.java:386)
	at org.apache.ratis.util.TimeDuration.sleep(TimeDuration.java:324)
	at org.apache.ratis.util.TimeDuration.sleep(TimeDuration.java:309)
	at org.apache.ratis.server.impl.FollowerState.run(FollowerState.java:118)
2021-12-24 01:38:49,683 [Listener at 127.0.0.1/36887] INFO  server.RaftServer$Division (ServerState.java:close(419)) - 2e196782-1f26-4ef8-afa6-0cc31c0abc64@group-B2F5C2C1054F: closes. applyIndex: -1
2021-12-24 01:38:49,683 [4eabc422-7584-4e9d-954f-0b25709ca983@group-B2F5C2C1054F-SegmentedRaftLogWorker] INFO  segmented.SegmentedRaftLogWorker (SegmentedRaftLogWorker.java:run(327)) - 4eabc422-7584-4e9d-954f-0b25709ca983@group-B2F5C2C1054F-SegmentedRaftLogWorker was interrupted, exiting. There are 0 tasks remaining in the queue.
2021-12-24 01:38:49,684 [2e196782-1f26-4ef8-afa6-0cc31c0abc64@group-B2F5C2C1054F-SegmentedRaftLogWorker] INFO  segmented.SegmentedRaftLogWorker (SegmentedRaftLogWorker.java:run(327)) - 2e196782-1f26-4ef8-afa6-0cc31c0abc64@group-B2F5C2C1054F-SegmentedRaftLogWorker was interrupted, exiting. There are 0 tasks remaining in the queue.
2021-12-24 01:38:49,684 [ForkJoinPool.commonPool-worker-1] INFO  segmented.SegmentedRaftLogWorker (SegmentedRaftLogWorker.java:close(237)) - 4eabc422-7584-4e9d-954f-0b25709ca983@group-B2F5C2C1054F-SegmentedRaftLogWorker close()
2021-12-24 01:38:49,685 [ForkJoinPool.commonPool-worker-1] INFO  server.RaftServer$Division (RaftServerImpl.java:lambda$close$4(412)) - 4eabc422-7584-4e9d-954f-0b25709ca983@group-088344416576: shutdown
2021-12-24 01:38:49,685 [ForkJoinPool.commonPool-worker-1] INFO  util.JmxRegister (JmxRegister.java:unregister(73)) - Successfully un-registered JMX Bean with object name Ratis:service=RaftServer,group=group-088344416576,id=4eabc422-7584-4e9d-954f-0b25709ca983
2021-12-24 01:38:49,686 [ForkJoinPool.commonPool-worker-1] INFO  impl.RoleInfo (RoleInfo.java:shutdownFollowerState(108)) - 4eabc422-7584-4e9d-954f-0b25709ca983: shutdown 4eabc422-7584-4e9d-954f-0b25709ca983@group-088344416576-FollowerState
2021-12-24 01:38:49,686 [4eabc422-7584-4e9d-954f-0b25709ca983@group-088344416576-FollowerState] INFO  impl.FollowerState (FollowerState.java:run(143)) - 4eabc422-7584-4e9d-954f-0b25709ca983@group-088344416576-FollowerState was interrupted: {}
java.lang.InterruptedException: sleep interrupted
	at java.lang.Thread.sleep(Native Method)
	at java.lang.Thread.sleep(Thread.java:340)
	at java.util.concurrent.TimeUnit.sleep(TimeUnit.java:386)
	at org.apache.ratis.util.TimeDuration.sleep(TimeDuration.java:324)
	at org.apache.ratis.util.TimeDuration.sleep(TimeDuration.java:309)
	at org.apache.ratis.server.impl.FollowerState.run(FollowerState.java:118)
2021-12-24 01:38:49,686 [ForkJoinPool.commonPool-worker-1] INFO  impl.StateMachineUpdater (StateMachineUpdater.java:stopAndJoin(149)) - 4eabc422-7584-4e9d-954f-0b25709ca983@group-088344416576-StateMachineUpdater: set stopIndex = 27
2021-12-24 01:38:49,688 [4eabc422-7584-4e9d-954f-0b25709ca983@group-088344416576-StateMachineUpdater] INFO  ratis.ContainerStateMachine (ContainerStateMachine.java:takeSnapshot(299)) - group-088344416576: Taking a snapshot at:(t:4, i:27) file /home/runner/work/ozone/ozone/hadoop-ozone/integration-test/target/test-dir/MiniOzoneClusterImpl-635f7141-2f80-4d35-a4f4-b490462e309d/datanode-0/data/ratis/eb09b2b7-0249-4f37-8f90-088344416576/sm/snapshot.4_27
2021-12-24 01:38:49,687 [Listener at 127.0.0.1/36887] INFO  segmented.SegmentedRaftLogWorker (SegmentedRaftLogWorker.java:close(237)) - 2e196782-1f26-4ef8-afa6-0cc31c0abc64@group-B2F5C2C1054F-SegmentedRaftLogWorker close()
2021-12-24 01:38:49,700 [Listener at 127.0.0.1/36887] INFO  server.RaftServer$Division (RaftServerImpl.java:lambda$close$4(412)) - 2e196782-1f26-4ef8-afa6-0cc31c0abc64@group-B576E9D1F5C9: shutdown
2021-12-24 01:38:49,701 [Listener at 127.0.0.1/36887] INFO  util.JmxRegister (JmxRegister.java:unregister(73)) - Successfully un-registered JMX Bean with object name Ratis:service=RaftServer,group=group-B576E9D1F5C9,id=2e196782-1f26-4ef8-afa6-0cc31c0abc64
2021-12-24 01:38:49,701 [Listener at 127.0.0.1/36887] INFO  impl.RoleInfo (RoleInfo.java:shutdownLeaderState(91)) - 2e196782-1f26-4ef8-afa6-0cc31c0abc64: shutdown 2e196782-1f26-4ef8-afa6-0cc31c0abc64@group-B576E9D1F5C9-LeaderStateImpl
2021-12-24 01:38:49,701 [Listener at 127.0.0.1/36887] INFO  impl.PendingRequests (PendingRequests.java:sendNotLeaderResponses(282)) - 2e196782-1f26-4ef8-afa6-0cc31c0abc64@group-B576E9D1F5C9-PendingRequests: sendNotLeaderResponses
2021-12-24 01:38:49,703 [2e196782-1f26-4ef8-afa6-0cc31c0abc64@group-B576E9D1F5C9-StateMachineUpdater] INFO  ratis.ContainerStateMachine (ContainerStateMachine.java:takeSnapshot(299)) - group-B576E9D1F5C9: Taking a snapshot at:(t:1, i:0) file /home/runner/work/ozone/ozone/hadoop-ozone/integration-test/target/test-dir/MiniOzoneClusterImpl-635f7141-2f80-4d35-a4f4-b490462e309d/datanode-1/data/ratis/7bf829f6-68ac-4e2f-bdc1-b576e9d1f5c9/sm/snapshot.1_0
2021-12-24 01:38:49,703 [Listener at 127.0.0.1/36887] INFO  impl.StateMachineUpdater (StateMachineUpdater.java:stopAndJoin(149)) - 2e196782-1f26-4ef8-afa6-0cc31c0abc64@group-B576E9D1F5C9-StateMachineUpdater: set stopIndex = 0
2021-12-24 01:38:49,729 [2e196782-1f26-4ef8-afa6-0cc31c0abc64@group-B576E9D1F5C9-StateMachineUpdater] INFO  ratis.ContainerStateMachine (ContainerStateMachine.java:takeSnapshot(310)) - group-B576E9D1F5C9: Finished taking a snapshot at:(t:1, i:0) file:/home/runner/work/ozone/ozone/hadoop-ozone/integration-test/target/test-dir/MiniOzoneClusterImpl-635f7141-2f80-4d35-a4f4-b490462e309d/datanode-1/data/ratis/7bf829f6-68ac-4e2f-bdc1-b576e9d1f5c9/sm/snapshot.1_0 took: 26 ms
2021-12-24 01:38:49,731 [2e196782-1f26-4ef8-afa6-0cc31c0abc64@group-B576E9D1F5C9-StateMachineUpdater] INFO  impl.StateMachineUpdater (StateMachineUpdater.java:takeSnapshot(281)) - 2e196782-1f26-4ef8-afa6-0cc31c0abc64@group-B576E9D1F5C9-StateMachineUpdater: Took a snapshot at index 0
2021-12-24 01:38:49,731 [2e196782-1f26-4ef8-afa6-0cc31c0abc64@group-B576E9D1F5C9-StateMachineUpdater] INFO  impl.StateMachineUpdater (StateMachineUpdater.java:lambda$new$0(89)) - 2e196782-1f26-4ef8-afa6-0cc31c0abc64@group-B576E9D1F5C9-StateMachineUpdater: snapshotIndex: updateIncreasingly -1 -> 0
2021-12-24 01:38:49,732 [4eabc422-7584-4e9d-954f-0b25709ca983@group-088344416576-StateMachineUpdater] INFO  ratis.ContainerStateMachine (ContainerStateMachine.java:takeSnapshot(310)) - group-088344416576: Finished taking a snapshot at:(t:4, i:27) file:/home/runner/work/ozone/ozone/hadoop-ozone/integration-test/target/test-dir/MiniOzoneClusterImpl-635f7141-2f80-4d35-a4f4-b490462e309d/datanode-0/data/ratis/eb09b2b7-0249-4f37-8f90-088344416576/sm/snapshot.4_27 took: 44 ms
2021-12-24 01:38:49,732 [4eabc422-7584-4e9d-954f-0b25709ca983@group-088344416576-StateMachineUpdater] INFO  impl.StateMachineUpdater (StateMachineUpdater.java:takeSnapshot(281)) - 4eabc422-7584-4e9d-954f-0b25709ca983@group-088344416576-StateMachineUpdater: Took a snapshot at index 27
2021-12-24 01:38:49,732 [4eabc422-7584-4e9d-954f-0b25709ca983@group-088344416576-StateMachineUpdater] INFO  impl.StateMachineUpdater (StateMachineUpdater.java:lambda$new$0(89)) - 4eabc422-7584-4e9d-954f-0b25709ca983@group-088344416576-StateMachineUpdater: snapshotIndex: updateIncreasingly -1 -> 27
2021-12-24 01:38:49,737 [ForkJoinPool.commonPool-worker-1] INFO  server.RaftServer$Division (ServerState.java:close(419)) - 4eabc422-7584-4e9d-954f-0b25709ca983@group-088344416576: closes. applyIndex: 27
2021-12-24 01:38:49,737 [4eabc422-7584-4e9d-954f-0b25709ca983@group-088344416576-SegmentedRaftLogWorker] INFO  segmented.SegmentedRaftLogWorker (SegmentedRaftLogWorker.java:run(327)) - 4eabc422-7584-4e9d-954f-0b25709ca983@group-088344416576-SegmentedRaftLogWorker was interrupted, exiting. There are 0 tasks remaining in the queue.
2021-12-24 01:38:49,737 [ForkJoinPool.commonPool-worker-1] INFO  segmented.SegmentedRaftLogWorker (SegmentedRaftLogWorker.java:close(237)) - 4eabc422-7584-4e9d-954f-0b25709ca983@group-088344416576-SegmentedRaftLogWorker close()
2021-12-24 01:38:49,739 [ForkJoinPool.commonPool-worker-1] INFO  server.RaftServer$Division (RaftServerImpl.java:lambda$close$4(412)) - 4eabc422-7584-4e9d-954f-0b25709ca983@group-452905609A40: shutdown
2021-12-24 01:38:49,739 [ForkJoinPool.commonPool-worker-1] INFO  util.JmxRegister (JmxRegister.java:unregister(73)) - Successfully un-registered JMX Bean with object name Ratis:service=RaftServer,group=group-452905609A40,id=4eabc422-7584-4e9d-954f-0b25709ca983
2021-12-24 01:38:49,739 [ForkJoinPool.commonPool-worker-1] INFO  impl.RoleInfo (RoleInfo.java:shutdownLeaderState(91)) - 4eabc422-7584-4e9d-954f-0b25709ca983: shutdown 4eabc422-7584-4e9d-954f-0b25709ca983@group-452905609A40-LeaderStateImpl
2021-12-24 01:38:49,739 [Listener at 127.0.0.1/36887] INFO  server.RaftServer$Division (ServerState.java:close(419)) - 2e196782-1f26-4ef8-afa6-0cc31c0abc64@group-B576E9D1F5C9: closes. applyIndex: 0
2021-12-24 01:38:49,739 [ForkJoinPool.commonPool-worker-1] INFO  impl.PendingRequests (PendingRequests.java:sendNotLeaderResponses(282)) - 4eabc422-7584-4e9d-954f-0b25709ca983@group-452905609A40-PendingRequests: sendNotLeaderResponses
2021-12-24 01:38:49,740 [ForkJoinPool.commonPool-worker-1] INFO  impl.StateMachineUpdater (StateMachineUpdater.java:stopAndJoin(149)) - 4eabc422-7584-4e9d-954f-0b25709ca983@group-452905609A40-StateMachineUpdater: set stopIndex = 0
2021-12-24 01:38:49,741 [4eabc422-7584-4e9d-954f-0b25709ca983@group-452905609A40-StateMachineUpdater] INFO  ratis.ContainerStateMachine (ContainerStateMachine.java:takeSnapshot(299)) - group-452905609A40: Taking a snapshot at:(t:1, i:0) file /home/runner/work/ozone/ozone/hadoop-ozone/integration-test/target/test-dir/MiniOzoneClusterImpl-635f7141-2f80-4d35-a4f4-b490462e309d/datanode-0/data/ratis/95f9034f-00cd-401d-981a-452905609a40/sm/snapshot.1_0
2021-12-24 01:38:49,740 [2e196782-1f26-4ef8-afa6-0cc31c0abc64@group-B576E9D1F5C9-SegmentedRaftLogWorker] INFO  segmented.SegmentedRaftLogWorker (SegmentedRaftLogWorker.java:run(327)) - 2e196782-1f26-4ef8-afa6-0cc31c0abc64@group-B576E9D1F5C9-SegmentedRaftLogWorker was interrupted, exiting. There are 0 tasks remaining in the queue.
2021-12-24 01:38:49,745 [Listener at 127.0.0.1/36887] INFO  segmented.SegmentedRaftLogWorker (SegmentedRaftLogWorker.java:close(237)) - 2e196782-1f26-4ef8-afa6-0cc31c0abc64@group-B576E9D1F5C9-SegmentedRaftLogWorker close()
2021-12-24 01:38:49,746 [Listener at 127.0.0.1/36887] INFO  server.RaftServer$Division (RaftServerImpl.java:lambda$close$4(412)) - 2e196782-1f26-4ef8-afa6-0cc31c0abc64@group-088344416576: shutdown
2021-12-24 01:38:49,747 [Listener at 127.0.0.1/36887] INFO  util.JmxRegister (JmxRegister.java:unregister(73)) - Successfully un-registered JMX Bean with object name Ratis:service=RaftServer,group=group-088344416576,id=2e196782-1f26-4ef8-afa6-0cc31c0abc64
2021-12-24 01:38:49,747 [Listener at 127.0.0.1/36887] INFO  impl.RoleInfo (RoleInfo.java:shutdownFollowerState(108)) - 2e196782-1f26-4ef8-afa6-0cc31c0abc64: shutdown 2e196782-1f26-4ef8-afa6-0cc31c0abc64@group-088344416576-FollowerState
2021-12-24 01:38:49,747 [Listener at 127.0.0.1/36887] INFO  impl.StateMachineUpdater (StateMachineUpdater.java:stopAndJoin(149)) - 2e196782-1f26-4ef8-afa6-0cc31c0abc64@group-088344416576-StateMachineUpdater: set stopIndex = 27
2021-12-24 01:38:49,747 [2e196782-1f26-4ef8-afa6-0cc31c0abc64@group-088344416576-FollowerState] INFO  impl.FollowerState (FollowerState.java:run(143)) - 2e196782-1f26-4ef8-afa6-0cc31c0abc64@group-088344416576-FollowerState was interrupted: {}
java.lang.InterruptedException: sleep interrupted
	at java.lang.Thread.sleep(Native Method)
	at java.lang.Thread.sleep(Thread.java:340)
	at java.util.concurrent.TimeUnit.sleep(TimeUnit.java:386)
	at org.apache.ratis.util.TimeDuration.sleep(TimeDuration.java:324)
	at org.apache.ratis.util.TimeDuration.sleep(TimeDuration.java:309)
	at org.apache.ratis.server.impl.FollowerState.run(FollowerState.java:118)
2021-12-24 01:38:49,748 [2e196782-1f26-4ef8-afa6-0cc31c0abc64@group-088344416576-StateMachineUpdater] INFO  ratis.ContainerStateMachine (ContainerStateMachine.java:takeSnapshot(299)) - group-088344416576: Taking a snapshot at:(t:4, i:27) file /home/runner/work/ozone/ozone/hadoop-ozone/integration-test/target/test-dir/MiniOzoneClusterImpl-635f7141-2f80-4d35-a4f4-b490462e309d/datanode-1/data/ratis/eb09b2b7-0249-4f37-8f90-088344416576/sm/snapshot.4_27
2021-12-24 01:38:49,748 [4eabc422-7584-4e9d-954f-0b25709ca983@group-452905609A40-StateMachineUpdater] INFO  ratis.ContainerStateMachine (ContainerStateMachine.java:takeSnapshot(310)) - group-452905609A40: Finished taking a snapshot at:(t:1, i:0) file:/home/runner/work/ozone/ozone/hadoop-ozone/integration-test/target/test-dir/MiniOzoneClusterImpl-635f7141-2f80-4d35-a4f4-b490462e309d/datanode-0/data/ratis/95f9034f-00cd-401d-981a-452905609a40/sm/snapshot.1_0 took: 7 ms
2021-12-24 01:38:49,748 [4eabc422-7584-4e9d-954f-0b25709ca983@group-452905609A40-StateMachineUpdater] INFO  impl.StateMachineUpdater (StateMachineUpdater.java:takeSnapshot(281)) - 4eabc422-7584-4e9d-954f-0b25709ca983@group-452905609A40-StateMachineUpdater: Took a snapshot at index 0
2021-12-24 01:38:49,748 [4eabc422-7584-4e9d-954f-0b25709ca983@group-452905609A40-StateMachineUpdater] INFO  impl.StateMachineUpdater (StateMachineUpdater.java:lambda$new$0(89)) - 4eabc422-7584-4e9d-954f-0b25709ca983@group-452905609A40-StateMachineUpdater: snapshotIndex: updateIncreasingly -1 -> 0
2021-12-24 01:38:49,749 [ForkJoinPool.commonPool-worker-1] INFO  server.RaftServer$Division (ServerState.java:close(419)) - 4eabc422-7584-4e9d-954f-0b25709ca983@group-452905609A40: closes. applyIndex: 0
2021-12-24 01:38:49,749 [2e196782-1f26-4ef8-afa6-0cc31c0abc64@group-088344416576-StateMachineUpdater] INFO  ratis.ContainerStateMachine (ContainerStateMachine.java:takeSnapshot(310)) - group-088344416576: Finished taking a snapshot at:(t:4, i:27) file:/home/runner/work/ozone/ozone/hadoop-ozone/integration-test/target/test-dir/MiniOzoneClusterImpl-635f7141-2f80-4d35-a4f4-b490462e309d/datanode-1/data/ratis/eb09b2b7-0249-4f37-8f90-088344416576/sm/snapshot.4_27 took: 1 ms
2021-12-24 01:38:49,749 [4eabc422-7584-4e9d-954f-0b25709ca983@group-452905609A40-SegmentedRaftLogWorker] INFO  segmented.SegmentedRaftLogWorker (SegmentedRaftLogWorker.java:run(327)) - 4eabc422-7584-4e9d-954f-0b25709ca983@group-452905609A40-SegmentedRaftLogWorker was interrupted, exiting. There are 0 tasks remaining in the queue.
2021-12-24 01:38:49,749 [2e196782-1f26-4ef8-afa6-0cc31c0abc64@group-088344416576-StateMachineUpdater] INFO  impl.StateMachineUpdater (StateMachineUpdater.java:takeSnapshot(281)) - 2e196782-1f26-4ef8-afa6-0cc31c0abc64@group-088344416576-StateMachineUpdater: Took a snapshot at index 27
2021-12-24 01:38:49,749 [2e196782-1f26-4ef8-afa6-0cc31c0abc64@group-088344416576-StateMachineUpdater] INFO  impl.StateMachineUpdater (StateMachineUpdater.java:lambda$new$0(89)) - 2e196782-1f26-4ef8-afa6-0cc31c0abc64@group-088344416576-StateMachineUpdater: snapshotIndex: updateIncreasingly -1 -> 27
2021-12-24 01:38:49,749 [ForkJoinPool.commonPool-worker-1] INFO  segmented.SegmentedRaftLogWorker (SegmentedRaftLogWorker.java:close(237)) - 4eabc422-7584-4e9d-954f-0b25709ca983@group-452905609A40-SegmentedRaftLogWorker close()
2021-12-24 01:38:49,750 [Listener at 127.0.0.1/36887] INFO  server.RaftServer$Division (ServerState.java:close(419)) - 2e196782-1f26-4ef8-afa6-0cc31c0abc64@group-088344416576: closes. applyIndex: 27
2021-12-24 01:38:49,751 [2e196782-1f26-4ef8-afa6-0cc31c0abc64@group-088344416576-SegmentedRaftLogWorker] INFO  segmented.SegmentedRaftLogWorker (SegmentedRaftLogWorker.java:run(327)) - 2e196782-1f26-4ef8-afa6-0cc31c0abc64@group-088344416576-SegmentedRaftLogWorker was interrupted, exiting. There are 0 tasks remaining in the queue.
2021-12-24 01:38:49,752 [Listener at 127.0.0.1/36887] INFO  segmented.SegmentedRaftLogWorker (SegmentedRaftLogWorker.java:close(237)) - 2e196782-1f26-4ef8-afa6-0cc31c0abc64@group-088344416576-SegmentedRaftLogWorker close()
2021-12-24 01:38:49,752 [ForkJoinPool.commonPool-worker-1] INFO  server.GrpcService (GrpcService.java:closeImpl(262)) - 4eabc422-7584-4e9d-954f-0b25709ca983: shutdown server with port 34077 now
2021-12-24 01:38:49,752 [Listener at 127.0.0.1/36887] INFO  server.GrpcService (GrpcService.java:closeImpl(262)) - 2e196782-1f26-4ef8-afa6-0cc31c0abc64: shutdown server with port 35521 now
2021-12-24 01:38:49,763 [grpc-default-executor-0] WARN  server.GrpcServerProtocolService (LogUtils.java:warn(122)) - 4eabc422-7584-4e9d-954f-0b25709ca983: installSnapshot onError, lastRequest: 22a3a911-1d28-4368-85d3-e1951647c4f2->4eabc422-7584-4e9d-954f-0b25709ca983#343-t4,previous=(t:4, i:26),leaderCommit=25,initializing? true,entries: size=1, first=(t:4, i:27), METADATAENTRY(c:25): org.apache.ratis.thirdparty.io.grpc.StatusRuntimeException: CANCELLED: client cancelled
2021-12-24 01:38:49,763 [grpc-default-executor-2] WARN  server.GrpcServerProtocolService (LogUtils.java:warn(122)) - 2e196782-1f26-4ef8-afa6-0cc31c0abc64: installSnapshot onError, lastRequest: 22a3a911-1d28-4368-85d3-e1951647c4f2->2e196782-1f26-4ef8-afa6-0cc31c0abc64#341-t4,previous=(t:4, i:26),leaderCommit=25,initializing? true,entries: size=1, first=(t:4, i:27), METADATAENTRY(c:25): org.apache.ratis.thirdparty.io.grpc.StatusRuntimeException: CANCELLED: client cancelled
2021-12-24 01:38:49,768 [grpc-default-executor-0] WARN  server.GrpcLogAppender (LogUtils.java:warn(122)) - 22a3a911-1d28-4368-85d3-e1951647c4f2@group-088344416576->4eabc422-7584-4e9d-954f-0b25709ca983-AppendLogResponseHandler: Failed appendEntries: org.apache.ratis.thirdparty.io.grpc.StatusRuntimeException: CANCELLED: HTTP/2 error code: CANCEL
Received Rst Stream
2021-12-24 01:38:49,771 [grpc-default-executor-0] INFO  leader.FollowerInfo (FollowerInfoImpl.java:lambda$new$0(47)) - 22a3a911-1d28-4368-85d3-e1951647c4f2@group-088344416576->4eabc422-7584-4e9d-954f-0b25709ca983: nextIndex: updateUnconditionally 28 -> 27
2021-12-24 01:38:49,778 [ForkJoinPool.commonPool-worker-1] INFO  server.GrpcService (GrpcService.java:closeImpl(271)) - 4eabc422-7584-4e9d-954f-0b25709ca983: shutdown server with port 34077 successfully
2021-12-24 01:38:49,778 [org.apache.ratis.util.JvmPauseMonitor$$Lambda$528/1509220174@739a0a3e] INFO  util.JvmPauseMonitor (JvmPauseMonitor.java:run(109)) - JvmPauseMonitor-4eabc422-7584-4e9d-954f-0b25709ca983: Stopped
2021-12-24 01:38:49,790 [grpc-default-executor-2] WARN  server.GrpcLogAppender (LogUtils.java:warn(122)) - 22a3a911-1d28-4368-85d3-e1951647c4f2@group-088344416576->2e196782-1f26-4ef8-afa6-0cc31c0abc64-AppendLogResponseHandler: Failed appendEntries: org.apache.ratis.thirdparty.io.grpc.StatusRuntimeException: CANCELLED: HTTP/2 error code: CANCEL
Received Rst Stream
2021-12-24 01:38:49,791 [grpc-default-executor-2] INFO  leader.FollowerInfo (FollowerInfoImpl.java:lambda$new$0(47)) - 22a3a911-1d28-4368-85d3-e1951647c4f2@group-088344416576->2e196782-1f26-4ef8-afa6-0cc31c0abc64: nextIndex: updateUnconditionally 28 -> 27
2021-12-24 01:38:49,792 [Listener at 127.0.0.1/36887] INFO  server.GrpcService (GrpcService.java:closeImpl(271)) - 2e196782-1f26-4ef8-afa6-0cc31c0abc64: shutdown server with port 35521 successfully
2021-12-24 01:38:49,792 [org.apache.ratis.util.JvmPauseMonitor$$Lambda$528/1509220174@3736dab4] INFO  util.JvmPauseMonitor (JvmPauseMonitor.java:run(109)) - JvmPauseMonitor-2e196782-1f26-4ef8-afa6-0cc31c0abc64: Stopped
2021-12-24 01:38:49,813 [grpc-default-executor-0] WARN  server.GrpcLogAppender (LogUtils.java:warn(122)) - 22a3a911-1d28-4368-85d3-e1951647c4f2@group-088344416576->4eabc422-7584-4e9d-954f-0b25709ca983-AppendLogResponseHandler: Failed appendEntries: org.apache.ratis.thirdparty.io.grpc.StatusRuntimeException: UNAVAILABLE: io exception
2021-12-24 01:38:49,814 [grpc-default-executor-0] INFO  leader.FollowerInfo (FollowerInfoImpl.java:lambda$new$0(47)) - 22a3a911-1d28-4368-85d3-e1951647c4f2@group-088344416576->4eabc422-7584-4e9d-954f-0b25709ca983: nextIndex: updateUnconditionally 28 -> 27
2021-12-24 01:38:49,814 [grpc-default-executor-2] WARN  server.GrpcLogAppender (LogUtils.java:warn(122)) - 22a3a911-1d28-4368-85d3-e1951647c4f2@group-088344416576->2e196782-1f26-4ef8-afa6-0cc31c0abc64-AppendLogResponseHandler: Failed appendEntries: org.apache.ratis.thirdparty.io.grpc.StatusRuntimeException: UNAVAILABLE: io exception
2021-12-24 01:38:49,815 [22a3a911-1d28-4368-85d3-e1951647c4f2@group-B2F5C2C1054F-FollowerState] INFO  impl.FollowerState (FollowerState.java:run(134)) - 22a3a911-1d28-4368-85d3-e1951647c4f2@group-B2F5C2C1054F-FollowerState: change to CANDIDATE, lastRpcElapsedTime:5092302726ns, electionTimeout:5086ms
2021-12-24 01:38:49,815 [22a3a911-1d28-4368-85d3-e1951647c4f2@group-B2F5C2C1054F-FollowerState] INFO  impl.RoleInfo (RoleInfo.java:shutdownFollowerState(108)) - 22a3a911-1d28-4368-85d3-e1951647c4f2: shutdown 22a3a911-1d28-4368-85d3-e1951647c4f2@group-B2F5C2C1054F-FollowerState
2021-12-24 01:38:49,816 [22a3a911-1d28-4368-85d3-e1951647c4f2@group-B2F5C2C1054F-FollowerState] INFO  server.RaftServer$Division (RaftServerImpl.java:setRole(290)) - 22a3a911-1d28-4368-85d3-e1951647c4f2@group-B2F5C2C1054F: changes role from  FOLLOWER to CANDIDATE at term 6 for changeToCandidate
2021-12-24 01:38:49,816 [22a3a911-1d28-4368-85d3-e1951647c4f2@group-B2F5C2C1054F-FollowerState] INFO  server.RaftServerConfigKeys (ConfUtils.java:logGet(44)) - raft.server.leaderelection.pre-vote = false (custom)
2021-12-24 01:38:49,816 [22a3a911-1d28-4368-85d3-e1951647c4f2@group-B2F5C2C1054F-FollowerState] INFO  impl.RoleInfo (RoleInfo.java:updateAndGet(130)) - 22a3a911-1d28-4368-85d3-e1951647c4f2: start 22a3a911-1d28-4368-85d3-e1951647c4f2@group-B2F5C2C1054F-LeaderElection16
2021-12-24 01:38:49,817 [grpc-default-executor-2] INFO  leader.FollowerInfo (FollowerInfoImpl.java:lambda$new$0(47)) - 22a3a911-1d28-4368-85d3-e1951647c4f2@group-088344416576->2e196782-1f26-4ef8-afa6-0cc31c0abc64: nextIndex: updateUnconditionally 28 -> 27
2021-12-24 01:38:49,831 [22a3a911-1d28-4368-85d3-e1951647c4f2@group-B2F5C2C1054F-LeaderElection16] INFO  impl.LeaderElection (LeaderElection.java:askForVotes(306)) - 22a3a911-1d28-4368-85d3-e1951647c4f2@group-B2F5C2C1054F-LeaderElection16 ELECTION round 0: submit vote requests at term 7 for -1: [22a3a911-1d28-4368-85d3-e1951647c4f2|rpc:10.1.0.29:42519|dataStream:|priority:0, 4eabc422-7584-4e9d-954f-0b25709ca983|rpc:10.1.0.29:34077|dataStream:|priority:1, 2e196782-1f26-4ef8-afa6-0cc31c0abc64|rpc:10.1.0.29:35521|dataStream:|priority:0], old=null
2021-12-24 01:38:49,838 [22a3a911-1d28-4368-85d3-e1951647c4f2@group-B2F5C2C1054F-LeaderElection16] INFO  impl.LeaderElection (LogUtils.java:infoOrTrace(137)) - 22a3a911-1d28-4368-85d3-e1951647c4f2@group-B2F5C2C1054F-LeaderElection16 got exception when requesting votes: java.util.concurrent.ExecutionException: org.apache.ratis.thirdparty.io.grpc.StatusRuntimeException: UNAVAILABLE: io exception
2021-12-24 01:38:49,839 [22a3a911-1d28-4368-85d3-e1951647c4f2@group-B2F5C2C1054F-LeaderElection16] INFO  impl.LeaderElection (LogUtils.java:infoOrTrace(137)) - 22a3a911-1d28-4368-85d3-e1951647c4f2@group-B2F5C2C1054F-LeaderElection16 got exception when requesting votes: java.util.concurrent.ExecutionException: org.apache.ratis.thirdparty.io.grpc.StatusRuntimeException: UNAVAILABLE: io exception
2021-12-24 01:38:49,839 [22a3a911-1d28-4368-85d3-e1951647c4f2@group-B2F5C2C1054F-LeaderElection16] INFO  impl.LeaderElection (LeaderElection.java:logAndReturn(89)) - 22a3a911-1d28-4368-85d3-e1951647c4f2@group-B2F5C2C1054F-LeaderElection16: ELECTION REJECTED received 0 response(s) and 2 exception(s):
2021-12-24 01:38:49,839 [22a3a911-1d28-4368-85d3-e1951647c4f2@group-B2F5C2C1054F-LeaderElection16] INFO  impl.LeaderElection (LogUtils.java:infoOrTrace(137)) -   Exception 0: java.util.concurrent.ExecutionException: org.apache.ratis.thirdparty.io.grpc.StatusRuntimeException: UNAVAILABLE: io exception
2021-12-24 01:38:49,839 [22a3a911-1d28-4368-85d3-e1951647c4f2@group-B2F5C2C1054F-LeaderElection16] INFO  impl.LeaderElection (LogUtils.java:infoOrTrace(137)) -   Exception 1: java.util.concurrent.ExecutionException: org.apache.ratis.thirdparty.io.grpc.StatusRuntimeException: UNAVAILABLE: io exception
2021-12-24 01:38:49,839 [22a3a911-1d28-4368-85d3-e1951647c4f2@group-B2F5C2C1054F-LeaderElection16] INFO  impl.LeaderElection (LeaderElection.java:askForVotes(308)) - 22a3a911-1d28-4368-85d3-e1951647c4f2@group-B2F5C2C1054F-LeaderElection16 ELECTION round 0: result REJECTED
2021-12-24 01:38:49,839 [22a3a911-1d28-4368-85d3-e1951647c4f2@group-B2F5C2C1054F-LeaderElection16] INFO  server.RaftServer$Division (RaftServerImpl.java:setRole(290)) - 22a3a911-1d28-4368-85d3-e1951647c4f2@group-B2F5C2C1054F: changes role from CANDIDATE to FOLLOWER at term 7 for REJECTED
2021-12-24 01:38:49,839 [22a3a911-1d28-4368-85d3-e1951647c4f2@group-B2F5C2C1054F-LeaderElection16] INFO  impl.RoleInfo (RoleInfo.java:shutdownLeaderElection(121)) - 22a3a911-1d28-4368-85d3-e1951647c4f2: shutdown 22a3a911-1d28-4368-85d3-e1951647c4f2@group-B2F5C2C1054F-LeaderElection16
2021-12-24 01:38:49,840 [22a3a911-1d28-4368-85d3-e1951647c4f2@group-B2F5C2C1054F-LeaderElection16] INFO  impl.RoleInfo (RoleInfo.java:updateAndGet(130)) - 22a3a911-1d28-4368-85d3-e1951647c4f2: start 22a3a911-1d28-4368-85d3-e1951647c4f2@group-B2F5C2C1054F-FollowerState
2021-12-24 01:38:51,797 [ForkJoinPool.commonPool-worker-1] INFO  utils.BackgroundService (BackgroundService.java:shutdown(132)) - Shutting down service BlockDeletingService
2021-12-24 01:38:51,807 [Listener at 127.0.0.1/36887] INFO  utils.BackgroundService (BackgroundService.java:shutdown(132)) - Shutting down service BlockDeletingService
2021-12-24 01:38:52,277 [grpc-default-executor-2] WARN  server.GrpcLogAppender (LogUtils.java:warn(122)) - 22a3a911-1d28-4368-85d3-e1951647c4f2@group-088344416576->4eabc422-7584-4e9d-954f-0b25709ca983-AppendLogResponseHandler: Failed appendEntries: org.apache.ratis.thirdparty.io.grpc.StatusRuntimeException: UNAVAILABLE: io exception
2021-12-24 01:38:52,278 [grpc-default-executor-2] INFO  leader.FollowerInfo (FollowerInfoImpl.java:lambda$new$0(47)) - 22a3a911-1d28-4368-85d3-e1951647c4f2@group-088344416576->4eabc422-7584-4e9d-954f-0b25709ca983: nextIndex: updateUnconditionally 28 -> 27
2021-12-24 01:38:52,301 [grpc-default-executor-2] WARN  server.GrpcLogAppender (LogUtils.java:warn(122)) - 22a3a911-1d28-4368-85d3-e1951647c4f2@group-088344416576->2e196782-1f26-4ef8-afa6-0cc31c0abc64-AppendLogResponseHandler: Failed appendEntries: org.apache.ratis.thirdparty.io.grpc.StatusRuntimeException: UNAVAILABLE: io exception
2021-12-24 01:38:52,302 [grpc-default-executor-2] INFO  leader.FollowerInfo (FollowerInfoImpl.java:lambda$new$0(47)) - 22a3a911-1d28-4368-85d3-e1951647c4f2@group-088344416576->2e196782-1f26-4ef8-afa6-0cc31c0abc64: nextIndex: updateUnconditionally 28 -> 27
2021-12-24 01:38:54,551 [22a3a911-1d28-4368-85d3-e1951647c4f2@group-088344416576-LeaderStateImpl] WARN  server.RaftServer$Division (LeaderStateImpl.java:checkLeadership(974)) - 22a3a911-1d28-4368-85d3-e1951647c4f2@group-088344416576-LeaderStateImpl: Lost leadership on term: 4. Election timeout: 5200ms. In charge for: 20928ms. Conf: 0: [22a3a911-1d28-4368-85d3-e1951647c4f2|rpc:10.1.0.29:42519|dataStream:|priority:1, 4eabc422-7584-4e9d-954f-0b25709ca983|rpc:10.1.0.29:34077|dataStream:|priority:0, 2e196782-1f26-4ef8-afa6-0cc31c0abc64|rpc:10.1.0.29:35521|dataStream:|priority:0], old=null
2021-12-24 01:38:54,552 [22a3a911-1d28-4368-85d3-e1951647c4f2@group-088344416576-LeaderStateImpl] WARN  server.RaftServer$Division (LeaderStateImpl.java:lambda$checkLeadership$15(978)) - Follower 22a3a911-1d28-4368-85d3-e1951647c4f2@group-088344416576->4eabc422-7584-4e9d-954f-0b25709ca983(c27,m27,n27, attendVote=true, lastRpcSendTime=2274, lastRpcResponseTime=5591)
2021-12-24 01:38:54,552 [22a3a911-1d28-4368-85d3-e1951647c4f2@group-088344416576-LeaderStateImpl] WARN  server.RaftServer$Division (LeaderStateImpl.java:lambda$checkLeadership$15(978)) - Follower 22a3a911-1d28-4368-85d3-e1951647c4f2@group-088344416576->2e196782-1f26-4ef8-afa6-0cc31c0abc64(c27,m27,n27, attendVote=true, lastRpcSendTime=2257, lastRpcResponseTime=5578)
2021-12-24 01:38:54,552 [22a3a911-1d28-4368-85d3-e1951647c4f2@group-088344416576-LeaderStateImpl] INFO  server.RaftServer$Division (RaftServerImpl.java:setRole(290)) - 22a3a911-1d28-4368-85d3-e1951647c4f2@group-088344416576: changes role from    LEADER to FOLLOWER at term 4 for StepDownReason:LOST_MAJORITY_HEARTBEATS
2021-12-24 01:38:54,552 [22a3a911-1d28-4368-85d3-e1951647c4f2@group-088344416576-LeaderStateImpl] INFO  impl.RoleInfo (RoleInfo.java:shutdownLeaderState(91)) - 22a3a911-1d28-4368-85d3-e1951647c4f2: shutdown 22a3a911-1d28-4368-85d3-e1951647c4f2@group-088344416576-LeaderStateImpl
2021-12-24 01:38:54,553 [22a3a911-1d28-4368-85d3-e1951647c4f2@group-088344416576->2e196782-1f26-4ef8-afa6-0cc31c0abc64-GrpcLogAppender-LogAppenderDaemon] WARN  server.GrpcLogAppender (GrpcLogAppender.java:mayWait(177)) - 22a3a911-1d28-4368-85d3-e1951647c4f2@group-088344416576->2e196782-1f26-4ef8-afa6-0cc31c0abc64-GrpcLogAppender: Wait interrupted by java.lang.InterruptedException
2021-12-24 01:38:54,556 [22a3a911-1d28-4368-85d3-e1951647c4f2@group-088344416576-LeaderStateImpl] INFO  impl.PendingRequests (PendingRequests.java:sendNotLeaderResponses(282)) - 22a3a911-1d28-4368-85d3-e1951647c4f2@group-088344416576-PendingRequests: sendNotLeaderResponses
2021-12-24 01:38:54,557 [22a3a911-1d28-4368-85d3-e1951647c4f2@group-088344416576->4eabc422-7584-4e9d-954f-0b25709ca983-GrpcLogAppender-LogAppenderDaemon] WARN  server.GrpcLogAppender (GrpcLogAppender.java:mayWait(177)) - 22a3a911-1d28-4368-85d3-e1951647c4f2@group-088344416576->4eabc422-7584-4e9d-954f-0b25709ca983-GrpcLogAppender: Wait interrupted by java.lang.InterruptedException
2021-12-24 01:38:54,564 [22a3a911-1d28-4368-85d3-e1951647c4f2@group-088344416576-LeaderStateImpl] INFO  impl.RoleInfo (RoleInfo.java:updateAndGet(130)) - 22a3a911-1d28-4368-85d3-e1951647c4f2: start 22a3a911-1d28-4368-85d3-e1951647c4f2@group-088344416576-FollowerState
2021-12-24 01:38:54,805 [ForkJoinPool.commonPool-worker-1] INFO  statemachine.DatanodeStateMachine (DatanodeStateMachine.java:stopDaemon(526)) - Ozone container server stopped.
2021-12-24 01:38:54,808 [ForkJoinPool.commonPool-worker-1] INFO  handler.ContextHandler (ContextHandler.java:doStop(1153)) - Stopped o.e.j.w.WebAppContext@78682201{hddsDatanode,/,null,STOPPED}{jar:file:/home/runner/.m2/repository/org/apache/ozone/hdds-container-service/1.3.0-SNAPSHOT/hdds-container-service-1.3.0-SNAPSHOT.jar!/webapps/hddsDatanode}
2021-12-24 01:38:54,812 [Listener at 127.0.0.1/36887] INFO  statemachine.DatanodeStateMachine (DatanodeStateMachine.java:stopDaemon(526)) - Ozone container server stopped.
2021-12-24 01:38:54,813 [Listener at 127.0.0.1/36887] INFO  handler.ContextHandler (ContextHandler.java:doStop(1153)) - Stopped o.e.j.w.WebAppContext@12d658c0{hddsDatanode,/,null,STOPPED}{jar:file:/home/runner/.m2/repository/org/apache/ozone/hdds-container-service/1.3.0-SNAPSHOT/hdds-container-service-1.3.0-SNAPSHOT.jar!/webapps/hddsDatanode}
2021-12-24 01:38:54,814 [Listener at 127.0.0.1/36887] INFO  server.AbstractConnector (AbstractConnector.java:doStop(381)) - Stopped ServerConnector@268206aa{HTTP/1.1, (http/1.1)}{0.0.0.0:0}
2021-12-24 01:38:54,814 [Listener at 127.0.0.1/36887] INFO  server.session (HouseKeeper.java:stopScavenging(149)) - node0 Stopped scavenging
2021-12-24 01:38:54,815 [ForkJoinPool.commonPool-worker-1] INFO  server.AbstractConnector (AbstractConnector.java:doStop(381)) - Stopped ServerConnector@6e2a6063{HTTP/1.1, (http/1.1)}{0.0.0.0:0}
2021-12-24 01:38:54,816 [ForkJoinPool.commonPool-worker-1] INFO  server.session (HouseKeeper.java:stopScavenging(149)) - node0 Stopped scavenging
2021-12-24 01:38:54,817 [ForkJoinPool.commonPool-worker-1] INFO  handler.ContextHandler (ContextHandler.java:doStop(1153)) - Stopped o.e.j.s.ServletContextHandler@2693d31f{static,/static,jar:file:/home/runner/.m2/repository/org/apache/ozone/hdds-container-service/1.3.0-SNAPSHOT/hdds-container-service-1.3.0-SNAPSHOT.jar!/webapps/static,STOPPED}
2021-12-24 01:38:54,817 [Listener at 127.0.0.1/36887] INFO  handler.ContextHandler (ContextHandler.java:doStop(1153)) - Stopped o.e.j.s.ServletContextHandler@722713da{static,/static,jar:file:/home/runner/.m2/repository/org/apache/ozone/hdds-container-service/1.3.0-SNAPSHOT/hdds-container-service-1.3.0-SNAPSHOT.jar!/webapps/static,STOPPED}
2021-12-24 01:38:54,822 [ForkJoinPool.commonPool-worker-1] INFO  handler.ContextHandler (ContextHandler.java:doStop(1153)) - Stopped o.e.j.s.ServletContextHandler@3bd6ce4e{logs,/logs,file:///home/runner/work/ozone/ozone/hadoop-ozone/integration-test/target/log,STOPPED}
2021-12-24 01:38:54,823 [Listener at 127.0.0.1/36887] INFO  handler.ContextHandler (ContextHandler.java:doStop(1153)) - Stopped o.e.j.s.ServletContextHandler@511b6a3{logs,/logs,file:///home/runner/work/ozone/ozone/hadoop-ozone/integration-test/target/log,STOPPED}
2021-12-24 01:38:54,947 [22a3a911-1d28-4368-85d3-e1951647c4f2@group-B2F5C2C1054F-FollowerState] INFO  impl.FollowerState (FollowerState.java:run(134)) - 22a3a911-1d28-4368-85d3-e1951647c4f2@group-B2F5C2C1054F-FollowerState: change to CANDIDATE, lastRpcElapsedTime:5107085858ns, electionTimeout:5101ms
2021-12-24 01:38:54,947 [22a3a911-1d28-4368-85d3-e1951647c4f2@group-B2F5C2C1054F-FollowerState] INFO  impl.RoleInfo (RoleInfo.java:shutdownFollowerState(108)) - 22a3a911-1d28-4368-85d3-e1951647c4f2: shutdown 22a3a911-1d28-4368-85d3-e1951647c4f2@group-B2F5C2C1054F-FollowerState
2021-12-24 01:38:54,947 [22a3a911-1d28-4368-85d3-e1951647c4f2@group-B2F5C2C1054F-FollowerState] INFO  server.RaftServer$Division (RaftServerImpl.java:setRole(290)) - 22a3a911-1d28-4368-85d3-e1951647c4f2@group-B2F5C2C1054F: changes role from  FOLLOWER to CANDIDATE at term 7 for changeToCandidate
2021-12-24 01:38:54,947 [22a3a911-1d28-4368-85d3-e1951647c4f2@group-B2F5C2C1054F-FollowerState] INFO  server.RaftServerConfigKeys (ConfUtils.java:logGet(44)) - raft.server.leaderelection.pre-vote = false (custom)
2021-12-24 01:38:54,947 [22a3a911-1d28-4368-85d3-e1951647c4f2@group-B2F5C2C1054F-FollowerState] INFO  impl.RoleInfo (RoleInfo.java:updateAndGet(130)) - 22a3a911-1d28-4368-85d3-e1951647c4f2: start 22a3a911-1d28-4368-85d3-e1951647c4f2@group-B2F5C2C1054F-LeaderElection17
2021-12-24 01:38:54,959 [22a3a911-1d28-4368-85d3-e1951647c4f2@group-B2F5C2C1054F-LeaderElection17] INFO  impl.LeaderElection (LeaderElection.java:askForVotes(306)) - 22a3a911-1d28-4368-85d3-e1951647c4f2@group-B2F5C2C1054F-LeaderElection17 ELECTION round 0: submit vote requests at term 8 for -1: [22a3a911-1d28-4368-85d3-e1951647c4f2|rpc:10.1.0.29:42519|dataStream:|priority:0, 4eabc422-7584-4e9d-954f-0b25709ca983|rpc:10.1.0.29:34077|dataStream:|priority:1, 2e196782-1f26-4ef8-afa6-0cc31c0abc64|rpc:10.1.0.29:35521|dataStream:|priority:0], old=null
2021-12-24 01:38:54,972 [22a3a911-1d28-4368-85d3-e1951647c4f2@group-B2F5C2C1054F-LeaderElection17] INFO  impl.LeaderElection (LogUtils.java:infoOrTrace(137)) - 22a3a911-1d28-4368-85d3-e1951647c4f2@group-B2F5C2C1054F-LeaderElection17 got exception when requesting votes: java.util.concurrent.ExecutionException: org.apache.ratis.thirdparty.io.grpc.StatusRuntimeException: UNAVAILABLE: io exception
2021-12-24 01:38:54,973 [22a3a911-1d28-4368-85d3-e1951647c4f2@group-B2F5C2C1054F-LeaderElection17] INFO  impl.LeaderElection (LogUtils.java:infoOrTrace(137)) - 22a3a911-1d28-4368-85d3-e1951647c4f2@group-B2F5C2C1054F-LeaderElection17 got exception when requesting votes: java.util.concurrent.ExecutionException: org.apache.ratis.thirdparty.io.grpc.StatusRuntimeException: UNAVAILABLE: io exception
2021-12-24 01:38:54,973 [22a3a911-1d28-4368-85d3-e1951647c4f2@group-B2F5C2C1054F-LeaderElection17] INFO  impl.LeaderElection (LeaderElection.java:logAndReturn(89)) - 22a3a911-1d28-4368-85d3-e1951647c4f2@group-B2F5C2C1054F-LeaderElection17: ELECTION REJECTED received 0 response(s) and 2 exception(s):
2021-12-24 01:38:54,973 [22a3a911-1d28-4368-85d3-e1951647c4f2@group-B2F5C2C1054F-LeaderElection17] INFO  impl.LeaderElection (LogUtils.java:infoOrTrace(137)) -   Exception 0: java.util.concurrent.ExecutionException: org.apache.ratis.thirdparty.io.grpc.StatusRuntimeException: UNAVAILABLE: io exception
2021-12-24 01:38:54,973 [22a3a911-1d28-4368-85d3-e1951647c4f2@group-B2F5C2C1054F-LeaderElection17] INFO  impl.LeaderElection (LogUtils.java:infoOrTrace(137)) -   Exception 1: java.util.concurrent.ExecutionException: org.apache.ratis.thirdparty.io.grpc.StatusRuntimeException: UNAVAILABLE: io exception
2021-12-24 01:38:54,973 [22a3a911-1d28-4368-85d3-e1951647c4f2@group-B2F5C2C1054F-LeaderElection17] INFO  impl.LeaderElection (LeaderElection.java:askForVotes(308)) - 22a3a911-1d28-4368-85d3-e1951647c4f2@group-B2F5C2C1054F-LeaderElection17 ELECTION round 0: result REJECTED
2021-12-24 01:38:54,974 [22a3a911-1d28-4368-85d3-e1951647c4f2@group-B2F5C2C1054F-LeaderElection17] INFO  server.RaftServer$Division (RaftServerImpl.java:setRole(290)) - 22a3a911-1d28-4368-85d3-e1951647c4f2@group-B2F5C2C1054F: changes role from CANDIDATE to FOLLOWER at term 8 for REJECTED
2021-12-24 01:38:54,974 [22a3a911-1d28-4368-85d3-e1951647c4f2@group-B2F5C2C1054F-LeaderElection17] INFO  impl.RoleInfo (RoleInfo.java:shutdownLeaderElection(121)) - 22a3a911-1d28-4368-85d3-e1951647c4f2: shutdown 22a3a911-1d28-4368-85d3-e1951647c4f2@group-B2F5C2C1054F-LeaderElection17
2021-12-24 01:38:54,974 [22a3a911-1d28-4368-85d3-e1951647c4f2@group-B2F5C2C1054F-LeaderElection17] INFO  impl.RoleInfo (RoleInfo.java:updateAndGet(130)) - 22a3a911-1d28-4368-85d3-e1951647c4f2: start 22a3a911-1d28-4368-85d3-e1951647c4f2@group-B2F5C2C1054F-FollowerState
2021-12-24 01:38:59,591 [22a3a911-1d28-4368-85d3-e1951647c4f2@group-088344416576-FollowerState] INFO  impl.FollowerState (FollowerState.java:lostMajorityHeartbeatsRecently(107)) - 22a3a911-1d28-4368-85d3-e1951647c4f2@group-088344416576-FollowerState: Skipping leader election since it stepped down recently (elapsed = 5026ms < waitTime = 10s)
2021-12-24 01:38:59,830 [Listener at 127.0.0.1/36887] INFO  ozoneimpl.OzoneContainer (OzoneContainer.java:stop(336)) - Attempting to stop container services.
2021-12-24 01:38:59,838 [Listener at 127.0.0.1/36887] INFO  server.RaftServer (RaftServerProxy.java:lambda$close$6(391)) - 22a3a911-1d28-4368-85d3-e1951647c4f2: close
2021-12-24 01:38:59,842 [Listener at 127.0.0.1/36887] INFO  server.RaftServer$Division (RaftServerImpl.java:lambda$close$4(412)) - 22a3a911-1d28-4368-85d3-e1951647c4f2@group-B2F5C2C1054F: shutdown
2021-12-24 01:38:59,842 [Listener at 127.0.0.1/36887] INFO  util.JmxRegister (JmxRegister.java:unregister(73)) - Successfully un-registered JMX Bean with object name Ratis:service=RaftServer,group=group-B2F5C2C1054F,id=22a3a911-1d28-4368-85d3-e1951647c4f2
2021-12-24 01:38:59,842 [Listener at 127.0.0.1/36887] INFO  impl.RoleInfo (RoleInfo.java:shutdownFollowerState(108)) - 22a3a911-1d28-4368-85d3-e1951647c4f2: shutdown 22a3a911-1d28-4368-85d3-e1951647c4f2@group-B2F5C2C1054F-FollowerState
2021-12-24 01:38:59,842 [Listener at 127.0.0.1/36887] INFO  impl.StateMachineUpdater (StateMachineUpdater.java:stopAndJoin(149)) - 22a3a911-1d28-4368-85d3-e1951647c4f2@group-B2F5C2C1054F-StateMachineUpdater: set stopIndex = -1
2021-12-24 01:38:59,842 [22a3a911-1d28-4368-85d3-e1951647c4f2@group-B2F5C2C1054F-FollowerState] INFO  impl.FollowerState (FollowerState.java:run(143)) - 22a3a911-1d28-4368-85d3-e1951647c4f2@group-B2F5C2C1054F-FollowerState was interrupted: {}
java.lang.InterruptedException: sleep interrupted
	at java.lang.Thread.sleep(Native Method)
	at java.lang.Thread.sleep(Thread.java:340)
	at java.util.concurrent.TimeUnit.sleep(TimeUnit.java:386)
	at org.apache.ratis.util.TimeDuration.sleep(TimeDuration.java:324)
	at org.apache.ratis.util.TimeDuration.sleep(TimeDuration.java:309)
	at org.apache.ratis.server.impl.FollowerState.run(FollowerState.java:118)
2021-12-24 01:38:59,844 [Listener at 127.0.0.1/36887] INFO  server.RaftServer$Division (ServerState.java:close(419)) - 22a3a911-1d28-4368-85d3-e1951647c4f2@group-B2F5C2C1054F: closes. applyIndex: -1
2021-12-24 01:38:59,844 [22a3a911-1d28-4368-85d3-e1951647c4f2@group-B2F5C2C1054F-SegmentedRaftLogWorker] INFO  segmented.SegmentedRaftLogWorker (SegmentedRaftLogWorker.java:run(327)) - 22a3a911-1d28-4368-85d3-e1951647c4f2@group-B2F5C2C1054F-SegmentedRaftLogWorker was interrupted, exiting. There are 0 tasks remaining in the queue.
2021-12-24 01:38:59,845 [ForkJoinPool.commonPool-worker-0] INFO  server.RaftServer$Division (RaftServerImpl.java:lambda$close$4(412)) - 22a3a911-1d28-4368-85d3-e1951647c4f2@group-D236B4224E0D: shutdown
2021-12-24 01:38:59,845 [Listener at 127.0.0.1/36887] INFO  segmented.SegmentedRaftLogWorker (SegmentedRaftLogWorker.java:close(237)) - 22a3a911-1d28-4368-85d3-e1951647c4f2@group-B2F5C2C1054F-SegmentedRaftLogWorker close()
2021-12-24 01:38:59,850 [ForkJoinPool.commonPool-worker-0] INFO  util.JmxRegister (JmxRegister.java:unregister(73)) - Successfully un-registered JMX Bean with object name Ratis:service=RaftServer,group=group-D236B4224E0D,id=22a3a911-1d28-4368-85d3-e1951647c4f2
2021-12-24 01:38:59,853 [Listener at 127.0.0.1/36887] INFO  server.RaftServer$Division (RaftServerImpl.java:lambda$close$4(412)) - 22a3a911-1d28-4368-85d3-e1951647c4f2@group-088344416576: shutdown
2021-12-24 01:38:59,854 [Listener at 127.0.0.1/36887] INFO  util.JmxRegister (JmxRegister.java:unregister(73)) - Successfully un-registered JMX Bean with object name Ratis:service=RaftServer,group=group-088344416576,id=22a3a911-1d28-4368-85d3-e1951647c4f2
2021-12-24 01:38:59,854 [Listener at 127.0.0.1/36887] INFO  impl.RoleInfo (RoleInfo.java:shutdownFollowerState(108)) - 22a3a911-1d28-4368-85d3-e1951647c4f2: shutdown 22a3a911-1d28-4368-85d3-e1951647c4f2@group-088344416576-FollowerState
2021-12-24 01:38:59,854 [Listener at 127.0.0.1/36887] INFO  impl.StateMachineUpdater (StateMachineUpdater.java:stopAndJoin(149)) - 22a3a911-1d28-4368-85d3-e1951647c4f2@group-088344416576-StateMachineUpdater: set stopIndex = 27
2021-12-24 01:38:59,854 [22a3a911-1d28-4368-85d3-e1951647c4f2@group-088344416576-FollowerState] INFO  impl.FollowerState (FollowerState.java:run(143)) - 22a3a911-1d28-4368-85d3-e1951647c4f2@group-088344416576-FollowerState was interrupted: {}
java.lang.InterruptedException: sleep interrupted
	at java.lang.Thread.sleep(Native Method)
	at java.lang.Thread.sleep(Thread.java:340)
	at java.util.concurrent.TimeUnit.sleep(TimeUnit.java:386)
	at org.apache.ratis.util.TimeDuration.sleep(TimeDuration.java:324)
	at org.apache.ratis.util.TimeDuration.sleep(TimeDuration.java:309)
	at org.apache.ratis.server.impl.FollowerState.run(FollowerState.java:118)
2021-12-24 01:38:59,855 [22a3a911-1d28-4368-85d3-e1951647c4f2@group-088344416576-StateMachineUpdater] INFO  ratis.ContainerStateMachine (ContainerStateMachine.java:takeSnapshot(299)) - group-088344416576: Taking a snapshot at:(t:4, i:27) file /home/runner/work/ozone/ozone/hadoop-ozone/integration-test/target/test-dir/MiniOzoneClusterImpl-635f7141-2f80-4d35-a4f4-b490462e309d/datanode-2/data/ratis/eb09b2b7-0249-4f37-8f90-088344416576/sm/snapshot.4_27
2021-12-24 01:38:59,857 [ForkJoinPool.commonPool-worker-0] INFO  impl.RoleInfo (RoleInfo.java:shutdownLeaderState(91)) - 22a3a911-1d28-4368-85d3-e1951647c4f2: shutdown 22a3a911-1d28-4368-85d3-e1951647c4f2@group-D236B4224E0D-LeaderStateImpl
2021-12-24 01:38:59,857 [ForkJoinPool.commonPool-worker-0] INFO  impl.PendingRequests (PendingRequests.java:sendNotLeaderResponses(282)) - 22a3a911-1d28-4368-85d3-e1951647c4f2@group-D236B4224E0D-PendingRequests: sendNotLeaderResponses
2021-12-24 01:38:59,857 [22a3a911-1d28-4368-85d3-e1951647c4f2@group-088344416576-StateMachineUpdater] INFO  ratis.ContainerStateMachine (ContainerStateMachine.java:takeSnapshot(310)) - group-088344416576: Finished taking a snapshot at:(t:4, i:27) file:/home/runner/work/ozone/ozone/hadoop-ozone/integration-test/target/test-dir/MiniOzoneClusterImpl-635f7141-2f80-4d35-a4f4-b490462e309d/datanode-2/data/ratis/eb09b2b7-0249-4f37-8f90-088344416576/sm/snapshot.4_27 took: 2 ms
2021-12-24 01:38:59,858 [22a3a911-1d28-4368-85d3-e1951647c4f2@group-088344416576-StateMachineUpdater] INFO  impl.StateMachineUpdater (StateMachineUpdater.java:takeSnapshot(281)) - 22a3a911-1d28-4368-85d3-e1951647c4f2@group-088344416576-StateMachineUpdater: Took a snapshot at index 27
2021-12-24 01:38:59,858 [22a3a911-1d28-4368-85d3-e1951647c4f2@group-088344416576-StateMachineUpdater] INFO  impl.StateMachineUpdater (StateMachineUpdater.java:lambda$new$0(89)) - 22a3a911-1d28-4368-85d3-e1951647c4f2@group-088344416576-StateMachineUpdater: snapshotIndex: updateIncreasingly -1 -> 27
2021-12-24 01:38:59,859 [Listener at 127.0.0.1/36887] INFO  server.RaftServer$Division (ServerState.java:close(419)) - 22a3a911-1d28-4368-85d3-e1951647c4f2@group-088344416576: closes. applyIndex: 27
2021-12-24 01:38:59,859 [22a3a911-1d28-4368-85d3-e1951647c4f2@group-088344416576-SegmentedRaftLogWorker] INFO  segmented.SegmentedRaftLogWorker (SegmentedRaftLogWorker.java:run(327)) - 22a3a911-1d28-4368-85d3-e1951647c4f2@group-088344416576-SegmentedRaftLogWorker was interrupted, exiting. There are 0 tasks remaining in the queue.
2021-12-24 01:38:59,860 [Listener at 127.0.0.1/36887] INFO  segmented.SegmentedRaftLogWorker (SegmentedRaftLogWorker.java:close(237)) - 22a3a911-1d28-4368-85d3-e1951647c4f2@group-088344416576-SegmentedRaftLogWorker close()
2021-12-24 01:38:59,869 [22a3a911-1d28-4368-85d3-e1951647c4f2@group-D236B4224E0D-StateMachineUpdater] INFO  ratis.ContainerStateMachine (ContainerStateMachine.java:takeSnapshot(299)) - group-D236B4224E0D: Taking a snapshot at:(t:1, i:0) file /home/runner/work/ozone/ozone/hadoop-ozone/integration-test/target/test-dir/MiniOzoneClusterImpl-635f7141-2f80-4d35-a4f4-b490462e309d/datanode-2/data/ratis/471c08de-99e5-486e-a76c-d236b4224e0d/sm/snapshot.1_0
2021-12-24 01:38:59,870 [22a3a911-1d28-4368-85d3-e1951647c4f2@group-D236B4224E0D-StateMachineUpdater] INFO  ratis.ContainerStateMachine (ContainerStateMachine.java:takeSnapshot(310)) - group-D236B4224E0D: Finished taking a snapshot at:(t:1, i:0) file:/home/runner/work/ozone/ozone/hadoop-ozone/integration-test/target/test-dir/MiniOzoneClusterImpl-635f7141-2f80-4d35-a4f4-b490462e309d/datanode-2/data/ratis/471c08de-99e5-486e-a76c-d236b4224e0d/sm/snapshot.1_0 took: 1 ms
2021-12-24 01:38:59,870 [22a3a911-1d28-4368-85d3-e1951647c4f2@group-D236B4224E0D-StateMachineUpdater] INFO  impl.StateMachineUpdater (StateMachineUpdater.java:takeSnapshot(281)) - 22a3a911-1d28-4368-85d3-e1951647c4f2@group-D236B4224E0D-StateMachineUpdater: Took a snapshot at index 0
2021-12-24 01:38:59,871 [22a3a911-1d28-4368-85d3-e1951647c4f2@group-D236B4224E0D-StateMachineUpdater] INFO  impl.StateMachineUpdater (StateMachineUpdater.java:lambda$new$0(89)) - 22a3a911-1d28-4368-85d3-e1951647c4f2@group-D236B4224E0D-StateMachineUpdater: snapshotIndex: updateIncreasingly -1 -> 0
2021-12-24 01:38:59,871 [ForkJoinPool.commonPool-worker-0] INFO  impl.StateMachineUpdater (StateMachineUpdater.java:stopAndJoin(149)) - 22a3a911-1d28-4368-85d3-e1951647c4f2@group-D236B4224E0D-StateMachineUpdater: set stopIndex = 0
2021-12-24 01:38:59,871 [ForkJoinPool.commonPool-worker-0] INFO  server.RaftServer$Division (ServerState.java:close(419)) - 22a3a911-1d28-4368-85d3-e1951647c4f2@group-D236B4224E0D: closes. applyIndex: 0
2021-12-24 01:38:59,871 [22a3a911-1d28-4368-85d3-e1951647c4f2@group-D236B4224E0D-SegmentedRaftLogWorker] INFO  segmented.SegmentedRaftLogWorker (SegmentedRaftLogWorker.java:run(327)) - 22a3a911-1d28-4368-85d3-e1951647c4f2@group-D236B4224E0D-SegmentedRaftLogWorker was interrupted, exiting. There are 0 tasks remaining in the queue.
2021-12-24 01:38:59,872 [ForkJoinPool.commonPool-worker-0] INFO  segmented.SegmentedRaftLogWorker (SegmentedRaftLogWorker.java:close(237)) - 22a3a911-1d28-4368-85d3-e1951647c4f2@group-D236B4224E0D-SegmentedRaftLogWorker close()
2021-12-24 01:38:59,873 [Listener at 127.0.0.1/36887] INFO  server.GrpcService (GrpcService.java:closeImpl(262)) - 22a3a911-1d28-4368-85d3-e1951647c4f2: shutdown server with port 42519 now
2021-12-24 01:38:59,875 [Listener at 127.0.0.1/36887] INFO  server.GrpcService (GrpcService.java:closeImpl(271)) - 22a3a911-1d28-4368-85d3-e1951647c4f2: shutdown server with port 42519 successfully
2021-12-24 01:38:59,875 [org.apache.ratis.util.JvmPauseMonitor$$Lambda$528/1509220174@5003a30f] INFO  util.JvmPauseMonitor (JvmPauseMonitor.java:run(109)) - JvmPauseMonitor-22a3a911-1d28-4368-85d3-e1951647c4f2: Stopped
2021-12-24 01:38:59,881 [grpc-default-executor-3] WARN  client.GrpcClientProtocolService (LogUtils.java:warn(122)) - 1-UnorderedRequestStreamObserver1: onError: org.apache.ratis.thirdparty.io.grpc.StatusRuntimeException: CANCELLED: client cancelled
2021-12-24 01:39:01,886 [Listener at 127.0.0.1/36887] INFO  utils.BackgroundService (BackgroundService.java:shutdown(132)) - Shutting down service BlockDeletingService
2021-12-24 01:39:04,894 [Listener at 127.0.0.1/36887] INFO  statemachine.DatanodeStateMachine (DatanodeStateMachine.java:stopDaemon(526)) - Ozone container server stopped.
2021-12-24 01:39:04,896 [Listener at 127.0.0.1/36887] INFO  handler.ContextHandler (ContextHandler.java:doStop(1153)) - Stopped o.e.j.w.WebAppContext@3291cfad{hddsDatanode,/,null,STOPPED}{jar:file:/home/runner/.m2/repository/org/apache/ozone/hdds-container-service/1.3.0-SNAPSHOT/hdds-container-service-1.3.0-SNAPSHOT.jar!/webapps/hddsDatanode}
2021-12-24 01:39:04,896 [Listener at 127.0.0.1/36887] INFO  server.AbstractConnector (AbstractConnector.java:doStop(381)) - Stopped ServerConnector@701dbfbd{HTTP/1.1, (http/1.1)}{0.0.0.0:0}
2021-12-24 01:39:04,897 [Listener at 127.0.0.1/36887] INFO  server.session (HouseKeeper.java:stopScavenging(149)) - node0 Stopped scavenging
2021-12-24 01:39:04,897 [Listener at 127.0.0.1/36887] INFO  handler.ContextHandler (ContextHandler.java:doStop(1153)) - Stopped o.e.j.s.ServletContextHandler@5e0bf895{static,/static,jar:file:/home/runner/.m2/repository/org/apache/ozone/hdds-container-service/1.3.0-SNAPSHOT/hdds-container-service-1.3.0-SNAPSHOT.jar!/webapps/static,STOPPED}
2021-12-24 01:39:04,898 [Listener at 127.0.0.1/36887] INFO  handler.ContextHandler (ContextHandler.java:doStop(1153)) - Stopped o.e.j.s.ServletContextHandler@1829184b{logs,/logs,file:///home/runner/work/ozone/ozone/hadoop-ozone/integration-test/target/log,STOPPED}
2021-12-24 01:39:04,900 [Listener at 127.0.0.1/36887] INFO  ozone.MiniOzoneClusterImpl (MiniOzoneClusterImpl.java:stopSCM(542)) - Stopping the StorageContainerManager
2021-12-24 01:39:04,900 [Listener at 127.0.0.1/36887] INFO  server.StorageContainerManager (StorageContainerManager.java:stop(1390)) - Stopping Container Balancer service.
2021-12-24 01:39:04,900 [Listener at 127.0.0.1/36887] INFO  balancer.ContainerBalancer (ContainerBalancer.java:stop(746)) - Container Balancer is not running.
2021-12-24 01:39:04,900 [Listener at 127.0.0.1/36887] INFO  server.StorageContainerManager (StorageContainerManager.java:stop(1397)) - Stopping Replication Manager Service.
2021-12-24 01:39:04,900 [Listener at 127.0.0.1/36887] INFO  container.ReplicationManager (ReplicationManager.java:stop(350)) - Stopping Replication Monitor Thread.
2021-12-24 01:39:04,900 [Listener at 127.0.0.1/36887] INFO  server.StorageContainerManager (StorageContainerManager.java:stop(1404)) - Stopping the Datanode Admin Monitor.
2021-12-24 01:39:04,901 [Listener at 127.0.0.1/36887] INFO  server.StorageContainerManager (StorageContainerManager.java:stop(1411)) - Stopping Lease Manager of the command watchers
2021-12-24 01:39:04,901 [Listener at 127.0.0.1/36887] INFO  server.StorageContainerManager (StorageContainerManager.java:stop(1418)) - Stopping datanode service RPC server
2021-12-24 01:39:04,901 [Listener at 127.0.0.1/36887] INFO  server.SCMDatanodeProtocolServer (SCMDatanodeProtocolServer.java:stop(390)) - Stopping the RPC server for DataNodes
2021-12-24 01:39:04,901 [Listener at 127.0.0.1/36887] INFO  ipc.Server (Server.java:stop(3414)) - Stopping server on 33795
2021-12-24 01:39:04,903 [IPC Server listener on 0] INFO  ipc.Server (Server.java:run(1376)) - Stopping IPC Server listener on 0
2021-12-24 01:39:04,905 [IPC Server Responder] INFO  ipc.Server (Server.java:run(1512)) - Stopping IPC Server Responder
2021-12-24 01:39:04,928 [SCM Heartbeat Processing Thread - 0] WARN  node.NodeStateManager (NodeStateManager.java:scheduleNextHealthCheck(799)) - Current Thread is interrupted, shutting down HB processing thread for Node Manager.
2021-12-24 01:39:04,958 [Listener at 127.0.0.1/36887] INFO  server.StorageContainerManager (StorageContainerManager.java:stop(1426)) - Stopping block service RPC server
2021-12-24 01:39:04,958 [Listener at 127.0.0.1/36887] INFO  server.SCMBlockProtocolServer (SCMBlockProtocolServer.java:stop(160)) - Stopping the RPC server for Block Protocol
2021-12-24 01:39:04,958 [Listener at 127.0.0.1/36887] INFO  ipc.Server (Server.java:stop(3414)) - Stopping server on 37523
2021-12-24 01:39:04,966 [Listener at 127.0.0.1/36887] INFO  server.StorageContainerManager (StorageContainerManager.java:stop(1433)) - Stopping the StorageContainerLocationProtocol RPC server
2021-12-24 01:39:04,967 [Listener at 127.0.0.1/36887] INFO  server.SCMClientProtocolServer (SCMClientProtocolServer.java:stop(173)) - Stopping the RPC server for Client Protocol
2021-12-24 01:39:04,967 [Listener at 127.0.0.1/36887] INFO  ipc.Server (Server.java:stop(3414)) - Stopping server on 44307
2021-12-24 01:39:04,967 [IPC Server Responder] INFO  ipc.Server (Server.java:run(1512)) - Stopping IPC Server Responder
2021-12-24 01:39:04,968 [IPC Server listener on 0] INFO  ipc.Server (Server.java:run(1376)) - Stopping IPC Server listener on 0
2021-12-24 01:39:04,969 [IPC Server Responder] INFO  ipc.Server (Server.java:run(1512)) - Stopping IPC Server Responder
2021-12-24 01:39:04,969 [IPC Server listener on 0] INFO  ipc.Server (Server.java:run(1376)) - Stopping IPC Server listener on 0
2021-12-24 01:39:04,969 [Listener at 127.0.0.1/36887] INFO  server.StorageContainerManager (StorageContainerManager.java:stop(1440)) - Stopping Storage Container Manager HTTP server.
2021-12-24 01:39:04,971 [Listener at 127.0.0.1/36887] INFO  handler.ContextHandler (ContextHandler.java:doStop(1153)) - Stopped o.e.j.w.WebAppContext@49cd08f9{scm,/,null,STOPPED}{file:/home/runner/work/ozone/ozone/hadoop-ozone/integration-test/target/test-classes/webapps/scm}
2021-12-24 01:39:04,972 [Listener at 127.0.0.1/36887] INFO  server.AbstractConnector (AbstractConnector.java:doStop(381)) - Stopped ServerConnector@1f7557fe{HTTP/1.1, (http/1.1)}{0.0.0.0:0}
2021-12-24 01:39:04,972 [Listener at 127.0.0.1/36887] INFO  server.session (HouseKeeper.java:stopScavenging(149)) - node0 Stopped scavenging
2021-12-24 01:39:04,972 [Listener at 127.0.0.1/36887] INFO  handler.ContextHandler (ContextHandler.java:doStop(1153)) - Stopped o.e.j.s.ServletContextHandler@3966c679{static,/static,file:///home/runner/work/ozone/ozone/hadoop-ozone/integration-test/target/test-classes/webapps/static,STOPPED}
2021-12-24 01:39:04,973 [Listener at 127.0.0.1/36887] INFO  handler.ContextHandler (ContextHandler.java:doStop(1153)) - Stopped o.e.j.s.ServletContextHandler@21579b35{logs,/logs,file:///home/runner/work/ozone/ozone/hadoop-ozone/integration-test/target/log,STOPPED}
2021-12-24 01:39:04,984 [Listener at 127.0.0.1/36887] INFO  server.StorageContainerManager (StorageContainerManager.java:stop(1451)) - Stopping Block Manager Service.
2021-12-24 01:39:04,985 [Listener at 127.0.0.1/36887] INFO  utils.BackgroundService (BackgroundService.java:shutdown(132)) - Shutting down service SCMBlockDeletingService
2021-12-24 01:39:04,985 [Listener at 127.0.0.1/36887] INFO  utils.BackgroundService (BackgroundService.java:shutdown(132)) - Shutting down service SCMBlockDeletingService
2021-12-24 01:39:04,985 [Listener at 127.0.0.1/36887] INFO  server.StorageContainerManager (StorageContainerManager.java:stop(1478)) - Stopping SCM Event Queue.
2021-12-24 01:39:04,996 [Listener at 127.0.0.1/36887] INFO  server.StorageContainerManager (StorageContainerManager.java:stop(1489)) - Stopping SCM HA services.
2021-12-24 01:39:04,997 [Listener at 127.0.0.1/36887] INFO  pipeline.BackgroundPipelineCreator (BackgroundPipelineCreator.java:stop(158)) - Stopping RatisPipelineUtilsThread.
2021-12-24 01:39:04,998 [Listener at 127.0.0.1/36887] INFO  server.StorageContainerManager (StorageContainerManager.java:stop(1499)) - Stopping SCM MetadataStore.
2021-12-24 01:39:04,999 [Listener at 127.0.0.1/36887] INFO  impl.MetricsSystemImpl (MetricsSystemImpl.java:stop(210)) - Stopping XceiverClientMetrics metrics system...
2021-12-24 01:39:05,009 [prometheus] INFO  impl.MetricsSinkAdapter (MetricsSinkAdapter.java:publishMetricsFromQueue(141)) - prometheus thread interrupted.
2021-12-24 01:39:05,009 [Listener at 127.0.0.1/36887] INFO  impl.MetricsSystemImpl (MetricsSystemImpl.java:stop(216)) - XceiverClientMetrics metrics system stopped.
2021-12-24 01:39:05,182 [Listener at 127.0.0.1/36887] WARN  server.ServerUtils (ServerUtils.java:getScmDbDir(148)) - ozone.scm.db.dirs is not configured. We recommend adding this setting. Falling back to ozone.metadata.dirs instead.
2021-12-24 01:39:05,193 [Listener at 127.0.0.1/36887] INFO  ha.SCMHANodeDetails (SCMHANodeDetails.java:loadSCMHAConfig(157)) - ServiceID for StorageContainerManager is null
2021-12-24 01:39:05,193 [Listener at 127.0.0.1/36887] INFO  ha.SCMHANodeDetails (SCMHANodeDetails.java:loadSCMHAConfig(162)) - ozone.scm.default.service.id is not defined, falling back to ozone.scm.service.ids to find serviceID for StorageContainerManager if it is HA enabled cluster
2021-12-24 01:39:05,194 [Listener at 127.0.0.1/36887] WARN  server.ServerUtils (ServerUtils.java:getScmDbDir(148)) - ozone.scm.db.dirs is not configured. We recommend adding this setting. Falling back to ozone.metadata.dirs instead.
2021-12-24 01:39:05,194 [Listener at 127.0.0.1/36887] INFO  upgrade.AbstractLayoutVersionManager (AbstractLayoutVersionManager.java:init(79)) - Initializing Layout version manager with metadata layout = SCM_HA (version = 2), software layout = SCM_HA (version = 2)
2021-12-24 01:39:05,279 [Listener at 127.0.0.1/36887] INFO  reflections.Reflections (Reflections.java:scan(232)) - Reflections took 84 ms to scan 7 urls, producing 119 keys and 279 values 
2021-12-24 01:39:05,281 [Listener at 127.0.0.1/36887] WARN  utils.HAUtils (HAUtils.java:getMetaDir(342)) - ozone.scm.db.dirs is not configured. We recommend adding this setting. Falling back to ozone.metadata.dirs instead.
2021-12-24 01:39:05,284 [Listener at 127.0.0.1/36887] WARN  db.DBStoreBuilder (DBStoreBuilder.java:applyDBDefinition(145)) - ozone.scm.db.dirs is not configured. We recommend adding this setting. Falling back to ozone.metadata.dirs instead.
2021-12-24 01:39:05,470 [Listener at 127.0.0.1/36887] INFO  net.NodeSchemaLoader (NodeSchemaLoader.java:loadSchemaFromFile(129)) - Loading schema from [jar:file:/home/runner/.m2/repository/org/apache/ozone/hdds-common/1.3.0-SNAPSHOT/hdds-common-1.3.0-SNAPSHOT.jar!/network-topology-default.xml]
2021-12-24 01:39:05,471 [Listener at 127.0.0.1/36887] INFO  net.NodeSchemaLoader (NodeSchemaLoader.java:loadSchema(176)) - Loading network topology layer schema file
2021-12-24 01:39:05,475 [Listener at 127.0.0.1/36887] INFO  ha.SequenceIdGenerator (SequenceIdGenerator.java:upgradeToSequenceId(347)) - upgrade localId to 107544261427200000
2021-12-24 01:39:05,476 [Listener at 127.0.0.1/36887] INFO  ha.SequenceIdGenerator (SequenceIdGenerator.java:upgradeToSequenceId(357)) - upgrade delTxnId to 0
2021-12-24 01:39:05,476 [Listener at 127.0.0.1/36887] INFO  ha.SequenceIdGenerator (SequenceIdGenerator.java:upgradeToSequenceId(371)) - upgrade containerId to 0
2021-12-24 01:39:05,476 [Listener at 127.0.0.1/36887] INFO  ha.SequenceIdGenerator (SequenceIdGenerator.java:<init>(218)) - Init the HA SequenceIdGenerator.
2021-12-24 01:39:05,477 [Listener at 127.0.0.1/36887] WARN  server.ServerUtils (ServerUtils.java:sanitizeUserArgs(73)) - ozone.scm.stale.node.interval value = 300000 is larger than max = 100000 based on the key value of ozone.scm.heartbeat.thread.interval, reset to the max value 100000.
2021-12-24 01:39:05,477 [Listener at 127.0.0.1/36887] WARN  server.ServerUtils (ServerUtils.java:sanitizeUserArgs(73)) - ozone.scm.stale.node.interval value = 300000 is larger than max = 100000 based on the key value of ozone.scm.heartbeat.thread.interval, reset to the max value 100000.
2021-12-24 01:39:05,477 [Listener at 127.0.0.1/36887] INFO  node.SCMNodeManager (SCMNodeManager.java:<init>(144)) - Entering startup safe mode.
2021-12-24 01:39:05,478 [Listener at 127.0.0.1/36887] INFO  algorithms.ContainerPlacementPolicyFactory (ContainerPlacementPolicyFactory.java:getPolicy(60)) - Create container placement policy of type org.apache.hadoop.hdds.scm.container.placement.algorithms.SCMContainerPlacementRandom
2021-12-24 01:39:05,478 [Listener at 127.0.0.1/36887] INFO  pipeline.PipelineStateManagerImpl (PipelineStateManagerImpl.java:initialize(78)) - No pipeline exists in current db
2021-12-24 01:39:05,478 [Listener at 127.0.0.1/36887] INFO  algorithms.LeaderChoosePolicyFactory (LeaderChoosePolicyFactory.java:getPolicy(57)) - Create leader choose policy of type org.apache.hadoop.hdds.scm.pipeline.leader.choose.algorithms.MinLeaderCountChoosePolicy
2021-12-24 01:39:05,479 [Listener at 127.0.0.1/36887] INFO  ha.SCMServiceManager (SCMServiceManager.java:register(43)) - Registering service BackgroundPipelineCreator.
2021-12-24 01:39:05,479 [Listener at 127.0.0.1/36887] INFO  pipeline.BackgroundPipelineCreator (BackgroundPipelineCreator.java:start(130)) - Starting RatisPipelineUtilsThread.
2021-12-24 01:39:05,480 [Listener at 127.0.0.1/36887] INFO  algorithms.PipelineChoosePolicyFactory (PipelineChoosePolicyFactory.java:createPipelineChoosePolicyFromClass(73)) - Create pipeline choose policy of type org.apache.hadoop.hdds.scm.pipeline.choose.algorithms.RandomPipelineChoosePolicy
2021-12-24 01:39:05,481 [Listener at 127.0.0.1/36887] INFO  ha.SCMServiceManager (SCMServiceManager.java:register(43)) - Registering service SCMBlockDeletingService.
2021-12-24 01:39:05,481 [Listener at 127.0.0.1/36887] INFO  ha.SCMServiceManager (SCMServiceManager.java:register(43)) - Registering service ReplicationManager.
2021-12-24 01:39:05,481 [Listener at 127.0.0.1/36887] INFO  container.ReplicationManager (ReplicationManager.java:start(319)) - Starting Replication Monitor Thread.
2021-12-24 01:39:05,485 [Listener at 127.0.0.1/36887] INFO  safemode.ContainerSafeModeRule (ContainerSafeModeRule.java:<init>(89)) - containers with one replica threshold count 0
2021-12-24 01:39:05,485 [Listener at 127.0.0.1/36887] INFO  safemode.HealthyPipelineSafeModeRule (HealthyPipelineSafeModeRule.java:initializeRule(156)) - Total pipeline count is 0, healthy pipeline threshold count is 1
2021-12-24 01:39:05,486 [Listener at 127.0.0.1/36887] INFO  safemode.OneReplicaPipelineSafeModeRule (OneReplicaPipelineSafeModeRule.java:initializeRule(180)) - Total pipeline count is 0, pipeline's with at least one datanode reported threshold count is 0
2021-12-24 01:39:05,494 [Listener at 127.0.0.1/36887] INFO  ipc.CallQueueManager (CallQueueManager.java:<init>(90)) - Using callQueue: class java.util.concurrent.LinkedBlockingQueue, queueCapacity: 2000, scheduler: class org.apache.hadoop.ipc.DefaultRpcScheduler, ipcBackoff: false.
2021-12-24 01:39:05,506 [ReplicationMonitor] INFO  container.ReplicationManager (ReplicationManager.java:processAll(371)) - Replication Monitor Thread took 0 milliseconds for processing 0 containers.
2021-12-24 01:39:05,514 [Listener at 0.0.0.0/38347] INFO  ipc.CallQueueManager (CallQueueManager.java:<init>(90)) - Using callQueue: class java.util.concurrent.LinkedBlockingQueue, queueCapacity: 2000, scheduler: class org.apache.hadoop.ipc.DefaultRpcScheduler, ipcBackoff: false.
2021-12-24 01:39:05,516 [Socket Reader #1 for port 0] INFO  ipc.Server (Server.java:run(1265)) - Starting Socket Reader #1 for port 0
2021-12-24 01:39:05,517 [Listener at 0.0.0.0/36485] INFO  ipc.CallQueueManager (CallQueueManager.java:<init>(90)) - Using callQueue: class java.util.concurrent.LinkedBlockingQueue, queueCapacity: 2000, scheduler: class org.apache.hadoop.ipc.DefaultRpcScheduler, ipcBackoff: false.
2021-12-24 01:39:05,526 [Socket Reader #1 for port 0] INFO  ipc.Server (Server.java:run(1265)) - Starting Socket Reader #1 for port 0
2021-12-24 01:39:05,538 [Socket Reader #1 for port 0] INFO  ipc.Server (Server.java:run(1265)) - Starting Socket Reader #1 for port 0
2021-12-24 01:39:05,566 [Listener at 0.0.0.0/33945] INFO  algorithms.ContainerPlacementPolicyFactory (ContainerPlacementPolicyFactory.java:getPolicy(60)) - Create container placement policy of type org.apache.hadoop.hdds.scm.container.placement.algorithms.SCMContainerPlacementRandom
2021-12-24 01:39:05,568 [Listener at 0.0.0.0/33945] INFO  server.StorageContainerManager (StorageContainerManager.java:<init>(388)) - 
Container Balancer status:
Key                            Value
Running                        false
Container Balancer Configuration values:
Key                                                Value
Threshold                                          0.1
Max Datanodes to Involve per Iteration(ratio)      0.2
Max Size to Move per Iteration                     30GB
Max Size Entering Target per Iteration             1GB
Max Size Leaving Source per Iteration              1GB

2021-12-24 01:39:05,568 [Listener at 0.0.0.0/33945] WARN  events.EventQueue (EventQueue.java:fireEvent(194)) - No event handler registered for event TypedEvent{payloadType=SafeModeStatus, name='Safe mode status'}
2021-12-24 01:39:05,568 [Listener at 0.0.0.0/33945] INFO  ha.SCMContext (SCMContext.java:updateSafeModeStatus(211)) - Update SafeModeStatus from SafeModeStatus{safeModeStatus=true, preCheckPassed=false} to SafeModeStatus{safeModeStatus=true, preCheckPassed=false}.
2021-12-24 01:39:05,569 [Listener at 0.0.0.0/33945] INFO  server.StorageContainerManager (StorageContainerManager.java:start(1303)) - StorageContainerLocationProtocol RPC server is listening at /0.0.0.0:33945
2021-12-24 01:39:05,571 [Listener at 0.0.0.0/33945] WARN  impl.MetricsConfig (MetricsConfig.java:loadFirst(136)) - Cannot locate configuration: tried hadoop-metrics2-storagecontainermanager.properties,hadoop-metrics2.properties
2021-12-24 01:39:05,573 [Listener at 0.0.0.0/33945] INFO  impl.MetricsSystemImpl (MetricsSystemImpl.java:startTimer(378)) - Scheduled Metric snapshot period at 10 second(s).
2021-12-24 01:39:05,573 [Listener at 0.0.0.0/33945] INFO  impl.MetricsSystemImpl (MetricsSystemImpl.java:start(191)) - StorageContainerManager metrics system started
2021-12-24 01:39:05,609 [Listener at 0.0.0.0/33945] INFO  impl.MetricsSinkAdapter (MetricsSinkAdapter.java:start(204)) - Sink prometheus started
2021-12-24 01:39:05,615 [Listener at 0.0.0.0/33945] INFO  impl.MetricsSystemImpl (MetricsSystemImpl.java:registerSink(305)) - Registered sink prometheus
2021-12-24 01:39:05,671 [Listener at 0.0.0.0/33945] INFO  server.SCMClientProtocolServer (SCMClientProtocolServer.java:start(164)) - RPC server for Client  is listening at /0.0.0.0:33945
2021-12-24 01:39:05,685 [IPC Server Responder] INFO  ipc.Server (Server.java:run(1507)) - IPC Server Responder: starting
2021-12-24 01:39:05,760 [Listener at 0.0.0.0/33945] INFO  server.StorageContainerManager (StorageContainerManager.java:start(1318)) - ScmBlockLocationProtocol RPC server is listening at /0.0.0.0:36485
2021-12-24 01:39:05,697 [IPC Server listener on 0] INFO  ipc.Server (Server.java:run(1344)) - IPC Server listener on 0: starting
2021-12-24 01:39:05,766 [Listener at 0.0.0.0/33945] INFO  server.SCMBlockProtocolServer (SCMBlockProtocolServer.java:start(151)) - RPC server for Block Protocol is listening at /0.0.0.0:36485
2021-12-24 01:39:05,770 [IPC Server Responder] INFO  ipc.Server (Server.java:run(1507)) - IPC Server Responder: starting
2021-12-24 01:39:05,770 [IPC Server listener on 0] INFO  ipc.Server (Server.java:run(1344)) - IPC Server listener on 0: starting
2021-12-24 01:39:05,774 [Listener at 0.0.0.0/33945] INFO  server.SCMDatanodeProtocolServer (SCMDatanodeProtocolServer.java:start(181)) - ScmDatanodeProtocol RPC server for DataNodes is listening at /0.0.0.0:38347
2021-12-24 01:39:05,775 [IPC Server Responder] INFO  ipc.Server (Server.java:run(1507)) - IPC Server Responder: starting
2021-12-24 01:39:05,775 [IPC Server listener on 0] INFO  ipc.Server (Server.java:run(1344)) - IPC Server listener on 0: starting
2021-12-24 01:39:05,790 [Listener at 0.0.0.0/33945] INFO  http.BaseHttpServer (BaseHttpServer.java:newHttpServer2BuilderForOzone(209)) - Starting Web-server for scm at: http://0.0.0.0:0
2021-12-24 01:39:05,790 [Listener at 0.0.0.0/33945] INFO  http.BaseHttpServer (BaseHttpServer.java:<init>(107)) - Hadoop Security Enabled: false Ozone Security Enabled: false Ozone HTTP Security Enabled: false 
2021-12-24 01:39:05,826 [Listener at 0.0.0.0/33945] INFO  server.AuthenticationFilter (AuthenticationFilter.java:constructSecretProvider(240)) - Unable to initialize FileSignerSecretProvider, falling back to use random secrets.
2021-12-24 01:39:05,833 [org.apache.hadoop.util.JvmPauseMonitor$Monitor@3771cad9] INFO  util.JvmPauseMonitor (JvmPauseMonitor.java:run(188)) - Starting JVM pause monitor
2021-12-24 01:39:05,834 [Listener at 0.0.0.0/33945] WARN  http.HttpRequestLog (HttpRequestLog.java:getRequestLog(103)) - Jetty request log can only be enabled using Log4j
2021-12-24 01:39:05,835 [Listener at 0.0.0.0/33945] INFO  http.HttpServer2 (HttpServer2.java:addGlobalFilter(1030)) - Added global filter 'safety' (class=org.apache.hadoop.hdds.server.http.HttpServer2$QuotingInputFilter)
2021-12-24 01:39:05,837 [Listener at 0.0.0.0/33945] INFO  http.HttpServer2 (HttpServer2.java:addFilter(1006)) - Added filter static_user_filter (class=org.apache.hadoop.http.lib.StaticUserWebFilter$StaticUserFilter) to context scm
2021-12-24 01:39:05,837 [Listener at 0.0.0.0/33945] INFO  http.HttpServer2 (HttpServer2.java:addFilter(1014)) - Added filter static_user_filter (class=org.apache.hadoop.http.lib.StaticUserWebFilter$StaticUserFilter) to context logs
2021-12-24 01:39:05,837 [Listener at 0.0.0.0/33945] INFO  http.HttpServer2 (HttpServer2.java:addFilter(1014)) - Added filter static_user_filter (class=org.apache.hadoop.http.lib.StaticUserWebFilter$StaticUserFilter) to context static
2021-12-24 01:39:05,850 [Listener at 0.0.0.0/33945] INFO  http.HttpServer2 (HttpServer2.java:bindListener(1249)) - Jetty bound to port 34771
2021-12-24 01:39:05,850 [Listener at 0.0.0.0/33945] INFO  server.Server (Server.java:doStart(375)) - jetty-9.4.43.v20210629; built: 2021-06-30T11:07:22.254Z; git: 526006ecfa3af7f1a27ef3a288e2bef7ea9dd7e8; jvm 1.8.0_292-b10
2021-12-24 01:39:05,885 [Listener at 0.0.0.0/33945] INFO  server.session (DefaultSessionIdManager.java:doStart(334)) - DefaultSessionIdManager workerName=node0
2021-12-24 01:39:05,886 [Listener at 0.0.0.0/33945] INFO  server.session (DefaultSessionIdManager.java:doStart(339)) - No SessionScavenger set, using defaults
2021-12-24 01:39:05,886 [Listener at 0.0.0.0/33945] INFO  server.session (HouseKeeper.java:startScavenging(132)) - node0 Scavenging every 660000ms
2021-12-24 01:39:05,888 [Listener at 0.0.0.0/33945] INFO  handler.ContextHandler (ContextHandler.java:doStart(915)) - Started o.e.j.s.ServletContextHandler@48515938{logs,/logs,file:///home/runner/work/ozone/ozone/hadoop-ozone/integration-test/target/log,AVAILABLE}
2021-12-24 01:39:05,888 [Listener at 0.0.0.0/33945] INFO  handler.ContextHandler (ContextHandler.java:doStart(915)) - Started o.e.j.s.ServletContextHandler@26fd9642{static,/static,file:///home/runner/work/ozone/ozone/hadoop-ozone/integration-test/target/test-classes/webapps/static,AVAILABLE}
2021-12-24 01:39:05,897 [Listener at 0.0.0.0/33945] INFO  handler.ContextHandler (ContextHandler.java:doStart(915)) - Started o.e.j.w.WebAppContext@30b84f33{scm,/,file:///home/runner/work/ozone/ozone/hadoop-ozone/integration-test/target/test-classes/webapps/scm/,AVAILABLE}{file:/home/runner/work/ozone/ozone/hadoop-ozone/integration-test/target/test-classes/webapps/scm}
2021-12-24 01:39:05,914 [Listener at 0.0.0.0/33945] INFO  server.AbstractConnector (AbstractConnector.java:doStart(331)) - Started ServerConnector@5a7e245e{HTTP/1.1, (http/1.1)}{0.0.0.0:34771}
2021-12-24 01:39:05,918 [Listener at 0.0.0.0/33945] INFO  server.Server (Server.java:doStart(415)) - Started @68081ms
2021-12-24 01:39:05,918 [Listener at 0.0.0.0/33945] WARN  impl.MetricsSystemImpl (MetricsSystemImpl.java:register(279)) - Sink prometheus already exists!
2021-12-24 01:39:05,921 [Listener at 0.0.0.0/33945] INFO  http.BaseHttpServer (BaseHttpServer.java:updateConnectorAddress(329)) - HTTP server of scm listening at http://0.0.0.0:34771
2021-12-24 01:39:05,922 [Listener at 0.0.0.0/33945] WARN  server.ServerUtils (ServerUtils.java:getDBPath(225)) - ozone.om.db.dirs is not configured. We recommend adding this setting. Falling back to ozone.metadata.dirs instead.
2021-12-24 01:39:05,927 [Listener at 0.0.0.0/33945] INFO  ha.OMHANodeDetails (OMHANodeDetails.java:loadOMHAConfig(112)) - ozone.om.internal.service.id is not defined, falling back to ozone.om.service.ids to find serviceID for OzoneManager if it is HA enabled cluster
2021-12-24 01:39:05,928 [Listener at 0.0.0.0/33945] INFO  ha.OMHANodeDetails (OMHANodeDetails.java:loadOMHAConfig(218)) - Configuration does not have ozone.om.address set. Falling back to the default OM address /127.0.0.1:0
2021-12-24 01:39:05,928 [Listener at 0.0.0.0/33945] INFO  ha.OMHANodeDetails (OMHANodeDetails.java:getOMNodeDetailsForNonHA(246)) - OM Service ID is not set. Setting it to the default ID: omServiceIdDefault
2021-12-24 01:39:05,928 [Listener at 0.0.0.0/33945] INFO  ha.OMHANodeDetails (OMHANodeDetails.java:getOMNodeDetailsForNonHA(253)) - OM Node ID is not set. Setting it to the default ID: om1
2021-12-24 01:39:05,928 [Listener at 0.0.0.0/33945] WARN  server.ServerUtils (ServerUtils.java:getDBPath(225)) - ozone.om.db.dirs is not configured. We recommend adding this setting. Falling back to ozone.metadata.dirs instead.
2021-12-24 01:39:05,934 [Listener at 0.0.0.0/33945] INFO  upgrade.AbstractLayoutVersionManager (AbstractLayoutVersionManager.java:init(79)) - Initializing Layout version manager with metadata layout = INITIAL_VERSION (version = 0), software layout = INITIAL_VERSION (version = 0)
2021-12-24 01:39:06,040 [Listener at 0.0.0.0/33945] INFO  reflections.Reflections (Reflections.java:scan(232)) - Reflections took 105 ms to scan 2 urls, producing 133 keys and 345 values [using 2 cores]
2021-12-24 01:39:06,041 [Listener at 0.0.0.0/33945] INFO  upgrade.OMLayoutVersionManager (OMLayoutVersionManager.java:lambda$0(115)) - Skipping Upgrade Action MockOmUpgradeAction since it has been finalized.
2021-12-24 01:39:06,041 [Listener at 0.0.0.0/33945] WARN  server.ServerUtils (ServerUtils.java:getDBPath(225)) - ozone.om.db.dirs is not configured. We recommend adding this setting. Falling back to ozone.metadata.dirs instead.
2021-12-24 01:39:06,075 [Listener at 0.0.0.0/33945] WARN  server.ServerUtils (ServerUtils.java:getDBPath(225)) - ozone.om.db.dirs is not configured. We recommend adding this setting. Falling back to ozone.metadata.dirs instead.
2021-12-24 01:39:06,076 [Listener at 0.0.0.0/33945] INFO  codec.OmKeyInfoCodec (OmKeyInfoCodec.java:<init>(50)) - OmKeyInfoCodec ignorePipeline = true
2021-12-24 01:39:06,076 [Listener at 0.0.0.0/33945] INFO  codec.RepeatedOmKeyInfoCodec (RepeatedOmKeyInfoCodec.java:<init>(42)) - RepeatedOmKeyInfoCodec ignorePipeline = true
2021-12-24 01:39:06,433 [Listener at 0.0.0.0/33945] INFO  om.OzoneManager (OzoneManager.java:addS3GVolumeToDB(3728)) - Created Volume s3v With Owner runner required for S3Gateway operations.
2021-12-24 01:39:06,433 [Listener at 0.0.0.0/33945] WARN  server.ServerUtils (ServerUtils.java:getDefaultRatisDirectory(237)) - Storage directory for Ratis is not configured. It is a good idea to map this to an SSD disk. Falling back to ozone.metadata.dirs
2021-12-24 01:39:06,433 [Listener at 0.0.0.0/33945] WARN  utils.OzoneManagerRatisUtils (OzoneManagerRatisUtils.java:getOMRatisSnapshotDirectory(323)) - ozone.om.ratis.snapshot.dir is not configured. Falling back to ozone.metadata.dirs config
2021-12-24 01:39:06,433 [Listener at 0.0.0.0/33945] WARN  server.ServerUtils (ServerUtils.java:getDefaultRatisDirectory(237)) - Storage directory for Ratis is not configured. It is a good idea to map this to an SSD disk. Falling back to ozone.metadata.dirs
2021-12-24 01:39:06,443 [Listener at 0.0.0.0/33945] INFO  ratis.OzoneManagerRatisServer (OzoneManagerRatisServer.java:<init>(159)) - Instantiating OM Ratis server with groupID: omServiceIdDefault and peers: localhost:9872
2021-12-24 01:39:06,443 [Listener at 0.0.0.0/33945] INFO  ratis.OzoneManagerStateMachine (OzoneManagerStateMachine.java:loadSnapshotInfoFromDB(605)) - LastAppliedIndex is set from TransactionInfo from OM DB as (t:0, i:~)
2021-12-24 01:39:06,446 [Listener at 0.0.0.0/33945] INFO  server.RaftServer (ConfUtils.java:logGet(44)) - raft.rpc.type = GRPC (default)
2021-12-24 01:39:06,446 [Listener at 0.0.0.0/33945] INFO  grpc.GrpcFactory (GrpcFactory.java:checkPooledByteBufAllocatorUseCacheForAllThreads(48)) - PERFORMANCE WARNING: useCacheForAllThreads is true that may cause Netty to create a lot garbage objects and, as a result, trigger GC.
	It is recommended to disable useCacheForAllThreads by setting -Dorg.apache.ratis.thirdparty.io.netty.allocator.useCacheForAllThreads=false in command line.
2021-12-24 01:39:06,447 [Listener at 0.0.0.0/33945] INFO  grpc.GrpcConfigKeys (ConfUtils.java:logGet(44)) - raft.grpc.admin.port = -1 (default)
2021-12-24 01:39:06,450 [Listener at 0.0.0.0/33945] INFO  grpc.GrpcConfigKeys (ConfUtils.java:logGet(44)) - raft.grpc.server.port = 9872 (custom)
2021-12-24 01:39:06,456 [Listener at 0.0.0.0/33945] INFO  grpc.GrpcConfigKeys (ConfUtils.java:logGet(44)) - raft.grpc.client.port = -1 (default)
2021-12-24 01:39:06,456 [Listener at 0.0.0.0/33945] INFO  grpc.GrpcConfigKeys (ConfUtils.java:logGet(44)) - raft.grpc.server.port = 9872 (custom)
2021-12-24 01:39:06,457 [Listener at 0.0.0.0/33945] INFO  grpc.GrpcConfigKeys (ConfUtils.java:logGet(44)) - raft.grpc.server.port = 9872 (custom)
2021-12-24 01:39:06,458 [Listener at 0.0.0.0/33945] INFO  server.GrpcService (ConfUtils.java:logGet(44)) - raft.grpc.message.size.max = 33554432 (custom)
2021-12-24 01:39:06,461 [Listener at 0.0.0.0/33945] INFO  server.RaftServerConfigKeys (ConfUtils.java:logGet(44)) - raft.server.log.appender.buffer.byte-limit = 33554432 (custom)
2021-12-24 01:39:06,465 [Listener at 0.0.0.0/33945] INFO  server.GrpcService (ConfUtils.java:logGet(44)) - raft.grpc.flow.control.window = 1MB (=1048576) (default)
2021-12-24 01:39:06,466 [Listener at 0.0.0.0/33945] INFO  server.RaftServerConfigKeys (ConfUtils.java:logGet(44)) - raft.server.rpc.request.timeout = 3000ms (default)
2021-12-24 01:39:06,468 [Listener at 0.0.0.0/33945] INFO  impl.DataStreamServerImpl (ConfUtils.java:logGet(44)) - raft.datastream.type = DISABLED (default)
2021-12-24 01:39:06,473 [Listener at 0.0.0.0/33945] INFO  server.RaftServerConfigKeys (ConfUtils.java:logGet(44)) - raft.server.rpc.slowness.timeout = 120s (custom)
2021-12-24 01:39:06,474 [Listener at 0.0.0.0/33945] INFO  server.RaftServerConfigKeys (ConfUtils.java:logGet(44)) - raft.server.leaderelection.leader.step-down.wait-time = 10s (default)
2021-12-24 01:39:06,474 [Listener at 0.0.0.0/33945] INFO  server.RaftServerConfigKeys (ConfUtils.java:logGet(44)) - raft.server.storage.dir = [/home/runner/work/ozone/ozone/hadoop-ozone/integration-test/target/test-dir/MiniOzoneClusterImpl-457f4e2c-1d7f-4a2a-8b89-0860a01b056d/ozone-meta/ratis] (custom)
2021-12-24 01:39:06,483 [Listener at 0.0.0.0/33945] INFO  server.RaftServer (RaftServerProxy.java:addNew(95)) - om1: addNew group-C5BA1605619E:[om1|rpc:localhost:9872|priority:0] returns group-C5BA1605619E:java.util.concurrent.CompletableFuture@5fc50c30[Not completed]
2021-12-24 01:39:06,484 [Listener at 0.0.0.0/33945] INFO  om.OzoneManager (OzoneManager.java:initializeRatisServer(1834)) - OzoneManager Ratis server initialized at port 9872
2021-12-24 01:39:06,484 [pool-185-thread-1] INFO  server.RaftServer$Division (RaftServerImpl.java:<init>(184)) - om1: new RaftServerImpl for group-C5BA1605619E:[om1|rpc:localhost:9872|priority:0] with OzoneManagerStateMachine:uninitialized
2021-12-24 01:39:06,494 [pool-185-thread-1] INFO  server.RaftServerConfigKeys (ConfUtils.java:logGet(44)) - raft.server.rpc.timeout.min = 1s (custom)
2021-12-24 01:39:06,494 [pool-185-thread-1] INFO  server.RaftServerConfigKeys (ConfUtils.java:logGet(44)) - raft.server.rpc.timeout.max = 1200ms (custom)
2021-12-24 01:39:06,494 [pool-185-thread-1] INFO  server.RaftServerConfigKeys (ConfUtils.java:logGet(44)) - raft.server.rpc.sleep.time = 25ms (default)
2021-12-24 01:39:06,494 [pool-185-thread-1] INFO  server.RaftServerConfigKeys (ConfUtils.java:logGet(44)) - raft.server.rpc.slowness.timeout = 120s (custom)
2021-12-24 01:39:06,494 [pool-185-thread-1] INFO  server.RaftServerConfigKeys (ConfUtils.java:logGet(44)) - raft.server.leaderelection.leader.step-down.wait-time = 10s (default)
2021-12-24 01:39:06,494 [pool-185-thread-1] INFO  server.RaftServerConfigKeys (ConfUtils.java:logGet(44)) - raft.server.sleep.deviation.threshold = 300ms (default)
2021-12-24 01:39:06,494 [pool-185-thread-1] INFO  server.RaftServerConfigKeys (ConfUtils.java:logGet(44)) - raft.server.log.appender.install.snapshot.enabled = false (custom)
2021-12-24 01:39:06,494 [pool-185-thread-1] INFO  server.RaftServer$Division (ServerState.java:<init>(105)) - om1@group-C5BA1605619E: ConfigurationManager, init=-1: [om1|rpc:localhost:9872|priority:0], old=null, confs=<EMPTY_MAP>
2021-12-24 01:39:06,495 [pool-185-thread-1] INFO  server.RaftServerConfigKeys (ConfUtils.java:logGet(44)) - raft.server.storage.dir = [/home/runner/work/ozone/ozone/hadoop-ozone/integration-test/target/test-dir/MiniOzoneClusterImpl-457f4e2c-1d7f-4a2a-8b89-0860a01b056d/ozone-meta/ratis] (custom)
2021-12-24 01:39:06,495 [pool-185-thread-1] INFO  server.RaftServerConfigKeys (ConfUtils.java:logGet(44)) - raft.server.log.corruption.policy = EXCEPTION (default)
2021-12-24 01:39:06,495 [pool-185-thread-1] INFO  server.RaftServerConfigKeys (ConfUtils.java:logGet(44)) - raft.server.storage.free-space.min = 0MB (=0) (default)
2021-12-24 01:39:06,495 [pool-185-thread-1] INFO  storage.RaftStorageDirectory (RaftStorageDirectoryImpl.java:analyzeStorage(135)) - The storage directory /home/runner/work/ozone/ozone/hadoop-ozone/integration-test/target/test-dir/MiniOzoneClusterImpl-457f4e2c-1d7f-4a2a-8b89-0860a01b056d/ozone-meta/ratis/bf265839-605b-3f16-9796-c5ba1605619e does not exist. Creating ...
2021-12-24 01:39:06,506 [pool-185-thread-1] INFO  storage.RaftStorageDirectory (RaftStorageDirectoryImpl.java:tryLock(230)) - Lock on /home/runner/work/ozone/ozone/hadoop-ozone/integration-test/target/test-dir/MiniOzoneClusterImpl-457f4e2c-1d7f-4a2a-8b89-0860a01b056d/ozone-meta/ratis/bf265839-605b-3f16-9796-c5ba1605619e/in_use.lock acquired by nodename 17223@fv-az116-279
2021-12-24 01:39:06,509 [Listener at 0.0.0.0/33945] INFO  ipc.CallQueueManager (CallQueueManager.java:<init>(90)) - Using callQueue: class java.util.concurrent.LinkedBlockingQueue, queueCapacity: 2000, scheduler: class org.apache.hadoop.ipc.DefaultRpcScheduler, ipcBackoff: false.
2021-12-24 01:39:06,510 [pool-185-thread-1] INFO  storage.RaftStorage (RaftStorageImpl.java:format(89)) - Storage directory /home/runner/work/ozone/ozone/hadoop-ozone/integration-test/target/test-dir/MiniOzoneClusterImpl-457f4e2c-1d7f-4a2a-8b89-0860a01b056d/ozone-meta/ratis/bf265839-605b-3f16-9796-c5ba1605619e has been successfully formatted.
2021-12-24 01:39:06,511 [pool-185-thread-1] INFO  server.RaftServerConfigKeys (ConfUtils.java:logGet(44)) - raft.server.notification.no-leader.timeout = 120s (custom)
2021-12-24 01:39:06,511 [pool-185-thread-1] INFO  server.RaftServerConfigKeys (ConfUtils.java:logGet(44)) - raft.server.log.use.memory = false (default)
2021-12-24 01:39:06,511 [pool-185-thread-1] INFO  server.RaftServerConfigKeys (ConfUtils.java:logGet(44)) - raft.server.log.purge.gap = 1000000 (custom)
2021-12-24 01:39:06,511 [pool-185-thread-1] INFO  server.RaftServerConfigKeys (ConfUtils.java:logGet(44)) - raft.server.log.appender.buffer.byte-limit = 33554432 (custom)
2021-12-24 01:39:06,511 [pool-185-thread-1] INFO  server.RaftServerConfigKeys (ConfUtils.java:logGet(44)) - raft.server.log.segment.size.max = 4194304 (custom)
2021-12-24 01:39:06,512 [pool-185-thread-1] INFO  server.RaftServerConfigKeys (ConfUtils.java:logGet(44)) - raft.server.log.segment.cache.num.max = 2 (custom)
2021-12-24 01:39:06,512 [pool-185-thread-1] INFO  server.RaftServerConfigKeys (ConfUtils.java:logGet(44)) - raft.server.log.segment.cache.size.max = 200MB (=209715200) (default)
2021-12-24 01:39:06,512 [pool-185-thread-1] INFO  segmented.SegmentedRaftLogWorker (SegmentedRaftLogWorker.java:<init>(182)) - new om1@group-C5BA1605619E-SegmentedRaftLogWorker for RaftStorageImpl:Storage Directory /home/runner/work/ozone/ozone/hadoop-ozone/integration-test/target/test-dir/MiniOzoneClusterImpl-457f4e2c-1d7f-4a2a-8b89-0860a01b056d/ozone-meta/ratis/bf265839-605b-3f16-9796-c5ba1605619e
2021-12-24 01:39:06,512 [pool-185-thread-1] INFO  server.RaftServerConfigKeys (ConfUtils.java:logGet(44)) - raft.server.log.queue.byte-limit = 64MB (=67108864) (default)
2021-12-24 01:39:06,512 [pool-185-thread-1] INFO  server.RaftServerConfigKeys (ConfUtils.java:logGet(44)) - raft.server.log.queue.element-limit = 4096 (default)
2021-12-24 01:39:06,512 [pool-185-thread-1] INFO  server.RaftServerConfigKeys (ConfUtils.java:logGet(44)) - raft.server.log.segment.size.max = 4194304 (custom)
2021-12-24 01:39:06,513 [pool-185-thread-1] INFO  server.RaftServerConfigKeys (ConfUtils.java:logGet(44)) - raft.server.log.preallocated.size = 4194304 (custom)
2021-12-24 01:39:06,513 [pool-185-thread-1] INFO  server.RaftServerConfigKeys (ConfUtils.java:logGet(44)) - raft.server.log.force.sync.num = 128 (default)
2021-12-24 01:39:06,513 [pool-185-thread-1] INFO  server.RaftServerConfigKeys (ConfUtils.java:logGet(44)) - raft.server.log.statemachine.data.sync = true (default)
2021-12-24 01:39:06,513 [pool-185-thread-1] INFO  server.RaftServerConfigKeys (ConfUtils.java:logGet(44)) - raft.server.log.statemachine.data.sync.timeout = 10s (default)
2021-12-24 01:39:06,521 [pool-185-thread-1] INFO  server.RaftServerConfigKeys (ConfUtils.java:logGet(44)) - raft.server.log.statemachine.data.sync.timeout.retry = -1 (default)
2021-12-24 01:39:06,534 [Socket Reader #1 for port 0] INFO  ipc.Server (Server.java:run(1265)) - Starting Socket Reader #1 for port 0
2021-12-24 01:39:06,535 [pool-185-thread-1] INFO  server.RaftServerConfigKeys (ConfUtils.java:logGet(44)) - raft.server.log.write.buffer.size = 64KB (=65536) (default)
2021-12-24 01:39:06,535 [pool-185-thread-1] INFO  server.RaftServerConfigKeys (ConfUtils.java:logGet(44)) - raft.server.log.statemachine.data.caching.enabled = false (default)
2021-12-24 01:39:06,535 [pool-185-thread-1] INFO  segmented.SegmentedRaftLogWorker (SegmentedRaftLogWorker.java:lambda$new$0(133)) - om1@group-C5BA1605619E-SegmentedRaftLogWorker: flushIndex: setUnconditionally 0 -> -1
2021-12-24 01:39:06,535 [pool-185-thread-1] INFO  segmented.SegmentedRaftLogWorker (SegmentedRaftLogWorker.java:lambda$new$0(133)) - om1@group-C5BA1605619E-SegmentedRaftLogWorker: safeCacheEvictIndex: setUnconditionally 0 -> -1
2021-12-24 01:39:06,556 [pool-185-thread-1] INFO  server.RaftServerConfigKeys (ConfUtils.java:logGet(44)) - raft.server.snapshot.auto.trigger.enabled = true (custom)
2021-12-24 01:39:06,556 [pool-185-thread-1] INFO  server.RaftServerConfigKeys (ConfUtils.java:logGet(44)) - raft.server.snapshot.auto.trigger.threshold = 400000 (default)
2021-12-24 01:39:06,556 [pool-185-thread-1] INFO  server.RaftServerConfigKeys (ConfUtils.java:logGet(44)) - raft.server.snapshot.retention.file.num = -1 (default)
2021-12-24 01:39:06,556 [pool-185-thread-1] INFO  server.RaftServerConfigKeys (ConfUtils.java:logGet(44)) - raft.server.log.purge.upto.snapshot.index = true (custom)
2021-12-24 01:39:06,556 [pool-185-thread-1] INFO  server.RaftServerConfigKeys (ConfUtils.java:logGet(44)) - raft.server.retrycache.expirytime = 300s (custom)
2021-12-24 01:39:06,556 [pool-185-thread-1] INFO  server.RaftServerConfigKeys (ConfUtils.java:logGet(44)) - raft.server.retrycache.statistics.expirytime = 100μs (default)
2021-12-24 01:39:06,602 [Listener at 127.0.0.1/39723] INFO  impl.MetricsSystemImpl (MetricsSystemImpl.java:init(158)) - OzoneManager metrics system started (again)
2021-12-24 01:39:06,674 [Listener at 127.0.0.1/39723] INFO  om.OzoneManager (OzoneManager.java:start(1365)) - OzoneManager RPC server is listening at localhost/127.0.0.1:39723
2021-12-24 01:39:06,674 [Listener at 127.0.0.1/39723] INFO  ratis.OzoneManagerRatisServer (OzoneManagerRatisServer.java:start(554)) - Starting OzoneManagerRatisServer om1 at port 9872
2021-12-24 01:39:06,674 [Listener at 127.0.0.1/39723] INFO  server.RaftServer$Division (RaftServerImpl.java:start(301)) - om1@group-C5BA1605619E: start as a follower, conf=-1: [om1|rpc:localhost:9872|priority:0], old=null
2021-12-24 01:39:06,675 [Listener at 127.0.0.1/39723] INFO  server.RaftServer$Division (RaftServerImpl.java:setRole(290)) - om1@group-C5BA1605619E: changes role from      null to FOLLOWER at term 0 for startAsFollower
2021-12-24 01:39:06,675 [Listener at 127.0.0.1/39723] INFO  impl.RoleInfo (RoleInfo.java:updateAndGet(130)) - om1: start om1@group-C5BA1605619E-FollowerState
2021-12-24 01:39:06,690 [Listener at 127.0.0.1/39723] INFO  util.JmxRegister (JmxRegister.java:tryRegister(44)) - Successfully registered JMX Bean with object name Ratis:service=RaftServer,group=group-C5BA1605619E,id=om1
2021-12-24 01:39:06,690 [Listener at 127.0.0.1/39723] INFO  server.RaftServer (RaftServerProxy.java:lambda$start$5(374)) - om1: start RPC server
2021-12-24 01:39:06,718 [Listener at 127.0.0.1/39723] INFO  server.GrpcService (GrpcService.java:startImpl(253)) - om1: GrpcService started, listening on 9872
2021-12-24 01:39:06,718 [Listener at 127.0.0.1/39723] INFO  om.OzoneManager (OzoneManager.java:start(1381)) - Version File has different layout version (0) than OM DB (null). That is expected if this OM has never been finalized to a newer layout version.
2021-12-24 01:39:06,719 [org.apache.ratis.util.JvmPauseMonitor$$Lambda$528/1509220174@1b5c2310] INFO  util.JvmPauseMonitor (JvmPauseMonitor.java:run(103)) - JvmPauseMonitor-om1: Started
2021-12-24 01:39:06,734 [Listener at 127.0.0.1/39723] INFO  http.BaseHttpServer (BaseHttpServer.java:newHttpServer2BuilderForOzone(209)) - Starting Web-server for ozoneManager at: http://0.0.0.0:0
2021-12-24 01:39:06,735 [Listener at 127.0.0.1/39723] INFO  http.BaseHttpServer (BaseHttpServer.java:<init>(107)) - Hadoop Security Enabled: false Ozone Security Enabled: false Ozone HTTP Security Enabled: false 
2021-12-24 01:39:06,737 [Listener at 127.0.0.1/39723] INFO  server.AuthenticationFilter (AuthenticationFilter.java:constructSecretProvider(240)) - Unable to initialize FileSignerSecretProvider, falling back to use random secrets.
2021-12-24 01:39:06,753 [Listener at 127.0.0.1/39723] WARN  http.HttpRequestLog (HttpRequestLog.java:getRequestLog(103)) - Jetty request log can only be enabled using Log4j
2021-12-24 01:39:06,766 [Listener at 127.0.0.1/39723] INFO  http.HttpServer2 (HttpServer2.java:addGlobalFilter(1030)) - Added global filter 'safety' (class=org.apache.hadoop.hdds.server.http.HttpServer2$QuotingInputFilter)
2021-12-24 01:39:06,768 [Listener at 127.0.0.1/39723] INFO  http.HttpServer2 (HttpServer2.java:addFilter(1006)) - Added filter static_user_filter (class=org.apache.hadoop.http.lib.StaticUserWebFilter$StaticUserFilter) to context ozoneManager
2021-12-24 01:39:06,768 [Listener at 127.0.0.1/39723] INFO  http.HttpServer2 (HttpServer2.java:addFilter(1014)) - Added filter static_user_filter (class=org.apache.hadoop.http.lib.StaticUserWebFilter$StaticUserFilter) to context static
2021-12-24 01:39:06,768 [Listener at 127.0.0.1/39723] INFO  http.HttpServer2 (HttpServer2.java:addFilter(1014)) - Added filter static_user_filter (class=org.apache.hadoop.http.lib.StaticUserWebFilter$StaticUserFilter) to context logs
2021-12-24 01:39:06,769 [Listener at 127.0.0.1/39723] INFO  http.HttpServer2 (HttpServer2.java:bindListener(1249)) - Jetty bound to port 43185
2021-12-24 01:39:06,769 [Listener at 127.0.0.1/39723] INFO  server.Server (Server.java:doStart(375)) - jetty-9.4.43.v20210629; built: 2021-06-30T11:07:22.254Z; git: 526006ecfa3af7f1a27ef3a288e2bef7ea9dd7e8; jvm 1.8.0_292-b10
2021-12-24 01:39:06,805 [Listener at 127.0.0.1/39723] INFO  server.session (DefaultSessionIdManager.java:doStart(334)) - DefaultSessionIdManager workerName=node0
2021-12-24 01:39:06,806 [Listener at 127.0.0.1/39723] INFO  server.session (DefaultSessionIdManager.java:doStart(339)) - No SessionScavenger set, using defaults
2021-12-24 01:39:06,806 [Listener at 127.0.0.1/39723] INFO  server.session (HouseKeeper.java:startScavenging(132)) - node0 Scavenging every 660000ms
2021-12-24 01:39:06,808 [Listener at 127.0.0.1/39723] INFO  handler.ContextHandler (ContextHandler.java:doStart(915)) - Started o.e.j.s.ServletContextHandler@155150c4{logs,/logs,file:///home/runner/work/ozone/ozone/hadoop-ozone/integration-test/target/log,AVAILABLE}
2021-12-24 01:39:06,809 [Listener at 127.0.0.1/39723] INFO  handler.ContextHandler (ContextHandler.java:doStart(915)) - Started o.e.j.s.ServletContextHandler@45788a6c{static,/static,file:///home/runner/work/ozone/ozone/hadoop-ozone/integration-test/target/test-classes/webapps/static,AVAILABLE}
2021-12-24 01:39:06,829 [Listener at 127.0.0.1/39723] INFO  handler.ContextHandler (ContextHandler.java:doStart(915)) - Started o.e.j.w.WebAppContext@1dde5b0a{ozoneManager,/,file:///home/runner/work/ozone/ozone/hadoop-ozone/integration-test/target/test-classes/webapps/ozoneManager/,AVAILABLE}{file:/home/runner/work/ozone/ozone/hadoop-ozone/integration-test/target/test-classes/webapps/ozoneManager}
2021-12-24 01:39:06,862 [Listener at 127.0.0.1/39723] INFO  server.AbstractConnector (AbstractConnector.java:doStart(331)) - Started ServerConnector@38554a34{HTTP/1.1, (http/1.1)}{0.0.0.0:43185}
2021-12-24 01:39:06,862 [Listener at 127.0.0.1/39723] INFO  server.Server (Server.java:doStart(415)) - Started @69026ms
2021-12-24 01:39:06,862 [Listener at 127.0.0.1/39723] WARN  impl.MetricsSystemImpl (MetricsSystemImpl.java:register(279)) - Sink prometheus already exists!
2021-12-24 01:39:06,863 [Listener at 127.0.0.1/39723] INFO  http.BaseHttpServer (BaseHttpServer.java:updateConnectorAddress(329)) - HTTP server of ozoneManager listening at http://0.0.0.0:43185
2021-12-24 01:39:06,870 [IPC Server Responder] INFO  ipc.Server (Server.java:run(1507)) - IPC Server Responder: starting
2021-12-24 01:39:06,881 [IPC Server listener on 0] INFO  ipc.Server (Server.java:run(1344)) - IPC Server listener on 0: starting
2021-12-24 01:39:07,001 [Listener at 127.0.0.1/39723] INFO  om.TrashPolicyOzone (TrashPolicyOzone.java:<init>(178)) - Ozone Manager trash configuration: Deletion interval = 0 minutes, Emptier interval = 0 minutes.
2021-12-24 01:39:07,012 [org.apache.hadoop.util.JvmPauseMonitor$Monitor@e6fa52c] INFO  util.JvmPauseMonitor (JvmPauseMonitor.java:run(188)) - Starting JVM pause monitor
2021-12-24 01:39:07,078 [Listener at 127.0.0.1/39723] WARN  impl.MetricRegistriesImpl (MetricRegistriesImpl.java:addReporterRegistration(111)) - New reporters are added after registries were created. Some metrics will be missing from the reporter. Please add reporter before adding any new registry.
2021-12-24 01:39:07,079 [Listener at 127.0.0.1/39723] WARN  impl.MetricRegistriesImpl (MetricRegistriesImpl.java:addReporterRegistration(111)) - New reporters are added after registries were created. Some metrics will be missing from the reporter. Please add reporter before adding any new registry.
2021-12-24 01:39:07,079 [Listener at 127.0.0.1/39723] INFO  impl.MetricsSystemImpl (MetricsSystemImpl.java:init(158)) - HddsDatanode metrics system started (again)
2021-12-24 01:39:07,126 [Listener at 127.0.0.1/39723] INFO  ozone.HddsDatanodeService (HddsDatanodeService.java:start(234)) - HddsDatanodeService host:fv-az116-279.vzw04321ajxubdbcnpick5nqva.xx.internal.cloudapp.net ip:10.1.0.29
2021-12-24 01:39:07,206 [Listener at 127.0.0.1/39723] INFO  upgrade.AbstractLayoutVersionManager (AbstractLayoutVersionManager.java:init(79)) - Initializing Layout version manager with metadata layout = SCM_HA (version = 2), software layout = SCM_HA (version = 2)
2021-12-24 01:39:07,384 [Listener at 127.0.0.1/39723] INFO  reflections.Reflections (Reflections.java:scan(232)) - Reflections took 175 ms to scan 7 urls, producing 119 keys and 279 values 
2021-12-24 01:39:07,391 [Listener at 127.0.0.1/39723] INFO  statemachine.DatanodeStateMachine (DatanodeStateMachine.java:getEndPointTaskThreadPoolSize(219)) - Datanode State Machine Task Thread Pool size 2
2021-12-24 01:39:07,407 [Listener at 127.0.0.1/39723] INFO  volume.HddsVolume (HddsVolume.java:<init>(120)) - Creating HddsVolume: /home/runner/work/ozone/ozone/hadoop-ozone/integration-test/target/test-dir/MiniOzoneClusterImpl-457f4e2c-1d7f-4a2a-8b89-0860a01b056d/datanode-0/data-0/containers/hdds of storage type : DISK capacity : 9223372036854775807
2021-12-24 01:39:07,408 [Listener at 127.0.0.1/39723] INFO  volume.MutableVolumeSet (MutableVolumeSet.java:initializeVolumeSet(168)) - Added Volume : /home/runner/work/ozone/ozone/hadoop-ozone/integration-test/target/test-dir/MiniOzoneClusterImpl-457f4e2c-1d7f-4a2a-8b89-0860a01b056d/datanode-0/data-0/containers/hdds to VolumeSet
2021-12-24 01:39:07,408 [Listener at 127.0.0.1/39723] INFO  volume.ThrottledAsyncChecker (ThrottledAsyncChecker.java:schedule(141)) - Scheduling a check for /home/runner/work/ozone/ozone/hadoop-ozone/integration-test/target/test-dir/MiniOzoneClusterImpl-457f4e2c-1d7f-4a2a-8b89-0860a01b056d/datanode-0/data-0/containers/hdds
2021-12-24 01:39:07,418 [Listener at 127.0.0.1/39723] INFO  volume.StorageVolumeChecker (StorageVolumeChecker.java:checkAllVolumes(202)) - Scheduled health check for volume /home/runner/work/ozone/ozone/hadoop-ozone/integration-test/target/test-dir/MiniOzoneClusterImpl-457f4e2c-1d7f-4a2a-8b89-0860a01b056d/datanode-0/data-0/containers/hdds
2021-12-24 01:39:07,448 [Listener at 127.0.0.1/39723] INFO  volume.MutableVolumeSet (MutableVolumeSet.java:initializeVolumeSet(168)) - Added Volume : /home/runner/work/ozone/ozone/hadoop-ozone/integration-test/target/test-dir/MiniOzoneClusterImpl-457f4e2c-1d7f-4a2a-8b89-0860a01b056d/datanode-0/data/ratis to VolumeSet
2021-12-24 01:39:07,453 [Listener at 127.0.0.1/39723] INFO  volume.ThrottledAsyncChecker (ThrottledAsyncChecker.java:schedule(141)) - Scheduling a check for /home/runner/work/ozone/ozone/hadoop-ozone/integration-test/target/test-dir/MiniOzoneClusterImpl-457f4e2c-1d7f-4a2a-8b89-0860a01b056d/datanode-0/data/ratis
2021-12-24 01:39:07,454 [Listener at 127.0.0.1/39723] INFO  volume.StorageVolumeChecker (StorageVolumeChecker.java:checkAllVolumes(202)) - Scheduled health check for volume /home/runner/work/ozone/ozone/hadoop-ozone/integration-test/target/test-dir/MiniOzoneClusterImpl-457f4e2c-1d7f-4a2a-8b89-0860a01b056d/datanode-0/data/ratis
2021-12-24 01:39:07,518 [Thread-516] INFO  ozoneimpl.ContainerReader (ContainerReader.java:readVolume(172)) - Finish verifying containers on volume /home/runner/work/ozone/ozone/hadoop-ozone/integration-test/target/test-dir/MiniOzoneClusterImpl-457f4e2c-1d7f-4a2a-8b89-0860a01b056d/datanode-0/data-0/containers/hdds
2021-12-24 01:39:07,518 [Listener at 127.0.0.1/39723] INFO  ozoneimpl.OzoneContainer (OzoneContainer.java:buildContainerSet(237)) - Build ContainerSet costs 0s
2021-12-24 01:39:07,525 [Listener at 127.0.0.1/39723] INFO  server.RaftServer (ConfUtils.java:logGet(44)) - raft.rpc.type = GRPC (default)
2021-12-24 01:39:07,525 [Listener at 127.0.0.1/39723] INFO  grpc.GrpcFactory (GrpcFactory.java:checkPooledByteBufAllocatorUseCacheForAllThreads(48)) - PERFORMANCE WARNING: useCacheForAllThreads is true that may cause Netty to create a lot garbage objects and, as a result, trigger GC.
	It is recommended to disable useCacheForAllThreads by setting -Dorg.apache.ratis.thirdparty.io.netty.allocator.useCacheForAllThreads=false in command line.
2021-12-24 01:39:07,525 [Listener at 127.0.0.1/39723] INFO  grpc.GrpcConfigKeys (ConfUtils.java:logGet(44)) - raft.grpc.admin.port = 0 (custom)
2021-12-24 01:39:07,525 [Listener at 127.0.0.1/39723] INFO  grpc.GrpcConfigKeys (ConfUtils.java:logGet(44)) - raft.grpc.client.port = 0 (custom)
2021-12-24 01:39:07,526 [Listener at 127.0.0.1/39723] INFO  grpc.GrpcConfigKeys (ConfUtils.java:logGet(44)) - raft.grpc.server.port = 0 (default)
2021-12-24 01:39:07,529 [Listener at 127.0.0.1/39723] INFO  server.GrpcService (ConfUtils.java:logGet(44)) - raft.grpc.message.size.max = 32MB (=33554432) (custom)
2021-12-24 01:39:07,529 [Listener at 127.0.0.1/39723] INFO  server.RaftServerConfigKeys (ConfUtils.java:logGet(44)) - raft.server.log.appender.buffer.byte-limit = 33554432 (custom)
2021-12-24 01:39:07,529 [Listener at 127.0.0.1/39723] INFO  server.GrpcService (ConfUtils.java:logGet(44)) - raft.grpc.flow.control.window = 5MB (=5242880) (custom)
2021-12-24 01:39:07,529 [Listener at 127.0.0.1/39723] INFO  server.RaftServerConfigKeys (ConfUtils.java:logGet(44)) - raft.server.rpc.request.timeout = 60s (custom)
2021-12-24 01:39:07,531 [Listener at 127.0.0.1/39723] INFO  impl.DataStreamServerImpl (ConfUtils.java:logGet(44)) - raft.datastream.type = DISABLED (default)
2021-12-24 01:39:07,536 [Listener at 127.0.0.1/39723] INFO  server.RaftServerConfigKeys (ConfUtils.java:logGet(44)) - raft.server.rpc.slowness.timeout = 300s (custom)
2021-12-24 01:39:07,537 [Listener at 127.0.0.1/39723] INFO  server.RaftServerConfigKeys (ConfUtils.java:logGet(44)) - raft.server.leaderelection.leader.step-down.wait-time = 10s (default)
2021-12-24 01:39:07,537 [Listener at 127.0.0.1/39723] INFO  server.RaftServerConfigKeys (ConfUtils.java:logGet(44)) - raft.server.storage.dir = [/home/runner/work/ozone/ozone/hadoop-ozone/integration-test/target/test-dir/MiniOzoneClusterImpl-457f4e2c-1d7f-4a2a-8b89-0860a01b056d/datanode-0/data/ratis] (custom)
2021-12-24 01:39:07,540 [Listener at 127.0.0.1/39723] INFO  server.XceiverServerGrpc (XceiverServerGrpc.java:<init>(132)) - GrpcServer channel type EpollServerSocketChannel
2021-12-24 01:39:07,561 [Listener at 127.0.0.1/39723] INFO  http.BaseHttpServer (BaseHttpServer.java:newHttpServer2BuilderForOzone(209)) - Starting Web-server for hddsDatanode at: http://0.0.0.0:0
2021-12-24 01:39:07,562 [Listener at 127.0.0.1/39723] INFO  http.BaseHttpServer (BaseHttpServer.java:<init>(107)) - Hadoop Security Enabled: false Ozone Security Enabled: false Ozone HTTP Security Enabled: false 
2021-12-24 01:39:07,565 [Listener at 127.0.0.1/39723] INFO  server.AuthenticationFilter (AuthenticationFilter.java:constructSecretProvider(240)) - Unable to initialize FileSignerSecretProvider, falling back to use random secrets.
2021-12-24 01:39:07,578 [Listener at 127.0.0.1/39723] WARN  http.HttpRequestLog (HttpRequestLog.java:getRequestLog(103)) - Jetty request log can only be enabled using Log4j
2021-12-24 01:39:07,579 [Listener at 127.0.0.1/39723] INFO  http.HttpServer2 (HttpServer2.java:addGlobalFilter(1030)) - Added global filter 'safety' (class=org.apache.hadoop.hdds.server.http.HttpServer2$QuotingInputFilter)
2021-12-24 01:39:07,580 [Listener at 127.0.0.1/39723] INFO  http.HttpServer2 (HttpServer2.java:addFilter(1006)) - Added filter static_user_filter (class=org.apache.hadoop.http.lib.StaticUserWebFilter$StaticUserFilter) to context hddsDatanode
2021-12-24 01:39:07,580 [Listener at 127.0.0.1/39723] INFO  http.HttpServer2 (HttpServer2.java:addFilter(1014)) - Added filter static_user_filter (class=org.apache.hadoop.http.lib.StaticUserWebFilter$StaticUserFilter) to context static
2021-12-24 01:39:07,580 [Listener at 127.0.0.1/39723] INFO  http.HttpServer2 (HttpServer2.java:addFilter(1014)) - Added filter static_user_filter (class=org.apache.hadoop.http.lib.StaticUserWebFilter$StaticUserFilter) to context logs
2021-12-24 01:39:07,584 [Listener at 127.0.0.1/39723] INFO  http.HttpServer2 (HttpServer2.java:bindListener(1249)) - Jetty bound to port 45719
2021-12-24 01:39:07,584 [Listener at 127.0.0.1/39723] INFO  server.Server (Server.java:doStart(375)) - jetty-9.4.43.v20210629; built: 2021-06-30T11:07:22.254Z; git: 526006ecfa3af7f1a27ef3a288e2bef7ea9dd7e8; jvm 1.8.0_292-b10
2021-12-24 01:39:07,674 [Listener at 127.0.0.1/39723] INFO  server.session (DefaultSessionIdManager.java:doStart(334)) - DefaultSessionIdManager workerName=node0
2021-12-24 01:39:07,674 [Listener at 127.0.0.1/39723] INFO  server.session (DefaultSessionIdManager.java:doStart(339)) - No SessionScavenger set, using defaults
2021-12-24 01:39:07,675 [Listener at 127.0.0.1/39723] INFO  server.session (HouseKeeper.java:startScavenging(132)) - node0 Scavenging every 660000ms
2021-12-24 01:39:07,676 [Listener at 127.0.0.1/39723] INFO  handler.ContextHandler (ContextHandler.java:doStart(915)) - Started o.e.j.s.ServletContextHandler@3e2c2452{logs,/logs,file:///home/runner/work/ozone/ozone/hadoop-ozone/integration-test/target/log,AVAILABLE}
2021-12-24 01:39:07,676 [Listener at 127.0.0.1/39723] INFO  handler.ContextHandler (ContextHandler.java:doStart(915)) - Started o.e.j.s.ServletContextHandler@7f2ab742{static,/static,jar:file:/home/runner/.m2/repository/org/apache/ozone/hdds-container-service/1.3.0-SNAPSHOT/hdds-container-service-1.3.0-SNAPSHOT.jar!/webapps/static,AVAILABLE}
2021-12-24 01:39:07,710 [om1@group-C5BA1605619E-FollowerState] INFO  impl.FollowerState (FollowerState.java:run(134)) - om1@group-C5BA1605619E-FollowerState: change to CANDIDATE, lastRpcElapsedTime:1034715632ns, electionTimeout:1016ms
2021-12-24 01:39:07,710 [om1@group-C5BA1605619E-FollowerState] INFO  impl.RoleInfo (RoleInfo.java:shutdownFollowerState(108)) - om1: shutdown om1@group-C5BA1605619E-FollowerState
2021-12-24 01:39:07,710 [om1@group-C5BA1605619E-FollowerState] INFO  server.RaftServer$Division (RaftServerImpl.java:setRole(290)) - om1@group-C5BA1605619E: changes role from  FOLLOWER to CANDIDATE at term 0 for changeToCandidate
2021-12-24 01:39:07,711 [om1@group-C5BA1605619E-FollowerState] INFO  server.RaftServerConfigKeys (ConfUtils.java:logGet(44)) - raft.server.leaderelection.pre-vote = false (custom)
2021-12-24 01:39:07,711 [om1@group-C5BA1605619E-FollowerState] INFO  impl.RoleInfo (RoleInfo.java:updateAndGet(130)) - om1: start om1@group-C5BA1605619E-LeaderElection18
2021-12-24 01:39:07,735 [om1@group-C5BA1605619E-LeaderElection18] INFO  impl.LeaderElection (LeaderElection.java:askForVotes(306)) - om1@group-C5BA1605619E-LeaderElection18 ELECTION round 0: submit vote requests at term 1 for -1: [om1|rpc:localhost:9872|priority:0], old=null
2021-12-24 01:39:07,735 [om1@group-C5BA1605619E-LeaderElection18] INFO  impl.LeaderElection (LeaderElection.java:askForVotes(308)) - om1@group-C5BA1605619E-LeaderElection18 ELECTION round 0: result PASSED (term=1)
2021-12-24 01:39:07,735 [om1@group-C5BA1605619E-LeaderElection18] INFO  impl.RoleInfo (RoleInfo.java:shutdownLeaderElection(121)) - om1: shutdown om1@group-C5BA1605619E-LeaderElection18
2021-12-24 01:39:07,735 [om1@group-C5BA1605619E-LeaderElection18] INFO  server.RaftServer$Division (RaftServerImpl.java:setRole(290)) - om1@group-C5BA1605619E: changes role from CANDIDATE to LEADER at term 1 for changeToLeader
2021-12-24 01:39:07,735 [om1@group-C5BA1605619E-LeaderElection18] INFO  server.RaftServer$Division (ServerState.java:setLeader(285)) - om1@group-C5BA1605619E: change Leader from null to om1 at term 1 for becomeLeader, leader elected after 1224ms
2021-12-24 01:39:07,735 [om1@group-C5BA1605619E-LeaderElection18] INFO  server.RaftServerConfigKeys (ConfUtils.java:logGet(44)) - raft.server.staging.catchup.gap = 1000 (default)
2021-12-24 01:39:07,735 [om1@group-C5BA1605619E-LeaderElection18] INFO  server.RaftServerConfigKeys (ConfUtils.java:logGet(44)) - raft.server.write.element-limit = 4096 (default)
2021-12-24 01:39:07,735 [om1@group-C5BA1605619E-LeaderElection18] INFO  server.RaftServerConfigKeys (ConfUtils.java:logGet(44)) - raft.server.write.byte-limit = 64MB (=67108864) (default)
2021-12-24 01:39:07,736 [om1@group-C5BA1605619E-LeaderElection18] INFO  server.RaftServerConfigKeys (ConfUtils.java:logGet(44)) - raft.server.watch.timeout = 10s (default)
2021-12-24 01:39:07,736 [om1@group-C5BA1605619E-LeaderElection18] INFO  server.RaftServerConfigKeys (ConfUtils.java:logGet(44)) - raft.server.watch.timeout.denomination = 1s (default)
2021-12-24 01:39:07,736 [om1@group-C5BA1605619E-LeaderElection18] INFO  server.RaftServerConfigKeys (ConfUtils.java:logGet(44)) - raft.server.watch.element-limit = 65536 (default)
2021-12-24 01:39:07,736 [om1@group-C5BA1605619E-LeaderElection18] INFO  server.RaftServerConfigKeys (ConfUtils.java:logGet(44)) - raft.server.write.element-limit = 4096 (default)
2021-12-24 01:39:07,736 [om1@group-C5BA1605619E-LeaderElection18] INFO  server.RaftServerConfigKeys (ConfUtils.java:logGet(44)) - raft.server.write.follower.gap.ratio.max = -1.0 (default)
2021-12-24 01:39:07,736 [om1@group-C5BA1605619E-LeaderElection18] INFO  impl.RoleInfo (RoleInfo.java:updateAndGet(130)) - om1: start om1@group-C5BA1605619E-LeaderStateImpl
2021-12-24 01:39:07,737 [om1@group-C5BA1605619E-LeaderElection18] INFO  segmented.SegmentedRaftLogWorker (SegmentedRaftLogWorker.java:startLogSegment(394)) - om1@group-C5BA1605619E-SegmentedRaftLogWorker: Starting segment from index:0
2021-12-24 01:39:07,750 [om1@group-C5BA1605619E-SegmentedRaftLogWorker] INFO  segmented.SegmentedRaftLogWorker (SegmentedRaftLogWorker.java:execute(601)) - om1@group-C5BA1605619E-SegmentedRaftLogWorker: created new log segment /home/runner/work/ozone/ozone/hadoop-ozone/integration-test/target/test-dir/MiniOzoneClusterImpl-457f4e2c-1d7f-4a2a-8b89-0860a01b056d/ozone-meta/ratis/bf265839-605b-3f16-9796-c5ba1605619e/current/log_inprogress_0
2021-12-24 01:39:07,750 [om1@group-C5BA1605619E-LeaderElection18] INFO  server.RaftServer$Division (ServerState.java:setRaftConf(387)) - om1@group-C5BA1605619E: set configuration 0: [om1|rpc:localhost:9872|admin:|client:|dataStream:|priority:0], old=null
2021-12-24 01:39:07,758 [om1@group-C5BA1605619E-StateMachineUpdater] INFO  ratis.OzoneManagerStateMachine (OzoneManagerStateMachine.java:notifyConfigurationChanged(188)) - Received Configuration change notification from Ratis. New Peer list:
[id: "om1"
address: "localhost:9872"
]
2021-12-24 01:39:07,812 [Listener at 127.0.0.1/39723] INFO  handler.ContextHandler (ContextHandler.java:doStart(915)) - Started o.e.j.w.WebAppContext@411f02f8{hddsDatanode,/,file:///tmp/jetty-0_0_0_0-45719-hdds-container-service-1_3_0-SNAPSHOT_jar-_-any-6767093538714300870/webapp/,AVAILABLE}{jar:file:/home/runner/.m2/repository/org/apache/ozone/hdds-container-service/1.3.0-SNAPSHOT/hdds-container-service-1.3.0-SNAPSHOT.jar!/webapps/hddsDatanode}
2021-12-24 01:39:07,821 [Listener at 127.0.0.1/39723] INFO  server.AbstractConnector (AbstractConnector.java:doStart(331)) - Started ServerConnector@4c3909cc{HTTP/1.1, (http/1.1)}{0.0.0.0:45719}
2021-12-24 01:39:07,821 [Listener at 127.0.0.1/39723] INFO  server.Server (Server.java:doStart(415)) - Started @69984ms
2021-12-24 01:39:07,821 [Listener at 127.0.0.1/39723] WARN  impl.MetricsSystemImpl (MetricsSystemImpl.java:register(279)) - Sink prometheus already exists!
2021-12-24 01:39:07,822 [Listener at 127.0.0.1/39723] INFO  http.BaseHttpServer (BaseHttpServer.java:updateConnectorAddress(329)) - HTTP server of hddsDatanode listening at http://0.0.0.0:45719
2021-12-24 01:39:07,834 [Datanode State Machine Daemon Thread] INFO  statemachine.DatanodeStateMachine (DatanodeStateMachine.java:lambda$startDaemon$0(467)) - Ozone container server started.
2021-12-24 01:39:07,834 [Listener at 127.0.0.1/39723] WARN  impl.MetricRegistriesImpl (MetricRegistriesImpl.java:addReporterRegistration(111)) - New reporters are added after registries were created. Some metrics will be missing from the reporter. Please add reporter before adding any new registry.
2021-12-24 01:39:07,834 [Listener at 127.0.0.1/39723] WARN  impl.MetricRegistriesImpl (MetricRegistriesImpl.java:addReporterRegistration(111)) - New reporters are added after registries were created. Some metrics will be missing from the reporter. Please add reporter before adding any new registry.
2021-12-24 01:39:07,835 [Listener at 127.0.0.1/39723] INFO  impl.MetricsSystemImpl (MetricsSystemImpl.java:init(158)) - HddsDatanode metrics system started (again)
2021-12-24 01:39:07,918 [org.apache.hadoop.util.JvmPauseMonitor$Monitor@ae2d7d0] INFO  util.JvmPauseMonitor (JvmPauseMonitor.java:run(188)) - Starting JVM pause monitor
2021-12-24 01:39:07,928 [Listener at 127.0.0.1/39723] INFO  ozone.HddsDatanodeService (HddsDatanodeService.java:start(234)) - HddsDatanodeService host:fv-az116-279.vzw04321ajxubdbcnpick5nqva.xx.internal.cloudapp.net ip:10.1.0.29
2021-12-24 01:39:07,941 [Datanode State Machine Task Thread - 0] INFO  datanode.InitDatanodeState (InitDatanodeState.java:persistContainerDatanodeDetails(145)) - DatanodeDetails is persisted to /home/runner/work/ozone/ozone/hadoop-ozone/integration-test/target/test-dir/MiniOzoneClusterImpl-457f4e2c-1d7f-4a2a-8b89-0860a01b056d/datanode-0/meta/datanode.id
2021-12-24 01:39:07,984 [Listener at 127.0.0.1/39723] INFO  upgrade.AbstractLayoutVersionManager (AbstractLayoutVersionManager.java:init(79)) - Initializing Layout version manager with metadata layout = SCM_HA (version = 2), software layout = SCM_HA (version = 2)
2021-12-24 01:39:08,055 [Listener at 127.0.0.1/39723] INFO  reflections.Reflections (Reflections.java:scan(232)) - Reflections took 69 ms to scan 7 urls, producing 119 keys and 279 values 
2021-12-24 01:39:08,070 [Listener at 127.0.0.1/39723] INFO  statemachine.DatanodeStateMachine (DatanodeStateMachine.java:getEndPointTaskThreadPoolSize(219)) - Datanode State Machine Task Thread Pool size 2
2021-12-24 01:39:08,087 [Listener at 127.0.0.1/39723] INFO  volume.HddsVolume (HddsVolume.java:<init>(120)) - Creating HddsVolume: /home/runner/work/ozone/ozone/hadoop-ozone/integration-test/target/test-dir/MiniOzoneClusterImpl-457f4e2c-1d7f-4a2a-8b89-0860a01b056d/datanode-1/data-0/containers/hdds of storage type : DISK capacity : 9223372036854775807
2021-12-24 01:39:08,087 [Listener at 127.0.0.1/39723] INFO  volume.MutableVolumeSet (MutableVolumeSet.java:initializeVolumeSet(168)) - Added Volume : /home/runner/work/ozone/ozone/hadoop-ozone/integration-test/target/test-dir/MiniOzoneClusterImpl-457f4e2c-1d7f-4a2a-8b89-0860a01b056d/datanode-1/data-0/containers/hdds to VolumeSet
2021-12-24 01:39:08,087 [Listener at 127.0.0.1/39723] INFO  volume.ThrottledAsyncChecker (ThrottledAsyncChecker.java:schedule(141)) - Scheduling a check for /home/runner/work/ozone/ozone/hadoop-ozone/integration-test/target/test-dir/MiniOzoneClusterImpl-457f4e2c-1d7f-4a2a-8b89-0860a01b056d/datanode-1/data-0/containers/hdds
2021-12-24 01:39:08,092 [Listener at 127.0.0.1/39723] INFO  volume.StorageVolumeChecker (StorageVolumeChecker.java:checkAllVolumes(202)) - Scheduled health check for volume /home/runner/work/ozone/ozone/hadoop-ozone/integration-test/target/test-dir/MiniOzoneClusterImpl-457f4e2c-1d7f-4a2a-8b89-0860a01b056d/datanode-1/data-0/containers/hdds
2021-12-24 01:39:08,124 [Listener at 127.0.0.1/39723] INFO  volume.MutableVolumeSet (MutableVolumeSet.java:initializeVolumeSet(168)) - Added Volume : /home/runner/work/ozone/ozone/hadoop-ozone/integration-test/target/test-dir/MiniOzoneClusterImpl-457f4e2c-1d7f-4a2a-8b89-0860a01b056d/datanode-1/data/ratis to VolumeSet
2021-12-24 01:39:08,134 [Listener at 127.0.0.1/39723] INFO  volume.ThrottledAsyncChecker (ThrottledAsyncChecker.java:schedule(141)) - Scheduling a check for /home/runner/work/ozone/ozone/hadoop-ozone/integration-test/target/test-dir/MiniOzoneClusterImpl-457f4e2c-1d7f-4a2a-8b89-0860a01b056d/datanode-1/data/ratis
2021-12-24 01:39:08,134 [Listener at 127.0.0.1/39723] INFO  volume.StorageVolumeChecker (StorageVolumeChecker.java:checkAllVolumes(202)) - Scheduled health check for volume /home/runner/work/ozone/ozone/hadoop-ozone/integration-test/target/test-dir/MiniOzoneClusterImpl-457f4e2c-1d7f-4a2a-8b89-0860a01b056d/datanode-1/data/ratis
2021-12-24 01:39:08,173 [Thread-530] INFO  ozoneimpl.ContainerReader (ContainerReader.java:readVolume(172)) - Finish verifying containers on volume /home/runner/work/ozone/ozone/hadoop-ozone/integration-test/target/test-dir/MiniOzoneClusterImpl-457f4e2c-1d7f-4a2a-8b89-0860a01b056d/datanode-1/data-0/containers/hdds
2021-12-24 01:39:08,173 [Listener at 127.0.0.1/39723] INFO  ozoneimpl.OzoneContainer (OzoneContainer.java:buildContainerSet(237)) - Build ContainerSet costs 0s
2021-12-24 01:39:08,221 [Listener at 127.0.0.1/39723] INFO  server.RaftServer (ConfUtils.java:logGet(44)) - raft.rpc.type = GRPC (default)
2021-12-24 01:39:08,222 [Listener at 127.0.0.1/39723] INFO  grpc.GrpcFactory (GrpcFactory.java:checkPooledByteBufAllocatorUseCacheForAllThreads(48)) - PERFORMANCE WARNING: useCacheForAllThreads is true that may cause Netty to create a lot garbage objects and, as a result, trigger GC.
	It is recommended to disable useCacheForAllThreads by setting -Dorg.apache.ratis.thirdparty.io.netty.allocator.useCacheForAllThreads=false in command line.
2021-12-24 01:39:08,222 [Listener at 127.0.0.1/39723] INFO  grpc.GrpcConfigKeys (ConfUtils.java:logGet(44)) - raft.grpc.admin.port = 0 (custom)
2021-12-24 01:39:08,223 [Listener at 127.0.0.1/39723] INFO  grpc.GrpcConfigKeys (ConfUtils.java:logGet(44)) - raft.grpc.client.port = 0 (custom)
2021-12-24 01:39:08,223 [Listener at 127.0.0.1/39723] INFO  grpc.GrpcConfigKeys (ConfUtils.java:logGet(44)) - raft.grpc.server.port = 0 (default)
2021-12-24 01:39:08,223 [Listener at 127.0.0.1/39723] INFO  server.GrpcService (ConfUtils.java:logGet(44)) - raft.grpc.message.size.max = 32MB (=33554432) (custom)
2021-12-24 01:39:08,223 [Listener at 127.0.0.1/39723] INFO  server.RaftServerConfigKeys (ConfUtils.java:logGet(44)) - raft.server.log.appender.buffer.byte-limit = 33554432 (custom)
2021-12-24 01:39:08,224 [Listener at 127.0.0.1/39723] INFO  server.GrpcService (ConfUtils.java:logGet(44)) - raft.grpc.flow.control.window = 5MB (=5242880) (custom)
2021-12-24 01:39:08,224 [Listener at 127.0.0.1/39723] INFO  server.RaftServerConfigKeys (ConfUtils.java:logGet(44)) - raft.server.rpc.request.timeout = 60s (custom)
2021-12-24 01:39:08,225 [Listener at 127.0.0.1/39723] INFO  impl.DataStreamServerImpl (ConfUtils.java:logGet(44)) - raft.datastream.type = DISABLED (default)
2021-12-24 01:39:08,225 [Listener at 127.0.0.1/39723] INFO  server.RaftServerConfigKeys (ConfUtils.java:logGet(44)) - raft.server.rpc.slowness.timeout = 300s (custom)
2021-12-24 01:39:08,226 [Listener at 127.0.0.1/39723] INFO  server.RaftServerConfigKeys (ConfUtils.java:logGet(44)) - raft.server.leaderelection.leader.step-down.wait-time = 10s (default)
2021-12-24 01:39:08,226 [Listener at 127.0.0.1/39723] INFO  server.RaftServerConfigKeys (ConfUtils.java:logGet(44)) - raft.server.storage.dir = [/home/runner/work/ozone/ozone/hadoop-ozone/integration-test/target/test-dir/MiniOzoneClusterImpl-457f4e2c-1d7f-4a2a-8b89-0860a01b056d/datanode-1/data/ratis] (custom)
2021-12-24 01:39:08,227 [Listener at 127.0.0.1/39723] INFO  server.XceiverServerGrpc (XceiverServerGrpc.java:<init>(132)) - GrpcServer channel type EpollServerSocketChannel
2021-12-24 01:39:08,243 [Listener at 127.0.0.1/39723] INFO  http.BaseHttpServer (BaseHttpServer.java:newHttpServer2BuilderForOzone(209)) - Starting Web-server for hddsDatanode at: http://0.0.0.0:0
2021-12-24 01:39:08,243 [Listener at 127.0.0.1/39723] INFO  http.BaseHttpServer (BaseHttpServer.java:<init>(107)) - Hadoop Security Enabled: false Ozone Security Enabled: false Ozone HTTP Security Enabled: false 
2021-12-24 01:39:08,266 [Listener at 127.0.0.1/39723] INFO  server.AuthenticationFilter (AuthenticationFilter.java:constructSecretProvider(240)) - Unable to initialize FileSignerSecretProvider, falling back to use random secrets.
2021-12-24 01:39:08,267 [Listener at 127.0.0.1/39723] WARN  http.HttpRequestLog (HttpRequestLog.java:getRequestLog(103)) - Jetty request log can only be enabled using Log4j
2021-12-24 01:39:08,268 [Listener at 127.0.0.1/39723] INFO  http.HttpServer2 (HttpServer2.java:addGlobalFilter(1030)) - Added global filter 'safety' (class=org.apache.hadoop.hdds.server.http.HttpServer2$QuotingInputFilter)
2021-12-24 01:39:08,269 [Listener at 127.0.0.1/39723] INFO  http.HttpServer2 (HttpServer2.java:addFilter(1006)) - Added filter static_user_filter (class=org.apache.hadoop.http.lib.StaticUserWebFilter$StaticUserFilter) to context hddsDatanode
2021-12-24 01:39:08,269 [Listener at 127.0.0.1/39723] INFO  http.HttpServer2 (HttpServer2.java:addFilter(1014)) - Added filter static_user_filter (class=org.apache.hadoop.http.lib.StaticUserWebFilter$StaticUserFilter) to context logs
2021-12-24 01:39:08,269 [Listener at 127.0.0.1/39723] INFO  http.HttpServer2 (HttpServer2.java:addFilter(1014)) - Added filter static_user_filter (class=org.apache.hadoop.http.lib.StaticUserWebFilter$StaticUserFilter) to context static
2021-12-24 01:39:08,270 [Listener at 127.0.0.1/39723] INFO  http.HttpServer2 (HttpServer2.java:bindListener(1249)) - Jetty bound to port 37079
2021-12-24 01:39:08,270 [Listener at 127.0.0.1/39723] INFO  server.Server (Server.java:doStart(375)) - jetty-9.4.43.v20210629; built: 2021-06-30T11:07:22.254Z; git: 526006ecfa3af7f1a27ef3a288e2bef7ea9dd7e8; jvm 1.8.0_292-b10
2021-12-24 01:39:08,282 [Listener at 127.0.0.1/39723] INFO  server.session (DefaultSessionIdManager.java:doStart(334)) - DefaultSessionIdManager workerName=node0
2021-12-24 01:39:08,282 [Listener at 127.0.0.1/39723] INFO  server.session (DefaultSessionIdManager.java:doStart(339)) - No SessionScavenger set, using defaults
2021-12-24 01:39:08,283 [Listener at 127.0.0.1/39723] INFO  server.session (HouseKeeper.java:startScavenging(132)) - node0 Scavenging every 600000ms
2021-12-24 01:39:08,287 [Listener at 127.0.0.1/39723] INFO  handler.ContextHandler (ContextHandler.java:doStart(915)) - Started o.e.j.s.ServletContextHandler@5ba71291{logs,/logs,file:///home/runner/work/ozone/ozone/hadoop-ozone/integration-test/target/log,AVAILABLE}
2021-12-24 01:39:08,287 [Listener at 127.0.0.1/39723] INFO  handler.ContextHandler (ContextHandler.java:doStart(915)) - Started o.e.j.s.ServletContextHandler@7123a28f{static,/static,jar:file:/home/runner/.m2/repository/org/apache/ozone/hdds-container-service/1.3.0-SNAPSHOT/hdds-container-service-1.3.0-SNAPSHOT.jar!/webapps/static,AVAILABLE}
2021-12-24 01:39:08,354 [Listener at 127.0.0.1/39723] INFO  handler.ContextHandler (ContextHandler.java:doStart(915)) - Started o.e.j.w.WebAppContext@8236c4f{hddsDatanode,/,file:///tmp/jetty-0_0_0_0-37079-hdds-container-service-1_3_0-SNAPSHOT_jar-_-any-6883716193738965533/webapp/,AVAILABLE}{jar:file:/home/runner/.m2/repository/org/apache/ozone/hdds-container-service/1.3.0-SNAPSHOT/hdds-container-service-1.3.0-SNAPSHOT.jar!/webapps/hddsDatanode}
2021-12-24 01:39:08,366 [Listener at 127.0.0.1/39723] INFO  server.AbstractConnector (AbstractConnector.java:doStart(331)) - Started ServerConnector@4f35699{HTTP/1.1, (http/1.1)}{0.0.0.0:37079}
2021-12-24 01:39:08,366 [Listener at 127.0.0.1/39723] INFO  server.Server (Server.java:doStart(415)) - Started @70529ms
2021-12-24 01:39:08,366 [Listener at 127.0.0.1/39723] WARN  impl.MetricsSystemImpl (MetricsSystemImpl.java:register(279)) - Sink prometheus already exists!
2021-12-24 01:39:08,367 [Listener at 127.0.0.1/39723] INFO  http.BaseHttpServer (BaseHttpServer.java:updateConnectorAddress(329)) - HTTP server of hddsDatanode listening at http://0.0.0.0:37079
2021-12-24 01:39:08,369 [Listener at 127.0.0.1/39723] WARN  impl.MetricRegistriesImpl (MetricRegistriesImpl.java:addReporterRegistration(111)) - New reporters are added after registries were created. Some metrics will be missing from the reporter. Please add reporter before adding any new registry.
2021-12-24 01:39:08,369 [Listener at 127.0.0.1/39723] WARN  impl.MetricRegistriesImpl (MetricRegistriesImpl.java:addReporterRegistration(111)) - New reporters are added after registries were created. Some metrics will be missing from the reporter. Please add reporter before adding any new registry.
2021-12-24 01:39:08,370 [Listener at 127.0.0.1/39723] INFO  impl.MetricsSystemImpl (MetricsSystemImpl.java:init(158)) - HddsDatanode metrics system started (again)
2021-12-24 01:39:08,376 [Datanode State Machine Daemon Thread] INFO  statemachine.DatanodeStateMachine (DatanodeStateMachine.java:lambda$startDaemon$0(467)) - Ozone container server started.
2021-12-24 01:39:08,384 [org.apache.hadoop.util.JvmPauseMonitor$Monitor@6b4d5894] INFO  util.JvmPauseMonitor (JvmPauseMonitor.java:run(188)) - Starting JVM pause monitor
2021-12-24 01:39:08,400 [Listener at 127.0.0.1/39723] INFO  ozone.HddsDatanodeService (HddsDatanodeService.java:start(234)) - HddsDatanodeService host:fv-az116-279.vzw04321ajxubdbcnpick5nqva.xx.internal.cloudapp.net ip:10.1.0.29
2021-12-24 01:39:08,404 [Datanode State Machine Task Thread - 0] INFO  datanode.InitDatanodeState (InitDatanodeState.java:persistContainerDatanodeDetails(145)) - DatanodeDetails is persisted to /home/runner/work/ozone/ozone/hadoop-ozone/integration-test/target/test-dir/MiniOzoneClusterImpl-457f4e2c-1d7f-4a2a-8b89-0860a01b056d/datanode-1/meta/datanode.id
2021-12-24 01:39:08,444 [Listener at 127.0.0.1/39723] INFO  upgrade.AbstractLayoutVersionManager (AbstractLayoutVersionManager.java:init(79)) - Initializing Layout version manager with metadata layout = SCM_HA (version = 2), software layout = SCM_HA (version = 2)
2021-12-24 01:39:08,537 [Listener at 127.0.0.1/39723] INFO  reflections.Reflections (Reflections.java:scan(232)) - Reflections took 91 ms to scan 7 urls, producing 119 keys and 279 values 
2021-12-24 01:39:08,544 [Listener at 127.0.0.1/39723] INFO  statemachine.DatanodeStateMachine (DatanodeStateMachine.java:getEndPointTaskThreadPoolSize(219)) - Datanode State Machine Task Thread Pool size 2
2021-12-24 01:39:08,558 [Listener at 127.0.0.1/39723] INFO  volume.HddsVolume (HddsVolume.java:<init>(120)) - Creating HddsVolume: /home/runner/work/ozone/ozone/hadoop-ozone/integration-test/target/test-dir/MiniOzoneClusterImpl-457f4e2c-1d7f-4a2a-8b89-0860a01b056d/datanode-2/data-0/containers/hdds of storage type : DISK capacity : 9223372036854775807
2021-12-24 01:39:08,559 [Listener at 127.0.0.1/39723] INFO  volume.MutableVolumeSet (MutableVolumeSet.java:initializeVolumeSet(168)) - Added Volume : /home/runner/work/ozone/ozone/hadoop-ozone/integration-test/target/test-dir/MiniOzoneClusterImpl-457f4e2c-1d7f-4a2a-8b89-0860a01b056d/datanode-2/data-0/containers/hdds to VolumeSet
2021-12-24 01:39:08,559 [Listener at 127.0.0.1/39723] INFO  volume.ThrottledAsyncChecker (ThrottledAsyncChecker.java:schedule(141)) - Scheduling a check for /home/runner/work/ozone/ozone/hadoop-ozone/integration-test/target/test-dir/MiniOzoneClusterImpl-457f4e2c-1d7f-4a2a-8b89-0860a01b056d/datanode-2/data-0/containers/hdds
2021-12-24 01:39:08,581 [Listener at 127.0.0.1/39723] INFO  volume.StorageVolumeChecker (StorageVolumeChecker.java:checkAllVolumes(202)) - Scheduled health check for volume /home/runner/work/ozone/ozone/hadoop-ozone/integration-test/target/test-dir/MiniOzoneClusterImpl-457f4e2c-1d7f-4a2a-8b89-0860a01b056d/datanode-2/data-0/containers/hdds
2021-12-24 01:39:08,616 [Listener at 127.0.0.1/39723] INFO  volume.MutableVolumeSet (MutableVolumeSet.java:initializeVolumeSet(168)) - Added Volume : /home/runner/work/ozone/ozone/hadoop-ozone/integration-test/target/test-dir/MiniOzoneClusterImpl-457f4e2c-1d7f-4a2a-8b89-0860a01b056d/datanode-2/data/ratis to VolumeSet
2021-12-24 01:39:08,617 [Listener at 127.0.0.1/39723] INFO  volume.ThrottledAsyncChecker (ThrottledAsyncChecker.java:schedule(141)) - Scheduling a check for /home/runner/work/ozone/ozone/hadoop-ozone/integration-test/target/test-dir/MiniOzoneClusterImpl-457f4e2c-1d7f-4a2a-8b89-0860a01b056d/datanode-2/data/ratis
2021-12-24 01:39:08,619 [Listener at 127.0.0.1/39723] INFO  volume.StorageVolumeChecker (StorageVolumeChecker.java:checkAllVolumes(202)) - Scheduled health check for volume /home/runner/work/ozone/ozone/hadoop-ozone/integration-test/target/test-dir/MiniOzoneClusterImpl-457f4e2c-1d7f-4a2a-8b89-0860a01b056d/datanode-2/data/ratis
2021-12-24 01:39:08,654 [Thread-542] INFO  ozoneimpl.ContainerReader (ContainerReader.java:readVolume(172)) - Finish verifying containers on volume /home/runner/work/ozone/ozone/hadoop-ozone/integration-test/target/test-dir/MiniOzoneClusterImpl-457f4e2c-1d7f-4a2a-8b89-0860a01b056d/datanode-2/data-0/containers/hdds
2021-12-24 01:39:08,654 [Listener at 127.0.0.1/39723] INFO  ozoneimpl.OzoneContainer (OzoneContainer.java:buildContainerSet(237)) - Build ContainerSet costs 0s
2021-12-24 01:39:08,666 [Listener at 127.0.0.1/39723] INFO  server.RaftServer (ConfUtils.java:logGet(44)) - raft.rpc.type = GRPC (default)
2021-12-24 01:39:08,667 [Listener at 127.0.0.1/39723] INFO  grpc.GrpcFactory (GrpcFactory.java:checkPooledByteBufAllocatorUseCacheForAllThreads(48)) - PERFORMANCE WARNING: useCacheForAllThreads is true that may cause Netty to create a lot garbage objects and, as a result, trigger GC.
	It is recommended to disable useCacheForAllThreads by setting -Dorg.apache.ratis.thirdparty.io.netty.allocator.useCacheForAllThreads=false in command line.
2021-12-24 01:39:08,667 [Listener at 127.0.0.1/39723] INFO  grpc.GrpcConfigKeys (ConfUtils.java:logGet(44)) - raft.grpc.admin.port = 0 (custom)
2021-12-24 01:39:08,667 [Listener at 127.0.0.1/39723] INFO  grpc.GrpcConfigKeys (ConfUtils.java:logGet(44)) - raft.grpc.client.port = 0 (custom)
2021-12-24 01:39:08,667 [Listener at 127.0.0.1/39723] INFO  grpc.GrpcConfigKeys (ConfUtils.java:logGet(44)) - raft.grpc.server.port = 0 (default)
2021-12-24 01:39:08,667 [Listener at 127.0.0.1/39723] INFO  server.GrpcService (ConfUtils.java:logGet(44)) - raft.grpc.message.size.max = 32MB (=33554432) (custom)
2021-12-24 01:39:08,667 [Listener at 127.0.0.1/39723] INFO  server.RaftServerConfigKeys (ConfUtils.java:logGet(44)) - raft.server.log.appender.buffer.byte-limit = 33554432 (custom)
2021-12-24 01:39:08,668 [Listener at 127.0.0.1/39723] INFO  server.GrpcService (ConfUtils.java:logGet(44)) - raft.grpc.flow.control.window = 5MB (=5242880) (custom)
2021-12-24 01:39:08,668 [Listener at 127.0.0.1/39723] INFO  server.RaftServerConfigKeys (ConfUtils.java:logGet(44)) - raft.server.rpc.request.timeout = 60s (custom)
2021-12-24 01:39:08,669 [Listener at 127.0.0.1/39723] INFO  impl.DataStreamServerImpl (ConfUtils.java:logGet(44)) - raft.datastream.type = DISABLED (default)
2021-12-24 01:39:08,669 [Listener at 127.0.0.1/39723] INFO  server.RaftServerConfigKeys (ConfUtils.java:logGet(44)) - raft.server.rpc.slowness.timeout = 300s (custom)
2021-12-24 01:39:08,669 [Listener at 127.0.0.1/39723] INFO  server.RaftServerConfigKeys (ConfUtils.java:logGet(44)) - raft.server.leaderelection.leader.step-down.wait-time = 10s (default)
2021-12-24 01:39:08,670 [Listener at 127.0.0.1/39723] INFO  server.RaftServerConfigKeys (ConfUtils.java:logGet(44)) - raft.server.storage.dir = [/home/runner/work/ozone/ozone/hadoop-ozone/integration-test/target/test-dir/MiniOzoneClusterImpl-457f4e2c-1d7f-4a2a-8b89-0860a01b056d/datanode-2/data/ratis] (custom)
2021-12-24 01:39:08,671 [Listener at 127.0.0.1/39723] INFO  server.XceiverServerGrpc (XceiverServerGrpc.java:<init>(132)) - GrpcServer channel type EpollServerSocketChannel
2021-12-24 01:39:08,682 [Listener at 127.0.0.1/39723] INFO  http.BaseHttpServer (BaseHttpServer.java:newHttpServer2BuilderForOzone(209)) - Starting Web-server for hddsDatanode at: http://0.0.0.0:0
2021-12-24 01:39:08,682 [Listener at 127.0.0.1/39723] INFO  http.BaseHttpServer (BaseHttpServer.java:<init>(107)) - Hadoop Security Enabled: false Ozone Security Enabled: false Ozone HTTP Security Enabled: false 
2021-12-24 01:39:08,683 [Listener at 127.0.0.1/39723] INFO  server.AuthenticationFilter (AuthenticationFilter.java:constructSecretProvider(240)) - Unable to initialize FileSignerSecretProvider, falling back to use random secrets.
2021-12-24 01:39:08,689 [Listener at 127.0.0.1/39723] WARN  http.HttpRequestLog (HttpRequestLog.java:getRequestLog(103)) - Jetty request log can only be enabled using Log4j
2021-12-24 01:39:08,690 [Listener at 127.0.0.1/39723] INFO  http.HttpServer2 (HttpServer2.java:addGlobalFilter(1030)) - Added global filter 'safety' (class=org.apache.hadoop.hdds.server.http.HttpServer2$QuotingInputFilter)
2021-12-24 01:39:08,691 [Listener at 127.0.0.1/39723] INFO  http.HttpServer2 (HttpServer2.java:addFilter(1006)) - Added filter static_user_filter (class=org.apache.hadoop.http.lib.StaticUserWebFilter$StaticUserFilter) to context hddsDatanode
2021-12-24 01:39:08,691 [Listener at 127.0.0.1/39723] INFO  http.HttpServer2 (HttpServer2.java:addFilter(1014)) - Added filter static_user_filter (class=org.apache.hadoop.http.lib.StaticUserWebFilter$StaticUserFilter) to context static
2021-12-24 01:39:08,691 [Listener at 127.0.0.1/39723] INFO  http.HttpServer2 (HttpServer2.java:addFilter(1014)) - Added filter static_user_filter (class=org.apache.hadoop.http.lib.StaticUserWebFilter$StaticUserFilter) to context logs
2021-12-24 01:39:08,692 [Listener at 127.0.0.1/39723] INFO  http.HttpServer2 (HttpServer2.java:bindListener(1249)) - Jetty bound to port 46675
2021-12-24 01:39:08,692 [Listener at 127.0.0.1/39723] INFO  server.Server (Server.java:doStart(375)) - jetty-9.4.43.v20210629; built: 2021-06-30T11:07:22.254Z; git: 526006ecfa3af7f1a27ef3a288e2bef7ea9dd7e8; jvm 1.8.0_292-b10
2021-12-24 01:39:08,715 [Listener at 127.0.0.1/39723] INFO  server.session (DefaultSessionIdManager.java:doStart(334)) - DefaultSessionIdManager workerName=node0
2021-12-24 01:39:08,715 [Listener at 127.0.0.1/39723] INFO  server.session (DefaultSessionIdManager.java:doStart(339)) - No SessionScavenger set, using defaults
2021-12-24 01:39:08,716 [Listener at 127.0.0.1/39723] INFO  server.session (HouseKeeper.java:startScavenging(132)) - node0 Scavenging every 660000ms
2021-12-24 01:39:08,726 [Listener at 127.0.0.1/39723] INFO  handler.ContextHandler (ContextHandler.java:doStart(915)) - Started o.e.j.s.ServletContextHandler@44082844{logs,/logs,file:///home/runner/work/ozone/ozone/hadoop-ozone/integration-test/target/log,AVAILABLE}
2021-12-24 01:39:08,727 [Listener at 127.0.0.1/39723] INFO  handler.ContextHandler (ContextHandler.java:doStart(915)) - Started o.e.j.s.ServletContextHandler@36e7932f{static,/static,jar:file:/home/runner/.m2/repository/org/apache/ozone/hdds-container-service/1.3.0-SNAPSHOT/hdds-container-service-1.3.0-SNAPSHOT.jar!/webapps/static,AVAILABLE}
2021-12-24 01:39:08,833 [Listener at 127.0.0.1/39723] INFO  handler.ContextHandler (ContextHandler.java:doStart(915)) - Started o.e.j.w.WebAppContext@e977f71{hddsDatanode,/,file:///tmp/jetty-0_0_0_0-46675-hdds-container-service-1_3_0-SNAPSHOT_jar-_-any-6430700453939519329/webapp/,AVAILABLE}{jar:file:/home/runner/.m2/repository/org/apache/ozone/hdds-container-service/1.3.0-SNAPSHOT/hdds-container-service-1.3.0-SNAPSHOT.jar!/webapps/hddsDatanode}
2021-12-24 01:39:08,835 [Listener at 127.0.0.1/39723] INFO  server.AbstractConnector (AbstractConnector.java:doStart(331)) - Started ServerConnector@6ae0e411{HTTP/1.1, (http/1.1)}{0.0.0.0:46675}
2021-12-24 01:39:08,835 [Listener at 127.0.0.1/39723] INFO  server.Server (Server.java:doStart(415)) - Started @70998ms
2021-12-24 01:39:08,836 [Listener at 127.0.0.1/39723] WARN  impl.MetricsSystemImpl (MetricsSystemImpl.java:register(279)) - Sink prometheus already exists!
2021-12-24 01:39:08,836 [Listener at 127.0.0.1/39723] INFO  http.BaseHttpServer (BaseHttpServer.java:updateConnectorAddress(329)) - HTTP server of hddsDatanode listening at http://0.0.0.0:46675
2021-12-24 01:39:08,837 [Listener at 127.0.0.1/39723] INFO  ozone.MiniOzoneClusterImpl (MiniOzoneClusterImpl.java:lambda$waitForClusterToBeReady$0(235)) - Waiting for nodes to be ready. Got 0 of 3 DN Heartbeats.
2021-12-24 01:39:08,837 [Listener at 127.0.0.1/39723] INFO  ozone.MiniOzoneClusterImpl (MiniOzoneClusterImpl.java:lambda$waitForClusterToBeReady$0(238)) - Waiting for cluster to exit safe mode
2021-12-24 01:39:08,837 [Listener at 127.0.0.1/39723] INFO  ozone.MiniOzoneClusterImpl (MiniOzoneClusterImpl.java:lambda$waitForClusterToBeReady$0(240)) - SCM became leader
2021-12-24 01:39:08,849 [Datanode State Machine Daemon Thread] INFO  statemachine.DatanodeStateMachine (DatanodeStateMachine.java:lambda$startDaemon$0(467)) - Ozone container server started.
2021-12-24 01:39:08,881 [org.apache.hadoop.util.JvmPauseMonitor$Monitor@1d202410] INFO  util.JvmPauseMonitor (JvmPauseMonitor.java:run(188)) - Starting JVM pause monitor
2021-12-24 01:39:08,891 [Datanode State Machine Task Thread - 0] INFO  datanode.InitDatanodeState (InitDatanodeState.java:persistContainerDatanodeDetails(145)) - DatanodeDetails is persisted to /home/runner/work/ozone/ozone/hadoop-ozone/integration-test/target/test-dir/MiniOzoneClusterImpl-457f4e2c-1d7f-4a2a-8b89-0860a01b056d/datanode-2/meta/datanode.id
2021-12-24 01:39:09,837 [Listener at 127.0.0.1/39723] INFO  ozone.MiniOzoneClusterImpl (MiniOzoneClusterImpl.java:lambda$waitForClusterToBeReady$0(235)) - Waiting for nodes to be ready. Got 0 of 3 DN Heartbeats.
2021-12-24 01:39:09,838 [Listener at 127.0.0.1/39723] INFO  ozone.MiniOzoneClusterImpl (MiniOzoneClusterImpl.java:lambda$waitForClusterToBeReady$0(238)) - Waiting for cluster to exit safe mode
2021-12-24 01:39:09,838 [Listener at 127.0.0.1/39723] INFO  ozone.MiniOzoneClusterImpl (MiniOzoneClusterImpl.java:lambda$waitForClusterToBeReady$0(240)) - SCM became leader
2021-12-24 01:39:09,948 [EndpointStateMachine task thread for /0.0.0.0:38347 - 0 ] INFO  ozoneimpl.OzoneContainer (OzoneContainer.java:start(315)) - Attempting to start container services.
2021-12-24 01:39:09,948 [EndpointStateMachine task thread for /0.0.0.0:38347 - 0 ] INFO  ozoneimpl.OzoneContainer (OzoneContainer.java:startContainerScrub(250)) - Background container scanner has been disabled.
2021-12-24 01:39:09,950 [EndpointStateMachine task thread for /0.0.0.0:38347 - 0 ] INFO  replication.ReplicationServer (ReplicationServer.java:start(107)) - ReplicationServer is started using port 41917
2021-12-24 01:39:09,950 [EndpointStateMachine task thread for /0.0.0.0:38347 - 0 ] INFO  ratis.XceiverServerRatis (XceiverServerRatis.java:start(484)) - Starting XceiverServerRatis a08ebff1-9b45-4323-8dfa-f34875366795
2021-12-24 01:39:09,951 [EndpointStateMachine task thread for /0.0.0.0:38347 - 0 ] INFO  server.RaftServer (RaftServerProxy.java:lambda$start$5(374)) - a08ebff1-9b45-4323-8dfa-f34875366795: start RPC server
2021-12-24 01:39:09,954 [EndpointStateMachine task thread for /0.0.0.0:38347 - 0 ] INFO  server.GrpcService (GrpcService.java:startImpl(253)) - a08ebff1-9b45-4323-8dfa-f34875366795: GrpcService started, listening on 40615
2021-12-24 01:39:09,954 [EndpointStateMachine task thread for /0.0.0.0:38347 - 0 ] INFO  ratis.XceiverServerRatis (XceiverServerRatis.java:getRealPort(505)) - XceiverServerRatis a08ebff1-9b45-4323-8dfa-f34875366795 is started using port 40615 for RATIS
2021-12-24 01:39:09,954 [EndpointStateMachine task thread for /0.0.0.0:38347 - 0 ] INFO  ratis.XceiverServerRatis (XceiverServerRatis.java:getRealPort(505)) - XceiverServerRatis a08ebff1-9b45-4323-8dfa-f34875366795 is started using port 40615 for RATIS_ADMIN
2021-12-24 01:39:09,954 [EndpointStateMachine task thread for /0.0.0.0:38347 - 0 ] INFO  ratis.XceiverServerRatis (XceiverServerRatis.java:getRealPort(505)) - XceiverServerRatis a08ebff1-9b45-4323-8dfa-f34875366795 is started using port 40615 for RATIS_SERVER
2021-12-24 01:39:09,955 [org.apache.ratis.util.JvmPauseMonitor$$Lambda$528/1509220174@5e44d999] INFO  util.JvmPauseMonitor (JvmPauseMonitor.java:run(103)) - JvmPauseMonitor-a08ebff1-9b45-4323-8dfa-f34875366795: Started
2021-12-24 01:39:09,962 [EndpointStateMachine task thread for /0.0.0.0:38347 - 0 ] INFO  server.XceiverServerGrpc (XceiverServerGrpc.java:start(180)) - XceiverServerGrpc a08ebff1-9b45-4323-8dfa-f34875366795 is started using port 36751
2021-12-24 01:39:10,400 [EndpointStateMachine task thread for /0.0.0.0:38347 - 0 ] INFO  ozoneimpl.OzoneContainer (OzoneContainer.java:start(315)) - Attempting to start container services.
2021-12-24 01:39:10,401 [EndpointStateMachine task thread for /0.0.0.0:38347 - 0 ] INFO  ozoneimpl.OzoneContainer (OzoneContainer.java:startContainerScrub(250)) - Background container scanner has been disabled.
2021-12-24 01:39:10,405 [EndpointStateMachine task thread for /0.0.0.0:38347 - 0 ] INFO  replication.ReplicationServer (ReplicationServer.java:start(107)) - ReplicationServer is started using port 33469
2021-12-24 01:39:10,406 [EndpointStateMachine task thread for /0.0.0.0:38347 - 0 ] INFO  ratis.XceiverServerRatis (XceiverServerRatis.java:start(484)) - Starting XceiverServerRatis 101c5a0a-6a0b-4b69-94db-b1e14f36097a
2021-12-24 01:39:10,411 [EndpointStateMachine task thread for /0.0.0.0:38347 - 0 ] INFO  server.RaftServer (RaftServerProxy.java:lambda$start$5(374)) - 101c5a0a-6a0b-4b69-94db-b1e14f36097a: start RPC server
2021-12-24 01:39:10,421 [EndpointStateMachine task thread for /0.0.0.0:38347 - 0 ] INFO  server.GrpcService (GrpcService.java:startImpl(253)) - 101c5a0a-6a0b-4b69-94db-b1e14f36097a: GrpcService started, listening on 35977
2021-12-24 01:39:10,430 [EndpointStateMachine task thread for /0.0.0.0:38347 - 0 ] INFO  ratis.XceiverServerRatis (XceiverServerRatis.java:getRealPort(505)) - XceiverServerRatis 101c5a0a-6a0b-4b69-94db-b1e14f36097a is started using port 35977 for RATIS
2021-12-24 01:39:10,430 [EndpointStateMachine task thread for /0.0.0.0:38347 - 0 ] INFO  ratis.XceiverServerRatis (XceiverServerRatis.java:getRealPort(505)) - XceiverServerRatis 101c5a0a-6a0b-4b69-94db-b1e14f36097a is started using port 35977 for RATIS_ADMIN
2021-12-24 01:39:10,430 [EndpointStateMachine task thread for /0.0.0.0:38347 - 0 ] INFO  ratis.XceiverServerRatis (XceiverServerRatis.java:getRealPort(505)) - XceiverServerRatis 101c5a0a-6a0b-4b69-94db-b1e14f36097a is started using port 35977 for RATIS_SERVER
2021-12-24 01:39:10,430 [org.apache.ratis.util.JvmPauseMonitor$$Lambda$528/1509220174@60919ef4] INFO  util.JvmPauseMonitor (JvmPauseMonitor.java:run(103)) - JvmPauseMonitor-101c5a0a-6a0b-4b69-94db-b1e14f36097a: Started
2021-12-24 01:39:10,453 [EndpointStateMachine task thread for /0.0.0.0:38347 - 0 ] INFO  server.XceiverServerGrpc (XceiverServerGrpc.java:start(180)) - XceiverServerGrpc 101c5a0a-6a0b-4b69-94db-b1e14f36097a is started using port 40817
2021-12-24 01:39:10,838 [Listener at 127.0.0.1/39723] INFO  ozone.MiniOzoneClusterImpl (MiniOzoneClusterImpl.java:lambda$waitForClusterToBeReady$0(235)) - Waiting for nodes to be ready. Got 0 of 3 DN Heartbeats.
2021-12-24 01:39:10,838 [Listener at 127.0.0.1/39723] INFO  ozone.MiniOzoneClusterImpl (MiniOzoneClusterImpl.java:lambda$waitForClusterToBeReady$0(238)) - Waiting for cluster to exit safe mode
2021-12-24 01:39:10,839 [Listener at 127.0.0.1/39723] INFO  ozone.MiniOzoneClusterImpl (MiniOzoneClusterImpl.java:lambda$waitForClusterToBeReady$0(240)) - SCM became leader
2021-12-24 01:39:10,897 [EndpointStateMachine task thread for /0.0.0.0:38347 - 0 ] INFO  ozoneimpl.OzoneContainer (OzoneContainer.java:start(315)) - Attempting to start container services.
2021-12-24 01:39:10,897 [EndpointStateMachine task thread for /0.0.0.0:38347 - 0 ] INFO  ozoneimpl.OzoneContainer (OzoneContainer.java:startContainerScrub(250)) - Background container scanner has been disabled.
2021-12-24 01:39:10,900 [EndpointStateMachine task thread for /0.0.0.0:38347 - 0 ] INFO  replication.ReplicationServer (ReplicationServer.java:start(107)) - ReplicationServer is started using port 38741
2021-12-24 01:39:10,900 [EndpointStateMachine task thread for /0.0.0.0:38347 - 0 ] INFO  ratis.XceiverServerRatis (XceiverServerRatis.java:start(484)) - Starting XceiverServerRatis 60bff453-db1a-4c7e-8fb6-f4d87589f2a9
2021-12-24 01:39:10,901 [EndpointStateMachine task thread for /0.0.0.0:38347 - 0 ] INFO  server.RaftServer (RaftServerProxy.java:lambda$start$5(374)) - 60bff453-db1a-4c7e-8fb6-f4d87589f2a9: start RPC server
2021-12-24 01:39:10,902 [EndpointStateMachine task thread for /0.0.0.0:38347 - 0 ] INFO  server.GrpcService (GrpcService.java:startImpl(253)) - 60bff453-db1a-4c7e-8fb6-f4d87589f2a9: GrpcService started, listening on 39663
2021-12-24 01:39:10,903 [EndpointStateMachine task thread for /0.0.0.0:38347 - 0 ] INFO  ratis.XceiverServerRatis (XceiverServerRatis.java:getRealPort(505)) - XceiverServerRatis 60bff453-db1a-4c7e-8fb6-f4d87589f2a9 is started using port 39663 for RATIS
2021-12-24 01:39:10,903 [EndpointStateMachine task thread for /0.0.0.0:38347 - 0 ] INFO  ratis.XceiverServerRatis (XceiverServerRatis.java:getRealPort(505)) - XceiverServerRatis 60bff453-db1a-4c7e-8fb6-f4d87589f2a9 is started using port 39663 for RATIS_ADMIN
2021-12-24 01:39:10,903 [EndpointStateMachine task thread for /0.0.0.0:38347 - 0 ] INFO  ratis.XceiverServerRatis (XceiverServerRatis.java:getRealPort(505)) - XceiverServerRatis 60bff453-db1a-4c7e-8fb6-f4d87589f2a9 is started using port 39663 for RATIS_SERVER
2021-12-24 01:39:10,903 [org.apache.ratis.util.JvmPauseMonitor$$Lambda$528/1509220174@7efe7a61] INFO  util.JvmPauseMonitor (JvmPauseMonitor.java:run(103)) - JvmPauseMonitor-60bff453-db1a-4c7e-8fb6-f4d87589f2a9: Started
2021-12-24 01:39:10,914 [EndpointStateMachine task thread for /0.0.0.0:38347 - 0 ] INFO  server.XceiverServerGrpc (XceiverServerGrpc.java:start(180)) - XceiverServerGrpc 60bff453-db1a-4c7e-8fb6-f4d87589f2a9 is started using port 33729
2021-12-24 01:39:11,839 [Listener at 127.0.0.1/39723] INFO  ozone.MiniOzoneClusterImpl (MiniOzoneClusterImpl.java:lambda$waitForClusterToBeReady$0(235)) - Waiting for nodes to be ready. Got 0 of 3 DN Heartbeats.
2021-12-24 01:39:11,839 [Listener at 127.0.0.1/39723] INFO  ozone.MiniOzoneClusterImpl (MiniOzoneClusterImpl.java:lambda$waitForClusterToBeReady$0(238)) - Waiting for cluster to exit safe mode
2021-12-24 01:39:11,839 [Listener at 127.0.0.1/39723] INFO  ozone.MiniOzoneClusterImpl (MiniOzoneClusterImpl.java:lambda$waitForClusterToBeReady$0(240)) - SCM became leader
2021-12-24 01:39:11,919 [IPC Server handler 4 on default port 38347] INFO  net.NetworkTopologyImpl (NetworkTopologyImpl.java:add(112)) - Added a new node: /default-rack/a08ebff1-9b45-4323-8dfa-f34875366795
2021-12-24 01:39:11,920 [IPC Server handler 4 on default port 38347] INFO  node.SCMNodeManager (SCMNodeManager.java:register(389)) - Registered Data node : a08ebff1-9b45-4323-8dfa-f34875366795{ip: 10.1.0.29, host: fv-az116-279.vzw04321ajxubdbcnpick5nqva.xx.internal.cloudapp.net, ports: [REPLICATION=41917, RATIS=40615, RATIS_ADMIN=40615, RATIS_SERVER=40615, STANDALONE=36751], networkLocation: /default-rack, certSerialId: null, persistedOpState: null, persistedOpStateExpiryEpochSec: 0}
2021-12-24 01:39:11,924 [EventQueue-NodeRegistrationContainerReportForContainerSafeModeRule] INFO  safemode.SCMSafeModeManager (SCMSafeModeManager.java:validateSafeModeExitRules(204)) - ContainerSafeModeRule rule is successfully validated
2021-12-24 01:39:11,924 [EventQueue-NodeRegistrationContainerReportForDataNodeSafeModeRule] INFO  safemode.SCMSafeModeManager (DataNodeSafeModeRule.java:process(71)) - SCM in safe mode. 1 DataNodes registered, 3 required.
2021-12-24 01:39:11,926 [EventQueue-NewNodeForNewNodeHandler] INFO  pipeline.BackgroundPipelineCreator (BackgroundPipelineCreator.java:notifyEventTriggered(285)) - trigger a one-shot run on RatisPipelineUtilsThread.
2021-12-24 01:39:11,930 [RatisPipelineUtilsThread - 0] INFO  pipeline.RatisPipelineProvider (RatisPipelineProvider.java:lambda$create$0(183)) - Sending CreatePipelineCommand for pipeline:PipelineID=d6b851ad-c07f-48b3-b5df-3b988c5db6e5 to datanode:a08ebff1-9b45-4323-8dfa-f34875366795
2021-12-24 01:39:11,927 [EventQueue-PipelineReportForOneReplicaPipelineSafeModeRule] INFO  safemode.SCMSafeModeManager (SCMSafeModeManager.java:validateSafeModeExitRules(204)) - AtleastOneDatanodeReportedRule rule is successfully validated
2021-12-24 01:39:11,945 [RatisPipelineUtilsThread - 0] INFO  pipeline.PipelineStateManagerImpl (PipelineStateManagerImpl.java:addPipeline(101)) - Created pipeline Pipeline[ Id: d6b851ad-c07f-48b3-b5df-3b988c5db6e5, Nodes: a08ebff1-9b45-4323-8dfa-f34875366795{ip: 10.1.0.29, host: fv-az116-279.vzw04321ajxubdbcnpick5nqva.xx.internal.cloudapp.net, ports: [REPLICATION=41917, RATIS=40615, RATIS_ADMIN=40615, RATIS_SERVER=40615, STANDALONE=36751], networkLocation: /default-rack, certSerialId: null, persistedOpState: IN_SERVICE, persistedOpStateExpiryEpochSec: 0}, ReplicationConfig: RATIS/ONE, State:ALLOCATED, leaderId:, CreationTimestamp2021-12-24T01:39:11.930Z[Etc/UTC]].
2021-12-24 01:39:12,386 [IPC Server handler 5 on default port 38347] INFO  net.NetworkTopologyImpl (NetworkTopologyImpl.java:add(112)) - Added a new node: /default-rack/101c5a0a-6a0b-4b69-94db-b1e14f36097a
2021-12-24 01:39:12,387 [IPC Server handler 5 on default port 38347] INFO  node.SCMNodeManager (SCMNodeManager.java:register(389)) - Registered Data node : 101c5a0a-6a0b-4b69-94db-b1e14f36097a{ip: 10.1.0.29, host: fv-az116-279.vzw04321ajxubdbcnpick5nqva.xx.internal.cloudapp.net, ports: [REPLICATION=33469, RATIS=35977, RATIS_ADMIN=35977, RATIS_SERVER=35977, STANDALONE=40817], networkLocation: /default-rack, certSerialId: null, persistedOpState: null, persistedOpStateExpiryEpochSec: 0}
2021-12-24 01:39:12,387 [EventQueue-NewNodeForNewNodeHandler] INFO  pipeline.BackgroundPipelineCreator (BackgroundPipelineCreator.java:notifyEventTriggered(285)) - trigger a one-shot run on RatisPipelineUtilsThread.
2021-12-24 01:39:12,390 [EventQueue-NodeRegistrationContainerReportForDataNodeSafeModeRule] INFO  safemode.SCMSafeModeManager (DataNodeSafeModeRule.java:process(71)) - SCM in safe mode. 2 DataNodes registered, 3 required.
2021-12-24 01:39:12,394 [RatisPipelineUtilsThread - 0] INFO  pipeline.RatisPipelineProvider (RatisPipelineProvider.java:lambda$create$0(183)) - Sending CreatePipelineCommand for pipeline:PipelineID=ed9064ed-0bb0-4782-8225-5e4a21277a04 to datanode:101c5a0a-6a0b-4b69-94db-b1e14f36097a
2021-12-24 01:39:12,394 [RatisPipelineUtilsThread - 0] INFO  pipeline.PipelineStateManagerImpl (PipelineStateManagerImpl.java:addPipeline(101)) - Created pipeline Pipeline[ Id: ed9064ed-0bb0-4782-8225-5e4a21277a04, Nodes: 101c5a0a-6a0b-4b69-94db-b1e14f36097a{ip: 10.1.0.29, host: fv-az116-279.vzw04321ajxubdbcnpick5nqva.xx.internal.cloudapp.net, ports: [REPLICATION=33469, RATIS=35977, RATIS_ADMIN=35977, RATIS_SERVER=35977, STANDALONE=40817], networkLocation: /default-rack, certSerialId: null, persistedOpState: IN_SERVICE, persistedOpStateExpiryEpochSec: 0}, ReplicationConfig: RATIS/ONE, State:ALLOCATED, leaderId:, CreationTimestamp2021-12-24T01:39:12.394Z[Etc/UTC]].
2021-12-24 01:39:12,840 [Listener at 127.0.0.1/39723] INFO  ozone.MiniOzoneClusterImpl (MiniOzoneClusterImpl.java:lambda$waitForClusterToBeReady$0(235)) - Waiting for nodes to be ready. Got 2 of 3 DN Heartbeats.
2021-12-24 01:39:12,840 [Listener at 127.0.0.1/39723] INFO  ozone.MiniOzoneClusterImpl (MiniOzoneClusterImpl.java:lambda$waitForClusterToBeReady$0(238)) - Waiting for cluster to exit safe mode
2021-12-24 01:39:12,840 [Listener at 127.0.0.1/39723] INFO  ozone.MiniOzoneClusterImpl (MiniOzoneClusterImpl.java:lambda$waitForClusterToBeReady$0(240)) - SCM became leader
2021-12-24 01:39:12,880 [IPC Server handler 0 on default port 38347] INFO  net.NetworkTopologyImpl (NetworkTopologyImpl.java:add(112)) - Added a new node: /default-rack/60bff453-db1a-4c7e-8fb6-f4d87589f2a9
2021-12-24 01:39:12,881 [IPC Server handler 0 on default port 38347] INFO  node.SCMNodeManager (SCMNodeManager.java:register(389)) - Registered Data node : 60bff453-db1a-4c7e-8fb6-f4d87589f2a9{ip: 10.1.0.29, host: fv-az116-279.vzw04321ajxubdbcnpick5nqva.xx.internal.cloudapp.net, ports: [REPLICATION=38741, RATIS=39663, RATIS_ADMIN=39663, RATIS_SERVER=39663, STANDALONE=33729], networkLocation: /default-rack, certSerialId: null, persistedOpState: null, persistedOpStateExpiryEpochSec: 0}
2021-12-24 01:39:12,882 [EventQueue-NewNodeForNewNodeHandler] INFO  pipeline.BackgroundPipelineCreator (BackgroundPipelineCreator.java:notifyEventTriggered(285)) - trigger a one-shot run on RatisPipelineUtilsThread.
2021-12-24 01:39:12,884 [RatisPipelineUtilsThread - 0] INFO  pipeline.RatisPipelineProvider (RatisPipelineProvider.java:lambda$create$0(183)) - Sending CreatePipelineCommand for pipeline:PipelineID=8719df66-e711-4f55-8344-403b9d9ef502 to datanode:60bff453-db1a-4c7e-8fb6-f4d87589f2a9
2021-12-24 01:39:12,884 [EventQueue-NodeRegistrationContainerReportForDataNodeSafeModeRule] INFO  safemode.SCMSafeModeManager (DataNodeSafeModeRule.java:process(71)) - SCM in safe mode. 3 DataNodes registered, 3 required.
2021-12-24 01:39:12,885 [EventQueue-NodeRegistrationContainerReportForDataNodeSafeModeRule] INFO  safemode.SCMSafeModeManager (SCMSafeModeManager.java:validateSafeModeExitRules(204)) - DataNodeSafeModeRule rule is successfully validated
2021-12-24 01:39:12,885 [EventQueue-NodeRegistrationContainerReportForDataNodeSafeModeRule] INFO  safemode.SCMSafeModeManager (SCMSafeModeManager.java:completePreCheck(233)) - All SCM safe mode pre check rules have passed
2021-12-24 01:39:12,885 [EventQueue-NodeRegistrationContainerReportForDataNodeSafeModeRule] WARN  events.EventQueue (EventQueue.java:fireEvent(194)) - No event handler registered for event TypedEvent{payloadType=SafeModeStatus, name='Safe mode status'}
2021-12-24 01:39:12,885 [EventQueue-NodeRegistrationContainerReportForDataNodeSafeModeRule] INFO  ha.SCMContext (SCMContext.java:updateSafeModeStatus(211)) - Update SafeModeStatus from SafeModeStatus{safeModeStatus=true, preCheckPassed=false} to SafeModeStatus{safeModeStatus=true, preCheckPassed=true}.
2021-12-24 01:39:12,885 [EventQueue-NodeRegistrationContainerReportForDataNodeSafeModeRule] INFO  pipeline.BackgroundPipelineCreator (BackgroundPipelineCreator.java:notifyEventTriggered(285)) - trigger a one-shot run on RatisPipelineUtilsThread.
2021-12-24 01:39:12,885 [RatisPipelineUtilsThread - 0] INFO  pipeline.PipelineStateManagerImpl (PipelineStateManagerImpl.java:addPipeline(101)) - Created pipeline Pipeline[ Id: 8719df66-e711-4f55-8344-403b9d9ef502, Nodes: 60bff453-db1a-4c7e-8fb6-f4d87589f2a9{ip: 10.1.0.29, host: fv-az116-279.vzw04321ajxubdbcnpick5nqva.xx.internal.cloudapp.net, ports: [REPLICATION=38741, RATIS=39663, RATIS_ADMIN=39663, RATIS_SERVER=39663, STANDALONE=33729], networkLocation: /default-rack, certSerialId: null, persistedOpState: IN_SERVICE, persistedOpStateExpiryEpochSec: 0}, ReplicationConfig: RATIS/ONE, State:ALLOCATED, leaderId:, CreationTimestamp2021-12-24T01:39:12.884Z[Etc/UTC]].
2021-12-24 01:39:12,885 [RatisPipelineUtilsThread - 0] INFO  pipeline.RatisPipelineProvider (RatisPipelineProvider.java:lambda$create$0(183)) - Sending CreatePipelineCommand for pipeline:PipelineID=d4c66bc4-16f2-4c2d-ab74-b954ee4169af to datanode:60bff453-db1a-4c7e-8fb6-f4d87589f2a9
2021-12-24 01:39:12,886 [RatisPipelineUtilsThread - 0] INFO  pipeline.RatisPipelineProvider (RatisPipelineProvider.java:lambda$create$0(183)) - Sending CreatePipelineCommand for pipeline:PipelineID=d4c66bc4-16f2-4c2d-ab74-b954ee4169af to datanode:101c5a0a-6a0b-4b69-94db-b1e14f36097a
2021-12-24 01:39:12,886 [RatisPipelineUtilsThread - 0] INFO  pipeline.RatisPipelineProvider (RatisPipelineProvider.java:lambda$create$0(183)) - Sending CreatePipelineCommand for pipeline:PipelineID=d4c66bc4-16f2-4c2d-ab74-b954ee4169af to datanode:a08ebff1-9b45-4323-8dfa-f34875366795
2021-12-24 01:39:12,886 [RatisPipelineUtilsThread - 0] INFO  pipeline.PipelineStateManagerImpl (PipelineStateManagerImpl.java:addPipeline(101)) - Created pipeline Pipeline[ Id: d4c66bc4-16f2-4c2d-ab74-b954ee4169af, Nodes: 60bff453-db1a-4c7e-8fb6-f4d87589f2a9{ip: 10.1.0.29, host: fv-az116-279.vzw04321ajxubdbcnpick5nqva.xx.internal.cloudapp.net, ports: [REPLICATION=38741, RATIS=39663, RATIS_ADMIN=39663, RATIS_SERVER=39663, STANDALONE=33729], networkLocation: /default-rack, certSerialId: null, persistedOpState: IN_SERVICE, persistedOpStateExpiryEpochSec: 0}101c5a0a-6a0b-4b69-94db-b1e14f36097a{ip: 10.1.0.29, host: fv-az116-279.vzw04321ajxubdbcnpick5nqva.xx.internal.cloudapp.net, ports: [REPLICATION=33469, RATIS=35977, RATIS_ADMIN=35977, RATIS_SERVER=35977, STANDALONE=40817], networkLocation: /default-rack, certSerialId: null, persistedOpState: IN_SERVICE, persistedOpStateExpiryEpochSec: 0}a08ebff1-9b45-4323-8dfa-f34875366795{ip: 10.1.0.29, host: fv-az116-279.vzw04321ajxubdbcnpick5nqva.xx.internal.cloudapp.net, ports: [REPLICATION=41917, RATIS=40615, RATIS_ADMIN=40615, RATIS_SERVER=40615, STANDALONE=36751], networkLocation: /default-rack, certSerialId: null, persistedOpState: IN_SERVICE, persistedOpStateExpiryEpochSec: 0}, ReplicationConfig: RATIS/THREE, State:ALLOCATED, leaderId:, CreationTimestamp2021-12-24T01:39:12.885Z[Etc/UTC]].
2021-12-24 01:39:12,887 [RatisPipelineUtilsThread - 0] INFO  pipeline.RatisPipelineProvider (RatisPipelineProvider.java:lambda$create$0(183)) - Sending CreatePipelineCommand for pipeline:PipelineID=49c47341-c989-4936-98c9-bd1077fef8fb to datanode:a08ebff1-9b45-4323-8dfa-f34875366795
2021-12-24 01:39:12,887 [RatisPipelineUtilsThread - 0] INFO  pipeline.RatisPipelineProvider (RatisPipelineProvider.java:lambda$create$0(183)) - Sending CreatePipelineCommand for pipeline:PipelineID=49c47341-c989-4936-98c9-bd1077fef8fb to datanode:101c5a0a-6a0b-4b69-94db-b1e14f36097a
2021-12-24 01:39:12,887 [RatisPipelineUtilsThread - 0] INFO  pipeline.RatisPipelineProvider (RatisPipelineProvider.java:lambda$create$0(183)) - Sending CreatePipelineCommand for pipeline:PipelineID=49c47341-c989-4936-98c9-bd1077fef8fb to datanode:60bff453-db1a-4c7e-8fb6-f4d87589f2a9
2021-12-24 01:39:12,887 [RatisPipelineUtilsThread - 0] INFO  pipeline.PipelineStateManagerImpl (PipelineStateManagerImpl.java:addPipeline(101)) - Created pipeline Pipeline[ Id: 49c47341-c989-4936-98c9-bd1077fef8fb, Nodes: a08ebff1-9b45-4323-8dfa-f34875366795{ip: 10.1.0.29, host: fv-az116-279.vzw04321ajxubdbcnpick5nqva.xx.internal.cloudapp.net, ports: [REPLICATION=41917, RATIS=40615, RATIS_ADMIN=40615, RATIS_SERVER=40615, STANDALONE=36751], networkLocation: /default-rack, certSerialId: null, persistedOpState: IN_SERVICE, persistedOpStateExpiryEpochSec: 0}101c5a0a-6a0b-4b69-94db-b1e14f36097a{ip: 10.1.0.29, host: fv-az116-279.vzw04321ajxubdbcnpick5nqva.xx.internal.cloudapp.net, ports: [REPLICATION=33469, RATIS=35977, RATIS_ADMIN=35977, RATIS_SERVER=35977, STANDALONE=40817], networkLocation: /default-rack, certSerialId: null, persistedOpState: IN_SERVICE, persistedOpStateExpiryEpochSec: 0}60bff453-db1a-4c7e-8fb6-f4d87589f2a9{ip: 10.1.0.29, host: fv-az116-279.vzw04321ajxubdbcnpick5nqva.xx.internal.cloudapp.net, ports: [REPLICATION=38741, RATIS=39663, RATIS_ADMIN=39663, RATIS_SERVER=39663, STANDALONE=33729], networkLocation: /default-rack, certSerialId: null, persistedOpState: IN_SERVICE, persistedOpStateExpiryEpochSec: 0}, ReplicationConfig: RATIS/THREE, State:ALLOCATED, leaderId:, CreationTimestamp2021-12-24T01:39:12.887Z[Etc/UTC]].
2021-12-24 01:39:12,887 [RatisPipelineUtilsThread - 0] INFO  pipeline.PipelineManagerImpl (PipelineManagerImpl.java:recordMetricsForPipeline(639)) - Pipeline: PipelineID=49c47341-c989-4936-98c9-bd1077fef8fb contains same datanodes as previous pipelines: PipelineID=d4c66bc4-16f2-4c2d-ab74-b954ee4169af nodeIds: a08ebff1-9b45-4323-8dfa-f34875366795, 101c5a0a-6a0b-4b69-94db-b1e14f36097a, 60bff453-db1a-4c7e-8fb6-f4d87589f2a9
2021-12-24 01:39:13,840 [Listener at 127.0.0.1/39723] INFO  ozone.MiniOzoneClusterImpl (MiniOzoneClusterImpl.java:lambda$waitForClusterToBeReady$0(235)) - Nodes are ready. Got 3 of 3 DN Heartbeats.
2021-12-24 01:39:13,842 [Listener at 127.0.0.1/39723] INFO  ozone.MiniOzoneClusterImpl (MiniOzoneClusterImpl.java:lambda$waitForClusterToBeReady$0(238)) - Waiting for cluster to exit safe mode
2021-12-24 01:39:13,842 [Listener at 127.0.0.1/39723] INFO  ozone.MiniOzoneClusterImpl (MiniOzoneClusterImpl.java:lambda$waitForClusterToBeReady$0(240)) - SCM became leader
2021-12-24 01:39:14,842 [Listener at 127.0.0.1/39723] INFO  ozone.MiniOzoneClusterImpl (MiniOzoneClusterImpl.java:lambda$waitForClusterToBeReady$0(235)) - Nodes are ready. Got 3 of 3 DN Heartbeats.
2021-12-24 01:39:14,842 [Listener at 127.0.0.1/39723] INFO  ozone.MiniOzoneClusterImpl (MiniOzoneClusterImpl.java:lambda$waitForClusterToBeReady$0(238)) - Waiting for cluster to exit safe mode
2021-12-24 01:39:14,842 [Listener at 127.0.0.1/39723] INFO  ozone.MiniOzoneClusterImpl (MiniOzoneClusterImpl.java:lambda$waitForClusterToBeReady$0(240)) - SCM became leader
2021-12-24 01:39:14,919 [Command processor thread] INFO  server.RaftServer (RaftServerProxy.java:addNew(95)) - a08ebff1-9b45-4323-8dfa-f34875366795: addNew group-3B988C5DB6E5:[a08ebff1-9b45-4323-8dfa-f34875366795|rpc:10.1.0.29:40615|priority:1] returns group-3B988C5DB6E5:java.util.concurrent.CompletableFuture@11a45d28[Not completed]
2021-12-24 01:39:14,936 [pool-200-thread-1] INFO  server.RaftServer$Division (RaftServerImpl.java:<init>(184)) - a08ebff1-9b45-4323-8dfa-f34875366795: new RaftServerImpl for group-3B988C5DB6E5:[a08ebff1-9b45-4323-8dfa-f34875366795|rpc:10.1.0.29:40615|priority:1] with ContainerStateMachine:uninitialized
2021-12-24 01:39:14,936 [pool-200-thread-1] INFO  server.RaftServerConfigKeys (ConfUtils.java:logGet(44)) - raft.server.rpc.timeout.min = 5s (custom)
2021-12-24 01:39:14,936 [pool-200-thread-1] INFO  server.RaftServerConfigKeys (ConfUtils.java:logGet(44)) - raft.server.rpc.timeout.max = 5200ms (custom)
2021-12-24 01:39:14,936 [pool-200-thread-1] INFO  server.RaftServerConfigKeys (ConfUtils.java:logGet(44)) - raft.server.rpc.sleep.time = 25ms (default)
2021-12-24 01:39:14,940 [pool-200-thread-1] INFO  server.RaftServerConfigKeys (ConfUtils.java:logGet(44)) - raft.server.rpc.slowness.timeout = 300s (custom)
2021-12-24 01:39:14,941 [pool-200-thread-1] INFO  server.RaftServerConfigKeys (ConfUtils.java:logGet(44)) - raft.server.leaderelection.leader.step-down.wait-time = 10s (default)
2021-12-24 01:39:14,941 [pool-200-thread-1] INFO  server.RaftServerConfigKeys (ConfUtils.java:logGet(44)) - raft.server.sleep.deviation.threshold = 300ms (default)
2021-12-24 01:39:14,941 [pool-200-thread-1] INFO  server.RaftServerConfigKeys (ConfUtils.java:logGet(44)) - raft.server.log.appender.install.snapshot.enabled = false (custom)
2021-12-24 01:39:14,941 [pool-200-thread-1] INFO  server.RaftServer$Division (ServerState.java:<init>(105)) - a08ebff1-9b45-4323-8dfa-f34875366795@group-3B988C5DB6E5: ConfigurationManager, init=-1: [a08ebff1-9b45-4323-8dfa-f34875366795|rpc:10.1.0.29:40615|priority:1], old=null, confs=<EMPTY_MAP>
2021-12-24 01:39:14,941 [pool-200-thread-1] INFO  server.RaftServerConfigKeys (ConfUtils.java:logGet(44)) - raft.server.storage.dir = [/home/runner/work/ozone/ozone/hadoop-ozone/integration-test/target/test-dir/MiniOzoneClusterImpl-457f4e2c-1d7f-4a2a-8b89-0860a01b056d/datanode-0/data/ratis] (custom)
2021-12-24 01:39:14,942 [pool-200-thread-1] INFO  server.RaftServerConfigKeys (ConfUtils.java:logGet(44)) - raft.server.log.corruption.policy = EXCEPTION (default)
2021-12-24 01:39:14,942 [pool-200-thread-1] INFO  server.RaftServerConfigKeys (ConfUtils.java:logGet(44)) - raft.server.storage.free-space.min = 0MB (=0) (default)
2021-12-24 01:39:14,942 [pool-200-thread-1] INFO  storage.RaftStorageDirectory (RaftStorageDirectoryImpl.java:analyzeStorage(135)) - The storage directory /home/runner/work/ozone/ozone/hadoop-ozone/integration-test/target/test-dir/MiniOzoneClusterImpl-457f4e2c-1d7f-4a2a-8b89-0860a01b056d/datanode-0/data/ratis/d6b851ad-c07f-48b3-b5df-3b988c5db6e5 does not exist. Creating ...
2021-12-24 01:39:14,946 [pool-200-thread-1] INFO  storage.RaftStorageDirectory (RaftStorageDirectoryImpl.java:tryLock(230)) - Lock on /home/runner/work/ozone/ozone/hadoop-ozone/integration-test/target/test-dir/MiniOzoneClusterImpl-457f4e2c-1d7f-4a2a-8b89-0860a01b056d/datanode-0/data/ratis/d6b851ad-c07f-48b3-b5df-3b988c5db6e5/in_use.lock acquired by nodename 17223@fv-az116-279
2021-12-24 01:39:14,947 [pool-200-thread-1] INFO  storage.RaftStorage (RaftStorageImpl.java:format(89)) - Storage directory /home/runner/work/ozone/ozone/hadoop-ozone/integration-test/target/test-dir/MiniOzoneClusterImpl-457f4e2c-1d7f-4a2a-8b89-0860a01b056d/datanode-0/data/ratis/d6b851ad-c07f-48b3-b5df-3b988c5db6e5 has been successfully formatted.
2021-12-24 01:39:14,948 [pool-200-thread-1] INFO  ratis.ContainerStateMachine (ContainerStateMachine.java:loadSnapshot(231)) - group-3B988C5DB6E5: The snapshot info is null. Setting the last applied indexto:(t:0, i:~)
2021-12-24 01:39:14,949 [pool-200-thread-1] INFO  server.RaftServerConfigKeys (ConfUtils.java:logGet(44)) - raft.server.notification.no-leader.timeout = 300s (custom)
2021-12-24 01:39:14,949 [pool-200-thread-1] INFO  server.RaftServerConfigKeys (ConfUtils.java:logGet(44)) - raft.server.log.use.memory = false (default)
2021-12-24 01:39:14,949 [pool-200-thread-1] INFO  server.RaftServerConfigKeys (ConfUtils.java:logGet(44)) - raft.server.log.purge.gap = 1000000 (custom)
2021-12-24 01:39:14,949 [pool-200-thread-1] INFO  server.RaftServerConfigKeys (ConfUtils.java:logGet(44)) - raft.server.log.appender.buffer.byte-limit = 33554432 (custom)
2021-12-24 01:39:14,949 [pool-200-thread-1] INFO  server.RaftServerConfigKeys (ConfUtils.java:logGet(44)) - raft.server.log.segment.size.max = 1048576 (custom)
2021-12-24 01:39:14,950 [pool-200-thread-1] INFO  server.RaftServerConfigKeys (ConfUtils.java:logGet(44)) - raft.server.log.segment.cache.num.max = 2 (custom)
2021-12-24 01:39:14,950 [pool-200-thread-1] INFO  server.RaftServerConfigKeys (ConfUtils.java:logGet(44)) - raft.server.log.segment.cache.size.max = 200MB (=209715200) (default)
2021-12-24 01:39:14,951 [EventQueue-PipelineReportForPipelineReportHandler] INFO  pipeline.PipelineManagerImpl (PipelineManagerImpl.java:openPipeline(291)) - Pipeline Pipeline[ Id: d6b851ad-c07f-48b3-b5df-3b988c5db6e5, Nodes: a08ebff1-9b45-4323-8dfa-f34875366795{ip: 10.1.0.29, host: fv-az116-279.vzw04321ajxubdbcnpick5nqva.xx.internal.cloudapp.net, ports: [REPLICATION=41917, RATIS=40615, RATIS_ADMIN=40615, RATIS_SERVER=40615, STANDALONE=36751], networkLocation: /default-rack, certSerialId: null, persistedOpState: IN_SERVICE, persistedOpStateExpiryEpochSec: 0}, ReplicationConfig: RATIS/ONE, State:ALLOCATED, leaderId:a08ebff1-9b45-4323-8dfa-f34875366795, CreationTimestamp2021-12-24T01:39:11.930Z[Etc/UTC]] moved to OPEN state
2021-12-24 01:39:14,953 [pool-200-thread-1] INFO  segmented.SegmentedRaftLogWorker (SegmentedRaftLogWorker.java:<init>(182)) - new a08ebff1-9b45-4323-8dfa-f34875366795@group-3B988C5DB6E5-SegmentedRaftLogWorker for RaftStorageImpl:Storage Directory /home/runner/work/ozone/ozone/hadoop-ozone/integration-test/target/test-dir/MiniOzoneClusterImpl-457f4e2c-1d7f-4a2a-8b89-0860a01b056d/datanode-0/data/ratis/d6b851ad-c07f-48b3-b5df-3b988c5db6e5
2021-12-24 01:39:14,953 [pool-200-thread-1] INFO  server.RaftServerConfigKeys (ConfUtils.java:logGet(44)) - raft.server.log.queue.byte-limit = 2147483647 (custom)
2021-12-24 01:39:14,954 [pool-200-thread-1] INFO  server.RaftServerConfigKeys (ConfUtils.java:logGet(44)) - raft.server.log.queue.element-limit = 1024 (custom)
2021-12-24 01:39:14,955 [pool-200-thread-1] INFO  server.RaftServerConfigKeys (ConfUtils.java:logGet(44)) - raft.server.log.segment.size.max = 1048576 (custom)
2021-12-24 01:39:14,955 [pool-200-thread-1] INFO  server.RaftServerConfigKeys (ConfUtils.java:logGet(44)) - raft.server.log.preallocated.size = 16384 (custom)
2021-12-24 01:39:14,955 [pool-200-thread-1] INFO  server.RaftServerConfigKeys (ConfUtils.java:logGet(44)) - raft.server.log.force.sync.num = 128 (default)
2021-12-24 01:39:14,955 [pool-200-thread-1] INFO  server.RaftServerConfigKeys (ConfUtils.java:logGet(44)) - raft.server.log.statemachine.data.sync = true (default)
2021-12-24 01:39:14,956 [pool-200-thread-1] INFO  server.RaftServerConfigKeys (ConfUtils.java:logGet(44)) - raft.server.log.statemachine.data.sync.timeout = 10s (default)
2021-12-24 01:39:14,956 [pool-200-thread-1] INFO  server.RaftServerConfigKeys (ConfUtils.java:logGet(44)) - raft.server.log.statemachine.data.sync.timeout.retry = -1 (default)
2021-12-24 01:39:14,957 [pool-200-thread-1] INFO  server.RaftServerConfigKeys (ConfUtils.java:logGet(44)) - raft.server.log.write.buffer.size = 1048576 (custom)
2021-12-24 01:39:14,957 [pool-200-thread-1] INFO  server.RaftServerConfigKeys (ConfUtils.java:logGet(44)) - raft.server.log.statemachine.data.caching.enabled = true (custom)
2021-12-24 01:39:14,963 [EventQueue-OpenPipelineForHealthyPipelineSafeModeRule] INFO  safemode.SCMSafeModeManager (HealthyPipelineSafeModeRule.java:process(124)) - SCM in safe mode. Healthy pipelines reported count is 0, required healthy pipeline reported count is 1
2021-12-24 01:39:14,972 [pool-200-thread-1] INFO  segmented.SegmentedRaftLogWorker (SegmentedRaftLogWorker.java:lambda$new$0(133)) - a08ebff1-9b45-4323-8dfa-f34875366795@group-3B988C5DB6E5-SegmentedRaftLogWorker: flushIndex: setUnconditionally 0 -> -1
2021-12-24 01:39:14,973 [pool-200-thread-1] INFO  segmented.SegmentedRaftLogWorker (SegmentedRaftLogWorker.java:lambda$new$0(133)) - a08ebff1-9b45-4323-8dfa-f34875366795@group-3B988C5DB6E5-SegmentedRaftLogWorker: safeCacheEvictIndex: setUnconditionally 0 -> -1
2021-12-24 01:39:14,978 [pool-200-thread-1] INFO  server.RaftServerConfigKeys (ConfUtils.java:logGet(44)) - raft.server.snapshot.auto.trigger.enabled = true (custom)
2021-12-24 01:39:14,978 [pool-200-thread-1] INFO  server.RaftServerConfigKeys (ConfUtils.java:logGet(44)) - raft.server.snapshot.auto.trigger.threshold = 10000 (custom)
2021-12-24 01:39:14,978 [pool-200-thread-1] INFO  server.RaftServerConfigKeys (ConfUtils.java:logGet(44)) - raft.server.snapshot.retention.file.num = 5 (custom)
2021-12-24 01:39:14,978 [pool-200-thread-1] INFO  server.RaftServerConfigKeys (ConfUtils.java:logGet(44)) - raft.server.log.purge.upto.snapshot.index = false (default)
2021-12-24 01:39:14,978 [pool-200-thread-1] INFO  server.RaftServerConfigKeys (ConfUtils.java:logGet(44)) - raft.server.retrycache.expirytime = 600000ms (custom)
2021-12-24 01:39:14,978 [pool-200-thread-1] INFO  server.RaftServerConfigKeys (ConfUtils.java:logGet(44)) - raft.server.retrycache.statistics.expirytime = 100μs (default)
2021-12-24 01:39:14,980 [pool-200-thread-1] INFO  server.RaftServer$Division (RaftServerImpl.java:start(301)) - a08ebff1-9b45-4323-8dfa-f34875366795@group-3B988C5DB6E5: start as a follower, conf=-1: [a08ebff1-9b45-4323-8dfa-f34875366795|rpc:10.1.0.29:40615|priority:1], old=null
2021-12-24 01:39:14,980 [pool-200-thread-1] INFO  server.RaftServer$Division (RaftServerImpl.java:setRole(290)) - a08ebff1-9b45-4323-8dfa-f34875366795@group-3B988C5DB6E5: changes role from      null to FOLLOWER at term 0 for startAsFollower
2021-12-24 01:39:14,980 [pool-200-thread-1] INFO  impl.RoleInfo (RoleInfo.java:updateAndGet(130)) - a08ebff1-9b45-4323-8dfa-f34875366795: start a08ebff1-9b45-4323-8dfa-f34875366795@group-3B988C5DB6E5-FollowerState
2021-12-24 01:39:14,987 [pool-200-thread-1] INFO  util.JmxRegister (JmxRegister.java:tryRegister(44)) - Successfully registered JMX Bean with object name Ratis:service=RaftServer,group=group-3B988C5DB6E5,id=a08ebff1-9b45-4323-8dfa-f34875366795
2021-12-24 01:39:15,001 [Command processor thread] INFO  ratis.XceiverServerRatis (XceiverServerRatis.java:addGroup(768)) - Created group PipelineID=d6b851ad-c07f-48b3-b5df-3b988c5db6e5
2021-12-24 01:39:15,001 [Command processor thread] INFO  commandhandler.CreatePipelineCommandHandler (CreatePipelineCommandHandler.java:handle(106)) - Created Pipeline RATIS ONE PipelineID=d6b851ad-c07f-48b3-b5df-3b988c5db6e5.
2021-12-24 01:39:15,001 [Command processor thread] INFO  server.RaftServer (RaftServerProxy.java:addNew(95)) - a08ebff1-9b45-4323-8dfa-f34875366795: addNew group-B954EE4169AF:[101c5a0a-6a0b-4b69-94db-b1e14f36097a|rpc:10.1.0.29:35977|priority:1, a08ebff1-9b45-4323-8dfa-f34875366795|rpc:10.1.0.29:40615|priority:0, 60bff453-db1a-4c7e-8fb6-f4d87589f2a9|rpc:10.1.0.29:39663|priority:0] returns group-B954EE4169AF:java.util.concurrent.CompletableFuture@159bcbc4[Not completed]
2021-12-24 01:39:15,003 [pool-200-thread-1] INFO  server.RaftServer$Division (RaftServerImpl.java:<init>(184)) - a08ebff1-9b45-4323-8dfa-f34875366795: new RaftServerImpl for group-B954EE4169AF:[101c5a0a-6a0b-4b69-94db-b1e14f36097a|rpc:10.1.0.29:35977|priority:1, a08ebff1-9b45-4323-8dfa-f34875366795|rpc:10.1.0.29:40615|priority:0, 60bff453-db1a-4c7e-8fb6-f4d87589f2a9|rpc:10.1.0.29:39663|priority:0] with ContainerStateMachine:uninitialized
2021-12-24 01:39:15,003 [pool-200-thread-1] INFO  server.RaftServerConfigKeys (ConfUtils.java:logGet(44)) - raft.server.rpc.timeout.min = 5s (custom)
2021-12-24 01:39:15,003 [pool-200-thread-1] INFO  server.RaftServerConfigKeys (ConfUtils.java:logGet(44)) - raft.server.rpc.timeout.max = 5200ms (custom)
2021-12-24 01:39:15,003 [pool-200-thread-1] INFO  server.RaftServerConfigKeys (ConfUtils.java:logGet(44)) - raft.server.rpc.sleep.time = 25ms (default)
2021-12-24 01:39:15,003 [pool-200-thread-1] INFO  server.RaftServerConfigKeys (ConfUtils.java:logGet(44)) - raft.server.rpc.slowness.timeout = 300s (custom)
2021-12-24 01:39:15,003 [pool-200-thread-1] INFO  server.RaftServerConfigKeys (ConfUtils.java:logGet(44)) - raft.server.leaderelection.leader.step-down.wait-time = 10s (default)
2021-12-24 01:39:15,004 [pool-200-thread-1] INFO  server.RaftServerConfigKeys (ConfUtils.java:logGet(44)) - raft.server.sleep.deviation.threshold = 300ms (default)
2021-12-24 01:39:15,004 [pool-200-thread-1] INFO  server.RaftServerConfigKeys (ConfUtils.java:logGet(44)) - raft.server.log.appender.install.snapshot.enabled = false (custom)
2021-12-24 01:39:15,005 [pool-200-thread-1] INFO  server.RaftServer$Division (ServerState.java:<init>(105)) - a08ebff1-9b45-4323-8dfa-f34875366795@group-B954EE4169AF: ConfigurationManager, init=-1: [101c5a0a-6a0b-4b69-94db-b1e14f36097a|rpc:10.1.0.29:35977|priority:1, a08ebff1-9b45-4323-8dfa-f34875366795|rpc:10.1.0.29:40615|priority:0, 60bff453-db1a-4c7e-8fb6-f4d87589f2a9|rpc:10.1.0.29:39663|priority:0], old=null, confs=<EMPTY_MAP>
2021-12-24 01:39:15,005 [pool-200-thread-1] INFO  server.RaftServerConfigKeys (ConfUtils.java:logGet(44)) - raft.server.storage.dir = [/home/runner/work/ozone/ozone/hadoop-ozone/integration-test/target/test-dir/MiniOzoneClusterImpl-457f4e2c-1d7f-4a2a-8b89-0860a01b056d/datanode-0/data/ratis] (custom)
2021-12-24 01:39:15,005 [pool-200-thread-1] INFO  server.RaftServerConfigKeys (ConfUtils.java:logGet(44)) - raft.server.log.corruption.policy = EXCEPTION (default)
2021-12-24 01:39:15,007 [pool-200-thread-1] INFO  server.RaftServerConfigKeys (ConfUtils.java:logGet(44)) - raft.server.storage.free-space.min = 0MB (=0) (default)
2021-12-24 01:39:15,007 [pool-200-thread-1] INFO  storage.RaftStorageDirectory (RaftStorageDirectoryImpl.java:analyzeStorage(135)) - The storage directory /home/runner/work/ozone/ozone/hadoop-ozone/integration-test/target/test-dir/MiniOzoneClusterImpl-457f4e2c-1d7f-4a2a-8b89-0860a01b056d/datanode-0/data/ratis/d4c66bc4-16f2-4c2d-ab74-b954ee4169af does not exist. Creating ...
2021-12-24 01:39:15,009 [pool-200-thread-1] INFO  storage.RaftStorageDirectory (RaftStorageDirectoryImpl.java:tryLock(230)) - Lock on /home/runner/work/ozone/ozone/hadoop-ozone/integration-test/target/test-dir/MiniOzoneClusterImpl-457f4e2c-1d7f-4a2a-8b89-0860a01b056d/datanode-0/data/ratis/d4c66bc4-16f2-4c2d-ab74-b954ee4169af/in_use.lock acquired by nodename 17223@fv-az116-279
2021-12-24 01:39:15,010 [pool-200-thread-1] INFO  storage.RaftStorage (RaftStorageImpl.java:format(89)) - Storage directory /home/runner/work/ozone/ozone/hadoop-ozone/integration-test/target/test-dir/MiniOzoneClusterImpl-457f4e2c-1d7f-4a2a-8b89-0860a01b056d/datanode-0/data/ratis/d4c66bc4-16f2-4c2d-ab74-b954ee4169af has been successfully formatted.
2021-12-24 01:39:15,011 [pool-200-thread-1] INFO  ratis.ContainerStateMachine (ContainerStateMachine.java:loadSnapshot(231)) - group-B954EE4169AF: The snapshot info is null. Setting the last applied indexto:(t:0, i:~)
2021-12-24 01:39:15,011 [pool-200-thread-1] INFO  server.RaftServerConfigKeys (ConfUtils.java:logGet(44)) - raft.server.notification.no-leader.timeout = 300s (custom)
2021-12-24 01:39:15,012 [pool-200-thread-1] INFO  server.RaftServerConfigKeys (ConfUtils.java:logGet(44)) - raft.server.log.use.memory = false (default)
2021-12-24 01:39:15,012 [pool-200-thread-1] INFO  server.RaftServerConfigKeys (ConfUtils.java:logGet(44)) - raft.server.log.purge.gap = 1000000 (custom)
2021-12-24 01:39:15,012 [EventQueue-OpenPipelineForHealthyPipelineSafeModeRule] INFO  safemode.SCMSafeModeManager (HealthyPipelineSafeModeRule.java:process(124)) - SCM in safe mode. Healthy pipelines reported count is 0, required healthy pipeline reported count is 1
2021-12-24 01:39:15,012 [pool-200-thread-1] INFO  server.RaftServerConfigKeys (ConfUtils.java:logGet(44)) - raft.server.log.appender.buffer.byte-limit = 33554432 (custom)
2021-12-24 01:39:15,013 [pool-200-thread-1] INFO  server.RaftServerConfigKeys (ConfUtils.java:logGet(44)) - raft.server.log.segment.size.max = 1048576 (custom)
2021-12-24 01:39:15,013 [pool-200-thread-1] INFO  server.RaftServerConfigKeys (ConfUtils.java:logGet(44)) - raft.server.log.segment.cache.num.max = 2 (custom)
2021-12-24 01:39:15,013 [pool-200-thread-1] INFO  server.RaftServerConfigKeys (ConfUtils.java:logGet(44)) - raft.server.log.segment.cache.size.max = 200MB (=209715200) (default)
2021-12-24 01:39:15,014 [pool-200-thread-1] INFO  segmented.SegmentedRaftLogWorker (SegmentedRaftLogWorker.java:<init>(182)) - new a08ebff1-9b45-4323-8dfa-f34875366795@group-B954EE4169AF-SegmentedRaftLogWorker for RaftStorageImpl:Storage Directory /home/runner/work/ozone/ozone/hadoop-ozone/integration-test/target/test-dir/MiniOzoneClusterImpl-457f4e2c-1d7f-4a2a-8b89-0860a01b056d/datanode-0/data/ratis/d4c66bc4-16f2-4c2d-ab74-b954ee4169af
2021-12-24 01:39:15,014 [pool-200-thread-1] INFO  server.RaftServerConfigKeys (ConfUtils.java:logGet(44)) - raft.server.log.queue.byte-limit = 2147483647 (custom)
2021-12-24 01:39:15,014 [pool-200-thread-1] INFO  server.RaftServerConfigKeys (ConfUtils.java:logGet(44)) - raft.server.log.queue.element-limit = 1024 (custom)
2021-12-24 01:39:15,014 [pool-200-thread-1] INFO  server.RaftServerConfigKeys (ConfUtils.java:logGet(44)) - raft.server.log.segment.size.max = 1048576 (custom)
2021-12-24 01:39:15,014 [pool-200-thread-1] INFO  server.RaftServerConfigKeys (ConfUtils.java:logGet(44)) - raft.server.log.preallocated.size = 16384 (custom)
2021-12-24 01:39:15,014 [pool-200-thread-1] INFO  server.RaftServerConfigKeys (ConfUtils.java:logGet(44)) - raft.server.log.force.sync.num = 128 (default)
2021-12-24 01:39:15,014 [pool-200-thread-1] INFO  server.RaftServerConfigKeys (ConfUtils.java:logGet(44)) - raft.server.log.statemachine.data.sync = true (default)
2021-12-24 01:39:15,014 [pool-200-thread-1] INFO  server.RaftServerConfigKeys (ConfUtils.java:logGet(44)) - raft.server.log.statemachine.data.sync.timeout = 10s (default)
2021-12-24 01:39:15,014 [pool-200-thread-1] INFO  server.RaftServerConfigKeys (ConfUtils.java:logGet(44)) - raft.server.log.statemachine.data.sync.timeout.retry = -1 (default)
2021-12-24 01:39:15,015 [pool-200-thread-1] INFO  server.RaftServerConfigKeys (ConfUtils.java:logGet(44)) - raft.server.log.write.buffer.size = 1048576 (custom)
2021-12-24 01:39:15,016 [pool-200-thread-1] INFO  server.RaftServerConfigKeys (ConfUtils.java:logGet(44)) - raft.server.log.statemachine.data.caching.enabled = true (custom)
2021-12-24 01:39:15,018 [pool-200-thread-1] INFO  segmented.SegmentedRaftLogWorker (SegmentedRaftLogWorker.java:lambda$new$0(133)) - a08ebff1-9b45-4323-8dfa-f34875366795@group-B954EE4169AF-SegmentedRaftLogWorker: flushIndex: setUnconditionally 0 -> -1
2021-12-24 01:39:15,018 [pool-200-thread-1] INFO  segmented.SegmentedRaftLogWorker (SegmentedRaftLogWorker.java:lambda$new$0(133)) - a08ebff1-9b45-4323-8dfa-f34875366795@group-B954EE4169AF-SegmentedRaftLogWorker: safeCacheEvictIndex: setUnconditionally 0 -> -1
2021-12-24 01:39:15,027 [pool-200-thread-1] INFO  server.RaftServerConfigKeys (ConfUtils.java:logGet(44)) - raft.server.snapshot.auto.trigger.enabled = true (custom)
2021-12-24 01:39:15,027 [pool-200-thread-1] INFO  server.RaftServerConfigKeys (ConfUtils.java:logGet(44)) - raft.server.snapshot.auto.trigger.threshold = 10000 (custom)
2021-12-24 01:39:15,027 [pool-200-thread-1] INFO  server.RaftServerConfigKeys (ConfUtils.java:logGet(44)) - raft.server.snapshot.retention.file.num = 5 (custom)
2021-12-24 01:39:15,027 [pool-200-thread-1] INFO  server.RaftServerConfigKeys (ConfUtils.java:logGet(44)) - raft.server.log.purge.upto.snapshot.index = false (default)
2021-12-24 01:39:15,027 [pool-200-thread-1] INFO  server.RaftServerConfigKeys (ConfUtils.java:logGet(44)) - raft.server.retrycache.expirytime = 600000ms (custom)
2021-12-24 01:39:15,027 [pool-200-thread-1] INFO  server.RaftServerConfigKeys (ConfUtils.java:logGet(44)) - raft.server.retrycache.statistics.expirytime = 100μs (default)
2021-12-24 01:39:15,030 [pool-200-thread-1] INFO  server.RaftServer$Division (RaftServerImpl.java:start(301)) - a08ebff1-9b45-4323-8dfa-f34875366795@group-B954EE4169AF: start as a follower, conf=-1: [101c5a0a-6a0b-4b69-94db-b1e14f36097a|rpc:10.1.0.29:35977|priority:1, a08ebff1-9b45-4323-8dfa-f34875366795|rpc:10.1.0.29:40615|priority:0, 60bff453-db1a-4c7e-8fb6-f4d87589f2a9|rpc:10.1.0.29:39663|priority:0], old=null
2021-12-24 01:39:15,030 [pool-200-thread-1] INFO  server.RaftServer$Division (RaftServerImpl.java:setRole(290)) - a08ebff1-9b45-4323-8dfa-f34875366795@group-B954EE4169AF: changes role from      null to FOLLOWER at term 0 for startAsFollower
2021-12-24 01:39:15,030 [pool-200-thread-1] INFO  impl.RoleInfo (RoleInfo.java:updateAndGet(130)) - a08ebff1-9b45-4323-8dfa-f34875366795: start a08ebff1-9b45-4323-8dfa-f34875366795@group-B954EE4169AF-FollowerState
2021-12-24 01:39:15,037 [pool-200-thread-1] INFO  util.JmxRegister (JmxRegister.java:tryRegister(44)) - Successfully registered JMX Bean with object name Ratis:service=RaftServer,group=group-B954EE4169AF,id=a08ebff1-9b45-4323-8dfa-f34875366795
2021-12-24 01:39:15,043 [Command processor thread] INFO  ratis.XceiverServerRatis (XceiverServerRatis.java:addGroup(768)) - Created group PipelineID=d4c66bc4-16f2-4c2d-ab74-b954ee4169af
2021-12-24 01:39:15,082 [grpc-default-executor-0] INFO  server.RaftServer (RaftServerProxy.java:addNew(95)) - 60bff453-db1a-4c7e-8fb6-f4d87589f2a9: addNew group-B954EE4169AF:[101c5a0a-6a0b-4b69-94db-b1e14f36097a|rpc:10.1.0.29:35977|dataStream:|priority:1, a08ebff1-9b45-4323-8dfa-f34875366795|rpc:10.1.0.29:40615|dataStream:|priority:0, 60bff453-db1a-4c7e-8fb6-f4d87589f2a9|rpc:10.1.0.29:39663|dataStream:|priority:0] returns group-B954EE4169AF:java.util.concurrent.CompletableFuture@7913365c[Not completed]
2021-12-24 01:39:15,087 [pool-242-thread-1] INFO  server.RaftServer$Division (RaftServerImpl.java:<init>(184)) - 60bff453-db1a-4c7e-8fb6-f4d87589f2a9: new RaftServerImpl for group-B954EE4169AF:[101c5a0a-6a0b-4b69-94db-b1e14f36097a|rpc:10.1.0.29:35977|dataStream:|priority:1, a08ebff1-9b45-4323-8dfa-f34875366795|rpc:10.1.0.29:40615|dataStream:|priority:0, 60bff453-db1a-4c7e-8fb6-f4d87589f2a9|rpc:10.1.0.29:39663|dataStream:|priority:0] with ContainerStateMachine:uninitialized
2021-12-24 01:39:15,097 [pool-242-thread-1] INFO  server.RaftServerConfigKeys (ConfUtils.java:logGet(44)) - raft.server.rpc.timeout.min = 5s (custom)
2021-12-24 01:39:15,097 [pool-242-thread-1] INFO  server.RaftServerConfigKeys (ConfUtils.java:logGet(44)) - raft.server.rpc.timeout.max = 5200ms (custom)
2021-12-24 01:39:15,097 [pool-242-thread-1] INFO  server.RaftServerConfigKeys (ConfUtils.java:logGet(44)) - raft.server.rpc.sleep.time = 25ms (default)
2021-12-24 01:39:15,097 [pool-242-thread-1] INFO  server.RaftServerConfigKeys (ConfUtils.java:logGet(44)) - raft.server.rpc.slowness.timeout = 300s (custom)
2021-12-24 01:39:15,097 [pool-242-thread-1] INFO  server.RaftServerConfigKeys (ConfUtils.java:logGet(44)) - raft.server.leaderelection.leader.step-down.wait-time = 10s (default)
2021-12-24 01:39:15,097 [pool-242-thread-1] INFO  server.RaftServerConfigKeys (ConfUtils.java:logGet(44)) - raft.server.sleep.deviation.threshold = 300ms (default)
2021-12-24 01:39:15,097 [pool-242-thread-1] INFO  server.RaftServerConfigKeys (ConfUtils.java:logGet(44)) - raft.server.log.appender.install.snapshot.enabled = false (custom)
2021-12-24 01:39:15,097 [pool-242-thread-1] INFO  server.RaftServer$Division (ServerState.java:<init>(105)) - 60bff453-db1a-4c7e-8fb6-f4d87589f2a9@group-B954EE4169AF: ConfigurationManager, init=-1: [101c5a0a-6a0b-4b69-94db-b1e14f36097a|rpc:10.1.0.29:35977|dataStream:|priority:1, a08ebff1-9b45-4323-8dfa-f34875366795|rpc:10.1.0.29:40615|dataStream:|priority:0, 60bff453-db1a-4c7e-8fb6-f4d87589f2a9|rpc:10.1.0.29:39663|dataStream:|priority:0], old=null, confs=<EMPTY_MAP>
2021-12-24 01:39:15,097 [pool-242-thread-1] INFO  server.RaftServerConfigKeys (ConfUtils.java:logGet(44)) - raft.server.storage.dir = [/home/runner/work/ozone/ozone/hadoop-ozone/integration-test/target/test-dir/MiniOzoneClusterImpl-457f4e2c-1d7f-4a2a-8b89-0860a01b056d/datanode-2/data/ratis] (custom)
2021-12-24 01:39:15,098 [pool-242-thread-1] INFO  server.RaftServerConfigKeys (ConfUtils.java:logGet(44)) - raft.server.log.corruption.policy = EXCEPTION (default)
2021-12-24 01:39:15,098 [pool-242-thread-1] INFO  server.RaftServerConfigKeys (ConfUtils.java:logGet(44)) - raft.server.storage.free-space.min = 0MB (=0) (default)
2021-12-24 01:39:15,098 [pool-242-thread-1] INFO  storage.RaftStorageDirectory (RaftStorageDirectoryImpl.java:analyzeStorage(135)) - The storage directory /home/runner/work/ozone/ozone/hadoop-ozone/integration-test/target/test-dir/MiniOzoneClusterImpl-457f4e2c-1d7f-4a2a-8b89-0860a01b056d/datanode-2/data/ratis/d4c66bc4-16f2-4c2d-ab74-b954ee4169af does not exist. Creating ...
2021-12-24 01:39:15,104 [pool-242-thread-1] INFO  storage.RaftStorageDirectory (RaftStorageDirectoryImpl.java:tryLock(230)) - Lock on /home/runner/work/ozone/ozone/hadoop-ozone/integration-test/target/test-dir/MiniOzoneClusterImpl-457f4e2c-1d7f-4a2a-8b89-0860a01b056d/datanode-2/data/ratis/d4c66bc4-16f2-4c2d-ab74-b954ee4169af/in_use.lock acquired by nodename 17223@fv-az116-279
2021-12-24 01:39:15,107 [pool-242-thread-1] INFO  storage.RaftStorage (RaftStorageImpl.java:format(89)) - Storage directory /home/runner/work/ozone/ozone/hadoop-ozone/integration-test/target/test-dir/MiniOzoneClusterImpl-457f4e2c-1d7f-4a2a-8b89-0860a01b056d/datanode-2/data/ratis/d4c66bc4-16f2-4c2d-ab74-b954ee4169af has been successfully formatted.
2021-12-24 01:39:15,108 [pool-242-thread-1] INFO  ratis.ContainerStateMachine (ContainerStateMachine.java:loadSnapshot(231)) - group-B954EE4169AF: The snapshot info is null. Setting the last applied indexto:(t:0, i:~)
2021-12-24 01:39:15,108 [pool-242-thread-1] INFO  server.RaftServerConfigKeys (ConfUtils.java:logGet(44)) - raft.server.notification.no-leader.timeout = 300s (custom)
2021-12-24 01:39:15,108 [pool-242-thread-1] INFO  server.RaftServerConfigKeys (ConfUtils.java:logGet(44)) - raft.server.log.use.memory = false (default)
2021-12-24 01:39:15,108 [pool-242-thread-1] INFO  server.RaftServerConfigKeys (ConfUtils.java:logGet(44)) - raft.server.log.purge.gap = 1000000 (custom)
2021-12-24 01:39:15,109 [pool-242-thread-1] INFO  server.RaftServerConfigKeys (ConfUtils.java:logGet(44)) - raft.server.log.appender.buffer.byte-limit = 33554432 (custom)
2021-12-24 01:39:15,109 [pool-242-thread-1] INFO  server.RaftServerConfigKeys (ConfUtils.java:logGet(44)) - raft.server.log.segment.size.max = 1048576 (custom)
2021-12-24 01:39:15,110 [pool-242-thread-1] INFO  server.RaftServerConfigKeys (ConfUtils.java:logGet(44)) - raft.server.log.segment.cache.num.max = 2 (custom)
2021-12-24 01:39:15,110 [pool-242-thread-1] INFO  server.RaftServerConfigKeys (ConfUtils.java:logGet(44)) - raft.server.log.segment.cache.size.max = 200MB (=209715200) (default)
2021-12-24 01:39:15,110 [pool-242-thread-1] INFO  segmented.SegmentedRaftLogWorker (SegmentedRaftLogWorker.java:<init>(182)) - new 60bff453-db1a-4c7e-8fb6-f4d87589f2a9@group-B954EE4169AF-SegmentedRaftLogWorker for RaftStorageImpl:Storage Directory /home/runner/work/ozone/ozone/hadoop-ozone/integration-test/target/test-dir/MiniOzoneClusterImpl-457f4e2c-1d7f-4a2a-8b89-0860a01b056d/datanode-2/data/ratis/d4c66bc4-16f2-4c2d-ab74-b954ee4169af
2021-12-24 01:39:15,110 [pool-242-thread-1] INFO  server.RaftServerConfigKeys (ConfUtils.java:logGet(44)) - raft.server.log.queue.byte-limit = 2147483647 (custom)
2021-12-24 01:39:15,110 [pool-242-thread-1] INFO  server.RaftServerConfigKeys (ConfUtils.java:logGet(44)) - raft.server.log.queue.element-limit = 1024 (custom)
2021-12-24 01:39:15,110 [pool-242-thread-1] INFO  server.RaftServerConfigKeys (ConfUtils.java:logGet(44)) - raft.server.log.segment.size.max = 1048576 (custom)
2021-12-24 01:39:15,110 [pool-242-thread-1] INFO  server.RaftServerConfigKeys (ConfUtils.java:logGet(44)) - raft.server.log.preallocated.size = 16384 (custom)
2021-12-24 01:39:15,110 [pool-242-thread-1] INFO  server.RaftServerConfigKeys (ConfUtils.java:logGet(44)) - raft.server.log.force.sync.num = 128 (default)
2021-12-24 01:39:15,111 [pool-242-thread-1] INFO  server.RaftServerConfigKeys (ConfUtils.java:logGet(44)) - raft.server.log.statemachine.data.sync = true (default)
2021-12-24 01:39:15,111 [pool-242-thread-1] INFO  server.RaftServerConfigKeys (ConfUtils.java:logGet(44)) - raft.server.log.statemachine.data.sync.timeout = 10s (default)
2021-12-24 01:39:15,111 [pool-242-thread-1] INFO  server.RaftServerConfigKeys (ConfUtils.java:logGet(44)) - raft.server.log.statemachine.data.sync.timeout.retry = -1 (default)
2021-12-24 01:39:15,112 [pool-242-thread-1] INFO  server.RaftServerConfigKeys (ConfUtils.java:logGet(44)) - raft.server.log.write.buffer.size = 1048576 (custom)
2021-12-24 01:39:15,112 [pool-242-thread-1] INFO  server.RaftServerConfigKeys (ConfUtils.java:logGet(44)) - raft.server.log.statemachine.data.caching.enabled = true (custom)
2021-12-24 01:39:15,113 [pool-242-thread-1] INFO  segmented.SegmentedRaftLogWorker (SegmentedRaftLogWorker.java:lambda$new$0(133)) - 60bff453-db1a-4c7e-8fb6-f4d87589f2a9@group-B954EE4169AF-SegmentedRaftLogWorker: flushIndex: setUnconditionally 0 -> -1
2021-12-24 01:39:15,113 [pool-242-thread-1] INFO  segmented.SegmentedRaftLogWorker (SegmentedRaftLogWorker.java:lambda$new$0(133)) - 60bff453-db1a-4c7e-8fb6-f4d87589f2a9@group-B954EE4169AF-SegmentedRaftLogWorker: safeCacheEvictIndex: setUnconditionally 0 -> -1
2021-12-24 01:39:15,117 [pool-242-thread-1] INFO  server.RaftServerConfigKeys (ConfUtils.java:logGet(44)) - raft.server.snapshot.auto.trigger.enabled = true (custom)
2021-12-24 01:39:15,118 [pool-242-thread-1] INFO  server.RaftServerConfigKeys (ConfUtils.java:logGet(44)) - raft.server.snapshot.auto.trigger.threshold = 10000 (custom)
2021-12-24 01:39:15,118 [pool-242-thread-1] INFO  server.RaftServerConfigKeys (ConfUtils.java:logGet(44)) - raft.server.snapshot.retention.file.num = 5 (custom)
2021-12-24 01:39:15,118 [pool-242-thread-1] INFO  server.RaftServerConfigKeys (ConfUtils.java:logGet(44)) - raft.server.log.purge.upto.snapshot.index = false (default)
2021-12-24 01:39:15,118 [pool-242-thread-1] INFO  server.RaftServerConfigKeys (ConfUtils.java:logGet(44)) - raft.server.retrycache.expirytime = 600000ms (custom)
2021-12-24 01:39:15,118 [pool-242-thread-1] INFO  server.RaftServerConfigKeys (ConfUtils.java:logGet(44)) - raft.server.retrycache.statistics.expirytime = 100μs (default)
2021-12-24 01:39:15,119 [pool-242-thread-1] INFO  server.RaftServer$Division (RaftServerImpl.java:start(301)) - 60bff453-db1a-4c7e-8fb6-f4d87589f2a9@group-B954EE4169AF: start as a follower, conf=-1: [101c5a0a-6a0b-4b69-94db-b1e14f36097a|rpc:10.1.0.29:35977|dataStream:|priority:1, a08ebff1-9b45-4323-8dfa-f34875366795|rpc:10.1.0.29:40615|dataStream:|priority:0, 60bff453-db1a-4c7e-8fb6-f4d87589f2a9|rpc:10.1.0.29:39663|dataStream:|priority:0], old=null
2021-12-24 01:39:15,121 [pool-242-thread-1] INFO  server.RaftServer$Division (RaftServerImpl.java:setRole(290)) - 60bff453-db1a-4c7e-8fb6-f4d87589f2a9@group-B954EE4169AF: changes role from      null to FOLLOWER at term 0 for startAsFollower
2021-12-24 01:39:15,121 [pool-242-thread-1] INFO  impl.RoleInfo (RoleInfo.java:updateAndGet(130)) - 60bff453-db1a-4c7e-8fb6-f4d87589f2a9: start 60bff453-db1a-4c7e-8fb6-f4d87589f2a9@group-B954EE4169AF-FollowerState
2021-12-24 01:39:15,126 [pool-242-thread-1] INFO  util.JmxRegister (JmxRegister.java:tryRegister(44)) - Successfully registered JMX Bean with object name Ratis:service=RaftServer,group=group-B954EE4169AF,id=60bff453-db1a-4c7e-8fb6-f4d87589f2a9
2021-12-24 01:39:15,222 [grpc-default-executor-0] INFO  server.RaftServer (RaftServerProxy.java:addNew(95)) - 101c5a0a-6a0b-4b69-94db-b1e14f36097a: addNew group-B954EE4169AF:[101c5a0a-6a0b-4b69-94db-b1e14f36097a|rpc:10.1.0.29:35977|dataStream:|priority:1, a08ebff1-9b45-4323-8dfa-f34875366795|rpc:10.1.0.29:40615|dataStream:|priority:0, 60bff453-db1a-4c7e-8fb6-f4d87589f2a9|rpc:10.1.0.29:39663|dataStream:|priority:0] returns group-B954EE4169AF:java.util.concurrent.CompletableFuture@764dd110[Not completed]
2021-12-24 01:39:15,223 [pool-221-thread-1] INFO  server.RaftServer$Division (RaftServerImpl.java:<init>(184)) - 101c5a0a-6a0b-4b69-94db-b1e14f36097a: new RaftServerImpl for group-B954EE4169AF:[101c5a0a-6a0b-4b69-94db-b1e14f36097a|rpc:10.1.0.29:35977|dataStream:|priority:1, a08ebff1-9b45-4323-8dfa-f34875366795|rpc:10.1.0.29:40615|dataStream:|priority:0, 60bff453-db1a-4c7e-8fb6-f4d87589f2a9|rpc:10.1.0.29:39663|dataStream:|priority:0] with ContainerStateMachine:uninitialized
2021-12-24 01:39:15,227 [pool-221-thread-1] INFO  server.RaftServerConfigKeys (ConfUtils.java:logGet(44)) - raft.server.rpc.timeout.min = 5s (custom)
2021-12-24 01:39:15,227 [pool-221-thread-1] INFO  server.RaftServerConfigKeys (ConfUtils.java:logGet(44)) - raft.server.rpc.timeout.max = 5200ms (custom)
2021-12-24 01:39:15,227 [pool-221-thread-1] INFO  server.RaftServerConfigKeys (ConfUtils.java:logGet(44)) - raft.server.rpc.sleep.time = 25ms (default)
2021-12-24 01:39:15,227 [pool-221-thread-1] INFO  server.RaftServerConfigKeys (ConfUtils.java:logGet(44)) - raft.server.rpc.slowness.timeout = 300s (custom)
2021-12-24 01:39:15,227 [pool-221-thread-1] INFO  server.RaftServerConfigKeys (ConfUtils.java:logGet(44)) - raft.server.leaderelection.leader.step-down.wait-time = 10s (default)
2021-12-24 01:39:15,227 [pool-221-thread-1] INFO  server.RaftServerConfigKeys (ConfUtils.java:logGet(44)) - raft.server.sleep.deviation.threshold = 300ms (default)
2021-12-24 01:39:15,227 [pool-221-thread-1] INFO  server.RaftServerConfigKeys (ConfUtils.java:logGet(44)) - raft.server.log.appender.install.snapshot.enabled = false (custom)
2021-12-24 01:39:15,228 [pool-221-thread-1] INFO  server.RaftServer$Division (ServerState.java:<init>(105)) - 101c5a0a-6a0b-4b69-94db-b1e14f36097a@group-B954EE4169AF: ConfigurationManager, init=-1: [101c5a0a-6a0b-4b69-94db-b1e14f36097a|rpc:10.1.0.29:35977|dataStream:|priority:1, a08ebff1-9b45-4323-8dfa-f34875366795|rpc:10.1.0.29:40615|dataStream:|priority:0, 60bff453-db1a-4c7e-8fb6-f4d87589f2a9|rpc:10.1.0.29:39663|dataStream:|priority:0], old=null, confs=<EMPTY_MAP>
2021-12-24 01:39:15,228 [pool-221-thread-1] INFO  server.RaftServerConfigKeys (ConfUtils.java:logGet(44)) - raft.server.storage.dir = [/home/runner/work/ozone/ozone/hadoop-ozone/integration-test/target/test-dir/MiniOzoneClusterImpl-457f4e2c-1d7f-4a2a-8b89-0860a01b056d/datanode-1/data/ratis] (custom)
2021-12-24 01:39:15,228 [pool-221-thread-1] INFO  server.RaftServerConfigKeys (ConfUtils.java:logGet(44)) - raft.server.log.corruption.policy = EXCEPTION (default)
2021-12-24 01:39:15,228 [pool-221-thread-1] INFO  server.RaftServerConfigKeys (ConfUtils.java:logGet(44)) - raft.server.storage.free-space.min = 0MB (=0) (default)
2021-12-24 01:39:15,228 [pool-221-thread-1] INFO  storage.RaftStorageDirectory (RaftStorageDirectoryImpl.java:analyzeStorage(135)) - The storage directory /home/runner/work/ozone/ozone/hadoop-ozone/integration-test/target/test-dir/MiniOzoneClusterImpl-457f4e2c-1d7f-4a2a-8b89-0860a01b056d/datanode-1/data/ratis/d4c66bc4-16f2-4c2d-ab74-b954ee4169af does not exist. Creating ...
2021-12-24 01:39:15,229 [pool-221-thread-1] INFO  storage.RaftStorageDirectory (RaftStorageDirectoryImpl.java:tryLock(230)) - Lock on /home/runner/work/ozone/ozone/hadoop-ozone/integration-test/target/test-dir/MiniOzoneClusterImpl-457f4e2c-1d7f-4a2a-8b89-0860a01b056d/datanode-1/data/ratis/d4c66bc4-16f2-4c2d-ab74-b954ee4169af/in_use.lock acquired by nodename 17223@fv-az116-279
2021-12-24 01:39:15,231 [pool-221-thread-1] INFO  storage.RaftStorage (RaftStorageImpl.java:format(89)) - Storage directory /home/runner/work/ozone/ozone/hadoop-ozone/integration-test/target/test-dir/MiniOzoneClusterImpl-457f4e2c-1d7f-4a2a-8b89-0860a01b056d/datanode-1/data/ratis/d4c66bc4-16f2-4c2d-ab74-b954ee4169af has been successfully formatted.
2021-12-24 01:39:15,241 [pool-221-thread-1] INFO  ratis.ContainerStateMachine (ContainerStateMachine.java:loadSnapshot(231)) - group-B954EE4169AF: The snapshot info is null. Setting the last applied indexto:(t:0, i:~)
2021-12-24 01:39:15,242 [pool-221-thread-1] INFO  server.RaftServerConfigKeys (ConfUtils.java:logGet(44)) - raft.server.notification.no-leader.timeout = 300s (custom)
2021-12-24 01:39:15,242 [pool-221-thread-1] INFO  server.RaftServerConfigKeys (ConfUtils.java:logGet(44)) - raft.server.log.use.memory = false (default)
2021-12-24 01:39:15,242 [pool-221-thread-1] INFO  server.RaftServerConfigKeys (ConfUtils.java:logGet(44)) - raft.server.log.purge.gap = 1000000 (custom)
2021-12-24 01:39:15,242 [pool-221-thread-1] INFO  server.RaftServerConfigKeys (ConfUtils.java:logGet(44)) - raft.server.log.appender.buffer.byte-limit = 33554432 (custom)
2021-12-24 01:39:15,242 [pool-221-thread-1] INFO  server.RaftServerConfigKeys (ConfUtils.java:logGet(44)) - raft.server.log.segment.size.max = 1048576 (custom)
2021-12-24 01:39:15,243 [pool-221-thread-1] INFO  server.RaftServerConfigKeys (ConfUtils.java:logGet(44)) - raft.server.log.segment.cache.num.max = 2 (custom)
2021-12-24 01:39:15,243 [pool-221-thread-1] INFO  server.RaftServerConfigKeys (ConfUtils.java:logGet(44)) - raft.server.log.segment.cache.size.max = 200MB (=209715200) (default)
2021-12-24 01:39:15,243 [pool-221-thread-1] INFO  segmented.SegmentedRaftLogWorker (SegmentedRaftLogWorker.java:<init>(182)) - new 101c5a0a-6a0b-4b69-94db-b1e14f36097a@group-B954EE4169AF-SegmentedRaftLogWorker for RaftStorageImpl:Storage Directory /home/runner/work/ozone/ozone/hadoop-ozone/integration-test/target/test-dir/MiniOzoneClusterImpl-457f4e2c-1d7f-4a2a-8b89-0860a01b056d/datanode-1/data/ratis/d4c66bc4-16f2-4c2d-ab74-b954ee4169af
2021-12-24 01:39:15,243 [pool-221-thread-1] INFO  server.RaftServerConfigKeys (ConfUtils.java:logGet(44)) - raft.server.log.queue.byte-limit = 2147483647 (custom)
2021-12-24 01:39:15,243 [pool-221-thread-1] INFO  server.RaftServerConfigKeys (ConfUtils.java:logGet(44)) - raft.server.log.queue.element-limit = 1024 (custom)
2021-12-24 01:39:15,243 [pool-221-thread-1] INFO  server.RaftServerConfigKeys (ConfUtils.java:logGet(44)) - raft.server.log.segment.size.max = 1048576 (custom)
2021-12-24 01:39:15,243 [pool-221-thread-1] INFO  server.RaftServerConfigKeys (ConfUtils.java:logGet(44)) - raft.server.log.preallocated.size = 16384 (custom)
2021-12-24 01:39:15,243 [pool-221-thread-1] INFO  server.RaftServerConfigKeys (ConfUtils.java:logGet(44)) - raft.server.log.force.sync.num = 128 (default)
2021-12-24 01:39:15,243 [pool-221-thread-1] INFO  server.RaftServerConfigKeys (ConfUtils.java:logGet(44)) - raft.server.log.statemachine.data.sync = true (default)
2021-12-24 01:39:15,244 [pool-221-thread-1] INFO  server.RaftServerConfigKeys (ConfUtils.java:logGet(44)) - raft.server.log.statemachine.data.sync.timeout = 10s (default)
2021-12-24 01:39:15,244 [pool-221-thread-1] INFO  server.RaftServerConfigKeys (ConfUtils.java:logGet(44)) - raft.server.log.statemachine.data.sync.timeout.retry = -1 (default)
2021-12-24 01:39:15,245 [pool-221-thread-1] INFO  server.RaftServerConfigKeys (ConfUtils.java:logGet(44)) - raft.server.log.write.buffer.size = 1048576 (custom)
2021-12-24 01:39:15,245 [pool-221-thread-1] INFO  server.RaftServerConfigKeys (ConfUtils.java:logGet(44)) - raft.server.log.statemachine.data.caching.enabled = true (custom)
2021-12-24 01:39:15,246 [pool-221-thread-1] INFO  segmented.SegmentedRaftLogWorker (SegmentedRaftLogWorker.java:lambda$new$0(133)) - 101c5a0a-6a0b-4b69-94db-b1e14f36097a@group-B954EE4169AF-SegmentedRaftLogWorker: flushIndex: setUnconditionally 0 -> -1
2021-12-24 01:39:15,246 [pool-221-thread-1] INFO  segmented.SegmentedRaftLogWorker (SegmentedRaftLogWorker.java:lambda$new$0(133)) - 101c5a0a-6a0b-4b69-94db-b1e14f36097a@group-B954EE4169AF-SegmentedRaftLogWorker: safeCacheEvictIndex: setUnconditionally 0 -> -1
2021-12-24 01:39:15,254 [pool-221-thread-1] INFO  server.RaftServerConfigKeys (ConfUtils.java:logGet(44)) - raft.server.snapshot.auto.trigger.enabled = true (custom)
2021-12-24 01:39:15,254 [pool-221-thread-1] INFO  server.RaftServerConfigKeys (ConfUtils.java:logGet(44)) - raft.server.snapshot.auto.trigger.threshold = 10000 (custom)
2021-12-24 01:39:15,254 [pool-221-thread-1] INFO  server.RaftServerConfigKeys (ConfUtils.java:logGet(44)) - raft.server.snapshot.retention.file.num = 5 (custom)
2021-12-24 01:39:15,254 [pool-221-thread-1] INFO  server.RaftServerConfigKeys (ConfUtils.java:logGet(44)) - raft.server.log.purge.upto.snapshot.index = false (default)
2021-12-24 01:39:15,254 [pool-221-thread-1] INFO  server.RaftServerConfigKeys (ConfUtils.java:logGet(44)) - raft.server.retrycache.expirytime = 600000ms (custom)
2021-12-24 01:39:15,254 [pool-221-thread-1] INFO  server.RaftServerConfigKeys (ConfUtils.java:logGet(44)) - raft.server.retrycache.statistics.expirytime = 100μs (default)
2021-12-24 01:39:15,255 [pool-221-thread-1] INFO  server.RaftServer$Division (RaftServerImpl.java:start(301)) - 101c5a0a-6a0b-4b69-94db-b1e14f36097a@group-B954EE4169AF: start as a follower, conf=-1: [101c5a0a-6a0b-4b69-94db-b1e14f36097a|rpc:10.1.0.29:35977|dataStream:|priority:1, a08ebff1-9b45-4323-8dfa-f34875366795|rpc:10.1.0.29:40615|dataStream:|priority:0, 60bff453-db1a-4c7e-8fb6-f4d87589f2a9|rpc:10.1.0.29:39663|dataStream:|priority:0], old=null
2021-12-24 01:39:15,256 [pool-221-thread-1] INFO  server.RaftServer$Division (RaftServerImpl.java:setRole(290)) - 101c5a0a-6a0b-4b69-94db-b1e14f36097a@group-B954EE4169AF: changes role from      null to FOLLOWER at term 0 for startAsFollower
2021-12-24 01:39:15,256 [pool-221-thread-1] INFO  impl.RoleInfo (RoleInfo.java:updateAndGet(130)) - 101c5a0a-6a0b-4b69-94db-b1e14f36097a: start 101c5a0a-6a0b-4b69-94db-b1e14f36097a@group-B954EE4169AF-FollowerState
2021-12-24 01:39:15,262 [pool-221-thread-1] INFO  util.JmxRegister (JmxRegister.java:tryRegister(44)) - Successfully registered JMX Bean with object name Ratis:service=RaftServer,group=group-B954EE4169AF,id=101c5a0a-6a0b-4b69-94db-b1e14f36097a
2021-12-24 01:39:15,297 [Command processor thread] INFO  commandhandler.CreatePipelineCommandHandler (CreatePipelineCommandHandler.java:handle(106)) - Created Pipeline RATIS THREE PipelineID=d4c66bc4-16f2-4c2d-ab74-b954ee4169af.
2021-12-24 01:39:15,298 [Command processor thread] INFO  server.RaftServer (RaftServerProxy.java:addNew(95)) - a08ebff1-9b45-4323-8dfa-f34875366795: addNew group-BD1077FEF8FB:[101c5a0a-6a0b-4b69-94db-b1e14f36097a|rpc:10.1.0.29:35977|priority:0, a08ebff1-9b45-4323-8dfa-f34875366795|rpc:10.1.0.29:40615|priority:0, 60bff453-db1a-4c7e-8fb6-f4d87589f2a9|rpc:10.1.0.29:39663|priority:1] returns group-BD1077FEF8FB:java.util.concurrent.CompletableFuture@5bff4df2[Not completed]
2021-12-24 01:39:15,299 [pool-200-thread-1] INFO  server.RaftServer$Division (RaftServerImpl.java:<init>(184)) - a08ebff1-9b45-4323-8dfa-f34875366795: new RaftServerImpl for group-BD1077FEF8FB:[101c5a0a-6a0b-4b69-94db-b1e14f36097a|rpc:10.1.0.29:35977|priority:0, a08ebff1-9b45-4323-8dfa-f34875366795|rpc:10.1.0.29:40615|priority:0, 60bff453-db1a-4c7e-8fb6-f4d87589f2a9|rpc:10.1.0.29:39663|priority:1] with ContainerStateMachine:uninitialized
2021-12-24 01:39:15,299 [pool-200-thread-1] INFO  server.RaftServerConfigKeys (ConfUtils.java:logGet(44)) - raft.server.rpc.timeout.min = 5s (custom)
2021-12-24 01:39:15,299 [pool-200-thread-1] INFO  server.RaftServerConfigKeys (ConfUtils.java:logGet(44)) - raft.server.rpc.timeout.max = 5200ms (custom)
2021-12-24 01:39:15,299 [pool-200-thread-1] INFO  server.RaftServerConfigKeys (ConfUtils.java:logGet(44)) - raft.server.rpc.sleep.time = 25ms (default)
2021-12-24 01:39:15,299 [pool-200-thread-1] INFO  server.RaftServerConfigKeys (ConfUtils.java:logGet(44)) - raft.server.rpc.slowness.timeout = 300s (custom)
2021-12-24 01:39:15,299 [pool-200-thread-1] INFO  server.RaftServerConfigKeys (ConfUtils.java:logGet(44)) - raft.server.leaderelection.leader.step-down.wait-time = 10s (default)
2021-12-24 01:39:15,299 [pool-200-thread-1] INFO  server.RaftServerConfigKeys (ConfUtils.java:logGet(44)) - raft.server.sleep.deviation.threshold = 300ms (default)
2021-12-24 01:39:15,299 [pool-200-thread-1] INFO  server.RaftServerConfigKeys (ConfUtils.java:logGet(44)) - raft.server.log.appender.install.snapshot.enabled = false (custom)
2021-12-24 01:39:15,299 [pool-200-thread-1] INFO  server.RaftServer$Division (ServerState.java:<init>(105)) - a08ebff1-9b45-4323-8dfa-f34875366795@group-BD1077FEF8FB: ConfigurationManager, init=-1: [101c5a0a-6a0b-4b69-94db-b1e14f36097a|rpc:10.1.0.29:35977|priority:0, a08ebff1-9b45-4323-8dfa-f34875366795|rpc:10.1.0.29:40615|priority:0, 60bff453-db1a-4c7e-8fb6-f4d87589f2a9|rpc:10.1.0.29:39663|priority:1], old=null, confs=<EMPTY_MAP>
2021-12-24 01:39:15,299 [pool-200-thread-1] INFO  server.RaftServerConfigKeys (ConfUtils.java:logGet(44)) - raft.server.storage.dir = [/home/runner/work/ozone/ozone/hadoop-ozone/integration-test/target/test-dir/MiniOzoneClusterImpl-457f4e2c-1d7f-4a2a-8b89-0860a01b056d/datanode-0/data/ratis] (custom)
2021-12-24 01:39:15,300 [pool-200-thread-1] INFO  server.RaftServerConfigKeys (ConfUtils.java:logGet(44)) - raft.server.log.corruption.policy = EXCEPTION (default)
2021-12-24 01:39:15,300 [pool-200-thread-1] INFO  server.RaftServerConfigKeys (ConfUtils.java:logGet(44)) - raft.server.storage.free-space.min = 0MB (=0) (default)
2021-12-24 01:39:15,300 [pool-200-thread-1] INFO  storage.RaftStorageDirectory (RaftStorageDirectoryImpl.java:analyzeStorage(135)) - The storage directory /home/runner/work/ozone/ozone/hadoop-ozone/integration-test/target/test-dir/MiniOzoneClusterImpl-457f4e2c-1d7f-4a2a-8b89-0860a01b056d/datanode-0/data/ratis/49c47341-c989-4936-98c9-bd1077fef8fb does not exist. Creating ...
2021-12-24 01:39:15,301 [pool-200-thread-1] INFO  storage.RaftStorageDirectory (RaftStorageDirectoryImpl.java:tryLock(230)) - Lock on /home/runner/work/ozone/ozone/hadoop-ozone/integration-test/target/test-dir/MiniOzoneClusterImpl-457f4e2c-1d7f-4a2a-8b89-0860a01b056d/datanode-0/data/ratis/49c47341-c989-4936-98c9-bd1077fef8fb/in_use.lock acquired by nodename 17223@fv-az116-279
2021-12-24 01:39:15,304 [pool-200-thread-1] INFO  storage.RaftStorage (RaftStorageImpl.java:format(89)) - Storage directory /home/runner/work/ozone/ozone/hadoop-ozone/integration-test/target/test-dir/MiniOzoneClusterImpl-457f4e2c-1d7f-4a2a-8b89-0860a01b056d/datanode-0/data/ratis/49c47341-c989-4936-98c9-bd1077fef8fb has been successfully formatted.
2021-12-24 01:39:15,304 [pool-200-thread-1] INFO  ratis.ContainerStateMachine (ContainerStateMachine.java:loadSnapshot(231)) - group-BD1077FEF8FB: The snapshot info is null. Setting the last applied indexto:(t:0, i:~)
2021-12-24 01:39:15,304 [pool-200-thread-1] INFO  server.RaftServerConfigKeys (ConfUtils.java:logGet(44)) - raft.server.notification.no-leader.timeout = 300s (custom)
2021-12-24 01:39:15,304 [pool-200-thread-1] INFO  server.RaftServerConfigKeys (ConfUtils.java:logGet(44)) - raft.server.log.use.memory = false (default)
2021-12-24 01:39:15,304 [pool-200-thread-1] INFO  server.RaftServerConfigKeys (ConfUtils.java:logGet(44)) - raft.server.log.purge.gap = 1000000 (custom)
2021-12-24 01:39:15,306 [EventQueue-OpenPipelineForHealthyPipelineSafeModeRule] INFO  safemode.SCMSafeModeManager (HealthyPipelineSafeModeRule.java:process(124)) - SCM in safe mode. Healthy pipelines reported count is 0, required healthy pipeline reported count is 1
2021-12-24 01:39:15,313 [pool-200-thread-1] INFO  server.RaftServerConfigKeys (ConfUtils.java:logGet(44)) - raft.server.log.appender.buffer.byte-limit = 33554432 (custom)
2021-12-24 01:39:15,314 [pool-200-thread-1] INFO  server.RaftServerConfigKeys (ConfUtils.java:logGet(44)) - raft.server.log.segment.size.max = 1048576 (custom)
2021-12-24 01:39:15,314 [pool-200-thread-1] INFO  server.RaftServerConfigKeys (ConfUtils.java:logGet(44)) - raft.server.log.segment.cache.num.max = 2 (custom)
2021-12-24 01:39:15,314 [pool-200-thread-1] INFO  server.RaftServerConfigKeys (ConfUtils.java:logGet(44)) - raft.server.log.segment.cache.size.max = 200MB (=209715200) (default)
2021-12-24 01:39:15,314 [pool-200-thread-1] INFO  segmented.SegmentedRaftLogWorker (SegmentedRaftLogWorker.java:<init>(182)) - new a08ebff1-9b45-4323-8dfa-f34875366795@group-BD1077FEF8FB-SegmentedRaftLogWorker for RaftStorageImpl:Storage Directory /home/runner/work/ozone/ozone/hadoop-ozone/integration-test/target/test-dir/MiniOzoneClusterImpl-457f4e2c-1d7f-4a2a-8b89-0860a01b056d/datanode-0/data/ratis/49c47341-c989-4936-98c9-bd1077fef8fb
2021-12-24 01:39:15,315 [pool-200-thread-1] INFO  server.RaftServerConfigKeys (ConfUtils.java:logGet(44)) - raft.server.log.queue.byte-limit = 2147483647 (custom)
2021-12-24 01:39:15,315 [pool-200-thread-1] INFO  server.RaftServerConfigKeys (ConfUtils.java:logGet(44)) - raft.server.log.queue.element-limit = 1024 (custom)
2021-12-24 01:39:15,315 [pool-200-thread-1] INFO  server.RaftServerConfigKeys (ConfUtils.java:logGet(44)) - raft.server.log.segment.size.max = 1048576 (custom)
2021-12-24 01:39:15,315 [pool-200-thread-1] INFO  server.RaftServerConfigKeys (ConfUtils.java:logGet(44)) - raft.server.log.preallocated.size = 16384 (custom)
2021-12-24 01:39:15,315 [pool-200-thread-1] INFO  server.RaftServerConfigKeys (ConfUtils.java:logGet(44)) - raft.server.log.force.sync.num = 128 (default)
2021-12-24 01:39:15,315 [pool-200-thread-1] INFO  server.RaftServerConfigKeys (ConfUtils.java:logGet(44)) - raft.server.log.statemachine.data.sync = true (default)
2021-12-24 01:39:15,315 [pool-200-thread-1] INFO  server.RaftServerConfigKeys (ConfUtils.java:logGet(44)) - raft.server.log.statemachine.data.sync.timeout = 10s (default)
2021-12-24 01:39:15,315 [pool-200-thread-1] INFO  server.RaftServerConfigKeys (ConfUtils.java:logGet(44)) - raft.server.log.statemachine.data.sync.timeout.retry = -1 (default)
2021-12-24 01:39:15,316 [pool-200-thread-1] INFO  server.RaftServerConfigKeys (ConfUtils.java:logGet(44)) - raft.server.log.write.buffer.size = 1048576 (custom)
2021-12-24 01:39:15,316 [pool-200-thread-1] INFO  server.RaftServerConfigKeys (ConfUtils.java:logGet(44)) - raft.server.log.statemachine.data.caching.enabled = true (custom)
2021-12-24 01:39:15,317 [pool-200-thread-1] INFO  segmented.SegmentedRaftLogWorker (SegmentedRaftLogWorker.java:lambda$new$0(133)) - a08ebff1-9b45-4323-8dfa-f34875366795@group-BD1077FEF8FB-SegmentedRaftLogWorker: flushIndex: setUnconditionally 0 -> -1
2021-12-24 01:39:15,317 [pool-200-thread-1] INFO  segmented.SegmentedRaftLogWorker (SegmentedRaftLogWorker.java:lambda$new$0(133)) - a08ebff1-9b45-4323-8dfa-f34875366795@group-BD1077FEF8FB-SegmentedRaftLogWorker: safeCacheEvictIndex: setUnconditionally 0 -> -1
2021-12-24 01:39:15,338 [pool-200-thread-1] INFO  server.RaftServerConfigKeys (ConfUtils.java:logGet(44)) - raft.server.snapshot.auto.trigger.enabled = true (custom)
2021-12-24 01:39:15,338 [pool-200-thread-1] INFO  server.RaftServerConfigKeys (ConfUtils.java:logGet(44)) - raft.server.snapshot.auto.trigger.threshold = 10000 (custom)
2021-12-24 01:39:15,338 [pool-200-thread-1] INFO  server.RaftServerConfigKeys (ConfUtils.java:logGet(44)) - raft.server.snapshot.retention.file.num = 5 (custom)
2021-12-24 01:39:15,338 [pool-200-thread-1] INFO  server.RaftServerConfigKeys (ConfUtils.java:logGet(44)) - raft.server.log.purge.upto.snapshot.index = false (default)
2021-12-24 01:39:15,338 [pool-200-thread-1] INFO  server.RaftServerConfigKeys (ConfUtils.java:logGet(44)) - raft.server.retrycache.expirytime = 600000ms (custom)
2021-12-24 01:39:15,338 [pool-200-thread-1] INFO  server.RaftServerConfigKeys (ConfUtils.java:logGet(44)) - raft.server.retrycache.statistics.expirytime = 100μs (default)
2021-12-24 01:39:15,339 [pool-200-thread-1] INFO  server.RaftServer$Division (RaftServerImpl.java:start(301)) - a08ebff1-9b45-4323-8dfa-f34875366795@group-BD1077FEF8FB: start as a follower, conf=-1: [101c5a0a-6a0b-4b69-94db-b1e14f36097a|rpc:10.1.0.29:35977|priority:0, a08ebff1-9b45-4323-8dfa-f34875366795|rpc:10.1.0.29:40615|priority:0, 60bff453-db1a-4c7e-8fb6-f4d87589f2a9|rpc:10.1.0.29:39663|priority:1], old=null
2021-12-24 01:39:15,340 [pool-200-thread-1] INFO  server.RaftServer$Division (RaftServerImpl.java:setRole(290)) - a08ebff1-9b45-4323-8dfa-f34875366795@group-BD1077FEF8FB: changes role from      null to FOLLOWER at term 0 for startAsFollower
2021-12-24 01:39:15,340 [pool-200-thread-1] INFO  impl.RoleInfo (RoleInfo.java:updateAndGet(130)) - a08ebff1-9b45-4323-8dfa-f34875366795: start a08ebff1-9b45-4323-8dfa-f34875366795@group-BD1077FEF8FB-FollowerState
2021-12-24 01:39:15,346 [pool-200-thread-1] INFO  util.JmxRegister (JmxRegister.java:tryRegister(44)) - Successfully registered JMX Bean with object name Ratis:service=RaftServer,group=group-BD1077FEF8FB,id=a08ebff1-9b45-4323-8dfa-f34875366795
2021-12-24 01:39:15,354 [Command processor thread] INFO  ratis.XceiverServerRatis (XceiverServerRatis.java:addGroup(768)) - Created group PipelineID=49c47341-c989-4936-98c9-bd1077fef8fb
2021-12-24 01:39:15,385 [Command processor thread] INFO  server.RaftServer (RaftServerProxy.java:addNew(95)) - 101c5a0a-6a0b-4b69-94db-b1e14f36097a: addNew group-5E4A21277A04:[101c5a0a-6a0b-4b69-94db-b1e14f36097a|rpc:10.1.0.29:35977|priority:1] returns group-5E4A21277A04:java.util.concurrent.CompletableFuture@78c74e27[Not completed]
2021-12-24 01:39:15,385 [grpc-default-executor-0] INFO  server.RaftServer (RaftServerProxy.java:addNew(95)) - 101c5a0a-6a0b-4b69-94db-b1e14f36097a: addNew group-BD1077FEF8FB:[101c5a0a-6a0b-4b69-94db-b1e14f36097a|rpc:10.1.0.29:35977|dataStream:|priority:0, a08ebff1-9b45-4323-8dfa-f34875366795|rpc:10.1.0.29:40615|dataStream:|priority:0, 60bff453-db1a-4c7e-8fb6-f4d87589f2a9|rpc:10.1.0.29:39663|dataStream:|priority:1] returns group-BD1077FEF8FB:java.util.concurrent.CompletableFuture@31ccf6f0[Not completed]
2021-12-24 01:39:15,386 [pool-221-thread-1] INFO  server.RaftServer$Division (RaftServerImpl.java:<init>(184)) - 101c5a0a-6a0b-4b69-94db-b1e14f36097a: new RaftServerImpl for group-5E4A21277A04:[101c5a0a-6a0b-4b69-94db-b1e14f36097a|rpc:10.1.0.29:35977|priority:1] with ContainerStateMachine:uninitialized
2021-12-24 01:39:15,386 [pool-221-thread-1] INFO  server.RaftServerConfigKeys (ConfUtils.java:logGet(44)) - raft.server.rpc.timeout.min = 5s (custom)
2021-12-24 01:39:15,386 [pool-221-thread-1] INFO  server.RaftServerConfigKeys (ConfUtils.java:logGet(44)) - raft.server.rpc.timeout.max = 5200ms (custom)
2021-12-24 01:39:15,386 [pool-221-thread-1] INFO  server.RaftServerConfigKeys (ConfUtils.java:logGet(44)) - raft.server.rpc.sleep.time = 25ms (default)
2021-12-24 01:39:15,386 [pool-221-thread-1] INFO  server.RaftServerConfigKeys (ConfUtils.java:logGet(44)) - raft.server.rpc.slowness.timeout = 300s (custom)
2021-12-24 01:39:15,386 [pool-221-thread-1] INFO  server.RaftServerConfigKeys (ConfUtils.java:logGet(44)) - raft.server.leaderelection.leader.step-down.wait-time = 10s (default)
2021-12-24 01:39:15,386 [pool-221-thread-1] INFO  server.RaftServerConfigKeys (ConfUtils.java:logGet(44)) - raft.server.sleep.deviation.threshold = 300ms (default)
2021-12-24 01:39:15,386 [pool-221-thread-1] INFO  server.RaftServerConfigKeys (ConfUtils.java:logGet(44)) - raft.server.log.appender.install.snapshot.enabled = false (custom)
2021-12-24 01:39:15,386 [pool-221-thread-1] INFO  server.RaftServer$Division (ServerState.java:<init>(105)) - 101c5a0a-6a0b-4b69-94db-b1e14f36097a@group-5E4A21277A04: ConfigurationManager, init=-1: [101c5a0a-6a0b-4b69-94db-b1e14f36097a|rpc:10.1.0.29:35977|priority:1], old=null, confs=<EMPTY_MAP>
2021-12-24 01:39:15,386 [pool-221-thread-1] INFO  server.RaftServerConfigKeys (ConfUtils.java:logGet(44)) - raft.server.storage.dir = [/home/runner/work/ozone/ozone/hadoop-ozone/integration-test/target/test-dir/MiniOzoneClusterImpl-457f4e2c-1d7f-4a2a-8b89-0860a01b056d/datanode-1/data/ratis] (custom)
2021-12-24 01:39:15,387 [pool-221-thread-1] INFO  server.RaftServerConfigKeys (ConfUtils.java:logGet(44)) - raft.server.log.corruption.policy = EXCEPTION (default)
2021-12-24 01:39:15,387 [pool-221-thread-1] INFO  server.RaftServerConfigKeys (ConfUtils.java:logGet(44)) - raft.server.storage.free-space.min = 0MB (=0) (default)
2021-12-24 01:39:15,387 [pool-221-thread-1] INFO  storage.RaftStorageDirectory (RaftStorageDirectoryImpl.java:analyzeStorage(135)) - The storage directory /home/runner/work/ozone/ozone/hadoop-ozone/integration-test/target/test-dir/MiniOzoneClusterImpl-457f4e2c-1d7f-4a2a-8b89-0860a01b056d/datanode-1/data/ratis/ed9064ed-0bb0-4782-8225-5e4a21277a04 does not exist. Creating ...
2021-12-24 01:39:15,397 [pool-221-thread-1] INFO  storage.RaftStorageDirectory (RaftStorageDirectoryImpl.java:tryLock(230)) - Lock on /home/runner/work/ozone/ozone/hadoop-ozone/integration-test/target/test-dir/MiniOzoneClusterImpl-457f4e2c-1d7f-4a2a-8b89-0860a01b056d/datanode-1/data/ratis/ed9064ed-0bb0-4782-8225-5e4a21277a04/in_use.lock acquired by nodename 17223@fv-az116-279
2021-12-24 01:39:15,401 [pool-221-thread-1] INFO  storage.RaftStorage (RaftStorageImpl.java:format(89)) - Storage directory /home/runner/work/ozone/ozone/hadoop-ozone/integration-test/target/test-dir/MiniOzoneClusterImpl-457f4e2c-1d7f-4a2a-8b89-0860a01b056d/datanode-1/data/ratis/ed9064ed-0bb0-4782-8225-5e4a21277a04 has been successfully formatted.
2021-12-24 01:39:15,401 [pool-221-thread-1] INFO  ratis.ContainerStateMachine (ContainerStateMachine.java:loadSnapshot(231)) - group-5E4A21277A04: The snapshot info is null. Setting the last applied indexto:(t:0, i:~)
2021-12-24 01:39:15,401 [pool-221-thread-1] INFO  server.RaftServerConfigKeys (ConfUtils.java:logGet(44)) - raft.server.notification.no-leader.timeout = 300s (custom)
2021-12-24 01:39:15,401 [pool-221-thread-1] INFO  server.RaftServerConfigKeys (ConfUtils.java:logGet(44)) - raft.server.log.use.memory = false (default)
2021-12-24 01:39:15,401 [pool-221-thread-1] INFO  server.RaftServerConfigKeys (ConfUtils.java:logGet(44)) - raft.server.log.purge.gap = 1000000 (custom)
2021-12-24 01:39:15,402 [pool-221-thread-1] INFO  server.RaftServerConfigKeys (ConfUtils.java:logGet(44)) - raft.server.log.appender.buffer.byte-limit = 33554432 (custom)
2021-12-24 01:39:15,402 [pool-221-thread-1] INFO  server.RaftServerConfigKeys (ConfUtils.java:logGet(44)) - raft.server.log.segment.size.max = 1048576 (custom)
2021-12-24 01:39:15,402 [pool-221-thread-1] INFO  server.RaftServerConfigKeys (ConfUtils.java:logGet(44)) - raft.server.log.segment.cache.num.max = 2 (custom)
2021-12-24 01:39:15,402 [pool-221-thread-1] INFO  server.RaftServerConfigKeys (ConfUtils.java:logGet(44)) - raft.server.log.segment.cache.size.max = 200MB (=209715200) (default)
2021-12-24 01:39:15,403 [pool-221-thread-1] INFO  segmented.SegmentedRaftLogWorker (SegmentedRaftLogWorker.java:<init>(182)) - new 101c5a0a-6a0b-4b69-94db-b1e14f36097a@group-5E4A21277A04-SegmentedRaftLogWorker for RaftStorageImpl:Storage Directory /home/runner/work/ozone/ozone/hadoop-ozone/integration-test/target/test-dir/MiniOzoneClusterImpl-457f4e2c-1d7f-4a2a-8b89-0860a01b056d/datanode-1/data/ratis/ed9064ed-0bb0-4782-8225-5e4a21277a04
2021-12-24 01:39:15,403 [pool-221-thread-1] INFO  server.RaftServerConfigKeys (ConfUtils.java:logGet(44)) - raft.server.log.queue.byte-limit = 2147483647 (custom)
2021-12-24 01:39:15,403 [pool-221-thread-1] INFO  server.RaftServerConfigKeys (ConfUtils.java:logGet(44)) - raft.server.log.queue.element-limit = 1024 (custom)
2021-12-24 01:39:15,403 [pool-221-thread-1] INFO  server.RaftServerConfigKeys (ConfUtils.java:logGet(44)) - raft.server.log.segment.size.max = 1048576 (custom)
2021-12-24 01:39:15,403 [pool-221-thread-1] INFO  server.RaftServerConfigKeys (ConfUtils.java:logGet(44)) - raft.server.log.preallocated.size = 16384 (custom)
2021-12-24 01:39:15,403 [pool-221-thread-1] INFO  server.RaftServerConfigKeys (ConfUtils.java:logGet(44)) - raft.server.log.force.sync.num = 128 (default)
2021-12-24 01:39:15,403 [pool-221-thread-1] INFO  server.RaftServerConfigKeys (ConfUtils.java:logGet(44)) - raft.server.log.statemachine.data.sync = true (default)
2021-12-24 01:39:15,403 [pool-221-thread-1] INFO  server.RaftServerConfigKeys (ConfUtils.java:logGet(44)) - raft.server.log.statemachine.data.sync.timeout = 10s (default)
2021-12-24 01:39:15,403 [pool-221-thread-1] INFO  server.RaftServerConfigKeys (ConfUtils.java:logGet(44)) - raft.server.log.statemachine.data.sync.timeout.retry = -1 (default)
2021-12-24 01:39:15,404 [pool-221-thread-1] INFO  server.RaftServerConfigKeys (ConfUtils.java:logGet(44)) - raft.server.log.write.buffer.size = 1048576 (custom)
2021-12-24 01:39:15,405 [EventQueue-PipelineReportForPipelineReportHandler] INFO  pipeline.PipelineManagerImpl (PipelineManagerImpl.java:openPipeline(291)) - Pipeline Pipeline[ Id: ed9064ed-0bb0-4782-8225-5e4a21277a04, Nodes: 101c5a0a-6a0b-4b69-94db-b1e14f36097a{ip: 10.1.0.29, host: fv-az116-279.vzw04321ajxubdbcnpick5nqva.xx.internal.cloudapp.net, ports: [REPLICATION=33469, RATIS=35977, RATIS_ADMIN=35977, RATIS_SERVER=35977, STANDALONE=40817], networkLocation: /default-rack, certSerialId: null, persistedOpState: IN_SERVICE, persistedOpStateExpiryEpochSec: 0}, ReplicationConfig: RATIS/ONE, State:ALLOCATED, leaderId:101c5a0a-6a0b-4b69-94db-b1e14f36097a, CreationTimestamp2021-12-24T01:39:12.394Z[Etc/UTC]] moved to OPEN state
2021-12-24 01:39:15,406 [EventQueue-OpenPipelineForHealthyPipelineSafeModeRule] INFO  safemode.SCMSafeModeManager (HealthyPipelineSafeModeRule.java:process(124)) - SCM in safe mode. Healthy pipelines reported count is 0, required healthy pipeline reported count is 1
2021-12-24 01:39:15,406 [pool-221-thread-1] INFO  server.RaftServerConfigKeys (ConfUtils.java:logGet(44)) - raft.server.log.statemachine.data.caching.enabled = true (custom)
2021-12-24 01:39:15,422 [pool-221-thread-1] INFO  segmented.SegmentedRaftLogWorker (SegmentedRaftLogWorker.java:lambda$new$0(133)) - 101c5a0a-6a0b-4b69-94db-b1e14f36097a@group-5E4A21277A04-SegmentedRaftLogWorker: flushIndex: setUnconditionally 0 -> -1
2021-12-24 01:39:15,422 [pool-221-thread-1] INFO  segmented.SegmentedRaftLogWorker (SegmentedRaftLogWorker.java:lambda$new$0(133)) - 101c5a0a-6a0b-4b69-94db-b1e14f36097a@group-5E4A21277A04-SegmentedRaftLogWorker: safeCacheEvictIndex: setUnconditionally 0 -> -1
2021-12-24 01:39:15,440 [pool-221-thread-1] INFO  server.RaftServerConfigKeys (ConfUtils.java:logGet(44)) - raft.server.snapshot.auto.trigger.enabled = true (custom)
2021-12-24 01:39:15,440 [pool-221-thread-1] INFO  server.RaftServerConfigKeys (ConfUtils.java:logGet(44)) - raft.server.snapshot.auto.trigger.threshold = 10000 (custom)
2021-12-24 01:39:15,440 [pool-221-thread-1] INFO  server.RaftServerConfigKeys (ConfUtils.java:logGet(44)) - raft.server.snapshot.retention.file.num = 5 (custom)
2021-12-24 01:39:15,440 [pool-221-thread-1] INFO  server.RaftServerConfigKeys (ConfUtils.java:logGet(44)) - raft.server.log.purge.upto.snapshot.index = false (default)
2021-12-24 01:39:15,441 [pool-221-thread-1] INFO  server.RaftServerConfigKeys (ConfUtils.java:logGet(44)) - raft.server.retrycache.expirytime = 600000ms (custom)
2021-12-24 01:39:15,441 [pool-221-thread-1] INFO  server.RaftServerConfigKeys (ConfUtils.java:logGet(44)) - raft.server.retrycache.statistics.expirytime = 100μs (default)
2021-12-24 01:39:15,443 [pool-221-thread-1] INFO  server.RaftServer$Division (RaftServerImpl.java:<init>(184)) - 101c5a0a-6a0b-4b69-94db-b1e14f36097a: new RaftServerImpl for group-BD1077FEF8FB:[101c5a0a-6a0b-4b69-94db-b1e14f36097a|rpc:10.1.0.29:35977|dataStream:|priority:0, a08ebff1-9b45-4323-8dfa-f34875366795|rpc:10.1.0.29:40615|dataStream:|priority:0, 60bff453-db1a-4c7e-8fb6-f4d87589f2a9|rpc:10.1.0.29:39663|dataStream:|priority:1] with ContainerStateMachine:uninitialized
2021-12-24 01:39:15,443 [pool-221-thread-1] INFO  server.RaftServerConfigKeys (ConfUtils.java:logGet(44)) - raft.server.rpc.timeout.min = 5s (custom)
2021-12-24 01:39:15,443 [pool-221-thread-1] INFO  server.RaftServerConfigKeys (ConfUtils.java:logGet(44)) - raft.server.rpc.timeout.max = 5200ms (custom)
2021-12-24 01:39:15,443 [pool-221-thread-1] INFO  server.RaftServerConfigKeys (ConfUtils.java:logGet(44)) - raft.server.rpc.sleep.time = 25ms (default)
2021-12-24 01:39:15,444 [pool-221-thread-1] INFO  server.RaftServerConfigKeys (ConfUtils.java:logGet(44)) - raft.server.rpc.slowness.timeout = 300s (custom)
2021-12-24 01:39:15,444 [pool-221-thread-1] INFO  server.RaftServerConfigKeys (ConfUtils.java:logGet(44)) - raft.server.leaderelection.leader.step-down.wait-time = 10s (default)
2021-12-24 01:39:15,444 [pool-221-thread-1] INFO  server.RaftServerConfigKeys (ConfUtils.java:logGet(44)) - raft.server.sleep.deviation.threshold = 300ms (default)
2021-12-24 01:39:15,444 [pool-221-thread-1] INFO  server.RaftServerConfigKeys (ConfUtils.java:logGet(44)) - raft.server.log.appender.install.snapshot.enabled = false (custom)
2021-12-24 01:39:15,444 [pool-221-thread-1] INFO  server.RaftServer$Division (ServerState.java:<init>(105)) - 101c5a0a-6a0b-4b69-94db-b1e14f36097a@group-BD1077FEF8FB: ConfigurationManager, init=-1: [101c5a0a-6a0b-4b69-94db-b1e14f36097a|rpc:10.1.0.29:35977|dataStream:|priority:0, a08ebff1-9b45-4323-8dfa-f34875366795|rpc:10.1.0.29:40615|dataStream:|priority:0, 60bff453-db1a-4c7e-8fb6-f4d87589f2a9|rpc:10.1.0.29:39663|dataStream:|priority:1], old=null, confs=<EMPTY_MAP>
2021-12-24 01:39:15,444 [pool-221-thread-1] INFO  server.RaftServerConfigKeys (ConfUtils.java:logGet(44)) - raft.server.storage.dir = [/home/runner/work/ozone/ozone/hadoop-ozone/integration-test/target/test-dir/MiniOzoneClusterImpl-457f4e2c-1d7f-4a2a-8b89-0860a01b056d/datanode-1/data/ratis] (custom)
2021-12-24 01:39:15,444 [pool-221-thread-1] INFO  server.RaftServerConfigKeys (ConfUtils.java:logGet(44)) - raft.server.log.corruption.policy = EXCEPTION (default)
2021-12-24 01:39:15,444 [pool-221-thread-1] INFO  server.RaftServerConfigKeys (ConfUtils.java:logGet(44)) - raft.server.storage.free-space.min = 0MB (=0) (default)
2021-12-24 01:39:15,444 [pool-221-thread-1] INFO  storage.RaftStorageDirectory (RaftStorageDirectoryImpl.java:analyzeStorage(135)) - The storage directory /home/runner/work/ozone/ozone/hadoop-ozone/integration-test/target/test-dir/MiniOzoneClusterImpl-457f4e2c-1d7f-4a2a-8b89-0860a01b056d/datanode-1/data/ratis/49c47341-c989-4936-98c9-bd1077fef8fb does not exist. Creating ...
2021-12-24 01:39:15,446 [pool-221-thread-1] INFO  storage.RaftStorageDirectory (RaftStorageDirectoryImpl.java:tryLock(230)) - Lock on /home/runner/work/ozone/ozone/hadoop-ozone/integration-test/target/test-dir/MiniOzoneClusterImpl-457f4e2c-1d7f-4a2a-8b89-0860a01b056d/datanode-1/data/ratis/49c47341-c989-4936-98c9-bd1077fef8fb/in_use.lock acquired by nodename 17223@fv-az116-279
2021-12-24 01:39:15,447 [pool-221-thread-1] INFO  storage.RaftStorage (RaftStorageImpl.java:format(89)) - Storage directory /home/runner/work/ozone/ozone/hadoop-ozone/integration-test/target/test-dir/MiniOzoneClusterImpl-457f4e2c-1d7f-4a2a-8b89-0860a01b056d/datanode-1/data/ratis/49c47341-c989-4936-98c9-bd1077fef8fb has been successfully formatted.
2021-12-24 01:39:15,448 [pool-221-thread-1] INFO  ratis.ContainerStateMachine (ContainerStateMachine.java:loadSnapshot(231)) - group-BD1077FEF8FB: The snapshot info is null. Setting the last applied indexto:(t:0, i:~)
2021-12-24 01:39:15,448 [pool-221-thread-1] INFO  server.RaftServerConfigKeys (ConfUtils.java:logGet(44)) - raft.server.notification.no-leader.timeout = 300s (custom)
2021-12-24 01:39:15,448 [pool-221-thread-1] INFO  server.RaftServerConfigKeys (ConfUtils.java:logGet(44)) - raft.server.log.use.memory = false (default)
2021-12-24 01:39:15,448 [pool-221-thread-1] INFO  server.RaftServerConfigKeys (ConfUtils.java:logGet(44)) - raft.server.log.purge.gap = 1000000 (custom)
2021-12-24 01:39:15,448 [pool-221-thread-1] INFO  server.RaftServerConfigKeys (ConfUtils.java:logGet(44)) - raft.server.log.appender.buffer.byte-limit = 33554432 (custom)
2021-12-24 01:39:15,448 [pool-221-thread-1] INFO  server.RaftServerConfigKeys (ConfUtils.java:logGet(44)) - raft.server.log.segment.size.max = 1048576 (custom)
2021-12-24 01:39:15,449 [pool-221-thread-1] INFO  server.RaftServerConfigKeys (ConfUtils.java:logGet(44)) - raft.server.log.segment.cache.num.max = 2 (custom)
2021-12-24 01:39:15,449 [pool-221-thread-1] INFO  server.RaftServerConfigKeys (ConfUtils.java:logGet(44)) - raft.server.log.segment.cache.size.max = 200MB (=209715200) (default)
2021-12-24 01:39:15,449 [pool-221-thread-1] INFO  segmented.SegmentedRaftLogWorker (SegmentedRaftLogWorker.java:<init>(182)) - new 101c5a0a-6a0b-4b69-94db-b1e14f36097a@group-BD1077FEF8FB-SegmentedRaftLogWorker for RaftStorageImpl:Storage Directory /home/runner/work/ozone/ozone/hadoop-ozone/integration-test/target/test-dir/MiniOzoneClusterImpl-457f4e2c-1d7f-4a2a-8b89-0860a01b056d/datanode-1/data/ratis/49c47341-c989-4936-98c9-bd1077fef8fb
2021-12-24 01:39:15,449 [pool-221-thread-1] INFO  server.RaftServerConfigKeys (ConfUtils.java:logGet(44)) - raft.server.log.queue.byte-limit = 2147483647 (custom)
2021-12-24 01:39:15,449 [pool-221-thread-1] INFO  server.RaftServerConfigKeys (ConfUtils.java:logGet(44)) - raft.server.log.queue.element-limit = 1024 (custom)
2021-12-24 01:39:15,449 [pool-221-thread-1] INFO  server.RaftServerConfigKeys (ConfUtils.java:logGet(44)) - raft.server.log.segment.size.max = 1048576 (custom)
2021-12-24 01:39:15,449 [pool-221-thread-1] INFO  server.RaftServerConfigKeys (ConfUtils.java:logGet(44)) - raft.server.log.preallocated.size = 16384 (custom)
2021-12-24 01:39:15,449 [pool-221-thread-1] INFO  server.RaftServerConfigKeys (ConfUtils.java:logGet(44)) - raft.server.log.force.sync.num = 128 (default)
2021-12-24 01:39:15,449 [pool-221-thread-1] INFO  server.RaftServerConfigKeys (ConfUtils.java:logGet(44)) - raft.server.log.statemachine.data.sync = true (default)
2021-12-24 01:39:15,450 [pool-221-thread-1] INFO  server.RaftServerConfigKeys (ConfUtils.java:logGet(44)) - raft.server.log.statemachine.data.sync.timeout = 10s (default)
2021-12-24 01:39:15,450 [pool-221-thread-1] INFO  server.RaftServerConfigKeys (ConfUtils.java:logGet(44)) - raft.server.log.statemachine.data.sync.timeout.retry = -1 (default)
2021-12-24 01:39:15,451 [EventQueue-OpenPipelineForHealthyPipelineSafeModeRule] INFO  safemode.SCMSafeModeManager (HealthyPipelineSafeModeRule.java:process(124)) - SCM in safe mode. Healthy pipelines reported count is 0, required healthy pipeline reported count is 1
2021-12-24 01:39:15,451 [pool-221-thread-1] INFO  server.RaftServerConfigKeys (ConfUtils.java:logGet(44)) - raft.server.log.write.buffer.size = 1048576 (custom)
2021-12-24 01:39:15,452 [pool-221-thread-1] INFO  server.RaftServerConfigKeys (ConfUtils.java:logGet(44)) - raft.server.log.statemachine.data.caching.enabled = true (custom)
2021-12-24 01:39:15,452 [pool-221-thread-1] INFO  segmented.SegmentedRaftLogWorker (SegmentedRaftLogWorker.java:lambda$new$0(133)) - 101c5a0a-6a0b-4b69-94db-b1e14f36097a@group-BD1077FEF8FB-SegmentedRaftLogWorker: flushIndex: setUnconditionally 0 -> -1
2021-12-24 01:39:15,452 [pool-221-thread-1] INFO  segmented.SegmentedRaftLogWorker (SegmentedRaftLogWorker.java:lambda$new$0(133)) - 101c5a0a-6a0b-4b69-94db-b1e14f36097a@group-BD1077FEF8FB-SegmentedRaftLogWorker: safeCacheEvictIndex: setUnconditionally 0 -> -1
2021-12-24 01:39:15,466 [pool-221-thread-1] INFO  server.RaftServerConfigKeys (ConfUtils.java:logGet(44)) - raft.server.snapshot.auto.trigger.enabled = true (custom)
2021-12-24 01:39:15,466 [pool-221-thread-1] INFO  server.RaftServerConfigKeys (ConfUtils.java:logGet(44)) - raft.server.snapshot.auto.trigger.threshold = 10000 (custom)
2021-12-24 01:39:15,466 [pool-221-thread-1] INFO  server.RaftServerConfigKeys (ConfUtils.java:logGet(44)) - raft.server.snapshot.retention.file.num = 5 (custom)
2021-12-24 01:39:15,466 [pool-221-thread-1] INFO  server.RaftServerConfigKeys (ConfUtils.java:logGet(44)) - raft.server.log.purge.upto.snapshot.index = false (default)
2021-12-24 01:39:15,466 [pool-221-thread-1] INFO  server.RaftServerConfigKeys (ConfUtils.java:logGet(44)) - raft.server.retrycache.expirytime = 600000ms (custom)
2021-12-24 01:39:15,466 [pool-221-thread-1] INFO  server.RaftServerConfigKeys (ConfUtils.java:logGet(44)) - raft.server.retrycache.statistics.expirytime = 100μs (default)
2021-12-24 01:39:15,467 [pool-221-thread-1] INFO  server.RaftServer$Division (RaftServerImpl.java:start(301)) - 101c5a0a-6a0b-4b69-94db-b1e14f36097a@group-5E4A21277A04: start as a follower, conf=-1: [101c5a0a-6a0b-4b69-94db-b1e14f36097a|rpc:10.1.0.29:35977|priority:1], old=null
2021-12-24 01:39:15,467 [pool-221-thread-1] INFO  server.RaftServer$Division (RaftServerImpl.java:setRole(290)) - 101c5a0a-6a0b-4b69-94db-b1e14f36097a@group-5E4A21277A04: changes role from      null to FOLLOWER at term 0 for startAsFollower
2021-12-24 01:39:15,467 [pool-221-thread-1] INFO  impl.RoleInfo (RoleInfo.java:updateAndGet(130)) - 101c5a0a-6a0b-4b69-94db-b1e14f36097a: start 101c5a0a-6a0b-4b69-94db-b1e14f36097a@group-5E4A21277A04-FollowerState
2021-12-24 01:39:15,478 [pool-221-thread-1] INFO  util.JmxRegister (JmxRegister.java:tryRegister(44)) - Successfully registered JMX Bean with object name Ratis:service=RaftServer,group=group-5E4A21277A04,id=101c5a0a-6a0b-4b69-94db-b1e14f36097a
2021-12-24 01:39:15,486 [pool-221-thread-1] INFO  server.RaftServer$Division (RaftServerImpl.java:start(301)) - 101c5a0a-6a0b-4b69-94db-b1e14f36097a@group-BD1077FEF8FB: start as a follower, conf=-1: [101c5a0a-6a0b-4b69-94db-b1e14f36097a|rpc:10.1.0.29:35977|dataStream:|priority:0, a08ebff1-9b45-4323-8dfa-f34875366795|rpc:10.1.0.29:40615|dataStream:|priority:0, 60bff453-db1a-4c7e-8fb6-f4d87589f2a9|rpc:10.1.0.29:39663|dataStream:|priority:1], old=null
2021-12-24 01:39:15,486 [pool-221-thread-1] INFO  server.RaftServer$Division (RaftServerImpl.java:setRole(290)) - 101c5a0a-6a0b-4b69-94db-b1e14f36097a@group-BD1077FEF8FB: changes role from      null to FOLLOWER at term 0 for startAsFollower
2021-12-24 01:39:15,486 [pool-221-thread-1] INFO  impl.RoleInfo (RoleInfo.java:updateAndGet(130)) - 101c5a0a-6a0b-4b69-94db-b1e14f36097a: start 101c5a0a-6a0b-4b69-94db-b1e14f36097a@group-BD1077FEF8FB-FollowerState
2021-12-24 01:39:15,486 [Command processor thread] INFO  ratis.XceiverServerRatis (XceiverServerRatis.java:addGroup(768)) - Created group PipelineID=ed9064ed-0bb0-4782-8225-5e4a21277a04
2021-12-24 01:39:15,486 [Command processor thread] INFO  commandhandler.CreatePipelineCommandHandler (CreatePipelineCommandHandler.java:handle(106)) - Created Pipeline RATIS ONE PipelineID=ed9064ed-0bb0-4782-8225-5e4a21277a04.
2021-12-24 01:39:15,494 [pool-221-thread-1] INFO  util.JmxRegister (JmxRegister.java:tryRegister(44)) - Successfully registered JMX Bean with object name Ratis:service=RaftServer,group=group-BD1077FEF8FB,id=101c5a0a-6a0b-4b69-94db-b1e14f36097a
2021-12-24 01:39:15,574 [grpc-default-executor-0] INFO  server.RaftServer (RaftServerProxy.java:addNew(95)) - 60bff453-db1a-4c7e-8fb6-f4d87589f2a9: addNew group-BD1077FEF8FB:[101c5a0a-6a0b-4b69-94db-b1e14f36097a|rpc:10.1.0.29:35977|dataStream:|priority:0, a08ebff1-9b45-4323-8dfa-f34875366795|rpc:10.1.0.29:40615|dataStream:|priority:0, 60bff453-db1a-4c7e-8fb6-f4d87589f2a9|rpc:10.1.0.29:39663|dataStream:|priority:1] returns group-BD1077FEF8FB:java.util.concurrent.CompletableFuture@221bb303[Not completed]
2021-12-24 01:39:15,576 [pool-242-thread-1] INFO  server.RaftServer$Division (RaftServerImpl.java:<init>(184)) - 60bff453-db1a-4c7e-8fb6-f4d87589f2a9: new RaftServerImpl for group-BD1077FEF8FB:[101c5a0a-6a0b-4b69-94db-b1e14f36097a|rpc:10.1.0.29:35977|dataStream:|priority:0, a08ebff1-9b45-4323-8dfa-f34875366795|rpc:10.1.0.29:40615|dataStream:|priority:0, 60bff453-db1a-4c7e-8fb6-f4d87589f2a9|rpc:10.1.0.29:39663|dataStream:|priority:1] with ContainerStateMachine:uninitialized
2021-12-24 01:39:15,576 [pool-242-thread-1] INFO  server.RaftServerConfigKeys (ConfUtils.java:logGet(44)) - raft.server.rpc.timeout.min = 5s (custom)
2021-12-24 01:39:15,576 [pool-242-thread-1] INFO  server.RaftServerConfigKeys (ConfUtils.java:logGet(44)) - raft.server.rpc.timeout.max = 5200ms (custom)
2021-12-24 01:39:15,576 [pool-242-thread-1] INFO  server.RaftServerConfigKeys (ConfUtils.java:logGet(44)) - raft.server.rpc.sleep.time = 25ms (default)
2021-12-24 01:39:15,576 [pool-242-thread-1] INFO  server.RaftServerConfigKeys (ConfUtils.java:logGet(44)) - raft.server.rpc.slowness.timeout = 300s (custom)
2021-12-24 01:39:15,576 [pool-242-thread-1] INFO  server.RaftServerConfigKeys (ConfUtils.java:logGet(44)) - raft.server.leaderelection.leader.step-down.wait-time = 10s (default)
2021-12-24 01:39:15,577 [pool-242-thread-1] INFO  server.RaftServerConfigKeys (ConfUtils.java:logGet(44)) - raft.server.sleep.deviation.threshold = 300ms (default)
2021-12-24 01:39:15,577 [pool-242-thread-1] INFO  server.RaftServerConfigKeys (ConfUtils.java:logGet(44)) - raft.server.log.appender.install.snapshot.enabled = false (custom)
2021-12-24 01:39:15,577 [pool-242-thread-1] INFO  server.RaftServer$Division (ServerState.java:<init>(105)) - 60bff453-db1a-4c7e-8fb6-f4d87589f2a9@group-BD1077FEF8FB: ConfigurationManager, init=-1: [101c5a0a-6a0b-4b69-94db-b1e14f36097a|rpc:10.1.0.29:35977|dataStream:|priority:0, a08ebff1-9b45-4323-8dfa-f34875366795|rpc:10.1.0.29:40615|dataStream:|priority:0, 60bff453-db1a-4c7e-8fb6-f4d87589f2a9|rpc:10.1.0.29:39663|dataStream:|priority:1], old=null, confs=<EMPTY_MAP>
2021-12-24 01:39:15,577 [pool-242-thread-1] INFO  server.RaftServerConfigKeys (ConfUtils.java:logGet(44)) - raft.server.storage.dir = [/home/runner/work/ozone/ozone/hadoop-ozone/integration-test/target/test-dir/MiniOzoneClusterImpl-457f4e2c-1d7f-4a2a-8b89-0860a01b056d/datanode-2/data/ratis] (custom)
2021-12-24 01:39:15,577 [pool-242-thread-1] INFO  server.RaftServerConfigKeys (ConfUtils.java:logGet(44)) - raft.server.log.corruption.policy = EXCEPTION (default)
2021-12-24 01:39:15,577 [pool-242-thread-1] INFO  server.RaftServerConfigKeys (ConfUtils.java:logGet(44)) - raft.server.storage.free-space.min = 0MB (=0) (default)
2021-12-24 01:39:15,577 [pool-242-thread-1] INFO  storage.RaftStorageDirectory (RaftStorageDirectoryImpl.java:analyzeStorage(135)) - The storage directory /home/runner/work/ozone/ozone/hadoop-ozone/integration-test/target/test-dir/MiniOzoneClusterImpl-457f4e2c-1d7f-4a2a-8b89-0860a01b056d/datanode-2/data/ratis/49c47341-c989-4936-98c9-bd1077fef8fb does not exist. Creating ...
2021-12-24 01:39:15,581 [pool-242-thread-1] INFO  storage.RaftStorageDirectory (RaftStorageDirectoryImpl.java:tryLock(230)) - Lock on /home/runner/work/ozone/ozone/hadoop-ozone/integration-test/target/test-dir/MiniOzoneClusterImpl-457f4e2c-1d7f-4a2a-8b89-0860a01b056d/datanode-2/data/ratis/49c47341-c989-4936-98c9-bd1077fef8fb/in_use.lock acquired by nodename 17223@fv-az116-279
2021-12-24 01:39:15,593 [pool-242-thread-1] INFO  storage.RaftStorage (RaftStorageImpl.java:format(89)) - Storage directory /home/runner/work/ozone/ozone/hadoop-ozone/integration-test/target/test-dir/MiniOzoneClusterImpl-457f4e2c-1d7f-4a2a-8b89-0860a01b056d/datanode-2/data/ratis/49c47341-c989-4936-98c9-bd1077fef8fb has been successfully formatted.
2021-12-24 01:39:15,594 [pool-242-thread-1] INFO  ratis.ContainerStateMachine (ContainerStateMachine.java:loadSnapshot(231)) - group-BD1077FEF8FB: The snapshot info is null. Setting the last applied indexto:(t:0, i:~)
2021-12-24 01:39:15,595 [pool-242-thread-1] INFO  server.RaftServerConfigKeys (ConfUtils.java:logGet(44)) - raft.server.notification.no-leader.timeout = 300s (custom)
2021-12-24 01:39:15,595 [pool-242-thread-1] INFO  server.RaftServerConfigKeys (ConfUtils.java:logGet(44)) - raft.server.log.use.memory = false (default)
2021-12-24 01:39:15,595 [pool-242-thread-1] INFO  server.RaftServerConfigKeys (ConfUtils.java:logGet(44)) - raft.server.log.purge.gap = 1000000 (custom)
2021-12-24 01:39:15,596 [pool-242-thread-1] INFO  server.RaftServerConfigKeys (ConfUtils.java:logGet(44)) - raft.server.log.appender.buffer.byte-limit = 33554432 (custom)
2021-12-24 01:39:15,596 [pool-242-thread-1] INFO  server.RaftServerConfigKeys (ConfUtils.java:logGet(44)) - raft.server.log.segment.size.max = 1048576 (custom)
2021-12-24 01:39:15,596 [pool-242-thread-1] INFO  server.RaftServerConfigKeys (ConfUtils.java:logGet(44)) - raft.server.log.segment.cache.num.max = 2 (custom)
2021-12-24 01:39:15,597 [pool-242-thread-1] INFO  server.RaftServerConfigKeys (ConfUtils.java:logGet(44)) - raft.server.log.segment.cache.size.max = 200MB (=209715200) (default)
2021-12-24 01:39:15,597 [pool-242-thread-1] INFO  segmented.SegmentedRaftLogWorker (SegmentedRaftLogWorker.java:<init>(182)) - new 60bff453-db1a-4c7e-8fb6-f4d87589f2a9@group-BD1077FEF8FB-SegmentedRaftLogWorker for RaftStorageImpl:Storage Directory /home/runner/work/ozone/ozone/hadoop-ozone/integration-test/target/test-dir/MiniOzoneClusterImpl-457f4e2c-1d7f-4a2a-8b89-0860a01b056d/datanode-2/data/ratis/49c47341-c989-4936-98c9-bd1077fef8fb
2021-12-24 01:39:15,597 [pool-242-thread-1] INFO  server.RaftServerConfigKeys (ConfUtils.java:logGet(44)) - raft.server.log.queue.byte-limit = 2147483647 (custom)
2021-12-24 01:39:15,601 [pool-242-thread-1] INFO  server.RaftServerConfigKeys (ConfUtils.java:logGet(44)) - raft.server.log.queue.element-limit = 1024 (custom)
2021-12-24 01:39:15,602 [pool-242-thread-1] INFO  server.RaftServerConfigKeys (ConfUtils.java:logGet(44)) - raft.server.log.segment.size.max = 1048576 (custom)
2021-12-24 01:39:15,602 [pool-242-thread-1] INFO  server.RaftServerConfigKeys (ConfUtils.java:logGet(44)) - raft.server.log.preallocated.size = 16384 (custom)
2021-12-24 01:39:15,602 [pool-242-thread-1] INFO  server.RaftServerConfigKeys (ConfUtils.java:logGet(44)) - raft.server.log.force.sync.num = 128 (default)
2021-12-24 01:39:15,602 [pool-242-thread-1] INFO  server.RaftServerConfigKeys (ConfUtils.java:logGet(44)) - raft.server.log.statemachine.data.sync = true (default)
2021-12-24 01:39:15,602 [pool-242-thread-1] INFO  server.RaftServerConfigKeys (ConfUtils.java:logGet(44)) - raft.server.log.statemachine.data.sync.timeout = 10s (default)
2021-12-24 01:39:15,602 [pool-242-thread-1] INFO  server.RaftServerConfigKeys (ConfUtils.java:logGet(44)) - raft.server.log.statemachine.data.sync.timeout.retry = -1 (default)
2021-12-24 01:39:15,610 [pool-242-thread-1] INFO  server.RaftServerConfigKeys (ConfUtils.java:logGet(44)) - raft.server.log.write.buffer.size = 1048576 (custom)
2021-12-24 01:39:15,610 [pool-242-thread-1] INFO  server.RaftServerConfigKeys (ConfUtils.java:logGet(44)) - raft.server.log.statemachine.data.caching.enabled = true (custom)
2021-12-24 01:39:15,611 [pool-242-thread-1] INFO  segmented.SegmentedRaftLogWorker (SegmentedRaftLogWorker.java:lambda$new$0(133)) - 60bff453-db1a-4c7e-8fb6-f4d87589f2a9@group-BD1077FEF8FB-SegmentedRaftLogWorker: flushIndex: setUnconditionally 0 -> -1
2021-12-24 01:39:15,611 [pool-242-thread-1] INFO  segmented.SegmentedRaftLogWorker (SegmentedRaftLogWorker.java:lambda$new$0(133)) - 60bff453-db1a-4c7e-8fb6-f4d87589f2a9@group-BD1077FEF8FB-SegmentedRaftLogWorker: safeCacheEvictIndex: setUnconditionally 0 -> -1
2021-12-24 01:39:15,611 [pool-242-thread-1] INFO  server.RaftServerConfigKeys (ConfUtils.java:logGet(44)) - raft.server.snapshot.auto.trigger.enabled = true (custom)
2021-12-24 01:39:15,611 [pool-242-thread-1] INFO  server.RaftServerConfigKeys (ConfUtils.java:logGet(44)) - raft.server.snapshot.auto.trigger.threshold = 10000 (custom)
2021-12-24 01:39:15,611 [pool-242-thread-1] INFO  server.RaftServerConfigKeys (ConfUtils.java:logGet(44)) - raft.server.snapshot.retention.file.num = 5 (custom)
2021-12-24 01:39:15,611 [pool-242-thread-1] INFO  server.RaftServerConfigKeys (ConfUtils.java:logGet(44)) - raft.server.log.purge.upto.snapshot.index = false (default)
2021-12-24 01:39:15,612 [pool-242-thread-1] INFO  server.RaftServerConfigKeys (ConfUtils.java:logGet(44)) - raft.server.retrycache.expirytime = 600000ms (custom)
2021-12-24 01:39:15,612 [pool-242-thread-1] INFO  server.RaftServerConfigKeys (ConfUtils.java:logGet(44)) - raft.server.retrycache.statistics.expirytime = 100μs (default)
2021-12-24 01:39:15,613 [pool-242-thread-1] INFO  server.RaftServer$Division (RaftServerImpl.java:start(301)) - 60bff453-db1a-4c7e-8fb6-f4d87589f2a9@group-BD1077FEF8FB: start as a follower, conf=-1: [101c5a0a-6a0b-4b69-94db-b1e14f36097a|rpc:10.1.0.29:35977|dataStream:|priority:0, a08ebff1-9b45-4323-8dfa-f34875366795|rpc:10.1.0.29:40615|dataStream:|priority:0, 60bff453-db1a-4c7e-8fb6-f4d87589f2a9|rpc:10.1.0.29:39663|dataStream:|priority:1], old=null
2021-12-24 01:39:15,613 [pool-242-thread-1] INFO  server.RaftServer$Division (RaftServerImpl.java:setRole(290)) - 60bff453-db1a-4c7e-8fb6-f4d87589f2a9@group-BD1077FEF8FB: changes role from      null to FOLLOWER at term 0 for startAsFollower
2021-12-24 01:39:15,613 [pool-242-thread-1] INFO  impl.RoleInfo (RoleInfo.java:updateAndGet(130)) - 60bff453-db1a-4c7e-8fb6-f4d87589f2a9: start 60bff453-db1a-4c7e-8fb6-f4d87589f2a9@group-BD1077FEF8FB-FollowerState
2021-12-24 01:39:15,614 [pool-242-thread-1] INFO  util.JmxRegister (JmxRegister.java:tryRegister(44)) - Successfully registered JMX Bean with object name Ratis:service=RaftServer,group=group-BD1077FEF8FB,id=60bff453-db1a-4c7e-8fb6-f4d87589f2a9
2021-12-24 01:39:15,646 [Command processor thread] INFO  commandhandler.CreatePipelineCommandHandler (CreatePipelineCommandHandler.java:handle(106)) - Created Pipeline RATIS THREE PipelineID=49c47341-c989-4936-98c9-bd1077fef8fb.
2021-12-24 01:39:15,843 [Listener at 127.0.0.1/39723] INFO  ozone.MiniOzoneClusterImpl (MiniOzoneClusterImpl.java:lambda$waitForClusterToBeReady$0(235)) - Nodes are ready. Got 3 of 3 DN Heartbeats.
2021-12-24 01:39:15,843 [Listener at 127.0.0.1/39723] INFO  ozone.MiniOzoneClusterImpl (MiniOzoneClusterImpl.java:lambda$waitForClusterToBeReady$0(238)) - Waiting for cluster to exit safe mode
2021-12-24 01:39:15,843 [Listener at 127.0.0.1/39723] INFO  ozone.MiniOzoneClusterImpl (MiniOzoneClusterImpl.java:lambda$waitForClusterToBeReady$0(240)) - SCM became leader
2021-12-24 01:39:15,878 [Command processor thread] INFO  server.RaftServer (RaftServerProxy.java:addNew(95)) - 60bff453-db1a-4c7e-8fb6-f4d87589f2a9: addNew group-403B9D9EF502:[60bff453-db1a-4c7e-8fb6-f4d87589f2a9|rpc:10.1.0.29:39663|priority:1] returns group-403B9D9EF502:java.util.concurrent.CompletableFuture@79a9e09b[Not completed]
2021-12-24 01:39:15,880 [pool-242-thread-1] INFO  server.RaftServer$Division (RaftServerImpl.java:<init>(184)) - 60bff453-db1a-4c7e-8fb6-f4d87589f2a9: new RaftServerImpl for group-403B9D9EF502:[60bff453-db1a-4c7e-8fb6-f4d87589f2a9|rpc:10.1.0.29:39663|priority:1] with ContainerStateMachine:uninitialized
2021-12-24 01:39:15,880 [pool-242-thread-1] INFO  server.RaftServerConfigKeys (ConfUtils.java:logGet(44)) - raft.server.rpc.timeout.min = 5s (custom)
2021-12-24 01:39:15,880 [pool-242-thread-1] INFO  server.RaftServerConfigKeys (ConfUtils.java:logGet(44)) - raft.server.rpc.timeout.max = 5200ms (custom)
2021-12-24 01:39:15,880 [pool-242-thread-1] INFO  server.RaftServerConfigKeys (ConfUtils.java:logGet(44)) - raft.server.rpc.sleep.time = 25ms (default)
2021-12-24 01:39:15,880 [pool-242-thread-1] INFO  server.RaftServerConfigKeys (ConfUtils.java:logGet(44)) - raft.server.rpc.slowness.timeout = 300s (custom)
2021-12-24 01:39:15,880 [pool-242-thread-1] INFO  server.RaftServerConfigKeys (ConfUtils.java:logGet(44)) - raft.server.leaderelection.leader.step-down.wait-time = 10s (default)
2021-12-24 01:39:15,880 [pool-242-thread-1] INFO  server.RaftServerConfigKeys (ConfUtils.java:logGet(44)) - raft.server.sleep.deviation.threshold = 300ms (default)
2021-12-24 01:39:15,880 [pool-242-thread-1] INFO  server.RaftServerConfigKeys (ConfUtils.java:logGet(44)) - raft.server.log.appender.install.snapshot.enabled = false (custom)
2021-12-24 01:39:15,880 [pool-242-thread-1] INFO  server.RaftServer$Division (ServerState.java:<init>(105)) - 60bff453-db1a-4c7e-8fb6-f4d87589f2a9@group-403B9D9EF502: ConfigurationManager, init=-1: [60bff453-db1a-4c7e-8fb6-f4d87589f2a9|rpc:10.1.0.29:39663|priority:1], old=null, confs=<EMPTY_MAP>
2021-12-24 01:39:15,880 [pool-242-thread-1] INFO  server.RaftServerConfigKeys (ConfUtils.java:logGet(44)) - raft.server.storage.dir = [/home/runner/work/ozone/ozone/hadoop-ozone/integration-test/target/test-dir/MiniOzoneClusterImpl-457f4e2c-1d7f-4a2a-8b89-0860a01b056d/datanode-2/data/ratis] (custom)
2021-12-24 01:39:15,881 [pool-242-thread-1] INFO  server.RaftServerConfigKeys (ConfUtils.java:logGet(44)) - raft.server.log.corruption.policy = EXCEPTION (default)
2021-12-24 01:39:15,881 [pool-242-thread-1] INFO  server.RaftServerConfigKeys (ConfUtils.java:logGet(44)) - raft.server.storage.free-space.min = 0MB (=0) (default)
2021-12-24 01:39:15,881 [pool-242-thread-1] INFO  storage.RaftStorageDirectory (RaftStorageDirectoryImpl.java:analyzeStorage(135)) - The storage directory /home/runner/work/ozone/ozone/hadoop-ozone/integration-test/target/test-dir/MiniOzoneClusterImpl-457f4e2c-1d7f-4a2a-8b89-0860a01b056d/datanode-2/data/ratis/8719df66-e711-4f55-8344-403b9d9ef502 does not exist. Creating ...
2021-12-24 01:39:15,884 [pool-242-thread-1] INFO  storage.RaftStorageDirectory (RaftStorageDirectoryImpl.java:tryLock(230)) - Lock on /home/runner/work/ozone/ozone/hadoop-ozone/integration-test/target/test-dir/MiniOzoneClusterImpl-457f4e2c-1d7f-4a2a-8b89-0860a01b056d/datanode-2/data/ratis/8719df66-e711-4f55-8344-403b9d9ef502/in_use.lock acquired by nodename 17223@fv-az116-279
2021-12-24 01:39:15,886 [pool-242-thread-1] INFO  storage.RaftStorage (RaftStorageImpl.java:format(89)) - Storage directory /home/runner/work/ozone/ozone/hadoop-ozone/integration-test/target/test-dir/MiniOzoneClusterImpl-457f4e2c-1d7f-4a2a-8b89-0860a01b056d/datanode-2/data/ratis/8719df66-e711-4f55-8344-403b9d9ef502 has been successfully formatted.
2021-12-24 01:39:15,886 [pool-242-thread-1] INFO  ratis.ContainerStateMachine (ContainerStateMachine.java:loadSnapshot(231)) - group-403B9D9EF502: The snapshot info is null. Setting the last applied indexto:(t:0, i:~)
2021-12-24 01:39:15,886 [pool-242-thread-1] INFO  server.RaftServerConfigKeys (ConfUtils.java:logGet(44)) - raft.server.notification.no-leader.timeout = 300s (custom)
2021-12-24 01:39:15,886 [pool-242-thread-1] INFO  server.RaftServerConfigKeys (ConfUtils.java:logGet(44)) - raft.server.log.use.memory = false (default)
2021-12-24 01:39:15,887 [pool-242-thread-1] INFO  server.RaftServerConfigKeys (ConfUtils.java:logGet(44)) - raft.server.log.purge.gap = 1000000 (custom)
2021-12-24 01:39:15,887 [pool-242-thread-1] INFO  server.RaftServerConfigKeys (ConfUtils.java:logGet(44)) - raft.server.log.appender.buffer.byte-limit = 33554432 (custom)
2021-12-24 01:39:15,887 [pool-242-thread-1] INFO  server.RaftServerConfigKeys (ConfUtils.java:logGet(44)) - raft.server.log.segment.size.max = 1048576 (custom)
2021-12-24 01:39:15,887 [pool-242-thread-1] INFO  server.RaftServerConfigKeys (ConfUtils.java:logGet(44)) - raft.server.log.segment.cache.num.max = 2 (custom)
2021-12-24 01:39:15,888 [pool-242-thread-1] INFO  server.RaftServerConfigKeys (ConfUtils.java:logGet(44)) - raft.server.log.segment.cache.size.max = 200MB (=209715200) (default)
2021-12-24 01:39:15,888 [pool-242-thread-1] INFO  segmented.SegmentedRaftLogWorker (SegmentedRaftLogWorker.java:<init>(182)) - new 60bff453-db1a-4c7e-8fb6-f4d87589f2a9@group-403B9D9EF502-SegmentedRaftLogWorker for RaftStorageImpl:Storage Directory /home/runner/work/ozone/ozone/hadoop-ozone/integration-test/target/test-dir/MiniOzoneClusterImpl-457f4e2c-1d7f-4a2a-8b89-0860a01b056d/datanode-2/data/ratis/8719df66-e711-4f55-8344-403b9d9ef502
2021-12-24 01:39:15,888 [pool-242-thread-1] INFO  server.RaftServerConfigKeys (ConfUtils.java:logGet(44)) - raft.server.log.queue.byte-limit = 2147483647 (custom)
2021-12-24 01:39:15,888 [pool-242-thread-1] INFO  server.RaftServerConfigKeys (ConfUtils.java:logGet(44)) - raft.server.log.queue.element-limit = 1024 (custom)
2021-12-24 01:39:15,888 [pool-242-thread-1] INFO  server.RaftServerConfigKeys (ConfUtils.java:logGet(44)) - raft.server.log.segment.size.max = 1048576 (custom)
2021-12-24 01:39:15,888 [pool-242-thread-1] INFO  server.RaftServerConfigKeys (ConfUtils.java:logGet(44)) - raft.server.log.preallocated.size = 16384 (custom)
2021-12-24 01:39:15,888 [pool-242-thread-1] INFO  server.RaftServerConfigKeys (ConfUtils.java:logGet(44)) - raft.server.log.force.sync.num = 128 (default)
2021-12-24 01:39:15,888 [pool-242-thread-1] INFO  server.RaftServerConfigKeys (ConfUtils.java:logGet(44)) - raft.server.log.statemachine.data.sync = true (default)
2021-12-24 01:39:15,888 [pool-242-thread-1] INFO  server.RaftServerConfigKeys (ConfUtils.java:logGet(44)) - raft.server.log.statemachine.data.sync.timeout = 10s (default)
2021-12-24 01:39:15,888 [pool-242-thread-1] INFO  server.RaftServerConfigKeys (ConfUtils.java:logGet(44)) - raft.server.log.statemachine.data.sync.timeout.retry = -1 (default)
2021-12-24 01:39:15,889 [pool-242-thread-1] INFO  server.RaftServerConfigKeys (ConfUtils.java:logGet(44)) - raft.server.log.write.buffer.size = 1048576 (custom)
2021-12-24 01:39:15,892 [EventQueue-PipelineReportForPipelineReportHandler] INFO  pipeline.PipelineManagerImpl (PipelineManagerImpl.java:openPipeline(291)) - Pipeline Pipeline[ Id: 8719df66-e711-4f55-8344-403b9d9ef502, Nodes: 60bff453-db1a-4c7e-8fb6-f4d87589f2a9{ip: 10.1.0.29, host: fv-az116-279.vzw04321ajxubdbcnpick5nqva.xx.internal.cloudapp.net, ports: [REPLICATION=38741, RATIS=39663, RATIS_ADMIN=39663, RATIS_SERVER=39663, STANDALONE=33729], networkLocation: /default-rack, certSerialId: null, persistedOpState: IN_SERVICE, persistedOpStateExpiryEpochSec: 0}, ReplicationConfig: RATIS/ONE, State:ALLOCATED, leaderId:60bff453-db1a-4c7e-8fb6-f4d87589f2a9, CreationTimestamp2021-12-24T01:39:12.884Z[Etc/UTC]] moved to OPEN state
2021-12-24 01:39:15,892 [EventQueue-OpenPipelineForHealthyPipelineSafeModeRule] INFO  safemode.SCMSafeModeManager (HealthyPipelineSafeModeRule.java:process(124)) - SCM in safe mode. Healthy pipelines reported count is 0, required healthy pipeline reported count is 1
2021-12-24 01:39:15,899 [pool-242-thread-1] INFO  server.RaftServerConfigKeys (ConfUtils.java:logGet(44)) - raft.server.log.statemachine.data.caching.enabled = true (custom)
2021-12-24 01:39:15,910 [pool-242-thread-1] INFO  segmented.SegmentedRaftLogWorker (SegmentedRaftLogWorker.java:lambda$new$0(133)) - 60bff453-db1a-4c7e-8fb6-f4d87589f2a9@group-403B9D9EF502-SegmentedRaftLogWorker: flushIndex: setUnconditionally 0 -> -1
2021-12-24 01:39:15,910 [pool-242-thread-1] INFO  segmented.SegmentedRaftLogWorker (SegmentedRaftLogWorker.java:lambda$new$0(133)) - 60bff453-db1a-4c7e-8fb6-f4d87589f2a9@group-403B9D9EF502-SegmentedRaftLogWorker: safeCacheEvictIndex: setUnconditionally 0 -> -1
2021-12-24 01:39:15,911 [pool-242-thread-1] INFO  server.RaftServerConfigKeys (ConfUtils.java:logGet(44)) - raft.server.snapshot.auto.trigger.enabled = true (custom)
2021-12-24 01:39:15,911 [pool-242-thread-1] INFO  server.RaftServerConfigKeys (ConfUtils.java:logGet(44)) - raft.server.snapshot.auto.trigger.threshold = 10000 (custom)
2021-12-24 01:39:15,911 [pool-242-thread-1] INFO  server.RaftServerConfigKeys (ConfUtils.java:logGet(44)) - raft.server.snapshot.retention.file.num = 5 (custom)
2021-12-24 01:39:15,911 [pool-242-thread-1] INFO  server.RaftServerConfigKeys (ConfUtils.java:logGet(44)) - raft.server.log.purge.upto.snapshot.index = false (default)
2021-12-24 01:39:15,911 [pool-242-thread-1] INFO  server.RaftServerConfigKeys (ConfUtils.java:logGet(44)) - raft.server.retrycache.expirytime = 600000ms (custom)
2021-12-24 01:39:15,911 [pool-242-thread-1] INFO  server.RaftServerConfigKeys (ConfUtils.java:logGet(44)) - raft.server.retrycache.statistics.expirytime = 100μs (default)
2021-12-24 01:39:15,912 [pool-242-thread-1] INFO  server.RaftServer$Division (RaftServerImpl.java:start(301)) - 60bff453-db1a-4c7e-8fb6-f4d87589f2a9@group-403B9D9EF502: start as a follower, conf=-1: [60bff453-db1a-4c7e-8fb6-f4d87589f2a9|rpc:10.1.0.29:39663|priority:1], old=null
2021-12-24 01:39:15,912 [pool-242-thread-1] INFO  server.RaftServer$Division (RaftServerImpl.java:setRole(290)) - 60bff453-db1a-4c7e-8fb6-f4d87589f2a9@group-403B9D9EF502: changes role from      null to FOLLOWER at term 0 for startAsFollower
2021-12-24 01:39:15,912 [pool-242-thread-1] INFO  impl.RoleInfo (RoleInfo.java:updateAndGet(130)) - 60bff453-db1a-4c7e-8fb6-f4d87589f2a9: start 60bff453-db1a-4c7e-8fb6-f4d87589f2a9@group-403B9D9EF502-FollowerState
2021-12-24 01:39:15,916 [pool-242-thread-1] INFO  util.JmxRegister (JmxRegister.java:tryRegister(44)) - Successfully registered JMX Bean with object name Ratis:service=RaftServer,group=group-403B9D9EF502,id=60bff453-db1a-4c7e-8fb6-f4d87589f2a9
2021-12-24 01:39:15,917 [Command processor thread] INFO  ratis.XceiverServerRatis (XceiverServerRatis.java:addGroup(768)) - Created group PipelineID=8719df66-e711-4f55-8344-403b9d9ef502
2021-12-24 01:39:15,917 [Command processor thread] INFO  commandhandler.CreatePipelineCommandHandler (CreatePipelineCommandHandler.java:handle(106)) - Created Pipeline RATIS ONE PipelineID=8719df66-e711-4f55-8344-403b9d9ef502.
2021-12-24 01:39:16,843 [Listener at 127.0.0.1/39723] INFO  ozone.MiniOzoneClusterImpl (MiniOzoneClusterImpl.java:lambda$waitForClusterToBeReady$0(235)) - Nodes are ready. Got 3 of 3 DN Heartbeats.
2021-12-24 01:39:16,844 [Listener at 127.0.0.1/39723] INFO  ozone.MiniOzoneClusterImpl (MiniOzoneClusterImpl.java:lambda$waitForClusterToBeReady$0(238)) - Waiting for cluster to exit safe mode
2021-12-24 01:39:16,844 [Listener at 127.0.0.1/39723] INFO  ozone.MiniOzoneClusterImpl (MiniOzoneClusterImpl.java:lambda$waitForClusterToBeReady$0(240)) - SCM became leader
2021-12-24 01:39:17,844 [Listener at 127.0.0.1/39723] INFO  ozone.MiniOzoneClusterImpl (MiniOzoneClusterImpl.java:lambda$waitForClusterToBeReady$0(235)) - Nodes are ready. Got 3 of 3 DN Heartbeats.
2021-12-24 01:39:17,844 [Listener at 127.0.0.1/39723] INFO  ozone.MiniOzoneClusterImpl (MiniOzoneClusterImpl.java:lambda$waitForClusterToBeReady$0(238)) - Waiting for cluster to exit safe mode
2021-12-24 01:39:17,845 [Listener at 127.0.0.1/39723] INFO  ozone.MiniOzoneClusterImpl (MiniOzoneClusterImpl.java:lambda$waitForClusterToBeReady$0(240)) - SCM became leader
2021-12-24 01:39:18,845 [Listener at 127.0.0.1/39723] INFO  ozone.MiniOzoneClusterImpl (MiniOzoneClusterImpl.java:lambda$waitForClusterToBeReady$0(235)) - Nodes are ready. Got 3 of 3 DN Heartbeats.
2021-12-24 01:39:18,845 [Listener at 127.0.0.1/39723] INFO  ozone.MiniOzoneClusterImpl (MiniOzoneClusterImpl.java:lambda$waitForClusterToBeReady$0(238)) - Waiting for cluster to exit safe mode
2021-12-24 01:39:18,845 [Listener at 127.0.0.1/39723] INFO  ozone.MiniOzoneClusterImpl (MiniOzoneClusterImpl.java:lambda$waitForClusterToBeReady$0(240)) - SCM became leader
2021-12-24 01:39:19,846 [Listener at 127.0.0.1/39723] INFO  ozone.MiniOzoneClusterImpl (MiniOzoneClusterImpl.java:lambda$waitForClusterToBeReady$0(235)) - Nodes are ready. Got 3 of 3 DN Heartbeats.
2021-12-24 01:39:19,846 [Listener at 127.0.0.1/39723] INFO  ozone.MiniOzoneClusterImpl (MiniOzoneClusterImpl.java:lambda$waitForClusterToBeReady$0(238)) - Waiting for cluster to exit safe mode
2021-12-24 01:39:19,846 [Listener at 127.0.0.1/39723] INFO  ozone.MiniOzoneClusterImpl (MiniOzoneClusterImpl.java:lambda$waitForClusterToBeReady$0(240)) - SCM became leader
2021-12-24 01:39:20,140 [60bff453-db1a-4c7e-8fb6-f4d87589f2a9@group-B954EE4169AF-FollowerState] INFO  impl.FollowerState (FollowerState.java:run(134)) - 60bff453-db1a-4c7e-8fb6-f4d87589f2a9@group-B954EE4169AF-FollowerState: change to CANDIDATE, lastRpcElapsedTime:5019198387ns, electionTimeout:5013ms
2021-12-24 01:39:20,141 [60bff453-db1a-4c7e-8fb6-f4d87589f2a9@group-B954EE4169AF-FollowerState] INFO  impl.RoleInfo (RoleInfo.java:shutdownFollowerState(108)) - 60bff453-db1a-4c7e-8fb6-f4d87589f2a9: shutdown 60bff453-db1a-4c7e-8fb6-f4d87589f2a9@group-B954EE4169AF-FollowerState
2021-12-24 01:39:20,141 [60bff453-db1a-4c7e-8fb6-f4d87589f2a9@group-B954EE4169AF-FollowerState] INFO  server.RaftServer$Division (RaftServerImpl.java:setRole(290)) - 60bff453-db1a-4c7e-8fb6-f4d87589f2a9@group-B954EE4169AF: changes role from  FOLLOWER to CANDIDATE at term 0 for changeToCandidate
2021-12-24 01:39:20,141 [60bff453-db1a-4c7e-8fb6-f4d87589f2a9@group-B954EE4169AF-FollowerState] INFO  server.RaftServerConfigKeys (ConfUtils.java:logGet(44)) - raft.server.leaderelection.pre-vote = false (custom)
2021-12-24 01:39:20,141 [60bff453-db1a-4c7e-8fb6-f4d87589f2a9@group-B954EE4169AF-FollowerState] INFO  impl.RoleInfo (RoleInfo.java:updateAndGet(130)) - 60bff453-db1a-4c7e-8fb6-f4d87589f2a9: start 60bff453-db1a-4c7e-8fb6-f4d87589f2a9@group-B954EE4169AF-LeaderElection19
2021-12-24 01:39:20,178 [60bff453-db1a-4c7e-8fb6-f4d87589f2a9@group-B954EE4169AF-LeaderElection19] INFO  impl.LeaderElection (LeaderElection.java:askForVotes(306)) - 60bff453-db1a-4c7e-8fb6-f4d87589f2a9@group-B954EE4169AF-LeaderElection19 ELECTION round 0: submit vote requests at term 1 for -1: [101c5a0a-6a0b-4b69-94db-b1e14f36097a|rpc:10.1.0.29:35977|dataStream:|priority:1, a08ebff1-9b45-4323-8dfa-f34875366795|rpc:10.1.0.29:40615|dataStream:|priority:0, 60bff453-db1a-4c7e-8fb6-f4d87589f2a9|rpc:10.1.0.29:39663|dataStream:|priority:0], old=null
2021-12-24 01:39:20,181 [a08ebff1-9b45-4323-8dfa-f34875366795@group-3B988C5DB6E5-FollowerState] INFO  impl.FollowerState (FollowerState.java:run(134)) - a08ebff1-9b45-4323-8dfa-f34875366795@group-3B988C5DB6E5-FollowerState: change to CANDIDATE, lastRpcElapsedTime:5200636824ns, electionTimeout:5187ms
2021-12-24 01:39:20,181 [a08ebff1-9b45-4323-8dfa-f34875366795@group-3B988C5DB6E5-FollowerState] INFO  impl.RoleInfo (RoleInfo.java:shutdownFollowerState(108)) - a08ebff1-9b45-4323-8dfa-f34875366795: shutdown a08ebff1-9b45-4323-8dfa-f34875366795@group-3B988C5DB6E5-FollowerState
2021-12-24 01:39:20,181 [a08ebff1-9b45-4323-8dfa-f34875366795@group-3B988C5DB6E5-FollowerState] INFO  server.RaftServer$Division (RaftServerImpl.java:setRole(290)) - a08ebff1-9b45-4323-8dfa-f34875366795@group-3B988C5DB6E5: changes role from  FOLLOWER to CANDIDATE at term 0 for changeToCandidate
2021-12-24 01:39:20,185 [a08ebff1-9b45-4323-8dfa-f34875366795@group-3B988C5DB6E5-FollowerState] INFO  server.RaftServerConfigKeys (ConfUtils.java:logGet(44)) - raft.server.leaderelection.pre-vote = false (custom)
2021-12-24 01:39:20,185 [a08ebff1-9b45-4323-8dfa-f34875366795@group-3B988C5DB6E5-FollowerState] INFO  impl.RoleInfo (RoleInfo.java:updateAndGet(130)) - a08ebff1-9b45-4323-8dfa-f34875366795: start a08ebff1-9b45-4323-8dfa-f34875366795@group-3B988C5DB6E5-LeaderElection20
2021-12-24 01:39:20,213 [a08ebff1-9b45-4323-8dfa-f34875366795@group-B954EE4169AF-FollowerState] INFO  impl.FollowerState (FollowerState.java:run(134)) - a08ebff1-9b45-4323-8dfa-f34875366795@group-B954EE4169AF-FollowerState: change to CANDIDATE, lastRpcElapsedTime:5182538401ns, electionTimeout:5175ms
2021-12-24 01:39:20,222 [a08ebff1-9b45-4323-8dfa-f34875366795@group-B954EE4169AF-FollowerState] INFO  impl.RoleInfo (RoleInfo.java:shutdownFollowerState(108)) - a08ebff1-9b45-4323-8dfa-f34875366795: shutdown a08ebff1-9b45-4323-8dfa-f34875366795@group-B954EE4169AF-FollowerState
2021-12-24 01:39:20,222 [a08ebff1-9b45-4323-8dfa-f34875366795@group-B954EE4169AF-FollowerState] INFO  server.RaftServer$Division (RaftServerImpl.java:setRole(290)) - a08ebff1-9b45-4323-8dfa-f34875366795@group-B954EE4169AF: changes role from  FOLLOWER to CANDIDATE at term 0 for changeToCandidate
2021-12-24 01:39:20,223 [a08ebff1-9b45-4323-8dfa-f34875366795@group-B954EE4169AF-FollowerState] INFO  server.RaftServerConfigKeys (ConfUtils.java:logGet(44)) - raft.server.leaderelection.pre-vote = false (custom)
2021-12-24 01:39:20,223 [a08ebff1-9b45-4323-8dfa-f34875366795@group-B954EE4169AF-FollowerState] INFO  impl.RoleInfo (RoleInfo.java:updateAndGet(130)) - a08ebff1-9b45-4323-8dfa-f34875366795: start a08ebff1-9b45-4323-8dfa-f34875366795@group-B954EE4169AF-LeaderElection21
2021-12-24 01:39:20,222 [grpc-default-executor-1] INFO  server.RaftServer$Division (RaftServerImpl.java:requestVote(1046)) - 101c5a0a-6a0b-4b69-94db-b1e14f36097a@group-B954EE4169AF: receive requestVote(ELECTION, 60bff453-db1a-4c7e-8fb6-f4d87589f2a9, group-B954EE4169AF, 1, (t:0, i:0))
2021-12-24 01:39:20,213 [a08ebff1-9b45-4323-8dfa-f34875366795@group-3B988C5DB6E5-LeaderElection20] INFO  impl.LeaderElection (LeaderElection.java:askForVotes(306)) - a08ebff1-9b45-4323-8dfa-f34875366795@group-3B988C5DB6E5-LeaderElection20 ELECTION round 0: submit vote requests at term 1 for -1: [a08ebff1-9b45-4323-8dfa-f34875366795|rpc:10.1.0.29:40615|priority:1], old=null
2021-12-24 01:39:20,227 [a08ebff1-9b45-4323-8dfa-f34875366795@group-3B988C5DB6E5-LeaderElection20] INFO  impl.LeaderElection (LeaderElection.java:askForVotes(308)) - a08ebff1-9b45-4323-8dfa-f34875366795@group-3B988C5DB6E5-LeaderElection20 ELECTION round 0: result PASSED (term=1)
2021-12-24 01:39:20,227 [a08ebff1-9b45-4323-8dfa-f34875366795@group-3B988C5DB6E5-LeaderElection20] INFO  impl.RoleInfo (RoleInfo.java:shutdownLeaderElection(121)) - a08ebff1-9b45-4323-8dfa-f34875366795: shutdown a08ebff1-9b45-4323-8dfa-f34875366795@group-3B988C5DB6E5-LeaderElection20
2021-12-24 01:39:20,228 [a08ebff1-9b45-4323-8dfa-f34875366795@group-3B988C5DB6E5-LeaderElection20] INFO  server.RaftServer$Division (RaftServerImpl.java:setRole(290)) - a08ebff1-9b45-4323-8dfa-f34875366795@group-3B988C5DB6E5: changes role from CANDIDATE to LEADER at term 1 for changeToLeader
2021-12-24 01:39:20,228 [a08ebff1-9b45-4323-8dfa-f34875366795@group-3B988C5DB6E5-LeaderElection20] INFO  ratis.XceiverServerRatis (XceiverServerRatis.java:handleLeaderChangedNotification(866)) - Leader change notification received for group: group-3B988C5DB6E5 with new leaderId: a08ebff1-9b45-4323-8dfa-f34875366795
2021-12-24 01:39:20,227 [grpc-default-executor-1] INFO  impl.VoteContext (VoteContext.java:log(48)) - 101c5a0a-6a0b-4b69-94db-b1e14f36097a@group-B954EE4169AF-FOLLOWER: reject ELECTION from 60bff453-db1a-4c7e-8fb6-f4d87589f2a9: our priority 1 > candidate's priority 0
2021-12-24 01:39:20,228 [grpc-default-executor-1] INFO  server.RaftServer$Division (RaftServerImpl.java:setRole(290)) - 101c5a0a-6a0b-4b69-94db-b1e14f36097a@group-B954EE4169AF: changes role from  FOLLOWER to FOLLOWER at term 1 for candidate:60bff453-db1a-4c7e-8fb6-f4d87589f2a9
2021-12-24 01:39:20,228 [grpc-default-executor-1] INFO  impl.RoleInfo (RoleInfo.java:shutdownFollowerState(108)) - 101c5a0a-6a0b-4b69-94db-b1e14f36097a: shutdown 101c5a0a-6a0b-4b69-94db-b1e14f36097a@group-B954EE4169AF-FollowerState
2021-12-24 01:39:20,231 [101c5a0a-6a0b-4b69-94db-b1e14f36097a@group-B954EE4169AF-FollowerState] INFO  impl.FollowerState (FollowerState.java:run(143)) - 101c5a0a-6a0b-4b69-94db-b1e14f36097a@group-B954EE4169AF-FollowerState was interrupted: {}
java.lang.InterruptedException: sleep interrupted
	at java.lang.Thread.sleep(Native Method)
	at java.lang.Thread.sleep(Thread.java:340)
	at java.util.concurrent.TimeUnit.sleep(TimeUnit.java:386)
	at org.apache.ratis.util.TimeDuration.sleep(TimeDuration.java:324)
	at org.apache.ratis.util.TimeDuration.sleep(TimeDuration.java:309)
	at org.apache.ratis.server.impl.FollowerState.run(FollowerState.java:118)
2021-12-24 01:39:20,231 [a08ebff1-9b45-4323-8dfa-f34875366795@group-3B988C5DB6E5-LeaderElection20] INFO  server.RaftServer$Division (ServerState.java:setLeader(285)) - a08ebff1-9b45-4323-8dfa-f34875366795@group-3B988C5DB6E5: change Leader from null to a08ebff1-9b45-4323-8dfa-f34875366795 at term 1 for becomeLeader, leader elected after 5278ms
2021-12-24 01:39:20,239 [a08ebff1-9b45-4323-8dfa-f34875366795@group-3B988C5DB6E5-LeaderElection20] INFO  server.RaftServerConfigKeys (ConfUtils.java:logGet(44)) - raft.server.staging.catchup.gap = 1000 (default)
2021-12-24 01:39:20,239 [a08ebff1-9b45-4323-8dfa-f34875366795@group-3B988C5DB6E5-LeaderElection20] INFO  server.RaftServerConfigKeys (ConfUtils.java:logGet(44)) - raft.server.write.element-limit = 1024 (custom)
2021-12-24 01:39:20,239 [a08ebff1-9b45-4323-8dfa-f34875366795@group-3B988C5DB6E5-LeaderElection20] INFO  server.RaftServerConfigKeys (ConfUtils.java:logGet(44)) - raft.server.write.byte-limit = 1024 M (=1073741824) (custom)
2021-12-24 01:39:20,240 [a08ebff1-9b45-4323-8dfa-f34875366795@group-3B988C5DB6E5-LeaderElection20] INFO  server.RaftServerConfigKeys (ConfUtils.java:logGet(44)) - raft.server.watch.timeout = 180s (custom)
2021-12-24 01:39:20,240 [a08ebff1-9b45-4323-8dfa-f34875366795@group-3B988C5DB6E5-LeaderElection20] INFO  server.RaftServerConfigKeys (ConfUtils.java:logGet(44)) - raft.server.watch.timeout.denomination = 1s (default)
2021-12-24 01:39:20,240 [a08ebff1-9b45-4323-8dfa-f34875366795@group-3B988C5DB6E5-LeaderElection20] INFO  server.RaftServerConfigKeys (ConfUtils.java:logGet(44)) - raft.server.watch.element-limit = 65536 (default)
2021-12-24 01:39:20,240 [a08ebff1-9b45-4323-8dfa-f34875366795@group-3B988C5DB6E5-LeaderElection20] INFO  server.RaftServerConfigKeys (ConfUtils.java:logGet(44)) - raft.server.write.element-limit = 1024 (custom)
2021-12-24 01:39:20,240 [a08ebff1-9b45-4323-8dfa-f34875366795@group-3B988C5DB6E5-LeaderElection20] INFO  server.RaftServerConfigKeys (ConfUtils.java:logGet(44)) - raft.server.write.follower.gap.ratio.max = -1.0 (default)
2021-12-24 01:39:20,240 [a08ebff1-9b45-4323-8dfa-f34875366795@group-3B988C5DB6E5-LeaderElection20] INFO  impl.RoleInfo (RoleInfo.java:updateAndGet(130)) - a08ebff1-9b45-4323-8dfa-f34875366795: start a08ebff1-9b45-4323-8dfa-f34875366795@group-3B988C5DB6E5-LeaderStateImpl
2021-12-24 01:39:20,240 [a08ebff1-9b45-4323-8dfa-f34875366795@group-3B988C5DB6E5-LeaderElection20] INFO  segmented.SegmentedRaftLogWorker (SegmentedRaftLogWorker.java:startLogSegment(394)) - a08ebff1-9b45-4323-8dfa-f34875366795@group-3B988C5DB6E5-SegmentedRaftLogWorker: Starting segment from index:0
2021-12-24 01:39:20,231 [grpc-default-executor-1] INFO  impl.RoleInfo (RoleInfo.java:updateAndGet(130)) - 101c5a0a-6a0b-4b69-94db-b1e14f36097a: start 101c5a0a-6a0b-4b69-94db-b1e14f36097a@group-B954EE4169AF-FollowerState
2021-12-24 01:39:20,243 [a08ebff1-9b45-4323-8dfa-f34875366795@group-3B988C5DB6E5-SegmentedRaftLogWorker] INFO  segmented.SegmentedRaftLogWorker (SegmentedRaftLogWorker.java:execute(601)) - a08ebff1-9b45-4323-8dfa-f34875366795@group-3B988C5DB6E5-SegmentedRaftLogWorker: created new log segment /home/runner/work/ozone/ozone/hadoop-ozone/integration-test/target/test-dir/MiniOzoneClusterImpl-457f4e2c-1d7f-4a2a-8b89-0860a01b056d/datanode-0/data/ratis/d6b851ad-c07f-48b3-b5df-3b988c5db6e5/current/log_inprogress_0
2021-12-24 01:39:20,254 [a08ebff1-9b45-4323-8dfa-f34875366795@group-3B988C5DB6E5-LeaderElection20] INFO  server.RaftServer$Division (ServerState.java:setRaftConf(387)) - a08ebff1-9b45-4323-8dfa-f34875366795@group-3B988C5DB6E5: set configuration 0: [a08ebff1-9b45-4323-8dfa-f34875366795|rpc:10.1.0.29:40615|dataStream:|priority:1], old=null
2021-12-24 01:39:20,255 [grpc-default-executor-0] INFO  server.RaftServer$Division (RaftServerImpl.java:requestVote(1046)) - a08ebff1-9b45-4323-8dfa-f34875366795@group-B954EE4169AF: receive requestVote(ELECTION, 60bff453-db1a-4c7e-8fb6-f4d87589f2a9, group-B954EE4169AF, 1, (t:0, i:0))
2021-12-24 01:39:20,255 [grpc-default-executor-0] INFO  impl.VoteContext (VoteContext.java:log(48)) - a08ebff1-9b45-4323-8dfa-f34875366795@group-B954EE4169AF-CANDIDATE: accept ELECTION from 60bff453-db1a-4c7e-8fb6-f4d87589f2a9: our priority 0 <= candidate's priority 0
2021-12-24 01:39:20,255 [grpc-default-executor-0] INFO  server.RaftServer$Division (RaftServerImpl.java:setRole(290)) - a08ebff1-9b45-4323-8dfa-f34875366795@group-B954EE4169AF: changes role from CANDIDATE to FOLLOWER at term 1 for candidate:60bff453-db1a-4c7e-8fb6-f4d87589f2a9
2021-12-24 01:39:20,255 [grpc-default-executor-0] INFO  impl.RoleInfo (RoleInfo.java:shutdownLeaderElection(121)) - a08ebff1-9b45-4323-8dfa-f34875366795: shutdown a08ebff1-9b45-4323-8dfa-f34875366795@group-B954EE4169AF-LeaderElection21
2021-12-24 01:39:20,255 [grpc-default-executor-0] INFO  impl.RoleInfo (RoleInfo.java:updateAndGet(130)) - a08ebff1-9b45-4323-8dfa-f34875366795: start a08ebff1-9b45-4323-8dfa-f34875366795@group-B954EE4169AF-FollowerState
2021-12-24 01:39:20,257 [grpc-default-executor-1] INFO  server.RaftServer$Division (RaftServerImpl.java:requestVote(1078)) - 101c5a0a-6a0b-4b69-94db-b1e14f36097a@group-B954EE4169AF replies to ELECTION vote request: 60bff453-db1a-4c7e-8fb6-f4d87589f2a9<-101c5a0a-6a0b-4b69-94db-b1e14f36097a#0:FAIL-t1. Peer's state: 101c5a0a-6a0b-4b69-94db-b1e14f36097a@group-B954EE4169AF:t1, leader=null, voted=null, raftlog=101c5a0a-6a0b-4b69-94db-b1e14f36097a@group-B954EE4169AF-SegmentedRaftLog:OPENED:c-1, conf=-1: [101c5a0a-6a0b-4b69-94db-b1e14f36097a|rpc:10.1.0.29:35977|dataStream:|priority:1, a08ebff1-9b45-4323-8dfa-f34875366795|rpc:10.1.0.29:40615|dataStream:|priority:0, 60bff453-db1a-4c7e-8fb6-f4d87589f2a9|rpc:10.1.0.29:39663|dataStream:|priority:0], old=null
2021-12-24 01:39:20,273 [EventQueue-OpenPipelineForHealthyPipelineSafeModeRule] INFO  safemode.SCMSafeModeManager (HealthyPipelineSafeModeRule.java:process(124)) - SCM in safe mode. Healthy pipelines reported count is 0, required healthy pipeline reported count is 1
2021-12-24 01:39:20,282 [grpc-default-executor-0] INFO  server.RaftServer$Division (RaftServerImpl.java:requestVote(1078)) - a08ebff1-9b45-4323-8dfa-f34875366795@group-B954EE4169AF replies to ELECTION vote request: 60bff453-db1a-4c7e-8fb6-f4d87589f2a9<-a08ebff1-9b45-4323-8dfa-f34875366795#0:OK-t1. Peer's state: a08ebff1-9b45-4323-8dfa-f34875366795@group-B954EE4169AF:t1, leader=null, voted=60bff453-db1a-4c7e-8fb6-f4d87589f2a9, raftlog=a08ebff1-9b45-4323-8dfa-f34875366795@group-B954EE4169AF-SegmentedRaftLog:OPENED:c-1, conf=-1: [101c5a0a-6a0b-4b69-94db-b1e14f36097a|rpc:10.1.0.29:35977|priority:1, a08ebff1-9b45-4323-8dfa-f34875366795|rpc:10.1.0.29:40615|priority:0, 60bff453-db1a-4c7e-8fb6-f4d87589f2a9|rpc:10.1.0.29:39663|priority:0], old=null
2021-12-24 01:39:20,285 [60bff453-db1a-4c7e-8fb6-f4d87589f2a9@group-B954EE4169AF-LeaderElection19] INFO  impl.LeaderElection (LeaderElection.java:logAndReturn(89)) - 60bff453-db1a-4c7e-8fb6-f4d87589f2a9@group-B954EE4169AF-LeaderElection19: ELECTION REJECTED received 1 response(s) and 0 exception(s):
2021-12-24 01:39:20,285 [60bff453-db1a-4c7e-8fb6-f4d87589f2a9@group-B954EE4169AF-LeaderElection19] INFO  impl.LeaderElection (LeaderElection.java:logAndReturn(93)) -   Response 0: 60bff453-db1a-4c7e-8fb6-f4d87589f2a9<-101c5a0a-6a0b-4b69-94db-b1e14f36097a#0:FAIL-t1
2021-12-24 01:39:20,285 [60bff453-db1a-4c7e-8fb6-f4d87589f2a9@group-B954EE4169AF-LeaderElection19] INFO  impl.LeaderElection (LeaderElection.java:askForVotes(308)) - 60bff453-db1a-4c7e-8fb6-f4d87589f2a9@group-B954EE4169AF-LeaderElection19 ELECTION round 0: result REJECTED
2021-12-24 01:39:20,286 [60bff453-db1a-4c7e-8fb6-f4d87589f2a9@group-B954EE4169AF-LeaderElection19] INFO  server.RaftServer$Division (RaftServerImpl.java:setRole(290)) - 60bff453-db1a-4c7e-8fb6-f4d87589f2a9@group-B954EE4169AF: changes role from CANDIDATE to FOLLOWER at term 1 for REJECTED
2021-12-24 01:39:20,286 [60bff453-db1a-4c7e-8fb6-f4d87589f2a9@group-B954EE4169AF-LeaderElection19] INFO  impl.RoleInfo (RoleInfo.java:shutdownLeaderElection(121)) - 60bff453-db1a-4c7e-8fb6-f4d87589f2a9: shutdown 60bff453-db1a-4c7e-8fb6-f4d87589f2a9@group-B954EE4169AF-LeaderElection19
2021-12-24 01:39:20,286 [60bff453-db1a-4c7e-8fb6-f4d87589f2a9@group-B954EE4169AF-LeaderElection19] INFO  impl.RoleInfo (RoleInfo.java:updateAndGet(130)) - 60bff453-db1a-4c7e-8fb6-f4d87589f2a9: start 60bff453-db1a-4c7e-8fb6-f4d87589f2a9@group-B954EE4169AF-FollowerState
2021-12-24 01:39:20,371 [a08ebff1-9b45-4323-8dfa-f34875366795@group-BD1077FEF8FB-FollowerState] INFO  impl.FollowerState (FollowerState.java:run(134)) - a08ebff1-9b45-4323-8dfa-f34875366795@group-BD1077FEF8FB-FollowerState: change to CANDIDATE, lastRpcElapsedTime:5031630376ns, electionTimeout:5025ms
2021-12-24 01:39:20,373 [a08ebff1-9b45-4323-8dfa-f34875366795@group-BD1077FEF8FB-FollowerState] INFO  impl.RoleInfo (RoleInfo.java:shutdownFollowerState(108)) - a08ebff1-9b45-4323-8dfa-f34875366795: shutdown a08ebff1-9b45-4323-8dfa-f34875366795@group-BD1077FEF8FB-FollowerState
2021-12-24 01:39:20,373 [a08ebff1-9b45-4323-8dfa-f34875366795@group-BD1077FEF8FB-FollowerState] INFO  server.RaftServer$Division (RaftServerImpl.java:setRole(290)) - a08ebff1-9b45-4323-8dfa-f34875366795@group-BD1077FEF8FB: changes role from  FOLLOWER to CANDIDATE at term 0 for changeToCandidate
2021-12-24 01:39:20,373 [a08ebff1-9b45-4323-8dfa-f34875366795@group-BD1077FEF8FB-FollowerState] INFO  server.RaftServerConfigKeys (ConfUtils.java:logGet(44)) - raft.server.leaderelection.pre-vote = false (custom)
2021-12-24 01:39:20,373 [a08ebff1-9b45-4323-8dfa-f34875366795@group-BD1077FEF8FB-FollowerState] INFO  impl.RoleInfo (RoleInfo.java:updateAndGet(130)) - a08ebff1-9b45-4323-8dfa-f34875366795: start a08ebff1-9b45-4323-8dfa-f34875366795@group-BD1077FEF8FB-LeaderElection22
2021-12-24 01:39:20,389 [a08ebff1-9b45-4323-8dfa-f34875366795@group-BD1077FEF8FB-LeaderElection22] INFO  impl.LeaderElection (LeaderElection.java:askForVotes(306)) - a08ebff1-9b45-4323-8dfa-f34875366795@group-BD1077FEF8FB-LeaderElection22 ELECTION round 0: submit vote requests at term 1 for -1: [101c5a0a-6a0b-4b69-94db-b1e14f36097a|rpc:10.1.0.29:35977|priority:0, a08ebff1-9b45-4323-8dfa-f34875366795|rpc:10.1.0.29:40615|priority:0, 60bff453-db1a-4c7e-8fb6-f4d87589f2a9|rpc:10.1.0.29:39663|priority:1], old=null
2021-12-24 01:39:20,420 [grpc-default-executor-0] INFO  server.RaftServer$Division (RaftServerImpl.java:requestVote(1046)) - 60bff453-db1a-4c7e-8fb6-f4d87589f2a9@group-BD1077FEF8FB: receive requestVote(ELECTION, a08ebff1-9b45-4323-8dfa-f34875366795, group-BD1077FEF8FB, 1, (t:0, i:0))
2021-12-24 01:39:20,420 [grpc-default-executor-0] INFO  impl.VoteContext (VoteContext.java:log(48)) - 60bff453-db1a-4c7e-8fb6-f4d87589f2a9@group-BD1077FEF8FB-FOLLOWER: reject ELECTION from a08ebff1-9b45-4323-8dfa-f34875366795: our priority 1 > candidate's priority 0
2021-12-24 01:39:20,421 [grpc-default-executor-0] INFO  server.RaftServer$Division (RaftServerImpl.java:setRole(290)) - 60bff453-db1a-4c7e-8fb6-f4d87589f2a9@group-BD1077FEF8FB: changes role from  FOLLOWER to FOLLOWER at term 1 for candidate:a08ebff1-9b45-4323-8dfa-f34875366795
2021-12-24 01:39:20,421 [grpc-default-executor-0] INFO  impl.RoleInfo (RoleInfo.java:shutdownFollowerState(108)) - 60bff453-db1a-4c7e-8fb6-f4d87589f2a9: shutdown 60bff453-db1a-4c7e-8fb6-f4d87589f2a9@group-BD1077FEF8FB-FollowerState
2021-12-24 01:39:20,421 [grpc-default-executor-0] INFO  impl.RoleInfo (RoleInfo.java:updateAndGet(130)) - 60bff453-db1a-4c7e-8fb6-f4d87589f2a9: start 60bff453-db1a-4c7e-8fb6-f4d87589f2a9@group-BD1077FEF8FB-FollowerState
2021-12-24 01:39:20,421 [60bff453-db1a-4c7e-8fb6-f4d87589f2a9@group-BD1077FEF8FB-FollowerState] INFO  impl.FollowerState (FollowerState.java:run(143)) - 60bff453-db1a-4c7e-8fb6-f4d87589f2a9@group-BD1077FEF8FB-FollowerState was interrupted: {}
java.lang.InterruptedException: sleep interrupted
	at java.lang.Thread.sleep(Native Method)
	at java.lang.Thread.sleep(Thread.java:340)
	at java.util.concurrent.TimeUnit.sleep(TimeUnit.java:386)
	at org.apache.ratis.util.TimeDuration.sleep(TimeDuration.java:324)
	at org.apache.ratis.util.TimeDuration.sleep(TimeDuration.java:309)
	at org.apache.ratis.server.impl.FollowerState.run(FollowerState.java:118)
2021-12-24 01:39:20,421 [grpc-default-executor-1] INFO  server.RaftServer$Division (RaftServerImpl.java:requestVote(1046)) - 101c5a0a-6a0b-4b69-94db-b1e14f36097a@group-BD1077FEF8FB: receive requestVote(ELECTION, a08ebff1-9b45-4323-8dfa-f34875366795, group-BD1077FEF8FB, 1, (t:0, i:0))
2021-12-24 01:39:20,421 [grpc-default-executor-1] INFO  impl.VoteContext (VoteContext.java:log(48)) - 101c5a0a-6a0b-4b69-94db-b1e14f36097a@group-BD1077FEF8FB-FOLLOWER: accept ELECTION from a08ebff1-9b45-4323-8dfa-f34875366795: our priority 0 <= candidate's priority 0
2021-12-24 01:39:20,421 [grpc-default-executor-1] INFO  server.RaftServer$Division (RaftServerImpl.java:setRole(290)) - 101c5a0a-6a0b-4b69-94db-b1e14f36097a@group-BD1077FEF8FB: changes role from  FOLLOWER to FOLLOWER at term 1 for candidate:a08ebff1-9b45-4323-8dfa-f34875366795
2021-12-24 01:39:20,421 [grpc-default-executor-1] INFO  impl.RoleInfo (RoleInfo.java:shutdownFollowerState(108)) - 101c5a0a-6a0b-4b69-94db-b1e14f36097a: shutdown 101c5a0a-6a0b-4b69-94db-b1e14f36097a@group-BD1077FEF8FB-FollowerState
2021-12-24 01:39:20,424 [grpc-default-executor-0] INFO  server.RaftServer$Division (RaftServerImpl.java:requestVote(1078)) - 60bff453-db1a-4c7e-8fb6-f4d87589f2a9@group-BD1077FEF8FB replies to ELECTION vote request: a08ebff1-9b45-4323-8dfa-f34875366795<-60bff453-db1a-4c7e-8fb6-f4d87589f2a9#0:FAIL-t1. Peer's state: 60bff453-db1a-4c7e-8fb6-f4d87589f2a9@group-BD1077FEF8FB:t1, leader=null, voted=null, raftlog=60bff453-db1a-4c7e-8fb6-f4d87589f2a9@group-BD1077FEF8FB-SegmentedRaftLog:OPENED:c-1, conf=-1: [101c5a0a-6a0b-4b69-94db-b1e14f36097a|rpc:10.1.0.29:35977|dataStream:|priority:0, a08ebff1-9b45-4323-8dfa-f34875366795|rpc:10.1.0.29:40615|dataStream:|priority:0, 60bff453-db1a-4c7e-8fb6-f4d87589f2a9|rpc:10.1.0.29:39663|dataStream:|priority:1], old=null
2021-12-24 01:39:20,426 [grpc-default-executor-1] INFO  impl.RoleInfo (RoleInfo.java:updateAndGet(130)) - 101c5a0a-6a0b-4b69-94db-b1e14f36097a: start 101c5a0a-6a0b-4b69-94db-b1e14f36097a@group-BD1077FEF8FB-FollowerState
2021-12-24 01:39:20,426 [101c5a0a-6a0b-4b69-94db-b1e14f36097a@group-BD1077FEF8FB-FollowerState] INFO  impl.FollowerState (FollowerState.java:run(143)) - 101c5a0a-6a0b-4b69-94db-b1e14f36097a@group-BD1077FEF8FB-FollowerState was interrupted: {}
java.lang.InterruptedException: sleep interrupted
	at java.lang.Thread.sleep(Native Method)
	at java.lang.Thread.sleep(Thread.java:340)
	at java.util.concurrent.TimeUnit.sleep(TimeUnit.java:386)
	at org.apache.ratis.util.TimeDuration.sleep(TimeDuration.java:324)
	at org.apache.ratis.util.TimeDuration.sleep(TimeDuration.java:309)
	at org.apache.ratis.server.impl.FollowerState.run(FollowerState.java:118)
2021-12-24 01:39:20,433 [a08ebff1-9b45-4323-8dfa-f34875366795@group-BD1077FEF8FB-LeaderElection22] INFO  impl.LeaderElection (LeaderElection.java:logAndReturn(89)) - a08ebff1-9b45-4323-8dfa-f34875366795@group-BD1077FEF8FB-LeaderElection22: ELECTION REJECTED received 1 response(s) and 0 exception(s):
2021-12-24 01:39:20,434 [a08ebff1-9b45-4323-8dfa-f34875366795@group-BD1077FEF8FB-LeaderElection22] INFO  impl.LeaderElection (LeaderElection.java:logAndReturn(93)) -   Response 0: a08ebff1-9b45-4323-8dfa-f34875366795<-60bff453-db1a-4c7e-8fb6-f4d87589f2a9#0:FAIL-t1
2021-12-24 01:39:20,434 [a08ebff1-9b45-4323-8dfa-f34875366795@group-BD1077FEF8FB-LeaderElection22] INFO  impl.LeaderElection (LeaderElection.java:askForVotes(308)) - a08ebff1-9b45-4323-8dfa-f34875366795@group-BD1077FEF8FB-LeaderElection22 ELECTION round 0: result REJECTED
2021-12-24 01:39:20,434 [a08ebff1-9b45-4323-8dfa-f34875366795@group-BD1077FEF8FB-LeaderElection22] INFO  server.RaftServer$Division (RaftServerImpl.java:setRole(290)) - a08ebff1-9b45-4323-8dfa-f34875366795@group-BD1077FEF8FB: changes role from CANDIDATE to FOLLOWER at term 1 for REJECTED
2021-12-24 01:39:20,434 [a08ebff1-9b45-4323-8dfa-f34875366795@group-BD1077FEF8FB-LeaderElection22] INFO  impl.RoleInfo (RoleInfo.java:shutdownLeaderElection(121)) - a08ebff1-9b45-4323-8dfa-f34875366795: shutdown a08ebff1-9b45-4323-8dfa-f34875366795@group-BD1077FEF8FB-LeaderElection22
2021-12-24 01:39:20,434 [a08ebff1-9b45-4323-8dfa-f34875366795@group-BD1077FEF8FB-LeaderElection22] INFO  impl.RoleInfo (RoleInfo.java:updateAndGet(130)) - a08ebff1-9b45-4323-8dfa-f34875366795: start a08ebff1-9b45-4323-8dfa-f34875366795@group-BD1077FEF8FB-FollowerState
2021-12-24 01:39:20,439 [grpc-default-executor-1] INFO  server.RaftServer$Division (RaftServerImpl.java:requestVote(1078)) - 101c5a0a-6a0b-4b69-94db-b1e14f36097a@group-BD1077FEF8FB replies to ELECTION vote request: a08ebff1-9b45-4323-8dfa-f34875366795<-101c5a0a-6a0b-4b69-94db-b1e14f36097a#0:OK-t1. Peer's state: 101c5a0a-6a0b-4b69-94db-b1e14f36097a@group-BD1077FEF8FB:t1, leader=null, voted=a08ebff1-9b45-4323-8dfa-f34875366795, raftlog=101c5a0a-6a0b-4b69-94db-b1e14f36097a@group-BD1077FEF8FB-SegmentedRaftLog:OPENED:c-1, conf=-1: [101c5a0a-6a0b-4b69-94db-b1e14f36097a|rpc:10.1.0.29:35977|dataStream:|priority:0, a08ebff1-9b45-4323-8dfa-f34875366795|rpc:10.1.0.29:40615|dataStream:|priority:0, 60bff453-db1a-4c7e-8fb6-f4d87589f2a9|rpc:10.1.0.29:39663|dataStream:|priority:1], old=null
2021-12-24 01:39:20,514 [101c5a0a-6a0b-4b69-94db-b1e14f36097a@group-5E4A21277A04-FollowerState] INFO  impl.FollowerState (FollowerState.java:run(134)) - 101c5a0a-6a0b-4b69-94db-b1e14f36097a@group-5E4A21277A04-FollowerState: change to CANDIDATE, lastRpcElapsedTime:5046604869ns, electionTimeout:5036ms
2021-12-24 01:39:20,514 [101c5a0a-6a0b-4b69-94db-b1e14f36097a@group-5E4A21277A04-FollowerState] INFO  impl.RoleInfo (RoleInfo.java:shutdownFollowerState(108)) - 101c5a0a-6a0b-4b69-94db-b1e14f36097a: shutdown 101c5a0a-6a0b-4b69-94db-b1e14f36097a@group-5E4A21277A04-FollowerState
2021-12-24 01:39:20,514 [101c5a0a-6a0b-4b69-94db-b1e14f36097a@group-5E4A21277A04-FollowerState] INFO  server.RaftServer$Division (RaftServerImpl.java:setRole(290)) - 101c5a0a-6a0b-4b69-94db-b1e14f36097a@group-5E4A21277A04: changes role from  FOLLOWER to CANDIDATE at term 0 for changeToCandidate
2021-12-24 01:39:20,515 [101c5a0a-6a0b-4b69-94db-b1e14f36097a@group-5E4A21277A04-FollowerState] INFO  server.RaftServerConfigKeys (ConfUtils.java:logGet(44)) - raft.server.leaderelection.pre-vote = false (custom)
2021-12-24 01:39:20,515 [101c5a0a-6a0b-4b69-94db-b1e14f36097a@group-5E4A21277A04-FollowerState] INFO  impl.RoleInfo (RoleInfo.java:updateAndGet(130)) - 101c5a0a-6a0b-4b69-94db-b1e14f36097a: start 101c5a0a-6a0b-4b69-94db-b1e14f36097a@group-5E4A21277A04-LeaderElection23
2021-12-24 01:39:20,542 [101c5a0a-6a0b-4b69-94db-b1e14f36097a@group-5E4A21277A04-LeaderElection23] INFO  impl.LeaderElection (LeaderElection.java:askForVotes(306)) - 101c5a0a-6a0b-4b69-94db-b1e14f36097a@group-5E4A21277A04-LeaderElection23 ELECTION round 0: submit vote requests at term 1 for -1: [101c5a0a-6a0b-4b69-94db-b1e14f36097a|rpc:10.1.0.29:35977|priority:1], old=null
2021-12-24 01:39:20,542 [101c5a0a-6a0b-4b69-94db-b1e14f36097a@group-5E4A21277A04-LeaderElection23] INFO  impl.LeaderElection (LeaderElection.java:askForVotes(308)) - 101c5a0a-6a0b-4b69-94db-b1e14f36097a@group-5E4A21277A04-LeaderElection23 ELECTION round 0: result PASSED (term=1)
2021-12-24 01:39:20,542 [101c5a0a-6a0b-4b69-94db-b1e14f36097a@group-5E4A21277A04-LeaderElection23] INFO  impl.RoleInfo (RoleInfo.java:shutdownLeaderElection(121)) - 101c5a0a-6a0b-4b69-94db-b1e14f36097a: shutdown 101c5a0a-6a0b-4b69-94db-b1e14f36097a@group-5E4A21277A04-LeaderElection23
2021-12-24 01:39:20,542 [101c5a0a-6a0b-4b69-94db-b1e14f36097a@group-5E4A21277A04-LeaderElection23] INFO  server.RaftServer$Division (RaftServerImpl.java:setRole(290)) - 101c5a0a-6a0b-4b69-94db-b1e14f36097a@group-5E4A21277A04: changes role from CANDIDATE to LEADER at term 1 for changeToLeader
2021-12-24 01:39:20,542 [101c5a0a-6a0b-4b69-94db-b1e14f36097a@group-5E4A21277A04-LeaderElection23] INFO  ratis.XceiverServerRatis (XceiverServerRatis.java:handleLeaderChangedNotification(866)) - Leader change notification received for group: group-5E4A21277A04 with new leaderId: 101c5a0a-6a0b-4b69-94db-b1e14f36097a
2021-12-24 01:39:20,543 [101c5a0a-6a0b-4b69-94db-b1e14f36097a@group-5E4A21277A04-LeaderElection23] INFO  server.RaftServer$Division (ServerState.java:setLeader(285)) - 101c5a0a-6a0b-4b69-94db-b1e14f36097a@group-5E4A21277A04: change Leader from null to 101c5a0a-6a0b-4b69-94db-b1e14f36097a at term 1 for becomeLeader, leader elected after 5141ms
2021-12-24 01:39:20,543 [101c5a0a-6a0b-4b69-94db-b1e14f36097a@group-5E4A21277A04-LeaderElection23] INFO  server.RaftServerConfigKeys (ConfUtils.java:logGet(44)) - raft.server.staging.catchup.gap = 1000 (default)
2021-12-24 01:39:20,543 [101c5a0a-6a0b-4b69-94db-b1e14f36097a@group-5E4A21277A04-LeaderElection23] INFO  server.RaftServerConfigKeys (ConfUtils.java:logGet(44)) - raft.server.write.element-limit = 1024 (custom)
2021-12-24 01:39:20,543 [101c5a0a-6a0b-4b69-94db-b1e14f36097a@group-5E4A21277A04-LeaderElection23] INFO  server.RaftServerConfigKeys (ConfUtils.java:logGet(44)) - raft.server.write.byte-limit = 1024 M (=1073741824) (custom)
2021-12-24 01:39:20,543 [101c5a0a-6a0b-4b69-94db-b1e14f36097a@group-5E4A21277A04-LeaderElection23] INFO  server.RaftServerConfigKeys (ConfUtils.java:logGet(44)) - raft.server.watch.timeout = 180s (custom)
2021-12-24 01:39:20,543 [101c5a0a-6a0b-4b69-94db-b1e14f36097a@group-5E4A21277A04-LeaderElection23] INFO  server.RaftServerConfigKeys (ConfUtils.java:logGet(44)) - raft.server.watch.timeout.denomination = 1s (default)
2021-12-24 01:39:20,543 [101c5a0a-6a0b-4b69-94db-b1e14f36097a@group-5E4A21277A04-LeaderElection23] INFO  server.RaftServerConfigKeys (ConfUtils.java:logGet(44)) - raft.server.watch.element-limit = 65536 (default)
2021-12-24 01:39:20,544 [101c5a0a-6a0b-4b69-94db-b1e14f36097a@group-5E4A21277A04-LeaderElection23] INFO  server.RaftServerConfigKeys (ConfUtils.java:logGet(44)) - raft.server.write.element-limit = 1024 (custom)
2021-12-24 01:39:20,544 [101c5a0a-6a0b-4b69-94db-b1e14f36097a@group-5E4A21277A04-LeaderElection23] INFO  server.RaftServerConfigKeys (ConfUtils.java:logGet(44)) - raft.server.write.follower.gap.ratio.max = -1.0 (default)
2021-12-24 01:39:20,544 [101c5a0a-6a0b-4b69-94db-b1e14f36097a@group-5E4A21277A04-LeaderElection23] INFO  impl.RoleInfo (RoleInfo.java:updateAndGet(130)) - 101c5a0a-6a0b-4b69-94db-b1e14f36097a: start 101c5a0a-6a0b-4b69-94db-b1e14f36097a@group-5E4A21277A04-LeaderStateImpl
2021-12-24 01:39:20,544 [101c5a0a-6a0b-4b69-94db-b1e14f36097a@group-5E4A21277A04-LeaderElection23] INFO  segmented.SegmentedRaftLogWorker (SegmentedRaftLogWorker.java:startLogSegment(394)) - 101c5a0a-6a0b-4b69-94db-b1e14f36097a@group-5E4A21277A04-SegmentedRaftLogWorker: Starting segment from index:0
2021-12-24 01:39:20,547 [101c5a0a-6a0b-4b69-94db-b1e14f36097a@group-5E4A21277A04-SegmentedRaftLogWorker] INFO  segmented.SegmentedRaftLogWorker (SegmentedRaftLogWorker.java:execute(601)) - 101c5a0a-6a0b-4b69-94db-b1e14f36097a@group-5E4A21277A04-SegmentedRaftLogWorker: created new log segment /home/runner/work/ozone/ozone/hadoop-ozone/integration-test/target/test-dir/MiniOzoneClusterImpl-457f4e2c-1d7f-4a2a-8b89-0860a01b056d/datanode-1/data/ratis/ed9064ed-0bb0-4782-8225-5e4a21277a04/current/log_inprogress_0
2021-12-24 01:39:20,547 [EventQueue-OpenPipelineForHealthyPipelineSafeModeRule] INFO  safemode.SCMSafeModeManager (HealthyPipelineSafeModeRule.java:process(124)) - SCM in safe mode. Healthy pipelines reported count is 0, required healthy pipeline reported count is 1
2021-12-24 01:39:20,550 [101c5a0a-6a0b-4b69-94db-b1e14f36097a@group-5E4A21277A04-LeaderElection23] INFO  server.RaftServer$Division (ServerState.java:setRaftConf(387)) - 101c5a0a-6a0b-4b69-94db-b1e14f36097a@group-5E4A21277A04: set configuration 0: [101c5a0a-6a0b-4b69-94db-b1e14f36097a|rpc:10.1.0.29:35977|dataStream:|priority:1], old=null
2021-12-24 01:39:20,846 [Listener at 127.0.0.1/39723] INFO  ozone.MiniOzoneClusterImpl (MiniOzoneClusterImpl.java:lambda$waitForClusterToBeReady$0(235)) - Nodes are ready. Got 3 of 3 DN Heartbeats.
2021-12-24 01:39:20,847 [Listener at 127.0.0.1/39723] INFO  ozone.MiniOzoneClusterImpl (MiniOzoneClusterImpl.java:lambda$waitForClusterToBeReady$0(238)) - Waiting for cluster to exit safe mode
2021-12-24 01:39:20,847 [Listener at 127.0.0.1/39723] INFO  ozone.MiniOzoneClusterImpl (MiniOzoneClusterImpl.java:lambda$waitForClusterToBeReady$0(240)) - SCM became leader
2021-12-24 01:39:20,956 [60bff453-db1a-4c7e-8fb6-f4d87589f2a9@group-403B9D9EF502-FollowerState] INFO  impl.FollowerState (FollowerState.java:run(134)) - 60bff453-db1a-4c7e-8fb6-f4d87589f2a9@group-403B9D9EF502-FollowerState: change to CANDIDATE, lastRpcElapsedTime:5043181520ns, electionTimeout:5033ms
2021-12-24 01:39:20,956 [60bff453-db1a-4c7e-8fb6-f4d87589f2a9@group-403B9D9EF502-FollowerState] INFO  impl.RoleInfo (RoleInfo.java:shutdownFollowerState(108)) - 60bff453-db1a-4c7e-8fb6-f4d87589f2a9: shutdown 60bff453-db1a-4c7e-8fb6-f4d87589f2a9@group-403B9D9EF502-FollowerState
2021-12-24 01:39:20,956 [60bff453-db1a-4c7e-8fb6-f4d87589f2a9@group-403B9D9EF502-FollowerState] INFO  server.RaftServer$Division (RaftServerImpl.java:setRole(290)) - 60bff453-db1a-4c7e-8fb6-f4d87589f2a9@group-403B9D9EF502: changes role from  FOLLOWER to CANDIDATE at term 0 for changeToCandidate
2021-12-24 01:39:20,956 [60bff453-db1a-4c7e-8fb6-f4d87589f2a9@group-403B9D9EF502-FollowerState] INFO  server.RaftServerConfigKeys (ConfUtils.java:logGet(44)) - raft.server.leaderelection.pre-vote = false (custom)
2021-12-24 01:39:20,956 [60bff453-db1a-4c7e-8fb6-f4d87589f2a9@group-403B9D9EF502-FollowerState] INFO  impl.RoleInfo (RoleInfo.java:updateAndGet(130)) - 60bff453-db1a-4c7e-8fb6-f4d87589f2a9: start 60bff453-db1a-4c7e-8fb6-f4d87589f2a9@group-403B9D9EF502-LeaderElection24
2021-12-24 01:39:20,975 [60bff453-db1a-4c7e-8fb6-f4d87589f2a9@group-403B9D9EF502-LeaderElection24] INFO  impl.LeaderElection (LeaderElection.java:askForVotes(306)) - 60bff453-db1a-4c7e-8fb6-f4d87589f2a9@group-403B9D9EF502-LeaderElection24 ELECTION round 0: submit vote requests at term 1 for -1: [60bff453-db1a-4c7e-8fb6-f4d87589f2a9|rpc:10.1.0.29:39663|priority:1], old=null
2021-12-24 01:39:20,975 [60bff453-db1a-4c7e-8fb6-f4d87589f2a9@group-403B9D9EF502-LeaderElection24] INFO  impl.LeaderElection (LeaderElection.java:askForVotes(308)) - 60bff453-db1a-4c7e-8fb6-f4d87589f2a9@group-403B9D9EF502-LeaderElection24 ELECTION round 0: result PASSED (term=1)
2021-12-24 01:39:20,975 [60bff453-db1a-4c7e-8fb6-f4d87589f2a9@group-403B9D9EF502-LeaderElection24] INFO  impl.RoleInfo (RoleInfo.java:shutdownLeaderElection(121)) - 60bff453-db1a-4c7e-8fb6-f4d87589f2a9: shutdown 60bff453-db1a-4c7e-8fb6-f4d87589f2a9@group-403B9D9EF502-LeaderElection24
2021-12-24 01:39:20,976 [60bff453-db1a-4c7e-8fb6-f4d87589f2a9@group-403B9D9EF502-LeaderElection24] INFO  server.RaftServer$Division (RaftServerImpl.java:setRole(290)) - 60bff453-db1a-4c7e-8fb6-f4d87589f2a9@group-403B9D9EF502: changes role from CANDIDATE to LEADER at term 1 for changeToLeader
2021-12-24 01:39:20,976 [60bff453-db1a-4c7e-8fb6-f4d87589f2a9@group-403B9D9EF502-LeaderElection24] INFO  ratis.XceiverServerRatis (XceiverServerRatis.java:handleLeaderChangedNotification(866)) - Leader change notification received for group: group-403B9D9EF502 with new leaderId: 60bff453-db1a-4c7e-8fb6-f4d87589f2a9
2021-12-24 01:39:20,977 [60bff453-db1a-4c7e-8fb6-f4d87589f2a9@group-403B9D9EF502-LeaderElection24] INFO  server.RaftServer$Division (ServerState.java:setLeader(285)) - 60bff453-db1a-4c7e-8fb6-f4d87589f2a9@group-403B9D9EF502: change Leader from null to 60bff453-db1a-4c7e-8fb6-f4d87589f2a9 at term 1 for becomeLeader, leader elected after 5089ms
2021-12-24 01:39:20,977 [60bff453-db1a-4c7e-8fb6-f4d87589f2a9@group-403B9D9EF502-LeaderElection24] INFO  server.RaftServerConfigKeys (ConfUtils.java:logGet(44)) - raft.server.staging.catchup.gap = 1000 (default)
2021-12-24 01:39:20,977 [60bff453-db1a-4c7e-8fb6-f4d87589f2a9@group-403B9D9EF502-LeaderElection24] INFO  server.RaftServerConfigKeys (ConfUtils.java:logGet(44)) - raft.server.write.element-limit = 1024 (custom)
2021-12-24 01:39:20,977 [60bff453-db1a-4c7e-8fb6-f4d87589f2a9@group-403B9D9EF502-LeaderElection24] INFO  server.RaftServerConfigKeys (ConfUtils.java:logGet(44)) - raft.server.write.byte-limit = 1024 M (=1073741824) (custom)
2021-12-24 01:39:20,977 [EventQueue-OpenPipelineForHealthyPipelineSafeModeRule] INFO  safemode.SCMSafeModeManager (HealthyPipelineSafeModeRule.java:process(124)) - SCM in safe mode. Healthy pipelines reported count is 0, required healthy pipeline reported count is 1
2021-12-24 01:39:20,978 [60bff453-db1a-4c7e-8fb6-f4d87589f2a9@group-403B9D9EF502-LeaderElection24] INFO  server.RaftServerConfigKeys (ConfUtils.java:logGet(44)) - raft.server.watch.timeout = 180s (custom)
2021-12-24 01:39:20,978 [60bff453-db1a-4c7e-8fb6-f4d87589f2a9@group-403B9D9EF502-LeaderElection24] INFO  server.RaftServerConfigKeys (ConfUtils.java:logGet(44)) - raft.server.watch.timeout.denomination = 1s (default)
2021-12-24 01:39:20,978 [60bff453-db1a-4c7e-8fb6-f4d87589f2a9@group-403B9D9EF502-LeaderElection24] INFO  server.RaftServerConfigKeys (ConfUtils.java:logGet(44)) - raft.server.watch.element-limit = 65536 (default)
2021-12-24 01:39:20,978 [60bff453-db1a-4c7e-8fb6-f4d87589f2a9@group-403B9D9EF502-LeaderElection24] INFO  server.RaftServerConfigKeys (ConfUtils.java:logGet(44)) - raft.server.write.element-limit = 1024 (custom)
2021-12-24 01:39:20,978 [60bff453-db1a-4c7e-8fb6-f4d87589f2a9@group-403B9D9EF502-LeaderElection24] INFO  server.RaftServerConfigKeys (ConfUtils.java:logGet(44)) - raft.server.write.follower.gap.ratio.max = -1.0 (default)
2021-12-24 01:39:20,978 [60bff453-db1a-4c7e-8fb6-f4d87589f2a9@group-403B9D9EF502-LeaderElection24] INFO  impl.RoleInfo (RoleInfo.java:updateAndGet(130)) - 60bff453-db1a-4c7e-8fb6-f4d87589f2a9: start 60bff453-db1a-4c7e-8fb6-f4d87589f2a9@group-403B9D9EF502-LeaderStateImpl
2021-12-24 01:39:20,979 [60bff453-db1a-4c7e-8fb6-f4d87589f2a9@group-403B9D9EF502-LeaderElection24] INFO  segmented.SegmentedRaftLogWorker (SegmentedRaftLogWorker.java:startLogSegment(394)) - 60bff453-db1a-4c7e-8fb6-f4d87589f2a9@group-403B9D9EF502-SegmentedRaftLogWorker: Starting segment from index:0
2021-12-24 01:39:20,982 [60bff453-db1a-4c7e-8fb6-f4d87589f2a9@group-403B9D9EF502-SegmentedRaftLogWorker] INFO  segmented.SegmentedRaftLogWorker (SegmentedRaftLogWorker.java:execute(601)) - 60bff453-db1a-4c7e-8fb6-f4d87589f2a9@group-403B9D9EF502-SegmentedRaftLogWorker: created new log segment /home/runner/work/ozone/ozone/hadoop-ozone/integration-test/target/test-dir/MiniOzoneClusterImpl-457f4e2c-1d7f-4a2a-8b89-0860a01b056d/datanode-2/data/ratis/8719df66-e711-4f55-8344-403b9d9ef502/current/log_inprogress_0
2021-12-24 01:39:20,983 [60bff453-db1a-4c7e-8fb6-f4d87589f2a9@group-403B9D9EF502-LeaderElection24] INFO  server.RaftServer$Division (ServerState.java:setRaftConf(387)) - 60bff453-db1a-4c7e-8fb6-f4d87589f2a9@group-403B9D9EF502: set configuration 0: [60bff453-db1a-4c7e-8fb6-f4d87589f2a9|rpc:10.1.0.29:39663|dataStream:|priority:1], old=null
2021-12-24 01:39:21,847 [Listener at 127.0.0.1/39723] INFO  ozone.MiniOzoneClusterImpl (MiniOzoneClusterImpl.java:lambda$waitForClusterToBeReady$0(235)) - Nodes are ready. Got 3 of 3 DN Heartbeats.
2021-12-24 01:39:21,847 [Listener at 127.0.0.1/39723] INFO  ozone.MiniOzoneClusterImpl (MiniOzoneClusterImpl.java:lambda$waitForClusterToBeReady$0(238)) - Waiting for cluster to exit safe mode
2021-12-24 01:39:21,847 [Listener at 127.0.0.1/39723] INFO  ozone.MiniOzoneClusterImpl (MiniOzoneClusterImpl.java:lambda$waitForClusterToBeReady$0(240)) - SCM became leader
2021-12-24 01:39:22,848 [Listener at 127.0.0.1/39723] INFO  ozone.MiniOzoneClusterImpl (MiniOzoneClusterImpl.java:lambda$waitForClusterToBeReady$0(235)) - Nodes are ready. Got 3 of 3 DN Heartbeats.
2021-12-24 01:39:22,848 [Listener at 127.0.0.1/39723] INFO  ozone.MiniOzoneClusterImpl (MiniOzoneClusterImpl.java:lambda$waitForClusterToBeReady$0(238)) - Waiting for cluster to exit safe mode
2021-12-24 01:39:22,848 [Listener at 127.0.0.1/39723] INFO  ozone.MiniOzoneClusterImpl (MiniOzoneClusterImpl.java:lambda$waitForClusterToBeReady$0(240)) - SCM became leader
2021-12-24 01:39:23,853 [Listener at 127.0.0.1/39723] INFO  ozone.MiniOzoneClusterImpl (MiniOzoneClusterImpl.java:lambda$waitForClusterToBeReady$0(235)) - Nodes are ready. Got 3 of 3 DN Heartbeats.
2021-12-24 01:39:23,854 [Listener at 127.0.0.1/39723] INFO  ozone.MiniOzoneClusterImpl (MiniOzoneClusterImpl.java:lambda$waitForClusterToBeReady$0(238)) - Waiting for cluster to exit safe mode
2021-12-24 01:39:23,857 [Listener at 127.0.0.1/39723] INFO  ozone.MiniOzoneClusterImpl (MiniOzoneClusterImpl.java:lambda$waitForClusterToBeReady$0(240)) - SCM became leader
2021-12-24 01:39:24,857 [Listener at 127.0.0.1/39723] INFO  ozone.MiniOzoneClusterImpl (MiniOzoneClusterImpl.java:lambda$waitForClusterToBeReady$0(235)) - Nodes are ready. Got 3 of 3 DN Heartbeats.
2021-12-24 01:39:24,857 [Listener at 127.0.0.1/39723] INFO  ozone.MiniOzoneClusterImpl (MiniOzoneClusterImpl.java:lambda$waitForClusterToBeReady$0(238)) - Waiting for cluster to exit safe mode
2021-12-24 01:39:24,857 [Listener at 127.0.0.1/39723] INFO  ozone.MiniOzoneClusterImpl (MiniOzoneClusterImpl.java:lambda$waitForClusterToBeReady$0(240)) - SCM became leader
2021-12-24 01:39:25,312 [60bff453-db1a-4c7e-8fb6-f4d87589f2a9@group-B954EE4169AF-FollowerState] INFO  impl.FollowerState (FollowerState.java:run(134)) - 60bff453-db1a-4c7e-8fb6-f4d87589f2a9@group-B954EE4169AF-FollowerState: change to CANDIDATE, lastRpcElapsedTime:5026221617ns, electionTimeout:5022ms
2021-12-24 01:39:25,312 [60bff453-db1a-4c7e-8fb6-f4d87589f2a9@group-B954EE4169AF-FollowerState] INFO  impl.RoleInfo (RoleInfo.java:shutdownFollowerState(108)) - 60bff453-db1a-4c7e-8fb6-f4d87589f2a9: shutdown 60bff453-db1a-4c7e-8fb6-f4d87589f2a9@group-B954EE4169AF-FollowerState
2021-12-24 01:39:25,312 [60bff453-db1a-4c7e-8fb6-f4d87589f2a9@group-B954EE4169AF-FollowerState] INFO  server.RaftServer$Division (RaftServerImpl.java:setRole(290)) - 60bff453-db1a-4c7e-8fb6-f4d87589f2a9@group-B954EE4169AF: changes role from  FOLLOWER to CANDIDATE at term 1 for changeToCandidate
2021-12-24 01:39:25,312 [60bff453-db1a-4c7e-8fb6-f4d87589f2a9@group-B954EE4169AF-FollowerState] INFO  server.RaftServerConfigKeys (ConfUtils.java:logGet(44)) - raft.server.leaderelection.pre-vote = false (custom)
2021-12-24 01:39:25,313 [60bff453-db1a-4c7e-8fb6-f4d87589f2a9@group-B954EE4169AF-FollowerState] INFO  impl.RoleInfo (RoleInfo.java:updateAndGet(130)) - 60bff453-db1a-4c7e-8fb6-f4d87589f2a9: start 60bff453-db1a-4c7e-8fb6-f4d87589f2a9@group-B954EE4169AF-LeaderElection25
2021-12-24 01:39:25,323 [60bff453-db1a-4c7e-8fb6-f4d87589f2a9@group-B954EE4169AF-LeaderElection25] INFO  impl.LeaderElection (LeaderElection.java:askForVotes(306)) - 60bff453-db1a-4c7e-8fb6-f4d87589f2a9@group-B954EE4169AF-LeaderElection25 ELECTION round 0: submit vote requests at term 2 for -1: [101c5a0a-6a0b-4b69-94db-b1e14f36097a|rpc:10.1.0.29:35977|dataStream:|priority:1, a08ebff1-9b45-4323-8dfa-f34875366795|rpc:10.1.0.29:40615|dataStream:|priority:0, 60bff453-db1a-4c7e-8fb6-f4d87589f2a9|rpc:10.1.0.29:39663|dataStream:|priority:0], old=null
2021-12-24 01:39:25,332 [grpc-default-executor-0] INFO  server.RaftServer$Division (RaftServerImpl.java:requestVote(1046)) - a08ebff1-9b45-4323-8dfa-f34875366795@group-B954EE4169AF: receive requestVote(ELECTION, 60bff453-db1a-4c7e-8fb6-f4d87589f2a9, group-B954EE4169AF, 2, (t:0, i:0))
2021-12-24 01:39:25,332 [grpc-default-executor-0] INFO  impl.VoteContext (VoteContext.java:log(48)) - a08ebff1-9b45-4323-8dfa-f34875366795@group-B954EE4169AF-FOLLOWER: accept ELECTION from 60bff453-db1a-4c7e-8fb6-f4d87589f2a9: our priority 0 <= candidate's priority 0
2021-12-24 01:39:25,332 [grpc-default-executor-0] INFO  server.RaftServer$Division (RaftServerImpl.java:setRole(290)) - a08ebff1-9b45-4323-8dfa-f34875366795@group-B954EE4169AF: changes role from  FOLLOWER to FOLLOWER at term 2 for candidate:60bff453-db1a-4c7e-8fb6-f4d87589f2a9
2021-12-24 01:39:25,332 [grpc-default-executor-0] INFO  impl.RoleInfo (RoleInfo.java:shutdownFollowerState(108)) - a08ebff1-9b45-4323-8dfa-f34875366795: shutdown a08ebff1-9b45-4323-8dfa-f34875366795@group-B954EE4169AF-FollowerState
2021-12-24 01:39:25,333 [grpc-default-executor-0] INFO  impl.RoleInfo (RoleInfo.java:updateAndGet(130)) - a08ebff1-9b45-4323-8dfa-f34875366795: start a08ebff1-9b45-4323-8dfa-f34875366795@group-B954EE4169AF-FollowerState
2021-12-24 01:39:25,333 [a08ebff1-9b45-4323-8dfa-f34875366795@group-B954EE4169AF-FollowerState] INFO  impl.FollowerState (FollowerState.java:run(143)) - a08ebff1-9b45-4323-8dfa-f34875366795@group-B954EE4169AF-FollowerState was interrupted: {}
java.lang.InterruptedException: sleep interrupted
	at java.lang.Thread.sleep(Native Method)
	at java.lang.Thread.sleep(Thread.java:340)
	at java.util.concurrent.TimeUnit.sleep(TimeUnit.java:386)
	at org.apache.ratis.util.TimeDuration.sleep(TimeDuration.java:324)
	at org.apache.ratis.util.TimeDuration.sleep(TimeDuration.java:309)
	at org.apache.ratis.server.impl.FollowerState.run(FollowerState.java:118)
2021-12-24 01:39:25,333 [grpc-default-executor-1] INFO  server.RaftServer$Division (RaftServerImpl.java:requestVote(1046)) - 101c5a0a-6a0b-4b69-94db-b1e14f36097a@group-B954EE4169AF: receive requestVote(ELECTION, 60bff453-db1a-4c7e-8fb6-f4d87589f2a9, group-B954EE4169AF, 2, (t:0, i:0))
2021-12-24 01:39:25,358 [grpc-default-executor-1] INFO  impl.VoteContext (VoteContext.java:log(48)) - 101c5a0a-6a0b-4b69-94db-b1e14f36097a@group-B954EE4169AF-FOLLOWER: reject ELECTION from 60bff453-db1a-4c7e-8fb6-f4d87589f2a9: our priority 1 > candidate's priority 0
2021-12-24 01:39:25,359 [grpc-default-executor-1] INFO  server.RaftServer$Division (RaftServerImpl.java:setRole(290)) - 101c5a0a-6a0b-4b69-94db-b1e14f36097a@group-B954EE4169AF: changes role from  FOLLOWER to FOLLOWER at term 2 for candidate:60bff453-db1a-4c7e-8fb6-f4d87589f2a9
2021-12-24 01:39:25,366 [grpc-default-executor-1] INFO  impl.RoleInfo (RoleInfo.java:shutdownFollowerState(108)) - 101c5a0a-6a0b-4b69-94db-b1e14f36097a: shutdown 101c5a0a-6a0b-4b69-94db-b1e14f36097a@group-B954EE4169AF-FollowerState
2021-12-24 01:39:25,366 [grpc-default-executor-1] INFO  impl.RoleInfo (RoleInfo.java:updateAndGet(130)) - 101c5a0a-6a0b-4b69-94db-b1e14f36097a: start 101c5a0a-6a0b-4b69-94db-b1e14f36097a@group-B954EE4169AF-FollowerState
2021-12-24 01:39:25,366 [101c5a0a-6a0b-4b69-94db-b1e14f36097a@group-B954EE4169AF-FollowerState] INFO  impl.FollowerState (FollowerState.java:run(143)) - 101c5a0a-6a0b-4b69-94db-b1e14f36097a@group-B954EE4169AF-FollowerState was interrupted: {}
java.lang.InterruptedException: sleep interrupted
	at java.lang.Thread.sleep(Native Method)
	at java.lang.Thread.sleep(Thread.java:340)
	at java.util.concurrent.TimeUnit.sleep(TimeUnit.java:386)
	at org.apache.ratis.util.TimeDuration.sleep(TimeDuration.java:324)
	at org.apache.ratis.util.TimeDuration.sleep(TimeDuration.java:309)
	at org.apache.ratis.server.impl.FollowerState.run(FollowerState.java:118)
2021-12-24 01:39:25,367 [grpc-default-executor-0] INFO  server.RaftServer$Division (RaftServerImpl.java:requestVote(1078)) - a08ebff1-9b45-4323-8dfa-f34875366795@group-B954EE4169AF replies to ELECTION vote request: 60bff453-db1a-4c7e-8fb6-f4d87589f2a9<-a08ebff1-9b45-4323-8dfa-f34875366795#0:OK-t2. Peer's state: a08ebff1-9b45-4323-8dfa-f34875366795@group-B954EE4169AF:t2, leader=null, voted=60bff453-db1a-4c7e-8fb6-f4d87589f2a9, raftlog=a08ebff1-9b45-4323-8dfa-f34875366795@group-B954EE4169AF-SegmentedRaftLog:OPENED:c-1, conf=-1: [101c5a0a-6a0b-4b69-94db-b1e14f36097a|rpc:10.1.0.29:35977|priority:1, a08ebff1-9b45-4323-8dfa-f34875366795|rpc:10.1.0.29:40615|priority:0, 60bff453-db1a-4c7e-8fb6-f4d87589f2a9|rpc:10.1.0.29:39663|priority:0], old=null
2021-12-24 01:39:25,368 [grpc-default-executor-1] INFO  server.RaftServer$Division (RaftServerImpl.java:requestVote(1078)) - 101c5a0a-6a0b-4b69-94db-b1e14f36097a@group-B954EE4169AF replies to ELECTION vote request: 60bff453-db1a-4c7e-8fb6-f4d87589f2a9<-101c5a0a-6a0b-4b69-94db-b1e14f36097a#0:FAIL-t2. Peer's state: 101c5a0a-6a0b-4b69-94db-b1e14f36097a@group-B954EE4169AF:t2, leader=null, voted=null, raftlog=101c5a0a-6a0b-4b69-94db-b1e14f36097a@group-B954EE4169AF-SegmentedRaftLog:OPENED:c-1, conf=-1: [101c5a0a-6a0b-4b69-94db-b1e14f36097a|rpc:10.1.0.29:35977|dataStream:|priority:1, a08ebff1-9b45-4323-8dfa-f34875366795|rpc:10.1.0.29:40615|dataStream:|priority:0, 60bff453-db1a-4c7e-8fb6-f4d87589f2a9|rpc:10.1.0.29:39663|dataStream:|priority:0], old=null
2021-12-24 01:39:25,373 [60bff453-db1a-4c7e-8fb6-f4d87589f2a9@group-B954EE4169AF-LeaderElection25] INFO  impl.LeaderElection (LeaderElection.java:logAndReturn(89)) - 60bff453-db1a-4c7e-8fb6-f4d87589f2a9@group-B954EE4169AF-LeaderElection25: ELECTION REJECTED received 2 response(s) and 0 exception(s):
2021-12-24 01:39:25,378 [60bff453-db1a-4c7e-8fb6-f4d87589f2a9@group-B954EE4169AF-LeaderElection25] INFO  impl.LeaderElection (LeaderElection.java:logAndReturn(93)) -   Response 0: 60bff453-db1a-4c7e-8fb6-f4d87589f2a9<-101c5a0a-6a0b-4b69-94db-b1e14f36097a#0:FAIL-t2
2021-12-24 01:39:25,378 [60bff453-db1a-4c7e-8fb6-f4d87589f2a9@group-B954EE4169AF-LeaderElection25] INFO  impl.LeaderElection (LeaderElection.java:logAndReturn(93)) -   Response 1: 60bff453-db1a-4c7e-8fb6-f4d87589f2a9<-a08ebff1-9b45-4323-8dfa-f34875366795#0:OK-t2
2021-12-24 01:39:25,378 [60bff453-db1a-4c7e-8fb6-f4d87589f2a9@group-B954EE4169AF-LeaderElection25] INFO  impl.LeaderElection (LeaderElection.java:askForVotes(308)) - 60bff453-db1a-4c7e-8fb6-f4d87589f2a9@group-B954EE4169AF-LeaderElection25 ELECTION round 0: result REJECTED
2021-12-24 01:39:25,378 [60bff453-db1a-4c7e-8fb6-f4d87589f2a9@group-B954EE4169AF-LeaderElection25] INFO  server.RaftServer$Division (RaftServerImpl.java:setRole(290)) - 60bff453-db1a-4c7e-8fb6-f4d87589f2a9@group-B954EE4169AF: changes role from CANDIDATE to FOLLOWER at term 2 for REJECTED
2021-12-24 01:39:25,378 [60bff453-db1a-4c7e-8fb6-f4d87589f2a9@group-B954EE4169AF-LeaderElection25] INFO  impl.RoleInfo (RoleInfo.java:shutdownLeaderElection(121)) - 60bff453-db1a-4c7e-8fb6-f4d87589f2a9: shutdown 60bff453-db1a-4c7e-8fb6-f4d87589f2a9@group-B954EE4169AF-LeaderElection25
2021-12-24 01:39:25,378 [60bff453-db1a-4c7e-8fb6-f4d87589f2a9@group-B954EE4169AF-LeaderElection25] INFO  impl.RoleInfo (RoleInfo.java:updateAndGet(130)) - 60bff453-db1a-4c7e-8fb6-f4d87589f2a9: start 60bff453-db1a-4c7e-8fb6-f4d87589f2a9@group-B954EE4169AF-FollowerState
2021-12-24 01:39:25,597 [60bff453-db1a-4c7e-8fb6-f4d87589f2a9@group-BD1077FEF8FB-FollowerState] INFO  impl.FollowerState (FollowerState.java:run(134)) - 60bff453-db1a-4c7e-8fb6-f4d87589f2a9@group-BD1077FEF8FB-FollowerState: change to CANDIDATE, lastRpcElapsedTime:5176773111ns, electionTimeout:5168ms
2021-12-24 01:39:25,607 [60bff453-db1a-4c7e-8fb6-f4d87589f2a9@group-BD1077FEF8FB-FollowerState] INFO  impl.RoleInfo (RoleInfo.java:shutdownFollowerState(108)) - 60bff453-db1a-4c7e-8fb6-f4d87589f2a9: shutdown 60bff453-db1a-4c7e-8fb6-f4d87589f2a9@group-BD1077FEF8FB-FollowerState
2021-12-24 01:39:25,607 [60bff453-db1a-4c7e-8fb6-f4d87589f2a9@group-BD1077FEF8FB-FollowerState] INFO  server.RaftServer$Division (RaftServerImpl.java:setRole(290)) - 60bff453-db1a-4c7e-8fb6-f4d87589f2a9@group-BD1077FEF8FB: changes role from  FOLLOWER to CANDIDATE at term 1 for changeToCandidate
2021-12-24 01:39:25,608 [60bff453-db1a-4c7e-8fb6-f4d87589f2a9@group-BD1077FEF8FB-FollowerState] INFO  server.RaftServerConfigKeys (ConfUtils.java:logGet(44)) - raft.server.leaderelection.pre-vote = false (custom)
2021-12-24 01:39:25,608 [60bff453-db1a-4c7e-8fb6-f4d87589f2a9@group-BD1077FEF8FB-FollowerState] INFO  impl.RoleInfo (RoleInfo.java:updateAndGet(130)) - 60bff453-db1a-4c7e-8fb6-f4d87589f2a9: start 60bff453-db1a-4c7e-8fb6-f4d87589f2a9@group-BD1077FEF8FB-LeaderElection26
2021-12-24 01:39:25,620 [a08ebff1-9b45-4323-8dfa-f34875366795@group-BD1077FEF8FB-FollowerState] INFO  impl.FollowerState (FollowerState.java:run(134)) - a08ebff1-9b45-4323-8dfa-f34875366795@group-BD1077FEF8FB-FollowerState: change to CANDIDATE, lastRpcElapsedTime:5186544700ns, electionTimeout:5182ms
2021-12-24 01:39:25,620 [a08ebff1-9b45-4323-8dfa-f34875366795@group-BD1077FEF8FB-FollowerState] INFO  impl.RoleInfo (RoleInfo.java:shutdownFollowerState(108)) - a08ebff1-9b45-4323-8dfa-f34875366795: shutdown a08ebff1-9b45-4323-8dfa-f34875366795@group-BD1077FEF8FB-FollowerState
2021-12-24 01:39:25,621 [a08ebff1-9b45-4323-8dfa-f34875366795@group-BD1077FEF8FB-FollowerState] INFO  server.RaftServer$Division (RaftServerImpl.java:setRole(290)) - a08ebff1-9b45-4323-8dfa-f34875366795@group-BD1077FEF8FB: changes role from  FOLLOWER to CANDIDATE at term 1 for changeToCandidate
2021-12-24 01:39:25,621 [a08ebff1-9b45-4323-8dfa-f34875366795@group-BD1077FEF8FB-FollowerState] INFO  server.RaftServerConfigKeys (ConfUtils.java:logGet(44)) - raft.server.leaderelection.pre-vote = false (custom)
2021-12-24 01:39:25,621 [a08ebff1-9b45-4323-8dfa-f34875366795@group-BD1077FEF8FB-FollowerState] INFO  impl.RoleInfo (RoleInfo.java:updateAndGet(130)) - a08ebff1-9b45-4323-8dfa-f34875366795: start a08ebff1-9b45-4323-8dfa-f34875366795@group-BD1077FEF8FB-LeaderElection27
2021-12-24 01:39:25,622 [60bff453-db1a-4c7e-8fb6-f4d87589f2a9@group-BD1077FEF8FB-LeaderElection26] INFO  impl.LeaderElection (LeaderElection.java:askForVotes(306)) - 60bff453-db1a-4c7e-8fb6-f4d87589f2a9@group-BD1077FEF8FB-LeaderElection26 ELECTION round 0: submit vote requests at term 2 for -1: [101c5a0a-6a0b-4b69-94db-b1e14f36097a|rpc:10.1.0.29:35977|dataStream:|priority:0, a08ebff1-9b45-4323-8dfa-f34875366795|rpc:10.1.0.29:40615|dataStream:|priority:0, 60bff453-db1a-4c7e-8fb6-f4d87589f2a9|rpc:10.1.0.29:39663|dataStream:|priority:1], old=null
2021-12-24 01:39:25,641 [a08ebff1-9b45-4323-8dfa-f34875366795@group-BD1077FEF8FB-LeaderElection27] INFO  impl.LeaderElection (LeaderElection.java:askForVotes(306)) - a08ebff1-9b45-4323-8dfa-f34875366795@group-BD1077FEF8FB-LeaderElection27 ELECTION round 0: submit vote requests at term 2 for -1: [101c5a0a-6a0b-4b69-94db-b1e14f36097a|rpc:10.1.0.29:35977|priority:0, a08ebff1-9b45-4323-8dfa-f34875366795|rpc:10.1.0.29:40615|priority:0, 60bff453-db1a-4c7e-8fb6-f4d87589f2a9|rpc:10.1.0.29:39663|priority:1], old=null
2021-12-24 01:39:25,666 [grpc-default-executor-1] INFO  server.RaftServer$Division (RaftServerImpl.java:requestVote(1046)) - 101c5a0a-6a0b-4b69-94db-b1e14f36097a@group-BD1077FEF8FB: receive requestVote(ELECTION, 60bff453-db1a-4c7e-8fb6-f4d87589f2a9, group-BD1077FEF8FB, 2, (t:0, i:0))
2021-12-24 01:39:25,683 [grpc-default-executor-1] INFO  impl.VoteContext (VoteContext.java:log(48)) - 101c5a0a-6a0b-4b69-94db-b1e14f36097a@group-BD1077FEF8FB-FOLLOWER: accept ELECTION from 60bff453-db1a-4c7e-8fb6-f4d87589f2a9: our priority 0 <= candidate's priority 1
2021-12-24 01:39:25,683 [grpc-default-executor-1] INFO  server.RaftServer$Division (RaftServerImpl.java:setRole(290)) - 101c5a0a-6a0b-4b69-94db-b1e14f36097a@group-BD1077FEF8FB: changes role from  FOLLOWER to FOLLOWER at term 2 for candidate:60bff453-db1a-4c7e-8fb6-f4d87589f2a9
2021-12-24 01:39:25,683 [grpc-default-executor-1] INFO  impl.RoleInfo (RoleInfo.java:shutdownFollowerState(108)) - 101c5a0a-6a0b-4b69-94db-b1e14f36097a: shutdown 101c5a0a-6a0b-4b69-94db-b1e14f36097a@group-BD1077FEF8FB-FollowerState
2021-12-24 01:39:25,683 [grpc-default-executor-1] INFO  impl.RoleInfo (RoleInfo.java:updateAndGet(130)) - 101c5a0a-6a0b-4b69-94db-b1e14f36097a: start 101c5a0a-6a0b-4b69-94db-b1e14f36097a@group-BD1077FEF8FB-FollowerState
2021-12-24 01:39:25,666 [grpc-default-executor-0] INFO  server.RaftServer$Division (RaftServerImpl.java:requestVote(1046)) - a08ebff1-9b45-4323-8dfa-f34875366795@group-BD1077FEF8FB: receive requestVote(ELECTION, 60bff453-db1a-4c7e-8fb6-f4d87589f2a9, group-BD1077FEF8FB, 2, (t:0, i:0))
2021-12-24 01:39:25,683 [grpc-default-executor-0] INFO  impl.VoteContext (VoteContext.java:log(48)) - a08ebff1-9b45-4323-8dfa-f34875366795@group-BD1077FEF8FB-CANDIDATE: reject ELECTION from 60bff453-db1a-4c7e-8fb6-f4d87589f2a9: already has voted for a08ebff1-9b45-4323-8dfa-f34875366795 at current term 2
2021-12-24 01:39:25,683 [grpc-default-executor-0] INFO  server.RaftServer$Division (RaftServerImpl.java:requestVote(1078)) - a08ebff1-9b45-4323-8dfa-f34875366795@group-BD1077FEF8FB replies to ELECTION vote request: 60bff453-db1a-4c7e-8fb6-f4d87589f2a9<-a08ebff1-9b45-4323-8dfa-f34875366795#0:FAIL-t2. Peer's state: a08ebff1-9b45-4323-8dfa-f34875366795@group-BD1077FEF8FB:t2, leader=null, voted=a08ebff1-9b45-4323-8dfa-f34875366795, raftlog=a08ebff1-9b45-4323-8dfa-f34875366795@group-BD1077FEF8FB-SegmentedRaftLog:OPENED:c-1, conf=-1: [101c5a0a-6a0b-4b69-94db-b1e14f36097a|rpc:10.1.0.29:35977|priority:0, a08ebff1-9b45-4323-8dfa-f34875366795|rpc:10.1.0.29:40615|priority:0, 60bff453-db1a-4c7e-8fb6-f4d87589f2a9|rpc:10.1.0.29:39663|priority:1], old=null
2021-12-24 01:39:25,683 [grpc-default-executor-2] INFO  server.RaftServer$Division (RaftServerImpl.java:requestVote(1046)) - 101c5a0a-6a0b-4b69-94db-b1e14f36097a@group-BD1077FEF8FB: receive requestVote(ELECTION, a08ebff1-9b45-4323-8dfa-f34875366795, group-BD1077FEF8FB, 2, (t:0, i:0))
2021-12-24 01:39:25,684 [101c5a0a-6a0b-4b69-94db-b1e14f36097a@group-BD1077FEF8FB-FollowerState] INFO  impl.FollowerState (FollowerState.java:run(143)) - 101c5a0a-6a0b-4b69-94db-b1e14f36097a@group-BD1077FEF8FB-FollowerState was interrupted: {}
java.lang.InterruptedException: sleep interrupted
	at java.lang.Thread.sleep(Native Method)
	at java.lang.Thread.sleep(Thread.java:340)
	at java.util.concurrent.TimeUnit.sleep(TimeUnit.java:386)
	at org.apache.ratis.util.TimeDuration.sleep(TimeDuration.java:324)
	at org.apache.ratis.util.TimeDuration.sleep(TimeDuration.java:309)
	at org.apache.ratis.server.impl.FollowerState.run(FollowerState.java:118)
2021-12-24 01:39:25,685 [grpc-default-executor-1] INFO  server.RaftServer$Division (RaftServerImpl.java:requestVote(1078)) - 101c5a0a-6a0b-4b69-94db-b1e14f36097a@group-BD1077FEF8FB replies to ELECTION vote request: 60bff453-db1a-4c7e-8fb6-f4d87589f2a9<-101c5a0a-6a0b-4b69-94db-b1e14f36097a#0:OK-t2. Peer's state: 101c5a0a-6a0b-4b69-94db-b1e14f36097a@group-BD1077FEF8FB:t2, leader=null, voted=60bff453-db1a-4c7e-8fb6-f4d87589f2a9, raftlog=101c5a0a-6a0b-4b69-94db-b1e14f36097a@group-BD1077FEF8FB-SegmentedRaftLog:OPENED:c-1, conf=-1: [101c5a0a-6a0b-4b69-94db-b1e14f36097a|rpc:10.1.0.29:35977|dataStream:|priority:0, a08ebff1-9b45-4323-8dfa-f34875366795|rpc:10.1.0.29:40615|dataStream:|priority:0, 60bff453-db1a-4c7e-8fb6-f4d87589f2a9|rpc:10.1.0.29:39663|dataStream:|priority:1], old=null
2021-12-24 01:39:25,687 [grpc-default-executor-2] INFO  impl.VoteContext (VoteContext.java:log(48)) - 101c5a0a-6a0b-4b69-94db-b1e14f36097a@group-BD1077FEF8FB-FOLLOWER: reject ELECTION from a08ebff1-9b45-4323-8dfa-f34875366795: already has voted for 60bff453-db1a-4c7e-8fb6-f4d87589f2a9 at current term 2
2021-12-24 01:39:25,687 [grpc-default-executor-2] INFO  server.RaftServer$Division (RaftServerImpl.java:requestVote(1078)) - 101c5a0a-6a0b-4b69-94db-b1e14f36097a@group-BD1077FEF8FB replies to ELECTION vote request: a08ebff1-9b45-4323-8dfa-f34875366795<-101c5a0a-6a0b-4b69-94db-b1e14f36097a#0:FAIL-t2. Peer's state: 101c5a0a-6a0b-4b69-94db-b1e14f36097a@group-BD1077FEF8FB:t2, leader=null, voted=60bff453-db1a-4c7e-8fb6-f4d87589f2a9, raftlog=101c5a0a-6a0b-4b69-94db-b1e14f36097a@group-BD1077FEF8FB-SegmentedRaftLog:OPENED:c-1, conf=-1: [101c5a0a-6a0b-4b69-94db-b1e14f36097a|rpc:10.1.0.29:35977|dataStream:|priority:0, a08ebff1-9b45-4323-8dfa-f34875366795|rpc:10.1.0.29:40615|dataStream:|priority:0, 60bff453-db1a-4c7e-8fb6-f4d87589f2a9|rpc:10.1.0.29:39663|dataStream:|priority:1], old=null
2021-12-24 01:39:25,688 [grpc-default-executor-3] INFO  server.RaftServer$Division (RaftServerImpl.java:requestVote(1046)) - 60bff453-db1a-4c7e-8fb6-f4d87589f2a9@group-BD1077FEF8FB: receive requestVote(ELECTION, a08ebff1-9b45-4323-8dfa-f34875366795, group-BD1077FEF8FB, 2, (t:0, i:0))
2021-12-24 01:39:25,694 [grpc-default-executor-3] INFO  impl.VoteContext (VoteContext.java:log(48)) - 60bff453-db1a-4c7e-8fb6-f4d87589f2a9@group-BD1077FEF8FB-CANDIDATE: reject ELECTION from a08ebff1-9b45-4323-8dfa-f34875366795: already has voted for 60bff453-db1a-4c7e-8fb6-f4d87589f2a9 at current term 2
2021-12-24 01:39:25,692 [60bff453-db1a-4c7e-8fb6-f4d87589f2a9@group-BD1077FEF8FB-LeaderElection26] INFO  impl.LeaderElection (LeaderElection.java:logAndReturn(89)) - 60bff453-db1a-4c7e-8fb6-f4d87589f2a9@group-BD1077FEF8FB-LeaderElection26: ELECTION PASSED received 1 response(s) and 0 exception(s):
2021-12-24 01:39:25,694 [60bff453-db1a-4c7e-8fb6-f4d87589f2a9@group-BD1077FEF8FB-LeaderElection26] INFO  impl.LeaderElection (LeaderElection.java:logAndReturn(93)) -   Response 0: 60bff453-db1a-4c7e-8fb6-f4d87589f2a9<-101c5a0a-6a0b-4b69-94db-b1e14f36097a#0:OK-t2
2021-12-24 01:39:25,694 [60bff453-db1a-4c7e-8fb6-f4d87589f2a9@group-BD1077FEF8FB-LeaderElection26] INFO  impl.LeaderElection (LeaderElection.java:askForVotes(308)) - 60bff453-db1a-4c7e-8fb6-f4d87589f2a9@group-BD1077FEF8FB-LeaderElection26 ELECTION round 0: result PASSED
2021-12-24 01:39:25,694 [grpc-default-executor-3] INFO  server.RaftServer$Division (RaftServerImpl.java:requestVote(1078)) - 60bff453-db1a-4c7e-8fb6-f4d87589f2a9@group-BD1077FEF8FB replies to ELECTION vote request: a08ebff1-9b45-4323-8dfa-f34875366795<-60bff453-db1a-4c7e-8fb6-f4d87589f2a9#0:FAIL-t2. Peer's state: 60bff453-db1a-4c7e-8fb6-f4d87589f2a9@group-BD1077FEF8FB:t2, leader=null, voted=60bff453-db1a-4c7e-8fb6-f4d87589f2a9, raftlog=60bff453-db1a-4c7e-8fb6-f4d87589f2a9@group-BD1077FEF8FB-SegmentedRaftLog:OPENED:c-1, conf=-1: [101c5a0a-6a0b-4b69-94db-b1e14f36097a|rpc:10.1.0.29:35977|dataStream:|priority:0, a08ebff1-9b45-4323-8dfa-f34875366795|rpc:10.1.0.29:40615|dataStream:|priority:0, 60bff453-db1a-4c7e-8fb6-f4d87589f2a9|rpc:10.1.0.29:39663|dataStream:|priority:1], old=null
2021-12-24 01:39:25,698 [60bff453-db1a-4c7e-8fb6-f4d87589f2a9@group-BD1077FEF8FB-LeaderElection26] INFO  impl.RoleInfo (RoleInfo.java:shutdownLeaderElection(121)) - 60bff453-db1a-4c7e-8fb6-f4d87589f2a9: shutdown 60bff453-db1a-4c7e-8fb6-f4d87589f2a9@group-BD1077FEF8FB-LeaderElection26
2021-12-24 01:39:25,698 [60bff453-db1a-4c7e-8fb6-f4d87589f2a9@group-BD1077FEF8FB-LeaderElection26] INFO  server.RaftServer$Division (RaftServerImpl.java:setRole(290)) - 60bff453-db1a-4c7e-8fb6-f4d87589f2a9@group-BD1077FEF8FB: changes role from CANDIDATE to LEADER at term 2 for changeToLeader
2021-12-24 01:39:25,698 [60bff453-db1a-4c7e-8fb6-f4d87589f2a9@group-BD1077FEF8FB-LeaderElection26] INFO  ratis.XceiverServerRatis (XceiverServerRatis.java:handleLeaderChangedNotification(866)) - Leader change notification received for group: group-BD1077FEF8FB with new leaderId: 60bff453-db1a-4c7e-8fb6-f4d87589f2a9
2021-12-24 01:39:25,698 [60bff453-db1a-4c7e-8fb6-f4d87589f2a9@group-BD1077FEF8FB-LeaderElection26] INFO  server.RaftServer$Division (ServerState.java:setLeader(285)) - 60bff453-db1a-4c7e-8fb6-f4d87589f2a9@group-BD1077FEF8FB: change Leader from null to 60bff453-db1a-4c7e-8fb6-f4d87589f2a9 at term 2 for becomeLeader, leader elected after 10103ms
2021-12-24 01:39:25,698 [60bff453-db1a-4c7e-8fb6-f4d87589f2a9@group-BD1077FEF8FB-LeaderElection26] INFO  server.RaftServerConfigKeys (ConfUtils.java:logGet(44)) - raft.server.staging.catchup.gap = 1000 (default)
2021-12-24 01:39:25,698 [60bff453-db1a-4c7e-8fb6-f4d87589f2a9@group-BD1077FEF8FB-LeaderElection26] INFO  server.RaftServerConfigKeys (ConfUtils.java:logGet(44)) - raft.server.write.element-limit = 1024 (custom)
2021-12-24 01:39:25,698 [60bff453-db1a-4c7e-8fb6-f4d87589f2a9@group-BD1077FEF8FB-LeaderElection26] INFO  server.RaftServerConfigKeys (ConfUtils.java:logGet(44)) - raft.server.write.byte-limit = 1024 M (=1073741824) (custom)
2021-12-24 01:39:25,699 [60bff453-db1a-4c7e-8fb6-f4d87589f2a9@group-BD1077FEF8FB-LeaderElection26] INFO  server.RaftServerConfigKeys (ConfUtils.java:logGet(44)) - raft.server.watch.timeout = 180s (custom)
2021-12-24 01:39:25,699 [60bff453-db1a-4c7e-8fb6-f4d87589f2a9@group-BD1077FEF8FB-LeaderElection26] INFO  server.RaftServerConfigKeys (ConfUtils.java:logGet(44)) - raft.server.watch.timeout.denomination = 1s (default)
2021-12-24 01:39:25,699 [60bff453-db1a-4c7e-8fb6-f4d87589f2a9@group-BD1077FEF8FB-LeaderElection26] INFO  server.RaftServerConfigKeys (ConfUtils.java:logGet(44)) - raft.server.watch.element-limit = 65536 (default)
2021-12-24 01:39:25,699 [60bff453-db1a-4c7e-8fb6-f4d87589f2a9@group-BD1077FEF8FB-LeaderElection26] INFO  server.RaftServerConfigKeys (ConfUtils.java:logGet(44)) - raft.server.write.element-limit = 1024 (custom)
2021-12-24 01:39:25,699 [60bff453-db1a-4c7e-8fb6-f4d87589f2a9@group-BD1077FEF8FB-LeaderElection26] INFO  server.RaftServerConfigKeys (ConfUtils.java:logGet(44)) - raft.server.write.follower.gap.ratio.max = -1.0 (default)
2021-12-24 01:39:25,699 [60bff453-db1a-4c7e-8fb6-f4d87589f2a9@group-BD1077FEF8FB-LeaderElection26] INFO  server.RaftServerConfigKeys (ConfUtils.java:logGet(44)) - raft.server.log.appender.snapshot.chunk.size.max = 16MB (=16777216) (default)
2021-12-24 01:39:25,699 [60bff453-db1a-4c7e-8fb6-f4d87589f2a9@group-BD1077FEF8FB-LeaderElection26] INFO  server.RaftServerConfigKeys (ConfUtils.java:logGet(44)) - raft.server.log.appender.buffer.byte-limit = 33554432 (custom)
2021-12-24 01:39:25,699 [60bff453-db1a-4c7e-8fb6-f4d87589f2a9@group-BD1077FEF8FB-LeaderElection26] INFO  server.RaftServerConfigKeys (ConfUtils.java:logGet(44)) - raft.server.log.appender.buffer.element-limit = 1 (custom)
2021-12-24 01:39:25,699 [60bff453-db1a-4c7e-8fb6-f4d87589f2a9@group-BD1077FEF8FB-LeaderElection26] INFO  grpc.GrpcConfigKeys (ConfUtils.java:logGet(44)) - raft.grpc.server.leader.outstanding.appends.max = 128 (default)
2021-12-24 01:39:25,699 [60bff453-db1a-4c7e-8fb6-f4d87589f2a9@group-BD1077FEF8FB-LeaderElection26] INFO  server.RaftServerConfigKeys (ConfUtils.java:logGet(44)) - raft.server.rpc.request.timeout = 60s (custom)
2021-12-24 01:39:25,700 [60bff453-db1a-4c7e-8fb6-f4d87589f2a9@group-BD1077FEF8FB-LeaderElection26] INFO  server.RaftServerConfigKeys (ConfUtils.java:logGet(44)) - raft.server.log.appender.install.snapshot.enabled = false (custom)
2021-12-24 01:39:25,700 [60bff453-db1a-4c7e-8fb6-f4d87589f2a9@group-BD1077FEF8FB-LeaderElection26] INFO  server.RaftServerConfigKeys (ConfUtils.java:logGet(44)) - raft.server.log.appender.snapshot.chunk.size.max = 16MB (=16777216) (default)
2021-12-24 01:39:25,701 [60bff453-db1a-4c7e-8fb6-f4d87589f2a9@group-BD1077FEF8FB-LeaderElection26] INFO  server.RaftServerConfigKeys (ConfUtils.java:logGet(44)) - raft.server.log.appender.buffer.byte-limit = 33554432 (custom)
2021-12-24 01:39:25,701 [60bff453-db1a-4c7e-8fb6-f4d87589f2a9@group-BD1077FEF8FB-LeaderElection26] INFO  server.RaftServerConfigKeys (ConfUtils.java:logGet(44)) - raft.server.log.appender.buffer.element-limit = 1 (custom)
2021-12-24 01:39:25,701 [60bff453-db1a-4c7e-8fb6-f4d87589f2a9@group-BD1077FEF8FB-LeaderElection26] INFO  grpc.GrpcConfigKeys (ConfUtils.java:logGet(44)) - raft.grpc.server.leader.outstanding.appends.max = 128 (default)
2021-12-24 01:39:25,701 [60bff453-db1a-4c7e-8fb6-f4d87589f2a9@group-BD1077FEF8FB-LeaderElection26] INFO  server.RaftServerConfigKeys (ConfUtils.java:logGet(44)) - raft.server.rpc.request.timeout = 60s (custom)
2021-12-24 01:39:25,701 [60bff453-db1a-4c7e-8fb6-f4d87589f2a9@group-BD1077FEF8FB-LeaderElection26] INFO  server.RaftServerConfigKeys (ConfUtils.java:logGet(44)) - raft.server.log.appender.install.snapshot.enabled = false (custom)
2021-12-24 01:39:25,704 [a08ebff1-9b45-4323-8dfa-f34875366795@group-BD1077FEF8FB-LeaderElection27] INFO  impl.LeaderElection (LeaderElection.java:logAndReturn(89)) - a08ebff1-9b45-4323-8dfa-f34875366795@group-BD1077FEF8FB-LeaderElection27: ELECTION REJECTED received 2 response(s) and 0 exception(s):
2021-12-24 01:39:25,705 [a08ebff1-9b45-4323-8dfa-f34875366795@group-BD1077FEF8FB-LeaderElection27] INFO  impl.LeaderElection (LeaderElection.java:logAndReturn(93)) -   Response 0: a08ebff1-9b45-4323-8dfa-f34875366795<-101c5a0a-6a0b-4b69-94db-b1e14f36097a#0:FAIL-t2
2021-12-24 01:39:25,705 [a08ebff1-9b45-4323-8dfa-f34875366795@group-BD1077FEF8FB-LeaderElection27] INFO  impl.LeaderElection (LeaderElection.java:logAndReturn(93)) -   Response 1: a08ebff1-9b45-4323-8dfa-f34875366795<-60bff453-db1a-4c7e-8fb6-f4d87589f2a9#0:FAIL-t2
2021-12-24 01:39:25,705 [a08ebff1-9b45-4323-8dfa-f34875366795@group-BD1077FEF8FB-LeaderElection27] INFO  impl.LeaderElection (LeaderElection.java:askForVotes(308)) - a08ebff1-9b45-4323-8dfa-f34875366795@group-BD1077FEF8FB-LeaderElection27 ELECTION round 0: result REJECTED
2021-12-24 01:39:25,705 [a08ebff1-9b45-4323-8dfa-f34875366795@group-BD1077FEF8FB-LeaderElection27] INFO  server.RaftServer$Division (RaftServerImpl.java:setRole(290)) - a08ebff1-9b45-4323-8dfa-f34875366795@group-BD1077FEF8FB: changes role from CANDIDATE to FOLLOWER at term 2 for REJECTED
2021-12-24 01:39:25,705 [a08ebff1-9b45-4323-8dfa-f34875366795@group-BD1077FEF8FB-LeaderElection27] INFO  impl.RoleInfo (RoleInfo.java:shutdownLeaderElection(121)) - a08ebff1-9b45-4323-8dfa-f34875366795: shutdown a08ebff1-9b45-4323-8dfa-f34875366795@group-BD1077FEF8FB-LeaderElection27
2021-12-24 01:39:25,705 [a08ebff1-9b45-4323-8dfa-f34875366795@group-BD1077FEF8FB-LeaderElection27] INFO  impl.RoleInfo (RoleInfo.java:updateAndGet(130)) - a08ebff1-9b45-4323-8dfa-f34875366795: start a08ebff1-9b45-4323-8dfa-f34875366795@group-BD1077FEF8FB-FollowerState
2021-12-24 01:39:25,714 [60bff453-db1a-4c7e-8fb6-f4d87589f2a9@group-BD1077FEF8FB-LeaderElection26] INFO  impl.RoleInfo (RoleInfo.java:updateAndGet(130)) - 60bff453-db1a-4c7e-8fb6-f4d87589f2a9: start 60bff453-db1a-4c7e-8fb6-f4d87589f2a9@group-BD1077FEF8FB-LeaderStateImpl
2021-12-24 01:39:25,714 [60bff453-db1a-4c7e-8fb6-f4d87589f2a9@group-BD1077FEF8FB-LeaderElection26] INFO  segmented.SegmentedRaftLogWorker (SegmentedRaftLogWorker.java:startLogSegment(394)) - 60bff453-db1a-4c7e-8fb6-f4d87589f2a9@group-BD1077FEF8FB-SegmentedRaftLogWorker: Starting segment from index:0
2021-12-24 01:39:25,715 [EventQueue-PipelineReportForPipelineReportHandler] INFO  pipeline.PipelineManagerImpl (PipelineManagerImpl.java:openPipeline(291)) - Pipeline Pipeline[ Id: 49c47341-c989-4936-98c9-bd1077fef8fb, Nodes: a08ebff1-9b45-4323-8dfa-f34875366795{ip: 10.1.0.29, host: fv-az116-279.vzw04321ajxubdbcnpick5nqva.xx.internal.cloudapp.net, ports: [REPLICATION=41917, RATIS=40615, RATIS_ADMIN=40615, RATIS_SERVER=40615, STANDALONE=36751], networkLocation: /default-rack, certSerialId: null, persistedOpState: IN_SERVICE, persistedOpStateExpiryEpochSec: 0}101c5a0a-6a0b-4b69-94db-b1e14f36097a{ip: 10.1.0.29, host: fv-az116-279.vzw04321ajxubdbcnpick5nqva.xx.internal.cloudapp.net, ports: [REPLICATION=33469, RATIS=35977, RATIS_ADMIN=35977, RATIS_SERVER=35977, STANDALONE=40817], networkLocation: /default-rack, certSerialId: null, persistedOpState: IN_SERVICE, persistedOpStateExpiryEpochSec: 0}60bff453-db1a-4c7e-8fb6-f4d87589f2a9{ip: 10.1.0.29, host: fv-az116-279.vzw04321ajxubdbcnpick5nqva.xx.internal.cloudapp.net, ports: [REPLICATION=38741, RATIS=39663, RATIS_ADMIN=39663, RATIS_SERVER=39663, STANDALONE=33729], networkLocation: /default-rack, certSerialId: null, persistedOpState: IN_SERVICE, persistedOpStateExpiryEpochSec: 0}, ReplicationConfig: RATIS/THREE, State:ALLOCATED, leaderId:60bff453-db1a-4c7e-8fb6-f4d87589f2a9, CreationTimestamp2021-12-24T01:39:12.887Z[Etc/UTC]] moved to OPEN state
2021-12-24 01:39:25,715 [EventQueue-OpenPipelineForHealthyPipelineSafeModeRule] INFO  safemode.SCMSafeModeManager (HealthyPipelineSafeModeRule.java:process(124)) - SCM in safe mode. Healthy pipelines reported count is 1, required healthy pipeline reported count is 1
2021-12-24 01:39:25,715 [EventQueue-OpenPipelineForHealthyPipelineSafeModeRule] INFO  safemode.SCMSafeModeManager (SCMSafeModeManager.java:validateSafeModeExitRules(204)) - HealthyPipelineSafeModeRule rule is successfully validated
2021-12-24 01:39:25,715 [EventQueue-OpenPipelineForHealthyPipelineSafeModeRule] INFO  safemode.SCMSafeModeManager (SCMSafeModeManager.java:validateSafeModeExitRules(219)) - ScmSafeModeManager, all rules are successfully validated
2021-12-24 01:39:25,715 [EventQueue-OpenPipelineForHealthyPipelineSafeModeRule] INFO  safemode.SCMSafeModeManager (SCMSafeModeManager.java:exitSafeMode(248)) - SCM exiting safe mode.
2021-12-24 01:39:25,715 [EventQueue-OpenPipelineForHealthyPipelineSafeModeRule] WARN  events.EventQueue (EventQueue.java:fireEvent(194)) - No event handler registered for event TypedEvent{payloadType=SafeModeStatus, name='Safe mode status'}
2021-12-24 01:39:25,716 [EventQueue-OpenPipelineForHealthyPipelineSafeModeRule] INFO  ha.SCMContext (SCMContext.java:updateSafeModeStatus(211)) - Update SafeModeStatus from SafeModeStatus{safeModeStatus=true, preCheckPassed=true} to SafeModeStatus{safeModeStatus=false, preCheckPassed=true}.
2021-12-24 01:39:25,716 [EventQueue-OpenPipelineForHealthyPipelineSafeModeRule] INFO  pipeline.BackgroundPipelineCreator (BackgroundPipelineCreator.java:notifyStatusChanged(264)) - Service BackgroundPipelineCreator transitions to RUNNING.
2021-12-24 01:39:25,717 [EventQueue-OpenPipelineForHealthyPipelineSafeModeRule] INFO  container.ReplicationManager (ReplicationManager.java:notifyStatusChanged(1758)) - Service ReplicationManager transitions to RUNNING.
2021-12-24 01:39:25,717 [60bff453-db1a-4c7e-8fb6-f4d87589f2a9@group-BD1077FEF8FB-SegmentedRaftLogWorker] INFO  segmented.SegmentedRaftLogWorker (SegmentedRaftLogWorker.java:execute(601)) - 60bff453-db1a-4c7e-8fb6-f4d87589f2a9@group-BD1077FEF8FB-SegmentedRaftLogWorker: created new log segment /home/runner/work/ozone/ozone/hadoop-ozone/integration-test/target/test-dir/MiniOzoneClusterImpl-457f4e2c-1d7f-4a2a-8b89-0860a01b056d/datanode-2/data/ratis/49c47341-c989-4936-98c9-bd1077fef8fb/current/log_inprogress_0
2021-12-24 01:39:25,756 [grpc-default-executor-3] INFO  ratis.XceiverServerRatis (XceiverServerRatis.java:handleLeaderChangedNotification(866)) - Leader change notification received for group: group-BD1077FEF8FB with new leaderId: 60bff453-db1a-4c7e-8fb6-f4d87589f2a9
2021-12-24 01:39:25,757 [grpc-default-executor-3] INFO  server.RaftServer$Division (ServerState.java:setLeader(285)) - a08ebff1-9b45-4323-8dfa-f34875366795@group-BD1077FEF8FB: change Leader from null to 60bff453-db1a-4c7e-8fb6-f4d87589f2a9 at term 2 for appendEntries, leader elected after 10452ms
2021-12-24 01:39:25,762 [grpc-default-executor-3] INFO  server.RaftServer$Division (ServerState.java:setRaftConf(387)) - a08ebff1-9b45-4323-8dfa-f34875366795@group-BD1077FEF8FB: set configuration 0: [101c5a0a-6a0b-4b69-94db-b1e14f36097a|rpc:10.1.0.29:35977|dataStream:|priority:0, a08ebff1-9b45-4323-8dfa-f34875366795|rpc:10.1.0.29:40615|dataStream:|priority:0, 60bff453-db1a-4c7e-8fb6-f4d87589f2a9|rpc:10.1.0.29:39663|dataStream:|priority:1], old=null
2021-12-24 01:39:25,762 [grpc-default-executor-3] INFO  segmented.SegmentedRaftLogWorker (SegmentedRaftLogWorker.java:startLogSegment(394)) - a08ebff1-9b45-4323-8dfa-f34875366795@group-BD1077FEF8FB-SegmentedRaftLogWorker: Starting segment from index:0
2021-12-24 01:39:25,766 [a08ebff1-9b45-4323-8dfa-f34875366795@group-BD1077FEF8FB-SegmentedRaftLogWorker] INFO  segmented.SegmentedRaftLogWorker (SegmentedRaftLogWorker.java:execute(601)) - a08ebff1-9b45-4323-8dfa-f34875366795@group-BD1077FEF8FB-SegmentedRaftLogWorker: created new log segment /home/runner/work/ozone/ozone/hadoop-ozone/integration-test/target/test-dir/MiniOzoneClusterImpl-457f4e2c-1d7f-4a2a-8b89-0860a01b056d/datanode-0/data/ratis/49c47341-c989-4936-98c9-bd1077fef8fb/current/log_inprogress_0
2021-12-24 01:39:25,778 [60bff453-db1a-4c7e-8fb6-f4d87589f2a9@group-BD1077FEF8FB-LeaderElection26] INFO  server.RaftServer$Division (ServerState.java:setRaftConf(387)) - 60bff453-db1a-4c7e-8fb6-f4d87589f2a9@group-BD1077FEF8FB: set configuration 0: [101c5a0a-6a0b-4b69-94db-b1e14f36097a|rpc:10.1.0.29:35977|dataStream:|priority:0, a08ebff1-9b45-4323-8dfa-f34875366795|rpc:10.1.0.29:40615|dataStream:|priority:0, 60bff453-db1a-4c7e-8fb6-f4d87589f2a9|rpc:10.1.0.29:39663|dataStream:|priority:1], old=null
2021-12-24 01:39:25,791 [grpc-default-executor-2] INFO  ratis.XceiverServerRatis (XceiverServerRatis.java:handleLeaderChangedNotification(866)) - Leader change notification received for group: group-BD1077FEF8FB with new leaderId: 60bff453-db1a-4c7e-8fb6-f4d87589f2a9
2021-12-24 01:39:25,791 [grpc-default-executor-2] INFO  server.RaftServer$Division (ServerState.java:setLeader(285)) - 101c5a0a-6a0b-4b69-94db-b1e14f36097a@group-BD1077FEF8FB: change Leader from null to 60bff453-db1a-4c7e-8fb6-f4d87589f2a9 at term 2 for appendEntries, leader elected after 10342ms
2021-12-24 01:39:25,798 [grpc-default-executor-2] INFO  server.RaftServer$Division (ServerState.java:setRaftConf(387)) - 101c5a0a-6a0b-4b69-94db-b1e14f36097a@group-BD1077FEF8FB: set configuration 0: [101c5a0a-6a0b-4b69-94db-b1e14f36097a|rpc:10.1.0.29:35977|dataStream:|priority:0, a08ebff1-9b45-4323-8dfa-f34875366795|rpc:10.1.0.29:40615|dataStream:|priority:0, 60bff453-db1a-4c7e-8fb6-f4d87589f2a9|rpc:10.1.0.29:39663|dataStream:|priority:1], old=null
2021-12-24 01:39:25,798 [grpc-default-executor-2] INFO  segmented.SegmentedRaftLogWorker (SegmentedRaftLogWorker.java:startLogSegment(394)) - 101c5a0a-6a0b-4b69-94db-b1e14f36097a@group-BD1077FEF8FB-SegmentedRaftLogWorker: Starting segment from index:0
2021-12-24 01:39:25,801 [101c5a0a-6a0b-4b69-94db-b1e14f36097a@group-BD1077FEF8FB-SegmentedRaftLogWorker] INFO  segmented.SegmentedRaftLogWorker (SegmentedRaftLogWorker.java:execute(601)) - 101c5a0a-6a0b-4b69-94db-b1e14f36097a@group-BD1077FEF8FB-SegmentedRaftLogWorker: created new log segment /home/runner/work/ozone/ozone/hadoop-ozone/integration-test/target/test-dir/MiniOzoneClusterImpl-457f4e2c-1d7f-4a2a-8b89-0860a01b056d/datanode-1/data/ratis/49c47341-c989-4936-98c9-bd1077fef8fb/current/log_inprogress_0
2021-12-24 01:39:25,858 [Listener at 127.0.0.1/39723] INFO  ozone.MiniOzoneClusterImpl (MiniOzoneClusterImpl.java:lambda$waitForClusterToBeReady$0(235)) - Nodes are ready. Got 3 of 3 DN Heartbeats.
2021-12-24 01:39:25,860 [Listener at 127.0.0.1/39723] INFO  ozone.MiniOzoneClusterImpl (MiniOzoneClusterImpl.java:lambda$waitForClusterToBeReady$0(238)) - Cluster exits safe mode
2021-12-24 01:39:25,860 [Listener at 127.0.0.1/39723] INFO  ozone.MiniOzoneClusterImpl (MiniOzoneClusterImpl.java:lambda$waitForClusterToBeReady$0(240)) - SCM became leader
2021-12-24 01:39:25,897 [Listener at 127.0.0.1/39723] INFO  rpc.RpcClient (RpcClient.java:createVolume(389)) - Creating Volume: volume46819, with user66085 as owner and space quota set to -1 bytes, counts quota set to -1
2021-12-24 01:39:25,914 [OM StateMachine ApplyTransaction Thread - 0] INFO  volume.OMVolumeCreateRequest (OMVolumeCreateRequest.java:validateAndUpdateCache(195)) - created volume:volume46819 for user:user66085
2021-12-24 01:39:25,930 [Listener at 127.0.0.1/39723] INFO  rpc.RpcClient (RpcClient.java:createBucket(552)) - Creating Bucket: volume46819/bucket39182, with runner as owner and Versioning false and Storage Type set to DISK and Encryption set to false 
]]></system-out>
    <system-err><![CDATA[Exception in thread "Trash Emptier" java.lang.UnsupportedOperationException: fs.getUri() not implemented in TrashOzoneFileSystem
	at org.apache.hadoop.ozone.om.TrashOzoneFileSystem.getUri(TrashOzoneFileSystem.java:124)
	at org.apache.hadoop.fs.FileSystem.close(FileSystem.java:2592)
	at org.apache.hadoop.ozone.om.TrashPolicyOzone$Emptier.run(TrashPolicyOzone.java:243)
	at java.lang.Thread.run(Thread.java:748)
]]></system-err>
  </testcase>
  <testcase name="testRenameFile[1]" classname="org.apache.hadoop.fs.ozone.TestRootedOzoneFileSystem" time="0.103"/>
  <testcase name="testListStatusRootAndVolumeRecursive[1]" classname="org.apache.hadoop.fs.ozone.TestRootedOzoneFileSystem" time="0.893"/>
  <testcase name="testTempMount[1]" classname="org.apache.hadoop.fs.ozone.TestRootedOzoneFileSystem" time="0.263"/>
  <testcase name="testListStatusRootAndVolumeNonRecursive[1]" classname="org.apache.hadoop.fs.ozone.TestRootedOzoneFileSystem" time="0.414"/>
  <testcase name="testDeleteVolumeAndBucket[1]" classname="org.apache.hadoop.fs.ozone.TestRootedOzoneFileSystem" time="0.051"/>
  <testcase name="testRenameDirToItsOwnSubDir[1]" classname="org.apache.hadoop.fs.ozone.TestRootedOzoneFileSystem" time="0.025"/>
  <testcase name="testOzoneFsServiceLoader[1]" classname="org.apache.hadoop.fs.ozone.TestRootedOzoneFileSystem" time="0.046"/>
  <testcase name="testTrash[1]" classname="org.apache.hadoop.fs.ozone.TestRootedOzoneFileSystem" time="0">
    <skipped/>
  </testcase>
  <testcase name="testRenameDestinationParentDoesntExist[1]" classname="org.apache.hadoop.fs.ozone.TestRootedOzoneFileSystem" time="0.053"/>
  <testcase name="testGetFileStatusRoot[1]" classname="org.apache.hadoop.fs.ozone.TestRootedOzoneFileSystem" time="0.04"/>
  <testcase name="testCreateWithInvalidPaths[1]" classname="org.apache.hadoop.fs.ozone.TestRootedOzoneFileSystem" time="0.002"/>
  <testcase name="testDeleteEmptyVolume[1]" classname="org.apache.hadoop.fs.ozone.TestRootedOzoneFileSystem" time="0.036"/>
  <testcase name="testListStatusRootAndVolumeContinuation[1]" classname="org.apache.hadoop.fs.ozone.TestRootedOzoneFileSystem" time="0">
    <skipped message="FS Path is enabled. Skipping this test as it is not tuned for FS Path yet" type="org.junit.AssumptionViolatedException">org.junit.AssumptionViolatedException: FS Path is enabled. Skipping this test as it is not tuned for FS Path yet
	at org.junit.Assume.assumeTrue(Assume.java:68)
	at org.apache.hadoop.fs.ozone.TestRootedOzoneFileSystem.testListStatusRootAndVolumeContinuation(TestRootedOzoneFileSystem.java:887)
	at sun.reflect.NativeMethodAccessorImpl.invoke0(Native Method)
	at sun.reflect.NativeMethodAccessorImpl.invoke(NativeMethodAccessorImpl.java:62)
	at sun.reflect.DelegatingMethodAccessorImpl.invoke(DelegatingMethodAccessorImpl.java:43)
	at java.lang.reflect.Method.invoke(Method.java:498)
	at org.junit.runners.model.FrameworkMethod$1.runReflectiveCall(FrameworkMethod.java:59)
	at org.junit.internal.runners.model.ReflectiveCallable.run(ReflectiveCallable.java:12)
	at org.junit.runners.model.FrameworkMethod.invokeExplosively(FrameworkMethod.java:56)
	at org.junit.internal.runners.statements.InvokeMethod.evaluate(InvokeMethod.java:17)
	at org.junit.internal.runners.statements.FailOnTimeout$CallableStatement.call(FailOnTimeout.java:288)
	at org.junit.internal.runners.statements.FailOnTimeout$CallableStatement.call(FailOnTimeout.java:282)
	at java.util.concurrent.FutureTask.run(FutureTask.java:266)
	at java.lang.Thread.run(Thread.java:748)
</skipped>
  </testcase>
  <testcase name="testDeleteVolumeBucketAndKey[1]" classname="org.apache.hadoop.fs.ozone.TestRootedOzoneFileSystem" time="0.108"/>
  <testcase name="testRenameToParentDir[1]" classname="org.apache.hadoop.fs.ozone.TestRootedOzoneFileSystem" time="0.075"/>
  <testcase name="testMkdirNonExistentVolumeBucket[1]" classname="org.apache.hadoop.fs.ozone.TestRootedOzoneFileSystem" time="0.035"/>
  <testcase name="testFailToDeleteRoot[1]" classname="org.apache.hadoop.fs.ozone.TestRootedOzoneFileSystem" time="0.012"/>
  <testcase name="testListStatusOnSubDirs[1]" classname="org.apache.hadoop.fs.ozone.TestRootedOzoneFileSystem" time="0.07"/>
  <testcase name="testListStatus[1]" classname="org.apache.hadoop.fs.ozone.TestRootedOzoneFileSystem" time="0.063"/>
  <testcase name="testGetTrashRoots[1]" classname="org.apache.hadoop.fs.ozone.TestRootedOzoneFileSystem" time="0.798"/>
  <testcase name="testCreateDoesNotAddParentDirKeys[1]" classname="org.apache.hadoop.fs.ozone.TestRootedOzoneFileSystem" time="0.097"/>
  <testcase name="testMkdirNonExistentVolume[1]" classname="org.apache.hadoop.fs.ozone.TestRootedOzoneFileSystem" time="0.021"/>
  <testcase name="testDeleteCreatesFakeParentDir[1]" classname="org.apache.hadoop.fs.ozone.TestRootedOzoneFileSystem" time="0">
    <skipped message="FS Path is enabled. Skipping this test as it is not tuned for FS Path yet" type="org.junit.AssumptionViolatedException">org.junit.AssumptionViolatedException: FS Path is enabled. Skipping this test as it is not tuned for FS Path yet
	at org.junit.Assume.assumeTrue(Assume.java:68)
	at org.apache.hadoop.fs.ozone.TestRootedOzoneFileSystem.testDeleteCreatesFakeParentDir(TestRootedOzoneFileSystem.java:302)
	at sun.reflect.NativeMethodAccessorImpl.invoke0(Native Method)
	at sun.reflect.NativeMethodAccessorImpl.invoke(NativeMethodAccessorImpl.java:62)
	at sun.reflect.DelegatingMethodAccessorImpl.invoke(DelegatingMethodAccessorImpl.java:43)
	at java.lang.reflect.Method.invoke(Method.java:498)
	at org.junit.runners.model.FrameworkMethod$1.runReflectiveCall(FrameworkMethod.java:59)
	at org.junit.internal.runners.model.ReflectiveCallable.run(ReflectiveCallable.java:12)
	at org.junit.runners.model.FrameworkMethod.invokeExplosively(FrameworkMethod.java:56)
	at org.junit.internal.runners.statements.InvokeMethod.evaluate(InvokeMethod.java:17)
	at org.junit.internal.runners.statements.FailOnTimeout$CallableStatement.call(FailOnTimeout.java:288)
	at org.junit.internal.runners.statements.FailOnTimeout$CallableStatement.call(FailOnTimeout.java:282)
	at java.util.concurrent.FutureTask.run(FutureTask.java:266)
	at java.lang.Thread.run(Thread.java:748)
</skipped>
  </testcase>
  <testcase name="testNonExplicitlyCreatedPathExistsAfterItsLeafsWereRemoved[1]" classname="org.apache.hadoop.fs.ozone.TestRootedOzoneFileSystem" time="0.069"/>
  <testcase name="testFileDelete[1]" classname="org.apache.hadoop.fs.ozone.TestRootedOzoneFileSystem" time="0.212"/>
  <testcase name="testRenameToTrashEnabled[1]" classname="org.apache.hadoop.fs.ozone.TestRootedOzoneFileSystem" time="0.213"/>
  <testcase name="testMkdirOnNonExistentVolumeBucketDir[1]" classname="org.apache.hadoop.fs.ozone.TestRootedOzoneFileSystem" time="0">
    <skipped message="FS Path is enabled. Skipping this test as it is not tuned for FS Path yet" type="org.junit.AssumptionViolatedException">org.junit.AssumptionViolatedException: FS Path is enabled. Skipping this test as it is not tuned for FS Path yet
	at org.junit.Assume.assumeTrue(Assume.java:68)
	at org.apache.hadoop.fs.ozone.TestRootedOzoneFileSystem.testMkdirOnNonExistentVolumeBucketDir(TestRootedOzoneFileSystem.java:405)
	at sun.reflect.NativeMethodAccessorImpl.invoke0(Native Method)
	at sun.reflect.NativeMethodAccessorImpl.invoke(NativeMethodAccessorImpl.java:62)
	at sun.reflect.DelegatingMethodAccessorImpl.invoke(DelegatingMethodAccessorImpl.java:43)
	at java.lang.reflect.Method.invoke(Method.java:498)
	at org.junit.runners.model.FrameworkMethod$1.runReflectiveCall(FrameworkMethod.java:59)
	at org.junit.internal.runners.model.ReflectiveCallable.run(ReflectiveCallable.java:12)
	at org.junit.runners.model.FrameworkMethod.invokeExplosively(FrameworkMethod.java:56)
	at org.junit.internal.runners.statements.InvokeMethod.evaluate(InvokeMethod.java:17)
	at org.junit.internal.runners.statements.FailOnTimeout$CallableStatement.call(FailOnTimeout.java:288)
	at org.junit.internal.runners.statements.FailOnTimeout$CallableStatement.call(FailOnTimeout.java:282)
	at java.util.concurrent.FutureTask.run(FutureTask.java:266)
	at java.lang.Thread.run(Thread.java:748)
</skipped>
  </testcase>
  <testcase name="testListStatusOnLargeDirectory[1]" classname="org.apache.hadoop.fs.ozone.TestRootedOzoneFileSystem" time="18.434"/>
  <testcase name="testRenameToDifferentBucket[1]" classname="org.apache.hadoop.fs.ozone.TestRootedOzoneFileSystem" time="0.037"/>
  <testcase name="testListStatusInBucket[1]" classname="org.apache.hadoop.fs.ozone.TestRootedOzoneFileSystem" time="0.015"/>
  <testcase name="testRenameFileToDir[1]" classname="org.apache.hadoop.fs.ozone.TestRootedOzoneFileSystem" time="0.071"/>
  <testcase name="testNonPrivilegedUserMkdirCreateBucket[2]" classname="org.apache.hadoop.fs.ozone.TestRootedOzoneFileSystem" time="0">
    <skipped message="ACL is not enabled. Skipping this test as it requires ACL to be enabled to be meaningful." type="org.junit.AssumptionViolatedException">org.junit.AssumptionViolatedException: ACL is not enabled. Skipping this test as it requires ACL to be enabled to be meaningful.
	at org.junit.Assume.assumeTrue(Assume.java:68)
	at org.apache.hadoop.fs.ozone.TestRootedOzoneFileSystem.testNonPrivilegedUserMkdirCreateBucket(TestRootedOzoneFileSystem.java:1582)
	at sun.reflect.NativeMethodAccessorImpl.invoke0(Native Method)
	at sun.reflect.NativeMethodAccessorImpl.invoke(NativeMethodAccessorImpl.java:62)
	at sun.reflect.DelegatingMethodAccessorImpl.invoke(DelegatingMethodAccessorImpl.java:43)
	at java.lang.reflect.Method.invoke(Method.java:498)
	at org.junit.runners.model.FrameworkMethod$1.runReflectiveCall(FrameworkMethod.java:59)
	at org.junit.internal.runners.model.ReflectiveCallable.run(ReflectiveCallable.java:12)
	at org.junit.runners.model.FrameworkMethod.invokeExplosively(FrameworkMethod.java:56)
	at org.junit.internal.runners.statements.InvokeMethod.evaluate(InvokeMethod.java:17)
	at org.junit.internal.runners.statements.FailOnTimeout$CallableStatement.call(FailOnTimeout.java:288)
	at org.junit.internal.runners.statements.FailOnTimeout$CallableStatement.call(FailOnTimeout.java:282)
	at java.util.concurrent.FutureTask.run(FutureTask.java:266)
	at java.lang.Thread.run(Thread.java:748)
</skipped>
    <system-out><![CDATA[2021-12-24 01:39:48,272 [Listener at 127.0.0.1/39723] INFO  ozone.MiniOzoneClusterImpl (MiniOzoneClusterImpl.java:shutdown(453)) - Shutting down the Mini Ozone Cluster
2021-12-24 01:39:48,272 [Listener at 127.0.0.1/39723] INFO  ozone.MiniOzoneClusterImpl (MiniOzoneClusterImpl.java:stop(468)) - Stopping the Mini Ozone Cluster
2021-12-24 01:39:48,272 [Listener at 127.0.0.1/39723] INFO  ozone.MiniOzoneClusterImpl (MiniOzoneClusterImpl.java:stopOM(550)) - Stopping the OzoneManager
2021-12-24 01:39:48,272 [Listener at 127.0.0.1/39723] INFO  om.OzoneManager (OzoneManager.java:stop(1893)) - om1[localhost:0]: Stopping Ozone Manager
2021-12-24 01:39:48,272 [Listener at 127.0.0.1/39723] INFO  ipc.Server (Server.java:stop(3414)) - Stopping server on 39723
2021-12-24 01:39:48,282 [IPC Server listener on 0] INFO  ipc.Server (Server.java:run(1376)) - Stopping IPC Server listener on 0
2021-12-24 01:39:48,293 [IPC Server Responder] INFO  ipc.Server (Server.java:run(1512)) - Stopping IPC Server Responder
2021-12-24 01:39:48,294 [Listener at 127.0.0.1/39723] INFO  server.RaftServer (RaftServerProxy.java:lambda$close$6(391)) - om1: close
2021-12-24 01:39:48,294 [Listener at 127.0.0.1/39723] INFO  server.RaftServer$Division (RaftServerImpl.java:lambda$close$4(412)) - om1@group-C5BA1605619E: shutdown
2021-12-24 01:39:48,294 [Listener at 127.0.0.1/39723] INFO  util.JmxRegister (JmxRegister.java:unregister(73)) - Successfully un-registered JMX Bean with object name Ratis:service=RaftServer,group=group-C5BA1605619E,id=om1
2021-12-24 01:39:48,294 [Listener at 127.0.0.1/39723] INFO  impl.RoleInfo (RoleInfo.java:shutdownLeaderState(91)) - om1: shutdown om1@group-C5BA1605619E-LeaderStateImpl
2021-12-24 01:39:48,295 [Listener at 127.0.0.1/39723] INFO  impl.PendingRequests (PendingRequests.java:sendNotLeaderResponses(282)) - om1@group-C5BA1605619E-PendingRequests: sendNotLeaderResponses
2021-12-24 01:39:48,320 [Listener at 127.0.0.1/39723] INFO  impl.StateMachineUpdater (StateMachineUpdater.java:stopAndJoin(149)) - om1@group-C5BA1605619E-StateMachineUpdater: set stopIndex = 6554
2021-12-24 01:39:48,320 [om1@group-C5BA1605619E-StateMachineUpdater] INFO  ratis.OzoneManagerStateMachine (OzoneManagerStateMachine.java:takeSnapshot(417)) - Current Snapshot Index (t:1, i:6554)
2021-12-24 01:39:48,321 [om1@group-C5BA1605619E-StateMachineUpdater] INFO  impl.StateMachineUpdater (StateMachineUpdater.java:takeSnapshot(281)) - om1@group-C5BA1605619E-StateMachineUpdater: Took a snapshot at index 6554
2021-12-24 01:39:48,321 [om1@group-C5BA1605619E-StateMachineUpdater] INFO  impl.StateMachineUpdater (StateMachineUpdater.java:lambda$new$0(89)) - om1@group-C5BA1605619E-StateMachineUpdater: snapshotIndex: updateIncreasingly -1 -> 6554
2021-12-24 01:39:48,321 [om1@group-C5BA1605619E-StateMachineUpdater] INFO  ratis.OzoneManagerStateMachine (OzoneManagerStateMachine.java:close(471)) - StateMachine has shutdown. Shutdown OzoneManager if not already shutdown.
2021-12-24 01:39:48,321 [Listener at 127.0.0.1/39723] INFO  server.RaftServer$Division (ServerState.java:close(419)) - om1@group-C5BA1605619E: closes. applyIndex: 6554
2021-12-24 01:39:48,322 [om1@group-C5BA1605619E-SegmentedRaftLogWorker] INFO  segmented.SegmentedRaftLogWorker (SegmentedRaftLogWorker.java:run(327)) - om1@group-C5BA1605619E-SegmentedRaftLogWorker was interrupted, exiting. There are 0 tasks remaining in the queue.
2021-12-24 01:39:48,338 [Listener at 127.0.0.1/39723] INFO  segmented.SegmentedRaftLogWorker (SegmentedRaftLogWorker.java:close(237)) - om1@group-C5BA1605619E-SegmentedRaftLogWorker close()
2021-12-24 01:39:48,349 [Listener at 127.0.0.1/39723] INFO  server.GrpcService (GrpcService.java:closeImpl(262)) - om1: shutdown server with port 9872 now
2021-12-24 01:39:48,351 [Listener at 127.0.0.1/39723] INFO  server.GrpcService (GrpcService.java:closeImpl(271)) - om1: shutdown server with port 9872 successfully
2021-12-24 01:39:48,351 [org.apache.ratis.util.JvmPauseMonitor$$Lambda$528/1509220174@1b5c2310] INFO  util.JvmPauseMonitor (JvmPauseMonitor.java:run(109)) - JvmPauseMonitor-om1: Stopped
2021-12-24 01:39:48,351 [Listener at 127.0.0.1/39723] INFO  ratis.OzoneManagerDoubleBuffer (OzoneManagerDoubleBuffer.java:stop(437)) - Stopping OMDoubleBuffer flush thread
2021-12-24 01:39:48,352 [OMDoubleBufferFlushThread] INFO  ratis.OzoneManagerDoubleBuffer (OzoneManagerDoubleBuffer.java:flushTransactions(356)) - OMDoubleBuffer flush thread OMDoubleBufferFlushThread is interrupted and will exit. OMDoubleBufferFlushThread
2021-12-24 01:39:48,354 [Listener at 127.0.0.1/39723] INFO  utils.BackgroundService (BackgroundService.java:shutdown(132)) - Shutting down service KeyDeletingService
2021-12-24 01:39:48,354 [Listener at 127.0.0.1/39723] INFO  utils.BackgroundService (BackgroundService.java:shutdown(132)) - Shutting down service DirectoryDeletingService
2021-12-24 01:39:48,357 [Listener at 127.0.0.1/39723] INFO  handler.ContextHandler (ContextHandler.java:doStop(1153)) - Stopped o.e.j.w.WebAppContext@1dde5b0a{ozoneManager,/,null,STOPPED}{file:/home/runner/work/ozone/ozone/hadoop-ozone/integration-test/target/test-classes/webapps/ozoneManager}
2021-12-24 01:39:48,357 [Listener at 127.0.0.1/39723] INFO  server.AbstractConnector (AbstractConnector.java:doStop(381)) - Stopped ServerConnector@38554a34{HTTP/1.1, (http/1.1)}{0.0.0.0:0}
2021-12-24 01:39:48,357 [Listener at 127.0.0.1/39723] INFO  server.session (HouseKeeper.java:stopScavenging(149)) - node0 Stopped scavenging
2021-12-24 01:39:48,358 [Listener at 127.0.0.1/39723] INFO  handler.ContextHandler (ContextHandler.java:doStop(1153)) - Stopped o.e.j.s.ServletContextHandler@45788a6c{static,/static,file:///home/runner/work/ozone/ozone/hadoop-ozone/integration-test/target/test-classes/webapps/static,STOPPED}
2021-12-24 01:39:48,358 [Listener at 127.0.0.1/39723] INFO  handler.ContextHandler (ContextHandler.java:doStop(1153)) - Stopped o.e.j.s.ServletContextHandler@155150c4{logs,/logs,file:///home/runner/work/ozone/ozone/hadoop-ozone/integration-test/target/log,STOPPED}
2021-12-24 01:39:48,359 [Trash Emptier] ERROR om.TrashPolicyOzone (TrashPolicyOzone.java:run(251)) - Error attempting to shutdown
java.lang.InterruptedException
	at java.util.concurrent.locks.AbstractQueuedSynchronizer$ConditionObject.awaitNanos(AbstractQueuedSynchronizer.java:2067)
	at java.util.concurrent.ThreadPoolExecutor.awaitTermination(ThreadPoolExecutor.java:1475)
	at org.apache.hadoop.ozone.om.TrashPolicyOzone$Emptier.run(TrashPolicyOzone.java:249)
	at java.lang.Thread.run(Thread.java:748)
2021-12-24 01:39:48,361 [Listener at 127.0.0.1/39723] INFO  ozone.MiniOzoneClusterImpl (MiniOzoneClusterImpl.java:stopDatanodes(527)) - Stopping the HddsDatanodes
2021-12-24 01:39:53,374 [Listener at 127.0.0.1/39723] INFO  ozoneimpl.OzoneContainer (OzoneContainer.java:stop(336)) - Attempting to stop container services.
2021-12-24 01:39:53,375 [Listener at 127.0.0.1/39723] INFO  server.RaftServer (RaftServerProxy.java:lambda$close$6(391)) - 101c5a0a-6a0b-4b69-94db-b1e14f36097a: close
2021-12-24 01:39:53,375 [Listener at 127.0.0.1/39723] INFO  server.RaftServer$Division (RaftServerImpl.java:lambda$close$4(412)) - 101c5a0a-6a0b-4b69-94db-b1e14f36097a@group-B954EE4169AF: shutdown
2021-12-24 01:39:53,375 [Listener at 127.0.0.1/39723] INFO  util.JmxRegister (JmxRegister.java:unregister(73)) - Successfully un-registered JMX Bean with object name Ratis:service=RaftServer,group=group-B954EE4169AF,id=101c5a0a-6a0b-4b69-94db-b1e14f36097a
2021-12-24 01:39:53,375 [Listener at 127.0.0.1/39723] INFO  impl.RoleInfo (RoleInfo.java:shutdownLeaderState(91)) - 101c5a0a-6a0b-4b69-94db-b1e14f36097a: shutdown 101c5a0a-6a0b-4b69-94db-b1e14f36097a@group-B954EE4169AF-LeaderStateImpl
2021-12-24 01:39:53,375 [Listener at 127.0.0.1/39723] INFO  impl.PendingRequests (PendingRequests.java:sendNotLeaderResponses(282)) - 101c5a0a-6a0b-4b69-94db-b1e14f36097a@group-B954EE4169AF-PendingRequests: sendNotLeaderResponses
2021-12-24 01:39:53,375 [101c5a0a-6a0b-4b69-94db-b1e14f36097a@group-B954EE4169AF->60bff453-db1a-4c7e-8fb6-f4d87589f2a9-GrpcLogAppender-LogAppenderDaemon] WARN  server.GrpcLogAppender (GrpcLogAppender.java:mayWait(177)) - 101c5a0a-6a0b-4b69-94db-b1e14f36097a@group-B954EE4169AF->60bff453-db1a-4c7e-8fb6-f4d87589f2a9-GrpcLogAppender: Wait interrupted by java.lang.InterruptedException
2021-12-24 01:39:53,377 [101c5a0a-6a0b-4b69-94db-b1e14f36097a@group-B954EE4169AF->a08ebff1-9b45-4323-8dfa-f34875366795-GrpcLogAppender-LogAppenderDaemon] WARN  server.GrpcLogAppender (GrpcLogAppender.java:mayWait(177)) - 101c5a0a-6a0b-4b69-94db-b1e14f36097a@group-B954EE4169AF->a08ebff1-9b45-4323-8dfa-f34875366795-GrpcLogAppender: Wait interrupted by java.lang.InterruptedException
2021-12-24 01:39:53,378 [grpc-default-executor-2] INFO  server.GrpcServerProtocolService (GrpcServerProtocolService.java:onCompleted(140)) - 60bff453-db1a-4c7e-8fb6-f4d87589f2a9: Completed APPEND_ENTRIES, lastRequest: 101c5a0a-6a0b-4b69-94db-b1e14f36097a->60bff453-db1a-4c7e-8fb6-f4d87589f2a9#1-t6,previous=(t:0, i:0),leaderCommit=-1,initializing? true,entries: size=1, first=(t:6, i:0), CONFIGURATIONENTRY
2021-12-24 01:39:53,379 [ForkJoinPool.commonPool-worker-1] INFO  ozoneimpl.OzoneContainer (OzoneContainer.java:stop(336)) - Attempting to stop container services.
2021-12-24 01:39:53,380 [grpc-default-executor-1] INFO  server.GrpcLogAppender (GrpcLogAppender.java:onCompleted(346)) - 101c5a0a-6a0b-4b69-94db-b1e14f36097a@group-B954EE4169AF->60bff453-db1a-4c7e-8fb6-f4d87589f2a9-AppendLogResponseHandler: follower responses appendEntries COMPLETED
2021-12-24 01:39:53,380 [grpc-default-executor-1] INFO  leader.FollowerInfo (FollowerInfoImpl.java:lambda$new$0(47)) - 101c5a0a-6a0b-4b69-94db-b1e14f36097a@group-B954EE4169AF->60bff453-db1a-4c7e-8fb6-f4d87589f2a9: nextIndex: updateUnconditionally 1 -> 0
2021-12-24 01:39:53,382 [Listener at 127.0.0.1/39723] INFO  impl.StateMachineUpdater (StateMachineUpdater.java:stopAndJoin(149)) - 101c5a0a-6a0b-4b69-94db-b1e14f36097a@group-B954EE4169AF-StateMachineUpdater: set stopIndex = 0
2021-12-24 01:39:53,383 [101c5a0a-6a0b-4b69-94db-b1e14f36097a@group-B954EE4169AF-StateMachineUpdater] INFO  ratis.ContainerStateMachine (ContainerStateMachine.java:takeSnapshot(299)) - group-B954EE4169AF: Taking a snapshot at:(t:6, i:0) file /home/runner/work/ozone/ozone/hadoop-ozone/integration-test/target/test-dir/MiniOzoneClusterImpl-457f4e2c-1d7f-4a2a-8b89-0860a01b056d/datanode-1/data/ratis/d4c66bc4-16f2-4c2d-ab74-b954ee4169af/sm/snapshot.6_0
2021-12-24 01:39:53,384 [grpc-default-executor-2] INFO  server.GrpcServerProtocolService (GrpcServerProtocolService.java:onCompleted(140)) - a08ebff1-9b45-4323-8dfa-f34875366795: Completed APPEND_ENTRIES, lastRequest: 101c5a0a-6a0b-4b69-94db-b1e14f36097a->a08ebff1-9b45-4323-8dfa-f34875366795#1-t6,previous=(t:0, i:0),leaderCommit=-1,initializing? true,entries: size=1, first=(t:6, i:0), CONFIGURATIONENTRY
2021-12-24 01:39:53,385 [ForkJoinPool.commonPool-worker-1] INFO  server.RaftServer (RaftServerProxy.java:lambda$close$6(391)) - a08ebff1-9b45-4323-8dfa-f34875366795: close
2021-12-24 01:39:53,385 [ForkJoinPool.commonPool-worker-1] INFO  server.RaftServer$Division (RaftServerImpl.java:lambda$close$4(412)) - a08ebff1-9b45-4323-8dfa-f34875366795@group-B954EE4169AF: shutdown
2021-12-24 01:39:53,385 [101c5a0a-6a0b-4b69-94db-b1e14f36097a@group-B954EE4169AF-StateMachineUpdater] INFO  ratis.ContainerStateMachine (ContainerStateMachine.java:takeSnapshot(310)) - group-B954EE4169AF: Finished taking a snapshot at:(t:6, i:0) file:/home/runner/work/ozone/ozone/hadoop-ozone/integration-test/target/test-dir/MiniOzoneClusterImpl-457f4e2c-1d7f-4a2a-8b89-0860a01b056d/datanode-1/data/ratis/d4c66bc4-16f2-4c2d-ab74-b954ee4169af/sm/snapshot.6_0 took: 2 ms
2021-12-24 01:39:53,385 [101c5a0a-6a0b-4b69-94db-b1e14f36097a@group-B954EE4169AF-StateMachineUpdater] INFO  impl.StateMachineUpdater (StateMachineUpdater.java:takeSnapshot(281)) - 101c5a0a-6a0b-4b69-94db-b1e14f36097a@group-B954EE4169AF-StateMachineUpdater: Took a snapshot at index 0
2021-12-24 01:39:53,386 [101c5a0a-6a0b-4b69-94db-b1e14f36097a@group-B954EE4169AF-StateMachineUpdater] INFO  impl.StateMachineUpdater (StateMachineUpdater.java:lambda$new$0(89)) - 101c5a0a-6a0b-4b69-94db-b1e14f36097a@group-B954EE4169AF-StateMachineUpdater: snapshotIndex: updateIncreasingly -1 -> 0
2021-12-24 01:39:53,385 [ForkJoinPool.commonPool-worker-1] INFO  util.JmxRegister (JmxRegister.java:unregister(73)) - Successfully un-registered JMX Bean with object name Ratis:service=RaftServer,group=group-B954EE4169AF,id=a08ebff1-9b45-4323-8dfa-f34875366795
2021-12-24 01:39:53,386 [ForkJoinPool.commonPool-worker-1] INFO  impl.RoleInfo (RoleInfo.java:shutdownFollowerState(108)) - a08ebff1-9b45-4323-8dfa-f34875366795: shutdown a08ebff1-9b45-4323-8dfa-f34875366795@group-B954EE4169AF-FollowerState
2021-12-24 01:39:53,386 [ForkJoinPool.commonPool-worker-1] INFO  impl.StateMachineUpdater (StateMachineUpdater.java:stopAndJoin(149)) - a08ebff1-9b45-4323-8dfa-f34875366795@group-B954EE4169AF-StateMachineUpdater: set stopIndex = 0
2021-12-24 01:39:53,386 [a08ebff1-9b45-4323-8dfa-f34875366795@group-B954EE4169AF-FollowerState] INFO  impl.FollowerState (FollowerState.java:run(143)) - a08ebff1-9b45-4323-8dfa-f34875366795@group-B954EE4169AF-FollowerState was interrupted: {}
java.lang.InterruptedException: sleep interrupted
	at java.lang.Thread.sleep(Native Method)
	at java.lang.Thread.sleep(Thread.java:340)
	at java.util.concurrent.TimeUnit.sleep(TimeUnit.java:386)
	at org.apache.ratis.util.TimeDuration.sleep(TimeDuration.java:324)
	at org.apache.ratis.util.TimeDuration.sleep(TimeDuration.java:309)
	at org.apache.ratis.server.impl.FollowerState.run(FollowerState.java:118)
2021-12-24 01:39:53,386 [a08ebff1-9b45-4323-8dfa-f34875366795@group-B954EE4169AF-StateMachineUpdater] INFO  ratis.ContainerStateMachine (ContainerStateMachine.java:takeSnapshot(299)) - group-B954EE4169AF: Taking a snapshot at:(t:6, i:0) file /home/runner/work/ozone/ozone/hadoop-ozone/integration-test/target/test-dir/MiniOzoneClusterImpl-457f4e2c-1d7f-4a2a-8b89-0860a01b056d/datanode-0/data/ratis/d4c66bc4-16f2-4c2d-ab74-b954ee4169af/sm/snapshot.6_0
2021-12-24 01:39:53,391 [Listener at 127.0.0.1/39723] INFO  server.RaftServer$Division (ServerState.java:close(419)) - 101c5a0a-6a0b-4b69-94db-b1e14f36097a@group-B954EE4169AF: closes. applyIndex: 0
2021-12-24 01:39:53,392 [grpc-default-executor-3] INFO  server.GrpcLogAppender (GrpcLogAppender.java:onCompleted(346)) - 101c5a0a-6a0b-4b69-94db-b1e14f36097a@group-B954EE4169AF->a08ebff1-9b45-4323-8dfa-f34875366795-AppendLogResponseHandler: follower responses appendEntries COMPLETED
2021-12-24 01:39:53,392 [grpc-default-executor-3] INFO  leader.FollowerInfo (FollowerInfoImpl.java:lambda$new$0(47)) - 101c5a0a-6a0b-4b69-94db-b1e14f36097a@group-B954EE4169AF->a08ebff1-9b45-4323-8dfa-f34875366795: nextIndex: updateUnconditionally 1 -> 0
2021-12-24 01:39:53,392 [a08ebff1-9b45-4323-8dfa-f34875366795@group-B954EE4169AF-StateMachineUpdater] INFO  ratis.ContainerStateMachine (ContainerStateMachine.java:takeSnapshot(310)) - group-B954EE4169AF: Finished taking a snapshot at:(t:6, i:0) file:/home/runner/work/ozone/ozone/hadoop-ozone/integration-test/target/test-dir/MiniOzoneClusterImpl-457f4e2c-1d7f-4a2a-8b89-0860a01b056d/datanode-0/data/ratis/d4c66bc4-16f2-4c2d-ab74-b954ee4169af/sm/snapshot.6_0 took: 5 ms
2021-12-24 01:39:53,392 [101c5a0a-6a0b-4b69-94db-b1e14f36097a@group-B954EE4169AF-SegmentedRaftLogWorker] INFO  segmented.SegmentedRaftLogWorker (SegmentedRaftLogWorker.java:run(327)) - 101c5a0a-6a0b-4b69-94db-b1e14f36097a@group-B954EE4169AF-SegmentedRaftLogWorker was interrupted, exiting. There are 0 tasks remaining in the queue.
2021-12-24 01:39:53,392 [a08ebff1-9b45-4323-8dfa-f34875366795@group-B954EE4169AF-StateMachineUpdater] INFO  impl.StateMachineUpdater (StateMachineUpdater.java:takeSnapshot(281)) - a08ebff1-9b45-4323-8dfa-f34875366795@group-B954EE4169AF-StateMachineUpdater: Took a snapshot at index 0
2021-12-24 01:39:53,392 [a08ebff1-9b45-4323-8dfa-f34875366795@group-B954EE4169AF-StateMachineUpdater] INFO  impl.StateMachineUpdater (StateMachineUpdater.java:lambda$new$0(89)) - a08ebff1-9b45-4323-8dfa-f34875366795@group-B954EE4169AF-StateMachineUpdater: snapshotIndex: updateIncreasingly -1 -> 0
2021-12-24 01:39:53,392 [ForkJoinPool.commonPool-worker-1] INFO  server.RaftServer$Division (ServerState.java:close(419)) - a08ebff1-9b45-4323-8dfa-f34875366795@group-B954EE4169AF: closes. applyIndex: 0
2021-12-24 01:39:53,393 [a08ebff1-9b45-4323-8dfa-f34875366795@group-B954EE4169AF-SegmentedRaftLogWorker] INFO  segmented.SegmentedRaftLogWorker (SegmentedRaftLogWorker.java:run(327)) - a08ebff1-9b45-4323-8dfa-f34875366795@group-B954EE4169AF-SegmentedRaftLogWorker was interrupted, exiting. There are 0 tasks remaining in the queue.
2021-12-24 01:39:53,393 [Listener at 127.0.0.1/39723] INFO  segmented.SegmentedRaftLogWorker (SegmentedRaftLogWorker.java:close(237)) - 101c5a0a-6a0b-4b69-94db-b1e14f36097a@group-B954EE4169AF-SegmentedRaftLogWorker close()
2021-12-24 01:39:53,393 [ForkJoinPool.commonPool-worker-1] INFO  segmented.SegmentedRaftLogWorker (SegmentedRaftLogWorker.java:close(237)) - a08ebff1-9b45-4323-8dfa-f34875366795@group-B954EE4169AF-SegmentedRaftLogWorker close()
2021-12-24 01:39:53,394 [Listener at 127.0.0.1/39723] INFO  server.RaftServer$Division (RaftServerImpl.java:lambda$close$4(412)) - 101c5a0a-6a0b-4b69-94db-b1e14f36097a@group-5E4A21277A04: shutdown
2021-12-24 01:39:53,395 [Listener at 127.0.0.1/39723] INFO  util.JmxRegister (JmxRegister.java:unregister(73)) - Successfully un-registered JMX Bean with object name Ratis:service=RaftServer,group=group-5E4A21277A04,id=101c5a0a-6a0b-4b69-94db-b1e14f36097a
2021-12-24 01:39:53,395 [ForkJoinPool.commonPool-worker-1] INFO  server.RaftServer$Division (RaftServerImpl.java:lambda$close$4(412)) - a08ebff1-9b45-4323-8dfa-f34875366795@group-3B988C5DB6E5: shutdown
2021-12-24 01:39:53,396 [ForkJoinPool.commonPool-worker-1] INFO  util.JmxRegister (JmxRegister.java:unregister(73)) - Successfully un-registered JMX Bean with object name Ratis:service=RaftServer,group=group-3B988C5DB6E5,id=a08ebff1-9b45-4323-8dfa-f34875366795
2021-12-24 01:39:53,396 [ForkJoinPool.commonPool-worker-1] INFO  impl.RoleInfo (RoleInfo.java:shutdownLeaderState(91)) - a08ebff1-9b45-4323-8dfa-f34875366795: shutdown a08ebff1-9b45-4323-8dfa-f34875366795@group-3B988C5DB6E5-LeaderStateImpl
2021-12-24 01:39:53,396 [ForkJoinPool.commonPool-worker-1] INFO  impl.PendingRequests (PendingRequests.java:sendNotLeaderResponses(282)) - a08ebff1-9b45-4323-8dfa-f34875366795@group-3B988C5DB6E5-PendingRequests: sendNotLeaderResponses
2021-12-24 01:39:53,397 [a08ebff1-9b45-4323-8dfa-f34875366795@group-3B988C5DB6E5-StateMachineUpdater] INFO  ratis.ContainerStateMachine (ContainerStateMachine.java:takeSnapshot(299)) - group-3B988C5DB6E5: Taking a snapshot at:(t:1, i:0) file /home/runner/work/ozone/ozone/hadoop-ozone/integration-test/target/test-dir/MiniOzoneClusterImpl-457f4e2c-1d7f-4a2a-8b89-0860a01b056d/datanode-0/data/ratis/d6b851ad-c07f-48b3-b5df-3b988c5db6e5/sm/snapshot.1_0
2021-12-24 01:39:53,397 [ForkJoinPool.commonPool-worker-1] INFO  impl.StateMachineUpdater (StateMachineUpdater.java:stopAndJoin(149)) - a08ebff1-9b45-4323-8dfa-f34875366795@group-3B988C5DB6E5-StateMachineUpdater: set stopIndex = 0
2021-12-24 01:39:53,398 [a08ebff1-9b45-4323-8dfa-f34875366795@group-3B988C5DB6E5-StateMachineUpdater] INFO  ratis.ContainerStateMachine (ContainerStateMachine.java:takeSnapshot(310)) - group-3B988C5DB6E5: Finished taking a snapshot at:(t:1, i:0) file:/home/runner/work/ozone/ozone/hadoop-ozone/integration-test/target/test-dir/MiniOzoneClusterImpl-457f4e2c-1d7f-4a2a-8b89-0860a01b056d/datanode-0/data/ratis/d6b851ad-c07f-48b3-b5df-3b988c5db6e5/sm/snapshot.1_0 took: 1 ms
2021-12-24 01:39:53,398 [a08ebff1-9b45-4323-8dfa-f34875366795@group-3B988C5DB6E5-StateMachineUpdater] INFO  impl.StateMachineUpdater (StateMachineUpdater.java:takeSnapshot(281)) - a08ebff1-9b45-4323-8dfa-f34875366795@group-3B988C5DB6E5-StateMachineUpdater: Took a snapshot at index 0
2021-12-24 01:39:53,398 [a08ebff1-9b45-4323-8dfa-f34875366795@group-3B988C5DB6E5-StateMachineUpdater] INFO  impl.StateMachineUpdater (StateMachineUpdater.java:lambda$new$0(89)) - a08ebff1-9b45-4323-8dfa-f34875366795@group-3B988C5DB6E5-StateMachineUpdater: snapshotIndex: updateIncreasingly -1 -> 0
2021-12-24 01:39:53,399 [ForkJoinPool.commonPool-worker-1] INFO  server.RaftServer$Division (ServerState.java:close(419)) - a08ebff1-9b45-4323-8dfa-f34875366795@group-3B988C5DB6E5: closes. applyIndex: 0
2021-12-24 01:39:53,399 [a08ebff1-9b45-4323-8dfa-f34875366795@group-3B988C5DB6E5-SegmentedRaftLogWorker] INFO  segmented.SegmentedRaftLogWorker (SegmentedRaftLogWorker.java:run(327)) - a08ebff1-9b45-4323-8dfa-f34875366795@group-3B988C5DB6E5-SegmentedRaftLogWorker was interrupted, exiting. There are 0 tasks remaining in the queue.
2021-12-24 01:39:53,399 [ForkJoinPool.commonPool-worker-1] INFO  segmented.SegmentedRaftLogWorker (SegmentedRaftLogWorker.java:close(237)) - a08ebff1-9b45-4323-8dfa-f34875366795@group-3B988C5DB6E5-SegmentedRaftLogWorker close()
2021-12-24 01:39:53,401 [Listener at 127.0.0.1/39723] INFO  impl.RoleInfo (RoleInfo.java:shutdownLeaderState(91)) - 101c5a0a-6a0b-4b69-94db-b1e14f36097a: shutdown 101c5a0a-6a0b-4b69-94db-b1e14f36097a@group-5E4A21277A04-LeaderStateImpl
2021-12-24 01:39:53,402 [Listener at 127.0.0.1/39723] INFO  impl.PendingRequests (PendingRequests.java:sendNotLeaderResponses(282)) - 101c5a0a-6a0b-4b69-94db-b1e14f36097a@group-5E4A21277A04-PendingRequests: sendNotLeaderResponses
2021-12-24 01:39:53,402 [101c5a0a-6a0b-4b69-94db-b1e14f36097a@group-5E4A21277A04-StateMachineUpdater] INFO  ratis.ContainerStateMachine (ContainerStateMachine.java:takeSnapshot(299)) - group-5E4A21277A04: Taking a snapshot at:(t:1, i:0) file /home/runner/work/ozone/ozone/hadoop-ozone/integration-test/target/test-dir/MiniOzoneClusterImpl-457f4e2c-1d7f-4a2a-8b89-0860a01b056d/datanode-1/data/ratis/ed9064ed-0bb0-4782-8225-5e4a21277a04/sm/snapshot.1_0
2021-12-24 01:39:53,403 [Listener at 127.0.0.1/39723] INFO  impl.StateMachineUpdater (StateMachineUpdater.java:stopAndJoin(149)) - 101c5a0a-6a0b-4b69-94db-b1e14f36097a@group-5E4A21277A04-StateMachineUpdater: set stopIndex = 0
2021-12-24 01:39:53,404 [ForkJoinPool.commonPool-worker-1] INFO  server.RaftServer$Division (RaftServerImpl.java:lambda$close$4(412)) - a08ebff1-9b45-4323-8dfa-f34875366795@group-BD1077FEF8FB: shutdown
2021-12-24 01:39:53,404 [ForkJoinPool.commonPool-worker-1] INFO  util.JmxRegister (JmxRegister.java:unregister(73)) - Successfully un-registered JMX Bean with object name Ratis:service=RaftServer,group=group-BD1077FEF8FB,id=a08ebff1-9b45-4323-8dfa-f34875366795
2021-12-24 01:39:53,404 [ForkJoinPool.commonPool-worker-1] INFO  impl.RoleInfo (RoleInfo.java:shutdownFollowerState(108)) - a08ebff1-9b45-4323-8dfa-f34875366795: shutdown a08ebff1-9b45-4323-8dfa-f34875366795@group-BD1077FEF8FB-FollowerState
2021-12-24 01:39:53,404 [a08ebff1-9b45-4323-8dfa-f34875366795@group-BD1077FEF8FB-FollowerState] INFO  impl.FollowerState (FollowerState.java:run(143)) - a08ebff1-9b45-4323-8dfa-f34875366795@group-BD1077FEF8FB-FollowerState was interrupted: {}
java.lang.InterruptedException: sleep interrupted
	at java.lang.Thread.sleep(Native Method)
	at java.lang.Thread.sleep(Thread.java:340)
	at java.util.concurrent.TimeUnit.sleep(TimeUnit.java:386)
	at org.apache.ratis.util.TimeDuration.sleep(TimeDuration.java:324)
	at org.apache.ratis.util.TimeDuration.sleep(TimeDuration.java:309)
	at org.apache.ratis.server.impl.FollowerState.run(FollowerState.java:118)
2021-12-24 01:39:53,404 [a08ebff1-9b45-4323-8dfa-f34875366795@group-BD1077FEF8FB-StateMachineUpdater] INFO  ratis.ContainerStateMachine (ContainerStateMachine.java:takeSnapshot(299)) - group-BD1077FEF8FB: Taking a snapshot at:(t:2, i:27) file /home/runner/work/ozone/ozone/hadoop-ozone/integration-test/target/test-dir/MiniOzoneClusterImpl-457f4e2c-1d7f-4a2a-8b89-0860a01b056d/datanode-0/data/ratis/49c47341-c989-4936-98c9-bd1077fef8fb/sm/snapshot.2_27
2021-12-24 01:39:53,405 [ForkJoinPool.commonPool-worker-1] INFO  impl.StateMachineUpdater (StateMachineUpdater.java:stopAndJoin(149)) - a08ebff1-9b45-4323-8dfa-f34875366795@group-BD1077FEF8FB-StateMachineUpdater: set stopIndex = 27
2021-12-24 01:39:53,405 [a08ebff1-9b45-4323-8dfa-f34875366795@group-BD1077FEF8FB-StateMachineUpdater] INFO  ratis.ContainerStateMachine (ContainerStateMachine.java:takeSnapshot(310)) - group-BD1077FEF8FB: Finished taking a snapshot at:(t:2, i:27) file:/home/runner/work/ozone/ozone/hadoop-ozone/integration-test/target/test-dir/MiniOzoneClusterImpl-457f4e2c-1d7f-4a2a-8b89-0860a01b056d/datanode-0/data/ratis/49c47341-c989-4936-98c9-bd1077fef8fb/sm/snapshot.2_27 took: 1 ms
2021-12-24 01:39:53,406 [a08ebff1-9b45-4323-8dfa-f34875366795@group-BD1077FEF8FB-StateMachineUpdater] INFO  impl.StateMachineUpdater (StateMachineUpdater.java:takeSnapshot(281)) - a08ebff1-9b45-4323-8dfa-f34875366795@group-BD1077FEF8FB-StateMachineUpdater: Took a snapshot at index 27
2021-12-24 01:39:53,406 [a08ebff1-9b45-4323-8dfa-f34875366795@group-BD1077FEF8FB-StateMachineUpdater] INFO  impl.StateMachineUpdater (StateMachineUpdater.java:lambda$new$0(89)) - a08ebff1-9b45-4323-8dfa-f34875366795@group-BD1077FEF8FB-StateMachineUpdater: snapshotIndex: updateIncreasingly -1 -> 27
2021-12-24 01:39:53,406 [ForkJoinPool.commonPool-worker-1] INFO  server.RaftServer$Division (ServerState.java:close(419)) - a08ebff1-9b45-4323-8dfa-f34875366795@group-BD1077FEF8FB: closes. applyIndex: 27
2021-12-24 01:39:53,406 [a08ebff1-9b45-4323-8dfa-f34875366795@group-BD1077FEF8FB-SegmentedRaftLogWorker] INFO  segmented.SegmentedRaftLogWorker (SegmentedRaftLogWorker.java:run(327)) - a08ebff1-9b45-4323-8dfa-f34875366795@group-BD1077FEF8FB-SegmentedRaftLogWorker was interrupted, exiting. There are 0 tasks remaining in the queue.
2021-12-24 01:39:53,407 [ForkJoinPool.commonPool-worker-1] INFO  segmented.SegmentedRaftLogWorker (SegmentedRaftLogWorker.java:close(237)) - a08ebff1-9b45-4323-8dfa-f34875366795@group-BD1077FEF8FB-SegmentedRaftLogWorker close()
2021-12-24 01:39:53,407 [101c5a0a-6a0b-4b69-94db-b1e14f36097a@group-5E4A21277A04-StateMachineUpdater] INFO  ratis.ContainerStateMachine (ContainerStateMachine.java:takeSnapshot(310)) - group-5E4A21277A04: Finished taking a snapshot at:(t:1, i:0) file:/home/runner/work/ozone/ozone/hadoop-ozone/integration-test/target/test-dir/MiniOzoneClusterImpl-457f4e2c-1d7f-4a2a-8b89-0860a01b056d/datanode-1/data/ratis/ed9064ed-0bb0-4782-8225-5e4a21277a04/sm/snapshot.1_0 took: 4 ms
2021-12-24 01:39:53,407 [101c5a0a-6a0b-4b69-94db-b1e14f36097a@group-5E4A21277A04-StateMachineUpdater] INFO  impl.StateMachineUpdater (StateMachineUpdater.java:takeSnapshot(281)) - 101c5a0a-6a0b-4b69-94db-b1e14f36097a@group-5E4A21277A04-StateMachineUpdater: Took a snapshot at index 0
2021-12-24 01:39:53,407 [101c5a0a-6a0b-4b69-94db-b1e14f36097a@group-5E4A21277A04-StateMachineUpdater] INFO  impl.StateMachineUpdater (StateMachineUpdater.java:lambda$new$0(89)) - 101c5a0a-6a0b-4b69-94db-b1e14f36097a@group-5E4A21277A04-StateMachineUpdater: snapshotIndex: updateIncreasingly -1 -> 0
2021-12-24 01:39:53,408 [Listener at 127.0.0.1/39723] INFO  server.RaftServer$Division (ServerState.java:close(419)) - 101c5a0a-6a0b-4b69-94db-b1e14f36097a@group-5E4A21277A04: closes. applyIndex: 0
2021-12-24 01:39:53,408 [101c5a0a-6a0b-4b69-94db-b1e14f36097a@group-5E4A21277A04-SegmentedRaftLogWorker] INFO  segmented.SegmentedRaftLogWorker (SegmentedRaftLogWorker.java:run(327)) - 101c5a0a-6a0b-4b69-94db-b1e14f36097a@group-5E4A21277A04-SegmentedRaftLogWorker was interrupted, exiting. There are 0 tasks remaining in the queue.
2021-12-24 01:39:53,408 [Listener at 127.0.0.1/39723] INFO  segmented.SegmentedRaftLogWorker (SegmentedRaftLogWorker.java:close(237)) - 101c5a0a-6a0b-4b69-94db-b1e14f36097a@group-5E4A21277A04-SegmentedRaftLogWorker close()
2021-12-24 01:39:53,409 [ForkJoinPool.commonPool-worker-1] INFO  server.GrpcService (GrpcService.java:closeImpl(262)) - a08ebff1-9b45-4323-8dfa-f34875366795: shutdown server with port 40615 now
2021-12-24 01:39:53,410 [Listener at 127.0.0.1/39723] INFO  server.RaftServer$Division (RaftServerImpl.java:lambda$close$4(412)) - 101c5a0a-6a0b-4b69-94db-b1e14f36097a@group-BD1077FEF8FB: shutdown
2021-12-24 01:39:53,410 [Listener at 127.0.0.1/39723] INFO  util.JmxRegister (JmxRegister.java:unregister(73)) - Successfully un-registered JMX Bean with object name Ratis:service=RaftServer,group=group-BD1077FEF8FB,id=101c5a0a-6a0b-4b69-94db-b1e14f36097a
2021-12-24 01:39:53,410 [Listener at 127.0.0.1/39723] INFO  impl.RoleInfo (RoleInfo.java:shutdownFollowerState(108)) - 101c5a0a-6a0b-4b69-94db-b1e14f36097a: shutdown 101c5a0a-6a0b-4b69-94db-b1e14f36097a@group-BD1077FEF8FB-FollowerState
2021-12-24 01:39:53,410 [101c5a0a-6a0b-4b69-94db-b1e14f36097a@group-BD1077FEF8FB-FollowerState] INFO  impl.FollowerState (FollowerState.java:run(143)) - 101c5a0a-6a0b-4b69-94db-b1e14f36097a@group-BD1077FEF8FB-FollowerState was interrupted: {}
java.lang.InterruptedException: sleep interrupted
	at java.lang.Thread.sleep(Native Method)
	at java.lang.Thread.sleep(Thread.java:340)
	at java.util.concurrent.TimeUnit.sleep(TimeUnit.java:386)
	at org.apache.ratis.util.TimeDuration.sleep(TimeDuration.java:324)
	at org.apache.ratis.util.TimeDuration.sleep(TimeDuration.java:309)
	at org.apache.ratis.server.impl.FollowerState.run(FollowerState.java:118)
2021-12-24 01:39:53,411 [101c5a0a-6a0b-4b69-94db-b1e14f36097a@group-BD1077FEF8FB-StateMachineUpdater] INFO  ratis.ContainerStateMachine (ContainerStateMachine.java:takeSnapshot(299)) - group-BD1077FEF8FB: Taking a snapshot at:(t:2, i:27) file /home/runner/work/ozone/ozone/hadoop-ozone/integration-test/target/test-dir/MiniOzoneClusterImpl-457f4e2c-1d7f-4a2a-8b89-0860a01b056d/datanode-1/data/ratis/49c47341-c989-4936-98c9-bd1077fef8fb/sm/snapshot.2_27
2021-12-24 01:39:53,411 [Listener at 127.0.0.1/39723] INFO  impl.StateMachineUpdater (StateMachineUpdater.java:stopAndJoin(149)) - 101c5a0a-6a0b-4b69-94db-b1e14f36097a@group-BD1077FEF8FB-StateMachineUpdater: set stopIndex = 27
2021-12-24 01:39:53,412 [101c5a0a-6a0b-4b69-94db-b1e14f36097a@group-BD1077FEF8FB-StateMachineUpdater] INFO  ratis.ContainerStateMachine (ContainerStateMachine.java:takeSnapshot(310)) - group-BD1077FEF8FB: Finished taking a snapshot at:(t:2, i:27) file:/home/runner/work/ozone/ozone/hadoop-ozone/integration-test/target/test-dir/MiniOzoneClusterImpl-457f4e2c-1d7f-4a2a-8b89-0860a01b056d/datanode-1/data/ratis/49c47341-c989-4936-98c9-bd1077fef8fb/sm/snapshot.2_27 took: 2 ms
2021-12-24 01:39:53,412 [101c5a0a-6a0b-4b69-94db-b1e14f36097a@group-BD1077FEF8FB-StateMachineUpdater] INFO  impl.StateMachineUpdater (StateMachineUpdater.java:takeSnapshot(281)) - 101c5a0a-6a0b-4b69-94db-b1e14f36097a@group-BD1077FEF8FB-StateMachineUpdater: Took a snapshot at index 27
2021-12-24 01:39:53,413 [101c5a0a-6a0b-4b69-94db-b1e14f36097a@group-BD1077FEF8FB-StateMachineUpdater] INFO  impl.StateMachineUpdater (StateMachineUpdater.java:lambda$new$0(89)) - 101c5a0a-6a0b-4b69-94db-b1e14f36097a@group-BD1077FEF8FB-StateMachineUpdater: snapshotIndex: updateIncreasingly -1 -> 27
2021-12-24 01:39:53,414 [Listener at 127.0.0.1/39723] INFO  server.RaftServer$Division (ServerState.java:close(419)) - 101c5a0a-6a0b-4b69-94db-b1e14f36097a@group-BD1077FEF8FB: closes. applyIndex: 27
2021-12-24 01:39:53,414 [101c5a0a-6a0b-4b69-94db-b1e14f36097a@group-BD1077FEF8FB-SegmentedRaftLogWorker] INFO  segmented.SegmentedRaftLogWorker (SegmentedRaftLogWorker.java:run(327)) - 101c5a0a-6a0b-4b69-94db-b1e14f36097a@group-BD1077FEF8FB-SegmentedRaftLogWorker was interrupted, exiting. There are 0 tasks remaining in the queue.
2021-12-24 01:39:53,415 [Listener at 127.0.0.1/39723] INFO  segmented.SegmentedRaftLogWorker (SegmentedRaftLogWorker.java:close(237)) - 101c5a0a-6a0b-4b69-94db-b1e14f36097a@group-BD1077FEF8FB-SegmentedRaftLogWorker close()
2021-12-24 01:39:53,417 [grpc-default-executor-3] WARN  server.GrpcServerProtocolService (LogUtils.java:warn(122)) - a08ebff1-9b45-4323-8dfa-f34875366795: installSnapshot onError, lastRequest: 60bff453-db1a-4c7e-8fb6-f4d87589f2a9->a08ebff1-9b45-4323-8dfa-f34875366795#390-t2,previous=(t:2, i:26),leaderCommit=25,initializing? true,entries: size=1, first=(t:2, i:27), METADATAENTRY(c:25): org.apache.ratis.thirdparty.io.grpc.StatusRuntimeException: CANCELLED: client cancelled
2021-12-24 01:39:53,421 [Listener at 127.0.0.1/39723] INFO  server.GrpcService (GrpcService.java:closeImpl(262)) - 101c5a0a-6a0b-4b69-94db-b1e14f36097a: shutdown server with port 35977 now
2021-12-24 01:39:53,434 [grpc-default-executor-3] WARN  server.GrpcServerProtocolService (LogUtils.java:warn(122)) - 101c5a0a-6a0b-4b69-94db-b1e14f36097a: installSnapshot onError, lastRequest: 60bff453-db1a-4c7e-8fb6-f4d87589f2a9->101c5a0a-6a0b-4b69-94db-b1e14f36097a#327-t2,previous=(t:2, i:26),leaderCommit=25,initializing? true,entries: size=1, first=(t:2, i:27), METADATAENTRY(c:25): org.apache.ratis.thirdparty.io.grpc.StatusRuntimeException: CANCELLED: client cancelled
2021-12-24 01:39:53,434 [grpc-default-executor-1] WARN  server.GrpcLogAppender (LogUtils.java:warn(122)) - 60bff453-db1a-4c7e-8fb6-f4d87589f2a9@group-BD1077FEF8FB->a08ebff1-9b45-4323-8dfa-f34875366795-AppendLogResponseHandler: Failed appendEntries: org.apache.ratis.thirdparty.io.grpc.StatusRuntimeException: CANCELLED: HTTP/2 error code: CANCEL
Received Rst Stream
2021-12-24 01:39:53,434 [grpc-default-executor-1] INFO  leader.FollowerInfo (FollowerInfoImpl.java:lambda$new$0(47)) - 60bff453-db1a-4c7e-8fb6-f4d87589f2a9@group-BD1077FEF8FB->a08ebff1-9b45-4323-8dfa-f34875366795: nextIndex: updateUnconditionally 28 -> 27
2021-12-24 01:39:53,439 [grpc-default-executor-2] WARN  server.GrpcLogAppender (LogUtils.java:warn(122)) - 60bff453-db1a-4c7e-8fb6-f4d87589f2a9@group-BD1077FEF8FB->a08ebff1-9b45-4323-8dfa-f34875366795-AppendLogResponseHandler: Failed appendEntries: org.apache.ratis.thirdparty.io.grpc.StatusRuntimeException: UNAVAILABLE: io exception
2021-12-24 01:39:53,440 [grpc-default-executor-2] INFO  leader.FollowerInfo (FollowerInfoImpl.java:lambda$new$0(47)) - 60bff453-db1a-4c7e-8fb6-f4d87589f2a9@group-BD1077FEF8FB->a08ebff1-9b45-4323-8dfa-f34875366795: nextIndex: updateUnconditionally 28 -> 27
2021-12-24 01:39:53,440 [grpc-default-executor-1] WARN  server.GrpcLogAppender (LogUtils.java:warn(122)) - 60bff453-db1a-4c7e-8fb6-f4d87589f2a9@group-BD1077FEF8FB->101c5a0a-6a0b-4b69-94db-b1e14f36097a-AppendLogResponseHandler: Failed appendEntries: org.apache.ratis.thirdparty.io.grpc.StatusRuntimeException: CANCELLED: HTTP/2 error code: CANCEL
Received Rst Stream
2021-12-24 01:39:53,440 [grpc-default-executor-1] INFO  leader.FollowerInfo (FollowerInfoImpl.java:lambda$new$0(47)) - 60bff453-db1a-4c7e-8fb6-f4d87589f2a9@group-BD1077FEF8FB->101c5a0a-6a0b-4b69-94db-b1e14f36097a: nextIndex: updateUnconditionally 28 -> 27
2021-12-24 01:39:53,442 [ForkJoinPool.commonPool-worker-1] INFO  server.GrpcService (GrpcService.java:closeImpl(271)) - a08ebff1-9b45-4323-8dfa-f34875366795: shutdown server with port 40615 successfully
2021-12-24 01:39:53,443 [org.apache.ratis.util.JvmPauseMonitor$$Lambda$528/1509220174@5e44d999] INFO  util.JvmPauseMonitor (JvmPauseMonitor.java:run(109)) - JvmPauseMonitor-a08ebff1-9b45-4323-8dfa-f34875366795: Stopped
2021-12-24 01:39:53,446 [Listener at 127.0.0.1/39723] INFO  server.GrpcService (GrpcService.java:closeImpl(271)) - 101c5a0a-6a0b-4b69-94db-b1e14f36097a: shutdown server with port 35977 successfully
2021-12-24 01:39:53,446 [org.apache.ratis.util.JvmPauseMonitor$$Lambda$528/1509220174@60919ef4] INFO  util.JvmPauseMonitor (JvmPauseMonitor.java:run(109)) - JvmPauseMonitor-101c5a0a-6a0b-4b69-94db-b1e14f36097a: Stopped
2021-12-24 01:39:53,448 [grpc-default-executor-1] WARN  server.GrpcLogAppender (LogUtils.java:warn(122)) - 60bff453-db1a-4c7e-8fb6-f4d87589f2a9@group-BD1077FEF8FB->101c5a0a-6a0b-4b69-94db-b1e14f36097a-AppendLogResponseHandler: Failed appendEntries: org.apache.ratis.thirdparty.io.grpc.StatusRuntimeException: UNAVAILABLE: io exception
2021-12-24 01:39:53,448 [grpc-default-executor-1] INFO  leader.FollowerInfo (FollowerInfoImpl.java:lambda$new$0(47)) - 60bff453-db1a-4c7e-8fb6-f4d87589f2a9@group-BD1077FEF8FB->101c5a0a-6a0b-4b69-94db-b1e14f36097a: nextIndex: updateUnconditionally 28 -> 27
2021-12-24 01:39:55,462 [Listener at 127.0.0.1/39723] INFO  utils.BackgroundService (BackgroundService.java:shutdown(132)) - Shutting down service BlockDeletingService
2021-12-24 01:39:55,470 [ForkJoinPool.commonPool-worker-1] INFO  utils.BackgroundService (BackgroundService.java:shutdown(132)) - Shutting down service BlockDeletingService
2021-12-24 01:39:55,937 [grpc-default-executor-1] WARN  server.GrpcLogAppender (LogUtils.java:warn(122)) - 60bff453-db1a-4c7e-8fb6-f4d87589f2a9@group-BD1077FEF8FB->a08ebff1-9b45-4323-8dfa-f34875366795-AppendLogResponseHandler: Failed appendEntries: org.apache.ratis.thirdparty.io.grpc.StatusRuntimeException: UNAVAILABLE: io exception
2021-12-24 01:39:55,938 [grpc-default-executor-1] INFO  leader.FollowerInfo (FollowerInfoImpl.java:lambda$new$0(47)) - 60bff453-db1a-4c7e-8fb6-f4d87589f2a9@group-BD1077FEF8FB->a08ebff1-9b45-4323-8dfa-f34875366795: nextIndex: updateUnconditionally 28 -> 27
2021-12-24 01:39:55,948 [grpc-default-executor-1] WARN  server.GrpcLogAppender (LogUtils.java:warn(122)) - 60bff453-db1a-4c7e-8fb6-f4d87589f2a9@group-BD1077FEF8FB->101c5a0a-6a0b-4b69-94db-b1e14f36097a-AppendLogResponseHandler: Failed appendEntries: org.apache.ratis.thirdparty.io.grpc.StatusRuntimeException: UNAVAILABLE: io exception
2021-12-24 01:39:55,948 [grpc-default-executor-1] INFO  leader.FollowerInfo (FollowerInfoImpl.java:lambda$new$0(47)) - 60bff453-db1a-4c7e-8fb6-f4d87589f2a9@group-BD1077FEF8FB->101c5a0a-6a0b-4b69-94db-b1e14f36097a: nextIndex: updateUnconditionally 28 -> 27
2021-12-24 01:39:58,438 [grpc-default-executor-1] WARN  server.GrpcLogAppender (LogUtils.java:warn(122)) - 60bff453-db1a-4c7e-8fb6-f4d87589f2a9@group-BD1077FEF8FB->a08ebff1-9b45-4323-8dfa-f34875366795-AppendLogResponseHandler: Failed appendEntries: org.apache.ratis.thirdparty.io.grpc.StatusRuntimeException: UNAVAILABLE: io exception
2021-12-24 01:39:58,439 [grpc-default-executor-1] INFO  leader.FollowerInfo (FollowerInfoImpl.java:lambda$new$0(47)) - 60bff453-db1a-4c7e-8fb6-f4d87589f2a9@group-BD1077FEF8FB->a08ebff1-9b45-4323-8dfa-f34875366795: nextIndex: updateUnconditionally 28 -> 27
2021-12-24 01:39:58,448 [grpc-default-executor-1] WARN  server.GrpcLogAppender (LogUtils.java:warn(122)) - 60bff453-db1a-4c7e-8fb6-f4d87589f2a9@group-BD1077FEF8FB->101c5a0a-6a0b-4b69-94db-b1e14f36097a-AppendLogResponseHandler: Failed appendEntries: org.apache.ratis.thirdparty.io.grpc.StatusRuntimeException: UNAVAILABLE: io exception
2021-12-24 01:39:58,448 [grpc-default-executor-1] INFO  leader.FollowerInfo (FollowerInfoImpl.java:lambda$new$0(47)) - 60bff453-db1a-4c7e-8fb6-f4d87589f2a9@group-BD1077FEF8FB->101c5a0a-6a0b-4b69-94db-b1e14f36097a: nextIndex: updateUnconditionally 28 -> 27
2021-12-24 01:39:58,481 [Listener at 127.0.0.1/39723] INFO  statemachine.DatanodeStateMachine (DatanodeStateMachine.java:stopDaemon(526)) - Ozone container server stopped.
2021-12-24 01:39:58,482 [Listener at 127.0.0.1/39723] INFO  handler.ContextHandler (ContextHandler.java:doStop(1153)) - Stopped o.e.j.w.WebAppContext@8236c4f{hddsDatanode,/,null,STOPPED}{jar:file:/home/runner/.m2/repository/org/apache/ozone/hdds-container-service/1.3.0-SNAPSHOT/hdds-container-service-1.3.0-SNAPSHOT.jar!/webapps/hddsDatanode}
2021-12-24 01:39:58,484 [Listener at 127.0.0.1/39723] INFO  server.AbstractConnector (AbstractConnector.java:doStop(381)) - Stopped ServerConnector@4f35699{HTTP/1.1, (http/1.1)}{0.0.0.0:0}
2021-12-24 01:39:58,484 [Listener at 127.0.0.1/39723] INFO  server.session (HouseKeeper.java:stopScavenging(149)) - node0 Stopped scavenging
2021-12-24 01:39:58,486 [Listener at 127.0.0.1/39723] INFO  handler.ContextHandler (ContextHandler.java:doStop(1153)) - Stopped o.e.j.s.ServletContextHandler@7123a28f{static,/static,jar:file:/home/runner/.m2/repository/org/apache/ozone/hdds-container-service/1.3.0-SNAPSHOT/hdds-container-service-1.3.0-SNAPSHOT.jar!/webapps/static,STOPPED}
2021-12-24 01:39:58,486 [ForkJoinPool.commonPool-worker-1] INFO  statemachine.DatanodeStateMachine (DatanodeStateMachine.java:stopDaemon(526)) - Ozone container server stopped.
2021-12-24 01:39:58,494 [Listener at 127.0.0.1/39723] INFO  handler.ContextHandler (ContextHandler.java:doStop(1153)) - Stopped o.e.j.s.ServletContextHandler@5ba71291{logs,/logs,file:///home/runner/work/ozone/ozone/hadoop-ozone/integration-test/target/log,STOPPED}
2021-12-24 01:39:58,503 [ForkJoinPool.commonPool-worker-1] INFO  handler.ContextHandler (ContextHandler.java:doStop(1153)) - Stopped o.e.j.w.WebAppContext@411f02f8{hddsDatanode,/,null,STOPPED}{jar:file:/home/runner/.m2/repository/org/apache/ozone/hdds-container-service/1.3.0-SNAPSHOT/hdds-container-service-1.3.0-SNAPSHOT.jar!/webapps/hddsDatanode}
2021-12-24 01:39:58,503 [ForkJoinPool.commonPool-worker-1] INFO  server.AbstractConnector (AbstractConnector.java:doStop(381)) - Stopped ServerConnector@4c3909cc{HTTP/1.1, (http/1.1)}{0.0.0.0:0}
2021-12-24 01:39:58,503 [ForkJoinPool.commonPool-worker-1] INFO  server.session (HouseKeeper.java:stopScavenging(149)) - node0 Stopped scavenging
2021-12-24 01:39:58,504 [ForkJoinPool.commonPool-worker-1] INFO  handler.ContextHandler (ContextHandler.java:doStop(1153)) - Stopped o.e.j.s.ServletContextHandler@7f2ab742{static,/static,jar:file:/home/runner/.m2/repository/org/apache/ozone/hdds-container-service/1.3.0-SNAPSHOT/hdds-container-service-1.3.0-SNAPSHOT.jar!/webapps/static,STOPPED}
2021-12-24 01:39:58,505 [ForkJoinPool.commonPool-worker-1] INFO  handler.ContextHandler (ContextHandler.java:doStop(1153)) - Stopped o.e.j.s.ServletContextHandler@3e2c2452{logs,/logs,file:///home/runner/work/ozone/ozone/hadoop-ozone/integration-test/target/log,STOPPED}
2021-12-24 01:40:00,802 [60bff453-db1a-4c7e-8fb6-f4d87589f2a9@group-BD1077FEF8FB-LeaderStateImpl] WARN  server.RaftServer$Division (LeaderStateImpl.java:checkLeadership(974)) - 60bff453-db1a-4c7e-8fb6-f4d87589f2a9@group-BD1077FEF8FB-LeaderStateImpl: Lost leadership on term: 2. Election timeout: 5200ms. In charge for: 35104ms. Conf: 0: [101c5a0a-6a0b-4b69-94db-b1e14f36097a|rpc:10.1.0.29:35977|dataStream:|priority:0, a08ebff1-9b45-4323-8dfa-f34875366795|rpc:10.1.0.29:40615|dataStream:|priority:0, 60bff453-db1a-4c7e-8fb6-f4d87589f2a9|rpc:10.1.0.29:39663|dataStream:|priority:1], old=null
2021-12-24 01:40:00,803 [60bff453-db1a-4c7e-8fb6-f4d87589f2a9@group-BD1077FEF8FB-LeaderStateImpl] WARN  server.RaftServer$Division (LeaderStateImpl.java:lambda$checkLeadership$15(978)) - Follower 60bff453-db1a-4c7e-8fb6-f4d87589f2a9@group-BD1077FEF8FB->101c5a0a-6a0b-4b69-94db-b1e14f36097a(c27,m27,n27, attendVote=true, lastRpcSendTime=2354, lastRpcResponseTime=8597)
2021-12-24 01:40:00,803 [60bff453-db1a-4c7e-8fb6-f4d87589f2a9@group-BD1077FEF8FB-LeaderStateImpl] WARN  server.RaftServer$Division (LeaderStateImpl.java:lambda$checkLeadership$15(978)) - Follower 60bff453-db1a-4c7e-8fb6-f4d87589f2a9@group-BD1077FEF8FB->a08ebff1-9b45-4323-8dfa-f34875366795(c27,m27,n27, attendVote=true, lastRpcSendTime=2364, lastRpcResponseTime=8581)
2021-12-24 01:40:00,803 [60bff453-db1a-4c7e-8fb6-f4d87589f2a9@group-BD1077FEF8FB-LeaderStateImpl] INFO  server.RaftServer$Division (RaftServerImpl.java:setRole(290)) - 60bff453-db1a-4c7e-8fb6-f4d87589f2a9@group-BD1077FEF8FB: changes role from    LEADER to FOLLOWER at term 2 for StepDownReason:LOST_MAJORITY_HEARTBEATS
2021-12-24 01:40:00,803 [60bff453-db1a-4c7e-8fb6-f4d87589f2a9@group-BD1077FEF8FB-LeaderStateImpl] INFO  impl.RoleInfo (RoleInfo.java:shutdownLeaderState(91)) - 60bff453-db1a-4c7e-8fb6-f4d87589f2a9: shutdown 60bff453-db1a-4c7e-8fb6-f4d87589f2a9@group-BD1077FEF8FB-LeaderStateImpl
2021-12-24 01:40:00,803 [60bff453-db1a-4c7e-8fb6-f4d87589f2a9@group-BD1077FEF8FB-LeaderStateImpl] INFO  impl.PendingRequests (PendingRequests.java:sendNotLeaderResponses(282)) - 60bff453-db1a-4c7e-8fb6-f4d87589f2a9@group-BD1077FEF8FB-PendingRequests: sendNotLeaderResponses
2021-12-24 01:40:00,804 [60bff453-db1a-4c7e-8fb6-f4d87589f2a9@group-BD1077FEF8FB-LeaderStateImpl] INFO  impl.RoleInfo (RoleInfo.java:updateAndGet(130)) - 60bff453-db1a-4c7e-8fb6-f4d87589f2a9: start 60bff453-db1a-4c7e-8fb6-f4d87589f2a9@group-BD1077FEF8FB-FollowerState
2021-12-24 01:40:00,804 [60bff453-db1a-4c7e-8fb6-f4d87589f2a9@group-BD1077FEF8FB->a08ebff1-9b45-4323-8dfa-f34875366795-GrpcLogAppender-LogAppenderDaemon] WARN  server.GrpcLogAppender (GrpcLogAppender.java:mayWait(177)) - 60bff453-db1a-4c7e-8fb6-f4d87589f2a9@group-BD1077FEF8FB->a08ebff1-9b45-4323-8dfa-f34875366795-GrpcLogAppender: Wait interrupted by java.lang.InterruptedException
2021-12-24 01:40:00,804 [60bff453-db1a-4c7e-8fb6-f4d87589f2a9@group-BD1077FEF8FB->101c5a0a-6a0b-4b69-94db-b1e14f36097a-GrpcLogAppender-LogAppenderDaemon] WARN  server.GrpcLogAppender (GrpcLogAppender.java:mayWait(177)) - 60bff453-db1a-4c7e-8fb6-f4d87589f2a9@group-BD1077FEF8FB->101c5a0a-6a0b-4b69-94db-b1e14f36097a-GrpcLogAppender: Wait interrupted by java.lang.InterruptedException
2021-12-24 01:40:01,360 [60bff453-db1a-4c7e-8fb6-f4d87589f2a9@group-B954EE4169AF-FollowerState] INFO  impl.FollowerState (FollowerState.java:run(134)) - 60bff453-db1a-4c7e-8fb6-f4d87589f2a9@group-B954EE4169AF-FollowerState: change to CANDIDATE, lastRpcElapsedTime:10317234372ns, electionTimeout:5190ms
2021-12-24 01:40:01,360 [60bff453-db1a-4c7e-8fb6-f4d87589f2a9@group-B954EE4169AF-FollowerState] INFO  impl.RoleInfo (RoleInfo.java:shutdownFollowerState(108)) - 60bff453-db1a-4c7e-8fb6-f4d87589f2a9: shutdown 60bff453-db1a-4c7e-8fb6-f4d87589f2a9@group-B954EE4169AF-FollowerState
2021-12-24 01:40:01,360 [60bff453-db1a-4c7e-8fb6-f4d87589f2a9@group-B954EE4169AF-FollowerState] INFO  server.RaftServer$Division (RaftServerImpl.java:setRole(290)) - 60bff453-db1a-4c7e-8fb6-f4d87589f2a9@group-B954EE4169AF: changes role from  FOLLOWER to CANDIDATE at term 6 for changeToCandidate
2021-12-24 01:40:01,360 [60bff453-db1a-4c7e-8fb6-f4d87589f2a9@group-B954EE4169AF-FollowerState] INFO  server.RaftServerConfigKeys (ConfUtils.java:logGet(44)) - raft.server.leaderelection.pre-vote = false (custom)
2021-12-24 01:40:01,360 [60bff453-db1a-4c7e-8fb6-f4d87589f2a9@group-B954EE4169AF-FollowerState] INFO  impl.RoleInfo (RoleInfo.java:updateAndGet(130)) - 60bff453-db1a-4c7e-8fb6-f4d87589f2a9: start 60bff453-db1a-4c7e-8fb6-f4d87589f2a9@group-B954EE4169AF-LeaderElection33
2021-12-24 01:40:01,382 [60bff453-db1a-4c7e-8fb6-f4d87589f2a9@group-B954EE4169AF-LeaderElection33] INFO  server.RaftServer$Division (ServerState.java:setLeader(285)) - 60bff453-db1a-4c7e-8fb6-f4d87589f2a9@group-B954EE4169AF: change Leader from 101c5a0a-6a0b-4b69-94db-b1e14f36097a to null at term 6 for ELECTION
2021-12-24 01:40:01,387 [60bff453-db1a-4c7e-8fb6-f4d87589f2a9@group-B954EE4169AF-LeaderElection33] INFO  impl.LeaderElection (LeaderElection.java:askForVotes(306)) - 60bff453-db1a-4c7e-8fb6-f4d87589f2a9@group-B954EE4169AF-LeaderElection33 ELECTION round 0: submit vote requests at term 7 for 0: [101c5a0a-6a0b-4b69-94db-b1e14f36097a|rpc:10.1.0.29:35977|dataStream:|priority:1, a08ebff1-9b45-4323-8dfa-f34875366795|rpc:10.1.0.29:40615|dataStream:|priority:0, 60bff453-db1a-4c7e-8fb6-f4d87589f2a9|rpc:10.1.0.29:39663|dataStream:|priority:0], old=null
2021-12-24 01:40:01,407 [60bff453-db1a-4c7e-8fb6-f4d87589f2a9@group-B954EE4169AF-LeaderElection33] INFO  impl.LeaderElection (LogUtils.java:infoOrTrace(137)) - 60bff453-db1a-4c7e-8fb6-f4d87589f2a9@group-B954EE4169AF-LeaderElection33 got exception when requesting votes: java.util.concurrent.ExecutionException: org.apache.ratis.thirdparty.io.grpc.StatusRuntimeException: UNAVAILABLE: io exception
2021-12-24 01:40:01,409 [60bff453-db1a-4c7e-8fb6-f4d87589f2a9@group-B954EE4169AF-LeaderElection33] INFO  impl.LeaderElection (LogUtils.java:infoOrTrace(137)) - 60bff453-db1a-4c7e-8fb6-f4d87589f2a9@group-B954EE4169AF-LeaderElection33 got exception when requesting votes: java.util.concurrent.ExecutionException: org.apache.ratis.thirdparty.io.grpc.StatusRuntimeException: UNAVAILABLE: io exception
2021-12-24 01:40:01,409 [60bff453-db1a-4c7e-8fb6-f4d87589f2a9@group-B954EE4169AF-LeaderElection33] INFO  impl.LeaderElection (LeaderElection.java:logAndReturn(89)) - 60bff453-db1a-4c7e-8fb6-f4d87589f2a9@group-B954EE4169AF-LeaderElection33: ELECTION REJECTED received 0 response(s) and 2 exception(s):
2021-12-24 01:40:01,409 [60bff453-db1a-4c7e-8fb6-f4d87589f2a9@group-B954EE4169AF-LeaderElection33] INFO  impl.LeaderElection (LogUtils.java:infoOrTrace(137)) -   Exception 0: java.util.concurrent.ExecutionException: org.apache.ratis.thirdparty.io.grpc.StatusRuntimeException: UNAVAILABLE: io exception
2021-12-24 01:40:01,410 [60bff453-db1a-4c7e-8fb6-f4d87589f2a9@group-B954EE4169AF-LeaderElection33] INFO  impl.LeaderElection (LogUtils.java:infoOrTrace(137)) -   Exception 1: java.util.concurrent.ExecutionException: org.apache.ratis.thirdparty.io.grpc.StatusRuntimeException: UNAVAILABLE: io exception
2021-12-24 01:40:01,410 [60bff453-db1a-4c7e-8fb6-f4d87589f2a9@group-B954EE4169AF-LeaderElection33] INFO  impl.LeaderElection (LeaderElection.java:askForVotes(308)) - 60bff453-db1a-4c7e-8fb6-f4d87589f2a9@group-B954EE4169AF-LeaderElection33 ELECTION round 0: result REJECTED
2021-12-24 01:40:01,410 [60bff453-db1a-4c7e-8fb6-f4d87589f2a9@group-B954EE4169AF-LeaderElection33] INFO  server.RaftServer$Division (RaftServerImpl.java:setRole(290)) - 60bff453-db1a-4c7e-8fb6-f4d87589f2a9@group-B954EE4169AF: changes role from CANDIDATE to FOLLOWER at term 7 for REJECTED
2021-12-24 01:40:01,410 [60bff453-db1a-4c7e-8fb6-f4d87589f2a9@group-B954EE4169AF-LeaderElection33] INFO  impl.RoleInfo (RoleInfo.java:shutdownLeaderElection(121)) - 60bff453-db1a-4c7e-8fb6-f4d87589f2a9: shutdown 60bff453-db1a-4c7e-8fb6-f4d87589f2a9@group-B954EE4169AF-LeaderElection33
2021-12-24 01:40:01,410 [60bff453-db1a-4c7e-8fb6-f4d87589f2a9@group-B954EE4169AF-LeaderElection33] INFO  impl.RoleInfo (RoleInfo.java:updateAndGet(130)) - 60bff453-db1a-4c7e-8fb6-f4d87589f2a9: start 60bff453-db1a-4c7e-8fb6-f4d87589f2a9@group-B954EE4169AF-FollowerState
2021-12-24 01:40:03,497 [Listener at 127.0.0.1/39723] INFO  ozoneimpl.OzoneContainer (OzoneContainer.java:stop(336)) - Attempting to stop container services.
2021-12-24 01:40:03,499 [Listener at 127.0.0.1/39723] INFO  server.RaftServer (RaftServerProxy.java:lambda$close$6(391)) - 60bff453-db1a-4c7e-8fb6-f4d87589f2a9: close
2021-12-24 01:40:03,511 [Listener at 127.0.0.1/39723] INFO  server.RaftServer$Division (RaftServerImpl.java:lambda$close$4(412)) - 60bff453-db1a-4c7e-8fb6-f4d87589f2a9@group-B954EE4169AF: shutdown
2021-12-24 01:40:03,511 [Listener at 127.0.0.1/39723] INFO  util.JmxRegister (JmxRegister.java:unregister(73)) - Successfully un-registered JMX Bean with object name Ratis:service=RaftServer,group=group-B954EE4169AF,id=60bff453-db1a-4c7e-8fb6-f4d87589f2a9
2021-12-24 01:40:03,511 [Listener at 127.0.0.1/39723] INFO  impl.RoleInfo (RoleInfo.java:shutdownFollowerState(108)) - 60bff453-db1a-4c7e-8fb6-f4d87589f2a9: shutdown 60bff453-db1a-4c7e-8fb6-f4d87589f2a9@group-B954EE4169AF-FollowerState
2021-12-24 01:40:03,511 [Listener at 127.0.0.1/39723] INFO  impl.StateMachineUpdater (StateMachineUpdater.java:stopAndJoin(149)) - 60bff453-db1a-4c7e-8fb6-f4d87589f2a9@group-B954EE4169AF-StateMachineUpdater: set stopIndex = 0
2021-12-24 01:40:03,513 [60bff453-db1a-4c7e-8fb6-f4d87589f2a9@group-B954EE4169AF-FollowerState] INFO  impl.FollowerState (FollowerState.java:run(143)) - 60bff453-db1a-4c7e-8fb6-f4d87589f2a9@group-B954EE4169AF-FollowerState was interrupted: {}
java.lang.InterruptedException: sleep interrupted
	at java.lang.Thread.sleep(Native Method)
	at java.lang.Thread.sleep(Thread.java:340)
	at java.util.concurrent.TimeUnit.sleep(TimeUnit.java:386)
	at org.apache.ratis.util.TimeDuration.sleep(TimeDuration.java:324)
	at org.apache.ratis.util.TimeDuration.sleep(TimeDuration.java:309)
	at org.apache.ratis.server.impl.FollowerState.run(FollowerState.java:118)
2021-12-24 01:40:03,514 [60bff453-db1a-4c7e-8fb6-f4d87589f2a9@group-B954EE4169AF-StateMachineUpdater] INFO  ratis.ContainerStateMachine (ContainerStateMachine.java:takeSnapshot(299)) - group-B954EE4169AF: Taking a snapshot at:(t:6, i:0) file /home/runner/work/ozone/ozone/hadoop-ozone/integration-test/target/test-dir/MiniOzoneClusterImpl-457f4e2c-1d7f-4a2a-8b89-0860a01b056d/datanode-2/data/ratis/d4c66bc4-16f2-4c2d-ab74-b954ee4169af/sm/snapshot.6_0
2021-12-24 01:40:03,515 [60bff453-db1a-4c7e-8fb6-f4d87589f2a9@group-B954EE4169AF-StateMachineUpdater] INFO  ratis.ContainerStateMachine (ContainerStateMachine.java:takeSnapshot(310)) - group-B954EE4169AF: Finished taking a snapshot at:(t:6, i:0) file:/home/runner/work/ozone/ozone/hadoop-ozone/integration-test/target/test-dir/MiniOzoneClusterImpl-457f4e2c-1d7f-4a2a-8b89-0860a01b056d/datanode-2/data/ratis/d4c66bc4-16f2-4c2d-ab74-b954ee4169af/sm/snapshot.6_0 took: 1 ms
2021-12-24 01:40:03,516 [60bff453-db1a-4c7e-8fb6-f4d87589f2a9@group-B954EE4169AF-StateMachineUpdater] INFO  impl.StateMachineUpdater (StateMachineUpdater.java:takeSnapshot(281)) - 60bff453-db1a-4c7e-8fb6-f4d87589f2a9@group-B954EE4169AF-StateMachineUpdater: Took a snapshot at index 0
2021-12-24 01:40:03,516 [60bff453-db1a-4c7e-8fb6-f4d87589f2a9@group-B954EE4169AF-StateMachineUpdater] INFO  impl.StateMachineUpdater (StateMachineUpdater.java:lambda$new$0(89)) - 60bff453-db1a-4c7e-8fb6-f4d87589f2a9@group-B954EE4169AF-StateMachineUpdater: snapshotIndex: updateIncreasingly -1 -> 0
2021-12-24 01:40:03,516 [Listener at 127.0.0.1/39723] INFO  server.RaftServer$Division (ServerState.java:close(419)) - 60bff453-db1a-4c7e-8fb6-f4d87589f2a9@group-B954EE4169AF: closes. applyIndex: 0
2021-12-24 01:40:03,517 [60bff453-db1a-4c7e-8fb6-f4d87589f2a9@group-B954EE4169AF-SegmentedRaftLogWorker] INFO  segmented.SegmentedRaftLogWorker (SegmentedRaftLogWorker.java:run(327)) - 60bff453-db1a-4c7e-8fb6-f4d87589f2a9@group-B954EE4169AF-SegmentedRaftLogWorker was interrupted, exiting. There are 0 tasks remaining in the queue.
2021-12-24 01:40:03,517 [Listener at 127.0.0.1/39723] INFO  segmented.SegmentedRaftLogWorker (SegmentedRaftLogWorker.java:close(237)) - 60bff453-db1a-4c7e-8fb6-f4d87589f2a9@group-B954EE4169AF-SegmentedRaftLogWorker close()
2021-12-24 01:40:03,518 [Listener at 127.0.0.1/39723] INFO  server.RaftServer$Division (RaftServerImpl.java:lambda$close$4(412)) - 60bff453-db1a-4c7e-8fb6-f4d87589f2a9@group-BD1077FEF8FB: shutdown
2021-12-24 01:40:03,518 [Listener at 127.0.0.1/39723] INFO  util.JmxRegister (JmxRegister.java:unregister(73)) - Successfully un-registered JMX Bean with object name Ratis:service=RaftServer,group=group-BD1077FEF8FB,id=60bff453-db1a-4c7e-8fb6-f4d87589f2a9
2021-12-24 01:40:03,518 [Listener at 127.0.0.1/39723] INFO  impl.RoleInfo (RoleInfo.java:shutdownFollowerState(108)) - 60bff453-db1a-4c7e-8fb6-f4d87589f2a9: shutdown 60bff453-db1a-4c7e-8fb6-f4d87589f2a9@group-BD1077FEF8FB-FollowerState
2021-12-24 01:40:03,519 [60bff453-db1a-4c7e-8fb6-f4d87589f2a9@group-BD1077FEF8FB-FollowerState] INFO  impl.FollowerState (FollowerState.java:run(143)) - 60bff453-db1a-4c7e-8fb6-f4d87589f2a9@group-BD1077FEF8FB-FollowerState was interrupted: {}
java.lang.InterruptedException: sleep interrupted
	at java.lang.Thread.sleep(Native Method)
	at java.lang.Thread.sleep(Thread.java:340)
	at java.util.concurrent.TimeUnit.sleep(TimeUnit.java:386)
	at org.apache.ratis.util.TimeDuration.sleep(TimeDuration.java:324)
	at org.apache.ratis.util.TimeDuration.sleep(TimeDuration.java:309)
	at org.apache.ratis.server.impl.FollowerState.run(FollowerState.java:118)
2021-12-24 01:40:03,519 [60bff453-db1a-4c7e-8fb6-f4d87589f2a9@group-BD1077FEF8FB-StateMachineUpdater] INFO  ratis.ContainerStateMachine (ContainerStateMachine.java:takeSnapshot(299)) - group-BD1077FEF8FB: Taking a snapshot at:(t:2, i:27) file /home/runner/work/ozone/ozone/hadoop-ozone/integration-test/target/test-dir/MiniOzoneClusterImpl-457f4e2c-1d7f-4a2a-8b89-0860a01b056d/datanode-2/data/ratis/49c47341-c989-4936-98c9-bd1077fef8fb/sm/snapshot.2_27
2021-12-24 01:40:03,522 [ForkJoinPool.commonPool-worker-1] INFO  server.RaftServer$Division (RaftServerImpl.java:lambda$close$4(412)) - 60bff453-db1a-4c7e-8fb6-f4d87589f2a9@group-403B9D9EF502: shutdown
2021-12-24 01:40:03,522 [ForkJoinPool.commonPool-worker-1] INFO  util.JmxRegister (JmxRegister.java:unregister(73)) - Successfully un-registered JMX Bean with object name Ratis:service=RaftServer,group=group-403B9D9EF502,id=60bff453-db1a-4c7e-8fb6-f4d87589f2a9
2021-12-24 01:40:03,522 [ForkJoinPool.commonPool-worker-1] INFO  impl.RoleInfo (RoleInfo.java:shutdownLeaderState(91)) - 60bff453-db1a-4c7e-8fb6-f4d87589f2a9: shutdown 60bff453-db1a-4c7e-8fb6-f4d87589f2a9@group-403B9D9EF502-LeaderStateImpl
2021-12-24 01:40:03,522 [ForkJoinPool.commonPool-worker-1] INFO  impl.PendingRequests (PendingRequests.java:sendNotLeaderResponses(282)) - 60bff453-db1a-4c7e-8fb6-f4d87589f2a9@group-403B9D9EF502-PendingRequests: sendNotLeaderResponses
2021-12-24 01:40:03,522 [ForkJoinPool.commonPool-worker-1] INFO  impl.StateMachineUpdater (StateMachineUpdater.java:stopAndJoin(149)) - 60bff453-db1a-4c7e-8fb6-f4d87589f2a9@group-403B9D9EF502-StateMachineUpdater: set stopIndex = 0
2021-12-24 01:40:03,522 [Listener at 127.0.0.1/39723] INFO  impl.StateMachineUpdater (StateMachineUpdater.java:stopAndJoin(149)) - 60bff453-db1a-4c7e-8fb6-f4d87589f2a9@group-BD1077FEF8FB-StateMachineUpdater: set stopIndex = 27
2021-12-24 01:40:03,522 [60bff453-db1a-4c7e-8fb6-f4d87589f2a9@group-403B9D9EF502-StateMachineUpdater] INFO  ratis.ContainerStateMachine (ContainerStateMachine.java:takeSnapshot(299)) - group-403B9D9EF502: Taking a snapshot at:(t:1, i:0) file /home/runner/work/ozone/ozone/hadoop-ozone/integration-test/target/test-dir/MiniOzoneClusterImpl-457f4e2c-1d7f-4a2a-8b89-0860a01b056d/datanode-2/data/ratis/8719df66-e711-4f55-8344-403b9d9ef502/sm/snapshot.1_0
2021-12-24 01:40:03,525 [60bff453-db1a-4c7e-8fb6-f4d87589f2a9@group-403B9D9EF502-StateMachineUpdater] INFO  ratis.ContainerStateMachine (ContainerStateMachine.java:takeSnapshot(310)) - group-403B9D9EF502: Finished taking a snapshot at:(t:1, i:0) file:/home/runner/work/ozone/ozone/hadoop-ozone/integration-test/target/test-dir/MiniOzoneClusterImpl-457f4e2c-1d7f-4a2a-8b89-0860a01b056d/datanode-2/data/ratis/8719df66-e711-4f55-8344-403b9d9ef502/sm/snapshot.1_0 took: 2 ms
2021-12-24 01:40:03,525 [60bff453-db1a-4c7e-8fb6-f4d87589f2a9@group-403B9D9EF502-StateMachineUpdater] INFO  impl.StateMachineUpdater (StateMachineUpdater.java:takeSnapshot(281)) - 60bff453-db1a-4c7e-8fb6-f4d87589f2a9@group-403B9D9EF502-StateMachineUpdater: Took a snapshot at index 0
2021-12-24 01:40:03,525 [60bff453-db1a-4c7e-8fb6-f4d87589f2a9@group-403B9D9EF502-StateMachineUpdater] INFO  impl.StateMachineUpdater (StateMachineUpdater.java:lambda$new$0(89)) - 60bff453-db1a-4c7e-8fb6-f4d87589f2a9@group-403B9D9EF502-StateMachineUpdater: snapshotIndex: updateIncreasingly -1 -> 0
2021-12-24 01:40:03,525 [60bff453-db1a-4c7e-8fb6-f4d87589f2a9@group-BD1077FEF8FB-StateMachineUpdater] INFO  ratis.ContainerStateMachine (ContainerStateMachine.java:takeSnapshot(310)) - group-BD1077FEF8FB: Finished taking a snapshot at:(t:2, i:27) file:/home/runner/work/ozone/ozone/hadoop-ozone/integration-test/target/test-dir/MiniOzoneClusterImpl-457f4e2c-1d7f-4a2a-8b89-0860a01b056d/datanode-2/data/ratis/49c47341-c989-4936-98c9-bd1077fef8fb/sm/snapshot.2_27 took: 7 ms
2021-12-24 01:40:03,526 [60bff453-db1a-4c7e-8fb6-f4d87589f2a9@group-BD1077FEF8FB-StateMachineUpdater] INFO  impl.StateMachineUpdater (StateMachineUpdater.java:takeSnapshot(281)) - 60bff453-db1a-4c7e-8fb6-f4d87589f2a9@group-BD1077FEF8FB-StateMachineUpdater: Took a snapshot at index 27
2021-12-24 01:40:03,526 [60bff453-db1a-4c7e-8fb6-f4d87589f2a9@group-BD1077FEF8FB-StateMachineUpdater] INFO  impl.StateMachineUpdater (StateMachineUpdater.java:lambda$new$0(89)) - 60bff453-db1a-4c7e-8fb6-f4d87589f2a9@group-BD1077FEF8FB-StateMachineUpdater: snapshotIndex: updateIncreasingly -1 -> 27
2021-12-24 01:40:03,526 [Listener at 127.0.0.1/39723] INFO  server.RaftServer$Division (ServerState.java:close(419)) - 60bff453-db1a-4c7e-8fb6-f4d87589f2a9@group-BD1077FEF8FB: closes. applyIndex: 27
2021-12-24 01:40:03,528 [ForkJoinPool.commonPool-worker-1] INFO  server.RaftServer$Division (ServerState.java:close(419)) - 60bff453-db1a-4c7e-8fb6-f4d87589f2a9@group-403B9D9EF502: closes. applyIndex: 0
2021-12-24 01:40:03,528 [60bff453-db1a-4c7e-8fb6-f4d87589f2a9@group-403B9D9EF502-SegmentedRaftLogWorker] INFO  segmented.SegmentedRaftLogWorker (SegmentedRaftLogWorker.java:run(327)) - 60bff453-db1a-4c7e-8fb6-f4d87589f2a9@group-403B9D9EF502-SegmentedRaftLogWorker was interrupted, exiting. There are 0 tasks remaining in the queue.
2021-12-24 01:40:03,528 [60bff453-db1a-4c7e-8fb6-f4d87589f2a9@group-BD1077FEF8FB-SegmentedRaftLogWorker] INFO  segmented.SegmentedRaftLogWorker (SegmentedRaftLogWorker.java:run(327)) - 60bff453-db1a-4c7e-8fb6-f4d87589f2a9@group-BD1077FEF8FB-SegmentedRaftLogWorker was interrupted, exiting. There are 0 tasks remaining in the queue.
2021-12-24 01:40:03,529 [Listener at 127.0.0.1/39723] INFO  segmented.SegmentedRaftLogWorker (SegmentedRaftLogWorker.java:close(237)) - 60bff453-db1a-4c7e-8fb6-f4d87589f2a9@group-BD1077FEF8FB-SegmentedRaftLogWorker close()
2021-12-24 01:40:03,534 [ForkJoinPool.commonPool-worker-1] INFO  segmented.SegmentedRaftLogWorker (SegmentedRaftLogWorker.java:close(237)) - 60bff453-db1a-4c7e-8fb6-f4d87589f2a9@group-403B9D9EF502-SegmentedRaftLogWorker close()
2021-12-24 01:40:03,542 [Listener at 127.0.0.1/39723] INFO  server.GrpcService (GrpcService.java:closeImpl(262)) - 60bff453-db1a-4c7e-8fb6-f4d87589f2a9: shutdown server with port 39663 now
2021-12-24 01:40:03,546 [grpc-default-executor-1] WARN  client.GrpcClientProtocolService (LogUtils.java:warn(122)) - 1-UnorderedRequestStreamObserver1: onError: org.apache.ratis.thirdparty.io.grpc.StatusRuntimeException: CANCELLED: client cancelled
2021-12-24 01:40:03,561 [Listener at 127.0.0.1/39723] INFO  server.GrpcService (GrpcService.java:closeImpl(271)) - 60bff453-db1a-4c7e-8fb6-f4d87589f2a9: shutdown server with port 39663 successfully
2021-12-24 01:40:03,571 [org.apache.ratis.util.JvmPauseMonitor$$Lambda$528/1509220174@7efe7a61] INFO  util.JvmPauseMonitor (JvmPauseMonitor.java:run(109)) - JvmPauseMonitor-60bff453-db1a-4c7e-8fb6-f4d87589f2a9: Stopped
2021-12-24 01:40:05,602 [Listener at 127.0.0.1/39723] INFO  utils.BackgroundService (BackgroundService.java:shutdown(132)) - Shutting down service BlockDeletingService
2021-12-24 01:40:08,605 [Listener at 127.0.0.1/39723] INFO  statemachine.DatanodeStateMachine (DatanodeStateMachine.java:stopDaemon(526)) - Ozone container server stopped.
2021-12-24 01:40:08,607 [Listener at 127.0.0.1/39723] INFO  handler.ContextHandler (ContextHandler.java:doStop(1153)) - Stopped o.e.j.w.WebAppContext@e977f71{hddsDatanode,/,null,STOPPED}{jar:file:/home/runner/.m2/repository/org/apache/ozone/hdds-container-service/1.3.0-SNAPSHOT/hdds-container-service-1.3.0-SNAPSHOT.jar!/webapps/hddsDatanode}
2021-12-24 01:40:08,608 [Listener at 127.0.0.1/39723] INFO  server.AbstractConnector (AbstractConnector.java:doStop(381)) - Stopped ServerConnector@6ae0e411{HTTP/1.1, (http/1.1)}{0.0.0.0:0}
2021-12-24 01:40:08,608 [Listener at 127.0.0.1/39723] INFO  server.session (HouseKeeper.java:stopScavenging(149)) - node0 Stopped scavenging
2021-12-24 01:40:08,608 [Listener at 127.0.0.1/39723] INFO  handler.ContextHandler (ContextHandler.java:doStop(1153)) - Stopped o.e.j.s.ServletContextHandler@36e7932f{static,/static,jar:file:/home/runner/.m2/repository/org/apache/ozone/hdds-container-service/1.3.0-SNAPSHOT/hdds-container-service-1.3.0-SNAPSHOT.jar!/webapps/static,STOPPED}
2021-12-24 01:40:08,609 [Listener at 127.0.0.1/39723] INFO  handler.ContextHandler (ContextHandler.java:doStop(1153)) - Stopped o.e.j.s.ServletContextHandler@44082844{logs,/logs,file:///home/runner/work/ozone/ozone/hadoop-ozone/integration-test/target/log,STOPPED}
2021-12-24 01:40:08,611 [Listener at 127.0.0.1/39723] INFO  ozone.MiniOzoneClusterImpl (MiniOzoneClusterImpl.java:stopSCM(542)) - Stopping the StorageContainerManager
2021-12-24 01:40:08,611 [Listener at 127.0.0.1/39723] INFO  server.StorageContainerManager (StorageContainerManager.java:stop(1390)) - Stopping Container Balancer service.
2021-12-24 01:40:08,611 [Listener at 127.0.0.1/39723] INFO  balancer.ContainerBalancer (ContainerBalancer.java:stop(746)) - Container Balancer is not running.
2021-12-24 01:40:08,612 [Listener at 127.0.0.1/39723] INFO  server.StorageContainerManager (StorageContainerManager.java:stop(1397)) - Stopping Replication Manager Service.
2021-12-24 01:40:08,612 [Listener at 127.0.0.1/39723] INFO  container.ReplicationManager (ReplicationManager.java:stop(350)) - Stopping Replication Monitor Thread.
2021-12-24 01:40:08,612 [Listener at 127.0.0.1/39723] INFO  server.StorageContainerManager (StorageContainerManager.java:stop(1404)) - Stopping the Datanode Admin Monitor.
2021-12-24 01:40:08,612 [Listener at 127.0.0.1/39723] INFO  server.StorageContainerManager (StorageContainerManager.java:stop(1411)) - Stopping Lease Manager of the command watchers
2021-12-24 01:40:08,612 [Listener at 127.0.0.1/39723] INFO  server.StorageContainerManager (StorageContainerManager.java:stop(1418)) - Stopping datanode service RPC server
2021-12-24 01:40:08,612 [Listener at 127.0.0.1/39723] INFO  server.SCMDatanodeProtocolServer (SCMDatanodeProtocolServer.java:stop(390)) - Stopping the RPC server for DataNodes
2021-12-24 01:40:08,612 [Listener at 127.0.0.1/39723] INFO  ipc.Server (Server.java:stop(3414)) - Stopping server on 38347
2021-12-24 01:40:08,617 [IPC Server listener on 0] INFO  ipc.Server (Server.java:run(1376)) - Stopping IPC Server listener on 0
2021-12-24 01:40:08,618 [IPC Server Responder] INFO  ipc.Server (Server.java:run(1512)) - Stopping IPC Server Responder
2021-12-24 01:40:08,690 [SCM Heartbeat Processing Thread - 0] WARN  node.NodeStateManager (NodeStateManager.java:scheduleNextHealthCheck(799)) - Current Thread is interrupted, shutting down HB processing thread for Node Manager.
2021-12-24 01:40:08,690 [Listener at 127.0.0.1/39723] INFO  server.StorageContainerManager (StorageContainerManager.java:stop(1426)) - Stopping block service RPC server
2021-12-24 01:40:08,691 [Listener at 127.0.0.1/39723] INFO  server.SCMBlockProtocolServer (SCMBlockProtocolServer.java:stop(160)) - Stopping the RPC server for Block Protocol
2021-12-24 01:40:08,691 [Listener at 127.0.0.1/39723] INFO  ipc.Server (Server.java:stop(3414)) - Stopping server on 36485
2021-12-24 01:40:08,693 [IPC Server Responder] INFO  ipc.Server (Server.java:run(1512)) - Stopping IPC Server Responder
2021-12-24 01:40:08,693 [Listener at 127.0.0.1/39723] INFO  server.StorageContainerManager (StorageContainerManager.java:stop(1433)) - Stopping the StorageContainerLocationProtocol RPC server
2021-12-24 01:40:08,694 [Listener at 127.0.0.1/39723] INFO  server.SCMClientProtocolServer (SCMClientProtocolServer.java:stop(173)) - Stopping the RPC server for Client Protocol
2021-12-24 01:40:08,694 [Listener at 127.0.0.1/39723] INFO  ipc.Server (Server.java:stop(3414)) - Stopping server on 33945
2021-12-24 01:40:08,694 [IPC Server listener on 0] INFO  ipc.Server (Server.java:run(1376)) - Stopping IPC Server listener on 0
2021-12-24 01:40:08,699 [IPC Server listener on 0] INFO  ipc.Server (Server.java:run(1376)) - Stopping IPC Server listener on 0
2021-12-24 01:40:08,700 [Listener at 127.0.0.1/39723] INFO  server.StorageContainerManager (StorageContainerManager.java:stop(1440)) - Stopping Storage Container Manager HTTP server.
2021-12-24 01:40:08,700 [IPC Server Responder] INFO  ipc.Server (Server.java:run(1512)) - Stopping IPC Server Responder
2021-12-24 01:40:08,700 [Listener at 127.0.0.1/39723] INFO  handler.ContextHandler (ContextHandler.java:doStop(1153)) - Stopped o.e.j.w.WebAppContext@30b84f33{scm,/,null,STOPPED}{file:/home/runner/work/ozone/ozone/hadoop-ozone/integration-test/target/test-classes/webapps/scm}
2021-12-24 01:40:08,709 [Listener at 127.0.0.1/39723] INFO  server.AbstractConnector (AbstractConnector.java:doStop(381)) - Stopped ServerConnector@5a7e245e{HTTP/1.1, (http/1.1)}{0.0.0.0:0}
2021-12-24 01:40:08,709 [Listener at 127.0.0.1/39723] INFO  server.session (HouseKeeper.java:stopScavenging(149)) - node0 Stopped scavenging
2021-12-24 01:40:08,709 [Listener at 127.0.0.1/39723] INFO  handler.ContextHandler (ContextHandler.java:doStop(1153)) - Stopped o.e.j.s.ServletContextHandler@26fd9642{static,/static,file:///home/runner/work/ozone/ozone/hadoop-ozone/integration-test/target/test-classes/webapps/static,STOPPED}
2021-12-24 01:40:08,710 [Listener at 127.0.0.1/39723] INFO  handler.ContextHandler (ContextHandler.java:doStop(1153)) - Stopped o.e.j.s.ServletContextHandler@48515938{logs,/logs,file:///home/runner/work/ozone/ozone/hadoop-ozone/integration-test/target/log,STOPPED}
2021-12-24 01:40:08,714 [Listener at 127.0.0.1/39723] INFO  server.StorageContainerManager (StorageContainerManager.java:stop(1451)) - Stopping Block Manager Service.
2021-12-24 01:40:08,714 [Listener at 127.0.0.1/39723] INFO  utils.BackgroundService (BackgroundService.java:shutdown(132)) - Shutting down service SCMBlockDeletingService
2021-12-24 01:40:08,715 [Listener at 127.0.0.1/39723] INFO  utils.BackgroundService (BackgroundService.java:shutdown(132)) - Shutting down service SCMBlockDeletingService
2021-12-24 01:40:08,715 [Listener at 127.0.0.1/39723] INFO  server.StorageContainerManager (StorageContainerManager.java:stop(1478)) - Stopping SCM Event Queue.
2021-12-24 01:40:08,717 [Listener at 127.0.0.1/39723] INFO  server.StorageContainerManager (StorageContainerManager.java:stop(1489)) - Stopping SCM HA services.
2021-12-24 01:40:08,717 [Listener at 127.0.0.1/39723] INFO  pipeline.BackgroundPipelineCreator (BackgroundPipelineCreator.java:stop(158)) - Stopping RatisPipelineUtilsThread.
2021-12-24 01:40:08,717 [Listener at 127.0.0.1/39723] INFO  server.StorageContainerManager (StorageContainerManager.java:stop(1499)) - Stopping SCM MetadataStore.
2021-12-24 01:40:08,718 [Listener at 127.0.0.1/39723] INFO  impl.MetricsSystemImpl (MetricsSystemImpl.java:stop(210)) - Stopping HddsDatanode metrics system...
2021-12-24 01:40:08,740 [prometheus] INFO  impl.MetricsSinkAdapter (MetricsSinkAdapter.java:publishMetricsFromQueue(141)) - prometheus thread interrupted.
2021-12-24 01:40:08,740 [Listener at 127.0.0.1/39723] INFO  impl.MetricsSystemImpl (MetricsSystemImpl.java:stop(216)) - HddsDatanode metrics system stopped.
2021-12-24 01:40:08,878 [Listener at 127.0.0.1/39723] WARN  server.ServerUtils (ServerUtils.java:getScmDbDir(148)) - ozone.scm.db.dirs is not configured. We recommend adding this setting. Falling back to ozone.metadata.dirs instead.
2021-12-24 01:40:08,884 [Listener at 127.0.0.1/39723] INFO  ha.SCMHANodeDetails (SCMHANodeDetails.java:loadSCMHAConfig(157)) - ServiceID for StorageContainerManager is null
2021-12-24 01:40:08,884 [Listener at 127.0.0.1/39723] INFO  ha.SCMHANodeDetails (SCMHANodeDetails.java:loadSCMHAConfig(162)) - ozone.scm.default.service.id is not defined, falling back to ozone.scm.service.ids to find serviceID for StorageContainerManager if it is HA enabled cluster
2021-12-24 01:40:08,885 [Listener at 127.0.0.1/39723] WARN  server.ServerUtils (ServerUtils.java:getScmDbDir(148)) - ozone.scm.db.dirs is not configured. We recommend adding this setting. Falling back to ozone.metadata.dirs instead.
2021-12-24 01:40:08,885 [Listener at 127.0.0.1/39723] INFO  upgrade.AbstractLayoutVersionManager (AbstractLayoutVersionManager.java:init(79)) - Initializing Layout version manager with metadata layout = SCM_HA (version = 2), software layout = SCM_HA (version = 2)
2021-12-24 01:40:09,016 [Listener at 127.0.0.1/39723] INFO  reflections.Reflections (Reflections.java:scan(232)) - Reflections took 129 ms to scan 7 urls, producing 119 keys and 279 values 
2021-12-24 01:40:09,022 [Listener at 127.0.0.1/39723] WARN  utils.HAUtils (HAUtils.java:getMetaDir(342)) - ozone.scm.db.dirs is not configured. We recommend adding this setting. Falling back to ozone.metadata.dirs instead.
2021-12-24 01:40:09,023 [Listener at 127.0.0.1/39723] WARN  db.DBStoreBuilder (DBStoreBuilder.java:applyDBDefinition(145)) - ozone.scm.db.dirs is not configured. We recommend adding this setting. Falling back to ozone.metadata.dirs instead.
2021-12-24 01:40:09,244 [Listener at 127.0.0.1/39723] INFO  net.NodeSchemaLoader (NodeSchemaLoader.java:loadSchemaFromFile(129)) - Loading schema from [jar:file:/home/runner/.m2/repository/org/apache/ozone/hdds-common/1.3.0-SNAPSHOT/hdds-common-1.3.0-SNAPSHOT.jar!/network-topology-default.xml]
2021-12-24 01:40:09,244 [Listener at 127.0.0.1/39723] INFO  net.NodeSchemaLoader (NodeSchemaLoader.java:loadSchema(176)) - Loading network topology layer schema file
2021-12-24 01:40:09,248 [Listener at 127.0.0.1/39723] INFO  ha.SequenceIdGenerator (SequenceIdGenerator.java:upgradeToSequenceId(347)) - upgrade localId to 107544261427200000
2021-12-24 01:40:09,248 [Listener at 127.0.0.1/39723] INFO  ha.SequenceIdGenerator (SequenceIdGenerator.java:upgradeToSequenceId(357)) - upgrade delTxnId to 0
2021-12-24 01:40:09,248 [Listener at 127.0.0.1/39723] INFO  ha.SequenceIdGenerator (SequenceIdGenerator.java:upgradeToSequenceId(371)) - upgrade containerId to 0
2021-12-24 01:40:09,248 [Listener at 127.0.0.1/39723] INFO  ha.SequenceIdGenerator (SequenceIdGenerator.java:<init>(218)) - Init the HA SequenceIdGenerator.
2021-12-24 01:40:09,249 [Listener at 127.0.0.1/39723] WARN  server.ServerUtils (ServerUtils.java:sanitizeUserArgs(73)) - ozone.scm.stale.node.interval value = 300000 is larger than max = 100000 based on the key value of ozone.scm.heartbeat.thread.interval, reset to the max value 100000.
2021-12-24 01:40:09,262 [Listener at 127.0.0.1/39723] WARN  server.ServerUtils (ServerUtils.java:sanitizeUserArgs(73)) - ozone.scm.stale.node.interval value = 300000 is larger than max = 100000 based on the key value of ozone.scm.heartbeat.thread.interval, reset to the max value 100000.
2021-12-24 01:40:09,275 [Listener at 127.0.0.1/39723] INFO  node.SCMNodeManager (SCMNodeManager.java:<init>(144)) - Entering startup safe mode.
2021-12-24 01:40:09,276 [Listener at 127.0.0.1/39723] INFO  algorithms.ContainerPlacementPolicyFactory (ContainerPlacementPolicyFactory.java:getPolicy(60)) - Create container placement policy of type org.apache.hadoop.hdds.scm.container.placement.algorithms.SCMContainerPlacementRandom
2021-12-24 01:40:09,276 [Listener at 127.0.0.1/39723] INFO  pipeline.PipelineStateManagerImpl (PipelineStateManagerImpl.java:initialize(78)) - No pipeline exists in current db
2021-12-24 01:40:09,276 [Listener at 127.0.0.1/39723] INFO  algorithms.LeaderChoosePolicyFactory (LeaderChoosePolicyFactory.java:getPolicy(57)) - Create leader choose policy of type org.apache.hadoop.hdds.scm.pipeline.leader.choose.algorithms.MinLeaderCountChoosePolicy
2021-12-24 01:40:09,276 [Listener at 127.0.0.1/39723] INFO  ha.SCMServiceManager (SCMServiceManager.java:register(43)) - Registering service BackgroundPipelineCreator.
2021-12-24 01:40:09,277 [Listener at 127.0.0.1/39723] INFO  pipeline.BackgroundPipelineCreator (BackgroundPipelineCreator.java:start(130)) - Starting RatisPipelineUtilsThread.
2021-12-24 01:40:09,286 [Listener at 127.0.0.1/39723] INFO  algorithms.PipelineChoosePolicyFactory (PipelineChoosePolicyFactory.java:createPipelineChoosePolicyFromClass(73)) - Create pipeline choose policy of type org.apache.hadoop.hdds.scm.pipeline.choose.algorithms.RandomPipelineChoosePolicy
2021-12-24 01:40:09,286 [Listener at 127.0.0.1/39723] INFO  ha.SCMServiceManager (SCMServiceManager.java:register(43)) - Registering service SCMBlockDeletingService.
2021-12-24 01:40:09,287 [Listener at 127.0.0.1/39723] INFO  ha.SCMServiceManager (SCMServiceManager.java:register(43)) - Registering service ReplicationManager.
2021-12-24 01:40:09,287 [Listener at 127.0.0.1/39723] INFO  container.ReplicationManager (ReplicationManager.java:start(319)) - Starting Replication Monitor Thread.
2021-12-24 01:40:09,290 [Listener at 127.0.0.1/39723] INFO  safemode.ContainerSafeModeRule (ContainerSafeModeRule.java:<init>(89)) - containers with one replica threshold count 0
2021-12-24 01:40:09,290 [Listener at 127.0.0.1/39723] INFO  safemode.HealthyPipelineSafeModeRule (HealthyPipelineSafeModeRule.java:initializeRule(156)) - Total pipeline count is 0, healthy pipeline threshold count is 1
2021-12-24 01:40:09,290 [Listener at 127.0.0.1/39723] INFO  safemode.OneReplicaPipelineSafeModeRule (OneReplicaPipelineSafeModeRule.java:initializeRule(180)) - Total pipeline count is 0, pipeline's with at least one datanode reported threshold count is 0
2021-12-24 01:40:09,300 [ReplicationMonitor] INFO  container.ReplicationManager (ReplicationManager.java:processAll(371)) - Replication Monitor Thread took 7 milliseconds for processing 0 containers.
2021-12-24 01:40:09,300 [Listener at 127.0.0.1/39723] INFO  ipc.CallQueueManager (CallQueueManager.java:<init>(90)) - Using callQueue: class java.util.concurrent.LinkedBlockingQueue, queueCapacity: 2000, scheduler: class org.apache.hadoop.ipc.DefaultRpcScheduler, ipcBackoff: false.
2021-12-24 01:40:09,301 [Socket Reader #1 for port 0] INFO  ipc.Server (Server.java:run(1265)) - Starting Socket Reader #1 for port 0
2021-12-24 01:40:09,302 [Listener at 0.0.0.0/39607] INFO  ipc.CallQueueManager (CallQueueManager.java:<init>(90)) - Using callQueue: class java.util.concurrent.LinkedBlockingQueue, queueCapacity: 2000, scheduler: class org.apache.hadoop.ipc.DefaultRpcScheduler, ipcBackoff: false.
2021-12-24 01:40:09,303 [Socket Reader #1 for port 0] INFO  ipc.Server (Server.java:run(1265)) - Starting Socket Reader #1 for port 0
2021-12-24 01:40:09,304 [Listener at 0.0.0.0/39913] INFO  ipc.CallQueueManager (CallQueueManager.java:<init>(90)) - Using callQueue: class java.util.concurrent.LinkedBlockingQueue, queueCapacity: 2000, scheduler: class org.apache.hadoop.ipc.DefaultRpcScheduler, ipcBackoff: false.
2021-12-24 01:40:09,305 [Socket Reader #1 for port 0] INFO  ipc.Server (Server.java:run(1265)) - Starting Socket Reader #1 for port 0
2021-12-24 01:40:09,343 [Listener at 0.0.0.0/38911] INFO  algorithms.ContainerPlacementPolicyFactory (ContainerPlacementPolicyFactory.java:getPolicy(60)) - Create container placement policy of type org.apache.hadoop.hdds.scm.container.placement.algorithms.SCMContainerPlacementRandom
2021-12-24 01:40:09,344 [Listener at 0.0.0.0/38911] INFO  server.StorageContainerManager (StorageContainerManager.java:<init>(388)) - 
Container Balancer status:
Key                            Value
Running                        false
Container Balancer Configuration values:
Key                                                Value
Threshold                                          0.1
Max Datanodes to Involve per Iteration(ratio)      0.2
Max Size to Move per Iteration                     30GB
Max Size Entering Target per Iteration             1GB
Max Size Leaving Source per Iteration              1GB

2021-12-24 01:40:09,344 [Listener at 0.0.0.0/38911] WARN  events.EventQueue (EventQueue.java:fireEvent(194)) - No event handler registered for event TypedEvent{payloadType=SafeModeStatus, name='Safe mode status'}
2021-12-24 01:40:09,344 [Listener at 0.0.0.0/38911] INFO  ha.SCMContext (SCMContext.java:updateSafeModeStatus(211)) - Update SafeModeStatus from SafeModeStatus{safeModeStatus=true, preCheckPassed=false} to SafeModeStatus{safeModeStatus=true, preCheckPassed=false}.
2021-12-24 01:40:09,345 [Listener at 0.0.0.0/38911] INFO  server.StorageContainerManager (StorageContainerManager.java:start(1303)) - StorageContainerLocationProtocol RPC server is listening at /0.0.0.0:38911
2021-12-24 01:40:09,347 [Listener at 0.0.0.0/38911] WARN  impl.MetricsConfig (MetricsConfig.java:loadFirst(136)) - Cannot locate configuration: tried hadoop-metrics2-storagecontainermanager.properties,hadoop-metrics2.properties
2021-12-24 01:40:09,349 [Listener at 0.0.0.0/38911] INFO  impl.MetricsSystemImpl (MetricsSystemImpl.java:startTimer(378)) - Scheduled Metric snapshot period at 10 second(s).
2021-12-24 01:40:09,349 [Listener at 0.0.0.0/38911] INFO  impl.MetricsSystemImpl (MetricsSystemImpl.java:start(191)) - StorageContainerManager metrics system started
2021-12-24 01:40:09,438 [Listener at 0.0.0.0/38911] INFO  impl.MetricsSinkAdapter (MetricsSinkAdapter.java:start(204)) - Sink prometheus started
2021-12-24 01:40:09,449 [Listener at 0.0.0.0/38911] INFO  impl.MetricsSystemImpl (MetricsSystemImpl.java:registerSink(305)) - Registered sink prometheus
2021-12-24 01:40:09,536 [Listener at 0.0.0.0/38911] INFO  server.SCMClientProtocolServer (SCMClientProtocolServer.java:start(164)) - RPC server for Client  is listening at /0.0.0.0:38911
2021-12-24 01:40:09,542 [IPC Server Responder] INFO  ipc.Server (Server.java:run(1507)) - IPC Server Responder: starting
2021-12-24 01:40:09,605 [Listener at 0.0.0.0/38911] INFO  server.StorageContainerManager (StorageContainerManager.java:start(1318)) - ScmBlockLocationProtocol RPC server is listening at /0.0.0.0:39913
2021-12-24 01:40:09,618 [Listener at 0.0.0.0/38911] INFO  server.SCMBlockProtocolServer (SCMBlockProtocolServer.java:start(151)) - RPC server for Block Protocol is listening at /0.0.0.0:39913
2021-12-24 01:40:09,550 [IPC Server listener on 0] INFO  ipc.Server (Server.java:run(1344)) - IPC Server listener on 0: starting
2021-12-24 01:40:09,622 [IPC Server Responder] INFO  ipc.Server (Server.java:run(1507)) - IPC Server Responder: starting
2021-12-24 01:40:09,642 [IPC Server listener on 0] INFO  ipc.Server (Server.java:run(1344)) - IPC Server listener on 0: starting
2021-12-24 01:40:09,649 [Listener at 0.0.0.0/38911] INFO  server.SCMDatanodeProtocolServer (SCMDatanodeProtocolServer.java:start(181)) - ScmDatanodeProtocol RPC server for DataNodes is listening at /0.0.0.0:39607
2021-12-24 01:40:09,649 [IPC Server Responder] INFO  ipc.Server (Server.java:run(1507)) - IPC Server Responder: starting
2021-12-24 01:40:09,650 [IPC Server listener on 0] INFO  ipc.Server (Server.java:run(1344)) - IPC Server listener on 0: starting
2021-12-24 01:40:09,665 [Listener at 0.0.0.0/38911] INFO  http.BaseHttpServer (BaseHttpServer.java:newHttpServer2BuilderForOzone(209)) - Starting Web-server for scm at: http://0.0.0.0:0
2021-12-24 01:40:09,666 [Listener at 0.0.0.0/38911] INFO  http.BaseHttpServer (BaseHttpServer.java:<init>(107)) - Hadoop Security Enabled: false Ozone Security Enabled: false Ozone HTTP Security Enabled: false 
2021-12-24 01:40:09,667 [Listener at 0.0.0.0/38911] INFO  server.AuthenticationFilter (AuthenticationFilter.java:constructSecretProvider(240)) - Unable to initialize FileSignerSecretProvider, falling back to use random secrets.
2021-12-24 01:40:09,668 [Listener at 0.0.0.0/38911] WARN  http.HttpRequestLog (HttpRequestLog.java:getRequestLog(103)) - Jetty request log can only be enabled using Log4j
2021-12-24 01:40:09,669 [Listener at 0.0.0.0/38911] INFO  http.HttpServer2 (HttpServer2.java:addGlobalFilter(1030)) - Added global filter 'safety' (class=org.apache.hadoop.hdds.server.http.HttpServer2$QuotingInputFilter)
2021-12-24 01:40:09,669 [Listener at 0.0.0.0/38911] INFO  http.HttpServer2 (HttpServer2.java:addFilter(1006)) - Added filter static_user_filter (class=org.apache.hadoop.http.lib.StaticUserWebFilter$StaticUserFilter) to context scm
2021-12-24 01:40:09,670 [Listener at 0.0.0.0/38911] INFO  http.HttpServer2 (HttpServer2.java:addFilter(1014)) - Added filter static_user_filter (class=org.apache.hadoop.http.lib.StaticUserWebFilter$StaticUserFilter) to context logs
2021-12-24 01:40:09,670 [Listener at 0.0.0.0/38911] INFO  http.HttpServer2 (HttpServer2.java:addFilter(1014)) - Added filter static_user_filter (class=org.apache.hadoop.http.lib.StaticUserWebFilter$StaticUserFilter) to context static
2021-12-24 01:40:09,670 [org.apache.hadoop.util.JvmPauseMonitor$Monitor@4c718b69] INFO  util.JvmPauseMonitor (JvmPauseMonitor.java:run(188)) - Starting JVM pause monitor
2021-12-24 01:40:09,691 [Listener at 0.0.0.0/38911] INFO  http.HttpServer2 (HttpServer2.java:bindListener(1249)) - Jetty bound to port 44879
2021-12-24 01:40:09,698 [Listener at 0.0.0.0/38911] INFO  server.Server (Server.java:doStart(375)) - jetty-9.4.43.v20210629; built: 2021-06-30T11:07:22.254Z; git: 526006ecfa3af7f1a27ef3a288e2bef7ea9dd7e8; jvm 1.8.0_292-b10
2021-12-24 01:40:09,700 [Listener at 0.0.0.0/38911] INFO  server.session (DefaultSessionIdManager.java:doStart(334)) - DefaultSessionIdManager workerName=node0
2021-12-24 01:40:09,700 [Listener at 0.0.0.0/38911] INFO  server.session (DefaultSessionIdManager.java:doStart(339)) - No SessionScavenger set, using defaults
2021-12-24 01:40:09,700 [Listener at 0.0.0.0/38911] INFO  server.session (HouseKeeper.java:startScavenging(132)) - node0 Scavenging every 660000ms
2021-12-24 01:40:09,701 [Listener at 0.0.0.0/38911] INFO  handler.ContextHandler (ContextHandler.java:doStart(915)) - Started o.e.j.s.ServletContextHandler@3405f26a{logs,/logs,file:///home/runner/work/ozone/ozone/hadoop-ozone/integration-test/target/log,AVAILABLE}
2021-12-24 01:40:09,702 [Listener at 0.0.0.0/38911] INFO  handler.ContextHandler (ContextHandler.java:doStart(915)) - Started o.e.j.s.ServletContextHandler@925fa0a{static,/static,file:///home/runner/work/ozone/ozone/hadoop-ozone/integration-test/target/test-classes/webapps/static,AVAILABLE}
2021-12-24 01:40:09,713 [Listener at 0.0.0.0/38911] INFO  handler.ContextHandler (ContextHandler.java:doStart(915)) - Started o.e.j.w.WebAppContext@5e274c4{scm,/,file:///home/runner/work/ozone/ozone/hadoop-ozone/integration-test/target/test-classes/webapps/scm/,AVAILABLE}{file:/home/runner/work/ozone/ozone/hadoop-ozone/integration-test/target/test-classes/webapps/scm}
2021-12-24 01:40:09,724 [Listener at 0.0.0.0/38911] INFO  server.AbstractConnector (AbstractConnector.java:doStart(331)) - Started ServerConnector@e3ded9{HTTP/1.1, (http/1.1)}{0.0.0.0:44879}
2021-12-24 01:40:09,724 [Listener at 0.0.0.0/38911] INFO  server.Server (Server.java:doStart(415)) - Started @131887ms
2021-12-24 01:40:09,724 [Listener at 0.0.0.0/38911] WARN  impl.MetricsSystemImpl (MetricsSystemImpl.java:register(279)) - Sink prometheus already exists!
2021-12-24 01:40:09,728 [Listener at 0.0.0.0/38911] INFO  http.BaseHttpServer (BaseHttpServer.java:updateConnectorAddress(329)) - HTTP server of scm listening at http://0.0.0.0:44879
2021-12-24 01:40:09,728 [Listener at 0.0.0.0/38911] WARN  server.ServerUtils (ServerUtils.java:getDBPath(225)) - ozone.om.db.dirs is not configured. We recommend adding this setting. Falling back to ozone.metadata.dirs instead.
2021-12-24 01:40:09,740 [Listener at 0.0.0.0/38911] INFO  ha.OMHANodeDetails (OMHANodeDetails.java:loadOMHAConfig(112)) - ozone.om.internal.service.id is not defined, falling back to ozone.om.service.ids to find serviceID for OzoneManager if it is HA enabled cluster
2021-12-24 01:40:09,740 [Listener at 0.0.0.0/38911] INFO  ha.OMHANodeDetails (OMHANodeDetails.java:loadOMHAConfig(218)) - Configuration does not have ozone.om.address set. Falling back to the default OM address /127.0.0.1:0
2021-12-24 01:40:09,740 [Listener at 0.0.0.0/38911] INFO  ha.OMHANodeDetails (OMHANodeDetails.java:getOMNodeDetailsForNonHA(246)) - OM Service ID is not set. Setting it to the default ID: omServiceIdDefault
2021-12-24 01:40:09,740 [Listener at 0.0.0.0/38911] INFO  ha.OMHANodeDetails (OMHANodeDetails.java:getOMNodeDetailsForNonHA(253)) - OM Node ID is not set. Setting it to the default ID: om1
2021-12-24 01:40:09,741 [Listener at 0.0.0.0/38911] WARN  server.ServerUtils (ServerUtils.java:getDBPath(225)) - ozone.om.db.dirs is not configured. We recommend adding this setting. Falling back to ozone.metadata.dirs instead.
2021-12-24 01:40:09,741 [Listener at 0.0.0.0/38911] INFO  upgrade.AbstractLayoutVersionManager (AbstractLayoutVersionManager.java:init(79)) - Initializing Layout version manager with metadata layout = INITIAL_VERSION (version = 0), software layout = INITIAL_VERSION (version = 0)
2021-12-24 01:40:09,823 [Listener at 0.0.0.0/38911] INFO  reflections.Reflections (Reflections.java:scan(232)) - Reflections took 81 ms to scan 2 urls, producing 133 keys and 345 values [using 2 cores]
2021-12-24 01:40:09,824 [Listener at 0.0.0.0/38911] INFO  upgrade.OMLayoutVersionManager (OMLayoutVersionManager.java:lambda$0(115)) - Skipping Upgrade Action MockOmUpgradeAction since it has been finalized.
2021-12-24 01:40:09,824 [Listener at 0.0.0.0/38911] WARN  server.ServerUtils (ServerUtils.java:getDBPath(225)) - ozone.om.db.dirs is not configured. We recommend adding this setting. Falling back to ozone.metadata.dirs instead.
2021-12-24 01:40:09,900 [Listener at 0.0.0.0/38911] WARN  server.ServerUtils (ServerUtils.java:getDBPath(225)) - ozone.om.db.dirs is not configured. We recommend adding this setting. Falling back to ozone.metadata.dirs instead.
2021-12-24 01:40:09,901 [Listener at 0.0.0.0/38911] INFO  codec.OmKeyInfoCodec (OmKeyInfoCodec.java:<init>(50)) - OmKeyInfoCodec ignorePipeline = true
2021-12-24 01:40:09,902 [Listener at 0.0.0.0/38911] INFO  codec.RepeatedOmKeyInfoCodec (RepeatedOmKeyInfoCodec.java:<init>(42)) - RepeatedOmKeyInfoCodec ignorePipeline = true
2021-12-24 01:40:10,365 [Listener at 0.0.0.0/38911] INFO  om.OzoneManager (OzoneManager.java:addS3GVolumeToDB(3728)) - Created Volume s3v With Owner runner required for S3Gateway operations.
2021-12-24 01:40:10,378 [Listener at 0.0.0.0/38911] INFO  ipc.CallQueueManager (CallQueueManager.java:<init>(90)) - Using callQueue: class java.util.concurrent.LinkedBlockingQueue, queueCapacity: 2000, scheduler: class org.apache.hadoop.ipc.DefaultRpcScheduler, ipcBackoff: false.
2021-12-24 01:40:10,379 [Socket Reader #1 for port 0] INFO  ipc.Server (Server.java:run(1265)) - Starting Socket Reader #1 for port 0
2021-12-24 01:40:10,447 [Listener at 127.0.0.1/37545] INFO  impl.MetricsSystemImpl (MetricsSystemImpl.java:init(158)) - OzoneManager metrics system started (again)
2021-12-24 01:40:10,488 [Listener at 127.0.0.1/37545] INFO  om.OzoneManager (OzoneManager.java:start(1365)) - OzoneManager RPC server is listening at localhost/127.0.0.1:37545
2021-12-24 01:40:10,498 [Listener at 127.0.0.1/37545] INFO  om.OzoneManager (OzoneManager.java:start(1381)) - Version File has different layout version (0) than OM DB (null). That is expected if this OM has never been finalized to a newer layout version.
2021-12-24 01:40:10,551 [Listener at 127.0.0.1/37545] INFO  http.BaseHttpServer (BaseHttpServer.java:newHttpServer2BuilderForOzone(209)) - Starting Web-server for ozoneManager at: http://0.0.0.0:0
2021-12-24 01:40:10,551 [Listener at 127.0.0.1/37545] INFO  http.BaseHttpServer (BaseHttpServer.java:<init>(107)) - Hadoop Security Enabled: false Ozone Security Enabled: false Ozone HTTP Security Enabled: false 
2021-12-24 01:40:10,552 [Listener at 127.0.0.1/37545] INFO  server.AuthenticationFilter (AuthenticationFilter.java:constructSecretProvider(240)) - Unable to initialize FileSignerSecretProvider, falling back to use random secrets.
2021-12-24 01:40:10,566 [Listener at 127.0.0.1/37545] WARN  http.HttpRequestLog (HttpRequestLog.java:getRequestLog(103)) - Jetty request log can only be enabled using Log4j
2021-12-24 01:40:10,567 [Listener at 127.0.0.1/37545] INFO  http.HttpServer2 (HttpServer2.java:addGlobalFilter(1030)) - Added global filter 'safety' (class=org.apache.hadoop.hdds.server.http.HttpServer2$QuotingInputFilter)
2021-12-24 01:40:10,568 [Listener at 127.0.0.1/37545] INFO  http.HttpServer2 (HttpServer2.java:addFilter(1006)) - Added filter static_user_filter (class=org.apache.hadoop.http.lib.StaticUserWebFilter$StaticUserFilter) to context ozoneManager
2021-12-24 01:40:10,568 [Listener at 127.0.0.1/37545] INFO  http.HttpServer2 (HttpServer2.java:addFilter(1014)) - Added filter static_user_filter (class=org.apache.hadoop.http.lib.StaticUserWebFilter$StaticUserFilter) to context static
2021-12-24 01:40:10,569 [Listener at 127.0.0.1/37545] INFO  http.HttpServer2 (HttpServer2.java:addFilter(1014)) - Added filter static_user_filter (class=org.apache.hadoop.http.lib.StaticUserWebFilter$StaticUserFilter) to context logs
2021-12-24 01:40:10,569 [Listener at 127.0.0.1/37545] INFO  http.HttpServer2 (HttpServer2.java:bindListener(1249)) - Jetty bound to port 39877
2021-12-24 01:40:10,569 [Listener at 127.0.0.1/37545] INFO  server.Server (Server.java:doStart(375)) - jetty-9.4.43.v20210629; built: 2021-06-30T11:07:22.254Z; git: 526006ecfa3af7f1a27ef3a288e2bef7ea9dd7e8; jvm 1.8.0_292-b10
2021-12-24 01:40:10,611 [Listener at 127.0.0.1/37545] INFO  server.session (DefaultSessionIdManager.java:doStart(334)) - DefaultSessionIdManager workerName=node0
2021-12-24 01:40:10,611 [Listener at 127.0.0.1/37545] INFO  server.session (DefaultSessionIdManager.java:doStart(339)) - No SessionScavenger set, using defaults
2021-12-24 01:40:10,612 [Listener at 127.0.0.1/37545] INFO  server.session (HouseKeeper.java:startScavenging(132)) - node0 Scavenging every 600000ms
2021-12-24 01:40:10,614 [Listener at 127.0.0.1/37545] INFO  handler.ContextHandler (ContextHandler.java:doStart(915)) - Started o.e.j.s.ServletContextHandler@649e1f4c{logs,/logs,file:///home/runner/work/ozone/ozone/hadoop-ozone/integration-test/target/log,AVAILABLE}
2021-12-24 01:40:10,615 [Listener at 127.0.0.1/37545] INFO  handler.ContextHandler (ContextHandler.java:doStart(915)) - Started o.e.j.s.ServletContextHandler@5fe22903{static,/static,file:///home/runner/work/ozone/ozone/hadoop-ozone/integration-test/target/test-classes/webapps/static,AVAILABLE}
2021-12-24 01:40:10,619 [Listener at 127.0.0.1/37545] INFO  handler.ContextHandler (ContextHandler.java:doStart(915)) - Started o.e.j.w.WebAppContext@d4f9a45{ozoneManager,/,file:///home/runner/work/ozone/ozone/hadoop-ozone/integration-test/target/test-classes/webapps/ozoneManager/,AVAILABLE}{file:/home/runner/work/ozone/ozone/hadoop-ozone/integration-test/target/test-classes/webapps/ozoneManager}
2021-12-24 01:40:10,638 [Listener at 127.0.0.1/37545] INFO  server.AbstractConnector (AbstractConnector.java:doStart(331)) - Started ServerConnector@466b4a28{HTTP/1.1, (http/1.1)}{0.0.0.0:39877}
2021-12-24 01:40:10,638 [Listener at 127.0.0.1/37545] INFO  server.Server (Server.java:doStart(415)) - Started @132802ms
2021-12-24 01:40:10,639 [Listener at 127.0.0.1/37545] WARN  impl.MetricsSystemImpl (MetricsSystemImpl.java:register(279)) - Sink prometheus already exists!
2021-12-24 01:40:10,647 [Listener at 127.0.0.1/37545] INFO  http.BaseHttpServer (BaseHttpServer.java:updateConnectorAddress(329)) - HTTP server of ozoneManager listening at http://0.0.0.0:39877
2021-12-24 01:40:10,657 [IPC Server Responder] INFO  ipc.Server (Server.java:run(1507)) - IPC Server Responder: starting
2021-12-24 01:40:10,663 [IPC Server listener on 0] INFO  ipc.Server (Server.java:run(1344)) - IPC Server listener on 0: starting
2021-12-24 01:40:10,737 [Listener at 127.0.0.1/37545] INFO  om.TrashPolicyOzone (TrashPolicyOzone.java:<init>(178)) - Ozone Manager trash configuration: Deletion interval = 0 minutes, Emptier interval = 0 minutes.
2021-12-24 01:40:10,770 [org.apache.hadoop.util.JvmPauseMonitor$Monitor@2ab76ada] INFO  util.JvmPauseMonitor (JvmPauseMonitor.java:run(188)) - Starting JVM pause monitor
2021-12-24 01:40:10,786 [Listener at 127.0.0.1/37545] INFO  impl.MetricsSystemImpl (MetricsSystemImpl.java:init(158)) - HddsDatanode metrics system started (again)
2021-12-24 01:40:10,858 [Listener at 127.0.0.1/37545] INFO  ozone.HddsDatanodeService (HddsDatanodeService.java:start(234)) - HddsDatanodeService host:fv-az116-279.vzw04321ajxubdbcnpick5nqva.xx.internal.cloudapp.net ip:10.1.0.29
2021-12-24 01:40:10,909 [Listener at 127.0.0.1/37545] INFO  upgrade.AbstractLayoutVersionManager (AbstractLayoutVersionManager.java:init(79)) - Initializing Layout version manager with metadata layout = SCM_HA (version = 2), software layout = SCM_HA (version = 2)
2021-12-24 01:40:11,045 [Listener at 127.0.0.1/37545] INFO  reflections.Reflections (Reflections.java:scan(232)) - Reflections took 134 ms to scan 7 urls, producing 119 keys and 279 values 
2021-12-24 01:40:11,063 [Listener at 127.0.0.1/37545] INFO  statemachine.DatanodeStateMachine (DatanodeStateMachine.java:getEndPointTaskThreadPoolSize(219)) - Datanode State Machine Task Thread Pool size 2
2021-12-24 01:40:11,078 [Listener at 127.0.0.1/37545] INFO  volume.HddsVolume (HddsVolume.java:<init>(120)) - Creating HddsVolume: /home/runner/work/ozone/ozone/hadoop-ozone/integration-test/target/test-dir/MiniOzoneClusterImpl-497fae80-e4b5-45b5-b3c8-545e48efc269/datanode-0/data-0/containers/hdds of storage type : DISK capacity : 9223372036854775807
2021-12-24 01:40:11,079 [Listener at 127.0.0.1/37545] INFO  volume.MutableVolumeSet (MutableVolumeSet.java:initializeVolumeSet(168)) - Added Volume : /home/runner/work/ozone/ozone/hadoop-ozone/integration-test/target/test-dir/MiniOzoneClusterImpl-497fae80-e4b5-45b5-b3c8-545e48efc269/datanode-0/data-0/containers/hdds to VolumeSet
2021-12-24 01:40:11,079 [Listener at 127.0.0.1/37545] INFO  volume.ThrottledAsyncChecker (ThrottledAsyncChecker.java:schedule(141)) - Scheduling a check for /home/runner/work/ozone/ozone/hadoop-ozone/integration-test/target/test-dir/MiniOzoneClusterImpl-497fae80-e4b5-45b5-b3c8-545e48efc269/datanode-0/data-0/containers/hdds
2021-12-24 01:40:11,091 [Listener at 127.0.0.1/37545] INFO  volume.StorageVolumeChecker (StorageVolumeChecker.java:checkAllVolumes(202)) - Scheduled health check for volume /home/runner/work/ozone/ozone/hadoop-ozone/integration-test/target/test-dir/MiniOzoneClusterImpl-497fae80-e4b5-45b5-b3c8-545e48efc269/datanode-0/data-0/containers/hdds
2021-12-24 01:40:11,135 [Listener at 127.0.0.1/37545] INFO  volume.MutableVolumeSet (MutableVolumeSet.java:initializeVolumeSet(168)) - Added Volume : /home/runner/work/ozone/ozone/hadoop-ozone/integration-test/target/test-dir/MiniOzoneClusterImpl-497fae80-e4b5-45b5-b3c8-545e48efc269/datanode-0/data/ratis to VolumeSet
2021-12-24 01:40:11,136 [Listener at 127.0.0.1/37545] INFO  volume.ThrottledAsyncChecker (ThrottledAsyncChecker.java:schedule(141)) - Scheduling a check for /home/runner/work/ozone/ozone/hadoop-ozone/integration-test/target/test-dir/MiniOzoneClusterImpl-497fae80-e4b5-45b5-b3c8-545e48efc269/datanode-0/data/ratis
2021-12-24 01:40:11,136 [Listener at 127.0.0.1/37545] INFO  volume.StorageVolumeChecker (StorageVolumeChecker.java:checkAllVolumes(202)) - Scheduled health check for volume /home/runner/work/ozone/ozone/hadoop-ozone/integration-test/target/test-dir/MiniOzoneClusterImpl-497fae80-e4b5-45b5-b3c8-545e48efc269/datanode-0/data/ratis
2021-12-24 01:40:11,222 [Thread-909] INFO  ozoneimpl.ContainerReader (ContainerReader.java:readVolume(172)) - Finish verifying containers on volume /home/runner/work/ozone/ozone/hadoop-ozone/integration-test/target/test-dir/MiniOzoneClusterImpl-497fae80-e4b5-45b5-b3c8-545e48efc269/datanode-0/data-0/containers/hdds
2021-12-24 01:40:11,222 [Listener at 127.0.0.1/37545] INFO  ozoneimpl.OzoneContainer (OzoneContainer.java:buildContainerSet(237)) - Build ContainerSet costs 0s
2021-12-24 01:40:11,236 [Listener at 127.0.0.1/37545] INFO  server.RaftServer (ConfUtils.java:logGet(44)) - raft.rpc.type = GRPC (default)
2021-12-24 01:40:11,241 [Listener at 127.0.0.1/37545] INFO  grpc.GrpcFactory (GrpcFactory.java:checkPooledByteBufAllocatorUseCacheForAllThreads(48)) - PERFORMANCE WARNING: useCacheForAllThreads is true that may cause Netty to create a lot garbage objects and, as a result, trigger GC.
	It is recommended to disable useCacheForAllThreads by setting -Dorg.apache.ratis.thirdparty.io.netty.allocator.useCacheForAllThreads=false in command line.
2021-12-24 01:40:11,242 [Listener at 127.0.0.1/37545] INFO  grpc.GrpcConfigKeys (ConfUtils.java:logGet(44)) - raft.grpc.admin.port = 0 (custom)
2021-12-24 01:40:11,243 [Listener at 127.0.0.1/37545] INFO  grpc.GrpcConfigKeys (ConfUtils.java:logGet(44)) - raft.grpc.client.port = 0 (custom)
2021-12-24 01:40:11,243 [Listener at 127.0.0.1/37545] INFO  grpc.GrpcConfigKeys (ConfUtils.java:logGet(44)) - raft.grpc.server.port = 0 (default)
2021-12-24 01:40:11,243 [Listener at 127.0.0.1/37545] INFO  server.GrpcService (ConfUtils.java:logGet(44)) - raft.grpc.message.size.max = 32MB (=33554432) (custom)
2021-12-24 01:40:11,244 [Listener at 127.0.0.1/37545] INFO  server.RaftServerConfigKeys (ConfUtils.java:logGet(44)) - raft.server.log.appender.buffer.byte-limit = 33554432 (custom)
2021-12-24 01:40:11,244 [Listener at 127.0.0.1/37545] INFO  server.GrpcService (ConfUtils.java:logGet(44)) - raft.grpc.flow.control.window = 5MB (=5242880) (custom)
2021-12-24 01:40:11,253 [Listener at 127.0.0.1/37545] INFO  server.RaftServerConfigKeys (ConfUtils.java:logGet(44)) - raft.server.rpc.request.timeout = 60s (custom)
2021-12-24 01:40:11,256 [Listener at 127.0.0.1/37545] INFO  impl.DataStreamServerImpl (ConfUtils.java:logGet(44)) - raft.datastream.type = DISABLED (default)
2021-12-24 01:40:11,256 [Listener at 127.0.0.1/37545] INFO  server.RaftServerConfigKeys (ConfUtils.java:logGet(44)) - raft.server.rpc.slowness.timeout = 300s (custom)
2021-12-24 01:40:11,256 [Listener at 127.0.0.1/37545] INFO  server.RaftServerConfigKeys (ConfUtils.java:logGet(44)) - raft.server.leaderelection.leader.step-down.wait-time = 10s (default)
2021-12-24 01:40:11,256 [Listener at 127.0.0.1/37545] INFO  server.RaftServerConfigKeys (ConfUtils.java:logGet(44)) - raft.server.storage.dir = [/home/runner/work/ozone/ozone/hadoop-ozone/integration-test/target/test-dir/MiniOzoneClusterImpl-497fae80-e4b5-45b5-b3c8-545e48efc269/datanode-0/data/ratis] (custom)
2021-12-24 01:40:11,258 [Listener at 127.0.0.1/37545] INFO  server.XceiverServerGrpc (XceiverServerGrpc.java:<init>(132)) - GrpcServer channel type EpollServerSocketChannel
2021-12-24 01:40:11,274 [Listener at 127.0.0.1/37545] INFO  http.BaseHttpServer (BaseHttpServer.java:newHttpServer2BuilderForOzone(209)) - Starting Web-server for hddsDatanode at: http://0.0.0.0:0
2021-12-24 01:40:11,274 [Listener at 127.0.0.1/37545] INFO  http.BaseHttpServer (BaseHttpServer.java:<init>(107)) - Hadoop Security Enabled: false Ozone Security Enabled: false Ozone HTTP Security Enabled: false 
2021-12-24 01:40:11,275 [Listener at 127.0.0.1/37545] INFO  server.AuthenticationFilter (AuthenticationFilter.java:constructSecretProvider(240)) - Unable to initialize FileSignerSecretProvider, falling back to use random secrets.
2021-12-24 01:40:11,290 [Listener at 127.0.0.1/37545] WARN  http.HttpRequestLog (HttpRequestLog.java:getRequestLog(103)) - Jetty request log can only be enabled using Log4j
2021-12-24 01:40:11,302 [Listener at 127.0.0.1/37545] INFO  http.HttpServer2 (HttpServer2.java:addGlobalFilter(1030)) - Added global filter 'safety' (class=org.apache.hadoop.hdds.server.http.HttpServer2$QuotingInputFilter)
2021-12-24 01:40:11,303 [Listener at 127.0.0.1/37545] INFO  http.HttpServer2 (HttpServer2.java:addFilter(1006)) - Added filter static_user_filter (class=org.apache.hadoop.http.lib.StaticUserWebFilter$StaticUserFilter) to context hddsDatanode
2021-12-24 01:40:11,303 [Listener at 127.0.0.1/37545] INFO  http.HttpServer2 (HttpServer2.java:addFilter(1014)) - Added filter static_user_filter (class=org.apache.hadoop.http.lib.StaticUserWebFilter$StaticUserFilter) to context static
2021-12-24 01:40:11,303 [Listener at 127.0.0.1/37545] INFO  http.HttpServer2 (HttpServer2.java:addFilter(1014)) - Added filter static_user_filter (class=org.apache.hadoop.http.lib.StaticUserWebFilter$StaticUserFilter) to context logs
2021-12-24 01:40:11,304 [Listener at 127.0.0.1/37545] INFO  http.HttpServer2 (HttpServer2.java:bindListener(1249)) - Jetty bound to port 37699
2021-12-24 01:40:11,304 [Listener at 127.0.0.1/37545] INFO  server.Server (Server.java:doStart(375)) - jetty-9.4.43.v20210629; built: 2021-06-30T11:07:22.254Z; git: 526006ecfa3af7f1a27ef3a288e2bef7ea9dd7e8; jvm 1.8.0_292-b10
2021-12-24 01:40:11,328 [Listener at 127.0.0.1/37545] INFO  server.session (DefaultSessionIdManager.java:doStart(334)) - DefaultSessionIdManager workerName=node0
2021-12-24 01:40:11,328 [Listener at 127.0.0.1/37545] INFO  server.session (DefaultSessionIdManager.java:doStart(339)) - No SessionScavenger set, using defaults
2021-12-24 01:40:11,329 [Listener at 127.0.0.1/37545] INFO  server.session (HouseKeeper.java:startScavenging(132)) - node0 Scavenging every 600000ms
2021-12-24 01:40:11,330 [Listener at 127.0.0.1/37545] INFO  handler.ContextHandler (ContextHandler.java:doStart(915)) - Started o.e.j.s.ServletContextHandler@7b10e088{logs,/logs,file:///home/runner/work/ozone/ozone/hadoop-ozone/integration-test/target/log,AVAILABLE}
2021-12-24 01:40:11,331 [Listener at 127.0.0.1/37545] INFO  handler.ContextHandler (ContextHandler.java:doStart(915)) - Started o.e.j.s.ServletContextHandler@1ccc384a{static,/static,jar:file:/home/runner/.m2/repository/org/apache/ozone/hdds-container-service/1.3.0-SNAPSHOT/hdds-container-service-1.3.0-SNAPSHOT.jar!/webapps/static,AVAILABLE}
2021-12-24 01:40:11,507 [Listener at 127.0.0.1/37545] INFO  handler.ContextHandler (ContextHandler.java:doStart(915)) - Started o.e.j.w.WebAppContext@3cc669cc{hddsDatanode,/,file:///tmp/jetty-0_0_0_0-37699-hdds-container-service-1_3_0-SNAPSHOT_jar-_-any-5076535764322201445/webapp/,AVAILABLE}{jar:file:/home/runner/.m2/repository/org/apache/ozone/hdds-container-service/1.3.0-SNAPSHOT/hdds-container-service-1.3.0-SNAPSHOT.jar!/webapps/hddsDatanode}
2021-12-24 01:40:11,527 [Listener at 127.0.0.1/37545] INFO  server.AbstractConnector (AbstractConnector.java:doStart(331)) - Started ServerConnector@2da3a042{HTTP/1.1, (http/1.1)}{0.0.0.0:37699}
2021-12-24 01:40:11,527 [Listener at 127.0.0.1/37545] INFO  server.Server (Server.java:doStart(415)) - Started @133690ms
2021-12-24 01:40:11,527 [Listener at 127.0.0.1/37545] WARN  impl.MetricsSystemImpl (MetricsSystemImpl.java:register(279)) - Sink prometheus already exists!
2021-12-24 01:40:11,528 [Listener at 127.0.0.1/37545] INFO  http.BaseHttpServer (BaseHttpServer.java:updateConnectorAddress(329)) - HTTP server of hddsDatanode listening at http://0.0.0.0:37699
2021-12-24 01:40:11,538 [Listener at 127.0.0.1/37545] INFO  impl.MetricsSystemImpl (MetricsSystemImpl.java:init(158)) - HddsDatanode metrics system started (again)
2021-12-24 01:40:11,542 [Datanode State Machine Daemon Thread] INFO  statemachine.DatanodeStateMachine (DatanodeStateMachine.java:lambda$startDaemon$0(467)) - Ozone container server started.
2021-12-24 01:40:11,610 [Listener at 127.0.0.1/37545] INFO  ozone.HddsDatanodeService (HddsDatanodeService.java:start(234)) - HddsDatanodeService host:fv-az116-279.vzw04321ajxubdbcnpick5nqva.xx.internal.cloudapp.net ip:10.1.0.29
2021-12-24 01:40:11,621 [org.apache.hadoop.util.JvmPauseMonitor$Monitor@22198a4a] INFO  util.JvmPauseMonitor (JvmPauseMonitor.java:run(188)) - Starting JVM pause monitor
2021-12-24 01:40:11,623 [Datanode State Machine Task Thread - 0] INFO  datanode.InitDatanodeState (InitDatanodeState.java:persistContainerDatanodeDetails(145)) - DatanodeDetails is persisted to /home/runner/work/ozone/ozone/hadoop-ozone/integration-test/target/test-dir/MiniOzoneClusterImpl-497fae80-e4b5-45b5-b3c8-545e48efc269/datanode-0/meta/datanode.id
2021-12-24 01:40:11,644 [Listener at 127.0.0.1/37545] INFO  upgrade.AbstractLayoutVersionManager (AbstractLayoutVersionManager.java:init(79)) - Initializing Layout version manager with metadata layout = SCM_HA (version = 2), software layout = SCM_HA (version = 2)
2021-12-24 01:40:11,789 [Listener at 127.0.0.1/37545] INFO  reflections.Reflections (Reflections.java:scan(232)) - Reflections took 143 ms to scan 7 urls, producing 119 keys and 279 values 
2021-12-24 01:40:11,807 [Listener at 127.0.0.1/37545] INFO  statemachine.DatanodeStateMachine (DatanodeStateMachine.java:getEndPointTaskThreadPoolSize(219)) - Datanode State Machine Task Thread Pool size 2
2021-12-24 01:40:11,828 [Listener at 127.0.0.1/37545] INFO  volume.HddsVolume (HddsVolume.java:<init>(120)) - Creating HddsVolume: /home/runner/work/ozone/ozone/hadoop-ozone/integration-test/target/test-dir/MiniOzoneClusterImpl-497fae80-e4b5-45b5-b3c8-545e48efc269/datanode-1/data-0/containers/hdds of storage type : DISK capacity : 9223372036854775807
2021-12-24 01:40:11,829 [Listener at 127.0.0.1/37545] INFO  volume.MutableVolumeSet (MutableVolumeSet.java:initializeVolumeSet(168)) - Added Volume : /home/runner/work/ozone/ozone/hadoop-ozone/integration-test/target/test-dir/MiniOzoneClusterImpl-497fae80-e4b5-45b5-b3c8-545e48efc269/datanode-1/data-0/containers/hdds to VolumeSet
2021-12-24 01:40:11,829 [Listener at 127.0.0.1/37545] INFO  volume.ThrottledAsyncChecker (ThrottledAsyncChecker.java:schedule(141)) - Scheduling a check for /home/runner/work/ozone/ozone/hadoop-ozone/integration-test/target/test-dir/MiniOzoneClusterImpl-497fae80-e4b5-45b5-b3c8-545e48efc269/datanode-1/data-0/containers/hdds
2021-12-24 01:40:11,840 [Listener at 127.0.0.1/37545] INFO  volume.StorageVolumeChecker (StorageVolumeChecker.java:checkAllVolumes(202)) - Scheduled health check for volume /home/runner/work/ozone/ozone/hadoop-ozone/integration-test/target/test-dir/MiniOzoneClusterImpl-497fae80-e4b5-45b5-b3c8-545e48efc269/datanode-1/data-0/containers/hdds
2021-12-24 01:40:11,868 [Listener at 127.0.0.1/37545] INFO  volume.MutableVolumeSet (MutableVolumeSet.java:initializeVolumeSet(168)) - Added Volume : /home/runner/work/ozone/ozone/hadoop-ozone/integration-test/target/test-dir/MiniOzoneClusterImpl-497fae80-e4b5-45b5-b3c8-545e48efc269/datanode-1/data/ratis to VolumeSet
2021-12-24 01:40:11,868 [Listener at 127.0.0.1/37545] INFO  volume.ThrottledAsyncChecker (ThrottledAsyncChecker.java:schedule(141)) - Scheduling a check for /home/runner/work/ozone/ozone/hadoop-ozone/integration-test/target/test-dir/MiniOzoneClusterImpl-497fae80-e4b5-45b5-b3c8-545e48efc269/datanode-1/data/ratis
2021-12-24 01:40:11,871 [Listener at 127.0.0.1/37545] INFO  volume.StorageVolumeChecker (StorageVolumeChecker.java:checkAllVolumes(202)) - Scheduled health check for volume /home/runner/work/ozone/ozone/hadoop-ozone/integration-test/target/test-dir/MiniOzoneClusterImpl-497fae80-e4b5-45b5-b3c8-545e48efc269/datanode-1/data/ratis
2021-12-24 01:40:11,948 [Thread-921] INFO  ozoneimpl.ContainerReader (ContainerReader.java:readVolume(172)) - Finish verifying containers on volume /home/runner/work/ozone/ozone/hadoop-ozone/integration-test/target/test-dir/MiniOzoneClusterImpl-497fae80-e4b5-45b5-b3c8-545e48efc269/datanode-1/data-0/containers/hdds
2021-12-24 01:40:11,948 [Listener at 127.0.0.1/37545] INFO  ozoneimpl.OzoneContainer (OzoneContainer.java:buildContainerSet(237)) - Build ContainerSet costs 0s
2021-12-24 01:40:11,952 [Listener at 127.0.0.1/37545] INFO  server.RaftServer (ConfUtils.java:logGet(44)) - raft.rpc.type = GRPC (default)
2021-12-24 01:40:11,953 [Listener at 127.0.0.1/37545] INFO  grpc.GrpcFactory (GrpcFactory.java:checkPooledByteBufAllocatorUseCacheForAllThreads(48)) - PERFORMANCE WARNING: useCacheForAllThreads is true that may cause Netty to create a lot garbage objects and, as a result, trigger GC.
	It is recommended to disable useCacheForAllThreads by setting -Dorg.apache.ratis.thirdparty.io.netty.allocator.useCacheForAllThreads=false in command line.
2021-12-24 01:40:11,953 [Listener at 127.0.0.1/37545] INFO  grpc.GrpcConfigKeys (ConfUtils.java:logGet(44)) - raft.grpc.admin.port = 0 (custom)
2021-12-24 01:40:11,953 [Listener at 127.0.0.1/37545] INFO  grpc.GrpcConfigKeys (ConfUtils.java:logGet(44)) - raft.grpc.client.port = 0 (custom)
2021-12-24 01:40:11,953 [Listener at 127.0.0.1/37545] INFO  grpc.GrpcConfigKeys (ConfUtils.java:logGet(44)) - raft.grpc.server.port = 0 (default)
2021-12-24 01:40:11,953 [Listener at 127.0.0.1/37545] INFO  server.GrpcService (ConfUtils.java:logGet(44)) - raft.grpc.message.size.max = 32MB (=33554432) (custom)
2021-12-24 01:40:11,954 [Listener at 127.0.0.1/37545] INFO  server.RaftServerConfigKeys (ConfUtils.java:logGet(44)) - raft.server.log.appender.buffer.byte-limit = 33554432 (custom)
2021-12-24 01:40:11,954 [Listener at 127.0.0.1/37545] INFO  server.GrpcService (ConfUtils.java:logGet(44)) - raft.grpc.flow.control.window = 5MB (=5242880) (custom)
2021-12-24 01:40:11,954 [Listener at 127.0.0.1/37545] INFO  server.RaftServerConfigKeys (ConfUtils.java:logGet(44)) - raft.server.rpc.request.timeout = 60s (custom)
2021-12-24 01:40:11,959 [Listener at 127.0.0.1/37545] INFO  impl.DataStreamServerImpl (ConfUtils.java:logGet(44)) - raft.datastream.type = DISABLED (default)
2021-12-24 01:40:11,962 [Listener at 127.0.0.1/37545] INFO  server.RaftServerConfigKeys (ConfUtils.java:logGet(44)) - raft.server.rpc.slowness.timeout = 300s (custom)
2021-12-24 01:40:11,962 [Listener at 127.0.0.1/37545] INFO  server.RaftServerConfigKeys (ConfUtils.java:logGet(44)) - raft.server.leaderelection.leader.step-down.wait-time = 10s (default)
2021-12-24 01:40:11,962 [Listener at 127.0.0.1/37545] INFO  server.RaftServerConfigKeys (ConfUtils.java:logGet(44)) - raft.server.storage.dir = [/home/runner/work/ozone/ozone/hadoop-ozone/integration-test/target/test-dir/MiniOzoneClusterImpl-497fae80-e4b5-45b5-b3c8-545e48efc269/datanode-1/data/ratis] (custom)
2021-12-24 01:40:11,970 [Listener at 127.0.0.1/37545] INFO  server.XceiverServerGrpc (XceiverServerGrpc.java:<init>(132)) - GrpcServer channel type EpollServerSocketChannel
2021-12-24 01:40:11,982 [Listener at 127.0.0.1/37545] INFO  http.BaseHttpServer (BaseHttpServer.java:newHttpServer2BuilderForOzone(209)) - Starting Web-server for hddsDatanode at: http://0.0.0.0:0
2021-12-24 01:40:11,983 [Listener at 127.0.0.1/37545] INFO  http.BaseHttpServer (BaseHttpServer.java:<init>(107)) - Hadoop Security Enabled: false Ozone Security Enabled: false Ozone HTTP Security Enabled: false 
2021-12-24 01:40:11,984 [Listener at 127.0.0.1/37545] INFO  server.AuthenticationFilter (AuthenticationFilter.java:constructSecretProvider(240)) - Unable to initialize FileSignerSecretProvider, falling back to use random secrets.
2021-12-24 01:40:11,985 [Listener at 127.0.0.1/37545] WARN  http.HttpRequestLog (HttpRequestLog.java:getRequestLog(103)) - Jetty request log can only be enabled using Log4j
2021-12-24 01:40:11,986 [Listener at 127.0.0.1/37545] INFO  http.HttpServer2 (HttpServer2.java:addGlobalFilter(1030)) - Added global filter 'safety' (class=org.apache.hadoop.hdds.server.http.HttpServer2$QuotingInputFilter)
2021-12-24 01:40:11,986 [Listener at 127.0.0.1/37545] INFO  http.HttpServer2 (HttpServer2.java:addFilter(1006)) - Added filter static_user_filter (class=org.apache.hadoop.http.lib.StaticUserWebFilter$StaticUserFilter) to context hddsDatanode
2021-12-24 01:40:11,987 [Listener at 127.0.0.1/37545] INFO  http.HttpServer2 (HttpServer2.java:addFilter(1014)) - Added filter static_user_filter (class=org.apache.hadoop.http.lib.StaticUserWebFilter$StaticUserFilter) to context logs
2021-12-24 01:40:11,987 [Listener at 127.0.0.1/37545] INFO  http.HttpServer2 (HttpServer2.java:addFilter(1014)) - Added filter static_user_filter (class=org.apache.hadoop.http.lib.StaticUserWebFilter$StaticUserFilter) to context static
2021-12-24 01:40:11,987 [Listener at 127.0.0.1/37545] INFO  http.HttpServer2 (HttpServer2.java:bindListener(1249)) - Jetty bound to port 42923
2021-12-24 01:40:11,987 [Listener at 127.0.0.1/37545] INFO  server.Server (Server.java:doStart(375)) - jetty-9.4.43.v20210629; built: 2021-06-30T11:07:22.254Z; git: 526006ecfa3af7f1a27ef3a288e2bef7ea9dd7e8; jvm 1.8.0_292-b10
2021-12-24 01:40:12,000 [Listener at 127.0.0.1/37545] INFO  server.session (DefaultSessionIdManager.java:doStart(334)) - DefaultSessionIdManager workerName=node0
2021-12-24 01:40:12,000 [Listener at 127.0.0.1/37545] INFO  server.session (DefaultSessionIdManager.java:doStart(339)) - No SessionScavenger set, using defaults
2021-12-24 01:40:12,001 [Listener at 127.0.0.1/37545] INFO  server.session (HouseKeeper.java:startScavenging(132)) - node0 Scavenging every 660000ms
2021-12-24 01:40:12,002 [Listener at 127.0.0.1/37545] INFO  handler.ContextHandler (ContextHandler.java:doStart(915)) - Started o.e.j.s.ServletContextHandler@5b47dab5{logs,/logs,file:///home/runner/work/ozone/ozone/hadoop-ozone/integration-test/target/log,AVAILABLE}
2021-12-24 01:40:12,002 [Listener at 127.0.0.1/37545] INFO  handler.ContextHandler (ContextHandler.java:doStart(915)) - Started o.e.j.s.ServletContextHandler@14e8f78f{static,/static,jar:file:/home/runner/.m2/repository/org/apache/ozone/hdds-container-service/1.3.0-SNAPSHOT/hdds-container-service-1.3.0-SNAPSHOT.jar!/webapps/static,AVAILABLE}
2021-12-24 01:40:12,183 [Listener at 127.0.0.1/37545] INFO  handler.ContextHandler (ContextHandler.java:doStart(915)) - Started o.e.j.w.WebAppContext@6a38c91e{hddsDatanode,/,file:///tmp/jetty-0_0_0_0-42923-hdds-container-service-1_3_0-SNAPSHOT_jar-_-any-510094107257743619/webapp/,AVAILABLE}{jar:file:/home/runner/.m2/repository/org/apache/ozone/hdds-container-service/1.3.0-SNAPSHOT/hdds-container-service-1.3.0-SNAPSHOT.jar!/webapps/hddsDatanode}
2021-12-24 01:40:12,204 [Listener at 127.0.0.1/37545] INFO  server.AbstractConnector (AbstractConnector.java:doStart(331)) - Started ServerConnector@27d1aa7{HTTP/1.1, (http/1.1)}{0.0.0.0:42923}
2021-12-24 01:40:12,204 [Listener at 127.0.0.1/37545] INFO  server.Server (Server.java:doStart(415)) - Started @134368ms
2021-12-24 01:40:12,205 [Listener at 127.0.0.1/37545] WARN  impl.MetricsSystemImpl (MetricsSystemImpl.java:register(279)) - Sink prometheus already exists!
2021-12-24 01:40:12,217 [Listener at 127.0.0.1/37545] INFO  http.BaseHttpServer (BaseHttpServer.java:updateConnectorAddress(329)) - HTTP server of hddsDatanode listening at http://0.0.0.0:42923
2021-12-24 01:40:12,222 [Datanode State Machine Daemon Thread] INFO  statemachine.DatanodeStateMachine (DatanodeStateMachine.java:lambda$startDaemon$0(467)) - Ozone container server started.
2021-12-24 01:40:12,222 [Listener at 127.0.0.1/37545] INFO  impl.MetricsSystemImpl (MetricsSystemImpl.java:init(158)) - HddsDatanode metrics system started (again)
2021-12-24 01:40:12,258 [org.apache.hadoop.util.JvmPauseMonitor$Monitor@2f2729ec] INFO  util.JvmPauseMonitor (JvmPauseMonitor.java:run(188)) - Starting JVM pause monitor
2021-12-24 01:40:12,272 [Datanode State Machine Task Thread - 0] INFO  datanode.InitDatanodeState (InitDatanodeState.java:persistContainerDatanodeDetails(145)) - DatanodeDetails is persisted to /home/runner/work/ozone/ozone/hadoop-ozone/integration-test/target/test-dir/MiniOzoneClusterImpl-497fae80-e4b5-45b5-b3c8-545e48efc269/datanode-1/meta/datanode.id
2021-12-24 01:40:12,286 [Listener at 127.0.0.1/37545] INFO  ozone.HddsDatanodeService (HddsDatanodeService.java:start(234)) - HddsDatanodeService host:fv-az116-279.vzw04321ajxubdbcnpick5nqva.xx.internal.cloudapp.net ip:10.1.0.29
2021-12-24 01:40:12,345 [Listener at 127.0.0.1/37545] INFO  upgrade.AbstractLayoutVersionManager (AbstractLayoutVersionManager.java:init(79)) - Initializing Layout version manager with metadata layout = SCM_HA (version = 2), software layout = SCM_HA (version = 2)
2021-12-24 01:40:12,442 [Listener at 127.0.0.1/37545] INFO  reflections.Reflections (Reflections.java:scan(232)) - Reflections took 96 ms to scan 7 urls, producing 119 keys and 279 values 
2021-12-24 01:40:12,443 [Listener at 127.0.0.1/37545] INFO  statemachine.DatanodeStateMachine (DatanodeStateMachine.java:getEndPointTaskThreadPoolSize(219)) - Datanode State Machine Task Thread Pool size 2
2021-12-24 01:40:12,452 [Listener at 127.0.0.1/37545] INFO  volume.HddsVolume (HddsVolume.java:<init>(120)) - Creating HddsVolume: /home/runner/work/ozone/ozone/hadoop-ozone/integration-test/target/test-dir/MiniOzoneClusterImpl-497fae80-e4b5-45b5-b3c8-545e48efc269/datanode-2/data-0/containers/hdds of storage type : DISK capacity : 9223372036854775807
2021-12-24 01:40:12,452 [Listener at 127.0.0.1/37545] INFO  volume.MutableVolumeSet (MutableVolumeSet.java:initializeVolumeSet(168)) - Added Volume : /home/runner/work/ozone/ozone/hadoop-ozone/integration-test/target/test-dir/MiniOzoneClusterImpl-497fae80-e4b5-45b5-b3c8-545e48efc269/datanode-2/data-0/containers/hdds to VolumeSet
2021-12-24 01:40:12,452 [Listener at 127.0.0.1/37545] INFO  volume.ThrottledAsyncChecker (ThrottledAsyncChecker.java:schedule(141)) - Scheduling a check for /home/runner/work/ozone/ozone/hadoop-ozone/integration-test/target/test-dir/MiniOzoneClusterImpl-497fae80-e4b5-45b5-b3c8-545e48efc269/datanode-2/data-0/containers/hdds
2021-12-24 01:40:12,471 [Listener at 127.0.0.1/37545] INFO  volume.StorageVolumeChecker (StorageVolumeChecker.java:checkAllVolumes(202)) - Scheduled health check for volume /home/runner/work/ozone/ozone/hadoop-ozone/integration-test/target/test-dir/MiniOzoneClusterImpl-497fae80-e4b5-45b5-b3c8-545e48efc269/datanode-2/data-0/containers/hdds
2021-12-24 01:40:12,514 [Listener at 127.0.0.1/37545] INFO  volume.MutableVolumeSet (MutableVolumeSet.java:initializeVolumeSet(168)) - Added Volume : /home/runner/work/ozone/ozone/hadoop-ozone/integration-test/target/test-dir/MiniOzoneClusterImpl-497fae80-e4b5-45b5-b3c8-545e48efc269/datanode-2/data/ratis to VolumeSet
2021-12-24 01:40:12,515 [Listener at 127.0.0.1/37545] INFO  volume.ThrottledAsyncChecker (ThrottledAsyncChecker.java:schedule(141)) - Scheduling a check for /home/runner/work/ozone/ozone/hadoop-ozone/integration-test/target/test-dir/MiniOzoneClusterImpl-497fae80-e4b5-45b5-b3c8-545e48efc269/datanode-2/data/ratis
2021-12-24 01:40:12,518 [Listener at 127.0.0.1/37545] INFO  volume.StorageVolumeChecker (StorageVolumeChecker.java:checkAllVolumes(202)) - Scheduled health check for volume /home/runner/work/ozone/ozone/hadoop-ozone/integration-test/target/test-dir/MiniOzoneClusterImpl-497fae80-e4b5-45b5-b3c8-545e48efc269/datanode-2/data/ratis
2021-12-24 01:40:12,549 [Thread-933] INFO  ozoneimpl.ContainerReader (ContainerReader.java:readVolume(172)) - Finish verifying containers on volume /home/runner/work/ozone/ozone/hadoop-ozone/integration-test/target/test-dir/MiniOzoneClusterImpl-497fae80-e4b5-45b5-b3c8-545e48efc269/datanode-2/data-0/containers/hdds
2021-12-24 01:40:12,549 [Listener at 127.0.0.1/37545] INFO  ozoneimpl.OzoneContainer (OzoneContainer.java:buildContainerSet(237)) - Build ContainerSet costs 0s
2021-12-24 01:40:12,551 [Listener at 127.0.0.1/37545] INFO  server.RaftServer (ConfUtils.java:logGet(44)) - raft.rpc.type = GRPC (default)
2021-12-24 01:40:12,552 [Listener at 127.0.0.1/37545] INFO  grpc.GrpcFactory (GrpcFactory.java:checkPooledByteBufAllocatorUseCacheForAllThreads(48)) - PERFORMANCE WARNING: useCacheForAllThreads is true that may cause Netty to create a lot garbage objects and, as a result, trigger GC.
	It is recommended to disable useCacheForAllThreads by setting -Dorg.apache.ratis.thirdparty.io.netty.allocator.useCacheForAllThreads=false in command line.
2021-12-24 01:40:12,552 [Listener at 127.0.0.1/37545] INFO  grpc.GrpcConfigKeys (ConfUtils.java:logGet(44)) - raft.grpc.admin.port = 0 (custom)
2021-12-24 01:40:12,552 [Listener at 127.0.0.1/37545] INFO  grpc.GrpcConfigKeys (ConfUtils.java:logGet(44)) - raft.grpc.client.port = 0 (custom)
2021-12-24 01:40:12,552 [Listener at 127.0.0.1/37545] INFO  grpc.GrpcConfigKeys (ConfUtils.java:logGet(44)) - raft.grpc.server.port = 0 (default)
2021-12-24 01:40:12,552 [Listener at 127.0.0.1/37545] INFO  server.GrpcService (ConfUtils.java:logGet(44)) - raft.grpc.message.size.max = 32MB (=33554432) (custom)
2021-12-24 01:40:12,552 [Listener at 127.0.0.1/37545] INFO  server.RaftServerConfigKeys (ConfUtils.java:logGet(44)) - raft.server.log.appender.buffer.byte-limit = 33554432 (custom)
2021-12-24 01:40:12,553 [Listener at 127.0.0.1/37545] INFO  server.GrpcService (ConfUtils.java:logGet(44)) - raft.grpc.flow.control.window = 5MB (=5242880) (custom)
2021-12-24 01:40:12,553 [Listener at 127.0.0.1/37545] INFO  server.RaftServerConfigKeys (ConfUtils.java:logGet(44)) - raft.server.rpc.request.timeout = 60s (custom)
2021-12-24 01:40:12,564 [Listener at 127.0.0.1/37545] INFO  impl.DataStreamServerImpl (ConfUtils.java:logGet(44)) - raft.datastream.type = DISABLED (default)
2021-12-24 01:40:12,564 [Listener at 127.0.0.1/37545] INFO  server.RaftServerConfigKeys (ConfUtils.java:logGet(44)) - raft.server.rpc.slowness.timeout = 300s (custom)
2021-12-24 01:40:12,569 [Listener at 127.0.0.1/37545] INFO  server.RaftServerConfigKeys (ConfUtils.java:logGet(44)) - raft.server.leaderelection.leader.step-down.wait-time = 10s (default)
2021-12-24 01:40:12,569 [Listener at 127.0.0.1/37545] INFO  server.RaftServerConfigKeys (ConfUtils.java:logGet(44)) - raft.server.storage.dir = [/home/runner/work/ozone/ozone/hadoop-ozone/integration-test/target/test-dir/MiniOzoneClusterImpl-497fae80-e4b5-45b5-b3c8-545e48efc269/datanode-2/data/ratis] (custom)
2021-12-24 01:40:12,571 [Listener at 127.0.0.1/37545] INFO  server.XceiverServerGrpc (XceiverServerGrpc.java:<init>(132)) - GrpcServer channel type EpollServerSocketChannel
2021-12-24 01:40:12,578 [Listener at 127.0.0.1/37545] INFO  http.BaseHttpServer (BaseHttpServer.java:newHttpServer2BuilderForOzone(209)) - Starting Web-server for hddsDatanode at: http://0.0.0.0:0
2021-12-24 01:40:12,579 [Listener at 127.0.0.1/37545] INFO  http.BaseHttpServer (BaseHttpServer.java:<init>(107)) - Hadoop Security Enabled: false Ozone Security Enabled: false Ozone HTTP Security Enabled: false 
2021-12-24 01:40:12,580 [Listener at 127.0.0.1/37545] INFO  server.AuthenticationFilter (AuthenticationFilter.java:constructSecretProvider(240)) - Unable to initialize FileSignerSecretProvider, falling back to use random secrets.
2021-12-24 01:40:12,583 [Listener at 127.0.0.1/37545] WARN  http.HttpRequestLog (HttpRequestLog.java:getRequestLog(103)) - Jetty request log can only be enabled using Log4j
2021-12-24 01:40:12,584 [Listener at 127.0.0.1/37545] INFO  http.HttpServer2 (HttpServer2.java:addGlobalFilter(1030)) - Added global filter 'safety' (class=org.apache.hadoop.hdds.server.http.HttpServer2$QuotingInputFilter)
2021-12-24 01:40:12,584 [Listener at 127.0.0.1/37545] INFO  http.HttpServer2 (HttpServer2.java:addFilter(1006)) - Added filter static_user_filter (class=org.apache.hadoop.http.lib.StaticUserWebFilter$StaticUserFilter) to context hddsDatanode
2021-12-24 01:40:12,585 [Listener at 127.0.0.1/37545] INFO  http.HttpServer2 (HttpServer2.java:addFilter(1014)) - Added filter static_user_filter (class=org.apache.hadoop.http.lib.StaticUserWebFilter$StaticUserFilter) to context static
2021-12-24 01:40:12,585 [Listener at 127.0.0.1/37545] INFO  http.HttpServer2 (HttpServer2.java:addFilter(1014)) - Added filter static_user_filter (class=org.apache.hadoop.http.lib.StaticUserWebFilter$StaticUserFilter) to context logs
2021-12-24 01:40:12,585 [Listener at 127.0.0.1/37545] INFO  http.HttpServer2 (HttpServer2.java:bindListener(1249)) - Jetty bound to port 34997
2021-12-24 01:40:12,585 [Listener at 127.0.0.1/37545] INFO  server.Server (Server.java:doStart(375)) - jetty-9.4.43.v20210629; built: 2021-06-30T11:07:22.254Z; git: 526006ecfa3af7f1a27ef3a288e2bef7ea9dd7e8; jvm 1.8.0_292-b10
2021-12-24 01:40:12,607 [Listener at 127.0.0.1/37545] INFO  server.session (DefaultSessionIdManager.java:doStart(334)) - DefaultSessionIdManager workerName=node0
2021-12-24 01:40:12,607 [Listener at 127.0.0.1/37545] INFO  server.session (DefaultSessionIdManager.java:doStart(339)) - No SessionScavenger set, using defaults
2021-12-24 01:40:12,607 [Listener at 127.0.0.1/37545] INFO  server.session (HouseKeeper.java:startScavenging(132)) - node0 Scavenging every 600000ms
2021-12-24 01:40:12,608 [Listener at 127.0.0.1/37545] INFO  handler.ContextHandler (ContextHandler.java:doStart(915)) - Started o.e.j.s.ServletContextHandler@750bfe14{logs,/logs,file:///home/runner/work/ozone/ozone/hadoop-ozone/integration-test/target/log,AVAILABLE}
2021-12-24 01:40:12,608 [Listener at 127.0.0.1/37545] INFO  handler.ContextHandler (ContextHandler.java:doStart(915)) - Started o.e.j.s.ServletContextHandler@2725c740{static,/static,jar:file:/home/runner/.m2/repository/org/apache/ozone/hdds-container-service/1.3.0-SNAPSHOT/hdds-container-service-1.3.0-SNAPSHOT.jar!/webapps/static,AVAILABLE}
2021-12-24 01:40:12,692 [Listener at 127.0.0.1/37545] INFO  handler.ContextHandler (ContextHandler.java:doStart(915)) - Started o.e.j.w.WebAppContext@4e0a8bb0{hddsDatanode,/,file:///tmp/jetty-0_0_0_0-34997-hdds-container-service-1_3_0-SNAPSHOT_jar-_-any-7653405388839016400/webapp/,AVAILABLE}{jar:file:/home/runner/.m2/repository/org/apache/ozone/hdds-container-service/1.3.0-SNAPSHOT/hdds-container-service-1.3.0-SNAPSHOT.jar!/webapps/hddsDatanode}
2021-12-24 01:40:12,710 [Listener at 127.0.0.1/37545] INFO  server.AbstractConnector (AbstractConnector.java:doStart(331)) - Started ServerConnector@5b0e558a{HTTP/1.1, (http/1.1)}{0.0.0.0:34997}
2021-12-24 01:40:12,710 [Listener at 127.0.0.1/37545] INFO  server.Server (Server.java:doStart(415)) - Started @134874ms
2021-12-24 01:40:12,711 [Listener at 127.0.0.1/37545] WARN  impl.MetricsSystemImpl (MetricsSystemImpl.java:register(279)) - Sink prometheus already exists!
2021-12-24 01:40:12,712 [Listener at 127.0.0.1/37545] INFO  http.BaseHttpServer (BaseHttpServer.java:updateConnectorAddress(329)) - HTTP server of hddsDatanode listening at http://0.0.0.0:34997
2021-12-24 01:40:12,714 [Listener at 127.0.0.1/37545] INFO  ozone.MiniOzoneClusterImpl (MiniOzoneClusterImpl.java:lambda$waitForClusterToBeReady$0(235)) - Waiting for nodes to be ready. Got 0 of 3 DN Heartbeats.
2021-12-24 01:40:12,714 [Listener at 127.0.0.1/37545] INFO  ozone.MiniOzoneClusterImpl (MiniOzoneClusterImpl.java:lambda$waitForClusterToBeReady$0(238)) - Waiting for cluster to exit safe mode
2021-12-24 01:40:12,714 [Listener at 127.0.0.1/37545] INFO  ozone.MiniOzoneClusterImpl (MiniOzoneClusterImpl.java:lambda$waitForClusterToBeReady$0(240)) - SCM became leader
2021-12-24 01:40:12,719 [Datanode State Machine Daemon Thread] INFO  statemachine.DatanodeStateMachine (DatanodeStateMachine.java:lambda$startDaemon$0(467)) - Ozone container server started.
2021-12-24 01:40:12,748 [org.apache.hadoop.util.JvmPauseMonitor$Monitor@660349b9] INFO  util.JvmPauseMonitor (JvmPauseMonitor.java:run(188)) - Starting JVM pause monitor
2021-12-24 01:40:12,751 [Datanode State Machine Task Thread - 0] INFO  datanode.InitDatanodeState (InitDatanodeState.java:persistContainerDatanodeDetails(145)) - DatanodeDetails is persisted to /home/runner/work/ozone/ozone/hadoop-ozone/integration-test/target/test-dir/MiniOzoneClusterImpl-497fae80-e4b5-45b5-b3c8-545e48efc269/datanode-2/meta/datanode.id
2021-12-24 01:40:13,663 [EndpointStateMachine task thread for /0.0.0.0:39607 - 0 ] INFO  ozoneimpl.OzoneContainer (OzoneContainer.java:start(315)) - Attempting to start container services.
2021-12-24 01:40:13,663 [EndpointStateMachine task thread for /0.0.0.0:39607 - 0 ] INFO  ozoneimpl.OzoneContainer (OzoneContainer.java:startContainerScrub(250)) - Background container scanner has been disabled.
2021-12-24 01:40:13,683 [EndpointStateMachine task thread for /0.0.0.0:39607 - 0 ] INFO  replication.ReplicationServer (ReplicationServer.java:start(107)) - ReplicationServer is started using port 35781
2021-12-24 01:40:13,686 [EndpointStateMachine task thread for /0.0.0.0:39607 - 0 ] INFO  ratis.XceiverServerRatis (XceiverServerRatis.java:start(484)) - Starting XceiverServerRatis a6ce1994-28f1-4352-8016-85e6856c4196
2021-12-24 01:40:13,695 [EndpointStateMachine task thread for /0.0.0.0:39607 - 0 ] INFO  server.RaftServer (RaftServerProxy.java:lambda$start$5(374)) - a6ce1994-28f1-4352-8016-85e6856c4196: start RPC server
2021-12-24 01:40:13,701 [EndpointStateMachine task thread for /0.0.0.0:39607 - 0 ] INFO  server.GrpcService (GrpcService.java:startImpl(253)) - a6ce1994-28f1-4352-8016-85e6856c4196: GrpcService started, listening on 34939
2021-12-24 01:40:13,705 [EndpointStateMachine task thread for /0.0.0.0:39607 - 0 ] INFO  ratis.XceiverServerRatis (XceiverServerRatis.java:getRealPort(505)) - XceiverServerRatis a6ce1994-28f1-4352-8016-85e6856c4196 is started using port 34939 for RATIS
2021-12-24 01:40:13,705 [EndpointStateMachine task thread for /0.0.0.0:39607 - 0 ] INFO  ratis.XceiverServerRatis (XceiverServerRatis.java:getRealPort(505)) - XceiverServerRatis a6ce1994-28f1-4352-8016-85e6856c4196 is started using port 34939 for RATIS_ADMIN
2021-12-24 01:40:13,705 [EndpointStateMachine task thread for /0.0.0.0:39607 - 0 ] INFO  ratis.XceiverServerRatis (XceiverServerRatis.java:getRealPort(505)) - XceiverServerRatis a6ce1994-28f1-4352-8016-85e6856c4196 is started using port 34939 for RATIS_SERVER
2021-12-24 01:40:13,706 [org.apache.ratis.util.JvmPauseMonitor$$Lambda$528/1509220174@28a59756] INFO  util.JvmPauseMonitor (JvmPauseMonitor.java:run(103)) - JvmPauseMonitor-a6ce1994-28f1-4352-8016-85e6856c4196: Started
2021-12-24 01:40:13,706 [EndpointStateMachine task thread for /0.0.0.0:39607 - 0 ] INFO  server.XceiverServerGrpc (XceiverServerGrpc.java:start(180)) - XceiverServerGrpc a6ce1994-28f1-4352-8016-85e6856c4196 is started using port 33163
2021-12-24 01:40:13,715 [Listener at 127.0.0.1/37545] INFO  ozone.MiniOzoneClusterImpl (MiniOzoneClusterImpl.java:lambda$waitForClusterToBeReady$0(235)) - Waiting for nodes to be ready. Got 0 of 3 DN Heartbeats.
2021-12-24 01:40:13,715 [Listener at 127.0.0.1/37545] INFO  ozone.MiniOzoneClusterImpl (MiniOzoneClusterImpl.java:lambda$waitForClusterToBeReady$0(238)) - Waiting for cluster to exit safe mode
2021-12-24 01:40:13,715 [Listener at 127.0.0.1/37545] INFO  ozone.MiniOzoneClusterImpl (MiniOzoneClusterImpl.java:lambda$waitForClusterToBeReady$0(240)) - SCM became leader
2021-12-24 01:40:14,270 [EndpointStateMachine task thread for /0.0.0.0:39607 - 0 ] INFO  ozoneimpl.OzoneContainer (OzoneContainer.java:start(315)) - Attempting to start container services.
2021-12-24 01:40:14,270 [EndpointStateMachine task thread for /0.0.0.0:39607 - 0 ] INFO  ozoneimpl.OzoneContainer (OzoneContainer.java:startContainerScrub(250)) - Background container scanner has been disabled.
2021-12-24 01:40:14,273 [EndpointStateMachine task thread for /0.0.0.0:39607 - 0 ] INFO  replication.ReplicationServer (ReplicationServer.java:start(107)) - ReplicationServer is started using port 37021
2021-12-24 01:40:14,282 [EndpointStateMachine task thread for /0.0.0.0:39607 - 0 ] INFO  ratis.XceiverServerRatis (XceiverServerRatis.java:start(484)) - Starting XceiverServerRatis 69c4d255-49bd-49b0-853d-43c713a11150
2021-12-24 01:40:14,326 [EndpointStateMachine task thread for /0.0.0.0:39607 - 0 ] INFO  server.RaftServer (RaftServerProxy.java:lambda$start$5(374)) - 69c4d255-49bd-49b0-853d-43c713a11150: start RPC server
2021-12-24 01:40:14,327 [EndpointStateMachine task thread for /0.0.0.0:39607 - 0 ] INFO  server.GrpcService (GrpcService.java:startImpl(253)) - 69c4d255-49bd-49b0-853d-43c713a11150: GrpcService started, listening on 42241
2021-12-24 01:40:14,329 [EndpointStateMachine task thread for /0.0.0.0:39607 - 0 ] INFO  ratis.XceiverServerRatis (XceiverServerRatis.java:getRealPort(505)) - XceiverServerRatis 69c4d255-49bd-49b0-853d-43c713a11150 is started using port 42241 for RATIS
2021-12-24 01:40:14,329 [EndpointStateMachine task thread for /0.0.0.0:39607 - 0 ] INFO  ratis.XceiverServerRatis (XceiverServerRatis.java:getRealPort(505)) - XceiverServerRatis 69c4d255-49bd-49b0-853d-43c713a11150 is started using port 42241 for RATIS_ADMIN
2021-12-24 01:40:14,329 [EndpointStateMachine task thread for /0.0.0.0:39607 - 0 ] INFO  ratis.XceiverServerRatis (XceiverServerRatis.java:getRealPort(505)) - XceiverServerRatis 69c4d255-49bd-49b0-853d-43c713a11150 is started using port 42241 for RATIS_SERVER
2021-12-24 01:40:14,330 [org.apache.ratis.util.JvmPauseMonitor$$Lambda$528/1509220174@675b4cd7] INFO  util.JvmPauseMonitor (JvmPauseMonitor.java:run(103)) - JvmPauseMonitor-69c4d255-49bd-49b0-853d-43c713a11150: Started
2021-12-24 01:40:14,330 [EndpointStateMachine task thread for /0.0.0.0:39607 - 0 ] INFO  server.XceiverServerGrpc (XceiverServerGrpc.java:start(180)) - XceiverServerGrpc 69c4d255-49bd-49b0-853d-43c713a11150 is started using port 43949
2021-12-24 01:40:14,718 [Listener at 127.0.0.1/37545] INFO  ozone.MiniOzoneClusterImpl (MiniOzoneClusterImpl.java:lambda$waitForClusterToBeReady$0(235)) - Waiting for nodes to be ready. Got 0 of 3 DN Heartbeats.
2021-12-24 01:40:14,718 [Listener at 127.0.0.1/37545] INFO  ozone.MiniOzoneClusterImpl (MiniOzoneClusterImpl.java:lambda$waitForClusterToBeReady$0(238)) - Waiting for cluster to exit safe mode
2021-12-24 01:40:14,718 [Listener at 127.0.0.1/37545] INFO  ozone.MiniOzoneClusterImpl (MiniOzoneClusterImpl.java:lambda$waitForClusterToBeReady$0(240)) - SCM became leader
2021-12-24 01:40:14,771 [EndpointStateMachine task thread for /0.0.0.0:39607 - 0 ] INFO  ozoneimpl.OzoneContainer (OzoneContainer.java:start(315)) - Attempting to start container services.
2021-12-24 01:40:14,772 [EndpointStateMachine task thread for /0.0.0.0:39607 - 0 ] INFO  ozoneimpl.OzoneContainer (OzoneContainer.java:startContainerScrub(250)) - Background container scanner has been disabled.
2021-12-24 01:40:14,785 [EndpointStateMachine task thread for /0.0.0.0:39607 - 0 ] INFO  replication.ReplicationServer (ReplicationServer.java:start(107)) - ReplicationServer is started using port 40295
2021-12-24 01:40:14,787 [EndpointStateMachine task thread for /0.0.0.0:39607 - 0 ] INFO  ratis.XceiverServerRatis (XceiverServerRatis.java:start(484)) - Starting XceiverServerRatis 73856bc3-967d-4281-b6ba-01ee2ea9c849
2021-12-24 01:40:14,790 [EndpointStateMachine task thread for /0.0.0.0:39607 - 0 ] INFO  server.RaftServer (RaftServerProxy.java:lambda$start$5(374)) - 73856bc3-967d-4281-b6ba-01ee2ea9c849: start RPC server
2021-12-24 01:40:14,794 [EndpointStateMachine task thread for /0.0.0.0:39607 - 0 ] INFO  server.GrpcService (GrpcService.java:startImpl(253)) - 73856bc3-967d-4281-b6ba-01ee2ea9c849: GrpcService started, listening on 43861
2021-12-24 01:40:14,797 [EndpointStateMachine task thread for /0.0.0.0:39607 - 0 ] INFO  ratis.XceiverServerRatis (XceiverServerRatis.java:getRealPort(505)) - XceiverServerRatis 73856bc3-967d-4281-b6ba-01ee2ea9c849 is started using port 43861 for RATIS
2021-12-24 01:40:14,798 [EndpointStateMachine task thread for /0.0.0.0:39607 - 0 ] INFO  ratis.XceiverServerRatis (XceiverServerRatis.java:getRealPort(505)) - XceiverServerRatis 73856bc3-967d-4281-b6ba-01ee2ea9c849 is started using port 43861 for RATIS_ADMIN
2021-12-24 01:40:14,798 [EndpointStateMachine task thread for /0.0.0.0:39607 - 0 ] INFO  ratis.XceiverServerRatis (XceiverServerRatis.java:getRealPort(505)) - XceiverServerRatis 73856bc3-967d-4281-b6ba-01ee2ea9c849 is started using port 43861 for RATIS_SERVER
2021-12-24 01:40:14,798 [org.apache.ratis.util.JvmPauseMonitor$$Lambda$528/1509220174@dbcc457] INFO  util.JvmPauseMonitor (JvmPauseMonitor.java:run(103)) - JvmPauseMonitor-73856bc3-967d-4281-b6ba-01ee2ea9c849: Started
2021-12-24 01:40:14,799 [EndpointStateMachine task thread for /0.0.0.0:39607 - 0 ] INFO  server.XceiverServerGrpc (XceiverServerGrpc.java:start(180)) - XceiverServerGrpc 73856bc3-967d-4281-b6ba-01ee2ea9c849 is started using port 37897
2021-12-24 01:40:15,623 [IPC Server handler 1 on default port 39607] INFO  net.NetworkTopologyImpl (NetworkTopologyImpl.java:add(112)) - Added a new node: /default-rack/a6ce1994-28f1-4352-8016-85e6856c4196
2021-12-24 01:40:15,623 [IPC Server handler 1 on default port 39607] INFO  node.SCMNodeManager (SCMNodeManager.java:register(389)) - Registered Data node : a6ce1994-28f1-4352-8016-85e6856c4196{ip: 10.1.0.29, host: fv-az116-279.vzw04321ajxubdbcnpick5nqva.xx.internal.cloudapp.net, ports: [REPLICATION=35781, RATIS=34939, RATIS_ADMIN=34939, RATIS_SERVER=34939, STANDALONE=33163], networkLocation: /default-rack, certSerialId: null, persistedOpState: null, persistedOpStateExpiryEpochSec: 0}
2021-12-24 01:40:15,626 [EventQueue-NodeRegistrationContainerReportForContainerSafeModeRule] INFO  safemode.SCMSafeModeManager (SCMSafeModeManager.java:validateSafeModeExitRules(204)) - ContainerSafeModeRule rule is successfully validated
2021-12-24 01:40:15,630 [EventQueue-NodeRegistrationContainerReportForDataNodeSafeModeRule] INFO  safemode.SCMSafeModeManager (DataNodeSafeModeRule.java:process(71)) - SCM in safe mode. 1 DataNodes registered, 3 required.
2021-12-24 01:40:15,653 [EventQueue-NewNodeForNewNodeHandler] INFO  pipeline.BackgroundPipelineCreator (BackgroundPipelineCreator.java:notifyEventTriggered(285)) - trigger a one-shot run on RatisPipelineUtilsThread.
2021-12-24 01:40:15,654 [RatisPipelineUtilsThread - 0] INFO  pipeline.RatisPipelineProvider (RatisPipelineProvider.java:lambda$create$0(183)) - Sending CreatePipelineCommand for pipeline:PipelineID=afab40ff-1fb6-4109-ab5c-2df522a5800d to datanode:a6ce1994-28f1-4352-8016-85e6856c4196
2021-12-24 01:40:15,655 [RatisPipelineUtilsThread - 0] INFO  pipeline.PipelineStateManagerImpl (PipelineStateManagerImpl.java:addPipeline(101)) - Created pipeline Pipeline[ Id: afab40ff-1fb6-4109-ab5c-2df522a5800d, Nodes: a6ce1994-28f1-4352-8016-85e6856c4196{ip: 10.1.0.29, host: fv-az116-279.vzw04321ajxubdbcnpick5nqva.xx.internal.cloudapp.net, ports: [REPLICATION=35781, RATIS=34939, RATIS_ADMIN=34939, RATIS_SERVER=34939, STANDALONE=33163], networkLocation: /default-rack, certSerialId: null, persistedOpState: IN_SERVICE, persistedOpStateExpiryEpochSec: 0}, ReplicationConfig: RATIS/ONE, State:ALLOCATED, leaderId:, CreationTimestamp2021-12-24T01:40:15.654Z[Etc/UTC]].
2021-12-24 01:40:15,667 [EventQueue-PipelineReportForOneReplicaPipelineSafeModeRule] INFO  safemode.SCMSafeModeManager (SCMSafeModeManager.java:validateSafeModeExitRules(204)) - AtleastOneDatanodeReportedRule rule is successfully validated
2021-12-24 01:40:15,719 [Listener at 127.0.0.1/37545] INFO  ozone.MiniOzoneClusterImpl (MiniOzoneClusterImpl.java:lambda$waitForClusterToBeReady$0(235)) - Waiting for nodes to be ready. Got 1 of 3 DN Heartbeats.
2021-12-24 01:40:15,721 [Listener at 127.0.0.1/37545] INFO  ozone.MiniOzoneClusterImpl (MiniOzoneClusterImpl.java:lambda$waitForClusterToBeReady$0(238)) - Waiting for cluster to exit safe mode
2021-12-24 01:40:15,721 [Listener at 127.0.0.1/37545] INFO  ozone.MiniOzoneClusterImpl (MiniOzoneClusterImpl.java:lambda$waitForClusterToBeReady$0(240)) - SCM became leader
2021-12-24 01:40:16,252 [IPC Server handler 1 on default port 39607] INFO  net.NetworkTopologyImpl (NetworkTopologyImpl.java:add(112)) - Added a new node: /default-rack/69c4d255-49bd-49b0-853d-43c713a11150
2021-12-24 01:40:16,252 [IPC Server handler 1 on default port 39607] INFO  node.SCMNodeManager (SCMNodeManager.java:register(389)) - Registered Data node : 69c4d255-49bd-49b0-853d-43c713a11150{ip: 10.1.0.29, host: fv-az116-279.vzw04321ajxubdbcnpick5nqva.xx.internal.cloudapp.net, ports: [REPLICATION=37021, RATIS=42241, RATIS_ADMIN=42241, RATIS_SERVER=42241, STANDALONE=43949], networkLocation: /default-rack, certSerialId: null, persistedOpState: null, persistedOpStateExpiryEpochSec: 0}
2021-12-24 01:40:16,252 [EventQueue-NewNodeForNewNodeHandler] INFO  pipeline.BackgroundPipelineCreator (BackgroundPipelineCreator.java:notifyEventTriggered(285)) - trigger a one-shot run on RatisPipelineUtilsThread.
2021-12-24 01:40:16,260 [RatisPipelineUtilsThread - 0] INFO  pipeline.RatisPipelineProvider (RatisPipelineProvider.java:lambda$create$0(183)) - Sending CreatePipelineCommand for pipeline:PipelineID=f71914d1-df83-4c83-95e9-b6c191473f7f to datanode:69c4d255-49bd-49b0-853d-43c713a11150
2021-12-24 01:40:16,260 [RatisPipelineUtilsThread - 0] INFO  pipeline.PipelineStateManagerImpl (PipelineStateManagerImpl.java:addPipeline(101)) - Created pipeline Pipeline[ Id: f71914d1-df83-4c83-95e9-b6c191473f7f, Nodes: 69c4d255-49bd-49b0-853d-43c713a11150{ip: 10.1.0.29, host: fv-az116-279.vzw04321ajxubdbcnpick5nqva.xx.internal.cloudapp.net, ports: [REPLICATION=37021, RATIS=42241, RATIS_ADMIN=42241, RATIS_SERVER=42241, STANDALONE=43949], networkLocation: /default-rack, certSerialId: null, persistedOpState: IN_SERVICE, persistedOpStateExpiryEpochSec: 0}, ReplicationConfig: RATIS/ONE, State:ALLOCATED, leaderId:, CreationTimestamp2021-12-24T01:40:16.260Z[Etc/UTC]].
2021-12-24 01:40:16,261 [EventQueue-NodeRegistrationContainerReportForDataNodeSafeModeRule] INFO  safemode.SCMSafeModeManager (DataNodeSafeModeRule.java:process(71)) - SCM in safe mode. 2 DataNodes registered, 3 required.
2021-12-24 01:40:16,722 [Listener at 127.0.0.1/37545] INFO  ozone.MiniOzoneClusterImpl (MiniOzoneClusterImpl.java:lambda$waitForClusterToBeReady$0(235)) - Waiting for nodes to be ready. Got 2 of 3 DN Heartbeats.
2021-12-24 01:40:16,723 [Listener at 127.0.0.1/37545] INFO  ozone.MiniOzoneClusterImpl (MiniOzoneClusterImpl.java:lambda$waitForClusterToBeReady$0(238)) - Waiting for cluster to exit safe mode
2021-12-24 01:40:16,723 [Listener at 127.0.0.1/37545] INFO  ozone.MiniOzoneClusterImpl (MiniOzoneClusterImpl.java:lambda$waitForClusterToBeReady$0(240)) - SCM became leader
2021-12-24 01:40:16,750 [IPC Server handler 0 on default port 39607] INFO  net.NetworkTopologyImpl (NetworkTopologyImpl.java:add(112)) - Added a new node: /default-rack/73856bc3-967d-4281-b6ba-01ee2ea9c849
2021-12-24 01:40:16,750 [IPC Server handler 0 on default port 39607] INFO  node.SCMNodeManager (SCMNodeManager.java:register(389)) - Registered Data node : 73856bc3-967d-4281-b6ba-01ee2ea9c849{ip: 10.1.0.29, host: fv-az116-279.vzw04321ajxubdbcnpick5nqva.xx.internal.cloudapp.net, ports: [REPLICATION=40295, RATIS=43861, RATIS_ADMIN=43861, RATIS_SERVER=43861, STANDALONE=37897], networkLocation: /default-rack, certSerialId: null, persistedOpState: null, persistedOpStateExpiryEpochSec: 0}
2021-12-24 01:40:16,750 [EventQueue-NewNodeForNewNodeHandler] INFO  pipeline.BackgroundPipelineCreator (BackgroundPipelineCreator.java:notifyEventTriggered(285)) - trigger a one-shot run on RatisPipelineUtilsThread.
2021-12-24 01:40:16,763 [EventQueue-NodeRegistrationContainerReportForDataNodeSafeModeRule] INFO  safemode.SCMSafeModeManager (DataNodeSafeModeRule.java:process(71)) - SCM in safe mode. 3 DataNodes registered, 3 required.
2021-12-24 01:40:16,763 [EventQueue-NodeRegistrationContainerReportForDataNodeSafeModeRule] INFO  safemode.SCMSafeModeManager (SCMSafeModeManager.java:validateSafeModeExitRules(204)) - DataNodeSafeModeRule rule is successfully validated
2021-12-24 01:40:16,763 [EventQueue-NodeRegistrationContainerReportForDataNodeSafeModeRule] INFO  safemode.SCMSafeModeManager (SCMSafeModeManager.java:completePreCheck(233)) - All SCM safe mode pre check rules have passed
2021-12-24 01:40:16,763 [EventQueue-NodeRegistrationContainerReportForDataNodeSafeModeRule] WARN  events.EventQueue (EventQueue.java:fireEvent(194)) - No event handler registered for event TypedEvent{payloadType=SafeModeStatus, name='Safe mode status'}
2021-12-24 01:40:16,763 [EventQueue-NodeRegistrationContainerReportForDataNodeSafeModeRule] INFO  ha.SCMContext (SCMContext.java:updateSafeModeStatus(211)) - Update SafeModeStatus from SafeModeStatus{safeModeStatus=true, preCheckPassed=false} to SafeModeStatus{safeModeStatus=true, preCheckPassed=true}.
2021-12-24 01:40:16,763 [EventQueue-NodeRegistrationContainerReportForDataNodeSafeModeRule] INFO  pipeline.BackgroundPipelineCreator (BackgroundPipelineCreator.java:notifyEventTriggered(285)) - trigger a one-shot run on RatisPipelineUtilsThread.
2021-12-24 01:40:16,764 [RatisPipelineUtilsThread - 0] INFO  pipeline.RatisPipelineProvider (RatisPipelineProvider.java:lambda$create$0(183)) - Sending CreatePipelineCommand for pipeline:PipelineID=00d4cd62-c983-4e05-9e5d-b01c56b75185 to datanode:73856bc3-967d-4281-b6ba-01ee2ea9c849
2021-12-24 01:40:16,764 [RatisPipelineUtilsThread - 0] INFO  pipeline.PipelineStateManagerImpl (PipelineStateManagerImpl.java:addPipeline(101)) - Created pipeline Pipeline[ Id: 00d4cd62-c983-4e05-9e5d-b01c56b75185, Nodes: 73856bc3-967d-4281-b6ba-01ee2ea9c849{ip: 10.1.0.29, host: fv-az116-279.vzw04321ajxubdbcnpick5nqva.xx.internal.cloudapp.net, ports: [REPLICATION=40295, RATIS=43861, RATIS_ADMIN=43861, RATIS_SERVER=43861, STANDALONE=37897], networkLocation: /default-rack, certSerialId: null, persistedOpState: IN_SERVICE, persistedOpStateExpiryEpochSec: 0}, ReplicationConfig: RATIS/ONE, State:ALLOCATED, leaderId:, CreationTimestamp2021-12-24T01:40:16.764Z[Etc/UTC]].
2021-12-24 01:40:16,765 [RatisPipelineUtilsThread - 0] INFO  pipeline.RatisPipelineProvider (RatisPipelineProvider.java:lambda$create$0(183)) - Sending CreatePipelineCommand for pipeline:PipelineID=61ee6e77-5b70-48b7-868f-5f96f04ea259 to datanode:73856bc3-967d-4281-b6ba-01ee2ea9c849
2021-12-24 01:40:16,765 [RatisPipelineUtilsThread - 0] INFO  pipeline.RatisPipelineProvider (RatisPipelineProvider.java:lambda$create$0(183)) - Sending CreatePipelineCommand for pipeline:PipelineID=61ee6e77-5b70-48b7-868f-5f96f04ea259 to datanode:69c4d255-49bd-49b0-853d-43c713a11150
2021-12-24 01:40:16,765 [RatisPipelineUtilsThread - 0] INFO  pipeline.RatisPipelineProvider (RatisPipelineProvider.java:lambda$create$0(183)) - Sending CreatePipelineCommand for pipeline:PipelineID=61ee6e77-5b70-48b7-868f-5f96f04ea259 to datanode:a6ce1994-28f1-4352-8016-85e6856c4196
2021-12-24 01:40:16,765 [RatisPipelineUtilsThread - 0] INFO  pipeline.PipelineStateManagerImpl (PipelineStateManagerImpl.java:addPipeline(101)) - Created pipeline Pipeline[ Id: 61ee6e77-5b70-48b7-868f-5f96f04ea259, Nodes: 73856bc3-967d-4281-b6ba-01ee2ea9c849{ip: 10.1.0.29, host: fv-az116-279.vzw04321ajxubdbcnpick5nqva.xx.internal.cloudapp.net, ports: [REPLICATION=40295, RATIS=43861, RATIS_ADMIN=43861, RATIS_SERVER=43861, STANDALONE=37897], networkLocation: /default-rack, certSerialId: null, persistedOpState: IN_SERVICE, persistedOpStateExpiryEpochSec: 0}69c4d255-49bd-49b0-853d-43c713a11150{ip: 10.1.0.29, host: fv-az116-279.vzw04321ajxubdbcnpick5nqva.xx.internal.cloudapp.net, ports: [REPLICATION=37021, RATIS=42241, RATIS_ADMIN=42241, RATIS_SERVER=42241, STANDALONE=43949], networkLocation: /default-rack, certSerialId: null, persistedOpState: IN_SERVICE, persistedOpStateExpiryEpochSec: 0}a6ce1994-28f1-4352-8016-85e6856c4196{ip: 10.1.0.29, host: fv-az116-279.vzw04321ajxubdbcnpick5nqva.xx.internal.cloudapp.net, ports: [REPLICATION=35781, RATIS=34939, RATIS_ADMIN=34939, RATIS_SERVER=34939, STANDALONE=33163], networkLocation: /default-rack, certSerialId: null, persistedOpState: IN_SERVICE, persistedOpStateExpiryEpochSec: 0}, ReplicationConfig: RATIS/THREE, State:ALLOCATED, leaderId:, CreationTimestamp2021-12-24T01:40:16.765Z[Etc/UTC]].
2021-12-24 01:40:16,773 [RatisPipelineUtilsThread - 0] INFO  pipeline.RatisPipelineProvider (RatisPipelineProvider.java:lambda$create$0(183)) - Sending CreatePipelineCommand for pipeline:PipelineID=c9bfafbb-0953-419c-be7b-8ac3ca907aae to datanode:a6ce1994-28f1-4352-8016-85e6856c4196
2021-12-24 01:40:16,773 [RatisPipelineUtilsThread - 0] INFO  pipeline.RatisPipelineProvider (RatisPipelineProvider.java:lambda$create$0(183)) - Sending CreatePipelineCommand for pipeline:PipelineID=c9bfafbb-0953-419c-be7b-8ac3ca907aae to datanode:73856bc3-967d-4281-b6ba-01ee2ea9c849
2021-12-24 01:40:16,774 [RatisPipelineUtilsThread - 0] INFO  pipeline.RatisPipelineProvider (RatisPipelineProvider.java:lambda$create$0(183)) - Sending CreatePipelineCommand for pipeline:PipelineID=c9bfafbb-0953-419c-be7b-8ac3ca907aae to datanode:69c4d255-49bd-49b0-853d-43c713a11150
2021-12-24 01:40:16,774 [RatisPipelineUtilsThread - 0] INFO  pipeline.PipelineStateManagerImpl (PipelineStateManagerImpl.java:addPipeline(101)) - Created pipeline Pipeline[ Id: c9bfafbb-0953-419c-be7b-8ac3ca907aae, Nodes: a6ce1994-28f1-4352-8016-85e6856c4196{ip: 10.1.0.29, host: fv-az116-279.vzw04321ajxubdbcnpick5nqva.xx.internal.cloudapp.net, ports: [REPLICATION=35781, RATIS=34939, RATIS_ADMIN=34939, RATIS_SERVER=34939, STANDALONE=33163], networkLocation: /default-rack, certSerialId: null, persistedOpState: IN_SERVICE, persistedOpStateExpiryEpochSec: 0}73856bc3-967d-4281-b6ba-01ee2ea9c849{ip: 10.1.0.29, host: fv-az116-279.vzw04321ajxubdbcnpick5nqva.xx.internal.cloudapp.net, ports: [REPLICATION=40295, RATIS=43861, RATIS_ADMIN=43861, RATIS_SERVER=43861, STANDALONE=37897], networkLocation: /default-rack, certSerialId: null, persistedOpState: IN_SERVICE, persistedOpStateExpiryEpochSec: 0}69c4d255-49bd-49b0-853d-43c713a11150{ip: 10.1.0.29, host: fv-az116-279.vzw04321ajxubdbcnpick5nqva.xx.internal.cloudapp.net, ports: [REPLICATION=37021, RATIS=42241, RATIS_ADMIN=42241, RATIS_SERVER=42241, STANDALONE=43949], networkLocation: /default-rack, certSerialId: null, persistedOpState: IN_SERVICE, persistedOpStateExpiryEpochSec: 0}, ReplicationConfig: RATIS/THREE, State:ALLOCATED, leaderId:, CreationTimestamp2021-12-24T01:40:16.773Z[Etc/UTC]].
2021-12-24 01:40:16,774 [RatisPipelineUtilsThread - 0] INFO  pipeline.PipelineManagerImpl (PipelineManagerImpl.java:recordMetricsForPipeline(639)) - Pipeline: PipelineID=c9bfafbb-0953-419c-be7b-8ac3ca907aae contains same datanodes as previous pipelines: PipelineID=61ee6e77-5b70-48b7-868f-5f96f04ea259 nodeIds: a6ce1994-28f1-4352-8016-85e6856c4196, 73856bc3-967d-4281-b6ba-01ee2ea9c849, 69c4d255-49bd-49b0-853d-43c713a11150
2021-12-24 01:40:17,723 [Listener at 127.0.0.1/37545] INFO  ozone.MiniOzoneClusterImpl (MiniOzoneClusterImpl.java:lambda$waitForClusterToBeReady$0(235)) - Nodes are ready. Got 3 of 3 DN Heartbeats.
2021-12-24 01:40:17,725 [Listener at 127.0.0.1/37545] INFO  ozone.MiniOzoneClusterImpl (MiniOzoneClusterImpl.java:lambda$waitForClusterToBeReady$0(238)) - Waiting for cluster to exit safe mode
2021-12-24 01:40:17,725 [Listener at 127.0.0.1/37545] INFO  ozone.MiniOzoneClusterImpl (MiniOzoneClusterImpl.java:lambda$waitForClusterToBeReady$0(240)) - SCM became leader
2021-12-24 01:40:18,624 [Command processor thread] INFO  server.RaftServer (RaftServerProxy.java:addNew(95)) - a6ce1994-28f1-4352-8016-85e6856c4196: addNew group-2DF522A5800D:[a6ce1994-28f1-4352-8016-85e6856c4196|rpc:10.1.0.29:34939|priority:1] returns group-2DF522A5800D:java.util.concurrent.CompletableFuture@67d74bda[Not completed]
2021-12-24 01:40:18,625 [pool-340-thread-1] INFO  server.RaftServer$Division (RaftServerImpl.java:<init>(184)) - a6ce1994-28f1-4352-8016-85e6856c4196: new RaftServerImpl for group-2DF522A5800D:[a6ce1994-28f1-4352-8016-85e6856c4196|rpc:10.1.0.29:34939|priority:1] with ContainerStateMachine:uninitialized
2021-12-24 01:40:18,639 [pool-340-thread-1] INFO  server.RaftServerConfigKeys (ConfUtils.java:logGet(44)) - raft.server.rpc.timeout.min = 5s (custom)
2021-12-24 01:40:18,639 [pool-340-thread-1] INFO  server.RaftServerConfigKeys (ConfUtils.java:logGet(44)) - raft.server.rpc.timeout.max = 5200ms (custom)
2021-12-24 01:40:18,639 [pool-340-thread-1] INFO  server.RaftServerConfigKeys (ConfUtils.java:logGet(44)) - raft.server.rpc.sleep.time = 25ms (default)
2021-12-24 01:40:18,639 [pool-340-thread-1] INFO  server.RaftServerConfigKeys (ConfUtils.java:logGet(44)) - raft.server.rpc.slowness.timeout = 300s (custom)
2021-12-24 01:40:18,640 [pool-340-thread-1] INFO  server.RaftServerConfigKeys (ConfUtils.java:logGet(44)) - raft.server.leaderelection.leader.step-down.wait-time = 10s (default)
2021-12-24 01:40:18,640 [pool-340-thread-1] INFO  server.RaftServerConfigKeys (ConfUtils.java:logGet(44)) - raft.server.sleep.deviation.threshold = 300ms (default)
2021-12-24 01:40:18,641 [pool-340-thread-1] INFO  server.RaftServerConfigKeys (ConfUtils.java:logGet(44)) - raft.server.log.appender.install.snapshot.enabled = false (custom)
2021-12-24 01:40:18,641 [pool-340-thread-1] INFO  server.RaftServer$Division (ServerState.java:<init>(105)) - a6ce1994-28f1-4352-8016-85e6856c4196@group-2DF522A5800D: ConfigurationManager, init=-1: [a6ce1994-28f1-4352-8016-85e6856c4196|rpc:10.1.0.29:34939|priority:1], old=null, confs=<EMPTY_MAP>
2021-12-24 01:40:18,641 [pool-340-thread-1] INFO  server.RaftServerConfigKeys (ConfUtils.java:logGet(44)) - raft.server.storage.dir = [/home/runner/work/ozone/ozone/hadoop-ozone/integration-test/target/test-dir/MiniOzoneClusterImpl-497fae80-e4b5-45b5-b3c8-545e48efc269/datanode-0/data/ratis] (custom)
2021-12-24 01:40:18,641 [pool-340-thread-1] INFO  server.RaftServerConfigKeys (ConfUtils.java:logGet(44)) - raft.server.log.corruption.policy = EXCEPTION (default)
2021-12-24 01:40:18,641 [pool-340-thread-1] INFO  server.RaftServerConfigKeys (ConfUtils.java:logGet(44)) - raft.server.storage.free-space.min = 0MB (=0) (default)
2021-12-24 01:40:18,642 [pool-340-thread-1] INFO  storage.RaftStorageDirectory (RaftStorageDirectoryImpl.java:analyzeStorage(135)) - The storage directory /home/runner/work/ozone/ozone/hadoop-ozone/integration-test/target/test-dir/MiniOzoneClusterImpl-497fae80-e4b5-45b5-b3c8-545e48efc269/datanode-0/data/ratis/afab40ff-1fb6-4109-ab5c-2df522a5800d does not exist. Creating ...
2021-12-24 01:40:18,652 [pool-340-thread-1] INFO  storage.RaftStorageDirectory (RaftStorageDirectoryImpl.java:tryLock(230)) - Lock on /home/runner/work/ozone/ozone/hadoop-ozone/integration-test/target/test-dir/MiniOzoneClusterImpl-497fae80-e4b5-45b5-b3c8-545e48efc269/datanode-0/data/ratis/afab40ff-1fb6-4109-ab5c-2df522a5800d/in_use.lock acquired by nodename 17223@fv-az116-279
2021-12-24 01:40:18,663 [pool-340-thread-1] INFO  storage.RaftStorage (RaftStorageImpl.java:format(89)) - Storage directory /home/runner/work/ozone/ozone/hadoop-ozone/integration-test/target/test-dir/MiniOzoneClusterImpl-497fae80-e4b5-45b5-b3c8-545e48efc269/datanode-0/data/ratis/afab40ff-1fb6-4109-ab5c-2df522a5800d has been successfully formatted.
2021-12-24 01:40:18,665 [pool-340-thread-1] INFO  ratis.ContainerStateMachine (ContainerStateMachine.java:loadSnapshot(231)) - group-2DF522A5800D: The snapshot info is null. Setting the last applied indexto:(t:0, i:~)
2021-12-24 01:40:18,666 [EventQueue-PipelineReportForPipelineReportHandler] INFO  pipeline.PipelineManagerImpl (PipelineManagerImpl.java:openPipeline(291)) - Pipeline Pipeline[ Id: afab40ff-1fb6-4109-ab5c-2df522a5800d, Nodes: a6ce1994-28f1-4352-8016-85e6856c4196{ip: 10.1.0.29, host: fv-az116-279.vzw04321ajxubdbcnpick5nqva.xx.internal.cloudapp.net, ports: [REPLICATION=35781, RATIS=34939, RATIS_ADMIN=34939, RATIS_SERVER=34939, STANDALONE=33163], networkLocation: /default-rack, certSerialId: null, persistedOpState: IN_SERVICE, persistedOpStateExpiryEpochSec: 0}, ReplicationConfig: RATIS/ONE, State:ALLOCATED, leaderId:a6ce1994-28f1-4352-8016-85e6856c4196, CreationTimestamp2021-12-24T01:40:15.654Z[Etc/UTC]] moved to OPEN state
2021-12-24 01:40:18,668 [pool-340-thread-1] INFO  server.RaftServerConfigKeys (ConfUtils.java:logGet(44)) - raft.server.notification.no-leader.timeout = 300s (custom)
2021-12-24 01:40:18,668 [pool-340-thread-1] INFO  server.RaftServerConfigKeys (ConfUtils.java:logGet(44)) - raft.server.log.use.memory = false (default)
2021-12-24 01:40:18,668 [pool-340-thread-1] INFO  server.RaftServerConfigKeys (ConfUtils.java:logGet(44)) - raft.server.log.purge.gap = 1000000 (custom)
2021-12-24 01:40:18,668 [pool-340-thread-1] INFO  server.RaftServerConfigKeys (ConfUtils.java:logGet(44)) - raft.server.log.appender.buffer.byte-limit = 33554432 (custom)
2021-12-24 01:40:18,671 [EventQueue-OpenPipelineForHealthyPipelineSafeModeRule] INFO  safemode.SCMSafeModeManager (HealthyPipelineSafeModeRule.java:process(124)) - SCM in safe mode. Healthy pipelines reported count is 0, required healthy pipeline reported count is 1
2021-12-24 01:40:18,672 [pool-340-thread-1] INFO  server.RaftServerConfigKeys (ConfUtils.java:logGet(44)) - raft.server.log.segment.size.max = 1048576 (custom)
2021-12-24 01:40:18,686 [pool-340-thread-1] INFO  server.RaftServerConfigKeys (ConfUtils.java:logGet(44)) - raft.server.log.segment.cache.num.max = 2 (custom)
2021-12-24 01:40:18,686 [pool-340-thread-1] INFO  server.RaftServerConfigKeys (ConfUtils.java:logGet(44)) - raft.server.log.segment.cache.size.max = 200MB (=209715200) (default)
2021-12-24 01:40:18,686 [pool-340-thread-1] INFO  segmented.SegmentedRaftLogWorker (SegmentedRaftLogWorker.java:<init>(182)) - new a6ce1994-28f1-4352-8016-85e6856c4196@group-2DF522A5800D-SegmentedRaftLogWorker for RaftStorageImpl:Storage Directory /home/runner/work/ozone/ozone/hadoop-ozone/integration-test/target/test-dir/MiniOzoneClusterImpl-497fae80-e4b5-45b5-b3c8-545e48efc269/datanode-0/data/ratis/afab40ff-1fb6-4109-ab5c-2df522a5800d
2021-12-24 01:40:18,686 [pool-340-thread-1] INFO  server.RaftServerConfigKeys (ConfUtils.java:logGet(44)) - raft.server.log.queue.byte-limit = 2147483647 (custom)
2021-12-24 01:40:18,686 [pool-340-thread-1] INFO  server.RaftServerConfigKeys (ConfUtils.java:logGet(44)) - raft.server.log.queue.element-limit = 1024 (custom)
2021-12-24 01:40:18,686 [pool-340-thread-1] INFO  server.RaftServerConfigKeys (ConfUtils.java:logGet(44)) - raft.server.log.segment.size.max = 1048576 (custom)
2021-12-24 01:40:18,687 [pool-340-thread-1] INFO  server.RaftServerConfigKeys (ConfUtils.java:logGet(44)) - raft.server.log.preallocated.size = 16384 (custom)
2021-12-24 01:40:18,687 [pool-340-thread-1] INFO  server.RaftServerConfigKeys (ConfUtils.java:logGet(44)) - raft.server.log.force.sync.num = 128 (default)
2021-12-24 01:40:18,687 [pool-340-thread-1] INFO  server.RaftServerConfigKeys (ConfUtils.java:logGet(44)) - raft.server.log.statemachine.data.sync = true (default)
2021-12-24 01:40:18,687 [pool-340-thread-1] INFO  server.RaftServerConfigKeys (ConfUtils.java:logGet(44)) - raft.server.log.statemachine.data.sync.timeout = 10s (default)
2021-12-24 01:40:18,687 [pool-340-thread-1] INFO  server.RaftServerConfigKeys (ConfUtils.java:logGet(44)) - raft.server.log.statemachine.data.sync.timeout.retry = -1 (default)
2021-12-24 01:40:18,688 [pool-340-thread-1] INFO  server.RaftServerConfigKeys (ConfUtils.java:logGet(44)) - raft.server.log.write.buffer.size = 1048576 (custom)
2021-12-24 01:40:18,688 [pool-340-thread-1] INFO  server.RaftServerConfigKeys (ConfUtils.java:logGet(44)) - raft.server.log.statemachine.data.caching.enabled = true (custom)
2021-12-24 01:40:18,689 [pool-340-thread-1] INFO  segmented.SegmentedRaftLogWorker (SegmentedRaftLogWorker.java:lambda$new$0(133)) - a6ce1994-28f1-4352-8016-85e6856c4196@group-2DF522A5800D-SegmentedRaftLogWorker: flushIndex: setUnconditionally 0 -> -1
2021-12-24 01:40:18,689 [pool-340-thread-1] INFO  segmented.SegmentedRaftLogWorker (SegmentedRaftLogWorker.java:lambda$new$0(133)) - a6ce1994-28f1-4352-8016-85e6856c4196@group-2DF522A5800D-SegmentedRaftLogWorker: safeCacheEvictIndex: setUnconditionally 0 -> -1
2021-12-24 01:40:18,698 [pool-340-thread-1] INFO  server.RaftServerConfigKeys (ConfUtils.java:logGet(44)) - raft.server.snapshot.auto.trigger.enabled = true (custom)
2021-12-24 01:40:18,698 [pool-340-thread-1] INFO  server.RaftServerConfigKeys (ConfUtils.java:logGet(44)) - raft.server.snapshot.auto.trigger.threshold = 10000 (custom)
2021-12-24 01:40:18,698 [pool-340-thread-1] INFO  server.RaftServerConfigKeys (ConfUtils.java:logGet(44)) - raft.server.snapshot.retention.file.num = 5 (custom)
2021-12-24 01:40:18,698 [pool-340-thread-1] INFO  server.RaftServerConfigKeys (ConfUtils.java:logGet(44)) - raft.server.log.purge.upto.snapshot.index = false (default)
2021-12-24 01:40:18,698 [pool-340-thread-1] INFO  server.RaftServerConfigKeys (ConfUtils.java:logGet(44)) - raft.server.retrycache.expirytime = 600000ms (custom)
2021-12-24 01:40:18,698 [pool-340-thread-1] INFO  server.RaftServerConfigKeys (ConfUtils.java:logGet(44)) - raft.server.retrycache.statistics.expirytime = 100μs (default)
2021-12-24 01:40:18,700 [pool-340-thread-1] INFO  server.RaftServer$Division (RaftServerImpl.java:start(301)) - a6ce1994-28f1-4352-8016-85e6856c4196@group-2DF522A5800D: start as a follower, conf=-1: [a6ce1994-28f1-4352-8016-85e6856c4196|rpc:10.1.0.29:34939|priority:1], old=null
2021-12-24 01:40:18,701 [pool-340-thread-1] INFO  server.RaftServer$Division (RaftServerImpl.java:setRole(290)) - a6ce1994-28f1-4352-8016-85e6856c4196@group-2DF522A5800D: changes role from      null to FOLLOWER at term 0 for startAsFollower
2021-12-24 01:40:18,701 [pool-340-thread-1] INFO  impl.RoleInfo (RoleInfo.java:updateAndGet(130)) - a6ce1994-28f1-4352-8016-85e6856c4196: start a6ce1994-28f1-4352-8016-85e6856c4196@group-2DF522A5800D-FollowerState
2021-12-24 01:40:18,701 [pool-340-thread-1] INFO  util.JmxRegister (JmxRegister.java:tryRegister(44)) - Successfully registered JMX Bean with object name Ratis:service=RaftServer,group=group-2DF522A5800D,id=a6ce1994-28f1-4352-8016-85e6856c4196
2021-12-24 01:40:18,710 [Command processor thread] INFO  ratis.XceiverServerRatis (XceiverServerRatis.java:addGroup(768)) - Created group PipelineID=afab40ff-1fb6-4109-ab5c-2df522a5800d
2021-12-24 01:40:18,710 [Command processor thread] INFO  commandhandler.CreatePipelineCommandHandler (CreatePipelineCommandHandler.java:handle(106)) - Created Pipeline RATIS ONE PipelineID=afab40ff-1fb6-4109-ab5c-2df522a5800d.
2021-12-24 01:40:18,710 [Command processor thread] INFO  server.RaftServer (RaftServerProxy.java:addNew(95)) - a6ce1994-28f1-4352-8016-85e6856c4196: addNew group-5F96F04EA259:[73856bc3-967d-4281-b6ba-01ee2ea9c849|rpc:10.1.0.29:43861|priority:0, a6ce1994-28f1-4352-8016-85e6856c4196|rpc:10.1.0.29:34939|priority:1, 69c4d255-49bd-49b0-853d-43c713a11150|rpc:10.1.0.29:42241|priority:0] returns group-5F96F04EA259:java.util.concurrent.CompletableFuture@63e8d3f8[Not completed]
2021-12-24 01:40:18,713 [pool-340-thread-1] INFO  server.RaftServer$Division (RaftServerImpl.java:<init>(184)) - a6ce1994-28f1-4352-8016-85e6856c4196: new RaftServerImpl for group-5F96F04EA259:[73856bc3-967d-4281-b6ba-01ee2ea9c849|rpc:10.1.0.29:43861|priority:0, a6ce1994-28f1-4352-8016-85e6856c4196|rpc:10.1.0.29:34939|priority:1, 69c4d255-49bd-49b0-853d-43c713a11150|rpc:10.1.0.29:42241|priority:0] with ContainerStateMachine:uninitialized
2021-12-24 01:40:18,717 [pool-340-thread-1] INFO  server.RaftServerConfigKeys (ConfUtils.java:logGet(44)) - raft.server.rpc.timeout.min = 5s (custom)
2021-12-24 01:40:18,717 [pool-340-thread-1] INFO  server.RaftServerConfigKeys (ConfUtils.java:logGet(44)) - raft.server.rpc.timeout.max = 5200ms (custom)
2021-12-24 01:40:18,717 [pool-340-thread-1] INFO  server.RaftServerConfigKeys (ConfUtils.java:logGet(44)) - raft.server.rpc.sleep.time = 25ms (default)
2021-12-24 01:40:18,718 [pool-340-thread-1] INFO  server.RaftServerConfigKeys (ConfUtils.java:logGet(44)) - raft.server.rpc.slowness.timeout = 300s (custom)
2021-12-24 01:40:18,718 [pool-340-thread-1] INFO  server.RaftServerConfigKeys (ConfUtils.java:logGet(44)) - raft.server.leaderelection.leader.step-down.wait-time = 10s (default)
2021-12-24 01:40:18,718 [pool-340-thread-1] INFO  server.RaftServerConfigKeys (ConfUtils.java:logGet(44)) - raft.server.sleep.deviation.threshold = 300ms (default)
2021-12-24 01:40:18,718 [pool-340-thread-1] INFO  server.RaftServerConfigKeys (ConfUtils.java:logGet(44)) - raft.server.log.appender.install.snapshot.enabled = false (custom)
2021-12-24 01:40:18,718 [pool-340-thread-1] INFO  server.RaftServer$Division (ServerState.java:<init>(105)) - a6ce1994-28f1-4352-8016-85e6856c4196@group-5F96F04EA259: ConfigurationManager, init=-1: [73856bc3-967d-4281-b6ba-01ee2ea9c849|rpc:10.1.0.29:43861|priority:0, a6ce1994-28f1-4352-8016-85e6856c4196|rpc:10.1.0.29:34939|priority:1, 69c4d255-49bd-49b0-853d-43c713a11150|rpc:10.1.0.29:42241|priority:0], old=null, confs=<EMPTY_MAP>
2021-12-24 01:40:18,718 [pool-340-thread-1] INFO  server.RaftServerConfigKeys (ConfUtils.java:logGet(44)) - raft.server.storage.dir = [/home/runner/work/ozone/ozone/hadoop-ozone/integration-test/target/test-dir/MiniOzoneClusterImpl-497fae80-e4b5-45b5-b3c8-545e48efc269/datanode-0/data/ratis] (custom)
2021-12-24 01:40:18,718 [pool-340-thread-1] INFO  server.RaftServerConfigKeys (ConfUtils.java:logGet(44)) - raft.server.log.corruption.policy = EXCEPTION (default)
2021-12-24 01:40:18,719 [pool-340-thread-1] INFO  server.RaftServerConfigKeys (ConfUtils.java:logGet(44)) - raft.server.storage.free-space.min = 0MB (=0) (default)
2021-12-24 01:40:18,719 [pool-340-thread-1] INFO  storage.RaftStorageDirectory (RaftStorageDirectoryImpl.java:analyzeStorage(135)) - The storage directory /home/runner/work/ozone/ozone/hadoop-ozone/integration-test/target/test-dir/MiniOzoneClusterImpl-497fae80-e4b5-45b5-b3c8-545e48efc269/datanode-0/data/ratis/61ee6e77-5b70-48b7-868f-5f96f04ea259 does not exist. Creating ...
2021-12-24 01:40:18,725 [Listener at 127.0.0.1/37545] INFO  ozone.MiniOzoneClusterImpl (MiniOzoneClusterImpl.java:lambda$waitForClusterToBeReady$0(235)) - Nodes are ready. Got 3 of 3 DN Heartbeats.
2021-12-24 01:40:18,725 [Listener at 127.0.0.1/37545] INFO  ozone.MiniOzoneClusterImpl (MiniOzoneClusterImpl.java:lambda$waitForClusterToBeReady$0(238)) - Waiting for cluster to exit safe mode
2021-12-24 01:40:18,725 [Listener at 127.0.0.1/37545] INFO  ozone.MiniOzoneClusterImpl (MiniOzoneClusterImpl.java:lambda$waitForClusterToBeReady$0(240)) - SCM became leader
2021-12-24 01:40:18,727 [pool-340-thread-1] INFO  storage.RaftStorageDirectory (RaftStorageDirectoryImpl.java:tryLock(230)) - Lock on /home/runner/work/ozone/ozone/hadoop-ozone/integration-test/target/test-dir/MiniOzoneClusterImpl-497fae80-e4b5-45b5-b3c8-545e48efc269/datanode-0/data/ratis/61ee6e77-5b70-48b7-868f-5f96f04ea259/in_use.lock acquired by nodename 17223@fv-az116-279
2021-12-24 01:40:18,728 [pool-340-thread-1] INFO  storage.RaftStorage (RaftStorageImpl.java:format(89)) - Storage directory /home/runner/work/ozone/ozone/hadoop-ozone/integration-test/target/test-dir/MiniOzoneClusterImpl-497fae80-e4b5-45b5-b3c8-545e48efc269/datanode-0/data/ratis/61ee6e77-5b70-48b7-868f-5f96f04ea259 has been successfully formatted.
2021-12-24 01:40:18,729 [pool-340-thread-1] INFO  ratis.ContainerStateMachine (ContainerStateMachine.java:loadSnapshot(231)) - group-5F96F04EA259: The snapshot info is null. Setting the last applied indexto:(t:0, i:~)
2021-12-24 01:40:18,729 [pool-340-thread-1] INFO  server.RaftServerConfigKeys (ConfUtils.java:logGet(44)) - raft.server.notification.no-leader.timeout = 300s (custom)
2021-12-24 01:40:18,729 [pool-340-thread-1] INFO  server.RaftServerConfigKeys (ConfUtils.java:logGet(44)) - raft.server.log.use.memory = false (default)
2021-12-24 01:40:18,729 [pool-340-thread-1] INFO  server.RaftServerConfigKeys (ConfUtils.java:logGet(44)) - raft.server.log.purge.gap = 1000000 (custom)
2021-12-24 01:40:18,729 [pool-340-thread-1] INFO  server.RaftServerConfigKeys (ConfUtils.java:logGet(44)) - raft.server.log.appender.buffer.byte-limit = 33554432 (custom)
2021-12-24 01:40:18,729 [pool-340-thread-1] INFO  server.RaftServerConfigKeys (ConfUtils.java:logGet(44)) - raft.server.log.segment.size.max = 1048576 (custom)
2021-12-24 01:40:18,730 [pool-340-thread-1] INFO  server.RaftServerConfigKeys (ConfUtils.java:logGet(44)) - raft.server.log.segment.cache.num.max = 2 (custom)
2021-12-24 01:40:18,730 [pool-340-thread-1] INFO  server.RaftServerConfigKeys (ConfUtils.java:logGet(44)) - raft.server.log.segment.cache.size.max = 200MB (=209715200) (default)
2021-12-24 01:40:18,730 [pool-340-thread-1] INFO  segmented.SegmentedRaftLogWorker (SegmentedRaftLogWorker.java:<init>(182)) - new a6ce1994-28f1-4352-8016-85e6856c4196@group-5F96F04EA259-SegmentedRaftLogWorker for RaftStorageImpl:Storage Directory /home/runner/work/ozone/ozone/hadoop-ozone/integration-test/target/test-dir/MiniOzoneClusterImpl-497fae80-e4b5-45b5-b3c8-545e48efc269/datanode-0/data/ratis/61ee6e77-5b70-48b7-868f-5f96f04ea259
2021-12-24 01:40:18,730 [pool-340-thread-1] INFO  server.RaftServerConfigKeys (ConfUtils.java:logGet(44)) - raft.server.log.queue.byte-limit = 2147483647 (custom)
2021-12-24 01:40:18,730 [pool-340-thread-1] INFO  server.RaftServerConfigKeys (ConfUtils.java:logGet(44)) - raft.server.log.queue.element-limit = 1024 (custom)
2021-12-24 01:40:18,730 [pool-340-thread-1] INFO  server.RaftServerConfigKeys (ConfUtils.java:logGet(44)) - raft.server.log.segment.size.max = 1048576 (custom)
2021-12-24 01:40:18,730 [pool-340-thread-1] INFO  server.RaftServerConfigKeys (ConfUtils.java:logGet(44)) - raft.server.log.preallocated.size = 16384 (custom)
2021-12-24 01:40:18,730 [pool-340-thread-1] INFO  server.RaftServerConfigKeys (ConfUtils.java:logGet(44)) - raft.server.log.force.sync.num = 128 (default)
2021-12-24 01:40:18,730 [pool-340-thread-1] INFO  server.RaftServerConfigKeys (ConfUtils.java:logGet(44)) - raft.server.log.statemachine.data.sync = true (default)
2021-12-24 01:40:18,730 [pool-340-thread-1] INFO  server.RaftServerConfigKeys (ConfUtils.java:logGet(44)) - raft.server.log.statemachine.data.sync.timeout = 10s (default)
2021-12-24 01:40:18,730 [pool-340-thread-1] INFO  server.RaftServerConfigKeys (ConfUtils.java:logGet(44)) - raft.server.log.statemachine.data.sync.timeout.retry = -1 (default)
2021-12-24 01:40:18,730 [EventQueue-OpenPipelineForHealthyPipelineSafeModeRule] INFO  safemode.SCMSafeModeManager (HealthyPipelineSafeModeRule.java:process(124)) - SCM in safe mode. Healthy pipelines reported count is 0, required healthy pipeline reported count is 1
2021-12-24 01:40:18,731 [pool-340-thread-1] INFO  server.RaftServerConfigKeys (ConfUtils.java:logGet(44)) - raft.server.log.write.buffer.size = 1048576 (custom)
2021-12-24 01:40:18,732 [pool-340-thread-1] INFO  server.RaftServerConfigKeys (ConfUtils.java:logGet(44)) - raft.server.log.statemachine.data.caching.enabled = true (custom)
2021-12-24 01:40:18,732 [pool-340-thread-1] INFO  segmented.SegmentedRaftLogWorker (SegmentedRaftLogWorker.java:lambda$new$0(133)) - a6ce1994-28f1-4352-8016-85e6856c4196@group-5F96F04EA259-SegmentedRaftLogWorker: flushIndex: setUnconditionally 0 -> -1
2021-12-24 01:40:18,732 [pool-340-thread-1] INFO  segmented.SegmentedRaftLogWorker (SegmentedRaftLogWorker.java:lambda$new$0(133)) - a6ce1994-28f1-4352-8016-85e6856c4196@group-5F96F04EA259-SegmentedRaftLogWorker: safeCacheEvictIndex: setUnconditionally 0 -> -1
2021-12-24 01:40:18,735 [pool-340-thread-1] INFO  server.RaftServerConfigKeys (ConfUtils.java:logGet(44)) - raft.server.snapshot.auto.trigger.enabled = true (custom)
2021-12-24 01:40:18,736 [pool-340-thread-1] INFO  server.RaftServerConfigKeys (ConfUtils.java:logGet(44)) - raft.server.snapshot.auto.trigger.threshold = 10000 (custom)
2021-12-24 01:40:18,736 [pool-340-thread-1] INFO  server.RaftServerConfigKeys (ConfUtils.java:logGet(44)) - raft.server.snapshot.retention.file.num = 5 (custom)
2021-12-24 01:40:18,736 [pool-340-thread-1] INFO  server.RaftServerConfigKeys (ConfUtils.java:logGet(44)) - raft.server.log.purge.upto.snapshot.index = false (default)
2021-12-24 01:40:18,736 [pool-340-thread-1] INFO  server.RaftServerConfigKeys (ConfUtils.java:logGet(44)) - raft.server.retrycache.expirytime = 600000ms (custom)
2021-12-24 01:40:18,736 [pool-340-thread-1] INFO  server.RaftServerConfigKeys (ConfUtils.java:logGet(44)) - raft.server.retrycache.statistics.expirytime = 100μs (default)
2021-12-24 01:40:18,738 [pool-340-thread-1] INFO  server.RaftServer$Division (RaftServerImpl.java:start(301)) - a6ce1994-28f1-4352-8016-85e6856c4196@group-5F96F04EA259: start as a follower, conf=-1: [73856bc3-967d-4281-b6ba-01ee2ea9c849|rpc:10.1.0.29:43861|priority:0, a6ce1994-28f1-4352-8016-85e6856c4196|rpc:10.1.0.29:34939|priority:1, 69c4d255-49bd-49b0-853d-43c713a11150|rpc:10.1.0.29:42241|priority:0], old=null
2021-12-24 01:40:18,738 [pool-340-thread-1] INFO  server.RaftServer$Division (RaftServerImpl.java:setRole(290)) - a6ce1994-28f1-4352-8016-85e6856c4196@group-5F96F04EA259: changes role from      null to FOLLOWER at term 0 for startAsFollower
2021-12-24 01:40:18,738 [pool-340-thread-1] INFO  impl.RoleInfo (RoleInfo.java:updateAndGet(130)) - a6ce1994-28f1-4352-8016-85e6856c4196: start a6ce1994-28f1-4352-8016-85e6856c4196@group-5F96F04EA259-FollowerState
2021-12-24 01:40:18,740 [pool-340-thread-1] INFO  util.JmxRegister (JmxRegister.java:tryRegister(44)) - Successfully registered JMX Bean with object name Ratis:service=RaftServer,group=group-5F96F04EA259,id=a6ce1994-28f1-4352-8016-85e6856c4196
2021-12-24 01:40:18,741 [Command processor thread] INFO  ratis.XceiverServerRatis (XceiverServerRatis.java:addGroup(768)) - Created group PipelineID=61ee6e77-5b70-48b7-868f-5f96f04ea259
2021-12-24 01:40:18,786 [grpc-default-executor-0] INFO  server.RaftServer (RaftServerProxy.java:addNew(95)) - 73856bc3-967d-4281-b6ba-01ee2ea9c849: addNew group-5F96F04EA259:[73856bc3-967d-4281-b6ba-01ee2ea9c849|rpc:10.1.0.29:43861|dataStream:|priority:0, a6ce1994-28f1-4352-8016-85e6856c4196|rpc:10.1.0.29:34939|dataStream:|priority:1, 69c4d255-49bd-49b0-853d-43c713a11150|rpc:10.1.0.29:42241|dataStream:|priority:0] returns group-5F96F04EA259:java.util.concurrent.CompletableFuture@59973ce8[Not completed]
2021-12-24 01:40:18,791 [pool-382-thread-1] INFO  server.RaftServer$Division (RaftServerImpl.java:<init>(184)) - 73856bc3-967d-4281-b6ba-01ee2ea9c849: new RaftServerImpl for group-5F96F04EA259:[73856bc3-967d-4281-b6ba-01ee2ea9c849|rpc:10.1.0.29:43861|dataStream:|priority:0, a6ce1994-28f1-4352-8016-85e6856c4196|rpc:10.1.0.29:34939|dataStream:|priority:1, 69c4d255-49bd-49b0-853d-43c713a11150|rpc:10.1.0.29:42241|dataStream:|priority:0] with ContainerStateMachine:uninitialized
2021-12-24 01:40:18,802 [pool-382-thread-1] INFO  server.RaftServerConfigKeys (ConfUtils.java:logGet(44)) - raft.server.rpc.timeout.min = 5s (custom)
2021-12-24 01:40:18,802 [pool-382-thread-1] INFO  server.RaftServerConfigKeys (ConfUtils.java:logGet(44)) - raft.server.rpc.timeout.max = 5200ms (custom)
2021-12-24 01:40:18,802 [pool-382-thread-1] INFO  server.RaftServerConfigKeys (ConfUtils.java:logGet(44)) - raft.server.rpc.sleep.time = 25ms (default)
2021-12-24 01:40:18,802 [pool-382-thread-1] INFO  server.RaftServerConfigKeys (ConfUtils.java:logGet(44)) - raft.server.rpc.slowness.timeout = 300s (custom)
2021-12-24 01:40:18,802 [pool-382-thread-1] INFO  server.RaftServerConfigKeys (ConfUtils.java:logGet(44)) - raft.server.leaderelection.leader.step-down.wait-time = 10s (default)
2021-12-24 01:40:18,802 [pool-382-thread-1] INFO  server.RaftServerConfigKeys (ConfUtils.java:logGet(44)) - raft.server.sleep.deviation.threshold = 300ms (default)
2021-12-24 01:40:18,802 [pool-382-thread-1] INFO  server.RaftServerConfigKeys (ConfUtils.java:logGet(44)) - raft.server.log.appender.install.snapshot.enabled = false (custom)
2021-12-24 01:40:18,802 [pool-382-thread-1] INFO  server.RaftServer$Division (ServerState.java:<init>(105)) - 73856bc3-967d-4281-b6ba-01ee2ea9c849@group-5F96F04EA259: ConfigurationManager, init=-1: [73856bc3-967d-4281-b6ba-01ee2ea9c849|rpc:10.1.0.29:43861|dataStream:|priority:0, a6ce1994-28f1-4352-8016-85e6856c4196|rpc:10.1.0.29:34939|dataStream:|priority:1, 69c4d255-49bd-49b0-853d-43c713a11150|rpc:10.1.0.29:42241|dataStream:|priority:0], old=null, confs=<EMPTY_MAP>
2021-12-24 01:40:18,802 [pool-382-thread-1] INFO  server.RaftServerConfigKeys (ConfUtils.java:logGet(44)) - raft.server.storage.dir = [/home/runner/work/ozone/ozone/hadoop-ozone/integration-test/target/test-dir/MiniOzoneClusterImpl-497fae80-e4b5-45b5-b3c8-545e48efc269/datanode-2/data/ratis] (custom)
2021-12-24 01:40:18,803 [pool-382-thread-1] INFO  server.RaftServerConfigKeys (ConfUtils.java:logGet(44)) - raft.server.log.corruption.policy = EXCEPTION (default)
2021-12-24 01:40:18,803 [pool-382-thread-1] INFO  server.RaftServerConfigKeys (ConfUtils.java:logGet(44)) - raft.server.storage.free-space.min = 0MB (=0) (default)
2021-12-24 01:40:18,806 [pool-382-thread-1] INFO  storage.RaftStorageDirectory (RaftStorageDirectoryImpl.java:analyzeStorage(135)) - The storage directory /home/runner/work/ozone/ozone/hadoop-ozone/integration-test/target/test-dir/MiniOzoneClusterImpl-497fae80-e4b5-45b5-b3c8-545e48efc269/datanode-2/data/ratis/61ee6e77-5b70-48b7-868f-5f96f04ea259 does not exist. Creating ...
2021-12-24 01:40:18,810 [pool-382-thread-1] INFO  storage.RaftStorageDirectory (RaftStorageDirectoryImpl.java:tryLock(230)) - Lock on /home/runner/work/ozone/ozone/hadoop-ozone/integration-test/target/test-dir/MiniOzoneClusterImpl-497fae80-e4b5-45b5-b3c8-545e48efc269/datanode-2/data/ratis/61ee6e77-5b70-48b7-868f-5f96f04ea259/in_use.lock acquired by nodename 17223@fv-az116-279
2021-12-24 01:40:18,816 [pool-382-thread-1] INFO  storage.RaftStorage (RaftStorageImpl.java:format(89)) - Storage directory /home/runner/work/ozone/ozone/hadoop-ozone/integration-test/target/test-dir/MiniOzoneClusterImpl-497fae80-e4b5-45b5-b3c8-545e48efc269/datanode-2/data/ratis/61ee6e77-5b70-48b7-868f-5f96f04ea259 has been successfully formatted.
2021-12-24 01:40:18,817 [pool-382-thread-1] INFO  ratis.ContainerStateMachine (ContainerStateMachine.java:loadSnapshot(231)) - group-5F96F04EA259: The snapshot info is null. Setting the last applied indexto:(t:0, i:~)
2021-12-24 01:40:18,818 [pool-382-thread-1] INFO  server.RaftServerConfigKeys (ConfUtils.java:logGet(44)) - raft.server.notification.no-leader.timeout = 300s (custom)
2021-12-24 01:40:18,818 [pool-382-thread-1] INFO  server.RaftServerConfigKeys (ConfUtils.java:logGet(44)) - raft.server.log.use.memory = false (default)
2021-12-24 01:40:18,818 [pool-382-thread-1] INFO  server.RaftServerConfigKeys (ConfUtils.java:logGet(44)) - raft.server.log.purge.gap = 1000000 (custom)
2021-12-24 01:40:18,818 [pool-382-thread-1] INFO  server.RaftServerConfigKeys (ConfUtils.java:logGet(44)) - raft.server.log.appender.buffer.byte-limit = 33554432 (custom)
2021-12-24 01:40:18,818 [pool-382-thread-1] INFO  server.RaftServerConfigKeys (ConfUtils.java:logGet(44)) - raft.server.log.segment.size.max = 1048576 (custom)
2021-12-24 01:40:18,819 [pool-382-thread-1] INFO  server.RaftServerConfigKeys (ConfUtils.java:logGet(44)) - raft.server.log.segment.cache.num.max = 2 (custom)
2021-12-24 01:40:18,819 [pool-382-thread-1] INFO  server.RaftServerConfigKeys (ConfUtils.java:logGet(44)) - raft.server.log.segment.cache.size.max = 200MB (=209715200) (default)
2021-12-24 01:40:18,819 [pool-382-thread-1] INFO  segmented.SegmentedRaftLogWorker (SegmentedRaftLogWorker.java:<init>(182)) - new 73856bc3-967d-4281-b6ba-01ee2ea9c849@group-5F96F04EA259-SegmentedRaftLogWorker for RaftStorageImpl:Storage Directory /home/runner/work/ozone/ozone/hadoop-ozone/integration-test/target/test-dir/MiniOzoneClusterImpl-497fae80-e4b5-45b5-b3c8-545e48efc269/datanode-2/data/ratis/61ee6e77-5b70-48b7-868f-5f96f04ea259
2021-12-24 01:40:18,819 [pool-382-thread-1] INFO  server.RaftServerConfigKeys (ConfUtils.java:logGet(44)) - raft.server.log.queue.byte-limit = 2147483647 (custom)
2021-12-24 01:40:18,819 [pool-382-thread-1] INFO  server.RaftServerConfigKeys (ConfUtils.java:logGet(44)) - raft.server.log.queue.element-limit = 1024 (custom)
2021-12-24 01:40:18,819 [pool-382-thread-1] INFO  server.RaftServerConfigKeys (ConfUtils.java:logGet(44)) - raft.server.log.segment.size.max = 1048576 (custom)
2021-12-24 01:40:18,819 [pool-382-thread-1] INFO  server.RaftServerConfigKeys (ConfUtils.java:logGet(44)) - raft.server.log.preallocated.size = 16384 (custom)
2021-12-24 01:40:18,819 [pool-382-thread-1] INFO  server.RaftServerConfigKeys (ConfUtils.java:logGet(44)) - raft.server.log.force.sync.num = 128 (default)
2021-12-24 01:40:18,819 [pool-382-thread-1] INFO  server.RaftServerConfigKeys (ConfUtils.java:logGet(44)) - raft.server.log.statemachine.data.sync = true (default)
2021-12-24 01:40:18,819 [pool-382-thread-1] INFO  server.RaftServerConfigKeys (ConfUtils.java:logGet(44)) - raft.server.log.statemachine.data.sync.timeout = 10s (default)
2021-12-24 01:40:18,819 [pool-382-thread-1] INFO  server.RaftServerConfigKeys (ConfUtils.java:logGet(44)) - raft.server.log.statemachine.data.sync.timeout.retry = -1 (default)
2021-12-24 01:40:18,820 [pool-382-thread-1] INFO  server.RaftServerConfigKeys (ConfUtils.java:logGet(44)) - raft.server.log.write.buffer.size = 1048576 (custom)
2021-12-24 01:40:18,821 [pool-382-thread-1] INFO  server.RaftServerConfigKeys (ConfUtils.java:logGet(44)) - raft.server.log.statemachine.data.caching.enabled = true (custom)
2021-12-24 01:40:18,821 [pool-382-thread-1] INFO  segmented.SegmentedRaftLogWorker (SegmentedRaftLogWorker.java:lambda$new$0(133)) - 73856bc3-967d-4281-b6ba-01ee2ea9c849@group-5F96F04EA259-SegmentedRaftLogWorker: flushIndex: setUnconditionally 0 -> -1
2021-12-24 01:40:18,831 [pool-382-thread-1] INFO  segmented.SegmentedRaftLogWorker (SegmentedRaftLogWorker.java:lambda$new$0(133)) - 73856bc3-967d-4281-b6ba-01ee2ea9c849@group-5F96F04EA259-SegmentedRaftLogWorker: safeCacheEvictIndex: setUnconditionally 0 -> -1
2021-12-24 01:40:18,831 [pool-382-thread-1] INFO  server.RaftServerConfigKeys (ConfUtils.java:logGet(44)) - raft.server.snapshot.auto.trigger.enabled = true (custom)
2021-12-24 01:40:18,831 [pool-382-thread-1] INFO  server.RaftServerConfigKeys (ConfUtils.java:logGet(44)) - raft.server.snapshot.auto.trigger.threshold = 10000 (custom)
2021-12-24 01:40:18,831 [pool-382-thread-1] INFO  server.RaftServerConfigKeys (ConfUtils.java:logGet(44)) - raft.server.snapshot.retention.file.num = 5 (custom)
2021-12-24 01:40:18,831 [pool-382-thread-1] INFO  server.RaftServerConfigKeys (ConfUtils.java:logGet(44)) - raft.server.log.purge.upto.snapshot.index = false (default)
2021-12-24 01:40:18,831 [pool-382-thread-1] INFO  server.RaftServerConfigKeys (ConfUtils.java:logGet(44)) - raft.server.retrycache.expirytime = 600000ms (custom)
2021-12-24 01:40:18,831 [pool-382-thread-1] INFO  server.RaftServerConfigKeys (ConfUtils.java:logGet(44)) - raft.server.retrycache.statistics.expirytime = 100μs (default)
2021-12-24 01:40:18,835 [pool-382-thread-1] INFO  server.RaftServer$Division (RaftServerImpl.java:start(301)) - 73856bc3-967d-4281-b6ba-01ee2ea9c849@group-5F96F04EA259: start as a follower, conf=-1: [73856bc3-967d-4281-b6ba-01ee2ea9c849|rpc:10.1.0.29:43861|dataStream:|priority:0, a6ce1994-28f1-4352-8016-85e6856c4196|rpc:10.1.0.29:34939|dataStream:|priority:1, 69c4d255-49bd-49b0-853d-43c713a11150|rpc:10.1.0.29:42241|dataStream:|priority:0], old=null
2021-12-24 01:40:18,835 [pool-382-thread-1] INFO  server.RaftServer$Division (RaftServerImpl.java:setRole(290)) - 73856bc3-967d-4281-b6ba-01ee2ea9c849@group-5F96F04EA259: changes role from      null to FOLLOWER at term 0 for startAsFollower
2021-12-24 01:40:18,836 [pool-382-thread-1] INFO  impl.RoleInfo (RoleInfo.java:updateAndGet(130)) - 73856bc3-967d-4281-b6ba-01ee2ea9c849: start 73856bc3-967d-4281-b6ba-01ee2ea9c849@group-5F96F04EA259-FollowerState
2021-12-24 01:40:18,846 [pool-382-thread-1] INFO  util.JmxRegister (JmxRegister.java:tryRegister(44)) - Successfully registered JMX Bean with object name Ratis:service=RaftServer,group=group-5F96F04EA259,id=73856bc3-967d-4281-b6ba-01ee2ea9c849
2021-12-24 01:40:18,909 [grpc-default-executor-0] INFO  server.RaftServer (RaftServerProxy.java:addNew(95)) - 69c4d255-49bd-49b0-853d-43c713a11150: addNew group-5F96F04EA259:[73856bc3-967d-4281-b6ba-01ee2ea9c849|rpc:10.1.0.29:43861|dataStream:|priority:0, a6ce1994-28f1-4352-8016-85e6856c4196|rpc:10.1.0.29:34939|dataStream:|priority:1, 69c4d255-49bd-49b0-853d-43c713a11150|rpc:10.1.0.29:42241|dataStream:|priority:0] returns group-5F96F04EA259:java.util.concurrent.CompletableFuture@4beb062f[Not completed]
2021-12-24 01:40:18,919 [pool-361-thread-1] INFO  server.RaftServer$Division (RaftServerImpl.java:<init>(184)) - 69c4d255-49bd-49b0-853d-43c713a11150: new RaftServerImpl for group-5F96F04EA259:[73856bc3-967d-4281-b6ba-01ee2ea9c849|rpc:10.1.0.29:43861|dataStream:|priority:0, a6ce1994-28f1-4352-8016-85e6856c4196|rpc:10.1.0.29:34939|dataStream:|priority:1, 69c4d255-49bd-49b0-853d-43c713a11150|rpc:10.1.0.29:42241|dataStream:|priority:0] with ContainerStateMachine:uninitialized
2021-12-24 01:40:18,925 [pool-361-thread-1] INFO  server.RaftServerConfigKeys (ConfUtils.java:logGet(44)) - raft.server.rpc.timeout.min = 5s (custom)
2021-12-24 01:40:18,929 [pool-361-thread-1] INFO  server.RaftServerConfigKeys (ConfUtils.java:logGet(44)) - raft.server.rpc.timeout.max = 5200ms (custom)
2021-12-24 01:40:18,929 [pool-361-thread-1] INFO  server.RaftServerConfigKeys (ConfUtils.java:logGet(44)) - raft.server.rpc.sleep.time = 25ms (default)
2021-12-24 01:40:18,929 [pool-361-thread-1] INFO  server.RaftServerConfigKeys (ConfUtils.java:logGet(44)) - raft.server.rpc.slowness.timeout = 300s (custom)
2021-12-24 01:40:18,929 [pool-361-thread-1] INFO  server.RaftServerConfigKeys (ConfUtils.java:logGet(44)) - raft.server.leaderelection.leader.step-down.wait-time = 10s (default)
2021-12-24 01:40:18,929 [pool-361-thread-1] INFO  server.RaftServerConfigKeys (ConfUtils.java:logGet(44)) - raft.server.sleep.deviation.threshold = 300ms (default)
2021-12-24 01:40:18,929 [pool-361-thread-1] INFO  server.RaftServerConfigKeys (ConfUtils.java:logGet(44)) - raft.server.log.appender.install.snapshot.enabled = false (custom)
2021-12-24 01:40:18,929 [pool-361-thread-1] INFO  server.RaftServer$Division (ServerState.java:<init>(105)) - 69c4d255-49bd-49b0-853d-43c713a11150@group-5F96F04EA259: ConfigurationManager, init=-1: [73856bc3-967d-4281-b6ba-01ee2ea9c849|rpc:10.1.0.29:43861|dataStream:|priority:0, a6ce1994-28f1-4352-8016-85e6856c4196|rpc:10.1.0.29:34939|dataStream:|priority:1, 69c4d255-49bd-49b0-853d-43c713a11150|rpc:10.1.0.29:42241|dataStream:|priority:0], old=null, confs=<EMPTY_MAP>
2021-12-24 01:40:18,929 [pool-361-thread-1] INFO  server.RaftServerConfigKeys (ConfUtils.java:logGet(44)) - raft.server.storage.dir = [/home/runner/work/ozone/ozone/hadoop-ozone/integration-test/target/test-dir/MiniOzoneClusterImpl-497fae80-e4b5-45b5-b3c8-545e48efc269/datanode-1/data/ratis] (custom)
2021-12-24 01:40:18,930 [pool-361-thread-1] INFO  server.RaftServerConfigKeys (ConfUtils.java:logGet(44)) - raft.server.log.corruption.policy = EXCEPTION (default)
2021-12-24 01:40:18,930 [pool-361-thread-1] INFO  server.RaftServerConfigKeys (ConfUtils.java:logGet(44)) - raft.server.storage.free-space.min = 0MB (=0) (default)
2021-12-24 01:40:18,930 [pool-361-thread-1] INFO  storage.RaftStorageDirectory (RaftStorageDirectoryImpl.java:analyzeStorage(135)) - The storage directory /home/runner/work/ozone/ozone/hadoop-ozone/integration-test/target/test-dir/MiniOzoneClusterImpl-497fae80-e4b5-45b5-b3c8-545e48efc269/datanode-1/data/ratis/61ee6e77-5b70-48b7-868f-5f96f04ea259 does not exist. Creating ...
2021-12-24 01:40:18,932 [pool-361-thread-1] INFO  storage.RaftStorageDirectory (RaftStorageDirectoryImpl.java:tryLock(230)) - Lock on /home/runner/work/ozone/ozone/hadoop-ozone/integration-test/target/test-dir/MiniOzoneClusterImpl-497fae80-e4b5-45b5-b3c8-545e48efc269/datanode-1/data/ratis/61ee6e77-5b70-48b7-868f-5f96f04ea259/in_use.lock acquired by nodename 17223@fv-az116-279
2021-12-24 01:40:18,938 [pool-361-thread-1] INFO  storage.RaftStorage (RaftStorageImpl.java:format(89)) - Storage directory /home/runner/work/ozone/ozone/hadoop-ozone/integration-test/target/test-dir/MiniOzoneClusterImpl-497fae80-e4b5-45b5-b3c8-545e48efc269/datanode-1/data/ratis/61ee6e77-5b70-48b7-868f-5f96f04ea259 has been successfully formatted.
2021-12-24 01:40:18,939 [pool-361-thread-1] INFO  ratis.ContainerStateMachine (ContainerStateMachine.java:loadSnapshot(231)) - group-5F96F04EA259: The snapshot info is null. Setting the last applied indexto:(t:0, i:~)
2021-12-24 01:40:18,939 [pool-361-thread-1] INFO  server.RaftServerConfigKeys (ConfUtils.java:logGet(44)) - raft.server.notification.no-leader.timeout = 300s (custom)
2021-12-24 01:40:18,939 [pool-361-thread-1] INFO  server.RaftServerConfigKeys (ConfUtils.java:logGet(44)) - raft.server.log.use.memory = false (default)
2021-12-24 01:40:18,940 [pool-361-thread-1] INFO  server.RaftServerConfigKeys (ConfUtils.java:logGet(44)) - raft.server.log.purge.gap = 1000000 (custom)
2021-12-24 01:40:18,940 [pool-361-thread-1] INFO  server.RaftServerConfigKeys (ConfUtils.java:logGet(44)) - raft.server.log.appender.buffer.byte-limit = 33554432 (custom)
2021-12-24 01:40:18,940 [pool-361-thread-1] INFO  server.RaftServerConfigKeys (ConfUtils.java:logGet(44)) - raft.server.log.segment.size.max = 1048576 (custom)
2021-12-24 01:40:18,940 [pool-361-thread-1] INFO  server.RaftServerConfigKeys (ConfUtils.java:logGet(44)) - raft.server.log.segment.cache.num.max = 2 (custom)
2021-12-24 01:40:18,940 [pool-361-thread-1] INFO  server.RaftServerConfigKeys (ConfUtils.java:logGet(44)) - raft.server.log.segment.cache.size.max = 200MB (=209715200) (default)
2021-12-24 01:40:18,941 [pool-361-thread-1] INFO  segmented.SegmentedRaftLogWorker (SegmentedRaftLogWorker.java:<init>(182)) - new 69c4d255-49bd-49b0-853d-43c713a11150@group-5F96F04EA259-SegmentedRaftLogWorker for RaftStorageImpl:Storage Directory /home/runner/work/ozone/ozone/hadoop-ozone/integration-test/target/test-dir/MiniOzoneClusterImpl-497fae80-e4b5-45b5-b3c8-545e48efc269/datanode-1/data/ratis/61ee6e77-5b70-48b7-868f-5f96f04ea259
2021-12-24 01:40:18,941 [pool-361-thread-1] INFO  server.RaftServerConfigKeys (ConfUtils.java:logGet(44)) - raft.server.log.queue.byte-limit = 2147483647 (custom)
2021-12-24 01:40:18,941 [pool-361-thread-1] INFO  server.RaftServerConfigKeys (ConfUtils.java:logGet(44)) - raft.server.log.queue.element-limit = 1024 (custom)
2021-12-24 01:40:18,941 [pool-361-thread-1] INFO  server.RaftServerConfigKeys (ConfUtils.java:logGet(44)) - raft.server.log.segment.size.max = 1048576 (custom)
2021-12-24 01:40:18,941 [pool-361-thread-1] INFO  server.RaftServerConfigKeys (ConfUtils.java:logGet(44)) - raft.server.log.preallocated.size = 16384 (custom)
2021-12-24 01:40:18,941 [pool-361-thread-1] INFO  server.RaftServerConfigKeys (ConfUtils.java:logGet(44)) - raft.server.log.force.sync.num = 128 (default)
2021-12-24 01:40:18,941 [pool-361-thread-1] INFO  server.RaftServerConfigKeys (ConfUtils.java:logGet(44)) - raft.server.log.statemachine.data.sync = true (default)
2021-12-24 01:40:18,941 [pool-361-thread-1] INFO  server.RaftServerConfigKeys (ConfUtils.java:logGet(44)) - raft.server.log.statemachine.data.sync.timeout = 10s (default)
2021-12-24 01:40:18,941 [pool-361-thread-1] INFO  server.RaftServerConfigKeys (ConfUtils.java:logGet(44)) - raft.server.log.statemachine.data.sync.timeout.retry = -1 (default)
2021-12-24 01:40:18,942 [pool-361-thread-1] INFO  server.RaftServerConfigKeys (ConfUtils.java:logGet(44)) - raft.server.log.write.buffer.size = 1048576 (custom)
2021-12-24 01:40:18,943 [pool-361-thread-1] INFO  server.RaftServerConfigKeys (ConfUtils.java:logGet(44)) - raft.server.log.statemachine.data.caching.enabled = true (custom)
2021-12-24 01:40:18,943 [pool-361-thread-1] INFO  segmented.SegmentedRaftLogWorker (SegmentedRaftLogWorker.java:lambda$new$0(133)) - 69c4d255-49bd-49b0-853d-43c713a11150@group-5F96F04EA259-SegmentedRaftLogWorker: flushIndex: setUnconditionally 0 -> -1
2021-12-24 01:40:18,943 [pool-361-thread-1] INFO  segmented.SegmentedRaftLogWorker (SegmentedRaftLogWorker.java:lambda$new$0(133)) - 69c4d255-49bd-49b0-853d-43c713a11150@group-5F96F04EA259-SegmentedRaftLogWorker: safeCacheEvictIndex: setUnconditionally 0 -> -1
2021-12-24 01:40:18,944 [pool-361-thread-1] INFO  server.RaftServerConfigKeys (ConfUtils.java:logGet(44)) - raft.server.snapshot.auto.trigger.enabled = true (custom)
2021-12-24 01:40:18,944 [pool-361-thread-1] INFO  server.RaftServerConfigKeys (ConfUtils.java:logGet(44)) - raft.server.snapshot.auto.trigger.threshold = 10000 (custom)
2021-12-24 01:40:18,944 [pool-361-thread-1] INFO  server.RaftServerConfigKeys (ConfUtils.java:logGet(44)) - raft.server.snapshot.retention.file.num = 5 (custom)
2021-12-24 01:40:18,944 [pool-361-thread-1] INFO  server.RaftServerConfigKeys (ConfUtils.java:logGet(44)) - raft.server.log.purge.upto.snapshot.index = false (default)
2021-12-24 01:40:18,944 [pool-361-thread-1] INFO  server.RaftServerConfigKeys (ConfUtils.java:logGet(44)) - raft.server.retrycache.expirytime = 600000ms (custom)
2021-12-24 01:40:18,944 [pool-361-thread-1] INFO  server.RaftServerConfigKeys (ConfUtils.java:logGet(44)) - raft.server.retrycache.statistics.expirytime = 100μs (default)
2021-12-24 01:40:18,945 [pool-361-thread-1] INFO  server.RaftServer$Division (RaftServerImpl.java:start(301)) - 69c4d255-49bd-49b0-853d-43c713a11150@group-5F96F04EA259: start as a follower, conf=-1: [73856bc3-967d-4281-b6ba-01ee2ea9c849|rpc:10.1.0.29:43861|dataStream:|priority:0, a6ce1994-28f1-4352-8016-85e6856c4196|rpc:10.1.0.29:34939|dataStream:|priority:1, 69c4d255-49bd-49b0-853d-43c713a11150|rpc:10.1.0.29:42241|dataStream:|priority:0], old=null
2021-12-24 01:40:18,965 [pool-361-thread-1] INFO  server.RaftServer$Division (RaftServerImpl.java:setRole(290)) - 69c4d255-49bd-49b0-853d-43c713a11150@group-5F96F04EA259: changes role from      null to FOLLOWER at term 0 for startAsFollower
2021-12-24 01:40:18,966 [pool-361-thread-1] INFO  impl.RoleInfo (RoleInfo.java:updateAndGet(130)) - 69c4d255-49bd-49b0-853d-43c713a11150: start 69c4d255-49bd-49b0-853d-43c713a11150@group-5F96F04EA259-FollowerState
2021-12-24 01:40:18,973 [pool-361-thread-1] INFO  util.JmxRegister (JmxRegister.java:tryRegister(44)) - Successfully registered JMX Bean with object name Ratis:service=RaftServer,group=group-5F96F04EA259,id=69c4d255-49bd-49b0-853d-43c713a11150
2021-12-24 01:40:19,006 [Command processor thread] INFO  commandhandler.CreatePipelineCommandHandler (CreatePipelineCommandHandler.java:handle(106)) - Created Pipeline RATIS THREE PipelineID=61ee6e77-5b70-48b7-868f-5f96f04ea259.
2021-12-24 01:40:19,022 [Command processor thread] INFO  server.RaftServer (RaftServerProxy.java:addNew(95)) - a6ce1994-28f1-4352-8016-85e6856c4196: addNew group-8AC3CA907AAE:[73856bc3-967d-4281-b6ba-01ee2ea9c849|rpc:10.1.0.29:43861|priority:0, a6ce1994-28f1-4352-8016-85e6856c4196|rpc:10.1.0.29:34939|priority:0, 69c4d255-49bd-49b0-853d-43c713a11150|rpc:10.1.0.29:42241|priority:1] returns group-8AC3CA907AAE:java.util.concurrent.CompletableFuture@58aba84b[Not completed]
2021-12-24 01:40:19,023 [pool-340-thread-1] INFO  server.RaftServer$Division (RaftServerImpl.java:<init>(184)) - a6ce1994-28f1-4352-8016-85e6856c4196: new RaftServerImpl for group-8AC3CA907AAE:[73856bc3-967d-4281-b6ba-01ee2ea9c849|rpc:10.1.0.29:43861|priority:0, a6ce1994-28f1-4352-8016-85e6856c4196|rpc:10.1.0.29:34939|priority:0, 69c4d255-49bd-49b0-853d-43c713a11150|rpc:10.1.0.29:42241|priority:1] with ContainerStateMachine:uninitialized
2021-12-24 01:40:19,023 [pool-340-thread-1] INFO  server.RaftServerConfigKeys (ConfUtils.java:logGet(44)) - raft.server.rpc.timeout.min = 5s (custom)
2021-12-24 01:40:19,023 [pool-340-thread-1] INFO  server.RaftServerConfigKeys (ConfUtils.java:logGet(44)) - raft.server.rpc.timeout.max = 5200ms (custom)
2021-12-24 01:40:19,023 [pool-340-thread-1] INFO  server.RaftServerConfigKeys (ConfUtils.java:logGet(44)) - raft.server.rpc.sleep.time = 25ms (default)
2021-12-24 01:40:19,023 [pool-340-thread-1] INFO  server.RaftServerConfigKeys (ConfUtils.java:logGet(44)) - raft.server.rpc.slowness.timeout = 300s (custom)
2021-12-24 01:40:19,023 [pool-340-thread-1] INFO  server.RaftServerConfigKeys (ConfUtils.java:logGet(44)) - raft.server.leaderelection.leader.step-down.wait-time = 10s (default)
2021-12-24 01:40:19,023 [pool-340-thread-1] INFO  server.RaftServerConfigKeys (ConfUtils.java:logGet(44)) - raft.server.sleep.deviation.threshold = 300ms (default)
2021-12-24 01:40:19,023 [pool-340-thread-1] INFO  server.RaftServerConfigKeys (ConfUtils.java:logGet(44)) - raft.server.log.appender.install.snapshot.enabled = false (custom)
2021-12-24 01:40:19,024 [pool-340-thread-1] INFO  server.RaftServer$Division (ServerState.java:<init>(105)) - a6ce1994-28f1-4352-8016-85e6856c4196@group-8AC3CA907AAE: ConfigurationManager, init=-1: [73856bc3-967d-4281-b6ba-01ee2ea9c849|rpc:10.1.0.29:43861|priority:0, a6ce1994-28f1-4352-8016-85e6856c4196|rpc:10.1.0.29:34939|priority:0, 69c4d255-49bd-49b0-853d-43c713a11150|rpc:10.1.0.29:42241|priority:1], old=null, confs=<EMPTY_MAP>
2021-12-24 01:40:19,024 [pool-340-thread-1] INFO  server.RaftServerConfigKeys (ConfUtils.java:logGet(44)) - raft.server.storage.dir = [/home/runner/work/ozone/ozone/hadoop-ozone/integration-test/target/test-dir/MiniOzoneClusterImpl-497fae80-e4b5-45b5-b3c8-545e48efc269/datanode-0/data/ratis] (custom)
2021-12-24 01:40:19,024 [pool-340-thread-1] INFO  server.RaftServerConfigKeys (ConfUtils.java:logGet(44)) - raft.server.log.corruption.policy = EXCEPTION (default)
2021-12-24 01:40:19,024 [pool-340-thread-1] INFO  server.RaftServerConfigKeys (ConfUtils.java:logGet(44)) - raft.server.storage.free-space.min = 0MB (=0) (default)
2021-12-24 01:40:19,024 [pool-340-thread-1] INFO  storage.RaftStorageDirectory (RaftStorageDirectoryImpl.java:analyzeStorage(135)) - The storage directory /home/runner/work/ozone/ozone/hadoop-ozone/integration-test/target/test-dir/MiniOzoneClusterImpl-497fae80-e4b5-45b5-b3c8-545e48efc269/datanode-0/data/ratis/c9bfafbb-0953-419c-be7b-8ac3ca907aae does not exist. Creating ...
2021-12-24 01:40:19,026 [pool-340-thread-1] INFO  storage.RaftStorageDirectory (RaftStorageDirectoryImpl.java:tryLock(230)) - Lock on /home/runner/work/ozone/ozone/hadoop-ozone/integration-test/target/test-dir/MiniOzoneClusterImpl-497fae80-e4b5-45b5-b3c8-545e48efc269/datanode-0/data/ratis/c9bfafbb-0953-419c-be7b-8ac3ca907aae/in_use.lock acquired by nodename 17223@fv-az116-279
2021-12-24 01:40:19,028 [pool-340-thread-1] INFO  storage.RaftStorage (RaftStorageImpl.java:format(89)) - Storage directory /home/runner/work/ozone/ozone/hadoop-ozone/integration-test/target/test-dir/MiniOzoneClusterImpl-497fae80-e4b5-45b5-b3c8-545e48efc269/datanode-0/data/ratis/c9bfafbb-0953-419c-be7b-8ac3ca907aae has been successfully formatted.
2021-12-24 01:40:19,028 [pool-340-thread-1] INFO  ratis.ContainerStateMachine (ContainerStateMachine.java:loadSnapshot(231)) - group-8AC3CA907AAE: The snapshot info is null. Setting the last applied indexto:(t:0, i:~)
2021-12-24 01:40:19,028 [pool-340-thread-1] INFO  server.RaftServerConfigKeys (ConfUtils.java:logGet(44)) - raft.server.notification.no-leader.timeout = 300s (custom)
2021-12-24 01:40:19,028 [pool-340-thread-1] INFO  server.RaftServerConfigKeys (ConfUtils.java:logGet(44)) - raft.server.log.use.memory = false (default)
2021-12-24 01:40:19,028 [pool-340-thread-1] INFO  server.RaftServerConfigKeys (ConfUtils.java:logGet(44)) - raft.server.log.purge.gap = 1000000 (custom)
2021-12-24 01:40:19,029 [pool-340-thread-1] INFO  server.RaftServerConfigKeys (ConfUtils.java:logGet(44)) - raft.server.log.appender.buffer.byte-limit = 33554432 (custom)
2021-12-24 01:40:19,029 [pool-340-thread-1] INFO  server.RaftServerConfigKeys (ConfUtils.java:logGet(44)) - raft.server.log.segment.size.max = 1048576 (custom)
2021-12-24 01:40:19,029 [pool-340-thread-1] INFO  server.RaftServerConfigKeys (ConfUtils.java:logGet(44)) - raft.server.log.segment.cache.num.max = 2 (custom)
2021-12-24 01:40:19,029 [pool-340-thread-1] INFO  server.RaftServerConfigKeys (ConfUtils.java:logGet(44)) - raft.server.log.segment.cache.size.max = 200MB (=209715200) (default)
2021-12-24 01:40:19,029 [pool-340-thread-1] INFO  segmented.SegmentedRaftLogWorker (SegmentedRaftLogWorker.java:<init>(182)) - new a6ce1994-28f1-4352-8016-85e6856c4196@group-8AC3CA907AAE-SegmentedRaftLogWorker for RaftStorageImpl:Storage Directory /home/runner/work/ozone/ozone/hadoop-ozone/integration-test/target/test-dir/MiniOzoneClusterImpl-497fae80-e4b5-45b5-b3c8-545e48efc269/datanode-0/data/ratis/c9bfafbb-0953-419c-be7b-8ac3ca907aae
2021-12-24 01:40:19,029 [pool-340-thread-1] INFO  server.RaftServerConfigKeys (ConfUtils.java:logGet(44)) - raft.server.log.queue.byte-limit = 2147483647 (custom)
2021-12-24 01:40:19,029 [pool-340-thread-1] INFO  server.RaftServerConfigKeys (ConfUtils.java:logGet(44)) - raft.server.log.queue.element-limit = 1024 (custom)
2021-12-24 01:40:19,029 [pool-340-thread-1] INFO  server.RaftServerConfigKeys (ConfUtils.java:logGet(44)) - raft.server.log.segment.size.max = 1048576 (custom)
2021-12-24 01:40:19,029 [pool-340-thread-1] INFO  server.RaftServerConfigKeys (ConfUtils.java:logGet(44)) - raft.server.log.preallocated.size = 16384 (custom)
2021-12-24 01:40:19,030 [pool-340-thread-1] INFO  server.RaftServerConfigKeys (ConfUtils.java:logGet(44)) - raft.server.log.force.sync.num = 128 (default)
2021-12-24 01:40:19,030 [pool-340-thread-1] INFO  server.RaftServerConfigKeys (ConfUtils.java:logGet(44)) - raft.server.log.statemachine.data.sync = true (default)
2021-12-24 01:40:19,030 [pool-340-thread-1] INFO  server.RaftServerConfigKeys (ConfUtils.java:logGet(44)) - raft.server.log.statemachine.data.sync.timeout = 10s (default)
2021-12-24 01:40:19,030 [pool-340-thread-1] INFO  server.RaftServerConfigKeys (ConfUtils.java:logGet(44)) - raft.server.log.statemachine.data.sync.timeout.retry = -1 (default)
2021-12-24 01:40:19,031 [pool-340-thread-1] INFO  server.RaftServerConfigKeys (ConfUtils.java:logGet(44)) - raft.server.log.write.buffer.size = 1048576 (custom)
2021-12-24 01:40:19,031 [pool-340-thread-1] INFO  server.RaftServerConfigKeys (ConfUtils.java:logGet(44)) - raft.server.log.statemachine.data.caching.enabled = true (custom)
2021-12-24 01:40:19,031 [pool-340-thread-1] INFO  segmented.SegmentedRaftLogWorker (SegmentedRaftLogWorker.java:lambda$new$0(133)) - a6ce1994-28f1-4352-8016-85e6856c4196@group-8AC3CA907AAE-SegmentedRaftLogWorker: flushIndex: setUnconditionally 0 -> -1
2021-12-24 01:40:19,031 [pool-340-thread-1] INFO  segmented.SegmentedRaftLogWorker (SegmentedRaftLogWorker.java:lambda$new$0(133)) - a6ce1994-28f1-4352-8016-85e6856c4196@group-8AC3CA907AAE-SegmentedRaftLogWorker: safeCacheEvictIndex: setUnconditionally 0 -> -1
2021-12-24 01:40:19,032 [EventQueue-OpenPipelineForHealthyPipelineSafeModeRule] INFO  safemode.SCMSafeModeManager (HealthyPipelineSafeModeRule.java:process(124)) - SCM in safe mode. Healthy pipelines reported count is 0, required healthy pipeline reported count is 1
2021-12-24 01:40:19,036 [pool-340-thread-1] INFO  server.RaftServerConfigKeys (ConfUtils.java:logGet(44)) - raft.server.snapshot.auto.trigger.enabled = true (custom)
2021-12-24 01:40:19,036 [pool-340-thread-1] INFO  server.RaftServerConfigKeys (ConfUtils.java:logGet(44)) - raft.server.snapshot.auto.trigger.threshold = 10000 (custom)
2021-12-24 01:40:19,036 [pool-340-thread-1] INFO  server.RaftServerConfigKeys (ConfUtils.java:logGet(44)) - raft.server.snapshot.retention.file.num = 5 (custom)
2021-12-24 01:40:19,036 [pool-340-thread-1] INFO  server.RaftServerConfigKeys (ConfUtils.java:logGet(44)) - raft.server.log.purge.upto.snapshot.index = false (default)
2021-12-24 01:40:19,036 [pool-340-thread-1] INFO  server.RaftServerConfigKeys (ConfUtils.java:logGet(44)) - raft.server.retrycache.expirytime = 600000ms (custom)
2021-12-24 01:40:19,036 [pool-340-thread-1] INFO  server.RaftServerConfigKeys (ConfUtils.java:logGet(44)) - raft.server.retrycache.statistics.expirytime = 100μs (default)
2021-12-24 01:40:19,037 [pool-340-thread-1] INFO  server.RaftServer$Division (RaftServerImpl.java:start(301)) - a6ce1994-28f1-4352-8016-85e6856c4196@group-8AC3CA907AAE: start as a follower, conf=-1: [73856bc3-967d-4281-b6ba-01ee2ea9c849|rpc:10.1.0.29:43861|priority:0, a6ce1994-28f1-4352-8016-85e6856c4196|rpc:10.1.0.29:34939|priority:0, 69c4d255-49bd-49b0-853d-43c713a11150|rpc:10.1.0.29:42241|priority:1], old=null
2021-12-24 01:40:19,038 [pool-340-thread-1] INFO  server.RaftServer$Division (RaftServerImpl.java:setRole(290)) - a6ce1994-28f1-4352-8016-85e6856c4196@group-8AC3CA907AAE: changes role from      null to FOLLOWER at term 0 for startAsFollower
2021-12-24 01:40:19,038 [pool-340-thread-1] INFO  impl.RoleInfo (RoleInfo.java:updateAndGet(130)) - a6ce1994-28f1-4352-8016-85e6856c4196: start a6ce1994-28f1-4352-8016-85e6856c4196@group-8AC3CA907AAE-FollowerState
2021-12-24 01:40:19,041 [pool-340-thread-1] INFO  util.JmxRegister (JmxRegister.java:tryRegister(44)) - Successfully registered JMX Bean with object name Ratis:service=RaftServer,group=group-8AC3CA907AAE,id=a6ce1994-28f1-4352-8016-85e6856c4196
2021-12-24 01:40:19,044 [Command processor thread] INFO  ratis.XceiverServerRatis (XceiverServerRatis.java:addGroup(768)) - Created group PipelineID=c9bfafbb-0953-419c-be7b-8ac3ca907aae
2021-12-24 01:40:19,067 [grpc-default-executor-0] INFO  server.RaftServer (RaftServerProxy.java:addNew(95)) - 73856bc3-967d-4281-b6ba-01ee2ea9c849: addNew group-8AC3CA907AAE:[73856bc3-967d-4281-b6ba-01ee2ea9c849|rpc:10.1.0.29:43861|dataStream:|priority:0, a6ce1994-28f1-4352-8016-85e6856c4196|rpc:10.1.0.29:34939|dataStream:|priority:0, 69c4d255-49bd-49b0-853d-43c713a11150|rpc:10.1.0.29:42241|dataStream:|priority:1] returns group-8AC3CA907AAE:java.util.concurrent.CompletableFuture@5a216b2c[Not completed]
2021-12-24 01:40:19,068 [pool-382-thread-1] INFO  server.RaftServer$Division (RaftServerImpl.java:<init>(184)) - 73856bc3-967d-4281-b6ba-01ee2ea9c849: new RaftServerImpl for group-8AC3CA907AAE:[73856bc3-967d-4281-b6ba-01ee2ea9c849|rpc:10.1.0.29:43861|dataStream:|priority:0, a6ce1994-28f1-4352-8016-85e6856c4196|rpc:10.1.0.29:34939|dataStream:|priority:0, 69c4d255-49bd-49b0-853d-43c713a11150|rpc:10.1.0.29:42241|dataStream:|priority:1] with ContainerStateMachine:uninitialized
2021-12-24 01:40:19,068 [pool-382-thread-1] INFO  server.RaftServerConfigKeys (ConfUtils.java:logGet(44)) - raft.server.rpc.timeout.min = 5s (custom)
2021-12-24 01:40:19,068 [pool-382-thread-1] INFO  server.RaftServerConfigKeys (ConfUtils.java:logGet(44)) - raft.server.rpc.timeout.max = 5200ms (custom)
2021-12-24 01:40:19,069 [pool-382-thread-1] INFO  server.RaftServerConfigKeys (ConfUtils.java:logGet(44)) - raft.server.rpc.sleep.time = 25ms (default)
2021-12-24 01:40:19,069 [pool-382-thread-1] INFO  server.RaftServerConfigKeys (ConfUtils.java:logGet(44)) - raft.server.rpc.slowness.timeout = 300s (custom)
2021-12-24 01:40:19,069 [pool-382-thread-1] INFO  server.RaftServerConfigKeys (ConfUtils.java:logGet(44)) - raft.server.leaderelection.leader.step-down.wait-time = 10s (default)
2021-12-24 01:40:19,069 [pool-382-thread-1] INFO  server.RaftServerConfigKeys (ConfUtils.java:logGet(44)) - raft.server.sleep.deviation.threshold = 300ms (default)
2021-12-24 01:40:19,069 [pool-382-thread-1] INFO  server.RaftServerConfigKeys (ConfUtils.java:logGet(44)) - raft.server.log.appender.install.snapshot.enabled = false (custom)
2021-12-24 01:40:19,069 [pool-382-thread-1] INFO  server.RaftServer$Division (ServerState.java:<init>(105)) - 73856bc3-967d-4281-b6ba-01ee2ea9c849@group-8AC3CA907AAE: ConfigurationManager, init=-1: [73856bc3-967d-4281-b6ba-01ee2ea9c849|rpc:10.1.0.29:43861|dataStream:|priority:0, a6ce1994-28f1-4352-8016-85e6856c4196|rpc:10.1.0.29:34939|dataStream:|priority:0, 69c4d255-49bd-49b0-853d-43c713a11150|rpc:10.1.0.29:42241|dataStream:|priority:1], old=null, confs=<EMPTY_MAP>
2021-12-24 01:40:19,069 [pool-382-thread-1] INFO  server.RaftServerConfigKeys (ConfUtils.java:logGet(44)) - raft.server.storage.dir = [/home/runner/work/ozone/ozone/hadoop-ozone/integration-test/target/test-dir/MiniOzoneClusterImpl-497fae80-e4b5-45b5-b3c8-545e48efc269/datanode-2/data/ratis] (custom)
2021-12-24 01:40:19,069 [pool-382-thread-1] INFO  server.RaftServerConfigKeys (ConfUtils.java:logGet(44)) - raft.server.log.corruption.policy = EXCEPTION (default)
2021-12-24 01:40:19,069 [pool-382-thread-1] INFO  server.RaftServerConfigKeys (ConfUtils.java:logGet(44)) - raft.server.storage.free-space.min = 0MB (=0) (default)
2021-12-24 01:40:19,069 [pool-382-thread-1] INFO  storage.RaftStorageDirectory (RaftStorageDirectoryImpl.java:analyzeStorage(135)) - The storage directory /home/runner/work/ozone/ozone/hadoop-ozone/integration-test/target/test-dir/MiniOzoneClusterImpl-497fae80-e4b5-45b5-b3c8-545e48efc269/datanode-2/data/ratis/c9bfafbb-0953-419c-be7b-8ac3ca907aae does not exist. Creating ...
2021-12-24 01:40:19,072 [pool-382-thread-1] INFO  storage.RaftStorageDirectory (RaftStorageDirectoryImpl.java:tryLock(230)) - Lock on /home/runner/work/ozone/ozone/hadoop-ozone/integration-test/target/test-dir/MiniOzoneClusterImpl-497fae80-e4b5-45b5-b3c8-545e48efc269/datanode-2/data/ratis/c9bfafbb-0953-419c-be7b-8ac3ca907aae/in_use.lock acquired by nodename 17223@fv-az116-279
2021-12-24 01:40:19,079 [pool-382-thread-1] INFO  storage.RaftStorage (RaftStorageImpl.java:format(89)) - Storage directory /home/runner/work/ozone/ozone/hadoop-ozone/integration-test/target/test-dir/MiniOzoneClusterImpl-497fae80-e4b5-45b5-b3c8-545e48efc269/datanode-2/data/ratis/c9bfafbb-0953-419c-be7b-8ac3ca907aae has been successfully formatted.
2021-12-24 01:40:19,079 [pool-382-thread-1] INFO  ratis.ContainerStateMachine (ContainerStateMachine.java:loadSnapshot(231)) - group-8AC3CA907AAE: The snapshot info is null. Setting the last applied indexto:(t:0, i:~)
2021-12-24 01:40:19,079 [pool-382-thread-1] INFO  server.RaftServerConfigKeys (ConfUtils.java:logGet(44)) - raft.server.notification.no-leader.timeout = 300s (custom)
2021-12-24 01:40:19,079 [pool-382-thread-1] INFO  server.RaftServerConfigKeys (ConfUtils.java:logGet(44)) - raft.server.log.use.memory = false (default)
2021-12-24 01:40:19,080 [pool-382-thread-1] INFO  server.RaftServerConfigKeys (ConfUtils.java:logGet(44)) - raft.server.log.purge.gap = 1000000 (custom)
2021-12-24 01:40:19,080 [pool-382-thread-1] INFO  server.RaftServerConfigKeys (ConfUtils.java:logGet(44)) - raft.server.log.appender.buffer.byte-limit = 33554432 (custom)
2021-12-24 01:40:19,080 [pool-382-thread-1] INFO  server.RaftServerConfigKeys (ConfUtils.java:logGet(44)) - raft.server.log.segment.size.max = 1048576 (custom)
2021-12-24 01:40:19,080 [pool-382-thread-1] INFO  server.RaftServerConfigKeys (ConfUtils.java:logGet(44)) - raft.server.log.segment.cache.num.max = 2 (custom)
2021-12-24 01:40:19,080 [pool-382-thread-1] INFO  server.RaftServerConfigKeys (ConfUtils.java:logGet(44)) - raft.server.log.segment.cache.size.max = 200MB (=209715200) (default)
2021-12-24 01:40:19,080 [pool-382-thread-1] INFO  segmented.SegmentedRaftLogWorker (SegmentedRaftLogWorker.java:<init>(182)) - new 73856bc3-967d-4281-b6ba-01ee2ea9c849@group-8AC3CA907AAE-SegmentedRaftLogWorker for RaftStorageImpl:Storage Directory /home/runner/work/ozone/ozone/hadoop-ozone/integration-test/target/test-dir/MiniOzoneClusterImpl-497fae80-e4b5-45b5-b3c8-545e48efc269/datanode-2/data/ratis/c9bfafbb-0953-419c-be7b-8ac3ca907aae
2021-12-24 01:40:19,080 [pool-382-thread-1] INFO  server.RaftServerConfigKeys (ConfUtils.java:logGet(44)) - raft.server.log.queue.byte-limit = 2147483647 (custom)
2021-12-24 01:40:19,081 [pool-382-thread-1] INFO  server.RaftServerConfigKeys (ConfUtils.java:logGet(44)) - raft.server.log.queue.element-limit = 1024 (custom)
2021-12-24 01:40:19,081 [pool-382-thread-1] INFO  server.RaftServerConfigKeys (ConfUtils.java:logGet(44)) - raft.server.log.segment.size.max = 1048576 (custom)
2021-12-24 01:40:19,081 [pool-382-thread-1] INFO  server.RaftServerConfigKeys (ConfUtils.java:logGet(44)) - raft.server.log.preallocated.size = 16384 (custom)
2021-12-24 01:40:19,081 [pool-382-thread-1] INFO  server.RaftServerConfigKeys (ConfUtils.java:logGet(44)) - raft.server.log.force.sync.num = 128 (default)
2021-12-24 01:40:19,081 [pool-382-thread-1] INFO  server.RaftServerConfigKeys (ConfUtils.java:logGet(44)) - raft.server.log.statemachine.data.sync = true (default)
2021-12-24 01:40:19,081 [pool-382-thread-1] INFO  server.RaftServerConfigKeys (ConfUtils.java:logGet(44)) - raft.server.log.statemachine.data.sync.timeout = 10s (default)
2021-12-24 01:40:19,081 [pool-382-thread-1] INFO  server.RaftServerConfigKeys (ConfUtils.java:logGet(44)) - raft.server.log.statemachine.data.sync.timeout.retry = -1 (default)
2021-12-24 01:40:19,082 [pool-382-thread-1] INFO  server.RaftServerConfigKeys (ConfUtils.java:logGet(44)) - raft.server.log.write.buffer.size = 1048576 (custom)
2021-12-24 01:40:19,094 [pool-382-thread-1] INFO  server.RaftServerConfigKeys (ConfUtils.java:logGet(44)) - raft.server.log.statemachine.data.caching.enabled = true (custom)
2021-12-24 01:40:19,094 [pool-382-thread-1] INFO  segmented.SegmentedRaftLogWorker (SegmentedRaftLogWorker.java:lambda$new$0(133)) - 73856bc3-967d-4281-b6ba-01ee2ea9c849@group-8AC3CA907AAE-SegmentedRaftLogWorker: flushIndex: setUnconditionally 0 -> -1
2021-12-24 01:40:19,094 [pool-382-thread-1] INFO  segmented.SegmentedRaftLogWorker (SegmentedRaftLogWorker.java:lambda$new$0(133)) - 73856bc3-967d-4281-b6ba-01ee2ea9c849@group-8AC3CA907AAE-SegmentedRaftLogWorker: safeCacheEvictIndex: setUnconditionally 0 -> -1
2021-12-24 01:40:19,098 [pool-382-thread-1] INFO  server.RaftServerConfigKeys (ConfUtils.java:logGet(44)) - raft.server.snapshot.auto.trigger.enabled = true (custom)
2021-12-24 01:40:19,098 [pool-382-thread-1] INFO  server.RaftServerConfigKeys (ConfUtils.java:logGet(44)) - raft.server.snapshot.auto.trigger.threshold = 10000 (custom)
2021-12-24 01:40:19,098 [pool-382-thread-1] INFO  server.RaftServerConfigKeys (ConfUtils.java:logGet(44)) - raft.server.snapshot.retention.file.num = 5 (custom)
2021-12-24 01:40:19,098 [pool-382-thread-1] INFO  server.RaftServerConfigKeys (ConfUtils.java:logGet(44)) - raft.server.log.purge.upto.snapshot.index = false (default)
2021-12-24 01:40:19,098 [pool-382-thread-1] INFO  server.RaftServerConfigKeys (ConfUtils.java:logGet(44)) - raft.server.retrycache.expirytime = 600000ms (custom)
2021-12-24 01:40:19,098 [pool-382-thread-1] INFO  server.RaftServerConfigKeys (ConfUtils.java:logGet(44)) - raft.server.retrycache.statistics.expirytime = 100μs (default)
2021-12-24 01:40:19,099 [pool-382-thread-1] INFO  server.RaftServer$Division (RaftServerImpl.java:start(301)) - 73856bc3-967d-4281-b6ba-01ee2ea9c849@group-8AC3CA907AAE: start as a follower, conf=-1: [73856bc3-967d-4281-b6ba-01ee2ea9c849|rpc:10.1.0.29:43861|dataStream:|priority:0, a6ce1994-28f1-4352-8016-85e6856c4196|rpc:10.1.0.29:34939|dataStream:|priority:0, 69c4d255-49bd-49b0-853d-43c713a11150|rpc:10.1.0.29:42241|dataStream:|priority:1], old=null
2021-12-24 01:40:19,112 [pool-382-thread-1] INFO  server.RaftServer$Division (RaftServerImpl.java:setRole(290)) - 73856bc3-967d-4281-b6ba-01ee2ea9c849@group-8AC3CA907AAE: changes role from      null to FOLLOWER at term 0 for startAsFollower
2021-12-24 01:40:19,112 [pool-382-thread-1] INFO  impl.RoleInfo (RoleInfo.java:updateAndGet(130)) - 73856bc3-967d-4281-b6ba-01ee2ea9c849: start 73856bc3-967d-4281-b6ba-01ee2ea9c849@group-8AC3CA907AAE-FollowerState
2021-12-24 01:40:19,126 [pool-382-thread-1] INFO  util.JmxRegister (JmxRegister.java:tryRegister(44)) - Successfully registered JMX Bean with object name Ratis:service=RaftServer,group=group-8AC3CA907AAE,id=73856bc3-967d-4281-b6ba-01ee2ea9c849
2021-12-24 01:40:19,178 [grpc-default-executor-0] INFO  server.RaftServer (RaftServerProxy.java:addNew(95)) - 69c4d255-49bd-49b0-853d-43c713a11150: addNew group-8AC3CA907AAE:[73856bc3-967d-4281-b6ba-01ee2ea9c849|rpc:10.1.0.29:43861|dataStream:|priority:0, a6ce1994-28f1-4352-8016-85e6856c4196|rpc:10.1.0.29:34939|dataStream:|priority:0, 69c4d255-49bd-49b0-853d-43c713a11150|rpc:10.1.0.29:42241|dataStream:|priority:1] returns group-8AC3CA907AAE:java.util.concurrent.CompletableFuture@51f5a569[Not completed]
2021-12-24 01:40:19,179 [pool-361-thread-1] INFO  server.RaftServer$Division (RaftServerImpl.java:<init>(184)) - 69c4d255-49bd-49b0-853d-43c713a11150: new RaftServerImpl for group-8AC3CA907AAE:[73856bc3-967d-4281-b6ba-01ee2ea9c849|rpc:10.1.0.29:43861|dataStream:|priority:0, a6ce1994-28f1-4352-8016-85e6856c4196|rpc:10.1.0.29:34939|dataStream:|priority:0, 69c4d255-49bd-49b0-853d-43c713a11150|rpc:10.1.0.29:42241|dataStream:|priority:1] with ContainerStateMachine:uninitialized
2021-12-24 01:40:19,180 [pool-361-thread-1] INFO  server.RaftServerConfigKeys (ConfUtils.java:logGet(44)) - raft.server.rpc.timeout.min = 5s (custom)
2021-12-24 01:40:19,180 [pool-361-thread-1] INFO  server.RaftServerConfigKeys (ConfUtils.java:logGet(44)) - raft.server.rpc.timeout.max = 5200ms (custom)
2021-12-24 01:40:19,180 [pool-361-thread-1] INFO  server.RaftServerConfigKeys (ConfUtils.java:logGet(44)) - raft.server.rpc.sleep.time = 25ms (default)
2021-12-24 01:40:19,180 [pool-361-thread-1] INFO  server.RaftServerConfigKeys (ConfUtils.java:logGet(44)) - raft.server.rpc.slowness.timeout = 300s (custom)
2021-12-24 01:40:19,180 [pool-361-thread-1] INFO  server.RaftServerConfigKeys (ConfUtils.java:logGet(44)) - raft.server.leaderelection.leader.step-down.wait-time = 10s (default)
2021-12-24 01:40:19,180 [pool-361-thread-1] INFO  server.RaftServerConfigKeys (ConfUtils.java:logGet(44)) - raft.server.sleep.deviation.threshold = 300ms (default)
2021-12-24 01:40:19,180 [pool-361-thread-1] INFO  server.RaftServerConfigKeys (ConfUtils.java:logGet(44)) - raft.server.log.appender.install.snapshot.enabled = false (custom)
2021-12-24 01:40:19,180 [pool-361-thread-1] INFO  server.RaftServer$Division (ServerState.java:<init>(105)) - 69c4d255-49bd-49b0-853d-43c713a11150@group-8AC3CA907AAE: ConfigurationManager, init=-1: [73856bc3-967d-4281-b6ba-01ee2ea9c849|rpc:10.1.0.29:43861|dataStream:|priority:0, a6ce1994-28f1-4352-8016-85e6856c4196|rpc:10.1.0.29:34939|dataStream:|priority:0, 69c4d255-49bd-49b0-853d-43c713a11150|rpc:10.1.0.29:42241|dataStream:|priority:1], old=null, confs=<EMPTY_MAP>
2021-12-24 01:40:19,180 [pool-361-thread-1] INFO  server.RaftServerConfigKeys (ConfUtils.java:logGet(44)) - raft.server.storage.dir = [/home/runner/work/ozone/ozone/hadoop-ozone/integration-test/target/test-dir/MiniOzoneClusterImpl-497fae80-e4b5-45b5-b3c8-545e48efc269/datanode-1/data/ratis] (custom)
2021-12-24 01:40:19,180 [pool-361-thread-1] INFO  server.RaftServerConfigKeys (ConfUtils.java:logGet(44)) - raft.server.log.corruption.policy = EXCEPTION (default)
2021-12-24 01:40:19,180 [pool-361-thread-1] INFO  server.RaftServerConfigKeys (ConfUtils.java:logGet(44)) - raft.server.storage.free-space.min = 0MB (=0) (default)
2021-12-24 01:40:19,181 [pool-361-thread-1] INFO  storage.RaftStorageDirectory (RaftStorageDirectoryImpl.java:analyzeStorage(135)) - The storage directory /home/runner/work/ozone/ozone/hadoop-ozone/integration-test/target/test-dir/MiniOzoneClusterImpl-497fae80-e4b5-45b5-b3c8-545e48efc269/datanode-1/data/ratis/c9bfafbb-0953-419c-be7b-8ac3ca907aae does not exist. Creating ...
2021-12-24 01:40:19,185 [pool-361-thread-1] INFO  storage.RaftStorageDirectory (RaftStorageDirectoryImpl.java:tryLock(230)) - Lock on /home/runner/work/ozone/ozone/hadoop-ozone/integration-test/target/test-dir/MiniOzoneClusterImpl-497fae80-e4b5-45b5-b3c8-545e48efc269/datanode-1/data/ratis/c9bfafbb-0953-419c-be7b-8ac3ca907aae/in_use.lock acquired by nodename 17223@fv-az116-279
2021-12-24 01:40:19,187 [pool-361-thread-1] INFO  storage.RaftStorage (RaftStorageImpl.java:format(89)) - Storage directory /home/runner/work/ozone/ozone/hadoop-ozone/integration-test/target/test-dir/MiniOzoneClusterImpl-497fae80-e4b5-45b5-b3c8-545e48efc269/datanode-1/data/ratis/c9bfafbb-0953-419c-be7b-8ac3ca907aae has been successfully formatted.
2021-12-24 01:40:19,188 [pool-361-thread-1] INFO  ratis.ContainerStateMachine (ContainerStateMachine.java:loadSnapshot(231)) - group-8AC3CA907AAE: The snapshot info is null. Setting the last applied indexto:(t:0, i:~)
2021-12-24 01:40:19,191 [pool-361-thread-1] INFO  server.RaftServerConfigKeys (ConfUtils.java:logGet(44)) - raft.server.notification.no-leader.timeout = 300s (custom)
2021-12-24 01:40:19,191 [pool-361-thread-1] INFO  server.RaftServerConfigKeys (ConfUtils.java:logGet(44)) - raft.server.log.use.memory = false (default)
2021-12-24 01:40:19,191 [pool-361-thread-1] INFO  server.RaftServerConfigKeys (ConfUtils.java:logGet(44)) - raft.server.log.purge.gap = 1000000 (custom)
2021-12-24 01:40:19,191 [pool-361-thread-1] INFO  server.RaftServerConfigKeys (ConfUtils.java:logGet(44)) - raft.server.log.appender.buffer.byte-limit = 33554432 (custom)
2021-12-24 01:40:19,191 [pool-361-thread-1] INFO  server.RaftServerConfigKeys (ConfUtils.java:logGet(44)) - raft.server.log.segment.size.max = 1048576 (custom)
2021-12-24 01:40:19,192 [pool-361-thread-1] INFO  server.RaftServerConfigKeys (ConfUtils.java:logGet(44)) - raft.server.log.segment.cache.num.max = 2 (custom)
2021-12-24 01:40:19,192 [pool-361-thread-1] INFO  server.RaftServerConfigKeys (ConfUtils.java:logGet(44)) - raft.server.log.segment.cache.size.max = 200MB (=209715200) (default)
2021-12-24 01:40:19,192 [pool-361-thread-1] INFO  segmented.SegmentedRaftLogWorker (SegmentedRaftLogWorker.java:<init>(182)) - new 69c4d255-49bd-49b0-853d-43c713a11150@group-8AC3CA907AAE-SegmentedRaftLogWorker for RaftStorageImpl:Storage Directory /home/runner/work/ozone/ozone/hadoop-ozone/integration-test/target/test-dir/MiniOzoneClusterImpl-497fae80-e4b5-45b5-b3c8-545e48efc269/datanode-1/data/ratis/c9bfafbb-0953-419c-be7b-8ac3ca907aae
2021-12-24 01:40:19,192 [pool-361-thread-1] INFO  server.RaftServerConfigKeys (ConfUtils.java:logGet(44)) - raft.server.log.queue.byte-limit = 2147483647 (custom)
2021-12-24 01:40:19,192 [pool-361-thread-1] INFO  server.RaftServerConfigKeys (ConfUtils.java:logGet(44)) - raft.server.log.queue.element-limit = 1024 (custom)
2021-12-24 01:40:19,192 [pool-361-thread-1] INFO  server.RaftServerConfigKeys (ConfUtils.java:logGet(44)) - raft.server.log.segment.size.max = 1048576 (custom)
2021-12-24 01:40:19,193 [pool-361-thread-1] INFO  server.RaftServerConfigKeys (ConfUtils.java:logGet(44)) - raft.server.log.preallocated.size = 16384 (custom)
2021-12-24 01:40:19,193 [pool-361-thread-1] INFO  server.RaftServerConfigKeys (ConfUtils.java:logGet(44)) - raft.server.log.force.sync.num = 128 (default)
2021-12-24 01:40:19,193 [pool-361-thread-1] INFO  server.RaftServerConfigKeys (ConfUtils.java:logGet(44)) - raft.server.log.statemachine.data.sync = true (default)
2021-12-24 01:40:19,193 [pool-361-thread-1] INFO  server.RaftServerConfigKeys (ConfUtils.java:logGet(44)) - raft.server.log.statemachine.data.sync.timeout = 10s (default)
2021-12-24 01:40:19,194 [pool-361-thread-1] INFO  server.RaftServerConfigKeys (ConfUtils.java:logGet(44)) - raft.server.log.statemachine.data.sync.timeout.retry = -1 (default)
2021-12-24 01:40:19,195 [pool-361-thread-1] INFO  server.RaftServerConfigKeys (ConfUtils.java:logGet(44)) - raft.server.log.write.buffer.size = 1048576 (custom)
2021-12-24 01:40:19,196 [pool-361-thread-1] INFO  server.RaftServerConfigKeys (ConfUtils.java:logGet(44)) - raft.server.log.statemachine.data.caching.enabled = true (custom)
2021-12-24 01:40:19,206 [pool-361-thread-1] INFO  segmented.SegmentedRaftLogWorker (SegmentedRaftLogWorker.java:lambda$new$0(133)) - 69c4d255-49bd-49b0-853d-43c713a11150@group-8AC3CA907AAE-SegmentedRaftLogWorker: flushIndex: setUnconditionally 0 -> -1
2021-12-24 01:40:19,206 [pool-361-thread-1] INFO  segmented.SegmentedRaftLogWorker (SegmentedRaftLogWorker.java:lambda$new$0(133)) - 69c4d255-49bd-49b0-853d-43c713a11150@group-8AC3CA907AAE-SegmentedRaftLogWorker: safeCacheEvictIndex: setUnconditionally 0 -> -1
2021-12-24 01:40:19,206 [pool-361-thread-1] INFO  server.RaftServerConfigKeys (ConfUtils.java:logGet(44)) - raft.server.snapshot.auto.trigger.enabled = true (custom)
2021-12-24 01:40:19,206 [pool-361-thread-1] INFO  server.RaftServerConfigKeys (ConfUtils.java:logGet(44)) - raft.server.snapshot.auto.trigger.threshold = 10000 (custom)
2021-12-24 01:40:19,206 [pool-361-thread-1] INFO  server.RaftServerConfigKeys (ConfUtils.java:logGet(44)) - raft.server.snapshot.retention.file.num = 5 (custom)
2021-12-24 01:40:19,206 [pool-361-thread-1] INFO  server.RaftServerConfigKeys (ConfUtils.java:logGet(44)) - raft.server.log.purge.upto.snapshot.index = false (default)
2021-12-24 01:40:19,206 [pool-361-thread-1] INFO  server.RaftServerConfigKeys (ConfUtils.java:logGet(44)) - raft.server.retrycache.expirytime = 600000ms (custom)
2021-12-24 01:40:19,206 [pool-361-thread-1] INFO  server.RaftServerConfigKeys (ConfUtils.java:logGet(44)) - raft.server.retrycache.statistics.expirytime = 100μs (default)
2021-12-24 01:40:19,208 [pool-361-thread-1] INFO  server.RaftServer$Division (RaftServerImpl.java:start(301)) - 69c4d255-49bd-49b0-853d-43c713a11150@group-8AC3CA907AAE: start as a follower, conf=-1: [73856bc3-967d-4281-b6ba-01ee2ea9c849|rpc:10.1.0.29:43861|dataStream:|priority:0, a6ce1994-28f1-4352-8016-85e6856c4196|rpc:10.1.0.29:34939|dataStream:|priority:0, 69c4d255-49bd-49b0-853d-43c713a11150|rpc:10.1.0.29:42241|dataStream:|priority:1], old=null
2021-12-24 01:40:19,208 [pool-361-thread-1] INFO  server.RaftServer$Division (RaftServerImpl.java:setRole(290)) - 69c4d255-49bd-49b0-853d-43c713a11150@group-8AC3CA907AAE: changes role from      null to FOLLOWER at term 0 for startAsFollower
2021-12-24 01:40:19,208 [pool-361-thread-1] INFO  impl.RoleInfo (RoleInfo.java:updateAndGet(130)) - 69c4d255-49bd-49b0-853d-43c713a11150: start 69c4d255-49bd-49b0-853d-43c713a11150@group-8AC3CA907AAE-FollowerState
2021-12-24 01:40:19,215 [pool-361-thread-1] INFO  util.JmxRegister (JmxRegister.java:tryRegister(44)) - Successfully registered JMX Bean with object name Ratis:service=RaftServer,group=group-8AC3CA907AAE,id=69c4d255-49bd-49b0-853d-43c713a11150
2021-12-24 01:40:19,235 [Command processor thread] INFO  commandhandler.CreatePipelineCommandHandler (CreatePipelineCommandHandler.java:handle(106)) - Created Pipeline RATIS THREE PipelineID=c9bfafbb-0953-419c-be7b-8ac3ca907aae.
2021-12-24 01:40:19,248 [Command processor thread] INFO  server.RaftServer (RaftServerProxy.java:addNew(95)) - 69c4d255-49bd-49b0-853d-43c713a11150: addNew group-B6C191473F7F:[69c4d255-49bd-49b0-853d-43c713a11150|rpc:10.1.0.29:42241|priority:1] returns group-B6C191473F7F:java.util.concurrent.CompletableFuture@71054da7[Not completed]
2021-12-24 01:40:19,249 [pool-361-thread-1] INFO  server.RaftServer$Division (RaftServerImpl.java:<init>(184)) - 69c4d255-49bd-49b0-853d-43c713a11150: new RaftServerImpl for group-B6C191473F7F:[69c4d255-49bd-49b0-853d-43c713a11150|rpc:10.1.0.29:42241|priority:1] with ContainerStateMachine:uninitialized
2021-12-24 01:40:19,250 [pool-361-thread-1] INFO  server.RaftServerConfigKeys (ConfUtils.java:logGet(44)) - raft.server.rpc.timeout.min = 5s (custom)
2021-12-24 01:40:19,250 [pool-361-thread-1] INFO  server.RaftServerConfigKeys (ConfUtils.java:logGet(44)) - raft.server.rpc.timeout.max = 5200ms (custom)
2021-12-24 01:40:19,250 [pool-361-thread-1] INFO  server.RaftServerConfigKeys (ConfUtils.java:logGet(44)) - raft.server.rpc.sleep.time = 25ms (default)
2021-12-24 01:40:19,250 [pool-361-thread-1] INFO  server.RaftServerConfigKeys (ConfUtils.java:logGet(44)) - raft.server.rpc.slowness.timeout = 300s (custom)
2021-12-24 01:40:19,250 [pool-361-thread-1] INFO  server.RaftServerConfigKeys (ConfUtils.java:logGet(44)) - raft.server.leaderelection.leader.step-down.wait-time = 10s (default)
2021-12-24 01:40:19,250 [pool-361-thread-1] INFO  server.RaftServerConfigKeys (ConfUtils.java:logGet(44)) - raft.server.sleep.deviation.threshold = 300ms (default)
2021-12-24 01:40:19,250 [pool-361-thread-1] INFO  server.RaftServerConfigKeys (ConfUtils.java:logGet(44)) - raft.server.log.appender.install.snapshot.enabled = false (custom)
2021-12-24 01:40:19,250 [pool-361-thread-1] INFO  server.RaftServer$Division (ServerState.java:<init>(105)) - 69c4d255-49bd-49b0-853d-43c713a11150@group-B6C191473F7F: ConfigurationManager, init=-1: [69c4d255-49bd-49b0-853d-43c713a11150|rpc:10.1.0.29:42241|priority:1], old=null, confs=<EMPTY_MAP>
2021-12-24 01:40:19,250 [pool-361-thread-1] INFO  server.RaftServerConfigKeys (ConfUtils.java:logGet(44)) - raft.server.storage.dir = [/home/runner/work/ozone/ozone/hadoop-ozone/integration-test/target/test-dir/MiniOzoneClusterImpl-497fae80-e4b5-45b5-b3c8-545e48efc269/datanode-1/data/ratis] (custom)
2021-12-24 01:40:19,250 [pool-361-thread-1] INFO  server.RaftServerConfigKeys (ConfUtils.java:logGet(44)) - raft.server.log.corruption.policy = EXCEPTION (default)
2021-12-24 01:40:19,250 [pool-361-thread-1] INFO  server.RaftServerConfigKeys (ConfUtils.java:logGet(44)) - raft.server.storage.free-space.min = 0MB (=0) (default)
2021-12-24 01:40:19,252 [pool-361-thread-1] INFO  storage.RaftStorageDirectory (RaftStorageDirectoryImpl.java:analyzeStorage(135)) - The storage directory /home/runner/work/ozone/ozone/hadoop-ozone/integration-test/target/test-dir/MiniOzoneClusterImpl-497fae80-e4b5-45b5-b3c8-545e48efc269/datanode-1/data/ratis/f71914d1-df83-4c83-95e9-b6c191473f7f does not exist. Creating ...
2021-12-24 01:40:19,254 [pool-361-thread-1] INFO  storage.RaftStorageDirectory (RaftStorageDirectoryImpl.java:tryLock(230)) - Lock on /home/runner/work/ozone/ozone/hadoop-ozone/integration-test/target/test-dir/MiniOzoneClusterImpl-497fae80-e4b5-45b5-b3c8-545e48efc269/datanode-1/data/ratis/f71914d1-df83-4c83-95e9-b6c191473f7f/in_use.lock acquired by nodename 17223@fv-az116-279
2021-12-24 01:40:19,256 [pool-361-thread-1] INFO  storage.RaftStorage (RaftStorageImpl.java:format(89)) - Storage directory /home/runner/work/ozone/ozone/hadoop-ozone/integration-test/target/test-dir/MiniOzoneClusterImpl-497fae80-e4b5-45b5-b3c8-545e48efc269/datanode-1/data/ratis/f71914d1-df83-4c83-95e9-b6c191473f7f has been successfully formatted.
2021-12-24 01:40:19,257 [pool-361-thread-1] INFO  ratis.ContainerStateMachine (ContainerStateMachine.java:loadSnapshot(231)) - group-B6C191473F7F: The snapshot info is null. Setting the last applied indexto:(t:0, i:~)
2021-12-24 01:40:19,261 [pool-361-thread-1] INFO  server.RaftServerConfigKeys (ConfUtils.java:logGet(44)) - raft.server.notification.no-leader.timeout = 300s (custom)
2021-12-24 01:40:19,261 [pool-361-thread-1] INFO  server.RaftServerConfigKeys (ConfUtils.java:logGet(44)) - raft.server.log.use.memory = false (default)
2021-12-24 01:40:19,261 [pool-361-thread-1] INFO  server.RaftServerConfigKeys (ConfUtils.java:logGet(44)) - raft.server.log.purge.gap = 1000000 (custom)
2021-12-24 01:40:19,261 [pool-361-thread-1] INFO  server.RaftServerConfigKeys (ConfUtils.java:logGet(44)) - raft.server.log.appender.buffer.byte-limit = 33554432 (custom)
2021-12-24 01:40:19,261 [pool-361-thread-1] INFO  server.RaftServerConfigKeys (ConfUtils.java:logGet(44)) - raft.server.log.segment.size.max = 1048576 (custom)
2021-12-24 01:40:19,262 [pool-361-thread-1] INFO  server.RaftServerConfigKeys (ConfUtils.java:logGet(44)) - raft.server.log.segment.cache.num.max = 2 (custom)
2021-12-24 01:40:19,262 [pool-361-thread-1] INFO  server.RaftServerConfigKeys (ConfUtils.java:logGet(44)) - raft.server.log.segment.cache.size.max = 200MB (=209715200) (default)
2021-12-24 01:40:19,262 [pool-361-thread-1] INFO  segmented.SegmentedRaftLogWorker (SegmentedRaftLogWorker.java:<init>(182)) - new 69c4d255-49bd-49b0-853d-43c713a11150@group-B6C191473F7F-SegmentedRaftLogWorker for RaftStorageImpl:Storage Directory /home/runner/work/ozone/ozone/hadoop-ozone/integration-test/target/test-dir/MiniOzoneClusterImpl-497fae80-e4b5-45b5-b3c8-545e48efc269/datanode-1/data/ratis/f71914d1-df83-4c83-95e9-b6c191473f7f
2021-12-24 01:40:19,262 [pool-361-thread-1] INFO  server.RaftServerConfigKeys (ConfUtils.java:logGet(44)) - raft.server.log.queue.byte-limit = 2147483647 (custom)
2021-12-24 01:40:19,262 [pool-361-thread-1] INFO  server.RaftServerConfigKeys (ConfUtils.java:logGet(44)) - raft.server.log.queue.element-limit = 1024 (custom)
2021-12-24 01:40:19,262 [pool-361-thread-1] INFO  server.RaftServerConfigKeys (ConfUtils.java:logGet(44)) - raft.server.log.segment.size.max = 1048576 (custom)
2021-12-24 01:40:19,262 [pool-361-thread-1] INFO  server.RaftServerConfigKeys (ConfUtils.java:logGet(44)) - raft.server.log.preallocated.size = 16384 (custom)
2021-12-24 01:40:19,262 [pool-361-thread-1] INFO  server.RaftServerConfigKeys (ConfUtils.java:logGet(44)) - raft.server.log.force.sync.num = 128 (default)
2021-12-24 01:40:19,262 [pool-361-thread-1] INFO  server.RaftServerConfigKeys (ConfUtils.java:logGet(44)) - raft.server.log.statemachine.data.sync = true (default)
2021-12-24 01:40:19,262 [pool-361-thread-1] INFO  server.RaftServerConfigKeys (ConfUtils.java:logGet(44)) - raft.server.log.statemachine.data.sync.timeout = 10s (default)
2021-12-24 01:40:19,262 [pool-361-thread-1] INFO  server.RaftServerConfigKeys (ConfUtils.java:logGet(44)) - raft.server.log.statemachine.data.sync.timeout.retry = -1 (default)
2021-12-24 01:40:19,263 [pool-361-thread-1] INFO  server.RaftServerConfigKeys (ConfUtils.java:logGet(44)) - raft.server.log.write.buffer.size = 1048576 (custom)
2021-12-24 01:40:19,266 [EventQueue-PipelineReportForPipelineReportHandler] INFO  pipeline.PipelineManagerImpl (PipelineManagerImpl.java:openPipeline(291)) - Pipeline Pipeline[ Id: f71914d1-df83-4c83-95e9-b6c191473f7f, Nodes: 69c4d255-49bd-49b0-853d-43c713a11150{ip: 10.1.0.29, host: fv-az116-279.vzw04321ajxubdbcnpick5nqva.xx.internal.cloudapp.net, ports: [REPLICATION=37021, RATIS=42241, RATIS_ADMIN=42241, RATIS_SERVER=42241, STANDALONE=43949], networkLocation: /default-rack, certSerialId: null, persistedOpState: IN_SERVICE, persistedOpStateExpiryEpochSec: 0}, ReplicationConfig: RATIS/ONE, State:ALLOCATED, leaderId:69c4d255-49bd-49b0-853d-43c713a11150, CreationTimestamp2021-12-24T01:40:16.260Z[Etc/UTC]] moved to OPEN state
2021-12-24 01:40:19,267 [EventQueue-OpenPipelineForHealthyPipelineSafeModeRule] INFO  safemode.SCMSafeModeManager (HealthyPipelineSafeModeRule.java:process(124)) - SCM in safe mode. Healthy pipelines reported count is 0, required healthy pipeline reported count is 1
2021-12-24 01:40:19,267 [pool-361-thread-1] INFO  server.RaftServerConfigKeys (ConfUtils.java:logGet(44)) - raft.server.log.statemachine.data.caching.enabled = true (custom)
2021-12-24 01:40:19,269 [pool-361-thread-1] INFO  segmented.SegmentedRaftLogWorker (SegmentedRaftLogWorker.java:lambda$new$0(133)) - 69c4d255-49bd-49b0-853d-43c713a11150@group-B6C191473F7F-SegmentedRaftLogWorker: flushIndex: setUnconditionally 0 -> -1
2021-12-24 01:40:19,269 [pool-361-thread-1] INFO  segmented.SegmentedRaftLogWorker (SegmentedRaftLogWorker.java:lambda$new$0(133)) - 69c4d255-49bd-49b0-853d-43c713a11150@group-B6C191473F7F-SegmentedRaftLogWorker: safeCacheEvictIndex: setUnconditionally 0 -> -1
2021-12-24 01:40:19,269 [pool-361-thread-1] INFO  server.RaftServerConfigKeys (ConfUtils.java:logGet(44)) - raft.server.snapshot.auto.trigger.enabled = true (custom)
2021-12-24 01:40:19,269 [pool-361-thread-1] INFO  server.RaftServerConfigKeys (ConfUtils.java:logGet(44)) - raft.server.snapshot.auto.trigger.threshold = 10000 (custom)
2021-12-24 01:40:19,269 [pool-361-thread-1] INFO  server.RaftServerConfigKeys (ConfUtils.java:logGet(44)) - raft.server.snapshot.retention.file.num = 5 (custom)
2021-12-24 01:40:19,269 [pool-361-thread-1] INFO  server.RaftServerConfigKeys (ConfUtils.java:logGet(44)) - raft.server.log.purge.upto.snapshot.index = false (default)
2021-12-24 01:40:19,269 [pool-361-thread-1] INFO  server.RaftServerConfigKeys (ConfUtils.java:logGet(44)) - raft.server.retrycache.expirytime = 600000ms (custom)
2021-12-24 01:40:19,269 [pool-361-thread-1] INFO  server.RaftServerConfigKeys (ConfUtils.java:logGet(44)) - raft.server.retrycache.statistics.expirytime = 100μs (default)
2021-12-24 01:40:19,271 [pool-361-thread-1] INFO  server.RaftServer$Division (RaftServerImpl.java:start(301)) - 69c4d255-49bd-49b0-853d-43c713a11150@group-B6C191473F7F: start as a follower, conf=-1: [69c4d255-49bd-49b0-853d-43c713a11150|rpc:10.1.0.29:42241|priority:1], old=null
2021-12-24 01:40:19,271 [pool-361-thread-1] INFO  server.RaftServer$Division (RaftServerImpl.java:setRole(290)) - 69c4d255-49bd-49b0-853d-43c713a11150@group-B6C191473F7F: changes role from      null to FOLLOWER at term 0 for startAsFollower
2021-12-24 01:40:19,271 [pool-361-thread-1] INFO  impl.RoleInfo (RoleInfo.java:updateAndGet(130)) - 69c4d255-49bd-49b0-853d-43c713a11150: start 69c4d255-49bd-49b0-853d-43c713a11150@group-B6C191473F7F-FollowerState
2021-12-24 01:40:19,273 [pool-361-thread-1] INFO  util.JmxRegister (JmxRegister.java:tryRegister(44)) - Successfully registered JMX Bean with object name Ratis:service=RaftServer,group=group-B6C191473F7F,id=69c4d255-49bd-49b0-853d-43c713a11150
2021-12-24 01:40:19,277 [Command processor thread] INFO  ratis.XceiverServerRatis (XceiverServerRatis.java:addGroup(768)) - Created group PipelineID=f71914d1-df83-4c83-95e9-b6c191473f7f
2021-12-24 01:40:19,278 [Command processor thread] INFO  commandhandler.CreatePipelineCommandHandler (CreatePipelineCommandHandler.java:handle(106)) - Created Pipeline RATIS ONE PipelineID=f71914d1-df83-4c83-95e9-b6c191473f7f.
2021-12-24 01:40:19,726 [Listener at 127.0.0.1/37545] INFO  ozone.MiniOzoneClusterImpl (MiniOzoneClusterImpl.java:lambda$waitForClusterToBeReady$0(235)) - Nodes are ready. Got 3 of 3 DN Heartbeats.
2021-12-24 01:40:19,726 [Listener at 127.0.0.1/37545] INFO  ozone.MiniOzoneClusterImpl (MiniOzoneClusterImpl.java:lambda$waitForClusterToBeReady$0(238)) - Waiting for cluster to exit safe mode
2021-12-24 01:40:19,726 [Listener at 127.0.0.1/37545] INFO  ozone.MiniOzoneClusterImpl (MiniOzoneClusterImpl.java:lambda$waitForClusterToBeReady$0(240)) - SCM became leader
2021-12-24 01:40:19,746 [Command processor thread] INFO  server.RaftServer (RaftServerProxy.java:addNew(95)) - 73856bc3-967d-4281-b6ba-01ee2ea9c849: addNew group-B01C56B75185:[73856bc3-967d-4281-b6ba-01ee2ea9c849|rpc:10.1.0.29:43861|priority:1] returns group-B01C56B75185:java.util.concurrent.CompletableFuture@2b4c6935[Not completed]
2021-12-24 01:40:19,747 [pool-382-thread-1] INFO  server.RaftServer$Division (RaftServerImpl.java:<init>(184)) - 73856bc3-967d-4281-b6ba-01ee2ea9c849: new RaftServerImpl for group-B01C56B75185:[73856bc3-967d-4281-b6ba-01ee2ea9c849|rpc:10.1.0.29:43861|priority:1] with ContainerStateMachine:uninitialized
2021-12-24 01:40:19,748 [pool-382-thread-1] INFO  server.RaftServerConfigKeys (ConfUtils.java:logGet(44)) - raft.server.rpc.timeout.min = 5s (custom)
2021-12-24 01:40:19,748 [pool-382-thread-1] INFO  server.RaftServerConfigKeys (ConfUtils.java:logGet(44)) - raft.server.rpc.timeout.max = 5200ms (custom)
2021-12-24 01:40:19,748 [pool-382-thread-1] INFO  server.RaftServerConfigKeys (ConfUtils.java:logGet(44)) - raft.server.rpc.sleep.time = 25ms (default)
2021-12-24 01:40:19,748 [pool-382-thread-1] INFO  server.RaftServerConfigKeys (ConfUtils.java:logGet(44)) - raft.server.rpc.slowness.timeout = 300s (custom)
2021-12-24 01:40:19,748 [pool-382-thread-1] INFO  server.RaftServerConfigKeys (ConfUtils.java:logGet(44)) - raft.server.leaderelection.leader.step-down.wait-time = 10s (default)
2021-12-24 01:40:19,748 [pool-382-thread-1] INFO  server.RaftServerConfigKeys (ConfUtils.java:logGet(44)) - raft.server.sleep.deviation.threshold = 300ms (default)
2021-12-24 01:40:19,748 [pool-382-thread-1] INFO  server.RaftServerConfigKeys (ConfUtils.java:logGet(44)) - raft.server.log.appender.install.snapshot.enabled = false (custom)
2021-12-24 01:40:19,748 [pool-382-thread-1] INFO  server.RaftServer$Division (ServerState.java:<init>(105)) - 73856bc3-967d-4281-b6ba-01ee2ea9c849@group-B01C56B75185: ConfigurationManager, init=-1: [73856bc3-967d-4281-b6ba-01ee2ea9c849|rpc:10.1.0.29:43861|priority:1], old=null, confs=<EMPTY_MAP>
2021-12-24 01:40:19,748 [pool-382-thread-1] INFO  server.RaftServerConfigKeys (ConfUtils.java:logGet(44)) - raft.server.storage.dir = [/home/runner/work/ozone/ozone/hadoop-ozone/integration-test/target/test-dir/MiniOzoneClusterImpl-497fae80-e4b5-45b5-b3c8-545e48efc269/datanode-2/data/ratis] (custom)
2021-12-24 01:40:19,748 [pool-382-thread-1] INFO  server.RaftServerConfigKeys (ConfUtils.java:logGet(44)) - raft.server.log.corruption.policy = EXCEPTION (default)
2021-12-24 01:40:19,748 [pool-382-thread-1] INFO  server.RaftServerConfigKeys (ConfUtils.java:logGet(44)) - raft.server.storage.free-space.min = 0MB (=0) (default)
2021-12-24 01:40:19,749 [pool-382-thread-1] INFO  storage.RaftStorageDirectory (RaftStorageDirectoryImpl.java:analyzeStorage(135)) - The storage directory /home/runner/work/ozone/ozone/hadoop-ozone/integration-test/target/test-dir/MiniOzoneClusterImpl-497fae80-e4b5-45b5-b3c8-545e48efc269/datanode-2/data/ratis/00d4cd62-c983-4e05-9e5d-b01c56b75185 does not exist. Creating ...
2021-12-24 01:40:19,757 [pool-382-thread-1] INFO  storage.RaftStorageDirectory (RaftStorageDirectoryImpl.java:tryLock(230)) - Lock on /home/runner/work/ozone/ozone/hadoop-ozone/integration-test/target/test-dir/MiniOzoneClusterImpl-497fae80-e4b5-45b5-b3c8-545e48efc269/datanode-2/data/ratis/00d4cd62-c983-4e05-9e5d-b01c56b75185/in_use.lock acquired by nodename 17223@fv-az116-279
2021-12-24 01:40:19,760 [pool-382-thread-1] INFO  storage.RaftStorage (RaftStorageImpl.java:format(89)) - Storage directory /home/runner/work/ozone/ozone/hadoop-ozone/integration-test/target/test-dir/MiniOzoneClusterImpl-497fae80-e4b5-45b5-b3c8-545e48efc269/datanode-2/data/ratis/00d4cd62-c983-4e05-9e5d-b01c56b75185 has been successfully formatted.
2021-12-24 01:40:19,760 [pool-382-thread-1] INFO  ratis.ContainerStateMachine (ContainerStateMachine.java:loadSnapshot(231)) - group-B01C56B75185: The snapshot info is null. Setting the last applied indexto:(t:0, i:~)
2021-12-24 01:40:19,761 [EventQueue-PipelineReportForPipelineReportHandler] INFO  pipeline.PipelineManagerImpl (PipelineManagerImpl.java:openPipeline(291)) - Pipeline Pipeline[ Id: 00d4cd62-c983-4e05-9e5d-b01c56b75185, Nodes: 73856bc3-967d-4281-b6ba-01ee2ea9c849{ip: 10.1.0.29, host: fv-az116-279.vzw04321ajxubdbcnpick5nqva.xx.internal.cloudapp.net, ports: [REPLICATION=40295, RATIS=43861, RATIS_ADMIN=43861, RATIS_SERVER=43861, STANDALONE=37897], networkLocation: /default-rack, certSerialId: null, persistedOpState: IN_SERVICE, persistedOpStateExpiryEpochSec: 0}, ReplicationConfig: RATIS/ONE, State:ALLOCATED, leaderId:73856bc3-967d-4281-b6ba-01ee2ea9c849, CreationTimestamp2021-12-24T01:40:16.764Z[Etc/UTC]] moved to OPEN state
2021-12-24 01:40:19,762 [EventQueue-OpenPipelineForHealthyPipelineSafeModeRule] INFO  safemode.SCMSafeModeManager (HealthyPipelineSafeModeRule.java:process(124)) - SCM in safe mode. Healthy pipelines reported count is 0, required healthy pipeline reported count is 1
2021-12-24 01:40:19,762 [pool-382-thread-1] INFO  server.RaftServerConfigKeys (ConfUtils.java:logGet(44)) - raft.server.notification.no-leader.timeout = 300s (custom)
2021-12-24 01:40:19,766 [pool-382-thread-1] INFO  server.RaftServerConfigKeys (ConfUtils.java:logGet(44)) - raft.server.log.use.memory = false (default)
2021-12-24 01:40:19,766 [pool-382-thread-1] INFO  server.RaftServerConfigKeys (ConfUtils.java:logGet(44)) - raft.server.log.purge.gap = 1000000 (custom)
2021-12-24 01:40:19,766 [pool-382-thread-1] INFO  server.RaftServerConfigKeys (ConfUtils.java:logGet(44)) - raft.server.log.appender.buffer.byte-limit = 33554432 (custom)
2021-12-24 01:40:19,766 [pool-382-thread-1] INFO  server.RaftServerConfigKeys (ConfUtils.java:logGet(44)) - raft.server.log.segment.size.max = 1048576 (custom)
2021-12-24 01:40:19,766 [pool-382-thread-1] INFO  server.RaftServerConfigKeys (ConfUtils.java:logGet(44)) - raft.server.log.segment.cache.num.max = 2 (custom)
2021-12-24 01:40:19,767 [pool-382-thread-1] INFO  server.RaftServerConfigKeys (ConfUtils.java:logGet(44)) - raft.server.log.segment.cache.size.max = 200MB (=209715200) (default)
2021-12-24 01:40:19,767 [pool-382-thread-1] INFO  segmented.SegmentedRaftLogWorker (SegmentedRaftLogWorker.java:<init>(182)) - new 73856bc3-967d-4281-b6ba-01ee2ea9c849@group-B01C56B75185-SegmentedRaftLogWorker for RaftStorageImpl:Storage Directory /home/runner/work/ozone/ozone/hadoop-ozone/integration-test/target/test-dir/MiniOzoneClusterImpl-497fae80-e4b5-45b5-b3c8-545e48efc269/datanode-2/data/ratis/00d4cd62-c983-4e05-9e5d-b01c56b75185
2021-12-24 01:40:19,767 [pool-382-thread-1] INFO  server.RaftServerConfigKeys (ConfUtils.java:logGet(44)) - raft.server.log.queue.byte-limit = 2147483647 (custom)
2021-12-24 01:40:19,767 [pool-382-thread-1] INFO  server.RaftServerConfigKeys (ConfUtils.java:logGet(44)) - raft.server.log.queue.element-limit = 1024 (custom)
2021-12-24 01:40:19,767 [pool-382-thread-1] INFO  server.RaftServerConfigKeys (ConfUtils.java:logGet(44)) - raft.server.log.segment.size.max = 1048576 (custom)
2021-12-24 01:40:19,767 [pool-382-thread-1] INFO  server.RaftServerConfigKeys (ConfUtils.java:logGet(44)) - raft.server.log.preallocated.size = 16384 (custom)
2021-12-24 01:40:19,767 [pool-382-thread-1] INFO  server.RaftServerConfigKeys (ConfUtils.java:logGet(44)) - raft.server.log.force.sync.num = 128 (default)
2021-12-24 01:40:19,767 [pool-382-thread-1] INFO  server.RaftServerConfigKeys (ConfUtils.java:logGet(44)) - raft.server.log.statemachine.data.sync = true (default)
2021-12-24 01:40:19,771 [pool-382-thread-1] INFO  server.RaftServerConfigKeys (ConfUtils.java:logGet(44)) - raft.server.log.statemachine.data.sync.timeout = 10s (default)
2021-12-24 01:40:19,771 [pool-382-thread-1] INFO  server.RaftServerConfigKeys (ConfUtils.java:logGet(44)) - raft.server.log.statemachine.data.sync.timeout.retry = -1 (default)
2021-12-24 01:40:19,772 [pool-382-thread-1] INFO  server.RaftServerConfigKeys (ConfUtils.java:logGet(44)) - raft.server.log.write.buffer.size = 1048576 (custom)
2021-12-24 01:40:19,772 [pool-382-thread-1] INFO  server.RaftServerConfigKeys (ConfUtils.java:logGet(44)) - raft.server.log.statemachine.data.caching.enabled = true (custom)
2021-12-24 01:40:19,774 [pool-382-thread-1] INFO  segmented.SegmentedRaftLogWorker (SegmentedRaftLogWorker.java:lambda$new$0(133)) - 73856bc3-967d-4281-b6ba-01ee2ea9c849@group-B01C56B75185-SegmentedRaftLogWorker: flushIndex: setUnconditionally 0 -> -1
2021-12-24 01:40:19,774 [pool-382-thread-1] INFO  segmented.SegmentedRaftLogWorker (SegmentedRaftLogWorker.java:lambda$new$0(133)) - 73856bc3-967d-4281-b6ba-01ee2ea9c849@group-B01C56B75185-SegmentedRaftLogWorker: safeCacheEvictIndex: setUnconditionally 0 -> -1
2021-12-24 01:40:19,789 [pool-382-thread-1] INFO  server.RaftServerConfigKeys (ConfUtils.java:logGet(44)) - raft.server.snapshot.auto.trigger.enabled = true (custom)
2021-12-24 01:40:19,790 [pool-382-thread-1] INFO  server.RaftServerConfigKeys (ConfUtils.java:logGet(44)) - raft.server.snapshot.auto.trigger.threshold = 10000 (custom)
2021-12-24 01:40:19,790 [pool-382-thread-1] INFO  server.RaftServerConfigKeys (ConfUtils.java:logGet(44)) - raft.server.snapshot.retention.file.num = 5 (custom)
2021-12-24 01:40:19,790 [pool-382-thread-1] INFO  server.RaftServerConfigKeys (ConfUtils.java:logGet(44)) - raft.server.log.purge.upto.snapshot.index = false (default)
2021-12-24 01:40:19,790 [pool-382-thread-1] INFO  server.RaftServerConfigKeys (ConfUtils.java:logGet(44)) - raft.server.retrycache.expirytime = 600000ms (custom)
2021-12-24 01:40:19,790 [pool-382-thread-1] INFO  server.RaftServerConfigKeys (ConfUtils.java:logGet(44)) - raft.server.retrycache.statistics.expirytime = 100μs (default)
2021-12-24 01:40:19,791 [pool-382-thread-1] INFO  server.RaftServer$Division (RaftServerImpl.java:start(301)) - 73856bc3-967d-4281-b6ba-01ee2ea9c849@group-B01C56B75185: start as a follower, conf=-1: [73856bc3-967d-4281-b6ba-01ee2ea9c849|rpc:10.1.0.29:43861|priority:1], old=null
2021-12-24 01:40:19,791 [pool-382-thread-1] INFO  server.RaftServer$Division (RaftServerImpl.java:setRole(290)) - 73856bc3-967d-4281-b6ba-01ee2ea9c849@group-B01C56B75185: changes role from      null to FOLLOWER at term 0 for startAsFollower
2021-12-24 01:40:19,791 [pool-382-thread-1] INFO  impl.RoleInfo (RoleInfo.java:updateAndGet(130)) - 73856bc3-967d-4281-b6ba-01ee2ea9c849: start 73856bc3-967d-4281-b6ba-01ee2ea9c849@group-B01C56B75185-FollowerState
2021-12-24 01:40:19,792 [pool-382-thread-1] INFO  util.JmxRegister (JmxRegister.java:tryRegister(44)) - Successfully registered JMX Bean with object name Ratis:service=RaftServer,group=group-B01C56B75185,id=73856bc3-967d-4281-b6ba-01ee2ea9c849
2021-12-24 01:40:19,794 [Command processor thread] INFO  ratis.XceiverServerRatis (XceiverServerRatis.java:addGroup(768)) - Created group PipelineID=00d4cd62-c983-4e05-9e5d-b01c56b75185
2021-12-24 01:40:19,794 [Command processor thread] INFO  commandhandler.CreatePipelineCommandHandler (CreatePipelineCommandHandler.java:handle(106)) - Created Pipeline RATIS ONE PipelineID=00d4cd62-c983-4e05-9e5d-b01c56b75185.
2021-12-24 01:40:20,726 [Listener at 127.0.0.1/37545] INFO  ozone.MiniOzoneClusterImpl (MiniOzoneClusterImpl.java:lambda$waitForClusterToBeReady$0(235)) - Nodes are ready. Got 3 of 3 DN Heartbeats.
2021-12-24 01:40:20,727 [Listener at 127.0.0.1/37545] INFO  ozone.MiniOzoneClusterImpl (MiniOzoneClusterImpl.java:lambda$waitForClusterToBeReady$0(238)) - Waiting for cluster to exit safe mode
2021-12-24 01:40:20,727 [Listener at 127.0.0.1/37545] INFO  ozone.MiniOzoneClusterImpl (MiniOzoneClusterImpl.java:lambda$waitForClusterToBeReady$0(240)) - SCM became leader
2021-12-24 01:40:21,727 [Listener at 127.0.0.1/37545] INFO  ozone.MiniOzoneClusterImpl (MiniOzoneClusterImpl.java:lambda$waitForClusterToBeReady$0(235)) - Nodes are ready. Got 3 of 3 DN Heartbeats.
2021-12-24 01:40:21,727 [Listener at 127.0.0.1/37545] INFO  ozone.MiniOzoneClusterImpl (MiniOzoneClusterImpl.java:lambda$waitForClusterToBeReady$0(238)) - Waiting for cluster to exit safe mode
2021-12-24 01:40:21,727 [Listener at 127.0.0.1/37545] INFO  ozone.MiniOzoneClusterImpl (MiniOzoneClusterImpl.java:lambda$waitForClusterToBeReady$0(240)) - SCM became leader
2021-12-24 01:40:22,728 [Listener at 127.0.0.1/37545] INFO  ozone.MiniOzoneClusterImpl (MiniOzoneClusterImpl.java:lambda$waitForClusterToBeReady$0(235)) - Nodes are ready. Got 3 of 3 DN Heartbeats.
2021-12-24 01:40:22,728 [Listener at 127.0.0.1/37545] INFO  ozone.MiniOzoneClusterImpl (MiniOzoneClusterImpl.java:lambda$waitForClusterToBeReady$0(238)) - Waiting for cluster to exit safe mode
2021-12-24 01:40:22,728 [Listener at 127.0.0.1/37545] INFO  ozone.MiniOzoneClusterImpl (MiniOzoneClusterImpl.java:lambda$waitForClusterToBeReady$0(240)) - SCM became leader
2021-12-24 01:40:23,728 [Listener at 127.0.0.1/37545] INFO  ozone.MiniOzoneClusterImpl (MiniOzoneClusterImpl.java:lambda$waitForClusterToBeReady$0(235)) - Nodes are ready. Got 3 of 3 DN Heartbeats.
2021-12-24 01:40:23,729 [Listener at 127.0.0.1/37545] INFO  ozone.MiniOzoneClusterImpl (MiniOzoneClusterImpl.java:lambda$waitForClusterToBeReady$0(238)) - Waiting for cluster to exit safe mode
2021-12-24 01:40:23,729 [Listener at 127.0.0.1/37545] INFO  ozone.MiniOzoneClusterImpl (MiniOzoneClusterImpl.java:lambda$waitForClusterToBeReady$0(240)) - SCM became leader
2021-12-24 01:40:23,743 [a6ce1994-28f1-4352-8016-85e6856c4196@group-2DF522A5800D-FollowerState] INFO  impl.FollowerState (FollowerState.java:run(134)) - a6ce1994-28f1-4352-8016-85e6856c4196@group-2DF522A5800D-FollowerState: change to CANDIDATE, lastRpcElapsedTime:5042206857ns, electionTimeout:5041ms
2021-12-24 01:40:23,743 [a6ce1994-28f1-4352-8016-85e6856c4196@group-2DF522A5800D-FollowerState] INFO  impl.RoleInfo (RoleInfo.java:shutdownFollowerState(108)) - a6ce1994-28f1-4352-8016-85e6856c4196: shutdown a6ce1994-28f1-4352-8016-85e6856c4196@group-2DF522A5800D-FollowerState
2021-12-24 01:40:23,743 [a6ce1994-28f1-4352-8016-85e6856c4196@group-2DF522A5800D-FollowerState] INFO  server.RaftServer$Division (RaftServerImpl.java:setRole(290)) - a6ce1994-28f1-4352-8016-85e6856c4196@group-2DF522A5800D: changes role from  FOLLOWER to CANDIDATE at term 0 for changeToCandidate
2021-12-24 01:40:23,743 [a6ce1994-28f1-4352-8016-85e6856c4196@group-2DF522A5800D-FollowerState] INFO  server.RaftServerConfigKeys (ConfUtils.java:logGet(44)) - raft.server.leaderelection.pre-vote = false (custom)
2021-12-24 01:40:23,743 [a6ce1994-28f1-4352-8016-85e6856c4196@group-2DF522A5800D-FollowerState] INFO  impl.RoleInfo (RoleInfo.java:updateAndGet(130)) - a6ce1994-28f1-4352-8016-85e6856c4196: start a6ce1994-28f1-4352-8016-85e6856c4196@group-2DF522A5800D-LeaderElection34
2021-12-24 01:40:23,752 [a6ce1994-28f1-4352-8016-85e6856c4196@group-5F96F04EA259-FollowerState] INFO  impl.FollowerState (FollowerState.java:run(134)) - a6ce1994-28f1-4352-8016-85e6856c4196@group-5F96F04EA259-FollowerState: change to CANDIDATE, lastRpcElapsedTime:5014268251ns, electionTimeout:5011ms
2021-12-24 01:40:23,752 [a6ce1994-28f1-4352-8016-85e6856c4196@group-5F96F04EA259-FollowerState] INFO  impl.RoleInfo (RoleInfo.java:shutdownFollowerState(108)) - a6ce1994-28f1-4352-8016-85e6856c4196: shutdown a6ce1994-28f1-4352-8016-85e6856c4196@group-5F96F04EA259-FollowerState
2021-12-24 01:40:23,752 [a6ce1994-28f1-4352-8016-85e6856c4196@group-5F96F04EA259-FollowerState] INFO  server.RaftServer$Division (RaftServerImpl.java:setRole(290)) - a6ce1994-28f1-4352-8016-85e6856c4196@group-5F96F04EA259: changes role from  FOLLOWER to CANDIDATE at term 0 for changeToCandidate
2021-12-24 01:40:23,752 [a6ce1994-28f1-4352-8016-85e6856c4196@group-5F96F04EA259-FollowerState] INFO  server.RaftServerConfigKeys (ConfUtils.java:logGet(44)) - raft.server.leaderelection.pre-vote = false (custom)
2021-12-24 01:40:23,752 [a6ce1994-28f1-4352-8016-85e6856c4196@group-5F96F04EA259-FollowerState] INFO  impl.RoleInfo (RoleInfo.java:updateAndGet(130)) - a6ce1994-28f1-4352-8016-85e6856c4196: start a6ce1994-28f1-4352-8016-85e6856c4196@group-5F96F04EA259-LeaderElection35
2021-12-24 01:40:23,774 [a6ce1994-28f1-4352-8016-85e6856c4196@group-2DF522A5800D-LeaderElection34] INFO  impl.LeaderElection (LeaderElection.java:askForVotes(306)) - a6ce1994-28f1-4352-8016-85e6856c4196@group-2DF522A5800D-LeaderElection34 ELECTION round 0: submit vote requests at term 1 for -1: [a6ce1994-28f1-4352-8016-85e6856c4196|rpc:10.1.0.29:34939|priority:1], old=null
2021-12-24 01:40:23,774 [a6ce1994-28f1-4352-8016-85e6856c4196@group-2DF522A5800D-LeaderElection34] INFO  impl.LeaderElection (LeaderElection.java:askForVotes(308)) - a6ce1994-28f1-4352-8016-85e6856c4196@group-2DF522A5800D-LeaderElection34 ELECTION round 0: result PASSED (term=1)
2021-12-24 01:40:23,774 [a6ce1994-28f1-4352-8016-85e6856c4196@group-2DF522A5800D-LeaderElection34] INFO  impl.RoleInfo (RoleInfo.java:shutdownLeaderElection(121)) - a6ce1994-28f1-4352-8016-85e6856c4196: shutdown a6ce1994-28f1-4352-8016-85e6856c4196@group-2DF522A5800D-LeaderElection34
2021-12-24 01:40:23,774 [a6ce1994-28f1-4352-8016-85e6856c4196@group-2DF522A5800D-LeaderElection34] INFO  server.RaftServer$Division (RaftServerImpl.java:setRole(290)) - a6ce1994-28f1-4352-8016-85e6856c4196@group-2DF522A5800D: changes role from CANDIDATE to LEADER at term 1 for changeToLeader
2021-12-24 01:40:23,774 [a6ce1994-28f1-4352-8016-85e6856c4196@group-2DF522A5800D-LeaderElection34] INFO  ratis.XceiverServerRatis (XceiverServerRatis.java:handleLeaderChangedNotification(866)) - Leader change notification received for group: group-2DF522A5800D with new leaderId: a6ce1994-28f1-4352-8016-85e6856c4196
2021-12-24 01:40:23,774 [a6ce1994-28f1-4352-8016-85e6856c4196@group-2DF522A5800D-LeaderElection34] INFO  server.RaftServer$Division (ServerState.java:setLeader(285)) - a6ce1994-28f1-4352-8016-85e6856c4196@group-2DF522A5800D: change Leader from null to a6ce1994-28f1-4352-8016-85e6856c4196 at term 1 for becomeLeader, leader elected after 5106ms
2021-12-24 01:40:23,774 [a6ce1994-28f1-4352-8016-85e6856c4196@group-2DF522A5800D-LeaderElection34] INFO  server.RaftServerConfigKeys (ConfUtils.java:logGet(44)) - raft.server.staging.catchup.gap = 1000 (default)
2021-12-24 01:40:23,775 [a6ce1994-28f1-4352-8016-85e6856c4196@group-2DF522A5800D-LeaderElection34] INFO  server.RaftServerConfigKeys (ConfUtils.java:logGet(44)) - raft.server.write.element-limit = 1024 (custom)
2021-12-24 01:40:23,775 [a6ce1994-28f1-4352-8016-85e6856c4196@group-2DF522A5800D-LeaderElection34] INFO  server.RaftServerConfigKeys (ConfUtils.java:logGet(44)) - raft.server.write.byte-limit = 1024 M (=1073741824) (custom)
2021-12-24 01:40:23,775 [a6ce1994-28f1-4352-8016-85e6856c4196@group-2DF522A5800D-LeaderElection34] INFO  server.RaftServerConfigKeys (ConfUtils.java:logGet(44)) - raft.server.watch.timeout = 180s (custom)
2021-12-24 01:40:23,775 [a6ce1994-28f1-4352-8016-85e6856c4196@group-2DF522A5800D-LeaderElection34] INFO  server.RaftServerConfigKeys (ConfUtils.java:logGet(44)) - raft.server.watch.timeout.denomination = 1s (default)
2021-12-24 01:40:23,775 [a6ce1994-28f1-4352-8016-85e6856c4196@group-2DF522A5800D-LeaderElection34] INFO  server.RaftServerConfigKeys (ConfUtils.java:logGet(44)) - raft.server.watch.element-limit = 65536 (default)
2021-12-24 01:40:23,775 [a6ce1994-28f1-4352-8016-85e6856c4196@group-2DF522A5800D-LeaderElection34] INFO  server.RaftServerConfigKeys (ConfUtils.java:logGet(44)) - raft.server.write.element-limit = 1024 (custom)
2021-12-24 01:40:23,775 [a6ce1994-28f1-4352-8016-85e6856c4196@group-2DF522A5800D-LeaderElection34] INFO  server.RaftServerConfigKeys (ConfUtils.java:logGet(44)) - raft.server.write.follower.gap.ratio.max = -1.0 (default)
2021-12-24 01:40:23,775 [a6ce1994-28f1-4352-8016-85e6856c4196@group-2DF522A5800D-LeaderElection34] INFO  impl.RoleInfo (RoleInfo.java:updateAndGet(130)) - a6ce1994-28f1-4352-8016-85e6856c4196: start a6ce1994-28f1-4352-8016-85e6856c4196@group-2DF522A5800D-LeaderStateImpl
2021-12-24 01:40:23,776 [a6ce1994-28f1-4352-8016-85e6856c4196@group-2DF522A5800D-LeaderElection34] INFO  segmented.SegmentedRaftLogWorker (SegmentedRaftLogWorker.java:startLogSegment(394)) - a6ce1994-28f1-4352-8016-85e6856c4196@group-2DF522A5800D-SegmentedRaftLogWorker: Starting segment from index:0
2021-12-24 01:40:23,777 [EventQueue-OpenPipelineForHealthyPipelineSafeModeRule] INFO  safemode.SCMSafeModeManager (HealthyPipelineSafeModeRule.java:process(124)) - SCM in safe mode. Healthy pipelines reported count is 0, required healthy pipeline reported count is 1
2021-12-24 01:40:23,778 [a6ce1994-28f1-4352-8016-85e6856c4196@group-5F96F04EA259-LeaderElection35] INFO  impl.LeaderElection (LeaderElection.java:askForVotes(306)) - a6ce1994-28f1-4352-8016-85e6856c4196@group-5F96F04EA259-LeaderElection35 ELECTION round 0: submit vote requests at term 1 for -1: [73856bc3-967d-4281-b6ba-01ee2ea9c849|rpc:10.1.0.29:43861|priority:0, a6ce1994-28f1-4352-8016-85e6856c4196|rpc:10.1.0.29:34939|priority:1, 69c4d255-49bd-49b0-853d-43c713a11150|rpc:10.1.0.29:42241|priority:0], old=null
2021-12-24 01:40:23,781 [a6ce1994-28f1-4352-8016-85e6856c4196@group-2DF522A5800D-SegmentedRaftLogWorker] INFO  segmented.SegmentedRaftLogWorker (SegmentedRaftLogWorker.java:execute(601)) - a6ce1994-28f1-4352-8016-85e6856c4196@group-2DF522A5800D-SegmentedRaftLogWorker: created new log segment /home/runner/work/ozone/ozone/hadoop-ozone/integration-test/target/test-dir/MiniOzoneClusterImpl-497fae80-e4b5-45b5-b3c8-545e48efc269/datanode-0/data/ratis/afab40ff-1fb6-4109-ab5c-2df522a5800d/current/log_inprogress_0
2021-12-24 01:40:23,816 [a6ce1994-28f1-4352-8016-85e6856c4196@group-2DF522A5800D-LeaderElection34] INFO  server.RaftServer$Division (ServerState.java:setRaftConf(387)) - a6ce1994-28f1-4352-8016-85e6856c4196@group-2DF522A5800D: set configuration 0: [a6ce1994-28f1-4352-8016-85e6856c4196|rpc:10.1.0.29:34939|dataStream:|priority:1], old=null
2021-12-24 01:40:23,816 [grpc-default-executor-0] INFO  server.RaftServer$Division (RaftServerImpl.java:requestVote(1046)) - 73856bc3-967d-4281-b6ba-01ee2ea9c849@group-5F96F04EA259: receive requestVote(ELECTION, a6ce1994-28f1-4352-8016-85e6856c4196, group-5F96F04EA259, 1, (t:0, i:0))
2021-12-24 01:40:23,816 [grpc-default-executor-0] INFO  impl.VoteContext (VoteContext.java:log(48)) - 73856bc3-967d-4281-b6ba-01ee2ea9c849@group-5F96F04EA259-FOLLOWER: accept ELECTION from a6ce1994-28f1-4352-8016-85e6856c4196: our priority 0 <= candidate's priority 1
2021-12-24 01:40:23,816 [grpc-default-executor-0] INFO  server.RaftServer$Division (RaftServerImpl.java:setRole(290)) - 73856bc3-967d-4281-b6ba-01ee2ea9c849@group-5F96F04EA259: changes role from  FOLLOWER to FOLLOWER at term 1 for candidate:a6ce1994-28f1-4352-8016-85e6856c4196
2021-12-24 01:40:23,816 [grpc-default-executor-0] INFO  impl.RoleInfo (RoleInfo.java:shutdownFollowerState(108)) - 73856bc3-967d-4281-b6ba-01ee2ea9c849: shutdown 73856bc3-967d-4281-b6ba-01ee2ea9c849@group-5F96F04EA259-FollowerState
2021-12-24 01:40:23,816 [grpc-default-executor-0] INFO  impl.RoleInfo (RoleInfo.java:updateAndGet(130)) - 73856bc3-967d-4281-b6ba-01ee2ea9c849: start 73856bc3-967d-4281-b6ba-01ee2ea9c849@group-5F96F04EA259-FollowerState
2021-12-24 01:40:23,816 [73856bc3-967d-4281-b6ba-01ee2ea9c849@group-5F96F04EA259-FollowerState] INFO  impl.FollowerState (FollowerState.java:run(143)) - 73856bc3-967d-4281-b6ba-01ee2ea9c849@group-5F96F04EA259-FollowerState was interrupted: {}
java.lang.InterruptedException: sleep interrupted
	at java.lang.Thread.sleep(Native Method)
	at java.lang.Thread.sleep(Thread.java:340)
	at java.util.concurrent.TimeUnit.sleep(TimeUnit.java:386)
	at org.apache.ratis.util.TimeDuration.sleep(TimeDuration.java:324)
	at org.apache.ratis.util.TimeDuration.sleep(TimeDuration.java:309)
	at org.apache.ratis.server.impl.FollowerState.run(FollowerState.java:118)
2021-12-24 01:40:23,824 [grpc-default-executor-0] INFO  server.RaftServer$Division (RaftServerImpl.java:requestVote(1078)) - 73856bc3-967d-4281-b6ba-01ee2ea9c849@group-5F96F04EA259 replies to ELECTION vote request: a6ce1994-28f1-4352-8016-85e6856c4196<-73856bc3-967d-4281-b6ba-01ee2ea9c849#0:OK-t1. Peer's state: 73856bc3-967d-4281-b6ba-01ee2ea9c849@group-5F96F04EA259:t1, leader=null, voted=a6ce1994-28f1-4352-8016-85e6856c4196, raftlog=73856bc3-967d-4281-b6ba-01ee2ea9c849@group-5F96F04EA259-SegmentedRaftLog:OPENED:c-1, conf=-1: [73856bc3-967d-4281-b6ba-01ee2ea9c849|rpc:10.1.0.29:43861|dataStream:|priority:0, a6ce1994-28f1-4352-8016-85e6856c4196|rpc:10.1.0.29:34939|dataStream:|priority:1, 69c4d255-49bd-49b0-853d-43c713a11150|rpc:10.1.0.29:42241|dataStream:|priority:0], old=null
2021-12-24 01:40:23,871 [a6ce1994-28f1-4352-8016-85e6856c4196@group-5F96F04EA259-LeaderElection35] INFO  impl.LeaderElection (LeaderElection.java:logAndReturn(89)) - a6ce1994-28f1-4352-8016-85e6856c4196@group-5F96F04EA259-LeaderElection35: ELECTION PASSED received 1 response(s) and 0 exception(s):
2021-12-24 01:40:23,872 [a6ce1994-28f1-4352-8016-85e6856c4196@group-5F96F04EA259-LeaderElection35] INFO  impl.LeaderElection (LeaderElection.java:logAndReturn(93)) -   Response 0: a6ce1994-28f1-4352-8016-85e6856c4196<-73856bc3-967d-4281-b6ba-01ee2ea9c849#0:OK-t1
2021-12-24 01:40:23,872 [a6ce1994-28f1-4352-8016-85e6856c4196@group-5F96F04EA259-LeaderElection35] INFO  impl.LeaderElection (LeaderElection.java:askForVotes(308)) - a6ce1994-28f1-4352-8016-85e6856c4196@group-5F96F04EA259-LeaderElection35 ELECTION round 0: result PASSED
2021-12-24 01:40:23,872 [a6ce1994-28f1-4352-8016-85e6856c4196@group-5F96F04EA259-LeaderElection35] INFO  impl.RoleInfo (RoleInfo.java:shutdownLeaderElection(121)) - a6ce1994-28f1-4352-8016-85e6856c4196: shutdown a6ce1994-28f1-4352-8016-85e6856c4196@group-5F96F04EA259-LeaderElection35
2021-12-24 01:40:23,872 [a6ce1994-28f1-4352-8016-85e6856c4196@group-5F96F04EA259-LeaderElection35] INFO  server.RaftServer$Division (RaftServerImpl.java:setRole(290)) - a6ce1994-28f1-4352-8016-85e6856c4196@group-5F96F04EA259: changes role from CANDIDATE to LEADER at term 1 for changeToLeader
2021-12-24 01:40:23,872 [a6ce1994-28f1-4352-8016-85e6856c4196@group-5F96F04EA259-LeaderElection35] INFO  ratis.XceiverServerRatis (XceiverServerRatis.java:handleLeaderChangedNotification(866)) - Leader change notification received for group: group-5F96F04EA259 with new leaderId: a6ce1994-28f1-4352-8016-85e6856c4196
2021-12-24 01:40:23,872 [a6ce1994-28f1-4352-8016-85e6856c4196@group-5F96F04EA259-LeaderElection35] INFO  server.RaftServer$Division (ServerState.java:setLeader(285)) - a6ce1994-28f1-4352-8016-85e6856c4196@group-5F96F04EA259: change Leader from null to a6ce1994-28f1-4352-8016-85e6856c4196 at term 1 for becomeLeader, leader elected after 5143ms
2021-12-24 01:40:23,872 [a6ce1994-28f1-4352-8016-85e6856c4196@group-5F96F04EA259-LeaderElection35] INFO  server.RaftServerConfigKeys (ConfUtils.java:logGet(44)) - raft.server.staging.catchup.gap = 1000 (default)
2021-12-24 01:40:23,872 [a6ce1994-28f1-4352-8016-85e6856c4196@group-5F96F04EA259-LeaderElection35] INFO  server.RaftServerConfigKeys (ConfUtils.java:logGet(44)) - raft.server.write.element-limit = 1024 (custom)
2021-12-24 01:40:23,872 [a6ce1994-28f1-4352-8016-85e6856c4196@group-5F96F04EA259-LeaderElection35] INFO  server.RaftServerConfigKeys (ConfUtils.java:logGet(44)) - raft.server.write.byte-limit = 1024 M (=1073741824) (custom)
2021-12-24 01:40:23,873 [a6ce1994-28f1-4352-8016-85e6856c4196@group-5F96F04EA259-LeaderElection35] INFO  server.RaftServerConfigKeys (ConfUtils.java:logGet(44)) - raft.server.watch.timeout = 180s (custom)
2021-12-24 01:40:23,873 [a6ce1994-28f1-4352-8016-85e6856c4196@group-5F96F04EA259-LeaderElection35] INFO  server.RaftServerConfigKeys (ConfUtils.java:logGet(44)) - raft.server.watch.timeout.denomination = 1s (default)
2021-12-24 01:40:23,873 [a6ce1994-28f1-4352-8016-85e6856c4196@group-5F96F04EA259-LeaderElection35] INFO  server.RaftServerConfigKeys (ConfUtils.java:logGet(44)) - raft.server.watch.element-limit = 65536 (default)
2021-12-24 01:40:23,873 [a6ce1994-28f1-4352-8016-85e6856c4196@group-5F96F04EA259-LeaderElection35] INFO  server.RaftServerConfigKeys (ConfUtils.java:logGet(44)) - raft.server.write.element-limit = 1024 (custom)
2021-12-24 01:40:23,873 [a6ce1994-28f1-4352-8016-85e6856c4196@group-5F96F04EA259-LeaderElection35] INFO  server.RaftServerConfigKeys (ConfUtils.java:logGet(44)) - raft.server.write.follower.gap.ratio.max = -1.0 (default)
2021-12-24 01:40:23,873 [a6ce1994-28f1-4352-8016-85e6856c4196@group-5F96F04EA259-LeaderElection35] INFO  server.RaftServerConfigKeys (ConfUtils.java:logGet(44)) - raft.server.log.appender.snapshot.chunk.size.max = 16MB (=16777216) (default)
2021-12-24 01:40:23,873 [a6ce1994-28f1-4352-8016-85e6856c4196@group-5F96F04EA259-LeaderElection35] INFO  server.RaftServerConfigKeys (ConfUtils.java:logGet(44)) - raft.server.log.appender.buffer.byte-limit = 33554432 (custom)
2021-12-24 01:40:23,873 [a6ce1994-28f1-4352-8016-85e6856c4196@group-5F96F04EA259-LeaderElection35] INFO  server.RaftServerConfigKeys (ConfUtils.java:logGet(44)) - raft.server.log.appender.buffer.element-limit = 1 (custom)
2021-12-24 01:40:23,873 [a6ce1994-28f1-4352-8016-85e6856c4196@group-5F96F04EA259-LeaderElection35] INFO  grpc.GrpcConfigKeys (ConfUtils.java:logGet(44)) - raft.grpc.server.leader.outstanding.appends.max = 128 (default)
2021-12-24 01:40:23,873 [a6ce1994-28f1-4352-8016-85e6856c4196@group-5F96F04EA259-LeaderElection35] INFO  server.RaftServerConfigKeys (ConfUtils.java:logGet(44)) - raft.server.rpc.request.timeout = 60s (custom)
2021-12-24 01:40:23,874 [a6ce1994-28f1-4352-8016-85e6856c4196@group-5F96F04EA259-LeaderElection35] INFO  server.RaftServerConfigKeys (ConfUtils.java:logGet(44)) - raft.server.log.appender.install.snapshot.enabled = false (custom)
2021-12-24 01:40:23,876 [EventQueue-PipelineReportForPipelineReportHandler] INFO  pipeline.PipelineManagerImpl (PipelineManagerImpl.java:openPipeline(291)) - Pipeline Pipeline[ Id: 61ee6e77-5b70-48b7-868f-5f96f04ea259, Nodes: 73856bc3-967d-4281-b6ba-01ee2ea9c849{ip: 10.1.0.29, host: fv-az116-279.vzw04321ajxubdbcnpick5nqva.xx.internal.cloudapp.net, ports: [REPLICATION=40295, RATIS=43861, RATIS_ADMIN=43861, RATIS_SERVER=43861, STANDALONE=37897], networkLocation: /default-rack, certSerialId: null, persistedOpState: IN_SERVICE, persistedOpStateExpiryEpochSec: 0}69c4d255-49bd-49b0-853d-43c713a11150{ip: 10.1.0.29, host: fv-az116-279.vzw04321ajxubdbcnpick5nqva.xx.internal.cloudapp.net, ports: [REPLICATION=37021, RATIS=42241, RATIS_ADMIN=42241, RATIS_SERVER=42241, STANDALONE=43949], networkLocation: /default-rack, certSerialId: null, persistedOpState: IN_SERVICE, persistedOpStateExpiryEpochSec: 0}a6ce1994-28f1-4352-8016-85e6856c4196{ip: 10.1.0.29, host: fv-az116-279.vzw04321ajxubdbcnpick5nqva.xx.internal.cloudapp.net, ports: [REPLICATION=35781, RATIS=34939, RATIS_ADMIN=34939, RATIS_SERVER=34939, STANDALONE=33163], networkLocation: /default-rack, certSerialId: null, persistedOpState: IN_SERVICE, persistedOpStateExpiryEpochSec: 0}, ReplicationConfig: RATIS/THREE, State:ALLOCATED, leaderId:a6ce1994-28f1-4352-8016-85e6856c4196, CreationTimestamp2021-12-24T01:40:16.765Z[Etc/UTC]] moved to OPEN state
2021-12-24 01:40:23,877 [EventQueue-OpenPipelineForHealthyPipelineSafeModeRule] INFO  safemode.SCMSafeModeManager (HealthyPipelineSafeModeRule.java:process(124)) - SCM in safe mode. Healthy pipelines reported count is 1, required healthy pipeline reported count is 1
2021-12-24 01:40:23,877 [EventQueue-OpenPipelineForHealthyPipelineSafeModeRule] INFO  safemode.SCMSafeModeManager (SCMSafeModeManager.java:validateSafeModeExitRules(204)) - HealthyPipelineSafeModeRule rule is successfully validated
2021-12-24 01:40:23,877 [EventQueue-OpenPipelineForHealthyPipelineSafeModeRule] INFO  safemode.SCMSafeModeManager (SCMSafeModeManager.java:validateSafeModeExitRules(219)) - ScmSafeModeManager, all rules are successfully validated
2021-12-24 01:40:23,877 [EventQueue-OpenPipelineForHealthyPipelineSafeModeRule] INFO  safemode.SCMSafeModeManager (SCMSafeModeManager.java:exitSafeMode(248)) - SCM exiting safe mode.
2021-12-24 01:40:23,877 [EventQueue-OpenPipelineForHealthyPipelineSafeModeRule] WARN  events.EventQueue (EventQueue.java:fireEvent(194)) - No event handler registered for event TypedEvent{payloadType=SafeModeStatus, name='Safe mode status'}
2021-12-24 01:40:23,878 [EventQueue-OpenPipelineForHealthyPipelineSafeModeRule] INFO  ha.SCMContext (SCMContext.java:updateSafeModeStatus(211)) - Update SafeModeStatus from SafeModeStatus{safeModeStatus=true, preCheckPassed=true} to SafeModeStatus{safeModeStatus=false, preCheckPassed=true}.
2021-12-24 01:40:23,878 [EventQueue-OpenPipelineForHealthyPipelineSafeModeRule] INFO  pipeline.BackgroundPipelineCreator (BackgroundPipelineCreator.java:notifyStatusChanged(264)) - Service BackgroundPipelineCreator transitions to RUNNING.
2021-12-24 01:40:23,878 [EventQueue-OpenPipelineForHealthyPipelineSafeModeRule] INFO  container.ReplicationManager (ReplicationManager.java:notifyStatusChanged(1758)) - Service ReplicationManager transitions to RUNNING.
2021-12-24 01:40:23,886 [a6ce1994-28f1-4352-8016-85e6856c4196@group-5F96F04EA259-LeaderElection35] INFO  server.RaftServerConfigKeys (ConfUtils.java:logGet(44)) - raft.server.log.appender.snapshot.chunk.size.max = 16MB (=16777216) (default)
2021-12-24 01:40:23,894 [a6ce1994-28f1-4352-8016-85e6856c4196@group-5F96F04EA259-LeaderElection35] INFO  server.RaftServerConfigKeys (ConfUtils.java:logGet(44)) - raft.server.log.appender.buffer.byte-limit = 33554432 (custom)
2021-12-24 01:40:23,895 [a6ce1994-28f1-4352-8016-85e6856c4196@group-5F96F04EA259-LeaderElection35] INFO  server.RaftServerConfigKeys (ConfUtils.java:logGet(44)) - raft.server.log.appender.buffer.element-limit = 1 (custom)
2021-12-24 01:40:23,895 [a6ce1994-28f1-4352-8016-85e6856c4196@group-5F96F04EA259-LeaderElection35] INFO  grpc.GrpcConfigKeys (ConfUtils.java:logGet(44)) - raft.grpc.server.leader.outstanding.appends.max = 128 (default)
2021-12-24 01:40:23,895 [a6ce1994-28f1-4352-8016-85e6856c4196@group-5F96F04EA259-LeaderElection35] INFO  server.RaftServerConfigKeys (ConfUtils.java:logGet(44)) - raft.server.rpc.request.timeout = 60s (custom)
2021-12-24 01:40:23,895 [a6ce1994-28f1-4352-8016-85e6856c4196@group-5F96F04EA259-LeaderElection35] INFO  server.RaftServerConfigKeys (ConfUtils.java:logGet(44)) - raft.server.log.appender.install.snapshot.enabled = false (custom)
2021-12-24 01:40:23,896 [a6ce1994-28f1-4352-8016-85e6856c4196@group-5F96F04EA259-LeaderElection35] INFO  impl.RoleInfo (RoleInfo.java:updateAndGet(130)) - a6ce1994-28f1-4352-8016-85e6856c4196: start a6ce1994-28f1-4352-8016-85e6856c4196@group-5F96F04EA259-LeaderStateImpl
2021-12-24 01:40:23,896 [a6ce1994-28f1-4352-8016-85e6856c4196@group-5F96F04EA259-LeaderElection35] INFO  segmented.SegmentedRaftLogWorker (SegmentedRaftLogWorker.java:startLogSegment(394)) - a6ce1994-28f1-4352-8016-85e6856c4196@group-5F96F04EA259-SegmentedRaftLogWorker: Starting segment from index:0
2021-12-24 01:40:23,886 [grpc-default-executor-0] INFO  server.RaftServer$Division (RaftServerImpl.java:requestVote(1046)) - 69c4d255-49bd-49b0-853d-43c713a11150@group-5F96F04EA259: receive requestVote(ELECTION, a6ce1994-28f1-4352-8016-85e6856c4196, group-5F96F04EA259, 1, (t:0, i:0))
2021-12-24 01:40:23,897 [grpc-default-executor-0] INFO  impl.VoteContext (VoteContext.java:log(48)) - 69c4d255-49bd-49b0-853d-43c713a11150@group-5F96F04EA259-FOLLOWER: accept ELECTION from a6ce1994-28f1-4352-8016-85e6856c4196: our priority 0 <= candidate's priority 1
2021-12-24 01:40:23,897 [grpc-default-executor-0] INFO  server.RaftServer$Division (RaftServerImpl.java:setRole(290)) - 69c4d255-49bd-49b0-853d-43c713a11150@group-5F96F04EA259: changes role from  FOLLOWER to FOLLOWER at term 1 for candidate:a6ce1994-28f1-4352-8016-85e6856c4196
2021-12-24 01:40:23,897 [grpc-default-executor-0] INFO  impl.RoleInfo (RoleInfo.java:shutdownFollowerState(108)) - 69c4d255-49bd-49b0-853d-43c713a11150: shutdown 69c4d255-49bd-49b0-853d-43c713a11150@group-5F96F04EA259-FollowerState
2021-12-24 01:40:23,899 [a6ce1994-28f1-4352-8016-85e6856c4196@group-5F96F04EA259-SegmentedRaftLogWorker] INFO  segmented.SegmentedRaftLogWorker (SegmentedRaftLogWorker.java:execute(601)) - a6ce1994-28f1-4352-8016-85e6856c4196@group-5F96F04EA259-SegmentedRaftLogWorker: created new log segment /home/runner/work/ozone/ozone/hadoop-ozone/integration-test/target/test-dir/MiniOzoneClusterImpl-497fae80-e4b5-45b5-b3c8-545e48efc269/datanode-0/data/ratis/61ee6e77-5b70-48b7-868f-5f96f04ea259/current/log_inprogress_0
2021-12-24 01:40:23,910 [a6ce1994-28f1-4352-8016-85e6856c4196@group-5F96F04EA259-LeaderElection35] INFO  server.RaftServer$Division (ServerState.java:setRaftConf(387)) - a6ce1994-28f1-4352-8016-85e6856c4196@group-5F96F04EA259: set configuration 0: [73856bc3-967d-4281-b6ba-01ee2ea9c849|rpc:10.1.0.29:43861|dataStream:|priority:0, a6ce1994-28f1-4352-8016-85e6856c4196|rpc:10.1.0.29:34939|dataStream:|priority:1, 69c4d255-49bd-49b0-853d-43c713a11150|rpc:10.1.0.29:42241|dataStream:|priority:0], old=null
2021-12-24 01:40:23,910 [69c4d255-49bd-49b0-853d-43c713a11150@group-5F96F04EA259-FollowerState] INFO  impl.FollowerState (FollowerState.java:run(143)) - 69c4d255-49bd-49b0-853d-43c713a11150@group-5F96F04EA259-FollowerState was interrupted: {}
java.lang.InterruptedException: sleep interrupted
	at java.lang.Thread.sleep(Native Method)
	at java.lang.Thread.sleep(Thread.java:340)
	at java.util.concurrent.TimeUnit.sleep(TimeUnit.java:386)
	at org.apache.ratis.util.TimeDuration.sleep(TimeDuration.java:324)
	at org.apache.ratis.util.TimeDuration.sleep(TimeDuration.java:309)
	at org.apache.ratis.server.impl.FollowerState.run(FollowerState.java:118)
2021-12-24 01:40:23,910 [grpc-default-executor-0] INFO  impl.RoleInfo (RoleInfo.java:updateAndGet(130)) - 69c4d255-49bd-49b0-853d-43c713a11150: start 69c4d255-49bd-49b0-853d-43c713a11150@group-5F96F04EA259-FollowerState
2021-12-24 01:40:23,929 [grpc-default-executor-0] INFO  server.RaftServer$Division (RaftServerImpl.java:requestVote(1078)) - 69c4d255-49bd-49b0-853d-43c713a11150@group-5F96F04EA259 replies to ELECTION vote request: a6ce1994-28f1-4352-8016-85e6856c4196<-69c4d255-49bd-49b0-853d-43c713a11150#0:OK-t1. Peer's state: 69c4d255-49bd-49b0-853d-43c713a11150@group-5F96F04EA259:t1, leader=null, voted=a6ce1994-28f1-4352-8016-85e6856c4196, raftlog=69c4d255-49bd-49b0-853d-43c713a11150@group-5F96F04EA259-SegmentedRaftLog:OPENED:c-1, conf=-1: [73856bc3-967d-4281-b6ba-01ee2ea9c849|rpc:10.1.0.29:43861|dataStream:|priority:0, a6ce1994-28f1-4352-8016-85e6856c4196|rpc:10.1.0.29:34939|dataStream:|priority:1, 69c4d255-49bd-49b0-853d-43c713a11150|rpc:10.1.0.29:42241|dataStream:|priority:0], old=null
2021-12-24 01:40:23,960 [grpc-default-executor-2] INFO  ratis.XceiverServerRatis (XceiverServerRatis.java:handleLeaderChangedNotification(866)) - Leader change notification received for group: group-5F96F04EA259 with new leaderId: a6ce1994-28f1-4352-8016-85e6856c4196
2021-12-24 01:40:23,961 [grpc-default-executor-2] INFO  server.RaftServer$Division (ServerState.java:setLeader(285)) - 69c4d255-49bd-49b0-853d-43c713a11150@group-5F96F04EA259: change Leader from null to a6ce1994-28f1-4352-8016-85e6856c4196 at term 1 for appendEntries, leader elected after 5021ms
2021-12-24 01:40:23,970 [grpc-default-executor-2] INFO  server.RaftServer$Division (ServerState.java:setRaftConf(387)) - 69c4d255-49bd-49b0-853d-43c713a11150@group-5F96F04EA259: set configuration 0: [73856bc3-967d-4281-b6ba-01ee2ea9c849|rpc:10.1.0.29:43861|dataStream:|priority:0, a6ce1994-28f1-4352-8016-85e6856c4196|rpc:10.1.0.29:34939|dataStream:|priority:1, 69c4d255-49bd-49b0-853d-43c713a11150|rpc:10.1.0.29:42241|dataStream:|priority:0], old=null
2021-12-24 01:40:23,978 [grpc-default-executor-2] INFO  segmented.SegmentedRaftLogWorker (SegmentedRaftLogWorker.java:startLogSegment(394)) - 69c4d255-49bd-49b0-853d-43c713a11150@group-5F96F04EA259-SegmentedRaftLogWorker: Starting segment from index:0
2021-12-24 01:40:23,979 [grpc-default-executor-3] INFO  ratis.XceiverServerRatis (XceiverServerRatis.java:handleLeaderChangedNotification(866)) - Leader change notification received for group: group-5F96F04EA259 with new leaderId: a6ce1994-28f1-4352-8016-85e6856c4196
2021-12-24 01:40:23,979 [grpc-default-executor-3] INFO  server.RaftServer$Division (ServerState.java:setLeader(285)) - 73856bc3-967d-4281-b6ba-01ee2ea9c849@group-5F96F04EA259: change Leader from null to a6ce1994-28f1-4352-8016-85e6856c4196 at term 1 for appendEntries, leader elected after 5161ms
2021-12-24 01:40:23,998 [grpc-default-executor-3] INFO  server.RaftServer$Division (ServerState.java:setRaftConf(387)) - 73856bc3-967d-4281-b6ba-01ee2ea9c849@group-5F96F04EA259: set configuration 0: [73856bc3-967d-4281-b6ba-01ee2ea9c849|rpc:10.1.0.29:43861|dataStream:|priority:0, a6ce1994-28f1-4352-8016-85e6856c4196|rpc:10.1.0.29:34939|dataStream:|priority:1, 69c4d255-49bd-49b0-853d-43c713a11150|rpc:10.1.0.29:42241|dataStream:|priority:0], old=null
2021-12-24 01:40:23,999 [grpc-default-executor-3] INFO  segmented.SegmentedRaftLogWorker (SegmentedRaftLogWorker.java:startLogSegment(394)) - 73856bc3-967d-4281-b6ba-01ee2ea9c849@group-5F96F04EA259-SegmentedRaftLogWorker: Starting segment from index:0
2021-12-24 01:40:24,002 [69c4d255-49bd-49b0-853d-43c713a11150@group-5F96F04EA259-SegmentedRaftLogWorker] INFO  segmented.SegmentedRaftLogWorker (SegmentedRaftLogWorker.java:execute(601)) - 69c4d255-49bd-49b0-853d-43c713a11150@group-5F96F04EA259-SegmentedRaftLogWorker: created new log segment /home/runner/work/ozone/ozone/hadoop-ozone/integration-test/target/test-dir/MiniOzoneClusterImpl-497fae80-e4b5-45b5-b3c8-545e48efc269/datanode-1/data/ratis/61ee6e77-5b70-48b7-868f-5f96f04ea259/current/log_inprogress_0
2021-12-24 01:40:24,002 [73856bc3-967d-4281-b6ba-01ee2ea9c849@group-5F96F04EA259-SegmentedRaftLogWorker] INFO  segmented.SegmentedRaftLogWorker (SegmentedRaftLogWorker.java:execute(601)) - 73856bc3-967d-4281-b6ba-01ee2ea9c849@group-5F96F04EA259-SegmentedRaftLogWorker: created new log segment /home/runner/work/ozone/ozone/hadoop-ozone/integration-test/target/test-dir/MiniOzoneClusterImpl-497fae80-e4b5-45b5-b3c8-545e48efc269/datanode-2/data/ratis/61ee6e77-5b70-48b7-868f-5f96f04ea259/current/log_inprogress_0
2021-12-24 01:40:24,170 [a6ce1994-28f1-4352-8016-85e6856c4196@group-8AC3CA907AAE-FollowerState] INFO  impl.FollowerState (FollowerState.java:run(134)) - a6ce1994-28f1-4352-8016-85e6856c4196@group-8AC3CA907AAE-FollowerState: change to CANDIDATE, lastRpcElapsedTime:5131876392ns, electionTimeout:5128ms
2021-12-24 01:40:24,170 [a6ce1994-28f1-4352-8016-85e6856c4196@group-8AC3CA907AAE-FollowerState] INFO  impl.RoleInfo (RoleInfo.java:shutdownFollowerState(108)) - a6ce1994-28f1-4352-8016-85e6856c4196: shutdown a6ce1994-28f1-4352-8016-85e6856c4196@group-8AC3CA907AAE-FollowerState
2021-12-24 01:40:24,170 [a6ce1994-28f1-4352-8016-85e6856c4196@group-8AC3CA907AAE-FollowerState] INFO  server.RaftServer$Division (RaftServerImpl.java:setRole(290)) - a6ce1994-28f1-4352-8016-85e6856c4196@group-8AC3CA907AAE: changes role from  FOLLOWER to CANDIDATE at term 0 for changeToCandidate
2021-12-24 01:40:24,170 [a6ce1994-28f1-4352-8016-85e6856c4196@group-8AC3CA907AAE-FollowerState] INFO  server.RaftServerConfigKeys (ConfUtils.java:logGet(44)) - raft.server.leaderelection.pre-vote = false (custom)
2021-12-24 01:40:24,170 [a6ce1994-28f1-4352-8016-85e6856c4196@group-8AC3CA907AAE-FollowerState] INFO  impl.RoleInfo (RoleInfo.java:updateAndGet(130)) - a6ce1994-28f1-4352-8016-85e6856c4196: start a6ce1994-28f1-4352-8016-85e6856c4196@group-8AC3CA907AAE-LeaderElection36
2021-12-24 01:40:24,187 [a6ce1994-28f1-4352-8016-85e6856c4196@group-8AC3CA907AAE-LeaderElection36] INFO  impl.LeaderElection (LeaderElection.java:askForVotes(306)) - a6ce1994-28f1-4352-8016-85e6856c4196@group-8AC3CA907AAE-LeaderElection36 ELECTION round 0: submit vote requests at term 1 for -1: [73856bc3-967d-4281-b6ba-01ee2ea9c849|rpc:10.1.0.29:43861|priority:0, a6ce1994-28f1-4352-8016-85e6856c4196|rpc:10.1.0.29:34939|priority:0, 69c4d255-49bd-49b0-853d-43c713a11150|rpc:10.1.0.29:42241|priority:1], old=null
2021-12-24 01:40:24,204 [grpc-default-executor-3] INFO  server.RaftServer$Division (RaftServerImpl.java:requestVote(1046)) - 73856bc3-967d-4281-b6ba-01ee2ea9c849@group-8AC3CA907AAE: receive requestVote(ELECTION, a6ce1994-28f1-4352-8016-85e6856c4196, group-8AC3CA907AAE, 1, (t:0, i:0))
2021-12-24 01:40:24,204 [grpc-default-executor-3] INFO  impl.VoteContext (VoteContext.java:log(48)) - 73856bc3-967d-4281-b6ba-01ee2ea9c849@group-8AC3CA907AAE-FOLLOWER: accept ELECTION from a6ce1994-28f1-4352-8016-85e6856c4196: our priority 0 <= candidate's priority 0
2021-12-24 01:40:24,204 [grpc-default-executor-3] INFO  server.RaftServer$Division (RaftServerImpl.java:setRole(290)) - 73856bc3-967d-4281-b6ba-01ee2ea9c849@group-8AC3CA907AAE: changes role from  FOLLOWER to FOLLOWER at term 1 for candidate:a6ce1994-28f1-4352-8016-85e6856c4196
2021-12-24 01:40:24,204 [grpc-default-executor-3] INFO  impl.RoleInfo (RoleInfo.java:shutdownFollowerState(108)) - 73856bc3-967d-4281-b6ba-01ee2ea9c849: shutdown 73856bc3-967d-4281-b6ba-01ee2ea9c849@group-8AC3CA907AAE-FollowerState
2021-12-24 01:40:24,205 [grpc-default-executor-3] INFO  impl.RoleInfo (RoleInfo.java:updateAndGet(130)) - 73856bc3-967d-4281-b6ba-01ee2ea9c849: start 73856bc3-967d-4281-b6ba-01ee2ea9c849@group-8AC3CA907AAE-FollowerState
2021-12-24 01:40:24,206 [73856bc3-967d-4281-b6ba-01ee2ea9c849@group-8AC3CA907AAE-FollowerState] INFO  impl.FollowerState (FollowerState.java:run(143)) - 73856bc3-967d-4281-b6ba-01ee2ea9c849@group-8AC3CA907AAE-FollowerState was interrupted: {}
java.lang.InterruptedException: sleep interrupted
	at java.lang.Thread.sleep(Native Method)
	at java.lang.Thread.sleep(Thread.java:340)
	at java.util.concurrent.TimeUnit.sleep(TimeUnit.java:386)
	at org.apache.ratis.util.TimeDuration.sleep(TimeDuration.java:324)
	at org.apache.ratis.util.TimeDuration.sleep(TimeDuration.java:309)
	at org.apache.ratis.server.impl.FollowerState.run(FollowerState.java:118)
2021-12-24 01:40:24,215 [grpc-default-executor-3] INFO  server.RaftServer$Division (RaftServerImpl.java:requestVote(1078)) - 73856bc3-967d-4281-b6ba-01ee2ea9c849@group-8AC3CA907AAE replies to ELECTION vote request: a6ce1994-28f1-4352-8016-85e6856c4196<-73856bc3-967d-4281-b6ba-01ee2ea9c849#0:OK-t1. Peer's state: 73856bc3-967d-4281-b6ba-01ee2ea9c849@group-8AC3CA907AAE:t1, leader=null, voted=a6ce1994-28f1-4352-8016-85e6856c4196, raftlog=73856bc3-967d-4281-b6ba-01ee2ea9c849@group-8AC3CA907AAE-SegmentedRaftLog:OPENED:c-1, conf=-1: [73856bc3-967d-4281-b6ba-01ee2ea9c849|rpc:10.1.0.29:43861|dataStream:|priority:0, a6ce1994-28f1-4352-8016-85e6856c4196|rpc:10.1.0.29:34939|dataStream:|priority:0, 69c4d255-49bd-49b0-853d-43c713a11150|rpc:10.1.0.29:42241|dataStream:|priority:1], old=null
2021-12-24 01:40:24,218 [grpc-default-executor-3] INFO  server.RaftServer$Division (RaftServerImpl.java:requestVote(1046)) - 69c4d255-49bd-49b0-853d-43c713a11150@group-8AC3CA907AAE: receive requestVote(ELECTION, a6ce1994-28f1-4352-8016-85e6856c4196, group-8AC3CA907AAE, 1, (t:0, i:0))
2021-12-24 01:40:24,218 [grpc-default-executor-3] INFO  impl.VoteContext (VoteContext.java:log(48)) - 69c4d255-49bd-49b0-853d-43c713a11150@group-8AC3CA907AAE-FOLLOWER: reject ELECTION from a6ce1994-28f1-4352-8016-85e6856c4196: our priority 1 > candidate's priority 0
2021-12-24 01:40:24,218 [grpc-default-executor-3] INFO  server.RaftServer$Division (RaftServerImpl.java:setRole(290)) - 69c4d255-49bd-49b0-853d-43c713a11150@group-8AC3CA907AAE: changes role from  FOLLOWER to FOLLOWER at term 1 for candidate:a6ce1994-28f1-4352-8016-85e6856c4196
2021-12-24 01:40:24,218 [grpc-default-executor-3] INFO  impl.RoleInfo (RoleInfo.java:shutdownFollowerState(108)) - 69c4d255-49bd-49b0-853d-43c713a11150: shutdown 69c4d255-49bd-49b0-853d-43c713a11150@group-8AC3CA907AAE-FollowerState
2021-12-24 01:40:24,218 [grpc-default-executor-3] INFO  impl.RoleInfo (RoleInfo.java:updateAndGet(130)) - 69c4d255-49bd-49b0-853d-43c713a11150: start 69c4d255-49bd-49b0-853d-43c713a11150@group-8AC3CA907AAE-FollowerState
2021-12-24 01:40:24,218 [69c4d255-49bd-49b0-853d-43c713a11150@group-8AC3CA907AAE-FollowerState] INFO  impl.FollowerState (FollowerState.java:run(143)) - 69c4d255-49bd-49b0-853d-43c713a11150@group-8AC3CA907AAE-FollowerState was interrupted: {}
java.lang.InterruptedException: sleep interrupted
	at java.lang.Thread.sleep(Native Method)
	at java.lang.Thread.sleep(Thread.java:340)
	at java.util.concurrent.TimeUnit.sleep(TimeUnit.java:386)
	at org.apache.ratis.util.TimeDuration.sleep(TimeDuration.java:324)
	at org.apache.ratis.util.TimeDuration.sleep(TimeDuration.java:309)
	at org.apache.ratis.server.impl.FollowerState.run(FollowerState.java:118)
2021-12-24 01:40:24,220 [grpc-default-executor-3] INFO  server.RaftServer$Division (RaftServerImpl.java:requestVote(1078)) - 69c4d255-49bd-49b0-853d-43c713a11150@group-8AC3CA907AAE replies to ELECTION vote request: a6ce1994-28f1-4352-8016-85e6856c4196<-69c4d255-49bd-49b0-853d-43c713a11150#0:FAIL-t1. Peer's state: 69c4d255-49bd-49b0-853d-43c713a11150@group-8AC3CA907AAE:t1, leader=null, voted=null, raftlog=69c4d255-49bd-49b0-853d-43c713a11150@group-8AC3CA907AAE-SegmentedRaftLog:OPENED:c-1, conf=-1: [73856bc3-967d-4281-b6ba-01ee2ea9c849|rpc:10.1.0.29:43861|dataStream:|priority:0, a6ce1994-28f1-4352-8016-85e6856c4196|rpc:10.1.0.29:34939|dataStream:|priority:0, 69c4d255-49bd-49b0-853d-43c713a11150|rpc:10.1.0.29:42241|dataStream:|priority:1], old=null
2021-12-24 01:40:24,230 [a6ce1994-28f1-4352-8016-85e6856c4196@group-8AC3CA907AAE-LeaderElection36] INFO  impl.LeaderElection (LeaderElection.java:logAndReturn(89)) - a6ce1994-28f1-4352-8016-85e6856c4196@group-8AC3CA907AAE-LeaderElection36: ELECTION REJECTED received 1 response(s) and 0 exception(s):
2021-12-24 01:40:24,230 [a6ce1994-28f1-4352-8016-85e6856c4196@group-8AC3CA907AAE-LeaderElection36] INFO  impl.LeaderElection (LeaderElection.java:logAndReturn(93)) -   Response 0: a6ce1994-28f1-4352-8016-85e6856c4196<-69c4d255-49bd-49b0-853d-43c713a11150#0:FAIL-t1
2021-12-24 01:40:24,230 [a6ce1994-28f1-4352-8016-85e6856c4196@group-8AC3CA907AAE-LeaderElection36] INFO  impl.LeaderElection (LeaderElection.java:askForVotes(308)) - a6ce1994-28f1-4352-8016-85e6856c4196@group-8AC3CA907AAE-LeaderElection36 ELECTION round 0: result REJECTED
2021-12-24 01:40:24,231 [a6ce1994-28f1-4352-8016-85e6856c4196@group-8AC3CA907AAE-LeaderElection36] INFO  server.RaftServer$Division (RaftServerImpl.java:setRole(290)) - a6ce1994-28f1-4352-8016-85e6856c4196@group-8AC3CA907AAE: changes role from CANDIDATE to FOLLOWER at term 1 for REJECTED
2021-12-24 01:40:24,231 [a6ce1994-28f1-4352-8016-85e6856c4196@group-8AC3CA907AAE-LeaderElection36] INFO  impl.RoleInfo (RoleInfo.java:shutdownLeaderElection(121)) - a6ce1994-28f1-4352-8016-85e6856c4196: shutdown a6ce1994-28f1-4352-8016-85e6856c4196@group-8AC3CA907AAE-LeaderElection36
2021-12-24 01:40:24,231 [a6ce1994-28f1-4352-8016-85e6856c4196@group-8AC3CA907AAE-LeaderElection36] INFO  impl.RoleInfo (RoleInfo.java:updateAndGet(130)) - a6ce1994-28f1-4352-8016-85e6856c4196: start a6ce1994-28f1-4352-8016-85e6856c4196@group-8AC3CA907AAE-FollowerState
2021-12-24 01:40:24,369 [69c4d255-49bd-49b0-853d-43c713a11150@group-B6C191473F7F-FollowerState] INFO  impl.FollowerState (FollowerState.java:run(134)) - 69c4d255-49bd-49b0-853d-43c713a11150@group-B6C191473F7F-FollowerState: change to CANDIDATE, lastRpcElapsedTime:5097816239ns, electionTimeout:5095ms
2021-12-24 01:40:24,370 [69c4d255-49bd-49b0-853d-43c713a11150@group-B6C191473F7F-FollowerState] INFO  impl.RoleInfo (RoleInfo.java:shutdownFollowerState(108)) - 69c4d255-49bd-49b0-853d-43c713a11150: shutdown 69c4d255-49bd-49b0-853d-43c713a11150@group-B6C191473F7F-FollowerState
2021-12-24 01:40:24,370 [69c4d255-49bd-49b0-853d-43c713a11150@group-B6C191473F7F-FollowerState] INFO  server.RaftServer$Division (RaftServerImpl.java:setRole(290)) - 69c4d255-49bd-49b0-853d-43c713a11150@group-B6C191473F7F: changes role from  FOLLOWER to CANDIDATE at term 0 for changeToCandidate
2021-12-24 01:40:24,370 [69c4d255-49bd-49b0-853d-43c713a11150@group-B6C191473F7F-FollowerState] INFO  server.RaftServerConfigKeys (ConfUtils.java:logGet(44)) - raft.server.leaderelection.pre-vote = false (custom)
2021-12-24 01:40:24,370 [69c4d255-49bd-49b0-853d-43c713a11150@group-B6C191473F7F-FollowerState] INFO  impl.RoleInfo (RoleInfo.java:updateAndGet(130)) - 69c4d255-49bd-49b0-853d-43c713a11150: start 69c4d255-49bd-49b0-853d-43c713a11150@group-B6C191473F7F-LeaderElection37
2021-12-24 01:40:24,391 [69c4d255-49bd-49b0-853d-43c713a11150@group-B6C191473F7F-LeaderElection37] INFO  impl.LeaderElection (LeaderElection.java:askForVotes(306)) - 69c4d255-49bd-49b0-853d-43c713a11150@group-B6C191473F7F-LeaderElection37 ELECTION round 0: submit vote requests at term 1 for -1: [69c4d255-49bd-49b0-853d-43c713a11150|rpc:10.1.0.29:42241|priority:1], old=null
2021-12-24 01:40:24,391 [69c4d255-49bd-49b0-853d-43c713a11150@group-B6C191473F7F-LeaderElection37] INFO  impl.LeaderElection (LeaderElection.java:askForVotes(308)) - 69c4d255-49bd-49b0-853d-43c713a11150@group-B6C191473F7F-LeaderElection37 ELECTION round 0: result PASSED (term=1)
2021-12-24 01:40:24,393 [69c4d255-49bd-49b0-853d-43c713a11150@group-B6C191473F7F-LeaderElection37] INFO  impl.RoleInfo (RoleInfo.java:shutdownLeaderElection(121)) - 69c4d255-49bd-49b0-853d-43c713a11150: shutdown 69c4d255-49bd-49b0-853d-43c713a11150@group-B6C191473F7F-LeaderElection37
2021-12-24 01:40:24,393 [69c4d255-49bd-49b0-853d-43c713a11150@group-B6C191473F7F-LeaderElection37] INFO  server.RaftServer$Division (RaftServerImpl.java:setRole(290)) - 69c4d255-49bd-49b0-853d-43c713a11150@group-B6C191473F7F: changes role from CANDIDATE to LEADER at term 1 for changeToLeader
2021-12-24 01:40:24,393 [69c4d255-49bd-49b0-853d-43c713a11150@group-B6C191473F7F-LeaderElection37] INFO  ratis.XceiverServerRatis (XceiverServerRatis.java:handleLeaderChangedNotification(866)) - Leader change notification received for group: group-B6C191473F7F with new leaderId: 69c4d255-49bd-49b0-853d-43c713a11150
2021-12-24 01:40:24,394 [69c4d255-49bd-49b0-853d-43c713a11150@group-B6C191473F7F-LeaderElection37] INFO  server.RaftServer$Division (ServerState.java:setLeader(285)) - 69c4d255-49bd-49b0-853d-43c713a11150@group-B6C191473F7F: change Leader from null to 69c4d255-49bd-49b0-853d-43c713a11150 at term 1 for becomeLeader, leader elected after 5132ms
2021-12-24 01:40:24,394 [69c4d255-49bd-49b0-853d-43c713a11150@group-B6C191473F7F-LeaderElection37] INFO  server.RaftServerConfigKeys (ConfUtils.java:logGet(44)) - raft.server.staging.catchup.gap = 1000 (default)
2021-12-24 01:40:24,396 [69c4d255-49bd-49b0-853d-43c713a11150@group-B6C191473F7F-LeaderElection37] INFO  server.RaftServerConfigKeys (ConfUtils.java:logGet(44)) - raft.server.write.element-limit = 1024 (custom)
2021-12-24 01:40:24,396 [69c4d255-49bd-49b0-853d-43c713a11150@group-B6C191473F7F-LeaderElection37] INFO  server.RaftServerConfigKeys (ConfUtils.java:logGet(44)) - raft.server.write.byte-limit = 1024 M (=1073741824) (custom)
2021-12-24 01:40:24,397 [69c4d255-49bd-49b0-853d-43c713a11150@group-B6C191473F7F-LeaderElection37] INFO  server.RaftServerConfigKeys (ConfUtils.java:logGet(44)) - raft.server.watch.timeout = 180s (custom)
2021-12-24 01:40:24,397 [69c4d255-49bd-49b0-853d-43c713a11150@group-B6C191473F7F-LeaderElection37] INFO  server.RaftServerConfigKeys (ConfUtils.java:logGet(44)) - raft.server.watch.timeout.denomination = 1s (default)
2021-12-24 01:40:24,397 [69c4d255-49bd-49b0-853d-43c713a11150@group-B6C191473F7F-LeaderElection37] INFO  server.RaftServerConfigKeys (ConfUtils.java:logGet(44)) - raft.server.watch.element-limit = 65536 (default)
2021-12-24 01:40:24,397 [69c4d255-49bd-49b0-853d-43c713a11150@group-B6C191473F7F-LeaderElection37] INFO  server.RaftServerConfigKeys (ConfUtils.java:logGet(44)) - raft.server.write.element-limit = 1024 (custom)
2021-12-24 01:40:24,397 [69c4d255-49bd-49b0-853d-43c713a11150@group-B6C191473F7F-LeaderElection37] INFO  server.RaftServerConfigKeys (ConfUtils.java:logGet(44)) - raft.server.write.follower.gap.ratio.max = -1.0 (default)
2021-12-24 01:40:24,397 [69c4d255-49bd-49b0-853d-43c713a11150@group-B6C191473F7F-LeaderElection37] INFO  impl.RoleInfo (RoleInfo.java:updateAndGet(130)) - 69c4d255-49bd-49b0-853d-43c713a11150: start 69c4d255-49bd-49b0-853d-43c713a11150@group-B6C191473F7F-LeaderStateImpl
2021-12-24 01:40:24,398 [69c4d255-49bd-49b0-853d-43c713a11150@group-B6C191473F7F-LeaderElection37] INFO  segmented.SegmentedRaftLogWorker (SegmentedRaftLogWorker.java:startLogSegment(394)) - 69c4d255-49bd-49b0-853d-43c713a11150@group-B6C191473F7F-SegmentedRaftLogWorker: Starting segment from index:0
2021-12-24 01:40:24,412 [69c4d255-49bd-49b0-853d-43c713a11150@group-B6C191473F7F-SegmentedRaftLogWorker] INFO  segmented.SegmentedRaftLogWorker (SegmentedRaftLogWorker.java:execute(601)) - 69c4d255-49bd-49b0-853d-43c713a11150@group-B6C191473F7F-SegmentedRaftLogWorker: created new log segment /home/runner/work/ozone/ozone/hadoop-ozone/integration-test/target/test-dir/MiniOzoneClusterImpl-497fae80-e4b5-45b5-b3c8-545e48efc269/datanode-1/data/ratis/f71914d1-df83-4c83-95e9-b6c191473f7f/current/log_inprogress_0
2021-12-24 01:40:24,418 [69c4d255-49bd-49b0-853d-43c713a11150@group-B6C191473F7F-LeaderElection37] INFO  server.RaftServer$Division (ServerState.java:setRaftConf(387)) - 69c4d255-49bd-49b0-853d-43c713a11150@group-B6C191473F7F: set configuration 0: [69c4d255-49bd-49b0-853d-43c713a11150|rpc:10.1.0.29:42241|dataStream:|priority:1], old=null
2021-12-24 01:40:24,729 [Listener at 127.0.0.1/37545] INFO  ozone.MiniOzoneClusterImpl (MiniOzoneClusterImpl.java:lambda$waitForClusterToBeReady$0(235)) - Nodes are ready. Got 3 of 3 DN Heartbeats.
2021-12-24 01:40:24,729 [Listener at 127.0.0.1/37545] INFO  ozone.MiniOzoneClusterImpl (MiniOzoneClusterImpl.java:lambda$waitForClusterToBeReady$0(238)) - Cluster exits safe mode
2021-12-24 01:40:24,730 [Listener at 127.0.0.1/37545] INFO  ozone.MiniOzoneClusterImpl (MiniOzoneClusterImpl.java:lambda$waitForClusterToBeReady$0(240)) - SCM became leader
2021-12-24 01:40:24,808 [Listener at 127.0.0.1/37545] INFO  rpc.RpcClient (RpcClient.java:createVolume(389)) - Creating Volume: volume99208, with user13865 as owner and space quota set to -1 bytes, counts quota set to -1
2021-12-24 01:40:24,815 [IPC Server handler 0 on default port 37545] INFO  volume.OMVolumeCreateRequest (OMVolumeCreateRequest.java:validateAndUpdateCache(195)) - created volume:volume99208 for user:user13865
2021-12-24 01:40:24,828 [Listener at 127.0.0.1/37545] INFO  rpc.RpcClient (RpcClient.java:createBucket(552)) - Creating Bucket: volume99208/bucket01246, with runner as owner and Versioning false and Storage Type set to DISK and Encryption set to false 
]]></system-out>
    <system-err><![CDATA[Exception in thread "Trash Emptier" java.lang.UnsupportedOperationException: fs.getUri() not implemented in TrashOzoneFileSystem
	at org.apache.hadoop.ozone.om.TrashOzoneFileSystem.getUri(TrashOzoneFileSystem.java:124)
	at org.apache.hadoop.fs.FileSystem.close(FileSystem.java:2592)
	at org.apache.hadoop.ozone.om.TrashPolicyOzone$Emptier.run(TrashPolicyOzone.java:243)
	at java.lang.Thread.run(Thread.java:748)
]]></system-err>
  </testcase>
  <testcase name="testRenameFile[2]" classname="org.apache.hadoop.fs.ozone.TestRootedOzoneFileSystem" time="0.126"/>
  <testcase name="testListStatusRootAndVolumeRecursive[2]" classname="org.apache.hadoop.fs.ozone.TestRootedOzoneFileSystem" time="0.966"/>
  <testcase name="testTempMount[2]" classname="org.apache.hadoop.fs.ozone.TestRootedOzoneFileSystem" time="0.237"/>
  <testcase name="testListStatusRootAndVolumeNonRecursive[2]" classname="org.apache.hadoop.fs.ozone.TestRootedOzoneFileSystem" time="0.447"/>
  <testcase name="testDeleteVolumeAndBucket[2]" classname="org.apache.hadoop.fs.ozone.TestRootedOzoneFileSystem" time="0.044"/>
  <testcase name="testRenameDirToItsOwnSubDir[2]" classname="org.apache.hadoop.fs.ozone.TestRootedOzoneFileSystem" time="0.031"/>
  <testcase name="testOzoneFsServiceLoader[2]" classname="org.apache.hadoop.fs.ozone.TestRootedOzoneFileSystem" time="0.087"/>
  <testcase name="testTrash[2]" classname="org.apache.hadoop.fs.ozone.TestRootedOzoneFileSystem" time="0">
    <skipped/>
  </testcase>
  <testcase name="testRenameDestinationParentDoesntExist[2]" classname="org.apache.hadoop.fs.ozone.TestRootedOzoneFileSystem" time="0.065"/>
  <testcase name="testGetFileStatusRoot[2]" classname="org.apache.hadoop.fs.ozone.TestRootedOzoneFileSystem" time="0.037"/>
  <testcase name="testCreateWithInvalidPaths[2]" classname="org.apache.hadoop.fs.ozone.TestRootedOzoneFileSystem" time="0.033"/>
  <testcase name="testDeleteEmptyVolume[2]" classname="org.apache.hadoop.fs.ozone.TestRootedOzoneFileSystem" time="0.029"/>
  <testcase name="testListStatusRootAndVolumeContinuation[2]" classname="org.apache.hadoop.fs.ozone.TestRootedOzoneFileSystem" time="0">
    <skipped message="FS Path is enabled. Skipping this test as it is not tuned for FS Path yet" type="org.junit.AssumptionViolatedException">org.junit.AssumptionViolatedException: FS Path is enabled. Skipping this test as it is not tuned for FS Path yet
	at org.junit.Assume.assumeTrue(Assume.java:68)
	at org.apache.hadoop.fs.ozone.TestRootedOzoneFileSystem.testListStatusRootAndVolumeContinuation(TestRootedOzoneFileSystem.java:887)
	at sun.reflect.NativeMethodAccessorImpl.invoke0(Native Method)
	at sun.reflect.NativeMethodAccessorImpl.invoke(NativeMethodAccessorImpl.java:62)
	at sun.reflect.DelegatingMethodAccessorImpl.invoke(DelegatingMethodAccessorImpl.java:43)
	at java.lang.reflect.Method.invoke(Method.java:498)
	at org.junit.runners.model.FrameworkMethod$1.runReflectiveCall(FrameworkMethod.java:59)
	at org.junit.internal.runners.model.ReflectiveCallable.run(ReflectiveCallable.java:12)
	at org.junit.runners.model.FrameworkMethod.invokeExplosively(FrameworkMethod.java:56)
	at org.junit.internal.runners.statements.InvokeMethod.evaluate(InvokeMethod.java:17)
	at org.junit.internal.runners.statements.FailOnTimeout$CallableStatement.call(FailOnTimeout.java:288)
	at org.junit.internal.runners.statements.FailOnTimeout$CallableStatement.call(FailOnTimeout.java:282)
	at java.util.concurrent.FutureTask.run(FutureTask.java:266)
	at java.lang.Thread.run(Thread.java:748)
</skipped>
  </testcase>
  <testcase name="testDeleteVolumeBucketAndKey[2]" classname="org.apache.hadoop.fs.ozone.TestRootedOzoneFileSystem" time="0.108"/>
  <testcase name="testRenameToParentDir[2]" classname="org.apache.hadoop.fs.ozone.TestRootedOzoneFileSystem" time="0.085"/>
  <testcase name="testMkdirNonExistentVolumeBucket[2]" classname="org.apache.hadoop.fs.ozone.TestRootedOzoneFileSystem" time="0.032"/>
  <testcase name="testFailToDeleteRoot[2]" classname="org.apache.hadoop.fs.ozone.TestRootedOzoneFileSystem" time="0.016"/>
  <testcase name="testListStatusOnSubDirs[2]" classname="org.apache.hadoop.fs.ozone.TestRootedOzoneFileSystem" time="0.071"/>
  <testcase name="testListStatus[2]" classname="org.apache.hadoop.fs.ozone.TestRootedOzoneFileSystem" time="0.086"/>
  <testcase name="testGetTrashRoots[2]" classname="org.apache.hadoop.fs.ozone.TestRootedOzoneFileSystem" time="0.662"/>
  <testcase name="testCreateDoesNotAddParentDirKeys[2]" classname="org.apache.hadoop.fs.ozone.TestRootedOzoneFileSystem" time="0.163"/>
  <testcase name="testMkdirNonExistentVolume[2]" classname="org.apache.hadoop.fs.ozone.TestRootedOzoneFileSystem" time="0.012"/>
  <testcase name="testDeleteCreatesFakeParentDir[2]" classname="org.apache.hadoop.fs.ozone.TestRootedOzoneFileSystem" time="0">
    <skipped message="FS Path is enabled. Skipping this test as it is not tuned for FS Path yet" type="org.junit.AssumptionViolatedException">org.junit.AssumptionViolatedException: FS Path is enabled. Skipping this test as it is not tuned for FS Path yet
	at org.junit.Assume.assumeTrue(Assume.java:68)
	at org.apache.hadoop.fs.ozone.TestRootedOzoneFileSystem.testDeleteCreatesFakeParentDir(TestRootedOzoneFileSystem.java:302)
	at sun.reflect.NativeMethodAccessorImpl.invoke0(Native Method)
	at sun.reflect.NativeMethodAccessorImpl.invoke(NativeMethodAccessorImpl.java:62)
	at sun.reflect.DelegatingMethodAccessorImpl.invoke(DelegatingMethodAccessorImpl.java:43)
	at java.lang.reflect.Method.invoke(Method.java:498)
	at org.junit.runners.model.FrameworkMethod$1.runReflectiveCall(FrameworkMethod.java:59)
	at org.junit.internal.runners.model.ReflectiveCallable.run(ReflectiveCallable.java:12)
	at org.junit.runners.model.FrameworkMethod.invokeExplosively(FrameworkMethod.java:56)
	at org.junit.internal.runners.statements.InvokeMethod.evaluate(InvokeMethod.java:17)
	at org.junit.internal.runners.statements.FailOnTimeout$CallableStatement.call(FailOnTimeout.java:288)
	at org.junit.internal.runners.statements.FailOnTimeout$CallableStatement.call(FailOnTimeout.java:282)
	at java.util.concurrent.FutureTask.run(FutureTask.java:266)
	at java.lang.Thread.run(Thread.java:748)
</skipped>
  </testcase>
  <testcase name="testNonExplicitlyCreatedPathExistsAfterItsLeafsWereRemoved[2]" classname="org.apache.hadoop.fs.ozone.TestRootedOzoneFileSystem" time="0.059"/>
  <testcase name="testFileDelete[2]" classname="org.apache.hadoop.fs.ozone.TestRootedOzoneFileSystem" time="0.177"/>
  <testcase name="testRenameToTrashEnabled[2]" classname="org.apache.hadoop.fs.ozone.TestRootedOzoneFileSystem" time="0.189"/>
  <testcase name="testMkdirOnNonExistentVolumeBucketDir[2]" classname="org.apache.hadoop.fs.ozone.TestRootedOzoneFileSystem" time="0">
    <skipped message="FS Path is enabled. Skipping this test as it is not tuned for FS Path yet" type="org.junit.AssumptionViolatedException">org.junit.AssumptionViolatedException: FS Path is enabled. Skipping this test as it is not tuned for FS Path yet
	at org.junit.Assume.assumeTrue(Assume.java:68)
	at org.apache.hadoop.fs.ozone.TestRootedOzoneFileSystem.testMkdirOnNonExistentVolumeBucketDir(TestRootedOzoneFileSystem.java:405)
	at sun.reflect.NativeMethodAccessorImpl.invoke0(Native Method)
	at sun.reflect.NativeMethodAccessorImpl.invoke(NativeMethodAccessorImpl.java:62)
	at sun.reflect.DelegatingMethodAccessorImpl.invoke(DelegatingMethodAccessorImpl.java:43)
	at java.lang.reflect.Method.invoke(Method.java:498)
	at org.junit.runners.model.FrameworkMethod$1.runReflectiveCall(FrameworkMethod.java:59)
	at org.junit.internal.runners.model.ReflectiveCallable.run(ReflectiveCallable.java:12)
	at org.junit.runners.model.FrameworkMethod.invokeExplosively(FrameworkMethod.java:56)
	at org.junit.internal.runners.statements.InvokeMethod.evaluate(InvokeMethod.java:17)
	at org.junit.internal.runners.statements.FailOnTimeout$CallableStatement.call(FailOnTimeout.java:288)
	at org.junit.internal.runners.statements.FailOnTimeout$CallableStatement.call(FailOnTimeout.java:282)
	at java.util.concurrent.FutureTask.run(FutureTask.java:266)
	at java.lang.Thread.run(Thread.java:748)
</skipped>
  </testcase>
  <testcase name="testListStatusOnLargeDirectory[2]" classname="org.apache.hadoop.fs.ozone.TestRootedOzoneFileSystem" time="15.058"/>
  <testcase name="testRenameToDifferentBucket[2]" classname="org.apache.hadoop.fs.ozone.TestRootedOzoneFileSystem" time="0.05"/>
  <testcase name="testListStatusInBucket[2]" classname="org.apache.hadoop.fs.ozone.TestRootedOzoneFileSystem" time="0.054"/>
  <testcase name="testRenameFileToDir[2]" classname="org.apache.hadoop.fs.ozone.TestRootedOzoneFileSystem" time="0.117"/>
  <testcase name="testNonPrivilegedUserMkdirCreateBucket[3]" classname="org.apache.hadoop.fs.ozone.TestRootedOzoneFileSystem" time="0">
    <skipped message="ACL is not enabled. Skipping this test as it requires ACL to be enabled to be meaningful." type="org.junit.AssumptionViolatedException">org.junit.AssumptionViolatedException: ACL is not enabled. Skipping this test as it requires ACL to be enabled to be meaningful.
	at org.junit.Assume.assumeTrue(Assume.java:68)
	at org.apache.hadoop.fs.ozone.TestRootedOzoneFileSystem.testNonPrivilegedUserMkdirCreateBucket(TestRootedOzoneFileSystem.java:1582)
	at sun.reflect.NativeMethodAccessorImpl.invoke0(Native Method)
	at sun.reflect.NativeMethodAccessorImpl.invoke(NativeMethodAccessorImpl.java:62)
	at sun.reflect.DelegatingMethodAccessorImpl.invoke(DelegatingMethodAccessorImpl.java:43)
	at java.lang.reflect.Method.invoke(Method.java:498)
	at org.junit.runners.model.FrameworkMethod$1.runReflectiveCall(FrameworkMethod.java:59)
	at org.junit.internal.runners.model.ReflectiveCallable.run(ReflectiveCallable.java:12)
	at org.junit.runners.model.FrameworkMethod.invokeExplosively(FrameworkMethod.java:56)
	at org.junit.internal.runners.statements.InvokeMethod.evaluate(InvokeMethod.java:17)
	at org.junit.internal.runners.statements.FailOnTimeout$CallableStatement.call(FailOnTimeout.java:288)
	at org.junit.internal.runners.statements.FailOnTimeout$CallableStatement.call(FailOnTimeout.java:282)
	at java.util.concurrent.FutureTask.run(FutureTask.java:266)
	at java.lang.Thread.run(Thread.java:748)
</skipped>
    <system-out><![CDATA[2021-12-24 01:40:43,942 [Listener at 127.0.0.1/37545] INFO  ozone.MiniOzoneClusterImpl (MiniOzoneClusterImpl.java:shutdown(453)) - Shutting down the Mini Ozone Cluster
2021-12-24 01:40:43,942 [Listener at 127.0.0.1/37545] INFO  ozone.MiniOzoneClusterImpl (MiniOzoneClusterImpl.java:stop(468)) - Stopping the Mini Ozone Cluster
2021-12-24 01:40:43,942 [Listener at 127.0.0.1/37545] INFO  ozone.MiniOzoneClusterImpl (MiniOzoneClusterImpl.java:stopOM(550)) - Stopping the OzoneManager
2021-12-24 01:40:43,942 [Listener at 127.0.0.1/37545] INFO  om.OzoneManager (OzoneManager.java:stop(1893)) - om1[localhost:0]: Stopping Ozone Manager
2021-12-24 01:40:43,942 [Listener at 127.0.0.1/37545] INFO  ipc.Server (Server.java:stop(3414)) - Stopping server on 37545
2021-12-24 01:40:43,946 [IPC Server Responder] INFO  ipc.Server (Server.java:run(1512)) - Stopping IPC Server Responder
2021-12-24 01:40:43,946 [Listener at 127.0.0.1/37545] INFO  ratis.OzoneManagerDoubleBuffer (OzoneManagerDoubleBuffer.java:stop(437)) - Stopping OMDoubleBuffer flush thread
2021-12-24 01:40:43,946 [IPC Server listener on 0] INFO  ipc.Server (Server.java:run(1376)) - Stopping IPC Server listener on 0
2021-12-24 01:40:43,964 [OMDoubleBufferFlushThread] INFO  ratis.OzoneManagerDoubleBuffer (OzoneManagerDoubleBuffer.java:flushTransactions(356)) - OMDoubleBuffer flush thread OMDoubleBufferFlushThread is interrupted and will exit. OMDoubleBufferFlushThread
2021-12-24 01:40:43,964 [Listener at 127.0.0.1/37545] INFO  utils.BackgroundService (BackgroundService.java:shutdown(132)) - Shutting down service KeyDeletingService
2021-12-24 01:40:43,965 [Listener at 127.0.0.1/37545] INFO  utils.BackgroundService (BackgroundService.java:shutdown(132)) - Shutting down service DirectoryDeletingService
2021-12-24 01:40:43,992 [Listener at 127.0.0.1/37545] INFO  handler.ContextHandler (ContextHandler.java:doStop(1153)) - Stopped o.e.j.w.WebAppContext@d4f9a45{ozoneManager,/,null,STOPPED}{file:/home/runner/work/ozone/ozone/hadoop-ozone/integration-test/target/test-classes/webapps/ozoneManager}
2021-12-24 01:40:43,993 [Listener at 127.0.0.1/37545] INFO  server.AbstractConnector (AbstractConnector.java:doStop(381)) - Stopped ServerConnector@466b4a28{HTTP/1.1, (http/1.1)}{0.0.0.0:0}
2021-12-24 01:40:43,993 [Listener at 127.0.0.1/37545] INFO  server.session (HouseKeeper.java:stopScavenging(149)) - node0 Stopped scavenging
2021-12-24 01:40:43,994 [Listener at 127.0.0.1/37545] INFO  handler.ContextHandler (ContextHandler.java:doStop(1153)) - Stopped o.e.j.s.ServletContextHandler@5fe22903{static,/static,file:///home/runner/work/ozone/ozone/hadoop-ozone/integration-test/target/test-classes/webapps/static,STOPPED}
2021-12-24 01:40:43,994 [Listener at 127.0.0.1/37545] INFO  handler.ContextHandler (ContextHandler.java:doStop(1153)) - Stopped o.e.j.s.ServletContextHandler@649e1f4c{logs,/logs,file:///home/runner/work/ozone/ozone/hadoop-ozone/integration-test/target/log,STOPPED}
2021-12-24 01:40:44,016 [Listener at 127.0.0.1/37545] INFO  ozone.MiniOzoneClusterImpl (MiniOzoneClusterImpl.java:stopDatanodes(527)) - Stopping the HddsDatanodes
2021-12-24 01:40:49,025 [Listener at 127.0.0.1/37545] INFO  ozoneimpl.OzoneContainer (OzoneContainer.java:stop(336)) - Attempting to stop container services.
2021-12-24 01:40:49,026 [ForkJoinPool.commonPool-worker-0] INFO  ozoneimpl.OzoneContainer (OzoneContainer.java:stop(336)) - Attempting to stop container services.
2021-12-24 01:40:49,038 [Listener at 127.0.0.1/37545] INFO  server.RaftServer (RaftServerProxy.java:lambda$close$6(391)) - 69c4d255-49bd-49b0-853d-43c713a11150: close
2021-12-24 01:40:49,038 [Listener at 127.0.0.1/37545] INFO  server.RaftServer$Division (RaftServerImpl.java:lambda$close$4(412)) - 69c4d255-49bd-49b0-853d-43c713a11150@group-5F96F04EA259: shutdown
2021-12-24 01:40:49,039 [Listener at 127.0.0.1/37545] INFO  util.JmxRegister (JmxRegister.java:unregister(73)) - Successfully un-registered JMX Bean with object name Ratis:service=RaftServer,group=group-5F96F04EA259,id=69c4d255-49bd-49b0-853d-43c713a11150
2021-12-24 01:40:49,039 [Listener at 127.0.0.1/37545] INFO  impl.RoleInfo (RoleInfo.java:shutdownFollowerState(108)) - 69c4d255-49bd-49b0-853d-43c713a11150: shutdown 69c4d255-49bd-49b0-853d-43c713a11150@group-5F96F04EA259-FollowerState
2021-12-24 01:40:49,039 [Listener at 127.0.0.1/37545] INFO  impl.StateMachineUpdater (StateMachineUpdater.java:stopAndJoin(149)) - 69c4d255-49bd-49b0-853d-43c713a11150@group-5F96F04EA259-StateMachineUpdater: set stopIndex = 27
2021-12-24 01:40:49,039 [69c4d255-49bd-49b0-853d-43c713a11150@group-5F96F04EA259-StateMachineUpdater] INFO  ratis.ContainerStateMachine (ContainerStateMachine.java:takeSnapshot(299)) - group-5F96F04EA259: Taking a snapshot at:(t:1, i:27) file /home/runner/work/ozone/ozone/hadoop-ozone/integration-test/target/test-dir/MiniOzoneClusterImpl-497fae80-e4b5-45b5-b3c8-545e48efc269/datanode-1/data/ratis/61ee6e77-5b70-48b7-868f-5f96f04ea259/sm/snapshot.1_27
2021-12-24 01:40:49,038 [ForkJoinPool.commonPool-worker-0] INFO  server.RaftServer (RaftServerProxy.java:lambda$close$6(391)) - a6ce1994-28f1-4352-8016-85e6856c4196: close
2021-12-24 01:40:49,039 [ForkJoinPool.commonPool-worker-0] INFO  server.RaftServer$Division (RaftServerImpl.java:lambda$close$4(412)) - a6ce1994-28f1-4352-8016-85e6856c4196@group-5F96F04EA259: shutdown
2021-12-24 01:40:49,040 [ForkJoinPool.commonPool-worker-0] INFO  util.JmxRegister (JmxRegister.java:unregister(73)) - Successfully un-registered JMX Bean with object name Ratis:service=RaftServer,group=group-5F96F04EA259,id=a6ce1994-28f1-4352-8016-85e6856c4196
2021-12-24 01:40:49,040 [ForkJoinPool.commonPool-worker-0] INFO  impl.RoleInfo (RoleInfo.java:shutdownLeaderState(91)) - a6ce1994-28f1-4352-8016-85e6856c4196: shutdown a6ce1994-28f1-4352-8016-85e6856c4196@group-5F96F04EA259-LeaderStateImpl
2021-12-24 01:40:49,040 [a6ce1994-28f1-4352-8016-85e6856c4196@group-5F96F04EA259->69c4d255-49bd-49b0-853d-43c713a11150-GrpcLogAppender-LogAppenderDaemon] WARN  server.GrpcLogAppender (GrpcLogAppender.java:mayWait(177)) - a6ce1994-28f1-4352-8016-85e6856c4196@group-5F96F04EA259->69c4d255-49bd-49b0-853d-43c713a11150-GrpcLogAppender: Wait interrupted by java.lang.InterruptedException
2021-12-24 01:40:49,040 [a6ce1994-28f1-4352-8016-85e6856c4196@group-5F96F04EA259->73856bc3-967d-4281-b6ba-01ee2ea9c849-GrpcLogAppender-LogAppenderDaemon] WARN  server.GrpcLogAppender (GrpcLogAppender.java:mayWait(177)) - a6ce1994-28f1-4352-8016-85e6856c4196@group-5F96F04EA259->73856bc3-967d-4281-b6ba-01ee2ea9c849-GrpcLogAppender: Wait interrupted by java.lang.InterruptedException
2021-12-24 01:40:49,039 [69c4d255-49bd-49b0-853d-43c713a11150@group-5F96F04EA259-FollowerState] INFO  impl.FollowerState (FollowerState.java:run(143)) - 69c4d255-49bd-49b0-853d-43c713a11150@group-5F96F04EA259-FollowerState was interrupted: {}
java.lang.InterruptedException: sleep interrupted
	at java.lang.Thread.sleep(Native Method)
	at java.lang.Thread.sleep(Thread.java:340)
	at java.util.concurrent.TimeUnit.sleep(TimeUnit.java:386)
	at org.apache.ratis.util.TimeDuration.sleep(TimeDuration.java:324)
	at org.apache.ratis.util.TimeDuration.sleep(TimeDuration.java:309)
	at org.apache.ratis.server.impl.FollowerState.run(FollowerState.java:118)
2021-12-24 01:40:49,040 [ForkJoinPool.commonPool-worker-0] INFO  impl.PendingRequests (PendingRequests.java:sendNotLeaderResponses(282)) - a6ce1994-28f1-4352-8016-85e6856c4196@group-5F96F04EA259-PendingRequests: sendNotLeaderResponses
2021-12-24 01:40:49,041 [grpc-default-executor-3] INFO  server.GrpcServerProtocolService (GrpcServerProtocolService.java:onCompleted(140)) - 73856bc3-967d-4281-b6ba-01ee2ea9c849: Completed APPEND_ENTRIES, lastRequest: a6ce1994-28f1-4352-8016-85e6856c4196->73856bc3-967d-4281-b6ba-01ee2ea9c849#331-t1,previous=(t:1, i:26),leaderCommit=25,initializing? true,entries: size=1, first=(t:1, i:27), METADATAENTRY(c:25)
2021-12-24 01:40:49,041 [grpc-default-executor-1] INFO  server.GrpcServerProtocolService (GrpcServerProtocolService.java:onCompleted(140)) - 69c4d255-49bd-49b0-853d-43c713a11150: Completed APPEND_ENTRIES, lastRequest: a6ce1994-28f1-4352-8016-85e6856c4196->69c4d255-49bd-49b0-853d-43c713a11150#336-t1,previous=(t:1, i:26),leaderCommit=25,initializing? true,entries: size=1, first=(t:1, i:27), METADATAENTRY(c:25)
2021-12-24 01:40:49,042 [grpc-default-executor-0] INFO  server.GrpcLogAppender (GrpcLogAppender.java:onCompleted(346)) - a6ce1994-28f1-4352-8016-85e6856c4196@group-5F96F04EA259->73856bc3-967d-4281-b6ba-01ee2ea9c849-AppendLogResponseHandler: follower responses appendEntries COMPLETED
2021-12-24 01:40:49,042 [grpc-default-executor-0] INFO  leader.FollowerInfo (FollowerInfoImpl.java:lambda$new$0(47)) - a6ce1994-28f1-4352-8016-85e6856c4196@group-5F96F04EA259->73856bc3-967d-4281-b6ba-01ee2ea9c849: nextIndex: updateUnconditionally 28 -> 27
2021-12-24 01:40:49,042 [grpc-default-executor-3] INFO  server.GrpcLogAppender (GrpcLogAppender.java:onCompleted(346)) - a6ce1994-28f1-4352-8016-85e6856c4196@group-5F96F04EA259->69c4d255-49bd-49b0-853d-43c713a11150-AppendLogResponseHandler: follower responses appendEntries COMPLETED
2021-12-24 01:40:49,043 [grpc-default-executor-3] INFO  leader.FollowerInfo (FollowerInfoImpl.java:lambda$new$0(47)) - a6ce1994-28f1-4352-8016-85e6856c4196@group-5F96F04EA259->69c4d255-49bd-49b0-853d-43c713a11150: nextIndex: updateUnconditionally 28 -> 27
2021-12-24 01:40:49,045 [ForkJoinPool.commonPool-worker-0] INFO  impl.StateMachineUpdater (StateMachineUpdater.java:stopAndJoin(149)) - a6ce1994-28f1-4352-8016-85e6856c4196@group-5F96F04EA259-StateMachineUpdater: set stopIndex = 27
2021-12-24 01:40:49,045 [a6ce1994-28f1-4352-8016-85e6856c4196@group-5F96F04EA259-StateMachineUpdater] INFO  ratis.ContainerStateMachine (ContainerStateMachine.java:takeSnapshot(299)) - group-5F96F04EA259: Taking a snapshot at:(t:1, i:27) file /home/runner/work/ozone/ozone/hadoop-ozone/integration-test/target/test-dir/MiniOzoneClusterImpl-497fae80-e4b5-45b5-b3c8-545e48efc269/datanode-0/data/ratis/61ee6e77-5b70-48b7-868f-5f96f04ea259/sm/snapshot.1_27
2021-12-24 01:40:49,062 [a6ce1994-28f1-4352-8016-85e6856c4196@group-5F96F04EA259-StateMachineUpdater] INFO  ratis.ContainerStateMachine (ContainerStateMachine.java:takeSnapshot(310)) - group-5F96F04EA259: Finished taking a snapshot at:(t:1, i:27) file:/home/runner/work/ozone/ozone/hadoop-ozone/integration-test/target/test-dir/MiniOzoneClusterImpl-497fae80-e4b5-45b5-b3c8-545e48efc269/datanode-0/data/ratis/61ee6e77-5b70-48b7-868f-5f96f04ea259/sm/snapshot.1_27 took: 16 ms
2021-12-24 01:40:49,062 [a6ce1994-28f1-4352-8016-85e6856c4196@group-5F96F04EA259-StateMachineUpdater] INFO  impl.StateMachineUpdater (StateMachineUpdater.java:takeSnapshot(281)) - a6ce1994-28f1-4352-8016-85e6856c4196@group-5F96F04EA259-StateMachineUpdater: Took a snapshot at index 27
2021-12-24 01:40:49,062 [a6ce1994-28f1-4352-8016-85e6856c4196@group-5F96F04EA259-StateMachineUpdater] INFO  impl.StateMachineUpdater (StateMachineUpdater.java:lambda$new$0(89)) - a6ce1994-28f1-4352-8016-85e6856c4196@group-5F96F04EA259-StateMachineUpdater: snapshotIndex: updateIncreasingly -1 -> 27
2021-12-24 01:40:49,063 [69c4d255-49bd-49b0-853d-43c713a11150@group-5F96F04EA259-StateMachineUpdater] INFO  ratis.ContainerStateMachine (ContainerStateMachine.java:takeSnapshot(310)) - group-5F96F04EA259: Finished taking a snapshot at:(t:1, i:27) file:/home/runner/work/ozone/ozone/hadoop-ozone/integration-test/target/test-dir/MiniOzoneClusterImpl-497fae80-e4b5-45b5-b3c8-545e48efc269/datanode-1/data/ratis/61ee6e77-5b70-48b7-868f-5f96f04ea259/sm/snapshot.1_27 took: 23 ms
2021-12-24 01:40:49,063 [69c4d255-49bd-49b0-853d-43c713a11150@group-5F96F04EA259-StateMachineUpdater] INFO  impl.StateMachineUpdater (StateMachineUpdater.java:takeSnapshot(281)) - 69c4d255-49bd-49b0-853d-43c713a11150@group-5F96F04EA259-StateMachineUpdater: Took a snapshot at index 27
2021-12-24 01:40:49,064 [69c4d255-49bd-49b0-853d-43c713a11150@group-5F96F04EA259-StateMachineUpdater] INFO  impl.StateMachineUpdater (StateMachineUpdater.java:lambda$new$0(89)) - 69c4d255-49bd-49b0-853d-43c713a11150@group-5F96F04EA259-StateMachineUpdater: snapshotIndex: updateIncreasingly -1 -> 27
2021-12-24 01:40:49,065 [Listener at 127.0.0.1/37545] INFO  server.RaftServer$Division (ServerState.java:close(419)) - 69c4d255-49bd-49b0-853d-43c713a11150@group-5F96F04EA259: closes. applyIndex: 27
2021-12-24 01:40:49,065 [69c4d255-49bd-49b0-853d-43c713a11150@group-5F96F04EA259-SegmentedRaftLogWorker] INFO  segmented.SegmentedRaftLogWorker (SegmentedRaftLogWorker.java:run(327)) - 69c4d255-49bd-49b0-853d-43c713a11150@group-5F96F04EA259-SegmentedRaftLogWorker was interrupted, exiting. There are 0 tasks remaining in the queue.
2021-12-24 01:40:49,067 [Listener at 127.0.0.1/37545] INFO  segmented.SegmentedRaftLogWorker (SegmentedRaftLogWorker.java:close(237)) - 69c4d255-49bd-49b0-853d-43c713a11150@group-5F96F04EA259-SegmentedRaftLogWorker close()
2021-12-24 01:40:49,067 [Listener at 127.0.0.1/37545] INFO  server.RaftServer$Division (RaftServerImpl.java:lambda$close$4(412)) - 69c4d255-49bd-49b0-853d-43c713a11150@group-B6C191473F7F: shutdown
2021-12-24 01:40:49,068 [Listener at 127.0.0.1/37545] INFO  util.JmxRegister (JmxRegister.java:unregister(73)) - Successfully un-registered JMX Bean with object name Ratis:service=RaftServer,group=group-B6C191473F7F,id=69c4d255-49bd-49b0-853d-43c713a11150
2021-12-24 01:40:49,068 [Listener at 127.0.0.1/37545] INFO  impl.RoleInfo (RoleInfo.java:shutdownLeaderState(91)) - 69c4d255-49bd-49b0-853d-43c713a11150: shutdown 69c4d255-49bd-49b0-853d-43c713a11150@group-B6C191473F7F-LeaderStateImpl
2021-12-24 01:40:49,068 [Listener at 127.0.0.1/37545] INFO  impl.PendingRequests (PendingRequests.java:sendNotLeaderResponses(282)) - 69c4d255-49bd-49b0-853d-43c713a11150@group-B6C191473F7F-PendingRequests: sendNotLeaderResponses
2021-12-24 01:40:49,070 [69c4d255-49bd-49b0-853d-43c713a11150@group-B6C191473F7F-StateMachineUpdater] INFO  ratis.ContainerStateMachine (ContainerStateMachine.java:takeSnapshot(299)) - group-B6C191473F7F: Taking a snapshot at:(t:1, i:0) file /home/runner/work/ozone/ozone/hadoop-ozone/integration-test/target/test-dir/MiniOzoneClusterImpl-497fae80-e4b5-45b5-b3c8-545e48efc269/datanode-1/data/ratis/f71914d1-df83-4c83-95e9-b6c191473f7f/sm/snapshot.1_0
2021-12-24 01:40:49,070 [Listener at 127.0.0.1/37545] INFO  impl.StateMachineUpdater (StateMachineUpdater.java:stopAndJoin(149)) - 69c4d255-49bd-49b0-853d-43c713a11150@group-B6C191473F7F-StateMachineUpdater: set stopIndex = 0
2021-12-24 01:40:49,071 [ForkJoinPool.commonPool-worker-0] INFO  server.RaftServer$Division (ServerState.java:close(419)) - a6ce1994-28f1-4352-8016-85e6856c4196@group-5F96F04EA259: closes. applyIndex: 27
2021-12-24 01:40:49,071 [a6ce1994-28f1-4352-8016-85e6856c4196@group-5F96F04EA259-SegmentedRaftLogWorker] INFO  segmented.SegmentedRaftLogWorker (SegmentedRaftLogWorker.java:run(327)) - a6ce1994-28f1-4352-8016-85e6856c4196@group-5F96F04EA259-SegmentedRaftLogWorker was interrupted, exiting. There are 0 tasks remaining in the queue.
2021-12-24 01:40:49,072 [69c4d255-49bd-49b0-853d-43c713a11150@group-B6C191473F7F-StateMachineUpdater] INFO  ratis.ContainerStateMachine (ContainerStateMachine.java:takeSnapshot(310)) - group-B6C191473F7F: Finished taking a snapshot at:(t:1, i:0) file:/home/runner/work/ozone/ozone/hadoop-ozone/integration-test/target/test-dir/MiniOzoneClusterImpl-497fae80-e4b5-45b5-b3c8-545e48efc269/datanode-1/data/ratis/f71914d1-df83-4c83-95e9-b6c191473f7f/sm/snapshot.1_0 took: 2 ms
2021-12-24 01:40:49,072 [69c4d255-49bd-49b0-853d-43c713a11150@group-B6C191473F7F-StateMachineUpdater] INFO  impl.StateMachineUpdater (StateMachineUpdater.java:takeSnapshot(281)) - 69c4d255-49bd-49b0-853d-43c713a11150@group-B6C191473F7F-StateMachineUpdater: Took a snapshot at index 0
2021-12-24 01:40:49,072 [69c4d255-49bd-49b0-853d-43c713a11150@group-B6C191473F7F-StateMachineUpdater] INFO  impl.StateMachineUpdater (StateMachineUpdater.java:lambda$new$0(89)) - 69c4d255-49bd-49b0-853d-43c713a11150@group-B6C191473F7F-StateMachineUpdater: snapshotIndex: updateIncreasingly -1 -> 0
2021-12-24 01:40:49,074 [ForkJoinPool.commonPool-worker-0] INFO  segmented.SegmentedRaftLogWorker (SegmentedRaftLogWorker.java:close(237)) - a6ce1994-28f1-4352-8016-85e6856c4196@group-5F96F04EA259-SegmentedRaftLogWorker close()
2021-12-24 01:40:49,075 [ForkJoinPool.commonPool-worker-0] INFO  server.RaftServer$Division (RaftServerImpl.java:lambda$close$4(412)) - a6ce1994-28f1-4352-8016-85e6856c4196@group-2DF522A5800D: shutdown
2021-12-24 01:40:49,075 [ForkJoinPool.commonPool-worker-0] INFO  util.JmxRegister (JmxRegister.java:unregister(73)) - Successfully un-registered JMX Bean with object name Ratis:service=RaftServer,group=group-2DF522A5800D,id=a6ce1994-28f1-4352-8016-85e6856c4196
2021-12-24 01:40:49,075 [ForkJoinPool.commonPool-worker-0] INFO  impl.RoleInfo (RoleInfo.java:shutdownLeaderState(91)) - a6ce1994-28f1-4352-8016-85e6856c4196: shutdown a6ce1994-28f1-4352-8016-85e6856c4196@group-2DF522A5800D-LeaderStateImpl
2021-12-24 01:40:49,075 [ForkJoinPool.commonPool-worker-0] INFO  impl.PendingRequests (PendingRequests.java:sendNotLeaderResponses(282)) - a6ce1994-28f1-4352-8016-85e6856c4196@group-2DF522A5800D-PendingRequests: sendNotLeaderResponses
2021-12-24 01:40:49,076 [ForkJoinPool.commonPool-worker-0] INFO  impl.StateMachineUpdater (StateMachineUpdater.java:stopAndJoin(149)) - a6ce1994-28f1-4352-8016-85e6856c4196@group-2DF522A5800D-StateMachineUpdater: set stopIndex = 0
2021-12-24 01:40:49,076 [a6ce1994-28f1-4352-8016-85e6856c4196@group-2DF522A5800D-StateMachineUpdater] INFO  ratis.ContainerStateMachine (ContainerStateMachine.java:takeSnapshot(299)) - group-2DF522A5800D: Taking a snapshot at:(t:1, i:0) file /home/runner/work/ozone/ozone/hadoop-ozone/integration-test/target/test-dir/MiniOzoneClusterImpl-497fae80-e4b5-45b5-b3c8-545e48efc269/datanode-0/data/ratis/afab40ff-1fb6-4109-ab5c-2df522a5800d/sm/snapshot.1_0
2021-12-24 01:40:49,076 [a6ce1994-28f1-4352-8016-85e6856c4196@group-2DF522A5800D-StateMachineUpdater] INFO  ratis.ContainerStateMachine (ContainerStateMachine.java:takeSnapshot(310)) - group-2DF522A5800D: Finished taking a snapshot at:(t:1, i:0) file:/home/runner/work/ozone/ozone/hadoop-ozone/integration-test/target/test-dir/MiniOzoneClusterImpl-497fae80-e4b5-45b5-b3c8-545e48efc269/datanode-0/data/ratis/afab40ff-1fb6-4109-ab5c-2df522a5800d/sm/snapshot.1_0 took: 1 ms
2021-12-24 01:40:49,077 [a6ce1994-28f1-4352-8016-85e6856c4196@group-2DF522A5800D-StateMachineUpdater] INFO  impl.StateMachineUpdater (StateMachineUpdater.java:takeSnapshot(281)) - a6ce1994-28f1-4352-8016-85e6856c4196@group-2DF522A5800D-StateMachineUpdater: Took a snapshot at index 0
2021-12-24 01:40:49,077 [a6ce1994-28f1-4352-8016-85e6856c4196@group-2DF522A5800D-StateMachineUpdater] INFO  impl.StateMachineUpdater (StateMachineUpdater.java:lambda$new$0(89)) - a6ce1994-28f1-4352-8016-85e6856c4196@group-2DF522A5800D-StateMachineUpdater: snapshotIndex: updateIncreasingly -1 -> 0
2021-12-24 01:40:49,077 [ForkJoinPool.commonPool-worker-0] INFO  server.RaftServer$Division (ServerState.java:close(419)) - a6ce1994-28f1-4352-8016-85e6856c4196@group-2DF522A5800D: closes. applyIndex: 0
2021-12-24 01:40:49,077 [a6ce1994-28f1-4352-8016-85e6856c4196@group-2DF522A5800D-SegmentedRaftLogWorker] INFO  segmented.SegmentedRaftLogWorker (SegmentedRaftLogWorker.java:run(327)) - a6ce1994-28f1-4352-8016-85e6856c4196@group-2DF522A5800D-SegmentedRaftLogWorker was interrupted, exiting. There are 0 tasks remaining in the queue.
2021-12-24 01:40:49,078 [ForkJoinPool.commonPool-worker-0] INFO  segmented.SegmentedRaftLogWorker (SegmentedRaftLogWorker.java:close(237)) - a6ce1994-28f1-4352-8016-85e6856c4196@group-2DF522A5800D-SegmentedRaftLogWorker close()
2021-12-24 01:40:49,085 [Listener at 127.0.0.1/37545] INFO  server.RaftServer$Division (ServerState.java:close(419)) - 69c4d255-49bd-49b0-853d-43c713a11150@group-B6C191473F7F: closes. applyIndex: 0
2021-12-24 01:40:49,091 [69c4d255-49bd-49b0-853d-43c713a11150@group-B6C191473F7F-SegmentedRaftLogWorker] INFO  segmented.SegmentedRaftLogWorker (SegmentedRaftLogWorker.java:run(327)) - 69c4d255-49bd-49b0-853d-43c713a11150@group-B6C191473F7F-SegmentedRaftLogWorker was interrupted, exiting. There are 0 tasks remaining in the queue.
2021-12-24 01:40:49,092 [Listener at 127.0.0.1/37545] INFO  segmented.SegmentedRaftLogWorker (SegmentedRaftLogWorker.java:close(237)) - 69c4d255-49bd-49b0-853d-43c713a11150@group-B6C191473F7F-SegmentedRaftLogWorker close()
2021-12-24 01:40:49,093 [ForkJoinPool.commonPool-worker-0] INFO  server.RaftServer$Division (RaftServerImpl.java:lambda$close$4(412)) - a6ce1994-28f1-4352-8016-85e6856c4196@group-8AC3CA907AAE: shutdown
2021-12-24 01:40:49,093 [ForkJoinPool.commonPool-worker-0] INFO  util.JmxRegister (JmxRegister.java:unregister(73)) - Successfully un-registered JMX Bean with object name Ratis:service=RaftServer,group=group-8AC3CA907AAE,id=a6ce1994-28f1-4352-8016-85e6856c4196
2021-12-24 01:40:49,093 [ForkJoinPool.commonPool-worker-0] INFO  impl.RoleInfo (RoleInfo.java:shutdownFollowerState(108)) - a6ce1994-28f1-4352-8016-85e6856c4196: shutdown a6ce1994-28f1-4352-8016-85e6856c4196@group-8AC3CA907AAE-FollowerState
2021-12-24 01:40:49,094 [ForkJoinPool.commonPool-worker-0] INFO  impl.StateMachineUpdater (StateMachineUpdater.java:stopAndJoin(149)) - a6ce1994-28f1-4352-8016-85e6856c4196@group-8AC3CA907AAE-StateMachineUpdater: set stopIndex = 0
2021-12-24 01:40:49,094 [a6ce1994-28f1-4352-8016-85e6856c4196@group-8AC3CA907AAE-FollowerState] INFO  impl.FollowerState (FollowerState.java:run(143)) - a6ce1994-28f1-4352-8016-85e6856c4196@group-8AC3CA907AAE-FollowerState was interrupted: {}
java.lang.InterruptedException: sleep interrupted
	at java.lang.Thread.sleep(Native Method)
	at java.lang.Thread.sleep(Thread.java:340)
	at java.util.concurrent.TimeUnit.sleep(TimeUnit.java:386)
	at org.apache.ratis.util.TimeDuration.sleep(TimeDuration.java:324)
	at org.apache.ratis.util.TimeDuration.sleep(TimeDuration.java:309)
	at org.apache.ratis.server.impl.FollowerState.run(FollowerState.java:118)
2021-12-24 01:40:49,098 [a6ce1994-28f1-4352-8016-85e6856c4196@group-8AC3CA907AAE-StateMachineUpdater] INFO  ratis.ContainerStateMachine (ContainerStateMachine.java:takeSnapshot(299)) - group-8AC3CA907AAE: Taking a snapshot at:(t:2, i:0) file /home/runner/work/ozone/ozone/hadoop-ozone/integration-test/target/test-dir/MiniOzoneClusterImpl-497fae80-e4b5-45b5-b3c8-545e48efc269/datanode-0/data/ratis/c9bfafbb-0953-419c-be7b-8ac3ca907aae/sm/snapshot.2_0
2021-12-24 01:40:49,098 [Listener at 127.0.0.1/37545] INFO  server.RaftServer$Division (RaftServerImpl.java:lambda$close$4(412)) - 69c4d255-49bd-49b0-853d-43c713a11150@group-8AC3CA907AAE: shutdown
2021-12-24 01:40:49,098 [Listener at 127.0.0.1/37545] INFO  util.JmxRegister (JmxRegister.java:unregister(73)) - Successfully un-registered JMX Bean with object name Ratis:service=RaftServer,group=group-8AC3CA907AAE,id=69c4d255-49bd-49b0-853d-43c713a11150
2021-12-24 01:40:49,098 [Listener at 127.0.0.1/37545] INFO  impl.RoleInfo (RoleInfo.java:shutdownLeaderState(91)) - 69c4d255-49bd-49b0-853d-43c713a11150: shutdown 69c4d255-49bd-49b0-853d-43c713a11150@group-8AC3CA907AAE-LeaderStateImpl
2021-12-24 01:40:49,099 [69c4d255-49bd-49b0-853d-43c713a11150@group-8AC3CA907AAE->a6ce1994-28f1-4352-8016-85e6856c4196-GrpcLogAppender-LogAppenderDaemon] WARN  server.GrpcLogAppender (GrpcLogAppender.java:mayWait(177)) - 69c4d255-49bd-49b0-853d-43c713a11150@group-8AC3CA907AAE->a6ce1994-28f1-4352-8016-85e6856c4196-GrpcLogAppender: Wait interrupted by java.lang.InterruptedException
2021-12-24 01:40:49,099 [69c4d255-49bd-49b0-853d-43c713a11150@group-8AC3CA907AAE->73856bc3-967d-4281-b6ba-01ee2ea9c849-GrpcLogAppender-LogAppenderDaemon] WARN  server.GrpcLogAppender (GrpcLogAppender.java:mayWait(177)) - 69c4d255-49bd-49b0-853d-43c713a11150@group-8AC3CA907AAE->73856bc3-967d-4281-b6ba-01ee2ea9c849-GrpcLogAppender: Wait interrupted by java.lang.InterruptedException
2021-12-24 01:40:49,100 [grpc-default-executor-2] INFO  server.GrpcServerProtocolService (GrpcServerProtocolService.java:onCompleted(140)) - a6ce1994-28f1-4352-8016-85e6856c4196: Completed APPEND_ENTRIES, lastRequest: 69c4d255-49bd-49b0-853d-43c713a11150->a6ce1994-28f1-4352-8016-85e6856c4196#1-t2,previous=(t:0, i:0),leaderCommit=0,initializing? true,entries: size=1, first=(t:2, i:0), CONFIGURATIONENTRY
2021-12-24 01:40:49,100 [grpc-default-executor-1] INFO  server.GrpcServerProtocolService (GrpcServerProtocolService.java:onCompleted(140)) - 73856bc3-967d-4281-b6ba-01ee2ea9c849: Completed APPEND_ENTRIES, lastRequest: 69c4d255-49bd-49b0-853d-43c713a11150->73856bc3-967d-4281-b6ba-01ee2ea9c849#1-t2,previous=(t:0, i:0),leaderCommit=0,initializing? true,entries: size=1, first=(t:2, i:0), CONFIGURATIONENTRY
2021-12-24 01:40:49,099 [Listener at 127.0.0.1/37545] INFO  impl.PendingRequests (PendingRequests.java:sendNotLeaderResponses(282)) - 69c4d255-49bd-49b0-853d-43c713a11150@group-8AC3CA907AAE-PendingRequests: sendNotLeaderResponses
2021-12-24 01:40:49,114 [Listener at 127.0.0.1/37545] INFO  impl.StateMachineUpdater (StateMachineUpdater.java:stopAndJoin(149)) - 69c4d255-49bd-49b0-853d-43c713a11150@group-8AC3CA907AAE-StateMachineUpdater: set stopIndex = 0
2021-12-24 01:40:49,116 [69c4d255-49bd-49b0-853d-43c713a11150@group-8AC3CA907AAE-StateMachineUpdater] INFO  ratis.ContainerStateMachine (ContainerStateMachine.java:takeSnapshot(299)) - group-8AC3CA907AAE: Taking a snapshot at:(t:2, i:0) file /home/runner/work/ozone/ozone/hadoop-ozone/integration-test/target/test-dir/MiniOzoneClusterImpl-497fae80-e4b5-45b5-b3c8-545e48efc269/datanode-1/data/ratis/c9bfafbb-0953-419c-be7b-8ac3ca907aae/sm/snapshot.2_0
2021-12-24 01:40:49,116 [a6ce1994-28f1-4352-8016-85e6856c4196@group-8AC3CA907AAE-StateMachineUpdater] INFO  ratis.ContainerStateMachine (ContainerStateMachine.java:takeSnapshot(310)) - group-8AC3CA907AAE: Finished taking a snapshot at:(t:2, i:0) file:/home/runner/work/ozone/ozone/hadoop-ozone/integration-test/target/test-dir/MiniOzoneClusterImpl-497fae80-e4b5-45b5-b3c8-545e48efc269/datanode-0/data/ratis/c9bfafbb-0953-419c-be7b-8ac3ca907aae/sm/snapshot.2_0 took: 19 ms
2021-12-24 01:40:49,116 [a6ce1994-28f1-4352-8016-85e6856c4196@group-8AC3CA907AAE-StateMachineUpdater] INFO  impl.StateMachineUpdater (StateMachineUpdater.java:takeSnapshot(281)) - a6ce1994-28f1-4352-8016-85e6856c4196@group-8AC3CA907AAE-StateMachineUpdater: Took a snapshot at index 0
2021-12-24 01:40:49,116 [a6ce1994-28f1-4352-8016-85e6856c4196@group-8AC3CA907AAE-StateMachineUpdater] INFO  impl.StateMachineUpdater (StateMachineUpdater.java:lambda$new$0(89)) - a6ce1994-28f1-4352-8016-85e6856c4196@group-8AC3CA907AAE-StateMachineUpdater: snapshotIndex: updateIncreasingly -1 -> 0
2021-12-24 01:40:49,117 [grpc-default-executor-1] INFO  server.GrpcLogAppender (GrpcLogAppender.java:onCompleted(346)) - 69c4d255-49bd-49b0-853d-43c713a11150@group-8AC3CA907AAE->73856bc3-967d-4281-b6ba-01ee2ea9c849-AppendLogResponseHandler: follower responses appendEntries COMPLETED
2021-12-24 01:40:49,117 [grpc-default-executor-1] INFO  leader.FollowerInfo (FollowerInfoImpl.java:lambda$new$0(47)) - 69c4d255-49bd-49b0-853d-43c713a11150@group-8AC3CA907AAE->73856bc3-967d-4281-b6ba-01ee2ea9c849: nextIndex: updateUnconditionally 1 -> 0
2021-12-24 01:40:49,117 [grpc-default-executor-3] INFO  server.GrpcLogAppender (GrpcLogAppender.java:onCompleted(346)) - 69c4d255-49bd-49b0-853d-43c713a11150@group-8AC3CA907AAE->a6ce1994-28f1-4352-8016-85e6856c4196-AppendLogResponseHandler: follower responses appendEntries COMPLETED
2021-12-24 01:40:49,141 [grpc-default-executor-3] INFO  leader.FollowerInfo (FollowerInfoImpl.java:lambda$new$0(47)) - 69c4d255-49bd-49b0-853d-43c713a11150@group-8AC3CA907AAE->a6ce1994-28f1-4352-8016-85e6856c4196: nextIndex: updateUnconditionally 1 -> 0
2021-12-24 01:40:49,141 [69c4d255-49bd-49b0-853d-43c713a11150@group-8AC3CA907AAE-StateMachineUpdater] INFO  ratis.ContainerStateMachine (ContainerStateMachine.java:takeSnapshot(310)) - group-8AC3CA907AAE: Finished taking a snapshot at:(t:2, i:0) file:/home/runner/work/ozone/ozone/hadoop-ozone/integration-test/target/test-dir/MiniOzoneClusterImpl-497fae80-e4b5-45b5-b3c8-545e48efc269/datanode-1/data/ratis/c9bfafbb-0953-419c-be7b-8ac3ca907aae/sm/snapshot.2_0 took: 25 ms
2021-12-24 01:40:49,141 [69c4d255-49bd-49b0-853d-43c713a11150@group-8AC3CA907AAE-StateMachineUpdater] INFO  impl.StateMachineUpdater (StateMachineUpdater.java:takeSnapshot(281)) - 69c4d255-49bd-49b0-853d-43c713a11150@group-8AC3CA907AAE-StateMachineUpdater: Took a snapshot at index 0
2021-12-24 01:40:49,142 [69c4d255-49bd-49b0-853d-43c713a11150@group-8AC3CA907AAE-StateMachineUpdater] INFO  impl.StateMachineUpdater (StateMachineUpdater.java:lambda$new$0(89)) - 69c4d255-49bd-49b0-853d-43c713a11150@group-8AC3CA907AAE-StateMachineUpdater: snapshotIndex: updateIncreasingly -1 -> 0
2021-12-24 01:40:49,142 [Listener at 127.0.0.1/37545] INFO  server.RaftServer$Division (ServerState.java:close(419)) - 69c4d255-49bd-49b0-853d-43c713a11150@group-8AC3CA907AAE: closes. applyIndex: 0
2021-12-24 01:40:49,142 [69c4d255-49bd-49b0-853d-43c713a11150@group-8AC3CA907AAE-SegmentedRaftLogWorker] INFO  segmented.SegmentedRaftLogWorker (SegmentedRaftLogWorker.java:run(327)) - 69c4d255-49bd-49b0-853d-43c713a11150@group-8AC3CA907AAE-SegmentedRaftLogWorker was interrupted, exiting. There are 0 tasks remaining in the queue.
2021-12-24 01:40:49,131 [ForkJoinPool.commonPool-worker-0] INFO  server.RaftServer$Division (ServerState.java:close(419)) - a6ce1994-28f1-4352-8016-85e6856c4196@group-8AC3CA907AAE: closes. applyIndex: 0
2021-12-24 01:40:49,143 [a6ce1994-28f1-4352-8016-85e6856c4196@group-8AC3CA907AAE-SegmentedRaftLogWorker] INFO  segmented.SegmentedRaftLogWorker (SegmentedRaftLogWorker.java:run(327)) - a6ce1994-28f1-4352-8016-85e6856c4196@group-8AC3CA907AAE-SegmentedRaftLogWorker was interrupted, exiting. There are 0 tasks remaining in the queue.
2021-12-24 01:40:49,143 [ForkJoinPool.commonPool-worker-0] INFO  segmented.SegmentedRaftLogWorker (SegmentedRaftLogWorker.java:close(237)) - a6ce1994-28f1-4352-8016-85e6856c4196@group-8AC3CA907AAE-SegmentedRaftLogWorker close()
2021-12-24 01:40:49,144 [ForkJoinPool.commonPool-worker-0] INFO  server.GrpcService (GrpcService.java:closeImpl(262)) - a6ce1994-28f1-4352-8016-85e6856c4196: shutdown server with port 34939 now
2021-12-24 01:40:49,149 [grpc-default-executor-2] WARN  client.GrpcClientProtocolService (LogUtils.java:warn(122)) - 1-UnorderedRequestStreamObserver1: onError: org.apache.ratis.thirdparty.io.grpc.StatusRuntimeException: CANCELLED: client cancelled
2021-12-24 01:40:49,150 [Listener at 127.0.0.1/37545] INFO  segmented.SegmentedRaftLogWorker (SegmentedRaftLogWorker.java:close(237)) - 69c4d255-49bd-49b0-853d-43c713a11150@group-8AC3CA907AAE-SegmentedRaftLogWorker close()
2021-12-24 01:40:49,151 [Listener at 127.0.0.1/37545] INFO  server.GrpcService (GrpcService.java:closeImpl(262)) - 69c4d255-49bd-49b0-853d-43c713a11150: shutdown server with port 42241 now
2021-12-24 01:40:49,163 [Listener at 127.0.0.1/37545] INFO  server.GrpcService (GrpcService.java:closeImpl(271)) - 69c4d255-49bd-49b0-853d-43c713a11150: shutdown server with port 42241 successfully
2021-12-24 01:40:49,163 [org.apache.ratis.util.JvmPauseMonitor$$Lambda$528/1509220174@675b4cd7] INFO  util.JvmPauseMonitor (JvmPauseMonitor.java:run(109)) - JvmPauseMonitor-69c4d255-49bd-49b0-853d-43c713a11150: Stopped
2021-12-24 01:40:49,182 [ForkJoinPool.commonPool-worker-0] INFO  server.GrpcService (GrpcService.java:closeImpl(271)) - a6ce1994-28f1-4352-8016-85e6856c4196: shutdown server with port 34939 successfully
2021-12-24 01:40:49,182 [org.apache.ratis.util.JvmPauseMonitor$$Lambda$528/1509220174@28a59756] INFO  util.JvmPauseMonitor (JvmPauseMonitor.java:run(109)) - JvmPauseMonitor-a6ce1994-28f1-4352-8016-85e6856c4196: Stopped
2021-12-24 01:40:51,194 [Listener at 127.0.0.1/37545] INFO  utils.BackgroundService (BackgroundService.java:shutdown(132)) - Shutting down service BlockDeletingService
2021-12-24 01:40:51,210 [ForkJoinPool.commonPool-worker-0] INFO  utils.BackgroundService (BackgroundService.java:shutdown(132)) - Shutting down service BlockDeletingService
2021-12-24 01:40:54,197 [Listener at 127.0.0.1/37545] INFO  statemachine.DatanodeStateMachine (DatanodeStateMachine.java:stopDaemon(526)) - Ozone container server stopped.
2021-12-24 01:40:54,199 [Listener at 127.0.0.1/37545] INFO  handler.ContextHandler (ContextHandler.java:doStop(1153)) - Stopped o.e.j.w.WebAppContext@6a38c91e{hddsDatanode,/,null,STOPPED}{jar:file:/home/runner/.m2/repository/org/apache/ozone/hdds-container-service/1.3.0-SNAPSHOT/hdds-container-service-1.3.0-SNAPSHOT.jar!/webapps/hddsDatanode}
2021-12-24 01:40:54,202 [Listener at 127.0.0.1/37545] INFO  server.AbstractConnector (AbstractConnector.java:doStop(381)) - Stopped ServerConnector@27d1aa7{HTTP/1.1, (http/1.1)}{0.0.0.0:0}
2021-12-24 01:40:54,202 [Listener at 127.0.0.1/37545] INFO  server.session (HouseKeeper.java:stopScavenging(149)) - node0 Stopped scavenging
2021-12-24 01:40:54,206 [Listener at 127.0.0.1/37545] INFO  handler.ContextHandler (ContextHandler.java:doStop(1153)) - Stopped o.e.j.s.ServletContextHandler@14e8f78f{static,/static,jar:file:/home/runner/.m2/repository/org/apache/ozone/hdds-container-service/1.3.0-SNAPSHOT/hdds-container-service-1.3.0-SNAPSHOT.jar!/webapps/static,STOPPED}
2021-12-24 01:40:54,206 [Listener at 127.0.0.1/37545] INFO  handler.ContextHandler (ContextHandler.java:doStop(1153)) - Stopped o.e.j.s.ServletContextHandler@5b47dab5{logs,/logs,file:///home/runner/work/ozone/ozone/hadoop-ozone/integration-test/target/log,STOPPED}
2021-12-24 01:40:54,215 [ForkJoinPool.commonPool-worker-0] INFO  statemachine.DatanodeStateMachine (DatanodeStateMachine.java:stopDaemon(526)) - Ozone container server stopped.
2021-12-24 01:40:54,226 [ForkJoinPool.commonPool-worker-0] INFO  handler.ContextHandler (ContextHandler.java:doStop(1153)) - Stopped o.e.j.w.WebAppContext@3cc669cc{hddsDatanode,/,null,STOPPED}{jar:file:/home/runner/.m2/repository/org/apache/ozone/hdds-container-service/1.3.0-SNAPSHOT/hdds-container-service-1.3.0-SNAPSHOT.jar!/webapps/hddsDatanode}
2021-12-24 01:40:54,228 [ForkJoinPool.commonPool-worker-0] INFO  server.AbstractConnector (AbstractConnector.java:doStop(381)) - Stopped ServerConnector@2da3a042{HTTP/1.1, (http/1.1)}{0.0.0.0:0}
2021-12-24 01:40:54,228 [ForkJoinPool.commonPool-worker-0] INFO  server.session (HouseKeeper.java:stopScavenging(149)) - node0 Stopped scavenging
2021-12-24 01:40:54,230 [ForkJoinPool.commonPool-worker-0] INFO  handler.ContextHandler (ContextHandler.java:doStop(1153)) - Stopped o.e.j.s.ServletContextHandler@1ccc384a{static,/static,jar:file:/home/runner/.m2/repository/org/apache/ozone/hdds-container-service/1.3.0-SNAPSHOT/hdds-container-service-1.3.0-SNAPSHOT.jar!/webapps/static,STOPPED}
2021-12-24 01:40:54,231 [ForkJoinPool.commonPool-worker-0] INFO  handler.ContextHandler (ContextHandler.java:doStop(1153)) - Stopped o.e.j.s.ServletContextHandler@7b10e088{logs,/logs,file:///home/runner/work/ozone/ozone/hadoop-ozone/integration-test/target/log,STOPPED}
2021-12-24 01:40:54,497 [73856bc3-967d-4281-b6ba-01ee2ea9c849@group-5F96F04EA259-FollowerState] INFO  impl.FollowerState (FollowerState.java:run(134)) - 73856bc3-967d-4281-b6ba-01ee2ea9c849@group-5F96F04EA259-FollowerState: change to CANDIDATE, lastRpcElapsedTime:5816895009ns, electionTimeout:5185ms
2021-12-24 01:40:54,497 [73856bc3-967d-4281-b6ba-01ee2ea9c849@group-5F96F04EA259-FollowerState] INFO  impl.RoleInfo (RoleInfo.java:shutdownFollowerState(108)) - 73856bc3-967d-4281-b6ba-01ee2ea9c849: shutdown 73856bc3-967d-4281-b6ba-01ee2ea9c849@group-5F96F04EA259-FollowerState
2021-12-24 01:40:54,497 [73856bc3-967d-4281-b6ba-01ee2ea9c849@group-5F96F04EA259-FollowerState] INFO  server.RaftServer$Division (RaftServerImpl.java:setRole(290)) - 73856bc3-967d-4281-b6ba-01ee2ea9c849@group-5F96F04EA259: changes role from  FOLLOWER to CANDIDATE at term 1 for changeToCandidate
2021-12-24 01:40:54,497 [73856bc3-967d-4281-b6ba-01ee2ea9c849@group-5F96F04EA259-FollowerState] INFO  server.RaftServerConfigKeys (ConfUtils.java:logGet(44)) - raft.server.leaderelection.pre-vote = false (custom)
2021-12-24 01:40:54,497 [73856bc3-967d-4281-b6ba-01ee2ea9c849@group-5F96F04EA259-FollowerState] INFO  impl.RoleInfo (RoleInfo.java:updateAndGet(130)) - 73856bc3-967d-4281-b6ba-01ee2ea9c849: start 73856bc3-967d-4281-b6ba-01ee2ea9c849@group-5F96F04EA259-LeaderElection40
2021-12-24 01:40:54,535 [73856bc3-967d-4281-b6ba-01ee2ea9c849@group-5F96F04EA259-LeaderElection40] INFO  server.RaftServer$Division (ServerState.java:setLeader(285)) - 73856bc3-967d-4281-b6ba-01ee2ea9c849@group-5F96F04EA259: change Leader from a6ce1994-28f1-4352-8016-85e6856c4196 to null at term 1 for ELECTION
2021-12-24 01:40:54,538 [73856bc3-967d-4281-b6ba-01ee2ea9c849@group-5F96F04EA259-LeaderElection40] INFO  impl.LeaderElection (LeaderElection.java:askForVotes(306)) - 73856bc3-967d-4281-b6ba-01ee2ea9c849@group-5F96F04EA259-LeaderElection40 ELECTION round 0: submit vote requests at term 2 for 0: [73856bc3-967d-4281-b6ba-01ee2ea9c849|rpc:10.1.0.29:43861|dataStream:|priority:0, a6ce1994-28f1-4352-8016-85e6856c4196|rpc:10.1.0.29:34939|dataStream:|priority:1, 69c4d255-49bd-49b0-853d-43c713a11150|rpc:10.1.0.29:42241|dataStream:|priority:0], old=null
2021-12-24 01:40:54,554 [73856bc3-967d-4281-b6ba-01ee2ea9c849@group-5F96F04EA259-LeaderElection40] INFO  impl.LeaderElection (LogUtils.java:infoOrTrace(137)) - 73856bc3-967d-4281-b6ba-01ee2ea9c849@group-5F96F04EA259-LeaderElection40 got exception when requesting votes: java.util.concurrent.ExecutionException: org.apache.ratis.thirdparty.io.grpc.StatusRuntimeException: UNAVAILABLE: io exception
2021-12-24 01:40:54,569 [73856bc3-967d-4281-b6ba-01ee2ea9c849@group-5F96F04EA259-LeaderElection40] INFO  impl.LeaderElection (LogUtils.java:infoOrTrace(137)) - 73856bc3-967d-4281-b6ba-01ee2ea9c849@group-5F96F04EA259-LeaderElection40 got exception when requesting votes: java.util.concurrent.ExecutionException: org.apache.ratis.thirdparty.io.grpc.StatusRuntimeException: UNAVAILABLE: io exception
2021-12-24 01:40:54,570 [73856bc3-967d-4281-b6ba-01ee2ea9c849@group-5F96F04EA259-LeaderElection40] INFO  impl.LeaderElection (LeaderElection.java:logAndReturn(89)) - 73856bc3-967d-4281-b6ba-01ee2ea9c849@group-5F96F04EA259-LeaderElection40: ELECTION REJECTED received 0 response(s) and 2 exception(s):
2021-12-24 01:40:54,570 [73856bc3-967d-4281-b6ba-01ee2ea9c849@group-5F96F04EA259-LeaderElection40] INFO  impl.LeaderElection (LogUtils.java:infoOrTrace(137)) -   Exception 0: java.util.concurrent.ExecutionException: org.apache.ratis.thirdparty.io.grpc.StatusRuntimeException: UNAVAILABLE: io exception
2021-12-24 01:40:54,570 [73856bc3-967d-4281-b6ba-01ee2ea9c849@group-5F96F04EA259-LeaderElection40] INFO  impl.LeaderElection (LogUtils.java:infoOrTrace(137)) -   Exception 1: java.util.concurrent.ExecutionException: org.apache.ratis.thirdparty.io.grpc.StatusRuntimeException: UNAVAILABLE: io exception
2021-12-24 01:40:54,570 [73856bc3-967d-4281-b6ba-01ee2ea9c849@group-5F96F04EA259-LeaderElection40] INFO  impl.LeaderElection (LeaderElection.java:askForVotes(308)) - 73856bc3-967d-4281-b6ba-01ee2ea9c849@group-5F96F04EA259-LeaderElection40 ELECTION round 0: result REJECTED
2021-12-24 01:40:54,570 [73856bc3-967d-4281-b6ba-01ee2ea9c849@group-5F96F04EA259-LeaderElection40] INFO  server.RaftServer$Division (RaftServerImpl.java:setRole(290)) - 73856bc3-967d-4281-b6ba-01ee2ea9c849@group-5F96F04EA259: changes role from CANDIDATE to FOLLOWER at term 2 for REJECTED
2021-12-24 01:40:54,570 [73856bc3-967d-4281-b6ba-01ee2ea9c849@group-5F96F04EA259-LeaderElection40] INFO  impl.RoleInfo (RoleInfo.java:shutdownLeaderElection(121)) - 73856bc3-967d-4281-b6ba-01ee2ea9c849: shutdown 73856bc3-967d-4281-b6ba-01ee2ea9c849@group-5F96F04EA259-LeaderElection40
2021-12-24 01:40:54,570 [73856bc3-967d-4281-b6ba-01ee2ea9c849@group-5F96F04EA259-LeaderElection40] INFO  impl.RoleInfo (RoleInfo.java:updateAndGet(130)) - 73856bc3-967d-4281-b6ba-01ee2ea9c849: start 73856bc3-967d-4281-b6ba-01ee2ea9c849@group-5F96F04EA259-FollowerState
2021-12-24 01:40:54,957 [73856bc3-967d-4281-b6ba-01ee2ea9c849@group-8AC3CA907AAE-FollowerState] INFO  impl.FollowerState (FollowerState.java:run(134)) - 73856bc3-967d-4281-b6ba-01ee2ea9c849@group-8AC3CA907AAE-FollowerState: change to CANDIDATE, lastRpcElapsedTime:7786535706ns, electionTimeout:5177ms
2021-12-24 01:40:54,959 [73856bc3-967d-4281-b6ba-01ee2ea9c849@group-8AC3CA907AAE-FollowerState] INFO  impl.RoleInfo (RoleInfo.java:shutdownFollowerState(108)) - 73856bc3-967d-4281-b6ba-01ee2ea9c849: shutdown 73856bc3-967d-4281-b6ba-01ee2ea9c849@group-8AC3CA907AAE-FollowerState
2021-12-24 01:40:54,959 [73856bc3-967d-4281-b6ba-01ee2ea9c849@group-8AC3CA907AAE-FollowerState] INFO  server.RaftServer$Division (RaftServerImpl.java:setRole(290)) - 73856bc3-967d-4281-b6ba-01ee2ea9c849@group-8AC3CA907AAE: changes role from  FOLLOWER to CANDIDATE at term 2 for changeToCandidate
2021-12-24 01:40:54,960 [73856bc3-967d-4281-b6ba-01ee2ea9c849@group-8AC3CA907AAE-FollowerState] INFO  server.RaftServerConfigKeys (ConfUtils.java:logGet(44)) - raft.server.leaderelection.pre-vote = false (custom)
2021-12-24 01:40:54,960 [73856bc3-967d-4281-b6ba-01ee2ea9c849@group-8AC3CA907AAE-FollowerState] INFO  impl.RoleInfo (RoleInfo.java:updateAndGet(130)) - 73856bc3-967d-4281-b6ba-01ee2ea9c849: start 73856bc3-967d-4281-b6ba-01ee2ea9c849@group-8AC3CA907AAE-LeaderElection41
2021-12-24 01:40:54,973 [73856bc3-967d-4281-b6ba-01ee2ea9c849@group-8AC3CA907AAE-LeaderElection41] INFO  server.RaftServer$Division (ServerState.java:setLeader(285)) - 73856bc3-967d-4281-b6ba-01ee2ea9c849@group-8AC3CA907AAE: change Leader from 69c4d255-49bd-49b0-853d-43c713a11150 to null at term 2 for ELECTION
2021-12-24 01:40:54,983 [73856bc3-967d-4281-b6ba-01ee2ea9c849@group-8AC3CA907AAE-LeaderElection41] INFO  impl.LeaderElection (LeaderElection.java:askForVotes(306)) - 73856bc3-967d-4281-b6ba-01ee2ea9c849@group-8AC3CA907AAE-LeaderElection41 ELECTION round 0: submit vote requests at term 3 for 0: [73856bc3-967d-4281-b6ba-01ee2ea9c849|rpc:10.1.0.29:43861|dataStream:|priority:0, a6ce1994-28f1-4352-8016-85e6856c4196|rpc:10.1.0.29:34939|dataStream:|priority:0, 69c4d255-49bd-49b0-853d-43c713a11150|rpc:10.1.0.29:42241|dataStream:|priority:1], old=null
2021-12-24 01:40:54,983 [73856bc3-967d-4281-b6ba-01ee2ea9c849@group-8AC3CA907AAE-LeaderElection41] INFO  impl.LeaderElection (LogUtils.java:infoOrTrace(137)) - 73856bc3-967d-4281-b6ba-01ee2ea9c849@group-8AC3CA907AAE-LeaderElection41 got exception when requesting votes: java.util.concurrent.ExecutionException: org.apache.ratis.thirdparty.io.grpc.StatusRuntimeException: UNAVAILABLE: io exception
2021-12-24 01:40:54,984 [73856bc3-967d-4281-b6ba-01ee2ea9c849@group-8AC3CA907AAE-LeaderElection41] INFO  impl.LeaderElection (LogUtils.java:infoOrTrace(137)) - 73856bc3-967d-4281-b6ba-01ee2ea9c849@group-8AC3CA907AAE-LeaderElection41 got exception when requesting votes: java.util.concurrent.ExecutionException: org.apache.ratis.thirdparty.io.grpc.StatusRuntimeException: UNAVAILABLE: io exception
2021-12-24 01:40:54,984 [73856bc3-967d-4281-b6ba-01ee2ea9c849@group-8AC3CA907AAE-LeaderElection41] INFO  impl.LeaderElection (LeaderElection.java:logAndReturn(89)) - 73856bc3-967d-4281-b6ba-01ee2ea9c849@group-8AC3CA907AAE-LeaderElection41: ELECTION REJECTED received 0 response(s) and 2 exception(s):
2021-12-24 01:40:54,984 [73856bc3-967d-4281-b6ba-01ee2ea9c849@group-8AC3CA907AAE-LeaderElection41] INFO  impl.LeaderElection (LogUtils.java:infoOrTrace(137)) -   Exception 0: java.util.concurrent.ExecutionException: org.apache.ratis.thirdparty.io.grpc.StatusRuntimeException: UNAVAILABLE: io exception
2021-12-24 01:40:54,984 [73856bc3-967d-4281-b6ba-01ee2ea9c849@group-8AC3CA907AAE-LeaderElection41] INFO  impl.LeaderElection (LogUtils.java:infoOrTrace(137)) -   Exception 1: java.util.concurrent.ExecutionException: org.apache.ratis.thirdparty.io.grpc.StatusRuntimeException: UNAVAILABLE: io exception
2021-12-24 01:40:54,984 [73856bc3-967d-4281-b6ba-01ee2ea9c849@group-8AC3CA907AAE-LeaderElection41] INFO  impl.LeaderElection (LeaderElection.java:askForVotes(308)) - 73856bc3-967d-4281-b6ba-01ee2ea9c849@group-8AC3CA907AAE-LeaderElection41 ELECTION round 0: result REJECTED
2021-12-24 01:40:54,984 [73856bc3-967d-4281-b6ba-01ee2ea9c849@group-8AC3CA907AAE-LeaderElection41] INFO  server.RaftServer$Division (RaftServerImpl.java:setRole(290)) - 73856bc3-967d-4281-b6ba-01ee2ea9c849@group-8AC3CA907AAE: changes role from CANDIDATE to FOLLOWER at term 3 for REJECTED
2021-12-24 01:40:54,984 [73856bc3-967d-4281-b6ba-01ee2ea9c849@group-8AC3CA907AAE-LeaderElection41] INFO  impl.RoleInfo (RoleInfo.java:shutdownLeaderElection(121)) - 73856bc3-967d-4281-b6ba-01ee2ea9c849: shutdown 73856bc3-967d-4281-b6ba-01ee2ea9c849@group-8AC3CA907AAE-LeaderElection41
2021-12-24 01:40:54,984 [73856bc3-967d-4281-b6ba-01ee2ea9c849@group-8AC3CA907AAE-LeaderElection41] INFO  impl.RoleInfo (RoleInfo.java:updateAndGet(130)) - 73856bc3-967d-4281-b6ba-01ee2ea9c849: start 73856bc3-967d-4281-b6ba-01ee2ea9c849@group-8AC3CA907AAE-FollowerState
2021-12-24 01:40:59,216 [Listener at 127.0.0.1/37545] INFO  ozoneimpl.OzoneContainer (OzoneContainer.java:stop(336)) - Attempting to stop container services.
2021-12-24 01:40:59,219 [Listener at 127.0.0.1/37545] INFO  server.RaftServer (RaftServerProxy.java:lambda$close$6(391)) - 73856bc3-967d-4281-b6ba-01ee2ea9c849: close
2021-12-24 01:40:59,222 [Listener at 127.0.0.1/37545] INFO  server.RaftServer$Division (RaftServerImpl.java:lambda$close$4(412)) - 73856bc3-967d-4281-b6ba-01ee2ea9c849@group-5F96F04EA259: shutdown
2021-12-24 01:40:59,222 [Listener at 127.0.0.1/37545] INFO  util.JmxRegister (JmxRegister.java:unregister(73)) - Successfully un-registered JMX Bean with object name Ratis:service=RaftServer,group=group-5F96F04EA259,id=73856bc3-967d-4281-b6ba-01ee2ea9c849
2021-12-24 01:40:59,222 [Listener at 127.0.0.1/37545] INFO  impl.RoleInfo (RoleInfo.java:shutdownFollowerState(108)) - 73856bc3-967d-4281-b6ba-01ee2ea9c849: shutdown 73856bc3-967d-4281-b6ba-01ee2ea9c849@group-5F96F04EA259-FollowerState
2021-12-24 01:40:59,222 [Listener at 127.0.0.1/37545] INFO  impl.StateMachineUpdater (StateMachineUpdater.java:stopAndJoin(149)) - 73856bc3-967d-4281-b6ba-01ee2ea9c849@group-5F96F04EA259-StateMachineUpdater: set stopIndex = 27
2021-12-24 01:40:59,222 [73856bc3-967d-4281-b6ba-01ee2ea9c849@group-5F96F04EA259-FollowerState] INFO  impl.FollowerState (FollowerState.java:run(143)) - 73856bc3-967d-4281-b6ba-01ee2ea9c849@group-5F96F04EA259-FollowerState was interrupted: {}
java.lang.InterruptedException: sleep interrupted
	at java.lang.Thread.sleep(Native Method)
	at java.lang.Thread.sleep(Thread.java:340)
	at java.util.concurrent.TimeUnit.sleep(TimeUnit.java:386)
	at org.apache.ratis.util.TimeDuration.sleep(TimeDuration.java:324)
	at org.apache.ratis.util.TimeDuration.sleep(TimeDuration.java:309)
	at org.apache.ratis.server.impl.FollowerState.run(FollowerState.java:118)
2021-12-24 01:40:59,228 [73856bc3-967d-4281-b6ba-01ee2ea9c849@group-5F96F04EA259-StateMachineUpdater] INFO  ratis.ContainerStateMachine (ContainerStateMachine.java:takeSnapshot(299)) - group-5F96F04EA259: Taking a snapshot at:(t:1, i:27) file /home/runner/work/ozone/ozone/hadoop-ozone/integration-test/target/test-dir/MiniOzoneClusterImpl-497fae80-e4b5-45b5-b3c8-545e48efc269/datanode-2/data/ratis/61ee6e77-5b70-48b7-868f-5f96f04ea259/sm/snapshot.1_27
2021-12-24 01:40:59,230 [73856bc3-967d-4281-b6ba-01ee2ea9c849@group-5F96F04EA259-StateMachineUpdater] INFO  ratis.ContainerStateMachine (ContainerStateMachine.java:takeSnapshot(310)) - group-5F96F04EA259: Finished taking a snapshot at:(t:1, i:27) file:/home/runner/work/ozone/ozone/hadoop-ozone/integration-test/target/test-dir/MiniOzoneClusterImpl-497fae80-e4b5-45b5-b3c8-545e48efc269/datanode-2/data/ratis/61ee6e77-5b70-48b7-868f-5f96f04ea259/sm/snapshot.1_27 took: 1 ms
2021-12-24 01:40:59,230 [73856bc3-967d-4281-b6ba-01ee2ea9c849@group-5F96F04EA259-StateMachineUpdater] INFO  impl.StateMachineUpdater (StateMachineUpdater.java:takeSnapshot(281)) - 73856bc3-967d-4281-b6ba-01ee2ea9c849@group-5F96F04EA259-StateMachineUpdater: Took a snapshot at index 27
2021-12-24 01:40:59,230 [73856bc3-967d-4281-b6ba-01ee2ea9c849@group-5F96F04EA259-StateMachineUpdater] INFO  impl.StateMachineUpdater (StateMachineUpdater.java:lambda$new$0(89)) - 73856bc3-967d-4281-b6ba-01ee2ea9c849@group-5F96F04EA259-StateMachineUpdater: snapshotIndex: updateIncreasingly -1 -> 27
2021-12-24 01:40:59,231 [Listener at 127.0.0.1/37545] INFO  server.RaftServer$Division (ServerState.java:close(419)) - 73856bc3-967d-4281-b6ba-01ee2ea9c849@group-5F96F04EA259: closes. applyIndex: 27
2021-12-24 01:40:59,231 [73856bc3-967d-4281-b6ba-01ee2ea9c849@group-5F96F04EA259-SegmentedRaftLogWorker] INFO  segmented.SegmentedRaftLogWorker (SegmentedRaftLogWorker.java:run(327)) - 73856bc3-967d-4281-b6ba-01ee2ea9c849@group-5F96F04EA259-SegmentedRaftLogWorker was interrupted, exiting. There are 0 tasks remaining in the queue.
2021-12-24 01:40:59,234 [Listener at 127.0.0.1/37545] INFO  segmented.SegmentedRaftLogWorker (SegmentedRaftLogWorker.java:close(237)) - 73856bc3-967d-4281-b6ba-01ee2ea9c849@group-5F96F04EA259-SegmentedRaftLogWorker close()
2021-12-24 01:40:59,235 [Listener at 127.0.0.1/37545] INFO  server.RaftServer$Division (RaftServerImpl.java:lambda$close$4(412)) - 73856bc3-967d-4281-b6ba-01ee2ea9c849@group-B01C56B75185: shutdown
2021-12-24 01:40:59,235 [Listener at 127.0.0.1/37545] INFO  util.JmxRegister (JmxRegister.java:unregister(73)) - Successfully un-registered JMX Bean with object name Ratis:service=RaftServer,group=group-B01C56B75185,id=73856bc3-967d-4281-b6ba-01ee2ea9c849
2021-12-24 01:40:59,235 [Listener at 127.0.0.1/37545] INFO  impl.RoleInfo (RoleInfo.java:shutdownLeaderState(91)) - 73856bc3-967d-4281-b6ba-01ee2ea9c849: shutdown 73856bc3-967d-4281-b6ba-01ee2ea9c849@group-B01C56B75185-LeaderStateImpl
2021-12-24 01:40:59,235 [Listener at 127.0.0.1/37545] INFO  impl.PendingRequests (PendingRequests.java:sendNotLeaderResponses(282)) - 73856bc3-967d-4281-b6ba-01ee2ea9c849@group-B01C56B75185-PendingRequests: sendNotLeaderResponses
2021-12-24 01:40:59,236 [Listener at 127.0.0.1/37545] INFO  impl.StateMachineUpdater (StateMachineUpdater.java:stopAndJoin(149)) - 73856bc3-967d-4281-b6ba-01ee2ea9c849@group-B01C56B75185-StateMachineUpdater: set stopIndex = 0
2021-12-24 01:40:59,238 [73856bc3-967d-4281-b6ba-01ee2ea9c849@group-B01C56B75185-StateMachineUpdater] INFO  ratis.ContainerStateMachine (ContainerStateMachine.java:takeSnapshot(299)) - group-B01C56B75185: Taking a snapshot at:(t:1, i:0) file /home/runner/work/ozone/ozone/hadoop-ozone/integration-test/target/test-dir/MiniOzoneClusterImpl-497fae80-e4b5-45b5-b3c8-545e48efc269/datanode-2/data/ratis/00d4cd62-c983-4e05-9e5d-b01c56b75185/sm/snapshot.1_0
2021-12-24 01:40:59,239 [73856bc3-967d-4281-b6ba-01ee2ea9c849@group-B01C56B75185-StateMachineUpdater] INFO  ratis.ContainerStateMachine (ContainerStateMachine.java:takeSnapshot(310)) - group-B01C56B75185: Finished taking a snapshot at:(t:1, i:0) file:/home/runner/work/ozone/ozone/hadoop-ozone/integration-test/target/test-dir/MiniOzoneClusterImpl-497fae80-e4b5-45b5-b3c8-545e48efc269/datanode-2/data/ratis/00d4cd62-c983-4e05-9e5d-b01c56b75185/sm/snapshot.1_0 took: 1 ms
2021-12-24 01:40:59,239 [73856bc3-967d-4281-b6ba-01ee2ea9c849@group-B01C56B75185-StateMachineUpdater] INFO  impl.StateMachineUpdater (StateMachineUpdater.java:takeSnapshot(281)) - 73856bc3-967d-4281-b6ba-01ee2ea9c849@group-B01C56B75185-StateMachineUpdater: Took a snapshot at index 0
2021-12-24 01:40:59,239 [73856bc3-967d-4281-b6ba-01ee2ea9c849@group-B01C56B75185-StateMachineUpdater] INFO  impl.StateMachineUpdater (StateMachineUpdater.java:lambda$new$0(89)) - 73856bc3-967d-4281-b6ba-01ee2ea9c849@group-B01C56B75185-StateMachineUpdater: snapshotIndex: updateIncreasingly -1 -> 0
2021-12-24 01:40:59,239 [Listener at 127.0.0.1/37545] INFO  server.RaftServer$Division (ServerState.java:close(419)) - 73856bc3-967d-4281-b6ba-01ee2ea9c849@group-B01C56B75185: closes. applyIndex: 0
2021-12-24 01:40:59,240 [73856bc3-967d-4281-b6ba-01ee2ea9c849@group-B01C56B75185-SegmentedRaftLogWorker] INFO  segmented.SegmentedRaftLogWorker (SegmentedRaftLogWorker.java:run(327)) - 73856bc3-967d-4281-b6ba-01ee2ea9c849@group-B01C56B75185-SegmentedRaftLogWorker was interrupted, exiting. There are 0 tasks remaining in the queue.
2021-12-24 01:40:59,240 [Listener at 127.0.0.1/37545] INFO  segmented.SegmentedRaftLogWorker (SegmentedRaftLogWorker.java:close(237)) - 73856bc3-967d-4281-b6ba-01ee2ea9c849@group-B01C56B75185-SegmentedRaftLogWorker close()
2021-12-24 01:40:59,241 [Listener at 127.0.0.1/37545] INFO  server.RaftServer$Division (RaftServerImpl.java:lambda$close$4(412)) - 73856bc3-967d-4281-b6ba-01ee2ea9c849@group-8AC3CA907AAE: shutdown
2021-12-24 01:40:59,241 [Listener at 127.0.0.1/37545] INFO  util.JmxRegister (JmxRegister.java:unregister(73)) - Successfully un-registered JMX Bean with object name Ratis:service=RaftServer,group=group-8AC3CA907AAE,id=73856bc3-967d-4281-b6ba-01ee2ea9c849
2021-12-24 01:40:59,241 [Listener at 127.0.0.1/37545] INFO  impl.RoleInfo (RoleInfo.java:shutdownFollowerState(108)) - 73856bc3-967d-4281-b6ba-01ee2ea9c849: shutdown 73856bc3-967d-4281-b6ba-01ee2ea9c849@group-8AC3CA907AAE-FollowerState
2021-12-24 01:40:59,241 [Listener at 127.0.0.1/37545] INFO  impl.StateMachineUpdater (StateMachineUpdater.java:stopAndJoin(149)) - 73856bc3-967d-4281-b6ba-01ee2ea9c849@group-8AC3CA907AAE-StateMachineUpdater: set stopIndex = 0
2021-12-24 01:40:59,241 [73856bc3-967d-4281-b6ba-01ee2ea9c849@group-8AC3CA907AAE-FollowerState] INFO  impl.FollowerState (FollowerState.java:run(143)) - 73856bc3-967d-4281-b6ba-01ee2ea9c849@group-8AC3CA907AAE-FollowerState was interrupted: {}
java.lang.InterruptedException: sleep interrupted
	at java.lang.Thread.sleep(Native Method)
	at java.lang.Thread.sleep(Thread.java:340)
	at java.util.concurrent.TimeUnit.sleep(TimeUnit.java:386)
	at org.apache.ratis.util.TimeDuration.sleep(TimeDuration.java:324)
	at org.apache.ratis.util.TimeDuration.sleep(TimeDuration.java:309)
	at org.apache.ratis.server.impl.FollowerState.run(FollowerState.java:118)
2021-12-24 01:40:59,241 [73856bc3-967d-4281-b6ba-01ee2ea9c849@group-8AC3CA907AAE-StateMachineUpdater] INFO  ratis.ContainerStateMachine (ContainerStateMachine.java:takeSnapshot(299)) - group-8AC3CA907AAE: Taking a snapshot at:(t:2, i:0) file /home/runner/work/ozone/ozone/hadoop-ozone/integration-test/target/test-dir/MiniOzoneClusterImpl-497fae80-e4b5-45b5-b3c8-545e48efc269/datanode-2/data/ratis/c9bfafbb-0953-419c-be7b-8ac3ca907aae/sm/snapshot.2_0
2021-12-24 01:40:59,243 [73856bc3-967d-4281-b6ba-01ee2ea9c849@group-8AC3CA907AAE-StateMachineUpdater] INFO  ratis.ContainerStateMachine (ContainerStateMachine.java:takeSnapshot(310)) - group-8AC3CA907AAE: Finished taking a snapshot at:(t:2, i:0) file:/home/runner/work/ozone/ozone/hadoop-ozone/integration-test/target/test-dir/MiniOzoneClusterImpl-497fae80-e4b5-45b5-b3c8-545e48efc269/datanode-2/data/ratis/c9bfafbb-0953-419c-be7b-8ac3ca907aae/sm/snapshot.2_0 took: 1 ms
2021-12-24 01:40:59,243 [73856bc3-967d-4281-b6ba-01ee2ea9c849@group-8AC3CA907AAE-StateMachineUpdater] INFO  impl.StateMachineUpdater (StateMachineUpdater.java:takeSnapshot(281)) - 73856bc3-967d-4281-b6ba-01ee2ea9c849@group-8AC3CA907AAE-StateMachineUpdater: Took a snapshot at index 0
2021-12-24 01:40:59,243 [73856bc3-967d-4281-b6ba-01ee2ea9c849@group-8AC3CA907AAE-StateMachineUpdater] INFO  impl.StateMachineUpdater (StateMachineUpdater.java:lambda$new$0(89)) - 73856bc3-967d-4281-b6ba-01ee2ea9c849@group-8AC3CA907AAE-StateMachineUpdater: snapshotIndex: updateIncreasingly -1 -> 0
2021-12-24 01:40:59,244 [Listener at 127.0.0.1/37545] INFO  server.RaftServer$Division (ServerState.java:close(419)) - 73856bc3-967d-4281-b6ba-01ee2ea9c849@group-8AC3CA907AAE: closes. applyIndex: 0
2021-12-24 01:40:59,247 [73856bc3-967d-4281-b6ba-01ee2ea9c849@group-8AC3CA907AAE-SegmentedRaftLogWorker] INFO  segmented.SegmentedRaftLogWorker (SegmentedRaftLogWorker.java:run(327)) - 73856bc3-967d-4281-b6ba-01ee2ea9c849@group-8AC3CA907AAE-SegmentedRaftLogWorker was interrupted, exiting. There are 0 tasks remaining in the queue.
2021-12-24 01:40:59,248 [Listener at 127.0.0.1/37545] INFO  segmented.SegmentedRaftLogWorker (SegmentedRaftLogWorker.java:close(237)) - 73856bc3-967d-4281-b6ba-01ee2ea9c849@group-8AC3CA907AAE-SegmentedRaftLogWorker close()
2021-12-24 01:40:59,257 [Listener at 127.0.0.1/37545] INFO  server.GrpcService (GrpcService.java:closeImpl(262)) - 73856bc3-967d-4281-b6ba-01ee2ea9c849: shutdown server with port 43861 now
2021-12-24 01:40:59,280 [Listener at 127.0.0.1/37545] INFO  server.GrpcService (GrpcService.java:closeImpl(271)) - 73856bc3-967d-4281-b6ba-01ee2ea9c849: shutdown server with port 43861 successfully
2021-12-24 01:40:59,281 [org.apache.ratis.util.JvmPauseMonitor$$Lambda$528/1509220174@dbcc457] INFO  util.JvmPauseMonitor (JvmPauseMonitor.java:run(109)) - JvmPauseMonitor-73856bc3-967d-4281-b6ba-01ee2ea9c849: Stopped
2021-12-24 01:41:01,318 [Listener at 127.0.0.1/37545] INFO  utils.BackgroundService (BackgroundService.java:shutdown(132)) - Shutting down service BlockDeletingService
2021-12-24 01:41:04,327 [Listener at 127.0.0.1/37545] INFO  statemachine.DatanodeStateMachine (DatanodeStateMachine.java:stopDaemon(526)) - Ozone container server stopped.
2021-12-24 01:41:04,328 [Listener at 127.0.0.1/37545] INFO  handler.ContextHandler (ContextHandler.java:doStop(1153)) - Stopped o.e.j.w.WebAppContext@4e0a8bb0{hddsDatanode,/,null,STOPPED}{jar:file:/home/runner/.m2/repository/org/apache/ozone/hdds-container-service/1.3.0-SNAPSHOT/hdds-container-service-1.3.0-SNAPSHOT.jar!/webapps/hddsDatanode}
2021-12-24 01:41:04,330 [Listener at 127.0.0.1/37545] INFO  server.AbstractConnector (AbstractConnector.java:doStop(381)) - Stopped ServerConnector@5b0e558a{HTTP/1.1, (http/1.1)}{0.0.0.0:0}
2021-12-24 01:41:04,330 [Listener at 127.0.0.1/37545] INFO  server.session (HouseKeeper.java:stopScavenging(149)) - node0 Stopped scavenging
2021-12-24 01:41:04,330 [Listener at 127.0.0.1/37545] INFO  handler.ContextHandler (ContextHandler.java:doStop(1153)) - Stopped o.e.j.s.ServletContextHandler@2725c740{static,/static,jar:file:/home/runner/.m2/repository/org/apache/ozone/hdds-container-service/1.3.0-SNAPSHOT/hdds-container-service-1.3.0-SNAPSHOT.jar!/webapps/static,STOPPED}
2021-12-24 01:41:04,330 [Listener at 127.0.0.1/37545] INFO  handler.ContextHandler (ContextHandler.java:doStop(1153)) - Stopped o.e.j.s.ServletContextHandler@750bfe14{logs,/logs,file:///home/runner/work/ozone/ozone/hadoop-ozone/integration-test/target/log,STOPPED}
2021-12-24 01:41:04,338 [Listener at 127.0.0.1/37545] INFO  ozone.MiniOzoneClusterImpl (MiniOzoneClusterImpl.java:stopSCM(542)) - Stopping the StorageContainerManager
2021-12-24 01:41:04,338 [Listener at 127.0.0.1/37545] INFO  server.StorageContainerManager (StorageContainerManager.java:stop(1390)) - Stopping Container Balancer service.
2021-12-24 01:41:04,338 [Listener at 127.0.0.1/37545] INFO  balancer.ContainerBalancer (ContainerBalancer.java:stop(746)) - Container Balancer is not running.
2021-12-24 01:41:04,338 [Listener at 127.0.0.1/37545] INFO  server.StorageContainerManager (StorageContainerManager.java:stop(1397)) - Stopping Replication Manager Service.
2021-12-24 01:41:04,338 [Listener at 127.0.0.1/37545] INFO  container.ReplicationManager (ReplicationManager.java:stop(350)) - Stopping Replication Monitor Thread.
2021-12-24 01:41:04,339 [Listener at 127.0.0.1/37545] INFO  server.StorageContainerManager (StorageContainerManager.java:stop(1404)) - Stopping the Datanode Admin Monitor.
2021-12-24 01:41:04,339 [Listener at 127.0.0.1/37545] INFO  server.StorageContainerManager (StorageContainerManager.java:stop(1411)) - Stopping Lease Manager of the command watchers
2021-12-24 01:41:04,339 [Listener at 127.0.0.1/37545] INFO  server.StorageContainerManager (StorageContainerManager.java:stop(1418)) - Stopping datanode service RPC server
2021-12-24 01:41:04,339 [Listener at 127.0.0.1/37545] INFO  server.SCMDatanodeProtocolServer (SCMDatanodeProtocolServer.java:stop(390)) - Stopping the RPC server for DataNodes
2021-12-24 01:41:04,340 [Listener at 127.0.0.1/37545] INFO  ipc.Server (Server.java:stop(3414)) - Stopping server on 39607
2021-12-24 01:41:04,340 [IPC Server listener on 0] INFO  ipc.Server (Server.java:run(1376)) - Stopping IPC Server listener on 0
2021-12-24 01:41:04,342 [IPC Server Responder] INFO  ipc.Server (Server.java:run(1512)) - Stopping IPC Server Responder
2021-12-24 01:41:04,379 [SCM Heartbeat Processing Thread - 0] WARN  node.NodeStateManager (NodeStateManager.java:scheduleNextHealthCheck(799)) - Current Thread is interrupted, shutting down HB processing thread for Node Manager.
2021-12-24 01:41:04,379 [Listener at 127.0.0.1/37545] INFO  server.StorageContainerManager (StorageContainerManager.java:stop(1426)) - Stopping block service RPC server
2021-12-24 01:41:04,379 [Listener at 127.0.0.1/37545] INFO  server.SCMBlockProtocolServer (SCMBlockProtocolServer.java:stop(160)) - Stopping the RPC server for Block Protocol
2021-12-24 01:41:04,379 [Listener at 127.0.0.1/37545] INFO  ipc.Server (Server.java:stop(3414)) - Stopping server on 39913
2021-12-24 01:41:04,382 [IPC Server listener on 0] INFO  ipc.Server (Server.java:run(1376)) - Stopping IPC Server listener on 0
2021-12-24 01:41:04,382 [Listener at 127.0.0.1/37545] INFO  server.StorageContainerManager (StorageContainerManager.java:stop(1433)) - Stopping the StorageContainerLocationProtocol RPC server
2021-12-24 01:41:04,382 [Listener at 127.0.0.1/37545] INFO  server.SCMClientProtocolServer (SCMClientProtocolServer.java:stop(173)) - Stopping the RPC server for Client Protocol
2021-12-24 01:41:04,382 [Listener at 127.0.0.1/37545] INFO  ipc.Server (Server.java:stop(3414)) - Stopping server on 38911
2021-12-24 01:41:04,382 [IPC Server Responder] INFO  ipc.Server (Server.java:run(1512)) - Stopping IPC Server Responder
2021-12-24 01:41:04,391 [IPC Server Responder] INFO  ipc.Server (Server.java:run(1512)) - Stopping IPC Server Responder
2021-12-24 01:41:04,391 [Listener at 127.0.0.1/37545] INFO  server.StorageContainerManager (StorageContainerManager.java:stop(1440)) - Stopping Storage Container Manager HTTP server.
2021-12-24 01:41:04,392 [Listener at 127.0.0.1/37545] INFO  handler.ContextHandler (ContextHandler.java:doStop(1153)) - Stopped o.e.j.w.WebAppContext@5e274c4{scm,/,null,STOPPED}{file:/home/runner/work/ozone/ozone/hadoop-ozone/integration-test/target/test-classes/webapps/scm}
2021-12-24 01:41:04,392 [IPC Server listener on 0] INFO  ipc.Server (Server.java:run(1376)) - Stopping IPC Server listener on 0
2021-12-24 01:41:04,402 [Listener at 127.0.0.1/37545] INFO  server.AbstractConnector (AbstractConnector.java:doStop(381)) - Stopped ServerConnector@e3ded9{HTTP/1.1, (http/1.1)}{0.0.0.0:0}
2021-12-24 01:41:04,403 [Listener at 127.0.0.1/37545] INFO  server.session (HouseKeeper.java:stopScavenging(149)) - node0 Stopped scavenging
2021-12-24 01:41:04,403 [Listener at 127.0.0.1/37545] INFO  handler.ContextHandler (ContextHandler.java:doStop(1153)) - Stopped o.e.j.s.ServletContextHandler@925fa0a{static,/static,file:///home/runner/work/ozone/ozone/hadoop-ozone/integration-test/target/test-classes/webapps/static,STOPPED}
2021-12-24 01:41:04,404 [Listener at 127.0.0.1/37545] INFO  handler.ContextHandler (ContextHandler.java:doStop(1153)) - Stopped o.e.j.s.ServletContextHandler@3405f26a{logs,/logs,file:///home/runner/work/ozone/ozone/hadoop-ozone/integration-test/target/log,STOPPED}
2021-12-24 01:41:04,408 [Listener at 127.0.0.1/37545] INFO  server.StorageContainerManager (StorageContainerManager.java:stop(1451)) - Stopping Block Manager Service.
2021-12-24 01:41:04,408 [Listener at 127.0.0.1/37545] INFO  utils.BackgroundService (BackgroundService.java:shutdown(132)) - Shutting down service SCMBlockDeletingService
2021-12-24 01:41:04,408 [Listener at 127.0.0.1/37545] INFO  utils.BackgroundService (BackgroundService.java:shutdown(132)) - Shutting down service SCMBlockDeletingService
2021-12-24 01:41:04,409 [Listener at 127.0.0.1/37545] INFO  server.StorageContainerManager (StorageContainerManager.java:stop(1478)) - Stopping SCM Event Queue.
2021-12-24 01:41:04,412 [Listener at 127.0.0.1/37545] INFO  server.StorageContainerManager (StorageContainerManager.java:stop(1489)) - Stopping SCM HA services.
2021-12-24 01:41:04,413 [Listener at 127.0.0.1/37545] INFO  pipeline.BackgroundPipelineCreator (BackgroundPipelineCreator.java:stop(158)) - Stopping RatisPipelineUtilsThread.
2021-12-24 01:41:04,415 [Listener at 127.0.0.1/37545] INFO  server.StorageContainerManager (StorageContainerManager.java:stop(1499)) - Stopping SCM MetadataStore.
2021-12-24 01:41:04,416 [Listener at 127.0.0.1/37545] INFO  impl.MetricsSystemImpl (MetricsSystemImpl.java:stop(210)) - Stopping HddsDatanode metrics system...
2021-12-24 01:41:04,478 [prometheus] INFO  impl.MetricsSinkAdapter (MetricsSinkAdapter.java:publishMetricsFromQueue(141)) - prometheus thread interrupted.
2021-12-24 01:41:04,478 [Listener at 127.0.0.1/37545] INFO  impl.MetricsSystemImpl (MetricsSystemImpl.java:stop(216)) - HddsDatanode metrics system stopped.
2021-12-24 01:41:04,709 [Listener at 127.0.0.1/37545] WARN  server.ServerUtils (ServerUtils.java:getScmDbDir(148)) - ozone.scm.db.dirs is not configured. We recommend adding this setting. Falling back to ozone.metadata.dirs instead.
2021-12-24 01:41:04,714 [Listener at 127.0.0.1/37545] INFO  ha.SCMHANodeDetails (SCMHANodeDetails.java:loadSCMHAConfig(157)) - ServiceID for StorageContainerManager is null
2021-12-24 01:41:04,714 [Listener at 127.0.0.1/37545] INFO  ha.SCMHANodeDetails (SCMHANodeDetails.java:loadSCMHAConfig(162)) - ozone.scm.default.service.id is not defined, falling back to ozone.scm.service.ids to find serviceID for StorageContainerManager if it is HA enabled cluster
2021-12-24 01:41:04,715 [Listener at 127.0.0.1/37545] WARN  server.ServerUtils (ServerUtils.java:getScmDbDir(148)) - ozone.scm.db.dirs is not configured. We recommend adding this setting. Falling back to ozone.metadata.dirs instead.
2021-12-24 01:41:04,715 [Listener at 127.0.0.1/37545] INFO  upgrade.AbstractLayoutVersionManager (AbstractLayoutVersionManager.java:init(79)) - Initializing Layout version manager with metadata layout = SCM_HA (version = 2), software layout = SCM_HA (version = 2)
2021-12-24 01:41:04,790 [Listener at 127.0.0.1/37545] INFO  reflections.Reflections (Reflections.java:scan(232)) - Reflections took 74 ms to scan 7 urls, producing 119 keys and 279 values 
2021-12-24 01:41:04,792 [Listener at 127.0.0.1/37545] WARN  utils.HAUtils (HAUtils.java:getMetaDir(342)) - ozone.scm.db.dirs is not configured. We recommend adding this setting. Falling back to ozone.metadata.dirs instead.
2021-12-24 01:41:04,800 [Listener at 127.0.0.1/37545] WARN  db.DBStoreBuilder (DBStoreBuilder.java:applyDBDefinition(145)) - ozone.scm.db.dirs is not configured. We recommend adding this setting. Falling back to ozone.metadata.dirs instead.
2021-12-24 01:41:05,067 [Listener at 127.0.0.1/37545] INFO  net.NodeSchemaLoader (NodeSchemaLoader.java:loadSchemaFromFile(129)) - Loading schema from [jar:file:/home/runner/.m2/repository/org/apache/ozone/hdds-common/1.3.0-SNAPSHOT/hdds-common-1.3.0-SNAPSHOT.jar!/network-topology-default.xml]
2021-12-24 01:41:05,067 [Listener at 127.0.0.1/37545] INFO  net.NodeSchemaLoader (NodeSchemaLoader.java:loadSchema(176)) - Loading network topology layer schema file
2021-12-24 01:41:05,070 [Listener at 127.0.0.1/37545] INFO  ha.SequenceIdGenerator (SequenceIdGenerator.java:upgradeToSequenceId(347)) - upgrade localId to 107544261427200000
2021-12-24 01:41:05,070 [Listener at 127.0.0.1/37545] INFO  ha.SequenceIdGenerator (SequenceIdGenerator.java:upgradeToSequenceId(357)) - upgrade delTxnId to 0
2021-12-24 01:41:05,071 [Listener at 127.0.0.1/37545] INFO  ha.SequenceIdGenerator (SequenceIdGenerator.java:upgradeToSequenceId(371)) - upgrade containerId to 0
2021-12-24 01:41:05,071 [Listener at 127.0.0.1/37545] INFO  ha.SequenceIdGenerator (SequenceIdGenerator.java:<init>(218)) - Init the HA SequenceIdGenerator.
2021-12-24 01:41:05,071 [Listener at 127.0.0.1/37545] WARN  server.ServerUtils (ServerUtils.java:sanitizeUserArgs(73)) - ozone.scm.stale.node.interval value = 300000 is larger than max = 100000 based on the key value of ozone.scm.heartbeat.thread.interval, reset to the max value 100000.
2021-12-24 01:41:05,071 [Listener at 127.0.0.1/37545] WARN  server.ServerUtils (ServerUtils.java:sanitizeUserArgs(73)) - ozone.scm.stale.node.interval value = 300000 is larger than max = 100000 based on the key value of ozone.scm.heartbeat.thread.interval, reset to the max value 100000.
2021-12-24 01:41:05,072 [Listener at 127.0.0.1/37545] INFO  node.SCMNodeManager (SCMNodeManager.java:<init>(144)) - Entering startup safe mode.
2021-12-24 01:41:05,072 [Listener at 127.0.0.1/37545] INFO  algorithms.ContainerPlacementPolicyFactory (ContainerPlacementPolicyFactory.java:getPolicy(60)) - Create container placement policy of type org.apache.hadoop.hdds.scm.container.placement.algorithms.SCMContainerPlacementRandom
2021-12-24 01:41:05,073 [Listener at 127.0.0.1/37545] INFO  pipeline.PipelineStateManagerImpl (PipelineStateManagerImpl.java:initialize(78)) - No pipeline exists in current db
2021-12-24 01:41:05,073 [Listener at 127.0.0.1/37545] INFO  algorithms.LeaderChoosePolicyFactory (LeaderChoosePolicyFactory.java:getPolicy(57)) - Create leader choose policy of type org.apache.hadoop.hdds.scm.pipeline.leader.choose.algorithms.MinLeaderCountChoosePolicy
2021-12-24 01:41:05,073 [Listener at 127.0.0.1/37545] INFO  ha.SCMServiceManager (SCMServiceManager.java:register(43)) - Registering service BackgroundPipelineCreator.
2021-12-24 01:41:05,073 [Listener at 127.0.0.1/37545] INFO  pipeline.BackgroundPipelineCreator (BackgroundPipelineCreator.java:start(130)) - Starting RatisPipelineUtilsThread.
2021-12-24 01:41:05,102 [Listener at 127.0.0.1/37545] INFO  algorithms.PipelineChoosePolicyFactory (PipelineChoosePolicyFactory.java:createPipelineChoosePolicyFromClass(73)) - Create pipeline choose policy of type org.apache.hadoop.hdds.scm.pipeline.choose.algorithms.RandomPipelineChoosePolicy
2021-12-24 01:41:05,103 [Listener at 127.0.0.1/37545] INFO  ha.SCMServiceManager (SCMServiceManager.java:register(43)) - Registering service SCMBlockDeletingService.
2021-12-24 01:41:05,103 [Listener at 127.0.0.1/37545] INFO  ha.SCMServiceManager (SCMServiceManager.java:register(43)) - Registering service ReplicationManager.
2021-12-24 01:41:05,103 [Listener at 127.0.0.1/37545] INFO  container.ReplicationManager (ReplicationManager.java:start(319)) - Starting Replication Monitor Thread.
2021-12-24 01:41:05,107 [Listener at 127.0.0.1/37545] INFO  safemode.ContainerSafeModeRule (ContainerSafeModeRule.java:<init>(89)) - containers with one replica threshold count 0
2021-12-24 01:41:05,107 [Listener at 127.0.0.1/37545] INFO  safemode.HealthyPipelineSafeModeRule (HealthyPipelineSafeModeRule.java:initializeRule(156)) - Total pipeline count is 0, healthy pipeline threshold count is 1
2021-12-24 01:41:05,115 [Listener at 127.0.0.1/37545] INFO  safemode.OneReplicaPipelineSafeModeRule (OneReplicaPipelineSafeModeRule.java:initializeRule(180)) - Total pipeline count is 0, pipeline's with at least one datanode reported threshold count is 0
2021-12-24 01:41:05,123 [Listener at 127.0.0.1/37545] INFO  ipc.CallQueueManager (CallQueueManager.java:<init>(90)) - Using callQueue: class java.util.concurrent.LinkedBlockingQueue, queueCapacity: 2000, scheduler: class org.apache.hadoop.ipc.DefaultRpcScheduler, ipcBackoff: false.
2021-12-24 01:41:05,123 [Socket Reader #1 for port 0] INFO  ipc.Server (Server.java:run(1265)) - Starting Socket Reader #1 for port 0
2021-12-24 01:41:05,124 [Listener at 0.0.0.0/33847] INFO  ipc.CallQueueManager (CallQueueManager.java:<init>(90)) - Using callQueue: class java.util.concurrent.LinkedBlockingQueue, queueCapacity: 2000, scheduler: class org.apache.hadoop.ipc.DefaultRpcScheduler, ipcBackoff: false.
2021-12-24 01:41:05,125 [Socket Reader #1 for port 0] INFO  ipc.Server (Server.java:run(1265)) - Starting Socket Reader #1 for port 0
2021-12-24 01:41:05,126 [Listener at 0.0.0.0/35617] INFO  ipc.CallQueueManager (CallQueueManager.java:<init>(90)) - Using callQueue: class java.util.concurrent.LinkedBlockingQueue, queueCapacity: 2000, scheduler: class org.apache.hadoop.ipc.DefaultRpcScheduler, ipcBackoff: false.
2021-12-24 01:41:05,140 [Socket Reader #1 for port 0] INFO  ipc.Server (Server.java:run(1265)) - Starting Socket Reader #1 for port 0
2021-12-24 01:41:05,167 [ReplicationMonitor] INFO  container.ReplicationManager (ReplicationManager.java:processAll(371)) - Replication Monitor Thread took 0 milliseconds for processing 0 containers.
2021-12-24 01:41:05,214 [Listener at 0.0.0.0/46005] INFO  algorithms.ContainerPlacementPolicyFactory (ContainerPlacementPolicyFactory.java:getPolicy(60)) - Create container placement policy of type org.apache.hadoop.hdds.scm.container.placement.algorithms.SCMContainerPlacementRandom
2021-12-24 01:41:05,215 [Listener at 0.0.0.0/46005] INFO  server.StorageContainerManager (StorageContainerManager.java:<init>(388)) - 
Container Balancer status:
Key                            Value
Running                        false
Container Balancer Configuration values:
Key                                                Value
Threshold                                          0.1
Max Datanodes to Involve per Iteration(ratio)      0.2
Max Size to Move per Iteration                     30GB
Max Size Entering Target per Iteration             1GB
Max Size Leaving Source per Iteration              1GB

2021-12-24 01:41:05,217 [Listener at 0.0.0.0/46005] WARN  events.EventQueue (EventQueue.java:fireEvent(194)) - No event handler registered for event TypedEvent{payloadType=SafeModeStatus, name='Safe mode status'}
2021-12-24 01:41:05,217 [Listener at 0.0.0.0/46005] INFO  ha.SCMContext (SCMContext.java:updateSafeModeStatus(211)) - Update SafeModeStatus from SafeModeStatus{safeModeStatus=true, preCheckPassed=false} to SafeModeStatus{safeModeStatus=true, preCheckPassed=false}.
2021-12-24 01:41:05,218 [Listener at 0.0.0.0/46005] INFO  server.StorageContainerManager (StorageContainerManager.java:start(1303)) - StorageContainerLocationProtocol RPC server is listening at /0.0.0.0:46005
2021-12-24 01:41:05,233 [Listener at 0.0.0.0/46005] WARN  impl.MetricsConfig (MetricsConfig.java:loadFirst(136)) - Cannot locate configuration: tried hadoop-metrics2-storagecontainermanager.properties,hadoop-metrics2.properties
2021-12-24 01:41:05,258 [Listener at 0.0.0.0/46005] INFO  impl.MetricsSystemImpl (MetricsSystemImpl.java:startTimer(378)) - Scheduled Metric snapshot period at 10 second(s).
2021-12-24 01:41:05,259 [Listener at 0.0.0.0/46005] INFO  impl.MetricsSystemImpl (MetricsSystemImpl.java:start(191)) - StorageContainerManager metrics system started
2021-12-24 01:41:05,353 [Listener at 0.0.0.0/46005] INFO  impl.MetricsSinkAdapter (MetricsSinkAdapter.java:start(204)) - Sink prometheus started
2021-12-24 01:41:05,354 [Listener at 0.0.0.0/46005] INFO  impl.MetricsSystemImpl (MetricsSystemImpl.java:registerSink(305)) - Registered sink prometheus
2021-12-24 01:41:05,419 [Listener at 0.0.0.0/46005] INFO  server.SCMClientProtocolServer (SCMClientProtocolServer.java:start(164)) - RPC server for Client  is listening at /0.0.0.0:46005
2021-12-24 01:41:05,432 [IPC Server Responder] INFO  ipc.Server (Server.java:run(1507)) - IPC Server Responder: starting
2021-12-24 01:41:05,441 [IPC Server listener on 0] INFO  ipc.Server (Server.java:run(1344)) - IPC Server listener on 0: starting
2021-12-24 01:41:05,446 [Listener at 0.0.0.0/46005] INFO  server.StorageContainerManager (StorageContainerManager.java:start(1318)) - ScmBlockLocationProtocol RPC server is listening at /0.0.0.0:35617
2021-12-24 01:41:05,446 [Listener at 0.0.0.0/46005] INFO  server.SCMBlockProtocolServer (SCMBlockProtocolServer.java:start(151)) - RPC server for Block Protocol is listening at /0.0.0.0:35617
2021-12-24 01:41:05,447 [IPC Server Responder] INFO  ipc.Server (Server.java:run(1507)) - IPC Server Responder: starting
2021-12-24 01:41:05,447 [IPC Server listener on 0] INFO  ipc.Server (Server.java:run(1344)) - IPC Server listener on 0: starting
2021-12-24 01:41:05,449 [Listener at 0.0.0.0/46005] INFO  server.SCMDatanodeProtocolServer (SCMDatanodeProtocolServer.java:start(181)) - ScmDatanodeProtocol RPC server for DataNodes is listening at /0.0.0.0:33847
2021-12-24 01:41:05,455 [IPC Server Responder] INFO  ipc.Server (Server.java:run(1507)) - IPC Server Responder: starting
2021-12-24 01:41:05,460 [IPC Server listener on 0] INFO  ipc.Server (Server.java:run(1344)) - IPC Server listener on 0: starting
2021-12-24 01:41:05,485 [Listener at 0.0.0.0/46005] INFO  http.BaseHttpServer (BaseHttpServer.java:newHttpServer2BuilderForOzone(209)) - Starting Web-server for scm at: http://0.0.0.0:0
2021-12-24 01:41:05,514 [Listener at 0.0.0.0/46005] INFO  http.BaseHttpServer (BaseHttpServer.java:<init>(107)) - Hadoop Security Enabled: false Ozone Security Enabled: false Ozone HTTP Security Enabled: false 
2021-12-24 01:41:05,516 [Listener at 0.0.0.0/46005] INFO  server.AuthenticationFilter (AuthenticationFilter.java:constructSecretProvider(240)) - Unable to initialize FileSignerSecretProvider, falling back to use random secrets.
2021-12-24 01:41:05,513 [org.apache.hadoop.util.JvmPauseMonitor$Monitor@77fffd89] INFO  util.JvmPauseMonitor (JvmPauseMonitor.java:run(188)) - Starting JVM pause monitor
2021-12-24 01:41:05,522 [Listener at 0.0.0.0/46005] WARN  http.HttpRequestLog (HttpRequestLog.java:getRequestLog(103)) - Jetty request log can only be enabled using Log4j
2021-12-24 01:41:05,523 [Listener at 0.0.0.0/46005] INFO  http.HttpServer2 (HttpServer2.java:addGlobalFilter(1030)) - Added global filter 'safety' (class=org.apache.hadoop.hdds.server.http.HttpServer2$QuotingInputFilter)
2021-12-24 01:41:05,525 [Listener at 0.0.0.0/46005] INFO  http.HttpServer2 (HttpServer2.java:addFilter(1006)) - Added filter static_user_filter (class=org.apache.hadoop.http.lib.StaticUserWebFilter$StaticUserFilter) to context scm
2021-12-24 01:41:05,525 [Listener at 0.0.0.0/46005] INFO  http.HttpServer2 (HttpServer2.java:addFilter(1014)) - Added filter static_user_filter (class=org.apache.hadoop.http.lib.StaticUserWebFilter$StaticUserFilter) to context static
2021-12-24 01:41:05,526 [Listener at 0.0.0.0/46005] INFO  http.HttpServer2 (HttpServer2.java:addFilter(1014)) - Added filter static_user_filter (class=org.apache.hadoop.http.lib.StaticUserWebFilter$StaticUserFilter) to context logs
2021-12-24 01:41:05,527 [Listener at 0.0.0.0/46005] INFO  http.HttpServer2 (HttpServer2.java:bindListener(1249)) - Jetty bound to port 41837
2021-12-24 01:41:05,527 [Listener at 0.0.0.0/46005] INFO  server.Server (Server.java:doStart(375)) - jetty-9.4.43.v20210629; built: 2021-06-30T11:07:22.254Z; git: 526006ecfa3af7f1a27ef3a288e2bef7ea9dd7e8; jvm 1.8.0_292-b10
2021-12-24 01:41:05,529 [Listener at 0.0.0.0/46005] INFO  server.session (DefaultSessionIdManager.java:doStart(334)) - DefaultSessionIdManager workerName=node0
2021-12-24 01:41:05,529 [Listener at 0.0.0.0/46005] INFO  server.session (DefaultSessionIdManager.java:doStart(339)) - No SessionScavenger set, using defaults
2021-12-24 01:41:05,529 [Listener at 0.0.0.0/46005] INFO  server.session (HouseKeeper.java:startScavenging(132)) - node0 Scavenging every 600000ms
2021-12-24 01:41:05,531 [Listener at 0.0.0.0/46005] INFO  handler.ContextHandler (ContextHandler.java:doStart(915)) - Started o.e.j.s.ServletContextHandler@2c01fcbc{logs,/logs,file:///home/runner/work/ozone/ozone/hadoop-ozone/integration-test/target/log,AVAILABLE}
2021-12-24 01:41:05,531 [Listener at 0.0.0.0/46005] INFO  handler.ContextHandler (ContextHandler.java:doStart(915)) - Started o.e.j.s.ServletContextHandler@7908c1f0{static,/static,file:///home/runner/work/ozone/ozone/hadoop-ozone/integration-test/target/test-classes/webapps/static,AVAILABLE}
2021-12-24 01:41:05,545 [Listener at 0.0.0.0/46005] INFO  handler.ContextHandler (ContextHandler.java:doStart(915)) - Started o.e.j.w.WebAppContext@b525509{scm,/,file:///home/runner/work/ozone/ozone/hadoop-ozone/integration-test/target/test-classes/webapps/scm/,AVAILABLE}{file:/home/runner/work/ozone/ozone/hadoop-ozone/integration-test/target/test-classes/webapps/scm}
2021-12-24 01:41:05,575 [Listener at 0.0.0.0/46005] INFO  server.AbstractConnector (AbstractConnector.java:doStart(331)) - Started ServerConnector@665cfc03{HTTP/1.1, (http/1.1)}{0.0.0.0:41837}
2021-12-24 01:41:05,575 [Listener at 0.0.0.0/46005] INFO  server.Server (Server.java:doStart(415)) - Started @187738ms
2021-12-24 01:41:05,575 [Listener at 0.0.0.0/46005] WARN  impl.MetricsSystemImpl (MetricsSystemImpl.java:register(279)) - Sink prometheus already exists!
2021-12-24 01:41:05,578 [Listener at 0.0.0.0/46005] INFO  http.BaseHttpServer (BaseHttpServer.java:updateConnectorAddress(329)) - HTTP server of scm listening at http://0.0.0.0:41837
2021-12-24 01:41:05,578 [Listener at 0.0.0.0/46005] WARN  server.ServerUtils (ServerUtils.java:getDBPath(225)) - ozone.om.db.dirs is not configured. We recommend adding this setting. Falling back to ozone.metadata.dirs instead.
2021-12-24 01:41:05,581 [Listener at 0.0.0.0/46005] INFO  ha.OMHANodeDetails (OMHANodeDetails.java:loadOMHAConfig(112)) - ozone.om.internal.service.id is not defined, falling back to ozone.om.service.ids to find serviceID for OzoneManager if it is HA enabled cluster
2021-12-24 01:41:05,582 [Listener at 0.0.0.0/46005] INFO  ha.OMHANodeDetails (OMHANodeDetails.java:loadOMHAConfig(218)) - Configuration does not have ozone.om.address set. Falling back to the default OM address /127.0.0.1:0
2021-12-24 01:41:05,582 [Listener at 0.0.0.0/46005] INFO  ha.OMHANodeDetails (OMHANodeDetails.java:getOMNodeDetailsForNonHA(246)) - OM Service ID is not set. Setting it to the default ID: omServiceIdDefault
2021-12-24 01:41:05,582 [Listener at 0.0.0.0/46005] INFO  ha.OMHANodeDetails (OMHANodeDetails.java:getOMNodeDetailsForNonHA(253)) - OM Node ID is not set. Setting it to the default ID: om1
2021-12-24 01:41:05,584 [Listener at 0.0.0.0/46005] WARN  server.ServerUtils (ServerUtils.java:getDBPath(225)) - ozone.om.db.dirs is not configured. We recommend adding this setting. Falling back to ozone.metadata.dirs instead.
2021-12-24 01:41:05,584 [Listener at 0.0.0.0/46005] INFO  upgrade.AbstractLayoutVersionManager (AbstractLayoutVersionManager.java:init(79)) - Initializing Layout version manager with metadata layout = INITIAL_VERSION (version = 0), software layout = INITIAL_VERSION (version = 0)
2021-12-24 01:41:05,666 [Listener at 0.0.0.0/46005] INFO  reflections.Reflections (Reflections.java:scan(232)) - Reflections took 78 ms to scan 2 urls, producing 133 keys and 345 values [using 2 cores]
2021-12-24 01:41:05,666 [Listener at 0.0.0.0/46005] INFO  upgrade.OMLayoutVersionManager (OMLayoutVersionManager.java:lambda$0(115)) - Skipping Upgrade Action MockOmUpgradeAction since it has been finalized.
2021-12-24 01:41:05,666 [Listener at 0.0.0.0/46005] WARN  server.ServerUtils (ServerUtils.java:getDBPath(225)) - ozone.om.db.dirs is not configured. We recommend adding this setting. Falling back to ozone.metadata.dirs instead.
2021-12-24 01:41:05,730 [Listener at 0.0.0.0/46005] WARN  server.ServerUtils (ServerUtils.java:getDBPath(225)) - ozone.om.db.dirs is not configured. We recommend adding this setting. Falling back to ozone.metadata.dirs instead.
2021-12-24 01:41:05,731 [Listener at 0.0.0.0/46005] INFO  codec.OmKeyInfoCodec (OmKeyInfoCodec.java:<init>(50)) - OmKeyInfoCodec ignorePipeline = true
2021-12-24 01:41:05,731 [Listener at 0.0.0.0/46005] INFO  codec.RepeatedOmKeyInfoCodec (RepeatedOmKeyInfoCodec.java:<init>(42)) - RepeatedOmKeyInfoCodec ignorePipeline = true
2021-12-24 01:41:06,048 [Listener at 0.0.0.0/46005] INFO  om.OzoneManager (OzoneManager.java:addS3GVolumeToDB(3728)) - Created Volume s3v With Owner runner required for S3Gateway operations.
2021-12-24 01:41:06,049 [Listener at 0.0.0.0/46005] WARN  server.ServerUtils (ServerUtils.java:getDefaultRatisDirectory(237)) - Storage directory for Ratis is not configured. It is a good idea to map this to an SSD disk. Falling back to ozone.metadata.dirs
2021-12-24 01:41:06,049 [Listener at 0.0.0.0/46005] WARN  utils.OzoneManagerRatisUtils (OzoneManagerRatisUtils.java:getOMRatisSnapshotDirectory(323)) - ozone.om.ratis.snapshot.dir is not configured. Falling back to ozone.metadata.dirs config
2021-12-24 01:41:06,050 [Listener at 0.0.0.0/46005] WARN  server.ServerUtils (ServerUtils.java:getDefaultRatisDirectory(237)) - Storage directory for Ratis is not configured. It is a good idea to map this to an SSD disk. Falling back to ozone.metadata.dirs
2021-12-24 01:41:06,051 [Listener at 0.0.0.0/46005] INFO  ratis.OzoneManagerRatisServer (OzoneManagerRatisServer.java:<init>(159)) - Instantiating OM Ratis server with groupID: omServiceIdDefault and peers: localhost:9872
2021-12-24 01:41:06,051 [Listener at 0.0.0.0/46005] INFO  ratis.OzoneManagerStateMachine (OzoneManagerStateMachine.java:loadSnapshotInfoFromDB(605)) - LastAppliedIndex is set from TransactionInfo from OM DB as (t:0, i:~)
2021-12-24 01:41:06,051 [Listener at 0.0.0.0/46005] INFO  server.RaftServer (ConfUtils.java:logGet(44)) - raft.rpc.type = GRPC (default)
2021-12-24 01:41:06,051 [Listener at 0.0.0.0/46005] INFO  grpc.GrpcFactory (GrpcFactory.java:checkPooledByteBufAllocatorUseCacheForAllThreads(48)) - PERFORMANCE WARNING: useCacheForAllThreads is true that may cause Netty to create a lot garbage objects and, as a result, trigger GC.
	It is recommended to disable useCacheForAllThreads by setting -Dorg.apache.ratis.thirdparty.io.netty.allocator.useCacheForAllThreads=false in command line.
2021-12-24 01:41:06,052 [Listener at 0.0.0.0/46005] INFO  grpc.GrpcConfigKeys (ConfUtils.java:logGet(44)) - raft.grpc.admin.port = -1 (default)
2021-12-24 01:41:06,052 [Listener at 0.0.0.0/46005] INFO  grpc.GrpcConfigKeys (ConfUtils.java:logGet(44)) - raft.grpc.server.port = 9872 (custom)
2021-12-24 01:41:06,052 [Listener at 0.0.0.0/46005] INFO  grpc.GrpcConfigKeys (ConfUtils.java:logGet(44)) - raft.grpc.client.port = -1 (default)
2021-12-24 01:41:06,052 [Listener at 0.0.0.0/46005] INFO  grpc.GrpcConfigKeys (ConfUtils.java:logGet(44)) - raft.grpc.server.port = 9872 (custom)
2021-12-24 01:41:06,052 [Listener at 0.0.0.0/46005] INFO  grpc.GrpcConfigKeys (ConfUtils.java:logGet(44)) - raft.grpc.server.port = 9872 (custom)
2021-12-24 01:41:06,052 [Listener at 0.0.0.0/46005] INFO  server.GrpcService (ConfUtils.java:logGet(44)) - raft.grpc.message.size.max = 33554432 (custom)
2021-12-24 01:41:06,052 [Listener at 0.0.0.0/46005] INFO  server.RaftServerConfigKeys (ConfUtils.java:logGet(44)) - raft.server.log.appender.buffer.byte-limit = 33554432 (custom)
2021-12-24 01:41:06,053 [Listener at 0.0.0.0/46005] INFO  server.GrpcService (ConfUtils.java:logGet(44)) - raft.grpc.flow.control.window = 1MB (=1048576) (default)
2021-12-24 01:41:06,053 [Listener at 0.0.0.0/46005] INFO  server.RaftServerConfigKeys (ConfUtils.java:logGet(44)) - raft.server.rpc.request.timeout = 3000ms (default)
2021-12-24 01:41:06,055 [Listener at 0.0.0.0/46005] INFO  impl.DataStreamServerImpl (ConfUtils.java:logGet(44)) - raft.datastream.type = DISABLED (default)
2021-12-24 01:41:06,055 [Listener at 0.0.0.0/46005] INFO  server.RaftServerConfigKeys (ConfUtils.java:logGet(44)) - raft.server.rpc.slowness.timeout = 120s (custom)
2021-12-24 01:41:06,055 [Listener at 0.0.0.0/46005] INFO  server.RaftServerConfigKeys (ConfUtils.java:logGet(44)) - raft.server.leaderelection.leader.step-down.wait-time = 10s (default)
2021-12-24 01:41:06,055 [Listener at 0.0.0.0/46005] INFO  server.RaftServerConfigKeys (ConfUtils.java:logGet(44)) - raft.server.storage.dir = [/home/runner/work/ozone/ozone/hadoop-ozone/integration-test/target/test-dir/MiniOzoneClusterImpl-4d80237b-fa8d-46d0-bc6e-ad90cdc220b2/ozone-meta/ratis] (custom)
2021-12-24 01:41:06,056 [Listener at 0.0.0.0/46005] INFO  server.RaftServer (RaftServerProxy.java:addNew(95)) - om1: addNew group-C5BA1605619E:[om1|rpc:localhost:9872|priority:0] returns group-C5BA1605619E:java.util.concurrent.CompletableFuture@1838cb5b[Not completed]
2021-12-24 01:41:06,056 [Listener at 0.0.0.0/46005] INFO  om.OzoneManager (OzoneManager.java:initializeRatisServer(1834)) - OzoneManager Ratis server initialized at port 9872
2021-12-24 01:41:06,058 [Listener at 0.0.0.0/46005] INFO  ipc.CallQueueManager (CallQueueManager.java:<init>(90)) - Using callQueue: class java.util.concurrent.LinkedBlockingQueue, queueCapacity: 2000, scheduler: class org.apache.hadoop.ipc.DefaultRpcScheduler, ipcBackoff: false.
2021-12-24 01:41:06,059 [pool-470-thread-1] INFO  server.RaftServer$Division (RaftServerImpl.java:<init>(184)) - om1: new RaftServerImpl for group-C5BA1605619E:[om1|rpc:localhost:9872|priority:0] with OzoneManagerStateMachine:uninitialized
2021-12-24 01:41:06,061 [Socket Reader #1 for port 0] INFO  ipc.Server (Server.java:run(1265)) - Starting Socket Reader #1 for port 0
2021-12-24 01:41:06,074 [pool-470-thread-1] INFO  server.RaftServerConfigKeys (ConfUtils.java:logGet(44)) - raft.server.rpc.timeout.min = 1s (custom)
2021-12-24 01:41:06,074 [pool-470-thread-1] INFO  server.RaftServerConfigKeys (ConfUtils.java:logGet(44)) - raft.server.rpc.timeout.max = 1200ms (custom)
2021-12-24 01:41:06,075 [pool-470-thread-1] INFO  server.RaftServerConfigKeys (ConfUtils.java:logGet(44)) - raft.server.rpc.sleep.time = 25ms (default)
2021-12-24 01:41:06,075 [pool-470-thread-1] INFO  server.RaftServerConfigKeys (ConfUtils.java:logGet(44)) - raft.server.rpc.slowness.timeout = 120s (custom)
2021-12-24 01:41:06,075 [pool-470-thread-1] INFO  server.RaftServerConfigKeys (ConfUtils.java:logGet(44)) - raft.server.leaderelection.leader.step-down.wait-time = 10s (default)
2021-12-24 01:41:06,075 [pool-470-thread-1] INFO  server.RaftServerConfigKeys (ConfUtils.java:logGet(44)) - raft.server.sleep.deviation.threshold = 300ms (default)
2021-12-24 01:41:06,075 [pool-470-thread-1] INFO  server.RaftServerConfigKeys (ConfUtils.java:logGet(44)) - raft.server.log.appender.install.snapshot.enabled = false (custom)
2021-12-24 01:41:06,075 [pool-470-thread-1] INFO  server.RaftServer$Division (ServerState.java:<init>(105)) - om1@group-C5BA1605619E: ConfigurationManager, init=-1: [om1|rpc:localhost:9872|priority:0], old=null, confs=<EMPTY_MAP>
2021-12-24 01:41:06,075 [pool-470-thread-1] INFO  server.RaftServerConfigKeys (ConfUtils.java:logGet(44)) - raft.server.storage.dir = [/home/runner/work/ozone/ozone/hadoop-ozone/integration-test/target/test-dir/MiniOzoneClusterImpl-4d80237b-fa8d-46d0-bc6e-ad90cdc220b2/ozone-meta/ratis] (custom)
2021-12-24 01:41:06,075 [pool-470-thread-1] INFO  server.RaftServerConfigKeys (ConfUtils.java:logGet(44)) - raft.server.log.corruption.policy = EXCEPTION (default)
2021-12-24 01:41:06,075 [pool-470-thread-1] INFO  server.RaftServerConfigKeys (ConfUtils.java:logGet(44)) - raft.server.storage.free-space.min = 0MB (=0) (default)
2021-12-24 01:41:06,076 [pool-470-thread-1] INFO  storage.RaftStorageDirectory (RaftStorageDirectoryImpl.java:analyzeStorage(135)) - The storage directory /home/runner/work/ozone/ozone/hadoop-ozone/integration-test/target/test-dir/MiniOzoneClusterImpl-4d80237b-fa8d-46d0-bc6e-ad90cdc220b2/ozone-meta/ratis/bf265839-605b-3f16-9796-c5ba1605619e does not exist. Creating ...
2021-12-24 01:41:06,087 [pool-470-thread-1] INFO  storage.RaftStorageDirectory (RaftStorageDirectoryImpl.java:tryLock(230)) - Lock on /home/runner/work/ozone/ozone/hadoop-ozone/integration-test/target/test-dir/MiniOzoneClusterImpl-4d80237b-fa8d-46d0-bc6e-ad90cdc220b2/ozone-meta/ratis/bf265839-605b-3f16-9796-c5ba1605619e/in_use.lock acquired by nodename 17223@fv-az116-279
2021-12-24 01:41:06,101 [pool-470-thread-1] INFO  storage.RaftStorage (RaftStorageImpl.java:format(89)) - Storage directory /home/runner/work/ozone/ozone/hadoop-ozone/integration-test/target/test-dir/MiniOzoneClusterImpl-4d80237b-fa8d-46d0-bc6e-ad90cdc220b2/ozone-meta/ratis/bf265839-605b-3f16-9796-c5ba1605619e has been successfully formatted.
2021-12-24 01:41:06,101 [pool-470-thread-1] INFO  server.RaftServerConfigKeys (ConfUtils.java:logGet(44)) - raft.server.notification.no-leader.timeout = 120s (custom)
2021-12-24 01:41:06,101 [pool-470-thread-1] INFO  server.RaftServerConfigKeys (ConfUtils.java:logGet(44)) - raft.server.log.use.memory = false (default)
2021-12-24 01:41:06,101 [pool-470-thread-1] INFO  server.RaftServerConfigKeys (ConfUtils.java:logGet(44)) - raft.server.log.purge.gap = 1000000 (custom)
2021-12-24 01:41:06,101 [pool-470-thread-1] INFO  server.RaftServerConfigKeys (ConfUtils.java:logGet(44)) - raft.server.log.appender.buffer.byte-limit = 33554432 (custom)
2021-12-24 01:41:06,102 [pool-470-thread-1] INFO  server.RaftServerConfigKeys (ConfUtils.java:logGet(44)) - raft.server.log.segment.size.max = 4194304 (custom)
2021-12-24 01:41:06,103 [pool-470-thread-1] INFO  server.RaftServerConfigKeys (ConfUtils.java:logGet(44)) - raft.server.log.segment.cache.num.max = 2 (custom)
2021-12-24 01:41:06,103 [pool-470-thread-1] INFO  server.RaftServerConfigKeys (ConfUtils.java:logGet(44)) - raft.server.log.segment.cache.size.max = 200MB (=209715200) (default)
2021-12-24 01:41:06,103 [pool-470-thread-1] INFO  segmented.SegmentedRaftLogWorker (SegmentedRaftLogWorker.java:<init>(182)) - new om1@group-C5BA1605619E-SegmentedRaftLogWorker for RaftStorageImpl:Storage Directory /home/runner/work/ozone/ozone/hadoop-ozone/integration-test/target/test-dir/MiniOzoneClusterImpl-4d80237b-fa8d-46d0-bc6e-ad90cdc220b2/ozone-meta/ratis/bf265839-605b-3f16-9796-c5ba1605619e
2021-12-24 01:41:06,103 [pool-470-thread-1] INFO  server.RaftServerConfigKeys (ConfUtils.java:logGet(44)) - raft.server.log.queue.byte-limit = 64MB (=67108864) (default)
2021-12-24 01:41:06,107 [pool-470-thread-1] INFO  server.RaftServerConfigKeys (ConfUtils.java:logGet(44)) - raft.server.log.queue.element-limit = 4096 (default)
2021-12-24 01:41:06,107 [pool-470-thread-1] INFO  server.RaftServerConfigKeys (ConfUtils.java:logGet(44)) - raft.server.log.segment.size.max = 4194304 (custom)
2021-12-24 01:41:06,107 [pool-470-thread-1] INFO  server.RaftServerConfigKeys (ConfUtils.java:logGet(44)) - raft.server.log.preallocated.size = 4194304 (custom)
2021-12-24 01:41:06,107 [pool-470-thread-1] INFO  server.RaftServerConfigKeys (ConfUtils.java:logGet(44)) - raft.server.log.force.sync.num = 128 (default)
2021-12-24 01:41:06,107 [pool-470-thread-1] INFO  server.RaftServerConfigKeys (ConfUtils.java:logGet(44)) - raft.server.log.statemachine.data.sync = true (default)
2021-12-24 01:41:06,107 [pool-470-thread-1] INFO  server.RaftServerConfigKeys (ConfUtils.java:logGet(44)) - raft.server.log.statemachine.data.sync.timeout = 10s (default)
2021-12-24 01:41:06,107 [pool-470-thread-1] INFO  server.RaftServerConfigKeys (ConfUtils.java:logGet(44)) - raft.server.log.statemachine.data.sync.timeout.retry = -1 (default)
2021-12-24 01:41:06,108 [pool-470-thread-1] INFO  server.RaftServerConfigKeys (ConfUtils.java:logGet(44)) - raft.server.log.write.buffer.size = 64KB (=65536) (default)
2021-12-24 01:41:06,108 [pool-470-thread-1] INFO  server.RaftServerConfigKeys (ConfUtils.java:logGet(44)) - raft.server.log.statemachine.data.caching.enabled = false (default)
2021-12-24 01:41:06,108 [pool-470-thread-1] INFO  segmented.SegmentedRaftLogWorker (SegmentedRaftLogWorker.java:lambda$new$0(133)) - om1@group-C5BA1605619E-SegmentedRaftLogWorker: flushIndex: setUnconditionally 0 -> -1
2021-12-24 01:41:06,108 [pool-470-thread-1] INFO  segmented.SegmentedRaftLogWorker (SegmentedRaftLogWorker.java:lambda$new$0(133)) - om1@group-C5BA1605619E-SegmentedRaftLogWorker: safeCacheEvictIndex: setUnconditionally 0 -> -1
2021-12-24 01:41:06,110 [pool-470-thread-1] INFO  server.RaftServerConfigKeys (ConfUtils.java:logGet(44)) - raft.server.snapshot.auto.trigger.enabled = true (custom)
2021-12-24 01:41:06,110 [pool-470-thread-1] INFO  server.RaftServerConfigKeys (ConfUtils.java:logGet(44)) - raft.server.snapshot.auto.trigger.threshold = 400000 (default)
2021-12-24 01:41:06,110 [pool-470-thread-1] INFO  server.RaftServerConfigKeys (ConfUtils.java:logGet(44)) - raft.server.snapshot.retention.file.num = -1 (default)
2021-12-24 01:41:06,110 [pool-470-thread-1] INFO  server.RaftServerConfigKeys (ConfUtils.java:logGet(44)) - raft.server.log.purge.upto.snapshot.index = true (custom)
2021-12-24 01:41:06,110 [pool-470-thread-1] INFO  server.RaftServerConfigKeys (ConfUtils.java:logGet(44)) - raft.server.retrycache.expirytime = 300s (custom)
2021-12-24 01:41:06,110 [pool-470-thread-1] INFO  server.RaftServerConfigKeys (ConfUtils.java:logGet(44)) - raft.server.retrycache.statistics.expirytime = 100μs (default)
2021-12-24 01:41:06,149 [Listener at 127.0.0.1/45267] INFO  impl.MetricsSystemImpl (MetricsSystemImpl.java:init(158)) - OzoneManager metrics system started (again)
2021-12-24 01:41:06,173 [Listener at 127.0.0.1/45267] INFO  om.OzoneManager (OzoneManager.java:start(1365)) - OzoneManager RPC server is listening at localhost/127.0.0.1:45267
2021-12-24 01:41:06,187 [Listener at 127.0.0.1/45267] INFO  ratis.OzoneManagerRatisServer (OzoneManagerRatisServer.java:start(554)) - Starting OzoneManagerRatisServer om1 at port 9872
2021-12-24 01:41:06,187 [Listener at 127.0.0.1/45267] INFO  server.RaftServer$Division (RaftServerImpl.java:start(301)) - om1@group-C5BA1605619E: start as a follower, conf=-1: [om1|rpc:localhost:9872|priority:0], old=null
2021-12-24 01:41:06,187 [Listener at 127.0.0.1/45267] INFO  server.RaftServer$Division (RaftServerImpl.java:setRole(290)) - om1@group-C5BA1605619E: changes role from      null to FOLLOWER at term 0 for startAsFollower
2021-12-24 01:41:06,187 [Listener at 127.0.0.1/45267] INFO  impl.RoleInfo (RoleInfo.java:updateAndGet(130)) - om1: start om1@group-C5BA1605619E-FollowerState
2021-12-24 01:41:06,188 [Listener at 127.0.0.1/45267] INFO  util.JmxRegister (JmxRegister.java:tryRegister(44)) - Successfully registered JMX Bean with object name Ratis:service=RaftServer,group=group-C5BA1605619E,id=om1
2021-12-24 01:41:06,189 [Listener at 127.0.0.1/45267] INFO  server.RaftServer (RaftServerProxy.java:lambda$start$5(374)) - om1: start RPC server
2021-12-24 01:41:06,196 [Listener at 127.0.0.1/45267] INFO  server.GrpcService (GrpcService.java:startImpl(253)) - om1: GrpcService started, listening on 9872
2021-12-24 01:41:06,198 [Listener at 127.0.0.1/45267] INFO  om.OzoneManager (OzoneManager.java:start(1381)) - Version File has different layout version (0) than OM DB (null). That is expected if this OM has never been finalized to a newer layout version.
2021-12-24 01:41:06,199 [org.apache.ratis.util.JvmPauseMonitor$$Lambda$528/1509220174@1e9fd21d] INFO  util.JvmPauseMonitor (JvmPauseMonitor.java:run(103)) - JvmPauseMonitor-om1: Started
2021-12-24 01:41:06,203 [Listener at 127.0.0.1/45267] INFO  http.BaseHttpServer (BaseHttpServer.java:newHttpServer2BuilderForOzone(209)) - Starting Web-server for ozoneManager at: http://0.0.0.0:0
2021-12-24 01:41:06,203 [Listener at 127.0.0.1/45267] INFO  http.BaseHttpServer (BaseHttpServer.java:<init>(107)) - Hadoop Security Enabled: false Ozone Security Enabled: false Ozone HTTP Security Enabled: false 
2021-12-24 01:41:06,204 [Listener at 127.0.0.1/45267] INFO  server.AuthenticationFilter (AuthenticationFilter.java:constructSecretProvider(240)) - Unable to initialize FileSignerSecretProvider, falling back to use random secrets.
2021-12-24 01:41:06,224 [Listener at 127.0.0.1/45267] WARN  http.HttpRequestLog (HttpRequestLog.java:getRequestLog(103)) - Jetty request log can only be enabled using Log4j
2021-12-24 01:41:06,230 [Listener at 127.0.0.1/45267] INFO  http.HttpServer2 (HttpServer2.java:addGlobalFilter(1030)) - Added global filter 'safety' (class=org.apache.hadoop.hdds.server.http.HttpServer2$QuotingInputFilter)
2021-12-24 01:41:06,231 [Listener at 127.0.0.1/45267] INFO  http.HttpServer2 (HttpServer2.java:addFilter(1006)) - Added filter static_user_filter (class=org.apache.hadoop.http.lib.StaticUserWebFilter$StaticUserFilter) to context ozoneManager
2021-12-24 01:41:06,231 [Listener at 127.0.0.1/45267] INFO  http.HttpServer2 (HttpServer2.java:addFilter(1014)) - Added filter static_user_filter (class=org.apache.hadoop.http.lib.StaticUserWebFilter$StaticUserFilter) to context static
2021-12-24 01:41:06,231 [Listener at 127.0.0.1/45267] INFO  http.HttpServer2 (HttpServer2.java:addFilter(1014)) - Added filter static_user_filter (class=org.apache.hadoop.http.lib.StaticUserWebFilter$StaticUserFilter) to context logs
2021-12-24 01:41:06,231 [Listener at 127.0.0.1/45267] INFO  http.HttpServer2 (HttpServer2.java:bindListener(1249)) - Jetty bound to port 41997
2021-12-24 01:41:06,232 [Listener at 127.0.0.1/45267] INFO  server.Server (Server.java:doStart(375)) - jetty-9.4.43.v20210629; built: 2021-06-30T11:07:22.254Z; git: 526006ecfa3af7f1a27ef3a288e2bef7ea9dd7e8; jvm 1.8.0_292-b10
2021-12-24 01:41:06,322 [Listener at 127.0.0.1/45267] INFO  server.session (DefaultSessionIdManager.java:doStart(334)) - DefaultSessionIdManager workerName=node0
2021-12-24 01:41:06,322 [Listener at 127.0.0.1/45267] INFO  server.session (DefaultSessionIdManager.java:doStart(339)) - No SessionScavenger set, using defaults
2021-12-24 01:41:06,323 [Listener at 127.0.0.1/45267] INFO  server.session (HouseKeeper.java:startScavenging(132)) - node0 Scavenging every 600000ms
2021-12-24 01:41:06,339 [Listener at 127.0.0.1/45267] INFO  handler.ContextHandler (ContextHandler.java:doStart(915)) - Started o.e.j.s.ServletContextHandler@2fa33765{logs,/logs,file:///home/runner/work/ozone/ozone/hadoop-ozone/integration-test/target/log,AVAILABLE}
2021-12-24 01:41:06,340 [Listener at 127.0.0.1/45267] INFO  handler.ContextHandler (ContextHandler.java:doStart(915)) - Started o.e.j.s.ServletContextHandler@65731150{static,/static,file:///home/runner/work/ozone/ozone/hadoop-ozone/integration-test/target/test-classes/webapps/static,AVAILABLE}
2021-12-24 01:41:06,351 [Listener at 127.0.0.1/45267] INFO  handler.ContextHandler (ContextHandler.java:doStart(915)) - Started o.e.j.w.WebAppContext@19fec920{ozoneManager,/,file:///home/runner/work/ozone/ozone/hadoop-ozone/integration-test/target/test-classes/webapps/ozoneManager/,AVAILABLE}{file:/home/runner/work/ozone/ozone/hadoop-ozone/integration-test/target/test-classes/webapps/ozoneManager}
2021-12-24 01:41:06,364 [Listener at 127.0.0.1/45267] INFO  server.AbstractConnector (AbstractConnector.java:doStart(331)) - Started ServerConnector@32d8185c{HTTP/1.1, (http/1.1)}{0.0.0.0:41997}
2021-12-24 01:41:06,365 [Listener at 127.0.0.1/45267] INFO  server.Server (Server.java:doStart(415)) - Started @188528ms
2021-12-24 01:41:06,365 [Listener at 127.0.0.1/45267] WARN  impl.MetricsSystemImpl (MetricsSystemImpl.java:register(279)) - Sink prometheus already exists!
2021-12-24 01:41:06,366 [Listener at 127.0.0.1/45267] INFO  http.BaseHttpServer (BaseHttpServer.java:updateConnectorAddress(329)) - HTTP server of ozoneManager listening at http://0.0.0.0:41997
2021-12-24 01:41:06,366 [IPC Server Responder] INFO  ipc.Server (Server.java:run(1507)) - IPC Server Responder: starting
2021-12-24 01:41:06,366 [IPC Server listener on 0] INFO  ipc.Server (Server.java:run(1344)) - IPC Server listener on 0: starting
2021-12-24 01:41:06,370 [Listener at 127.0.0.1/45267] INFO  om.TrashPolicyOzone (TrashPolicyOzone.java:<init>(178)) - Ozone Manager trash configuration: Deletion interval = 0 minutes, Emptier interval = 0 minutes.
2021-12-24 01:41:06,398 [org.apache.hadoop.util.JvmPauseMonitor$Monitor@5ed95454] INFO  util.JvmPauseMonitor (JvmPauseMonitor.java:run(188)) - Starting JVM pause monitor
2021-12-24 01:41:06,408 [Listener at 127.0.0.1/45267] WARN  impl.MetricRegistriesImpl (MetricRegistriesImpl.java:addReporterRegistration(111)) - New reporters are added after registries were created. Some metrics will be missing from the reporter. Please add reporter before adding any new registry.
2021-12-24 01:41:06,408 [Listener at 127.0.0.1/45267] WARN  impl.MetricRegistriesImpl (MetricRegistriesImpl.java:addReporterRegistration(111)) - New reporters are added after registries were created. Some metrics will be missing from the reporter. Please add reporter before adding any new registry.
2021-12-24 01:41:06,408 [Listener at 127.0.0.1/45267] INFO  impl.MetricsSystemImpl (MetricsSystemImpl.java:init(158)) - HddsDatanode metrics system started (again)
2021-12-24 01:41:06,468 [Listener at 127.0.0.1/45267] INFO  ozone.HddsDatanodeService (HddsDatanodeService.java:start(234)) - HddsDatanodeService host:fv-az116-279.vzw04321ajxubdbcnpick5nqva.xx.internal.cloudapp.net ip:10.1.0.29
2021-12-24 01:41:06,530 [Listener at 127.0.0.1/45267] INFO  upgrade.AbstractLayoutVersionManager (AbstractLayoutVersionManager.java:init(79)) - Initializing Layout version manager with metadata layout = SCM_HA (version = 2), software layout = SCM_HA (version = 2)
2021-12-24 01:41:06,629 [Listener at 127.0.0.1/45267] INFO  reflections.Reflections (Reflections.java:scan(232)) - Reflections took 98 ms to scan 7 urls, producing 119 keys and 279 values 
2021-12-24 01:41:06,666 [Listener at 127.0.0.1/45267] INFO  statemachine.DatanodeStateMachine (DatanodeStateMachine.java:getEndPointTaskThreadPoolSize(219)) - Datanode State Machine Task Thread Pool size 2
2021-12-24 01:41:06,667 [Listener at 127.0.0.1/45267] INFO  volume.HddsVolume (HddsVolume.java:<init>(120)) - Creating HddsVolume: /home/runner/work/ozone/ozone/hadoop-ozone/integration-test/target/test-dir/MiniOzoneClusterImpl-4d80237b-fa8d-46d0-bc6e-ad90cdc220b2/datanode-0/data-0/containers/hdds of storage type : DISK capacity : 9223372036854775807
2021-12-24 01:41:06,668 [Listener at 127.0.0.1/45267] INFO  volume.MutableVolumeSet (MutableVolumeSet.java:initializeVolumeSet(168)) - Added Volume : /home/runner/work/ozone/ozone/hadoop-ozone/integration-test/target/test-dir/MiniOzoneClusterImpl-4d80237b-fa8d-46d0-bc6e-ad90cdc220b2/datanode-0/data-0/containers/hdds to VolumeSet
2021-12-24 01:41:06,668 [Listener at 127.0.0.1/45267] INFO  volume.ThrottledAsyncChecker (ThrottledAsyncChecker.java:schedule(141)) - Scheduling a check for /home/runner/work/ozone/ozone/hadoop-ozone/integration-test/target/test-dir/MiniOzoneClusterImpl-4d80237b-fa8d-46d0-bc6e-ad90cdc220b2/datanode-0/data-0/containers/hdds
2021-12-24 01:41:06,669 [Listener at 127.0.0.1/45267] INFO  volume.StorageVolumeChecker (StorageVolumeChecker.java:checkAllVolumes(202)) - Scheduled health check for volume /home/runner/work/ozone/ozone/hadoop-ozone/integration-test/target/test-dir/MiniOzoneClusterImpl-4d80237b-fa8d-46d0-bc6e-ad90cdc220b2/datanode-0/data-0/containers/hdds
2021-12-24 01:41:06,696 [Listener at 127.0.0.1/45267] INFO  volume.MutableVolumeSet (MutableVolumeSet.java:initializeVolumeSet(168)) - Added Volume : /home/runner/work/ozone/ozone/hadoop-ozone/integration-test/target/test-dir/MiniOzoneClusterImpl-4d80237b-fa8d-46d0-bc6e-ad90cdc220b2/datanode-0/data/ratis to VolumeSet
2021-12-24 01:41:06,706 [Listener at 127.0.0.1/45267] INFO  volume.ThrottledAsyncChecker (ThrottledAsyncChecker.java:schedule(141)) - Scheduling a check for /home/runner/work/ozone/ozone/hadoop-ozone/integration-test/target/test-dir/MiniOzoneClusterImpl-4d80237b-fa8d-46d0-bc6e-ad90cdc220b2/datanode-0/data/ratis
2021-12-24 01:41:06,707 [Listener at 127.0.0.1/45267] INFO  volume.StorageVolumeChecker (StorageVolumeChecker.java:checkAllVolumes(202)) - Scheduled health check for volume /home/runner/work/ozone/ozone/hadoop-ozone/integration-test/target/test-dir/MiniOzoneClusterImpl-4d80237b-fa8d-46d0-bc6e-ad90cdc220b2/datanode-0/data/ratis
2021-12-24 01:41:06,723 [Thread-1272] INFO  ozoneimpl.ContainerReader (ContainerReader.java:readVolume(172)) - Finish verifying containers on volume /home/runner/work/ozone/ozone/hadoop-ozone/integration-test/target/test-dir/MiniOzoneClusterImpl-4d80237b-fa8d-46d0-bc6e-ad90cdc220b2/datanode-0/data-0/containers/hdds
2021-12-24 01:41:06,723 [Listener at 127.0.0.1/45267] INFO  ozoneimpl.OzoneContainer (OzoneContainer.java:buildContainerSet(237)) - Build ContainerSet costs 0s
2021-12-24 01:41:06,725 [Listener at 127.0.0.1/45267] INFO  server.RaftServer (ConfUtils.java:logGet(44)) - raft.rpc.type = GRPC (default)
2021-12-24 01:41:06,725 [Listener at 127.0.0.1/45267] INFO  grpc.GrpcFactory (GrpcFactory.java:checkPooledByteBufAllocatorUseCacheForAllThreads(48)) - PERFORMANCE WARNING: useCacheForAllThreads is true that may cause Netty to create a lot garbage objects and, as a result, trigger GC.
	It is recommended to disable useCacheForAllThreads by setting -Dorg.apache.ratis.thirdparty.io.netty.allocator.useCacheForAllThreads=false in command line.
2021-12-24 01:41:06,725 [Listener at 127.0.0.1/45267] INFO  grpc.GrpcConfigKeys (ConfUtils.java:logGet(44)) - raft.grpc.admin.port = 0 (custom)
2021-12-24 01:41:06,725 [Listener at 127.0.0.1/45267] INFO  grpc.GrpcConfigKeys (ConfUtils.java:logGet(44)) - raft.grpc.client.port = 0 (custom)
2021-12-24 01:41:06,725 [Listener at 127.0.0.1/45267] INFO  grpc.GrpcConfigKeys (ConfUtils.java:logGet(44)) - raft.grpc.server.port = 0 (default)
2021-12-24 01:41:06,726 [Listener at 127.0.0.1/45267] INFO  server.GrpcService (ConfUtils.java:logGet(44)) - raft.grpc.message.size.max = 32MB (=33554432) (custom)
2021-12-24 01:41:06,726 [Listener at 127.0.0.1/45267] INFO  server.RaftServerConfigKeys (ConfUtils.java:logGet(44)) - raft.server.log.appender.buffer.byte-limit = 33554432 (custom)
2021-12-24 01:41:06,726 [Listener at 127.0.0.1/45267] INFO  server.GrpcService (ConfUtils.java:logGet(44)) - raft.grpc.flow.control.window = 5MB (=5242880) (custom)
2021-12-24 01:41:06,726 [Listener at 127.0.0.1/45267] INFO  server.RaftServerConfigKeys (ConfUtils.java:logGet(44)) - raft.server.rpc.request.timeout = 60s (custom)
2021-12-24 01:41:06,727 [Listener at 127.0.0.1/45267] INFO  impl.DataStreamServerImpl (ConfUtils.java:logGet(44)) - raft.datastream.type = DISABLED (default)
2021-12-24 01:41:06,727 [Listener at 127.0.0.1/45267] INFO  server.RaftServerConfigKeys (ConfUtils.java:logGet(44)) - raft.server.rpc.slowness.timeout = 300s (custom)
2021-12-24 01:41:06,727 [Listener at 127.0.0.1/45267] INFO  server.RaftServerConfigKeys (ConfUtils.java:logGet(44)) - raft.server.leaderelection.leader.step-down.wait-time = 10s (default)
2021-12-24 01:41:06,728 [Listener at 127.0.0.1/45267] INFO  server.RaftServerConfigKeys (ConfUtils.java:logGet(44)) - raft.server.storage.dir = [/home/runner/work/ozone/ozone/hadoop-ozone/integration-test/target/test-dir/MiniOzoneClusterImpl-4d80237b-fa8d-46d0-bc6e-ad90cdc220b2/datanode-0/data/ratis] (custom)
2021-12-24 01:41:06,729 [Listener at 127.0.0.1/45267] INFO  server.XceiverServerGrpc (XceiverServerGrpc.java:<init>(132)) - GrpcServer channel type EpollServerSocketChannel
2021-12-24 01:41:06,748 [Listener at 127.0.0.1/45267] INFO  http.BaseHttpServer (BaseHttpServer.java:newHttpServer2BuilderForOzone(209)) - Starting Web-server for hddsDatanode at: http://0.0.0.0:0
2021-12-24 01:41:06,749 [Listener at 127.0.0.1/45267] INFO  http.BaseHttpServer (BaseHttpServer.java:<init>(107)) - Hadoop Security Enabled: false Ozone Security Enabled: false Ozone HTTP Security Enabled: false 
2021-12-24 01:41:06,751 [Listener at 127.0.0.1/45267] INFO  server.AuthenticationFilter (AuthenticationFilter.java:constructSecretProvider(240)) - Unable to initialize FileSignerSecretProvider, falling back to use random secrets.
2021-12-24 01:41:06,758 [Listener at 127.0.0.1/45267] WARN  http.HttpRequestLog (HttpRequestLog.java:getRequestLog(103)) - Jetty request log can only be enabled using Log4j
2021-12-24 01:41:06,759 [Listener at 127.0.0.1/45267] INFO  http.HttpServer2 (HttpServer2.java:addGlobalFilter(1030)) - Added global filter 'safety' (class=org.apache.hadoop.hdds.server.http.HttpServer2$QuotingInputFilter)
2021-12-24 01:41:06,759 [Listener at 127.0.0.1/45267] INFO  http.HttpServer2 (HttpServer2.java:addFilter(1006)) - Added filter static_user_filter (class=org.apache.hadoop.http.lib.StaticUserWebFilter$StaticUserFilter) to context hddsDatanode
2021-12-24 01:41:06,759 [Listener at 127.0.0.1/45267] INFO  http.HttpServer2 (HttpServer2.java:addFilter(1014)) - Added filter static_user_filter (class=org.apache.hadoop.http.lib.StaticUserWebFilter$StaticUserFilter) to context static
2021-12-24 01:41:06,759 [Listener at 127.0.0.1/45267] INFO  http.HttpServer2 (HttpServer2.java:addFilter(1014)) - Added filter static_user_filter (class=org.apache.hadoop.http.lib.StaticUserWebFilter$StaticUserFilter) to context logs
2021-12-24 01:41:06,760 [Listener at 127.0.0.1/45267] INFO  http.HttpServer2 (HttpServer2.java:bindListener(1249)) - Jetty bound to port 46393
2021-12-24 01:41:06,760 [Listener at 127.0.0.1/45267] INFO  server.Server (Server.java:doStart(375)) - jetty-9.4.43.v20210629; built: 2021-06-30T11:07:22.254Z; git: 526006ecfa3af7f1a27ef3a288e2bef7ea9dd7e8; jvm 1.8.0_292-b10
2021-12-24 01:41:06,764 [Listener at 127.0.0.1/45267] INFO  server.session (DefaultSessionIdManager.java:doStart(334)) - DefaultSessionIdManager workerName=node0
2021-12-24 01:41:06,764 [Listener at 127.0.0.1/45267] INFO  server.session (DefaultSessionIdManager.java:doStart(339)) - No SessionScavenger set, using defaults
2021-12-24 01:41:06,764 [Listener at 127.0.0.1/45267] INFO  server.session (HouseKeeper.java:startScavenging(132)) - node0 Scavenging every 660000ms
2021-12-24 01:41:06,768 [Listener at 127.0.0.1/45267] INFO  handler.ContextHandler (ContextHandler.java:doStart(915)) - Started o.e.j.s.ServletContextHandler@2ac964f3{logs,/logs,file:///home/runner/work/ozone/ozone/hadoop-ozone/integration-test/target/log,AVAILABLE}
2021-12-24 01:41:06,768 [Listener at 127.0.0.1/45267] INFO  handler.ContextHandler (ContextHandler.java:doStart(915)) - Started o.e.j.s.ServletContextHandler@747a393e{static,/static,jar:file:/home/runner/.m2/repository/org/apache/ozone/hdds-container-service/1.3.0-SNAPSHOT/hdds-container-service-1.3.0-SNAPSHOT.jar!/webapps/static,AVAILABLE}
2021-12-24 01:41:06,843 [Listener at 127.0.0.1/45267] INFO  handler.ContextHandler (ContextHandler.java:doStart(915)) - Started o.e.j.w.WebAppContext@682d5403{hddsDatanode,/,file:///tmp/jetty-0_0_0_0-46393-hdds-container-service-1_3_0-SNAPSHOT_jar-_-any-7895103721975221658/webapp/,AVAILABLE}{jar:file:/home/runner/.m2/repository/org/apache/ozone/hdds-container-service/1.3.0-SNAPSHOT/hdds-container-service-1.3.0-SNAPSHOT.jar!/webapps/hddsDatanode}
2021-12-24 01:41:06,851 [Listener at 127.0.0.1/45267] INFO  server.AbstractConnector (AbstractConnector.java:doStart(331)) - Started ServerConnector@4110a187{HTTP/1.1, (http/1.1)}{0.0.0.0:46393}
2021-12-24 01:41:06,852 [Listener at 127.0.0.1/45267] INFO  server.Server (Server.java:doStart(415)) - Started @189015ms
2021-12-24 01:41:06,865 [Listener at 127.0.0.1/45267] WARN  impl.MetricsSystemImpl (MetricsSystemImpl.java:register(279)) - Sink prometheus already exists!
2021-12-24 01:41:06,874 [Listener at 127.0.0.1/45267] INFO  http.BaseHttpServer (BaseHttpServer.java:updateConnectorAddress(329)) - HTTP server of hddsDatanode listening at http://0.0.0.0:46393
2021-12-24 01:41:06,880 [Listener at 127.0.0.1/45267] WARN  impl.MetricRegistriesImpl (MetricRegistriesImpl.java:addReporterRegistration(111)) - New reporters are added after registries were created. Some metrics will be missing from the reporter. Please add reporter before adding any new registry.
2021-12-24 01:41:06,880 [Listener at 127.0.0.1/45267] WARN  impl.MetricRegistriesImpl (MetricRegistriesImpl.java:addReporterRegistration(111)) - New reporters are added after registries were created. Some metrics will be missing from the reporter. Please add reporter before adding any new registry.
2021-12-24 01:41:06,880 [Listener at 127.0.0.1/45267] INFO  impl.MetricsSystemImpl (MetricsSystemImpl.java:init(158)) - HddsDatanode metrics system started (again)
2021-12-24 01:41:06,880 [Datanode State Machine Daemon Thread] INFO  statemachine.DatanodeStateMachine (DatanodeStateMachine.java:lambda$startDaemon$0(467)) - Ozone container server started.
2021-12-24 01:41:06,898 [org.apache.hadoop.util.JvmPauseMonitor$Monitor@28b2a60f] INFO  util.JvmPauseMonitor (JvmPauseMonitor.java:run(188)) - Starting JVM pause monitor
2021-12-24 01:41:06,923 [Datanode State Machine Task Thread - 0] INFO  datanode.InitDatanodeState (InitDatanodeState.java:persistContainerDatanodeDetails(145)) - DatanodeDetails is persisted to /home/runner/work/ozone/ozone/hadoop-ozone/integration-test/target/test-dir/MiniOzoneClusterImpl-4d80237b-fa8d-46d0-bc6e-ad90cdc220b2/datanode-0/meta/datanode.id
2021-12-24 01:41:06,928 [Listener at 127.0.0.1/45267] INFO  ozone.HddsDatanodeService (HddsDatanodeService.java:start(234)) - HddsDatanodeService host:fv-az116-279.vzw04321ajxubdbcnpick5nqva.xx.internal.cloudapp.net ip:10.1.0.29
2021-12-24 01:41:07,020 [Listener at 127.0.0.1/45267] INFO  upgrade.AbstractLayoutVersionManager (AbstractLayoutVersionManager.java:init(79)) - Initializing Layout version manager with metadata layout = SCM_HA (version = 2), software layout = SCM_HA (version = 2)
2021-12-24 01:41:07,090 [Listener at 127.0.0.1/45267] INFO  reflections.Reflections (Reflections.java:scan(232)) - Reflections took 67 ms to scan 7 urls, producing 119 keys and 279 values 
2021-12-24 01:41:07,091 [Listener at 127.0.0.1/45267] INFO  statemachine.DatanodeStateMachine (DatanodeStateMachine.java:getEndPointTaskThreadPoolSize(219)) - Datanode State Machine Task Thread Pool size 2
2021-12-24 01:41:07,093 [Listener at 127.0.0.1/45267] INFO  volume.HddsVolume (HddsVolume.java:<init>(120)) - Creating HddsVolume: /home/runner/work/ozone/ozone/hadoop-ozone/integration-test/target/test-dir/MiniOzoneClusterImpl-4d80237b-fa8d-46d0-bc6e-ad90cdc220b2/datanode-1/data-0/containers/hdds of storage type : DISK capacity : 9223372036854775807
2021-12-24 01:41:07,093 [Listener at 127.0.0.1/45267] INFO  volume.MutableVolumeSet (MutableVolumeSet.java:initializeVolumeSet(168)) - Added Volume : /home/runner/work/ozone/ozone/hadoop-ozone/integration-test/target/test-dir/MiniOzoneClusterImpl-4d80237b-fa8d-46d0-bc6e-ad90cdc220b2/datanode-1/data-0/containers/hdds to VolumeSet
2021-12-24 01:41:07,093 [Listener at 127.0.0.1/45267] INFO  volume.ThrottledAsyncChecker (ThrottledAsyncChecker.java:schedule(141)) - Scheduling a check for /home/runner/work/ozone/ozone/hadoop-ozone/integration-test/target/test-dir/MiniOzoneClusterImpl-4d80237b-fa8d-46d0-bc6e-ad90cdc220b2/datanode-1/data-0/containers/hdds
2021-12-24 01:41:07,094 [Listener at 127.0.0.1/45267] INFO  volume.StorageVolumeChecker (StorageVolumeChecker.java:checkAllVolumes(202)) - Scheduled health check for volume /home/runner/work/ozone/ozone/hadoop-ozone/integration-test/target/test-dir/MiniOzoneClusterImpl-4d80237b-fa8d-46d0-bc6e-ad90cdc220b2/datanode-1/data-0/containers/hdds
2021-12-24 01:41:07,113 [Listener at 127.0.0.1/45267] INFO  volume.MutableVolumeSet (MutableVolumeSet.java:initializeVolumeSet(168)) - Added Volume : /home/runner/work/ozone/ozone/hadoop-ozone/integration-test/target/test-dir/MiniOzoneClusterImpl-4d80237b-fa8d-46d0-bc6e-ad90cdc220b2/datanode-1/data/ratis to VolumeSet
2021-12-24 01:41:07,113 [Listener at 127.0.0.1/45267] INFO  volume.ThrottledAsyncChecker (ThrottledAsyncChecker.java:schedule(141)) - Scheduling a check for /home/runner/work/ozone/ozone/hadoop-ozone/integration-test/target/test-dir/MiniOzoneClusterImpl-4d80237b-fa8d-46d0-bc6e-ad90cdc220b2/datanode-1/data/ratis
2021-12-24 01:41:07,123 [Listener at 127.0.0.1/45267] INFO  volume.StorageVolumeChecker (StorageVolumeChecker.java:checkAllVolumes(202)) - Scheduled health check for volume /home/runner/work/ozone/ozone/hadoop-ozone/integration-test/target/test-dir/MiniOzoneClusterImpl-4d80237b-fa8d-46d0-bc6e-ad90cdc220b2/datanode-1/data/ratis
2021-12-24 01:41:07,155 [Thread-1284] INFO  ozoneimpl.ContainerReader (ContainerReader.java:readVolume(172)) - Finish verifying containers on volume /home/runner/work/ozone/ozone/hadoop-ozone/integration-test/target/test-dir/MiniOzoneClusterImpl-4d80237b-fa8d-46d0-bc6e-ad90cdc220b2/datanode-1/data-0/containers/hdds
2021-12-24 01:41:07,155 [Listener at 127.0.0.1/45267] INFO  ozoneimpl.OzoneContainer (OzoneContainer.java:buildContainerSet(237)) - Build ContainerSet costs 0s
2021-12-24 01:41:07,157 [Listener at 127.0.0.1/45267] INFO  server.RaftServer (ConfUtils.java:logGet(44)) - raft.rpc.type = GRPC (default)
2021-12-24 01:41:07,157 [Listener at 127.0.0.1/45267] INFO  grpc.GrpcFactory (GrpcFactory.java:checkPooledByteBufAllocatorUseCacheForAllThreads(48)) - PERFORMANCE WARNING: useCacheForAllThreads is true that may cause Netty to create a lot garbage objects and, as a result, trigger GC.
	It is recommended to disable useCacheForAllThreads by setting -Dorg.apache.ratis.thirdparty.io.netty.allocator.useCacheForAllThreads=false in command line.
2021-12-24 01:41:07,157 [Listener at 127.0.0.1/45267] INFO  grpc.GrpcConfigKeys (ConfUtils.java:logGet(44)) - raft.grpc.admin.port = 0 (custom)
2021-12-24 01:41:07,157 [Listener at 127.0.0.1/45267] INFO  grpc.GrpcConfigKeys (ConfUtils.java:logGet(44)) - raft.grpc.client.port = 0 (custom)
2021-12-24 01:41:07,158 [Listener at 127.0.0.1/45267] INFO  grpc.GrpcConfigKeys (ConfUtils.java:logGet(44)) - raft.grpc.server.port = 0 (default)
2021-12-24 01:41:07,158 [Listener at 127.0.0.1/45267] INFO  server.GrpcService (ConfUtils.java:logGet(44)) - raft.grpc.message.size.max = 32MB (=33554432) (custom)
2021-12-24 01:41:07,158 [Listener at 127.0.0.1/45267] INFO  server.RaftServerConfigKeys (ConfUtils.java:logGet(44)) - raft.server.log.appender.buffer.byte-limit = 33554432 (custom)
2021-12-24 01:41:07,158 [Listener at 127.0.0.1/45267] INFO  server.GrpcService (ConfUtils.java:logGet(44)) - raft.grpc.flow.control.window = 5MB (=5242880) (custom)
2021-12-24 01:41:07,158 [Listener at 127.0.0.1/45267] INFO  server.RaftServerConfigKeys (ConfUtils.java:logGet(44)) - raft.server.rpc.request.timeout = 60s (custom)
2021-12-24 01:41:07,159 [Listener at 127.0.0.1/45267] INFO  impl.DataStreamServerImpl (ConfUtils.java:logGet(44)) - raft.datastream.type = DISABLED (default)
2021-12-24 01:41:07,159 [Listener at 127.0.0.1/45267] INFO  server.RaftServerConfigKeys (ConfUtils.java:logGet(44)) - raft.server.rpc.slowness.timeout = 300s (custom)
2021-12-24 01:41:07,160 [Listener at 127.0.0.1/45267] INFO  server.RaftServerConfigKeys (ConfUtils.java:logGet(44)) - raft.server.leaderelection.leader.step-down.wait-time = 10s (default)
2021-12-24 01:41:07,160 [Listener at 127.0.0.1/45267] INFO  server.RaftServerConfigKeys (ConfUtils.java:logGet(44)) - raft.server.storage.dir = [/home/runner/work/ozone/ozone/hadoop-ozone/integration-test/target/test-dir/MiniOzoneClusterImpl-4d80237b-fa8d-46d0-bc6e-ad90cdc220b2/datanode-1/data/ratis] (custom)
2021-12-24 01:41:07,161 [Listener at 127.0.0.1/45267] INFO  server.XceiverServerGrpc (XceiverServerGrpc.java:<init>(132)) - GrpcServer channel type EpollServerSocketChannel
2021-12-24 01:41:07,163 [Listener at 127.0.0.1/45267] INFO  http.BaseHttpServer (BaseHttpServer.java:newHttpServer2BuilderForOzone(209)) - Starting Web-server for hddsDatanode at: http://0.0.0.0:0
2021-12-24 01:41:07,164 [Listener at 127.0.0.1/45267] INFO  http.BaseHttpServer (BaseHttpServer.java:<init>(107)) - Hadoop Security Enabled: false Ozone Security Enabled: false Ozone HTTP Security Enabled: false 
2021-12-24 01:41:07,165 [Listener at 127.0.0.1/45267] INFO  server.AuthenticationFilter (AuthenticationFilter.java:constructSecretProvider(240)) - Unable to initialize FileSignerSecretProvider, falling back to use random secrets.
2021-12-24 01:41:07,185 [Listener at 127.0.0.1/45267] WARN  http.HttpRequestLog (HttpRequestLog.java:getRequestLog(103)) - Jetty request log can only be enabled using Log4j
2021-12-24 01:41:07,186 [Listener at 127.0.0.1/45267] INFO  http.HttpServer2 (HttpServer2.java:addGlobalFilter(1030)) - Added global filter 'safety' (class=org.apache.hadoop.hdds.server.http.HttpServer2$QuotingInputFilter)
2021-12-24 01:41:07,187 [Listener at 127.0.0.1/45267] INFO  http.HttpServer2 (HttpServer2.java:addFilter(1006)) - Added filter static_user_filter (class=org.apache.hadoop.http.lib.StaticUserWebFilter$StaticUserFilter) to context hddsDatanode
2021-12-24 01:41:07,187 [Listener at 127.0.0.1/45267] INFO  http.HttpServer2 (HttpServer2.java:addFilter(1014)) - Added filter static_user_filter (class=org.apache.hadoop.http.lib.StaticUserWebFilter$StaticUserFilter) to context static
2021-12-24 01:41:07,187 [Listener at 127.0.0.1/45267] INFO  http.HttpServer2 (HttpServer2.java:addFilter(1014)) - Added filter static_user_filter (class=org.apache.hadoop.http.lib.StaticUserWebFilter$StaticUserFilter) to context logs
2021-12-24 01:41:07,187 [Listener at 127.0.0.1/45267] INFO  http.HttpServer2 (HttpServer2.java:bindListener(1249)) - Jetty bound to port 39851
2021-12-24 01:41:07,188 [Listener at 127.0.0.1/45267] INFO  server.Server (Server.java:doStart(375)) - jetty-9.4.43.v20210629; built: 2021-06-30T11:07:22.254Z; git: 526006ecfa3af7f1a27ef3a288e2bef7ea9dd7e8; jvm 1.8.0_292-b10
2021-12-24 01:41:07,226 [Listener at 127.0.0.1/45267] INFO  server.session (DefaultSessionIdManager.java:doStart(334)) - DefaultSessionIdManager workerName=node0
2021-12-24 01:41:07,226 [Listener at 127.0.0.1/45267] INFO  server.session (DefaultSessionIdManager.java:doStart(339)) - No SessionScavenger set, using defaults
2021-12-24 01:41:07,226 [Listener at 127.0.0.1/45267] INFO  server.session (HouseKeeper.java:startScavenging(132)) - node0 Scavenging every 660000ms
2021-12-24 01:41:07,248 [Listener at 127.0.0.1/45267] INFO  handler.ContextHandler (ContextHandler.java:doStart(915)) - Started o.e.j.s.ServletContextHandler@50b90535{logs,/logs,file:///home/runner/work/ozone/ozone/hadoop-ozone/integration-test/target/log,AVAILABLE}
2021-12-24 01:41:07,248 [Listener at 127.0.0.1/45267] INFO  handler.ContextHandler (ContextHandler.java:doStart(915)) - Started o.e.j.s.ServletContextHandler@7a98c6cc{static,/static,jar:file:/home/runner/.m2/repository/org/apache/ozone/hdds-container-service/1.3.0-SNAPSHOT/hdds-container-service-1.3.0-SNAPSHOT.jar!/webapps/static,AVAILABLE}
2021-12-24 01:41:07,293 [om1@group-C5BA1605619E-FollowerState] INFO  impl.FollowerState (FollowerState.java:run(134)) - om1@group-C5BA1605619E-FollowerState: change to CANDIDATE, lastRpcElapsedTime:1106197790ns, electionTimeout:1104ms
2021-12-24 01:41:07,294 [om1@group-C5BA1605619E-FollowerState] INFO  impl.RoleInfo (RoleInfo.java:shutdownFollowerState(108)) - om1: shutdown om1@group-C5BA1605619E-FollowerState
2021-12-24 01:41:07,294 [om1@group-C5BA1605619E-FollowerState] INFO  server.RaftServer$Division (RaftServerImpl.java:setRole(290)) - om1@group-C5BA1605619E: changes role from  FOLLOWER to CANDIDATE at term 0 for changeToCandidate
2021-12-24 01:41:07,294 [om1@group-C5BA1605619E-FollowerState] INFO  server.RaftServerConfigKeys (ConfUtils.java:logGet(44)) - raft.server.leaderelection.pre-vote = false (custom)
2021-12-24 01:41:07,294 [om1@group-C5BA1605619E-FollowerState] INFO  impl.RoleInfo (RoleInfo.java:updateAndGet(130)) - om1: start om1@group-C5BA1605619E-LeaderElection42
2021-12-24 01:41:07,329 [om1@group-C5BA1605619E-LeaderElection42] INFO  impl.LeaderElection (LeaderElection.java:askForVotes(306)) - om1@group-C5BA1605619E-LeaderElection42 ELECTION round 0: submit vote requests at term 1 for -1: [om1|rpc:localhost:9872|priority:0], old=null
2021-12-24 01:41:07,329 [om1@group-C5BA1605619E-LeaderElection42] INFO  impl.LeaderElection (LeaderElection.java:askForVotes(308)) - om1@group-C5BA1605619E-LeaderElection42 ELECTION round 0: result PASSED (term=1)
2021-12-24 01:41:07,329 [om1@group-C5BA1605619E-LeaderElection42] INFO  impl.RoleInfo (RoleInfo.java:shutdownLeaderElection(121)) - om1: shutdown om1@group-C5BA1605619E-LeaderElection42
2021-12-24 01:41:07,329 [om1@group-C5BA1605619E-LeaderElection42] INFO  server.RaftServer$Division (RaftServerImpl.java:setRole(290)) - om1@group-C5BA1605619E: changes role from CANDIDATE to LEADER at term 1 for changeToLeader
2021-12-24 01:41:07,329 [om1@group-C5BA1605619E-LeaderElection42] INFO  server.RaftServer$Division (ServerState.java:setLeader(285)) - om1@group-C5BA1605619E: change Leader from null to om1 at term 1 for becomeLeader, leader elected after 1228ms
2021-12-24 01:41:07,330 [om1@group-C5BA1605619E-LeaderElection42] INFO  server.RaftServerConfigKeys (ConfUtils.java:logGet(44)) - raft.server.staging.catchup.gap = 1000 (default)
2021-12-24 01:41:07,330 [om1@group-C5BA1605619E-LeaderElection42] INFO  server.RaftServerConfigKeys (ConfUtils.java:logGet(44)) - raft.server.write.element-limit = 4096 (default)
2021-12-24 01:41:07,330 [om1@group-C5BA1605619E-LeaderElection42] INFO  server.RaftServerConfigKeys (ConfUtils.java:logGet(44)) - raft.server.write.byte-limit = 64MB (=67108864) (default)
2021-12-24 01:41:07,330 [om1@group-C5BA1605619E-LeaderElection42] INFO  server.RaftServerConfigKeys (ConfUtils.java:logGet(44)) - raft.server.watch.timeout = 10s (default)
2021-12-24 01:41:07,330 [om1@group-C5BA1605619E-LeaderElection42] INFO  server.RaftServerConfigKeys (ConfUtils.java:logGet(44)) - raft.server.watch.timeout.denomination = 1s (default)
2021-12-24 01:41:07,331 [om1@group-C5BA1605619E-LeaderElection42] INFO  server.RaftServerConfigKeys (ConfUtils.java:logGet(44)) - raft.server.watch.element-limit = 65536 (default)
2021-12-24 01:41:07,331 [om1@group-C5BA1605619E-LeaderElection42] INFO  server.RaftServerConfigKeys (ConfUtils.java:logGet(44)) - raft.server.write.element-limit = 4096 (default)
2021-12-24 01:41:07,331 [om1@group-C5BA1605619E-LeaderElection42] INFO  server.RaftServerConfigKeys (ConfUtils.java:logGet(44)) - raft.server.write.follower.gap.ratio.max = -1.0 (default)
2021-12-24 01:41:07,332 [om1@group-C5BA1605619E-LeaderElection42] INFO  impl.RoleInfo (RoleInfo.java:updateAndGet(130)) - om1: start om1@group-C5BA1605619E-LeaderStateImpl
2021-12-24 01:41:07,333 [om1@group-C5BA1605619E-LeaderElection42] INFO  segmented.SegmentedRaftLogWorker (SegmentedRaftLogWorker.java:startLogSegment(394)) - om1@group-C5BA1605619E-SegmentedRaftLogWorker: Starting segment from index:0
2021-12-24 01:41:07,344 [om1@group-C5BA1605619E-LeaderElection42] INFO  server.RaftServer$Division (ServerState.java:setRaftConf(387)) - om1@group-C5BA1605619E: set configuration 0: [om1|rpc:localhost:9872|admin:|client:|dataStream:|priority:0], old=null
2021-12-24 01:41:07,348 [om1@group-C5BA1605619E-SegmentedRaftLogWorker] INFO  segmented.SegmentedRaftLogWorker (SegmentedRaftLogWorker.java:execute(601)) - om1@group-C5BA1605619E-SegmentedRaftLogWorker: created new log segment /home/runner/work/ozone/ozone/hadoop-ozone/integration-test/target/test-dir/MiniOzoneClusterImpl-4d80237b-fa8d-46d0-bc6e-ad90cdc220b2/ozone-meta/ratis/bf265839-605b-3f16-9796-c5ba1605619e/current/log_inprogress_0
2021-12-24 01:41:07,358 [om1@group-C5BA1605619E-StateMachineUpdater] INFO  ratis.OzoneManagerStateMachine (OzoneManagerStateMachine.java:notifyConfigurationChanged(188)) - Received Configuration change notification from Ratis. New Peer list:
[id: "om1"
address: "localhost:9872"
]
2021-12-24 01:41:07,391 [Listener at 127.0.0.1/45267] INFO  handler.ContextHandler (ContextHandler.java:doStart(915)) - Started o.e.j.w.WebAppContext@34137044{hddsDatanode,/,file:///tmp/jetty-0_0_0_0-39851-hdds-container-service-1_3_0-SNAPSHOT_jar-_-any-4659852928915732731/webapp/,AVAILABLE}{jar:file:/home/runner/.m2/repository/org/apache/ozone/hdds-container-service/1.3.0-SNAPSHOT/hdds-container-service-1.3.0-SNAPSHOT.jar!/webapps/hddsDatanode}
2021-12-24 01:41:07,418 [Listener at 127.0.0.1/45267] INFO  server.AbstractConnector (AbstractConnector.java:doStart(331)) - Started ServerConnector@3957a38c{HTTP/1.1, (http/1.1)}{0.0.0.0:39851}
2021-12-24 01:41:07,418 [Listener at 127.0.0.1/45267] INFO  server.Server (Server.java:doStart(415)) - Started @189581ms
2021-12-24 01:41:07,418 [Listener at 127.0.0.1/45267] WARN  impl.MetricsSystemImpl (MetricsSystemImpl.java:register(279)) - Sink prometheus already exists!
2021-12-24 01:41:07,430 [Listener at 127.0.0.1/45267] INFO  http.BaseHttpServer (BaseHttpServer.java:updateConnectorAddress(329)) - HTTP server of hddsDatanode listening at http://0.0.0.0:39851
2021-12-24 01:41:07,444 [Listener at 127.0.0.1/45267] WARN  impl.MetricRegistriesImpl (MetricRegistriesImpl.java:addReporterRegistration(111)) - New reporters are added after registries were created. Some metrics will be missing from the reporter. Please add reporter before adding any new registry.
2021-12-24 01:41:07,445 [Listener at 127.0.0.1/45267] WARN  impl.MetricRegistriesImpl (MetricRegistriesImpl.java:addReporterRegistration(111)) - New reporters are added after registries were created. Some metrics will be missing from the reporter. Please add reporter before adding any new registry.
2021-12-24 01:41:07,445 [Listener at 127.0.0.1/45267] INFO  impl.MetricsSystemImpl (MetricsSystemImpl.java:init(158)) - HddsDatanode metrics system started (again)
2021-12-24 01:41:07,458 [Datanode State Machine Daemon Thread] INFO  statemachine.DatanodeStateMachine (DatanodeStateMachine.java:lambda$startDaemon$0(467)) - Ozone container server started.
2021-12-24 01:41:07,470 [org.apache.hadoop.util.JvmPauseMonitor$Monitor@5bcbb070] INFO  util.JvmPauseMonitor (JvmPauseMonitor.java:run(188)) - Starting JVM pause monitor
2021-12-24 01:41:07,483 [Listener at 127.0.0.1/45267] INFO  ozone.HddsDatanodeService (HddsDatanodeService.java:start(234)) - HddsDatanodeService host:fv-az116-279.vzw04321ajxubdbcnpick5nqva.xx.internal.cloudapp.net ip:10.1.0.29
2021-12-24 01:41:07,486 [Datanode State Machine Task Thread - 0] INFO  datanode.InitDatanodeState (InitDatanodeState.java:persistContainerDatanodeDetails(145)) - DatanodeDetails is persisted to /home/runner/work/ozone/ozone/hadoop-ozone/integration-test/target/test-dir/MiniOzoneClusterImpl-4d80237b-fa8d-46d0-bc6e-ad90cdc220b2/datanode-1/meta/datanode.id
2021-12-24 01:41:07,568 [Listener at 127.0.0.1/45267] INFO  upgrade.AbstractLayoutVersionManager (AbstractLayoutVersionManager.java:init(79)) - Initializing Layout version manager with metadata layout = SCM_HA (version = 2), software layout = SCM_HA (version = 2)
2021-12-24 01:41:07,734 [Listener at 127.0.0.1/45267] INFO  reflections.Reflections (Reflections.java:scan(232)) - Reflections took 162 ms to scan 7 urls, producing 119 keys and 279 values 
2021-12-24 01:41:07,736 [Listener at 127.0.0.1/45267] INFO  statemachine.DatanodeStateMachine (DatanodeStateMachine.java:getEndPointTaskThreadPoolSize(219)) - Datanode State Machine Task Thread Pool size 2
2021-12-24 01:41:07,738 [Listener at 127.0.0.1/45267] INFO  volume.HddsVolume (HddsVolume.java:<init>(120)) - Creating HddsVolume: /home/runner/work/ozone/ozone/hadoop-ozone/integration-test/target/test-dir/MiniOzoneClusterImpl-4d80237b-fa8d-46d0-bc6e-ad90cdc220b2/datanode-2/data-0/containers/hdds of storage type : DISK capacity : 9223372036854775807
2021-12-24 01:41:07,738 [Listener at 127.0.0.1/45267] INFO  volume.MutableVolumeSet (MutableVolumeSet.java:initializeVolumeSet(168)) - Added Volume : /home/runner/work/ozone/ozone/hadoop-ozone/integration-test/target/test-dir/MiniOzoneClusterImpl-4d80237b-fa8d-46d0-bc6e-ad90cdc220b2/datanode-2/data-0/containers/hdds to VolumeSet
2021-12-24 01:41:07,738 [Listener at 127.0.0.1/45267] INFO  volume.ThrottledAsyncChecker (ThrottledAsyncChecker.java:schedule(141)) - Scheduling a check for /home/runner/work/ozone/ozone/hadoop-ozone/integration-test/target/test-dir/MiniOzoneClusterImpl-4d80237b-fa8d-46d0-bc6e-ad90cdc220b2/datanode-2/data-0/containers/hdds
2021-12-24 01:41:07,739 [Listener at 127.0.0.1/45267] INFO  volume.StorageVolumeChecker (StorageVolumeChecker.java:checkAllVolumes(202)) - Scheduled health check for volume /home/runner/work/ozone/ozone/hadoop-ozone/integration-test/target/test-dir/MiniOzoneClusterImpl-4d80237b-fa8d-46d0-bc6e-ad90cdc220b2/datanode-2/data-0/containers/hdds
2021-12-24 01:41:07,794 [Listener at 127.0.0.1/45267] INFO  volume.MutableVolumeSet (MutableVolumeSet.java:initializeVolumeSet(168)) - Added Volume : /home/runner/work/ozone/ozone/hadoop-ozone/integration-test/target/test-dir/MiniOzoneClusterImpl-4d80237b-fa8d-46d0-bc6e-ad90cdc220b2/datanode-2/data/ratis to VolumeSet
2021-12-24 01:41:07,801 [Listener at 127.0.0.1/45267] INFO  volume.ThrottledAsyncChecker (ThrottledAsyncChecker.java:schedule(141)) - Scheduling a check for /home/runner/work/ozone/ozone/hadoop-ozone/integration-test/target/test-dir/MiniOzoneClusterImpl-4d80237b-fa8d-46d0-bc6e-ad90cdc220b2/datanode-2/data/ratis
2021-12-24 01:41:07,802 [Listener at 127.0.0.1/45267] INFO  volume.StorageVolumeChecker (StorageVolumeChecker.java:checkAllVolumes(202)) - Scheduled health check for volume /home/runner/work/ozone/ozone/hadoop-ozone/integration-test/target/test-dir/MiniOzoneClusterImpl-4d80237b-fa8d-46d0-bc6e-ad90cdc220b2/datanode-2/data/ratis
2021-12-24 01:41:07,823 [Thread-1298] INFO  ozoneimpl.ContainerReader (ContainerReader.java:readVolume(172)) - Finish verifying containers on volume /home/runner/work/ozone/ozone/hadoop-ozone/integration-test/target/test-dir/MiniOzoneClusterImpl-4d80237b-fa8d-46d0-bc6e-ad90cdc220b2/datanode-2/data-0/containers/hdds
2021-12-24 01:41:07,823 [Listener at 127.0.0.1/45267] INFO  ozoneimpl.OzoneContainer (OzoneContainer.java:buildContainerSet(237)) - Build ContainerSet costs 0s
2021-12-24 01:41:07,825 [Listener at 127.0.0.1/45267] INFO  server.RaftServer (ConfUtils.java:logGet(44)) - raft.rpc.type = GRPC (default)
2021-12-24 01:41:07,825 [Listener at 127.0.0.1/45267] INFO  grpc.GrpcFactory (GrpcFactory.java:checkPooledByteBufAllocatorUseCacheForAllThreads(48)) - PERFORMANCE WARNING: useCacheForAllThreads is true that may cause Netty to create a lot garbage objects and, as a result, trigger GC.
	It is recommended to disable useCacheForAllThreads by setting -Dorg.apache.ratis.thirdparty.io.netty.allocator.useCacheForAllThreads=false in command line.
2021-12-24 01:41:07,825 [Listener at 127.0.0.1/45267] INFO  grpc.GrpcConfigKeys (ConfUtils.java:logGet(44)) - raft.grpc.admin.port = 0 (custom)
2021-12-24 01:41:07,826 [Listener at 127.0.0.1/45267] INFO  grpc.GrpcConfigKeys (ConfUtils.java:logGet(44)) - raft.grpc.client.port = 0 (custom)
2021-12-24 01:41:07,826 [Listener at 127.0.0.1/45267] INFO  grpc.GrpcConfigKeys (ConfUtils.java:logGet(44)) - raft.grpc.server.port = 0 (default)
2021-12-24 01:41:07,826 [Listener at 127.0.0.1/45267] INFO  server.GrpcService (ConfUtils.java:logGet(44)) - raft.grpc.message.size.max = 32MB (=33554432) (custom)
2021-12-24 01:41:07,826 [Listener at 127.0.0.1/45267] INFO  server.RaftServerConfigKeys (ConfUtils.java:logGet(44)) - raft.server.log.appender.buffer.byte-limit = 33554432 (custom)
2021-12-24 01:41:07,826 [Listener at 127.0.0.1/45267] INFO  server.GrpcService (ConfUtils.java:logGet(44)) - raft.grpc.flow.control.window = 5MB (=5242880) (custom)
2021-12-24 01:41:07,826 [Listener at 127.0.0.1/45267] INFO  server.RaftServerConfigKeys (ConfUtils.java:logGet(44)) - raft.server.rpc.request.timeout = 60s (custom)
2021-12-24 01:41:07,827 [Listener at 127.0.0.1/45267] INFO  impl.DataStreamServerImpl (ConfUtils.java:logGet(44)) - raft.datastream.type = DISABLED (default)
2021-12-24 01:41:07,828 [Listener at 127.0.0.1/45267] INFO  server.RaftServerConfigKeys (ConfUtils.java:logGet(44)) - raft.server.rpc.slowness.timeout = 300s (custom)
2021-12-24 01:41:07,828 [Listener at 127.0.0.1/45267] INFO  server.RaftServerConfigKeys (ConfUtils.java:logGet(44)) - raft.server.leaderelection.leader.step-down.wait-time = 10s (default)
2021-12-24 01:41:07,828 [Listener at 127.0.0.1/45267] INFO  server.RaftServerConfigKeys (ConfUtils.java:logGet(44)) - raft.server.storage.dir = [/home/runner/work/ozone/ozone/hadoop-ozone/integration-test/target/test-dir/MiniOzoneClusterImpl-4d80237b-fa8d-46d0-bc6e-ad90cdc220b2/datanode-2/data/ratis] (custom)
2021-12-24 01:41:07,829 [Listener at 127.0.0.1/45267] INFO  server.XceiverServerGrpc (XceiverServerGrpc.java:<init>(132)) - GrpcServer channel type EpollServerSocketChannel
2021-12-24 01:41:07,873 [Listener at 127.0.0.1/45267] INFO  http.BaseHttpServer (BaseHttpServer.java:newHttpServer2BuilderForOzone(209)) - Starting Web-server for hddsDatanode at: http://0.0.0.0:0
2021-12-24 01:41:07,874 [Listener at 127.0.0.1/45267] INFO  http.BaseHttpServer (BaseHttpServer.java:<init>(107)) - Hadoop Security Enabled: false Ozone Security Enabled: false Ozone HTTP Security Enabled: false 
2021-12-24 01:41:07,883 [Listener at 127.0.0.1/45267] INFO  server.AuthenticationFilter (AuthenticationFilter.java:constructSecretProvider(240)) - Unable to initialize FileSignerSecretProvider, falling back to use random secrets.
2021-12-24 01:41:07,922 [Listener at 127.0.0.1/45267] WARN  http.HttpRequestLog (HttpRequestLog.java:getRequestLog(103)) - Jetty request log can only be enabled using Log4j
2021-12-24 01:41:07,923 [Listener at 127.0.0.1/45267] INFO  http.HttpServer2 (HttpServer2.java:addGlobalFilter(1030)) - Added global filter 'safety' (class=org.apache.hadoop.hdds.server.http.HttpServer2$QuotingInputFilter)
2021-12-24 01:41:07,923 [Listener at 127.0.0.1/45267] INFO  http.HttpServer2 (HttpServer2.java:addFilter(1006)) - Added filter static_user_filter (class=org.apache.hadoop.http.lib.StaticUserWebFilter$StaticUserFilter) to context hddsDatanode
2021-12-24 01:41:07,923 [Listener at 127.0.0.1/45267] INFO  http.HttpServer2 (HttpServer2.java:addFilter(1014)) - Added filter static_user_filter (class=org.apache.hadoop.http.lib.StaticUserWebFilter$StaticUserFilter) to context static
2021-12-24 01:41:07,924 [Listener at 127.0.0.1/45267] INFO  http.HttpServer2 (HttpServer2.java:addFilter(1014)) - Added filter static_user_filter (class=org.apache.hadoop.http.lib.StaticUserWebFilter$StaticUserFilter) to context logs
2021-12-24 01:41:07,924 [Listener at 127.0.0.1/45267] INFO  http.HttpServer2 (HttpServer2.java:bindListener(1249)) - Jetty bound to port 44473
2021-12-24 01:41:07,924 [Listener at 127.0.0.1/45267] INFO  server.Server (Server.java:doStart(375)) - jetty-9.4.43.v20210629; built: 2021-06-30T11:07:22.254Z; git: 526006ecfa3af7f1a27ef3a288e2bef7ea9dd7e8; jvm 1.8.0_292-b10
2021-12-24 01:41:08,054 [Listener at 127.0.0.1/45267] INFO  server.session (DefaultSessionIdManager.java:doStart(334)) - DefaultSessionIdManager workerName=node0
2021-12-24 01:41:08,054 [Listener at 127.0.0.1/45267] INFO  server.session (DefaultSessionIdManager.java:doStart(339)) - No SessionScavenger set, using defaults
2021-12-24 01:41:08,073 [Listener at 127.0.0.1/45267] INFO  server.session (HouseKeeper.java:startScavenging(132)) - node0 Scavenging every 660000ms
2021-12-24 01:41:08,089 [Listener at 127.0.0.1/45267] INFO  handler.ContextHandler (ContextHandler.java:doStart(915)) - Started o.e.j.s.ServletContextHandler@3948dbb{logs,/logs,file:///home/runner/work/ozone/ozone/hadoop-ozone/integration-test/target/log,AVAILABLE}
2021-12-24 01:41:08,090 [Listener at 127.0.0.1/45267] INFO  handler.ContextHandler (ContextHandler.java:doStart(915)) - Started o.e.j.s.ServletContextHandler@24dfbc9b{static,/static,jar:file:/home/runner/.m2/repository/org/apache/ozone/hdds-container-service/1.3.0-SNAPSHOT/hdds-container-service-1.3.0-SNAPSHOT.jar!/webapps/static,AVAILABLE}
2021-12-24 01:41:08,264 [Listener at 127.0.0.1/45267] INFO  handler.ContextHandler (ContextHandler.java:doStart(915)) - Started o.e.j.w.WebAppContext@6945ad46{hddsDatanode,/,file:///tmp/jetty-0_0_0_0-44473-hdds-container-service-1_3_0-SNAPSHOT_jar-_-any-5085358079720779126/webapp/,AVAILABLE}{jar:file:/home/runner/.m2/repository/org/apache/ozone/hdds-container-service/1.3.0-SNAPSHOT/hdds-container-service-1.3.0-SNAPSHOT.jar!/webapps/hddsDatanode}
2021-12-24 01:41:08,290 [Listener at 127.0.0.1/45267] INFO  server.AbstractConnector (AbstractConnector.java:doStart(331)) - Started ServerConnector@57d9b274{HTTP/1.1, (http/1.1)}{0.0.0.0:44473}
2021-12-24 01:41:08,290 [Listener at 127.0.0.1/45267] INFO  server.Server (Server.java:doStart(415)) - Started @190453ms
2021-12-24 01:41:08,290 [Listener at 127.0.0.1/45267] WARN  impl.MetricsSystemImpl (MetricsSystemImpl.java:register(279)) - Sink prometheus already exists!
2021-12-24 01:41:08,293 [Listener at 127.0.0.1/45267] INFO  http.BaseHttpServer (BaseHttpServer.java:updateConnectorAddress(329)) - HTTP server of hddsDatanode listening at http://0.0.0.0:44473
2021-12-24 01:41:08,310 [Listener at 127.0.0.1/45267] INFO  ozone.MiniOzoneClusterImpl (MiniOzoneClusterImpl.java:lambda$waitForClusterToBeReady$0(235)) - Waiting for nodes to be ready. Got 0 of 3 DN Heartbeats.
2021-12-24 01:41:08,310 [Listener at 127.0.0.1/45267] INFO  ozone.MiniOzoneClusterImpl (MiniOzoneClusterImpl.java:lambda$waitForClusterToBeReady$0(238)) - Waiting for cluster to exit safe mode
2021-12-24 01:41:08,310 [Listener at 127.0.0.1/45267] INFO  ozone.MiniOzoneClusterImpl (MiniOzoneClusterImpl.java:lambda$waitForClusterToBeReady$0(240)) - SCM became leader
2021-12-24 01:41:08,314 [Datanode State Machine Daemon Thread] INFO  statemachine.DatanodeStateMachine (DatanodeStateMachine.java:lambda$startDaemon$0(467)) - Ozone container server started.
2021-12-24 01:41:08,422 [org.apache.hadoop.util.JvmPauseMonitor$Monitor@8dd6e33] INFO  util.JvmPauseMonitor (JvmPauseMonitor.java:run(188)) - Starting JVM pause monitor
2021-12-24 01:41:08,437 [Datanode State Machine Task Thread - 0] INFO  datanode.InitDatanodeState (InitDatanodeState.java:persistContainerDatanodeDetails(145)) - DatanodeDetails is persisted to /home/runner/work/ozone/ozone/hadoop-ozone/integration-test/target/test-dir/MiniOzoneClusterImpl-4d80237b-fa8d-46d0-bc6e-ad90cdc220b2/datanode-2/meta/datanode.id
2021-12-24 01:41:08,917 [EndpointStateMachine task thread for /0.0.0.0:33847 - 0 ] INFO  ozoneimpl.OzoneContainer (OzoneContainer.java:start(315)) - Attempting to start container services.
2021-12-24 01:41:08,917 [EndpointStateMachine task thread for /0.0.0.0:33847 - 0 ] INFO  ozoneimpl.OzoneContainer (OzoneContainer.java:startContainerScrub(250)) - Background container scanner has been disabled.
2021-12-24 01:41:08,921 [EndpointStateMachine task thread for /0.0.0.0:33847 - 0 ] INFO  replication.ReplicationServer (ReplicationServer.java:start(107)) - ReplicationServer is started using port 46175
2021-12-24 01:41:08,922 [EndpointStateMachine task thread for /0.0.0.0:33847 - 0 ] INFO  ratis.XceiverServerRatis (XceiverServerRatis.java:start(484)) - Starting XceiverServerRatis 2929649d-66d9-4679-b58a-41df8f12a6f1
2021-12-24 01:41:08,927 [EndpointStateMachine task thread for /0.0.0.0:33847 - 0 ] INFO  server.RaftServer (RaftServerProxy.java:lambda$start$5(374)) - 2929649d-66d9-4679-b58a-41df8f12a6f1: start RPC server
2021-12-24 01:41:08,934 [EndpointStateMachine task thread for /0.0.0.0:33847 - 0 ] INFO  server.GrpcService (GrpcService.java:startImpl(253)) - 2929649d-66d9-4679-b58a-41df8f12a6f1: GrpcService started, listening on 34275
2021-12-24 01:41:08,937 [EndpointStateMachine task thread for /0.0.0.0:33847 - 0 ] INFO  ratis.XceiverServerRatis (XceiverServerRatis.java:getRealPort(505)) - XceiverServerRatis 2929649d-66d9-4679-b58a-41df8f12a6f1 is started using port 34275 for RATIS
2021-12-24 01:41:08,938 [EndpointStateMachine task thread for /0.0.0.0:33847 - 0 ] INFO  ratis.XceiverServerRatis (XceiverServerRatis.java:getRealPort(505)) - XceiverServerRatis 2929649d-66d9-4679-b58a-41df8f12a6f1 is started using port 34275 for RATIS_ADMIN
2021-12-24 01:41:08,938 [EndpointStateMachine task thread for /0.0.0.0:33847 - 0 ] INFO  ratis.XceiverServerRatis (XceiverServerRatis.java:getRealPort(505)) - XceiverServerRatis 2929649d-66d9-4679-b58a-41df8f12a6f1 is started using port 34275 for RATIS_SERVER
2021-12-24 01:41:08,938 [org.apache.ratis.util.JvmPauseMonitor$$Lambda$528/1509220174@74a92433] INFO  util.JvmPauseMonitor (JvmPauseMonitor.java:run(103)) - JvmPauseMonitor-2929649d-66d9-4679-b58a-41df8f12a6f1: Started
2021-12-24 01:41:08,962 [EndpointStateMachine task thread for /0.0.0.0:33847 - 0 ] INFO  server.XceiverServerGrpc (XceiverServerGrpc.java:start(180)) - XceiverServerGrpc 2929649d-66d9-4679-b58a-41df8f12a6f1 is started using port 42475
2021-12-24 01:41:09,312 [Listener at 127.0.0.1/45267] INFO  ozone.MiniOzoneClusterImpl (MiniOzoneClusterImpl.java:lambda$waitForClusterToBeReady$0(235)) - Waiting for nodes to be ready. Got 0 of 3 DN Heartbeats.
2021-12-24 01:41:09,312 [Listener at 127.0.0.1/45267] INFO  ozone.MiniOzoneClusterImpl (MiniOzoneClusterImpl.java:lambda$waitForClusterToBeReady$0(238)) - Waiting for cluster to exit safe mode
2021-12-24 01:41:09,312 [Listener at 127.0.0.1/45267] INFO  ozone.MiniOzoneClusterImpl (MiniOzoneClusterImpl.java:lambda$waitForClusterToBeReady$0(240)) - SCM became leader
2021-12-24 01:41:09,476 [EndpointStateMachine task thread for /0.0.0.0:33847 - 0 ] INFO  ozoneimpl.OzoneContainer (OzoneContainer.java:start(315)) - Attempting to start container services.
2021-12-24 01:41:09,476 [EndpointStateMachine task thread for /0.0.0.0:33847 - 0 ] INFO  ozoneimpl.OzoneContainer (OzoneContainer.java:startContainerScrub(250)) - Background container scanner has been disabled.
2021-12-24 01:41:09,477 [EndpointStateMachine task thread for /0.0.0.0:33847 - 0 ] INFO  replication.ReplicationServer (ReplicationServer.java:start(107)) - ReplicationServer is started using port 33953
2021-12-24 01:41:09,493 [EndpointStateMachine task thread for /0.0.0.0:33847 - 0 ] INFO  ratis.XceiverServerRatis (XceiverServerRatis.java:start(484)) - Starting XceiverServerRatis f4b17f89-e1d3-40ea-af65-31a9a9e14b5d
2021-12-24 01:41:09,526 [EndpointStateMachine task thread for /0.0.0.0:33847 - 0 ] INFO  server.RaftServer (RaftServerProxy.java:lambda$start$5(374)) - f4b17f89-e1d3-40ea-af65-31a9a9e14b5d: start RPC server
2021-12-24 01:41:09,527 [EndpointStateMachine task thread for /0.0.0.0:33847 - 0 ] INFO  server.GrpcService (GrpcService.java:startImpl(253)) - f4b17f89-e1d3-40ea-af65-31a9a9e14b5d: GrpcService started, listening on 36903
2021-12-24 01:41:09,545 [EndpointStateMachine task thread for /0.0.0.0:33847 - 0 ] INFO  ratis.XceiverServerRatis (XceiverServerRatis.java:getRealPort(505)) - XceiverServerRatis f4b17f89-e1d3-40ea-af65-31a9a9e14b5d is started using port 36903 for RATIS
2021-12-24 01:41:09,546 [EndpointStateMachine task thread for /0.0.0.0:33847 - 0 ] INFO  ratis.XceiverServerRatis (XceiverServerRatis.java:getRealPort(505)) - XceiverServerRatis f4b17f89-e1d3-40ea-af65-31a9a9e14b5d is started using port 36903 for RATIS_ADMIN
2021-12-24 01:41:09,546 [EndpointStateMachine task thread for /0.0.0.0:33847 - 0 ] INFO  ratis.XceiverServerRatis (XceiverServerRatis.java:getRealPort(505)) - XceiverServerRatis f4b17f89-e1d3-40ea-af65-31a9a9e14b5d is started using port 36903 for RATIS_SERVER
2021-12-24 01:41:09,546 [org.apache.ratis.util.JvmPauseMonitor$$Lambda$528/1509220174@7eb9732e] INFO  util.JvmPauseMonitor (JvmPauseMonitor.java:run(103)) - JvmPauseMonitor-f4b17f89-e1d3-40ea-af65-31a9a9e14b5d: Started
2021-12-24 01:41:09,554 [EndpointStateMachine task thread for /0.0.0.0:33847 - 0 ] INFO  server.XceiverServerGrpc (XceiverServerGrpc.java:start(180)) - XceiverServerGrpc f4b17f89-e1d3-40ea-af65-31a9a9e14b5d is started using port 40495
2021-12-24 01:41:10,312 [Listener at 127.0.0.1/45267] INFO  ozone.MiniOzoneClusterImpl (MiniOzoneClusterImpl.java:lambda$waitForClusterToBeReady$0(235)) - Waiting for nodes to be ready. Got 0 of 3 DN Heartbeats.
2021-12-24 01:41:10,313 [Listener at 127.0.0.1/45267] INFO  ozone.MiniOzoneClusterImpl (MiniOzoneClusterImpl.java:lambda$waitForClusterToBeReady$0(238)) - Waiting for cluster to exit safe mode
2021-12-24 01:41:10,313 [Listener at 127.0.0.1/45267] INFO  ozone.MiniOzoneClusterImpl (MiniOzoneClusterImpl.java:lambda$waitForClusterToBeReady$0(240)) - SCM became leader
2021-12-24 01:41:10,445 [EndpointStateMachine task thread for /0.0.0.0:33847 - 0 ] INFO  ozoneimpl.OzoneContainer (OzoneContainer.java:start(315)) - Attempting to start container services.
2021-12-24 01:41:10,445 [EndpointStateMachine task thread for /0.0.0.0:33847 - 0 ] INFO  ozoneimpl.OzoneContainer (OzoneContainer.java:startContainerScrub(250)) - Background container scanner has been disabled.
2021-12-24 01:41:10,448 [EndpointStateMachine task thread for /0.0.0.0:33847 - 0 ] INFO  replication.ReplicationServer (ReplicationServer.java:start(107)) - ReplicationServer is started using port 33735
2021-12-24 01:41:10,464 [EndpointStateMachine task thread for /0.0.0.0:33847 - 0 ] INFO  ratis.XceiverServerRatis (XceiverServerRatis.java:start(484)) - Starting XceiverServerRatis 300b4b33-4b10-4d3b-8d7e-eb04807d1878
2021-12-24 01:41:10,465 [EndpointStateMachine task thread for /0.0.0.0:33847 - 0 ] INFO  server.RaftServer (RaftServerProxy.java:lambda$start$5(374)) - 300b4b33-4b10-4d3b-8d7e-eb04807d1878: start RPC server
2021-12-24 01:41:10,466 [EndpointStateMachine task thread for /0.0.0.0:33847 - 0 ] INFO  server.GrpcService (GrpcService.java:startImpl(253)) - 300b4b33-4b10-4d3b-8d7e-eb04807d1878: GrpcService started, listening on 42715
2021-12-24 01:41:10,470 [EndpointStateMachine task thread for /0.0.0.0:33847 - 0 ] INFO  ratis.XceiverServerRatis (XceiverServerRatis.java:getRealPort(505)) - XceiverServerRatis 300b4b33-4b10-4d3b-8d7e-eb04807d1878 is started using port 42715 for RATIS
2021-12-24 01:41:10,470 [EndpointStateMachine task thread for /0.0.0.0:33847 - 0 ] INFO  ratis.XceiverServerRatis (XceiverServerRatis.java:getRealPort(505)) - XceiverServerRatis 300b4b33-4b10-4d3b-8d7e-eb04807d1878 is started using port 42715 for RATIS_ADMIN
2021-12-24 01:41:10,470 [EndpointStateMachine task thread for /0.0.0.0:33847 - 0 ] INFO  ratis.XceiverServerRatis (XceiverServerRatis.java:getRealPort(505)) - XceiverServerRatis 300b4b33-4b10-4d3b-8d7e-eb04807d1878 is started using port 42715 for RATIS_SERVER
2021-12-24 01:41:10,470 [org.apache.ratis.util.JvmPauseMonitor$$Lambda$528/1509220174@62b50a9f] INFO  util.JvmPauseMonitor (JvmPauseMonitor.java:run(103)) - JvmPauseMonitor-300b4b33-4b10-4d3b-8d7e-eb04807d1878: Started
2021-12-24 01:41:10,477 [EndpointStateMachine task thread for /0.0.0.0:33847 - 0 ] INFO  server.XceiverServerGrpc (XceiverServerGrpc.java:start(180)) - XceiverServerGrpc 300b4b33-4b10-4d3b-8d7e-eb04807d1878 is started using port 45821
2021-12-24 01:41:10,900 [IPC Server handler 2 on default port 33847] INFO  net.NetworkTopologyImpl (NetworkTopologyImpl.java:add(112)) - Added a new node: /default-rack/2929649d-66d9-4679-b58a-41df8f12a6f1
2021-12-24 01:41:10,900 [IPC Server handler 2 on default port 33847] INFO  node.SCMNodeManager (SCMNodeManager.java:register(389)) - Registered Data node : 2929649d-66d9-4679-b58a-41df8f12a6f1{ip: 10.1.0.29, host: fv-az116-279.vzw04321ajxubdbcnpick5nqva.xx.internal.cloudapp.net, ports: [REPLICATION=46175, RATIS=34275, RATIS_ADMIN=34275, RATIS_SERVER=34275, STANDALONE=42475], networkLocation: /default-rack, certSerialId: null, persistedOpState: null, persistedOpStateExpiryEpochSec: 0}
2021-12-24 01:41:10,904 [EventQueue-NodeRegistrationContainerReportForDataNodeSafeModeRule] INFO  safemode.SCMSafeModeManager (DataNodeSafeModeRule.java:process(71)) - SCM in safe mode. 1 DataNodes registered, 3 required.
2021-12-24 01:41:10,904 [EventQueue-NodeRegistrationContainerReportForContainerSafeModeRule] INFO  safemode.SCMSafeModeManager (SCMSafeModeManager.java:validateSafeModeExitRules(204)) - ContainerSafeModeRule rule is successfully validated
2021-12-24 01:41:10,918 [EventQueue-NewNodeForNewNodeHandler] INFO  pipeline.BackgroundPipelineCreator (BackgroundPipelineCreator.java:notifyEventTriggered(285)) - trigger a one-shot run on RatisPipelineUtilsThread.
2021-12-24 01:41:10,919 [RatisPipelineUtilsThread - 0] INFO  pipeline.RatisPipelineProvider (RatisPipelineProvider.java:lambda$create$0(183)) - Sending CreatePipelineCommand for pipeline:PipelineID=12c19225-5205-47f1-940e-73c1f623ccd6 to datanode:2929649d-66d9-4679-b58a-41df8f12a6f1
2021-12-24 01:41:10,919 [EventQueue-PipelineReportForOneReplicaPipelineSafeModeRule] INFO  safemode.SCMSafeModeManager (SCMSafeModeManager.java:validateSafeModeExitRules(204)) - AtleastOneDatanodeReportedRule rule is successfully validated
2021-12-24 01:41:10,922 [RatisPipelineUtilsThread - 0] INFO  pipeline.PipelineStateManagerImpl (PipelineStateManagerImpl.java:addPipeline(101)) - Created pipeline Pipeline[ Id: 12c19225-5205-47f1-940e-73c1f623ccd6, Nodes: 2929649d-66d9-4679-b58a-41df8f12a6f1{ip: 10.1.0.29, host: fv-az116-279.vzw04321ajxubdbcnpick5nqva.xx.internal.cloudapp.net, ports: [REPLICATION=46175, RATIS=34275, RATIS_ADMIN=34275, RATIS_SERVER=34275, STANDALONE=42475], networkLocation: /default-rack, certSerialId: null, persistedOpState: IN_SERVICE, persistedOpStateExpiryEpochSec: 0}, ReplicationConfig: RATIS/ONE, State:ALLOCATED, leaderId:, CreationTimestamp2021-12-24T01:41:10.919Z[Etc/UTC]].
2021-12-24 01:41:11,316 [Listener at 127.0.0.1/45267] INFO  ozone.MiniOzoneClusterImpl (MiniOzoneClusterImpl.java:lambda$waitForClusterToBeReady$0(235)) - Waiting for nodes to be ready. Got 1 of 3 DN Heartbeats.
2021-12-24 01:41:11,317 [Listener at 127.0.0.1/45267] INFO  ozone.MiniOzoneClusterImpl (MiniOzoneClusterImpl.java:lambda$waitForClusterToBeReady$0(238)) - Waiting for cluster to exit safe mode
2021-12-24 01:41:11,317 [Listener at 127.0.0.1/45267] INFO  ozone.MiniOzoneClusterImpl (MiniOzoneClusterImpl.java:lambda$waitForClusterToBeReady$0(240)) - SCM became leader
2021-12-24 01:41:11,473 [IPC Server handler 2 on default port 33847] INFO  net.NetworkTopologyImpl (NetworkTopologyImpl.java:add(112)) - Added a new node: /default-rack/f4b17f89-e1d3-40ea-af65-31a9a9e14b5d
2021-12-24 01:41:11,475 [IPC Server handler 2 on default port 33847] INFO  node.SCMNodeManager (SCMNodeManager.java:register(389)) - Registered Data node : f4b17f89-e1d3-40ea-af65-31a9a9e14b5d{ip: 10.1.0.29, host: fv-az116-279.vzw04321ajxubdbcnpick5nqva.xx.internal.cloudapp.net, ports: [REPLICATION=33953, RATIS=36903, RATIS_ADMIN=36903, RATIS_SERVER=36903, STANDALONE=40495], networkLocation: /default-rack, certSerialId: null, persistedOpState: null, persistedOpStateExpiryEpochSec: 0}
2021-12-24 01:41:11,475 [EventQueue-NewNodeForNewNodeHandler] INFO  pipeline.BackgroundPipelineCreator (BackgroundPipelineCreator.java:notifyEventTriggered(285)) - trigger a one-shot run on RatisPipelineUtilsThread.
2021-12-24 01:41:11,476 [EventQueue-NodeRegistrationContainerReportForDataNodeSafeModeRule] INFO  safemode.SCMSafeModeManager (DataNodeSafeModeRule.java:process(71)) - SCM in safe mode. 2 DataNodes registered, 3 required.
2021-12-24 01:41:11,492 [RatisPipelineUtilsThread - 0] INFO  pipeline.RatisPipelineProvider (RatisPipelineProvider.java:lambda$create$0(183)) - Sending CreatePipelineCommand for pipeline:PipelineID=19776e57-795c-44ed-8bf7-26dae9b0c578 to datanode:f4b17f89-e1d3-40ea-af65-31a9a9e14b5d
2021-12-24 01:41:11,493 [RatisPipelineUtilsThread - 0] INFO  pipeline.PipelineStateManagerImpl (PipelineStateManagerImpl.java:addPipeline(101)) - Created pipeline Pipeline[ Id: 19776e57-795c-44ed-8bf7-26dae9b0c578, Nodes: f4b17f89-e1d3-40ea-af65-31a9a9e14b5d{ip: 10.1.0.29, host: fv-az116-279.vzw04321ajxubdbcnpick5nqva.xx.internal.cloudapp.net, ports: [REPLICATION=33953, RATIS=36903, RATIS_ADMIN=36903, RATIS_SERVER=36903, STANDALONE=40495], networkLocation: /default-rack, certSerialId: null, persistedOpState: IN_SERVICE, persistedOpStateExpiryEpochSec: 0}, ReplicationConfig: RATIS/ONE, State:ALLOCATED, leaderId:, CreationTimestamp2021-12-24T01:41:11.492Z[Etc/UTC]].
2021-12-24 01:41:12,317 [Listener at 127.0.0.1/45267] INFO  ozone.MiniOzoneClusterImpl (MiniOzoneClusterImpl.java:lambda$waitForClusterToBeReady$0(235)) - Waiting for nodes to be ready. Got 2 of 3 DN Heartbeats.
2021-12-24 01:41:12,317 [Listener at 127.0.0.1/45267] INFO  ozone.MiniOzoneClusterImpl (MiniOzoneClusterImpl.java:lambda$waitForClusterToBeReady$0(238)) - Waiting for cluster to exit safe mode
2021-12-24 01:41:12,317 [Listener at 127.0.0.1/45267] INFO  ozone.MiniOzoneClusterImpl (MiniOzoneClusterImpl.java:lambda$waitForClusterToBeReady$0(240)) - SCM became leader
2021-12-24 01:41:12,424 [IPC Server handler 1 on default port 33847] INFO  net.NetworkTopologyImpl (NetworkTopologyImpl.java:add(112)) - Added a new node: /default-rack/300b4b33-4b10-4d3b-8d7e-eb04807d1878
2021-12-24 01:41:12,426 [IPC Server handler 1 on default port 33847] INFO  node.SCMNodeManager (SCMNodeManager.java:register(389)) - Registered Data node : 300b4b33-4b10-4d3b-8d7e-eb04807d1878{ip: 10.1.0.29, host: fv-az116-279.vzw04321ajxubdbcnpick5nqva.xx.internal.cloudapp.net, ports: [REPLICATION=33735, RATIS=42715, RATIS_ADMIN=42715, RATIS_SERVER=42715, STANDALONE=45821], networkLocation: /default-rack, certSerialId: null, persistedOpState: null, persistedOpStateExpiryEpochSec: 0}
2021-12-24 01:41:12,426 [EventQueue-NewNodeForNewNodeHandler] INFO  pipeline.BackgroundPipelineCreator (BackgroundPipelineCreator.java:notifyEventTriggered(285)) - trigger a one-shot run on RatisPipelineUtilsThread.
2021-12-24 01:41:12,427 [EventQueue-NodeRegistrationContainerReportForDataNodeSafeModeRule] INFO  safemode.SCMSafeModeManager (DataNodeSafeModeRule.java:process(71)) - SCM in safe mode. 3 DataNodes registered, 3 required.
2021-12-24 01:41:12,427 [EventQueue-NodeRegistrationContainerReportForDataNodeSafeModeRule] INFO  safemode.SCMSafeModeManager (SCMSafeModeManager.java:validateSafeModeExitRules(204)) - DataNodeSafeModeRule rule is successfully validated
2021-12-24 01:41:12,427 [EventQueue-NodeRegistrationContainerReportForDataNodeSafeModeRule] INFO  safemode.SCMSafeModeManager (SCMSafeModeManager.java:completePreCheck(233)) - All SCM safe mode pre check rules have passed
2021-12-24 01:41:12,427 [EventQueue-NodeRegistrationContainerReportForDataNodeSafeModeRule] WARN  events.EventQueue (EventQueue.java:fireEvent(194)) - No event handler registered for event TypedEvent{payloadType=SafeModeStatus, name='Safe mode status'}
2021-12-24 01:41:12,427 [EventQueue-NodeRegistrationContainerReportForDataNodeSafeModeRule] INFO  ha.SCMContext (SCMContext.java:updateSafeModeStatus(211)) - Update SafeModeStatus from SafeModeStatus{safeModeStatus=true, preCheckPassed=false} to SafeModeStatus{safeModeStatus=true, preCheckPassed=true}.
2021-12-24 01:41:12,427 [EventQueue-NodeRegistrationContainerReportForDataNodeSafeModeRule] INFO  pipeline.BackgroundPipelineCreator (BackgroundPipelineCreator.java:notifyEventTriggered(285)) - trigger a one-shot run on RatisPipelineUtilsThread.
2021-12-24 01:41:12,446 [RatisPipelineUtilsThread - 0] INFO  pipeline.RatisPipelineProvider (RatisPipelineProvider.java:lambda$create$0(183)) - Sending CreatePipelineCommand for pipeline:PipelineID=14762d08-1b95-4dca-a39f-cef2a9609f69 to datanode:300b4b33-4b10-4d3b-8d7e-eb04807d1878
2021-12-24 01:41:12,447 [RatisPipelineUtilsThread - 0] INFO  pipeline.PipelineStateManagerImpl (PipelineStateManagerImpl.java:addPipeline(101)) - Created pipeline Pipeline[ Id: 14762d08-1b95-4dca-a39f-cef2a9609f69, Nodes: 300b4b33-4b10-4d3b-8d7e-eb04807d1878{ip: 10.1.0.29, host: fv-az116-279.vzw04321ajxubdbcnpick5nqva.xx.internal.cloudapp.net, ports: [REPLICATION=33735, RATIS=42715, RATIS_ADMIN=42715, RATIS_SERVER=42715, STANDALONE=45821], networkLocation: /default-rack, certSerialId: null, persistedOpState: IN_SERVICE, persistedOpStateExpiryEpochSec: 0}, ReplicationConfig: RATIS/ONE, State:ALLOCATED, leaderId:, CreationTimestamp2021-12-24T01:41:12.446Z[Etc/UTC]].
2021-12-24 01:41:12,447 [RatisPipelineUtilsThread - 0] INFO  pipeline.RatisPipelineProvider (RatisPipelineProvider.java:lambda$create$0(183)) - Sending CreatePipelineCommand for pipeline:PipelineID=7a1e8ed4-cdd2-42a9-97ca-5f95e21525c4 to datanode:300b4b33-4b10-4d3b-8d7e-eb04807d1878
2021-12-24 01:41:12,447 [RatisPipelineUtilsThread - 0] INFO  pipeline.RatisPipelineProvider (RatisPipelineProvider.java:lambda$create$0(183)) - Sending CreatePipelineCommand for pipeline:PipelineID=7a1e8ed4-cdd2-42a9-97ca-5f95e21525c4 to datanode:2929649d-66d9-4679-b58a-41df8f12a6f1
2021-12-24 01:41:12,447 [RatisPipelineUtilsThread - 0] INFO  pipeline.RatisPipelineProvider (RatisPipelineProvider.java:lambda$create$0(183)) - Sending CreatePipelineCommand for pipeline:PipelineID=7a1e8ed4-cdd2-42a9-97ca-5f95e21525c4 to datanode:f4b17f89-e1d3-40ea-af65-31a9a9e14b5d
2021-12-24 01:41:12,447 [RatisPipelineUtilsThread - 0] INFO  pipeline.PipelineStateManagerImpl (PipelineStateManagerImpl.java:addPipeline(101)) - Created pipeline Pipeline[ Id: 7a1e8ed4-cdd2-42a9-97ca-5f95e21525c4, Nodes: 300b4b33-4b10-4d3b-8d7e-eb04807d1878{ip: 10.1.0.29, host: fv-az116-279.vzw04321ajxubdbcnpick5nqva.xx.internal.cloudapp.net, ports: [REPLICATION=33735, RATIS=42715, RATIS_ADMIN=42715, RATIS_SERVER=42715, STANDALONE=45821], networkLocation: /default-rack, certSerialId: null, persistedOpState: IN_SERVICE, persistedOpStateExpiryEpochSec: 0}2929649d-66d9-4679-b58a-41df8f12a6f1{ip: 10.1.0.29, host: fv-az116-279.vzw04321ajxubdbcnpick5nqva.xx.internal.cloudapp.net, ports: [REPLICATION=46175, RATIS=34275, RATIS_ADMIN=34275, RATIS_SERVER=34275, STANDALONE=42475], networkLocation: /default-rack, certSerialId: null, persistedOpState: IN_SERVICE, persistedOpStateExpiryEpochSec: 0}f4b17f89-e1d3-40ea-af65-31a9a9e14b5d{ip: 10.1.0.29, host: fv-az116-279.vzw04321ajxubdbcnpick5nqva.xx.internal.cloudapp.net, ports: [REPLICATION=33953, RATIS=36903, RATIS_ADMIN=36903, RATIS_SERVER=36903, STANDALONE=40495], networkLocation: /default-rack, certSerialId: null, persistedOpState: IN_SERVICE, persistedOpStateExpiryEpochSec: 0}, ReplicationConfig: RATIS/THREE, State:ALLOCATED, leaderId:, CreationTimestamp2021-12-24T01:41:12.447Z[Etc/UTC]].
2021-12-24 01:41:12,448 [RatisPipelineUtilsThread - 0] INFO  pipeline.RatisPipelineProvider (RatisPipelineProvider.java:lambda$create$0(183)) - Sending CreatePipelineCommand for pipeline:PipelineID=978f1694-b5d6-49c2-89ab-d075ae75eec0 to datanode:2929649d-66d9-4679-b58a-41df8f12a6f1
2021-12-24 01:41:12,448 [RatisPipelineUtilsThread - 0] INFO  pipeline.RatisPipelineProvider (RatisPipelineProvider.java:lambda$create$0(183)) - Sending CreatePipelineCommand for pipeline:PipelineID=978f1694-b5d6-49c2-89ab-d075ae75eec0 to datanode:300b4b33-4b10-4d3b-8d7e-eb04807d1878
2021-12-24 01:41:12,448 [RatisPipelineUtilsThread - 0] INFO  pipeline.RatisPipelineProvider (RatisPipelineProvider.java:lambda$create$0(183)) - Sending CreatePipelineCommand for pipeline:PipelineID=978f1694-b5d6-49c2-89ab-d075ae75eec0 to datanode:f4b17f89-e1d3-40ea-af65-31a9a9e14b5d
2021-12-24 01:41:12,448 [RatisPipelineUtilsThread - 0] INFO  pipeline.PipelineStateManagerImpl (PipelineStateManagerImpl.java:addPipeline(101)) - Created pipeline Pipeline[ Id: 978f1694-b5d6-49c2-89ab-d075ae75eec0, Nodes: 2929649d-66d9-4679-b58a-41df8f12a6f1{ip: 10.1.0.29, host: fv-az116-279.vzw04321ajxubdbcnpick5nqva.xx.internal.cloudapp.net, ports: [REPLICATION=46175, RATIS=34275, RATIS_ADMIN=34275, RATIS_SERVER=34275, STANDALONE=42475], networkLocation: /default-rack, certSerialId: null, persistedOpState: IN_SERVICE, persistedOpStateExpiryEpochSec: 0}300b4b33-4b10-4d3b-8d7e-eb04807d1878{ip: 10.1.0.29, host: fv-az116-279.vzw04321ajxubdbcnpick5nqva.xx.internal.cloudapp.net, ports: [REPLICATION=33735, RATIS=42715, RATIS_ADMIN=42715, RATIS_SERVER=42715, STANDALONE=45821], networkLocation: /default-rack, certSerialId: null, persistedOpState: IN_SERVICE, persistedOpStateExpiryEpochSec: 0}f4b17f89-e1d3-40ea-af65-31a9a9e14b5d{ip: 10.1.0.29, host: fv-az116-279.vzw04321ajxubdbcnpick5nqva.xx.internal.cloudapp.net, ports: [REPLICATION=33953, RATIS=36903, RATIS_ADMIN=36903, RATIS_SERVER=36903, STANDALONE=40495], networkLocation: /default-rack, certSerialId: null, persistedOpState: IN_SERVICE, persistedOpStateExpiryEpochSec: 0}, ReplicationConfig: RATIS/THREE, State:ALLOCATED, leaderId:, CreationTimestamp2021-12-24T01:41:12.448Z[Etc/UTC]].
2021-12-24 01:41:12,448 [RatisPipelineUtilsThread - 0] INFO  pipeline.PipelineManagerImpl (PipelineManagerImpl.java:recordMetricsForPipeline(639)) - Pipeline: PipelineID=978f1694-b5d6-49c2-89ab-d075ae75eec0 contains same datanodes as previous pipelines: PipelineID=7a1e8ed4-cdd2-42a9-97ca-5f95e21525c4 nodeIds: 2929649d-66d9-4679-b58a-41df8f12a6f1, 300b4b33-4b10-4d3b-8d7e-eb04807d1878, f4b17f89-e1d3-40ea-af65-31a9a9e14b5d
2021-12-24 01:41:13,321 [Listener at 127.0.0.1/45267] INFO  ozone.MiniOzoneClusterImpl (MiniOzoneClusterImpl.java:lambda$waitForClusterToBeReady$0(235)) - Nodes are ready. Got 3 of 3 DN Heartbeats.
2021-12-24 01:41:13,323 [Listener at 127.0.0.1/45267] INFO  ozone.MiniOzoneClusterImpl (MiniOzoneClusterImpl.java:lambda$waitForClusterToBeReady$0(238)) - Waiting for cluster to exit safe mode
2021-12-24 01:41:13,323 [Listener at 127.0.0.1/45267] INFO  ozone.MiniOzoneClusterImpl (MiniOzoneClusterImpl.java:lambda$waitForClusterToBeReady$0(240)) - SCM became leader
2021-12-24 01:41:13,901 [Command processor thread] INFO  server.RaftServer (RaftServerProxy.java:addNew(95)) - 2929649d-66d9-4679-b58a-41df8f12a6f1: addNew group-73C1F623CCD6:[2929649d-66d9-4679-b58a-41df8f12a6f1|rpc:10.1.0.29:34275|priority:1] returns group-73C1F623CCD6:java.util.concurrent.CompletableFuture@61c5e7e1[Not completed]
2021-12-24 01:41:13,918 [pool-485-thread-1] INFO  server.RaftServer$Division (RaftServerImpl.java:<init>(184)) - 2929649d-66d9-4679-b58a-41df8f12a6f1: new RaftServerImpl for group-73C1F623CCD6:[2929649d-66d9-4679-b58a-41df8f12a6f1|rpc:10.1.0.29:34275|priority:1] with ContainerStateMachine:uninitialized
2021-12-24 01:41:13,918 [pool-485-thread-1] INFO  server.RaftServerConfigKeys (ConfUtils.java:logGet(44)) - raft.server.rpc.timeout.min = 5s (custom)
2021-12-24 01:41:13,918 [pool-485-thread-1] INFO  server.RaftServerConfigKeys (ConfUtils.java:logGet(44)) - raft.server.rpc.timeout.max = 5200ms (custom)
2021-12-24 01:41:13,919 [pool-485-thread-1] INFO  server.RaftServerConfigKeys (ConfUtils.java:logGet(44)) - raft.server.rpc.sleep.time = 25ms (default)
2021-12-24 01:41:13,919 [pool-485-thread-1] INFO  server.RaftServerConfigKeys (ConfUtils.java:logGet(44)) - raft.server.rpc.slowness.timeout = 300s (custom)
2021-12-24 01:41:13,919 [pool-485-thread-1] INFO  server.RaftServerConfigKeys (ConfUtils.java:logGet(44)) - raft.server.leaderelection.leader.step-down.wait-time = 10s (default)
2021-12-24 01:41:13,919 [pool-485-thread-1] INFO  server.RaftServerConfigKeys (ConfUtils.java:logGet(44)) - raft.server.sleep.deviation.threshold = 300ms (default)
2021-12-24 01:41:13,919 [pool-485-thread-1] INFO  server.RaftServerConfigKeys (ConfUtils.java:logGet(44)) - raft.server.log.appender.install.snapshot.enabled = false (custom)
2021-12-24 01:41:13,919 [pool-485-thread-1] INFO  server.RaftServer$Division (ServerState.java:<init>(105)) - 2929649d-66d9-4679-b58a-41df8f12a6f1@group-73C1F623CCD6: ConfigurationManager, init=-1: [2929649d-66d9-4679-b58a-41df8f12a6f1|rpc:10.1.0.29:34275|priority:1], old=null, confs=<EMPTY_MAP>
2021-12-24 01:41:13,919 [pool-485-thread-1] INFO  server.RaftServerConfigKeys (ConfUtils.java:logGet(44)) - raft.server.storage.dir = [/home/runner/work/ozone/ozone/hadoop-ozone/integration-test/target/test-dir/MiniOzoneClusterImpl-4d80237b-fa8d-46d0-bc6e-ad90cdc220b2/datanode-0/data/ratis] (custom)
2021-12-24 01:41:13,919 [pool-485-thread-1] INFO  server.RaftServerConfigKeys (ConfUtils.java:logGet(44)) - raft.server.log.corruption.policy = EXCEPTION (default)
2021-12-24 01:41:13,920 [pool-485-thread-1] INFO  server.RaftServerConfigKeys (ConfUtils.java:logGet(44)) - raft.server.storage.free-space.min = 0MB (=0) (default)
2021-12-24 01:41:13,920 [pool-485-thread-1] INFO  storage.RaftStorageDirectory (RaftStorageDirectoryImpl.java:analyzeStorage(135)) - The storage directory /home/runner/work/ozone/ozone/hadoop-ozone/integration-test/target/test-dir/MiniOzoneClusterImpl-4d80237b-fa8d-46d0-bc6e-ad90cdc220b2/datanode-0/data/ratis/12c19225-5205-47f1-940e-73c1f623ccd6 does not exist. Creating ...
2021-12-24 01:41:13,925 [pool-485-thread-1] INFO  storage.RaftStorageDirectory (RaftStorageDirectoryImpl.java:tryLock(230)) - Lock on /home/runner/work/ozone/ozone/hadoop-ozone/integration-test/target/test-dir/MiniOzoneClusterImpl-4d80237b-fa8d-46d0-bc6e-ad90cdc220b2/datanode-0/data/ratis/12c19225-5205-47f1-940e-73c1f623ccd6/in_use.lock acquired by nodename 17223@fv-az116-279
2021-12-24 01:41:13,936 [pool-485-thread-1] INFO  storage.RaftStorage (RaftStorageImpl.java:format(89)) - Storage directory /home/runner/work/ozone/ozone/hadoop-ozone/integration-test/target/test-dir/MiniOzoneClusterImpl-4d80237b-fa8d-46d0-bc6e-ad90cdc220b2/datanode-0/data/ratis/12c19225-5205-47f1-940e-73c1f623ccd6 has been successfully formatted.
2021-12-24 01:41:13,950 [pool-485-thread-1] INFO  ratis.ContainerStateMachine (ContainerStateMachine.java:loadSnapshot(231)) - group-73C1F623CCD6: The snapshot info is null. Setting the last applied indexto:(t:0, i:~)
2021-12-24 01:41:13,950 [pool-485-thread-1] INFO  server.RaftServerConfigKeys (ConfUtils.java:logGet(44)) - raft.server.notification.no-leader.timeout = 300s (custom)
2021-12-24 01:41:13,950 [pool-485-thread-1] INFO  server.RaftServerConfigKeys (ConfUtils.java:logGet(44)) - raft.server.log.use.memory = false (default)
2021-12-24 01:41:13,950 [pool-485-thread-1] INFO  server.RaftServerConfigKeys (ConfUtils.java:logGet(44)) - raft.server.log.purge.gap = 1000000 (custom)
2021-12-24 01:41:13,951 [EventQueue-PipelineReportForPipelineReportHandler] INFO  pipeline.PipelineManagerImpl (PipelineManagerImpl.java:openPipeline(291)) - Pipeline Pipeline[ Id: 12c19225-5205-47f1-940e-73c1f623ccd6, Nodes: 2929649d-66d9-4679-b58a-41df8f12a6f1{ip: 10.1.0.29, host: fv-az116-279.vzw04321ajxubdbcnpick5nqva.xx.internal.cloudapp.net, ports: [REPLICATION=46175, RATIS=34275, RATIS_ADMIN=34275, RATIS_SERVER=34275, STANDALONE=42475], networkLocation: /default-rack, certSerialId: null, persistedOpState: IN_SERVICE, persistedOpStateExpiryEpochSec: 0}, ReplicationConfig: RATIS/ONE, State:ALLOCATED, leaderId:2929649d-66d9-4679-b58a-41df8f12a6f1, CreationTimestamp2021-12-24T01:41:10.919Z[Etc/UTC]] moved to OPEN state
2021-12-24 01:41:13,958 [pool-485-thread-1] INFO  server.RaftServerConfigKeys (ConfUtils.java:logGet(44)) - raft.server.log.appender.buffer.byte-limit = 33554432 (custom)
2021-12-24 01:41:13,968 [pool-485-thread-1] INFO  server.RaftServerConfigKeys (ConfUtils.java:logGet(44)) - raft.server.log.segment.size.max = 1048576 (custom)
2021-12-24 01:41:13,977 [EventQueue-OpenPipelineForHealthyPipelineSafeModeRule] INFO  safemode.SCMSafeModeManager (HealthyPipelineSafeModeRule.java:process(124)) - SCM in safe mode. Healthy pipelines reported count is 0, required healthy pipeline reported count is 1
2021-12-24 01:41:13,989 [pool-485-thread-1] INFO  server.RaftServerConfigKeys (ConfUtils.java:logGet(44)) - raft.server.log.segment.cache.num.max = 2 (custom)
2021-12-24 01:41:13,999 [pool-485-thread-1] INFO  server.RaftServerConfigKeys (ConfUtils.java:logGet(44)) - raft.server.log.segment.cache.size.max = 200MB (=209715200) (default)
2021-12-24 01:41:13,999 [pool-485-thread-1] INFO  segmented.SegmentedRaftLogWorker (SegmentedRaftLogWorker.java:<init>(182)) - new 2929649d-66d9-4679-b58a-41df8f12a6f1@group-73C1F623CCD6-SegmentedRaftLogWorker for RaftStorageImpl:Storage Directory /home/runner/work/ozone/ozone/hadoop-ozone/integration-test/target/test-dir/MiniOzoneClusterImpl-4d80237b-fa8d-46d0-bc6e-ad90cdc220b2/datanode-0/data/ratis/12c19225-5205-47f1-940e-73c1f623ccd6
2021-12-24 01:41:14,000 [pool-485-thread-1] INFO  server.RaftServerConfigKeys (ConfUtils.java:logGet(44)) - raft.server.log.queue.byte-limit = 2147483647 (custom)
2021-12-24 01:41:14,000 [pool-485-thread-1] INFO  server.RaftServerConfigKeys (ConfUtils.java:logGet(44)) - raft.server.log.queue.element-limit = 1024 (custom)
2021-12-24 01:41:14,000 [pool-485-thread-1] INFO  server.RaftServerConfigKeys (ConfUtils.java:logGet(44)) - raft.server.log.segment.size.max = 1048576 (custom)
2021-12-24 01:41:14,000 [pool-485-thread-1] INFO  server.RaftServerConfigKeys (ConfUtils.java:logGet(44)) - raft.server.log.preallocated.size = 16384 (custom)
2021-12-24 01:41:14,000 [pool-485-thread-1] INFO  server.RaftServerConfigKeys (ConfUtils.java:logGet(44)) - raft.server.log.force.sync.num = 128 (default)
2021-12-24 01:41:14,000 [pool-485-thread-1] INFO  server.RaftServerConfigKeys (ConfUtils.java:logGet(44)) - raft.server.log.statemachine.data.sync = true (default)
2021-12-24 01:41:14,000 [pool-485-thread-1] INFO  server.RaftServerConfigKeys (ConfUtils.java:logGet(44)) - raft.server.log.statemachine.data.sync.timeout = 10s (default)
2021-12-24 01:41:14,000 [pool-485-thread-1] INFO  server.RaftServerConfigKeys (ConfUtils.java:logGet(44)) - raft.server.log.statemachine.data.sync.timeout.retry = -1 (default)
2021-12-24 01:41:14,001 [pool-485-thread-1] INFO  server.RaftServerConfigKeys (ConfUtils.java:logGet(44)) - raft.server.log.write.buffer.size = 1048576 (custom)
2021-12-24 01:41:14,001 [pool-485-thread-1] INFO  server.RaftServerConfigKeys (ConfUtils.java:logGet(44)) - raft.server.log.statemachine.data.caching.enabled = true (custom)
2021-12-24 01:41:14,002 [pool-485-thread-1] INFO  segmented.SegmentedRaftLogWorker (SegmentedRaftLogWorker.java:lambda$new$0(133)) - 2929649d-66d9-4679-b58a-41df8f12a6f1@group-73C1F623CCD6-SegmentedRaftLogWorker: flushIndex: setUnconditionally 0 -> -1
2021-12-24 01:41:14,002 [pool-485-thread-1] INFO  segmented.SegmentedRaftLogWorker (SegmentedRaftLogWorker.java:lambda$new$0(133)) - 2929649d-66d9-4679-b58a-41df8f12a6f1@group-73C1F623CCD6-SegmentedRaftLogWorker: safeCacheEvictIndex: setUnconditionally 0 -> -1
2021-12-24 01:41:14,014 [pool-485-thread-1] INFO  server.RaftServerConfigKeys (ConfUtils.java:logGet(44)) - raft.server.snapshot.auto.trigger.enabled = true (custom)
2021-12-24 01:41:14,017 [pool-485-thread-1] INFO  server.RaftServerConfigKeys (ConfUtils.java:logGet(44)) - raft.server.snapshot.auto.trigger.threshold = 10000 (custom)
2021-12-24 01:41:14,018 [pool-485-thread-1] INFO  server.RaftServerConfigKeys (ConfUtils.java:logGet(44)) - raft.server.snapshot.retention.file.num = 5 (custom)
2021-12-24 01:41:14,019 [pool-485-thread-1] INFO  server.RaftServerConfigKeys (ConfUtils.java:logGet(44)) - raft.server.log.purge.upto.snapshot.index = false (default)
2021-12-24 01:41:14,019 [pool-485-thread-1] INFO  server.RaftServerConfigKeys (ConfUtils.java:logGet(44)) - raft.server.retrycache.expirytime = 600000ms (custom)
2021-12-24 01:41:14,019 [pool-485-thread-1] INFO  server.RaftServerConfigKeys (ConfUtils.java:logGet(44)) - raft.server.retrycache.statistics.expirytime = 100μs (default)
2021-12-24 01:41:14,020 [pool-485-thread-1] INFO  server.RaftServer$Division (RaftServerImpl.java:start(301)) - 2929649d-66d9-4679-b58a-41df8f12a6f1@group-73C1F623CCD6: start as a follower, conf=-1: [2929649d-66d9-4679-b58a-41df8f12a6f1|rpc:10.1.0.29:34275|priority:1], old=null
2021-12-24 01:41:14,020 [pool-485-thread-1] INFO  server.RaftServer$Division (RaftServerImpl.java:setRole(290)) - 2929649d-66d9-4679-b58a-41df8f12a6f1@group-73C1F623CCD6: changes role from      null to FOLLOWER at term 0 for startAsFollower
2021-12-24 01:41:14,021 [pool-485-thread-1] INFO  impl.RoleInfo (RoleInfo.java:updateAndGet(130)) - 2929649d-66d9-4679-b58a-41df8f12a6f1: start 2929649d-66d9-4679-b58a-41df8f12a6f1@group-73C1F623CCD6-FollowerState
2021-12-24 01:41:14,036 [pool-485-thread-1] INFO  util.JmxRegister (JmxRegister.java:tryRegister(44)) - Successfully registered JMX Bean with object name Ratis:service=RaftServer,group=group-73C1F623CCD6,id=2929649d-66d9-4679-b58a-41df8f12a6f1
2021-12-24 01:41:14,044 [Command processor thread] INFO  ratis.XceiverServerRatis (XceiverServerRatis.java:addGroup(768)) - Created group PipelineID=12c19225-5205-47f1-940e-73c1f623ccd6
2021-12-24 01:41:14,044 [Command processor thread] INFO  commandhandler.CreatePipelineCommandHandler (CreatePipelineCommandHandler.java:handle(106)) - Created Pipeline RATIS ONE PipelineID=12c19225-5205-47f1-940e-73c1f623ccd6.
2021-12-24 01:41:14,044 [Command processor thread] INFO  server.RaftServer (RaftServerProxy.java:addNew(95)) - 2929649d-66d9-4679-b58a-41df8f12a6f1: addNew group-5F95E21525C4:[2929649d-66d9-4679-b58a-41df8f12a6f1|rpc:10.1.0.29:34275|priority:0, f4b17f89-e1d3-40ea-af65-31a9a9e14b5d|rpc:10.1.0.29:36903|priority:1, 300b4b33-4b10-4d3b-8d7e-eb04807d1878|rpc:10.1.0.29:42715|priority:0] returns group-5F95E21525C4:java.util.concurrent.CompletableFuture@65fa6f01[Not completed]
2021-12-24 01:41:14,048 [pool-485-thread-1] INFO  server.RaftServer$Division (RaftServerImpl.java:<init>(184)) - 2929649d-66d9-4679-b58a-41df8f12a6f1: new RaftServerImpl for group-5F95E21525C4:[2929649d-66d9-4679-b58a-41df8f12a6f1|rpc:10.1.0.29:34275|priority:0, f4b17f89-e1d3-40ea-af65-31a9a9e14b5d|rpc:10.1.0.29:36903|priority:1, 300b4b33-4b10-4d3b-8d7e-eb04807d1878|rpc:10.1.0.29:42715|priority:0] with ContainerStateMachine:uninitialized
2021-12-24 01:41:14,048 [pool-485-thread-1] INFO  server.RaftServerConfigKeys (ConfUtils.java:logGet(44)) - raft.server.rpc.timeout.min = 5s (custom)
2021-12-24 01:41:14,048 [pool-485-thread-1] INFO  server.RaftServerConfigKeys (ConfUtils.java:logGet(44)) - raft.server.rpc.timeout.max = 5200ms (custom)
2021-12-24 01:41:14,048 [pool-485-thread-1] INFO  server.RaftServerConfigKeys (ConfUtils.java:logGet(44)) - raft.server.rpc.sleep.time = 25ms (default)
2021-12-24 01:41:14,048 [pool-485-thread-1] INFO  server.RaftServerConfigKeys (ConfUtils.java:logGet(44)) - raft.server.rpc.slowness.timeout = 300s (custom)
2021-12-24 01:41:14,048 [pool-485-thread-1] INFO  server.RaftServerConfigKeys (ConfUtils.java:logGet(44)) - raft.server.leaderelection.leader.step-down.wait-time = 10s (default)
2021-12-24 01:41:14,048 [pool-485-thread-1] INFO  server.RaftServerConfigKeys (ConfUtils.java:logGet(44)) - raft.server.sleep.deviation.threshold = 300ms (default)
2021-12-24 01:41:14,048 [pool-485-thread-1] INFO  server.RaftServerConfigKeys (ConfUtils.java:logGet(44)) - raft.server.log.appender.install.snapshot.enabled = false (custom)
2021-12-24 01:41:14,048 [pool-485-thread-1] INFO  server.RaftServer$Division (ServerState.java:<init>(105)) - 2929649d-66d9-4679-b58a-41df8f12a6f1@group-5F95E21525C4: ConfigurationManager, init=-1: [2929649d-66d9-4679-b58a-41df8f12a6f1|rpc:10.1.0.29:34275|priority:0, f4b17f89-e1d3-40ea-af65-31a9a9e14b5d|rpc:10.1.0.29:36903|priority:1, 300b4b33-4b10-4d3b-8d7e-eb04807d1878|rpc:10.1.0.29:42715|priority:0], old=null, confs=<EMPTY_MAP>
2021-12-24 01:41:14,048 [pool-485-thread-1] INFO  server.RaftServerConfigKeys (ConfUtils.java:logGet(44)) - raft.server.storage.dir = [/home/runner/work/ozone/ozone/hadoop-ozone/integration-test/target/test-dir/MiniOzoneClusterImpl-4d80237b-fa8d-46d0-bc6e-ad90cdc220b2/datanode-0/data/ratis] (custom)
2021-12-24 01:41:14,049 [pool-485-thread-1] INFO  server.RaftServerConfigKeys (ConfUtils.java:logGet(44)) - raft.server.log.corruption.policy = EXCEPTION (default)
2021-12-24 01:41:14,049 [pool-485-thread-1] INFO  server.RaftServerConfigKeys (ConfUtils.java:logGet(44)) - raft.server.storage.free-space.min = 0MB (=0) (default)
2021-12-24 01:41:14,049 [pool-485-thread-1] INFO  storage.RaftStorageDirectory (RaftStorageDirectoryImpl.java:analyzeStorage(135)) - The storage directory /home/runner/work/ozone/ozone/hadoop-ozone/integration-test/target/test-dir/MiniOzoneClusterImpl-4d80237b-fa8d-46d0-bc6e-ad90cdc220b2/datanode-0/data/ratis/7a1e8ed4-cdd2-42a9-97ca-5f95e21525c4 does not exist. Creating ...
2021-12-24 01:41:14,050 [pool-485-thread-1] INFO  storage.RaftStorageDirectory (RaftStorageDirectoryImpl.java:tryLock(230)) - Lock on /home/runner/work/ozone/ozone/hadoop-ozone/integration-test/target/test-dir/MiniOzoneClusterImpl-4d80237b-fa8d-46d0-bc6e-ad90cdc220b2/datanode-0/data/ratis/7a1e8ed4-cdd2-42a9-97ca-5f95e21525c4/in_use.lock acquired by nodename 17223@fv-az116-279
2021-12-24 01:41:14,052 [pool-485-thread-1] INFO  storage.RaftStorage (RaftStorageImpl.java:format(89)) - Storage directory /home/runner/work/ozone/ozone/hadoop-ozone/integration-test/target/test-dir/MiniOzoneClusterImpl-4d80237b-fa8d-46d0-bc6e-ad90cdc220b2/datanode-0/data/ratis/7a1e8ed4-cdd2-42a9-97ca-5f95e21525c4 has been successfully formatted.
2021-12-24 01:41:14,056 [pool-485-thread-1] INFO  ratis.ContainerStateMachine (ContainerStateMachine.java:loadSnapshot(231)) - group-5F95E21525C4: The snapshot info is null. Setting the last applied indexto:(t:0, i:~)
2021-12-24 01:41:14,056 [EventQueue-OpenPipelineForHealthyPipelineSafeModeRule] INFO  safemode.SCMSafeModeManager (HealthyPipelineSafeModeRule.java:process(124)) - SCM in safe mode. Healthy pipelines reported count is 0, required healthy pipeline reported count is 1
2021-12-24 01:41:14,057 [pool-485-thread-1] INFO  server.RaftServerConfigKeys (ConfUtils.java:logGet(44)) - raft.server.notification.no-leader.timeout = 300s (custom)
2021-12-24 01:41:14,057 [pool-485-thread-1] INFO  server.RaftServerConfigKeys (ConfUtils.java:logGet(44)) - raft.server.log.use.memory = false (default)
2021-12-24 01:41:14,058 [pool-485-thread-1] INFO  server.RaftServerConfigKeys (ConfUtils.java:logGet(44)) - raft.server.log.purge.gap = 1000000 (custom)
2021-12-24 01:41:14,058 [pool-485-thread-1] INFO  server.RaftServerConfigKeys (ConfUtils.java:logGet(44)) - raft.server.log.appender.buffer.byte-limit = 33554432 (custom)
2021-12-24 01:41:14,058 [pool-485-thread-1] INFO  server.RaftServerConfigKeys (ConfUtils.java:logGet(44)) - raft.server.log.segment.size.max = 1048576 (custom)
2021-12-24 01:41:14,059 [pool-485-thread-1] INFO  server.RaftServerConfigKeys (ConfUtils.java:logGet(44)) - raft.server.log.segment.cache.num.max = 2 (custom)
2021-12-24 01:41:14,059 [pool-485-thread-1] INFO  server.RaftServerConfigKeys (ConfUtils.java:logGet(44)) - raft.server.log.segment.cache.size.max = 200MB (=209715200) (default)
2021-12-24 01:41:14,059 [pool-485-thread-1] INFO  segmented.SegmentedRaftLogWorker (SegmentedRaftLogWorker.java:<init>(182)) - new 2929649d-66d9-4679-b58a-41df8f12a6f1@group-5F95E21525C4-SegmentedRaftLogWorker for RaftStorageImpl:Storage Directory /home/runner/work/ozone/ozone/hadoop-ozone/integration-test/target/test-dir/MiniOzoneClusterImpl-4d80237b-fa8d-46d0-bc6e-ad90cdc220b2/datanode-0/data/ratis/7a1e8ed4-cdd2-42a9-97ca-5f95e21525c4
2021-12-24 01:41:14,059 [pool-485-thread-1] INFO  server.RaftServerConfigKeys (ConfUtils.java:logGet(44)) - raft.server.log.queue.byte-limit = 2147483647 (custom)
2021-12-24 01:41:14,064 [pool-485-thread-1] INFO  server.RaftServerConfigKeys (ConfUtils.java:logGet(44)) - raft.server.log.queue.element-limit = 1024 (custom)
2021-12-24 01:41:14,064 [pool-485-thread-1] INFO  server.RaftServerConfigKeys (ConfUtils.java:logGet(44)) - raft.server.log.segment.size.max = 1048576 (custom)
2021-12-24 01:41:14,064 [pool-485-thread-1] INFO  server.RaftServerConfigKeys (ConfUtils.java:logGet(44)) - raft.server.log.preallocated.size = 16384 (custom)
2021-12-24 01:41:14,064 [pool-485-thread-1] INFO  server.RaftServerConfigKeys (ConfUtils.java:logGet(44)) - raft.server.log.force.sync.num = 128 (default)
2021-12-24 01:41:14,064 [pool-485-thread-1] INFO  server.RaftServerConfigKeys (ConfUtils.java:logGet(44)) - raft.server.log.statemachine.data.sync = true (default)
2021-12-24 01:41:14,064 [pool-485-thread-1] INFO  server.RaftServerConfigKeys (ConfUtils.java:logGet(44)) - raft.server.log.statemachine.data.sync.timeout = 10s (default)
2021-12-24 01:41:14,065 [pool-485-thread-1] INFO  server.RaftServerConfigKeys (ConfUtils.java:logGet(44)) - raft.server.log.statemachine.data.sync.timeout.retry = -1 (default)
2021-12-24 01:41:14,066 [pool-485-thread-1] INFO  server.RaftServerConfigKeys (ConfUtils.java:logGet(44)) - raft.server.log.write.buffer.size = 1048576 (custom)
2021-12-24 01:41:14,067 [pool-485-thread-1] INFO  server.RaftServerConfigKeys (ConfUtils.java:logGet(44)) - raft.server.log.statemachine.data.caching.enabled = true (custom)
2021-12-24 01:41:14,067 [pool-485-thread-1] INFO  segmented.SegmentedRaftLogWorker (SegmentedRaftLogWorker.java:lambda$new$0(133)) - 2929649d-66d9-4679-b58a-41df8f12a6f1@group-5F95E21525C4-SegmentedRaftLogWorker: flushIndex: setUnconditionally 0 -> -1
2021-12-24 01:41:14,067 [pool-485-thread-1] INFO  segmented.SegmentedRaftLogWorker (SegmentedRaftLogWorker.java:lambda$new$0(133)) - 2929649d-66d9-4679-b58a-41df8f12a6f1@group-5F95E21525C4-SegmentedRaftLogWorker: safeCacheEvictIndex: setUnconditionally 0 -> -1
2021-12-24 01:41:14,093 [pool-485-thread-1] INFO  server.RaftServerConfigKeys (ConfUtils.java:logGet(44)) - raft.server.snapshot.auto.trigger.enabled = true (custom)
2021-12-24 01:41:14,093 [pool-485-thread-1] INFO  server.RaftServerConfigKeys (ConfUtils.java:logGet(44)) - raft.server.snapshot.auto.trigger.threshold = 10000 (custom)
2021-12-24 01:41:14,093 [pool-485-thread-1] INFO  server.RaftServerConfigKeys (ConfUtils.java:logGet(44)) - raft.server.snapshot.retention.file.num = 5 (custom)
2021-12-24 01:41:14,093 [pool-485-thread-1] INFO  server.RaftServerConfigKeys (ConfUtils.java:logGet(44)) - raft.server.log.purge.upto.snapshot.index = false (default)
2021-12-24 01:41:14,094 [pool-485-thread-1] INFO  server.RaftServerConfigKeys (ConfUtils.java:logGet(44)) - raft.server.retrycache.expirytime = 600000ms (custom)
2021-12-24 01:41:14,094 [pool-485-thread-1] INFO  server.RaftServerConfigKeys (ConfUtils.java:logGet(44)) - raft.server.retrycache.statistics.expirytime = 100μs (default)
2021-12-24 01:41:14,095 [pool-485-thread-1] INFO  server.RaftServer$Division (RaftServerImpl.java:start(301)) - 2929649d-66d9-4679-b58a-41df8f12a6f1@group-5F95E21525C4: start as a follower, conf=-1: [2929649d-66d9-4679-b58a-41df8f12a6f1|rpc:10.1.0.29:34275|priority:0, f4b17f89-e1d3-40ea-af65-31a9a9e14b5d|rpc:10.1.0.29:36903|priority:1, 300b4b33-4b10-4d3b-8d7e-eb04807d1878|rpc:10.1.0.29:42715|priority:0], old=null
2021-12-24 01:41:14,095 [pool-485-thread-1] INFO  server.RaftServer$Division (RaftServerImpl.java:setRole(290)) - 2929649d-66d9-4679-b58a-41df8f12a6f1@group-5F95E21525C4: changes role from      null to FOLLOWER at term 0 for startAsFollower
2021-12-24 01:41:14,095 [pool-485-thread-1] INFO  impl.RoleInfo (RoleInfo.java:updateAndGet(130)) - 2929649d-66d9-4679-b58a-41df8f12a6f1: start 2929649d-66d9-4679-b58a-41df8f12a6f1@group-5F95E21525C4-FollowerState
2021-12-24 01:41:14,100 [pool-485-thread-1] INFO  util.JmxRegister (JmxRegister.java:tryRegister(44)) - Successfully registered JMX Bean with object name Ratis:service=RaftServer,group=group-5F95E21525C4,id=2929649d-66d9-4679-b58a-41df8f12a6f1
2021-12-24 01:41:14,114 [Command processor thread] INFO  ratis.XceiverServerRatis (XceiverServerRatis.java:addGroup(768)) - Created group PipelineID=7a1e8ed4-cdd2-42a9-97ca-5f95e21525c4
2021-12-24 01:41:14,178 [grpc-default-executor-0] INFO  server.RaftServer (RaftServerProxy.java:addNew(95)) - 300b4b33-4b10-4d3b-8d7e-eb04807d1878: addNew group-5F95E21525C4:[2929649d-66d9-4679-b58a-41df8f12a6f1|rpc:10.1.0.29:34275|dataStream:|priority:0, f4b17f89-e1d3-40ea-af65-31a9a9e14b5d|rpc:10.1.0.29:36903|dataStream:|priority:1, 300b4b33-4b10-4d3b-8d7e-eb04807d1878|rpc:10.1.0.29:42715|dataStream:|priority:0] returns group-5F95E21525C4:java.util.concurrent.CompletableFuture@4fd590e[Not completed]
2021-12-24 01:41:14,214 [pool-527-thread-1] INFO  server.RaftServer$Division (RaftServerImpl.java:<init>(184)) - 300b4b33-4b10-4d3b-8d7e-eb04807d1878: new RaftServerImpl for group-5F95E21525C4:[2929649d-66d9-4679-b58a-41df8f12a6f1|rpc:10.1.0.29:34275|dataStream:|priority:0, f4b17f89-e1d3-40ea-af65-31a9a9e14b5d|rpc:10.1.0.29:36903|dataStream:|priority:1, 300b4b33-4b10-4d3b-8d7e-eb04807d1878|rpc:10.1.0.29:42715|dataStream:|priority:0] with ContainerStateMachine:uninitialized
2021-12-24 01:41:14,215 [pool-527-thread-1] INFO  server.RaftServerConfigKeys (ConfUtils.java:logGet(44)) - raft.server.rpc.timeout.min = 5s (custom)
2021-12-24 01:41:14,215 [pool-527-thread-1] INFO  server.RaftServerConfigKeys (ConfUtils.java:logGet(44)) - raft.server.rpc.timeout.max = 5200ms (custom)
2021-12-24 01:41:14,215 [pool-527-thread-1] INFO  server.RaftServerConfigKeys (ConfUtils.java:logGet(44)) - raft.server.rpc.sleep.time = 25ms (default)
2021-12-24 01:41:14,215 [pool-527-thread-1] INFO  server.RaftServerConfigKeys (ConfUtils.java:logGet(44)) - raft.server.rpc.slowness.timeout = 300s (custom)
2021-12-24 01:41:14,216 [pool-527-thread-1] INFO  server.RaftServerConfigKeys (ConfUtils.java:logGet(44)) - raft.server.leaderelection.leader.step-down.wait-time = 10s (default)
2021-12-24 01:41:14,216 [pool-527-thread-1] INFO  server.RaftServerConfigKeys (ConfUtils.java:logGet(44)) - raft.server.sleep.deviation.threshold = 300ms (default)
2021-12-24 01:41:14,216 [pool-527-thread-1] INFO  server.RaftServerConfigKeys (ConfUtils.java:logGet(44)) - raft.server.log.appender.install.snapshot.enabled = false (custom)
2021-12-24 01:41:14,216 [pool-527-thread-1] INFO  server.RaftServer$Division (ServerState.java:<init>(105)) - 300b4b33-4b10-4d3b-8d7e-eb04807d1878@group-5F95E21525C4: ConfigurationManager, init=-1: [2929649d-66d9-4679-b58a-41df8f12a6f1|rpc:10.1.0.29:34275|dataStream:|priority:0, f4b17f89-e1d3-40ea-af65-31a9a9e14b5d|rpc:10.1.0.29:36903|dataStream:|priority:1, 300b4b33-4b10-4d3b-8d7e-eb04807d1878|rpc:10.1.0.29:42715|dataStream:|priority:0], old=null, confs=<EMPTY_MAP>
2021-12-24 01:41:14,216 [pool-527-thread-1] INFO  server.RaftServerConfigKeys (ConfUtils.java:logGet(44)) - raft.server.storage.dir = [/home/runner/work/ozone/ozone/hadoop-ozone/integration-test/target/test-dir/MiniOzoneClusterImpl-4d80237b-fa8d-46d0-bc6e-ad90cdc220b2/datanode-2/data/ratis] (custom)
2021-12-24 01:41:14,216 [pool-527-thread-1] INFO  server.RaftServerConfigKeys (ConfUtils.java:logGet(44)) - raft.server.log.corruption.policy = EXCEPTION (default)
2021-12-24 01:41:14,216 [pool-527-thread-1] INFO  server.RaftServerConfigKeys (ConfUtils.java:logGet(44)) - raft.server.storage.free-space.min = 0MB (=0) (default)
2021-12-24 01:41:14,216 [pool-527-thread-1] INFO  storage.RaftStorageDirectory (RaftStorageDirectoryImpl.java:analyzeStorage(135)) - The storage directory /home/runner/work/ozone/ozone/hadoop-ozone/integration-test/target/test-dir/MiniOzoneClusterImpl-4d80237b-fa8d-46d0-bc6e-ad90cdc220b2/datanode-2/data/ratis/7a1e8ed4-cdd2-42a9-97ca-5f95e21525c4 does not exist. Creating ...
2021-12-24 01:41:14,224 [pool-527-thread-1] INFO  storage.RaftStorageDirectory (RaftStorageDirectoryImpl.java:tryLock(230)) - Lock on /home/runner/work/ozone/ozone/hadoop-ozone/integration-test/target/test-dir/MiniOzoneClusterImpl-4d80237b-fa8d-46d0-bc6e-ad90cdc220b2/datanode-2/data/ratis/7a1e8ed4-cdd2-42a9-97ca-5f95e21525c4/in_use.lock acquired by nodename 17223@fv-az116-279
2021-12-24 01:41:14,230 [pool-527-thread-1] INFO  storage.RaftStorage (RaftStorageImpl.java:format(89)) - Storage directory /home/runner/work/ozone/ozone/hadoop-ozone/integration-test/target/test-dir/MiniOzoneClusterImpl-4d80237b-fa8d-46d0-bc6e-ad90cdc220b2/datanode-2/data/ratis/7a1e8ed4-cdd2-42a9-97ca-5f95e21525c4 has been successfully formatted.
2021-12-24 01:41:14,230 [pool-527-thread-1] INFO  ratis.ContainerStateMachine (ContainerStateMachine.java:loadSnapshot(231)) - group-5F95E21525C4: The snapshot info is null. Setting the last applied indexto:(t:0, i:~)
2021-12-24 01:41:14,230 [pool-527-thread-1] INFO  server.RaftServerConfigKeys (ConfUtils.java:logGet(44)) - raft.server.notification.no-leader.timeout = 300s (custom)
2021-12-24 01:41:14,230 [pool-527-thread-1] INFO  server.RaftServerConfigKeys (ConfUtils.java:logGet(44)) - raft.server.log.use.memory = false (default)
2021-12-24 01:41:14,230 [pool-527-thread-1] INFO  server.RaftServerConfigKeys (ConfUtils.java:logGet(44)) - raft.server.log.purge.gap = 1000000 (custom)
2021-12-24 01:41:14,230 [pool-527-thread-1] INFO  server.RaftServerConfigKeys (ConfUtils.java:logGet(44)) - raft.server.log.appender.buffer.byte-limit = 33554432 (custom)
2021-12-24 01:41:14,242 [pool-527-thread-1] INFO  server.RaftServerConfigKeys (ConfUtils.java:logGet(44)) - raft.server.log.segment.size.max = 1048576 (custom)
2021-12-24 01:41:14,242 [pool-527-thread-1] INFO  server.RaftServerConfigKeys (ConfUtils.java:logGet(44)) - raft.server.log.segment.cache.num.max = 2 (custom)
2021-12-24 01:41:14,242 [pool-527-thread-1] INFO  server.RaftServerConfigKeys (ConfUtils.java:logGet(44)) - raft.server.log.segment.cache.size.max = 200MB (=209715200) (default)
2021-12-24 01:41:14,242 [pool-527-thread-1] INFO  segmented.SegmentedRaftLogWorker (SegmentedRaftLogWorker.java:<init>(182)) - new 300b4b33-4b10-4d3b-8d7e-eb04807d1878@group-5F95E21525C4-SegmentedRaftLogWorker for RaftStorageImpl:Storage Directory /home/runner/work/ozone/ozone/hadoop-ozone/integration-test/target/test-dir/MiniOzoneClusterImpl-4d80237b-fa8d-46d0-bc6e-ad90cdc220b2/datanode-2/data/ratis/7a1e8ed4-cdd2-42a9-97ca-5f95e21525c4
2021-12-24 01:41:14,242 [pool-527-thread-1] INFO  server.RaftServerConfigKeys (ConfUtils.java:logGet(44)) - raft.server.log.queue.byte-limit = 2147483647 (custom)
2021-12-24 01:41:14,242 [pool-527-thread-1] INFO  server.RaftServerConfigKeys (ConfUtils.java:logGet(44)) - raft.server.log.queue.element-limit = 1024 (custom)
2021-12-24 01:41:14,242 [pool-527-thread-1] INFO  server.RaftServerConfigKeys (ConfUtils.java:logGet(44)) - raft.server.log.segment.size.max = 1048576 (custom)
2021-12-24 01:41:14,242 [pool-527-thread-1] INFO  server.RaftServerConfigKeys (ConfUtils.java:logGet(44)) - raft.server.log.preallocated.size = 16384 (custom)
2021-12-24 01:41:14,243 [pool-527-thread-1] INFO  server.RaftServerConfigKeys (ConfUtils.java:logGet(44)) - raft.server.log.force.sync.num = 128 (default)
2021-12-24 01:41:14,243 [pool-527-thread-1] INFO  server.RaftServerConfigKeys (ConfUtils.java:logGet(44)) - raft.server.log.statemachine.data.sync = true (default)
2021-12-24 01:41:14,243 [pool-527-thread-1] INFO  server.RaftServerConfigKeys (ConfUtils.java:logGet(44)) - raft.server.log.statemachine.data.sync.timeout = 10s (default)
2021-12-24 01:41:14,243 [pool-527-thread-1] INFO  server.RaftServerConfigKeys (ConfUtils.java:logGet(44)) - raft.server.log.statemachine.data.sync.timeout.retry = -1 (default)
2021-12-24 01:41:14,244 [pool-527-thread-1] INFO  server.RaftServerConfigKeys (ConfUtils.java:logGet(44)) - raft.server.log.write.buffer.size = 1048576 (custom)
2021-12-24 01:41:14,244 [pool-527-thread-1] INFO  server.RaftServerConfigKeys (ConfUtils.java:logGet(44)) - raft.server.log.statemachine.data.caching.enabled = true (custom)
2021-12-24 01:41:14,245 [pool-527-thread-1] INFO  segmented.SegmentedRaftLogWorker (SegmentedRaftLogWorker.java:lambda$new$0(133)) - 300b4b33-4b10-4d3b-8d7e-eb04807d1878@group-5F95E21525C4-SegmentedRaftLogWorker: flushIndex: setUnconditionally 0 -> -1
2021-12-24 01:41:14,245 [pool-527-thread-1] INFO  segmented.SegmentedRaftLogWorker (SegmentedRaftLogWorker.java:lambda$new$0(133)) - 300b4b33-4b10-4d3b-8d7e-eb04807d1878@group-5F95E21525C4-SegmentedRaftLogWorker: safeCacheEvictIndex: setUnconditionally 0 -> -1
2021-12-24 01:41:14,258 [pool-527-thread-1] INFO  server.RaftServerConfigKeys (ConfUtils.java:logGet(44)) - raft.server.snapshot.auto.trigger.enabled = true (custom)
2021-12-24 01:41:14,258 [pool-527-thread-1] INFO  server.RaftServerConfigKeys (ConfUtils.java:logGet(44)) - raft.server.snapshot.auto.trigger.threshold = 10000 (custom)
2021-12-24 01:41:14,258 [pool-527-thread-1] INFO  server.RaftServerConfigKeys (ConfUtils.java:logGet(44)) - raft.server.snapshot.retention.file.num = 5 (custom)
2021-12-24 01:41:14,258 [pool-527-thread-1] INFO  server.RaftServerConfigKeys (ConfUtils.java:logGet(44)) - raft.server.log.purge.upto.snapshot.index = false (default)
2021-12-24 01:41:14,258 [pool-527-thread-1] INFO  server.RaftServerConfigKeys (ConfUtils.java:logGet(44)) - raft.server.retrycache.expirytime = 600000ms (custom)
2021-12-24 01:41:14,258 [pool-527-thread-1] INFO  server.RaftServerConfigKeys (ConfUtils.java:logGet(44)) - raft.server.retrycache.statistics.expirytime = 100μs (default)
2021-12-24 01:41:14,259 [pool-527-thread-1] INFO  server.RaftServer$Division (RaftServerImpl.java:start(301)) - 300b4b33-4b10-4d3b-8d7e-eb04807d1878@group-5F95E21525C4: start as a follower, conf=-1: [2929649d-66d9-4679-b58a-41df8f12a6f1|rpc:10.1.0.29:34275|dataStream:|priority:0, f4b17f89-e1d3-40ea-af65-31a9a9e14b5d|rpc:10.1.0.29:36903|dataStream:|priority:1, 300b4b33-4b10-4d3b-8d7e-eb04807d1878|rpc:10.1.0.29:42715|dataStream:|priority:0], old=null
2021-12-24 01:41:14,260 [pool-527-thread-1] INFO  server.RaftServer$Division (RaftServerImpl.java:setRole(290)) - 300b4b33-4b10-4d3b-8d7e-eb04807d1878@group-5F95E21525C4: changes role from      null to FOLLOWER at term 0 for startAsFollower
2021-12-24 01:41:14,260 [pool-527-thread-1] INFO  impl.RoleInfo (RoleInfo.java:updateAndGet(130)) - 300b4b33-4b10-4d3b-8d7e-eb04807d1878: start 300b4b33-4b10-4d3b-8d7e-eb04807d1878@group-5F95E21525C4-FollowerState
2021-12-24 01:41:14,272 [pool-527-thread-1] INFO  util.JmxRegister (JmxRegister.java:tryRegister(44)) - Successfully registered JMX Bean with object name Ratis:service=RaftServer,group=group-5F95E21525C4,id=300b4b33-4b10-4d3b-8d7e-eb04807d1878
2021-12-24 01:41:14,324 [Listener at 127.0.0.1/45267] INFO  ozone.MiniOzoneClusterImpl (MiniOzoneClusterImpl.java:lambda$waitForClusterToBeReady$0(235)) - Nodes are ready. Got 3 of 3 DN Heartbeats.
2021-12-24 01:41:14,324 [Listener at 127.0.0.1/45267] INFO  ozone.MiniOzoneClusterImpl (MiniOzoneClusterImpl.java:lambda$waitForClusterToBeReady$0(238)) - Waiting for cluster to exit safe mode
2021-12-24 01:41:14,324 [Listener at 127.0.0.1/45267] INFO  ozone.MiniOzoneClusterImpl (MiniOzoneClusterImpl.java:lambda$waitForClusterToBeReady$0(240)) - SCM became leader
2021-12-24 01:41:14,379 [grpc-default-executor-0] INFO  server.RaftServer (RaftServerProxy.java:addNew(95)) - f4b17f89-e1d3-40ea-af65-31a9a9e14b5d: addNew group-5F95E21525C4:[2929649d-66d9-4679-b58a-41df8f12a6f1|rpc:10.1.0.29:34275|dataStream:|priority:0, f4b17f89-e1d3-40ea-af65-31a9a9e14b5d|rpc:10.1.0.29:36903|dataStream:|priority:1, 300b4b33-4b10-4d3b-8d7e-eb04807d1878|rpc:10.1.0.29:42715|dataStream:|priority:0] returns group-5F95E21525C4:java.util.concurrent.CompletableFuture@31969aa6[Not completed]
2021-12-24 01:41:14,383 [pool-506-thread-1] INFO  server.RaftServer$Division (RaftServerImpl.java:<init>(184)) - f4b17f89-e1d3-40ea-af65-31a9a9e14b5d: new RaftServerImpl for group-5F95E21525C4:[2929649d-66d9-4679-b58a-41df8f12a6f1|rpc:10.1.0.29:34275|dataStream:|priority:0, f4b17f89-e1d3-40ea-af65-31a9a9e14b5d|rpc:10.1.0.29:36903|dataStream:|priority:1, 300b4b33-4b10-4d3b-8d7e-eb04807d1878|rpc:10.1.0.29:42715|dataStream:|priority:0] with ContainerStateMachine:uninitialized
2021-12-24 01:41:14,396 [pool-506-thread-1] INFO  server.RaftServerConfigKeys (ConfUtils.java:logGet(44)) - raft.server.rpc.timeout.min = 5s (custom)
2021-12-24 01:41:14,396 [pool-506-thread-1] INFO  server.RaftServerConfigKeys (ConfUtils.java:logGet(44)) - raft.server.rpc.timeout.max = 5200ms (custom)
2021-12-24 01:41:14,396 [pool-506-thread-1] INFO  server.RaftServerConfigKeys (ConfUtils.java:logGet(44)) - raft.server.rpc.sleep.time = 25ms (default)
2021-12-24 01:41:14,396 [pool-506-thread-1] INFO  server.RaftServerConfigKeys (ConfUtils.java:logGet(44)) - raft.server.rpc.slowness.timeout = 300s (custom)
2021-12-24 01:41:14,397 [pool-506-thread-1] INFO  server.RaftServerConfigKeys (ConfUtils.java:logGet(44)) - raft.server.leaderelection.leader.step-down.wait-time = 10s (default)
2021-12-24 01:41:14,397 [pool-506-thread-1] INFO  server.RaftServerConfigKeys (ConfUtils.java:logGet(44)) - raft.server.sleep.deviation.threshold = 300ms (default)
2021-12-24 01:41:14,397 [pool-506-thread-1] INFO  server.RaftServerConfigKeys (ConfUtils.java:logGet(44)) - raft.server.log.appender.install.snapshot.enabled = false (custom)
2021-12-24 01:41:14,397 [pool-506-thread-1] INFO  server.RaftServer$Division (ServerState.java:<init>(105)) - f4b17f89-e1d3-40ea-af65-31a9a9e14b5d@group-5F95E21525C4: ConfigurationManager, init=-1: [2929649d-66d9-4679-b58a-41df8f12a6f1|rpc:10.1.0.29:34275|dataStream:|priority:0, f4b17f89-e1d3-40ea-af65-31a9a9e14b5d|rpc:10.1.0.29:36903|dataStream:|priority:1, 300b4b33-4b10-4d3b-8d7e-eb04807d1878|rpc:10.1.0.29:42715|dataStream:|priority:0], old=null, confs=<EMPTY_MAP>
2021-12-24 01:41:14,397 [pool-506-thread-1] INFO  server.RaftServerConfigKeys (ConfUtils.java:logGet(44)) - raft.server.storage.dir = [/home/runner/work/ozone/ozone/hadoop-ozone/integration-test/target/test-dir/MiniOzoneClusterImpl-4d80237b-fa8d-46d0-bc6e-ad90cdc220b2/datanode-1/data/ratis] (custom)
2021-12-24 01:41:14,397 [pool-506-thread-1] INFO  server.RaftServerConfigKeys (ConfUtils.java:logGet(44)) - raft.server.log.corruption.policy = EXCEPTION (default)
2021-12-24 01:41:14,397 [pool-506-thread-1] INFO  server.RaftServerConfigKeys (ConfUtils.java:logGet(44)) - raft.server.storage.free-space.min = 0MB (=0) (default)
2021-12-24 01:41:14,397 [pool-506-thread-1] INFO  storage.RaftStorageDirectory (RaftStorageDirectoryImpl.java:analyzeStorage(135)) - The storage directory /home/runner/work/ozone/ozone/hadoop-ozone/integration-test/target/test-dir/MiniOzoneClusterImpl-4d80237b-fa8d-46d0-bc6e-ad90cdc220b2/datanode-1/data/ratis/7a1e8ed4-cdd2-42a9-97ca-5f95e21525c4 does not exist. Creating ...
2021-12-24 01:41:14,403 [pool-506-thread-1] INFO  storage.RaftStorageDirectory (RaftStorageDirectoryImpl.java:tryLock(230)) - Lock on /home/runner/work/ozone/ozone/hadoop-ozone/integration-test/target/test-dir/MiniOzoneClusterImpl-4d80237b-fa8d-46d0-bc6e-ad90cdc220b2/datanode-1/data/ratis/7a1e8ed4-cdd2-42a9-97ca-5f95e21525c4/in_use.lock acquired by nodename 17223@fv-az116-279
2021-12-24 01:41:14,408 [pool-506-thread-1] INFO  storage.RaftStorage (RaftStorageImpl.java:format(89)) - Storage directory /home/runner/work/ozone/ozone/hadoop-ozone/integration-test/target/test-dir/MiniOzoneClusterImpl-4d80237b-fa8d-46d0-bc6e-ad90cdc220b2/datanode-1/data/ratis/7a1e8ed4-cdd2-42a9-97ca-5f95e21525c4 has been successfully formatted.
2021-12-24 01:41:14,409 [pool-506-thread-1] INFO  ratis.ContainerStateMachine (ContainerStateMachine.java:loadSnapshot(231)) - group-5F95E21525C4: The snapshot info is null. Setting the last applied indexto:(t:0, i:~)
2021-12-24 01:41:14,410 [pool-506-thread-1] INFO  server.RaftServerConfigKeys (ConfUtils.java:logGet(44)) - raft.server.notification.no-leader.timeout = 300s (custom)
2021-12-24 01:41:14,410 [pool-506-thread-1] INFO  server.RaftServerConfigKeys (ConfUtils.java:logGet(44)) - raft.server.log.use.memory = false (default)
2021-12-24 01:41:14,410 [pool-506-thread-1] INFO  server.RaftServerConfigKeys (ConfUtils.java:logGet(44)) - raft.server.log.purge.gap = 1000000 (custom)
2021-12-24 01:41:14,410 [pool-506-thread-1] INFO  server.RaftServerConfigKeys (ConfUtils.java:logGet(44)) - raft.server.log.appender.buffer.byte-limit = 33554432 (custom)
2021-12-24 01:41:14,410 [pool-506-thread-1] INFO  server.RaftServerConfigKeys (ConfUtils.java:logGet(44)) - raft.server.log.segment.size.max = 1048576 (custom)
2021-12-24 01:41:14,411 [pool-506-thread-1] INFO  server.RaftServerConfigKeys (ConfUtils.java:logGet(44)) - raft.server.log.segment.cache.num.max = 2 (custom)
2021-12-24 01:41:14,411 [pool-506-thread-1] INFO  server.RaftServerConfigKeys (ConfUtils.java:logGet(44)) - raft.server.log.segment.cache.size.max = 200MB (=209715200) (default)
2021-12-24 01:41:14,411 [pool-506-thread-1] INFO  segmented.SegmentedRaftLogWorker (SegmentedRaftLogWorker.java:<init>(182)) - new f4b17f89-e1d3-40ea-af65-31a9a9e14b5d@group-5F95E21525C4-SegmentedRaftLogWorker for RaftStorageImpl:Storage Directory /home/runner/work/ozone/ozone/hadoop-ozone/integration-test/target/test-dir/MiniOzoneClusterImpl-4d80237b-fa8d-46d0-bc6e-ad90cdc220b2/datanode-1/data/ratis/7a1e8ed4-cdd2-42a9-97ca-5f95e21525c4
2021-12-24 01:41:14,411 [pool-506-thread-1] INFO  server.RaftServerConfigKeys (ConfUtils.java:logGet(44)) - raft.server.log.queue.byte-limit = 2147483647 (custom)
2021-12-24 01:41:14,411 [pool-506-thread-1] INFO  server.RaftServerConfigKeys (ConfUtils.java:logGet(44)) - raft.server.log.queue.element-limit = 1024 (custom)
2021-12-24 01:41:14,411 [pool-506-thread-1] INFO  server.RaftServerConfigKeys (ConfUtils.java:logGet(44)) - raft.server.log.segment.size.max = 1048576 (custom)
2021-12-24 01:41:14,411 [pool-506-thread-1] INFO  server.RaftServerConfigKeys (ConfUtils.java:logGet(44)) - raft.server.log.preallocated.size = 16384 (custom)
2021-12-24 01:41:14,411 [pool-506-thread-1] INFO  server.RaftServerConfigKeys (ConfUtils.java:logGet(44)) - raft.server.log.force.sync.num = 128 (default)
2021-12-24 01:41:14,411 [pool-506-thread-1] INFO  server.RaftServerConfigKeys (ConfUtils.java:logGet(44)) - raft.server.log.statemachine.data.sync = true (default)
2021-12-24 01:41:14,411 [pool-506-thread-1] INFO  server.RaftServerConfigKeys (ConfUtils.java:logGet(44)) - raft.server.log.statemachine.data.sync.timeout = 10s (default)
2021-12-24 01:41:14,411 [pool-506-thread-1] INFO  server.RaftServerConfigKeys (ConfUtils.java:logGet(44)) - raft.server.log.statemachine.data.sync.timeout.retry = -1 (default)
2021-12-24 01:41:14,412 [pool-506-thread-1] INFO  server.RaftServerConfigKeys (ConfUtils.java:logGet(44)) - raft.server.log.write.buffer.size = 1048576 (custom)
2021-12-24 01:41:14,413 [pool-506-thread-1] INFO  server.RaftServerConfigKeys (ConfUtils.java:logGet(44)) - raft.server.log.statemachine.data.caching.enabled = true (custom)
2021-12-24 01:41:14,413 [pool-506-thread-1] INFO  segmented.SegmentedRaftLogWorker (SegmentedRaftLogWorker.java:lambda$new$0(133)) - f4b17f89-e1d3-40ea-af65-31a9a9e14b5d@group-5F95E21525C4-SegmentedRaftLogWorker: flushIndex: setUnconditionally 0 -> -1
2021-12-24 01:41:14,413 [pool-506-thread-1] INFO  segmented.SegmentedRaftLogWorker (SegmentedRaftLogWorker.java:lambda$new$0(133)) - f4b17f89-e1d3-40ea-af65-31a9a9e14b5d@group-5F95E21525C4-SegmentedRaftLogWorker: safeCacheEvictIndex: setUnconditionally 0 -> -1
2021-12-24 01:41:14,419 [pool-506-thread-1] INFO  server.RaftServerConfigKeys (ConfUtils.java:logGet(44)) - raft.server.snapshot.auto.trigger.enabled = true (custom)
2021-12-24 01:41:14,419 [pool-506-thread-1] INFO  server.RaftServerConfigKeys (ConfUtils.java:logGet(44)) - raft.server.snapshot.auto.trigger.threshold = 10000 (custom)
2021-12-24 01:41:14,419 [pool-506-thread-1] INFO  server.RaftServerConfigKeys (ConfUtils.java:logGet(44)) - raft.server.snapshot.retention.file.num = 5 (custom)
2021-12-24 01:41:14,419 [pool-506-thread-1] INFO  server.RaftServerConfigKeys (ConfUtils.java:logGet(44)) - raft.server.log.purge.upto.snapshot.index = false (default)
2021-12-24 01:41:14,419 [pool-506-thread-1] INFO  server.RaftServerConfigKeys (ConfUtils.java:logGet(44)) - raft.server.retrycache.expirytime = 600000ms (custom)
2021-12-24 01:41:14,419 [pool-506-thread-1] INFO  server.RaftServerConfigKeys (ConfUtils.java:logGet(44)) - raft.server.retrycache.statistics.expirytime = 100μs (default)
2021-12-24 01:41:14,424 [pool-506-thread-1] INFO  server.RaftServer$Division (RaftServerImpl.java:start(301)) - f4b17f89-e1d3-40ea-af65-31a9a9e14b5d@group-5F95E21525C4: start as a follower, conf=-1: [2929649d-66d9-4679-b58a-41df8f12a6f1|rpc:10.1.0.29:34275|dataStream:|priority:0, f4b17f89-e1d3-40ea-af65-31a9a9e14b5d|rpc:10.1.0.29:36903|dataStream:|priority:1, 300b4b33-4b10-4d3b-8d7e-eb04807d1878|rpc:10.1.0.29:42715|dataStream:|priority:0], old=null
2021-12-24 01:41:14,424 [pool-506-thread-1] INFO  server.RaftServer$Division (RaftServerImpl.java:setRole(290)) - f4b17f89-e1d3-40ea-af65-31a9a9e14b5d@group-5F95E21525C4: changes role from      null to FOLLOWER at term 0 for startAsFollower
2021-12-24 01:41:14,425 [pool-506-thread-1] INFO  impl.RoleInfo (RoleInfo.java:updateAndGet(130)) - f4b17f89-e1d3-40ea-af65-31a9a9e14b5d: start f4b17f89-e1d3-40ea-af65-31a9a9e14b5d@group-5F95E21525C4-FollowerState
2021-12-24 01:41:14,425 [pool-506-thread-1] INFO  util.JmxRegister (JmxRegister.java:tryRegister(44)) - Successfully registered JMX Bean with object name Ratis:service=RaftServer,group=group-5F95E21525C4,id=f4b17f89-e1d3-40ea-af65-31a9a9e14b5d
2021-12-24 01:41:14,445 [Command processor thread] INFO  commandhandler.CreatePipelineCommandHandler (CreatePipelineCommandHandler.java:handle(106)) - Created Pipeline RATIS THREE PipelineID=7a1e8ed4-cdd2-42a9-97ca-5f95e21525c4.
2021-12-24 01:41:14,445 [Command processor thread] INFO  server.RaftServer (RaftServerProxy.java:addNew(95)) - 2929649d-66d9-4679-b58a-41df8f12a6f1: addNew group-D075AE75EEC0:[2929649d-66d9-4679-b58a-41df8f12a6f1|rpc:10.1.0.29:34275|priority:1, f4b17f89-e1d3-40ea-af65-31a9a9e14b5d|rpc:10.1.0.29:36903|priority:0, 300b4b33-4b10-4d3b-8d7e-eb04807d1878|rpc:10.1.0.29:42715|priority:0] returns group-D075AE75EEC0:java.util.concurrent.CompletableFuture@33bd86a8[Not completed]
2021-12-24 01:41:14,446 [pool-485-thread-1] INFO  server.RaftServer$Division (RaftServerImpl.java:<init>(184)) - 2929649d-66d9-4679-b58a-41df8f12a6f1: new RaftServerImpl for group-D075AE75EEC0:[2929649d-66d9-4679-b58a-41df8f12a6f1|rpc:10.1.0.29:34275|priority:1, f4b17f89-e1d3-40ea-af65-31a9a9e14b5d|rpc:10.1.0.29:36903|priority:0, 300b4b33-4b10-4d3b-8d7e-eb04807d1878|rpc:10.1.0.29:42715|priority:0] with ContainerStateMachine:uninitialized
2021-12-24 01:41:14,446 [pool-485-thread-1] INFO  server.RaftServerConfigKeys (ConfUtils.java:logGet(44)) - raft.server.rpc.timeout.min = 5s (custom)
2021-12-24 01:41:14,446 [pool-485-thread-1] INFO  server.RaftServerConfigKeys (ConfUtils.java:logGet(44)) - raft.server.rpc.timeout.max = 5200ms (custom)
2021-12-24 01:41:14,446 [pool-485-thread-1] INFO  server.RaftServerConfigKeys (ConfUtils.java:logGet(44)) - raft.server.rpc.sleep.time = 25ms (default)
2021-12-24 01:41:14,446 [pool-485-thread-1] INFO  server.RaftServerConfigKeys (ConfUtils.java:logGet(44)) - raft.server.rpc.slowness.timeout = 300s (custom)
2021-12-24 01:41:14,446 [pool-485-thread-1] INFO  server.RaftServerConfigKeys (ConfUtils.java:logGet(44)) - raft.server.leaderelection.leader.step-down.wait-time = 10s (default)
2021-12-24 01:41:14,447 [pool-485-thread-1] INFO  server.RaftServerConfigKeys (ConfUtils.java:logGet(44)) - raft.server.sleep.deviation.threshold = 300ms (default)
2021-12-24 01:41:14,447 [pool-485-thread-1] INFO  server.RaftServerConfigKeys (ConfUtils.java:logGet(44)) - raft.server.log.appender.install.snapshot.enabled = false (custom)
2021-12-24 01:41:14,447 [pool-485-thread-1] INFO  server.RaftServer$Division (ServerState.java:<init>(105)) - 2929649d-66d9-4679-b58a-41df8f12a6f1@group-D075AE75EEC0: ConfigurationManager, init=-1: [2929649d-66d9-4679-b58a-41df8f12a6f1|rpc:10.1.0.29:34275|priority:1, f4b17f89-e1d3-40ea-af65-31a9a9e14b5d|rpc:10.1.0.29:36903|priority:0, 300b4b33-4b10-4d3b-8d7e-eb04807d1878|rpc:10.1.0.29:42715|priority:0], old=null, confs=<EMPTY_MAP>
2021-12-24 01:41:14,447 [pool-485-thread-1] INFO  server.RaftServerConfigKeys (ConfUtils.java:logGet(44)) - raft.server.storage.dir = [/home/runner/work/ozone/ozone/hadoop-ozone/integration-test/target/test-dir/MiniOzoneClusterImpl-4d80237b-fa8d-46d0-bc6e-ad90cdc220b2/datanode-0/data/ratis] (custom)
2021-12-24 01:41:14,447 [pool-485-thread-1] INFO  server.RaftServerConfigKeys (ConfUtils.java:logGet(44)) - raft.server.log.corruption.policy = EXCEPTION (default)
2021-12-24 01:41:14,447 [pool-485-thread-1] INFO  server.RaftServerConfigKeys (ConfUtils.java:logGet(44)) - raft.server.storage.free-space.min = 0MB (=0) (default)
2021-12-24 01:41:14,447 [pool-485-thread-1] INFO  storage.RaftStorageDirectory (RaftStorageDirectoryImpl.java:analyzeStorage(135)) - The storage directory /home/runner/work/ozone/ozone/hadoop-ozone/integration-test/target/test-dir/MiniOzoneClusterImpl-4d80237b-fa8d-46d0-bc6e-ad90cdc220b2/datanode-0/data/ratis/978f1694-b5d6-49c2-89ab-d075ae75eec0 does not exist. Creating ...
2021-12-24 01:41:14,471 [pool-485-thread-1] INFO  storage.RaftStorageDirectory (RaftStorageDirectoryImpl.java:tryLock(230)) - Lock on /home/runner/work/ozone/ozone/hadoop-ozone/integration-test/target/test-dir/MiniOzoneClusterImpl-4d80237b-fa8d-46d0-bc6e-ad90cdc220b2/datanode-0/data/ratis/978f1694-b5d6-49c2-89ab-d075ae75eec0/in_use.lock acquired by nodename 17223@fv-az116-279
2021-12-24 01:41:14,472 [Command processor thread] INFO  server.RaftServer (RaftServerProxy.java:addNew(95)) - f4b17f89-e1d3-40ea-af65-31a9a9e14b5d: addNew group-26DAE9B0C578:[f4b17f89-e1d3-40ea-af65-31a9a9e14b5d|rpc:10.1.0.29:36903|priority:1] returns group-26DAE9B0C578:java.util.concurrent.CompletableFuture@38fb0865[Not completed]
2021-12-24 01:41:14,472 [pool-506-thread-1] INFO  server.RaftServer$Division (RaftServerImpl.java:<init>(184)) - f4b17f89-e1d3-40ea-af65-31a9a9e14b5d: new RaftServerImpl for group-26DAE9B0C578:[f4b17f89-e1d3-40ea-af65-31a9a9e14b5d|rpc:10.1.0.29:36903|priority:1] with ContainerStateMachine:uninitialized
2021-12-24 01:41:14,473 [pool-506-thread-1] INFO  server.RaftServerConfigKeys (ConfUtils.java:logGet(44)) - raft.server.rpc.timeout.min = 5s (custom)
2021-12-24 01:41:14,474 [pool-506-thread-1] INFO  server.RaftServerConfigKeys (ConfUtils.java:logGet(44)) - raft.server.rpc.timeout.max = 5200ms (custom)
2021-12-24 01:41:14,474 [pool-506-thread-1] INFO  server.RaftServerConfigKeys (ConfUtils.java:logGet(44)) - raft.server.rpc.sleep.time = 25ms (default)
2021-12-24 01:41:14,474 [pool-506-thread-1] INFO  server.RaftServerConfigKeys (ConfUtils.java:logGet(44)) - raft.server.rpc.slowness.timeout = 300s (custom)
2021-12-24 01:41:14,474 [pool-506-thread-1] INFO  server.RaftServerConfigKeys (ConfUtils.java:logGet(44)) - raft.server.leaderelection.leader.step-down.wait-time = 10s (default)
2021-12-24 01:41:14,474 [pool-506-thread-1] INFO  server.RaftServerConfigKeys (ConfUtils.java:logGet(44)) - raft.server.sleep.deviation.threshold = 300ms (default)
2021-12-24 01:41:14,474 [pool-506-thread-1] INFO  server.RaftServerConfigKeys (ConfUtils.java:logGet(44)) - raft.server.log.appender.install.snapshot.enabled = false (custom)
2021-12-24 01:41:14,474 [pool-506-thread-1] INFO  server.RaftServer$Division (ServerState.java:<init>(105)) - f4b17f89-e1d3-40ea-af65-31a9a9e14b5d@group-26DAE9B0C578: ConfigurationManager, init=-1: [f4b17f89-e1d3-40ea-af65-31a9a9e14b5d|rpc:10.1.0.29:36903|priority:1], old=null, confs=<EMPTY_MAP>
2021-12-24 01:41:14,474 [pool-506-thread-1] INFO  server.RaftServerConfigKeys (ConfUtils.java:logGet(44)) - raft.server.storage.dir = [/home/runner/work/ozone/ozone/hadoop-ozone/integration-test/target/test-dir/MiniOzoneClusterImpl-4d80237b-fa8d-46d0-bc6e-ad90cdc220b2/datanode-1/data/ratis] (custom)
2021-12-24 01:41:14,474 [pool-506-thread-1] INFO  server.RaftServerConfigKeys (ConfUtils.java:logGet(44)) - raft.server.log.corruption.policy = EXCEPTION (default)
2021-12-24 01:41:14,474 [pool-506-thread-1] INFO  server.RaftServerConfigKeys (ConfUtils.java:logGet(44)) - raft.server.storage.free-space.min = 0MB (=0) (default)
2021-12-24 01:41:14,474 [pool-506-thread-1] INFO  storage.RaftStorageDirectory (RaftStorageDirectoryImpl.java:analyzeStorage(135)) - The storage directory /home/runner/work/ozone/ozone/hadoop-ozone/integration-test/target/test-dir/MiniOzoneClusterImpl-4d80237b-fa8d-46d0-bc6e-ad90cdc220b2/datanode-1/data/ratis/19776e57-795c-44ed-8bf7-26dae9b0c578 does not exist. Creating ...
2021-12-24 01:41:14,476 [pool-506-thread-1] INFO  storage.RaftStorageDirectory (RaftStorageDirectoryImpl.java:tryLock(230)) - Lock on /home/runner/work/ozone/ozone/hadoop-ozone/integration-test/target/test-dir/MiniOzoneClusterImpl-4d80237b-fa8d-46d0-bc6e-ad90cdc220b2/datanode-1/data/ratis/19776e57-795c-44ed-8bf7-26dae9b0c578/in_use.lock acquired by nodename 17223@fv-az116-279
2021-12-24 01:41:14,481 [pool-506-thread-1] INFO  storage.RaftStorage (RaftStorageImpl.java:format(89)) - Storage directory /home/runner/work/ozone/ozone/hadoop-ozone/integration-test/target/test-dir/MiniOzoneClusterImpl-4d80237b-fa8d-46d0-bc6e-ad90cdc220b2/datanode-1/data/ratis/19776e57-795c-44ed-8bf7-26dae9b0c578 has been successfully formatted.
2021-12-24 01:41:14,482 [pool-506-thread-1] INFO  ratis.ContainerStateMachine (ContainerStateMachine.java:loadSnapshot(231)) - group-26DAE9B0C578: The snapshot info is null. Setting the last applied indexto:(t:0, i:~)
2021-12-24 01:41:14,482 [pool-506-thread-1] INFO  server.RaftServerConfigKeys (ConfUtils.java:logGet(44)) - raft.server.notification.no-leader.timeout = 300s (custom)
2021-12-24 01:41:14,482 [pool-506-thread-1] INFO  server.RaftServerConfigKeys (ConfUtils.java:logGet(44)) - raft.server.log.use.memory = false (default)
2021-12-24 01:41:14,483 [pool-506-thread-1] INFO  server.RaftServerConfigKeys (ConfUtils.java:logGet(44)) - raft.server.log.purge.gap = 1000000 (custom)
2021-12-24 01:41:14,483 [pool-506-thread-1] INFO  server.RaftServerConfigKeys (ConfUtils.java:logGet(44)) - raft.server.log.appender.buffer.byte-limit = 33554432 (custom)
2021-12-24 01:41:14,484 [pool-506-thread-1] INFO  server.RaftServerConfigKeys (ConfUtils.java:logGet(44)) - raft.server.log.segment.size.max = 1048576 (custom)
2021-12-24 01:41:14,484 [pool-506-thread-1] INFO  server.RaftServerConfigKeys (ConfUtils.java:logGet(44)) - raft.server.log.segment.cache.num.max = 2 (custom)
2021-12-24 01:41:14,484 [pool-506-thread-1] INFO  server.RaftServerConfigKeys (ConfUtils.java:logGet(44)) - raft.server.log.segment.cache.size.max = 200MB (=209715200) (default)
2021-12-24 01:41:14,484 [pool-506-thread-1] INFO  segmented.SegmentedRaftLogWorker (SegmentedRaftLogWorker.java:<init>(182)) - new f4b17f89-e1d3-40ea-af65-31a9a9e14b5d@group-26DAE9B0C578-SegmentedRaftLogWorker for RaftStorageImpl:Storage Directory /home/runner/work/ozone/ozone/hadoop-ozone/integration-test/target/test-dir/MiniOzoneClusterImpl-4d80237b-fa8d-46d0-bc6e-ad90cdc220b2/datanode-1/data/ratis/19776e57-795c-44ed-8bf7-26dae9b0c578
2021-12-24 01:41:14,484 [pool-506-thread-1] INFO  server.RaftServerConfigKeys (ConfUtils.java:logGet(44)) - raft.server.log.queue.byte-limit = 2147483647 (custom)
2021-12-24 01:41:14,485 [pool-506-thread-1] INFO  server.RaftServerConfigKeys (ConfUtils.java:logGet(44)) - raft.server.log.queue.element-limit = 1024 (custom)
2021-12-24 01:41:14,485 [pool-506-thread-1] INFO  server.RaftServerConfigKeys (ConfUtils.java:logGet(44)) - raft.server.log.segment.size.max = 1048576 (custom)
2021-12-24 01:41:14,485 [pool-506-thread-1] INFO  server.RaftServerConfigKeys (ConfUtils.java:logGet(44)) - raft.server.log.preallocated.size = 16384 (custom)
2021-12-24 01:41:14,485 [pool-506-thread-1] INFO  server.RaftServerConfigKeys (ConfUtils.java:logGet(44)) - raft.server.log.force.sync.num = 128 (default)
2021-12-24 01:41:14,485 [pool-506-thread-1] INFO  server.RaftServerConfigKeys (ConfUtils.java:logGet(44)) - raft.server.log.statemachine.data.sync = true (default)
2021-12-24 01:41:14,486 [pool-506-thread-1] INFO  server.RaftServerConfigKeys (ConfUtils.java:logGet(44)) - raft.server.log.statemachine.data.sync.timeout = 10s (default)
2021-12-24 01:41:14,486 [pool-506-thread-1] INFO  server.RaftServerConfigKeys (ConfUtils.java:logGet(44)) - raft.server.log.statemachine.data.sync.timeout.retry = -1 (default)
2021-12-24 01:41:14,487 [pool-506-thread-1] INFO  server.RaftServerConfigKeys (ConfUtils.java:logGet(44)) - raft.server.log.write.buffer.size = 1048576 (custom)
2021-12-24 01:41:14,482 [pool-485-thread-1] INFO  storage.RaftStorage (RaftStorageImpl.java:format(89)) - Storage directory /home/runner/work/ozone/ozone/hadoop-ozone/integration-test/target/test-dir/MiniOzoneClusterImpl-4d80237b-fa8d-46d0-bc6e-ad90cdc220b2/datanode-0/data/ratis/978f1694-b5d6-49c2-89ab-d075ae75eec0 has been successfully formatted.
2021-12-24 01:41:14,483 [EventQueue-PipelineReportForPipelineReportHandler] INFO  pipeline.PipelineManagerImpl (PipelineManagerImpl.java:openPipeline(291)) - Pipeline Pipeline[ Id: 19776e57-795c-44ed-8bf7-26dae9b0c578, Nodes: f4b17f89-e1d3-40ea-af65-31a9a9e14b5d{ip: 10.1.0.29, host: fv-az116-279.vzw04321ajxubdbcnpick5nqva.xx.internal.cloudapp.net, ports: [REPLICATION=33953, RATIS=36903, RATIS_ADMIN=36903, RATIS_SERVER=36903, STANDALONE=40495], networkLocation: /default-rack, certSerialId: null, persistedOpState: IN_SERVICE, persistedOpStateExpiryEpochSec: 0}, ReplicationConfig: RATIS/ONE, State:ALLOCATED, leaderId:f4b17f89-e1d3-40ea-af65-31a9a9e14b5d, CreationTimestamp2021-12-24T01:41:11.492Z[Etc/UTC]] moved to OPEN state
2021-12-24 01:41:14,491 [EventQueue-OpenPipelineForHealthyPipelineSafeModeRule] INFO  safemode.SCMSafeModeManager (HealthyPipelineSafeModeRule.java:process(124)) - SCM in safe mode. Healthy pipelines reported count is 0, required healthy pipeline reported count is 1
2021-12-24 01:41:14,492 [EventQueue-OpenPipelineForHealthyPipelineSafeModeRule] INFO  safemode.SCMSafeModeManager (HealthyPipelineSafeModeRule.java:process(124)) - SCM in safe mode. Healthy pipelines reported count is 0, required healthy pipeline reported count is 1
2021-12-24 01:41:14,492 [pool-485-thread-1] INFO  ratis.ContainerStateMachine (ContainerStateMachine.java:loadSnapshot(231)) - group-D075AE75EEC0: The snapshot info is null. Setting the last applied indexto:(t:0, i:~)
2021-12-24 01:41:14,499 [pool-485-thread-1] INFO  server.RaftServerConfigKeys (ConfUtils.java:logGet(44)) - raft.server.notification.no-leader.timeout = 300s (custom)
2021-12-24 01:41:14,499 [pool-485-thread-1] INFO  server.RaftServerConfigKeys (ConfUtils.java:logGet(44)) - raft.server.log.use.memory = false (default)
2021-12-24 01:41:14,499 [pool-485-thread-1] INFO  server.RaftServerConfigKeys (ConfUtils.java:logGet(44)) - raft.server.log.purge.gap = 1000000 (custom)
2021-12-24 01:41:14,499 [pool-485-thread-1] INFO  server.RaftServerConfigKeys (ConfUtils.java:logGet(44)) - raft.server.log.appender.buffer.byte-limit = 33554432 (custom)
2021-12-24 01:41:14,499 [pool-485-thread-1] INFO  server.RaftServerConfigKeys (ConfUtils.java:logGet(44)) - raft.server.log.segment.size.max = 1048576 (custom)
2021-12-24 01:41:14,499 [pool-485-thread-1] INFO  server.RaftServerConfigKeys (ConfUtils.java:logGet(44)) - raft.server.log.segment.cache.num.max = 2 (custom)
2021-12-24 01:41:14,499 [pool-485-thread-1] INFO  server.RaftServerConfigKeys (ConfUtils.java:logGet(44)) - raft.server.log.segment.cache.size.max = 200MB (=209715200) (default)
2021-12-24 01:41:14,499 [pool-485-thread-1] INFO  segmented.SegmentedRaftLogWorker (SegmentedRaftLogWorker.java:<init>(182)) - new 2929649d-66d9-4679-b58a-41df8f12a6f1@group-D075AE75EEC0-SegmentedRaftLogWorker for RaftStorageImpl:Storage Directory /home/runner/work/ozone/ozone/hadoop-ozone/integration-test/target/test-dir/MiniOzoneClusterImpl-4d80237b-fa8d-46d0-bc6e-ad90cdc220b2/datanode-0/data/ratis/978f1694-b5d6-49c2-89ab-d075ae75eec0
2021-12-24 01:41:14,500 [pool-485-thread-1] INFO  server.RaftServerConfigKeys (ConfUtils.java:logGet(44)) - raft.server.log.queue.byte-limit = 2147483647 (custom)
2021-12-24 01:41:14,500 [pool-485-thread-1] INFO  server.RaftServerConfigKeys (ConfUtils.java:logGet(44)) - raft.server.log.queue.element-limit = 1024 (custom)
2021-12-24 01:41:14,500 [pool-485-thread-1] INFO  server.RaftServerConfigKeys (ConfUtils.java:logGet(44)) - raft.server.log.segment.size.max = 1048576 (custom)
2021-12-24 01:41:14,500 [pool-485-thread-1] INFO  server.RaftServerConfigKeys (ConfUtils.java:logGet(44)) - raft.server.log.preallocated.size = 16384 (custom)
2021-12-24 01:41:14,500 [pool-485-thread-1] INFO  server.RaftServerConfigKeys (ConfUtils.java:logGet(44)) - raft.server.log.force.sync.num = 128 (default)
2021-12-24 01:41:14,500 [pool-485-thread-1] INFO  server.RaftServerConfigKeys (ConfUtils.java:logGet(44)) - raft.server.log.statemachine.data.sync = true (default)
2021-12-24 01:41:14,500 [pool-485-thread-1] INFO  server.RaftServerConfigKeys (ConfUtils.java:logGet(44)) - raft.server.log.statemachine.data.sync.timeout = 10s (default)
2021-12-24 01:41:14,500 [pool-485-thread-1] INFO  server.RaftServerConfigKeys (ConfUtils.java:logGet(44)) - raft.server.log.statemachine.data.sync.timeout.retry = -1 (default)
2021-12-24 01:41:14,501 [pool-485-thread-1] INFO  server.RaftServerConfigKeys (ConfUtils.java:logGet(44)) - raft.server.log.write.buffer.size = 1048576 (custom)
2021-12-24 01:41:14,501 [pool-485-thread-1] INFO  server.RaftServerConfigKeys (ConfUtils.java:logGet(44)) - raft.server.log.statemachine.data.caching.enabled = true (custom)
2021-12-24 01:41:14,501 [pool-485-thread-1] INFO  segmented.SegmentedRaftLogWorker (SegmentedRaftLogWorker.java:lambda$new$0(133)) - 2929649d-66d9-4679-b58a-41df8f12a6f1@group-D075AE75EEC0-SegmentedRaftLogWorker: flushIndex: setUnconditionally 0 -> -1
2021-12-24 01:41:14,503 [pool-485-thread-1] INFO  segmented.SegmentedRaftLogWorker (SegmentedRaftLogWorker.java:lambda$new$0(133)) - 2929649d-66d9-4679-b58a-41df8f12a6f1@group-D075AE75EEC0-SegmentedRaftLogWorker: safeCacheEvictIndex: setUnconditionally 0 -> -1
2021-12-24 01:41:14,510 [pool-485-thread-1] INFO  server.RaftServerConfigKeys (ConfUtils.java:logGet(44)) - raft.server.snapshot.auto.trigger.enabled = true (custom)
2021-12-24 01:41:14,510 [pool-485-thread-1] INFO  server.RaftServerConfigKeys (ConfUtils.java:logGet(44)) - raft.server.snapshot.auto.trigger.threshold = 10000 (custom)
2021-12-24 01:41:14,510 [pool-485-thread-1] INFO  server.RaftServerConfigKeys (ConfUtils.java:logGet(44)) - raft.server.snapshot.retention.file.num = 5 (custom)
2021-12-24 01:41:14,510 [pool-485-thread-1] INFO  server.RaftServerConfigKeys (ConfUtils.java:logGet(44)) - raft.server.log.purge.upto.snapshot.index = false (default)
2021-12-24 01:41:14,510 [pool-485-thread-1] INFO  server.RaftServerConfigKeys (ConfUtils.java:logGet(44)) - raft.server.retrycache.expirytime = 600000ms (custom)
2021-12-24 01:41:14,510 [pool-485-thread-1] INFO  server.RaftServerConfigKeys (ConfUtils.java:logGet(44)) - raft.server.retrycache.statistics.expirytime = 100μs (default)
2021-12-24 01:41:14,512 [pool-485-thread-1] INFO  server.RaftServer$Division (RaftServerImpl.java:start(301)) - 2929649d-66d9-4679-b58a-41df8f12a6f1@group-D075AE75EEC0: start as a follower, conf=-1: [2929649d-66d9-4679-b58a-41df8f12a6f1|rpc:10.1.0.29:34275|priority:1, f4b17f89-e1d3-40ea-af65-31a9a9e14b5d|rpc:10.1.0.29:36903|priority:0, 300b4b33-4b10-4d3b-8d7e-eb04807d1878|rpc:10.1.0.29:42715|priority:0], old=null
2021-12-24 01:41:14,512 [pool-485-thread-1] INFO  server.RaftServer$Division (RaftServerImpl.java:setRole(290)) - 2929649d-66d9-4679-b58a-41df8f12a6f1@group-D075AE75EEC0: changes role from      null to FOLLOWER at term 0 for startAsFollower
2021-12-24 01:41:14,512 [pool-485-thread-1] INFO  impl.RoleInfo (RoleInfo.java:updateAndGet(130)) - 2929649d-66d9-4679-b58a-41df8f12a6f1: start 2929649d-66d9-4679-b58a-41df8f12a6f1@group-D075AE75EEC0-FollowerState
2021-12-24 01:41:14,514 [pool-485-thread-1] INFO  util.JmxRegister (JmxRegister.java:tryRegister(44)) - Successfully registered JMX Bean with object name Ratis:service=RaftServer,group=group-D075AE75EEC0,id=2929649d-66d9-4679-b58a-41df8f12a6f1
2021-12-24 01:41:14,526 [pool-506-thread-1] INFO  server.RaftServerConfigKeys (ConfUtils.java:logGet(44)) - raft.server.log.statemachine.data.caching.enabled = true (custom)
2021-12-24 01:41:14,526 [pool-506-thread-1] INFO  segmented.SegmentedRaftLogWorker (SegmentedRaftLogWorker.java:lambda$new$0(133)) - f4b17f89-e1d3-40ea-af65-31a9a9e14b5d@group-26DAE9B0C578-SegmentedRaftLogWorker: flushIndex: setUnconditionally 0 -> -1
2021-12-24 01:41:14,527 [pool-506-thread-1] INFO  segmented.SegmentedRaftLogWorker (SegmentedRaftLogWorker.java:lambda$new$0(133)) - f4b17f89-e1d3-40ea-af65-31a9a9e14b5d@group-26DAE9B0C578-SegmentedRaftLogWorker: safeCacheEvictIndex: setUnconditionally 0 -> -1
2021-12-24 01:41:14,532 [Command processor thread] INFO  ratis.XceiverServerRatis (XceiverServerRatis.java:addGroup(768)) - Created group PipelineID=978f1694-b5d6-49c2-89ab-d075ae75eec0
2021-12-24 01:41:14,551 [grpc-default-executor-0] INFO  server.RaftServer (RaftServerProxy.java:addNew(95)) - 300b4b33-4b10-4d3b-8d7e-eb04807d1878: addNew group-D075AE75EEC0:[2929649d-66d9-4679-b58a-41df8f12a6f1|rpc:10.1.0.29:34275|dataStream:|priority:1, f4b17f89-e1d3-40ea-af65-31a9a9e14b5d|rpc:10.1.0.29:36903|dataStream:|priority:0, 300b4b33-4b10-4d3b-8d7e-eb04807d1878|rpc:10.1.0.29:42715|dataStream:|priority:0] returns group-D075AE75EEC0:java.util.concurrent.CompletableFuture@1328a9dc[Not completed]
2021-12-24 01:41:14,552 [pool-527-thread-1] INFO  server.RaftServer$Division (RaftServerImpl.java:<init>(184)) - 300b4b33-4b10-4d3b-8d7e-eb04807d1878: new RaftServerImpl for group-D075AE75EEC0:[2929649d-66d9-4679-b58a-41df8f12a6f1|rpc:10.1.0.29:34275|dataStream:|priority:1, f4b17f89-e1d3-40ea-af65-31a9a9e14b5d|rpc:10.1.0.29:36903|dataStream:|priority:0, 300b4b33-4b10-4d3b-8d7e-eb04807d1878|rpc:10.1.0.29:42715|dataStream:|priority:0] with ContainerStateMachine:uninitialized
2021-12-24 01:41:14,552 [pool-527-thread-1] INFO  server.RaftServerConfigKeys (ConfUtils.java:logGet(44)) - raft.server.rpc.timeout.min = 5s (custom)
2021-12-24 01:41:14,552 [pool-527-thread-1] INFO  server.RaftServerConfigKeys (ConfUtils.java:logGet(44)) - raft.server.rpc.timeout.max = 5200ms (custom)
2021-12-24 01:41:14,552 [pool-527-thread-1] INFO  server.RaftServerConfigKeys (ConfUtils.java:logGet(44)) - raft.server.rpc.sleep.time = 25ms (default)
2021-12-24 01:41:14,552 [pool-527-thread-1] INFO  server.RaftServerConfigKeys (ConfUtils.java:logGet(44)) - raft.server.rpc.slowness.timeout = 300s (custom)
2021-12-24 01:41:14,552 [pool-527-thread-1] INFO  server.RaftServerConfigKeys (ConfUtils.java:logGet(44)) - raft.server.leaderelection.leader.step-down.wait-time = 10s (default)
2021-12-24 01:41:14,552 [pool-527-thread-1] INFO  server.RaftServerConfigKeys (ConfUtils.java:logGet(44)) - raft.server.sleep.deviation.threshold = 300ms (default)
2021-12-24 01:41:14,552 [pool-527-thread-1] INFO  server.RaftServerConfigKeys (ConfUtils.java:logGet(44)) - raft.server.log.appender.install.snapshot.enabled = false (custom)
2021-12-24 01:41:14,552 [pool-527-thread-1] INFO  server.RaftServer$Division (ServerState.java:<init>(105)) - 300b4b33-4b10-4d3b-8d7e-eb04807d1878@group-D075AE75EEC0: ConfigurationManager, init=-1: [2929649d-66d9-4679-b58a-41df8f12a6f1|rpc:10.1.0.29:34275|dataStream:|priority:1, f4b17f89-e1d3-40ea-af65-31a9a9e14b5d|rpc:10.1.0.29:36903|dataStream:|priority:0, 300b4b33-4b10-4d3b-8d7e-eb04807d1878|rpc:10.1.0.29:42715|dataStream:|priority:0], old=null, confs=<EMPTY_MAP>
2021-12-24 01:41:14,553 [pool-527-thread-1] INFO  server.RaftServerConfigKeys (ConfUtils.java:logGet(44)) - raft.server.storage.dir = [/home/runner/work/ozone/ozone/hadoop-ozone/integration-test/target/test-dir/MiniOzoneClusterImpl-4d80237b-fa8d-46d0-bc6e-ad90cdc220b2/datanode-2/data/ratis] (custom)
2021-12-24 01:41:14,553 [pool-527-thread-1] INFO  server.RaftServerConfigKeys (ConfUtils.java:logGet(44)) - raft.server.log.corruption.policy = EXCEPTION (default)
2021-12-24 01:41:14,553 [pool-527-thread-1] INFO  server.RaftServerConfigKeys (ConfUtils.java:logGet(44)) - raft.server.storage.free-space.min = 0MB (=0) (default)
2021-12-24 01:41:14,553 [pool-527-thread-1] INFO  storage.RaftStorageDirectory (RaftStorageDirectoryImpl.java:analyzeStorage(135)) - The storage directory /home/runner/work/ozone/ozone/hadoop-ozone/integration-test/target/test-dir/MiniOzoneClusterImpl-4d80237b-fa8d-46d0-bc6e-ad90cdc220b2/datanode-2/data/ratis/978f1694-b5d6-49c2-89ab-d075ae75eec0 does not exist. Creating ...
2021-12-24 01:41:14,560 [pool-527-thread-1] INFO  storage.RaftStorageDirectory (RaftStorageDirectoryImpl.java:tryLock(230)) - Lock on /home/runner/work/ozone/ozone/hadoop-ozone/integration-test/target/test-dir/MiniOzoneClusterImpl-4d80237b-fa8d-46d0-bc6e-ad90cdc220b2/datanode-2/data/ratis/978f1694-b5d6-49c2-89ab-d075ae75eec0/in_use.lock acquired by nodename 17223@fv-az116-279
2021-12-24 01:41:14,571 [pool-527-thread-1] INFO  storage.RaftStorage (RaftStorageImpl.java:format(89)) - Storage directory /home/runner/work/ozone/ozone/hadoop-ozone/integration-test/target/test-dir/MiniOzoneClusterImpl-4d80237b-fa8d-46d0-bc6e-ad90cdc220b2/datanode-2/data/ratis/978f1694-b5d6-49c2-89ab-d075ae75eec0 has been successfully formatted.
2021-12-24 01:41:14,573 [pool-527-thread-1] INFO  ratis.ContainerStateMachine (ContainerStateMachine.java:loadSnapshot(231)) - group-D075AE75EEC0: The snapshot info is null. Setting the last applied indexto:(t:0, i:~)
2021-12-24 01:41:14,575 [pool-527-thread-1] INFO  server.RaftServerConfigKeys (ConfUtils.java:logGet(44)) - raft.server.notification.no-leader.timeout = 300s (custom)
2021-12-24 01:41:14,575 [pool-527-thread-1] INFO  server.RaftServerConfigKeys (ConfUtils.java:logGet(44)) - raft.server.log.use.memory = false (default)
2021-12-24 01:41:14,575 [pool-527-thread-1] INFO  server.RaftServerConfigKeys (ConfUtils.java:logGet(44)) - raft.server.log.purge.gap = 1000000 (custom)
2021-12-24 01:41:14,575 [pool-527-thread-1] INFO  server.RaftServerConfigKeys (ConfUtils.java:logGet(44)) - raft.server.log.appender.buffer.byte-limit = 33554432 (custom)
2021-12-24 01:41:14,575 [pool-527-thread-1] INFO  server.RaftServerConfigKeys (ConfUtils.java:logGet(44)) - raft.server.log.segment.size.max = 1048576 (custom)
2021-12-24 01:41:14,576 [pool-527-thread-1] INFO  server.RaftServerConfigKeys (ConfUtils.java:logGet(44)) - raft.server.log.segment.cache.num.max = 2 (custom)
2021-12-24 01:41:14,576 [pool-527-thread-1] INFO  server.RaftServerConfigKeys (ConfUtils.java:logGet(44)) - raft.server.log.segment.cache.size.max = 200MB (=209715200) (default)
2021-12-24 01:41:14,576 [pool-527-thread-1] INFO  segmented.SegmentedRaftLogWorker (SegmentedRaftLogWorker.java:<init>(182)) - new 300b4b33-4b10-4d3b-8d7e-eb04807d1878@group-D075AE75EEC0-SegmentedRaftLogWorker for RaftStorageImpl:Storage Directory /home/runner/work/ozone/ozone/hadoop-ozone/integration-test/target/test-dir/MiniOzoneClusterImpl-4d80237b-fa8d-46d0-bc6e-ad90cdc220b2/datanode-2/data/ratis/978f1694-b5d6-49c2-89ab-d075ae75eec0
2021-12-24 01:41:14,576 [pool-527-thread-1] INFO  server.RaftServerConfigKeys (ConfUtils.java:logGet(44)) - raft.server.log.queue.byte-limit = 2147483647 (custom)
2021-12-24 01:41:14,576 [pool-527-thread-1] INFO  server.RaftServerConfigKeys (ConfUtils.java:logGet(44)) - raft.server.log.queue.element-limit = 1024 (custom)
2021-12-24 01:41:14,576 [pool-527-thread-1] INFO  server.RaftServerConfigKeys (ConfUtils.java:logGet(44)) - raft.server.log.segment.size.max = 1048576 (custom)
2021-12-24 01:41:14,576 [pool-527-thread-1] INFO  server.RaftServerConfigKeys (ConfUtils.java:logGet(44)) - raft.server.log.preallocated.size = 16384 (custom)
2021-12-24 01:41:14,576 [pool-527-thread-1] INFO  server.RaftServerConfigKeys (ConfUtils.java:logGet(44)) - raft.server.log.force.sync.num = 128 (default)
2021-12-24 01:41:14,576 [pool-527-thread-1] INFO  server.RaftServerConfigKeys (ConfUtils.java:logGet(44)) - raft.server.log.statemachine.data.sync = true (default)
2021-12-24 01:41:14,576 [pool-527-thread-1] INFO  server.RaftServerConfigKeys (ConfUtils.java:logGet(44)) - raft.server.log.statemachine.data.sync.timeout = 10s (default)
2021-12-24 01:41:14,576 [pool-527-thread-1] INFO  server.RaftServerConfigKeys (ConfUtils.java:logGet(44)) - raft.server.log.statemachine.data.sync.timeout.retry = -1 (default)
2021-12-24 01:41:14,577 [pool-527-thread-1] INFO  server.RaftServerConfigKeys (ConfUtils.java:logGet(44)) - raft.server.log.write.buffer.size = 1048576 (custom)
2021-12-24 01:41:14,582 [pool-506-thread-1] INFO  server.RaftServerConfigKeys (ConfUtils.java:logGet(44)) - raft.server.snapshot.auto.trigger.enabled = true (custom)
2021-12-24 01:41:14,582 [pool-506-thread-1] INFO  server.RaftServerConfigKeys (ConfUtils.java:logGet(44)) - raft.server.snapshot.auto.trigger.threshold = 10000 (custom)
2021-12-24 01:41:14,582 [pool-506-thread-1] INFO  server.RaftServerConfigKeys (ConfUtils.java:logGet(44)) - raft.server.snapshot.retention.file.num = 5 (custom)
2021-12-24 01:41:14,582 [pool-506-thread-1] INFO  server.RaftServerConfigKeys (ConfUtils.java:logGet(44)) - raft.server.log.purge.upto.snapshot.index = false (default)
2021-12-24 01:41:14,582 [pool-506-thread-1] INFO  server.RaftServerConfigKeys (ConfUtils.java:logGet(44)) - raft.server.retrycache.expirytime = 600000ms (custom)
2021-12-24 01:41:14,582 [pool-506-thread-1] INFO  server.RaftServerConfigKeys (ConfUtils.java:logGet(44)) - raft.server.retrycache.statistics.expirytime = 100μs (default)
2021-12-24 01:41:14,583 [pool-506-thread-1] INFO  server.RaftServer$Division (RaftServerImpl.java:start(301)) - f4b17f89-e1d3-40ea-af65-31a9a9e14b5d@group-26DAE9B0C578: start as a follower, conf=-1: [f4b17f89-e1d3-40ea-af65-31a9a9e14b5d|rpc:10.1.0.29:36903|priority:1], old=null
2021-12-24 01:41:14,584 [pool-506-thread-1] INFO  server.RaftServer$Division (RaftServerImpl.java:setRole(290)) - f4b17f89-e1d3-40ea-af65-31a9a9e14b5d@group-26DAE9B0C578: changes role from      null to FOLLOWER at term 0 for startAsFollower
2021-12-24 01:41:14,584 [pool-506-thread-1] INFO  impl.RoleInfo (RoleInfo.java:updateAndGet(130)) - f4b17f89-e1d3-40ea-af65-31a9a9e14b5d: start f4b17f89-e1d3-40ea-af65-31a9a9e14b5d@group-26DAE9B0C578-FollowerState
2021-12-24 01:41:14,590 [pool-527-thread-1] INFO  server.RaftServerConfigKeys (ConfUtils.java:logGet(44)) - raft.server.log.statemachine.data.caching.enabled = true (custom)
2021-12-24 01:41:14,590 [pool-527-thread-1] INFO  segmented.SegmentedRaftLogWorker (SegmentedRaftLogWorker.java:lambda$new$0(133)) - 300b4b33-4b10-4d3b-8d7e-eb04807d1878@group-D075AE75EEC0-SegmentedRaftLogWorker: flushIndex: setUnconditionally 0 -> -1
2021-12-24 01:41:14,590 [pool-527-thread-1] INFO  segmented.SegmentedRaftLogWorker (SegmentedRaftLogWorker.java:lambda$new$0(133)) - 300b4b33-4b10-4d3b-8d7e-eb04807d1878@group-D075AE75EEC0-SegmentedRaftLogWorker: safeCacheEvictIndex: setUnconditionally 0 -> -1
2021-12-24 01:41:14,590 [pool-506-thread-1] INFO  util.JmxRegister (JmxRegister.java:tryRegister(44)) - Successfully registered JMX Bean with object name Ratis:service=RaftServer,group=group-26DAE9B0C578,id=f4b17f89-e1d3-40ea-af65-31a9a9e14b5d
2021-12-24 01:41:14,606 [pool-527-thread-1] INFO  server.RaftServerConfigKeys (ConfUtils.java:logGet(44)) - raft.server.snapshot.auto.trigger.enabled = true (custom)
2021-12-24 01:41:14,606 [pool-527-thread-1] INFO  server.RaftServerConfigKeys (ConfUtils.java:logGet(44)) - raft.server.snapshot.auto.trigger.threshold = 10000 (custom)
2021-12-24 01:41:14,606 [pool-527-thread-1] INFO  server.RaftServerConfigKeys (ConfUtils.java:logGet(44)) - raft.server.snapshot.retention.file.num = 5 (custom)
2021-12-24 01:41:14,606 [pool-527-thread-1] INFO  server.RaftServerConfigKeys (ConfUtils.java:logGet(44)) - raft.server.log.purge.upto.snapshot.index = false (default)
2021-12-24 01:41:14,606 [pool-527-thread-1] INFO  server.RaftServerConfigKeys (ConfUtils.java:logGet(44)) - raft.server.retrycache.expirytime = 600000ms (custom)
2021-12-24 01:41:14,606 [pool-527-thread-1] INFO  server.RaftServerConfigKeys (ConfUtils.java:logGet(44)) - raft.server.retrycache.statistics.expirytime = 100μs (default)
2021-12-24 01:41:14,607 [pool-527-thread-1] INFO  server.RaftServer$Division (RaftServerImpl.java:start(301)) - 300b4b33-4b10-4d3b-8d7e-eb04807d1878@group-D075AE75EEC0: start as a follower, conf=-1: [2929649d-66d9-4679-b58a-41df8f12a6f1|rpc:10.1.0.29:34275|dataStream:|priority:1, f4b17f89-e1d3-40ea-af65-31a9a9e14b5d|rpc:10.1.0.29:36903|dataStream:|priority:0, 300b4b33-4b10-4d3b-8d7e-eb04807d1878|rpc:10.1.0.29:42715|dataStream:|priority:0], old=null
2021-12-24 01:41:14,608 [pool-527-thread-1] INFO  server.RaftServer$Division (RaftServerImpl.java:setRole(290)) - 300b4b33-4b10-4d3b-8d7e-eb04807d1878@group-D075AE75EEC0: changes role from      null to FOLLOWER at term 0 for startAsFollower
2021-12-24 01:41:14,608 [pool-527-thread-1] INFO  impl.RoleInfo (RoleInfo.java:updateAndGet(130)) - 300b4b33-4b10-4d3b-8d7e-eb04807d1878: start 300b4b33-4b10-4d3b-8d7e-eb04807d1878@group-D075AE75EEC0-FollowerState
2021-12-24 01:41:14,608 [pool-527-thread-1] INFO  util.JmxRegister (JmxRegister.java:tryRegister(44)) - Successfully registered JMX Bean with object name Ratis:service=RaftServer,group=group-D075AE75EEC0,id=300b4b33-4b10-4d3b-8d7e-eb04807d1878
2021-12-24 01:41:14,614 [Command processor thread] INFO  ratis.XceiverServerRatis (XceiverServerRatis.java:addGroup(768)) - Created group PipelineID=19776e57-795c-44ed-8bf7-26dae9b0c578
2021-12-24 01:41:14,614 [Command processor thread] INFO  commandhandler.CreatePipelineCommandHandler (CreatePipelineCommandHandler.java:handle(106)) - Created Pipeline RATIS ONE PipelineID=19776e57-795c-44ed-8bf7-26dae9b0c578.
2021-12-24 01:41:14,615 [Command processor thread] INFO  server.RaftServer (RaftServerProxy.java:addNew(95)) - f4b17f89-e1d3-40ea-af65-31a9a9e14b5d: addNew group-D075AE75EEC0:[2929649d-66d9-4679-b58a-41df8f12a6f1|rpc:10.1.0.29:34275|priority:1, f4b17f89-e1d3-40ea-af65-31a9a9e14b5d|rpc:10.1.0.29:36903|priority:0, 300b4b33-4b10-4d3b-8d7e-eb04807d1878|rpc:10.1.0.29:42715|priority:0] returns group-D075AE75EEC0:java.util.concurrent.CompletableFuture@363cf10a[Not completed]
2021-12-24 01:41:14,615 [pool-506-thread-1] INFO  server.RaftServer$Division (RaftServerImpl.java:<init>(184)) - f4b17f89-e1d3-40ea-af65-31a9a9e14b5d: new RaftServerImpl for group-D075AE75EEC0:[2929649d-66d9-4679-b58a-41df8f12a6f1|rpc:10.1.0.29:34275|priority:1, f4b17f89-e1d3-40ea-af65-31a9a9e14b5d|rpc:10.1.0.29:36903|priority:0, 300b4b33-4b10-4d3b-8d7e-eb04807d1878|rpc:10.1.0.29:42715|priority:0] with ContainerStateMachine:uninitialized
2021-12-24 01:41:14,615 [pool-506-thread-1] INFO  server.RaftServerConfigKeys (ConfUtils.java:logGet(44)) - raft.server.rpc.timeout.min = 5s (custom)
2021-12-24 01:41:14,616 [pool-506-thread-1] INFO  server.RaftServerConfigKeys (ConfUtils.java:logGet(44)) - raft.server.rpc.timeout.max = 5200ms (custom)
2021-12-24 01:41:14,616 [pool-506-thread-1] INFO  server.RaftServerConfigKeys (ConfUtils.java:logGet(44)) - raft.server.rpc.sleep.time = 25ms (default)
2021-12-24 01:41:14,616 [pool-506-thread-1] INFO  server.RaftServerConfigKeys (ConfUtils.java:logGet(44)) - raft.server.rpc.slowness.timeout = 300s (custom)
2021-12-24 01:41:14,616 [pool-506-thread-1] INFO  server.RaftServerConfigKeys (ConfUtils.java:logGet(44)) - raft.server.leaderelection.leader.step-down.wait-time = 10s (default)
2021-12-24 01:41:14,616 [pool-506-thread-1] INFO  server.RaftServerConfigKeys (ConfUtils.java:logGet(44)) - raft.server.sleep.deviation.threshold = 300ms (default)
2021-12-24 01:41:14,616 [pool-506-thread-1] INFO  server.RaftServerConfigKeys (ConfUtils.java:logGet(44)) - raft.server.log.appender.install.snapshot.enabled = false (custom)
2021-12-24 01:41:14,616 [pool-506-thread-1] INFO  server.RaftServer$Division (ServerState.java:<init>(105)) - f4b17f89-e1d3-40ea-af65-31a9a9e14b5d@group-D075AE75EEC0: ConfigurationManager, init=-1: [2929649d-66d9-4679-b58a-41df8f12a6f1|rpc:10.1.0.29:34275|priority:1, f4b17f89-e1d3-40ea-af65-31a9a9e14b5d|rpc:10.1.0.29:36903|priority:0, 300b4b33-4b10-4d3b-8d7e-eb04807d1878|rpc:10.1.0.29:42715|priority:0], old=null, confs=<EMPTY_MAP>
2021-12-24 01:41:14,616 [pool-506-thread-1] INFO  server.RaftServerConfigKeys (ConfUtils.java:logGet(44)) - raft.server.storage.dir = [/home/runner/work/ozone/ozone/hadoop-ozone/integration-test/target/test-dir/MiniOzoneClusterImpl-4d80237b-fa8d-46d0-bc6e-ad90cdc220b2/datanode-1/data/ratis] (custom)
2021-12-24 01:41:14,616 [pool-506-thread-1] INFO  server.RaftServerConfigKeys (ConfUtils.java:logGet(44)) - raft.server.log.corruption.policy = EXCEPTION (default)
2021-12-24 01:41:14,616 [pool-506-thread-1] INFO  server.RaftServerConfigKeys (ConfUtils.java:logGet(44)) - raft.server.storage.free-space.min = 0MB (=0) (default)
2021-12-24 01:41:14,616 [pool-506-thread-1] INFO  storage.RaftStorageDirectory (RaftStorageDirectoryImpl.java:analyzeStorage(135)) - The storage directory /home/runner/work/ozone/ozone/hadoop-ozone/integration-test/target/test-dir/MiniOzoneClusterImpl-4d80237b-fa8d-46d0-bc6e-ad90cdc220b2/datanode-1/data/ratis/978f1694-b5d6-49c2-89ab-d075ae75eec0 does not exist. Creating ...
2021-12-24 01:41:14,621 [pool-506-thread-1] INFO  storage.RaftStorageDirectory (RaftStorageDirectoryImpl.java:tryLock(230)) - Lock on /home/runner/work/ozone/ozone/hadoop-ozone/integration-test/target/test-dir/MiniOzoneClusterImpl-4d80237b-fa8d-46d0-bc6e-ad90cdc220b2/datanode-1/data/ratis/978f1694-b5d6-49c2-89ab-d075ae75eec0/in_use.lock acquired by nodename 17223@fv-az116-279
2021-12-24 01:41:14,623 [pool-506-thread-1] INFO  storage.RaftStorage (RaftStorageImpl.java:format(89)) - Storage directory /home/runner/work/ozone/ozone/hadoop-ozone/integration-test/target/test-dir/MiniOzoneClusterImpl-4d80237b-fa8d-46d0-bc6e-ad90cdc220b2/datanode-1/data/ratis/978f1694-b5d6-49c2-89ab-d075ae75eec0 has been successfully formatted.
2021-12-24 01:41:14,623 [pool-506-thread-1] INFO  ratis.ContainerStateMachine (ContainerStateMachine.java:loadSnapshot(231)) - group-D075AE75EEC0: The snapshot info is null. Setting the last applied indexto:(t:0, i:~)
2021-12-24 01:41:14,624 [pool-506-thread-1] INFO  server.RaftServerConfigKeys (ConfUtils.java:logGet(44)) - raft.server.notification.no-leader.timeout = 300s (custom)
2021-12-24 01:41:14,626 [EventQueue-OpenPipelineForHealthyPipelineSafeModeRule] INFO  safemode.SCMSafeModeManager (HealthyPipelineSafeModeRule.java:process(124)) - SCM in safe mode. Healthy pipelines reported count is 0, required healthy pipeline reported count is 1
2021-12-24 01:41:14,633 [pool-506-thread-1] INFO  server.RaftServerConfigKeys (ConfUtils.java:logGet(44)) - raft.server.log.use.memory = false (default)
2021-12-24 01:41:14,634 [pool-506-thread-1] INFO  server.RaftServerConfigKeys (ConfUtils.java:logGet(44)) - raft.server.log.purge.gap = 1000000 (custom)
2021-12-24 01:41:14,635 [pool-506-thread-1] INFO  server.RaftServerConfigKeys (ConfUtils.java:logGet(44)) - raft.server.log.appender.buffer.byte-limit = 33554432 (custom)
2021-12-24 01:41:14,635 [pool-506-thread-1] INFO  server.RaftServerConfigKeys (ConfUtils.java:logGet(44)) - raft.server.log.segment.size.max = 1048576 (custom)
2021-12-24 01:41:14,636 [pool-506-thread-1] INFO  server.RaftServerConfigKeys (ConfUtils.java:logGet(44)) - raft.server.log.segment.cache.num.max = 2 (custom)
2021-12-24 01:41:14,636 [pool-506-thread-1] INFO  server.RaftServerConfigKeys (ConfUtils.java:logGet(44)) - raft.server.log.segment.cache.size.max = 200MB (=209715200) (default)
2021-12-24 01:41:14,636 [pool-506-thread-1] INFO  segmented.SegmentedRaftLogWorker (SegmentedRaftLogWorker.java:<init>(182)) - new f4b17f89-e1d3-40ea-af65-31a9a9e14b5d@group-D075AE75EEC0-SegmentedRaftLogWorker for RaftStorageImpl:Storage Directory /home/runner/work/ozone/ozone/hadoop-ozone/integration-test/target/test-dir/MiniOzoneClusterImpl-4d80237b-fa8d-46d0-bc6e-ad90cdc220b2/datanode-1/data/ratis/978f1694-b5d6-49c2-89ab-d075ae75eec0
2021-12-24 01:41:14,636 [pool-506-thread-1] INFO  server.RaftServerConfigKeys (ConfUtils.java:logGet(44)) - raft.server.log.queue.byte-limit = 2147483647 (custom)
2021-12-24 01:41:14,636 [pool-506-thread-1] INFO  server.RaftServerConfigKeys (ConfUtils.java:logGet(44)) - raft.server.log.queue.element-limit = 1024 (custom)
2021-12-24 01:41:14,636 [pool-506-thread-1] INFO  server.RaftServerConfigKeys (ConfUtils.java:logGet(44)) - raft.server.log.segment.size.max = 1048576 (custom)
2021-12-24 01:41:14,636 [pool-506-thread-1] INFO  server.RaftServerConfigKeys (ConfUtils.java:logGet(44)) - raft.server.log.preallocated.size = 16384 (custom)
2021-12-24 01:41:14,636 [pool-506-thread-1] INFO  server.RaftServerConfigKeys (ConfUtils.java:logGet(44)) - raft.server.log.force.sync.num = 128 (default)
2021-12-24 01:41:14,636 [pool-506-thread-1] INFO  server.RaftServerConfigKeys (ConfUtils.java:logGet(44)) - raft.server.log.statemachine.data.sync = true (default)
2021-12-24 01:41:14,636 [pool-506-thread-1] INFO  server.RaftServerConfigKeys (ConfUtils.java:logGet(44)) - raft.server.log.statemachine.data.sync.timeout = 10s (default)
2021-12-24 01:41:14,636 [pool-506-thread-1] INFO  server.RaftServerConfigKeys (ConfUtils.java:logGet(44)) - raft.server.log.statemachine.data.sync.timeout.retry = -1 (default)
2021-12-24 01:41:14,637 [pool-506-thread-1] INFO  server.RaftServerConfigKeys (ConfUtils.java:logGet(44)) - raft.server.log.write.buffer.size = 1048576 (custom)
2021-12-24 01:41:14,638 [pool-506-thread-1] INFO  server.RaftServerConfigKeys (ConfUtils.java:logGet(44)) - raft.server.log.statemachine.data.caching.enabled = true (custom)
2021-12-24 01:41:14,646 [pool-506-thread-1] INFO  segmented.SegmentedRaftLogWorker (SegmentedRaftLogWorker.java:lambda$new$0(133)) - f4b17f89-e1d3-40ea-af65-31a9a9e14b5d@group-D075AE75EEC0-SegmentedRaftLogWorker: flushIndex: setUnconditionally 0 -> -1
2021-12-24 01:41:14,646 [pool-506-thread-1] INFO  segmented.SegmentedRaftLogWorker (SegmentedRaftLogWorker.java:lambda$new$0(133)) - f4b17f89-e1d3-40ea-af65-31a9a9e14b5d@group-D075AE75EEC0-SegmentedRaftLogWorker: safeCacheEvictIndex: setUnconditionally 0 -> -1
2021-12-24 01:41:14,655 [pool-506-thread-1] INFO  server.RaftServerConfigKeys (ConfUtils.java:logGet(44)) - raft.server.snapshot.auto.trigger.enabled = true (custom)
2021-12-24 01:41:14,655 [pool-506-thread-1] INFO  server.RaftServerConfigKeys (ConfUtils.java:logGet(44)) - raft.server.snapshot.auto.trigger.threshold = 10000 (custom)
2021-12-24 01:41:14,655 [pool-506-thread-1] INFO  server.RaftServerConfigKeys (ConfUtils.java:logGet(44)) - raft.server.snapshot.retention.file.num = 5 (custom)
2021-12-24 01:41:14,655 [pool-506-thread-1] INFO  server.RaftServerConfigKeys (ConfUtils.java:logGet(44)) - raft.server.log.purge.upto.snapshot.index = false (default)
2021-12-24 01:41:14,655 [pool-506-thread-1] INFO  server.RaftServerConfigKeys (ConfUtils.java:logGet(44)) - raft.server.retrycache.expirytime = 600000ms (custom)
2021-12-24 01:41:14,655 [pool-506-thread-1] INFO  server.RaftServerConfigKeys (ConfUtils.java:logGet(44)) - raft.server.retrycache.statistics.expirytime = 100μs (default)
2021-12-24 01:41:14,657 [pool-506-thread-1] INFO  server.RaftServer$Division (RaftServerImpl.java:start(301)) - f4b17f89-e1d3-40ea-af65-31a9a9e14b5d@group-D075AE75EEC0: start as a follower, conf=-1: [2929649d-66d9-4679-b58a-41df8f12a6f1|rpc:10.1.0.29:34275|priority:1, f4b17f89-e1d3-40ea-af65-31a9a9e14b5d|rpc:10.1.0.29:36903|priority:0, 300b4b33-4b10-4d3b-8d7e-eb04807d1878|rpc:10.1.0.29:42715|priority:0], old=null
2021-12-24 01:41:14,657 [pool-506-thread-1] INFO  server.RaftServer$Division (RaftServerImpl.java:setRole(290)) - f4b17f89-e1d3-40ea-af65-31a9a9e14b5d@group-D075AE75EEC0: changes role from      null to FOLLOWER at term 0 for startAsFollower
2021-12-24 01:41:14,657 [pool-506-thread-1] INFO  impl.RoleInfo (RoleInfo.java:updateAndGet(130)) - f4b17f89-e1d3-40ea-af65-31a9a9e14b5d: start f4b17f89-e1d3-40ea-af65-31a9a9e14b5d@group-D075AE75EEC0-FollowerState
2021-12-24 01:41:14,662 [pool-506-thread-1] INFO  util.JmxRegister (JmxRegister.java:tryRegister(44)) - Successfully registered JMX Bean with object name Ratis:service=RaftServer,group=group-D075AE75EEC0,id=f4b17f89-e1d3-40ea-af65-31a9a9e14b5d
2021-12-24 01:41:14,663 [Command processor thread] INFO  ratis.XceiverServerRatis (XceiverServerRatis.java:addGroup(768)) - Created group PipelineID=978f1694-b5d6-49c2-89ab-d075ae75eec0
2021-12-24 01:41:14,750 [Command processor thread] INFO  commandhandler.CreatePipelineCommandHandler (CreatePipelineCommandHandler.java:handle(106)) - Created Pipeline RATIS THREE PipelineID=978f1694-b5d6-49c2-89ab-d075ae75eec0.
2021-12-24 01:41:14,854 [Command processor thread] INFO  commandhandler.CreatePipelineCommandHandler (CreatePipelineCommandHandler.java:handle(106)) - Created Pipeline RATIS THREE PipelineID=978f1694-b5d6-49c2-89ab-d075ae75eec0.
2021-12-24 01:41:15,324 [Listener at 127.0.0.1/45267] INFO  ozone.MiniOzoneClusterImpl (MiniOzoneClusterImpl.java:lambda$waitForClusterToBeReady$0(235)) - Nodes are ready. Got 3 of 3 DN Heartbeats.
2021-12-24 01:41:15,325 [Listener at 127.0.0.1/45267] INFO  ozone.MiniOzoneClusterImpl (MiniOzoneClusterImpl.java:lambda$waitForClusterToBeReady$0(238)) - Waiting for cluster to exit safe mode
2021-12-24 01:41:15,325 [Listener at 127.0.0.1/45267] INFO  ozone.MiniOzoneClusterImpl (MiniOzoneClusterImpl.java:lambda$waitForClusterToBeReady$0(240)) - SCM became leader
2021-12-24 01:41:15,428 [Command processor thread] INFO  server.RaftServer (RaftServerProxy.java:addNew(95)) - 300b4b33-4b10-4d3b-8d7e-eb04807d1878: addNew group-CEF2A9609F69:[300b4b33-4b10-4d3b-8d7e-eb04807d1878|rpc:10.1.0.29:42715|priority:1] returns group-CEF2A9609F69:java.util.concurrent.CompletableFuture@7f056eef[Not completed]
2021-12-24 01:41:15,429 [pool-527-thread-1] INFO  server.RaftServer$Division (RaftServerImpl.java:<init>(184)) - 300b4b33-4b10-4d3b-8d7e-eb04807d1878: new RaftServerImpl for group-CEF2A9609F69:[300b4b33-4b10-4d3b-8d7e-eb04807d1878|rpc:10.1.0.29:42715|priority:1] with ContainerStateMachine:uninitialized
2021-12-24 01:41:15,429 [pool-527-thread-1] INFO  server.RaftServerConfigKeys (ConfUtils.java:logGet(44)) - raft.server.rpc.timeout.min = 5s (custom)
2021-12-24 01:41:15,429 [pool-527-thread-1] INFO  server.RaftServerConfigKeys (ConfUtils.java:logGet(44)) - raft.server.rpc.timeout.max = 5200ms (custom)
2021-12-24 01:41:15,429 [pool-527-thread-1] INFO  server.RaftServerConfigKeys (ConfUtils.java:logGet(44)) - raft.server.rpc.sleep.time = 25ms (default)
2021-12-24 01:41:15,429 [pool-527-thread-1] INFO  server.RaftServerConfigKeys (ConfUtils.java:logGet(44)) - raft.server.rpc.slowness.timeout = 300s (custom)
2021-12-24 01:41:15,429 [pool-527-thread-1] INFO  server.RaftServerConfigKeys (ConfUtils.java:logGet(44)) - raft.server.leaderelection.leader.step-down.wait-time = 10s (default)
2021-12-24 01:41:15,429 [pool-527-thread-1] INFO  server.RaftServerConfigKeys (ConfUtils.java:logGet(44)) - raft.server.sleep.deviation.threshold = 300ms (default)
2021-12-24 01:41:15,429 [pool-527-thread-1] INFO  server.RaftServerConfigKeys (ConfUtils.java:logGet(44)) - raft.server.log.appender.install.snapshot.enabled = false (custom)
2021-12-24 01:41:15,429 [pool-527-thread-1] INFO  server.RaftServer$Division (ServerState.java:<init>(105)) - 300b4b33-4b10-4d3b-8d7e-eb04807d1878@group-CEF2A9609F69: ConfigurationManager, init=-1: [300b4b33-4b10-4d3b-8d7e-eb04807d1878|rpc:10.1.0.29:42715|priority:1], old=null, confs=<EMPTY_MAP>
2021-12-24 01:41:15,429 [pool-527-thread-1] INFO  server.RaftServerConfigKeys (ConfUtils.java:logGet(44)) - raft.server.storage.dir = [/home/runner/work/ozone/ozone/hadoop-ozone/integration-test/target/test-dir/MiniOzoneClusterImpl-4d80237b-fa8d-46d0-bc6e-ad90cdc220b2/datanode-2/data/ratis] (custom)
2021-12-24 01:41:15,430 [pool-527-thread-1] INFO  server.RaftServerConfigKeys (ConfUtils.java:logGet(44)) - raft.server.log.corruption.policy = EXCEPTION (default)
2021-12-24 01:41:15,430 [pool-527-thread-1] INFO  server.RaftServerConfigKeys (ConfUtils.java:logGet(44)) - raft.server.storage.free-space.min = 0MB (=0) (default)
2021-12-24 01:41:15,430 [pool-527-thread-1] INFO  storage.RaftStorageDirectory (RaftStorageDirectoryImpl.java:analyzeStorage(135)) - The storage directory /home/runner/work/ozone/ozone/hadoop-ozone/integration-test/target/test-dir/MiniOzoneClusterImpl-4d80237b-fa8d-46d0-bc6e-ad90cdc220b2/datanode-2/data/ratis/14762d08-1b95-4dca-a39f-cef2a9609f69 does not exist. Creating ...
2021-12-24 01:41:15,435 [pool-527-thread-1] INFO  storage.RaftStorageDirectory (RaftStorageDirectoryImpl.java:tryLock(230)) - Lock on /home/runner/work/ozone/ozone/hadoop-ozone/integration-test/target/test-dir/MiniOzoneClusterImpl-4d80237b-fa8d-46d0-bc6e-ad90cdc220b2/datanode-2/data/ratis/14762d08-1b95-4dca-a39f-cef2a9609f69/in_use.lock acquired by nodename 17223@fv-az116-279
2021-12-24 01:41:15,438 [pool-527-thread-1] INFO  storage.RaftStorage (RaftStorageImpl.java:format(89)) - Storage directory /home/runner/work/ozone/ozone/hadoop-ozone/integration-test/target/test-dir/MiniOzoneClusterImpl-4d80237b-fa8d-46d0-bc6e-ad90cdc220b2/datanode-2/data/ratis/14762d08-1b95-4dca-a39f-cef2a9609f69 has been successfully formatted.
2021-12-24 01:41:15,438 [pool-527-thread-1] INFO  ratis.ContainerStateMachine (ContainerStateMachine.java:loadSnapshot(231)) - group-CEF2A9609F69: The snapshot info is null. Setting the last applied indexto:(t:0, i:~)
2021-12-24 01:41:15,438 [pool-527-thread-1] INFO  server.RaftServerConfigKeys (ConfUtils.java:logGet(44)) - raft.server.notification.no-leader.timeout = 300s (custom)
2021-12-24 01:41:15,438 [pool-527-thread-1] INFO  server.RaftServerConfigKeys (ConfUtils.java:logGet(44)) - raft.server.log.use.memory = false (default)
2021-12-24 01:41:15,438 [pool-527-thread-1] INFO  server.RaftServerConfigKeys (ConfUtils.java:logGet(44)) - raft.server.log.purge.gap = 1000000 (custom)
2021-12-24 01:41:15,438 [pool-527-thread-1] INFO  server.RaftServerConfigKeys (ConfUtils.java:logGet(44)) - raft.server.log.appender.buffer.byte-limit = 33554432 (custom)
2021-12-24 01:41:15,439 [pool-527-thread-1] INFO  server.RaftServerConfigKeys (ConfUtils.java:logGet(44)) - raft.server.log.segment.size.max = 1048576 (custom)
2021-12-24 01:41:15,439 [pool-527-thread-1] INFO  server.RaftServerConfigKeys (ConfUtils.java:logGet(44)) - raft.server.log.segment.cache.num.max = 2 (custom)
2021-12-24 01:41:15,439 [pool-527-thread-1] INFO  server.RaftServerConfigKeys (ConfUtils.java:logGet(44)) - raft.server.log.segment.cache.size.max = 200MB (=209715200) (default)
2021-12-24 01:41:15,439 [pool-527-thread-1] INFO  segmented.SegmentedRaftLogWorker (SegmentedRaftLogWorker.java:<init>(182)) - new 300b4b33-4b10-4d3b-8d7e-eb04807d1878@group-CEF2A9609F69-SegmentedRaftLogWorker for RaftStorageImpl:Storage Directory /home/runner/work/ozone/ozone/hadoop-ozone/integration-test/target/test-dir/MiniOzoneClusterImpl-4d80237b-fa8d-46d0-bc6e-ad90cdc220b2/datanode-2/data/ratis/14762d08-1b95-4dca-a39f-cef2a9609f69
2021-12-24 01:41:15,439 [pool-527-thread-1] INFO  server.RaftServerConfigKeys (ConfUtils.java:logGet(44)) - raft.server.log.queue.byte-limit = 2147483647 (custom)
2021-12-24 01:41:15,441 [pool-527-thread-1] INFO  server.RaftServerConfigKeys (ConfUtils.java:logGet(44)) - raft.server.log.queue.element-limit = 1024 (custom)
2021-12-24 01:41:15,441 [pool-527-thread-1] INFO  server.RaftServerConfigKeys (ConfUtils.java:logGet(44)) - raft.server.log.segment.size.max = 1048576 (custom)
2021-12-24 01:41:15,441 [pool-527-thread-1] INFO  server.RaftServerConfigKeys (ConfUtils.java:logGet(44)) - raft.server.log.preallocated.size = 16384 (custom)
2021-12-24 01:41:15,441 [pool-527-thread-1] INFO  server.RaftServerConfigKeys (ConfUtils.java:logGet(44)) - raft.server.log.force.sync.num = 128 (default)
2021-12-24 01:41:15,441 [pool-527-thread-1] INFO  server.RaftServerConfigKeys (ConfUtils.java:logGet(44)) - raft.server.log.statemachine.data.sync = true (default)
2021-12-24 01:41:15,441 [pool-527-thread-1] INFO  server.RaftServerConfigKeys (ConfUtils.java:logGet(44)) - raft.server.log.statemachine.data.sync.timeout = 10s (default)
2021-12-24 01:41:15,441 [pool-527-thread-1] INFO  server.RaftServerConfigKeys (ConfUtils.java:logGet(44)) - raft.server.log.statemachine.data.sync.timeout.retry = -1 (default)
2021-12-24 01:41:15,444 [EventQueue-PipelineReportForPipelineReportHandler] INFO  pipeline.PipelineManagerImpl (PipelineManagerImpl.java:openPipeline(291)) - Pipeline Pipeline[ Id: 14762d08-1b95-4dca-a39f-cef2a9609f69, Nodes: 300b4b33-4b10-4d3b-8d7e-eb04807d1878{ip: 10.1.0.29, host: fv-az116-279.vzw04321ajxubdbcnpick5nqva.xx.internal.cloudapp.net, ports: [REPLICATION=33735, RATIS=42715, RATIS_ADMIN=42715, RATIS_SERVER=42715, STANDALONE=45821], networkLocation: /default-rack, certSerialId: null, persistedOpState: IN_SERVICE, persistedOpStateExpiryEpochSec: 0}, ReplicationConfig: RATIS/ONE, State:ALLOCATED, leaderId:300b4b33-4b10-4d3b-8d7e-eb04807d1878, CreationTimestamp2021-12-24T01:41:12.446Z[Etc/UTC]] moved to OPEN state
2021-12-24 01:41:15,445 [EventQueue-OpenPipelineForHealthyPipelineSafeModeRule] INFO  safemode.SCMSafeModeManager (HealthyPipelineSafeModeRule.java:process(124)) - SCM in safe mode. Healthy pipelines reported count is 0, required healthy pipeline reported count is 1
2021-12-24 01:41:15,446 [pool-527-thread-1] INFO  server.RaftServerConfigKeys (ConfUtils.java:logGet(44)) - raft.server.log.write.buffer.size = 1048576 (custom)
2021-12-24 01:41:15,448 [pool-527-thread-1] INFO  server.RaftServerConfigKeys (ConfUtils.java:logGet(44)) - raft.server.log.statemachine.data.caching.enabled = true (custom)
2021-12-24 01:41:15,448 [pool-527-thread-1] INFO  segmented.SegmentedRaftLogWorker (SegmentedRaftLogWorker.java:lambda$new$0(133)) - 300b4b33-4b10-4d3b-8d7e-eb04807d1878@group-CEF2A9609F69-SegmentedRaftLogWorker: flushIndex: setUnconditionally 0 -> -1
2021-12-24 01:41:15,448 [pool-527-thread-1] INFO  segmented.SegmentedRaftLogWorker (SegmentedRaftLogWorker.java:lambda$new$0(133)) - 300b4b33-4b10-4d3b-8d7e-eb04807d1878@group-CEF2A9609F69-SegmentedRaftLogWorker: safeCacheEvictIndex: setUnconditionally 0 -> -1
2021-12-24 01:41:15,450 [pool-527-thread-1] INFO  server.RaftServerConfigKeys (ConfUtils.java:logGet(44)) - raft.server.snapshot.auto.trigger.enabled = true (custom)
2021-12-24 01:41:15,450 [pool-527-thread-1] INFO  server.RaftServerConfigKeys (ConfUtils.java:logGet(44)) - raft.server.snapshot.auto.trigger.threshold = 10000 (custom)
2021-12-24 01:41:15,450 [pool-527-thread-1] INFO  server.RaftServerConfigKeys (ConfUtils.java:logGet(44)) - raft.server.snapshot.retention.file.num = 5 (custom)
2021-12-24 01:41:15,450 [pool-527-thread-1] INFO  server.RaftServerConfigKeys (ConfUtils.java:logGet(44)) - raft.server.log.purge.upto.snapshot.index = false (default)
2021-12-24 01:41:15,450 [pool-527-thread-1] INFO  server.RaftServerConfigKeys (ConfUtils.java:logGet(44)) - raft.server.retrycache.expirytime = 600000ms (custom)
2021-12-24 01:41:15,450 [pool-527-thread-1] INFO  server.RaftServerConfigKeys (ConfUtils.java:logGet(44)) - raft.server.retrycache.statistics.expirytime = 100μs (default)
2021-12-24 01:41:15,451 [pool-527-thread-1] INFO  server.RaftServer$Division (RaftServerImpl.java:start(301)) - 300b4b33-4b10-4d3b-8d7e-eb04807d1878@group-CEF2A9609F69: start as a follower, conf=-1: [300b4b33-4b10-4d3b-8d7e-eb04807d1878|rpc:10.1.0.29:42715|priority:1], old=null
2021-12-24 01:41:15,451 [pool-527-thread-1] INFO  server.RaftServer$Division (RaftServerImpl.java:setRole(290)) - 300b4b33-4b10-4d3b-8d7e-eb04807d1878@group-CEF2A9609F69: changes role from      null to FOLLOWER at term 0 for startAsFollower
2021-12-24 01:41:15,451 [pool-527-thread-1] INFO  impl.RoleInfo (RoleInfo.java:updateAndGet(130)) - 300b4b33-4b10-4d3b-8d7e-eb04807d1878: start 300b4b33-4b10-4d3b-8d7e-eb04807d1878@group-CEF2A9609F69-FollowerState
2021-12-24 01:41:15,458 [pool-527-thread-1] INFO  util.JmxRegister (JmxRegister.java:tryRegister(44)) - Successfully registered JMX Bean with object name Ratis:service=RaftServer,group=group-CEF2A9609F69,id=300b4b33-4b10-4d3b-8d7e-eb04807d1878
2021-12-24 01:41:15,465 [Command processor thread] INFO  ratis.XceiverServerRatis (XceiverServerRatis.java:addGroup(768)) - Created group PipelineID=14762d08-1b95-4dca-a39f-cef2a9609f69
2021-12-24 01:41:15,465 [Command processor thread] INFO  commandhandler.CreatePipelineCommandHandler (CreatePipelineCommandHandler.java:handle(106)) - Created Pipeline RATIS ONE PipelineID=14762d08-1b95-4dca-a39f-cef2a9609f69.
2021-12-24 01:41:16,325 [Listener at 127.0.0.1/45267] INFO  ozone.MiniOzoneClusterImpl (MiniOzoneClusterImpl.java:lambda$waitForClusterToBeReady$0(235)) - Nodes are ready. Got 3 of 3 DN Heartbeats.
2021-12-24 01:41:16,325 [Listener at 127.0.0.1/45267] INFO  ozone.MiniOzoneClusterImpl (MiniOzoneClusterImpl.java:lambda$waitForClusterToBeReady$0(238)) - Waiting for cluster to exit safe mode
2021-12-24 01:41:16,326 [Listener at 127.0.0.1/45267] INFO  ozone.MiniOzoneClusterImpl (MiniOzoneClusterImpl.java:lambda$waitForClusterToBeReady$0(240)) - SCM became leader
2021-12-24 01:41:17,326 [Listener at 127.0.0.1/45267] INFO  ozone.MiniOzoneClusterImpl (MiniOzoneClusterImpl.java:lambda$waitForClusterToBeReady$0(235)) - Nodes are ready. Got 3 of 3 DN Heartbeats.
2021-12-24 01:41:17,326 [Listener at 127.0.0.1/45267] INFO  ozone.MiniOzoneClusterImpl (MiniOzoneClusterImpl.java:lambda$waitForClusterToBeReady$0(238)) - Waiting for cluster to exit safe mode
2021-12-24 01:41:17,326 [Listener at 127.0.0.1/45267] INFO  ozone.MiniOzoneClusterImpl (MiniOzoneClusterImpl.java:lambda$waitForClusterToBeReady$0(240)) - SCM became leader
2021-12-24 01:41:18,327 [Listener at 127.0.0.1/45267] INFO  ozone.MiniOzoneClusterImpl (MiniOzoneClusterImpl.java:lambda$waitForClusterToBeReady$0(235)) - Nodes are ready. Got 3 of 3 DN Heartbeats.
2021-12-24 01:41:18,327 [Listener at 127.0.0.1/45267] INFO  ozone.MiniOzoneClusterImpl (MiniOzoneClusterImpl.java:lambda$waitForClusterToBeReady$0(238)) - Waiting for cluster to exit safe mode
2021-12-24 01:41:18,327 [Listener at 127.0.0.1/45267] INFO  ozone.MiniOzoneClusterImpl (MiniOzoneClusterImpl.java:lambda$waitForClusterToBeReady$0(240)) - SCM became leader
2021-12-24 01:41:19,054 [2929649d-66d9-4679-b58a-41df8f12a6f1@group-73C1F623CCD6-FollowerState] INFO  impl.FollowerState (FollowerState.java:run(134)) - 2929649d-66d9-4679-b58a-41df8f12a6f1@group-73C1F623CCD6-FollowerState: change to CANDIDATE, lastRpcElapsedTime:5033488461ns, electionTimeout:5017ms
2021-12-24 01:41:19,054 [2929649d-66d9-4679-b58a-41df8f12a6f1@group-73C1F623CCD6-FollowerState] INFO  impl.RoleInfo (RoleInfo.java:shutdownFollowerState(108)) - 2929649d-66d9-4679-b58a-41df8f12a6f1: shutdown 2929649d-66d9-4679-b58a-41df8f12a6f1@group-73C1F623CCD6-FollowerState
2021-12-24 01:41:19,054 [2929649d-66d9-4679-b58a-41df8f12a6f1@group-73C1F623CCD6-FollowerState] INFO  server.RaftServer$Division (RaftServerImpl.java:setRole(290)) - 2929649d-66d9-4679-b58a-41df8f12a6f1@group-73C1F623CCD6: changes role from  FOLLOWER to CANDIDATE at term 0 for changeToCandidate
2021-12-24 01:41:19,056 [2929649d-66d9-4679-b58a-41df8f12a6f1@group-73C1F623CCD6-FollowerState] INFO  server.RaftServerConfigKeys (ConfUtils.java:logGet(44)) - raft.server.leaderelection.pre-vote = false (custom)
2021-12-24 01:41:19,056 [2929649d-66d9-4679-b58a-41df8f12a6f1@group-73C1F623CCD6-FollowerState] INFO  impl.RoleInfo (RoleInfo.java:updateAndGet(130)) - 2929649d-66d9-4679-b58a-41df8f12a6f1: start 2929649d-66d9-4679-b58a-41df8f12a6f1@group-73C1F623CCD6-LeaderElection43
2021-12-24 01:41:19,082 [2929649d-66d9-4679-b58a-41df8f12a6f1@group-73C1F623CCD6-LeaderElection43] INFO  impl.LeaderElection (LeaderElection.java:askForVotes(306)) - 2929649d-66d9-4679-b58a-41df8f12a6f1@group-73C1F623CCD6-LeaderElection43 ELECTION round 0: submit vote requests at term 1 for -1: [2929649d-66d9-4679-b58a-41df8f12a6f1|rpc:10.1.0.29:34275|priority:1], old=null
2021-12-24 01:41:19,082 [2929649d-66d9-4679-b58a-41df8f12a6f1@group-73C1F623CCD6-LeaderElection43] INFO  impl.LeaderElection (LeaderElection.java:askForVotes(308)) - 2929649d-66d9-4679-b58a-41df8f12a6f1@group-73C1F623CCD6-LeaderElection43 ELECTION round 0: result PASSED (term=1)
2021-12-24 01:41:19,083 [2929649d-66d9-4679-b58a-41df8f12a6f1@group-73C1F623CCD6-LeaderElection43] INFO  impl.RoleInfo (RoleInfo.java:shutdownLeaderElection(121)) - 2929649d-66d9-4679-b58a-41df8f12a6f1: shutdown 2929649d-66d9-4679-b58a-41df8f12a6f1@group-73C1F623CCD6-LeaderElection43
2021-12-24 01:41:19,083 [2929649d-66d9-4679-b58a-41df8f12a6f1@group-73C1F623CCD6-LeaderElection43] INFO  server.RaftServer$Division (RaftServerImpl.java:setRole(290)) - 2929649d-66d9-4679-b58a-41df8f12a6f1@group-73C1F623CCD6: changes role from CANDIDATE to LEADER at term 1 for changeToLeader
2021-12-24 01:41:19,083 [2929649d-66d9-4679-b58a-41df8f12a6f1@group-73C1F623CCD6-LeaderElection43] INFO  ratis.XceiverServerRatis (XceiverServerRatis.java:handleLeaderChangedNotification(866)) - Leader change notification received for group: group-73C1F623CCD6 with new leaderId: 2929649d-66d9-4679-b58a-41df8f12a6f1
2021-12-24 01:41:19,083 [2929649d-66d9-4679-b58a-41df8f12a6f1@group-73C1F623CCD6-LeaderElection43] INFO  server.RaftServer$Division (ServerState.java:setLeader(285)) - 2929649d-66d9-4679-b58a-41df8f12a6f1@group-73C1F623CCD6: change Leader from null to 2929649d-66d9-4679-b58a-41df8f12a6f1 at term 1 for becomeLeader, leader elected after 5132ms
2021-12-24 01:41:19,083 [2929649d-66d9-4679-b58a-41df8f12a6f1@group-73C1F623CCD6-LeaderElection43] INFO  server.RaftServerConfigKeys (ConfUtils.java:logGet(44)) - raft.server.staging.catchup.gap = 1000 (default)
2021-12-24 01:41:19,084 [2929649d-66d9-4679-b58a-41df8f12a6f1@group-73C1F623CCD6-LeaderElection43] INFO  server.RaftServerConfigKeys (ConfUtils.java:logGet(44)) - raft.server.write.element-limit = 1024 (custom)
2021-12-24 01:41:19,084 [2929649d-66d9-4679-b58a-41df8f12a6f1@group-73C1F623CCD6-LeaderElection43] INFO  server.RaftServerConfigKeys (ConfUtils.java:logGet(44)) - raft.server.write.byte-limit = 1024 M (=1073741824) (custom)
2021-12-24 01:41:19,085 [EventQueue-OpenPipelineForHealthyPipelineSafeModeRule] INFO  safemode.SCMSafeModeManager (HealthyPipelineSafeModeRule.java:process(124)) - SCM in safe mode. Healthy pipelines reported count is 0, required healthy pipeline reported count is 1
2021-12-24 01:41:19,085 [2929649d-66d9-4679-b58a-41df8f12a6f1@group-73C1F623CCD6-LeaderElection43] INFO  server.RaftServerConfigKeys (ConfUtils.java:logGet(44)) - raft.server.watch.timeout = 180s (custom)
2021-12-24 01:41:19,085 [2929649d-66d9-4679-b58a-41df8f12a6f1@group-73C1F623CCD6-LeaderElection43] INFO  server.RaftServerConfigKeys (ConfUtils.java:logGet(44)) - raft.server.watch.timeout.denomination = 1s (default)
2021-12-24 01:41:19,087 [2929649d-66d9-4679-b58a-41df8f12a6f1@group-73C1F623CCD6-LeaderElection43] INFO  server.RaftServerConfigKeys (ConfUtils.java:logGet(44)) - raft.server.watch.element-limit = 65536 (default)
2021-12-24 01:41:19,087 [2929649d-66d9-4679-b58a-41df8f12a6f1@group-73C1F623CCD6-LeaderElection43] INFO  server.RaftServerConfigKeys (ConfUtils.java:logGet(44)) - raft.server.write.element-limit = 1024 (custom)
2021-12-24 01:41:19,087 [2929649d-66d9-4679-b58a-41df8f12a6f1@group-73C1F623CCD6-LeaderElection43] INFO  server.RaftServerConfigKeys (ConfUtils.java:logGet(44)) - raft.server.write.follower.gap.ratio.max = -1.0 (default)
2021-12-24 01:41:19,087 [2929649d-66d9-4679-b58a-41df8f12a6f1@group-73C1F623CCD6-LeaderElection43] INFO  impl.RoleInfo (RoleInfo.java:updateAndGet(130)) - 2929649d-66d9-4679-b58a-41df8f12a6f1: start 2929649d-66d9-4679-b58a-41df8f12a6f1@group-73C1F623CCD6-LeaderStateImpl
2021-12-24 01:41:19,088 [2929649d-66d9-4679-b58a-41df8f12a6f1@group-73C1F623CCD6-LeaderElection43] INFO  segmented.SegmentedRaftLogWorker (SegmentedRaftLogWorker.java:startLogSegment(394)) - 2929649d-66d9-4679-b58a-41df8f12a6f1@group-73C1F623CCD6-SegmentedRaftLogWorker: Starting segment from index:0
2021-12-24 01:41:19,090 [2929649d-66d9-4679-b58a-41df8f12a6f1@group-73C1F623CCD6-SegmentedRaftLogWorker] INFO  segmented.SegmentedRaftLogWorker (SegmentedRaftLogWorker.java:execute(601)) - 2929649d-66d9-4679-b58a-41df8f12a6f1@group-73C1F623CCD6-SegmentedRaftLogWorker: created new log segment /home/runner/work/ozone/ozone/hadoop-ozone/integration-test/target/test-dir/MiniOzoneClusterImpl-4d80237b-fa8d-46d0-bc6e-ad90cdc220b2/datanode-0/data/ratis/12c19225-5205-47f1-940e-73c1f623ccd6/current/log_inprogress_0
2021-12-24 01:41:19,098 [2929649d-66d9-4679-b58a-41df8f12a6f1@group-73C1F623CCD6-LeaderElection43] INFO  server.RaftServer$Division (ServerState.java:setRaftConf(387)) - 2929649d-66d9-4679-b58a-41df8f12a6f1@group-73C1F623CCD6: set configuration 0: [2929649d-66d9-4679-b58a-41df8f12a6f1|rpc:10.1.0.29:34275|dataStream:|priority:1], old=null
2021-12-24 01:41:19,207 [2929649d-66d9-4679-b58a-41df8f12a6f1@group-5F95E21525C4-FollowerState] INFO  impl.FollowerState (FollowerState.java:run(134)) - 2929649d-66d9-4679-b58a-41df8f12a6f1@group-5F95E21525C4-FollowerState: change to CANDIDATE, lastRpcElapsedTime:5111468021ns, electionTimeout:5098ms
2021-12-24 01:41:19,207 [2929649d-66d9-4679-b58a-41df8f12a6f1@group-5F95E21525C4-FollowerState] INFO  impl.RoleInfo (RoleInfo.java:shutdownFollowerState(108)) - 2929649d-66d9-4679-b58a-41df8f12a6f1: shutdown 2929649d-66d9-4679-b58a-41df8f12a6f1@group-5F95E21525C4-FollowerState
2021-12-24 01:41:19,207 [2929649d-66d9-4679-b58a-41df8f12a6f1@group-5F95E21525C4-FollowerState] INFO  server.RaftServer$Division (RaftServerImpl.java:setRole(290)) - 2929649d-66d9-4679-b58a-41df8f12a6f1@group-5F95E21525C4: changes role from  FOLLOWER to CANDIDATE at term 0 for changeToCandidate
2021-12-24 01:41:19,207 [2929649d-66d9-4679-b58a-41df8f12a6f1@group-5F95E21525C4-FollowerState] INFO  server.RaftServerConfigKeys (ConfUtils.java:logGet(44)) - raft.server.leaderelection.pre-vote = false (custom)
2021-12-24 01:41:19,207 [2929649d-66d9-4679-b58a-41df8f12a6f1@group-5F95E21525C4-FollowerState] INFO  impl.RoleInfo (RoleInfo.java:updateAndGet(130)) - 2929649d-66d9-4679-b58a-41df8f12a6f1: start 2929649d-66d9-4679-b58a-41df8f12a6f1@group-5F95E21525C4-LeaderElection44
2021-12-24 01:41:19,249 [2929649d-66d9-4679-b58a-41df8f12a6f1@group-5F95E21525C4-LeaderElection44] INFO  impl.LeaderElection (LeaderElection.java:askForVotes(306)) - 2929649d-66d9-4679-b58a-41df8f12a6f1@group-5F95E21525C4-LeaderElection44 ELECTION round 0: submit vote requests at term 1 for -1: [2929649d-66d9-4679-b58a-41df8f12a6f1|rpc:10.1.0.29:34275|priority:0, f4b17f89-e1d3-40ea-af65-31a9a9e14b5d|rpc:10.1.0.29:36903|priority:1, 300b4b33-4b10-4d3b-8d7e-eb04807d1878|rpc:10.1.0.29:42715|priority:0], old=null
2021-12-24 01:41:19,258 [grpc-default-executor-0] INFO  server.RaftServer$Division (RaftServerImpl.java:requestVote(1046)) - f4b17f89-e1d3-40ea-af65-31a9a9e14b5d@group-5F95E21525C4: receive requestVote(ELECTION, 2929649d-66d9-4679-b58a-41df8f12a6f1, group-5F95E21525C4, 1, (t:0, i:0))
2021-12-24 01:41:19,259 [grpc-default-executor-0] INFO  impl.VoteContext (VoteContext.java:log(48)) - f4b17f89-e1d3-40ea-af65-31a9a9e14b5d@group-5F95E21525C4-FOLLOWER: reject ELECTION from 2929649d-66d9-4679-b58a-41df8f12a6f1: our priority 1 > candidate's priority 0
2021-12-24 01:41:19,259 [grpc-default-executor-0] INFO  server.RaftServer$Division (RaftServerImpl.java:setRole(290)) - f4b17f89-e1d3-40ea-af65-31a9a9e14b5d@group-5F95E21525C4: changes role from  FOLLOWER to FOLLOWER at term 1 for candidate:2929649d-66d9-4679-b58a-41df8f12a6f1
2021-12-24 01:41:19,259 [grpc-default-executor-0] INFO  impl.RoleInfo (RoleInfo.java:shutdownFollowerState(108)) - f4b17f89-e1d3-40ea-af65-31a9a9e14b5d: shutdown f4b17f89-e1d3-40ea-af65-31a9a9e14b5d@group-5F95E21525C4-FollowerState
2021-12-24 01:41:19,259 [grpc-default-executor-0] INFO  impl.RoleInfo (RoleInfo.java:updateAndGet(130)) - f4b17f89-e1d3-40ea-af65-31a9a9e14b5d: start f4b17f89-e1d3-40ea-af65-31a9a9e14b5d@group-5F95E21525C4-FollowerState
2021-12-24 01:41:19,260 [f4b17f89-e1d3-40ea-af65-31a9a9e14b5d@group-5F95E21525C4-FollowerState] INFO  impl.FollowerState (FollowerState.java:run(143)) - f4b17f89-e1d3-40ea-af65-31a9a9e14b5d@group-5F95E21525C4-FollowerState was interrupted: {}
java.lang.InterruptedException: sleep interrupted
	at java.lang.Thread.sleep(Native Method)
	at java.lang.Thread.sleep(Thread.java:340)
	at java.util.concurrent.TimeUnit.sleep(TimeUnit.java:386)
	at org.apache.ratis.util.TimeDuration.sleep(TimeDuration.java:324)
	at org.apache.ratis.util.TimeDuration.sleep(TimeDuration.java:309)
	at org.apache.ratis.server.impl.FollowerState.run(FollowerState.java:118)
2021-12-24 01:41:19,261 [grpc-default-executor-0] INFO  server.RaftServer$Division (RaftServerImpl.java:requestVote(1078)) - f4b17f89-e1d3-40ea-af65-31a9a9e14b5d@group-5F95E21525C4 replies to ELECTION vote request: 2929649d-66d9-4679-b58a-41df8f12a6f1<-f4b17f89-e1d3-40ea-af65-31a9a9e14b5d#0:FAIL-t1. Peer's state: f4b17f89-e1d3-40ea-af65-31a9a9e14b5d@group-5F95E21525C4:t1, leader=null, voted=null, raftlog=f4b17f89-e1d3-40ea-af65-31a9a9e14b5d@group-5F95E21525C4-SegmentedRaftLog:OPENED:c-1, conf=-1: [2929649d-66d9-4679-b58a-41df8f12a6f1|rpc:10.1.0.29:34275|dataStream:|priority:0, f4b17f89-e1d3-40ea-af65-31a9a9e14b5d|rpc:10.1.0.29:36903|dataStream:|priority:1, 300b4b33-4b10-4d3b-8d7e-eb04807d1878|rpc:10.1.0.29:42715|dataStream:|priority:0], old=null
2021-12-24 01:41:19,280 [2929649d-66d9-4679-b58a-41df8f12a6f1@group-5F95E21525C4-LeaderElection44] INFO  impl.LeaderElection (LeaderElection.java:logAndReturn(89)) - 2929649d-66d9-4679-b58a-41df8f12a6f1@group-5F95E21525C4-LeaderElection44: ELECTION REJECTED received 1 response(s) and 0 exception(s):
2021-12-24 01:41:19,280 [2929649d-66d9-4679-b58a-41df8f12a6f1@group-5F95E21525C4-LeaderElection44] INFO  impl.LeaderElection (LeaderElection.java:logAndReturn(93)) -   Response 0: 2929649d-66d9-4679-b58a-41df8f12a6f1<-f4b17f89-e1d3-40ea-af65-31a9a9e14b5d#0:FAIL-t1
2021-12-24 01:41:19,280 [2929649d-66d9-4679-b58a-41df8f12a6f1@group-5F95E21525C4-LeaderElection44] INFO  impl.LeaderElection (LeaderElection.java:askForVotes(308)) - 2929649d-66d9-4679-b58a-41df8f12a6f1@group-5F95E21525C4-LeaderElection44 ELECTION round 0: result REJECTED
2021-12-24 01:41:19,280 [2929649d-66d9-4679-b58a-41df8f12a6f1@group-5F95E21525C4-LeaderElection44] INFO  server.RaftServer$Division (RaftServerImpl.java:setRole(290)) - 2929649d-66d9-4679-b58a-41df8f12a6f1@group-5F95E21525C4: changes role from CANDIDATE to FOLLOWER at term 1 for REJECTED
2021-12-24 01:41:19,280 [2929649d-66d9-4679-b58a-41df8f12a6f1@group-5F95E21525C4-LeaderElection44] INFO  impl.RoleInfo (RoleInfo.java:shutdownLeaderElection(121)) - 2929649d-66d9-4679-b58a-41df8f12a6f1: shutdown 2929649d-66d9-4679-b58a-41df8f12a6f1@group-5F95E21525C4-LeaderElection44
2021-12-24 01:41:19,280 [2929649d-66d9-4679-b58a-41df8f12a6f1@group-5F95E21525C4-LeaderElection44] INFO  impl.RoleInfo (RoleInfo.java:updateAndGet(130)) - 2929649d-66d9-4679-b58a-41df8f12a6f1: start 2929649d-66d9-4679-b58a-41df8f12a6f1@group-5F95E21525C4-FollowerState
2021-12-24 01:41:19,322 [grpc-default-executor-0] INFO  server.RaftServer$Division (RaftServerImpl.java:requestVote(1046)) - 300b4b33-4b10-4d3b-8d7e-eb04807d1878@group-5F95E21525C4: receive requestVote(ELECTION, 2929649d-66d9-4679-b58a-41df8f12a6f1, group-5F95E21525C4, 1, (t:0, i:0))
2021-12-24 01:41:19,328 [grpc-default-executor-0] INFO  impl.VoteContext (VoteContext.java:log(48)) - 300b4b33-4b10-4d3b-8d7e-eb04807d1878@group-5F95E21525C4-FOLLOWER: accept ELECTION from 2929649d-66d9-4679-b58a-41df8f12a6f1: our priority 0 <= candidate's priority 0
2021-12-24 01:41:19,328 [grpc-default-executor-0] INFO  server.RaftServer$Division (RaftServerImpl.java:setRole(290)) - 300b4b33-4b10-4d3b-8d7e-eb04807d1878@group-5F95E21525C4: changes role from  FOLLOWER to FOLLOWER at term 1 for candidate:2929649d-66d9-4679-b58a-41df8f12a6f1
2021-12-24 01:41:19,328 [grpc-default-executor-0] INFO  impl.RoleInfo (RoleInfo.java:shutdownFollowerState(108)) - 300b4b33-4b10-4d3b-8d7e-eb04807d1878: shutdown 300b4b33-4b10-4d3b-8d7e-eb04807d1878@group-5F95E21525C4-FollowerState
2021-12-24 01:41:19,328 [grpc-default-executor-0] INFO  impl.RoleInfo (RoleInfo.java:updateAndGet(130)) - 300b4b33-4b10-4d3b-8d7e-eb04807d1878: start 300b4b33-4b10-4d3b-8d7e-eb04807d1878@group-5F95E21525C4-FollowerState
2021-12-24 01:41:19,328 [300b4b33-4b10-4d3b-8d7e-eb04807d1878@group-5F95E21525C4-FollowerState] INFO  impl.FollowerState (FollowerState.java:run(143)) - 300b4b33-4b10-4d3b-8d7e-eb04807d1878@group-5F95E21525C4-FollowerState was interrupted: {}
java.lang.InterruptedException: sleep interrupted
	at java.lang.Thread.sleep(Native Method)
	at java.lang.Thread.sleep(Thread.java:340)
	at java.util.concurrent.TimeUnit.sleep(TimeUnit.java:386)
	at org.apache.ratis.util.TimeDuration.sleep(TimeDuration.java:324)
	at org.apache.ratis.util.TimeDuration.sleep(TimeDuration.java:309)
	at org.apache.ratis.server.impl.FollowerState.run(FollowerState.java:118)
2021-12-24 01:41:19,329 [Listener at 127.0.0.1/45267] INFO  ozone.MiniOzoneClusterImpl (MiniOzoneClusterImpl.java:lambda$waitForClusterToBeReady$0(235)) - Nodes are ready. Got 3 of 3 DN Heartbeats.
2021-12-24 01:41:19,330 [Listener at 127.0.0.1/45267] INFO  ozone.MiniOzoneClusterImpl (MiniOzoneClusterImpl.java:lambda$waitForClusterToBeReady$0(238)) - Waiting for cluster to exit safe mode
2021-12-24 01:41:19,330 [Listener at 127.0.0.1/45267] INFO  ozone.MiniOzoneClusterImpl (MiniOzoneClusterImpl.java:lambda$waitForClusterToBeReady$0(240)) - SCM became leader
2021-12-24 01:41:19,332 [grpc-default-executor-0] INFO  server.RaftServer$Division (RaftServerImpl.java:requestVote(1078)) - 300b4b33-4b10-4d3b-8d7e-eb04807d1878@group-5F95E21525C4 replies to ELECTION vote request: 2929649d-66d9-4679-b58a-41df8f12a6f1<-300b4b33-4b10-4d3b-8d7e-eb04807d1878#0:OK-t1. Peer's state: 300b4b33-4b10-4d3b-8d7e-eb04807d1878@group-5F95E21525C4:t1, leader=null, voted=2929649d-66d9-4679-b58a-41df8f12a6f1, raftlog=300b4b33-4b10-4d3b-8d7e-eb04807d1878@group-5F95E21525C4-SegmentedRaftLog:OPENED:c-1, conf=-1: [2929649d-66d9-4679-b58a-41df8f12a6f1|rpc:10.1.0.29:34275|dataStream:|priority:0, f4b17f89-e1d3-40ea-af65-31a9a9e14b5d|rpc:10.1.0.29:36903|dataStream:|priority:1, 300b4b33-4b10-4d3b-8d7e-eb04807d1878|rpc:10.1.0.29:42715|dataStream:|priority:0], old=null
2021-12-24 01:41:19,611 [2929649d-66d9-4679-b58a-41df8f12a6f1@group-D075AE75EEC0-FollowerState] INFO  impl.FollowerState (FollowerState.java:run(134)) - 2929649d-66d9-4679-b58a-41df8f12a6f1@group-D075AE75EEC0-FollowerState: change to CANDIDATE, lastRpcElapsedTime:5099257632ns, electionTimeout:5096ms
2021-12-24 01:41:19,611 [2929649d-66d9-4679-b58a-41df8f12a6f1@group-D075AE75EEC0-FollowerState] INFO  impl.RoleInfo (RoleInfo.java:shutdownFollowerState(108)) - 2929649d-66d9-4679-b58a-41df8f12a6f1: shutdown 2929649d-66d9-4679-b58a-41df8f12a6f1@group-D075AE75EEC0-FollowerState
2021-12-24 01:41:19,612 [2929649d-66d9-4679-b58a-41df8f12a6f1@group-D075AE75EEC0-FollowerState] INFO  server.RaftServer$Division (RaftServerImpl.java:setRole(290)) - 2929649d-66d9-4679-b58a-41df8f12a6f1@group-D075AE75EEC0: changes role from  FOLLOWER to CANDIDATE at term 0 for changeToCandidate
2021-12-24 01:41:19,612 [2929649d-66d9-4679-b58a-41df8f12a6f1@group-D075AE75EEC0-FollowerState] INFO  server.RaftServerConfigKeys (ConfUtils.java:logGet(44)) - raft.server.leaderelection.pre-vote = false (custom)
2021-12-24 01:41:19,612 [2929649d-66d9-4679-b58a-41df8f12a6f1@group-D075AE75EEC0-FollowerState] INFO  impl.RoleInfo (RoleInfo.java:updateAndGet(130)) - 2929649d-66d9-4679-b58a-41df8f12a6f1: start 2929649d-66d9-4679-b58a-41df8f12a6f1@group-D075AE75EEC0-LeaderElection45
2021-12-24 01:41:19,644 [300b4b33-4b10-4d3b-8d7e-eb04807d1878@group-D075AE75EEC0-FollowerState] INFO  impl.FollowerState (FollowerState.java:run(134)) - 300b4b33-4b10-4d3b-8d7e-eb04807d1878@group-D075AE75EEC0-FollowerState: change to CANDIDATE, lastRpcElapsedTime:5036435564ns, electionTimeout:5012ms
2021-12-24 01:41:19,646 [300b4b33-4b10-4d3b-8d7e-eb04807d1878@group-D075AE75EEC0-FollowerState] INFO  impl.RoleInfo (RoleInfo.java:shutdownFollowerState(108)) - 300b4b33-4b10-4d3b-8d7e-eb04807d1878: shutdown 300b4b33-4b10-4d3b-8d7e-eb04807d1878@group-D075AE75EEC0-FollowerState
2021-12-24 01:41:19,647 [300b4b33-4b10-4d3b-8d7e-eb04807d1878@group-D075AE75EEC0-FollowerState] INFO  server.RaftServer$Division (RaftServerImpl.java:setRole(290)) - 300b4b33-4b10-4d3b-8d7e-eb04807d1878@group-D075AE75EEC0: changes role from  FOLLOWER to CANDIDATE at term 0 for changeToCandidate
2021-12-24 01:41:19,647 [300b4b33-4b10-4d3b-8d7e-eb04807d1878@group-D075AE75EEC0-FollowerState] INFO  server.RaftServerConfigKeys (ConfUtils.java:logGet(44)) - raft.server.leaderelection.pre-vote = false (custom)
2021-12-24 01:41:19,647 [300b4b33-4b10-4d3b-8d7e-eb04807d1878@group-D075AE75EEC0-FollowerState] INFO  impl.RoleInfo (RoleInfo.java:updateAndGet(130)) - 300b4b33-4b10-4d3b-8d7e-eb04807d1878: start 300b4b33-4b10-4d3b-8d7e-eb04807d1878@group-D075AE75EEC0-LeaderElection46
2021-12-24 01:41:19,648 [2929649d-66d9-4679-b58a-41df8f12a6f1@group-D075AE75EEC0-LeaderElection45] INFO  impl.LeaderElection (LeaderElection.java:askForVotes(306)) - 2929649d-66d9-4679-b58a-41df8f12a6f1@group-D075AE75EEC0-LeaderElection45 ELECTION round 0: submit vote requests at term 1 for -1: [2929649d-66d9-4679-b58a-41df8f12a6f1|rpc:10.1.0.29:34275|priority:1, f4b17f89-e1d3-40ea-af65-31a9a9e14b5d|rpc:10.1.0.29:36903|priority:0, 300b4b33-4b10-4d3b-8d7e-eb04807d1878|rpc:10.1.0.29:42715|priority:0], old=null
2021-12-24 01:41:19,684 [grpc-default-executor-0] INFO  server.RaftServer$Division (RaftServerImpl.java:requestVote(1046)) - f4b17f89-e1d3-40ea-af65-31a9a9e14b5d@group-D075AE75EEC0: receive requestVote(ELECTION, 2929649d-66d9-4679-b58a-41df8f12a6f1, group-D075AE75EEC0, 1, (t:0, i:0))
2021-12-24 01:41:19,684 [grpc-default-executor-0] INFO  impl.VoteContext (VoteContext.java:log(48)) - f4b17f89-e1d3-40ea-af65-31a9a9e14b5d@group-D075AE75EEC0-FOLLOWER: accept ELECTION from 2929649d-66d9-4679-b58a-41df8f12a6f1: our priority 0 <= candidate's priority 1
2021-12-24 01:41:19,684 [grpc-default-executor-0] INFO  server.RaftServer$Division (RaftServerImpl.java:setRole(290)) - f4b17f89-e1d3-40ea-af65-31a9a9e14b5d@group-D075AE75EEC0: changes role from  FOLLOWER to FOLLOWER at term 1 for candidate:2929649d-66d9-4679-b58a-41df8f12a6f1
2021-12-24 01:41:19,685 [grpc-default-executor-0] INFO  impl.RoleInfo (RoleInfo.java:shutdownFollowerState(108)) - f4b17f89-e1d3-40ea-af65-31a9a9e14b5d: shutdown f4b17f89-e1d3-40ea-af65-31a9a9e14b5d@group-D075AE75EEC0-FollowerState
2021-12-24 01:41:19,685 [grpc-default-executor-0] INFO  impl.RoleInfo (RoleInfo.java:updateAndGet(130)) - f4b17f89-e1d3-40ea-af65-31a9a9e14b5d: start f4b17f89-e1d3-40ea-af65-31a9a9e14b5d@group-D075AE75EEC0-FollowerState
2021-12-24 01:41:19,685 [f4b17f89-e1d3-40ea-af65-31a9a9e14b5d@group-D075AE75EEC0-FollowerState] INFO  impl.FollowerState (FollowerState.java:run(143)) - f4b17f89-e1d3-40ea-af65-31a9a9e14b5d@group-D075AE75EEC0-FollowerState was interrupted: {}
java.lang.InterruptedException: sleep interrupted
	at java.lang.Thread.sleep(Native Method)
	at java.lang.Thread.sleep(Thread.java:340)
	at java.util.concurrent.TimeUnit.sleep(TimeUnit.java:386)
	at org.apache.ratis.util.TimeDuration.sleep(TimeDuration.java:324)
	at org.apache.ratis.util.TimeDuration.sleep(TimeDuration.java:309)
	at org.apache.ratis.server.impl.FollowerState.run(FollowerState.java:118)
2021-12-24 01:41:19,686 [300b4b33-4b10-4d3b-8d7e-eb04807d1878@group-D075AE75EEC0-LeaderElection46] INFO  impl.LeaderElection (LeaderElection.java:askForVotes(306)) - 300b4b33-4b10-4d3b-8d7e-eb04807d1878@group-D075AE75EEC0-LeaderElection46 ELECTION round 0: submit vote requests at term 1 for -1: [2929649d-66d9-4679-b58a-41df8f12a6f1|rpc:10.1.0.29:34275|dataStream:|priority:1, f4b17f89-e1d3-40ea-af65-31a9a9e14b5d|rpc:10.1.0.29:36903|dataStream:|priority:0, 300b4b33-4b10-4d3b-8d7e-eb04807d1878|rpc:10.1.0.29:42715|dataStream:|priority:0], old=null
2021-12-24 01:41:19,696 [grpc-default-executor-0] INFO  server.RaftServer$Division (RaftServerImpl.java:requestVote(1078)) - f4b17f89-e1d3-40ea-af65-31a9a9e14b5d@group-D075AE75EEC0 replies to ELECTION vote request: 2929649d-66d9-4679-b58a-41df8f12a6f1<-f4b17f89-e1d3-40ea-af65-31a9a9e14b5d#0:OK-t1. Peer's state: f4b17f89-e1d3-40ea-af65-31a9a9e14b5d@group-D075AE75EEC0:t1, leader=null, voted=2929649d-66d9-4679-b58a-41df8f12a6f1, raftlog=f4b17f89-e1d3-40ea-af65-31a9a9e14b5d@group-D075AE75EEC0-SegmentedRaftLog:OPENED:c-1, conf=-1: [2929649d-66d9-4679-b58a-41df8f12a6f1|rpc:10.1.0.29:34275|priority:1, f4b17f89-e1d3-40ea-af65-31a9a9e14b5d|rpc:10.1.0.29:36903|priority:0, 300b4b33-4b10-4d3b-8d7e-eb04807d1878|rpc:10.1.0.29:42715|priority:0], old=null
2021-12-24 01:41:19,697 [2929649d-66d9-4679-b58a-41df8f12a6f1@group-D075AE75EEC0-LeaderElection45] INFO  impl.LeaderElection (LeaderElection.java:logAndReturn(89)) - 2929649d-66d9-4679-b58a-41df8f12a6f1@group-D075AE75EEC0-LeaderElection45: ELECTION PASSED received 1 response(s) and 0 exception(s):
2021-12-24 01:41:19,734 [2929649d-66d9-4679-b58a-41df8f12a6f1@group-D075AE75EEC0-LeaderElection45] INFO  impl.LeaderElection (LeaderElection.java:logAndReturn(93)) -   Response 0: 2929649d-66d9-4679-b58a-41df8f12a6f1<-f4b17f89-e1d3-40ea-af65-31a9a9e14b5d#0:OK-t1
2021-12-24 01:41:19,734 [2929649d-66d9-4679-b58a-41df8f12a6f1@group-D075AE75EEC0-LeaderElection45] INFO  impl.LeaderElection (LeaderElection.java:askForVotes(308)) - 2929649d-66d9-4679-b58a-41df8f12a6f1@group-D075AE75EEC0-LeaderElection45 ELECTION round 0: result PASSED
2021-12-24 01:41:19,734 [2929649d-66d9-4679-b58a-41df8f12a6f1@group-D075AE75EEC0-LeaderElection45] INFO  impl.RoleInfo (RoleInfo.java:shutdownLeaderElection(121)) - 2929649d-66d9-4679-b58a-41df8f12a6f1: shutdown 2929649d-66d9-4679-b58a-41df8f12a6f1@group-D075AE75EEC0-LeaderElection45
2021-12-24 01:41:19,734 [2929649d-66d9-4679-b58a-41df8f12a6f1@group-D075AE75EEC0-LeaderElection45] INFO  server.RaftServer$Division (RaftServerImpl.java:setRole(290)) - 2929649d-66d9-4679-b58a-41df8f12a6f1@group-D075AE75EEC0: changes role from CANDIDATE to LEADER at term 1 for changeToLeader
2021-12-24 01:41:19,734 [2929649d-66d9-4679-b58a-41df8f12a6f1@group-D075AE75EEC0-LeaderElection45] INFO  ratis.XceiverServerRatis (XceiverServerRatis.java:handleLeaderChangedNotification(866)) - Leader change notification received for group: group-D075AE75EEC0 with new leaderId: 2929649d-66d9-4679-b58a-41df8f12a6f1
2021-12-24 01:41:19,734 [2929649d-66d9-4679-b58a-41df8f12a6f1@group-D075AE75EEC0-LeaderElection45] INFO  server.RaftServer$Division (ServerState.java:setLeader(285)) - 2929649d-66d9-4679-b58a-41df8f12a6f1@group-D075AE75EEC0: change Leader from null to 2929649d-66d9-4679-b58a-41df8f12a6f1 at term 1 for becomeLeader, leader elected after 5235ms
2021-12-24 01:41:19,734 [2929649d-66d9-4679-b58a-41df8f12a6f1@group-D075AE75EEC0-LeaderElection45] INFO  server.RaftServerConfigKeys (ConfUtils.java:logGet(44)) - raft.server.staging.catchup.gap = 1000 (default)
2021-12-24 01:41:19,735 [2929649d-66d9-4679-b58a-41df8f12a6f1@group-D075AE75EEC0-LeaderElection45] INFO  server.RaftServerConfigKeys (ConfUtils.java:logGet(44)) - raft.server.write.element-limit = 1024 (custom)
2021-12-24 01:41:19,735 [2929649d-66d9-4679-b58a-41df8f12a6f1@group-D075AE75EEC0-LeaderElection45] INFO  server.RaftServerConfigKeys (ConfUtils.java:logGet(44)) - raft.server.write.byte-limit = 1024 M (=1073741824) (custom)
2021-12-24 01:41:19,735 [2929649d-66d9-4679-b58a-41df8f12a6f1@group-D075AE75EEC0-LeaderElection45] INFO  server.RaftServerConfigKeys (ConfUtils.java:logGet(44)) - raft.server.watch.timeout = 180s (custom)
2021-12-24 01:41:19,735 [2929649d-66d9-4679-b58a-41df8f12a6f1@group-D075AE75EEC0-LeaderElection45] INFO  server.RaftServerConfigKeys (ConfUtils.java:logGet(44)) - raft.server.watch.timeout.denomination = 1s (default)
2021-12-24 01:41:19,735 [2929649d-66d9-4679-b58a-41df8f12a6f1@group-D075AE75EEC0-LeaderElection45] INFO  server.RaftServerConfigKeys (ConfUtils.java:logGet(44)) - raft.server.watch.element-limit = 65536 (default)
2021-12-24 01:41:19,735 [2929649d-66d9-4679-b58a-41df8f12a6f1@group-D075AE75EEC0-LeaderElection45] INFO  server.RaftServerConfigKeys (ConfUtils.java:logGet(44)) - raft.server.write.element-limit = 1024 (custom)
2021-12-24 01:41:19,735 [2929649d-66d9-4679-b58a-41df8f12a6f1@group-D075AE75EEC0-LeaderElection45] INFO  server.RaftServerConfigKeys (ConfUtils.java:logGet(44)) - raft.server.write.follower.gap.ratio.max = -1.0 (default)
2021-12-24 01:41:19,735 [2929649d-66d9-4679-b58a-41df8f12a6f1@group-D075AE75EEC0-LeaderElection45] INFO  server.RaftServerConfigKeys (ConfUtils.java:logGet(44)) - raft.server.log.appender.snapshot.chunk.size.max = 16MB (=16777216) (default)
2021-12-24 01:41:19,736 [2929649d-66d9-4679-b58a-41df8f12a6f1@group-D075AE75EEC0-LeaderElection45] INFO  server.RaftServerConfigKeys (ConfUtils.java:logGet(44)) - raft.server.log.appender.buffer.byte-limit = 33554432 (custom)
2021-12-24 01:41:19,736 [2929649d-66d9-4679-b58a-41df8f12a6f1@group-D075AE75EEC0-LeaderElection45] INFO  server.RaftServerConfigKeys (ConfUtils.java:logGet(44)) - raft.server.log.appender.buffer.element-limit = 1 (custom)
2021-12-24 01:41:19,736 [2929649d-66d9-4679-b58a-41df8f12a6f1@group-D075AE75EEC0-LeaderElection45] INFO  grpc.GrpcConfigKeys (ConfUtils.java:logGet(44)) - raft.grpc.server.leader.outstanding.appends.max = 128 (default)
2021-12-24 01:41:19,736 [2929649d-66d9-4679-b58a-41df8f12a6f1@group-D075AE75EEC0-LeaderElection45] INFO  server.RaftServerConfigKeys (ConfUtils.java:logGet(44)) - raft.server.rpc.request.timeout = 60s (custom)
2021-12-24 01:41:19,736 [2929649d-66d9-4679-b58a-41df8f12a6f1@group-D075AE75EEC0-LeaderElection45] INFO  server.RaftServerConfigKeys (ConfUtils.java:logGet(44)) - raft.server.log.appender.install.snapshot.enabled = false (custom)
2021-12-24 01:41:19,737 [2929649d-66d9-4679-b58a-41df8f12a6f1@group-D075AE75EEC0-LeaderElection45] INFO  server.RaftServerConfigKeys (ConfUtils.java:logGet(44)) - raft.server.log.appender.snapshot.chunk.size.max = 16MB (=16777216) (default)
2021-12-24 01:41:19,737 [2929649d-66d9-4679-b58a-41df8f12a6f1@group-D075AE75EEC0-LeaderElection45] INFO  server.RaftServerConfigKeys (ConfUtils.java:logGet(44)) - raft.server.log.appender.buffer.byte-limit = 33554432 (custom)
2021-12-24 01:41:19,737 [2929649d-66d9-4679-b58a-41df8f12a6f1@group-D075AE75EEC0-LeaderElection45] INFO  server.RaftServerConfigKeys (ConfUtils.java:logGet(44)) - raft.server.log.appender.buffer.element-limit = 1 (custom)
2021-12-24 01:41:19,737 [2929649d-66d9-4679-b58a-41df8f12a6f1@group-D075AE75EEC0-LeaderElection45] INFO  grpc.GrpcConfigKeys (ConfUtils.java:logGet(44)) - raft.grpc.server.leader.outstanding.appends.max = 128 (default)
2021-12-24 01:41:19,737 [2929649d-66d9-4679-b58a-41df8f12a6f1@group-D075AE75EEC0-LeaderElection45] INFO  server.RaftServerConfigKeys (ConfUtils.java:logGet(44)) - raft.server.rpc.request.timeout = 60s (custom)
2021-12-24 01:41:19,737 [2929649d-66d9-4679-b58a-41df8f12a6f1@group-D075AE75EEC0-LeaderElection45] INFO  server.RaftServerConfigKeys (ConfUtils.java:logGet(44)) - raft.server.log.appender.install.snapshot.enabled = false (custom)
2021-12-24 01:41:19,738 [grpc-default-executor-0] INFO  server.RaftServer$Division (RaftServerImpl.java:requestVote(1046)) - 300b4b33-4b10-4d3b-8d7e-eb04807d1878@group-D075AE75EEC0: receive requestVote(ELECTION, 2929649d-66d9-4679-b58a-41df8f12a6f1, group-D075AE75EEC0, 1, (t:0, i:0))
2021-12-24 01:41:19,767 [grpc-default-executor-0] INFO  impl.VoteContext (VoteContext.java:log(48)) - 300b4b33-4b10-4d3b-8d7e-eb04807d1878@group-D075AE75EEC0-CANDIDATE: reject ELECTION from 2929649d-66d9-4679-b58a-41df8f12a6f1: already has voted for 300b4b33-4b10-4d3b-8d7e-eb04807d1878 at current term 1
2021-12-24 01:41:19,767 [grpc-default-executor-0] INFO  server.RaftServer$Division (RaftServerImpl.java:requestVote(1078)) - 300b4b33-4b10-4d3b-8d7e-eb04807d1878@group-D075AE75EEC0 replies to ELECTION vote request: 2929649d-66d9-4679-b58a-41df8f12a6f1<-300b4b33-4b10-4d3b-8d7e-eb04807d1878#0:FAIL-t1. Peer's state: 300b4b33-4b10-4d3b-8d7e-eb04807d1878@group-D075AE75EEC0:t1, leader=null, voted=300b4b33-4b10-4d3b-8d7e-eb04807d1878, raftlog=300b4b33-4b10-4d3b-8d7e-eb04807d1878@group-D075AE75EEC0-SegmentedRaftLog:OPENED:c-1, conf=-1: [2929649d-66d9-4679-b58a-41df8f12a6f1|rpc:10.1.0.29:34275|dataStream:|priority:1, f4b17f89-e1d3-40ea-af65-31a9a9e14b5d|rpc:10.1.0.29:36903|dataStream:|priority:0, 300b4b33-4b10-4d3b-8d7e-eb04807d1878|rpc:10.1.0.29:42715|dataStream:|priority:0], old=null
2021-12-24 01:41:19,760 [f4b17f89-e1d3-40ea-af65-31a9a9e14b5d@group-26DAE9B0C578-FollowerState] INFO  impl.FollowerState (FollowerState.java:run(134)) - f4b17f89-e1d3-40ea-af65-31a9a9e14b5d@group-26DAE9B0C578-FollowerState: change to CANDIDATE, lastRpcElapsedTime:5176554865ns, electionTimeout:5169ms
2021-12-24 01:41:19,768 [f4b17f89-e1d3-40ea-af65-31a9a9e14b5d@group-26DAE9B0C578-FollowerState] INFO  impl.RoleInfo (RoleInfo.java:shutdownFollowerState(108)) - f4b17f89-e1d3-40ea-af65-31a9a9e14b5d: shutdown f4b17f89-e1d3-40ea-af65-31a9a9e14b5d@group-26DAE9B0C578-FollowerState
2021-12-24 01:41:19,768 [f4b17f89-e1d3-40ea-af65-31a9a9e14b5d@group-26DAE9B0C578-FollowerState] INFO  server.RaftServer$Division (RaftServerImpl.java:setRole(290)) - f4b17f89-e1d3-40ea-af65-31a9a9e14b5d@group-26DAE9B0C578: changes role from  FOLLOWER to CANDIDATE at term 0 for changeToCandidate
2021-12-24 01:41:19,748 [2929649d-66d9-4679-b58a-41df8f12a6f1@group-D075AE75EEC0-LeaderElection45] INFO  impl.RoleInfo (RoleInfo.java:updateAndGet(130)) - 2929649d-66d9-4679-b58a-41df8f12a6f1: start 2929649d-66d9-4679-b58a-41df8f12a6f1@group-D075AE75EEC0-LeaderStateImpl
2021-12-24 01:41:19,770 [2929649d-66d9-4679-b58a-41df8f12a6f1@group-D075AE75EEC0-LeaderElection45] INFO  segmented.SegmentedRaftLogWorker (SegmentedRaftLogWorker.java:startLogSegment(394)) - 2929649d-66d9-4679-b58a-41df8f12a6f1@group-D075AE75EEC0-SegmentedRaftLogWorker: Starting segment from index:0
2021-12-24 01:41:19,740 [EventQueue-PipelineReportForPipelineReportHandler] INFO  pipeline.PipelineManagerImpl (PipelineManagerImpl.java:openPipeline(291)) - Pipeline Pipeline[ Id: 978f1694-b5d6-49c2-89ab-d075ae75eec0, Nodes: 2929649d-66d9-4679-b58a-41df8f12a6f1{ip: 10.1.0.29, host: fv-az116-279.vzw04321ajxubdbcnpick5nqva.xx.internal.cloudapp.net, ports: [REPLICATION=46175, RATIS=34275, RATIS_ADMIN=34275, RATIS_SERVER=34275, STANDALONE=42475], networkLocation: /default-rack, certSerialId: null, persistedOpState: IN_SERVICE, persistedOpStateExpiryEpochSec: 0}300b4b33-4b10-4d3b-8d7e-eb04807d1878{ip: 10.1.0.29, host: fv-az116-279.vzw04321ajxubdbcnpick5nqva.xx.internal.cloudapp.net, ports: [REPLICATION=33735, RATIS=42715, RATIS_ADMIN=42715, RATIS_SERVER=42715, STANDALONE=45821], networkLocation: /default-rack, certSerialId: null, persistedOpState: IN_SERVICE, persistedOpStateExpiryEpochSec: 0}f4b17f89-e1d3-40ea-af65-31a9a9e14b5d{ip: 10.1.0.29, host: fv-az116-279.vzw04321ajxubdbcnpick5nqva.xx.internal.cloudapp.net, ports: [REPLICATION=33953, RATIS=36903, RATIS_ADMIN=36903, RATIS_SERVER=36903, STANDALONE=40495], networkLocation: /default-rack, certSerialId: null, persistedOpState: IN_SERVICE, persistedOpStateExpiryEpochSec: 0}, ReplicationConfig: RATIS/THREE, State:ALLOCATED, leaderId:2929649d-66d9-4679-b58a-41df8f12a6f1, CreationTimestamp2021-12-24T01:41:12.448Z[Etc/UTC]] moved to OPEN state
2021-12-24 01:41:19,770 [f4b17f89-e1d3-40ea-af65-31a9a9e14b5d@group-26DAE9B0C578-FollowerState] INFO  server.RaftServerConfigKeys (ConfUtils.java:logGet(44)) - raft.server.leaderelection.pre-vote = false (custom)
2021-12-24 01:41:19,772 [f4b17f89-e1d3-40ea-af65-31a9a9e14b5d@group-26DAE9B0C578-FollowerState] INFO  impl.RoleInfo (RoleInfo.java:updateAndGet(130)) - f4b17f89-e1d3-40ea-af65-31a9a9e14b5d: start f4b17f89-e1d3-40ea-af65-31a9a9e14b5d@group-26DAE9B0C578-LeaderElection47
2021-12-24 01:41:19,772 [EventQueue-OpenPipelineForHealthyPipelineSafeModeRule] INFO  safemode.SCMSafeModeManager (HealthyPipelineSafeModeRule.java:process(124)) - SCM in safe mode. Healthy pipelines reported count is 1, required healthy pipeline reported count is 1
2021-12-24 01:41:19,817 [EventQueue-OpenPipelineForHealthyPipelineSafeModeRule] INFO  safemode.SCMSafeModeManager (SCMSafeModeManager.java:validateSafeModeExitRules(204)) - HealthyPipelineSafeModeRule rule is successfully validated
2021-12-24 01:41:19,817 [EventQueue-OpenPipelineForHealthyPipelineSafeModeRule] INFO  safemode.SCMSafeModeManager (SCMSafeModeManager.java:validateSafeModeExitRules(219)) - ScmSafeModeManager, all rules are successfully validated
2021-12-24 01:41:19,817 [EventQueue-OpenPipelineForHealthyPipelineSafeModeRule] INFO  safemode.SCMSafeModeManager (SCMSafeModeManager.java:exitSafeMode(248)) - SCM exiting safe mode.
2021-12-24 01:41:19,782 [grpc-default-executor-3] INFO  server.RaftServer$Division (RaftServerImpl.java:setRole(290)) - 300b4b33-4b10-4d3b-8d7e-eb04807d1878@group-D075AE75EEC0: changes role from CANDIDATE to FOLLOWER at term 1 for appendEntries
2021-12-24 01:41:19,818 [grpc-default-executor-3] INFO  impl.RoleInfo (RoleInfo.java:shutdownLeaderElection(121)) - 300b4b33-4b10-4d3b-8d7e-eb04807d1878: shutdown 300b4b33-4b10-4d3b-8d7e-eb04807d1878@group-D075AE75EEC0-LeaderElection46
2021-12-24 01:41:19,818 [grpc-default-executor-3] INFO  impl.RoleInfo (RoleInfo.java:updateAndGet(130)) - 300b4b33-4b10-4d3b-8d7e-eb04807d1878: start 300b4b33-4b10-4d3b-8d7e-eb04807d1878@group-D075AE75EEC0-FollowerState
2021-12-24 01:41:19,773 [2929649d-66d9-4679-b58a-41df8f12a6f1@group-D075AE75EEC0-SegmentedRaftLogWorker] INFO  segmented.SegmentedRaftLogWorker (SegmentedRaftLogWorker.java:execute(601)) - 2929649d-66d9-4679-b58a-41df8f12a6f1@group-D075AE75EEC0-SegmentedRaftLogWorker: created new log segment /home/runner/work/ozone/ozone/hadoop-ozone/integration-test/target/test-dir/MiniOzoneClusterImpl-4d80237b-fa8d-46d0-bc6e-ad90cdc220b2/datanode-0/data/ratis/978f1694-b5d6-49c2-89ab-d075ae75eec0/current/log_inprogress_0
2021-12-24 01:41:19,818 [EventQueue-OpenPipelineForHealthyPipelineSafeModeRule] WARN  events.EventQueue (EventQueue.java:fireEvent(194)) - No event handler registered for event TypedEvent{payloadType=SafeModeStatus, name='Safe mode status'}
2021-12-24 01:41:19,819 [EventQueue-OpenPipelineForHealthyPipelineSafeModeRule] INFO  ha.SCMContext (SCMContext.java:updateSafeModeStatus(211)) - Update SafeModeStatus from SafeModeStatus{safeModeStatus=true, preCheckPassed=true} to SafeModeStatus{safeModeStatus=false, preCheckPassed=true}.
2021-12-24 01:41:19,819 [EventQueue-OpenPipelineForHealthyPipelineSafeModeRule] INFO  pipeline.BackgroundPipelineCreator (BackgroundPipelineCreator.java:notifyStatusChanged(264)) - Service BackgroundPipelineCreator transitions to RUNNING.
2021-12-24 01:41:19,819 [EventQueue-OpenPipelineForHealthyPipelineSafeModeRule] INFO  container.ReplicationManager (ReplicationManager.java:notifyStatusChanged(1758)) - Service ReplicationManager transitions to RUNNING.
2021-12-24 01:41:19,822 [grpc-default-executor-3] INFO  ratis.XceiverServerRatis (XceiverServerRatis.java:handleLeaderChangedNotification(866)) - Leader change notification received for group: group-D075AE75EEC0 with new leaderId: 2929649d-66d9-4679-b58a-41df8f12a6f1
2021-12-24 01:41:19,822 [grpc-default-executor-3] INFO  server.RaftServer$Division (ServerState.java:setLeader(285)) - 300b4b33-4b10-4d3b-8d7e-eb04807d1878@group-D075AE75EEC0: change Leader from null to 2929649d-66d9-4679-b58a-41df8f12a6f1 at term 1 for appendEntries, leader elected after 5247ms
2021-12-24 01:41:19,851 [2929649d-66d9-4679-b58a-41df8f12a6f1@group-D075AE75EEC0-LeaderElection45] INFO  server.RaftServer$Division (ServerState.java:setRaftConf(387)) - 2929649d-66d9-4679-b58a-41df8f12a6f1@group-D075AE75EEC0: set configuration 0: [2929649d-66d9-4679-b58a-41df8f12a6f1|rpc:10.1.0.29:34275|dataStream:|priority:1, f4b17f89-e1d3-40ea-af65-31a9a9e14b5d|rpc:10.1.0.29:36903|dataStream:|priority:0, 300b4b33-4b10-4d3b-8d7e-eb04807d1878|rpc:10.1.0.29:42715|dataStream:|priority:0], old=null
2021-12-24 01:41:19,851 [grpc-default-executor-1] INFO  server.RaftServer$Division (RaftServerImpl.java:requestVote(1046)) - f4b17f89-e1d3-40ea-af65-31a9a9e14b5d@group-D075AE75EEC0: receive requestVote(ELECTION, 300b4b33-4b10-4d3b-8d7e-eb04807d1878, group-D075AE75EEC0, 1, (t:0, i:0))
2021-12-24 01:41:19,852 [grpc-default-executor-1] INFO  impl.VoteContext (VoteContext.java:log(48)) - f4b17f89-e1d3-40ea-af65-31a9a9e14b5d@group-D075AE75EEC0-FOLLOWER: reject ELECTION from 300b4b33-4b10-4d3b-8d7e-eb04807d1878: already has voted for 2929649d-66d9-4679-b58a-41df8f12a6f1 at current term 1
2021-12-24 01:41:19,852 [grpc-default-executor-1] INFO  server.RaftServer$Division (RaftServerImpl.java:requestVote(1078)) - f4b17f89-e1d3-40ea-af65-31a9a9e14b5d@group-D075AE75EEC0 replies to ELECTION vote request: 300b4b33-4b10-4d3b-8d7e-eb04807d1878<-f4b17f89-e1d3-40ea-af65-31a9a9e14b5d#0:FAIL-t1. Peer's state: f4b17f89-e1d3-40ea-af65-31a9a9e14b5d@group-D075AE75EEC0:t1, leader=null, voted=2929649d-66d9-4679-b58a-41df8f12a6f1, raftlog=f4b17f89-e1d3-40ea-af65-31a9a9e14b5d@group-D075AE75EEC0-SegmentedRaftLog:OPENED:c-1, conf=-1: [2929649d-66d9-4679-b58a-41df8f12a6f1|rpc:10.1.0.29:34275|priority:1, f4b17f89-e1d3-40ea-af65-31a9a9e14b5d|rpc:10.1.0.29:36903|priority:0, 300b4b33-4b10-4d3b-8d7e-eb04807d1878|rpc:10.1.0.29:42715|priority:0], old=null
2021-12-24 01:41:19,852 [grpc-default-executor-3] INFO  ratis.XceiverServerRatis (XceiverServerRatis.java:handleLeaderChangedNotification(866)) - Leader change notification received for group: group-D075AE75EEC0 with new leaderId: 2929649d-66d9-4679-b58a-41df8f12a6f1
2021-12-24 01:41:19,852 [grpc-default-executor-3] INFO  server.RaftServer$Division (ServerState.java:setLeader(285)) - f4b17f89-e1d3-40ea-af65-31a9a9e14b5d@group-D075AE75EEC0: change Leader from null to 2929649d-66d9-4679-b58a-41df8f12a6f1 at term 1 for appendEntries, leader elected after 5228ms
2021-12-24 01:41:19,858 [f4b17f89-e1d3-40ea-af65-31a9a9e14b5d@group-26DAE9B0C578-LeaderElection47] INFO  impl.LeaderElection (LeaderElection.java:askForVotes(306)) - f4b17f89-e1d3-40ea-af65-31a9a9e14b5d@group-26DAE9B0C578-LeaderElection47 ELECTION round 0: submit vote requests at term 1 for -1: [f4b17f89-e1d3-40ea-af65-31a9a9e14b5d|rpc:10.1.0.29:36903|priority:1], old=null
2021-12-24 01:41:19,876 [f4b17f89-e1d3-40ea-af65-31a9a9e14b5d@group-26DAE9B0C578-LeaderElection47] INFO  impl.LeaderElection (LeaderElection.java:askForVotes(308)) - f4b17f89-e1d3-40ea-af65-31a9a9e14b5d@group-26DAE9B0C578-LeaderElection47 ELECTION round 0: result PASSED (term=1)
2021-12-24 01:41:19,876 [f4b17f89-e1d3-40ea-af65-31a9a9e14b5d@group-26DAE9B0C578-LeaderElection47] INFO  impl.RoleInfo (RoleInfo.java:shutdownLeaderElection(121)) - f4b17f89-e1d3-40ea-af65-31a9a9e14b5d: shutdown f4b17f89-e1d3-40ea-af65-31a9a9e14b5d@group-26DAE9B0C578-LeaderElection47
2021-12-24 01:41:19,876 [f4b17f89-e1d3-40ea-af65-31a9a9e14b5d@group-26DAE9B0C578-LeaderElection47] INFO  server.RaftServer$Division (RaftServerImpl.java:setRole(290)) - f4b17f89-e1d3-40ea-af65-31a9a9e14b5d@group-26DAE9B0C578: changes role from CANDIDATE to LEADER at term 1 for changeToLeader
2021-12-24 01:41:19,876 [f4b17f89-e1d3-40ea-af65-31a9a9e14b5d@group-26DAE9B0C578-LeaderElection47] INFO  ratis.XceiverServerRatis (XceiverServerRatis.java:handleLeaderChangedNotification(866)) - Leader change notification received for group: group-26DAE9B0C578 with new leaderId: f4b17f89-e1d3-40ea-af65-31a9a9e14b5d
2021-12-24 01:41:19,876 [f4b17f89-e1d3-40ea-af65-31a9a9e14b5d@group-26DAE9B0C578-LeaderElection47] INFO  server.RaftServer$Division (ServerState.java:setLeader(285)) - f4b17f89-e1d3-40ea-af65-31a9a9e14b5d@group-26DAE9B0C578: change Leader from null to f4b17f89-e1d3-40ea-af65-31a9a9e14b5d at term 1 for becomeLeader, leader elected after 5393ms
2021-12-24 01:41:19,876 [f4b17f89-e1d3-40ea-af65-31a9a9e14b5d@group-26DAE9B0C578-LeaderElection47] INFO  server.RaftServerConfigKeys (ConfUtils.java:logGet(44)) - raft.server.staging.catchup.gap = 1000 (default)
2021-12-24 01:41:19,876 [f4b17f89-e1d3-40ea-af65-31a9a9e14b5d@group-26DAE9B0C578-LeaderElection47] INFO  server.RaftServerConfigKeys (ConfUtils.java:logGet(44)) - raft.server.write.element-limit = 1024 (custom)
2021-12-24 01:41:19,877 [f4b17f89-e1d3-40ea-af65-31a9a9e14b5d@group-26DAE9B0C578-LeaderElection47] INFO  server.RaftServerConfigKeys (ConfUtils.java:logGet(44)) - raft.server.write.byte-limit = 1024 M (=1073741824) (custom)
2021-12-24 01:41:19,875 [300b4b33-4b10-4d3b-8d7e-eb04807d1878@group-D075AE75EEC0-LeaderElection46] INFO  impl.LeaderElection (LeaderElection.java:logAndReturn(89)) - 300b4b33-4b10-4d3b-8d7e-eb04807d1878@group-D075AE75EEC0-LeaderElection46: ELECTION REJECTED received 1 response(s) and 0 exception(s):
2021-12-24 01:41:19,877 [300b4b33-4b10-4d3b-8d7e-eb04807d1878@group-D075AE75EEC0-LeaderElection46] INFO  impl.LeaderElection (LeaderElection.java:logAndReturn(93)) -   Response 0: 300b4b33-4b10-4d3b-8d7e-eb04807d1878<-f4b17f89-e1d3-40ea-af65-31a9a9e14b5d#0:FAIL-t1
2021-12-24 01:41:19,877 [300b4b33-4b10-4d3b-8d7e-eb04807d1878@group-D075AE75EEC0-LeaderElection46] INFO  impl.LeaderElection (LeaderElection.java:askForVotes(308)) - 300b4b33-4b10-4d3b-8d7e-eb04807d1878@group-D075AE75EEC0-LeaderElection46 ELECTION round 0: result REJECTED
2021-12-24 01:41:19,911 [f4b17f89-e1d3-40ea-af65-31a9a9e14b5d@group-26DAE9B0C578-LeaderElection47] INFO  server.RaftServerConfigKeys (ConfUtils.java:logGet(44)) - raft.server.watch.timeout = 180s (custom)
2021-12-24 01:41:19,911 [f4b17f89-e1d3-40ea-af65-31a9a9e14b5d@group-26DAE9B0C578-LeaderElection47] INFO  server.RaftServerConfigKeys (ConfUtils.java:logGet(44)) - raft.server.watch.timeout.denomination = 1s (default)
2021-12-24 01:41:19,911 [f4b17f89-e1d3-40ea-af65-31a9a9e14b5d@group-26DAE9B0C578-LeaderElection47] INFO  server.RaftServerConfigKeys (ConfUtils.java:logGet(44)) - raft.server.watch.element-limit = 65536 (default)
2021-12-24 01:41:19,911 [f4b17f89-e1d3-40ea-af65-31a9a9e14b5d@group-26DAE9B0C578-LeaderElection47] INFO  server.RaftServerConfigKeys (ConfUtils.java:logGet(44)) - raft.server.write.element-limit = 1024 (custom)
2021-12-24 01:41:19,911 [f4b17f89-e1d3-40ea-af65-31a9a9e14b5d@group-26DAE9B0C578-LeaderElection47] INFO  server.RaftServerConfigKeys (ConfUtils.java:logGet(44)) - raft.server.write.follower.gap.ratio.max = -1.0 (default)
2021-12-24 01:41:19,911 [f4b17f89-e1d3-40ea-af65-31a9a9e14b5d@group-26DAE9B0C578-LeaderElection47] INFO  impl.RoleInfo (RoleInfo.java:updateAndGet(130)) - f4b17f89-e1d3-40ea-af65-31a9a9e14b5d: start f4b17f89-e1d3-40ea-af65-31a9a9e14b5d@group-26DAE9B0C578-LeaderStateImpl
2021-12-24 01:41:19,912 [f4b17f89-e1d3-40ea-af65-31a9a9e14b5d@group-26DAE9B0C578-LeaderElection47] INFO  segmented.SegmentedRaftLogWorker (SegmentedRaftLogWorker.java:startLogSegment(394)) - f4b17f89-e1d3-40ea-af65-31a9a9e14b5d@group-26DAE9B0C578-SegmentedRaftLogWorker: Starting segment from index:0
2021-12-24 01:41:19,915 [f4b17f89-e1d3-40ea-af65-31a9a9e14b5d@group-26DAE9B0C578-SegmentedRaftLogWorker] INFO  segmented.SegmentedRaftLogWorker (SegmentedRaftLogWorker.java:execute(601)) - f4b17f89-e1d3-40ea-af65-31a9a9e14b5d@group-26DAE9B0C578-SegmentedRaftLogWorker: created new log segment /home/runner/work/ozone/ozone/hadoop-ozone/integration-test/target/test-dir/MiniOzoneClusterImpl-4d80237b-fa8d-46d0-bc6e-ad90cdc220b2/datanode-1/data/ratis/19776e57-795c-44ed-8bf7-26dae9b0c578/current/log_inprogress_0
2021-12-24 01:41:19,927 [grpc-default-executor-3] INFO  server.RaftServer$Division (RaftServerImpl.java:requestVote(1046)) - 2929649d-66d9-4679-b58a-41df8f12a6f1@group-D075AE75EEC0: receive requestVote(ELECTION, 300b4b33-4b10-4d3b-8d7e-eb04807d1878, group-D075AE75EEC0, 1, (t:0, i:0))
2021-12-24 01:41:19,927 [grpc-default-executor-3] INFO  impl.VoteContext (VoteContext.java:log(48)) - 2929649d-66d9-4679-b58a-41df8f12a6f1@group-D075AE75EEC0-LEADER: reject ELECTION from 300b4b33-4b10-4d3b-8d7e-eb04807d1878: already has voted for 2929649d-66d9-4679-b58a-41df8f12a6f1 at current term 1
2021-12-24 01:41:19,928 [grpc-default-executor-3] INFO  server.RaftServer$Division (RaftServerImpl.java:requestVote(1078)) - 2929649d-66d9-4679-b58a-41df8f12a6f1@group-D075AE75EEC0 replies to ELECTION vote request: 300b4b33-4b10-4d3b-8d7e-eb04807d1878<-2929649d-66d9-4679-b58a-41df8f12a6f1#0:FAIL-t1. Peer's state: 2929649d-66d9-4679-b58a-41df8f12a6f1@group-D075AE75EEC0:t1, leader=2929649d-66d9-4679-b58a-41df8f12a6f1, voted=2929649d-66d9-4679-b58a-41df8f12a6f1, raftlog=2929649d-66d9-4679-b58a-41df8f12a6f1@group-D075AE75EEC0-SegmentedRaftLog:OPENED:c0, conf=0: [2929649d-66d9-4679-b58a-41df8f12a6f1|rpc:10.1.0.29:34275|dataStream:|priority:1, f4b17f89-e1d3-40ea-af65-31a9a9e14b5d|rpc:10.1.0.29:36903|dataStream:|priority:0, 300b4b33-4b10-4d3b-8d7e-eb04807d1878|rpc:10.1.0.29:42715|dataStream:|priority:0], old=null
2021-12-24 01:41:19,927 [f4b17f89-e1d3-40ea-af65-31a9a9e14b5d@group-26DAE9B0C578-LeaderElection47] INFO  server.RaftServer$Division (ServerState.java:setRaftConf(387)) - f4b17f89-e1d3-40ea-af65-31a9a9e14b5d@group-26DAE9B0C578: set configuration 0: [f4b17f89-e1d3-40ea-af65-31a9a9e14b5d|rpc:10.1.0.29:36903|dataStream:|priority:1], old=null
2021-12-24 01:41:19,927 [grpc-default-executor-1] INFO  server.RaftServer$Division (ServerState.java:setRaftConf(387)) - f4b17f89-e1d3-40ea-af65-31a9a9e14b5d@group-D075AE75EEC0: set configuration 0: [2929649d-66d9-4679-b58a-41df8f12a6f1|rpc:10.1.0.29:34275|dataStream:|priority:1, f4b17f89-e1d3-40ea-af65-31a9a9e14b5d|rpc:10.1.0.29:36903|dataStream:|priority:0, 300b4b33-4b10-4d3b-8d7e-eb04807d1878|rpc:10.1.0.29:42715|dataStream:|priority:0], old=null
2021-12-24 01:41:19,927 [grpc-default-executor-0] INFO  server.RaftServer$Division (ServerState.java:setRaftConf(387)) - 300b4b33-4b10-4d3b-8d7e-eb04807d1878@group-D075AE75EEC0: set configuration 0: [2929649d-66d9-4679-b58a-41df8f12a6f1|rpc:10.1.0.29:34275|dataStream:|priority:1, f4b17f89-e1d3-40ea-af65-31a9a9e14b5d|rpc:10.1.0.29:36903|dataStream:|priority:0, 300b4b33-4b10-4d3b-8d7e-eb04807d1878|rpc:10.1.0.29:42715|dataStream:|priority:0], old=null
2021-12-24 01:41:19,943 [grpc-default-executor-1] INFO  segmented.SegmentedRaftLogWorker (SegmentedRaftLogWorker.java:startLogSegment(394)) - f4b17f89-e1d3-40ea-af65-31a9a9e14b5d@group-D075AE75EEC0-SegmentedRaftLogWorker: Starting segment from index:0
2021-12-24 01:41:19,943 [grpc-default-executor-0] INFO  segmented.SegmentedRaftLogWorker (SegmentedRaftLogWorker.java:startLogSegment(394)) - 300b4b33-4b10-4d3b-8d7e-eb04807d1878@group-D075AE75EEC0-SegmentedRaftLogWorker: Starting segment from index:0
2021-12-24 01:41:19,959 [300b4b33-4b10-4d3b-8d7e-eb04807d1878@group-D075AE75EEC0-SegmentedRaftLogWorker] INFO  segmented.SegmentedRaftLogWorker (SegmentedRaftLogWorker.java:execute(601)) - 300b4b33-4b10-4d3b-8d7e-eb04807d1878@group-D075AE75EEC0-SegmentedRaftLogWorker: created new log segment /home/runner/work/ozone/ozone/hadoop-ozone/integration-test/target/test-dir/MiniOzoneClusterImpl-4d80237b-fa8d-46d0-bc6e-ad90cdc220b2/datanode-2/data/ratis/978f1694-b5d6-49c2-89ab-d075ae75eec0/current/log_inprogress_0
2021-12-24 01:41:19,960 [f4b17f89-e1d3-40ea-af65-31a9a9e14b5d@group-D075AE75EEC0-SegmentedRaftLogWorker] INFO  segmented.SegmentedRaftLogWorker (SegmentedRaftLogWorker.java:execute(601)) - f4b17f89-e1d3-40ea-af65-31a9a9e14b5d@group-D075AE75EEC0-SegmentedRaftLogWorker: created new log segment /home/runner/work/ozone/ozone/hadoop-ozone/integration-test/target/test-dir/MiniOzoneClusterImpl-4d80237b-fa8d-46d0-bc6e-ad90cdc220b2/datanode-1/data/ratis/978f1694-b5d6-49c2-89ab-d075ae75eec0/current/log_inprogress_0
2021-12-24 01:41:20,330 [Listener at 127.0.0.1/45267] INFO  ozone.MiniOzoneClusterImpl (MiniOzoneClusterImpl.java:lambda$waitForClusterToBeReady$0(235)) - Nodes are ready. Got 3 of 3 DN Heartbeats.
2021-12-24 01:41:20,330 [Listener at 127.0.0.1/45267] INFO  ozone.MiniOzoneClusterImpl (MiniOzoneClusterImpl.java:lambda$waitForClusterToBeReady$0(238)) - Cluster exits safe mode
2021-12-24 01:41:20,330 [Listener at 127.0.0.1/45267] INFO  ozone.MiniOzoneClusterImpl (MiniOzoneClusterImpl.java:lambda$waitForClusterToBeReady$0(240)) - SCM became leader
2021-12-24 01:41:20,402 [Listener at 127.0.0.1/45267] INFO  rpc.RpcClient (RpcClient.java:createVolume(389)) - Creating Volume: volume98052, with user55130 as owner and space quota set to -1 bytes, counts quota set to -1
2021-12-24 01:41:20,428 [OM StateMachine ApplyTransaction Thread - 0] INFO  volume.OMVolumeCreateRequest (OMVolumeCreateRequest.java:validateAndUpdateCache(195)) - created volume:volume98052 for user:user55130
2021-12-24 01:41:20,466 [Listener at 127.0.0.1/45267] INFO  rpc.RpcClient (RpcClient.java:createBucket(552)) - Creating Bucket: volume98052/bucket45214, with runner as owner and Versioning false and Storage Type set to DISK and Encryption set to false 
2021-12-24 01:41:20,489 [300b4b33-4b10-4d3b-8d7e-eb04807d1878@group-CEF2A9609F69-FollowerState] INFO  impl.FollowerState (FollowerState.java:run(134)) - 300b4b33-4b10-4d3b-8d7e-eb04807d1878@group-CEF2A9609F69-FollowerState: change to CANDIDATE, lastRpcElapsedTime:5038046608ns, electionTimeout:5030ms
2021-12-24 01:41:20,490 [300b4b33-4b10-4d3b-8d7e-eb04807d1878@group-CEF2A9609F69-FollowerState] INFO  impl.RoleInfo (RoleInfo.java:shutdownFollowerState(108)) - 300b4b33-4b10-4d3b-8d7e-eb04807d1878: shutdown 300b4b33-4b10-4d3b-8d7e-eb04807d1878@group-CEF2A9609F69-FollowerState
2021-12-24 01:41:20,490 [300b4b33-4b10-4d3b-8d7e-eb04807d1878@group-CEF2A9609F69-FollowerState] INFO  server.RaftServer$Division (RaftServerImpl.java:setRole(290)) - 300b4b33-4b10-4d3b-8d7e-eb04807d1878@group-CEF2A9609F69: changes role from  FOLLOWER to CANDIDATE at term 0 for changeToCandidate
2021-12-24 01:41:20,490 [300b4b33-4b10-4d3b-8d7e-eb04807d1878@group-CEF2A9609F69-FollowerState] INFO  server.RaftServerConfigKeys (ConfUtils.java:logGet(44)) - raft.server.leaderelection.pre-vote = false (custom)
2021-12-24 01:41:20,490 [300b4b33-4b10-4d3b-8d7e-eb04807d1878@group-CEF2A9609F69-FollowerState] INFO  impl.RoleInfo (RoleInfo.java:updateAndGet(130)) - 300b4b33-4b10-4d3b-8d7e-eb04807d1878: start 300b4b33-4b10-4d3b-8d7e-eb04807d1878@group-CEF2A9609F69-LeaderElection48
]]></system-out>
    <system-err><![CDATA[Exception in thread "Trash Emptier" java.lang.UnsupportedOperationException: fs.getUri() not implemented in TrashOzoneFileSystem
	at org.apache.hadoop.ozone.om.TrashOzoneFileSystem.getUri(TrashOzoneFileSystem.java:124)
	at org.apache.hadoop.fs.FileSystem.close(FileSystem.java:2592)
	at org.apache.hadoop.ozone.om.TrashPolicyOzone$Emptier.run(TrashPolicyOzone.java:243)
	at java.lang.Thread.run(Thread.java:748)
]]></system-err>
  </testcase>
  <testcase name="testRenameFile[3]" classname="org.apache.hadoop.fs.ozone.TestRootedOzoneFileSystem" time="0.159"/>
  <testcase name="testListStatusRootAndVolumeRecursive[3]" classname="org.apache.hadoop.fs.ozone.TestRootedOzoneFileSystem" time="1.357"/>
  <testcase name="testTempMount[3]" classname="org.apache.hadoop.fs.ozone.TestRootedOzoneFileSystem" time="0.26"/>
  <testcase name="testListStatusRootAndVolumeNonRecursive[3]" classname="org.apache.hadoop.fs.ozone.TestRootedOzoneFileSystem" time="0.509"/>
  <testcase name="testDeleteVolumeAndBucket[3]" classname="org.apache.hadoop.fs.ozone.TestRootedOzoneFileSystem" time="0.081"/>
  <testcase name="testRenameDirToItsOwnSubDir[3]" classname="org.apache.hadoop.fs.ozone.TestRootedOzoneFileSystem" time="0.03"/>
  <testcase name="testOzoneFsServiceLoader[3]" classname="org.apache.hadoop.fs.ozone.TestRootedOzoneFileSystem" time="0.043"/>
  <testcase name="testTrash[3]" classname="org.apache.hadoop.fs.ozone.TestRootedOzoneFileSystem" time="0">
    <skipped/>
  </testcase>
  <testcase name="testRenameDestinationParentDoesntExist[3]" classname="org.apache.hadoop.fs.ozone.TestRootedOzoneFileSystem" time="0.082"/>
  <testcase name="testGetFileStatusRoot[3]" classname="org.apache.hadoop.fs.ozone.TestRootedOzoneFileSystem" time="0.005"/>
  <testcase name="testCreateWithInvalidPaths[3]" classname="org.apache.hadoop.fs.ozone.TestRootedOzoneFileSystem" time="0.002"/>
  <testcase name="testDeleteEmptyVolume[3]" classname="org.apache.hadoop.fs.ozone.TestRootedOzoneFileSystem" time="0.038"/>
  <testcase name="testListStatusRootAndVolumeContinuation[3]" classname="org.apache.hadoop.fs.ozone.TestRootedOzoneFileSystem" time="1.076"/>
  <testcase name="testDeleteVolumeBucketAndKey[3]" classname="org.apache.hadoop.fs.ozone.TestRootedOzoneFileSystem" time="0.124"/>
  <testcase name="testRenameToParentDir[3]" classname="org.apache.hadoop.fs.ozone.TestRootedOzoneFileSystem" time="0.088"/>
  <testcase name="testMkdirNonExistentVolumeBucket[3]" classname="org.apache.hadoop.fs.ozone.TestRootedOzoneFileSystem" time="0.241"/>
  <testcase name="testFailToDeleteRoot[3]" classname="org.apache.hadoop.fs.ozone.TestRootedOzoneFileSystem" time="0.005"/>
  <testcase name="testListStatusOnSubDirs[3]" classname="org.apache.hadoop.fs.ozone.TestRootedOzoneFileSystem" time="0.09"/>
  <testcase name="testListStatus[3]" classname="org.apache.hadoop.fs.ozone.TestRootedOzoneFileSystem" time="0.092"/>
  <testcase name="testGetTrashRoots[3]" classname="org.apache.hadoop.fs.ozone.TestRootedOzoneFileSystem" time="0.932"/>
  <testcase name="testCreateDoesNotAddParentDirKeys[3]" classname="org.apache.hadoop.fs.ozone.TestRootedOzoneFileSystem" time="0.214"/>
  <testcase name="testMkdirNonExistentVolume[3]" classname="org.apache.hadoop.fs.ozone.TestRootedOzoneFileSystem" time="0.01"/>
  <testcase name="testDeleteCreatesFakeParentDir[3]" classname="org.apache.hadoop.fs.ozone.TestRootedOzoneFileSystem" time="0.207"/>
  <testcase name="testNonExplicitlyCreatedPathExistsAfterItsLeafsWereRemoved[3]" classname="org.apache.hadoop.fs.ozone.TestRootedOzoneFileSystem" time="0.071"/>
  <testcase name="testFileDelete[3]" classname="org.apache.hadoop.fs.ozone.TestRootedOzoneFileSystem" time="0.209"/>
  <testcase name="testRenameToTrashEnabled[3]" classname="org.apache.hadoop.fs.ozone.TestRootedOzoneFileSystem" time="0.312"/>
  <testcase name="testMkdirOnNonExistentVolumeBucketDir[3]" classname="org.apache.hadoop.fs.ozone.TestRootedOzoneFileSystem" time="0.123"/>
  <testcase name="testListStatusOnLargeDirectory[3]" classname="org.apache.hadoop.fs.ozone.TestRootedOzoneFileSystem" time="19.598"/>
  <testcase name="testRenameToDifferentBucket[3]" classname="org.apache.hadoop.fs.ozone.TestRootedOzoneFileSystem" time="0.076"/>
  <testcase name="testListStatusInBucket[3]" classname="org.apache.hadoop.fs.ozone.TestRootedOzoneFileSystem" time="0.026"/>
  <testcase name="testRenameFileToDir[3]" classname="org.apache.hadoop.fs.ozone.TestRootedOzoneFileSystem" time="0.123"/>
  <testcase name="testNonPrivilegedUserMkdirCreateBucket[4]" classname="org.apache.hadoop.fs.ozone.TestRootedOzoneFileSystem" time="0">
    <skipped message="ACL is not enabled. Skipping this test as it requires ACL to be enabled to be meaningful." type="org.junit.AssumptionViolatedException">org.junit.AssumptionViolatedException: ACL is not enabled. Skipping this test as it requires ACL to be enabled to be meaningful.
	at org.junit.Assume.assumeTrue(Assume.java:68)
	at org.apache.hadoop.fs.ozone.TestRootedOzoneFileSystem.testNonPrivilegedUserMkdirCreateBucket(TestRootedOzoneFileSystem.java:1582)
	at sun.reflect.NativeMethodAccessorImpl.invoke0(Native Method)
	at sun.reflect.NativeMethodAccessorImpl.invoke(NativeMethodAccessorImpl.java:62)
	at sun.reflect.DelegatingMethodAccessorImpl.invoke(DelegatingMethodAccessorImpl.java:43)
	at java.lang.reflect.Method.invoke(Method.java:498)
	at org.junit.runners.model.FrameworkMethod$1.runReflectiveCall(FrameworkMethod.java:59)
	at org.junit.internal.runners.model.ReflectiveCallable.run(ReflectiveCallable.java:12)
	at org.junit.runners.model.FrameworkMethod.invokeExplosively(FrameworkMethod.java:56)
	at org.junit.internal.runners.statements.InvokeMethod.evaluate(InvokeMethod.java:17)
	at org.junit.internal.runners.statements.FailOnTimeout$CallableStatement.call(FailOnTimeout.java:288)
	at org.junit.internal.runners.statements.FailOnTimeout$CallableStatement.call(FailOnTimeout.java:282)
	at java.util.concurrent.FutureTask.run(FutureTask.java:266)
	at java.lang.Thread.run(Thread.java:748)
</skipped>
    <system-out><![CDATA[2021-12-24 01:41:46,682 [Listener at 127.0.0.1/45267] INFO  ozone.MiniOzoneClusterImpl (MiniOzoneClusterImpl.java:shutdown(453)) - Shutting down the Mini Ozone Cluster
2021-12-24 01:41:46,682 [Listener at 127.0.0.1/45267] INFO  ozone.MiniOzoneClusterImpl (MiniOzoneClusterImpl.java:stop(468)) - Stopping the Mini Ozone Cluster
2021-12-24 01:41:46,682 [Listener at 127.0.0.1/45267] INFO  ozone.MiniOzoneClusterImpl (MiniOzoneClusterImpl.java:stopOM(550)) - Stopping the OzoneManager
2021-12-24 01:41:46,682 [Listener at 127.0.0.1/45267] INFO  om.OzoneManager (OzoneManager.java:stop(1893)) - om1[localhost:0]: Stopping Ozone Manager
2021-12-24 01:41:46,682 [Listener at 127.0.0.1/45267] INFO  ipc.Server (Server.java:stop(3414)) - Stopping server on 45267
2021-12-24 01:41:46,730 [IPC Server listener on 0] INFO  ipc.Server (Server.java:run(1376)) - Stopping IPC Server listener on 0
2021-12-24 01:41:46,733 [IPC Server Responder] INFO  ipc.Server (Server.java:run(1512)) - Stopping IPC Server Responder
2021-12-24 01:41:46,734 [Listener at 127.0.0.1/45267] INFO  server.RaftServer (RaftServerProxy.java:lambda$close$6(391)) - om1: close
2021-12-24 01:41:46,734 [Listener at 127.0.0.1/45267] INFO  server.RaftServer$Division (RaftServerImpl.java:lambda$close$4(412)) - om1@group-C5BA1605619E: shutdown
2021-12-24 01:41:46,734 [Listener at 127.0.0.1/45267] INFO  util.JmxRegister (JmxRegister.java:unregister(73)) - Successfully un-registered JMX Bean with object name Ratis:service=RaftServer,group=group-C5BA1605619E,id=om1
2021-12-24 01:41:46,734 [Listener at 127.0.0.1/45267] INFO  impl.RoleInfo (RoleInfo.java:shutdownLeaderState(91)) - om1: shutdown om1@group-C5BA1605619E-LeaderStateImpl
2021-12-24 01:41:46,735 [Listener at 127.0.0.1/45267] INFO  impl.PendingRequests (PendingRequests.java:sendNotLeaderResponses(282)) - om1@group-C5BA1605619E-PendingRequests: sendNotLeaderResponses
2021-12-24 01:41:46,761 [Listener at 127.0.0.1/45267] INFO  impl.StateMachineUpdater (StateMachineUpdater.java:stopAndJoin(149)) - om1@group-C5BA1605619E-StateMachineUpdater: set stopIndex = 6688
2021-12-24 01:41:46,766 [om1@group-C5BA1605619E-StateMachineUpdater] INFO  ratis.OzoneManagerStateMachine (OzoneManagerStateMachine.java:takeSnapshot(417)) - Current Snapshot Index (t:1, i:6688)
2021-12-24 01:41:46,766 [om1@group-C5BA1605619E-StateMachineUpdater] INFO  impl.StateMachineUpdater (StateMachineUpdater.java:takeSnapshot(281)) - om1@group-C5BA1605619E-StateMachineUpdater: Took a snapshot at index 6688
2021-12-24 01:41:46,766 [om1@group-C5BA1605619E-StateMachineUpdater] INFO  impl.StateMachineUpdater (StateMachineUpdater.java:lambda$new$0(89)) - om1@group-C5BA1605619E-StateMachineUpdater: snapshotIndex: updateIncreasingly -1 -> 6688
2021-12-24 01:41:46,766 [om1@group-C5BA1605619E-StateMachineUpdater] INFO  ratis.OzoneManagerStateMachine (OzoneManagerStateMachine.java:close(471)) - StateMachine has shutdown. Shutdown OzoneManager if not already shutdown.
2021-12-24 01:41:46,766 [Listener at 127.0.0.1/45267] INFO  server.RaftServer$Division (ServerState.java:close(419)) - om1@group-C5BA1605619E: closes. applyIndex: 6688
2021-12-24 01:41:46,768 [om1@group-C5BA1605619E-SegmentedRaftLogWorker] INFO  segmented.SegmentedRaftLogWorker (SegmentedRaftLogWorker.java:run(327)) - om1@group-C5BA1605619E-SegmentedRaftLogWorker was interrupted, exiting. There are 0 tasks remaining in the queue.
2021-12-24 01:41:46,771 [Listener at 127.0.0.1/45267] INFO  segmented.SegmentedRaftLogWorker (SegmentedRaftLogWorker.java:close(237)) - om1@group-C5BA1605619E-SegmentedRaftLogWorker close()
2021-12-24 01:41:46,782 [Listener at 127.0.0.1/45267] INFO  server.GrpcService (GrpcService.java:closeImpl(262)) - om1: shutdown server with port 9872 now
2021-12-24 01:41:46,782 [Listener at 127.0.0.1/45267] INFO  server.GrpcService (GrpcService.java:closeImpl(271)) - om1: shutdown server with port 9872 successfully
2021-12-24 01:41:46,789 [org.apache.ratis.util.JvmPauseMonitor$$Lambda$528/1509220174@1e9fd21d] INFO  util.JvmPauseMonitor (JvmPauseMonitor.java:run(109)) - JvmPauseMonitor-om1: Stopped
2021-12-24 01:41:46,790 [Listener at 127.0.0.1/45267] INFO  ratis.OzoneManagerDoubleBuffer (OzoneManagerDoubleBuffer.java:stop(437)) - Stopping OMDoubleBuffer flush thread
2021-12-24 01:41:46,793 [OMDoubleBufferFlushThread] INFO  ratis.OzoneManagerDoubleBuffer (OzoneManagerDoubleBuffer.java:flushTransactions(356)) - OMDoubleBuffer flush thread OMDoubleBufferFlushThread is interrupted and will exit. OMDoubleBufferFlushThread
2021-12-24 01:41:46,793 [Listener at 127.0.0.1/45267] INFO  utils.BackgroundService (BackgroundService.java:shutdown(132)) - Shutting down service KeyDeletingService
2021-12-24 01:41:46,794 [Listener at 127.0.0.1/45267] INFO  utils.BackgroundService (BackgroundService.java:shutdown(132)) - Shutting down service DirectoryDeletingService
2021-12-24 01:41:46,795 [Listener at 127.0.0.1/45267] INFO  handler.ContextHandler (ContextHandler.java:doStop(1153)) - Stopped o.e.j.w.WebAppContext@19fec920{ozoneManager,/,null,STOPPED}{file:/home/runner/work/ozone/ozone/hadoop-ozone/integration-test/target/test-classes/webapps/ozoneManager}
2021-12-24 01:41:46,797 [Listener at 127.0.0.1/45267] INFO  server.AbstractConnector (AbstractConnector.java:doStop(381)) - Stopped ServerConnector@32d8185c{HTTP/1.1, (http/1.1)}{0.0.0.0:0}
2021-12-24 01:41:46,797 [Listener at 127.0.0.1/45267] INFO  server.session (HouseKeeper.java:stopScavenging(149)) - node0 Stopped scavenging
2021-12-24 01:41:46,797 [Listener at 127.0.0.1/45267] INFO  handler.ContextHandler (ContextHandler.java:doStop(1153)) - Stopped o.e.j.s.ServletContextHandler@65731150{static,/static,file:///home/runner/work/ozone/ozone/hadoop-ozone/integration-test/target/test-classes/webapps/static,STOPPED}
2021-12-24 01:41:46,798 [Listener at 127.0.0.1/45267] INFO  handler.ContextHandler (ContextHandler.java:doStop(1153)) - Stopped o.e.j.s.ServletContextHandler@2fa33765{logs,/logs,file:///home/runner/work/ozone/ozone/hadoop-ozone/integration-test/target/log,STOPPED}
2021-12-24 01:41:46,802 [Trash Emptier] ERROR om.TrashPolicyOzone (TrashPolicyOzone.java:run(251)) - Error attempting to shutdown
java.lang.InterruptedException
	at java.util.concurrent.locks.AbstractQueuedSynchronizer$ConditionObject.awaitNanos(AbstractQueuedSynchronizer.java:2067)
	at java.util.concurrent.ThreadPoolExecutor.awaitTermination(ThreadPoolExecutor.java:1475)
	at org.apache.hadoop.ozone.om.TrashPolicyOzone$Emptier.run(TrashPolicyOzone.java:249)
	at java.lang.Thread.run(Thread.java:748)
2021-12-24 01:41:46,817 [Listener at 127.0.0.1/45267] INFO  ozone.MiniOzoneClusterImpl (MiniOzoneClusterImpl.java:stopDatanodes(527)) - Stopping the HddsDatanodes
2021-12-24 01:41:51,834 [Listener at 127.0.0.1/45267] INFO  ozoneimpl.OzoneContainer (OzoneContainer.java:stop(336)) - Attempting to stop container services.
2021-12-24 01:41:51,836 [ForkJoinPool.commonPool-worker-0] INFO  ozoneimpl.OzoneContainer (OzoneContainer.java:stop(336)) - Attempting to stop container services.
2021-12-24 01:41:51,836 [Listener at 127.0.0.1/45267] INFO  server.RaftServer (RaftServerProxy.java:lambda$close$6(391)) - f4b17f89-e1d3-40ea-af65-31a9a9e14b5d: close
2021-12-24 01:41:51,836 [Listener at 127.0.0.1/45267] INFO  server.RaftServer$Division (RaftServerImpl.java:lambda$close$4(412)) - f4b17f89-e1d3-40ea-af65-31a9a9e14b5d@group-26DAE9B0C578: shutdown
2021-12-24 01:41:51,836 [Listener at 127.0.0.1/45267] INFO  util.JmxRegister (JmxRegister.java:unregister(73)) - Successfully un-registered JMX Bean with object name Ratis:service=RaftServer,group=group-26DAE9B0C578,id=f4b17f89-e1d3-40ea-af65-31a9a9e14b5d
2021-12-24 01:41:51,837 [Listener at 127.0.0.1/45267] INFO  impl.RoleInfo (RoleInfo.java:shutdownLeaderState(91)) - f4b17f89-e1d3-40ea-af65-31a9a9e14b5d: shutdown f4b17f89-e1d3-40ea-af65-31a9a9e14b5d@group-26DAE9B0C578-LeaderStateImpl
2021-12-24 01:41:51,838 [ForkJoinPool.commonPool-worker-0] INFO  server.RaftServer (RaftServerProxy.java:lambda$close$6(391)) - 2929649d-66d9-4679-b58a-41df8f12a6f1: close
2021-12-24 01:41:51,838 [ForkJoinPool.commonPool-worker-0] INFO  server.RaftServer$Division (RaftServerImpl.java:lambda$close$4(412)) - 2929649d-66d9-4679-b58a-41df8f12a6f1@group-D075AE75EEC0: shutdown
2021-12-24 01:41:51,838 [ForkJoinPool.commonPool-worker-0] INFO  util.JmxRegister (JmxRegister.java:unregister(73)) - Successfully un-registered JMX Bean with object name Ratis:service=RaftServer,group=group-D075AE75EEC0,id=2929649d-66d9-4679-b58a-41df8f12a6f1
2021-12-24 01:41:51,838 [ForkJoinPool.commonPool-worker-0] INFO  impl.RoleInfo (RoleInfo.java:shutdownLeaderState(91)) - 2929649d-66d9-4679-b58a-41df8f12a6f1: shutdown 2929649d-66d9-4679-b58a-41df8f12a6f1@group-D075AE75EEC0-LeaderStateImpl
2021-12-24 01:41:51,838 [ForkJoinPool.commonPool-worker-0] INFO  impl.PendingRequests (PendingRequests.java:sendNotLeaderResponses(282)) - 2929649d-66d9-4679-b58a-41df8f12a6f1@group-D075AE75EEC0-PendingRequests: sendNotLeaderResponses
2021-12-24 01:41:51,838 [2929649d-66d9-4679-b58a-41df8f12a6f1@group-D075AE75EEC0->f4b17f89-e1d3-40ea-af65-31a9a9e14b5d-GrpcLogAppender-LogAppenderDaemon] WARN  server.GrpcLogAppender (GrpcLogAppender.java:mayWait(177)) - 2929649d-66d9-4679-b58a-41df8f12a6f1@group-D075AE75EEC0->f4b17f89-e1d3-40ea-af65-31a9a9e14b5d-GrpcLogAppender: Wait interrupted by java.lang.InterruptedException
2021-12-24 01:41:51,840 [ForkJoinPool.commonPool-worker-0] INFO  impl.StateMachineUpdater (StateMachineUpdater.java:stopAndJoin(149)) - 2929649d-66d9-4679-b58a-41df8f12a6f1@group-D075AE75EEC0-StateMachineUpdater: set stopIndex = 48
2021-12-24 01:41:51,841 [Listener at 127.0.0.1/45267] INFO  impl.PendingRequests (PendingRequests.java:sendNotLeaderResponses(282)) - f4b17f89-e1d3-40ea-af65-31a9a9e14b5d@group-26DAE9B0C578-PendingRequests: sendNotLeaderResponses
2021-12-24 01:41:51,842 [f4b17f89-e1d3-40ea-af65-31a9a9e14b5d@group-26DAE9B0C578-StateMachineUpdater] INFO  ratis.ContainerStateMachine (ContainerStateMachine.java:takeSnapshot(299)) - group-26DAE9B0C578: Taking a snapshot at:(t:1, i:0) file /home/runner/work/ozone/ozone/hadoop-ozone/integration-test/target/test-dir/MiniOzoneClusterImpl-4d80237b-fa8d-46d0-bc6e-ad90cdc220b2/datanode-1/data/ratis/19776e57-795c-44ed-8bf7-26dae9b0c578/sm/snapshot.1_0
2021-12-24 01:41:51,842 [Listener at 127.0.0.1/45267] INFO  impl.StateMachineUpdater (StateMachineUpdater.java:stopAndJoin(149)) - f4b17f89-e1d3-40ea-af65-31a9a9e14b5d@group-26DAE9B0C578-StateMachineUpdater: set stopIndex = 0
2021-12-24 01:41:51,844 [f4b17f89-e1d3-40ea-af65-31a9a9e14b5d@group-26DAE9B0C578-StateMachineUpdater] INFO  ratis.ContainerStateMachine (ContainerStateMachine.java:takeSnapshot(310)) - group-26DAE9B0C578: Finished taking a snapshot at:(t:1, i:0) file:/home/runner/work/ozone/ozone/hadoop-ozone/integration-test/target/test-dir/MiniOzoneClusterImpl-4d80237b-fa8d-46d0-bc6e-ad90cdc220b2/datanode-1/data/ratis/19776e57-795c-44ed-8bf7-26dae9b0c578/sm/snapshot.1_0 took: 2 ms
2021-12-24 01:41:51,850 [f4b17f89-e1d3-40ea-af65-31a9a9e14b5d@group-26DAE9B0C578-StateMachineUpdater] INFO  impl.StateMachineUpdater (StateMachineUpdater.java:takeSnapshot(281)) - f4b17f89-e1d3-40ea-af65-31a9a9e14b5d@group-26DAE9B0C578-StateMachineUpdater: Took a snapshot at index 0
2021-12-24 01:41:51,850 [f4b17f89-e1d3-40ea-af65-31a9a9e14b5d@group-26DAE9B0C578-StateMachineUpdater] INFO  impl.StateMachineUpdater (StateMachineUpdater.java:lambda$new$0(89)) - f4b17f89-e1d3-40ea-af65-31a9a9e14b5d@group-26DAE9B0C578-StateMachineUpdater: snapshotIndex: updateIncreasingly -1 -> 0
2021-12-24 01:41:51,851 [Listener at 127.0.0.1/45267] INFO  server.RaftServer$Division (ServerState.java:close(419)) - f4b17f89-e1d3-40ea-af65-31a9a9e14b5d@group-26DAE9B0C578: closes. applyIndex: 0
2021-12-24 01:41:51,851 [f4b17f89-e1d3-40ea-af65-31a9a9e14b5d@group-26DAE9B0C578-SegmentedRaftLogWorker] INFO  segmented.SegmentedRaftLogWorker (SegmentedRaftLogWorker.java:run(327)) - f4b17f89-e1d3-40ea-af65-31a9a9e14b5d@group-26DAE9B0C578-SegmentedRaftLogWorker was interrupted, exiting. There are 0 tasks remaining in the queue.
2021-12-24 01:41:51,851 [Listener at 127.0.0.1/45267] INFO  segmented.SegmentedRaftLogWorker (SegmentedRaftLogWorker.java:close(237)) - f4b17f89-e1d3-40ea-af65-31a9a9e14b5d@group-26DAE9B0C578-SegmentedRaftLogWorker close()
2021-12-24 01:41:51,853 [Listener at 127.0.0.1/45267] INFO  server.RaftServer$Division (RaftServerImpl.java:lambda$close$4(412)) - f4b17f89-e1d3-40ea-af65-31a9a9e14b5d@group-D075AE75EEC0: shutdown
2021-12-24 01:41:51,853 [Listener at 127.0.0.1/45267] INFO  util.JmxRegister (JmxRegister.java:unregister(73)) - Successfully un-registered JMX Bean with object name Ratis:service=RaftServer,group=group-D075AE75EEC0,id=f4b17f89-e1d3-40ea-af65-31a9a9e14b5d
2021-12-24 01:41:51,853 [Listener at 127.0.0.1/45267] INFO  impl.RoleInfo (RoleInfo.java:shutdownFollowerState(108)) - f4b17f89-e1d3-40ea-af65-31a9a9e14b5d: shutdown f4b17f89-e1d3-40ea-af65-31a9a9e14b5d@group-D075AE75EEC0-FollowerState
2021-12-24 01:41:51,853 [Listener at 127.0.0.1/45267] INFO  impl.StateMachineUpdater (StateMachineUpdater.java:stopAndJoin(149)) - f4b17f89-e1d3-40ea-af65-31a9a9e14b5d@group-D075AE75EEC0-StateMachineUpdater: set stopIndex = 48
2021-12-24 01:41:51,853 [f4b17f89-e1d3-40ea-af65-31a9a9e14b5d@group-D075AE75EEC0-FollowerState] INFO  impl.FollowerState (FollowerState.java:run(143)) - f4b17f89-e1d3-40ea-af65-31a9a9e14b5d@group-D075AE75EEC0-FollowerState was interrupted: {}
java.lang.InterruptedException: sleep interrupted
	at java.lang.Thread.sleep(Native Method)
	at java.lang.Thread.sleep(Thread.java:340)
	at java.util.concurrent.TimeUnit.sleep(TimeUnit.java:386)
	at org.apache.ratis.util.TimeDuration.sleep(TimeDuration.java:324)
	at org.apache.ratis.util.TimeDuration.sleep(TimeDuration.java:309)
	at org.apache.ratis.server.impl.FollowerState.run(FollowerState.java:118)
2021-12-24 01:41:51,853 [f4b17f89-e1d3-40ea-af65-31a9a9e14b5d@group-D075AE75EEC0-StateMachineUpdater] INFO  ratis.ContainerStateMachine (ContainerStateMachine.java:takeSnapshot(299)) - group-D075AE75EEC0: Taking a snapshot at:(t:1, i:48) file /home/runner/work/ozone/ozone/hadoop-ozone/integration-test/target/test-dir/MiniOzoneClusterImpl-4d80237b-fa8d-46d0-bc6e-ad90cdc220b2/datanode-1/data/ratis/978f1694-b5d6-49c2-89ab-d075ae75eec0/sm/snapshot.1_48
2021-12-24 01:41:51,854 [2929649d-66d9-4679-b58a-41df8f12a6f1@group-D075AE75EEC0->300b4b33-4b10-4d3b-8d7e-eb04807d1878-GrpcLogAppender-LogAppenderDaemon] WARN  server.GrpcLogAppender (GrpcLogAppender.java:mayWait(177)) - 2929649d-66d9-4679-b58a-41df8f12a6f1@group-D075AE75EEC0->300b4b33-4b10-4d3b-8d7e-eb04807d1878-GrpcLogAppender: Wait interrupted by java.lang.InterruptedException
2021-12-24 01:41:51,855 [f4b17f89-e1d3-40ea-af65-31a9a9e14b5d@group-D075AE75EEC0-StateMachineUpdater] INFO  ratis.ContainerStateMachine (ContainerStateMachine.java:takeSnapshot(310)) - group-D075AE75EEC0: Finished taking a snapshot at:(t:1, i:48) file:/home/runner/work/ozone/ozone/hadoop-ozone/integration-test/target/test-dir/MiniOzoneClusterImpl-4d80237b-fa8d-46d0-bc6e-ad90cdc220b2/datanode-1/data/ratis/978f1694-b5d6-49c2-89ab-d075ae75eec0/sm/snapshot.1_48 took: 2 ms
2021-12-24 01:41:51,856 [f4b17f89-e1d3-40ea-af65-31a9a9e14b5d@group-D075AE75EEC0-StateMachineUpdater] INFO  impl.StateMachineUpdater (StateMachineUpdater.java:takeSnapshot(281)) - f4b17f89-e1d3-40ea-af65-31a9a9e14b5d@group-D075AE75EEC0-StateMachineUpdater: Took a snapshot at index 48
2021-12-24 01:41:51,856 [f4b17f89-e1d3-40ea-af65-31a9a9e14b5d@group-D075AE75EEC0-StateMachineUpdater] INFO  impl.StateMachineUpdater (StateMachineUpdater.java:lambda$new$0(89)) - f4b17f89-e1d3-40ea-af65-31a9a9e14b5d@group-D075AE75EEC0-StateMachineUpdater: snapshotIndex: updateIncreasingly -1 -> 48
2021-12-24 01:41:51,862 [Listener at 127.0.0.1/45267] INFO  server.RaftServer$Division (ServerState.java:close(419)) - f4b17f89-e1d3-40ea-af65-31a9a9e14b5d@group-D075AE75EEC0: closes. applyIndex: 48
2021-12-24 01:41:51,862 [f4b17f89-e1d3-40ea-af65-31a9a9e14b5d@group-D075AE75EEC0-SegmentedRaftLogWorker] INFO  segmented.SegmentedRaftLogWorker (SegmentedRaftLogWorker.java:run(327)) - f4b17f89-e1d3-40ea-af65-31a9a9e14b5d@group-D075AE75EEC0-SegmentedRaftLogWorker was interrupted, exiting. There are 0 tasks remaining in the queue.
2021-12-24 01:41:51,866 [Listener at 127.0.0.1/45267] INFO  segmented.SegmentedRaftLogWorker (SegmentedRaftLogWorker.java:close(237)) - f4b17f89-e1d3-40ea-af65-31a9a9e14b5d@group-D075AE75EEC0-SegmentedRaftLogWorker close()
2021-12-24 01:41:51,866 [Listener at 127.0.0.1/45267] INFO  server.RaftServer$Division (RaftServerImpl.java:lambda$close$4(412)) - f4b17f89-e1d3-40ea-af65-31a9a9e14b5d@group-5F95E21525C4: shutdown
2021-12-24 01:41:51,867 [Listener at 127.0.0.1/45267] INFO  util.JmxRegister (JmxRegister.java:unregister(73)) - Successfully un-registered JMX Bean with object name Ratis:service=RaftServer,group=group-5F95E21525C4,id=f4b17f89-e1d3-40ea-af65-31a9a9e14b5d
2021-12-24 01:41:51,867 [Listener at 127.0.0.1/45267] INFO  impl.RoleInfo (RoleInfo.java:shutdownLeaderState(91)) - f4b17f89-e1d3-40ea-af65-31a9a9e14b5d: shutdown f4b17f89-e1d3-40ea-af65-31a9a9e14b5d@group-5F95E21525C4-LeaderStateImpl
2021-12-24 01:41:51,867 [f4b17f89-e1d3-40ea-af65-31a9a9e14b5d@group-5F95E21525C4->300b4b33-4b10-4d3b-8d7e-eb04807d1878-GrpcLogAppender-LogAppenderDaemon] WARN  server.GrpcLogAppender (GrpcLogAppender.java:mayWait(177)) - f4b17f89-e1d3-40ea-af65-31a9a9e14b5d@group-5F95E21525C4->300b4b33-4b10-4d3b-8d7e-eb04807d1878-GrpcLogAppender: Wait interrupted by java.lang.InterruptedException
2021-12-24 01:41:51,867 [f4b17f89-e1d3-40ea-af65-31a9a9e14b5d@group-5F95E21525C4->2929649d-66d9-4679-b58a-41df8f12a6f1-GrpcLogAppender-LogAppenderDaemon] WARN  server.GrpcLogAppender (GrpcLogAppender.java:mayWait(177)) - f4b17f89-e1d3-40ea-af65-31a9a9e14b5d@group-5F95E21525C4->2929649d-66d9-4679-b58a-41df8f12a6f1-GrpcLogAppender: Wait interrupted by java.lang.InterruptedException
2021-12-24 01:41:51,867 [Listener at 127.0.0.1/45267] INFO  impl.PendingRequests (PendingRequests.java:sendNotLeaderResponses(282)) - f4b17f89-e1d3-40ea-af65-31a9a9e14b5d@group-5F95E21525C4-PendingRequests: sendNotLeaderResponses
2021-12-24 01:41:51,868 [Listener at 127.0.0.1/45267] INFO  impl.StateMachineUpdater (StateMachineUpdater.java:stopAndJoin(149)) - f4b17f89-e1d3-40ea-af65-31a9a9e14b5d@group-5F95E21525C4-StateMachineUpdater: set stopIndex = 0
2021-12-24 01:41:51,869 [f4b17f89-e1d3-40ea-af65-31a9a9e14b5d@group-5F95E21525C4-StateMachineUpdater] INFO  ratis.ContainerStateMachine (ContainerStateMachine.java:takeSnapshot(299)) - group-5F95E21525C4: Taking a snapshot at:(t:5, i:0) file /home/runner/work/ozone/ozone/hadoop-ozone/integration-test/target/test-dir/MiniOzoneClusterImpl-4d80237b-fa8d-46d0-bc6e-ad90cdc220b2/datanode-1/data/ratis/7a1e8ed4-cdd2-42a9-97ca-5f95e21525c4/sm/snapshot.5_0
2021-12-24 01:41:51,870 [f4b17f89-e1d3-40ea-af65-31a9a9e14b5d@group-5F95E21525C4-StateMachineUpdater] INFO  ratis.ContainerStateMachine (ContainerStateMachine.java:takeSnapshot(310)) - group-5F95E21525C4: Finished taking a snapshot at:(t:5, i:0) file:/home/runner/work/ozone/ozone/hadoop-ozone/integration-test/target/test-dir/MiniOzoneClusterImpl-4d80237b-fa8d-46d0-bc6e-ad90cdc220b2/datanode-1/data/ratis/7a1e8ed4-cdd2-42a9-97ca-5f95e21525c4/sm/snapshot.5_0 took: 1 ms
2021-12-24 01:41:51,870 [f4b17f89-e1d3-40ea-af65-31a9a9e14b5d@group-5F95E21525C4-StateMachineUpdater] INFO  impl.StateMachineUpdater (StateMachineUpdater.java:takeSnapshot(281)) - f4b17f89-e1d3-40ea-af65-31a9a9e14b5d@group-5F95E21525C4-StateMachineUpdater: Took a snapshot at index 0
2021-12-24 01:41:51,870 [f4b17f89-e1d3-40ea-af65-31a9a9e14b5d@group-5F95E21525C4-StateMachineUpdater] INFO  impl.StateMachineUpdater (StateMachineUpdater.java:lambda$new$0(89)) - f4b17f89-e1d3-40ea-af65-31a9a9e14b5d@group-5F95E21525C4-StateMachineUpdater: snapshotIndex: updateIncreasingly -1 -> 0
2021-12-24 01:41:51,881 [2929649d-66d9-4679-b58a-41df8f12a6f1@group-D075AE75EEC0-StateMachineUpdater] INFO  ratis.ContainerStateMachine (ContainerStateMachine.java:takeSnapshot(299)) - group-D075AE75EEC0: Taking a snapshot at:(t:1, i:48) file /home/runner/work/ozone/ozone/hadoop-ozone/integration-test/target/test-dir/MiniOzoneClusterImpl-4d80237b-fa8d-46d0-bc6e-ad90cdc220b2/datanode-0/data/ratis/978f1694-b5d6-49c2-89ab-d075ae75eec0/sm/snapshot.1_48
2021-12-24 01:41:51,881 [grpc-default-executor-2] INFO  server.GrpcServerProtocolService (GrpcServerProtocolService.java:onCompleted(140)) - f4b17f89-e1d3-40ea-af65-31a9a9e14b5d: Completed APPEND_ENTRIES, lastRequest: 2929649d-66d9-4679-b58a-41df8f12a6f1->f4b17f89-e1d3-40ea-af65-31a9a9e14b5d#619-t1,previous=(t:1, i:47),leaderCommit=46,initializing? true,entries: size=1, first=(t:1, i:48), METADATAENTRY(c:46)
2021-12-24 01:41:51,882 [grpc-default-executor-3] INFO  server.GrpcServerProtocolService (GrpcServerProtocolService.java:onCompleted(140)) - 300b4b33-4b10-4d3b-8d7e-eb04807d1878: Completed APPEND_ENTRIES, lastRequest: 2929649d-66d9-4679-b58a-41df8f12a6f1->300b4b33-4b10-4d3b-8d7e-eb04807d1878#616-t1,previous=(t:1, i:47),leaderCommit=46,initializing? true,entries: size=1, first=(t:1, i:48), METADATAENTRY(c:46)
2021-12-24 01:41:51,883 [grpc-default-executor-0] INFO  server.GrpcServerProtocolService (GrpcServerProtocolService.java:onCompleted(140)) - 300b4b33-4b10-4d3b-8d7e-eb04807d1878: Completed APPEND_ENTRIES, lastRequest: f4b17f89-e1d3-40ea-af65-31a9a9e14b5d->300b4b33-4b10-4d3b-8d7e-eb04807d1878#1-t5,previous=(t:0, i:0),leaderCommit=-1,initializing? true,entries: size=1, first=(t:5, i:0), CONFIGURATIONENTRY
2021-12-24 01:41:51,883 [grpc-default-executor-1] INFO  server.GrpcServerProtocolService (GrpcServerProtocolService.java:onCompleted(140)) - 2929649d-66d9-4679-b58a-41df8f12a6f1: Completed APPEND_ENTRIES, lastRequest: f4b17f89-e1d3-40ea-af65-31a9a9e14b5d->2929649d-66d9-4679-b58a-41df8f12a6f1#1-t5,previous=(t:0, i:0),leaderCommit=-1,initializing? true,entries: size=1, first=(t:5, i:0), CONFIGURATIONENTRY
2021-12-24 01:41:51,883 [2929649d-66d9-4679-b58a-41df8f12a6f1@group-D075AE75EEC0-StateMachineUpdater] INFO  ratis.ContainerStateMachine (ContainerStateMachine.java:takeSnapshot(310)) - group-D075AE75EEC0: Finished taking a snapshot at:(t:1, i:48) file:/home/runner/work/ozone/ozone/hadoop-ozone/integration-test/target/test-dir/MiniOzoneClusterImpl-4d80237b-fa8d-46d0-bc6e-ad90cdc220b2/datanode-0/data/ratis/978f1694-b5d6-49c2-89ab-d075ae75eec0/sm/snapshot.1_48 took: 3 ms
2021-12-24 01:41:51,884 [2929649d-66d9-4679-b58a-41df8f12a6f1@group-D075AE75EEC0-StateMachineUpdater] INFO  impl.StateMachineUpdater (StateMachineUpdater.java:takeSnapshot(281)) - 2929649d-66d9-4679-b58a-41df8f12a6f1@group-D075AE75EEC0-StateMachineUpdater: Took a snapshot at index 48
2021-12-24 01:41:51,884 [2929649d-66d9-4679-b58a-41df8f12a6f1@group-D075AE75EEC0-StateMachineUpdater] INFO  impl.StateMachineUpdater (StateMachineUpdater.java:lambda$new$0(89)) - 2929649d-66d9-4679-b58a-41df8f12a6f1@group-D075AE75EEC0-StateMachineUpdater: snapshotIndex: updateIncreasingly -1 -> 48
2021-12-24 01:41:51,884 [ForkJoinPool.commonPool-worker-0] INFO  server.RaftServer$Division (ServerState.java:close(419)) - 2929649d-66d9-4679-b58a-41df8f12a6f1@group-D075AE75EEC0: closes. applyIndex: 48
2021-12-24 01:41:51,884 [2929649d-66d9-4679-b58a-41df8f12a6f1@group-D075AE75EEC0-SegmentedRaftLogWorker] INFO  segmented.SegmentedRaftLogWorker (SegmentedRaftLogWorker.java:run(327)) - 2929649d-66d9-4679-b58a-41df8f12a6f1@group-D075AE75EEC0-SegmentedRaftLogWorker was interrupted, exiting. There are 0 tasks remaining in the queue.
2021-12-24 01:41:51,886 [grpc-default-executor-1] INFO  server.GrpcLogAppender (GrpcLogAppender.java:onCompleted(346)) - f4b17f89-e1d3-40ea-af65-31a9a9e14b5d@group-5F95E21525C4->2929649d-66d9-4679-b58a-41df8f12a6f1-AppendLogResponseHandler: follower responses appendEntries COMPLETED
2021-12-24 01:41:51,886 [grpc-default-executor-1] INFO  leader.FollowerInfo (FollowerInfoImpl.java:lambda$new$0(47)) - f4b17f89-e1d3-40ea-af65-31a9a9e14b5d@group-5F95E21525C4->2929649d-66d9-4679-b58a-41df8f12a6f1: nextIndex: updateUnconditionally 1 -> 0
2021-12-24 01:41:51,886 [grpc-default-executor-3] INFO  server.GrpcLogAppender (GrpcLogAppender.java:onCompleted(346)) - f4b17f89-e1d3-40ea-af65-31a9a9e14b5d@group-5F95E21525C4->300b4b33-4b10-4d3b-8d7e-eb04807d1878-AppendLogResponseHandler: follower responses appendEntries COMPLETED
2021-12-24 01:41:51,886 [grpc-default-executor-3] INFO  leader.FollowerInfo (FollowerInfoImpl.java:lambda$new$0(47)) - f4b17f89-e1d3-40ea-af65-31a9a9e14b5d@group-5F95E21525C4->300b4b33-4b10-4d3b-8d7e-eb04807d1878: nextIndex: updateUnconditionally 1 -> 0
2021-12-24 01:41:51,886 [grpc-default-executor-2] INFO  server.GrpcLogAppender (GrpcLogAppender.java:onCompleted(346)) - 2929649d-66d9-4679-b58a-41df8f12a6f1@group-D075AE75EEC0->f4b17f89-e1d3-40ea-af65-31a9a9e14b5d-AppendLogResponseHandler: follower responses appendEntries COMPLETED
2021-12-24 01:41:51,886 [grpc-default-executor-2] INFO  leader.FollowerInfo (FollowerInfoImpl.java:lambda$new$0(47)) - 2929649d-66d9-4679-b58a-41df8f12a6f1@group-D075AE75EEC0->f4b17f89-e1d3-40ea-af65-31a9a9e14b5d: nextIndex: updateUnconditionally 49 -> 48
2021-12-24 01:41:51,887 [grpc-default-executor-2] INFO  server.GrpcLogAppender (GrpcLogAppender.java:onCompleted(346)) - 2929649d-66d9-4679-b58a-41df8f12a6f1@group-D075AE75EEC0->300b4b33-4b10-4d3b-8d7e-eb04807d1878-AppendLogResponseHandler: follower responses appendEntries COMPLETED
2021-12-24 01:41:51,887 [grpc-default-executor-2] INFO  leader.FollowerInfo (FollowerInfoImpl.java:lambda$new$0(47)) - 2929649d-66d9-4679-b58a-41df8f12a6f1@group-D075AE75EEC0->300b4b33-4b10-4d3b-8d7e-eb04807d1878: nextIndex: updateUnconditionally 49 -> 48
2021-12-24 01:41:51,894 [ForkJoinPool.commonPool-worker-0] INFO  segmented.SegmentedRaftLogWorker (SegmentedRaftLogWorker.java:close(237)) - 2929649d-66d9-4679-b58a-41df8f12a6f1@group-D075AE75EEC0-SegmentedRaftLogWorker close()
2021-12-24 01:41:51,899 [ForkJoinPool.commonPool-worker-0] INFO  server.RaftServer$Division (RaftServerImpl.java:lambda$close$4(412)) - 2929649d-66d9-4679-b58a-41df8f12a6f1@group-73C1F623CCD6: shutdown
2021-12-24 01:41:51,899 [ForkJoinPool.commonPool-worker-0] INFO  util.JmxRegister (JmxRegister.java:unregister(73)) - Successfully un-registered JMX Bean with object name Ratis:service=RaftServer,group=group-73C1F623CCD6,id=2929649d-66d9-4679-b58a-41df8f12a6f1
2021-12-24 01:41:51,899 [ForkJoinPool.commonPool-worker-0] INFO  impl.RoleInfo (RoleInfo.java:shutdownLeaderState(91)) - 2929649d-66d9-4679-b58a-41df8f12a6f1: shutdown 2929649d-66d9-4679-b58a-41df8f12a6f1@group-73C1F623CCD6-LeaderStateImpl
2021-12-24 01:41:51,899 [ForkJoinPool.commonPool-worker-0] INFO  impl.PendingRequests (PendingRequests.java:sendNotLeaderResponses(282)) - 2929649d-66d9-4679-b58a-41df8f12a6f1@group-73C1F623CCD6-PendingRequests: sendNotLeaderResponses
2021-12-24 01:41:51,900 [ForkJoinPool.commonPool-worker-0] INFO  impl.StateMachineUpdater (StateMachineUpdater.java:stopAndJoin(149)) - 2929649d-66d9-4679-b58a-41df8f12a6f1@group-73C1F623CCD6-StateMachineUpdater: set stopIndex = 0
2021-12-24 01:41:51,900 [2929649d-66d9-4679-b58a-41df8f12a6f1@group-73C1F623CCD6-StateMachineUpdater] INFO  ratis.ContainerStateMachine (ContainerStateMachine.java:takeSnapshot(299)) - group-73C1F623CCD6: Taking a snapshot at:(t:1, i:0) file /home/runner/work/ozone/ozone/hadoop-ozone/integration-test/target/test-dir/MiniOzoneClusterImpl-4d80237b-fa8d-46d0-bc6e-ad90cdc220b2/datanode-0/data/ratis/12c19225-5205-47f1-940e-73c1f623ccd6/sm/snapshot.1_0
2021-12-24 01:41:51,901 [2929649d-66d9-4679-b58a-41df8f12a6f1@group-73C1F623CCD6-StateMachineUpdater] INFO  ratis.ContainerStateMachine (ContainerStateMachine.java:takeSnapshot(310)) - group-73C1F623CCD6: Finished taking a snapshot at:(t:1, i:0) file:/home/runner/work/ozone/ozone/hadoop-ozone/integration-test/target/test-dir/MiniOzoneClusterImpl-4d80237b-fa8d-46d0-bc6e-ad90cdc220b2/datanode-0/data/ratis/12c19225-5205-47f1-940e-73c1f623ccd6/sm/snapshot.1_0 took: 1 ms
2021-12-24 01:41:51,902 [2929649d-66d9-4679-b58a-41df8f12a6f1@group-73C1F623CCD6-StateMachineUpdater] INFO  impl.StateMachineUpdater (StateMachineUpdater.java:takeSnapshot(281)) - 2929649d-66d9-4679-b58a-41df8f12a6f1@group-73C1F623CCD6-StateMachineUpdater: Took a snapshot at index 0
2021-12-24 01:41:51,902 [2929649d-66d9-4679-b58a-41df8f12a6f1@group-73C1F623CCD6-StateMachineUpdater] INFO  impl.StateMachineUpdater (StateMachineUpdater.java:lambda$new$0(89)) - 2929649d-66d9-4679-b58a-41df8f12a6f1@group-73C1F623CCD6-StateMachineUpdater: snapshotIndex: updateIncreasingly -1 -> 0
2021-12-24 01:41:51,902 [ForkJoinPool.commonPool-worker-0] INFO  server.RaftServer$Division (ServerState.java:close(419)) - 2929649d-66d9-4679-b58a-41df8f12a6f1@group-73C1F623CCD6: closes. applyIndex: 0
2021-12-24 01:41:51,902 [Listener at 127.0.0.1/45267] INFO  server.RaftServer$Division (ServerState.java:close(419)) - f4b17f89-e1d3-40ea-af65-31a9a9e14b5d@group-5F95E21525C4: closes. applyIndex: 0
2021-12-24 01:41:51,902 [2929649d-66d9-4679-b58a-41df8f12a6f1@group-73C1F623CCD6-SegmentedRaftLogWorker] INFO  segmented.SegmentedRaftLogWorker (SegmentedRaftLogWorker.java:run(327)) - 2929649d-66d9-4679-b58a-41df8f12a6f1@group-73C1F623CCD6-SegmentedRaftLogWorker was interrupted, exiting. There are 0 tasks remaining in the queue.
2021-12-24 01:41:51,903 [f4b17f89-e1d3-40ea-af65-31a9a9e14b5d@group-5F95E21525C4-SegmentedRaftLogWorker] INFO  segmented.SegmentedRaftLogWorker (SegmentedRaftLogWorker.java:run(327)) - f4b17f89-e1d3-40ea-af65-31a9a9e14b5d@group-5F95E21525C4-SegmentedRaftLogWorker was interrupted, exiting. There are 0 tasks remaining in the queue.
2021-12-24 01:41:51,905 [ForkJoinPool.commonPool-worker-0] INFO  segmented.SegmentedRaftLogWorker (SegmentedRaftLogWorker.java:close(237)) - 2929649d-66d9-4679-b58a-41df8f12a6f1@group-73C1F623CCD6-SegmentedRaftLogWorker close()
2021-12-24 01:41:51,910 [ForkJoinPool.commonPool-worker-0] INFO  server.RaftServer$Division (RaftServerImpl.java:lambda$close$4(412)) - 2929649d-66d9-4679-b58a-41df8f12a6f1@group-5F95E21525C4: shutdown
2021-12-24 01:41:51,910 [ForkJoinPool.commonPool-worker-0] INFO  util.JmxRegister (JmxRegister.java:unregister(73)) - Successfully un-registered JMX Bean with object name Ratis:service=RaftServer,group=group-5F95E21525C4,id=2929649d-66d9-4679-b58a-41df8f12a6f1
2021-12-24 01:41:51,910 [ForkJoinPool.commonPool-worker-0] INFO  impl.RoleInfo (RoleInfo.java:shutdownFollowerState(108)) - 2929649d-66d9-4679-b58a-41df8f12a6f1: shutdown 2929649d-66d9-4679-b58a-41df8f12a6f1@group-5F95E21525C4-FollowerState
2021-12-24 01:41:51,910 [ForkJoinPool.commonPool-worker-0] INFO  impl.StateMachineUpdater (StateMachineUpdater.java:stopAndJoin(149)) - 2929649d-66d9-4679-b58a-41df8f12a6f1@group-5F95E21525C4-StateMachineUpdater: set stopIndex = 0
2021-12-24 01:41:51,911 [2929649d-66d9-4679-b58a-41df8f12a6f1@group-5F95E21525C4-StateMachineUpdater] INFO  ratis.ContainerStateMachine (ContainerStateMachine.java:takeSnapshot(299)) - group-5F95E21525C4: Taking a snapshot at:(t:5, i:0) file /home/runner/work/ozone/ozone/hadoop-ozone/integration-test/target/test-dir/MiniOzoneClusterImpl-4d80237b-fa8d-46d0-bc6e-ad90cdc220b2/datanode-0/data/ratis/7a1e8ed4-cdd2-42a9-97ca-5f95e21525c4/sm/snapshot.5_0
2021-12-24 01:41:51,911 [2929649d-66d9-4679-b58a-41df8f12a6f1@group-5F95E21525C4-FollowerState] INFO  impl.FollowerState (FollowerState.java:run(143)) - 2929649d-66d9-4679-b58a-41df8f12a6f1@group-5F95E21525C4-FollowerState was interrupted: {}
java.lang.InterruptedException: sleep interrupted
	at java.lang.Thread.sleep(Native Method)
	at java.lang.Thread.sleep(Thread.java:340)
	at java.util.concurrent.TimeUnit.sleep(TimeUnit.java:386)
	at org.apache.ratis.util.TimeDuration.sleep(TimeDuration.java:324)
	at org.apache.ratis.util.TimeDuration.sleep(TimeDuration.java:309)
	at org.apache.ratis.server.impl.FollowerState.run(FollowerState.java:118)
2021-12-24 01:41:51,912 [2929649d-66d9-4679-b58a-41df8f12a6f1@group-5F95E21525C4-StateMachineUpdater] INFO  ratis.ContainerStateMachine (ContainerStateMachine.java:takeSnapshot(310)) - group-5F95E21525C4: Finished taking a snapshot at:(t:5, i:0) file:/home/runner/work/ozone/ozone/hadoop-ozone/integration-test/target/test-dir/MiniOzoneClusterImpl-4d80237b-fa8d-46d0-bc6e-ad90cdc220b2/datanode-0/data/ratis/7a1e8ed4-cdd2-42a9-97ca-5f95e21525c4/sm/snapshot.5_0 took: 1 ms
2021-12-24 01:41:51,912 [2929649d-66d9-4679-b58a-41df8f12a6f1@group-5F95E21525C4-StateMachineUpdater] INFO  impl.StateMachineUpdater (StateMachineUpdater.java:takeSnapshot(281)) - 2929649d-66d9-4679-b58a-41df8f12a6f1@group-5F95E21525C4-StateMachineUpdater: Took a snapshot at index 0
2021-12-24 01:41:51,912 [2929649d-66d9-4679-b58a-41df8f12a6f1@group-5F95E21525C4-StateMachineUpdater] INFO  impl.StateMachineUpdater (StateMachineUpdater.java:lambda$new$0(89)) - 2929649d-66d9-4679-b58a-41df8f12a6f1@group-5F95E21525C4-StateMachineUpdater: snapshotIndex: updateIncreasingly -1 -> 0
2021-12-24 01:41:51,912 [ForkJoinPool.commonPool-worker-0] INFO  server.RaftServer$Division (ServerState.java:close(419)) - 2929649d-66d9-4679-b58a-41df8f12a6f1@group-5F95E21525C4: closes. applyIndex: 0
2021-12-24 01:41:51,913 [2929649d-66d9-4679-b58a-41df8f12a6f1@group-5F95E21525C4-SegmentedRaftLogWorker] INFO  segmented.SegmentedRaftLogWorker (SegmentedRaftLogWorker.java:run(327)) - 2929649d-66d9-4679-b58a-41df8f12a6f1@group-5F95E21525C4-SegmentedRaftLogWorker was interrupted, exiting. There are 0 tasks remaining in the queue.
2021-12-24 01:41:51,923 [ForkJoinPool.commonPool-worker-0] INFO  segmented.SegmentedRaftLogWorker (SegmentedRaftLogWorker.java:close(237)) - 2929649d-66d9-4679-b58a-41df8f12a6f1@group-5F95E21525C4-SegmentedRaftLogWorker close()
2021-12-24 01:41:51,923 [Listener at 127.0.0.1/45267] INFO  segmented.SegmentedRaftLogWorker (SegmentedRaftLogWorker.java:close(237)) - f4b17f89-e1d3-40ea-af65-31a9a9e14b5d@group-5F95E21525C4-SegmentedRaftLogWorker close()
2021-12-24 01:41:51,924 [ForkJoinPool.commonPool-worker-0] INFO  server.GrpcService (GrpcService.java:closeImpl(262)) - 2929649d-66d9-4679-b58a-41df8f12a6f1: shutdown server with port 34275 now
2021-12-24 01:41:51,930 [Listener at 127.0.0.1/45267] INFO  server.GrpcService (GrpcService.java:closeImpl(262)) - f4b17f89-e1d3-40ea-af65-31a9a9e14b5d: shutdown server with port 36903 now
2021-12-24 01:41:51,966 [grpc-default-executor-3] WARN  client.GrpcClientProtocolService (LogUtils.java:warn(122)) - 1-UnorderedRequestStreamObserver1: onError: org.apache.ratis.thirdparty.io.grpc.StatusRuntimeException: CANCELLED: client cancelled
2021-12-24 01:41:51,986 [ForkJoinPool.commonPool-worker-0] INFO  server.GrpcService (GrpcService.java:closeImpl(271)) - 2929649d-66d9-4679-b58a-41df8f12a6f1: shutdown server with port 34275 successfully
2021-12-24 01:41:51,986 [org.apache.ratis.util.JvmPauseMonitor$$Lambda$528/1509220174@74a92433] INFO  util.JvmPauseMonitor (JvmPauseMonitor.java:run(109)) - JvmPauseMonitor-2929649d-66d9-4679-b58a-41df8f12a6f1: Stopped
2021-12-24 01:41:51,989 [Listener at 127.0.0.1/45267] INFO  server.GrpcService (GrpcService.java:closeImpl(271)) - f4b17f89-e1d3-40ea-af65-31a9a9e14b5d: shutdown server with port 36903 successfully
2021-12-24 01:41:51,989 [org.apache.ratis.util.JvmPauseMonitor$$Lambda$528/1509220174@7eb9732e] INFO  util.JvmPauseMonitor (JvmPauseMonitor.java:run(109)) - JvmPauseMonitor-f4b17f89-e1d3-40ea-af65-31a9a9e14b5d: Stopped
2021-12-24 01:41:54,034 [Listener at 127.0.0.1/45267] INFO  utils.BackgroundService (BackgroundService.java:shutdown(132)) - Shutting down service BlockDeletingService
2021-12-24 01:41:54,054 [ForkJoinPool.commonPool-worker-0] INFO  utils.BackgroundService (BackgroundService.java:shutdown(132)) - Shutting down service BlockDeletingService
2021-12-24 01:41:55,518 [300b4b33-4b10-4d3b-8d7e-eb04807d1878@group-5F95E21525C4-FollowerState] INFO  impl.FollowerState (FollowerState.java:run(134)) - 300b4b33-4b10-4d3b-8d7e-eb04807d1878@group-5F95E21525C4-FollowerState: change to CANDIDATE, lastRpcElapsedTime:5122128315ns, electionTimeout:5100ms
2021-12-24 01:41:55,518 [300b4b33-4b10-4d3b-8d7e-eb04807d1878@group-5F95E21525C4-FollowerState] INFO  impl.RoleInfo (RoleInfo.java:shutdownFollowerState(108)) - 300b4b33-4b10-4d3b-8d7e-eb04807d1878: shutdown 300b4b33-4b10-4d3b-8d7e-eb04807d1878@group-5F95E21525C4-FollowerState
2021-12-24 01:41:55,518 [300b4b33-4b10-4d3b-8d7e-eb04807d1878@group-5F95E21525C4-FollowerState] INFO  server.RaftServer$Division (RaftServerImpl.java:setRole(290)) - 300b4b33-4b10-4d3b-8d7e-eb04807d1878@group-5F95E21525C4: changes role from  FOLLOWER to CANDIDATE at term 5 for changeToCandidate
2021-12-24 01:41:55,518 [300b4b33-4b10-4d3b-8d7e-eb04807d1878@group-5F95E21525C4-FollowerState] INFO  server.RaftServerConfigKeys (ConfUtils.java:logGet(44)) - raft.server.leaderelection.pre-vote = false (custom)
2021-12-24 01:41:55,518 [300b4b33-4b10-4d3b-8d7e-eb04807d1878@group-5F95E21525C4-FollowerState] INFO  impl.RoleInfo (RoleInfo.java:updateAndGet(130)) - 300b4b33-4b10-4d3b-8d7e-eb04807d1878: start 300b4b33-4b10-4d3b-8d7e-eb04807d1878@group-5F95E21525C4-LeaderElection59
2021-12-24 01:41:55,534 [300b4b33-4b10-4d3b-8d7e-eb04807d1878@group-5F95E21525C4-LeaderElection59] INFO  server.RaftServer$Division (ServerState.java:setLeader(285)) - 300b4b33-4b10-4d3b-8d7e-eb04807d1878@group-5F95E21525C4: change Leader from f4b17f89-e1d3-40ea-af65-31a9a9e14b5d to null at term 5 for ELECTION
2021-12-24 01:41:55,536 [300b4b33-4b10-4d3b-8d7e-eb04807d1878@group-5F95E21525C4-LeaderElection59] INFO  impl.LeaderElection (LeaderElection.java:askForVotes(306)) - 300b4b33-4b10-4d3b-8d7e-eb04807d1878@group-5F95E21525C4-LeaderElection59 ELECTION round 0: submit vote requests at term 6 for 0: [2929649d-66d9-4679-b58a-41df8f12a6f1|rpc:10.1.0.29:34275|dataStream:|priority:0, f4b17f89-e1d3-40ea-af65-31a9a9e14b5d|rpc:10.1.0.29:36903|dataStream:|priority:1, 300b4b33-4b10-4d3b-8d7e-eb04807d1878|rpc:10.1.0.29:42715|dataStream:|priority:0], old=null
2021-12-24 01:41:55,560 [300b4b33-4b10-4d3b-8d7e-eb04807d1878@group-5F95E21525C4-LeaderElection59] INFO  impl.LeaderElection (LogUtils.java:infoOrTrace(137)) - 300b4b33-4b10-4d3b-8d7e-eb04807d1878@group-5F95E21525C4-LeaderElection59 got exception when requesting votes: java.util.concurrent.ExecutionException: org.apache.ratis.thirdparty.io.grpc.StatusRuntimeException: UNAVAILABLE: io exception
2021-12-24 01:41:55,598 [300b4b33-4b10-4d3b-8d7e-eb04807d1878@group-5F95E21525C4-LeaderElection59] INFO  impl.LeaderElection (LogUtils.java:infoOrTrace(137)) - 300b4b33-4b10-4d3b-8d7e-eb04807d1878@group-5F95E21525C4-LeaderElection59 got exception when requesting votes: java.util.concurrent.ExecutionException: org.apache.ratis.thirdparty.io.grpc.StatusRuntimeException: UNAVAILABLE: io exception
2021-12-24 01:41:55,598 [300b4b33-4b10-4d3b-8d7e-eb04807d1878@group-5F95E21525C4-LeaderElection59] INFO  impl.LeaderElection (LeaderElection.java:logAndReturn(89)) - 300b4b33-4b10-4d3b-8d7e-eb04807d1878@group-5F95E21525C4-LeaderElection59: ELECTION REJECTED received 0 response(s) and 2 exception(s):
2021-12-24 01:41:55,598 [300b4b33-4b10-4d3b-8d7e-eb04807d1878@group-5F95E21525C4-LeaderElection59] INFO  impl.LeaderElection (LogUtils.java:infoOrTrace(137)) -   Exception 0: java.util.concurrent.ExecutionException: org.apache.ratis.thirdparty.io.grpc.StatusRuntimeException: UNAVAILABLE: io exception
2021-12-24 01:41:55,598 [300b4b33-4b10-4d3b-8d7e-eb04807d1878@group-5F95E21525C4-LeaderElection59] INFO  impl.LeaderElection (LogUtils.java:infoOrTrace(137)) -   Exception 1: java.util.concurrent.ExecutionException: org.apache.ratis.thirdparty.io.grpc.StatusRuntimeException: UNAVAILABLE: io exception
2021-12-24 01:41:55,598 [300b4b33-4b10-4d3b-8d7e-eb04807d1878@group-5F95E21525C4-LeaderElection59] INFO  impl.LeaderElection (LeaderElection.java:askForVotes(308)) - 300b4b33-4b10-4d3b-8d7e-eb04807d1878@group-5F95E21525C4-LeaderElection59 ELECTION round 0: result REJECTED
2021-12-24 01:41:55,598 [300b4b33-4b10-4d3b-8d7e-eb04807d1878@group-5F95E21525C4-LeaderElection59] INFO  server.RaftServer$Division (RaftServerImpl.java:setRole(290)) - 300b4b33-4b10-4d3b-8d7e-eb04807d1878@group-5F95E21525C4: changes role from CANDIDATE to FOLLOWER at term 6 for REJECTED
2021-12-24 01:41:55,598 [300b4b33-4b10-4d3b-8d7e-eb04807d1878@group-5F95E21525C4-LeaderElection59] INFO  impl.RoleInfo (RoleInfo.java:shutdownLeaderElection(121)) - 300b4b33-4b10-4d3b-8d7e-eb04807d1878: shutdown 300b4b33-4b10-4d3b-8d7e-eb04807d1878@group-5F95E21525C4-LeaderElection59
2021-12-24 01:41:55,598 [300b4b33-4b10-4d3b-8d7e-eb04807d1878@group-5F95E21525C4-LeaderElection59] INFO  impl.RoleInfo (RoleInfo.java:updateAndGet(130)) - 300b4b33-4b10-4d3b-8d7e-eb04807d1878: start 300b4b33-4b10-4d3b-8d7e-eb04807d1878@group-5F95E21525C4-FollowerState
2021-12-24 01:41:57,069 [Listener at 127.0.0.1/45267] INFO  statemachine.DatanodeStateMachine (DatanodeStateMachine.java:stopDaemon(526)) - Ozone container server stopped.
2021-12-24 01:41:57,069 [ForkJoinPool.commonPool-worker-0] INFO  statemachine.DatanodeStateMachine (DatanodeStateMachine.java:stopDaemon(526)) - Ozone container server stopped.
2021-12-24 01:41:57,072 [ForkJoinPool.commonPool-worker-0] INFO  handler.ContextHandler (ContextHandler.java:doStop(1153)) - Stopped o.e.j.w.WebAppContext@682d5403{hddsDatanode,/,null,STOPPED}{jar:file:/home/runner/.m2/repository/org/apache/ozone/hdds-container-service/1.3.0-SNAPSHOT/hdds-container-service-1.3.0-SNAPSHOT.jar!/webapps/hddsDatanode}
2021-12-24 01:41:57,073 [ForkJoinPool.commonPool-worker-0] INFO  server.AbstractConnector (AbstractConnector.java:doStop(381)) - Stopped ServerConnector@4110a187{HTTP/1.1, (http/1.1)}{0.0.0.0:0}
2021-12-24 01:41:57,073 [ForkJoinPool.commonPool-worker-0] INFO  server.session (HouseKeeper.java:stopScavenging(149)) - node0 Stopped scavenging
2021-12-24 01:41:57,075 [ForkJoinPool.commonPool-worker-0] INFO  handler.ContextHandler (ContextHandler.java:doStop(1153)) - Stopped o.e.j.s.ServletContextHandler@747a393e{static,/static,jar:file:/home/runner/.m2/repository/org/apache/ozone/hdds-container-service/1.3.0-SNAPSHOT/hdds-container-service-1.3.0-SNAPSHOT.jar!/webapps/static,STOPPED}
2021-12-24 01:41:57,080 [ForkJoinPool.commonPool-worker-0] INFO  handler.ContextHandler (ContextHandler.java:doStop(1153)) - Stopped o.e.j.s.ServletContextHandler@2ac964f3{logs,/logs,file:///home/runner/work/ozone/ozone/hadoop-ozone/integration-test/target/log,STOPPED}
2021-12-24 01:41:57,102 [Listener at 127.0.0.1/45267] INFO  handler.ContextHandler (ContextHandler.java:doStop(1153)) - Stopped o.e.j.w.WebAppContext@34137044{hddsDatanode,/,null,STOPPED}{jar:file:/home/runner/.m2/repository/org/apache/ozone/hdds-container-service/1.3.0-SNAPSHOT/hdds-container-service-1.3.0-SNAPSHOT.jar!/webapps/hddsDatanode}
2021-12-24 01:41:57,106 [Listener at 127.0.0.1/45267] INFO  server.AbstractConnector (AbstractConnector.java:doStop(381)) - Stopped ServerConnector@3957a38c{HTTP/1.1, (http/1.1)}{0.0.0.0:0}
2021-12-24 01:41:57,106 [Listener at 127.0.0.1/45267] INFO  server.session (HouseKeeper.java:stopScavenging(149)) - node0 Stopped scavenging
2021-12-24 01:41:57,106 [Listener at 127.0.0.1/45267] INFO  handler.ContextHandler (ContextHandler.java:doStop(1153)) - Stopped o.e.j.s.ServletContextHandler@7a98c6cc{static,/static,jar:file:/home/runner/.m2/repository/org/apache/ozone/hdds-container-service/1.3.0-SNAPSHOT/hdds-container-service-1.3.0-SNAPSHOT.jar!/webapps/static,STOPPED}
2021-12-24 01:41:57,106 [Listener at 127.0.0.1/45267] INFO  handler.ContextHandler (ContextHandler.java:doStop(1153)) - Stopped o.e.j.s.ServletContextHandler@50b90535{logs,/logs,file:///home/runner/work/ozone/ozone/hadoop-ozone/integration-test/target/log,STOPPED}
2021-12-24 01:42:00,617 [300b4b33-4b10-4d3b-8d7e-eb04807d1878@group-5F95E21525C4-FollowerState] INFO  impl.FollowerState (FollowerState.java:run(134)) - 300b4b33-4b10-4d3b-8d7e-eb04807d1878@group-5F95E21525C4-FollowerState: change to CANDIDATE, lastRpcElapsedTime:5018435950ns, electionTimeout:5013ms
2021-12-24 01:42:00,617 [300b4b33-4b10-4d3b-8d7e-eb04807d1878@group-5F95E21525C4-FollowerState] INFO  impl.RoleInfo (RoleInfo.java:shutdownFollowerState(108)) - 300b4b33-4b10-4d3b-8d7e-eb04807d1878: shutdown 300b4b33-4b10-4d3b-8d7e-eb04807d1878@group-5F95E21525C4-FollowerState
2021-12-24 01:42:00,617 [300b4b33-4b10-4d3b-8d7e-eb04807d1878@group-5F95E21525C4-FollowerState] INFO  server.RaftServer$Division (RaftServerImpl.java:setRole(290)) - 300b4b33-4b10-4d3b-8d7e-eb04807d1878@group-5F95E21525C4: changes role from  FOLLOWER to CANDIDATE at term 6 for changeToCandidate
2021-12-24 01:42:00,617 [300b4b33-4b10-4d3b-8d7e-eb04807d1878@group-5F95E21525C4-FollowerState] INFO  server.RaftServerConfigKeys (ConfUtils.java:logGet(44)) - raft.server.leaderelection.pre-vote = false (custom)
2021-12-24 01:42:00,617 [300b4b33-4b10-4d3b-8d7e-eb04807d1878@group-5F95E21525C4-FollowerState] INFO  impl.RoleInfo (RoleInfo.java:updateAndGet(130)) - 300b4b33-4b10-4d3b-8d7e-eb04807d1878: start 300b4b33-4b10-4d3b-8d7e-eb04807d1878@group-5F95E21525C4-LeaderElection60
2021-12-24 01:42:00,660 [300b4b33-4b10-4d3b-8d7e-eb04807d1878@group-5F95E21525C4-LeaderElection60] INFO  impl.LeaderElection (LeaderElection.java:askForVotes(306)) - 300b4b33-4b10-4d3b-8d7e-eb04807d1878@group-5F95E21525C4-LeaderElection60 ELECTION round 0: submit vote requests at term 7 for 0: [2929649d-66d9-4679-b58a-41df8f12a6f1|rpc:10.1.0.29:34275|dataStream:|priority:0, f4b17f89-e1d3-40ea-af65-31a9a9e14b5d|rpc:10.1.0.29:36903|dataStream:|priority:1, 300b4b33-4b10-4d3b-8d7e-eb04807d1878|rpc:10.1.0.29:42715|dataStream:|priority:0], old=null
2021-12-24 01:42:00,671 [300b4b33-4b10-4d3b-8d7e-eb04807d1878@group-5F95E21525C4-LeaderElection60] INFO  impl.LeaderElection (LogUtils.java:infoOrTrace(137)) - 300b4b33-4b10-4d3b-8d7e-eb04807d1878@group-5F95E21525C4-LeaderElection60 got exception when requesting votes: java.util.concurrent.ExecutionException: org.apache.ratis.thirdparty.io.grpc.StatusRuntimeException: UNAVAILABLE: io exception
2021-12-24 01:42:00,677 [300b4b33-4b10-4d3b-8d7e-eb04807d1878@group-5F95E21525C4-LeaderElection60] INFO  impl.LeaderElection (LogUtils.java:infoOrTrace(137)) - 300b4b33-4b10-4d3b-8d7e-eb04807d1878@group-5F95E21525C4-LeaderElection60 got exception when requesting votes: java.util.concurrent.ExecutionException: org.apache.ratis.thirdparty.io.grpc.StatusRuntimeException: UNAVAILABLE: io exception
2021-12-24 01:42:00,677 [300b4b33-4b10-4d3b-8d7e-eb04807d1878@group-5F95E21525C4-LeaderElection60] INFO  impl.LeaderElection (LeaderElection.java:logAndReturn(89)) - 300b4b33-4b10-4d3b-8d7e-eb04807d1878@group-5F95E21525C4-LeaderElection60: ELECTION REJECTED received 0 response(s) and 2 exception(s):
2021-12-24 01:42:00,678 [300b4b33-4b10-4d3b-8d7e-eb04807d1878@group-5F95E21525C4-LeaderElection60] INFO  impl.LeaderElection (LogUtils.java:infoOrTrace(137)) -   Exception 0: java.util.concurrent.ExecutionException: org.apache.ratis.thirdparty.io.grpc.StatusRuntimeException: UNAVAILABLE: io exception
2021-12-24 01:42:00,678 [300b4b33-4b10-4d3b-8d7e-eb04807d1878@group-5F95E21525C4-LeaderElection60] INFO  impl.LeaderElection (LogUtils.java:infoOrTrace(137)) -   Exception 1: java.util.concurrent.ExecutionException: org.apache.ratis.thirdparty.io.grpc.StatusRuntimeException: UNAVAILABLE: io exception
2021-12-24 01:42:00,678 [300b4b33-4b10-4d3b-8d7e-eb04807d1878@group-5F95E21525C4-LeaderElection60] INFO  impl.LeaderElection (LeaderElection.java:askForVotes(308)) - 300b4b33-4b10-4d3b-8d7e-eb04807d1878@group-5F95E21525C4-LeaderElection60 ELECTION round 0: result REJECTED
2021-12-24 01:42:00,678 [300b4b33-4b10-4d3b-8d7e-eb04807d1878@group-5F95E21525C4-LeaderElection60] INFO  server.RaftServer$Division (RaftServerImpl.java:setRole(290)) - 300b4b33-4b10-4d3b-8d7e-eb04807d1878@group-5F95E21525C4: changes role from CANDIDATE to FOLLOWER at term 7 for REJECTED
2021-12-24 01:42:00,678 [300b4b33-4b10-4d3b-8d7e-eb04807d1878@group-5F95E21525C4-LeaderElection60] INFO  impl.RoleInfo (RoleInfo.java:shutdownLeaderElection(121)) - 300b4b33-4b10-4d3b-8d7e-eb04807d1878: shutdown 300b4b33-4b10-4d3b-8d7e-eb04807d1878@group-5F95E21525C4-LeaderElection60
2021-12-24 01:42:00,678 [300b4b33-4b10-4d3b-8d7e-eb04807d1878@group-5F95E21525C4-LeaderElection60] INFO  impl.RoleInfo (RoleInfo.java:updateAndGet(130)) - 300b4b33-4b10-4d3b-8d7e-eb04807d1878: start 300b4b33-4b10-4d3b-8d7e-eb04807d1878@group-5F95E21525C4-FollowerState
2021-12-24 01:42:00,703 [300b4b33-4b10-4d3b-8d7e-eb04807d1878@group-D075AE75EEC0-FollowerState] INFO  impl.FollowerState (FollowerState.java:run(134)) - 300b4b33-4b10-4d3b-8d7e-eb04807d1878@group-D075AE75EEC0-FollowerState: change to CANDIDATE, lastRpcElapsedTime:9047079587ns, electionTimeout:5131ms
2021-12-24 01:42:00,703 [300b4b33-4b10-4d3b-8d7e-eb04807d1878@group-D075AE75EEC0-FollowerState] INFO  impl.RoleInfo (RoleInfo.java:shutdownFollowerState(108)) - 300b4b33-4b10-4d3b-8d7e-eb04807d1878: shutdown 300b4b33-4b10-4d3b-8d7e-eb04807d1878@group-D075AE75EEC0-FollowerState
2021-12-24 01:42:00,703 [300b4b33-4b10-4d3b-8d7e-eb04807d1878@group-D075AE75EEC0-FollowerState] INFO  server.RaftServer$Division (RaftServerImpl.java:setRole(290)) - 300b4b33-4b10-4d3b-8d7e-eb04807d1878@group-D075AE75EEC0: changes role from  FOLLOWER to CANDIDATE at term 1 for changeToCandidate
2021-12-24 01:42:00,704 [300b4b33-4b10-4d3b-8d7e-eb04807d1878@group-D075AE75EEC0-FollowerState] INFO  server.RaftServerConfigKeys (ConfUtils.java:logGet(44)) - raft.server.leaderelection.pre-vote = false (custom)
2021-12-24 01:42:00,704 [300b4b33-4b10-4d3b-8d7e-eb04807d1878@group-D075AE75EEC0-FollowerState] INFO  impl.RoleInfo (RoleInfo.java:updateAndGet(130)) - 300b4b33-4b10-4d3b-8d7e-eb04807d1878: start 300b4b33-4b10-4d3b-8d7e-eb04807d1878@group-D075AE75EEC0-LeaderElection61
2021-12-24 01:42:00,750 [300b4b33-4b10-4d3b-8d7e-eb04807d1878@group-D075AE75EEC0-LeaderElection61] INFO  server.RaftServer$Division (ServerState.java:setLeader(285)) - 300b4b33-4b10-4d3b-8d7e-eb04807d1878@group-D075AE75EEC0: change Leader from 2929649d-66d9-4679-b58a-41df8f12a6f1 to null at term 1 for ELECTION
2021-12-24 01:42:00,751 [300b4b33-4b10-4d3b-8d7e-eb04807d1878@group-D075AE75EEC0-LeaderElection61] INFO  impl.LeaderElection (LeaderElection.java:askForVotes(306)) - 300b4b33-4b10-4d3b-8d7e-eb04807d1878@group-D075AE75EEC0-LeaderElection61 ELECTION round 0: submit vote requests at term 2 for 0: [2929649d-66d9-4679-b58a-41df8f12a6f1|rpc:10.1.0.29:34275|dataStream:|priority:1, f4b17f89-e1d3-40ea-af65-31a9a9e14b5d|rpc:10.1.0.29:36903|dataStream:|priority:0, 300b4b33-4b10-4d3b-8d7e-eb04807d1878|rpc:10.1.0.29:42715|dataStream:|priority:0], old=null
2021-12-24 01:42:00,757 [300b4b33-4b10-4d3b-8d7e-eb04807d1878@group-D075AE75EEC0-LeaderElection61] INFO  impl.LeaderElection (LogUtils.java:infoOrTrace(137)) - 300b4b33-4b10-4d3b-8d7e-eb04807d1878@group-D075AE75EEC0-LeaderElection61 got exception when requesting votes: java.util.concurrent.ExecutionException: org.apache.ratis.thirdparty.io.grpc.StatusRuntimeException: UNAVAILABLE: io exception
2021-12-24 01:42:00,757 [300b4b33-4b10-4d3b-8d7e-eb04807d1878@group-D075AE75EEC0-LeaderElection61] INFO  impl.LeaderElection (LogUtils.java:infoOrTrace(137)) - 300b4b33-4b10-4d3b-8d7e-eb04807d1878@group-D075AE75EEC0-LeaderElection61 got exception when requesting votes: java.util.concurrent.ExecutionException: org.apache.ratis.thirdparty.io.grpc.StatusRuntimeException: UNAVAILABLE: io exception
2021-12-24 01:42:00,758 [300b4b33-4b10-4d3b-8d7e-eb04807d1878@group-D075AE75EEC0-LeaderElection61] INFO  impl.LeaderElection (LeaderElection.java:logAndReturn(89)) - 300b4b33-4b10-4d3b-8d7e-eb04807d1878@group-D075AE75EEC0-LeaderElection61: ELECTION REJECTED received 0 response(s) and 2 exception(s):
2021-12-24 01:42:00,758 [300b4b33-4b10-4d3b-8d7e-eb04807d1878@group-D075AE75EEC0-LeaderElection61] INFO  impl.LeaderElection (LogUtils.java:infoOrTrace(137)) -   Exception 0: java.util.concurrent.ExecutionException: org.apache.ratis.thirdparty.io.grpc.StatusRuntimeException: UNAVAILABLE: io exception
2021-12-24 01:42:00,758 [300b4b33-4b10-4d3b-8d7e-eb04807d1878@group-D075AE75EEC0-LeaderElection61] INFO  impl.LeaderElection (LogUtils.java:infoOrTrace(137)) -   Exception 1: java.util.concurrent.ExecutionException: org.apache.ratis.thirdparty.io.grpc.StatusRuntimeException: UNAVAILABLE: io exception
2021-12-24 01:42:00,758 [300b4b33-4b10-4d3b-8d7e-eb04807d1878@group-D075AE75EEC0-LeaderElection61] INFO  impl.LeaderElection (LeaderElection.java:askForVotes(308)) - 300b4b33-4b10-4d3b-8d7e-eb04807d1878@group-D075AE75EEC0-LeaderElection61 ELECTION round 0: result REJECTED
2021-12-24 01:42:00,758 [300b4b33-4b10-4d3b-8d7e-eb04807d1878@group-D075AE75EEC0-LeaderElection61] INFO  server.RaftServer$Division (RaftServerImpl.java:setRole(290)) - 300b4b33-4b10-4d3b-8d7e-eb04807d1878@group-D075AE75EEC0: changes role from CANDIDATE to FOLLOWER at term 2 for REJECTED
2021-12-24 01:42:00,758 [300b4b33-4b10-4d3b-8d7e-eb04807d1878@group-D075AE75EEC0-LeaderElection61] INFO  impl.RoleInfo (RoleInfo.java:shutdownLeaderElection(121)) - 300b4b33-4b10-4d3b-8d7e-eb04807d1878: shutdown 300b4b33-4b10-4d3b-8d7e-eb04807d1878@group-D075AE75EEC0-LeaderElection61
2021-12-24 01:42:00,758 [300b4b33-4b10-4d3b-8d7e-eb04807d1878@group-D075AE75EEC0-LeaderElection61] INFO  impl.RoleInfo (RoleInfo.java:updateAndGet(130)) - 300b4b33-4b10-4d3b-8d7e-eb04807d1878: start 300b4b33-4b10-4d3b-8d7e-eb04807d1878@group-D075AE75EEC0-FollowerState
2021-12-24 01:42:02,108 [ForkJoinPool.commonPool-worker-0] INFO  ozoneimpl.OzoneContainer (OzoneContainer.java:stop(336)) - Attempting to stop container services.
2021-12-24 01:42:02,108 [ForkJoinPool.commonPool-worker-0] INFO  server.RaftServer (RaftServerProxy.java:lambda$close$6(391)) - 300b4b33-4b10-4d3b-8d7e-eb04807d1878: close
2021-12-24 01:42:02,108 [ForkJoinPool.commonPool-worker-0] INFO  server.RaftServer$Division (RaftServerImpl.java:lambda$close$4(412)) - 300b4b33-4b10-4d3b-8d7e-eb04807d1878@group-D075AE75EEC0: shutdown
2021-12-24 01:42:02,109 [ForkJoinPool.commonPool-worker-0] INFO  util.JmxRegister (JmxRegister.java:unregister(73)) - Successfully un-registered JMX Bean with object name Ratis:service=RaftServer,group=group-D075AE75EEC0,id=300b4b33-4b10-4d3b-8d7e-eb04807d1878
2021-12-24 01:42:02,109 [ForkJoinPool.commonPool-worker-0] INFO  impl.RoleInfo (RoleInfo.java:shutdownFollowerState(108)) - 300b4b33-4b10-4d3b-8d7e-eb04807d1878: shutdown 300b4b33-4b10-4d3b-8d7e-eb04807d1878@group-D075AE75EEC0-FollowerState
2021-12-24 01:42:02,109 [ForkJoinPool.commonPool-worker-0] INFO  impl.StateMachineUpdater (StateMachineUpdater.java:stopAndJoin(149)) - 300b4b33-4b10-4d3b-8d7e-eb04807d1878@group-D075AE75EEC0-StateMachineUpdater: set stopIndex = 48
2021-12-24 01:42:02,109 [300b4b33-4b10-4d3b-8d7e-eb04807d1878@group-D075AE75EEC0-StateMachineUpdater] INFO  ratis.ContainerStateMachine (ContainerStateMachine.java:takeSnapshot(299)) - group-D075AE75EEC0: Taking a snapshot at:(t:1, i:48) file /home/runner/work/ozone/ozone/hadoop-ozone/integration-test/target/test-dir/MiniOzoneClusterImpl-4d80237b-fa8d-46d0-bc6e-ad90cdc220b2/datanode-2/data/ratis/978f1694-b5d6-49c2-89ab-d075ae75eec0/sm/snapshot.1_48
2021-12-24 01:42:02,109 [300b4b33-4b10-4d3b-8d7e-eb04807d1878@group-D075AE75EEC0-FollowerState] INFO  impl.FollowerState (FollowerState.java:run(143)) - 300b4b33-4b10-4d3b-8d7e-eb04807d1878@group-D075AE75EEC0-FollowerState was interrupted: {}
java.lang.InterruptedException: sleep interrupted
	at java.lang.Thread.sleep(Native Method)
	at java.lang.Thread.sleep(Thread.java:340)
	at java.util.concurrent.TimeUnit.sleep(TimeUnit.java:386)
	at org.apache.ratis.util.TimeDuration.sleep(TimeDuration.java:324)
	at org.apache.ratis.util.TimeDuration.sleep(TimeDuration.java:309)
	at org.apache.ratis.server.impl.FollowerState.run(FollowerState.java:118)
2021-12-24 01:42:02,111 [300b4b33-4b10-4d3b-8d7e-eb04807d1878@group-D075AE75EEC0-StateMachineUpdater] INFO  ratis.ContainerStateMachine (ContainerStateMachine.java:takeSnapshot(310)) - group-D075AE75EEC0: Finished taking a snapshot at:(t:1, i:48) file:/home/runner/work/ozone/ozone/hadoop-ozone/integration-test/target/test-dir/MiniOzoneClusterImpl-4d80237b-fa8d-46d0-bc6e-ad90cdc220b2/datanode-2/data/ratis/978f1694-b5d6-49c2-89ab-d075ae75eec0/sm/snapshot.1_48 took: 2 ms
2021-12-24 01:42:02,111 [300b4b33-4b10-4d3b-8d7e-eb04807d1878@group-D075AE75EEC0-StateMachineUpdater] INFO  impl.StateMachineUpdater (StateMachineUpdater.java:takeSnapshot(281)) - 300b4b33-4b10-4d3b-8d7e-eb04807d1878@group-D075AE75EEC0-StateMachineUpdater: Took a snapshot at index 48
2021-12-24 01:42:02,111 [300b4b33-4b10-4d3b-8d7e-eb04807d1878@group-D075AE75EEC0-StateMachineUpdater] INFO  impl.StateMachineUpdater (StateMachineUpdater.java:lambda$new$0(89)) - 300b4b33-4b10-4d3b-8d7e-eb04807d1878@group-D075AE75EEC0-StateMachineUpdater: snapshotIndex: updateIncreasingly -1 -> 48
2021-12-24 01:42:02,113 [ForkJoinPool.commonPool-worker-0] INFO  server.RaftServer$Division (ServerState.java:close(419)) - 300b4b33-4b10-4d3b-8d7e-eb04807d1878@group-D075AE75EEC0: closes. applyIndex: 48
2021-12-24 01:42:02,113 [300b4b33-4b10-4d3b-8d7e-eb04807d1878@group-D075AE75EEC0-SegmentedRaftLogWorker] INFO  segmented.SegmentedRaftLogWorker (SegmentedRaftLogWorker.java:run(327)) - 300b4b33-4b10-4d3b-8d7e-eb04807d1878@group-D075AE75EEC0-SegmentedRaftLogWorker was interrupted, exiting. There are 0 tasks remaining in the queue.
2021-12-24 01:42:02,114 [ForkJoinPool.commonPool-worker-0] INFO  segmented.SegmentedRaftLogWorker (SegmentedRaftLogWorker.java:close(237)) - 300b4b33-4b10-4d3b-8d7e-eb04807d1878@group-D075AE75EEC0-SegmentedRaftLogWorker close()
2021-12-24 01:42:02,115 [ForkJoinPool.commonPool-worker-0] INFO  server.RaftServer$Division (RaftServerImpl.java:lambda$close$4(412)) - 300b4b33-4b10-4d3b-8d7e-eb04807d1878@group-CEF2A9609F69: shutdown
2021-12-24 01:42:02,115 [ForkJoinPool.commonPool-worker-0] INFO  util.JmxRegister (JmxRegister.java:unregister(73)) - Successfully un-registered JMX Bean with object name Ratis:service=RaftServer,group=group-CEF2A9609F69,id=300b4b33-4b10-4d3b-8d7e-eb04807d1878
2021-12-24 01:42:02,115 [ForkJoinPool.commonPool-worker-0] INFO  impl.RoleInfo (RoleInfo.java:shutdownLeaderState(91)) - 300b4b33-4b10-4d3b-8d7e-eb04807d1878: shutdown 300b4b33-4b10-4d3b-8d7e-eb04807d1878@group-CEF2A9609F69-LeaderStateImpl
2021-12-24 01:42:02,115 [ForkJoinPool.commonPool-worker-0] INFO  impl.PendingRequests (PendingRequests.java:sendNotLeaderResponses(282)) - 300b4b33-4b10-4d3b-8d7e-eb04807d1878@group-CEF2A9609F69-PendingRequests: sendNotLeaderResponses
2021-12-24 01:42:02,116 [ForkJoinPool.commonPool-worker-0] INFO  impl.StateMachineUpdater (StateMachineUpdater.java:stopAndJoin(149)) - 300b4b33-4b10-4d3b-8d7e-eb04807d1878@group-CEF2A9609F69-StateMachineUpdater: set stopIndex = 0
2021-12-24 01:42:02,116 [300b4b33-4b10-4d3b-8d7e-eb04807d1878@group-CEF2A9609F69-StateMachineUpdater] INFO  ratis.ContainerStateMachine (ContainerStateMachine.java:takeSnapshot(299)) - group-CEF2A9609F69: Taking a snapshot at:(t:1, i:0) file /home/runner/work/ozone/ozone/hadoop-ozone/integration-test/target/test-dir/MiniOzoneClusterImpl-4d80237b-fa8d-46d0-bc6e-ad90cdc220b2/datanode-2/data/ratis/14762d08-1b95-4dca-a39f-cef2a9609f69/sm/snapshot.1_0
2021-12-24 01:42:02,117 [300b4b33-4b10-4d3b-8d7e-eb04807d1878@group-CEF2A9609F69-StateMachineUpdater] INFO  ratis.ContainerStateMachine (ContainerStateMachine.java:takeSnapshot(310)) - group-CEF2A9609F69: Finished taking a snapshot at:(t:1, i:0) file:/home/runner/work/ozone/ozone/hadoop-ozone/integration-test/target/test-dir/MiniOzoneClusterImpl-4d80237b-fa8d-46d0-bc6e-ad90cdc220b2/datanode-2/data/ratis/14762d08-1b95-4dca-a39f-cef2a9609f69/sm/snapshot.1_0 took: 2 ms
2021-12-24 01:42:02,118 [300b4b33-4b10-4d3b-8d7e-eb04807d1878@group-CEF2A9609F69-StateMachineUpdater] INFO  impl.StateMachineUpdater (StateMachineUpdater.java:takeSnapshot(281)) - 300b4b33-4b10-4d3b-8d7e-eb04807d1878@group-CEF2A9609F69-StateMachineUpdater: Took a snapshot at index 0
2021-12-24 01:42:02,118 [300b4b33-4b10-4d3b-8d7e-eb04807d1878@group-CEF2A9609F69-StateMachineUpdater] INFO  impl.StateMachineUpdater (StateMachineUpdater.java:lambda$new$0(89)) - 300b4b33-4b10-4d3b-8d7e-eb04807d1878@group-CEF2A9609F69-StateMachineUpdater: snapshotIndex: updateIncreasingly -1 -> 0
2021-12-24 01:42:02,118 [ForkJoinPool.commonPool-worker-0] INFO  server.RaftServer$Division (ServerState.java:close(419)) - 300b4b33-4b10-4d3b-8d7e-eb04807d1878@group-CEF2A9609F69: closes. applyIndex: 0
2021-12-24 01:42:02,118 [300b4b33-4b10-4d3b-8d7e-eb04807d1878@group-CEF2A9609F69-SegmentedRaftLogWorker] INFO  segmented.SegmentedRaftLogWorker (SegmentedRaftLogWorker.java:run(327)) - 300b4b33-4b10-4d3b-8d7e-eb04807d1878@group-CEF2A9609F69-SegmentedRaftLogWorker was interrupted, exiting. There are 0 tasks remaining in the queue.
2021-12-24 01:42:02,118 [ForkJoinPool.commonPool-worker-0] INFO  segmented.SegmentedRaftLogWorker (SegmentedRaftLogWorker.java:close(237)) - 300b4b33-4b10-4d3b-8d7e-eb04807d1878@group-CEF2A9609F69-SegmentedRaftLogWorker close()
2021-12-24 01:42:02,119 [ForkJoinPool.commonPool-worker-0] INFO  server.RaftServer$Division (RaftServerImpl.java:lambda$close$4(412)) - 300b4b33-4b10-4d3b-8d7e-eb04807d1878@group-5F95E21525C4: shutdown
2021-12-24 01:42:02,119 [ForkJoinPool.commonPool-worker-0] INFO  util.JmxRegister (JmxRegister.java:unregister(73)) - Successfully un-registered JMX Bean with object name Ratis:service=RaftServer,group=group-5F95E21525C4,id=300b4b33-4b10-4d3b-8d7e-eb04807d1878
2021-12-24 01:42:02,119 [ForkJoinPool.commonPool-worker-0] INFO  impl.RoleInfo (RoleInfo.java:shutdownFollowerState(108)) - 300b4b33-4b10-4d3b-8d7e-eb04807d1878: shutdown 300b4b33-4b10-4d3b-8d7e-eb04807d1878@group-5F95E21525C4-FollowerState
2021-12-24 01:42:02,120 [300b4b33-4b10-4d3b-8d7e-eb04807d1878@group-5F95E21525C4-FollowerState] INFO  impl.FollowerState (FollowerState.java:run(143)) - 300b4b33-4b10-4d3b-8d7e-eb04807d1878@group-5F95E21525C4-FollowerState was interrupted: {}
java.lang.InterruptedException: sleep interrupted
	at java.lang.Thread.sleep(Native Method)
	at java.lang.Thread.sleep(Thread.java:340)
	at java.util.concurrent.TimeUnit.sleep(TimeUnit.java:386)
	at org.apache.ratis.util.TimeDuration.sleep(TimeDuration.java:324)
	at org.apache.ratis.util.TimeDuration.sleep(TimeDuration.java:309)
	at org.apache.ratis.server.impl.FollowerState.run(FollowerState.java:118)
2021-12-24 01:42:02,120 [300b4b33-4b10-4d3b-8d7e-eb04807d1878@group-5F95E21525C4-StateMachineUpdater] INFO  ratis.ContainerStateMachine (ContainerStateMachine.java:takeSnapshot(299)) - group-5F95E21525C4: Taking a snapshot at:(t:5, i:0) file /home/runner/work/ozone/ozone/hadoop-ozone/integration-test/target/test-dir/MiniOzoneClusterImpl-4d80237b-fa8d-46d0-bc6e-ad90cdc220b2/datanode-2/data/ratis/7a1e8ed4-cdd2-42a9-97ca-5f95e21525c4/sm/snapshot.5_0
2021-12-24 01:42:02,126 [ForkJoinPool.commonPool-worker-0] INFO  impl.StateMachineUpdater (StateMachineUpdater.java:stopAndJoin(149)) - 300b4b33-4b10-4d3b-8d7e-eb04807d1878@group-5F95E21525C4-StateMachineUpdater: set stopIndex = 0
2021-12-24 01:42:02,127 [300b4b33-4b10-4d3b-8d7e-eb04807d1878@group-5F95E21525C4-StateMachineUpdater] INFO  ratis.ContainerStateMachine (ContainerStateMachine.java:takeSnapshot(310)) - group-5F95E21525C4: Finished taking a snapshot at:(t:5, i:0) file:/home/runner/work/ozone/ozone/hadoop-ozone/integration-test/target/test-dir/MiniOzoneClusterImpl-4d80237b-fa8d-46d0-bc6e-ad90cdc220b2/datanode-2/data/ratis/7a1e8ed4-cdd2-42a9-97ca-5f95e21525c4/sm/snapshot.5_0 took: 8 ms
2021-12-24 01:42:02,128 [300b4b33-4b10-4d3b-8d7e-eb04807d1878@group-5F95E21525C4-StateMachineUpdater] INFO  impl.StateMachineUpdater (StateMachineUpdater.java:takeSnapshot(281)) - 300b4b33-4b10-4d3b-8d7e-eb04807d1878@group-5F95E21525C4-StateMachineUpdater: Took a snapshot at index 0
2021-12-24 01:42:02,128 [300b4b33-4b10-4d3b-8d7e-eb04807d1878@group-5F95E21525C4-StateMachineUpdater] INFO  impl.StateMachineUpdater (StateMachineUpdater.java:lambda$new$0(89)) - 300b4b33-4b10-4d3b-8d7e-eb04807d1878@group-5F95E21525C4-StateMachineUpdater: snapshotIndex: updateIncreasingly -1 -> 0
2021-12-24 01:42:02,128 [ForkJoinPool.commonPool-worker-0] INFO  server.RaftServer$Division (ServerState.java:close(419)) - 300b4b33-4b10-4d3b-8d7e-eb04807d1878@group-5F95E21525C4: closes. applyIndex: 0
2021-12-24 01:42:02,128 [300b4b33-4b10-4d3b-8d7e-eb04807d1878@group-5F95E21525C4-SegmentedRaftLogWorker] INFO  segmented.SegmentedRaftLogWorker (SegmentedRaftLogWorker.java:run(327)) - 300b4b33-4b10-4d3b-8d7e-eb04807d1878@group-5F95E21525C4-SegmentedRaftLogWorker was interrupted, exiting. There are 0 tasks remaining in the queue.
2021-12-24 01:42:02,130 [ForkJoinPool.commonPool-worker-0] INFO  segmented.SegmentedRaftLogWorker (SegmentedRaftLogWorker.java:close(237)) - 300b4b33-4b10-4d3b-8d7e-eb04807d1878@group-5F95E21525C4-SegmentedRaftLogWorker close()
2021-12-24 01:42:02,149 [ForkJoinPool.commonPool-worker-0] INFO  server.GrpcService (GrpcService.java:closeImpl(262)) - 300b4b33-4b10-4d3b-8d7e-eb04807d1878: shutdown server with port 42715 now
2021-12-24 01:42:02,173 [ForkJoinPool.commonPool-worker-0] INFO  server.GrpcService (GrpcService.java:closeImpl(271)) - 300b4b33-4b10-4d3b-8d7e-eb04807d1878: shutdown server with port 42715 successfully
2021-12-24 01:42:02,178 [org.apache.ratis.util.JvmPauseMonitor$$Lambda$528/1509220174@62b50a9f] INFO  util.JvmPauseMonitor (JvmPauseMonitor.java:run(109)) - JvmPauseMonitor-300b4b33-4b10-4d3b-8d7e-eb04807d1878: Stopped
2021-12-24 01:42:04,198 [ForkJoinPool.commonPool-worker-0] INFO  utils.BackgroundService (BackgroundService.java:shutdown(132)) - Shutting down service BlockDeletingService
2021-12-24 01:42:07,236 [ForkJoinPool.commonPool-worker-0] INFO  statemachine.DatanodeStateMachine (DatanodeStateMachine.java:stopDaemon(526)) - Ozone container server stopped.
2021-12-24 01:42:07,248 [ForkJoinPool.commonPool-worker-0] INFO  handler.ContextHandler (ContextHandler.java:doStop(1153)) - Stopped o.e.j.w.WebAppContext@6945ad46{hddsDatanode,/,null,STOPPED}{jar:file:/home/runner/.m2/repository/org/apache/ozone/hdds-container-service/1.3.0-SNAPSHOT/hdds-container-service-1.3.0-SNAPSHOT.jar!/webapps/hddsDatanode}
2021-12-24 01:42:07,253 [ForkJoinPool.commonPool-worker-0] INFO  server.AbstractConnector (AbstractConnector.java:doStop(381)) - Stopped ServerConnector@57d9b274{HTTP/1.1, (http/1.1)}{0.0.0.0:0}
2021-12-24 01:42:07,254 [ForkJoinPool.commonPool-worker-0] INFO  server.session (HouseKeeper.java:stopScavenging(149)) - node0 Stopped scavenging
2021-12-24 01:42:07,258 [ForkJoinPool.commonPool-worker-0] INFO  handler.ContextHandler (ContextHandler.java:doStop(1153)) - Stopped o.e.j.s.ServletContextHandler@24dfbc9b{static,/static,jar:file:/home/runner/.m2/repository/org/apache/ozone/hdds-container-service/1.3.0-SNAPSHOT/hdds-container-service-1.3.0-SNAPSHOT.jar!/webapps/static,STOPPED}
2021-12-24 01:42:07,258 [ForkJoinPool.commonPool-worker-0] INFO  handler.ContextHandler (ContextHandler.java:doStop(1153)) - Stopped o.e.j.s.ServletContextHandler@3948dbb{logs,/logs,file:///home/runner/work/ozone/ozone/hadoop-ozone/integration-test/target/log,STOPPED}
2021-12-24 01:42:07,259 [Listener at 127.0.0.1/45267] INFO  ozone.MiniOzoneClusterImpl (MiniOzoneClusterImpl.java:stopSCM(542)) - Stopping the StorageContainerManager
2021-12-24 01:42:07,260 [Listener at 127.0.0.1/45267] INFO  server.StorageContainerManager (StorageContainerManager.java:stop(1390)) - Stopping Container Balancer service.
2021-12-24 01:42:07,260 [Listener at 127.0.0.1/45267] INFO  balancer.ContainerBalancer (ContainerBalancer.java:stop(746)) - Container Balancer is not running.
2021-12-24 01:42:07,260 [Listener at 127.0.0.1/45267] INFO  server.StorageContainerManager (StorageContainerManager.java:stop(1397)) - Stopping Replication Manager Service.
2021-12-24 01:42:07,260 [Listener at 127.0.0.1/45267] INFO  container.ReplicationManager (ReplicationManager.java:stop(350)) - Stopping Replication Monitor Thread.
2021-12-24 01:42:07,260 [Listener at 127.0.0.1/45267] INFO  server.StorageContainerManager (StorageContainerManager.java:stop(1404)) - Stopping the Datanode Admin Monitor.
2021-12-24 01:42:07,260 [Listener at 127.0.0.1/45267] INFO  server.StorageContainerManager (StorageContainerManager.java:stop(1411)) - Stopping Lease Manager of the command watchers
2021-12-24 01:42:07,260 [Listener at 127.0.0.1/45267] INFO  server.StorageContainerManager (StorageContainerManager.java:stop(1418)) - Stopping datanode service RPC server
2021-12-24 01:42:07,260 [Listener at 127.0.0.1/45267] INFO  server.SCMDatanodeProtocolServer (SCMDatanodeProtocolServer.java:stop(390)) - Stopping the RPC server for DataNodes
2021-12-24 01:42:07,260 [Listener at 127.0.0.1/45267] INFO  ipc.Server (Server.java:stop(3414)) - Stopping server on 33847
2021-12-24 01:42:07,266 [IPC Server listener on 0] INFO  ipc.Server (Server.java:run(1376)) - Stopping IPC Server listener on 0
2021-12-24 01:42:07,266 [IPC Server Responder] INFO  ipc.Server (Server.java:run(1512)) - Stopping IPC Server Responder
2021-12-24 01:42:07,282 [SCM Heartbeat Processing Thread - 0] WARN  node.NodeStateManager (NodeStateManager.java:scheduleNextHealthCheck(799)) - Current Thread is interrupted, shutting down HB processing thread for Node Manager.
2021-12-24 01:42:07,285 [Listener at 127.0.0.1/45267] INFO  server.StorageContainerManager (StorageContainerManager.java:stop(1426)) - Stopping block service RPC server
2021-12-24 01:42:07,286 [Listener at 127.0.0.1/45267] INFO  server.SCMBlockProtocolServer (SCMBlockProtocolServer.java:stop(160)) - Stopping the RPC server for Block Protocol
2021-12-24 01:42:07,286 [Listener at 127.0.0.1/45267] INFO  ipc.Server (Server.java:stop(3414)) - Stopping server on 35617
2021-12-24 01:42:07,297 [IPC Server listener on 0] INFO  ipc.Server (Server.java:run(1376)) - Stopping IPC Server listener on 0
2021-12-24 01:42:07,322 [IPC Server Responder] INFO  ipc.Server (Server.java:run(1512)) - Stopping IPC Server Responder
2021-12-24 01:42:07,322 [Listener at 127.0.0.1/45267] INFO  server.StorageContainerManager (StorageContainerManager.java:stop(1433)) - Stopping the StorageContainerLocationProtocol RPC server
2021-12-24 01:42:07,328 [Listener at 127.0.0.1/45267] INFO  server.SCMClientProtocolServer (SCMClientProtocolServer.java:stop(173)) - Stopping the RPC server for Client Protocol
2021-12-24 01:42:07,328 [Listener at 127.0.0.1/45267] INFO  ipc.Server (Server.java:stop(3414)) - Stopping server on 46005
2021-12-24 01:42:07,330 [Listener at 127.0.0.1/45267] INFO  server.StorageContainerManager (StorageContainerManager.java:stop(1440)) - Stopping Storage Container Manager HTTP server.
2021-12-24 01:42:07,330 [IPC Server Responder] INFO  ipc.Server (Server.java:run(1512)) - Stopping IPC Server Responder
2021-12-24 01:42:07,331 [Listener at 127.0.0.1/45267] INFO  handler.ContextHandler (ContextHandler.java:doStop(1153)) - Stopped o.e.j.w.WebAppContext@b525509{scm,/,null,STOPPED}{file:/home/runner/work/ozone/ozone/hadoop-ozone/integration-test/target/test-classes/webapps/scm}
2021-12-24 01:42:07,332 [Listener at 127.0.0.1/45267] INFO  server.AbstractConnector (AbstractConnector.java:doStop(381)) - Stopped ServerConnector@665cfc03{HTTP/1.1, (http/1.1)}{0.0.0.0:0}
2021-12-24 01:42:07,332 [Listener at 127.0.0.1/45267] INFO  server.session (HouseKeeper.java:stopScavenging(149)) - node0 Stopped scavenging
2021-12-24 01:42:07,332 [Listener at 127.0.0.1/45267] INFO  handler.ContextHandler (ContextHandler.java:doStop(1153)) - Stopped o.e.j.s.ServletContextHandler@7908c1f0{static,/static,file:///home/runner/work/ozone/ozone/hadoop-ozone/integration-test/target/test-classes/webapps/static,STOPPED}
2021-12-24 01:42:07,333 [Listener at 127.0.0.1/45267] INFO  handler.ContextHandler (ContextHandler.java:doStop(1153)) - Stopped o.e.j.s.ServletContextHandler@2c01fcbc{logs,/logs,file:///home/runner/work/ozone/ozone/hadoop-ozone/integration-test/target/log,STOPPED}
2021-12-24 01:42:07,334 [Listener at 127.0.0.1/45267] INFO  server.StorageContainerManager (StorageContainerManager.java:stop(1451)) - Stopping Block Manager Service.
2021-12-24 01:42:07,334 [Listener at 127.0.0.1/45267] INFO  utils.BackgroundService (BackgroundService.java:shutdown(132)) - Shutting down service SCMBlockDeletingService
2021-12-24 01:42:07,334 [Listener at 127.0.0.1/45267] INFO  utils.BackgroundService (BackgroundService.java:shutdown(132)) - Shutting down service SCMBlockDeletingService
2021-12-24 01:42:07,335 [Listener at 127.0.0.1/45267] INFO  server.StorageContainerManager (StorageContainerManager.java:stop(1478)) - Stopping SCM Event Queue.
2021-12-24 01:42:07,346 [IPC Server listener on 0] INFO  ipc.Server (Server.java:run(1376)) - Stopping IPC Server listener on 0
2021-12-24 01:42:07,351 [Listener at 127.0.0.1/45267] INFO  server.StorageContainerManager (StorageContainerManager.java:stop(1489)) - Stopping SCM HA services.
2021-12-24 01:42:07,351 [Listener at 127.0.0.1/45267] INFO  pipeline.BackgroundPipelineCreator (BackgroundPipelineCreator.java:stop(158)) - Stopping RatisPipelineUtilsThread.
2021-12-24 01:42:07,352 [Listener at 127.0.0.1/45267] INFO  server.StorageContainerManager (StorageContainerManager.java:stop(1499)) - Stopping SCM MetadataStore.
2021-12-24 01:42:07,354 [Listener at 127.0.0.1/45267] INFO  impl.MetricsSystemImpl (MetricsSystemImpl.java:stop(210)) - Stopping HddsDatanode metrics system...
2021-12-24 01:42:07,377 [prometheus] INFO  impl.MetricsSinkAdapter (MetricsSinkAdapter.java:publishMetricsFromQueue(141)) - prometheus thread interrupted.
2021-12-24 01:42:07,378 [Listener at 127.0.0.1/45267] INFO  impl.MetricsSystemImpl (MetricsSystemImpl.java:stop(216)) - HddsDatanode metrics system stopped.
2021-12-24 01:42:07,624 [Listener at 127.0.0.1/45267] WARN  server.ServerUtils (ServerUtils.java:getScmDbDir(148)) - ozone.scm.db.dirs is not configured. We recommend adding this setting. Falling back to ozone.metadata.dirs instead.
2021-12-24 01:42:07,637 [Listener at 127.0.0.1/45267] INFO  ha.SCMHANodeDetails (SCMHANodeDetails.java:loadSCMHAConfig(157)) - ServiceID for StorageContainerManager is null
2021-12-24 01:42:07,643 [Listener at 127.0.0.1/45267] INFO  ha.SCMHANodeDetails (SCMHANodeDetails.java:loadSCMHAConfig(162)) - ozone.scm.default.service.id is not defined, falling back to ozone.scm.service.ids to find serviceID for StorageContainerManager if it is HA enabled cluster
2021-12-24 01:42:07,644 [Listener at 127.0.0.1/45267] WARN  server.ServerUtils (ServerUtils.java:getScmDbDir(148)) - ozone.scm.db.dirs is not configured. We recommend adding this setting. Falling back to ozone.metadata.dirs instead.
2021-12-24 01:42:07,644 [Listener at 127.0.0.1/45267] INFO  upgrade.AbstractLayoutVersionManager (AbstractLayoutVersionManager.java:init(79)) - Initializing Layout version manager with metadata layout = SCM_HA (version = 2), software layout = SCM_HA (version = 2)
2021-12-24 01:42:07,756 [Listener at 127.0.0.1/45267] INFO  reflections.Reflections (Reflections.java:scan(232)) - Reflections took 109 ms to scan 7 urls, producing 119 keys and 279 values 
2021-12-24 01:42:07,775 [Listener at 127.0.0.1/45267] WARN  utils.HAUtils (HAUtils.java:getMetaDir(342)) - ozone.scm.db.dirs is not configured. We recommend adding this setting. Falling back to ozone.metadata.dirs instead.
2021-12-24 01:42:07,799 [Listener at 127.0.0.1/45267] WARN  db.DBStoreBuilder (DBStoreBuilder.java:applyDBDefinition(145)) - ozone.scm.db.dirs is not configured. We recommend adding this setting. Falling back to ozone.metadata.dirs instead.
2021-12-24 01:42:07,987 [Listener at 127.0.0.1/45267] INFO  net.NodeSchemaLoader (NodeSchemaLoader.java:loadSchemaFromFile(129)) - Loading schema from [jar:file:/home/runner/.m2/repository/org/apache/ozone/hdds-common/1.3.0-SNAPSHOT/hdds-common-1.3.0-SNAPSHOT.jar!/network-topology-default.xml]
2021-12-24 01:42:07,988 [Listener at 127.0.0.1/45267] INFO  net.NodeSchemaLoader (NodeSchemaLoader.java:loadSchema(176)) - Loading network topology layer schema file
2021-12-24 01:42:07,991 [Listener at 127.0.0.1/45267] INFO  ha.SequenceIdGenerator (SequenceIdGenerator.java:upgradeToSequenceId(347)) - upgrade localId to 107544261427200000
2021-12-24 01:42:07,991 [Listener at 127.0.0.1/45267] INFO  ha.SequenceIdGenerator (SequenceIdGenerator.java:upgradeToSequenceId(357)) - upgrade delTxnId to 0
2021-12-24 01:42:07,991 [Listener at 127.0.0.1/45267] INFO  ha.SequenceIdGenerator (SequenceIdGenerator.java:upgradeToSequenceId(371)) - upgrade containerId to 0
2021-12-24 01:42:07,992 [Listener at 127.0.0.1/45267] INFO  ha.SequenceIdGenerator (SequenceIdGenerator.java:<init>(218)) - Init the HA SequenceIdGenerator.
2021-12-24 01:42:07,992 [Listener at 127.0.0.1/45267] WARN  server.ServerUtils (ServerUtils.java:sanitizeUserArgs(73)) - ozone.scm.stale.node.interval value = 300000 is larger than max = 100000 based on the key value of ozone.scm.heartbeat.thread.interval, reset to the max value 100000.
2021-12-24 01:42:07,992 [Listener at 127.0.0.1/45267] WARN  server.ServerUtils (ServerUtils.java:sanitizeUserArgs(73)) - ozone.scm.stale.node.interval value = 300000 is larger than max = 100000 based on the key value of ozone.scm.heartbeat.thread.interval, reset to the max value 100000.
2021-12-24 01:42:07,993 [Listener at 127.0.0.1/45267] INFO  node.SCMNodeManager (SCMNodeManager.java:<init>(144)) - Entering startup safe mode.
2021-12-24 01:42:07,993 [Listener at 127.0.0.1/45267] INFO  algorithms.ContainerPlacementPolicyFactory (ContainerPlacementPolicyFactory.java:getPolicy(60)) - Create container placement policy of type org.apache.hadoop.hdds.scm.container.placement.algorithms.SCMContainerPlacementRandom
2021-12-24 01:42:07,993 [Listener at 127.0.0.1/45267] INFO  pipeline.PipelineStateManagerImpl (PipelineStateManagerImpl.java:initialize(78)) - No pipeline exists in current db
2021-12-24 01:42:07,993 [Listener at 127.0.0.1/45267] INFO  algorithms.LeaderChoosePolicyFactory (LeaderChoosePolicyFactory.java:getPolicy(57)) - Create leader choose policy of type org.apache.hadoop.hdds.scm.pipeline.leader.choose.algorithms.MinLeaderCountChoosePolicy
2021-12-24 01:42:07,994 [Listener at 127.0.0.1/45267] INFO  ha.SCMServiceManager (SCMServiceManager.java:register(43)) - Registering service BackgroundPipelineCreator.
2021-12-24 01:42:07,994 [Listener at 127.0.0.1/45267] INFO  pipeline.BackgroundPipelineCreator (BackgroundPipelineCreator.java:start(130)) - Starting RatisPipelineUtilsThread.
2021-12-24 01:42:08,022 [Listener at 127.0.0.1/45267] INFO  algorithms.PipelineChoosePolicyFactory (PipelineChoosePolicyFactory.java:createPipelineChoosePolicyFromClass(73)) - Create pipeline choose policy of type org.apache.hadoop.hdds.scm.pipeline.choose.algorithms.RandomPipelineChoosePolicy
2021-12-24 01:42:08,023 [Listener at 127.0.0.1/45267] INFO  ha.SCMServiceManager (SCMServiceManager.java:register(43)) - Registering service SCMBlockDeletingService.
2021-12-24 01:42:08,023 [Listener at 127.0.0.1/45267] INFO  ha.SCMServiceManager (SCMServiceManager.java:register(43)) - Registering service ReplicationManager.
2021-12-24 01:42:08,023 [Listener at 127.0.0.1/45267] INFO  container.ReplicationManager (ReplicationManager.java:start(319)) - Starting Replication Monitor Thread.
2021-12-24 01:42:08,042 [Listener at 127.0.0.1/45267] INFO  safemode.ContainerSafeModeRule (ContainerSafeModeRule.java:<init>(89)) - containers with one replica threshold count 0
2021-12-24 01:42:08,042 [Listener at 127.0.0.1/45267] INFO  safemode.HealthyPipelineSafeModeRule (HealthyPipelineSafeModeRule.java:initializeRule(156)) - Total pipeline count is 0, healthy pipeline threshold count is 1
2021-12-24 01:42:08,042 [Listener at 127.0.0.1/45267] INFO  safemode.OneReplicaPipelineSafeModeRule (OneReplicaPipelineSafeModeRule.java:initializeRule(180)) - Total pipeline count is 0, pipeline's with at least one datanode reported threshold count is 0
2021-12-24 01:42:08,050 [ReplicationMonitor] INFO  container.ReplicationManager (ReplicationManager.java:processAll(371)) - Replication Monitor Thread took 0 milliseconds for processing 0 containers.
2021-12-24 01:42:08,070 [Listener at 127.0.0.1/45267] INFO  ipc.CallQueueManager (CallQueueManager.java:<init>(90)) - Using callQueue: class java.util.concurrent.LinkedBlockingQueue, queueCapacity: 2000, scheduler: class org.apache.hadoop.ipc.DefaultRpcScheduler, ipcBackoff: false.
2021-12-24 01:42:08,071 [Socket Reader #1 for port 0] INFO  ipc.Server (Server.java:run(1265)) - Starting Socket Reader #1 for port 0
2021-12-24 01:42:08,085 [Listener at 0.0.0.0/38183] INFO  ipc.CallQueueManager (CallQueueManager.java:<init>(90)) - Using callQueue: class java.util.concurrent.LinkedBlockingQueue, queueCapacity: 2000, scheduler: class org.apache.hadoop.ipc.DefaultRpcScheduler, ipcBackoff: false.
2021-12-24 01:42:08,086 [Socket Reader #1 for port 0] INFO  ipc.Server (Server.java:run(1265)) - Starting Socket Reader #1 for port 0
2021-12-24 01:42:08,087 [Listener at 0.0.0.0/43899] INFO  ipc.CallQueueManager (CallQueueManager.java:<init>(90)) - Using callQueue: class java.util.concurrent.LinkedBlockingQueue, queueCapacity: 2000, scheduler: class org.apache.hadoop.ipc.DefaultRpcScheduler, ipcBackoff: false.
2021-12-24 01:42:08,088 [Socket Reader #1 for port 0] INFO  ipc.Server (Server.java:run(1265)) - Starting Socket Reader #1 for port 0
2021-12-24 01:42:08,122 [Listener at 0.0.0.0/39079] INFO  algorithms.ContainerPlacementPolicyFactory (ContainerPlacementPolicyFactory.java:getPolicy(60)) - Create container placement policy of type org.apache.hadoop.hdds.scm.container.placement.algorithms.SCMContainerPlacementRandom
2021-12-24 01:42:08,122 [Listener at 0.0.0.0/39079] INFO  server.StorageContainerManager (StorageContainerManager.java:<init>(388)) - 
Container Balancer status:
Key                            Value
Running                        false
Container Balancer Configuration values:
Key                                                Value
Threshold                                          0.1
Max Datanodes to Involve per Iteration(ratio)      0.2
Max Size to Move per Iteration                     30GB
Max Size Entering Target per Iteration             1GB
Max Size Leaving Source per Iteration              1GB

2021-12-24 01:42:08,126 [Listener at 0.0.0.0/39079] WARN  events.EventQueue (EventQueue.java:fireEvent(194)) - No event handler registered for event TypedEvent{payloadType=SafeModeStatus, name='Safe mode status'}
2021-12-24 01:42:08,126 [Listener at 0.0.0.0/39079] INFO  ha.SCMContext (SCMContext.java:updateSafeModeStatus(211)) - Update SafeModeStatus from SafeModeStatus{safeModeStatus=true, preCheckPassed=false} to SafeModeStatus{safeModeStatus=true, preCheckPassed=false}.
2021-12-24 01:42:08,126 [Listener at 0.0.0.0/39079] INFO  server.StorageContainerManager (StorageContainerManager.java:start(1303)) - StorageContainerLocationProtocol RPC server is listening at /0.0.0.0:39079
2021-12-24 01:42:08,128 [Listener at 0.0.0.0/39079] WARN  impl.MetricsConfig (MetricsConfig.java:loadFirst(136)) - Cannot locate configuration: tried hadoop-metrics2-storagecontainermanager.properties,hadoop-metrics2.properties
2021-12-24 01:42:08,146 [Listener at 0.0.0.0/39079] INFO  impl.MetricsSystemImpl (MetricsSystemImpl.java:startTimer(378)) - Scheduled Metric snapshot period at 10 second(s).
2021-12-24 01:42:08,146 [Listener at 0.0.0.0/39079] INFO  impl.MetricsSystemImpl (MetricsSystemImpl.java:start(191)) - StorageContainerManager metrics system started
2021-12-24 01:42:08,275 [Listener at 0.0.0.0/39079] INFO  impl.MetricsSinkAdapter (MetricsSinkAdapter.java:start(204)) - Sink prometheus started
2021-12-24 01:42:08,275 [Listener at 0.0.0.0/39079] INFO  impl.MetricsSystemImpl (MetricsSystemImpl.java:registerSink(305)) - Registered sink prometheus
2021-12-24 01:42:08,325 [Listener at 0.0.0.0/39079] INFO  server.SCMClientProtocolServer (SCMClientProtocolServer.java:start(164)) - RPC server for Client  is listening at /0.0.0.0:39079
2021-12-24 01:42:08,325 [IPC Server Responder] INFO  ipc.Server (Server.java:run(1507)) - IPC Server Responder: starting
2021-12-24 01:42:08,331 [IPC Server listener on 0] INFO  ipc.Server (Server.java:run(1344)) - IPC Server listener on 0: starting
2021-12-24 01:42:08,339 [Listener at 0.0.0.0/39079] INFO  server.StorageContainerManager (StorageContainerManager.java:start(1318)) - ScmBlockLocationProtocol RPC server is listening at /0.0.0.0:43899
2021-12-24 01:42:08,339 [Listener at 0.0.0.0/39079] INFO  server.SCMBlockProtocolServer (SCMBlockProtocolServer.java:start(151)) - RPC server for Block Protocol is listening at /0.0.0.0:43899
2021-12-24 01:42:08,339 [IPC Server Responder] INFO  ipc.Server (Server.java:run(1507)) - IPC Server Responder: starting
2021-12-24 01:42:08,340 [IPC Server listener on 0] INFO  ipc.Server (Server.java:run(1344)) - IPC Server listener on 0: starting
2021-12-24 01:42:08,368 [Listener at 0.0.0.0/39079] INFO  server.SCMDatanodeProtocolServer (SCMDatanodeProtocolServer.java:start(181)) - ScmDatanodeProtocol RPC server for DataNodes is listening at /0.0.0.0:38183
2021-12-24 01:42:08,370 [IPC Server Responder] INFO  ipc.Server (Server.java:run(1507)) - IPC Server Responder: starting
2021-12-24 01:42:08,372 [IPC Server listener on 0] INFO  ipc.Server (Server.java:run(1344)) - IPC Server listener on 0: starting
2021-12-24 01:42:08,376 [Listener at 0.0.0.0/39079] INFO  http.BaseHttpServer (BaseHttpServer.java:newHttpServer2BuilderForOzone(209)) - Starting Web-server for scm at: http://0.0.0.0:0
2021-12-24 01:42:08,376 [Listener at 0.0.0.0/39079] INFO  http.BaseHttpServer (BaseHttpServer.java:<init>(107)) - Hadoop Security Enabled: false Ozone Security Enabled: false Ozone HTTP Security Enabled: false 
2021-12-24 01:42:08,378 [Listener at 0.0.0.0/39079] INFO  server.AuthenticationFilter (AuthenticationFilter.java:constructSecretProvider(240)) - Unable to initialize FileSignerSecretProvider, falling back to use random secrets.
2021-12-24 01:42:08,382 [Listener at 0.0.0.0/39079] WARN  http.HttpRequestLog (HttpRequestLog.java:getRequestLog(103)) - Jetty request log can only be enabled using Log4j
2021-12-24 01:42:08,383 [Listener at 0.0.0.0/39079] INFO  http.HttpServer2 (HttpServer2.java:addGlobalFilter(1030)) - Added global filter 'safety' (class=org.apache.hadoop.hdds.server.http.HttpServer2$QuotingInputFilter)
2021-12-24 01:42:08,384 [Listener at 0.0.0.0/39079] INFO  http.HttpServer2 (HttpServer2.java:addFilter(1006)) - Added filter static_user_filter (class=org.apache.hadoop.http.lib.StaticUserWebFilter$StaticUserFilter) to context scm
2021-12-24 01:42:08,384 [Listener at 0.0.0.0/39079] INFO  http.HttpServer2 (HttpServer2.java:addFilter(1014)) - Added filter static_user_filter (class=org.apache.hadoop.http.lib.StaticUserWebFilter$StaticUserFilter) to context static
2021-12-24 01:42:08,384 [Listener at 0.0.0.0/39079] INFO  http.HttpServer2 (HttpServer2.java:addFilter(1014)) - Added filter static_user_filter (class=org.apache.hadoop.http.lib.StaticUserWebFilter$StaticUserFilter) to context logs
2021-12-24 01:42:08,385 [Listener at 0.0.0.0/39079] INFO  http.HttpServer2 (HttpServer2.java:bindListener(1249)) - Jetty bound to port 40843
2021-12-24 01:42:08,385 [Listener at 0.0.0.0/39079] INFO  server.Server (Server.java:doStart(375)) - jetty-9.4.43.v20210629; built: 2021-06-30T11:07:22.254Z; git: 526006ecfa3af7f1a27ef3a288e2bef7ea9dd7e8; jvm 1.8.0_292-b10
2021-12-24 01:42:08,389 [Listener at 0.0.0.0/39079] INFO  server.session (DefaultSessionIdManager.java:doStart(334)) - DefaultSessionIdManager workerName=node0
2021-12-24 01:42:08,389 [Listener at 0.0.0.0/39079] INFO  server.session (DefaultSessionIdManager.java:doStart(339)) - No SessionScavenger set, using defaults
2021-12-24 01:42:08,389 [Listener at 0.0.0.0/39079] INFO  server.session (HouseKeeper.java:startScavenging(132)) - node0 Scavenging every 600000ms
2021-12-24 01:42:08,393 [Listener at 0.0.0.0/39079] INFO  handler.ContextHandler (ContextHandler.java:doStart(915)) - Started o.e.j.s.ServletContextHandler@329aaf26{logs,/logs,file:///home/runner/work/ozone/ozone/hadoop-ozone/integration-test/target/log,AVAILABLE}
2021-12-24 01:42:08,394 [Listener at 0.0.0.0/39079] INFO  handler.ContextHandler (ContextHandler.java:doStart(915)) - Started o.e.j.s.ServletContextHandler@59d20597{static,/static,file:///home/runner/work/ozone/ozone/hadoop-ozone/integration-test/target/test-classes/webapps/static,AVAILABLE}
2021-12-24 01:42:08,397 [Listener at 0.0.0.0/39079] INFO  handler.ContextHandler (ContextHandler.java:doStart(915)) - Started o.e.j.w.WebAppContext@3c7ca576{scm,/,file:///home/runner/work/ozone/ozone/hadoop-ozone/integration-test/target/test-classes/webapps/scm/,AVAILABLE}{file:/home/runner/work/ozone/ozone/hadoop-ozone/integration-test/target/test-classes/webapps/scm}
2021-12-24 01:42:08,408 [org.apache.hadoop.util.JvmPauseMonitor$Monitor@2baa48e3] INFO  util.JvmPauseMonitor (JvmPauseMonitor.java:run(188)) - Starting JVM pause monitor
2021-12-24 01:42:08,423 [Listener at 0.0.0.0/39079] INFO  server.AbstractConnector (AbstractConnector.java:doStart(331)) - Started ServerConnector@13757e8{HTTP/1.1, (http/1.1)}{0.0.0.0:40843}
2021-12-24 01:42:08,423 [Listener at 0.0.0.0/39079] INFO  server.Server (Server.java:doStart(415)) - Started @250586ms
2021-12-24 01:42:08,423 [Listener at 0.0.0.0/39079] WARN  impl.MetricsSystemImpl (MetricsSystemImpl.java:register(279)) - Sink prometheus already exists!
2021-12-24 01:42:08,437 [Listener at 0.0.0.0/39079] INFO  http.BaseHttpServer (BaseHttpServer.java:updateConnectorAddress(329)) - HTTP server of scm listening at http://0.0.0.0:40843
2021-12-24 01:42:08,438 [Listener at 0.0.0.0/39079] WARN  server.ServerUtils (ServerUtils.java:getDBPath(225)) - ozone.om.db.dirs is not configured. We recommend adding this setting. Falling back to ozone.metadata.dirs instead.
2021-12-24 01:42:08,440 [Listener at 0.0.0.0/39079] INFO  ha.OMHANodeDetails (OMHANodeDetails.java:loadOMHAConfig(112)) - ozone.om.internal.service.id is not defined, falling back to ozone.om.service.ids to find serviceID for OzoneManager if it is HA enabled cluster
2021-12-24 01:42:08,441 [Listener at 0.0.0.0/39079] INFO  ha.OMHANodeDetails (OMHANodeDetails.java:loadOMHAConfig(218)) - Configuration does not have ozone.om.address set. Falling back to the default OM address /127.0.0.1:0
2021-12-24 01:42:08,441 [Listener at 0.0.0.0/39079] INFO  ha.OMHANodeDetails (OMHANodeDetails.java:getOMNodeDetailsForNonHA(246)) - OM Service ID is not set. Setting it to the default ID: omServiceIdDefault
2021-12-24 01:42:08,441 [Listener at 0.0.0.0/39079] INFO  ha.OMHANodeDetails (OMHANodeDetails.java:getOMNodeDetailsForNonHA(253)) - OM Node ID is not set. Setting it to the default ID: om1
2021-12-24 01:42:08,441 [Listener at 0.0.0.0/39079] WARN  server.ServerUtils (ServerUtils.java:getDBPath(225)) - ozone.om.db.dirs is not configured. We recommend adding this setting. Falling back to ozone.metadata.dirs instead.
2021-12-24 01:42:08,442 [Listener at 0.0.0.0/39079] INFO  upgrade.AbstractLayoutVersionManager (AbstractLayoutVersionManager.java:init(79)) - Initializing Layout version manager with metadata layout = INITIAL_VERSION (version = 0), software layout = INITIAL_VERSION (version = 0)
2021-12-24 01:42:08,625 [Listener at 0.0.0.0/39079] INFO  reflections.Reflections (Reflections.java:scan(232)) - Reflections took 181 ms to scan 2 urls, producing 133 keys and 345 values [using 2 cores]
2021-12-24 01:42:08,625 [Listener at 0.0.0.0/39079] INFO  upgrade.OMLayoutVersionManager (OMLayoutVersionManager.java:lambda$0(115)) - Skipping Upgrade Action MockOmUpgradeAction since it has been finalized.
2021-12-24 01:42:08,625 [Listener at 0.0.0.0/39079] WARN  server.ServerUtils (ServerUtils.java:getDBPath(225)) - ozone.om.db.dirs is not configured. We recommend adding this setting. Falling back to ozone.metadata.dirs instead.
2021-12-24 01:42:08,667 [Listener at 0.0.0.0/39079] WARN  server.ServerUtils (ServerUtils.java:getDBPath(225)) - ozone.om.db.dirs is not configured. We recommend adding this setting. Falling back to ozone.metadata.dirs instead.
2021-12-24 01:42:08,667 [Listener at 0.0.0.0/39079] INFO  codec.OmKeyInfoCodec (OmKeyInfoCodec.java:<init>(50)) - OmKeyInfoCodec ignorePipeline = true
2021-12-24 01:42:08,668 [Listener at 0.0.0.0/39079] INFO  codec.RepeatedOmKeyInfoCodec (RepeatedOmKeyInfoCodec.java:<init>(42)) - RepeatedOmKeyInfoCodec ignorePipeline = true
2021-12-24 01:42:09,019 [Listener at 0.0.0.0/39079] INFO  om.OzoneManager (OzoneManager.java:addS3GVolumeToDB(3728)) - Created Volume s3v With Owner runner required for S3Gateway operations.
2021-12-24 01:42:09,024 [Listener at 0.0.0.0/39079] INFO  ipc.CallQueueManager (CallQueueManager.java:<init>(90)) - Using callQueue: class java.util.concurrent.LinkedBlockingQueue, queueCapacity: 2000, scheduler: class org.apache.hadoop.ipc.DefaultRpcScheduler, ipcBackoff: false.
2021-12-24 01:42:09,025 [Socket Reader #1 for port 0] INFO  ipc.Server (Server.java:run(1265)) - Starting Socket Reader #1 for port 0
2021-12-24 01:42:09,118 [Listener at 127.0.0.1/42107] INFO  impl.MetricsSystemImpl (MetricsSystemImpl.java:init(158)) - OzoneManager metrics system started (again)
2021-12-24 01:42:09,159 [Listener at 127.0.0.1/42107] INFO  om.OzoneManager (OzoneManager.java:start(1365)) - OzoneManager RPC server is listening at localhost/127.0.0.1:42107
2021-12-24 01:42:09,159 [Listener at 127.0.0.1/42107] INFO  om.OzoneManager (OzoneManager.java:start(1381)) - Version File has different layout version (0) than OM DB (null). That is expected if this OM has never been finalized to a newer layout version.
2021-12-24 01:42:09,172 [Listener at 127.0.0.1/42107] INFO  http.BaseHttpServer (BaseHttpServer.java:newHttpServer2BuilderForOzone(209)) - Starting Web-server for ozoneManager at: http://0.0.0.0:0
2021-12-24 01:42:09,172 [Listener at 127.0.0.1/42107] INFO  http.BaseHttpServer (BaseHttpServer.java:<init>(107)) - Hadoop Security Enabled: false Ozone Security Enabled: false Ozone HTTP Security Enabled: false 
2021-12-24 01:42:09,173 [Listener at 127.0.0.1/42107] INFO  server.AuthenticationFilter (AuthenticationFilter.java:constructSecretProvider(240)) - Unable to initialize FileSignerSecretProvider, falling back to use random secrets.
2021-12-24 01:42:09,200 [Listener at 127.0.0.1/42107] WARN  http.HttpRequestLog (HttpRequestLog.java:getRequestLog(103)) - Jetty request log can only be enabled using Log4j
2021-12-24 01:42:09,202 [Listener at 127.0.0.1/42107] INFO  http.HttpServer2 (HttpServer2.java:addGlobalFilter(1030)) - Added global filter 'safety' (class=org.apache.hadoop.hdds.server.http.HttpServer2$QuotingInputFilter)
2021-12-24 01:42:09,203 [Listener at 127.0.0.1/42107] INFO  http.HttpServer2 (HttpServer2.java:addFilter(1006)) - Added filter static_user_filter (class=org.apache.hadoop.http.lib.StaticUserWebFilter$StaticUserFilter) to context ozoneManager
2021-12-24 01:42:09,203 [Listener at 127.0.0.1/42107] INFO  http.HttpServer2 (HttpServer2.java:addFilter(1014)) - Added filter static_user_filter (class=org.apache.hadoop.http.lib.StaticUserWebFilter$StaticUserFilter) to context logs
2021-12-24 01:42:09,203 [Listener at 127.0.0.1/42107] INFO  http.HttpServer2 (HttpServer2.java:addFilter(1014)) - Added filter static_user_filter (class=org.apache.hadoop.http.lib.StaticUserWebFilter$StaticUserFilter) to context static
2021-12-24 01:42:09,204 [Listener at 127.0.0.1/42107] INFO  http.HttpServer2 (HttpServer2.java:bindListener(1249)) - Jetty bound to port 46321
2021-12-24 01:42:09,204 [Listener at 127.0.0.1/42107] INFO  server.Server (Server.java:doStart(375)) - jetty-9.4.43.v20210629; built: 2021-06-30T11:07:22.254Z; git: 526006ecfa3af7f1a27ef3a288e2bef7ea9dd7e8; jvm 1.8.0_292-b10
2021-12-24 01:42:09,214 [Listener at 127.0.0.1/42107] INFO  server.session (DefaultSessionIdManager.java:doStart(334)) - DefaultSessionIdManager workerName=node0
2021-12-24 01:42:09,214 [Listener at 127.0.0.1/42107] INFO  server.session (DefaultSessionIdManager.java:doStart(339)) - No SessionScavenger set, using defaults
2021-12-24 01:42:09,214 [Listener at 127.0.0.1/42107] INFO  server.session (HouseKeeper.java:startScavenging(132)) - node0 Scavenging every 660000ms
2021-12-24 01:42:09,216 [Listener at 127.0.0.1/42107] INFO  handler.ContextHandler (ContextHandler.java:doStart(915)) - Started o.e.j.s.ServletContextHandler@64252544{logs,/logs,file:///home/runner/work/ozone/ozone/hadoop-ozone/integration-test/target/log,AVAILABLE}
2021-12-24 01:42:09,216 [Listener at 127.0.0.1/42107] INFO  handler.ContextHandler (ContextHandler.java:doStart(915)) - Started o.e.j.s.ServletContextHandler@1b4cc473{static,/static,file:///home/runner/work/ozone/ozone/hadoop-ozone/integration-test/target/test-classes/webapps/static,AVAILABLE}
2021-12-24 01:42:09,220 [Listener at 127.0.0.1/42107] INFO  handler.ContextHandler (ContextHandler.java:doStart(915)) - Started o.e.j.w.WebAppContext@320075ea{ozoneManager,/,file:///home/runner/work/ozone/ozone/hadoop-ozone/integration-test/target/test-classes/webapps/ozoneManager/,AVAILABLE}{file:/home/runner/work/ozone/ozone/hadoop-ozone/integration-test/target/test-classes/webapps/ozoneManager}
2021-12-24 01:42:09,242 [Listener at 127.0.0.1/42107] INFO  server.AbstractConnector (AbstractConnector.java:doStart(331)) - Started ServerConnector@17c2d06{HTTP/1.1, (http/1.1)}{0.0.0.0:46321}
2021-12-24 01:42:09,242 [Listener at 127.0.0.1/42107] INFO  server.Server (Server.java:doStart(415)) - Started @251405ms
2021-12-24 01:42:09,242 [Listener at 127.0.0.1/42107] WARN  impl.MetricsSystemImpl (MetricsSystemImpl.java:register(279)) - Sink prometheus already exists!
2021-12-24 01:42:09,243 [Listener at 127.0.0.1/42107] INFO  http.BaseHttpServer (BaseHttpServer.java:updateConnectorAddress(329)) - HTTP server of ozoneManager listening at http://0.0.0.0:46321
2021-12-24 01:42:09,248 [IPC Server Responder] INFO  ipc.Server (Server.java:run(1507)) - IPC Server Responder: starting
2021-12-24 01:42:09,267 [IPC Server listener on 0] INFO  ipc.Server (Server.java:run(1344)) - IPC Server listener on 0: starting
2021-12-24 01:42:09,288 [Listener at 127.0.0.1/42107] INFO  om.TrashPolicyOzone (TrashPolicyOzone.java:<init>(178)) - Ozone Manager trash configuration: Deletion interval = 0 minutes, Emptier interval = 0 minutes.
2021-12-24 01:42:09,336 [org.apache.hadoop.util.JvmPauseMonitor$Monitor@3369c143] INFO  util.JvmPauseMonitor (JvmPauseMonitor.java:run(188)) - Starting JVM pause monitor
2021-12-24 01:42:09,341 [Listener at 127.0.0.1/42107] INFO  impl.MetricsSystemImpl (MetricsSystemImpl.java:init(158)) - HddsDatanode metrics system started (again)
2021-12-24 01:42:09,389 [Listener at 127.0.0.1/42107] INFO  ozone.HddsDatanodeService (HddsDatanodeService.java:start(234)) - HddsDatanodeService host:fv-az116-279.vzw04321ajxubdbcnpick5nqva.xx.internal.cloudapp.net ip:10.1.0.29
2021-12-24 01:42:09,450 [Listener at 127.0.0.1/42107] INFO  upgrade.AbstractLayoutVersionManager (AbstractLayoutVersionManager.java:init(79)) - Initializing Layout version manager with metadata layout = SCM_HA (version = 2), software layout = SCM_HA (version = 2)
2021-12-24 01:42:09,586 [Listener at 127.0.0.1/42107] INFO  reflections.Reflections (Reflections.java:scan(232)) - Reflections took 127 ms to scan 7 urls, producing 119 keys and 279 values 
2021-12-24 01:42:09,591 [Listener at 127.0.0.1/42107] INFO  statemachine.DatanodeStateMachine (DatanodeStateMachine.java:getEndPointTaskThreadPoolSize(219)) - Datanode State Machine Task Thread Pool size 2
2021-12-24 01:42:09,600 [Listener at 127.0.0.1/42107] INFO  volume.HddsVolume (HddsVolume.java:<init>(120)) - Creating HddsVolume: /home/runner/work/ozone/ozone/hadoop-ozone/integration-test/target/test-dir/MiniOzoneClusterImpl-0a0f043c-1890-4504-b3a7-b335d5eef4c6/datanode-0/data-0/containers/hdds of storage type : DISK capacity : 9223372036854775807
2021-12-24 01:42:09,600 [Listener at 127.0.0.1/42107] INFO  volume.MutableVolumeSet (MutableVolumeSet.java:initializeVolumeSet(168)) - Added Volume : /home/runner/work/ozone/ozone/hadoop-ozone/integration-test/target/test-dir/MiniOzoneClusterImpl-0a0f043c-1890-4504-b3a7-b335d5eef4c6/datanode-0/data-0/containers/hdds to VolumeSet
2021-12-24 01:42:09,600 [Listener at 127.0.0.1/42107] INFO  volume.ThrottledAsyncChecker (ThrottledAsyncChecker.java:schedule(141)) - Scheduling a check for /home/runner/work/ozone/ozone/hadoop-ozone/integration-test/target/test-dir/MiniOzoneClusterImpl-0a0f043c-1890-4504-b3a7-b335d5eef4c6/datanode-0/data-0/containers/hdds
2021-12-24 01:42:09,613 [Listener at 127.0.0.1/42107] INFO  volume.StorageVolumeChecker (StorageVolumeChecker.java:checkAllVolumes(202)) - Scheduled health check for volume /home/runner/work/ozone/ozone/hadoop-ozone/integration-test/target/test-dir/MiniOzoneClusterImpl-0a0f043c-1890-4504-b3a7-b335d5eef4c6/datanode-0/data-0/containers/hdds
2021-12-24 01:42:09,641 [Listener at 127.0.0.1/42107] INFO  volume.MutableVolumeSet (MutableVolumeSet.java:initializeVolumeSet(168)) - Added Volume : /home/runner/work/ozone/ozone/hadoop-ozone/integration-test/target/test-dir/MiniOzoneClusterImpl-0a0f043c-1890-4504-b3a7-b335d5eef4c6/datanode-0/data/ratis to VolumeSet
2021-12-24 01:42:09,641 [Listener at 127.0.0.1/42107] INFO  volume.ThrottledAsyncChecker (ThrottledAsyncChecker.java:schedule(141)) - Scheduling a check for /home/runner/work/ozone/ozone/hadoop-ozone/integration-test/target/test-dir/MiniOzoneClusterImpl-0a0f043c-1890-4504-b3a7-b335d5eef4c6/datanode-0/data/ratis
2021-12-24 01:42:09,641 [Listener at 127.0.0.1/42107] INFO  volume.StorageVolumeChecker (StorageVolumeChecker.java:checkAllVolumes(202)) - Scheduled health check for volume /home/runner/work/ozone/ozone/hadoop-ozone/integration-test/target/test-dir/MiniOzoneClusterImpl-0a0f043c-1890-4504-b3a7-b335d5eef4c6/datanode-0/data/ratis
2021-12-24 01:42:09,690 [Thread-1742] INFO  ozoneimpl.ContainerReader (ContainerReader.java:readVolume(172)) - Finish verifying containers on volume /home/runner/work/ozone/ozone/hadoop-ozone/integration-test/target/test-dir/MiniOzoneClusterImpl-0a0f043c-1890-4504-b3a7-b335d5eef4c6/datanode-0/data-0/containers/hdds
2021-12-24 01:42:09,690 [Listener at 127.0.0.1/42107] INFO  ozoneimpl.OzoneContainer (OzoneContainer.java:buildContainerSet(237)) - Build ContainerSet costs 0s
2021-12-24 01:42:09,693 [Listener at 127.0.0.1/42107] INFO  server.RaftServer (ConfUtils.java:logGet(44)) - raft.rpc.type = GRPC (default)
2021-12-24 01:42:09,694 [Listener at 127.0.0.1/42107] INFO  grpc.GrpcFactory (GrpcFactory.java:checkPooledByteBufAllocatorUseCacheForAllThreads(48)) - PERFORMANCE WARNING: useCacheForAllThreads is true that may cause Netty to create a lot garbage objects and, as a result, trigger GC.
	It is recommended to disable useCacheForAllThreads by setting -Dorg.apache.ratis.thirdparty.io.netty.allocator.useCacheForAllThreads=false in command line.
2021-12-24 01:42:09,694 [Listener at 127.0.0.1/42107] INFO  grpc.GrpcConfigKeys (ConfUtils.java:logGet(44)) - raft.grpc.admin.port = 0 (custom)
2021-12-24 01:42:09,694 [Listener at 127.0.0.1/42107] INFO  grpc.GrpcConfigKeys (ConfUtils.java:logGet(44)) - raft.grpc.client.port = 0 (custom)
2021-12-24 01:42:09,694 [Listener at 127.0.0.1/42107] INFO  grpc.GrpcConfigKeys (ConfUtils.java:logGet(44)) - raft.grpc.server.port = 0 (default)
2021-12-24 01:42:09,695 [Listener at 127.0.0.1/42107] INFO  server.GrpcService (ConfUtils.java:logGet(44)) - raft.grpc.message.size.max = 32MB (=33554432) (custom)
2021-12-24 01:42:09,695 [Listener at 127.0.0.1/42107] INFO  server.RaftServerConfigKeys (ConfUtils.java:logGet(44)) - raft.server.log.appender.buffer.byte-limit = 33554432 (custom)
2021-12-24 01:42:09,695 [Listener at 127.0.0.1/42107] INFO  server.GrpcService (ConfUtils.java:logGet(44)) - raft.grpc.flow.control.window = 5MB (=5242880) (custom)
2021-12-24 01:42:09,695 [Listener at 127.0.0.1/42107] INFO  server.RaftServerConfigKeys (ConfUtils.java:logGet(44)) - raft.server.rpc.request.timeout = 60s (custom)
2021-12-24 01:42:09,698 [Listener at 127.0.0.1/42107] INFO  impl.DataStreamServerImpl (ConfUtils.java:logGet(44)) - raft.datastream.type = DISABLED (default)
2021-12-24 01:42:09,707 [Listener at 127.0.0.1/42107] INFO  server.RaftServerConfigKeys (ConfUtils.java:logGet(44)) - raft.server.rpc.slowness.timeout = 300s (custom)
2021-12-24 01:42:09,708 [Listener at 127.0.0.1/42107] INFO  server.RaftServerConfigKeys (ConfUtils.java:logGet(44)) - raft.server.leaderelection.leader.step-down.wait-time = 10s (default)
2021-12-24 01:42:09,708 [Listener at 127.0.0.1/42107] INFO  server.RaftServerConfigKeys (ConfUtils.java:logGet(44)) - raft.server.storage.dir = [/home/runner/work/ozone/ozone/hadoop-ozone/integration-test/target/test-dir/MiniOzoneClusterImpl-0a0f043c-1890-4504-b3a7-b335d5eef4c6/datanode-0/data/ratis] (custom)
2021-12-24 01:42:09,710 [Listener at 127.0.0.1/42107] INFO  server.XceiverServerGrpc (XceiverServerGrpc.java:<init>(132)) - GrpcServer channel type EpollServerSocketChannel
2021-12-24 01:42:09,714 [Listener at 127.0.0.1/42107] INFO  http.BaseHttpServer (BaseHttpServer.java:newHttpServer2BuilderForOzone(209)) - Starting Web-server for hddsDatanode at: http://0.0.0.0:0
2021-12-24 01:42:09,714 [Listener at 127.0.0.1/42107] INFO  http.BaseHttpServer (BaseHttpServer.java:<init>(107)) - Hadoop Security Enabled: false Ozone Security Enabled: false Ozone HTTP Security Enabled: false 
2021-12-24 01:42:09,715 [Listener at 127.0.0.1/42107] INFO  server.AuthenticationFilter (AuthenticationFilter.java:constructSecretProvider(240)) - Unable to initialize FileSignerSecretProvider, falling back to use random secrets.
2021-12-24 01:42:09,718 [Listener at 127.0.0.1/42107] WARN  http.HttpRequestLog (HttpRequestLog.java:getRequestLog(103)) - Jetty request log can only be enabled using Log4j
2021-12-24 01:42:09,719 [Listener at 127.0.0.1/42107] INFO  http.HttpServer2 (HttpServer2.java:addGlobalFilter(1030)) - Added global filter 'safety' (class=org.apache.hadoop.hdds.server.http.HttpServer2$QuotingInputFilter)
2021-12-24 01:42:09,719 [Listener at 127.0.0.1/42107] INFO  http.HttpServer2 (HttpServer2.java:addFilter(1006)) - Added filter static_user_filter (class=org.apache.hadoop.http.lib.StaticUserWebFilter$StaticUserFilter) to context hddsDatanode
2021-12-24 01:42:09,719 [Listener at 127.0.0.1/42107] INFO  http.HttpServer2 (HttpServer2.java:addFilter(1014)) - Added filter static_user_filter (class=org.apache.hadoop.http.lib.StaticUserWebFilter$StaticUserFilter) to context logs
2021-12-24 01:42:09,720 [Listener at 127.0.0.1/42107] INFO  http.HttpServer2 (HttpServer2.java:addFilter(1014)) - Added filter static_user_filter (class=org.apache.hadoop.http.lib.StaticUserWebFilter$StaticUserFilter) to context static
2021-12-24 01:42:09,720 [Listener at 127.0.0.1/42107] INFO  http.HttpServer2 (HttpServer2.java:bindListener(1249)) - Jetty bound to port 36025
2021-12-24 01:42:09,720 [Listener at 127.0.0.1/42107] INFO  server.Server (Server.java:doStart(375)) - jetty-9.4.43.v20210629; built: 2021-06-30T11:07:22.254Z; git: 526006ecfa3af7f1a27ef3a288e2bef7ea9dd7e8; jvm 1.8.0_292-b10
2021-12-24 01:42:09,722 [Listener at 127.0.0.1/42107] INFO  server.session (DefaultSessionIdManager.java:doStart(334)) - DefaultSessionIdManager workerName=node0
2021-12-24 01:42:09,722 [Listener at 127.0.0.1/42107] INFO  server.session (DefaultSessionIdManager.java:doStart(339)) - No SessionScavenger set, using defaults
2021-12-24 01:42:09,723 [Listener at 127.0.0.1/42107] INFO  server.session (HouseKeeper.java:startScavenging(132)) - node0 Scavenging every 660000ms
2021-12-24 01:42:09,725 [Listener at 127.0.0.1/42107] INFO  handler.ContextHandler (ContextHandler.java:doStart(915)) - Started o.e.j.s.ServletContextHandler@643d449a{logs,/logs,file:///home/runner/work/ozone/ozone/hadoop-ozone/integration-test/target/log,AVAILABLE}
2021-12-24 01:42:09,725 [Listener at 127.0.0.1/42107] INFO  handler.ContextHandler (ContextHandler.java:doStart(915)) - Started o.e.j.s.ServletContextHandler@57d86841{static,/static,jar:file:/home/runner/.m2/repository/org/apache/ozone/hdds-container-service/1.3.0-SNAPSHOT/hdds-container-service-1.3.0-SNAPSHOT.jar!/webapps/static,AVAILABLE}
2021-12-24 01:42:09,813 [Listener at 127.0.0.1/42107] INFO  handler.ContextHandler (ContextHandler.java:doStart(915)) - Started o.e.j.w.WebAppContext@323946d9{hddsDatanode,/,file:///tmp/jetty-0_0_0_0-36025-hdds-container-service-1_3_0-SNAPSHOT_jar-_-any-5679807921105899252/webapp/,AVAILABLE}{jar:file:/home/runner/.m2/repository/org/apache/ozone/hdds-container-service/1.3.0-SNAPSHOT/hdds-container-service-1.3.0-SNAPSHOT.jar!/webapps/hddsDatanode}
2021-12-24 01:42:09,846 [Listener at 127.0.0.1/42107] INFO  server.AbstractConnector (AbstractConnector.java:doStart(331)) - Started ServerConnector@730ed75d{HTTP/1.1, (http/1.1)}{0.0.0.0:36025}
2021-12-24 01:42:09,846 [Listener at 127.0.0.1/42107] INFO  server.Server (Server.java:doStart(415)) - Started @252009ms
2021-12-24 01:42:09,846 [Listener at 127.0.0.1/42107] WARN  impl.MetricsSystemImpl (MetricsSystemImpl.java:register(279)) - Sink prometheus already exists!
2021-12-24 01:42:09,847 [Listener at 127.0.0.1/42107] INFO  http.BaseHttpServer (BaseHttpServer.java:updateConnectorAddress(329)) - HTTP server of hddsDatanode listening at http://0.0.0.0:36025
2021-12-24 01:42:09,848 [Listener at 127.0.0.1/42107] INFO  impl.MetricsSystemImpl (MetricsSystemImpl.java:init(158)) - HddsDatanode metrics system started (again)
2021-12-24 01:42:09,870 [Datanode State Machine Daemon Thread] INFO  statemachine.DatanodeStateMachine (DatanodeStateMachine.java:lambda$startDaemon$0(467)) - Ozone container server started.
2021-12-24 01:42:09,913 [Listener at 127.0.0.1/42107] INFO  ozone.HddsDatanodeService (HddsDatanodeService.java:start(234)) - HddsDatanodeService host:fv-az116-279.vzw04321ajxubdbcnpick5nqva.xx.internal.cloudapp.net ip:10.1.0.29
2021-12-24 01:42:09,942 [org.apache.hadoop.util.JvmPauseMonitor$Monitor@4344652b] INFO  util.JvmPauseMonitor (JvmPauseMonitor.java:run(188)) - Starting JVM pause monitor
2021-12-24 01:42:09,959 [Datanode State Machine Task Thread - 0] INFO  datanode.InitDatanodeState (InitDatanodeState.java:persistContainerDatanodeDetails(145)) - DatanodeDetails is persisted to /home/runner/work/ozone/ozone/hadoop-ozone/integration-test/target/test-dir/MiniOzoneClusterImpl-0a0f043c-1890-4504-b3a7-b335d5eef4c6/datanode-0/meta/datanode.id
2021-12-24 01:42:10,005 [Listener at 127.0.0.1/42107] INFO  upgrade.AbstractLayoutVersionManager (AbstractLayoutVersionManager.java:init(79)) - Initializing Layout version manager with metadata layout = SCM_HA (version = 2), software layout = SCM_HA (version = 2)
2021-12-24 01:42:10,139 [Listener at 127.0.0.1/42107] INFO  reflections.Reflections (Reflections.java:scan(232)) - Reflections took 111 ms to scan 7 urls, producing 119 keys and 279 values 
2021-12-24 01:42:10,167 [Listener at 127.0.0.1/42107] INFO  statemachine.DatanodeStateMachine (DatanodeStateMachine.java:getEndPointTaskThreadPoolSize(219)) - Datanode State Machine Task Thread Pool size 2
2021-12-24 01:42:10,188 [Listener at 127.0.0.1/42107] INFO  volume.HddsVolume (HddsVolume.java:<init>(120)) - Creating HddsVolume: /home/runner/work/ozone/ozone/hadoop-ozone/integration-test/target/test-dir/MiniOzoneClusterImpl-0a0f043c-1890-4504-b3a7-b335d5eef4c6/datanode-1/data-0/containers/hdds of storage type : DISK capacity : 9223372036854775807
2021-12-24 01:42:10,188 [Listener at 127.0.0.1/42107] INFO  volume.MutableVolumeSet (MutableVolumeSet.java:initializeVolumeSet(168)) - Added Volume : /home/runner/work/ozone/ozone/hadoop-ozone/integration-test/target/test-dir/MiniOzoneClusterImpl-0a0f043c-1890-4504-b3a7-b335d5eef4c6/datanode-1/data-0/containers/hdds to VolumeSet
2021-12-24 01:42:10,188 [Listener at 127.0.0.1/42107] INFO  volume.ThrottledAsyncChecker (ThrottledAsyncChecker.java:schedule(141)) - Scheduling a check for /home/runner/work/ozone/ozone/hadoop-ozone/integration-test/target/test-dir/MiniOzoneClusterImpl-0a0f043c-1890-4504-b3a7-b335d5eef4c6/datanode-1/data-0/containers/hdds
2021-12-24 01:42:10,216 [Listener at 127.0.0.1/42107] INFO  volume.StorageVolumeChecker (StorageVolumeChecker.java:checkAllVolumes(202)) - Scheduled health check for volume /home/runner/work/ozone/ozone/hadoop-ozone/integration-test/target/test-dir/MiniOzoneClusterImpl-0a0f043c-1890-4504-b3a7-b335d5eef4c6/datanode-1/data-0/containers/hdds
2021-12-24 01:42:10,278 [Listener at 127.0.0.1/42107] INFO  volume.MutableVolumeSet (MutableVolumeSet.java:initializeVolumeSet(168)) - Added Volume : /home/runner/work/ozone/ozone/hadoop-ozone/integration-test/target/test-dir/MiniOzoneClusterImpl-0a0f043c-1890-4504-b3a7-b335d5eef4c6/datanode-1/data/ratis to VolumeSet
2021-12-24 01:42:10,279 [Listener at 127.0.0.1/42107] INFO  volume.ThrottledAsyncChecker (ThrottledAsyncChecker.java:schedule(141)) - Scheduling a check for /home/runner/work/ozone/ozone/hadoop-ozone/integration-test/target/test-dir/MiniOzoneClusterImpl-0a0f043c-1890-4504-b3a7-b335d5eef4c6/datanode-1/data/ratis
2021-12-24 01:42:10,279 [Listener at 127.0.0.1/42107] INFO  volume.StorageVolumeChecker (StorageVolumeChecker.java:checkAllVolumes(202)) - Scheduled health check for volume /home/runner/work/ozone/ozone/hadoop-ozone/integration-test/target/test-dir/MiniOzoneClusterImpl-0a0f043c-1890-4504-b3a7-b335d5eef4c6/datanode-1/data/ratis
2021-12-24 01:42:10,328 [Thread-1754] INFO  ozoneimpl.ContainerReader (ContainerReader.java:readVolume(172)) - Finish verifying containers on volume /home/runner/work/ozone/ozone/hadoop-ozone/integration-test/target/test-dir/MiniOzoneClusterImpl-0a0f043c-1890-4504-b3a7-b335d5eef4c6/datanode-1/data-0/containers/hdds
2021-12-24 01:42:10,328 [Listener at 127.0.0.1/42107] INFO  ozoneimpl.OzoneContainer (OzoneContainer.java:buildContainerSet(237)) - Build ContainerSet costs 0s
2021-12-24 01:42:10,331 [Listener at 127.0.0.1/42107] INFO  server.RaftServer (ConfUtils.java:logGet(44)) - raft.rpc.type = GRPC (default)
2021-12-24 01:42:10,331 [Listener at 127.0.0.1/42107] INFO  grpc.GrpcFactory (GrpcFactory.java:checkPooledByteBufAllocatorUseCacheForAllThreads(48)) - PERFORMANCE WARNING: useCacheForAllThreads is true that may cause Netty to create a lot garbage objects and, as a result, trigger GC.
	It is recommended to disable useCacheForAllThreads by setting -Dorg.apache.ratis.thirdparty.io.netty.allocator.useCacheForAllThreads=false in command line.
2021-12-24 01:42:10,331 [Listener at 127.0.0.1/42107] INFO  grpc.GrpcConfigKeys (ConfUtils.java:logGet(44)) - raft.grpc.admin.port = 0 (custom)
2021-12-24 01:42:10,331 [Listener at 127.0.0.1/42107] INFO  grpc.GrpcConfigKeys (ConfUtils.java:logGet(44)) - raft.grpc.client.port = 0 (custom)
2021-12-24 01:42:10,331 [Listener at 127.0.0.1/42107] INFO  grpc.GrpcConfigKeys (ConfUtils.java:logGet(44)) - raft.grpc.server.port = 0 (default)
2021-12-24 01:42:10,332 [Listener at 127.0.0.1/42107] INFO  server.GrpcService (ConfUtils.java:logGet(44)) - raft.grpc.message.size.max = 32MB (=33554432) (custom)
2021-12-24 01:42:10,332 [Listener at 127.0.0.1/42107] INFO  server.RaftServerConfigKeys (ConfUtils.java:logGet(44)) - raft.server.log.appender.buffer.byte-limit = 33554432 (custom)
2021-12-24 01:42:10,332 [Listener at 127.0.0.1/42107] INFO  server.GrpcService (ConfUtils.java:logGet(44)) - raft.grpc.flow.control.window = 5MB (=5242880) (custom)
2021-12-24 01:42:10,332 [Listener at 127.0.0.1/42107] INFO  server.RaftServerConfigKeys (ConfUtils.java:logGet(44)) - raft.server.rpc.request.timeout = 60s (custom)
2021-12-24 01:42:10,333 [Listener at 127.0.0.1/42107] INFO  impl.DataStreamServerImpl (ConfUtils.java:logGet(44)) - raft.datastream.type = DISABLED (default)
2021-12-24 01:42:10,334 [Listener at 127.0.0.1/42107] INFO  server.RaftServerConfigKeys (ConfUtils.java:logGet(44)) - raft.server.rpc.slowness.timeout = 300s (custom)
2021-12-24 01:42:10,334 [Listener at 127.0.0.1/42107] INFO  server.RaftServerConfigKeys (ConfUtils.java:logGet(44)) - raft.server.leaderelection.leader.step-down.wait-time = 10s (default)
2021-12-24 01:42:10,334 [Listener at 127.0.0.1/42107] INFO  server.RaftServerConfigKeys (ConfUtils.java:logGet(44)) - raft.server.storage.dir = [/home/runner/work/ozone/ozone/hadoop-ozone/integration-test/target/test-dir/MiniOzoneClusterImpl-0a0f043c-1890-4504-b3a7-b335d5eef4c6/datanode-1/data/ratis] (custom)
2021-12-24 01:42:10,335 [Listener at 127.0.0.1/42107] INFO  server.XceiverServerGrpc (XceiverServerGrpc.java:<init>(132)) - GrpcServer channel type EpollServerSocketChannel
2021-12-24 01:42:10,341 [Listener at 127.0.0.1/42107] INFO  http.BaseHttpServer (BaseHttpServer.java:newHttpServer2BuilderForOzone(209)) - Starting Web-server for hddsDatanode at: http://0.0.0.0:0
2021-12-24 01:42:10,342 [Listener at 127.0.0.1/42107] INFO  http.BaseHttpServer (BaseHttpServer.java:<init>(107)) - Hadoop Security Enabled: false Ozone Security Enabled: false Ozone HTTP Security Enabled: false 
2021-12-24 01:42:10,343 [Listener at 127.0.0.1/42107] INFO  server.AuthenticationFilter (AuthenticationFilter.java:constructSecretProvider(240)) - Unable to initialize FileSignerSecretProvider, falling back to use random secrets.
2021-12-24 01:42:10,343 [Listener at 127.0.0.1/42107] WARN  http.HttpRequestLog (HttpRequestLog.java:getRequestLog(103)) - Jetty request log can only be enabled using Log4j
2021-12-24 01:42:10,344 [Listener at 127.0.0.1/42107] INFO  http.HttpServer2 (HttpServer2.java:addGlobalFilter(1030)) - Added global filter 'safety' (class=org.apache.hadoop.hdds.server.http.HttpServer2$QuotingInputFilter)
2021-12-24 01:42:10,344 [Listener at 127.0.0.1/42107] INFO  http.HttpServer2 (HttpServer2.java:addFilter(1006)) - Added filter static_user_filter (class=org.apache.hadoop.http.lib.StaticUserWebFilter$StaticUserFilter) to context hddsDatanode
2021-12-24 01:42:10,345 [Listener at 127.0.0.1/42107] INFO  http.HttpServer2 (HttpServer2.java:addFilter(1014)) - Added filter static_user_filter (class=org.apache.hadoop.http.lib.StaticUserWebFilter$StaticUserFilter) to context static
2021-12-24 01:42:10,345 [Listener at 127.0.0.1/42107] INFO  http.HttpServer2 (HttpServer2.java:addFilter(1014)) - Added filter static_user_filter (class=org.apache.hadoop.http.lib.StaticUserWebFilter$StaticUserFilter) to context logs
2021-12-24 01:42:10,345 [Listener at 127.0.0.1/42107] INFO  http.HttpServer2 (HttpServer2.java:bindListener(1249)) - Jetty bound to port 43163
2021-12-24 01:42:10,345 [Listener at 127.0.0.1/42107] INFO  server.Server (Server.java:doStart(375)) - jetty-9.4.43.v20210629; built: 2021-06-30T11:07:22.254Z; git: 526006ecfa3af7f1a27ef3a288e2bef7ea9dd7e8; jvm 1.8.0_292-b10
2021-12-24 01:42:10,359 [Listener at 127.0.0.1/42107] INFO  server.session (DefaultSessionIdManager.java:doStart(334)) - DefaultSessionIdManager workerName=node0
2021-12-24 01:42:10,359 [Listener at 127.0.0.1/42107] INFO  server.session (DefaultSessionIdManager.java:doStart(339)) - No SessionScavenger set, using defaults
2021-12-24 01:42:10,359 [Listener at 127.0.0.1/42107] INFO  server.session (HouseKeeper.java:startScavenging(132)) - node0 Scavenging every 600000ms
2021-12-24 01:42:10,360 [Listener at 127.0.0.1/42107] INFO  handler.ContextHandler (ContextHandler.java:doStart(915)) - Started o.e.j.s.ServletContextHandler@3ca35bd{logs,/logs,file:///home/runner/work/ozone/ozone/hadoop-ozone/integration-test/target/log,AVAILABLE}
2021-12-24 01:42:10,361 [Listener at 127.0.0.1/42107] INFO  handler.ContextHandler (ContextHandler.java:doStart(915)) - Started o.e.j.s.ServletContextHandler@39292d0d{static,/static,jar:file:/home/runner/.m2/repository/org/apache/ozone/hdds-container-service/1.3.0-SNAPSHOT/hdds-container-service-1.3.0-SNAPSHOT.jar!/webapps/static,AVAILABLE}
2021-12-24 01:42:10,478 [Listener at 127.0.0.1/42107] INFO  handler.ContextHandler (ContextHandler.java:doStart(915)) - Started o.e.j.w.WebAppContext@6783409c{hddsDatanode,/,file:///tmp/jetty-0_0_0_0-43163-hdds-container-service-1_3_0-SNAPSHOT_jar-_-any-7022122213777974096/webapp/,AVAILABLE}{jar:file:/home/runner/.m2/repository/org/apache/ozone/hdds-container-service/1.3.0-SNAPSHOT/hdds-container-service-1.3.0-SNAPSHOT.jar!/webapps/hddsDatanode}
2021-12-24 01:42:10,480 [Listener at 127.0.0.1/42107] INFO  server.AbstractConnector (AbstractConnector.java:doStart(331)) - Started ServerConnector@4777d135{HTTP/1.1, (http/1.1)}{0.0.0.0:43163}
2021-12-24 01:42:10,480 [Listener at 127.0.0.1/42107] INFO  server.Server (Server.java:doStart(415)) - Started @252644ms
2021-12-24 01:42:10,480 [Listener at 127.0.0.1/42107] WARN  impl.MetricsSystemImpl (MetricsSystemImpl.java:register(279)) - Sink prometheus already exists!
2021-12-24 01:42:10,482 [Listener at 127.0.0.1/42107] INFO  http.BaseHttpServer (BaseHttpServer.java:updateConnectorAddress(329)) - HTTP server of hddsDatanode listening at http://0.0.0.0:43163
2021-12-24 01:42:10,494 [Listener at 127.0.0.1/42107] INFO  impl.MetricsSystemImpl (MetricsSystemImpl.java:init(158)) - HddsDatanode metrics system started (again)
2021-12-24 01:42:10,499 [Datanode State Machine Daemon Thread] INFO  statemachine.DatanodeStateMachine (DatanodeStateMachine.java:lambda$startDaemon$0(467)) - Ozone container server started.
2021-12-24 01:42:10,590 [org.apache.hadoop.util.JvmPauseMonitor$Monitor@7c6fc0f1] INFO  util.JvmPauseMonitor (JvmPauseMonitor.java:run(188)) - Starting JVM pause monitor
2021-12-24 01:42:10,602 [Datanode State Machine Task Thread - 0] INFO  datanode.InitDatanodeState (InitDatanodeState.java:persistContainerDatanodeDetails(145)) - DatanodeDetails is persisted to /home/runner/work/ozone/ozone/hadoop-ozone/integration-test/target/test-dir/MiniOzoneClusterImpl-0a0f043c-1890-4504-b3a7-b335d5eef4c6/datanode-1/meta/datanode.id
2021-12-24 01:42:10,625 [Listener at 127.0.0.1/42107] INFO  ozone.HddsDatanodeService (HddsDatanodeService.java:start(234)) - HddsDatanodeService host:fv-az116-279.vzw04321ajxubdbcnpick5nqva.xx.internal.cloudapp.net ip:10.1.0.29
2021-12-24 01:42:10,685 [Listener at 127.0.0.1/42107] INFO  upgrade.AbstractLayoutVersionManager (AbstractLayoutVersionManager.java:init(79)) - Initializing Layout version manager with metadata layout = SCM_HA (version = 2), software layout = SCM_HA (version = 2)
2021-12-24 01:42:10,750 [Listener at 127.0.0.1/42107] INFO  reflections.Reflections (Reflections.java:scan(232)) - Reflections took 63 ms to scan 7 urls, producing 119 keys and 279 values 
2021-12-24 01:42:10,756 [Listener at 127.0.0.1/42107] INFO  statemachine.DatanodeStateMachine (DatanodeStateMachine.java:getEndPointTaskThreadPoolSize(219)) - Datanode State Machine Task Thread Pool size 2
2021-12-24 01:42:10,762 [Listener at 127.0.0.1/42107] INFO  volume.HddsVolume (HddsVolume.java:<init>(120)) - Creating HddsVolume: /home/runner/work/ozone/ozone/hadoop-ozone/integration-test/target/test-dir/MiniOzoneClusterImpl-0a0f043c-1890-4504-b3a7-b335d5eef4c6/datanode-2/data-0/containers/hdds of storage type : DISK capacity : 9223372036854775807
2021-12-24 01:42:10,762 [Listener at 127.0.0.1/42107] INFO  volume.MutableVolumeSet (MutableVolumeSet.java:initializeVolumeSet(168)) - Added Volume : /home/runner/work/ozone/ozone/hadoop-ozone/integration-test/target/test-dir/MiniOzoneClusterImpl-0a0f043c-1890-4504-b3a7-b335d5eef4c6/datanode-2/data-0/containers/hdds to VolumeSet
2021-12-24 01:42:10,763 [Listener at 127.0.0.1/42107] INFO  volume.ThrottledAsyncChecker (ThrottledAsyncChecker.java:schedule(141)) - Scheduling a check for /home/runner/work/ozone/ozone/hadoop-ozone/integration-test/target/test-dir/MiniOzoneClusterImpl-0a0f043c-1890-4504-b3a7-b335d5eef4c6/datanode-2/data-0/containers/hdds
2021-12-24 01:42:10,764 [Listener at 127.0.0.1/42107] INFO  volume.StorageVolumeChecker (StorageVolumeChecker.java:checkAllVolumes(202)) - Scheduled health check for volume /home/runner/work/ozone/ozone/hadoop-ozone/integration-test/target/test-dir/MiniOzoneClusterImpl-0a0f043c-1890-4504-b3a7-b335d5eef4c6/datanode-2/data-0/containers/hdds
2021-12-24 01:42:10,788 [Listener at 127.0.0.1/42107] INFO  volume.MutableVolumeSet (MutableVolumeSet.java:initializeVolumeSet(168)) - Added Volume : /home/runner/work/ozone/ozone/hadoop-ozone/integration-test/target/test-dir/MiniOzoneClusterImpl-0a0f043c-1890-4504-b3a7-b335d5eef4c6/datanode-2/data/ratis to VolumeSet
2021-12-24 01:42:10,804 [Listener at 127.0.0.1/42107] INFO  volume.ThrottledAsyncChecker (ThrottledAsyncChecker.java:schedule(141)) - Scheduling a check for /home/runner/work/ozone/ozone/hadoop-ozone/integration-test/target/test-dir/MiniOzoneClusterImpl-0a0f043c-1890-4504-b3a7-b335d5eef4c6/datanode-2/data/ratis
2021-12-24 01:42:10,805 [Listener at 127.0.0.1/42107] INFO  volume.StorageVolumeChecker (StorageVolumeChecker.java:checkAllVolumes(202)) - Scheduled health check for volume /home/runner/work/ozone/ozone/hadoop-ozone/integration-test/target/test-dir/MiniOzoneClusterImpl-0a0f043c-1890-4504-b3a7-b335d5eef4c6/datanode-2/data/ratis
2021-12-24 01:42:10,837 [Thread-1766] INFO  ozoneimpl.ContainerReader (ContainerReader.java:readVolume(172)) - Finish verifying containers on volume /home/runner/work/ozone/ozone/hadoop-ozone/integration-test/target/test-dir/MiniOzoneClusterImpl-0a0f043c-1890-4504-b3a7-b335d5eef4c6/datanode-2/data-0/containers/hdds
2021-12-24 01:42:10,837 [Listener at 127.0.0.1/42107] INFO  ozoneimpl.OzoneContainer (OzoneContainer.java:buildContainerSet(237)) - Build ContainerSet costs 0s
2021-12-24 01:42:10,839 [Listener at 127.0.0.1/42107] INFO  server.RaftServer (ConfUtils.java:logGet(44)) - raft.rpc.type = GRPC (default)
2021-12-24 01:42:10,839 [Listener at 127.0.0.1/42107] INFO  grpc.GrpcFactory (GrpcFactory.java:checkPooledByteBufAllocatorUseCacheForAllThreads(48)) - PERFORMANCE WARNING: useCacheForAllThreads is true that may cause Netty to create a lot garbage objects and, as a result, trigger GC.
	It is recommended to disable useCacheForAllThreads by setting -Dorg.apache.ratis.thirdparty.io.netty.allocator.useCacheForAllThreads=false in command line.
2021-12-24 01:42:10,839 [Listener at 127.0.0.1/42107] INFO  grpc.GrpcConfigKeys (ConfUtils.java:logGet(44)) - raft.grpc.admin.port = 0 (custom)
2021-12-24 01:42:10,840 [Listener at 127.0.0.1/42107] INFO  grpc.GrpcConfigKeys (ConfUtils.java:logGet(44)) - raft.grpc.client.port = 0 (custom)
2021-12-24 01:42:10,840 [Listener at 127.0.0.1/42107] INFO  grpc.GrpcConfigKeys (ConfUtils.java:logGet(44)) - raft.grpc.server.port = 0 (default)
2021-12-24 01:42:10,840 [Listener at 127.0.0.1/42107] INFO  server.GrpcService (ConfUtils.java:logGet(44)) - raft.grpc.message.size.max = 32MB (=33554432) (custom)
2021-12-24 01:42:10,840 [Listener at 127.0.0.1/42107] INFO  server.RaftServerConfigKeys (ConfUtils.java:logGet(44)) - raft.server.log.appender.buffer.byte-limit = 33554432 (custom)
2021-12-24 01:42:10,840 [Listener at 127.0.0.1/42107] INFO  server.GrpcService (ConfUtils.java:logGet(44)) - raft.grpc.flow.control.window = 5MB (=5242880) (custom)
2021-12-24 01:42:10,840 [Listener at 127.0.0.1/42107] INFO  server.RaftServerConfigKeys (ConfUtils.java:logGet(44)) - raft.server.rpc.request.timeout = 60s (custom)
2021-12-24 01:42:10,852 [Listener at 127.0.0.1/42107] INFO  impl.DataStreamServerImpl (ConfUtils.java:logGet(44)) - raft.datastream.type = DISABLED (default)
2021-12-24 01:42:10,852 [Listener at 127.0.0.1/42107] INFO  server.RaftServerConfigKeys (ConfUtils.java:logGet(44)) - raft.server.rpc.slowness.timeout = 300s (custom)
2021-12-24 01:42:10,852 [Listener at 127.0.0.1/42107] INFO  server.RaftServerConfigKeys (ConfUtils.java:logGet(44)) - raft.server.leaderelection.leader.step-down.wait-time = 10s (default)
2021-12-24 01:42:10,853 [Listener at 127.0.0.1/42107] INFO  server.RaftServerConfigKeys (ConfUtils.java:logGet(44)) - raft.server.storage.dir = [/home/runner/work/ozone/ozone/hadoop-ozone/integration-test/target/test-dir/MiniOzoneClusterImpl-0a0f043c-1890-4504-b3a7-b335d5eef4c6/datanode-2/data/ratis] (custom)
2021-12-24 01:42:10,854 [Listener at 127.0.0.1/42107] INFO  server.XceiverServerGrpc (XceiverServerGrpc.java:<init>(132)) - GrpcServer channel type EpollServerSocketChannel
2021-12-24 01:42:10,889 [Listener at 127.0.0.1/42107] INFO  http.BaseHttpServer (BaseHttpServer.java:newHttpServer2BuilderForOzone(209)) - Starting Web-server for hddsDatanode at: http://0.0.0.0:0
2021-12-24 01:42:10,890 [Listener at 127.0.0.1/42107] INFO  http.BaseHttpServer (BaseHttpServer.java:<init>(107)) - Hadoop Security Enabled: false Ozone Security Enabled: false Ozone HTTP Security Enabled: false 
2021-12-24 01:42:10,893 [Listener at 127.0.0.1/42107] INFO  server.AuthenticationFilter (AuthenticationFilter.java:constructSecretProvider(240)) - Unable to initialize FileSignerSecretProvider, falling back to use random secrets.
2021-12-24 01:42:10,903 [Listener at 127.0.0.1/42107] WARN  http.HttpRequestLog (HttpRequestLog.java:getRequestLog(103)) - Jetty request log can only be enabled using Log4j
2021-12-24 01:42:10,904 [Listener at 127.0.0.1/42107] INFO  http.HttpServer2 (HttpServer2.java:addGlobalFilter(1030)) - Added global filter 'safety' (class=org.apache.hadoop.hdds.server.http.HttpServer2$QuotingInputFilter)
2021-12-24 01:42:10,904 [Listener at 127.0.0.1/42107] INFO  http.HttpServer2 (HttpServer2.java:addFilter(1006)) - Added filter static_user_filter (class=org.apache.hadoop.http.lib.StaticUserWebFilter$StaticUserFilter) to context hddsDatanode
2021-12-24 01:42:10,905 [Listener at 127.0.0.1/42107] INFO  http.HttpServer2 (HttpServer2.java:addFilter(1014)) - Added filter static_user_filter (class=org.apache.hadoop.http.lib.StaticUserWebFilter$StaticUserFilter) to context logs
2021-12-24 01:42:10,905 [Listener at 127.0.0.1/42107] INFO  http.HttpServer2 (HttpServer2.java:addFilter(1014)) - Added filter static_user_filter (class=org.apache.hadoop.http.lib.StaticUserWebFilter$StaticUserFilter) to context static
2021-12-24 01:42:10,905 [Listener at 127.0.0.1/42107] INFO  http.HttpServer2 (HttpServer2.java:bindListener(1249)) - Jetty bound to port 41889
2021-12-24 01:42:10,905 [Listener at 127.0.0.1/42107] INFO  server.Server (Server.java:doStart(375)) - jetty-9.4.43.v20210629; built: 2021-06-30T11:07:22.254Z; git: 526006ecfa3af7f1a27ef3a288e2bef7ea9dd7e8; jvm 1.8.0_292-b10
2021-12-24 01:42:10,910 [Listener at 127.0.0.1/42107] INFO  server.session (DefaultSessionIdManager.java:doStart(334)) - DefaultSessionIdManager workerName=node0
2021-12-24 01:42:10,910 [Listener at 127.0.0.1/42107] INFO  server.session (DefaultSessionIdManager.java:doStart(339)) - No SessionScavenger set, using defaults
2021-12-24 01:42:10,911 [Listener at 127.0.0.1/42107] INFO  server.session (HouseKeeper.java:startScavenging(132)) - node0 Scavenging every 660000ms
2021-12-24 01:42:10,911 [Listener at 127.0.0.1/42107] INFO  handler.ContextHandler (ContextHandler.java:doStart(915)) - Started o.e.j.s.ServletContextHandler@3df9ddf{logs,/logs,file:///home/runner/work/ozone/ozone/hadoop-ozone/integration-test/target/log,AVAILABLE}
2021-12-24 01:42:10,912 [Listener at 127.0.0.1/42107] INFO  handler.ContextHandler (ContextHandler.java:doStart(915)) - Started o.e.j.s.ServletContextHandler@3b9c9c51{static,/static,jar:file:/home/runner/.m2/repository/org/apache/ozone/hdds-container-service/1.3.0-SNAPSHOT/hdds-container-service-1.3.0-SNAPSHOT.jar!/webapps/static,AVAILABLE}
2021-12-24 01:42:10,993 [Listener at 127.0.0.1/42107] INFO  handler.ContextHandler (ContextHandler.java:doStart(915)) - Started o.e.j.w.WebAppContext@172058f3{hddsDatanode,/,file:///tmp/jetty-0_0_0_0-41889-hdds-container-service-1_3_0-SNAPSHOT_jar-_-any-2077257557809434755/webapp/,AVAILABLE}{jar:file:/home/runner/.m2/repository/org/apache/ozone/hdds-container-service/1.3.0-SNAPSHOT/hdds-container-service-1.3.0-SNAPSHOT.jar!/webapps/hddsDatanode}
2021-12-24 01:42:10,999 [Listener at 127.0.0.1/42107] INFO  server.AbstractConnector (AbstractConnector.java:doStart(331)) - Started ServerConnector@103528a1{HTTP/1.1, (http/1.1)}{0.0.0.0:41889}
2021-12-24 01:42:10,999 [Listener at 127.0.0.1/42107] INFO  server.Server (Server.java:doStart(415)) - Started @253162ms
2021-12-24 01:42:10,999 [Listener at 127.0.0.1/42107] WARN  impl.MetricsSystemImpl (MetricsSystemImpl.java:register(279)) - Sink prometheus already exists!
2021-12-24 01:42:11,000 [Listener at 127.0.0.1/42107] INFO  http.BaseHttpServer (BaseHttpServer.java:updateConnectorAddress(329)) - HTTP server of hddsDatanode listening at http://0.0.0.0:41889
2021-12-24 01:42:11,007 [Listener at 127.0.0.1/42107] INFO  ozone.MiniOzoneClusterImpl (MiniOzoneClusterImpl.java:lambda$waitForClusterToBeReady$0(235)) - Waiting for nodes to be ready. Got 0 of 3 DN Heartbeats.
2021-12-24 01:42:11,007 [Listener at 127.0.0.1/42107] INFO  ozone.MiniOzoneClusterImpl (MiniOzoneClusterImpl.java:lambda$waitForClusterToBeReady$0(238)) - Waiting for cluster to exit safe mode
2021-12-24 01:42:11,008 [Listener at 127.0.0.1/42107] INFO  ozone.MiniOzoneClusterImpl (MiniOzoneClusterImpl.java:lambda$waitForClusterToBeReady$0(240)) - SCM became leader
2021-12-24 01:42:11,012 [Datanode State Machine Daemon Thread] INFO  statemachine.DatanodeStateMachine (DatanodeStateMachine.java:lambda$startDaemon$0(467)) - Ozone container server started.
2021-12-24 01:42:11,038 [org.apache.hadoop.util.JvmPauseMonitor$Monitor@31aad92f] INFO  util.JvmPauseMonitor (JvmPauseMonitor.java:run(188)) - Starting JVM pause monitor
2021-12-24 01:42:11,062 [Datanode State Machine Task Thread - 0] INFO  datanode.InitDatanodeState (InitDatanodeState.java:persistContainerDatanodeDetails(145)) - DatanodeDetails is persisted to /home/runner/work/ozone/ozone/hadoop-ozone/integration-test/target/test-dir/MiniOzoneClusterImpl-0a0f043c-1890-4504-b3a7-b335d5eef4c6/datanode-2/meta/datanode.id
2021-12-24 01:42:11,965 [EndpointStateMachine task thread for /0.0.0.0:38183 - 0 ] INFO  ozoneimpl.OzoneContainer (OzoneContainer.java:start(315)) - Attempting to start container services.
2021-12-24 01:42:11,965 [EndpointStateMachine task thread for /0.0.0.0:38183 - 0 ] INFO  ozoneimpl.OzoneContainer (OzoneContainer.java:startContainerScrub(250)) - Background container scanner has been disabled.
2021-12-24 01:42:11,982 [EndpointStateMachine task thread for /0.0.0.0:38183 - 0 ] INFO  replication.ReplicationServer (ReplicationServer.java:start(107)) - ReplicationServer is started using port 42361
2021-12-24 01:42:11,986 [EndpointStateMachine task thread for /0.0.0.0:38183 - 0 ] INFO  ratis.XceiverServerRatis (XceiverServerRatis.java:start(484)) - Starting XceiverServerRatis dd75dce5-e290-4f16-9ffb-4c947a2969aa
2021-12-24 01:42:12,000 [EndpointStateMachine task thread for /0.0.0.0:38183 - 0 ] INFO  server.RaftServer (RaftServerProxy.java:lambda$start$5(374)) - dd75dce5-e290-4f16-9ffb-4c947a2969aa: start RPC server
2021-12-24 01:42:12,010 [Listener at 127.0.0.1/42107] INFO  ozone.MiniOzoneClusterImpl (MiniOzoneClusterImpl.java:lambda$waitForClusterToBeReady$0(235)) - Waiting for nodes to be ready. Got 0 of 3 DN Heartbeats.
2021-12-24 01:42:12,010 [Listener at 127.0.0.1/42107] INFO  ozone.MiniOzoneClusterImpl (MiniOzoneClusterImpl.java:lambda$waitForClusterToBeReady$0(238)) - Waiting for cluster to exit safe mode
2021-12-24 01:42:12,010 [Listener at 127.0.0.1/42107] INFO  ozone.MiniOzoneClusterImpl (MiniOzoneClusterImpl.java:lambda$waitForClusterToBeReady$0(240)) - SCM became leader
2021-12-24 01:42:12,012 [EndpointStateMachine task thread for /0.0.0.0:38183 - 0 ] INFO  server.GrpcService (GrpcService.java:startImpl(253)) - dd75dce5-e290-4f16-9ffb-4c947a2969aa: GrpcService started, listening on 43525
2021-12-24 01:42:12,013 [EndpointStateMachine task thread for /0.0.0.0:38183 - 0 ] INFO  ratis.XceiverServerRatis (XceiverServerRatis.java:getRealPort(505)) - XceiverServerRatis dd75dce5-e290-4f16-9ffb-4c947a2969aa is started using port 43525 for RATIS
2021-12-24 01:42:12,013 [EndpointStateMachine task thread for /0.0.0.0:38183 - 0 ] INFO  ratis.XceiverServerRatis (XceiverServerRatis.java:getRealPort(505)) - XceiverServerRatis dd75dce5-e290-4f16-9ffb-4c947a2969aa is started using port 43525 for RATIS_ADMIN
2021-12-24 01:42:12,013 [EndpointStateMachine task thread for /0.0.0.0:38183 - 0 ] INFO  ratis.XceiverServerRatis (XceiverServerRatis.java:getRealPort(505)) - XceiverServerRatis dd75dce5-e290-4f16-9ffb-4c947a2969aa is started using port 43525 for RATIS_SERVER
2021-12-24 01:42:12,013 [org.apache.ratis.util.JvmPauseMonitor$$Lambda$528/1509220174@1de01a3a] INFO  util.JvmPauseMonitor (JvmPauseMonitor.java:run(103)) - JvmPauseMonitor-dd75dce5-e290-4f16-9ffb-4c947a2969aa: Started
2021-12-24 01:42:12,015 [EndpointStateMachine task thread for /0.0.0.0:38183 - 0 ] INFO  server.XceiverServerGrpc (XceiverServerGrpc.java:start(180)) - XceiverServerGrpc dd75dce5-e290-4f16-9ffb-4c947a2969aa is started using port 44287
2021-12-24 01:42:12,610 [EndpointStateMachine task thread for /0.0.0.0:38183 - 0 ] INFO  ozoneimpl.OzoneContainer (OzoneContainer.java:start(315)) - Attempting to start container services.
2021-12-24 01:42:12,611 [EndpointStateMachine task thread for /0.0.0.0:38183 - 0 ] INFO  ozoneimpl.OzoneContainer (OzoneContainer.java:startContainerScrub(250)) - Background container scanner has been disabled.
2021-12-24 01:42:12,611 [EndpointStateMachine task thread for /0.0.0.0:38183 - 0 ] INFO  replication.ReplicationServer (ReplicationServer.java:start(107)) - ReplicationServer is started using port 43817
2021-12-24 01:42:12,630 [EndpointStateMachine task thread for /0.0.0.0:38183 - 0 ] INFO  ratis.XceiverServerRatis (XceiverServerRatis.java:start(484)) - Starting XceiverServerRatis 8a31ae00-46ab-41b2-9095-3fe81d608acd
2021-12-24 01:42:12,638 [EndpointStateMachine task thread for /0.0.0.0:38183 - 0 ] INFO  server.RaftServer (RaftServerProxy.java:lambda$start$5(374)) - 8a31ae00-46ab-41b2-9095-3fe81d608acd: start RPC server
2021-12-24 01:42:12,639 [EndpointStateMachine task thread for /0.0.0.0:38183 - 0 ] INFO  server.GrpcService (GrpcService.java:startImpl(253)) - 8a31ae00-46ab-41b2-9095-3fe81d608acd: GrpcService started, listening on 35241
2021-12-24 01:42:12,639 [EndpointStateMachine task thread for /0.0.0.0:38183 - 0 ] INFO  ratis.XceiverServerRatis (XceiverServerRatis.java:getRealPort(505)) - XceiverServerRatis 8a31ae00-46ab-41b2-9095-3fe81d608acd is started using port 35241 for RATIS
2021-12-24 01:42:12,639 [EndpointStateMachine task thread for /0.0.0.0:38183 - 0 ] INFO  ratis.XceiverServerRatis (XceiverServerRatis.java:getRealPort(505)) - XceiverServerRatis 8a31ae00-46ab-41b2-9095-3fe81d608acd is started using port 35241 for RATIS_ADMIN
2021-12-24 01:42:12,639 [EndpointStateMachine task thread for /0.0.0.0:38183 - 0 ] INFO  ratis.XceiverServerRatis (XceiverServerRatis.java:getRealPort(505)) - XceiverServerRatis 8a31ae00-46ab-41b2-9095-3fe81d608acd is started using port 35241 for RATIS_SERVER
2021-12-24 01:42:12,642 [org.apache.ratis.util.JvmPauseMonitor$$Lambda$528/1509220174@6a64ac81] INFO  util.JvmPauseMonitor (JvmPauseMonitor.java:run(103)) - JvmPauseMonitor-8a31ae00-46ab-41b2-9095-3fe81d608acd: Started
2021-12-24 01:42:12,646 [EndpointStateMachine task thread for /0.0.0.0:38183 - 0 ] INFO  server.XceiverServerGrpc (XceiverServerGrpc.java:start(180)) - XceiverServerGrpc 8a31ae00-46ab-41b2-9095-3fe81d608acd is started using port 34315
2021-12-24 01:42:13,010 [Listener at 127.0.0.1/42107] INFO  ozone.MiniOzoneClusterImpl (MiniOzoneClusterImpl.java:lambda$waitForClusterToBeReady$0(235)) - Waiting for nodes to be ready. Got 0 of 3 DN Heartbeats.
2021-12-24 01:42:13,011 [Listener at 127.0.0.1/42107] INFO  ozone.MiniOzoneClusterImpl (MiniOzoneClusterImpl.java:lambda$waitForClusterToBeReady$0(238)) - Waiting for cluster to exit safe mode
2021-12-24 01:42:13,011 [Listener at 127.0.0.1/42107] INFO  ozone.MiniOzoneClusterImpl (MiniOzoneClusterImpl.java:lambda$waitForClusterToBeReady$0(240)) - SCM became leader
2021-12-24 01:42:13,058 [EndpointStateMachine task thread for /0.0.0.0:38183 - 0 ] INFO  ozoneimpl.OzoneContainer (OzoneContainer.java:start(315)) - Attempting to start container services.
2021-12-24 01:42:13,058 [EndpointStateMachine task thread for /0.0.0.0:38183 - 0 ] INFO  ozoneimpl.OzoneContainer (OzoneContainer.java:startContainerScrub(250)) - Background container scanner has been disabled.
2021-12-24 01:42:13,059 [EndpointStateMachine task thread for /0.0.0.0:38183 - 0 ] INFO  replication.ReplicationServer (ReplicationServer.java:start(107)) - ReplicationServer is started using port 41007
2021-12-24 01:42:13,062 [EndpointStateMachine task thread for /0.0.0.0:38183 - 0 ] INFO  ratis.XceiverServerRatis (XceiverServerRatis.java:start(484)) - Starting XceiverServerRatis d9357ef4-c66e-445f-ba22-66d061d877f9
2021-12-24 01:42:13,063 [EndpointStateMachine task thread for /0.0.0.0:38183 - 0 ] INFO  server.RaftServer (RaftServerProxy.java:lambda$start$5(374)) - d9357ef4-c66e-445f-ba22-66d061d877f9: start RPC server
2021-12-24 01:42:13,066 [EndpointStateMachine task thread for /0.0.0.0:38183 - 0 ] INFO  server.GrpcService (GrpcService.java:startImpl(253)) - d9357ef4-c66e-445f-ba22-66d061d877f9: GrpcService started, listening on 39385
2021-12-24 01:42:13,079 [EndpointStateMachine task thread for /0.0.0.0:38183 - 0 ] INFO  ratis.XceiverServerRatis (XceiverServerRatis.java:getRealPort(505)) - XceiverServerRatis d9357ef4-c66e-445f-ba22-66d061d877f9 is started using port 39385 for RATIS
2021-12-24 01:42:13,079 [EndpointStateMachine task thread for /0.0.0.0:38183 - 0 ] INFO  ratis.XceiverServerRatis (XceiverServerRatis.java:getRealPort(505)) - XceiverServerRatis d9357ef4-c66e-445f-ba22-66d061d877f9 is started using port 39385 for RATIS_ADMIN
2021-12-24 01:42:13,079 [EndpointStateMachine task thread for /0.0.0.0:38183 - 0 ] INFO  ratis.XceiverServerRatis (XceiverServerRatis.java:getRealPort(505)) - XceiverServerRatis d9357ef4-c66e-445f-ba22-66d061d877f9 is started using port 39385 for RATIS_SERVER
2021-12-24 01:42:13,079 [org.apache.ratis.util.JvmPauseMonitor$$Lambda$528/1509220174@33f9c369] INFO  util.JvmPauseMonitor (JvmPauseMonitor.java:run(103)) - JvmPauseMonitor-d9357ef4-c66e-445f-ba22-66d061d877f9: Started
2021-12-24 01:42:13,109 [EndpointStateMachine task thread for /0.0.0.0:38183 - 0 ] INFO  server.XceiverServerGrpc (XceiverServerGrpc.java:start(180)) - XceiverServerGrpc d9357ef4-c66e-445f-ba22-66d061d877f9 is started using port 34587
2021-12-24 01:42:13,932 [IPC Server handler 19 on default port 38183] INFO  net.NetworkTopologyImpl (NetworkTopologyImpl.java:add(112)) - Added a new node: /default-rack/dd75dce5-e290-4f16-9ffb-4c947a2969aa
2021-12-24 01:42:13,932 [IPC Server handler 19 on default port 38183] INFO  node.SCMNodeManager (SCMNodeManager.java:register(389)) - Registered Data node : dd75dce5-e290-4f16-9ffb-4c947a2969aa{ip: 10.1.0.29, host: fv-az116-279.vzw04321ajxubdbcnpick5nqva.xx.internal.cloudapp.net, ports: [REPLICATION=42361, RATIS=43525, RATIS_ADMIN=43525, RATIS_SERVER=43525, STANDALONE=44287], networkLocation: /default-rack, certSerialId: null, persistedOpState: null, persistedOpStateExpiryEpochSec: 0}
2021-12-24 01:42:13,935 [EventQueue-NodeRegistrationContainerReportForContainerSafeModeRule] INFO  safemode.SCMSafeModeManager (SCMSafeModeManager.java:validateSafeModeExitRules(204)) - ContainerSafeModeRule rule is successfully validated
2021-12-24 01:42:13,935 [EventQueue-NodeRegistrationContainerReportForDataNodeSafeModeRule] INFO  safemode.SCMSafeModeManager (DataNodeSafeModeRule.java:process(71)) - SCM in safe mode. 1 DataNodes registered, 3 required.
2021-12-24 01:42:13,954 [EventQueue-NewNodeForNewNodeHandler] INFO  pipeline.BackgroundPipelineCreator (BackgroundPipelineCreator.java:notifyEventTriggered(285)) - trigger a one-shot run on RatisPipelineUtilsThread.
2021-12-24 01:42:13,955 [RatisPipelineUtilsThread - 0] INFO  pipeline.RatisPipelineProvider (RatisPipelineProvider.java:lambda$create$0(183)) - Sending CreatePipelineCommand for pipeline:PipelineID=aa6e9623-4f5a-4a74-baab-e9172a31c4c6 to datanode:dd75dce5-e290-4f16-9ffb-4c947a2969aa
2021-12-24 01:42:13,955 [EventQueue-PipelineReportForOneReplicaPipelineSafeModeRule] INFO  safemode.SCMSafeModeManager (SCMSafeModeManager.java:validateSafeModeExitRules(204)) - AtleastOneDatanodeReportedRule rule is successfully validated
2021-12-24 01:42:13,958 [RatisPipelineUtilsThread - 0] INFO  pipeline.PipelineStateManagerImpl (PipelineStateManagerImpl.java:addPipeline(101)) - Created pipeline Pipeline[ Id: aa6e9623-4f5a-4a74-baab-e9172a31c4c6, Nodes: dd75dce5-e290-4f16-9ffb-4c947a2969aa{ip: 10.1.0.29, host: fv-az116-279.vzw04321ajxubdbcnpick5nqva.xx.internal.cloudapp.net, ports: [REPLICATION=42361, RATIS=43525, RATIS_ADMIN=43525, RATIS_SERVER=43525, STANDALONE=44287], networkLocation: /default-rack, certSerialId: null, persistedOpState: IN_SERVICE, persistedOpStateExpiryEpochSec: 0}, ReplicationConfig: RATIS/ONE, State:ALLOCATED, leaderId:, CreationTimestamp2021-12-24T01:42:13.955Z[Etc/UTC]].
2021-12-24 01:42:14,011 [Listener at 127.0.0.1/42107] INFO  ozone.MiniOzoneClusterImpl (MiniOzoneClusterImpl.java:lambda$waitForClusterToBeReady$0(235)) - Waiting for nodes to be ready. Got 1 of 3 DN Heartbeats.
2021-12-24 01:42:14,011 [Listener at 127.0.0.1/42107] INFO  ozone.MiniOzoneClusterImpl (MiniOzoneClusterImpl.java:lambda$waitForClusterToBeReady$0(238)) - Waiting for cluster to exit safe mode
2021-12-24 01:42:14,011 [Listener at 127.0.0.1/42107] INFO  ozone.MiniOzoneClusterImpl (MiniOzoneClusterImpl.java:lambda$waitForClusterToBeReady$0(240)) - SCM became leader
2021-12-24 01:42:14,592 [IPC Server handler 0 on default port 38183] INFO  net.NetworkTopologyImpl (NetworkTopologyImpl.java:add(112)) - Added a new node: /default-rack/8a31ae00-46ab-41b2-9095-3fe81d608acd
2021-12-24 01:42:14,592 [IPC Server handler 0 on default port 38183] INFO  node.SCMNodeManager (SCMNodeManager.java:register(389)) - Registered Data node : 8a31ae00-46ab-41b2-9095-3fe81d608acd{ip: 10.1.0.29, host: fv-az116-279.vzw04321ajxubdbcnpick5nqva.xx.internal.cloudapp.net, ports: [REPLICATION=43817, RATIS=35241, RATIS_ADMIN=35241, RATIS_SERVER=35241, STANDALONE=34315], networkLocation: /default-rack, certSerialId: null, persistedOpState: null, persistedOpStateExpiryEpochSec: 0}
2021-12-24 01:42:14,592 [EventQueue-NewNodeForNewNodeHandler] INFO  pipeline.BackgroundPipelineCreator (BackgroundPipelineCreator.java:notifyEventTriggered(285)) - trigger a one-shot run on RatisPipelineUtilsThread.
2021-12-24 01:42:14,598 [EventQueue-NodeRegistrationContainerReportForDataNodeSafeModeRule] INFO  safemode.SCMSafeModeManager (DataNodeSafeModeRule.java:process(71)) - SCM in safe mode. 2 DataNodes registered, 3 required.
2021-12-24 01:42:14,607 [RatisPipelineUtilsThread - 0] INFO  pipeline.RatisPipelineProvider (RatisPipelineProvider.java:lambda$create$0(183)) - Sending CreatePipelineCommand for pipeline:PipelineID=e425d332-772b-4d38-b88e-4845f656f4ff to datanode:8a31ae00-46ab-41b2-9095-3fe81d608acd
2021-12-24 01:42:14,608 [RatisPipelineUtilsThread - 0] INFO  pipeline.PipelineStateManagerImpl (PipelineStateManagerImpl.java:addPipeline(101)) - Created pipeline Pipeline[ Id: e425d332-772b-4d38-b88e-4845f656f4ff, Nodes: 8a31ae00-46ab-41b2-9095-3fe81d608acd{ip: 10.1.0.29, host: fv-az116-279.vzw04321ajxubdbcnpick5nqva.xx.internal.cloudapp.net, ports: [REPLICATION=43817, RATIS=35241, RATIS_ADMIN=35241, RATIS_SERVER=35241, STANDALONE=34315], networkLocation: /default-rack, certSerialId: null, persistedOpState: IN_SERVICE, persistedOpStateExpiryEpochSec: 0}, ReplicationConfig: RATIS/ONE, State:ALLOCATED, leaderId:, CreationTimestamp2021-12-24T01:42:14.607Z[Etc/UTC]].
2021-12-24 01:42:15,012 [Listener at 127.0.0.1/42107] INFO  ozone.MiniOzoneClusterImpl (MiniOzoneClusterImpl.java:lambda$waitForClusterToBeReady$0(235)) - Waiting for nodes to be ready. Got 2 of 3 DN Heartbeats.
2021-12-24 01:42:15,012 [Listener at 127.0.0.1/42107] INFO  ozone.MiniOzoneClusterImpl (MiniOzoneClusterImpl.java:lambda$waitForClusterToBeReady$0(238)) - Waiting for cluster to exit safe mode
2021-12-24 01:42:15,012 [Listener at 127.0.0.1/42107] INFO  ozone.MiniOzoneClusterImpl (MiniOzoneClusterImpl.java:lambda$waitForClusterToBeReady$0(240)) - SCM became leader
2021-12-24 01:42:15,040 [IPC Server handler 13 on default port 38183] INFO  net.NetworkTopologyImpl (NetworkTopologyImpl.java:add(112)) - Added a new node: /default-rack/d9357ef4-c66e-445f-ba22-66d061d877f9
2021-12-24 01:42:15,040 [IPC Server handler 13 on default port 38183] INFO  node.SCMNodeManager (SCMNodeManager.java:register(389)) - Registered Data node : d9357ef4-c66e-445f-ba22-66d061d877f9{ip: 10.1.0.29, host: fv-az116-279.vzw04321ajxubdbcnpick5nqva.xx.internal.cloudapp.net, ports: [REPLICATION=41007, RATIS=39385, RATIS_ADMIN=39385, RATIS_SERVER=39385, STANDALONE=34587], networkLocation: /default-rack, certSerialId: null, persistedOpState: null, persistedOpStateExpiryEpochSec: 0}
2021-12-24 01:42:15,040 [EventQueue-NewNodeForNewNodeHandler] INFO  pipeline.BackgroundPipelineCreator (BackgroundPipelineCreator.java:notifyEventTriggered(285)) - trigger a one-shot run on RatisPipelineUtilsThread.
2021-12-24 01:42:15,056 [RatisPipelineUtilsThread - 0] INFO  pipeline.RatisPipelineProvider (RatisPipelineProvider.java:lambda$create$0(183)) - Sending CreatePipelineCommand for pipeline:PipelineID=e73cf5d1-ec7c-44f3-8517-ea7ae9638303 to datanode:d9357ef4-c66e-445f-ba22-66d061d877f9
2021-12-24 01:42:15,056 [RatisPipelineUtilsThread - 0] INFO  pipeline.PipelineStateManagerImpl (PipelineStateManagerImpl.java:addPipeline(101)) - Created pipeline Pipeline[ Id: e73cf5d1-ec7c-44f3-8517-ea7ae9638303, Nodes: d9357ef4-c66e-445f-ba22-66d061d877f9{ip: 10.1.0.29, host: fv-az116-279.vzw04321ajxubdbcnpick5nqva.xx.internal.cloudapp.net, ports: [REPLICATION=41007, RATIS=39385, RATIS_ADMIN=39385, RATIS_SERVER=39385, STANDALONE=34587], networkLocation: /default-rack, certSerialId: null, persistedOpState: IN_SERVICE, persistedOpStateExpiryEpochSec: 0}, ReplicationConfig: RATIS/ONE, State:ALLOCATED, leaderId:, CreationTimestamp2021-12-24T01:42:15.056Z[Etc/UTC]].
2021-12-24 01:42:15,057 [EventQueue-NodeRegistrationContainerReportForDataNodeSafeModeRule] INFO  safemode.SCMSafeModeManager (DataNodeSafeModeRule.java:process(71)) - SCM in safe mode. 3 DataNodes registered, 3 required.
2021-12-24 01:42:15,057 [EventQueue-NodeRegistrationContainerReportForDataNodeSafeModeRule] INFO  safemode.SCMSafeModeManager (SCMSafeModeManager.java:validateSafeModeExitRules(204)) - DataNodeSafeModeRule rule is successfully validated
2021-12-24 01:42:15,057 [EventQueue-NodeRegistrationContainerReportForDataNodeSafeModeRule] INFO  safemode.SCMSafeModeManager (SCMSafeModeManager.java:completePreCheck(233)) - All SCM safe mode pre check rules have passed
2021-12-24 01:42:15,057 [EventQueue-NodeRegistrationContainerReportForDataNodeSafeModeRule] WARN  events.EventQueue (EventQueue.java:fireEvent(194)) - No event handler registered for event TypedEvent{payloadType=SafeModeStatus, name='Safe mode status'}
2021-12-24 01:42:15,057 [EventQueue-NodeRegistrationContainerReportForDataNodeSafeModeRule] INFO  ha.SCMContext (SCMContext.java:updateSafeModeStatus(211)) - Update SafeModeStatus from SafeModeStatus{safeModeStatus=true, preCheckPassed=false} to SafeModeStatus{safeModeStatus=true, preCheckPassed=true}.
2021-12-24 01:42:15,057 [EventQueue-NodeRegistrationContainerReportForDataNodeSafeModeRule] INFO  pipeline.BackgroundPipelineCreator (BackgroundPipelineCreator.java:notifyEventTriggered(285)) - trigger a one-shot run on RatisPipelineUtilsThread.
2021-12-24 01:42:15,058 [RatisPipelineUtilsThread - 0] INFO  pipeline.RatisPipelineProvider (RatisPipelineProvider.java:lambda$create$0(183)) - Sending CreatePipelineCommand for pipeline:PipelineID=af233b21-8eda-4521-9153-25a049d079a1 to datanode:8a31ae00-46ab-41b2-9095-3fe81d608acd
2021-12-24 01:42:15,058 [RatisPipelineUtilsThread - 0] INFO  pipeline.RatisPipelineProvider (RatisPipelineProvider.java:lambda$create$0(183)) - Sending CreatePipelineCommand for pipeline:PipelineID=af233b21-8eda-4521-9153-25a049d079a1 to datanode:dd75dce5-e290-4f16-9ffb-4c947a2969aa
2021-12-24 01:42:15,059 [RatisPipelineUtilsThread - 0] INFO  pipeline.RatisPipelineProvider (RatisPipelineProvider.java:lambda$create$0(183)) - Sending CreatePipelineCommand for pipeline:PipelineID=af233b21-8eda-4521-9153-25a049d079a1 to datanode:d9357ef4-c66e-445f-ba22-66d061d877f9
2021-12-24 01:42:15,059 [RatisPipelineUtilsThread - 0] INFO  pipeline.PipelineStateManagerImpl (PipelineStateManagerImpl.java:addPipeline(101)) - Created pipeline Pipeline[ Id: af233b21-8eda-4521-9153-25a049d079a1, Nodes: 8a31ae00-46ab-41b2-9095-3fe81d608acd{ip: 10.1.0.29, host: fv-az116-279.vzw04321ajxubdbcnpick5nqva.xx.internal.cloudapp.net, ports: [REPLICATION=43817, RATIS=35241, RATIS_ADMIN=35241, RATIS_SERVER=35241, STANDALONE=34315], networkLocation: /default-rack, certSerialId: null, persistedOpState: IN_SERVICE, persistedOpStateExpiryEpochSec: 0}dd75dce5-e290-4f16-9ffb-4c947a2969aa{ip: 10.1.0.29, host: fv-az116-279.vzw04321ajxubdbcnpick5nqva.xx.internal.cloudapp.net, ports: [REPLICATION=42361, RATIS=43525, RATIS_ADMIN=43525, RATIS_SERVER=43525, STANDALONE=44287], networkLocation: /default-rack, certSerialId: null, persistedOpState: IN_SERVICE, persistedOpStateExpiryEpochSec: 0}d9357ef4-c66e-445f-ba22-66d061d877f9{ip: 10.1.0.29, host: fv-az116-279.vzw04321ajxubdbcnpick5nqva.xx.internal.cloudapp.net, ports: [REPLICATION=41007, RATIS=39385, RATIS_ADMIN=39385, RATIS_SERVER=39385, STANDALONE=34587], networkLocation: /default-rack, certSerialId: null, persistedOpState: IN_SERVICE, persistedOpStateExpiryEpochSec: 0}, ReplicationConfig: RATIS/THREE, State:ALLOCATED, leaderId:, CreationTimestamp2021-12-24T01:42:15.058Z[Etc/UTC]].
2021-12-24 01:42:15,059 [RatisPipelineUtilsThread - 0] INFO  pipeline.RatisPipelineProvider (RatisPipelineProvider.java:lambda$create$0(183)) - Sending CreatePipelineCommand for pipeline:PipelineID=542a5c7f-5464-477c-b0a7-8638df840944 to datanode:d9357ef4-c66e-445f-ba22-66d061d877f9
2021-12-24 01:42:15,059 [RatisPipelineUtilsThread - 0] INFO  pipeline.RatisPipelineProvider (RatisPipelineProvider.java:lambda$create$0(183)) - Sending CreatePipelineCommand for pipeline:PipelineID=542a5c7f-5464-477c-b0a7-8638df840944 to datanode:8a31ae00-46ab-41b2-9095-3fe81d608acd
2021-12-24 01:42:15,059 [RatisPipelineUtilsThread - 0] INFO  pipeline.RatisPipelineProvider (RatisPipelineProvider.java:lambda$create$0(183)) - Sending CreatePipelineCommand for pipeline:PipelineID=542a5c7f-5464-477c-b0a7-8638df840944 to datanode:dd75dce5-e290-4f16-9ffb-4c947a2969aa
2021-12-24 01:42:15,059 [RatisPipelineUtilsThread - 0] INFO  pipeline.PipelineStateManagerImpl (PipelineStateManagerImpl.java:addPipeline(101)) - Created pipeline Pipeline[ Id: 542a5c7f-5464-477c-b0a7-8638df840944, Nodes: d9357ef4-c66e-445f-ba22-66d061d877f9{ip: 10.1.0.29, host: fv-az116-279.vzw04321ajxubdbcnpick5nqva.xx.internal.cloudapp.net, ports: [REPLICATION=41007, RATIS=39385, RATIS_ADMIN=39385, RATIS_SERVER=39385, STANDALONE=34587], networkLocation: /default-rack, certSerialId: null, persistedOpState: IN_SERVICE, persistedOpStateExpiryEpochSec: 0}8a31ae00-46ab-41b2-9095-3fe81d608acd{ip: 10.1.0.29, host: fv-az116-279.vzw04321ajxubdbcnpick5nqva.xx.internal.cloudapp.net, ports: [REPLICATION=43817, RATIS=35241, RATIS_ADMIN=35241, RATIS_SERVER=35241, STANDALONE=34315], networkLocation: /default-rack, certSerialId: null, persistedOpState: IN_SERVICE, persistedOpStateExpiryEpochSec: 0}dd75dce5-e290-4f16-9ffb-4c947a2969aa{ip: 10.1.0.29, host: fv-az116-279.vzw04321ajxubdbcnpick5nqva.xx.internal.cloudapp.net, ports: [REPLICATION=42361, RATIS=43525, RATIS_ADMIN=43525, RATIS_SERVER=43525, STANDALONE=44287], networkLocation: /default-rack, certSerialId: null, persistedOpState: IN_SERVICE, persistedOpStateExpiryEpochSec: 0}, ReplicationConfig: RATIS/THREE, State:ALLOCATED, leaderId:, CreationTimestamp2021-12-24T01:42:15.059Z[Etc/UTC]].
2021-12-24 01:42:15,059 [RatisPipelineUtilsThread - 0] INFO  pipeline.PipelineManagerImpl (PipelineManagerImpl.java:recordMetricsForPipeline(639)) - Pipeline: PipelineID=542a5c7f-5464-477c-b0a7-8638df840944 contains same datanodes as previous pipelines: PipelineID=af233b21-8eda-4521-9153-25a049d079a1 nodeIds: d9357ef4-c66e-445f-ba22-66d061d877f9, 8a31ae00-46ab-41b2-9095-3fe81d608acd, dd75dce5-e290-4f16-9ffb-4c947a2969aa
2021-12-24 01:42:16,012 [Listener at 127.0.0.1/42107] INFO  ozone.MiniOzoneClusterImpl (MiniOzoneClusterImpl.java:lambda$waitForClusterToBeReady$0(235)) - Nodes are ready. Got 3 of 3 DN Heartbeats.
2021-12-24 01:42:16,013 [Listener at 127.0.0.1/42107] INFO  ozone.MiniOzoneClusterImpl (MiniOzoneClusterImpl.java:lambda$waitForClusterToBeReady$0(238)) - Waiting for cluster to exit safe mode
2021-12-24 01:42:16,013 [Listener at 127.0.0.1/42107] INFO  ozone.MiniOzoneClusterImpl (MiniOzoneClusterImpl.java:lambda$waitForClusterToBeReady$0(240)) - SCM became leader
2021-12-24 01:42:16,933 [Command processor thread] INFO  server.RaftServer (RaftServerProxy.java:addNew(95)) - dd75dce5-e290-4f16-9ffb-4c947a2969aa: addNew group-E9172A31C4C6:[dd75dce5-e290-4f16-9ffb-4c947a2969aa|rpc:10.1.0.29:43525|priority:1] returns group-E9172A31C4C6:java.util.concurrent.CompletableFuture@25044691[Not completed]
2021-12-24 01:42:16,953 [pool-630-thread-1] INFO  server.RaftServer$Division (RaftServerImpl.java:<init>(184)) - dd75dce5-e290-4f16-9ffb-4c947a2969aa: new RaftServerImpl for group-E9172A31C4C6:[dd75dce5-e290-4f16-9ffb-4c947a2969aa|rpc:10.1.0.29:43525|priority:1] with ContainerStateMachine:uninitialized
2021-12-24 01:42:16,958 [pool-630-thread-1] INFO  server.RaftServerConfigKeys (ConfUtils.java:logGet(44)) - raft.server.rpc.timeout.min = 5s (custom)
2021-12-24 01:42:16,958 [pool-630-thread-1] INFO  server.RaftServerConfigKeys (ConfUtils.java:logGet(44)) - raft.server.rpc.timeout.max = 5200ms (custom)
2021-12-24 01:42:16,958 [pool-630-thread-1] INFO  server.RaftServerConfigKeys (ConfUtils.java:logGet(44)) - raft.server.rpc.sleep.time = 25ms (default)
2021-12-24 01:42:16,958 [pool-630-thread-1] INFO  server.RaftServerConfigKeys (ConfUtils.java:logGet(44)) - raft.server.rpc.slowness.timeout = 300s (custom)
2021-12-24 01:42:16,958 [pool-630-thread-1] INFO  server.RaftServerConfigKeys (ConfUtils.java:logGet(44)) - raft.server.leaderelection.leader.step-down.wait-time = 10s (default)
2021-12-24 01:42:16,959 [pool-630-thread-1] INFO  server.RaftServerConfigKeys (ConfUtils.java:logGet(44)) - raft.server.sleep.deviation.threshold = 300ms (default)
2021-12-24 01:42:16,959 [pool-630-thread-1] INFO  server.RaftServerConfigKeys (ConfUtils.java:logGet(44)) - raft.server.log.appender.install.snapshot.enabled = false (custom)
2021-12-24 01:42:16,959 [pool-630-thread-1] INFO  server.RaftServer$Division (ServerState.java:<init>(105)) - dd75dce5-e290-4f16-9ffb-4c947a2969aa@group-E9172A31C4C6: ConfigurationManager, init=-1: [dd75dce5-e290-4f16-9ffb-4c947a2969aa|rpc:10.1.0.29:43525|priority:1], old=null, confs=<EMPTY_MAP>
2021-12-24 01:42:16,959 [pool-630-thread-1] INFO  server.RaftServerConfigKeys (ConfUtils.java:logGet(44)) - raft.server.storage.dir = [/home/runner/work/ozone/ozone/hadoop-ozone/integration-test/target/test-dir/MiniOzoneClusterImpl-0a0f043c-1890-4504-b3a7-b335d5eef4c6/datanode-0/data/ratis] (custom)
2021-12-24 01:42:16,959 [pool-630-thread-1] INFO  server.RaftServerConfigKeys (ConfUtils.java:logGet(44)) - raft.server.log.corruption.policy = EXCEPTION (default)
2021-12-24 01:42:16,959 [pool-630-thread-1] INFO  server.RaftServerConfigKeys (ConfUtils.java:logGet(44)) - raft.server.storage.free-space.min = 0MB (=0) (default)
2021-12-24 01:42:16,959 [pool-630-thread-1] INFO  storage.RaftStorageDirectory (RaftStorageDirectoryImpl.java:analyzeStorage(135)) - The storage directory /home/runner/work/ozone/ozone/hadoop-ozone/integration-test/target/test-dir/MiniOzoneClusterImpl-0a0f043c-1890-4504-b3a7-b335d5eef4c6/datanode-0/data/ratis/aa6e9623-4f5a-4a74-baab-e9172a31c4c6 does not exist. Creating ...
2021-12-24 01:42:16,961 [pool-630-thread-1] INFO  storage.RaftStorageDirectory (RaftStorageDirectoryImpl.java:tryLock(230)) - Lock on /home/runner/work/ozone/ozone/hadoop-ozone/integration-test/target/test-dir/MiniOzoneClusterImpl-0a0f043c-1890-4504-b3a7-b335d5eef4c6/datanode-0/data/ratis/aa6e9623-4f5a-4a74-baab-e9172a31c4c6/in_use.lock acquired by nodename 17223@fv-az116-279
2021-12-24 01:42:16,962 [pool-630-thread-1] INFO  storage.RaftStorage (RaftStorageImpl.java:format(89)) - Storage directory /home/runner/work/ozone/ozone/hadoop-ozone/integration-test/target/test-dir/MiniOzoneClusterImpl-0a0f043c-1890-4504-b3a7-b335d5eef4c6/datanode-0/data/ratis/aa6e9623-4f5a-4a74-baab-e9172a31c4c6 has been successfully formatted.
2021-12-24 01:42:16,992 [EventQueue-PipelineReportForPipelineReportHandler] INFO  pipeline.PipelineManagerImpl (PipelineManagerImpl.java:openPipeline(291)) - Pipeline Pipeline[ Id: aa6e9623-4f5a-4a74-baab-e9172a31c4c6, Nodes: dd75dce5-e290-4f16-9ffb-4c947a2969aa{ip: 10.1.0.29, host: fv-az116-279.vzw04321ajxubdbcnpick5nqva.xx.internal.cloudapp.net, ports: [REPLICATION=42361, RATIS=43525, RATIS_ADMIN=43525, RATIS_SERVER=43525, STANDALONE=44287], networkLocation: /default-rack, certSerialId: null, persistedOpState: IN_SERVICE, persistedOpStateExpiryEpochSec: 0}, ReplicationConfig: RATIS/ONE, State:ALLOCATED, leaderId:dd75dce5-e290-4f16-9ffb-4c947a2969aa, CreationTimestamp2021-12-24T01:42:13.955Z[Etc/UTC]] moved to OPEN state
2021-12-24 01:42:17,016 [Listener at 127.0.0.1/42107] INFO  ozone.MiniOzoneClusterImpl (MiniOzoneClusterImpl.java:lambda$waitForClusterToBeReady$0(235)) - Nodes are ready. Got 3 of 3 DN Heartbeats.
2021-12-24 01:42:17,016 [Listener at 127.0.0.1/42107] INFO  ozone.MiniOzoneClusterImpl (MiniOzoneClusterImpl.java:lambda$waitForClusterToBeReady$0(238)) - Waiting for cluster to exit safe mode
2021-12-24 01:42:17,016 [Listener at 127.0.0.1/42107] INFO  ozone.MiniOzoneClusterImpl (MiniOzoneClusterImpl.java:lambda$waitForClusterToBeReady$0(240)) - SCM became leader
2021-12-24 01:42:17,025 [pool-630-thread-1] INFO  ratis.ContainerStateMachine (ContainerStateMachine.java:loadSnapshot(231)) - group-E9172A31C4C6: The snapshot info is null. Setting the last applied indexto:(t:0, i:~)
2021-12-24 01:42:17,026 [pool-630-thread-1] INFO  server.RaftServerConfigKeys (ConfUtils.java:logGet(44)) - raft.server.notification.no-leader.timeout = 300s (custom)
2021-12-24 01:42:17,026 [pool-630-thread-1] INFO  server.RaftServerConfigKeys (ConfUtils.java:logGet(44)) - raft.server.log.use.memory = false (default)
2021-12-24 01:42:17,026 [pool-630-thread-1] INFO  server.RaftServerConfigKeys (ConfUtils.java:logGet(44)) - raft.server.log.purge.gap = 1000000 (custom)
2021-12-24 01:42:17,026 [pool-630-thread-1] INFO  server.RaftServerConfigKeys (ConfUtils.java:logGet(44)) - raft.server.log.appender.buffer.byte-limit = 33554432 (custom)
2021-12-24 01:42:17,026 [pool-630-thread-1] INFO  server.RaftServerConfigKeys (ConfUtils.java:logGet(44)) - raft.server.log.segment.size.max = 1048576 (custom)
2021-12-24 01:42:17,027 [pool-630-thread-1] INFO  server.RaftServerConfigKeys (ConfUtils.java:logGet(44)) - raft.server.log.segment.cache.num.max = 2 (custom)
2021-12-24 01:42:17,027 [pool-630-thread-1] INFO  server.RaftServerConfigKeys (ConfUtils.java:logGet(44)) - raft.server.log.segment.cache.size.max = 200MB (=209715200) (default)
2021-12-24 01:42:17,027 [pool-630-thread-1] INFO  segmented.SegmentedRaftLogWorker (SegmentedRaftLogWorker.java:<init>(182)) - new dd75dce5-e290-4f16-9ffb-4c947a2969aa@group-E9172A31C4C6-SegmentedRaftLogWorker for RaftStorageImpl:Storage Directory /home/runner/work/ozone/ozone/hadoop-ozone/integration-test/target/test-dir/MiniOzoneClusterImpl-0a0f043c-1890-4504-b3a7-b335d5eef4c6/datanode-0/data/ratis/aa6e9623-4f5a-4a74-baab-e9172a31c4c6
2021-12-24 01:42:17,027 [pool-630-thread-1] INFO  server.RaftServerConfigKeys (ConfUtils.java:logGet(44)) - raft.server.log.queue.byte-limit = 2147483647 (custom)
2021-12-24 01:42:17,027 [pool-630-thread-1] INFO  server.RaftServerConfigKeys (ConfUtils.java:logGet(44)) - raft.server.log.queue.element-limit = 1024 (custom)
2021-12-24 01:42:17,027 [pool-630-thread-1] INFO  server.RaftServerConfigKeys (ConfUtils.java:logGet(44)) - raft.server.log.segment.size.max = 1048576 (custom)
2021-12-24 01:42:17,027 [pool-630-thread-1] INFO  server.RaftServerConfigKeys (ConfUtils.java:logGet(44)) - raft.server.log.preallocated.size = 16384 (custom)
2021-12-24 01:42:17,027 [pool-630-thread-1] INFO  server.RaftServerConfigKeys (ConfUtils.java:logGet(44)) - raft.server.log.force.sync.num = 128 (default)
2021-12-24 01:42:17,027 [pool-630-thread-1] INFO  server.RaftServerConfigKeys (ConfUtils.java:logGet(44)) - raft.server.log.statemachine.data.sync = true (default)
2021-12-24 01:42:17,027 [pool-630-thread-1] INFO  server.RaftServerConfigKeys (ConfUtils.java:logGet(44)) - raft.server.log.statemachine.data.sync.timeout = 10s (default)
2021-12-24 01:42:17,027 [pool-630-thread-1] INFO  server.RaftServerConfigKeys (ConfUtils.java:logGet(44)) - raft.server.log.statemachine.data.sync.timeout.retry = -1 (default)
2021-12-24 01:42:17,028 [pool-630-thread-1] INFO  server.RaftServerConfigKeys (ConfUtils.java:logGet(44)) - raft.server.log.write.buffer.size = 1048576 (custom)
2021-12-24 01:42:17,028 [pool-630-thread-1] INFO  server.RaftServerConfigKeys (ConfUtils.java:logGet(44)) - raft.server.log.statemachine.data.caching.enabled = true (custom)
2021-12-24 01:42:17,029 [pool-630-thread-1] INFO  segmented.SegmentedRaftLogWorker (SegmentedRaftLogWorker.java:lambda$new$0(133)) - dd75dce5-e290-4f16-9ffb-4c947a2969aa@group-E9172A31C4C6-SegmentedRaftLogWorker: flushIndex: setUnconditionally 0 -> -1
2021-12-24 01:42:17,029 [pool-630-thread-1] INFO  segmented.SegmentedRaftLogWorker (SegmentedRaftLogWorker.java:lambda$new$0(133)) - dd75dce5-e290-4f16-9ffb-4c947a2969aa@group-E9172A31C4C6-SegmentedRaftLogWorker: safeCacheEvictIndex: setUnconditionally 0 -> -1
2021-12-24 01:42:17,049 [pool-630-thread-1] INFO  server.RaftServerConfigKeys (ConfUtils.java:logGet(44)) - raft.server.snapshot.auto.trigger.enabled = true (custom)
2021-12-24 01:42:17,049 [pool-630-thread-1] INFO  server.RaftServerConfigKeys (ConfUtils.java:logGet(44)) - raft.server.snapshot.auto.trigger.threshold = 10000 (custom)
2021-12-24 01:42:17,049 [pool-630-thread-1] INFO  server.RaftServerConfigKeys (ConfUtils.java:logGet(44)) - raft.server.snapshot.retention.file.num = 5 (custom)
2021-12-24 01:42:17,049 [pool-630-thread-1] INFO  server.RaftServerConfigKeys (ConfUtils.java:logGet(44)) - raft.server.log.purge.upto.snapshot.index = false (default)
2021-12-24 01:42:17,049 [pool-630-thread-1] INFO  server.RaftServerConfigKeys (ConfUtils.java:logGet(44)) - raft.server.retrycache.expirytime = 600000ms (custom)
2021-12-24 01:42:17,049 [pool-630-thread-1] INFO  server.RaftServerConfigKeys (ConfUtils.java:logGet(44)) - raft.server.retrycache.statistics.expirytime = 100μs (default)
2021-12-24 01:42:17,051 [pool-630-thread-1] INFO  server.RaftServer$Division (RaftServerImpl.java:start(301)) - dd75dce5-e290-4f16-9ffb-4c947a2969aa@group-E9172A31C4C6: start as a follower, conf=-1: [dd75dce5-e290-4f16-9ffb-4c947a2969aa|rpc:10.1.0.29:43525|priority:1], old=null
2021-12-24 01:42:17,051 [pool-630-thread-1] INFO  server.RaftServer$Division (RaftServerImpl.java:setRole(290)) - dd75dce5-e290-4f16-9ffb-4c947a2969aa@group-E9172A31C4C6: changes role from      null to FOLLOWER at term 0 for startAsFollower
2021-12-24 01:42:17,051 [pool-630-thread-1] INFO  impl.RoleInfo (RoleInfo.java:updateAndGet(130)) - dd75dce5-e290-4f16-9ffb-4c947a2969aa: start dd75dce5-e290-4f16-9ffb-4c947a2969aa@group-E9172A31C4C6-FollowerState
2021-12-24 01:42:17,088 [EventQueue-OpenPipelineForHealthyPipelineSafeModeRule] INFO  safemode.SCMSafeModeManager (HealthyPipelineSafeModeRule.java:process(124)) - SCM in safe mode. Healthy pipelines reported count is 0, required healthy pipeline reported count is 1
2021-12-24 01:42:17,088 [pool-630-thread-1] INFO  util.JmxRegister (JmxRegister.java:tryRegister(44)) - Successfully registered JMX Bean with object name Ratis:service=RaftServer,group=group-E9172A31C4C6,id=dd75dce5-e290-4f16-9ffb-4c947a2969aa
2021-12-24 01:42:17,134 [Command processor thread] INFO  ratis.XceiverServerRatis (XceiverServerRatis.java:addGroup(768)) - Created group PipelineID=aa6e9623-4f5a-4a74-baab-e9172a31c4c6
2021-12-24 01:42:17,134 [Command processor thread] INFO  commandhandler.CreatePipelineCommandHandler (CreatePipelineCommandHandler.java:handle(106)) - Created Pipeline RATIS ONE PipelineID=aa6e9623-4f5a-4a74-baab-e9172a31c4c6.
2021-12-24 01:42:17,134 [Command processor thread] INFO  server.RaftServer (RaftServerProxy.java:addNew(95)) - dd75dce5-e290-4f16-9ffb-4c947a2969aa: addNew group-25A049D079A1:[dd75dce5-e290-4f16-9ffb-4c947a2969aa|rpc:10.1.0.29:43525|priority:0, 8a31ae00-46ab-41b2-9095-3fe81d608acd|rpc:10.1.0.29:35241|priority:0, d9357ef4-c66e-445f-ba22-66d061d877f9|rpc:10.1.0.29:39385|priority:1] returns group-25A049D079A1:java.util.concurrent.CompletableFuture@213bc6e9[Not completed]
2021-12-24 01:42:17,135 [pool-630-thread-1] INFO  server.RaftServer$Division (RaftServerImpl.java:<init>(184)) - dd75dce5-e290-4f16-9ffb-4c947a2969aa: new RaftServerImpl for group-25A049D079A1:[dd75dce5-e290-4f16-9ffb-4c947a2969aa|rpc:10.1.0.29:43525|priority:0, 8a31ae00-46ab-41b2-9095-3fe81d608acd|rpc:10.1.0.29:35241|priority:0, d9357ef4-c66e-445f-ba22-66d061d877f9|rpc:10.1.0.29:39385|priority:1] with ContainerStateMachine:uninitialized
2021-12-24 01:42:17,135 [pool-630-thread-1] INFO  server.RaftServerConfigKeys (ConfUtils.java:logGet(44)) - raft.server.rpc.timeout.min = 5s (custom)
2021-12-24 01:42:17,135 [pool-630-thread-1] INFO  server.RaftServerConfigKeys (ConfUtils.java:logGet(44)) - raft.server.rpc.timeout.max = 5200ms (custom)
2021-12-24 01:42:17,135 [pool-630-thread-1] INFO  server.RaftServerConfigKeys (ConfUtils.java:logGet(44)) - raft.server.rpc.sleep.time = 25ms (default)
2021-12-24 01:42:17,135 [pool-630-thread-1] INFO  server.RaftServerConfigKeys (ConfUtils.java:logGet(44)) - raft.server.rpc.slowness.timeout = 300s (custom)
2021-12-24 01:42:17,135 [pool-630-thread-1] INFO  server.RaftServerConfigKeys (ConfUtils.java:logGet(44)) - raft.server.leaderelection.leader.step-down.wait-time = 10s (default)
2021-12-24 01:42:17,135 [pool-630-thread-1] INFO  server.RaftServerConfigKeys (ConfUtils.java:logGet(44)) - raft.server.sleep.deviation.threshold = 300ms (default)
2021-12-24 01:42:17,135 [pool-630-thread-1] INFO  server.RaftServerConfigKeys (ConfUtils.java:logGet(44)) - raft.server.log.appender.install.snapshot.enabled = false (custom)
2021-12-24 01:42:17,136 [pool-630-thread-1] INFO  server.RaftServer$Division (ServerState.java:<init>(105)) - dd75dce5-e290-4f16-9ffb-4c947a2969aa@group-25A049D079A1: ConfigurationManager, init=-1: [dd75dce5-e290-4f16-9ffb-4c947a2969aa|rpc:10.1.0.29:43525|priority:0, 8a31ae00-46ab-41b2-9095-3fe81d608acd|rpc:10.1.0.29:35241|priority:0, d9357ef4-c66e-445f-ba22-66d061d877f9|rpc:10.1.0.29:39385|priority:1], old=null, confs=<EMPTY_MAP>
2021-12-24 01:42:17,136 [pool-630-thread-1] INFO  server.RaftServerConfigKeys (ConfUtils.java:logGet(44)) - raft.server.storage.dir = [/home/runner/work/ozone/ozone/hadoop-ozone/integration-test/target/test-dir/MiniOzoneClusterImpl-0a0f043c-1890-4504-b3a7-b335d5eef4c6/datanode-0/data/ratis] (custom)
2021-12-24 01:42:17,136 [pool-630-thread-1] INFO  server.RaftServerConfigKeys (ConfUtils.java:logGet(44)) - raft.server.log.corruption.policy = EXCEPTION (default)
2021-12-24 01:42:17,136 [pool-630-thread-1] INFO  server.RaftServerConfigKeys (ConfUtils.java:logGet(44)) - raft.server.storage.free-space.min = 0MB (=0) (default)
2021-12-24 01:42:17,136 [pool-630-thread-1] INFO  storage.RaftStorageDirectory (RaftStorageDirectoryImpl.java:analyzeStorage(135)) - The storage directory /home/runner/work/ozone/ozone/hadoop-ozone/integration-test/target/test-dir/MiniOzoneClusterImpl-0a0f043c-1890-4504-b3a7-b335d5eef4c6/datanode-0/data/ratis/af233b21-8eda-4521-9153-25a049d079a1 does not exist. Creating ...
2021-12-24 01:42:17,139 [pool-630-thread-1] INFO  storage.RaftStorageDirectory (RaftStorageDirectoryImpl.java:tryLock(230)) - Lock on /home/runner/work/ozone/ozone/hadoop-ozone/integration-test/target/test-dir/MiniOzoneClusterImpl-0a0f043c-1890-4504-b3a7-b335d5eef4c6/datanode-0/data/ratis/af233b21-8eda-4521-9153-25a049d079a1/in_use.lock acquired by nodename 17223@fv-az116-279
2021-12-24 01:42:17,149 [pool-630-thread-1] INFO  storage.RaftStorage (RaftStorageImpl.java:format(89)) - Storage directory /home/runner/work/ozone/ozone/hadoop-ozone/integration-test/target/test-dir/MiniOzoneClusterImpl-0a0f043c-1890-4504-b3a7-b335d5eef4c6/datanode-0/data/ratis/af233b21-8eda-4521-9153-25a049d079a1 has been successfully formatted.
2021-12-24 01:42:17,149 [pool-630-thread-1] INFO  ratis.ContainerStateMachine (ContainerStateMachine.java:loadSnapshot(231)) - group-25A049D079A1: The snapshot info is null. Setting the last applied indexto:(t:0, i:~)
2021-12-24 01:42:17,150 [pool-630-thread-1] INFO  server.RaftServerConfigKeys (ConfUtils.java:logGet(44)) - raft.server.notification.no-leader.timeout = 300s (custom)
2021-12-24 01:42:17,150 [pool-630-thread-1] INFO  server.RaftServerConfigKeys (ConfUtils.java:logGet(44)) - raft.server.log.use.memory = false (default)
2021-12-24 01:42:17,150 [pool-630-thread-1] INFO  server.RaftServerConfigKeys (ConfUtils.java:logGet(44)) - raft.server.log.purge.gap = 1000000 (custom)
2021-12-24 01:42:17,150 [pool-630-thread-1] INFO  server.RaftServerConfigKeys (ConfUtils.java:logGet(44)) - raft.server.log.appender.buffer.byte-limit = 33554432 (custom)
2021-12-24 01:42:17,150 [pool-630-thread-1] INFO  server.RaftServerConfigKeys (ConfUtils.java:logGet(44)) - raft.server.log.segment.size.max = 1048576 (custom)
2021-12-24 01:42:17,154 [pool-630-thread-1] INFO  server.RaftServerConfigKeys (ConfUtils.java:logGet(44)) - raft.server.log.segment.cache.num.max = 2 (custom)
2021-12-24 01:42:17,154 [pool-630-thread-1] INFO  server.RaftServerConfigKeys (ConfUtils.java:logGet(44)) - raft.server.log.segment.cache.size.max = 200MB (=209715200) (default)
2021-12-24 01:42:17,154 [pool-630-thread-1] INFO  segmented.SegmentedRaftLogWorker (SegmentedRaftLogWorker.java:<init>(182)) - new dd75dce5-e290-4f16-9ffb-4c947a2969aa@group-25A049D079A1-SegmentedRaftLogWorker for RaftStorageImpl:Storage Directory /home/runner/work/ozone/ozone/hadoop-ozone/integration-test/target/test-dir/MiniOzoneClusterImpl-0a0f043c-1890-4504-b3a7-b335d5eef4c6/datanode-0/data/ratis/af233b21-8eda-4521-9153-25a049d079a1
2021-12-24 01:42:17,154 [pool-630-thread-1] INFO  server.RaftServerConfigKeys (ConfUtils.java:logGet(44)) - raft.server.log.queue.byte-limit = 2147483647 (custom)
2021-12-24 01:42:17,154 [pool-630-thread-1] INFO  server.RaftServerConfigKeys (ConfUtils.java:logGet(44)) - raft.server.log.queue.element-limit = 1024 (custom)
2021-12-24 01:42:17,154 [pool-630-thread-1] INFO  server.RaftServerConfigKeys (ConfUtils.java:logGet(44)) - raft.server.log.segment.size.max = 1048576 (custom)
2021-12-24 01:42:17,154 [pool-630-thread-1] INFO  server.RaftServerConfigKeys (ConfUtils.java:logGet(44)) - raft.server.log.preallocated.size = 16384 (custom)
2021-12-24 01:42:17,154 [pool-630-thread-1] INFO  server.RaftServerConfigKeys (ConfUtils.java:logGet(44)) - raft.server.log.force.sync.num = 128 (default)
2021-12-24 01:42:17,154 [pool-630-thread-1] INFO  server.RaftServerConfigKeys (ConfUtils.java:logGet(44)) - raft.server.log.statemachine.data.sync = true (default)
2021-12-24 01:42:17,154 [pool-630-thread-1] INFO  server.RaftServerConfigKeys (ConfUtils.java:logGet(44)) - raft.server.log.statemachine.data.sync.timeout = 10s (default)
2021-12-24 01:42:17,155 [pool-630-thread-1] INFO  server.RaftServerConfigKeys (ConfUtils.java:logGet(44)) - raft.server.log.statemachine.data.sync.timeout.retry = -1 (default)
2021-12-24 01:42:17,156 [pool-630-thread-1] INFO  server.RaftServerConfigKeys (ConfUtils.java:logGet(44)) - raft.server.log.write.buffer.size = 1048576 (custom)
2021-12-24 01:42:17,156 [pool-630-thread-1] INFO  server.RaftServerConfigKeys (ConfUtils.java:logGet(44)) - raft.server.log.statemachine.data.caching.enabled = true (custom)
2021-12-24 01:42:17,157 [EventQueue-OpenPipelineForHealthyPipelineSafeModeRule] INFO  safemode.SCMSafeModeManager (HealthyPipelineSafeModeRule.java:process(124)) - SCM in safe mode. Healthy pipelines reported count is 0, required healthy pipeline reported count is 1
2021-12-24 01:42:17,160 [pool-630-thread-1] INFO  segmented.SegmentedRaftLogWorker (SegmentedRaftLogWorker.java:lambda$new$0(133)) - dd75dce5-e290-4f16-9ffb-4c947a2969aa@group-25A049D079A1-SegmentedRaftLogWorker: flushIndex: setUnconditionally 0 -> -1
2021-12-24 01:42:17,160 [pool-630-thread-1] INFO  segmented.SegmentedRaftLogWorker (SegmentedRaftLogWorker.java:lambda$new$0(133)) - dd75dce5-e290-4f16-9ffb-4c947a2969aa@group-25A049D079A1-SegmentedRaftLogWorker: safeCacheEvictIndex: setUnconditionally 0 -> -1
2021-12-24 01:42:17,174 [pool-630-thread-1] INFO  server.RaftServerConfigKeys (ConfUtils.java:logGet(44)) - raft.server.snapshot.auto.trigger.enabled = true (custom)
2021-12-24 01:42:17,174 [pool-630-thread-1] INFO  server.RaftServerConfigKeys (ConfUtils.java:logGet(44)) - raft.server.snapshot.auto.trigger.threshold = 10000 (custom)
2021-12-24 01:42:17,174 [pool-630-thread-1] INFO  server.RaftServerConfigKeys (ConfUtils.java:logGet(44)) - raft.server.snapshot.retention.file.num = 5 (custom)
2021-12-24 01:42:17,174 [pool-630-thread-1] INFO  server.RaftServerConfigKeys (ConfUtils.java:logGet(44)) - raft.server.log.purge.upto.snapshot.index = false (default)
2021-12-24 01:42:17,174 [pool-630-thread-1] INFO  server.RaftServerConfigKeys (ConfUtils.java:logGet(44)) - raft.server.retrycache.expirytime = 600000ms (custom)
2021-12-24 01:42:17,174 [pool-630-thread-1] INFO  server.RaftServerConfigKeys (ConfUtils.java:logGet(44)) - raft.server.retrycache.statistics.expirytime = 100μs (default)
2021-12-24 01:42:17,176 [pool-630-thread-1] INFO  server.RaftServer$Division (RaftServerImpl.java:start(301)) - dd75dce5-e290-4f16-9ffb-4c947a2969aa@group-25A049D079A1: start as a follower, conf=-1: [dd75dce5-e290-4f16-9ffb-4c947a2969aa|rpc:10.1.0.29:43525|priority:0, 8a31ae00-46ab-41b2-9095-3fe81d608acd|rpc:10.1.0.29:35241|priority:0, d9357ef4-c66e-445f-ba22-66d061d877f9|rpc:10.1.0.29:39385|priority:1], old=null
2021-12-24 01:42:17,176 [pool-630-thread-1] INFO  server.RaftServer$Division (RaftServerImpl.java:setRole(290)) - dd75dce5-e290-4f16-9ffb-4c947a2969aa@group-25A049D079A1: changes role from      null to FOLLOWER at term 0 for startAsFollower
2021-12-24 01:42:17,176 [pool-630-thread-1] INFO  impl.RoleInfo (RoleInfo.java:updateAndGet(130)) - dd75dce5-e290-4f16-9ffb-4c947a2969aa: start dd75dce5-e290-4f16-9ffb-4c947a2969aa@group-25A049D079A1-FollowerState
2021-12-24 01:42:17,176 [pool-630-thread-1] INFO  util.JmxRegister (JmxRegister.java:tryRegister(44)) - Successfully registered JMX Bean with object name Ratis:service=RaftServer,group=group-25A049D079A1,id=dd75dce5-e290-4f16-9ffb-4c947a2969aa
2021-12-24 01:42:17,177 [Command processor thread] INFO  ratis.XceiverServerRatis (XceiverServerRatis.java:addGroup(768)) - Created group PipelineID=af233b21-8eda-4521-9153-25a049d079a1
2021-12-24 01:42:17,267 [grpc-default-executor-0] INFO  server.RaftServer (RaftServerProxy.java:addNew(95)) - 8a31ae00-46ab-41b2-9095-3fe81d608acd: addNew group-25A049D079A1:[dd75dce5-e290-4f16-9ffb-4c947a2969aa|rpc:10.1.0.29:43525|dataStream:|priority:0, 8a31ae00-46ab-41b2-9095-3fe81d608acd|rpc:10.1.0.29:35241|dataStream:|priority:0, d9357ef4-c66e-445f-ba22-66d061d877f9|rpc:10.1.0.29:39385|dataStream:|priority:1] returns group-25A049D079A1:java.util.concurrent.CompletableFuture@55ec63ad[Not completed]
2021-12-24 01:42:17,304 [pool-651-thread-1] INFO  server.RaftServer$Division (RaftServerImpl.java:<init>(184)) - 8a31ae00-46ab-41b2-9095-3fe81d608acd: new RaftServerImpl for group-25A049D079A1:[dd75dce5-e290-4f16-9ffb-4c947a2969aa|rpc:10.1.0.29:43525|dataStream:|priority:0, 8a31ae00-46ab-41b2-9095-3fe81d608acd|rpc:10.1.0.29:35241|dataStream:|priority:0, d9357ef4-c66e-445f-ba22-66d061d877f9|rpc:10.1.0.29:39385|dataStream:|priority:1] with ContainerStateMachine:uninitialized
2021-12-24 01:42:17,309 [pool-651-thread-1] INFO  server.RaftServerConfigKeys (ConfUtils.java:logGet(44)) - raft.server.rpc.timeout.min = 5s (custom)
2021-12-24 01:42:17,310 [pool-651-thread-1] INFO  server.RaftServerConfigKeys (ConfUtils.java:logGet(44)) - raft.server.rpc.timeout.max = 5200ms (custom)
2021-12-24 01:42:17,310 [pool-651-thread-1] INFO  server.RaftServerConfigKeys (ConfUtils.java:logGet(44)) - raft.server.rpc.sleep.time = 25ms (default)
2021-12-24 01:42:17,310 [pool-651-thread-1] INFO  server.RaftServerConfigKeys (ConfUtils.java:logGet(44)) - raft.server.rpc.slowness.timeout = 300s (custom)
2021-12-24 01:42:17,310 [pool-651-thread-1] INFO  server.RaftServerConfigKeys (ConfUtils.java:logGet(44)) - raft.server.leaderelection.leader.step-down.wait-time = 10s (default)
2021-12-24 01:42:17,310 [pool-651-thread-1] INFO  server.RaftServerConfigKeys (ConfUtils.java:logGet(44)) - raft.server.sleep.deviation.threshold = 300ms (default)
2021-12-24 01:42:17,310 [pool-651-thread-1] INFO  server.RaftServerConfigKeys (ConfUtils.java:logGet(44)) - raft.server.log.appender.install.snapshot.enabled = false (custom)
2021-12-24 01:42:17,310 [pool-651-thread-1] INFO  server.RaftServer$Division (ServerState.java:<init>(105)) - 8a31ae00-46ab-41b2-9095-3fe81d608acd@group-25A049D079A1: ConfigurationManager, init=-1: [dd75dce5-e290-4f16-9ffb-4c947a2969aa|rpc:10.1.0.29:43525|dataStream:|priority:0, 8a31ae00-46ab-41b2-9095-3fe81d608acd|rpc:10.1.0.29:35241|dataStream:|priority:0, d9357ef4-c66e-445f-ba22-66d061d877f9|rpc:10.1.0.29:39385|dataStream:|priority:1], old=null, confs=<EMPTY_MAP>
2021-12-24 01:42:17,310 [pool-651-thread-1] INFO  server.RaftServerConfigKeys (ConfUtils.java:logGet(44)) - raft.server.storage.dir = [/home/runner/work/ozone/ozone/hadoop-ozone/integration-test/target/test-dir/MiniOzoneClusterImpl-0a0f043c-1890-4504-b3a7-b335d5eef4c6/datanode-1/data/ratis] (custom)
2021-12-24 01:42:17,311 [pool-651-thread-1] INFO  server.RaftServerConfigKeys (ConfUtils.java:logGet(44)) - raft.server.log.corruption.policy = EXCEPTION (default)
2021-12-24 01:42:17,311 [pool-651-thread-1] INFO  server.RaftServerConfigKeys (ConfUtils.java:logGet(44)) - raft.server.storage.free-space.min = 0MB (=0) (default)
2021-12-24 01:42:17,311 [pool-651-thread-1] INFO  storage.RaftStorageDirectory (RaftStorageDirectoryImpl.java:analyzeStorage(135)) - The storage directory /home/runner/work/ozone/ozone/hadoop-ozone/integration-test/target/test-dir/MiniOzoneClusterImpl-0a0f043c-1890-4504-b3a7-b335d5eef4c6/datanode-1/data/ratis/af233b21-8eda-4521-9153-25a049d079a1 does not exist. Creating ...
2021-12-24 01:42:17,312 [pool-651-thread-1] INFO  storage.RaftStorageDirectory (RaftStorageDirectoryImpl.java:tryLock(230)) - Lock on /home/runner/work/ozone/ozone/hadoop-ozone/integration-test/target/test-dir/MiniOzoneClusterImpl-0a0f043c-1890-4504-b3a7-b335d5eef4c6/datanode-1/data/ratis/af233b21-8eda-4521-9153-25a049d079a1/in_use.lock acquired by nodename 17223@fv-az116-279
2021-12-24 01:42:17,318 [pool-651-thread-1] INFO  storage.RaftStorage (RaftStorageImpl.java:format(89)) - Storage directory /home/runner/work/ozone/ozone/hadoop-ozone/integration-test/target/test-dir/MiniOzoneClusterImpl-0a0f043c-1890-4504-b3a7-b335d5eef4c6/datanode-1/data/ratis/af233b21-8eda-4521-9153-25a049d079a1 has been successfully formatted.
2021-12-24 01:42:17,322 [pool-651-thread-1] INFO  ratis.ContainerStateMachine (ContainerStateMachine.java:loadSnapshot(231)) - group-25A049D079A1: The snapshot info is null. Setting the last applied indexto:(t:0, i:~)
2021-12-24 01:42:17,322 [pool-651-thread-1] INFO  server.RaftServerConfigKeys (ConfUtils.java:logGet(44)) - raft.server.notification.no-leader.timeout = 300s (custom)
2021-12-24 01:42:17,322 [pool-651-thread-1] INFO  server.RaftServerConfigKeys (ConfUtils.java:logGet(44)) - raft.server.log.use.memory = false (default)
2021-12-24 01:42:17,322 [pool-651-thread-1] INFO  server.RaftServerConfigKeys (ConfUtils.java:logGet(44)) - raft.server.log.purge.gap = 1000000 (custom)
2021-12-24 01:42:17,322 [pool-651-thread-1] INFO  server.RaftServerConfigKeys (ConfUtils.java:logGet(44)) - raft.server.log.appender.buffer.byte-limit = 33554432 (custom)
2021-12-24 01:42:17,322 [pool-651-thread-1] INFO  server.RaftServerConfigKeys (ConfUtils.java:logGet(44)) - raft.server.log.segment.size.max = 1048576 (custom)
2021-12-24 01:42:17,323 [pool-651-thread-1] INFO  server.RaftServerConfigKeys (ConfUtils.java:logGet(44)) - raft.server.log.segment.cache.num.max = 2 (custom)
2021-12-24 01:42:17,323 [pool-651-thread-1] INFO  server.RaftServerConfigKeys (ConfUtils.java:logGet(44)) - raft.server.log.segment.cache.size.max = 200MB (=209715200) (default)
2021-12-24 01:42:17,323 [pool-651-thread-1] INFO  segmented.SegmentedRaftLogWorker (SegmentedRaftLogWorker.java:<init>(182)) - new 8a31ae00-46ab-41b2-9095-3fe81d608acd@group-25A049D079A1-SegmentedRaftLogWorker for RaftStorageImpl:Storage Directory /home/runner/work/ozone/ozone/hadoop-ozone/integration-test/target/test-dir/MiniOzoneClusterImpl-0a0f043c-1890-4504-b3a7-b335d5eef4c6/datanode-1/data/ratis/af233b21-8eda-4521-9153-25a049d079a1
2021-12-24 01:42:17,323 [pool-651-thread-1] INFO  server.RaftServerConfigKeys (ConfUtils.java:logGet(44)) - raft.server.log.queue.byte-limit = 2147483647 (custom)
2021-12-24 01:42:17,323 [pool-651-thread-1] INFO  server.RaftServerConfigKeys (ConfUtils.java:logGet(44)) - raft.server.log.queue.element-limit = 1024 (custom)
2021-12-24 01:42:17,323 [pool-651-thread-1] INFO  server.RaftServerConfigKeys (ConfUtils.java:logGet(44)) - raft.server.log.segment.size.max = 1048576 (custom)
2021-12-24 01:42:17,323 [pool-651-thread-1] INFO  server.RaftServerConfigKeys (ConfUtils.java:logGet(44)) - raft.server.log.preallocated.size = 16384 (custom)
2021-12-24 01:42:17,323 [pool-651-thread-1] INFO  server.RaftServerConfigKeys (ConfUtils.java:logGet(44)) - raft.server.log.force.sync.num = 128 (default)
2021-12-24 01:42:17,323 [pool-651-thread-1] INFO  server.RaftServerConfigKeys (ConfUtils.java:logGet(44)) - raft.server.log.statemachine.data.sync = true (default)
2021-12-24 01:42:17,323 [pool-651-thread-1] INFO  server.RaftServerConfigKeys (ConfUtils.java:logGet(44)) - raft.server.log.statemachine.data.sync.timeout = 10s (default)
2021-12-24 01:42:17,323 [pool-651-thread-1] INFO  server.RaftServerConfigKeys (ConfUtils.java:logGet(44)) - raft.server.log.statemachine.data.sync.timeout.retry = -1 (default)
2021-12-24 01:42:17,336 [pool-651-thread-1] INFO  server.RaftServerConfigKeys (ConfUtils.java:logGet(44)) - raft.server.log.write.buffer.size = 1048576 (custom)
2021-12-24 01:42:17,337 [pool-651-thread-1] INFO  server.RaftServerConfigKeys (ConfUtils.java:logGet(44)) - raft.server.log.statemachine.data.caching.enabled = true (custom)
2021-12-24 01:42:17,343 [pool-651-thread-1] INFO  segmented.SegmentedRaftLogWorker (SegmentedRaftLogWorker.java:lambda$new$0(133)) - 8a31ae00-46ab-41b2-9095-3fe81d608acd@group-25A049D079A1-SegmentedRaftLogWorker: flushIndex: setUnconditionally 0 -> -1
2021-12-24 01:42:17,345 [pool-651-thread-1] INFO  segmented.SegmentedRaftLogWorker (SegmentedRaftLogWorker.java:lambda$new$0(133)) - 8a31ae00-46ab-41b2-9095-3fe81d608acd@group-25A049D079A1-SegmentedRaftLogWorker: safeCacheEvictIndex: setUnconditionally 0 -> -1
2021-12-24 01:42:17,347 [pool-651-thread-1] INFO  server.RaftServerConfigKeys (ConfUtils.java:logGet(44)) - raft.server.snapshot.auto.trigger.enabled = true (custom)
2021-12-24 01:42:17,347 [pool-651-thread-1] INFO  server.RaftServerConfigKeys (ConfUtils.java:logGet(44)) - raft.server.snapshot.auto.trigger.threshold = 10000 (custom)
2021-12-24 01:42:17,347 [pool-651-thread-1] INFO  server.RaftServerConfigKeys (ConfUtils.java:logGet(44)) - raft.server.snapshot.retention.file.num = 5 (custom)
2021-12-24 01:42:17,347 [pool-651-thread-1] INFO  server.RaftServerConfigKeys (ConfUtils.java:logGet(44)) - raft.server.log.purge.upto.snapshot.index = false (default)
2021-12-24 01:42:17,347 [pool-651-thread-1] INFO  server.RaftServerConfigKeys (ConfUtils.java:logGet(44)) - raft.server.retrycache.expirytime = 600000ms (custom)
2021-12-24 01:42:17,347 [pool-651-thread-1] INFO  server.RaftServerConfigKeys (ConfUtils.java:logGet(44)) - raft.server.retrycache.statistics.expirytime = 100μs (default)
2021-12-24 01:42:17,349 [pool-651-thread-1] INFO  server.RaftServer$Division (RaftServerImpl.java:start(301)) - 8a31ae00-46ab-41b2-9095-3fe81d608acd@group-25A049D079A1: start as a follower, conf=-1: [dd75dce5-e290-4f16-9ffb-4c947a2969aa|rpc:10.1.0.29:43525|dataStream:|priority:0, 8a31ae00-46ab-41b2-9095-3fe81d608acd|rpc:10.1.0.29:35241|dataStream:|priority:0, d9357ef4-c66e-445f-ba22-66d061d877f9|rpc:10.1.0.29:39385|dataStream:|priority:1], old=null
2021-12-24 01:42:17,349 [pool-651-thread-1] INFO  server.RaftServer$Division (RaftServerImpl.java:setRole(290)) - 8a31ae00-46ab-41b2-9095-3fe81d608acd@group-25A049D079A1: changes role from      null to FOLLOWER at term 0 for startAsFollower
2021-12-24 01:42:17,349 [pool-651-thread-1] INFO  impl.RoleInfo (RoleInfo.java:updateAndGet(130)) - 8a31ae00-46ab-41b2-9095-3fe81d608acd: start 8a31ae00-46ab-41b2-9095-3fe81d608acd@group-25A049D079A1-FollowerState
2021-12-24 01:42:17,349 [pool-651-thread-1] INFO  util.JmxRegister (JmxRegister.java:tryRegister(44)) - Successfully registered JMX Bean with object name Ratis:service=RaftServer,group=group-25A049D079A1,id=8a31ae00-46ab-41b2-9095-3fe81d608acd
2021-12-24 01:42:17,431 [grpc-default-executor-0] INFO  server.RaftServer (RaftServerProxy.java:addNew(95)) - d9357ef4-c66e-445f-ba22-66d061d877f9: addNew group-25A049D079A1:[dd75dce5-e290-4f16-9ffb-4c947a2969aa|rpc:10.1.0.29:43525|dataStream:|priority:0, 8a31ae00-46ab-41b2-9095-3fe81d608acd|rpc:10.1.0.29:35241|dataStream:|priority:0, d9357ef4-c66e-445f-ba22-66d061d877f9|rpc:10.1.0.29:39385|dataStream:|priority:1] returns group-25A049D079A1:java.util.concurrent.CompletableFuture@526de413[Not completed]
2021-12-24 01:42:17,445 [pool-672-thread-1] INFO  server.RaftServer$Division (RaftServerImpl.java:<init>(184)) - d9357ef4-c66e-445f-ba22-66d061d877f9: new RaftServerImpl for group-25A049D079A1:[dd75dce5-e290-4f16-9ffb-4c947a2969aa|rpc:10.1.0.29:43525|dataStream:|priority:0, 8a31ae00-46ab-41b2-9095-3fe81d608acd|rpc:10.1.0.29:35241|dataStream:|priority:0, d9357ef4-c66e-445f-ba22-66d061d877f9|rpc:10.1.0.29:39385|dataStream:|priority:1] with ContainerStateMachine:uninitialized
2021-12-24 01:42:17,449 [pool-672-thread-1] INFO  server.RaftServerConfigKeys (ConfUtils.java:logGet(44)) - raft.server.rpc.timeout.min = 5s (custom)
2021-12-24 01:42:17,452 [pool-672-thread-1] INFO  server.RaftServerConfigKeys (ConfUtils.java:logGet(44)) - raft.server.rpc.timeout.max = 5200ms (custom)
2021-12-24 01:42:17,452 [pool-672-thread-1] INFO  server.RaftServerConfigKeys (ConfUtils.java:logGet(44)) - raft.server.rpc.sleep.time = 25ms (default)
2021-12-24 01:42:17,452 [pool-672-thread-1] INFO  server.RaftServerConfigKeys (ConfUtils.java:logGet(44)) - raft.server.rpc.slowness.timeout = 300s (custom)
2021-12-24 01:42:17,452 [pool-672-thread-1] INFO  server.RaftServerConfigKeys (ConfUtils.java:logGet(44)) - raft.server.leaderelection.leader.step-down.wait-time = 10s (default)
2021-12-24 01:42:17,452 [pool-672-thread-1] INFO  server.RaftServerConfigKeys (ConfUtils.java:logGet(44)) - raft.server.sleep.deviation.threshold = 300ms (default)
2021-12-24 01:42:17,452 [pool-672-thread-1] INFO  server.RaftServerConfigKeys (ConfUtils.java:logGet(44)) - raft.server.log.appender.install.snapshot.enabled = false (custom)
2021-12-24 01:42:17,452 [pool-672-thread-1] INFO  server.RaftServer$Division (ServerState.java:<init>(105)) - d9357ef4-c66e-445f-ba22-66d061d877f9@group-25A049D079A1: ConfigurationManager, init=-1: [dd75dce5-e290-4f16-9ffb-4c947a2969aa|rpc:10.1.0.29:43525|dataStream:|priority:0, 8a31ae00-46ab-41b2-9095-3fe81d608acd|rpc:10.1.0.29:35241|dataStream:|priority:0, d9357ef4-c66e-445f-ba22-66d061d877f9|rpc:10.1.0.29:39385|dataStream:|priority:1], old=null, confs=<EMPTY_MAP>
2021-12-24 01:42:17,452 [pool-672-thread-1] INFO  server.RaftServerConfigKeys (ConfUtils.java:logGet(44)) - raft.server.storage.dir = [/home/runner/work/ozone/ozone/hadoop-ozone/integration-test/target/test-dir/MiniOzoneClusterImpl-0a0f043c-1890-4504-b3a7-b335d5eef4c6/datanode-2/data/ratis] (custom)
2021-12-24 01:42:17,453 [pool-672-thread-1] INFO  server.RaftServerConfigKeys (ConfUtils.java:logGet(44)) - raft.server.log.corruption.policy = EXCEPTION (default)
2021-12-24 01:42:17,453 [pool-672-thread-1] INFO  server.RaftServerConfigKeys (ConfUtils.java:logGet(44)) - raft.server.storage.free-space.min = 0MB (=0) (default)
2021-12-24 01:42:17,453 [pool-672-thread-1] INFO  storage.RaftStorageDirectory (RaftStorageDirectoryImpl.java:analyzeStorage(135)) - The storage directory /home/runner/work/ozone/ozone/hadoop-ozone/integration-test/target/test-dir/MiniOzoneClusterImpl-0a0f043c-1890-4504-b3a7-b335d5eef4c6/datanode-2/data/ratis/af233b21-8eda-4521-9153-25a049d079a1 does not exist. Creating ...
2021-12-24 01:42:17,454 [pool-672-thread-1] INFO  storage.RaftStorageDirectory (RaftStorageDirectoryImpl.java:tryLock(230)) - Lock on /home/runner/work/ozone/ozone/hadoop-ozone/integration-test/target/test-dir/MiniOzoneClusterImpl-0a0f043c-1890-4504-b3a7-b335d5eef4c6/datanode-2/data/ratis/af233b21-8eda-4521-9153-25a049d079a1/in_use.lock acquired by nodename 17223@fv-az116-279
2021-12-24 01:42:17,456 [pool-672-thread-1] INFO  storage.RaftStorage (RaftStorageImpl.java:format(89)) - Storage directory /home/runner/work/ozone/ozone/hadoop-ozone/integration-test/target/test-dir/MiniOzoneClusterImpl-0a0f043c-1890-4504-b3a7-b335d5eef4c6/datanode-2/data/ratis/af233b21-8eda-4521-9153-25a049d079a1 has been successfully formatted.
2021-12-24 01:42:17,458 [pool-672-thread-1] INFO  ratis.ContainerStateMachine (ContainerStateMachine.java:loadSnapshot(231)) - group-25A049D079A1: The snapshot info is null. Setting the last applied indexto:(t:0, i:~)
2021-12-24 01:42:17,470 [pool-672-thread-1] INFO  server.RaftServerConfigKeys (ConfUtils.java:logGet(44)) - raft.server.notification.no-leader.timeout = 300s (custom)
2021-12-24 01:42:17,470 [pool-672-thread-1] INFO  server.RaftServerConfigKeys (ConfUtils.java:logGet(44)) - raft.server.log.use.memory = false (default)
2021-12-24 01:42:17,470 [pool-672-thread-1] INFO  server.RaftServerConfigKeys (ConfUtils.java:logGet(44)) - raft.server.log.purge.gap = 1000000 (custom)
2021-12-24 01:42:17,470 [pool-672-thread-1] INFO  server.RaftServerConfigKeys (ConfUtils.java:logGet(44)) - raft.server.log.appender.buffer.byte-limit = 33554432 (custom)
2021-12-24 01:42:17,470 [pool-672-thread-1] INFO  server.RaftServerConfigKeys (ConfUtils.java:logGet(44)) - raft.server.log.segment.size.max = 1048576 (custom)
2021-12-24 01:42:17,471 [pool-672-thread-1] INFO  server.RaftServerConfigKeys (ConfUtils.java:logGet(44)) - raft.server.log.segment.cache.num.max = 2 (custom)
2021-12-24 01:42:17,471 [pool-672-thread-1] INFO  server.RaftServerConfigKeys (ConfUtils.java:logGet(44)) - raft.server.log.segment.cache.size.max = 200MB (=209715200) (default)
2021-12-24 01:42:17,471 [pool-672-thread-1] INFO  segmented.SegmentedRaftLogWorker (SegmentedRaftLogWorker.java:<init>(182)) - new d9357ef4-c66e-445f-ba22-66d061d877f9@group-25A049D079A1-SegmentedRaftLogWorker for RaftStorageImpl:Storage Directory /home/runner/work/ozone/ozone/hadoop-ozone/integration-test/target/test-dir/MiniOzoneClusterImpl-0a0f043c-1890-4504-b3a7-b335d5eef4c6/datanode-2/data/ratis/af233b21-8eda-4521-9153-25a049d079a1
2021-12-24 01:42:17,471 [pool-672-thread-1] INFO  server.RaftServerConfigKeys (ConfUtils.java:logGet(44)) - raft.server.log.queue.byte-limit = 2147483647 (custom)
2021-12-24 01:42:17,471 [pool-672-thread-1] INFO  server.RaftServerConfigKeys (ConfUtils.java:logGet(44)) - raft.server.log.queue.element-limit = 1024 (custom)
2021-12-24 01:42:17,471 [pool-672-thread-1] INFO  server.RaftServerConfigKeys (ConfUtils.java:logGet(44)) - raft.server.log.segment.size.max = 1048576 (custom)
2021-12-24 01:42:17,471 [pool-672-thread-1] INFO  server.RaftServerConfigKeys (ConfUtils.java:logGet(44)) - raft.server.log.preallocated.size = 16384 (custom)
2021-12-24 01:42:17,472 [pool-672-thread-1] INFO  server.RaftServerConfigKeys (ConfUtils.java:logGet(44)) - raft.server.log.force.sync.num = 128 (default)
2021-12-24 01:42:17,472 [pool-672-thread-1] INFO  server.RaftServerConfigKeys (ConfUtils.java:logGet(44)) - raft.server.log.statemachine.data.sync = true (default)
2021-12-24 01:42:17,472 [pool-672-thread-1] INFO  server.RaftServerConfigKeys (ConfUtils.java:logGet(44)) - raft.server.log.statemachine.data.sync.timeout = 10s (default)
2021-12-24 01:42:17,472 [pool-672-thread-1] INFO  server.RaftServerConfigKeys (ConfUtils.java:logGet(44)) - raft.server.log.statemachine.data.sync.timeout.retry = -1 (default)
2021-12-24 01:42:17,473 [pool-672-thread-1] INFO  server.RaftServerConfigKeys (ConfUtils.java:logGet(44)) - raft.server.log.write.buffer.size = 1048576 (custom)
2021-12-24 01:42:17,474 [pool-672-thread-1] INFO  server.RaftServerConfigKeys (ConfUtils.java:logGet(44)) - raft.server.log.statemachine.data.caching.enabled = true (custom)
2021-12-24 01:42:17,474 [pool-672-thread-1] INFO  segmented.SegmentedRaftLogWorker (SegmentedRaftLogWorker.java:lambda$new$0(133)) - d9357ef4-c66e-445f-ba22-66d061d877f9@group-25A049D079A1-SegmentedRaftLogWorker: flushIndex: setUnconditionally 0 -> -1
2021-12-24 01:42:17,474 [pool-672-thread-1] INFO  segmented.SegmentedRaftLogWorker (SegmentedRaftLogWorker.java:lambda$new$0(133)) - d9357ef4-c66e-445f-ba22-66d061d877f9@group-25A049D079A1-SegmentedRaftLogWorker: safeCacheEvictIndex: setUnconditionally 0 -> -1
2021-12-24 01:42:17,474 [pool-672-thread-1] INFO  server.RaftServerConfigKeys (ConfUtils.java:logGet(44)) - raft.server.snapshot.auto.trigger.enabled = true (custom)
2021-12-24 01:42:17,474 [pool-672-thread-1] INFO  server.RaftServerConfigKeys (ConfUtils.java:logGet(44)) - raft.server.snapshot.auto.trigger.threshold = 10000 (custom)
2021-12-24 01:42:17,474 [pool-672-thread-1] INFO  server.RaftServerConfigKeys (ConfUtils.java:logGet(44)) - raft.server.snapshot.retention.file.num = 5 (custom)
2021-12-24 01:42:17,474 [pool-672-thread-1] INFO  server.RaftServerConfigKeys (ConfUtils.java:logGet(44)) - raft.server.log.purge.upto.snapshot.index = false (default)
2021-12-24 01:42:17,475 [pool-672-thread-1] INFO  server.RaftServerConfigKeys (ConfUtils.java:logGet(44)) - raft.server.retrycache.expirytime = 600000ms (custom)
2021-12-24 01:42:17,475 [pool-672-thread-1] INFO  server.RaftServerConfigKeys (ConfUtils.java:logGet(44)) - raft.server.retrycache.statistics.expirytime = 100μs (default)
2021-12-24 01:42:17,476 [pool-672-thread-1] INFO  server.RaftServer$Division (RaftServerImpl.java:start(301)) - d9357ef4-c66e-445f-ba22-66d061d877f9@group-25A049D079A1: start as a follower, conf=-1: [dd75dce5-e290-4f16-9ffb-4c947a2969aa|rpc:10.1.0.29:43525|dataStream:|priority:0, 8a31ae00-46ab-41b2-9095-3fe81d608acd|rpc:10.1.0.29:35241|dataStream:|priority:0, d9357ef4-c66e-445f-ba22-66d061d877f9|rpc:10.1.0.29:39385|dataStream:|priority:1], old=null
2021-12-24 01:42:17,476 [pool-672-thread-1] INFO  server.RaftServer$Division (RaftServerImpl.java:setRole(290)) - d9357ef4-c66e-445f-ba22-66d061d877f9@group-25A049D079A1: changes role from      null to FOLLOWER at term 0 for startAsFollower
2021-12-24 01:42:17,476 [pool-672-thread-1] INFO  impl.RoleInfo (RoleInfo.java:updateAndGet(130)) - d9357ef4-c66e-445f-ba22-66d061d877f9: start d9357ef4-c66e-445f-ba22-66d061d877f9@group-25A049D079A1-FollowerState
2021-12-24 01:42:17,506 [pool-672-thread-1] INFO  util.JmxRegister (JmxRegister.java:tryRegister(44)) - Successfully registered JMX Bean with object name Ratis:service=RaftServer,group=group-25A049D079A1,id=d9357ef4-c66e-445f-ba22-66d061d877f9
2021-12-24 01:42:17,537 [Command processor thread] INFO  commandhandler.CreatePipelineCommandHandler (CreatePipelineCommandHandler.java:handle(106)) - Created Pipeline RATIS THREE PipelineID=af233b21-8eda-4521-9153-25a049d079a1.
2021-12-24 01:42:17,538 [Command processor thread] INFO  server.RaftServer (RaftServerProxy.java:addNew(95)) - dd75dce5-e290-4f16-9ffb-4c947a2969aa: addNew group-8638DF840944:[dd75dce5-e290-4f16-9ffb-4c947a2969aa|rpc:10.1.0.29:43525|priority:0, d9357ef4-c66e-445f-ba22-66d061d877f9|rpc:10.1.0.29:39385|priority:0, 8a31ae00-46ab-41b2-9095-3fe81d608acd|rpc:10.1.0.29:35241|priority:1] returns group-8638DF840944:java.util.concurrent.CompletableFuture@687c9195[Not completed]
2021-12-24 01:42:17,539 [pool-630-thread-1] INFO  server.RaftServer$Division (RaftServerImpl.java:<init>(184)) - dd75dce5-e290-4f16-9ffb-4c947a2969aa: new RaftServerImpl for group-8638DF840944:[dd75dce5-e290-4f16-9ffb-4c947a2969aa|rpc:10.1.0.29:43525|priority:0, d9357ef4-c66e-445f-ba22-66d061d877f9|rpc:10.1.0.29:39385|priority:0, 8a31ae00-46ab-41b2-9095-3fe81d608acd|rpc:10.1.0.29:35241|priority:1] with ContainerStateMachine:uninitialized
2021-12-24 01:42:17,539 [pool-630-thread-1] INFO  server.RaftServerConfigKeys (ConfUtils.java:logGet(44)) - raft.server.rpc.timeout.min = 5s (custom)
2021-12-24 01:42:17,539 [pool-630-thread-1] INFO  server.RaftServerConfigKeys (ConfUtils.java:logGet(44)) - raft.server.rpc.timeout.max = 5200ms (custom)
2021-12-24 01:42:17,539 [pool-630-thread-1] INFO  server.RaftServerConfigKeys (ConfUtils.java:logGet(44)) - raft.server.rpc.sleep.time = 25ms (default)
2021-12-24 01:42:17,539 [pool-630-thread-1] INFO  server.RaftServerConfigKeys (ConfUtils.java:logGet(44)) - raft.server.rpc.slowness.timeout = 300s (custom)
2021-12-24 01:42:17,539 [pool-630-thread-1] INFO  server.RaftServerConfigKeys (ConfUtils.java:logGet(44)) - raft.server.leaderelection.leader.step-down.wait-time = 10s (default)
2021-12-24 01:42:17,539 [pool-630-thread-1] INFO  server.RaftServerConfigKeys (ConfUtils.java:logGet(44)) - raft.server.sleep.deviation.threshold = 300ms (default)
2021-12-24 01:42:17,539 [pool-630-thread-1] INFO  server.RaftServerConfigKeys (ConfUtils.java:logGet(44)) - raft.server.log.appender.install.snapshot.enabled = false (custom)
2021-12-24 01:42:17,539 [pool-630-thread-1] INFO  server.RaftServer$Division (ServerState.java:<init>(105)) - dd75dce5-e290-4f16-9ffb-4c947a2969aa@group-8638DF840944: ConfigurationManager, init=-1: [dd75dce5-e290-4f16-9ffb-4c947a2969aa|rpc:10.1.0.29:43525|priority:0, d9357ef4-c66e-445f-ba22-66d061d877f9|rpc:10.1.0.29:39385|priority:0, 8a31ae00-46ab-41b2-9095-3fe81d608acd|rpc:10.1.0.29:35241|priority:1], old=null, confs=<EMPTY_MAP>
2021-12-24 01:42:17,539 [pool-630-thread-1] INFO  server.RaftServerConfigKeys (ConfUtils.java:logGet(44)) - raft.server.storage.dir = [/home/runner/work/ozone/ozone/hadoop-ozone/integration-test/target/test-dir/MiniOzoneClusterImpl-0a0f043c-1890-4504-b3a7-b335d5eef4c6/datanode-0/data/ratis] (custom)
2021-12-24 01:42:17,539 [pool-630-thread-1] INFO  server.RaftServerConfigKeys (ConfUtils.java:logGet(44)) - raft.server.log.corruption.policy = EXCEPTION (default)
2021-12-24 01:42:17,540 [pool-630-thread-1] INFO  server.RaftServerConfigKeys (ConfUtils.java:logGet(44)) - raft.server.storage.free-space.min = 0MB (=0) (default)
2021-12-24 01:42:17,540 [pool-630-thread-1] INFO  storage.RaftStorageDirectory (RaftStorageDirectoryImpl.java:analyzeStorage(135)) - The storage directory /home/runner/work/ozone/ozone/hadoop-ozone/integration-test/target/test-dir/MiniOzoneClusterImpl-0a0f043c-1890-4504-b3a7-b335d5eef4c6/datanode-0/data/ratis/542a5c7f-5464-477c-b0a7-8638df840944 does not exist. Creating ...
2021-12-24 01:42:17,546 [pool-630-thread-1] INFO  storage.RaftStorageDirectory (RaftStorageDirectoryImpl.java:tryLock(230)) - Lock on /home/runner/work/ozone/ozone/hadoop-ozone/integration-test/target/test-dir/MiniOzoneClusterImpl-0a0f043c-1890-4504-b3a7-b335d5eef4c6/datanode-0/data/ratis/542a5c7f-5464-477c-b0a7-8638df840944/in_use.lock acquired by nodename 17223@fv-az116-279
2021-12-24 01:42:17,548 [pool-630-thread-1] INFO  storage.RaftStorage (RaftStorageImpl.java:format(89)) - Storage directory /home/runner/work/ozone/ozone/hadoop-ozone/integration-test/target/test-dir/MiniOzoneClusterImpl-0a0f043c-1890-4504-b3a7-b335d5eef4c6/datanode-0/data/ratis/542a5c7f-5464-477c-b0a7-8638df840944 has been successfully formatted.
2021-12-24 01:42:17,548 [pool-630-thread-1] INFO  ratis.ContainerStateMachine (ContainerStateMachine.java:loadSnapshot(231)) - group-8638DF840944: The snapshot info is null. Setting the last applied indexto:(t:0, i:~)
2021-12-24 01:42:17,551 [EventQueue-OpenPipelineForHealthyPipelineSafeModeRule] INFO  safemode.SCMSafeModeManager (HealthyPipelineSafeModeRule.java:process(124)) - SCM in safe mode. Healthy pipelines reported count is 0, required healthy pipeline reported count is 1
2021-12-24 01:42:17,552 [pool-630-thread-1] INFO  server.RaftServerConfigKeys (ConfUtils.java:logGet(44)) - raft.server.notification.no-leader.timeout = 300s (custom)
2021-12-24 01:42:17,556 [pool-630-thread-1] INFO  server.RaftServerConfigKeys (ConfUtils.java:logGet(44)) - raft.server.log.use.memory = false (default)
2021-12-24 01:42:17,556 [pool-630-thread-1] INFO  server.RaftServerConfigKeys (ConfUtils.java:logGet(44)) - raft.server.log.purge.gap = 1000000 (custom)
2021-12-24 01:42:17,556 [pool-630-thread-1] INFO  server.RaftServerConfigKeys (ConfUtils.java:logGet(44)) - raft.server.log.appender.buffer.byte-limit = 33554432 (custom)
2021-12-24 01:42:17,557 [pool-630-thread-1] INFO  server.RaftServerConfigKeys (ConfUtils.java:logGet(44)) - raft.server.log.segment.size.max = 1048576 (custom)
2021-12-24 01:42:17,557 [pool-630-thread-1] INFO  server.RaftServerConfigKeys (ConfUtils.java:logGet(44)) - raft.server.log.segment.cache.num.max = 2 (custom)
2021-12-24 01:42:17,557 [pool-630-thread-1] INFO  server.RaftServerConfigKeys (ConfUtils.java:logGet(44)) - raft.server.log.segment.cache.size.max = 200MB (=209715200) (default)
2021-12-24 01:42:17,557 [pool-630-thread-1] INFO  segmented.SegmentedRaftLogWorker (SegmentedRaftLogWorker.java:<init>(182)) - new dd75dce5-e290-4f16-9ffb-4c947a2969aa@group-8638DF840944-SegmentedRaftLogWorker for RaftStorageImpl:Storage Directory /home/runner/work/ozone/ozone/hadoop-ozone/integration-test/target/test-dir/MiniOzoneClusterImpl-0a0f043c-1890-4504-b3a7-b335d5eef4c6/datanode-0/data/ratis/542a5c7f-5464-477c-b0a7-8638df840944
2021-12-24 01:42:17,557 [pool-630-thread-1] INFO  server.RaftServerConfigKeys (ConfUtils.java:logGet(44)) - raft.server.log.queue.byte-limit = 2147483647 (custom)
2021-12-24 01:42:17,558 [pool-630-thread-1] INFO  server.RaftServerConfigKeys (ConfUtils.java:logGet(44)) - raft.server.log.queue.element-limit = 1024 (custom)
2021-12-24 01:42:17,558 [pool-630-thread-1] INFO  server.RaftServerConfigKeys (ConfUtils.java:logGet(44)) - raft.server.log.segment.size.max = 1048576 (custom)
2021-12-24 01:42:17,558 [pool-630-thread-1] INFO  server.RaftServerConfigKeys (ConfUtils.java:logGet(44)) - raft.server.log.preallocated.size = 16384 (custom)
2021-12-24 01:42:17,558 [pool-630-thread-1] INFO  server.RaftServerConfigKeys (ConfUtils.java:logGet(44)) - raft.server.log.force.sync.num = 128 (default)
2021-12-24 01:42:17,558 [pool-630-thread-1] INFO  server.RaftServerConfigKeys (ConfUtils.java:logGet(44)) - raft.server.log.statemachine.data.sync = true (default)
2021-12-24 01:42:17,558 [pool-630-thread-1] INFO  server.RaftServerConfigKeys (ConfUtils.java:logGet(44)) - raft.server.log.statemachine.data.sync.timeout = 10s (default)
2021-12-24 01:42:17,558 [pool-630-thread-1] INFO  server.RaftServerConfigKeys (ConfUtils.java:logGet(44)) - raft.server.log.statemachine.data.sync.timeout.retry = -1 (default)
2021-12-24 01:42:17,559 [pool-630-thread-1] INFO  server.RaftServerConfigKeys (ConfUtils.java:logGet(44)) - raft.server.log.write.buffer.size = 1048576 (custom)
2021-12-24 01:42:17,560 [pool-630-thread-1] INFO  server.RaftServerConfigKeys (ConfUtils.java:logGet(44)) - raft.server.log.statemachine.data.caching.enabled = true (custom)
2021-12-24 01:42:17,560 [pool-630-thread-1] INFO  segmented.SegmentedRaftLogWorker (SegmentedRaftLogWorker.java:lambda$new$0(133)) - dd75dce5-e290-4f16-9ffb-4c947a2969aa@group-8638DF840944-SegmentedRaftLogWorker: flushIndex: setUnconditionally 0 -> -1
2021-12-24 01:42:17,560 [pool-630-thread-1] INFO  segmented.SegmentedRaftLogWorker (SegmentedRaftLogWorker.java:lambda$new$0(133)) - dd75dce5-e290-4f16-9ffb-4c947a2969aa@group-8638DF840944-SegmentedRaftLogWorker: safeCacheEvictIndex: setUnconditionally 0 -> -1
2021-12-24 01:42:17,571 [pool-630-thread-1] INFO  server.RaftServerConfigKeys (ConfUtils.java:logGet(44)) - raft.server.snapshot.auto.trigger.enabled = true (custom)
2021-12-24 01:42:17,571 [pool-630-thread-1] INFO  server.RaftServerConfigKeys (ConfUtils.java:logGet(44)) - raft.server.snapshot.auto.trigger.threshold = 10000 (custom)
2021-12-24 01:42:17,571 [pool-630-thread-1] INFO  server.RaftServerConfigKeys (ConfUtils.java:logGet(44)) - raft.server.snapshot.retention.file.num = 5 (custom)
2021-12-24 01:42:17,571 [pool-630-thread-1] INFO  server.RaftServerConfigKeys (ConfUtils.java:logGet(44)) - raft.server.log.purge.upto.snapshot.index = false (default)
2021-12-24 01:42:17,571 [pool-630-thread-1] INFO  server.RaftServerConfigKeys (ConfUtils.java:logGet(44)) - raft.server.retrycache.expirytime = 600000ms (custom)
2021-12-24 01:42:17,571 [pool-630-thread-1] INFO  server.RaftServerConfigKeys (ConfUtils.java:logGet(44)) - raft.server.retrycache.statistics.expirytime = 100μs (default)
2021-12-24 01:42:17,573 [pool-630-thread-1] INFO  server.RaftServer$Division (RaftServerImpl.java:start(301)) - dd75dce5-e290-4f16-9ffb-4c947a2969aa@group-8638DF840944: start as a follower, conf=-1: [dd75dce5-e290-4f16-9ffb-4c947a2969aa|rpc:10.1.0.29:43525|priority:0, d9357ef4-c66e-445f-ba22-66d061d877f9|rpc:10.1.0.29:39385|priority:0, 8a31ae00-46ab-41b2-9095-3fe81d608acd|rpc:10.1.0.29:35241|priority:1], old=null
2021-12-24 01:42:17,573 [pool-630-thread-1] INFO  server.RaftServer$Division (RaftServerImpl.java:setRole(290)) - dd75dce5-e290-4f16-9ffb-4c947a2969aa@group-8638DF840944: changes role from      null to FOLLOWER at term 0 for startAsFollower
2021-12-24 01:42:17,573 [pool-630-thread-1] INFO  impl.RoleInfo (RoleInfo.java:updateAndGet(130)) - dd75dce5-e290-4f16-9ffb-4c947a2969aa: start dd75dce5-e290-4f16-9ffb-4c947a2969aa@group-8638DF840944-FollowerState
2021-12-24 01:42:17,578 [pool-630-thread-1] INFO  util.JmxRegister (JmxRegister.java:tryRegister(44)) - Successfully registered JMX Bean with object name Ratis:service=RaftServer,group=group-8638DF840944,id=dd75dce5-e290-4f16-9ffb-4c947a2969aa
2021-12-24 01:42:17,592 [Command processor thread] INFO  ratis.XceiverServerRatis (XceiverServerRatis.java:addGroup(768)) - Created group PipelineID=542a5c7f-5464-477c-b0a7-8638df840944
2021-12-24 01:42:17,599 [Command processor thread] INFO  server.RaftServer (RaftServerProxy.java:addNew(95)) - 8a31ae00-46ab-41b2-9095-3fe81d608acd: addNew group-4845F656F4FF:[8a31ae00-46ab-41b2-9095-3fe81d608acd|rpc:10.1.0.29:35241|priority:1] returns group-4845F656F4FF:java.util.concurrent.CompletableFuture@36cdb296[Not completed]
2021-12-24 01:42:17,600 [pool-651-thread-1] INFO  server.RaftServer$Division (RaftServerImpl.java:<init>(184)) - 8a31ae00-46ab-41b2-9095-3fe81d608acd: new RaftServerImpl for group-4845F656F4FF:[8a31ae00-46ab-41b2-9095-3fe81d608acd|rpc:10.1.0.29:35241|priority:1] with ContainerStateMachine:uninitialized
2021-12-24 01:42:17,600 [pool-651-thread-1] INFO  server.RaftServerConfigKeys (ConfUtils.java:logGet(44)) - raft.server.rpc.timeout.min = 5s (custom)
2021-12-24 01:42:17,600 [pool-651-thread-1] INFO  server.RaftServerConfigKeys (ConfUtils.java:logGet(44)) - raft.server.rpc.timeout.max = 5200ms (custom)
2021-12-24 01:42:17,600 [pool-651-thread-1] INFO  server.RaftServerConfigKeys (ConfUtils.java:logGet(44)) - raft.server.rpc.sleep.time = 25ms (default)
2021-12-24 01:42:17,600 [pool-651-thread-1] INFO  server.RaftServerConfigKeys (ConfUtils.java:logGet(44)) - raft.server.rpc.slowness.timeout = 300s (custom)
2021-12-24 01:42:17,600 [pool-651-thread-1] INFO  server.RaftServerConfigKeys (ConfUtils.java:logGet(44)) - raft.server.leaderelection.leader.step-down.wait-time = 10s (default)
2021-12-24 01:42:17,600 [pool-651-thread-1] INFO  server.RaftServerConfigKeys (ConfUtils.java:logGet(44)) - raft.server.sleep.deviation.threshold = 300ms (default)
2021-12-24 01:42:17,600 [pool-651-thread-1] INFO  server.RaftServerConfigKeys (ConfUtils.java:logGet(44)) - raft.server.log.appender.install.snapshot.enabled = false (custom)
2021-12-24 01:42:17,600 [pool-651-thread-1] INFO  server.RaftServer$Division (ServerState.java:<init>(105)) - 8a31ae00-46ab-41b2-9095-3fe81d608acd@group-4845F656F4FF: ConfigurationManager, init=-1: [8a31ae00-46ab-41b2-9095-3fe81d608acd|rpc:10.1.0.29:35241|priority:1], old=null, confs=<EMPTY_MAP>
2021-12-24 01:42:17,600 [pool-651-thread-1] INFO  server.RaftServerConfigKeys (ConfUtils.java:logGet(44)) - raft.server.storage.dir = [/home/runner/work/ozone/ozone/hadoop-ozone/integration-test/target/test-dir/MiniOzoneClusterImpl-0a0f043c-1890-4504-b3a7-b335d5eef4c6/datanode-1/data/ratis] (custom)
2021-12-24 01:42:17,600 [pool-651-thread-1] INFO  server.RaftServerConfigKeys (ConfUtils.java:logGet(44)) - raft.server.log.corruption.policy = EXCEPTION (default)
2021-12-24 01:42:17,600 [pool-651-thread-1] INFO  server.RaftServerConfigKeys (ConfUtils.java:logGet(44)) - raft.server.storage.free-space.min = 0MB (=0) (default)
2021-12-24 01:42:17,601 [pool-651-thread-1] INFO  storage.RaftStorageDirectory (RaftStorageDirectoryImpl.java:analyzeStorage(135)) - The storage directory /home/runner/work/ozone/ozone/hadoop-ozone/integration-test/target/test-dir/MiniOzoneClusterImpl-0a0f043c-1890-4504-b3a7-b335d5eef4c6/datanode-1/data/ratis/e425d332-772b-4d38-b88e-4845f656f4ff does not exist. Creating ...
2021-12-24 01:42:17,604 [pool-651-thread-1] INFO  storage.RaftStorageDirectory (RaftStorageDirectoryImpl.java:tryLock(230)) - Lock on /home/runner/work/ozone/ozone/hadoop-ozone/integration-test/target/test-dir/MiniOzoneClusterImpl-0a0f043c-1890-4504-b3a7-b335d5eef4c6/datanode-1/data/ratis/e425d332-772b-4d38-b88e-4845f656f4ff/in_use.lock acquired by nodename 17223@fv-az116-279
2021-12-24 01:42:17,606 [pool-651-thread-1] INFO  storage.RaftStorage (RaftStorageImpl.java:format(89)) - Storage directory /home/runner/work/ozone/ozone/hadoop-ozone/integration-test/target/test-dir/MiniOzoneClusterImpl-0a0f043c-1890-4504-b3a7-b335d5eef4c6/datanode-1/data/ratis/e425d332-772b-4d38-b88e-4845f656f4ff has been successfully formatted.
2021-12-24 01:42:17,606 [pool-651-thread-1] INFO  ratis.ContainerStateMachine (ContainerStateMachine.java:loadSnapshot(231)) - group-4845F656F4FF: The snapshot info is null. Setting the last applied indexto:(t:0, i:~)
2021-12-24 01:42:17,606 [pool-651-thread-1] INFO  server.RaftServerConfigKeys (ConfUtils.java:logGet(44)) - raft.server.notification.no-leader.timeout = 300s (custom)
2021-12-24 01:42:17,606 [pool-651-thread-1] INFO  server.RaftServerConfigKeys (ConfUtils.java:logGet(44)) - raft.server.log.use.memory = false (default)
2021-12-24 01:42:17,606 [pool-651-thread-1] INFO  server.RaftServerConfigKeys (ConfUtils.java:logGet(44)) - raft.server.log.purge.gap = 1000000 (custom)
2021-12-24 01:42:17,606 [pool-651-thread-1] INFO  server.RaftServerConfigKeys (ConfUtils.java:logGet(44)) - raft.server.log.appender.buffer.byte-limit = 33554432 (custom)
2021-12-24 01:42:17,606 [pool-651-thread-1] INFO  server.RaftServerConfigKeys (ConfUtils.java:logGet(44)) - raft.server.log.segment.size.max = 1048576 (custom)
2021-12-24 01:42:17,607 [pool-651-thread-1] INFO  server.RaftServerConfigKeys (ConfUtils.java:logGet(44)) - raft.server.log.segment.cache.num.max = 2 (custom)
2021-12-24 01:42:17,607 [pool-651-thread-1] INFO  server.RaftServerConfigKeys (ConfUtils.java:logGet(44)) - raft.server.log.segment.cache.size.max = 200MB (=209715200) (default)
2021-12-24 01:42:17,607 [pool-651-thread-1] INFO  segmented.SegmentedRaftLogWorker (SegmentedRaftLogWorker.java:<init>(182)) - new 8a31ae00-46ab-41b2-9095-3fe81d608acd@group-4845F656F4FF-SegmentedRaftLogWorker for RaftStorageImpl:Storage Directory /home/runner/work/ozone/ozone/hadoop-ozone/integration-test/target/test-dir/MiniOzoneClusterImpl-0a0f043c-1890-4504-b3a7-b335d5eef4c6/datanode-1/data/ratis/e425d332-772b-4d38-b88e-4845f656f4ff
2021-12-24 01:42:17,607 [pool-651-thread-1] INFO  server.RaftServerConfigKeys (ConfUtils.java:logGet(44)) - raft.server.log.queue.byte-limit = 2147483647 (custom)
2021-12-24 01:42:17,607 [pool-651-thread-1] INFO  server.RaftServerConfigKeys (ConfUtils.java:logGet(44)) - raft.server.log.queue.element-limit = 1024 (custom)
2021-12-24 01:42:17,607 [pool-651-thread-1] INFO  server.RaftServerConfigKeys (ConfUtils.java:logGet(44)) - raft.server.log.segment.size.max = 1048576 (custom)
2021-12-24 01:42:17,607 [pool-651-thread-1] INFO  server.RaftServerConfigKeys (ConfUtils.java:logGet(44)) - raft.server.log.preallocated.size = 16384 (custom)
2021-12-24 01:42:17,607 [pool-651-thread-1] INFO  server.RaftServerConfigKeys (ConfUtils.java:logGet(44)) - raft.server.log.force.sync.num = 128 (default)
2021-12-24 01:42:17,607 [pool-651-thread-1] INFO  server.RaftServerConfigKeys (ConfUtils.java:logGet(44)) - raft.server.log.statemachine.data.sync = true (default)
2021-12-24 01:42:17,607 [pool-651-thread-1] INFO  server.RaftServerConfigKeys (ConfUtils.java:logGet(44)) - raft.server.log.statemachine.data.sync.timeout = 10s (default)
2021-12-24 01:42:17,607 [pool-651-thread-1] INFO  server.RaftServerConfigKeys (ConfUtils.java:logGet(44)) - raft.server.log.statemachine.data.sync.timeout.retry = -1 (default)
2021-12-24 01:42:17,608 [pool-651-thread-1] INFO  server.RaftServerConfigKeys (ConfUtils.java:logGet(44)) - raft.server.log.write.buffer.size = 1048576 (custom)
2021-12-24 01:42:17,609 [pool-651-thread-1] INFO  server.RaftServerConfigKeys (ConfUtils.java:logGet(44)) - raft.server.log.statemachine.data.caching.enabled = true (custom)
2021-12-24 01:42:17,609 [pool-651-thread-1] INFO  segmented.SegmentedRaftLogWorker (SegmentedRaftLogWorker.java:lambda$new$0(133)) - 8a31ae00-46ab-41b2-9095-3fe81d608acd@group-4845F656F4FF-SegmentedRaftLogWorker: flushIndex: setUnconditionally 0 -> -1
2021-12-24 01:42:17,626 [pool-651-thread-1] INFO  segmented.SegmentedRaftLogWorker (SegmentedRaftLogWorker.java:lambda$new$0(133)) - 8a31ae00-46ab-41b2-9095-3fe81d608acd@group-4845F656F4FF-SegmentedRaftLogWorker: safeCacheEvictIndex: setUnconditionally 0 -> -1
2021-12-24 01:42:17,618 [pool-672-thread-1] INFO  server.RaftServer$Division (RaftServerImpl.java:<init>(184)) - d9357ef4-c66e-445f-ba22-66d061d877f9: new RaftServerImpl for group-8638DF840944:[dd75dce5-e290-4f16-9ffb-4c947a2969aa|rpc:10.1.0.29:43525|dataStream:|priority:0, d9357ef4-c66e-445f-ba22-66d061d877f9|rpc:10.1.0.29:39385|dataStream:|priority:0, 8a31ae00-46ab-41b2-9095-3fe81d608acd|rpc:10.1.0.29:35241|dataStream:|priority:1] with ContainerStateMachine:uninitialized
2021-12-24 01:42:17,626 [pool-672-thread-1] INFO  server.RaftServerConfigKeys (ConfUtils.java:logGet(44)) - raft.server.rpc.timeout.min = 5s (custom)
2021-12-24 01:42:17,626 [pool-672-thread-1] INFO  server.RaftServerConfigKeys (ConfUtils.java:logGet(44)) - raft.server.rpc.timeout.max = 5200ms (custom)
2021-12-24 01:42:17,626 [pool-672-thread-1] INFO  server.RaftServerConfigKeys (ConfUtils.java:logGet(44)) - raft.server.rpc.sleep.time = 25ms (default)
2021-12-24 01:42:17,626 [pool-672-thread-1] INFO  server.RaftServerConfigKeys (ConfUtils.java:logGet(44)) - raft.server.rpc.slowness.timeout = 300s (custom)
2021-12-24 01:42:17,626 [pool-672-thread-1] INFO  server.RaftServerConfigKeys (ConfUtils.java:logGet(44)) - raft.server.leaderelection.leader.step-down.wait-time = 10s (default)
2021-12-24 01:42:17,626 [pool-672-thread-1] INFO  server.RaftServerConfigKeys (ConfUtils.java:logGet(44)) - raft.server.sleep.deviation.threshold = 300ms (default)
2021-12-24 01:42:17,626 [pool-672-thread-1] INFO  server.RaftServerConfigKeys (ConfUtils.java:logGet(44)) - raft.server.log.appender.install.snapshot.enabled = false (custom)
2021-12-24 01:42:17,626 [pool-672-thread-1] INFO  server.RaftServer$Division (ServerState.java:<init>(105)) - d9357ef4-c66e-445f-ba22-66d061d877f9@group-8638DF840944: ConfigurationManager, init=-1: [dd75dce5-e290-4f16-9ffb-4c947a2969aa|rpc:10.1.0.29:43525|dataStream:|priority:0, d9357ef4-c66e-445f-ba22-66d061d877f9|rpc:10.1.0.29:39385|dataStream:|priority:0, 8a31ae00-46ab-41b2-9095-3fe81d608acd|rpc:10.1.0.29:35241|dataStream:|priority:1], old=null, confs=<EMPTY_MAP>
2021-12-24 01:42:17,626 [pool-672-thread-1] INFO  server.RaftServerConfigKeys (ConfUtils.java:logGet(44)) - raft.server.storage.dir = [/home/runner/work/ozone/ozone/hadoop-ozone/integration-test/target/test-dir/MiniOzoneClusterImpl-0a0f043c-1890-4504-b3a7-b335d5eef4c6/datanode-2/data/ratis] (custom)
2021-12-24 01:42:17,627 [pool-672-thread-1] INFO  server.RaftServerConfigKeys (ConfUtils.java:logGet(44)) - raft.server.log.corruption.policy = EXCEPTION (default)
2021-12-24 01:42:17,627 [pool-672-thread-1] INFO  server.RaftServerConfigKeys (ConfUtils.java:logGet(44)) - raft.server.storage.free-space.min = 0MB (=0) (default)
2021-12-24 01:42:17,627 [pool-672-thread-1] INFO  storage.RaftStorageDirectory (RaftStorageDirectoryImpl.java:analyzeStorage(135)) - The storage directory /home/runner/work/ozone/ozone/hadoop-ozone/integration-test/target/test-dir/MiniOzoneClusterImpl-0a0f043c-1890-4504-b3a7-b335d5eef4c6/datanode-2/data/ratis/542a5c7f-5464-477c-b0a7-8638df840944 does not exist. Creating ...
2021-12-24 01:42:17,629 [pool-672-thread-1] INFO  storage.RaftStorageDirectory (RaftStorageDirectoryImpl.java:tryLock(230)) - Lock on /home/runner/work/ozone/ozone/hadoop-ozone/integration-test/target/test-dir/MiniOzoneClusterImpl-0a0f043c-1890-4504-b3a7-b335d5eef4c6/datanode-2/data/ratis/542a5c7f-5464-477c-b0a7-8638df840944/in_use.lock acquired by nodename 17223@fv-az116-279
2021-12-24 01:42:17,618 [grpc-default-executor-0] INFO  server.RaftServer (RaftServerProxy.java:addNew(95)) - d9357ef4-c66e-445f-ba22-66d061d877f9: addNew group-8638DF840944:[dd75dce5-e290-4f16-9ffb-4c947a2969aa|rpc:10.1.0.29:43525|dataStream:|priority:0, d9357ef4-c66e-445f-ba22-66d061d877f9|rpc:10.1.0.29:39385|dataStream:|priority:0, 8a31ae00-46ab-41b2-9095-3fe81d608acd|rpc:10.1.0.29:35241|dataStream:|priority:1] returns group-8638DF840944:java.util.concurrent.CompletableFuture@7a6ea002[Not completed]
2021-12-24 01:42:17,631 [pool-672-thread-1] INFO  storage.RaftStorage (RaftStorageImpl.java:format(89)) - Storage directory /home/runner/work/ozone/ozone/hadoop-ozone/integration-test/target/test-dir/MiniOzoneClusterImpl-0a0f043c-1890-4504-b3a7-b335d5eef4c6/datanode-2/data/ratis/542a5c7f-5464-477c-b0a7-8638df840944 has been successfully formatted.
2021-12-24 01:42:17,642 [pool-651-thread-1] INFO  server.RaftServerConfigKeys (ConfUtils.java:logGet(44)) - raft.server.snapshot.auto.trigger.enabled = true (custom)
2021-12-24 01:42:17,642 [pool-651-thread-1] INFO  server.RaftServerConfigKeys (ConfUtils.java:logGet(44)) - raft.server.snapshot.auto.trigger.threshold = 10000 (custom)
2021-12-24 01:42:17,642 [pool-651-thread-1] INFO  server.RaftServerConfigKeys (ConfUtils.java:logGet(44)) - raft.server.snapshot.retention.file.num = 5 (custom)
2021-12-24 01:42:17,642 [pool-651-thread-1] INFO  server.RaftServerConfigKeys (ConfUtils.java:logGet(44)) - raft.server.log.purge.upto.snapshot.index = false (default)
2021-12-24 01:42:17,642 [pool-651-thread-1] INFO  server.RaftServerConfigKeys (ConfUtils.java:logGet(44)) - raft.server.retrycache.expirytime = 600000ms (custom)
2021-12-24 01:42:17,642 [pool-651-thread-1] INFO  server.RaftServerConfigKeys (ConfUtils.java:logGet(44)) - raft.server.retrycache.statistics.expirytime = 100μs (default)
2021-12-24 01:42:17,644 [pool-651-thread-1] INFO  server.RaftServer$Division (RaftServerImpl.java:start(301)) - 8a31ae00-46ab-41b2-9095-3fe81d608acd@group-4845F656F4FF: start as a follower, conf=-1: [8a31ae00-46ab-41b2-9095-3fe81d608acd|rpc:10.1.0.29:35241|priority:1], old=null
2021-12-24 01:42:17,644 [pool-651-thread-1] INFO  server.RaftServer$Division (RaftServerImpl.java:setRole(290)) - 8a31ae00-46ab-41b2-9095-3fe81d608acd@group-4845F656F4FF: changes role from      null to FOLLOWER at term 0 for startAsFollower
2021-12-24 01:42:17,644 [pool-651-thread-1] INFO  impl.RoleInfo (RoleInfo.java:updateAndGet(130)) - 8a31ae00-46ab-41b2-9095-3fe81d608acd: start 8a31ae00-46ab-41b2-9095-3fe81d608acd@group-4845F656F4FF-FollowerState
2021-12-24 01:42:17,645 [pool-651-thread-1] INFO  util.JmxRegister (JmxRegister.java:tryRegister(44)) - Successfully registered JMX Bean with object name Ratis:service=RaftServer,group=group-4845F656F4FF,id=8a31ae00-46ab-41b2-9095-3fe81d608acd
2021-12-24 01:42:17,646 [Command processor thread] INFO  ratis.XceiverServerRatis (XceiverServerRatis.java:addGroup(768)) - Created group PipelineID=e425d332-772b-4d38-b88e-4845f656f4ff
2021-12-24 01:42:17,646 [Command processor thread] INFO  commandhandler.CreatePipelineCommandHandler (CreatePipelineCommandHandler.java:handle(106)) - Created Pipeline RATIS ONE PipelineID=e425d332-772b-4d38-b88e-4845f656f4ff.
2021-12-24 01:42:17,647 [Command processor thread] INFO  server.RaftServer (RaftServerProxy.java:addNew(95)) - 8a31ae00-46ab-41b2-9095-3fe81d608acd: addNew group-8638DF840944:[dd75dce5-e290-4f16-9ffb-4c947a2969aa|rpc:10.1.0.29:43525|priority:0, d9357ef4-c66e-445f-ba22-66d061d877f9|rpc:10.1.0.29:39385|priority:0, 8a31ae00-46ab-41b2-9095-3fe81d608acd|rpc:10.1.0.29:35241|priority:1] returns group-8638DF840944:java.util.concurrent.CompletableFuture@380a4a3f[Not completed]
2021-12-24 01:42:17,647 [EventQueue-PipelineReportForPipelineReportHandler] INFO  pipeline.PipelineManagerImpl (PipelineManagerImpl.java:openPipeline(291)) - Pipeline Pipeline[ Id: e425d332-772b-4d38-b88e-4845f656f4ff, Nodes: 8a31ae00-46ab-41b2-9095-3fe81d608acd{ip: 10.1.0.29, host: fv-az116-279.vzw04321ajxubdbcnpick5nqva.xx.internal.cloudapp.net, ports: [REPLICATION=43817, RATIS=35241, RATIS_ADMIN=35241, RATIS_SERVER=35241, STANDALONE=34315], networkLocation: /default-rack, certSerialId: null, persistedOpState: IN_SERVICE, persistedOpStateExpiryEpochSec: 0}, ReplicationConfig: RATIS/ONE, State:ALLOCATED, leaderId:8a31ae00-46ab-41b2-9095-3fe81d608acd, CreationTimestamp2021-12-24T01:42:14.607Z[Etc/UTC]] moved to OPEN state
2021-12-24 01:42:17,647 [pool-651-thread-1] INFO  server.RaftServer$Division (RaftServerImpl.java:<init>(184)) - 8a31ae00-46ab-41b2-9095-3fe81d608acd: new RaftServerImpl for group-8638DF840944:[dd75dce5-e290-4f16-9ffb-4c947a2969aa|rpc:10.1.0.29:43525|priority:0, d9357ef4-c66e-445f-ba22-66d061d877f9|rpc:10.1.0.29:39385|priority:0, 8a31ae00-46ab-41b2-9095-3fe81d608acd|rpc:10.1.0.29:35241|priority:1] with ContainerStateMachine:uninitialized
2021-12-24 01:42:17,648 [pool-651-thread-1] INFO  server.RaftServerConfigKeys (ConfUtils.java:logGet(44)) - raft.server.rpc.timeout.min = 5s (custom)
2021-12-24 01:42:17,648 [pool-651-thread-1] INFO  server.RaftServerConfigKeys (ConfUtils.java:logGet(44)) - raft.server.rpc.timeout.max = 5200ms (custom)
2021-12-24 01:42:17,648 [pool-651-thread-1] INFO  server.RaftServerConfigKeys (ConfUtils.java:logGet(44)) - raft.server.rpc.sleep.time = 25ms (default)
2021-12-24 01:42:17,648 [pool-651-thread-1] INFO  server.RaftServerConfigKeys (ConfUtils.java:logGet(44)) - raft.server.rpc.slowness.timeout = 300s (custom)
2021-12-24 01:42:17,648 [pool-651-thread-1] INFO  server.RaftServerConfigKeys (ConfUtils.java:logGet(44)) - raft.server.leaderelection.leader.step-down.wait-time = 10s (default)
2021-12-24 01:42:17,648 [EventQueue-OpenPipelineForHealthyPipelineSafeModeRule] INFO  safemode.SCMSafeModeManager (HealthyPipelineSafeModeRule.java:process(124)) - SCM in safe mode. Healthy pipelines reported count is 0, required healthy pipeline reported count is 1
2021-12-24 01:42:17,648 [pool-651-thread-1] INFO  server.RaftServerConfigKeys (ConfUtils.java:logGet(44)) - raft.server.sleep.deviation.threshold = 300ms (default)
2021-12-24 01:42:17,648 [pool-651-thread-1] INFO  server.RaftServerConfigKeys (ConfUtils.java:logGet(44)) - raft.server.log.appender.install.snapshot.enabled = false (custom)
2021-12-24 01:42:17,648 [pool-651-thread-1] INFO  server.RaftServer$Division (ServerState.java:<init>(105)) - 8a31ae00-46ab-41b2-9095-3fe81d608acd@group-8638DF840944: ConfigurationManager, init=-1: [dd75dce5-e290-4f16-9ffb-4c947a2969aa|rpc:10.1.0.29:43525|priority:0, d9357ef4-c66e-445f-ba22-66d061d877f9|rpc:10.1.0.29:39385|priority:0, 8a31ae00-46ab-41b2-9095-3fe81d608acd|rpc:10.1.0.29:35241|priority:1], old=null, confs=<EMPTY_MAP>
2021-12-24 01:42:17,648 [pool-651-thread-1] INFO  server.RaftServerConfigKeys (ConfUtils.java:logGet(44)) - raft.server.storage.dir = [/home/runner/work/ozone/ozone/hadoop-ozone/integration-test/target/test-dir/MiniOzoneClusterImpl-0a0f043c-1890-4504-b3a7-b335d5eef4c6/datanode-1/data/ratis] (custom)
2021-12-24 01:42:17,648 [pool-651-thread-1] INFO  server.RaftServerConfigKeys (ConfUtils.java:logGet(44)) - raft.server.log.corruption.policy = EXCEPTION (default)
2021-12-24 01:42:17,648 [pool-651-thread-1] INFO  server.RaftServerConfigKeys (ConfUtils.java:logGet(44)) - raft.server.storage.free-space.min = 0MB (=0) (default)
2021-12-24 01:42:17,649 [pool-651-thread-1] INFO  storage.RaftStorageDirectory (RaftStorageDirectoryImpl.java:analyzeStorage(135)) - The storage directory /home/runner/work/ozone/ozone/hadoop-ozone/integration-test/target/test-dir/MiniOzoneClusterImpl-0a0f043c-1890-4504-b3a7-b335d5eef4c6/datanode-1/data/ratis/542a5c7f-5464-477c-b0a7-8638df840944 does not exist. Creating ...
2021-12-24 01:42:17,650 [pool-672-thread-1] INFO  ratis.ContainerStateMachine (ContainerStateMachine.java:loadSnapshot(231)) - group-8638DF840944: The snapshot info is null. Setting the last applied indexto:(t:0, i:~)
2021-12-24 01:42:17,650 [pool-651-thread-1] INFO  storage.RaftStorageDirectory (RaftStorageDirectoryImpl.java:tryLock(230)) - Lock on /home/runner/work/ozone/ozone/hadoop-ozone/integration-test/target/test-dir/MiniOzoneClusterImpl-0a0f043c-1890-4504-b3a7-b335d5eef4c6/datanode-1/data/ratis/542a5c7f-5464-477c-b0a7-8638df840944/in_use.lock acquired by nodename 17223@fv-az116-279
2021-12-24 01:42:17,651 [pool-672-thread-1] INFO  server.RaftServerConfigKeys (ConfUtils.java:logGet(44)) - raft.server.notification.no-leader.timeout = 300s (custom)
2021-12-24 01:42:17,651 [pool-672-thread-1] INFO  server.RaftServerConfigKeys (ConfUtils.java:logGet(44)) - raft.server.log.use.memory = false (default)
2021-12-24 01:42:17,651 [pool-672-thread-1] INFO  server.RaftServerConfigKeys (ConfUtils.java:logGet(44)) - raft.server.log.purge.gap = 1000000 (custom)
2021-12-24 01:42:17,651 [pool-672-thread-1] INFO  server.RaftServerConfigKeys (ConfUtils.java:logGet(44)) - raft.server.log.appender.buffer.byte-limit = 33554432 (custom)
2021-12-24 01:42:17,652 [pool-651-thread-1] INFO  storage.RaftStorage (RaftStorageImpl.java:format(89)) - Storage directory /home/runner/work/ozone/ozone/hadoop-ozone/integration-test/target/test-dir/MiniOzoneClusterImpl-0a0f043c-1890-4504-b3a7-b335d5eef4c6/datanode-1/data/ratis/542a5c7f-5464-477c-b0a7-8638df840944 has been successfully formatted.
2021-12-24 01:42:17,652 [pool-672-thread-1] INFO  server.RaftServerConfigKeys (ConfUtils.java:logGet(44)) - raft.server.log.segment.size.max = 1048576 (custom)
2021-12-24 01:42:17,652 [pool-651-thread-1] INFO  ratis.ContainerStateMachine (ContainerStateMachine.java:loadSnapshot(231)) - group-8638DF840944: The snapshot info is null. Setting the last applied indexto:(t:0, i:~)
2021-12-24 01:42:17,652 [pool-651-thread-1] INFO  server.RaftServerConfigKeys (ConfUtils.java:logGet(44)) - raft.server.notification.no-leader.timeout = 300s (custom)
2021-12-24 01:42:17,653 [pool-672-thread-1] INFO  server.RaftServerConfigKeys (ConfUtils.java:logGet(44)) - raft.server.log.segment.cache.num.max = 2 (custom)
2021-12-24 01:42:17,653 [pool-672-thread-1] INFO  server.RaftServerConfigKeys (ConfUtils.java:logGet(44)) - raft.server.log.segment.cache.size.max = 200MB (=209715200) (default)
2021-12-24 01:42:17,653 [pool-672-thread-1] INFO  segmented.SegmentedRaftLogWorker (SegmentedRaftLogWorker.java:<init>(182)) - new d9357ef4-c66e-445f-ba22-66d061d877f9@group-8638DF840944-SegmentedRaftLogWorker for RaftStorageImpl:Storage Directory /home/runner/work/ozone/ozone/hadoop-ozone/integration-test/target/test-dir/MiniOzoneClusterImpl-0a0f043c-1890-4504-b3a7-b335d5eef4c6/datanode-2/data/ratis/542a5c7f-5464-477c-b0a7-8638df840944
2021-12-24 01:42:17,653 [pool-672-thread-1] INFO  server.RaftServerConfigKeys (ConfUtils.java:logGet(44)) - raft.server.log.queue.byte-limit = 2147483647 (custom)
2021-12-24 01:42:17,653 [pool-672-thread-1] INFO  server.RaftServerConfigKeys (ConfUtils.java:logGet(44)) - raft.server.log.queue.element-limit = 1024 (custom)
2021-12-24 01:42:17,653 [pool-672-thread-1] INFO  server.RaftServerConfigKeys (ConfUtils.java:logGet(44)) - raft.server.log.segment.size.max = 1048576 (custom)
2021-12-24 01:42:17,653 [pool-672-thread-1] INFO  server.RaftServerConfigKeys (ConfUtils.java:logGet(44)) - raft.server.log.preallocated.size = 16384 (custom)
2021-12-24 01:42:17,653 [pool-672-thread-1] INFO  server.RaftServerConfigKeys (ConfUtils.java:logGet(44)) - raft.server.log.force.sync.num = 128 (default)
2021-12-24 01:42:17,653 [pool-672-thread-1] INFO  server.RaftServerConfigKeys (ConfUtils.java:logGet(44)) - raft.server.log.statemachine.data.sync = true (default)
2021-12-24 01:42:17,653 [pool-672-thread-1] INFO  server.RaftServerConfigKeys (ConfUtils.java:logGet(44)) - raft.server.log.statemachine.data.sync.timeout = 10s (default)
2021-12-24 01:42:17,653 [pool-672-thread-1] INFO  server.RaftServerConfigKeys (ConfUtils.java:logGet(44)) - raft.server.log.statemachine.data.sync.timeout.retry = -1 (default)
2021-12-24 01:42:17,658 [EventQueue-OpenPipelineForHealthyPipelineSafeModeRule] INFO  safemode.SCMSafeModeManager (HealthyPipelineSafeModeRule.java:process(124)) - SCM in safe mode. Healthy pipelines reported count is 0, required healthy pipeline reported count is 1
2021-12-24 01:42:17,653 [pool-651-thread-1] INFO  server.RaftServerConfigKeys (ConfUtils.java:logGet(44)) - raft.server.log.use.memory = false (default)
2021-12-24 01:42:17,659 [pool-651-thread-1] INFO  server.RaftServerConfigKeys (ConfUtils.java:logGet(44)) - raft.server.log.purge.gap = 1000000 (custom)
2021-12-24 01:42:17,659 [pool-651-thread-1] INFO  server.RaftServerConfigKeys (ConfUtils.java:logGet(44)) - raft.server.log.appender.buffer.byte-limit = 33554432 (custom)
2021-12-24 01:42:17,659 [pool-651-thread-1] INFO  server.RaftServerConfigKeys (ConfUtils.java:logGet(44)) - raft.server.log.segment.size.max = 1048576 (custom)
2021-12-24 01:42:17,660 [pool-651-thread-1] INFO  server.RaftServerConfigKeys (ConfUtils.java:logGet(44)) - raft.server.log.segment.cache.num.max = 2 (custom)
2021-12-24 01:42:17,660 [pool-651-thread-1] INFO  server.RaftServerConfigKeys (ConfUtils.java:logGet(44)) - raft.server.log.segment.cache.size.max = 200MB (=209715200) (default)
2021-12-24 01:42:17,660 [pool-651-thread-1] INFO  segmented.SegmentedRaftLogWorker (SegmentedRaftLogWorker.java:<init>(182)) - new 8a31ae00-46ab-41b2-9095-3fe81d608acd@group-8638DF840944-SegmentedRaftLogWorker for RaftStorageImpl:Storage Directory /home/runner/work/ozone/ozone/hadoop-ozone/integration-test/target/test-dir/MiniOzoneClusterImpl-0a0f043c-1890-4504-b3a7-b335d5eef4c6/datanode-1/data/ratis/542a5c7f-5464-477c-b0a7-8638df840944
2021-12-24 01:42:17,660 [pool-651-thread-1] INFO  server.RaftServerConfigKeys (ConfUtils.java:logGet(44)) - raft.server.log.queue.byte-limit = 2147483647 (custom)
2021-12-24 01:42:17,660 [pool-651-thread-1] INFO  server.RaftServerConfigKeys (ConfUtils.java:logGet(44)) - raft.server.log.queue.element-limit = 1024 (custom)
2021-12-24 01:42:17,660 [pool-651-thread-1] INFO  server.RaftServerConfigKeys (ConfUtils.java:logGet(44)) - raft.server.log.segment.size.max = 1048576 (custom)
2021-12-24 01:42:17,660 [pool-651-thread-1] INFO  server.RaftServerConfigKeys (ConfUtils.java:logGet(44)) - raft.server.log.preallocated.size = 16384 (custom)
2021-12-24 01:42:17,660 [pool-651-thread-1] INFO  server.RaftServerConfigKeys (ConfUtils.java:logGet(44)) - raft.server.log.force.sync.num = 128 (default)
2021-12-24 01:42:17,660 [pool-651-thread-1] INFO  server.RaftServerConfigKeys (ConfUtils.java:logGet(44)) - raft.server.log.statemachine.data.sync = true (default)
2021-12-24 01:42:17,660 [pool-651-thread-1] INFO  server.RaftServerConfigKeys (ConfUtils.java:logGet(44)) - raft.server.log.statemachine.data.sync.timeout = 10s (default)
2021-12-24 01:42:17,661 [pool-651-thread-1] INFO  server.RaftServerConfigKeys (ConfUtils.java:logGet(44)) - raft.server.log.statemachine.data.sync.timeout.retry = -1 (default)
2021-12-24 01:42:17,663 [pool-651-thread-1] INFO  server.RaftServerConfigKeys (ConfUtils.java:logGet(44)) - raft.server.log.write.buffer.size = 1048576 (custom)
2021-12-24 01:42:17,663 [pool-651-thread-1] INFO  server.RaftServerConfigKeys (ConfUtils.java:logGet(44)) - raft.server.log.statemachine.data.caching.enabled = true (custom)
2021-12-24 01:42:17,670 [pool-651-thread-1] INFO  segmented.SegmentedRaftLogWorker (SegmentedRaftLogWorker.java:lambda$new$0(133)) - 8a31ae00-46ab-41b2-9095-3fe81d608acd@group-8638DF840944-SegmentedRaftLogWorker: flushIndex: setUnconditionally 0 -> -1
2021-12-24 01:42:17,670 [pool-651-thread-1] INFO  segmented.SegmentedRaftLogWorker (SegmentedRaftLogWorker.java:lambda$new$0(133)) - 8a31ae00-46ab-41b2-9095-3fe81d608acd@group-8638DF840944-SegmentedRaftLogWorker: safeCacheEvictIndex: setUnconditionally 0 -> -1
2021-12-24 01:42:17,673 [pool-651-thread-1] INFO  server.RaftServerConfigKeys (ConfUtils.java:logGet(44)) - raft.server.snapshot.auto.trigger.enabled = true (custom)
2021-12-24 01:42:17,673 [pool-651-thread-1] INFO  server.RaftServerConfigKeys (ConfUtils.java:logGet(44)) - raft.server.snapshot.auto.trigger.threshold = 10000 (custom)
2021-12-24 01:42:17,674 [pool-651-thread-1] INFO  server.RaftServerConfigKeys (ConfUtils.java:logGet(44)) - raft.server.snapshot.retention.file.num = 5 (custom)
2021-12-24 01:42:17,674 [pool-651-thread-1] INFO  server.RaftServerConfigKeys (ConfUtils.java:logGet(44)) - raft.server.log.purge.upto.snapshot.index = false (default)
2021-12-24 01:42:17,674 [pool-651-thread-1] INFO  server.RaftServerConfigKeys (ConfUtils.java:logGet(44)) - raft.server.retrycache.expirytime = 600000ms (custom)
2021-12-24 01:42:17,674 [pool-651-thread-1] INFO  server.RaftServerConfigKeys (ConfUtils.java:logGet(44)) - raft.server.retrycache.statistics.expirytime = 100μs (default)
2021-12-24 01:42:17,675 [pool-651-thread-1] INFO  server.RaftServer$Division (RaftServerImpl.java:start(301)) - 8a31ae00-46ab-41b2-9095-3fe81d608acd@group-8638DF840944: start as a follower, conf=-1: [dd75dce5-e290-4f16-9ffb-4c947a2969aa|rpc:10.1.0.29:43525|priority:0, d9357ef4-c66e-445f-ba22-66d061d877f9|rpc:10.1.0.29:39385|priority:0, 8a31ae00-46ab-41b2-9095-3fe81d608acd|rpc:10.1.0.29:35241|priority:1], old=null
2021-12-24 01:42:17,675 [pool-651-thread-1] INFO  server.RaftServer$Division (RaftServerImpl.java:setRole(290)) - 8a31ae00-46ab-41b2-9095-3fe81d608acd@group-8638DF840944: changes role from      null to FOLLOWER at term 0 for startAsFollower
2021-12-24 01:42:17,676 [pool-651-thread-1] INFO  impl.RoleInfo (RoleInfo.java:updateAndGet(130)) - 8a31ae00-46ab-41b2-9095-3fe81d608acd: start 8a31ae00-46ab-41b2-9095-3fe81d608acd@group-8638DF840944-FollowerState
2021-12-24 01:42:17,676 [pool-651-thread-1] INFO  util.JmxRegister (JmxRegister.java:tryRegister(44)) - Successfully registered JMX Bean with object name Ratis:service=RaftServer,group=group-8638DF840944,id=8a31ae00-46ab-41b2-9095-3fe81d608acd
2021-12-24 01:42:17,677 [Command processor thread] INFO  ratis.XceiverServerRatis (XceiverServerRatis.java:addGroup(768)) - Created group PipelineID=542a5c7f-5464-477c-b0a7-8638df840944
2021-12-24 01:42:17,666 [pool-672-thread-1] INFO  server.RaftServerConfigKeys (ConfUtils.java:logGet(44)) - raft.server.log.write.buffer.size = 1048576 (custom)
2021-12-24 01:42:17,682 [pool-672-thread-1] INFO  server.RaftServerConfigKeys (ConfUtils.java:logGet(44)) - raft.server.log.statemachine.data.caching.enabled = true (custom)
2021-12-24 01:42:17,683 [pool-672-thread-1] INFO  segmented.SegmentedRaftLogWorker (SegmentedRaftLogWorker.java:lambda$new$0(133)) - d9357ef4-c66e-445f-ba22-66d061d877f9@group-8638DF840944-SegmentedRaftLogWorker: flushIndex: setUnconditionally 0 -> -1
2021-12-24 01:42:17,683 [pool-672-thread-1] INFO  segmented.SegmentedRaftLogWorker (SegmentedRaftLogWorker.java:lambda$new$0(133)) - d9357ef4-c66e-445f-ba22-66d061d877f9@group-8638DF840944-SegmentedRaftLogWorker: safeCacheEvictIndex: setUnconditionally 0 -> -1
2021-12-24 01:42:17,730 [pool-672-thread-1] INFO  server.RaftServerConfigKeys (ConfUtils.java:logGet(44)) - raft.server.snapshot.auto.trigger.enabled = true (custom)
2021-12-24 01:42:17,730 [pool-672-thread-1] INFO  server.RaftServerConfigKeys (ConfUtils.java:logGet(44)) - raft.server.snapshot.auto.trigger.threshold = 10000 (custom)
2021-12-24 01:42:17,730 [pool-672-thread-1] INFO  server.RaftServerConfigKeys (ConfUtils.java:logGet(44)) - raft.server.snapshot.retention.file.num = 5 (custom)
2021-12-24 01:42:17,730 [pool-672-thread-1] INFO  server.RaftServerConfigKeys (ConfUtils.java:logGet(44)) - raft.server.log.purge.upto.snapshot.index = false (default)
2021-12-24 01:42:17,730 [pool-672-thread-1] INFO  server.RaftServerConfigKeys (ConfUtils.java:logGet(44)) - raft.server.retrycache.expirytime = 600000ms (custom)
2021-12-24 01:42:17,730 [pool-672-thread-1] INFO  server.RaftServerConfigKeys (ConfUtils.java:logGet(44)) - raft.server.retrycache.statistics.expirytime = 100μs (default)
2021-12-24 01:42:17,732 [pool-672-thread-1] INFO  server.RaftServer$Division (RaftServerImpl.java:start(301)) - d9357ef4-c66e-445f-ba22-66d061d877f9@group-8638DF840944: start as a follower, conf=-1: [dd75dce5-e290-4f16-9ffb-4c947a2969aa|rpc:10.1.0.29:43525|dataStream:|priority:0, d9357ef4-c66e-445f-ba22-66d061d877f9|rpc:10.1.0.29:39385|dataStream:|priority:0, 8a31ae00-46ab-41b2-9095-3fe81d608acd|rpc:10.1.0.29:35241|dataStream:|priority:1], old=null
2021-12-24 01:42:17,732 [pool-672-thread-1] INFO  server.RaftServer$Division (RaftServerImpl.java:setRole(290)) - d9357ef4-c66e-445f-ba22-66d061d877f9@group-8638DF840944: changes role from      null to FOLLOWER at term 0 for startAsFollower
2021-12-24 01:42:17,732 [pool-672-thread-1] INFO  impl.RoleInfo (RoleInfo.java:updateAndGet(130)) - d9357ef4-c66e-445f-ba22-66d061d877f9: start d9357ef4-c66e-445f-ba22-66d061d877f9@group-8638DF840944-FollowerState
2021-12-24 01:42:17,732 [pool-672-thread-1] INFO  util.JmxRegister (JmxRegister.java:tryRegister(44)) - Successfully registered JMX Bean with object name Ratis:service=RaftServer,group=group-8638DF840944,id=d9357ef4-c66e-445f-ba22-66d061d877f9
2021-12-24 01:42:17,961 [Command processor thread] INFO  commandhandler.CreatePipelineCommandHandler (CreatePipelineCommandHandler.java:handle(106)) - Created Pipeline RATIS THREE PipelineID=542a5c7f-5464-477c-b0a7-8638df840944.
2021-12-24 01:42:17,964 [Command processor thread] INFO  commandhandler.CreatePipelineCommandHandler (CreatePipelineCommandHandler.java:handle(106)) - Created Pipeline RATIS THREE PipelineID=542a5c7f-5464-477c-b0a7-8638df840944.
2021-12-24 01:42:18,016 [Listener at 127.0.0.1/42107] INFO  ozone.MiniOzoneClusterImpl (MiniOzoneClusterImpl.java:lambda$waitForClusterToBeReady$0(235)) - Nodes are ready. Got 3 of 3 DN Heartbeats.
2021-12-24 01:42:18,017 [Listener at 127.0.0.1/42107] INFO  ozone.MiniOzoneClusterImpl (MiniOzoneClusterImpl.java:lambda$waitForClusterToBeReady$0(238)) - Waiting for cluster to exit safe mode
2021-12-24 01:42:18,017 [Listener at 127.0.0.1/42107] INFO  ozone.MiniOzoneClusterImpl (MiniOzoneClusterImpl.java:lambda$waitForClusterToBeReady$0(240)) - SCM became leader
2021-12-24 01:42:18,039 [Command processor thread] INFO  server.RaftServer (RaftServerProxy.java:addNew(95)) - d9357ef4-c66e-445f-ba22-66d061d877f9: addNew group-EA7AE9638303:[d9357ef4-c66e-445f-ba22-66d061d877f9|rpc:10.1.0.29:39385|priority:1] returns group-EA7AE9638303:java.util.concurrent.CompletableFuture@41cabe38[Not completed]
2021-12-24 01:42:18,040 [pool-672-thread-1] INFO  server.RaftServer$Division (RaftServerImpl.java:<init>(184)) - d9357ef4-c66e-445f-ba22-66d061d877f9: new RaftServerImpl for group-EA7AE9638303:[d9357ef4-c66e-445f-ba22-66d061d877f9|rpc:10.1.0.29:39385|priority:1] with ContainerStateMachine:uninitialized
2021-12-24 01:42:18,040 [pool-672-thread-1] INFO  server.RaftServerConfigKeys (ConfUtils.java:logGet(44)) - raft.server.rpc.timeout.min = 5s (custom)
2021-12-24 01:42:18,040 [pool-672-thread-1] INFO  server.RaftServerConfigKeys (ConfUtils.java:logGet(44)) - raft.server.rpc.timeout.max = 5200ms (custom)
2021-12-24 01:42:18,040 [pool-672-thread-1] INFO  server.RaftServerConfigKeys (ConfUtils.java:logGet(44)) - raft.server.rpc.sleep.time = 25ms (default)
2021-12-24 01:42:18,040 [pool-672-thread-1] INFO  server.RaftServerConfigKeys (ConfUtils.java:logGet(44)) - raft.server.rpc.slowness.timeout = 300s (custom)
2021-12-24 01:42:18,040 [pool-672-thread-1] INFO  server.RaftServerConfigKeys (ConfUtils.java:logGet(44)) - raft.server.leaderelection.leader.step-down.wait-time = 10s (default)
2021-12-24 01:42:18,040 [pool-672-thread-1] INFO  server.RaftServerConfigKeys (ConfUtils.java:logGet(44)) - raft.server.sleep.deviation.threshold = 300ms (default)
2021-12-24 01:42:18,040 [pool-672-thread-1] INFO  server.RaftServerConfigKeys (ConfUtils.java:logGet(44)) - raft.server.log.appender.install.snapshot.enabled = false (custom)
2021-12-24 01:42:18,040 [pool-672-thread-1] INFO  server.RaftServer$Division (ServerState.java:<init>(105)) - d9357ef4-c66e-445f-ba22-66d061d877f9@group-EA7AE9638303: ConfigurationManager, init=-1: [d9357ef4-c66e-445f-ba22-66d061d877f9|rpc:10.1.0.29:39385|priority:1], old=null, confs=<EMPTY_MAP>
2021-12-24 01:42:18,041 [pool-672-thread-1] INFO  server.RaftServerConfigKeys (ConfUtils.java:logGet(44)) - raft.server.storage.dir = [/home/runner/work/ozone/ozone/hadoop-ozone/integration-test/target/test-dir/MiniOzoneClusterImpl-0a0f043c-1890-4504-b3a7-b335d5eef4c6/datanode-2/data/ratis] (custom)
2021-12-24 01:42:18,041 [pool-672-thread-1] INFO  server.RaftServerConfigKeys (ConfUtils.java:logGet(44)) - raft.server.log.corruption.policy = EXCEPTION (default)
2021-12-24 01:42:18,041 [pool-672-thread-1] INFO  server.RaftServerConfigKeys (ConfUtils.java:logGet(44)) - raft.server.storage.free-space.min = 0MB (=0) (default)
2021-12-24 01:42:18,041 [pool-672-thread-1] INFO  storage.RaftStorageDirectory (RaftStorageDirectoryImpl.java:analyzeStorage(135)) - The storage directory /home/runner/work/ozone/ozone/hadoop-ozone/integration-test/target/test-dir/MiniOzoneClusterImpl-0a0f043c-1890-4504-b3a7-b335d5eef4c6/datanode-2/data/ratis/e73cf5d1-ec7c-44f3-8517-ea7ae9638303 does not exist. Creating ...
2021-12-24 01:42:18,049 [pool-672-thread-1] INFO  storage.RaftStorageDirectory (RaftStorageDirectoryImpl.java:tryLock(230)) - Lock on /home/runner/work/ozone/ozone/hadoop-ozone/integration-test/target/test-dir/MiniOzoneClusterImpl-0a0f043c-1890-4504-b3a7-b335d5eef4c6/datanode-2/data/ratis/e73cf5d1-ec7c-44f3-8517-ea7ae9638303/in_use.lock acquired by nodename 17223@fv-az116-279
2021-12-24 01:42:18,068 [pool-672-thread-1] INFO  storage.RaftStorage (RaftStorageImpl.java:format(89)) - Storage directory /home/runner/work/ozone/ozone/hadoop-ozone/integration-test/target/test-dir/MiniOzoneClusterImpl-0a0f043c-1890-4504-b3a7-b335d5eef4c6/datanode-2/data/ratis/e73cf5d1-ec7c-44f3-8517-ea7ae9638303 has been successfully formatted.
2021-12-24 01:42:18,069 [pool-672-thread-1] INFO  ratis.ContainerStateMachine (ContainerStateMachine.java:loadSnapshot(231)) - group-EA7AE9638303: The snapshot info is null. Setting the last applied indexto:(t:0, i:~)
2021-12-24 01:42:18,069 [pool-672-thread-1] INFO  server.RaftServerConfigKeys (ConfUtils.java:logGet(44)) - raft.server.notification.no-leader.timeout = 300s (custom)
2021-12-24 01:42:18,069 [pool-672-thread-1] INFO  server.RaftServerConfigKeys (ConfUtils.java:logGet(44)) - raft.server.log.use.memory = false (default)
2021-12-24 01:42:18,069 [pool-672-thread-1] INFO  server.RaftServerConfigKeys (ConfUtils.java:logGet(44)) - raft.server.log.purge.gap = 1000000 (custom)
2021-12-24 01:42:18,069 [pool-672-thread-1] INFO  server.RaftServerConfigKeys (ConfUtils.java:logGet(44)) - raft.server.log.appender.buffer.byte-limit = 33554432 (custom)
2021-12-24 01:42:18,070 [pool-672-thread-1] INFO  server.RaftServerConfigKeys (ConfUtils.java:logGet(44)) - raft.server.log.segment.size.max = 1048576 (custom)
2021-12-24 01:42:18,073 [pool-672-thread-1] INFO  server.RaftServerConfigKeys (ConfUtils.java:logGet(44)) - raft.server.log.segment.cache.num.max = 2 (custom)
2021-12-24 01:42:18,073 [pool-672-thread-1] INFO  server.RaftServerConfigKeys (ConfUtils.java:logGet(44)) - raft.server.log.segment.cache.size.max = 200MB (=209715200) (default)
2021-12-24 01:42:18,073 [pool-672-thread-1] INFO  segmented.SegmentedRaftLogWorker (SegmentedRaftLogWorker.java:<init>(182)) - new d9357ef4-c66e-445f-ba22-66d061d877f9@group-EA7AE9638303-SegmentedRaftLogWorker for RaftStorageImpl:Storage Directory /home/runner/work/ozone/ozone/hadoop-ozone/integration-test/target/test-dir/MiniOzoneClusterImpl-0a0f043c-1890-4504-b3a7-b335d5eef4c6/datanode-2/data/ratis/e73cf5d1-ec7c-44f3-8517-ea7ae9638303
2021-12-24 01:42:18,073 [pool-672-thread-1] INFO  server.RaftServerConfigKeys (ConfUtils.java:logGet(44)) - raft.server.log.queue.byte-limit = 2147483647 (custom)
2021-12-24 01:42:18,073 [pool-672-thread-1] INFO  server.RaftServerConfigKeys (ConfUtils.java:logGet(44)) - raft.server.log.queue.element-limit = 1024 (custom)
2021-12-24 01:42:18,074 [pool-672-thread-1] INFO  server.RaftServerConfigKeys (ConfUtils.java:logGet(44)) - raft.server.log.segment.size.max = 1048576 (custom)
2021-12-24 01:42:18,074 [pool-672-thread-1] INFO  server.RaftServerConfigKeys (ConfUtils.java:logGet(44)) - raft.server.log.preallocated.size = 16384 (custom)
2021-12-24 01:42:18,074 [pool-672-thread-1] INFO  server.RaftServerConfigKeys (ConfUtils.java:logGet(44)) - raft.server.log.force.sync.num = 128 (default)
2021-12-24 01:42:18,074 [pool-672-thread-1] INFO  server.RaftServerConfigKeys (ConfUtils.java:logGet(44)) - raft.server.log.statemachine.data.sync = true (default)
2021-12-24 01:42:18,074 [pool-672-thread-1] INFO  server.RaftServerConfigKeys (ConfUtils.java:logGet(44)) - raft.server.log.statemachine.data.sync.timeout = 10s (default)
2021-12-24 01:42:18,074 [pool-672-thread-1] INFO  server.RaftServerConfigKeys (ConfUtils.java:logGet(44)) - raft.server.log.statemachine.data.sync.timeout.retry = -1 (default)
2021-12-24 01:42:18,071 [EventQueue-PipelineReportForPipelineReportHandler] INFO  pipeline.PipelineManagerImpl (PipelineManagerImpl.java:openPipeline(291)) - Pipeline Pipeline[ Id: e73cf5d1-ec7c-44f3-8517-ea7ae9638303, Nodes: d9357ef4-c66e-445f-ba22-66d061d877f9{ip: 10.1.0.29, host: fv-az116-279.vzw04321ajxubdbcnpick5nqva.xx.internal.cloudapp.net, ports: [REPLICATION=41007, RATIS=39385, RATIS_ADMIN=39385, RATIS_SERVER=39385, STANDALONE=34587], networkLocation: /default-rack, certSerialId: null, persistedOpState: IN_SERVICE, persistedOpStateExpiryEpochSec: 0}, ReplicationConfig: RATIS/ONE, State:ALLOCATED, leaderId:d9357ef4-c66e-445f-ba22-66d061d877f9, CreationTimestamp2021-12-24T01:42:15.056Z[Etc/UTC]] moved to OPEN state
2021-12-24 01:42:18,076 [EventQueue-OpenPipelineForHealthyPipelineSafeModeRule] INFO  safemode.SCMSafeModeManager (HealthyPipelineSafeModeRule.java:process(124)) - SCM in safe mode. Healthy pipelines reported count is 0, required healthy pipeline reported count is 1
2021-12-24 01:42:18,077 [pool-672-thread-1] INFO  server.RaftServerConfigKeys (ConfUtils.java:logGet(44)) - raft.server.log.write.buffer.size = 1048576 (custom)
2021-12-24 01:42:18,083 [pool-672-thread-1] INFO  server.RaftServerConfigKeys (ConfUtils.java:logGet(44)) - raft.server.log.statemachine.data.caching.enabled = true (custom)
2021-12-24 01:42:18,084 [pool-672-thread-1] INFO  segmented.SegmentedRaftLogWorker (SegmentedRaftLogWorker.java:lambda$new$0(133)) - d9357ef4-c66e-445f-ba22-66d061d877f9@group-EA7AE9638303-SegmentedRaftLogWorker: flushIndex: setUnconditionally 0 -> -1
2021-12-24 01:42:18,084 [pool-672-thread-1] INFO  segmented.SegmentedRaftLogWorker (SegmentedRaftLogWorker.java:lambda$new$0(133)) - d9357ef4-c66e-445f-ba22-66d061d877f9@group-EA7AE9638303-SegmentedRaftLogWorker: safeCacheEvictIndex: setUnconditionally 0 -> -1
2021-12-24 01:42:18,085 [pool-672-thread-1] INFO  server.RaftServerConfigKeys (ConfUtils.java:logGet(44)) - raft.server.snapshot.auto.trigger.enabled = true (custom)
2021-12-24 01:42:18,086 [pool-672-thread-1] INFO  server.RaftServerConfigKeys (ConfUtils.java:logGet(44)) - raft.server.snapshot.auto.trigger.threshold = 10000 (custom)
2021-12-24 01:42:18,086 [pool-672-thread-1] INFO  server.RaftServerConfigKeys (ConfUtils.java:logGet(44)) - raft.server.snapshot.retention.file.num = 5 (custom)
2021-12-24 01:42:18,086 [pool-672-thread-1] INFO  server.RaftServerConfigKeys (ConfUtils.java:logGet(44)) - raft.server.log.purge.upto.snapshot.index = false (default)
2021-12-24 01:42:18,086 [pool-672-thread-1] INFO  server.RaftServerConfigKeys (ConfUtils.java:logGet(44)) - raft.server.retrycache.expirytime = 600000ms (custom)
2021-12-24 01:42:18,086 [pool-672-thread-1] INFO  server.RaftServerConfigKeys (ConfUtils.java:logGet(44)) - raft.server.retrycache.statistics.expirytime = 100μs (default)
2021-12-24 01:42:18,088 [pool-672-thread-1] INFO  server.RaftServer$Division (RaftServerImpl.java:start(301)) - d9357ef4-c66e-445f-ba22-66d061d877f9@group-EA7AE9638303: start as a follower, conf=-1: [d9357ef4-c66e-445f-ba22-66d061d877f9|rpc:10.1.0.29:39385|priority:1], old=null
2021-12-24 01:42:18,088 [pool-672-thread-1] INFO  server.RaftServer$Division (RaftServerImpl.java:setRole(290)) - d9357ef4-c66e-445f-ba22-66d061d877f9@group-EA7AE9638303: changes role from      null to FOLLOWER at term 0 for startAsFollower
2021-12-24 01:42:18,088 [pool-672-thread-1] INFO  impl.RoleInfo (RoleInfo.java:updateAndGet(130)) - d9357ef4-c66e-445f-ba22-66d061d877f9: start d9357ef4-c66e-445f-ba22-66d061d877f9@group-EA7AE9638303-FollowerState
2021-12-24 01:42:18,106 [pool-672-thread-1] INFO  util.JmxRegister (JmxRegister.java:tryRegister(44)) - Successfully registered JMX Bean with object name Ratis:service=RaftServer,group=group-EA7AE9638303,id=d9357ef4-c66e-445f-ba22-66d061d877f9
2021-12-24 01:42:18,107 [Command processor thread] INFO  ratis.XceiverServerRatis (XceiverServerRatis.java:addGroup(768)) - Created group PipelineID=e73cf5d1-ec7c-44f3-8517-ea7ae9638303
2021-12-24 01:42:18,107 [Command processor thread] INFO  commandhandler.CreatePipelineCommandHandler (CreatePipelineCommandHandler.java:handle(106)) - Created Pipeline RATIS ONE PipelineID=e73cf5d1-ec7c-44f3-8517-ea7ae9638303.
2021-12-24 01:42:19,017 [Listener at 127.0.0.1/42107] INFO  ozone.MiniOzoneClusterImpl (MiniOzoneClusterImpl.java:lambda$waitForClusterToBeReady$0(235)) - Nodes are ready. Got 3 of 3 DN Heartbeats.
2021-12-24 01:42:19,017 [Listener at 127.0.0.1/42107] INFO  ozone.MiniOzoneClusterImpl (MiniOzoneClusterImpl.java:lambda$waitForClusterToBeReady$0(238)) - Waiting for cluster to exit safe mode
2021-12-24 01:42:19,017 [Listener at 127.0.0.1/42107] INFO  ozone.MiniOzoneClusterImpl (MiniOzoneClusterImpl.java:lambda$waitForClusterToBeReady$0(240)) - SCM became leader
2021-12-24 01:42:20,021 [Listener at 127.0.0.1/42107] INFO  ozone.MiniOzoneClusterImpl (MiniOzoneClusterImpl.java:lambda$waitForClusterToBeReady$0(235)) - Nodes are ready. Got 3 of 3 DN Heartbeats.
2021-12-24 01:42:20,021 [Listener at 127.0.0.1/42107] INFO  ozone.MiniOzoneClusterImpl (MiniOzoneClusterImpl.java:lambda$waitForClusterToBeReady$0(238)) - Waiting for cluster to exit safe mode
2021-12-24 01:42:20,021 [Listener at 127.0.0.1/42107] INFO  ozone.MiniOzoneClusterImpl (MiniOzoneClusterImpl.java:lambda$waitForClusterToBeReady$0(240)) - SCM became leader
2021-12-24 01:42:21,021 [Listener at 127.0.0.1/42107] INFO  ozone.MiniOzoneClusterImpl (MiniOzoneClusterImpl.java:lambda$waitForClusterToBeReady$0(235)) - Nodes are ready. Got 3 of 3 DN Heartbeats.
2021-12-24 01:42:21,022 [Listener at 127.0.0.1/42107] INFO  ozone.MiniOzoneClusterImpl (MiniOzoneClusterImpl.java:lambda$waitForClusterToBeReady$0(238)) - Waiting for cluster to exit safe mode
2021-12-24 01:42:21,022 [Listener at 127.0.0.1/42107] INFO  ozone.MiniOzoneClusterImpl (MiniOzoneClusterImpl.java:lambda$waitForClusterToBeReady$0(240)) - SCM became leader
2021-12-24 01:42:22,022 [Listener at 127.0.0.1/42107] INFO  ozone.MiniOzoneClusterImpl (MiniOzoneClusterImpl.java:lambda$waitForClusterToBeReady$0(235)) - Nodes are ready. Got 3 of 3 DN Heartbeats.
2021-12-24 01:42:22,022 [Listener at 127.0.0.1/42107] INFO  ozone.MiniOzoneClusterImpl (MiniOzoneClusterImpl.java:lambda$waitForClusterToBeReady$0(238)) - Waiting for cluster to exit safe mode
2021-12-24 01:42:22,023 [Listener at 127.0.0.1/42107] INFO  ozone.MiniOzoneClusterImpl (MiniOzoneClusterImpl.java:lambda$waitForClusterToBeReady$0(240)) - SCM became leader
2021-12-24 01:42:22,148 [dd75dce5-e290-4f16-9ffb-4c947a2969aa@group-E9172A31C4C6-FollowerState] INFO  impl.FollowerState (FollowerState.java:run(134)) - dd75dce5-e290-4f16-9ffb-4c947a2969aa@group-E9172A31C4C6-FollowerState: change to CANDIDATE, lastRpcElapsedTime:5097552388ns, electionTimeout:5034ms
2021-12-24 01:42:22,149 [dd75dce5-e290-4f16-9ffb-4c947a2969aa@group-E9172A31C4C6-FollowerState] INFO  impl.RoleInfo (RoleInfo.java:shutdownFollowerState(108)) - dd75dce5-e290-4f16-9ffb-4c947a2969aa: shutdown dd75dce5-e290-4f16-9ffb-4c947a2969aa@group-E9172A31C4C6-FollowerState
2021-12-24 01:42:22,149 [dd75dce5-e290-4f16-9ffb-4c947a2969aa@group-E9172A31C4C6-FollowerState] INFO  server.RaftServer$Division (RaftServerImpl.java:setRole(290)) - dd75dce5-e290-4f16-9ffb-4c947a2969aa@group-E9172A31C4C6: changes role from  FOLLOWER to CANDIDATE at term 0 for changeToCandidate
2021-12-24 01:42:22,149 [dd75dce5-e290-4f16-9ffb-4c947a2969aa@group-E9172A31C4C6-FollowerState] INFO  server.RaftServerConfigKeys (ConfUtils.java:logGet(44)) - raft.server.leaderelection.pre-vote = false (custom)
2021-12-24 01:42:22,149 [dd75dce5-e290-4f16-9ffb-4c947a2969aa@group-E9172A31C4C6-FollowerState] INFO  impl.RoleInfo (RoleInfo.java:updateAndGet(130)) - dd75dce5-e290-4f16-9ffb-4c947a2969aa: start dd75dce5-e290-4f16-9ffb-4c947a2969aa@group-E9172A31C4C6-LeaderElection62
2021-12-24 01:42:22,194 [dd75dce5-e290-4f16-9ffb-4c947a2969aa@group-E9172A31C4C6-LeaderElection62] INFO  impl.LeaderElection (LeaderElection.java:askForVotes(306)) - dd75dce5-e290-4f16-9ffb-4c947a2969aa@group-E9172A31C4C6-LeaderElection62 ELECTION round 0: submit vote requests at term 1 for -1: [dd75dce5-e290-4f16-9ffb-4c947a2969aa|rpc:10.1.0.29:43525|priority:1], old=null
2021-12-24 01:42:22,194 [dd75dce5-e290-4f16-9ffb-4c947a2969aa@group-E9172A31C4C6-LeaderElection62] INFO  impl.LeaderElection (LeaderElection.java:askForVotes(308)) - dd75dce5-e290-4f16-9ffb-4c947a2969aa@group-E9172A31C4C6-LeaderElection62 ELECTION round 0: result PASSED (term=1)
2021-12-24 01:42:22,194 [dd75dce5-e290-4f16-9ffb-4c947a2969aa@group-E9172A31C4C6-LeaderElection62] INFO  impl.RoleInfo (RoleInfo.java:shutdownLeaderElection(121)) - dd75dce5-e290-4f16-9ffb-4c947a2969aa: shutdown dd75dce5-e290-4f16-9ffb-4c947a2969aa@group-E9172A31C4C6-LeaderElection62
2021-12-24 01:42:22,194 [dd75dce5-e290-4f16-9ffb-4c947a2969aa@group-E9172A31C4C6-LeaderElection62] INFO  server.RaftServer$Division (RaftServerImpl.java:setRole(290)) - dd75dce5-e290-4f16-9ffb-4c947a2969aa@group-E9172A31C4C6: changes role from CANDIDATE to LEADER at term 1 for changeToLeader
2021-12-24 01:42:22,194 [dd75dce5-e290-4f16-9ffb-4c947a2969aa@group-E9172A31C4C6-LeaderElection62] INFO  ratis.XceiverServerRatis (XceiverServerRatis.java:handleLeaderChangedNotification(866)) - Leader change notification received for group: group-E9172A31C4C6 with new leaderId: dd75dce5-e290-4f16-9ffb-4c947a2969aa
2021-12-24 01:42:22,194 [dd75dce5-e290-4f16-9ffb-4c947a2969aa@group-E9172A31C4C6-LeaderElection62] INFO  server.RaftServer$Division (ServerState.java:setLeader(285)) - dd75dce5-e290-4f16-9ffb-4c947a2969aa@group-E9172A31C4C6: change Leader from null to dd75dce5-e290-4f16-9ffb-4c947a2969aa at term 1 for becomeLeader, leader elected after 5168ms
2021-12-24 01:42:22,194 [dd75dce5-e290-4f16-9ffb-4c947a2969aa@group-E9172A31C4C6-LeaderElection62] INFO  server.RaftServerConfigKeys (ConfUtils.java:logGet(44)) - raft.server.staging.catchup.gap = 1000 (default)
2021-12-24 01:42:22,194 [dd75dce5-e290-4f16-9ffb-4c947a2969aa@group-E9172A31C4C6-LeaderElection62] INFO  server.RaftServerConfigKeys (ConfUtils.java:logGet(44)) - raft.server.write.element-limit = 1024 (custom)
2021-12-24 01:42:22,195 [dd75dce5-e290-4f16-9ffb-4c947a2969aa@group-E9172A31C4C6-LeaderElection62] INFO  server.RaftServerConfigKeys (ConfUtils.java:logGet(44)) - raft.server.write.byte-limit = 1024 M (=1073741824) (custom)
2021-12-24 01:42:22,195 [dd75dce5-e290-4f16-9ffb-4c947a2969aa@group-E9172A31C4C6-LeaderElection62] INFO  server.RaftServerConfigKeys (ConfUtils.java:logGet(44)) - raft.server.watch.timeout = 180s (custom)
2021-12-24 01:42:22,195 [dd75dce5-e290-4f16-9ffb-4c947a2969aa@group-E9172A31C4C6-LeaderElection62] INFO  server.RaftServerConfigKeys (ConfUtils.java:logGet(44)) - raft.server.watch.timeout.denomination = 1s (default)
2021-12-24 01:42:22,195 [dd75dce5-e290-4f16-9ffb-4c947a2969aa@group-E9172A31C4C6-LeaderElection62] INFO  server.RaftServerConfigKeys (ConfUtils.java:logGet(44)) - raft.server.watch.element-limit = 65536 (default)
2021-12-24 01:42:22,195 [dd75dce5-e290-4f16-9ffb-4c947a2969aa@group-E9172A31C4C6-LeaderElection62] INFO  server.RaftServerConfigKeys (ConfUtils.java:logGet(44)) - raft.server.write.element-limit = 1024 (custom)
2021-12-24 01:42:22,195 [dd75dce5-e290-4f16-9ffb-4c947a2969aa@group-E9172A31C4C6-LeaderElection62] INFO  server.RaftServerConfigKeys (ConfUtils.java:logGet(44)) - raft.server.write.follower.gap.ratio.max = -1.0 (default)
2021-12-24 01:42:22,195 [dd75dce5-e290-4f16-9ffb-4c947a2969aa@group-E9172A31C4C6-LeaderElection62] INFO  impl.RoleInfo (RoleInfo.java:updateAndGet(130)) - dd75dce5-e290-4f16-9ffb-4c947a2969aa: start dd75dce5-e290-4f16-9ffb-4c947a2969aa@group-E9172A31C4C6-LeaderStateImpl
2021-12-24 01:42:22,196 [dd75dce5-e290-4f16-9ffb-4c947a2969aa@group-E9172A31C4C6-LeaderElection62] INFO  segmented.SegmentedRaftLogWorker (SegmentedRaftLogWorker.java:startLogSegment(394)) - dd75dce5-e290-4f16-9ffb-4c947a2969aa@group-E9172A31C4C6-SegmentedRaftLogWorker: Starting segment from index:0
2021-12-24 01:42:22,199 [EventQueue-OpenPipelineForHealthyPipelineSafeModeRule] INFO  safemode.SCMSafeModeManager (HealthyPipelineSafeModeRule.java:process(124)) - SCM in safe mode. Healthy pipelines reported count is 0, required healthy pipeline reported count is 1
2021-12-24 01:42:22,203 [dd75dce5-e290-4f16-9ffb-4c947a2969aa@group-E9172A31C4C6-SegmentedRaftLogWorker] INFO  segmented.SegmentedRaftLogWorker (SegmentedRaftLogWorker.java:execute(601)) - dd75dce5-e290-4f16-9ffb-4c947a2969aa@group-E9172A31C4C6-SegmentedRaftLogWorker: created new log segment /home/runner/work/ozone/ozone/hadoop-ozone/integration-test/target/test-dir/MiniOzoneClusterImpl-0a0f043c-1890-4504-b3a7-b335d5eef4c6/datanode-0/data/ratis/aa6e9623-4f5a-4a74-baab-e9172a31c4c6/current/log_inprogress_0
2021-12-24 01:42:22,237 [dd75dce5-e290-4f16-9ffb-4c947a2969aa@group-E9172A31C4C6-LeaderElection62] INFO  server.RaftServer$Division (ServerState.java:setRaftConf(387)) - dd75dce5-e290-4f16-9ffb-4c947a2969aa@group-E9172A31C4C6: set configuration 0: [dd75dce5-e290-4f16-9ffb-4c947a2969aa|rpc:10.1.0.29:43525|dataStream:|priority:1], old=null
2021-12-24 01:42:22,292 [dd75dce5-e290-4f16-9ffb-4c947a2969aa@group-25A049D079A1-FollowerState] INFO  impl.FollowerState (FollowerState.java:run(134)) - dd75dce5-e290-4f16-9ffb-4c947a2969aa@group-25A049D079A1-FollowerState: change to CANDIDATE, lastRpcElapsedTime:5116254214ns, electionTimeout:5115ms
2021-12-24 01:42:22,293 [dd75dce5-e290-4f16-9ffb-4c947a2969aa@group-25A049D079A1-FollowerState] INFO  impl.RoleInfo (RoleInfo.java:shutdownFollowerState(108)) - dd75dce5-e290-4f16-9ffb-4c947a2969aa: shutdown dd75dce5-e290-4f16-9ffb-4c947a2969aa@group-25A049D079A1-FollowerState
2021-12-24 01:42:22,293 [dd75dce5-e290-4f16-9ffb-4c947a2969aa@group-25A049D079A1-FollowerState] INFO  server.RaftServer$Division (RaftServerImpl.java:setRole(290)) - dd75dce5-e290-4f16-9ffb-4c947a2969aa@group-25A049D079A1: changes role from  FOLLOWER to CANDIDATE at term 0 for changeToCandidate
2021-12-24 01:42:22,293 [dd75dce5-e290-4f16-9ffb-4c947a2969aa@group-25A049D079A1-FollowerState] INFO  server.RaftServerConfigKeys (ConfUtils.java:logGet(44)) - raft.server.leaderelection.pre-vote = false (custom)
2021-12-24 01:42:22,293 [dd75dce5-e290-4f16-9ffb-4c947a2969aa@group-25A049D079A1-FollowerState] INFO  impl.RoleInfo (RoleInfo.java:updateAndGet(130)) - dd75dce5-e290-4f16-9ffb-4c947a2969aa: start dd75dce5-e290-4f16-9ffb-4c947a2969aa@group-25A049D079A1-LeaderElection63
2021-12-24 01:42:22,326 [dd75dce5-e290-4f16-9ffb-4c947a2969aa@group-25A049D079A1-LeaderElection63] INFO  impl.LeaderElection (LeaderElection.java:askForVotes(306)) - dd75dce5-e290-4f16-9ffb-4c947a2969aa@group-25A049D079A1-LeaderElection63 ELECTION round 0: submit vote requests at term 1 for -1: [dd75dce5-e290-4f16-9ffb-4c947a2969aa|rpc:10.1.0.29:43525|priority:0, 8a31ae00-46ab-41b2-9095-3fe81d608acd|rpc:10.1.0.29:35241|priority:0, d9357ef4-c66e-445f-ba22-66d061d877f9|rpc:10.1.0.29:39385|priority:1], old=null
2021-12-24 01:42:22,350 [grpc-default-executor-1] INFO  server.RaftServer$Division (RaftServerImpl.java:requestVote(1046)) - 8a31ae00-46ab-41b2-9095-3fe81d608acd@group-25A049D079A1: receive requestVote(ELECTION, dd75dce5-e290-4f16-9ffb-4c947a2969aa, group-25A049D079A1, 1, (t:0, i:0))
2021-12-24 01:42:22,350 [grpc-default-executor-1] INFO  impl.VoteContext (VoteContext.java:log(48)) - 8a31ae00-46ab-41b2-9095-3fe81d608acd@group-25A049D079A1-FOLLOWER: accept ELECTION from dd75dce5-e290-4f16-9ffb-4c947a2969aa: our priority 0 <= candidate's priority 0
2021-12-24 01:42:22,350 [grpc-default-executor-1] INFO  server.RaftServer$Division (RaftServerImpl.java:setRole(290)) - 8a31ae00-46ab-41b2-9095-3fe81d608acd@group-25A049D079A1: changes role from  FOLLOWER to FOLLOWER at term 1 for candidate:dd75dce5-e290-4f16-9ffb-4c947a2969aa
2021-12-24 01:42:22,350 [grpc-default-executor-1] INFO  impl.RoleInfo (RoleInfo.java:shutdownFollowerState(108)) - 8a31ae00-46ab-41b2-9095-3fe81d608acd: shutdown 8a31ae00-46ab-41b2-9095-3fe81d608acd@group-25A049D079A1-FollowerState
2021-12-24 01:42:22,350 [grpc-default-executor-1] INFO  impl.RoleInfo (RoleInfo.java:updateAndGet(130)) - 8a31ae00-46ab-41b2-9095-3fe81d608acd: start 8a31ae00-46ab-41b2-9095-3fe81d608acd@group-25A049D079A1-FollowerState
2021-12-24 01:42:22,350 [8a31ae00-46ab-41b2-9095-3fe81d608acd@group-25A049D079A1-FollowerState] INFO  impl.FollowerState (FollowerState.java:run(143)) - 8a31ae00-46ab-41b2-9095-3fe81d608acd@group-25A049D079A1-FollowerState was interrupted: {}
java.lang.InterruptedException: sleep interrupted
	at java.lang.Thread.sleep(Native Method)
	at java.lang.Thread.sleep(Thread.java:340)
	at java.util.concurrent.TimeUnit.sleep(TimeUnit.java:386)
	at org.apache.ratis.util.TimeDuration.sleep(TimeDuration.java:324)
	at org.apache.ratis.util.TimeDuration.sleep(TimeDuration.java:309)
	at org.apache.ratis.server.impl.FollowerState.run(FollowerState.java:118)
2021-12-24 01:42:22,362 [grpc-default-executor-1] INFO  server.RaftServer$Division (RaftServerImpl.java:requestVote(1078)) - 8a31ae00-46ab-41b2-9095-3fe81d608acd@group-25A049D079A1 replies to ELECTION vote request: dd75dce5-e290-4f16-9ffb-4c947a2969aa<-8a31ae00-46ab-41b2-9095-3fe81d608acd#0:OK-t1. Peer's state: 8a31ae00-46ab-41b2-9095-3fe81d608acd@group-25A049D079A1:t1, leader=null, voted=dd75dce5-e290-4f16-9ffb-4c947a2969aa, raftlog=8a31ae00-46ab-41b2-9095-3fe81d608acd@group-25A049D079A1-SegmentedRaftLog:OPENED:c-1, conf=-1: [dd75dce5-e290-4f16-9ffb-4c947a2969aa|rpc:10.1.0.29:43525|dataStream:|priority:0, 8a31ae00-46ab-41b2-9095-3fe81d608acd|rpc:10.1.0.29:35241|dataStream:|priority:0, d9357ef4-c66e-445f-ba22-66d061d877f9|rpc:10.1.0.29:39385|dataStream:|priority:1], old=null
2021-12-24 01:42:22,365 [grpc-default-executor-1] INFO  server.RaftServer$Division (RaftServerImpl.java:requestVote(1046)) - d9357ef4-c66e-445f-ba22-66d061d877f9@group-25A049D079A1: receive requestVote(ELECTION, dd75dce5-e290-4f16-9ffb-4c947a2969aa, group-25A049D079A1, 1, (t:0, i:0))
2021-12-24 01:42:22,365 [grpc-default-executor-1] INFO  impl.VoteContext (VoteContext.java:log(48)) - d9357ef4-c66e-445f-ba22-66d061d877f9@group-25A049D079A1-FOLLOWER: reject ELECTION from dd75dce5-e290-4f16-9ffb-4c947a2969aa: our priority 1 > candidate's priority 0
2021-12-24 01:42:22,365 [grpc-default-executor-1] INFO  server.RaftServer$Division (RaftServerImpl.java:setRole(290)) - d9357ef4-c66e-445f-ba22-66d061d877f9@group-25A049D079A1: changes role from  FOLLOWER to FOLLOWER at term 1 for candidate:dd75dce5-e290-4f16-9ffb-4c947a2969aa
2021-12-24 01:42:22,365 [grpc-default-executor-1] INFO  impl.RoleInfo (RoleInfo.java:shutdownFollowerState(108)) - d9357ef4-c66e-445f-ba22-66d061d877f9: shutdown d9357ef4-c66e-445f-ba22-66d061d877f9@group-25A049D079A1-FollowerState
2021-12-24 01:42:22,366 [grpc-default-executor-1] INFO  impl.RoleInfo (RoleInfo.java:updateAndGet(130)) - d9357ef4-c66e-445f-ba22-66d061d877f9: start d9357ef4-c66e-445f-ba22-66d061d877f9@group-25A049D079A1-FollowerState
2021-12-24 01:42:22,366 [d9357ef4-c66e-445f-ba22-66d061d877f9@group-25A049D079A1-FollowerState] INFO  impl.FollowerState (FollowerState.java:run(143)) - d9357ef4-c66e-445f-ba22-66d061d877f9@group-25A049D079A1-FollowerState was interrupted: {}
java.lang.InterruptedException: sleep interrupted
	at java.lang.Thread.sleep(Native Method)
	at java.lang.Thread.sleep(Thread.java:340)
	at java.util.concurrent.TimeUnit.sleep(TimeUnit.java:386)
	at org.apache.ratis.util.TimeDuration.sleep(TimeDuration.java:324)
	at org.apache.ratis.util.TimeDuration.sleep(TimeDuration.java:309)
	at org.apache.ratis.server.impl.FollowerState.run(FollowerState.java:118)
2021-12-24 01:42:22,386 [grpc-default-executor-1] INFO  server.RaftServer$Division (RaftServerImpl.java:requestVote(1078)) - d9357ef4-c66e-445f-ba22-66d061d877f9@group-25A049D079A1 replies to ELECTION vote request: dd75dce5-e290-4f16-9ffb-4c947a2969aa<-d9357ef4-c66e-445f-ba22-66d061d877f9#0:FAIL-t1. Peer's state: d9357ef4-c66e-445f-ba22-66d061d877f9@group-25A049D079A1:t1, leader=null, voted=null, raftlog=d9357ef4-c66e-445f-ba22-66d061d877f9@group-25A049D079A1-SegmentedRaftLog:OPENED:c-1, conf=-1: [dd75dce5-e290-4f16-9ffb-4c947a2969aa|rpc:10.1.0.29:43525|dataStream:|priority:0, 8a31ae00-46ab-41b2-9095-3fe81d608acd|rpc:10.1.0.29:35241|dataStream:|priority:0, d9357ef4-c66e-445f-ba22-66d061d877f9|rpc:10.1.0.29:39385|dataStream:|priority:1], old=null
2021-12-24 01:42:22,388 [dd75dce5-e290-4f16-9ffb-4c947a2969aa@group-25A049D079A1-LeaderElection63] INFO  impl.LeaderElection (LeaderElection.java:logAndReturn(89)) - dd75dce5-e290-4f16-9ffb-4c947a2969aa@group-25A049D079A1-LeaderElection63: ELECTION REJECTED received 2 response(s) and 0 exception(s):
2021-12-24 01:42:22,388 [dd75dce5-e290-4f16-9ffb-4c947a2969aa@group-25A049D079A1-LeaderElection63] INFO  impl.LeaderElection (LeaderElection.java:logAndReturn(93)) -   Response 0: dd75dce5-e290-4f16-9ffb-4c947a2969aa<-8a31ae00-46ab-41b2-9095-3fe81d608acd#0:OK-t1
2021-12-24 01:42:22,388 [dd75dce5-e290-4f16-9ffb-4c947a2969aa@group-25A049D079A1-LeaderElection63] INFO  impl.LeaderElection (LeaderElection.java:logAndReturn(93)) -   Response 1: dd75dce5-e290-4f16-9ffb-4c947a2969aa<-d9357ef4-c66e-445f-ba22-66d061d877f9#0:FAIL-t1
2021-12-24 01:42:22,388 [dd75dce5-e290-4f16-9ffb-4c947a2969aa@group-25A049D079A1-LeaderElection63] INFO  impl.LeaderElection (LeaderElection.java:askForVotes(308)) - dd75dce5-e290-4f16-9ffb-4c947a2969aa@group-25A049D079A1-LeaderElection63 ELECTION round 0: result REJECTED
2021-12-24 01:42:22,388 [dd75dce5-e290-4f16-9ffb-4c947a2969aa@group-25A049D079A1-LeaderElection63] INFO  server.RaftServer$Division (RaftServerImpl.java:setRole(290)) - dd75dce5-e290-4f16-9ffb-4c947a2969aa@group-25A049D079A1: changes role from CANDIDATE to FOLLOWER at term 1 for REJECTED
2021-12-24 01:42:22,388 [dd75dce5-e290-4f16-9ffb-4c947a2969aa@group-25A049D079A1-LeaderElection63] INFO  impl.RoleInfo (RoleInfo.java:shutdownLeaderElection(121)) - dd75dce5-e290-4f16-9ffb-4c947a2969aa: shutdown dd75dce5-e290-4f16-9ffb-4c947a2969aa@group-25A049D079A1-LeaderElection63
2021-12-24 01:42:22,388 [dd75dce5-e290-4f16-9ffb-4c947a2969aa@group-25A049D079A1-LeaderElection63] INFO  impl.RoleInfo (RoleInfo.java:updateAndGet(130)) - dd75dce5-e290-4f16-9ffb-4c947a2969aa: start dd75dce5-e290-4f16-9ffb-4c947a2969aa@group-25A049D079A1-FollowerState
2021-12-24 01:42:22,678 [dd75dce5-e290-4f16-9ffb-4c947a2969aa@group-8638DF840944-FollowerState] INFO  impl.FollowerState (FollowerState.java:run(134)) - dd75dce5-e290-4f16-9ffb-4c947a2969aa@group-8638DF840944-FollowerState: change to CANDIDATE, lastRpcElapsedTime:5105345181ns, electionTimeout:5099ms
2021-12-24 01:42:22,679 [dd75dce5-e290-4f16-9ffb-4c947a2969aa@group-8638DF840944-FollowerState] INFO  impl.RoleInfo (RoleInfo.java:shutdownFollowerState(108)) - dd75dce5-e290-4f16-9ffb-4c947a2969aa: shutdown dd75dce5-e290-4f16-9ffb-4c947a2969aa@group-8638DF840944-FollowerState
2021-12-24 01:42:22,679 [dd75dce5-e290-4f16-9ffb-4c947a2969aa@group-8638DF840944-FollowerState] INFO  server.RaftServer$Division (RaftServerImpl.java:setRole(290)) - dd75dce5-e290-4f16-9ffb-4c947a2969aa@group-8638DF840944: changes role from  FOLLOWER to CANDIDATE at term 0 for changeToCandidate
2021-12-24 01:42:22,679 [dd75dce5-e290-4f16-9ffb-4c947a2969aa@group-8638DF840944-FollowerState] INFO  server.RaftServerConfigKeys (ConfUtils.java:logGet(44)) - raft.server.leaderelection.pre-vote = false (custom)
2021-12-24 01:42:22,679 [dd75dce5-e290-4f16-9ffb-4c947a2969aa@group-8638DF840944-FollowerState] INFO  impl.RoleInfo (RoleInfo.java:updateAndGet(130)) - dd75dce5-e290-4f16-9ffb-4c947a2969aa: start dd75dce5-e290-4f16-9ffb-4c947a2969aa@group-8638DF840944-LeaderElection64
2021-12-24 01:42:22,704 [8a31ae00-46ab-41b2-9095-3fe81d608acd@group-8638DF840944-FollowerState] INFO  impl.FollowerState (FollowerState.java:run(134)) - 8a31ae00-46ab-41b2-9095-3fe81d608acd@group-8638DF840944-FollowerState: change to CANDIDATE, lastRpcElapsedTime:5028191471ns, electionTimeout:5027ms
2021-12-24 01:42:22,704 [8a31ae00-46ab-41b2-9095-3fe81d608acd@group-8638DF840944-FollowerState] INFO  impl.RoleInfo (RoleInfo.java:shutdownFollowerState(108)) - 8a31ae00-46ab-41b2-9095-3fe81d608acd: shutdown 8a31ae00-46ab-41b2-9095-3fe81d608acd@group-8638DF840944-FollowerState
2021-12-24 01:42:22,704 [8a31ae00-46ab-41b2-9095-3fe81d608acd@group-8638DF840944-FollowerState] INFO  server.RaftServer$Division (RaftServerImpl.java:setRole(290)) - 8a31ae00-46ab-41b2-9095-3fe81d608acd@group-8638DF840944: changes role from  FOLLOWER to CANDIDATE at term 0 for changeToCandidate
2021-12-24 01:42:22,704 [8a31ae00-46ab-41b2-9095-3fe81d608acd@group-8638DF840944-FollowerState] INFO  server.RaftServerConfigKeys (ConfUtils.java:logGet(44)) - raft.server.leaderelection.pre-vote = false (custom)
2021-12-24 01:42:22,704 [8a31ae00-46ab-41b2-9095-3fe81d608acd@group-8638DF840944-FollowerState] INFO  impl.RoleInfo (RoleInfo.java:updateAndGet(130)) - 8a31ae00-46ab-41b2-9095-3fe81d608acd: start 8a31ae00-46ab-41b2-9095-3fe81d608acd@group-8638DF840944-LeaderElection65
2021-12-24 01:42:22,709 [dd75dce5-e290-4f16-9ffb-4c947a2969aa@group-8638DF840944-LeaderElection64] INFO  impl.LeaderElection (LeaderElection.java:askForVotes(306)) - dd75dce5-e290-4f16-9ffb-4c947a2969aa@group-8638DF840944-LeaderElection64 ELECTION round 0: submit vote requests at term 1 for -1: [dd75dce5-e290-4f16-9ffb-4c947a2969aa|rpc:10.1.0.29:43525|priority:0, d9357ef4-c66e-445f-ba22-66d061d877f9|rpc:10.1.0.29:39385|priority:0, 8a31ae00-46ab-41b2-9095-3fe81d608acd|rpc:10.1.0.29:35241|priority:1], old=null
2021-12-24 01:42:22,711 [grpc-default-executor-1] INFO  server.RaftServer$Division (RaftServerImpl.java:requestVote(1046)) - d9357ef4-c66e-445f-ba22-66d061d877f9@group-8638DF840944: receive requestVote(ELECTION, dd75dce5-e290-4f16-9ffb-4c947a2969aa, group-8638DF840944, 1, (t:0, i:0))
2021-12-24 01:42:22,711 [grpc-default-executor-1] INFO  impl.VoteContext (VoteContext.java:log(48)) - d9357ef4-c66e-445f-ba22-66d061d877f9@group-8638DF840944-FOLLOWER: accept ELECTION from dd75dce5-e290-4f16-9ffb-4c947a2969aa: our priority 0 <= candidate's priority 0
2021-12-24 01:42:22,711 [grpc-default-executor-1] INFO  server.RaftServer$Division (RaftServerImpl.java:setRole(290)) - d9357ef4-c66e-445f-ba22-66d061d877f9@group-8638DF840944: changes role from  FOLLOWER to FOLLOWER at term 1 for candidate:dd75dce5-e290-4f16-9ffb-4c947a2969aa
2021-12-24 01:42:22,712 [grpc-default-executor-1] INFO  impl.RoleInfo (RoleInfo.java:shutdownFollowerState(108)) - d9357ef4-c66e-445f-ba22-66d061d877f9: shutdown d9357ef4-c66e-445f-ba22-66d061d877f9@group-8638DF840944-FollowerState
2021-12-24 01:42:22,711 [8a31ae00-46ab-41b2-9095-3fe81d608acd@group-8638DF840944-LeaderElection65] INFO  impl.LeaderElection (LeaderElection.java:askForVotes(306)) - 8a31ae00-46ab-41b2-9095-3fe81d608acd@group-8638DF840944-LeaderElection65 ELECTION round 0: submit vote requests at term 1 for -1: [dd75dce5-e290-4f16-9ffb-4c947a2969aa|rpc:10.1.0.29:43525|priority:0, d9357ef4-c66e-445f-ba22-66d061d877f9|rpc:10.1.0.29:39385|priority:0, 8a31ae00-46ab-41b2-9095-3fe81d608acd|rpc:10.1.0.29:35241|priority:1], old=null
2021-12-24 01:42:22,723 [8a31ae00-46ab-41b2-9095-3fe81d608acd@group-4845F656F4FF-FollowerState] INFO  impl.FollowerState (FollowerState.java:run(134)) - 8a31ae00-46ab-41b2-9095-3fe81d608acd@group-4845F656F4FF-FollowerState: change to CANDIDATE, lastRpcElapsedTime:5078826246ns, electionTimeout:5077ms
2021-12-24 01:42:22,723 [8a31ae00-46ab-41b2-9095-3fe81d608acd@group-4845F656F4FF-FollowerState] INFO  impl.RoleInfo (RoleInfo.java:shutdownFollowerState(108)) - 8a31ae00-46ab-41b2-9095-3fe81d608acd: shutdown 8a31ae00-46ab-41b2-9095-3fe81d608acd@group-4845F656F4FF-FollowerState
2021-12-24 01:42:22,723 [8a31ae00-46ab-41b2-9095-3fe81d608acd@group-4845F656F4FF-FollowerState] INFO  server.RaftServer$Division (RaftServerImpl.java:setRole(290)) - 8a31ae00-46ab-41b2-9095-3fe81d608acd@group-4845F656F4FF: changes role from  FOLLOWER to CANDIDATE at term 0 for changeToCandidate
2021-12-24 01:42:22,723 [8a31ae00-46ab-41b2-9095-3fe81d608acd@group-4845F656F4FF-FollowerState] INFO  server.RaftServerConfigKeys (ConfUtils.java:logGet(44)) - raft.server.leaderelection.pre-vote = false (custom)
2021-12-24 01:42:22,723 [8a31ae00-46ab-41b2-9095-3fe81d608acd@group-4845F656F4FF-FollowerState] INFO  impl.RoleInfo (RoleInfo.java:updateAndGet(130)) - 8a31ae00-46ab-41b2-9095-3fe81d608acd: start 8a31ae00-46ab-41b2-9095-3fe81d608acd@group-4845F656F4FF-LeaderElection66
2021-12-24 01:42:22,740 [grpc-default-executor-0] INFO  server.RaftServer$Division (RaftServerImpl.java:requestVote(1046)) - 8a31ae00-46ab-41b2-9095-3fe81d608acd@group-8638DF840944: receive requestVote(ELECTION, dd75dce5-e290-4f16-9ffb-4c947a2969aa, group-8638DF840944, 1, (t:0, i:0))
2021-12-24 01:42:22,740 [grpc-default-executor-0] INFO  impl.VoteContext (VoteContext.java:log(48)) - 8a31ae00-46ab-41b2-9095-3fe81d608acd@group-8638DF840944-CANDIDATE: reject ELECTION from dd75dce5-e290-4f16-9ffb-4c947a2969aa: already has voted for 8a31ae00-46ab-41b2-9095-3fe81d608acd at current term 1
2021-12-24 01:42:22,741 [grpc-default-executor-0] INFO  server.RaftServer$Division (RaftServerImpl.java:requestVote(1078)) - 8a31ae00-46ab-41b2-9095-3fe81d608acd@group-8638DF840944 replies to ELECTION vote request: dd75dce5-e290-4f16-9ffb-4c947a2969aa<-8a31ae00-46ab-41b2-9095-3fe81d608acd#0:FAIL-t1. Peer's state: 8a31ae00-46ab-41b2-9095-3fe81d608acd@group-8638DF840944:t1, leader=null, voted=8a31ae00-46ab-41b2-9095-3fe81d608acd, raftlog=8a31ae00-46ab-41b2-9095-3fe81d608acd@group-8638DF840944-SegmentedRaftLog:OPENED:c-1, conf=-1: [dd75dce5-e290-4f16-9ffb-4c947a2969aa|rpc:10.1.0.29:43525|priority:0, d9357ef4-c66e-445f-ba22-66d061d877f9|rpc:10.1.0.29:39385|priority:0, 8a31ae00-46ab-41b2-9095-3fe81d608acd|rpc:10.1.0.29:35241|priority:1], old=null
2021-12-24 01:42:22,749 [grpc-default-executor-1] INFO  impl.RoleInfo (RoleInfo.java:updateAndGet(130)) - d9357ef4-c66e-445f-ba22-66d061d877f9: start d9357ef4-c66e-445f-ba22-66d061d877f9@group-8638DF840944-FollowerState
2021-12-24 01:42:22,749 [d9357ef4-c66e-445f-ba22-66d061d877f9@group-8638DF840944-FollowerState] INFO  impl.FollowerState (FollowerState.java:run(143)) - d9357ef4-c66e-445f-ba22-66d061d877f9@group-8638DF840944-FollowerState was interrupted: {}
java.lang.InterruptedException: sleep interrupted
	at java.lang.Thread.sleep(Native Method)
	at java.lang.Thread.sleep(Thread.java:340)
	at java.util.concurrent.TimeUnit.sleep(TimeUnit.java:386)
	at org.apache.ratis.util.TimeDuration.sleep(TimeDuration.java:324)
	at org.apache.ratis.util.TimeDuration.sleep(TimeDuration.java:309)
	at org.apache.ratis.server.impl.FollowerState.run(FollowerState.java:118)
2021-12-24 01:42:22,759 [dd75dce5-e290-4f16-9ffb-4c947a2969aa@group-8638DF840944-LeaderElection64] INFO  impl.LeaderElection (LeaderElection.java:logAndReturn(89)) - dd75dce5-e290-4f16-9ffb-4c947a2969aa@group-8638DF840944-LeaderElection64: ELECTION REJECTED received 1 response(s) and 0 exception(s):
2021-12-24 01:42:22,759 [dd75dce5-e290-4f16-9ffb-4c947a2969aa@group-8638DF840944-LeaderElection64] INFO  impl.LeaderElection (LeaderElection.java:logAndReturn(93)) -   Response 0: dd75dce5-e290-4f16-9ffb-4c947a2969aa<-8a31ae00-46ab-41b2-9095-3fe81d608acd#0:FAIL-t1
2021-12-24 01:42:22,759 [dd75dce5-e290-4f16-9ffb-4c947a2969aa@group-8638DF840944-LeaderElection64] INFO  impl.LeaderElection (LeaderElection.java:askForVotes(308)) - dd75dce5-e290-4f16-9ffb-4c947a2969aa@group-8638DF840944-LeaderElection64 ELECTION round 0: result REJECTED
2021-12-24 01:42:22,759 [dd75dce5-e290-4f16-9ffb-4c947a2969aa@group-8638DF840944-LeaderElection64] INFO  server.RaftServer$Division (RaftServerImpl.java:setRole(290)) - dd75dce5-e290-4f16-9ffb-4c947a2969aa@group-8638DF840944: changes role from CANDIDATE to FOLLOWER at term 1 for REJECTED
2021-12-24 01:42:22,760 [dd75dce5-e290-4f16-9ffb-4c947a2969aa@group-8638DF840944-LeaderElection64] INFO  impl.RoleInfo (RoleInfo.java:shutdownLeaderElection(121)) - dd75dce5-e290-4f16-9ffb-4c947a2969aa: shutdown dd75dce5-e290-4f16-9ffb-4c947a2969aa@group-8638DF840944-LeaderElection64
2021-12-24 01:42:22,760 [dd75dce5-e290-4f16-9ffb-4c947a2969aa@group-8638DF840944-LeaderElection64] INFO  impl.RoleInfo (RoleInfo.java:updateAndGet(130)) - dd75dce5-e290-4f16-9ffb-4c947a2969aa: start dd75dce5-e290-4f16-9ffb-4c947a2969aa@group-8638DF840944-FollowerState
2021-12-24 01:42:22,760 [8a31ae00-46ab-41b2-9095-3fe81d608acd@group-4845F656F4FF-LeaderElection66] INFO  impl.LeaderElection (LeaderElection.java:askForVotes(306)) - 8a31ae00-46ab-41b2-9095-3fe81d608acd@group-4845F656F4FF-LeaderElection66 ELECTION round 0: submit vote requests at term 1 for -1: [8a31ae00-46ab-41b2-9095-3fe81d608acd|rpc:10.1.0.29:35241|priority:1], old=null
2021-12-24 01:42:22,760 [8a31ae00-46ab-41b2-9095-3fe81d608acd@group-4845F656F4FF-LeaderElection66] INFO  impl.LeaderElection (LeaderElection.java:askForVotes(308)) - 8a31ae00-46ab-41b2-9095-3fe81d608acd@group-4845F656F4FF-LeaderElection66 ELECTION round 0: result PASSED (term=1)
2021-12-24 01:42:22,760 [8a31ae00-46ab-41b2-9095-3fe81d608acd@group-4845F656F4FF-LeaderElection66] INFO  impl.RoleInfo (RoleInfo.java:shutdownLeaderElection(121)) - 8a31ae00-46ab-41b2-9095-3fe81d608acd: shutdown 8a31ae00-46ab-41b2-9095-3fe81d608acd@group-4845F656F4FF-LeaderElection66
2021-12-24 01:42:22,761 [8a31ae00-46ab-41b2-9095-3fe81d608acd@group-4845F656F4FF-LeaderElection66] INFO  server.RaftServer$Division (RaftServerImpl.java:setRole(290)) - 8a31ae00-46ab-41b2-9095-3fe81d608acd@group-4845F656F4FF: changes role from CANDIDATE to LEADER at term 1 for changeToLeader
2021-12-24 01:42:22,761 [8a31ae00-46ab-41b2-9095-3fe81d608acd@group-4845F656F4FF-LeaderElection66] INFO  ratis.XceiverServerRatis (XceiverServerRatis.java:handleLeaderChangedNotification(866)) - Leader change notification received for group: group-4845F656F4FF with new leaderId: 8a31ae00-46ab-41b2-9095-3fe81d608acd
2021-12-24 01:42:22,790 [grpc-default-executor-1] INFO  server.RaftServer$Division (RaftServerImpl.java:requestVote(1078)) - d9357ef4-c66e-445f-ba22-66d061d877f9@group-8638DF840944 replies to ELECTION vote request: dd75dce5-e290-4f16-9ffb-4c947a2969aa<-d9357ef4-c66e-445f-ba22-66d061d877f9#0:OK-t1. Peer's state: d9357ef4-c66e-445f-ba22-66d061d877f9@group-8638DF840944:t1, leader=null, voted=dd75dce5-e290-4f16-9ffb-4c947a2969aa, raftlog=d9357ef4-c66e-445f-ba22-66d061d877f9@group-8638DF840944-SegmentedRaftLog:OPENED:c-1, conf=-1: [dd75dce5-e290-4f16-9ffb-4c947a2969aa|rpc:10.1.0.29:43525|dataStream:|priority:0, d9357ef4-c66e-445f-ba22-66d061d877f9|rpc:10.1.0.29:39385|dataStream:|priority:0, 8a31ae00-46ab-41b2-9095-3fe81d608acd|rpc:10.1.0.29:35241|dataStream:|priority:1], old=null
2021-12-24 01:42:22,793 [8a31ae00-46ab-41b2-9095-3fe81d608acd@group-4845F656F4FF-LeaderElection66] INFO  server.RaftServer$Division (ServerState.java:setLeader(285)) - 8a31ae00-46ab-41b2-9095-3fe81d608acd@group-4845F656F4FF: change Leader from null to 8a31ae00-46ab-41b2-9095-3fe81d608acd at term 1 for becomeLeader, leader elected after 5154ms
2021-12-24 01:42:22,794 [8a31ae00-46ab-41b2-9095-3fe81d608acd@group-4845F656F4FF-LeaderElection66] INFO  server.RaftServerConfigKeys (ConfUtils.java:logGet(44)) - raft.server.staging.catchup.gap = 1000 (default)
2021-12-24 01:42:22,794 [8a31ae00-46ab-41b2-9095-3fe81d608acd@group-4845F656F4FF-LeaderElection66] INFO  server.RaftServerConfigKeys (ConfUtils.java:logGet(44)) - raft.server.write.element-limit = 1024 (custom)
2021-12-24 01:42:22,794 [8a31ae00-46ab-41b2-9095-3fe81d608acd@group-4845F656F4FF-LeaderElection66] INFO  server.RaftServerConfigKeys (ConfUtils.java:logGet(44)) - raft.server.write.byte-limit = 1024 M (=1073741824) (custom)
2021-12-24 01:42:22,794 [8a31ae00-46ab-41b2-9095-3fe81d608acd@group-4845F656F4FF-LeaderElection66] INFO  server.RaftServerConfigKeys (ConfUtils.java:logGet(44)) - raft.server.watch.timeout = 180s (custom)
2021-12-24 01:42:22,794 [8a31ae00-46ab-41b2-9095-3fe81d608acd@group-4845F656F4FF-LeaderElection66] INFO  server.RaftServerConfigKeys (ConfUtils.java:logGet(44)) - raft.server.watch.timeout.denomination = 1s (default)
2021-12-24 01:42:22,794 [8a31ae00-46ab-41b2-9095-3fe81d608acd@group-4845F656F4FF-LeaderElection66] INFO  server.RaftServerConfigKeys (ConfUtils.java:logGet(44)) - raft.server.watch.element-limit = 65536 (default)
2021-12-24 01:42:22,797 [8a31ae00-46ab-41b2-9095-3fe81d608acd@group-4845F656F4FF-LeaderElection66] INFO  server.RaftServerConfigKeys (ConfUtils.java:logGet(44)) - raft.server.write.element-limit = 1024 (custom)
2021-12-24 01:42:22,798 [8a31ae00-46ab-41b2-9095-3fe81d608acd@group-4845F656F4FF-LeaderElection66] INFO  server.RaftServerConfigKeys (ConfUtils.java:logGet(44)) - raft.server.write.follower.gap.ratio.max = -1.0 (default)
2021-12-24 01:42:22,798 [8a31ae00-46ab-41b2-9095-3fe81d608acd@group-4845F656F4FF-LeaderElection66] INFO  impl.RoleInfo (RoleInfo.java:updateAndGet(130)) - 8a31ae00-46ab-41b2-9095-3fe81d608acd: start 8a31ae00-46ab-41b2-9095-3fe81d608acd@group-4845F656F4FF-LeaderStateImpl
2021-12-24 01:42:22,798 [8a31ae00-46ab-41b2-9095-3fe81d608acd@group-4845F656F4FF-LeaderElection66] INFO  segmented.SegmentedRaftLogWorker (SegmentedRaftLogWorker.java:startLogSegment(394)) - 8a31ae00-46ab-41b2-9095-3fe81d608acd@group-4845F656F4FF-SegmentedRaftLogWorker: Starting segment from index:0
2021-12-24 01:42:22,800 [8a31ae00-46ab-41b2-9095-3fe81d608acd@group-4845F656F4FF-SegmentedRaftLogWorker] INFO  segmented.SegmentedRaftLogWorker (SegmentedRaftLogWorker.java:execute(601)) - 8a31ae00-46ab-41b2-9095-3fe81d608acd@group-4845F656F4FF-SegmentedRaftLogWorker: created new log segment /home/runner/work/ozone/ozone/hadoop-ozone/integration-test/target/test-dir/MiniOzoneClusterImpl-0a0f043c-1890-4504-b3a7-b335d5eef4c6/datanode-1/data/ratis/e425d332-772b-4d38-b88e-4845f656f4ff/current/log_inprogress_0
2021-12-24 01:42:22,803 [grpc-default-executor-1] INFO  server.RaftServer$Division (RaftServerImpl.java:requestVote(1046)) - dd75dce5-e290-4f16-9ffb-4c947a2969aa@group-8638DF840944: receive requestVote(ELECTION, 8a31ae00-46ab-41b2-9095-3fe81d608acd, group-8638DF840944, 1, (t:0, i:0))
2021-12-24 01:42:22,803 [grpc-default-executor-1] INFO  impl.VoteContext (VoteContext.java:log(48)) - dd75dce5-e290-4f16-9ffb-4c947a2969aa@group-8638DF840944-FOLLOWER: reject ELECTION from 8a31ae00-46ab-41b2-9095-3fe81d608acd: already has voted for dd75dce5-e290-4f16-9ffb-4c947a2969aa at current term 1
2021-12-24 01:42:22,803 [grpc-default-executor-1] INFO  server.RaftServer$Division (RaftServerImpl.java:requestVote(1078)) - dd75dce5-e290-4f16-9ffb-4c947a2969aa@group-8638DF840944 replies to ELECTION vote request: 8a31ae00-46ab-41b2-9095-3fe81d608acd<-dd75dce5-e290-4f16-9ffb-4c947a2969aa#0:FAIL-t1. Peer's state: dd75dce5-e290-4f16-9ffb-4c947a2969aa@group-8638DF840944:t1, leader=null, voted=dd75dce5-e290-4f16-9ffb-4c947a2969aa, raftlog=dd75dce5-e290-4f16-9ffb-4c947a2969aa@group-8638DF840944-SegmentedRaftLog:OPENED:c-1, conf=-1: [dd75dce5-e290-4f16-9ffb-4c947a2969aa|rpc:10.1.0.29:43525|priority:0, d9357ef4-c66e-445f-ba22-66d061d877f9|rpc:10.1.0.29:39385|priority:0, 8a31ae00-46ab-41b2-9095-3fe81d608acd|rpc:10.1.0.29:35241|priority:1], old=null
2021-12-24 01:42:22,803 [grpc-default-executor-0] INFO  server.RaftServer$Division (RaftServerImpl.java:requestVote(1046)) - d9357ef4-c66e-445f-ba22-66d061d877f9@group-8638DF840944: receive requestVote(ELECTION, 8a31ae00-46ab-41b2-9095-3fe81d608acd, group-8638DF840944, 1, (t:0, i:0))
2021-12-24 01:42:22,809 [grpc-default-executor-0] INFO  impl.VoteContext (VoteContext.java:log(48)) - d9357ef4-c66e-445f-ba22-66d061d877f9@group-8638DF840944-FOLLOWER: reject ELECTION from 8a31ae00-46ab-41b2-9095-3fe81d608acd: already has voted for dd75dce5-e290-4f16-9ffb-4c947a2969aa at current term 1
2021-12-24 01:42:22,809 [grpc-default-executor-0] INFO  server.RaftServer$Division (RaftServerImpl.java:requestVote(1078)) - d9357ef4-c66e-445f-ba22-66d061d877f9@group-8638DF840944 replies to ELECTION vote request: 8a31ae00-46ab-41b2-9095-3fe81d608acd<-d9357ef4-c66e-445f-ba22-66d061d877f9#0:FAIL-t1. Peer's state: d9357ef4-c66e-445f-ba22-66d061d877f9@group-8638DF840944:t1, leader=null, voted=dd75dce5-e290-4f16-9ffb-4c947a2969aa, raftlog=d9357ef4-c66e-445f-ba22-66d061d877f9@group-8638DF840944-SegmentedRaftLog:OPENED:c-1, conf=-1: [dd75dce5-e290-4f16-9ffb-4c947a2969aa|rpc:10.1.0.29:43525|dataStream:|priority:0, d9357ef4-c66e-445f-ba22-66d061d877f9|rpc:10.1.0.29:39385|dataStream:|priority:0, 8a31ae00-46ab-41b2-9095-3fe81d608acd|rpc:10.1.0.29:35241|dataStream:|priority:1], old=null
2021-12-24 01:42:22,809 [8a31ae00-46ab-41b2-9095-3fe81d608acd@group-4845F656F4FF-LeaderElection66] INFO  server.RaftServer$Division (ServerState.java:setRaftConf(387)) - 8a31ae00-46ab-41b2-9095-3fe81d608acd@group-4845F656F4FF: set configuration 0: [8a31ae00-46ab-41b2-9095-3fe81d608acd|rpc:10.1.0.29:35241|dataStream:|priority:1], old=null
2021-12-24 01:42:22,811 [8a31ae00-46ab-41b2-9095-3fe81d608acd@group-8638DF840944-LeaderElection65] INFO  impl.LeaderElection (LeaderElection.java:logAndReturn(89)) - 8a31ae00-46ab-41b2-9095-3fe81d608acd@group-8638DF840944-LeaderElection65: ELECTION REJECTED received 2 response(s) and 0 exception(s):
2021-12-24 01:42:22,811 [8a31ae00-46ab-41b2-9095-3fe81d608acd@group-8638DF840944-LeaderElection65] INFO  impl.LeaderElection (LeaderElection.java:logAndReturn(93)) -   Response 0: 8a31ae00-46ab-41b2-9095-3fe81d608acd<-dd75dce5-e290-4f16-9ffb-4c947a2969aa#0:FAIL-t1
2021-12-24 01:42:22,811 [8a31ae00-46ab-41b2-9095-3fe81d608acd@group-8638DF840944-LeaderElection65] INFO  impl.LeaderElection (LeaderElection.java:logAndReturn(93)) -   Response 1: 8a31ae00-46ab-41b2-9095-3fe81d608acd<-d9357ef4-c66e-445f-ba22-66d061d877f9#0:FAIL-t1
2021-12-24 01:42:22,811 [8a31ae00-46ab-41b2-9095-3fe81d608acd@group-8638DF840944-LeaderElection65] INFO  impl.LeaderElection (LeaderElection.java:askForVotes(308)) - 8a31ae00-46ab-41b2-9095-3fe81d608acd@group-8638DF840944-LeaderElection65 ELECTION round 0: result REJECTED
2021-12-24 01:42:22,812 [8a31ae00-46ab-41b2-9095-3fe81d608acd@group-8638DF840944-LeaderElection65] INFO  server.RaftServer$Division (RaftServerImpl.java:setRole(290)) - 8a31ae00-46ab-41b2-9095-3fe81d608acd@group-8638DF840944: changes role from CANDIDATE to FOLLOWER at term 1 for REJECTED
2021-12-24 01:42:22,812 [8a31ae00-46ab-41b2-9095-3fe81d608acd@group-8638DF840944-LeaderElection65] INFO  impl.RoleInfo (RoleInfo.java:shutdownLeaderElection(121)) - 8a31ae00-46ab-41b2-9095-3fe81d608acd: shutdown 8a31ae00-46ab-41b2-9095-3fe81d608acd@group-8638DF840944-LeaderElection65
2021-12-24 01:42:22,812 [8a31ae00-46ab-41b2-9095-3fe81d608acd@group-8638DF840944-LeaderElection65] INFO  impl.RoleInfo (RoleInfo.java:updateAndGet(130)) - 8a31ae00-46ab-41b2-9095-3fe81d608acd: start 8a31ae00-46ab-41b2-9095-3fe81d608acd@group-8638DF840944-FollowerState
2021-12-24 01:42:22,825 [EventQueue-OpenPipelineForHealthyPipelineSafeModeRule] INFO  safemode.SCMSafeModeManager (HealthyPipelineSafeModeRule.java:process(124)) - SCM in safe mode. Healthy pipelines reported count is 0, required healthy pipeline reported count is 1
2021-12-24 01:42:23,023 [Listener at 127.0.0.1/42107] INFO  ozone.MiniOzoneClusterImpl (MiniOzoneClusterImpl.java:lambda$waitForClusterToBeReady$0(235)) - Nodes are ready. Got 3 of 3 DN Heartbeats.
2021-12-24 01:42:23,023 [Listener at 127.0.0.1/42107] INFO  ozone.MiniOzoneClusterImpl (MiniOzoneClusterImpl.java:lambda$waitForClusterToBeReady$0(238)) - Waiting for cluster to exit safe mode
2021-12-24 01:42:23,023 [Listener at 127.0.0.1/42107] INFO  ozone.MiniOzoneClusterImpl (MiniOzoneClusterImpl.java:lambda$waitForClusterToBeReady$0(240)) - SCM became leader
2021-12-24 01:42:23,133 [d9357ef4-c66e-445f-ba22-66d061d877f9@group-EA7AE9638303-FollowerState] INFO  impl.FollowerState (FollowerState.java:run(134)) - d9357ef4-c66e-445f-ba22-66d061d877f9@group-EA7AE9638303-FollowerState: change to CANDIDATE, lastRpcElapsedTime:5044983817ns, electionTimeout:5026ms
2021-12-24 01:42:23,134 [d9357ef4-c66e-445f-ba22-66d061d877f9@group-EA7AE9638303-FollowerState] INFO  impl.RoleInfo (RoleInfo.java:shutdownFollowerState(108)) - d9357ef4-c66e-445f-ba22-66d061d877f9: shutdown d9357ef4-c66e-445f-ba22-66d061d877f9@group-EA7AE9638303-FollowerState
2021-12-24 01:42:23,134 [d9357ef4-c66e-445f-ba22-66d061d877f9@group-EA7AE9638303-FollowerState] INFO  server.RaftServer$Division (RaftServerImpl.java:setRole(290)) - d9357ef4-c66e-445f-ba22-66d061d877f9@group-EA7AE9638303: changes role from  FOLLOWER to CANDIDATE at term 0 for changeToCandidate
2021-12-24 01:42:23,134 [d9357ef4-c66e-445f-ba22-66d061d877f9@group-EA7AE9638303-FollowerState] INFO  server.RaftServerConfigKeys (ConfUtils.java:logGet(44)) - raft.server.leaderelection.pre-vote = false (custom)
2021-12-24 01:42:23,134 [d9357ef4-c66e-445f-ba22-66d061d877f9@group-EA7AE9638303-FollowerState] INFO  impl.RoleInfo (RoleInfo.java:updateAndGet(130)) - d9357ef4-c66e-445f-ba22-66d061d877f9: start d9357ef4-c66e-445f-ba22-66d061d877f9@group-EA7AE9638303-LeaderElection67
2021-12-24 01:42:23,148 [d9357ef4-c66e-445f-ba22-66d061d877f9@group-EA7AE9638303-LeaderElection67] INFO  impl.LeaderElection (LeaderElection.java:askForVotes(306)) - d9357ef4-c66e-445f-ba22-66d061d877f9@group-EA7AE9638303-LeaderElection67 ELECTION round 0: submit vote requests at term 1 for -1: [d9357ef4-c66e-445f-ba22-66d061d877f9|rpc:10.1.0.29:39385|priority:1], old=null
2021-12-24 01:42:23,148 [d9357ef4-c66e-445f-ba22-66d061d877f9@group-EA7AE9638303-LeaderElection67] INFO  impl.LeaderElection (LeaderElection.java:askForVotes(308)) - d9357ef4-c66e-445f-ba22-66d061d877f9@group-EA7AE9638303-LeaderElection67 ELECTION round 0: result PASSED (term=1)
2021-12-24 01:42:23,148 [d9357ef4-c66e-445f-ba22-66d061d877f9@group-EA7AE9638303-LeaderElection67] INFO  impl.RoleInfo (RoleInfo.java:shutdownLeaderElection(121)) - d9357ef4-c66e-445f-ba22-66d061d877f9: shutdown d9357ef4-c66e-445f-ba22-66d061d877f9@group-EA7AE9638303-LeaderElection67
2021-12-24 01:42:23,148 [d9357ef4-c66e-445f-ba22-66d061d877f9@group-EA7AE9638303-LeaderElection67] INFO  server.RaftServer$Division (RaftServerImpl.java:setRole(290)) - d9357ef4-c66e-445f-ba22-66d061d877f9@group-EA7AE9638303: changes role from CANDIDATE to LEADER at term 1 for changeToLeader
2021-12-24 01:42:23,148 [d9357ef4-c66e-445f-ba22-66d061d877f9@group-EA7AE9638303-LeaderElection67] INFO  ratis.XceiverServerRatis (XceiverServerRatis.java:handleLeaderChangedNotification(866)) - Leader change notification received for group: group-EA7AE9638303 with new leaderId: d9357ef4-c66e-445f-ba22-66d061d877f9
2021-12-24 01:42:23,149 [d9357ef4-c66e-445f-ba22-66d061d877f9@group-EA7AE9638303-LeaderElection67] INFO  server.RaftServer$Division (ServerState.java:setLeader(285)) - d9357ef4-c66e-445f-ba22-66d061d877f9@group-EA7AE9638303: change Leader from null to d9357ef4-c66e-445f-ba22-66d061d877f9 at term 1 for becomeLeader, leader elected after 5078ms
2021-12-24 01:42:23,149 [d9357ef4-c66e-445f-ba22-66d061d877f9@group-EA7AE9638303-LeaderElection67] INFO  server.RaftServerConfigKeys (ConfUtils.java:logGet(44)) - raft.server.staging.catchup.gap = 1000 (default)
2021-12-24 01:42:23,149 [EventQueue-OpenPipelineForHealthyPipelineSafeModeRule] INFO  safemode.SCMSafeModeManager (HealthyPipelineSafeModeRule.java:process(124)) - SCM in safe mode. Healthy pipelines reported count is 0, required healthy pipeline reported count is 1
2021-12-24 01:42:23,155 [d9357ef4-c66e-445f-ba22-66d061d877f9@group-EA7AE9638303-LeaderElection67] INFO  server.RaftServerConfigKeys (ConfUtils.java:logGet(44)) - raft.server.write.element-limit = 1024 (custom)
2021-12-24 01:42:23,155 [d9357ef4-c66e-445f-ba22-66d061d877f9@group-EA7AE9638303-LeaderElection67] INFO  server.RaftServerConfigKeys (ConfUtils.java:logGet(44)) - raft.server.write.byte-limit = 1024 M (=1073741824) (custom)
2021-12-24 01:42:23,155 [d9357ef4-c66e-445f-ba22-66d061d877f9@group-EA7AE9638303-LeaderElection67] INFO  server.RaftServerConfigKeys (ConfUtils.java:logGet(44)) - raft.server.watch.timeout = 180s (custom)
2021-12-24 01:42:23,155 [d9357ef4-c66e-445f-ba22-66d061d877f9@group-EA7AE9638303-LeaderElection67] INFO  server.RaftServerConfigKeys (ConfUtils.java:logGet(44)) - raft.server.watch.timeout.denomination = 1s (default)
2021-12-24 01:42:23,155 [d9357ef4-c66e-445f-ba22-66d061d877f9@group-EA7AE9638303-LeaderElection67] INFO  server.RaftServerConfigKeys (ConfUtils.java:logGet(44)) - raft.server.watch.element-limit = 65536 (default)
2021-12-24 01:42:23,156 [d9357ef4-c66e-445f-ba22-66d061d877f9@group-EA7AE9638303-LeaderElection67] INFO  server.RaftServerConfigKeys (ConfUtils.java:logGet(44)) - raft.server.write.element-limit = 1024 (custom)
2021-12-24 01:42:23,156 [d9357ef4-c66e-445f-ba22-66d061d877f9@group-EA7AE9638303-LeaderElection67] INFO  server.RaftServerConfigKeys (ConfUtils.java:logGet(44)) - raft.server.write.follower.gap.ratio.max = -1.0 (default)
2021-12-24 01:42:23,156 [d9357ef4-c66e-445f-ba22-66d061d877f9@group-EA7AE9638303-LeaderElection67] INFO  impl.RoleInfo (RoleInfo.java:updateAndGet(130)) - d9357ef4-c66e-445f-ba22-66d061d877f9: start d9357ef4-c66e-445f-ba22-66d061d877f9@group-EA7AE9638303-LeaderStateImpl
2021-12-24 01:42:23,156 [d9357ef4-c66e-445f-ba22-66d061d877f9@group-EA7AE9638303-LeaderElection67] INFO  segmented.SegmentedRaftLogWorker (SegmentedRaftLogWorker.java:startLogSegment(394)) - d9357ef4-c66e-445f-ba22-66d061d877f9@group-EA7AE9638303-SegmentedRaftLogWorker: Starting segment from index:0
2021-12-24 01:42:23,158 [d9357ef4-c66e-445f-ba22-66d061d877f9@group-EA7AE9638303-SegmentedRaftLogWorker] INFO  segmented.SegmentedRaftLogWorker (SegmentedRaftLogWorker.java:execute(601)) - d9357ef4-c66e-445f-ba22-66d061d877f9@group-EA7AE9638303-SegmentedRaftLogWorker: created new log segment /home/runner/work/ozone/ozone/hadoop-ozone/integration-test/target/test-dir/MiniOzoneClusterImpl-0a0f043c-1890-4504-b3a7-b335d5eef4c6/datanode-2/data/ratis/e73cf5d1-ec7c-44f3-8517-ea7ae9638303/current/log_inprogress_0
2021-12-24 01:42:23,159 [d9357ef4-c66e-445f-ba22-66d061d877f9@group-EA7AE9638303-LeaderElection67] INFO  server.RaftServer$Division (ServerState.java:setRaftConf(387)) - d9357ef4-c66e-445f-ba22-66d061d877f9@group-EA7AE9638303: set configuration 0: [d9357ef4-c66e-445f-ba22-66d061d877f9|rpc:10.1.0.29:39385|dataStream:|priority:1], old=null
2021-12-24 01:42:24,023 [Listener at 127.0.0.1/42107] INFO  ozone.MiniOzoneClusterImpl (MiniOzoneClusterImpl.java:lambda$waitForClusterToBeReady$0(235)) - Nodes are ready. Got 3 of 3 DN Heartbeats.
2021-12-24 01:42:24,024 [Listener at 127.0.0.1/42107] INFO  ozone.MiniOzoneClusterImpl (MiniOzoneClusterImpl.java:lambda$waitForClusterToBeReady$0(238)) - Waiting for cluster to exit safe mode
2021-12-24 01:42:24,024 [Listener at 127.0.0.1/42107] INFO  ozone.MiniOzoneClusterImpl (MiniOzoneClusterImpl.java:lambda$waitForClusterToBeReady$0(240)) - SCM became leader
2021-12-24 01:42:25,024 [Listener at 127.0.0.1/42107] INFO  ozone.MiniOzoneClusterImpl (MiniOzoneClusterImpl.java:lambda$waitForClusterToBeReady$0(235)) - Nodes are ready. Got 3 of 3 DN Heartbeats.
2021-12-24 01:42:25,025 [Listener at 127.0.0.1/42107] INFO  ozone.MiniOzoneClusterImpl (MiniOzoneClusterImpl.java:lambda$waitForClusterToBeReady$0(238)) - Waiting for cluster to exit safe mode
2021-12-24 01:42:25,025 [Listener at 127.0.0.1/42107] INFO  ozone.MiniOzoneClusterImpl (MiniOzoneClusterImpl.java:lambda$waitForClusterToBeReady$0(240)) - SCM became leader
2021-12-24 01:42:26,025 [Listener at 127.0.0.1/42107] INFO  ozone.MiniOzoneClusterImpl (MiniOzoneClusterImpl.java:lambda$waitForClusterToBeReady$0(235)) - Nodes are ready. Got 3 of 3 DN Heartbeats.
2021-12-24 01:42:26,025 [Listener at 127.0.0.1/42107] INFO  ozone.MiniOzoneClusterImpl (MiniOzoneClusterImpl.java:lambda$waitForClusterToBeReady$0(238)) - Waiting for cluster to exit safe mode
2021-12-24 01:42:26,025 [Listener at 127.0.0.1/42107] INFO  ozone.MiniOzoneClusterImpl (MiniOzoneClusterImpl.java:lambda$waitForClusterToBeReady$0(240)) - SCM became leader
2021-12-24 01:42:27,026 [Listener at 127.0.0.1/42107] INFO  ozone.MiniOzoneClusterImpl (MiniOzoneClusterImpl.java:lambda$waitForClusterToBeReady$0(235)) - Nodes are ready. Got 3 of 3 DN Heartbeats.
2021-12-24 01:42:27,026 [Listener at 127.0.0.1/42107] INFO  ozone.MiniOzoneClusterImpl (MiniOzoneClusterImpl.java:lambda$waitForClusterToBeReady$0(238)) - Waiting for cluster to exit safe mode
2021-12-24 01:42:27,026 [Listener at 127.0.0.1/42107] INFO  ozone.MiniOzoneClusterImpl (MiniOzoneClusterImpl.java:lambda$waitForClusterToBeReady$0(240)) - SCM became leader
2021-12-24 01:42:27,469 [dd75dce5-e290-4f16-9ffb-4c947a2969aa@group-25A049D079A1-FollowerState] INFO  impl.FollowerState (FollowerState.java:run(134)) - dd75dce5-e290-4f16-9ffb-4c947a2969aa@group-25A049D079A1-FollowerState: change to CANDIDATE, lastRpcElapsedTime:5081125038ns, electionTimeout:5075ms
2021-12-24 01:42:27,470 [dd75dce5-e290-4f16-9ffb-4c947a2969aa@group-25A049D079A1-FollowerState] INFO  impl.RoleInfo (RoleInfo.java:shutdownFollowerState(108)) - dd75dce5-e290-4f16-9ffb-4c947a2969aa: shutdown dd75dce5-e290-4f16-9ffb-4c947a2969aa@group-25A049D079A1-FollowerState
2021-12-24 01:42:27,470 [dd75dce5-e290-4f16-9ffb-4c947a2969aa@group-25A049D079A1-FollowerState] INFO  server.RaftServer$Division (RaftServerImpl.java:setRole(290)) - dd75dce5-e290-4f16-9ffb-4c947a2969aa@group-25A049D079A1: changes role from  FOLLOWER to CANDIDATE at term 1 for changeToCandidate
2021-12-24 01:42:27,470 [dd75dce5-e290-4f16-9ffb-4c947a2969aa@group-25A049D079A1-FollowerState] INFO  server.RaftServerConfigKeys (ConfUtils.java:logGet(44)) - raft.server.leaderelection.pre-vote = false (custom)
2021-12-24 01:42:27,470 [dd75dce5-e290-4f16-9ffb-4c947a2969aa@group-25A049D079A1-FollowerState] INFO  impl.RoleInfo (RoleInfo.java:updateAndGet(130)) - dd75dce5-e290-4f16-9ffb-4c947a2969aa: start dd75dce5-e290-4f16-9ffb-4c947a2969aa@group-25A049D079A1-LeaderElection68
2021-12-24 01:42:27,496 [dd75dce5-e290-4f16-9ffb-4c947a2969aa@group-25A049D079A1-LeaderElection68] INFO  impl.LeaderElection (LeaderElection.java:askForVotes(306)) - dd75dce5-e290-4f16-9ffb-4c947a2969aa@group-25A049D079A1-LeaderElection68 ELECTION round 0: submit vote requests at term 2 for -1: [dd75dce5-e290-4f16-9ffb-4c947a2969aa|rpc:10.1.0.29:43525|priority:0, 8a31ae00-46ab-41b2-9095-3fe81d608acd|rpc:10.1.0.29:35241|priority:0, d9357ef4-c66e-445f-ba22-66d061d877f9|rpc:10.1.0.29:39385|priority:1], old=null
2021-12-24 01:42:27,498 [grpc-default-executor-0] INFO  server.RaftServer$Division (RaftServerImpl.java:requestVote(1046)) - 8a31ae00-46ab-41b2-9095-3fe81d608acd@group-25A049D079A1: receive requestVote(ELECTION, dd75dce5-e290-4f16-9ffb-4c947a2969aa, group-25A049D079A1, 2, (t:0, i:0))
2021-12-24 01:42:27,500 [grpc-default-executor-0] INFO  impl.VoteContext (VoteContext.java:log(48)) - 8a31ae00-46ab-41b2-9095-3fe81d608acd@group-25A049D079A1-FOLLOWER: accept ELECTION from dd75dce5-e290-4f16-9ffb-4c947a2969aa: our priority 0 <= candidate's priority 0
2021-12-24 01:42:27,500 [grpc-default-executor-0] INFO  server.RaftServer$Division (RaftServerImpl.java:setRole(290)) - 8a31ae00-46ab-41b2-9095-3fe81d608acd@group-25A049D079A1: changes role from  FOLLOWER to FOLLOWER at term 2 for candidate:dd75dce5-e290-4f16-9ffb-4c947a2969aa
2021-12-24 01:42:27,500 [grpc-default-executor-0] INFO  impl.RoleInfo (RoleInfo.java:shutdownFollowerState(108)) - 8a31ae00-46ab-41b2-9095-3fe81d608acd: shutdown 8a31ae00-46ab-41b2-9095-3fe81d608acd@group-25A049D079A1-FollowerState
2021-12-24 01:42:27,500 [grpc-default-executor-0] INFO  impl.RoleInfo (RoleInfo.java:updateAndGet(130)) - 8a31ae00-46ab-41b2-9095-3fe81d608acd: start 8a31ae00-46ab-41b2-9095-3fe81d608acd@group-25A049D079A1-FollowerState
2021-12-24 01:42:27,500 [8a31ae00-46ab-41b2-9095-3fe81d608acd@group-25A049D079A1-FollowerState] INFO  impl.FollowerState (FollowerState.java:run(143)) - 8a31ae00-46ab-41b2-9095-3fe81d608acd@group-25A049D079A1-FollowerState was interrupted: {}
java.lang.InterruptedException: sleep interrupted
	at java.lang.Thread.sleep(Native Method)
	at java.lang.Thread.sleep(Thread.java:340)
	at java.util.concurrent.TimeUnit.sleep(TimeUnit.java:386)
	at org.apache.ratis.util.TimeDuration.sleep(TimeDuration.java:324)
	at org.apache.ratis.util.TimeDuration.sleep(TimeDuration.java:309)
	at org.apache.ratis.server.impl.FollowerState.run(FollowerState.java:118)
2021-12-24 01:42:27,507 [grpc-default-executor-0] INFO  server.RaftServer$Division (RaftServerImpl.java:requestVote(1078)) - 8a31ae00-46ab-41b2-9095-3fe81d608acd@group-25A049D079A1 replies to ELECTION vote request: dd75dce5-e290-4f16-9ffb-4c947a2969aa<-8a31ae00-46ab-41b2-9095-3fe81d608acd#0:OK-t2. Peer's state: 8a31ae00-46ab-41b2-9095-3fe81d608acd@group-25A049D079A1:t2, leader=null, voted=dd75dce5-e290-4f16-9ffb-4c947a2969aa, raftlog=8a31ae00-46ab-41b2-9095-3fe81d608acd@group-25A049D079A1-SegmentedRaftLog:OPENED:c-1, conf=-1: [dd75dce5-e290-4f16-9ffb-4c947a2969aa|rpc:10.1.0.29:43525|dataStream:|priority:0, 8a31ae00-46ab-41b2-9095-3fe81d608acd|rpc:10.1.0.29:35241|dataStream:|priority:0, d9357ef4-c66e-445f-ba22-66d061d877f9|rpc:10.1.0.29:39385|dataStream:|priority:1], old=null
2021-12-24 01:42:27,534 [grpc-default-executor-0] INFO  server.RaftServer$Division (RaftServerImpl.java:requestVote(1046)) - d9357ef4-c66e-445f-ba22-66d061d877f9@group-25A049D079A1: receive requestVote(ELECTION, dd75dce5-e290-4f16-9ffb-4c947a2969aa, group-25A049D079A1, 2, (t:0, i:0))
2021-12-24 01:42:27,535 [grpc-default-executor-0] INFO  impl.VoteContext (VoteContext.java:log(48)) - d9357ef4-c66e-445f-ba22-66d061d877f9@group-25A049D079A1-FOLLOWER: reject ELECTION from dd75dce5-e290-4f16-9ffb-4c947a2969aa: our priority 1 > candidate's priority 0
2021-12-24 01:42:27,535 [grpc-default-executor-0] INFO  server.RaftServer$Division (RaftServerImpl.java:setRole(290)) - d9357ef4-c66e-445f-ba22-66d061d877f9@group-25A049D079A1: changes role from  FOLLOWER to FOLLOWER at term 2 for candidate:dd75dce5-e290-4f16-9ffb-4c947a2969aa
2021-12-24 01:42:27,535 [grpc-default-executor-0] INFO  impl.RoleInfo (RoleInfo.java:shutdownFollowerState(108)) - d9357ef4-c66e-445f-ba22-66d061d877f9: shutdown d9357ef4-c66e-445f-ba22-66d061d877f9@group-25A049D079A1-FollowerState
2021-12-24 01:42:27,536 [grpc-default-executor-0] INFO  impl.RoleInfo (RoleInfo.java:updateAndGet(130)) - d9357ef4-c66e-445f-ba22-66d061d877f9: start d9357ef4-c66e-445f-ba22-66d061d877f9@group-25A049D079A1-FollowerState
2021-12-24 01:42:27,536 [d9357ef4-c66e-445f-ba22-66d061d877f9@group-25A049D079A1-FollowerState] INFO  impl.FollowerState (FollowerState.java:run(143)) - d9357ef4-c66e-445f-ba22-66d061d877f9@group-25A049D079A1-FollowerState was interrupted: {}
java.lang.InterruptedException: sleep interrupted
	at java.lang.Thread.sleep(Native Method)
	at java.lang.Thread.sleep(Thread.java:340)
	at java.util.concurrent.TimeUnit.sleep(TimeUnit.java:386)
	at org.apache.ratis.util.TimeDuration.sleep(TimeDuration.java:324)
	at org.apache.ratis.util.TimeDuration.sleep(TimeDuration.java:309)
	at org.apache.ratis.server.impl.FollowerState.run(FollowerState.java:118)
2021-12-24 01:42:27,546 [grpc-default-executor-0] INFO  server.RaftServer$Division (RaftServerImpl.java:requestVote(1078)) - d9357ef4-c66e-445f-ba22-66d061d877f9@group-25A049D079A1 replies to ELECTION vote request: dd75dce5-e290-4f16-9ffb-4c947a2969aa<-d9357ef4-c66e-445f-ba22-66d061d877f9#0:FAIL-t2. Peer's state: d9357ef4-c66e-445f-ba22-66d061d877f9@group-25A049D079A1:t2, leader=null, voted=null, raftlog=d9357ef4-c66e-445f-ba22-66d061d877f9@group-25A049D079A1-SegmentedRaftLog:OPENED:c-1, conf=-1: [dd75dce5-e290-4f16-9ffb-4c947a2969aa|rpc:10.1.0.29:43525|dataStream:|priority:0, 8a31ae00-46ab-41b2-9095-3fe81d608acd|rpc:10.1.0.29:35241|dataStream:|priority:0, d9357ef4-c66e-445f-ba22-66d061d877f9|rpc:10.1.0.29:39385|dataStream:|priority:1], old=null
2021-12-24 01:42:27,547 [dd75dce5-e290-4f16-9ffb-4c947a2969aa@group-25A049D079A1-LeaderElection68] INFO  impl.LeaderElection (LeaderElection.java:logAndReturn(89)) - dd75dce5-e290-4f16-9ffb-4c947a2969aa@group-25A049D079A1-LeaderElection68: ELECTION REJECTED received 2 response(s) and 0 exception(s):
2021-12-24 01:42:27,548 [dd75dce5-e290-4f16-9ffb-4c947a2969aa@group-25A049D079A1-LeaderElection68] INFO  impl.LeaderElection (LeaderElection.java:logAndReturn(93)) -   Response 0: dd75dce5-e290-4f16-9ffb-4c947a2969aa<-8a31ae00-46ab-41b2-9095-3fe81d608acd#0:OK-t2
2021-12-24 01:42:27,548 [dd75dce5-e290-4f16-9ffb-4c947a2969aa@group-25A049D079A1-LeaderElection68] INFO  impl.LeaderElection (LeaderElection.java:logAndReturn(93)) -   Response 1: dd75dce5-e290-4f16-9ffb-4c947a2969aa<-d9357ef4-c66e-445f-ba22-66d061d877f9#0:FAIL-t2
2021-12-24 01:42:27,548 [dd75dce5-e290-4f16-9ffb-4c947a2969aa@group-25A049D079A1-LeaderElection68] INFO  impl.LeaderElection (LeaderElection.java:askForVotes(308)) - dd75dce5-e290-4f16-9ffb-4c947a2969aa@group-25A049D079A1-LeaderElection68 ELECTION round 0: result REJECTED
2021-12-24 01:42:27,548 [dd75dce5-e290-4f16-9ffb-4c947a2969aa@group-25A049D079A1-LeaderElection68] INFO  server.RaftServer$Division (RaftServerImpl.java:setRole(290)) - dd75dce5-e290-4f16-9ffb-4c947a2969aa@group-25A049D079A1: changes role from CANDIDATE to FOLLOWER at term 2 for REJECTED
2021-12-24 01:42:27,548 [dd75dce5-e290-4f16-9ffb-4c947a2969aa@group-25A049D079A1-LeaderElection68] INFO  impl.RoleInfo (RoleInfo.java:shutdownLeaderElection(121)) - dd75dce5-e290-4f16-9ffb-4c947a2969aa: shutdown dd75dce5-e290-4f16-9ffb-4c947a2969aa@group-25A049D079A1-LeaderElection68
2021-12-24 01:42:27,548 [dd75dce5-e290-4f16-9ffb-4c947a2969aa@group-25A049D079A1-LeaderElection68] INFO  impl.RoleInfo (RoleInfo.java:updateAndGet(130)) - dd75dce5-e290-4f16-9ffb-4c947a2969aa: start dd75dce5-e290-4f16-9ffb-4c947a2969aa@group-25A049D079A1-FollowerState
2021-12-24 01:42:27,799 [dd75dce5-e290-4f16-9ffb-4c947a2969aa@group-8638DF840944-FollowerState] INFO  impl.FollowerState (FollowerState.java:run(134)) - dd75dce5-e290-4f16-9ffb-4c947a2969aa@group-8638DF840944-FollowerState: change to CANDIDATE, lastRpcElapsedTime:5039426005ns, electionTimeout:5033ms
2021-12-24 01:42:27,799 [dd75dce5-e290-4f16-9ffb-4c947a2969aa@group-8638DF840944-FollowerState] INFO  impl.RoleInfo (RoleInfo.java:shutdownFollowerState(108)) - dd75dce5-e290-4f16-9ffb-4c947a2969aa: shutdown dd75dce5-e290-4f16-9ffb-4c947a2969aa@group-8638DF840944-FollowerState
2021-12-24 01:42:27,799 [dd75dce5-e290-4f16-9ffb-4c947a2969aa@group-8638DF840944-FollowerState] INFO  server.RaftServer$Division (RaftServerImpl.java:setRole(290)) - dd75dce5-e290-4f16-9ffb-4c947a2969aa@group-8638DF840944: changes role from  FOLLOWER to CANDIDATE at term 1 for changeToCandidate
2021-12-24 01:42:27,799 [dd75dce5-e290-4f16-9ffb-4c947a2969aa@group-8638DF840944-FollowerState] INFO  server.RaftServerConfigKeys (ConfUtils.java:logGet(44)) - raft.server.leaderelection.pre-vote = false (custom)
2021-12-24 01:42:27,799 [dd75dce5-e290-4f16-9ffb-4c947a2969aa@group-8638DF840944-FollowerState] INFO  impl.RoleInfo (RoleInfo.java:updateAndGet(130)) - dd75dce5-e290-4f16-9ffb-4c947a2969aa: start dd75dce5-e290-4f16-9ffb-4c947a2969aa@group-8638DF840944-LeaderElection69
2021-12-24 01:42:27,806 [dd75dce5-e290-4f16-9ffb-4c947a2969aa@group-8638DF840944-LeaderElection69] INFO  impl.LeaderElection (LeaderElection.java:askForVotes(306)) - dd75dce5-e290-4f16-9ffb-4c947a2969aa@group-8638DF840944-LeaderElection69 ELECTION round 0: submit vote requests at term 2 for -1: [dd75dce5-e290-4f16-9ffb-4c947a2969aa|rpc:10.1.0.29:43525|priority:0, d9357ef4-c66e-445f-ba22-66d061d877f9|rpc:10.1.0.29:39385|priority:0, 8a31ae00-46ab-41b2-9095-3fe81d608acd|rpc:10.1.0.29:35241|priority:1], old=null
2021-12-24 01:42:27,810 [grpc-default-executor-0] INFO  server.RaftServer$Division (RaftServerImpl.java:requestVote(1046)) - d9357ef4-c66e-445f-ba22-66d061d877f9@group-8638DF840944: receive requestVote(ELECTION, dd75dce5-e290-4f16-9ffb-4c947a2969aa, group-8638DF840944, 2, (t:0, i:0))
2021-12-24 01:42:27,810 [grpc-default-executor-0] INFO  impl.VoteContext (VoteContext.java:log(48)) - d9357ef4-c66e-445f-ba22-66d061d877f9@group-8638DF840944-FOLLOWER: accept ELECTION from dd75dce5-e290-4f16-9ffb-4c947a2969aa: our priority 0 <= candidate's priority 0
2021-12-24 01:42:27,810 [grpc-default-executor-0] INFO  server.RaftServer$Division (RaftServerImpl.java:setRole(290)) - d9357ef4-c66e-445f-ba22-66d061d877f9@group-8638DF840944: changes role from  FOLLOWER to FOLLOWER at term 2 for candidate:dd75dce5-e290-4f16-9ffb-4c947a2969aa
2021-12-24 01:42:27,810 [grpc-default-executor-0] INFO  impl.RoleInfo (RoleInfo.java:shutdownFollowerState(108)) - d9357ef4-c66e-445f-ba22-66d061d877f9: shutdown d9357ef4-c66e-445f-ba22-66d061d877f9@group-8638DF840944-FollowerState
2021-12-24 01:42:27,812 [grpc-default-executor-1] INFO  server.RaftServer$Division (RaftServerImpl.java:requestVote(1046)) - 8a31ae00-46ab-41b2-9095-3fe81d608acd@group-8638DF840944: receive requestVote(ELECTION, dd75dce5-e290-4f16-9ffb-4c947a2969aa, group-8638DF840944, 2, (t:0, i:0))
2021-12-24 01:42:27,812 [grpc-default-executor-1] INFO  impl.VoteContext (VoteContext.java:log(48)) - 8a31ae00-46ab-41b2-9095-3fe81d608acd@group-8638DF840944-FOLLOWER: reject ELECTION from dd75dce5-e290-4f16-9ffb-4c947a2969aa: our priority 1 > candidate's priority 0
2021-12-24 01:42:27,812 [grpc-default-executor-1] INFO  server.RaftServer$Division (RaftServerImpl.java:setRole(290)) - 8a31ae00-46ab-41b2-9095-3fe81d608acd@group-8638DF840944: changes role from  FOLLOWER to FOLLOWER at term 2 for candidate:dd75dce5-e290-4f16-9ffb-4c947a2969aa
2021-12-24 01:42:27,812 [grpc-default-executor-1] INFO  impl.RoleInfo (RoleInfo.java:shutdownFollowerState(108)) - 8a31ae00-46ab-41b2-9095-3fe81d608acd: shutdown 8a31ae00-46ab-41b2-9095-3fe81d608acd@group-8638DF840944-FollowerState
2021-12-24 01:42:27,812 [grpc-default-executor-1] INFO  impl.RoleInfo (RoleInfo.java:updateAndGet(130)) - 8a31ae00-46ab-41b2-9095-3fe81d608acd: start 8a31ae00-46ab-41b2-9095-3fe81d608acd@group-8638DF840944-FollowerState
2021-12-24 01:42:27,812 [8a31ae00-46ab-41b2-9095-3fe81d608acd@group-8638DF840944-FollowerState] INFO  impl.FollowerState (FollowerState.java:run(143)) - 8a31ae00-46ab-41b2-9095-3fe81d608acd@group-8638DF840944-FollowerState was interrupted: {}
java.lang.InterruptedException: sleep interrupted
	at java.lang.Thread.sleep(Native Method)
	at java.lang.Thread.sleep(Thread.java:340)
	at java.util.concurrent.TimeUnit.sleep(TimeUnit.java:386)
	at org.apache.ratis.util.TimeDuration.sleep(TimeDuration.java:324)
	at org.apache.ratis.util.TimeDuration.sleep(TimeDuration.java:309)
	at org.apache.ratis.server.impl.FollowerState.run(FollowerState.java:118)
2021-12-24 01:42:27,829 [grpc-default-executor-0] INFO  impl.RoleInfo (RoleInfo.java:updateAndGet(130)) - d9357ef4-c66e-445f-ba22-66d061d877f9: start d9357ef4-c66e-445f-ba22-66d061d877f9@group-8638DF840944-FollowerState
2021-12-24 01:42:27,814 [grpc-default-executor-1] INFO  server.RaftServer$Division (RaftServerImpl.java:requestVote(1078)) - 8a31ae00-46ab-41b2-9095-3fe81d608acd@group-8638DF840944 replies to ELECTION vote request: dd75dce5-e290-4f16-9ffb-4c947a2969aa<-8a31ae00-46ab-41b2-9095-3fe81d608acd#0:FAIL-t2. Peer's state: 8a31ae00-46ab-41b2-9095-3fe81d608acd@group-8638DF840944:t2, leader=null, voted=null, raftlog=8a31ae00-46ab-41b2-9095-3fe81d608acd@group-8638DF840944-SegmentedRaftLog:OPENED:c-1, conf=-1: [dd75dce5-e290-4f16-9ffb-4c947a2969aa|rpc:10.1.0.29:43525|priority:0, d9357ef4-c66e-445f-ba22-66d061d877f9|rpc:10.1.0.29:39385|priority:0, 8a31ae00-46ab-41b2-9095-3fe81d608acd|rpc:10.1.0.29:35241|priority:1], old=null
2021-12-24 01:42:27,829 [d9357ef4-c66e-445f-ba22-66d061d877f9@group-8638DF840944-FollowerState] INFO  impl.FollowerState (FollowerState.java:run(143)) - d9357ef4-c66e-445f-ba22-66d061d877f9@group-8638DF840944-FollowerState was interrupted: {}
java.lang.InterruptedException: sleep interrupted
	at java.lang.Thread.sleep(Native Method)
	at java.lang.Thread.sleep(Thread.java:340)
	at java.util.concurrent.TimeUnit.sleep(TimeUnit.java:386)
	at org.apache.ratis.util.TimeDuration.sleep(TimeDuration.java:324)
	at org.apache.ratis.util.TimeDuration.sleep(TimeDuration.java:309)
	at org.apache.ratis.server.impl.FollowerState.run(FollowerState.java:118)
2021-12-24 01:42:27,832 [grpc-default-executor-0] INFO  server.RaftServer$Division (RaftServerImpl.java:requestVote(1078)) - d9357ef4-c66e-445f-ba22-66d061d877f9@group-8638DF840944 replies to ELECTION vote request: dd75dce5-e290-4f16-9ffb-4c947a2969aa<-d9357ef4-c66e-445f-ba22-66d061d877f9#0:OK-t2. Peer's state: d9357ef4-c66e-445f-ba22-66d061d877f9@group-8638DF840944:t2, leader=null, voted=dd75dce5-e290-4f16-9ffb-4c947a2969aa, raftlog=d9357ef4-c66e-445f-ba22-66d061d877f9@group-8638DF840944-SegmentedRaftLog:OPENED:c-1, conf=-1: [dd75dce5-e290-4f16-9ffb-4c947a2969aa|rpc:10.1.0.29:43525|dataStream:|priority:0, d9357ef4-c66e-445f-ba22-66d061d877f9|rpc:10.1.0.29:39385|dataStream:|priority:0, 8a31ae00-46ab-41b2-9095-3fe81d608acd|rpc:10.1.0.29:35241|dataStream:|priority:1], old=null
2021-12-24 01:42:27,853 [dd75dce5-e290-4f16-9ffb-4c947a2969aa@group-8638DF840944-LeaderElection69] INFO  impl.LeaderElection (LeaderElection.java:logAndReturn(89)) - dd75dce5-e290-4f16-9ffb-4c947a2969aa@group-8638DF840944-LeaderElection69: ELECTION REJECTED received 1 response(s) and 0 exception(s):
2021-12-24 01:42:27,853 [dd75dce5-e290-4f16-9ffb-4c947a2969aa@group-8638DF840944-LeaderElection69] INFO  impl.LeaderElection (LeaderElection.java:logAndReturn(93)) -   Response 0: dd75dce5-e290-4f16-9ffb-4c947a2969aa<-8a31ae00-46ab-41b2-9095-3fe81d608acd#0:FAIL-t2
2021-12-24 01:42:27,853 [dd75dce5-e290-4f16-9ffb-4c947a2969aa@group-8638DF840944-LeaderElection69] INFO  impl.LeaderElection (LeaderElection.java:askForVotes(308)) - dd75dce5-e290-4f16-9ffb-4c947a2969aa@group-8638DF840944-LeaderElection69 ELECTION round 0: result REJECTED
2021-12-24 01:42:27,853 [dd75dce5-e290-4f16-9ffb-4c947a2969aa@group-8638DF840944-LeaderElection69] INFO  server.RaftServer$Division (RaftServerImpl.java:setRole(290)) - dd75dce5-e290-4f16-9ffb-4c947a2969aa@group-8638DF840944: changes role from CANDIDATE to FOLLOWER at term 2 for REJECTED
2021-12-24 01:42:27,853 [dd75dce5-e290-4f16-9ffb-4c947a2969aa@group-8638DF840944-LeaderElection69] INFO  impl.RoleInfo (RoleInfo.java:shutdownLeaderElection(121)) - dd75dce5-e290-4f16-9ffb-4c947a2969aa: shutdown dd75dce5-e290-4f16-9ffb-4c947a2969aa@group-8638DF840944-LeaderElection69
2021-12-24 01:42:27,853 [dd75dce5-e290-4f16-9ffb-4c947a2969aa@group-8638DF840944-LeaderElection69] INFO  impl.RoleInfo (RoleInfo.java:updateAndGet(130)) - dd75dce5-e290-4f16-9ffb-4c947a2969aa: start dd75dce5-e290-4f16-9ffb-4c947a2969aa@group-8638DF840944-FollowerState
2021-12-24 01:42:28,026 [Listener at 127.0.0.1/42107] INFO  ozone.MiniOzoneClusterImpl (MiniOzoneClusterImpl.java:lambda$waitForClusterToBeReady$0(235)) - Nodes are ready. Got 3 of 3 DN Heartbeats.
2021-12-24 01:42:28,027 [Listener at 127.0.0.1/42107] INFO  ozone.MiniOzoneClusterImpl (MiniOzoneClusterImpl.java:lambda$waitForClusterToBeReady$0(238)) - Waiting for cluster to exit safe mode
2021-12-24 01:42:28,027 [Listener at 127.0.0.1/42107] INFO  ozone.MiniOzoneClusterImpl (MiniOzoneClusterImpl.java:lambda$waitForClusterToBeReady$0(240)) - SCM became leader
2021-12-24 01:42:29,027 [Listener at 127.0.0.1/42107] INFO  ozone.MiniOzoneClusterImpl (MiniOzoneClusterImpl.java:lambda$waitForClusterToBeReady$0(235)) - Nodes are ready. Got 3 of 3 DN Heartbeats.
2021-12-24 01:42:29,027 [Listener at 127.0.0.1/42107] INFO  ozone.MiniOzoneClusterImpl (MiniOzoneClusterImpl.java:lambda$waitForClusterToBeReady$0(238)) - Waiting for cluster to exit safe mode
2021-12-24 01:42:29,027 [Listener at 127.0.0.1/42107] INFO  ozone.MiniOzoneClusterImpl (MiniOzoneClusterImpl.java:lambda$waitForClusterToBeReady$0(240)) - SCM became leader
2021-12-24 01:42:30,028 [Listener at 127.0.0.1/42107] INFO  ozone.MiniOzoneClusterImpl (MiniOzoneClusterImpl.java:lambda$waitForClusterToBeReady$0(235)) - Nodes are ready. Got 3 of 3 DN Heartbeats.
2021-12-24 01:42:30,028 [Listener at 127.0.0.1/42107] INFO  ozone.MiniOzoneClusterImpl (MiniOzoneClusterImpl.java:lambda$waitForClusterToBeReady$0(238)) - Waiting for cluster to exit safe mode
2021-12-24 01:42:30,028 [Listener at 127.0.0.1/42107] INFO  ozone.MiniOzoneClusterImpl (MiniOzoneClusterImpl.java:lambda$waitForClusterToBeReady$0(240)) - SCM became leader
2021-12-24 01:42:31,029 [Listener at 127.0.0.1/42107] INFO  ozone.MiniOzoneClusterImpl (MiniOzoneClusterImpl.java:lambda$waitForClusterToBeReady$0(235)) - Nodes are ready. Got 3 of 3 DN Heartbeats.
2021-12-24 01:42:31,029 [Listener at 127.0.0.1/42107] INFO  ozone.MiniOzoneClusterImpl (MiniOzoneClusterImpl.java:lambda$waitForClusterToBeReady$0(238)) - Waiting for cluster to exit safe mode
2021-12-24 01:42:31,029 [Listener at 127.0.0.1/42107] INFO  ozone.MiniOzoneClusterImpl (MiniOzoneClusterImpl.java:lambda$waitForClusterToBeReady$0(240)) - SCM became leader
2021-12-24 01:42:32,029 [Listener at 127.0.0.1/42107] INFO  ozone.MiniOzoneClusterImpl (MiniOzoneClusterImpl.java:lambda$waitForClusterToBeReady$0(235)) - Nodes are ready. Got 3 of 3 DN Heartbeats.
2021-12-24 01:42:32,030 [Listener at 127.0.0.1/42107] INFO  ozone.MiniOzoneClusterImpl (MiniOzoneClusterImpl.java:lambda$waitForClusterToBeReady$0(238)) - Waiting for cluster to exit safe mode
2021-12-24 01:42:32,030 [Listener at 127.0.0.1/42107] INFO  ozone.MiniOzoneClusterImpl (MiniOzoneClusterImpl.java:lambda$waitForClusterToBeReady$0(240)) - SCM became leader
2021-12-24 01:42:32,688 [d9357ef4-c66e-445f-ba22-66d061d877f9@group-25A049D079A1-FollowerState] INFO  impl.FollowerState (FollowerState.java:run(134)) - d9357ef4-c66e-445f-ba22-66d061d877f9@group-25A049D079A1-FollowerState: change to CANDIDATE, lastRpcElapsedTime:5152572815ns, electionTimeout:5143ms
2021-12-24 01:42:32,688 [d9357ef4-c66e-445f-ba22-66d061d877f9@group-25A049D079A1-FollowerState] INFO  impl.RoleInfo (RoleInfo.java:shutdownFollowerState(108)) - d9357ef4-c66e-445f-ba22-66d061d877f9: shutdown d9357ef4-c66e-445f-ba22-66d061d877f9@group-25A049D079A1-FollowerState
2021-12-24 01:42:32,689 [d9357ef4-c66e-445f-ba22-66d061d877f9@group-25A049D079A1-FollowerState] INFO  server.RaftServer$Division (RaftServerImpl.java:setRole(290)) - d9357ef4-c66e-445f-ba22-66d061d877f9@group-25A049D079A1: changes role from  FOLLOWER to CANDIDATE at term 2 for changeToCandidate
2021-12-24 01:42:32,689 [d9357ef4-c66e-445f-ba22-66d061d877f9@group-25A049D079A1-FollowerState] INFO  server.RaftServerConfigKeys (ConfUtils.java:logGet(44)) - raft.server.leaderelection.pre-vote = false (custom)
2021-12-24 01:42:32,689 [d9357ef4-c66e-445f-ba22-66d061d877f9@group-25A049D079A1-FollowerState] INFO  impl.RoleInfo (RoleInfo.java:updateAndGet(130)) - d9357ef4-c66e-445f-ba22-66d061d877f9: start d9357ef4-c66e-445f-ba22-66d061d877f9@group-25A049D079A1-LeaderElection70
2021-12-24 01:42:32,718 [8a31ae00-46ab-41b2-9095-3fe81d608acd@group-25A049D079A1-FollowerState] INFO  impl.FollowerState (FollowerState.java:run(134)) - 8a31ae00-46ab-41b2-9095-3fe81d608acd@group-25A049D079A1-FollowerState: change to CANDIDATE, lastRpcElapsedTime:5211028393ns, electionTimeout:5172ms
2021-12-24 01:42:32,719 [8a31ae00-46ab-41b2-9095-3fe81d608acd@group-25A049D079A1-FollowerState] INFO  impl.RoleInfo (RoleInfo.java:shutdownFollowerState(108)) - 8a31ae00-46ab-41b2-9095-3fe81d608acd: shutdown 8a31ae00-46ab-41b2-9095-3fe81d608acd@group-25A049D079A1-FollowerState
2021-12-24 01:42:32,719 [8a31ae00-46ab-41b2-9095-3fe81d608acd@group-25A049D079A1-FollowerState] INFO  server.RaftServer$Division (RaftServerImpl.java:setRole(290)) - 8a31ae00-46ab-41b2-9095-3fe81d608acd@group-25A049D079A1: changes role from  FOLLOWER to CANDIDATE at term 2 for changeToCandidate
2021-12-24 01:42:32,719 [8a31ae00-46ab-41b2-9095-3fe81d608acd@group-25A049D079A1-FollowerState] INFO  server.RaftServerConfigKeys (ConfUtils.java:logGet(44)) - raft.server.leaderelection.pre-vote = false (custom)
2021-12-24 01:42:32,719 [8a31ae00-46ab-41b2-9095-3fe81d608acd@group-25A049D079A1-FollowerState] INFO  impl.RoleInfo (RoleInfo.java:updateAndGet(130)) - 8a31ae00-46ab-41b2-9095-3fe81d608acd: start 8a31ae00-46ab-41b2-9095-3fe81d608acd@group-25A049D079A1-LeaderElection71
2021-12-24 01:42:32,740 [dd75dce5-e290-4f16-9ffb-4c947a2969aa@group-25A049D079A1-FollowerState] INFO  impl.FollowerState (FollowerState.java:run(134)) - dd75dce5-e290-4f16-9ffb-4c947a2969aa@group-25A049D079A1-FollowerState: change to CANDIDATE, lastRpcElapsedTime:5191913048ns, electionTimeout:5177ms
2021-12-24 01:42:32,740 [dd75dce5-e290-4f16-9ffb-4c947a2969aa@group-25A049D079A1-FollowerState] INFO  impl.RoleInfo (RoleInfo.java:shutdownFollowerState(108)) - dd75dce5-e290-4f16-9ffb-4c947a2969aa: shutdown dd75dce5-e290-4f16-9ffb-4c947a2969aa@group-25A049D079A1-FollowerState
2021-12-24 01:42:32,740 [dd75dce5-e290-4f16-9ffb-4c947a2969aa@group-25A049D079A1-FollowerState] INFO  server.RaftServer$Division (RaftServerImpl.java:setRole(290)) - dd75dce5-e290-4f16-9ffb-4c947a2969aa@group-25A049D079A1: changes role from  FOLLOWER to CANDIDATE at term 2 for changeToCandidate
2021-12-24 01:42:32,740 [dd75dce5-e290-4f16-9ffb-4c947a2969aa@group-25A049D079A1-FollowerState] INFO  server.RaftServerConfigKeys (ConfUtils.java:logGet(44)) - raft.server.leaderelection.pre-vote = false (custom)
2021-12-24 01:42:32,740 [dd75dce5-e290-4f16-9ffb-4c947a2969aa@group-25A049D079A1-FollowerState] INFO  impl.RoleInfo (RoleInfo.java:updateAndGet(130)) - dd75dce5-e290-4f16-9ffb-4c947a2969aa: start dd75dce5-e290-4f16-9ffb-4c947a2969aa@group-25A049D079A1-LeaderElection72
2021-12-24 01:42:32,764 [8a31ae00-46ab-41b2-9095-3fe81d608acd@group-25A049D079A1-LeaderElection71] INFO  impl.LeaderElection (LeaderElection.java:askForVotes(306)) - 8a31ae00-46ab-41b2-9095-3fe81d608acd@group-25A049D079A1-LeaderElection71 ELECTION round 0: submit vote requests at term 3 for -1: [dd75dce5-e290-4f16-9ffb-4c947a2969aa|rpc:10.1.0.29:43525|dataStream:|priority:0, 8a31ae00-46ab-41b2-9095-3fe81d608acd|rpc:10.1.0.29:35241|dataStream:|priority:0, d9357ef4-c66e-445f-ba22-66d061d877f9|rpc:10.1.0.29:39385|dataStream:|priority:1], old=null
2021-12-24 01:42:32,767 [grpc-default-executor-0] INFO  server.RaftServer$Division (RaftServerImpl.java:requestVote(1046)) - dd75dce5-e290-4f16-9ffb-4c947a2969aa@group-25A049D079A1: receive requestVote(ELECTION, 8a31ae00-46ab-41b2-9095-3fe81d608acd, group-25A049D079A1, 3, (t:0, i:0))
2021-12-24 01:42:32,767 [grpc-default-executor-0] INFO  impl.VoteContext (VoteContext.java:log(48)) - dd75dce5-e290-4f16-9ffb-4c947a2969aa@group-25A049D079A1-CANDIDATE: accept ELECTION from 8a31ae00-46ab-41b2-9095-3fe81d608acd: our priority 0 <= candidate's priority 0
2021-12-24 01:42:32,767 [grpc-default-executor-0] INFO  server.RaftServer$Division (RaftServerImpl.java:setRole(290)) - dd75dce5-e290-4f16-9ffb-4c947a2969aa@group-25A049D079A1: changes role from CANDIDATE to FOLLOWER at term 3 for candidate:8a31ae00-46ab-41b2-9095-3fe81d608acd
2021-12-24 01:42:32,768 [grpc-default-executor-0] INFO  impl.RoleInfo (RoleInfo.java:shutdownLeaderElection(121)) - dd75dce5-e290-4f16-9ffb-4c947a2969aa: shutdown dd75dce5-e290-4f16-9ffb-4c947a2969aa@group-25A049D079A1-LeaderElection72
2021-12-24 01:42:32,774 [d9357ef4-c66e-445f-ba22-66d061d877f9@group-25A049D079A1-LeaderElection70] INFO  impl.LeaderElection (LeaderElection.java:askForVotes(306)) - d9357ef4-c66e-445f-ba22-66d061d877f9@group-25A049D079A1-LeaderElection70 ELECTION round 0: submit vote requests at term 3 for -1: [dd75dce5-e290-4f16-9ffb-4c947a2969aa|rpc:10.1.0.29:43525|dataStream:|priority:0, 8a31ae00-46ab-41b2-9095-3fe81d608acd|rpc:10.1.0.29:35241|dataStream:|priority:0, d9357ef4-c66e-445f-ba22-66d061d877f9|rpc:10.1.0.29:39385|dataStream:|priority:1], old=null
2021-12-24 01:42:32,779 [grpc-default-executor-1] INFO  server.RaftServer$Division (RaftServerImpl.java:requestVote(1046)) - d9357ef4-c66e-445f-ba22-66d061d877f9@group-25A049D079A1: receive requestVote(ELECTION, 8a31ae00-46ab-41b2-9095-3fe81d608acd, group-25A049D079A1, 3, (t:0, i:0))
2021-12-24 01:42:32,779 [grpc-default-executor-0] INFO  impl.RoleInfo (RoleInfo.java:updateAndGet(130)) - dd75dce5-e290-4f16-9ffb-4c947a2969aa: start dd75dce5-e290-4f16-9ffb-4c947a2969aa@group-25A049D079A1-FollowerState
2021-12-24 01:42:32,779 [grpc-default-executor-1] INFO  impl.VoteContext (VoteContext.java:log(48)) - d9357ef4-c66e-445f-ba22-66d061d877f9@group-25A049D079A1-CANDIDATE: reject ELECTION from 8a31ae00-46ab-41b2-9095-3fe81d608acd: already has voted for d9357ef4-c66e-445f-ba22-66d061d877f9 at current term 3
2021-12-24 01:42:32,781 [grpc-default-executor-1] INFO  server.RaftServer$Division (RaftServerImpl.java:requestVote(1078)) - d9357ef4-c66e-445f-ba22-66d061d877f9@group-25A049D079A1 replies to ELECTION vote request: 8a31ae00-46ab-41b2-9095-3fe81d608acd<-d9357ef4-c66e-445f-ba22-66d061d877f9#0:FAIL-t3. Peer's state: d9357ef4-c66e-445f-ba22-66d061d877f9@group-25A049D079A1:t3, leader=null, voted=d9357ef4-c66e-445f-ba22-66d061d877f9, raftlog=d9357ef4-c66e-445f-ba22-66d061d877f9@group-25A049D079A1-SegmentedRaftLog:OPENED:c-1, conf=-1: [dd75dce5-e290-4f16-9ffb-4c947a2969aa|rpc:10.1.0.29:43525|dataStream:|priority:0, 8a31ae00-46ab-41b2-9095-3fe81d608acd|rpc:10.1.0.29:35241|dataStream:|priority:0, d9357ef4-c66e-445f-ba22-66d061d877f9|rpc:10.1.0.29:39385|dataStream:|priority:1], old=null
2021-12-24 01:42:32,793 [dd75dce5-e290-4f16-9ffb-4c947a2969aa@group-25A049D079A1-LeaderElection72] INFO  impl.LeaderElection (LeaderElection.java:run(230)) - dd75dce5-e290-4f16-9ffb-4c947a2969aa@group-25A049D079A1-LeaderElection72: skip running since this is already CLOSING
2021-12-24 01:42:32,794 [grpc-default-executor-0] INFO  server.RaftServer$Division (RaftServerImpl.java:requestVote(1078)) - dd75dce5-e290-4f16-9ffb-4c947a2969aa@group-25A049D079A1 replies to ELECTION vote request: 8a31ae00-46ab-41b2-9095-3fe81d608acd<-dd75dce5-e290-4f16-9ffb-4c947a2969aa#0:OK-t3. Peer's state: dd75dce5-e290-4f16-9ffb-4c947a2969aa@group-25A049D079A1:t3, leader=null, voted=8a31ae00-46ab-41b2-9095-3fe81d608acd, raftlog=dd75dce5-e290-4f16-9ffb-4c947a2969aa@group-25A049D079A1-SegmentedRaftLog:OPENED:c-1, conf=-1: [dd75dce5-e290-4f16-9ffb-4c947a2969aa|rpc:10.1.0.29:43525|priority:0, 8a31ae00-46ab-41b2-9095-3fe81d608acd|rpc:10.1.0.29:35241|priority:0, d9357ef4-c66e-445f-ba22-66d061d877f9|rpc:10.1.0.29:39385|priority:1], old=null
2021-12-24 01:42:32,814 [8a31ae00-46ab-41b2-9095-3fe81d608acd@group-25A049D079A1-LeaderElection71] INFO  impl.LeaderElection (LeaderElection.java:logAndReturn(89)) - 8a31ae00-46ab-41b2-9095-3fe81d608acd@group-25A049D079A1-LeaderElection71: ELECTION REJECTED received 1 response(s) and 0 exception(s):
2021-12-24 01:42:32,814 [8a31ae00-46ab-41b2-9095-3fe81d608acd@group-25A049D079A1-LeaderElection71] INFO  impl.LeaderElection (LeaderElection.java:logAndReturn(93)) -   Response 0: 8a31ae00-46ab-41b2-9095-3fe81d608acd<-d9357ef4-c66e-445f-ba22-66d061d877f9#0:FAIL-t3
2021-12-24 01:42:32,814 [8a31ae00-46ab-41b2-9095-3fe81d608acd@group-25A049D079A1-LeaderElection71] INFO  impl.LeaderElection (LeaderElection.java:askForVotes(308)) - 8a31ae00-46ab-41b2-9095-3fe81d608acd@group-25A049D079A1-LeaderElection71 ELECTION round 0: result REJECTED
2021-12-24 01:42:32,814 [8a31ae00-46ab-41b2-9095-3fe81d608acd@group-25A049D079A1-LeaderElection71] INFO  server.RaftServer$Division (RaftServerImpl.java:setRole(290)) - 8a31ae00-46ab-41b2-9095-3fe81d608acd@group-25A049D079A1: changes role from CANDIDATE to FOLLOWER at term 3 for REJECTED
2021-12-24 01:42:32,815 [8a31ae00-46ab-41b2-9095-3fe81d608acd@group-25A049D079A1-LeaderElection71] INFO  impl.RoleInfo (RoleInfo.java:shutdownLeaderElection(121)) - 8a31ae00-46ab-41b2-9095-3fe81d608acd: shutdown 8a31ae00-46ab-41b2-9095-3fe81d608acd@group-25A049D079A1-LeaderElection71
2021-12-24 01:42:32,815 [8a31ae00-46ab-41b2-9095-3fe81d608acd@group-25A049D079A1-LeaderElection71] INFO  impl.RoleInfo (RoleInfo.java:updateAndGet(130)) - 8a31ae00-46ab-41b2-9095-3fe81d608acd: start 8a31ae00-46ab-41b2-9095-3fe81d608acd@group-25A049D079A1-FollowerState
2021-12-24 01:42:32,817 [grpc-default-executor-1] INFO  server.RaftServer$Division (RaftServerImpl.java:requestVote(1046)) - 8a31ae00-46ab-41b2-9095-3fe81d608acd@group-25A049D079A1: receive requestVote(ELECTION, d9357ef4-c66e-445f-ba22-66d061d877f9, group-25A049D079A1, 3, (t:0, i:0))
2021-12-24 01:42:32,817 [grpc-default-executor-1] INFO  impl.VoteContext (VoteContext.java:log(48)) - 8a31ae00-46ab-41b2-9095-3fe81d608acd@group-25A049D079A1-FOLLOWER: reject ELECTION from d9357ef4-c66e-445f-ba22-66d061d877f9: already has voted for 8a31ae00-46ab-41b2-9095-3fe81d608acd at current term 3
2021-12-24 01:42:32,817 [grpc-default-executor-1] INFO  server.RaftServer$Division (RaftServerImpl.java:requestVote(1078)) - 8a31ae00-46ab-41b2-9095-3fe81d608acd@group-25A049D079A1 replies to ELECTION vote request: d9357ef4-c66e-445f-ba22-66d061d877f9<-8a31ae00-46ab-41b2-9095-3fe81d608acd#0:FAIL-t3. Peer's state: 8a31ae00-46ab-41b2-9095-3fe81d608acd@group-25A049D079A1:t3, leader=null, voted=8a31ae00-46ab-41b2-9095-3fe81d608acd, raftlog=8a31ae00-46ab-41b2-9095-3fe81d608acd@group-25A049D079A1-SegmentedRaftLog:OPENED:c-1, conf=-1: [dd75dce5-e290-4f16-9ffb-4c947a2969aa|rpc:10.1.0.29:43525|dataStream:|priority:0, 8a31ae00-46ab-41b2-9095-3fe81d608acd|rpc:10.1.0.29:35241|dataStream:|priority:0, d9357ef4-c66e-445f-ba22-66d061d877f9|rpc:10.1.0.29:39385|dataStream:|priority:1], old=null
2021-12-24 01:42:32,826 [grpc-default-executor-2] INFO  server.RaftServer$Division (RaftServerImpl.java:requestVote(1046)) - dd75dce5-e290-4f16-9ffb-4c947a2969aa@group-25A049D079A1: receive requestVote(ELECTION, d9357ef4-c66e-445f-ba22-66d061d877f9, group-25A049D079A1, 3, (t:0, i:0))
2021-12-24 01:42:32,826 [grpc-default-executor-2] INFO  impl.VoteContext (VoteContext.java:log(48)) - dd75dce5-e290-4f16-9ffb-4c947a2969aa@group-25A049D079A1-FOLLOWER: reject ELECTION from d9357ef4-c66e-445f-ba22-66d061d877f9: already has voted for 8a31ae00-46ab-41b2-9095-3fe81d608acd at current term 3
2021-12-24 01:42:32,826 [grpc-default-executor-2] INFO  server.RaftServer$Division (RaftServerImpl.java:requestVote(1078)) - dd75dce5-e290-4f16-9ffb-4c947a2969aa@group-25A049D079A1 replies to ELECTION vote request: d9357ef4-c66e-445f-ba22-66d061d877f9<-dd75dce5-e290-4f16-9ffb-4c947a2969aa#0:FAIL-t3. Peer's state: dd75dce5-e290-4f16-9ffb-4c947a2969aa@group-25A049D079A1:t3, leader=null, voted=8a31ae00-46ab-41b2-9095-3fe81d608acd, raftlog=dd75dce5-e290-4f16-9ffb-4c947a2969aa@group-25A049D079A1-SegmentedRaftLog:OPENED:c-1, conf=-1: [dd75dce5-e290-4f16-9ffb-4c947a2969aa|rpc:10.1.0.29:43525|priority:0, 8a31ae00-46ab-41b2-9095-3fe81d608acd|rpc:10.1.0.29:35241|priority:0, d9357ef4-c66e-445f-ba22-66d061d877f9|rpc:10.1.0.29:39385|priority:1], old=null
2021-12-24 01:42:32,830 [d9357ef4-c66e-445f-ba22-66d061d877f9@group-25A049D079A1-LeaderElection70] INFO  impl.LeaderElection (LeaderElection.java:logAndReturn(89)) - d9357ef4-c66e-445f-ba22-66d061d877f9@group-25A049D079A1-LeaderElection70: ELECTION REJECTED received 2 response(s) and 0 exception(s):
2021-12-24 01:42:32,830 [d9357ef4-c66e-445f-ba22-66d061d877f9@group-25A049D079A1-LeaderElection70] INFO  impl.LeaderElection (LeaderElection.java:logAndReturn(93)) -   Response 0: d9357ef4-c66e-445f-ba22-66d061d877f9<-dd75dce5-e290-4f16-9ffb-4c947a2969aa#0:FAIL-t3
2021-12-24 01:42:32,830 [d9357ef4-c66e-445f-ba22-66d061d877f9@group-25A049D079A1-LeaderElection70] INFO  impl.LeaderElection (LeaderElection.java:logAndReturn(93)) -   Response 1: d9357ef4-c66e-445f-ba22-66d061d877f9<-8a31ae00-46ab-41b2-9095-3fe81d608acd#0:FAIL-t3
2021-12-24 01:42:32,830 [d9357ef4-c66e-445f-ba22-66d061d877f9@group-25A049D079A1-LeaderElection70] INFO  impl.LeaderElection (LeaderElection.java:askForVotes(308)) - d9357ef4-c66e-445f-ba22-66d061d877f9@group-25A049D079A1-LeaderElection70 ELECTION round 0: result REJECTED
2021-12-24 01:42:32,830 [d9357ef4-c66e-445f-ba22-66d061d877f9@group-25A049D079A1-LeaderElection70] INFO  server.RaftServer$Division (RaftServerImpl.java:setRole(290)) - d9357ef4-c66e-445f-ba22-66d061d877f9@group-25A049D079A1: changes role from CANDIDATE to FOLLOWER at term 3 for REJECTED
2021-12-24 01:42:32,830 [d9357ef4-c66e-445f-ba22-66d061d877f9@group-25A049D079A1-LeaderElection70] INFO  impl.RoleInfo (RoleInfo.java:shutdownLeaderElection(121)) - d9357ef4-c66e-445f-ba22-66d061d877f9: shutdown d9357ef4-c66e-445f-ba22-66d061d877f9@group-25A049D079A1-LeaderElection70
2021-12-24 01:42:32,830 [d9357ef4-c66e-445f-ba22-66d061d877f9@group-25A049D079A1-LeaderElection70] INFO  impl.RoleInfo (RoleInfo.java:updateAndGet(130)) - d9357ef4-c66e-445f-ba22-66d061d877f9: start d9357ef4-c66e-445f-ba22-66d061d877f9@group-25A049D079A1-FollowerState
2021-12-24 01:42:32,892 [dd75dce5-e290-4f16-9ffb-4c947a2969aa@group-8638DF840944-FollowerState] INFO  impl.FollowerState (FollowerState.java:run(134)) - dd75dce5-e290-4f16-9ffb-4c947a2969aa@group-8638DF840944-FollowerState: change to CANDIDATE, lastRpcElapsedTime:5039409402ns, electionTimeout:5032ms
2021-12-24 01:42:32,892 [dd75dce5-e290-4f16-9ffb-4c947a2969aa@group-8638DF840944-FollowerState] INFO  impl.RoleInfo (RoleInfo.java:shutdownFollowerState(108)) - dd75dce5-e290-4f16-9ffb-4c947a2969aa: shutdown dd75dce5-e290-4f16-9ffb-4c947a2969aa@group-8638DF840944-FollowerState
2021-12-24 01:42:32,893 [dd75dce5-e290-4f16-9ffb-4c947a2969aa@group-8638DF840944-FollowerState] INFO  server.RaftServer$Division (RaftServerImpl.java:setRole(290)) - dd75dce5-e290-4f16-9ffb-4c947a2969aa@group-8638DF840944: changes role from  FOLLOWER to CANDIDATE at term 2 for changeToCandidate
2021-12-24 01:42:32,893 [dd75dce5-e290-4f16-9ffb-4c947a2969aa@group-8638DF840944-FollowerState] INFO  server.RaftServerConfigKeys (ConfUtils.java:logGet(44)) - raft.server.leaderelection.pre-vote = false (custom)
2021-12-24 01:42:32,893 [dd75dce5-e290-4f16-9ffb-4c947a2969aa@group-8638DF840944-FollowerState] INFO  impl.RoleInfo (RoleInfo.java:updateAndGet(130)) - dd75dce5-e290-4f16-9ffb-4c947a2969aa: start dd75dce5-e290-4f16-9ffb-4c947a2969aa@group-8638DF840944-LeaderElection73
2021-12-24 01:42:32,928 [dd75dce5-e290-4f16-9ffb-4c947a2969aa@group-8638DF840944-LeaderElection73] INFO  impl.LeaderElection (LeaderElection.java:askForVotes(306)) - dd75dce5-e290-4f16-9ffb-4c947a2969aa@group-8638DF840944-LeaderElection73 ELECTION round 0: submit vote requests at term 3 for -1: [dd75dce5-e290-4f16-9ffb-4c947a2969aa|rpc:10.1.0.29:43525|priority:0, d9357ef4-c66e-445f-ba22-66d061d877f9|rpc:10.1.0.29:39385|priority:0, 8a31ae00-46ab-41b2-9095-3fe81d608acd|rpc:10.1.0.29:35241|priority:1], old=null
2021-12-24 01:42:32,931 [grpc-default-executor-2] INFO  server.RaftServer$Division (RaftServerImpl.java:requestVote(1046)) - d9357ef4-c66e-445f-ba22-66d061d877f9@group-8638DF840944: receive requestVote(ELECTION, dd75dce5-e290-4f16-9ffb-4c947a2969aa, group-8638DF840944, 3, (t:0, i:0))
2021-12-24 01:42:32,931 [grpc-default-executor-2] INFO  impl.VoteContext (VoteContext.java:log(48)) - d9357ef4-c66e-445f-ba22-66d061d877f9@group-8638DF840944-FOLLOWER: accept ELECTION from dd75dce5-e290-4f16-9ffb-4c947a2969aa: our priority 0 <= candidate's priority 0
2021-12-24 01:42:32,931 [grpc-default-executor-2] INFO  server.RaftServer$Division (RaftServerImpl.java:setRole(290)) - d9357ef4-c66e-445f-ba22-66d061d877f9@group-8638DF840944: changes role from  FOLLOWER to FOLLOWER at term 3 for candidate:dd75dce5-e290-4f16-9ffb-4c947a2969aa
2021-12-24 01:42:32,931 [grpc-default-executor-2] INFO  impl.RoleInfo (RoleInfo.java:shutdownFollowerState(108)) - d9357ef4-c66e-445f-ba22-66d061d877f9: shutdown d9357ef4-c66e-445f-ba22-66d061d877f9@group-8638DF840944-FollowerState
2021-12-24 01:42:32,931 [grpc-default-executor-2] INFO  impl.RoleInfo (RoleInfo.java:updateAndGet(130)) - d9357ef4-c66e-445f-ba22-66d061d877f9: start d9357ef4-c66e-445f-ba22-66d061d877f9@group-8638DF840944-FollowerState
2021-12-24 01:42:32,931 [d9357ef4-c66e-445f-ba22-66d061d877f9@group-8638DF840944-FollowerState] INFO  impl.FollowerState (FollowerState.java:run(143)) - d9357ef4-c66e-445f-ba22-66d061d877f9@group-8638DF840944-FollowerState was interrupted: {}
java.lang.InterruptedException: sleep interrupted
	at java.lang.Thread.sleep(Native Method)
	at java.lang.Thread.sleep(Thread.java:340)
	at java.util.concurrent.TimeUnit.sleep(TimeUnit.java:386)
	at org.apache.ratis.util.TimeDuration.sleep(TimeDuration.java:324)
	at org.apache.ratis.util.TimeDuration.sleep(TimeDuration.java:309)
	at org.apache.ratis.server.impl.FollowerState.run(FollowerState.java:118)
2021-12-24 01:42:32,933 [grpc-default-executor-1] INFO  server.RaftServer$Division (RaftServerImpl.java:requestVote(1046)) - 8a31ae00-46ab-41b2-9095-3fe81d608acd@group-8638DF840944: receive requestVote(ELECTION, dd75dce5-e290-4f16-9ffb-4c947a2969aa, group-8638DF840944, 3, (t:0, i:0))
2021-12-24 01:42:32,933 [grpc-default-executor-1] INFO  impl.VoteContext (VoteContext.java:log(48)) - 8a31ae00-46ab-41b2-9095-3fe81d608acd@group-8638DF840944-FOLLOWER: reject ELECTION from dd75dce5-e290-4f16-9ffb-4c947a2969aa: our priority 1 > candidate's priority 0
2021-12-24 01:42:32,933 [grpc-default-executor-1] INFO  server.RaftServer$Division (RaftServerImpl.java:setRole(290)) - 8a31ae00-46ab-41b2-9095-3fe81d608acd@group-8638DF840944: changes role from  FOLLOWER to FOLLOWER at term 3 for candidate:dd75dce5-e290-4f16-9ffb-4c947a2969aa
2021-12-24 01:42:32,933 [grpc-default-executor-1] INFO  impl.RoleInfo (RoleInfo.java:shutdownFollowerState(108)) - 8a31ae00-46ab-41b2-9095-3fe81d608acd: shutdown 8a31ae00-46ab-41b2-9095-3fe81d608acd@group-8638DF840944-FollowerState
2021-12-24 01:42:32,933 [grpc-default-executor-1] INFO  impl.RoleInfo (RoleInfo.java:updateAndGet(130)) - 8a31ae00-46ab-41b2-9095-3fe81d608acd: start 8a31ae00-46ab-41b2-9095-3fe81d608acd@group-8638DF840944-FollowerState
2021-12-24 01:42:32,933 [8a31ae00-46ab-41b2-9095-3fe81d608acd@group-8638DF840944-FollowerState] INFO  impl.FollowerState (FollowerState.java:run(143)) - 8a31ae00-46ab-41b2-9095-3fe81d608acd@group-8638DF840944-FollowerState was interrupted: {}
java.lang.InterruptedException: sleep interrupted
	at java.lang.Thread.sleep(Native Method)
	at java.lang.Thread.sleep(Thread.java:340)
	at java.util.concurrent.TimeUnit.sleep(TimeUnit.java:386)
	at org.apache.ratis.util.TimeDuration.sleep(TimeDuration.java:324)
	at org.apache.ratis.util.TimeDuration.sleep(TimeDuration.java:309)
	at org.apache.ratis.server.impl.FollowerState.run(FollowerState.java:118)
2021-12-24 01:42:32,935 [grpc-default-executor-2] INFO  server.RaftServer$Division (RaftServerImpl.java:requestVote(1078)) - d9357ef4-c66e-445f-ba22-66d061d877f9@group-8638DF840944 replies to ELECTION vote request: dd75dce5-e290-4f16-9ffb-4c947a2969aa<-d9357ef4-c66e-445f-ba22-66d061d877f9#0:OK-t3. Peer's state: d9357ef4-c66e-445f-ba22-66d061d877f9@group-8638DF840944:t3, leader=null, voted=dd75dce5-e290-4f16-9ffb-4c947a2969aa, raftlog=d9357ef4-c66e-445f-ba22-66d061d877f9@group-8638DF840944-SegmentedRaftLog:OPENED:c-1, conf=-1: [dd75dce5-e290-4f16-9ffb-4c947a2969aa|rpc:10.1.0.29:43525|dataStream:|priority:0, d9357ef4-c66e-445f-ba22-66d061d877f9|rpc:10.1.0.29:39385|dataStream:|priority:0, 8a31ae00-46ab-41b2-9095-3fe81d608acd|rpc:10.1.0.29:35241|dataStream:|priority:1], old=null
2021-12-24 01:42:32,968 [grpc-default-executor-1] INFO  server.RaftServer$Division (RaftServerImpl.java:requestVote(1078)) - 8a31ae00-46ab-41b2-9095-3fe81d608acd@group-8638DF840944 replies to ELECTION vote request: dd75dce5-e290-4f16-9ffb-4c947a2969aa<-8a31ae00-46ab-41b2-9095-3fe81d608acd#0:FAIL-t3. Peer's state: 8a31ae00-46ab-41b2-9095-3fe81d608acd@group-8638DF840944:t3, leader=null, voted=null, raftlog=8a31ae00-46ab-41b2-9095-3fe81d608acd@group-8638DF840944-SegmentedRaftLog:OPENED:c-1, conf=-1: [dd75dce5-e290-4f16-9ffb-4c947a2969aa|rpc:10.1.0.29:43525|priority:0, d9357ef4-c66e-445f-ba22-66d061d877f9|rpc:10.1.0.29:39385|priority:0, 8a31ae00-46ab-41b2-9095-3fe81d608acd|rpc:10.1.0.29:35241|priority:1], old=null
2021-12-24 01:42:32,974 [dd75dce5-e290-4f16-9ffb-4c947a2969aa@group-8638DF840944-LeaderElection73] INFO  impl.LeaderElection (LeaderElection.java:logAndReturn(89)) - dd75dce5-e290-4f16-9ffb-4c947a2969aa@group-8638DF840944-LeaderElection73: ELECTION REJECTED received 2 response(s) and 0 exception(s):
2021-12-24 01:42:32,974 [dd75dce5-e290-4f16-9ffb-4c947a2969aa@group-8638DF840944-LeaderElection73] INFO  impl.LeaderElection (LeaderElection.java:logAndReturn(93)) -   Response 0: dd75dce5-e290-4f16-9ffb-4c947a2969aa<-d9357ef4-c66e-445f-ba22-66d061d877f9#0:OK-t3
2021-12-24 01:42:32,974 [dd75dce5-e290-4f16-9ffb-4c947a2969aa@group-8638DF840944-LeaderElection73] INFO  impl.LeaderElection (LeaderElection.java:logAndReturn(93)) -   Response 1: dd75dce5-e290-4f16-9ffb-4c947a2969aa<-8a31ae00-46ab-41b2-9095-3fe81d608acd#0:FAIL-t3
2021-12-24 01:42:32,974 [dd75dce5-e290-4f16-9ffb-4c947a2969aa@group-8638DF840944-LeaderElection73] INFO  impl.LeaderElection (LeaderElection.java:askForVotes(308)) - dd75dce5-e290-4f16-9ffb-4c947a2969aa@group-8638DF840944-LeaderElection73 ELECTION round 0: result REJECTED
2021-12-24 01:42:32,974 [dd75dce5-e290-4f16-9ffb-4c947a2969aa@group-8638DF840944-LeaderElection73] INFO  server.RaftServer$Division (RaftServerImpl.java:setRole(290)) - dd75dce5-e290-4f16-9ffb-4c947a2969aa@group-8638DF840944: changes role from CANDIDATE to FOLLOWER at term 3 for REJECTED
2021-12-24 01:42:32,974 [dd75dce5-e290-4f16-9ffb-4c947a2969aa@group-8638DF840944-LeaderElection73] INFO  impl.RoleInfo (RoleInfo.java:shutdownLeaderElection(121)) - dd75dce5-e290-4f16-9ffb-4c947a2969aa: shutdown dd75dce5-e290-4f16-9ffb-4c947a2969aa@group-8638DF840944-LeaderElection73
2021-12-24 01:42:32,974 [dd75dce5-e290-4f16-9ffb-4c947a2969aa@group-8638DF840944-LeaderElection73] INFO  impl.RoleInfo (RoleInfo.java:updateAndGet(130)) - dd75dce5-e290-4f16-9ffb-4c947a2969aa: start dd75dce5-e290-4f16-9ffb-4c947a2969aa@group-8638DF840944-FollowerState
2021-12-24 01:42:33,030 [Listener at 127.0.0.1/42107] INFO  ozone.MiniOzoneClusterImpl (MiniOzoneClusterImpl.java:lambda$waitForClusterToBeReady$0(235)) - Nodes are ready. Got 3 of 3 DN Heartbeats.
2021-12-24 01:42:33,030 [Listener at 127.0.0.1/42107] INFO  ozone.MiniOzoneClusterImpl (MiniOzoneClusterImpl.java:lambda$waitForClusterToBeReady$0(238)) - Waiting for cluster to exit safe mode
2021-12-24 01:42:33,030 [Listener at 127.0.0.1/42107] INFO  ozone.MiniOzoneClusterImpl (MiniOzoneClusterImpl.java:lambda$waitForClusterToBeReady$0(240)) - SCM became leader
2021-12-24 01:42:34,031 [Listener at 127.0.0.1/42107] INFO  ozone.MiniOzoneClusterImpl (MiniOzoneClusterImpl.java:lambda$waitForClusterToBeReady$0(235)) - Nodes are ready. Got 3 of 3 DN Heartbeats.
2021-12-24 01:42:34,031 [Listener at 127.0.0.1/42107] INFO  ozone.MiniOzoneClusterImpl (MiniOzoneClusterImpl.java:lambda$waitForClusterToBeReady$0(238)) - Waiting for cluster to exit safe mode
2021-12-24 01:42:34,031 [Listener at 127.0.0.1/42107] INFO  ozone.MiniOzoneClusterImpl (MiniOzoneClusterImpl.java:lambda$waitForClusterToBeReady$0(240)) - SCM became leader
2021-12-24 01:42:35,034 [Listener at 127.0.0.1/42107] INFO  ozone.MiniOzoneClusterImpl (MiniOzoneClusterImpl.java:lambda$waitForClusterToBeReady$0(235)) - Nodes are ready. Got 3 of 3 DN Heartbeats.
2021-12-24 01:42:35,034 [Listener at 127.0.0.1/42107] INFO  ozone.MiniOzoneClusterImpl (MiniOzoneClusterImpl.java:lambda$waitForClusterToBeReady$0(238)) - Waiting for cluster to exit safe mode
2021-12-24 01:42:35,034 [Listener at 127.0.0.1/42107] INFO  ozone.MiniOzoneClusterImpl (MiniOzoneClusterImpl.java:lambda$waitForClusterToBeReady$0(240)) - SCM became leader
2021-12-24 01:42:36,034 [Listener at 127.0.0.1/42107] INFO  ozone.MiniOzoneClusterImpl (MiniOzoneClusterImpl.java:lambda$waitForClusterToBeReady$0(235)) - Nodes are ready. Got 3 of 3 DN Heartbeats.
2021-12-24 01:42:36,035 [Listener at 127.0.0.1/42107] INFO  ozone.MiniOzoneClusterImpl (MiniOzoneClusterImpl.java:lambda$waitForClusterToBeReady$0(238)) - Waiting for cluster to exit safe mode
2021-12-24 01:42:36,035 [Listener at 127.0.0.1/42107] INFO  ozone.MiniOzoneClusterImpl (MiniOzoneClusterImpl.java:lambda$waitForClusterToBeReady$0(240)) - SCM became leader
2021-12-24 01:42:37,037 [Listener at 127.0.0.1/42107] INFO  ozone.MiniOzoneClusterImpl (MiniOzoneClusterImpl.java:lambda$waitForClusterToBeReady$0(235)) - Nodes are ready. Got 3 of 3 DN Heartbeats.
2021-12-24 01:42:37,037 [Listener at 127.0.0.1/42107] INFO  ozone.MiniOzoneClusterImpl (MiniOzoneClusterImpl.java:lambda$waitForClusterToBeReady$0(238)) - Waiting for cluster to exit safe mode
2021-12-24 01:42:37,037 [Listener at 127.0.0.1/42107] INFO  ozone.MiniOzoneClusterImpl (MiniOzoneClusterImpl.java:lambda$waitForClusterToBeReady$0(240)) - SCM became leader
2021-12-24 01:42:37,878 [dd75dce5-e290-4f16-9ffb-4c947a2969aa@group-25A049D079A1-FollowerState] INFO  impl.FollowerState (FollowerState.java:run(134)) - dd75dce5-e290-4f16-9ffb-4c947a2969aa@group-25A049D079A1-FollowerState: change to CANDIDATE, lastRpcElapsedTime:5083831233ns, electionTimeout:5079ms
2021-12-24 01:42:37,878 [dd75dce5-e290-4f16-9ffb-4c947a2969aa@group-25A049D079A1-FollowerState] INFO  impl.RoleInfo (RoleInfo.java:shutdownFollowerState(108)) - dd75dce5-e290-4f16-9ffb-4c947a2969aa: shutdown dd75dce5-e290-4f16-9ffb-4c947a2969aa@group-25A049D079A1-FollowerState
2021-12-24 01:42:37,878 [dd75dce5-e290-4f16-9ffb-4c947a2969aa@group-25A049D079A1-FollowerState] INFO  server.RaftServer$Division (RaftServerImpl.java:setRole(290)) - dd75dce5-e290-4f16-9ffb-4c947a2969aa@group-25A049D079A1: changes role from  FOLLOWER to CANDIDATE at term 3 for changeToCandidate
2021-12-24 01:42:37,878 [dd75dce5-e290-4f16-9ffb-4c947a2969aa@group-25A049D079A1-FollowerState] INFO  server.RaftServerConfigKeys (ConfUtils.java:logGet(44)) - raft.server.leaderelection.pre-vote = false (custom)
2021-12-24 01:42:37,878 [dd75dce5-e290-4f16-9ffb-4c947a2969aa@group-25A049D079A1-FollowerState] INFO  impl.RoleInfo (RoleInfo.java:updateAndGet(130)) - dd75dce5-e290-4f16-9ffb-4c947a2969aa: start dd75dce5-e290-4f16-9ffb-4c947a2969aa@group-25A049D079A1-LeaderElection74
2021-12-24 01:42:37,901 [dd75dce5-e290-4f16-9ffb-4c947a2969aa@group-25A049D079A1-LeaderElection74] INFO  impl.LeaderElection (LeaderElection.java:askForVotes(306)) - dd75dce5-e290-4f16-9ffb-4c947a2969aa@group-25A049D079A1-LeaderElection74 ELECTION round 0: submit vote requests at term 4 for -1: [dd75dce5-e290-4f16-9ffb-4c947a2969aa|rpc:10.1.0.29:43525|priority:0, 8a31ae00-46ab-41b2-9095-3fe81d608acd|rpc:10.1.0.29:35241|priority:0, d9357ef4-c66e-445f-ba22-66d061d877f9|rpc:10.1.0.29:39385|priority:1], old=null
2021-12-24 01:42:37,906 [grpc-default-executor-1] INFO  server.RaftServer$Division (RaftServerImpl.java:requestVote(1046)) - 8a31ae00-46ab-41b2-9095-3fe81d608acd@group-25A049D079A1: receive requestVote(ELECTION, dd75dce5-e290-4f16-9ffb-4c947a2969aa, group-25A049D079A1, 4, (t:0, i:0))
2021-12-24 01:42:37,906 [grpc-default-executor-1] INFO  impl.VoteContext (VoteContext.java:log(48)) - 8a31ae00-46ab-41b2-9095-3fe81d608acd@group-25A049D079A1-FOLLOWER: accept ELECTION from dd75dce5-e290-4f16-9ffb-4c947a2969aa: our priority 0 <= candidate's priority 0
2021-12-24 01:42:37,906 [grpc-default-executor-1] INFO  server.RaftServer$Division (RaftServerImpl.java:setRole(290)) - 8a31ae00-46ab-41b2-9095-3fe81d608acd@group-25A049D079A1: changes role from  FOLLOWER to FOLLOWER at term 4 for candidate:dd75dce5-e290-4f16-9ffb-4c947a2969aa
2021-12-24 01:42:37,906 [grpc-default-executor-1] INFO  impl.RoleInfo (RoleInfo.java:shutdownFollowerState(108)) - 8a31ae00-46ab-41b2-9095-3fe81d608acd: shutdown 8a31ae00-46ab-41b2-9095-3fe81d608acd@group-25A049D079A1-FollowerState
2021-12-24 01:42:37,906 [grpc-default-executor-1] INFO  impl.RoleInfo (RoleInfo.java:updateAndGet(130)) - 8a31ae00-46ab-41b2-9095-3fe81d608acd: start 8a31ae00-46ab-41b2-9095-3fe81d608acd@group-25A049D079A1-FollowerState
2021-12-24 01:42:37,906 [8a31ae00-46ab-41b2-9095-3fe81d608acd@group-25A049D079A1-FollowerState] INFO  impl.FollowerState (FollowerState.java:run(143)) - 8a31ae00-46ab-41b2-9095-3fe81d608acd@group-25A049D079A1-FollowerState was interrupted: {}
java.lang.InterruptedException: sleep interrupted
	at java.lang.Thread.sleep(Native Method)
	at java.lang.Thread.sleep(Thread.java:340)
	at java.util.concurrent.TimeUnit.sleep(TimeUnit.java:386)
	at org.apache.ratis.util.TimeDuration.sleep(TimeDuration.java:324)
	at org.apache.ratis.util.TimeDuration.sleep(TimeDuration.java:309)
	at org.apache.ratis.server.impl.FollowerState.run(FollowerState.java:118)
2021-12-24 01:42:37,910 [grpc-default-executor-1] INFO  server.RaftServer$Division (RaftServerImpl.java:requestVote(1078)) - 8a31ae00-46ab-41b2-9095-3fe81d608acd@group-25A049D079A1 replies to ELECTION vote request: dd75dce5-e290-4f16-9ffb-4c947a2969aa<-8a31ae00-46ab-41b2-9095-3fe81d608acd#0:OK-t4. Peer's state: 8a31ae00-46ab-41b2-9095-3fe81d608acd@group-25A049D079A1:t4, leader=null, voted=dd75dce5-e290-4f16-9ffb-4c947a2969aa, raftlog=8a31ae00-46ab-41b2-9095-3fe81d608acd@group-25A049D079A1-SegmentedRaftLog:OPENED:c-1, conf=-1: [dd75dce5-e290-4f16-9ffb-4c947a2969aa|rpc:10.1.0.29:43525|dataStream:|priority:0, 8a31ae00-46ab-41b2-9095-3fe81d608acd|rpc:10.1.0.29:35241|dataStream:|priority:0, d9357ef4-c66e-445f-ba22-66d061d877f9|rpc:10.1.0.29:39385|dataStream:|priority:1], old=null
2021-12-24 01:42:37,942 [grpc-default-executor-1] INFO  server.RaftServer$Division (RaftServerImpl.java:requestVote(1046)) - d9357ef4-c66e-445f-ba22-66d061d877f9@group-25A049D079A1: receive requestVote(ELECTION, dd75dce5-e290-4f16-9ffb-4c947a2969aa, group-25A049D079A1, 4, (t:0, i:0))
2021-12-24 01:42:37,942 [grpc-default-executor-1] INFO  impl.VoteContext (VoteContext.java:log(48)) - d9357ef4-c66e-445f-ba22-66d061d877f9@group-25A049D079A1-FOLLOWER: reject ELECTION from dd75dce5-e290-4f16-9ffb-4c947a2969aa: our priority 1 > candidate's priority 0
2021-12-24 01:42:37,942 [grpc-default-executor-1] INFO  server.RaftServer$Division (RaftServerImpl.java:setRole(290)) - d9357ef4-c66e-445f-ba22-66d061d877f9@group-25A049D079A1: changes role from  FOLLOWER to FOLLOWER at term 4 for candidate:dd75dce5-e290-4f16-9ffb-4c947a2969aa
2021-12-24 01:42:37,942 [grpc-default-executor-1] INFO  impl.RoleInfo (RoleInfo.java:shutdownFollowerState(108)) - d9357ef4-c66e-445f-ba22-66d061d877f9: shutdown d9357ef4-c66e-445f-ba22-66d061d877f9@group-25A049D079A1-FollowerState
2021-12-24 01:42:37,943 [grpc-default-executor-1] INFO  impl.RoleInfo (RoleInfo.java:updateAndGet(130)) - d9357ef4-c66e-445f-ba22-66d061d877f9: start d9357ef4-c66e-445f-ba22-66d061d877f9@group-25A049D079A1-FollowerState
2021-12-24 01:42:37,943 [d9357ef4-c66e-445f-ba22-66d061d877f9@group-25A049D079A1-FollowerState] INFO  impl.FollowerState (FollowerState.java:run(143)) - d9357ef4-c66e-445f-ba22-66d061d877f9@group-25A049D079A1-FollowerState was interrupted: {}
java.lang.InterruptedException: sleep interrupted
	at java.lang.Thread.sleep(Native Method)
	at java.lang.Thread.sleep(Thread.java:340)
	at java.util.concurrent.TimeUnit.sleep(TimeUnit.java:386)
	at org.apache.ratis.util.TimeDuration.sleep(TimeDuration.java:324)
	at org.apache.ratis.util.TimeDuration.sleep(TimeDuration.java:309)
	at org.apache.ratis.server.impl.FollowerState.run(FollowerState.java:118)
2021-12-24 01:42:37,997 [d9357ef4-c66e-445f-ba22-66d061d877f9@group-8638DF840944-FollowerState] INFO  impl.FollowerState (FollowerState.java:run(134)) - d9357ef4-c66e-445f-ba22-66d061d877f9@group-8638DF840944-FollowerState: change to CANDIDATE, lastRpcElapsedTime:5062315993ns, electionTimeout:5046ms
2021-12-24 01:42:37,997 [d9357ef4-c66e-445f-ba22-66d061d877f9@group-8638DF840944-FollowerState] INFO  impl.RoleInfo (RoleInfo.java:shutdownFollowerState(108)) - d9357ef4-c66e-445f-ba22-66d061d877f9: shutdown d9357ef4-c66e-445f-ba22-66d061d877f9@group-8638DF840944-FollowerState
2021-12-24 01:42:37,997 [d9357ef4-c66e-445f-ba22-66d061d877f9@group-8638DF840944-FollowerState] INFO  server.RaftServer$Division (RaftServerImpl.java:setRole(290)) - d9357ef4-c66e-445f-ba22-66d061d877f9@group-8638DF840944: changes role from  FOLLOWER to CANDIDATE at term 3 for changeToCandidate
2021-12-24 01:42:37,998 [d9357ef4-c66e-445f-ba22-66d061d877f9@group-8638DF840944-FollowerState] INFO  server.RaftServerConfigKeys (ConfUtils.java:logGet(44)) - raft.server.leaderelection.pre-vote = false (custom)
2021-12-24 01:42:37,998 [d9357ef4-c66e-445f-ba22-66d061d877f9@group-8638DF840944-FollowerState] INFO  impl.RoleInfo (RoleInfo.java:updateAndGet(130)) - d9357ef4-c66e-445f-ba22-66d061d877f9: start d9357ef4-c66e-445f-ba22-66d061d877f9@group-8638DF840944-LeaderElection75
2021-12-24 01:42:37,998 [8a31ae00-46ab-41b2-9095-3fe81d608acd@group-8638DF840944-FollowerState] INFO  impl.FollowerState (FollowerState.java:run(134)) - 8a31ae00-46ab-41b2-9095-3fe81d608acd@group-8638DF840944-FollowerState: change to CANDIDATE, lastRpcElapsedTime:5064551680ns, electionTimeout:5013ms
2021-12-24 01:42:37,998 [8a31ae00-46ab-41b2-9095-3fe81d608acd@group-8638DF840944-FollowerState] INFO  impl.RoleInfo (RoleInfo.java:shutdownFollowerState(108)) - 8a31ae00-46ab-41b2-9095-3fe81d608acd: shutdown 8a31ae00-46ab-41b2-9095-3fe81d608acd@group-8638DF840944-FollowerState
2021-12-24 01:42:37,998 [8a31ae00-46ab-41b2-9095-3fe81d608acd@group-8638DF840944-FollowerState] INFO  server.RaftServer$Division (RaftServerImpl.java:setRole(290)) - 8a31ae00-46ab-41b2-9095-3fe81d608acd@group-8638DF840944: changes role from  FOLLOWER to CANDIDATE at term 3 for changeToCandidate
2021-12-24 01:42:37,998 [8a31ae00-46ab-41b2-9095-3fe81d608acd@group-8638DF840944-FollowerState] INFO  server.RaftServerConfigKeys (ConfUtils.java:logGet(44)) - raft.server.leaderelection.pre-vote = false (custom)
2021-12-24 01:42:37,998 [8a31ae00-46ab-41b2-9095-3fe81d608acd@group-8638DF840944-FollowerState] INFO  impl.RoleInfo (RoleInfo.java:updateAndGet(130)) - 8a31ae00-46ab-41b2-9095-3fe81d608acd: start 8a31ae00-46ab-41b2-9095-3fe81d608acd@group-8638DF840944-LeaderElection76
2021-12-24 01:42:37,999 [grpc-default-executor-1] INFO  server.RaftServer$Division (RaftServerImpl.java:requestVote(1078)) - d9357ef4-c66e-445f-ba22-66d061d877f9@group-25A049D079A1 replies to ELECTION vote request: dd75dce5-e290-4f16-9ffb-4c947a2969aa<-d9357ef4-c66e-445f-ba22-66d061d877f9#0:FAIL-t4. Peer's state: d9357ef4-c66e-445f-ba22-66d061d877f9@group-25A049D079A1:t4, leader=null, voted=null, raftlog=d9357ef4-c66e-445f-ba22-66d061d877f9@group-25A049D079A1-SegmentedRaftLog:OPENED:c-1, conf=-1: [dd75dce5-e290-4f16-9ffb-4c947a2969aa|rpc:10.1.0.29:43525|dataStream:|priority:0, 8a31ae00-46ab-41b2-9095-3fe81d608acd|rpc:10.1.0.29:35241|dataStream:|priority:0, d9357ef4-c66e-445f-ba22-66d061d877f9|rpc:10.1.0.29:39385|dataStream:|priority:1], old=null
2021-12-24 01:42:38,013 [d9357ef4-c66e-445f-ba22-66d061d877f9@group-8638DF840944-LeaderElection75] INFO  impl.LeaderElection (LeaderElection.java:askForVotes(306)) - d9357ef4-c66e-445f-ba22-66d061d877f9@group-8638DF840944-LeaderElection75 ELECTION round 0: submit vote requests at term 4 for -1: [dd75dce5-e290-4f16-9ffb-4c947a2969aa|rpc:10.1.0.29:43525|dataStream:|priority:0, d9357ef4-c66e-445f-ba22-66d061d877f9|rpc:10.1.0.29:39385|dataStream:|priority:0, 8a31ae00-46ab-41b2-9095-3fe81d608acd|rpc:10.1.0.29:35241|dataStream:|priority:1], old=null
2021-12-24 01:42:38,025 [dd75dce5-e290-4f16-9ffb-4c947a2969aa@group-25A049D079A1-LeaderElection74] INFO  impl.LeaderElection (LeaderElection.java:logAndReturn(89)) - dd75dce5-e290-4f16-9ffb-4c947a2969aa@group-25A049D079A1-LeaderElection74: ELECTION REJECTED received 2 response(s) and 0 exception(s):
2021-12-24 01:42:38,026 [dd75dce5-e290-4f16-9ffb-4c947a2969aa@group-25A049D079A1-LeaderElection74] INFO  impl.LeaderElection (LeaderElection.java:logAndReturn(93)) -   Response 0: dd75dce5-e290-4f16-9ffb-4c947a2969aa<-8a31ae00-46ab-41b2-9095-3fe81d608acd#0:OK-t4
2021-12-24 01:42:38,026 [dd75dce5-e290-4f16-9ffb-4c947a2969aa@group-25A049D079A1-LeaderElection74] INFO  impl.LeaderElection (LeaderElection.java:logAndReturn(93)) -   Response 1: dd75dce5-e290-4f16-9ffb-4c947a2969aa<-d9357ef4-c66e-445f-ba22-66d061d877f9#0:FAIL-t4
2021-12-24 01:42:38,026 [dd75dce5-e290-4f16-9ffb-4c947a2969aa@group-25A049D079A1-LeaderElection74] INFO  impl.LeaderElection (LeaderElection.java:askForVotes(308)) - dd75dce5-e290-4f16-9ffb-4c947a2969aa@group-25A049D079A1-LeaderElection74 ELECTION round 0: result REJECTED
2021-12-24 01:42:38,026 [dd75dce5-e290-4f16-9ffb-4c947a2969aa@group-25A049D079A1-LeaderElection74] INFO  server.RaftServer$Division (RaftServerImpl.java:setRole(290)) - dd75dce5-e290-4f16-9ffb-4c947a2969aa@group-25A049D079A1: changes role from CANDIDATE to FOLLOWER at term 4 for REJECTED
2021-12-24 01:42:38,026 [dd75dce5-e290-4f16-9ffb-4c947a2969aa@group-25A049D079A1-LeaderElection74] INFO  impl.RoleInfo (RoleInfo.java:shutdownLeaderElection(121)) - dd75dce5-e290-4f16-9ffb-4c947a2969aa: shutdown dd75dce5-e290-4f16-9ffb-4c947a2969aa@group-25A049D079A1-LeaderElection74
2021-12-24 01:42:38,026 [dd75dce5-e290-4f16-9ffb-4c947a2969aa@group-25A049D079A1-LeaderElection74] INFO  impl.RoleInfo (RoleInfo.java:updateAndGet(130)) - dd75dce5-e290-4f16-9ffb-4c947a2969aa: start dd75dce5-e290-4f16-9ffb-4c947a2969aa@group-25A049D079A1-FollowerState
2021-12-24 01:42:38,030 [grpc-default-executor-2] INFO  server.RaftServer$Division (RaftServerImpl.java:requestVote(1046)) - dd75dce5-e290-4f16-9ffb-4c947a2969aa@group-8638DF840944: receive requestVote(ELECTION, d9357ef4-c66e-445f-ba22-66d061d877f9, group-8638DF840944, 4, (t:0, i:0))
2021-12-24 01:42:38,030 [grpc-default-executor-2] INFO  impl.VoteContext (VoteContext.java:log(48)) - dd75dce5-e290-4f16-9ffb-4c947a2969aa@group-8638DF840944-FOLLOWER: accept ELECTION from d9357ef4-c66e-445f-ba22-66d061d877f9: our priority 0 <= candidate's priority 0
2021-12-24 01:42:38,030 [grpc-default-executor-2] INFO  server.RaftServer$Division (RaftServerImpl.java:setRole(290)) - dd75dce5-e290-4f16-9ffb-4c947a2969aa@group-8638DF840944: changes role from  FOLLOWER to FOLLOWER at term 4 for candidate:d9357ef4-c66e-445f-ba22-66d061d877f9
2021-12-24 01:42:38,030 [grpc-default-executor-2] INFO  impl.RoleInfo (RoleInfo.java:shutdownFollowerState(108)) - dd75dce5-e290-4f16-9ffb-4c947a2969aa: shutdown dd75dce5-e290-4f16-9ffb-4c947a2969aa@group-8638DF840944-FollowerState
2021-12-24 01:42:38,033 [8a31ae00-46ab-41b2-9095-3fe81d608acd@group-8638DF840944-LeaderElection76] INFO  impl.LeaderElection (LeaderElection.java:askForVotes(306)) - 8a31ae00-46ab-41b2-9095-3fe81d608acd@group-8638DF840944-LeaderElection76 ELECTION round 0: submit vote requests at term 4 for -1: [dd75dce5-e290-4f16-9ffb-4c947a2969aa|rpc:10.1.0.29:43525|priority:0, d9357ef4-c66e-445f-ba22-66d061d877f9|rpc:10.1.0.29:39385|priority:0, 8a31ae00-46ab-41b2-9095-3fe81d608acd|rpc:10.1.0.29:35241|priority:1], old=null
2021-12-24 01:42:38,036 [grpc-default-executor-1] INFO  server.RaftServer$Division (RaftServerImpl.java:requestVote(1046)) - 8a31ae00-46ab-41b2-9095-3fe81d608acd@group-8638DF840944: receive requestVote(ELECTION, d9357ef4-c66e-445f-ba22-66d061d877f9, group-8638DF840944, 4, (t:0, i:0))
2021-12-24 01:42:38,036 [grpc-default-executor-1] INFO  impl.VoteContext (VoteContext.java:log(48)) - 8a31ae00-46ab-41b2-9095-3fe81d608acd@group-8638DF840944-CANDIDATE: reject ELECTION from d9357ef4-c66e-445f-ba22-66d061d877f9: already has voted for 8a31ae00-46ab-41b2-9095-3fe81d608acd at current term 4
2021-12-24 01:42:38,036 [grpc-default-executor-1] INFO  server.RaftServer$Division (RaftServerImpl.java:requestVote(1078)) - 8a31ae00-46ab-41b2-9095-3fe81d608acd@group-8638DF840944 replies to ELECTION vote request: d9357ef4-c66e-445f-ba22-66d061d877f9<-8a31ae00-46ab-41b2-9095-3fe81d608acd#0:FAIL-t4. Peer's state: 8a31ae00-46ab-41b2-9095-3fe81d608acd@group-8638DF840944:t4, leader=null, voted=8a31ae00-46ab-41b2-9095-3fe81d608acd, raftlog=8a31ae00-46ab-41b2-9095-3fe81d608acd@group-8638DF840944-SegmentedRaftLog:OPENED:c-1, conf=-1: [dd75dce5-e290-4f16-9ffb-4c947a2969aa|rpc:10.1.0.29:43525|priority:0, d9357ef4-c66e-445f-ba22-66d061d877f9|rpc:10.1.0.29:39385|priority:0, 8a31ae00-46ab-41b2-9095-3fe81d608acd|rpc:10.1.0.29:35241|priority:1], old=null
2021-12-24 01:42:38,037 [Listener at 127.0.0.1/42107] INFO  ozone.MiniOzoneClusterImpl (MiniOzoneClusterImpl.java:lambda$waitForClusterToBeReady$0(235)) - Nodes are ready. Got 3 of 3 DN Heartbeats.
2021-12-24 01:42:38,038 [Listener at 127.0.0.1/42107] INFO  ozone.MiniOzoneClusterImpl (MiniOzoneClusterImpl.java:lambda$waitForClusterToBeReady$0(238)) - Waiting for cluster to exit safe mode
2021-12-24 01:42:38,038 [Listener at 127.0.0.1/42107] INFO  ozone.MiniOzoneClusterImpl (MiniOzoneClusterImpl.java:lambda$waitForClusterToBeReady$0(240)) - SCM became leader
2021-12-24 01:42:38,058 [d9357ef4-c66e-445f-ba22-66d061d877f9@group-8638DF840944-LeaderElection75] INFO  impl.LeaderElection (LeaderElection.java:logAndReturn(89)) - d9357ef4-c66e-445f-ba22-66d061d877f9@group-8638DF840944-LeaderElection75: ELECTION REJECTED received 1 response(s) and 0 exception(s):
2021-12-24 01:42:38,058 [d9357ef4-c66e-445f-ba22-66d061d877f9@group-8638DF840944-LeaderElection75] INFO  impl.LeaderElection (LeaderElection.java:logAndReturn(93)) -   Response 0: d9357ef4-c66e-445f-ba22-66d061d877f9<-8a31ae00-46ab-41b2-9095-3fe81d608acd#0:FAIL-t4
2021-12-24 01:42:38,060 [grpc-default-executor-1] INFO  server.RaftServer$Division (RaftServerImpl.java:requestVote(1046)) - dd75dce5-e290-4f16-9ffb-4c947a2969aa@group-8638DF840944: receive requestVote(ELECTION, 8a31ae00-46ab-41b2-9095-3fe81d608acd, group-8638DF840944, 4, (t:0, i:0))
2021-12-24 01:42:38,060 [grpc-default-executor-2] INFO  impl.RoleInfo (RoleInfo.java:updateAndGet(130)) - dd75dce5-e290-4f16-9ffb-4c947a2969aa: start dd75dce5-e290-4f16-9ffb-4c947a2969aa@group-8638DF840944-FollowerState
2021-12-24 01:42:38,060 [dd75dce5-e290-4f16-9ffb-4c947a2969aa@group-8638DF840944-FollowerState] INFO  impl.FollowerState (FollowerState.java:run(143)) - dd75dce5-e290-4f16-9ffb-4c947a2969aa@group-8638DF840944-FollowerState was interrupted: {}
java.lang.InterruptedException: sleep interrupted
	at java.lang.Thread.sleep(Native Method)
	at java.lang.Thread.sleep(Thread.java:340)
	at java.util.concurrent.TimeUnit.sleep(TimeUnit.java:386)
	at org.apache.ratis.util.TimeDuration.sleep(TimeDuration.java:324)
	at org.apache.ratis.util.TimeDuration.sleep(TimeDuration.java:309)
	at org.apache.ratis.server.impl.FollowerState.run(FollowerState.java:118)
2021-12-24 01:42:38,061 [grpc-default-executor-0] INFO  server.RaftServer$Division (RaftServerImpl.java:requestVote(1046)) - d9357ef4-c66e-445f-ba22-66d061d877f9@group-8638DF840944: receive requestVote(ELECTION, 8a31ae00-46ab-41b2-9095-3fe81d608acd, group-8638DF840944, 4, (t:0, i:0))
2021-12-24 01:42:38,061 [grpc-default-executor-0] INFO  impl.VoteContext (VoteContext.java:log(48)) - d9357ef4-c66e-445f-ba22-66d061d877f9@group-8638DF840944-CANDIDATE: reject ELECTION from 8a31ae00-46ab-41b2-9095-3fe81d608acd: already has voted for d9357ef4-c66e-445f-ba22-66d061d877f9 at current term 4
2021-12-24 01:42:38,062 [grpc-default-executor-0] INFO  server.RaftServer$Division (RaftServerImpl.java:requestVote(1078)) - d9357ef4-c66e-445f-ba22-66d061d877f9@group-8638DF840944 replies to ELECTION vote request: 8a31ae00-46ab-41b2-9095-3fe81d608acd<-d9357ef4-c66e-445f-ba22-66d061d877f9#0:FAIL-t4. Peer's state: d9357ef4-c66e-445f-ba22-66d061d877f9@group-8638DF840944:t4, leader=null, voted=d9357ef4-c66e-445f-ba22-66d061d877f9, raftlog=d9357ef4-c66e-445f-ba22-66d061d877f9@group-8638DF840944-SegmentedRaftLog:OPENED:c-1, conf=-1: [dd75dce5-e290-4f16-9ffb-4c947a2969aa|rpc:10.1.0.29:43525|dataStream:|priority:0, d9357ef4-c66e-445f-ba22-66d061d877f9|rpc:10.1.0.29:39385|dataStream:|priority:0, 8a31ae00-46ab-41b2-9095-3fe81d608acd|rpc:10.1.0.29:35241|dataStream:|priority:1], old=null
2021-12-24 01:42:38,067 [d9357ef4-c66e-445f-ba22-66d061d877f9@group-8638DF840944-LeaderElection75] INFO  impl.LeaderElection (LeaderElection.java:askForVotes(308)) - d9357ef4-c66e-445f-ba22-66d061d877f9@group-8638DF840944-LeaderElection75 ELECTION round 0: result REJECTED
2021-12-24 01:42:38,067 [d9357ef4-c66e-445f-ba22-66d061d877f9@group-8638DF840944-LeaderElection75] INFO  server.RaftServer$Division (RaftServerImpl.java:setRole(290)) - d9357ef4-c66e-445f-ba22-66d061d877f9@group-8638DF840944: changes role from CANDIDATE to FOLLOWER at term 4 for REJECTED
2021-12-24 01:42:38,067 [d9357ef4-c66e-445f-ba22-66d061d877f9@group-8638DF840944-LeaderElection75] INFO  impl.RoleInfo (RoleInfo.java:shutdownLeaderElection(121)) - d9357ef4-c66e-445f-ba22-66d061d877f9: shutdown d9357ef4-c66e-445f-ba22-66d061d877f9@group-8638DF840944-LeaderElection75
2021-12-24 01:42:38,068 [d9357ef4-c66e-445f-ba22-66d061d877f9@group-8638DF840944-LeaderElection75] INFO  impl.RoleInfo (RoleInfo.java:updateAndGet(130)) - d9357ef4-c66e-445f-ba22-66d061d877f9: start d9357ef4-c66e-445f-ba22-66d061d877f9@group-8638DF840944-FollowerState
2021-12-24 01:42:38,074 [grpc-default-executor-2] INFO  server.RaftServer$Division (RaftServerImpl.java:requestVote(1078)) - dd75dce5-e290-4f16-9ffb-4c947a2969aa@group-8638DF840944 replies to ELECTION vote request: d9357ef4-c66e-445f-ba22-66d061d877f9<-dd75dce5-e290-4f16-9ffb-4c947a2969aa#0:OK-t4. Peer's state: dd75dce5-e290-4f16-9ffb-4c947a2969aa@group-8638DF840944:t4, leader=null, voted=d9357ef4-c66e-445f-ba22-66d061d877f9, raftlog=dd75dce5-e290-4f16-9ffb-4c947a2969aa@group-8638DF840944-SegmentedRaftLog:OPENED:c-1, conf=-1: [dd75dce5-e290-4f16-9ffb-4c947a2969aa|rpc:10.1.0.29:43525|priority:0, d9357ef4-c66e-445f-ba22-66d061d877f9|rpc:10.1.0.29:39385|priority:0, 8a31ae00-46ab-41b2-9095-3fe81d608acd|rpc:10.1.0.29:35241|priority:1], old=null
2021-12-24 01:42:38,077 [grpc-default-executor-1] INFO  impl.VoteContext (VoteContext.java:log(48)) - dd75dce5-e290-4f16-9ffb-4c947a2969aa@group-8638DF840944-FOLLOWER: reject ELECTION from 8a31ae00-46ab-41b2-9095-3fe81d608acd: already has voted for d9357ef4-c66e-445f-ba22-66d061d877f9 at current term 4
2021-12-24 01:42:38,078 [grpc-default-executor-1] INFO  server.RaftServer$Division (RaftServerImpl.java:requestVote(1078)) - dd75dce5-e290-4f16-9ffb-4c947a2969aa@group-8638DF840944 replies to ELECTION vote request: 8a31ae00-46ab-41b2-9095-3fe81d608acd<-dd75dce5-e290-4f16-9ffb-4c947a2969aa#0:FAIL-t4. Peer's state: dd75dce5-e290-4f16-9ffb-4c947a2969aa@group-8638DF840944:t4, leader=null, voted=d9357ef4-c66e-445f-ba22-66d061d877f9, raftlog=dd75dce5-e290-4f16-9ffb-4c947a2969aa@group-8638DF840944-SegmentedRaftLog:OPENED:c-1, conf=-1: [dd75dce5-e290-4f16-9ffb-4c947a2969aa|rpc:10.1.0.29:43525|priority:0, d9357ef4-c66e-445f-ba22-66d061d877f9|rpc:10.1.0.29:39385|priority:0, 8a31ae00-46ab-41b2-9095-3fe81d608acd|rpc:10.1.0.29:35241|priority:1], old=null
2021-12-24 01:42:38,087 [8a31ae00-46ab-41b2-9095-3fe81d608acd@group-8638DF840944-LeaderElection76] INFO  impl.LeaderElection (LeaderElection.java:logAndReturn(89)) - 8a31ae00-46ab-41b2-9095-3fe81d608acd@group-8638DF840944-LeaderElection76: ELECTION REJECTED received 2 response(s) and 0 exception(s):
2021-12-24 01:42:38,087 [8a31ae00-46ab-41b2-9095-3fe81d608acd@group-8638DF840944-LeaderElection76] INFO  impl.LeaderElection (LeaderElection.java:logAndReturn(93)) -   Response 0: 8a31ae00-46ab-41b2-9095-3fe81d608acd<-dd75dce5-e290-4f16-9ffb-4c947a2969aa#0:FAIL-t4
2021-12-24 01:42:38,087 [8a31ae00-46ab-41b2-9095-3fe81d608acd@group-8638DF840944-LeaderElection76] INFO  impl.LeaderElection (LeaderElection.java:logAndReturn(93)) -   Response 1: 8a31ae00-46ab-41b2-9095-3fe81d608acd<-d9357ef4-c66e-445f-ba22-66d061d877f9#0:FAIL-t4
2021-12-24 01:42:38,089 [8a31ae00-46ab-41b2-9095-3fe81d608acd@group-8638DF840944-LeaderElection76] INFO  impl.LeaderElection (LeaderElection.java:askForVotes(308)) - 8a31ae00-46ab-41b2-9095-3fe81d608acd@group-8638DF840944-LeaderElection76 ELECTION round 0: result REJECTED
2021-12-24 01:42:38,089 [8a31ae00-46ab-41b2-9095-3fe81d608acd@group-8638DF840944-LeaderElection76] INFO  server.RaftServer$Division (RaftServerImpl.java:setRole(290)) - 8a31ae00-46ab-41b2-9095-3fe81d608acd@group-8638DF840944: changes role from CANDIDATE to FOLLOWER at term 4 for REJECTED
2021-12-24 01:42:38,089 [8a31ae00-46ab-41b2-9095-3fe81d608acd@group-8638DF840944-LeaderElection76] INFO  impl.RoleInfo (RoleInfo.java:shutdownLeaderElection(121)) - 8a31ae00-46ab-41b2-9095-3fe81d608acd: shutdown 8a31ae00-46ab-41b2-9095-3fe81d608acd@group-8638DF840944-LeaderElection76
2021-12-24 01:42:38,089 [8a31ae00-46ab-41b2-9095-3fe81d608acd@group-8638DF840944-LeaderElection76] INFO  impl.RoleInfo (RoleInfo.java:updateAndGet(130)) - 8a31ae00-46ab-41b2-9095-3fe81d608acd: start 8a31ae00-46ab-41b2-9095-3fe81d608acd@group-8638DF840944-FollowerState
2021-12-24 01:42:39,038 [Listener at 127.0.0.1/42107] INFO  ozone.MiniOzoneClusterImpl (MiniOzoneClusterImpl.java:lambda$waitForClusterToBeReady$0(235)) - Nodes are ready. Got 3 of 3 DN Heartbeats.
2021-12-24 01:42:39,038 [Listener at 127.0.0.1/42107] INFO  ozone.MiniOzoneClusterImpl (MiniOzoneClusterImpl.java:lambda$waitForClusterToBeReady$0(238)) - Waiting for cluster to exit safe mode
2021-12-24 01:42:39,038 [Listener at 127.0.0.1/42107] INFO  ozone.MiniOzoneClusterImpl (MiniOzoneClusterImpl.java:lambda$waitForClusterToBeReady$0(240)) - SCM became leader
2021-12-24 01:42:40,039 [Listener at 127.0.0.1/42107] INFO  ozone.MiniOzoneClusterImpl (MiniOzoneClusterImpl.java:lambda$waitForClusterToBeReady$0(235)) - Nodes are ready. Got 3 of 3 DN Heartbeats.
2021-12-24 01:42:40,039 [Listener at 127.0.0.1/42107] INFO  ozone.MiniOzoneClusterImpl (MiniOzoneClusterImpl.java:lambda$waitForClusterToBeReady$0(238)) - Waiting for cluster to exit safe mode
2021-12-24 01:42:40,039 [Listener at 127.0.0.1/42107] INFO  ozone.MiniOzoneClusterImpl (MiniOzoneClusterImpl.java:lambda$waitForClusterToBeReady$0(240)) - SCM became leader
2021-12-24 01:42:41,040 [Listener at 127.0.0.1/42107] INFO  ozone.MiniOzoneClusterImpl (MiniOzoneClusterImpl.java:lambda$waitForClusterToBeReady$0(235)) - Nodes are ready. Got 3 of 3 DN Heartbeats.
2021-12-24 01:42:41,040 [Listener at 127.0.0.1/42107] INFO  ozone.MiniOzoneClusterImpl (MiniOzoneClusterImpl.java:lambda$waitForClusterToBeReady$0(238)) - Waiting for cluster to exit safe mode
2021-12-24 01:42:41,040 [Listener at 127.0.0.1/42107] INFO  ozone.MiniOzoneClusterImpl (MiniOzoneClusterImpl.java:lambda$waitForClusterToBeReady$0(240)) - SCM became leader
2021-12-24 01:42:42,041 [Listener at 127.0.0.1/42107] INFO  ozone.MiniOzoneClusterImpl (MiniOzoneClusterImpl.java:lambda$waitForClusterToBeReady$0(235)) - Nodes are ready. Got 3 of 3 DN Heartbeats.
2021-12-24 01:42:42,042 [Listener at 127.0.0.1/42107] INFO  ozone.MiniOzoneClusterImpl (MiniOzoneClusterImpl.java:lambda$waitForClusterToBeReady$0(238)) - Waiting for cluster to exit safe mode
2021-12-24 01:42:42,042 [Listener at 127.0.0.1/42107] INFO  ozone.MiniOzoneClusterImpl (MiniOzoneClusterImpl.java:lambda$waitForClusterToBeReady$0(240)) - SCM became leader
2021-12-24 01:42:42,948 [8a31ae00-46ab-41b2-9095-3fe81d608acd@group-25A049D079A1-FollowerState] INFO  impl.FollowerState (FollowerState.java:run(134)) - 8a31ae00-46ab-41b2-9095-3fe81d608acd@group-25A049D079A1-FollowerState: change to CANDIDATE, lastRpcElapsedTime:5038770578ns, electionTimeout:5010ms
2021-12-24 01:42:42,949 [8a31ae00-46ab-41b2-9095-3fe81d608acd@group-25A049D079A1-FollowerState] INFO  impl.RoleInfo (RoleInfo.java:shutdownFollowerState(108)) - 8a31ae00-46ab-41b2-9095-3fe81d608acd: shutdown 8a31ae00-46ab-41b2-9095-3fe81d608acd@group-25A049D079A1-FollowerState
2021-12-24 01:42:42,949 [8a31ae00-46ab-41b2-9095-3fe81d608acd@group-25A049D079A1-FollowerState] INFO  server.RaftServer$Division (RaftServerImpl.java:setRole(290)) - 8a31ae00-46ab-41b2-9095-3fe81d608acd@group-25A049D079A1: changes role from  FOLLOWER to CANDIDATE at term 4 for changeToCandidate
2021-12-24 01:42:42,949 [8a31ae00-46ab-41b2-9095-3fe81d608acd@group-25A049D079A1-FollowerState] INFO  server.RaftServerConfigKeys (ConfUtils.java:logGet(44)) - raft.server.leaderelection.pre-vote = false (custom)
2021-12-24 01:42:42,949 [8a31ae00-46ab-41b2-9095-3fe81d608acd@group-25A049D079A1-FollowerState] INFO  impl.RoleInfo (RoleInfo.java:updateAndGet(130)) - 8a31ae00-46ab-41b2-9095-3fe81d608acd: start 8a31ae00-46ab-41b2-9095-3fe81d608acd@group-25A049D079A1-LeaderElection77
2021-12-24 01:42:42,992 [8a31ae00-46ab-41b2-9095-3fe81d608acd@group-25A049D079A1-LeaderElection77] INFO  impl.LeaderElection (LeaderElection.java:askForVotes(306)) - 8a31ae00-46ab-41b2-9095-3fe81d608acd@group-25A049D079A1-LeaderElection77 ELECTION round 0: submit vote requests at term 5 for -1: [dd75dce5-e290-4f16-9ffb-4c947a2969aa|rpc:10.1.0.29:43525|dataStream:|priority:0, 8a31ae00-46ab-41b2-9095-3fe81d608acd|rpc:10.1.0.29:35241|dataStream:|priority:0, d9357ef4-c66e-445f-ba22-66d061d877f9|rpc:10.1.0.29:39385|dataStream:|priority:1], old=null
2021-12-24 01:42:43,001 [grpc-default-executor-1] INFO  server.RaftServer$Division (RaftServerImpl.java:requestVote(1046)) - dd75dce5-e290-4f16-9ffb-4c947a2969aa@group-25A049D079A1: receive requestVote(ELECTION, 8a31ae00-46ab-41b2-9095-3fe81d608acd, group-25A049D079A1, 5, (t:0, i:0))
2021-12-24 01:42:43,002 [grpc-default-executor-1] INFO  impl.VoteContext (VoteContext.java:log(48)) - dd75dce5-e290-4f16-9ffb-4c947a2969aa@group-25A049D079A1-FOLLOWER: accept ELECTION from 8a31ae00-46ab-41b2-9095-3fe81d608acd: our priority 0 <= candidate's priority 0
2021-12-24 01:42:43,002 [grpc-default-executor-1] INFO  server.RaftServer$Division (RaftServerImpl.java:setRole(290)) - dd75dce5-e290-4f16-9ffb-4c947a2969aa@group-25A049D079A1: changes role from  FOLLOWER to FOLLOWER at term 5 for candidate:8a31ae00-46ab-41b2-9095-3fe81d608acd
2021-12-24 01:42:43,002 [grpc-default-executor-1] INFO  impl.RoleInfo (RoleInfo.java:shutdownFollowerState(108)) - dd75dce5-e290-4f16-9ffb-4c947a2969aa: shutdown dd75dce5-e290-4f16-9ffb-4c947a2969aa@group-25A049D079A1-FollowerState
2021-12-24 01:42:43,011 [grpc-default-executor-2] INFO  server.RaftServer$Division (RaftServerImpl.java:requestVote(1046)) - d9357ef4-c66e-445f-ba22-66d061d877f9@group-25A049D079A1: receive requestVote(ELECTION, 8a31ae00-46ab-41b2-9095-3fe81d608acd, group-25A049D079A1, 5, (t:0, i:0))
2021-12-24 01:42:43,011 [grpc-default-executor-2] INFO  impl.VoteContext (VoteContext.java:log(48)) - d9357ef4-c66e-445f-ba22-66d061d877f9@group-25A049D079A1-FOLLOWER: reject ELECTION from 8a31ae00-46ab-41b2-9095-3fe81d608acd: our priority 1 > candidate's priority 0
2021-12-24 01:42:43,011 [grpc-default-executor-2] INFO  server.RaftServer$Division (RaftServerImpl.java:setRole(290)) - d9357ef4-c66e-445f-ba22-66d061d877f9@group-25A049D079A1: changes role from  FOLLOWER to FOLLOWER at term 5 for candidate:8a31ae00-46ab-41b2-9095-3fe81d608acd
2021-12-24 01:42:43,011 [grpc-default-executor-2] INFO  impl.RoleInfo (RoleInfo.java:shutdownFollowerState(108)) - d9357ef4-c66e-445f-ba22-66d061d877f9: shutdown d9357ef4-c66e-445f-ba22-66d061d877f9@group-25A049D079A1-FollowerState
2021-12-24 01:42:43,011 [grpc-default-executor-2] INFO  impl.RoleInfo (RoleInfo.java:updateAndGet(130)) - d9357ef4-c66e-445f-ba22-66d061d877f9: start d9357ef4-c66e-445f-ba22-66d061d877f9@group-25A049D079A1-FollowerState
2021-12-24 01:42:43,012 [d9357ef4-c66e-445f-ba22-66d061d877f9@group-25A049D079A1-FollowerState] INFO  impl.FollowerState (FollowerState.java:run(143)) - d9357ef4-c66e-445f-ba22-66d061d877f9@group-25A049D079A1-FollowerState was interrupted: {}
java.lang.InterruptedException: sleep interrupted
	at java.lang.Thread.sleep(Native Method)
	at java.lang.Thread.sleep(Thread.java:340)
	at java.util.concurrent.TimeUnit.sleep(TimeUnit.java:386)
	at org.apache.ratis.util.TimeDuration.sleep(TimeDuration.java:324)
	at org.apache.ratis.util.TimeDuration.sleep(TimeDuration.java:309)
	at org.apache.ratis.server.impl.FollowerState.run(FollowerState.java:118)
2021-12-24 01:42:43,017 [grpc-default-executor-1] INFO  impl.RoleInfo (RoleInfo.java:updateAndGet(130)) - dd75dce5-e290-4f16-9ffb-4c947a2969aa: start dd75dce5-e290-4f16-9ffb-4c947a2969aa@group-25A049D079A1-FollowerState
2021-12-24 01:42:43,018 [dd75dce5-e290-4f16-9ffb-4c947a2969aa@group-25A049D079A1-FollowerState] INFO  impl.FollowerState (FollowerState.java:run(143)) - dd75dce5-e290-4f16-9ffb-4c947a2969aa@group-25A049D079A1-FollowerState was interrupted: {}
java.lang.InterruptedException: sleep interrupted
	at java.lang.Thread.sleep(Native Method)
	at java.lang.Thread.sleep(Thread.java:340)
	at java.util.concurrent.TimeUnit.sleep(TimeUnit.java:386)
	at org.apache.ratis.util.TimeDuration.sleep(TimeDuration.java:324)
	at org.apache.ratis.util.TimeDuration.sleep(TimeDuration.java:309)
	at org.apache.ratis.server.impl.FollowerState.run(FollowerState.java:118)
2021-12-24 01:42:43,020 [grpc-default-executor-1] INFO  server.RaftServer$Division (RaftServerImpl.java:requestVote(1078)) - dd75dce5-e290-4f16-9ffb-4c947a2969aa@group-25A049D079A1 replies to ELECTION vote request: 8a31ae00-46ab-41b2-9095-3fe81d608acd<-dd75dce5-e290-4f16-9ffb-4c947a2969aa#0:OK-t5. Peer's state: dd75dce5-e290-4f16-9ffb-4c947a2969aa@group-25A049D079A1:t5, leader=null, voted=8a31ae00-46ab-41b2-9095-3fe81d608acd, raftlog=dd75dce5-e290-4f16-9ffb-4c947a2969aa@group-25A049D079A1-SegmentedRaftLog:OPENED:c-1, conf=-1: [dd75dce5-e290-4f16-9ffb-4c947a2969aa|rpc:10.1.0.29:43525|priority:0, 8a31ae00-46ab-41b2-9095-3fe81d608acd|rpc:10.1.0.29:35241|priority:0, d9357ef4-c66e-445f-ba22-66d061d877f9|rpc:10.1.0.29:39385|priority:1], old=null
2021-12-24 01:42:43,028 [grpc-default-executor-2] INFO  server.RaftServer$Division (RaftServerImpl.java:requestVote(1078)) - d9357ef4-c66e-445f-ba22-66d061d877f9@group-25A049D079A1 replies to ELECTION vote request: 8a31ae00-46ab-41b2-9095-3fe81d608acd<-d9357ef4-c66e-445f-ba22-66d061d877f9#0:FAIL-t5. Peer's state: d9357ef4-c66e-445f-ba22-66d061d877f9@group-25A049D079A1:t5, leader=null, voted=null, raftlog=d9357ef4-c66e-445f-ba22-66d061d877f9@group-25A049D079A1-SegmentedRaftLog:OPENED:c-1, conf=-1: [dd75dce5-e290-4f16-9ffb-4c947a2969aa|rpc:10.1.0.29:43525|dataStream:|priority:0, 8a31ae00-46ab-41b2-9095-3fe81d608acd|rpc:10.1.0.29:35241|dataStream:|priority:0, d9357ef4-c66e-445f-ba22-66d061d877f9|rpc:10.1.0.29:39385|dataStream:|priority:1], old=null
2021-12-24 01:42:43,034 [8a31ae00-46ab-41b2-9095-3fe81d608acd@group-25A049D079A1-LeaderElection77] INFO  impl.LeaderElection (LeaderElection.java:logAndReturn(89)) - 8a31ae00-46ab-41b2-9095-3fe81d608acd@group-25A049D079A1-LeaderElection77: ELECTION REJECTED received 2 response(s) and 0 exception(s):
2021-12-24 01:42:43,034 [8a31ae00-46ab-41b2-9095-3fe81d608acd@group-25A049D079A1-LeaderElection77] INFO  impl.LeaderElection (LeaderElection.java:logAndReturn(93)) -   Response 0: 8a31ae00-46ab-41b2-9095-3fe81d608acd<-dd75dce5-e290-4f16-9ffb-4c947a2969aa#0:OK-t5
2021-12-24 01:42:43,034 [8a31ae00-46ab-41b2-9095-3fe81d608acd@group-25A049D079A1-LeaderElection77] INFO  impl.LeaderElection (LeaderElection.java:logAndReturn(93)) -   Response 1: 8a31ae00-46ab-41b2-9095-3fe81d608acd<-d9357ef4-c66e-445f-ba22-66d061d877f9#0:FAIL-t5
2021-12-24 01:42:43,034 [8a31ae00-46ab-41b2-9095-3fe81d608acd@group-25A049D079A1-LeaderElection77] INFO  impl.LeaderElection (LeaderElection.java:askForVotes(308)) - 8a31ae00-46ab-41b2-9095-3fe81d608acd@group-25A049D079A1-LeaderElection77 ELECTION round 0: result REJECTED
2021-12-24 01:42:43,034 [8a31ae00-46ab-41b2-9095-3fe81d608acd@group-25A049D079A1-LeaderElection77] INFO  server.RaftServer$Division (RaftServerImpl.java:setRole(290)) - 8a31ae00-46ab-41b2-9095-3fe81d608acd@group-25A049D079A1: changes role from CANDIDATE to FOLLOWER at term 5 for REJECTED
2021-12-24 01:42:43,034 [8a31ae00-46ab-41b2-9095-3fe81d608acd@group-25A049D079A1-LeaderElection77] INFO  impl.RoleInfo (RoleInfo.java:shutdownLeaderElection(121)) - 8a31ae00-46ab-41b2-9095-3fe81d608acd: shutdown 8a31ae00-46ab-41b2-9095-3fe81d608acd@group-25A049D079A1-LeaderElection77
2021-12-24 01:42:43,034 [8a31ae00-46ab-41b2-9095-3fe81d608acd@group-25A049D079A1-LeaderElection77] INFO  impl.RoleInfo (RoleInfo.java:updateAndGet(130)) - 8a31ae00-46ab-41b2-9095-3fe81d608acd: start 8a31ae00-46ab-41b2-9095-3fe81d608acd@group-25A049D079A1-FollowerState
2021-12-24 01:42:43,042 [Listener at 127.0.0.1/42107] INFO  ozone.MiniOzoneClusterImpl (MiniOzoneClusterImpl.java:lambda$waitForClusterToBeReady$0(235)) - Nodes are ready. Got 3 of 3 DN Heartbeats.
2021-12-24 01:42:43,042 [Listener at 127.0.0.1/42107] INFO  ozone.MiniOzoneClusterImpl (MiniOzoneClusterImpl.java:lambda$waitForClusterToBeReady$0(238)) - Waiting for cluster to exit safe mode
2021-12-24 01:42:43,043 [Listener at 127.0.0.1/42107] INFO  ozone.MiniOzoneClusterImpl (MiniOzoneClusterImpl.java:lambda$waitForClusterToBeReady$0(240)) - SCM became leader
2021-12-24 01:42:43,092 [d9357ef4-c66e-445f-ba22-66d061d877f9@group-8638DF840944-FollowerState] INFO  impl.FollowerState (FollowerState.java:run(134)) - d9357ef4-c66e-445f-ba22-66d061d877f9@group-8638DF840944-FollowerState: change to CANDIDATE, lastRpcElapsedTime:5024887534ns, electionTimeout:5020ms
2021-12-24 01:42:43,093 [d9357ef4-c66e-445f-ba22-66d061d877f9@group-8638DF840944-FollowerState] INFO  impl.RoleInfo (RoleInfo.java:shutdownFollowerState(108)) - d9357ef4-c66e-445f-ba22-66d061d877f9: shutdown d9357ef4-c66e-445f-ba22-66d061d877f9@group-8638DF840944-FollowerState
2021-12-24 01:42:43,093 [d9357ef4-c66e-445f-ba22-66d061d877f9@group-8638DF840944-FollowerState] INFO  server.RaftServer$Division (RaftServerImpl.java:setRole(290)) - d9357ef4-c66e-445f-ba22-66d061d877f9@group-8638DF840944: changes role from  FOLLOWER to CANDIDATE at term 4 for changeToCandidate
2021-12-24 01:42:43,093 [d9357ef4-c66e-445f-ba22-66d061d877f9@group-8638DF840944-FollowerState] INFO  server.RaftServerConfigKeys (ConfUtils.java:logGet(44)) - raft.server.leaderelection.pre-vote = false (custom)
2021-12-24 01:42:43,093 [d9357ef4-c66e-445f-ba22-66d061d877f9@group-8638DF840944-FollowerState] INFO  impl.RoleInfo (RoleInfo.java:updateAndGet(130)) - d9357ef4-c66e-445f-ba22-66d061d877f9: start d9357ef4-c66e-445f-ba22-66d061d877f9@group-8638DF840944-LeaderElection78
2021-12-24 01:42:43,126 [d9357ef4-c66e-445f-ba22-66d061d877f9@group-8638DF840944-LeaderElection78] INFO  impl.LeaderElection (LeaderElection.java:askForVotes(306)) - d9357ef4-c66e-445f-ba22-66d061d877f9@group-8638DF840944-LeaderElection78 ELECTION round 0: submit vote requests at term 5 for -1: [dd75dce5-e290-4f16-9ffb-4c947a2969aa|rpc:10.1.0.29:43525|dataStream:|priority:0, d9357ef4-c66e-445f-ba22-66d061d877f9|rpc:10.1.0.29:39385|dataStream:|priority:0, 8a31ae00-46ab-41b2-9095-3fe81d608acd|rpc:10.1.0.29:35241|dataStream:|priority:1], old=null
2021-12-24 01:42:43,146 [dd75dce5-e290-4f16-9ffb-4c947a2969aa@group-8638DF840944-FollowerState] INFO  impl.FollowerState (FollowerState.java:run(134)) - dd75dce5-e290-4f16-9ffb-4c947a2969aa@group-8638DF840944-FollowerState: change to CANDIDATE, lastRpcElapsedTime:5072825300ns, electionTimeout:5060ms
2021-12-24 01:42:43,147 [dd75dce5-e290-4f16-9ffb-4c947a2969aa@group-8638DF840944-FollowerState] INFO  impl.RoleInfo (RoleInfo.java:shutdownFollowerState(108)) - dd75dce5-e290-4f16-9ffb-4c947a2969aa: shutdown dd75dce5-e290-4f16-9ffb-4c947a2969aa@group-8638DF840944-FollowerState
2021-12-24 01:42:43,147 [dd75dce5-e290-4f16-9ffb-4c947a2969aa@group-8638DF840944-FollowerState] INFO  server.RaftServer$Division (RaftServerImpl.java:setRole(290)) - dd75dce5-e290-4f16-9ffb-4c947a2969aa@group-8638DF840944: changes role from  FOLLOWER to CANDIDATE at term 4 for changeToCandidate
2021-12-24 01:42:43,147 [grpc-default-executor-2] INFO  server.RaftServer$Division (RaftServerImpl.java:requestVote(1046)) - dd75dce5-e290-4f16-9ffb-4c947a2969aa@group-8638DF840944: receive requestVote(ELECTION, d9357ef4-c66e-445f-ba22-66d061d877f9, group-8638DF840944, 5, (t:0, i:0))
2021-12-24 01:42:43,151 [dd75dce5-e290-4f16-9ffb-4c947a2969aa@group-8638DF840944-FollowerState] INFO  server.RaftServerConfigKeys (ConfUtils.java:logGet(44)) - raft.server.leaderelection.pre-vote = false (custom)
2021-12-24 01:42:43,151 [dd75dce5-e290-4f16-9ffb-4c947a2969aa@group-8638DF840944-FollowerState] INFO  impl.RoleInfo (RoleInfo.java:updateAndGet(130)) - dd75dce5-e290-4f16-9ffb-4c947a2969aa: start dd75dce5-e290-4f16-9ffb-4c947a2969aa@group-8638DF840944-LeaderElection79
2021-12-24 01:42:43,153 [grpc-default-executor-1] INFO  server.RaftServer$Division (RaftServerImpl.java:requestVote(1046)) - 8a31ae00-46ab-41b2-9095-3fe81d608acd@group-8638DF840944: receive requestVote(ELECTION, d9357ef4-c66e-445f-ba22-66d061d877f9, group-8638DF840944, 5, (t:0, i:0))
2021-12-24 01:42:43,153 [grpc-default-executor-1] INFO  impl.VoteContext (VoteContext.java:log(48)) - 8a31ae00-46ab-41b2-9095-3fe81d608acd@group-8638DF840944-FOLLOWER: reject ELECTION from d9357ef4-c66e-445f-ba22-66d061d877f9: our priority 1 > candidate's priority 0
2021-12-24 01:42:43,153 [grpc-default-executor-1] INFO  server.RaftServer$Division (RaftServerImpl.java:setRole(290)) - 8a31ae00-46ab-41b2-9095-3fe81d608acd@group-8638DF840944: changes role from  FOLLOWER to FOLLOWER at term 5 for candidate:d9357ef4-c66e-445f-ba22-66d061d877f9
2021-12-24 01:42:43,153 [grpc-default-executor-1] INFO  impl.RoleInfo (RoleInfo.java:shutdownFollowerState(108)) - 8a31ae00-46ab-41b2-9095-3fe81d608acd: shutdown 8a31ae00-46ab-41b2-9095-3fe81d608acd@group-8638DF840944-FollowerState
2021-12-24 01:42:43,153 [grpc-default-executor-1] INFO  impl.RoleInfo (RoleInfo.java:updateAndGet(130)) - 8a31ae00-46ab-41b2-9095-3fe81d608acd: start 8a31ae00-46ab-41b2-9095-3fe81d608acd@group-8638DF840944-FollowerState
2021-12-24 01:42:43,154 [grpc-default-executor-2] INFO  impl.VoteContext (VoteContext.java:log(48)) - dd75dce5-e290-4f16-9ffb-4c947a2969aa@group-8638DF840944-CANDIDATE: accept ELECTION from d9357ef4-c66e-445f-ba22-66d061d877f9: our priority 0 <= candidate's priority 0
2021-12-24 01:42:43,154 [grpc-default-executor-2] INFO  server.RaftServer$Division (RaftServerImpl.java:setRole(290)) - dd75dce5-e290-4f16-9ffb-4c947a2969aa@group-8638DF840944: changes role from CANDIDATE to FOLLOWER at term 5 for candidate:d9357ef4-c66e-445f-ba22-66d061d877f9
2021-12-24 01:42:43,154 [grpc-default-executor-2] INFO  impl.RoleInfo (RoleInfo.java:shutdownLeaderElection(121)) - dd75dce5-e290-4f16-9ffb-4c947a2969aa: shutdown dd75dce5-e290-4f16-9ffb-4c947a2969aa@group-8638DF840944-LeaderElection79
2021-12-24 01:42:43,154 [8a31ae00-46ab-41b2-9095-3fe81d608acd@group-8638DF840944-FollowerState] INFO  impl.FollowerState (FollowerState.java:run(143)) - 8a31ae00-46ab-41b2-9095-3fe81d608acd@group-8638DF840944-FollowerState was interrupted: {}
java.lang.InterruptedException: sleep interrupted
	at java.lang.Thread.sleep(Native Method)
	at java.lang.Thread.sleep(Thread.java:340)
	at java.util.concurrent.TimeUnit.sleep(TimeUnit.java:386)
	at org.apache.ratis.util.TimeDuration.sleep(TimeDuration.java:324)
	at org.apache.ratis.util.TimeDuration.sleep(TimeDuration.java:309)
	at org.apache.ratis.server.impl.FollowerState.run(FollowerState.java:118)
2021-12-24 01:42:43,154 [dd75dce5-e290-4f16-9ffb-4c947a2969aa@group-8638DF840944-LeaderElection79] INFO  impl.LeaderElection (LeaderElection.java:run(230)) - dd75dce5-e290-4f16-9ffb-4c947a2969aa@group-8638DF840944-LeaderElection79: skip running since this is already CLOSING
2021-12-24 01:42:43,155 [grpc-default-executor-2] INFO  impl.RoleInfo (RoleInfo.java:updateAndGet(130)) - dd75dce5-e290-4f16-9ffb-4c947a2969aa: start dd75dce5-e290-4f16-9ffb-4c947a2969aa@group-8638DF840944-FollowerState
2021-12-24 01:42:43,158 [grpc-default-executor-1] INFO  server.RaftServer$Division (RaftServerImpl.java:requestVote(1078)) - 8a31ae00-46ab-41b2-9095-3fe81d608acd@group-8638DF840944 replies to ELECTION vote request: d9357ef4-c66e-445f-ba22-66d061d877f9<-8a31ae00-46ab-41b2-9095-3fe81d608acd#0:FAIL-t5. Peer's state: 8a31ae00-46ab-41b2-9095-3fe81d608acd@group-8638DF840944:t5, leader=null, voted=null, raftlog=8a31ae00-46ab-41b2-9095-3fe81d608acd@group-8638DF840944-SegmentedRaftLog:OPENED:c-1, conf=-1: [dd75dce5-e290-4f16-9ffb-4c947a2969aa|rpc:10.1.0.29:43525|priority:0, d9357ef4-c66e-445f-ba22-66d061d877f9|rpc:10.1.0.29:39385|priority:0, 8a31ae00-46ab-41b2-9095-3fe81d608acd|rpc:10.1.0.29:35241|priority:1], old=null
2021-12-24 01:42:43,170 [grpc-default-executor-2] INFO  server.RaftServer$Division (RaftServerImpl.java:requestVote(1078)) - dd75dce5-e290-4f16-9ffb-4c947a2969aa@group-8638DF840944 replies to ELECTION vote request: d9357ef4-c66e-445f-ba22-66d061d877f9<-dd75dce5-e290-4f16-9ffb-4c947a2969aa#0:OK-t5. Peer's state: dd75dce5-e290-4f16-9ffb-4c947a2969aa@group-8638DF840944:t5, leader=null, voted=d9357ef4-c66e-445f-ba22-66d061d877f9, raftlog=dd75dce5-e290-4f16-9ffb-4c947a2969aa@group-8638DF840944-SegmentedRaftLog:OPENED:c-1, conf=-1: [dd75dce5-e290-4f16-9ffb-4c947a2969aa|rpc:10.1.0.29:43525|priority:0, d9357ef4-c66e-445f-ba22-66d061d877f9|rpc:10.1.0.29:39385|priority:0, 8a31ae00-46ab-41b2-9095-3fe81d608acd|rpc:10.1.0.29:35241|priority:1], old=null
2021-12-24 01:42:43,173 [d9357ef4-c66e-445f-ba22-66d061d877f9@group-8638DF840944-LeaderElection78] INFO  impl.LeaderElection (LeaderElection.java:logAndReturn(89)) - d9357ef4-c66e-445f-ba22-66d061d877f9@group-8638DF840944-LeaderElection78: ELECTION REJECTED received 2 response(s) and 0 exception(s):
2021-12-24 01:42:43,173 [d9357ef4-c66e-445f-ba22-66d061d877f9@group-8638DF840944-LeaderElection78] INFO  impl.LeaderElection (LeaderElection.java:logAndReturn(93)) -   Response 0: d9357ef4-c66e-445f-ba22-66d061d877f9<-dd75dce5-e290-4f16-9ffb-4c947a2969aa#0:OK-t5
2021-12-24 01:42:43,173 [d9357ef4-c66e-445f-ba22-66d061d877f9@group-8638DF840944-LeaderElection78] INFO  impl.LeaderElection (LeaderElection.java:logAndReturn(93)) -   Response 1: d9357ef4-c66e-445f-ba22-66d061d877f9<-8a31ae00-46ab-41b2-9095-3fe81d608acd#0:FAIL-t5
2021-12-24 01:42:43,173 [d9357ef4-c66e-445f-ba22-66d061d877f9@group-8638DF840944-LeaderElection78] INFO  impl.LeaderElection (LeaderElection.java:askForVotes(308)) - d9357ef4-c66e-445f-ba22-66d061d877f9@group-8638DF840944-LeaderElection78 ELECTION round 0: result REJECTED
2021-12-24 01:42:43,173 [d9357ef4-c66e-445f-ba22-66d061d877f9@group-8638DF840944-LeaderElection78] INFO  server.RaftServer$Division (RaftServerImpl.java:setRole(290)) - d9357ef4-c66e-445f-ba22-66d061d877f9@group-8638DF840944: changes role from CANDIDATE to FOLLOWER at term 5 for REJECTED
2021-12-24 01:42:43,173 [d9357ef4-c66e-445f-ba22-66d061d877f9@group-8638DF840944-LeaderElection78] INFO  impl.RoleInfo (RoleInfo.java:shutdownLeaderElection(121)) - d9357ef4-c66e-445f-ba22-66d061d877f9: shutdown d9357ef4-c66e-445f-ba22-66d061d877f9@group-8638DF840944-LeaderElection78
2021-12-24 01:42:43,173 [d9357ef4-c66e-445f-ba22-66d061d877f9@group-8638DF840944-LeaderElection78] INFO  impl.RoleInfo (RoleInfo.java:updateAndGet(130)) - d9357ef4-c66e-445f-ba22-66d061d877f9: start d9357ef4-c66e-445f-ba22-66d061d877f9@group-8638DF840944-FollowerState
2021-12-24 01:42:44,043 [Listener at 127.0.0.1/42107] INFO  ozone.MiniOzoneClusterImpl (MiniOzoneClusterImpl.java:lambda$waitForClusterToBeReady$0(235)) - Nodes are ready. Got 3 of 3 DN Heartbeats.
2021-12-24 01:42:44,044 [Listener at 127.0.0.1/42107] INFO  ozone.MiniOzoneClusterImpl (MiniOzoneClusterImpl.java:lambda$waitForClusterToBeReady$0(238)) - Waiting for cluster to exit safe mode
2021-12-24 01:42:44,044 [Listener at 127.0.0.1/42107] INFO  ozone.MiniOzoneClusterImpl (MiniOzoneClusterImpl.java:lambda$waitForClusterToBeReady$0(240)) - SCM became leader
2021-12-24 01:42:45,044 [Listener at 127.0.0.1/42107] INFO  ozone.MiniOzoneClusterImpl (MiniOzoneClusterImpl.java:lambda$waitForClusterToBeReady$0(235)) - Nodes are ready. Got 3 of 3 DN Heartbeats.
2021-12-24 01:42:45,044 [Listener at 127.0.0.1/42107] INFO  ozone.MiniOzoneClusterImpl (MiniOzoneClusterImpl.java:lambda$waitForClusterToBeReady$0(238)) - Waiting for cluster to exit safe mode
2021-12-24 01:42:45,044 [Listener at 127.0.0.1/42107] INFO  ozone.MiniOzoneClusterImpl (MiniOzoneClusterImpl.java:lambda$waitForClusterToBeReady$0(240)) - SCM became leader
2021-12-24 01:42:46,048 [Listener at 127.0.0.1/42107] INFO  ozone.MiniOzoneClusterImpl (MiniOzoneClusterImpl.java:lambda$waitForClusterToBeReady$0(235)) - Nodes are ready. Got 3 of 3 DN Heartbeats.
2021-12-24 01:42:46,048 [Listener at 127.0.0.1/42107] INFO  ozone.MiniOzoneClusterImpl (MiniOzoneClusterImpl.java:lambda$waitForClusterToBeReady$0(238)) - Waiting for cluster to exit safe mode
2021-12-24 01:42:46,049 [Listener at 127.0.0.1/42107] INFO  ozone.MiniOzoneClusterImpl (MiniOzoneClusterImpl.java:lambda$waitForClusterToBeReady$0(240)) - SCM became leader
2021-12-24 01:42:47,049 [Listener at 127.0.0.1/42107] INFO  ozone.MiniOzoneClusterImpl (MiniOzoneClusterImpl.java:lambda$waitForClusterToBeReady$0(235)) - Nodes are ready. Got 3 of 3 DN Heartbeats.
2021-12-24 01:42:47,049 [Listener at 127.0.0.1/42107] INFO  ozone.MiniOzoneClusterImpl (MiniOzoneClusterImpl.java:lambda$waitForClusterToBeReady$0(238)) - Waiting for cluster to exit safe mode
2021-12-24 01:42:47,049 [Listener at 127.0.0.1/42107] INFO  ozone.MiniOzoneClusterImpl (MiniOzoneClusterImpl.java:lambda$waitForClusterToBeReady$0(240)) - SCM became leader
2021-12-24 01:42:48,014 [d9357ef4-c66e-445f-ba22-66d061d877f9@group-25A049D079A1-FollowerState] INFO  impl.FollowerState (FollowerState.java:run(134)) - d9357ef4-c66e-445f-ba22-66d061d877f9@group-25A049D079A1-FollowerState: change to CANDIDATE, lastRpcElapsedTime:5002787379ns, electionTimeout:5001ms
2021-12-24 01:42:48,014 [d9357ef4-c66e-445f-ba22-66d061d877f9@group-25A049D079A1-FollowerState] INFO  impl.RoleInfo (RoleInfo.java:shutdownFollowerState(108)) - d9357ef4-c66e-445f-ba22-66d061d877f9: shutdown d9357ef4-c66e-445f-ba22-66d061d877f9@group-25A049D079A1-FollowerState
2021-12-24 01:42:48,015 [d9357ef4-c66e-445f-ba22-66d061d877f9@group-25A049D079A1-FollowerState] INFO  server.RaftServer$Division (RaftServerImpl.java:setRole(290)) - d9357ef4-c66e-445f-ba22-66d061d877f9@group-25A049D079A1: changes role from  FOLLOWER to CANDIDATE at term 5 for changeToCandidate
2021-12-24 01:42:48,015 [d9357ef4-c66e-445f-ba22-66d061d877f9@group-25A049D079A1-FollowerState] INFO  server.RaftServerConfigKeys (ConfUtils.java:logGet(44)) - raft.server.leaderelection.pre-vote = false (custom)
2021-12-24 01:42:48,015 [d9357ef4-c66e-445f-ba22-66d061d877f9@group-25A049D079A1-FollowerState] INFO  impl.RoleInfo (RoleInfo.java:updateAndGet(130)) - d9357ef4-c66e-445f-ba22-66d061d877f9: start d9357ef4-c66e-445f-ba22-66d061d877f9@group-25A049D079A1-LeaderElection80
2021-12-24 01:42:48,024 [d9357ef4-c66e-445f-ba22-66d061d877f9@group-25A049D079A1-LeaderElection80] INFO  impl.LeaderElection (LeaderElection.java:askForVotes(306)) - d9357ef4-c66e-445f-ba22-66d061d877f9@group-25A049D079A1-LeaderElection80 ELECTION round 0: submit vote requests at term 6 for -1: [dd75dce5-e290-4f16-9ffb-4c947a2969aa|rpc:10.1.0.29:43525|dataStream:|priority:0, 8a31ae00-46ab-41b2-9095-3fe81d608acd|rpc:10.1.0.29:35241|dataStream:|priority:0, d9357ef4-c66e-445f-ba22-66d061d877f9|rpc:10.1.0.29:39385|dataStream:|priority:1], old=null
2021-12-24 01:42:48,028 [grpc-default-executor-1] INFO  server.RaftServer$Division (RaftServerImpl.java:requestVote(1046)) - dd75dce5-e290-4f16-9ffb-4c947a2969aa@group-25A049D079A1: receive requestVote(ELECTION, d9357ef4-c66e-445f-ba22-66d061d877f9, group-25A049D079A1, 6, (t:0, i:0))
2021-12-24 01:42:48,028 [grpc-default-executor-1] INFO  impl.VoteContext (VoteContext.java:log(48)) - dd75dce5-e290-4f16-9ffb-4c947a2969aa@group-25A049D079A1-FOLLOWER: accept ELECTION from d9357ef4-c66e-445f-ba22-66d061d877f9: our priority 0 <= candidate's priority 1
2021-12-24 01:42:48,028 [grpc-default-executor-1] INFO  server.RaftServer$Division (RaftServerImpl.java:setRole(290)) - dd75dce5-e290-4f16-9ffb-4c947a2969aa@group-25A049D079A1: changes role from  FOLLOWER to FOLLOWER at term 6 for candidate:d9357ef4-c66e-445f-ba22-66d061d877f9
2021-12-24 01:42:48,028 [grpc-default-executor-1] INFO  impl.RoleInfo (RoleInfo.java:shutdownFollowerState(108)) - dd75dce5-e290-4f16-9ffb-4c947a2969aa: shutdown dd75dce5-e290-4f16-9ffb-4c947a2969aa@group-25A049D079A1-FollowerState
2021-12-24 01:42:48,031 [grpc-default-executor-1] INFO  impl.RoleInfo (RoleInfo.java:updateAndGet(130)) - dd75dce5-e290-4f16-9ffb-4c947a2969aa: start dd75dce5-e290-4f16-9ffb-4c947a2969aa@group-25A049D079A1-FollowerState
2021-12-24 01:42:48,036 [grpc-default-executor-2] INFO  server.RaftServer$Division (RaftServerImpl.java:requestVote(1046)) - 8a31ae00-46ab-41b2-9095-3fe81d608acd@group-25A049D079A1: receive requestVote(ELECTION, d9357ef4-c66e-445f-ba22-66d061d877f9, group-25A049D079A1, 6, (t:0, i:0))
2021-12-24 01:42:48,036 [dd75dce5-e290-4f16-9ffb-4c947a2969aa@group-25A049D079A1-FollowerState] INFO  impl.FollowerState (FollowerState.java:run(143)) - dd75dce5-e290-4f16-9ffb-4c947a2969aa@group-25A049D079A1-FollowerState was interrupted: {}
java.lang.InterruptedException: sleep interrupted
	at java.lang.Thread.sleep(Native Method)
	at java.lang.Thread.sleep(Thread.java:340)
	at java.util.concurrent.TimeUnit.sleep(TimeUnit.java:386)
	at org.apache.ratis.util.TimeDuration.sleep(TimeDuration.java:324)
	at org.apache.ratis.util.TimeDuration.sleep(TimeDuration.java:309)
	at org.apache.ratis.server.impl.FollowerState.run(FollowerState.java:118)
2021-12-24 01:42:48,036 [grpc-default-executor-2] INFO  impl.VoteContext (VoteContext.java:log(48)) - 8a31ae00-46ab-41b2-9095-3fe81d608acd@group-25A049D079A1-FOLLOWER: accept ELECTION from d9357ef4-c66e-445f-ba22-66d061d877f9: our priority 0 <= candidate's priority 1
2021-12-24 01:42:48,036 [grpc-default-executor-2] INFO  server.RaftServer$Division (RaftServerImpl.java:setRole(290)) - 8a31ae00-46ab-41b2-9095-3fe81d608acd@group-25A049D079A1: changes role from  FOLLOWER to FOLLOWER at term 6 for candidate:d9357ef4-c66e-445f-ba22-66d061d877f9
2021-12-24 01:42:48,036 [grpc-default-executor-2] INFO  impl.RoleInfo (RoleInfo.java:shutdownFollowerState(108)) - 8a31ae00-46ab-41b2-9095-3fe81d608acd: shutdown 8a31ae00-46ab-41b2-9095-3fe81d608acd@group-25A049D079A1-FollowerState
2021-12-24 01:42:48,037 [8a31ae00-46ab-41b2-9095-3fe81d608acd@group-25A049D079A1-FollowerState] INFO  impl.FollowerState (FollowerState.java:run(143)) - 8a31ae00-46ab-41b2-9095-3fe81d608acd@group-25A049D079A1-FollowerState was interrupted: {}
java.lang.InterruptedException: sleep interrupted
	at java.lang.Thread.sleep(Native Method)
	at java.lang.Thread.sleep(Thread.java:340)
	at java.util.concurrent.TimeUnit.sleep(TimeUnit.java:386)
	at org.apache.ratis.util.TimeDuration.sleep(TimeDuration.java:324)
	at org.apache.ratis.util.TimeDuration.sleep(TimeDuration.java:309)
	at org.apache.ratis.server.impl.FollowerState.run(FollowerState.java:118)
2021-12-24 01:42:48,037 [grpc-default-executor-2] INFO  impl.RoleInfo (RoleInfo.java:updateAndGet(130)) - 8a31ae00-46ab-41b2-9095-3fe81d608acd: start 8a31ae00-46ab-41b2-9095-3fe81d608acd@group-25A049D079A1-FollowerState
2021-12-24 01:42:48,042 [grpc-default-executor-1] INFO  server.RaftServer$Division (RaftServerImpl.java:requestVote(1078)) - dd75dce5-e290-4f16-9ffb-4c947a2969aa@group-25A049D079A1 replies to ELECTION vote request: d9357ef4-c66e-445f-ba22-66d061d877f9<-dd75dce5-e290-4f16-9ffb-4c947a2969aa#0:OK-t6. Peer's state: dd75dce5-e290-4f16-9ffb-4c947a2969aa@group-25A049D079A1:t6, leader=null, voted=d9357ef4-c66e-445f-ba22-66d061d877f9, raftlog=dd75dce5-e290-4f16-9ffb-4c947a2969aa@group-25A049D079A1-SegmentedRaftLog:OPENED:c-1, conf=-1: [dd75dce5-e290-4f16-9ffb-4c947a2969aa|rpc:10.1.0.29:43525|priority:0, 8a31ae00-46ab-41b2-9095-3fe81d608acd|rpc:10.1.0.29:35241|priority:0, d9357ef4-c66e-445f-ba22-66d061d877f9|rpc:10.1.0.29:39385|priority:1], old=null
2021-12-24 01:42:48,050 [Listener at 127.0.0.1/42107] INFO  ozone.MiniOzoneClusterImpl (MiniOzoneClusterImpl.java:lambda$waitForClusterToBeReady$0(235)) - Nodes are ready. Got 3 of 3 DN Heartbeats.
2021-12-24 01:42:48,050 [Listener at 127.0.0.1/42107] INFO  ozone.MiniOzoneClusterImpl (MiniOzoneClusterImpl.java:lambda$waitForClusterToBeReady$0(238)) - Waiting for cluster to exit safe mode
2021-12-24 01:42:48,050 [Listener at 127.0.0.1/42107] INFO  ozone.MiniOzoneClusterImpl (MiniOzoneClusterImpl.java:lambda$waitForClusterToBeReady$0(240)) - SCM became leader
2021-12-24 01:42:48,061 [d9357ef4-c66e-445f-ba22-66d061d877f9@group-25A049D079A1-LeaderElection80] INFO  impl.LeaderElection (LeaderElection.java:logAndReturn(89)) - d9357ef4-c66e-445f-ba22-66d061d877f9@group-25A049D079A1-LeaderElection80: ELECTION PASSED received 1 response(s) and 0 exception(s):
2021-12-24 01:42:48,061 [d9357ef4-c66e-445f-ba22-66d061d877f9@group-25A049D079A1-LeaderElection80] INFO  impl.LeaderElection (LeaderElection.java:logAndReturn(93)) -   Response 0: d9357ef4-c66e-445f-ba22-66d061d877f9<-dd75dce5-e290-4f16-9ffb-4c947a2969aa#0:OK-t6
2021-12-24 01:42:48,061 [d9357ef4-c66e-445f-ba22-66d061d877f9@group-25A049D079A1-LeaderElection80] INFO  impl.LeaderElection (LeaderElection.java:askForVotes(308)) - d9357ef4-c66e-445f-ba22-66d061d877f9@group-25A049D079A1-LeaderElection80 ELECTION round 0: result PASSED
2021-12-24 01:42:48,061 [d9357ef4-c66e-445f-ba22-66d061d877f9@group-25A049D079A1-LeaderElection80] INFO  impl.RoleInfo (RoleInfo.java:shutdownLeaderElection(121)) - d9357ef4-c66e-445f-ba22-66d061d877f9: shutdown d9357ef4-c66e-445f-ba22-66d061d877f9@group-25A049D079A1-LeaderElection80
2021-12-24 01:42:48,061 [d9357ef4-c66e-445f-ba22-66d061d877f9@group-25A049D079A1-LeaderElection80] INFO  server.RaftServer$Division (RaftServerImpl.java:setRole(290)) - d9357ef4-c66e-445f-ba22-66d061d877f9@group-25A049D079A1: changes role from CANDIDATE to LEADER at term 6 for changeToLeader
2021-12-24 01:42:48,061 [d9357ef4-c66e-445f-ba22-66d061d877f9@group-25A049D079A1-LeaderElection80] INFO  ratis.XceiverServerRatis (XceiverServerRatis.java:handleLeaderChangedNotification(866)) - Leader change notification received for group: group-25A049D079A1 with new leaderId: d9357ef4-c66e-445f-ba22-66d061d877f9
2021-12-24 01:42:48,061 [d9357ef4-c66e-445f-ba22-66d061d877f9@group-25A049D079A1-LeaderElection80] INFO  server.RaftServer$Division (ServerState.java:setLeader(285)) - d9357ef4-c66e-445f-ba22-66d061d877f9@group-25A049D079A1: change Leader from null to d9357ef4-c66e-445f-ba22-66d061d877f9 at term 6 for becomeLeader, leader elected after 30591ms
2021-12-24 01:42:48,062 [d9357ef4-c66e-445f-ba22-66d061d877f9@group-25A049D079A1-LeaderElection80] INFO  server.RaftServerConfigKeys (ConfUtils.java:logGet(44)) - raft.server.staging.catchup.gap = 1000 (default)
2021-12-24 01:42:48,062 [d9357ef4-c66e-445f-ba22-66d061d877f9@group-25A049D079A1-LeaderElection80] INFO  server.RaftServerConfigKeys (ConfUtils.java:logGet(44)) - raft.server.write.element-limit = 1024 (custom)
2021-12-24 01:42:48,062 [d9357ef4-c66e-445f-ba22-66d061d877f9@group-25A049D079A1-LeaderElection80] INFO  server.RaftServerConfigKeys (ConfUtils.java:logGet(44)) - raft.server.write.byte-limit = 1024 M (=1073741824) (custom)
2021-12-24 01:42:48,062 [d9357ef4-c66e-445f-ba22-66d061d877f9@group-25A049D079A1-LeaderElection80] INFO  server.RaftServerConfigKeys (ConfUtils.java:logGet(44)) - raft.server.watch.timeout = 180s (custom)
2021-12-24 01:42:48,062 [d9357ef4-c66e-445f-ba22-66d061d877f9@group-25A049D079A1-LeaderElection80] INFO  server.RaftServerConfigKeys (ConfUtils.java:logGet(44)) - raft.server.watch.timeout.denomination = 1s (default)
2021-12-24 01:42:48,063 [d9357ef4-c66e-445f-ba22-66d061d877f9@group-25A049D079A1-LeaderElection80] INFO  server.RaftServerConfigKeys (ConfUtils.java:logGet(44)) - raft.server.watch.element-limit = 65536 (default)
2021-12-24 01:42:48,063 [d9357ef4-c66e-445f-ba22-66d061d877f9@group-25A049D079A1-LeaderElection80] INFO  server.RaftServerConfigKeys (ConfUtils.java:logGet(44)) - raft.server.write.element-limit = 1024 (custom)
2021-12-24 01:42:48,063 [d9357ef4-c66e-445f-ba22-66d061d877f9@group-25A049D079A1-LeaderElection80] INFO  server.RaftServerConfigKeys (ConfUtils.java:logGet(44)) - raft.server.write.follower.gap.ratio.max = -1.0 (default)
2021-12-24 01:42:48,063 [d9357ef4-c66e-445f-ba22-66d061d877f9@group-25A049D079A1-LeaderElection80] INFO  server.RaftServerConfigKeys (ConfUtils.java:logGet(44)) - raft.server.log.appender.snapshot.chunk.size.max = 16MB (=16777216) (default)
2021-12-24 01:42:48,063 [d9357ef4-c66e-445f-ba22-66d061d877f9@group-25A049D079A1-LeaderElection80] INFO  server.RaftServerConfigKeys (ConfUtils.java:logGet(44)) - raft.server.log.appender.buffer.byte-limit = 33554432 (custom)
2021-12-24 01:42:48,063 [d9357ef4-c66e-445f-ba22-66d061d877f9@group-25A049D079A1-LeaderElection80] INFO  server.RaftServerConfigKeys (ConfUtils.java:logGet(44)) - raft.server.log.appender.buffer.element-limit = 1 (custom)
2021-12-24 01:42:48,063 [d9357ef4-c66e-445f-ba22-66d061d877f9@group-25A049D079A1-LeaderElection80] INFO  grpc.GrpcConfigKeys (ConfUtils.java:logGet(44)) - raft.grpc.server.leader.outstanding.appends.max = 128 (default)
2021-12-24 01:42:48,063 [d9357ef4-c66e-445f-ba22-66d061d877f9@group-25A049D079A1-LeaderElection80] INFO  server.RaftServerConfigKeys (ConfUtils.java:logGet(44)) - raft.server.rpc.request.timeout = 60s (custom)
2021-12-24 01:42:48,063 [d9357ef4-c66e-445f-ba22-66d061d877f9@group-25A049D079A1-LeaderElection80] INFO  server.RaftServerConfigKeys (ConfUtils.java:logGet(44)) - raft.server.log.appender.install.snapshot.enabled = false (custom)
2021-12-24 01:42:48,064 [d9357ef4-c66e-445f-ba22-66d061d877f9@group-25A049D079A1-LeaderElection80] INFO  server.RaftServerConfigKeys (ConfUtils.java:logGet(44)) - raft.server.log.appender.snapshot.chunk.size.max = 16MB (=16777216) (default)
2021-12-24 01:42:48,064 [d9357ef4-c66e-445f-ba22-66d061d877f9@group-25A049D079A1-LeaderElection80] INFO  server.RaftServerConfigKeys (ConfUtils.java:logGet(44)) - raft.server.log.appender.buffer.byte-limit = 33554432 (custom)
2021-12-24 01:42:48,064 [d9357ef4-c66e-445f-ba22-66d061d877f9@group-25A049D079A1-LeaderElection80] INFO  server.RaftServerConfigKeys (ConfUtils.java:logGet(44)) - raft.server.log.appender.buffer.element-limit = 1 (custom)
2021-12-24 01:42:48,065 [d9357ef4-c66e-445f-ba22-66d061d877f9@group-25A049D079A1-LeaderElection80] INFO  grpc.GrpcConfigKeys (ConfUtils.java:logGet(44)) - raft.grpc.server.leader.outstanding.appends.max = 128 (default)
2021-12-24 01:42:48,065 [d9357ef4-c66e-445f-ba22-66d061d877f9@group-25A049D079A1-LeaderElection80] INFO  server.RaftServerConfigKeys (ConfUtils.java:logGet(44)) - raft.server.rpc.request.timeout = 60s (custom)
2021-12-24 01:42:48,065 [d9357ef4-c66e-445f-ba22-66d061d877f9@group-25A049D079A1-LeaderElection80] INFO  server.RaftServerConfigKeys (ConfUtils.java:logGet(44)) - raft.server.log.appender.install.snapshot.enabled = false (custom)
2021-12-24 01:42:48,065 [EventQueue-PipelineReportForPipelineReportHandler] INFO  pipeline.PipelineManagerImpl (PipelineManagerImpl.java:openPipeline(291)) - Pipeline Pipeline[ Id: af233b21-8eda-4521-9153-25a049d079a1, Nodes: 8a31ae00-46ab-41b2-9095-3fe81d608acd{ip: 10.1.0.29, host: fv-az116-279.vzw04321ajxubdbcnpick5nqva.xx.internal.cloudapp.net, ports: [REPLICATION=43817, RATIS=35241, RATIS_ADMIN=35241, RATIS_SERVER=35241, STANDALONE=34315], networkLocation: /default-rack, certSerialId: null, persistedOpState: IN_SERVICE, persistedOpStateExpiryEpochSec: 0}dd75dce5-e290-4f16-9ffb-4c947a2969aa{ip: 10.1.0.29, host: fv-az116-279.vzw04321ajxubdbcnpick5nqva.xx.internal.cloudapp.net, ports: [REPLICATION=42361, RATIS=43525, RATIS_ADMIN=43525, RATIS_SERVER=43525, STANDALONE=44287], networkLocation: /default-rack, certSerialId: null, persistedOpState: IN_SERVICE, persistedOpStateExpiryEpochSec: 0}d9357ef4-c66e-445f-ba22-66d061d877f9{ip: 10.1.0.29, host: fv-az116-279.vzw04321ajxubdbcnpick5nqva.xx.internal.cloudapp.net, ports: [REPLICATION=41007, RATIS=39385, RATIS_ADMIN=39385, RATIS_SERVER=39385, STANDALONE=34587], networkLocation: /default-rack, certSerialId: null, persistedOpState: IN_SERVICE, persistedOpStateExpiryEpochSec: 0}, ReplicationConfig: RATIS/THREE, State:ALLOCATED, leaderId:d9357ef4-c66e-445f-ba22-66d061d877f9, CreationTimestamp2021-12-24T01:42:15.058Z[Etc/UTC]] moved to OPEN state
2021-12-24 01:42:48,066 [d9357ef4-c66e-445f-ba22-66d061d877f9@group-25A049D079A1-LeaderElection80] INFO  impl.RoleInfo (RoleInfo.java:updateAndGet(130)) - d9357ef4-c66e-445f-ba22-66d061d877f9: start d9357ef4-c66e-445f-ba22-66d061d877f9@group-25A049D079A1-LeaderStateImpl
2021-12-24 01:42:48,067 [grpc-default-executor-2] INFO  server.RaftServer$Division (RaftServerImpl.java:requestVote(1078)) - 8a31ae00-46ab-41b2-9095-3fe81d608acd@group-25A049D079A1 replies to ELECTION vote request: d9357ef4-c66e-445f-ba22-66d061d877f9<-8a31ae00-46ab-41b2-9095-3fe81d608acd#0:OK-t6. Peer's state: 8a31ae00-46ab-41b2-9095-3fe81d608acd@group-25A049D079A1:t6, leader=null, voted=d9357ef4-c66e-445f-ba22-66d061d877f9, raftlog=8a31ae00-46ab-41b2-9095-3fe81d608acd@group-25A049D079A1-SegmentedRaftLog:OPENED:c-1, conf=-1: [dd75dce5-e290-4f16-9ffb-4c947a2969aa|rpc:10.1.0.29:43525|dataStream:|priority:0, 8a31ae00-46ab-41b2-9095-3fe81d608acd|rpc:10.1.0.29:35241|dataStream:|priority:0, d9357ef4-c66e-445f-ba22-66d061d877f9|rpc:10.1.0.29:39385|dataStream:|priority:1], old=null
2021-12-24 01:42:48,067 [EventQueue-OpenPipelineForHealthyPipelineSafeModeRule] INFO  safemode.SCMSafeModeManager (HealthyPipelineSafeModeRule.java:process(124)) - SCM in safe mode. Healthy pipelines reported count is 1, required healthy pipeline reported count is 1
2021-12-24 01:42:48,067 [EventQueue-OpenPipelineForHealthyPipelineSafeModeRule] INFO  safemode.SCMSafeModeManager (SCMSafeModeManager.java:validateSafeModeExitRules(204)) - HealthyPipelineSafeModeRule rule is successfully validated
2021-12-24 01:42:48,067 [EventQueue-OpenPipelineForHealthyPipelineSafeModeRule] INFO  safemode.SCMSafeModeManager (SCMSafeModeManager.java:validateSafeModeExitRules(219)) - ScmSafeModeManager, all rules are successfully validated
2021-12-24 01:42:48,067 [EventQueue-OpenPipelineForHealthyPipelineSafeModeRule] INFO  safemode.SCMSafeModeManager (SCMSafeModeManager.java:exitSafeMode(248)) - SCM exiting safe mode.
2021-12-24 01:42:48,067 [EventQueue-OpenPipelineForHealthyPipelineSafeModeRule] WARN  events.EventQueue (EventQueue.java:fireEvent(194)) - No event handler registered for event TypedEvent{payloadType=SafeModeStatus, name='Safe mode status'}
2021-12-24 01:42:48,067 [EventQueue-OpenPipelineForHealthyPipelineSafeModeRule] INFO  ha.SCMContext (SCMContext.java:updateSafeModeStatus(211)) - Update SafeModeStatus from SafeModeStatus{safeModeStatus=true, preCheckPassed=true} to SafeModeStatus{safeModeStatus=false, preCheckPassed=true}.
2021-12-24 01:42:48,067 [EventQueue-OpenPipelineForHealthyPipelineSafeModeRule] INFO  pipeline.BackgroundPipelineCreator (BackgroundPipelineCreator.java:notifyStatusChanged(264)) - Service BackgroundPipelineCreator transitions to RUNNING.
2021-12-24 01:42:48,067 [EventQueue-OpenPipelineForHealthyPipelineSafeModeRule] INFO  container.ReplicationManager (ReplicationManager.java:notifyStatusChanged(1758)) - Service ReplicationManager transitions to RUNNING.
2021-12-24 01:42:48,069 [d9357ef4-c66e-445f-ba22-66d061d877f9@group-25A049D079A1-LeaderElection80] INFO  segmented.SegmentedRaftLogWorker (SegmentedRaftLogWorker.java:startLogSegment(394)) - d9357ef4-c66e-445f-ba22-66d061d877f9@group-25A049D079A1-SegmentedRaftLogWorker: Starting segment from index:0
2021-12-24 01:42:48,070 [d9357ef4-c66e-445f-ba22-66d061d877f9@group-25A049D079A1-SegmentedRaftLogWorker] INFO  segmented.SegmentedRaftLogWorker (SegmentedRaftLogWorker.java:execute(601)) - d9357ef4-c66e-445f-ba22-66d061d877f9@group-25A049D079A1-SegmentedRaftLogWorker: created new log segment /home/runner/work/ozone/ozone/hadoop-ozone/integration-test/target/test-dir/MiniOzoneClusterImpl-0a0f043c-1890-4504-b3a7-b335d5eef4c6/datanode-2/data/ratis/af233b21-8eda-4521-9153-25a049d079a1/current/log_inprogress_0
2021-12-24 01:42:48,085 [grpc-default-executor-1] INFO  ratis.XceiverServerRatis (XceiverServerRatis.java:handleLeaderChangedNotification(866)) - Leader change notification received for group: group-25A049D079A1 with new leaderId: d9357ef4-c66e-445f-ba22-66d061d877f9
2021-12-24 01:42:48,085 [grpc-default-executor-1] INFO  server.RaftServer$Division (ServerState.java:setLeader(285)) - 8a31ae00-46ab-41b2-9095-3fe81d608acd@group-25A049D079A1: change Leader from null to d9357ef4-c66e-445f-ba22-66d061d877f9 at term 6 for appendEntries, leader elected after 30763ms
2021-12-24 01:42:48,099 [d9357ef4-c66e-445f-ba22-66d061d877f9@group-25A049D079A1-LeaderElection80] INFO  server.RaftServer$Division (ServerState.java:setRaftConf(387)) - d9357ef4-c66e-445f-ba22-66d061d877f9@group-25A049D079A1: set configuration 0: [dd75dce5-e290-4f16-9ffb-4c947a2969aa|rpc:10.1.0.29:43525|dataStream:|priority:0, 8a31ae00-46ab-41b2-9095-3fe81d608acd|rpc:10.1.0.29:35241|dataStream:|priority:0, d9357ef4-c66e-445f-ba22-66d061d877f9|rpc:10.1.0.29:39385|dataStream:|priority:1], old=null
2021-12-24 01:42:48,127 [grpc-default-executor-1] INFO  server.RaftServer$Division (ServerState.java:setRaftConf(387)) - 8a31ae00-46ab-41b2-9095-3fe81d608acd@group-25A049D079A1: set configuration 0: [dd75dce5-e290-4f16-9ffb-4c947a2969aa|rpc:10.1.0.29:43525|dataStream:|priority:0, 8a31ae00-46ab-41b2-9095-3fe81d608acd|rpc:10.1.0.29:35241|dataStream:|priority:0, d9357ef4-c66e-445f-ba22-66d061d877f9|rpc:10.1.0.29:39385|dataStream:|priority:1], old=null
2021-12-24 01:42:48,127 [grpc-default-executor-1] INFO  segmented.SegmentedRaftLogWorker (SegmentedRaftLogWorker.java:startLogSegment(394)) - 8a31ae00-46ab-41b2-9095-3fe81d608acd@group-25A049D079A1-SegmentedRaftLogWorker: Starting segment from index:0
2021-12-24 01:42:48,129 [8a31ae00-46ab-41b2-9095-3fe81d608acd@group-25A049D079A1-SegmentedRaftLogWorker] INFO  segmented.SegmentedRaftLogWorker (SegmentedRaftLogWorker.java:execute(601)) - 8a31ae00-46ab-41b2-9095-3fe81d608acd@group-25A049D079A1-SegmentedRaftLogWorker: created new log segment /home/runner/work/ozone/ozone/hadoop-ozone/integration-test/target/test-dir/MiniOzoneClusterImpl-0a0f043c-1890-4504-b3a7-b335d5eef4c6/datanode-1/data/ratis/af233b21-8eda-4521-9153-25a049d079a1/current/log_inprogress_0
2021-12-24 01:42:48,151 [grpc-default-executor-1] INFO  ratis.XceiverServerRatis (XceiverServerRatis.java:handleLeaderChangedNotification(866)) - Leader change notification received for group: group-25A049D079A1 with new leaderId: d9357ef4-c66e-445f-ba22-66d061d877f9
2021-12-24 01:42:48,151 [grpc-default-executor-1] INFO  server.RaftServer$Division (ServerState.java:setLeader(285)) - dd75dce5-e290-4f16-9ffb-4c947a2969aa@group-25A049D079A1: change Leader from null to d9357ef4-c66e-445f-ba22-66d061d877f9 at term 6 for appendEntries, leader elected after 31001ms
2021-12-24 01:42:48,162 [grpc-default-executor-1] INFO  server.RaftServer$Division (ServerState.java:setRaftConf(387)) - dd75dce5-e290-4f16-9ffb-4c947a2969aa@group-25A049D079A1: set configuration 0: [dd75dce5-e290-4f16-9ffb-4c947a2969aa|rpc:10.1.0.29:43525|dataStream:|priority:0, 8a31ae00-46ab-41b2-9095-3fe81d608acd|rpc:10.1.0.29:35241|dataStream:|priority:0, d9357ef4-c66e-445f-ba22-66d061d877f9|rpc:10.1.0.29:39385|dataStream:|priority:1], old=null
2021-12-24 01:42:48,162 [grpc-default-executor-1] INFO  segmented.SegmentedRaftLogWorker (SegmentedRaftLogWorker.java:startLogSegment(394)) - dd75dce5-e290-4f16-9ffb-4c947a2969aa@group-25A049D079A1-SegmentedRaftLogWorker: Starting segment from index:0
2021-12-24 01:42:48,166 [dd75dce5-e290-4f16-9ffb-4c947a2969aa@group-25A049D079A1-SegmentedRaftLogWorker] INFO  segmented.SegmentedRaftLogWorker (SegmentedRaftLogWorker.java:execute(601)) - dd75dce5-e290-4f16-9ffb-4c947a2969aa@group-25A049D079A1-SegmentedRaftLogWorker: created new log segment /home/runner/work/ozone/ozone/hadoop-ozone/integration-test/target/test-dir/MiniOzoneClusterImpl-0a0f043c-1890-4504-b3a7-b335d5eef4c6/datanode-0/data/ratis/af233b21-8eda-4521-9153-25a049d079a1/current/log_inprogress_0
2021-12-24 01:42:48,225 [d9357ef4-c66e-445f-ba22-66d061d877f9@group-8638DF840944-FollowerState] INFO  impl.FollowerState (FollowerState.java:run(134)) - d9357ef4-c66e-445f-ba22-66d061d877f9@group-8638DF840944-FollowerState: change to CANDIDATE, lastRpcElapsedTime:5052265799ns, electionTimeout:5023ms
2021-12-24 01:42:48,226 [d9357ef4-c66e-445f-ba22-66d061d877f9@group-8638DF840944-FollowerState] INFO  impl.RoleInfo (RoleInfo.java:shutdownFollowerState(108)) - d9357ef4-c66e-445f-ba22-66d061d877f9: shutdown d9357ef4-c66e-445f-ba22-66d061d877f9@group-8638DF840944-FollowerState
2021-12-24 01:42:48,226 [d9357ef4-c66e-445f-ba22-66d061d877f9@group-8638DF840944-FollowerState] INFO  server.RaftServer$Division (RaftServerImpl.java:setRole(290)) - d9357ef4-c66e-445f-ba22-66d061d877f9@group-8638DF840944: changes role from  FOLLOWER to CANDIDATE at term 5 for changeToCandidate
2021-12-24 01:42:48,226 [d9357ef4-c66e-445f-ba22-66d061d877f9@group-8638DF840944-FollowerState] INFO  server.RaftServerConfigKeys (ConfUtils.java:logGet(44)) - raft.server.leaderelection.pre-vote = false (custom)
2021-12-24 01:42:48,226 [d9357ef4-c66e-445f-ba22-66d061d877f9@group-8638DF840944-FollowerState] INFO  impl.RoleInfo (RoleInfo.java:updateAndGet(130)) - d9357ef4-c66e-445f-ba22-66d061d877f9: start d9357ef4-c66e-445f-ba22-66d061d877f9@group-8638DF840944-LeaderElection81
2021-12-24 01:42:48,245 [8a31ae00-46ab-41b2-9095-3fe81d608acd@group-8638DF840944-FollowerState] INFO  impl.FollowerState (FollowerState.java:run(134)) - 8a31ae00-46ab-41b2-9095-3fe81d608acd@group-8638DF840944-FollowerState: change to CANDIDATE, lastRpcElapsedTime:5091927442ns, electionTimeout:5090ms
2021-12-24 01:42:48,246 [8a31ae00-46ab-41b2-9095-3fe81d608acd@group-8638DF840944-FollowerState] INFO  impl.RoleInfo (RoleInfo.java:shutdownFollowerState(108)) - 8a31ae00-46ab-41b2-9095-3fe81d608acd: shutdown 8a31ae00-46ab-41b2-9095-3fe81d608acd@group-8638DF840944-FollowerState
2021-12-24 01:42:48,246 [8a31ae00-46ab-41b2-9095-3fe81d608acd@group-8638DF840944-FollowerState] INFO  server.RaftServer$Division (RaftServerImpl.java:setRole(290)) - 8a31ae00-46ab-41b2-9095-3fe81d608acd@group-8638DF840944: changes role from  FOLLOWER to CANDIDATE at term 5 for changeToCandidate
2021-12-24 01:42:48,246 [8a31ae00-46ab-41b2-9095-3fe81d608acd@group-8638DF840944-FollowerState] INFO  server.RaftServerConfigKeys (ConfUtils.java:logGet(44)) - raft.server.leaderelection.pre-vote = false (custom)
2021-12-24 01:42:48,246 [8a31ae00-46ab-41b2-9095-3fe81d608acd@group-8638DF840944-FollowerState] INFO  impl.RoleInfo (RoleInfo.java:updateAndGet(130)) - 8a31ae00-46ab-41b2-9095-3fe81d608acd: start 8a31ae00-46ab-41b2-9095-3fe81d608acd@group-8638DF840944-LeaderElection82
2021-12-24 01:42:48,251 [d9357ef4-c66e-445f-ba22-66d061d877f9@group-8638DF840944-LeaderElection81] INFO  impl.LeaderElection (LeaderElection.java:askForVotes(306)) - d9357ef4-c66e-445f-ba22-66d061d877f9@group-8638DF840944-LeaderElection81 ELECTION round 0: submit vote requests at term 6 for -1: [dd75dce5-e290-4f16-9ffb-4c947a2969aa|rpc:10.1.0.29:43525|dataStream:|priority:0, d9357ef4-c66e-445f-ba22-66d061d877f9|rpc:10.1.0.29:39385|dataStream:|priority:0, 8a31ae00-46ab-41b2-9095-3fe81d608acd|rpc:10.1.0.29:35241|dataStream:|priority:1], old=null
2021-12-24 01:42:48,300 [8a31ae00-46ab-41b2-9095-3fe81d608acd@group-8638DF840944-LeaderElection82] INFO  impl.LeaderElection (LeaderElection.java:askForVotes(306)) - 8a31ae00-46ab-41b2-9095-3fe81d608acd@group-8638DF840944-LeaderElection82 ELECTION round 0: submit vote requests at term 6 for -1: [dd75dce5-e290-4f16-9ffb-4c947a2969aa|rpc:10.1.0.29:43525|priority:0, d9357ef4-c66e-445f-ba22-66d061d877f9|rpc:10.1.0.29:39385|priority:0, 8a31ae00-46ab-41b2-9095-3fe81d608acd|rpc:10.1.0.29:35241|priority:1], old=null
2021-12-24 01:42:48,317 [grpc-default-executor-1] INFO  server.RaftServer$Division (RaftServerImpl.java:requestVote(1046)) - 8a31ae00-46ab-41b2-9095-3fe81d608acd@group-8638DF840944: receive requestVote(ELECTION, d9357ef4-c66e-445f-ba22-66d061d877f9, group-8638DF840944, 6, (t:0, i:0))
2021-12-24 01:42:48,317 [grpc-default-executor-1] INFO  impl.VoteContext (VoteContext.java:log(48)) - 8a31ae00-46ab-41b2-9095-3fe81d608acd@group-8638DF840944-CANDIDATE: reject ELECTION from d9357ef4-c66e-445f-ba22-66d061d877f9: already has voted for 8a31ae00-46ab-41b2-9095-3fe81d608acd at current term 6
2021-12-24 01:42:48,317 [grpc-default-executor-1] INFO  server.RaftServer$Division (RaftServerImpl.java:requestVote(1078)) - 8a31ae00-46ab-41b2-9095-3fe81d608acd@group-8638DF840944 replies to ELECTION vote request: d9357ef4-c66e-445f-ba22-66d061d877f9<-8a31ae00-46ab-41b2-9095-3fe81d608acd#0:FAIL-t6. Peer's state: 8a31ae00-46ab-41b2-9095-3fe81d608acd@group-8638DF840944:t6, leader=null, voted=8a31ae00-46ab-41b2-9095-3fe81d608acd, raftlog=8a31ae00-46ab-41b2-9095-3fe81d608acd@group-8638DF840944-SegmentedRaftLog:OPENED:c-1, conf=-1: [dd75dce5-e290-4f16-9ffb-4c947a2969aa|rpc:10.1.0.29:43525|priority:0, d9357ef4-c66e-445f-ba22-66d061d877f9|rpc:10.1.0.29:39385|priority:0, 8a31ae00-46ab-41b2-9095-3fe81d608acd|rpc:10.1.0.29:35241|priority:1], old=null
2021-12-24 01:42:48,325 [grpc-default-executor-1] INFO  server.RaftServer$Division (RaftServerImpl.java:requestVote(1046)) - dd75dce5-e290-4f16-9ffb-4c947a2969aa@group-8638DF840944: receive requestVote(ELECTION, d9357ef4-c66e-445f-ba22-66d061d877f9, group-8638DF840944, 6, (t:0, i:0))
2021-12-24 01:42:48,325 [grpc-default-executor-1] INFO  impl.VoteContext (VoteContext.java:log(48)) - dd75dce5-e290-4f16-9ffb-4c947a2969aa@group-8638DF840944-FOLLOWER: accept ELECTION from d9357ef4-c66e-445f-ba22-66d061d877f9: our priority 0 <= candidate's priority 0
2021-12-24 01:42:48,325 [grpc-default-executor-1] INFO  server.RaftServer$Division (RaftServerImpl.java:setRole(290)) - dd75dce5-e290-4f16-9ffb-4c947a2969aa@group-8638DF840944: changes role from  FOLLOWER to FOLLOWER at term 6 for candidate:d9357ef4-c66e-445f-ba22-66d061d877f9
2021-12-24 01:42:48,325 [grpc-default-executor-1] INFO  impl.RoleInfo (RoleInfo.java:shutdownFollowerState(108)) - dd75dce5-e290-4f16-9ffb-4c947a2969aa: shutdown dd75dce5-e290-4f16-9ffb-4c947a2969aa@group-8638DF840944-FollowerState
2021-12-24 01:42:48,335 [grpc-default-executor-1] INFO  impl.RoleInfo (RoleInfo.java:updateAndGet(130)) - dd75dce5-e290-4f16-9ffb-4c947a2969aa: start dd75dce5-e290-4f16-9ffb-4c947a2969aa@group-8638DF840944-FollowerState
2021-12-24 01:42:48,335 [dd75dce5-e290-4f16-9ffb-4c947a2969aa@group-8638DF840944-FollowerState] INFO  impl.FollowerState (FollowerState.java:run(143)) - dd75dce5-e290-4f16-9ffb-4c947a2969aa@group-8638DF840944-FollowerState was interrupted: {}
java.lang.InterruptedException: sleep interrupted
	at java.lang.Thread.sleep(Native Method)
	at java.lang.Thread.sleep(Thread.java:340)
	at java.util.concurrent.TimeUnit.sleep(TimeUnit.java:386)
	at org.apache.ratis.util.TimeDuration.sleep(TimeDuration.java:324)
	at org.apache.ratis.util.TimeDuration.sleep(TimeDuration.java:309)
	at org.apache.ratis.server.impl.FollowerState.run(FollowerState.java:118)
2021-12-24 01:42:48,343 [grpc-default-executor-0] INFO  server.RaftServer$Division (RaftServerImpl.java:requestVote(1046)) - dd75dce5-e290-4f16-9ffb-4c947a2969aa@group-8638DF840944: receive requestVote(ELECTION, 8a31ae00-46ab-41b2-9095-3fe81d608acd, group-8638DF840944, 6, (t:0, i:0))
2021-12-24 01:42:48,350 [d9357ef4-c66e-445f-ba22-66d061d877f9@group-8638DF840944-LeaderElection81] INFO  impl.LeaderElection (LeaderElection.java:logAndReturn(89)) - d9357ef4-c66e-445f-ba22-66d061d877f9@group-8638DF840944-LeaderElection81: ELECTION REJECTED received 1 response(s) and 0 exception(s):
2021-12-24 01:42:48,350 [d9357ef4-c66e-445f-ba22-66d061d877f9@group-8638DF840944-LeaderElection81] INFO  impl.LeaderElection (LeaderElection.java:logAndReturn(93)) -   Response 0: d9357ef4-c66e-445f-ba22-66d061d877f9<-8a31ae00-46ab-41b2-9095-3fe81d608acd#0:FAIL-t6
2021-12-24 01:42:48,351 [d9357ef4-c66e-445f-ba22-66d061d877f9@group-8638DF840944-LeaderElection81] INFO  impl.LeaderElection (LeaderElection.java:askForVotes(308)) - d9357ef4-c66e-445f-ba22-66d061d877f9@group-8638DF840944-LeaderElection81 ELECTION round 0: result REJECTED
2021-12-24 01:42:48,351 [d9357ef4-c66e-445f-ba22-66d061d877f9@group-8638DF840944-LeaderElection81] INFO  server.RaftServer$Division (RaftServerImpl.java:setRole(290)) - d9357ef4-c66e-445f-ba22-66d061d877f9@group-8638DF840944: changes role from CANDIDATE to FOLLOWER at term 6 for REJECTED
2021-12-24 01:42:48,351 [d9357ef4-c66e-445f-ba22-66d061d877f9@group-8638DF840944-LeaderElection81] INFO  impl.RoleInfo (RoleInfo.java:shutdownLeaderElection(121)) - d9357ef4-c66e-445f-ba22-66d061d877f9: shutdown d9357ef4-c66e-445f-ba22-66d061d877f9@group-8638DF840944-LeaderElection81
2021-12-24 01:42:48,351 [d9357ef4-c66e-445f-ba22-66d061d877f9@group-8638DF840944-LeaderElection81] INFO  impl.RoleInfo (RoleInfo.java:updateAndGet(130)) - d9357ef4-c66e-445f-ba22-66d061d877f9: start d9357ef4-c66e-445f-ba22-66d061d877f9@group-8638DF840944-FollowerState
2021-12-24 01:42:48,353 [grpc-default-executor-2] INFO  server.RaftServer$Division (RaftServerImpl.java:requestVote(1046)) - d9357ef4-c66e-445f-ba22-66d061d877f9@group-8638DF840944: receive requestVote(ELECTION, 8a31ae00-46ab-41b2-9095-3fe81d608acd, group-8638DF840944, 6, (t:0, i:0))
2021-12-24 01:42:48,362 [grpc-default-executor-2] INFO  impl.VoteContext (VoteContext.java:log(48)) - d9357ef4-c66e-445f-ba22-66d061d877f9@group-8638DF840944-FOLLOWER: reject ELECTION from 8a31ae00-46ab-41b2-9095-3fe81d608acd: already has voted for d9357ef4-c66e-445f-ba22-66d061d877f9 at current term 6
2021-12-24 01:42:48,362 [grpc-default-executor-2] INFO  server.RaftServer$Division (RaftServerImpl.java:requestVote(1078)) - d9357ef4-c66e-445f-ba22-66d061d877f9@group-8638DF840944 replies to ELECTION vote request: 8a31ae00-46ab-41b2-9095-3fe81d608acd<-d9357ef4-c66e-445f-ba22-66d061d877f9#0:FAIL-t6. Peer's state: d9357ef4-c66e-445f-ba22-66d061d877f9@group-8638DF840944:t6, leader=null, voted=d9357ef4-c66e-445f-ba22-66d061d877f9, raftlog=d9357ef4-c66e-445f-ba22-66d061d877f9@group-8638DF840944-SegmentedRaftLog:OPENED:c-1, conf=-1: [dd75dce5-e290-4f16-9ffb-4c947a2969aa|rpc:10.1.0.29:43525|dataStream:|priority:0, d9357ef4-c66e-445f-ba22-66d061d877f9|rpc:10.1.0.29:39385|dataStream:|priority:0, 8a31ae00-46ab-41b2-9095-3fe81d608acd|rpc:10.1.0.29:35241|dataStream:|priority:1], old=null
2021-12-24 01:42:48,378 [grpc-default-executor-1] INFO  server.RaftServer$Division (RaftServerImpl.java:requestVote(1078)) - dd75dce5-e290-4f16-9ffb-4c947a2969aa@group-8638DF840944 replies to ELECTION vote request: d9357ef4-c66e-445f-ba22-66d061d877f9<-dd75dce5-e290-4f16-9ffb-4c947a2969aa#0:OK-t6. Peer's state: dd75dce5-e290-4f16-9ffb-4c947a2969aa@group-8638DF840944:t6, leader=null, voted=d9357ef4-c66e-445f-ba22-66d061d877f9, raftlog=dd75dce5-e290-4f16-9ffb-4c947a2969aa@group-8638DF840944-SegmentedRaftLog:OPENED:c-1, conf=-1: [dd75dce5-e290-4f16-9ffb-4c947a2969aa|rpc:10.1.0.29:43525|priority:0, d9357ef4-c66e-445f-ba22-66d061d877f9|rpc:10.1.0.29:39385|priority:0, 8a31ae00-46ab-41b2-9095-3fe81d608acd|rpc:10.1.0.29:35241|priority:1], old=null
2021-12-24 01:42:48,380 [grpc-default-executor-0] INFO  impl.VoteContext (VoteContext.java:log(48)) - dd75dce5-e290-4f16-9ffb-4c947a2969aa@group-8638DF840944-FOLLOWER: reject ELECTION from 8a31ae00-46ab-41b2-9095-3fe81d608acd: already has voted for d9357ef4-c66e-445f-ba22-66d061d877f9 at current term 6
2021-12-24 01:42:48,380 [grpc-default-executor-0] INFO  server.RaftServer$Division (RaftServerImpl.java:requestVote(1078)) - dd75dce5-e290-4f16-9ffb-4c947a2969aa@group-8638DF840944 replies to ELECTION vote request: 8a31ae00-46ab-41b2-9095-3fe81d608acd<-dd75dce5-e290-4f16-9ffb-4c947a2969aa#0:FAIL-t6. Peer's state: dd75dce5-e290-4f16-9ffb-4c947a2969aa@group-8638DF840944:t6, leader=null, voted=d9357ef4-c66e-445f-ba22-66d061d877f9, raftlog=dd75dce5-e290-4f16-9ffb-4c947a2969aa@group-8638DF840944-SegmentedRaftLog:OPENED:c-1, conf=-1: [dd75dce5-e290-4f16-9ffb-4c947a2969aa|rpc:10.1.0.29:43525|priority:0, d9357ef4-c66e-445f-ba22-66d061d877f9|rpc:10.1.0.29:39385|priority:0, 8a31ae00-46ab-41b2-9095-3fe81d608acd|rpc:10.1.0.29:35241|priority:1], old=null
2021-12-24 01:42:48,386 [8a31ae00-46ab-41b2-9095-3fe81d608acd@group-8638DF840944-LeaderElection82] INFO  impl.LeaderElection (LeaderElection.java:logAndReturn(89)) - 8a31ae00-46ab-41b2-9095-3fe81d608acd@group-8638DF840944-LeaderElection82: ELECTION REJECTED received 2 response(s) and 0 exception(s):
2021-12-24 01:42:48,386 [8a31ae00-46ab-41b2-9095-3fe81d608acd@group-8638DF840944-LeaderElection82] INFO  impl.LeaderElection (LeaderElection.java:logAndReturn(93)) -   Response 0: 8a31ae00-46ab-41b2-9095-3fe81d608acd<-dd75dce5-e290-4f16-9ffb-4c947a2969aa#0:FAIL-t6
2021-12-24 01:42:48,386 [8a31ae00-46ab-41b2-9095-3fe81d608acd@group-8638DF840944-LeaderElection82] INFO  impl.LeaderElection (LeaderElection.java:logAndReturn(93)) -   Response 1: 8a31ae00-46ab-41b2-9095-3fe81d608acd<-d9357ef4-c66e-445f-ba22-66d061d877f9#0:FAIL-t6
2021-12-24 01:42:48,386 [8a31ae00-46ab-41b2-9095-3fe81d608acd@group-8638DF840944-LeaderElection82] INFO  impl.LeaderElection (LeaderElection.java:askForVotes(308)) - 8a31ae00-46ab-41b2-9095-3fe81d608acd@group-8638DF840944-LeaderElection82 ELECTION round 0: result REJECTED
2021-12-24 01:42:48,386 [8a31ae00-46ab-41b2-9095-3fe81d608acd@group-8638DF840944-LeaderElection82] INFO  server.RaftServer$Division (RaftServerImpl.java:setRole(290)) - 8a31ae00-46ab-41b2-9095-3fe81d608acd@group-8638DF840944: changes role from CANDIDATE to FOLLOWER at term 6 for REJECTED
2021-12-24 01:42:48,386 [8a31ae00-46ab-41b2-9095-3fe81d608acd@group-8638DF840944-LeaderElection82] INFO  impl.RoleInfo (RoleInfo.java:shutdownLeaderElection(121)) - 8a31ae00-46ab-41b2-9095-3fe81d608acd: shutdown 8a31ae00-46ab-41b2-9095-3fe81d608acd@group-8638DF840944-LeaderElection82
2021-12-24 01:42:48,386 [8a31ae00-46ab-41b2-9095-3fe81d608acd@group-8638DF840944-LeaderElection82] INFO  impl.RoleInfo (RoleInfo.java:updateAndGet(130)) - 8a31ae00-46ab-41b2-9095-3fe81d608acd: start 8a31ae00-46ab-41b2-9095-3fe81d608acd@group-8638DF840944-FollowerState
2021-12-24 01:42:49,051 [Listener at 127.0.0.1/42107] INFO  ozone.MiniOzoneClusterImpl (MiniOzoneClusterImpl.java:lambda$waitForClusterToBeReady$0(235)) - Nodes are ready. Got 3 of 3 DN Heartbeats.
2021-12-24 01:42:49,051 [Listener at 127.0.0.1/42107] INFO  ozone.MiniOzoneClusterImpl (MiniOzoneClusterImpl.java:lambda$waitForClusterToBeReady$0(238)) - Cluster exits safe mode
2021-12-24 01:42:49,052 [Listener at 127.0.0.1/42107] INFO  ozone.MiniOzoneClusterImpl (MiniOzoneClusterImpl.java:lambda$waitForClusterToBeReady$0(240)) - SCM became leader
2021-12-24 01:42:49,113 [Listener at 127.0.0.1/42107] INFO  rpc.RpcClient (RpcClient.java:createVolume(389)) - Creating Volume: volume86792, with user82371 as owner and space quota set to -1 bytes, counts quota set to -1
2021-12-24 01:42:49,124 [IPC Server handler 19 on default port 42107] INFO  volume.OMVolumeCreateRequest (OMVolumeCreateRequest.java:validateAndUpdateCache(195)) - created volume:volume86792 for user:user82371
2021-12-24 01:42:49,183 [Listener at 127.0.0.1/42107] INFO  rpc.RpcClient (RpcClient.java:createBucket(552)) - Creating Bucket: volume86792/bucket27625, with runner as owner and Versioning false and Storage Type set to DISK and Encryption set to false 
]]></system-out>
    <system-err><![CDATA[Exception in thread "Trash Emptier" java.lang.UnsupportedOperationException: fs.getUri() not implemented in TrashOzoneFileSystem
	at org.apache.hadoop.ozone.om.TrashOzoneFileSystem.getUri(TrashOzoneFileSystem.java:124)
	at org.apache.hadoop.fs.FileSystem.close(FileSystem.java:2592)
	at org.apache.hadoop.ozone.om.TrashPolicyOzone$Emptier.run(TrashPolicyOzone.java:243)
	at java.lang.Thread.run(Thread.java:748)
]]></system-err>
  </testcase>
  <testcase name="testRenameFile[4]" classname="org.apache.hadoop.fs.ozone.TestRootedOzoneFileSystem" time="0.189"/>
  <testcase name="testListStatusRootAndVolumeRecursive[4]" classname="org.apache.hadoop.fs.ozone.TestRootedOzoneFileSystem" time="1.17"/>
  <testcase name="testTempMount[4]" classname="org.apache.hadoop.fs.ozone.TestRootedOzoneFileSystem" time="0.295"/>
  <testcase name="testListStatusRootAndVolumeNonRecursive[4]" classname="org.apache.hadoop.fs.ozone.TestRootedOzoneFileSystem" time="0.483"/>
  <testcase name="testDeleteVolumeAndBucket[4]" classname="org.apache.hadoop.fs.ozone.TestRootedOzoneFileSystem" time="0.058"/>
  <testcase name="testRenameDirToItsOwnSubDir[4]" classname="org.apache.hadoop.fs.ozone.TestRootedOzoneFileSystem" time="0.026"/>
  <testcase name="testOzoneFsServiceLoader[4]" classname="org.apache.hadoop.fs.ozone.TestRootedOzoneFileSystem" time="0.064"/>
  <testcase name="testTrash[4]" classname="org.apache.hadoop.fs.ozone.TestRootedOzoneFileSystem" time="0">
    <skipped/>
  </testcase>
  <testcase name="testRenameDestinationParentDoesntExist[4]" classname="org.apache.hadoop.fs.ozone.TestRootedOzoneFileSystem" time="0.049"/>
  <testcase name="testGetFileStatusRoot[4]" classname="org.apache.hadoop.fs.ozone.TestRootedOzoneFileSystem" time="0.019"/>
  <testcase name="testCreateWithInvalidPaths[4]" classname="org.apache.hadoop.fs.ozone.TestRootedOzoneFileSystem" time="0.052"/>
  <testcase name="testDeleteEmptyVolume[4]" classname="org.apache.hadoop.fs.ozone.TestRootedOzoneFileSystem" time="0.016"/>
  <testcase name="testListStatusRootAndVolumeContinuation[4]" classname="org.apache.hadoop.fs.ozone.TestRootedOzoneFileSystem" time="1.32"/>
  <testcase name="testDeleteVolumeBucketAndKey[4]" classname="org.apache.hadoop.fs.ozone.TestRootedOzoneFileSystem" time="0.133"/>
  <testcase name="testRenameToParentDir[4]" classname="org.apache.hadoop.fs.ozone.TestRootedOzoneFileSystem" time="0.124"/>
  <testcase name="testMkdirNonExistentVolumeBucket[4]" classname="org.apache.hadoop.fs.ozone.TestRootedOzoneFileSystem" time="0.022"/>
  <testcase name="testFailToDeleteRoot[4]" classname="org.apache.hadoop.fs.ozone.TestRootedOzoneFileSystem" time="0.003"/>
  <testcase name="testListStatusOnSubDirs[4]" classname="org.apache.hadoop.fs.ozone.TestRootedOzoneFileSystem" time="0.069"/>
  <testcase name="testListStatus[4]" classname="org.apache.hadoop.fs.ozone.TestRootedOzoneFileSystem" time="0.089"/>
  <testcase name="testGetTrashRoots[4]" classname="org.apache.hadoop.fs.ozone.TestRootedOzoneFileSystem" time="0.987"/>
  <testcase name="testCreateDoesNotAddParentDirKeys[4]" classname="org.apache.hadoop.fs.ozone.TestRootedOzoneFileSystem" time="0.225"/>
  <testcase name="testMkdirNonExistentVolume[4]" classname="org.apache.hadoop.fs.ozone.TestRootedOzoneFileSystem" time="0.047"/>
  <testcase name="testDeleteCreatesFakeParentDir[4]" classname="org.apache.hadoop.fs.ozone.TestRootedOzoneFileSystem" time="0.203"/>
  <testcase name="testNonExplicitlyCreatedPathExistsAfterItsLeafsWereRemoved[4]" classname="org.apache.hadoop.fs.ozone.TestRootedOzoneFileSystem" time="0.059"/>
  <testcase name="testFileDelete[4]" classname="org.apache.hadoop.fs.ozone.TestRootedOzoneFileSystem" time="0.215"/>
  <testcase name="testRenameToTrashEnabled[4]" classname="org.apache.hadoop.fs.ozone.TestRootedOzoneFileSystem" time="0.276"/>
  <testcase name="testMkdirOnNonExistentVolumeBucketDir[4]" classname="org.apache.hadoop.fs.ozone.TestRootedOzoneFileSystem" time="0.097"/>
  <testcase name="testListStatusOnLargeDirectory[4]" classname="org.apache.hadoop.fs.ozone.TestRootedOzoneFileSystem" time="19.518"/>
  <testcase name="testRenameToDifferentBucket[4]" classname="org.apache.hadoop.fs.ozone.TestRootedOzoneFileSystem" time="0.099"/>
  <testcase name="testListStatusInBucket[4]" classname="org.apache.hadoop.fs.ozone.TestRootedOzoneFileSystem" time="0.006"/>
  <testcase name="testRenameFileToDir[4]" classname="org.apache.hadoop.fs.ozone.TestRootedOzoneFileSystem" time="0.07"/>
</testsuite>